LUA_PATH=/home/mdcallag/git/mytools/bench/sysbench.lua/lua/?.lua /home/mdcallag/git/mytools/bench/sysbench.lua/lua/sysbench --db-driver=pgsql --range-size=1000 --table-size=10000000 --tables=8 --threads=40 --events=0 --warmup-time=5 --time=630 --pgsql_conn_id=true /home/mdcallag/git/mytools/bench/sysbench.lua/lua/oltp_read_only.lua run --pgsql-user=root --pgsql-password=pw --pgsql-host=127.0.0.1 --pgsql-db=ib --rand-type=uniform --simple-ranges=0 --sum-ranges=1 --order-ranges=0 --distinct-ranges=0
48 CPUs
sysbench 1.1.0-9072687 (using bundled LuaJIT 2.1.0-beta3)

Running the test with following options:
Number of threads: 40
Warmup time: 5s
Initializing random number generator from current time


Initializing worker threads...

explain: for point_selects :: explain SELECT c FROM sbtest%u WHERE id=%u
explain: for point_selects :: explain SELECT c FROM sbtest%u WHERE id=%u
for point_selects
table 1 : explain SELECT c FROM sbtest1 WHERE id=2835193
	Index Scan using sbtest1_pkey on sbtest1  (cost=0.43..8.45 rows=1 width=121)
	  Index Cond: (id = 2835193)

table 2 : explain SELECT c FROM sbtest2 WHERE id=7799047
	Index Scan using sbtest2_pkey on sbtest2  (cost=0.43..8.45 rows=1 width=121)
	  Index Cond: (id = 7799047)

table 3 : explain SELECT c FROM sbtest3 WHERE id=1150457
	Index Scan using sbtest3_pkey on sbtest3  (cost=0.43..8.45 rows=1 width=121)
	  Index Cond: (id = 1150457)

table 4 : explain SELECT c FROM sbtest4 WHERE id=3202302
	Index Scan using sbtest4_pkey on sbtest4  (cost=0.43..8.45 rows=1 width=121)
	  Index Cond: (id = 3202302)

table 5 : explain SELECT c FROM sbtest5 WHERE id=5033000
	Index Scan using sbtest5_pkey on sbtest5  (cost=0.43..8.45 rows=1 width=121)
	  Index Cond: (id = 5033000)

table 6 : explain SELECT c FROM sbtest6 WHERE id=5532192
	Index Scan using sbtest6_pkey on sbtest6  (cost=0.43..8.45 rows=1 width=121)
	  Index Cond: (id = 5532192)

table 7 : explain SELECT c FROM sbtest7 WHERE id=7049421
	Index Scan using sbtest7_pkey on sbtest7  (cost=0.43..8.45 rows=1 width=121)
	  Index Cond: (id = 7049421)

table 8 : explain SELECT c FROM sbtest8 WHERE id=2100294
	Index Scan using sbtest8_pkey on sbtest8  (cost=0.43..8.45 rows=1 width=121)
	  Index Cond: (id = 2100294)

for: simple_ranges
table 1 : explain SELECT c FROM sbtest1 WHERE id BETWEEN 1776048 AND 1777047
	Bitmap Heap Scan on sbtest1  (cost=30.07..3648.56 rows=940 width=121)
	  Recheck Cond: ((id >= 1776048) AND (id <= 1777047))
	  ->  Bitmap Index Scan on sbtest1_pkey  (cost=0.00..29.83 rows=940 width=0)
	        Index Cond: ((id >= 1776048) AND (id <= 1777047))

table 2 : explain SELECT c FROM sbtest2 WHERE id BETWEEN 3930191 AND 3931190
	Bitmap Heap Scan on sbtest2  (cost=35.51..4179.24 rows=1080 width=121)
	  Recheck Cond: ((id >= 3930191) AND (id <= 3931190))
	  ->  Bitmap Index Scan on sbtest2_pkey  (cost=0.00..35.23 rows=1080 width=0)
	        Index Cond: ((id >= 3930191) AND (id <= 3931190))

table 3 : explain SELECT c FROM sbtest3 WHERE id BETWEEN 844278 AND 845277
	Bitmap Heap Scan on sbtest3  (cost=29.82..3554.94 rows=916 width=121)
	  Recheck Cond: ((id >= 844278) AND (id <= 845277))
	  ->  Bitmap Index Scan on sbtest3_pkey  (cost=0.00..29.59 rows=916 width=0)
	        Index Cond: ((id >= 844278) AND (id <= 845277))

table 4 : explain SELECT c FROM sbtest4 WHERE id BETWEEN 5382672 AND 5383671
	Bitmap Heap Scan on sbtest4  (cost=30.45..3786.91 rows=977 width=121)
	  Recheck Cond: ((id >= 5382672) AND (id <= 5383671))
	  ->  Bitmap Index Scan on sbtest4_pkey  (cost=0.00..30.20 rows=977 width=0)
	        Index Cond: ((id >= 5382672) AND (id <= 5383671))

table 5 : explain SELECT c FROM sbtest5 WHERE id BETWEEN 4101493 AND 4102492
	Bitmap Heap Scan on sbtest5  (cost=30.38..3760.76 rows=970 width=121)
	  Recheck Cond: ((id >= 4101493) AND (id <= 4102492))
	  ->  Bitmap Index Scan on sbtest5_pkey  (cost=0.00..30.14 rows=970 width=0)
	        Index Cond: ((id >= 4101493) AND (id <= 4102492))

table 6 : explain SELECT c FROM sbtest6 WHERE id BETWEEN 5281125 AND 5282124
	Bitmap Heap Scan on sbtest6  (cost=30.27..3722.50 rows=960 width=121)
	  Recheck Cond: ((id >= 5281125) AND (id <= 5282124))
	  ->  Bitmap Index Scan on sbtest6_pkey  (cost=0.00..30.04 rows=960 width=0)
	        Index Cond: ((id >= 5281125) AND (id <= 5282124))

table 7 : explain SELECT c FROM sbtest7 WHERE id BETWEEN 6674860 AND 6675859
	Bitmap Heap Scan on sbtest7  (cost=30.68..3871.61 rows=1000 width=121)
	  Recheck Cond: ((id >= 6674860) AND (id <= 6675859))
	  ->  Bitmap Index Scan on sbtest7_pkey  (cost=0.00..30.43 rows=1000 width=0)
	        Index Cond: ((id >= 6674860) AND (id <= 6675859))

table 8 : explain SELECT c FROM sbtest8 WHERE id BETWEEN 5718922 AND 5719921
	Bitmap Heap Scan on sbtest8  (cost=30.95..3972.10 rows=1026 width=121)
	  Recheck Cond: ((id >= 5718922) AND (id <= 5719921))
	  ->  Bitmap Index Scan on sbtest8_pkey  (cost=0.00..30.69 rows=1026 width=0)
	        Index Cond: ((id >= 5718922) AND (id <= 5719921))

explain: for point_selects :: explain SELECT c FROM sbtest%u WHERE id=%u
for: sum_ranges
table 1 : explain SELECT SUM(k) FROM sbtest1 WHERE id BETWEEN 8186061 AND 8187060
	Aggregate  (cost=4111.81..4111.82 rows=1 width=8)
	  ->  Bitmap Heap Scan on sbtest1  (cost=31.32..4109.15 rows=1062 width=4)
	        Recheck Cond: ((id >= 8186061) AND (id <= 8187060))
	        ->  Bitmap Index Scan on sbtest1_pkey  (cost=0.00..31.05 rows=1062 width=0)
	              Index Cond: ((id >= 8186061) AND (id <= 8187060))

table 2 : explain SELECT SUM(k) FROM sbtest2 WHERE id BETWEEN 9798510 AND 9799509
	Aggregate  (cost=3706.25..3706.26 rows=1 width=8)
	  ->  Bitmap Heap Scan on sbtest2  (cost=30.22..3703.87 rows=955 width=4)
	        Recheck Cond: ((id >= 9798510) AND (id <= 9799509))
	        ->  Bitmap Index Scan on sbtest2_pkey  (cost=0.00..29.98 rows=955 width=0)
	              Index Cond: ((id >= 9798510) AND (id <= 9799509))

table 3 : explain SELECT SUM(k) FROM sbtest3 WHERE id BETWEEN 645282 AND 646281
	Aggregate  (cost=3678.25..3678.26 rows=1 width=8)
	  ->  Bitmap Heap Scan on sbtest3  (cost=30.15..3675.88 rows=948 width=4)
	        Recheck Cond: ((id >= 645282) AND (id <= 646281))
	        ->  Bitmap Index Scan on sbtest3_pkey  (cost=0.00..29.91 rows=948 width=0)
	              Index Cond: ((id >= 645282) AND (id <= 646281))

table 4 : explain SELECT SUM(k) FROM sbtest4 WHERE id BETWEEN 9248239 AND 9249238
	Aggregate  (cost=4079.93..4079.94 rows=1 width=8)
	  ->  Bitmap Heap Scan on sbtest4  (cost=31.24..4077.29 rows=1054 width=4)
	        Recheck Cond: ((id >= 9248239) AND (id <= 9249238))
	        ->  Bitmap Index Scan on sbtest4_pkey  (cost=0.00..30.97 rows=1054 width=0)
	              Index Cond: ((id >= 9248239) AND (id <= 9249238))

table 5 : explain SELECT SUM(k) FROM sbtest5 WHERE id BETWEEN 9015225 AND 9016224
	Aggregate  (cost=3891.63..3891.64 rows=1 width=8)
	  ->  Bitmap Heap Scan on sbtest5  (cost=30.73..3889.12 rows=1004 width=4)
	        Recheck Cond: ((id >= 9015225) AND (id <= 9016224))
	        ->  Bitmap Index Scan on sbtest5_pkey  (cost=0.00..30.47 rows=1004 width=0)
	              Index Cond: ((id >= 9015225) AND (id <= 9016224))

table 6 : explain SELECT SUM(k) FROM sbtest6 WHERE id BETWEEN 8909568 AND 8910567
	Aggregate  (cost=4211.74..4211.75 rows=1 width=8)
	  ->  Bitmap Heap Scan on sbtest6  (cost=35.59..4209.02 rows=1088 width=4)
	        Recheck Cond: ((id >= 8909568) AND (id <= 8910567))
	        ->  Bitmap Index Scan on sbtest6_pkey  (cost=0.00..35.32 rows=1088 width=0)
	              Index Cond: ((id >= 8909568) AND (id <= 8910567))

table 7 : explain SELECT SUM(k) FROM sbtest7 WHERE id BETWEEN 1521126 AND 1522125
	Aggregate  (cost=4187.02..4187.03 rows=1 width=8)
	  ->  Bitmap Heap Scan on sbtest7  (cost=35.53..4184.31 rows=1082 width=4)
	        Recheck Cond: ((id >= 1521126) AND (id <= 1522125))
	        ->  Bitmap Index Scan on sbtest7_pkey  (cost=0.00..35.26 rows=1082 width=0)
	              Index Cond: ((id >= 1521126) AND (id <= 1522125))

table 8 : explain SELECT SUM(k) FROM sbtest8 WHERE id BETWEEN 9916454 AND 9917453
	Aggregate  (cost=3680.01..3680.02 rows=1 width=8)
	  ->  Bitmap Heap Scan on sbtest8  (cost=30.15..3677.64 rows=948 width=4)
	        Recheck Cond: ((id >= 9916454) AND (id <= 9917453))
	        ->  Bitmap Index Scan on sbtest8_pkey  (cost=0.00..29.91 rows=948 width=0)
	              Index Cond: ((id >= 9916454) AND (id <= 9917453))

for point_selects
table 1 : explain SELECT c FROM sbtest1 WHERE id=3813441
	Index Scan using sbtest1_pkey on sbtest1  (cost=0.43..8.45 rows=1 width=121)
	  Index Cond: (id = 3813441)

table 2 : explain SELECT c FROM sbtest2 WHERE id=2028387
	Index Scan using sbtest2_pkey on sbtest2  (cost=0.43..8.45 rows=1 width=121)
	  Index Cond: (id = 2028387)

table 3 : explain SELECT c FROM sbtest3 WHERE id=2332362
	Index Scan using sbtest3_pkey on sbtest3  (cost=0.43..8.45 rows=1 width=121)
	  Index Cond: (id = 2332362)

table 4 : explain SELECT c FROM sbtest4 WHERE id=1138655
	Index Scan using sbtest4_pkey on sbtest4  (cost=0.43..8.45 rows=1 width=121)
	  Index Cond: (id = 1138655)

table 5 : explain SELECT c FROM sbtest5 WHERE id=9210462
	Index Scan using sbtest5_pkey on sbtest5  (cost=0.43..8.45 rows=1 width=121)
	  Index Cond: (id = 9210462)

table 6 : explain SELECT c FROM sbtest6 WHERE id=749157
	Index Scan using sbtest6_pkey on sbtest6  (cost=0.43..8.45 rows=1 width=121)
	  Index Cond: (id = 749157)

table 7 : explain SELECT c FROM sbtest7 WHERE id=3952705
	Index Scan using sbtest7_pkey on sbtest7  (cost=0.43..8.45 rows=1 width=121)
	  Index Cond: (id = 3952705)

table 8 : explain SELECT c FROM sbtest8 WHERE id=6939360
	Index Scan using sbtest8_pkey on sbtest8  (cost=0.43..8.45 rows=1 width=121)
	  Index Cond: (id = 6939360)

for: order_ranges
table 1 : explain SELECT c FROM sbtest1 WHERE id BETWEEN 6831305 AND 6832304 ORDER BY c
	Sort  (cost=3491.30..3493.52 rows=887 width=121)
	  Sort Key: c
	  ->  Bitmap Heap Scan on sbtest1  (cost=29.53..3447.87 rows=887 width=121)
	        Recheck Cond: ((id >= 6831305) AND (id <= 6832304))
	        ->  Bitmap Index Scan on sbtest1_pkey  (cost=0.00..29.30 rows=887 width=0)
	              Index Cond: ((id >= 6831305) AND (id <= 6832304))

table 2 : explain SELECT c FROM sbtest2 WHERE id BETWEEN 2793975 AND 2794974 ORDER BY c
	Sort  (cost=4095.85..4098.47 rows=1045 width=121)
	  Sort Key: c
	  ->  Bitmap Heap Scan on sbtest2  (cost=31.15..4043.45 rows=1045 width=121)
	        Recheck Cond: ((id >= 2793975) AND (id <= 2794974))
	        ->  Bitmap Index Scan on sbtest2_pkey  (cost=0.00..30.89 rows=1045 width=0)
	              Index Cond: ((id >= 2793975) AND (id <= 2794974))

table 3 : explain SELECT c FROM sbtest3 WHERE id BETWEEN 1737878 AND 1738877 ORDER BY c
	Sort  (cost=4373.00..4375.79 rows=1117 width=121)
	  Sort Key: c
	  ->  Bitmap Heap Scan on sbtest3  (cost=35.88..4316.45 rows=1117 width=121)
	        Recheck Cond: ((id >= 1737878) AND (id <= 1738877))
	        ->  Bitmap Index Scan on sbtest3_pkey  (cost=0.00..35.61 rows=1117 width=0)
	              Index Cond: ((id >= 1737878) AND (id <= 1738877))

table 4 : explain SELECT c FROM sbtest4 WHERE id BETWEEN 9846197 AND 9847196 ORDER BY c
	Sort  (cost=3885.25..3887.72 rows=990 width=121)
	  Sort Key: c
	  ->  Bitmap Heap Scan on sbtest4  (cost=30.58..3835.99 rows=990 width=121)
	        Recheck Cond: ((id >= 9846197) AND (id <= 9847196))
	        ->  Bitmap Index Scan on sbtest4_pkey  (cost=0.00..30.33 rows=990 width=0)
	              Index Cond: ((id >= 9846197) AND (id <= 9847196))

table 5 : explain SELECT c FROM sbtest5 WHERE id BETWEEN 599845 AND 600844 ORDER BY c
	Sort  (cost=3916.19..3918.69 rows=998 width=121)
	  Sort Key: c
	  ->  Bitmap Heap Scan on sbtest5  (cost=30.66..3866.48 rows=998 width=121)
	        Recheck Cond: ((id >= 599845) AND (id <= 600844))
	        ->  Bitmap Index Scan on sbtest5_pkey  (cost=0.00..30.41 rows=998 width=0)
	              Index Cond: ((id >= 599845) AND (id <= 600844))

table 6 : explain SELECT c FROM sbtest6 WHERE id BETWEEN 3120555 AND 3121554 ORDER BY c
	Sort  (cost=3674.15..3676.48 rows=935 width=121)
	  Sort Key: c
	  ->  Bitmap Heap Scan on sbtest6  (cost=30.02..3628.01 rows=935 width=121)
	        Recheck Cond: ((id >= 3120555) AND (id <= 3121554))
	        ->  Bitmap Index Scan on sbtest6_pkey  (cost=0.00..29.79 rows=935 width=0)
	              Index Cond: ((id >= 3120555) AND (id <= 3121554))

table 7 : explain SELECT c FROM sbtest7 WHERE id BETWEEN 5258313 AND 5259312 ORDER BY c
	Sort  (cost=3680.10..3682.44 rows=937 width=121)
	  Sort Key: c
	  ->  Bitmap Heap Scan on sbtest7  (cost=30.04..3633.85 rows=937 width=121)
	        Recheck Cond: ((id >= 5258313) AND (id <= 5259312))
	        ->  Bitmap Index Scan on sbtest7_pkey  (cost=0.00..29.80 rows=937 width=0)
	              Index Cond: ((id >= 5258313) AND (id <= 5259312))

table 8 : explain SELECT c FROM sbtest8 WHERE id BETWEEN 7364077 AND 7365076 ORDER BY c
	Sort  (cost=4264.50..4267.22 rows=1088 width=121)
	  Sort Key: c
	  ->  Bitmap Heap Scan on sbtest8  (cost=35.59..4209.62 rows=1088 width=121)
	        Recheck Cond: ((id >= 7364077) AND (id <= 7365076))
	        ->  Bitmap Index Scan on sbtest8_pkey  (cost=0.00..35.32 rows=1088 width=0)
	              Index Cond: ((id >= 7364077) AND (id <= 7365076))

explain: for point_selects :: explain SELECT c FROM sbtest%u WHERE id=%u
for point_selects
table 1 : explain SELECT c FROM sbtest1 WHERE id=1706563
	Index Scan using sbtest1_pkey on sbtest1  (cost=0.43..8.45 rows=1 width=121)
	  Index Cond: (id = 1706563)

table 2 : explain SELECT c FROM sbtest2 WHERE id=6153682
	Index Scan using sbtest2_pkey on sbtest2  (cost=0.43..8.45 rows=1 width=121)
	  Index Cond: (id = 6153682)

table 3 : explain SELECT c FROM sbtest3 WHERE id=323147
	Index Scan using sbtest3_pkey on sbtest3  (cost=0.43..8.45 rows=1 width=121)
	  Index Cond: (id = 323147)

table 4 : explain SELECT c FROM sbtest4 WHERE id=2325765
	Index Scan using sbtest4_pkey on sbtest4  (cost=0.43..8.45 rows=1 width=121)
	  Index Cond: (id = 2325765)

table 5 : explain SELECT c FROM sbtest5 WHERE id=3646834
	Index Scan using sbtest5_pkey on sbtest5  (cost=0.43..8.45 rows=1 width=121)
	  Index Cond: (id = 3646834)

table 6 : explain SELECT c FROM sbtest6 WHERE id=4359651
	Index Scan using sbtest6_pkey on sbtest6  (cost=0.43..8.45 rows=1 width=121)
	  Index Cond: (id = 4359651)

table 7 : explain SELECT c FROM sbtest7 WHERE id=8147931
	Index Scan using sbtest7_pkey on sbtest7  (cost=0.43..8.45 rows=1 width=121)
	  Index Cond: (id = 8147931)

table 8 : explain SELECT c FROM sbtest8 WHERE id=9353451
	Index Scan using sbtest8_pkey on sbtest8  (cost=0.43..8.45 rows=1 width=121)
	  Index Cond: (id = 9353451)

for: simple_ranges
table 1 : explain SELECT c FROM sbtest1 WHERE id BETWEEN 6199545 AND 6200544
	Bitmap Heap Scan on sbtest1  (cost=29.85..3569.09 rows=919 width=121)
	  Recheck Cond: ((id >= 6199545) AND (id <= 6200544))
	  ->  Bitmap Index Scan on sbtest1_pkey  (cost=0.00..29.62 rows=919 width=0)
	        Index Cond: ((id >= 6199545) AND (id <= 6200544))

table 2 : explain SELECT c FROM sbtest2 WHERE id BETWEEN 203944 AND 204943
	Bitmap Heap Scan on sbtest2  (cost=30.44..3783.19 rows=976 width=121)
	  Recheck Cond: ((id >= 203944) AND (id <= 204943))
	  ->  Bitmap Index Scan on sbtest2_pkey  (cost=0.00..30.19 rows=976 width=0)
	        Index Cond: ((id >= 203944) AND (id <= 204943))

table 3 : explain SELECT c FROM sbtest3 WHERE id BETWEEN 7744578 AND 7745577
	Bitmap Heap Scan on sbtest3  (cost=30.81..3917.37 rows=1012 width=121)
	  Recheck Cond: ((id >= 7744578) AND (id <= 7745577))
	  ->  Bitmap Index Scan on sbtest3_pkey  (cost=0.00..30.55 rows=1012 width=0)
	        Index Cond: ((id >= 7744578) AND (id <= 7745577))

table 4 : explain SELECT c FROM sbtest4 WHERE id BETWEEN 3480591 AND 3481590
	Bitmap Heap Scan on sbtest4  (cost=29.93..3594.17 rows=926 width=121)
	  Recheck Cond: ((id >= 3480591) AND (id <= 3481590))
	  ->  Bitmap Index Scan on sbtest4_pkey  (cost=0.00..29.69 rows=926 width=0)
	        Index Cond: ((id >= 3480591) AND (id <= 3481590))

table 5 : explain SELECT c FROM sbtest5 WHERE id BETWEEN 9326798 AND 9327797
	Bitmap Heap Scan on sbtest5  (cost=29.89..3579.30 rows=922 width=121)
	  Recheck Cond: ((id >= 9326798) AND (id <= 9327797))
	  ->  Bitmap Index Scan on sbtest5_pkey  (cost=0.00..29.65 rows=922 width=0)
	        Index Cond: ((id >= 9326798) AND (id <= 9327797))

table 6 : explain SELECT c FROM sbtest6 WHERE id BETWEEN 8099907 AND 8100906
	Bitmap Heap Scan on sbtest6  (cost=30.44..3782.92 rows=976 width=121)
	  Recheck Cond: ((id >= 8099907) AND (id <= 8100906))
	  ->  Bitmap Index Scan on sbtest6_pkey  (cost=0.00..30.19 rows=976 width=0)
	        Index Cond: ((id >= 8099907) AND (id <= 8100906))

table 7 : explain SELECT c FROM sbtest7 WHERE id BETWEEN 4101172 AND 4102171
	Bitmap Heap Scan on sbtest7  (cost=30.63..3852.76 rows=995 width=121)
	  Recheck Cond: ((id >= 4101172) AND (id <= 4102171))
	  ->  Bitmap Index Scan on sbtest7_pkey  (cost=0.00..30.39 rows=995 width=0)
	        Index Cond: ((id >= 4101172) AND (id <= 4102171))

table 8 : explain SELECT c FROM sbtest8 WHERE id BETWEEN 5136489 AND 5137488
	Bitmap Heap Scan on sbtest8  (cost=30.66..3866.48 rows=998 width=121)
	  Recheck Cond: ((id >= 5136489) AND (id <= 5137488))
	  ->  Bitmap Index Scan on sbtest8_pkey  (cost=0.00..30.41 rows=998 width=0)
	        Index Cond: ((id >= 5136489) AND (id <= 5137488))

for: simple_ranges
table 1 : explain SELECT c FROM sbtest1 WHERE id BETWEEN 815309 AND 816308
	Bitmap Heap Scan on sbtest1  (cost=30.71..3882.86 rows=1002 width=121)
	  Recheck Cond: ((id >= 815309) AND (id <= 816308))
	  ->  Bitmap Index Scan on sbtest1_pkey  (cost=0.00..30.45 rows=1002 width=0)
	        Index Cond: ((id >= 815309) AND (id <= 816308))

table 2 : explain SELECT c FROM sbtest2 WHERE id BETWEEN 7615570 AND 7616569
	Bitmap Heap Scan on sbtest2  (cost=35.42..4149.13 rows=1072 width=121)
	  Recheck Cond: ((id >= 7615570) AND (id <= 7616569))
	  ->  Bitmap Index Scan on sbtest2_pkey  (cost=0.00..35.16 rows=1072 width=0)
	        Index Cond: ((id >= 7615570) AND (id <= 7616569))

table 3 : explain SELECT c FROM sbtest3 WHERE id BETWEEN 696453 AND 697452
	Bitmap Heap Scan on sbtest3  (cost=30.53..3815.56 rows=985 width=121)
	  Recheck Cond: ((id >= 696453) AND (id <= 697452))
	  ->  Bitmap Index Scan on sbtest3_pkey  (cost=0.00..30.29 rows=985 width=0)
	        Index Cond: ((id >= 696453) AND (id <= 697452))

table 4 : explain SELECT c FROM sbtest4 WHERE id BETWEEN 4573856 AND 4574855
	Bitmap Heap Scan on sbtest4  (cost=29.72..3518.49 rows=906 width=121)
	  Recheck Cond: ((id >= 4573856) AND (id <= 4574855))
	  ->  Bitmap Index Scan on sbtest4_pkey  (cost=0.00..29.50 rows=906 width=0)
	        Index Cond: ((id >= 4573856) AND (id <= 4574855))

table 5 : explain SELECT c FROM sbtest5 WHERE id BETWEEN 3359128 AND 3360127
	Bitmap Heap Scan on sbtest5  (cost=30.39..3764.54 rows=971 width=121)
	  Recheck Cond: ((id >= 3359128) AND (id <= 3360127))
	  ->  Bitmap Index Scan on sbtest5_pkey  (cost=0.00..30.14 rows=971 width=0)
	        Index Cond: ((id >= 3359128) AND (id <= 3360127))

table 6 : explain SELECT c FROM sbtest6 WHERE id BETWEEN 4382451 AND 4383450
	Bitmap Heap Scan on sbtest6  (cost=29.93..3593.97 rows=926 width=121)
	  Recheck Cond: ((id >= 4382451) AND (id <= 4383450))
	  ->  Bitmap Index Scan on sbtest6_pkey  (cost=0.00..29.69 rows=926 width=0)
	        Index Cond: ((id >= 4382451) AND (id <= 4383450))

table 7 : explain SELECT c FROM sbtest7 WHERE id BETWEEN 9965867 AND 9966866
	Bitmap Heap Scan on sbtest7  (cost=30.85..3931.91 rows=1016 width=121)
	  Recheck Cond: ((id >= 9965867) AND (id <= 9966866))
	  ->  Bitmap Index Scan on sbtest7_pkey  (cost=0.00..30.59 rows=1016 width=0)
	        Index Cond: ((id >= 9965867) AND (id <= 9966866))

table 8 : explain SELECT c FROM sbtest8 WHERE id BETWEEN 4008966 AND 4009965
	Bitmap Heap Scan on sbtest8  (cost=30.92..3960.79 rows=1023 width=121)
	  Recheck Cond: ((id >= 4008966) AND (id <= 4009965))
	  ->  Bitmap Index Scan on sbtest8_pkey  (cost=0.00..30.66 rows=1023 width=0)
	        Index Cond: ((id >= 4008966) AND (id <= 4009965))

for point_selects
table 1 : explain SELECT c FROM sbtest1 WHERE id=5841324
	Index Scan using sbtest1_pkey on sbtest1  (cost=0.43..8.45 rows=1 width=121)
	  Index Cond: (id = 5841324)

table 2 : explain SELECT c FROM sbtest2 WHERE id=7194046
	Index Scan using sbtest2_pkey on sbtest2  (cost=0.43..8.45 rows=1 width=121)
	  Index Cond: (id = 7194046)

table 3 : explain SELECT c FROM sbtest3 WHERE id=3106537
	Index Scan using sbtest3_pkey on sbtest3  (cost=0.43..8.45 rows=1 width=121)
	  Index Cond: (id = 3106537)

table 4 : explain SELECT c FROM sbtest4 WHERE id=5636735
	Index Scan using sbtest4_pkey on sbtest4  (cost=0.43..8.45 rows=1 width=121)
	  Index Cond: (id = 5636735)

table 5 : explain SELECT c FROM sbtest5 WHERE id=9748456
	Index Scan using sbtest5_pkey on sbtest5  (cost=0.43..8.45 rows=1 width=121)
	  Index Cond: (id = 9748456)

table 6 : explain SELECT c FROM sbtest6 WHERE id=1710266
	Index Scan using sbtest6_pkey on sbtest6  (cost=0.43..8.45 rows=1 width=121)
	  Index Cond: (id = 1710266)

table 7 : explain SELECT c FROM sbtest7 WHERE id=9491147
	Index Scan using sbtest7_pkey on sbtest7  (cost=0.43..8.45 rows=1 width=121)
	  Index Cond: (id = 9491147)

table 8 : explain SELECT c FROM sbtest8 WHERE id=6786179
	Index Scan using sbtest8_pkey on sbtest8  (cost=0.43..8.45 rows=1 width=121)
	  Index Cond: (id = 6786179)

for: distinct_ranges
table 1 : explain SELECT DISTINCT c FROM sbtest1 WHERE id BETWEEN 8645670 AND 8646669 ORDER BY c
	Unique  (cost=3798.60..3803.44 rows=967 width=121)
	  ->  Sort  (cost=3798.60..3801.02 rows=967 width=121)
	        Sort Key: c
	        ->  Bitmap Heap Scan on sbtest1  (cost=30.35..3750.65 rows=967 width=121)
	              Recheck Cond: ((id >= 8645670) AND (id <= 8646669))
	              ->  Bitmap Index Scan on sbtest1_pkey  (cost=0.00..30.11 rows=967 width=0)
	                    Index Cond: ((id >= 8645670) AND (id <= 8646669))

table 2 : explain SELECT DISTINCT c FROM sbtest2 WHERE id BETWEEN 8157461 AND 8158460 ORDER BY c
	Unique  (cost=3716.61..3721.34 rows=946 width=121)
	  ->  Sort  (cost=3716.61..3718.97 rows=946 width=121)
	        Sort Key: c
	        ->  Bitmap Heap Scan on sbtest2  (cost=30.13..3669.85 rows=946 width=121)
	              Recheck Cond: ((id >= 8157461) AND (id <= 8158460))
	              ->  Bitmap Index Scan on sbtest2_pkey  (cost=0.00..29.89 rows=946 width=0)
	                    Index Cond: ((id >= 8157461) AND (id <= 8158460))

table 3 : explain SELECT DISTINCT c FROM sbtest3 WHERE id BETWEEN 3528091 AND 3529090 ORDER BY c
	Unique  (cost=3810.91..3815.76 rows=971 width=121)
	  ->  Sort  (cost=3810.91..3813.33 rows=971 width=121)
	        Sort Key: c
	        ->  Bitmap Heap Scan on sbtest3  (cost=30.39..3762.73 rows=971 width=121)
	              Recheck Cond: ((id >= 3528091) AND (id <= 3529090))
	              ->  Bitmap Index Scan on sbtest3_pkey  (cost=0.00..30.14 rows=971 width=0)
	                    Index Cond: ((id >= 3528091) AND (id <= 3529090))

table 4 : explain SELECT DISTINCT c FROM sbtest4 WHERE id BETWEEN 8203572 AND 8204571 ORDER BY c
	Unique  (cost=4011.62..4016.73 rows=1023 width=121)
	  ->  Sort  (cost=4011.62..4014.18 rows=1023 width=121)
	        Sort Key: c
	        ->  Bitmap Heap Scan on sbtest4  (cost=30.92..3960.47 rows=1023 width=121)
	              Recheck Cond: ((id >= 8203572) AND (id <= 8204571))
	              ->  Bitmap Index Scan on sbtest4_pkey  (cost=0.00..30.66 rows=1023 width=0)
	                    Index Cond: ((id >= 8203572) AND (id <= 8204571))

table 5 : explain SELECT DISTINCT c FROM sbtest5 WHERE id BETWEEN 1448808 AND 1449807 ORDER BY c
	Unique  (cost=4138.18..4143.46 rows=1056 width=121)
	  ->  Sort  (cost=4138.18..4140.82 rows=1056 width=121)
	        Sort Key: c
	        ->  Bitmap Heap Scan on sbtest5  (cost=31.26..4085.15 rows=1056 width=121)
	              Recheck Cond: ((id >= 1448808) AND (id <= 1449807))
	              ->  Bitmap Index Scan on sbtest5_pkey  (cost=0.00..31.00 rows=1056 width=0)
	                    Index Cond: ((id >= 1448808) AND (id <= 1449807))

table 6 : explain SELECT DISTINCT c FROM sbtest6 WHERE id BETWEEN 2716199 AND 2717198 ORDER BY c
	Unique  (cost=3574.33..3578.87 rows=909 width=121)
	  ->  Sort  (cost=3574.33..3576.60 rows=909 width=121)
	        Sort Key: c
	        ->  Bitmap Heap Scan on sbtest6  (cost=29.75..3529.66 rows=909 width=121)
	              Recheck Cond: ((id >= 2716199) AND (id <= 2717198))
	              ->  Bitmap Index Scan on sbtest6_pkey  (cost=0.00..29.52 rows=909 width=0)
	                    Index Cond: ((id >= 2716199) AND (id <= 2717198))

table 7 : explain SELECT DISTINCT c FROM sbtest7 WHERE id BETWEEN 3369739 AND 3370738 ORDER BY c
	Unique  (cost=3810.40..3815.26 rows=971 width=121)
	  ->  Sort  (cost=3810.40..3812.83 rows=971 width=121)
	        Sort Key: c
	        ->  Bitmap Heap Scan on sbtest7  (cost=30.39..3762.23 rows=971 width=121)
	              Recheck Cond: ((id >= 3369739) AND (id <= 3370738))
	              ->  Bitmap Index Scan on sbtest7_pkey  (cost=0.00..30.14 rows=971 width=0)
	                    Index Cond: ((id >= 3369739) AND (id <= 3370738))

table 8 : explain SELECT DISTINCT c FROM sbtest8 WHERE id BETWEEN 2980643 AND 2981642 ORDER BY c
	Unique  (cost=3697.65..3702.35 rows=941 width=121)
	  ->  Sort  (cost=3697.65..3700.00 rows=941 width=121)
	        Sort Key: c
	        ->  Bitmap Heap Scan on sbtest8  (cost=30.08..3651.17 rows=941 width=121)
	              Recheck Cond: ((id >= 2980643) AND (id <= 2981642))
	              ->  Bitmap Index Scan on sbtest8_pkey  (cost=0.00..29.84 rows=941 width=0)
	                    Index Cond: ((id >= 2980643) AND (id <= 2981642))

explain: for point_selects :: explain SELECT c FROM sbtest%u WHERE id=%u
for: simple_ranges
table 1 : explain SELECT c FROM sbtest1 WHERE id BETWEEN 4797298 AND 4798297
	Bitmap Heap Scan on sbtest1  (cost=35.66..4237.42 rows=1095 width=121)
	  Recheck Cond: ((id >= 4797298) AND (id <= 4798297))
	  ->  Bitmap Index Scan on sbtest1_pkey  (cost=0.00..35.39 rows=1095 width=0)
	        Index Cond: ((id >= 4797298) AND (id <= 4798297))

table 2 : explain SELECT c FROM sbtest2 WHERE id BETWEEN 5776723 AND 5777722
	Bitmap Heap Scan on sbtest2  (cost=36.18..4423.62 rows=1146 width=121)
	  Recheck Cond: ((id >= 5776723) AND (id <= 5777722))
	  ->  Bitmap Index Scan on sbtest2_pkey  (cost=0.00..35.90 rows=1146 width=0)
	        Index Cond: ((id >= 5776723) AND (id <= 5777722))

table 3 : explain SELECT c FROM sbtest3 WHERE id BETWEEN 6572004 AND 6573003
	Bitmap Heap Scan on sbtest3  (cost=30.87..3939.98 rows=1018 width=121)
	  Recheck Cond: ((id >= 6572004) AND (id <= 6573003))
	  ->  Bitmap Index Scan on sbtest3_pkey  (cost=0.00..30.61 rows=1018 width=0)
	        Index Cond: ((id >= 6572004) AND (id <= 6573003))

table 4 : explain SELECT c FROM sbtest4 WHERE id BETWEEN 6650117 AND 6651116
	Bitmap Heap Scan on sbtest4  (cost=30.26..3718.93 rows=959 width=121)
	  Recheck Cond: ((id >= 6650117) AND (id <= 6651116))
	  ->  Bitmap Index Scan on sbtest4_pkey  (cost=0.00..30.02 rows=959 width=0)
	        Index Cond: ((id >= 6650117) AND (id <= 6651116))

table 5 : explain SELECT c FROM sbtest5 WHERE id BETWEEN 3158272 AND 3159271
	Bitmap Heap Scan on sbtest5  (cost=30.50..3806.08 rows=982 width=121)
	  Recheck Cond: ((id >= 3158272) AND (id <= 3159271))
	  ->  Bitmap Index Scan on sbtest5_pkey  (cost=0.00..30.25 rows=982 width=0)
	        Index Cond: ((id >= 3158272) AND (id <= 3159271))

table 6 : explain SELECT c FROM sbtest6 WHERE id BETWEEN 3385066 AND 3386065
	Bitmap Heap Scan on sbtest6  (cost=30.64..3858.41 rows=996 width=121)
	  Recheck Cond: ((id >= 3385066) AND (id <= 3386065))
	  ->  Bitmap Index Scan on sbtest6_pkey  (cost=0.00..30.39 rows=996 width=0)
	        Index Cond: ((id >= 3385066) AND (id <= 3386065))

table 7 : explain SELECT c FROM sbtest7 WHERE id BETWEEN 375293 AND 376292
	Bitmap Heap Scan on sbtest7  (cost=29.91..3584.72 rows=924 width=121)
	  Recheck Cond: ((id >= 375293) AND (id <= 376292))
	  ->  Bitmap Index Scan on sbtest7_pkey  (cost=0.00..29.68 rows=924 width=0)
	        Index Cond: ((id >= 375293) AND (id <= 376292))

table 8 : explain SELECT c FROM sbtest8 WHERE id BETWEEN 2684334 AND 2685333
	Bitmap Heap Scan on sbtest8  (cost=29.84..3564.17 rows=918 width=121)
	  Recheck Cond: ((id >= 2684334) AND (id <= 2685333))
	  ->  Bitmap Index Scan on sbtest8_pkey  (cost=0.00..29.61 rows=918 width=0)
	        Index Cond: ((id >= 2684334) AND (id <= 2685333))

explain: for point_selects :: explain SELECT c FROM sbtest%u WHERE id=%u
explain: for point_selects :: explain SELECT c FROM sbtest%u WHERE id=%u
explain: for point_selects :: explain SELECT c FROM sbtest%u WHERE id=%u
for point_selects
table 1 : explain SELECT c FROM sbtest1 WHERE id=1368261
	Index Scan using sbtest1_pkey on sbtest1  (cost=0.43..8.45 rows=1 width=121)
	  Index Cond: (id = 1368261)

table 2 : explain SELECT c FROM sbtest2 WHERE id=3035998
	Index Scan using sbtest2_pkey on sbtest2  (cost=0.43..8.45 rows=1 width=121)
	  Index Cond: (id = 3035998)

table 3 : explain SELECT c FROM sbtest3 WHERE id=192989
	Index Scan using sbtest3_pkey on sbtest3  (cost=0.43..8.45 rows=1 width=121)
	  Index Cond: (id = 192989)

table 4 : explain SELECT c FROM sbtest4 WHERE id=2953951
	Index Scan using sbtest4_pkey on sbtest4  (cost=0.43..8.45 rows=1 width=121)
	  Index Cond: (id = 2953951)

table 5 : explain SELECT c FROM sbtest5 WHERE id=3436478
	Index Scan using sbtest5_pkey on sbtest5  (cost=0.43..8.45 rows=1 width=121)
	  Index Cond: (id = 3436478)

table 6 : explain SELECT c FROM sbtest6 WHERE id=5086325
	Index Scan using sbtest6_pkey on sbtest6  (cost=0.43..8.45 rows=1 width=121)
	  Index Cond: (id = 5086325)

table 7 : explain SELECT c FROM sbtest7 WHERE id=3361796
	Index Scan using sbtest7_pkey on sbtest7  (cost=0.43..8.45 rows=1 width=121)
	  Index Cond: (id = 3361796)

table 8 : explain SELECT c FROM sbtest8 WHERE id=1923996
	Index Scan using sbtest8_pkey on sbtest8  (cost=0.43..8.45 rows=1 width=121)
	  Index Cond: (id = 1923996)

explain: for point_selects :: explain SELECT c FROM sbtest%u WHERE id=%u
for point_selects
table 1 : explain SELECT c FROM sbtest1 WHERE id=7304866
	Index Scan using sbtest1_pkey on sbtest1  (cost=0.43..8.45 rows=1 width=121)
	  Index Cond: (id = 7304866)

table 2 : explain SELECT c FROM sbtest2 WHERE id=3850039
	Index Scan using sbtest2_pkey on sbtest2  (cost=0.43..8.45 rows=1 width=121)
	  Index Cond: (id = 3850039)

table 3 : explain SELECT c FROM sbtest3 WHERE id=3154258
	Index Scan using sbtest3_pkey on sbtest3  (cost=0.43..8.45 rows=1 width=121)
	  Index Cond: (id = 3154258)

table 4 : explain SELECT c FROM sbtest4 WHERE id=9137194
	Index Scan using sbtest4_pkey on sbtest4  (cost=0.43..8.45 rows=1 width=121)
	  Index Cond: (id = 9137194)

table 5 : explain SELECT c FROM sbtest5 WHERE id=8005714
	Index Scan using sbtest5_pkey on sbtest5  (cost=0.43..8.45 rows=1 width=121)
	  Index Cond: (id = 8005714)

table 6 : explain SELECT c FROM sbtest6 WHERE id=5406706
	Index Scan using sbtest6_pkey on sbtest6  (cost=0.43..8.45 rows=1 width=121)
	  Index Cond: (id = 5406706)

table 7 : explain SELECT c FROM sbtest7 WHERE id=8313026
	Index Scan using sbtest7_pkey on sbtest7  (cost=0.43..8.45 rows=1 width=121)
	  Index Cond: (id = 8313026)

table 8 : explain SELECT c FROM sbtest8 WHERE id=8006217
	Index Scan using sbtest8_pkey on sbtest8  (cost=0.43..8.45 rows=1 width=121)
	  Index Cond: (id = 8006217)

for: sum_ranges
table 1 : explain SELECT SUM(k) FROM sbtest1 WHERE id BETWEEN 7680792 AND 7681791
	Aggregate  (cost=4070.33..4070.34 rows=1 width=8)
	  ->  Bitmap Heap Scan on sbtest1  (cost=31.21..4067.70 rows=1051 width=4)
	        Recheck Cond: ((id >= 7680792) AND (id <= 7681791))
	        ->  Bitmap Index Scan on sbtest1_pkey  (cost=0.00..30.94 rows=1051 width=0)
	              Index Cond: ((id >= 7680792) AND (id <= 7681791))

table 2 : explain SELECT SUM(k) FROM sbtest2 WHERE id BETWEEN 8658857 AND 8659856
	Aggregate  (cost=3914.04..3914.05 rows=1 width=8)
	  ->  Bitmap Heap Scan on sbtest2  (cost=30.79..3911.51 rows=1010 width=4)
	        Recheck Cond: ((id >= 8658857) AND (id <= 8659856))
	        ->  Bitmap Index Scan on sbtest2_pkey  (cost=0.00..30.54 rows=1010 width=0)
	              Index Cond: ((id >= 8658857) AND (id <= 8659856))

table 3 : explain SELECT SUM(k) FROM sbtest3 WHERE id BETWEEN 6482834 AND 6483833
	Aggregate  (cost=3799.14..3799.15 rows=1 width=8)
	  ->  Bitmap Heap Scan on sbtest3  (cost=30.48..3796.69 rows=980 width=4)
	        Recheck Cond: ((id >= 6482834) AND (id <= 6483833))
	        ->  Bitmap Index Scan on sbtest3_pkey  (cost=0.00..30.23 rows=980 width=0)
	              Index Cond: ((id >= 6482834) AND (id <= 6483833))

table 4 : explain SELECT SUM(k) FROM sbtest4 WHERE id BETWEEN 4036776 AND 4037775
	Aggregate  (cost=4257.16..4257.17 rows=1 width=8)
	  ->  Bitmap Heap Scan on sbtest4  (cost=35.71..4254.41 rows=1100 width=4)
	        Recheck Cond: ((id >= 4036776) AND (id <= 4037775))
	        ->  Bitmap Index Scan on sbtest4_pkey  (cost=0.00..35.44 rows=1100 width=0)
	              Index Cond: ((id >= 4036776) AND (id <= 4037775))

table 5 : explain SELECT SUM(k) FROM sbtest5 WHERE id BETWEEN 8792180 AND 8793179
	Aggregate  (cost=4016.15..4016.16 rows=1 width=8)
	  ->  Bitmap Heap Scan on sbtest5  (cost=31.06..4013.56 rows=1037 width=4)
	        Recheck Cond: ((id >= 8792180) AND (id <= 8793179))
	        ->  Bitmap Index Scan on sbtest5_pkey  (cost=0.00..30.80 rows=1037 width=0)
	              Index Cond: ((id >= 8792180) AND (id <= 8793179))

table 6 : explain SELECT SUM(k) FROM sbtest6 WHERE id BETWEEN 5353411 AND 5354410
	Aggregate  (cost=4174.09..4174.10 rows=1 width=8)
	  ->  Bitmap Heap Scan on sbtest6  (cost=35.48..4171.40 rows=1078 width=4)
	        Recheck Cond: ((id >= 5353411) AND (id <= 5354410))
	        ->  Bitmap Index Scan on sbtest6_pkey  (cost=0.00..35.22 rows=1078 width=0)
	              Index Cond: ((id >= 5353411) AND (id <= 5354410))

table 7 : explain SELECT SUM(k) FROM sbtest7 WHERE id BETWEEN 7672624 AND 7673623
	Aggregate  (cost=4367.49..4367.50 rows=1 width=8)
	  ->  Bitmap Heap Scan on sbtest7  (cost=36.03..4364.66 rows=1131 width=4)
	        Recheck Cond: ((id >= 7672624) AND (id <= 7673623))
	        ->  Bitmap Index Scan on sbtest7_pkey  (cost=0.00..35.75 rows=1131 width=0)
	              Index Cond: ((id >= 7672624) AND (id <= 7673623))

table 8 : explain SELECT SUM(k) FROM sbtest8 WHERE id BETWEEN 7352701 AND 7353700
	Aggregate  (cost=4212.34..4212.35 rows=1 width=8)
	  ->  Bitmap Heap Scan on sbtest8  (cost=35.59..4209.62 rows=1088 width=4)
	        Recheck Cond: ((id >= 7352701) AND (id <= 7353700))
	        ->  Bitmap Index Scan on sbtest8_pkey  (cost=0.00..35.32 rows=1088 width=0)
	              Index Cond: ((id >= 7352701) AND (id <= 7353700))

for: simple_ranges
table 1 : explain SELECT c FROM sbtest1 WHERE id BETWEEN 9562410 AND 9563409
	Bitmap Heap Scan on sbtest1  (cost=35.41..4147.06 rows=1071 width=121)
	  Recheck Cond: ((id >= 9562410) AND (id <= 9563409))
	  ->  Bitmap Index Scan on sbtest1_pkey  (cost=0.00..35.15 rows=1071 width=0)
	        Index Cond: ((id >= 9562410) AND (id <= 9563409))

table 2 : explain SELECT c FROM sbtest2 WHERE id BETWEEN 4987827 AND 4988826
	Bitmap Heap Scan on sbtest2  (cost=30.87..3941.68 rows=1018 width=121)
	  Recheck Cond: ((id >= 4987827) AND (id <= 4988826))
	  ->  Bitmap Index Scan on sbtest2_pkey  (cost=0.00..30.61 rows=1018 width=0)
	        Index Cond: ((id >= 4987827) AND (id <= 4988826))

table 3 : explain SELECT c FROM sbtest3 WHERE id BETWEEN 1001814 AND 1002813
	Bitmap Heap Scan on sbtest3  (cost=29.77..3536.03 rows=911 width=121)
	  Recheck Cond: ((id >= 1001814) AND (id <= 1002813))
	  ->  Bitmap Index Scan on sbtest3_pkey  (cost=0.00..29.54 rows=911 width=0)
	        Index Cond: ((id >= 1001814) AND (id <= 1002813))

table 4 : explain SELECT c FROM sbtest4 WHERE id BETWEEN 3910221 AND 3911220
	Bitmap Heap Scan on sbtest4  (cost=29.96..3605.52 rows=929 width=121)
	  Recheck Cond: ((id >= 3910221) AND (id <= 3911220))
	  ->  Bitmap Index Scan on sbtest4_pkey  (cost=0.00..29.72 rows=929 width=0)
	        Index Cond: ((id >= 3910221) AND (id <= 3911220))

table 5 : explain SELECT c FROM sbtest5 WHERE id BETWEEN 3513269 AND 3514268
	Bitmap Heap Scan on sbtest5  (cost=30.71..3881.57 rows=1002 width=121)
	  Recheck Cond: ((id >= 3513269) AND (id <= 3514268))
	  ->  Bitmap Index Scan on sbtest5_pkey  (cost=0.00..30.45 rows=1002 width=0)
	        Index Cond: ((id >= 3513269) AND (id <= 3514268))

table 6 : explain SELECT c FROM sbtest6 WHERE id BETWEEN 7525546 AND 7526545
	Bitmap Heap Scan on sbtest6  (cost=30.35..3748.94 rows=967 width=121)
	  Recheck Cond: ((id >= 7525546) AND (id <= 7526545))
	  ->  Bitmap Index Scan on sbtest6_pkey  (cost=0.00..30.11 rows=967 width=0)
	        Index Cond: ((id >= 7525546) AND (id <= 7526545))

table 7 : explain SELECT c FROM sbtest7 WHERE id BETWEEN 9453908 AND 9454907
	Bitmap Heap Scan on sbtest7  (cost=35.49..4173.03 rows=1079 width=121)
	  Recheck Cond: ((id >= 9453908) AND (id <= 9454907))
	  ->  Bitmap Index Scan on sbtest7_pkey  (cost=0.00..35.23 rows=1079 width=0)
	        Index Cond: ((id >= 9453908) AND (id <= 9454907))

table 8 : explain SELECT c FROM sbtest8 WHERE id BETWEEN 1556096 AND 1557095
	Bitmap Heap Scan on sbtest8  (cost=35.24..4081.62 rows=1054 width=121)
	  Recheck Cond: ((id >= 1556096) AND (id <= 1557095))
	  ->  Bitmap Index Scan on sbtest8_pkey  (cost=0.00..34.98 rows=1054 width=0)
	        Index Cond: ((id >= 1556096) AND (id <= 1557095))

for: simple_ranges
table 1 : explain SELECT c FROM sbtest1 WHERE id BETWEEN 3164742 AND 3165741
	Bitmap Heap Scan on sbtest1  (cost=30.65..3863.98 rows=997 width=121)
	  Recheck Cond: ((id >= 3164742) AND (id <= 3165741))
	  ->  Bitmap Index Scan on sbtest1_pkey  (cost=0.00..30.40 rows=997 width=0)
	        Index Cond: ((id >= 3164742) AND (id <= 3165741))

table 2 : explain SELECT c FROM sbtest2 WHERE id BETWEEN 9464012 AND 9465011
	Bitmap Heap Scan on sbtest2  (cost=30.64..3858.69 rows=996 width=121)
	  Recheck Cond: ((id >= 9464012) AND (id <= 9465011))
	  ->  Bitmap Index Scan on sbtest2_pkey  (cost=0.00..30.39 rows=996 width=0)
	        Index Cond: ((id >= 9464012) AND (id <= 9465011))

table 3 : explain SELECT c FROM sbtest3 WHERE id BETWEEN 9910955 AND 9911954
	Bitmap Heap Scan on sbtest3  (cost=31.03..4000.26 rows=1034 width=121)
	  Recheck Cond: ((id >= 9910955) AND (id <= 9911954))
	  ->  Bitmap Index Scan on sbtest3_pkey  (cost=0.00..30.77 rows=1034 width=0)
	        Index Cond: ((id >= 9910955) AND (id <= 9911954))

table 4 : explain SELECT c FROM sbtest4 WHERE id BETWEEN 4685754 AND 4686753
	Bitmap Heap Scan on sbtest4  (cost=30.77..3903.91 rows=1008 width=121)
	  Recheck Cond: ((id >= 4685754) AND (id <= 4686753))
	  ->  Bitmap Index Scan on sbtest4_pkey  (cost=0.00..30.51 rows=1008 width=0)
	        Index Cond: ((id >= 4685754) AND (id <= 4686753))

table 5 : explain SELECT c FROM sbtest5 WHERE id BETWEEN 7409481 AND 7410480
	Bitmap Heap Scan on sbtest5  (cost=35.36..4126.81 rows=1066 width=121)
	  Recheck Cond: ((id >= 7409481) AND (id <= 7410480))
	  ->  Bitmap Index Scan on sbtest5_pkey  (cost=0.00..35.09 rows=1066 width=0)
	        Index Cond: ((id >= 7409481) AND (id <= 7410480))

table 6 : explain SELECT c FROM sbtest6 WHERE id BETWEEN 5344141 AND 5345140
	Bitmap Heap Scan on sbtest6  (cost=35.48..4171.40 rows=1078 width=121)
	  Recheck Cond: ((id >= 5344141) AND (id <= 5345140))
	  ->  Bitmap Index Scan on sbtest6_pkey  (cost=0.00..35.22 rows=1078 width=0)
	        Index Cond: ((id >= 5344141) AND (id <= 5345140))

table 7 : explain SELECT c FROM sbtest7 WHERE id BETWEEN 6953986 AND 6954985
	Bitmap Heap Scan on sbtest7  (cost=30.71..3879.15 rows=1002 width=121)
	  Recheck Cond: ((id >= 6953986) AND (id <= 6954985))
	  ->  Bitmap Index Scan on sbtest7_pkey  (cost=0.00..30.45 rows=1002 width=0)
	        Index Cond: ((id >= 6953986) AND (id <= 6954985))

table 8 : explain SELECT c FROM sbtest8 WHERE id BETWEEN 1749263 AND 1750262
	Bitmap Heap Scan on sbtest8  (cost=35.56..4198.33 rows=1085 width=121)
	  Recheck Cond: ((id >= 1749263) AND (id <= 1750262))
	  ->  Bitmap Index Scan on sbtest8_pkey  (cost=0.00..35.29 rows=1085 width=0)
	        Index Cond: ((id >= 1749263) AND (id <= 1750262))

explain: for point_selects :: explain SELECT c FROM sbtest%u WHERE id=%u
for point_selects
table 1 : explain SELECT c FROM sbtest1 WHERE id=5531387
	Index Scan using sbtest1_pkey on sbtest1  (cost=0.43..8.45 rows=1 width=121)
	  Index Cond: (id = 5531387)

table 2 : explain SELECT c FROM sbtest2 WHERE id=9319687
	Index Scan using sbtest2_pkey on sbtest2  (cost=0.43..8.45 rows=1 width=121)
	  Index Cond: (id = 9319687)

table 3 : explain SELECT c FROM sbtest3 WHERE id=2339583
	Index Scan using sbtest3_pkey on sbtest3  (cost=0.43..8.45 rows=1 width=121)
	  Index Cond: (id = 2339583)

table 4 : explain SELECT c FROM sbtest4 WHERE id=228008
	Index Scan using sbtest4_pkey on sbtest4  (cost=0.43..8.45 rows=1 width=121)
	  Index Cond: (id = 228008)

table 5 : explain SELECT c FROM sbtest5 WHERE id=8799196
	Index Scan using sbtest5_pkey on sbtest5  (cost=0.43..8.45 rows=1 width=121)
	  Index Cond: (id = 8799196)

table 6 : explain SELECT c FROM sbtest6 WHERE id=7411933
	Index Scan using sbtest6_pkey on sbtest6  (cost=0.43..8.45 rows=1 width=121)
	  Index Cond: (id = 7411933)

table 7 : explain SELECT c FROM sbtest7 WHERE id=9043601
	Index Scan using sbtest7_pkey on sbtest7  (cost=0.43..8.45 rows=1 width=121)
	  Index Cond: (id = 9043601)

table 8 : explain SELECT c FROM sbtest8 WHERE id=398813
	Index Scan using sbtest8_pkey on sbtest8  (cost=0.43..8.45 rows=1 width=121)
	  Index Cond: (id = 398813)

for point_selects
table 1 : explain SELECT c FROM sbtest1 WHERE id=6959571
	Index Scan using sbtest1_pkey on sbtest1  (cost=0.43..8.45 rows=1 width=121)
	  Index Cond: (id = 6959571)

table 2 : explain SELECT c FROM sbtest2 WHERE id=2505674
	Index Scan using sbtest2_pkey on sbtest2  (cost=0.43..8.45 rows=1 width=121)
	  Index Cond: (id = 2505674)

table 3 : explain SELECT c FROM sbtest3 WHERE id=1163092
	Index Scan using sbtest3_pkey on sbtest3  (cost=0.43..8.45 rows=1 width=121)
	  Index Cond: (id = 1163092)

table 4 : explain SELECT c FROM sbtest4 WHERE id=710444
	Index Scan using sbtest4_pkey on sbtest4  (cost=0.43..8.45 rows=1 width=121)
	  Index Cond: (id = 710444)

table 5 : explain SELECT c FROM sbtest5 WHERE id=6863696
	Index Scan using sbtest5_pkey on sbtest5  (cost=0.43..8.45 rows=1 width=121)
	  Index Cond: (id = 6863696)

table 6 : explain SELECT c FROM sbtest6 WHERE id=7126625
	Index Scan using sbtest6_pkey on sbtest6  (cost=0.43..8.45 rows=1 width=121)
	  Index Cond: (id = 7126625)

table 7 : explain SELECT c FROM sbtest7 WHERE id=9698204
	Index Scan using sbtest7_pkey on sbtest7  (cost=0.43..8.45 rows=1 width=121)
	  Index Cond: (id = 9698204)

table 8 : explain SELECT c FROM sbtest8 WHERE id=5777638
	Index Scan using sbtest8_pkey on sbtest8  (cost=0.43..8.45 rows=1 width=121)
	  Index Cond: (id = 5777638)

for point_selects
table 1 : explain SELECT c FROM sbtest1 WHERE id=2106803
	Index Scan using sbtest1_pkey on sbtest1  (cost=0.43..8.45 rows=1 width=121)
	  Index Cond: (id = 2106803)

table 2 : explain SELECT c FROM sbtest2 WHERE id=5287391
	Index Scan using sbtest2_pkey on sbtest2  (cost=0.43..8.45 rows=1 width=121)
	  Index Cond: (id = 5287391)

table 3 : explain SELECT c FROM sbtest3 WHERE id=7938494
	Index Scan using sbtest3_pkey on sbtest3  (cost=0.43..8.45 rows=1 width=121)
	  Index Cond: (id = 7938494)

table 4 : explain SELECT c FROM sbtest4 WHERE id=6230957
	Index Scan using sbtest4_pkey on sbtest4  (cost=0.43..8.45 rows=1 width=121)
	  Index Cond: (id = 6230957)

table 5 : explain SELECT c FROM sbtest5 WHERE id=2444132
	Index Scan using sbtest5_pkey on sbtest5  (cost=0.43..8.45 rows=1 width=121)
	  Index Cond: (id = 2444132)

table 6 : explain SELECT c FROM sbtest6 WHERE id=4116520
	Index Scan using sbtest6_pkey on sbtest6  (cost=0.43..8.45 rows=1 width=121)
	  Index Cond: (id = 4116520)

table 7 : explain SELECT c FROM sbtest7 WHERE id=1754149
	Index Scan using sbtest7_pkey on sbtest7  (cost=0.43..8.45 rows=1 width=121)
	  Index Cond: (id = 1754149)

table 8 : explain SELECT c FROM sbtest8 WHERE id=8560059
	Index Scan using sbtest8_pkey on sbtest8  (cost=0.43..8.45 rows=1 width=121)
	  Index Cond: (id = 8560059)

explain: for point_selects :: explain SELECT c FROM sbtest%u WHERE id=%u
explain: for point_selects :: explain SELECT c FROM sbtest%u WHERE id=%u
explain: for point_selects :: explain SELECT c FROM sbtest%u WHERE id=%u
for: simple_ranges
table 1 : explain SELECT c FROM sbtest1 WHERE id BETWEEN 547407 AND 548406
	Bitmap Heap Scan on sbtest1  (cost=29.99..3618.29 rows=932 width=121)
	  Recheck Cond: ((id >= 547407) AND (id <= 548406))
	  ->  Bitmap Index Scan on sbtest1_pkey  (cost=0.00..29.75 rows=932 width=0)
	        Index Cond: ((id >= 547407) AND (id <= 548406))

table 2 : explain SELECT c FROM sbtest2 WHERE id BETWEEN 3494444 AND 3495443
	Bitmap Heap Scan on sbtest2  (cost=30.67..3870.01 rows=999 width=121)
	  Recheck Cond: ((id >= 3494444) AND (id <= 3495443))
	  ->  Bitmap Index Scan on sbtest2_pkey  (cost=0.00..30.43 rows=999 width=0)
	        Index Cond: ((id >= 3494444) AND (id <= 3495443))

table 3 : explain SELECT c FROM sbtest3 WHERE id BETWEEN 3335068 AND 3336067
	Bitmap Heap Scan on sbtest3  (cost=29.91..3585.19 rows=924 width=121)
	  Recheck Cond: ((id >= 3335068) AND (id <= 3336067))
	  ->  Bitmap Index Scan on sbtest3_pkey  (cost=0.00..29.68 rows=924 width=0)
	        Index Cond: ((id >= 3335068) AND (id <= 3336067))

table 4 : explain SELECT c FROM sbtest4 WHERE id BETWEEN 3874144 AND 3875143
	Bitmap Heap Scan on sbtest4  (cost=30.76..3900.14 rows=1007 width=121)
	  Recheck Cond: ((id >= 3874144) AND (id <= 3875143))
	  ->  Bitmap Index Scan on sbtest4_pkey  (cost=0.00..30.50 rows=1007 width=0)
	        Index Cond: ((id >= 3874144) AND (id <= 3875143))

table 5 : explain SELECT c FROM sbtest5 WHERE id BETWEEN 8271042 AND 8272041
	Bitmap Heap Scan on sbtest5  (cost=31.05..4009.79 rows=1036 width=121)
	  Recheck Cond: ((id >= 8271042) AND (id <= 8272041))
	  ->  Bitmap Index Scan on sbtest5_pkey  (cost=0.00..30.79 rows=1036 width=0)
	        Index Cond: ((id >= 8271042) AND (id <= 8272041))

table 6 : explain SELECT c FROM sbtest6 WHERE id BETWEEN 5495542 AND 5496541
	Bitmap Heap Scan on sbtest6  (cost=29.55..3453.94 rows=889 width=121)
	  Recheck Cond: ((id >= 5495542) AND (id <= 5496541))
	  ->  Bitmap Index Scan on sbtest6_pkey  (cost=0.00..29.32 rows=889 width=0)
	        Index Cond: ((id >= 5495542) AND (id <= 5496541))

table 7 : explain SELECT c FROM sbtest7 WHERE id BETWEEN 7058963 AND 7059962
	Bitmap Heap Scan on sbtest7  (cost=30.34..3743.36 rows=966 width=121)
	  Recheck Cond: ((id >= 7058963) AND (id <= 7059962))
	  ->  Bitmap Index Scan on sbtest7_pkey  (cost=0.00..30.09 rows=966 width=0)
	        Index Cond: ((id >= 7058963) AND (id <= 7059962))

table 8 : explain SELECT c FROM sbtest8 WHERE id BETWEEN 6587004 AND 6588003
	Bitmap Heap Scan on sbtest8  (cost=35.59..4209.62 rows=1088 width=121)
	  Recheck Cond: ((id >= 6587004) AND (id <= 6588003))
	  ->  Bitmap Index Scan on sbtest8_pkey  (cost=0.00..35.32 rows=1088 width=0)
	        Index Cond: ((id >= 6587004) AND (id <= 6588003))

for: order_ranges
table 1 : explain SELECT c FROM sbtest1 WHERE id BETWEEN 8144450 AND 8145449 ORDER BY c
	Sort  (cost=4162.53..4165.19 rows=1062 width=121)
	  Sort Key: c
	  ->  Bitmap Heap Scan on sbtest1  (cost=31.32..4109.15 rows=1062 width=121)
	        Recheck Cond: ((id >= 8144450) AND (id <= 8145449))
	        ->  Bitmap Index Scan on sbtest1_pkey  (cost=0.00..31.05 rows=1062 width=0)
	              Index Cond: ((id >= 8144450) AND (id <= 8145449))

table 2 : explain SELECT c FROM sbtest2 WHERE id BETWEEN 28576 AND 29575 ORDER BY c
	Sort  (cost=3693.59..3695.94 rows=940 width=121)
	  Sort Key: c
	  ->  Bitmap Heap Scan on sbtest2  (cost=30.07..3647.17 rows=940 width=121)
	        Recheck Cond: ((id >= 28576) AND (id <= 29575))
	        ->  Bitmap Index Scan on sbtest2_pkey  (cost=0.00..29.83 rows=940 width=0)
	              Index Cond: ((id >= 28576) AND (id <= 29575))

table 3 : explain SELECT c FROM sbtest3 WHERE id BETWEEN 5736021 AND 5737020 ORDER BY c
	Sort  (cost=3925.79..3928.29 rows=1001 width=121)
	  Sort Key: c
	  ->  Bitmap Heap Scan on sbtest3  (cost=30.70..3875.90 rows=1001 width=121)
	        Recheck Cond: ((id >= 5736021) AND (id <= 5737020))
	        ->  Bitmap Index Scan on sbtest3_pkey  (cost=0.00..30.44 rows=1001 width=0)
	              Index Cond: ((id >= 5736021) AND (id <= 5737020))

table 4 : explain SELECT c FROM sbtest4 WHERE id BETWEEN 171212 AND 172211 ORDER BY c
	Sort  (cost=4134.03..4136.67 rows=1055 width=121)
	  Sort Key: c
	  ->  Bitmap Heap Scan on sbtest4  (cost=31.25..4081.06 rows=1055 width=121)
	        Recheck Cond: ((id >= 171212) AND (id <= 172211))
	        ->  Bitmap Index Scan on sbtest4_pkey  (cost=0.00..30.98 rows=1055 width=0)
	              Index Cond: ((id >= 171212) AND (id <= 172211))

table 5 : explain SELECT c FROM sbtest5 WHERE id BETWEEN 9981894 AND 9982893 ORDER BY c
	Sort  (cost=3559.41..3561.67 rows=905 width=121)
	  Sort Key: c
	  ->  Bitmap Heap Scan on sbtest5  (cost=29.71..3514.97 rows=905 width=121)
	        Recheck Cond: ((id >= 9981894) AND (id <= 9982893))
	        ->  Bitmap Index Scan on sbtest5_pkey  (cost=0.00..29.48 rows=905 width=0)
	              Index Cond: ((id >= 9981894) AND (id <= 9982893))

table 6 : explain SELECT c FROM sbtest6 WHERE id BETWEEN 6593706 AND 6594705 ORDER BY c
	Sort  (cost=3724.02..3726.39 rows=948 width=121)
	  Sort Key: c
	  ->  Bitmap Heap Scan on sbtest6  (cost=30.15..3677.15 rows=948 width=121)
	        Recheck Cond: ((id >= 6593706) AND (id <= 6594705))
	        ->  Bitmap Index Scan on sbtest6_pkey  (cost=0.00..29.91 rows=948 width=0)
	              Index Cond: ((id >= 6593706) AND (id <= 6594705))

table 7 : explain SELECT c FROM sbtest7 WHERE id BETWEEN 9137597 AND 9138596 ORDER BY c
	Sort  (cost=3798.91..3801.33 rows=968 width=121)
	  Sort Key: c
	  ->  Bitmap Heap Scan on sbtest7  (cost=30.36..3750.91 rows=968 width=121)
	        Recheck Cond: ((id >= 9137597) AND (id <= 9138596))
	        ->  Bitmap Index Scan on sbtest7_pkey  (cost=0.00..30.11 rows=968 width=0)
	              Index Cond: ((id >= 9137597) AND (id <= 9138596))

table 8 : explain SELECT c FROM sbtest8 WHERE id BETWEEN 4771948 AND 4772947 ORDER BY c
	Sort  (cost=3885.55..3888.02 rows=990 width=121)
	  Sort Key: c
	  ->  Bitmap Heap Scan on sbtest8  (cost=30.58..3836.29 rows=990 width=121)
	        Recheck Cond: ((id >= 4771948) AND (id <= 4772947))
	        ->  Bitmap Index Scan on sbtest8_pkey  (cost=0.00..30.33 rows=990 width=0)
	              Index Cond: ((id >= 4771948) AND (id <= 4772947))

for: simple_ranges
table 1 : explain SELECT c FROM sbtest1 WHERE id BETWEEN 2733161 AND 2734160
	Bitmap Heap Scan on sbtest1  (cost=30.77..3905.51 rows=1008 width=121)
	  Recheck Cond: ((id >= 2733161) AND (id <= 2734160))
	  ->  Bitmap Index Scan on sbtest1_pkey  (cost=0.00..30.51 rows=1008 width=0)
	        Index Cond: ((id >= 2733161) AND (id <= 2734160))

table 2 : explain SELECT c FROM sbtest2 WHERE id BETWEEN 6911272 AND 6912271
	Bitmap Heap Scan on sbtest2  (cost=30.15..3677.41 rows=948 width=121)
	  Recheck Cond: ((id >= 6911272) AND (id <= 6912271))
	  ->  Bitmap Index Scan on sbtest2_pkey  (cost=0.00..29.91 rows=948 width=0)
	        Index Cond: ((id >= 6911272) AND (id <= 6912271))

table 3 : explain SELECT c FROM sbtest3 WHERE id BETWEEN 1545663 AND 1546662
	Bitmap Heap Scan on sbtest3  (cost=30.76..3898.52 rows=1007 width=121)
	  Recheck Cond: ((id >= 1545663) AND (id <= 1546662))
	  ->  Bitmap Index Scan on sbtest3_pkey  (cost=0.00..30.50 rows=1007 width=0)
	        Index Cond: ((id >= 1545663) AND (id <= 1546662))

table 4 : explain SELECT c FROM sbtest4 WHERE id BETWEEN 3217654 AND 3218653
	Bitmap Heap Scan on sbtest4  (cost=30.54..3820.89 rows=986 width=121)
	  Recheck Cond: ((id >= 3217654) AND (id <= 3218653))
	  ->  Bitmap Index Scan on sbtest4_pkey  (cost=0.00..30.29 rows=986 width=0)
	        Index Cond: ((id >= 3217654) AND (id <= 3218653))

table 5 : explain SELECT c FROM sbtest5 WHERE id BETWEEN 7983922 AND 7984921
	Bitmap Heap Scan on sbtest5  (cost=30.47..3794.76 rows=979 width=121)
	  Recheck Cond: ((id >= 7983922) AND (id <= 7984921))
	  ->  Bitmap Index Scan on sbtest5_pkey  (cost=0.00..30.22 rows=979 width=0)
	        Index Cond: ((id >= 7983922) AND (id <= 7984921))

table 6 : explain SELECT c FROM sbtest6 WHERE id BETWEEN 7916871 AND 7917870
	Bitmap Heap Scan on sbtest6  (cost=30.91..3956.48 rows=1022 width=121)
	  Recheck Cond: ((id >= 7916871) AND (id <= 7917870))
	  ->  Bitmap Index Scan on sbtest6_pkey  (cost=0.00..30.65 rows=1022 width=0)
	        Index Cond: ((id >= 7916871) AND (id <= 7917870))

table 7 : explain SELECT c FROM sbtest7 WHERE id BETWEEN 602659 AND 603658
	Bitmap Heap Scan on sbtest7  (cost=30.74..3890.46 rows=1005 width=121)
	  Recheck Cond: ((id >= 602659) AND (id <= 603658))
	  ->  Bitmap Index Scan on sbtest7_pkey  (cost=0.00..30.48 rows=1005 width=0)
	        Index Cond: ((id >= 602659) AND (id <= 603658))

table 8 : explain SELECT c FROM sbtest8 WHERE id BETWEEN 1094772 AND 1095771
	Bitmap Heap Scan on sbtest8  (cost=30.16..3681.42 rows=949 width=121)
	  Recheck Cond: ((id >= 1094772) AND (id <= 1095771))
	  ->  Bitmap Index Scan on sbtest8_pkey  (cost=0.00..29.93 rows=949 width=0)
	        Index Cond: ((id >= 1094772) AND (id <= 1095771))

explain: for point_selects :: explain SELECT c FROM sbtest%u WHERE id=%u
explain: for point_selects :: explain SELECT c FROM sbtest%u WHERE id=%u
for: sum_ranges
table 1 : explain SELECT SUM(k) FROM sbtest1 WHERE id BETWEEN 615963 AND 616962
	Aggregate  (cost=3734.16..3734.17 rows=1 width=8)
	  ->  Bitmap Heap Scan on sbtest1  (cost=30.30..3731.75 rows=962 width=4)
	        Recheck Cond: ((id >= 615963) AND (id <= 616962))
	        ->  Bitmap Index Scan on sbtest1_pkey  (cost=0.00..30.05 rows=962 width=0)
	              Index Cond: ((id >= 615963) AND (id <= 616962))

table 2 : explain SELECT SUM(k) FROM sbtest2 WHERE id BETWEEN 246723 AND 247722
	Aggregate  (cost=4057.37..4057.38 rows=1 width=8)
	  ->  Bitmap Heap Scan on sbtest2  (cost=31.18..4054.75 rows=1048 width=4)
	        Recheck Cond: ((id >= 246723) AND (id <= 247722))
	        ->  Bitmap Index Scan on sbtest2_pkey  (cost=0.00..30.91 rows=1048 width=0)
	              Index Cond: ((id >= 246723) AND (id <= 247722))

table 3 : explain SELECT SUM(k) FROM sbtest3 WHERE id BETWEEN 9372250 AND 9373249
	Aggregate  (cost=3621.54..3621.55 rows=1 width=8)
	  ->  Bitmap Heap Scan on sbtest3  (cost=30.00..3619.21 rows=933 width=4)
	        Recheck Cond: ((id >= 9372250) AND (id <= 9373249))
	        ->  Bitmap Index Scan on sbtest3_pkey  (cost=0.00..29.76 rows=933 width=0)
	              Index Cond: ((id >= 9372250) AND (id <= 9373249))

table 4 : explain SELECT SUM(k) FROM sbtest4 WHERE id BETWEEN 4161096 AND 4162095
	Aggregate  (cost=3725.10..3725.11 rows=1 width=8)
	  ->  Bitmap Heap Scan on sbtest4  (cost=30.27..3722.70 rows=960 width=4)
	        Recheck Cond: ((id >= 4161096) AND (id <= 4162095))
	        ->  Bitmap Index Scan on sbtest4_pkey  (cost=0.00..30.04 rows=960 width=0)
	              Index Cond: ((id >= 4161096) AND (id <= 4162095))

table 5 : explain SELECT SUM(k) FROM sbtest5 WHERE id BETWEEN 9427076 AND 9428075
	Aggregate  (cost=3910.51..3910.52 rows=1 width=8)
	  ->  Bitmap Heap Scan on sbtest5  (cost=30.78..3907.98 rows=1009 width=4)
	        Recheck Cond: ((id >= 9427076) AND (id <= 9428075))
	        ->  Bitmap Index Scan on sbtest5_pkey  (cost=0.00..30.52 rows=1009 width=0)
	              Index Cond: ((id >= 9427076) AND (id <= 9428075))

table 6 : explain SELECT SUM(k) FROM sbtest6 WHERE id BETWEEN 9702660 AND 9703659
	Aggregate  (cost=3690.87..3690.88 rows=1 width=8)
	  ->  Bitmap Heap Scan on sbtest6  (cost=30.18..3688.49 rows=951 width=4)
	        Recheck Cond: ((id >= 9702660) AND (id <= 9703659))
	        ->  Bitmap Index Scan on sbtest6_pkey  (cost=0.00..29.94 rows=951 width=0)
	              Index Cond: ((id >= 9702660) AND (id <= 9703659))

table 7 : explain SELECT SUM(k) FROM sbtest7 WHERE id BETWEEN 7954338 AND 7955337
	Aggregate  (cost=3923.14..3923.15 rows=1 width=8)
	  ->  Bitmap Heap Scan on sbtest7  (cost=30.82..3920.61 rows=1013 width=4)
	        Recheck Cond: ((id >= 7954338) AND (id <= 7955337))
	        ->  Bitmap Index Scan on sbtest7_pkey  (cost=0.00..30.57 rows=1013 width=0)
	              Index Cond: ((id >= 7954338) AND (id <= 7955337))

table 8 : explain SELECT SUM(k) FROM sbtest8 WHERE id BETWEEN 9961221 AND 9962220
	Aggregate  (cost=3680.01..3680.02 rows=1 width=8)
	  ->  Bitmap Heap Scan on sbtest8  (cost=30.15..3677.64 rows=948 width=4)
	        Recheck Cond: ((id >= 9961221) AND (id <= 9962220))
	        ->  Bitmap Index Scan on sbtest8_pkey  (cost=0.00..29.91 rows=948 width=0)
	              Index Cond: ((id >= 9961221) AND (id <= 9962220))

for: distinct_ranges
table 1 : explain SELECT DISTINCT c FROM sbtest1 WHERE id BETWEEN 297435 AND 298434 ORDER BY c
	Unique  (cost=3752.56..3757.33 rows=955 width=121)
	  ->  Sort  (cost=3752.56..3754.95 rows=955 width=121)
	        Sort Key: c
	        ->  Bitmap Heap Scan on sbtest1  (cost=30.22..3705.29 rows=955 width=121)
	              Recheck Cond: ((id >= 297435) AND (id <= 298434))
	              ->  Bitmap Index Scan on sbtest1_pkey  (cost=0.00..29.98 rows=955 width=0)
	                    Index Cond: ((id >= 297435) AND (id <= 298434))

table 2 : explain SELECT DISTINCT c FROM sbtest2 WHERE id BETWEEN 6909152 AND 6910151 ORDER BY c
	Unique  (cost=3724.28..3729.02 rows=948 width=121)
	  ->  Sort  (cost=3724.28..3726.65 rows=948 width=121)
	        Sort Key: c
	        ->  Bitmap Heap Scan on sbtest2  (cost=30.15..3677.41 rows=948 width=121)
	              Recheck Cond: ((id >= 6909152) AND (id <= 6910151))
	              ->  Bitmap Index Scan on sbtest2_pkey  (cost=0.00..29.91 rows=948 width=0)
	                    Index Cond: ((id >= 6909152) AND (id <= 6910151))

table 3 : explain SELECT DISTINCT c FROM sbtest3 WHERE id BETWEEN 7680966 AND 7681965 ORDER BY c
	Unique  (cost=3830.06..3834.94 rows=976 width=121)
	  ->  Sort  (cost=3830.06..3832.50 rows=976 width=121)
	        Sort Key: c
	        ->  Bitmap Heap Scan on sbtest3  (cost=30.44..3781.60 rows=976 width=121)
	              Recheck Cond: ((id >= 7680966) AND (id <= 7681965))
	              ->  Bitmap Index Scan on sbtest3_pkey  (cost=0.00..30.19 rows=976 width=0)
	                    Index Cond: ((id >= 7680966) AND (id <= 7681965))

table 4 : explain SELECT DISTINCT c FROM sbtest4 WHERE id BETWEEN 6514158 AND 6515157 ORDER BY c
	Unique  (cost=4378.70..4384.29 rows=1118 width=121)
	  ->  Sort  (cost=4378.70..4381.49 rows=1118 width=121)
	        Sort Key: c
	        ->  Bitmap Heap Scan on sbtest4  (cost=35.89..4322.09 rows=1118 width=121)
	              Recheck Cond: ((id >= 6514158) AND (id <= 6515157))
	              ->  Bitmap Index Scan on sbtest4_pkey  (cost=0.00..35.62 rows=1118 width=0)
	                    Index Cond: ((id >= 6514158) AND (id <= 6515157))

table 5 : explain SELECT DISTINCT c FROM sbtest5 WHERE id BETWEEN 1627736 AND 1628735 ORDER BY c
	Unique  (cost=3736.02..3740.77 rows=951 width=121)
	  ->  Sort  (cost=3736.02..3738.39 rows=951 width=121)
	        Sort Key: c
	        ->  Bitmap Heap Scan on sbtest5  (cost=30.18..3688.97 rows=951 width=121)
	              Recheck Cond: ((id >= 1627736) AND (id <= 1628735))
	              ->  Bitmap Index Scan on sbtest5_pkey  (cost=0.00..29.94 rows=951 width=0)
	                    Index Cond: ((id >= 1627736) AND (id <= 1628735))

table 6 : explain SELECT DISTINCT c FROM sbtest6 WHERE id BETWEEN 4471641 AND 4472640 ORDER BY c
	Unique  (cost=4011.39..4016.50 rows=1023 width=121)
	  ->  Sort  (cost=4011.39..4013.95 rows=1023 width=121)
	        Sort Key: c
	        ->  Bitmap Heap Scan on sbtest6  (cost=30.92..3960.25 rows=1023 width=121)
	              Recheck Cond: ((id >= 4471641) AND (id <= 4472640))
	              ->  Bitmap Index Scan on sbtest6_pkey  (cost=0.00..30.66 rows=1023 width=0)
	                    Index Cond: ((id >= 4471641) AND (id <= 4472640))

table 7 : explain SELECT DISTINCT c FROM sbtest7 WHERE id BETWEEN 3787102 AND 3788101 ORDER BY c
	Unique  (cost=4185.39..4190.73 rows=1068 width=121)
	  ->  Sort  (cost=4185.39..4188.06 rows=1068 width=121)
	        Sort Key: c
	        ->  Bitmap Heap Scan on sbtest7  (cost=35.38..4131.67 rows=1068 width=121)
	              Recheck Cond: ((id >= 3787102) AND (id <= 3788101))
	              ->  Bitmap Index Scan on sbtest7_pkey  (cost=0.00..35.12 rows=1068 width=0)
	                    Index Cond: ((id >= 3787102) AND (id <= 3788101))

table 8 : explain SELECT DISTINCT c FROM sbtest8 WHERE id BETWEEN 1201288 AND 1202287 ORDER BY c
	Unique  (cost=3858.72..3863.64 rows=983 width=121)
	  ->  Sort  (cost=3858.72..3861.18 rows=983 width=121)
	        Sort Key: c
	        ->  Bitmap Heap Scan on sbtest8  (cost=30.51..3809.86 rows=983 width=121)
	              Recheck Cond: ((id >= 1201288) AND (id <= 1202287))
	              ->  Bitmap Index Scan on sbtest8_pkey  (cost=0.00..30.26 rows=983 width=0)
	                    Index Cond: ((id >= 1201288) AND (id <= 1202287))

for point_selects
table 1 : explain SELECT c FROM sbtest1 WHERE id=3301280
	Index Scan using sbtest1_pkey on sbtest1  (cost=0.43..8.45 rows=1 width=121)
	  Index Cond: (id = 3301280)

table 2 : explain SELECT c FROM sbtest2 WHERE id=6355020
	Index Scan using sbtest2_pkey on sbtest2  (cost=0.43..8.45 rows=1 width=121)
	  Index Cond: (id = 6355020)

table 3 : explain SELECT c FROM sbtest3 WHERE id=7796679
	Index Scan using sbtest3_pkey on sbtest3  (cost=0.43..8.45 rows=1 width=121)
	  Index Cond: (id = 7796679)

table 4 : explain SELECT c FROM sbtest4 WHERE id=5366919
	Index Scan using sbtest4_pkey on sbtest4  (cost=0.43..8.45 rows=1 width=121)
	  Index Cond: (id = 5366919)

table 5 : explain SELECT c FROM sbtest5 WHERE id=2391951
	Index Scan using sbtest5_pkey on sbtest5  (cost=0.43..8.45 rows=1 width=121)
	  Index Cond: (id = 2391951)

table 6 : explain SELECT c FROM sbtest6 WHERE id=45945
	Index Scan using sbtest6_pkey on sbtest6  (cost=0.43..8.45 rows=1 width=121)
	  Index Cond: (id = 45945)

table 7 : explain SELECT c FROM sbtest7 WHERE id=5083374
	Index Scan using sbtest7_pkey on sbtest7  (cost=0.43..8.45 rows=1 width=121)
	  Index Cond: (id = 5083374)

table 8 : explain SELECT c FROM sbtest8 WHERE id=7180502
	Index Scan using sbtest8_pkey on sbtest8  (cost=0.43..8.45 rows=1 width=121)
	  Index Cond: (id = 7180502)

for point_selects
table 1 : explain SELECT c FROM sbtest1 WHERE id=7948046
	Index Scan using sbtest1_pkey on sbtest1  (cost=0.43..8.45 rows=1 width=121)
	  Index Cond: (id = 7948046)

table 2 : explain SELECT c FROM sbtest2 WHERE id=5828557
	Index Scan using sbtest2_pkey on sbtest2  (cost=0.43..8.45 rows=1 width=121)
	  Index Cond: (id = 5828557)

table 3 : explain SELECT c FROM sbtest3 WHERE id=1314656
	Index Scan using sbtest3_pkey on sbtest3  (cost=0.43..8.45 rows=1 width=121)
	  Index Cond: (id = 1314656)

table 4 : explain SELECT c FROM sbtest4 WHERE id=7579179
	Index Scan using sbtest4_pkey on sbtest4  (cost=0.43..8.45 rows=1 width=121)
	  Index Cond: (id = 7579179)

table 5 : explain SELECT c FROM sbtest5 WHERE id=616983
	Index Scan using sbtest5_pkey on sbtest5  (cost=0.43..8.45 rows=1 width=121)
	  Index Cond: (id = 616983)

table 6 : explain SELECT c FROM sbtest6 WHERE id=172192
	Index Scan using sbtest6_pkey on sbtest6  (cost=0.43..8.45 rows=1 width=121)
	  Index Cond: (id = 172192)

table 7 : explain SELECT c FROM sbtest7 WHERE id=5022630
	Index Scan using sbtest7_pkey on sbtest7  (cost=0.43..8.45 rows=1 width=121)
	  Index Cond: (id = 5022630)

table 8 : explain SELECT c FROM sbtest8 WHERE id=2922764
	Index Scan using sbtest8_pkey on sbtest8  (cost=0.43..8.45 rows=1 width=121)
	  Index Cond: (id = 2922764)

for: simple_ranges
table 1 : explain SELECT c FROM sbtest1 WHERE id BETWEEN 754404 AND 755403
	Bitmap Heap Scan on sbtest1  (cost=30.74..3894.19 rows=1005 width=121)
	  Recheck Cond: ((id >= 754404) AND (id <= 755403))
	  ->  Bitmap Index Scan on sbtest1_pkey  (cost=0.00..30.48 rows=1005 width=0)
	        Index Cond: ((id >= 754404) AND (id <= 755403))

table 2 : explain SELECT c FROM sbtest2 WHERE id BETWEEN 846419 AND 847418
	Bitmap Heap Scan on sbtest2  (cost=30.42..3775.64 rows=974 width=121)
	  Recheck Cond: ((id >= 846419) AND (id <= 847418))
	  ->  Bitmap Index Scan on sbtest2_pkey  (cost=0.00..30.18 rows=974 width=0)
	        Index Cond: ((id >= 846419) AND (id <= 847418))

table 3 : explain SELECT c FROM sbtest3 WHERE id BETWEEN 570101 AND 571100
	Bitmap Heap Scan on sbtest3  (cost=31.24..4075.56 rows=1054 width=121)
	  Recheck Cond: ((id >= 570101) AND (id <= 571100))
	  ->  Bitmap Index Scan on sbtest3_pkey  (cost=0.00..30.97 rows=1054 width=0)
	        Index Cond: ((id >= 570101) AND (id <= 571100))

table 4 : explain SELECT c FROM sbtest4 WHERE id BETWEEN 4669540 AND 4670539
	Bitmap Heap Scan on sbtest4  (cost=30.77..3903.91 rows=1008 width=121)
	  Recheck Cond: ((id >= 4669540) AND (id <= 4670539))
	  ->  Bitmap Index Scan on sbtest4_pkey  (cost=0.00..30.51 rows=1008 width=0)
	        Index Cond: ((id >= 4669540) AND (id <= 4670539))

table 5 : explain SELECT c FROM sbtest5 WHERE id BETWEEN 9334666 AND 9335665
	Bitmap Heap Scan on sbtest5  (cost=29.89..3579.30 rows=922 width=121)
	  Recheck Cond: ((id >= 9334666) AND (id <= 9335665))
	  ->  Bitmap Index Scan on sbtest5_pkey  (cost=0.00..29.65 rows=922 width=0)
	        Index Cond: ((id >= 9334666) AND (id <= 9335665))

table 6 : explain SELECT c FROM sbtest6 WHERE id BETWEEN 6350111 AND 6351110
	Bitmap Heap Scan on sbtest6  (cost=35.92..4329.34 rows=1120 width=121)
	  Recheck Cond: ((id >= 6350111) AND (id <= 6351110))
	  ->  Bitmap Index Scan on sbtest6_pkey  (cost=0.00..35.64 rows=1120 width=0)
	        Index Cond: ((id >= 6350111) AND (id <= 6351110))

table 7 : explain SELECT c FROM sbtest7 WHERE id BETWEEN 7175253 AND 7176252
	Bitmap Heap Scan on sbtest7  (cost=30.93..3962.05 rows=1024 width=121)
	  Recheck Cond: ((id >= 7175253) AND (id <= 7176252))
	  ->  Bitmap Index Scan on sbtest7_pkey  (cost=0.00..30.68 rows=1024 width=0)
	        Index Cond: ((id >= 7175253) AND (id <= 7176252))

table 8 : explain SELECT c FROM sbtest8 WHERE id BETWEEN 860280 AND 861279
	Bitmap Heap Scan on sbtest8  (cost=35.24..4081.62 rows=1054 width=121)
	  Recheck Cond: ((id >= 860280) AND (id <= 861279))
	  ->  Bitmap Index Scan on sbtest8_pkey  (cost=0.00..34.98 rows=1054 width=0)
	        Index Cond: ((id >= 860280) AND (id <= 861279))

for point_selects
table 1 : explain SELECT c FROM sbtest1 WHERE id=2024824
	Index Scan using sbtest1_pkey on sbtest1  (cost=0.43..8.45 rows=1 width=121)
	  Index Cond: (id = 2024824)

table 2 : explain SELECT c FROM sbtest2 WHERE id=4736303
	Index Scan using sbtest2_pkey on sbtest2  (cost=0.43..8.45 rows=1 width=121)
	  Index Cond: (id = 4736303)

table 3 : explain SELECT c FROM sbtest3 WHERE id=94410
	Index Scan using sbtest3_pkey on sbtest3  (cost=0.43..8.45 rows=1 width=121)
	  Index Cond: (id = 94410)

table 4 : explain SELECT c FROM sbtest4 WHERE id=3524010
	Index Scan using sbtest4_pkey on sbtest4  (cost=0.43..8.45 rows=1 width=121)
	  Index Cond: (id = 3524010)

table 5 : explain SELECT c FROM sbtest5 WHERE id=1374070
	Index Scan using sbtest5_pkey on sbtest5  (cost=0.43..8.45 rows=1 width=121)
	  Index Cond: (id = 1374070)

table 6 : explain SELECT c FROM sbtest6 WHERE id=7344098
	Index Scan using sbtest6_pkey on sbtest6  (cost=0.43..8.45 rows=1 width=121)
	  Index Cond: (id = 7344098)

table 7 : explain SELECT c FROM sbtest7 WHERE id=98941
	Index Scan using sbtest7_pkey on sbtest7  (cost=0.43..8.45 rows=1 width=121)
	  Index Cond: (id = 98941)

table 8 : explain SELECT c FROM sbtest8 WHERE id=3871578
	Index Scan using sbtest8_pkey on sbtest8  (cost=0.43..8.45 rows=1 width=121)
	  Index Cond: (id = 3871578)

for: sum_ranges
table 1 : explain SELECT SUM(k) FROM sbtest1 WHERE id BETWEEN 4572118 AND 4573117
	Aggregate  (cost=3870.26..3870.27 rows=1 width=8)
	  ->  Bitmap Heap Scan on sbtest1  (cost=30.66..3867.76 rows=998 width=4)
	        Recheck Cond: ((id >= 4572118) AND (id <= 4573117))
	        ->  Bitmap Index Scan on sbtest1_pkey  (cost=0.00..30.41 rows=998 width=0)
	              Index Cond: ((id >= 4572118) AND (id <= 4573117))

table 2 : explain SELECT SUM(k) FROM sbtest2 WHERE id BETWEEN 6461050 AND 6462049
	Aggregate  (cost=3554.89..3554.90 rows=1 width=8)
	  ->  Bitmap Heap Scan on sbtest2  (cost=29.81..3552.61 rows=915 width=4)
	        Recheck Cond: ((id >= 6461050) AND (id <= 6462049))
	        ->  Bitmap Index Scan on sbtest2_pkey  (cost=0.00..29.58 rows=915 width=0)
	              Index Cond: ((id >= 6461050) AND (id <= 6462049))

table 3 : explain SELECT SUM(k) FROM sbtest3 WHERE id BETWEEN 139344 AND 140343
	Aggregate  (cost=4059.37..4059.38 rows=1 width=8)
	  ->  Bitmap Heap Scan on sbtest3  (cost=31.19..4056.74 rows=1049 width=4)
	        Recheck Cond: ((id >= 139344) AND (id <= 140343))
	        ->  Bitmap Index Scan on sbtest3_pkey  (cost=0.00..30.93 rows=1049 width=0)
	              Index Cond: ((id >= 139344) AND (id <= 140343))

table 4 : explain SELECT SUM(k) FROM sbtest4 WHERE id BETWEEN 507133 AND 508132
	Aggregate  (cost=3796.91..3796.92 rows=1 width=8)
	  ->  Bitmap Heap Scan on sbtest4  (cost=30.47..3794.47 rows=979 width=4)
	        Recheck Cond: ((id >= 507133) AND (id <= 508132))
	        ->  Bitmap Index Scan on sbtest4_pkey  (cost=0.00..30.22 rows=979 width=0)
	              Index Cond: ((id >= 507133) AND (id <= 508132))

table 5 : explain SELECT SUM(k) FROM sbtest5 WHERE id BETWEEN 7229045 AND 7230044
	Aggregate  (cost=4445.57..4445.58 rows=1 width=8)
	  ->  Bitmap Heap Scan on sbtest5  (cost=36.23..4442.70 rows=1151 width=4)
	        Recheck Cond: ((id >= 7229045) AND (id <= 7230044))
	        ->  Bitmap Index Scan on sbtest5_pkey  (cost=0.00..35.95 rows=1151 width=0)
	              Index Cond: ((id >= 7229045) AND (id <= 7230044))

table 6 : explain SELECT SUM(k) FROM sbtest6 WHERE id BETWEEN 3509136 AND 3510135
	Aggregate  (cost=3743.80..3743.81 rows=1 width=8)
	  ->  Bitmap Heap Scan on sbtest6  (cost=30.33..3741.38 rows=965 width=4)
	        Recheck Cond: ((id >= 3509136) AND (id <= 3510135))
	        ->  Bitmap Index Scan on sbtest6_pkey  (cost=0.00..30.08 rows=965 width=0)
	              Index Cond: ((id >= 3509136) AND (id <= 3510135))

table 7 : explain SELECT SUM(k) FROM sbtest7 WHERE id BETWEEN 7658060 AND 7659059
	Aggregate  (cost=4367.49..4367.50 rows=1 width=8)
	  ->  Bitmap Heap Scan on sbtest7  (cost=36.03..4364.66 rows=1131 width=4)
	        Recheck Cond: ((id >= 7658060) AND (id <= 7659059))
	        ->  Bitmap Index Scan on sbtest7_pkey  (cost=0.00..35.75 rows=1131 width=0)
	              Index Cond: ((id >= 7658060) AND (id <= 7659059))

table 8 : explain SELECT SUM(k) FROM sbtest8 WHERE id BETWEEN 7160249 AND 7161248
	Aggregate  (cost=3974.67..3974.68 rows=1 width=8)
	  ->  Bitmap Heap Scan on sbtest8  (cost=30.95..3972.10 rows=1026 width=4)
	        Recheck Cond: ((id >= 7160249) AND (id <= 7161248))
	        ->  Bitmap Index Scan on sbtest8_pkey  (cost=0.00..30.69 rows=1026 width=0)
	              Index Cond: ((id >= 7160249) AND (id <= 7161248))

for: simple_ranges
table 1 : explain SELECT c FROM sbtest1 WHERE id BETWEEN 616909 AND 617908
	Bitmap Heap Scan on sbtest1  (cost=30.67..3871.54 rows=999 width=121)
	  Recheck Cond: ((id >= 616909) AND (id <= 617908))
	  ->  Bitmap Index Scan on sbtest1_pkey  (cost=0.00..30.43 rows=999 width=0)
	        Index Cond: ((id >= 616909) AND (id <= 617908))

table 2 : explain SELECT c FROM sbtest2 WHERE id BETWEEN 299097 AND 300096
	Bitmap Heap Scan on sbtest2  (cost=31.18..4054.75 rows=1048 width=121)
	  Recheck Cond: ((id >= 299097) AND (id <= 300096))
	  ->  Bitmap Index Scan on sbtest2_pkey  (cost=0.00..30.91 rows=1048 width=0)
	        Index Cond: ((id >= 299097) AND (id <= 300096))

table 3 : explain SELECT c FROM sbtest3 WHERE id BETWEEN 9289546 AND 9290545
	Bitmap Heap Scan on sbtest3  (cost=30.00..3619.21 rows=933 width=121)
	  Recheck Cond: ((id >= 9289546) AND (id <= 9290545))
	  ->  Bitmap Index Scan on sbtest3_pkey  (cost=0.00..29.76 rows=933 width=0)
	        Index Cond: ((id >= 9289546) AND (id <= 9290545))

table 4 : explain SELECT c FROM sbtest4 WHERE id BETWEEN 3090941 AND 3091940
	Bitmap Heap Scan on sbtest4  (cost=30.26..3718.93 rows=959 width=121)
	  Recheck Cond: ((id >= 3090941) AND (id <= 3091940))
	  ->  Bitmap Index Scan on sbtest4_pkey  (cost=0.00..30.02 rows=959 width=0)
	        Index Cond: ((id >= 3090941) AND (id <= 3091940))

table 5 : explain SELECT c FROM sbtest5 WHERE id BETWEEN 4617078 AND 4618077
	Bitmap Heap Scan on sbtest5  (cost=30.11..3662.51 rows=944 width=121)
	  Recheck Cond: ((id >= 4617078) AND (id <= 4618077))
	  ->  Bitmap Index Scan on sbtest5_pkey  (cost=0.00..29.87 rows=944 width=0)
	        Index Cond: ((id >= 4617078) AND (id <= 4618077))

table 6 : explain SELECT c FROM sbtest6 WHERE id BETWEEN 2104358 AND 2105357
	Bitmap Heap Scan on sbtest6  (cost=30.35..3748.94 rows=967 width=121)
	  Recheck Cond: ((id >= 2104358) AND (id <= 2105357))
	  ->  Bitmap Index Scan on sbtest6_pkey  (cost=0.00..30.11 rows=967 width=0)
	        Index Cond: ((id >= 2104358) AND (id <= 2105357))

table 7 : explain SELECT c FROM sbtest7 WHERE id BETWEEN 3069088 AND 3070087
	Bitmap Heap Scan on sbtest7  (cost=30.43..3777.32 rows=975 width=121)
	  Recheck Cond: ((id >= 3069088) AND (id <= 3070087))
	  ->  Bitmap Index Scan on sbtest7_pkey  (cost=0.00..30.18 rows=975 width=0)
	        Index Cond: ((id >= 3069088) AND (id <= 3070087))

table 8 : explain SELECT c FROM sbtest8 WHERE id BETWEEN 1322702 AND 1323701
	Bitmap Heap Scan on sbtest8  (cost=35.62..4220.91 rows=1091 width=121)
	  Recheck Cond: ((id >= 1322702) AND (id <= 1323701))
	  ->  Bitmap Index Scan on sbtest8_pkey  (cost=0.00..35.34 rows=1091 width=0)
	        Index Cond: ((id >= 1322702) AND (id <= 1323701))

for: sum_ranges
table 1 : explain SELECT SUM(k) FROM sbtest1 WHERE id BETWEEN 5275475 AND 5276474
	Aggregate  (cost=3658.48..3658.49 rows=1 width=8)
	  ->  Bitmap Heap Scan on sbtest1  (cost=30.09..3656.12 rows=942 width=4)
	        Recheck Cond: ((id >= 5275475) AND (id <= 5276474))
	        ->  Bitmap Index Scan on sbtest1_pkey  (cost=0.00..29.86 rows=942 width=0)
	              Index Cond: ((id >= 5275475) AND (id <= 5276474))

table 2 : explain SELECT SUM(k) FROM sbtest2 WHERE id BETWEEN 5108129 AND 5109128
	Aggregate  (cost=3687.34..3687.35 rows=1 width=8)
	  ->  Bitmap Heap Scan on sbtest2  (cost=30.17..3684.97 rows=950 width=4)
	        Recheck Cond: ((id >= 5108129) AND (id <= 5109128))
	        ->  Bitmap Index Scan on sbtest2_pkey  (cost=0.00..29.93 rows=950 width=0)
	              Index Cond: ((id >= 5108129) AND (id <= 5109128))

table 3 : explain SELECT SUM(k) FROM sbtest3 WHERE id BETWEEN 8196058 AND 8197057
	Aggregate  (cost=3784.04..3784.05 rows=1 width=8)
	  ->  Bitmap Heap Scan on sbtest3  (cost=30.44..3781.60 rows=976 width=4)
	        Recheck Cond: ((id >= 8196058) AND (id <= 8197057))
	        ->  Bitmap Index Scan on sbtest3_pkey  (cost=0.00..30.19 rows=976 width=0)
	              Index Cond: ((id >= 8196058) AND (id <= 8197057))

table 4 : explain SELECT SUM(k) FROM sbtest4 WHERE id BETWEEN 5025157 AND 5026156
	Aggregate  (cost=3883.78..3883.79 rows=1 width=8)
	  ->  Bitmap Heap Scan on sbtest4  (cost=30.71..3881.27 rows=1002 width=4)
	        Recheck Cond: ((id >= 5025157) AND (id <= 5026156))
	        ->  Bitmap Index Scan on sbtest4_pkey  (cost=0.00..30.45 rows=1002 width=0)
	              Index Cond: ((id >= 5025157) AND (id <= 5026156))

table 5 : explain SELECT SUM(k) FROM sbtest5 WHERE id BETWEEN 1638880 AND 1639879
	Aggregate  (cost=3691.35..3691.36 rows=1 width=8)
	  ->  Bitmap Heap Scan on sbtest5  (cost=30.18..3688.97 rows=951 width=4)
	        Recheck Cond: ((id >= 1638880) AND (id <= 1639879))
	        ->  Bitmap Index Scan on sbtest5_pkey  (cost=0.00..29.94 rows=951 width=0)
	              Index Cond: ((id >= 1638880) AND (id <= 1639879))

table 6 : explain SELECT SUM(k) FROM sbtest6 WHERE id BETWEEN 4314692 AND 4315691
	Aggregate  (cost=3596.29..3596.30 rows=1 width=8)
	  ->  Bitmap Heap Scan on sbtest6  (cost=29.93..3593.97 rows=926 width=4)
	        Recheck Cond: ((id >= 4314692) AND (id <= 4315691))
	        ->  Bitmap Index Scan on sbtest6_pkey  (cost=0.00..29.69 rows=926 width=0)
	              Index Cond: ((id >= 4314692) AND (id <= 4315691))

table 7 : explain SELECT SUM(k) FROM sbtest7 WHERE id BETWEEN 4886448 AND 4887447
	Aggregate  (cost=4070.33..4070.34 rows=1 width=8)
	  ->  Bitmap Heap Scan on sbtest7  (cost=35.21..4067.71 rows=1051 width=4)
	        Recheck Cond: ((id >= 4886448) AND (id <= 4887447))
	        ->  Bitmap Index Scan on sbtest7_pkey  (cost=0.00..34.95 rows=1051 width=0)
	              Index Cond: ((id >= 4886448) AND (id <= 4887447))

table 8 : explain SELECT SUM(k) FROM sbtest8 WHERE id BETWEEN 2126644 AND 2127643
	Aggregate  (cost=3819.88..3819.89 rows=1 width=8)
	  ->  Bitmap Heap Scan on sbtest8  (cost=30.53..3817.41 rows=985 width=4)
	        Recheck Cond: ((id >= 2126644) AND (id <= 2127643))
	        ->  Bitmap Index Scan on sbtest8_pkey  (cost=0.00..30.29 rows=985 width=0)
	              Index Cond: ((id >= 2126644) AND (id <= 2127643))

for point_selects
table 1 : explain SELECT c FROM sbtest1 WHERE id=4020995
	Index Scan using sbtest1_pkey on sbtest1  (cost=0.43..8.45 rows=1 width=121)
	  Index Cond: (id = 4020995)

table 2 : explain SELECT c FROM sbtest2 WHERE id=1850642
	Index Scan using sbtest2_pkey on sbtest2  (cost=0.43..8.45 rows=1 width=121)
	  Index Cond: (id = 1850642)

table 3 : explain SELECT c FROM sbtest3 WHERE id=7256184
	Index Scan using sbtest3_pkey on sbtest3  (cost=0.43..8.45 rows=1 width=121)
	  Index Cond: (id = 7256184)

table 4 : explain SELECT c FROM sbtest4 WHERE id=2225469
	Index Scan using sbtest4_pkey on sbtest4  (cost=0.43..8.45 rows=1 width=121)
	  Index Cond: (id = 2225469)

table 5 : explain SELECT c FROM sbtest5 WHERE id=3528277
	Index Scan using sbtest5_pkey on sbtest5  (cost=0.43..8.45 rows=1 width=121)
	  Index Cond: (id = 3528277)

table 6 : explain SELECT c FROM sbtest6 WHERE id=4342581
	Index Scan using sbtest6_pkey on sbtest6  (cost=0.43..8.45 rows=1 width=121)
	  Index Cond: (id = 4342581)

table 7 : explain SELECT c FROM sbtest7 WHERE id=9020836
	Index Scan using sbtest7_pkey on sbtest7  (cost=0.43..8.45 rows=1 width=121)
	  Index Cond: (id = 9020836)

table 8 : explain SELECT c FROM sbtest8 WHERE id=6445416
	Index Scan using sbtest8_pkey on sbtest8  (cost=0.43..8.45 rows=1 width=121)
	  Index Cond: (id = 6445416)

explain: for point_selects :: explain SELECT c FROM sbtest%u WHERE id=%u
for: sum_ranges
table 1 : explain SELECT SUM(k) FROM sbtest1 WHERE id BETWEEN 9456471 AND 9457470
	Aggregate  (cost=3945.79..3945.80 rows=1 width=8)
	  ->  Bitmap Heap Scan on sbtest1  (cost=30.87..3943.25 rows=1018 width=4)
	        Recheck Cond: ((id >= 9456471) AND (id <= 9457470))
	        ->  Bitmap Index Scan on sbtest1_pkey  (cost=0.00..30.61 rows=1018 width=0)
	              Index Cond: ((id >= 9456471) AND (id <= 9457470))

table 2 : explain SELECT SUM(k) FROM sbtest2 WHERE id BETWEEN 9611414 AND 9612413
	Aggregate  (cost=3895.16..3895.17 rows=1 width=8)
	  ->  Bitmap Heap Scan on sbtest2  (cost=30.74..3892.65 rows=1005 width=4)
	        Recheck Cond: ((id >= 9611414) AND (id <= 9612413))
	        ->  Bitmap Index Scan on sbtest2_pkey  (cost=0.00..30.48 rows=1005 width=0)
	              Index Cond: ((id >= 9611414) AND (id <= 9612413))

table 3 : explain SELECT SUM(k) FROM sbtest3 WHERE id BETWEEN 7682675 AND 7683674
	Aggregate  (cost=3784.04..3784.05 rows=1 width=8)
	  ->  Bitmap Heap Scan on sbtest3  (cost=30.44..3781.60 rows=976 width=4)
	        Recheck Cond: ((id >= 7682675) AND (id <= 7683674))
	        ->  Bitmap Index Scan on sbtest3_pkey  (cost=0.00..30.19 rows=976 width=0)
	              Index Cond: ((id >= 7682675) AND (id <= 7683674))

table 4 : explain SELECT SUM(k) FROM sbtest4 WHERE id BETWEEN 8806321 AND 8807320
	Aggregate  (cost=3838.47..3838.48 rows=1 width=8)
	  ->  Bitmap Heap Scan on sbtest4  (cost=30.58..3835.99 rows=990 width=4)
	        Recheck Cond: ((id >= 8806321) AND (id <= 8807320))
	        ->  Bitmap Index Scan on sbtest4_pkey  (cost=0.00..30.33 rows=990 width=0)
	              Index Cond: ((id >= 8806321) AND (id <= 8807320))

table 5 : explain SELECT SUM(k) FROM sbtest5 WHERE id BETWEEN 9954277 AND 9955276
	Aggregate  (cost=3517.23..3517.24 rows=1 width=8)
	  ->  Bitmap Heap Scan on sbtest5  (cost=29.71..3514.97 rows=905 width=4)
	        Recheck Cond: ((id >= 9954277) AND (id <= 9955276))
	        ->  Bitmap Index Scan on sbtest5_pkey  (cost=0.00..29.48 rows=905 width=0)
	              Index Cond: ((id >= 9954277) AND (id <= 9955276))

table 6 : explain SELECT SUM(k) FROM sbtest6 WHERE id BETWEEN 4135832 AND 4136831
	Aggregate  (cost=3592.50..3592.51 rows=1 width=8)
	  ->  Bitmap Heap Scan on sbtest6  (cost=29.92..3590.19 rows=925 width=4)
	        Recheck Cond: ((id >= 4135832) AND (id <= 4136831))
	        ->  Bitmap Index Scan on sbtest6_pkey  (cost=0.00..29.68 rows=925 width=0)
	              Index Cond: ((id >= 4135832) AND (id <= 4136831))

table 7 : explain SELECT SUM(k) FROM sbtest7 WHERE id BETWEEN 7753683 AND 7754682
	Aggregate  (cost=4194.54..4194.55 rows=1 width=8)
	  ->  Bitmap Heap Scan on sbtest7  (cost=35.55..4191.83 rows=1084 width=4)
	        Recheck Cond: ((id >= 7753683) AND (id <= 7754682))
	        ->  Bitmap Index Scan on sbtest7_pkey  (cost=0.00..35.28 rows=1084 width=0)
	              Index Cond: ((id >= 7753683) AND (id <= 7754682))

table 8 : explain SELECT SUM(k) FROM sbtest8 WHERE id BETWEEN 7151221 AND 7152220
	Aggregate  (cost=3974.67..3974.68 rows=1 width=8)
	  ->  Bitmap Heap Scan on sbtest8  (cost=30.95..3972.10 rows=1026 width=4)
	        Recheck Cond: ((id >= 7151221) AND (id <= 7152220))
	        ->  Bitmap Index Scan on sbtest8_pkey  (cost=0.00..30.69 rows=1026 width=0)
	              Index Cond: ((id >= 7151221) AND (id <= 7152220))

for point_selects
table 1 : explain SELECT c FROM sbtest1 WHERE id=401999
	Index Scan using sbtest1_pkey on sbtest1  (cost=0.43..8.45 rows=1 width=121)
	  Index Cond: (id = 401999)

table 2 : explain SELECT c FROM sbtest2 WHERE id=2884812
	Index Scan using sbtest2_pkey on sbtest2  (cost=0.43..8.45 rows=1 width=121)
	  Index Cond: (id = 2884812)

table 3 : explain SELECT c FROM sbtest3 WHERE id=4055437
	Index Scan using sbtest3_pkey on sbtest3  (cost=0.43..8.45 rows=1 width=121)
	  Index Cond: (id = 4055437)

table 4 : explain SELECT c FROM sbtest4 WHERE id=6915756
	Index Scan using sbtest4_pkey on sbtest4  (cost=0.43..8.45 rows=1 width=121)
	  Index Cond: (id = 6915756)

table 5 : explain SELECT c FROM sbtest5 WHERE id=3584238
	Index Scan using sbtest5_pkey on sbtest5  (cost=0.43..8.45 rows=1 width=121)
	  Index Cond: (id = 3584238)

table 6 : explain SELECT c FROM sbtest6 WHERE id=7359960
	Index Scan using sbtest6_pkey on sbtest6  (cost=0.43..8.45 rows=1 width=121)
	  Index Cond: (id = 7359960)

table 7 : explain SELECT c FROM sbtest7 WHERE id=2160624
	Index Scan using sbtest7_pkey on sbtest7  (cost=0.43..8.45 rows=1 width=121)
	  Index Cond: (id = 2160624)

table 8 : explain SELECT c FROM sbtest8 WHERE id=210391
	Index Scan using sbtest8_pkey on sbtest8  (cost=0.43..8.45 rows=1 width=121)
	  Index Cond: (id = 210391)

for: simple_ranges
table 1 : explain SELECT c FROM sbtest1 WHERE id BETWEEN 7745275 AND 7746274
	Bitmap Heap Scan on sbtest1  (cost=30.67..3871.54 rows=999 width=121)
	  Recheck Cond: ((id >= 7745275) AND (id <= 7746274))
	  ->  Bitmap Index Scan on sbtest1_pkey  (cost=0.00..30.43 rows=999 width=0)
	        Index Cond: ((id >= 7745275) AND (id <= 7746274))

table 2 : explain SELECT c FROM sbtest2 WHERE id BETWEEN 5203824 AND 5204823
	Bitmap Heap Scan on sbtest2  (cost=35.52..4183.00 rows=1081 width=121)
	  Recheck Cond: ((id >= 5203824) AND (id <= 5204823))
	  ->  Bitmap Index Scan on sbtest2_pkey  (cost=0.00..35.25 rows=1081 width=0)
	        Index Cond: ((id >= 5203824) AND (id <= 5204823))

table 3 : explain SELECT c FROM sbtest3 WHERE id BETWEEN 579992 AND 580991
	Bitmap Heap Scan on sbtest3  (cost=31.24..4075.56 rows=1054 width=121)
	  Recheck Cond: ((id >= 579992) AND (id <= 580991))
	  ->  Bitmap Index Scan on sbtest3_pkey  (cost=0.00..30.97 rows=1054 width=0)
	        Index Cond: ((id >= 579992) AND (id <= 580991))

table 4 : explain SELECT c FROM sbtest4 WHERE id BETWEEN 1169691 AND 1170690
	Bitmap Heap Scan on sbtest4  (cost=30.87..3941.62 rows=1018 width=121)
	  Recheck Cond: ((id >= 1169691) AND (id <= 1170690))
	  ->  Bitmap Index Scan on sbtest4_pkey  (cost=0.00..30.61 rows=1018 width=0)
	        Index Cond: ((id >= 1169691) AND (id <= 1170690))

table 5 : explain SELECT c FROM sbtest5 WHERE id BETWEEN 3790360 AND 3791359
	Bitmap Heap Scan on sbtest5  (cost=31.25..4081.38 rows=1055 width=121)
	  Recheck Cond: ((id >= 3790360) AND (id <= 3791359))
	  ->  Bitmap Index Scan on sbtest5_pkey  (cost=0.00..30.98 rows=1055 width=0)
	        Index Cond: ((id >= 3790360) AND (id <= 3791359))

table 6 : explain SELECT c FROM sbtest6 WHERE id BETWEEN 1308234 AND 1309233
	Bitmap Heap Scan on sbtest6  (cost=35.83..4299.27 rows=1112 width=121)
	  Recheck Cond: ((id >= 1308234) AND (id <= 1309233))
	  ->  Bitmap Index Scan on sbtest6_pkey  (cost=0.00..35.56 rows=1112 width=0)
	        Index Cond: ((id >= 1308234) AND (id <= 1309233))

table 7 : explain SELECT c FROM sbtest7 WHERE id BETWEEN 8807285 AND 8808284
	Bitmap Heap Scan on sbtest7  (cost=30.48..3796.18 rows=980 width=121)
	  Recheck Cond: ((id >= 8807285) AND (id <= 8808284))
	  ->  Bitmap Index Scan on sbtest7_pkey  (cost=0.00..30.23 rows=980 width=0)
	        Index Cond: ((id >= 8807285) AND (id <= 8808284))

table 8 : explain SELECT c FROM sbtest8 WHERE id BETWEEN 1119312 AND 1120311
	Bitmap Heap Scan on sbtest8  (cost=30.51..3809.86 rows=983 width=121)
	  Recheck Cond: ((id >= 1119312) AND (id <= 1120311))
	  ->  Bitmap Index Scan on sbtest8_pkey  (cost=0.00..30.26 rows=983 width=0)
	        Index Cond: ((id >= 1119312) AND (id <= 1120311))

for: simple_ranges
table 1 : explain SELECT c FROM sbtest1 WHERE id BETWEEN 6800680 AND 6801679
	Bitmap Heap Scan on sbtest1  (cost=29.53..3447.87 rows=887 width=121)
	  Recheck Cond: ((id >= 6800680) AND (id <= 6801679))
	  ->  Bitmap Index Scan on sbtest1_pkey  (cost=0.00..29.30 rows=887 width=0)
	        Index Cond: ((id >= 6800680) AND (id <= 6801679))

table 2 : explain SELECT c FROM sbtest2 WHERE id BETWEEN 428969 AND 429968
	Bitmap Heap Scan on sbtest2  (cost=30.47..3794.52 rows=979 width=121)
	  Recheck Cond: ((id >= 428969) AND (id <= 429968))
	  ->  Bitmap Index Scan on sbtest2_pkey  (cost=0.00..30.22 rows=979 width=0)
	        Index Cond: ((id >= 428969) AND (id <= 429968))

table 3 : explain SELECT c FROM sbtest3 WHERE id BETWEEN 5437238 AND 5438237
	Bitmap Heap Scan on sbtest3  (cost=30.15..3675.88 rows=948 width=121)
	  Recheck Cond: ((id >= 5437238) AND (id <= 5438237))
	  ->  Bitmap Index Scan on sbtest3_pkey  (cost=0.00..29.91 rows=948 width=0)
	        Index Cond: ((id >= 5437238) AND (id <= 5438237))

table 4 : explain SELECT c FROM sbtest4 WHERE id BETWEEN 5595384 AND 5596383
	Bitmap Heap Scan on sbtest4  (cost=30.33..3741.59 rows=965 width=121)
	  Recheck Cond: ((id >= 5595384) AND (id <= 5596383))
	  ->  Bitmap Index Scan on sbtest4_pkey  (cost=0.00..30.08 rows=965 width=0)
	        Index Cond: ((id >= 5595384) AND (id <= 5596383))

table 5 : explain SELECT c FROM sbtest5 WHERE id BETWEEN 1136372 AND 1137371
	Bitmap Heap Scan on sbtest5  (cost=35.51..4179.51 rows=1080 width=121)
	  Recheck Cond: ((id >= 1136372) AND (id <= 1137371))
	  ->  Bitmap Index Scan on sbtest5_pkey  (cost=0.00..35.23 rows=1080 width=0)
	        Index Cond: ((id >= 1136372) AND (id <= 1137371))

table 6 : explain SELECT c FROM sbtest6 WHERE id BETWEEN 6393241 AND 6394240
	Bitmap Heap Scan on sbtest6  (cost=35.92..4329.34 rows=1120 width=121)
	  Recheck Cond: ((id >= 6393241) AND (id <= 6394240))
	  ->  Bitmap Index Scan on sbtest6_pkey  (cost=0.00..35.64 rows=1120 width=0)
	        Index Cond: ((id >= 6393241) AND (id <= 6394240))

table 7 : explain SELECT c FROM sbtest7 WHERE id BETWEEN 6810330 AND 6811329
	Bitmap Heap Scan on sbtest7  (cost=30.98..3980.88 rows=1029 width=121)
	  Recheck Cond: ((id >= 6810330) AND (id <= 6811329))
	  ->  Bitmap Index Scan on sbtest7_pkey  (cost=0.00..30.72 rows=1029 width=0)
	        Index Cond: ((id >= 6810330) AND (id <= 6811329))

table 8 : explain SELECT c FROM sbtest8 WHERE id BETWEEN 7721372 AND 7722371
	Bitmap Heap Scan on sbtest8  (cost=30.93..3964.56 rows=1024 width=121)
	  Recheck Cond: ((id >= 7721372) AND (id <= 7722371))
	  ->  Bitmap Index Scan on sbtest8_pkey  (cost=0.00..30.68 rows=1024 width=0)
	        Index Cond: ((id >= 7721372) AND (id <= 7722371))

for point_selects
table 1 : explain SELECT c FROM sbtest1 WHERE id=2656902
	Index Scan using sbtest1_pkey on sbtest1  (cost=0.43..8.45 rows=1 width=121)
	  Index Cond: (id = 2656902)

table 2 : explain SELECT c FROM sbtest2 WHERE id=5562627
	Index Scan using sbtest2_pkey on sbtest2  (cost=0.43..8.45 rows=1 width=121)
	  Index Cond: (id = 5562627)

table 3 : explain SELECT c FROM sbtest3 WHERE id=2068224
	Index Scan using sbtest3_pkey on sbtest3  (cost=0.43..8.45 rows=1 width=121)
	  Index Cond: (id = 2068224)

table 4 : explain SELECT c FROM sbtest4 WHERE id=817447
	Index Scan using sbtest4_pkey on sbtest4  (cost=0.43..8.45 rows=1 width=121)
	  Index Cond: (id = 817447)

table 5 : explain SELECT c FROM sbtest5 WHERE id=9694359
	Index Scan using sbtest5_pkey on sbtest5  (cost=0.43..8.45 rows=1 width=121)
	  Index Cond: (id = 9694359)

table 6 : explain SELECT c FROM sbtest6 WHERE id=2445763
	Index Scan using sbtest6_pkey on sbtest6  (cost=0.43..8.45 rows=1 width=121)
	  Index Cond: (id = 2445763)

table 7 : explain SELECT c FROM sbtest7 WHERE id=6645175
	Index Scan using sbtest7_pkey on sbtest7  (cost=0.43..8.45 rows=1 width=121)
	  Index Cond: (id = 6645175)

table 8 : explain SELECT c FROM sbtest8 WHERE id=5120754
	Index Scan using sbtest8_pkey on sbtest8  (cost=0.43..8.45 rows=1 width=121)
	  Index Cond: (id = 5120754)

for: sum_ranges
table 1 : explain SELECT SUM(k) FROM sbtest1 WHERE id BETWEEN 8993003 AND 8994002
	Aggregate  (cost=4345.57..4345.58 rows=1 width=8)
	  ->  Bitmap Heap Scan on sbtest1  (cost=35.95..4342.76 rows=1123 width=4)
	        Recheck Cond: ((id >= 8993003) AND (id <= 8994002))
	        ->  Bitmap Index Scan on sbtest1_pkey  (cost=0.00..35.67 rows=1123 width=0)
	              Index Cond: ((id >= 8993003) AND (id <= 8994002))

table 2 : explain SELECT SUM(k) FROM sbtest2 WHERE id BETWEEN 6749377 AND 6750376
	Aggregate  (cost=3898.94..3898.95 rows=1 width=8)
	  ->  Bitmap Heap Scan on sbtest2  (cost=30.75..3896.42 rows=1006 width=4)
	        Recheck Cond: ((id >= 6749377) AND (id <= 6750376))
	        ->  Bitmap Index Scan on sbtest2_pkey  (cost=0.00..30.50 rows=1006 width=0)
	              Index Cond: ((id >= 6749377) AND (id <= 6750376))

table 3 : explain SELECT SUM(k) FROM sbtest3 WHERE id BETWEEN 1209390 AND 1210389
	Aggregate  (cost=3621.54..3621.55 rows=1 width=8)
	  ->  Bitmap Heap Scan on sbtest3  (cost=30.00..3619.21 rows=933 width=4)
	        Recheck Cond: ((id >= 1209390) AND (id <= 1210389))
	        ->  Bitmap Index Scan on sbtest3_pkey  (cost=0.00..29.76 rows=933 width=0)
	              Index Cond: ((id >= 1209390) AND (id <= 1210389))

table 4 : explain SELECT SUM(k) FROM sbtest4 WHERE id BETWEEN 56285 AND 57284
	Aggregate  (cost=4023.38..4023.39 rows=1 width=8)
	  ->  Bitmap Heap Scan on sbtest4  (cost=31.08..4020.78 rows=1039 width=4)
	        Recheck Cond: ((id >= 56285) AND (id <= 57284))
	        ->  Bitmap Index Scan on sbtest4_pkey  (cost=0.00..30.82 rows=1039 width=0)
	              Index Cond: ((id >= 56285) AND (id <= 57284))

table 5 : explain SELECT SUM(k) FROM sbtest5 WHERE id BETWEEN 3477409 AND 3478408
	Aggregate  (cost=4201.04..4201.05 rows=1 width=8)
	  ->  Bitmap Heap Scan on sbtest5  (cost=35.56..4198.33 rows=1085 width=4)
	        Recheck Cond: ((id >= 3477409) AND (id <= 3478408))
	        ->  Bitmap Index Scan on sbtest5_pkey  (cost=0.00..35.29 rows=1085 width=0)
	              Index Cond: ((id >= 3477409) AND (id <= 3478408))

table 6 : explain SELECT SUM(k) FROM sbtest6 WHERE id BETWEEN 7751564 AND 7752563
	Aggregate  (cost=3331.03..3331.04 rows=1 width=8)
	  ->  Bitmap Heap Scan on sbtest6  (cost=29.21..3328.89 rows=856 width=4)
	        Recheck Cond: ((id >= 7751564) AND (id <= 7752563))
	        ->  Bitmap Index Scan on sbtest6_pkey  (cost=0.00..29.00 rows=856 width=0)
	              Index Cond: ((id >= 7751564) AND (id <= 7752563))

table 7 : explain SELECT SUM(k) FROM sbtest7 WHERE id BETWEEN 1251315 AND 1252314
	Aggregate  (cost=3726.89..3726.90 rows=1 width=8)
	  ->  Bitmap Heap Scan on sbtest7  (cost=30.29..3724.48 rows=961 width=4)
	        Recheck Cond: ((id >= 1251315) AND (id <= 1252314))
	        ->  Bitmap Index Scan on sbtest7_pkey  (cost=0.00..30.04 rows=961 width=0)
	              Index Cond: ((id >= 1251315) AND (id <= 1252314))

table 8 : explain SELECT SUM(k) FROM sbtest8 WHERE id BETWEEN 2490734 AND 2491733
	Aggregate  (cost=4042.78..4042.79 rows=1 width=8)
	  ->  Bitmap Heap Scan on sbtest8  (cost=35.13..4040.18 rows=1043 width=4)
	        Recheck Cond: ((id >= 2490734) AND (id <= 2491733))
	        ->  Bitmap Index Scan on sbtest8_pkey  (cost=0.00..34.87 rows=1043 width=0)
	              Index Cond: ((id >= 2490734) AND (id <= 2491733))

explain: for point_selects :: explain SELECT c FROM sbtest%u WHERE id=%u
for: sum_ranges
table 1 : explain SELECT SUM(k) FROM sbtest1 WHERE id BETWEEN 304605 AND 305604
	Aggregate  (cost=3707.68..3707.69 rows=1 width=8)
	  ->  Bitmap Heap Scan on sbtest1  (cost=30.22..3705.29 rows=955 width=4)
	        Recheck Cond: ((id >= 304605) AND (id <= 305604))
	        ->  Bitmap Index Scan on sbtest1_pkey  (cost=0.00..29.98 rows=955 width=0)
	              Index Cond: ((id >= 304605) AND (id <= 305604))

table 2 : explain SELECT SUM(k) FROM sbtest2 WHERE id BETWEEN 5320190 AND 5321189
	Aggregate  (cost=4057.37..4057.38 rows=1 width=8)
	  ->  Bitmap Heap Scan on sbtest2  (cost=31.18..4054.75 rows=1048 width=4)
	        Recheck Cond: ((id >= 5320190) AND (id <= 5321189))
	        ->  Bitmap Index Scan on sbtest2_pkey  (cost=0.00..30.91 rows=1048 width=0)
	              Index Cond: ((id >= 5320190) AND (id <= 5321189))

table 3 : explain SELECT SUM(k) FROM sbtest3 WHERE id BETWEEN 5406084 AND 5407083
	Aggregate  (cost=3980.23..3980.24 rows=1 width=8)
	  ->  Bitmap Heap Scan on sbtest3  (cost=30.97..3977.66 rows=1028 width=4)
	        Recheck Cond: ((id >= 5406084) AND (id <= 5407083))
	        ->  Bitmap Index Scan on sbtest3_pkey  (cost=0.00..30.71 rows=1028 width=0)
	              Index Cond: ((id >= 5406084) AND (id <= 5407083))

table 4 : explain SELECT SUM(k) FROM sbtest4 WHERE id BETWEEN 4048928 AND 4049927
	Aggregate  (cost=4257.16..4257.17 rows=1 width=8)
	  ->  Bitmap Heap Scan on sbtest4  (cost=35.71..4254.41 rows=1100 width=4)
	        Recheck Cond: ((id >= 4048928) AND (id <= 4049927))
	        ->  Bitmap Index Scan on sbtest4_pkey  (cost=0.00..35.44 rows=1100 width=0)
	              Index Cond: ((id >= 4048928) AND (id <= 4049927))

table 5 : explain SELECT SUM(k) FROM sbtest5 WHERE id BETWEEN 4740032 AND 4741031
	Aggregate  (cost=3914.28..3914.29 rows=1 width=8)
	  ->  Bitmap Heap Scan on sbtest5  (cost=30.79..3911.76 rows=1010 width=4)
	        Recheck Cond: ((id >= 4740032) AND (id <= 4741031))
	        ->  Bitmap Index Scan on sbtest5_pkey  (cost=0.00..30.54 rows=1010 width=0)
	              Index Cond: ((id >= 4740032) AND (id <= 4741031))

table 6 : explain SELECT SUM(k) FROM sbtest6 WHERE id BETWEEN 2819733 AND 2820732
	Aggregate  (cost=3796.70..3796.71 rows=1 width=8)
	  ->  Bitmap Heap Scan on sbtest6  (cost=30.47..3794.25 rows=979 width=4)
	        Recheck Cond: ((id >= 2819733) AND (id <= 2820732))
	        ->  Bitmap Index Scan on sbtest6_pkey  (cost=0.00..30.22 rows=979 width=0)
	              Index Cond: ((id >= 2819733) AND (id <= 2820732))

table 7 : explain SELECT SUM(k) FROM sbtest7 WHERE id BETWEEN 8679916 AND 8680915
	Aggregate  (cost=4081.63..4081.64 rows=1 width=8)
	  ->  Bitmap Heap Scan on sbtest7  (cost=35.24..4079.00 rows=1054 width=4)
	        Recheck Cond: ((id >= 8679916) AND (id <= 8680915))
	        ->  Bitmap Index Scan on sbtest7_pkey  (cost=0.00..34.98 rows=1054 width=0)
	              Index Cond: ((id >= 8679916) AND (id <= 8680915))

table 8 : explain SELECT SUM(k) FROM sbtest8 WHERE id BETWEEN 49942 AND 50941
	Aggregate  (cost=3778.31..3778.32 rows=1 width=8)
	  ->  Bitmap Heap Scan on sbtest8  (cost=30.42..3775.88 rows=974 width=4)
	        Recheck Cond: ((id >= 49942) AND (id <= 50941))
	        ->  Bitmap Index Scan on sbtest8_pkey  (cost=0.00..30.18 rows=974 width=0)
	              Index Cond: ((id >= 49942) AND (id <= 50941))

for: simple_ranges
table 1 : explain SELECT c FROM sbtest1 WHERE id BETWEEN 396613 AND 397612
	Bitmap Heap Scan on sbtest1  (cost=30.54..3822.44 rows=986 width=121)
	  Recheck Cond: ((id >= 396613) AND (id <= 397612))
	  ->  Bitmap Index Scan on sbtest1_pkey  (cost=0.00..30.29 rows=986 width=0)
	        Index Cond: ((id >= 396613) AND (id <= 397612))

table 2 : explain SELECT c FROM sbtest2 WHERE id BETWEEN 8128446 AND 8129445
	Bitmap Heap Scan on sbtest2  (cost=30.13..3669.85 rows=946 width=121)
	  Recheck Cond: ((id >= 8128446) AND (id <= 8129445))
	  ->  Bitmap Index Scan on sbtest2_pkey  (cost=0.00..29.89 rows=946 width=0)
	        Index Cond: ((id >= 8128446) AND (id <= 8129445))

table 3 : explain SELECT c FROM sbtest3 WHERE id BETWEEN 5122874 AND 5123873
	Bitmap Heap Scan on sbtest3  (cost=31.18..4052.98 rows=1048 width=121)
	  Recheck Cond: ((id >= 5122874) AND (id <= 5123873))
	  ->  Bitmap Index Scan on sbtest3_pkey  (cost=0.00..30.91 rows=1048 width=0)
	        Index Cond: ((id >= 5122874) AND (id <= 5123873))

table 4 : explain SELECT c FROM sbtest4 WHERE id BETWEEN 9893778 AND 9894777
	Bitmap Heap Scan on sbtest4  (cost=30.58..3835.99 rows=990 width=121)
	  Recheck Cond: ((id >= 9893778) AND (id <= 9894777))
	  ->  Bitmap Index Scan on sbtest4_pkey  (cost=0.00..30.33 rows=990 width=0)
	        Index Cond: ((id >= 9893778) AND (id <= 9894777))

table 5 : explain SELECT c FROM sbtest5 WHERE id BETWEEN 4811411 AND 4812410
	Bitmap Heap Scan on sbtest5  (cost=30.55..3824.96 rows=987 width=121)
	  Recheck Cond: ((id >= 4811411) AND (id <= 4812410))
	  ->  Bitmap Index Scan on sbtest5_pkey  (cost=0.00..30.30 rows=987 width=0)
	        Index Cond: ((id >= 4811411) AND (id <= 4812410))

table 6 : explain SELECT c FROM sbtest6 WHERE id BETWEEN 9069185 AND 9070184
	Bitmap Heap Scan on sbtest6  (cost=35.34..4118.70 rows=1064 width=121)
	  Recheck Cond: ((id >= 9069185) AND (id <= 9070184))
	  ->  Bitmap Index Scan on sbtest6_pkey  (cost=0.00..35.08 rows=1064 width=0)
	        Index Cond: ((id >= 9069185) AND (id <= 9070184))

table 7 : explain SELECT c FROM sbtest7 WHERE id BETWEEN 7814102 AND 7815101
	Bitmap Heap Scan on sbtest7  (cost=35.55..4191.83 rows=1084 width=121)
	  Recheck Cond: ((id >= 7814102) AND (id <= 7815101))
	  ->  Bitmap Index Scan on sbtest7_pkey  (cost=0.00..35.28 rows=1084 width=0)
	        Index Cond: ((id >= 7814102) AND (id <= 7815101))

table 8 : explain SELECT c FROM sbtest8 WHERE id BETWEEN 4780404 AND 4781403
	Bitmap Heap Scan on sbtest8  (cost=30.58..3836.29 rows=990 width=121)
	  Recheck Cond: ((id >= 4780404) AND (id <= 4781403))
	  ->  Bitmap Index Scan on sbtest8_pkey  (cost=0.00..30.33 rows=990 width=0)
	        Index Cond: ((id >= 4780404) AND (id <= 4781403))

explain: for point_selects :: explain SELECT c FROM sbtest%u WHERE id=%u
explain: for point_selects :: explain SELECT c FROM sbtest%u WHERE id=%u
for: simple_ranges
table 1 : explain SELECT c FROM sbtest1 WHERE id BETWEEN 5804748 AND 5805747
	Bitmap Heap Scan on sbtest1  (cost=30.87..3943.25 rows=1018 width=121)
	  Recheck Cond: ((id >= 5804748) AND (id <= 5805747))
	  ->  Bitmap Index Scan on sbtest1_pkey  (cost=0.00..30.61 rows=1018 width=0)
	        Index Cond: ((id >= 5804748) AND (id <= 5805747))

table 2 : explain SELECT c FROM sbtest2 WHERE id BETWEEN 1800928 AND 1801927
	Bitmap Heap Scan on sbtest2  (cost=35.69..4246.96 rows=1098 width=121)
	  Recheck Cond: ((id >= 1800928) AND (id <= 1801927))
	  ->  Bitmap Index Scan on sbtest2_pkey  (cost=0.00..35.42 rows=1098 width=0)
	        Index Cond: ((id >= 1800928) AND (id <= 1801927))

table 3 : explain SELECT c FROM sbtest3 WHERE id BETWEEN 2151908 AND 2152907
	Bitmap Heap Scan on sbtest3  (cost=30.92..3958.82 rows=1023 width=121)
	  Recheck Cond: ((id >= 2151908) AND (id <= 2152907))
	  ->  Bitmap Index Scan on sbtest3_pkey  (cost=0.00..30.66 rows=1023 width=0)
	        Index Cond: ((id >= 2151908) AND (id <= 2152907))

table 4 : explain SELECT c FROM sbtest4 WHERE id BETWEEN 9622193 AND 9623192
	Bitmap Heap Scan on sbtest4  (cost=30.27..3722.70 rows=960 width=121)
	  Recheck Cond: ((id >= 9622193) AND (id <= 9623192))
	  ->  Bitmap Index Scan on sbtest4_pkey  (cost=0.00..30.04 rows=960 width=0)
	        Index Cond: ((id >= 9622193) AND (id <= 9623192))

table 5 : explain SELECT c FROM sbtest5 WHERE id BETWEEN 1268735 AND 1269734
	Bitmap Heap Scan on sbtest5  (cost=30.72..3885.35 rows=1003 width=121)
	  Recheck Cond: ((id >= 1268735) AND (id <= 1269734))
	  ->  Bitmap Index Scan on sbtest5_pkey  (cost=0.00..30.46 rows=1003 width=0)
	        Index Cond: ((id >= 1268735) AND (id <= 1269734))

table 6 : explain SELECT c FROM sbtest6 WHERE id BETWEEN 5315696 AND 5316695
	Bitmap Heap Scan on sbtest6  (cost=30.27..3722.50 rows=960 width=121)
	  Recheck Cond: ((id >= 5315696) AND (id <= 5316695))
	  ->  Bitmap Index Scan on sbtest6_pkey  (cost=0.00..30.04 rows=960 width=0)
	        Index Cond: ((id >= 5315696) AND (id <= 5316695))

table 7 : explain SELECT c FROM sbtest7 WHERE id BETWEEN 8819090 AND 8820089
	Bitmap Heap Scan on sbtest7  (cost=30.48..3796.18 rows=980 width=121)
	  Recheck Cond: ((id >= 8819090) AND (id <= 8820089))
	  ->  Bitmap Index Scan on sbtest7_pkey  (cost=0.00..30.23 rows=980 width=0)
	        Index Cond: ((id >= 8819090) AND (id <= 8820089))

table 8 : explain SELECT c FROM sbtest8 WHERE id BETWEEN 6920047 AND 6921046
	Bitmap Heap Scan on sbtest8  (cost=30.87..3941.93 rows=1018 width=121)
	  Recheck Cond: ((id >= 6920047) AND (id <= 6921046))
	  ->  Bitmap Index Scan on sbtest8_pkey  (cost=0.00..30.61 rows=1018 width=0)
	        Index Cond: ((id >= 6920047) AND (id <= 6921046))

for: order_ranges
table 1 : explain SELECT c FROM sbtest1 WHERE id BETWEEN 7548739 AND 7549738 ORDER BY c
	Sort  (cost=4024.75..4027.31 rows=1026 width=121)
	  Sort Key: c
	  ->  Bitmap Heap Scan on sbtest1  (cost=30.95..3973.43 rows=1026 width=121)
	        Recheck Cond: ((id >= 7548739) AND (id <= 7549738))
	        ->  Bitmap Index Scan on sbtest1_pkey  (cost=0.00..30.69 rows=1026 width=0)
	              Index Cond: ((id >= 7548739) AND (id <= 7549738))

table 2 : explain SELECT c FROM sbtest2 WHERE id BETWEEN 4586614 AND 4587613 ORDER BY c
	Sort  (cost=3831.66..3834.10 rows=976 width=121)
	  Sort Key: c
	  ->  Bitmap Heap Scan on sbtest2  (cost=30.44..3783.19 rows=976 width=121)
	        Recheck Cond: ((id >= 4586614) AND (id <= 4587613))
	        ->  Bitmap Index Scan on sbtest2_pkey  (cost=0.00..30.19 rows=976 width=0)
	              Index Cond: ((id >= 4586614) AND (id <= 4587613))

table 3 : explain SELECT c FROM sbtest3 WHERE id BETWEEN 5319465 AND 5320464 ORDER BY c
	Sort  (cost=4097.91..4100.53 rows=1046 width=121)
	  Sort Key: c
	  ->  Bitmap Heap Scan on sbtest3  (cost=31.16..4045.45 rows=1046 width=121)
	        Recheck Cond: ((id >= 5319465) AND (id <= 5320464))
	        ->  Bitmap Index Scan on sbtest3_pkey  (cost=0.00..30.89 rows=1046 width=0)
	              Index Cond: ((id >= 5319465) AND (id <= 5320464))

table 4 : explain SELECT c FROM sbtest4 WHERE id BETWEEN 9698029 AND 9699028 ORDER BY c
	Sort  (cost=3770.26..3772.66 rows=960 width=121)
	  Sort Key: c
	  ->  Bitmap Heap Scan on sbtest4  (cost=30.27..3722.70 rows=960 width=121)
	        Recheck Cond: ((id >= 9698029) AND (id <= 9699028))
	        ->  Bitmap Index Scan on sbtest4_pkey  (cost=0.00..30.04 rows=960 width=0)
	              Index Cond: ((id >= 9698029) AND (id <= 9699028))

table 5 : explain SELECT c FROM sbtest5 WHERE id BETWEEN 2378126 AND 2379125 ORDER BY c
	Sort  (cost=3782.04..3784.45 rows=963 width=121)
	  Sort Key: c
	  ->  Bitmap Heap Scan on sbtest5  (cost=30.31..3734.32 rows=963 width=121)
	        Recheck Cond: ((id >= 2378126) AND (id <= 2379125))
	        ->  Bitmap Index Scan on sbtest5_pkey  (cost=0.00..30.07 rows=963 width=0)
	              Index Cond: ((id >= 2378126) AND (id <= 2379125))

table 6 : explain SELECT c FROM sbtest6 WHERE id BETWEEN 9950160 AND 9951159 ORDER BY c
	Sort  (cost=4042.00..4044.58 rows=1031 width=121)
	  Sort Key: c
	  ->  Bitmap Heap Scan on sbtest6  (cost=31.00..3990.40 rows=1031 width=121)
	        Recheck Cond: ((id >= 9950160) AND (id <= 9951159))
	        ->  Bitmap Index Scan on sbtest6_pkey  (cost=0.00..30.75 rows=1031 width=0)
	              Index Cond: ((id >= 9950160) AND (id <= 9951159))

table 7 : explain SELECT c FROM sbtest7 WHERE id BETWEEN 7196976 AND 7197975 ORDER BY c
	Sort  (cost=4013.25..4015.81 rows=1024 width=121)
	  Sort Key: c
	  ->  Bitmap Heap Scan on sbtest7  (cost=30.93..3962.05 rows=1024 width=121)
	        Recheck Cond: ((id >= 7196976) AND (id <= 7197975))
	        ->  Bitmap Index Scan on sbtest7_pkey  (cost=0.00..30.68 rows=1024 width=0)
	              Index Cond: ((id >= 7196976) AND (id <= 7197975))

table 8 : explain SELECT c FROM sbtest8 WHERE id BETWEEN 1595413 AND 1596412 ORDER BY c
	Sort  (cost=4119.24..4121.87 rows=1050 width=121)
	  Sort Key: c
	  ->  Bitmap Heap Scan on sbtest8  (cost=35.20..4066.55 rows=1050 width=121)
	        Recheck Cond: ((id >= 1595413) AND (id <= 1596412))
	        ->  Bitmap Index Scan on sbtest8_pkey  (cost=0.00..34.94 rows=1050 width=0)
	              Index Cond: ((id >= 1595413) AND (id <= 1596412))

for: order_ranges
table 1 : explain SELECT c FROM sbtest1 WHERE id BETWEEN 4623225 AND 4624224 ORDER BY c
	Sort  (cost=4032.40..4034.97 rows=1028 width=121)
	  Sort Key: c
	  ->  Bitmap Heap Scan on sbtest1  (cost=30.97..3980.98 rows=1028 width=121)
	        Recheck Cond: ((id >= 4623225) AND (id <= 4624224))
	        ->  Bitmap Index Scan on sbtest1_pkey  (cost=0.00..30.71 rows=1028 width=0)
	              Index Cond: ((id >= 4623225) AND (id <= 4624224))

table 2 : explain SELECT c FROM sbtest2 WHERE id BETWEEN 688792 AND 689791 ORDER BY c
	Sort  (cost=4275.68..4278.40 rows=1091 width=121)
	  Sort Key: c
	  ->  Bitmap Heap Scan on sbtest2  (cost=35.62..4220.63 rows=1091 width=121)
	        Recheck Cond: ((id >= 688792) AND (id <= 689791))
	        ->  Bitmap Index Scan on sbtest2_pkey  (cost=0.00..35.34 rows=1091 width=0)
	              Index Cond: ((id >= 688792) AND (id <= 689791))

table 3 : explain SELECT c FROM sbtest3 WHERE id BETWEEN 8479796 AND 8480795 ORDER BY c
	Sort  (cost=3772.59..3774.99 rows=961 width=121)
	  Sort Key: c
	  ->  Bitmap Heap Scan on sbtest3  (cost=30.29..3724.98 rows=961 width=121)
	        Recheck Cond: ((id >= 8479796) AND (id <= 8480795))
	        ->  Bitmap Index Scan on sbtest3_pkey  (cost=0.00..30.04 rows=961 width=0)
	              Index Cond: ((id >= 8479796) AND (id <= 8480795))

table 4 : explain SELECT c FROM sbtest4 WHERE id BETWEEN 1056018 AND 1057017 ORDER BY c
	Sort  (cost=3770.26..3772.66 rows=960 width=121)
	  Sort Key: c
	  ->  Bitmap Heap Scan on sbtest4  (cost=30.27..3722.70 rows=960 width=121)
	        Recheck Cond: ((id >= 1056018) AND (id <= 1057017))
	        ->  Bitmap Index Scan on sbtest4_pkey  (cost=0.00..30.04 rows=960 width=0)
	              Index Cond: ((id >= 1056018) AND (id <= 1057017))

table 5 : explain SELECT c FROM sbtest5 WHERE id BETWEEN 5601173 AND 5602172 ORDER BY c
	Sort  (cost=3647.74..3650.06 rows=928 width=121)
	  Sort Key: c
	  ->  Bitmap Heap Scan on sbtest5  (cost=29.95..3602.00 rows=928 width=121)
	        Recheck Cond: ((id >= 5601173) AND (id <= 5602172))
	        ->  Bitmap Index Scan on sbtest5_pkey  (cost=0.00..29.71 rows=928 width=0)
	              Index Cond: ((id >= 5601173) AND (id <= 5602172))

table 6 : explain SELECT c FROM sbtest6 WHERE id BETWEEN 4632489 AND 4633488 ORDER BY c
	Sort  (cost=3827.55..3829.99 rows=975 width=121)
	  Sort Key: c
	  ->  Bitmap Heap Scan on sbtest6  (cost=30.43..3779.15 rows=975 width=121)
	        Recheck Cond: ((id >= 4632489) AND (id <= 4633488))
	        ->  Bitmap Index Scan on sbtest6_pkey  (cost=0.00..30.18 rows=975 width=0)
	              Index Cond: ((id >= 4632489) AND (id <= 4633488))

table 7 : explain SELECT c FROM sbtest7 WHERE id BETWEEN 2816347 AND 2817346 ORDER BY c
	Sort  (cost=3557.33..3559.59 rows=905 width=121)
	  Sort Key: c
	  ->  Bitmap Heap Scan on sbtest7  (cost=29.71..3512.88 rows=905 width=121)
	        Recheck Cond: ((id >= 2816347) AND (id <= 2817346))
	        ->  Bitmap Index Scan on sbtest7_pkey  (cost=0.00..29.48 rows=905 width=0)
	              Index Cond: ((id >= 2816347) AND (id <= 2817346))

table 8 : explain SELECT c FROM sbtest8 WHERE id BETWEEN 2081439 AND 2082438 ORDER BY c
	Sort  (cost=4084.81..4087.42 rows=1041 width=121)
	  Sort Key: c
	  ->  Bitmap Heap Scan on sbtest8  (cost=35.11..4032.64 rows=1041 width=121)
	        Recheck Cond: ((id >= 2081439) AND (id <= 2082438))
	        ->  Bitmap Index Scan on sbtest8_pkey  (cost=0.00..34.84 rows=1041 width=0)
	              Index Cond: ((id >= 2081439) AND (id <= 2082438))

for: simple_ranges
table 1 : explain SELECT c FROM sbtest1 WHERE id BETWEEN 966216 AND 967215
	Bitmap Heap Scan on sbtest1  (cost=31.11..4030.00 rows=1041 width=121)
	  Recheck Cond: ((id >= 966216) AND (id <= 967215))
	  ->  Bitmap Index Scan on sbtest1_pkey  (cost=0.00..30.84 rows=1041 width=0)
	        Index Cond: ((id >= 966216) AND (id <= 967215))

table 2 : explain SELECT c FROM sbtest2 WHERE id BETWEEN 6706811 AND 6707810
	Bitmap Heap Scan on sbtest2  (cost=30.75..3896.42 rows=1006 width=121)
	  Recheck Cond: ((id >= 6706811) AND (id <= 6707810))
	  ->  Bitmap Index Scan on sbtest2_pkey  (cost=0.00..30.50 rows=1006 width=0)
	        Index Cond: ((id >= 6706811) AND (id <= 6707810))

table 3 : explain SELECT c FROM sbtest3 WHERE id BETWEEN 9895108 AND 9896107
	Bitmap Heap Scan on sbtest3  (cost=30.88..3943.75 rows=1019 width=121)
	  Recheck Cond: ((id >= 9895108) AND (id <= 9896107))
	  ->  Bitmap Index Scan on sbtest3_pkey  (cost=0.00..30.62 rows=1019 width=0)
	        Index Cond: ((id >= 9895108) AND (id <= 9896107))

table 4 : explain SELECT c FROM sbtest4 WHERE id BETWEEN 245612 AND 246611
	Bitmap Heap Scan on sbtest4  (cost=31.04..4005.71 rows=1035 width=121)
	  Recheck Cond: ((id >= 245612) AND (id <= 246611))
	  ->  Bitmap Index Scan on sbtest4_pkey  (cost=0.00..30.79 rows=1035 width=0)
	        Index Cond: ((id >= 245612) AND (id <= 246611))

table 5 : explain SELECT c FROM sbtest5 WHERE id BETWEEN 4295622 AND 4296621
	Bitmap Heap Scan on sbtest5  (cost=30.47..3794.76 rows=979 width=121)
	  Recheck Cond: ((id >= 4295622) AND (id <= 4296621))
	  ->  Bitmap Index Scan on sbtest5_pkey  (cost=0.00..30.22 rows=979 width=0)
	        Index Cond: ((id >= 4295622) AND (id <= 4296621))

table 6 : explain SELECT c FROM sbtest6 WHERE id BETWEEN 147979 AND 148978
	Bitmap Heap Scan on sbtest6  (cost=35.70..4250.40 rows=1099 width=121)
	  Recheck Cond: ((id >= 147979) AND (id <= 148978))
	  ->  Bitmap Index Scan on sbtest6_pkey  (cost=0.00..35.43 rows=1099 width=0)
	        Index Cond: ((id >= 147979) AND (id <= 148978))

table 7 : explain SELECT c FROM sbtest7 WHERE id BETWEEN 9102472 AND 9103471
	Bitmap Heap Scan on sbtest7  (cost=30.36..3750.91 rows=968 width=121)
	  Recheck Cond: ((id >= 9102472) AND (id <= 9103471))
	  ->  Bitmap Index Scan on sbtest7_pkey  (cost=0.00..30.11 rows=968 width=0)
	        Index Cond: ((id >= 9102472) AND (id <= 9103471))

table 8 : explain SELECT c FROM sbtest8 WHERE id BETWEEN 6509154 AND 6510153
	Bitmap Heap Scan on sbtest8  (cost=31.03..4002.26 rows=1034 width=121)
	  Recheck Cond: ((id >= 6509154) AND (id <= 6510153))
	  ->  Bitmap Index Scan on sbtest8_pkey  (cost=0.00..30.77 rows=1034 width=0)
	        Index Cond: ((id >= 6509154) AND (id <= 6510153))

for: sum_ranges
table 1 : explain SELECT SUM(k) FROM sbtest1 WHERE id BETWEEN 80831 AND 81830
	Aggregate  (cost=3628.19..3628.20 rows=1 width=8)
	  ->  Bitmap Heap Scan on sbtest1  (cost=30.01..3625.86 rows=934 width=4)
	        Recheck Cond: ((id >= 80831) AND (id <= 81830))
	        ->  Bitmap Index Scan on sbtest1_pkey  (cost=0.00..29.77 rows=934 width=0)
	              Index Cond: ((id >= 80831) AND (id <= 81830))

table 2 : explain SELECT SUM(k) FROM sbtest2 WHERE id BETWEEN 2906747 AND 2907746
	Aggregate  (cost=3789.41..3789.42 rows=1 width=8)
	  ->  Bitmap Heap Scan on sbtest2  (cost=30.45..3786.97 rows=977 width=4)
	        Recheck Cond: ((id >= 2906747) AND (id <= 2907746))
	        ->  Bitmap Index Scan on sbtest2_pkey  (cost=0.00..30.20 rows=977 width=0)
	              Index Cond: ((id >= 2906747) AND (id <= 2907746))

table 3 : explain SELECT SUM(k) FROM sbtest3 WHERE id BETWEEN 308419 AND 309418
	Aggregate  (cost=3523.17..3523.18 rows=1 width=8)
	  ->  Bitmap Heap Scan on sbtest3  (cost=29.73..3520.90 rows=907 width=4)
	        Recheck Cond: ((id >= 308419) AND (id <= 309418))
	        ->  Bitmap Index Scan on sbtest3_pkey  (cost=0.00..29.50 rows=907 width=0)
	              Index Cond: ((id >= 308419) AND (id <= 309418))

table 4 : explain SELECT SUM(k) FROM sbtest4 WHERE id BETWEEN 7859901 AND 7860900
	Aggregate  (cost=3929.07..3929.08 rows=1 width=8)
	  ->  Bitmap Heap Scan on sbtest4  (cost=30.83..3926.54 rows=1014 width=4)
	        Recheck Cond: ((id >= 7859901) AND (id <= 7860900))
	        ->  Bitmap Index Scan on sbtest4_pkey  (cost=0.00..30.57 rows=1014 width=0)
	              Index Cond: ((id >= 7859901) AND (id <= 7860900))

table 5 : explain SELECT SUM(k) FROM sbtest5 WHERE id BETWEEN 8473943 AND 8474942
	Aggregate  (cost=3751.85..3751.86 rows=1 width=8)
	  ->  Bitmap Heap Scan on sbtest5  (cost=30.35..3749.43 rows=967 width=4)
	        Recheck Cond: ((id >= 8473943) AND (id <= 8474942))
	        ->  Bitmap Index Scan on sbtest5_pkey  (cost=0.00..30.11 rows=967 width=0)
	              Index Cond: ((id >= 8473943) AND (id <= 8474942))

table 6 : explain SELECT SUM(k) FROM sbtest6 WHERE id BETWEEN 5308636 AND 5309635
	Aggregate  (cost=3724.90..3724.91 rows=1 width=8)
	  ->  Bitmap Heap Scan on sbtest6  (cost=30.27..3722.50 rows=960 width=4)
	        Recheck Cond: ((id >= 5308636) AND (id <= 5309635))
	        ->  Bitmap Index Scan on sbtest6_pkey  (cost=0.00..30.04 rows=960 width=0)
	              Index Cond: ((id >= 5308636) AND (id <= 5309635))

table 7 : explain SELECT SUM(k) FROM sbtest7 WHERE id BETWEEN 4511496 AND 4512495
	Aggregate  (cost=3813.73..3813.74 rows=1 width=8)
	  ->  Bitmap Heap Scan on sbtest7  (cost=30.52..3811.27 rows=984 width=4)
	        Recheck Cond: ((id >= 4511496) AND (id <= 4512495))
	        ->  Bitmap Index Scan on sbtest7_pkey  (cost=0.00..30.27 rows=984 width=0)
	              Index Cond: ((id >= 4511496) AND (id <= 4512495))

table 8 : explain SELECT SUM(k) FROM sbtest8 WHERE id BETWEEN 521040 AND 522039
	Aggregate  (cost=3676.22..3676.23 rows=1 width=8)
	  ->  Bitmap Heap Scan on sbtest8  (cost=30.14..3673.86 rows=947 width=4)
	        Recheck Cond: ((id >= 521040) AND (id <= 522039))
	        ->  Bitmap Index Scan on sbtest8_pkey  (cost=0.00..29.90 rows=947 width=0)
	              Index Cond: ((id >= 521040) AND (id <= 522039))

for: sum_ranges
table 1 : explain SELECT SUM(k) FROM sbtest1 WHERE id BETWEEN 6943375 AND 6944374
	Aggregate  (cost=3423.54..3423.55 rows=1 width=8)
	  ->  Bitmap Heap Scan on sbtest1  (cost=29.45..3421.34 rows=880 width=4)
	        Recheck Cond: ((id >= 6943375) AND (id <= 6944374))
	        ->  Bitmap Index Scan on sbtest1_pkey  (cost=0.00..29.23 rows=880 width=0)
	              Index Cond: ((id >= 6943375) AND (id <= 6944374))

table 2 : explain SELECT SUM(k) FROM sbtest2 WHERE id BETWEEN 5201946 AND 5202945
	Aggregate  (cost=4185.71..4185.72 rows=1 width=8)
	  ->  Bitmap Heap Scan on sbtest2  (cost=35.52..4183.00 rows=1081 width=4)
	        Recheck Cond: ((id >= 5201946) AND (id <= 5202945))
	        ->  Bitmap Index Scan on sbtest2_pkey  (cost=0.00..35.25 rows=1081 width=0)
	              Index Cond: ((id >= 5201946) AND (id <= 5202945))

table 3 : explain SELECT SUM(k) FROM sbtest3 WHERE id BETWEEN 4397068 AND 4398067
	Aggregate  (cost=3904.81..3904.82 rows=1 width=8)
	  ->  Bitmap Heap Scan on sbtest3  (cost=30.77..3902.29 rows=1008 width=4)
	        Recheck Cond: ((id >= 4397068) AND (id <= 4398067))
	        ->  Bitmap Index Scan on sbtest3_pkey  (cost=0.00..30.51 rows=1008 width=0)
	              Index Cond: ((id >= 4397068) AND (id <= 4398067))

table 4 : explain SELECT SUM(k) FROM sbtest4 WHERE id BETWEEN 1360739 AND 1361738
	Aggregate  (cost=4076.16..4076.17 rows=1 width=8)
	  ->  Bitmap Heap Scan on sbtest4  (cost=31.23..4073.52 rows=1053 width=4)
	        Recheck Cond: ((id >= 1360739) AND (id <= 1361738))
	        ->  Bitmap Index Scan on sbtest4_pkey  (cost=0.00..30.96 rows=1053 width=0)
	              Index Cond: ((id >= 1360739) AND (id <= 1361738))

table 5 : explain SELECT SUM(k) FROM sbtest5 WHERE id BETWEEN 872314 AND 873313
	Aggregate  (cost=3710.26..3710.27 rows=1 width=8)
	  ->  Bitmap Heap Scan on sbtest5  (cost=30.23..3707.87 rows=956 width=4)
	        Recheck Cond: ((id >= 872314) AND (id <= 873313))
	        ->  Bitmap Index Scan on sbtest5_pkey  (cost=0.00..30.00 rows=956 width=0)
	              Index Cond: ((id >= 872314) AND (id <= 873313))

table 6 : explain SELECT SUM(k) FROM sbtest6 WHERE id BETWEEN 8745539 AND 8746538
	Aggregate  (cost=4008.06..4008.07 rows=1 width=8)
	  ->  Bitmap Heap Scan on sbtest6  (cost=31.04..4005.47 rows=1035 width=4)
	        Recheck Cond: ((id >= 8745539) AND (id <= 8746538))
	        ->  Bitmap Index Scan on sbtest6_pkey  (cost=0.00..30.79 rows=1035 width=0)
	              Index Cond: ((id >= 8745539) AND (id <= 8746538))

table 7 : explain SELECT SUM(k) FROM sbtest7 WHERE id BETWEEN 6509867 AND 6510866
	Aggregate  (cost=3972.15..3972.16 rows=1 width=8)
	  ->  Bitmap Heap Scan on sbtest7  (cost=30.95..3969.58 rows=1026 width=4)
	        Recheck Cond: ((id >= 6509867) AND (id <= 6510866))
	        ->  Bitmap Index Scan on sbtest7_pkey  (cost=0.00..30.69 rows=1026 width=0)
	              Index Cond: ((id >= 6509867) AND (id <= 6510866))

table 8 : explain SELECT SUM(k) FROM sbtest8 WHERE id BETWEEN 635694 AND 636693
	Aggregate  (cost=3547.53..3547.54 rows=1 width=8)
	  ->  Bitmap Heap Scan on sbtest8  (cost=29.79..3545.25 rows=913 width=4)
	        Recheck Cond: ((id >= 635694) AND (id <= 636693))
	        ->  Bitmap Index Scan on sbtest8_pkey  (cost=0.00..29.57 rows=913 width=0)
	              Index Cond: ((id >= 635694) AND (id <= 636693))

for: order_ranges
table 1 : explain SELECT c FROM sbtest1 WHERE id BETWEEN 1597836 AND 1598835 ORDER BY c
	Sort  (cost=4338.55..4341.32 rows=1107 width=121)
	  Sort Key: c
	  ->  Bitmap Heap Scan on sbtest1  (cost=35.78..4282.58 rows=1107 width=121)
	        Recheck Cond: ((id >= 1597836) AND (id <= 1598835))
	        ->  Bitmap Index Scan on sbtest1_pkey  (cost=0.00..35.51 rows=1107 width=0)
	              Index Cond: ((id >= 1597836) AND (id <= 1598835))

table 2 : explain SELECT c FROM sbtest2 WHERE id BETWEEN 5835118 AND 5836117 ORDER BY c
	Sort  (cost=4256.58..4259.29 rows=1086 width=121)
	  Sort Key: c
	  ->  Bitmap Heap Scan on sbtest2  (cost=35.57..4201.82 rows=1086 width=121)
	        Recheck Cond: ((id >= 5835118) AND (id <= 5836117))
	        ->  Bitmap Index Scan on sbtest2_pkey  (cost=0.00..35.30 rows=1086 width=0)
	              Index Cond: ((id >= 5835118) AND (id <= 5836117))

table 3 : explain SELECT c FROM sbtest3 WHERE id BETWEEN 592783 AND 593782 ORDER BY c
	Sort  (cost=3722.76..3725.13 rows=948 width=121)
	  Sort Key: c
	  ->  Bitmap Heap Scan on sbtest3  (cost=30.15..3675.88 rows=948 width=121)
	        Recheck Cond: ((id >= 592783) AND (id <= 593782))
	        ->  Bitmap Index Scan on sbtest3_pkey  (cost=0.00..29.91 rows=948 width=0)
	              Index Cond: ((id >= 592783) AND (id <= 593782))

table 4 : explain SELECT c FROM sbtest4 WHERE id BETWEEN 334875 AND 335874 ORDER BY c
	Sort  (cost=3762.59..3764.98 rows=958 width=121)
	  Sort Key: c
	  ->  Bitmap Heap Scan on sbtest4  (cost=30.25..3715.15 rows=958 width=121)
	        Recheck Cond: ((id >= 334875) AND (id <= 335874))
	        ->  Bitmap Index Scan on sbtest4_pkey  (cost=0.00..30.01 rows=958 width=0)
	              Index Cond: ((id >= 334875) AND (id <= 335874))

table 5 : explain SELECT c FROM sbtest5 WHERE id BETWEEN 498377 AND 499376 ORDER BY c
	Sort  (cost=3582.46..3584.74 rows=911 width=121)
	  Sort Key: c
	  ->  Bitmap Heap Scan on sbtest5  (cost=29.77..3537.68 rows=911 width=121)
	        Recheck Cond: ((id >= 498377) AND (id <= 499376))
	        ->  Bitmap Index Scan on sbtest5_pkey  (cost=0.00..29.54 rows=911 width=0)
	              Index Cond: ((id >= 498377) AND (id <= 499376))

table 6 : explain SELECT c FROM sbtest6 WHERE id BETWEEN 2843609 AND 2844608 ORDER BY c
	Sort  (cost=3842.88..3845.33 rows=979 width=121)
	  Sort Key: c
	  ->  Bitmap Heap Scan on sbtest6  (cost=30.47..3794.25 rows=979 width=121)
	        Recheck Cond: ((id >= 2843609) AND (id <= 2844608))
	        ->  Bitmap Index Scan on sbtest6_pkey  (cost=0.00..30.22 rows=979 width=0)
	              Index Cond: ((id >= 2843609) AND (id <= 2844608))

table 7 : explain SELECT c FROM sbtest7 WHERE id BETWEEN 5421187 AND 5422186 ORDER BY c
	Sort  (cost=3495.89..3498.11 rows=889 width=121)
	  Sort Key: c
	  ->  Bitmap Heap Scan on sbtest7  (cost=29.55..3452.35 rows=889 width=121)
	        Recheck Cond: ((id >= 5421187) AND (id <= 5422186))
	        ->  Bitmap Index Scan on sbtest7_pkey  (cost=0.00..29.32 rows=889 width=0)
	              Index Cond: ((id >= 5421187) AND (id <= 5422186))

table 8 : explain SELECT c FROM sbtest8 WHERE id BETWEEN 6909813 AND 6910812 ORDER BY c
	Sort  (cost=3992.79..3995.34 rows=1018 width=121)
	  Sort Key: c
	  ->  Bitmap Heap Scan on sbtest8  (cost=30.87..3941.93 rows=1018 width=121)
	        Recheck Cond: ((id >= 6909813) AND (id <= 6910812))
	        ->  Bitmap Index Scan on sbtest8_pkey  (cost=0.00..30.61 rows=1018 width=0)
	              Index Cond: ((id >= 6909813) AND (id <= 6910812))

for: sum_ranges
table 1 : explain SELECT SUM(k) FROM sbtest1 WHERE id BETWEEN 2606275 AND 2607274
	Aggregate  (cost=3968.45..3968.46 rows=1 width=8)
	  ->  Bitmap Heap Scan on sbtest1  (cost=30.93..3965.89 rows=1024 width=4)
	        Recheck Cond: ((id >= 2606275) AND (id <= 2607274))
	        ->  Bitmap Index Scan on sbtest1_pkey  (cost=0.00..30.68 rows=1024 width=0)
	              Index Cond: ((id >= 2606275) AND (id <= 2607274))

table 2 : explain SELECT SUM(k) FROM sbtest2 WHERE id BETWEEN 2162126 AND 2163125
	Aggregate  (cost=3925.36..3925.37 rows=1 width=8)
	  ->  Bitmap Heap Scan on sbtest2  (cost=30.82..3922.83 rows=1013 width=4)
	        Recheck Cond: ((id >= 2162126) AND (id <= 2163125))
	        ->  Bitmap Index Scan on sbtest2_pkey  (cost=0.00..30.57 rows=1013 width=0)
	              Index Cond: ((id >= 2162126) AND (id <= 2163125))

table 3 : explain SELECT SUM(k) FROM sbtest3 WHERE id BETWEEN 1464581 AND 1465580
	Aggregate  (cost=3700.93..3700.94 rows=1 width=8)
	  ->  Bitmap Heap Scan on sbtest3  (cost=30.21..3698.55 rows=954 width=4)
	        Recheck Cond: ((id >= 1464581) AND (id <= 1465580))
	        ->  Bitmap Index Scan on sbtest3_pkey  (cost=0.00..29.97 rows=954 width=0)
	              Index Cond: ((id >= 1464581) AND (id <= 1465580))

table 4 : explain SELECT SUM(k) FROM sbtest4 WHERE id BETWEEN 526903 AND 527902
	Aggregate  (cost=3796.91..3796.92 rows=1 width=8)
	  ->  Bitmap Heap Scan on sbtest4  (cost=30.47..3794.47 rows=979 width=4)
	        Recheck Cond: ((id >= 526903) AND (id <= 527902))
	        ->  Bitmap Index Scan on sbtest4_pkey  (cost=0.00..30.22 rows=979 width=0)
	              Index Cond: ((id >= 526903) AND (id <= 527902))

table 5 : explain SELECT SUM(k) FROM sbtest5 WHERE id BETWEEN 8883485 AND 8884484
	Aggregate  (cost=3819.87..3819.88 rows=1 width=8)
	  ->  Bitmap Heap Scan on sbtest5  (cost=30.53..3817.41 rows=985 width=4)
	        Recheck Cond: ((id >= 8883485) AND (id <= 8884484))
	        ->  Bitmap Index Scan on sbtest5_pkey  (cost=0.00..30.29 rows=985 width=0)
	              Index Cond: ((id >= 8883485) AND (id <= 8884484))

table 6 : explain SELECT SUM(k) FROM sbtest6 WHERE id BETWEEN 1296437 AND 1297436
	Aggregate  (cost=4302.05..4302.06 rows=1 width=8)
	  ->  Bitmap Heap Scan on sbtest6  (cost=35.83..4299.27 rows=1112 width=4)
	        Recheck Cond: ((id >= 1296437) AND (id <= 1297436))
	        ->  Bitmap Index Scan on sbtest6_pkey  (cost=0.00..35.56 rows=1112 width=0)
	              Index Cond: ((id >= 1296437) AND (id <= 1297436))

table 7 : explain SELECT SUM(k) FROM sbtest7 WHERE id BETWEEN 5863956 AND 5864955
	Aggregate  (cost=3791.08..3791.09 rows=1 width=8)
	  ->  Bitmap Heap Scan on sbtest7  (cost=30.46..3788.64 rows=978 width=4)
	        Recheck Cond: ((id >= 5863956) AND (id <= 5864955))
	        ->  Bitmap Index Scan on sbtest7_pkey  (cost=0.00..30.21 rows=978 width=0)
	              Index Cond: ((id >= 5863956) AND (id <= 5864955))

table 8 : explain SELECT SUM(k) FROM sbtest8 WHERE id BETWEEN 5977411 AND 5978410
	Aggregate  (cost=4050.33..4050.34 rows=1 width=8)
	  ->  Bitmap Heap Scan on sbtest8  (cost=35.15..4047.71 rows=1045 width=4)
	        Recheck Cond: ((id >= 5977411) AND (id <= 5978410))
	        ->  Bitmap Index Scan on sbtest8_pkey  (cost=0.00..34.89 rows=1045 width=0)
	              Index Cond: ((id >= 5977411) AND (id <= 5978410))

for: order_ranges
table 1 : explain SELECT c FROM sbtest1 WHERE id BETWEEN 7553368 AND 7554367 ORDER BY c
	Sort  (cost=4024.75..4027.31 rows=1026 width=121)
	  Sort Key: c
	  ->  Bitmap Heap Scan on sbtest1  (cost=30.95..3973.43 rows=1026 width=121)
	        Recheck Cond: ((id >= 7553368) AND (id <= 7554367))
	        ->  Bitmap Index Scan on sbtest1_pkey  (cost=0.00..30.69 rows=1026 width=0)
	              Index Cond: ((id >= 7553368) AND (id <= 7554367))

table 2 : explain SELECT c FROM sbtest2 WHERE id BETWEEN 9258260 AND 9259259 ORDER BY c
	Sort  (cost=3919.78..3922.28 rows=999 width=121)
	  Sort Key: c
	  ->  Bitmap Heap Scan on sbtest2  (cost=30.67..3870.01 rows=999 width=121)
	        Recheck Cond: ((id >= 9258260) AND (id <= 9259259))
	        ->  Bitmap Index Scan on sbtest2_pkey  (cost=0.00..30.43 rows=999 width=0)
	              Index Cond: ((id >= 9258260) AND (id <= 9259259))

table 3 : explain SELECT c FROM sbtest3 WHERE id BETWEEN 5203885 AND 5204884 ORDER BY c
	Sort  (cost=3799.41..3801.83 rows=968 width=121)
	  Sort Key: c
	  ->  Bitmap Heap Scan on sbtest3  (cost=30.36..3751.41 rows=968 width=121)
	        Recheck Cond: ((id >= 5203885) AND (id <= 5204884))
	        ->  Bitmap Index Scan on sbtest3_pkey  (cost=0.00..30.11 rows=968 width=0)
	              Index Cond: ((id >= 5203885) AND (id <= 5204884))

table 4 : explain SELECT c FROM sbtest4 WHERE id BETWEEN 4369978 AND 4370977 ORDER BY c
	Sort  (cost=4160.80..4163.45 rows=1062 width=121)
	  Sort Key: c
	  ->  Bitmap Heap Scan on sbtest4  (cost=31.32..4107.42 rows=1062 width=121)
	        Recheck Cond: ((id >= 4369978) AND (id <= 4370977))
	        ->  Bitmap Index Scan on sbtest4_pkey  (cost=0.00..31.05 rows=1062 width=0)
	              Index Cond: ((id >= 4369978) AND (id <= 4370977))

table 5 : explain SELECT c FROM sbtest5 WHERE id BETWEEN 1588744 AND 1589743 ORDER BY c
	Sort  (cost=3736.02..3738.39 rows=951 width=121)
	  Sort Key: c
	  ->  Bitmap Heap Scan on sbtest5  (cost=30.18..3688.97 rows=951 width=121)
	        Recheck Cond: ((id >= 1588744) AND (id <= 1589743))
	        ->  Bitmap Index Scan on sbtest5_pkey  (cost=0.00..29.94 rows=951 width=0)
	              Index Cond: ((id >= 1588744) AND (id <= 1589743))

table 6 : explain SELECT c FROM sbtest6 WHERE id BETWEEN 1146429 AND 1147428 ORDER BY c
	Sort  (cost=3938.65..3941.16 rows=1004 width=121)
	  Sort Key: c
	  ->  Bitmap Heap Scan on sbtest6  (cost=30.73..3888.60 rows=1004 width=121)
	        Recheck Cond: ((id >= 1146429) AND (id <= 1147428))
	        ->  Bitmap Index Scan on sbtest6_pkey  (cost=0.00..30.47 rows=1004 width=0)
	              Index Cond: ((id >= 1146429) AND (id <= 1147428))

table 7 : explain SELECT c FROM sbtest7 WHERE id BETWEEN 1394904 AND 1395903 ORDER BY c
	Sort  (cost=3963.53..3966.05 rows=1011 width=121)
	  Sort Key: c
	  ->  Bitmap Heap Scan on sbtest7  (cost=30.80..3913.07 rows=1011 width=121)
	        Recheck Cond: ((id >= 1394904) AND (id <= 1395903))
	        ->  Bitmap Index Scan on sbtest7_pkey  (cost=0.00..30.54 rows=1011 width=0)
	              Index Cond: ((id >= 1394904) AND (id <= 1395903))

table 8 : explain SELECT c FROM sbtest8 WHERE id BETWEEN 1394338 AND 1395337 ORDER BY c
	Sort  (cost=4275.96..4278.68 rows=1091 width=121)
	  Sort Key: c
	  ->  Bitmap Heap Scan on sbtest8  (cost=35.62..4220.91 rows=1091 width=121)
	        Recheck Cond: ((id >= 1394338) AND (id <= 1395337))
	        ->  Bitmap Index Scan on sbtest8_pkey  (cost=0.00..35.34 rows=1091 width=0)
	              Index Cond: ((id >= 1394338) AND (id <= 1395337))

for: order_ranges
table 1 : explain SELECT c FROM sbtest1 WHERE id BETWEEN 6085728 AND 6086727 ORDER BY c
	Sort  (cost=3859.97..3862.43 rows=983 width=121)
	  Sort Key: c
	  ->  Bitmap Heap Scan on sbtest1  (cost=30.51..3811.11 rows=983 width=121)
	        Recheck Cond: ((id >= 6085728) AND (id <= 6086727))
	        ->  Bitmap Index Scan on sbtest1_pkey  (cost=0.00..30.26 rows=983 width=0)
	              Index Cond: ((id >= 6085728) AND (id <= 6086727))

table 2 : explain SELECT c FROM sbtest2 WHERE id BETWEEN 7671749 AND 7672748 ORDER BY c
	Sort  (cost=4203.08..4205.76 rows=1072 width=121)
	  Sort Key: c
	  ->  Bitmap Heap Scan on sbtest2  (cost=35.42..4149.13 rows=1072 width=121)
	        Recheck Cond: ((id >= 7671749) AND (id <= 7672748))
	        ->  Bitmap Index Scan on sbtest2_pkey  (cost=0.00..35.16 rows=1072 width=0)
	              Index Cond: ((id >= 7671749) AND (id <= 7672748))

table 3 : explain SELECT c FROM sbtest3 WHERE id BETWEEN 4318375 AND 4319374 ORDER BY c
	Sort  (cost=3872.19..3874.66 rows=987 width=121)
	  Sort Key: c
	  ->  Bitmap Heap Scan on sbtest3  (cost=30.55..3823.10 rows=987 width=121)
	        Recheck Cond: ((id >= 4318375) AND (id <= 4319374))
	        ->  Bitmap Index Scan on sbtest3_pkey  (cost=0.00..30.30 rows=987 width=0)
	              Index Cond: ((id >= 4318375) AND (id <= 4319374))

table 4 : explain SELECT c FROM sbtest4 WHERE id BETWEEN 7850769 AND 7851768 ORDER BY c
	Sort  (cost=3977.17..3979.70 rows=1014 width=121)
	  Sort Key: c
	  ->  Bitmap Heap Scan on sbtest4  (cost=30.83..3926.54 rows=1014 width=121)
	        Recheck Cond: ((id >= 7850769) AND (id <= 7851768))
	        ->  Bitmap Index Scan on sbtest4_pkey  (cost=0.00..30.57 rows=1014 width=0)
	              Index Cond: ((id >= 7850769) AND (id <= 7851768))

table 5 : explain SELECT c FROM sbtest5 WHERE id BETWEEN 5710420 AND 5711419 ORDER BY c
	Sort  (cost=3900.87..3903.36 rows=994 width=121)
	  Sort Key: c
	  ->  Bitmap Heap Scan on sbtest5  (cost=30.62..3851.38 rows=994 width=121)
	        Recheck Cond: ((id >= 5710420) AND (id <= 5711419))
	        ->  Bitmap Index Scan on sbtest5_pkey  (cost=0.00..30.37 rows=994 width=0)
	              Index Cond: ((id >= 5710420) AND (id <= 5711419))

table 6 : explain SELECT c FROM sbtest6 WHERE id BETWEEN 2303874 AND 2304873 ORDER BY c
	Sort  (cost=3823.72..3826.16 rows=974 width=121)
	  Sort Key: c
	  ->  Bitmap Heap Scan on sbtest6  (cost=30.42..3775.37 rows=974 width=121)
	        Recheck Cond: ((id >= 2303874) AND (id <= 2304873))
	        ->  Bitmap Index Scan on sbtest6_pkey  (cost=0.00..30.18 rows=974 width=0)
	              Index Cond: ((id >= 2303874) AND (id <= 2304873))

table 7 : explain SELECT c FROM sbtest7 WHERE id BETWEEN 2305983 AND 2306982 ORDER BY c
	Sort  (cost=3349.85..3351.98 rows=851 width=121)
	  Sort Key: c
	  ->  Bitmap Heap Scan on sbtest7  (cost=29.16..3308.44 rows=851 width=121)
	        Recheck Cond: ((id >= 2305983) AND (id <= 2306982))
	        ->  Bitmap Index Scan on sbtest7_pkey  (cost=0.00..28.94 rows=851 width=0)
	              Index Cond: ((id >= 2305983) AND (id <= 2306982))

table 8 : explain SELECT c FROM sbtest8 WHERE id BETWEEN 9405572 AND 9406571 ORDER BY c
	Sort  (cost=3586.30..3588.58 rows=912 width=121)
	  Sort Key: c
	  ->  Bitmap Heap Scan on sbtest8  (cost=29.78..3541.47 rows=912 width=121)
	        Recheck Cond: ((id >= 9405572) AND (id <= 9406571))
	        ->  Bitmap Index Scan on sbtest8_pkey  (cost=0.00..29.55 rows=912 width=0)
	              Index Cond: ((id >= 9405572) AND (id <= 9406571))

for: sum_ranges
table 1 : explain SELECT SUM(k) FROM sbtest1 WHERE id BETWEEN 7500000 AND 7500999
	Aggregate  (cost=4138.43..4138.44 rows=1 width=8)
	  ->  Bitmap Heap Scan on sbtest1  (cost=35.38..4135.76 rows=1068 width=4)
	        Recheck Cond: ((id >= 7500000) AND (id <= 7500999))
	        ->  Bitmap Index Scan on sbtest1_pkey  (cost=0.00..35.12 rows=1068 width=0)
	              Index Cond: ((id >= 7500000) AND (id <= 7500999))

table 2 : explain SELECT SUM(k) FROM sbtest2 WHERE id BETWEEN 8074671 AND 8075670
	Aggregate  (cost=4257.23..4257.24 rows=1 width=8)
	  ->  Bitmap Heap Scan on sbtest2  (cost=35.71..4254.48 rows=1100 width=4)
	        Recheck Cond: ((id >= 8074671) AND (id <= 8075670))
	        ->  Bitmap Index Scan on sbtest2_pkey  (cost=0.00..35.44 rows=1100 width=0)
	              Index Cond: ((id >= 8074671) AND (id <= 8075670))

table 3 : explain SELECT SUM(k) FROM sbtest3 WHERE id BETWEEN 4497867 AND 4498866
	Aggregate  (cost=3742.49..3742.50 rows=1 width=8)
	  ->  Bitmap Heap Scan on sbtest3  (cost=30.33..3740.08 rows=965 width=4)
	        Recheck Cond: ((id >= 4497867) AND (id <= 4498866))
	        ->  Bitmap Index Scan on sbtest3_pkey  (cost=0.00..30.08 rows=965 width=0)
	              Index Cond: ((id >= 4497867) AND (id <= 4498866))

table 4 : explain SELECT SUM(k) FROM sbtest4 WHERE id BETWEEN 964823 AND 965822
	Aggregate  (cost=3740.23..3740.24 rows=1 width=8)
	  ->  Bitmap Heap Scan on sbtest4  (cost=30.32..3737.82 rows=964 width=4)
	        Recheck Cond: ((id >= 964823) AND (id <= 965822))
	        ->  Bitmap Index Scan on sbtest4_pkey  (cost=0.00..30.07 rows=964 width=0)
	              Index Cond: ((id >= 964823) AND (id <= 965822))

table 5 : explain SELECT SUM(k) FROM sbtest5 WHERE id BETWEEN 5020316 AND 5021315
	Aggregate  (cost=3993.52..3993.53 rows=1 width=8)
	  ->  Bitmap Heap Scan on sbtest5  (cost=31.00..3990.95 rows=1031 width=4)
	        Recheck Cond: ((id >= 5020316) AND (id <= 5021315))
	        ->  Bitmap Index Scan on sbtest5_pkey  (cost=0.00..30.75 rows=1031 width=0)
	              Index Cond: ((id >= 5020316) AND (id <= 5021315))

table 6 : explain SELECT SUM(k) FROM sbtest6 WHERE id BETWEEN 6439742 AND 6440741
	Aggregate  (cost=3736.24..3736.25 rows=1 width=8)
	  ->  Bitmap Heap Scan on sbtest6  (cost=30.31..3733.83 rows=963 width=4)
	        Recheck Cond: ((id >= 6439742) AND (id <= 6440741))
	        ->  Bitmap Index Scan on sbtest6_pkey  (cost=0.00..30.07 rows=963 width=0)
	              Index Cond: ((id >= 6439742) AND (id <= 6440741))

table 7 : explain SELECT SUM(k) FROM sbtest7 WHERE id BETWEEN 9661100 AND 9662099
	Aggregate  (cost=3628.63..3628.64 rows=1 width=8)
	  ->  Bitmap Heap Scan on sbtest7  (cost=30.02..3626.29 rows=935 width=4)
	        Recheck Cond: ((id >= 9661100) AND (id <= 9662099))
	        ->  Bitmap Index Scan on sbtest7_pkey  (cost=0.00..29.79 rows=935 width=0)
	              Index Cond: ((id >= 9661100) AND (id <= 9662099))

table 8 : explain SELECT SUM(k) FROM sbtest8 WHERE id BETWEEN 7984071 AND 7985070
	Aggregate  (cost=3748.07..3748.08 rows=1 width=8)
	  ->  Bitmap Heap Scan on sbtest8  (cost=30.34..3745.66 rows=966 width=4)
	        Recheck Cond: ((id >= 7984071) AND (id <= 7985070))
	        ->  Bitmap Index Scan on sbtest8_pkey  (cost=0.00..30.09 rows=966 width=0)
	              Index Cond: ((id >= 7984071) AND (id <= 7985070))

for: order_ranges
table 1 : explain SELECT c FROM sbtest1 WHERE id BETWEEN 576061 AND 577060 ORDER BY c
	Sort  (cost=3664.26..3666.59 rows=932 width=121)
	  Sort Key: c
	  ->  Bitmap Heap Scan on sbtest1  (cost=29.99..3618.29 rows=932 width=121)
	        Recheck Cond: ((id >= 576061) AND (id <= 577060))
	        ->  Bitmap Index Scan on sbtest1_pkey  (cost=0.00..29.75 rows=932 width=0)
	              Index Cond: ((id >= 576061) AND (id <= 577060))

table 2 : explain SELECT c FROM sbtest2 WHERE id BETWEEN 6590141 AND 6591140 ORDER BY c
	Sort  (cost=3712.77..3715.14 rows=945 width=121)
	  Sort Key: c
	  ->  Bitmap Heap Scan on sbtest2  (cost=30.12..3666.07 rows=945 width=121)
	        Recheck Cond: ((id >= 6590141) AND (id <= 6591140))
	        ->  Bitmap Index Scan on sbtest2_pkey  (cost=0.00..29.89 rows=945 width=0)
	              Index Cond: ((id >= 6590141) AND (id <= 6591140))

table 3 : explain SELECT c FROM sbtest3 WHERE id BETWEEN 1102591 AND 1103590 ORDER BY c
	Sort  (cost=3580.81..3583.09 rows=911 width=121)
	  Sort Key: c
	  ->  Bitmap Heap Scan on sbtest3  (cost=29.77..3536.03 rows=911 width=121)
	        Recheck Cond: ((id >= 1102591) AND (id <= 1103590))
	        ->  Bitmap Index Scan on sbtest3_pkey  (cost=0.00..29.54 rows=911 width=0)
	              Index Cond: ((id >= 1102591) AND (id <= 1103590))

table 4 : explain SELECT c FROM sbtest4 WHERE id BETWEEN 1717065 AND 1718064 ORDER BY c
	Sort  (cost=3908.24..3910.73 rows=996 width=121)
	  Sort Key: c
	  ->  Bitmap Heap Scan on sbtest4  (cost=30.64..3858.63 rows=996 width=121)
	        Recheck Cond: ((id >= 1717065) AND (id <= 1718064))
	        ->  Bitmap Index Scan on sbtest4_pkey  (cost=0.00..30.39 rows=996 width=0)
	              Index Cond: ((id >= 1717065) AND (id <= 1718064))

table 5 : explain SELECT c FROM sbtest5 WHERE id BETWEEN 6600368 AND 6601367 ORDER BY c
	Sort  (cost=4080.81..4083.41 rows=1041 width=121)
	  Sort Key: c
	  ->  Bitmap Heap Scan on sbtest5  (cost=31.11..4028.64 rows=1041 width=121)
	        Recheck Cond: ((id >= 6600368) AND (id <= 6601367))
	        ->  Bitmap Index Scan on sbtest5_pkey  (cost=0.00..30.84 rows=1041 width=0)
	              Index Cond: ((id >= 6600368) AND (id <= 6601367))

table 6 : explain SELECT c FROM sbtest6 WHERE id BETWEEN 2178906 AND 2179905 ORDER BY c
	Sort  (cost=3816.05..3818.48 rows=972 width=121)
	  Sort Key: c
	  ->  Bitmap Heap Scan on sbtest6  (cost=30.40..3767.82 rows=972 width=121)
	        Recheck Cond: ((id >= 2178906) AND (id <= 2179905))
	        ->  Bitmap Index Scan on sbtest6_pkey  (cost=0.00..30.15 rows=972 width=0)
	              Index Cond: ((id >= 2178906) AND (id <= 2179905))

table 7 : explain SELECT c FROM sbtest7 WHERE id BETWEEN 5123397 AND 5124396 ORDER BY c
	Sort  (cost=4036.19..4038.77 rows=1030 width=121)
	  Sort Key: c
	  ->  Bitmap Heap Scan on sbtest7  (cost=30.99..3984.65 rows=1030 width=121)
	        Recheck Cond: ((id >= 5123397) AND (id <= 5124396))
	        ->  Bitmap Index Scan on sbtest7_pkey  (cost=0.00..30.73 rows=1030 width=0)
	              Index Cond: ((id >= 5123397) AND (id <= 5124396))

table 8 : explain SELECT c FROM sbtest8 WHERE id BETWEEN 1884228 AND 1885227 ORDER BY c
	Sort  (cost=3793.55..3795.97 rows=966 width=121)
	  Sort Key: c
	  ->  Bitmap Heap Scan on sbtest8  (cost=30.34..3745.66 rows=966 width=121)
	        Recheck Cond: ((id >= 1884228) AND (id <= 1885227))
	        ->  Bitmap Index Scan on sbtest8_pkey  (cost=0.00..30.09 rows=966 width=0)
	              Index Cond: ((id >= 1884228) AND (id <= 1885227))

for: distinct_ranges
table 1 : explain SELECT DISTINCT c FROM sbtest1 WHERE id BETWEEN 2826034 AND 2827033 ORDER BY c
	Unique  (cost=3940.47..3945.49 rows=1004 width=121)
	  ->  Sort  (cost=3940.47..3942.98 rows=1004 width=121)
	        Sort Key: c
	        ->  Bitmap Heap Scan on sbtest1  (cost=30.73..3890.41 rows=1004 width=121)
	              Recheck Cond: ((id >= 2826034) AND (id <= 2827033))
	              ->  Bitmap Index Scan on sbtest1_pkey  (cost=0.00..30.47 rows=1004 width=0)
	                    Index Cond: ((id >= 2826034) AND (id <= 2827033))

table 2 : explain SELECT DISTINCT c FROM sbtest2 WHERE id BETWEEN 6129625 AND 6130624 ORDER BY c
	Unique  (cost=4149.57..4154.86 rows=1058 width=121)
	  ->  Sort  (cost=4149.57..4152.21 rows=1058 width=121)
	        Sort Key: c
	        ->  Bitmap Heap Scan on sbtest2  (cost=35.28..4096.42 rows=1058 width=121)
	              Recheck Cond: ((id >= 6129625) AND (id <= 6130624))
	              ->  Bitmap Index Scan on sbtest2_pkey  (cost=0.00..35.02 rows=1058 width=0)
	                    Index Cond: ((id >= 6129625) AND (id <= 6130624))

table 3 : explain SELECT DISTINCT c FROM sbtest3 WHERE id BETWEEN 9209398 AND 9210397 ORDER BY c
	Unique  (cost=3764.92..3769.72 rows=959 width=121)
	  ->  Sort  (cost=3764.92..3767.32 rows=959 width=121)
	        Sort Key: c
	        ->  Bitmap Heap Scan on sbtest3  (cost=30.26..3717.43 rows=959 width=121)
	              Recheck Cond: ((id >= 9209398) AND (id <= 9210397))
	              ->  Bitmap Index Scan on sbtest3_pkey  (cost=0.00..30.02 rows=959 width=0)
	                    Index Cond: ((id >= 9209398) AND (id <= 9210397))

table 4 : explain SELECT DISTINCT c FROM sbtest4 WHERE id BETWEEN 8802567 AND 8803566 ORDER BY c
	Unique  (cost=3885.25..3890.20 rows=990 width=121)
	  ->  Sort  (cost=3885.25..3887.72 rows=990 width=121)
	        Sort Key: c
	        ->  Bitmap Heap Scan on sbtest4  (cost=30.58..3835.99 rows=990 width=121)
	              Recheck Cond: ((id >= 8802567) AND (id <= 8803566))
	              ->  Bitmap Index Scan on sbtest4_pkey  (cost=0.00..30.33 rows=990 width=0)
	                    Index Cond: ((id >= 8802567) AND (id <= 8803566))

table 5 : explain SELECT DISTINCT c FROM sbtest5 WHERE id BETWEEN 3574117 AND 3575116 ORDER BY c
	Unique  (cost=3931.52..3936.53 rows=1002 width=121)
	  ->  Sort  (cost=3931.52..3934.02 rows=1002 width=121)
	        Sort Key: c
	        ->  Bitmap Heap Scan on sbtest5  (cost=30.71..3881.57 rows=1002 width=121)
	              Recheck Cond: ((id >= 3574117) AND (id <= 3575116))
	              ->  Bitmap Index Scan on sbtest5_pkey  (cost=0.00..30.45 rows=1002 width=0)
	                    Index Cond: ((id >= 3574117) AND (id <= 3575116))

table 6 : explain SELECT DISTINCT c FROM sbtest6 WHERE id BETWEEN 657016 AND 658015 ORDER BY c
	Unique  (cost=4149.26..4154.55 rows=1058 width=121)
	  ->  Sort  (cost=4149.26..4151.91 rows=1058 width=121)
	        Sort Key: c
	        ->  Bitmap Heap Scan on sbtest6  (cost=35.28..4096.11 rows=1058 width=121)
	              Recheck Cond: ((id >= 657016) AND (id <= 658015))
	              ->  Bitmap Index Scan on sbtest6_pkey  (cost=0.00..35.02 rows=1058 width=0)
	                    Index Cond: ((id >= 657016) AND (id <= 658015))

table 7 : explain SELECT DISTINCT c FROM sbtest7 WHERE id BETWEEN 729007 AND 730006 ORDER BY c
	Unique  (cost=3978.83..3983.90 rows=1015 width=121)
	  ->  Sort  (cost=3978.83..3981.36 rows=1015 width=121)
	        Sort Key: c
	        ->  Bitmap Heap Scan on sbtest7  (cost=30.84..3928.14 rows=1015 width=121)
	              Recheck Cond: ((id >= 729007) AND (id <= 730006))
	              ->  Bitmap Index Scan on sbtest7_pkey  (cost=0.00..30.58 rows=1015 width=0)
	                    Index Cond: ((id >= 729007) AND (id <= 730006))

table 8 : explain SELECT DISTINCT c FROM sbtest8 WHERE id BETWEEN 7347583 AND 7348582 ORDER BY c
	Unique  (cost=4264.50..4269.94 rows=1088 width=121)
	  ->  Sort  (cost=4264.50..4267.22 rows=1088 width=121)
	        Sort Key: c
	        ->  Bitmap Heap Scan on sbtest8  (cost=35.59..4209.62 rows=1088 width=121)
	              Recheck Cond: ((id >= 7347583) AND (id <= 7348582))
	              ->  Bitmap Index Scan on sbtest8_pkey  (cost=0.00..35.32 rows=1088 width=0)
	                    Index Cond: ((id >= 7347583) AND (id <= 7348582))

for: distinct_ranges
table 1 : explain SELECT DISTINCT c FROM sbtest1 WHERE id BETWEEN 1608622 AND 1609621 ORDER BY c
	Unique  (cost=3986.45..3991.53 rows=1016 width=121)
	  ->  Sort  (cost=3986.45..3988.99 rows=1016 width=121)
	        Sort Key: c
	        ->  Bitmap Heap Scan on sbtest1  (cost=30.85..3935.70 rows=1016 width=121)
	              Recheck Cond: ((id >= 1608622) AND (id <= 1609621))
	              ->  Bitmap Index Scan on sbtest1_pkey  (cost=0.00..30.59 rows=1016 width=0)
	                    Index Cond: ((id >= 1608622) AND (id <= 1609621))

table 2 : explain SELECT DISTINCT c FROM sbtest2 WHERE id BETWEEN 6997605 AND 6998604 ORDER BY c
	Unique  (cost=3724.28..3729.02 rows=948 width=121)
	  ->  Sort  (cost=3724.28..3726.65 rows=948 width=121)
	        Sort Key: c
	        ->  Bitmap Heap Scan on sbtest2  (cost=30.15..3677.41 rows=948 width=121)
	              Recheck Cond: ((id >= 6997605) AND (id <= 6998604))
	              ->  Bitmap Index Scan on sbtest2_pkey  (cost=0.00..29.91 rows=948 width=0)
	                    Index Cond: ((id >= 6997605) AND (id <= 6998604))

table 3 : explain SELECT DISTINCT c FROM sbtest3 WHERE id BETWEEN 527843 AND 528842 ORDER BY c
	Unique  (cost=4128.48..4133.75 rows=1054 width=121)
	  ->  Sort  (cost=4128.48..4131.12 rows=1054 width=121)
	        Sort Key: c
	        ->  Bitmap Heap Scan on sbtest3  (cost=31.24..4075.56 rows=1054 width=121)
	              Recheck Cond: ((id >= 527843) AND (id <= 528842))
	              ->  Bitmap Index Scan on sbtest3_pkey  (cost=0.00..30.97 rows=1054 width=0)
	                    Index Cond: ((id >= 527843) AND (id <= 528842))

table 4 : explain SELECT DISTINCT c FROM sbtest4 WHERE id BETWEEN 4819023 AND 4820022 ORDER BY c
	Unique  (cost=3977.17..3982.24 rows=1014 width=121)
	  ->  Sort  (cost=3977.17..3979.70 rows=1014 width=121)
	        Sort Key: c
	        ->  Bitmap Heap Scan on sbtest4  (cost=30.83..3926.54 rows=1014 width=121)
	              Recheck Cond: ((id >= 4819023) AND (id <= 4820022))
	              ->  Bitmap Index Scan on sbtest4_pkey  (cost=0.00..30.57 rows=1014 width=0)
	                    Index Cond: ((id >= 4819023) AND (id <= 4820022))

table 5 : explain SELECT DISTINCT c FROM sbtest5 WHERE id BETWEEN 8679585 AND 8680584 ORDER BY c
	Unique  (cost=4157.30..4162.61 rows=1061 width=121)
	  ->  Sort  (cost=4157.30..4159.95 rows=1061 width=121)
	        Sort Key: c
	        ->  Bitmap Heap Scan on sbtest5  (cost=31.31..4103.98 rows=1061 width=121)
	              Recheck Cond: ((id >= 8679585) AND (id <= 8680584))
	              ->  Bitmap Index Scan on sbtest5_pkey  (cost=0.00..31.04 rows=1061 width=0)
	                    Index Cond: ((id >= 8679585) AND (id <= 8680584))

table 6 : explain SELECT DISTINCT c FROM sbtest6 WHERE id BETWEEN 8763876 AND 8764875 ORDER BY c
	Unique  (cost=4057.30..4062.48 rows=1035 width=121)
	  ->  Sort  (cost=4057.30..4059.89 rows=1035 width=121)
	        Sort Key: c
	        ->  Bitmap Heap Scan on sbtest6  (cost=31.04..4005.47 rows=1035 width=121)
	              Recheck Cond: ((id >= 8763876) AND (id <= 8764875))
	              ->  Bitmap Index Scan on sbtest6_pkey  (cost=0.00..30.79 rows=1035 width=0)
	                    Index Cond: ((id >= 8763876) AND (id <= 8764875))

table 7 : explain SELECT DISTINCT c FROM sbtest7 WHERE id BETWEEN 8398545 AND 8399544 ORDER BY c
	Unique  (cost=3764.43..3769.23 rows=959 width=121)
	  ->  Sort  (cost=3764.43..3766.83 rows=959 width=121)
	        Sort Key: c
	        ->  Bitmap Heap Scan on sbtest7  (cost=30.26..3716.93 rows=959 width=121)
	              Recheck Cond: ((id >= 8398545) AND (id <= 8399544))
	              ->  Bitmap Index Scan on sbtest7_pkey  (cost=0.00..30.02 rows=959 width=0)
	                    Index Cond: ((id >= 8398545) AND (id <= 8399544))

table 8 : explain SELECT DISTINCT c FROM sbtest8 WHERE id BETWEEN 3397239 AND 3398238 ORDER BY c
	Unique  (cost=3908.54..3913.52 rows=996 width=121)
	  ->  Sort  (cost=3908.54..3911.03 rows=996 width=121)
	        Sort Key: c
	        ->  Bitmap Heap Scan on sbtest8  (cost=30.64..3858.94 rows=996 width=121)
	              Recheck Cond: ((id >= 3397239) AND (id <= 3398238))
	              ->  Bitmap Index Scan on sbtest8_pkey  (cost=0.00..30.39 rows=996 width=0)
	                    Index Cond: ((id >= 3397239) AND (id <= 3398238))

for: sum_ranges
table 1 : explain SELECT SUM(k) FROM sbtest1 WHERE id BETWEEN 764132 AND 765131
	Aggregate  (cost=3896.70..3896.71 rows=1 width=8)
	  ->  Bitmap Heap Scan on sbtest1  (cost=30.74..3894.19 rows=1005 width=4)
	        Recheck Cond: ((id >= 764132) AND (id <= 765131))
	        ->  Bitmap Index Scan on sbtest1_pkey  (cost=0.00..30.48 rows=1005 width=0)
	              Index Cond: ((id >= 764132) AND (id <= 765131))

table 2 : explain SELECT SUM(k) FROM sbtest2 WHERE id BETWEEN 6958172 AND 6959171
	Aggregate  (cost=3679.78..3679.79 rows=1 width=8)
	  ->  Bitmap Heap Scan on sbtest2  (cost=30.15..3677.41 rows=948 width=4)
	        Recheck Cond: ((id >= 6958172) AND (id <= 6959171))
	        ->  Bitmap Index Scan on sbtest2_pkey  (cost=0.00..29.91 rows=948 width=0)
	              Index Cond: ((id >= 6958172) AND (id <= 6959171))

table 3 : explain SELECT SUM(k) FROM sbtest3 WHERE id BETWEEN 2570281 AND 2571280
	Aggregate  (cost=3587.50..3587.51 rows=1 width=8)
	  ->  Bitmap Heap Scan on sbtest3  (cost=29.91..3585.19 rows=924 width=4)
	        Recheck Cond: ((id >= 2570281) AND (id <= 2571280))
	        ->  Bitmap Index Scan on sbtest3_pkey  (cost=0.00..29.68 rows=924 width=0)
	              Index Cond: ((id >= 2570281) AND (id <= 2571280))

table 4 : explain SELECT SUM(k) FROM sbtest4 WHERE id BETWEEN 4998423 AND 4999422
	Aggregate  (cost=4008.30..4008.31 rows=1 width=8)
	  ->  Bitmap Heap Scan on sbtest4  (cost=31.04..4005.71 rows=1035 width=4)
	        Recheck Cond: ((id >= 4998423) AND (id <= 4999422))
	        ->  Bitmap Index Scan on sbtest4_pkey  (cost=0.00..30.79 rows=1035 width=0)
	              Index Cond: ((id >= 4998423) AND (id <= 4999422))

table 5 : explain SELECT SUM(k) FROM sbtest5 WHERE id BETWEEN 4456398 AND 4457397
	Aggregate  (cost=4035.01..4035.02 rows=1 width=8)
	  ->  Bitmap Heap Scan on sbtest5  (cost=31.12..4032.40 rows=1042 width=4)
	        Recheck Cond: ((id >= 4456398) AND (id <= 4457397))
	        ->  Bitmap Index Scan on sbtest5_pkey  (cost=0.00..30.86 rows=1042 width=0)
	              Index Cond: ((id >= 4456398) AND (id <= 4457397))

table 6 : explain SELECT SUM(k) FROM sbtest6 WHERE id BETWEEN 4522979 AND 4523978
	Aggregate  (cost=3687.09..3687.10 rows=1 width=8)
	  ->  Bitmap Heap Scan on sbtest6  (cost=30.17..3684.71 rows=950 width=4)
	        Recheck Cond: ((id >= 4522979) AND (id <= 4523978))
	        ->  Bitmap Index Scan on sbtest6_pkey  (cost=0.00..29.93 rows=950 width=0)
	              Index Cond: ((id >= 4522979) AND (id <= 4523978))

table 7 : explain SELECT SUM(k) FROM sbtest7 WHERE id BETWEEN 6978497 AND 6979496
	Aggregate  (cost=3745.77..3745.78 rows=1 width=8)
	  ->  Bitmap Heap Scan on sbtest7  (cost=30.34..3743.36 rows=966 width=4)
	        Recheck Cond: ((id >= 6978497) AND (id <= 6979496))
	        ->  Bitmap Index Scan on sbtest7_pkey  (cost=0.00..30.09 rows=966 width=0)
	              Index Cond: ((id >= 6978497) AND (id <= 6979496))

table 8 : explain SELECT SUM(k) FROM sbtest8 WHERE id BETWEEN 9887935 AND 9888934
	Aggregate  (cost=3558.90..3558.91 rows=1 width=8)
	  ->  Bitmap Heap Scan on sbtest8  (cost=29.82..3556.61 rows=916 width=4)
	        Recheck Cond: ((id >= 9887935) AND (id <= 9888934))
	        ->  Bitmap Index Scan on sbtest8_pkey  (cost=0.00..29.59 rows=916 width=0)
	              Index Cond: ((id >= 9887935) AND (id <= 9888934))

for: distinct_ranges
table 1 : explain SELECT DISTINCT c FROM sbtest1 WHERE id BETWEEN 8632508 AND 8633507 ORDER BY c
	Unique  (cost=3783.26..3788.07 rows=963 width=121)
	  ->  Sort  (cost=3783.26..3785.67 rows=963 width=121)
	        Sort Key: c
	        ->  Bitmap Heap Scan on sbtest1  (cost=30.31..3735.53 rows=963 width=121)
	              Recheck Cond: ((id >= 8632508) AND (id <= 8633507))
	              ->  Bitmap Index Scan on sbtest1_pkey  (cost=0.00..30.07 rows=963 width=0)
	                    Index Cond: ((id >= 8632508) AND (id <= 8633507))

table 2 : explain SELECT DISTINCT c FROM sbtest2 WHERE id BETWEEN 1506915 AND 1507914 ORDER BY c
	Unique  (cost=3647.53..3652.17 rows=928 width=121)
	  ->  Sort  (cost=3647.53..3649.85 rows=928 width=121)
	        Sort Key: c
	        ->  Bitmap Heap Scan on sbtest2  (cost=29.95..3601.79 rows=928 width=121)
	              Recheck Cond: ((id >= 1506915) AND (id <= 1507914))
	              ->  Bitmap Index Scan on sbtest2_pkey  (cost=0.00..29.71 rows=928 width=0)
	                    Index Cond: ((id >= 1506915) AND (id <= 1507914))

table 3 : explain SELECT DISTINCT c FROM sbtest3 WHERE id BETWEEN 9471432 AND 9472431 ORDER BY c
	Unique  (cost=3592.33..3596.90 rows=914 width=121)
	  ->  Sort  (cost=3592.33..3594.61 rows=914 width=121)
	        Sort Key: c
	        ->  Bitmap Heap Scan on sbtest3  (cost=29.80..3547.38 rows=914 width=121)
	              Recheck Cond: ((id >= 9471432) AND (id <= 9472431))
	              ->  Bitmap Index Scan on sbtest3_pkey  (cost=0.00..29.57 rows=914 width=0)
	                    Index Cond: ((id >= 9471432) AND (id <= 9472431))

table 4 : explain SELECT DISTINCT c FROM sbtest4 WHERE id BETWEEN 3989785 AND 3990784 ORDER BY c
	Unique  (cost=3651.32..3655.96 rows=929 width=121)
	  ->  Sort  (cost=3651.32..3653.64 rows=929 width=121)
	        Sort Key: c
	        ->  Bitmap Heap Scan on sbtest4  (cost=29.96..3605.52 rows=929 width=121)
	              Recheck Cond: ((id >= 3989785) AND (id <= 3990784))
	              ->  Bitmap Index Scan on sbtest4_pkey  (cost=0.00..29.72 rows=929 width=0)
	                    Index Cond: ((id >= 3989785) AND (id <= 3990784))

table 5 : explain SELECT DISTINCT c FROM sbtest5 WHERE id BETWEEN 5277680 AND 5278679 ORDER BY c
	Unique  (cost=4111.41..4116.66 rows=1049 width=121)
	  ->  Sort  (cost=4111.41..4114.03 rows=1049 width=121)
	        Sort Key: c
	        ->  Bitmap Heap Scan on sbtest5  (cost=31.19..4058.78 rows=1049 width=121)
	              Recheck Cond: ((id >= 5277680) AND (id <= 5278679))
	              ->  Bitmap Index Scan on sbtest5_pkey  (cost=0.00..30.93 rows=1049 width=0)
	                    Index Cond: ((id >= 5277680) AND (id <= 5278679))

table 6 : explain SELECT DISTINCT c FROM sbtest6 WHERE id BETWEEN 5287442 AND 5288441 ORDER BY c
	Unique  (cost=3770.05..3774.85 rows=960 width=121)
	  ->  Sort  (cost=3770.05..3772.45 rows=960 width=121)
	        Sort Key: c
	        ->  Bitmap Heap Scan on sbtest6  (cost=30.27..3722.50 rows=960 width=121)
	              Recheck Cond: ((id >= 5287442) AND (id <= 5288441))
	              ->  Bitmap Index Scan on sbtest6_pkey  (cost=0.00..30.04 rows=960 width=0)
	                    Index Cond: ((id >= 5287442) AND (id <= 5288441))

table 7 : explain SELECT DISTINCT c FROM sbtest7 WHERE id BETWEEN 3654219 AND 3655218 ORDER BY c
	Unique  (cost=4181.57..4186.91 rows=1067 width=121)
	  ->  Sort  (cost=4181.57..4184.24 rows=1067 width=121)
	        Sort Key: c
	        ->  Bitmap Heap Scan on sbtest7  (cost=35.37..4127.91 rows=1067 width=121)
	              Recheck Cond: ((id >= 3654219) AND (id <= 3655218))
	              ->  Bitmap Index Scan on sbtest7_pkey  (cost=0.00..35.11 rows=1067 width=0)
	                    Index Cond: ((id >= 3654219) AND (id <= 3655218))

table 8 : explain SELECT DISTINCT c FROM sbtest8 WHERE id BETWEEN 4408174 AND 4409173 ORDER BY c
	Unique  (cost=4004.28..4009.38 rows=1021 width=121)
	  ->  Sort  (cost=4004.28..4006.83 rows=1021 width=121)
	        Sort Key: c
	        ->  Bitmap Heap Scan on sbtest8  (cost=30.90..3953.25 rows=1021 width=121)
	              Recheck Cond: ((id >= 4408174) AND (id <= 4409173))
	              ->  Bitmap Index Scan on sbtest8_pkey  (cost=0.00..30.64 rows=1021 width=0)
	                    Index Cond: ((id >= 4408174) AND (id <= 4409173))

for: distinct_ranges
table 1 : explain SELECT DISTINCT c FROM sbtest1 WHERE id BETWEEN 3666349 AND 3667348 ORDER BY c
	Unique  (cost=4005.60..4010.70 rows=1021 width=121)
	  ->  Sort  (cost=4005.60..4008.15 rows=1021 width=121)
	        Sort Key: c
	        ->  Bitmap Heap Scan on sbtest1  (cost=30.90..3954.57 rows=1021 width=121)
	              Recheck Cond: ((id >= 3666349) AND (id <= 3667348))
	              ->  Bitmap Index Scan on sbtest1_pkey  (cost=0.00..30.64 rows=1021 width=0)
	                    Index Cond: ((id >= 3666349) AND (id <= 3667348))

table 2 : explain SELECT DISTINCT c FROM sbtest2 WHERE id BETWEEN 3963873 AND 3964872 ORDER BY c
	Unique  (cost=4233.65..4239.05 rows=1080 width=121)
	  ->  Sort  (cost=4233.65..4236.35 rows=1080 width=121)
	        Sort Key: c
	        ->  Bitmap Heap Scan on sbtest2  (cost=35.51..4179.24 rows=1080 width=121)
	              Recheck Cond: ((id >= 3963873) AND (id <= 3964872))
	              ->  Bitmap Index Scan on sbtest2_pkey  (cost=0.00..35.23 rows=1080 width=0)
	                    Index Cond: ((id >= 3963873) AND (id <= 3964872))

table 3 : explain SELECT DISTINCT c FROM sbtest3 WHERE id BETWEEN 6364573 AND 6365572 ORDER BY c
	Unique  (cost=3492.49..3496.93 rows=888 width=121)
	  ->  Sort  (cost=3492.49..3494.71 rows=888 width=121)
	        Sort Key: c
	        ->  Bitmap Heap Scan on sbtest3  (cost=29.54..3449.00 rows=888 width=121)
	              Recheck Cond: ((id >= 6364573) AND (id <= 6365572))
	              ->  Bitmap Index Scan on sbtest3_pkey  (cost=0.00..29.32 rows=888 width=0)
	                    Index Cond: ((id >= 6364573) AND (id <= 6365572))

table 4 : explain SELECT DISTINCT c FROM sbtest4 WHERE id BETWEEN 421189 AND 422188 ORDER BY c
	Unique  (cost=4118.74..4123.99 rows=1051 width=121)
	  ->  Sort  (cost=4118.74..4121.37 rows=1051 width=121)
	        Sort Key: c
	        ->  Bitmap Heap Scan on sbtest4  (cost=31.21..4065.99 rows=1051 width=121)
	              Recheck Cond: ((id >= 421189) AND (id <= 422188))
	              ->  Bitmap Index Scan on sbtest4_pkey  (cost=0.00..30.94 rows=1051 width=0)
	                    Index Cond: ((id >= 421189) AND (id <= 422188))

table 5 : explain SELECT DISTINCT c FROM sbtest5 WHERE id BETWEEN 8991654 AND 8992653 ORDER BY c
	Unique  (cost=3939.18..3944.20 rows=1004 width=121)
	  ->  Sort  (cost=3939.18..3941.69 rows=1004 width=121)
	        Sort Key: c
	        ->  Bitmap Heap Scan on sbtest5  (cost=30.73..3889.12 rows=1004 width=121)
	              Recheck Cond: ((id >= 8991654) AND (id <= 8992653))
	              ->  Bitmap Index Scan on sbtest5_pkey  (cost=0.00..30.47 rows=1004 width=0)
	                    Index Cond: ((id >= 8991654) AND (id <= 8992653))

table 6 : explain SELECT DISTINCT c FROM sbtest6 WHERE id BETWEEN 6997446 AND 6998445 ORDER BY c
	Unique  (cost=3823.72..3828.59 rows=974 width=121)
	  ->  Sort  (cost=3823.72..3826.16 rows=974 width=121)
	        Sort Key: c
	        ->  Bitmap Heap Scan on sbtest6  (cost=30.42..3775.37 rows=974 width=121)
	              Recheck Cond: ((id >= 6997446) AND (id <= 6998445))
	              ->  Bitmap Index Scan on sbtest6_pkey  (cost=0.00..30.18 rows=974 width=0)
	                    Index Cond: ((id >= 6997446) AND (id <= 6998445))

table 7 : explain SELECT DISTINCT c FROM sbtest7 WHERE id BETWEEN 6115123 AND 6116122 ORDER BY c
	Unique  (cost=3821.90..3826.77 rows=974 width=121)
	  ->  Sort  (cost=3821.90..3824.33 rows=974 width=121)
	        Sort Key: c
	        ->  Bitmap Heap Scan on sbtest7  (cost=30.42..3773.55 rows=974 width=121)
	              Recheck Cond: ((id >= 6115123) AND (id <= 6116122))
	              ->  Bitmap Index Scan on sbtest7_pkey  (cost=0.00..30.18 rows=974 width=0)
	                    Index Cond: ((id >= 6115123) AND (id <= 6116122))

table 8 : explain SELECT DISTINCT c FROM sbtest8 WHERE id BETWEEN 4205137 AND 4206136 ORDER BY c
	Unique  (cost=4440.19..4445.87 rows=1135 width=121)
	  ->  Sort  (cost=4440.19..4443.03 rows=1135 width=121)
	        Sort Key: c
	        ->  Bitmap Heap Scan on sbtest8  (cost=36.07..4382.60 rows=1135 width=121)
	              Recheck Cond: ((id >= 4205137) AND (id <= 4206136))
	              ->  Bitmap Index Scan on sbtest8_pkey  (cost=0.00..35.79 rows=1135 width=0)
	                    Index Cond: ((id >= 4205137) AND (id <= 4206136))

for: order_ranges
table 1 : explain SELECT c FROM sbtest1 WHERE id BETWEEN 2948181 AND 2949180 ORDER BY c
	Sort  (cost=3871.47..3873.94 rows=986 width=121)
	  Sort Key: c
	  ->  Bitmap Heap Scan on sbtest1  (cost=30.54..3822.44 rows=986 width=121)
	        Recheck Cond: ((id >= 2948181) AND (id <= 2949180))
	        ->  Bitmap Index Scan on sbtest1_pkey  (cost=0.00..30.29 rows=986 width=0)
	              Index Cond: ((id >= 2948181) AND (id <= 2949180))

table 2 : explain SELECT c FROM sbtest2 WHERE id BETWEEN 3538368 AND 3539367 ORDER BY c
	Sort  (cost=4038.47..4041.04 rows=1030 width=121)
	  Sort Key: c
	  ->  Bitmap Heap Scan on sbtest2  (cost=30.99..3986.92 rows=1030 width=121)
	        Recheck Cond: ((id >= 3538368) AND (id <= 3539367))
	        ->  Bitmap Index Scan on sbtest2_pkey  (cost=0.00..30.73 rows=1030 width=0)
	              Index Cond: ((id >= 3538368) AND (id <= 3539367))

table 3 : explain SELECT c FROM sbtest3 WHERE id BETWEEN 5097463 AND 5098462 ORDER BY c
	Sort  (cost=4105.55..4108.17 rows=1048 width=121)
	  Sort Key: c
	  ->  Bitmap Heap Scan on sbtest3  (cost=31.18..4052.98 rows=1048 width=121)
	        Recheck Cond: ((id >= 5097463) AND (id <= 5098462))
	        ->  Bitmap Index Scan on sbtest3_pkey  (cost=0.00..30.91 rows=1048 width=0)
	              Index Cond: ((id >= 5097463) AND (id <= 5098462))

table 4 : explain SELECT c FROM sbtest4 WHERE id BETWEEN 8830733 AND 8831732 ORDER BY c
	Sort  (cost=3885.25..3887.72 rows=990 width=121)
	  Sort Key: c
	  ->  Bitmap Heap Scan on sbtest4  (cost=30.58..3835.99 rows=990 width=121)
	        Recheck Cond: ((id >= 8830733) AND (id <= 8831732))
	        ->  Bitmap Index Scan on sbtest4_pkey  (cost=0.00..30.33 rows=990 width=0)
	              Index Cond: ((id >= 8830733) AND (id <= 8831732))

table 5 : explain SELECT c FROM sbtest5 WHERE id BETWEEN 1141876 AND 1142875 ORDER BY c
	Sort  (cost=4233.92..4236.62 rows=1080 width=121)
	  Sort Key: c
	  ->  Bitmap Heap Scan on sbtest5  (cost=35.51..4179.51 rows=1080 width=121)
	        Recheck Cond: ((id >= 1141876) AND (id <= 1142875))
	        ->  Bitmap Index Scan on sbtest5_pkey  (cost=0.00..35.23 rows=1080 width=0)
	              Index Cond: ((id >= 1141876) AND (id <= 1142875))

table 6 : explain SELECT c FROM sbtest6 WHERE id BETWEEN 1367041 AND 1368040 ORDER BY c
	Sort  (cost=3762.38..3764.77 rows=958 width=121)
	  Sort Key: c
	  ->  Bitmap Heap Scan on sbtest6  (cost=30.25..3714.94 rows=958 width=121)
	        Recheck Cond: ((id >= 1367041) AND (id <= 1368040))
	        ->  Bitmap Index Scan on sbtest6_pkey  (cost=0.00..30.01 rows=958 width=0)
	              Index Cond: ((id >= 1367041) AND (id <= 1368040))

table 7 : explain SELECT c FROM sbtest7 WHERE id BETWEEN 1388103 AND 1389102 ORDER BY c
	Sort  (cost=3963.53..3966.05 rows=1011 width=121)
	  Sort Key: c
	  ->  Bitmap Heap Scan on sbtest7  (cost=30.80..3913.07 rows=1011 width=121)
	        Recheck Cond: ((id >= 1388103) AND (id <= 1389102))
	        ->  Bitmap Index Scan on sbtest7_pkey  (cost=0.00..30.54 rows=1011 width=0)
	              Index Cond: ((id >= 1388103) AND (id <= 1389102))

table 8 : explain SELECT c FROM sbtest8 WHERE id BETWEEN 6821588 AND 6822587 ORDER BY c
	Sort  (cost=4199.53..4202.21 rows=1071 width=121)
	  Sort Key: c
	  ->  Bitmap Heap Scan on sbtest8  (cost=35.41..4145.64 rows=1071 width=121)
	        Recheck Cond: ((id >= 6821588) AND (id <= 6822587))
	        ->  Bitmap Index Scan on sbtest8_pkey  (cost=0.00..35.15 rows=1071 width=0)
	              Index Cond: ((id >= 6821588) AND (id <= 6822587))

for: distinct_ranges
table 1 : explain SELECT DISTINCT c FROM sbtest1 WHERE id BETWEEN 1267376 AND 1268375 ORDER BY c
	Unique  (cost=3840.80..3845.69 rows=978 width=121)
	  ->  Sort  (cost=3840.80..3843.24 rows=978 width=121)
	        Sort Key: c
	        ->  Bitmap Heap Scan on sbtest1  (cost=30.46..3792.22 rows=978 width=121)
	              Recheck Cond: ((id >= 1267376) AND (id <= 1268375))
	              ->  Bitmap Index Scan on sbtest1_pkey  (cost=0.00..30.21 rows=978 width=0)
	                    Index Cond: ((id >= 1267376) AND (id <= 1268375))

table 2 : explain SELECT DISTINCT c FROM sbtest2 WHERE id BETWEEN 5985596 AND 5986595 ORDER BY c
	Unique  (cost=3843.15..3848.05 rows=979 width=121)
	  ->  Sort  (cost=3843.15..3845.60 rows=979 width=121)
	        Sort Key: c
	        ->  Bitmap Heap Scan on sbtest2  (cost=30.47..3794.52 rows=979 width=121)
	              Recheck Cond: ((id >= 5985596) AND (id <= 5986595))
	              ->  Bitmap Index Scan on sbtest2_pkey  (cost=0.00..30.22 rows=979 width=0)
	                    Index Cond: ((id >= 5985596) AND (id <= 5986595))

table 3 : explain SELECT DISTINCT c FROM sbtest3 WHERE id BETWEEN 3887440 AND 3888439 ORDER BY c
	Unique  (cost=4032.92..4038.06 rows=1029 width=121)
	  ->  Sort  (cost=4032.92..4035.49 rows=1029 width=121)
	        Sort Key: c
	        ->  Bitmap Heap Scan on sbtest3  (cost=30.98..3981.43 rows=1029 width=121)
	              Recheck Cond: ((id >= 3887440) AND (id <= 3888439))
	              ->  Bitmap Index Scan on sbtest3_pkey  (cost=0.00..30.72 rows=1029 width=0)
	                    Index Cond: ((id >= 3887440) AND (id <= 3888439))

table 4 : explain SELECT DISTINCT c FROM sbtest4 WHERE id BETWEEN 8740384 AND 8741383 ORDER BY c
	Unique  (cost=4191.55..4196.90 rows=1069 width=121)
	  ->  Sort  (cost=4191.55..4194.23 rows=1069 width=121)
	        Sort Key: c
	        ->  Bitmap Heap Scan on sbtest4  (cost=35.39..4137.77 rows=1069 width=121)
	              Recheck Cond: ((id >= 8740384) AND (id <= 8741383))
	              ->  Bitmap Index Scan on sbtest4_pkey  (cost=0.00..35.12 rows=1069 width=0)
	                    Index Cond: ((id >= 8740384) AND (id <= 8741383))

table 5 : explain SELECT DISTINCT c FROM sbtest5 WHERE id BETWEEN 1639716 AND 1640715 ORDER BY c
	Unique  (cost=3736.02..3740.77 rows=951 width=121)
	  ->  Sort  (cost=3736.02..3738.39 rows=951 width=121)
	        Sort Key: c
	        ->  Bitmap Heap Scan on sbtest5  (cost=30.18..3688.97 rows=951 width=121)
	              Recheck Cond: ((id >= 1639716) AND (id <= 1640715))
	              ->  Bitmap Index Scan on sbtest5_pkey  (cost=0.00..29.94 rows=951 width=0)
	                    Index Cond: ((id >= 1639716) AND (id <= 1640715))

table 6 : explain SELECT DISTINCT c FROM sbtest6 WHERE id BETWEEN 1679354 AND 1680353 ORDER BY c
	Unique  (cost=3812.22..3817.08 rows=971 width=121)
	  ->  Sort  (cost=3812.22..3814.65 rows=971 width=121)
	        Sort Key: c
	        ->  Bitmap Heap Scan on sbtest6  (cost=30.39..3764.04 rows=971 width=121)
	              Recheck Cond: ((id >= 1679354) AND (id <= 1680353))
	              ->  Bitmap Index Scan on sbtest6_pkey  (cost=0.00..30.14 rows=971 width=0)
	                    Index Cond: ((id >= 1679354) AND (id <= 1680353))

table 7 : explain SELECT DISTINCT c FROM sbtest7 WHERE id BETWEEN 4070492 AND 4071491 ORDER BY c
	Unique  (cost=3902.30..3907.28 rows=995 width=121)
	  ->  Sort  (cost=3902.30..3904.79 rows=995 width=121)
	        Sort Key: c
	        ->  Bitmap Heap Scan on sbtest7  (cost=30.63..3852.76 rows=995 width=121)
	              Recheck Cond: ((id >= 4070492) AND (id <= 4071491))
	              ->  Bitmap Index Scan on sbtest7_pkey  (cost=0.00..30.39 rows=995 width=0)
	                    Index Cond: ((id >= 4070492) AND (id <= 4071491))

table 8 : explain SELECT DISTINCT c FROM sbtest8 WHERE id BETWEEN 9262697 AND 9263696 ORDER BY c
	Unique  (cost=3716.84..3721.57 rows=946 width=121)
	  ->  Sort  (cost=3716.84..3719.20 rows=946 width=121)
	        Sort Key: c
	        ->  Bitmap Heap Scan on sbtest8  (cost=30.13..3670.08 rows=946 width=121)
	              Recheck Cond: ((id >= 9262697) AND (id <= 9263696))
	              ->  Bitmap Index Scan on sbtest8_pkey  (cost=0.00..29.89 rows=946 width=0)
	                    Index Cond: ((id >= 9262697) AND (id <= 9263696))

for: distinct_ranges
table 1 : explain SELECT DISTINCT c FROM sbtest1 WHERE id BETWEEN 6298631 AND 6299630 ORDER BY c
	Unique  (cost=3614.32..3618.91 rows=919 width=121)
	  ->  Sort  (cost=3614.32..3616.62 rows=919 width=121)
	        Sort Key: c
	        ->  Bitmap Heap Scan on sbtest1  (cost=29.85..3569.09 rows=919 width=121)
	              Recheck Cond: ((id >= 6298631) AND (id <= 6299630))
	              ->  Bitmap Index Scan on sbtest1_pkey  (cost=0.00..29.62 rows=919 width=0)
	                    Index Cond: ((id >= 6298631) AND (id <= 6299630))

table 2 : explain SELECT DISTINCT c FROM sbtest2 WHERE id BETWEEN 4055594 AND 4056593 ORDER BY c
	Unique  (cost=4279.50..4284.96 rows=1092 width=121)
	  ->  Sort  (cost=4279.50..4282.23 rows=1092 width=121)
	        Sort Key: c
	        ->  Bitmap Heap Scan on sbtest2  (cost=35.63..4224.39 rows=1092 width=121)
	              Recheck Cond: ((id >= 4055594) AND (id <= 4056593))
	              ->  Bitmap Index Scan on sbtest2_pkey  (cost=0.00..35.36 rows=1092 width=0)
	                    Index Cond: ((id >= 4055594) AND (id <= 4056593))

table 3 : explain SELECT DISTINCT c FROM sbtest3 WHERE id BETWEEN 7909902 AND 7910901 ORDER BY c
	Unique  (cost=4048.21..4053.38 rows=1033 width=121)
	  ->  Sort  (cost=4048.21..4050.79 rows=1033 width=121)
	        Sort Key: c
	        ->  Bitmap Heap Scan on sbtest3  (cost=31.02..3996.50 rows=1033 width=121)
	              Recheck Cond: ((id >= 7909902) AND (id <= 7910901))
	              ->  Bitmap Index Scan on sbtest3_pkey  (cost=0.00..30.76 rows=1033 width=0)
	                    Index Cond: ((id >= 7909902) AND (id <= 7910901))

table 4 : explain SELECT DISTINCT c FROM sbtest4 WHERE id BETWEEN 5317775 AND 5318774 ORDER BY c
	Unique  (cost=3835.43..3840.32 rows=977 width=121)
	  ->  Sort  (cost=3835.43..3837.88 rows=977 width=121)
	        Sort Key: c
	        ->  Bitmap Heap Scan on sbtest4  (cost=30.45..3786.91 rows=977 width=121)
	              Recheck Cond: ((id >= 5317775) AND (id <= 5318774))
	              ->  Bitmap Index Scan on sbtest4_pkey  (cost=0.00..30.20 rows=977 width=0)
	                    Index Cond: ((id >= 5317775) AND (id <= 5318774))

table 5 : explain SELECT DISTINCT c FROM sbtest5 WHERE id BETWEEN 3013302 AND 3014301 ORDER BY c
	Unique  (cost=3574.78..3579.32 rows=909 width=121)
	  ->  Sort  (cost=3574.78..3577.05 rows=909 width=121)
	        Sort Key: c
	        ->  Bitmap Heap Scan on sbtest5  (cost=29.75..3530.11 rows=909 width=121)
	              Recheck Cond: ((id >= 3013302) AND (id <= 3014301))
	              ->  Bitmap Index Scan on sbtest5_pkey  (cost=0.00..29.52 rows=909 width=0)
	                    Index Cond: ((id >= 3013302) AND (id <= 3014301))

table 6 : explain SELECT DISTINCT c FROM sbtest6 WHERE id BETWEEN 9867242 AND 9868241 ORDER BY c
	Unique  (cost=4057.30..4062.48 rows=1035 width=121)
	  ->  Sort  (cost=4057.30..4059.89 rows=1035 width=121)
	        Sort Key: c
	        ->  Bitmap Heap Scan on sbtest6  (cost=31.04..4005.47 rows=1035 width=121)
	              Recheck Cond: ((id >= 9867242) AND (id <= 9868241))
	              ->  Bitmap Index Scan on sbtest6_pkey  (cost=0.00..30.79 rows=1035 width=0)
	                    Index Cond: ((id >= 9867242) AND (id <= 9868241))

table 7 : explain SELECT DISTINCT c FROM sbtest7 WHERE id BETWEEN 9949489 AND 9950488 ORDER BY c
	Unique  (cost=3982.65..3987.73 rows=1016 width=121)
	  ->  Sort  (cost=3982.65..3985.19 rows=1016 width=121)
	        Sort Key: c
	        ->  Bitmap Heap Scan on sbtest7  (cost=30.85..3931.91 rows=1016 width=121)
	              Recheck Cond: ((id >= 9949489) AND (id <= 9950488))
	              ->  Bitmap Index Scan on sbtest7_pkey  (cost=0.00..30.59 rows=1016 width=0)
	                    Index Cond: ((id >= 9949489) AND (id <= 9950488))

table 8 : explain SELECT DISTINCT c FROM sbtest8 WHERE id BETWEEN 1233889 AND 1234888 ORDER BY c
	Unique  (cost=3981.31..3986.38 rows=1015 width=121)
	  ->  Sort  (cost=3981.31..3983.84 rows=1015 width=121)
	        Sort Key: c
	        ->  Bitmap Heap Scan on sbtest8  (cost=30.84..3930.62 rows=1015 width=121)
	              Recheck Cond: ((id >= 1233889) AND (id <= 1234888))
	              ->  Bitmap Index Scan on sbtest8_pkey  (cost=0.00..30.58 rows=1015 width=0)
	                    Index Cond: ((id >= 1233889) AND (id <= 1234888))

for: order_ranges
table 1 : explain SELECT c FROM sbtest1 WHERE id BETWEEN 2571844 AND 2572843 ORDER BY c
	Sort  (cost=4166.36..4169.01 rows=1063 width=121)
	  Sort Key: c
	  ->  Bitmap Heap Scan on sbtest1  (cost=31.33..4112.92 rows=1063 width=121)
	        Recheck Cond: ((id >= 2571844) AND (id <= 2572843))
	        ->  Bitmap Index Scan on sbtest1_pkey  (cost=0.00..31.07 rows=1063 width=0)
	              Index Cond: ((id >= 2571844) AND (id <= 2572843))

table 2 : explain SELECT c FROM sbtest2 WHERE id BETWEEN 3924962 AND 3925961 ORDER BY c
	Sort  (cost=4233.65..4236.35 rows=1080 width=121)
	  Sort Key: c
	  ->  Bitmap Heap Scan on sbtest2  (cost=35.51..4179.24 rows=1080 width=121)
	        Recheck Cond: ((id >= 3924962) AND (id <= 3925961))
	        ->  Bitmap Index Scan on sbtest2_pkey  (cost=0.00..35.23 rows=1080 width=0)
	              Index Cond: ((id >= 3924962) AND (id <= 3925961))

table 3 : explain SELECT c FROM sbtest3 WHERE id BETWEEN 1945939 AND 1946938 ORDER BY c
	Sort  (cost=4185.79..4188.46 rows=1069 width=121)
	  Sort Key: c
	  ->  Bitmap Heap Scan on sbtest3  (cost=31.39..4132.01 rows=1069 width=121)
	        Recheck Cond: ((id >= 1945939) AND (id <= 1946938))
	        ->  Bitmap Index Scan on sbtest3_pkey  (cost=0.00..31.12 rows=1069 width=0)
	              Index Cond: ((id >= 1945939) AND (id <= 1946938))

table 4 : explain SELECT c FROM sbtest4 WHERE id BETWEEN 5372825 AND 5373824 ORDER BY c
	Sort  (cost=3835.43..3837.88 rows=977 width=121)
	  Sort Key: c
	  ->  Bitmap Heap Scan on sbtest4  (cost=30.45..3786.91 rows=977 width=121)
	        Recheck Cond: ((id >= 5372825) AND (id <= 5373824))
	        ->  Bitmap Index Scan on sbtest4_pkey  (cost=0.00..30.20 rows=977 width=0)
	              Index Cond: ((id >= 5372825) AND (id <= 5373824))

table 5 : explain SELECT c FROM sbtest5 WHERE id BETWEEN 120893 AND 121892 ORDER BY c
	Sort  (cost=3988.96..3991.50 rows=1017 width=121)
	  Sort Key: c
	  ->  Bitmap Heap Scan on sbtest5  (cost=30.86..3938.16 rows=1017 width=121)
	        Recheck Cond: ((id >= 120893) AND (id <= 121892))
	        ->  Bitmap Index Scan on sbtest5_pkey  (cost=0.00..30.61 rows=1017 width=0)
	              Index Cond: ((id >= 120893) AND (id <= 121892))

table 6 : explain SELECT c FROM sbtest6 WHERE id BETWEEN 5700742 AND 5701741 ORDER BY c
	Sort  (cost=3984.60..3987.14 rows=1016 width=121)
	  Sort Key: c
	  ->  Bitmap Heap Scan on sbtest6  (cost=30.85..3933.85 rows=1016 width=121)
	        Recheck Cond: ((id >= 5700742) AND (id <= 5701741))
	        ->  Bitmap Index Scan on sbtest6_pkey  (cost=0.00..30.59 rows=1016 width=0)
	              Index Cond: ((id >= 5700742) AND (id <= 5701741))

table 7 : explain SELECT c FROM sbtest7 WHERE id BETWEEN 9528669 AND 9529668 ORDER BY c
	Sort  (cost=4173.93..4176.60 rows=1065 width=121)
	  Sort Key: c
	  ->  Bitmap Heap Scan on sbtest7  (cost=35.35..4120.38 rows=1065 width=121)
	        Recheck Cond: ((id >= 9528669) AND (id <= 9529668))
	        ->  Bitmap Index Scan on sbtest7_pkey  (cost=0.00..35.09 rows=1065 width=0)
	              Index Cond: ((id >= 9528669) AND (id <= 9529668))

table 8 : explain SELECT c FROM sbtest8 WHERE id BETWEEN 299239 AND 300238 ORDER BY c
	Sort  (cost=3958.33..3960.85 rows=1009 width=121)
	  Sort Key: c
	  ->  Bitmap Heap Scan on sbtest8  (cost=30.78..3907.99 rows=1009 width=121)
	        Recheck Cond: ((id >= 299239) AND (id <= 300238))
	        ->  Bitmap Index Scan on sbtest8_pkey  (cost=0.00..30.52 rows=1009 width=0)
	              Index Cond: ((id >= 299239) AND (id <= 300238))

for: order_ranges
table 1 : explain SELECT c FROM sbtest1 WHERE id BETWEEN 132671 AND 133670 ORDER BY c
	Sort  (cost=3994.11..3996.65 rows=1018 width=121)
	  Sort Key: c
	  ->  Bitmap Heap Scan on sbtest1  (cost=30.87..3943.25 rows=1018 width=121)
	        Recheck Cond: ((id >= 132671) AND (id <= 133670))
	        ->  Bitmap Index Scan on sbtest1_pkey  (cost=0.00..30.61 rows=1018 width=0)
	              Index Cond: ((id >= 132671) AND (id <= 133670))

table 2 : explain SELECT c FROM sbtest2 WHERE id BETWEEN 8663868 AND 8664867 ORDER BY c
	Sort  (cost=3961.91..3964.44 rows=1010 width=121)
	  Sort Key: c
	  ->  Bitmap Heap Scan on sbtest2  (cost=30.79..3911.51 rows=1010 width=121)
	        Recheck Cond: ((id >= 8663868) AND (id <= 8664867))
	        ->  Bitmap Index Scan on sbtest2_pkey  (cost=0.00..30.54 rows=1010 width=0)
	              Index Cond: ((id >= 8663868) AND (id <= 8664867))

table 3 : explain SELECT c FROM sbtest3 WHERE id BETWEEN 9974004 AND 9975003 ORDER BY c
	Sort  (cost=4052.03..4054.62 rows=1034 width=121)
	  Sort Key: c
	  ->  Bitmap Heap Scan on sbtest3  (cost=31.03..4000.26 rows=1034 width=121)
	        Recheck Cond: ((id >= 9974004) AND (id <= 9975003))
	        ->  Bitmap Index Scan on sbtest3_pkey  (cost=0.00..30.77 rows=1034 width=0)
	              Index Cond: ((id >= 9974004) AND (id <= 9975003))

table 4 : explain SELECT c FROM sbtest4 WHERE id BETWEEN 5454610 AND 5455609 ORDER BY c
	Sort  (cost=3589.88..3592.16 rows=913 width=121)
	  Sort Key: c
	  ->  Bitmap Heap Scan on sbtest4  (cost=29.79..3544.99 rows=913 width=121)
	        Recheck Cond: ((id >= 5454610) AND (id <= 5455609))
	        ->  Bitmap Index Scan on sbtest4_pkey  (cost=0.00..29.57 rows=913 width=0)
	              Index Cond: ((id >= 5454610) AND (id <= 5455609))

table 5 : explain SELECT c FROM sbtest5 WHERE id BETWEEN 3539705 AND 3540704 ORDER BY c
	Sort  (cost=3931.52..3934.02 rows=1002 width=121)
	  Sort Key: c
	  ->  Bitmap Heap Scan on sbtest5  (cost=30.71..3881.57 rows=1002 width=121)
	        Recheck Cond: ((id >= 3539705) AND (id <= 3540704))
	        ->  Bitmap Index Scan on sbtest5_pkey  (cost=0.00..30.45 rows=1002 width=0)
	              Index Cond: ((id >= 3539705) AND (id <= 3540704))

table 6 : explain SELECT c FROM sbtest6 WHERE id BETWEEN 599553 AND 600552 ORDER BY c
	Sort  (cost=4149.26..4151.91 rows=1058 width=121)
	  Sort Key: c
	  ->  Bitmap Heap Scan on sbtest6  (cost=35.28..4096.11 rows=1058 width=121)
	        Recheck Cond: ((id >= 599553) AND (id <= 600552))
	        ->  Bitmap Index Scan on sbtest6_pkey  (cost=0.00..35.02 rows=1058 width=0)
	              Index Cond: ((id >= 599553) AND (id <= 600552))

table 7 : explain SELECT c FROM sbtest7 WHERE id BETWEEN 1534273 AND 1535272 ORDER BY c
	Sort  (cost=4238.84..4241.55 rows=1082 width=121)
	  Sort Key: c
	  ->  Bitmap Heap Scan on sbtest7  (cost=35.53..4184.31 rows=1082 width=121)
	        Recheck Cond: ((id >= 1534273) AND (id <= 1535272))
	        ->  Bitmap Index Scan on sbtest7_pkey  (cost=0.00..35.26 rows=1082 width=0)
	              Index Cond: ((id >= 1534273) AND (id <= 1535272))

table 8 : explain SELECT c FROM sbtest8 WHERE id BETWEEN 3827231 AND 3828230 ORDER BY c
	Sort  (cost=3847.23..3849.68 rows=980 width=121)
	  Sort Key: c
	  ->  Bitmap Heap Scan on sbtest8  (cost=30.48..3798.54 rows=980 width=121)
	        Recheck Cond: ((id >= 3827231) AND (id <= 3828230))
	        ->  Bitmap Index Scan on sbtest8_pkey  (cost=0.00..30.23 rows=980 width=0)
	              Index Cond: ((id >= 3827231) AND (id <= 3828230))

for point_selects
table 1 : explain SELECT c FROM sbtest1 WHERE id=2558396
	Index Scan using sbtest1_pkey on sbtest1  (cost=0.43..8.45 rows=1 width=121)
	  Index Cond: (id = 2558396)

table 2 : explain SELECT c FROM sbtest2 WHERE id=7658866
	Index Scan using sbtest2_pkey on sbtest2  (cost=0.43..8.45 rows=1 width=121)
	  Index Cond: (id = 7658866)

table 3 : explain SELECT c FROM sbtest3 WHERE id=2351772
	Index Scan using sbtest3_pkey on sbtest3  (cost=0.43..8.45 rows=1 width=121)
	  Index Cond: (id = 2351772)

table 4 : explain SELECT c FROM sbtest4 WHERE id=1894283
	Index Scan using sbtest4_pkey on sbtest4  (cost=0.43..8.45 rows=1 width=121)
	  Index Cond: (id = 1894283)

table 5 : explain SELECT c FROM sbtest5 WHERE id=5189046
	Index Scan using sbtest5_pkey on sbtest5  (cost=0.43..8.45 rows=1 width=121)
	  Index Cond: (id = 5189046)

table 6 : explain SELECT c FROM sbtest6 WHERE id=9217883
	Index Scan using sbtest6_pkey on sbtest6  (cost=0.43..8.45 rows=1 width=121)
	  Index Cond: (id = 9217883)

table 7 : explain SELECT c FROM sbtest7 WHERE id=3442446
	Index Scan using sbtest7_pkey on sbtest7  (cost=0.43..8.45 rows=1 width=121)
	  Index Cond: (id = 3442446)

table 8 : explain SELECT c FROM sbtest8 WHERE id=1895047
	Index Scan using sbtest8_pkey on sbtest8  (cost=0.43..8.45 rows=1 width=121)
	  Index Cond: (id = 1895047)

for: sum_ranges
table 1 : explain SELECT SUM(k) FROM sbtest1 WHERE id BETWEEN 9920409 AND 9921408
	Aggregate  (cost=4081.64..4081.65 rows=1 width=8)
	  ->  Bitmap Heap Scan on sbtest1  (cost=31.24..4079.00 rows=1054 width=4)
	        Recheck Cond: ((id >= 9920409) AND (id <= 9921408))
	        ->  Bitmap Index Scan on sbtest1_pkey  (cost=0.00..30.97 rows=1054 width=0)
	              Index Cond: ((id >= 9920409) AND (id <= 9921408))

table 2 : explain SELECT SUM(k) FROM sbtest2 WHERE id BETWEEN 2142619 AND 2143618
	Aggregate  (cost=3925.36..3925.37 rows=1 width=8)
	  ->  Bitmap Heap Scan on sbtest2  (cost=30.82..3922.83 rows=1013 width=4)
	        Recheck Cond: ((id >= 2142619) AND (id <= 2143618))
	        ->  Bitmap Index Scan on sbtest2_pkey  (cost=0.00..30.57 rows=1013 width=0)
	              Index Cond: ((id >= 2142619) AND (id <= 2143618))

table 3 : explain SELECT SUM(k) FROM sbtest3 WHERE id BETWEEN 8258060 AND 8259059
	Aggregate  (cost=3784.04..3784.05 rows=1 width=8)
	  ->  Bitmap Heap Scan on sbtest3  (cost=30.44..3781.60 rows=976 width=4)
	        Recheck Cond: ((id >= 8258060) AND (id <= 8259059))
	        ->  Bitmap Index Scan on sbtest3_pkey  (cost=0.00..30.19 rows=976 width=0)
	              Index Cond: ((id >= 8258060) AND (id <= 8259059))

table 4 : explain SELECT SUM(k) FROM sbtest4 WHERE id BETWEEN 3782351 AND 3783350
	Aggregate  (cost=4328.64..4328.65 rows=1 width=8)
	  ->  Bitmap Heap Scan on sbtest4  (cost=35.90..4325.85 rows=1119 width=4)
	        Recheck Cond: ((id >= 3782351) AND (id <= 3783350))
	        ->  Bitmap Index Scan on sbtest4_pkey  (cost=0.00..35.62 rows=1119 width=0)
	              Index Cond: ((id >= 3782351) AND (id <= 3783350))

table 5 : explain SELECT SUM(k) FROM sbtest5 WHERE id BETWEEN 6893573 AND 6894572
	Aggregate  (cost=3853.87..3853.88 rows=1 width=8)
	  ->  Bitmap Heap Scan on sbtest5  (cost=30.62..3851.38 rows=994 width=4)
	        Recheck Cond: ((id >= 6893573) AND (id <= 6894572))
	        ->  Bitmap Index Scan on sbtest5_pkey  (cost=0.00..30.37 rows=994 width=0)
	              Index Cond: ((id >= 6893573) AND (id <= 6894572))

table 6 : explain SELECT SUM(k) FROM sbtest6 WHERE id BETWEEN 5598913 AND 5599912
	Aggregate  (cost=4026.91..4026.92 rows=1 width=8)
	  ->  Bitmap Heap Scan on sbtest6  (cost=31.09..4024.31 rows=1040 width=4)
	        Recheck Cond: ((id >= 5598913) AND (id <= 5599912))
	        ->  Bitmap Index Scan on sbtest6_pkey  (cost=0.00..30.83 rows=1040 width=0)
	              Index Cond: ((id >= 5598913) AND (id <= 5599912))

table 7 : explain SELECT SUM(k) FROM sbtest7 WHERE id BETWEEN 2193339 AND 2194338
	Aggregate  (cost=3930.68..3930.69 rows=1 width=8)
	  ->  Bitmap Heap Scan on sbtest7  (cost=30.84..3928.14 rows=1015 width=4)
	        Recheck Cond: ((id >= 2193339) AND (id <= 2194338))
	        ->  Bitmap Index Scan on sbtest7_pkey  (cost=0.00..30.58 rows=1015 width=0)
	              Index Cond: ((id >= 2193339) AND (id <= 2194338))

table 8 : explain SELECT SUM(k) FROM sbtest8 WHERE id BETWEEN 6954416 AND 6955415
	Aggregate  (cost=3944.48..3944.49 rows=1 width=8)
	  ->  Bitmap Heap Scan on sbtest8  (cost=30.87..3941.93 rows=1018 width=4)
	        Recheck Cond: ((id >= 6954416) AND (id <= 6955415))
	        ->  Bitmap Index Scan on sbtest8_pkey  (cost=0.00..30.61 rows=1018 width=0)
	              Index Cond: ((id >= 6954416) AND (id <= 6955415))

for: order_ranges
table 1 : explain SELECT c FROM sbtest1 WHERE id BETWEEN 5631367 AND 5632366 ORDER BY c
	Sort  (cost=3629.69..3631.99 rows=923 width=121)
	  Sort Key: c
	  ->  Bitmap Heap Scan on sbtest1  (cost=29.90..3584.23 rows=923 width=121)
	        Recheck Cond: ((id >= 5631367) AND (id <= 5632366))
	        ->  Bitmap Index Scan on sbtest1_pkey  (cost=0.00..29.66 rows=923 width=0)
	              Index Cond: ((id >= 5631367) AND (id <= 5632366))

table 2 : explain SELECT c FROM sbtest2 WHERE id BETWEEN 6320733 AND 6321732 ORDER BY c
	Sort  (cost=3743.46..3745.85 rows=953 width=121)
	  Sort Key: c
	  ->  Bitmap Heap Scan on sbtest2  (cost=30.20..3696.31 rows=953 width=121)
	        Recheck Cond: ((id >= 6320733) AND (id <= 6321732))
	        ->  Bitmap Index Scan on sbtest2_pkey  (cost=0.00..29.96 rows=953 width=0)
	              Index Cond: ((id >= 6320733) AND (id <= 6321732))

table 3 : explain SELECT c FROM sbtest3 WHERE id BETWEEN 2116825 AND 2117824 ORDER BY c
	Sort  (cost=4009.97..4012.52 rows=1023 width=121)
	  Sort Key: c
	  ->  Bitmap Heap Scan on sbtest3  (cost=30.92..3958.82 rows=1023 width=121)
	        Recheck Cond: ((id >= 2116825) AND (id <= 2117824))
	        ->  Bitmap Index Scan on sbtest3_pkey  (cost=0.00..30.66 rows=1023 width=0)
	              Index Cond: ((id >= 2116825) AND (id <= 2117824))

table 4 : explain SELECT c FROM sbtest4 WHERE id BETWEEN 4482165 AND 4483164 ORDER BY c
	Sort  (cost=4371.06..4373.85 rows=1116 width=121)
	  Sort Key: c
	  ->  Bitmap Heap Scan on sbtest4  (cost=35.87..4314.57 rows=1116 width=121)
	        Recheck Cond: ((id >= 4482165) AND (id <= 4483164))
	        ->  Bitmap Index Scan on sbtest4_pkey  (cost=0.00..35.59 rows=1116 width=0)
	              Index Cond: ((id >= 4482165) AND (id <= 4483164))

table 5 : explain SELECT c FROM sbtest5 WHERE id BETWEEN 2035366 AND 2036365 ORDER BY c
	Sort  (cost=4061.68..4064.27 rows=1036 width=121)
	  Sort Key: c
	  ->  Bitmap Heap Scan on sbtest5  (cost=31.05..4009.79 rows=1036 width=121)
	        Recheck Cond: ((id >= 2035366) AND (id <= 2036365))
	        ->  Bitmap Index Scan on sbtest5_pkey  (cost=0.00..30.79 rows=1036 width=0)
	              Index Cond: ((id >= 2035366) AND (id <= 2036365))

table 6 : explain SELECT c FROM sbtest6 WHERE id BETWEEN 6848870 AND 6849869 ORDER BY c
	Sort  (cost=3992.25..3994.80 rows=1018 width=121)
	  Sort Key: c
	  ->  Bitmap Heap Scan on sbtest6  (cost=30.87..3941.39 rows=1018 width=121)
	        Recheck Cond: ((id >= 6848870) AND (id <= 6849869))
	        ->  Bitmap Index Scan on sbtest6_pkey  (cost=0.00..30.61 rows=1018 width=0)
	              Index Cond: ((id >= 6848870) AND (id <= 6849869))

table 7 : explain SELECT c FROM sbtest7 WHERE id BETWEEN 9758302 AND 9759301 ORDER BY c
	Sort  (cost=3818.07..3820.50 rows=973 width=121)
	  Sort Key: c
	  ->  Bitmap Heap Scan on sbtest7  (cost=30.41..3769.77 rows=973 width=121)
	        Recheck Cond: ((id >= 9758302) AND (id <= 9759301))
	        ->  Bitmap Index Scan on sbtest7_pkey  (cost=0.00..30.16 rows=973 width=0)
	              Index Cond: ((id >= 9758302) AND (id <= 9759301))

table 8 : explain SELECT c FROM sbtest8 WHERE id BETWEEN 4612933 AND 4613932 ORDER BY c
	Sort  (cost=3935.35..3937.86 rows=1003 width=121)
	  Sort Key: c
	  ->  Bitmap Heap Scan on sbtest8  (cost=30.72..3885.35 rows=1003 width=121)
	        Recheck Cond: ((id >= 4612933) AND (id <= 4613932))
	        ->  Bitmap Index Scan on sbtest8_pkey  (cost=0.00..30.46 rows=1003 width=0)
	              Index Cond: ((id >= 4612933) AND (id <= 4613932))
for: order_ranges
table 1 : explain SELECT c FROM sbtest1 WHERE id BETWEEN 5282937 AND 5283936 ORDER BY c
	Sort  (cost=4032.40..4034.97 rows=1028 width=121)
	  Sort Key: c
	  ->  Bitmap Heap Scan on sbtest1  (cost=30.97..3980.98 rows=1028 width=121)
	        Recheck Cond: ((id >= 5282937) AND (id <= 5283936))
	        ->  Bitmap Index Scan on sbtest1_pkey  (cost=0.00..30.71 rows=1028 width=0)
	              Index Cond: ((id >= 5282937) AND (id <= 5283936))

table 2 : explain SELECT c FROM sbtest2 WHERE id BETWEEN 640938 AND 641937 ORDER BY c
	Sort  (cost=4275.68..4278.40 rows=1091 width=121)
	  Sort Key: c
	  ->  Bitmap Heap Scan on sbtest2  (cost=35.62..4220.63 rows=1091 width=121)
	        Recheck Cond: ((id >= 640938) AND (id <= 641937))
	        ->  Bitmap Index Scan on sbtest2_pkey  (cost=0.00..35.34 rows=1091 width=0)
	              Index Cond: ((id >= 640938) AND (id <= 641937))

table 3 : explain SELECT c FROM sbtest3 WHERE id BETWEEN 2704460 AND 2705459 ORDER BY c
	Sort  (cost=3845.38..3847.83 rows=980 width=121)
	  Sort Key: c
	  ->  Bitmap Heap Scan on sbtest3  (cost=30.48..3796.69 rows=980 width=121)
	        Recheck Cond: ((id >= 2704460) AND (id <= 2705459))
	        ->  Bitmap Index Scan on sbtest3_pkey  (cost=0.00..30.23 rows=980 width=0)
	              Index Cond: ((id >= 2704460) AND (id <= 2705459))

table 4 : explain SELECT c FROM sbtest4 WHERE id BETWEEN 7548223 AND 7549222 ORDER BY c
	Sort  (cost=3988.65..3991.19 rows=1017 width=121)
	  Sort Key: c
	  ->  Bitmap Heap Scan on sbtest4  (cost=30.86..3937.85 rows=1017 width=121)
	        Recheck Cond: ((id >= 7548223) AND (id <= 7549222))
	        ->  Bitmap Index Scan on sbtest4_pkey  (cost=0.00..30.61 rows=1017 width=0)
	              Index Cond: ((id >= 7548223) AND (id <= 7549222))

table 5 : explain SELECT c FROM sbtest5 WHERE id BETWEEN 5115322 AND 5116321 ORDER BY c
	Sort  (cost=3705.32..3707.68 rows=943 width=121)
	  Sort Key: c
	  ->  Bitmap Heap Scan on sbtest5  (cost=30.10..3658.73 rows=943 width=121)
	        Recheck Cond: ((id >= 5115322) AND (id <= 5116321))
	        ->  Bitmap Index Scan on sbtest5_pkey  (cost=0.00..29.86 rows=943 width=0)
	              Index Cond: ((id >= 5115322) AND (id <= 5116321))

table 6 : explain SELECT c FROM sbtest6 WHERE id BETWEEN 137780 AND 138779 ORDER BY c
	Sort  (cost=4305.91..4308.65 rows=1099 width=121)
	  Sort Key: c
	  ->  Bitmap Heap Scan on sbtest6  (cost=35.70..4250.40 rows=1099 width=121)
	        Recheck Cond: ((id >= 137780) AND (id <= 138779))
	        ->  Bitmap Index Scan on sbtest6_pkey  (cost=0.00..35.43 rows=1099 width=0)
	              Index Cond: ((id >= 137780) AND (id <= 138779))

table 7 : explain SELECT c FROM sbtest7 WHERE id BETWEEN 1437511 AND 1438510 ORDER BY c
	Sort  (cost=3955.87..3958.40 rows=1009 width=121)
	  Sort Key: c
	  ->  Bitmap Heap Scan on sbtest7  (cost=30.78..3905.53 rows=1009 width=121)
	        Recheck Cond: ((id >= 1437511) AND (id <= 1438510))
	        ->  Bitmap Index Scan on sbtest7_pkey  (cost=0.00..30.52 rows=1009 width=0)
	              Index Cond: ((id >= 1437511) AND (id <= 1438510))

table 8 : explain SELECT c FROM sbtest8 WHERE id BETWEEN 775628 AND 776627 ORDER BY c
	Sort  (cost=3682.30..3684.64 rows=937 width=121)
	  Sort Key: c
	  ->  Bitmap Heap Scan on sbtest8  (cost=30.04..3636.05 rows=937 width=121)
	        Recheck Cond: ((id >= 775628) AND (id <= 776627))
	        ->  Bitmap Index Scan on sbtest8_pkey  (cost=0.00..29.80 rows=937 width=0)
	              Index Cond: ((id >= 775628) AND (id <= 776627))


for: distinct_ranges
table 1 : explain SELECT DISTINCT c FROM sbtest1 WHERE id BETWEEN 898978 AND 899977 ORDER BY c
	Unique  (cost=3890.64..3895.60 rows=991 width=121)
	  ->  Sort  (cost=3890.64..3893.12 rows=991 width=121)
	        Sort Key: c
	        ->  Bitmap Heap Scan on sbtest1  (cost=30.59..3841.33 rows=991 width=121)
	              Recheck Cond: ((id >= 898978) AND (id <= 899977))
	              ->  Bitmap Index Scan on sbtest1_pkey  (cost=0.00..30.34 rows=991 width=0)
	                    Index Cond: ((id >= 898978) AND (id <= 899977))

table 2 : explain SELECT DISTINCT c FROM sbtest2 WHERE id BETWEEN 1769241 AND 1770240 ORDER BY c
	Unique  (cost=4302.41..4307.90 rows=1098 width=121)
	  ->  Sort  (cost=4302.41..4305.16 rows=1098 width=121)
	        Sort Key: c
	        ->  Bitmap Heap Scan on sbtest2  (cost=35.69..4246.96 rows=1098 width=121)
	              Recheck Cond: ((id >= 1769241) AND (id <= 1770240))
	              ->  Bitmap Index Scan on sbtest2_pkey  (cost=0.00..35.42 rows=1098 width=0)
	                    Index Cond: ((id >= 1769241) AND (id <= 1770240))

table 3 : explain SELECT DISTINCT c FROM sbtest3 WHERE id BETWEEN 7009211 AND 7010210 ORDER BY c
	Unique  (cost=3692.08..3696.78 rows=940 width=121)
	  ->  Sort  (cost=3692.08..3694.43 rows=940 width=121)
	        Sort Key: c
	        ->  Bitmap Heap Scan on sbtest3  (cost=30.07..3645.66 rows=940 width=121)
	              Recheck Cond: ((id >= 7009211) AND (id <= 7010210))
	              ->  Bitmap Index Scan on sbtest3_pkey  (cost=0.00..29.83 rows=940 width=0)
	                    Index Cond: ((id >= 7009211) AND (id <= 7010210))

table 4 : explain SELECT DISTINCT c FROM sbtest4 WHERE id BETWEEN 5840405 AND 5841404 ORDER BY c
	Unique  (cost=3839.27..3844.16 rows=978 width=121)
	  ->  Sort  (cost=3839.27..3841.71 rows=978 width=121)
	        Sort Key: c
	        ->  Bitmap Heap Scan on sbtest4  (cost=30.46..3790.69 rows=978 width=121)
	              Recheck Cond: ((id >= 5840405) AND (id <= 5841404))
	              ->  Bitmap Index Scan on sbtest4_pkey  (cost=0.00..30.21 rows=978 width=0)
	                    Index Cond: ((id >= 5840405) AND (id <= 5841404))

table 5 : explain SELECT DISTINCT c FROM sbtest5 WHERE id BETWEEN 8096723 AND 8097722 ORDER BY c
	Unique  (cost=4119.06..4124.32 rows=1051 width=121)
	  ->  Sort  (cost=4119.06..4121.69 rows=1051 width=121)
	        Sort Key: c
	        ->  Bitmap Heap Scan on sbtest5  (cost=31.21..4066.31 rows=1051 width=121)
	              Recheck Cond: ((id >= 8096723) AND (id <= 8097722))
	              ->  Bitmap Index Scan on sbtest5_pkey  (cost=0.00..30.94 rows=1051 width=0)
	                    Index Cond: ((id >= 8096723) AND (id <= 8097722))

table 6 : explain SELECT DISTINCT c FROM sbtest6 WHERE id BETWEEN 633718 AND 634717 ORDER BY c
	Unique  (cost=4149.26..4154.55 rows=1058 width=121)
	  ->  Sort  (cost=4149.26..4151.91 rows=1058 width=121)
	        Sort Key: c
	        ->  Bitmap Heap Scan on sbtest6  (cost=35.28..4096.11 rows=1058 width=121)
	              Recheck Cond: ((id >= 633718) AND (id <= 634717))
	              ->  Bitmap Index Scan on sbtest6_pkey  (cost=0.00..35.02 rows=1058 width=0)
	                    Index Cond: ((id >= 633718) AND (id <= 634717))

table 7 : explain SELECT DISTINCT c FROM sbtest7 WHERE id BETWEEN 714881 AND 715880 ORDER BY c
	Unique  (cost=3978.83..3983.90 rows=1015 width=121)
	  ->  Sort  (cost=3978.83..3981.36 rows=1015 width=121)
	        Sort Key: c
	        ->  Bitmap Heap Scan on sbtest7  (cost=30.84..3928.14 rows=1015 width=121)
	              Recheck Cond: ((id >= 714881) AND (id <= 715880))
	              ->  Bitmap Index Scan on sbtest7_pkey  (cost=0.00..30.58 rows=1015 width=0)
	                    Index Cond: ((id >= 714881) AND (id <= 715880))

table 8 : explain SELECT DISTINCT c FROM sbtest8 WHERE id BETWEEN 5906599 AND 5907598 ORDER BY c
	Unique  (cost=4100.12..4105.34 rows=1045 width=121)
	  ->  Sort  (cost=4100.12..4102.73 rows=1045 width=121)
	        Sort Key: c
	        ->  Bitmap Heap Scan on sbtest8  (cost=35.15..4047.71 rows=1045 width=121)
	              Recheck Cond: ((id >= 5906599) AND (id <= 5907598))
	              ->  Bitmap Index Scan on sbtest8_pkey  (cost=0.00..34.89 rows=1045 width=0)
	                    Index Cond: ((id >= 5906599) AND (id <= 5907598))

for: simple_ranges
table 1 : explain SELECT c FROM sbtest1 WHERE id BETWEEN 4109680 AND 4110679
	Bitmap Heap Scan on sbtest1  (cost=31.01..3996.06 rows=1032 width=121)
	  Recheck Cond: ((id >= 4109680) AND (id <= 4110679))
	  ->  Bitmap Index Scan on sbtest1_pkey  (cost=0.00..30.75 rows=1032 width=0)
	        Index Cond: ((id >= 4109680) AND (id <= 4110679))

table 2 : explain SELECT c FROM sbtest2 WHERE id BETWEEN 961229 AND 962228
	Bitmap Heap Scan on sbtest2  (cost=30.12..3666.07 rows=945 width=121)
	  Recheck Cond: ((id >= 961229) AND (id <= 962228))
	  ->  Bitmap Index Scan on sbtest2_pkey  (cost=0.00..29.89 rows=945 width=0)
	        Index Cond: ((id >= 961229) AND (id <= 962228))

table 3 : explain SELECT c FROM sbtest3 WHERE id BETWEEN 1620603 AND 1621602
	Bitmap Heap Scan on sbtest3  (cost=30.76..3898.52 rows=1007 width=121)
	  Recheck Cond: ((id >= 1620603) AND (id <= 1621602))
	  ->  Bitmap Index Scan on sbtest3_pkey  (cost=0.00..30.50 rows=1007 width=0)
	        Index Cond: ((id >= 1620603) AND (id <= 1621602))

table 4 : explain SELECT c FROM sbtest4 WHERE id BETWEEN 4110221 AND 4111220
	Bitmap Heap Scan on sbtest4  (cost=30.27..3722.70 rows=960 width=121)
	  Recheck Cond: ((id >= 4110221) AND (id <= 4111220))
	  ->  Bitmap Index Scan on sbtest4_pkey  (cost=0.00..30.04 rows=960 width=0)
	        Index Cond: ((id >= 4110221) AND (id <= 4111220))

table 5 : explain SELECT c FROM sbtest5 WHERE id BETWEEN 612644 AND 613643
	Bitmap Heap Scan on sbtest5  (cost=30.66..3866.48 rows=998 width=121)
	  Recheck Cond: ((id >= 612644) AND (id <= 613643))
	  ->  Bitmap Index Scan on sbtest5_pkey  (cost=0.00..30.41 rows=998 width=0)
	        Index Cond: ((id >= 612644) AND (id <= 613643))

table 6 : explain SELECT c FROM sbtest6 WHERE id BETWEEN 6438718 AND 6439717
	Bitmap Heap Scan on sbtest6  (cost=30.31..3733.83 rows=963 width=121)
	  Recheck Cond: ((id >= 6438718) AND (id <= 6439717))
	  ->  Bitmap Index Scan on sbtest6_pkey  (cost=0.00..30.07 rows=963 width=0)
	        Index Cond: ((id >= 6438718) AND (id <= 6439717))

table 7 : explain SELECT c FROM sbtest7 WHERE id BETWEEN 8227953 AND 8228952
	Bitmap Heap Scan on sbtest7  (cost=36.06..4375.92 rows=1134 width=121)
	  Recheck Cond: ((id >= 8227953) AND (id <= 8228952))
	  ->  Bitmap Index Scan on sbtest7_pkey  (cost=0.00..35.78 rows=1134 width=0)
	        Index Cond: ((id >= 8227953) AND (id <= 8228952))

table 8 : explain SELECT c FROM sbtest8 WHERE id BETWEEN 4901306 AND 4902305
	Bitmap Heap Scan on sbtest8  (cost=35.70..4251.00 rows=1099 width=121)
	  Recheck Cond: ((id >= 4901306) AND (id <= 4902305))
	  ->  Bitmap Index Scan on sbtest8_pkey  (cost=0.00..35.43 rows=1099 width=0)
	        Index Cond: ((id >= 4901306) AND (id <= 4902305))

for: sum_ranges
table 1 : explain SELECT SUM(k) FROM sbtest1 WHERE id BETWEEN 2842946 AND 2843945
	Aggregate  (cost=3892.92..3892.93 rows=1 width=8)
	  ->  Bitmap Heap Scan on sbtest1  (cost=30.73..3890.41 rows=1004 width=4)
	        Recheck Cond: ((id >= 2842946) AND (id <= 2843945))
	        ->  Bitmap Index Scan on sbtest1_pkey  (cost=0.00..30.47 rows=1004 width=0)
	              Index Cond: ((id >= 2842946) AND (id <= 2843945))

table 2 : explain SELECT SUM(k) FROM sbtest2 WHERE id BETWEEN 9557437 AND 9558436
	Aggregate  (cost=3819.64..3819.65 rows=1 width=8)
	  ->  Bitmap Heap Scan on sbtest2  (cost=30.53..3817.17 rows=985 width=4)
	        Recheck Cond: ((id >= 9557437) AND (id <= 9558436))
	        ->  Bitmap Index Scan on sbtest2_pkey  (cost=0.00..30.29 rows=985 width=0)
	              Index Cond: ((id >= 9557437) AND (id <= 9558436))

table 3 : explain SELECT SUM(k) FROM sbtest3 WHERE id BETWEEN 2734835 AND 2735834
	Aggregate  (cost=3799.14..3799.15 rows=1 width=8)
	  ->  Bitmap Heap Scan on sbtest3  (cost=30.48..3796.69 rows=980 width=4)
	        Recheck Cond: ((id >= 2734835) AND (id <= 2735834))
	        ->  Bitmap Index Scan on sbtest3_pkey  (cost=0.00..30.23 rows=980 width=0)
	              Index Cond: ((id >= 2734835) AND (id <= 2735834))

table 4 : explain SELECT SUM(k) FROM sbtest4 WHERE id BETWEEN 871162 AND 872161
	Aggregate  (cost=3815.80..3815.81 rows=1 width=8)
	  ->  Bitmap Heap Scan on sbtest4  (cost=30.52..3813.34 rows=984 width=4)
	        Recheck Cond: ((id >= 871162) AND (id <= 872161))
	        ->  Bitmap Index Scan on sbtest4_pkey  (cost=0.00..30.27 rows=984 width=0)
	              Index Cond: ((id >= 871162) AND (id <= 872161))

table 5 : explain SELECT SUM(k) FROM sbtest5 WHERE id BETWEEN 7727834 AND 7728833
	Aggregate  (cost=3895.41..3895.42 rows=1 width=8)
	  ->  Bitmap Heap Scan on sbtest5  (cost=30.74..3892.89 rows=1005 width=4)
	        Recheck Cond: ((id >= 7727834) AND (id <= 7728833))
	        ->  Bitmap Index Scan on sbtest5_pkey  (cost=0.00..30.48 rows=1005 width=0)
	              Index Cond: ((id >= 7727834) AND (id <= 7728833))

table 6 : explain SELECT SUM(k) FROM sbtest6 WHERE id BETWEEN 5995317 AND 5996316
	Aggregate  (cost=3815.59..3815.60 rows=1 width=8)
	  ->  Bitmap Heap Scan on sbtest6  (cost=30.52..3813.13 rows=984 width=4)
	        Recheck Cond: ((id >= 5995317) AND (id <= 5996316))
	        ->  Bitmap Index Scan on sbtest6_pkey  (cost=0.00..30.27 rows=984 width=0)
	              Index Cond: ((id >= 5995317) AND (id <= 5996316))

table 7 : explain SELECT SUM(k) FROM sbtest7 WHERE id BETWEEN 9627580 AND 9628579
	Aggregate  (cost=3628.63..3628.64 rows=1 width=8)
	  ->  Bitmap Heap Scan on sbtest7  (cost=30.02..3626.29 rows=935 width=4)
	        Recheck Cond: ((id >= 9627580) AND (id <= 9628579))
	        ->  Bitmap Index Scan on sbtest7_pkey  (cost=0.00..29.79 rows=935 width=0)
	              Index Cond: ((id >= 9627580) AND (id <= 9628579))

table 8 : explain SELECT SUM(k) FROM sbtest8 WHERE id BETWEEN 7049858 AND 7050857
	Aggregate  (cost=3774.53..3774.54 rows=1 width=8)
	  ->  Bitmap Heap Scan on sbtest8  (cost=30.41..3772.10 rows=973 width=4)
	        Recheck Cond: ((id >= 7049858) AND (id <= 7050857))
	        ->  Bitmap Index Scan on sbtest8_pkey  (cost=0.00..30.16 rows=973 width=0)
	              Index Cond: ((id >= 7049858) AND (id <= 7050857))

for: distinct_ranges
table 1 : explain SELECT DISTINCT c FROM sbtest1 WHERE id BETWEEN 7637063 AND 7638062 ORDER BY c
	Unique  (cost=4024.75..4029.88 rows=1026 width=121)
	  ->  Sort  (cost=4024.75..4027.31 rows=1026 width=121)
	        Sort Key: c
	        ->  Bitmap Heap Scan on sbtest1  (cost=30.95..3973.43 rows=1026 width=121)
	              Recheck Cond: ((id >= 7637063) AND (id <= 7638062))
	              ->  Bitmap Index Scan on sbtest1_pkey  (cost=0.00..30.69 rows=1026 width=0)
	                    Index Cond: ((id >= 7637063) AND (id <= 7638062))

table 2 : explain SELECT DISTINCT c FROM sbtest2 WHERE id BETWEEN 7386484 AND 7387483 ORDER BY c
	Unique  (cost=4126.63..4131.89 rows=1052 width=121)
	  ->  Sort  (cost=4126.63..4129.26 rows=1052 width=121)
	        Sort Key: c
	        ->  Bitmap Heap Scan on sbtest2  (cost=35.22..4073.82 rows=1052 width=121)
	              Recheck Cond: ((id >= 7386484) AND (id <= 7387483))
	              ->  Bitmap Index Scan on sbtest2_pkey  (cost=0.00..34.95 rows=1052 width=0)
	                    Index Cond: ((id >= 7386484) AND (id <= 7387483))

table 3 : explain SELECT DISTINCT c FROM sbtest3 WHERE id BETWEEN 52219 AND 53218 ORDER BY c
	Unique  (cost=4418.84..4424.49 rows=1130 width=121)
	  ->  Sort  (cost=4418.84..4421.66 rows=1130 width=121)
	        Sort Key: c
	        ->  Bitmap Heap Scan on sbtest3  (cost=36.02..4361.54 rows=1130 width=121)
	              Recheck Cond: ((id >= 52219) AND (id <= 53218))
	              ->  Bitmap Index Scan on sbtest3_pkey  (cost=0.00..35.73 rows=1130 width=0)
	                    Index Cond: ((id >= 52219) AND (id <= 53218))

table 4 : explain SELECT DISTINCT c FROM sbtest4 WHERE id BETWEEN 1300440 AND 1301439 ORDER BY c
	Unique  (cost=3662.83..3667.49 rows=932 width=121)
	  ->  Sort  (cost=3662.83..3665.16 rows=932 width=121)
	        Sort Key: c
	        ->  Bitmap Heap Scan on sbtest4  (cost=29.99..3616.86 rows=932 width=121)
	              Recheck Cond: ((id >= 1300440) AND (id <= 1301439))
	              ->  Bitmap Index Scan on sbtest4_pkey  (cost=0.00..29.75 rows=932 width=0)
	                    Index Cond: ((id >= 1300440) AND (id <= 1301439))

table 5 : explain SELECT DISTINCT c FROM sbtest5 WHERE id BETWEEN 8388409 AND 8389408 ORDER BY c
	Unique  (cost=3797.38..3802.22 rows=967 width=121)
	  ->  Sort  (cost=3797.38..3799.80 rows=967 width=121)
	        Sort Key: c
	        ->  Bitmap Heap Scan on sbtest5  (cost=30.35..3749.43 rows=967 width=121)
	              Recheck Cond: ((id >= 8388409) AND (id <= 8389408))
	              ->  Bitmap Index Scan on sbtest5_pkey  (cost=0.00..30.11 rows=967 width=0)
	                    Index Cond: ((id >= 8388409) AND (id <= 8389408))

table 6 : explain SELECT DISTINCT c FROM sbtest6 WHERE id BETWEEN 7541421 AND 7542420 ORDER BY c
	Unique  (cost=4397.51..4403.13 rows=1123 width=121)
	  ->  Sort  (cost=4397.51..4400.32 rows=1123 width=121)
	        Sort Key: c
	        ->  Bitmap Heap Scan on sbtest6  (cost=35.95..4340.61 rows=1123 width=121)
	              Recheck Cond: ((id >= 7541421) AND (id <= 7542420))
	              ->  Bitmap Index Scan on sbtest6_pkey  (cost=0.00..35.67 rows=1123 width=0)
	                    Index Cond: ((id >= 7541421) AND (id <= 7542420))

table 7 : explain SELECT DISTINCT c FROM sbtest7 WHERE id BETWEEN 9136137 AND 9137136 ORDER BY c
	Unique  (cost=3798.91..3803.75 rows=968 width=121)
	  ->  Sort  (cost=3798.91..3801.33 rows=968 width=121)
	        Sort Key: c
	        ->  Bitmap Heap Scan on sbtest7  (cost=30.36..3750.91 rows=968 width=121)
	              Recheck Cond: ((id >= 9136137) AND (id <= 9137136))
	              ->  Bitmap Index Scan on sbtest7_pkey  (cost=0.00..30.11 rows=968 width=0)
	                    Index Cond: ((id >= 9136137) AND (id <= 9137136))

table 8 : explain SELECT DISTINCT c FROM sbtest8 WHERE id BETWEEN 3716191 AND 3717190 ORDER BY c
	Unique  (cost=4103.94..4109.17 rows=1046 width=121)
	  ->  Sort  (cost=4103.94..4106.56 rows=1046 width=121)
	        Sort Key: c
	        ->  Bitmap Heap Scan on sbtest8  (cost=35.16..4051.48 rows=1046 width=121)
	              Recheck Cond: ((id >= 3716191) AND (id <= 3717190))
	              ->  Bitmap Index Scan on sbtest8_pkey  (cost=0.00..34.90 rows=1046 width=0)
	                    Index Cond: ((id >= 3716191) AND (id <= 3717190))

for point_selects
table 1 : explain SELECT c FROM sbtest1 WHERE id=5958201
	Index Scan using sbtest1_pkey on sbtest1  (cost=0.43..8.45 rows=1 width=121)
	  Index Cond: (id = 5958201)

table 2 : explain SELECT c FROM sbtest2 WHERE id=4244932
	Index Scan using sbtest2_pkey on sbtest2  (cost=0.43..8.45 rows=1 width=121)
	  Index Cond: (id = 4244932)

table 3 : explain SELECT c FROM sbtest3 WHERE id=1859076
	Index Scan using sbtest3_pkey on sbtest3  (cost=0.43..8.45 rows=1 width=121)
	  Index Cond: (id = 1859076)

table 4 : explain SELECT c FROM sbtest4 WHERE id=8244278
	Index Scan using sbtest4_pkey on sbtest4  (cost=0.43..8.45 rows=1 width=121)
	  Index Cond: (id = 8244278)

table 5 : explain SELECT c FROM sbtest5 WHERE id=8008971
	Index Scan using sbtest5_pkey on sbtest5  (cost=0.43..8.45 rows=1 width=121)
	  Index Cond: (id = 8008971)

table 6 : explain SELECT c FROM sbtest6 WHERE id=4579466
	Index Scan using sbtest6_pkey on sbtest6  (cost=0.43..8.45 rows=1 width=121)
	  Index Cond: (id = 4579466)

table 7 : explain SELECT c FROM sbtest7 WHERE id=3209945
	Index Scan using sbtest7_pkey on sbtest7  (cost=0.43..8.45 rows=1 width=121)
	  Index Cond: (id = 3209945)

table 8 : explain SELECT c FROM sbtest8 WHERE id=2787501
	Index Scan using sbtest8_pkey on sbtest8  (cost=0.43..8.45 rows=1 width=121)
	  Index Cond: (id = 2787501)

for: order_ranges
table 1 : explain SELECT c FROM sbtest1 WHERE id BETWEEN 2171461 AND 2172460 ORDER BY c
	Sort  (cost=3737.21..3739.58 rows=951 width=121)
	  Sort Key: c
	  ->  Bitmap Heap Scan on sbtest1  (cost=30.18..3690.16 rows=951 width=121)
	        Recheck Cond: ((id >= 2171461) AND (id <= 2172460))
	        ->  Bitmap Index Scan on sbtest1_pkey  (cost=0.00..29.94 rows=951 width=0)
	              Index Cond: ((id >= 2171461) AND (id <= 2172460))

table 2 : explain SELECT c FROM sbtest2 WHERE id BETWEEN 6492494 AND 6493493 ORDER BY c
	Sort  (cost=3712.77..3715.14 rows=945 width=121)
	  Sort Key: c
	  ->  Bitmap Heap Scan on sbtest2  (cost=30.12..3666.07 rows=945 width=121)
	        Recheck Cond: ((id >= 6492494) AND (id <= 6493493))
	        ->  Bitmap Index Scan on sbtest2_pkey  (cost=0.00..29.89 rows=945 width=0)
	              Index Cond: ((id >= 6492494) AND (id <= 6493493))

table 3 : explain SELECT c FROM sbtest3 WHERE id BETWEEN 7154584 AND 7155583 ORDER BY c
	Sort  (cost=4009.97..4012.52 rows=1023 width=121)
	  Sort Key: c
	  ->  Bitmap Heap Scan on sbtest3  (cost=30.92..3958.82 rows=1023 width=121)
	        Recheck Cond: ((id >= 7154584) AND (id <= 7155583))
	        ->  Bitmap Index Scan on sbtest3_pkey  (cost=0.00..30.66 rows=1023 width=0)
	              Index Cond: ((id >= 7154584) AND (id <= 7155583))

table 4 : explain SELECT c FROM sbtest4 WHERE id BETWEEN 6281423 AND 6282422 ORDER BY c
	Sort  (cost=3873.76..3876.22 rows=987 width=121)
	  Sort Key: c
	  ->  Bitmap Heap Scan on sbtest4  (cost=30.55..3824.67 rows=987 width=121)
	        Recheck Cond: ((id >= 6281423) AND (id <= 6282422))
	        ->  Bitmap Index Scan on sbtest4_pkey  (cost=0.00..30.30 rows=987 width=0)
	              Index Cond: ((id >= 6281423) AND (id <= 6282422))

table 5 : explain SELECT c FROM sbtest5 WHERE id BETWEEN 4894421 AND 4895420 ORDER BY c
	Sort  (cost=3655.42..3657.75 rows=930 width=121)
	  Sort Key: c
	  ->  Bitmap Heap Scan on sbtest5  (cost=29.97..3609.57 rows=930 width=121)
	        Recheck Cond: ((id >= 4894421) AND (id <= 4895420))
	        ->  Bitmap Index Scan on sbtest5_pkey  (cost=0.00..29.73 rows=930 width=0)
	              Index Cond: ((id >= 4894421) AND (id <= 4895420))

table 6 : explain SELECT c FROM sbtest6 WHERE id BETWEEN 329458 AND 330457 ORDER BY c
	Sort  (cost=3996.08..3998.63 rows=1019 width=121)
	  Sort Key: c
	  ->  Bitmap Heap Scan on sbtest6  (cost=30.88..3945.17 rows=1019 width=121)
	        Recheck Cond: ((id >= 329458) AND (id <= 330457))
	        ->  Bitmap Index Scan on sbtest6_pkey  (cost=0.00..30.62 rows=1019 width=0)
	              Index Cond: ((id >= 329458) AND (id <= 330457))

table 7 : explain SELECT c FROM sbtest7 WHERE id BETWEEN 3865541 AND 3866540 ORDER BY c
	Sort  (cost=3814.24..3816.67 rows=972 width=121)
	  Sort Key: c
	  ->  Bitmap Heap Scan on sbtest7  (cost=30.40..3766.00 rows=972 width=121)
	        Recheck Cond: ((id >= 3865541) AND (id <= 3866540))
	        ->  Bitmap Index Scan on sbtest7_pkey  (cost=0.00..30.15 rows=972 width=0)
	              Index Cond: ((id >= 3865541) AND (id <= 3866540))

table 8 : explain SELECT c FROM sbtest8 WHERE id BETWEEN 7165700 AND 7166699 ORDER BY c
	Sort  (cost=4023.42..4025.98 rows=1026 width=121)
	  Sort Key: c
	  ->  Bitmap Heap Scan on sbtest8  (cost=30.95..3972.10 rows=1026 width=121)
	        Recheck Cond: ((id >= 7165700) AND (id <= 7166699))
	        ->  Bitmap Index Scan on sbtest8_pkey  (cost=0.00..30.69 rows=1026 width=0)
	              Index Cond: ((id >= 7165700) AND (id <= 7166699))

for: distinct_ranges
table 1 : explain SELECT DISTINCT c FROM sbtest1 WHERE id BETWEEN 6015035 AND 6016034 ORDER BY c
	Unique  (cost=3859.97..3864.89 rows=983 width=121)
	  ->  Sort  (cost=3859.97..3862.43 rows=983 width=121)
	        Sort Key: c
	        ->  Bitmap Heap Scan on sbtest1  (cost=30.51..3811.11 rows=983 width=121)
	              Recheck Cond: ((id >= 6015035) AND (id <= 6016034))
	              ->  Bitmap Index Scan on sbtest1_pkey  (cost=0.00..30.26 rows=983 width=0)
	                    Index Cond: ((id >= 6015035) AND (id <= 6016034))

table 2 : explain SELECT DISTINCT c FROM sbtest2 WHERE id BETWEEN 4548923 AND 4549922 ORDER BY c
	Unique  (cost=3831.66..3836.54 rows=976 width=121)
	  ->  Sort  (cost=3831.66..3834.10 rows=976 width=121)
	        Sort Key: c
	        ->  Bitmap Heap Scan on sbtest2  (cost=30.44..3783.19 rows=976 width=121)
	              Recheck Cond: ((id >= 4548923) AND (id <= 4549922))
	              ->  Bitmap Index Scan on sbtest2_pkey  (cost=0.00..30.19 rows=976 width=0)
	                    Index Cond: ((id >= 4548923) AND (id <= 4549922))

table 3 : explain SELECT DISTINCT c FROM sbtest3 WHERE id BETWEEN 6381006 AND 6382005 ORDER BY c
	Unique  (cost=3492.49..3496.93 rows=888 width=121)
	  ->  Sort  (cost=3492.49..3494.71 rows=888 width=121)
	        Sort Key: c
	        ->  Bitmap Heap Scan on sbtest3  (cost=29.54..3449.00 rows=888 width=121)
	              Recheck Cond: ((id >= 6381006) AND (id <= 6382005))
	              ->  Bitmap Index Scan on sbtest3_pkey  (cost=0.00..29.32 rows=888 width=0)
	                    Index Cond: ((id >= 6381006) AND (id <= 6382005))

table 4 : explain SELECT DISTINCT c FROM sbtest4 WHERE id BETWEEN 5943469 AND 5944468 ORDER BY c
	Unique  (cost=4214.48..4219.86 rows=1075 width=121)
	  ->  Sort  (cost=4214.48..4217.17 rows=1075 width=121)
	        Sort Key: c
	        ->  Bitmap Heap Scan on sbtest4  (cost=35.45..4160.36 rows=1075 width=121)
	              Recheck Cond: ((id >= 5943469) AND (id <= 5944468))
	              ->  Bitmap Index Scan on sbtest4_pkey  (cost=0.00..35.19 rows=1075 width=0)
	                    Index Cond: ((id >= 5943469) AND (id <= 5944468))

table 5 : explain SELECT DISTINCT c FROM sbtest5 WHERE id BETWEEN 3101886 AND 3102885 ORDER BY c
	Unique  (cost=3574.78..3579.32 rows=909 width=121)
	  ->  Sort  (cost=3574.78..3577.05 rows=909 width=121)
	        Sort Key: c
	        ->  Bitmap Heap Scan on sbtest5  (cost=29.75..3530.11 rows=909 width=121)
	              Recheck Cond: ((id >= 3101886) AND (id <= 3102885))
	              ->  Bitmap Index Scan on sbtest5_pkey  (cost=0.00..29.52 rows=909 width=0)
	                    Index Cond: ((id >= 3101886) AND (id <= 3102885))

table 6 : explain SELECT DISTINCT c FROM sbtest6 WHERE id BETWEEN 8913695 AND 8914694 ORDER BY c
	Unique  (cost=4263.90..4269.34 rows=1088 width=121)
	  ->  Sort  (cost=4263.90..4266.62 rows=1088 width=121)
	        Sort Key: c
	        ->  Bitmap Heap Scan on sbtest6  (cost=35.59..4209.02 rows=1088 width=121)
	              Recheck Cond: ((id >= 8913695) AND (id <= 8914694))
	              ->  Bitmap Index Scan on sbtest6_pkey  (cost=0.00..35.32 rows=1088 width=0)
	                    Index Cond: ((id >= 8913695) AND (id <= 8914694))

table 7 : explain SELECT DISTINCT c FROM sbtest7 WHERE id BETWEEN 2539906 AND 2540905 ORDER BY c
	Unique  (cost=4292.27..4297.75 rows=1096 width=121)
	  ->  Sort  (cost=4292.27..4295.01 rows=1096 width=121)
	        Sort Key: c
	        ->  Bitmap Heap Scan on sbtest7  (cost=35.67..4236.94 rows=1096 width=121)
	              Recheck Cond: ((id >= 2539906) AND (id <= 2540905))
	              ->  Bitmap Index Scan on sbtest7_pkey  (cost=0.00..35.40 rows=1096 width=0)
	                    Index Cond: ((id >= 2539906) AND (id <= 2540905))

table 8 : explain SELECT DISTINCT c FROM sbtest8 WHERE id BETWEEN 2327532 AND 2328531 ORDER BY c
	Unique  (cost=4019.59..4024.71 rows=1025 width=121)
	  ->  Sort  (cost=4019.59..4022.15 rows=1025 width=121)
	        Sort Key: c
	        ->  Bitmap Heap Scan on sbtest8  (cost=30.94..3968.33 rows=1025 width=121)
	              Recheck Cond: ((id >= 2327532) AND (id <= 2328531))
	              ->  Bitmap Index Scan on sbtest8_pkey  (cost=0.00..30.68 rows=1025 width=0)
	                    Index Cond: ((id >= 2327532) AND (id <= 2328531))

for: distinct_ranges
table 1 : explain SELECT DISTINCT c FROM sbtest1 WHERE id BETWEEN 8510903 AND 8511902 ORDER BY c
	Unique  (cost=3790.93..3795.76 rows=965 width=121)
	  ->  Sort  (cost=3790.93..3793.34 rows=965 width=121)
	        Sort Key: c
	        ->  Bitmap Heap Scan on sbtest1  (cost=30.33..3743.09 rows=965 width=121)
	              Recheck Cond: ((id >= 8510903) AND (id <= 8511902))
	              ->  Bitmap Index Scan on sbtest1_pkey  (cost=0.00..30.08 rows=965 width=0)
	                    Index Cond: ((id >= 8510903) AND (id <= 8511902))

table 2 : explain SELECT DISTINCT c FROM sbtest2 WHERE id BETWEEN 9320723 AND 9321722 ORDER BY c
	Unique  (cost=3931.28..3936.29 rows=1002 width=121)
	  ->  Sort  (cost=3931.28..3933.78 rows=1002 width=121)
	        Sort Key: c
	        ->  Bitmap Heap Scan on sbtest2  (cost=30.71..3881.33 rows=1002 width=121)
	              Recheck Cond: ((id >= 9320723) AND (id <= 9321722))
	              ->  Bitmap Index Scan on sbtest2_pkey  (cost=0.00..30.45 rows=1002 width=0)
	                    Index Cond: ((id >= 9320723) AND (id <= 9321722))

table 3 : explain SELECT DISTINCT c FROM sbtest3 WHERE id BETWEEN 5871487 AND 5872486 ORDER BY c
	Unique  (cost=4139.95..4145.23 rows=1057 width=121)
	  ->  Sort  (cost=4139.95..4142.59 rows=1057 width=121)
	        Sort Key: c
	        ->  Bitmap Heap Scan on sbtest3  (cost=31.27..4086.86 rows=1057 width=121)
	              Recheck Cond: ((id >= 5871487) AND (id <= 5872486))
	              ->  Bitmap Index Scan on sbtest3_pkey  (cost=0.00..31.00 rows=1057 width=0)
	                    Index Cond: ((id >= 5871487) AND (id <= 5872486))

table 4 : explain SELECT DISTINCT c FROM sbtest4 WHERE id BETWEEN 3692290 AND 3693289 ORDER BY c
	Unique  (cost=3823.93..3828.80 rows=974 width=121)
	  ->  Sort  (cost=3823.93..3826.37 rows=974 width=121)
	        Sort Key: c
	        ->  Bitmap Heap Scan on sbtest4  (cost=30.42..3775.59 rows=974 width=121)
	              Recheck Cond: ((id >= 3692290) AND (id <= 3693289))
	              ->  Bitmap Index Scan on sbtest4_pkey  (cost=0.00..30.18 rows=974 width=0)
	                    Index Cond: ((id >= 3692290) AND (id <= 3693289))

table 5 : explain SELECT DISTINCT c FROM sbtest5 WHERE id BETWEEN 8113522 AND 8114521 ORDER BY c
	Unique  (cost=4119.06..4124.32 rows=1051 width=121)
	  ->  Sort  (cost=4119.06..4121.69 rows=1051 width=121)
	        Sort Key: c
	        ->  Bitmap Heap Scan on sbtest5  (cost=31.21..4066.31 rows=1051 width=121)
	              Recheck Cond: ((id >= 8113522) AND (id <= 8114521))
	              ->  Bitmap Index Scan on sbtest5_pkey  (cost=0.00..30.94 rows=1051 width=0)
	                    Index Cond: ((id >= 8113522) AND (id <= 8114521))

table 6 : explain SELECT DISTINCT c FROM sbtest6 WHERE id BETWEEN 3442267 AND 3443266 ORDER BY c
	Unique  (cost=3908.02..3913.00 rows=996 width=121)
	  ->  Sort  (cost=3908.02..3910.51 rows=996 width=121)
	        Sort Key: c
	        ->  Bitmap Heap Scan on sbtest6  (cost=30.64..3858.41 rows=996 width=121)
	              Recheck Cond: ((id >= 3442267) AND (id <= 3443266))
	              ->  Bitmap Index Scan on sbtest6_pkey  (cost=0.00..30.39 rows=996 width=0)
	                    Index Cond: ((id >= 3442267) AND (id <= 3443266))

table 7 : explain SELECT DISTINCT c FROM sbtest7 WHERE id BETWEEN 8600899 AND 8601898 ORDER BY c
	Unique  (cost=4131.92..4137.19 rows=1054 width=121)
	  ->  Sort  (cost=4131.92..4134.55 rows=1054 width=121)
	        Sort Key: c
	        ->  Bitmap Heap Scan on sbtest7  (cost=35.24..4079.00 rows=1054 width=121)
	              Recheck Cond: ((id >= 8600899) AND (id <= 8601898))
	              ->  Bitmap Index Scan on sbtest7_pkey  (cost=0.00..34.98 rows=1054 width=0)
	                    Index Cond: ((id >= 8600899) AND (id <= 8601898))

table 8 : explain SELECT DISTINCT c FROM sbtest8 WHERE id BETWEEN 5780250 AND 5781249 ORDER BY c
	Unique  (cost=4023.42..4028.55 rows=1026 width=121)
	  ->  Sort  (cost=4023.42..4025.98 rows=1026 width=121)
	        Sort Key: c
	        ->  Bitmap Heap Scan on sbtest8  (cost=30.95..3972.10 rows=1026 width=121)
	              Recheck Cond: ((id >= 5780250) AND (id <= 5781249))
	              ->  Bitmap Index Scan on sbtest8_pkey  (cost=0.00..30.69 rows=1026 width=0)
	                    Index Cond: ((id >= 5780250) AND (id <= 5781249))

for point_selects
table 1 : explain SELECT c FROM sbtest1 WHERE id=6937454
	Index Scan using sbtest1_pkey on sbtest1  (cost=0.43..8.45 rows=1 width=121)
	  Index Cond: (id = 6937454)

table 2 : explain SELECT c FROM sbtest2 WHERE id=8808918
	Index Scan using sbtest2_pkey on sbtest2  (cost=0.43..8.45 rows=1 width=121)
	  Index Cond: (id = 8808918)

table 3 : explain SELECT c FROM sbtest3 WHERE id=8260451
	Index Scan using sbtest3_pkey on sbtest3  (cost=0.43..8.45 rows=1 width=121)
	  Index Cond: (id = 8260451)

table 4 : explain SELECT c FROM sbtest4 WHERE id=3993871
	Index Scan using sbtest4_pkey on sbtest4  (cost=0.43..8.45 rows=1 width=121)
	  Index Cond: (id = 3993871)

table 5 : explain SELECT c FROM sbtest5 WHERE id=9418107
	Index Scan using sbtest5_pkey on sbtest5  (cost=0.43..8.45 rows=1 width=121)
	  Index Cond: (id = 9418107)

table 6 : explain SELECT c FROM sbtest6 WHERE id=3372929
	Index Scan using sbtest6_pkey on sbtest6  (cost=0.43..8.45 rows=1 width=121)
	  Index Cond: (id = 3372929)

table 7 : explain SELECT c FROM sbtest7 WHERE id=2851301
	Index Scan using sbtest7_pkey on sbtest7  (cost=0.43..8.45 rows=1 width=121)
	  Index Cond: (id = 2851301)

table 8 : explain SELECT c FROM sbtest8 WHERE id=5785153
	Index Scan using sbtest8_pkey on sbtest8  (cost=0.43..8.45 rows=1 width=121)
	  Index Cond: (id = 5785153)

explain: for point_selects :: explain SELECT c FROM sbtest%u WHERE id=%u
for: distinct_ranges
table 1 : explain SELECT DISTINCT c FROM sbtest1 WHERE id BETWEEN 1321661 AND 1322660 ORDER BY c
	Unique  (cost=3951.97..3957.00 rows=1007 width=121)
	  ->  Sort  (cost=3951.97..3954.48 rows=1007 width=121)
	        Sort Key: c
	        ->  Bitmap Heap Scan on sbtest1  (cost=30.76..3901.74 rows=1007 width=121)
	              Recheck Cond: ((id >= 1321661) AND (id <= 1322660))
	              ->  Bitmap Index Scan on sbtest1_pkey  (cost=0.00..30.50 rows=1007 width=0)
	                    Index Cond: ((id >= 1321661) AND (id <= 1322660))

table 2 : explain SELECT DISTINCT c FROM sbtest2 WHERE id BETWEEN 9715911 AND 9716910 ORDER BY c
	Unique  (cost=4317.69..4323.20 rows=1102 width=121)
	  ->  Sort  (cost=4317.69..4320.44 rows=1102 width=121)
	        Sort Key: c
	        ->  Bitmap Heap Scan on sbtest2  (cost=35.73..4262.00 rows=1102 width=121)
	              Recheck Cond: ((id >= 9715911) AND (id <= 9716910))
	              ->  Bitmap Index Scan on sbtest2_pkey  (cost=0.00..35.45 rows=1102 width=0)
	                    Index Cond: ((id >= 9715911) AND (id <= 9716910))

table 3 : explain SELECT DISTINCT c FROM sbtest3 WHERE id BETWEEN 6972578 AND 6973577 ORDER BY c
	Unique  (cost=3692.08..3696.78 rows=940 width=121)
	  ->  Sort  (cost=3692.08..3694.43 rows=940 width=121)
	        Sort Key: c
	        ->  Bitmap Heap Scan on sbtest3  (cost=30.07..3645.66 rows=940 width=121)
	              Recheck Cond: ((id >= 6972578) AND (id <= 6973577))
	              ->  Bitmap Index Scan on sbtest3_pkey  (cost=0.00..29.83 rows=940 width=0)
	                    Index Cond: ((id >= 6972578) AND (id <= 6973577))

table 4 : explain SELECT DISTINCT c FROM sbtest4 WHERE id BETWEEN 6769293 AND 6770292 ORDER BY c
	Unique  (cost=3977.17..3982.24 rows=1014 width=121)
	  ->  Sort  (cost=3977.17..3979.70 rows=1014 width=121)
	        Sort Key: c
	        ->  Bitmap Heap Scan on sbtest4  (cost=30.83..3926.54 rows=1014 width=121)
	              Recheck Cond: ((id >= 6769293) AND (id <= 6770292))
	              ->  Bitmap Index Scan on sbtest4_pkey  (cost=0.00..30.57 rows=1014 width=0)
	                    Index Cond: ((id >= 6769293) AND (id <= 6770292))

table 5 : explain SELECT DISTINCT c FROM sbtest5 WHERE id BETWEEN 1212448 AND 1213447 ORDER BY c
	Unique  (cost=3935.35..3940.36 rows=1003 width=121)
	  ->  Sort  (cost=3935.35..3937.85 rows=1003 width=121)
	        Sort Key: c
	        ->  Bitmap Heap Scan on sbtest5  (cost=30.72..3885.35 rows=1003 width=121)
	              Recheck Cond: ((id >= 1212448) AND (id <= 1213447))
	              ->  Bitmap Index Scan on sbtest5_pkey  (cost=0.00..30.46 rows=1003 width=0)
	                    Index Cond: ((id >= 1212448) AND (id <= 1213447))

table 6 : explain SELECT DISTINCT c FROM sbtest6 WHERE id BETWEEN 6346887 AND 6347886 ORDER BY c
	Unique  (cost=4386.07..4391.67 rows=1120 width=121)
	  ->  Sort  (cost=4386.07..4388.87 rows=1120 width=121)
	        Sort Key: c
	        ->  Bitmap Heap Scan on sbtest6  (cost=35.92..4329.34 rows=1120 width=121)
	              Recheck Cond: ((id >= 6346887) AND (id <= 6347886))
	              ->  Bitmap Index Scan on sbtest6_pkey  (cost=0.00..35.64 rows=1120 width=0)
	                    Index Cond: ((id >= 6346887) AND (id <= 6347886))

table 7 : explain SELECT DISTINCT c FROM sbtest7 WHERE id BETWEEN 6587942 AND 6588941 ORDER BY c
	Unique  (cost=3921.44..3926.44 rows=1000 width=121)
	  ->  Sort  (cost=3921.44..3923.94 rows=1000 width=121)
	        Sort Key: c
	        ->  Bitmap Heap Scan on sbtest7  (cost=30.68..3871.61 rows=1000 width=121)
	              Recheck Cond: ((id >= 6587942) AND (id <= 6588941))
	              ->  Bitmap Index Scan on sbtest7_pkey  (cost=0.00..30.43 rows=1000 width=0)
	                    Index Cond: ((id >= 6587942) AND (id <= 6588941))

table 8 : explain SELECT DISTINCT c FROM sbtest8 WHERE id BETWEEN 5021206 AND 5022205 ORDER BY c
	Unique  (cost=3808.89..3813.74 rows=970 width=121)
	  ->  Sort  (cost=3808.89..3811.32 rows=970 width=121)
	        Sort Key: c
	        ->  Bitmap Heap Scan on sbtest8  (cost=30.38..3760.77 rows=970 width=121)
	              Recheck Cond: ((id >= 5021206) AND (id <= 5022205))
	              ->  Bitmap Index Scan on sbtest8_pkey  (cost=0.00..30.14 rows=970 width=0)
	                    Index Cond: ((id >= 5021206) AND (id <= 5022205))

explain: for point_selects :: explain SELECT c FROM sbtest%u WHERE id=%u
for: sum_ranges
table 1 : explain SELECT SUM(k) FROM sbtest1 WHERE id BETWEEN 4519941 AND 4520940
	Aggregate  (cost=3870.26..3870.27 rows=1 width=8)
	  ->  Bitmap Heap Scan on sbtest1  (cost=30.66..3867.76 rows=998 width=4)
	        Recheck Cond: ((id >= 4519941) AND (id <= 4520940))
	        ->  Bitmap Index Scan on sbtest1_pkey  (cost=0.00..30.41 rows=998 width=0)
	              Index Cond: ((id >= 4519941) AND (id <= 4520940))

table 2 : explain SELECT SUM(k) FROM sbtest2 WHERE id BETWEEN 5937210 AND 5938209
	Aggregate  (cost=3796.97..3796.98 rows=1 width=8)
	  ->  Bitmap Heap Scan on sbtest2  (cost=30.47..3794.52 rows=979 width=4)
	        Recheck Cond: ((id >= 5937210) AND (id <= 5938209))
	        ->  Bitmap Index Scan on sbtest2_pkey  (cost=0.00..30.22 rows=979 width=0)
	              Index Cond: ((id >= 5937210) AND (id <= 5938209))

table 3 : explain SELECT SUM(k) FROM sbtest3 WHERE id BETWEEN 4572015 AND 4573014
	Aggregate  (cost=4100.80..4100.81 rows=1 width=8)
	  ->  Bitmap Heap Scan on sbtest3  (cost=31.30..4098.15 rows=1060 width=4)
	        Recheck Cond: ((id >= 4572015) AND (id <= 4573014))
	        ->  Bitmap Index Scan on sbtest3_pkey  (cost=0.00..31.04 rows=1060 width=0)
	              Index Cond: ((id >= 4572015) AND (id <= 4573014))

table 4 : explain SELECT SUM(k) FROM sbtest4 WHERE id BETWEEN 8479198 AND 8480197
	Aggregate  (cost=3796.91..3796.92 rows=1 width=8)
	  ->  Bitmap Heap Scan on sbtest4  (cost=30.47..3794.47 rows=979 width=4)
	        Recheck Cond: ((id >= 8479198) AND (id <= 8480197))
	        ->  Bitmap Index Scan on sbtest4_pkey  (cost=0.00..30.22 rows=979 width=0)
	              Index Cond: ((id >= 8479198) AND (id <= 8480197))

table 5 : explain SELECT SUM(k) FROM sbtest5 WHERE id BETWEEN 9193555 AND 9194554
	Aggregate  (cost=3623.25..3623.26 rows=1 width=8)
	  ->  Bitmap Heap Scan on sbtest5  (cost=30.00..3620.92 rows=933 width=4)
	        Recheck Cond: ((id >= 9193555) AND (id <= 9194554))
	        ->  Bitmap Index Scan on sbtest5_pkey  (cost=0.00..29.76 rows=933 width=0)
	              Index Cond: ((id >= 9193555) AND (id <= 9194554))

table 6 : explain SELECT SUM(k) FROM sbtest6 WHERE id BETWEEN 1763370 AND 1764369
	Aggregate  (cost=3766.47..3766.48 rows=1 width=8)
	  ->  Bitmap Heap Scan on sbtest6  (cost=30.39..3764.04 rows=971 width=4)
	        Recheck Cond: ((id >= 1763370) AND (id <= 1764369))
	        ->  Bitmap Index Scan on sbtest6_pkey  (cost=0.00..30.14 rows=971 width=0)
	              Index Cond: ((id >= 1763370) AND (id <= 1764369))

table 7 : explain SELECT SUM(k) FROM sbtest7 WHERE id BETWEEN 5201851 AND 5202850
	Aggregate  (cost=3704.22..3704.23 rows=1 width=8)
	  ->  Bitmap Heap Scan on sbtest7  (cost=30.22..3701.83 rows=955 width=4)
	        Recheck Cond: ((id >= 5201851) AND (id <= 5202850))
	        ->  Bitmap Index Scan on sbtest7_pkey  (cost=0.00..29.98 rows=955 width=0)
	              Index Cond: ((id >= 5201851) AND (id <= 5202850))

table 8 : explain SELECT SUM(k) FROM sbtest8 WHERE id BETWEEN 2683360 AND 2684359
	Aggregate  (cost=3857.65..3857.66 rows=1 width=8)
	  ->  Bitmap Heap Scan on sbtest8  (cost=30.63..3855.16 rows=995 width=4)
	        Recheck Cond: ((id >= 2683360) AND (id <= 2684359))
	        ->  Bitmap Index Scan on sbtest8_pkey  (cost=0.00..30.39 rows=995 width=0)
	              Index Cond: ((id >= 2683360) AND (id <= 2684359))

for: order_ranges
table 1 : explain SELECT c FROM sbtest1 WHERE id BETWEEN 166281 AND 167280 ORDER BY c
	Sort  (cost=3994.11..3996.65 rows=1018 width=121)
	  Sort Key: c
	  ->  Bitmap Heap Scan on sbtest1  (cost=30.87..3943.25 rows=1018 width=121)
	        Recheck Cond: ((id >= 166281) AND (id <= 167280))
	        ->  Bitmap Index Scan on sbtest1_pkey  (cost=0.00..30.61 rows=1018 width=0)
	              Index Cond: ((id >= 166281) AND (id <= 167280))

table 2 : explain SELECT c FROM sbtest2 WHERE id BETWEEN 9936994 AND 9937993 ORDER BY c
	Sort  (cost=3774.15..3776.55 rows=961 width=121)
	  Sort Key: c
	  ->  Bitmap Heap Scan on sbtest2  (cost=30.29..3726.54 rows=961 width=121)
	        Recheck Cond: ((id >= 9936994) AND (id <= 9937993))
	        ->  Bitmap Index Scan on sbtest2_pkey  (cost=0.00..30.04 rows=961 width=0)
	              Index Cond: ((id >= 9936994) AND (id <= 9937993))

table 3 : explain SELECT c FROM sbtest3 WHERE id BETWEEN 1405005 AND 1406004 ORDER BY c
	Sort  (cost=3784.09..3786.50 rows=964 width=121)
	  Sort Key: c
	  ->  Bitmap Heap Scan on sbtest3  (cost=30.32..3736.31 rows=964 width=121)
	        Recheck Cond: ((id >= 1405005) AND (id <= 1406004))
	        ->  Bitmap Index Scan on sbtest3_pkey  (cost=0.00..30.07 rows=964 width=0)
	              Index Cond: ((id >= 1405005) AND (id <= 1406004))

table 4 : explain SELECT c FROM sbtest4 WHERE id BETWEEN 656872 AND 657871 ORDER BY c
	Sort  (cost=3774.09..3776.49 rows=961 width=121)
	  Sort Key: c
	  ->  Bitmap Heap Scan on sbtest4  (cost=30.29..3726.48 rows=961 width=121)
	        Recheck Cond: ((id >= 656872) AND (id <= 657871))
	        ->  Bitmap Index Scan on sbtest4_pkey  (cost=0.00..30.04 rows=961 width=0)
	              Index Cond: ((id >= 656872) AND (id <= 657871))

table 5 : explain SELECT c FROM sbtest5 WHERE id BETWEEN 5024288 AND 5025287 ORDER BY c
	Sort  (cost=4042.55..4045.12 rows=1031 width=121)
	  Sort Key: c
	  ->  Bitmap Heap Scan on sbtest5  (cost=31.00..3990.95 rows=1031 width=121)
	        Recheck Cond: ((id >= 5024288) AND (id <= 5025287))
	        ->  Bitmap Index Scan on sbtest5_pkey  (cost=0.00..30.75 rows=1031 width=0)
	              Index Cond: ((id >= 5024288) AND (id <= 5025287))

table 6 : explain SELECT c FROM sbtest6 WHERE id BETWEEN 2823162 AND 2824161 ORDER BY c
	Sort  (cost=3842.88..3845.33 rows=979 width=121)
	  Sort Key: c
	  ->  Bitmap Heap Scan on sbtest6  (cost=30.47..3794.25 rows=979 width=121)
	        Recheck Cond: ((id >= 2823162) AND (id <= 2824161))
	        ->  Bitmap Index Scan on sbtest6_pkey  (cost=0.00..30.22 rows=979 width=0)
	              Index Cond: ((id >= 2823162) AND (id <= 2824161))

table 7 : explain SELECT c FROM sbtest7 WHERE id BETWEEN 1889494 AND 1890493 ORDER BY c
	Sort  (cost=3936.74..3939.25 rows=1004 width=121)
	  Sort Key: c
	  ->  Bitmap Heap Scan on sbtest7  (cost=30.73..3886.69 rows=1004 width=121)
	        Recheck Cond: ((id >= 1889494) AND (id <= 1890493))
	        ->  Bitmap Index Scan on sbtest7_pkey  (cost=0.00..30.47 rows=1004 width=0)
	              Index Cond: ((id >= 1889494) AND (id <= 1890493))

table 8 : explain SELECT c FROM sbtest8 WHERE id BETWEEN 5149529 AND 5150528 ORDER BY c
	Sort  (cost=3916.20..3918.69 rows=998 width=121)
	  Sort Key: c
	  ->  Bitmap Heap Scan on sbtest8  (cost=30.66..3866.48 rows=998 width=121)
	        Recheck Cond: ((id >= 5149529) AND (id <= 5150528))
	        ->  Bitmap Index Scan on sbtest8_pkey  (cost=0.00..30.41 rows=998 width=0)
	              Index Cond: ((id >= 5149529) AND (id <= 5150528))

explain: for point_selects :: explain SELECT c FROM sbtest%u WHERE id=%u
for point_selects
table 1 : explain SELECT c FROM sbtest1 WHERE id=3840264
	Index Scan using sbtest1_pkey on sbtest1  (cost=0.43..8.45 rows=1 width=121)
	  Index Cond: (id = 3840264)

table 2 : explain SELECT c FROM sbtest2 WHERE id=8549470
	Index Scan using sbtest2_pkey on sbtest2  (cost=0.43..8.45 rows=1 width=121)
	  Index Cond: (id = 8549470)

table 3 : explain SELECT c FROM sbtest3 WHERE id=3913099
	Index Scan using sbtest3_pkey on sbtest3  (cost=0.43..8.45 rows=1 width=121)
	  Index Cond: (id = 3913099)

table 4 : explain SELECT c FROM sbtest4 WHERE id=5056257
	Index Scan using sbtest4_pkey on sbtest4  (cost=0.43..8.45 rows=1 width=121)
	  Index Cond: (id = 5056257)

table 5 : explain SELECT c FROM sbtest5 WHERE id=8248362
	Index Scan using sbtest5_pkey on sbtest5  (cost=0.43..8.45 rows=1 width=121)
	  Index Cond: (id = 8248362)

table 6 : explain SELECT c FROM sbtest6 WHERE id=4119909
	Index Scan using sbtest6_pkey on sbtest6  (cost=0.43..8.45 rows=1 width=121)
	  Index Cond: (id = 4119909)

table 7 : explain SELECT c FROM sbtest7 WHERE id=4599677
	Index Scan using sbtest7_pkey on sbtest7  (cost=0.43..8.45 rows=1 width=121)
	  Index Cond: (id = 4599677)

table 8 : explain SELECT c FROM sbtest8 WHERE id=6914236
	Index Scan using sbtest8_pkey on sbtest8  (cost=0.43..8.45 rows=1 width=121)
	  Index Cond: (id = 6914236)

for: distinct_ranges
table 1 : explain SELECT DISTINCT c FROM sbtest1 WHERE id BETWEEN 5744094 AND 5745093 ORDER BY c
	Unique  (cost=3798.60..3803.44 rows=967 width=121)
	  ->  Sort  (cost=3798.60..3801.02 rows=967 width=121)
	        Sort Key: c
	        ->  Bitmap Heap Scan on sbtest1  (cost=30.35..3750.65 rows=967 width=121)
	              Recheck Cond: ((id >= 5744094) AND (id <= 5745093))
	              ->  Bitmap Index Scan on sbtest1_pkey  (cost=0.00..30.11 rows=967 width=0)
	                    Index Cond: ((id >= 5744094) AND (id <= 5745093))

table 2 : explain SELECT DISTINCT c FROM sbtest2 WHERE id BETWEEN 5346246 AND 5347245 ORDER BY c
	Unique  (cost=4011.68..4016.79 rows=1023 width=121)
	  ->  Sort  (cost=4011.68..4014.24 rows=1023 width=121)
	        Sort Key: c
	        ->  Bitmap Heap Scan on sbtest2  (cost=30.92..3960.54 rows=1023 width=121)
	              Recheck Cond: ((id >= 5346246) AND (id <= 5347245))
	              ->  Bitmap Index Scan on sbtest2_pkey  (cost=0.00..30.66 rows=1023 width=0)
	                    Index Cond: ((id >= 5346246) AND (id <= 5347245))

table 3 : explain SELECT DISTINCT c FROM sbtest3 WHERE id BETWEEN 6222016 AND 6223015 ORDER BY c
	Unique  (cost=3515.54..3520.01 rows=894 width=121)
	  ->  Sort  (cost=3515.54..3517.77 rows=894 width=121)
	        Sort Key: c
	        ->  Bitmap Heap Scan on sbtest3  (cost=29.60..3471.71 rows=894 width=121)
	              Recheck Cond: ((id >= 6222016) AND (id <= 6223015))
	              ->  Bitmap Index Scan on sbtest3_pkey  (cost=0.00..29.37 rows=894 width=0)
	                    Index Cond: ((id >= 6222016) AND (id <= 6223015))

table 4 : explain SELECT DISTINCT c FROM sbtest4 WHERE id BETWEEN 9334197 AND 9335196 ORDER BY c
	Unique  (cost=3739.57..3744.33 rows=952 width=121)
	  ->  Sort  (cost=3739.57..3741.95 rows=952 width=121)
	        Sort Key: c
	        ->  Bitmap Heap Scan on sbtest4  (cost=30.19..3692.47 rows=952 width=121)
	              Recheck Cond: ((id >= 9334197) AND (id <= 9335196))
	              ->  Bitmap Index Scan on sbtest4_pkey  (cost=0.00..29.95 rows=952 width=0)
	                    Index Cond: ((id >= 9334197) AND (id <= 9335196))

table 5 : explain SELECT DISTINCT c FROM sbtest5 WHERE id BETWEEN 3621910 AND 3622909 ORDER BY c
	Unique  (cost=3682.29..3686.98 rows=937 width=121)
	  ->  Sort  (cost=3682.29..3684.64 rows=937 width=121)
	        Sort Key: c
	        ->  Bitmap Heap Scan on sbtest5  (cost=30.04..3636.04 rows=937 width=121)
	              Recheck Cond: ((id >= 3621910) AND (id <= 3622909))
	              ->  Bitmap Index Scan on sbtest5_pkey  (cost=0.00..29.80 rows=937 width=0)
	                    Index Cond: ((id >= 3621910) AND (id <= 3622909))

table 6 : explain SELECT DISTINCT c FROM sbtest6 WHERE id BETWEEN 4364321 AND 4365320 ORDER BY c
	Unique  (cost=3639.60..3644.23 rows=926 width=121)
	  ->  Sort  (cost=3639.60..3641.92 rows=926 width=121)
	        Sort Key: c
	        ->  Bitmap Heap Scan on sbtest6  (cost=29.93..3593.97 rows=926 width=121)
	              Recheck Cond: ((id >= 4364321) AND (id <= 4365320))
	              ->  Bitmap Index Scan on sbtest6_pkey  (cost=0.00..29.69 rows=926 width=0)
	                    Index Cond: ((id >= 4364321) AND (id <= 4365320))

table 7 : explain SELECT DISTINCT c FROM sbtest7 WHERE id BETWEEN 2421281 AND 2422280 ORDER BY c
	Unique  (cost=3722.27..3727.01 rows=948 width=121)
	  ->  Sort  (cost=3722.27..3724.64 rows=948 width=121)
	        Sort Key: c
	        ->  Bitmap Heap Scan on sbtest7  (cost=30.15..3675.40 rows=948 width=121)
	              Recheck Cond: ((id >= 2421281) AND (id <= 2422280))
	              ->  Bitmap Index Scan on sbtest7_pkey  (cost=0.00..29.91 rows=948 width=0)
	                    Index Cond: ((id >= 2421281) AND (id <= 2422280))

table 8 : explain SELECT DISTINCT c FROM sbtest8 WHERE id BETWEEN 3806862 AND 3807861 ORDER BY c
	Unique  (cost=3847.23..3852.13 rows=980 width=121)
	  ->  Sort  (cost=3847.23..3849.68 rows=980 width=121)
	        Sort Key: c
	        ->  Bitmap Heap Scan on sbtest8  (cost=30.48..3798.54 rows=980 width=121)
	              Recheck Cond: ((id >= 3806862) AND (id <= 3807861))
	              ->  Bitmap Index Scan on sbtest8_pkey  (cost=0.00..30.23 rows=980 width=0)
	                    Index Cond: ((id >= 3806862) AND (id <= 3807861))

for: distinct_ranges
table 1 : explain SELECT DISTINCT c FROM sbtest1 WHERE id BETWEEN 4247144 AND 4248143 ORDER BY c
	Unique  (cost=4020.92..4026.04 rows=1025 width=121)
	  ->  Sort  (cost=4020.92..4023.48 rows=1025 width=121)
	        Sort Key: c
	        ->  Bitmap Heap Scan on sbtest1  (cost=30.94..3969.66 rows=1025 width=121)
	              Recheck Cond: ((id >= 4247144) AND (id <= 4248143))
	              ->  Bitmap Index Scan on sbtest1_pkey  (cost=0.00..30.68 rows=1025 width=0)
	                    Index Cond: ((id >= 4247144) AND (id <= 4248143))

table 2 : explain SELECT DISTINCT c FROM sbtest2 WHERE id BETWEEN 6303172 AND 6304171 ORDER BY c
	Unique  (cost=3743.46..3748.23 rows=953 width=121)
	  ->  Sort  (cost=3743.46..3745.85 rows=953 width=121)
	        Sort Key: c
	        ->  Bitmap Heap Scan on sbtest2  (cost=30.20..3696.31 rows=953 width=121)
	              Recheck Cond: ((id >= 6303172) AND (id <= 6304171))
	              ->  Bitmap Index Scan on sbtest2_pkey  (cost=0.00..29.96 rows=953 width=0)
	                    Index Cond: ((id >= 6303172) AND (id <= 6304171))

table 3 : explain SELECT DISTINCT c FROM sbtest3 WHERE id BETWEEN 5077659 AND 5078658 ORDER BY c
	Unique  (cost=4105.55..4110.79 rows=1048 width=121)
	  ->  Sort  (cost=4105.55..4108.17 rows=1048 width=121)
	        Sort Key: c
	        ->  Bitmap Heap Scan on sbtest3  (cost=31.18..4052.98 rows=1048 width=121)
	              Recheck Cond: ((id >= 5077659) AND (id <= 5078658))
	              ->  Bitmap Index Scan on sbtest3_pkey  (cost=0.00..30.91 rows=1048 width=0)
	                    Index Cond: ((id >= 5077659) AND (id <= 5078658))

table 4 : explain SELECT DISTINCT c FROM sbtest4 WHERE id BETWEEN 2874692 AND 2875691 ORDER BY c
	Unique  (cost=4011.62..4016.73 rows=1023 width=121)
	  ->  Sort  (cost=4011.62..4014.18 rows=1023 width=121)
	        Sort Key: c
	        ->  Bitmap Heap Scan on sbtest4  (cost=30.92..3960.47 rows=1023 width=121)
	              Recheck Cond: ((id >= 2874692) AND (id <= 2875691))
	              ->  Bitmap Index Scan on sbtest4_pkey  (cost=0.00..30.66 rows=1023 width=0)
	                    Index Cond: ((id >= 2874692) AND (id <= 2875691))

table 5 : explain SELECT DISTINCT c FROM sbtest5 WHERE id BETWEEN 8494345 AND 8495344 ORDER BY c
	Unique  (cost=3843.39..3848.28 rows=979 width=121)
	  ->  Sort  (cost=3843.39..3845.84 rows=979 width=121)
	        Sort Key: c
	        ->  Bitmap Heap Scan on sbtest5  (cost=30.47..3794.76 rows=979 width=121)
	              Recheck Cond: ((id >= 8494345) AND (id <= 8495344))
	              ->  Bitmap Index Scan on sbtest5_pkey  (cost=0.00..30.22 rows=979 width=0)
	                    Index Cond: ((id >= 8494345) AND (id <= 8495344))

table 6 : explain SELECT DISTINCT c FROM sbtest6 WHERE id BETWEEN 7685269 AND 7686268 ORDER BY c
	Unique  (cost=4030.52..4035.66 rows=1028 width=121)
	  ->  Sort  (cost=4030.52..4033.09 rows=1028 width=121)
	        Sort Key: c
	        ->  Bitmap Heap Scan on sbtest6  (cost=30.97..3979.09 rows=1028 width=121)
	              Recheck Cond: ((id >= 7685269) AND (id <= 7686268))
	              ->  Bitmap Index Scan on sbtest6_pkey  (cost=0.00..30.71 rows=1028 width=0)
	                    Index Cond: ((id >= 7685269) AND (id <= 7686268))

table 7 : explain SELECT DISTINCT c FROM sbtest7 WHERE id BETWEEN 260724 AND 261723 ORDER BY c
	Unique  (cost=3825.73..3830.60 rows=975 width=121)
	  ->  Sort  (cost=3825.73..3828.16 rows=975 width=121)
	        Sort Key: c
	        ->  Bitmap Heap Scan on sbtest7  (cost=30.43..3777.32 rows=975 width=121)
	              Recheck Cond: ((id >= 260724) AND (id <= 261723))
	              ->  Bitmap Index Scan on sbtest7_pkey  (cost=0.00..30.18 rows=975 width=0)
	                    Index Cond: ((id >= 260724) AND (id <= 261723))

table 8 : explain SELECT DISTINCT c FROM sbtest8 WHERE id BETWEEN 2235021 AND 2236020 ORDER BY c
	Unique  (cost=3774.38..3779.18 rows=961 width=121)
	  ->  Sort  (cost=3774.38..3776.78 rows=961 width=121)
	        Sort Key: c
	        ->  Bitmap Heap Scan on sbtest8  (cost=30.29..3726.77 rows=961 width=121)
	              Recheck Cond: ((id >= 2235021) AND (id <= 2236020))
	              ->  Bitmap Index Scan on sbtest8_pkey  (cost=0.00..30.04 rows=961 width=0)
	                    Index Cond: ((id >= 2235021) AND (id <= 2236020))

for: simple_ranges
table 1 : explain SELECT c FROM sbtest1 WHERE id BETWEEN 7633792 AND 7634791
	Bitmap Heap Scan on sbtest1  (cost=30.95..3973.43 rows=1026 width=121)
	  Recheck Cond: ((id >= 7633792) AND (id <= 7634791))
	  ->  Bitmap Index Scan on sbtest1_pkey  (cost=0.00..30.69 rows=1026 width=0)
	        Index Cond: ((id >= 7633792) AND (id <= 7634791))

table 2 : explain SELECT c FROM sbtest2 WHERE id BETWEEN 9492276 AND 9493275
	Bitmap Heap Scan on sbtest2  (cost=30.64..3858.69 rows=996 width=121)
	  Recheck Cond: ((id >= 9492276) AND (id <= 9493275))
	  ->  Bitmap Index Scan on sbtest2_pkey  (cost=0.00..30.39 rows=996 width=0)
	        Index Cond: ((id >= 9492276) AND (id <= 9493275))

table 3 : explain SELECT c FROM sbtest3 WHERE id BETWEEN 1761819 AND 1762818
	Bitmap Heap Scan on sbtest3  (cost=35.88..4316.45 rows=1117 width=121)
	  Recheck Cond: ((id >= 1761819) AND (id <= 1762818))
	  ->  Bitmap Index Scan on sbtest3_pkey  (cost=0.00..35.61 rows=1117 width=0)
	        Index Cond: ((id >= 1761819) AND (id <= 1762818))

table 4 : explain SELECT c FROM sbtest4 WHERE id BETWEEN 1629314 AND 1630313
	Bitmap Heap Scan on sbtest4  (cost=30.89..3949.16 rows=1020 width=121)
	  Recheck Cond: ((id >= 1629314) AND (id <= 1630313))
	  ->  Bitmap Index Scan on sbtest4_pkey  (cost=0.00..30.64 rows=1020 width=0)
	        Index Cond: ((id >= 1629314) AND (id <= 1630313))

table 5 : explain SELECT c FROM sbtest5 WHERE id BETWEEN 5965237 AND 5966236
	Bitmap Heap Scan on sbtest5  (cost=35.62..4220.90 rows=1091 width=121)
	  Recheck Cond: ((id >= 5965237) AND (id <= 5966236))
	  ->  Bitmap Index Scan on sbtest5_pkey  (cost=0.00..35.34 rows=1091 width=0)
	        Index Cond: ((id >= 5965237) AND (id <= 5966236))

table 6 : explain SELECT c FROM sbtest6 WHERE id BETWEEN 3479182 AND 3480181
	Bitmap Heap Scan on sbtest6  (cost=30.63..3854.64 rows=995 width=121)
	  Recheck Cond: ((id >= 3479182) AND (id <= 3480181))
	  ->  Bitmap Index Scan on sbtest6_pkey  (cost=0.00..30.39 rows=995 width=0)
	        Index Cond: ((id >= 3479182) AND (id <= 3480181))

table 7 : explain SELECT c FROM sbtest7 WHERE id BETWEEN 4442120 AND 4443119
	Bitmap Heap Scan on sbtest7  (cost=30.52..3811.27 rows=984 width=121)
	  Recheck Cond: ((id >= 4442120) AND (id <= 4443119))
	  ->  Bitmap Index Scan on sbtest7_pkey  (cost=0.00..30.27 rows=984 width=0)
	        Index Cond: ((id >= 4442120) AND (id <= 4443119))

table 8 : explain SELECT c FROM sbtest8 WHERE id BETWEEN 1868560 AND 1869559
	Bitmap Heap Scan on sbtest8  (cost=30.34..3745.66 rows=966 width=121)
	  Recheck Cond: ((id >= 1868560) AND (id <= 1869559))
	  ->  Bitmap Index Scan on sbtest8_pkey  (cost=0.00..30.09 rows=966 width=0)
	        Index Cond: ((id >= 1868560) AND (id <= 1869559))

for: order_ranges
table 1 : explain SELECT c FROM sbtest1 WHERE id BETWEEN 8685944 AND 8686943 ORDER BY c
	Sort  (cost=3798.60..3801.02 rows=967 width=121)
	  Sort Key: c
	  ->  Bitmap Heap Scan on sbtest1  (cost=30.35..3750.65 rows=967 width=121)
	        Recheck Cond: ((id >= 8685944) AND (id <= 8686943))
	        ->  Bitmap Index Scan on sbtest1_pkey  (cost=0.00..30.11 rows=967 width=0)
	              Index Cond: ((id >= 8685944) AND (id <= 8686943))

table 2 : explain SELECT c FROM sbtest2 WHERE id BETWEEN 9447262 AND 9448261 ORDER BY c
	Sort  (cost=3908.29..3910.78 rows=996 width=121)
	  Sort Key: c
	  ->  Bitmap Heap Scan on sbtest2  (cost=30.64..3858.69 rows=996 width=121)
	        Recheck Cond: ((id >= 9447262) AND (id <= 9448261))
	        ->  Bitmap Index Scan on sbtest2_pkey  (cost=0.00..30.39 rows=996 width=0)
	              Index Cond: ((id >= 9447262) AND (id <= 9448261))

table 3 : explain SELECT c FROM sbtest3 WHERE id BETWEEN 9752163 AND 9753162 ORDER BY c
	Sort  (cost=3764.92..3767.32 rows=959 width=121)
	  Sort Key: c
	  ->  Bitmap Heap Scan on sbtest3  (cost=30.26..3717.43 rows=959 width=121)
	        Recheck Cond: ((id >= 9752163) AND (id <= 9753162))
	        ->  Bitmap Index Scan on sbtest3_pkey  (cost=0.00..30.02 rows=959 width=0)
	              Index Cond: ((id >= 9752163) AND (id <= 9753162))

table 4 : explain SELECT c FROM sbtest4 WHERE id BETWEEN 5546033 AND 5547032 ORDER BY c
	Sort  (cost=3789.43..3791.84 rows=965 width=121)
	  Sort Key: c
	  ->  Bitmap Heap Scan on sbtest4  (cost=30.33..3741.59 rows=965 width=121)
	        Recheck Cond: ((id >= 5546033) AND (id <= 5547032))
	        ->  Bitmap Index Scan on sbtest4_pkey  (cost=0.00..30.08 rows=965 width=0)
	              Index Cond: ((id >= 5546033) AND (id <= 5547032))

table 5 : explain SELECT c FROM sbtest5 WHERE id BETWEEN 1342496 AND 1343495 ORDER BY c
	Sort  (cost=3885.54..3888.02 rows=990 width=121)
	  Sort Key: c
	  ->  Bitmap Heap Scan on sbtest5  (cost=30.58..3836.29 rows=990 width=121)
	        Recheck Cond: ((id >= 1342496) AND (id <= 1343495))
	        ->  Bitmap Index Scan on sbtest5_pkey  (cost=0.00..30.33 rows=990 width=0)
	              Index Cond: ((id >= 1342496) AND (id <= 1343495))

table 6 : explain SELECT c FROM sbtest6 WHERE id BETWEEN 436857 AND 437856 ORDER BY c
	Sort  (cost=3758.54..3760.94 rows=957 width=121)
	  Sort Key: c
	  ->  Bitmap Heap Scan on sbtest6  (cost=30.24..3711.16 rows=957 width=121)
	        Recheck Cond: ((id >= 436857) AND (id <= 437856))
	        ->  Bitmap Index Scan on sbtest6_pkey  (cost=0.00..30.00 rows=957 width=0)
	              Index Cond: ((id >= 436857) AND (id <= 437856))

table 7 : explain SELECT c FROM sbtest7 WHERE id BETWEEN 6194353 AND 6195352 ORDER BY c
	Sort  (cost=3668.59..3670.93 rows=934 width=121)
	  Sort Key: c
	  ->  Bitmap Heap Scan on sbtest7  (cost=30.01..3622.51 rows=934 width=121)
	        Recheck Cond: ((id >= 6194353) AND (id <= 6195352))
	        ->  Bitmap Index Scan on sbtest7_pkey  (cost=0.00..29.77 rows=934 width=0)
	              Index Cond: ((id >= 6194353) AND (id <= 6195352))

table 8 : explain SELECT c FROM sbtest8 WHERE id BETWEEN 4261686 AND 4262685 ORDER BY c
	Sort  (cost=4440.19..4443.03 rows=1135 width=121)
	  Sort Key: c
	  ->  Bitmap Heap Scan on sbtest8  (cost=36.07..4382.60 rows=1135 width=121)
	        Recheck Cond: ((id >= 4261686) AND (id <= 4262685))
	        ->  Bitmap Index Scan on sbtest8_pkey  (cost=0.00..35.79 rows=1135 width=0)
	              Index Cond: ((id >= 4261686) AND (id <= 4262685))

for: simple_ranges
table 1 : explain SELECT c FROM sbtest1 WHERE id BETWEEN 1103156 AND 1104155
	Bitmap Heap Scan on sbtest1  (cost=30.71..3882.86 rows=1002 width=121)
	  Recheck Cond: ((id >= 1103156) AND (id <= 1104155))
	  ->  Bitmap Index Scan on sbtest1_pkey  (cost=0.00..30.45 rows=1002 width=0)
	        Index Cond: ((id >= 1103156) AND (id <= 1104155))

table 2 : explain SELECT c FROM sbtest2 WHERE id BETWEEN 6984957 AND 6985956
	Bitmap Heap Scan on sbtest2  (cost=30.15..3677.41 rows=948 width=121)
	  Recheck Cond: ((id >= 6984957) AND (id <= 6985956))
	  ->  Bitmap Index Scan on sbtest2_pkey  (cost=0.00..29.91 rows=948 width=0)
	        Index Cond: ((id >= 6984957) AND (id <= 6985956))

table 3 : explain SELECT c FROM sbtest3 WHERE id BETWEEN 9406641 AND 9407640
	Bitmap Heap Scan on sbtest3  (cost=29.80..3547.38 rows=914 width=121)
	  Recheck Cond: ((id >= 9406641) AND (id <= 9407640))
	  ->  Bitmap Index Scan on sbtest3_pkey  (cost=0.00..29.57 rows=914 width=0)
	        Index Cond: ((id >= 9406641) AND (id <= 9407640))

table 4 : explain SELECT c FROM sbtest4 WHERE id BETWEEN 4415005 AND 4416004
	Bitmap Heap Scan on sbtest4  (cost=35.87..4314.57 rows=1116 width=121)
	  Recheck Cond: ((id >= 4415005) AND (id <= 4416004))
	  ->  Bitmap Index Scan on sbtest4_pkey  (cost=0.00..35.59 rows=1116 width=0)
	        Index Cond: ((id >= 4415005) AND (id <= 4416004))

table 5 : explain SELECT c FROM sbtest5 WHERE id BETWEEN 7851147 AND 7852146
	Bitmap Heap Scan on sbtest5  (cost=30.86..3938.16 rows=1017 width=121)
	  Recheck Cond: ((id >= 7851147) AND (id <= 7852146))
	  ->  Bitmap Index Scan on sbtest5_pkey  (cost=0.00..30.61 rows=1017 width=0)
	        Index Cond: ((id >= 7851147) AND (id <= 7852146))

table 6 : explain SELECT c FROM sbtest6 WHERE id BETWEEN 1526859 AND 1527858
	Bitmap Heap Scan on sbtest6  (cost=31.07..4016.78 rows=1038 width=121)
	  Recheck Cond: ((id >= 1526859) AND (id <= 1527858))
	  ->  Bitmap Index Scan on sbtest6_pkey  (cost=0.00..30.82 rows=1038 width=0)
	        Index Cond: ((id >= 1526859) AND (id <= 1527858))

table 7 : explain SELECT c FROM sbtest7 WHERE id BETWEEN 109992 AND 110991
	Bitmap Heap Scan on sbtest7  (cost=30.54..3818.82 rows=986 width=121)
	  Recheck Cond: ((id >= 109992) AND (id <= 110991))
	  ->  Bitmap Index Scan on sbtest7_pkey  (cost=0.00..30.29 rows=986 width=0)
	        Index Cond: ((id >= 109992) AND (id <= 110991))

table 8 : explain SELECT c FROM sbtest8 WHERE id BETWEEN 9083933 AND 9084932
	Bitmap Heap Scan on sbtest8  (cost=30.55..3824.97 rows=987 width=121)
	  Recheck Cond: ((id >= 9083933) AND (id <= 9084932))
	  ->  Bitmap Index Scan on sbtest8_pkey  (cost=0.00..30.30 rows=987 width=0)
	        Index Cond: ((id >= 9083933) AND (id <= 9084932))

for: simple_ranges
table 1 : explain SELECT c FROM sbtest1 WHERE id BETWEEN 2174105 AND 2175104
	Bitmap Heap Scan on sbtest1  (cost=30.18..3690.16 rows=951 width=121)
	  Recheck Cond: ((id >= 2174105) AND (id <= 2175104))
	  ->  Bitmap Index Scan on sbtest1_pkey  (cost=0.00..29.94 rows=951 width=0)
	        Index Cond: ((id >= 2174105) AND (id <= 2175104))

table 2 : explain SELECT c FROM sbtest2 WHERE id BETWEEN 8514060 AND 8515059
	Bitmap Heap Scan on sbtest2  (cost=30.86..3937.91 rows=1017 width=121)
	  Recheck Cond: ((id >= 8514060) AND (id <= 8515059))
	  ->  Bitmap Index Scan on sbtest2_pkey  (cost=0.00..30.61 rows=1017 width=0)
	        Index Cond: ((id >= 8514060) AND (id <= 8515059))

table 3 : explain SELECT c FROM sbtest3 WHERE id BETWEEN 9822405 AND 9823404
	Bitmap Heap Scan on sbtest3  (cost=30.88..3943.75 rows=1019 width=121)
	  Recheck Cond: ((id >= 9822405) AND (id <= 9823404))
	  ->  Bitmap Index Scan on sbtest3_pkey  (cost=0.00..30.62 rows=1019 width=0)
	        Index Cond: ((id >= 9822405) AND (id <= 9823404))

table 4 : explain SELECT c FROM sbtest4 WHERE id BETWEEN 9605373 AND 9606372
	Bitmap Heap Scan on sbtest4  (cost=30.27..3722.70 rows=960 width=121)
	  Recheck Cond: ((id >= 9605373) AND (id <= 9606372))
	  ->  Bitmap Index Scan on sbtest4_pkey  (cost=0.00..30.04 rows=960 width=0)
	        Index Cond: ((id >= 9605373) AND (id <= 9606372))

table 5 : explain SELECT c FROM sbtest5 WHERE id BETWEEN 8795799 AND 8796798
	Bitmap Heap Scan on sbtest5  (cost=31.06..4013.56 rows=1037 width=121)
	  Recheck Cond: ((id >= 8795799) AND (id <= 8796798))
	  ->  Bitmap Index Scan on sbtest5_pkey  (cost=0.00..30.80 rows=1037 width=0)
	        Index Cond: ((id >= 8795799) AND (id <= 8796798))

table 6 : explain SELECT c FROM sbtest6 WHERE id BETWEEN 4050510 AND 4051509
	Bitmap Heap Scan on sbtest6  (cost=31.06..4013.01 rows=1037 width=121)
	  Recheck Cond: ((id >= 4050510) AND (id <= 4051509))
	  ->  Bitmap Index Scan on sbtest6_pkey  (cost=0.00..30.80 rows=1037 width=0)
	        Index Cond: ((id >= 4050510) AND (id <= 4051509))

table 7 : explain SELECT c FROM sbtest7 WHERE id BETWEEN 5006295 AND 5007294
	Bitmap Heap Scan on sbtest7  (cost=30.21..3698.06 rows=954 width=121)
	  Recheck Cond: ((id >= 5006295) AND (id <= 5007294))
	  ->  Bitmap Index Scan on sbtest7_pkey  (cost=0.00..29.97 rows=954 width=0)
	        Index Cond: ((id >= 5006295) AND (id <= 5007294))

table 8 : explain SELECT c FROM sbtest8 WHERE id BETWEEN 6105713 AND 6106712
	Bitmap Heap Scan on sbtest8  (cost=30.86..3938.16 rows=1017 width=121)
	  Recheck Cond: ((id >= 6105713) AND (id <= 6106712))
	  ->  Bitmap Index Scan on sbtest8_pkey  (cost=0.00..30.61 rows=1017 width=0)
	        Index Cond: ((id >= 6105713) AND (id <= 6106712))

explain: for point_selects :: explain SELECT c FROM sbtest%u WHERE id=%u
for point_selects
table 1 : explain SELECT c FROM sbtest1 WHERE id=9365394
	Index Scan using sbtest1_pkey on sbtest1  (cost=0.43..8.45 rows=1 width=121)
	  Index Cond: (id = 9365394)

table 2 : explain SELECT c FROM sbtest2 WHERE id=3195813
	Index Scan using sbtest2_pkey on sbtest2  (cost=0.43..8.45 rows=1 width=121)
	  Index Cond: (id = 3195813)

table 3 : explain SELECT c FROM sbtest3 WHERE id=4488324
	Index Scan using sbtest3_pkey on sbtest3  (cost=0.43..8.45 rows=1 width=121)
	  Index Cond: (id = 4488324)

table 4 : explain SELECT c FROM sbtest4 WHERE id=3687715
	Index Scan using sbtest4_pkey on sbtest4  (cost=0.43..8.45 rows=1 width=121)
	  Index Cond: (id = 3687715)

table 5 : explain SELECT c FROM sbtest5 WHERE id=9382856
	Index Scan using sbtest5_pkey on sbtest5  (cost=0.43..8.45 rows=1 width=121)
	  Index Cond: (id = 9382856)

table 6 : explain SELECT c FROM sbtest6 WHERE id=577691
	Index Scan using sbtest6_pkey on sbtest6  (cost=0.43..8.45 rows=1 width=121)
	  Index Cond: (id = 577691)

table 7 : explain SELECT c FROM sbtest7 WHERE id=1540583
	Index Scan using sbtest7_pkey on sbtest7  (cost=0.43..8.45 rows=1 width=121)
	  Index Cond: (id = 1540583)

table 8 : explain SELECT c FROM sbtest8 WHERE id=1676114
	Index Scan using sbtest8_pkey on sbtest8  (cost=0.43..8.45 rows=1 width=121)
	  Index Cond: (id = 1676114)

for point_selects
table 1 : explain SELECT c FROM sbtest1 WHERE id=3800609
	Index Scan using sbtest1_pkey on sbtest1  (cost=0.43..8.45 rows=1 width=121)
	  Index Cond: (id = 3800609)

table 2 : explain SELECT c FROM sbtest2 WHERE id=8661059
	Index Scan using sbtest2_pkey on sbtest2  (cost=0.43..8.45 rows=1 width=121)
	  Index Cond: (id = 8661059)

table 3 : explain SELECT c FROM sbtest3 WHERE id=1680529
	Index Scan using sbtest3_pkey on sbtest3  (cost=0.43..8.45 rows=1 width=121)
	  Index Cond: (id = 1680529)

table 4 : explain SELECT c FROM sbtest4 WHERE id=5521851
	Index Scan using sbtest4_pkey on sbtest4  (cost=0.43..8.45 rows=1 width=121)
	  Index Cond: (id = 5521851)

table 5 : explain SELECT c FROM sbtest5 WHERE id=5394147
	Index Scan using sbtest5_pkey on sbtest5  (cost=0.43..8.45 rows=1 width=121)
	  Index Cond: (id = 5394147)

table 6 : explain SELECT c FROM sbtest6 WHERE id=7348279
	Index Scan using sbtest6_pkey on sbtest6  (cost=0.43..8.45 rows=1 width=121)
	  Index Cond: (id = 7348279)

table 7 : explain SELECT c FROM sbtest7 WHERE id=5218210
	Index Scan using sbtest7_pkey on sbtest7  (cost=0.43..8.45 rows=1 width=121)
	  Index Cond: (id = 5218210)

table 8 : explain SELECT c FROM sbtest8 WHERE id=6108239
	Index Scan using sbtest8_pkey on sbtest8  (cost=0.43..8.45 rows=1 width=121)
	  Index Cond: (id = 6108239)

explain: for point_selects :: explain SELECT c FROM sbtest%u WHERE id=%u
for: simple_ranges
table 1 : explain SELECT c FROM sbtest1 WHERE id BETWEEN 5818018 AND 5819017
	Bitmap Heap Scan on sbtest1  (cost=30.87..3943.25 rows=1018 width=121)
	  Recheck Cond: ((id >= 5818018) AND (id <= 5819017))
	  ->  Bitmap Index Scan on sbtest1_pkey  (cost=0.00..30.61 rows=1018 width=0)
	        Index Cond: ((id >= 5818018) AND (id <= 5819017))

table 2 : explain SELECT c FROM sbtest2 WHERE id BETWEEN 5379499 AND 5380498
	Bitmap Heap Scan on sbtest2  (cost=30.92..3960.54 rows=1023 width=121)
	  Recheck Cond: ((id >= 5379499) AND (id <= 5380498))
	  ->  Bitmap Index Scan on sbtest2_pkey  (cost=0.00..30.66 rows=1023 width=0)
	        Index Cond: ((id >= 5379499) AND (id <= 5380498))

table 3 : explain SELECT c FROM sbtest3 WHERE id BETWEEN 6648444 AND 6649443
	Bitmap Heap Scan on sbtest3  (cost=35.64..4226.26 rows=1093 width=121)
	  Recheck Cond: ((id >= 6648444) AND (id <= 6649443))
	  ->  Bitmap Index Scan on sbtest3_pkey  (cost=0.00..35.37 rows=1093 width=0)
	        Index Cond: ((id >= 6648444) AND (id <= 6649443))

table 4 : explain SELECT c FROM sbtest4 WHERE id BETWEEN 2304920 AND 2305919
	Bitmap Heap Scan on sbtest4  (cost=29.36..3385.93 rows=871 width=121)
	  Recheck Cond: ((id >= 2304920) AND (id <= 2305919))
	  ->  Bitmap Index Scan on sbtest4_pkey  (cost=0.00..29.14 rows=871 width=0)
	        Index Cond: ((id >= 2304920) AND (id <= 2305919))

table 5 : explain SELECT c FROM sbtest5 WHERE id BETWEEN 6049757 AND 6050756
	Bitmap Heap Scan on sbtest5  (cost=30.66..3866.48 rows=998 width=121)
	  Recheck Cond: ((id >= 6049757) AND (id <= 6050756))
	  ->  Bitmap Index Scan on sbtest5_pkey  (cost=0.00..30.41 rows=998 width=0)
	        Index Cond: ((id >= 6049757) AND (id <= 6050756))

table 6 : explain SELECT c FROM sbtest6 WHERE id BETWEEN 5051083 AND 5052082
	Bitmap Heap Scan on sbtest6  (cost=29.72..3518.30 rows=906 width=121)
	  Recheck Cond: ((id >= 5051083) AND (id <= 5052082))
	  ->  Bitmap Index Scan on sbtest6_pkey  (cost=0.00..29.50 rows=906 width=0)
	        Index Cond: ((id >= 5051083) AND (id <= 5052082))

table 7 : explain SELECT c FROM sbtest7 WHERE id BETWEEN 6199981 AND 6200980
	Bitmap Heap Scan on sbtest7  (cost=30.01..3622.51 rows=934 width=121)
	  Recheck Cond: ((id >= 6199981) AND (id <= 6200980))
	  ->  Bitmap Index Scan on sbtest7_pkey  (cost=0.00..29.77 rows=934 width=0)
	        Index Cond: ((id >= 6199981) AND (id <= 6200980))

table 8 : explain SELECT c FROM sbtest8 WHERE id BETWEEN 7497258 AND 7498257
	Bitmap Heap Scan on sbtest8  (cost=35.77..4277.33 rows=1106 width=121)
	  Recheck Cond: ((id >= 7497258) AND (id <= 7498257))
	  ->  Bitmap Index Scan on sbtest8_pkey  (cost=0.00..35.50 rows=1106 width=0)
	        Index Cond: ((id >= 7497258) AND (id <= 7498257))

for: sum_ranges
table 1 : explain SELECT SUM(k) FROM sbtest1 WHERE id BETWEEN 4629484 AND 4630483
	Aggregate  (cost=3983.55..3983.56 rows=1 width=8)
	  ->  Bitmap Heap Scan on sbtest1  (cost=30.97..3980.98 rows=1028 width=4)
	        Recheck Cond: ((id >= 4629484) AND (id <= 4630483))
	        ->  Bitmap Index Scan on sbtest1_pkey  (cost=0.00..30.71 rows=1028 width=0)
	              Index Cond: ((id >= 4629484) AND (id <= 4630483))

table 2 : explain SELECT SUM(k) FROM sbtest2 WHERE id BETWEEN 4287766 AND 4288765
	Aggregate  (cost=3876.29..3876.30 rows=1 width=8)
	  ->  Bitmap Heap Scan on sbtest2  (cost=30.68..3873.79 rows=1000 width=4)
	        Recheck Cond: ((id >= 4287766) AND (id <= 4288765))
	        ->  Bitmap Index Scan on sbtest2_pkey  (cost=0.00..30.43 rows=1000 width=0)
	              Index Cond: ((id >= 4287766) AND (id <= 4288765))

table 3 : explain SELECT SUM(k) FROM sbtest3 WHERE id BETWEEN 9303684 AND 9304683
	Aggregate  (cost=3621.54..3621.55 rows=1 width=8)
	  ->  Bitmap Heap Scan on sbtest3  (cost=30.00..3619.21 rows=933 width=4)
	        Recheck Cond: ((id >= 9303684) AND (id <= 9304683))
	        ->  Bitmap Index Scan on sbtest3_pkey  (cost=0.00..29.76 rows=933 width=0)
	              Index Cond: ((id >= 9303684) AND (id <= 9304683))

table 4 : explain SELECT SUM(k) FROM sbtest4 WHERE id BETWEEN 8967070 AND 8968069
	Aggregate  (cost=4053.54..4053.55 rows=1 width=8)
	  ->  Bitmap Heap Scan on sbtest4  (cost=31.17..4050.92 rows=1047 width=4)
	        Recheck Cond: ((id >= 8967070) AND (id <= 8968069))
	        ->  Bitmap Index Scan on sbtest4_pkey  (cost=0.00..30.90 rows=1047 width=0)
	              Index Cond: ((id >= 8967070) AND (id <= 8968069))

table 5 : explain SELECT SUM(k) FROM sbtest5 WHERE id BETWEEN 8270221 AND 8271220
	Aggregate  (cost=4012.38..4012.39 rows=1 width=8)
	  ->  Bitmap Heap Scan on sbtest5  (cost=31.05..4009.79 rows=1036 width=4)
	        Recheck Cond: ((id >= 8270221) AND (id <= 8271220))
	        ->  Bitmap Index Scan on sbtest5_pkey  (cost=0.00..30.79 rows=1036 width=0)
	              Index Cond: ((id >= 8270221) AND (id <= 8271220))

table 6 : explain SELECT SUM(k) FROM sbtest6 WHERE id BETWEEN 5313915 AND 5314914
	Aggregate  (cost=3724.90..3724.91 rows=1 width=8)
	  ->  Bitmap Heap Scan on sbtest6  (cost=30.27..3722.50 rows=960 width=4)
	        Recheck Cond: ((id >= 5313915) AND (id <= 5314914))
	        ->  Bitmap Index Scan on sbtest6_pkey  (cost=0.00..30.04 rows=960 width=0)
	              Index Cond: ((id >= 5313915) AND (id <= 5314914))

table 7 : explain SELECT SUM(k) FROM sbtest7 WHERE id BETWEEN 4494187 AND 4495186
	Aggregate  (cost=3813.73..3813.74 rows=1 width=8)
	  ->  Bitmap Heap Scan on sbtest7  (cost=30.52..3811.27 rows=984 width=4)
	        Recheck Cond: ((id >= 4494187) AND (id <= 4495186))
	        ->  Bitmap Index Scan on sbtest7_pkey  (cost=0.00..30.27 rows=984 width=0)
	              Index Cond: ((id >= 4494187) AND (id <= 4495186))

table 8 : explain SELECT SUM(k) FROM sbtest8 WHERE id BETWEEN 2861173 AND 2862172
	Aggregate  (cost=3884.08..3884.09 rows=1 width=8)
	  ->  Bitmap Heap Scan on sbtest8  (cost=30.71..3881.58 rows=1002 width=4)
	        Recheck Cond: ((id >= 2861173) AND (id <= 2862172))
	        ->  Bitmap Index Scan on sbtest8_pkey  (cost=0.00..30.45 rows=1002 width=0)
	              Index Cond: ((id >= 2861173) AND (id <= 2862172))

for point_selects
table 1 : explain SELECT c FROM sbtest1 WHERE id=6960813
	Index Scan using sbtest1_pkey on sbtest1  (cost=0.43..8.45 rows=1 width=121)
	  Index Cond: (id = 6960813)

table 2 : explain SELECT c FROM sbtest2 WHERE id=6069656
	Index Scan using sbtest2_pkey on sbtest2  (cost=0.43..8.45 rows=1 width=121)
	  Index Cond: (id = 6069656)

table 3 : explain SELECT c FROM sbtest3 WHERE id=1126986
	Index Scan using sbtest3_pkey on sbtest3  (cost=0.43..8.45 rows=1 width=121)
	  Index Cond: (id = 1126986)

table 4 : explain SELECT c FROM sbtest4 WHERE id=6208021
	Index Scan using sbtest4_pkey on sbtest4  (cost=0.43..8.45 rows=1 width=121)
	  Index Cond: (id = 6208021)

table 5 : explain SELECT c FROM sbtest5 WHERE id=1793003
	Index Scan using sbtest5_pkey on sbtest5  (cost=0.43..8.45 rows=1 width=121)
	  Index Cond: (id = 1793003)

table 6 : explain SELECT c FROM sbtest6 WHERE id=1939277
	Index Scan using sbtest6_pkey on sbtest6  (cost=0.43..8.45 rows=1 width=121)
	  Index Cond: (id = 1939277)

table 7 : explain SELECT c FROM sbtest7 WHERE id=8849944
	Index Scan using sbtest7_pkey on sbtest7  (cost=0.43..8.45 rows=1 width=121)
	  Index Cond: (id = 8849944)

table 8 : explain SELECT c FROM sbtest8 WHERE id=1656742
	Index Scan using sbtest8_pkey on sbtest8  (cost=0.43..8.45 rows=1 width=121)
	  Index Cond: (id = 1656742)

explain: for point_selects :: explain SELECT c FROM sbtest%u WHERE id=%u
for: simple_ranges
table 1 : explain SELECT c FROM sbtest1 WHERE id BETWEEN 3996313 AND 3997312
	Bitmap Heap Scan on sbtest1  (cost=30.04..3637.21 rows=937 width=121)
	  Recheck Cond: ((id >= 3996313) AND (id <= 3997312))
	  ->  Bitmap Index Scan on sbtest1_pkey  (cost=0.00..29.80 rows=937 width=0)
	        Index Cond: ((id >= 3996313) AND (id <= 3997312))

table 2 : explain SELECT c FROM sbtest2 WHERE id BETWEEN 3166703 AND 3167702
	Bitmap Heap Scan on sbtest2  (cost=30.49..3802.07 rows=981 width=121)
	  Recheck Cond: ((id >= 3166703) AND (id <= 3167702))
	  ->  Bitmap Index Scan on sbtest2_pkey  (cost=0.00..30.25 rows=981 width=0)
	        Index Cond: ((id >= 3166703) AND (id <= 3167702))

table 3 : explain SELECT c FROM sbtest3 WHERE id BETWEEN 9395115 AND 9396114
	Bitmap Heap Scan on sbtest3  (cost=29.80..3547.38 rows=914 width=121)
	  Recheck Cond: ((id >= 9395115) AND (id <= 9396114))
	  ->  Bitmap Index Scan on sbtest3_pkey  (cost=0.00..29.57 rows=914 width=0)
	        Index Cond: ((id >= 9395115) AND (id <= 9396114))

table 4 : explain SELECT c FROM sbtest4 WHERE id BETWEEN 102950 AND 103949
	Bitmap Heap Scan on sbtest4  (cost=31.25..4081.06 rows=1055 width=121)
	  Recheck Cond: ((id >= 102950) AND (id <= 103949))
	  ->  Bitmap Index Scan on sbtest4_pkey  (cost=0.00..30.98 rows=1055 width=0)
	        Index Cond: ((id >= 102950) AND (id <= 103949))

table 5 : explain SELECT c FROM sbtest5 WHERE id BETWEEN 3286716 AND 3287715
	Bitmap Heap Scan on sbtest5  (cost=30.97..3979.64 rows=1028 width=121)
	  Recheck Cond: ((id >= 3286716) AND (id <= 3287715))
	  ->  Bitmap Index Scan on sbtest5_pkey  (cost=0.00..30.71 rows=1028 width=0)
	        Index Cond: ((id >= 3286716) AND (id <= 3287715))

table 6 : explain SELECT c FROM sbtest6 WHERE id BETWEEN 6638123 AND 6639122
	Bitmap Heap Scan on sbtest6  (cost=30.96..3975.32 rows=1027 width=121)
	  Recheck Cond: ((id >= 6638123) AND (id <= 6639122))
	  ->  Bitmap Index Scan on sbtest6_pkey  (cost=0.00..30.70 rows=1027 width=0)
	        Index Cond: ((id >= 6638123) AND (id <= 6639122))

table 7 : explain SELECT c FROM sbtest7 WHERE id BETWEEN 6536876 AND 6537875
	Bitmap Heap Scan on sbtest7  (cost=30.95..3969.58 rows=1026 width=121)
	  Recheck Cond: ((id >= 6536876) AND (id <= 6537875))
	  ->  Bitmap Index Scan on sbtest7_pkey  (cost=0.00..30.69 rows=1026 width=0)
	        Index Cond: ((id >= 6536876) AND (id <= 6537875))

table 8 : explain SELECT c FROM sbtest8 WHERE id BETWEEN 3154216 AND 3155215
	Bitmap Heap Scan on sbtest8  (cost=30.65..3862.71 rows=997 width=121)
	  Recheck Cond: ((id >= 3154216) AND (id <= 3155215))
	  ->  Bitmap Index Scan on sbtest8_pkey  (cost=0.00..30.40 rows=997 width=0)
	        Index Cond: ((id >= 3154216) AND (id <= 3155215))

for: sum_ranges
table 1 : explain SELECT SUM(k) FROM sbtest1 WHERE id BETWEEN 3678029 AND 3679028
	Aggregate  (cost=3957.12..3957.13 rows=1 width=8)
	  ->  Bitmap Heap Scan on sbtest1  (cost=30.90..3954.57 rows=1021 width=4)
	        Recheck Cond: ((id >= 3678029) AND (id <= 3679028))
	        ->  Bitmap Index Scan on sbtest1_pkey  (cost=0.00..30.64 rows=1021 width=0)
	              Index Cond: ((id >= 3678029) AND (id <= 3679028))

table 2 : explain SELECT SUM(k) FROM sbtest2 WHERE id BETWEEN 358919 AND 359918
	Aggregate  (cost=3925.36..3925.37 rows=1 width=8)
	  ->  Bitmap Heap Scan on sbtest2  (cost=30.82..3922.83 rows=1013 width=4)
	        Recheck Cond: ((id >= 358919) AND (id <= 359918))
	        ->  Bitmap Index Scan on sbtest2_pkey  (cost=0.00..30.57 rows=1013 width=0)
	              Index Cond: ((id >= 358919) AND (id <= 359918))

table 3 : explain SELECT SUM(k) FROM sbtest3 WHERE id BETWEEN 7416502 AND 7417501
	Aggregate  (cost=4435.73..4435.74 rows=1 width=8)
	  ->  Bitmap Heap Scan on sbtest3  (cost=36.21..4432.85 rows=1149 width=4)
	        Recheck Cond: ((id >= 7416502) AND (id <= 7417501))
	        ->  Bitmap Index Scan on sbtest3_pkey  (cost=0.00..35.93 rows=1149 width=0)
	              Index Cond: ((id >= 7416502) AND (id <= 7417501))

table 4 : explain SELECT SUM(k) FROM sbtest4 WHERE id BETWEEN 8114455 AND 8115454
	Aggregate  (cost=3963.03..3963.04 rows=1 width=8)
	  ->  Bitmap Heap Scan on sbtest4  (cost=30.92..3960.47 rows=1023 width=4)
	        Recheck Cond: ((id >= 8114455) AND (id <= 8115454))
	        ->  Bitmap Index Scan on sbtest4_pkey  (cost=0.00..30.66 rows=1023 width=0)
	              Index Cond: ((id >= 8114455) AND (id <= 8115454))

table 5 : explain SELECT SUM(k) FROM sbtest5 WHERE id BETWEEN 1387096 AND 1388095
	Aggregate  (cost=3861.42..3861.43 rows=1 width=8)
	  ->  Bitmap Heap Scan on sbtest5  (cost=30.64..3858.93 rows=996 width=4)
	        Recheck Cond: ((id >= 1387096) AND (id <= 1388095))
	        ->  Bitmap Index Scan on sbtest5_pkey  (cost=0.00..30.39 rows=996 width=0)
	              Index Cond: ((id >= 1387096) AND (id <= 1388095))

table 6 : explain SELECT SUM(k) FROM sbtest6 WHERE id BETWEEN 1138405 AND 1139404
	Aggregate  (cost=3891.11..3891.12 rows=1 width=8)
	  ->  Bitmap Heap Scan on sbtest6  (cost=30.73..3888.60 rows=1004 width=4)
	        Recheck Cond: ((id >= 1138405) AND (id <= 1139404))
	        ->  Bitmap Index Scan on sbtest6_pkey  (cost=0.00..30.47 rows=1004 width=0)
	              Index Cond: ((id >= 1138405) AND (id <= 1139404))

table 7 : explain SELECT SUM(k) FROM sbtest7 WHERE id BETWEEN 8194951 AND 8195950
	Aggregate  (cost=4141.86..4141.87 rows=1 width=8)
	  ->  Bitmap Heap Scan on sbtest7  (cost=35.40..4139.19 rows=1070 width=4)
	        Recheck Cond: ((id >= 8194951) AND (id <= 8195950))
	        ->  Bitmap Index Scan on sbtest7_pkey  (cost=0.00..35.14 rows=1070 width=0)
	              Index Cond: ((id >= 8194951) AND (id <= 8195950))

table 8 : explain SELECT SUM(k) FROM sbtest8 WHERE id BETWEEN 6385180 AND 6386179
	Aggregate  (cost=3664.88..3664.89 rows=1 width=8)
	  ->  Bitmap Heap Scan on sbtest8  (cost=30.11..3662.52 rows=944 width=4)
	        Recheck Cond: ((id >= 6385180) AND (id <= 6386179))
	        ->  Bitmap Index Scan on sbtest8_pkey  (cost=0.00..29.87 rows=944 width=0)
	              Index Cond: ((id >= 6385180) AND (id <= 6386179))

for: sum_ranges
table 1 : explain SELECT SUM(k) FROM sbtest1 WHERE id BETWEEN 8400533 AND 8401532
	Aggregate  (cost=3726.59..3726.60 rows=1 width=8)
	  ->  Bitmap Heap Scan on sbtest1  (cost=30.27..3724.19 rows=960 width=4)
	        Recheck Cond: ((id >= 8400533) AND (id <= 8401532))
	        ->  Bitmap Index Scan on sbtest1_pkey  (cost=0.00..30.04 rows=960 width=0)
	              Index Cond: ((id >= 8400533) AND (id <= 8401532))

table 2 : explain SELECT SUM(k) FROM sbtest2 WHERE id BETWEEN 3801278 AND 3802277
	Aggregate  (cost=3781.86..3781.87 rows=1 width=8)
	  ->  Bitmap Heap Scan on sbtest2  (cost=30.43..3779.42 rows=975 width=4)
	        Recheck Cond: ((id >= 3801278) AND (id <= 3802277))
	        ->  Bitmap Index Scan on sbtest2_pkey  (cost=0.00..30.18 rows=975 width=0)
	              Index Cond: ((id >= 3801278) AND (id <= 3802277))

table 3 : explain SELECT SUM(k) FROM sbtest3 WHERE id BETWEEN 3800660 AND 3801659
	Aggregate  (cost=3727.38..3727.39 rows=1 width=8)
	  ->  Bitmap Heap Scan on sbtest3  (cost=30.29..3724.98 rows=961 width=4)
	        Recheck Cond: ((id >= 3800660) AND (id <= 3801659))
	        ->  Bitmap Index Scan on sbtest3_pkey  (cost=0.00..30.04 rows=961 width=0)
	              Index Cond: ((id >= 3800660) AND (id <= 3801659))

table 4 : explain SELECT SUM(k) FROM sbtest4 WHERE id BETWEEN 5551212 AND 5552211
	Aggregate  (cost=3744.01..3744.02 rows=1 width=8)
	  ->  Bitmap Heap Scan on sbtest4  (cost=30.33..3741.59 rows=965 width=4)
	        Recheck Cond: ((id >= 5551212) AND (id <= 5552211))
	        ->  Bitmap Index Scan on sbtest4_pkey  (cost=0.00..30.08 rows=965 width=0)
	              Index Cond: ((id >= 5551212) AND (id <= 5552211))

table 5 : explain SELECT SUM(k) FROM sbtest5 WHERE id BETWEEN 5679757 AND 5680756
	Aggregate  (cost=3604.32..3604.33 rows=1 width=8)
	  ->  Bitmap Heap Scan on sbtest5  (cost=29.95..3602.00 rows=928 width=4)
	        Recheck Cond: ((id >= 5679757) AND (id <= 5680756))
	        ->  Bitmap Index Scan on sbtest5_pkey  (cost=0.00..29.71 rows=928 width=0)
	              Index Cond: ((id >= 5679757) AND (id <= 5680756))

table 6 : explain SELECT SUM(k) FROM sbtest6 WHERE id BETWEEN 6900529 AND 6901528
	Aggregate  (cost=3943.94..3943.95 rows=1 width=8)
	  ->  Bitmap Heap Scan on sbtest6  (cost=30.87..3941.39 rows=1018 width=4)
	        Recheck Cond: ((id >= 6900529) AND (id <= 6901528))
	        ->  Bitmap Index Scan on sbtest6_pkey  (cost=0.00..30.61 rows=1018 width=0)
	              Index Cond: ((id >= 6900529) AND (id <= 6901528))

table 7 : explain SELECT SUM(k) FROM sbtest7 WHERE id BETWEEN 4179694 AND 4180693
	Aggregate  (cost=3828.83..3828.84 rows=1 width=8)
	  ->  Bitmap Heap Scan on sbtest7  (cost=30.56..3826.36 rows=988 width=4)
	        Recheck Cond: ((id >= 4179694) AND (id <= 4180693))
	        ->  Bitmap Index Scan on sbtest7_pkey  (cost=0.00..30.32 rows=988 width=0)
	              Index Cond: ((id >= 4179694) AND (id <= 4180693))

table 8 : explain SELECT SUM(k) FROM sbtest8 WHERE id BETWEEN 4872139 AND 4873138
	Aggregate  (cost=3974.67..3974.68 rows=1 width=8)
	  ->  Bitmap Heap Scan on sbtest8  (cost=30.95..3972.10 rows=1026 width=4)
	        Recheck Cond: ((id >= 4872139) AND (id <= 4873138))
	        ->  Bitmap Index Scan on sbtest8_pkey  (cost=0.00..30.69 rows=1026 width=0)
	              Index Cond: ((id >= 4872139) AND (id <= 4873138))

for: order_ranges
table 1 : explain SELECT c FROM sbtest1 WHERE id BETWEEN 9311690 AND 9312689 ORDER BY c
	Sort  (cost=3978.78..3981.32 rows=1014 width=121)
	  Sort Key: c
	  ->  Bitmap Heap Scan on sbtest1  (cost=30.83..3928.16 rows=1014 width=121)
	        Recheck Cond: ((id >= 9311690) AND (id <= 9312689))
	        ->  Bitmap Index Scan on sbtest1_pkey  (cost=0.00..30.57 rows=1014 width=0)
	              Index Cond: ((id >= 9311690) AND (id <= 9312689))

table 2 : explain SELECT c FROM sbtest2 WHERE id BETWEEN 4873455 AND 4874454 ORDER BY c
	Sort  (cost=4023.16..4025.73 rows=1026 width=121)
	  Sort Key: c
	  ->  Bitmap Heap Scan on sbtest2  (cost=30.95..3971.85 rows=1026 width=121)
	        Recheck Cond: ((id >= 4873455) AND (id <= 4874454))
	        ->  Bitmap Index Scan on sbtest2_pkey  (cost=0.00..30.69 rows=1026 width=0)
	              Index Cond: ((id >= 4873455) AND (id <= 4874454))

table 3 : explain SELECT c FROM sbtest3 WHERE id BETWEEN 8571590 AND 8572589 ORDER BY c
	Sort  (cost=4216.34..4219.04 rows=1077 width=121)
	  Sort Key: c
	  ->  Bitmap Heap Scan on sbtest3  (cost=31.47..4162.10 rows=1077 width=121)
	        Recheck Cond: ((id >= 8571590) AND (id <= 8572589))
	        ->  Bitmap Index Scan on sbtest3_pkey  (cost=0.00..31.20 rows=1077 width=0)
	              Index Cond: ((id >= 8571590) AND (id <= 8572589))

table 4 : explain SELECT c FROM sbtest4 WHERE id BETWEEN 5866707 AND 5867706 ORDER BY c
	Sort  (cost=3839.27..3841.71 rows=978 width=121)
	  Sort Key: c
	  ->  Bitmap Heap Scan on sbtest4  (cost=30.46..3790.69 rows=978 width=121)
	        Recheck Cond: ((id >= 5866707) AND (id <= 5867706))
	        ->  Bitmap Index Scan on sbtest4_pkey  (cost=0.00..30.21 rows=978 width=0)
	              Index Cond: ((id >= 5866707) AND (id <= 5867706))

table 5 : explain SELECT c FROM sbtest5 WHERE id BETWEEN 5541027 AND 5542026 ORDER BY c
	Sort  (cost=4008.10..4010.65 rows=1022 width=121)
	  Sort Key: c
	  ->  Bitmap Heap Scan on sbtest5  (cost=30.91..3957.01 rows=1022 width=121)
	        Recheck Cond: ((id >= 5541027) AND (id <= 5542026))
	        ->  Bitmap Index Scan on sbtest5_pkey  (cost=0.00..30.65 rows=1022 width=0)
	              Index Cond: ((id >= 5541027) AND (id <= 5542026))

table 6 : explain SELECT c FROM sbtest6 WHERE id BETWEEN 9469195 AND 9470194 ORDER BY c
	Sort  (cost=4153.09..4155.73 rows=1059 width=121)
	  Sort Key: c
	  ->  Bitmap Heap Scan on sbtest6  (cost=35.29..4099.88 rows=1059 width=121)
	        Recheck Cond: ((id >= 9469195) AND (id <= 9470194))
	        ->  Bitmap Index Scan on sbtest6_pkey  (cost=0.00..35.03 rows=1059 width=0)
	              Index Cond: ((id >= 9469195) AND (id <= 9470194))

table 7 : explain SELECT c FROM sbtest7 WHERE id BETWEEN 9030981 AND 9031980 ORDER BY c
	Sort  (cost=3994.13..3996.67 rows=1019 width=121)
	  Sort Key: c
	  ->  Bitmap Heap Scan on sbtest7  (cost=30.88..3943.21 rows=1019 width=121)
	        Recheck Cond: ((id >= 9030981) AND (id <= 9031980))
	        ->  Bitmap Index Scan on sbtest7_pkey  (cost=0.00..30.62 rows=1019 width=0)
	              Index Cond: ((id >= 9030981) AND (id <= 9031980))

table 8 : explain SELECT c FROM sbtest8 WHERE id BETWEEN 9233574 AND 9234573 ORDER BY c
	Sort  (cost=3716.84..3719.20 rows=946 width=121)
	  Sort Key: c
	  ->  Bitmap Heap Scan on sbtest8  (cost=30.13..3670.08 rows=946 width=121)
	        Recheck Cond: ((id >= 9233574) AND (id <= 9234573))
	        ->  Bitmap Index Scan on sbtest8_pkey  (cost=0.00..29.89 rows=946 width=0)
	              Index Cond: ((id >= 9233574) AND (id <= 9234573))

explain: for point_selects :: explain SELECT c FROM sbtest%u WHERE id=%u
for: sum_ranges
table 1 : explain SELECT SUM(k) FROM sbtest1 WHERE id BETWEEN 6394918 AND 6395917
	Aggregate  (cost=3650.91..3650.92 rows=1 width=8)
	  ->  Bitmap Heap Scan on sbtest1  (cost=30.07..3648.56 rows=940 width=4)
	        Recheck Cond: ((id >= 6394918) AND (id <= 6395917))
	        ->  Bitmap Index Scan on sbtest1_pkey  (cost=0.00..29.83 rows=940 width=0)
	              Index Cond: ((id >= 6394918) AND (id <= 6395917))

table 2 : explain SELECT SUM(k) FROM sbtest2 WHERE id BETWEEN 5023500 AND 5024499
	Aggregate  (cost=3944.23..3944.24 rows=1 width=8)
	  ->  Bitmap Heap Scan on sbtest2  (cost=30.87..3941.68 rows=1018 width=4)
	        Recheck Cond: ((id >= 5023500) AND (id <= 5024499))
	        ->  Bitmap Index Scan on sbtest2_pkey  (cost=0.00..30.61 rows=1018 width=0)
	              Index Cond: ((id >= 5023500) AND (id <= 5024499))

table 3 : explain SELECT SUM(k) FROM sbtest3 WHERE id BETWEEN 3047107 AND 3048106
	Aggregate  (cost=3753.83..3753.84 rows=1 width=8)
	  ->  Bitmap Heap Scan on sbtest3  (cost=30.36..3751.41 rows=968 width=4)
	        Recheck Cond: ((id >= 3047107) AND (id <= 3048106))
	        ->  Bitmap Index Scan on sbtest3_pkey  (cost=0.00..30.11 rows=968 width=0)
	              Index Cond: ((id >= 3047107) AND (id <= 3048106))

table 4 : explain SELECT SUM(k) FROM sbtest4 WHERE id BETWEEN 1805554 AND 1806553
	Aggregate  (cost=4166.81..4166.82 rows=1 width=8)
	  ->  Bitmap Heap Scan on sbtest4  (cost=35.46..4164.12 rows=1076 width=4)
	        Recheck Cond: ((id >= 1805554) AND (id <= 1806553))
	        ->  Bitmap Index Scan on sbtest4_pkey  (cost=0.00..35.20 rows=1076 width=0)
	              Index Cond: ((id >= 1805554) AND (id <= 1806553))

table 5 : explain SELECT SUM(k) FROM sbtest5 WHERE id BETWEEN 7049236 AND 7050235
	Aggregate  (cost=3691.35..3691.36 rows=1 width=8)
	  ->  Bitmap Heap Scan on sbtest5  (cost=30.18..3688.97 rows=951 width=4)
	        Recheck Cond: ((id >= 7049236) AND (id <= 7050235))
	        ->  Bitmap Index Scan on sbtest5_pkey  (cost=0.00..29.94 rows=951 width=0)
	              Index Cond: ((id >= 7049236) AND (id <= 7050235))

table 6 : explain SELECT SUM(k) FROM sbtest6 WHERE id BETWEEN 6532551 AND 6533550
	Aggregate  (cost=3679.52..3679.53 rows=1 width=8)
	  ->  Bitmap Heap Scan on sbtest6  (cost=30.15..3677.15 rows=948 width=4)
	        Recheck Cond: ((id >= 6532551) AND (id <= 6533550))
	        ->  Bitmap Index Scan on sbtest6_pkey  (cost=0.00..29.91 rows=948 width=0)
	              Index Cond: ((id >= 6532551) AND (id <= 6533550))

table 7 : explain SELECT SUM(k) FROM sbtest7 WHERE id BETWEEN 6059241 AND 6060240
	Aggregate  (cost=3775.98..3775.99 rows=1 width=8)
	  ->  Bitmap Heap Scan on sbtest7  (cost=30.42..3773.55 rows=974 width=4)
	        Recheck Cond: ((id >= 6059241) AND (id <= 6060240))
	        ->  Bitmap Index Scan on sbtest7_pkey  (cost=0.00..30.18 rows=974 width=0)
	              Index Cond: ((id >= 6059241) AND (id <= 6060240))

table 8 : explain SELECT SUM(k) FROM sbtest8 WHERE id BETWEEN 524696 AND 525695
	Aggregate  (cost=3676.22..3676.23 rows=1 width=8)
	  ->  Bitmap Heap Scan on sbtest8  (cost=30.14..3673.86 rows=947 width=4)
	        Recheck Cond: ((id >= 524696) AND (id <= 525695))
	        ->  Bitmap Index Scan on sbtest8_pkey  (cost=0.00..29.90 rows=947 width=0)
	              Index Cond: ((id >= 524696) AND (id <= 525695))

for: sum_ranges
table 1 : explain SELECT SUM(k) FROM sbtest1 WHERE id BETWEEN 8036997 AND 8037996
	Aggregate  (cost=3896.70..3896.71 rows=1 width=8)
	  ->  Bitmap Heap Scan on sbtest1  (cost=30.74..3894.19 rows=1005 width=4)
	        Recheck Cond: ((id >= 8036997) AND (id <= 8037996))
	        ->  Bitmap Index Scan on sbtest1_pkey  (cost=0.00..30.48 rows=1005 width=0)
	              Index Cond: ((id >= 8036997) AND (id <= 8037996))

table 2 : explain SELECT SUM(k) FROM sbtest2 WHERE id BETWEEN 5889156 AND 5890155
	Aggregate  (cost=4204.53..4204.54 rows=1 width=8)
	  ->  Bitmap Heap Scan on sbtest2  (cost=35.57..4201.82 rows=1086 width=4)
	        Recheck Cond: ((id >= 5889156) AND (id <= 5890155))
	        ->  Bitmap Index Scan on sbtest2_pkey  (cost=0.00..35.30 rows=1086 width=0)
	              Index Cond: ((id >= 5889156) AND (id <= 5890155))

table 3 : explain SELECT SUM(k) FROM sbtest3 WHERE id BETWEEN 184018 AND 185017
	Aggregate  (cost=4078.20..4078.21 rows=1 width=8)
	  ->  Bitmap Heap Scan on sbtest3  (cost=31.24..4075.56 rows=1054 width=4)
	        Recheck Cond: ((id >= 184018) AND (id <= 185017))
	        ->  Bitmap Index Scan on sbtest3_pkey  (cost=0.00..30.97 rows=1054 width=0)
	              Index Cond: ((id >= 184018) AND (id <= 185017))

table 4 : explain SELECT SUM(k) FROM sbtest4 WHERE id BETWEEN 751822 AND 752821
	Aggregate  (cost=4030.92..4030.93 rows=1 width=8)
	  ->  Bitmap Heap Scan on sbtest4  (cost=31.11..4028.32 rows=1041 width=4)
	        Recheck Cond: ((id >= 751822) AND (id <= 752821))
	        ->  Bitmap Index Scan on sbtest4_pkey  (cost=0.00..30.84 rows=1041 width=0)
	              Index Cond: ((id >= 751822) AND (id <= 752821))

table 5 : explain SELECT SUM(k) FROM sbtest5 WHERE id BETWEEN 8022498 AND 8023497
	Aggregate  (cost=3876.53..3876.54 rows=1 width=8)
	  ->  Bitmap Heap Scan on sbtest5  (cost=30.68..3874.03 rows=1000 width=4)
	        Recheck Cond: ((id >= 8022498) AND (id <= 8023497))
	        ->  Bitmap Index Scan on sbtest5_pkey  (cost=0.00..30.43 rows=1000 width=0)
	              Index Cond: ((id >= 8022498) AND (id <= 8023497))

table 6 : explain SELECT SUM(k) FROM sbtest6 WHERE id BETWEEN 9170684 AND 9171683
	Aggregate  (cost=4041.99..4042.00 rows=1 width=8)
	  ->  Bitmap Heap Scan on sbtest6  (cost=31.14..4039.38 rows=1044 width=4)
	        Recheck Cond: ((id >= 9170684) AND (id <= 9171683))
	        ->  Bitmap Index Scan on sbtest6_pkey  (cost=0.00..30.87 rows=1044 width=0)
	              Index Cond: ((id >= 9170684) AND (id <= 9171683))

table 7 : explain SELECT SUM(k) FROM sbtest7 WHERE id BETWEEN 7148867 AND 7149866
	Aggregate  (cost=4145.63..4145.64 rows=1 width=8)
	  ->  Bitmap Heap Scan on sbtest7  (cost=35.41..4142.95 rows=1071 width=4)
	        Recheck Cond: ((id >= 7148867) AND (id <= 7149866))
	        ->  Bitmap Index Scan on sbtest7_pkey  (cost=0.00..35.15 rows=1071 width=0)
	              Index Cond: ((id >= 7148867) AND (id <= 7149866))

table 8 : explain SELECT SUM(k) FROM sbtest8 WHERE id BETWEEN 8736567 AND 8737566
	Aggregate  (cost=4152.08..4152.09 rows=1 width=8)
	  ->  Bitmap Heap Scan on sbtest8  (cost=35.42..4149.40 rows=1072 width=4)
	        Recheck Cond: ((id >= 8736567) AND (id <= 8737566))
	        ->  Bitmap Index Scan on sbtest8_pkey  (cost=0.00..35.16 rows=1072 width=0)
	              Index Cond: ((id >= 8736567) AND (id <= 8737566))

for: distinct_ranges
table 1 : explain SELECT DISTINCT c FROM sbtest1 WHERE id BETWEEN 8940748 AND 8941747 ORDER BY c
	Unique  (cost=3679.62..3684.30 rows=936 width=121)
	  ->  Sort  (cost=3679.62..3681.96 rows=936 width=121)
	        Sort Key: c
	        ->  Bitmap Heap Scan on sbtest1  (cost=30.03..3633.42 rows=936 width=121)
	              Recheck Cond: ((id >= 8940748) AND (id <= 8941747))
	              ->  Bitmap Index Scan on sbtest1_pkey  (cost=0.00..29.79 rows=936 width=0)
	                    Index Cond: ((id >= 8940748) AND (id <= 8941747))

table 2 : explain SELECT DISTINCT c FROM sbtest2 WHERE id BETWEEN 3237685 AND 3238684 ORDER BY c
	Unique  (cost=3885.31..3890.26 rows=990 width=121)
	  ->  Sort  (cost=3885.31..3887.78 rows=990 width=121)
	        Sort Key: c
	        ->  Bitmap Heap Scan on sbtest2  (cost=30.58..3836.05 rows=990 width=121)
	              Recheck Cond: ((id >= 3237685) AND (id <= 3238684))
	              ->  Bitmap Index Scan on sbtest2_pkey  (cost=0.00..30.33 rows=990 width=0)
	                    Index Cond: ((id >= 3237685) AND (id <= 3238684))

table 3 : explain SELECT DISTINCT c FROM sbtest3 WHERE id BETWEEN 4568476 AND 4569475 ORDER BY c
	Unique  (cost=4151.41..4156.71 rows=1060 width=121)
	  ->  Sort  (cost=4151.41..4154.06 rows=1060 width=121)
	        Sort Key: c
	        ->  Bitmap Heap Scan on sbtest3  (cost=31.30..4098.15 rows=1060 width=121)
	              Recheck Cond: ((id >= 4568476) AND (id <= 4569475))
	              ->  Bitmap Index Scan on sbtest3_pkey  (cost=0.00..31.04 rows=1060 width=0)
	                    Index Cond: ((id >= 4568476) AND (id <= 4569475))

table 4 : explain SELECT DISTINCT c FROM sbtest4 WHERE id BETWEEN 2557582 AND 2558581 ORDER BY c
	Unique  (cost=4222.13..4227.51 rows=1077 width=121)
	  ->  Sort  (cost=4222.13..4224.82 rows=1077 width=121)
	        Sort Key: c
	        ->  Bitmap Heap Scan on sbtest4  (cost=35.47..4167.88 rows=1077 width=121)
	              Recheck Cond: ((id >= 2557582) AND (id <= 2558581))
	              ->  Bitmap Index Scan on sbtest4_pkey  (cost=0.00..35.20 rows=1077 width=0)
	                    Index Cond: ((id >= 2557582) AND (id <= 2558581))

table 5 : explain SELECT DISTINCT c FROM sbtest5 WHERE id BETWEEN 1939302 AND 1940301 ORDER BY c
	Unique  (cost=3782.04..3786.86 rows=963 width=121)
	  ->  Sort  (cost=3782.04..3784.45 rows=963 width=121)
	        Sort Key: c
	        ->  Bitmap Heap Scan on sbtest5  (cost=30.31..3734.32 rows=963 width=121)
	              Recheck Cond: ((id >= 1939302) AND (id <= 1940301))
	              ->  Bitmap Index Scan on sbtest5_pkey  (cost=0.00..30.07 rows=963 width=0)
	                    Index Cond: ((id >= 1939302) AND (id <= 1940301))

table 6 : explain SELECT DISTINCT c FROM sbtest6 WHERE id BETWEEN 7279041 AND 7280040 ORDER BY c
	Unique  (cost=4015.22..4020.34 rows=1024 width=121)
	  ->  Sort  (cost=4015.22..4017.78 rows=1024 width=121)
	        Sort Key: c
	        ->  Bitmap Heap Scan on sbtest6  (cost=30.93..3964.02 rows=1024 width=121)
	              Recheck Cond: ((id >= 7279041) AND (id <= 7280040))
	              ->  Bitmap Index Scan on sbtest6_pkey  (cost=0.00..30.68 rows=1024 width=0)
	                    Index Cond: ((id >= 7279041) AND (id <= 7280040))

table 7 : explain SELECT DISTINCT c FROM sbtest7 WHERE id BETWEEN 3796263 AND 3797262 ORDER BY c
	Unique  (cost=4185.39..4190.73 rows=1068 width=121)
	  ->  Sort  (cost=4185.39..4188.06 rows=1068 width=121)
	        Sort Key: c
	        ->  Bitmap Heap Scan on sbtest7  (cost=35.38..4131.67 rows=1068 width=121)
	              Recheck Cond: ((id >= 3796263) AND (id <= 3797262))
	              ->  Bitmap Index Scan on sbtest7_pkey  (cost=0.00..35.12 rows=1068 width=0)
	                    Index Cond: ((id >= 3796263) AND (id <= 3797262))

table 8 : explain SELECT DISTINCT c FROM sbtest8 WHERE id BETWEEN 7765113 AND 7766112 ORDER BY c
	Unique  (cost=3985.13..3990.21 rows=1016 width=121)
	  ->  Sort  (cost=3985.13..3987.67 rows=1016 width=121)
	        Sort Key: c
	        ->  Bitmap Heap Scan on sbtest8  (cost=30.85..3934.39 rows=1016 width=121)
	              Recheck Cond: ((id >= 7765113) AND (id <= 7766112))
	              ->  Bitmap Index Scan on sbtest8_pkey  (cost=0.00..30.59 rows=1016 width=0)
	                    Index Cond: ((id >= 7765113) AND (id <= 7766112))

for point_selects
table 1 : explain SELECT c FROM sbtest1 WHERE id=4937554
	Index Scan using sbtest1_pkey on sbtest1  (cost=0.43..8.45 rows=1 width=121)
	  Index Cond: (id = 4937554)

table 2 : explain SELECT c FROM sbtest2 WHERE id=44783
	Index Scan using sbtest2_pkey on sbtest2  (cost=0.43..8.45 rows=1 width=121)
	  Index Cond: (id = 44783)

table 3 : explain SELECT c FROM sbtest3 WHERE id=167709
	Index Scan using sbtest3_pkey on sbtest3  (cost=0.43..8.45 rows=1 width=121)
	  Index Cond: (id = 167709)

table 4 : explain SELECT c FROM sbtest4 WHERE id=2522435
	Index Scan using sbtest4_pkey on sbtest4  (cost=0.43..8.45 rows=1 width=121)
	  Index Cond: (id = 2522435)

table 5 : explain SELECT c FROM sbtest5 WHERE id=143270
	Index Scan using sbtest5_pkey on sbtest5  (cost=0.43..8.45 rows=1 width=121)
	  Index Cond: (id = 143270)

table 6 : explain SELECT c FROM sbtest6 WHERE id=1301188
	Index Scan using sbtest6_pkey on sbtest6  (cost=0.43..8.45 rows=1 width=121)
	  Index Cond: (id = 1301188)

table 7 : explain SELECT c FROM sbtest7 WHERE id=1363129
	Index Scan using sbtest7_pkey on sbtest7  (cost=0.43..8.45 rows=1 width=121)
	  Index Cond: (id = 1363129)

table 8 : explain SELECT c FROM sbtest8 WHERE id=6014159
	Index Scan using sbtest8_pkey on sbtest8  (cost=0.43..8.45 rows=1 width=121)
	  Index Cond: (id = 6014159)

for: order_ranges
table 1 : explain SELECT c FROM sbtest1 WHERE id BETWEEN 9954801 AND 9955800 ORDER BY c
	Sort  (cost=4131.92..4134.56 rows=1054 width=121)
	  Sort Key: c
	  ->  Bitmap Heap Scan on sbtest1  (cost=31.24..4079.00 rows=1054 width=121)
	        Recheck Cond: ((id >= 9954801) AND (id <= 9955800))
	        ->  Bitmap Index Scan on sbtest1_pkey  (cost=0.00..30.97 rows=1054 width=0)
	              Index Cond: ((id >= 9954801) AND (id <= 9955800))

table 2 : explain SELECT c FROM sbtest2 WHERE id BETWEEN 1596787 AND 1597786 ORDER BY c
	Sort  (cost=3563.04..3565.31 rows=906 width=121)
	  Sort Key: c
	  ->  Bitmap Heap Scan on sbtest2  (cost=29.72..3518.54 rows=906 width=121)
	        Recheck Cond: ((id >= 1596787) AND (id <= 1597786))
	        ->  Bitmap Index Scan on sbtest2_pkey  (cost=0.00..29.50 rows=906 width=0)
	              Index Cond: ((id >= 1596787) AND (id <= 1597786))

table 3 : explain SELECT c FROM sbtest3 WHERE id BETWEEN 6693067 AND 6694066 ORDER BY c
	Sort  (cost=4281.43..4284.16 rows=1093 width=121)
	  Sort Key: c
	  ->  Bitmap Heap Scan on sbtest3  (cost=35.64..4226.26 rows=1093 width=121)
	        Recheck Cond: ((id >= 6693067) AND (id <= 6694066))
	        ->  Bitmap Index Scan on sbtest3_pkey  (cost=0.00..35.37 rows=1093 width=0)
	              Index Cond: ((id >= 6693067) AND (id <= 6694066))

table 4 : explain SELECT c FROM sbtest4 WHERE id BETWEEN 9397175 AND 9398174 ORDER BY c
	Sort  (cost=3739.57..3741.95 rows=952 width=121)
	  Sort Key: c
	  ->  Bitmap Heap Scan on sbtest4  (cost=30.19..3692.47 rows=952 width=121)
	        Recheck Cond: ((id >= 9397175) AND (id <= 9398174))
	        ->  Bitmap Index Scan on sbtest4_pkey  (cost=0.00..29.95 rows=952 width=0)
	              Index Cond: ((id >= 9397175) AND (id <= 9398174))

table 5 : explain SELECT c FROM sbtest5 WHERE id BETWEEN 2833535 AND 2834534 ORDER BY c
	Sort  (cost=3601.66..3603.95 rows=916 width=121)
	  Sort Key: c
	  ->  Bitmap Heap Scan on sbtest5  (cost=29.82..3556.60 rows=916 width=121)
	        Recheck Cond: ((id >= 2833535) AND (id <= 2834534))
	        ->  Bitmap Index Scan on sbtest5_pkey  (cost=0.00..29.59 rows=916 width=0)
	              Index Cond: ((id >= 2833535) AND (id <= 2834534))

table 6 : explain SELECT c FROM sbtest6 WHERE id BETWEEN 1008387 AND 1009386 ORDER BY c
	Sort  (cost=3796.89..3799.30 rows=967 width=121)
	  Sort Key: c
	  ->  Bitmap Heap Scan on sbtest6  (cost=30.35..3748.94 rows=967 width=121)
	        Recheck Cond: ((id >= 1008387) AND (id <= 1009386))
	        ->  Bitmap Index Scan on sbtest6_pkey  (cost=0.00..30.11 rows=967 width=0)
	              Index Cond: ((id >= 1008387) AND (id <= 1009386))

table 7 : explain SELECT c FROM sbtest7 WHERE id BETWEEN 311329 AND 312328 ORDER BY c
	Sort  (cost=3630.24..3632.55 rows=924 width=121)
	  Sort Key: c
	  ->  Bitmap Heap Scan on sbtest7  (cost=29.91..3584.72 rows=924 width=121)
	        Recheck Cond: ((id >= 311329) AND (id <= 312328))
	        ->  Bitmap Index Scan on sbtest7_pkey  (cost=0.00..29.68 rows=924 width=0)
	              Index Cond: ((id >= 311329) AND (id <= 312328))

table 8 : explain SELECT c FROM sbtest8 WHERE id BETWEEN 6388197 AND 6389196 ORDER BY c
	Sort  (cost=3709.16..3711.52 rows=944 width=121)
	  Sort Key: c
	  ->  Bitmap Heap Scan on sbtest8  (cost=30.11..3662.52 rows=944 width=121)
	        Recheck Cond: ((id >= 6388197) AND (id <= 6389196))
	        ->  Bitmap Index Scan on sbtest8_pkey  (cost=0.00..29.87 rows=944 width=0)
	              Index Cond: ((id >= 6388197) AND (id <= 6389196))

for point_selects
table 1 : explain SELECT c FROM sbtest1 WHERE id=1281663
	Index Scan using sbtest1_pkey on sbtest1  (cost=0.43..8.45 rows=1 width=121)
	  Index Cond: (id = 1281663)

table 2 : explain SELECT c FROM sbtest2 WHERE id=5895669
	Index Scan using sbtest2_pkey on sbtest2  (cost=0.43..8.45 rows=1 width=121)
	  Index Cond: (id = 5895669)

table 3 : explain SELECT c FROM sbtest3 WHERE id=5061461
	Index Scan using sbtest3_pkey on sbtest3  (cost=0.43..8.45 rows=1 width=121)
	  Index Cond: (id = 5061461)

table 4 : explain SELECT c FROM sbtest4 WHERE id=5758205
	Index Scan using sbtest4_pkey on sbtest4  (cost=0.43..8.45 rows=1 width=121)
	  Index Cond: (id = 5758205)

table 5 : explain SELECT c FROM sbtest5 WHERE id=8456484
	Index Scan using sbtest5_pkey on sbtest5  (cost=0.43..8.45 rows=1 width=121)
	  Index Cond: (id = 8456484)

table 6 : explain SELECT c FROM sbtest6 WHERE id=8435564
	Index Scan using sbtest6_pkey on sbtest6  (cost=0.43..8.45 rows=1 width=121)
	  Index Cond: (id = 8435564)

table 7 : explain SELECT c FROM sbtest7 WHERE id=2387216
	Index Scan using sbtest7_pkey on sbtest7  (cost=0.43..8.45 rows=1 width=121)
	  Index Cond: (id = 2387216)

table 8 : explain SELECT c FROM sbtest8 WHERE id=4847200
	Index Scan using sbtest8_pkey on sbtest8  (cost=0.43..8.45 rows=1 width=121)
	  Index Cond: (id = 4847200)

for point_selects
table 1 : explain SELECT c FROM sbtest1 WHERE id=9549276
	Index Scan using sbtest1_pkey on sbtest1  (cost=0.43..8.45 rows=1 width=121)
	  Index Cond: (id = 9549276)

table 2 : explain SELECT c FROM sbtest2 WHERE id=2448314
	Index Scan using sbtest2_pkey on sbtest2  (cost=0.43..8.45 rows=1 width=121)
	  Index Cond: (id = 2448314)

table 3 : explain SELECT c FROM sbtest3 WHERE id=6009605
	Index Scan using sbtest3_pkey on sbtest3  (cost=0.43..8.45 rows=1 width=121)
	  Index Cond: (id = 6009605)

table 4 : explain SELECT c FROM sbtest4 WHERE id=2662695
	Index Scan using sbtest4_pkey on sbtest4  (cost=0.43..8.45 rows=1 width=121)
	  Index Cond: (id = 2662695)

table 5 : explain SELECT c FROM sbtest5 WHERE id=4201808
	Index Scan using sbtest5_pkey on sbtest5  (cost=0.43..8.45 rows=1 width=121)
	  Index Cond: (id = 4201808)

table 6 : explain SELECT c FROM sbtest6 WHERE id=5644071
	Index Scan using sbtest6_pkey on sbtest6  (cost=0.43..8.45 rows=1 width=121)
	  Index Cond: (id = 5644071)

table 7 : explain SELECT c FROM sbtest7 WHERE id=2993504
	Index Scan using sbtest7_pkey on sbtest7  (cost=0.43..8.45 rows=1 width=121)
	  Index Cond: (id = 2993504)

table 8 : explain SELECT c FROM sbtest8 WHERE id=4794214
	Index Scan using sbtest8_pkey on sbtest8  (cost=0.43..8.45 rows=1 width=121)
	  Index Cond: (id = 4794214)

for: simple_ranges
table 1 : explain SELECT c FROM sbtest1 WHERE id BETWEEN 2583453 AND 2584452
	Bitmap Heap Scan on sbtest1  (cost=30.93..3965.89 rows=1024 width=121)
	  Recheck Cond: ((id >= 2583453) AND (id <= 2584452))
	  ->  Bitmap Index Scan on sbtest1_pkey  (cost=0.00..30.68 rows=1024 width=0)
	        Index Cond: ((id >= 2583453) AND (id <= 2584452))

table 2 : explain SELECT c FROM sbtest2 WHERE id BETWEEN 1771501 AND 1772500
	Bitmap Heap Scan on sbtest2  (cost=35.69..4246.96 rows=1098 width=121)
	  Recheck Cond: ((id >= 1771501) AND (id <= 1772500))
	  ->  Bitmap Index Scan on sbtest2_pkey  (cost=0.00..35.42 rows=1098 width=0)
	        Index Cond: ((id >= 1771501) AND (id <= 1772500))

table 3 : explain SELECT c FROM sbtest3 WHERE id BETWEEN 7220444 AND 7221443
	Bitmap Heap Scan on sbtest3  (cost=31.19..4056.74 rows=1049 width=121)
	  Recheck Cond: ((id >= 7220444) AND (id <= 7221443))
	  ->  Bitmap Index Scan on sbtest3_pkey  (cost=0.00..30.93 rows=1049 width=0)
	        Index Cond: ((id >= 7220444) AND (id <= 7221443))

table 4 : explain SELECT c FROM sbtest4 WHERE id BETWEEN 5126110 AND 5127109
	Bitmap Heap Scan on sbtest4  (cost=31.33..4111.18 rows=1063 width=121)
	  Recheck Cond: ((id >= 5126110) AND (id <= 5127109))
	  ->  Bitmap Index Scan on sbtest4_pkey  (cost=0.00..31.07 rows=1063 width=0)
	        Index Cond: ((id >= 5126110) AND (id <= 5127109))

table 5 : explain SELECT c FROM sbtest5 WHERE id BETWEEN 2524872 AND 2525871
	Bitmap Heap Scan on sbtest5  (cost=30.66..3866.48 rows=998 width=121)
	  Recheck Cond: ((id >= 2524872) AND (id <= 2525871))
	  ->  Bitmap Index Scan on sbtest5_pkey  (cost=0.00..30.41 rows=998 width=0)
	        Index Cond: ((id >= 2524872) AND (id <= 2525871))

table 6 : explain SELECT c FROM sbtest6 WHERE id BETWEEN 9546603 AND 9547602
	Bitmap Heap Scan on sbtest6  (cost=35.27..4092.35 rows=1057 width=121)
	  Recheck Cond: ((id >= 9546603) AND (id <= 9547602))
	  ->  Bitmap Index Scan on sbtest6_pkey  (cost=0.00..35.01 rows=1057 width=0)
	        Index Cond: ((id >= 9546603) AND (id <= 9547602))

table 7 : explain SELECT c FROM sbtest7 WHERE id BETWEEN 9390317 AND 9391316
	Bitmap Heap Scan on sbtest7  (cost=35.17..4052.65 rows=1047 width=121)
	  Recheck Cond: ((id >= 9390317) AND (id <= 9391316))
	  ->  Bitmap Index Scan on sbtest7_pkey  (cost=0.00..34.91 rows=1047 width=0)
	        Index Cond: ((id >= 9390317) AND (id <= 9391316))

table 8 : explain SELECT c FROM sbtest8 WHERE id BETWEEN 5835195 AND 5836194
	Bitmap Heap Scan on sbtest8  (cost=30.92..3960.79 rows=1023 width=121)
	  Recheck Cond: ((id >= 5835195) AND (id <= 5836194))
	  ->  Bitmap Index Scan on sbtest8_pkey  (cost=0.00..30.66 rows=1023 width=0)
	        Index Cond: ((id >= 5835195) AND (id <= 5836194))

explain: for point_selects :: explain SELECT c FROM sbtest%u WHERE id=%u
for: order_ranges
table 1 : explain SELECT c FROM sbtest1 WHERE id BETWEEN 6602965 AND 6603964 ORDER BY c
	Sort  (cost=3491.30..3493.52 rows=887 width=121)
	  Sort Key: c
	  ->  Bitmap Heap Scan on sbtest1  (cost=29.53..3447.87 rows=887 width=121)
	        Recheck Cond: ((id >= 6602965) AND (id <= 6603964))
	        ->  Bitmap Index Scan on sbtest1_pkey  (cost=0.00..29.30 rows=887 width=0)
	              Index Cond: ((id >= 6602965) AND (id <= 6603964))

table 2 : explain SELECT c FROM sbtest2 WHERE id BETWEEN 6822442 AND 6823441 ORDER BY c
	Sort  (cost=4072.90..4075.50 rows=1039 width=121)
	  Sort Key: c
	  ->  Bitmap Heap Scan on sbtest2  (cost=31.08..4020.84 rows=1039 width=121)
	        Recheck Cond: ((id >= 6822442) AND (id <= 6823441))
	        ->  Bitmap Index Scan on sbtest2_pkey  (cost=0.00..30.82 rows=1039 width=0)
	              Index Cond: ((id >= 6822442) AND (id <= 6823441))

table 3 : explain SELECT c FROM sbtest3 WHERE id BETWEEN 2146398 AND 2147397 ORDER BY c
	Sort  (cost=4009.97..4012.52 rows=1023 width=121)
	  Sort Key: c
	  ->  Bitmap Heap Scan on sbtest3  (cost=30.92..3958.82 rows=1023 width=121)
	        Recheck Cond: ((id >= 2146398) AND (id <= 2147397))
	        ->  Bitmap Index Scan on sbtest3_pkey  (cost=0.00..30.66 rows=1023 width=0)
	              Index Cond: ((id >= 2146398) AND (id <= 2147397))

table 4 : explain SELECT c FROM sbtest4 WHERE id BETWEEN 7227783 AND 7228782 ORDER BY c
	Sort  (cost=3800.93..3803.35 rows=968 width=121)
	  Sort Key: c
	  ->  Bitmap Heap Scan on sbtest4  (cost=30.36..3752.92 rows=968 width=121)
	        Recheck Cond: ((id >= 7227783) AND (id <= 7228782))
	        ->  Bitmap Index Scan on sbtest4_pkey  (cost=0.00..30.11 rows=968 width=0)
	              Index Cond: ((id >= 7227783) AND (id <= 7228782))

table 5 : explain SELECT c FROM sbtest5 WHERE id BETWEEN 7372197 AND 7373196 ORDER BY c
	Sort  (cost=4119.06..4121.69 rows=1051 width=121)
	  Sort Key: c
	  ->  Bitmap Heap Scan on sbtest5  (cost=31.21..4066.31 rows=1051 width=121)
	        Recheck Cond: ((id >= 7372197) AND (id <= 7373196))
	        ->  Bitmap Index Scan on sbtest5_pkey  (cost=0.00..30.94 rows=1051 width=0)
	              Index Cond: ((id >= 7372197) AND (id <= 7373196))

table 6 : explain SELECT c FROM sbtest6 WHERE id BETWEEN 3743088 AND 3744087 ORDER BY c
	Sort  (cost=3980.77..3983.31 rows=1015 width=121)
	  Sort Key: c
	  ->  Bitmap Heap Scan on sbtest6  (cost=30.84..3930.08 rows=1015 width=121)
	        Recheck Cond: ((id >= 3743088) AND (id <= 3744087))
	        ->  Bitmap Index Scan on sbtest6_pkey  (cost=0.00..30.58 rows=1015 width=0)
	              Index Cond: ((id >= 3743088) AND (id <= 3744087))

table 7 : explain SELECT c FROM sbtest7 WHERE id BETWEEN 9023160 AND 9024159 ORDER BY c
	Sort  (cost=3994.13..3996.67 rows=1019 width=121)
	  Sort Key: c
	  ->  Bitmap Heap Scan on sbtest7  (cost=30.88..3943.21 rows=1019 width=121)
	        Recheck Cond: ((id >= 9023160) AND (id <= 9024159))
	        ->  Bitmap Index Scan on sbtest7_pkey  (cost=0.00..30.62 rows=1019 width=0)
	              Index Cond: ((id >= 9023160) AND (id <= 9024159))

table 8 : explain SELECT c FROM sbtest8 WHERE id BETWEEN 6228847 AND 6229846 ORDER BY c
	Sort  (cost=3835.73..3838.17 rows=977 width=121)
	  Sort Key: c
	  ->  Bitmap Heap Scan on sbtest8  (cost=30.45..3787.21 rows=977 width=121)
	        Recheck Cond: ((id >= 6228847) AND (id <= 6229846))
	        ->  Bitmap Index Scan on sbtest8_pkey  (cost=0.00..30.20 rows=977 width=0)
	              Index Cond: ((id >= 6228847) AND (id <= 6229846))

for: distinct_ranges
table 1 : explain SELECT DISTINCT c FROM sbtest1 WHERE id BETWEEN 5703940 AND 5704939 ORDER BY c
	Unique  (cost=3798.60..3803.44 rows=967 width=121)
	  ->  Sort  (cost=3798.60..3801.02 rows=967 width=121)
	        Sort Key: c
	        ->  Bitmap Heap Scan on sbtest1  (cost=30.35..3750.65 rows=967 width=121)
	              Recheck Cond: ((id >= 5703940) AND (id <= 5704939))
	              ->  Bitmap Index Scan on sbtest1_pkey  (cost=0.00..30.11 rows=967 width=0)
	                    Index Cond: ((id >= 5703940) AND (id <= 5704939))

table 2 : explain SELECT DISTINCT c FROM sbtest2 WHERE id BETWEEN 4391357 AND 4392356 ORDER BY c
	Unique  (cost=3420.82..3425.16 rows=869 width=121)
	  ->  Sort  (cost=3420.82..3422.99 rows=869 width=121)
	        Sort Key: c
	        ->  Bitmap Heap Scan on sbtest2  (cost=29.34..3378.40 rows=869 width=121)
	              Recheck Cond: ((id >= 4391357) AND (id <= 4392356))
	              ->  Bitmap Index Scan on sbtest2_pkey  (cost=0.00..29.12 rows=869 width=0)
	                    Index Cond: ((id >= 4391357) AND (id <= 4392356))

table 3 : explain SELECT DISTINCT c FROM sbtest3 WHERE id BETWEEN 339938 AND 340937 ORDER BY c
	Unique  (cost=3565.46..3569.99 rows=907 width=121)
	  ->  Sort  (cost=3565.46..3567.72 rows=907 width=121)
	        Sort Key: c
	        ->  Bitmap Heap Scan on sbtest3  (cost=29.73..3520.90 rows=907 width=121)
	              Recheck Cond: ((id >= 339938) AND (id <= 340937))
	              ->  Bitmap Index Scan on sbtest3_pkey  (cost=0.00..29.50 rows=907 width=0)
	                    Index Cond: ((id >= 339938) AND (id <= 340937))

table 4 : explain SELECT DISTINCT c FROM sbtest4 WHERE id BETWEEN 2942176 AND 2943175 ORDER BY c
	Unique  (cost=3839.27..3844.16 rows=978 width=121)
	  ->  Sort  (cost=3839.27..3841.71 rows=978 width=121)
	        Sort Key: c
	        ->  Bitmap Heap Scan on sbtest4  (cost=30.46..3790.69 rows=978 width=121)
	              Recheck Cond: ((id >= 2942176) AND (id <= 2943175))
	              ->  Bitmap Index Scan on sbtest4_pkey  (cost=0.00..30.21 rows=978 width=0)
	                    Index Cond: ((id >= 2942176) AND (id <= 2943175))

table 5 : explain SELECT DISTINCT c FROM sbtest5 WHERE id BETWEEN 775130 AND 776129 ORDER BY c
	Unique  (cost=4180.42..4185.75 rows=1066 width=121)
	  ->  Sort  (cost=4180.42..4183.08 rows=1066 width=121)
	        Sort Key: c
	        ->  Bitmap Heap Scan on sbtest5  (cost=35.36..4126.81 rows=1066 width=121)
	              Recheck Cond: ((id >= 775130) AND (id <= 776129))
	              ->  Bitmap Index Scan on sbtest5_pkey  (cost=0.00..35.09 rows=1066 width=0)
	                    Index Cond: ((id >= 775130) AND (id <= 776129))

table 6 : explain SELECT DISTINCT c FROM sbtest6 WHERE id BETWEEN 9785932 AND 9786931 ORDER BY c
	Unique  (cost=3735.53..3740.29 rows=951 width=121)
	  ->  Sort  (cost=3735.53..3737.91 rows=951 width=121)
	        Sort Key: c
	        ->  Bitmap Heap Scan on sbtest6  (cost=30.18..3688.49 rows=951 width=121)
	              Recheck Cond: ((id >= 9785932) AND (id <= 9786931))
	              ->  Bitmap Index Scan on sbtest6_pkey  (cost=0.00..29.94 rows=951 width=0)
	                    Index Cond: ((id >= 9785932) AND (id <= 9786931))

table 7 : explain SELECT DISTINCT c FROM sbtest7 WHERE id BETWEEN 3362237 AND 3363236 ORDER BY c
	Unique  (cost=3810.40..3815.26 rows=971 width=121)
	  ->  Sort  (cost=3810.40..3812.83 rows=971 width=121)
	        Sort Key: c
	        ->  Bitmap Heap Scan on sbtest7  (cost=30.39..3762.23 rows=971 width=121)
	              Recheck Cond: ((id >= 3362237) AND (id <= 3363236))
	              ->  Bitmap Index Scan on sbtest7_pkey  (cost=0.00..30.14 rows=971 width=0)
	                    Index Cond: ((id >= 3362237) AND (id <= 3363236))

table 8 : explain SELECT DISTINCT c FROM sbtest8 WHERE id BETWEEN 4769249 AND 4770248 ORDER BY c
	Unique  (cost=3885.55..3890.50 rows=990 width=121)
	  ->  Sort  (cost=3885.55..3888.02 rows=990 width=121)
	        Sort Key: c
	        ->  Bitmap Heap Scan on sbtest8  (cost=30.58..3836.29 rows=990 width=121)
	              Recheck Cond: ((id >= 4769249) AND (id <= 4770248))
	              ->  Bitmap Index Scan on sbtest8_pkey  (cost=0.00..30.33 rows=990 width=0)
	                    Index Cond: ((id >= 4769249) AND (id <= 4770248))

for: simple_ranges
table 1 : explain SELECT c FROM sbtest1 WHERE id BETWEEN 7921549 AND 7922548
	Bitmap Heap Scan on sbtest1  (cost=31.18..4056.39 rows=1048 width=121)
	  Recheck Cond: ((id >= 7921549) AND (id <= 7922548))
	  ->  Bitmap Index Scan on sbtest1_pkey  (cost=0.00..30.91 rows=1048 width=0)
	        Index Cond: ((id >= 7921549) AND (id <= 7922548))

table 2 : explain SELECT c FROM sbtest2 WHERE id BETWEEN 109486 AND 110485
	Bitmap Heap Scan on sbtest2  (cost=30.44..3783.19 rows=976 width=121)
	  Recheck Cond: ((id >= 109486) AND (id <= 110485))
	  ->  Bitmap Index Scan on sbtest2_pkey  (cost=0.00..30.19 rows=976 width=0)
	        Index Cond: ((id >= 109486) AND (id <= 110485))

table 3 : explain SELECT c FROM sbtest3 WHERE id BETWEEN 9219198 AND 9220197
	Bitmap Heap Scan on sbtest3  (cost=30.26..3717.43 rows=959 width=121)
	  Recheck Cond: ((id >= 9219198) AND (id <= 9220197))
	  ->  Bitmap Index Scan on sbtest3_pkey  (cost=0.00..30.02 rows=959 width=0)
	        Index Cond: ((id >= 9219198) AND (id <= 9220197))

table 4 : explain SELECT c FROM sbtest4 WHERE id BETWEEN 9296735 AND 9297734
	Bitmap Heap Scan on sbtest4  (cost=31.24..4077.29 rows=1054 width=121)
	  Recheck Cond: ((id >= 9296735) AND (id <= 9297734))
	  ->  Bitmap Index Scan on sbtest4_pkey  (cost=0.00..30.97 rows=1054 width=0)
	        Index Cond: ((id >= 9296735) AND (id <= 9297734))

table 5 : explain SELECT c FROM sbtest5 WHERE id BETWEEN 4166833 AND 4167832
	Bitmap Heap Scan on sbtest5  (cost=30.38..3760.76 rows=970 width=121)
	  Recheck Cond: ((id >= 4166833) AND (id <= 4167832))
	  ->  Bitmap Index Scan on sbtest5_pkey  (cost=0.00..30.14 rows=970 width=0)
	        Index Cond: ((id >= 4166833) AND (id <= 4167832))

table 6 : explain SELECT c FROM sbtest6 WHERE id BETWEEN 882007 AND 883006
	Bitmap Heap Scan on sbtest6  (cost=35.41..4145.06 rows=1071 width=121)
	  Recheck Cond: ((id >= 882007) AND (id <= 883006))
	  ->  Bitmap Index Scan on sbtest6_pkey  (cost=0.00..35.15 rows=1071 width=0)
	        Index Cond: ((id >= 882007) AND (id <= 883006))

table 7 : explain SELECT c FROM sbtest7 WHERE id BETWEEN 6158516 AND 6159515
	Bitmap Heap Scan on sbtest7  (cost=30.42..3773.55 rows=974 width=121)
	  Recheck Cond: ((id >= 6158516) AND (id <= 6159515))
	  ->  Bitmap Index Scan on sbtest7_pkey  (cost=0.00..30.18 rows=974 width=0)
	        Index Cond: ((id >= 6158516) AND (id <= 6159515))

table 8 : explain SELECT c FROM sbtest8 WHERE id BETWEEN 6855616 AND 6856615
	Bitmap Heap Scan on sbtest8  (cost=35.41..4145.64 rows=1071 width=121)
	  Recheck Cond: ((id >= 6855616) AND (id <= 6856615))
	  ->  Bitmap Index Scan on sbtest8_pkey  (cost=0.00..35.15 rows=1071 width=0)
	        Index Cond: ((id >= 6855616) AND (id <= 6856615))

for: distinct_ranges
table 1 : explain SELECT DISTINCT c FROM sbtest1 WHERE id BETWEEN 8952709 AND 8953708 ORDER BY c
	Unique  (cost=4399.66..4405.28 rows=1123 width=121)
	  ->  Sort  (cost=4399.66..4402.47 rows=1123 width=121)
	        Sort Key: c
	        ->  Bitmap Heap Scan on sbtest1  (cost=35.95..4342.76 rows=1123 width=121)
	              Recheck Cond: ((id >= 8952709) AND (id <= 8953708))
	              ->  Bitmap Index Scan on sbtest1_pkey  (cost=0.00..35.67 rows=1123 width=0)
	                    Index Cond: ((id >= 8952709) AND (id <= 8953708))

table 2 : explain SELECT DISTINCT c FROM sbtest2 WHERE id BETWEEN 9452184 AND 9453183 ORDER BY c
	Unique  (cost=3908.29..3913.27 rows=996 width=121)
	  ->  Sort  (cost=3908.29..3910.78 rows=996 width=121)
	        Sort Key: c
	        ->  Bitmap Heap Scan on sbtest2  (cost=30.64..3858.69 rows=996 width=121)
	              Recheck Cond: ((id >= 9452184) AND (id <= 9453183))
	              ->  Bitmap Index Scan on sbtest2_pkey  (cost=0.00..30.39 rows=996 width=0)
	                    Index Cond: ((id >= 9452184) AND (id <= 9453183))

table 3 : explain SELECT DISTINCT c FROM sbtest3 WHERE id BETWEEN 6247995 AND 6248994 ORDER BY c
	Unique  (cost=3515.54..3520.01 rows=894 width=121)
	  ->  Sort  (cost=3515.54..3517.77 rows=894 width=121)
	        Sort Key: c
	        ->  Bitmap Heap Scan on sbtest3  (cost=29.60..3471.71 rows=894 width=121)
	              Recheck Cond: ((id >= 6247995) AND (id <= 6248994))
	              ->  Bitmap Index Scan on sbtest3_pkey  (cost=0.00..29.37 rows=894 width=0)
	                    Index Cond: ((id >= 6247995) AND (id <= 6248994))

table 4 : explain SELECT DISTINCT c FROM sbtest4 WHERE id BETWEEN 2300115 AND 2301114 ORDER BY c
	Unique  (cost=3428.46..3432.82 rows=871 width=121)
	  ->  Sort  (cost=3428.46..3430.64 rows=871 width=121)
	        Sort Key: c
	        ->  Bitmap Heap Scan on sbtest4  (cost=29.36..3385.93 rows=871 width=121)
	              Recheck Cond: ((id >= 2300115) AND (id <= 2301114))
	              ->  Bitmap Index Scan on sbtest4_pkey  (cost=0.00..29.14 rows=871 width=0)
	                    Index Cond: ((id >= 2300115) AND (id <= 2301114))

table 5 : explain SELECT DISTINCT c FROM sbtest5 WHERE id BETWEEN 1782436 AND 1783435 ORDER BY c
	Unique  (cost=3651.58..3656.23 rows=929 width=121)
	  ->  Sort  (cost=3651.58..3653.91 rows=929 width=121)
	        Sort Key: c
	        ->  Bitmap Heap Scan on sbtest5  (cost=29.96..3605.79 rows=929 width=121)
	              Recheck Cond: ((id >= 1782436) AND (id <= 1783435))
	              ->  Bitmap Index Scan on sbtest5_pkey  (cost=0.00..29.72 rows=929 width=0)
	                    Index Cond: ((id >= 1782436) AND (id <= 1783435))

table 6 : explain SELECT DISTINCT c FROM sbtest6 WHERE id BETWEEN 1065220 AND 1066219 ORDER BY c
	Unique  (cost=3796.89..3801.72 rows=967 width=121)
	  ->  Sort  (cost=3796.89..3799.30 rows=967 width=121)
	        Sort Key: c
	        ->  Bitmap Heap Scan on sbtest6  (cost=30.35..3748.94 rows=967 width=121)
	              Recheck Cond: ((id >= 1065220) AND (id <= 1066219))
	              ->  Bitmap Index Scan on sbtest6_pkey  (cost=0.00..30.11 rows=967 width=0)
	                    Index Cond: ((id >= 1065220) AND (id <= 1066219))

table 7 : explain SELECT DISTINCT c FROM sbtest7 WHERE id BETWEEN 1380131 AND 1381130 ORDER BY c
	Unique  (cost=3963.53..3968.58 rows=1011 width=121)
	  ->  Sort  (cost=3963.53..3966.05 rows=1011 width=121)
	        Sort Key: c
	        ->  Bitmap Heap Scan on sbtest7  (cost=30.80..3913.07 rows=1011 width=121)
	              Recheck Cond: ((id >= 1380131) AND (id <= 1381130))
	              ->  Bitmap Index Scan on sbtest7_pkey  (cost=0.00..30.54 rows=1011 width=0)
	                    Index Cond: ((id >= 1380131) AND (id <= 1381130))

table 8 : explain SELECT DISTINCT c FROM sbtest8 WHERE id BETWEEN 9876072 AND 9877071 ORDER BY c
	Unique  (cost=3601.67..3606.25 rows=916 width=121)
	  ->  Sort  (cost=3601.67..3603.96 rows=916 width=121)
	        Sort Key: c
	        ->  Bitmap Heap Scan on sbtest8  (cost=29.82..3556.61 rows=916 width=121)
	              Recheck Cond: ((id >= 9876072) AND (id <= 9877071))
	              ->  Bitmap Index Scan on sbtest8_pkey  (cost=0.00..29.59 rows=916 width=0)
	                    Index Cond: ((id >= 9876072) AND (id <= 9877071))

for: order_ranges
table 1 : explain SELECT c FROM sbtest1 WHERE id BETWEEN 325355 AND 326354 ORDER BY c
	Sort  (cost=3871.47..3873.94 rows=986 width=121)
	  Sort Key: c
	  ->  Bitmap Heap Scan on sbtest1  (cost=30.54..3822.44 rows=986 width=121)
	        Recheck Cond: ((id >= 325355) AND (id <= 326354))
	        ->  Bitmap Index Scan on sbtest1_pkey  (cost=0.00..30.29 rows=986 width=0)
	              Index Cond: ((id >= 325355) AND (id <= 326354))

table 2 : explain SELECT c FROM sbtest2 WHERE id BETWEEN 3140639 AND 3141638 ORDER BY c
	Sort  (cost=3850.82..3853.27 rows=981 width=121)
	  Sort Key: c
	  ->  Bitmap Heap Scan on sbtest2  (cost=30.49..3802.07 rows=981 width=121)
	        Recheck Cond: ((id >= 3140639) AND (id <= 3141638))
	        ->  Bitmap Index Scan on sbtest2_pkey  (cost=0.00..30.25 rows=981 width=0)
	              Index Cond: ((id >= 3140639) AND (id <= 3141638))

table 3 : explain SELECT c FROM sbtest3 WHERE id BETWEEN 4825528 AND 4826527 ORDER BY c
	Sort  (cost=3454.07..3456.26 rows=878 width=121)
	  Sort Key: c
	  ->  Bitmap Heap Scan on sbtest3  (cost=29.43..3411.14 rows=878 width=121)
	        Recheck Cond: ((id >= 4825528) AND (id <= 4826527))
	        ->  Bitmap Index Scan on sbtest3_pkey  (cost=0.00..29.21 rows=878 width=0)
	              Index Cond: ((id >= 4825528) AND (id <= 4826527))

table 4 : explain SELECT c FROM sbtest4 WHERE id BETWEEN 3080093 AND 3081092 ORDER BY c
	Sort  (cost=3766.42..3768.82 rows=959 width=121)
	  Sort Key: c
	  ->  Bitmap Heap Scan on sbtest4  (cost=30.26..3718.93 rows=959 width=121)
	        Recheck Cond: ((id >= 3080093) AND (id <= 3081092))
	        ->  Bitmap Index Scan on sbtest4_pkey  (cost=0.00..30.02 rows=959 width=0)
	              Index Cond: ((id >= 3080093) AND (id <= 3081092))

table 5 : explain SELECT c FROM sbtest5 WHERE id BETWEEN 7626107 AND 7627106 ORDER BY c
	Sort  (cost=3985.13..3987.67 rows=1016 width=121)
	  Sort Key: c
	  ->  Bitmap Heap Scan on sbtest5  (cost=30.85..3934.39 rows=1016 width=121)
	        Recheck Cond: ((id >= 7626107) AND (id <= 7627106))
	        ->  Bitmap Index Scan on sbtest5_pkey  (cost=0.00..30.59 rows=1016 width=0)
	              Index Cond: ((id >= 7626107) AND (id <= 7627106))

table 6 : explain SELECT c FROM sbtest6 WHERE id BETWEEN 8521516 AND 8522515 ORDER BY c
	Sort  (cost=4084.08..4086.69 rows=1042 width=121)
	  Sort Key: c
	  ->  Bitmap Heap Scan on sbtest6  (cost=31.12..4031.85 rows=1042 width=121)
	        Recheck Cond: ((id >= 8521516) AND (id <= 8522515))
	        ->  Bitmap Index Scan on sbtest6_pkey  (cost=0.00..30.86 rows=1042 width=0)
	              Index Cond: ((id >= 8521516) AND (id <= 8522515))

table 7 : explain SELECT c FROM sbtest7 WHERE id BETWEEN 798555 AND 799554 ORDER BY c
	Sort  (cost=3978.83..3981.36 rows=1015 width=121)
	  Sort Key: c
	  ->  Bitmap Heap Scan on sbtest7  (cost=30.84..3928.14 rows=1015 width=121)
	        Recheck Cond: ((id >= 798555) AND (id <= 799554))
	        ->  Bitmap Index Scan on sbtest7_pkey  (cost=0.00..30.58 rows=1015 width=0)
	              Index Cond: ((id >= 798555) AND (id <= 799554))

table 8 : explain SELECT c FROM sbtest8 WHERE id BETWEEN 6489267 AND 6490266 ORDER BY c
	Sort  (cost=4054.03..4056.62 rows=1034 width=121)
	  Sort Key: c
	  ->  Bitmap Heap Scan on sbtest8  (cost=31.03..4002.26 rows=1034 width=121)
	        Recheck Cond: ((id >= 6489267) AND (id <= 6490266))
	        ->  Bitmap Index Scan on sbtest8_pkey  (cost=0.00..30.77 rows=1034 width=0)
	              Index Cond: ((id >= 6489267) AND (id <= 6490266))

for point_selects
table 1 : explain SELECT c FROM sbtest1 WHERE id=9292635
	Index Scan using sbtest1_pkey on sbtest1  (cost=0.43..8.45 rows=1 width=121)
	  Index Cond: (id = 9292635)

table 2 : explain SELECT c FROM sbtest2 WHERE id=5646693
	Index Scan using sbtest2_pkey on sbtest2  (cost=0.43..8.45 rows=1 width=121)
	  Index Cond: (id = 5646693)

table 3 : explain SELECT c FROM sbtest3 WHERE id=1618633
	Index Scan using sbtest3_pkey on sbtest3  (cost=0.43..8.45 rows=1 width=121)
	  Index Cond: (id = 1618633)

table 4 : explain SELECT c FROM sbtest4 WHERE id=6454132
	Index Scan using sbtest4_pkey on sbtest4  (cost=0.43..8.45 rows=1 width=121)
	  Index Cond: (id = 6454132)

table 5 : explain SELECT c FROM sbtest5 WHERE id=6319064
	Index Scan using sbtest5_pkey on sbtest5  (cost=0.43..8.45 rows=1 width=121)
	  Index Cond: (id = 6319064)

table 6 : explain SELECT c FROM sbtest6 WHERE id=8100377
	Index Scan using sbtest6_pkey on sbtest6  (cost=0.43..8.45 rows=1 width=121)
	  Index Cond: (id = 8100377)

table 7 : explain SELECT c FROM sbtest7 WHERE id=2588322
	Index Scan using sbtest7_pkey on sbtest7  (cost=0.43..8.45 rows=1 width=121)
	  Index Cond: (id = 2588322)

table 8 : explain SELECT c FROM sbtest8 WHERE id=4026118
	Index Scan using sbtest8_pkey on sbtest8  (cost=0.43..8.45 rows=1 width=121)
	  Index Cond: (id = 4026118)

for: simple_ranges
table 1 : explain SELECT c FROM sbtest1 WHERE id BETWEEN 3713704 AND 3714703
	Bitmap Heap Scan on sbtest1  (cost=30.50..3807.33 rows=982 width=121)
	  Recheck Cond: ((id >= 3713704) AND (id <= 3714703))
	  ->  Bitmap Index Scan on sbtest1_pkey  (cost=0.00..30.25 rows=982 width=0)
	        Index Cond: ((id >= 3713704) AND (id <= 3714703))

table 2 : explain SELECT c FROM sbtest2 WHERE id BETWEEN 9802124 AND 9803123
	Bitmap Heap Scan on sbtest2  (cost=30.22..3703.87 rows=955 width=121)
	  Recheck Cond: ((id >= 9802124) AND (id <= 9803123))
	  ->  Bitmap Index Scan on sbtest2_pkey  (cost=0.00..29.98 rows=955 width=0)
	        Index Cond: ((id >= 9802124) AND (id <= 9803123))

table 3 : explain SELECT c FROM sbtest3 WHERE id BETWEEN 6445094 AND 6446093
	Bitmap Heap Scan on sbtest3  (cost=30.48..3796.69 rows=980 width=121)
	  Recheck Cond: ((id >= 6445094) AND (id <= 6446093))
	  ->  Bitmap Index Scan on sbtest3_pkey  (cost=0.00..30.23 rows=980 width=0)
	        Index Cond: ((id >= 6445094) AND (id <= 6446093))

table 4 : explain SELECT c FROM sbtest4 WHERE id BETWEEN 2361338 AND 2362337
	Bitmap Heap Scan on sbtest4  (cost=29.36..3385.93 rows=871 width=121)
	  Recheck Cond: ((id >= 2361338) AND (id <= 2362337))
	  ->  Bitmap Index Scan on sbtest4_pkey  (cost=0.00..29.14 rows=871 width=0)
	        Index Cond: ((id >= 2361338) AND (id <= 2362337))

table 5 : explain SELECT c FROM sbtest5 WHERE id BETWEEN 4091610 AND 4092609
	Bitmap Heap Scan on sbtest5  (cost=30.73..3889.12 rows=1004 width=121)
	  Recheck Cond: ((id >= 4091610) AND (id <= 4092609))
	  ->  Bitmap Index Scan on sbtest5_pkey  (cost=0.00..30.47 rows=1004 width=0)
	        Index Cond: ((id >= 4091610) AND (id <= 4092609))

table 6 : explain SELECT c FROM sbtest6 WHERE id BETWEEN 7503566 AND 7504565
	Bitmap Heap Scan on sbtest6  (cost=30.35..3748.94 rows=967 width=121)
	  Recheck Cond: ((id >= 7503566) AND (id <= 7504565))
	  ->  Bitmap Index Scan on sbtest6_pkey  (cost=0.00..30.11 rows=967 width=0)
	        Index Cond: ((id >= 7503566) AND (id <= 7504565))

table 7 : explain SELECT c FROM sbtest7 WHERE id BETWEEN 1399996 AND 1400995
	Bitmap Heap Scan on sbtest7  (cost=30.80..3913.07 rows=1011 width=121)
	  Recheck Cond: ((id >= 1399996) AND (id <= 1400995))
	  ->  Bitmap Index Scan on sbtest7_pkey  (cost=0.00..30.54 rows=1011 width=0)
	        Index Cond: ((id >= 1399996) AND (id <= 1400995))

table 8 : explain SELECT c FROM sbtest8 WHERE id BETWEEN 1191033 AND 1192032
	Bitmap Heap Scan on sbtest8  (cost=30.51..3809.86 rows=983 width=121)
	  Recheck Cond: ((id >= 1191033) AND (id <= 1192032))
	  ->  Bitmap Index Scan on sbtest8_pkey  (cost=0.00..30.26 rows=983 width=0)
	        Index Cond: ((id >= 1191033) AND (id <= 1192032))

for: distinct_ranges
table 1 : explain SELECT DISTINCT c FROM sbtest1 WHERE id BETWEEN 6835266 AND 6836265 ORDER BY c
	Unique  (cost=3491.30..3495.74 rows=887 width=121)
	  ->  Sort  (cost=3491.30..3493.52 rows=887 width=121)
	        Sort Key: c
	        ->  Bitmap Heap Scan on sbtest1  (cost=29.53..3447.87 rows=887 width=121)
	              Recheck Cond: ((id >= 6835266) AND (id <= 6836265))
	              ->  Bitmap Index Scan on sbtest1_pkey  (cost=0.00..29.30 rows=887 width=0)
	                    Index Cond: ((id >= 6835266) AND (id <= 6836265))

table 2 : explain SELECT DISTINCT c FROM sbtest2 WHERE id BETWEEN 4903855 AND 4904854 ORDER BY c
	Unique  (cost=4023.16..4028.29 rows=1026 width=121)
	  ->  Sort  (cost=4023.16..4025.73 rows=1026 width=121)
	        Sort Key: c
	        ->  Bitmap Heap Scan on sbtest2  (cost=30.95..3971.85 rows=1026 width=121)
	              Recheck Cond: ((id >= 4903855) AND (id <= 4904854))
	              ->  Bitmap Index Scan on sbtest2_pkey  (cost=0.00..30.69 rows=1026 width=0)
	                    Index Cond: ((id >= 4903855) AND (id <= 4904854))

table 3 : explain SELECT DISTINCT c FROM sbtest3 WHERE id BETWEEN 4078534 AND 4079533 ORDER BY c
	Unique  (cost=3703.59..3708.30 rows=943 width=121)
	  ->  Sort  (cost=3703.59..3705.94 rows=943 width=121)
	        Sort Key: c
	        ->  Bitmap Heap Scan on sbtest3  (cost=30.10..3657.00 rows=943 width=121)
	              Recheck Cond: ((id >= 4078534) AND (id <= 4079533))
	              ->  Bitmap Index Scan on sbtest3_pkey  (cost=0.00..29.86 rows=943 width=0)
	                    Index Cond: ((id >= 4078534) AND (id <= 4079533))

table 4 : explain SELECT DISTINCT c FROM sbtest4 WHERE id BETWEEN 330985 AND 331984 ORDER BY c
	Unique  (cost=3762.59..3767.38 rows=958 width=121)
	  ->  Sort  (cost=3762.59..3764.98 rows=958 width=121)
	        Sort Key: c
	        ->  Bitmap Heap Scan on sbtest4  (cost=30.25..3715.15 rows=958 width=121)
	              Recheck Cond: ((id >= 330985) AND (id <= 331984))
	              ->  Bitmap Index Scan on sbtest4_pkey  (cost=0.00..30.01 rows=958 width=0)
	                    Index Cond: ((id >= 330985) AND (id <= 331984))

table 5 : explain SELECT DISTINCT c FROM sbtest5 WHERE id BETWEEN 7666710 AND 7667709 ORDER BY c
	Unique  (cost=3985.13..3990.21 rows=1016 width=121)
	  ->  Sort  (cost=3985.13..3987.67 rows=1016 width=121)
	        Sort Key: c
	        ->  Bitmap Heap Scan on sbtest5  (cost=30.85..3934.39 rows=1016 width=121)
	              Recheck Cond: ((id >= 7666710) AND (id <= 7667709))
	              ->  Bitmap Index Scan on sbtest5_pkey  (cost=0.00..30.59 rows=1016 width=0)
	                    Index Cond: ((id >= 7666710) AND (id <= 7667709))

table 6 : explain SELECT DISTINCT c FROM sbtest6 WHERE id BETWEEN 5574496 AND 5575495 ORDER BY c
	Unique  (cost=4076.43..4081.63 rows=1040 width=121)
	  ->  Sort  (cost=4076.43..4079.03 rows=1040 width=121)
	        Sort Key: c
	        ->  Bitmap Heap Scan on sbtest6  (cost=31.09..4024.31 rows=1040 width=121)
	              Recheck Cond: ((id >= 5574496) AND (id <= 5575495))
	              ->  Bitmap Index Scan on sbtest6_pkey  (cost=0.00..30.83 rows=1040 width=0)
	                    Index Cond: ((id >= 5574496) AND (id <= 5575495))

table 7 : explain SELECT DISTINCT c FROM sbtest7 WHERE id BETWEEN 6309183 AND 6310182 ORDER BY c
	Unique  (cost=3595.71..3600.28 rows=915 width=121)
	  ->  Sort  (cost=3595.71..3597.99 rows=915 width=121)
	        Sort Key: c
	        ->  Bitmap Heap Scan on sbtest7  (cost=29.81..3550.70 rows=915 width=121)
	              Recheck Cond: ((id >= 6309183) AND (id <= 6310182))
	              ->  Bitmap Index Scan on sbtest7_pkey  (cost=0.00..29.58 rows=915 width=0)
	                    Index Cond: ((id >= 6309183) AND (id <= 6310182))

table 8 : explain SELECT DISTINCT c FROM sbtest8 WHERE id BETWEEN 8461337 AND 8462336 ORDER BY c
	Unique  (cost=3816.56..3821.42 rows=972 width=121)
	  ->  Sort  (cost=3816.56..3818.99 rows=972 width=121)
	        Sort Key: c
	        ->  Bitmap Heap Scan on sbtest8  (cost=30.40..3768.32 rows=972 width=121)
	              Recheck Cond: ((id >= 8461337) AND (id <= 8462336))
	              ->  Bitmap Index Scan on sbtest8_pkey  (cost=0.00..30.15 rows=972 width=0)
	                    Index Cond: ((id >= 8461337) AND (id <= 8462336))

for: order_ranges
table 1 : explain SELECT c FROM sbtest1 WHERE id BETWEEN 4703028 AND 4704027 ORDER BY c
	Sort  (cost=3844.63..3847.08 rows=979 width=121)
	  Sort Key: c
	  ->  Bitmap Heap Scan on sbtest1  (cost=30.47..3796.00 rows=979 width=121)
	        Recheck Cond: ((id >= 4703028) AND (id <= 4704027))
	        ->  Bitmap Index Scan on sbtest1_pkey  (cost=0.00..30.22 rows=979 width=0)
	              Index Cond: ((id >= 4703028) AND (id <= 4704027))

table 2 : explain SELECT c FROM sbtest2 WHERE id BETWEEN 7130309 AND 7131308 ORDER BY c
	Sort  (cost=3881.48..3883.95 rows=989 width=121)
	  Sort Key: c
	  ->  Bitmap Heap Scan on sbtest2  (cost=30.57..3832.27 rows=989 width=121)
	        Recheck Cond: ((id >= 7130309) AND (id <= 7131308))
	        ->  Bitmap Index Scan on sbtest2_pkey  (cost=0.00..30.32 rows=989 width=0)
	              Index Cond: ((id >= 7130309) AND (id <= 7131308))

table 3 : explain SELECT c FROM sbtest3 WHERE id BETWEEN 2985251 AND 2986250 ORDER BY c
	Sort  (cost=3887.51..3889.99 rows=991 width=121)
	  Sort Key: c
	  ->  Bitmap Heap Scan on sbtest3  (cost=30.59..3838.19 rows=991 width=121)
	        Recheck Cond: ((id >= 2985251) AND (id <= 2986250))
	        ->  Bitmap Index Scan on sbtest3_pkey  (cost=0.00..30.34 rows=991 width=0)
	              Index Cond: ((id >= 2985251) AND (id <= 2986250))

table 4 : explain SELECT c FROM sbtest4 WHERE id BETWEEN 9049801 AND 9050800 ORDER BY c
	Sort  (cost=3735.74..3738.12 rows=951 width=121)
	  Sort Key: c
	  ->  Bitmap Heap Scan on sbtest4  (cost=30.18..3688.69 rows=951 width=121)
	        Recheck Cond: ((id >= 9049801) AND (id <= 9050800))
	        ->  Bitmap Index Scan on sbtest4_pkey  (cost=0.00..29.94 rows=951 width=0)
	              Index Cond: ((id >= 9049801) AND (id <= 9050800))

table 5 : explain SELECT c FROM sbtest5 WHERE id BETWEEN 6456296 AND 6457295 ORDER BY c
	Sort  (cost=3916.19..3918.69 rows=998 width=121)
	  Sort Key: c
	  ->  Bitmap Heap Scan on sbtest5  (cost=30.66..3866.48 rows=998 width=121)
	        Recheck Cond: ((id >= 6456296) AND (id <= 6457295))
	        ->  Bitmap Index Scan on sbtest5_pkey  (cost=0.00..30.41 rows=998 width=0)
	              Index Cond: ((id >= 6456296) AND (id <= 6457295))

table 6 : explain SELECT c FROM sbtest6 WHERE id BETWEEN 1281569 AND 1282568 ORDER BY c
	Sort  (cost=4355.53..4358.31 rows=1112 width=121)
	  Sort Key: c
	  ->  Bitmap Heap Scan on sbtest6  (cost=35.83..4299.27 rows=1112 width=121)
	        Recheck Cond: ((id >= 1281569) AND (id <= 1282568))
	        ->  Bitmap Index Scan on sbtest6_pkey  (cost=0.00..35.56 rows=1112 width=0)
	              Index Cond: ((id >= 1281569) AND (id <= 1282568))

table 7 : explain SELECT c FROM sbtest7 WHERE id BETWEEN 2752008 AND 2753007 ORDER BY c
	Sort  (cost=3557.33..3559.59 rows=905 width=121)
	  Sort Key: c
	  ->  Bitmap Heap Scan on sbtest7  (cost=29.71..3512.88 rows=905 width=121)
	        Recheck Cond: ((id >= 2752008) AND (id <= 2753007))
	        ->  Bitmap Index Scan on sbtest7_pkey  (cost=0.00..29.48 rows=905 width=0)
	              Index Cond: ((id >= 2752008) AND (id <= 2753007))

table 8 : explain SELECT c FROM sbtest8 WHERE id BETWEEN 327084 AND 328083 ORDER BY c
	Sort  (cost=3958.33..3960.85 rows=1009 width=121)
	  Sort Key: c
	  ->  Bitmap Heap Scan on sbtest8  (cost=30.78..3907.99 rows=1009 width=121)
	        Recheck Cond: ((id >= 327084) AND (id <= 328083))
	        ->  Bitmap Index Scan on sbtest8_pkey  (cost=0.00..30.52 rows=1009 width=0)
	              Index Cond: ((id >= 327084) AND (id <= 328083))

for: simple_ranges
table 1 : explain SELECT c FROM sbtest1 WHERE id BETWEEN 9975984 AND 9976983
	Bitmap Heap Scan on sbtest1  (cost=31.24..4079.00 rows=1054 width=121)
	  Recheck Cond: ((id >= 9975984) AND (id <= 9976983))
	  ->  Bitmap Index Scan on sbtest1_pkey  (cost=0.00..30.97 rows=1054 width=0)
	        Index Cond: ((id >= 9975984) AND (id <= 9976983))

table 2 : explain SELECT c FROM sbtest2 WHERE id BETWEEN 2425133 AND 2426132
	Bitmap Heap Scan on sbtest2  (cost=30.51..3809.62 rows=983 width=121)
	  Recheck Cond: ((id >= 2425133) AND (id <= 2426132))
	  ->  Bitmap Index Scan on sbtest2_pkey  (cost=0.00..30.26 rows=983 width=0)
	        Index Cond: ((id >= 2425133) AND (id <= 2426132))

table 3 : explain SELECT c FROM sbtest3 WHERE id BETWEEN 2721278 AND 2722277
	Bitmap Heap Scan on sbtest3  (cost=30.48..3796.69 rows=980 width=121)
	  Recheck Cond: ((id >= 2721278) AND (id <= 2722277))
	  ->  Bitmap Index Scan on sbtest3_pkey  (cost=0.00..30.23 rows=980 width=0)
	        Index Cond: ((id >= 2721278) AND (id <= 2722277))

table 4 : explain SELECT c FROM sbtest4 WHERE id BETWEEN 7913130 AND 7914129
	Bitmap Heap Scan on sbtest4  (cost=30.78..3907.68 rows=1009 width=121)
	  Recheck Cond: ((id >= 7913130) AND (id <= 7914129))
	  ->  Bitmap Index Scan on sbtest4_pkey  (cost=0.00..30.52 rows=1009 width=0)
	        Index Cond: ((id >= 7913130) AND (id <= 7914129))

table 5 : explain SELECT c FROM sbtest5 WHERE id BETWEEN 2079092 AND 2080091
	Bitmap Heap Scan on sbtest5  (cost=31.05..4009.79 rows=1036 width=121)
	  Recheck Cond: ((id >= 2079092) AND (id <= 2080091))
	  ->  Bitmap Index Scan on sbtest5_pkey  (cost=0.00..30.79 rows=1036 width=0)
	        Index Cond: ((id >= 2079092) AND (id <= 2080091))

table 6 : explain SELECT c FROM sbtest6 WHERE id BETWEEN 383905 AND 384904
	Bitmap Heap Scan on sbtest6  (cost=30.24..3711.16 rows=957 width=121)
	  Recheck Cond: ((id >= 383905) AND (id <= 384904))
	  ->  Bitmap Index Scan on sbtest6_pkey  (cost=0.00..30.00 rows=957 width=0)
	        Index Cond: ((id >= 383905) AND (id <= 384904))

table 7 : explain SELECT c FROM sbtest7 WHERE id BETWEEN 8249082 AND 8250081
	Bitmap Heap Scan on sbtest7  (cost=36.06..4375.92 rows=1134 width=121)
	  Recheck Cond: ((id >= 8249082) AND (id <= 8250081))
	  ->  Bitmap Index Scan on sbtest7_pkey  (cost=0.00..35.78 rows=1134 width=0)
	        Index Cond: ((id >= 8249082) AND (id <= 8250081))

table 8 : explain SELECT c FROM sbtest8 WHERE id BETWEEN 4903115 AND 4904114
	Bitmap Heap Scan on sbtest8  (cost=35.70..4251.00 rows=1099 width=121)
	  Recheck Cond: ((id >= 4903115) AND (id <= 4904114))
	  ->  Bitmap Index Scan on sbtest8_pkey  (cost=0.00..35.43 rows=1099 width=0)
	        Index Cond: ((id >= 4903115) AND (id <= 4904114))

for: simple_ranges
table 1 : explain SELECT c FROM sbtest1 WHERE id BETWEEN 8371431 AND 8372430
	Bitmap Heap Scan on sbtest1  (cost=30.27..3724.19 rows=960 width=121)
	  Recheck Cond: ((id >= 8371431) AND (id <= 8372430))
	  ->  Bitmap Index Scan on sbtest1_pkey  (cost=0.00..30.04 rows=960 width=0)
	        Index Cond: ((id >= 8371431) AND (id <= 8372430))

table 2 : explain SELECT c FROM sbtest2 WHERE id BETWEEN 6782337 AND 6783336
	Bitmap Heap Scan on sbtest2  (cost=30.75..3896.42 rows=1006 width=121)
	  Recheck Cond: ((id >= 6782337) AND (id <= 6783336))
	  ->  Bitmap Index Scan on sbtest2_pkey  (cost=0.00..30.50 rows=1006 width=0)
	        Index Cond: ((id >= 6782337) AND (id <= 6783336))

table 3 : explain SELECT c FROM sbtest3 WHERE id BETWEEN 3312426 AND 3313425
	Bitmap Heap Scan on sbtest3  (cost=29.59..3467.93 rows=893 width=121)
	  Recheck Cond: ((id >= 3312426) AND (id <= 3313425))
	  ->  Bitmap Index Scan on sbtest3_pkey  (cost=0.00..29.36 rows=893 width=0)
	        Index Cond: ((id >= 3312426) AND (id <= 3313425))

table 4 : explain SELECT c FROM sbtest4 WHERE id BETWEEN 3152372 AND 3153371
	Bitmap Heap Scan on sbtest4  (cost=30.52..3813.34 rows=984 width=121)
	  Recheck Cond: ((id >= 3152372) AND (id <= 3153371))
	  ->  Bitmap Index Scan on sbtest4_pkey  (cost=0.00..30.27 rows=984 width=0)
	        Index Cond: ((id >= 3152372) AND (id <= 3153371))

table 5 : explain SELECT c FROM sbtest5 WHERE id BETWEEN 7944710 AND 7945709
	Bitmap Heap Scan on sbtest5  (cost=30.47..3794.76 rows=979 width=121)
	  Recheck Cond: ((id >= 7944710) AND (id <= 7945709))
	  ->  Bitmap Index Scan on sbtest5_pkey  (cost=0.00..30.22 rows=979 width=0)
	        Index Cond: ((id >= 7944710) AND (id <= 7945709))

table 6 : explain SELECT c FROM sbtest6 WHERE id BETWEEN 7142162 AND 7143161
	Bitmap Heap Scan on sbtest6  (cost=30.53..3816.90 rows=985 width=121)
	  Recheck Cond: ((id >= 7142162) AND (id <= 7143161))
	  ->  Bitmap Index Scan on sbtest6_pkey  (cost=0.00..30.29 rows=985 width=0)
	        Index Cond: ((id >= 7142162) AND (id <= 7143161))

table 7 : explain SELECT c FROM sbtest7 WHERE id BETWEEN 3318064 AND 3319063
	Bitmap Heap Scan on sbtest7  (cost=30.29..3724.48 rows=961 width=121)
	  Recheck Cond: ((id >= 3318064) AND (id <= 3319063))
	  ->  Bitmap Index Scan on sbtest7_pkey  (cost=0.00..30.04 rows=961 width=0)
	        Index Cond: ((id >= 3318064) AND (id <= 3319063))

table 8 : explain SELECT c FROM sbtest8 WHERE id BETWEEN 6298654 AND 6299653
	Bitmap Heap Scan on sbtest8  (cost=30.11..3662.52 rows=944 width=121)
	  Recheck Cond: ((id >= 6298654) AND (id <= 6299653))
	  ->  Bitmap Index Scan on sbtest8_pkey  (cost=0.00..29.87 rows=944 width=0)
	        Index Cond: ((id >= 6298654) AND (id <= 6299653))

explain: for point_selects :: explain SELECT c FROM sbtest%u WHERE id=%u
for point_selects
table 1 : explain SELECT c FROM sbtest1 WHERE id=2657367
	Index Scan using sbtest1_pkey on sbtest1  (cost=0.43..8.45 rows=1 width=121)
	  Index Cond: (id = 2657367)

table 2 : explain SELECT c FROM sbtest2 WHERE id=9799363
	Index Scan using sbtest2_pkey on sbtest2  (cost=0.43..8.45 rows=1 width=121)
	  Index Cond: (id = 9799363)

table 3 : explain SELECT c FROM sbtest3 WHERE id=7591163
	Index Scan using sbtest3_pkey on sbtest3  (cost=0.43..8.45 rows=1 width=121)
	  Index Cond: (id = 7591163)

table 4 : explain SELECT c FROM sbtest4 WHERE id=4396814
	Index Scan using sbtest4_pkey on sbtest4  (cost=0.43..8.45 rows=1 width=121)
	  Index Cond: (id = 4396814)

table 5 : explain SELECT c FROM sbtest5 WHERE id=7280055
	Index Scan using sbtest5_pkey on sbtest5  (cost=0.43..8.45 rows=1 width=121)
	  Index Cond: (id = 7280055)

table 6 : explain SELECT c FROM sbtest6 WHERE id=9348476
	Index Scan using sbtest6_pkey on sbtest6  (cost=0.43..8.45 rows=1 width=121)
	  Index Cond: (id = 9348476)

table 7 : explain SELECT c FROM sbtest7 WHERE id=9548199
	Index Scan using sbtest7_pkey on sbtest7  (cost=0.43..8.45 rows=1 width=121)
	  Index Cond: (id = 9548199)

table 8 : explain SELECT c FROM sbtest8 WHERE id=8379981
	Index Scan using sbtest8_pkey on sbtest8  (cost=0.43..8.45 rows=1 width=121)
	  Index Cond: (id = 8379981)

for: sum_ranges
table 1 : explain SELECT SUM(k) FROM sbtest1 WHERE id BETWEEN 1105898 AND 1106897
	Aggregate  (cost=3885.37..3885.38 rows=1 width=8)
	  ->  Bitmap Heap Scan on sbtest1  (cost=30.71..3882.86 rows=1002 width=4)
	        Recheck Cond: ((id >= 1105898) AND (id <= 1106897))
	        ->  Bitmap Index Scan on sbtest1_pkey  (cost=0.00..30.45 rows=1002 width=0)
	              Index Cond: ((id >= 1105898) AND (id <= 1106897))

table 2 : explain SELECT SUM(k) FROM sbtest2 WHERE id BETWEEN 4911859 AND 4912858
	Aggregate  (cost=3974.41..3974.42 rows=1 width=8)
	  ->  Bitmap Heap Scan on sbtest2  (cost=30.95..3971.85 rows=1026 width=4)
	        Recheck Cond: ((id >= 4911859) AND (id <= 4912858))
	        ->  Bitmap Index Scan on sbtest2_pkey  (cost=0.00..30.69 rows=1026 width=0)
	              Index Cond: ((id >= 4911859) AND (id <= 4912858))

table 3 : explain SELECT SUM(k) FROM sbtest3 WHERE id BETWEEN 7366464 AND 7367463
	Aggregate  (cost=4153.50..4153.51 rows=1 width=8)
	  ->  Bitmap Heap Scan on sbtest3  (cost=31.44..4150.82 rows=1074 width=4)
	        Recheck Cond: ((id >= 7366464) AND (id <= 7367463))
	        ->  Bitmap Index Scan on sbtest3_pkey  (cost=0.00..31.18 rows=1074 width=0)
	              Index Cond: ((id >= 7366464) AND (id <= 7367463))

table 4 : explain SELECT SUM(k) FROM sbtest4 WHERE id BETWEEN 4423277 AND 4424276
	Aggregate  (cost=4317.36..4317.37 rows=1 width=8)
	  ->  Bitmap Heap Scan on sbtest4  (cost=35.87..4314.57 rows=1116 width=4)
	        Recheck Cond: ((id >= 4423277) AND (id <= 4424276))
	        ->  Bitmap Index Scan on sbtest4_pkey  (cost=0.00..35.59 rows=1116 width=0)
	              Index Cond: ((id >= 4423277) AND (id <= 4424276))

table 5 : explain SELECT SUM(k) FROM sbtest5 WHERE id BETWEEN 9467237 AND 9468236
	Aggregate  (cost=3910.51..3910.52 rows=1 width=8)
	  ->  Bitmap Heap Scan on sbtest5  (cost=30.78..3907.98 rows=1009 width=4)
	        Recheck Cond: ((id >= 9467237) AND (id <= 9468236))
	        ->  Bitmap Index Scan on sbtest5_pkey  (cost=0.00..30.52 rows=1009 width=0)
	              Index Cond: ((id >= 9467237) AND (id <= 9468236))

table 6 : explain SELECT SUM(k) FROM sbtest6 WHERE id BETWEEN 537553 AND 538552
	Aggregate  (cost=3558.43..3558.44 rows=1 width=8)
	  ->  Bitmap Heap Scan on sbtest6  (cost=29.82..3556.14 rows=916 width=4)
	        Recheck Cond: ((id >= 537553) AND (id <= 538552))
	        ->  Bitmap Index Scan on sbtest6_pkey  (cost=0.00..29.59 rows=916 width=0)
	              Index Cond: ((id >= 537553) AND (id <= 538552))

table 7 : explain SELECT SUM(k) FROM sbtest7 WHERE id BETWEEN 918705 AND 919704
	Aggregate  (cost=3908.05..3908.06 rows=1 width=8)
	  ->  Bitmap Heap Scan on sbtest7  (cost=30.78..3905.53 rows=1009 width=4)
	        Recheck Cond: ((id >= 918705) AND (id <= 919704))
	        ->  Bitmap Index Scan on sbtest7_pkey  (cost=0.00..30.52 rows=1009 width=0)
	              Index Cond: ((id >= 918705) AND (id <= 919704))

table 8 : explain SELECT SUM(k) FROM sbtest8 WHERE id BETWEEN 1772943 AND 1773942
	Aggregate  (cost=4201.04..4201.05 rows=1 width=8)
	  ->  Bitmap Heap Scan on sbtest8  (cost=35.56..4198.33 rows=1085 width=4)
	        Recheck Cond: ((id >= 1772943) AND (id <= 1773942))
	        ->  Bitmap Index Scan on sbtest8_pkey  (cost=0.00..35.29 rows=1085 width=0)
	              Index Cond: ((id >= 1772943) AND (id <= 1773942))

for: sum_ranges
table 1 : explain SELECT SUM(k) FROM sbtest1 WHERE id BETWEEN 7704390 AND 7705389
	Aggregate  (cost=4070.33..4070.34 rows=1 width=8)
	  ->  Bitmap Heap Scan on sbtest1  (cost=31.21..4067.70 rows=1051 width=4)
	        Recheck Cond: ((id >= 7704390) AND (id <= 7705389))
	        ->  Bitmap Index Scan on sbtest1_pkey  (cost=0.00..30.94 rows=1051 width=0)
	              Index Cond: ((id >= 7704390) AND (id <= 7705389))

table 2 : explain SELECT SUM(k) FROM sbtest2 WHERE id BETWEEN 8919392 AND 8920391
	Aggregate  (cost=3989.50..3989.51 rows=1 width=8)
	  ->  Bitmap Heap Scan on sbtest2  (cost=30.99..3986.92 rows=1030 width=4)
	        Recheck Cond: ((id >= 8919392) AND (id <= 8920391))
	        ->  Bitmap Index Scan on sbtest2_pkey  (cost=0.00..30.73 rows=1030 width=0)
	              Index Cond: ((id >= 8919392) AND (id <= 8920391))

table 3 : explain SELECT SUM(k) FROM sbtest3 WHERE id BETWEEN 5640812 AND 5641811
	Aggregate  (cost=3613.98..3613.99 rows=1 width=8)
	  ->  Bitmap Heap Scan on sbtest3  (cost=29.98..3611.65 rows=931 width=4)
	        Recheck Cond: ((id >= 5640812) AND (id <= 5641811))
	        ->  Bitmap Index Scan on sbtest3_pkey  (cost=0.00..29.75 rows=931 width=0)
	              Index Cond: ((id >= 5640812) AND (id <= 5641811))

table 4 : explain SELECT SUM(k) FROM sbtest4 WHERE id BETWEEN 2441235 AND 2442234
	Aggregate  (cost=3993.21..3993.22 rows=1 width=8)
	  ->  Bitmap Heap Scan on sbtest4  (cost=31.00..3990.63 rows=1031 width=4)
	        Recheck Cond: ((id >= 2441235) AND (id <= 2442234))
	        ->  Bitmap Index Scan on sbtest4_pkey  (cost=0.00..30.75 rows=1031 width=0)
	              Index Cond: ((id >= 2441235) AND (id <= 2442234))

table 5 : explain SELECT SUM(k) FROM sbtest5 WHERE id BETWEEN 6446936 AND 6447935
	Aggregate  (cost=3868.97..3868.98 rows=1 width=8)
	  ->  Bitmap Heap Scan on sbtest5  (cost=30.66..3866.48 rows=998 width=4)
	        Recheck Cond: ((id >= 6446936) AND (id <= 6447935))
	        ->  Bitmap Index Scan on sbtest5_pkey  (cost=0.00..30.41 rows=998 width=0)
	              Index Cond: ((id >= 6446936) AND (id <= 6447935))

table 6 : explain SELECT SUM(k) FROM sbtest6 WHERE id BETWEEN 3297816 AND 3298815
	Aggregate  (cost=4140.20..4140.21 rows=1 width=8)
	  ->  Bitmap Heap Scan on sbtest6  (cost=35.39..4137.53 rows=1069 width=4)
	        Recheck Cond: ((id >= 3297816) AND (id <= 3298815))
	        ->  Bitmap Index Scan on sbtest6_pkey  (cost=0.00..35.12 rows=1069 width=0)
	              Index Cond: ((id >= 3297816) AND (id <= 3298815))

table 7 : explain SELECT SUM(k) FROM sbtest7 WHERE id BETWEEN 4500731 AND 4501730
	Aggregate  (cost=3813.73..3813.74 rows=1 width=8)
	  ->  Bitmap Heap Scan on sbtest7  (cost=30.52..3811.27 rows=984 width=4)
	        Recheck Cond: ((id >= 4500731) AND (id <= 4501730))
	        ->  Bitmap Index Scan on sbtest7_pkey  (cost=0.00..30.27 rows=984 width=0)
	              Index Cond: ((id >= 4500731) AND (id <= 4501730))

table 8 : explain SELECT SUM(k) FROM sbtest8 WHERE id BETWEEN 2558887 AND 2559886
	Aggregate  (cost=4042.78..4042.79 rows=1 width=8)
	  ->  Bitmap Heap Scan on sbtest8  (cost=35.13..4040.18 rows=1043 width=4)
	        Recheck Cond: ((id >= 2558887) AND (id <= 2559886))
	        ->  Bitmap Index Scan on sbtest8_pkey  (cost=0.00..34.87 rows=1043 width=0)
	              Index Cond: ((id >= 2558887) AND (id <= 2559886))

explain: for point_selects :: explain SELECT c FROM sbtest%u WHERE id=%u
explain: for point_selects :: explain SELECT c FROM sbtest%u WHERE id=%u
for: sum_ranges
table 1 : explain SELECT SUM(k) FROM sbtest1 WHERE id BETWEEN 9069765 AND 9070764
	Aggregate  (cost=3843.81..3843.82 rows=1 width=8)
	  ->  Bitmap Heap Scan on sbtest1  (cost=30.59..3841.33 rows=991 width=4)
	        Recheck Cond: ((id >= 9069765) AND (id <= 9070764))
	        ->  Bitmap Index Scan on sbtest1_pkey  (cost=0.00..30.34 rows=991 width=0)
	              Index Cond: ((id >= 9069765) AND (id <= 9070764))

table 2 : explain SELECT SUM(k) FROM sbtest2 WHERE id BETWEEN 8655197 AND 8656196
	Aggregate  (cost=3914.04..3914.05 rows=1 width=8)
	  ->  Bitmap Heap Scan on sbtest2  (cost=30.79..3911.51 rows=1010 width=4)
	        Recheck Cond: ((id >= 8655197) AND (id <= 8656196))
	        ->  Bitmap Index Scan on sbtest2_pkey  (cost=0.00..30.54 rows=1010 width=0)
	              Index Cond: ((id >= 8655197) AND (id <= 8656196))

table 3 : explain SELECT SUM(k) FROM sbtest3 WHERE id BETWEEN 375698 AND 376697
	Aggregate  (cost=3523.17..3523.18 rows=1 width=8)
	  ->  Bitmap Heap Scan on sbtest3  (cost=29.73..3520.90 rows=907 width=4)
	        Recheck Cond: ((id >= 375698) AND (id <= 376697))
	        ->  Bitmap Index Scan on sbtest3_pkey  (cost=0.00..29.50 rows=907 width=0)
	              Index Cond: ((id >= 375698) AND (id <= 376697))

table 4 : explain SELECT SUM(k) FROM sbtest4 WHERE id BETWEEN 5981338 AND 5982337
	Aggregate  (cost=4163.04..4163.05 rows=1 width=8)
	  ->  Bitmap Heap Scan on sbtest4  (cost=35.45..4160.36 rows=1075 width=4)
	        Recheck Cond: ((id >= 5981338) AND (id <= 5982337))
	        ->  Bitmap Index Scan on sbtest4_pkey  (cost=0.00..35.19 rows=1075 width=0)
	              Index Cond: ((id >= 5981338) AND (id <= 5982337))

table 5 : explain SELECT SUM(k) FROM sbtest5 WHERE id BETWEEN 3350403 AND 3351402
	Aggregate  (cost=3766.97..3766.98 rows=1 width=8)
	  ->  Bitmap Heap Scan on sbtest5  (cost=30.39..3764.54 rows=971 width=4)
	        Recheck Cond: ((id >= 3350403) AND (id <= 3351402))
	        ->  Bitmap Index Scan on sbtest5_pkey  (cost=0.00..30.14 rows=971 width=0)
	              Index Cond: ((id >= 3350403) AND (id <= 3351402))

table 6 : explain SELECT SUM(k) FROM sbtest6 WHERE id BETWEEN 5753949 AND 5754948
	Aggregate  (cost=4207.98..4207.99 rows=1 width=8)
	  ->  Bitmap Heap Scan on sbtest6  (cost=35.58..4205.26 rows=1087 width=4)
	        Recheck Cond: ((id >= 5753949) AND (id <= 5754948))
	        ->  Bitmap Index Scan on sbtest6_pkey  (cost=0.00..35.31 rows=1087 width=0)
	              Index Cond: ((id >= 5753949) AND (id <= 5754948))

table 7 : explain SELECT SUM(k) FROM sbtest7 WHERE id BETWEEN 6871517 AND 6872516
	Aggregate  (cost=3881.65..3881.66 rows=1 width=8)
	  ->  Bitmap Heap Scan on sbtest7  (cost=30.71..3879.15 rows=1002 width=4)
	        Recheck Cond: ((id >= 6871517) AND (id <= 6872516))
	        ->  Bitmap Index Scan on sbtest7_pkey  (cost=0.00..30.45 rows=1002 width=0)
	              Index Cond: ((id >= 6871517) AND (id <= 6872516))

table 8 : explain SELECT SUM(k) FROM sbtest8 WHERE id BETWEEN 329982 AND 330981
	Aggregate  (cost=3910.51..3910.52 rows=1 width=8)
	  ->  Bitmap Heap Scan on sbtest8  (cost=30.78..3907.99 rows=1009 width=4)
	        Recheck Cond: ((id >= 329982) AND (id <= 330981))
	        ->  Bitmap Index Scan on sbtest8_pkey  (cost=0.00..30.52 rows=1009 width=0)
	              Index Cond: ((id >= 329982) AND (id <= 330981))

for: sum_ranges
table 1 : explain SELECT SUM(k) FROM sbtest1 WHERE id BETWEEN 3846822 AND 3847821
	Aggregate  (cost=3775.76..3775.77 rows=1 width=8)
	  ->  Bitmap Heap Scan on sbtest1  (cost=30.41..3773.33 rows=973 width=4)
	        Recheck Cond: ((id >= 3846822) AND (id <= 3847821))
	        ->  Bitmap Index Scan on sbtest1_pkey  (cost=0.00..30.16 rows=973 width=0)
	              Index Cond: ((id >= 3846822) AND (id <= 3847821))

table 2 : explain SELECT SUM(k) FROM sbtest2 WHERE id BETWEEN 1016449 AND 1017448
	Aggregate  (cost=3951.77..3951.78 rows=1 width=8)
	  ->  Bitmap Heap Scan on sbtest2  (cost=30.89..3949.22 rows=1020 width=4)
	        Recheck Cond: ((id >= 1016449) AND (id <= 1017448))
	        ->  Bitmap Index Scan on sbtest2_pkey  (cost=0.00..30.64 rows=1020 width=0)
	              Index Cond: ((id >= 1016449) AND (id <= 1017448))

table 3 : explain SELECT SUM(k) FROM sbtest3 WHERE id BETWEEN 214387 AND 215386
	Aggregate  (cost=4078.20..4078.21 rows=1 width=8)
	  ->  Bitmap Heap Scan on sbtest3  (cost=31.24..4075.56 rows=1054 width=4)
	        Recheck Cond: ((id >= 214387) AND (id <= 215386))
	        ->  Bitmap Index Scan on sbtest3_pkey  (cost=0.00..30.97 rows=1054 width=0)
	              Index Cond: ((id >= 214387) AND (id <= 215386))

table 4 : explain SELECT SUM(k) FROM sbtest4 WHERE id BETWEEN 9098164 AND 9099163
	Aggregate  (cost=3668.38..3668.39 rows=1 width=8)
	  ->  Bitmap Heap Scan on sbtest4  (cost=30.12..3666.02 rows=945 width=4)
	        Recheck Cond: ((id >= 9098164) AND (id <= 9099163))
	        ->  Bitmap Index Scan on sbtest4_pkey  (cost=0.00..29.89 rows=945 width=0)
	              Index Cond: ((id >= 9098164) AND (id <= 9099163))

table 5 : explain SELECT SUM(k) FROM sbtest5 WHERE id BETWEEN 9412737 AND 9413736
	Aggregate  (cost=3910.51..3910.52 rows=1 width=8)
	  ->  Bitmap Heap Scan on sbtest5  (cost=30.78..3907.98 rows=1009 width=4)
	        Recheck Cond: ((id >= 9412737) AND (id <= 9413736))
	        ->  Bitmap Index Scan on sbtest5_pkey  (cost=0.00..30.52 rows=1009 width=0)
	              Index Cond: ((id >= 9412737) AND (id <= 9413736))

table 6 : explain SELECT SUM(k) FROM sbtest6 WHERE id BETWEEN 4842705 AND 4843704
	Aggregate  (cost=3456.16..3456.17 rows=1 width=8)
	  ->  Bitmap Heap Scan on sbtest6  (cost=29.55..3453.94 rows=889 width=4)
	        Recheck Cond: ((id >= 4842705) AND (id <= 4843704))
	        ->  Bitmap Index Scan on sbtest6_pkey  (cost=0.00..29.32 rows=889 width=0)
	              Index Cond: ((id >= 4842705) AND (id <= 4843704))

table 7 : explain SELECT SUM(k) FROM sbtest7 WHERE id BETWEEN 6415226 AND 6416225
	Aggregate  (cost=3843.92..3843.93 rows=1 width=8)
	  ->  Bitmap Heap Scan on sbtest7  (cost=30.60..3841.44 rows=992 width=4)
	        Recheck Cond: ((id >= 6415226) AND (id <= 6416225))
	        ->  Bitmap Index Scan on sbtest7_pkey  (cost=0.00..30.36 rows=992 width=0)
	              Index Cond: ((id >= 6415226) AND (id <= 6416225))

table 8 : explain SELECT SUM(k) FROM sbtest8 WHERE id BETWEEN 9328729 AND 9329728
	Aggregate  (cost=3861.43..3861.44 rows=1 width=8)
	  ->  Bitmap Heap Scan on sbtest8  (cost=30.64..3858.94 rows=996 width=4)
	        Recheck Cond: ((id >= 9328729) AND (id <= 9329728))
	        ->  Bitmap Index Scan on sbtest8_pkey  (cost=0.00..30.39 rows=996 width=0)
	              Index Cond: ((id >= 9328729) AND (id <= 9329728))

for: sum_ranges
table 1 : explain SELECT SUM(k) FROM sbtest1 WHERE id BETWEEN 4377900 AND 4378899
	Aggregate  (cost=3881.59..3881.60 rows=1 width=8)
	  ->  Bitmap Heap Scan on sbtest1  (cost=30.70..3879.09 rows=1001 width=4)
	        Recheck Cond: ((id >= 4377900) AND (id <= 4378899))
	        ->  Bitmap Index Scan on sbtest1_pkey  (cost=0.00..30.44 rows=1001 width=0)
	              Index Cond: ((id >= 4377900) AND (id <= 4378899))

table 2 : explain SELECT SUM(k) FROM sbtest2 WHERE id BETWEEN 1090778 AND 1091777
	Aggregate  (cost=3951.77..3951.78 rows=1 width=8)
	  ->  Bitmap Heap Scan on sbtest2  (cost=30.89..3949.22 rows=1020 width=4)
	        Recheck Cond: ((id >= 1090778) AND (id <= 1091777))
	        ->  Bitmap Index Scan on sbtest2_pkey  (cost=0.00..30.64 rows=1020 width=0)
	              Index Cond: ((id >= 1090778) AND (id <= 1091777))

table 3 : explain SELECT SUM(k) FROM sbtest3 WHERE id BETWEEN 660452 AND 661451
	Aggregate  (cost=3678.25..3678.26 rows=1 width=8)
	  ->  Bitmap Heap Scan on sbtest3  (cost=30.15..3675.88 rows=948 width=4)
	        Recheck Cond: ((id >= 660452) AND (id <= 661451))
	        ->  Bitmap Index Scan on sbtest3_pkey  (cost=0.00..29.91 rows=948 width=0)
	              Index Cond: ((id >= 660452) AND (id <= 661451))

table 4 : explain SELECT SUM(k) FROM sbtest4 WHERE id BETWEEN 8608680 AND 8609679
	Aggregate  (cost=4049.77..4049.78 rows=1 width=8)
	  ->  Bitmap Heap Scan on sbtest4  (cost=31.16..4047.16 rows=1046 width=4)
	        Recheck Cond: ((id >= 8608680) AND (id <= 8609679))
	        ->  Bitmap Index Scan on sbtest4_pkey  (cost=0.00..30.89 rows=1046 width=0)
	              Index Cond: ((id >= 8608680) AND (id <= 8609679))

table 5 : explain SELECT SUM(k) FROM sbtest5 WHERE id BETWEEN 7919814 AND 7920813
	Aggregate  (cost=3797.20..3797.21 rows=1 width=8)
	  ->  Bitmap Heap Scan on sbtest5  (cost=30.47..3794.76 rows=979 width=4)
	        Recheck Cond: ((id >= 7919814) AND (id <= 7920813))
	        ->  Bitmap Index Scan on sbtest5_pkey  (cost=0.00..30.22 rows=979 width=0)
	              Index Cond: ((id >= 7919814) AND (id <= 7920813))

table 6 : explain SELECT SUM(k) FROM sbtest6 WHERE id BETWEEN 3649371 AND 3650370
	Aggregate  (cost=3611.43..3611.44 rows=1 width=8)
	  ->  Bitmap Heap Scan on sbtest6  (cost=29.97..3609.10 rows=930 width=4)
	        Recheck Cond: ((id >= 3649371) AND (id <= 3650370))
	        ->  Bitmap Index Scan on sbtest6_pkey  (cost=0.00..29.73 rows=930 width=0)
	              Index Cond: ((id >= 3649371) AND (id <= 3650370))

table 7 : explain SELECT SUM(k) FROM sbtest7 WHERE id BETWEEN 1618792 AND 1619791
	Aggregate  (cost=4232.16..4232.17 rows=1 width=8)
	  ->  Bitmap Heap Scan on sbtest7  (cost=35.65..4229.42 rows=1094 width=4)
	        Recheck Cond: ((id >= 1618792) AND (id <= 1619791))
	        ->  Bitmap Index Scan on sbtest7_pkey  (cost=0.00..35.38 rows=1094 width=0)
	              Index Cond: ((id >= 1618792) AND (id <= 1619791))

table 8 : explain SELECT SUM(k) FROM sbtest8 WHERE id BETWEEN 8421415 AND 8422414
	Aggregate  (cost=3770.75..3770.76 rows=1 width=8)
	  ->  Bitmap Heap Scan on sbtest8  (cost=30.40..3768.32 rows=972 width=4)
	        Recheck Cond: ((id >= 8421415) AND (id <= 8422414))
	        ->  Bitmap Index Scan on sbtest8_pkey  (cost=0.00..30.15 rows=972 width=0)
	              Index Cond: ((id >= 8421415) AND (id <= 8422414))

for: simple_ranges
table 1 : explain SELECT c FROM sbtest1 WHERE id BETWEEN 7902689 AND 7903688
	Bitmap Heap Scan on sbtest1  (cost=31.18..4056.39 rows=1048 width=121)
	  Recheck Cond: ((id >= 7902689) AND (id <= 7903688))
	  ->  Bitmap Index Scan on sbtest1_pkey  (cost=0.00..30.91 rows=1048 width=0)
	        Index Cond: ((id >= 7902689) AND (id <= 7903688))

table 2 : explain SELECT c FROM sbtest2 WHERE id BETWEEN 2496169 AND 2497168
	Bitmap Heap Scan on sbtest2  (cost=30.51..3809.62 rows=983 width=121)
	  Recheck Cond: ((id >= 2496169) AND (id <= 2497168))
	  ->  Bitmap Index Scan on sbtest2_pkey  (cost=0.00..30.26 rows=983 width=0)
	        Index Cond: ((id >= 2496169) AND (id <= 2497168))

table 3 : explain SELECT c FROM sbtest3 WHERE id BETWEEN 1488078 AND 1489077
	Bitmap Heap Scan on sbtest3  (cost=30.21..3698.55 rows=954 width=121)
	  Recheck Cond: ((id >= 1488078) AND (id <= 1489077))
	  ->  Bitmap Index Scan on sbtest3_pkey  (cost=0.00..29.97 rows=954 width=0)
	        Index Cond: ((id >= 1488078) AND (id <= 1489077))

table 4 : explain SELECT c FROM sbtest4 WHERE id BETWEEN 2750158 AND 2751157
	Bitmap Heap Scan on sbtest4  (cost=30.59..3839.77 rows=991 width=121)
	  Recheck Cond: ((id >= 2750158) AND (id <= 2751157))
	  ->  Bitmap Index Scan on sbtest4_pkey  (cost=0.00..30.34 rows=991 width=0)
	        Index Cond: ((id >= 2750158) AND (id <= 2751157))

table 5 : explain SELECT c FROM sbtest5 WHERE id BETWEEN 8526569 AND 8527568
	Bitmap Heap Scan on sbtest5  (cost=30.47..3794.76 rows=979 width=121)
	  Recheck Cond: ((id >= 8526569) AND (id <= 8527568))
	  ->  Bitmap Index Scan on sbtest5_pkey  (cost=0.00..30.22 rows=979 width=0)
	        Index Cond: ((id >= 8526569) AND (id <= 8527568))

table 6 : explain SELECT c FROM sbtest6 WHERE id BETWEEN 5953482 AND 5954481
	Bitmap Heap Scan on sbtest6  (cost=30.52..3813.13 rows=984 width=121)
	  Recheck Cond: ((id >= 5953482) AND (id <= 5954481))
	  ->  Bitmap Index Scan on sbtest6_pkey  (cost=0.00..30.27 rows=984 width=0)
	        Index Cond: ((id >= 5953482) AND (id <= 5954481))

table 7 : explain SELECT c FROM sbtest7 WHERE id BETWEEN 5380715 AND 5381714
	Bitmap Heap Scan on sbtest7  (cost=29.55..3452.35 rows=889 width=121)
	  Recheck Cond: ((id >= 5380715) AND (id <= 5381714))
	  ->  Bitmap Index Scan on sbtest7_pkey  (cost=0.00..29.32 rows=889 width=0)
	        Index Cond: ((id >= 5380715) AND (id <= 5381714))

table 8 : explain SELECT c FROM sbtest8 WHERE id BETWEEN 9100447 AND 9101446
	Bitmap Heap Scan on sbtest8  (cost=30.55..3824.97 rows=987 width=121)
	  Recheck Cond: ((id >= 9100447) AND (id <= 9101446))
	  ->  Bitmap Index Scan on sbtest8_pkey  (cost=0.00..30.30 rows=987 width=0)
	        Index Cond: ((id >= 9100447) AND (id <= 9101446))

for: distinct_ranges
table 1 : explain SELECT DISTINCT c FROM sbtest1 WHERE id BETWEEN 6070963 AND 6071962 ORDER BY c
	Unique  (cost=3859.97..3864.89 rows=983 width=121)
	  ->  Sort  (cost=3859.97..3862.43 rows=983 width=121)
	        Sort Key: c
	        ->  Bitmap Heap Scan on sbtest1  (cost=30.51..3811.11 rows=983 width=121)
	              Recheck Cond: ((id >= 6070963) AND (id <= 6071962))
	              ->  Bitmap Index Scan on sbtest1_pkey  (cost=0.00..30.26 rows=983 width=0)
	                    Index Cond: ((id >= 6070963) AND (id <= 6071962))

table 2 : explain SELECT DISTINCT c FROM sbtest2 WHERE id BETWEEN 7224107 AND 7225106 ORDER BY c
	Unique  (cost=3923.62..3928.62 rows=1000 width=121)
	  ->  Sort  (cost=3923.62..3926.12 rows=1000 width=121)
	        Sort Key: c
	        ->  Bitmap Heap Scan on sbtest2  (cost=30.68..3873.79 rows=1000 width=121)
	              Recheck Cond: ((id >= 7224107) AND (id <= 7225106))
	              ->  Bitmap Index Scan on sbtest2_pkey  (cost=0.00..30.43 rows=1000 width=0)
	                    Index Cond: ((id >= 7224107) AND (id <= 7225106))

table 3 : explain SELECT DISTINCT c FROM sbtest3 WHERE id BETWEEN 138651 AND 139650 ORDER BY c
	Unique  (cost=4109.38..4114.62 rows=1049 width=121)
	  ->  Sort  (cost=4109.38..4112.00 rows=1049 width=121)
	        Sort Key: c
	        ->  Bitmap Heap Scan on sbtest3  (cost=31.19..4056.74 rows=1049 width=121)
	              Recheck Cond: ((id >= 138651) AND (id <= 139650))
	              ->  Bitmap Index Scan on sbtest3_pkey  (cost=0.00..30.93 rows=1049 width=0)
	                    Index Cond: ((id >= 138651) AND (id <= 139650))

table 4 : explain SELECT DISTINCT c FROM sbtest4 WHERE id BETWEEN 2260696 AND 2261695 ORDER BY c
	Unique  (cost=3797.10..3801.93 rows=967 width=121)
	  ->  Sort  (cost=3797.10..3799.52 rows=967 width=121)
	        Sort Key: c
	        ->  Bitmap Heap Scan on sbtest4  (cost=30.35..3749.15 rows=967 width=121)
	              Recheck Cond: ((id >= 2260696) AND (id <= 2261695))
	              ->  Bitmap Index Scan on sbtest4_pkey  (cost=0.00..30.11 rows=967 width=0)
	                    Index Cond: ((id >= 2260696) AND (id <= 2261695))

table 5 : explain SELECT DISTINCT c FROM sbtest5 WHERE id BETWEEN 547868 AND 548867 ORDER BY c
	Unique  (cost=3582.46..3587.01 rows=911 width=121)
	  ->  Sort  (cost=3582.46..3584.74 rows=911 width=121)
	        Sort Key: c
	        ->  Bitmap Heap Scan on sbtest5  (cost=29.77..3537.68 rows=911 width=121)
	              Recheck Cond: ((id >= 547868) AND (id <= 548867))
	              ->  Bitmap Index Scan on sbtest5_pkey  (cost=0.00..29.54 rows=911 width=0)
	                    Index Cond: ((id >= 547868) AND (id <= 548867))

table 6 : explain SELECT DISTINCT c FROM sbtest6 WHERE id BETWEEN 191861 AND 192860 ORDER BY c
	Unique  (cost=4202.77..4208.13 rows=1072 width=121)
	  ->  Sort  (cost=4202.77..4205.45 rows=1072 width=121)
	        Sort Key: c
	        ->  Bitmap Heap Scan on sbtest6  (cost=35.42..4148.82 rows=1072 width=121)
	              Recheck Cond: ((id >= 191861) AND (id <= 192860))
	              ->  Bitmap Index Scan on sbtest6_pkey  (cost=0.00..35.16 rows=1072 width=0)
	                    Index Cond: ((id >= 191861) AND (id <= 192860))

table 7 : explain SELECT DISTINCT c FROM sbtest7 WHERE id BETWEEN 1440104 AND 1441103 ORDER BY c
	Unique  (cost=3955.87..3960.92 rows=1009 width=121)
	  ->  Sort  (cost=3955.87..3958.40 rows=1009 width=121)
	        Sort Key: c
	        ->  Bitmap Heap Scan on sbtest7  (cost=30.78..3905.53 rows=1009 width=121)
	              Recheck Cond: ((id >= 1440104) AND (id <= 1441103))
	              ->  Bitmap Index Scan on sbtest7_pkey  (cost=0.00..30.52 rows=1009 width=0)
	                    Index Cond: ((id >= 1440104) AND (id <= 1441103))

table 8 : explain SELECT DISTINCT c FROM sbtest8 WHERE id BETWEEN 1631888 AND 1632887 ORDER BY c
	Unique  (cost=3831.89..3836.77 rows=976 width=121)
	  ->  Sort  (cost=3831.89..3834.33 rows=976 width=121)
	        Sort Key: c
	        ->  Bitmap Heap Scan on sbtest8  (cost=30.44..3783.43 rows=976 width=121)
	              Recheck Cond: ((id >= 1631888) AND (id <= 1632887))
	              ->  Bitmap Index Scan on sbtest8_pkey  (cost=0.00..30.19 rows=976 width=0)
	                    Index Cond: ((id >= 1631888) AND (id <= 1632887))

explain: for point_selects :: explain SELECT c FROM sbtest%u WHERE id=%u
explain: for point_selects :: explain SELECT c FROM sbtest%u WHERE id=%u
explain: for point_selects :: explain SELECT c FROM sbtest%u WHERE id=%u
for: order_ranges
table 1 : explain SELECT c FROM sbtest1 WHERE id BETWEEN 7543111 AND 7544110 ORDER BY c
	Sort  (cost=4189.48..4192.15 rows=1068 width=121)
	  Sort Key: c
	  ->  Bitmap Heap Scan on sbtest1  (cost=35.38..4135.76 rows=1068 width=121)
	        Recheck Cond: ((id >= 7543111) AND (id <= 7544110))
	        ->  Bitmap Index Scan on sbtest1_pkey  (cost=0.00..35.12 rows=1068 width=0)
	              Index Cond: ((id >= 7543111) AND (id <= 7544110))

table 2 : explain SELECT c FROM sbtest2 WHERE id BETWEEN 3627369 AND 3628368 ORDER BY c
	Sort  (cost=4095.85..4098.47 rows=1045 width=121)
	  Sort Key: c
	  ->  Bitmap Heap Scan on sbtest2  (cost=31.15..4043.45 rows=1045 width=121)
	        Recheck Cond: ((id >= 3627369) AND (id <= 3628368))
	        ->  Bitmap Index Scan on sbtest2_pkey  (cost=0.00..30.89 rows=1045 width=0)
	              Index Cond: ((id >= 3627369) AND (id <= 3628368))

table 3 : explain SELECT c FROM sbtest3 WHERE id BETWEEN 318490 AND 319489 ORDER BY c
	Sort  (cost=3565.46..3567.72 rows=907 width=121)
	  Sort Key: c
	  ->  Bitmap Heap Scan on sbtest3  (cost=29.73..3520.90 rows=907 width=121)
	        Recheck Cond: ((id >= 318490) AND (id <= 319489))
	        ->  Bitmap Index Scan on sbtest3_pkey  (cost=0.00..29.50 rows=907 width=0)
	              Index Cond: ((id >= 318490) AND (id <= 319489))

table 4 : explain SELECT c FROM sbtest4 WHERE id BETWEEN 75867 AND 76866 ORDER BY c
	Sort  (cost=4072.84..4075.44 rows=1039 width=121)
	  Sort Key: c
	  ->  Bitmap Heap Scan on sbtest4  (cost=31.08..4020.78 rows=1039 width=121)
	        Recheck Cond: ((id >= 75867) AND (id <= 76866))
	        ->  Bitmap Index Scan on sbtest4_pkey  (cost=0.00..30.82 rows=1039 width=0)
	              Index Cond: ((id >= 75867) AND (id <= 76866))

table 5 : explain SELECT c FROM sbtest5 WHERE id BETWEEN 3980835 AND 3981834 ORDER BY c
	Sort  (cost=4264.49..4267.21 rows=1088 width=121)
	  Sort Key: c
	  ->  Bitmap Heap Scan on sbtest5  (cost=35.59..4209.62 rows=1088 width=121)
	        Recheck Cond: ((id >= 3980835) AND (id <= 3981834))
	        ->  Bitmap Index Scan on sbtest5_pkey  (cost=0.00..35.32 rows=1088 width=0)
	              Index Cond: ((id >= 3980835) AND (id <= 3981834))

table 6 : explain SELECT c FROM sbtest6 WHERE id BETWEEN 9594033 AND 9595032 ORDER BY c
	Sort  (cost=4145.44..4148.08 rows=1057 width=121)
	  Sort Key: c
	  ->  Bitmap Heap Scan on sbtest6  (cost=35.27..4092.35 rows=1057 width=121)
	        Recheck Cond: ((id >= 9594033) AND (id <= 9595032))
	        ->  Bitmap Index Scan on sbtest6_pkey  (cost=0.00..35.01 rows=1057 width=0)
	              Index Cond: ((id >= 9594033) AND (id <= 9595032))

table 7 : explain SELECT c FROM sbtest7 WHERE id BETWEEN 6806245 AND 6807244 ORDER BY c
	Sort  (cost=4032.37..4034.94 rows=1029 width=121)
	  Sort Key: c
	  ->  Bitmap Heap Scan on sbtest7  (cost=30.98..3980.88 rows=1029 width=121)
	        Recheck Cond: ((id >= 6806245) AND (id <= 6807244))
	        ->  Bitmap Index Scan on sbtest7_pkey  (cost=0.00..30.72 rows=1029 width=0)
	              Index Cond: ((id >= 6806245) AND (id <= 6807244))

table 8 : explain SELECT c FROM sbtest8 WHERE id BETWEEN 22252 AND 23251 ORDER BY c
	Sort  (cost=3824.23..3826.66 rows=974 width=121)
	  Sort Key: c
	  ->  Bitmap Heap Scan on sbtest8  (cost=30.42..3775.88 rows=974 width=121)
	        Recheck Cond: ((id >= 22252) AND (id <= 23251))
	        ->  Bitmap Index Scan on sbtest8_pkey  (cost=0.00..30.18 rows=974 width=0)
	              Index Cond: ((id >= 22252) AND (id <= 23251))

for: distinct_ranges
table 1 : explain SELECT DISTINCT c FROM sbtest1 WHERE id BETWEEN 120682 AND 121681 ORDER BY c
	Unique  (cost=3994.11..3999.20 rows=1018 width=121)
	  ->  Sort  (cost=3994.11..3996.65 rows=1018 width=121)
	        Sort Key: c
	        ->  Bitmap Heap Scan on sbtest1  (cost=30.87..3943.25 rows=1018 width=121)
	              Recheck Cond: ((id >= 120682) AND (id <= 121681))
	              ->  Bitmap Index Scan on sbtest1_pkey  (cost=0.00..30.61 rows=1018 width=0)
	                    Index Cond: ((id >= 120682) AND (id <= 121681))

table 2 : explain SELECT DISTINCT c FROM sbtest2 WHERE id BETWEEN 8065859 AND 8066858 ORDER BY c
	Unique  (cost=4310.05..4315.55 rows=1100 width=121)
	  ->  Sort  (cost=4310.05..4312.80 rows=1100 width=121)
	        Sort Key: c
	        ->  Bitmap Heap Scan on sbtest2  (cost=35.71..4254.48 rows=1100 width=121)
	              Recheck Cond: ((id >= 8065859) AND (id <= 8066858))
	              ->  Bitmap Index Scan on sbtest2_pkey  (cost=0.00..35.44 rows=1100 width=0)
	                    Index Cond: ((id >= 8065859) AND (id <= 8066858))

table 3 : explain SELECT DISTINCT c FROM sbtest3 WHERE id BETWEEN 30886 AND 31885 ORDER BY c
	Unique  (cost=4418.84..4424.49 rows=1130 width=121)
	  ->  Sort  (cost=4418.84..4421.66 rows=1130 width=121)
	        Sort Key: c
	        ->  Bitmap Heap Scan on sbtest3  (cost=36.02..4361.54 rows=1130 width=121)
	              Recheck Cond: ((id >= 30886) AND (id <= 31885))
	              ->  Bitmap Index Scan on sbtest3_pkey  (cost=0.00..35.73 rows=1130 width=0)
	                    Index Cond: ((id >= 30886) AND (id <= 31885))

table 4 : explain SELECT DISTINCT c FROM sbtest4 WHERE id BETWEEN 1175819 AND 1176818 ORDER BY c
	Unique  (cost=3992.48..3997.57 rows=1018 width=121)
	  ->  Sort  (cost=3992.48..3995.02 rows=1018 width=121)
	        Sort Key: c
	        ->  Bitmap Heap Scan on sbtest4  (cost=30.87..3941.62 rows=1018 width=121)
	              Recheck Cond: ((id >= 1175819) AND (id <= 1176818))
	              ->  Bitmap Index Scan on sbtest4_pkey  (cost=0.00..30.61 rows=1018 width=0)
	                    Index Cond: ((id >= 1175819) AND (id <= 1176818))

table 5 : explain SELECT DISTINCT c FROM sbtest5 WHERE id BETWEEN 8433057 AND 8434056 ORDER BY c
	Unique  (cost=3797.38..3802.22 rows=967 width=121)
	  ->  Sort  (cost=3797.38..3799.80 rows=967 width=121)
	        Sort Key: c
	        ->  Bitmap Heap Scan on sbtest5  (cost=30.35..3749.43 rows=967 width=121)
	              Recheck Cond: ((id >= 8433057) AND (id <= 8434056))
	              ->  Bitmap Index Scan on sbtest5_pkey  (cost=0.00..30.11 rows=967 width=0)
	                    Index Cond: ((id >= 8433057) AND (id <= 8434056))

table 6 : explain SELECT DISTINCT c FROM sbtest6 WHERE id BETWEEN 9445936 AND 9446935 ORDER BY c
	Unique  (cost=4153.09..4158.38 rows=1059 width=121)
	  ->  Sort  (cost=4153.09..4155.73 rows=1059 width=121)
	        Sort Key: c
	        ->  Bitmap Heap Scan on sbtest6  (cost=35.29..4099.88 rows=1059 width=121)
	              Recheck Cond: ((id >= 9445936) AND (id <= 9446935))
	              ->  Bitmap Index Scan on sbtest6_pkey  (cost=0.00..35.03 rows=1059 width=0)
	                    Index Cond: ((id >= 9445936) AND (id <= 9446935))

table 7 : explain SELECT DISTINCT c FROM sbtest7 WHERE id BETWEEN 9248995 AND 9249994 ORDER BY c
	Unique  (cost=3752.93..3757.71 rows=956 width=121)
	  ->  Sort  (cost=3752.93..3755.32 rows=956 width=121)
	        Sort Key: c
	        ->  Bitmap Heap Scan on sbtest7  (cost=30.23..3705.61 rows=956 width=121)
	              Recheck Cond: ((id >= 9248995) AND (id <= 9249994))
	              ->  Bitmap Index Scan on sbtest7_pkey  (cost=0.00..30.00 rows=956 width=0)
	                    Index Cond: ((id >= 9248995) AND (id <= 9249994))

table 8 : explain SELECT DISTINCT c FROM sbtest8 WHERE id BETWEEN 3252649 AND 3253648 ORDER BY c
	Unique  (cost=4004.28..4009.38 rows=1021 width=121)
	  ->  Sort  (cost=4004.28..4006.83 rows=1021 width=121)
	        Sort Key: c
	        ->  Bitmap Heap Scan on sbtest8  (cost=30.90..3953.25 rows=1021 width=121)
	              Recheck Cond: ((id >= 3252649) AND (id <= 3253648))
	              ->  Bitmap Index Scan on sbtest8_pkey  (cost=0.00..30.64 rows=1021 width=0)
	                    Index Cond: ((id >= 3252649) AND (id <= 3253648))

explain: for point_selects :: explain SELECT c FROM sbtest%u WHERE id=%u
for: order_ranges
table 1 : explain SELECT c FROM sbtest1 WHERE id BETWEEN 8652845 AND 8653844 ORDER BY c
	Sort  (cost=3798.60..3801.02 rows=967 width=121)
	  Sort Key: c
	  ->  Bitmap Heap Scan on sbtest1  (cost=30.35..3750.65 rows=967 width=121)
	        Recheck Cond: ((id >= 8652845) AND (id <= 8653844))
	        ->  Bitmap Index Scan on sbtest1_pkey  (cost=0.00..30.11 rows=967 width=0)
	              Index Cond: ((id >= 8652845) AND (id <= 8653844))

table 2 : explain SELECT c FROM sbtest2 WHERE id BETWEEN 9655891 AND 9656890 ORDER BY c
	Sort  (cost=3942.76..3945.28 rows=1005 width=121)
	  Sort Key: c
	  ->  Bitmap Heap Scan on sbtest2  (cost=30.74..3892.65 rows=1005 width=121)
	        Recheck Cond: ((id >= 9655891) AND (id <= 9656890))
	        ->  Bitmap Index Scan on sbtest2_pkey  (cost=0.00..30.48 rows=1005 width=0)
	              Index Cond: ((id >= 9655891) AND (id <= 9656890))

table 3 : explain SELECT c FROM sbtest3 WHERE id BETWEEN 1607990 AND 1608989 ORDER BY c
	Sort  (cost=3948.75..3951.27 rows=1007 width=121)
	  Sort Key: c
	  ->  Bitmap Heap Scan on sbtest3  (cost=30.76..3898.52 rows=1007 width=121)
	        Recheck Cond: ((id >= 1607990) AND (id <= 1608989))
	        ->  Bitmap Index Scan on sbtest3_pkey  (cost=0.00..30.50 rows=1007 width=0)
	              Index Cond: ((id >= 1607990) AND (id <= 1608989))

table 4 : explain SELECT c FROM sbtest4 WHERE id BETWEEN 144461 AND 145460 ORDER BY c
	Sort  (cost=4134.03..4136.67 rows=1055 width=121)
	  Sort Key: c
	  ->  Bitmap Heap Scan on sbtest4  (cost=31.25..4081.06 rows=1055 width=121)
	        Recheck Cond: ((id >= 144461) AND (id <= 145460))
	        ->  Bitmap Index Scan on sbtest4_pkey  (cost=0.00..30.98 rows=1055 width=0)
	              Index Cond: ((id >= 144461) AND (id <= 145460))

table 5 : explain SELECT c FROM sbtest5 WHERE id BETWEEN 7858578 AND 7859577 ORDER BY c
	Sort  (cost=3988.96..3991.50 rows=1017 width=121)
	  Sort Key: c
	  ->  Bitmap Heap Scan on sbtest5  (cost=30.86..3938.16 rows=1017 width=121)
	        Recheck Cond: ((id >= 7858578) AND (id <= 7859577))
	        ->  Bitmap Index Scan on sbtest5_pkey  (cost=0.00..30.61 rows=1017 width=0)
	              Index Cond: ((id >= 7858578) AND (id <= 7859577))

table 6 : explain SELECT c FROM sbtest6 WHERE id BETWEEN 2344445 AND 2345444 ORDER BY c
	Sort  (cost=3823.72..3826.16 rows=974 width=121)
	  Sort Key: c
	  ->  Bitmap Heap Scan on sbtest6  (cost=30.42..3775.37 rows=974 width=121)
	        Recheck Cond: ((id >= 2344445) AND (id <= 2345444))
	        ->  Bitmap Index Scan on sbtest6_pkey  (cost=0.00..30.18 rows=974 width=0)
	              Index Cond: ((id >= 2344445) AND (id <= 2345444))

table 7 : explain SELECT c FROM sbtest7 WHERE id BETWEEN 3935027 AND 3936026 ORDER BY c
	Sort  (cost=4005.60..4008.15 rows=1022 width=121)
	  Sort Key: c
	  ->  Bitmap Heap Scan on sbtest7  (cost=30.91..3954.51 rows=1022 width=121)
	        Recheck Cond: ((id >= 3935027) AND (id <= 3936026))
	        ->  Bitmap Index Scan on sbtest7_pkey  (cost=0.00..30.65 rows=1022 width=0)
	              Index Cond: ((id >= 3935027) AND (id <= 3936026))

table 8 : explain SELECT c FROM sbtest8 WHERE id BETWEEN 9634984 AND 9635983 ORDER BY c
	Sort  (cost=4065.51..4068.10 rows=1037 width=121)
	  Sort Key: c
	  ->  Bitmap Heap Scan on sbtest8  (cost=31.06..4013.57 rows=1037 width=121)
	        Recheck Cond: ((id >= 9634984) AND (id <= 9635983))
	        ->  Bitmap Index Scan on sbtest8_pkey  (cost=0.00..30.80 rows=1037 width=0)
	              Index Cond: ((id >= 9634984) AND (id <= 9635983))

for point_selects
table 1 : explain SELECT c FROM sbtest1 WHERE id=9842501
	Index Scan using sbtest1_pkey on sbtest1  (cost=0.43..8.45 rows=1 width=121)
	  Index Cond: (id = 9842501)

table 2 : explain SELECT c FROM sbtest2 WHERE id=7621231
	Index Scan using sbtest2_pkey on sbtest2  (cost=0.43..8.45 rows=1 width=121)
	  Index Cond: (id = 7621231)

table 3 : explain SELECT c FROM sbtest3 WHERE id=7460734
	Index Scan using sbtest3_pkey on sbtest3  (cost=0.43..8.45 rows=1 width=121)
	  Index Cond: (id = 7460734)

table 4 : explain SELECT c FROM sbtest4 WHERE id=5346974
	Index Scan using sbtest4_pkey on sbtest4  (cost=0.43..8.45 rows=1 width=121)
	  Index Cond: (id = 5346974)

table 5 : explain SELECT c FROM sbtest5 WHERE id=4855610
	Index Scan using sbtest5_pkey on sbtest5  (cost=0.43..8.45 rows=1 width=121)
	  Index Cond: (id = 4855610)

table 6 : explain SELECT c FROM sbtest6 WHERE id=9367205
	Index Scan using sbtest6_pkey on sbtest6  (cost=0.43..8.45 rows=1 width=121)
	  Index Cond: (id = 9367205)

table 7 : explain SELECT c FROM sbtest7 WHERE id=6747231
	Index Scan using sbtest7_pkey on sbtest7  (cost=0.43..8.45 rows=1 width=121)
	  Index Cond: (id = 6747231)

table 8 : explain SELECT c FROM sbtest8 WHERE id=9459946
	Index Scan using sbtest8_pkey on sbtest8  (cost=0.43..8.45 rows=1 width=121)
	  Index Cond: (id = 9459946)

for: order_ranges
table 1 : explain SELECT c FROM sbtest1 WHERE id BETWEEN 142315 AND 143314 ORDER BY c
	Sort  (cost=3994.11..3996.65 rows=1018 width=121)
	  Sort Key: c
	  ->  Bitmap Heap Scan on sbtest1  (cost=30.87..3943.25 rows=1018 width=121)
	        Recheck Cond: ((id >= 142315) AND (id <= 143314))
	        ->  Bitmap Index Scan on sbtest1_pkey  (cost=0.00..30.61 rows=1018 width=0)
	              Index Cond: ((id >= 142315) AND (id <= 143314))

table 2 : explain SELECT c FROM sbtest2 WHERE id BETWEEN 447390 AND 448389 ORDER BY c
	Sort  (cost=3843.15..3845.60 rows=979 width=121)
	  Sort Key: c
	  ->  Bitmap Heap Scan on sbtest2  (cost=30.47..3794.52 rows=979 width=121)
	        Recheck Cond: ((id >= 447390) AND (id <= 448389))
	        ->  Bitmap Index Scan on sbtest2_pkey  (cost=0.00..30.22 rows=979 width=0)
	              Index Cond: ((id >= 447390) AND (id <= 448389))

table 3 : explain SELECT c FROM sbtest3 WHERE id BETWEEN 373030 AND 374029 ORDER BY c
	Sort  (cost=3565.46..3567.72 rows=907 width=121)
	  Sort Key: c
	  ->  Bitmap Heap Scan on sbtest3  (cost=29.73..3520.90 rows=907 width=121)
	        Recheck Cond: ((id >= 373030) AND (id <= 374029))
	        ->  Bitmap Index Scan on sbtest3_pkey  (cost=0.00..29.50 rows=907 width=0)
	              Index Cond: ((id >= 373030) AND (id <= 374029))

table 4 : explain SELECT c FROM sbtest4 WHERE id BETWEEN 9085138 AND 9086137 ORDER BY c
	Sort  (cost=3735.74..3738.12 rows=951 width=121)
	  Sort Key: c
	  ->  Bitmap Heap Scan on sbtest4  (cost=30.18..3688.69 rows=951 width=121)
	        Recheck Cond: ((id >= 9085138) AND (id <= 9086137))
	        ->  Bitmap Index Scan on sbtest4_pkey  (cost=0.00..29.94 rows=951 width=0)
	              Index Cond: ((id >= 9085138) AND (id <= 9086137))

table 5 : explain SELECT c FROM sbtest5 WHERE id BETWEEN 7498875 AND 7499874 ORDER BY c
	Sort  (cost=3862.55..3865.01 rows=984 width=121)
	  Sort Key: c
	  ->  Bitmap Heap Scan on sbtest5  (cost=30.52..3813.63 rows=984 width=121)
	        Recheck Cond: ((id >= 7498875) AND (id <= 7499874))
	        ->  Bitmap Index Scan on sbtest5_pkey  (cost=0.00..30.27 rows=984 width=0)
	              Index Cond: ((id >= 7498875) AND (id <= 7499874))

table 6 : explain SELECT c FROM sbtest6 WHERE id BETWEEN 9445061 AND 9446060 ORDER BY c
	Sort  (cost=4153.09..4155.73 rows=1059 width=121)
	  Sort Key: c
	  ->  Bitmap Heap Scan on sbtest6  (cost=35.29..4099.88 rows=1059 width=121)
	        Recheck Cond: ((id >= 9445061) AND (id <= 9446060))
	        ->  Bitmap Index Scan on sbtest6_pkey  (cost=0.00..35.03 rows=1059 width=0)
	              Index Cond: ((id >= 9445061) AND (id <= 9446060))

table 7 : explain SELECT c FROM sbtest7 WHERE id BETWEEN 2501130 AND 2502129 ORDER BY c
	Sort  (cost=3722.27..3724.64 rows=948 width=121)
	  Sort Key: c
	  ->  Bitmap Heap Scan on sbtest7  (cost=30.15..3675.40 rows=948 width=121)
	        Recheck Cond: ((id >= 2501130) AND (id <= 2502129))
	        ->  Bitmap Index Scan on sbtest7_pkey  (cost=0.00..29.91 rows=948 width=0)
	              Index Cond: ((id >= 2501130) AND (id <= 2502129))

table 8 : explain SELECT c FROM sbtest8 WHERE id BETWEEN 9998169 AND 9999168 ORDER BY c
	Sort  (cost=3724.51..3726.88 rows=948 width=121)
	  Sort Key: c
	  ->  Bitmap Heap Scan on sbtest8  (cost=30.15..3677.64 rows=948 width=121)
	        Recheck Cond: ((id >= 9998169) AND (id <= 9999168))
	        ->  Bitmap Index Scan on sbtest8_pkey  (cost=0.00..29.91 rows=948 width=0)
	              Index Cond: ((id >= 9998169) AND (id <= 9999168))

for: order_ranges
table 1 : explain SELECT c FROM sbtest1 WHERE id BETWEEN 8020251 AND 8021250 ORDER BY c
	Sort  (cost=3917.48..3919.97 rows=998 width=121)
	  Sort Key: c
	  ->  Bitmap Heap Scan on sbtest1  (cost=30.66..3867.76 rows=998 width=121)
	        Recheck Cond: ((id >= 8020251) AND (id <= 8021250))
	        ->  Bitmap Index Scan on sbtest1_pkey  (cost=0.00..30.41 rows=998 width=0)
	              Index Cond: ((id >= 8020251) AND (id <= 8021250))

table 2 : explain SELECT c FROM sbtest2 WHERE id BETWEEN 7778419 AND 7779418 ORDER BY c
	Sort  (cost=3961.91..3964.44 rows=1010 width=121)
	  Sort Key: c
	  ->  Bitmap Heap Scan on sbtest2  (cost=30.79..3911.51 rows=1010 width=121)
	        Recheck Cond: ((id >= 7778419) AND (id <= 7779418))
	        ->  Bitmap Index Scan on sbtest2_pkey  (cost=0.00..30.54 rows=1010 width=0)
	              Index Cond: ((id >= 7778419) AND (id <= 7779418))

table 3 : explain SELECT c FROM sbtest3 WHERE id BETWEEN 3130536 AND 3131535 ORDER BY c
	Sort  (cost=3607.68..3609.98 rows=918 width=121)
	  Sort Key: c
	  ->  Bitmap Heap Scan on sbtest3  (cost=29.84..3562.50 rows=918 width=121)
	        Recheck Cond: ((id >= 3130536) AND (id <= 3131535))
	        ->  Bitmap Index Scan on sbtest3_pkey  (cost=0.00..29.61 rows=918 width=0)
	              Index Cond: ((id >= 3130536) AND (id <= 3131535))

table 4 : explain SELECT c FROM sbtest4 WHERE id BETWEEN 894771 AND 895770 ORDER BY c
	Sort  (cost=3785.60..3788.01 rows=964 width=121)
	  Sort Key: c
	  ->  Bitmap Heap Scan on sbtest4  (cost=30.32..3737.82 rows=964 width=121)
	        Recheck Cond: ((id >= 894771) AND (id <= 895770))
	        ->  Bitmap Index Scan on sbtest4_pkey  (cost=0.00..30.07 rows=964 width=0)
	              Index Cond: ((id >= 894771) AND (id <= 895770))

table 5 : explain SELECT c FROM sbtest5 WHERE id BETWEEN 6350329 AND 6351328 ORDER BY c
	Sort  (cost=3985.13..3987.67 rows=1016 width=121)
	  Sort Key: c
	  ->  Bitmap Heap Scan on sbtest5  (cost=30.85..3934.39 rows=1016 width=121)
	        Recheck Cond: ((id >= 6350329) AND (id <= 6351328))
	        ->  Bitmap Index Scan on sbtest5_pkey  (cost=0.00..30.59 rows=1016 width=0)
	              Index Cond: ((id >= 6350329) AND (id <= 6351328))

table 6 : explain SELECT c FROM sbtest6 WHERE id BETWEEN 5773995 AND 5774994 ORDER BY c
	Sort  (cost=4260.08..4262.80 rows=1087 width=121)
	  Sort Key: c
	  ->  Bitmap Heap Scan on sbtest6  (cost=35.58..4205.26 rows=1087 width=121)
	        Recheck Cond: ((id >= 5773995) AND (id <= 5774994))
	        ->  Bitmap Index Scan on sbtest6_pkey  (cost=0.00..35.31 rows=1087 width=0)
	              Index Cond: ((id >= 5773995) AND (id <= 5774994))

table 7 : explain SELECT c FROM sbtest7 WHERE id BETWEEN 7972704 AND 7973703 ORDER BY c
	Sort  (cost=3971.18..3973.71 rows=1013 width=121)
	  Sort Key: c
	  ->  Bitmap Heap Scan on sbtest7  (cost=30.82..3920.61 rows=1013 width=121)
	        Recheck Cond: ((id >= 7972704) AND (id <= 7973703))
	        ->  Bitmap Index Scan on sbtest7_pkey  (cost=0.00..30.57 rows=1013 width=0)
	              Index Cond: ((id >= 7972704) AND (id <= 7973703))

table 8 : explain SELECT c FROM sbtest8 WHERE id BETWEEN 6826939 AND 6827938 ORDER BY c
	Sort  (cost=4199.53..4202.21 rows=1071 width=121)
	  Sort Key: c
	  ->  Bitmap Heap Scan on sbtest8  (cost=35.41..4145.64 rows=1071 width=121)
	        Recheck Cond: ((id >= 6826939) AND (id <= 6827938))
	        ->  Bitmap Index Scan on sbtest8_pkey  (cost=0.00..35.15 rows=1071 width=0)
	              Index Cond: ((id >= 6826939) AND (id <= 6827938))

explain: for point_selects :: explain SELECT c FROM sbtest%u WHERE id=%u
for point_selects
table 1 : explain SELECT c FROM sbtest1 WHERE id=2720874
	Index Scan using sbtest1_pkey on sbtest1  (cost=0.43..8.45 rows=1 width=121)
	  Index Cond: (id = 2720874)

table 2 : explain SELECT c FROM sbtest2 WHERE id=2237723
	Index Scan using sbtest2_pkey on sbtest2  (cost=0.43..8.45 rows=1 width=121)
	  Index Cond: (id = 2237723)

table 3 : explain SELECT c FROM sbtest3 WHERE id=3185543
	Index Scan using sbtest3_pkey on sbtest3  (cost=0.43..8.45 rows=1 width=121)
	  Index Cond: (id = 3185543)

table 4 : explain SELECT c FROM sbtest4 WHERE id=5614089
	Index Scan using sbtest4_pkey on sbtest4  (cost=0.43..8.45 rows=1 width=121)
	  Index Cond: (id = 5614089)

table 5 : explain SELECT c FROM sbtest5 WHERE id=3712397
	Index Scan using sbtest5_pkey on sbtest5  (cost=0.43..8.45 rows=1 width=121)
	  Index Cond: (id = 3712397)

table 6 : explain SELECT c FROM sbtest6 WHERE id=6243802
	Index Scan using sbtest6_pkey on sbtest6  (cost=0.43..8.45 rows=1 width=121)
	  Index Cond: (id = 6243802)

table 7 : explain SELECT c FROM sbtest7 WHERE id=6317200
	Index Scan using sbtest7_pkey on sbtest7  (cost=0.43..8.45 rows=1 width=121)
	  Index Cond: (id = 6317200)

table 8 : explain SELECT c FROM sbtest8 WHERE id=818529
	Index Scan using sbtest8_pkey on sbtest8  (cost=0.43..8.45 rows=1 width=121)
	  Index Cond: (id = 818529)

for: order_ranges
table 1 : explain SELECT c FROM sbtest1 WHERE id BETWEEN 8879280 AND 8880279 ORDER BY c
	Sort  (cost=3679.62..3681.96 rows=936 width=121)
	  Sort Key: c
	  ->  Bitmap Heap Scan on sbtest1  (cost=30.03..3633.42 rows=936 width=121)
	        Recheck Cond: ((id >= 8879280) AND (id <= 8880279))
	        ->  Bitmap Index Scan on sbtest1_pkey  (cost=0.00..29.79 rows=936 width=0)
	              Index Cond: ((id >= 8879280) AND (id <= 8880279))

table 2 : explain SELECT c FROM sbtest2 WHERE id BETWEEN 954310 AND 955309 ORDER BY c
	Sort  (cost=3712.77..3715.14 rows=945 width=121)
	  Sort Key: c
	  ->  Bitmap Heap Scan on sbtest2  (cost=30.12..3666.07 rows=945 width=121)
	        Recheck Cond: ((id >= 954310) AND (id <= 955309))
	        ->  Bitmap Index Scan on sbtest2_pkey  (cost=0.00..29.89 rows=945 width=0)
	              Index Cond: ((id >= 954310) AND (id <= 955309))

table 3 : explain SELECT c FROM sbtest3 WHERE id BETWEEN 5993777 AND 5994776 ORDER BY c
	Sort  (cost=4097.91..4100.53 rows=1046 width=121)
	  Sort Key: c
	  ->  Bitmap Heap Scan on sbtest3  (cost=31.16..4045.45 rows=1046 width=121)
	        Recheck Cond: ((id >= 5993777) AND (id <= 5994776))
	        ->  Bitmap Index Scan on sbtest3_pkey  (cost=0.00..30.89 rows=1046 width=0)
	              Index Cond: ((id >= 5993777) AND (id <= 5994776))

table 4 : explain SELECT c FROM sbtest4 WHERE id BETWEEN 8430821 AND 8431820 ORDER BY c
	Sort  (cost=3843.10..3845.55 rows=979 width=121)
	  Sort Key: c
	  ->  Bitmap Heap Scan on sbtest4  (cost=30.47..3794.47 rows=979 width=121)
	        Recheck Cond: ((id >= 8430821) AND (id <= 8431820))
	        ->  Bitmap Index Scan on sbtest4_pkey  (cost=0.00..30.22 rows=979 width=0)
	              Index Cond: ((id >= 8430821) AND (id <= 8431820))

table 5 : explain SELECT c FROM sbtest5 WHERE id BETWEEN 6228509 AND 6229508 ORDER BY c
	Sort  (cost=3785.88..3788.29 rows=964 width=121)
	  Sort Key: c
	  ->  Bitmap Heap Scan on sbtest5  (cost=30.32..3738.10 rows=964 width=121)
	        Recheck Cond: ((id >= 6228509) AND (id <= 6229508))
	        ->  Bitmap Index Scan on sbtest5_pkey  (cost=0.00..30.07 rows=964 width=0)
	              Index Cond: ((id >= 6228509) AND (id <= 6229508))

table 6 : explain SELECT c FROM sbtest6 WHERE id BETWEEN 7032657 AND 7033656 ORDER BY c
	Sort  (cost=3846.72..3849.17 rows=980 width=121)
	  Sort Key: c
	  ->  Bitmap Heap Scan on sbtest6  (cost=30.48..3798.03 rows=980 width=121)
	        Recheck Cond: ((id >= 7032657) AND (id <= 7033656))
	        ->  Bitmap Index Scan on sbtest6_pkey  (cost=0.00..30.23 rows=980 width=0)
	              Index Cond: ((id >= 7032657) AND (id <= 7033656))

table 7 : explain SELECT c FROM sbtest7 WHERE id BETWEEN 7496518 AND 7497517 ORDER BY c
	Sort  (cost=3737.60..3739.98 rows=952 width=121)
	  Sort Key: c
	  ->  Bitmap Heap Scan on sbtest7  (cost=30.19..3690.51 rows=952 width=121)
	        Recheck Cond: ((id >= 7496518) AND (id <= 7497517))
	        ->  Bitmap Index Scan on sbtest7_pkey  (cost=0.00..29.95 rows=952 width=0)
	              Index Cond: ((id >= 7496518) AND (id <= 7497517))

table 8 : explain SELECT c FROM sbtest8 WHERE id BETWEEN 5637782 AND 5638781 ORDER BY c
	Sort  (cost=3985.13..3987.67 rows=1016 width=121)
	  Sort Key: c
	  ->  Bitmap Heap Scan on sbtest8  (cost=30.85..3934.39 rows=1016 width=121)
	        Recheck Cond: ((id >= 5637782) AND (id <= 5638781))
	        ->  Bitmap Index Scan on sbtest8_pkey  (cost=0.00..30.59 rows=1016 width=0)
	              Index Cond: ((id >= 5637782) AND (id <= 5638781))

for: distinct_ranges
table 1 : explain SELECT DISTINCT c FROM sbtest1 WHERE id BETWEEN 7183036 AND 7184035 ORDER BY c
	Unique  (cost=4120.45..4125.70 rows=1051 width=121)
	  ->  Sort  (cost=4120.45..4123.07 rows=1051 width=121)
	        Sort Key: c
	        ->  Bitmap Heap Scan on sbtest1  (cost=31.21..4067.70 rows=1051 width=121)
	              Recheck Cond: ((id >= 7183036) AND (id <= 7184035))
	              ->  Bitmap Index Scan on sbtest1_pkey  (cost=0.00..30.94 rows=1051 width=0)
	                    Index Cond: ((id >= 7183036) AND (id <= 7184035))

table 2 : explain SELECT DISTINCT c FROM sbtest2 WHERE id BETWEEN 851789 AND 852788 ORDER BY c
	Unique  (cost=3823.99..3828.86 rows=974 width=121)
	  ->  Sort  (cost=3823.99..3826.42 rows=974 width=121)
	        Sort Key: c
	        ->  Bitmap Heap Scan on sbtest2  (cost=30.42..3775.64 rows=974 width=121)
	              Recheck Cond: ((id >= 851789) AND (id <= 852788))
	              ->  Bitmap Index Scan on sbtest2_pkey  (cost=0.00..30.18 rows=974 width=0)
	                    Index Cond: ((id >= 851789) AND (id <= 852788))

table 3 : explain SELECT DISTINCT c FROM sbtest3 WHERE id BETWEEN 7666322 AND 7667321 ORDER BY c
	Unique  (cost=3830.06..3834.94 rows=976 width=121)
	  ->  Sort  (cost=3830.06..3832.50 rows=976 width=121)
	        Sort Key: c
	        ->  Bitmap Heap Scan on sbtest3  (cost=30.44..3781.60 rows=976 width=121)
	              Recheck Cond: ((id >= 7666322) AND (id <= 7667321))
	              ->  Bitmap Index Scan on sbtest3_pkey  (cost=0.00..30.19 rows=976 width=0)
	                    Index Cond: ((id >= 7666322) AND (id <= 7667321))

table 4 : explain SELECT DISTINCT c FROM sbtest4 WHERE id BETWEEN 3628718 AND 3629717 ORDER BY c
	Unique  (cost=3823.93..3828.80 rows=974 width=121)
	  ->  Sort  (cost=3823.93..3826.37 rows=974 width=121)
	        Sort Key: c
	        ->  Bitmap Heap Scan on sbtest4  (cost=30.42..3775.59 rows=974 width=121)
	              Recheck Cond: ((id >= 3628718) AND (id <= 3629717))
	              ->  Bitmap Index Scan on sbtest4_pkey  (cost=0.00..30.18 rows=974 width=0)
	                    Index Cond: ((id >= 3628718) AND (id <= 3629717))

table 5 : explain SELECT DISTINCT c FROM sbtest5 WHERE id BETWEEN 5793524 AND 5794523 ORDER BY c
	Unique  (cost=3900.87..3905.84 rows=994 width=121)
	  ->  Sort  (cost=3900.87..3903.36 rows=994 width=121)
	        Sort Key: c
	        ->  Bitmap Heap Scan on sbtest5  (cost=30.62..3851.38 rows=994 width=121)
	              Recheck Cond: ((id >= 5793524) AND (id <= 5794523))
	              ->  Bitmap Index Scan on sbtest5_pkey  (cost=0.00..30.37 rows=994 width=0)
	                    Index Cond: ((id >= 5793524) AND (id <= 5794523))

table 6 : explain SELECT DISTINCT c FROM sbtest6 WHERE id BETWEEN 210919 AND 211918 ORDER BY c
	Unique  (cost=4202.77..4208.13 rows=1072 width=121)
	  ->  Sort  (cost=4202.77..4205.45 rows=1072 width=121)
	        Sort Key: c
	        ->  Bitmap Heap Scan on sbtest6  (cost=35.42..4148.82 rows=1072 width=121)
	              Recheck Cond: ((id >= 210919) AND (id <= 211918))
	              ->  Bitmap Index Scan on sbtest6_pkey  (cost=0.00..35.16 rows=1072 width=0)
	                    Index Cond: ((id >= 210919) AND (id <= 211918))

table 7 : explain SELECT DISTINCT c FROM sbtest7 WHERE id BETWEEN 3529195 AND 3530194 ORDER BY c
	Unique  (cost=4128.10..4133.36 rows=1053 width=121)
	  ->  Sort  (cost=4128.10..4130.73 rows=1053 width=121)
	        Sort Key: c
	        ->  Bitmap Heap Scan on sbtest7  (cost=35.23..4075.23 rows=1053 width=121)
	              Recheck Cond: ((id >= 3529195) AND (id <= 3530194))
	              ->  Bitmap Index Scan on sbtest7_pkey  (cost=0.00..34.97 rows=1053 width=0)
	                    Index Cond: ((id >= 3529195) AND (id <= 3530194))

table 8 : explain SELECT DISTINCT c FROM sbtest8 WHERE id BETWEEN 8424828 AND 8425827 ORDER BY c
	Unique  (cost=3816.56..3821.42 rows=972 width=121)
	  ->  Sort  (cost=3816.56..3818.99 rows=972 width=121)
	        Sort Key: c
	        ->  Bitmap Heap Scan on sbtest8  (cost=30.40..3768.32 rows=972 width=121)
	              Recheck Cond: ((id >= 8424828) AND (id <= 8425827))
	              ->  Bitmap Index Scan on sbtest8_pkey  (cost=0.00..30.15 rows=972 width=0)
	                    Index Cond: ((id >= 8424828) AND (id <= 8425827))

for: sum_ranges
table 1 : explain SELECT SUM(k) FROM sbtest1 WHERE id BETWEEN 4079874 AND 4080873
	Aggregate  (cost=3639.55..3639.56 rows=1 width=8)
	  ->  Bitmap Heap Scan on sbtest1  (cost=30.04..3637.21 rows=937 width=4)
	        Recheck Cond: ((id >= 4079874) AND (id <= 4080873))
	        ->  Bitmap Index Scan on sbtest1_pkey  (cost=0.00..29.80 rows=937 width=0)
	              Index Cond: ((id >= 4079874) AND (id <= 4080873))

table 2 : explain SELECT SUM(k) FROM sbtest2 WHERE id BETWEEN 830970 AND 831969
	Aggregate  (cost=3778.08..3778.09 rows=1 width=8)
	  ->  Bitmap Heap Scan on sbtest2  (cost=30.42..3775.64 rows=974 width=4)
	        Recheck Cond: ((id >= 830970) AND (id <= 831969))
	        ->  Bitmap Index Scan on sbtest2_pkey  (cost=0.00..30.18 rows=974 width=0)
	              Index Cond: ((id >= 830970) AND (id <= 831969))

table 3 : explain SELECT SUM(k) FROM sbtest3 WHERE id BETWEEN 5504852 AND 5505851
	Aggregate  (cost=3678.25..3678.26 rows=1 width=8)
	  ->  Bitmap Heap Scan on sbtest3  (cost=30.15..3675.88 rows=948 width=4)
	        Recheck Cond: ((id >= 5504852) AND (id <= 5505851))
	        ->  Bitmap Index Scan on sbtest3_pkey  (cost=0.00..29.91 rows=948 width=0)
	              Index Cond: ((id >= 5504852) AND (id <= 5505851))

table 4 : explain SELECT SUM(k) FROM sbtest4 WHERE id BETWEEN 7139640 AND 7140639
	Aggregate  (cost=3796.91..3796.92 rows=1 width=8)
	  ->  Bitmap Heap Scan on sbtest4  (cost=30.47..3794.47 rows=979 width=4)
	        Recheck Cond: ((id >= 7139640) AND (id <= 7140639))
	        ->  Bitmap Index Scan on sbtest4_pkey  (cost=0.00..30.22 rows=979 width=0)
	              Index Cond: ((id >= 7139640) AND (id <= 7140639))

table 5 : explain SELECT SUM(k) FROM sbtest5 WHERE id BETWEEN 6763690 AND 6764689
	Aggregate  (cost=3861.42..3861.43 rows=1 width=8)
	  ->  Bitmap Heap Scan on sbtest5  (cost=30.64..3858.93 rows=996 width=4)
	        Recheck Cond: ((id >= 6763690) AND (id <= 6764689))
	        ->  Bitmap Index Scan on sbtest5_pkey  (cost=0.00..30.39 rows=996 width=0)
	              Index Cond: ((id >= 6763690) AND (id <= 6764689))

table 6 : explain SELECT SUM(k) FROM sbtest6 WHERE id BETWEEN 8209818 AND 8210817
	Aggregate  (cost=3959.03..3959.04 rows=1 width=8)
	  ->  Bitmap Heap Scan on sbtest6  (cost=30.91..3956.48 rows=1022 width=4)
	        Recheck Cond: ((id >= 8209818) AND (id <= 8210817))
	        ->  Bitmap Index Scan on sbtest6_pkey  (cost=0.00..30.65 rows=1022 width=0)
	              Index Cond: ((id >= 8209818) AND (id <= 8210817))

table 7 : explain SELECT SUM(k) FROM sbtest7 WHERE id BETWEEN 1236400 AND 1237399
	Aggregate  (cost=3726.89..3726.90 rows=1 width=8)
	  ->  Bitmap Heap Scan on sbtest7  (cost=30.29..3724.48 rows=961 width=4)
	        Recheck Cond: ((id >= 1236400) AND (id <= 1237399))
	        ->  Bitmap Index Scan on sbtest7_pkey  (cost=0.00..30.04 rows=961 width=0)
	              Index Cond: ((id >= 1236400) AND (id <= 1237399))

table 8 : explain SELECT SUM(k) FROM sbtest8 WHERE id BETWEEN 8453049 AND 8454048
	Aggregate  (cost=3770.75..3770.76 rows=1 width=8)
	  ->  Bitmap Heap Scan on sbtest8  (cost=30.40..3768.32 rows=972 width=4)
	        Recheck Cond: ((id >= 8453049) AND (id <= 8454048))
	        ->  Bitmap Index Scan on sbtest8_pkey  (cost=0.00..30.15 rows=972 width=0)
	              Index Cond: ((id >= 8453049) AND (id <= 8454048))

explain: for point_selects :: explain SELECT c FROM sbtest%u WHERE id=%u
for point_selects
table 1 : explain SELECT c FROM sbtest1 WHERE id=500497
	Index Scan using sbtest1_pkey on sbtest1  (cost=0.43..8.45 rows=1 width=121)
	  Index Cond: (id = 500497)

table 2 : explain SELECT c FROM sbtest2 WHERE id=1622420
	Index Scan using sbtest2_pkey on sbtest2  (cost=0.43..8.45 rows=1 width=121)
	  Index Cond: (id = 1622420)

table 3 : explain SELECT c FROM sbtest3 WHERE id=4236730
	Index Scan using sbtest3_pkey on sbtest3  (cost=0.43..8.45 rows=1 width=121)
	  Index Cond: (id = 4236730)

table 4 : explain SELECT c FROM sbtest4 WHERE id=850565
	Index Scan using sbtest4_pkey on sbtest4  (cost=0.43..8.45 rows=1 width=121)
	  Index Cond: (id = 850565)

table 5 : explain SELECT c FROM sbtest5 WHERE id=154750
	Index Scan using sbtest5_pkey on sbtest5  (cost=0.43..8.45 rows=1 width=121)
	  Index Cond: (id = 154750)

table 6 : explain SELECT c FROM sbtest6 WHERE id=9477773
	Index Scan using sbtest6_pkey on sbtest6  (cost=0.43..8.45 rows=1 width=121)
	  Index Cond: (id = 9477773)

table 7 : explain SELECT c FROM sbtest7 WHERE id=9579382
	Index Scan using sbtest7_pkey on sbtest7  (cost=0.43..8.45 rows=1 width=121)
	  Index Cond: (id = 9579382)

table 8 : explain SELECT c FROM sbtest8 WHERE id=7296228
	Index Scan using sbtest8_pkey on sbtest8  (cost=0.43..8.45 rows=1 width=121)
	  Index Cond: (id = 7296228)

explain: for point_selects :: explain SELECT c FROM sbtest%u WHERE id=%u
for point_selects
table 1 : explain SELECT c FROM sbtest1 WHERE id=1512524
	Index Scan using sbtest1_pkey on sbtest1  (cost=0.43..8.45 rows=1 width=121)
	  Index Cond: (id = 1512524)

table 2 : explain SELECT c FROM sbtest2 WHERE id=6995914
	Index Scan using sbtest2_pkey on sbtest2  (cost=0.43..8.45 rows=1 width=121)
	  Index Cond: (id = 6995914)

table 3 : explain SELECT c FROM sbtest3 WHERE id=910160
	Index Scan using sbtest3_pkey on sbtest3  (cost=0.43..8.45 rows=1 width=121)
	  Index Cond: (id = 910160)

table 4 : explain SELECT c FROM sbtest4 WHERE id=4886208
	Index Scan using sbtest4_pkey on sbtest4  (cost=0.43..8.45 rows=1 width=121)
	  Index Cond: (id = 4886208)

table 5 : explain SELECT c FROM sbtest5 WHERE id=602083
	Index Scan using sbtest5_pkey on sbtest5  (cost=0.43..8.45 rows=1 width=121)
	  Index Cond: (id = 602083)

table 6 : explain SELECT c FROM sbtest6 WHERE id=1540653
	Index Scan using sbtest6_pkey on sbtest6  (cost=0.43..8.45 rows=1 width=121)
	  Index Cond: (id = 1540653)

table 7 : explain SELECT c FROM sbtest7 WHERE id=2407066
	Index Scan using sbtest7_pkey on sbtest7  (cost=0.43..8.45 rows=1 width=121)
	  Index Cond: (id = 2407066)

table 8 : explain SELECT c FROM sbtest8 WHERE id=5029416
	Index Scan using sbtest8_pkey on sbtest8  (cost=0.43..8.45 rows=1 width=121)
	  Index Cond: (id = 5029416)

for: distinct_ranges
table 1 : explain SELECT DISTINCT c FROM sbtest1 WHERE id BETWEEN 5982057 AND 5983056 ORDER BY c
	Unique  (cost=3737.21..3741.96 rows=951 width=121)
	  ->  Sort  (cost=3737.21..3739.58 rows=951 width=121)
	        Sort Key: c
	        ->  Bitmap Heap Scan on sbtest1  (cost=30.18..3690.16 rows=951 width=121)
	              Recheck Cond: ((id >= 5982057) AND (id <= 5983056))
	              ->  Bitmap Index Scan on sbtest1_pkey  (cost=0.00..29.94 rows=951 width=0)
	                    Index Cond: ((id >= 5982057) AND (id <= 5983056))

table 2 : explain SELECT DISTINCT c FROM sbtest2 WHERE id BETWEEN 1766101 AND 1767100 ORDER BY c
	Unique  (cost=4302.41..4307.90 rows=1098 width=121)
	  ->  Sort  (cost=4302.41..4305.16 rows=1098 width=121)
	        Sort Key: c
	        ->  Bitmap Heap Scan on sbtest2  (cost=35.69..4246.96 rows=1098 width=121)
	              Recheck Cond: ((id >= 1766101) AND (id <= 1767100))
	              ->  Bitmap Index Scan on sbtest2_pkey  (cost=0.00..35.42 rows=1098 width=0)
	                    Index Cond: ((id >= 1766101) AND (id <= 1767100))

table 3 : explain SELECT DISTINCT c FROM sbtest3 WHERE id BETWEEN 5028984 AND 5029983 ORDER BY c
	Unique  (cost=4338.66..4344.20 rows=1108 width=121)
	  ->  Sort  (cost=4338.66..4341.43 rows=1108 width=121)
	        Sort Key: c
	        ->  Bitmap Heap Scan on sbtest3  (cost=35.79..4282.63 rows=1108 width=121)
	              Recheck Cond: ((id >= 5028984) AND (id <= 5029983))
	              ->  Bitmap Index Scan on sbtest3_pkey  (cost=0.00..35.52 rows=1108 width=0)
	                    Index Cond: ((id >= 5028984) AND (id <= 5029983))

table 4 : explain SELECT DISTINCT c FROM sbtest4 WHERE id BETWEEN 3265173 AND 3266172 ORDER BY c
	Unique  (cost=3869.92..3874.85 rows=986 width=121)
	  ->  Sort  (cost=3869.92..3872.39 rows=986 width=121)
	        Sort Key: c
	        ->  Bitmap Heap Scan on sbtest4  (cost=30.54..3820.89 rows=986 width=121)
	              Recheck Cond: ((id >= 3265173) AND (id <= 3266172))
	              ->  Bitmap Index Scan on sbtest4_pkey  (cost=0.00..30.29 rows=986 width=0)
	                    Index Cond: ((id >= 3265173) AND (id <= 3266172))

table 5 : explain SELECT DISTINCT c FROM sbtest5 WHERE id BETWEEN 532587 AND 533586 ORDER BY c
	Unique  (cost=3582.46..3587.01 rows=911 width=121)
	  ->  Sort  (cost=3582.46..3584.74 rows=911 width=121)
	        Sort Key: c
	        ->  Bitmap Heap Scan on sbtest5  (cost=29.77..3537.68 rows=911 width=121)
	              Recheck Cond: ((id >= 532587) AND (id <= 533586))
	              ->  Bitmap Index Scan on sbtest5_pkey  (cost=0.00..29.54 rows=911 width=0)
	                    Index Cond: ((id >= 532587) AND (id <= 533586))

table 6 : explain SELECT DISTINCT c FROM sbtest6 WHERE id BETWEEN 5998570 AND 5999569 ORDER BY c
	Unique  (cost=3862.04..3866.96 rows=984 width=121)
	  ->  Sort  (cost=3862.04..3864.50 rows=984 width=121)
	        Sort Key: c
	        ->  Bitmap Heap Scan on sbtest6  (cost=30.52..3813.13 rows=984 width=121)
	              Recheck Cond: ((id >= 5998570) AND (id <= 5999569))
	              ->  Bitmap Index Scan on sbtest6_pkey  (cost=0.00..30.27 rows=984 width=0)
	                    Index Cond: ((id >= 5998570) AND (id <= 5999569))

table 7 : explain SELECT DISTINCT c FROM sbtest7 WHERE id BETWEEN 5941052 AND 5942051 ORDER BY c
	Unique  (cost=3837.22..3842.11 rows=978 width=121)
	  ->  Sort  (cost=3837.22..3839.66 rows=978 width=121)
	        Sort Key: c
	        ->  Bitmap Heap Scan on sbtest7  (cost=30.46..3788.64 rows=978 width=121)
	              Recheck Cond: ((id >= 5941052) AND (id <= 5942051))
	              ->  Bitmap Index Scan on sbtest7_pkey  (cost=0.00..30.21 rows=978 width=0)
	                    Index Cond: ((id >= 5941052) AND (id <= 5942051))

table 8 : explain SELECT DISTINCT c FROM sbtest8 WHERE id BETWEEN 5993449 AND 5994448 ORDER BY c
	Unique  (cost=3593.99..3598.56 rows=914 width=121)
	  ->  Sort  (cost=3593.99..3596.27 rows=914 width=121)
	        Sort Key: c
	        ->  Bitmap Heap Scan on sbtest8  (cost=29.80..3549.04 rows=914 width=121)
	              Recheck Cond: ((id >= 5993449) AND (id <= 5994448))
	              ->  Bitmap Index Scan on sbtest8_pkey  (cost=0.00..29.57 rows=914 width=0)
	                    Index Cond: ((id >= 5993449) AND (id <= 5994448))

for point_selects
table 1 : explain SELECT c FROM sbtest1 WHERE id=5972872
	Index Scan using sbtest1_pkey on sbtest1  (cost=0.43..8.45 rows=1 width=121)
	  Index Cond: (id = 5972872)

table 2 : explain SELECT c FROM sbtest2 WHERE id=3057338
	Index Scan using sbtest2_pkey on sbtest2  (cost=0.43..8.45 rows=1 width=121)
	  Index Cond: (id = 3057338)

table 3 : explain SELECT c FROM sbtest3 WHERE id=7963539
	Index Scan using sbtest3_pkey on sbtest3  (cost=0.43..8.45 rows=1 width=121)
	  Index Cond: (id = 7963539)

table 4 : explain SELECT c FROM sbtest4 WHERE id=318229
	Index Scan using sbtest4_pkey on sbtest4  (cost=0.43..8.45 rows=1 width=121)
	  Index Cond: (id = 318229)

table 5 : explain SELECT c FROM sbtest5 WHERE id=7126227
	Index Scan using sbtest5_pkey on sbtest5  (cost=0.43..8.45 rows=1 width=121)
	  Index Cond: (id = 7126227)

table 6 : explain SELECT c FROM sbtest6 WHERE id=8075653
	Index Scan using sbtest6_pkey on sbtest6  (cost=0.43..8.45 rows=1 width=121)
	  Index Cond: (id = 8075653)

table 7 : explain SELECT c FROM sbtest7 WHERE id=9311652
	Index Scan using sbtest7_pkey on sbtest7  (cost=0.43..8.45 rows=1 width=121)
	  Index Cond: (id = 9311652)

table 8 : explain SELECT c FROM sbtest8 WHERE id=4829509
	Index Scan using sbtest8_pkey on sbtest8  (cost=0.43..8.45 rows=1 width=121)
	  Index Cond: (id = 4829509)

for: simple_ranges
table 1 : explain SELECT c FROM sbtest1 WHERE id BETWEEN 8784879 AND 8785878
	Bitmap Heap Scan on sbtest1  (cost=31.18..4056.39 rows=1048 width=121)
	  Recheck Cond: ((id >= 8784879) AND (id <= 8785878))
	  ->  Bitmap Index Scan on sbtest1_pkey  (cost=0.00..30.91 rows=1048 width=0)
	        Index Cond: ((id >= 8784879) AND (id <= 8785878))

table 2 : explain SELECT c FROM sbtest2 WHERE id BETWEEN 695489 AND 696488
	Bitmap Heap Scan on sbtest2  (cost=31.19..4058.52 rows=1049 width=121)
	  Recheck Cond: ((id >= 695489) AND (id <= 696488))
	  ->  Bitmap Index Scan on sbtest2_pkey  (cost=0.00..30.93 rows=1049 width=0)
	        Index Cond: ((id >= 695489) AND (id <= 696488))

table 3 : explain SELECT c FROM sbtest3 WHERE id BETWEEN 1926409 AND 1927408
	Bitmap Heap Scan on sbtest3  (cost=31.39..4132.01 rows=1069 width=121)
	  Recheck Cond: ((id >= 1926409) AND (id <= 1927408))
	  ->  Bitmap Index Scan on sbtest3_pkey  (cost=0.00..31.12 rows=1069 width=0)
	        Index Cond: ((id >= 1926409) AND (id <= 1927408))

table 4 : explain SELECT c FROM sbtest4 WHERE id BETWEEN 4736268 AND 4737267
	Bitmap Heap Scan on sbtest4  (cost=29.92..3590.39 rows=925 width=121)
	  Recheck Cond: ((id >= 4736268) AND (id <= 4737267))
	  ->  Bitmap Index Scan on sbtest4_pkey  (cost=0.00..29.68 rows=925 width=0)
	        Index Cond: ((id >= 4736268) AND (id <= 4737267))

table 5 : explain SELECT c FROM sbtest5 WHERE id BETWEEN 586659 AND 587658
	Bitmap Heap Scan on sbtest5  (cost=29.77..3537.68 rows=911 width=121)
	  Recheck Cond: ((id >= 586659) AND (id <= 587658))
	  ->  Bitmap Index Scan on sbtest5_pkey  (cost=0.00..29.54 rows=911 width=0)
	        Index Cond: ((id >= 586659) AND (id <= 587658))

table 6 : explain SELECT c FROM sbtest6 WHERE id BETWEEN 3088175 AND 3089174
	Bitmap Heap Scan on sbtest6  (cost=30.02..3628.01 rows=935 width=121)
	  Recheck Cond: ((id >= 3088175) AND (id <= 3089174))
	  ->  Bitmap Index Scan on sbtest6_pkey  (cost=0.00..29.79 rows=935 width=0)
	        Index Cond: ((id >= 3088175) AND (id <= 3089174))

table 7 : explain SELECT c FROM sbtest7 WHERE id BETWEEN 1508125 AND 1509124
	Bitmap Heap Scan on sbtest7  (cost=35.53..4184.31 rows=1082 width=121)
	  Recheck Cond: ((id >= 1508125) AND (id <= 1509124))
	  ->  Bitmap Index Scan on sbtest7_pkey  (cost=0.00..35.26 rows=1082 width=0)
	        Index Cond: ((id >= 1508125) AND (id <= 1509124))

table 8 : explain SELECT c FROM sbtest8 WHERE id BETWEEN 7735794 AND 7736793
	Bitmap Heap Scan on sbtest8  (cost=30.93..3964.56 rows=1024 width=121)
	  Recheck Cond: ((id >= 7735794) AND (id <= 7736793))
	  ->  Bitmap Index Scan on sbtest8_pkey  (cost=0.00..30.68 rows=1024 width=0)
	        Index Cond: ((id >= 7735794) AND (id <= 7736793))

for: distinct_ranges
table 1 : explain SELECT DISTINCT c FROM sbtest1 WHERE id BETWEEN 3167104 AND 3168103 ORDER BY c
	Unique  (cost=3913.64..3918.63 rows=997 width=121)
	  ->  Sort  (cost=3913.64..3916.14 rows=997 width=121)
	        Sort Key: c
	        ->  Bitmap Heap Scan on sbtest1  (cost=30.65..3863.98 rows=997 width=121)
	              Recheck Cond: ((id >= 3167104) AND (id <= 3168103))
	              ->  Bitmap Index Scan on sbtest1_pkey  (cost=0.00..30.40 rows=997 width=0)
	                    Index Cond: ((id >= 3167104) AND (id <= 3168103))

table 2 : explain SELECT DISTINCT c FROM sbtest2 WHERE id BETWEEN 6582469 AND 6583468 ORDER BY c
	Unique  (cost=3712.77..3717.50 rows=945 width=121)
	  ->  Sort  (cost=3712.77..3715.14 rows=945 width=121)
	        Sort Key: c
	        ->  Bitmap Heap Scan on sbtest2  (cost=30.12..3666.07 rows=945 width=121)
	              Recheck Cond: ((id >= 6582469) AND (id <= 6583468))
	              ->  Bitmap Index Scan on sbtest2_pkey  (cost=0.00..29.89 rows=945 width=0)
	                    Index Cond: ((id >= 6582469) AND (id <= 6583468))

table 3 : explain SELECT DISTINCT c FROM sbtest3 WHERE id BETWEEN 1588522 AND 1589521 ORDER BY c
	Unique  (cost=3948.75..3953.79 rows=1007 width=121)
	  ->  Sort  (cost=3948.75..3951.27 rows=1007 width=121)
	        Sort Key: c
	        ->  Bitmap Heap Scan on sbtest3  (cost=30.76..3898.52 rows=1007 width=121)
	              Recheck Cond: ((id >= 1588522) AND (id <= 1589521))
	              ->  Bitmap Index Scan on sbtest3_pkey  (cost=0.00..30.50 rows=1007 width=0)
	                    Index Cond: ((id >= 1588522) AND (id <= 1589521))

table 4 : explain SELECT DISTINCT c FROM sbtest4 WHERE id BETWEEN 5070226 AND 5071225 ORDER BY c
	Unique  (cost=3931.22..3936.23 rows=1002 width=121)
	  ->  Sort  (cost=3931.22..3933.72 rows=1002 width=121)
	        Sort Key: c
	        ->  Bitmap Heap Scan on sbtest4  (cost=30.71..3881.27 rows=1002 width=121)
	              Recheck Cond: ((id >= 5070226) AND (id <= 5071225))
	              ->  Bitmap Index Scan on sbtest4_pkey  (cost=0.00..30.45 rows=1002 width=0)
	                    Index Cond: ((id >= 5070226) AND (id <= 5071225))

table 5 : explain SELECT DISTINCT c FROM sbtest5 WHERE id BETWEEN 4136997 AND 4137996 ORDER BY c
	Unique  (cost=3808.89..3813.74 rows=970 width=121)
	  ->  Sort  (cost=3808.89..3811.31 rows=970 width=121)
	        Sort Key: c
	        ->  Bitmap Heap Scan on sbtest5  (cost=30.38..3760.76 rows=970 width=121)
	              Recheck Cond: ((id >= 4136997) AND (id <= 4137996))
	              ->  Bitmap Index Scan on sbtest5_pkey  (cost=0.00..30.14 rows=970 width=0)
	                    Index Cond: ((id >= 4136997) AND (id <= 4137996))

table 6 : explain SELECT DISTINCT c FROM sbtest6 WHERE id BETWEEN 4430687 AND 4431686 ORDER BY c
	Unique  (cost=4011.39..4016.50 rows=1023 width=121)
	  ->  Sort  (cost=4011.39..4013.95 rows=1023 width=121)
	        Sort Key: c
	        ->  Bitmap Heap Scan on sbtest6  (cost=30.92..3960.25 rows=1023 width=121)
	              Recheck Cond: ((id >= 4430687) AND (id <= 4431686))
	              ->  Bitmap Index Scan on sbtest6_pkey  (cost=0.00..30.66 rows=1023 width=0)
	                    Index Cond: ((id >= 4430687) AND (id <= 4431686))

table 7 : explain SELECT DISTINCT c FROM sbtest7 WHERE id BETWEEN 4779266 AND 4780265 ORDER BY c
	Unique  (cost=3909.96..3914.94 rows=997 width=121)
	  ->  Sort  (cost=3909.96..3912.45 rows=997 width=121)
	        Sort Key: c
	        ->  Bitmap Heap Scan on sbtest7  (cost=30.65..3860.30 rows=997 width=121)
	              Recheck Cond: ((id >= 4779266) AND (id <= 4780265))
	              ->  Bitmap Index Scan on sbtest7_pkey  (cost=0.00..30.40 rows=997 width=0)
	                    Index Cond: ((id >= 4779266) AND (id <= 4780265))

table 8 : explain SELECT DISTINCT c FROM sbtest8 WHERE id BETWEEN 8461707 AND 8462706 ORDER BY c
	Unique  (cost=3816.56..3821.42 rows=972 width=121)
	  ->  Sort  (cost=3816.56..3818.99 rows=972 width=121)
	        Sort Key: c
	        ->  Bitmap Heap Scan on sbtest8  (cost=30.40..3768.32 rows=972 width=121)
	              Recheck Cond: ((id >= 8461707) AND (id <= 8462706))
	              ->  Bitmap Index Scan on sbtest8_pkey  (cost=0.00..30.15 rows=972 width=0)
	                    Index Cond: ((id >= 8461707) AND (id <= 8462706))

explain: for point_selects :: explain SELECT c FROM sbtest%u WHERE id=%u
for: simple_ranges
table 1 : explain SELECT c FROM sbtest1 WHERE id BETWEEN 4780432 AND 4781431
	Bitmap Heap Scan on sbtest1  (cost=30.47..3796.00 rows=979 width=121)
	  Recheck Cond: ((id >= 4780432) AND (id <= 4781431))
	  ->  Bitmap Index Scan on sbtest1_pkey  (cost=0.00..30.22 rows=979 width=0)
	        Index Cond: ((id >= 4780432) AND (id <= 4781431))

table 2 : explain SELECT c FROM sbtest2 WHERE id BETWEEN 4595507 AND 4596506
	Bitmap Heap Scan on sbtest2  (cost=30.44..3783.19 rows=976 width=121)
	  Recheck Cond: ((id >= 4595507) AND (id <= 4596506))
	  ->  Bitmap Index Scan on sbtest2_pkey  (cost=0.00..30.19 rows=976 width=0)
	        Index Cond: ((id >= 4595507) AND (id <= 4596506))

table 3 : explain SELECT c FROM sbtest3 WHERE id BETWEEN 5462476 AND 5463475
	Bitmap Heap Scan on sbtest3  (cost=30.15..3675.88 rows=948 width=121)
	  Recheck Cond: ((id >= 5462476) AND (id <= 5463475))
	  ->  Bitmap Index Scan on sbtest3_pkey  (cost=0.00..29.91 rows=948 width=0)
	        Index Cond: ((id >= 5462476) AND (id <= 5463475))

table 4 : explain SELECT c FROM sbtest4 WHERE id BETWEEN 8133816 AND 8134815
	Bitmap Heap Scan on sbtest4  (cost=30.92..3960.47 rows=1023 width=121)
	  Recheck Cond: ((id >= 8133816) AND (id <= 8134815))
	  ->  Bitmap Index Scan on sbtest4_pkey  (cost=0.00..30.66 rows=1023 width=0)
	        Index Cond: ((id >= 8133816) AND (id <= 8134815))

table 5 : explain SELECT c FROM sbtest5 WHERE id BETWEEN 7906441 AND 7907440
	Bitmap Heap Scan on sbtest5  (cost=30.47..3794.76 rows=979 width=121)
	  Recheck Cond: ((id >= 7906441) AND (id <= 7907440))
	  ->  Bitmap Index Scan on sbtest5_pkey  (cost=0.00..30.22 rows=979 width=0)
	        Index Cond: ((id >= 7906441) AND (id <= 7907440))

table 6 : explain SELECT c FROM sbtest6 WHERE id BETWEEN 9012306 AND 9013305
	Bitmap Heap Scan on sbtest6  (cost=30.94..3967.79 rows=1025 width=121)
	  Recheck Cond: ((id >= 9012306) AND (id <= 9013305))
	  ->  Bitmap Index Scan on sbtest6_pkey  (cost=0.00..30.68 rows=1025 width=0)
	        Index Cond: ((id >= 9012306) AND (id <= 9013305))

table 7 : explain SELECT c FROM sbtest7 WHERE id BETWEEN 1802211 AND 1803210
	Bitmap Heap Scan on sbtest7  (cost=30.73..3886.69 rows=1004 width=121)
	  Recheck Cond: ((id >= 1802211) AND (id <= 1803210))
	  ->  Bitmap Index Scan on sbtest7_pkey  (cost=0.00..30.47 rows=1004 width=0)
	        Index Cond: ((id >= 1802211) AND (id <= 1803210))

table 8 : explain SELECT c FROM sbtest8 WHERE id BETWEEN 4284647 AND 4285646
	Bitmap Heap Scan on sbtest8  (cost=36.07..4382.60 rows=1135 width=121)
	  Recheck Cond: ((id >= 4284647) AND (id <= 4285646))
	  ->  Bitmap Index Scan on sbtest8_pkey  (cost=0.00..35.79 rows=1135 width=0)
	        Index Cond: ((id >= 4284647) AND (id <= 4285646))

explain: for point_selects :: explain SELECT c FROM sbtest%u WHERE id=%u
for point_selects
table 1 : explain SELECT c FROM sbtest1 WHERE id=7442552
	Index Scan using sbtest1_pkey on sbtest1  (cost=0.43..8.45 rows=1 width=121)
	  Index Cond: (id = 7442552)

table 2 : explain SELECT c FROM sbtest2 WHERE id=6423123
	Index Scan using sbtest2_pkey on sbtest2  (cost=0.43..8.45 rows=1 width=121)
	  Index Cond: (id = 6423123)

table 3 : explain SELECT c FROM sbtest3 WHERE id=5532314
	Index Scan using sbtest3_pkey on sbtest3  (cost=0.43..8.45 rows=1 width=121)
	  Index Cond: (id = 5532314)

table 4 : explain SELECT c FROM sbtest4 WHERE id=2112976
	Index Scan using sbtest4_pkey on sbtest4  (cost=0.43..8.45 rows=1 width=121)
	  Index Cond: (id = 2112976)

table 5 : explain SELECT c FROM sbtest5 WHERE id=8475118
	Index Scan using sbtest5_pkey on sbtest5  (cost=0.43..8.45 rows=1 width=121)
	  Index Cond: (id = 8475118)

table 6 : explain SELECT c FROM sbtest6 WHERE id=5544885
	Index Scan using sbtest6_pkey on sbtest6  (cost=0.43..8.45 rows=1 width=121)
	  Index Cond: (id = 5544885)

table 7 : explain SELECT c FROM sbtest7 WHERE id=6602133
	Index Scan using sbtest7_pkey on sbtest7  (cost=0.43..8.45 rows=1 width=121)
	  Index Cond: (id = 6602133)

table 8 : explain SELECT c FROM sbtest8 WHERE id=6490757
	Index Scan using sbtest8_pkey on sbtest8  (cost=0.43..8.45 rows=1 width=121)
	  Index Cond: (id = 6490757)

for: simple_ranges
table 1 : explain SELECT c FROM sbtest1 WHERE id BETWEEN 367501 AND 368500
	Bitmap Heap Scan on sbtest1  (cost=30.54..3822.44 rows=986 width=121)
	  Recheck Cond: ((id >= 367501) AND (id <= 368500))
	  ->  Bitmap Index Scan on sbtest1_pkey  (cost=0.00..30.29 rows=986 width=0)
	        Index Cond: ((id >= 367501) AND (id <= 368500))

table 2 : explain SELECT c FROM sbtest2 WHERE id BETWEEN 8287399 AND 8288398
	Bitmap Heap Scan on sbtest2  (cost=30.98..3983.15 rows=1029 width=121)
	  Recheck Cond: ((id >= 8287399) AND (id <= 8288398))
	  ->  Bitmap Index Scan on sbtest2_pkey  (cost=0.00..30.72 rows=1029 width=0)
	        Index Cond: ((id >= 8287399) AND (id <= 8288398))

table 3 : explain SELECT c FROM sbtest3 WHERE id BETWEEN 5843711 AND 5844710
	Bitmap Heap Scan on sbtest3  (cost=30.47..3792.92 rows=979 width=121)
	  Recheck Cond: ((id >= 5843711) AND (id <= 5844710))
	  ->  Bitmap Index Scan on sbtest3_pkey  (cost=0.00..30.22 rows=979 width=0)
	        Index Cond: ((id >= 5843711) AND (id <= 5844710))

table 4 : explain SELECT c FROM sbtest4 WHERE id BETWEEN 4852786 AND 4853785
	Bitmap Heap Scan on sbtest4  (cost=30.83..3926.54 rows=1014 width=121)
	  Recheck Cond: ((id >= 4852786) AND (id <= 4853785))
	  ->  Bitmap Index Scan on sbtest4_pkey  (cost=0.00..30.57 rows=1014 width=0)
	        Index Cond: ((id >= 4852786) AND (id <= 4853785))

table 5 : explain SELECT c FROM sbtest5 WHERE id BETWEEN 5596205 AND 5597204
	Bitmap Heap Scan on sbtest5  (cost=29.95..3602.00 rows=928 width=121)
	  Recheck Cond: ((id >= 5596205) AND (id <= 5597204))
	  ->  Bitmap Index Scan on sbtest5_pkey  (cost=0.00..29.71 rows=928 width=0)
	        Index Cond: ((id >= 5596205) AND (id <= 5597204))

table 6 : explain SELECT c FROM sbtest6 WHERE id BETWEEN 7865271 AND 7866270
	Bitmap Heap Scan on sbtest6  (cost=30.91..3956.48 rows=1022 width=121)
	  Recheck Cond: ((id >= 7865271) AND (id <= 7866270))
	  ->  Bitmap Index Scan on sbtest6_pkey  (cost=0.00..30.65 rows=1022 width=0)
	        Index Cond: ((id >= 7865271) AND (id <= 7866270))

table 7 : explain SELECT c FROM sbtest7 WHERE id BETWEEN 1325457 AND 1326456
	Bitmap Heap Scan on sbtest7  (cost=30.80..3913.07 rows=1011 width=121)
	  Recheck Cond: ((id >= 1325457) AND (id <= 1326456))
	  ->  Bitmap Index Scan on sbtest7_pkey  (cost=0.00..30.54 rows=1011 width=0)
	        Index Cond: ((id >= 1325457) AND (id <= 1326456))

table 8 : explain SELECT c FROM sbtest8 WHERE id BETWEEN 3181580 AND 3182579
	Bitmap Heap Scan on sbtest8  (cost=30.65..3862.71 rows=997 width=121)
	  Recheck Cond: ((id >= 3181580) AND (id <= 3182579))
	  ->  Bitmap Index Scan on sbtest8_pkey  (cost=0.00..30.40 rows=997 width=0)
	        Index Cond: ((id >= 3181580) AND (id <= 3182579))

for: simple_ranges
table 1 : explain SELECT c FROM sbtest1 WHERE id BETWEEN 9268519 AND 9269518
	Bitmap Heap Scan on sbtest1  (cost=30.83..3928.16 rows=1014 width=121)
	  Recheck Cond: ((id >= 9268519) AND (id <= 9269518))
	  ->  Bitmap Index Scan on sbtest1_pkey  (cost=0.00..30.57 rows=1014 width=0)
	        Index Cond: ((id >= 9268519) AND (id <= 9269518))

table 2 : explain SELECT c FROM sbtest2 WHERE id BETWEEN 5630383 AND 5631382
	Bitmap Heap Scan on sbtest2  (cost=35.53..4186.77 rows=1082 width=121)
	  Recheck Cond: ((id >= 5630383) AND (id <= 5631382))
	  ->  Bitmap Index Scan on sbtest2_pkey  (cost=0.00..35.26 rows=1082 width=0)
	        Index Cond: ((id >= 5630383) AND (id <= 5631382))

table 3 : explain SELECT c FROM sbtest3 WHERE id BETWEEN 6126642 AND 6127641
	Bitmap Heap Scan on sbtest3  (cost=31.29..4094.38 rows=1059 width=121)
	  Recheck Cond: ((id >= 6126642) AND (id <= 6127641))
	  ->  Bitmap Index Scan on sbtest3_pkey  (cost=0.00..31.02 rows=1059 width=0)
	        Index Cond: ((id >= 6126642) AND (id <= 6127641))

table 4 : explain SELECT c FROM sbtest4 WHERE id BETWEEN 9707637 AND 9708636
	Bitmap Heap Scan on sbtest4  (cost=30.56..3828.44 rows=988 width=121)
	  Recheck Cond: ((id >= 9707637) AND (id <= 9708636))
	  ->  Bitmap Index Scan on sbtest4_pkey  (cost=0.00..30.32 rows=988 width=0)
	        Index Cond: ((id >= 9707637) AND (id <= 9708636))

table 5 : explain SELECT c FROM sbtest5 WHERE id BETWEEN 6811789 AND 6812788
	Bitmap Heap Scan on sbtest5  (cost=30.62..3851.38 rows=994 width=121)
	  Recheck Cond: ((id >= 6811789) AND (id <= 6812788))
	  ->  Bitmap Index Scan on sbtest5_pkey  (cost=0.00..30.37 rows=994 width=0)
	        Index Cond: ((id >= 6811789) AND (id <= 6812788))

table 6 : explain SELECT c FROM sbtest6 WHERE id BETWEEN 3731883 AND 3732882
	Bitmap Heap Scan on sbtest6  (cost=30.84..3930.08 rows=1015 width=121)
	  Recheck Cond: ((id >= 3731883) AND (id <= 3732882))
	  ->  Bitmap Index Scan on sbtest6_pkey  (cost=0.00..30.58 rows=1015 width=0)
	        Index Cond: ((id >= 3731883) AND (id <= 3732882))

table 7 : explain SELECT c FROM sbtest7 WHERE id BETWEEN 102249 AND 103248
	Bitmap Heap Scan on sbtest7  (cost=30.54..3818.82 rows=986 width=121)
	  Recheck Cond: ((id >= 102249) AND (id <= 103248))
	  ->  Bitmap Index Scan on sbtest7_pkey  (cost=0.00..30.29 rows=986 width=0)
	        Index Cond: ((id >= 102249) AND (id <= 103248))

table 8 : explain SELECT c FROM sbtest8 WHERE id BETWEEN 8988389 AND 8989388
	Bitmap Heap Scan on sbtest8  (cost=30.49..3802.31 rows=981 width=121)
	  Recheck Cond: ((id >= 8988389) AND (id <= 8989388))
	  ->  Bitmap Index Scan on sbtest8_pkey  (cost=0.00..30.25 rows=981 width=0)
	        Index Cond: ((id >= 8988389) AND (id <= 8989388))

for: simple_ranges
table 1 : explain SELECT c FROM sbtest1 WHERE id BETWEEN 252141 AND 253140
	Bitmap Heap Scan on sbtest1  (cost=30.22..3705.29 rows=955 width=121)
	  Recheck Cond: ((id >= 252141) AND (id <= 253140))
	  ->  Bitmap Index Scan on sbtest1_pkey  (cost=0.00..29.98 rows=955 width=0)
	        Index Cond: ((id >= 252141) AND (id <= 253140))

table 2 : explain SELECT c FROM sbtest2 WHERE id BETWEEN 9704163 AND 9705162
	Bitmap Heap Scan on sbtest2  (cost=35.73..4262.00 rows=1102 width=121)
	  Recheck Cond: ((id >= 9704163) AND (id <= 9705162))
	  ->  Bitmap Index Scan on sbtest2_pkey  (cost=0.00..35.45 rows=1102 width=0)
	        Index Cond: ((id >= 9704163) AND (id <= 9705162))

table 3 : explain SELECT c FROM sbtest3 WHERE id BETWEEN 4398315 AND 4399314
	Bitmap Heap Scan on sbtest3  (cost=30.77..3902.29 rows=1008 width=121)
	  Recheck Cond: ((id >= 4398315) AND (id <= 4399314))
	  ->  Bitmap Index Scan on sbtest3_pkey  (cost=0.00..30.51 rows=1008 width=0)
	        Index Cond: ((id >= 4398315) AND (id <= 4399314))

table 4 : explain SELECT c FROM sbtest4 WHERE id BETWEEN 1149913 AND 1150912
	Bitmap Heap Scan on sbtest4  (cost=30.87..3941.62 rows=1018 width=121)
	  Recheck Cond: ((id >= 1149913) AND (id <= 1150912))
	  ->  Bitmap Index Scan on sbtest4_pkey  (cost=0.00..30.61 rows=1018 width=0)
	        Index Cond: ((id >= 1149913) AND (id <= 1150912))

table 5 : explain SELECT c FROM sbtest5 WHERE id BETWEEN 8165094 AND 8166093
	Bitmap Heap Scan on sbtest5  (cost=31.21..4066.31 rows=1051 width=121)
	  Recheck Cond: ((id >= 8165094) AND (id <= 8166093))
	  ->  Bitmap Index Scan on sbtest5_pkey  (cost=0.00..30.94 rows=1051 width=0)
	        Index Cond: ((id >= 8165094) AND (id <= 8166093))

table 6 : explain SELECT c FROM sbtest6 WHERE id BETWEEN 7039550 AND 7040549
	Bitmap Heap Scan on sbtest6  (cost=30.48..3798.03 rows=980 width=121)
	  Recheck Cond: ((id >= 7039550) AND (id <= 7040549))
	  ->  Bitmap Index Scan on sbtest6_pkey  (cost=0.00..30.23 rows=980 width=0)
	        Index Cond: ((id >= 7039550) AND (id <= 7040549))

table 7 : explain SELECT c FROM sbtest7 WHERE id BETWEEN 7207550 AND 7208549
	Bitmap Heap Scan on sbtest7  (cost=30.93..3962.05 rows=1024 width=121)
	  Recheck Cond: ((id >= 7207550) AND (id <= 7208549))
	  ->  Bitmap Index Scan on sbtest7_pkey  (cost=0.00..30.68 rows=1024 width=0)
	        Index Cond: ((id >= 7207550) AND (id <= 7208549))

table 8 : explain SELECT c FROM sbtest8 WHERE id BETWEEN 2765015 AND 2766014
	Bitmap Heap Scan on sbtest8  (cost=29.84..3564.17 rows=918 width=121)
	  Recheck Cond: ((id >= 2765015) AND (id <= 2766014))
	  ->  Bitmap Index Scan on sbtest8_pkey  (cost=0.00..29.61 rows=918 width=0)
	        Index Cond: ((id >= 2765015) AND (id <= 2766014))

for: distinct_ranges
table 1 : explain SELECT DISTINCT c FROM sbtest1 WHERE id BETWEEN 8985858 AND 8986857 ORDER BY c
	Unique  (cost=4399.66..4405.28 rows=1123 width=121)
	  ->  Sort  (cost=4399.66..4402.47 rows=1123 width=121)
	        Sort Key: c
	        ->  Bitmap Heap Scan on sbtest1  (cost=35.95..4342.76 rows=1123 width=121)
	              Recheck Cond: ((id >= 8985858) AND (id <= 8986857))
	              ->  Bitmap Index Scan on sbtest1_pkey  (cost=0.00..35.67 rows=1123 width=0)
	                    Index Cond: ((id >= 8985858) AND (id <= 8986857))

table 2 : explain SELECT DISTINCT c FROM sbtest2 WHERE id BETWEEN 9792929 AND 9793928 ORDER BY c
	Unique  (cost=3751.14..3755.91 rows=955 width=121)
	  ->  Sort  (cost=3751.14..3753.52 rows=955 width=121)
	        Sort Key: c
	        ->  Bitmap Heap Scan on sbtest2  (cost=30.22..3703.87 rows=955 width=121)
	              Recheck Cond: ((id >= 9792929) AND (id <= 9793928))
	              ->  Bitmap Index Scan on sbtest2_pkey  (cost=0.00..29.98 rows=955 width=0)
	                    Index Cond: ((id >= 9792929) AND (id <= 9793928))

table 3 : explain SELECT DISTINCT c FROM sbtest3 WHERE id BETWEEN 196185 AND 197184 ORDER BY c
	Unique  (cost=4128.48..4133.75 rows=1054 width=121)
	  ->  Sort  (cost=4128.48..4131.12 rows=1054 width=121)
	        Sort Key: c
	        ->  Bitmap Heap Scan on sbtest3  (cost=31.24..4075.56 rows=1054 width=121)
	              Recheck Cond: ((id >= 196185) AND (id <= 197184))
	              ->  Bitmap Index Scan on sbtest3_pkey  (cost=0.00..30.97 rows=1054 width=0)
	                    Index Cond: ((id >= 196185) AND (id <= 197184))

table 4 : explain SELECT DISTINCT c FROM sbtest4 WHERE id BETWEEN 6703426 AND 6704425 ORDER BY c
	Unique  (cost=3766.42..3771.22 rows=959 width=121)
	  ->  Sort  (cost=3766.42..3768.82 rows=959 width=121)
	        Sort Key: c
	        ->  Bitmap Heap Scan on sbtest4  (cost=30.26..3718.93 rows=959 width=121)
	              Recheck Cond: ((id >= 6703426) AND (id <= 6704425))
	              ->  Bitmap Index Scan on sbtest4_pkey  (cost=0.00..30.02 rows=959 width=0)
	                    Index Cond: ((id >= 6703426) AND (id <= 6704425))

table 5 : explain SELECT DISTINCT c FROM sbtest5 WHERE id BETWEEN 4224813 AND 4225812 ORDER BY c
	Unique  (cost=3843.39..3848.28 rows=979 width=121)
	  ->  Sort  (cost=3843.39..3845.84 rows=979 width=121)
	        Sort Key: c
	        ->  Bitmap Heap Scan on sbtest5  (cost=30.47..3794.76 rows=979 width=121)
	              Recheck Cond: ((id >= 4224813) AND (id <= 4225812))
	              ->  Bitmap Index Scan on sbtest5_pkey  (cost=0.00..30.22 rows=979 width=0)
	                    Index Cond: ((id >= 4224813) AND (id <= 4225812))

table 6 : explain SELECT DISTINCT c FROM sbtest6 WHERE id BETWEEN 2881346 AND 2882345 ORDER BY c
	Unique  (cost=3842.88..3847.78 rows=979 width=121)
	  ->  Sort  (cost=3842.88..3845.33 rows=979 width=121)
	        Sort Key: c
	        ->  Bitmap Heap Scan on sbtest6  (cost=30.47..3794.25 rows=979 width=121)
	              Recheck Cond: ((id >= 2881346) AND (id <= 2882345))
	              ->  Bitmap Index Scan on sbtest6_pkey  (cost=0.00..30.22 rows=979 width=0)
	                    Index Cond: ((id >= 2881346) AND (id <= 2882345))

table 7 : explain SELECT DISTINCT c FROM sbtest7 WHERE id BETWEEN 1512532 AND 1513531 ORDER BY c
	Unique  (cost=4238.84..4244.25 rows=1082 width=121)
	  ->  Sort  (cost=4238.84..4241.55 rows=1082 width=121)
	        Sort Key: c
	        ->  Bitmap Heap Scan on sbtest7  (cost=35.53..4184.31 rows=1082 width=121)
	              Recheck Cond: ((id >= 1512532) AND (id <= 1513531))
	              ->  Bitmap Index Scan on sbtest7_pkey  (cost=0.00..35.26 rows=1082 width=0)
	                    Index Cond: ((id >= 1512532) AND (id <= 1513531))

table 8 : explain SELECT DISTINCT c FROM sbtest8 WHERE id BETWEEN 7821446 AND 7822445 ORDER BY c
	Unique  (cost=3985.13..3990.21 rows=1016 width=121)
	  ->  Sort  (cost=3985.13..3987.67 rows=1016 width=121)
	        Sort Key: c
	        ->  Bitmap Heap Scan on sbtest8  (cost=30.85..3934.39 rows=1016 width=121)
	              Recheck Cond: ((id >= 7821446) AND (id <= 7822445))
	              ->  Bitmap Index Scan on sbtest8_pkey  (cost=0.00..30.59 rows=1016 width=0)
	                    Index Cond: ((id >= 7821446) AND (id <= 7822445))

explain: for point_selects :: explain SELECT c FROM sbtest%u WHERE id=%u
for point_selects
table 1 : explain SELECT c FROM sbtest1 WHERE id=2508127
	Index Scan using sbtest1_pkey on sbtest1  (cost=0.43..8.45 rows=1 width=121)
	  Index Cond: (id = 2508127)

table 2 : explain SELECT c FROM sbtest2 WHERE id=2861884
	Index Scan using sbtest2_pkey on sbtest2  (cost=0.43..8.45 rows=1 width=121)
	  Index Cond: (id = 2861884)

table 3 : explain SELECT c FROM sbtest3 WHERE id=9941901
	Index Scan using sbtest3_pkey on sbtest3  (cost=0.43..8.45 rows=1 width=121)
	  Index Cond: (id = 9941901)

table 4 : explain SELECT c FROM sbtest4 WHERE id=3217147
	Index Scan using sbtest4_pkey on sbtest4  (cost=0.43..8.45 rows=1 width=121)
	  Index Cond: (id = 3217147)

table 5 : explain SELECT c FROM sbtest5 WHERE id=3163695
	Index Scan using sbtest5_pkey on sbtest5  (cost=0.43..8.45 rows=1 width=121)
	  Index Cond: (id = 3163695)

table 6 : explain SELECT c FROM sbtest6 WHERE id=7314984
	Index Scan using sbtest6_pkey on sbtest6  (cost=0.43..8.45 rows=1 width=121)
	  Index Cond: (id = 7314984)

table 7 : explain SELECT c FROM sbtest7 WHERE id=9045730
	Index Scan using sbtest7_pkey on sbtest7  (cost=0.43..8.45 rows=1 width=121)
	  Index Cond: (id = 9045730)

table 8 : explain SELECT c FROM sbtest8 WHERE id=7393514
	Index Scan using sbtest8_pkey on sbtest8  (cost=0.43..8.45 rows=1 width=121)
	  Index Cond: (id = 7393514)

for: distinct_ranges
table 1 : explain SELECT DISTINCT c FROM sbtest1 WHERE id BETWEEN 1190112 AND 1191111 ORDER BY c
	Unique  (cost=4097.48..4102.71 rows=1045 width=121)
	  ->  Sort  (cost=4097.48..4100.10 rows=1045 width=121)
	        Sort Key: c
	        ->  Bitmap Heap Scan on sbtest1  (cost=31.15..4045.08 rows=1045 width=121)
	              Recheck Cond: ((id >= 1190112) AND (id <= 1191111))
	              ->  Bitmap Index Scan on sbtest1_pkey  (cost=0.00..30.89 rows=1045 width=0)
	                    Index Cond: ((id >= 1190112) AND (id <= 1191111))

table 2 : explain SELECT DISTINCT c FROM sbtest2 WHERE id BETWEEN 7162187 AND 7163186 ORDER BY c
	Unique  (cost=3881.48..3886.42 rows=989 width=121)
	  ->  Sort  (cost=3881.48..3883.95 rows=989 width=121)
	        Sort Key: c
	        ->  Bitmap Heap Scan on sbtest2  (cost=30.57..3832.27 rows=989 width=121)
	              Recheck Cond: ((id >= 7162187) AND (id <= 7163186))
	              ->  Bitmap Index Scan on sbtest2_pkey  (cost=0.00..30.32 rows=989 width=0)
	                    Index Cond: ((id >= 7162187) AND (id <= 7163186))

table 3 : explain SELECT DISTINCT c FROM sbtest3 WHERE id BETWEEN 6689086 AND 6690085 ORDER BY c
	Unique  (cost=4281.43..4286.89 rows=1093 width=121)
	  ->  Sort  (cost=4281.43..4284.16 rows=1093 width=121)
	        Sort Key: c
	        ->  Bitmap Heap Scan on sbtest3  (cost=35.64..4226.26 rows=1093 width=121)
	              Recheck Cond: ((id >= 6689086) AND (id <= 6690085))
	              ->  Bitmap Index Scan on sbtest3_pkey  (cost=0.00..35.37 rows=1093 width=0)
	                    Index Cond: ((id >= 6689086) AND (id <= 6690085))

table 4 : explain SELECT DISTINCT c FROM sbtest4 WHERE id BETWEEN 4535979 AND 4536978 ORDER BY c
	Unique  (cost=3562.99..3567.52 rows=906 width=121)
	  ->  Sort  (cost=3562.99..3565.26 rows=906 width=121)
	        Sort Key: c
	        ->  Bitmap Heap Scan on sbtest4  (cost=29.72..3518.49 rows=906 width=121)
	              Recheck Cond: ((id >= 4535979) AND (id <= 4536978))
	              ->  Bitmap Index Scan on sbtest4_pkey  (cost=0.00..29.50 rows=906 width=0)
	                    Index Cond: ((id >= 4535979) AND (id <= 4536978))

table 5 : explain SELECT DISTINCT c FROM sbtest5 WHERE id BETWEEN 8570012 AND 8571011 ORDER BY c
	Unique  (cost=3843.39..3848.28 rows=979 width=121)
	  ->  Sort  (cost=3843.39..3845.84 rows=979 width=121)
	        Sort Key: c
	        ->  Bitmap Heap Scan on sbtest5  (cost=30.47..3794.76 rows=979 width=121)
	              Recheck Cond: ((id >= 8570012) AND (id <= 8571011))
	              ->  Bitmap Index Scan on sbtest5_pkey  (cost=0.00..30.22 rows=979 width=0)
	                    Index Cond: ((id >= 8570012) AND (id <= 8571011))

table 6 : explain SELECT DISTINCT c FROM sbtest6 WHERE id BETWEEN 8740964 AND 8741963 ORDER BY c
	Unique  (cost=4057.30..4062.48 rows=1035 width=121)
	  ->  Sort  (cost=4057.30..4059.89 rows=1035 width=121)
	        Sort Key: c
	        ->  Bitmap Heap Scan on sbtest6  (cost=31.04..4005.47 rows=1035 width=121)
	              Recheck Cond: ((id >= 8740964) AND (id <= 8741963))
	              ->  Bitmap Index Scan on sbtest6_pkey  (cost=0.00..30.79 rows=1035 width=0)
	                    Index Cond: ((id >= 8740964) AND (id <= 8741963))

table 7 : explain SELECT DISTINCT c FROM sbtest7 WHERE id BETWEEN 4505373 AND 4506372 ORDER BY c
	Unique  (cost=3860.19..3865.11 rows=984 width=121)
	  ->  Sort  (cost=3860.19..3862.65 rows=984 width=121)
	        Sort Key: c
	        ->  Bitmap Heap Scan on sbtest7  (cost=30.52..3811.27 rows=984 width=121)
	              Recheck Cond: ((id >= 4505373) AND (id <= 4506372))
	              ->  Bitmap Index Scan on sbtest7_pkey  (cost=0.00..30.27 rows=984 width=0)
	                    Index Cond: ((id >= 4505373) AND (id <= 4506372))

table 8 : explain SELECT DISTINCT c FROM sbtest8 WHERE id BETWEEN 9475249 AND 9476248 ORDER BY c
	Unique  (cost=3574.78..3579.33 rows=909 width=121)
	  ->  Sort  (cost=3574.78..3577.05 rows=909 width=121)
	        Sort Key: c
	        ->  Bitmap Heap Scan on sbtest8  (cost=29.75..3530.11 rows=909 width=121)
	              Recheck Cond: ((id >= 9475249) AND (id <= 9476248))
	              ->  Bitmap Index Scan on sbtest8_pkey  (cost=0.00..29.52 rows=909 width=0)
	                    Index Cond: ((id >= 9475249) AND (id <= 9476248))

for: sum_ranges
table 1 : explain SELECT SUM(k) FROM sbtest1 WHERE id BETWEEN 8133746 AND 8134745
	Aggregate  (cost=4104.27..4104.28 rows=1 width=8)
	  ->  Bitmap Heap Scan on sbtest1  (cost=31.30..4101.62 rows=1060 width=4)
	        Recheck Cond: ((id >= 8133746) AND (id <= 8134745))
	        ->  Bitmap Index Scan on sbtest1_pkey  (cost=0.00..31.04 rows=1060 width=0)
	              Index Cond: ((id >= 8133746) AND (id <= 8134745))

table 2 : explain SELECT SUM(k) FROM sbtest2 WHERE id BETWEEN 7715140 AND 7716139
	Aggregate  (cost=3914.04..3914.05 rows=1 width=8)
	  ->  Bitmap Heap Scan on sbtest2  (cost=30.79..3911.51 rows=1010 width=4)
	        Recheck Cond: ((id >= 7715140) AND (id <= 7716139))
	        ->  Bitmap Index Scan on sbtest2_pkey  (cost=0.00..30.54 rows=1010 width=0)
	              Index Cond: ((id >= 7715140) AND (id <= 7716139))

table 3 : explain SELECT SUM(k) FROM sbtest3 WHERE id BETWEEN 2072284 AND 2073283
	Aggregate  (cost=3840.67..3840.68 rows=1 width=8)
	  ->  Bitmap Heap Scan on sbtest3  (cost=30.59..3838.19 rows=991 width=4)
	        Recheck Cond: ((id >= 2072284) AND (id <= 2073283))
	        ->  Bitmap Index Scan on sbtest3_pkey  (cost=0.00..30.34 rows=991 width=0)
	              Index Cond: ((id >= 2072284) AND (id <= 2073283))

table 4 : explain SELECT SUM(k) FROM sbtest4 WHERE id BETWEEN 5897620 AND 5898619
	Aggregate  (cost=3793.13..3793.14 rows=1 width=8)
	  ->  Bitmap Heap Scan on sbtest4  (cost=30.46..3790.69 rows=978 width=4)
	        Recheck Cond: ((id >= 5897620) AND (id <= 5898619))
	        ->  Bitmap Index Scan on sbtest4_pkey  (cost=0.00..30.21 rows=978 width=0)
	              Index Cond: ((id >= 5897620) AND (id <= 5898619))

table 5 : explain SELECT SUM(k) FROM sbtest5 WHERE id BETWEEN 2492141 AND 2493140
	Aggregate  (cost=3868.97..3868.98 rows=1 width=8)
	  ->  Bitmap Heap Scan on sbtest5  (cost=30.66..3866.48 rows=998 width=4)
	        Recheck Cond: ((id >= 2492141) AND (id <= 2493140))
	        ->  Bitmap Index Scan on sbtest5_pkey  (cost=0.00..30.41 rows=998 width=0)
	              Index Cond: ((id >= 2492141) AND (id <= 2493140))

table 6 : explain SELECT SUM(k) FROM sbtest6 WHERE id BETWEEN 2852611 AND 2853610
	Aggregate  (cost=3796.70..3796.71 rows=1 width=8)
	  ->  Bitmap Heap Scan on sbtest6  (cost=30.47..3794.25 rows=979 width=4)
	        Recheck Cond: ((id >= 2852611) AND (id <= 2853610))
	        ->  Bitmap Index Scan on sbtest6_pkey  (cost=0.00..30.22 rows=979 width=0)
	              Index Cond: ((id >= 2852611) AND (id <= 2853610))

table 7 : explain SELECT SUM(k) FROM sbtest7 WHERE id BETWEEN 9436899 AND 9437898
	Aggregate  (cost=4175.73..4175.74 rows=1 width=8)
	  ->  Bitmap Heap Scan on sbtest7  (cost=35.49..4173.03 rows=1079 width=4)
	        Recheck Cond: ((id >= 9436899) AND (id <= 9437898))
	        ->  Bitmap Index Scan on sbtest7_pkey  (cost=0.00..35.23 rows=1079 width=0)
	              Index Cond: ((id >= 9436899) AND (id <= 9437898))

table 8 : explain SELECT SUM(k) FROM sbtest8 WHERE id BETWEEN 7147214 AND 7148213
	Aggregate  (cost=3974.67..3974.68 rows=1 width=8)
	  ->  Bitmap Heap Scan on sbtest8  (cost=30.95..3972.10 rows=1026 width=4)
	        Recheck Cond: ((id >= 7147214) AND (id <= 7148213))
	        ->  Bitmap Index Scan on sbtest8_pkey  (cost=0.00..30.69 rows=1026 width=0)
	              Index Cond: ((id >= 7147214) AND (id <= 7148213))

for: sum_ranges
table 1 : explain SELECT SUM(k) FROM sbtest1 WHERE id BETWEEN 4229015 AND 4230014
	Aggregate  (cost=3972.22..3972.23 rows=1 width=8)
	  ->  Bitmap Heap Scan on sbtest1  (cost=30.94..3969.66 rows=1025 width=4)
	        Recheck Cond: ((id >= 4229015) AND (id <= 4230014))
	        ->  Bitmap Index Scan on sbtest1_pkey  (cost=0.00..30.68 rows=1025 width=0)
	              Index Cond: ((id >= 4229015) AND (id <= 4230014))

table 2 : explain SELECT SUM(k) FROM sbtest2 WHERE id BETWEEN 9507981 AND 9508980
	Aggregate  (cost=3819.64..3819.65 rows=1 width=8)
	  ->  Bitmap Heap Scan on sbtest2  (cost=30.53..3817.17 rows=985 width=4)
	        Recheck Cond: ((id >= 9507981) AND (id <= 9508980))
	        ->  Bitmap Index Scan on sbtest2_pkey  (cost=0.00..30.29 rows=985 width=0)
	              Index Cond: ((id >= 9507981) AND (id <= 9508980))

table 3 : explain SELECT SUM(k) FROM sbtest3 WHERE id BETWEEN 4117706 AND 4118705
	Aggregate  (cost=3659.35..3659.36 rows=1 width=8)
	  ->  Bitmap Heap Scan on sbtest3  (cost=30.10..3657.00 rows=943 width=4)
	        Recheck Cond: ((id >= 4117706) AND (id <= 4118705))
	        ->  Bitmap Index Scan on sbtest3_pkey  (cost=0.00..29.86 rows=943 width=0)
	              Index Cond: ((id >= 4117706) AND (id <= 4118705))

table 4 : explain SELECT SUM(k) FROM sbtest4 WHERE id BETWEEN 8496810 AND 8497809
	Aggregate  (cost=3796.91..3796.92 rows=1 width=8)
	  ->  Bitmap Heap Scan on sbtest4  (cost=30.47..3794.47 rows=979 width=4)
	        Recheck Cond: ((id >= 8496810) AND (id <= 8497809))
	        ->  Bitmap Index Scan on sbtest4_pkey  (cost=0.00..30.22 rows=979 width=0)
	              Index Cond: ((id >= 8496810) AND (id <= 8497809))

table 5 : explain SELECT SUM(k) FROM sbtest5 WHERE id BETWEEN 7111278 AND 7112277
	Aggregate  (cost=3683.79..3683.80 rows=1 width=8)
	  ->  Bitmap Heap Scan on sbtest5  (cost=30.16..3681.41 rows=949 width=4)
	        Recheck Cond: ((id >= 7111278) AND (id <= 7112277))
	        ->  Bitmap Index Scan on sbtest5_pkey  (cost=0.00..29.93 rows=949 width=0)
	              Index Cond: ((id >= 7111278) AND (id <= 7112277))

table 6 : explain SELECT SUM(k) FROM sbtest6 WHERE id BETWEEN 9951564 AND 9952563
	Aggregate  (cost=3992.98..3992.99 rows=1 width=8)
	  ->  Bitmap Heap Scan on sbtest6  (cost=31.00..3990.40 rows=1031 width=4)
	        Recheck Cond: ((id >= 9951564) AND (id <= 9952563))
	        ->  Bitmap Index Scan on sbtest6_pkey  (cost=0.00..30.75 rows=1031 width=0)
	              Index Cond: ((id >= 9951564) AND (id <= 9952563))

table 7 : explain SELECT SUM(k) FROM sbtest7 WHERE id BETWEEN 8048292 AND 8049291
	Aggregate  (cost=4141.86..4141.87 rows=1 width=8)
	  ->  Bitmap Heap Scan on sbtest7  (cost=35.40..4139.19 rows=1070 width=4)
	        Recheck Cond: ((id >= 8048292) AND (id <= 8049291))
	        ->  Bitmap Index Scan on sbtest7_pkey  (cost=0.00..35.14 rows=1070 width=0)
	              Index Cond: ((id >= 8048292) AND (id <= 8049291))

table 8 : explain SELECT SUM(k) FROM sbtest8 WHERE id BETWEEN 6858220 AND 6859219
	Aggregate  (cost=4148.32..4148.33 rows=1 width=8)
	  ->  Bitmap Heap Scan on sbtest8  (cost=35.41..4145.64 rows=1071 width=4)
	        Recheck Cond: ((id >= 6858220) AND (id <= 6859219))
	        ->  Bitmap Index Scan on sbtest8_pkey  (cost=0.00..35.15 rows=1071 width=0)
	              Index Cond: ((id >= 6858220) AND (id <= 6859219))

for: simple_ranges
table 1 : explain SELECT c FROM sbtest1 WHERE id BETWEEN 8902057 AND 8903056
	Bitmap Heap Scan on sbtest1  (cost=30.03..3633.42 rows=936 width=121)
	  Recheck Cond: ((id >= 8902057) AND (id <= 8903056))
	  ->  Bitmap Index Scan on sbtest1_pkey  (cost=0.00..29.79 rows=936 width=0)
	        Index Cond: ((id >= 8902057) AND (id <= 8903056))

table 2 : explain SELECT c FROM sbtest2 WHERE id BETWEEN 1704645 AND 1705644
	Bitmap Heap Scan on sbtest2  (cost=35.97..4348.46 rows=1125 width=121)
	  Recheck Cond: ((id >= 1704645) AND (id <= 1705644))
	  ->  Bitmap Index Scan on sbtest2_pkey  (cost=0.00..35.69 rows=1125 width=0)
	        Index Cond: ((id >= 1704645) AND (id <= 1705644))

table 3 : explain SELECT c FROM sbtest3 WHERE id BETWEEN 9818046 AND 9819045
	Bitmap Heap Scan on sbtest3  (cost=30.88..3943.75 rows=1019 width=121)
	  Recheck Cond: ((id >= 9818046) AND (id <= 9819045))
	  ->  Bitmap Index Scan on sbtest3_pkey  (cost=0.00..30.62 rows=1019 width=0)
	        Index Cond: ((id >= 9818046) AND (id <= 9819045))

table 4 : explain SELECT c FROM sbtest4 WHERE id BETWEEN 1906976 AND 1907975
	Bitmap Heap Scan on sbtest4  (cost=30.57..3832.22 rows=989 width=121)
	  Recheck Cond: ((id >= 1906976) AND (id <= 1907975))
	  ->  Bitmap Index Scan on sbtest4_pkey  (cost=0.00..30.32 rows=989 width=0)
	        Index Cond: ((id >= 1906976) AND (id <= 1907975))

table 5 : explain SELECT c FROM sbtest5 WHERE id BETWEEN 6745557 AND 6746556
	Bitmap Heap Scan on sbtest5  (cost=30.64..3858.93 rows=996 width=121)
	  Recheck Cond: ((id >= 6745557) AND (id <= 6746556))
	  ->  Bitmap Index Scan on sbtest5_pkey  (cost=0.00..30.39 rows=996 width=0)
	        Index Cond: ((id >= 6745557) AND (id <= 6746556))

table 6 : explain SELECT c FROM sbtest6 WHERE id BETWEEN 2522262 AND 2523261
	Bitmap Heap Scan on sbtest6  (cost=31.21..4065.75 rows=1051 width=121)
	  Recheck Cond: ((id >= 2522262) AND (id <= 2523261))
	  ->  Bitmap Index Scan on sbtest6_pkey  (cost=0.00..30.94 rows=1051 width=0)
	        Index Cond: ((id >= 2522262) AND (id <= 2523261))

table 7 : explain SELECT c FROM sbtest7 WHERE id BETWEEN 3533312 AND 3534311
	Bitmap Heap Scan on sbtest7  (cost=35.23..4075.23 rows=1053 width=121)
	  Recheck Cond: ((id >= 3533312) AND (id <= 3534311))
	  ->  Bitmap Index Scan on sbtest7_pkey  (cost=0.00..34.97 rows=1053 width=0)
	        Index Cond: ((id >= 3533312) AND (id <= 3534311))

table 8 : explain SELECT c FROM sbtest8 WHERE id BETWEEN 7080341 AND 7081340
	Bitmap Heap Scan on sbtest8  (cost=30.95..3972.10 rows=1026 width=121)
	  Recheck Cond: ((id >= 7080341) AND (id <= 7081340))
	  ->  Bitmap Index Scan on sbtest8_pkey  (cost=0.00..30.69 rows=1026 width=0)
	        Index Cond: ((id >= 7080341) AND (id <= 7081340))

for point_selects
table 1 : explain SELECT c FROM sbtest1 WHERE id=54584
	Index Scan using sbtest1_pkey on sbtest1  (cost=0.43..8.45 rows=1 width=121)
	  Index Cond: (id = 54584)

table 2 : explain SELECT c FROM sbtest2 WHERE id=3502268
	Index Scan using sbtest2_pkey on sbtest2  (cost=0.43..8.45 rows=1 width=121)
	  Index Cond: (id = 3502268)

table 3 : explain SELECT c FROM sbtest3 WHERE id=507832
	Index Scan using sbtest3_pkey on sbtest3  (cost=0.43..8.45 rows=1 width=121)
	  Index Cond: (id = 507832)

table 4 : explain SELECT c FROM sbtest4 WHERE id=9802685
	Index Scan using sbtest4_pkey on sbtest4  (cost=0.43..8.45 rows=1 width=121)
	  Index Cond: (id = 9802685)

table 5 : explain SELECT c FROM sbtest5 WHERE id=8744828
	Index Scan using sbtest5_pkey on sbtest5  (cost=0.43..8.45 rows=1 width=121)
	  Index Cond: (id = 8744828)

table 6 : explain SELECT c FROM sbtest6 WHERE id=2802242
	Index Scan using sbtest6_pkey on sbtest6  (cost=0.43..8.45 rows=1 width=121)
	  Index Cond: (id = 2802242)

table 7 : explain SELECT c FROM sbtest7 WHERE id=9776657
	Index Scan using sbtest7_pkey on sbtest7  (cost=0.43..8.45 rows=1 width=121)
	  Index Cond: (id = 9776657)

table 8 : explain SELECT c FROM sbtest8 WHERE id=8716746
	Index Scan using sbtest8_pkey on sbtest8  (cost=0.43..8.45 rows=1 width=121)
	  Index Cond: (id = 8716746)

for: sum_ranges
table 1 : explain SELECT SUM(k) FROM sbtest1 WHERE id BETWEEN 4497715 AND 4498714
	Aggregate  (cost=3870.26..3870.27 rows=1 width=8)
	  ->  Bitmap Heap Scan on sbtest1  (cost=30.66..3867.76 rows=998 width=4)
	        Recheck Cond: ((id >= 4497715) AND (id <= 4498714))
	        ->  Bitmap Index Scan on sbtest1_pkey  (cost=0.00..30.41 rows=998 width=0)
	              Index Cond: ((id >= 4497715) AND (id <= 4498714))

table 2 : explain SELECT SUM(k) FROM sbtest2 WHERE id BETWEEN 5685440 AND 5686439
	Aggregate  (cost=4189.47..4189.48 rows=1 width=8)
	  ->  Bitmap Heap Scan on sbtest2  (cost=35.53..4186.77 rows=1082 width=4)
	        Recheck Cond: ((id >= 5685440) AND (id <= 5686439))
	        ->  Bitmap Index Scan on sbtest2_pkey  (cost=0.00..35.26 rows=1082 width=0)
	              Index Cond: ((id >= 5685440) AND (id <= 5686439))

table 3 : explain SELECT SUM(k) FROM sbtest3 WHERE id BETWEEN 2317206 AND 2318205
	Aggregate  (cost=3644.23..3644.24 rows=1 width=8)
	  ->  Bitmap Heap Scan on sbtest3  (cost=30.06..3641.88 rows=939 width=4)
	        Recheck Cond: ((id >= 2317206) AND (id <= 2318205))
	        ->  Bitmap Index Scan on sbtest3_pkey  (cost=0.00..29.82 rows=939 width=0)
	              Index Cond: ((id >= 2317206) AND (id <= 2318205))

table 4 : explain SELECT SUM(k) FROM sbtest4 WHERE id BETWEEN 9617437 AND 9618436
	Aggregate  (cost=3725.10..3725.11 rows=1 width=8)
	  ->  Bitmap Heap Scan on sbtest4  (cost=30.27..3722.70 rows=960 width=4)
	        Recheck Cond: ((id >= 9617437) AND (id <= 9618436))
	        ->  Bitmap Index Scan on sbtest4_pkey  (cost=0.00..30.04 rows=960 width=0)
	              Index Cond: ((id >= 9617437) AND (id <= 9618436))

table 5 : explain SELECT SUM(k) FROM sbtest5 WHERE id BETWEEN 4376625 AND 4377624
	Aggregate  (cost=3884.08..3884.09 rows=1 width=8)
	  ->  Bitmap Heap Scan on sbtest5  (cost=30.71..3881.57 rows=1002 width=4)
	        Recheck Cond: ((id >= 4376625) AND (id <= 4377624))
	        ->  Bitmap Index Scan on sbtest5_pkey  (cost=0.00..30.45 rows=1002 width=0)
	              Index Cond: ((id >= 4376625) AND (id <= 4377624))

table 6 : explain SELECT SUM(k) FROM sbtest6 WHERE id BETWEEN 8112201 AND 8113200
	Aggregate  (cost=3785.36..3785.37 rows=1 width=8)
	  ->  Bitmap Heap Scan on sbtest6  (cost=30.44..3782.92 rows=976 width=4)
	        Recheck Cond: ((id >= 8112201) AND (id <= 8113200))
	        ->  Bitmap Index Scan on sbtest6_pkey  (cost=0.00..30.19 rows=976 width=0)
	              Index Cond: ((id >= 8112201) AND (id <= 8113200))

table 7 : explain SELECT SUM(k) FROM sbtest7 WHERE id BETWEEN 1858342 AND 1859341
	Aggregate  (cost=3889.20..3889.21 rows=1 width=8)
	  ->  Bitmap Heap Scan on sbtest7  (cost=30.73..3886.69 rows=1004 width=4)
	        Recheck Cond: ((id >= 1858342) AND (id <= 1859341))
	        ->  Bitmap Index Scan on sbtest7_pkey  (cost=0.00..30.47 rows=1004 width=0)
	              Index Cond: ((id >= 1858342) AND (id <= 1859341))

table 8 : explain SELECT SUM(k) FROM sbtest8 WHERE id BETWEEN 4256070 AND 4257069
	Aggregate  (cost=4385.44..4385.45 rows=1 width=8)
	  ->  Bitmap Heap Scan on sbtest8  (cost=36.07..4382.60 rows=1135 width=4)
	        Recheck Cond: ((id >= 4256070) AND (id <= 4257069))
	        ->  Bitmap Index Scan on sbtest8_pkey  (cost=0.00..35.79 rows=1135 width=0)
	              Index Cond: ((id >= 4256070) AND (id <= 4257069))

for point_selects
table 1 : explain SELECT c FROM sbtest1 WHERE id=7861366
	Index Scan using sbtest1_pkey on sbtest1  (cost=0.43..8.45 rows=1 width=121)
	  Index Cond: (id = 7861366)

table 2 : explain SELECT c FROM sbtest2 WHERE id=4575571
	Index Scan using sbtest2_pkey on sbtest2  (cost=0.43..8.45 rows=1 width=121)
	  Index Cond: (id = 4575571)

table 3 : explain SELECT c FROM sbtest3 WHERE id=8846274
	Index Scan using sbtest3_pkey on sbtest3  (cost=0.43..8.45 rows=1 width=121)
	  Index Cond: (id = 8846274)

table 4 : explain SELECT c FROM sbtest4 WHERE id=2384738
	Index Scan using sbtest4_pkey on sbtest4  (cost=0.43..8.45 rows=1 width=121)
	  Index Cond: (id = 2384738)

table 5 : explain SELECT c FROM sbtest5 WHERE id=1665574
	Index Scan using sbtest5_pkey on sbtest5  (cost=0.43..8.45 rows=1 width=121)
	  Index Cond: (id = 1665574)

table 6 : explain SELECT c FROM sbtest6 WHERE id=5743029
	Index Scan using sbtest6_pkey on sbtest6  (cost=0.43..8.45 rows=1 width=121)
	  Index Cond: (id = 5743029)

table 7 : explain SELECT c FROM sbtest7 WHERE id=4454754
	Index Scan using sbtest7_pkey on sbtest7  (cost=0.43..8.45 rows=1 width=121)
	  Index Cond: (id = 4454754)

table 8 : explain SELECT c FROM sbtest8 WHERE id=8949518
	Index Scan using sbtest8_pkey on sbtest8  (cost=0.43..8.45 rows=1 width=121)
	  Index Cond: (id = 8949518)

for: sum_ranges
table 1 : explain SELECT SUM(k) FROM sbtest1 WHERE id BETWEEN 1632992 AND 1633991
	Aggregate  (cost=3938.24..3938.25 rows=1 width=8)
	  ->  Bitmap Heap Scan on sbtest1  (cost=30.85..3935.70 rows=1016 width=4)
	        Recheck Cond: ((id >= 1632992) AND (id <= 1633991))
	        ->  Bitmap Index Scan on sbtest1_pkey  (cost=0.00..30.59 rows=1016 width=0)
	              Index Cond: ((id >= 1632992) AND (id <= 1633991))

table 2 : explain SELECT SUM(k) FROM sbtest2 WHERE id BETWEEN 8922603 AND 8923602
	Aggregate  (cost=3989.50..3989.51 rows=1 width=8)
	  ->  Bitmap Heap Scan on sbtest2  (cost=30.99..3986.92 rows=1030 width=4)
	        Recheck Cond: ((id >= 8922603) AND (id <= 8923602))
	        ->  Bitmap Index Scan on sbtest2_pkey  (cost=0.00..30.73 rows=1030 width=0)
	              Index Cond: ((id >= 8922603) AND (id <= 8923602))

table 3 : explain SELECT SUM(k) FROM sbtest3 WHERE id BETWEEN 9765235 AND 9766234
	Aggregate  (cost=3719.83..3719.84 rows=1 width=8)
	  ->  Bitmap Heap Scan on sbtest3  (cost=30.26..3717.43 rows=959 width=4)
	        Recheck Cond: ((id >= 9765235) AND (id <= 9766234))
	        ->  Bitmap Index Scan on sbtest3_pkey  (cost=0.00..30.02 rows=959 width=0)
	              Index Cond: ((id >= 9765235) AND (id <= 9766234))

table 4 : explain SELECT SUM(k) FROM sbtest4 WHERE id BETWEEN 5089003 AND 5090002
	Aggregate  (cost=3883.78..3883.79 rows=1 width=8)
	  ->  Bitmap Heap Scan on sbtest4  (cost=30.71..3881.27 rows=1002 width=4)
	        Recheck Cond: ((id >= 5089003) AND (id <= 5090002))
	        ->  Bitmap Index Scan on sbtest4_pkey  (cost=0.00..30.45 rows=1002 width=0)
	              Index Cond: ((id >= 5089003) AND (id <= 5090002))

table 5 : explain SELECT SUM(k) FROM sbtest5 WHERE id BETWEEN 828954 AND 829953
	Aggregate  (cost=3710.26..3710.27 rows=1 width=8)
	  ->  Bitmap Heap Scan on sbtest5  (cost=30.23..3707.87 rows=956 width=4)
	        Recheck Cond: ((id >= 828954) AND (id <= 829953))
	        ->  Bitmap Index Scan on sbtest5_pkey  (cost=0.00..30.00 rows=956 width=0)
	              Index Cond: ((id >= 828954) AND (id <= 829953))

table 6 : explain SELECT SUM(k) FROM sbtest6 WHERE id BETWEEN 627501 AND 628500
	Aggregate  (cost=4098.76..4098.77 rows=1 width=8)
	  ->  Bitmap Heap Scan on sbtest6  (cost=35.28..4096.11 rows=1058 width=4)
	        Recheck Cond: ((id >= 627501) AND (id <= 628500))
	        ->  Bitmap Index Scan on sbtest6_pkey  (cost=0.00..35.02 rows=1058 width=0)
	              Index Cond: ((id >= 627501) AND (id <= 628500))

table 7 : explain SELECT SUM(k) FROM sbtest7 WHERE id BETWEEN 972484 AND 973483
	Aggregate  (cost=3908.05..3908.06 rows=1 width=8)
	  ->  Bitmap Heap Scan on sbtest7  (cost=30.78..3905.53 rows=1009 width=4)
	        Recheck Cond: ((id >= 972484) AND (id <= 973483))
	        ->  Bitmap Index Scan on sbtest7_pkey  (cost=0.00..30.52 rows=1009 width=0)
	              Index Cond: ((id >= 972484) AND (id <= 973483))

table 8 : explain SELECT SUM(k) FROM sbtest8 WHERE id BETWEEN 5627429 AND 5628428
	Aggregate  (cost=3936.93..3936.94 rows=1 width=8)
	  ->  Bitmap Heap Scan on sbtest8  (cost=30.85..3934.39 rows=1016 width=4)
	        Recheck Cond: ((id >= 5627429) AND (id <= 5628428))
	        ->  Bitmap Index Scan on sbtest8_pkey  (cost=0.00..30.59 rows=1016 width=0)
	              Index Cond: ((id >= 5627429) AND (id <= 5628428))

for: simple_ranges
table 1 : explain SELECT c FROM sbtest1 WHERE id BETWEEN 2322550 AND 2323549
	Bitmap Heap Scan on sbtest1  (cost=35.90..4327.72 rows=1119 width=121)
	  Recheck Cond: ((id >= 2322550) AND (id <= 2323549))
	  ->  Bitmap Index Scan on sbtest1_pkey  (cost=0.00..35.62 rows=1119 width=0)
	        Index Cond: ((id >= 2322550) AND (id <= 2323549))

table 2 : explain SELECT c FROM sbtest2 WHERE id BETWEEN 4423456 AND 4424455
	Bitmap Heap Scan on sbtest2  (cost=29.33..3374.61 rows=868 width=121)
	  Recheck Cond: ((id >= 4423456) AND (id <= 4424455))
	  ->  Bitmap Index Scan on sbtest2_pkey  (cost=0.00..29.11 rows=868 width=0)
	        Index Cond: ((id >= 4423456) AND (id <= 4424455))

table 3 : explain SELECT c FROM sbtest3 WHERE id BETWEEN 9470600 AND 9471599
	Bitmap Heap Scan on sbtest3  (cost=29.80..3547.38 rows=914 width=121)
	  Recheck Cond: ((id >= 9470600) AND (id <= 9471599))
	  ->  Bitmap Index Scan on sbtest3_pkey  (cost=0.00..29.57 rows=914 width=0)
	        Index Cond: ((id >= 9470600) AND (id <= 9471599))

table 4 : explain SELECT c FROM sbtest4 WHERE id BETWEEN 6231927 AND 6232926
	Bitmap Heap Scan on sbtest4  (cost=30.83..3926.54 rows=1014 width=121)
	  Recheck Cond: ((id >= 6231927) AND (id <= 6232926))
	  ->  Bitmap Index Scan on sbtest4_pkey  (cost=0.00..30.57 rows=1014 width=0)
	        Index Cond: ((id >= 6231927) AND (id <= 6232926))

table 5 : explain SELECT c FROM sbtest5 WHERE id BETWEEN 113576 AND 114575
	Bitmap Heap Scan on sbtest5  (cost=30.86..3938.16 rows=1017 width=121)
	  Recheck Cond: ((id >= 113576) AND (id <= 114575))
	  ->  Bitmap Index Scan on sbtest5_pkey  (cost=0.00..30.61 rows=1017 width=0)
	        Index Cond: ((id >= 113576) AND (id <= 114575))

table 6 : explain SELECT c FROM sbtest6 WHERE id BETWEEN 9008801 AND 9009800
	Bitmap Heap Scan on sbtest6  (cost=30.94..3967.79 rows=1025 width=121)
	  Recheck Cond: ((id >= 9008801) AND (id <= 9009800))
	  ->  Bitmap Index Scan on sbtest6_pkey  (cost=0.00..30.68 rows=1025 width=0)
	        Index Cond: ((id >= 9008801) AND (id <= 9009800))

table 7 : explain SELECT c FROM sbtest7 WHERE id BETWEEN 5504817 AND 5505816
	Bitmap Heap Scan on sbtest7  (cost=31.04..4003.48 rows=1035 width=121)
	  Recheck Cond: ((id >= 5504817) AND (id <= 5505816))
	  ->  Bitmap Index Scan on sbtest7_pkey  (cost=0.00..30.79 rows=1035 width=0)
	        Index Cond: ((id >= 5504817) AND (id <= 5505816))

table 8 : explain SELECT c FROM sbtest8 WHERE id BETWEEN 3142069 AND 3143068
	Bitmap Heap Scan on sbtest8  (cost=30.65..3862.71 rows=997 width=121)
	  Recheck Cond: ((id >= 3142069) AND (id <= 3143068))
	  ->  Bitmap Index Scan on sbtest8_pkey  (cost=0.00..30.40 rows=997 width=0)
	        Index Cond: ((id >= 3142069) AND (id <= 3143068))

for point_selects
table 1 : explain SELECT c FROM sbtest1 WHERE id=5224898
	Index Scan using sbtest1_pkey on sbtest1  (cost=0.43..8.45 rows=1 width=121)
	  Index Cond: (id = 5224898)

table 2 : explain SELECT c FROM sbtest2 WHERE id=1435675
	Index Scan using sbtest2_pkey on sbtest2  (cost=0.43..8.45 rows=1 width=121)
	  Index Cond: (id = 1435675)

table 3 : explain SELECT c FROM sbtest3 WHERE id=652336
	Index Scan using sbtest3_pkey on sbtest3  (cost=0.43..8.45 rows=1 width=121)
	  Index Cond: (id = 652336)

table 4 : explain SELECT c FROM sbtest4 WHERE id=8701512
	Index Scan using sbtest4_pkey on sbtest4  (cost=0.43..8.45 rows=1 width=121)
	  Index Cond: (id = 8701512)

table 5 : explain SELECT c FROM sbtest5 WHERE id=1772105
	Index Scan using sbtest5_pkey on sbtest5  (cost=0.43..8.45 rows=1 width=121)
	  Index Cond: (id = 1772105)

table 6 : explain SELECT c FROM sbtest6 WHERE id=5879236
	Index Scan using sbtest6_pkey on sbtest6  (cost=0.43..8.45 rows=1 width=121)
	  Index Cond: (id = 5879236)

table 7 : explain SELECT c FROM sbtest7 WHERE id=2013474
	Index Scan using sbtest7_pkey on sbtest7  (cost=0.43..8.45 rows=1 width=121)
	  Index Cond: (id = 2013474)

table 8 : explain SELECT c FROM sbtest8 WHERE id=3256527
	Index Scan using sbtest8_pkey on sbtest8  (cost=0.43..8.45 rows=1 width=121)
	  Index Cond: (id = 3256527)

for: order_ranges
table 1 : explain SELECT c FROM sbtest1 WHERE id BETWEEN 5229127 AND 5230126 ORDER BY c
	Sort  (cost=3702.66..3705.01 rows=942 width=121)
	  Sort Key: c
	  ->  Bitmap Heap Scan on sbtest1  (cost=30.09..3656.12 rows=942 width=121)
	        Recheck Cond: ((id >= 5229127) AND (id <= 5230126))
	        ->  Bitmap Index Scan on sbtest1_pkey  (cost=0.00..29.86 rows=942 width=0)
	              Index Cond: ((id >= 5229127) AND (id <= 5230126))

table 2 : explain SELECT c FROM sbtest2 WHERE id BETWEEN 3352814 AND 3353813 ORDER BY c
	Sort  (cost=3781.82..3784.22 rows=963 width=121)
	  Sort Key: c
	  ->  Bitmap Heap Scan on sbtest2  (cost=30.31..3734.09 rows=963 width=121)
	        Recheck Cond: ((id >= 3352814) AND (id <= 3353813))
	        ->  Bitmap Index Scan on sbtest2_pkey  (cost=0.00..30.07 rows=963 width=0)
	              Index Cond: ((id >= 3352814) AND (id <= 3353813))

table 3 : explain SELECT c FROM sbtest3 WHERE id BETWEEN 1146365 AND 1147364 ORDER BY c
	Sort  (cost=3937.27..3939.78 rows=1004 width=121)
	  Sort Key: c
	  ->  Bitmap Heap Scan on sbtest3  (cost=30.73..3887.21 rows=1004 width=121)
	        Recheck Cond: ((id >= 1146365) AND (id <= 1147364))
	        ->  Bitmap Index Scan on sbtest3_pkey  (cost=0.00..30.47 rows=1004 width=0)
	              Index Cond: ((id >= 1146365) AND (id <= 1147364))

table 4 : explain SELECT c FROM sbtest4 WHERE id BETWEEN 9946994 AND 9947993 ORDER BY c
	Sort  (cost=4003.96..4006.52 rows=1021 width=121)
	  Sort Key: c
	  ->  Bitmap Heap Scan on sbtest4  (cost=30.90..3952.93 rows=1021 width=121)
	        Recheck Cond: ((id >= 9946994) AND (id <= 9947993))
	        ->  Bitmap Index Scan on sbtest4_pkey  (cost=0.00..30.64 rows=1021 width=0)
	              Index Cond: ((id >= 9946994) AND (id <= 9947993))

table 5 : explain SELECT c FROM sbtest5 WHERE id BETWEEN 7731564 AND 7732563 ORDER BY c
	Sort  (cost=3943.01..3945.52 rows=1005 width=121)
	  Sort Key: c
	  ->  Bitmap Heap Scan on sbtest5  (cost=30.74..3892.89 rows=1005 width=121)
	        Recheck Cond: ((id >= 7731564) AND (id <= 7732563))
	        ->  Bitmap Index Scan on sbtest5_pkey  (cost=0.00..30.48 rows=1005 width=0)
	              Index Cond: ((id >= 7731564) AND (id <= 7732563))

table 6 : explain SELECT c FROM sbtest6 WHERE id BETWEEN 91597 AND 92596 ORDER BY c
	Sort  (cost=3885.03..3887.51 rows=990 width=121)
	  Sort Key: c
	  ->  Bitmap Heap Scan on sbtest6  (cost=30.58..3835.77 rows=990 width=121)
	        Recheck Cond: ((id >= 91597) AND (id <= 92596))
	        ->  Bitmap Index Scan on sbtest6_pkey  (cost=0.00..30.33 rows=990 width=0)
	              Index Cond: ((id >= 91597) AND (id <= 92596))

table 7 : explain SELECT c FROM sbtest7 WHERE id BETWEEN 5189017 AND 5190016 ORDER BY c
	Sort  (cost=3749.10..3751.49 rows=955 width=121)
	  Sort Key: c
	  ->  Bitmap Heap Scan on sbtest7  (cost=30.22..3701.83 rows=955 width=121)
	        Recheck Cond: ((id >= 5189017) AND (id <= 5190016))
	        ->  Bitmap Index Scan on sbtest7_pkey  (cost=0.00..29.98 rows=955 width=0)
	              Index Cond: ((id >= 5189017) AND (id <= 5190016))

table 8 : explain SELECT c FROM sbtest8 WHERE id BETWEEN 5247789 AND 5248788 ORDER BY c
	Sort  (cost=3743.69..3746.07 rows=953 width=121)
	  Sort Key: c
	  ->  Bitmap Heap Scan on sbtest8  (cost=30.20..3696.54 rows=953 width=121)
	        Recheck Cond: ((id >= 5247789) AND (id <= 5248788))
	        ->  Bitmap Index Scan on sbtest8_pkey  (cost=0.00..29.96 rows=953 width=0)
	              Index Cond: ((id >= 5247789) AND (id <= 5248788))

for point_selects
table 1 : explain SELECT c FROM sbtest1 WHERE id=2718735
	Index Scan using sbtest1_pkey on sbtest1  (cost=0.43..8.45 rows=1 width=121)
	  Index Cond: (id = 2718735)

table 2 : explain SELECT c FROM sbtest2 WHERE id=3126727
	Index Scan using sbtest2_pkey on sbtest2  (cost=0.43..8.45 rows=1 width=121)
	  Index Cond: (id = 3126727)

table 3 : explain SELECT c FROM sbtest3 WHERE id=5936817
	Index Scan using sbtest3_pkey on sbtest3  (cost=0.43..8.45 rows=1 width=121)
	  Index Cond: (id = 5936817)

table 4 : explain SELECT c FROM sbtest4 WHERE id=6663670
	Index Scan using sbtest4_pkey on sbtest4  (cost=0.43..8.45 rows=1 width=121)
	  Index Cond: (id = 6663670)

table 5 : explain SELECT c FROM sbtest5 WHERE id=4990848
	Index Scan using sbtest5_pkey on sbtest5  (cost=0.43..8.45 rows=1 width=121)
	  Index Cond: (id = 4990848)

table 6 : explain SELECT c FROM sbtest6 WHERE id=7605443
	Index Scan using sbtest6_pkey on sbtest6  (cost=0.43..8.45 rows=1 width=121)
	  Index Cond: (id = 7605443)

table 7 : explain SELECT c FROM sbtest7 WHERE id=1597698
	Index Scan using sbtest7_pkey on sbtest7  (cost=0.43..8.45 rows=1 width=121)
	  Index Cond: (id = 1597698)

table 8 : explain SELECT c FROM sbtest8 WHERE id=1463780
	Index Scan using sbtest8_pkey on sbtest8  (cost=0.43..8.45 rows=1 width=121)
	  Index Cond: (id = 1463780)

for point_selects
table 1 : explain SELECT c FROM sbtest1 WHERE id=2049030
	Index Scan using sbtest1_pkey on sbtest1  (cost=0.43..8.45 rows=1 width=121)
	  Index Cond: (id = 2049030)

table 2 : explain SELECT c FROM sbtest2 WHERE id=1101285
	Index Scan using sbtest2_pkey on sbtest2  (cost=0.43..8.45 rows=1 width=121)
	  Index Cond: (id = 1101285)

table 3 : explain SELECT c FROM sbtest3 WHERE id=915305
	Index Scan using sbtest3_pkey on sbtest3  (cost=0.43..8.45 rows=1 width=121)
	  Index Cond: (id = 915305)

table 4 : explain SELECT c FROM sbtest4 WHERE id=8590767
	Index Scan using sbtest4_pkey on sbtest4  (cost=0.43..8.45 rows=1 width=121)
	  Index Cond: (id = 8590767)

table 5 : explain SELECT c FROM sbtest5 WHERE id=2022590
	Index Scan using sbtest5_pkey on sbtest5  (cost=0.43..8.45 rows=1 width=121)
	  Index Cond: (id = 2022590)

table 6 : explain SELECT c FROM sbtest6 WHERE id=1700992
	Index Scan using sbtest6_pkey on sbtest6  (cost=0.43..8.45 rows=1 width=121)
	  Index Cond: (id = 1700992)

table 7 : explain SELECT c FROM sbtest7 WHERE id=6006683
	Index Scan using sbtest7_pkey on sbtest7  (cost=0.43..8.45 rows=1 width=121)
	  Index Cond: (id = 6006683)

table 8 : explain SELECT c FROM sbtest8 WHERE id=3925660
	Index Scan using sbtest8_pkey on sbtest8  (cost=0.43..8.45 rows=1 width=121)
	  Index Cond: (id = 3925660)

for: simple_ranges
table 1 : explain SELECT c FROM sbtest1 WHERE id BETWEEN 9036777 AND 9037776
	Bitmap Heap Scan on sbtest1  (cost=30.59..3841.33 rows=991 width=121)
	  Recheck Cond: ((id >= 9036777) AND (id <= 9037776))
	  ->  Bitmap Index Scan on sbtest1_pkey  (cost=0.00..30.34 rows=991 width=0)
	        Index Cond: ((id >= 9036777) AND (id <= 9037776))

table 2 : explain SELECT c FROM sbtest2 WHERE id BETWEEN 3543001 AND 3544000
	Bitmap Heap Scan on sbtest2  (cost=30.99..3986.92 rows=1030 width=121)
	  Recheck Cond: ((id >= 3543001) AND (id <= 3544000))
	  ->  Bitmap Index Scan on sbtest2_pkey  (cost=0.00..30.73 rows=1030 width=0)
	        Index Cond: ((id >= 3543001) AND (id <= 3544000))

table 3 : explain SELECT c FROM sbtest3 WHERE id BETWEEN 6798037 AND 6799036
	Bitmap Heap Scan on sbtest3  (cost=30.68..3872.13 rows=1000 width=121)
	  Recheck Cond: ((id >= 6798037) AND (id <= 6799036))
	  ->  Bitmap Index Scan on sbtest3_pkey  (cost=0.00..30.43 rows=1000 width=0)
	        Index Cond: ((id >= 6798037) AND (id <= 6799036))

table 4 : explain SELECT c FROM sbtest4 WHERE id BETWEEN 8081407 AND 8082406
	Bitmap Heap Scan on sbtest4  (cost=30.23..3707.59 rows=956 width=121)
	  Recheck Cond: ((id >= 8081407) AND (id <= 8082406))
	  ->  Bitmap Index Scan on sbtest4_pkey  (cost=0.00..30.00 rows=956 width=0)
	        Index Cond: ((id >= 8081407) AND (id <= 8082406))

table 5 : explain SELECT c FROM sbtest5 WHERE id BETWEEN 8689430 AND 8690429
	Bitmap Heap Scan on sbtest5  (cost=35.76..4273.56 rows=1105 width=121)
	  Recheck Cond: ((id >= 8689430) AND (id <= 8690429))
	  ->  Bitmap Index Scan on sbtest5_pkey  (cost=0.00..35.48 rows=1105 width=0)
	        Index Cond: ((id >= 8689430) AND (id <= 8690429))

table 6 : explain SELECT c FROM sbtest6 WHERE id BETWEEN 5807000 AND 5807999
	Bitmap Heap Scan on sbtest6  (cost=35.58..4205.26 rows=1087 width=121)
	  Recheck Cond: ((id >= 5807000) AND (id <= 5807999))
	  ->  Bitmap Index Scan on sbtest6_pkey  (cost=0.00..35.31 rows=1087 width=0)
	        Index Cond: ((id >= 5807000) AND (id <= 5807999))

table 7 : explain SELECT c FROM sbtest7 WHERE id BETWEEN 6227195 AND 6228194
	Bitmap Heap Scan on sbtest7  (cost=30.01..3622.51 rows=934 width=121)
	  Recheck Cond: ((id >= 6227195) AND (id <= 6228194))
	  ->  Bitmap Index Scan on sbtest7_pkey  (cost=0.00..29.77 rows=934 width=0)
	        Index Cond: ((id >= 6227195) AND (id <= 6228194))

table 8 : explain SELECT c FROM sbtest8 WHERE id BETWEEN 799794 AND 800793
	Bitmap Heap Scan on sbtest8  (cost=30.04..3636.05 rows=937 width=121)
	  Recheck Cond: ((id >= 799794) AND (id <= 800793))
	  ->  Bitmap Index Scan on sbtest8_pkey  (cost=0.00..29.80 rows=937 width=0)
	        Index Cond: ((id >= 799794) AND (id <= 800793))

for: order_ranges
table 1 : explain SELECT c FROM sbtest1 WHERE id BETWEEN 71167 AND 72166 ORDER BY c
	Sort  (cost=3671.94..3674.27 rows=934 width=121)
	  Sort Key: c
	  ->  Bitmap Heap Scan on sbtest1  (cost=30.01..3625.86 rows=934 width=121)
	        Recheck Cond: ((id >= 71167) AND (id <= 72166))
	        ->  Bitmap Index Scan on sbtest1_pkey  (cost=0.00..29.77 rows=934 width=0)
	              Index Cond: ((id >= 71167) AND (id <= 72166))

table 2 : explain SELECT c FROM sbtest2 WHERE id BETWEEN 9660070 AND 9661069 ORDER BY c
	Sort  (cost=3942.76..3945.28 rows=1005 width=121)
	  Sort Key: c
	  ->  Bitmap Heap Scan on sbtest2  (cost=30.74..3892.65 rows=1005 width=121)
	        Recheck Cond: ((id >= 9660070) AND (id <= 9661069))
	        ->  Bitmap Index Scan on sbtest2_pkey  (cost=0.00..30.48 rows=1005 width=0)
	              Index Cond: ((id >= 9660070) AND (id <= 9661069))

table 3 : explain SELECT c FROM sbtest3 WHERE id BETWEEN 85374 AND 86373 ORDER BY c
	Sort  (cost=4418.84..4421.66 rows=1130 width=121)
	  Sort Key: c
	  ->  Bitmap Heap Scan on sbtest3  (cost=36.02..4361.54 rows=1130 width=121)
	        Recheck Cond: ((id >= 85374) AND (id <= 86373))
	        ->  Bitmap Index Scan on sbtest3_pkey  (cost=0.00..35.73 rows=1130 width=0)
	              Index Cond: ((id >= 85374) AND (id <= 86373))

table 4 : explain SELECT c FROM sbtest4 WHERE id BETWEEN 9382072 AND 9383071 ORDER BY c
	Sort  (cost=3739.57..3741.95 rows=952 width=121)
	  Sort Key: c
	  ->  Bitmap Heap Scan on sbtest4  (cost=30.19..3692.47 rows=952 width=121)
	        Recheck Cond: ((id >= 9382072) AND (id <= 9383071))
	        ->  Bitmap Index Scan on sbtest4_pkey  (cost=0.00..29.95 rows=952 width=0)
	              Index Cond: ((id >= 9382072) AND (id <= 9383071))

table 5 : explain SELECT c FROM sbtest5 WHERE id BETWEEN 3810603 AND 3811602 ORDER BY c
	Sort  (cost=3778.21..3780.61 rows=962 width=121)
	  Sort Key: c
	  ->  Bitmap Heap Scan on sbtest5  (cost=30.30..3730.54 rows=962 width=121)
	        Recheck Cond: ((id >= 3810603) AND (id <= 3811602))
	        ->  Bitmap Index Scan on sbtest5_pkey  (cost=0.00..30.05 rows=962 width=0)
	              Index Cond: ((id >= 3810603) AND (id <= 3811602))

table 6 : explain SELECT c FROM sbtest6 WHERE id BETWEEN 9446370 AND 9447369 ORDER BY c
	Sort  (cost=4153.09..4155.73 rows=1059 width=121)
	  Sort Key: c
	  ->  Bitmap Heap Scan on sbtest6  (cost=35.29..4099.88 rows=1059 width=121)
	        Recheck Cond: ((id >= 9446370) AND (id <= 9447369))
	        ->  Bitmap Index Scan on sbtest6_pkey  (cost=0.00..35.03 rows=1059 width=0)
	              Index Cond: ((id >= 9446370) AND (id <= 9447369))

table 7 : explain SELECT c FROM sbtest7 WHERE id BETWEEN 956775 AND 957774 ORDER BY c
	Sort  (cost=3955.87..3958.40 rows=1009 width=121)
	  Sort Key: c
	  ->  Bitmap Heap Scan on sbtest7  (cost=30.78..3905.53 rows=1009 width=121)
	        Recheck Cond: ((id >= 956775) AND (id <= 957774))
	        ->  Bitmap Index Scan on sbtest7_pkey  (cost=0.00..30.52 rows=1009 width=0)
	              Index Cond: ((id >= 956775) AND (id <= 957774))

table 8 : explain SELECT c FROM sbtest8 WHERE id BETWEEN 9424411 AND 9425410 ORDER BY c
	Sort  (cost=3586.30..3588.58 rows=912 width=121)
	  Sort Key: c
	  ->  Bitmap Heap Scan on sbtest8  (cost=29.78..3541.47 rows=912 width=121)
	        Recheck Cond: ((id >= 9424411) AND (id <= 9425410))
	        ->  Bitmap Index Scan on sbtest8_pkey  (cost=0.00..29.55 rows=912 width=0)
	              Index Cond: ((id >= 9424411) AND (id <= 9425410))

for: sum_ranges
table 1 : explain SELECT SUM(k) FROM sbtest1 WHERE id BETWEEN 3369131 AND 3370130
	Aggregate  (cost=3806.01..3806.02 rows=1 width=8)
	  ->  Bitmap Heap Scan on sbtest1  (cost=30.49..3803.56 rows=981 width=4)
	        Recheck Cond: ((id >= 3369131) AND (id <= 3370130))
	        ->  Bitmap Index Scan on sbtest1_pkey  (cost=0.00..30.25 rows=981 width=0)
	              Index Cond: ((id >= 3369131) AND (id <= 3370130))

table 2 : explain SELECT SUM(k) FROM sbtest2 WHERE id BETWEEN 5042906 AND 5043905
	Aggregate  (cost=3687.34..3687.35 rows=1 width=8)
	  ->  Bitmap Heap Scan on sbtest2  (cost=30.17..3684.97 rows=950 width=4)
	        Recheck Cond: ((id >= 5042906) AND (id <= 5043905))
	        ->  Bitmap Index Scan on sbtest2_pkey  (cost=0.00..29.93 rows=950 width=0)
	              Index Cond: ((id >= 5042906) AND (id <= 5043905))

table 3 : explain SELECT SUM(k) FROM sbtest3 WHERE id BETWEEN 6497992 AND 6498991
	Aggregate  (cost=3799.14..3799.15 rows=1 width=8)
	  ->  Bitmap Heap Scan on sbtest3  (cost=30.48..3796.69 rows=980 width=4)
	        Recheck Cond: ((id >= 6497992) AND (id <= 6498991))
	        ->  Bitmap Index Scan on sbtest3_pkey  (cost=0.00..30.23 rows=980 width=0)
	              Index Cond: ((id >= 6497992) AND (id <= 6498991))

table 4 : explain SELECT SUM(k) FROM sbtest4 WHERE id BETWEEN 9107950 AND 9108949
	Aggregate  (cost=3668.38..3668.39 rows=1 width=8)
	  ->  Bitmap Heap Scan on sbtest4  (cost=30.12..3666.02 rows=945 width=4)
	        Recheck Cond: ((id >= 9107950) AND (id <= 9108949))
	        ->  Bitmap Index Scan on sbtest4_pkey  (cost=0.00..29.89 rows=945 width=0)
	              Index Cond: ((id >= 9107950) AND (id <= 9108949))

table 5 : explain SELECT SUM(k) FROM sbtest5 WHERE id BETWEEN 5047137 AND 5048136
	Aggregate  (cost=3993.52..3993.53 rows=1 width=8)
	  ->  Bitmap Heap Scan on sbtest5  (cost=31.00..3990.95 rows=1031 width=4)
	        Recheck Cond: ((id >= 5047137) AND (id <= 5048136))
	        ->  Bitmap Index Scan on sbtest5_pkey  (cost=0.00..30.75 rows=1031 width=0)
	              Index Cond: ((id >= 5047137) AND (id <= 5048136))

table 6 : explain SELECT SUM(k) FROM sbtest6 WHERE id BETWEEN 5268908 AND 5269907
	Aggregate  (cost=3724.90..3724.91 rows=1 width=8)
	  ->  Bitmap Heap Scan on sbtest6  (cost=30.27..3722.50 rows=960 width=4)
	        Recheck Cond: ((id >= 5268908) AND (id <= 5269907))
	        ->  Bitmap Index Scan on sbtest6_pkey  (cost=0.00..30.04 rows=960 width=0)
	              Index Cond: ((id >= 5268908) AND (id <= 5269907))

table 7 : explain SELECT SUM(k) FROM sbtest7 WHERE id BETWEEN 7085674 AND 7086673
	Aggregate  (cost=4145.63..4145.64 rows=1 width=8)
	  ->  Bitmap Heap Scan on sbtest7  (cost=35.41..4142.95 rows=1071 width=4)
	        Recheck Cond: ((id >= 7085674) AND (id <= 7086673))
	        ->  Bitmap Index Scan on sbtest7_pkey  (cost=0.00..35.15 rows=1071 width=0)
	              Index Cond: ((id >= 7085674) AND (id <= 7086673))

table 8 : explain SELECT SUM(k) FROM sbtest8 WHERE id BETWEEN 4697541 AND 4698540
	Aggregate  (cost=3838.77..3838.78 rows=1 width=8)
	  ->  Bitmap Heap Scan on sbtest8  (cost=30.58..3836.29 rows=990 width=4)
	        Recheck Cond: ((id >= 4697541) AND (id <= 4698540))
	        ->  Bitmap Index Scan on sbtest8_pkey  (cost=0.00..30.33 rows=990 width=0)
	              Index Cond: ((id >= 4697541) AND (id <= 4698540))

for: sum_ranges
table 1 : explain SELECT SUM(k) FROM sbtest1 WHERE id BETWEEN 2046432 AND 2047431
	Aggregate  (cost=3983.55..3983.56 rows=1 width=8)
	  ->  Bitmap Heap Scan on sbtest1  (cost=30.97..3980.98 rows=1028 width=4)
	        Recheck Cond: ((id >= 2046432) AND (id <= 2047431))
	        ->  Bitmap Index Scan on sbtest1_pkey  (cost=0.00..30.71 rows=1028 width=0)
	              Index Cond: ((id >= 2046432) AND (id <= 2047431))

table 2 : explain SELECT SUM(k) FROM sbtest2 WHERE id BETWEEN 8590230 AND 8591229
	Aggregate  (cost=3914.04..3914.05 rows=1 width=8)
	  ->  Bitmap Heap Scan on sbtest2  (cost=30.79..3911.51 rows=1010 width=4)
	        Recheck Cond: ((id >= 8590230) AND (id <= 8591229))
	        ->  Bitmap Index Scan on sbtest2_pkey  (cost=0.00..30.54 rows=1010 width=0)
	              Index Cond: ((id >= 8590230) AND (id <= 8591229))

table 3 : explain SELECT SUM(k) FROM sbtest3 WHERE id BETWEEN 234584 AND 235583
	Aggregate  (cost=4078.20..4078.21 rows=1 width=8)
	  ->  Bitmap Heap Scan on sbtest3  (cost=31.24..4075.56 rows=1054 width=4)
	        Recheck Cond: ((id >= 234584) AND (id <= 235583))
	        ->  Bitmap Index Scan on sbtest3_pkey  (cost=0.00..30.97 rows=1054 width=0)
	              Index Cond: ((id >= 234584) AND (id <= 235583))

table 4 : explain SELECT SUM(k) FROM sbtest4 WHERE id BETWEEN 5807594 AND 5808593
	Aggregate  (cost=3683.51..3683.52 rows=1 width=8)
	  ->  Bitmap Heap Scan on sbtest4  (cost=30.16..3681.14 rows=949 width=4)
	        Recheck Cond: ((id >= 5807594) AND (id <= 5808593))
	        ->  Bitmap Index Scan on sbtest4_pkey  (cost=0.00..29.93 rows=949 width=0)
	              Index Cond: ((id >= 5807594) AND (id <= 5808593))

table 5 : explain SELECT SUM(k) FROM sbtest5 WHERE id BETWEEN 1383882 AND 1384881
	Aggregate  (cost=3838.76..3838.77 rows=1 width=8)
	  ->  Bitmap Heap Scan on sbtest5  (cost=30.58..3836.29 rows=990 width=4)
	        Recheck Cond: ((id >= 1383882) AND (id <= 1384881))
	        ->  Bitmap Index Scan on sbtest5_pkey  (cost=0.00..30.33 rows=990 width=0)
	              Index Cond: ((id >= 1383882) AND (id <= 1384881))

table 6 : explain SELECT SUM(k) FROM sbtest6 WHERE id BETWEEN 2282416 AND 2283415
	Aggregate  (cost=3777.81..3777.82 rows=1 width=8)
	  ->  Bitmap Heap Scan on sbtest6  (cost=30.42..3775.37 rows=974 width=4)
	        Recheck Cond: ((id >= 2282416) AND (id <= 2283415))
	        ->  Bitmap Index Scan on sbtest6_pkey  (cost=0.00..30.18 rows=974 width=0)
	              Index Cond: ((id >= 2282416) AND (id <= 2283415))

table 7 : explain SELECT SUM(k) FROM sbtest7 WHERE id BETWEEN 6349590 AND 6350589
	Aggregate  (cost=3552.99..3553.00 rows=1 width=8)
	  ->  Bitmap Heap Scan on sbtest7  (cost=29.81..3550.70 rows=915 width=4)
	        Recheck Cond: ((id >= 6349590) AND (id <= 6350589))
	        ->  Bitmap Index Scan on sbtest7_pkey  (cost=0.00..29.58 rows=915 width=0)
	              Index Cond: ((id >= 6349590) AND (id <= 6350589))

table 8 : explain SELECT SUM(k) FROM sbtest8 WHERE id BETWEEN 6210558 AND 6211557
	Aggregate  (cost=3789.65..3789.66 rows=1 width=8)
	  ->  Bitmap Heap Scan on sbtest8  (cost=30.45..3787.21 rows=977 width=4)
	        Recheck Cond: ((id >= 6210558) AND (id <= 6211557))
	        ->  Bitmap Index Scan on sbtest8_pkey  (cost=0.00..30.20 rows=977 width=0)
	              Index Cond: ((id >= 6210558) AND (id <= 6211557))

for point_selects
table 1 : explain SELECT c FROM sbtest1 WHERE id=4969431
	Index Scan using sbtest1_pkey on sbtest1  (cost=0.43..8.45 rows=1 width=121)
	  Index Cond: (id = 4969431)

table 2 : explain SELECT c FROM sbtest2 WHERE id=6923030
	Index Scan using sbtest2_pkey on sbtest2  (cost=0.43..8.45 rows=1 width=121)
	  Index Cond: (id = 6923030)

table 3 : explain SELECT c FROM sbtest3 WHERE id=6556683
	Index Scan using sbtest3_pkey on sbtest3  (cost=0.43..8.45 rows=1 width=121)
	  Index Cond: (id = 6556683)

table 4 : explain SELECT c FROM sbtest4 WHERE id=5747348
	Index Scan using sbtest4_pkey on sbtest4  (cost=0.43..8.45 rows=1 width=121)
	  Index Cond: (id = 5747348)

table 5 : explain SELECT c FROM sbtest5 WHERE id=7087908
	Index Scan using sbtest5_pkey on sbtest5  (cost=0.43..8.45 rows=1 width=121)
	  Index Cond: (id = 7087908)

table 6 : explain SELECT c FROM sbtest6 WHERE id=7071907
	Index Scan using sbtest6_pkey on sbtest6  (cost=0.43..8.45 rows=1 width=121)
	  Index Cond: (id = 7071907)

table 7 : explain SELECT c FROM sbtest7 WHERE id=7989517
	Index Scan using sbtest7_pkey on sbtest7  (cost=0.43..8.45 rows=1 width=121)
	  Index Cond: (id = 7989517)

table 8 : explain SELECT c FROM sbtest8 WHERE id=987796
	Index Scan using sbtest8_pkey on sbtest8  (cost=0.43..8.45 rows=1 width=121)
	  Index Cond: (id = 987796)

for: simple_ranges
table 1 : explain SELECT c FROM sbtest1 WHERE id BETWEEN 7650990 AND 7651989
	Bitmap Heap Scan on sbtest1  (cost=31.21..4067.70 rows=1051 width=121)
	  Recheck Cond: ((id >= 7650990) AND (id <= 7651989))
	  ->  Bitmap Index Scan on sbtest1_pkey  (cost=0.00..30.94 rows=1051 width=0)
	        Index Cond: ((id >= 7650990) AND (id <= 7651989))

table 2 : explain SELECT c FROM sbtest2 WHERE id BETWEEN 3333100 AND 3334099
	Bitmap Heap Scan on sbtest2  (cost=30.31..3734.09 rows=963 width=121)
	  Recheck Cond: ((id >= 3333100) AND (id <= 3334099))
	  ->  Bitmap Index Scan on sbtest2_pkey  (cost=0.00..30.07 rows=963 width=0)
	        Index Cond: ((id >= 3333100) AND (id <= 3334099))

table 3 : explain SELECT c FROM sbtest3 WHERE id BETWEEN 5538475 AND 5539474
	Bitmap Heap Scan on sbtest3  (cost=29.98..3611.65 rows=931 width=121)
	  Recheck Cond: ((id >= 5538475) AND (id <= 5539474))
	  ->  Bitmap Index Scan on sbtest3_pkey  (cost=0.00..29.75 rows=931 width=0)
	        Index Cond: ((id >= 5538475) AND (id <= 5539474))

table 4 : explain SELECT c FROM sbtest4 WHERE id BETWEEN 6869536 AND 6870535
	Bitmap Heap Scan on sbtest4  (cost=31.16..4047.16 rows=1046 width=121)
	  Recheck Cond: ((id >= 6869536) AND (id <= 6870535))
	  ->  Bitmap Index Scan on sbtest4_pkey  (cost=0.00..30.89 rows=1046 width=0)
	        Index Cond: ((id >= 6869536) AND (id <= 6870535))

table 5 : explain SELECT c FROM sbtest5 WHERE id BETWEEN 7948246 AND 7949245
	Bitmap Heap Scan on sbtest5  (cost=30.47..3794.76 rows=979 width=121)
	  Recheck Cond: ((id >= 7948246) AND (id <= 7949245))
	  ->  Bitmap Index Scan on sbtest5_pkey  (cost=0.00..30.22 rows=979 width=0)
	        Index Cond: ((id >= 7948246) AND (id <= 7949245))

table 6 : explain SELECT c FROM sbtest6 WHERE id BETWEEN 5764043 AND 5765042
	Bitmap Heap Scan on sbtest6  (cost=35.58..4205.26 rows=1087 width=121)
	  Recheck Cond: ((id >= 5764043) AND (id <= 5765042))
	  ->  Bitmap Index Scan on sbtest6_pkey  (cost=0.00..35.31 rows=1087 width=0)
	        Index Cond: ((id >= 5764043) AND (id <= 5765042))

table 7 : explain SELECT c FROM sbtest7 WHERE id BETWEEN 751447 AND 752446
	Bitmap Heap Scan on sbtest7  (cost=30.84..3928.14 rows=1015 width=121)
	  Recheck Cond: ((id >= 751447) AND (id <= 752446))
	  ->  Bitmap Index Scan on sbtest7_pkey  (cost=0.00..30.58 rows=1015 width=0)
	        Index Cond: ((id >= 751447) AND (id <= 752446))

table 8 : explain SELECT c FROM sbtest8 WHERE id BETWEEN 4021804 AND 4022803
	Bitmap Heap Scan on sbtest8  (cost=30.92..3960.79 rows=1023 width=121)
	  Recheck Cond: ((id >= 4021804) AND (id <= 4022803))
	  ->  Bitmap Index Scan on sbtest8_pkey  (cost=0.00..30.66 rows=1023 width=0)
	        Index Cond: ((id >= 4021804) AND (id <= 4022803))

for: order_ranges
table 1 : explain SELECT c FROM sbtest1 WHERE id BETWEEN 2425747 AND 2426746 ORDER BY c
	Sort  (cost=3848.47..3850.92 rows=980 width=121)
	  Sort Key: c
	  ->  Bitmap Heap Scan on sbtest1  (cost=30.48..3799.78 rows=980 width=121)
	        Recheck Cond: ((id >= 2425747) AND (id <= 2426746))
	        ->  Bitmap Index Scan on sbtest1_pkey  (cost=0.00..30.23 rows=980 width=0)
	              Index Cond: ((id >= 2425747) AND (id <= 2426746))

table 2 : explain SELECT c FROM sbtest2 WHERE id BETWEEN 1640539 AND 1641538 ORDER BY c
	Sort  (cost=4405.48..4408.29 rows=1125 width=121)
	  Sort Key: c
	  ->  Bitmap Heap Scan on sbtest2  (cost=35.97..4348.46 rows=1125 width=121)
	        Recheck Cond: ((id >= 1640539) AND (id <= 1641538))
	        ->  Bitmap Index Scan on sbtest2_pkey  (cost=0.00..35.69 rows=1125 width=0)
	              Index Cond: ((id >= 1640539) AND (id <= 1641538))

table 3 : explain SELECT c FROM sbtest3 WHERE id BETWEEN 3086539 AND 3087538 ORDER BY c
	Sort  (cost=3799.41..3801.83 rows=968 width=121)
	  Sort Key: c
	  ->  Bitmap Heap Scan on sbtest3  (cost=30.36..3751.41 rows=968 width=121)
	        Recheck Cond: ((id >= 3086539) AND (id <= 3087538))
	        ->  Bitmap Index Scan on sbtest3_pkey  (cost=0.00..30.11 rows=968 width=0)
	              Index Cond: ((id >= 3086539) AND (id <= 3087538))

table 4 : explain SELECT c FROM sbtest4 WHERE id BETWEEN 4626853 AND 4627852 ORDER BY c
	Sort  (cost=3954.19..3956.71 rows=1008 width=121)
	  Sort Key: c
	  ->  Bitmap Heap Scan on sbtest4  (cost=30.77..3903.91 rows=1008 width=121)
	        Recheck Cond: ((id >= 4626853) AND (id <= 4627852))
	        ->  Bitmap Index Scan on sbtest4_pkey  (cost=0.00..30.51 rows=1008 width=0)
	              Index Cond: ((id >= 4626853) AND (id <= 4627852))

table 5 : explain SELECT c FROM sbtest5 WHERE id BETWEEN 849891 AND 850890 ORDER BY c
	Sort  (cost=3755.20..3757.59 rows=956 width=121)
	  Sort Key: c
	  ->  Bitmap Heap Scan on sbtest5  (cost=30.23..3707.87 rows=956 width=121)
	        Recheck Cond: ((id >= 849891) AND (id <= 850890))
	        ->  Bitmap Index Scan on sbtest5_pkey  (cost=0.00..30.00 rows=956 width=0)
	              Index Cond: ((id >= 849891) AND (id <= 850890))

table 6 : explain SELECT c FROM sbtest6 WHERE id BETWEEN 1351155 AND 1352154 ORDER BY c
	Sort  (cost=4355.53..4358.31 rows=1112 width=121)
	  Sort Key: c
	  ->  Bitmap Heap Scan on sbtest6  (cost=35.83..4299.27 rows=1112 width=121)
	        Recheck Cond: ((id >= 1351155) AND (id <= 1352154))
	        ->  Bitmap Index Scan on sbtest6_pkey  (cost=0.00..35.56 rows=1112 width=0)
	              Index Cond: ((id >= 1351155) AND (id <= 1352154))

table 7 : explain SELECT c FROM sbtest7 WHERE id BETWEEN 9326460 AND 9327459 ORDER BY c
	Sort  (cost=4105.17..4107.79 rows=1047 width=121)
	  Sort Key: c
	  ->  Bitmap Heap Scan on sbtest7  (cost=35.17..4052.65 rows=1047 width=121)
	        Recheck Cond: ((id >= 9326460) AND (id <= 9327459))
	        ->  Bitmap Index Scan on sbtest7_pkey  (cost=0.00..34.91 rows=1047 width=0)
	              Index Cond: ((id >= 9326460) AND (id <= 9327459))

table 8 : explain SELECT c FROM sbtest8 WHERE id BETWEEN 1077236 AND 1078235 ORDER BY c
	Sort  (cost=3728.35..3730.72 rows=949 width=121)
	  Sort Key: c
	  ->  Bitmap Heap Scan on sbtest8  (cost=30.16..3681.42 rows=949 width=121)
	        Recheck Cond: ((id >= 1077236) AND (id <= 1078235))
	        ->  Bitmap Index Scan on sbtest8_pkey  (cost=0.00..29.93 rows=949 width=0)
	              Index Cond: ((id >= 1077236) AND (id <= 1078235))

for: simple_ranges
table 1 : explain SELECT c FROM sbtest1 WHERE id BETWEEN 5894525 AND 5895524
	Bitmap Heap Scan on sbtest1  (cost=30.18..3690.16 rows=951 width=121)
	  Recheck Cond: ((id >= 5894525) AND (id <= 5895524))
	  ->  Bitmap Index Scan on sbtest1_pkey  (cost=0.00..29.94 rows=951 width=0)
	        Index Cond: ((id >= 5894525) AND (id <= 5895524))

table 2 : explain SELECT c FROM sbtest2 WHERE id BETWEEN 1423333 AND 1424332
	Bitmap Heap Scan on sbtest2  (cost=29.95..3601.79 rows=928 width=121)
	  Recheck Cond: ((id >= 1423333) AND (id <= 1424332))
	  ->  Bitmap Index Scan on sbtest2_pkey  (cost=0.00..29.71 rows=928 width=0)
	        Index Cond: ((id >= 1423333) AND (id <= 1424332))

table 3 : explain SELECT c FROM sbtest3 WHERE id BETWEEN 850984 AND 851983
	Bitmap Heap Scan on sbtest3  (cost=29.82..3554.94 rows=916 width=121)
	  Recheck Cond: ((id >= 850984) AND (id <= 851983))
	  ->  Bitmap Index Scan on sbtest3_pkey  (cost=0.00..29.59 rows=916 width=0)
	        Index Cond: ((id >= 850984) AND (id <= 851983))

table 4 : explain SELECT c FROM sbtest4 WHERE id BETWEEN 8464336 AND 8465335
	Bitmap Heap Scan on sbtest4  (cost=30.47..3794.47 rows=979 width=121)
	  Recheck Cond: ((id >= 8464336) AND (id <= 8465335))
	  ->  Bitmap Index Scan on sbtest4_pkey  (cost=0.00..30.22 rows=979 width=0)
	        Index Cond: ((id >= 8464336) AND (id <= 8465335))

table 5 : explain SELECT c FROM sbtest5 WHERE id BETWEEN 6193588 AND 6194587
	Bitmap Heap Scan on sbtest5  (cost=30.32..3738.10 rows=964 width=121)
	  Recheck Cond: ((id >= 6193588) AND (id <= 6194587))
	  ->  Bitmap Index Scan on sbtest5_pkey  (cost=0.00..30.07 rows=964 width=0)
	        Index Cond: ((id >= 6193588) AND (id <= 6194587))

table 6 : explain SELECT c FROM sbtest6 WHERE id BETWEEN 8457211 AND 8458210
	Bitmap Heap Scan on sbtest6  (cost=31.12..4031.85 rows=1042 width=121)
	  Recheck Cond: ((id >= 8457211) AND (id <= 8458210))
	  ->  Bitmap Index Scan on sbtest6_pkey  (cost=0.00..30.86 rows=1042 width=0)
	        Index Cond: ((id >= 8457211) AND (id <= 8458210))

table 7 : explain SELECT c FROM sbtest7 WHERE id BETWEEN 2275291 AND 2276290
	Bitmap Heap Scan on sbtest7  (cost=30.78..3905.53 rows=1009 width=121)
	  Recheck Cond: ((id >= 2275291) AND (id <= 2276290))
	  ->  Bitmap Index Scan on sbtest7_pkey  (cost=0.00..30.52 rows=1009 width=0)
	        Index Cond: ((id >= 2275291) AND (id <= 2276290))

table 8 : explain SELECT c FROM sbtest8 WHERE id BETWEEN 4686247 AND 4687246
	Bitmap Heap Scan on sbtest8  (cost=30.72..3885.35 rows=1003 width=121)
	  Recheck Cond: ((id >= 4686247) AND (id <= 4687246))
	  ->  Bitmap Index Scan on sbtest8_pkey  (cost=0.00..30.46 rows=1003 width=0)
	        Index Cond: ((id >= 4686247) AND (id <= 4687246))

for: simple_ranges
table 1 : explain SELECT c FROM sbtest1 WHERE id BETWEEN 8922282 AND 8923281
	Bitmap Heap Scan on sbtest1  (cost=30.03..3633.42 rows=936 width=121)
	  Recheck Cond: ((id >= 8922282) AND (id <= 8923281))
	  ->  Bitmap Index Scan on sbtest1_pkey  (cost=0.00..29.79 rows=936 width=0)
	        Index Cond: ((id >= 8922282) AND (id <= 8923281))

table 2 : explain SELECT c FROM sbtest2 WHERE id BETWEEN 7728976 AND 7729975
	Bitmap Heap Scan on sbtest2  (cost=30.79..3911.51 rows=1010 width=121)
	  Recheck Cond: ((id >= 7728976) AND (id <= 7729975))
	  ->  Bitmap Index Scan on sbtest2_pkey  (cost=0.00..30.54 rows=1010 width=0)
	        Index Cond: ((id >= 7728976) AND (id <= 7729975))

table 3 : explain SELECT c FROM sbtest3 WHERE id BETWEEN 8038463 AND 8039462
	Bitmap Heap Scan on sbtest3  (cost=30.24..3709.88 rows=957 width=121)
	  Recheck Cond: ((id >= 8038463) AND (id <= 8039462))
	  ->  Bitmap Index Scan on sbtest3_pkey  (cost=0.00..30.00 rows=957 width=0)
	        Index Cond: ((id >= 8038463) AND (id <= 8039462))

table 4 : explain SELECT c FROM sbtest4 WHERE id BETWEEN 5789021 AND 5790020
	Bitmap Heap Scan on sbtest4  (cost=30.16..3681.14 rows=949 width=121)
	  Recheck Cond: ((id >= 5789021) AND (id <= 5790020))
	  ->  Bitmap Index Scan on sbtest4_pkey  (cost=0.00..29.93 rows=949 width=0)
	        Index Cond: ((id >= 5789021) AND (id <= 5790020))

table 5 : explain SELECT c FROM sbtest5 WHERE id BETWEEN 762378 AND 763377
	Bitmap Heap Scan on sbtest5  (cost=35.36..4126.81 rows=1066 width=121)
	  Recheck Cond: ((id >= 762378) AND (id <= 763377))
	  ->  Bitmap Index Scan on sbtest5_pkey  (cost=0.00..35.09 rows=1066 width=0)
	        Index Cond: ((id >= 762378) AND (id <= 763377))

table 6 : explain SELECT c FROM sbtest6 WHERE id BETWEEN 9899440 AND 9900439
	Bitmap Heap Scan on sbtest6  (cost=31.04..4005.47 rows=1035 width=121)
	  Recheck Cond: ((id >= 9899440) AND (id <= 9900439))
	  ->  Bitmap Index Scan on sbtest6_pkey  (cost=0.00..30.79 rows=1035 width=0)
	        Index Cond: ((id >= 9899440) AND (id <= 9900439))

table 7 : explain SELECT c FROM sbtest7 WHERE id BETWEEN 9535764 AND 9536763
	Bitmap Heap Scan on sbtest7  (cost=35.35..4120.38 rows=1065 width=121)
	  Recheck Cond: ((id >= 9535764) AND (id <= 9536763))
	  ->  Bitmap Index Scan on sbtest7_pkey  (cost=0.00..35.09 rows=1065 width=0)
	        Index Cond: ((id >= 9535764) AND (id <= 9536763))

table 8 : explain SELECT c FROM sbtest8 WHERE id BETWEEN 2552388 AND 2553387
	Bitmap Heap Scan on sbtest8  (cost=35.13..4040.18 rows=1043 width=121)
	  Recheck Cond: ((id >= 2552388) AND (id <= 2553387))
	  ->  Bitmap Index Scan on sbtest8_pkey  (cost=0.00..34.87 rows=1043 width=0)
	        Index Cond: ((id >= 2552388) AND (id <= 2553387))

for: order_ranges
table 1 : explain SELECT c FROM sbtest1 WHERE id BETWEEN 1192200 AND 1193199 ORDER BY c
	Sort  (cost=4097.48..4100.10 rows=1045 width=121)
	  Sort Key: c
	  ->  Bitmap Heap Scan on sbtest1  (cost=31.15..4045.08 rows=1045 width=121)
	        Recheck Cond: ((id >= 1192200) AND (id <= 1193199))
	        ->  Bitmap Index Scan on sbtest1_pkey  (cost=0.00..30.89 rows=1045 width=0)
	              Index Cond: ((id >= 1192200) AND (id <= 1193199))

table 2 : explain SELECT c FROM sbtest2 WHERE id BETWEEN 7311196 AND 7312195 ORDER BY c
	Sort  (cost=4126.63..4129.26 rows=1052 width=121)
	  Sort Key: c
	  ->  Bitmap Heap Scan on sbtest2  (cost=35.22..4073.82 rows=1052 width=121)
	        Recheck Cond: ((id >= 7311196) AND (id <= 7312195))
	        ->  Bitmap Index Scan on sbtest2_pkey  (cost=0.00..34.95 rows=1052 width=0)
	              Index Cond: ((id >= 7311196) AND (id <= 7312195))

table 3 : explain SELECT c FROM sbtest3 WHERE id BETWEEN 3223575 AND 3224574 ORDER BY c
	Sort  (cost=3511.70..3513.93 rows=893 width=121)
	  Sort Key: c
	  ->  Bitmap Heap Scan on sbtest3  (cost=29.59..3467.93 rows=893 width=121)
	        Recheck Cond: ((id >= 3223575) AND (id <= 3224574))
	        ->  Bitmap Index Scan on sbtest3_pkey  (cost=0.00..29.36 rows=893 width=0)
	              Index Cond: ((id >= 3223575) AND (id <= 3224574))

table 4 : explain SELECT c FROM sbtest4 WHERE id BETWEEN 498476 AND 499475 ORDER BY c
	Sort  (cost=3843.10..3845.55 rows=979 width=121)
	  Sort Key: c
	  ->  Bitmap Heap Scan on sbtest4  (cost=30.47..3794.47 rows=979 width=121)
	        Recheck Cond: ((id >= 498476) AND (id <= 499475))
	        ->  Bitmap Index Scan on sbtest4_pkey  (cost=0.00..30.22 rows=979 width=0)
	              Index Cond: ((id >= 498476) AND (id <= 499475))

table 5 : explain SELECT c FROM sbtest5 WHERE id BETWEEN 7048768 AND 7049767 ORDER BY c
	Sort  (cost=3736.02..3738.39 rows=951 width=121)
	  Sort Key: c
	  ->  Bitmap Heap Scan on sbtest5  (cost=30.18..3688.97 rows=951 width=121)
	        Recheck Cond: ((id >= 7048768) AND (id <= 7049767))
	        ->  Bitmap Index Scan on sbtest5_pkey  (cost=0.00..29.94 rows=951 width=0)
	              Index Cond: ((id >= 7048768) AND (id <= 7049767))

table 6 : explain SELECT c FROM sbtest6 WHERE id BETWEEN 8278695 AND 8279694 ORDER BY c
	Sort  (cost=3850.55..3853.00 rows=981 width=121)
	  Sort Key: c
	  ->  Bitmap Heap Scan on sbtest6  (cost=30.49..3801.80 rows=981 width=121)
	        Recheck Cond: ((id >= 8278695) AND (id <= 8279694))
	        ->  Bitmap Index Scan on sbtest6_pkey  (cost=0.00..30.25 rows=981 width=0)
	              Index Cond: ((id >= 8278695) AND (id <= 8279694))

table 7 : explain SELECT c FROM sbtest7 WHERE id BETWEEN 3503593 AND 3504592 ORDER BY c
	Sort  (cost=4128.10..4130.73 rows=1053 width=121)
	  Sort Key: c
	  ->  Bitmap Heap Scan on sbtest7  (cost=35.23..4075.23 rows=1053 width=121)
	        Recheck Cond: ((id >= 3503593) AND (id <= 3504592))
	        ->  Bitmap Index Scan on sbtest7_pkey  (cost=0.00..34.97 rows=1053 width=0)
	              Index Cond: ((id >= 3503593) AND (id <= 3504592))

table 8 : explain SELECT c FROM sbtest8 WHERE id BETWEEN 4606122 AND 4607121 ORDER BY c
	Sort  (cost=3935.35..3937.86 rows=1003 width=121)
	  Sort Key: c
	  ->  Bitmap Heap Scan on sbtest8  (cost=30.72..3885.35 rows=1003 width=121)
	        Recheck Cond: ((id >= 4606122) AND (id <= 4607121))
	        ->  Bitmap Index Scan on sbtest8_pkey  (cost=0.00..30.46 rows=1003 width=0)
	              Index Cond: ((id >= 4606122) AND (id <= 4607121))

for: order_ranges
table 1 : explain SELECT c FROM sbtest1 WHERE id BETWEEN 5303515 AND 5304514 ORDER BY c
	Sort  (cost=4032.40..4034.97 rows=1028 width=121)
	  Sort Key: c
	  ->  Bitmap Heap Scan on sbtest1  (cost=30.97..3980.98 rows=1028 width=121)
	        Recheck Cond: ((id >= 5303515) AND (id <= 5304514))
	        ->  Bitmap Index Scan on sbtest1_pkey  (cost=0.00..30.71 rows=1028 width=0)
	              Index Cond: ((id >= 5303515) AND (id <= 5304514))

table 2 : explain SELECT c FROM sbtest2 WHERE id BETWEEN 449944 AND 450943 ORDER BY c
	Sort  (cost=3843.15..3845.60 rows=979 width=121)
	  Sort Key: c
	  ->  Bitmap Heap Scan on sbtest2  (cost=30.47..3794.52 rows=979 width=121)
	        Recheck Cond: ((id >= 449944) AND (id <= 450943))
	        ->  Bitmap Index Scan on sbtest2_pkey  (cost=0.00..30.22 rows=979 width=0)
	              Index Cond: ((id >= 449944) AND (id <= 450943))

table 3 : explain SELECT c FROM sbtest3 WHERE id BETWEEN 6176561 AND 6177560 ORDER BY c
	Sort  (cost=4147.59..4150.24 rows=1059 width=121)
	  Sort Key: c
	  ->  Bitmap Heap Scan on sbtest3  (cost=31.29..4094.38 rows=1059 width=121)
	        Recheck Cond: ((id >= 6176561) AND (id <= 6177560))
	        ->  Bitmap Index Scan on sbtest3_pkey  (cost=0.00..31.02 rows=1059 width=0)
	              Index Cond: ((id >= 6176561) AND (id <= 6177560))

table 4 : explain SELECT c FROM sbtest4 WHERE id BETWEEN 4284917 AND 4285916 ORDER BY c
	Sort  (cost=3674.35..3676.68 rows=935 width=121)
	  Sort Key: c
	  ->  Bitmap Heap Scan on sbtest4  (cost=30.02..3628.21 rows=935 width=121)
	        Recheck Cond: ((id >= 4284917) AND (id <= 4285916))
	        ->  Bitmap Index Scan on sbtest4_pkey  (cost=0.00..29.79 rows=935 width=0)
	              Index Cond: ((id >= 4284917) AND (id <= 4285916))

table 5 : explain SELECT c FROM sbtest5 WHERE id BETWEEN 4363751 AND 4364750 ORDER BY c
	Sort  (cost=3931.52..3934.02 rows=1002 width=121)
	  Sort Key: c
	  ->  Bitmap Heap Scan on sbtest5  (cost=30.71..3881.57 rows=1002 width=121)
	        Recheck Cond: ((id >= 4363751) AND (id <= 4364750))
	        ->  Bitmap Index Scan on sbtest5_pkey  (cost=0.00..30.45 rows=1002 width=0)
	              Index Cond: ((id >= 4363751) AND (id <= 4364750))

table 6 : explain SELECT c FROM sbtest6 WHERE id BETWEEN 2018222 AND 2019221 ORDER BY c
	Sort  (cost=4302.09..4304.83 rows=1098 width=121)
	  Sort Key: c
	  ->  Bitmap Heap Scan on sbtest6  (cost=35.69..4246.64 rows=1098 width=121)
	        Recheck Cond: ((id >= 2018222) AND (id <= 2019221))
	        ->  Bitmap Index Scan on sbtest6_pkey  (cost=0.00..35.42 rows=1098 width=0)
	              Index Cond: ((id >= 2018222) AND (id <= 2019221))

table 7 : explain SELECT c FROM sbtest7 WHERE id BETWEEN 1493279 AND 1494278 ORDER BY c
	Sort  (cost=3955.87..3958.40 rows=1009 width=121)
	  Sort Key: c
	  ->  Bitmap Heap Scan on sbtest7  (cost=30.78..3905.53 rows=1009 width=121)
	        Recheck Cond: ((id >= 1493279) AND (id <= 1494278))
	        ->  Bitmap Index Scan on sbtest7_pkey  (cost=0.00..30.52 rows=1009 width=0)
	              Index Cond: ((id >= 1493279) AND (id <= 1494278))

table 8 : explain SELECT c FROM sbtest8 WHERE id BETWEEN 533502 AND 534501 ORDER BY c
	Sort  (cost=3720.67..3723.04 rows=947 width=121)
	  Sort Key: c
	  ->  Bitmap Heap Scan on sbtest8  (cost=30.14..3673.86 rows=947 width=121)
	        Recheck Cond: ((id >= 533502) AND (id <= 534501))
	        ->  Bitmap Index Scan on sbtest8_pkey  (cost=0.00..29.90 rows=947 width=0)
	              Index Cond: ((id >= 533502) AND (id <= 534501))

for: simple_ranges
table 1 : explain SELECT c FROM sbtest1 WHERE id BETWEEN 4430361 AND 4431360
	Bitmap Heap Scan on sbtest1  (cost=30.94..3969.66 rows=1025 width=121)
	  Recheck Cond: ((id >= 4430361) AND (id <= 4431360))
	  ->  Bitmap Index Scan on sbtest1_pkey  (cost=0.00..30.68 rows=1025 width=0)
	        Index Cond: ((id >= 4430361) AND (id <= 4431360))

table 2 : explain SELECT c FROM sbtest2 WHERE id BETWEEN 3271833 AND 3272832
	Bitmap Heap Scan on sbtest2  (cost=30.58..3836.05 rows=990 width=121)
	  Recheck Cond: ((id >= 3271833) AND (id <= 3272832))
	  ->  Bitmap Index Scan on sbtest2_pkey  (cost=0.00..30.33 rows=990 width=0)
	        Index Cond: ((id >= 3271833) AND (id <= 3272832))

table 3 : explain SELECT c FROM sbtest3 WHERE id BETWEEN 931064 AND 932063
	Bitmap Heap Scan on sbtest3  (cost=30.33..3740.08 rows=965 width=121)
	  Recheck Cond: ((id >= 931064) AND (id <= 932063))
	  ->  Bitmap Index Scan on sbtest3_pkey  (cost=0.00..30.08 rows=965 width=0)
	        Index Cond: ((id >= 931064) AND (id <= 932063))

table 4 : explain SELECT c FROM sbtest4 WHERE id BETWEEN 243448 AND 244447
	Bitmap Heap Scan on sbtest4  (cost=31.04..4005.71 rows=1035 width=121)
	  Recheck Cond: ((id >= 243448) AND (id <= 244447))
	  ->  Bitmap Index Scan on sbtest4_pkey  (cost=0.00..30.79 rows=1035 width=0)
	        Index Cond: ((id >= 243448) AND (id <= 244447))

table 5 : explain SELECT c FROM sbtest5 WHERE id BETWEEN 6996711 AND 6997710
	Bitmap Heap Scan on sbtest5  (cost=30.24..3711.65 rows=957 width=121)
	  Recheck Cond: ((id >= 6996711) AND (id <= 6997710))
	  ->  Bitmap Index Scan on sbtest5_pkey  (cost=0.00..30.00 rows=957 width=0)
	        Index Cond: ((id >= 6996711) AND (id <= 6997710))

table 6 : explain SELECT c FROM sbtest6 WHERE id BETWEEN 8802037 AND 8803036
	Bitmap Heap Scan on sbtest6  (cost=31.04..4005.47 rows=1035 width=121)
	  Recheck Cond: ((id >= 8802037) AND (id <= 8803036))
	  ->  Bitmap Index Scan on sbtest6_pkey  (cost=0.00..30.79 rows=1035 width=0)
	        Index Cond: ((id >= 8802037) AND (id <= 8803036))

table 7 : explain SELECT c FROM sbtest7 WHERE id BETWEEN 7711235 AND 7712234
	Bitmap Heap Scan on sbtest7  (cost=36.03..4364.66 rows=1131 width=121)
	  Recheck Cond: ((id >= 7711235) AND (id <= 7712234))
	  ->  Bitmap Index Scan on sbtest7_pkey  (cost=0.00..35.75 rows=1131 width=0)
	        Index Cond: ((id >= 7711235) AND (id <= 7712234))

table 8 : explain SELECT c FROM sbtest8 WHERE id BETWEEN 2876703 AND 2877702
	Bitmap Heap Scan on sbtest8  (cost=30.71..3881.58 rows=1002 width=121)
	  Recheck Cond: ((id >= 2876703) AND (id <= 2877702))
	  ->  Bitmap Index Scan on sbtest8_pkey  (cost=0.00..30.45 rows=1002 width=0)
	        Index Cond: ((id >= 2876703) AND (id <= 2877702))

for: distinct_ranges
table 1 : explain SELECT DISTINCT c FROM sbtest1 WHERE id BETWEEN 2872600 AND 2873599 ORDER BY c
	Unique  (cost=3940.47..3945.49 rows=1004 width=121)
	  ->  Sort  (cost=3940.47..3942.98 rows=1004 width=121)
	        Sort Key: c
	        ->  Bitmap Heap Scan on sbtest1  (cost=30.73..3890.41 rows=1004 width=121)
	              Recheck Cond: ((id >= 2872600) AND (id <= 2873599))
	              ->  Bitmap Index Scan on sbtest1_pkey  (cost=0.00..30.47 rows=1004 width=0)
	                    Index Cond: ((id >= 2872600) AND (id <= 2873599))

table 2 : explain SELECT DISTINCT c FROM sbtest2 WHERE id BETWEEN 327353 AND 328352 ORDER BY c
	Unique  (cost=3973.40..3978.46 rows=1013 width=121)
	  ->  Sort  (cost=3973.40..3975.93 rows=1013 width=121)
	        Sort Key: c
	        ->  Bitmap Heap Scan on sbtest2  (cost=30.82..3922.83 rows=1013 width=121)
	              Recheck Cond: ((id >= 327353) AND (id <= 328352))
	              ->  Bitmap Index Scan on sbtest2_pkey  (cost=0.00..30.57 rows=1013 width=0)
	                    Index Cond: ((id >= 327353) AND (id <= 328352))

table 3 : explain SELECT DISTINCT c FROM sbtest3 WHERE id BETWEEN 1507222 AND 1508221 ORDER BY c
	Unique  (cost=3745.76..3750.53 rows=954 width=121)
	  ->  Sort  (cost=3745.76..3748.14 rows=954 width=121)
	        Sort Key: c
	        ->  Bitmap Heap Scan on sbtest3  (cost=30.21..3698.55 rows=954 width=121)
	              Recheck Cond: ((id >= 1507222) AND (id <= 1508221))
	              ->  Bitmap Index Scan on sbtest3_pkey  (cost=0.00..29.97 rows=954 width=0)
	                    Index Cond: ((id >= 1507222) AND (id <= 1508221))

table 4 : explain SELECT DISTINCT c FROM sbtest4 WHERE id BETWEEN 1164839 AND 1165838 ORDER BY c
	Unique  (cost=3992.48..3997.57 rows=1018 width=121)
	  ->  Sort  (cost=3992.48..3995.02 rows=1018 width=121)
	        Sort Key: c
	        ->  Bitmap Heap Scan on sbtest4  (cost=30.87..3941.62 rows=1018 width=121)
	              Recheck Cond: ((id >= 1164839) AND (id <= 1165838))
	              ->  Bitmap Index Scan on sbtest4_pkey  (cost=0.00..30.61 rows=1018 width=0)
	                    Index Cond: ((id >= 1164839) AND (id <= 1165838))

table 5 : explain SELECT DISTINCT c FROM sbtest5 WHERE id BETWEEN 4750523 AND 4751522 ORDER BY c
	Unique  (cost=3962.16..3967.21 rows=1010 width=121)
	  ->  Sort  (cost=3962.16..3964.68 rows=1010 width=121)
	        Sort Key: c
	        ->  Bitmap Heap Scan on sbtest5  (cost=30.79..3911.76 rows=1010 width=121)
	              Recheck Cond: ((id >= 4750523) AND (id <= 4751522))
	              ->  Bitmap Index Scan on sbtest5_pkey  (cost=0.00..30.54 rows=1010 width=0)
	                    Index Cond: ((id >= 4750523) AND (id <= 4751522))

table 6 : explain SELECT DISTINCT c FROM sbtest6 WHERE id BETWEEN 8097868 AND 8098867 ORDER BY c
	Unique  (cost=3831.39..3836.27 rows=976 width=121)
	  ->  Sort  (cost=3831.39..3833.83 rows=976 width=121)
	        Sort Key: c
	        ->  Bitmap Heap Scan on sbtest6  (cost=30.44..3782.92 rows=976 width=121)
	              Recheck Cond: ((id >= 8097868) AND (id <= 8098867))
	              ->  Bitmap Index Scan on sbtest6_pkey  (cost=0.00..30.19 rows=976 width=0)
	                    Index Cond: ((id >= 8097868) AND (id <= 8098867))

table 7 : explain SELECT DISTINCT c FROM sbtest7 WHERE id BETWEEN 4021628 AND 4022627 ORDER BY c
	Unique  (cost=4005.60..4010.71 rows=1022 width=121)
	  ->  Sort  (cost=4005.60..4008.15 rows=1022 width=121)
	        Sort Key: c
	        ->  Bitmap Heap Scan on sbtest7  (cost=30.91..3954.51 rows=1022 width=121)
	              Recheck Cond: ((id >= 4021628) AND (id <= 4022627))
	              ->  Bitmap Index Scan on sbtest7_pkey  (cost=0.00..30.65 rows=1022 width=0)
	                    Index Cond: ((id >= 4021628) AND (id <= 4022627))

table 8 : explain SELECT DISTINCT c FROM sbtest8 WHERE id BETWEEN 5145150 AND 5146149 ORDER BY c
	Unique  (cost=3916.20..3921.19 rows=998 width=121)
	  ->  Sort  (cost=3916.20..3918.69 rows=998 width=121)
	        Sort Key: c
	        ->  Bitmap Heap Scan on sbtest8  (cost=30.66..3866.48 rows=998 width=121)
	              Recheck Cond: ((id >= 5145150) AND (id <= 5146149))
	              ->  Bitmap Index Scan on sbtest8_pkey  (cost=0.00..30.41 rows=998 width=0)
	                    Index Cond: ((id >= 5145150) AND (id <= 5146149))

for: sum_ranges
table 1 : explain SELECT SUM(k) FROM sbtest1 WHERE id BETWEEN 3448182 AND 3449181
	Aggregate  (cost=3457.68..3457.69 rows=1 width=8)
	  ->  Bitmap Heap Scan on sbtest1  (cost=29.55..3455.45 rows=889 width=4)
	        Recheck Cond: ((id >= 3448182) AND (id <= 3449181))
	        ->  Bitmap Index Scan on sbtest1_pkey  (cost=0.00..29.32 rows=889 width=0)
	              Index Cond: ((id >= 3448182) AND (id <= 3449181))

table 2 : explain SELECT SUM(k) FROM sbtest2 WHERE id BETWEEN 7459279 AND 7460278
	Aggregate  (cost=3861.18..3861.19 rows=1 width=8)
	  ->  Bitmap Heap Scan on sbtest2  (cost=30.64..3858.69 rows=996 width=4)
	        Recheck Cond: ((id >= 7459279) AND (id <= 7460278))
	        ->  Bitmap Index Scan on sbtest2_pkey  (cost=0.00..30.39 rows=996 width=0)
	              Index Cond: ((id >= 7459279) AND (id <= 7460278))

table 3 : explain SELECT SUM(k) FROM sbtest3 WHERE id BETWEEN 3970400 AND 3971399
	Aggregate  (cost=3833.12..3833.13 rows=1 width=8)
	  ->  Bitmap Heap Scan on sbtest3  (cost=30.57..3830.65 rows=989 width=4)
	        Recheck Cond: ((id >= 3970400) AND (id <= 3971399))
	        ->  Bitmap Index Scan on sbtest3_pkey  (cost=0.00..30.32 rows=989 width=0)
	              Index Cond: ((id >= 3970400) AND (id <= 3971399))

table 4 : explain SELECT SUM(k) FROM sbtest4 WHERE id BETWEEN 3560945 AND 3561944
	Aggregate  (cost=3683.51..3683.52 rows=1 width=8)
	  ->  Bitmap Heap Scan on sbtest4  (cost=30.16..3681.14 rows=949 width=4)
	        Recheck Cond: ((id >= 3560945) AND (id <= 3561944))
	        ->  Bitmap Index Scan on sbtest4_pkey  (cost=0.00..29.93 rows=949 width=0)
	              Index Cond: ((id >= 3560945) AND (id <= 3561944))

table 5 : explain SELECT SUM(k) FROM sbtest5 WHERE id BETWEEN 5855761 AND 5856760
	Aggregate  (cost=4076.48..4076.49 rows=1 width=8)
	  ->  Bitmap Heap Scan on sbtest5  (cost=31.23..4073.85 rows=1053 width=4)
	        Recheck Cond: ((id >= 5855761) AND (id <= 5856760))
	        ->  Bitmap Index Scan on sbtest5_pkey  (cost=0.00..30.96 rows=1053 width=0)
	              Index Cond: ((id >= 5855761) AND (id <= 5856760))

table 6 : explain SELECT SUM(k) FROM sbtest6 WHERE id BETWEEN 1482803 AND 1483802
	Aggregate  (cost=4019.37..4019.38 rows=1 width=8)
	  ->  Bitmap Heap Scan on sbtest6  (cost=31.07..4016.78 rows=1038 width=4)
	        Recheck Cond: ((id >= 1482803) AND (id <= 1483802))
	        ->  Bitmap Index Scan on sbtest6_pkey  (cost=0.00..30.82 rows=1038 width=0)
	              Index Cond: ((id >= 1482803) AND (id <= 1483802))

table 7 : explain SELECT SUM(k) FROM sbtest7 WHERE id BETWEEN 9829600 AND 9830599
	Aggregate  (cost=3692.89..3692.90 rows=1 width=8)
	  ->  Bitmap Heap Scan on sbtest7  (cost=30.19..3690.51 rows=952 width=4)
	        Recheck Cond: ((id >= 9829600) AND (id <= 9830599))
	        ->  Bitmap Index Scan on sbtest7_pkey  (cost=0.00..29.95 rows=952 width=0)
	              Index Cond: ((id >= 9829600) AND (id <= 9830599))

table 8 : explain SELECT SUM(k) FROM sbtest8 WHERE id BETWEEN 5653387 AND 5654386
	Aggregate  (cost=3936.93..3936.94 rows=1 width=8)
	  ->  Bitmap Heap Scan on sbtest8  (cost=30.85..3934.39 rows=1016 width=4)
	        Recheck Cond: ((id >= 5653387) AND (id <= 5654386))
	        ->  Bitmap Index Scan on sbtest8_pkey  (cost=0.00..30.59 rows=1016 width=0)
	              Index Cond: ((id >= 5653387) AND (id <= 5654386))

for: simple_ranges
table 1 : explain SELECT c FROM sbtest1 WHERE id BETWEEN 3081609 AND 3082608
	Bitmap Heap Scan on sbtest1  (cost=30.65..3863.98 rows=997 width=121)
	  Recheck Cond: ((id >= 3081609) AND (id <= 3082608))
	  ->  Bitmap Index Scan on sbtest1_pkey  (cost=0.00..30.40 rows=997 width=0)
	        Index Cond: ((id >= 3081609) AND (id <= 3082608))

table 2 : explain SELECT c FROM sbtest2 WHERE id BETWEEN 9382846 AND 9383845
	Bitmap Heap Scan on sbtest2  (cost=30.71..3881.33 rows=1002 width=121)
	  Recheck Cond: ((id >= 9382846) AND (id <= 9383845))
	  ->  Bitmap Index Scan on sbtest2_pkey  (cost=0.00..30.45 rows=1002 width=0)
	        Index Cond: ((id >= 9382846) AND (id <= 9383845))

table 3 : explain SELECT c FROM sbtest3 WHERE id BETWEEN 1092033 AND 1093032
	Bitmap Heap Scan on sbtest3  (cost=29.77..3536.03 rows=911 width=121)
	  Recheck Cond: ((id >= 1092033) AND (id <= 1093032))
	  ->  Bitmap Index Scan on sbtest3_pkey  (cost=0.00..29.54 rows=911 width=0)
	        Index Cond: ((id >= 1092033) AND (id <= 1093032))

table 4 : explain SELECT c FROM sbtest4 WHERE id BETWEEN 6002265 AND 6003264
	Bitmap Heap Scan on sbtest4  (cost=35.45..4160.36 rows=1075 width=121)
	  Recheck Cond: ((id >= 6002265) AND (id <= 6003264))
	  ->  Bitmap Index Scan on sbtest4_pkey  (cost=0.00..35.19 rows=1075 width=0)
	        Index Cond: ((id >= 6002265) AND (id <= 6003264))

table 5 : explain SELECT c FROM sbtest5 WHERE id BETWEEN 950201 AND 951200
	Bitmap Heap Scan on sbtest5  (cost=30.90..3953.24 rows=1021 width=121)
	  Recheck Cond: ((id >= 950201) AND (id <= 951200))
	  ->  Bitmap Index Scan on sbtest5_pkey  (cost=0.00..30.64 rows=1021 width=0)
	        Index Cond: ((id >= 950201) AND (id <= 951200))

table 6 : explain SELECT c FROM sbtest6 WHERE id BETWEEN 273851 AND 274850
	Bitmap Heap Scan on sbtest6  (cost=35.42..4148.82 rows=1072 width=121)
	  Recheck Cond: ((id >= 273851) AND (id <= 274850))
	  ->  Bitmap Index Scan on sbtest6_pkey  (cost=0.00..35.16 rows=1072 width=0)
	        Index Cond: ((id >= 273851) AND (id <= 274850))

table 7 : explain SELECT c FROM sbtest7 WHERE id BETWEEN 6952127 AND 6953126
	Bitmap Heap Scan on sbtest7  (cost=30.71..3879.15 rows=1002 width=121)
	  Recheck Cond: ((id >= 6952127) AND (id <= 6953126))
	  ->  Bitmap Index Scan on sbtest7_pkey  (cost=0.00..30.45 rows=1002 width=0)
	        Index Cond: ((id >= 6952127) AND (id <= 6953126))

table 8 : explain SELECT c FROM sbtest8 WHERE id BETWEEN 1899182 AND 1900181
	Bitmap Heap Scan on sbtest8  (cost=30.56..3828.74 rows=988 width=121)
	  Recheck Cond: ((id >= 1899182) AND (id <= 1900181))
	  ->  Bitmap Index Scan on sbtest8_pkey  (cost=0.00..30.32 rows=988 width=0)
	        Index Cond: ((id >= 1899182) AND (id <= 1900181))

for: distinct_ranges
table 1 : explain SELECT DISTINCT c FROM sbtest1 WHERE id BETWEEN 1245679 AND 1246678 ORDER BY c
	Unique  (cost=3840.80..3845.69 rows=978 width=121)
	  ->  Sort  (cost=3840.80..3843.24 rows=978 width=121)
	        Sort Key: c
	        ->  Bitmap Heap Scan on sbtest1  (cost=30.46..3792.22 rows=978 width=121)
	              Recheck Cond: ((id >= 1245679) AND (id <= 1246678))
	              ->  Bitmap Index Scan on sbtest1_pkey  (cost=0.00..30.21 rows=978 width=0)
	                    Index Cond: ((id >= 1245679) AND (id <= 1246678))

table 2 : explain SELECT DISTINCT c FROM sbtest2 WHERE id BETWEEN 8116414 AND 8117413 ORDER BY c
	Unique  (cost=3716.61..3721.34 rows=946 width=121)
	  ->  Sort  (cost=3716.61..3718.97 rows=946 width=121)
	        Sort Key: c
	        ->  Bitmap Heap Scan on sbtest2  (cost=30.13..3669.85 rows=946 width=121)
	              Recheck Cond: ((id >= 8116414) AND (id <= 8117413))
	              ->  Bitmap Index Scan on sbtest2_pkey  (cost=0.00..29.89 rows=946 width=0)
	                    Index Cond: ((id >= 8116414) AND (id <= 8117413))

table 3 : explain SELECT DISTINCT c FROM sbtest3 WHERE id BETWEEN 5493520 AND 5494519 ORDER BY c
	Unique  (cost=3722.76..3727.50 rows=948 width=121)
	  ->  Sort  (cost=3722.76..3725.13 rows=948 width=121)
	        Sort Key: c
	        ->  Bitmap Heap Scan on sbtest3  (cost=30.15..3675.88 rows=948 width=121)
	              Recheck Cond: ((id >= 5493520) AND (id <= 5494519))
	              ->  Bitmap Index Scan on sbtest3_pkey  (cost=0.00..29.91 rows=948 width=0)
	                    Index Cond: ((id >= 5493520) AND (id <= 5494519))

table 4 : explain SELECT DISTINCT c FROM sbtest4 WHERE id BETWEEN 8803756 AND 8804755 ORDER BY c
	Unique  (cost=3885.25..3890.20 rows=990 width=121)
	  ->  Sort  (cost=3885.25..3887.72 rows=990 width=121)
	        Sort Key: c
	        ->  Bitmap Heap Scan on sbtest4  (cost=30.58..3835.99 rows=990 width=121)
	              Recheck Cond: ((id >= 8803756) AND (id <= 8804755))
	              ->  Bitmap Index Scan on sbtest4_pkey  (cost=0.00..30.33 rows=990 width=0)
	                    Index Cond: ((id >= 8803756) AND (id <= 8804755))

table 5 : explain SELECT DISTINCT c FROM sbtest5 WHERE id BETWEEN 9249227 AND 9250226 ORDER BY c
	Unique  (cost=3666.94..3671.60 rows=933 width=121)
	  ->  Sort  (cost=3666.94..3669.27 rows=933 width=121)
	        Sort Key: c
	        ->  Bitmap Heap Scan on sbtest5  (cost=30.00..3620.92 rows=933 width=121)
	              Recheck Cond: ((id >= 9249227) AND (id <= 9250226))
	              ->  Bitmap Index Scan on sbtest5_pkey  (cost=0.00..29.76 rows=933 width=0)
	                    Index Cond: ((id >= 9249227) AND (id <= 9250226))

table 6 : explain SELECT DISTINCT c FROM sbtest6 WHERE id BETWEEN 5794295 AND 5795294 ORDER BY c
	Unique  (cost=4260.08..4265.52 rows=1087 width=121)
	  ->  Sort  (cost=4260.08..4262.80 rows=1087 width=121)
	        Sort Key: c
	        ->  Bitmap Heap Scan on sbtest6  (cost=35.58..4205.26 rows=1087 width=121)
	              Recheck Cond: ((id >= 5794295) AND (id <= 5795294))
	              ->  Bitmap Index Scan on sbtest6_pkey  (cost=0.00..35.31 rows=1087 width=0)
	                    Index Cond: ((id >= 5794295) AND (id <= 5795294))

table 7 : explain SELECT DISTINCT c FROM sbtest7 WHERE id BETWEEN 6138991 AND 6139990 ORDER BY c
	Unique  (cost=3821.90..3826.77 rows=974 width=121)
	  ->  Sort  (cost=3821.90..3824.33 rows=974 width=121)
	        Sort Key: c
	        ->  Bitmap Heap Scan on sbtest7  (cost=30.42..3773.55 rows=974 width=121)
	              Recheck Cond: ((id >= 6138991) AND (id <= 6139990))
	              ->  Bitmap Index Scan on sbtest7_pkey  (cost=0.00..30.18 rows=974 width=0)
	                    Index Cond: ((id >= 6138991) AND (id <= 6139990))

table 8 : explain SELECT DISTINCT c FROM sbtest8 WHERE id BETWEEN 5375319 AND 5376318 ORDER BY c
	Unique  (cost=3793.55..3798.38 rows=966 width=121)
	  ->  Sort  (cost=3793.55..3795.97 rows=966 width=121)
	        Sort Key: c
	        ->  Bitmap Heap Scan on sbtest8  (cost=30.34..3745.66 rows=966 width=121)
	              Recheck Cond: ((id >= 5375319) AND (id <= 5376318))
	              ->  Bitmap Index Scan on sbtest8_pkey  (cost=0.00..30.09 rows=966 width=0)
	                    Index Cond: ((id >= 5375319) AND (id <= 5376318))

for: sum_ranges
table 1 : explain SELECT SUM(k) FROM sbtest1 WHERE id BETWEEN 9967490 AND 9968489
	Aggregate  (cost=4081.64..4081.65 rows=1 width=8)
	  ->  Bitmap Heap Scan on sbtest1  (cost=31.24..4079.00 rows=1054 width=4)
	        Recheck Cond: ((id >= 9967490) AND (id <= 9968489))
	        ->  Bitmap Index Scan on sbtest1_pkey  (cost=0.00..30.97 rows=1054 width=0)
	              Index Cond: ((id >= 9967490) AND (id <= 9968489))

table 2 : explain SELECT SUM(k) FROM sbtest2 WHERE id BETWEEN 6168779 AND 6169778
	Aggregate  (cost=4099.06..4099.07 rows=1 width=8)
	  ->  Bitmap Heap Scan on sbtest2  (cost=35.28..4096.42 rows=1058 width=4)
	        Recheck Cond: ((id >= 6168779) AND (id <= 6169778))
	        ->  Bitmap Index Scan on sbtest2_pkey  (cost=0.00..35.02 rows=1058 width=0)
	              Index Cond: ((id >= 6168779) AND (id <= 6169778))

table 3 : explain SELECT SUM(k) FROM sbtest3 WHERE id BETWEEN 318966 AND 319965
	Aggregate  (cost=3523.17..3523.18 rows=1 width=8)
	  ->  Bitmap Heap Scan on sbtest3  (cost=29.73..3520.90 rows=907 width=4)
	        Recheck Cond: ((id >= 318966) AND (id <= 319965))
	        ->  Bitmap Index Scan on sbtest3_pkey  (cost=0.00..29.50 rows=907 width=0)
	              Index Cond: ((id >= 318966) AND (id <= 319965))

table 4 : explain SELECT SUM(k) FROM sbtest4 WHERE id BETWEEN 9890795 AND 9891794
	Aggregate  (cost=3838.47..3838.48 rows=1 width=8)
	  ->  Bitmap Heap Scan on sbtest4  (cost=30.58..3835.99 rows=990 width=4)
	        Recheck Cond: ((id >= 9890795) AND (id <= 9891794))
	        ->  Bitmap Index Scan on sbtest4_pkey  (cost=0.00..30.33 rows=990 width=0)
	              Index Cond: ((id >= 9890795) AND (id <= 9891794))

table 5 : explain SELECT SUM(k) FROM sbtest5 WHERE id BETWEEN 8645454 AND 8646453
	Aggregate  (cost=4012.38..4012.39 rows=1 width=8)
	  ->  Bitmap Heap Scan on sbtest5  (cost=31.05..4009.79 rows=1036 width=4)
	        Recheck Cond: ((id >= 8645454) AND (id <= 8646453))
	        ->  Bitmap Index Scan on sbtest5_pkey  (cost=0.00..30.79 rows=1036 width=0)
	              Index Cond: ((id >= 8645454) AND (id <= 8646453))

table 6 : explain SELECT SUM(k) FROM sbtest6 WHERE id BETWEEN 2347548 AND 2348547
	Aggregate  (cost=3777.81..3777.82 rows=1 width=8)
	  ->  Bitmap Heap Scan on sbtest6  (cost=30.42..3775.37 rows=974 width=4)
	        Recheck Cond: ((id >= 2347548) AND (id <= 2348547))
	        ->  Bitmap Index Scan on sbtest6_pkey  (cost=0.00..30.18 rows=974 width=0)
	              Index Cond: ((id >= 2347548) AND (id <= 2348547))

table 7 : explain SELECT SUM(k) FROM sbtest7 WHERE id BETWEEN 7398372 AND 7399371
	Aggregate  (cost=4040.20..4040.21 rows=1 width=8)
	  ->  Bitmap Heap Scan on sbtest7  (cost=35.13..4037.60 rows=1043 width=4)
	        Recheck Cond: ((id >= 7398372) AND (id <= 7399371))
	        ->  Bitmap Index Scan on sbtest7_pkey  (cost=0.00..34.87 rows=1043 width=0)
	              Index Cond: ((id >= 7398372) AND (id <= 7399371))

table 8 : explain SELECT SUM(k) FROM sbtest8 WHERE id BETWEEN 9517058 AND 9518057
	Aggregate  (cost=3532.38..3532.39 rows=1 width=8)
	  ->  Bitmap Heap Scan on sbtest8  (cost=29.75..3530.11 rows=909 width=4)
	        Recheck Cond: ((id >= 9517058) AND (id <= 9518057))
	        ->  Bitmap Index Scan on sbtest8_pkey  (cost=0.00..29.52 rows=909 width=0)
	              Index Cond: ((id >= 9517058) AND (id <= 9518057))

for: order_ranges
table 1 : explain SELECT c FROM sbtest1 WHERE id BETWEEN 1499371 AND 1500370 ORDER BY c
	Sort  (cost=3971.12..3973.65 rows=1012 width=121)
	  Sort Key: c
	  ->  Bitmap Heap Scan on sbtest1  (cost=30.81..3920.61 rows=1012 width=121)
	        Recheck Cond: ((id >= 1499371) AND (id <= 1500370))
	        ->  Bitmap Index Scan on sbtest1_pkey  (cost=0.00..30.55 rows=1012 width=0)
	              Index Cond: ((id >= 1499371) AND (id <= 1500370))

table 2 : explain SELECT c FROM sbtest2 WHERE id BETWEEN 9941564 AND 9942563 ORDER BY c
	Sort  (cost=3774.15..3776.55 rows=961 width=121)
	  Sort Key: c
	  ->  Bitmap Heap Scan on sbtest2  (cost=30.29..3726.54 rows=961 width=121)
	        Recheck Cond: ((id >= 9941564) AND (id <= 9942563))
	        ->  Bitmap Index Scan on sbtest2_pkey  (cost=0.00..30.04 rows=961 width=0)
	              Index Cond: ((id >= 9941564) AND (id <= 9942563))

table 3 : explain SELECT c FROM sbtest3 WHERE id BETWEEN 7422306 AND 7423305 ORDER BY c
	Sort  (cost=4491.26..4494.13 rows=1149 width=121)
	  Sort Key: c
	  ->  Bitmap Heap Scan on sbtest3  (cost=36.21..4432.85 rows=1149 width=121)
	        Recheck Cond: ((id >= 7422306) AND (id <= 7423305))
	        ->  Bitmap Index Scan on sbtest3_pkey  (cost=0.00..35.93 rows=1149 width=0)
	              Index Cond: ((id >= 7422306) AND (id <= 7423305))

table 4 : explain SELECT c FROM sbtest4 WHERE id BETWEEN 8050710 AND 8051709 ORDER BY c
	Sort  (cost=3754.92..3757.31 rows=956 width=121)
	  Sort Key: c
	  ->  Bitmap Heap Scan on sbtest4  (cost=30.23..3707.59 rows=956 width=121)
	        Recheck Cond: ((id >= 8050710) AND (id <= 8051709))
	        ->  Bitmap Index Scan on sbtest4_pkey  (cost=0.00..30.00 rows=956 width=0)
	              Index Cond: ((id >= 8050710) AND (id <= 8051709))

table 5 : explain SELECT c FROM sbtest5 WHERE id BETWEEN 7390223 AND 7391222 ORDER BY c
	Sort  (cost=4119.06..4121.69 rows=1051 width=121)
	  Sort Key: c
	  ->  Bitmap Heap Scan on sbtest5  (cost=31.21..4066.31 rows=1051 width=121)
	        Recheck Cond: ((id >= 7390223) AND (id <= 7391222))
	        ->  Bitmap Index Scan on sbtest5_pkey  (cost=0.00..30.94 rows=1051 width=0)
	              Index Cond: ((id >= 7390223) AND (id <= 7391222))

table 6 : explain SELECT c FROM sbtest6 WHERE id BETWEEN 4348433 AND 4349432 ORDER BY c
	Sort  (cost=3639.60..3641.92 rows=926 width=121)
	  Sort Key: c
	  ->  Bitmap Heap Scan on sbtest6  (cost=29.93..3593.97 rows=926 width=121)
	        Recheck Cond: ((id >= 4348433) AND (id <= 4349432))
	        ->  Bitmap Index Scan on sbtest6_pkey  (cost=0.00..29.69 rows=926 width=0)
	              Index Cond: ((id >= 4348433) AND (id <= 4349432))

table 7 : explain SELECT c FROM sbtest7 WHERE id BETWEEN 7512760 AND 7513759 ORDER BY c
	Sort  (cost=3737.60..3739.98 rows=952 width=121)
	  Sort Key: c
	  ->  Bitmap Heap Scan on sbtest7  (cost=30.19..3690.51 rows=952 width=121)
	        Recheck Cond: ((id >= 7512760) AND (id <= 7513759))
	        ->  Bitmap Index Scan on sbtest7_pkey  (cost=0.00..29.95 rows=952 width=0)
	              Index Cond: ((id >= 7512760) AND (id <= 7513759))

table 8 : explain SELECT c FROM sbtest8 WHERE id BETWEEN 2760589 AND 2761588 ORDER BY c
	Sort  (cost=3609.35..3611.64 rows=918 width=121)
	  Sort Key: c
	  ->  Bitmap Heap Scan on sbtest8  (cost=29.84..3564.17 rows=918 width=121)
	        Recheck Cond: ((id >= 2760589) AND (id <= 2761588))
	        ->  Bitmap Index Scan on sbtest8_pkey  (cost=0.00..29.61 rows=918 width=0)
	              Index Cond: ((id >= 2760589) AND (id <= 2761588))

for: distinct_ranges
table 1 : explain SELECT DISTINCT c FROM sbtest1 WHERE id BETWEEN 9874571 AND 9875570 ORDER BY c
	Unique  (cost=4063.03..4068.21 rows=1036 width=121)
	  ->  Sort  (cost=4063.03..4065.62 rows=1036 width=121)
	        Sort Key: c
	        ->  Bitmap Heap Scan on sbtest1  (cost=31.05..4011.15 rows=1036 width=121)
	              Recheck Cond: ((id >= 9874571) AND (id <= 9875570))
	              ->  Bitmap Index Scan on sbtest1_pkey  (cost=0.00..30.79 rows=1036 width=0)
	                    Index Cond: ((id >= 9874571) AND (id <= 9875570))

table 2 : explain SELECT DISTINCT c FROM sbtest2 WHERE id BETWEEN 3662851 AND 3663850 ORDER BY c
	Unique  (cost=4095.85..4101.08 rows=1045 width=121)
	  ->  Sort  (cost=4095.85..4098.47 rows=1045 width=121)
	        Sort Key: c
	        ->  Bitmap Heap Scan on sbtest2  (cost=31.15..4043.45 rows=1045 width=121)
	              Recheck Cond: ((id >= 3662851) AND (id <= 3663850))
	              ->  Bitmap Index Scan on sbtest2_pkey  (cost=0.00..30.89 rows=1045 width=0)
	                    Index Cond: ((id >= 3662851) AND (id <= 3663850))

table 3 : explain SELECT DISTINCT c FROM sbtest3 WHERE id BETWEEN 7126088 AND 7127087 ORDER BY c
	Unique  (cost=4009.97..4015.08 rows=1023 width=121)
	  ->  Sort  (cost=4009.97..4012.52 rows=1023 width=121)
	        Sort Key: c
	        ->  Bitmap Heap Scan on sbtest3  (cost=30.92..3958.82 rows=1023 width=121)
	              Recheck Cond: ((id >= 7126088) AND (id <= 7127087))
	              ->  Bitmap Index Scan on sbtest3_pkey  (cost=0.00..30.66 rows=1023 width=0)
	                    Index Cond: ((id >= 7126088) AND (id <= 7127087))

table 4 : explain SELECT DISTINCT c FROM sbtest4 WHERE id BETWEEN 4397666 AND 4398665 ORDER BY c
	Unique  (cost=4160.80..4166.11 rows=1062 width=121)
	  ->  Sort  (cost=4160.80..4163.45 rows=1062 width=121)
	        Sort Key: c
	        ->  Bitmap Heap Scan on sbtest4  (cost=31.32..4107.42 rows=1062 width=121)
	              Recheck Cond: ((id >= 4397666) AND (id <= 4398665))
	              ->  Bitmap Index Scan on sbtest4_pkey  (cost=0.00..31.05 rows=1062 width=0)
	                    Index Cond: ((id >= 4397666) AND (id <= 4398665))

table 5 : explain SELECT DISTINCT c FROM sbtest5 WHERE id BETWEEN 6354371 AND 6355370 ORDER BY c
	Unique  (cost=3985.13..3990.21 rows=1016 width=121)
	  ->  Sort  (cost=3985.13..3987.67 rows=1016 width=121)
	        Sort Key: c
	        ->  Bitmap Heap Scan on sbtest5  (cost=30.85..3934.39 rows=1016 width=121)
	              Recheck Cond: ((id >= 6354371) AND (id <= 6355370))
	              ->  Bitmap Index Scan on sbtest5_pkey  (cost=0.00..30.59 rows=1016 width=0)
	                    Index Cond: ((id >= 6354371) AND (id <= 6355370))

table 6 : explain SELECT DISTINCT c FROM sbtest6 WHERE id BETWEEN 6069715 AND 6070714 ORDER BY c
	Unique  (cost=3681.82..3686.51 rows=937 width=121)
	  ->  Sort  (cost=3681.82..3684.16 rows=937 width=121)
	        Sort Key: c
	        ->  Bitmap Heap Scan on sbtest6  (cost=30.04..3635.57 rows=937 width=121)
	              Recheck Cond: ((id >= 6069715) AND (id <= 6070714))
	              ->  Bitmap Index Scan on sbtest6_pkey  (cost=0.00..29.80 rows=937 width=0)
	                    Index Cond: ((id >= 6069715) AND (id <= 6070714))

table 7 : explain SELECT DISTINCT c FROM sbtest7 WHERE id BETWEEN 4186589 AND 4187588 ORDER BY c
	Unique  (cost=3875.50..3880.44 rows=988 width=121)
	  ->  Sort  (cost=3875.50..3877.97 rows=988 width=121)
	        Sort Key: c
	        ->  Bitmap Heap Scan on sbtest7  (cost=30.56..3826.36 rows=988 width=121)
	              Recheck Cond: ((id >= 4186589) AND (id <= 4187588))
	              ->  Bitmap Index Scan on sbtest7_pkey  (cost=0.00..30.32 rows=988 width=0)
	                    Index Cond: ((id >= 4186589) AND (id <= 4187588))

table 8 : explain SELECT DISTINCT c FROM sbtest8 WHERE id BETWEEN 1481441 AND 1482440 ORDER BY c
	Unique  (cost=3785.88..3790.70 rows=964 width=121)
	  ->  Sort  (cost=3785.88..3788.29 rows=964 width=121)
	        Sort Key: c
	        ->  Bitmap Heap Scan on sbtest8  (cost=30.32..3738.10 rows=964 width=121)
	              Recheck Cond: ((id >= 1481441) AND (id <= 1482440))
	              ->  Bitmap Index Scan on sbtest8_pkey  (cost=0.00..30.07 rows=964 width=0)
	                    Index Cond: ((id >= 1481441) AND (id <= 1482440))

for: sum_ranges
table 1 : explain SELECT SUM(k) FROM sbtest1 WHERE id BETWEEN 561845 AND 562844
	Aggregate  (cost=3620.62..3620.63 rows=1 width=8)
	  ->  Bitmap Heap Scan on sbtest1  (cost=29.99..3618.29 rows=932 width=4)
	        Recheck Cond: ((id >= 561845) AND (id <= 562844))
	        ->  Bitmap Index Scan on sbtest1_pkey  (cost=0.00..29.75 rows=932 width=0)
	              Index Cond: ((id >= 561845) AND (id <= 562844))

table 2 : explain SELECT SUM(k) FROM sbtest2 WHERE id BETWEEN 6403514 AND 6404513
	Aggregate  (cost=3554.89..3554.90 rows=1 width=8)
	  ->  Bitmap Heap Scan on sbtest2  (cost=29.81..3552.61 rows=915 width=4)
	        Recheck Cond: ((id >= 6403514) AND (id <= 6404513))
	        ->  Bitmap Index Scan on sbtest2_pkey  (cost=0.00..29.58 rows=915 width=0)
	              Index Cond: ((id >= 6403514) AND (id <= 6404513))

table 3 : explain SELECT SUM(k) FROM sbtest3 WHERE id BETWEEN 2638938 AND 2639937
	Aggregate  (cost=4032.99..4033.00 rows=1 width=8)
	  ->  Bitmap Heap Scan on sbtest3  (cost=31.12..4030.39 rows=1042 width=4)
	        Recheck Cond: ((id >= 2638938) AND (id <= 2639937))
	        ->  Bitmap Index Scan on sbtest3_pkey  (cost=0.00..30.86 rows=1042 width=0)
	              Index Cond: ((id >= 2638938) AND (id <= 2639937))

table 4 : explain SELECT SUM(k) FROM sbtest4 WHERE id BETWEEN 1738258 AND 1739257
	Aggregate  (cost=3861.12..3861.13 rows=1 width=8)
	  ->  Bitmap Heap Scan on sbtest4  (cost=30.64..3858.63 rows=996 width=4)
	        Recheck Cond: ((id >= 1738258) AND (id <= 1739257))
	        ->  Bitmap Index Scan on sbtest4_pkey  (cost=0.00..30.39 rows=996 width=0)
	              Index Cond: ((id >= 1738258) AND (id <= 1739257))

table 5 : explain SELECT SUM(k) FROM sbtest5 WHERE id BETWEEN 3124165 AND 3125164
	Aggregate  (cost=3808.54..3808.55 rows=1 width=8)
	  ->  Bitmap Heap Scan on sbtest5  (cost=30.50..3806.08 rows=982 width=4)
	        Recheck Cond: ((id >= 3124165) AND (id <= 3125164))
	        ->  Bitmap Index Scan on sbtest5_pkey  (cost=0.00..30.25 rows=982 width=0)
	              Index Cond: ((id >= 3124165) AND (id <= 3125164))

table 6 : explain SELECT SUM(k) FROM sbtest6 WHERE id BETWEEN 4643987 AND 4644986
	Aggregate  (cost=3781.59..3781.60 rows=1 width=8)
	  ->  Bitmap Heap Scan on sbtest6  (cost=30.43..3779.15 rows=975 width=4)
	        Recheck Cond: ((id >= 4643987) AND (id <= 4644986))
	        ->  Bitmap Index Scan on sbtest6_pkey  (cost=0.00..30.18 rows=975 width=0)
	              Index Cond: ((id >= 4643987) AND (id <= 4644986))

table 7 : explain SELECT SUM(k) FROM sbtest7 WHERE id BETWEEN 9015716 AND 9016715
	Aggregate  (cost=3945.76..3945.77 rows=1 width=8)
	  ->  Bitmap Heap Scan on sbtest7  (cost=30.88..3943.21 rows=1019 width=4)
	        Recheck Cond: ((id >= 9015716) AND (id <= 9016715))
	        ->  Bitmap Index Scan on sbtest7_pkey  (cost=0.00..30.62 rows=1019 width=0)
	              Index Cond: ((id >= 9015716) AND (id <= 9016715))

table 8 : explain SELECT SUM(k) FROM sbtest8 WHERE id BETWEEN 7410171 AND 7411170
	Aggregate  (cost=4016.16..4016.17 rows=1 width=8)
	  ->  Bitmap Heap Scan on sbtest8  (cost=31.06..4013.57 rows=1037 width=4)
	        Recheck Cond: ((id >= 7410171) AND (id <= 7411170))
	        ->  Bitmap Index Scan on sbtest8_pkey  (cost=0.00..30.80 rows=1037 width=0)
	              Index Cond: ((id >= 7410171) AND (id <= 7411170))

for: distinct_ranges
table 1 : explain SELECT DISTINCT c FROM sbtest1 WHERE id BETWEEN 4193473 AND 4194472 ORDER BY c
	Unique  (cost=4020.92..4026.04 rows=1025 width=121)
	  ->  Sort  (cost=4020.92..4023.48 rows=1025 width=121)
	        Sort Key: c
	        ->  Bitmap Heap Scan on sbtest1  (cost=30.94..3969.66 rows=1025 width=121)
	              Recheck Cond: ((id >= 4193473) AND (id <= 4194472))
	              ->  Bitmap Index Scan on sbtest1_pkey  (cost=0.00..30.68 rows=1025 width=0)
	                    Index Cond: ((id >= 4193473) AND (id <= 4194472))

table 2 : explain SELECT DISTINCT c FROM sbtest2 WHERE id BETWEEN 563506 AND 564505 ORDER BY c
	Unique  (cost=3912.12..3917.11 rows=997 width=121)
	  ->  Sort  (cost=3912.12..3914.62 rows=997 width=121)
	        Sort Key: c
	        ->  Bitmap Heap Scan on sbtest2  (cost=30.65..3862.47 rows=997 width=121)
	              Recheck Cond: ((id >= 563506) AND (id <= 564505))
	              ->  Bitmap Index Scan on sbtest2_pkey  (cost=0.00..30.40 rows=997 width=0)
	                    Index Cond: ((id >= 563506) AND (id <= 564505))

table 3 : explain SELECT DISTINCT c FROM sbtest3 WHERE id BETWEEN 7398017 AND 7399016 ORDER BY c
	Unique  (cost=4204.89..4210.26 rows=1074 width=121)
	  ->  Sort  (cost=4204.89..4207.57 rows=1074 width=121)
	        Sort Key: c
	        ->  Bitmap Heap Scan on sbtest3  (cost=31.44..4150.82 rows=1074 width=121)
	              Recheck Cond: ((id >= 7398017) AND (id <= 7399016))
	              ->  Bitmap Index Scan on sbtest3_pkey  (cost=0.00..31.18 rows=1074 width=0)
	                    Index Cond: ((id >= 7398017) AND (id <= 7399016))

table 4 : explain SELECT DISTINCT c FROM sbtest4 WHERE id BETWEEN 6153046 AND 6154045 ORDER BY c
	Unique  (cost=3977.17..3982.24 rows=1014 width=121)
	  ->  Sort  (cost=3977.17..3979.70 rows=1014 width=121)
	        Sort Key: c
	        ->  Bitmap Heap Scan on sbtest4  (cost=30.83..3926.54 rows=1014 width=121)
	              Recheck Cond: ((id >= 6153046) AND (id <= 6154045))
	              ->  Bitmap Index Scan on sbtest4_pkey  (cost=0.00..30.57 rows=1014 width=0)
	                    Index Cond: ((id >= 6153046) AND (id <= 6154045))

table 5 : explain SELECT DISTINCT c FROM sbtest5 WHERE id BETWEEN 6041503 AND 6042502 ORDER BY c
	Unique  (cost=3916.19..3921.18 rows=998 width=121)
	  ->  Sort  (cost=3916.19..3918.69 rows=998 width=121)
	        Sort Key: c
	        ->  Bitmap Heap Scan on sbtest5  (cost=30.66..3866.48 rows=998 width=121)
	              Recheck Cond: ((id >= 6041503) AND (id <= 6042502))
	              ->  Bitmap Index Scan on sbtest5_pkey  (cost=0.00..30.41 rows=998 width=0)
	                    Index Cond: ((id >= 6041503) AND (id <= 6042502))

table 6 : explain SELECT DISTINCT c FROM sbtest6 WHERE id BETWEEN 6457647 AND 6458646 ORDER BY c
	Unique  (cost=3781.55..3786.37 rows=963 width=121)
	  ->  Sort  (cost=3781.55..3783.96 rows=963 width=121)
	        Sort Key: c
	        ->  Bitmap Heap Scan on sbtest6  (cost=30.31..3733.83 rows=963 width=121)
	              Recheck Cond: ((id >= 6457647) AND (id <= 6458646))
	              ->  Bitmap Index Scan on sbtest6_pkey  (cost=0.00..30.07 rows=963 width=0)
	                    Index Cond: ((id >= 6457647) AND (id <= 6458646))

table 7 : explain SELECT DISTINCT c FROM sbtest7 WHERE id BETWEEN 8590025 AND 8591024 ORDER BY c
	Unique  (cost=4055.31..4060.48 rows=1035 width=121)
	  ->  Sort  (cost=4055.31..4057.89 rows=1035 width=121)
	        Sort Key: c
	        ->  Bitmap Heap Scan on sbtest7  (cost=31.04..4003.48 rows=1035 width=121)
	              Recheck Cond: ((id >= 8590025) AND (id <= 8591024))
	              ->  Bitmap Index Scan on sbtest7_pkey  (cost=0.00..30.79 rows=1035 width=0)
	                    Index Cond: ((id >= 8590025) AND (id <= 8591024))

table 8 : explain SELECT DISTINCT c FROM sbtest8 WHERE id BETWEEN 3922889 AND 3923888 ORDER BY c
	Unique  (cost=3713.00..3717.72 rows=945 width=121)
	  ->  Sort  (cost=3713.00..3715.36 rows=945 width=121)
	        Sort Key: c
	        ->  Bitmap Heap Scan on sbtest8  (cost=30.12..3666.30 rows=945 width=121)
	              Recheck Cond: ((id >= 3922889) AND (id <= 3923888))
	              ->  Bitmap Index Scan on sbtest8_pkey  (cost=0.00..29.89 rows=945 width=0)
	                    Index Cond: ((id >= 3922889) AND (id <= 3923888))

for: distinct_ranges
table 1 : explain SELECT DISTINCT c FROM sbtest1 WHERE id BETWEEN 6328442 AND 6329441 ORDER BY c
	Unique  (cost=3694.98..3699.68 rows=940 width=121)
	  ->  Sort  (cost=3694.98..3697.33 rows=940 width=121)
	        Sort Key: c
	        ->  Bitmap Heap Scan on sbtest1  (cost=30.07..3648.56 rows=940 width=121)
	              Recheck Cond: ((id >= 6328442) AND (id <= 6329441))
	              ->  Bitmap Index Scan on sbtest1_pkey  (cost=0.00..29.83 rows=940 width=0)
	                    Index Cond: ((id >= 6328442) AND (id <= 6329441))

table 2 : explain SELECT DISTINCT c FROM sbtest2 WHERE id BETWEEN 5167771 AND 5168770 ORDER BY c
	Unique  (cost=4237.48..4242.88 rows=1081 width=121)
	  ->  Sort  (cost=4237.48..4240.18 rows=1081 width=121)
	        Sort Key: c
	        ->  Bitmap Heap Scan on sbtest2  (cost=35.52..4183.00 rows=1081 width=121)
	              Recheck Cond: ((id >= 5167771) AND (id <= 5168770))
	              ->  Bitmap Index Scan on sbtest2_pkey  (cost=0.00..35.25 rows=1081 width=0)
	                    Index Cond: ((id >= 5167771) AND (id <= 5168770))

table 3 : explain SELECT DISTINCT c FROM sbtest3 WHERE id BETWEEN 9372313 AND 9373312 ORDER BY c
	Unique  (cost=3665.23..3669.90 rows=933 width=121)
	  ->  Sort  (cost=3665.23..3667.57 rows=933 width=121)
	        Sort Key: c
	        ->  Bitmap Heap Scan on sbtest3  (cost=30.00..3619.21 rows=933 width=121)
	              Recheck Cond: ((id >= 9372313) AND (id <= 9373312))
	              ->  Bitmap Index Scan on sbtest3_pkey  (cost=0.00..29.76 rows=933 width=0)
	                    Index Cond: ((id >= 9372313) AND (id <= 9373312))

table 4 : explain SELECT DISTINCT c FROM sbtest4 WHERE id BETWEEN 2394402 AND 2395401 ORDER BY c
	Unique  (cost=3428.46..3432.82 rows=871 width=121)
	  ->  Sort  (cost=3428.46..3430.64 rows=871 width=121)
	        Sort Key: c
	        ->  Bitmap Heap Scan on sbtest4  (cost=29.36..3385.93 rows=871 width=121)
	              Recheck Cond: ((id >= 2394402) AND (id <= 2395401))
	              ->  Bitmap Index Scan on sbtest4_pkey  (cost=0.00..29.14 rows=871 width=0)
	                    Index Cond: ((id >= 2394402) AND (id <= 2395401))

table 5 : explain SELECT DISTINCT c FROM sbtest5 WHERE id BETWEEN 3508003 AND 3509002 ORDER BY c
	Unique  (cost=3931.52..3936.53 rows=1002 width=121)
	  ->  Sort  (cost=3931.52..3934.02 rows=1002 width=121)
	        Sort Key: c
	        ->  Bitmap Heap Scan on sbtest5  (cost=30.71..3881.57 rows=1002 width=121)
	              Recheck Cond: ((id >= 3508003) AND (id <= 3509002))
	              ->  Bitmap Index Scan on sbtest5_pkey  (cost=0.00..30.45 rows=1002 width=0)
	                    Index Cond: ((id >= 3508003) AND (id <= 3509002))

table 6 : explain SELECT DISTINCT c FROM sbtest6 WHERE id BETWEEN 8954740 AND 8955739 ORDER BY c
	Unique  (cost=4019.04..4024.17 rows=1025 width=121)
	  ->  Sort  (cost=4019.04..4021.60 rows=1025 width=121)
	        Sort Key: c
	        ->  Bitmap Heap Scan on sbtest6  (cost=30.94..3967.79 rows=1025 width=121)
	              Recheck Cond: ((id >= 8954740) AND (id <= 8955739))
	              ->  Bitmap Index Scan on sbtest6_pkey  (cost=0.00..30.68 rows=1025 width=0)
	                    Index Cond: ((id >= 8954740) AND (id <= 8955739))

table 7 : explain SELECT DISTINCT c FROM sbtest7 WHERE id BETWEEN 3591269 AND 3592268 ORDER BY c
	Unique  (cost=3844.87..3849.77 rows=980 width=121)
	  ->  Sort  (cost=3844.87..3847.32 rows=980 width=121)
	        Sort Key: c
	        ->  Bitmap Heap Scan on sbtest7  (cost=30.48..3796.18 rows=980 width=121)
	              Recheck Cond: ((id >= 3591269) AND (id <= 3592268))
	              ->  Bitmap Index Scan on sbtest7_pkey  (cost=0.00..30.23 rows=980 width=0)
	                    Index Cond: ((id >= 3591269) AND (id <= 3592268))

table 8 : explain SELECT DISTINCT c FROM sbtest8 WHERE id BETWEEN 2313657 AND 2314656 ORDER BY c
	Unique  (cost=4019.59..4024.71 rows=1025 width=121)
	  ->  Sort  (cost=4019.59..4022.15 rows=1025 width=121)
	        Sort Key: c
	        ->  Bitmap Heap Scan on sbtest8  (cost=30.94..3968.33 rows=1025 width=121)
	              Recheck Cond: ((id >= 2313657) AND (id <= 2314656))
	              ->  Bitmap Index Scan on sbtest8_pkey  (cost=0.00..30.68 rows=1025 width=0)
	                    Index Cond: ((id >= 2313657) AND (id <= 2314656))

for: sum_ranges
table 1 : explain SELECT SUM(k) FROM sbtest1 WHERE id BETWEEN 4021421 AND 4022420
	Aggregate  (cost=3639.55..3639.56 rows=1 width=8)
	  ->  Bitmap Heap Scan on sbtest1  (cost=30.04..3637.21 rows=937 width=4)
	        Recheck Cond: ((id >= 4021421) AND (id <= 4022420))
	        ->  Bitmap Index Scan on sbtest1_pkey  (cost=0.00..29.80 rows=937 width=0)
	              Index Cond: ((id >= 4021421) AND (id <= 4022420))

table 2 : explain SELECT SUM(k) FROM sbtest2 WHERE id BETWEEN 3377020 AND 3378019
	Aggregate  (cost=3736.50..3736.51 rows=1 width=8)
	  ->  Bitmap Heap Scan on sbtest2  (cost=30.31..3734.09 rows=963 width=4)
	        Recheck Cond: ((id >= 3377020) AND (id <= 3378019))
	        ->  Bitmap Index Scan on sbtest2_pkey  (cost=0.00..30.07 rows=963 width=0)
	              Index Cond: ((id >= 3377020) AND (id <= 3378019))

table 3 : explain SELECT SUM(k) FROM sbtest3 WHERE id BETWEEN 7609904 AND 7610903
	Aggregate  (cost=3784.04..3784.05 rows=1 width=8)
	  ->  Bitmap Heap Scan on sbtest3  (cost=30.44..3781.60 rows=976 width=4)
	        Recheck Cond: ((id >= 7609904) AND (id <= 7610903))
	        ->  Bitmap Index Scan on sbtest3_pkey  (cost=0.00..30.19 rows=976 width=0)
	              Index Cond: ((id >= 7609904) AND (id <= 7610903))

table 4 : explain SELECT SUM(k) FROM sbtest4 WHERE id BETWEEN 2875625 AND 2876624
	Aggregate  (cost=3963.03..3963.04 rows=1 width=8)
	  ->  Bitmap Heap Scan on sbtest4  (cost=30.92..3960.47 rows=1023 width=4)
	        Recheck Cond: ((id >= 2875625) AND (id <= 2876624))
	        ->  Bitmap Index Scan on sbtest4_pkey  (cost=0.00..30.66 rows=1023 width=0)
	              Index Cond: ((id >= 2875625) AND (id <= 2876624))

table 5 : explain SELECT SUM(k) FROM sbtest5 WHERE id BETWEEN 5465168 AND 5466167
	Aggregate  (cost=3921.83..3921.84 rows=1 width=8)
	  ->  Bitmap Heap Scan on sbtest5  (cost=30.81..3919.30 rows=1012 width=4)
	        Recheck Cond: ((id >= 5465168) AND (id <= 5466167))
	        ->  Bitmap Index Scan on sbtest5_pkey  (cost=0.00..30.55 rows=1012 width=0)
	              Index Cond: ((id >= 5465168) AND (id <= 5466167))

table 6 : explain SELECT SUM(k) FROM sbtest6 WHERE id BETWEEN 297813 AND 298812
	Aggregate  (cost=3947.71..3947.72 rows=1 width=8)
	  ->  Bitmap Heap Scan on sbtest6  (cost=30.88..3945.17 rows=1019 width=4)
	        Recheck Cond: ((id >= 297813) AND (id <= 298812))
	        ->  Bitmap Index Scan on sbtest6_pkey  (cost=0.00..30.62 rows=1019 width=0)
	              Index Cond: ((id >= 297813) AND (id <= 298812))

table 7 : explain SELECT SUM(k) FROM sbtest7 WHERE id BETWEEN 7279117 AND 7280116
	Aggregate  (cost=4220.87..4220.88 rows=1 width=8)
	  ->  Bitmap Heap Scan on sbtest7  (cost=35.62..4218.15 rows=1091 width=4)
	        Recheck Cond: ((id >= 7279117) AND (id <= 7280116))
	        ->  Bitmap Index Scan on sbtest7_pkey  (cost=0.00..35.34 rows=1091 width=0)
	              Index Cond: ((id >= 7279117) AND (id <= 7280116))

table 8 : explain SELECT SUM(k) FROM sbtest8 WHERE id BETWEEN 9603300 AND 9604299
	Aggregate  (cost=4016.16..4016.17 rows=1 width=8)
	  ->  Bitmap Heap Scan on sbtest8  (cost=31.06..4013.57 rows=1037 width=4)
	        Recheck Cond: ((id >= 9603300) AND (id <= 9604299))
	        ->  Bitmap Index Scan on sbtest8_pkey  (cost=0.00..30.80 rows=1037 width=0)
	              Index Cond: ((id >= 9603300) AND (id <= 9604299))

for: sum_ranges
table 1 : explain SELECT SUM(k) FROM sbtest1 WHERE id BETWEEN 8108642 AND 8109641
	Aggregate  (cost=3896.70..3896.71 rows=1 width=8)
	  ->  Bitmap Heap Scan on sbtest1  (cost=30.74..3894.19 rows=1005 width=4)
	        Recheck Cond: ((id >= 8108642) AND (id <= 8109641))
	        ->  Bitmap Index Scan on sbtest1_pkey  (cost=0.00..30.48 rows=1005 width=0)
	              Index Cond: ((id >= 8108642) AND (id <= 8109641))

table 2 : explain SELECT SUM(k) FROM sbtest2 WHERE id BETWEEN 647538 AND 648537
	Aggregate  (cost=4223.36..4223.37 rows=1 width=8)
	  ->  Bitmap Heap Scan on sbtest2  (cost=35.62..4220.63 rows=1091 width=4)
	        Recheck Cond: ((id >= 647538) AND (id <= 648537))
	        ->  Bitmap Index Scan on sbtest2_pkey  (cost=0.00..35.34 rows=1091 width=0)
	              Index Cond: ((id >= 647538) AND (id <= 648537))

table 3 : explain SELECT SUM(k) FROM sbtest3 WHERE id BETWEEN 73321 AND 74320
	Aggregate  (cost=4364.36..4364.37 rows=1 width=8)
	  ->  Bitmap Heap Scan on sbtest3  (cost=36.02..4361.54 rows=1130 width=4)
	        Recheck Cond: ((id >= 73321) AND (id <= 74320))
	        ->  Bitmap Index Scan on sbtest3_pkey  (cost=0.00..35.73 rows=1130 width=0)
	              Index Cond: ((id >= 73321) AND (id <= 74320))

table 4 : explain SELECT SUM(k) FROM sbtest4 WHERE id BETWEEN 7559271 AND 7560270
	Aggregate  (cost=3940.39..3940.40 rows=1 width=8)
	  ->  Bitmap Heap Scan on sbtest4  (cost=30.86..3937.85 rows=1017 width=4)
	        Recheck Cond: ((id >= 7559271) AND (id <= 7560270))
	        ->  Bitmap Index Scan on sbtest4_pkey  (cost=0.00..30.61 rows=1017 width=0)
	              Index Cond: ((id >= 7559271) AND (id <= 7560270))

table 5 : explain SELECT SUM(k) FROM sbtest5 WHERE id BETWEEN 5152385 AND 5153384
	Aggregate  (cost=3661.09..3661.10 rows=1 width=8)
	  ->  Bitmap Heap Scan on sbtest5  (cost=30.10..3658.73 rows=943 width=4)
	        Recheck Cond: ((id >= 5152385) AND (id <= 5153384))
	        ->  Bitmap Index Scan on sbtest5_pkey  (cost=0.00..29.86 rows=943 width=0)
	              Index Cond: ((id >= 5152385) AND (id <= 5153384))

table 6 : explain SELECT SUM(k) FROM sbtest6 WHERE id BETWEEN 4636771 AND 4637770
	Aggregate  (cost=3781.59..3781.60 rows=1 width=8)
	  ->  Bitmap Heap Scan on sbtest6  (cost=30.43..3779.15 rows=975 width=4)
	        Recheck Cond: ((id >= 4636771) AND (id <= 4637770))
	        ->  Bitmap Index Scan on sbtest6_pkey  (cost=0.00..30.18 rows=975 width=0)
	              Index Cond: ((id >= 4636771) AND (id <= 4637770))

table 7 : explain SELECT SUM(k) FROM sbtest7 WHERE id BETWEEN 2085979 AND 2086978
	Aggregate  (cost=3647.53..3647.54 rows=1 width=8)
	  ->  Bitmap Heap Scan on sbtest7  (cost=30.07..3645.18 rows=940 width=4)
	        Recheck Cond: ((id >= 2085979) AND (id <= 2086978))
	        ->  Bitmap Index Scan on sbtest7_pkey  (cost=0.00..29.83 rows=940 width=0)
	              Index Cond: ((id >= 2085979) AND (id <= 2086978))

table 8 : explain SELECT SUM(k) FROM sbtest8 WHERE id BETWEEN 7800662 AND 7801661
	Aggregate  (cost=3936.93..3936.94 rows=1 width=8)
	  ->  Bitmap Heap Scan on sbtest8  (cost=30.85..3934.39 rows=1016 width=4)
	        Recheck Cond: ((id >= 7800662) AND (id <= 7801661))
	        ->  Bitmap Index Scan on sbtest8_pkey  (cost=0.00..30.59 rows=1016 width=0)
	              Index Cond: ((id >= 7800662) AND (id <= 7801661))

for: order_ranges
table 1 : explain SELECT c FROM sbtest1 WHERE id BETWEEN 6859191 AND 6860190 ORDER BY c
	Sort  (cost=3464.38..3466.58 rows=880 width=121)
	  Sort Key: c
	  ->  Bitmap Heap Scan on sbtest1  (cost=29.45..3421.34 rows=880 width=121)
	        Recheck Cond: ((id >= 6859191) AND (id <= 6860190))
	        ->  Bitmap Index Scan on sbtest1_pkey  (cost=0.00..29.23 rows=880 width=0)
	              Index Cond: ((id >= 6859191) AND (id <= 6860190))

table 2 : explain SELECT c FROM sbtest2 WHERE id BETWEEN 6752482 AND 6753481 ORDER BY c
	Sort  (cost=3946.59..3949.11 rows=1006 width=121)
	  Sort Key: c
	  ->  Bitmap Heap Scan on sbtest2  (cost=30.75..3896.42 rows=1006 width=121)
	        Recheck Cond: ((id >= 6752482) AND (id <= 6753481))
	        ->  Bitmap Index Scan on sbtest2_pkey  (cost=0.00..30.50 rows=1006 width=0)
	              Index Cond: ((id >= 6752482) AND (id <= 6753481))

table 3 : explain SELECT c FROM sbtest3 WHERE id BETWEEN 771302 AND 772301 ORDER BY c
	Sort  (cost=3864.53..3867.00 rows=985 width=121)
	  Sort Key: c
	  ->  Bitmap Heap Scan on sbtest3  (cost=30.53..3815.56 rows=985 width=121)
	        Recheck Cond: ((id >= 771302) AND (id <= 772301))
	        ->  Bitmap Index Scan on sbtest3_pkey  (cost=0.00..30.29 rows=985 width=0)
	              Index Cond: ((id >= 771302) AND (id <= 772301))

table 4 : explain SELECT c FROM sbtest4 WHERE id BETWEEN 6649041 AND 6650040 ORDER BY c
	Sort  (cost=3766.42..3768.82 rows=959 width=121)
	  Sort Key: c
	  ->  Bitmap Heap Scan on sbtest4  (cost=30.26..3718.93 rows=959 width=121)
	        Recheck Cond: ((id >= 6649041) AND (id <= 6650040))
	        ->  Bitmap Index Scan on sbtest4_pkey  (cost=0.00..30.02 rows=959 width=0)
	              Index Cond: ((id >= 6649041) AND (id <= 6650040))

table 5 : explain SELECT c FROM sbtest5 WHERE id BETWEEN 8303501 AND 8304500 ORDER BY c
	Sort  (cost=3881.71..3884.19 rows=989 width=121)
	  Sort Key: c
	  ->  Bitmap Heap Scan on sbtest5  (cost=30.57..3832.51 rows=989 width=121)
	        Recheck Cond: ((id >= 8303501) AND (id <= 8304500))
	        ->  Bitmap Index Scan on sbtest5_pkey  (cost=0.00..30.32 rows=989 width=0)
	              Index Cond: ((id >= 8303501) AND (id <= 8304500))

table 6 : explain SELECT c FROM sbtest6 WHERE id BETWEEN 9917004 AND 9918003 ORDER BY c
	Sort  (cost=4042.00..4044.58 rows=1031 width=121)
	  Sort Key: c
	  ->  Bitmap Heap Scan on sbtest6  (cost=31.00..3990.40 rows=1031 width=121)
	        Recheck Cond: ((id >= 9917004) AND (id <= 9918003))
	        ->  Bitmap Index Scan on sbtest6_pkey  (cost=0.00..30.75 rows=1031 width=0)
	              Index Cond: ((id >= 9917004) AND (id <= 9918003))

table 7 : explain SELECT c FROM sbtest7 WHERE id BETWEEN 9847419 AND 9848418 ORDER BY c
	Sort  (cost=3737.60..3739.98 rows=952 width=121)
	  Sort Key: c
	  ->  Bitmap Heap Scan on sbtest7  (cost=30.19..3690.51 rows=952 width=121)
	        Recheck Cond: ((id >= 9847419) AND (id <= 9848418))
	        ->  Bitmap Index Scan on sbtest7_pkey  (cost=0.00..29.95 rows=952 width=0)
	              Index Cond: ((id >= 9847419) AND (id <= 9848418))

table 8 : explain SELECT c FROM sbtest8 WHERE id BETWEEN 6685917 AND 6686916 ORDER BY c
	Sort  (cost=3674.62..3676.96 rows=935 width=121)
	  Sort Key: c
	  ->  Bitmap Heap Scan on sbtest8  (cost=30.02..3628.48 rows=935 width=121)
	        Recheck Cond: ((id >= 6685917) AND (id <= 6686916))
	        ->  Bitmap Index Scan on sbtest8_pkey  (cost=0.00..29.79 rows=935 width=0)
	              Index Cond: ((id >= 6685917) AND (id <= 6686916))

for: sum_ranges
table 1 : explain SELECT SUM(k) FROM sbtest1 WHERE id BETWEEN 8869513 AND 8870512
	Aggregate  (cost=3635.76..3635.77 rows=1 width=8)
	  ->  Bitmap Heap Scan on sbtest1  (cost=30.03..3633.42 rows=936 width=4)
	        Recheck Cond: ((id >= 8869513) AND (id <= 8870512))
	        ->  Bitmap Index Scan on sbtest1_pkey  (cost=0.00..29.79 rows=936 width=0)
	              Index Cond: ((id >= 8869513) AND (id <= 8870512))

table 2 : explain SELECT SUM(k) FROM sbtest2 WHERE id BETWEEN 1410088 AND 1411087
	Aggregate  (cost=3604.11..3604.12 rows=1 width=8)
	  ->  Bitmap Heap Scan on sbtest2  (cost=29.95..3601.79 rows=928 width=4)
	        Recheck Cond: ((id >= 1410088) AND (id <= 1411087))
	        ->  Bitmap Index Scan on sbtest2_pkey  (cost=0.00..29.71 rows=928 width=0)
	              Index Cond: ((id >= 1410088) AND (id <= 1411087))

table 3 : explain SELECT SUM(k) FROM sbtest3 WHERE id BETWEEN 2558408 AND 2559407
	Aggregate  (cost=3587.50..3587.51 rows=1 width=8)
	  ->  Bitmap Heap Scan on sbtest3  (cost=29.91..3585.19 rows=924 width=4)
	        Recheck Cond: ((id >= 2558408) AND (id <= 2559407))
	        ->  Bitmap Index Scan on sbtest3_pkey  (cost=0.00..29.68 rows=924 width=0)
	              Index Cond: ((id >= 2558408) AND (id <= 2559407))

table 4 : explain SELECT SUM(k) FROM sbtest4 WHERE id BETWEEN 5513295 AND 5514294
	Aggregate  (cost=3547.27..3547.28 rows=1 width=8)
	  ->  Bitmap Heap Scan on sbtest4  (cost=29.79..3544.99 rows=913 width=4)
	        Recheck Cond: ((id >= 5513295) AND (id <= 5514294))
	        ->  Bitmap Index Scan on sbtest4_pkey  (cost=0.00..29.57 rows=913 width=0)
	              Index Cond: ((id >= 5513295) AND (id <= 5514294))

table 5 : explain SELECT SUM(k) FROM sbtest5 WHERE id BETWEEN 3763706 AND 3764705
	Aggregate  (cost=4084.02..4084.03 rows=1 width=8)
	  ->  Bitmap Heap Scan on sbtest5  (cost=31.25..4081.38 rows=1055 width=4)
	        Recheck Cond: ((id >= 3763706) AND (id <= 3764705))
	        ->  Bitmap Index Scan on sbtest5_pkey  (cost=0.00..30.98 rows=1055 width=0)
	              Index Cond: ((id >= 3763706) AND (id <= 3764705))

table 6 : explain SELECT SUM(k) FROM sbtest6 WHERE id BETWEEN 2264451 AND 2265450
	Aggregate  (cost=3770.25..3770.26 rows=1 width=8)
	  ->  Bitmap Heap Scan on sbtest6  (cost=30.40..3767.82 rows=972 width=4)
	        Recheck Cond: ((id >= 2264451) AND (id <= 2265450))
	        ->  Bitmap Index Scan on sbtest6_pkey  (cost=0.00..30.15 rows=972 width=0)
	              Index Cond: ((id >= 2264451) AND (id <= 2265450))

table 7 : explain SELECT SUM(k) FROM sbtest7 WHERE id BETWEEN 3815024 AND 3816023
	Aggregate  (cost=4134.34..4134.35 rows=1 width=8)
	  ->  Bitmap Heap Scan on sbtest7  (cost=35.38..4131.67 rows=1068 width=4)
	        Recheck Cond: ((id >= 3815024) AND (id <= 3816023))
	        ->  Bitmap Index Scan on sbtest7_pkey  (cost=0.00..35.12 rows=1068 width=0)
	              Index Cond: ((id >= 3815024) AND (id <= 3816023))

table 8 : explain SELECT SUM(k) FROM sbtest8 WHERE id BETWEEN 8742059 AND 8743058
	Aggregate  (cost=4152.08..4152.09 rows=1 width=8)
	  ->  Bitmap Heap Scan on sbtest8  (cost=35.42..4149.40 rows=1072 width=4)
	        Recheck Cond: ((id >= 8742059) AND (id <= 8743058))
	        ->  Bitmap Index Scan on sbtest8_pkey  (cost=0.00..35.16 rows=1072 width=0)
	              Index Cond: ((id >= 8742059) AND (id <= 8743058))

for: distinct_ranges
table 1 : explain SELECT DISTINCT c FROM sbtest1 WHERE id BETWEEN 938694 AND 939693 ORDER BY c
	Unique  (cost=4082.17..4087.38 rows=1041 width=121)
	  ->  Sort  (cost=4082.17..4084.78 rows=1041 width=121)
	        Sort Key: c
	        ->  Bitmap Heap Scan on sbtest1  (cost=31.11..4030.00 rows=1041 width=121)
	              Recheck Cond: ((id >= 938694) AND (id <= 939693))
	              ->  Bitmap Index Scan on sbtest1_pkey  (cost=0.00..30.84 rows=1041 width=0)
	                    Index Cond: ((id >= 938694) AND (id <= 939693))

table 2 : explain SELECT DISTINCT c FROM sbtest2 WHERE id BETWEEN 2109785 AND 2110784 ORDER BY c
	Unique  (cost=3685.91..3690.60 rows=938 width=121)
	  ->  Sort  (cost=3685.91..3688.26 rows=938 width=121)
	        Sort Key: c
	        ->  Bitmap Heap Scan on sbtest2  (cost=30.05..3639.61 rows=938 width=121)
	              Recheck Cond: ((id >= 2109785) AND (id <= 2110784))
	              ->  Bitmap Index Scan on sbtest2_pkey  (cost=0.00..29.82 rows=938 width=0)
	                    Index Cond: ((id >= 2109785) AND (id <= 2110784))

table 3 : explain SELECT DISTINCT c FROM sbtest3 WHERE id BETWEEN 2542043 AND 2543042 ORDER BY c
	Unique  (cost=3630.70..3635.32 rows=924 width=121)
	  ->  Sort  (cost=3630.70..3633.01 rows=924 width=121)
	        Sort Key: c
	        ->  Bitmap Heap Scan on sbtest3  (cost=29.91..3585.19 rows=924 width=121)
	              Recheck Cond: ((id >= 2542043) AND (id <= 2543042))
	              ->  Bitmap Index Scan on sbtest3_pkey  (cost=0.00..29.68 rows=924 width=0)
	                    Index Cond: ((id >= 2542043) AND (id <= 2543042))

table 4 : explain SELECT DISTINCT c FROM sbtest4 WHERE id BETWEEN 3503216 AND 3504215 ORDER BY c
	Unique  (cost=3639.80..3644.43 rows=926 width=121)
	  ->  Sort  (cost=3639.80..3642.11 rows=926 width=121)
	        Sort Key: c
	        ->  Bitmap Heap Scan on sbtest4  (cost=29.93..3594.17 rows=926 width=121)
	              Recheck Cond: ((id >= 3503216) AND (id <= 3504215))
	              ->  Bitmap Index Scan on sbtest4_pkey  (cost=0.00..29.69 rows=926 width=0)
	                    Index Cond: ((id >= 3503216) AND (id <= 3504215))

table 5 : explain SELECT DISTINCT c FROM sbtest5 WHERE id BETWEEN 9931429 AND 9932428 ORDER BY c
	Unique  (cost=3559.41..3563.93 rows=905 width=121)
	  ->  Sort  (cost=3559.41..3561.67 rows=905 width=121)
	        Sort Key: c
	        ->  Bitmap Heap Scan on sbtest5  (cost=29.71..3514.97 rows=905 width=121)
	              Recheck Cond: ((id >= 9931429) AND (id <= 9932428))
	              ->  Bitmap Index Scan on sbtest5_pkey  (cost=0.00..29.48 rows=905 width=0)
	                    Index Cond: ((id >= 9931429) AND (id <= 9932428))

table 6 : explain SELECT DISTINCT c FROM sbtest6 WHERE id BETWEEN 7234113 AND 7235112 ORDER BY c
	Unique  (cost=4015.22..4020.34 rows=1024 width=121)
	  ->  Sort  (cost=4015.22..4017.78 rows=1024 width=121)
	        Sort Key: c
	        ->  Bitmap Heap Scan on sbtest6  (cost=30.93..3964.02 rows=1024 width=121)
	              Recheck Cond: ((id >= 7234113) AND (id <= 7235112))
	              ->  Bitmap Index Scan on sbtest6_pkey  (cost=0.00..30.68 rows=1024 width=0)
	                    Index Cond: ((id >= 7234113) AND (id <= 7235112))

table 7 : explain SELECT DISTINCT c FROM sbtest7 WHERE id BETWEEN 6627135 AND 6628134 ORDER BY c
	Unique  (cost=3921.44..3926.44 rows=1000 width=121)
	  ->  Sort  (cost=3921.44..3923.94 rows=1000 width=121)
	        Sort Key: c
	        ->  Bitmap Heap Scan on sbtest7  (cost=30.68..3871.61 rows=1000 width=121)
	              Recheck Cond: ((id >= 6627135) AND (id <= 6628134))
	              ->  Bitmap Index Scan on sbtest7_pkey  (cost=0.00..30.43 rows=1000 width=0)
	                    Index Cond: ((id >= 6627135) AND (id <= 6628134))

table 8 : explain SELECT DISTINCT c FROM sbtest8 WHERE id BETWEEN 3532772 AND 3533771 ORDER BY c
	Unique  (cost=3593.99..3598.56 rows=914 width=121)
	  ->  Sort  (cost=3593.99..3596.27 rows=914 width=121)
	        Sort Key: c
	        ->  Bitmap Heap Scan on sbtest8  (cost=29.80..3549.04 rows=914 width=121)
	              Recheck Cond: ((id >= 3532772) AND (id <= 3533771))
	              ->  Bitmap Index Scan on sbtest8_pkey  (cost=0.00..29.57 rows=914 width=0)
	                    Index Cond: ((id >= 3532772) AND (id <= 3533771))

for: order_ranges
table 1 : explain SELECT c FROM sbtest1 WHERE id BETWEEN 57314 AND 58313 ORDER BY c
	Sort  (cost=3671.94..3674.27 rows=934 width=121)
	  Sort Key: c
	  ->  Bitmap Heap Scan on sbtest1  (cost=30.01..3625.86 rows=934 width=121)
	        Recheck Cond: ((id >= 57314) AND (id <= 58313))
	        ->  Bitmap Index Scan on sbtest1_pkey  (cost=0.00..29.77 rows=934 width=0)
	              Index Cond: ((id >= 57314) AND (id <= 58313))

table 2 : explain SELECT c FROM sbtest2 WHERE id BETWEEN 7422125 AND 7423124 ORDER BY c
	Sort  (cost=3908.29..3910.78 rows=996 width=121)
	  Sort Key: c
	  ->  Bitmap Heap Scan on sbtest2  (cost=30.64..3858.69 rows=996 width=121)
	        Recheck Cond: ((id >= 7422125) AND (id <= 7423124))
	        ->  Bitmap Index Scan on sbtest2_pkey  (cost=0.00..30.39 rows=996 width=0)
	              Index Cond: ((id >= 7422125) AND (id <= 7423124))

table 3 : explain SELECT c FROM sbtest3 WHERE id BETWEEN 929314 AND 930313 ORDER BY c
	Sort  (cost=3787.92..3790.33 rows=965 width=121)
	  Sort Key: c
	  ->  Bitmap Heap Scan on sbtest3  (cost=30.33..3740.08 rows=965 width=121)
	        Recheck Cond: ((id >= 929314) AND (id <= 930313))
	        ->  Bitmap Index Scan on sbtest3_pkey  (cost=0.00..30.08 rows=965 width=0)
	              Index Cond: ((id >= 929314) AND (id <= 930313))

table 4 : explain SELECT c FROM sbtest4 WHERE id BETWEEN 3962684 AND 3963683 ORDER BY c
	Sort  (cost=3651.32..3653.64 rows=929 width=121)
	  Sort Key: c
	  ->  Bitmap Heap Scan on sbtest4  (cost=29.96..3605.52 rows=929 width=121)
	        Recheck Cond: ((id >= 3962684) AND (id <= 3963683))
	        ->  Bitmap Index Scan on sbtest4_pkey  (cost=0.00..29.72 rows=929 width=0)
	              Index Cond: ((id >= 3962684) AND (id <= 3963683))

table 5 : explain SELECT c FROM sbtest5 WHERE id BETWEEN 6797756 AND 6798755 ORDER BY c
	Sort  (cost=3900.87..3903.36 rows=994 width=121)
	  Sort Key: c
	  ->  Bitmap Heap Scan on sbtest5  (cost=30.62..3851.38 rows=994 width=121)
	        Recheck Cond: ((id >= 6797756) AND (id <= 6798755))
	        ->  Bitmap Index Scan on sbtest5_pkey  (cost=0.00..30.37 rows=994 width=0)
	              Index Cond: ((id >= 6797756) AND (id <= 6798755))

table 6 : explain SELECT c FROM sbtest6 WHERE id BETWEEN 258395 AND 259394 ORDER BY c
	Sort  (cost=4202.77..4205.45 rows=1072 width=121)
	  Sort Key: c
	  ->  Bitmap Heap Scan on sbtest6  (cost=35.42..4148.82 rows=1072 width=121)
	        Recheck Cond: ((id >= 258395) AND (id <= 259394))
	        ->  Bitmap Index Scan on sbtest6_pkey  (cost=0.00..35.16 rows=1072 width=0)
	              Index Cond: ((id >= 258395) AND (id <= 259394))

table 7 : explain SELECT c FROM sbtest7 WHERE id BETWEEN 3133129 AND 3134128 ORDER BY c
	Sort  (cost=3749.10..3751.49 rows=955 width=121)
	  Sort Key: c
	  ->  Bitmap Heap Scan on sbtest7  (cost=30.22..3701.83 rows=955 width=121)
	        Recheck Cond: ((id >= 3133129) AND (id <= 3134128))
	        ->  Bitmap Index Scan on sbtest7_pkey  (cost=0.00..29.98 rows=955 width=0)
	              Index Cond: ((id >= 3133129) AND (id <= 3134128))

table 8 : explain SELECT c FROM sbtest8 WHERE id BETWEEN 3374228 AND 3375227 ORDER BY c
	Sort  (cost=3965.99..3968.52 rows=1011 width=121)
	  Sort Key: c
	  ->  Bitmap Heap Scan on sbtest8  (cost=30.80..3915.53 rows=1011 width=121)
	        Recheck Cond: ((id >= 3374228) AND (id <= 3375227))
	        ->  Bitmap Index Scan on sbtest8_pkey  (cost=0.00..30.54 rows=1011 width=0)
	              Index Cond: ((id >= 3374228) AND (id <= 3375227))

for: order_ranges
table 1 : explain SELECT c FROM sbtest1 WHERE id BETWEEN 8521692 AND 8522691 ORDER BY c
	Sort  (cost=3790.93..3793.34 rows=965 width=121)
	  Sort Key: c
	  ->  Bitmap Heap Scan on sbtest1  (cost=30.33..3743.09 rows=965 width=121)
	        Recheck Cond: ((id >= 8521692) AND (id <= 8522691))
	        ->  Bitmap Index Scan on sbtest1_pkey  (cost=0.00..30.08 rows=965 width=0)
	              Index Cond: ((id >= 8521692) AND (id <= 8522691))

table 2 : explain SELECT c FROM sbtest2 WHERE id BETWEEN 4920771 AND 4921770 ORDER BY c
	Sort  (cost=4023.16..4025.73 rows=1026 width=121)
	  Sort Key: c
	  ->  Bitmap Heap Scan on sbtest2  (cost=30.95..3971.85 rows=1026 width=121)
	        Recheck Cond: ((id >= 4920771) AND (id <= 4921770))
	        ->  Bitmap Index Scan on sbtest2_pkey  (cost=0.00..30.69 rows=1026 width=0)
	              Index Cond: ((id >= 4920771) AND (id <= 4921770))

table 3 : explain SELECT c FROM sbtest3 WHERE id BETWEEN 8331350 AND 8332349 ORDER BY c
	Sort  (cost=3994.67..3997.21 rows=1019 width=121)
	  Sort Key: c
	  ->  Bitmap Heap Scan on sbtest3  (cost=30.88..3943.75 rows=1019 width=121)
	        Recheck Cond: ((id >= 8331350) AND (id <= 8332349))
	        ->  Bitmap Index Scan on sbtest3_pkey  (cost=0.00..30.62 rows=1019 width=0)
	              Index Cond: ((id >= 8331350) AND (id <= 8332349))

table 4 : explain SELECT c FROM sbtest4 WHERE id BETWEEN 9430744 AND 9431743 ORDER BY c
	Sort  (cost=4122.56..4125.19 rows=1052 width=121)
	  Sort Key: c
	  ->  Bitmap Heap Scan on sbtest4  (cost=31.22..4069.76 rows=1052 width=121)
	        Recheck Cond: ((id >= 9430744) AND (id <= 9431743))
	        ->  Bitmap Index Scan on sbtest4_pkey  (cost=0.00..30.95 rows=1052 width=0)
	              Index Cond: ((id >= 9430744) AND (id <= 9431743))

table 5 : explain SELECT c FROM sbtest5 WHERE id BETWEEN 341525 AND 342524 ORDER BY c
	Sort  (cost=3943.01..3945.52 rows=1005 width=121)
	  Sort Key: c
	  ->  Bitmap Heap Scan on sbtest5  (cost=30.74..3892.89 rows=1005 width=121)
	        Recheck Cond: ((id >= 341525) AND (id <= 342524))
	        ->  Bitmap Index Scan on sbtest5_pkey  (cost=0.00..30.48 rows=1005 width=0)
	              Index Cond: ((id >= 341525) AND (id <= 342524))

table 6 : explain SELECT c FROM sbtest6 WHERE id BETWEEN 4313920 AND 4314919 ORDER BY c
	Sort  (cost=3639.60..3641.92 rows=926 width=121)
	  Sort Key: c
	  ->  Bitmap Heap Scan on sbtest6  (cost=29.93..3593.97 rows=926 width=121)
	        Recheck Cond: ((id >= 4313920) AND (id <= 4314919))
	        ->  Bitmap Index Scan on sbtest6_pkey  (cost=0.00..29.69 rows=926 width=0)
	              Index Cond: ((id >= 4313920) AND (id <= 4314919))

table 7 : explain SELECT c FROM sbtest7 WHERE id BETWEEN 8480723 AND 8481722 ORDER BY c
	Sort  (cost=3932.92..3935.42 rows=1003 width=121)
	  Sort Key: c
	  ->  Bitmap Heap Scan on sbtest7  (cost=30.72..3882.92 rows=1003 width=121)
	        Recheck Cond: ((id >= 8480723) AND (id <= 8481722))
	        ->  Bitmap Index Scan on sbtest7_pkey  (cost=0.00..30.46 rows=1003 width=0)
	              Index Cond: ((id >= 8480723) AND (id <= 8481722))

table 8 : explain SELECT c FROM sbtest8 WHERE id BETWEEN 6399004 AND 6400003 ORDER BY c
	Sort  (cost=4191.89..4194.56 rows=1069 width=121)
	  Sort Key: c
	  ->  Bitmap Heap Scan on sbtest8  (cost=35.39..4138.11 rows=1069 width=121)
	        Recheck Cond: ((id >= 6399004) AND (id <= 6400003))
	        ->  Bitmap Index Scan on sbtest8_pkey  (cost=0.00..35.12 rows=1069 width=0)
	              Index Cond: ((id >= 6399004) AND (id <= 6400003))

for: distinct_ranges
table 1 : explain SELECT DISTINCT c FROM sbtest1 WHERE id BETWEEN 1373672 AND 1374671 ORDER BY c
	Unique  (cost=3951.97..3957.00 rows=1007 width=121)
	  ->  Sort  (cost=3951.97..3954.48 rows=1007 width=121)
	        Sort Key: c
	        ->  Bitmap Heap Scan on sbtest1  (cost=30.76..3901.74 rows=1007 width=121)
	              Recheck Cond: ((id >= 1373672) AND (id <= 1374671))
	              ->  Bitmap Index Scan on sbtest1_pkey  (cost=0.00..30.50 rows=1007 width=0)
	                    Index Cond: ((id >= 1373672) AND (id <= 1374671))

table 2 : explain SELECT DISTINCT c FROM sbtest2 WHERE id BETWEEN 4395992 AND 4396991 ORDER BY c
	Unique  (cost=3420.82..3425.16 rows=869 width=121)
	  ->  Sort  (cost=3420.82..3422.99 rows=869 width=121)
	        Sort Key: c
	        ->  Bitmap Heap Scan on sbtest2  (cost=29.34..3378.40 rows=869 width=121)
	              Recheck Cond: ((id >= 4395992) AND (id <= 4396991))
	              ->  Bitmap Index Scan on sbtest2_pkey  (cost=0.00..29.12 rows=869 width=0)
	                    Index Cond: ((id >= 4395992) AND (id <= 4396991))

table 3 : explain SELECT DISTINCT c FROM sbtest3 WHERE id BETWEEN 7880798 AND 7881797 ORDER BY c
	Unique  (cost=3987.02..3992.10 rows=1017 width=121)
	  ->  Sort  (cost=3987.02..3989.56 rows=1017 width=121)
	        Sort Key: c
	        ->  Bitmap Heap Scan on sbtest3  (cost=30.86..3936.22 rows=1017 width=121)
	              Recheck Cond: ((id >= 7880798) AND (id <= 7881797))
	              ->  Bitmap Index Scan on sbtest3_pkey  (cost=0.00..30.61 rows=1017 width=0)
	                    Index Cond: ((id >= 7880798) AND (id <= 7881797))

table 4 : explain SELECT DISTINCT c FROM sbtest4 WHERE id BETWEEN 4364262 AND 4365261 ORDER BY c
	Unique  (cost=4160.80..4166.11 rows=1062 width=121)
	  ->  Sort  (cost=4160.80..4163.45 rows=1062 width=121)
	        Sort Key: c
	        ->  Bitmap Heap Scan on sbtest4  (cost=31.32..4107.42 rows=1062 width=121)
	              Recheck Cond: ((id >= 4364262) AND (id <= 4365261))
	              ->  Bitmap Index Scan on sbtest4_pkey  (cost=0.00..31.05 rows=1062 width=0)
	                    Index Cond: ((id >= 4364262) AND (id <= 4365261))

table 5 : explain SELECT DISTINCT c FROM sbtest5 WHERE id BETWEEN 9496438 AND 9497437 ORDER BY c
	Unique  (cost=3617.03..3621.63 rows=920 width=121)
	  ->  Sort  (cost=3617.03..3619.33 rows=920 width=121)
	        Sort Key: c
	        ->  Bitmap Heap Scan on sbtest5  (cost=29.87..3571.74 rows=920 width=121)
	              Recheck Cond: ((id >= 9496438) AND (id <= 9497437))
	              ->  Bitmap Index Scan on sbtest5_pkey  (cost=0.00..29.64 rows=920 width=0)
	                    Index Cond: ((id >= 9496438) AND (id <= 9497437))

table 6 : explain SELECT DISTINCT c FROM sbtest6 WHERE id BETWEEN 217022 AND 218021 ORDER BY c
	Unique  (cost=4202.77..4208.13 rows=1072 width=121)
	  ->  Sort  (cost=4202.77..4205.45 rows=1072 width=121)
	        Sort Key: c
	        ->  Bitmap Heap Scan on sbtest6  (cost=35.42..4148.82 rows=1072 width=121)
	              Recheck Cond: ((id >= 217022) AND (id <= 218021))
	              ->  Bitmap Index Scan on sbtest6_pkey  (cost=0.00..35.16 rows=1072 width=0)
	                    Index Cond: ((id >= 217022) AND (id <= 218021))

table 7 : explain SELECT DISTINCT c FROM sbtest7 WHERE id BETWEEN 5839408 AND 5840407 ORDER BY c
	Unique  (cost=3699.27..3703.98 rows=942 width=121)
	  ->  Sort  (cost=3699.27..3701.63 rows=942 width=121)
	        Sort Key: c
	        ->  Bitmap Heap Scan on sbtest7  (cost=30.09..3652.74 rows=942 width=121)
	              Recheck Cond: ((id >= 5839408) AND (id <= 5840407))
	              ->  Bitmap Index Scan on sbtest7_pkey  (cost=0.00..29.86 rows=942 width=0)
	                    Index Cond: ((id >= 5839408) AND (id <= 5840407))

table 8 : explain SELECT DISTINCT c FROM sbtest8 WHERE id BETWEEN 1207662 AND 1208661 ORDER BY c
	Unique  (cost=3981.31..3986.38 rows=1015 width=121)
	  ->  Sort  (cost=3981.31..3983.84 rows=1015 width=121)
	        Sort Key: c
	        ->  Bitmap Heap Scan on sbtest8  (cost=30.84..3930.62 rows=1015 width=121)
	              Recheck Cond: ((id >= 1207662) AND (id <= 1208661))
	              ->  Bitmap Index Scan on sbtest8_pkey  (cost=0.00..30.58 rows=1015 width=0)
	                    Index Cond: ((id >= 1207662) AND (id <= 1208661))

for: order_ranges
table 1 : explain SELECT c FROM sbtest1 WHERE id BETWEEN 1718377 AND 1719376 ORDER BY c
	Sort  (cost=3694.98..3697.33 rows=940 width=121)
	  Sort Key: c
	  ->  Bitmap Heap Scan on sbtest1  (cost=30.07..3648.56 rows=940 width=121)
	        Recheck Cond: ((id >= 1718377) AND (id <= 1719376))
	        ->  Bitmap Index Scan on sbtest1_pkey  (cost=0.00..29.83 rows=940 width=0)
	              Index Cond: ((id >= 1718377) AND (id <= 1719376))

table 2 : explain SELECT c FROM sbtest2 WHERE id BETWEEN 6361090 AND 6362089 ORDER BY c
	Sort  (cost=3743.46..3745.85 rows=953 width=121)
	  Sort Key: c
	  ->  Bitmap Heap Scan on sbtest2  (cost=30.20..3696.31 rows=953 width=121)
	        Recheck Cond: ((id >= 6361090) AND (id <= 6362089))
	        ->  Bitmap Index Scan on sbtest2_pkey  (cost=0.00..29.96 rows=953 width=0)
	              Index Cond: ((id >= 6361090) AND (id <= 6362089))

table 3 : explain SELECT c FROM sbtest3 WHERE id BETWEEN 513977 AND 514976 ORDER BY c
	Sort  (cost=4128.48..4131.12 rows=1054 width=121)
	  Sort Key: c
	  ->  Bitmap Heap Scan on sbtest3  (cost=31.24..4075.56 rows=1054 width=121)
	        Recheck Cond: ((id >= 513977) AND (id <= 514976))
	        ->  Bitmap Index Scan on sbtest3_pkey  (cost=0.00..30.97 rows=1054 width=0)
	              Index Cond: ((id >= 513977) AND (id <= 514976))

table 4 : explain SELECT c FROM sbtest4 WHERE id BETWEEN 4763637 AND 4764636 ORDER BY c
	Sort  (cost=3635.96..3638.27 rows=925 width=121)
	  Sort Key: c
	  ->  Bitmap Heap Scan on sbtest4  (cost=29.92..3590.39 rows=925 width=121)
	        Recheck Cond: ((id >= 4763637) AND (id <= 4764636))
	        ->  Bitmap Index Scan on sbtest4_pkey  (cost=0.00..29.68 rows=925 width=0)
	              Index Cond: ((id >= 4763637) AND (id <= 4764636))

table 5 : explain SELECT c FROM sbtest5 WHERE id BETWEEN 3170237 AND 3171236 ORDER BY c
	Sort  (cost=3854.89..3857.34 rows=982 width=121)
	  Sort Key: c
	  ->  Bitmap Heap Scan on sbtest5  (cost=30.50..3806.08 rows=982 width=121)
	        Recheck Cond: ((id >= 3170237) AND (id <= 3171236))
	        ->  Bitmap Index Scan on sbtest5_pkey  (cost=0.00..30.25 rows=982 width=0)
	              Index Cond: ((id >= 3170237) AND (id <= 3171236))

table 6 : explain SELECT c FROM sbtest6 WHERE id BETWEEN 5090198 AND 5091197 ORDER BY c
	Sort  (cost=3562.80..3565.07 rows=906 width=121)
	  Sort Key: c
	  ->  Bitmap Heap Scan on sbtest6  (cost=29.72..3518.30 rows=906 width=121)
	        Recheck Cond: ((id >= 5090198) AND (id <= 5091197))
	        ->  Bitmap Index Scan on sbtest6_pkey  (cost=0.00..29.50 rows=906 width=0)
	              Index Cond: ((id >= 5090198) AND (id <= 5091197))

table 7 : explain SELECT c FROM sbtest7 WHERE id BETWEEN 793162 AND 794161 ORDER BY c
	Sort  (cost=3978.83..3981.36 rows=1015 width=121)
	  Sort Key: c
	  ->  Bitmap Heap Scan on sbtest7  (cost=30.84..3928.14 rows=1015 width=121)
	        Recheck Cond: ((id >= 793162) AND (id <= 794161))
	        ->  Bitmap Index Scan on sbtest7_pkey  (cost=0.00..30.58 rows=1015 width=0)
	              Index Cond: ((id >= 793162) AND (id <= 794161))

table 8 : explain SELECT c FROM sbtest8 WHERE id BETWEEN 1348973 AND 1349972 ORDER BY c
	Sort  (cost=4275.96..4278.68 rows=1091 width=121)
	  Sort Key: c
	  ->  Bitmap Heap Scan on sbtest8  (cost=35.62..4220.91 rows=1091 width=121)
	        Recheck Cond: ((id >= 1348973) AND (id <= 1349972))
	        ->  Bitmap Index Scan on sbtest8_pkey  (cost=0.00..35.34 rows=1091 width=0)
	              Index Cond: ((id >= 1348973) AND (id <= 1349972))

for: order_ranges
table 1 : explain SELECT c FROM sbtest1 WHERE id BETWEEN 7527589 AND 7528588 ORDER BY c
	Sort  (cost=4189.48..4192.15 rows=1068 width=121)
	  Sort Key: c
	  ->  Bitmap Heap Scan on sbtest1  (cost=35.38..4135.76 rows=1068 width=121)
	        Recheck Cond: ((id >= 7527589) AND (id <= 7528588))
	        ->  Bitmap Index Scan on sbtest1_pkey  (cost=0.00..35.12 rows=1068 width=0)
	              Index Cond: ((id >= 7527589) AND (id <= 7528588))

table 2 : explain SELECT c FROM sbtest2 WHERE id BETWEEN 4905936 AND 4906935 ORDER BY c
	Sort  (cost=4023.16..4025.73 rows=1026 width=121)
	  Sort Key: c
	  ->  Bitmap Heap Scan on sbtest2  (cost=30.95..3971.85 rows=1026 width=121)
	        Recheck Cond: ((id >= 4905936) AND (id <= 4906935))
	        ->  Bitmap Index Scan on sbtest2_pkey  (cost=0.00..30.69 rows=1026 width=0)
	              Index Cond: ((id >= 4905936) AND (id <= 4906935))

table 3 : explain SELECT c FROM sbtest3 WHERE id BETWEEN 4495405 AND 4496404 ORDER BY c
	Sort  (cost=3787.92..3790.33 rows=965 width=121)
	  Sort Key: c
	  ->  Bitmap Heap Scan on sbtest3  (cost=30.33..3740.08 rows=965 width=121)
	        Recheck Cond: ((id >= 4495405) AND (id <= 4496404))
	        ->  Bitmap Index Scan on sbtest3_pkey  (cost=0.00..30.08 rows=965 width=0)
	              Index Cond: ((id >= 4495405) AND (id <= 4496404))

table 4 : explain SELECT c FROM sbtest4 WHERE id BETWEEN 7215428 AND 7216427 ORDER BY c
	Sort  (cost=3843.10..3845.55 rows=979 width=121)
	  Sort Key: c
	  ->  Bitmap Heap Scan on sbtest4  (cost=30.47..3794.47 rows=979 width=121)
	        Recheck Cond: ((id >= 7215428) AND (id <= 7216427))
	        ->  Bitmap Index Scan on sbtest4_pkey  (cost=0.00..30.22 rows=979 width=0)
	              Index Cond: ((id >= 7215428) AND (id <= 7216427))

table 5 : explain SELECT c FROM sbtest5 WHERE id BETWEEN 6676711 AND 6677710 ORDER BY c
	Sort  (cost=4080.81..4083.41 rows=1041 width=121)
	  Sort Key: c
	  ->  Bitmap Heap Scan on sbtest5  (cost=31.11..4028.64 rows=1041 width=121)
	        Recheck Cond: ((id >= 6676711) AND (id <= 6677710))
	        ->  Bitmap Index Scan on sbtest5_pkey  (cost=0.00..30.84 rows=1041 width=0)
	              Index Cond: ((id >= 6676711) AND (id <= 6677710))

table 6 : explain SELECT c FROM sbtest6 WHERE id BETWEEN 527862 AND 528861 ORDER BY c
	Sort  (cost=3601.21..3603.50 rows=916 width=121)
	  Sort Key: c
	  ->  Bitmap Heap Scan on sbtest6  (cost=29.82..3556.14 rows=916 width=121)
	        Recheck Cond: ((id >= 527862) AND (id <= 528861))
	        ->  Bitmap Index Scan on sbtest6_pkey  (cost=0.00..29.59 rows=916 width=0)
	              Index Cond: ((id >= 527862) AND (id <= 528861))

table 7 : explain SELECT c FROM sbtest7 WHERE id BETWEEN 7918671 AND 7919670 ORDER BY c
	Sort  (cost=4338.05..4340.82 rows=1108 width=121)
	  Sort Key: c
	  ->  Bitmap Heap Scan on sbtest7  (cost=35.79..4282.02 rows=1108 width=121)
	        Recheck Cond: ((id >= 7918671) AND (id <= 7919670))
	        ->  Bitmap Index Scan on sbtest7_pkey  (cost=0.00..35.52 rows=1108 width=0)
	              Index Cond: ((id >= 7918671) AND (id <= 7919670))

table 8 : explain SELECT c FROM sbtest8 WHERE id BETWEEN 1758391 AND 1759390 ORDER BY c
	Sort  (cost=4253.03..4255.75 rows=1085 width=121)
	  Sort Key: c
	  ->  Bitmap Heap Scan on sbtest8  (cost=35.56..4198.33 rows=1085 width=121)
	        Recheck Cond: ((id >= 1758391) AND (id <= 1759390))
	        ->  Bitmap Index Scan on sbtest8_pkey  (cost=0.00..35.29 rows=1085 width=0)
	              Index Cond: ((id >= 1758391) AND (id <= 1759390))

for: order_ranges
table 1 : explain SELECT c FROM sbtest1 WHERE id BETWEEN 8560451 AND 8561450 ORDER BY c
	Sort  (cost=3783.26..3785.67 rows=963 width=121)
	  Sort Key: c
	  ->  Bitmap Heap Scan on sbtest1  (cost=30.31..3735.53 rows=963 width=121)
	        Recheck Cond: ((id >= 8560451) AND (id <= 8561450))
	        ->  Bitmap Index Scan on sbtest1_pkey  (cost=0.00..30.07 rows=963 width=0)
	              Index Cond: ((id >= 8560451) AND (id <= 8561450))

table 2 : explain SELECT c FROM sbtest2 WHERE id BETWEEN 5340433 AND 5341432 ORDER BY c
	Sort  (cost=4011.68..4014.24 rows=1023 width=121)
	  Sort Key: c
	  ->  Bitmap Heap Scan on sbtest2  (cost=30.92..3960.54 rows=1023 width=121)
	        Recheck Cond: ((id >= 5340433) AND (id <= 5341432))
	        ->  Bitmap Index Scan on sbtest2_pkey  (cost=0.00..30.66 rows=1023 width=0)
	              Index Cond: ((id >= 5340433) AND (id <= 5341432))

table 3 : explain SELECT c FROM sbtest3 WHERE id BETWEEN 6017513 AND 6018512 ORDER BY c
	Sort  (cost=4097.91..4100.53 rows=1046 width=121)
	  Sort Key: c
	  ->  Bitmap Heap Scan on sbtest3  (cost=31.16..4045.45 rows=1046 width=121)
	        Recheck Cond: ((id >= 6017513) AND (id <= 6018512))
	        ->  Bitmap Index Scan on sbtest3_pkey  (cost=0.00..30.89 rows=1046 width=0)
	              Index Cond: ((id >= 6017513) AND (id <= 6018512))

table 4 : explain SELECT c FROM sbtest4 WHERE id BETWEEN 7133606 AND 7134605 ORDER BY c
	Sort  (cost=3843.10..3845.55 rows=979 width=121)
	  Sort Key: c
	  ->  Bitmap Heap Scan on sbtest4  (cost=30.47..3794.47 rows=979 width=121)
	        Recheck Cond: ((id >= 7133606) AND (id <= 7134605))
	        ->  Bitmap Index Scan on sbtest4_pkey  (cost=0.00..30.22 rows=979 width=0)
	              Index Cond: ((id >= 7133606) AND (id <= 7134605))

table 5 : explain SELECT c FROM sbtest5 WHERE id BETWEEN 5513399 AND 5514398 ORDER BY c
	Sort  (cost=4008.10..4010.65 rows=1022 width=121)
	  Sort Key: c
	  ->  Bitmap Heap Scan on sbtest5  (cost=30.91..3957.01 rows=1022 width=121)
	        Recheck Cond: ((id >= 5513399) AND (id <= 5514398))
	        ->  Bitmap Index Scan on sbtest5_pkey  (cost=0.00..30.65 rows=1022 width=0)
	              Index Cond: ((id >= 5513399) AND (id <= 5514398))

table 6 : explain SELECT c FROM sbtest6 WHERE id BETWEEN 61929 AND 62928 ORDER BY c
	Sort  (cost=3885.03..3887.51 rows=990 width=121)
	  Sort Key: c
	  ->  Bitmap Heap Scan on sbtest6  (cost=30.58..3835.77 rows=990 width=121)
	        Recheck Cond: ((id >= 61929) AND (id <= 62928))
	        ->  Bitmap Index Scan on sbtest6_pkey  (cost=0.00..30.33 rows=990 width=0)
	              Index Cond: ((id >= 61929) AND (id <= 62928))

table 7 : explain SELECT c FROM sbtest7 WHERE id BETWEEN 3398953 AND 3399952 ORDER BY c
	Sort  (cost=3810.40..3812.83 rows=971 width=121)
	  Sort Key: c
	  ->  Bitmap Heap Scan on sbtest7  (cost=30.39..3762.23 rows=971 width=121)
	        Recheck Cond: ((id >= 3398953) AND (id <= 3399952))
	        ->  Bitmap Index Scan on sbtest7_pkey  (cost=0.00..30.14 rows=971 width=0)
	              Index Cond: ((id >= 3398953) AND (id <= 3399952))

table 8 : explain SELECT c FROM sbtest8 WHERE id BETWEEN 2680451 AND 2681450 ORDER BY c
	Sort  (cost=3939.18..3941.69 rows=1004 width=121)
	  Sort Key: c
	  ->  Bitmap Heap Scan on sbtest8  (cost=30.73..3889.12 rows=1004 width=121)
	        Recheck Cond: ((id >= 2680451) AND (id <= 2681450))
	        ->  Bitmap Index Scan on sbtest8_pkey  (cost=0.00..30.47 rows=1004 width=0)
	              Index Cond: ((id >= 2680451) AND (id <= 2681450))

for: order_ranges
table 1 : explain SELECT c FROM sbtest1 WHERE id BETWEEN 6300007 AND 6301006 ORDER BY c
	Sort  (cost=3614.32..3616.62 rows=919 width=121)
	  Sort Key: c
	  ->  Bitmap Heap Scan on sbtest1  (cost=29.85..3569.09 rows=919 width=121)
	        Recheck Cond: ((id >= 6300007) AND (id <= 6301006))
	        ->  Bitmap Index Scan on sbtest1_pkey  (cost=0.00..29.62 rows=919 width=0)
	              Index Cond: ((id >= 6300007) AND (id <= 6301006))

table 2 : explain SELECT c FROM sbtest2 WHERE id BETWEEN 5994132 AND 5995131 ORDER BY c
	Sort  (cost=3843.15..3845.60 rows=979 width=121)
	  Sort Key: c
	  ->  Bitmap Heap Scan on sbtest2  (cost=30.47..3794.52 rows=979 width=121)
	        Recheck Cond: ((id >= 5994132) AND (id <= 5995131))
	        ->  Bitmap Index Scan on sbtest2_pkey  (cost=0.00..30.22 rows=979 width=0)
	              Index Cond: ((id >= 5994132) AND (id <= 5995131))

table 3 : explain SELECT c FROM sbtest3 WHERE id BETWEEN 7092383 AND 7093382 ORDER BY c
	Sort  (cost=3964.06..3966.59 rows=1011 width=121)
	  Sort Key: c
	  ->  Bitmap Heap Scan on sbtest3  (cost=30.80..3913.60 rows=1011 width=121)
	        Recheck Cond: ((id >= 7092383) AND (id <= 7093382))
	        ->  Bitmap Index Scan on sbtest3_pkey  (cost=0.00..30.54 rows=1011 width=0)
	              Index Cond: ((id >= 7092383) AND (id <= 7093382))

table 4 : explain SELECT c FROM sbtest4 WHERE id BETWEEN 1322652 AND 1323651 ORDER BY c
	Sort  (cost=4126.39..4129.02 rows=1053 width=121)
	  Sort Key: c
	  ->  Bitmap Heap Scan on sbtest4  (cost=31.23..4073.52 rows=1053 width=121)
	        Recheck Cond: ((id >= 1322652) AND (id <= 1323651))
	        ->  Bitmap Index Scan on sbtest4_pkey  (cost=0.00..30.96 rows=1053 width=0)
	              Index Cond: ((id >= 1322652) AND (id <= 1323651))

table 5 : explain SELECT c FROM sbtest5 WHERE id BETWEEN 5434609 AND 5435608 ORDER BY c
	Sort  (cost=3969.81..3972.34 rows=1012 width=121)
	  Sort Key: c
	  ->  Bitmap Heap Scan on sbtest5  (cost=30.81..3919.30 rows=1012 width=121)
	        Recheck Cond: ((id >= 5434609) AND (id <= 5435608))
	        ->  Bitmap Index Scan on sbtest5_pkey  (cost=0.00..30.55 rows=1012 width=0)
	              Index Cond: ((id >= 5434609) AND (id <= 5435608))

table 6 : explain SELECT c FROM sbtest6 WHERE id BETWEEN 902037 AND 903036 ORDER BY c
	Sort  (cost=4198.95..4201.63 rows=1071 width=121)
	  Sort Key: c
	  ->  Bitmap Heap Scan on sbtest6  (cost=35.41..4145.06 rows=1071 width=121)
	        Recheck Cond: ((id >= 902037) AND (id <= 903036))
	        ->  Bitmap Index Scan on sbtest6_pkey  (cost=0.00..35.15 rows=1071 width=0)
	              Index Cond: ((id >= 902037) AND (id <= 903036))

table 7 : explain SELECT c FROM sbtest7 WHERE id BETWEEN 1466763 AND 1467762 ORDER BY c
	Sort  (cost=3955.87..3958.40 rows=1009 width=121)
	  Sort Key: c
	  ->  Bitmap Heap Scan on sbtest7  (cost=30.78..3905.53 rows=1009 width=121)
	        Recheck Cond: ((id >= 1466763) AND (id <= 1467762))
	        ->  Bitmap Index Scan on sbtest7_pkey  (cost=0.00..30.52 rows=1009 width=0)
	              Index Cond: ((id >= 1466763) AND (id <= 1467762))

table 8 : explain SELECT c FROM sbtest8 WHERE id BETWEEN 4712252 AND 4713251 ORDER BY c
	Sort  (cost=3885.55..3888.02 rows=990 width=121)
	  Sort Key: c
	  ->  Bitmap Heap Scan on sbtest8  (cost=30.58..3836.29 rows=990 width=121)
	        Recheck Cond: ((id >= 4712252) AND (id <= 4713251))
	        ->  Bitmap Index Scan on sbtest8_pkey  (cost=0.00..30.33 rows=990 width=0)
	              Index Cond: ((id >= 4712252) AND (id <= 4713251))

for: distinct_ranges
table 1 : explain SELECT DISTINCT c FROM sbtest1 WHERE id BETWEEN 5449427 AND 5450426 ORDER BY c
	Unique  (cost=3948.13..3953.16 rows=1006 width=121)
	  ->  Sort  (cost=3948.13..3950.65 rows=1006 width=121)
	        Sort Key: c
	        ->  Bitmap Heap Scan on sbtest1  (cost=30.75..3897.96 rows=1006 width=121)
	              Recheck Cond: ((id >= 5449427) AND (id <= 5450426))
	              ->  Bitmap Index Scan on sbtest1_pkey  (cost=0.00..30.50 rows=1006 width=0)
	                    Index Cond: ((id >= 5449427) AND (id <= 5450426))

table 2 : explain SELECT DISTINCT c FROM sbtest2 WHERE id BETWEEN 1803046 AND 1804045 ORDER BY c
	Unique  (cost=4183.97..4189.31 rows=1067 width=121)
	  ->  Sort  (cost=4183.97..4186.64 rows=1067 width=121)
	        Sort Key: c
	        ->  Bitmap Heap Scan on sbtest2  (cost=35.37..4130.31 rows=1067 width=121)
	              Recheck Cond: ((id >= 1803046) AND (id <= 1804045))
	              ->  Bitmap Index Scan on sbtest2_pkey  (cost=0.00..35.11 rows=1067 width=0)
	                    Index Cond: ((id >= 1803046) AND (id <= 1804045))

table 3 : explain SELECT DISTINCT c FROM sbtest3 WHERE id BETWEEN 1297238 AND 1298237 ORDER BY c
	Unique  (cost=3665.23..3669.90 rows=933 width=121)
	  ->  Sort  (cost=3665.23..3667.57 rows=933 width=121)
	        Sort Key: c
	        ->  Bitmap Heap Scan on sbtest3  (cost=30.00..3619.21 rows=933 width=121)
	              Recheck Cond: ((id >= 1297238) AND (id <= 1298237))
	              ->  Bitmap Index Scan on sbtest3_pkey  (cost=0.00..29.76 rows=933 width=0)
	                    Index Cond: ((id >= 1297238) AND (id <= 1298237))

table 4 : explain SELECT DISTINCT c FROM sbtest4 WHERE id BETWEEN 9803794 AND 9804793 ORDER BY c
	Unique  (cost=3885.25..3890.20 rows=990 width=121)
	  ->  Sort  (cost=3885.25..3887.72 rows=990 width=121)
	        Sort Key: c
	        ->  Bitmap Heap Scan on sbtest4  (cost=30.58..3835.99 rows=990 width=121)
	              Recheck Cond: ((id >= 9803794) AND (id <= 9804793))
	              ->  Bitmap Index Scan on sbtest4_pkey  (cost=0.00..30.33 rows=990 width=0)
	                    Index Cond: ((id >= 9803794) AND (id <= 9804793))

table 5 : explain SELECT DISTINCT c FROM sbtest5 WHERE id BETWEEN 4516314 AND 4517313 ORDER BY c
	Unique  (cost=4607.95..4613.84 rows=1179 width=121)
	  ->  Sort  (cost=4607.95..4610.89 rows=1179 width=121)
	        Sort Key: c
	        ->  Bitmap Heap Scan on sbtest5  (cost=36.52..4547.80 rows=1179 width=121)
	              Recheck Cond: ((id >= 4516314) AND (id <= 4517313))
	              ->  Bitmap Index Scan on sbtest5_pkey  (cost=0.00..36.23 rows=1179 width=0)
	                    Index Cond: ((id >= 4516314) AND (id <= 4517313))

table 6 : explain SELECT DISTINCT c FROM sbtest6 WHERE id BETWEEN 5869085 AND 5870084 ORDER BY c
	Unique  (cost=4122.32..4127.58 rows=1052 width=121)
	  ->  Sort  (cost=4122.32..4124.95 rows=1052 width=121)
	        Sort Key: c
	        ->  Bitmap Heap Scan on sbtest6  (cost=31.22..4069.52 rows=1052 width=121)
	              Recheck Cond: ((id >= 5869085) AND (id <= 5870084))
	              ->  Bitmap Index Scan on sbtest6_pkey  (cost=0.00..30.95 rows=1052 width=0)
	                    Index Cond: ((id >= 5869085) AND (id <= 5870084))

table 7 : explain SELECT DISTINCT c FROM sbtest7 WHERE id BETWEEN 7741491 AND 7742490 ORDER BY c
	Unique  (cost=4383.90..4389.50 rows=1121 width=121)
	  ->  Sort  (cost=4383.90..4386.70 rows=1121 width=121)
	        Sort Key: c
	        ->  Bitmap Heap Scan on sbtest7  (cost=35.93..4327.12 rows=1121 width=121)
	              Recheck Cond: ((id >= 7741491) AND (id <= 7742490))
	              ->  Bitmap Index Scan on sbtest7_pkey  (cost=0.00..35.65 rows=1121 width=0)
	                    Index Cond: ((id >= 7741491) AND (id <= 7742490))

table 8 : explain SELECT DISTINCT c FROM sbtest8 WHERE id BETWEEN 3327074 AND 3328073 ORDER BY c
	Unique  (cost=3965.99..3971.04 rows=1011 width=121)
	  ->  Sort  (cost=3965.99..3968.52 rows=1011 width=121)
	        Sort Key: c
	        ->  Bitmap Heap Scan on sbtest8  (cost=30.80..3915.53 rows=1011 width=121)
	              Recheck Cond: ((id >= 3327074) AND (id <= 3328073))
	              ->  Bitmap Index Scan on sbtest8_pkey  (cost=0.00..30.54 rows=1011 width=0)
	                    Index Cond: ((id >= 3327074) AND (id <= 3328073))

for: distinct_ranges
table 1 : explain SELECT DISTINCT c FROM sbtest1 WHERE id BETWEEN 1939926 AND 1940925 ORDER BY c
	Unique  (cost=4005.60..4010.70 rows=1021 width=121)
	  ->  Sort  (cost=4005.60..4008.15 rows=1021 width=121)
	        Sort Key: c
	        ->  Bitmap Heap Scan on sbtest1  (cost=30.90..3954.57 rows=1021 width=121)
	              Recheck Cond: ((id >= 1939926) AND (id <= 1940925))
	              ->  Bitmap Index Scan on sbtest1_pkey  (cost=0.00..30.64 rows=1021 width=0)
	                    Index Cond: ((id >= 1939926) AND (id <= 1940925))

table 2 : explain SELECT DISTINCT c FROM sbtest2 WHERE id BETWEEN 505151 AND 506150 ORDER BY c
	Unique  (cost=3912.12..3917.11 rows=997 width=121)
	  ->  Sort  (cost=3912.12..3914.62 rows=997 width=121)
	        Sort Key: c
	        ->  Bitmap Heap Scan on sbtest2  (cost=30.65..3862.47 rows=997 width=121)
	              Recheck Cond: ((id >= 505151) AND (id <= 506150))
	              ->  Bitmap Index Scan on sbtest2_pkey  (cost=0.00..30.40 rows=997 width=0)
	                    Index Cond: ((id >= 505151) AND (id <= 506150))

table 3 : explain SELECT DISTINCT c FROM sbtest3 WHERE id BETWEEN 1233858 AND 1234857 ORDER BY c
	Unique  (cost=3665.23..3669.90 rows=933 width=121)
	  ->  Sort  (cost=3665.23..3667.57 rows=933 width=121)
	        Sort Key: c
	        ->  Bitmap Heap Scan on sbtest3  (cost=30.00..3619.21 rows=933 width=121)
	              Recheck Cond: ((id >= 1233858) AND (id <= 1234857))
	              ->  Bitmap Index Scan on sbtest3_pkey  (cost=0.00..29.76 rows=933 width=0)
	                    Index Cond: ((id >= 1233858) AND (id <= 1234857))

table 4 : explain SELECT DISTINCT c FROM sbtest4 WHERE id BETWEEN 1702479 AND 1703478 ORDER BY c
	Unique  (cost=3908.24..3913.22 rows=996 width=121)
	  ->  Sort  (cost=3908.24..3910.73 rows=996 width=121)
	        Sort Key: c
	        ->  Bitmap Heap Scan on sbtest4  (cost=30.64..3858.63 rows=996 width=121)
	              Recheck Cond: ((id >= 1702479) AND (id <= 1703478))
	              ->  Bitmap Index Scan on sbtest4_pkey  (cost=0.00..30.39 rows=996 width=0)
	                    Index Cond: ((id >= 1702479) AND (id <= 1703478))

table 5 : explain SELECT DISTINCT c FROM sbtest5 WHERE id BETWEEN 1089162 AND 1090161 ORDER BY c
	Unique  (cost=3712.99..3717.72 rows=945 width=121)
	  ->  Sort  (cost=3712.99..3715.36 rows=945 width=121)
	        Sort Key: c
	        ->  Bitmap Heap Scan on sbtest5  (cost=30.12..3666.29 rows=945 width=121)
	              Recheck Cond: ((id >= 1089162) AND (id <= 1090161))
	              ->  Bitmap Index Scan on sbtest5_pkey  (cost=0.00..29.89 rows=945 width=0)
	                    Index Cond: ((id >= 1089162) AND (id <= 1090161))

table 6 : explain SELECT DISTINCT c FROM sbtest6 WHERE id BETWEEN 9698304 AND 9699303 ORDER BY c
	Unique  (cost=3885.03..3889.98 rows=990 width=121)
	  ->  Sort  (cost=3885.03..3887.51 rows=990 width=121)
	        Sort Key: c
	        ->  Bitmap Heap Scan on sbtest6  (cost=30.58..3835.77 rows=990 width=121)
	              Recheck Cond: ((id >= 9698304) AND (id <= 9699303))
	              ->  Bitmap Index Scan on sbtest6_pkey  (cost=0.00..30.33 rows=990 width=0)
	                    Index Cond: ((id >= 9698304) AND (id <= 9699303))

table 7 : explain SELECT DISTINCT c FROM sbtest7 WHERE id BETWEEN 2326968 AND 2327967 ORDER BY c
	Unique  (cost=3349.85..3354.11 rows=851 width=121)
	  ->  Sort  (cost=3349.85..3351.98 rows=851 width=121)
	        Sort Key: c
	        ->  Bitmap Heap Scan on sbtest7  (cost=29.16..3308.44 rows=851 width=121)
	              Recheck Cond: ((id >= 2326968) AND (id <= 2327967))
	              ->  Bitmap Index Scan on sbtest7_pkey  (cost=0.00..28.94 rows=851 width=0)
	                    Index Cond: ((id >= 2326968) AND (id <= 2327967))

table 8 : explain SELECT DISTINCT c FROM sbtest8 WHERE id BETWEEN 8739169 AND 8740168 ORDER BY c
	Unique  (cost=4203.36..4208.72 rows=1072 width=121)
	  ->  Sort  (cost=4203.36..4206.04 rows=1072 width=121)
	        Sort Key: c
	        ->  Bitmap Heap Scan on sbtest8  (cost=35.42..4149.40 rows=1072 width=121)
	              Recheck Cond: ((id >= 8739169) AND (id <= 8740168))
	              ->  Bitmap Index Scan on sbtest8_pkey  (cost=0.00..35.16 rows=1072 width=0)
	                    Index Cond: ((id >= 8739169) AND (id <= 8740168))

for: distinct_ranges
table 1 : explain SELECT DISTINCT c FROM sbtest1 WHERE id BETWEEN 6144862 AND 6145861 ORDER BY c
	Unique  (cost=3925.14..3930.14 rows=1000 width=121)
	  ->  Sort  (cost=3925.14..3927.64 rows=1000 width=121)
	        Sort Key: c
	        ->  Bitmap Heap Scan on sbtest1  (cost=30.68..3875.31 rows=1000 width=121)
	              Recheck Cond: ((id >= 6144862) AND (id <= 6145861))
	              ->  Bitmap Index Scan on sbtest1_pkey  (cost=0.00..30.43 rows=1000 width=0)
	                    Index Cond: ((id >= 6144862) AND (id <= 6145861))

table 2 : explain SELECT DISTINCT c FROM sbtest2 WHERE id BETWEEN 1298289 AND 1299288 ORDER BY c
	Unique  (cost=3551.52..3556.03 rows=903 width=121)
	  ->  Sort  (cost=3551.52..3553.78 rows=903 width=121)
	        Sort Key: c
	        ->  Bitmap Heap Scan on sbtest2  (cost=29.69..3507.19 rows=903 width=121)
	              Recheck Cond: ((id >= 1298289) AND (id <= 1299288))
	              ->  Bitmap Index Scan on sbtest2_pkey  (cost=0.00..29.46 rows=903 width=0)
	                    Index Cond: ((id >= 1298289) AND (id <= 1299288))

table 3 : explain SELECT DISTINCT c FROM sbtest3 WHERE id BETWEEN 8334403 AND 8335402 ORDER BY c
	Unique  (cost=3994.67..3999.76 rows=1019 width=121)
	  ->  Sort  (cost=3994.67..3997.21 rows=1019 width=121)
	        Sort Key: c
	        ->  Bitmap Heap Scan on sbtest3  (cost=30.88..3943.75 rows=1019 width=121)
	              Recheck Cond: ((id >= 8334403) AND (id <= 8335402))
	              ->  Bitmap Index Scan on sbtest3_pkey  (cost=0.00..30.62 rows=1019 width=0)
	                    Index Cond: ((id >= 8334403) AND (id <= 8335402))

table 4 : explain SELECT DISTINCT c FROM sbtest4 WHERE id BETWEEN 4141889 AND 4142888 ORDER BY c
	Unique  (cost=3770.26..3775.06 rows=960 width=121)
	  ->  Sort  (cost=3770.26..3772.66 rows=960 width=121)
	        Sort Key: c
	        ->  Bitmap Heap Scan on sbtest4  (cost=30.27..3722.70 rows=960 width=121)
	              Recheck Cond: ((id >= 4141889) AND (id <= 4142888))
	              ->  Bitmap Index Scan on sbtest4_pkey  (cost=0.00..30.04 rows=960 width=0)
	                    Index Cond: ((id >= 4141889) AND (id <= 4142888))

table 5 : explain SELECT DISTINCT c FROM sbtest5 WHERE id BETWEEN 2012723 AND 2013722 ORDER BY c
	Unique  (cost=4061.68..4066.86 rows=1036 width=121)
	  ->  Sort  (cost=4061.68..4064.27 rows=1036 width=121)
	        Sort Key: c
	        ->  Bitmap Heap Scan on sbtest5  (cost=31.05..4009.79 rows=1036 width=121)
	              Recheck Cond: ((id >= 2012723) AND (id <= 2013722))
	              ->  Bitmap Index Scan on sbtest5_pkey  (cost=0.00..30.79 rows=1036 width=0)
	                    Index Cond: ((id >= 2012723) AND (id <= 2013722))

table 6 : explain SELECT DISTINCT c FROM sbtest6 WHERE id BETWEEN 7970024 AND 7971023 ORDER BY c
	Unique  (cost=4057.30..4062.48 rows=1035 width=121)
	  ->  Sort  (cost=4057.30..4059.89 rows=1035 width=121)
	        Sort Key: c
	        ->  Bitmap Heap Scan on sbtest6  (cost=31.04..4005.47 rows=1035 width=121)
	              Recheck Cond: ((id >= 7970024) AND (id <= 7971023))
	              ->  Bitmap Index Scan on sbtest6_pkey  (cost=0.00..30.79 rows=1035 width=0)
	                    Index Cond: ((id >= 7970024) AND (id <= 7971023))

table 7 : explain SELECT DISTINCT c FROM sbtest7 WHERE id BETWEEN 4778942 AND 4779941 ORDER BY c
	Unique  (cost=3909.96..3914.94 rows=997 width=121)
	  ->  Sort  (cost=3909.96..3912.45 rows=997 width=121)
	        Sort Key: c
	        ->  Bitmap Heap Scan on sbtest7  (cost=30.65..3860.30 rows=997 width=121)
	              Recheck Cond: ((id >= 4778942) AND (id <= 4779941))
	              ->  Bitmap Index Scan on sbtest7_pkey  (cost=0.00..30.40 rows=997 width=0)
	                    Index Cond: ((id >= 4778942) AND (id <= 4779941))

table 8 : explain SELECT DISTINCT c FROM sbtest8 WHERE id BETWEEN 3430641 AND 3431640 ORDER BY c
	Unique  (cost=3908.54..3913.52 rows=996 width=121)
	  ->  Sort  (cost=3908.54..3911.03 rows=996 width=121)
	        Sort Key: c
	        ->  Bitmap Heap Scan on sbtest8  (cost=30.64..3858.94 rows=996 width=121)
	              Recheck Cond: ((id >= 3430641) AND (id <= 3431640))
	              ->  Bitmap Index Scan on sbtest8_pkey  (cost=0.00..30.39 rows=996 width=0)
	                    Index Cond: ((id >= 3430641) AND (id <= 3431640))

for: distinct_ranges
table 1 : explain SELECT DISTINCT c FROM sbtest1 WHERE id BETWEEN 9146525 AND 9147524 ORDER BY c
	Unique  (cost=4212.43..4217.80 rows=1074 width=121)
	  ->  Sort  (cost=4212.43..4215.11 rows=1074 width=121)
	        Sort Key: c
	        ->  Bitmap Heap Scan on sbtest1  (cost=35.44..4158.36 rows=1074 width=121)
	              Recheck Cond: ((id >= 9146525) AND (id <= 9147524))
	              ->  Bitmap Index Scan on sbtest1_pkey  (cost=0.00..35.18 rows=1074 width=0)
	                    Index Cond: ((id >= 9146525) AND (id <= 9147524))

table 2 : explain SELECT DISTINCT c FROM sbtest2 WHERE id BETWEEN 5591363 AND 5592362 ORDER BY c
	Unique  (cost=3958.08..3963.13 rows=1009 width=121)
	  ->  Sort  (cost=3958.08..3960.60 rows=1009 width=121)
	        Sort Key: c
	        ->  Bitmap Heap Scan on sbtest2  (cost=30.78..3907.74 rows=1009 width=121)
	              Recheck Cond: ((id >= 5591363) AND (id <= 5592362))
	              ->  Bitmap Index Scan on sbtest2_pkey  (cost=0.00..30.52 rows=1009 width=0)
	                    Index Cond: ((id >= 5591363) AND (id <= 5592362))

table 3 : explain SELECT DISTINCT c FROM sbtest3 WHERE id BETWEEN 1582232 AND 1583231 ORDER BY c
	Unique  (cost=3948.75..3953.79 rows=1007 width=121)
	  ->  Sort  (cost=3948.75..3951.27 rows=1007 width=121)
	        Sort Key: c
	        ->  Bitmap Heap Scan on sbtest3  (cost=30.76..3898.52 rows=1007 width=121)
	              Recheck Cond: ((id >= 1582232) AND (id <= 1583231))
	              ->  Bitmap Index Scan on sbtest3_pkey  (cost=0.00..30.50 rows=1007 width=0)
	                    Index Cond: ((id >= 1582232) AND (id <= 1583231))

table 4 : explain SELECT DISTINCT c FROM sbtest4 WHERE id BETWEEN 949700 AND 950699 ORDER BY c
	Unique  (cost=3785.60..3790.42 rows=964 width=121)
	  ->  Sort  (cost=3785.60..3788.01 rows=964 width=121)
	        Sort Key: c
	        ->  Bitmap Heap Scan on sbtest4  (cost=30.32..3737.82 rows=964 width=121)
	              Recheck Cond: ((id >= 949700) AND (id <= 950699))
	              ->  Bitmap Index Scan on sbtest4_pkey  (cost=0.00..30.07 rows=964 width=0)
	                    Index Cond: ((id >= 949700) AND (id <= 950699))

table 5 : explain SELECT DISTINCT c FROM sbtest5 WHERE id BETWEEN 3984778 AND 3985777 ORDER BY c
	Unique  (cost=4264.49..4269.93 rows=1088 width=121)
	  ->  Sort  (cost=4264.49..4267.21 rows=1088 width=121)
	        Sort Key: c
	        ->  Bitmap Heap Scan on sbtest5  (cost=35.59..4209.62 rows=1088 width=121)
	              Recheck Cond: ((id >= 3984778) AND (id <= 3985777))
	              ->  Bitmap Index Scan on sbtest5_pkey  (cost=0.00..35.32 rows=1088 width=0)
	                    Index Cond: ((id >= 3984778) AND (id <= 3985777))

table 6 : explain SELECT DISTINCT c FROM sbtest6 WHERE id BETWEEN 6392665 AND 6393664 ORDER BY c
	Unique  (cost=4386.07..4391.67 rows=1120 width=121)
	  ->  Sort  (cost=4386.07..4388.87 rows=1120 width=121)
	        Sort Key: c
	        ->  Bitmap Heap Scan on sbtest6  (cost=35.92..4329.34 rows=1120 width=121)
	              Recheck Cond: ((id >= 6392665) AND (id <= 6393664))
	              ->  Bitmap Index Scan on sbtest6_pkey  (cost=0.00..35.64 rows=1120 width=0)
	                    Index Cond: ((id >= 6392665) AND (id <= 6393664))

table 7 : explain SELECT DISTINCT c FROM sbtest7 WHERE id BETWEEN 7762276 AND 7763275 ORDER BY c
	Unique  (cost=4246.48..4251.90 rows=1084 width=121)
	  ->  Sort  (cost=4246.48..4249.19 rows=1084 width=121)
	        Sort Key: c
	        ->  Bitmap Heap Scan on sbtest7  (cost=35.55..4191.83 rows=1084 width=121)
	              Recheck Cond: ((id >= 7762276) AND (id <= 7763275))
	              ->  Bitmap Index Scan on sbtest7_pkey  (cost=0.00..35.28 rows=1084 width=0)
	                    Index Cond: ((id >= 7762276) AND (id <= 7763275))

table 8 : explain SELECT DISTINCT c FROM sbtest8 WHERE id BETWEEN 213475 AND 214474 ORDER BY c
	Unique  (cost=4436.38..4442.05 rows=1134 width=121)
	  ->  Sort  (cost=4436.38..4439.21 rows=1134 width=121)
	        Sort Key: c
	        ->  Bitmap Heap Scan on sbtest8  (cost=36.06..4378.84 rows=1134 width=121)
	              Recheck Cond: ((id >= 213475) AND (id <= 214474))
	              ->  Bitmap Index Scan on sbtest8_pkey  (cost=0.00..35.78 rows=1134 width=0)
	                    Index Cond: ((id >= 213475) AND (id <= 214474))

for: distinct_ranges
table 1 : explain SELECT DISTINCT c FROM sbtest1 WHERE id BETWEEN 6509994 AND 6510993 ORDER BY c
	Unique  (cost=3764.07..3768.86 rows=958 width=121)
	  ->  Sort  (cost=3764.07..3766.47 rows=958 width=121)
	        Sort Key: c
	        ->  Bitmap Heap Scan on sbtest1  (cost=30.25..3716.63 rows=958 width=121)
	              Recheck Cond: ((id >= 6509994) AND (id <= 6510993))
	              ->  Bitmap Index Scan on sbtest1_pkey  (cost=0.00..30.01 rows=958 width=0)
	                    Index Cond: ((id >= 6509994) AND (id <= 6510993))

table 2 : explain SELECT DISTINCT c FROM sbtest2 WHERE id BETWEEN 3272678 AND 3273677 ORDER BY c
	Unique  (cost=3885.31..3890.26 rows=990 width=121)
	  ->  Sort  (cost=3885.31..3887.78 rows=990 width=121)
	        Sort Key: c
	        ->  Bitmap Heap Scan on sbtest2  (cost=30.58..3836.05 rows=990 width=121)
	              Recheck Cond: ((id >= 3272678) AND (id <= 3273677))
	              ->  Bitmap Index Scan on sbtest2_pkey  (cost=0.00..30.33 rows=990 width=0)
	                    Index Cond: ((id >= 3272678) AND (id <= 3273677))

table 3 : explain SELECT DISTINCT c FROM sbtest3 WHERE id BETWEEN 9338248 AND 9339247 ORDER BY c
	Unique  (cost=3665.23..3669.90 rows=933 width=121)
	  ->  Sort  (cost=3665.23..3667.57 rows=933 width=121)
	        Sort Key: c
	        ->  Bitmap Heap Scan on sbtest3  (cost=30.00..3619.21 rows=933 width=121)
	              Recheck Cond: ((id >= 9338248) AND (id <= 9339247))
	              ->  Bitmap Index Scan on sbtest3_pkey  (cost=0.00..29.76 rows=933 width=0)
	                    Index Cond: ((id >= 9338248) AND (id <= 9339247))

table 4 : explain SELECT DISTINCT c FROM sbtest4 WHERE id BETWEEN 1578363 AND 1579362 ORDER BY c
	Unique  (cost=3988.65..3993.74 rows=1017 width=121)
	  ->  Sort  (cost=3988.65..3991.19 rows=1017 width=121)
	        Sort Key: c
	        ->  Bitmap Heap Scan on sbtest4  (cost=30.86..3937.85 rows=1017 width=121)
	              Recheck Cond: ((id >= 1578363) AND (id <= 1579362))
	              ->  Bitmap Index Scan on sbtest4_pkey  (cost=0.00..30.61 rows=1017 width=0)
	                    Index Cond: ((id >= 1578363) AND (id <= 1579362))

table 5 : explain SELECT DISTINCT c FROM sbtest5 WHERE id BETWEEN 2232519 AND 2233518 ORDER BY c
	Unique  (cost=3916.19..3921.18 rows=998 width=121)
	  ->  Sort  (cost=3916.19..3918.69 rows=998 width=121)
	        Sort Key: c
	        ->  Bitmap Heap Scan on sbtest5  (cost=30.66..3866.48 rows=998 width=121)
	              Recheck Cond: ((id >= 2232519) AND (id <= 2233518))
	              ->  Bitmap Index Scan on sbtest5_pkey  (cost=0.00..30.41 rows=998 width=0)
	                    Index Cond: ((id >= 2232519) AND (id <= 2233518))

table 6 : explain SELECT DISTINCT c FROM sbtest6 WHERE id BETWEEN 4741683 AND 4742682 ORDER BY c
	Unique  (cost=3608.89..3613.48 rows=918 width=121)
	  ->  Sort  (cost=3608.89..3611.18 rows=918 width=121)
	        Sort Key: c
	        ->  Bitmap Heap Scan on sbtest6  (cost=29.84..3563.71 rows=918 width=121)
	              Recheck Cond: ((id >= 4741683) AND (id <= 4742682))
	              ->  Bitmap Index Scan on sbtest6_pkey  (cost=0.00..29.61 rows=918 width=0)
	                    Index Cond: ((id >= 4741683) AND (id <= 4742682))

table 7 : explain SELECT DISTINCT c FROM sbtest7 WHERE id BETWEEN 8661856 AND 8662855 ORDER BY c
	Unique  (cost=4131.92..4137.19 rows=1054 width=121)
	  ->  Sort  (cost=4131.92..4134.55 rows=1054 width=121)
	        Sort Key: c
	        ->  Bitmap Heap Scan on sbtest7  (cost=35.24..4079.00 rows=1054 width=121)
	              Recheck Cond: ((id >= 8661856) AND (id <= 8662855))
	              ->  Bitmap Index Scan on sbtest7_pkey  (cost=0.00..34.98 rows=1054 width=0)
	                    Index Cond: ((id >= 8661856) AND (id <= 8662855))

table 8 : explain SELECT DISTINCT c FROM sbtest8 WHERE id BETWEEN 3510479 AND 3511478 ORDER BY c
	Unique  (cost=3593.99..3598.56 rows=914 width=121)
	  ->  Sort  (cost=3593.99..3596.27 rows=914 width=121)
	        Sort Key: c
	        ->  Bitmap Heap Scan on sbtest8  (cost=29.80..3549.04 rows=914 width=121)
	              Recheck Cond: ((id >= 3510479) AND (id <= 3511478))
	              ->  Bitmap Index Scan on sbtest8_pkey  (cost=0.00..29.57 rows=914 width=0)
	                    Index Cond: ((id >= 3510479) AND (id <= 3511478))

for: sum_ranges
table 1 : explain SELECT SUM(k) FROM sbtest1 WHERE id BETWEEN 8935667 AND 8936666
	Aggregate  (cost=3635.76..3635.77 rows=1 width=8)
	  ->  Bitmap Heap Scan on sbtest1  (cost=30.03..3633.42 rows=936 width=4)
	        Recheck Cond: ((id >= 8935667) AND (id <= 8936666))
	        ->  Bitmap Index Scan on sbtest1_pkey  (cost=0.00..29.79 rows=936 width=0)
	              Index Cond: ((id >= 8935667) AND (id <= 8936666))

table 2 : explain SELECT SUM(k) FROM sbtest2 WHERE id BETWEEN 2032145 AND 2033144
	Aggregate  (cost=3641.95..3641.96 rows=1 width=8)
	  ->  Bitmap Heap Scan on sbtest2  (cost=30.05..3639.61 rows=938 width=4)
	        Recheck Cond: ((id >= 2032145) AND (id <= 2033144))
	        ->  Bitmap Index Scan on sbtest2_pkey  (cost=0.00..29.82 rows=938 width=0)
	              Index Cond: ((id >= 2032145) AND (id <= 2033144))

table 3 : explain SELECT SUM(k) FROM sbtest3 WHERE id BETWEEN 3003 AND 4002
	Aggregate  (cost=4364.36..4364.37 rows=1 width=8)
	  ->  Bitmap Heap Scan on sbtest3  (cost=36.02..4361.54 rows=1130 width=4)
	        Recheck Cond: ((id >= 3003) AND (id <= 4002))
	        ->  Bitmap Index Scan on sbtest3_pkey  (cost=0.00..35.73 rows=1130 width=0)
	              Index Cond: ((id >= 3003) AND (id <= 4002))

table 4 : explain SELECT SUM(k) FROM sbtest4 WHERE id BETWEEN 6937416 AND 6938415
	Aggregate  (cost=3895.10..3895.11 rows=1 width=8)
	  ->  Bitmap Heap Scan on sbtest4  (cost=30.74..3892.59 rows=1005 width=4)
	        Recheck Cond: ((id >= 6937416) AND (id <= 6938415))
	        ->  Bitmap Index Scan on sbtest4_pkey  (cost=0.00..30.48 rows=1005 width=0)
	              Index Cond: ((id >= 6937416) AND (id <= 6938415))

table 5 : explain SELECT SUM(k) FROM sbtest5 WHERE id BETWEEN 1583490 AND 1584489
	Aggregate  (cost=3800.98..3800.99 rows=1 width=8)
	  ->  Bitmap Heap Scan on sbtest5  (cost=30.48..3798.53 rows=980 width=4)
	        Recheck Cond: ((id >= 1583490) AND (id <= 1584489))
	        ->  Bitmap Index Scan on sbtest5_pkey  (cost=0.00..30.23 rows=980 width=0)
	              Index Cond: ((id >= 1583490) AND (id <= 1584489))

table 6 : explain SELECT SUM(k) FROM sbtest6 WHERE id BETWEEN 3551951 AND 3552950
	Aggregate  (cost=3743.80..3743.81 rows=1 width=8)
	  ->  Bitmap Heap Scan on sbtest6  (cost=30.33..3741.38 rows=965 width=4)
	        Recheck Cond: ((id >= 3551951) AND (id <= 3552950))
	        ->  Bitmap Index Scan on sbtest6_pkey  (cost=0.00..30.08 rows=965 width=0)
	              Index Cond: ((id >= 3551951) AND (id <= 3552950))

table 7 : explain SELECT SUM(k) FROM sbtest7 WHERE id BETWEEN 1838215 AND 1839214
	Aggregate  (cost=3889.20..3889.21 rows=1 width=8)
	  ->  Bitmap Heap Scan on sbtest7  (cost=30.73..3886.69 rows=1004 width=4)
	        Recheck Cond: ((id >= 1838215) AND (id <= 1839214))
	        ->  Bitmap Index Scan on sbtest7_pkey  (cost=0.00..30.47 rows=1004 width=0)
	              Index Cond: ((id >= 1838215) AND (id <= 1839214))

table 8 : explain SELECT SUM(k) FROM sbtest8 WHERE id BETWEEN 7009076 AND 7010075
	Aggregate  (cost=3774.53..3774.54 rows=1 width=8)
	  ->  Bitmap Heap Scan on sbtest8  (cost=30.41..3772.10 rows=973 width=4)
	        Recheck Cond: ((id >= 7009076) AND (id <= 7010075))
	        ->  Bitmap Index Scan on sbtest8_pkey  (cost=0.00..30.16 rows=973 width=0)
	              Index Cond: ((id >= 7009076) AND (id <= 7010075))

for: distinct_ranges
table 1 : explain SELECT DISTINCT c FROM sbtest1 WHERE id BETWEEN 1851744 AND 1852743 ORDER BY c
	Unique  (cost=4032.40..4037.54 rows=1028 width=121)
	  ->  Sort  (cost=4032.40..4034.97 rows=1028 width=121)
	        Sort Key: c
	        ->  Bitmap Heap Scan on sbtest1  (cost=30.97..3980.98 rows=1028 width=121)
	              Recheck Cond: ((id >= 1851744) AND (id <= 1852743))
	              ->  Bitmap Index Scan on sbtest1_pkey  (cost=0.00..30.71 rows=1028 width=0)
	                    Index Cond: ((id >= 1851744) AND (id <= 1852743))

table 2 : explain SELECT DISTINCT c FROM sbtest2 WHERE id BETWEEN 2894693 AND 2895692 ORDER BY c
	Unique  (cost=3866.15..3871.07 rows=985 width=121)
	  ->  Sort  (cost=3866.15..3868.61 rows=985 width=121)
	        Sort Key: c
	        ->  Bitmap Heap Scan on sbtest2  (cost=30.53..3817.17 rows=985 width=121)
	              Recheck Cond: ((id >= 2894693) AND (id <= 2895692))
	              ->  Bitmap Index Scan on sbtest2_pkey  (cost=0.00..30.29 rows=985 width=0)
	                    Index Cond: ((id >= 2894693) AND (id <= 2895692))

table 3 : explain SELECT DISTINCT c FROM sbtest3 WHERE id BETWEEN 5445447 AND 5446446 ORDER BY c
	Unique  (cost=3722.76..3727.50 rows=948 width=121)
	  ->  Sort  (cost=3722.76..3725.13 rows=948 width=121)
	        Sort Key: c
	        ->  Bitmap Heap Scan on sbtest3  (cost=30.15..3675.88 rows=948 width=121)
	              Recheck Cond: ((id >= 5445447) AND (id <= 5446446))
	              ->  Bitmap Index Scan on sbtest3_pkey  (cost=0.00..29.91 rows=948 width=0)
	                    Index Cond: ((id >= 5445447) AND (id <= 5446446))

table 4 : explain SELECT DISTINCT c FROM sbtest4 WHERE id BETWEEN 5554188 AND 5555187 ORDER BY c
	Unique  (cost=3789.43..3794.25 rows=965 width=121)
	  ->  Sort  (cost=3789.43..3791.84 rows=965 width=121)
	        Sort Key: c
	        ->  Bitmap Heap Scan on sbtest4  (cost=30.33..3741.59 rows=965 width=121)
	              Recheck Cond: ((id >= 5554188) AND (id <= 5555187))
	              ->  Bitmap Index Scan on sbtest4_pkey  (cost=0.00..30.08 rows=965 width=0)
	                    Index Cond: ((id >= 5554188) AND (id <= 5555187))

table 5 : explain SELECT DISTINCT c FROM sbtest5 WHERE id BETWEEN 1209867 AND 1210866 ORDER BY c
	Unique  (cost=3935.35..3940.36 rows=1003 width=121)
	  ->  Sort  (cost=3935.35..3937.85 rows=1003 width=121)
	        Sort Key: c
	        ->  Bitmap Heap Scan on sbtest5  (cost=30.72..3885.35 rows=1003 width=121)
	              Recheck Cond: ((id >= 1209867) AND (id <= 1210866))
	              ->  Bitmap Index Scan on sbtest5_pkey  (cost=0.00..30.46 rows=1003 width=0)
	                    Index Cond: ((id >= 1209867) AND (id <= 1210866))

table 6 : explain SELECT DISTINCT c FROM sbtest6 WHERE id BETWEEN 1884022 AND 1885021 ORDER BY c
	Unique  (cost=3677.98..3682.66 rows=936 width=121)
	  ->  Sort  (cost=3677.98..3680.32 rows=936 width=121)
	        Sort Key: c
	        ->  Bitmap Heap Scan on sbtest6  (cost=30.03..3631.79 rows=936 width=121)
	              Recheck Cond: ((id >= 1884022) AND (id <= 1885021))
	              ->  Bitmap Index Scan on sbtest6_pkey  (cost=0.00..29.79 rows=936 width=0)
	                    Index Cond: ((id >= 1884022) AND (id <= 1885021))

table 7 : explain SELECT DISTINCT c FROM sbtest7 WHERE id BETWEEN 7470591 AND 7471590 ORDER BY c
	Unique  (cost=3737.60..3742.36 rows=952 width=121)
	  ->  Sort  (cost=3737.60..3739.98 rows=952 width=121)
	        Sort Key: c
	        ->  Bitmap Heap Scan on sbtest7  (cost=30.19..3690.51 rows=952 width=121)
	              Recheck Cond: ((id >= 7470591) AND (id <= 7471590))
	              ->  Bitmap Index Scan on sbtest7_pkey  (cost=0.00..29.95 rows=952 width=0)
	                    Index Cond: ((id >= 7470591) AND (id <= 7471590))

table 8 : explain SELECT DISTINCT c FROM sbtest8 WHERE id BETWEEN 7067623 AND 7068622 ORDER BY c
	Unique  (cost=3820.39..3825.26 rows=973 width=121)
	  ->  Sort  (cost=3820.39..3822.82 rows=973 width=121)
	        Sort Key: c
	        ->  Bitmap Heap Scan on sbtest8  (cost=30.41..3772.10 rows=973 width=121)
	              Recheck Cond: ((id >= 7067623) AND (id <= 7068622))
	              ->  Bitmap Index Scan on sbtest8_pkey  (cost=0.00..30.16 rows=973 width=0)
	                    Index Cond: ((id >= 7067623) AND (id <= 7068622))

for: order_ranges
table 1 : explain SELECT c FROM sbtest1 WHERE id BETWEEN 1689524 AND 1690523 ORDER BY c
	Sort  (cost=3986.45..3988.99 rows=1016 width=121)
	  Sort Key: c
	  ->  Bitmap Heap Scan on sbtest1  (cost=30.85..3935.70 rows=1016 width=121)
	        Recheck Cond: ((id >= 1689524) AND (id <= 1690523))
	        ->  Bitmap Index Scan on sbtest1_pkey  (cost=0.00..30.59 rows=1016 width=0)
	              Index Cond: ((id >= 1689524) AND (id <= 1690523))

table 2 : explain SELECT c FROM sbtest2 WHERE id BETWEEN 1521350 AND 1522349 ORDER BY c
	Sort  (cost=3563.04..3565.31 rows=906 width=121)
	  Sort Key: c
	  ->  Bitmap Heap Scan on sbtest2  (cost=29.72..3518.54 rows=906 width=121)
	        Recheck Cond: ((id >= 1521350) AND (id <= 1522349))
	        ->  Bitmap Index Scan on sbtest2_pkey  (cost=0.00..29.50 rows=906 width=0)
	              Index Cond: ((id >= 1521350) AND (id <= 1522349))

table 3 : explain SELECT c FROM sbtest3 WHERE id BETWEEN 8223620 AND 8224619 ORDER BY c
	Sort  (cost=3830.06..3832.50 rows=976 width=121)
	  Sort Key: c
	  ->  Bitmap Heap Scan on sbtest3  (cost=30.44..3781.60 rows=976 width=121)
	        Recheck Cond: ((id >= 8223620) AND (id <= 8224619))
	        ->  Bitmap Index Scan on sbtest3_pkey  (cost=0.00..30.19 rows=976 width=0)
	              Index Cond: ((id >= 8223620) AND (id <= 8224619))

table 4 : explain SELECT c FROM sbtest4 WHERE id BETWEEN 4736602 AND 4737601 ORDER BY c
	Sort  (cost=3635.96..3638.27 rows=925 width=121)
	  Sort Key: c
	  ->  Bitmap Heap Scan on sbtest4  (cost=29.92..3590.39 rows=925 width=121)
	        Recheck Cond: ((id >= 4736602) AND (id <= 4737601))
	        ->  Bitmap Index Scan on sbtest4_pkey  (cost=0.00..29.68 rows=925 width=0)
	              Index Cond: ((id >= 4736602) AND (id <= 4737601))

table 5 : explain SELECT c FROM sbtest5 WHERE id BETWEEN 6364454 AND 6365453 ORDER BY c
	Sort  (cost=3985.13..3987.67 rows=1016 width=121)
	  Sort Key: c
	  ->  Bitmap Heap Scan on sbtest5  (cost=30.85..3934.39 rows=1016 width=121)
	        Recheck Cond: ((id >= 6364454) AND (id <= 6365453))
	        ->  Bitmap Index Scan on sbtest5_pkey  (cost=0.00..30.59 rows=1016 width=0)
	              Index Cond: ((id >= 6364454) AND (id <= 6365453))

table 6 : explain SELECT c FROM sbtest6 WHERE id BETWEEN 1568944 AND 1569943 ORDER BY c
	Sort  (cost=3896.52..3899.01 rows=993 width=121)
	  Sort Key: c
	  ->  Bitmap Heap Scan on sbtest6  (cost=30.61..3847.09 rows=993 width=121)
	        Recheck Cond: ((id >= 1568944) AND (id <= 1569943))
	        ->  Bitmap Index Scan on sbtest6_pkey  (cost=0.00..30.36 rows=993 width=0)
	              Index Cond: ((id >= 1568944) AND (id <= 1569943))

table 7 : explain SELECT c FROM sbtest7 WHERE id BETWEEN 7153730 AND 7154729 ORDER BY c
	Sort  (cost=4196.85..4199.52 rows=1071 width=121)
	  Sort Key: c
	  ->  Bitmap Heap Scan on sbtest7  (cost=35.41..4142.95 rows=1071 width=121)
	        Recheck Cond: ((id >= 7153730) AND (id <= 7154729))
	        ->  Bitmap Index Scan on sbtest7_pkey  (cost=0.00..35.15 rows=1071 width=0)
	              Index Cond: ((id >= 7153730) AND (id <= 7154729))

table 8 : explain SELECT c FROM sbtest8 WHERE id BETWEEN 1397798 AND 1398797 ORDER BY c
	Sort  (cost=3785.88..3788.29 rows=964 width=121)
	  Sort Key: c
	  ->  Bitmap Heap Scan on sbtest8  (cost=30.32..3738.10 rows=964 width=121)
	        Recheck Cond: ((id >= 1397798) AND (id <= 1398797))
	        ->  Bitmap Index Scan on sbtest8_pkey  (cost=0.00..30.07 rows=964 width=0)
	              Index Cond: ((id >= 1397798) AND (id <= 1398797))

for: distinct_ranges
table 1 : explain SELECT DISTINCT c FROM sbtest1 WHERE id BETWEEN 2864636 AND 2865635 ORDER BY c
	Unique  (cost=3940.47..3945.49 rows=1004 width=121)
	  ->  Sort  (cost=3940.47..3942.98 rows=1004 width=121)
	        Sort Key: c
	        ->  Bitmap Heap Scan on sbtest1  (cost=30.73..3890.41 rows=1004 width=121)
	              Recheck Cond: ((id >= 2864636) AND (id <= 2865635))
	              ->  Bitmap Index Scan on sbtest1_pkey  (cost=0.00..30.47 rows=1004 width=0)
	                    Index Cond: ((id >= 2864636) AND (id <= 2865635))

table 2 : explain SELECT DISTINCT c FROM sbtest2 WHERE id BETWEEN 6129493 AND 6130492 ORDER BY c
	Unique  (cost=4149.57..4154.86 rows=1058 width=121)
	  ->  Sort  (cost=4149.57..4152.21 rows=1058 width=121)
	        Sort Key: c
	        ->  Bitmap Heap Scan on sbtest2  (cost=35.28..4096.42 rows=1058 width=121)
	              Recheck Cond: ((id >= 6129493) AND (id <= 6130492))
	              ->  Bitmap Index Scan on sbtest2_pkey  (cost=0.00..35.02 rows=1058 width=0)
	                    Index Cond: ((id >= 6129493) AND (id <= 6130492))

table 3 : explain SELECT DISTINCT c FROM sbtest3 WHERE id BETWEEN 601455 AND 602454 ORDER BY c
	Unique  (cost=3722.76..3727.50 rows=948 width=121)
	  ->  Sort  (cost=3722.76..3725.13 rows=948 width=121)
	        Sort Key: c
	        ->  Bitmap Heap Scan on sbtest3  (cost=30.15..3675.88 rows=948 width=121)
	              Recheck Cond: ((id >= 601455) AND (id <= 602454))
	              ->  Bitmap Index Scan on sbtest3_pkey  (cost=0.00..29.91 rows=948 width=0)
	                    Index Cond: ((id >= 601455) AND (id <= 602454))

table 4 : explain SELECT DISTINCT c FROM sbtest4 WHERE id BETWEEN 2958506 AND 2959505 ORDER BY c
	Unique  (cost=3839.27..3844.16 rows=978 width=121)
	  ->  Sort  (cost=3839.27..3841.71 rows=978 width=121)
	        Sort Key: c
	        ->  Bitmap Heap Scan on sbtest4  (cost=30.46..3790.69 rows=978 width=121)
	              Recheck Cond: ((id >= 2958506) AND (id <= 2959505))
	              ->  Bitmap Index Scan on sbtest4_pkey  (cost=0.00..30.21 rows=978 width=0)
	                    Index Cond: ((id >= 2958506) AND (id <= 2959505))

table 5 : explain SELECT DISTINCT c FROM sbtest5 WHERE id BETWEEN 524862 AND 525861 ORDER BY c
	Unique  (cost=3582.46..3587.01 rows=911 width=121)
	  ->  Sort  (cost=3582.46..3584.74 rows=911 width=121)
	        Sort Key: c
	        ->  Bitmap Heap Scan on sbtest5  (cost=29.77..3537.68 rows=911 width=121)
	              Recheck Cond: ((id >= 524862) AND (id <= 525861))
	              ->  Bitmap Index Scan on sbtest5_pkey  (cost=0.00..29.54 rows=911 width=0)
	                    Index Cond: ((id >= 524862) AND (id <= 525861))

table 6 : explain SELECT DISTINCT c FROM sbtest6 WHERE id BETWEEN 8522496 AND 8523495 ORDER BY c
	Unique  (cost=4084.08..4089.29 rows=1042 width=121)
	  ->  Sort  (cost=4084.08..4086.69 rows=1042 width=121)
	        Sort Key: c
	        ->  Bitmap Heap Scan on sbtest6  (cost=31.12..4031.85 rows=1042 width=121)
	              Recheck Cond: ((id >= 8522496) AND (id <= 8523495))
	              ->  Bitmap Index Scan on sbtest6_pkey  (cost=0.00..30.86 rows=1042 width=0)
	                    Index Cond: ((id >= 8522496) AND (id <= 8523495))

table 7 : explain SELECT DISTINCT c FROM sbtest7 WHERE id BETWEEN 7834602 AND 7835601 ORDER BY c
	Unique  (cost=4330.42..4335.95 rows=1106 width=121)
	  ->  Sort  (cost=4330.42..4333.19 rows=1106 width=121)
	        Sort Key: c
	        ->  Bitmap Heap Scan on sbtest7  (cost=35.77..4274.51 rows=1106 width=121)
	              Recheck Cond: ((id >= 7834602) AND (id <= 7835601))
	              ->  Bitmap Index Scan on sbtest7_pkey  (cost=0.00..35.50 rows=1106 width=0)
	                    Index Cond: ((id >= 7834602) AND (id <= 7835601))

table 8 : explain SELECT DISTINCT c FROM sbtest8 WHERE id BETWEEN 5539013 AND 5540012 ORDER BY c
	Unique  (cost=3897.04..3902.01 rows=993 width=121)
	  ->  Sort  (cost=3897.04..3899.53 rows=993 width=121)
	        Sort Key: c
	        ->  Bitmap Heap Scan on sbtest8  (cost=30.61..3847.61 rows=993 width=121)
	              Recheck Cond: ((id >= 5539013) AND (id <= 5540012))
	              ->  Bitmap Index Scan on sbtest8_pkey  (cost=0.00..30.36 rows=993 width=0)
	                    Index Cond: ((id >= 5539013) AND (id <= 5540012))

Threads started!

Warming up for 5 seconds...

SQL statistics:
    queries performed:
        read:                            159121519
        write:                           0
        other:                           28931209
        total:                           188052728
    transactions:                        14465624 (22961.04 per sec.)
    queries:                             188052728 (298492.97 per sec.)
    ignored errors:                      0      (0.00 per sec.)
    reconnects:                          0      (0.00 per sec.)

Throughput:
    events/s (eps):                      22961.0447
    time elapsed:                        630.0073s
    total number of events:              14465624

Latency (ms):
         min:                                    0.49
         avg:                                    1.74
         max:                                   25.96
         95th percentile:                        1.86
         sum:                             25187082.74

Threads fairness:
    events (avg/stddev):           361640.2750/1116.69
    execution time (avg/stddev):   629.6771/0.01

