LUA_PATH=/home/mdcallag/git/mytools/bench/sysbench.lua/lua/?.lua /home/mdcallag/git/mytools/bench/sysbench.lua/lua/sysbench --db-driver=pgsql --range-size=10 --table-size=10000000 --tables=8 --threads=40 --events=0 --warmup-time=5 --time=630 --pgsql_conn_id=true /home/mdcallag/git/mytools/bench/sysbench.lua/lua/oltp_inlist_select.lua run --pgsql-user=root --pgsql-password=pw --pgsql-host=127.0.0.1 --pgsql-db=ib --rand-type=uniform --random-points=10 --skip-trx
48 CPUs
sysbench 1.1.0-9072687 (using bundled LuaJIT 2.1.0-beta3)

Running the test with following options:
Number of threads: 40
Warmup time: 5s
Initializing random number generator from current time


Initializing worker threads...

explain: for select-inlist :: explain SELECT c FROM sbtest%d WHERE id IN ( 2916062, 4396069, 3410691, 268474, 7701128, 7337509, 3905747, 1902794, 467743, 829871)
for select-inlist
table 1 : explain SELECT c FROM sbtest1 WHERE id IN ( 2916062, 4396069, 3410691, 268474, 7701128, 7337509, 3905747, 1902794, 467743, 829871)
	Index Scan using sbtest1_pkey on sbtest1  (cost=0.43..83.76 rows=10 width=121)
	  Index Cond: (id = ANY ('{2916062,4396069,3410691,268474,7701128,7337509,3905747,1902794,467743,829871}'::integer[]))

table 2 : explain SELECT c FROM sbtest2 WHERE id IN ( 2916062, 4396069, 3410691, 268474, 7701128, 7337509, 3905747, 1902794, 467743, 829871)
	Index Scan using sbtest2_pkey on sbtest2  (cost=0.43..83.67 rows=10 width=121)
	  Index Cond: (id = ANY ('{2916062,4396069,3410691,268474,7701128,7337509,3905747,1902794,467743,829871}'::integer[]))

table 3 : explain SELECT c FROM sbtest3 WHERE id IN ( 2916062, 4396069, 3410691, 268474, 7701128, 7337509, 3905747, 1902794, 467743, 829871)
	Index Scan using sbtest3_pkey on sbtest3  (cost=0.43..83.76 rows=10 width=121)
	  Index Cond: (id = ANY ('{2916062,4396069,3410691,268474,7701128,7337509,3905747,1902794,467743,829871}'::integer[]))

table 4 : explain SELECT c FROM sbtest4 WHERE id IN ( 2916062, 4396069, 3410691, 268474, 7701128, 7337509, 3905747, 1902794, 467743, 829871)
	Index Scan using sbtest4_pkey on sbtest4  (cost=0.43..83.64 rows=10 width=121)
	  Index Cond: (id = ANY ('{2916062,4396069,3410691,268474,7701128,7337509,3905747,1902794,467743,829871}'::integer[]))

table 5 : explain SELECT c FROM sbtest5 WHERE id IN ( 2916062, 4396069, 3410691, 268474, 7701128, 7337509, 3905747, 1902794, 467743, 829871)
	Index Scan using sbtest5_pkey on sbtest5  (cost=0.43..83.68 rows=10 width=121)
	  Index Cond: (id = ANY ('{2916062,4396069,3410691,268474,7701128,7337509,3905747,1902794,467743,829871}'::integer[]))

table 6 : explain SELECT c FROM sbtest6 WHERE id IN ( 2916062, 4396069, 3410691, 268474, 7701128, 7337509, 3905747, 1902794, 467743, 829871)
	Index Scan using sbtest6_pkey on sbtest6  (cost=0.43..83.81 rows=10 width=121)
	  Index Cond: (id = ANY ('{2916062,4396069,3410691,268474,7701128,7337509,3905747,1902794,467743,829871}'::integer[]))

table 7 : explain SELECT c FROM sbtest7 WHERE id IN ( 2916062, 4396069, 3410691, 268474, 7701128, 7337509, 3905747, 1902794, 467743, 829871)
	Index Scan using sbtest7_pkey on sbtest7  (cost=0.43..83.64 rows=10 width=121)
	  Index Cond: (id = ANY ('{2916062,4396069,3410691,268474,7701128,7337509,3905747,1902794,467743,829871}'::integer[]))

table 8 : explain SELECT c FROM sbtest8 WHERE id IN ( 2916062, 4396069, 3410691, 268474, 7701128, 7337509, 3905747, 1902794, 467743, 829871)
	Index Scan using sbtest8_pkey on sbtest8  (cost=0.43..83.55 rows=10 width=121)
	  Index Cond: (id = ANY ('{2916062,4396069,3410691,268474,7701128,7337509,3905747,1902794,467743,829871}'::integer[]))

explain: for select-inlist :: explain SELECT c FROM sbtest%d WHERE id IN ( 4539871, 4424823, 1966360, 8794459, 2569606, 2486827, 8824294, 1057810, 3845014, 8909908)
explain: for select-inlist :: explain SELECT c FROM sbtest%d WHERE id IN ( 3312466, 2093639, 3496927, 1790524, 5605635, 5418426, 2976309, 7973597, 1015682, 9181740)
explain: for select-inlist :: explain SELECT c FROM sbtest%d WHERE id IN ( 2712148, 7798459, 742950, 8686123, 3565416, 2884670, 4867012, 3609361, 2342628, 9564088)
for select-inlist
table 1 : explain SELECT c FROM sbtest1 WHERE id IN ( 4539871, 4424823, 1966360, 8794459, 2569606, 2486827, 8824294, 1057810, 3845014, 8909908)
	Index Scan using sbtest1_pkey on sbtest1  (cost=0.43..83.76 rows=10 width=121)
	  Index Cond: (id = ANY ('{4539871,4424823,1966360,8794459,2569606,2486827,8824294,1057810,3845014,8909908}'::integer[]))

table 2 : explain SELECT c FROM sbtest2 WHERE id IN ( 4539871, 4424823, 1966360, 8794459, 2569606, 2486827, 8824294, 1057810, 3845014, 8909908)
	Index Scan using sbtest2_pkey on sbtest2  (cost=0.43..83.67 rows=10 width=121)
	  Index Cond: (id = ANY ('{4539871,4424823,1966360,8794459,2569606,2486827,8824294,1057810,3845014,8909908}'::integer[]))

table 3 : explain SELECT c FROM sbtest3 WHERE id IN ( 4539871, 4424823, 1966360, 8794459, 2569606, 2486827, 8824294, 1057810, 3845014, 8909908)
	Index Scan using sbtest3_pkey on sbtest3  (cost=0.43..83.76 rows=10 width=121)
	  Index Cond: (id = ANY ('{4539871,4424823,1966360,8794459,2569606,2486827,8824294,1057810,3845014,8909908}'::integer[]))

table 4 : explain SELECT c FROM sbtest4 WHERE id IN ( 4539871, 4424823, 1966360, 8794459, 2569606, 2486827, 8824294, 1057810, 3845014, 8909908)
	Index Scan using sbtest4_pkey on sbtest4  (cost=0.43..83.64 rows=10 width=121)
	  Index Cond: (id = ANY ('{4539871,4424823,1966360,8794459,2569606,2486827,8824294,1057810,3845014,8909908}'::integer[]))

table 5 : explain SELECT c FROM sbtest5 WHERE id IN ( 4539871, 4424823, 1966360, 8794459, 2569606, 2486827, 8824294, 1057810, 3845014, 8909908)
	Index Scan using sbtest5_pkey on sbtest5  (cost=0.43..83.68 rows=10 width=121)
	  Index Cond: (id = ANY ('{4539871,4424823,1966360,8794459,2569606,2486827,8824294,1057810,3845014,8909908}'::integer[]))

table 6 : explain SELECT c FROM sbtest6 WHERE id IN ( 4539871, 4424823, 1966360, 8794459, 2569606, 2486827, 8824294, 1057810, 3845014, 8909908)
	Index Scan using sbtest6_pkey on sbtest6  (cost=0.43..83.81 rows=10 width=121)
	  Index Cond: (id = ANY ('{4539871,4424823,1966360,8794459,2569606,2486827,8824294,1057810,3845014,8909908}'::integer[]))

table 7 : explain SELECT c FROM sbtest7 WHERE id IN ( 4539871, 4424823, 1966360, 8794459, 2569606, 2486827, 8824294, 1057810, 3845014, 8909908)
	Index Scan using sbtest7_pkey on sbtest7  (cost=0.43..83.64 rows=10 width=121)
	  Index Cond: (id = ANY ('{4539871,4424823,1966360,8794459,2569606,2486827,8824294,1057810,3845014,8909908}'::integer[]))

table 8 : explain SELECT c FROM sbtest8 WHERE id IN ( 4539871, 4424823, 1966360, 8794459, 2569606, 2486827, 8824294, 1057810, 3845014, 8909908)
	Index Scan using sbtest8_pkey on sbtest8  (cost=0.43..83.55 rows=10 width=121)
	  Index Cond: (id = ANY ('{4539871,4424823,1966360,8794459,2569606,2486827,8824294,1057810,3845014,8909908}'::integer[]))

for select-inlist
table 1 : explain SELECT c FROM sbtest1 WHERE id IN ( 2712148, 7798459, 742950, 8686123, 3565416, 2884670, 4867012, 3609361, 2342628, 9564088)
	Index Scan using sbtest1_pkey on sbtest1  (cost=0.43..83.76 rows=10 width=121)
	  Index Cond: (id = ANY ('{2712148,7798459,742950,8686123,3565416,2884670,4867012,3609361,2342628,9564088}'::integer[]))

table 2 : explain SELECT c FROM sbtest2 WHERE id IN ( 2712148, 7798459, 742950, 8686123, 3565416, 2884670, 4867012, 3609361, 2342628, 9564088)
	Index Scan using sbtest2_pkey on sbtest2  (cost=0.43..83.67 rows=10 width=121)
	  Index Cond: (id = ANY ('{2712148,7798459,742950,8686123,3565416,2884670,4867012,3609361,2342628,9564088}'::integer[]))

table 3 : explain SELECT c FROM sbtest3 WHERE id IN ( 2712148, 7798459, 742950, 8686123, 3565416, 2884670, 4867012, 3609361, 2342628, 9564088)
	Index Scan using sbtest3_pkey on sbtest3  (cost=0.43..83.76 rows=10 width=121)
	  Index Cond: (id = ANY ('{2712148,7798459,742950,8686123,3565416,2884670,4867012,3609361,2342628,9564088}'::integer[]))

table 4 : explain SELECT c FROM sbtest4 WHERE id IN ( 2712148, 7798459, 742950, 8686123, 3565416, 2884670, 4867012, 3609361, 2342628, 9564088)
	Index Scan using sbtest4_pkey on sbtest4  (cost=0.43..83.64 rows=10 width=121)
	  Index Cond: (id = ANY ('{2712148,7798459,742950,8686123,3565416,2884670,4867012,3609361,2342628,9564088}'::integer[]))

table 5 : explain SELECT c FROM sbtest5 WHERE id IN ( 2712148, 7798459, 742950, 8686123, 3565416, 2884670, 4867012, 3609361, 2342628, 9564088)
	Index Scan using sbtest5_pkey on sbtest5  (cost=0.43..83.68 rows=10 width=121)
	  Index Cond: (id = ANY ('{2712148,7798459,742950,8686123,3565416,2884670,4867012,3609361,2342628,9564088}'::integer[]))

table 6 : explain SELECT c FROM sbtest6 WHERE id IN ( 2712148, 7798459, 742950, 8686123, 3565416, 2884670, 4867012, 3609361, 2342628, 9564088)
	Index Scan using sbtest6_pkey on sbtest6  (cost=0.43..83.81 rows=10 width=121)
	  Index Cond: (id = ANY ('{2712148,7798459,742950,8686123,3565416,2884670,4867012,3609361,2342628,9564088}'::integer[]))

table 7 : explain SELECT c FROM sbtest7 WHERE id IN ( 2712148, 7798459, 742950, 8686123, 3565416, 2884670, 4867012, 3609361, 2342628, 9564088)
	Index Scan using sbtest7_pkey on sbtest7  (cost=0.43..83.64 rows=10 width=121)
	  Index Cond: (id = ANY ('{2712148,7798459,742950,8686123,3565416,2884670,4867012,3609361,2342628,9564088}'::integer[]))

table 8 : explain SELECT c FROM sbtest8 WHERE id IN ( 2712148, 7798459, 742950, 8686123, 3565416, 2884670, 4867012, 3609361, 2342628, 9564088)
	Index Scan using sbtest8_pkey on sbtest8  (cost=0.43..83.55 rows=10 width=121)
	  Index Cond: (id = ANY ('{2712148,7798459,742950,8686123,3565416,2884670,4867012,3609361,2342628,9564088}'::integer[]))

for select-inlist
table 1 : explain SELECT c FROM sbtest1 WHERE id IN ( 3312466, 2093639, 3496927, 1790524, 5605635, 5418426, 2976309, 7973597, 1015682, 9181740)
	Index Scan using sbtest1_pkey on sbtest1  (cost=0.43..83.76 rows=10 width=121)
	  Index Cond: (id = ANY ('{3312466,2093639,3496927,1790524,5605635,5418426,2976309,7973597,1015682,9181740}'::integer[]))

table 2 : explain SELECT c FROM sbtest2 WHERE id IN ( 3312466, 2093639, 3496927, 1790524, 5605635, 5418426, 2976309, 7973597, 1015682, 9181740)
	Index Scan using sbtest2_pkey on sbtest2  (cost=0.43..83.67 rows=10 width=121)
	  Index Cond: (id = ANY ('{3312466,2093639,3496927,1790524,5605635,5418426,2976309,7973597,1015682,9181740}'::integer[]))

table 3 : explain SELECT c FROM sbtest3 WHERE id IN ( 3312466, 2093639, 3496927, 1790524, 5605635, 5418426, 2976309, 7973597, 1015682, 9181740)
	Index Scan using sbtest3_pkey on sbtest3  (cost=0.43..83.76 rows=10 width=121)
	  Index Cond: (id = ANY ('{3312466,2093639,3496927,1790524,5605635,5418426,2976309,7973597,1015682,9181740}'::integer[]))

table 4 : explain SELECT c FROM sbtest4 WHERE id IN ( 3312466, 2093639, 3496927, 1790524, 5605635, 5418426, 2976309, 7973597, 1015682, 9181740)
	Index Scan using sbtest4_pkey on sbtest4  (cost=0.43..83.64 rows=10 width=121)
	  Index Cond: (id = ANY ('{3312466,2093639,3496927,1790524,5605635,5418426,2976309,7973597,1015682,9181740}'::integer[]))

table 5 : explain SELECT c FROM sbtest5 WHERE id IN ( 3312466, 2093639, 3496927, 1790524, 5605635, 5418426, 2976309, 7973597, 1015682, 9181740)
	Index Scan using sbtest5_pkey on sbtest5  (cost=0.43..83.68 rows=10 width=121)
	  Index Cond: (id = ANY ('{3312466,2093639,3496927,1790524,5605635,5418426,2976309,7973597,1015682,9181740}'::integer[]))

table 6 : explain SELECT c FROM sbtest6 WHERE id IN ( 3312466, 2093639, 3496927, 1790524, 5605635, 5418426, 2976309, 7973597, 1015682, 9181740)
	Index Scan using sbtest6_pkey on sbtest6  (cost=0.43..83.81 rows=10 width=121)
	  Index Cond: (id = ANY ('{3312466,2093639,3496927,1790524,5605635,5418426,2976309,7973597,1015682,9181740}'::integer[]))

table 7 : explain SELECT c FROM sbtest7 WHERE id IN ( 3312466, 2093639, 3496927, 1790524, 5605635, 5418426, 2976309, 7973597, 1015682, 9181740)
	Index Scan using sbtest7_pkey on sbtest7  (cost=0.43..83.64 rows=10 width=121)
	  Index Cond: (id = ANY ('{3312466,2093639,3496927,1790524,5605635,5418426,2976309,7973597,1015682,9181740}'::integer[]))

table 8 : explain SELECT c FROM sbtest8 WHERE id IN ( 3312466, 2093639, 3496927, 1790524, 5605635, 5418426, 2976309, 7973597, 1015682, 9181740)
	Index Scan using sbtest8_pkey on sbtest8  (cost=0.43..83.55 rows=10 width=121)
	  Index Cond: (id = ANY ('{3312466,2093639,3496927,1790524,5605635,5418426,2976309,7973597,1015682,9181740}'::integer[]))

explain: for select-inlist :: explain SELECT c FROM sbtest%d WHERE id IN ( 3096851, 6499065, 587889, 668666, 3056344, 7637162, 3623381, 2044872, 8060220, 6873865)
explain: for select-inlist :: explain SELECT c FROM sbtest%d WHERE id IN ( 578709, 6998996, 859894, 5332103, 3025973, 6195836, 8891216, 2481662, 6989355, 9361529)
explain: for select-inlist :: explain SELECT c FROM sbtest%d WHERE id IN ( 3248978, 6307324, 4664226, 341239, 6790635, 486681, 8883748, 9237043, 7475726, 3984607)
for select-inlist
table 1 : explain SELECT c FROM sbtest1 WHERE id IN ( 578709, 6998996, 859894, 5332103, 3025973, 6195836, 8891216, 2481662, 6989355, 9361529)
	Index Scan using sbtest1_pkey on sbtest1  (cost=0.43..83.76 rows=10 width=121)
	  Index Cond: (id = ANY ('{578709,6998996,859894,5332103,3025973,6195836,8891216,2481662,6989355,9361529}'::integer[]))

table 2 : explain SELECT c FROM sbtest2 WHERE id IN ( 578709, 6998996, 859894, 5332103, 3025973, 6195836, 8891216, 2481662, 6989355, 9361529)
	Index Scan using sbtest2_pkey on sbtest2  (cost=0.43..83.67 rows=10 width=121)
	  Index Cond: (id = ANY ('{578709,6998996,859894,5332103,3025973,6195836,8891216,2481662,6989355,9361529}'::integer[]))

table 3 : explain SELECT c FROM sbtest3 WHERE id IN ( 578709, 6998996, 859894, 5332103, 3025973, 6195836, 8891216, 2481662, 6989355, 9361529)
	Index Scan using sbtest3_pkey on sbtest3  (cost=0.43..83.76 rows=10 width=121)
	  Index Cond: (id = ANY ('{578709,6998996,859894,5332103,3025973,6195836,8891216,2481662,6989355,9361529}'::integer[]))

table 4 : explain SELECT c FROM sbtest4 WHERE id IN ( 578709, 6998996, 859894, 5332103, 3025973, 6195836, 8891216, 2481662, 6989355, 9361529)
	Index Scan using sbtest4_pkey on sbtest4  (cost=0.43..83.64 rows=10 width=121)
	  Index Cond: (id = ANY ('{578709,6998996,859894,5332103,3025973,6195836,8891216,2481662,6989355,9361529}'::integer[]))

table 5 : explain SELECT c FROM sbtest5 WHERE id IN ( 578709, 6998996, 859894, 5332103, 3025973, 6195836, 8891216, 2481662, 6989355, 9361529)
	Index Scan using sbtest5_pkey on sbtest5  (cost=0.43..83.68 rows=10 width=121)
	  Index Cond: (id = ANY ('{578709,6998996,859894,5332103,3025973,6195836,8891216,2481662,6989355,9361529}'::integer[]))

table 6 : explain SELECT c FROM sbtest6 WHERE id IN ( 578709, 6998996, 859894, 5332103, 3025973, 6195836, 8891216, 2481662, 6989355, 9361529)
	Index Scan using sbtest6_pkey on sbtest6  (cost=0.43..83.81 rows=10 width=121)
	  Index Cond: (id = ANY ('{578709,6998996,859894,5332103,3025973,6195836,8891216,2481662,6989355,9361529}'::integer[]))

table 7 : explain SELECT c FROM sbtest7 WHERE id IN ( 578709, 6998996, 859894, 5332103, 3025973, 6195836, 8891216, 2481662, 6989355, 9361529)
	Index Scan using sbtest7_pkey on sbtest7  (cost=0.43..83.64 rows=10 width=121)
	  Index Cond: (id = ANY ('{578709,6998996,859894,5332103,3025973,6195836,8891216,2481662,6989355,9361529}'::integer[]))

table 8 : explain SELECT c FROM sbtest8 WHERE id IN ( 578709, 6998996, 859894, 5332103, 3025973, 6195836, 8891216, 2481662, 6989355, 9361529)
	Index Scan using sbtest8_pkey on sbtest8  (cost=0.43..83.55 rows=10 width=121)
	  Index Cond: (id = ANY ('{578709,6998996,859894,5332103,3025973,6195836,8891216,2481662,6989355,9361529}'::integer[]))

for select-inlist
table 1 : explain SELECT c FROM sbtest1 WHERE id IN ( 3096851, 6499065, 587889, 668666, 3056344, 7637162, 3623381, 2044872, 8060220, 6873865)
	Index Scan using sbtest1_pkey on sbtest1  (cost=0.43..83.76 rows=10 width=121)
	  Index Cond: (id = ANY ('{3096851,6499065,587889,668666,3056344,7637162,3623381,2044872,8060220,6873865}'::integer[]))

table 2 : explain SELECT c FROM sbtest2 WHERE id IN ( 3096851, 6499065, 587889, 668666, 3056344, 7637162, 3623381, 2044872, 8060220, 6873865)
	Index Scan using sbtest2_pkey on sbtest2  (cost=0.43..83.67 rows=10 width=121)
	  Index Cond: (id = ANY ('{3096851,6499065,587889,668666,3056344,7637162,3623381,2044872,8060220,6873865}'::integer[]))

table 3 : explain SELECT c FROM sbtest3 WHERE id IN ( 3096851, 6499065, 587889, 668666, 3056344, 7637162, 3623381, 2044872, 8060220, 6873865)
	Index Scan using sbtest3_pkey on sbtest3  (cost=0.43..83.76 rows=10 width=121)
	  Index Cond: (id = ANY ('{3096851,6499065,587889,668666,3056344,7637162,3623381,2044872,8060220,6873865}'::integer[]))

table 4 : explain SELECT c FROM sbtest4 WHERE id IN ( 3096851, 6499065, 587889, 668666, 3056344, 7637162, 3623381, 2044872, 8060220, 6873865)
	Index Scan using sbtest4_pkey on sbtest4  (cost=0.43..83.64 rows=10 width=121)
	  Index Cond: (id = ANY ('{3096851,6499065,587889,668666,3056344,7637162,3623381,2044872,8060220,6873865}'::integer[]))

table 5 : explain SELECT c FROM sbtest5 WHERE id IN ( 3096851, 6499065, 587889, 668666, 3056344, 7637162, 3623381, 2044872, 8060220, 6873865)
	Index Scan using sbtest5_pkey on sbtest5  (cost=0.43..83.68 rows=10 width=121)
	  Index Cond: (id = ANY ('{3096851,6499065,587889,668666,3056344,7637162,3623381,2044872,8060220,6873865}'::integer[]))

table 6 : explain SELECT c FROM sbtest6 WHERE id IN ( 3096851, 6499065, 587889, 668666, 3056344, 7637162, 3623381, 2044872, 8060220, 6873865)
	Index Scan using sbtest6_pkey on sbtest6  (cost=0.43..83.81 rows=10 width=121)
	  Index Cond: (id = ANY ('{3096851,6499065,587889,668666,3056344,7637162,3623381,2044872,8060220,6873865}'::integer[]))

table 7 : explain SELECT c FROM sbtest7 WHERE id IN ( 3096851, 6499065, 587889, 668666, 3056344, 7637162, 3623381, 2044872, 8060220, 6873865)
	Index Scan using sbtest7_pkey on sbtest7  (cost=0.43..83.64 rows=10 width=121)
	  Index Cond: (id = ANY ('{3096851,6499065,587889,668666,3056344,7637162,3623381,2044872,8060220,6873865}'::integer[]))

table 8 : explain SELECT c FROM sbtest8 WHERE id IN ( 3096851, 6499065, 587889, 668666, 3056344, 7637162, 3623381, 2044872, 8060220, 6873865)
	Index Scan using sbtest8_pkey on sbtest8  (cost=0.43..83.55 rows=10 width=121)
	  Index Cond: (id = ANY ('{3096851,6499065,587889,668666,3056344,7637162,3623381,2044872,8060220,6873865}'::integer[]))

for select-inlist
table 1 : explain SELECT c FROM sbtest1 WHERE id IN ( 3248978, 6307324, 4664226, 341239, 6790635, 486681, 8883748, 9237043, 7475726, 3984607)
	Index Scan using sbtest1_pkey on sbtest1  (cost=0.43..83.76 rows=10 width=121)
	  Index Cond: (id = ANY ('{3248978,6307324,4664226,341239,6790635,486681,8883748,9237043,7475726,3984607}'::integer[]))

table 2 : explain SELECT c FROM sbtest2 WHERE id IN ( 3248978, 6307324, 4664226, 341239, 6790635, 486681, 8883748, 9237043, 7475726, 3984607)
	Index Scan using sbtest2_pkey on sbtest2  (cost=0.43..83.67 rows=10 width=121)
	  Index Cond: (id = ANY ('{3248978,6307324,4664226,341239,6790635,486681,8883748,9237043,7475726,3984607}'::integer[]))

table 3 : explain SELECT c FROM sbtest3 WHERE id IN ( 3248978, 6307324, 4664226, 341239, 6790635, 486681, 8883748, 9237043, 7475726, 3984607)
	Index Scan using sbtest3_pkey on sbtest3  (cost=0.43..83.76 rows=10 width=121)
	  Index Cond: (id = ANY ('{3248978,6307324,4664226,341239,6790635,486681,8883748,9237043,7475726,3984607}'::integer[]))

table 4 : explain SELECT c FROM sbtest4 WHERE id IN ( 3248978, 6307324, 4664226, 341239, 6790635, 486681, 8883748, 9237043, 7475726, 3984607)
	Index Scan using sbtest4_pkey on sbtest4  (cost=0.43..83.64 rows=10 width=121)
	  Index Cond: (id = ANY ('{3248978,6307324,4664226,341239,6790635,486681,8883748,9237043,7475726,3984607}'::integer[]))

table 5 : explain SELECT c FROM sbtest5 WHERE id IN ( 3248978, 6307324, 4664226, 341239, 6790635, 486681, 8883748, 9237043, 7475726, 3984607)
	Index Scan using sbtest5_pkey on sbtest5  (cost=0.43..83.68 rows=10 width=121)
	  Index Cond: (id = ANY ('{3248978,6307324,4664226,341239,6790635,486681,8883748,9237043,7475726,3984607}'::integer[]))

table 6 : explain SELECT c FROM sbtest6 WHERE id IN ( 3248978, 6307324, 4664226, 341239, 6790635, 486681, 8883748, 9237043, 7475726, 3984607)
	Index Scan using sbtest6_pkey on sbtest6  (cost=0.43..83.81 rows=10 width=121)
	  Index Cond: (id = ANY ('{3248978,6307324,4664226,341239,6790635,486681,8883748,9237043,7475726,3984607}'::integer[]))

table 7 : explain SELECT c FROM sbtest7 WHERE id IN ( 3248978, 6307324, 4664226, 341239, 6790635, 486681, 8883748, 9237043, 7475726, 3984607)
	Index Scan using sbtest7_pkey on sbtest7  (cost=0.43..83.64 rows=10 width=121)
	  Index Cond: (id = ANY ('{3248978,6307324,4664226,341239,6790635,486681,8883748,9237043,7475726,3984607}'::integer[]))

table 8 : explain SELECT c FROM sbtest8 WHERE id IN ( 3248978, 6307324, 4664226, 341239, 6790635, 486681, 8883748, 9237043, 7475726, 3984607)
	Index Scan using sbtest8_pkey on sbtest8  (cost=0.43..83.55 rows=10 width=121)
	  Index Cond: (id = ANY ('{3248978,6307324,4664226,341239,6790635,486681,8883748,9237043,7475726,3984607}'::integer[]))

explain: for select-inlist :: explain SELECT c FROM sbtest%d WHERE id IN ( 4119852, 6954334, 6024889, 2620288, 4931549, 7383751, 1874915, 7966719, 2080710, 6945530)
for select-inlist
table 1 : explain SELECT c FROM sbtest1 WHERE id IN ( 4119852, 6954334, 6024889, 2620288, 4931549, 7383751, 1874915, 7966719, 2080710, 6945530)
	Index Scan using sbtest1_pkey on sbtest1  (cost=0.43..83.76 rows=10 width=121)
	  Index Cond: (id = ANY ('{4119852,6954334,6024889,2620288,4931549,7383751,1874915,7966719,2080710,6945530}'::integer[]))

table 2 : explain SELECT c FROM sbtest2 WHERE id IN ( 4119852, 6954334, 6024889, 2620288, 4931549, 7383751, 1874915, 7966719, 2080710, 6945530)
	Index Scan using sbtest2_pkey on sbtest2  (cost=0.43..83.67 rows=10 width=121)
	  Index Cond: (id = ANY ('{4119852,6954334,6024889,2620288,4931549,7383751,1874915,7966719,2080710,6945530}'::integer[]))

table 3 : explain SELECT c FROM sbtest3 WHERE id IN ( 4119852, 6954334, 6024889, 2620288, 4931549, 7383751, 1874915, 7966719, 2080710, 6945530)
	Index Scan using sbtest3_pkey on sbtest3  (cost=0.43..83.76 rows=10 width=121)
	  Index Cond: (id = ANY ('{4119852,6954334,6024889,2620288,4931549,7383751,1874915,7966719,2080710,6945530}'::integer[]))

table 4 : explain SELECT c FROM sbtest4 WHERE id IN ( 4119852, 6954334, 6024889, 2620288, 4931549, 7383751, 1874915, 7966719, 2080710, 6945530)
	Index Scan using sbtest4_pkey on sbtest4  (cost=0.43..83.64 rows=10 width=121)
	  Index Cond: (id = ANY ('{4119852,6954334,6024889,2620288,4931549,7383751,1874915,7966719,2080710,6945530}'::integer[]))

table 5 : explain SELECT c FROM sbtest5 WHERE id IN ( 4119852, 6954334, 6024889, 2620288, 4931549, 7383751, 1874915, 7966719, 2080710, 6945530)
	Index Scan using sbtest5_pkey on sbtest5  (cost=0.43..83.68 rows=10 width=121)
	  Index Cond: (id = ANY ('{4119852,6954334,6024889,2620288,4931549,7383751,1874915,7966719,2080710,6945530}'::integer[]))

table 6 : explain SELECT c FROM sbtest6 WHERE id IN ( 4119852, 6954334, 6024889, 2620288, 4931549, 7383751, 1874915, 7966719, 2080710, 6945530)
	Index Scan using sbtest6_pkey on sbtest6  (cost=0.43..83.81 rows=10 width=121)
	  Index Cond: (id = ANY ('{4119852,6954334,6024889,2620288,4931549,7383751,1874915,7966719,2080710,6945530}'::integer[]))

table 7 : explain SELECT c FROM sbtest7 WHERE id IN ( 4119852, 6954334, 6024889, 2620288, 4931549, 7383751, 1874915, 7966719, 2080710, 6945530)
	Index Scan using sbtest7_pkey on sbtest7  (cost=0.43..83.64 rows=10 width=121)
	  Index Cond: (id = ANY ('{4119852,6954334,6024889,2620288,4931549,7383751,1874915,7966719,2080710,6945530}'::integer[]))

table 8 : explain SELECT c FROM sbtest8 WHERE id IN ( 4119852, 6954334, 6024889, 2620288, 4931549, 7383751, 1874915, 7966719, 2080710, 6945530)
	Index Scan using sbtest8_pkey on sbtest8  (cost=0.43..83.55 rows=10 width=121)
	  Index Cond: (id = ANY ('{4119852,6954334,6024889,2620288,4931549,7383751,1874915,7966719,2080710,6945530}'::integer[]))

explain: for select-inlist :: explain SELECT c FROM sbtest%d WHERE id IN ( 1654050, 4878539, 6151128, 9796603, 2424798, 588568, 7950835, 188035, 7557509, 3785247)
explain: for select-inlist :: explain SELECT c FROM sbtest%d WHERE id IN ( 6192474, 9801471, 3912643, 934752, 8324264, 9165516, 7658347, 5039077, 4335743, 2950359)
explain: for select-inlist :: explain SELECT c FROM sbtest%d WHERE id IN ( 1610734, 8114749, 6011202, 1589099, 2969713, 758928, 3979261, 2487307, 3082615, 2604248)
explain: for select-inlist :: explain SELECT c FROM sbtest%d WHERE id IN ( 5444347, 3733832, 3022770, 8398893, 9549371, 8323303, 3867198, 2024147, 1023889, 2764096)
explain: for select-inlist :: explain SELECT c FROM sbtest%d WHERE id IN ( 9232722, 8306152, 9564858, 5334850, 1291341, 1343892, 9182228, 5050459, 4915509, 1070024)
explain: for select-inlist :: explain SELECT c FROM sbtest%d WHERE id IN ( 5183486, 6117066, 8918327, 7930657, 7830202, 5376383, 8425272, 4088841, 7943411, 9822056)
for select-inlist
table 1 : explain SELECT c FROM sbtest1 WHERE id IN ( 1654050, 4878539, 6151128, 9796603, 2424798, 588568, 7950835, 188035, 7557509, 3785247)
	Index Scan using sbtest1_pkey on sbtest1  (cost=0.43..83.76 rows=10 width=121)
	  Index Cond: (id = ANY ('{1654050,4878539,6151128,9796603,2424798,588568,7950835,188035,7557509,3785247}'::integer[]))

table 2 : explain SELECT c FROM sbtest2 WHERE id IN ( 1654050, 4878539, 6151128, 9796603, 2424798, 588568, 7950835, 188035, 7557509, 3785247)
	Index Scan using sbtest2_pkey on sbtest2  (cost=0.43..83.67 rows=10 width=121)
	  Index Cond: (id = ANY ('{1654050,4878539,6151128,9796603,2424798,588568,7950835,188035,7557509,3785247}'::integer[]))

table 3 : explain SELECT c FROM sbtest3 WHERE id IN ( 1654050, 4878539, 6151128, 9796603, 2424798, 588568, 7950835, 188035, 7557509, 3785247)
	Index Scan using sbtest3_pkey on sbtest3  (cost=0.43..83.76 rows=10 width=121)
	  Index Cond: (id = ANY ('{1654050,4878539,6151128,9796603,2424798,588568,7950835,188035,7557509,3785247}'::integer[]))

table 4 : explain SELECT c FROM sbtest4 WHERE id IN ( 1654050, 4878539, 6151128, 9796603, 2424798, 588568, 7950835, 188035, 7557509, 3785247)
	Index Scan using sbtest4_pkey on sbtest4  (cost=0.43..83.64 rows=10 width=121)
	  Index Cond: (id = ANY ('{1654050,4878539,6151128,9796603,2424798,588568,7950835,188035,7557509,3785247}'::integer[]))

table 5 : explain SELECT c FROM sbtest5 WHERE id IN ( 1654050, 4878539, 6151128, 9796603, 2424798, 588568, 7950835, 188035, 7557509, 3785247)
	Index Scan using sbtest5_pkey on sbtest5  (cost=0.43..83.68 rows=10 width=121)
	  Index Cond: (id = ANY ('{1654050,4878539,6151128,9796603,2424798,588568,7950835,188035,7557509,3785247}'::integer[]))

table 6 : explain SELECT c FROM sbtest6 WHERE id IN ( 1654050, 4878539, 6151128, 9796603, 2424798, 588568, 7950835, 188035, 7557509, 3785247)
	Index Scan using sbtest6_pkey on sbtest6  (cost=0.43..83.81 rows=10 width=121)
	  Index Cond: (id = ANY ('{1654050,4878539,6151128,9796603,2424798,588568,7950835,188035,7557509,3785247}'::integer[]))

table 7 : explain SELECT c FROM sbtest7 WHERE id IN ( 1654050, 4878539, 6151128, 9796603, 2424798, 588568, 7950835, 188035, 7557509, 3785247)
	Index Scan using sbtest7_pkey on sbtest7  (cost=0.43..83.64 rows=10 width=121)
	  Index Cond: (id = ANY ('{1654050,4878539,6151128,9796603,2424798,588568,7950835,188035,7557509,3785247}'::integer[]))

table 8 : explain SELECT c FROM sbtest8 WHERE id IN ( 1654050, 4878539, 6151128, 9796603, 2424798, 588568, 7950835, 188035, 7557509, 3785247)
	Index Scan using sbtest8_pkey on sbtest8  (cost=0.43..83.55 rows=10 width=121)
	  Index Cond: (id = ANY ('{1654050,4878539,6151128,9796603,2424798,588568,7950835,188035,7557509,3785247}'::integer[]))

for select-inlist
table 1 : explain SELECT c FROM sbtest1 WHERE id IN ( 6192474, 9801471, 3912643, 934752, 8324264, 9165516, 7658347, 5039077, 4335743, 2950359)
	Index Scan using sbtest1_pkey on sbtest1  (cost=0.43..83.76 rows=10 width=121)
	  Index Cond: (id = ANY ('{6192474,9801471,3912643,934752,8324264,9165516,7658347,5039077,4335743,2950359}'::integer[]))

table 2 : explain SELECT c FROM sbtest2 WHERE id IN ( 6192474, 9801471, 3912643, 934752, 8324264, 9165516, 7658347, 5039077, 4335743, 2950359)
	Index Scan using sbtest2_pkey on sbtest2  (cost=0.43..83.67 rows=10 width=121)
	  Index Cond: (id = ANY ('{6192474,9801471,3912643,934752,8324264,9165516,7658347,5039077,4335743,2950359}'::integer[]))

table 3 : explain SELECT c FROM sbtest3 WHERE id IN ( 6192474, 9801471, 3912643, 934752, 8324264, 9165516, 7658347, 5039077, 4335743, 2950359)
	Index Scan using sbtest3_pkey on sbtest3  (cost=0.43..83.76 rows=10 width=121)
	  Index Cond: (id = ANY ('{6192474,9801471,3912643,934752,8324264,9165516,7658347,5039077,4335743,2950359}'::integer[]))

table 4 : explain SELECT c FROM sbtest4 WHERE id IN ( 6192474, 9801471, 3912643, 934752, 8324264, 9165516, 7658347, 5039077, 4335743, 2950359)
	Index Scan using sbtest4_pkey on sbtest4  (cost=0.43..83.64 rows=10 width=121)
	  Index Cond: (id = ANY ('{6192474,9801471,3912643,934752,8324264,9165516,7658347,5039077,4335743,2950359}'::integer[]))

table 5 : explain SELECT c FROM sbtest5 WHERE id IN ( 6192474, 9801471, 3912643, 934752, 8324264, 9165516, 7658347, 5039077, 4335743, 2950359)
	Index Scan using sbtest5_pkey on sbtest5  (cost=0.43..83.68 rows=10 width=121)
	  Index Cond: (id = ANY ('{6192474,9801471,3912643,934752,8324264,9165516,7658347,5039077,4335743,2950359}'::integer[]))

table 6 : explain SELECT c FROM sbtest6 WHERE id IN ( 6192474, 9801471, 3912643, 934752, 8324264, 9165516, 7658347, 5039077, 4335743, 2950359)
	Index Scan using sbtest6_pkey on sbtest6  (cost=0.43..83.81 rows=10 width=121)
	  Index Cond: (id = ANY ('{6192474,9801471,3912643,934752,8324264,9165516,7658347,5039077,4335743,2950359}'::integer[]))

table 7 : explain SELECT c FROM sbtest7 WHERE id IN ( 6192474, 9801471, 3912643, 934752, 8324264, 9165516, 7658347, 5039077, 4335743, 2950359)
	Index Scan using sbtest7_pkey on sbtest7  (cost=0.43..83.64 rows=10 width=121)
	  Index Cond: (id = ANY ('{6192474,9801471,3912643,934752,8324264,9165516,7658347,5039077,4335743,2950359}'::integer[]))

table 8 : explain SELECT c FROM sbtest8 WHERE id IN ( 6192474, 9801471, 3912643, 934752, 8324264, 9165516, 7658347, 5039077, 4335743, 2950359)
	Index Scan using sbtest8_pkey on sbtest8  (cost=0.43..83.55 rows=10 width=121)
	  Index Cond: (id = ANY ('{6192474,9801471,3912643,934752,8324264,9165516,7658347,5039077,4335743,2950359}'::integer[]))

for select-inlist
table 1 : explain SELECT c FROM sbtest1 WHERE id IN ( 5444347, 3733832, 3022770, 8398893, 9549371, 8323303, 3867198, 2024147, 1023889, 2764096)
	Index Scan using sbtest1_pkey on sbtest1  (cost=0.43..83.76 rows=10 width=121)
	  Index Cond: (id = ANY ('{5444347,3733832,3022770,8398893,9549371,8323303,3867198,2024147,1023889,2764096}'::integer[]))

table 2 : explain SELECT c FROM sbtest2 WHERE id IN ( 5444347, 3733832, 3022770, 8398893, 9549371, 8323303, 3867198, 2024147, 1023889, 2764096)
	Index Scan using sbtest2_pkey on sbtest2  (cost=0.43..83.67 rows=10 width=121)
	  Index Cond: (id = ANY ('{5444347,3733832,3022770,8398893,9549371,8323303,3867198,2024147,1023889,2764096}'::integer[]))

table 3 : explain SELECT c FROM sbtest3 WHERE id IN ( 5444347, 3733832, 3022770, 8398893, 9549371, 8323303, 3867198, 2024147, 1023889, 2764096)
	Index Scan using sbtest3_pkey on sbtest3  (cost=0.43..83.76 rows=10 width=121)
	  Index Cond: (id = ANY ('{5444347,3733832,3022770,8398893,9549371,8323303,3867198,2024147,1023889,2764096}'::integer[]))

table 4 : explain SELECT c FROM sbtest4 WHERE id IN ( 5444347, 3733832, 3022770, 8398893, 9549371, 8323303, 3867198, 2024147, 1023889, 2764096)
	Index Scan using sbtest4_pkey on sbtest4  (cost=0.43..83.64 rows=10 width=121)
	  Index Cond: (id = ANY ('{5444347,3733832,3022770,8398893,9549371,8323303,3867198,2024147,1023889,2764096}'::integer[]))

table 5 : explain SELECT c FROM sbtest5 WHERE id IN ( 5444347, 3733832, 3022770, 8398893, 9549371, 8323303, 3867198, 2024147, 1023889, 2764096)
	Index Scan using sbtest5_pkey on sbtest5  (cost=0.43..83.68 rows=10 width=121)
	  Index Cond: (id = ANY ('{5444347,3733832,3022770,8398893,9549371,8323303,3867198,2024147,1023889,2764096}'::integer[]))

table 6 : explain SELECT c FROM sbtest6 WHERE id IN ( 5444347, 3733832, 3022770, 8398893, 9549371, 8323303, 3867198, 2024147, 1023889, 2764096)
	Index Scan using sbtest6_pkey on sbtest6  (cost=0.43..83.81 rows=10 width=121)
	  Index Cond: (id = ANY ('{5444347,3733832,3022770,8398893,9549371,8323303,3867198,2024147,1023889,2764096}'::integer[]))

table 7 : explain SELECT c FROM sbtest7 WHERE id IN ( 5444347, 3733832, 3022770, 8398893, 9549371, 8323303, 3867198, 2024147, 1023889, 2764096)
	Index Scan using sbtest7_pkey on sbtest7  (cost=0.43..83.64 rows=10 width=121)
	  Index Cond: (id = ANY ('{5444347,3733832,3022770,8398893,9549371,8323303,3867198,2024147,1023889,2764096}'::integer[]))

table 8 : explain SELECT c FROM sbtest8 WHERE id IN ( 5444347, 3733832, 3022770, 8398893, 9549371, 8323303, 3867198, 2024147, 1023889, 2764096)
	Index Scan using sbtest8_pkey on sbtest8  (cost=0.43..83.55 rows=10 width=121)
	  Index Cond: (id = ANY ('{5444347,3733832,3022770,8398893,9549371,8323303,3867198,2024147,1023889,2764096}'::integer[]))

for select-inlist
table 1 : explain SELECT c FROM sbtest1 WHERE id IN ( 1610734, 8114749, 6011202, 1589099, 2969713, 758928, 3979261, 2487307, 3082615, 2604248)
	Index Scan using sbtest1_pkey on sbtest1  (cost=0.43..83.76 rows=10 width=121)
	  Index Cond: (id = ANY ('{1610734,8114749,6011202,1589099,2969713,758928,3979261,2487307,3082615,2604248}'::integer[]))

table 2 : explain SELECT c FROM sbtest2 WHERE id IN ( 1610734, 8114749, 6011202, 1589099, 2969713, 758928, 3979261, 2487307, 3082615, 2604248)
	Index Scan using sbtest2_pkey on sbtest2  (cost=0.43..83.67 rows=10 width=121)
	  Index Cond: (id = ANY ('{1610734,8114749,6011202,1589099,2969713,758928,3979261,2487307,3082615,2604248}'::integer[]))

table 3 : explain SELECT c FROM sbtest3 WHERE id IN ( 1610734, 8114749, 6011202, 1589099, 2969713, 758928, 3979261, 2487307, 3082615, 2604248)
	Index Scan using sbtest3_pkey on sbtest3  (cost=0.43..83.76 rows=10 width=121)
	  Index Cond: (id = ANY ('{1610734,8114749,6011202,1589099,2969713,758928,3979261,2487307,3082615,2604248}'::integer[]))

table 4 : explain SELECT c FROM sbtest4 WHERE id IN ( 1610734, 8114749, 6011202, 1589099, 2969713, 758928, 3979261, 2487307, 3082615, 2604248)
	Index Scan using sbtest4_pkey on sbtest4  (cost=0.43..83.64 rows=10 width=121)
	  Index Cond: (id = ANY ('{1610734,8114749,6011202,1589099,2969713,758928,3979261,2487307,3082615,2604248}'::integer[]))

table 5 : explain SELECT c FROM sbtest5 WHERE id IN ( 1610734, 8114749, 6011202, 1589099, 2969713, 758928, 3979261, 2487307, 3082615, 2604248)
	Index Scan using sbtest5_pkey on sbtest5  (cost=0.43..83.68 rows=10 width=121)
	  Index Cond: (id = ANY ('{1610734,8114749,6011202,1589099,2969713,758928,3979261,2487307,3082615,2604248}'::integer[]))

table 6 : explain SELECT c FROM sbtest6 WHERE id IN ( 1610734, 8114749, 6011202, 1589099, 2969713, 758928, 3979261, 2487307, 3082615, 2604248)
	Index Scan using sbtest6_pkey on sbtest6  (cost=0.43..83.81 rows=10 width=121)
	  Index Cond: (id = ANY ('{1610734,8114749,6011202,1589099,2969713,758928,3979261,2487307,3082615,2604248}'::integer[]))

table 7 : explain SELECT c FROM sbtest7 WHERE id IN ( 1610734, 8114749, 6011202, 1589099, 2969713, 758928, 3979261, 2487307, 3082615, 2604248)
	Index Scan using sbtest7_pkey on sbtest7  (cost=0.43..83.64 rows=10 width=121)
	  Index Cond: (id = ANY ('{1610734,8114749,6011202,1589099,2969713,758928,3979261,2487307,3082615,2604248}'::integer[]))

table 8 : explain SELECT c FROM sbtest8 WHERE id IN ( 1610734, 8114749, 6011202, 1589099, 2969713, 758928, 3979261, 2487307, 3082615, 2604248)
	Index Scan using sbtest8_pkey on sbtest8  (cost=0.43..83.55 rows=10 width=121)
	  Index Cond: (id = ANY ('{1610734,8114749,6011202,1589099,2969713,758928,3979261,2487307,3082615,2604248}'::integer[]))

explain: for select-inlist :: explain SELECT c FROM sbtest%d WHERE id IN ( 4198879, 9745025, 9330268, 750598, 902435, 4340350, 8492422, 6793500, 9688602, 3938835)
explain: for select-inlist :: explain SELECT c FROM sbtest%d WHERE id IN ( 7658797, 5866365, 5874795, 7917206, 2177262, 9860201, 2416944, 8470703, 4172217, 9325545)
explain: for select-inlist :: explain SELECT c FROM sbtest%d WHERE id IN ( 6986518, 3977746, 3134966, 7474527, 2728436, 8958258, 3855965, 948259, 7609885, 6630388)
for select-inlist
table 1 : explain SELECT c FROM sbtest1 WHERE id IN ( 5183486, 6117066, 8918327, 7930657, 7830202, 5376383, 8425272, 4088841, 7943411, 9822056)
	Index Scan using sbtest1_pkey on sbtest1  (cost=0.43..83.76 rows=10 width=121)
	  Index Cond: (id = ANY ('{5183486,6117066,8918327,7930657,7830202,5376383,8425272,4088841,7943411,9822056}'::integer[]))

table 2 : explain SELECT c FROM sbtest2 WHERE id IN ( 5183486, 6117066, 8918327, 7930657, 7830202, 5376383, 8425272, 4088841, 7943411, 9822056)
	Index Scan using sbtest2_pkey on sbtest2  (cost=0.43..83.67 rows=10 width=121)
	  Index Cond: (id = ANY ('{5183486,6117066,8918327,7930657,7830202,5376383,8425272,4088841,7943411,9822056}'::integer[]))

table 3 : explain SELECT c FROM sbtest3 WHERE id IN ( 5183486, 6117066, 8918327, 7930657, 7830202, 5376383, 8425272, 4088841, 7943411, 9822056)
	Index Scan using sbtest3_pkey on sbtest3  (cost=0.43..83.76 rows=10 width=121)
	  Index Cond: (id = ANY ('{5183486,6117066,8918327,7930657,7830202,5376383,8425272,4088841,7943411,9822056}'::integer[]))

table 4 : explain SELECT c FROM sbtest4 WHERE id IN ( 5183486, 6117066, 8918327, 7930657, 7830202, 5376383, 8425272, 4088841, 7943411, 9822056)
	Index Scan using sbtest4_pkey on sbtest4  (cost=0.43..83.64 rows=10 width=121)
	  Index Cond: (id = ANY ('{5183486,6117066,8918327,7930657,7830202,5376383,8425272,4088841,7943411,9822056}'::integer[]))

table 5 : explain SELECT c FROM sbtest5 WHERE id IN ( 5183486, 6117066, 8918327, 7930657, 7830202, 5376383, 8425272, 4088841, 7943411, 9822056)
	Index Scan using sbtest5_pkey on sbtest5  (cost=0.43..83.68 rows=10 width=121)
	  Index Cond: (id = ANY ('{5183486,6117066,8918327,7930657,7830202,5376383,8425272,4088841,7943411,9822056}'::integer[]))

table 6 : explain SELECT c FROM sbtest6 WHERE id IN ( 5183486, 6117066, 8918327, 7930657, 7830202, 5376383, 8425272, 4088841, 7943411, 9822056)
	Index Scan using sbtest6_pkey on sbtest6  (cost=0.43..83.81 rows=10 width=121)
	  Index Cond: (id = ANY ('{5183486,6117066,8918327,7930657,7830202,5376383,8425272,4088841,7943411,9822056}'::integer[]))

table 7 : explain SELECT c FROM sbtest7 WHERE id IN ( 5183486, 6117066, 8918327, 7930657, 7830202, 5376383, 8425272, 4088841, 7943411, 9822056)
	Index Scan using sbtest7_pkey on sbtest7  (cost=0.43..83.64 rows=10 width=121)
	  Index Cond: (id = ANY ('{5183486,6117066,8918327,7930657,7830202,5376383,8425272,4088841,7943411,9822056}'::integer[]))

table 8 : explain SELECT c FROM sbtest8 WHERE id IN ( 5183486, 6117066, 8918327, 7930657, 7830202, 5376383, 8425272, 4088841, 7943411, 9822056)
	Index Scan using sbtest8_pkey on sbtest8  (cost=0.43..83.55 rows=10 width=121)
	  Index Cond: (id = ANY ('{5183486,6117066,8918327,7930657,7830202,5376383,8425272,4088841,7943411,9822056}'::integer[]))

explain: for select-inlist :: explain SELECT c FROM sbtest%d WHERE id IN ( 3736946, 2359421, 4325908, 8507238, 1619877, 6225074, 8704116, 9828083, 584945, 6289342)
explain: for select-inlist :: explain SELECT c FROM sbtest%d WHERE id IN ( 692960, 8169319, 7482296, 7337155, 5440135, 7802057, 1430440, 3750742, 6234459, 2115820)
for select-inlist
table 1 : explain SELECT c FROM sbtest1 WHERE id IN ( 9232722, 8306152, 9564858, 5334850, 1291341, 1343892, 9182228, 5050459, 4915509, 1070024)
	Index Scan using sbtest1_pkey on sbtest1  (cost=0.43..83.76 rows=10 width=121)
	  Index Cond: (id = ANY ('{9232722,8306152,9564858,5334850,1291341,1343892,9182228,5050459,4915509,1070024}'::integer[]))

table 2 : explain SELECT c FROM sbtest2 WHERE id IN ( 9232722, 8306152, 9564858, 5334850, 1291341, 1343892, 9182228, 5050459, 4915509, 1070024)
	Index Scan using sbtest2_pkey on sbtest2  (cost=0.43..83.67 rows=10 width=121)
	  Index Cond: (id = ANY ('{9232722,8306152,9564858,5334850,1291341,1343892,9182228,5050459,4915509,1070024}'::integer[]))

table 3 : explain SELECT c FROM sbtest3 WHERE id IN ( 9232722, 8306152, 9564858, 5334850, 1291341, 1343892, 9182228, 5050459, 4915509, 1070024)
	Index Scan using sbtest3_pkey on sbtest3  (cost=0.43..83.76 rows=10 width=121)
	  Index Cond: (id = ANY ('{9232722,8306152,9564858,5334850,1291341,1343892,9182228,5050459,4915509,1070024}'::integer[]))

table 4 : explain SELECT c FROM sbtest4 WHERE id IN ( 9232722, 8306152, 9564858, 5334850, 1291341, 1343892, 9182228, 5050459, 4915509, 1070024)
	Index Scan using sbtest4_pkey on sbtest4  (cost=0.43..83.64 rows=10 width=121)
	  Index Cond: (id = ANY ('{9232722,8306152,9564858,5334850,1291341,1343892,9182228,5050459,4915509,1070024}'::integer[]))

table 5 : explain SELECT c FROM sbtest5 WHERE id IN ( 9232722, 8306152, 9564858, 5334850, 1291341, 1343892, 9182228, 5050459, 4915509, 1070024)
	Index Scan using sbtest5_pkey on sbtest5  (cost=0.43..83.68 rows=10 width=121)
	  Index Cond: (id = ANY ('{9232722,8306152,9564858,5334850,1291341,1343892,9182228,5050459,4915509,1070024}'::integer[]))

table 6 : explain SELECT c FROM sbtest6 WHERE id IN ( 9232722, 8306152, 9564858, 5334850, 1291341, 1343892, 9182228, 5050459, 4915509, 1070024)
	Index Scan using sbtest6_pkey on sbtest6  (cost=0.43..83.81 rows=10 width=121)
	  Index Cond: (id = ANY ('{9232722,8306152,9564858,5334850,1291341,1343892,9182228,5050459,4915509,1070024}'::integer[]))

table 7 : explain SELECT c FROM sbtest7 WHERE id IN ( 9232722, 8306152, 9564858, 5334850, 1291341, 1343892, 9182228, 5050459, 4915509, 1070024)
	Index Scan using sbtest7_pkey on sbtest7  (cost=0.43..83.64 rows=10 width=121)
	  Index Cond: (id = ANY ('{9232722,8306152,9564858,5334850,1291341,1343892,9182228,5050459,4915509,1070024}'::integer[]))

table 8 : explain SELECT c FROM sbtest8 WHERE id IN ( 9232722, 8306152, 9564858, 5334850, 1291341, 1343892, 9182228, 5050459, 4915509, 1070024)
	Index Scan using sbtest8_pkey on sbtest8  (cost=0.43..83.55 rows=10 width=121)
	  Index Cond: (id = ANY ('{9232722,8306152,9564858,5334850,1291341,1343892,9182228,5050459,4915509,1070024}'::integer[]))

explain: for select-inlist :: explain SELECT c FROM sbtest%d WHERE id IN ( 8229863, 8077806, 3082103, 9463097, 1410497, 5532519, 3192990, 8895150, 115096, 7394954)
explain: for select-inlist :: explain SELECT c FROM sbtest%d WHERE id IN ( 7197183, 1471228, 1539520, 7949158, 9233171, 830628, 9796514, 9830803, 1450883, 6643070)
explain: for select-inlist :: explain SELECT c FROM sbtest%d WHERE id IN ( 6905456, 8352794, 7176501, 4705402, 374083, 3182359, 858906, 207842, 5592902, 3755085)
for select-inlist
table 1 : explain SELECT c FROM sbtest1 WHERE id IN ( 3736946, 2359421, 4325908, 8507238, 1619877, 6225074, 8704116, 9828083, 584945, 6289342)
	Index Scan using sbtest1_pkey on sbtest1  (cost=0.43..83.76 rows=10 width=121)
	  Index Cond: (id = ANY ('{3736946,2359421,4325908,8507238,1619877,6225074,8704116,9828083,584945,6289342}'::integer[]))

table 2 : explain SELECT c FROM sbtest2 WHERE id IN ( 3736946, 2359421, 4325908, 8507238, 1619877, 6225074, 8704116, 9828083, 584945, 6289342)
	Index Scan using sbtest2_pkey on sbtest2  (cost=0.43..83.67 rows=10 width=121)
	  Index Cond: (id = ANY ('{3736946,2359421,4325908,8507238,1619877,6225074,8704116,9828083,584945,6289342}'::integer[]))

table 3 : explain SELECT c FROM sbtest3 WHERE id IN ( 3736946, 2359421, 4325908, 8507238, 1619877, 6225074, 8704116, 9828083, 584945, 6289342)
	Index Scan using sbtest3_pkey on sbtest3  (cost=0.43..83.76 rows=10 width=121)
	  Index Cond: (id = ANY ('{3736946,2359421,4325908,8507238,1619877,6225074,8704116,9828083,584945,6289342}'::integer[]))

table 4 : explain SELECT c FROM sbtest4 WHERE id IN ( 3736946, 2359421, 4325908, 8507238, 1619877, 6225074, 8704116, 9828083, 584945, 6289342)
	Index Scan using sbtest4_pkey on sbtest4  (cost=0.43..83.64 rows=10 width=121)
	  Index Cond: (id = ANY ('{3736946,2359421,4325908,8507238,1619877,6225074,8704116,9828083,584945,6289342}'::integer[]))

table 5 : explain SELECT c FROM sbtest5 WHERE id IN ( 3736946, 2359421, 4325908, 8507238, 1619877, 6225074, 8704116, 9828083, 584945, 6289342)
	Index Scan using sbtest5_pkey on sbtest5  (cost=0.43..83.68 rows=10 width=121)
	  Index Cond: (id = ANY ('{3736946,2359421,4325908,8507238,1619877,6225074,8704116,9828083,584945,6289342}'::integer[]))

table 6 : explain SELECT c FROM sbtest6 WHERE id IN ( 3736946, 2359421, 4325908, 8507238, 1619877, 6225074, 8704116, 9828083, 584945, 6289342)
	Index Scan using sbtest6_pkey on sbtest6  (cost=0.43..83.81 rows=10 width=121)
	  Index Cond: (id = ANY ('{3736946,2359421,4325908,8507238,1619877,6225074,8704116,9828083,584945,6289342}'::integer[]))

table 7 : explain SELECT c FROM sbtest7 WHERE id IN ( 3736946, 2359421, 4325908, 8507238, 1619877, 6225074, 8704116, 9828083, 584945, 6289342)
	Index Scan using sbtest7_pkey on sbtest7  (cost=0.43..83.64 rows=10 width=121)
	  Index Cond: (id = ANY ('{3736946,2359421,4325908,8507238,1619877,6225074,8704116,9828083,584945,6289342}'::integer[]))

table 8 : explain SELECT c FROM sbtest8 WHERE id IN ( 3736946, 2359421, 4325908, 8507238, 1619877, 6225074, 8704116, 9828083, 584945, 6289342)
	Index Scan using sbtest8_pkey on sbtest8  (cost=0.43..83.55 rows=10 width=121)
	  Index Cond: (id = ANY ('{3736946,2359421,4325908,8507238,1619877,6225074,8704116,9828083,584945,6289342}'::integer[]))

explain: for select-inlist :: explain SELECT c FROM sbtest%d WHERE id IN ( 642968, 6037241, 1280961, 1568343, 4483385, 8796533, 9778698, 2275143, 234891, 7699792)
explain: for select-inlist :: explain SELECT c FROM sbtest%d WHERE id IN ( 4284420, 5106146, 5645987, 5018867, 7712218, 6255827, 9637635, 1597347, 8811057, 3890697)
explain: for select-inlist :: explain SELECT c FROM sbtest%d WHERE id IN ( 9975570, 7378432, 930428, 7430528, 1360808, 2943841, 1378647, 7213806, 8935125, 6205476)
explain: for select-inlist :: explain SELECT c FROM sbtest%d WHERE id IN ( 4643675, 7067899, 8022972, 8161748, 6779586, 80026, 1607200, 9160488, 2732143, 8946958)
explain: for select-inlist :: explain SELECT c FROM sbtest%d WHERE id IN ( 8286192, 5318072, 2971546, 1049779, 4332099, 6978119, 4013015, 4770448, 4370971, 227287)
for select-inlist
table 1 : explain SELECT c FROM sbtest1 WHERE id IN ( 7197183, 1471228, 1539520, 7949158, 9233171, 830628, 9796514, 9830803, 1450883, 6643070)
	Index Scan using sbtest1_pkey on sbtest1  (cost=0.43..83.76 rows=10 width=121)
	  Index Cond: (id = ANY ('{7197183,1471228,1539520,7949158,9233171,830628,9796514,9830803,1450883,6643070}'::integer[]))

table 2 : explain SELECT c FROM sbtest2 WHERE id IN ( 7197183, 1471228, 1539520, 7949158, 9233171, 830628, 9796514, 9830803, 1450883, 6643070)
	Index Scan using sbtest2_pkey on sbtest2  (cost=0.43..83.67 rows=10 width=121)
	  Index Cond: (id = ANY ('{7197183,1471228,1539520,7949158,9233171,830628,9796514,9830803,1450883,6643070}'::integer[]))

table 3 : explain SELECT c FROM sbtest3 WHERE id IN ( 7197183, 1471228, 1539520, 7949158, 9233171, 830628, 9796514, 9830803, 1450883, 6643070)
	Index Scan using sbtest3_pkey on sbtest3  (cost=0.43..83.76 rows=10 width=121)
	  Index Cond: (id = ANY ('{7197183,1471228,1539520,7949158,9233171,830628,9796514,9830803,1450883,6643070}'::integer[]))

table 4 : explain SELECT c FROM sbtest4 WHERE id IN ( 7197183, 1471228, 1539520, 7949158, 9233171, 830628, 9796514, 9830803, 1450883, 6643070)
	Index Scan using sbtest4_pkey on sbtest4  (cost=0.43..83.64 rows=10 width=121)
	  Index Cond: (id = ANY ('{7197183,1471228,1539520,7949158,9233171,830628,9796514,9830803,1450883,6643070}'::integer[]))

table 5 : explain SELECT c FROM sbtest5 WHERE id IN ( 7197183, 1471228, 1539520, 7949158, 9233171, 830628, 9796514, 9830803, 1450883, 6643070)
	Index Scan using sbtest5_pkey on sbtest5  (cost=0.43..83.68 rows=10 width=121)
	  Index Cond: (id = ANY ('{7197183,1471228,1539520,7949158,9233171,830628,9796514,9830803,1450883,6643070}'::integer[]))

table 6 : explain SELECT c FROM sbtest6 WHERE id IN ( 7197183, 1471228, 1539520, 7949158, 9233171, 830628, 9796514, 9830803, 1450883, 6643070)
	Index Scan using sbtest6_pkey on sbtest6  (cost=0.43..83.81 rows=10 width=121)
	  Index Cond: (id = ANY ('{7197183,1471228,1539520,7949158,9233171,830628,9796514,9830803,1450883,6643070}'::integer[]))

table 7 : explain SELECT c FROM sbtest7 WHERE id IN ( 7197183, 1471228, 1539520, 7949158, 9233171, 830628, 9796514, 9830803, 1450883, 6643070)
	Index Scan using sbtest7_pkey on sbtest7  (cost=0.43..83.64 rows=10 width=121)
	  Index Cond: (id = ANY ('{7197183,1471228,1539520,7949158,9233171,830628,9796514,9830803,1450883,6643070}'::integer[]))

table 8 : explain SELECT c FROM sbtest8 WHERE id IN ( 7197183, 1471228, 1539520, 7949158, 9233171, 830628, 9796514, 9830803, 1450883, 6643070)
	Index Scan using sbtest8_pkey on sbtest8  (cost=0.43..83.55 rows=10 width=121)
	  Index Cond: (id = ANY ('{7197183,1471228,1539520,7949158,9233171,830628,9796514,9830803,1450883,6643070}'::integer[]))

explain: for select-inlist :: explain SELECT c FROM sbtest%d WHERE id IN ( 9162740, 3086564, 5773233, 1258581, 8481420, 2151788, 6925806, 2215990, 4769170, 3170770)
explain: for select-inlist :: explain SELECT c FROM sbtest%d WHERE id IN ( 2504233, 9617969, 8934983, 9189542, 6117824, 9865937, 7087852, 5598565, 9634098, 9579332)
for select-inlist
table 1 : explain SELECT c FROM sbtest1 WHERE id IN ( 8229863, 8077806, 3082103, 9463097, 1410497, 5532519, 3192990, 8895150, 115096, 7394954)
	Index Scan using sbtest1_pkey on sbtest1  (cost=0.43..83.76 rows=10 width=121)
	  Index Cond: (id = ANY ('{8229863,8077806,3082103,9463097,1410497,5532519,3192990,8895150,115096,7394954}'::integer[]))

table 2 : explain SELECT c FROM sbtest2 WHERE id IN ( 8229863, 8077806, 3082103, 9463097, 1410497, 5532519, 3192990, 8895150, 115096, 7394954)
	Index Scan using sbtest2_pkey on sbtest2  (cost=0.43..83.67 rows=10 width=121)
	  Index Cond: (id = ANY ('{8229863,8077806,3082103,9463097,1410497,5532519,3192990,8895150,115096,7394954}'::integer[]))

table 3 : explain SELECT c FROM sbtest3 WHERE id IN ( 8229863, 8077806, 3082103, 9463097, 1410497, 5532519, 3192990, 8895150, 115096, 7394954)
	Index Scan using sbtest3_pkey on sbtest3  (cost=0.43..83.76 rows=10 width=121)
	  Index Cond: (id = ANY ('{8229863,8077806,3082103,9463097,1410497,5532519,3192990,8895150,115096,7394954}'::integer[]))

table 4 : explain SELECT c FROM sbtest4 WHERE id IN ( 8229863, 8077806, 3082103, 9463097, 1410497, 5532519, 3192990, 8895150, 115096, 7394954)
	Index Scan using sbtest4_pkey on sbtest4  (cost=0.43..83.64 rows=10 width=121)
	  Index Cond: (id = ANY ('{8229863,8077806,3082103,9463097,1410497,5532519,3192990,8895150,115096,7394954}'::integer[]))

table 5 : explain SELECT c FROM sbtest5 WHERE id IN ( 8229863, 8077806, 3082103, 9463097, 1410497, 5532519, 3192990, 8895150, 115096, 7394954)
	Index Scan using sbtest5_pkey on sbtest5  (cost=0.43..83.68 rows=10 width=121)
	  Index Cond: (id = ANY ('{8229863,8077806,3082103,9463097,1410497,5532519,3192990,8895150,115096,7394954}'::integer[]))

table 6 : explain SELECT c FROM sbtest6 WHERE id IN ( 8229863, 8077806, 3082103, 9463097, 1410497, 5532519, 3192990, 8895150, 115096, 7394954)
	Index Scan using sbtest6_pkey on sbtest6  (cost=0.43..83.81 rows=10 width=121)
	  Index Cond: (id = ANY ('{8229863,8077806,3082103,9463097,1410497,5532519,3192990,8895150,115096,7394954}'::integer[]))

table 7 : explain SELECT c FROM sbtest7 WHERE id IN ( 8229863, 8077806, 3082103, 9463097, 1410497, 5532519, 3192990, 8895150, 115096, 7394954)
	Index Scan using sbtest7_pkey on sbtest7  (cost=0.43..83.64 rows=10 width=121)
	  Index Cond: (id = ANY ('{8229863,8077806,3082103,9463097,1410497,5532519,3192990,8895150,115096,7394954}'::integer[]))

table 8 : explain SELECT c FROM sbtest8 WHERE id IN ( 8229863, 8077806, 3082103, 9463097, 1410497, 5532519, 3192990, 8895150, 115096, 7394954)
	Index Scan using sbtest8_pkey on sbtest8  (cost=0.43..83.55 rows=10 width=121)
	  Index Cond: (id = ANY ('{8229863,8077806,3082103,9463097,1410497,5532519,3192990,8895150,115096,7394954}'::integer[]))

for select-inlist
table 1 : explain SELECT c FROM sbtest1 WHERE id IN ( 8286192, 5318072, 2971546, 1049779, 4332099, 6978119, 4013015, 4770448, 4370971, 227287)
	Index Scan using sbtest1_pkey on sbtest1  (cost=0.43..83.76 rows=10 width=121)
	  Index Cond: (id = ANY ('{8286192,5318072,2971546,1049779,4332099,6978119,4013015,4770448,4370971,227287}'::integer[]))

table 2 : explain SELECT c FROM sbtest2 WHERE id IN ( 8286192, 5318072, 2971546, 1049779, 4332099, 6978119, 4013015, 4770448, 4370971, 227287)
	Index Scan using sbtest2_pkey on sbtest2  (cost=0.43..83.67 rows=10 width=121)
	  Index Cond: (id = ANY ('{8286192,5318072,2971546,1049779,4332099,6978119,4013015,4770448,4370971,227287}'::integer[]))

table 3 : explain SELECT c FROM sbtest3 WHERE id IN ( 8286192, 5318072, 2971546, 1049779, 4332099, 6978119, 4013015, 4770448, 4370971, 227287)
	Index Scan using sbtest3_pkey on sbtest3  (cost=0.43..83.76 rows=10 width=121)
	  Index Cond: (id = ANY ('{8286192,5318072,2971546,1049779,4332099,6978119,4013015,4770448,4370971,227287}'::integer[]))

table 4 : explain SELECT c FROM sbtest4 WHERE id IN ( 8286192, 5318072, 2971546, 1049779, 4332099, 6978119, 4013015, 4770448, 4370971, 227287)
	Index Scan using sbtest4_pkey on sbtest4  (cost=0.43..83.64 rows=10 width=121)
	  Index Cond: (id = ANY ('{8286192,5318072,2971546,1049779,4332099,6978119,4013015,4770448,4370971,227287}'::integer[]))

table 5 : explain SELECT c FROM sbtest5 WHERE id IN ( 8286192, 5318072, 2971546, 1049779, 4332099, 6978119, 4013015, 4770448, 4370971, 227287)
	Index Scan using sbtest5_pkey on sbtest5  (cost=0.43..83.68 rows=10 width=121)
	  Index Cond: (id = ANY ('{8286192,5318072,2971546,1049779,4332099,6978119,4013015,4770448,4370971,227287}'::integer[]))

table 6 : explain SELECT c FROM sbtest6 WHERE id IN ( 8286192, 5318072, 2971546, 1049779, 4332099, 6978119, 4013015, 4770448, 4370971, 227287)
	Index Scan using sbtest6_pkey on sbtest6  (cost=0.43..83.81 rows=10 width=121)
	  Index Cond: (id = ANY ('{8286192,5318072,2971546,1049779,4332099,6978119,4013015,4770448,4370971,227287}'::integer[]))

table 7 : explain SELECT c FROM sbtest7 WHERE id IN ( 8286192, 5318072, 2971546, 1049779, 4332099, 6978119, 4013015, 4770448, 4370971, 227287)
	Index Scan using sbtest7_pkey on sbtest7  (cost=0.43..83.64 rows=10 width=121)
	  Index Cond: (id = ANY ('{8286192,5318072,2971546,1049779,4332099,6978119,4013015,4770448,4370971,227287}'::integer[]))

table 8 : explain SELECT c FROM sbtest8 WHERE id IN ( 8286192, 5318072, 2971546, 1049779, 4332099, 6978119, 4013015, 4770448, 4370971, 227287)
	Index Scan using sbtest8_pkey on sbtest8  (cost=0.43..83.55 rows=10 width=121)
	  Index Cond: (id = ANY ('{8286192,5318072,2971546,1049779,4332099,6978119,4013015,4770448,4370971,227287}'::integer[]))

for select-inlist
table 1 : explain SELECT c FROM sbtest1 WHERE id IN ( 4643675, 7067899, 8022972, 8161748, 6779586, 80026, 1607200, 9160488, 2732143, 8946958)
	Index Scan using sbtest1_pkey on sbtest1  (cost=0.43..83.76 rows=10 width=121)
	  Index Cond: (id = ANY ('{4643675,7067899,8022972,8161748,6779586,80026,1607200,9160488,2732143,8946958}'::integer[]))

table 2 : explain SELECT c FROM sbtest2 WHERE id IN ( 4643675, 7067899, 8022972, 8161748, 6779586, 80026, 1607200, 9160488, 2732143, 8946958)
	Index Scan using sbtest2_pkey on sbtest2  (cost=0.43..83.67 rows=10 width=121)
	  Index Cond: (id = ANY ('{4643675,7067899,8022972,8161748,6779586,80026,1607200,9160488,2732143,8946958}'::integer[]))

table 3 : explain SELECT c FROM sbtest3 WHERE id IN ( 4643675, 7067899, 8022972, 8161748, 6779586, 80026, 1607200, 9160488, 2732143, 8946958)
	Index Scan using sbtest3_pkey on sbtest3  (cost=0.43..83.76 rows=10 width=121)
	  Index Cond: (id = ANY ('{4643675,7067899,8022972,8161748,6779586,80026,1607200,9160488,2732143,8946958}'::integer[]))

table 4 : explain SELECT c FROM sbtest4 WHERE id IN ( 4643675, 7067899, 8022972, 8161748, 6779586, 80026, 1607200, 9160488, 2732143, 8946958)
	Index Scan using sbtest4_pkey on sbtest4  (cost=0.43..83.64 rows=10 width=121)
	  Index Cond: (id = ANY ('{4643675,7067899,8022972,8161748,6779586,80026,1607200,9160488,2732143,8946958}'::integer[]))

table 5 : explain SELECT c FROM sbtest5 WHERE id IN ( 4643675, 7067899, 8022972, 8161748, 6779586, 80026, 1607200, 9160488, 2732143, 8946958)
	Index Scan using sbtest5_pkey on sbtest5  (cost=0.43..83.68 rows=10 width=121)
	  Index Cond: (id = ANY ('{4643675,7067899,8022972,8161748,6779586,80026,1607200,9160488,2732143,8946958}'::integer[]))

table 6 : explain SELECT c FROM sbtest6 WHERE id IN ( 4643675, 7067899, 8022972, 8161748, 6779586, 80026, 1607200, 9160488, 2732143, 8946958)
	Index Scan using sbtest6_pkey on sbtest6  (cost=0.43..83.81 rows=10 width=121)
	  Index Cond: (id = ANY ('{4643675,7067899,8022972,8161748,6779586,80026,1607200,9160488,2732143,8946958}'::integer[]))

table 7 : explain SELECT c FROM sbtest7 WHERE id IN ( 4643675, 7067899, 8022972, 8161748, 6779586, 80026, 1607200, 9160488, 2732143, 8946958)
	Index Scan using sbtest7_pkey on sbtest7  (cost=0.43..83.64 rows=10 width=121)
	  Index Cond: (id = ANY ('{4643675,7067899,8022972,8161748,6779586,80026,1607200,9160488,2732143,8946958}'::integer[]))

table 8 : explain SELECT c FROM sbtest8 WHERE id IN ( 4643675, 7067899, 8022972, 8161748, 6779586, 80026, 1607200, 9160488, 2732143, 8946958)
	Index Scan using sbtest8_pkey on sbtest8  (cost=0.43..83.55 rows=10 width=121)
	  Index Cond: (id = ANY ('{4643675,7067899,8022972,8161748,6779586,80026,1607200,9160488,2732143,8946958}'::integer[]))

for select-inlist
table 1 : explain SELECT c FROM sbtest1 WHERE id IN ( 6986518, 3977746, 3134966, 7474527, 2728436, 8958258, 3855965, 948259, 7609885, 6630388)
	Index Scan using sbtest1_pkey on sbtest1  (cost=0.43..83.76 rows=10 width=121)
	  Index Cond: (id = ANY ('{6986518,3977746,3134966,7474527,2728436,8958258,3855965,948259,7609885,6630388}'::integer[]))

table 2 : explain SELECT c FROM sbtest2 WHERE id IN ( 6986518, 3977746, 3134966, 7474527, 2728436, 8958258, 3855965, 948259, 7609885, 6630388)
	Index Scan using sbtest2_pkey on sbtest2  (cost=0.43..83.67 rows=10 width=121)
	  Index Cond: (id = ANY ('{6986518,3977746,3134966,7474527,2728436,8958258,3855965,948259,7609885,6630388}'::integer[]))

table 3 : explain SELECT c FROM sbtest3 WHERE id IN ( 6986518, 3977746, 3134966, 7474527, 2728436, 8958258, 3855965, 948259, 7609885, 6630388)
	Index Scan using sbtest3_pkey on sbtest3  (cost=0.43..83.76 rows=10 width=121)
	  Index Cond: (id = ANY ('{6986518,3977746,3134966,7474527,2728436,8958258,3855965,948259,7609885,6630388}'::integer[]))

table 4 : explain SELECT c FROM sbtest4 WHERE id IN ( 6986518, 3977746, 3134966, 7474527, 2728436, 8958258, 3855965, 948259, 7609885, 6630388)
	Index Scan using sbtest4_pkey on sbtest4  (cost=0.43..83.64 rows=10 width=121)
	  Index Cond: (id = ANY ('{6986518,3977746,3134966,7474527,2728436,8958258,3855965,948259,7609885,6630388}'::integer[]))

table 5 : explain SELECT c FROM sbtest5 WHERE id IN ( 6986518, 3977746, 3134966, 7474527, 2728436, 8958258, 3855965, 948259, 7609885, 6630388)
	Index Scan using sbtest5_pkey on sbtest5  (cost=0.43..83.68 rows=10 width=121)
	  Index Cond: (id = ANY ('{6986518,3977746,3134966,7474527,2728436,8958258,3855965,948259,7609885,6630388}'::integer[]))

table 6 : explain SELECT c FROM sbtest6 WHERE id IN ( 6986518, 3977746, 3134966, 7474527, 2728436, 8958258, 3855965, 948259, 7609885, 6630388)
	Index Scan using sbtest6_pkey on sbtest6  (cost=0.43..83.81 rows=10 width=121)
	  Index Cond: (id = ANY ('{6986518,3977746,3134966,7474527,2728436,8958258,3855965,948259,7609885,6630388}'::integer[]))

table 7 : explain SELECT c FROM sbtest7 WHERE id IN ( 6986518, 3977746, 3134966, 7474527, 2728436, 8958258, 3855965, 948259, 7609885, 6630388)
	Index Scan using sbtest7_pkey on sbtest7  (cost=0.43..83.64 rows=10 width=121)
	  Index Cond: (id = ANY ('{6986518,3977746,3134966,7474527,2728436,8958258,3855965,948259,7609885,6630388}'::integer[]))

table 8 : explain SELECT c FROM sbtest8 WHERE id IN ( 6986518, 3977746, 3134966, 7474527, 2728436, 8958258, 3855965, 948259, 7609885, 6630388)
	Index Scan using sbtest8_pkey on sbtest8  (cost=0.43..83.55 rows=10 width=121)
	  Index Cond: (id = ANY ('{6986518,3977746,3134966,7474527,2728436,8958258,3855965,948259,7609885,6630388}'::integer[]))

for select-inlist
table 1 : explain SELECT c FROM sbtest1 WHERE id IN ( 4198879, 9745025, 9330268, 750598, 902435, 4340350, 8492422, 6793500, 9688602, 3938835)
	Index Scan using sbtest1_pkey on sbtest1  (cost=0.43..83.76 rows=10 width=121)
	  Index Cond: (id = ANY ('{4198879,9745025,9330268,750598,902435,4340350,8492422,6793500,9688602,3938835}'::integer[]))

table 2 : explain SELECT c FROM sbtest2 WHERE id IN ( 4198879, 9745025, 9330268, 750598, 902435, 4340350, 8492422, 6793500, 9688602, 3938835)
	Index Scan using sbtest2_pkey on sbtest2  (cost=0.43..83.67 rows=10 width=121)
	  Index Cond: (id = ANY ('{4198879,9745025,9330268,750598,902435,4340350,8492422,6793500,9688602,3938835}'::integer[]))

table 3 : explain SELECT c FROM sbtest3 WHERE id IN ( 4198879, 9745025, 9330268, 750598, 902435, 4340350, 8492422, 6793500, 9688602, 3938835)
	Index Scan using sbtest3_pkey on sbtest3  (cost=0.43..83.76 rows=10 width=121)
	  Index Cond: (id = ANY ('{4198879,9745025,9330268,750598,902435,4340350,8492422,6793500,9688602,3938835}'::integer[]))

table 4 : explain SELECT c FROM sbtest4 WHERE id IN ( 4198879, 9745025, 9330268, 750598, 902435, 4340350, 8492422, 6793500, 9688602, 3938835)
	Index Scan using sbtest4_pkey on sbtest4  (cost=0.43..83.64 rows=10 width=121)
	  Index Cond: (id = ANY ('{4198879,9745025,9330268,750598,902435,4340350,8492422,6793500,9688602,3938835}'::integer[]))

table 5 : explain SELECT c FROM sbtest5 WHERE id IN ( 4198879, 9745025, 9330268, 750598, 902435, 4340350, 8492422, 6793500, 9688602, 3938835)
	Index Scan using sbtest5_pkey on sbtest5  (cost=0.43..83.68 rows=10 width=121)
	  Index Cond: (id = ANY ('{4198879,9745025,9330268,750598,902435,4340350,8492422,6793500,9688602,3938835}'::integer[]))

table 6 : explain SELECT c FROM sbtest6 WHERE id IN ( 4198879, 9745025, 9330268, 750598, 902435, 4340350, 8492422, 6793500, 9688602, 3938835)
	Index Scan using sbtest6_pkey on sbtest6  (cost=0.43..83.81 rows=10 width=121)
	  Index Cond: (id = ANY ('{4198879,9745025,9330268,750598,902435,4340350,8492422,6793500,9688602,3938835}'::integer[]))

table 7 : explain SELECT c FROM sbtest7 WHERE id IN ( 4198879, 9745025, 9330268, 750598, 902435, 4340350, 8492422, 6793500, 9688602, 3938835)
	Index Scan using sbtest7_pkey on sbtest7  (cost=0.43..83.64 rows=10 width=121)
	  Index Cond: (id = ANY ('{4198879,9745025,9330268,750598,902435,4340350,8492422,6793500,9688602,3938835}'::integer[]))

table 8 : explain SELECT c FROM sbtest8 WHERE id IN ( 4198879, 9745025, 9330268, 750598, 902435, 4340350, 8492422, 6793500, 9688602, 3938835)
	Index Scan using sbtest8_pkey on sbtest8  (cost=0.43..83.55 rows=10 width=121)
	  Index Cond: (id = ANY ('{4198879,9745025,9330268,750598,902435,4340350,8492422,6793500,9688602,3938835}'::integer[]))

for select-inlist
table 1 : explain SELECT c FROM sbtest1 WHERE id IN ( 2504233, 9617969, 8934983, 9189542, 6117824, 9865937, 7087852, 5598565, 9634098, 9579332)
	Index Scan using sbtest1_pkey on sbtest1  (cost=0.43..83.76 rows=10 width=121)
	  Index Cond: (id = ANY ('{2504233,9617969,8934983,9189542,6117824,9865937,7087852,5598565,9634098,9579332}'::integer[]))

table 2 : explain SELECT c FROM sbtest2 WHERE id IN ( 2504233, 9617969, 8934983, 9189542, 6117824, 9865937, 7087852, 5598565, 9634098, 9579332)
	Index Scan using sbtest2_pkey on sbtest2  (cost=0.43..83.67 rows=10 width=121)
	  Index Cond: (id = ANY ('{2504233,9617969,8934983,9189542,6117824,9865937,7087852,5598565,9634098,9579332}'::integer[]))

table 3 : explain SELECT c FROM sbtest3 WHERE id IN ( 2504233, 9617969, 8934983, 9189542, 6117824, 9865937, 7087852, 5598565, 9634098, 9579332)
	Index Scan using sbtest3_pkey on sbtest3  (cost=0.43..83.76 rows=10 width=121)
	  Index Cond: (id = ANY ('{2504233,9617969,8934983,9189542,6117824,9865937,7087852,5598565,9634098,9579332}'::integer[]))

table 4 : explain SELECT c FROM sbtest4 WHERE id IN ( 2504233, 9617969, 8934983, 9189542, 6117824, 9865937, 7087852, 5598565, 9634098, 9579332)
	Index Scan using sbtest4_pkey on sbtest4  (cost=0.43..83.64 rows=10 width=121)
	  Index Cond: (id = ANY ('{2504233,9617969,8934983,9189542,6117824,9865937,7087852,5598565,9634098,9579332}'::integer[]))

table 5 : explain SELECT c FROM sbtest5 WHERE id IN ( 2504233, 9617969, 8934983, 9189542, 6117824, 9865937, 7087852, 5598565, 9634098, 9579332)
	Index Scan using sbtest5_pkey on sbtest5  (cost=0.43..83.68 rows=10 width=121)
	  Index Cond: (id = ANY ('{2504233,9617969,8934983,9189542,6117824,9865937,7087852,5598565,9634098,9579332}'::integer[]))

table 6 : explain SELECT c FROM sbtest6 WHERE id IN ( 2504233, 9617969, 8934983, 9189542, 6117824, 9865937, 7087852, 5598565, 9634098, 9579332)
	Index Scan using sbtest6_pkey on sbtest6  (cost=0.43..83.81 rows=10 width=121)
	  Index Cond: (id = ANY ('{2504233,9617969,8934983,9189542,6117824,9865937,7087852,5598565,9634098,9579332}'::integer[]))

table 7 : explain SELECT c FROM sbtest7 WHERE id IN ( 2504233, 9617969, 8934983, 9189542, 6117824, 9865937, 7087852, 5598565, 9634098, 9579332)
	Index Scan using sbtest7_pkey on sbtest7  (cost=0.43..83.64 rows=10 width=121)
	  Index Cond: (id = ANY ('{2504233,9617969,8934983,9189542,6117824,9865937,7087852,5598565,9634098,9579332}'::integer[]))

table 8 : explain SELECT c FROM sbtest8 WHERE id IN ( 2504233, 9617969, 8934983, 9189542, 6117824, 9865937, 7087852, 5598565, 9634098, 9579332)
	Index Scan using sbtest8_pkey on sbtest8  (cost=0.43..83.55 rows=10 width=121)
	  Index Cond: (id = ANY ('{2504233,9617969,8934983,9189542,6117824,9865937,7087852,5598565,9634098,9579332}'::integer[]))

explain: for select-inlist :: explain SELECT c FROM sbtest%d WHERE id IN ( 1529013, 2083423, 143156, 3726766, 9889262, 8700482, 2614689, 4988970, 9789829, 3805856)
for select-inlist
table 1 : explain SELECT c FROM sbtest1 WHERE id IN ( 7658797, 5866365, 5874795, 7917206, 2177262, 9860201, 2416944, 8470703, 4172217, 9325545)
	Index Scan using sbtest1_pkey on sbtest1  (cost=0.43..83.76 rows=10 width=121)
	  Index Cond: (id = ANY ('{7658797,5866365,5874795,7917206,2177262,9860201,2416944,8470703,4172217,9325545}'::integer[]))

table 2 : explain SELECT c FROM sbtest2 WHERE id IN ( 7658797, 5866365, 5874795, 7917206, 2177262, 9860201, 2416944, 8470703, 4172217, 9325545)
	Index Scan using sbtest2_pkey on sbtest2  (cost=0.43..83.67 rows=10 width=121)
	  Index Cond: (id = ANY ('{7658797,5866365,5874795,7917206,2177262,9860201,2416944,8470703,4172217,9325545}'::integer[]))

table 3 : explain SELECT c FROM sbtest3 WHERE id IN ( 7658797, 5866365, 5874795, 7917206, 2177262, 9860201, 2416944, 8470703, 4172217, 9325545)
	Index Scan using sbtest3_pkey on sbtest3  (cost=0.43..83.76 rows=10 width=121)
	  Index Cond: (id = ANY ('{7658797,5866365,5874795,7917206,2177262,9860201,2416944,8470703,4172217,9325545}'::integer[]))

table 4 : explain SELECT c FROM sbtest4 WHERE id IN ( 7658797, 5866365, 5874795, 7917206, 2177262, 9860201, 2416944, 8470703, 4172217, 9325545)
	Index Scan using sbtest4_pkey on sbtest4  (cost=0.43..83.64 rows=10 width=121)
	  Index Cond: (id = ANY ('{7658797,5866365,5874795,7917206,2177262,9860201,2416944,8470703,4172217,9325545}'::integer[]))

table 5 : explain SELECT c FROM sbtest5 WHERE id IN ( 7658797, 5866365, 5874795, 7917206, 2177262, 9860201, 2416944, 8470703, 4172217, 9325545)
	Index Scan using sbtest5_pkey on sbtest5  (cost=0.43..83.68 rows=10 width=121)
	  Index Cond: (id = ANY ('{7658797,5866365,5874795,7917206,2177262,9860201,2416944,8470703,4172217,9325545}'::integer[]))

table 6 : explain SELECT c FROM sbtest6 WHERE id IN ( 7658797, 5866365, 5874795, 7917206, 2177262, 9860201, 2416944, 8470703, 4172217, 9325545)
	Index Scan using sbtest6_pkey on sbtest6  (cost=0.43..83.81 rows=10 width=121)
	  Index Cond: (id = ANY ('{7658797,5866365,5874795,7917206,2177262,9860201,2416944,8470703,4172217,9325545}'::integer[]))

table 7 : explain SELECT c FROM sbtest7 WHERE id IN ( 7658797, 5866365, 5874795, 7917206, 2177262, 9860201, 2416944, 8470703, 4172217, 9325545)
	Index Scan using sbtest7_pkey on sbtest7  (cost=0.43..83.64 rows=10 width=121)
	  Index Cond: (id = ANY ('{7658797,5866365,5874795,7917206,2177262,9860201,2416944,8470703,4172217,9325545}'::integer[]))

table 8 : explain SELECT c FROM sbtest8 WHERE id IN ( 7658797, 5866365, 5874795, 7917206, 2177262, 9860201, 2416944, 8470703, 4172217, 9325545)
	Index Scan using sbtest8_pkey on sbtest8  (cost=0.43..83.55 rows=10 width=121)
	  Index Cond: (id = ANY ('{7658797,5866365,5874795,7917206,2177262,9860201,2416944,8470703,4172217,9325545}'::integer[]))

for select-inlist
table 1 : explain SELECT c FROM sbtest1 WHERE id IN ( 642968, 6037241, 1280961, 1568343, 4483385, 8796533, 9778698, 2275143, 234891, 7699792)
	Index Scan using sbtest1_pkey on sbtest1  (cost=0.43..83.76 rows=10 width=121)
	  Index Cond: (id = ANY ('{642968,6037241,1280961,1568343,4483385,8796533,9778698,2275143,234891,7699792}'::integer[]))

table 2 : explain SELECT c FROM sbtest2 WHERE id IN ( 642968, 6037241, 1280961, 1568343, 4483385, 8796533, 9778698, 2275143, 234891, 7699792)
	Index Scan using sbtest2_pkey on sbtest2  (cost=0.43..83.67 rows=10 width=121)
	  Index Cond: (id = ANY ('{642968,6037241,1280961,1568343,4483385,8796533,9778698,2275143,234891,7699792}'::integer[]))

table 3 : explain SELECT c FROM sbtest3 WHERE id IN ( 642968, 6037241, 1280961, 1568343, 4483385, 8796533, 9778698, 2275143, 234891, 7699792)
	Index Scan using sbtest3_pkey on sbtest3  (cost=0.43..83.76 rows=10 width=121)
	  Index Cond: (id = ANY ('{642968,6037241,1280961,1568343,4483385,8796533,9778698,2275143,234891,7699792}'::integer[]))

table 4 : explain SELECT c FROM sbtest4 WHERE id IN ( 642968, 6037241, 1280961, 1568343, 4483385, 8796533, 9778698, 2275143, 234891, 7699792)
	Index Scan using sbtest4_pkey on sbtest4  (cost=0.43..83.64 rows=10 width=121)
	  Index Cond: (id = ANY ('{642968,6037241,1280961,1568343,4483385,8796533,9778698,2275143,234891,7699792}'::integer[]))

table 5 : explain SELECT c FROM sbtest5 WHERE id IN ( 642968, 6037241, 1280961, 1568343, 4483385, 8796533, 9778698, 2275143, 234891, 7699792)
	Index Scan using sbtest5_pkey on sbtest5  (cost=0.43..83.68 rows=10 width=121)
	  Index Cond: (id = ANY ('{642968,6037241,1280961,1568343,4483385,8796533,9778698,2275143,234891,7699792}'::integer[]))

table 6 : explain SELECT c FROM sbtest6 WHERE id IN ( 642968, 6037241, 1280961, 1568343, 4483385, 8796533, 9778698, 2275143, 234891, 7699792)
	Index Scan using sbtest6_pkey on sbtest6  (cost=0.43..83.81 rows=10 width=121)
	  Index Cond: (id = ANY ('{642968,6037241,1280961,1568343,4483385,8796533,9778698,2275143,234891,7699792}'::integer[]))

table 7 : explain SELECT c FROM sbtest7 WHERE id IN ( 642968, 6037241, 1280961, 1568343, 4483385, 8796533, 9778698, 2275143, 234891, 7699792)
	Index Scan using sbtest7_pkey on sbtest7  (cost=0.43..83.64 rows=10 width=121)
	  Index Cond: (id = ANY ('{642968,6037241,1280961,1568343,4483385,8796533,9778698,2275143,234891,7699792}'::integer[]))

table 8 : explain SELECT c FROM sbtest8 WHERE id IN ( 642968, 6037241, 1280961, 1568343, 4483385, 8796533, 9778698, 2275143, 234891, 7699792)
	Index Scan using sbtest8_pkey on sbtest8  (cost=0.43..83.55 rows=10 width=121)
	  Index Cond: (id = ANY ('{642968,6037241,1280961,1568343,4483385,8796533,9778698,2275143,234891,7699792}'::integer[]))

for select-inlist
table 1 : explain SELECT c FROM sbtest1 WHERE id IN ( 692960, 8169319, 7482296, 7337155, 5440135, 7802057, 1430440, 3750742, 6234459, 2115820)
	Index Scan using sbtest1_pkey on sbtest1  (cost=0.43..83.76 rows=10 width=121)
	  Index Cond: (id = ANY ('{692960,8169319,7482296,7337155,5440135,7802057,1430440,3750742,6234459,2115820}'::integer[]))

table 2 : explain SELECT c FROM sbtest2 WHERE id IN ( 692960, 8169319, 7482296, 7337155, 5440135, 7802057, 1430440, 3750742, 6234459, 2115820)
	Index Scan using sbtest2_pkey on sbtest2  (cost=0.43..83.67 rows=10 width=121)
	  Index Cond: (id = ANY ('{692960,8169319,7482296,7337155,5440135,7802057,1430440,3750742,6234459,2115820}'::integer[]))

table 3 : explain SELECT c FROM sbtest3 WHERE id IN ( 692960, 8169319, 7482296, 7337155, 5440135, 7802057, 1430440, 3750742, 6234459, 2115820)
	Index Scan using sbtest3_pkey on sbtest3  (cost=0.43..83.76 rows=10 width=121)
	  Index Cond: (id = ANY ('{692960,8169319,7482296,7337155,5440135,7802057,1430440,3750742,6234459,2115820}'::integer[]))

table 4 : explain SELECT c FROM sbtest4 WHERE id IN ( 692960, 8169319, 7482296, 7337155, 5440135, 7802057, 1430440, 3750742, 6234459, 2115820)
	Index Scan using sbtest4_pkey on sbtest4  (cost=0.43..83.64 rows=10 width=121)
	  Index Cond: (id = ANY ('{692960,8169319,7482296,7337155,5440135,7802057,1430440,3750742,6234459,2115820}'::integer[]))

table 5 : explain SELECT c FROM sbtest5 WHERE id IN ( 692960, 8169319, 7482296, 7337155, 5440135, 7802057, 1430440, 3750742, 6234459, 2115820)
	Index Scan using sbtest5_pkey on sbtest5  (cost=0.43..83.68 rows=10 width=121)
	  Index Cond: (id = ANY ('{692960,8169319,7482296,7337155,5440135,7802057,1430440,3750742,6234459,2115820}'::integer[]))

table 6 : explain SELECT c FROM sbtest6 WHERE id IN ( 692960, 8169319, 7482296, 7337155, 5440135, 7802057, 1430440, 3750742, 6234459, 2115820)
	Index Scan using sbtest6_pkey on sbtest6  (cost=0.43..83.81 rows=10 width=121)
	  Index Cond: (id = ANY ('{692960,8169319,7482296,7337155,5440135,7802057,1430440,3750742,6234459,2115820}'::integer[]))

table 7 : explain SELECT c FROM sbtest7 WHERE id IN ( 692960, 8169319, 7482296, 7337155, 5440135, 7802057, 1430440, 3750742, 6234459, 2115820)
	Index Scan using sbtest7_pkey on sbtest7  (cost=0.43..83.64 rows=10 width=121)
	  Index Cond: (id = ANY ('{692960,8169319,7482296,7337155,5440135,7802057,1430440,3750742,6234459,2115820}'::integer[]))

table 8 : explain SELECT c FROM sbtest8 WHERE id IN ( 692960, 8169319, 7482296, 7337155, 5440135, 7802057, 1430440, 3750742, 6234459, 2115820)
	Index Scan using sbtest8_pkey on sbtest8  (cost=0.43..83.55 rows=10 width=121)
	  Index Cond: (id = ANY ('{692960,8169319,7482296,7337155,5440135,7802057,1430440,3750742,6234459,2115820}'::integer[]))

explain: for select-inlist :: explain SELECT c FROM sbtest%d WHERE id IN ( 8892835, 704351, 3832556, 4565890, 9525623, 4501011, 2534779, 4939521, 3993238, 7232994)
for select-inlist
table 1 : explain SELECT c FROM sbtest1 WHERE id IN ( 6905456, 8352794, 7176501, 4705402, 374083, 3182359, 858906, 207842, 5592902, 3755085)
	Index Scan using sbtest1_pkey on sbtest1  (cost=0.43..83.76 rows=10 width=121)
	  Index Cond: (id = ANY ('{6905456,8352794,7176501,4705402,374083,3182359,858906,207842,5592902,3755085}'::integer[]))

table 2 : explain SELECT c FROM sbtest2 WHERE id IN ( 6905456, 8352794, 7176501, 4705402, 374083, 3182359, 858906, 207842, 5592902, 3755085)
	Index Scan using sbtest2_pkey on sbtest2  (cost=0.43..83.67 rows=10 width=121)
	  Index Cond: (id = ANY ('{6905456,8352794,7176501,4705402,374083,3182359,858906,207842,5592902,3755085}'::integer[]))

table 3 : explain SELECT c FROM sbtest3 WHERE id IN ( 6905456, 8352794, 7176501, 4705402, 374083, 3182359, 858906, 207842, 5592902, 3755085)
	Index Scan using sbtest3_pkey on sbtest3  (cost=0.43..83.76 rows=10 width=121)
	  Index Cond: (id = ANY ('{6905456,8352794,7176501,4705402,374083,3182359,858906,207842,5592902,3755085}'::integer[]))

table 4 : explain SELECT c FROM sbtest4 WHERE id IN ( 6905456, 8352794, 7176501, 4705402, 374083, 3182359, 858906, 207842, 5592902, 3755085)
	Index Scan using sbtest4_pkey on sbtest4  (cost=0.43..83.64 rows=10 width=121)
	  Index Cond: (id = ANY ('{6905456,8352794,7176501,4705402,374083,3182359,858906,207842,5592902,3755085}'::integer[]))

table 5 : explain SELECT c FROM sbtest5 WHERE id IN ( 6905456, 8352794, 7176501, 4705402, 374083, 3182359, 858906, 207842, 5592902, 3755085)
	Index Scan using sbtest5_pkey on sbtest5  (cost=0.43..83.68 rows=10 width=121)
	  Index Cond: (id = ANY ('{6905456,8352794,7176501,4705402,374083,3182359,858906,207842,5592902,3755085}'::integer[]))

table 6 : explain SELECT c FROM sbtest6 WHERE id IN ( 6905456, 8352794, 7176501, 4705402, 374083, 3182359, 858906, 207842, 5592902, 3755085)
	Index Scan using sbtest6_pkey on sbtest6  (cost=0.43..83.81 rows=10 width=121)
	  Index Cond: (id = ANY ('{6905456,8352794,7176501,4705402,374083,3182359,858906,207842,5592902,3755085}'::integer[]))

table 7 : explain SELECT c FROM sbtest7 WHERE id IN ( 6905456, 8352794, 7176501, 4705402, 374083, 3182359, 858906, 207842, 5592902, 3755085)
	Index Scan using sbtest7_pkey on sbtest7  (cost=0.43..83.64 rows=10 width=121)
	  Index Cond: (id = ANY ('{6905456,8352794,7176501,4705402,374083,3182359,858906,207842,5592902,3755085}'::integer[]))

table 8 : explain SELECT c FROM sbtest8 WHERE id IN ( 6905456, 8352794, 7176501, 4705402, 374083, 3182359, 858906, 207842, 5592902, 3755085)
	Index Scan using sbtest8_pkey on sbtest8  (cost=0.43..83.55 rows=10 width=121)
	  Index Cond: (id = ANY ('{6905456,8352794,7176501,4705402,374083,3182359,858906,207842,5592902,3755085}'::integer[]))

for select-inlist
table 1 : explain SELECT c FROM sbtest1 WHERE id IN ( 9975570, 7378432, 930428, 7430528, 1360808, 2943841, 1378647, 7213806, 8935125, 6205476)
	Index Scan using sbtest1_pkey on sbtest1  (cost=0.43..83.76 rows=10 width=121)
	  Index Cond: (id = ANY ('{9975570,7378432,930428,7430528,1360808,2943841,1378647,7213806,8935125,6205476}'::integer[]))

table 2 : explain SELECT c FROM sbtest2 WHERE id IN ( 9975570, 7378432, 930428, 7430528, 1360808, 2943841, 1378647, 7213806, 8935125, 6205476)
	Index Scan using sbtest2_pkey on sbtest2  (cost=0.43..83.67 rows=10 width=121)
	  Index Cond: (id = ANY ('{9975570,7378432,930428,7430528,1360808,2943841,1378647,7213806,8935125,6205476}'::integer[]))

table 3 : explain SELECT c FROM sbtest3 WHERE id IN ( 9975570, 7378432, 930428, 7430528, 1360808, 2943841, 1378647, 7213806, 8935125, 6205476)
	Index Scan using sbtest3_pkey on sbtest3  (cost=0.43..83.76 rows=10 width=121)
	  Index Cond: (id = ANY ('{9975570,7378432,930428,7430528,1360808,2943841,1378647,7213806,8935125,6205476}'::integer[]))

table 4 : explain SELECT c FROM sbtest4 WHERE id IN ( 9975570, 7378432, 930428, 7430528, 1360808, 2943841, 1378647, 7213806, 8935125, 6205476)
	Index Scan using sbtest4_pkey on sbtest4  (cost=0.43..83.64 rows=10 width=121)
	  Index Cond: (id = ANY ('{9975570,7378432,930428,7430528,1360808,2943841,1378647,7213806,8935125,6205476}'::integer[]))

table 5 : explain SELECT c FROM sbtest5 WHERE id IN ( 9975570, 7378432, 930428, 7430528, 1360808, 2943841, 1378647, 7213806, 8935125, 6205476)
	Index Scan using sbtest5_pkey on sbtest5  (cost=0.43..83.68 rows=10 width=121)
	  Index Cond: (id = ANY ('{9975570,7378432,930428,7430528,1360808,2943841,1378647,7213806,8935125,6205476}'::integer[]))

table 6 : explain SELECT c FROM sbtest6 WHERE id IN ( 9975570, 7378432, 930428, 7430528, 1360808, 2943841, 1378647, 7213806, 8935125, 6205476)
	Index Scan using sbtest6_pkey on sbtest6  (cost=0.43..83.81 rows=10 width=121)
	  Index Cond: (id = ANY ('{9975570,7378432,930428,7430528,1360808,2943841,1378647,7213806,8935125,6205476}'::integer[]))

table 7 : explain SELECT c FROM sbtest7 WHERE id IN ( 9975570, 7378432, 930428, 7430528, 1360808, 2943841, 1378647, 7213806, 8935125, 6205476)
	Index Scan using sbtest7_pkey on sbtest7  (cost=0.43..83.64 rows=10 width=121)
	  Index Cond: (id = ANY ('{9975570,7378432,930428,7430528,1360808,2943841,1378647,7213806,8935125,6205476}'::integer[]))

table 8 : explain SELECT c FROM sbtest8 WHERE id IN ( 9975570, 7378432, 930428, 7430528, 1360808, 2943841, 1378647, 7213806, 8935125, 6205476)
	Index Scan using sbtest8_pkey on sbtest8  (cost=0.43..83.55 rows=10 width=121)
	  Index Cond: (id = ANY ('{9975570,7378432,930428,7430528,1360808,2943841,1378647,7213806,8935125,6205476}'::integer[]))

explain: for select-inlist :: explain SELECT c FROM sbtest%d WHERE id IN ( 1225535, 2987745, 5729883, 1270967, 2914351, 2942888, 9485548, 2392710, 9477686, 6475832)
for select-inlist
table 1 : explain SELECT c FROM sbtest1 WHERE id IN ( 4284420, 5106146, 5645987, 5018867, 7712218, 6255827, 9637635, 1597347, 8811057, 3890697)
	Index Scan using sbtest1_pkey on sbtest1  (cost=0.43..83.76 rows=10 width=121)
	  Index Cond: (id = ANY ('{4284420,5106146,5645987,5018867,7712218,6255827,9637635,1597347,8811057,3890697}'::integer[]))

table 2 : explain SELECT c FROM sbtest2 WHERE id IN ( 4284420, 5106146, 5645987, 5018867, 7712218, 6255827, 9637635, 1597347, 8811057, 3890697)
	Index Scan using sbtest2_pkey on sbtest2  (cost=0.43..83.67 rows=10 width=121)
	  Index Cond: (id = ANY ('{4284420,5106146,5645987,5018867,7712218,6255827,9637635,1597347,8811057,3890697}'::integer[]))

table 3 : explain SELECT c FROM sbtest3 WHERE id IN ( 4284420, 5106146, 5645987, 5018867, 7712218, 6255827, 9637635, 1597347, 8811057, 3890697)
	Index Scan using sbtest3_pkey on sbtest3  (cost=0.43..83.76 rows=10 width=121)
	  Index Cond: (id = ANY ('{4284420,5106146,5645987,5018867,7712218,6255827,9637635,1597347,8811057,3890697}'::integer[]))

table 4 : explain SELECT c FROM sbtest4 WHERE id IN ( 4284420, 5106146, 5645987, 5018867, 7712218, 6255827, 9637635, 1597347, 8811057, 3890697)
	Index Scan using sbtest4_pkey on sbtest4  (cost=0.43..83.64 rows=10 width=121)
	  Index Cond: (id = ANY ('{4284420,5106146,5645987,5018867,7712218,6255827,9637635,1597347,8811057,3890697}'::integer[]))

table 5 : explain SELECT c FROM sbtest5 WHERE id IN ( 4284420, 5106146, 5645987, 5018867, 7712218, 6255827, 9637635, 1597347, 8811057, 3890697)
	Index Scan using sbtest5_pkey on sbtest5  (cost=0.43..83.68 rows=10 width=121)
	  Index Cond: (id = ANY ('{4284420,5106146,5645987,5018867,7712218,6255827,9637635,1597347,8811057,3890697}'::integer[]))

table 6 : explain SELECT c FROM sbtest6 WHERE id IN ( 4284420, 5106146, 5645987, 5018867, 7712218, 6255827, 9637635, 1597347, 8811057, 3890697)
	Index Scan using sbtest6_pkey on sbtest6  (cost=0.43..83.81 rows=10 width=121)
	  Index Cond: (id = ANY ('{4284420,5106146,5645987,5018867,7712218,6255827,9637635,1597347,8811057,3890697}'::integer[]))

table 7 : explain SELECT c FROM sbtest7 WHERE id IN ( 4284420, 5106146, 5645987, 5018867, 7712218, 6255827, 9637635, 1597347, 8811057, 3890697)
	Index Scan using sbtest7_pkey on sbtest7  (cost=0.43..83.64 rows=10 width=121)
	  Index Cond: (id = ANY ('{4284420,5106146,5645987,5018867,7712218,6255827,9637635,1597347,8811057,3890697}'::integer[]))

table 8 : explain SELECT c FROM sbtest8 WHERE id IN ( 4284420, 5106146, 5645987, 5018867, 7712218, 6255827, 9637635, 1597347, 8811057, 3890697)
	Index Scan using sbtest8_pkey on sbtest8  (cost=0.43..83.55 rows=10 width=121)
	  Index Cond: (id = ANY ('{4284420,5106146,5645987,5018867,7712218,6255827,9637635,1597347,8811057,3890697}'::integer[]))

explain: for select-inlist :: explain SELECT c FROM sbtest%d WHERE id IN ( 2955445, 575232, 2440727, 1873296, 7239544, 1725365, 8716621, 422000, 4456558, 2656917)
for select-inlist
table 1 : explain SELECT c FROM sbtest1 WHERE id IN ( 9162740, 3086564, 5773233, 1258581, 8481420, 2151788, 6925806, 2215990, 4769170, 3170770)
	Index Scan using sbtest1_pkey on sbtest1  (cost=0.43..83.76 rows=10 width=121)
	  Index Cond: (id = ANY ('{9162740,3086564,5773233,1258581,8481420,2151788,6925806,2215990,4769170,3170770}'::integer[]))

table 2 : explain SELECT c FROM sbtest2 WHERE id IN ( 9162740, 3086564, 5773233, 1258581, 8481420, 2151788, 6925806, 2215990, 4769170, 3170770)
	Index Scan using sbtest2_pkey on sbtest2  (cost=0.43..83.67 rows=10 width=121)
	  Index Cond: (id = ANY ('{9162740,3086564,5773233,1258581,8481420,2151788,6925806,2215990,4769170,3170770}'::integer[]))

table 3 : explain SELECT c FROM sbtest3 WHERE id IN ( 9162740, 3086564, 5773233, 1258581, 8481420, 2151788, 6925806, 2215990, 4769170, 3170770)
	Index Scan using sbtest3_pkey on sbtest3  (cost=0.43..83.76 rows=10 width=121)
	  Index Cond: (id = ANY ('{9162740,3086564,5773233,1258581,8481420,2151788,6925806,2215990,4769170,3170770}'::integer[]))

table 4 : explain SELECT c FROM sbtest4 WHERE id IN ( 9162740, 3086564, 5773233, 1258581, 8481420, 2151788, 6925806, 2215990, 4769170, 3170770)
	Index Scan using sbtest4_pkey on sbtest4  (cost=0.43..83.64 rows=10 width=121)
	  Index Cond: (id = ANY ('{9162740,3086564,5773233,1258581,8481420,2151788,6925806,2215990,4769170,3170770}'::integer[]))

table 5 : explain SELECT c FROM sbtest5 WHERE id IN ( 9162740, 3086564, 5773233, 1258581, 8481420, 2151788, 6925806, 2215990, 4769170, 3170770)
	Index Scan using sbtest5_pkey on sbtest5  (cost=0.43..83.68 rows=10 width=121)
	  Index Cond: (id = ANY ('{9162740,3086564,5773233,1258581,8481420,2151788,6925806,2215990,4769170,3170770}'::integer[]))

table 6 : explain SELECT c FROM sbtest6 WHERE id IN ( 9162740, 3086564, 5773233, 1258581, 8481420, 2151788, 6925806, 2215990, 4769170, 3170770)
	Index Scan using sbtest6_pkey on sbtest6  (cost=0.43..83.81 rows=10 width=121)
	  Index Cond: (id = ANY ('{9162740,3086564,5773233,1258581,8481420,2151788,6925806,2215990,4769170,3170770}'::integer[]))

table 7 : explain SELECT c FROM sbtest7 WHERE id IN ( 9162740, 3086564, 5773233, 1258581, 8481420, 2151788, 6925806, 2215990, 4769170, 3170770)
	Index Scan using sbtest7_pkey on sbtest7  (cost=0.43..83.64 rows=10 width=121)
	  Index Cond: (id = ANY ('{9162740,3086564,5773233,1258581,8481420,2151788,6925806,2215990,4769170,3170770}'::integer[]))

table 8 : explain SELECT c FROM sbtest8 WHERE id IN ( 9162740, 3086564, 5773233, 1258581, 8481420, 2151788, 6925806, 2215990, 4769170, 3170770)
	Index Scan using sbtest8_pkey on sbtest8  (cost=0.43..83.55 rows=10 width=121)
	  Index Cond: (id = ANY ('{9162740,3086564,5773233,1258581,8481420,2151788,6925806,2215990,4769170,3170770}'::integer[]))

explain: for select-inlist :: explain SELECT c FROM sbtest%d WHERE id IN ( 6035426, 6090006, 7268190, 9930581, 3857166, 7376605, 7271424, 5890674, 8840711, 102252)
explain: for select-inlist :: explain SELECT c FROM sbtest%d WHERE id IN ( 6207509, 9562508, 8140458, 391178, 1692354, 4416262, 5304566, 3255044, 9264529, 6946146)
for select-inlist
table 1 : explain SELECT c FROM sbtest1 WHERE id IN ( 1529013, 2083423, 143156, 3726766, 9889262, 8700482, 2614689, 4988970, 9789829, 3805856)
	Index Scan using sbtest1_pkey on sbtest1  (cost=0.43..83.76 rows=10 width=121)
	  Index Cond: (id = ANY ('{1529013,2083423,143156,3726766,9889262,8700482,2614689,4988970,9789829,3805856}'::integer[]))

table 2 : explain SELECT c FROM sbtest2 WHERE id IN ( 1529013, 2083423, 143156, 3726766, 9889262, 8700482, 2614689, 4988970, 9789829, 3805856)
	Index Scan using sbtest2_pkey on sbtest2  (cost=0.43..83.67 rows=10 width=121)
	  Index Cond: (id = ANY ('{1529013,2083423,143156,3726766,9889262,8700482,2614689,4988970,9789829,3805856}'::integer[]))

table 3 : explain SELECT c FROM sbtest3 WHERE id IN ( 1529013, 2083423, 143156, 3726766, 9889262, 8700482, 2614689, 4988970, 9789829, 3805856)
	Index Scan using sbtest3_pkey on sbtest3  (cost=0.43..83.76 rows=10 width=121)
	  Index Cond: (id = ANY ('{1529013,2083423,143156,3726766,9889262,8700482,2614689,4988970,9789829,3805856}'::integer[]))

table 4 : explain SELECT c FROM sbtest4 WHERE id IN ( 1529013, 2083423, 143156, 3726766, 9889262, 8700482, 2614689, 4988970, 9789829, 3805856)
	Index Scan using sbtest4_pkey on sbtest4  (cost=0.43..83.64 rows=10 width=121)
	  Index Cond: (id = ANY ('{1529013,2083423,143156,3726766,9889262,8700482,2614689,4988970,9789829,3805856}'::integer[]))

table 5 : explain SELECT c FROM sbtest5 WHERE id IN ( 1529013, 2083423, 143156, 3726766, 9889262, 8700482, 2614689, 4988970, 9789829, 3805856)
	Index Scan using sbtest5_pkey on sbtest5  (cost=0.43..83.68 rows=10 width=121)
	  Index Cond: (id = ANY ('{1529013,2083423,143156,3726766,9889262,8700482,2614689,4988970,9789829,3805856}'::integer[]))

table 6 : explain SELECT c FROM sbtest6 WHERE id IN ( 1529013, 2083423, 143156, 3726766, 9889262, 8700482, 2614689, 4988970, 9789829, 3805856)
	Index Scan using sbtest6_pkey on sbtest6  (cost=0.43..83.81 rows=10 width=121)
	  Index Cond: (id = ANY ('{1529013,2083423,143156,3726766,9889262,8700482,2614689,4988970,9789829,3805856}'::integer[]))

table 7 : explain SELECT c FROM sbtest7 WHERE id IN ( 1529013, 2083423, 143156, 3726766, 9889262, 8700482, 2614689, 4988970, 9789829, 3805856)
	Index Scan using sbtest7_pkey on sbtest7  (cost=0.43..83.64 rows=10 width=121)
	  Index Cond: (id = ANY ('{1529013,2083423,143156,3726766,9889262,8700482,2614689,4988970,9789829,3805856}'::integer[]))

table 8 : explain SELECT c FROM sbtest8 WHERE id IN ( 1529013, 2083423, 143156, 3726766, 9889262, 8700482, 2614689, 4988970, 9789829, 3805856)
	Index Scan using sbtest8_pkey on sbtest8  (cost=0.43..83.55 rows=10 width=121)
	  Index Cond: (id = ANY ('{1529013,2083423,143156,3726766,9889262,8700482,2614689,4988970,9789829,3805856}'::integer[]))

explain: for select-inlist :: explain SELECT c FROM sbtest%d WHERE id IN ( 5983093, 4969065, 2965939, 1100185, 6174636, 5537587, 4756734, 8512558, 9552196, 6609884)
for select-inlist
table 1 : explain SELECT c FROM sbtest1 WHERE id IN ( 8892835, 704351, 3832556, 4565890, 9525623, 4501011, 2534779, 4939521, 3993238, 7232994)
	Index Scan using sbtest1_pkey on sbtest1  (cost=0.43..83.76 rows=10 width=121)
	  Index Cond: (id = ANY ('{8892835,704351,3832556,4565890,9525623,4501011,2534779,4939521,3993238,7232994}'::integer[]))

table 2 : explain SELECT c FROM sbtest2 WHERE id IN ( 8892835, 704351, 3832556, 4565890, 9525623, 4501011, 2534779, 4939521, 3993238, 7232994)
	Index Scan using sbtest2_pkey on sbtest2  (cost=0.43..83.67 rows=10 width=121)
	  Index Cond: (id = ANY ('{8892835,704351,3832556,4565890,9525623,4501011,2534779,4939521,3993238,7232994}'::integer[]))

table 3 : explain SELECT c FROM sbtest3 WHERE id IN ( 8892835, 704351, 3832556, 4565890, 9525623, 4501011, 2534779, 4939521, 3993238, 7232994)
	Index Scan using sbtest3_pkey on sbtest3  (cost=0.43..83.76 rows=10 width=121)
	  Index Cond: (id = ANY ('{8892835,704351,3832556,4565890,9525623,4501011,2534779,4939521,3993238,7232994}'::integer[]))

table 4 : explain SELECT c FROM sbtest4 WHERE id IN ( 8892835, 704351, 3832556, 4565890, 9525623, 4501011, 2534779, 4939521, 3993238, 7232994)
	Index Scan using sbtest4_pkey on sbtest4  (cost=0.43..83.64 rows=10 width=121)
	  Index Cond: (id = ANY ('{8892835,704351,3832556,4565890,9525623,4501011,2534779,4939521,3993238,7232994}'::integer[]))

table 5 : explain SELECT c FROM sbtest5 WHERE id IN ( 8892835, 704351, 3832556, 4565890, 9525623, 4501011, 2534779, 4939521, 3993238, 7232994)
	Index Scan using sbtest5_pkey on sbtest5  (cost=0.43..83.68 rows=10 width=121)
	  Index Cond: (id = ANY ('{8892835,704351,3832556,4565890,9525623,4501011,2534779,4939521,3993238,7232994}'::integer[]))

table 6 : explain SELECT c FROM sbtest6 WHERE id IN ( 8892835, 704351, 3832556, 4565890, 9525623, 4501011, 2534779, 4939521, 3993238, 7232994)
	Index Scan using sbtest6_pkey on sbtest6  (cost=0.43..83.81 rows=10 width=121)
	  Index Cond: (id = ANY ('{8892835,704351,3832556,4565890,9525623,4501011,2534779,4939521,3993238,7232994}'::integer[]))

table 7 : explain SELECT c FROM sbtest7 WHERE id IN ( 8892835, 704351, 3832556, 4565890, 9525623, 4501011, 2534779, 4939521, 3993238, 7232994)
	Index Scan using sbtest7_pkey on sbtest7  (cost=0.43..83.64 rows=10 width=121)
	  Index Cond: (id = ANY ('{8892835,704351,3832556,4565890,9525623,4501011,2534779,4939521,3993238,7232994}'::integer[]))

table 8 : explain SELECT c FROM sbtest8 WHERE id IN ( 8892835, 704351, 3832556, 4565890, 9525623, 4501011, 2534779, 4939521, 3993238, 7232994)
	Index Scan using sbtest8_pkey on sbtest8  (cost=0.43..83.55 rows=10 width=121)
	  Index Cond: (id = ANY ('{8892835,704351,3832556,4565890,9525623,4501011,2534779,4939521,3993238,7232994}'::integer[]))

for select-inlist
table 1 : explain SELECT c FROM sbtest1 WHERE id IN ( 2955445, 575232, 2440727, 1873296, 7239544, 1725365, 8716621, 422000, 4456558, 2656917)
	Index Scan using sbtest1_pkey on sbtest1  (cost=0.43..83.76 rows=10 width=121)
	  Index Cond: (id = ANY ('{2955445,575232,2440727,1873296,7239544,1725365,8716621,422000,4456558,2656917}'::integer[]))

table 2 : explain SELECT c FROM sbtest2 WHERE id IN ( 2955445, 575232, 2440727, 1873296, 7239544, 1725365, 8716621, 422000, 4456558, 2656917)
	Index Scan using sbtest2_pkey on sbtest2  (cost=0.43..83.67 rows=10 width=121)
	  Index Cond: (id = ANY ('{2955445,575232,2440727,1873296,7239544,1725365,8716621,422000,4456558,2656917}'::integer[]))

table 3 : explain SELECT c FROM sbtest3 WHERE id IN ( 2955445, 575232, 2440727, 1873296, 7239544, 1725365, 8716621, 422000, 4456558, 2656917)
	Index Scan using sbtest3_pkey on sbtest3  (cost=0.43..83.76 rows=10 width=121)
	  Index Cond: (id = ANY ('{2955445,575232,2440727,1873296,7239544,1725365,8716621,422000,4456558,2656917}'::integer[]))

table 4 : explain SELECT c FROM sbtest4 WHERE id IN ( 2955445, 575232, 2440727, 1873296, 7239544, 1725365, 8716621, 422000, 4456558, 2656917)
	Index Scan using sbtest4_pkey on sbtest4  (cost=0.43..83.64 rows=10 width=121)
	  Index Cond: (id = ANY ('{2955445,575232,2440727,1873296,7239544,1725365,8716621,422000,4456558,2656917}'::integer[]))

table 5 : explain SELECT c FROM sbtest5 WHERE id IN ( 2955445, 575232, 2440727, 1873296, 7239544, 1725365, 8716621, 422000, 4456558, 2656917)
	Index Scan using sbtest5_pkey on sbtest5  (cost=0.43..83.68 rows=10 width=121)
	  Index Cond: (id = ANY ('{2955445,575232,2440727,1873296,7239544,1725365,8716621,422000,4456558,2656917}'::integer[]))

table 6 : explain SELECT c FROM sbtest6 WHERE id IN ( 2955445, 575232, 2440727, 1873296, 7239544, 1725365, 8716621, 422000, 4456558, 2656917)
	Index Scan using sbtest6_pkey on sbtest6  (cost=0.43..83.81 rows=10 width=121)
	  Index Cond: (id = ANY ('{2955445,575232,2440727,1873296,7239544,1725365,8716621,422000,4456558,2656917}'::integer[]))

table 7 : explain SELECT c FROM sbtest7 WHERE id IN ( 2955445, 575232, 2440727, 1873296, 7239544, 1725365, 8716621, 422000, 4456558, 2656917)
	Index Scan using sbtest7_pkey on sbtest7  (cost=0.43..83.64 rows=10 width=121)
	  Index Cond: (id = ANY ('{2955445,575232,2440727,1873296,7239544,1725365,8716621,422000,4456558,2656917}'::integer[]))

table 8 : explain SELECT c FROM sbtest8 WHERE id IN ( 2955445, 575232, 2440727, 1873296, 7239544, 1725365, 8716621, 422000, 4456558, 2656917)
	Index Scan using sbtest8_pkey on sbtest8  (cost=0.43..83.55 rows=10 width=121)
	  Index Cond: (id = ANY ('{2955445,575232,2440727,1873296,7239544,1725365,8716621,422000,4456558,2656917}'::integer[]))

explain: for select-inlist :: explain SELECT c FROM sbtest%d WHERE id IN ( 7749637, 9145898, 1807275, 2101459, 7026366, 787640, 7871285, 5094731, 2535538, 8572714)
for select-inlist
table 1 : explain SELECT c FROM sbtest1 WHERE id IN ( 6207509, 9562508, 8140458, 391178, 1692354, 4416262, 5304566, 3255044, 9264529, 6946146)
	Index Scan using sbtest1_pkey on sbtest1  (cost=0.43..83.76 rows=10 width=121)
	  Index Cond: (id = ANY ('{6207509,9562508,8140458,391178,1692354,4416262,5304566,3255044,9264529,6946146}'::integer[]))

table 2 : explain SELECT c FROM sbtest2 WHERE id IN ( 6207509, 9562508, 8140458, 391178, 1692354, 4416262, 5304566, 3255044, 9264529, 6946146)
	Index Scan using sbtest2_pkey on sbtest2  (cost=0.43..83.67 rows=10 width=121)
	  Index Cond: (id = ANY ('{6207509,9562508,8140458,391178,1692354,4416262,5304566,3255044,9264529,6946146}'::integer[]))

table 3 : explain SELECT c FROM sbtest3 WHERE id IN ( 6207509, 9562508, 8140458, 391178, 1692354, 4416262, 5304566, 3255044, 9264529, 6946146)
	Index Scan using sbtest3_pkey on sbtest3  (cost=0.43..83.76 rows=10 width=121)
	  Index Cond: (id = ANY ('{6207509,9562508,8140458,391178,1692354,4416262,5304566,3255044,9264529,6946146}'::integer[]))

table 4 : explain SELECT c FROM sbtest4 WHERE id IN ( 6207509, 9562508, 8140458, 391178, 1692354, 4416262, 5304566, 3255044, 9264529, 6946146)
	Index Scan using sbtest4_pkey on sbtest4  (cost=0.43..83.64 rows=10 width=121)
	  Index Cond: (id = ANY ('{6207509,9562508,8140458,391178,1692354,4416262,5304566,3255044,9264529,6946146}'::integer[]))

table 5 : explain SELECT c FROM sbtest5 WHERE id IN ( 6207509, 9562508, 8140458, 391178, 1692354, 4416262, 5304566, 3255044, 9264529, 6946146)
	Index Scan using sbtest5_pkey on sbtest5  (cost=0.43..83.68 rows=10 width=121)
	  Index Cond: (id = ANY ('{6207509,9562508,8140458,391178,1692354,4416262,5304566,3255044,9264529,6946146}'::integer[]))

table 6 : explain SELECT c FROM sbtest6 WHERE id IN ( 6207509, 9562508, 8140458, 391178, 1692354, 4416262, 5304566, 3255044, 9264529, 6946146)
	Index Scan using sbtest6_pkey on sbtest6  (cost=0.43..83.81 rows=10 width=121)
	  Index Cond: (id = ANY ('{6207509,9562508,8140458,391178,1692354,4416262,5304566,3255044,9264529,6946146}'::integer[]))

table 7 : explain SELECT c FROM sbtest7 WHERE id IN ( 6207509, 9562508, 8140458, 391178, 1692354, 4416262, 5304566, 3255044, 9264529, 6946146)
	Index Scan using sbtest7_pkey on sbtest7  (cost=0.43..83.64 rows=10 width=121)
	  Index Cond: (id = ANY ('{6207509,9562508,8140458,391178,1692354,4416262,5304566,3255044,9264529,6946146}'::integer[]))

table 8 : explain SELECT c FROM sbtest8 WHERE id IN ( 6207509, 9562508, 8140458, 391178, 1692354, 4416262, 5304566, 3255044, 9264529, 6946146)
	Index Scan using sbtest8_pkey on sbtest8  (cost=0.43..83.55 rows=10 width=121)
	  Index Cond: (id = ANY ('{6207509,9562508,8140458,391178,1692354,4416262,5304566,3255044,9264529,6946146}'::integer[]))

explain: for select-inlist :: explain SELECT c FROM sbtest%d WHERE id IN ( 896917, 8966453, 2374597, 5597556, 6126903, 5143478, 7741564, 448566, 7968101, 6561227)
explain: for select-inlist :: explain SELECT c FROM sbtest%d WHERE id IN ( 6205393, 1218740, 3274429, 4601024, 3161960, 9038209, 7214376, 5514454, 2862431, 4751348)
for select-inlist
table 1 : explain SELECT c FROM sbtest1 WHERE id IN ( 1225535, 2987745, 5729883, 1270967, 2914351, 2942888, 9485548, 2392710, 9477686, 6475832)
	Index Scan using sbtest1_pkey on sbtest1  (cost=0.43..83.76 rows=10 width=121)
	  Index Cond: (id = ANY ('{1225535,2987745,5729883,1270967,2914351,2942888,9485548,2392710,9477686,6475832}'::integer[]))

table 2 : explain SELECT c FROM sbtest2 WHERE id IN ( 1225535, 2987745, 5729883, 1270967, 2914351, 2942888, 9485548, 2392710, 9477686, 6475832)
	Index Scan using sbtest2_pkey on sbtest2  (cost=0.43..83.67 rows=10 width=121)
	  Index Cond: (id = ANY ('{1225535,2987745,5729883,1270967,2914351,2942888,9485548,2392710,9477686,6475832}'::integer[]))

table 3 : explain SELECT c FROM sbtest3 WHERE id IN ( 1225535, 2987745, 5729883, 1270967, 2914351, 2942888, 9485548, 2392710, 9477686, 6475832)
	Index Scan using sbtest3_pkey on sbtest3  (cost=0.43..83.76 rows=10 width=121)
	  Index Cond: (id = ANY ('{1225535,2987745,5729883,1270967,2914351,2942888,9485548,2392710,9477686,6475832}'::integer[]))

table 4 : explain SELECT c FROM sbtest4 WHERE id IN ( 1225535, 2987745, 5729883, 1270967, 2914351, 2942888, 9485548, 2392710, 9477686, 6475832)
	Index Scan using sbtest4_pkey on sbtest4  (cost=0.43..83.64 rows=10 width=121)
	  Index Cond: (id = ANY ('{1225535,2987745,5729883,1270967,2914351,2942888,9485548,2392710,9477686,6475832}'::integer[]))

table 5 : explain SELECT c FROM sbtest5 WHERE id IN ( 1225535, 2987745, 5729883, 1270967, 2914351, 2942888, 9485548, 2392710, 9477686, 6475832)
	Index Scan using sbtest5_pkey on sbtest5  (cost=0.43..83.68 rows=10 width=121)
	  Index Cond: (id = ANY ('{1225535,2987745,5729883,1270967,2914351,2942888,9485548,2392710,9477686,6475832}'::integer[]))

table 6 : explain SELECT c FROM sbtest6 WHERE id IN ( 1225535, 2987745, 5729883, 1270967, 2914351, 2942888, 9485548, 2392710, 9477686, 6475832)
	Index Scan using sbtest6_pkey on sbtest6  (cost=0.43..83.81 rows=10 width=121)
	  Index Cond: (id = ANY ('{1225535,2987745,5729883,1270967,2914351,2942888,9485548,2392710,9477686,6475832}'::integer[]))

table 7 : explain SELECT c FROM sbtest7 WHERE id IN ( 1225535, 2987745, 5729883, 1270967, 2914351, 2942888, 9485548, 2392710, 9477686, 6475832)
	Index Scan using sbtest7_pkey on sbtest7  (cost=0.43..83.64 rows=10 width=121)
	  Index Cond: (id = ANY ('{1225535,2987745,5729883,1270967,2914351,2942888,9485548,2392710,9477686,6475832}'::integer[]))

table 8 : explain SELECT c FROM sbtest8 WHERE id IN ( 1225535, 2987745, 5729883, 1270967, 2914351, 2942888, 9485548, 2392710, 9477686, 6475832)
	Index Scan using sbtest8_pkey on sbtest8  (cost=0.43..83.55 rows=10 width=121)
	  Index Cond: (id = ANY ('{1225535,2987745,5729883,1270967,2914351,2942888,9485548,2392710,9477686,6475832}'::integer[]))

for select-inlist
table 1 : explain SELECT c FROM sbtest1 WHERE id IN ( 7749637, 9145898, 1807275, 2101459, 7026366, 787640, 7871285, 5094731, 2535538, 8572714)
	Index Scan using sbtest1_pkey on sbtest1  (cost=0.43..83.76 rows=10 width=121)
	  Index Cond: (id = ANY ('{7749637,9145898,1807275,2101459,7026366,787640,7871285,5094731,2535538,8572714}'::integer[]))

table 2 : explain SELECT c FROM sbtest2 WHERE id IN ( 7749637, 9145898, 1807275, 2101459, 7026366, 787640, 7871285, 5094731, 2535538, 8572714)
	Index Scan using sbtest2_pkey on sbtest2  (cost=0.43..83.67 rows=10 width=121)
	  Index Cond: (id = ANY ('{7749637,9145898,1807275,2101459,7026366,787640,7871285,5094731,2535538,8572714}'::integer[]))

table 3 : explain SELECT c FROM sbtest3 WHERE id IN ( 7749637, 9145898, 1807275, 2101459, 7026366, 787640, 7871285, 5094731, 2535538, 8572714)
	Index Scan using sbtest3_pkey on sbtest3  (cost=0.43..83.76 rows=10 width=121)
	  Index Cond: (id = ANY ('{7749637,9145898,1807275,2101459,7026366,787640,7871285,5094731,2535538,8572714}'::integer[]))

table 4 : explain SELECT c FROM sbtest4 WHERE id IN ( 7749637, 9145898, 1807275, 2101459, 7026366, 787640, 7871285, 5094731, 2535538, 8572714)
	Index Scan using sbtest4_pkey on sbtest4  (cost=0.43..83.64 rows=10 width=121)
	  Index Cond: (id = ANY ('{7749637,9145898,1807275,2101459,7026366,787640,7871285,5094731,2535538,8572714}'::integer[]))

table 5 : explain SELECT c FROM sbtest5 WHERE id IN ( 7749637, 9145898, 1807275, 2101459, 7026366, 787640, 7871285, 5094731, 2535538, 8572714)
	Index Scan using sbtest5_pkey on sbtest5  (cost=0.43..83.68 rows=10 width=121)
	  Index Cond: (id = ANY ('{7749637,9145898,1807275,2101459,7026366,787640,7871285,5094731,2535538,8572714}'::integer[]))

table 6 : explain SELECT c FROM sbtest6 WHERE id IN ( 7749637, 9145898, 1807275, 2101459, 7026366, 787640, 7871285, 5094731, 2535538, 8572714)
	Index Scan using sbtest6_pkey on sbtest6  (cost=0.43..83.81 rows=10 width=121)
	  Index Cond: (id = ANY ('{7749637,9145898,1807275,2101459,7026366,787640,7871285,5094731,2535538,8572714}'::integer[]))

table 7 : explain SELECT c FROM sbtest7 WHERE id IN ( 7749637, 9145898, 1807275, 2101459, 7026366, 787640, 7871285, 5094731, 2535538, 8572714)
	Index Scan using sbtest7_pkey on sbtest7  (cost=0.43..83.64 rows=10 width=121)
	  Index Cond: (id = ANY ('{7749637,9145898,1807275,2101459,7026366,787640,7871285,5094731,2535538,8572714}'::integer[]))

table 8 : explain SELECT c FROM sbtest8 WHERE id IN ( 7749637, 9145898, 1807275, 2101459, 7026366, 787640, 7871285, 5094731, 2535538, 8572714)
	Index Scan using sbtest8_pkey on sbtest8  (cost=0.43..83.55 rows=10 width=121)
	  Index Cond: (id = ANY ('{7749637,9145898,1807275,2101459,7026366,787640,7871285,5094731,2535538,8572714}'::integer[]))

for select-inlist
table 1 : explain SELECT c FROM sbtest1 WHERE id IN ( 5983093, 4969065, 2965939, 1100185, 6174636, 5537587, 4756734, 8512558, 9552196, 6609884)
	Index Scan using sbtest1_pkey on sbtest1  (cost=0.43..83.76 rows=10 width=121)
	  Index Cond: (id = ANY ('{5983093,4969065,2965939,1100185,6174636,5537587,4756734,8512558,9552196,6609884}'::integer[]))

table 2 : explain SELECT c FROM sbtest2 WHERE id IN ( 5983093, 4969065, 2965939, 1100185, 6174636, 5537587, 4756734, 8512558, 9552196, 6609884)
	Index Scan using sbtest2_pkey on sbtest2  (cost=0.43..83.67 rows=10 width=121)
	  Index Cond: (id = ANY ('{5983093,4969065,2965939,1100185,6174636,5537587,4756734,8512558,9552196,6609884}'::integer[]))

table 3 : explain SELECT c FROM sbtest3 WHERE id IN ( 5983093, 4969065, 2965939, 1100185, 6174636, 5537587, 4756734, 8512558, 9552196, 6609884)
	Index Scan using sbtest3_pkey on sbtest3  (cost=0.43..83.76 rows=10 width=121)
	  Index Cond: (id = ANY ('{5983093,4969065,2965939,1100185,6174636,5537587,4756734,8512558,9552196,6609884}'::integer[]))

table 4 : explain SELECT c FROM sbtest4 WHERE id IN ( 5983093, 4969065, 2965939, 1100185, 6174636, 5537587, 4756734, 8512558, 9552196, 6609884)
	Index Scan using sbtest4_pkey on sbtest4  (cost=0.43..83.64 rows=10 width=121)
	  Index Cond: (id = ANY ('{5983093,4969065,2965939,1100185,6174636,5537587,4756734,8512558,9552196,6609884}'::integer[]))

table 5 : explain SELECT c FROM sbtest5 WHERE id IN ( 5983093, 4969065, 2965939, 1100185, 6174636, 5537587, 4756734, 8512558, 9552196, 6609884)
	Index Scan using sbtest5_pkey on sbtest5  (cost=0.43..83.68 rows=10 width=121)
	  Index Cond: (id = ANY ('{5983093,4969065,2965939,1100185,6174636,5537587,4756734,8512558,9552196,6609884}'::integer[]))

table 6 : explain SELECT c FROM sbtest6 WHERE id IN ( 5983093, 4969065, 2965939, 1100185, 6174636, 5537587, 4756734, 8512558, 9552196, 6609884)
	Index Scan using sbtest6_pkey on sbtest6  (cost=0.43..83.81 rows=10 width=121)
	  Index Cond: (id = ANY ('{5983093,4969065,2965939,1100185,6174636,5537587,4756734,8512558,9552196,6609884}'::integer[]))

table 7 : explain SELECT c FROM sbtest7 WHERE id IN ( 5983093, 4969065, 2965939, 1100185, 6174636, 5537587, 4756734, 8512558, 9552196, 6609884)
	Index Scan using sbtest7_pkey on sbtest7  (cost=0.43..83.64 rows=10 width=121)
	  Index Cond: (id = ANY ('{5983093,4969065,2965939,1100185,6174636,5537587,4756734,8512558,9552196,6609884}'::integer[]))

table 8 : explain SELECT c FROM sbtest8 WHERE id IN ( 5983093, 4969065, 2965939, 1100185, 6174636, 5537587, 4756734, 8512558, 9552196, 6609884)
	Index Scan using sbtest8_pkey on sbtest8  (cost=0.43..83.55 rows=10 width=121)
	  Index Cond: (id = ANY ('{5983093,4969065,2965939,1100185,6174636,5537587,4756734,8512558,9552196,6609884}'::integer[]))

for select-inlist
table 1 : explain SELECT c FROM sbtest1 WHERE id IN ( 896917, 8966453, 2374597, 5597556, 6126903, 5143478, 7741564, 448566, 7968101, 6561227)
	Index Scan using sbtest1_pkey on sbtest1  (cost=0.43..83.76 rows=10 width=121)
	  Index Cond: (id = ANY ('{896917,8966453,2374597,5597556,6126903,5143478,7741564,448566,7968101,6561227}'::integer[]))

table 2 : explain SELECT c FROM sbtest2 WHERE id IN ( 896917, 8966453, 2374597, 5597556, 6126903, 5143478, 7741564, 448566, 7968101, 6561227)
	Index Scan using sbtest2_pkey on sbtest2  (cost=0.43..83.67 rows=10 width=121)
	  Index Cond: (id = ANY ('{896917,8966453,2374597,5597556,6126903,5143478,7741564,448566,7968101,6561227}'::integer[]))

table 3 : explain SELECT c FROM sbtest3 WHERE id IN ( 896917, 8966453, 2374597, 5597556, 6126903, 5143478, 7741564, 448566, 7968101, 6561227)
	Index Scan using sbtest3_pkey on sbtest3  (cost=0.43..83.76 rows=10 width=121)
	  Index Cond: (id = ANY ('{896917,8966453,2374597,5597556,6126903,5143478,7741564,448566,7968101,6561227}'::integer[]))

table 4 : explain SELECT c FROM sbtest4 WHERE id IN ( 896917, 8966453, 2374597, 5597556, 6126903, 5143478, 7741564, 448566, 7968101, 6561227)
	Index Scan using sbtest4_pkey on sbtest4  (cost=0.43..83.64 rows=10 width=121)
	  Index Cond: (id = ANY ('{896917,8966453,2374597,5597556,6126903,5143478,7741564,448566,7968101,6561227}'::integer[]))

table 5 : explain SELECT c FROM sbtest5 WHERE id IN ( 896917, 8966453, 2374597, 5597556, 6126903, 5143478, 7741564, 448566, 7968101, 6561227)
	Index Scan using sbtest5_pkey on sbtest5  (cost=0.43..83.68 rows=10 width=121)
	  Index Cond: (id = ANY ('{896917,8966453,2374597,5597556,6126903,5143478,7741564,448566,7968101,6561227}'::integer[]))

table 6 : explain SELECT c FROM sbtest6 WHERE id IN ( 896917, 8966453, 2374597, 5597556, 6126903, 5143478, 7741564, 448566, 7968101, 6561227)
	Index Scan using sbtest6_pkey on sbtest6  (cost=0.43..83.81 rows=10 width=121)
	  Index Cond: (id = ANY ('{896917,8966453,2374597,5597556,6126903,5143478,7741564,448566,7968101,6561227}'::integer[]))

table 7 : explain SELECT c FROM sbtest7 WHERE id IN ( 896917, 8966453, 2374597, 5597556, 6126903, 5143478, 7741564, 448566, 7968101, 6561227)
	Index Scan using sbtest7_pkey on sbtest7  (cost=0.43..83.64 rows=10 width=121)
	  Index Cond: (id = ANY ('{896917,8966453,2374597,5597556,6126903,5143478,7741564,448566,7968101,6561227}'::integer[]))

table 8 : explain SELECT c FROM sbtest8 WHERE id IN ( 896917, 8966453, 2374597, 5597556, 6126903, 5143478, 7741564, 448566, 7968101, 6561227)
	Index Scan using sbtest8_pkey on sbtest8  (cost=0.43..83.55 rows=10 width=121)
	  Index Cond: (id = ANY ('{896917,8966453,2374597,5597556,6126903,5143478,7741564,448566,7968101,6561227}'::integer[]))

for select-inlist
table 1 : explain SELECT c FROM sbtest1 WHERE id IN ( 6035426, 6090006, 7268190, 9930581, 3857166, 7376605, 7271424, 5890674, 8840711, 102252)
	Index Scan using sbtest1_pkey on sbtest1  (cost=0.43..83.76 rows=10 width=121)
	  Index Cond: (id = ANY ('{6035426,6090006,7268190,9930581,3857166,7376605,7271424,5890674,8840711,102252}'::integer[]))

table 2 : explain SELECT c FROM sbtest2 WHERE id IN ( 6035426, 6090006, 7268190, 9930581, 3857166, 7376605, 7271424, 5890674, 8840711, 102252)
	Index Scan using sbtest2_pkey on sbtest2  (cost=0.43..83.67 rows=10 width=121)
	  Index Cond: (id = ANY ('{6035426,6090006,7268190,9930581,3857166,7376605,7271424,5890674,8840711,102252}'::integer[]))

table 3 : explain SELECT c FROM sbtest3 WHERE id IN ( 6035426, 6090006, 7268190, 9930581, 3857166, 7376605, 7271424, 5890674, 8840711, 102252)
	Index Scan using sbtest3_pkey on sbtest3  (cost=0.43..83.76 rows=10 width=121)
	  Index Cond: (id = ANY ('{6035426,6090006,7268190,9930581,3857166,7376605,7271424,5890674,8840711,102252}'::integer[]))

table 4 : explain SELECT c FROM sbtest4 WHERE id IN ( 6035426, 6090006, 7268190, 9930581, 3857166, 7376605, 7271424, 5890674, 8840711, 102252)
	Index Scan using sbtest4_pkey on sbtest4  (cost=0.43..83.64 rows=10 width=121)
	  Index Cond: (id = ANY ('{6035426,6090006,7268190,9930581,3857166,7376605,7271424,5890674,8840711,102252}'::integer[]))

table 5 : explain SELECT c FROM sbtest5 WHERE id IN ( 6035426, 6090006, 7268190, 9930581, 3857166, 7376605, 7271424, 5890674, 8840711, 102252)
	Index Scan using sbtest5_pkey on sbtest5  (cost=0.43..83.68 rows=10 width=121)
	  Index Cond: (id = ANY ('{6035426,6090006,7268190,9930581,3857166,7376605,7271424,5890674,8840711,102252}'::integer[]))

table 6 : explain SELECT c FROM sbtest6 WHERE id IN ( 6035426, 6090006, 7268190, 9930581, 3857166, 7376605, 7271424, 5890674, 8840711, 102252)
	Index Scan using sbtest6_pkey on sbtest6  (cost=0.43..83.81 rows=10 width=121)
	  Index Cond: (id = ANY ('{6035426,6090006,7268190,9930581,3857166,7376605,7271424,5890674,8840711,102252}'::integer[]))

table 7 : explain SELECT c FROM sbtest7 WHERE id IN ( 6035426, 6090006, 7268190, 9930581, 3857166, 7376605, 7271424, 5890674, 8840711, 102252)
	Index Scan using sbtest7_pkey on sbtest7  (cost=0.43..83.64 rows=10 width=121)
	  Index Cond: (id = ANY ('{6035426,6090006,7268190,9930581,3857166,7376605,7271424,5890674,8840711,102252}'::integer[]))

table 8 : explain SELECT c FROM sbtest8 WHERE id IN ( 6035426, 6090006, 7268190, 9930581, 3857166, 7376605, 7271424, 5890674, 8840711, 102252)
	Index Scan using sbtest8_pkey on sbtest8  (cost=0.43..83.55 rows=10 width=121)
	  Index Cond: (id = ANY ('{6035426,6090006,7268190,9930581,3857166,7376605,7271424,5890674,8840711,102252}'::integer[]))

for select-inlist
table 1 : explain SELECT c FROM sbtest1 WHERE id IN ( 6205393, 1218740, 3274429, 4601024, 3161960, 9038209, 7214376, 5514454, 2862431, 4751348)
	Index Scan using sbtest1_pkey on sbtest1  (cost=0.43..83.76 rows=10 width=121)
	  Index Cond: (id = ANY ('{6205393,1218740,3274429,4601024,3161960,9038209,7214376,5514454,2862431,4751348}'::integer[]))

table 2 : explain SELECT c FROM sbtest2 WHERE id IN ( 6205393, 1218740, 3274429, 4601024, 3161960, 9038209, 7214376, 5514454, 2862431, 4751348)
	Index Scan using sbtest2_pkey on sbtest2  (cost=0.43..83.67 rows=10 width=121)
	  Index Cond: (id = ANY ('{6205393,1218740,3274429,4601024,3161960,9038209,7214376,5514454,2862431,4751348}'::integer[]))

table 3 : explain SELECT c FROM sbtest3 WHERE id IN ( 6205393, 1218740, 3274429, 4601024, 3161960, 9038209, 7214376, 5514454, 2862431, 4751348)
	Index Scan using sbtest3_pkey on sbtest3  (cost=0.43..83.76 rows=10 width=121)
	  Index Cond: (id = ANY ('{6205393,1218740,3274429,4601024,3161960,9038209,7214376,5514454,2862431,4751348}'::integer[]))

table 4 : explain SELECT c FROM sbtest4 WHERE id IN ( 6205393, 1218740, 3274429, 4601024, 3161960, 9038209, 7214376, 5514454, 2862431, 4751348)
	Index Scan using sbtest4_pkey on sbtest4  (cost=0.43..83.64 rows=10 width=121)
	  Index Cond: (id = ANY ('{6205393,1218740,3274429,4601024,3161960,9038209,7214376,5514454,2862431,4751348}'::integer[]))

table 5 : explain SELECT c FROM sbtest5 WHERE id IN ( 6205393, 1218740, 3274429, 4601024, 3161960, 9038209, 7214376, 5514454, 2862431, 4751348)
	Index Scan using sbtest5_pkey on sbtest5  (cost=0.43..83.68 rows=10 width=121)
	  Index Cond: (id = ANY ('{6205393,1218740,3274429,4601024,3161960,9038209,7214376,5514454,2862431,4751348}'::integer[]))

table 6 : explain SELECT c FROM sbtest6 WHERE id IN ( 6205393, 1218740, 3274429, 4601024, 3161960, 9038209, 7214376, 5514454, 2862431, 4751348)
	Index Scan using sbtest6_pkey on sbtest6  (cost=0.43..83.81 rows=10 width=121)
	  Index Cond: (id = ANY ('{6205393,1218740,3274429,4601024,3161960,9038209,7214376,5514454,2862431,4751348}'::integer[]))

table 7 : explain SELECT c FROM sbtest7 WHERE id IN ( 6205393, 1218740, 3274429, 4601024, 3161960, 9038209, 7214376, 5514454, 2862431, 4751348)
	Index Scan using sbtest7_pkey on sbtest7  (cost=0.43..83.64 rows=10 width=121)
	  Index Cond: (id = ANY ('{6205393,1218740,3274429,4601024,3161960,9038209,7214376,5514454,2862431,4751348}'::integer[]))

table 8 : explain SELECT c FROM sbtest8 WHERE id IN ( 6205393, 1218740, 3274429, 4601024, 3161960, 9038209, 7214376, 5514454, 2862431, 4751348)
	Index Scan using sbtest8_pkey on sbtest8  (cost=0.43..83.55 rows=10 width=121)
	  Index Cond: (id = ANY ('{6205393,1218740,3274429,4601024,3161960,9038209,7214376,5514454,2862431,4751348}'::integer[]))

explain: for select-inlist :: explain SELECT c FROM sbtest%d WHERE id IN ( 6178881, 1372497, 9725468, 4474229, 9227389, 5295856, 6221990, 5372784, 5105567, 7427753)
for select-inlist
table 1 : explain SELECT c FROM sbtest1 WHERE id IN ( 6178881, 1372497, 9725468, 4474229, 9227389, 5295856, 6221990, 5372784, 5105567, 7427753)
	Index Scan using sbtest1_pkey on sbtest1  (cost=0.43..83.76 rows=10 width=121)
	  Index Cond: (id = ANY ('{6178881,1372497,9725468,4474229,9227389,5295856,6221990,5372784,5105567,7427753}'::integer[]))

table 2 : explain SELECT c FROM sbtest2 WHERE id IN ( 6178881, 1372497, 9725468, 4474229, 9227389, 5295856, 6221990, 5372784, 5105567, 7427753)
	Index Scan using sbtest2_pkey on sbtest2  (cost=0.43..83.67 rows=10 width=121)
	  Index Cond: (id = ANY ('{6178881,1372497,9725468,4474229,9227389,5295856,6221990,5372784,5105567,7427753}'::integer[]))

table 3 : explain SELECT c FROM sbtest3 WHERE id IN ( 6178881, 1372497, 9725468, 4474229, 9227389, 5295856, 6221990, 5372784, 5105567, 7427753)
	Index Scan using sbtest3_pkey on sbtest3  (cost=0.43..83.76 rows=10 width=121)
	  Index Cond: (id = ANY ('{6178881,1372497,9725468,4474229,9227389,5295856,6221990,5372784,5105567,7427753}'::integer[]))

table 4 : explain SELECT c FROM sbtest4 WHERE id IN ( 6178881, 1372497, 9725468, 4474229, 9227389, 5295856, 6221990, 5372784, 5105567, 7427753)
	Index Scan using sbtest4_pkey on sbtest4  (cost=0.43..83.64 rows=10 width=121)
	  Index Cond: (id = ANY ('{6178881,1372497,9725468,4474229,9227389,5295856,6221990,5372784,5105567,7427753}'::integer[]))

table 5 : explain SELECT c FROM sbtest5 WHERE id IN ( 6178881, 1372497, 9725468, 4474229, 9227389, 5295856, 6221990, 5372784, 5105567, 7427753)
	Index Scan using sbtest5_pkey on sbtest5  (cost=0.43..83.68 rows=10 width=121)
	  Index Cond: (id = ANY ('{6178881,1372497,9725468,4474229,9227389,5295856,6221990,5372784,5105567,7427753}'::integer[]))

table 6 : explain SELECT c FROM sbtest6 WHERE id IN ( 6178881, 1372497, 9725468, 4474229, 9227389, 5295856, 6221990, 5372784, 5105567, 7427753)
	Index Scan using sbtest6_pkey on sbtest6  (cost=0.43..83.81 rows=10 width=121)
	  Index Cond: (id = ANY ('{6178881,1372497,9725468,4474229,9227389,5295856,6221990,5372784,5105567,7427753}'::integer[]))

table 7 : explain SELECT c FROM sbtest7 WHERE id IN ( 6178881, 1372497, 9725468, 4474229, 9227389, 5295856, 6221990, 5372784, 5105567, 7427753)
	Index Scan using sbtest7_pkey on sbtest7  (cost=0.43..83.64 rows=10 width=121)
	  Index Cond: (id = ANY ('{6178881,1372497,9725468,4474229,9227389,5295856,6221990,5372784,5105567,7427753}'::integer[]))

table 8 : explain SELECT c FROM sbtest8 WHERE id IN ( 6178881, 1372497, 9725468, 4474229, 9227389, 5295856, 6221990, 5372784, 5105567, 7427753)
	Index Scan using sbtest8_pkey on sbtest8  (cost=0.43..83.55 rows=10 width=121)
	  Index Cond: (id = ANY ('{6178881,1372497,9725468,4474229,9227389,5295856,6221990,5372784,5105567,7427753}'::integer[]))

Threads started!

Warming up for 5 seconds...

SQL statistics:
    queries performed:
        read:                            297615870
        write:                           0
        other:                           0
        total:                           297615870
    transactions:                        297615870 (472401.98 per sec.)
    queries:                             297615870 (472401.98 per sec.)
    ignored errors:                      0      (0.00 per sec.)
    reconnects:                          0      (0.00 per sec.)

Throughput:
    events/s (eps):                      472401.9755
    time elapsed:                        630.0091s
    total number of events:              297615870

Latency (ms):
         min:                                    0.07
         avg:                                    0.08
         max:                                   24.14
         95th percentile:                        0.09
         sum:                             25043701.26

Threads fairness:
    events (avg/stddev):           7440391.7250/44675.71
    execution time (avg/stddev):   626.0925/0.12

