LUA_PATH=/home/mdcallag/git/mytools/bench/sysbench.lua/lua/?.lua /home/mdcallag/git/mytools/bench/sysbench.lua/lua/sysbench --db-driver=pgsql --range-size=100 --table-size=10000000 --tables=8 --threads=40 --events=0 --warmup-time=5 --time=630 --pgsql_conn_id=true /home/mdcallag/git/mytools/bench/sysbench.lua/lua/oltp_range_covered.lua run --pgsql-user=root --pgsql-password=pw --pgsql-host=127.0.0.1 --pgsql-db=ib --rand-type=uniform --random-points=100 --skip-trx --covered=false
48 CPUs
sysbench 1.1.0-9072687 (using bundled LuaJIT 2.1.0-beta3)

Running the test with following options:
Number of threads: 40
Warmup time: 5s
Initializing random number generator from current time


Initializing worker threads...

explain: for range-notcovered :: explain SELECT id, c FROM sbtest%d WHERE id BETWEEN 3654607 AND 3654707
explain: for range-notcovered :: explain SELECT id, c FROM sbtest%d WHERE id BETWEEN 9372822 AND 9372922
explain: for range-notcovered :: explain SELECT id, c FROM sbtest%d WHERE id BETWEEN 5766696 AND 5766796
for range-notcovered
table 1 : explain SELECT id, c FROM sbtest1 WHERE id BETWEEN 3654607 AND 3654707
	Index Scan using sbtest1_pkey on sbtest1  (cost=0.43..409.88 rows=103 width=125)
	  Index Cond: ((id >= 3654607) AND (id <= 3654707))

table 2 : explain SELECT id, c FROM sbtest2 WHERE id BETWEEN 3654607 AND 3654707
	Index Scan using sbtest2_pkey on sbtest2  (cost=0.43..420.59 rows=106 width=125)
	  Index Cond: ((id >= 3654607) AND (id <= 3654707))

table 3 : explain SELECT id, c FROM sbtest3 WHERE id BETWEEN 3654607 AND 3654707
	Index Scan using sbtest3_pkey on sbtest3  (cost=0.43..413.77 rows=104 width=125)
	  Index Cond: ((id >= 3654607) AND (id <= 3654707))

table 4 : explain SELECT id, c FROM sbtest4 WHERE id BETWEEN 3654607 AND 3654707
	Index Scan using sbtest4_pkey on sbtest4  (cost=0.43..388.95 rows=98 width=125)
	  Index Cond: ((id >= 3654607) AND (id <= 3654707))

table 5 : explain SELECT id, c FROM sbtest5 WHERE id BETWEEN 3654607 AND 3654707
	Index Scan using sbtest5_pkey on sbtest5  (cost=0.43..377.57 rows=95 width=125)
	  Index Cond: ((id >= 3654607) AND (id <= 3654707))

table 6 : explain SELECT id, c FROM sbtest6 WHERE id BETWEEN 3654607 AND 3654707
	Index Scan using sbtest6_pkey on sbtest6  (cost=0.43..374.93 rows=94 width=125)
	  Index Cond: ((id >= 3654607) AND (id <= 3654707))

table 7 : explain SELECT id, c FROM sbtest7 WHERE id BETWEEN 3654607 AND 3654707
	Index Scan using sbtest7_pkey on sbtest7  (cost=0.43..428.17 rows=108 width=125)
	  Index Cond: ((id >= 3654607) AND (id <= 3654707))

table 8 : explain SELECT id, c FROM sbtest8 WHERE id BETWEEN 3654607 AND 3654707
	Index Scan using sbtest8_pkey on sbtest8  (cost=0.43..415.37 rows=105 width=125)
	  Index Cond: ((id >= 3654607) AND (id <= 3654707))

explain: for range-notcovered :: explain SELECT id, c FROM sbtest%d WHERE id BETWEEN 3654607 AND 3654707
for range-notcovered
table 1 : explain SELECT id, c FROM sbtest1 WHERE id BETWEEN 3654607 AND 3654707
	Index Scan using sbtest1_pkey on sbtest1  (cost=0.43..409.88 rows=103 width=125)
	  Index Cond: ((id >= 3654607) AND (id <= 3654707))

table 2 : explain SELECT id, c FROM sbtest2 WHERE id BETWEEN 3654607 AND 3654707
	Index Scan using sbtest2_pkey on sbtest2  (cost=0.43..420.59 rows=106 width=125)
	  Index Cond: ((id >= 3654607) AND (id <= 3654707))

table 3 : explain SELECT id, c FROM sbtest3 WHERE id BETWEEN 3654607 AND 3654707
	Index Scan using sbtest3_pkey on sbtest3  (cost=0.43..413.77 rows=104 width=125)
	  Index Cond: ((id >= 3654607) AND (id <= 3654707))

table 4 : explain SELECT id, c FROM sbtest4 WHERE id BETWEEN 3654607 AND 3654707
	Index Scan using sbtest4_pkey on sbtest4  (cost=0.43..388.95 rows=98 width=125)
	  Index Cond: ((id >= 3654607) AND (id <= 3654707))

table 5 : explain SELECT id, c FROM sbtest5 WHERE id BETWEEN 3654607 AND 3654707
	Index Scan using sbtest5_pkey on sbtest5  (cost=0.43..377.57 rows=95 width=125)
	  Index Cond: ((id >= 3654607) AND (id <= 3654707))

table 6 : explain SELECT id, c FROM sbtest6 WHERE id BETWEEN 3654607 AND 3654707
	Index Scan using sbtest6_pkey on sbtest6  (cost=0.43..374.93 rows=94 width=125)
	  Index Cond: ((id >= 3654607) AND (id <= 3654707))

table 7 : explain SELECT id, c FROM sbtest7 WHERE id BETWEEN 3654607 AND 3654707
	Index Scan using sbtest7_pkey on sbtest7  (cost=0.43..428.17 rows=108 width=125)
	  Index Cond: ((id >= 3654607) AND (id <= 3654707))

table 8 : explain SELECT id, c FROM sbtest8 WHERE id BETWEEN 3654607 AND 3654707
	Index Scan using sbtest8_pkey on sbtest8  (cost=0.43..415.37 rows=105 width=125)
	  Index Cond: ((id >= 3654607) AND (id <= 3654707))

explain: for range-notcovered :: explain SELECT id, c FROM sbtest%d WHERE id BETWEEN 3654607 AND 3654707
for range-notcovered
table 1 : explain SELECT id, c FROM sbtest1 WHERE id BETWEEN 9372822 AND 9372922
	Index Scan using sbtest1_pkey on sbtest1  (cost=0.43..402.01 rows=101 width=125)
	  Index Cond: ((id >= 9372822) AND (id <= 9372922))

table 2 : explain SELECT id, c FROM sbtest2 WHERE id BETWEEN 9372822 AND 9372922
	Index Scan using sbtest2_pkey on sbtest2  (cost=0.43..400.97 rows=101 width=125)
	  Index Cond: ((id >= 9372822) AND (id <= 9372922))

table 3 : explain SELECT id, c FROM sbtest3 WHERE id BETWEEN 9372822 AND 9372922
	Index Scan using sbtest3_pkey on sbtest3  (cost=0.43..374.40 rows=94 width=125)
	  Index Cond: ((id >= 9372822) AND (id <= 9372922))

table 4 : explain SELECT id, c FROM sbtest4 WHERE id BETWEEN 9372822 AND 9372922
	Index Scan using sbtest4_pkey on sbtest4  (cost=0.43..381.11 rows=96 width=125)
	  Index Cond: ((id >= 9372822) AND (id <= 9372922))

table 5 : explain SELECT id, c FROM sbtest5 WHERE id BETWEEN 9372822 AND 9372922
	Index Scan using sbtest5_pkey on sbtest5  (cost=0.43..369.69 rows=93 width=125)
	  Index Cond: ((id >= 9372822) AND (id <= 9372922))

table 6 : explain SELECT id, c FROM sbtest6 WHERE id BETWEEN 9372822 AND 9372922
	Index Scan using sbtest6_pkey on sbtest6  (cost=0.43..374.93 rows=94 width=125)
	  Index Cond: ((id >= 9372822) AND (id <= 9372922))

table 7 : explain SELECT id, c FROM sbtest7 WHERE id BETWEEN 9372822 AND 9372922
	Index Scan using sbtest7_pkey on sbtest7  (cost=0.43..420.33 rows=106 width=125)
	  Index Cond: ((id >= 9372822) AND (id <= 9372922))

table 8 : explain SELECT id, c FROM sbtest8 WHERE id BETWEEN 9372822 AND 9372922
	Index Scan using sbtest8_pkey on sbtest8  (cost=0.43..364.49 rows=92 width=125)
	  Index Cond: ((id >= 9372822) AND (id <= 9372922))

explain: for range-notcovered :: explain SELECT id, c FROM sbtest%d WHERE id BETWEEN 9372822 AND 9372922
for range-notcovered
table 1 : explain SELECT id, c FROM sbtest1 WHERE id BETWEEN 3654607 AND 3654707
	Index Scan using sbtest1_pkey on sbtest1  (cost=0.43..409.88 rows=103 width=125)
	  Index Cond: ((id >= 3654607) AND (id <= 3654707))

table 2 : explain SELECT id, c FROM sbtest2 WHERE id BETWEEN 3654607 AND 3654707
	Index Scan using sbtest2_pkey on sbtest2  (cost=0.43..420.59 rows=106 width=125)
	  Index Cond: ((id >= 3654607) AND (id <= 3654707))

table 3 : explain SELECT id, c FROM sbtest3 WHERE id BETWEEN 3654607 AND 3654707
	Index Scan using sbtest3_pkey on sbtest3  (cost=0.43..413.77 rows=104 width=125)
	  Index Cond: ((id >= 3654607) AND (id <= 3654707))

table 4 : explain SELECT id, c FROM sbtest4 WHERE id BETWEEN 3654607 AND 3654707
	Index Scan using sbtest4_pkey on sbtest4  (cost=0.43..388.95 rows=98 width=125)
	  Index Cond: ((id >= 3654607) AND (id <= 3654707))

table 5 : explain SELECT id, c FROM sbtest5 WHERE id BETWEEN 3654607 AND 3654707
	Index Scan using sbtest5_pkey on sbtest5  (cost=0.43..377.57 rows=95 width=125)
	  Index Cond: ((id >= 3654607) AND (id <= 3654707))

table 6 : explain SELECT id, c FROM sbtest6 WHERE id BETWEEN 3654607 AND 3654707
	Index Scan using sbtest6_pkey on sbtest6  (cost=0.43..374.93 rows=94 width=125)
	  Index Cond: ((id >= 3654607) AND (id <= 3654707))

table 7 : explain SELECT id, c FROM sbtest7 WHERE id BETWEEN 3654607 AND 3654707
	Index Scan using sbtest7_pkey on sbtest7  (cost=0.43..428.17 rows=108 width=125)
	  Index Cond: ((id >= 3654607) AND (id <= 3654707))

table 8 : explain SELECT id, c FROM sbtest8 WHERE id BETWEEN 3654607 AND 3654707
	Index Scan using sbtest8_pkey on sbtest8  (cost=0.43..415.37 rows=105 width=125)
	  Index Cond: ((id >= 3654607) AND (id <= 3654707))

explain: for range-notcovered :: explain SELECT id, c FROM sbtest%d WHERE id BETWEEN 3654607 AND 3654707
for range-notcovered
table 1 : explain SELECT id, c FROM sbtest1 WHERE id BETWEEN 9372822 AND 9372922
	Index Scan using sbtest1_pkey on sbtest1  (cost=0.43..402.01 rows=101 width=125)
	  Index Cond: ((id >= 9372822) AND (id <= 9372922))

table 2 : explain SELECT id, c FROM sbtest2 WHERE id BETWEEN 9372822 AND 9372922
	Index Scan using sbtest2_pkey on sbtest2  (cost=0.43..400.97 rows=101 width=125)
	  Index Cond: ((id >= 9372822) AND (id <= 9372922))

table 3 : explain SELECT id, c FROM sbtest3 WHERE id BETWEEN 9372822 AND 9372922
	Index Scan using sbtest3_pkey on sbtest3  (cost=0.43..374.40 rows=94 width=125)
	  Index Cond: ((id >= 9372822) AND (id <= 9372922))

table 4 : explain SELECT id, c FROM sbtest4 WHERE id BETWEEN 9372822 AND 9372922
	Index Scan using sbtest4_pkey on sbtest4  (cost=0.43..381.11 rows=96 width=125)
	  Index Cond: ((id >= 9372822) AND (id <= 9372922))

table 5 : explain SELECT id, c FROM sbtest5 WHERE id BETWEEN 9372822 AND 9372922
	Index Scan using sbtest5_pkey on sbtest5  (cost=0.43..369.69 rows=93 width=125)
	  Index Cond: ((id >= 9372822) AND (id <= 9372922))

table 6 : explain SELECT id, c FROM sbtest6 WHERE id BETWEEN 9372822 AND 9372922
	Index Scan using sbtest6_pkey on sbtest6  (cost=0.43..374.93 rows=94 width=125)
	  Index Cond: ((id >= 9372822) AND (id <= 9372922))

table 7 : explain SELECT id, c FROM sbtest7 WHERE id BETWEEN 9372822 AND 9372922
	Index Scan using sbtest7_pkey on sbtest7  (cost=0.43..420.33 rows=106 width=125)
	  Index Cond: ((id >= 9372822) AND (id <= 9372922))

table 8 : explain SELECT id, c FROM sbtest8 WHERE id BETWEEN 9372822 AND 9372922
	Index Scan using sbtest8_pkey on sbtest8  (cost=0.43..364.49 rows=92 width=125)
	  Index Cond: ((id >= 9372822) AND (id <= 9372922))

explain: for range-notcovered :: explain SELECT id, c FROM sbtest%d WHERE id BETWEEN 9372822 AND 9372922
for range-notcovered
table 1 : explain SELECT id, c FROM sbtest1 WHERE id BETWEEN 3654607 AND 3654707
	Index Scan using sbtest1_pkey on sbtest1  (cost=0.43..409.88 rows=103 width=125)
	  Index Cond: ((id >= 3654607) AND (id <= 3654707))

table 2 : explain SELECT id, c FROM sbtest2 WHERE id BETWEEN 3654607 AND 3654707
	Index Scan using sbtest2_pkey on sbtest2  (cost=0.43..420.59 rows=106 width=125)
	  Index Cond: ((id >= 3654607) AND (id <= 3654707))

table 3 : explain SELECT id, c FROM sbtest3 WHERE id BETWEEN 3654607 AND 3654707
	Index Scan using sbtest3_pkey on sbtest3  (cost=0.43..413.77 rows=104 width=125)
	  Index Cond: ((id >= 3654607) AND (id <= 3654707))

table 4 : explain SELECT id, c FROM sbtest4 WHERE id BETWEEN 3654607 AND 3654707
	Index Scan using sbtest4_pkey on sbtest4  (cost=0.43..388.95 rows=98 width=125)
	  Index Cond: ((id >= 3654607) AND (id <= 3654707))

table 5 : explain SELECT id, c FROM sbtest5 WHERE id BETWEEN 3654607 AND 3654707
	Index Scan using sbtest5_pkey on sbtest5  (cost=0.43..377.57 rows=95 width=125)
	  Index Cond: ((id >= 3654607) AND (id <= 3654707))

table 6 : explain SELECT id, c FROM sbtest6 WHERE id BETWEEN 3654607 AND 3654707
	Index Scan using sbtest6_pkey on sbtest6  (cost=0.43..374.93 rows=94 width=125)
	  Index Cond: ((id >= 3654607) AND (id <= 3654707))

table 7 : explain SELECT id, c FROM sbtest7 WHERE id BETWEEN 3654607 AND 3654707
	Index Scan using sbtest7_pkey on sbtest7  (cost=0.43..428.17 rows=108 width=125)
	  Index Cond: ((id >= 3654607) AND (id <= 3654707))

table 8 : explain SELECT id, c FROM sbtest8 WHERE id BETWEEN 3654607 AND 3654707
	Index Scan using sbtest8_pkey on sbtest8  (cost=0.43..415.37 rows=105 width=125)
	  Index Cond: ((id >= 3654607) AND (id <= 3654707))

explain: for range-notcovered :: explain SELECT id, c FROM sbtest%d WHERE id BETWEEN 3654607 AND 3654707
for range-notcovered
table 1 : explain SELECT id, c FROM sbtest1 WHERE id BETWEEN 5766696 AND 5766796
	Index Scan using sbtest1_pkey on sbtest1  (cost=0.43..390.20 rows=98 width=125)
	  Index Cond: ((id >= 5766696) AND (id <= 5766796))

table 2 : explain SELECT id, c FROM sbtest2 WHERE id BETWEEN 5766696 AND 5766796
	Index Scan using sbtest2_pkey on sbtest2  (cost=0.43..459.84 rows=116 width=125)
	  Index Cond: ((id >= 5766696) AND (id <= 5766796))

table 3 : explain SELECT id, c FROM sbtest3 WHERE id BETWEEN 5766696 AND 5766796
	Index Scan using sbtest3_pkey on sbtest3  (cost=0.43..394.09 rows=99 width=125)
	  Index Cond: ((id >= 5766696) AND (id <= 5766796))

table 4 : explain SELECT id, c FROM sbtest4 WHERE id BETWEEN 5766696 AND 5766796
	Index Scan using sbtest4_pkey on sbtest4  (cost=0.43..381.11 rows=96 width=125)
	  Index Cond: ((id >= 5766696) AND (id <= 5766796))

table 5 : explain SELECT id, c FROM sbtest5 WHERE id BETWEEN 5766696 AND 5766796
	Index Scan using sbtest5_pkey on sbtest5  (cost=0.43..397.20 rows=100 width=125)
	  Index Cond: ((id >= 5766696) AND (id <= 5766796))

table 6 : explain SELECT id, c FROM sbtest6 WHERE id BETWEEN 5766696 AND 5766796
	Index Scan using sbtest6_pkey on sbtest6  (cost=0.43..438.00 rows=110 width=125)
	  Index Cond: ((id >= 5766696) AND (id <= 5766796))

table 7 : explain SELECT id, c FROM sbtest7 WHERE id BETWEEN 5766696 AND 5766796
	Index Scan using sbtest7_pkey on sbtest7  (cost=0.43..377.16 rows=95 width=125)
	  Index Cond: ((id >= 5766696) AND (id <= 5766796))

table 8 : explain SELECT id, c FROM sbtest8 WHERE id BETWEEN 5766696 AND 5766796
	Index Scan using sbtest8_pkey on sbtest8  (cost=0.43..411.46 rows=104 width=125)
	  Index Cond: ((id >= 5766696) AND (id <= 5766796))

explain: for range-notcovered :: explain SELECT id, c FROM sbtest%d WHERE id BETWEEN 5766696 AND 5766796
for range-notcovered
table 1 : explain SELECT id, c FROM sbtest1 WHERE id BETWEEN 9372822 AND 9372922
	Index Scan using sbtest1_pkey on sbtest1  (cost=0.43..402.01 rows=101 width=125)
	  Index Cond: ((id >= 9372822) AND (id <= 9372922))

table 2 : explain SELECT id, c FROM sbtest2 WHERE id BETWEEN 9372822 AND 9372922
	Index Scan using sbtest2_pkey on sbtest2  (cost=0.43..400.97 rows=101 width=125)
	  Index Cond: ((id >= 9372822) AND (id <= 9372922))

table 3 : explain SELECT id, c FROM sbtest3 WHERE id BETWEEN 9372822 AND 9372922
	Index Scan using sbtest3_pkey on sbtest3  (cost=0.43..374.40 rows=94 width=125)
	  Index Cond: ((id >= 9372822) AND (id <= 9372922))

table 4 : explain SELECT id, c FROM sbtest4 WHERE id BETWEEN 9372822 AND 9372922
	Index Scan using sbtest4_pkey on sbtest4  (cost=0.43..381.11 rows=96 width=125)
	  Index Cond: ((id >= 9372822) AND (id <= 9372922))

table 5 : explain SELECT id, c FROM sbtest5 WHERE id BETWEEN 9372822 AND 9372922
	Index Scan using sbtest5_pkey on sbtest5  (cost=0.43..369.69 rows=93 width=125)
	  Index Cond: ((id >= 9372822) AND (id <= 9372922))

table 6 : explain SELECT id, c FROM sbtest6 WHERE id BETWEEN 9372822 AND 9372922
	Index Scan using sbtest6_pkey on sbtest6  (cost=0.43..374.93 rows=94 width=125)
	  Index Cond: ((id >= 9372822) AND (id <= 9372922))

table 7 : explain SELECT id, c FROM sbtest7 WHERE id BETWEEN 9372822 AND 9372922
	Index Scan using sbtest7_pkey on sbtest7  (cost=0.43..420.33 rows=106 width=125)
	  Index Cond: ((id >= 9372822) AND (id <= 9372922))

table 8 : explain SELECT id, c FROM sbtest8 WHERE id BETWEEN 9372822 AND 9372922
	Index Scan using sbtest8_pkey on sbtest8  (cost=0.43..364.49 rows=92 width=125)
	  Index Cond: ((id >= 9372822) AND (id <= 9372922))

explain: for range-notcovered :: explain SELECT id, c FROM sbtest%d WHERE id BETWEEN 9372822 AND 9372922
explain: for range-notcovered :: explain SELECT id, c FROM sbtest%d WHERE id BETWEEN 9036438 AND 9036538
for range-notcovered
table 1 : explain SELECT id, c FROM sbtest1 WHERE id BETWEEN 3654607 AND 3654707
	Index Scan using sbtest1_pkey on sbtest1  (cost=0.43..409.88 rows=103 width=125)
	  Index Cond: ((id >= 3654607) AND (id <= 3654707))

table 2 : explain SELECT id, c FROM sbtest2 WHERE id BETWEEN 3654607 AND 3654707
	Index Scan using sbtest2_pkey on sbtest2  (cost=0.43..420.59 rows=106 width=125)
	  Index Cond: ((id >= 3654607) AND (id <= 3654707))

table 3 : explain SELECT id, c FROM sbtest3 WHERE id BETWEEN 3654607 AND 3654707
	Index Scan using sbtest3_pkey on sbtest3  (cost=0.43..413.77 rows=104 width=125)
	  Index Cond: ((id >= 3654607) AND (id <= 3654707))

table 4 : explain SELECT id, c FROM sbtest4 WHERE id BETWEEN 3654607 AND 3654707
	Index Scan using sbtest4_pkey on sbtest4  (cost=0.43..388.95 rows=98 width=125)
	  Index Cond: ((id >= 3654607) AND (id <= 3654707))

table 5 : explain SELECT id, c FROM sbtest5 WHERE id BETWEEN 3654607 AND 3654707
	Index Scan using sbtest5_pkey on sbtest5  (cost=0.43..377.57 rows=95 width=125)
	  Index Cond: ((id >= 3654607) AND (id <= 3654707))

table 6 : explain SELECT id, c FROM sbtest6 WHERE id BETWEEN 3654607 AND 3654707
	Index Scan using sbtest6_pkey on sbtest6  (cost=0.43..374.93 rows=94 width=125)
	  Index Cond: ((id >= 3654607) AND (id <= 3654707))

table 7 : explain SELECT id, c FROM sbtest7 WHERE id BETWEEN 3654607 AND 3654707
	Index Scan using sbtest7_pkey on sbtest7  (cost=0.43..428.17 rows=108 width=125)
	  Index Cond: ((id >= 3654607) AND (id <= 3654707))

table 8 : explain SELECT id, c FROM sbtest8 WHERE id BETWEEN 3654607 AND 3654707
	Index Scan using sbtest8_pkey on sbtest8  (cost=0.43..415.37 rows=105 width=125)
	  Index Cond: ((id >= 3654607) AND (id <= 3654707))

explain: for range-notcovered :: explain SELECT id, c FROM sbtest%d WHERE id BETWEEN 3654607 AND 3654707
for range-notcovered
table 1 : explain SELECT id, c FROM sbtest1 WHERE id BETWEEN 5766696 AND 5766796
	Index Scan using sbtest1_pkey on sbtest1  (cost=0.43..390.20 rows=98 width=125)
	  Index Cond: ((id >= 5766696) AND (id <= 5766796))

table 2 : explain SELECT id, c FROM sbtest2 WHERE id BETWEEN 5766696 AND 5766796
	Index Scan using sbtest2_pkey on sbtest2  (cost=0.43..459.84 rows=116 width=125)
	  Index Cond: ((id >= 5766696) AND (id <= 5766796))

table 3 : explain SELECT id, c FROM sbtest3 WHERE id BETWEEN 5766696 AND 5766796
	Index Scan using sbtest3_pkey on sbtest3  (cost=0.43..394.09 rows=99 width=125)
	  Index Cond: ((id >= 5766696) AND (id <= 5766796))

table 4 : explain SELECT id, c FROM sbtest4 WHERE id BETWEEN 5766696 AND 5766796
	Index Scan using sbtest4_pkey on sbtest4  (cost=0.43..381.11 rows=96 width=125)
	  Index Cond: ((id >= 5766696) AND (id <= 5766796))

table 5 : explain SELECT id, c FROM sbtest5 WHERE id BETWEEN 5766696 AND 5766796
	Index Scan using sbtest5_pkey on sbtest5  (cost=0.43..397.20 rows=100 width=125)
	  Index Cond: ((id >= 5766696) AND (id <= 5766796))

table 6 : explain SELECT id, c FROM sbtest6 WHERE id BETWEEN 5766696 AND 5766796
	Index Scan using sbtest6_pkey on sbtest6  (cost=0.43..438.00 rows=110 width=125)
	  Index Cond: ((id >= 5766696) AND (id <= 5766796))

table 7 : explain SELECT id, c FROM sbtest7 WHERE id BETWEEN 5766696 AND 5766796
	Index Scan using sbtest7_pkey on sbtest7  (cost=0.43..377.16 rows=95 width=125)
	  Index Cond: ((id >= 5766696) AND (id <= 5766796))

table 8 : explain SELECT id, c FROM sbtest8 WHERE id BETWEEN 5766696 AND 5766796
	Index Scan using sbtest8_pkey on sbtest8  (cost=0.43..411.46 rows=104 width=125)
	  Index Cond: ((id >= 5766696) AND (id <= 5766796))

explain: for range-notcovered :: explain SELECT id, c FROM sbtest%d WHERE id BETWEEN 5766696 AND 5766796
for range-notcovered
table 1 : explain SELECT id, c FROM sbtest1 WHERE id BETWEEN 9372822 AND 9372922
	Index Scan using sbtest1_pkey on sbtest1  (cost=0.43..402.01 rows=101 width=125)
	  Index Cond: ((id >= 9372822) AND (id <= 9372922))

table 2 : explain SELECT id, c FROM sbtest2 WHERE id BETWEEN 9372822 AND 9372922
	Index Scan using sbtest2_pkey on sbtest2  (cost=0.43..400.97 rows=101 width=125)
	  Index Cond: ((id >= 9372822) AND (id <= 9372922))

table 3 : explain SELECT id, c FROM sbtest3 WHERE id BETWEEN 9372822 AND 9372922
	Index Scan using sbtest3_pkey on sbtest3  (cost=0.43..374.40 rows=94 width=125)
	  Index Cond: ((id >= 9372822) AND (id <= 9372922))

table 4 : explain SELECT id, c FROM sbtest4 WHERE id BETWEEN 9372822 AND 9372922
	Index Scan using sbtest4_pkey on sbtest4  (cost=0.43..381.11 rows=96 width=125)
	  Index Cond: ((id >= 9372822) AND (id <= 9372922))

table 5 : explain SELECT id, c FROM sbtest5 WHERE id BETWEEN 9372822 AND 9372922
	Index Scan using sbtest5_pkey on sbtest5  (cost=0.43..369.69 rows=93 width=125)
	  Index Cond: ((id >= 9372822) AND (id <= 9372922))

table 6 : explain SELECT id, c FROM sbtest6 WHERE id BETWEEN 9372822 AND 9372922
	Index Scan using sbtest6_pkey on sbtest6  (cost=0.43..374.93 rows=94 width=125)
	  Index Cond: ((id >= 9372822) AND (id <= 9372922))

table 7 : explain SELECT id, c FROM sbtest7 WHERE id BETWEEN 9372822 AND 9372922
	Index Scan using sbtest7_pkey on sbtest7  (cost=0.43..420.33 rows=106 width=125)
	  Index Cond: ((id >= 9372822) AND (id <= 9372922))

table 8 : explain SELECT id, c FROM sbtest8 WHERE id BETWEEN 9372822 AND 9372922
	Index Scan using sbtest8_pkey on sbtest8  (cost=0.43..364.49 rows=92 width=125)
	  Index Cond: ((id >= 9372822) AND (id <= 9372922))

explain: for range-notcovered :: explain SELECT id, c FROM sbtest%d WHERE id BETWEEN 9372822 AND 9372922
for range-notcovered
table 1 : explain SELECT id, c FROM sbtest1 WHERE id BETWEEN 3654607 AND 3654707
	Index Scan using sbtest1_pkey on sbtest1  (cost=0.43..409.88 rows=103 width=125)
	  Index Cond: ((id >= 3654607) AND (id <= 3654707))

table 2 : explain SELECT id, c FROM sbtest2 WHERE id BETWEEN 3654607 AND 3654707
	Index Scan using sbtest2_pkey on sbtest2  (cost=0.43..420.59 rows=106 width=125)
	  Index Cond: ((id >= 3654607) AND (id <= 3654707))

table 3 : explain SELECT id, c FROM sbtest3 WHERE id BETWEEN 3654607 AND 3654707
	Index Scan using sbtest3_pkey on sbtest3  (cost=0.43..413.77 rows=104 width=125)
	  Index Cond: ((id >= 3654607) AND (id <= 3654707))

table 4 : explain SELECT id, c FROM sbtest4 WHERE id BETWEEN 3654607 AND 3654707
	Index Scan using sbtest4_pkey on sbtest4  (cost=0.43..388.95 rows=98 width=125)
	  Index Cond: ((id >= 3654607) AND (id <= 3654707))

table 5 : explain SELECT id, c FROM sbtest5 WHERE id BETWEEN 3654607 AND 3654707
	Index Scan using sbtest5_pkey on sbtest5  (cost=0.43..377.57 rows=95 width=125)
	  Index Cond: ((id >= 3654607) AND (id <= 3654707))

table 6 : explain SELECT id, c FROM sbtest6 WHERE id BETWEEN 3654607 AND 3654707
	Index Scan using sbtest6_pkey on sbtest6  (cost=0.43..374.93 rows=94 width=125)
	  Index Cond: ((id >= 3654607) AND (id <= 3654707))

table 7 : explain SELECT id, c FROM sbtest7 WHERE id BETWEEN 3654607 AND 3654707
	Index Scan using sbtest7_pkey on sbtest7  (cost=0.43..428.17 rows=108 width=125)
	  Index Cond: ((id >= 3654607) AND (id <= 3654707))

table 8 : explain SELECT id, c FROM sbtest8 WHERE id BETWEEN 3654607 AND 3654707
	Index Scan using sbtest8_pkey on sbtest8  (cost=0.43..415.37 rows=105 width=125)
	  Index Cond: ((id >= 3654607) AND (id <= 3654707))

explain: for range-notcovered :: explain SELECT id, c FROM sbtest%d WHERE id BETWEEN 3654607 AND 3654707
for range-notcovered
table 1 : explain SELECT id, c FROM sbtest1 WHERE id BETWEEN 5766696 AND 5766796
	Index Scan using sbtest1_pkey on sbtest1  (cost=0.43..390.20 rows=98 width=125)
	  Index Cond: ((id >= 5766696) AND (id <= 5766796))

table 2 : explain SELECT id, c FROM sbtest2 WHERE id BETWEEN 5766696 AND 5766796
	Index Scan using sbtest2_pkey on sbtest2  (cost=0.43..459.84 rows=116 width=125)
	  Index Cond: ((id >= 5766696) AND (id <= 5766796))

table 3 : explain SELECT id, c FROM sbtest3 WHERE id BETWEEN 5766696 AND 5766796
	Index Scan using sbtest3_pkey on sbtest3  (cost=0.43..394.09 rows=99 width=125)
	  Index Cond: ((id >= 5766696) AND (id <= 5766796))

table 4 : explain SELECT id, c FROM sbtest4 WHERE id BETWEEN 5766696 AND 5766796
	Index Scan using sbtest4_pkey on sbtest4  (cost=0.43..381.11 rows=96 width=125)
	  Index Cond: ((id >= 5766696) AND (id <= 5766796))

table 5 : explain SELECT id, c FROM sbtest5 WHERE id BETWEEN 5766696 AND 5766796
	Index Scan using sbtest5_pkey on sbtest5  (cost=0.43..397.20 rows=100 width=125)
	  Index Cond: ((id >= 5766696) AND (id <= 5766796))

table 6 : explain SELECT id, c FROM sbtest6 WHERE id BETWEEN 5766696 AND 5766796
	Index Scan using sbtest6_pkey on sbtest6  (cost=0.43..438.00 rows=110 width=125)
	  Index Cond: ((id >= 5766696) AND (id <= 5766796))

table 7 : explain SELECT id, c FROM sbtest7 WHERE id BETWEEN 5766696 AND 5766796
	Index Scan using sbtest7_pkey on sbtest7  (cost=0.43..377.16 rows=95 width=125)
	  Index Cond: ((id >= 5766696) AND (id <= 5766796))

table 8 : explain SELECT id, c FROM sbtest8 WHERE id BETWEEN 5766696 AND 5766796
	Index Scan using sbtest8_pkey on sbtest8  (cost=0.43..411.46 rows=104 width=125)
	  Index Cond: ((id >= 5766696) AND (id <= 5766796))

explain: for range-notcovered :: explain SELECT id, c FROM sbtest%d WHERE id BETWEEN 5766696 AND 5766796
for range-notcovered
table 1 : explain SELECT id, c FROM sbtest1 WHERE id BETWEEN 3654607 AND 3654707
	Index Scan using sbtest1_pkey on sbtest1  (cost=0.43..409.88 rows=103 width=125)
	  Index Cond: ((id >= 3654607) AND (id <= 3654707))

table 2 : explain SELECT id, c FROM sbtest2 WHERE id BETWEEN 3654607 AND 3654707
	Index Scan using sbtest2_pkey on sbtest2  (cost=0.43..420.59 rows=106 width=125)
	  Index Cond: ((id >= 3654607) AND (id <= 3654707))

table 3 : explain SELECT id, c FROM sbtest3 WHERE id BETWEEN 3654607 AND 3654707
	Index Scan using sbtest3_pkey on sbtest3  (cost=0.43..413.77 rows=104 width=125)
	  Index Cond: ((id >= 3654607) AND (id <= 3654707))

table 4 : explain SELECT id, c FROM sbtest4 WHERE id BETWEEN 3654607 AND 3654707
	Index Scan using sbtest4_pkey on sbtest4  (cost=0.43..388.95 rows=98 width=125)
	  Index Cond: ((id >= 3654607) AND (id <= 3654707))

table 5 : explain SELECT id, c FROM sbtest5 WHERE id BETWEEN 3654607 AND 3654707
	Index Scan using sbtest5_pkey on sbtest5  (cost=0.43..377.57 rows=95 width=125)
	  Index Cond: ((id >= 3654607) AND (id <= 3654707))

table 6 : explain SELECT id, c FROM sbtest6 WHERE id BETWEEN 3654607 AND 3654707
	Index Scan using sbtest6_pkey on sbtest6  (cost=0.43..374.93 rows=94 width=125)
	  Index Cond: ((id >= 3654607) AND (id <= 3654707))

table 7 : explain SELECT id, c FROM sbtest7 WHERE id BETWEEN 3654607 AND 3654707
	Index Scan using sbtest7_pkey on sbtest7  (cost=0.43..428.17 rows=108 width=125)
	  Index Cond: ((id >= 3654607) AND (id <= 3654707))

table 8 : explain SELECT id, c FROM sbtest8 WHERE id BETWEEN 3654607 AND 3654707
	Index Scan using sbtest8_pkey on sbtest8  (cost=0.43..415.37 rows=105 width=125)
	  Index Cond: ((id >= 3654607) AND (id <= 3654707))

explain: for range-notcovered :: explain SELECT id, c FROM sbtest%d WHERE id BETWEEN 3654607 AND 3654707
for range-notcovered
table 1 : explain SELECT id, c FROM sbtest1 WHERE id BETWEEN 5766696 AND 5766796
	Index Scan using sbtest1_pkey on sbtest1  (cost=0.43..390.20 rows=98 width=125)
	  Index Cond: ((id >= 5766696) AND (id <= 5766796))

table 2 : explain SELECT id, c FROM sbtest2 WHERE id BETWEEN 5766696 AND 5766796
	Index Scan using sbtest2_pkey on sbtest2  (cost=0.43..459.84 rows=116 width=125)
	  Index Cond: ((id >= 5766696) AND (id <= 5766796))

table 3 : explain SELECT id, c FROM sbtest3 WHERE id BETWEEN 5766696 AND 5766796
	Index Scan using sbtest3_pkey on sbtest3  (cost=0.43..394.09 rows=99 width=125)
	  Index Cond: ((id >= 5766696) AND (id <= 5766796))

table 4 : explain SELECT id, c FROM sbtest4 WHERE id BETWEEN 5766696 AND 5766796
	Index Scan using sbtest4_pkey on sbtest4  (cost=0.43..381.11 rows=96 width=125)
	  Index Cond: ((id >= 5766696) AND (id <= 5766796))

table 5 : explain SELECT id, c FROM sbtest5 WHERE id BETWEEN 5766696 AND 5766796
	Index Scan using sbtest5_pkey on sbtest5  (cost=0.43..397.20 rows=100 width=125)
	  Index Cond: ((id >= 5766696) AND (id <= 5766796))

table 6 : explain SELECT id, c FROM sbtest6 WHERE id BETWEEN 5766696 AND 5766796
	Index Scan using sbtest6_pkey on sbtest6  (cost=0.43..438.00 rows=110 width=125)
	  Index Cond: ((id >= 5766696) AND (id <= 5766796))

table 7 : explain SELECT id, c FROM sbtest7 WHERE id BETWEEN 5766696 AND 5766796
	Index Scan using sbtest7_pkey on sbtest7  (cost=0.43..377.16 rows=95 width=125)
	  Index Cond: ((id >= 5766696) AND (id <= 5766796))

table 8 : explain SELECT id, c FROM sbtest8 WHERE id BETWEEN 5766696 AND 5766796
	Index Scan using sbtest8_pkey on sbtest8  (cost=0.43..411.46 rows=104 width=125)
	  Index Cond: ((id >= 5766696) AND (id <= 5766796))

explain: for range-notcovered :: explain SELECT id, c FROM sbtest%d WHERE id BETWEEN 5766696 AND 5766796
explain: for range-notcovered :: explain SELECT id, c FROM sbtest%d WHERE id BETWEEN 5337222 AND 5337322
explain: for range-notcovered :: explain SELECT id, c FROM sbtest%d WHERE id BETWEEN 5697731 AND 5697831
explain: for range-notcovered :: explain SELECT id, c FROM sbtest%d WHERE id BETWEEN 8565391 AND 8565491
explain: for range-notcovered :: explain SELECT id, c FROM sbtest%d WHERE id BETWEEN 2376186 AND 2376286
explain: for range-notcovered :: explain SELECT id, c FROM sbtest%d WHERE id BETWEEN 1991779 AND 1991879
explain: for range-notcovered :: explain SELECT id, c FROM sbtest%d WHERE id BETWEEN 4886609 AND 4886709
explain: for range-notcovered :: explain SELECT id, c FROM sbtest%d WHERE id BETWEEN 4401071 AND 4401171
for range-notcovered
table 1 : explain SELECT id, c FROM sbtest1 WHERE id BETWEEN 5697731 AND 5697831
	Index Scan using sbtest1_pkey on sbtest1  (cost=0.43..390.20 rows=98 width=125)
	  Index Cond: ((id >= 5697731) AND (id <= 5697831))

table 2 : explain SELECT id, c FROM sbtest2 WHERE id BETWEEN 5697731 AND 5697831
	Index Scan using sbtest2_pkey on sbtest2  (cost=0.43..432.37 rows=109 width=125)
	  Index Cond: ((id >= 5697731) AND (id <= 5697831))

table 3 : explain SELECT id, c FROM sbtest3 WHERE id BETWEEN 5697731 AND 5697831
	Index Scan using sbtest3_pkey on sbtest3  (cost=0.43..401.96 rows=101 width=125)
	  Index Cond: ((id >= 5697731) AND (id <= 5697831))

table 4 : explain SELECT id, c FROM sbtest4 WHERE id BETWEEN 5697731 AND 5697831
	Index Scan using sbtest4_pkey on sbtest4  (cost=0.43..412.48 rows=104 width=125)
	  Index Cond: ((id >= 5697731) AND (id <= 5697831))

table 5 : explain SELECT id, c FROM sbtest5 WHERE id BETWEEN 5697731 AND 5697831
	Index Scan using sbtest5_pkey on sbtest5  (cost=0.43..373.62 rows=94 width=125)
	  Index Cond: ((id >= 5697731) AND (id <= 5697831))

table 6 : explain SELECT id, c FROM sbtest6 WHERE id BETWEEN 5697731 AND 5697831
	Index Scan using sbtest6_pkey on sbtest6  (cost=0.43..410.42 rows=103 width=125)
	  Index Cond: ((id >= 5697731) AND (id <= 5697831))

table 7 : explain SELECT id, c FROM sbtest7 WHERE id BETWEEN 5697731 AND 5697831
	Index Scan using sbtest7_pkey on sbtest7  (cost=0.43..381.08 rows=96 width=125)
	  Index Cond: ((id >= 5697731) AND (id <= 5697831))

table 8 : explain SELECT id, c FROM sbtest8 WHERE id BETWEEN 5697731 AND 5697831
	Index Scan using sbtest8_pkey on sbtest8  (cost=0.43..411.46 rows=104 width=125)
	  Index Cond: ((id >= 5697731) AND (id <= 5697831))

explain: for range-notcovered :: explain SELECT id, c FROM sbtest%d WHERE id BETWEEN 4655669 AND 4655769
explain: for range-notcovered :: explain SELECT id, c FROM sbtest%d WHERE id BETWEEN 5697731 AND 5697831
for range-notcovered
table 1 : explain SELECT id, c FROM sbtest1 WHERE id BETWEEN 9036438 AND 9036538
	Index Scan using sbtest1_pkey on sbtest1  (cost=0.43..398.07 rows=100 width=125)
	  Index Cond: ((id >= 9036438) AND (id <= 9036538))

table 2 : explain SELECT id, c FROM sbtest2 WHERE id BETWEEN 9036438 AND 9036538
	Index Scan using sbtest2_pkey on sbtest2  (cost=0.43..369.55 rows=93 width=125)
	  Index Cond: ((id >= 9036438) AND (id <= 9036538))

table 3 : explain SELECT id, c FROM sbtest3 WHERE id BETWEEN 9036438 AND 9036538
	Index Scan using sbtest3_pkey on sbtest3  (cost=0.43..394.09 rows=99 width=125)
	  Index Cond: ((id >= 9036438) AND (id <= 9036538))

table 4 : explain SELECT id, c FROM sbtest4 WHERE id BETWEEN 9036438 AND 9036538
	Index Scan using sbtest4_pkey on sbtest4  (cost=0.43..381.11 rows=96 width=125)
	  Index Cond: ((id >= 9036438) AND (id <= 9036538))

table 5 : explain SELECT id, c FROM sbtest5 WHERE id BETWEEN 9036438 AND 9036538
	Index Scan using sbtest5_pkey on sbtest5  (cost=0.43..401.12 rows=101 width=125)
	  Index Cond: ((id >= 9036438) AND (id <= 9036538))

table 6 : explain SELECT id, c FROM sbtest6 WHERE id BETWEEN 9036438 AND 9036538
	Index Scan using sbtest6_pkey on sbtest6  (cost=0.43..426.18 rows=107 width=125)
	  Index Cond: ((id >= 9036438) AND (id <= 9036538))

table 7 : explain SELECT id, c FROM sbtest7 WHERE id BETWEEN 9036438 AND 9036538
	Index Scan using sbtest7_pkey on sbtest7  (cost=0.43..408.56 rows=103 width=125)
	  Index Cond: ((id >= 9036438) AND (id <= 9036538))

table 8 : explain SELECT id, c FROM sbtest8 WHERE id BETWEEN 9036438 AND 9036538
	Index Scan using sbtest8_pkey on sbtest8  (cost=0.43..391.90 rows=99 width=125)
	  Index Cond: ((id >= 9036438) AND (id <= 9036538))

explain: for range-notcovered :: explain SELECT id, c FROM sbtest%d WHERE id BETWEEN 9036438 AND 9036538
explain: for range-notcovered :: explain SELECT id, c FROM sbtest%d WHERE id BETWEEN 4118681 AND 4118781
explain: for range-notcovered :: explain SELECT id, c FROM sbtest%d WHERE id BETWEEN 4400079 AND 4400179
for range-notcovered
table 1 : explain SELECT id, c FROM sbtest1 WHERE id BETWEEN 5697731 AND 5697831
	Index Scan using sbtest1_pkey on sbtest1  (cost=0.43..390.20 rows=98 width=125)
	  Index Cond: ((id >= 5697731) AND (id <= 5697831))

table 2 : explain SELECT id, c FROM sbtest2 WHERE id BETWEEN 5697731 AND 5697831
	Index Scan using sbtest2_pkey on sbtest2  (cost=0.43..432.37 rows=109 width=125)
	  Index Cond: ((id >= 5697731) AND (id <= 5697831))

table 3 : explain SELECT id, c FROM sbtest3 WHERE id BETWEEN 5697731 AND 5697831
	Index Scan using sbtest3_pkey on sbtest3  (cost=0.43..401.96 rows=101 width=125)
	  Index Cond: ((id >= 5697731) AND (id <= 5697831))

table 4 : explain SELECT id, c FROM sbtest4 WHERE id BETWEEN 5697731 AND 5697831
	Index Scan using sbtest4_pkey on sbtest4  (cost=0.43..412.48 rows=104 width=125)
	  Index Cond: ((id >= 5697731) AND (id <= 5697831))

table 5 : explain SELECT id, c FROM sbtest5 WHERE id BETWEEN 5697731 AND 5697831
	Index Scan using sbtest5_pkey on sbtest5  (cost=0.43..373.62 rows=94 width=125)
	  Index Cond: ((id >= 5697731) AND (id <= 5697831))

table 6 : explain SELECT id, c FROM sbtest6 WHERE id BETWEEN 5697731 AND 5697831
	Index Scan using sbtest6_pkey on sbtest6  (cost=0.43..410.42 rows=103 width=125)
	  Index Cond: ((id >= 5697731) AND (id <= 5697831))

table 7 : explain SELECT id, c FROM sbtest7 WHERE id BETWEEN 5697731 AND 5697831
	Index Scan using sbtest7_pkey on sbtest7  (cost=0.43..381.08 rows=96 width=125)
	  Index Cond: ((id >= 5697731) AND (id <= 5697831))

table 8 : explain SELECT id, c FROM sbtest8 WHERE id BETWEEN 5697731 AND 5697831
	Index Scan using sbtest8_pkey on sbtest8  (cost=0.43..411.46 rows=104 width=125)
	  Index Cond: ((id >= 5697731) AND (id <= 5697831))

explain: for range-notcovered :: explain SELECT id, c FROM sbtest%d WHERE id BETWEEN 5697731 AND 5697831
for range-notcovered
table 1 : explain SELECT id, c FROM sbtest1 WHERE id BETWEEN 9036438 AND 9036538
	Index Scan using sbtest1_pkey on sbtest1  (cost=0.43..398.07 rows=100 width=125)
	  Index Cond: ((id >= 9036438) AND (id <= 9036538))

table 2 : explain SELECT id, c FROM sbtest2 WHERE id BETWEEN 9036438 AND 9036538
	Index Scan using sbtest2_pkey on sbtest2  (cost=0.43..369.55 rows=93 width=125)
	  Index Cond: ((id >= 9036438) AND (id <= 9036538))

table 3 : explain SELECT id, c FROM sbtest3 WHERE id BETWEEN 9036438 AND 9036538
	Index Scan using sbtest3_pkey on sbtest3  (cost=0.43..394.09 rows=99 width=125)
	  Index Cond: ((id >= 9036438) AND (id <= 9036538))

table 4 : explain SELECT id, c FROM sbtest4 WHERE id BETWEEN 9036438 AND 9036538
	Index Scan using sbtest4_pkey on sbtest4  (cost=0.43..381.11 rows=96 width=125)
	  Index Cond: ((id >= 9036438) AND (id <= 9036538))

table 5 : explain SELECT id, c FROM sbtest5 WHERE id BETWEEN 9036438 AND 9036538
	Index Scan using sbtest5_pkey on sbtest5  (cost=0.43..401.12 rows=101 width=125)
	  Index Cond: ((id >= 9036438) AND (id <= 9036538))

table 6 : explain SELECT id, c FROM sbtest6 WHERE id BETWEEN 9036438 AND 9036538
	Index Scan using sbtest6_pkey on sbtest6  (cost=0.43..426.18 rows=107 width=125)
	  Index Cond: ((id >= 9036438) AND (id <= 9036538))

table 7 : explain SELECT id, c FROM sbtest7 WHERE id BETWEEN 9036438 AND 9036538
	Index Scan using sbtest7_pkey on sbtest7  (cost=0.43..408.56 rows=103 width=125)
	  Index Cond: ((id >= 9036438) AND (id <= 9036538))

table 8 : explain SELECT id, c FROM sbtest8 WHERE id BETWEEN 9036438 AND 9036538
	Index Scan using sbtest8_pkey on sbtest8  (cost=0.43..391.90 rows=99 width=125)
	  Index Cond: ((id >= 9036438) AND (id <= 9036538))

for range-notcovered
table 1 : explain SELECT id, c FROM sbtest1 WHERE id BETWEEN 5337222 AND 5337322
	Index Scan using sbtest1_pkey on sbtest1  (cost=0.43..413.81 rows=104 width=125)
	  Index Cond: ((id >= 5337222) AND (id <= 5337322))

table 2 : explain SELECT id, c FROM sbtest2 WHERE id BETWEEN 5337222 AND 5337322
	Index Scan using sbtest2_pkey on sbtest2  (cost=0.43..408.82 rows=103 width=125)
	  Index Cond: ((id >= 5337222) AND (id <= 5337322))

table 3 : explain SELECT id, c FROM sbtest3 WHERE id BETWEEN 5337222 AND 5337322
	Index Scan using sbtest3_pkey on sbtest3  (cost=0.43..413.77 rows=104 width=125)
	  Index Cond: ((id >= 5337222) AND (id <= 5337322))

table 4 : explain SELECT id, c FROM sbtest4 WHERE id BETWEEN 5337222 AND 5337322
	Index Scan using sbtest4_pkey on sbtest4  (cost=0.43..392.87 rows=99 width=125)
	  Index Cond: ((id >= 5337222) AND (id <= 5337322))

table 5 : explain SELECT id, c FROM sbtest5 WHERE id BETWEEN 5337222 AND 5337322
	Index Scan using sbtest5_pkey on sbtest5  (cost=0.43..412.90 rows=104 width=125)
	  Index Cond: ((id >= 5337222) AND (id <= 5337322))

table 6 : explain SELECT id, c FROM sbtest6 WHERE id BETWEEN 5337222 AND 5337322
	Index Scan using sbtest6_pkey on sbtest6  (cost=0.43..434.06 rows=109 width=125)
	  Index Cond: ((id >= 5337222) AND (id <= 5337322))

table 7 : explain SELECT id, c FROM sbtest7 WHERE id BETWEEN 5337222 AND 5337322
	Index Scan using sbtest7_pkey on sbtest7  (cost=0.43..357.55 rows=90 width=125)
	  Index Cond: ((id >= 5337222) AND (id <= 5337322))

table 8 : explain SELECT id, c FROM sbtest8 WHERE id BETWEEN 5337222 AND 5337322
	Index Scan using sbtest8_pkey on sbtest8  (cost=0.43..387.99 rows=98 width=125)
	  Index Cond: ((id >= 5337222) AND (id <= 5337322))

explain: for range-notcovered :: explain SELECT id, c FROM sbtest%d WHERE id BETWEEN 9036438 AND 9036538
explain: for range-notcovered :: explain SELECT id, c FROM sbtest%d WHERE id BETWEEN 5337222 AND 5337322
for range-notcovered
table 1 : explain SELECT id, c FROM sbtest1 WHERE id BETWEEN 5697731 AND 5697831
	Index Scan using sbtest1_pkey on sbtest1  (cost=0.43..390.20 rows=98 width=125)
	  Index Cond: ((id >= 5697731) AND (id <= 5697831))

table 2 : explain SELECT id, c FROM sbtest2 WHERE id BETWEEN 5697731 AND 5697831
	Index Scan using sbtest2_pkey on sbtest2  (cost=0.43..432.37 rows=109 width=125)
	  Index Cond: ((id >= 5697731) AND (id <= 5697831))

table 3 : explain SELECT id, c FROM sbtest3 WHERE id BETWEEN 5697731 AND 5697831
	Index Scan using sbtest3_pkey on sbtest3  (cost=0.43..401.96 rows=101 width=125)
	  Index Cond: ((id >= 5697731) AND (id <= 5697831))

table 4 : explain SELECT id, c FROM sbtest4 WHERE id BETWEEN 5697731 AND 5697831
	Index Scan using sbtest4_pkey on sbtest4  (cost=0.43..412.48 rows=104 width=125)
	  Index Cond: ((id >= 5697731) AND (id <= 5697831))

table 5 : explain SELECT id, c FROM sbtest5 WHERE id BETWEEN 5697731 AND 5697831
	Index Scan using sbtest5_pkey on sbtest5  (cost=0.43..373.62 rows=94 width=125)
	  Index Cond: ((id >= 5697731) AND (id <= 5697831))

table 6 : explain SELECT id, c FROM sbtest6 WHERE id BETWEEN 5697731 AND 5697831
	Index Scan using sbtest6_pkey on sbtest6  (cost=0.43..410.42 rows=103 width=125)
	  Index Cond: ((id >= 5697731) AND (id <= 5697831))

table 7 : explain SELECT id, c FROM sbtest7 WHERE id BETWEEN 5697731 AND 5697831
	Index Scan using sbtest7_pkey on sbtest7  (cost=0.43..381.08 rows=96 width=125)
	  Index Cond: ((id >= 5697731) AND (id <= 5697831))

table 8 : explain SELECT id, c FROM sbtest8 WHERE id BETWEEN 5697731 AND 5697831
	Index Scan using sbtest8_pkey on sbtest8  (cost=0.43..411.46 rows=104 width=125)
	  Index Cond: ((id >= 5697731) AND (id <= 5697831))

explain: for range-notcovered :: explain SELECT id, c FROM sbtest%d WHERE id BETWEEN 5697731 AND 5697831
for range-notcovered
table 1 : explain SELECT id, c FROM sbtest1 WHERE id BETWEEN 9036438 AND 9036538
	Index Scan using sbtest1_pkey on sbtest1  (cost=0.43..398.07 rows=100 width=125)
	  Index Cond: ((id >= 9036438) AND (id <= 9036538))

table 2 : explain SELECT id, c FROM sbtest2 WHERE id BETWEEN 9036438 AND 9036538
	Index Scan using sbtest2_pkey on sbtest2  (cost=0.43..369.55 rows=93 width=125)
	  Index Cond: ((id >= 9036438) AND (id <= 9036538))

table 3 : explain SELECT id, c FROM sbtest3 WHERE id BETWEEN 9036438 AND 9036538
	Index Scan using sbtest3_pkey on sbtest3  (cost=0.43..394.09 rows=99 width=125)
	  Index Cond: ((id >= 9036438) AND (id <= 9036538))

table 4 : explain SELECT id, c FROM sbtest4 WHERE id BETWEEN 9036438 AND 9036538
	Index Scan using sbtest4_pkey on sbtest4  (cost=0.43..381.11 rows=96 width=125)
	  Index Cond: ((id >= 9036438) AND (id <= 9036538))

table 5 : explain SELECT id, c FROM sbtest5 WHERE id BETWEEN 9036438 AND 9036538
	Index Scan using sbtest5_pkey on sbtest5  (cost=0.43..401.12 rows=101 width=125)
	  Index Cond: ((id >= 9036438) AND (id <= 9036538))

table 6 : explain SELECT id, c FROM sbtest6 WHERE id BETWEEN 9036438 AND 9036538
	Index Scan using sbtest6_pkey on sbtest6  (cost=0.43..426.18 rows=107 width=125)
	  Index Cond: ((id >= 9036438) AND (id <= 9036538))

table 7 : explain SELECT id, c FROM sbtest7 WHERE id BETWEEN 9036438 AND 9036538
	Index Scan using sbtest7_pkey on sbtest7  (cost=0.43..408.56 rows=103 width=125)
	  Index Cond: ((id >= 9036438) AND (id <= 9036538))

table 8 : explain SELECT id, c FROM sbtest8 WHERE id BETWEEN 9036438 AND 9036538
	Index Scan using sbtest8_pkey on sbtest8  (cost=0.43..391.90 rows=99 width=125)
	  Index Cond: ((id >= 9036438) AND (id <= 9036538))

explain: for range-notcovered :: explain SELECT id, c FROM sbtest%d WHERE id BETWEEN 8185278 AND 8185378
explain: for range-notcovered :: explain SELECT id, c FROM sbtest%d WHERE id BETWEEN 9036438 AND 9036538
for range-notcovered
table 1 : explain SELECT id, c FROM sbtest1 WHERE id BETWEEN 5337222 AND 5337322
	Index Scan using sbtest1_pkey on sbtest1  (cost=0.43..413.81 rows=104 width=125)
	  Index Cond: ((id >= 5337222) AND (id <= 5337322))

table 2 : explain SELECT id, c FROM sbtest2 WHERE id BETWEEN 5337222 AND 5337322
	Index Scan using sbtest2_pkey on sbtest2  (cost=0.43..408.82 rows=103 width=125)
	  Index Cond: ((id >= 5337222) AND (id <= 5337322))

table 3 : explain SELECT id, c FROM sbtest3 WHERE id BETWEEN 5337222 AND 5337322
	Index Scan using sbtest3_pkey on sbtest3  (cost=0.43..413.77 rows=104 width=125)
	  Index Cond: ((id >= 5337222) AND (id <= 5337322))

table 4 : explain SELECT id, c FROM sbtest4 WHERE id BETWEEN 5337222 AND 5337322
	Index Scan using sbtest4_pkey on sbtest4  (cost=0.43..392.87 rows=99 width=125)
	  Index Cond: ((id >= 5337222) AND (id <= 5337322))

table 5 : explain SELECT id, c FROM sbtest5 WHERE id BETWEEN 5337222 AND 5337322
	Index Scan using sbtest5_pkey on sbtest5  (cost=0.43..412.90 rows=104 width=125)
	  Index Cond: ((id >= 5337222) AND (id <= 5337322))

table 6 : explain SELECT id, c FROM sbtest6 WHERE id BETWEEN 5337222 AND 5337322
	Index Scan using sbtest6_pkey on sbtest6  (cost=0.43..434.06 rows=109 width=125)
	  Index Cond: ((id >= 5337222) AND (id <= 5337322))

table 7 : explain SELECT id, c FROM sbtest7 WHERE id BETWEEN 5337222 AND 5337322
	Index Scan using sbtest7_pkey on sbtest7  (cost=0.43..357.55 rows=90 width=125)
	  Index Cond: ((id >= 5337222) AND (id <= 5337322))

table 8 : explain SELECT id, c FROM sbtest8 WHERE id BETWEEN 5337222 AND 5337322
	Index Scan using sbtest8_pkey on sbtest8  (cost=0.43..387.99 rows=98 width=125)
	  Index Cond: ((id >= 5337222) AND (id <= 5337322))

explain: for range-notcovered :: explain SELECT id, c FROM sbtest%d WHERE id BETWEEN 5337222 AND 5337322
explain: for range-notcovered :: explain SELECT id, c FROM sbtest%d WHERE id BETWEEN 2541707 AND 2541807
for range-notcovered
table 1 : explain SELECT id, c FROM sbtest1 WHERE id BETWEEN 5697731 AND 5697831
	Index Scan using sbtest1_pkey on sbtest1  (cost=0.43..390.20 rows=98 width=125)
	  Index Cond: ((id >= 5697731) AND (id <= 5697831))

table 2 : explain SELECT id, c FROM sbtest2 WHERE id BETWEEN 5697731 AND 5697831
	Index Scan using sbtest2_pkey on sbtest2  (cost=0.43..432.37 rows=109 width=125)
	  Index Cond: ((id >= 5697731) AND (id <= 5697831))

table 3 : explain SELECT id, c FROM sbtest3 WHERE id BETWEEN 5697731 AND 5697831
	Index Scan using sbtest3_pkey on sbtest3  (cost=0.43..401.96 rows=101 width=125)
	  Index Cond: ((id >= 5697731) AND (id <= 5697831))

table 4 : explain SELECT id, c FROM sbtest4 WHERE id BETWEEN 5697731 AND 5697831
	Index Scan using sbtest4_pkey on sbtest4  (cost=0.43..412.48 rows=104 width=125)
	  Index Cond: ((id >= 5697731) AND (id <= 5697831))

table 5 : explain SELECT id, c FROM sbtest5 WHERE id BETWEEN 5697731 AND 5697831
	Index Scan using sbtest5_pkey on sbtest5  (cost=0.43..373.62 rows=94 width=125)
	  Index Cond: ((id >= 5697731) AND (id <= 5697831))

table 6 : explain SELECT id, c FROM sbtest6 WHERE id BETWEEN 5697731 AND 5697831
	Index Scan using sbtest6_pkey on sbtest6  (cost=0.43..410.42 rows=103 width=125)
	  Index Cond: ((id >= 5697731) AND (id <= 5697831))

table 7 : explain SELECT id, c FROM sbtest7 WHERE id BETWEEN 5697731 AND 5697831
	Index Scan using sbtest7_pkey on sbtest7  (cost=0.43..381.08 rows=96 width=125)
	  Index Cond: ((id >= 5697731) AND (id <= 5697831))

table 8 : explain SELECT id, c FROM sbtest8 WHERE id BETWEEN 5697731 AND 5697831
	Index Scan using sbtest8_pkey on sbtest8  (cost=0.43..411.46 rows=104 width=125)
	  Index Cond: ((id >= 5697731) AND (id <= 5697831))

explain: for range-notcovered :: explain SELECT id, c FROM sbtest%d WHERE id BETWEEN 5697731 AND 5697831
for range-notcovered
table 1 : explain SELECT id, c FROM sbtest1 WHERE id BETWEEN 9036438 AND 9036538
	Index Scan using sbtest1_pkey on sbtest1  (cost=0.43..398.07 rows=100 width=125)
	  Index Cond: ((id >= 9036438) AND (id <= 9036538))

table 2 : explain SELECT id, c FROM sbtest2 WHERE id BETWEEN 9036438 AND 9036538
	Index Scan using sbtest2_pkey on sbtest2  (cost=0.43..369.55 rows=93 width=125)
	  Index Cond: ((id >= 9036438) AND (id <= 9036538))

table 3 : explain SELECT id, c FROM sbtest3 WHERE id BETWEEN 9036438 AND 9036538
	Index Scan using sbtest3_pkey on sbtest3  (cost=0.43..394.09 rows=99 width=125)
	  Index Cond: ((id >= 9036438) AND (id <= 9036538))

table 4 : explain SELECT id, c FROM sbtest4 WHERE id BETWEEN 9036438 AND 9036538
	Index Scan using sbtest4_pkey on sbtest4  (cost=0.43..381.11 rows=96 width=125)
	  Index Cond: ((id >= 9036438) AND (id <= 9036538))

table 5 : explain SELECT id, c FROM sbtest5 WHERE id BETWEEN 9036438 AND 9036538
	Index Scan using sbtest5_pkey on sbtest5  (cost=0.43..401.12 rows=101 width=125)
	  Index Cond: ((id >= 9036438) AND (id <= 9036538))

table 6 : explain SELECT id, c FROM sbtest6 WHERE id BETWEEN 9036438 AND 9036538
	Index Scan using sbtest6_pkey on sbtest6  (cost=0.43..426.18 rows=107 width=125)
	  Index Cond: ((id >= 9036438) AND (id <= 9036538))

table 7 : explain SELECT id, c FROM sbtest7 WHERE id BETWEEN 9036438 AND 9036538
	Index Scan using sbtest7_pkey on sbtest7  (cost=0.43..408.56 rows=103 width=125)
	  Index Cond: ((id >= 9036438) AND (id <= 9036538))

table 8 : explain SELECT id, c FROM sbtest8 WHERE id BETWEEN 9036438 AND 9036538
	Index Scan using sbtest8_pkey on sbtest8  (cost=0.43..391.90 rows=99 width=125)
	  Index Cond: ((id >= 9036438) AND (id <= 9036538))

for range-notcovered
table 1 : explain SELECT id, c FROM sbtest1 WHERE id BETWEEN 5337222 AND 5337322
	Index Scan using sbtest1_pkey on sbtest1  (cost=0.43..413.81 rows=104 width=125)
	  Index Cond: ((id >= 5337222) AND (id <= 5337322))

table 2 : explain SELECT id, c FROM sbtest2 WHERE id BETWEEN 5337222 AND 5337322
	Index Scan using sbtest2_pkey on sbtest2  (cost=0.43..408.82 rows=103 width=125)
	  Index Cond: ((id >= 5337222) AND (id <= 5337322))

table 3 : explain SELECT id, c FROM sbtest3 WHERE id BETWEEN 5337222 AND 5337322
	Index Scan using sbtest3_pkey on sbtest3  (cost=0.43..413.77 rows=104 width=125)
	  Index Cond: ((id >= 5337222) AND (id <= 5337322))

table 4 : explain SELECT id, c FROM sbtest4 WHERE id BETWEEN 5337222 AND 5337322
	Index Scan using sbtest4_pkey on sbtest4  (cost=0.43..392.87 rows=99 width=125)
	  Index Cond: ((id >= 5337222) AND (id <= 5337322))

table 5 : explain SELECT id, c FROM sbtest5 WHERE id BETWEEN 5337222 AND 5337322
	Index Scan using sbtest5_pkey on sbtest5  (cost=0.43..412.90 rows=104 width=125)
	  Index Cond: ((id >= 5337222) AND (id <= 5337322))

table 6 : explain SELECT id, c FROM sbtest6 WHERE id BETWEEN 5337222 AND 5337322
	Index Scan using sbtest6_pkey on sbtest6  (cost=0.43..434.06 rows=109 width=125)
	  Index Cond: ((id >= 5337222) AND (id <= 5337322))

table 7 : explain SELECT id, c FROM sbtest7 WHERE id BETWEEN 5337222 AND 5337322
	Index Scan using sbtest7_pkey on sbtest7  (cost=0.43..357.55 rows=90 width=125)
	  Index Cond: ((id >= 5337222) AND (id <= 5337322))

table 8 : explain SELECT id, c FROM sbtest8 WHERE id BETWEEN 5337222 AND 5337322
	Index Scan using sbtest8_pkey on sbtest8  (cost=0.43..387.99 rows=98 width=125)
	  Index Cond: ((id >= 5337222) AND (id <= 5337322))

explain: for range-notcovered :: explain SELECT id, c FROM sbtest%d WHERE id BETWEEN 9036438 AND 9036538
explain: for range-notcovered :: explain SELECT id, c FROM sbtest%d WHERE id BETWEEN 5337222 AND 5337322
for range-notcovered
table 1 : explain SELECT id, c FROM sbtest1 WHERE id BETWEEN 5697731 AND 5697831
	Index Scan using sbtest1_pkey on sbtest1  (cost=0.43..390.20 rows=98 width=125)
	  Index Cond: ((id >= 5697731) AND (id <= 5697831))

table 2 : explain SELECT id, c FROM sbtest2 WHERE id BETWEEN 5697731 AND 5697831
	Index Scan using sbtest2_pkey on sbtest2  (cost=0.43..432.37 rows=109 width=125)
	  Index Cond: ((id >= 5697731) AND (id <= 5697831))

table 3 : explain SELECT id, c FROM sbtest3 WHERE id BETWEEN 5697731 AND 5697831
	Index Scan using sbtest3_pkey on sbtest3  (cost=0.43..401.96 rows=101 width=125)
	  Index Cond: ((id >= 5697731) AND (id <= 5697831))

table 4 : explain SELECT id, c FROM sbtest4 WHERE id BETWEEN 5697731 AND 5697831
	Index Scan using sbtest4_pkey on sbtest4  (cost=0.43..412.48 rows=104 width=125)
	  Index Cond: ((id >= 5697731) AND (id <= 5697831))

table 5 : explain SELECT id, c FROM sbtest5 WHERE id BETWEEN 5697731 AND 5697831
	Index Scan using sbtest5_pkey on sbtest5  (cost=0.43..373.62 rows=94 width=125)
	  Index Cond: ((id >= 5697731) AND (id <= 5697831))

table 6 : explain SELECT id, c FROM sbtest6 WHERE id BETWEEN 5697731 AND 5697831
	Index Scan using sbtest6_pkey on sbtest6  (cost=0.43..410.42 rows=103 width=125)
	  Index Cond: ((id >= 5697731) AND (id <= 5697831))

table 7 : explain SELECT id, c FROM sbtest7 WHERE id BETWEEN 5697731 AND 5697831
	Index Scan using sbtest7_pkey on sbtest7  (cost=0.43..381.08 rows=96 width=125)
	  Index Cond: ((id >= 5697731) AND (id <= 5697831))

table 8 : explain SELECT id, c FROM sbtest8 WHERE id BETWEEN 5697731 AND 5697831
	Index Scan using sbtest8_pkey on sbtest8  (cost=0.43..411.46 rows=104 width=125)
	  Index Cond: ((id >= 5697731) AND (id <= 5697831))

explain: for range-notcovered :: explain SELECT id, c FROM sbtest%d WHERE id BETWEEN 5697731 AND 5697831
for range-notcovered
table 1 : explain SELECT id, c FROM sbtest1 WHERE id BETWEEN 9036438 AND 9036538
	Index Scan using sbtest1_pkey on sbtest1  (cost=0.43..398.07 rows=100 width=125)
	  Index Cond: ((id >= 9036438) AND (id <= 9036538))

table 2 : explain SELECT id, c FROM sbtest2 WHERE id BETWEEN 9036438 AND 9036538
	Index Scan using sbtest2_pkey on sbtest2  (cost=0.43..369.55 rows=93 width=125)
	  Index Cond: ((id >= 9036438) AND (id <= 9036538))

table 3 : explain SELECT id, c FROM sbtest3 WHERE id BETWEEN 9036438 AND 9036538
	Index Scan using sbtest3_pkey on sbtest3  (cost=0.43..394.09 rows=99 width=125)
	  Index Cond: ((id >= 9036438) AND (id <= 9036538))

table 4 : explain SELECT id, c FROM sbtest4 WHERE id BETWEEN 9036438 AND 9036538
	Index Scan using sbtest4_pkey on sbtest4  (cost=0.43..381.11 rows=96 width=125)
	  Index Cond: ((id >= 9036438) AND (id <= 9036538))

table 5 : explain SELECT id, c FROM sbtest5 WHERE id BETWEEN 9036438 AND 9036538
	Index Scan using sbtest5_pkey on sbtest5  (cost=0.43..401.12 rows=101 width=125)
	  Index Cond: ((id >= 9036438) AND (id <= 9036538))

table 6 : explain SELECT id, c FROM sbtest6 WHERE id BETWEEN 9036438 AND 9036538
	Index Scan using sbtest6_pkey on sbtest6  (cost=0.43..426.18 rows=107 width=125)
	  Index Cond: ((id >= 9036438) AND (id <= 9036538))

table 7 : explain SELECT id, c FROM sbtest7 WHERE id BETWEEN 9036438 AND 9036538
	Index Scan using sbtest7_pkey on sbtest7  (cost=0.43..408.56 rows=103 width=125)
	  Index Cond: ((id >= 9036438) AND (id <= 9036538))

table 8 : explain SELECT id, c FROM sbtest8 WHERE id BETWEEN 9036438 AND 9036538
	Index Scan using sbtest8_pkey on sbtest8  (cost=0.43..391.90 rows=99 width=125)
	  Index Cond: ((id >= 9036438) AND (id <= 9036538))

explain: for range-notcovered :: explain SELECT id, c FROM sbtest%d WHERE id BETWEEN 9036438 AND 9036538
for range-notcovered
table 1 : explain SELECT id, c FROM sbtest1 WHERE id BETWEEN 5337222 AND 5337322
	Index Scan using sbtest1_pkey on sbtest1  (cost=0.43..413.81 rows=104 width=125)
	  Index Cond: ((id >= 5337222) AND (id <= 5337322))

table 2 : explain SELECT id, c FROM sbtest2 WHERE id BETWEEN 5337222 AND 5337322
	Index Scan using sbtest2_pkey on sbtest2  (cost=0.43..408.82 rows=103 width=125)
	  Index Cond: ((id >= 5337222) AND (id <= 5337322))

table 3 : explain SELECT id, c FROM sbtest3 WHERE id BETWEEN 5337222 AND 5337322
	Index Scan using sbtest3_pkey on sbtest3  (cost=0.43..413.77 rows=104 width=125)
	  Index Cond: ((id >= 5337222) AND (id <= 5337322))

table 4 : explain SELECT id, c FROM sbtest4 WHERE id BETWEEN 5337222 AND 5337322
	Index Scan using sbtest4_pkey on sbtest4  (cost=0.43..392.87 rows=99 width=125)
	  Index Cond: ((id >= 5337222) AND (id <= 5337322))

table 5 : explain SELECT id, c FROM sbtest5 WHERE id BETWEEN 5337222 AND 5337322
	Index Scan using sbtest5_pkey on sbtest5  (cost=0.43..412.90 rows=104 width=125)
	  Index Cond: ((id >= 5337222) AND (id <= 5337322))

table 6 : explain SELECT id, c FROM sbtest6 WHERE id BETWEEN 5337222 AND 5337322
	Index Scan using sbtest6_pkey on sbtest6  (cost=0.43..434.06 rows=109 width=125)
	  Index Cond: ((id >= 5337222) AND (id <= 5337322))

table 7 : explain SELECT id, c FROM sbtest7 WHERE id BETWEEN 5337222 AND 5337322
	Index Scan using sbtest7_pkey on sbtest7  (cost=0.43..357.55 rows=90 width=125)
	  Index Cond: ((id >= 5337222) AND (id <= 5337322))

table 8 : explain SELECT id, c FROM sbtest8 WHERE id BETWEEN 5337222 AND 5337322
	Index Scan using sbtest8_pkey on sbtest8  (cost=0.43..387.99 rows=98 width=125)
	  Index Cond: ((id >= 5337222) AND (id <= 5337322))

explain: for range-notcovered :: explain SELECT id, c FROM sbtest%d WHERE id BETWEEN 5337222 AND 5337322
for range-notcovered
table 1 : explain SELECT id, c FROM sbtest1 WHERE id BETWEEN 5697731 AND 5697831
	Index Scan using sbtest1_pkey on sbtest1  (cost=0.43..390.20 rows=98 width=125)
	  Index Cond: ((id >= 5697731) AND (id <= 5697831))

table 2 : explain SELECT id, c FROM sbtest2 WHERE id BETWEEN 5697731 AND 5697831
	Index Scan using sbtest2_pkey on sbtest2  (cost=0.43..432.37 rows=109 width=125)
	  Index Cond: ((id >= 5697731) AND (id <= 5697831))

table 3 : explain SELECT id, c FROM sbtest3 WHERE id BETWEEN 5697731 AND 5697831
	Index Scan using sbtest3_pkey on sbtest3  (cost=0.43..401.96 rows=101 width=125)
	  Index Cond: ((id >= 5697731) AND (id <= 5697831))

table 4 : explain SELECT id, c FROM sbtest4 WHERE id BETWEEN 5697731 AND 5697831
	Index Scan using sbtest4_pkey on sbtest4  (cost=0.43..412.48 rows=104 width=125)
	  Index Cond: ((id >= 5697731) AND (id <= 5697831))

table 5 : explain SELECT id, c FROM sbtest5 WHERE id BETWEEN 5697731 AND 5697831
	Index Scan using sbtest5_pkey on sbtest5  (cost=0.43..373.62 rows=94 width=125)
	  Index Cond: ((id >= 5697731) AND (id <= 5697831))

table 6 : explain SELECT id, c FROM sbtest6 WHERE id BETWEEN 5697731 AND 5697831
	Index Scan using sbtest6_pkey on sbtest6  (cost=0.43..410.42 rows=103 width=125)
	  Index Cond: ((id >= 5697731) AND (id <= 5697831))

table 7 : explain SELECT id, c FROM sbtest7 WHERE id BETWEEN 5697731 AND 5697831
	Index Scan using sbtest7_pkey on sbtest7  (cost=0.43..381.08 rows=96 width=125)
	  Index Cond: ((id >= 5697731) AND (id <= 5697831))

table 8 : explain SELECT id, c FROM sbtest8 WHERE id BETWEEN 5697731 AND 5697831
	Index Scan using sbtest8_pkey on sbtest8  (cost=0.43..411.46 rows=104 width=125)
	  Index Cond: ((id >= 5697731) AND (id <= 5697831))

explain: for range-notcovered :: explain SELECT id, c FROM sbtest%d WHERE id BETWEEN 5697731 AND 5697831
for range-notcovered
table 1 : explain SELECT id, c FROM sbtest1 WHERE id BETWEEN 9036438 AND 9036538
	Index Scan using sbtest1_pkey on sbtest1  (cost=0.43..398.07 rows=100 width=125)
	  Index Cond: ((id >= 9036438) AND (id <= 9036538))

table 2 : explain SELECT id, c FROM sbtest2 WHERE id BETWEEN 9036438 AND 9036538
	Index Scan using sbtest2_pkey on sbtest2  (cost=0.43..369.55 rows=93 width=125)
	  Index Cond: ((id >= 9036438) AND (id <= 9036538))

table 3 : explain SELECT id, c FROM sbtest3 WHERE id BETWEEN 9036438 AND 9036538
	Index Scan using sbtest3_pkey on sbtest3  (cost=0.43..394.09 rows=99 width=125)
	  Index Cond: ((id >= 9036438) AND (id <= 9036538))

table 4 : explain SELECT id, c FROM sbtest4 WHERE id BETWEEN 9036438 AND 9036538
	Index Scan using sbtest4_pkey on sbtest4  (cost=0.43..381.11 rows=96 width=125)
	  Index Cond: ((id >= 9036438) AND (id <= 9036538))

table 5 : explain SELECT id, c FROM sbtest5 WHERE id BETWEEN 9036438 AND 9036538
	Index Scan using sbtest5_pkey on sbtest5  (cost=0.43..401.12 rows=101 width=125)
	  Index Cond: ((id >= 9036438) AND (id <= 9036538))

table 6 : explain SELECT id, c FROM sbtest6 WHERE id BETWEEN 9036438 AND 9036538
	Index Scan using sbtest6_pkey on sbtest6  (cost=0.43..426.18 rows=107 width=125)
	  Index Cond: ((id >= 9036438) AND (id <= 9036538))

table 7 : explain SELECT id, c FROM sbtest7 WHERE id BETWEEN 9036438 AND 9036538
	Index Scan using sbtest7_pkey on sbtest7  (cost=0.43..408.56 rows=103 width=125)
	  Index Cond: ((id >= 9036438) AND (id <= 9036538))

table 8 : explain SELECT id, c FROM sbtest8 WHERE id BETWEEN 9036438 AND 9036538
	Index Scan using sbtest8_pkey on sbtest8  (cost=0.43..391.90 rows=99 width=125)
	  Index Cond: ((id >= 9036438) AND (id <= 9036538))

explain: for range-notcovered :: explain SELECT id, c FROM sbtest%d WHERE id BETWEEN 9036438 AND 9036538
for range-notcovered
table 1 : explain SELECT id, c FROM sbtest1 WHERE id BETWEEN 9036438 AND 9036538
	Index Scan using sbtest1_pkey on sbtest1  (cost=0.43..398.07 rows=100 width=125)
	  Index Cond: ((id >= 9036438) AND (id <= 9036538))

table 2 : explain SELECT id, c FROM sbtest2 WHERE id BETWEEN 9036438 AND 9036538
	Index Scan using sbtest2_pkey on sbtest2  (cost=0.43..369.55 rows=93 width=125)
	  Index Cond: ((id >= 9036438) AND (id <= 9036538))

table 3 : explain SELECT id, c FROM sbtest3 WHERE id BETWEEN 9036438 AND 9036538
	Index Scan using sbtest3_pkey on sbtest3  (cost=0.43..394.09 rows=99 width=125)
	  Index Cond: ((id >= 9036438) AND (id <= 9036538))

table 4 : explain SELECT id, c FROM sbtest4 WHERE id BETWEEN 9036438 AND 9036538
	Index Scan using sbtest4_pkey on sbtest4  (cost=0.43..381.11 rows=96 width=125)
	  Index Cond: ((id >= 9036438) AND (id <= 9036538))

table 5 : explain SELECT id, c FROM sbtest5 WHERE id BETWEEN 9036438 AND 9036538
	Index Scan using sbtest5_pkey on sbtest5  (cost=0.43..401.12 rows=101 width=125)
	  Index Cond: ((id >= 9036438) AND (id <= 9036538))

table 6 : explain SELECT id, c FROM sbtest6 WHERE id BETWEEN 9036438 AND 9036538
	Index Scan using sbtest6_pkey on sbtest6  (cost=0.43..426.18 rows=107 width=125)
	  Index Cond: ((id >= 9036438) AND (id <= 9036538))

table 7 : explain SELECT id, c FROM sbtest7 WHERE id BETWEEN 9036438 AND 9036538
	Index Scan using sbtest7_pkey on sbtest7  (cost=0.43..408.56 rows=103 width=125)
	  Index Cond: ((id >= 9036438) AND (id <= 9036538))

table 8 : explain SELECT id, c FROM sbtest8 WHERE id BETWEEN 9036438 AND 9036538
	Index Scan using sbtest8_pkey on sbtest8  (cost=0.43..391.90 rows=99 width=125)
	  Index Cond: ((id >= 9036438) AND (id <= 9036538))

explain: for range-notcovered :: explain SELECT id, c FROM sbtest%d WHERE id BETWEEN 9036438 AND 9036538
for range-notcovered
table 1 : explain SELECT id, c FROM sbtest1 WHERE id BETWEEN 5337222 AND 5337322
	Index Scan using sbtest1_pkey on sbtest1  (cost=0.43..413.81 rows=104 width=125)
	  Index Cond: ((id >= 5337222) AND (id <= 5337322))

table 2 : explain SELECT id, c FROM sbtest2 WHERE id BETWEEN 5337222 AND 5337322
	Index Scan using sbtest2_pkey on sbtest2  (cost=0.43..408.82 rows=103 width=125)
	  Index Cond: ((id >= 5337222) AND (id <= 5337322))

table 3 : explain SELECT id, c FROM sbtest3 WHERE id BETWEEN 5337222 AND 5337322
	Index Scan using sbtest3_pkey on sbtest3  (cost=0.43..413.77 rows=104 width=125)
	  Index Cond: ((id >= 5337222) AND (id <= 5337322))

table 4 : explain SELECT id, c FROM sbtest4 WHERE id BETWEEN 5337222 AND 5337322
	Index Scan using sbtest4_pkey on sbtest4  (cost=0.43..392.87 rows=99 width=125)
	  Index Cond: ((id >= 5337222) AND (id <= 5337322))

table 5 : explain SELECT id, c FROM sbtest5 WHERE id BETWEEN 5337222 AND 5337322
	Index Scan using sbtest5_pkey on sbtest5  (cost=0.43..412.90 rows=104 width=125)
	  Index Cond: ((id >= 5337222) AND (id <= 5337322))

table 6 : explain SELECT id, c FROM sbtest6 WHERE id BETWEEN 5337222 AND 5337322
	Index Scan using sbtest6_pkey on sbtest6  (cost=0.43..434.06 rows=109 width=125)
	  Index Cond: ((id >= 5337222) AND (id <= 5337322))

table 7 : explain SELECT id, c FROM sbtest7 WHERE id BETWEEN 5337222 AND 5337322
	Index Scan using sbtest7_pkey on sbtest7  (cost=0.43..357.55 rows=90 width=125)
	  Index Cond: ((id >= 5337222) AND (id <= 5337322))

table 8 : explain SELECT id, c FROM sbtest8 WHERE id BETWEEN 5337222 AND 5337322
	Index Scan using sbtest8_pkey on sbtest8  (cost=0.43..387.99 rows=98 width=125)
	  Index Cond: ((id >= 5337222) AND (id <= 5337322))

explain: for range-notcovered :: explain SELECT id, c FROM sbtest%d WHERE id BETWEEN 5337222 AND 5337322
for range-notcovered
table 1 : explain SELECT id, c FROM sbtest1 WHERE id BETWEEN 5697731 AND 5697831
	Index Scan using sbtest1_pkey on sbtest1  (cost=0.43..390.20 rows=98 width=125)
	  Index Cond: ((id >= 5697731) AND (id <= 5697831))

table 2 : explain SELECT id, c FROM sbtest2 WHERE id BETWEEN 5697731 AND 5697831
	Index Scan using sbtest2_pkey on sbtest2  (cost=0.43..432.37 rows=109 width=125)
	  Index Cond: ((id >= 5697731) AND (id <= 5697831))

table 3 : explain SELECT id, c FROM sbtest3 WHERE id BETWEEN 5697731 AND 5697831
	Index Scan using sbtest3_pkey on sbtest3  (cost=0.43..401.96 rows=101 width=125)
	  Index Cond: ((id >= 5697731) AND (id <= 5697831))

table 4 : explain SELECT id, c FROM sbtest4 WHERE id BETWEEN 5697731 AND 5697831
	Index Scan using sbtest4_pkey on sbtest4  (cost=0.43..412.48 rows=104 width=125)
	  Index Cond: ((id >= 5697731) AND (id <= 5697831))

table 5 : explain SELECT id, c FROM sbtest5 WHERE id BETWEEN 5697731 AND 5697831
	Index Scan using sbtest5_pkey on sbtest5  (cost=0.43..373.62 rows=94 width=125)
	  Index Cond: ((id >= 5697731) AND (id <= 5697831))

table 6 : explain SELECT id, c FROM sbtest6 WHERE id BETWEEN 5697731 AND 5697831
	Index Scan using sbtest6_pkey on sbtest6  (cost=0.43..410.42 rows=103 width=125)
	  Index Cond: ((id >= 5697731) AND (id <= 5697831))

table 7 : explain SELECT id, c FROM sbtest7 WHERE id BETWEEN 5697731 AND 5697831
	Index Scan using sbtest7_pkey on sbtest7  (cost=0.43..381.08 rows=96 width=125)
	  Index Cond: ((id >= 5697731) AND (id <= 5697831))

table 8 : explain SELECT id, c FROM sbtest8 WHERE id BETWEEN 5697731 AND 5697831
	Index Scan using sbtest8_pkey on sbtest8  (cost=0.43..411.46 rows=104 width=125)
	  Index Cond: ((id >= 5697731) AND (id <= 5697831))

explain: for range-notcovered :: explain SELECT id, c FROM sbtest%d WHERE id BETWEEN 5697731 AND 5697831
explain: for range-notcovered :: explain SELECT id, c FROM sbtest%d WHERE id BETWEEN 5074200 AND 5074300for range-notcovered
table 1 : explain SELECT id, c FROM sbtest1 WHERE id BETWEEN 9036438 AND 9036538
	Index Scan using sbtest1_pkey on sbtest1  (cost=0.43..398.07 rows=100 width=125)
	  Index Cond: ((id >= 9036438) AND (id <= 9036538))

table 2 : explain SELECT id, c FROM sbtest2 WHERE id BETWEEN 9036438 AND 9036538
	Index Scan using sbtest2_pkey on sbtest2  (cost=0.43..369.55 rows=93 width=125)
	  Index Cond: ((id >= 9036438) AND (id <= 9036538))

table 3 : explain SELECT id, c FROM sbtest3 WHERE id BETWEEN 9036438 AND 9036538
	Index Scan using sbtest3_pkey on sbtest3  (cost=0.43..394.09 rows=99 width=125)
	  Index Cond: ((id >= 9036438) AND (id <= 9036538))

table 4 : explain SELECT id, c FROM sbtest4 WHERE id BETWEEN 9036438 AND 9036538
	Index Scan using sbtest4_pkey on sbtest4  (cost=0.43..381.11 rows=96 width=125)
	  Index Cond: ((id >= 9036438) AND (id <= 9036538))

table 5 : explain SELECT id, c FROM sbtest5 WHERE id BETWEEN 9036438 AND 9036538
	Index Scan using sbtest5_pkey on sbtest5  (cost=0.43..401.12 rows=101 width=125)
	  Index Cond: ((id >= 9036438) AND (id <= 9036538))

table 6 : explain SELECT id, c FROM sbtest6 WHERE id BETWEEN 9036438 AND 9036538
	Index Scan using sbtest6_pkey on sbtest6  (cost=0.43..426.18 rows=107 width=125)
	  Index Cond: ((id >= 9036438) AND (id <= 9036538))

table 7 : explain SELECT id, c FROM sbtest7 WHERE id BETWEEN 9036438 AND 9036538
	Index Scan using sbtest7_pkey on sbtest7  (cost=0.43..408.56 rows=103 width=125)
	  Index Cond: ((id >= 9036438) AND (id <= 9036538))

table 8 : explain SELECT id, c FROM sbtest8 WHERE id BETWEEN 9036438 AND 9036538
	Index Scan using sbtest8_pkey on sbtest8  (cost=0.43..391.90 rows=99 width=125)
	  Index Cond: ((id >= 9036438) AND (id <= 9036538))


for range-notcovered
table 1 : explain SELECT id, c FROM sbtest1 WHERE id BETWEEN 4655669 AND 4655769
	Index Scan using sbtest1_pkey on sbtest1  (cost=0.43..413.81 rows=104 width=125)
	  Index Cond: ((id >= 4655669) AND (id <= 4655769))

table 2 : explain SELECT id, c FROM sbtest2 WHERE id BETWEEN 4655669 AND 4655769
	Index Scan using sbtest2_pkey on sbtest2  (cost=0.43..377.43 rows=95 width=125)
	  Index Cond: ((id >= 4655669) AND (id <= 4655769))

table 3 : explain SELECT id, c FROM sbtest3 WHERE id BETWEEN 4655669 AND 4655769
	Index Scan using sbtest3_pkey on sbtest3  (cost=0.43..398.03 rows=100 width=125)
	  Index Cond: ((id >= 4655669) AND (id <= 4655769))

table 4 : explain SELECT id, c FROM sbtest4 WHERE id BETWEEN 4655669 AND 4655769
	Index Scan using sbtest4_pkey on sbtest4  (cost=0.43..404.64 rows=102 width=125)
	  Index Cond: ((id >= 4655669) AND (id <= 4655769))

table 5 : explain SELECT id, c FROM sbtest5 WHERE id BETWEEN 4655669 AND 4655769
	Index Scan using sbtest5_pkey on sbtest5  (cost=0.43..377.57 rows=95 width=125)
	  Index Cond: ((id >= 4655669) AND (id <= 4655769))

table 6 : explain SELECT id, c FROM sbtest6 WHERE id BETWEEN 4655669 AND 4655769
	Index Scan using sbtest6_pkey on sbtest6  (cost=0.43..390.72 rows=98 width=125)
	  Index Cond: ((id >= 4655669) AND (id <= 4655769))

table 7 : explain SELECT id, c FROM sbtest7 WHERE id BETWEEN 4655669 AND 4655769
	Index Scan using sbtest7_pkey on sbtest7  (cost=0.43..388.95 rows=98 width=125)
	  Index Cond: ((id >= 4655669) AND (id <= 4655769))

table 8 : explain SELECT id, c FROM sbtest8 WHERE id BETWEEN 4655669 AND 4655769
	Index Scan using sbtest8_pkey on sbtest8  (cost=0.43..399.72 rows=101 width=125)
	  Index Cond: ((id >= 4655669) AND (id <= 4655769))

for range-notcovered
table 1 : explain SELECT id, c FROM sbtest1 WHERE id BETWEEN 1991779 AND 1991879
	Index Scan using sbtest1_pkey on sbtest1  (cost=0.43..409.88 rows=103 width=125)
	  Index Cond: ((id >= 1991779) AND (id <= 1991879))

table 2 : explain SELECT id, c FROM sbtest2 WHERE id BETWEEN 1991779 AND 1991879
	Index Scan using sbtest2_pkey on sbtest2  (cost=0.43..361.70 rows=91 width=125)
	  Index Cond: ((id >= 1991779) AND (id <= 1991879))

table 3 : explain SELECT id, c FROM sbtest3 WHERE id BETWEEN 1991779 AND 1991879
	Index Scan using sbtest3_pkey on sbtest3  (cost=0.43..429.50 rows=108 width=125)
	  Index Cond: ((id >= 1991779) AND (id <= 1991879))

table 4 : explain SELECT id, c FROM sbtest4 WHERE id BETWEEN 1991779 AND 1991879
	Index Scan using sbtest4_pkey on sbtest4  (cost=0.43..404.64 rows=102 width=125)
	  Index Cond: ((id >= 1991779) AND (id <= 1991879))

table 5 : explain SELECT id, c FROM sbtest5 WHERE id BETWEEN 1991779 AND 1991879
	Index Scan using sbtest5_pkey on sbtest5  (cost=0.43..385.42 rows=97 width=125)
	  Index Cond: ((id >= 1991779) AND (id <= 1991879))

table 6 : explain SELECT id, c FROM sbtest6 WHERE id BETWEEN 1991779 AND 1991879
	Index Scan using sbtest6_pkey on sbtest6  (cost=0.43..441.94 rows=111 width=125)
	  Index Cond: ((id >= 1991779) AND (id <= 1991879))

table 7 : explain SELECT id, c FROM sbtest7 WHERE id BETWEEN 1991779 AND 1991879
	Index Scan using sbtest7_pkey on sbtest7  (cost=0.43..388.95 rows=98 width=125)
	  Index Cond: ((id >= 1991779) AND (id <= 1991879))

table 8 : explain SELECT id, c FROM sbtest8 WHERE id BETWEEN 1991779 AND 1991879
	Index Scan using sbtest8_pkey on sbtest8  (cost=0.43..395.81 rows=100 width=125)
	  Index Cond: ((id >= 1991779) AND (id <= 1991879))

explain: for range-notcovered :: explain SELECT id, c FROM sbtest%d WHERE id BETWEEN 7777835 AND 7777935
for range-notcovered
table 1 : explain SELECT id, c FROM sbtest1 WHERE id BETWEEN 5337222 AND 5337322
	Index Scan using sbtest1_pkey on sbtest1  (cost=0.43..413.81 rows=104 width=125)
	  Index Cond: ((id >= 5337222) AND (id <= 5337322))

table 2 : explain SELECT id, c FROM sbtest2 WHERE id BETWEEN 5337222 AND 5337322
	Index Scan using sbtest2_pkey on sbtest2  (cost=0.43..408.82 rows=103 width=125)
	  Index Cond: ((id >= 5337222) AND (id <= 5337322))

table 3 : explain SELECT id, c FROM sbtest3 WHERE id BETWEEN 5337222 AND 5337322
	Index Scan using sbtest3_pkey on sbtest3  (cost=0.43..413.77 rows=104 width=125)
	  Index Cond: ((id >= 5337222) AND (id <= 5337322))

table 4 : explain SELECT id, c FROM sbtest4 WHERE id BETWEEN 5337222 AND 5337322
	Index Scan using sbtest4_pkey on sbtest4  (cost=0.43..392.87 rows=99 width=125)
	  Index Cond: ((id >= 5337222) AND (id <= 5337322))

table 5 : explain SELECT id, c FROM sbtest5 WHERE id BETWEEN 5337222 AND 5337322
	Index Scan using sbtest5_pkey on sbtest5  (cost=0.43..412.90 rows=104 width=125)
	  Index Cond: ((id >= 5337222) AND (id <= 5337322))

table 6 : explain SELECT id, c FROM sbtest6 WHERE id BETWEEN 5337222 AND 5337322
	Index Scan using sbtest6_pkey on sbtest6  (cost=0.43..434.06 rows=109 width=125)
	  Index Cond: ((id >= 5337222) AND (id <= 5337322))

table 7 : explain SELECT id, c FROM sbtest7 WHERE id BETWEEN 5337222 AND 5337322
	Index Scan using sbtest7_pkey on sbtest7  (cost=0.43..357.55 rows=90 width=125)
	  Index Cond: ((id >= 5337222) AND (id <= 5337322))

table 8 : explain SELECT id, c FROM sbtest8 WHERE id BETWEEN 5337222 AND 5337322
	Index Scan using sbtest8_pkey on sbtest8  (cost=0.43..387.99 rows=98 width=125)
	  Index Cond: ((id >= 5337222) AND (id <= 5337322))

explain: for range-notcovered :: explain SELECT id, c FROM sbtest%d WHERE id BETWEEN 4655669 AND 4655769
for range-notcovered
table 1 : explain SELECT id, c FROM sbtest1 WHERE id BETWEEN 4118681 AND 4118781
	Index Scan using sbtest1_pkey on sbtest1  (cost=0.43..413.81 rows=104 width=125)
	  Index Cond: ((id >= 4118681) AND (id <= 4118781))

table 2 : explain SELECT id, c FROM sbtest2 WHERE id BETWEEN 4118681 AND 4118781
	Index Scan using sbtest2_pkey on sbtest2  (cost=0.43..373.48 rows=94 width=125)
	  Index Cond: ((id >= 4118681) AND (id <= 4118781))

table 3 : explain SELECT id, c FROM sbtest3 WHERE id BETWEEN 4118681 AND 4118781
	Index Scan using sbtest3_pkey on sbtest3  (cost=0.43..378.34 rows=95 width=125)
	  Index Cond: ((id >= 4118681) AND (id <= 4118781))

table 4 : explain SELECT id, c FROM sbtest4 WHERE id BETWEEN 4118681 AND 4118781
	Index Scan using sbtest4_pkey on sbtest4  (cost=0.43..385.03 rows=97 width=125)
	  Index Cond: ((id >= 4118681) AND (id <= 4118781))

table 5 : explain SELECT id, c FROM sbtest5 WHERE id BETWEEN 4118681 AND 4118781
	Index Scan using sbtest5_pkey on sbtest5  (cost=0.43..389.35 rows=98 width=125)
	  Index Cond: ((id >= 4118681) AND (id <= 4118781))

table 6 : explain SELECT id, c FROM sbtest6 WHERE id BETWEEN 4118681 AND 4118781
	Index Scan using sbtest6_pkey on sbtest6  (cost=0.43..370.99 rows=93 width=125)
	  Index Cond: ((id >= 4118681) AND (id <= 4118781))

table 7 : explain SELECT id, c FROM sbtest7 WHERE id BETWEEN 4118681 AND 4118781
	Index Scan using sbtest7_pkey on sbtest7  (cost=0.43..400.72 rows=101 width=125)
	  Index Cond: ((id >= 4118681) AND (id <= 4118781))

table 8 : explain SELECT id, c FROM sbtest8 WHERE id BETWEEN 4118681 AND 4118781
	Index Scan using sbtest8_pkey on sbtest8  (cost=0.43..407.55 rows=103 width=125)
	  Index Cond: ((id >= 4118681) AND (id <= 4118781))

explain: for range-notcovered :: explain SELECT id, c FROM sbtest%d WHERE id BETWEEN 4118681 AND 4118781
explain: for range-notcovered :: explain SELECT id, c FROM sbtest%d WHERE id BETWEEN 1991779 AND 1991879
explain: for range-notcovered :: explain SELECT id, c FROM sbtest%d WHERE id BETWEEN 5337222 AND 5337322
for range-notcovered
table 1 : explain SELECT id, c FROM sbtest1 WHERE id BETWEEN 5697731 AND 5697831
	Index Scan using sbtest1_pkey on sbtest1  (cost=0.43..390.20 rows=98 width=125)
	  Index Cond: ((id >= 5697731) AND (id <= 5697831))

table 2 : explain SELECT id, c FROM sbtest2 WHERE id BETWEEN 5697731 AND 5697831
	Index Scan using sbtest2_pkey on sbtest2  (cost=0.43..432.37 rows=109 width=125)
	  Index Cond: ((id >= 5697731) AND (id <= 5697831))

table 3 : explain SELECT id, c FROM sbtest3 WHERE id BETWEEN 5697731 AND 5697831
	Index Scan using sbtest3_pkey on sbtest3  (cost=0.43..401.96 rows=101 width=125)
	  Index Cond: ((id >= 5697731) AND (id <= 5697831))

table 4 : explain SELECT id, c FROM sbtest4 WHERE id BETWEEN 5697731 AND 5697831
	Index Scan using sbtest4_pkey on sbtest4  (cost=0.43..412.48 rows=104 width=125)
	  Index Cond: ((id >= 5697731) AND (id <= 5697831))

table 5 : explain SELECT id, c FROM sbtest5 WHERE id BETWEEN 5697731 AND 5697831
	Index Scan using sbtest5_pkey on sbtest5  (cost=0.43..373.62 rows=94 width=125)
	  Index Cond: ((id >= 5697731) AND (id <= 5697831))

table 6 : explain SELECT id, c FROM sbtest6 WHERE id BETWEEN 5697731 AND 5697831
	Index Scan using sbtest6_pkey on sbtest6  (cost=0.43..410.42 rows=103 width=125)
	  Index Cond: ((id >= 5697731) AND (id <= 5697831))

table 7 : explain SELECT id, c FROM sbtest7 WHERE id BETWEEN 5697731 AND 5697831
	Index Scan using sbtest7_pkey on sbtest7  (cost=0.43..381.08 rows=96 width=125)
	  Index Cond: ((id >= 5697731) AND (id <= 5697831))

table 8 : explain SELECT id, c FROM sbtest8 WHERE id BETWEEN 5697731 AND 5697831
	Index Scan using sbtest8_pkey on sbtest8  (cost=0.43..411.46 rows=104 width=125)
	  Index Cond: ((id >= 5697731) AND (id <= 5697831))

for range-notcovered
table 1 : explain SELECT id, c FROM sbtest1 WHERE id BETWEEN 9372822 AND 9372922
	Index Scan using sbtest1_pkey on sbtest1  (cost=0.43..402.01 rows=101 width=125)
	  Index Cond: ((id >= 9372822) AND (id <= 9372922))

table 2 : explain SELECT id, c FROM sbtest2 WHERE id BETWEEN 9372822 AND 9372922
	Index Scan using sbtest2_pkey on sbtest2  (cost=0.43..400.97 rows=101 width=125)
	  Index Cond: ((id >= 9372822) AND (id <= 9372922))

table 3 : explain SELECT id, c FROM sbtest3 WHERE id BETWEEN 9372822 AND 9372922
	Index Scan using sbtest3_pkey on sbtest3  (cost=0.43..374.40 rows=94 width=125)
	  Index Cond: ((id >= 9372822) AND (id <= 9372922))

table 4 : explain SELECT id, c FROM sbtest4 WHERE id BETWEEN 9372822 AND 9372922
	Index Scan using sbtest4_pkey on sbtest4  (cost=0.43..381.11 rows=96 width=125)
	  Index Cond: ((id >= 9372822) AND (id <= 9372922))

table 5 : explain SELECT id, c FROM sbtest5 WHERE id BETWEEN 9372822 AND 9372922
	Index Scan using sbtest5_pkey on sbtest5  (cost=0.43..369.69 rows=93 width=125)
	  Index Cond: ((id >= 9372822) AND (id <= 9372922))

table 6 : explain SELECT id, c FROM sbtest6 WHERE id BETWEEN 9372822 AND 9372922
	Index Scan using sbtest6_pkey on sbtest6  (cost=0.43..374.93 rows=94 width=125)
	  Index Cond: ((id >= 9372822) AND (id <= 9372922))

table 7 : explain SELECT id, c FROM sbtest7 WHERE id BETWEEN 9372822 AND 9372922
	Index Scan using sbtest7_pkey on sbtest7  (cost=0.43..420.33 rows=106 width=125)
	  Index Cond: ((id >= 9372822) AND (id <= 9372922))

table 8 : explain SELECT id, c FROM sbtest8 WHERE id BETWEEN 9372822 AND 9372922
	Index Scan using sbtest8_pkey on sbtest8  (cost=0.43..364.49 rows=92 width=125)
	  Index Cond: ((id >= 9372822) AND (id <= 9372922))

for range-notcovered
table 1 : explain SELECT id, c FROM sbtest1 WHERE id BETWEEN 8185278 AND 8185378
	Index Scan using sbtest1_pkey on sbtest1  (cost=0.43..425.62 rows=107 width=125)
	  Index Cond: ((id >= 8185278) AND (id <= 8185378))

table 2 : explain SELECT id, c FROM sbtest2 WHERE id BETWEEN 8185278 AND 8185378
	Index Scan using sbtest2_pkey on sbtest2  (cost=0.43..381.35 rows=96 width=125)
	  Index Cond: ((id >= 8185278) AND (id <= 8185378))

table 3 : explain SELECT id, c FROM sbtest3 WHERE id BETWEEN 8185278 AND 8185378
	Index Scan using sbtest3_pkey on sbtest3  (cost=0.43..409.83 rows=103 width=125)
	  Index Cond: ((id >= 8185278) AND (id <= 8185378))

table 4 : explain SELECT id, c FROM sbtest4 WHERE id BETWEEN 8185278 AND 8185378
	Index Scan using sbtest4_pkey on sbtest4  (cost=0.43..408.56 rows=103 width=125)
	  Index Cond: ((id >= 8185278) AND (id <= 8185378))

table 5 : explain SELECT id, c FROM sbtest5 WHERE id BETWEEN 8185278 AND 8185378
	Index Scan using sbtest5_pkey on sbtest5  (cost=0.43..416.83 rows=105 width=125)
	  Index Cond: ((id >= 8185278) AND (id <= 8185378))

table 6 : explain SELECT id, c FROM sbtest6 WHERE id BETWEEN 8185278 AND 8185378
	Index Scan using sbtest6_pkey on sbtest6  (cost=0.43..410.42 rows=103 width=125)
	  Index Cond: ((id >= 8185278) AND (id <= 8185378))

table 7 : explain SELECT id, c FROM sbtest7 WHERE id BETWEEN 8185278 AND 8185378
	Index Scan using sbtest7_pkey on sbtest7  (cost=0.43..428.17 rows=108 width=125)
	  Index Cond: ((id >= 8185278) AND (id <= 8185378))

table 8 : explain SELECT id, c FROM sbtest8 WHERE id BETWEEN 8185278 AND 8185378
	Index Scan using sbtest8_pkey on sbtest8  (cost=0.43..372.31 rows=94 width=125)
	  Index Cond: ((id >= 8185278) AND (id <= 8185378))

explain: for range-notcovered :: explain SELECT id, c FROM sbtest%d WHERE id BETWEEN 9372822 AND 9372922
explain: for range-notcovered :: explain SELECT id, c FROM sbtest%d WHERE id BETWEEN 8185278 AND 8185378
for range-notcovered
table 1 : explain SELECT id, c FROM sbtest1 WHERE id BETWEEN 5766696 AND 5766796
	Index Scan using sbtest1_pkey on sbtest1  (cost=0.43..390.20 rows=98 width=125)
	  Index Cond: ((id >= 5766696) AND (id <= 5766796))

table 2 : explain SELECT id, c FROM sbtest2 WHERE id BETWEEN 5766696 AND 5766796
	Index Scan using sbtest2_pkey on sbtest2  (cost=0.43..459.84 rows=116 width=125)
	  Index Cond: ((id >= 5766696) AND (id <= 5766796))

table 3 : explain SELECT id, c FROM sbtest3 WHERE id BETWEEN 5766696 AND 5766796
	Index Scan using sbtest3_pkey on sbtest3  (cost=0.43..394.09 rows=99 width=125)
	  Index Cond: ((id >= 5766696) AND (id <= 5766796))

table 4 : explain SELECT id, c FROM sbtest4 WHERE id BETWEEN 5766696 AND 5766796
	Index Scan using sbtest4_pkey on sbtest4  (cost=0.43..381.11 rows=96 width=125)
	  Index Cond: ((id >= 5766696) AND (id <= 5766796))

table 5 : explain SELECT id, c FROM sbtest5 WHERE id BETWEEN 5766696 AND 5766796
	Index Scan using sbtest5_pkey on sbtest5  (cost=0.43..397.20 rows=100 width=125)
	  Index Cond: ((id >= 5766696) AND (id <= 5766796))

table 6 : explain SELECT id, c FROM sbtest6 WHERE id BETWEEN 5766696 AND 5766796
	Index Scan using sbtest6_pkey on sbtest6  (cost=0.43..438.00 rows=110 width=125)
	  Index Cond: ((id >= 5766696) AND (id <= 5766796))

table 7 : explain SELECT id, c FROM sbtest7 WHERE id BETWEEN 5766696 AND 5766796
	Index Scan using sbtest7_pkey on sbtest7  (cost=0.43..377.16 rows=95 width=125)
	  Index Cond: ((id >= 5766696) AND (id <= 5766796))

table 8 : explain SELECT id, c FROM sbtest8 WHERE id BETWEEN 5766696 AND 5766796
	Index Scan using sbtest8_pkey on sbtest8  (cost=0.43..411.46 rows=104 width=125)
	  Index Cond: ((id >= 5766696) AND (id <= 5766796))

for range-notcovered
table 1 : explain SELECT id, c FROM sbtest1 WHERE id BETWEEN 3654607 AND 3654707
	Index Scan using sbtest1_pkey on sbtest1  (cost=0.43..409.88 rows=103 width=125)
	  Index Cond: ((id >= 3654607) AND (id <= 3654707))

table 2 : explain SELECT id, c FROM sbtest2 WHERE id BETWEEN 3654607 AND 3654707
	Index Scan using sbtest2_pkey on sbtest2  (cost=0.43..420.59 rows=106 width=125)
	  Index Cond: ((id >= 3654607) AND (id <= 3654707))

table 3 : explain SELECT id, c FROM sbtest3 WHERE id BETWEEN 3654607 AND 3654707
	Index Scan using sbtest3_pkey on sbtest3  (cost=0.43..413.77 rows=104 width=125)
	  Index Cond: ((id >= 3654607) AND (id <= 3654707))

table 4 : explain SELECT id, c FROM sbtest4 WHERE id BETWEEN 3654607 AND 3654707
	Index Scan using sbtest4_pkey on sbtest4  (cost=0.43..388.95 rows=98 width=125)
	  Index Cond: ((id >= 3654607) AND (id <= 3654707))

table 5 : explain SELECT id, c FROM sbtest5 WHERE id BETWEEN 3654607 AND 3654707
	Index Scan using sbtest5_pkey on sbtest5  (cost=0.43..377.57 rows=95 width=125)
	  Index Cond: ((id >= 3654607) AND (id <= 3654707))

table 6 : explain SELECT id, c FROM sbtest6 WHERE id BETWEEN 3654607 AND 3654707
	Index Scan using sbtest6_pkey on sbtest6  (cost=0.43..374.93 rows=94 width=125)
	  Index Cond: ((id >= 3654607) AND (id <= 3654707))

table 7 : explain SELECT id, c FROM sbtest7 WHERE id BETWEEN 3654607 AND 3654707
	Index Scan using sbtest7_pkey on sbtest7  (cost=0.43..428.17 rows=108 width=125)
	  Index Cond: ((id >= 3654607) AND (id <= 3654707))

table 8 : explain SELECT id, c FROM sbtest8 WHERE id BETWEEN 3654607 AND 3654707
	Index Scan using sbtest8_pkey on sbtest8  (cost=0.43..415.37 rows=105 width=125)
	  Index Cond: ((id >= 3654607) AND (id <= 3654707))

explain: for range-notcovered :: explain SELECT id, c FROM sbtest%d WHERE id BETWEEN 5766696 AND 5766796
for range-notcovered
table 1 : explain SELECT id, c FROM sbtest1 WHERE id BETWEEN 2376186 AND 2376286
	Index Scan using sbtest1_pkey on sbtest1  (cost=0.43..449.23 rows=113 width=125)
	  Index Cond: ((id >= 2376186) AND (id <= 2376286))

table 2 : explain SELECT id, c FROM sbtest2 WHERE id BETWEEN 2376186 AND 2376286
	Index Scan using sbtest2_pkey on sbtest2  (cost=0.43..424.52 rows=107 width=125)
	  Index Cond: ((id >= 2376186) AND (id <= 2376286))

table 3 : explain SELECT id, c FROM sbtest3 WHERE id BETWEEN 2376186 AND 2376286
	Index Scan using sbtest3_pkey on sbtest3  (cost=0.43..378.34 rows=95 width=125)
	  Index Cond: ((id >= 2376186) AND (id <= 2376286))

table 4 : explain SELECT id, c FROM sbtest4 WHERE id BETWEEN 2376186 AND 2376286
	Index Scan using sbtest4_pkey on sbtest4  (cost=0.43..349.71 rows=88 width=125)
	  Index Cond: ((id >= 2376186) AND (id <= 2376286))

table 5 : explain SELECT id, c FROM sbtest5 WHERE id BETWEEN 2376186 AND 2376286
	Index Scan using sbtest5_pkey on sbtest5  (cost=0.43..385.42 rows=97 width=125)
	  Index Cond: ((id >= 2376186) AND (id <= 2376286))

table 6 : explain SELECT id, c FROM sbtest6 WHERE id BETWEEN 2376186 AND 2376286
	Index Scan using sbtest6_pkey on sbtest6  (cost=0.43..359.17 rows=90 width=125)
	  Index Cond: ((id >= 2376186) AND (id <= 2376286))

table 7 : explain SELECT id, c FROM sbtest7 WHERE id BETWEEN 2376186 AND 2376286
	Index Scan using sbtest7_pkey on sbtest7  (cost=0.43..341.86 rows=86 width=125)
	  Index Cond: ((id >= 2376186) AND (id <= 2376286))

table 8 : explain SELECT id, c FROM sbtest8 WHERE id BETWEEN 2376186 AND 2376286
	Index Scan using sbtest8_pkey on sbtest8  (cost=0.43..411.46 rows=104 width=125)
	  Index Cond: ((id >= 2376186) AND (id <= 2376286))

for range-notcovered
table 1 : explain SELECT id, c FROM sbtest1 WHERE id BETWEEN 4118681 AND 4118781
	Index Scan using sbtest1_pkey on sbtest1  (cost=0.43..413.81 rows=104 width=125)
	  Index Cond: ((id >= 4118681) AND (id <= 4118781))

table 2 : explain SELECT id, c FROM sbtest2 WHERE id BETWEEN 4118681 AND 4118781
	Index Scan using sbtest2_pkey on sbtest2  (cost=0.43..373.48 rows=94 width=125)
	  Index Cond: ((id >= 4118681) AND (id <= 4118781))

table 3 : explain SELECT id, c FROM sbtest3 WHERE id BETWEEN 4118681 AND 4118781
	Index Scan using sbtest3_pkey on sbtest3  (cost=0.43..378.34 rows=95 width=125)
	  Index Cond: ((id >= 4118681) AND (id <= 4118781))

table 4 : explain SELECT id, c FROM sbtest4 WHERE id BETWEEN 4118681 AND 4118781
	Index Scan using sbtest4_pkey on sbtest4  (cost=0.43..385.03 rows=97 width=125)
	  Index Cond: ((id >= 4118681) AND (id <= 4118781))

table 5 : explain SELECT id, c FROM sbtest5 WHERE id BETWEEN 4118681 AND 4118781
	Index Scan using sbtest5_pkey on sbtest5  (cost=0.43..389.35 rows=98 width=125)
	  Index Cond: ((id >= 4118681) AND (id <= 4118781))

table 6 : explain SELECT id, c FROM sbtest6 WHERE id BETWEEN 4118681 AND 4118781
	Index Scan using sbtest6_pkey on sbtest6  (cost=0.43..370.99 rows=93 width=125)
	  Index Cond: ((id >= 4118681) AND (id <= 4118781))

table 7 : explain SELECT id, c FROM sbtest7 WHERE id BETWEEN 4118681 AND 4118781
	Index Scan using sbtest7_pkey on sbtest7  (cost=0.43..400.72 rows=101 width=125)
	  Index Cond: ((id >= 4118681) AND (id <= 4118781))

table 8 : explain SELECT id, c FROM sbtest8 WHERE id BETWEEN 4118681 AND 4118781
	Index Scan using sbtest8_pkey on sbtest8  (cost=0.43..407.55 rows=103 width=125)
	  Index Cond: ((id >= 4118681) AND (id <= 4118781))

explain: for range-notcovered :: explain SELECT id, c FROM sbtest%d WHERE id BETWEEN 4118681 AND 4118781
for range-notcovered
table 1 : explain SELECT id, c FROM sbtest1 WHERE id BETWEEN 5337222 AND 5337322
	Index Scan using sbtest1_pkey on sbtest1  (cost=0.43..413.81 rows=104 width=125)
	  Index Cond: ((id >= 5337222) AND (id <= 5337322))

table 2 : explain SELECT id, c FROM sbtest2 WHERE id BETWEEN 5337222 AND 5337322
	Index Scan using sbtest2_pkey on sbtest2  (cost=0.43..408.82 rows=103 width=125)
	  Index Cond: ((id >= 5337222) AND (id <= 5337322))

table 3 : explain SELECT id, c FROM sbtest3 WHERE id BETWEEN 5337222 AND 5337322
	Index Scan using sbtest3_pkey on sbtest3  (cost=0.43..413.77 rows=104 width=125)
	  Index Cond: ((id >= 5337222) AND (id <= 5337322))

table 4 : explain SELECT id, c FROM sbtest4 WHERE id BETWEEN 5337222 AND 5337322
	Index Scan using sbtest4_pkey on sbtest4  (cost=0.43..392.87 rows=99 width=125)
	  Index Cond: ((id >= 5337222) AND (id <= 5337322))

table 5 : explain SELECT id, c FROM sbtest5 WHERE id BETWEEN 5337222 AND 5337322
	Index Scan using sbtest5_pkey on sbtest5  (cost=0.43..412.90 rows=104 width=125)
	  Index Cond: ((id >= 5337222) AND (id <= 5337322))

table 6 : explain SELECT id, c FROM sbtest6 WHERE id BETWEEN 5337222 AND 5337322
	Index Scan using sbtest6_pkey on sbtest6  (cost=0.43..434.06 rows=109 width=125)
	  Index Cond: ((id >= 5337222) AND (id <= 5337322))

table 7 : explain SELECT id, c FROM sbtest7 WHERE id BETWEEN 5337222 AND 5337322
	Index Scan using sbtest7_pkey on sbtest7  (cost=0.43..357.55 rows=90 width=125)
	  Index Cond: ((id >= 5337222) AND (id <= 5337322))

table 8 : explain SELECT id, c FROM sbtest8 WHERE id BETWEEN 5337222 AND 5337322
	Index Scan using sbtest8_pkey on sbtest8  (cost=0.43..387.99 rows=98 width=125)
	  Index Cond: ((id >= 5337222) AND (id <= 5337322))

for range-notcovered
table 1 : explain SELECT id, c FROM sbtest1 WHERE id BETWEEN 9372822 AND 9372922
	Index Scan using sbtest1_pkey on sbtest1  (cost=0.43..402.01 rows=101 width=125)
	  Index Cond: ((id >= 9372822) AND (id <= 9372922))

table 2 : explain SELECT id, c FROM sbtest2 WHERE id BETWEEN 9372822 AND 9372922
	Index Scan using sbtest2_pkey on sbtest2  (cost=0.43..400.97 rows=101 width=125)
	  Index Cond: ((id >= 9372822) AND (id <= 9372922))

table 3 : explain SELECT id, c FROM sbtest3 WHERE id BETWEEN 9372822 AND 9372922
	Index Scan using sbtest3_pkey on sbtest3  (cost=0.43..374.40 rows=94 width=125)
	  Index Cond: ((id >= 9372822) AND (id <= 9372922))

table 4 : explain SELECT id, c FROM sbtest4 WHERE id BETWEEN 9372822 AND 9372922
	Index Scan using sbtest4_pkey on sbtest4  (cost=0.43..381.11 rows=96 width=125)
	  Index Cond: ((id >= 9372822) AND (id <= 9372922))

table 5 : explain SELECT id, c FROM sbtest5 WHERE id BETWEEN 9372822 AND 9372922
	Index Scan using sbtest5_pkey on sbtest5  (cost=0.43..369.69 rows=93 width=125)
	  Index Cond: ((id >= 9372822) AND (id <= 9372922))

table 6 : explain SELECT id, c FROM sbtest6 WHERE id BETWEEN 9372822 AND 9372922
	Index Scan using sbtest6_pkey on sbtest6  (cost=0.43..374.93 rows=94 width=125)
	  Index Cond: ((id >= 9372822) AND (id <= 9372922))

table 7 : explain SELECT id, c FROM sbtest7 WHERE id BETWEEN 9372822 AND 9372922
	Index Scan using sbtest7_pkey on sbtest7  (cost=0.43..420.33 rows=106 width=125)
	  Index Cond: ((id >= 9372822) AND (id <= 9372922))

table 8 : explain SELECT id, c FROM sbtest8 WHERE id BETWEEN 9372822 AND 9372922
	Index Scan using sbtest8_pkey on sbtest8  (cost=0.43..364.49 rows=92 width=125)
	  Index Cond: ((id >= 9372822) AND (id <= 9372922))

for range-notcovered
table 1 : explain SELECT id, c FROM sbtest1 WHERE id BETWEEN 1991779 AND 1991879
	Index Scan using sbtest1_pkey on sbtest1  (cost=0.43..409.88 rows=103 width=125)
	  Index Cond: ((id >= 1991779) AND (id <= 1991879))

table 2 : explain SELECT id, c FROM sbtest2 WHERE id BETWEEN 1991779 AND 1991879
	Index Scan using sbtest2_pkey on sbtest2  (cost=0.43..361.70 rows=91 width=125)
	  Index Cond: ((id >= 1991779) AND (id <= 1991879))

table 3 : explain SELECT id, c FROM sbtest3 WHERE id BETWEEN 1991779 AND 1991879
	Index Scan using sbtest3_pkey on sbtest3  (cost=0.43..429.50 rows=108 width=125)
	  Index Cond: ((id >= 1991779) AND (id <= 1991879))

table 4 : explain SELECT id, c FROM sbtest4 WHERE id BETWEEN 1991779 AND 1991879
	Index Scan using sbtest4_pkey on sbtest4  (cost=0.43..404.64 rows=102 width=125)
	  Index Cond: ((id >= 1991779) AND (id <= 1991879))

table 5 : explain SELECT id, c FROM sbtest5 WHERE id BETWEEN 1991779 AND 1991879
	Index Scan using sbtest5_pkey on sbtest5  (cost=0.43..385.42 rows=97 width=125)
	  Index Cond: ((id >= 1991779) AND (id <= 1991879))

table 6 : explain SELECT id, c FROM sbtest6 WHERE id BETWEEN 1991779 AND 1991879
	Index Scan using sbtest6_pkey on sbtest6  (cost=0.43..441.94 rows=111 width=125)
	  Index Cond: ((id >= 1991779) AND (id <= 1991879))

table 7 : explain SELECT id, c FROM sbtest7 WHERE id BETWEEN 1991779 AND 1991879
	Index Scan using sbtest7_pkey on sbtest7  (cost=0.43..388.95 rows=98 width=125)
	  Index Cond: ((id >= 1991779) AND (id <= 1991879))

table 8 : explain SELECT id, c FROM sbtest8 WHERE id BETWEEN 1991779 AND 1991879
	Index Scan using sbtest8_pkey on sbtest8  (cost=0.43..395.81 rows=100 width=125)
	  Index Cond: ((id >= 1991779) AND (id <= 1991879))

for range-notcovered
table 1 : explain SELECT id, c FROM sbtest1 WHERE id BETWEEN 8185278 AND 8185378
	Index Scan using sbtest1_pkey on sbtest1  (cost=0.43..425.62 rows=107 width=125)
	  Index Cond: ((id >= 8185278) AND (id <= 8185378))

table 2 : explain SELECT id, c FROM sbtest2 WHERE id BETWEEN 8185278 AND 8185378
	Index Scan using sbtest2_pkey on sbtest2  (cost=0.43..381.35 rows=96 width=125)
	  Index Cond: ((id >= 8185278) AND (id <= 8185378))

table 3 : explain SELECT id, c FROM sbtest3 WHERE id BETWEEN 8185278 AND 8185378
	Index Scan using sbtest3_pkey on sbtest3  (cost=0.43..409.83 rows=103 width=125)
	  Index Cond: ((id >= 8185278) AND (id <= 8185378))

table 4 : explain SELECT id, c FROM sbtest4 WHERE id BETWEEN 8185278 AND 8185378
	Index Scan using sbtest4_pkey on sbtest4  (cost=0.43..408.56 rows=103 width=125)
	  Index Cond: ((id >= 8185278) AND (id <= 8185378))

table 5 : explain SELECT id, c FROM sbtest5 WHERE id BETWEEN 8185278 AND 8185378
	Index Scan using sbtest5_pkey on sbtest5  (cost=0.43..416.83 rows=105 width=125)
	  Index Cond: ((id >= 8185278) AND (id <= 8185378))

table 6 : explain SELECT id, c FROM sbtest6 WHERE id BETWEEN 8185278 AND 8185378
	Index Scan using sbtest6_pkey on sbtest6  (cost=0.43..410.42 rows=103 width=125)
	  Index Cond: ((id >= 8185278) AND (id <= 8185378))

table 7 : explain SELECT id, c FROM sbtest7 WHERE id BETWEEN 8185278 AND 8185378
	Index Scan using sbtest7_pkey on sbtest7  (cost=0.43..428.17 rows=108 width=125)
	  Index Cond: ((id >= 8185278) AND (id <= 8185378))

table 8 : explain SELECT id, c FROM sbtest8 WHERE id BETWEEN 8185278 AND 8185378
	Index Scan using sbtest8_pkey on sbtest8  (cost=0.43..372.31 rows=94 width=125)
	  Index Cond: ((id >= 8185278) AND (id <= 8185378))

for range-notcovered
table 1 : explain SELECT id, c FROM sbtest1 WHERE id BETWEEN 4655669 AND 4655769
	Index Scan using sbtest1_pkey on sbtest1  (cost=0.43..413.81 rows=104 width=125)
	  Index Cond: ((id >= 4655669) AND (id <= 4655769))

table 2 : explain SELECT id, c FROM sbtest2 WHERE id BETWEEN 4655669 AND 4655769
	Index Scan using sbtest2_pkey on sbtest2  (cost=0.43..377.43 rows=95 width=125)
	  Index Cond: ((id >= 4655669) AND (id <= 4655769))

table 3 : explain SELECT id, c FROM sbtest3 WHERE id BETWEEN 4655669 AND 4655769
	Index Scan using sbtest3_pkey on sbtest3  (cost=0.43..398.03 rows=100 width=125)
	  Index Cond: ((id >= 4655669) AND (id <= 4655769))

table 4 : explain SELECT id, c FROM sbtest4 WHERE id BETWEEN 4655669 AND 4655769
	Index Scan using sbtest4_pkey on sbtest4  (cost=0.43..404.64 rows=102 width=125)
	  Index Cond: ((id >= 4655669) AND (id <= 4655769))

table 5 : explain SELECT id, c FROM sbtest5 WHERE id BETWEEN 4655669 AND 4655769
	Index Scan using sbtest5_pkey on sbtest5  (cost=0.43..377.57 rows=95 width=125)
	  Index Cond: ((id >= 4655669) AND (id <= 4655769))

table 6 : explain SELECT id, c FROM sbtest6 WHERE id BETWEEN 4655669 AND 4655769
	Index Scan using sbtest6_pkey on sbtest6  (cost=0.43..390.72 rows=98 width=125)
	  Index Cond: ((id >= 4655669) AND (id <= 4655769))

table 7 : explain SELECT id, c FROM sbtest7 WHERE id BETWEEN 4655669 AND 4655769
	Index Scan using sbtest7_pkey on sbtest7  (cost=0.43..388.95 rows=98 width=125)
	  Index Cond: ((id >= 4655669) AND (id <= 4655769))

table 8 : explain SELECT id, c FROM sbtest8 WHERE id BETWEEN 4655669 AND 4655769
	Index Scan using sbtest8_pkey on sbtest8  (cost=0.43..399.72 rows=101 width=125)
	  Index Cond: ((id >= 4655669) AND (id <= 4655769))

explain: for range-notcovered :: explain SELECT id, c FROM sbtest%d WHERE id BETWEEN 5337222 AND 5337322explain: for range-notcovered :: explain SELECT id, c FROM sbtest%d WHERE id BETWEEN 2376186 AND 2376286
explain: for range-notcovered :: explain SELECT id, c FROM sbtest%d WHERE id BETWEEN 8185278 AND 8185378
explain: for range-notcovered :: explain SELECT id, c FROM sbtest%d WHERE id BETWEEN 4655669 AND 4655769
explain: for range-notcovered :: explain SELECT id, c FROM sbtest%d WHERE id BETWEEN 1991779 AND 1991879
explain: for range-notcovered :: explain SELECT id, c FROM sbtest%d WHERE id BETWEEN 9372822 AND 9372922
for range-notcovered
table 1 : explain SELECT id, c FROM sbtest1 WHERE id BETWEEN 5766696 AND 5766796
	Index Scan using sbtest1_pkey on sbtest1  (cost=0.43..390.20 rows=98 width=125)
	  Index Cond: ((id >= 5766696) AND (id <= 5766796))

table 2 : explain SELECT id, c FROM sbtest2 WHERE id BETWEEN 5766696 AND 5766796
	Index Scan using sbtest2_pkey on sbtest2  (cost=0.43..459.84 rows=116 width=125)
	  Index Cond: ((id >= 5766696) AND (id <= 5766796))

table 3 : explain SELECT id, c FROM sbtest3 WHERE id BETWEEN 5766696 AND 5766796
	Index Scan using sbtest3_pkey on sbtest3  (cost=0.43..394.09 rows=99 width=125)
	  Index Cond: ((id >= 5766696) AND (id <= 5766796))

table 4 : explain SELECT id, c FROM sbtest4 WHERE id BETWEEN 5766696 AND 5766796
	Index Scan using sbtest4_pkey on sbtest4  (cost=0.43..381.11 rows=96 width=125)
	  Index Cond: ((id >= 5766696) AND (id <= 5766796))

table 5 : explain SELECT id, c FROM sbtest5 WHERE id BETWEEN 5766696 AND 5766796
	Index Scan using sbtest5_pkey on sbtest5  (cost=0.43..397.20 rows=100 width=125)
	  Index Cond: ((id >= 5766696) AND (id <= 5766796))

table 6 : explain SELECT id, c FROM sbtest6 WHERE id BETWEEN 5766696 AND 5766796
	Index Scan using sbtest6_pkey on sbtest6  (cost=0.43..438.00 rows=110 width=125)
	  Index Cond: ((id >= 5766696) AND (id <= 5766796))

table 7 : explain SELECT id, c FROM sbtest7 WHERE id BETWEEN 5766696 AND 5766796
	Index Scan using sbtest7_pkey on sbtest7  (cost=0.43..377.16 rows=95 width=125)
	  Index Cond: ((id >= 5766696) AND (id <= 5766796))

table 8 : explain SELECT id, c FROM sbtest8 WHERE id BETWEEN 5766696 AND 5766796
	Index Scan using sbtest8_pkey on sbtest8  (cost=0.43..411.46 rows=104 width=125)
	  Index Cond: ((id >= 5766696) AND (id <= 5766796))

explain: for range-notcovered :: explain SELECT id, c FROM sbtest%d WHERE id BETWEEN 5766696 AND 5766796
for range-notcovered
table 1 : explain SELECT id, c FROM sbtest1 WHERE id BETWEEN 4118681 AND 4118781
	Index Scan using sbtest1_pkey on sbtest1  (cost=0.43..413.81 rows=104 width=125)
	  Index Cond: ((id >= 4118681) AND (id <= 4118781))

table 2 : explain SELECT id, c FROM sbtest2 WHERE id BETWEEN 4118681 AND 4118781
	Index Scan using sbtest2_pkey on sbtest2  (cost=0.43..373.48 rows=94 width=125)
	  Index Cond: ((id >= 4118681) AND (id <= 4118781))

table 3 : explain SELECT id, c FROM sbtest3 WHERE id BETWEEN 4118681 AND 4118781
	Index Scan using sbtest3_pkey on sbtest3  (cost=0.43..378.34 rows=95 width=125)
	  Index Cond: ((id >= 4118681) AND (id <= 4118781))

table 4 : explain SELECT id, c FROM sbtest4 WHERE id BETWEEN 4118681 AND 4118781
	Index Scan using sbtest4_pkey on sbtest4  (cost=0.43..385.03 rows=97 width=125)
	  Index Cond: ((id >= 4118681) AND (id <= 4118781))

table 5 : explain SELECT id, c FROM sbtest5 WHERE id BETWEEN 4118681 AND 4118781
	Index Scan using sbtest5_pkey on sbtest5  (cost=0.43..389.35 rows=98 width=125)
	  Index Cond: ((id >= 4118681) AND (id <= 4118781))

table 6 : explain SELECT id, c FROM sbtest6 WHERE id BETWEEN 4118681 AND 4118781
	Index Scan using sbtest6_pkey on sbtest6  (cost=0.43..370.99 rows=93 width=125)
	  Index Cond: ((id >= 4118681) AND (id <= 4118781))

table 7 : explain SELECT id, c FROM sbtest7 WHERE id BETWEEN 4118681 AND 4118781
	Index Scan using sbtest7_pkey on sbtest7  (cost=0.43..400.72 rows=101 width=125)
	  Index Cond: ((id >= 4118681) AND (id <= 4118781))

table 8 : explain SELECT id, c FROM sbtest8 WHERE id BETWEEN 4118681 AND 4118781
	Index Scan using sbtest8_pkey on sbtest8  (cost=0.43..407.55 rows=103 width=125)
	  Index Cond: ((id >= 4118681) AND (id <= 4118781))

explain: for range-notcovered :: explain SELECT id, c FROM sbtest%d WHERE id BETWEEN 4118681 AND 4118781
for range-notcovered
table 1 : explain SELECT id, c FROM sbtest1 WHERE id BETWEEN 4655669 AND 4655769
	Index Scan using sbtest1_pkey on sbtest1  (cost=0.43..413.81 rows=104 width=125)
	  Index Cond: ((id >= 4655669) AND (id <= 4655769))

table 2 : explain SELECT id, c FROM sbtest2 WHERE id BETWEEN 4655669 AND 4655769
	Index Scan using sbtest2_pkey on sbtest2  (cost=0.43..377.43 rows=95 width=125)
	  Index Cond: ((id >= 4655669) AND (id <= 4655769))

table 3 : explain SELECT id, c FROM sbtest3 WHERE id BETWEEN 4655669 AND 4655769
	Index Scan using sbtest3_pkey on sbtest3  (cost=0.43..398.03 rows=100 width=125)
	  Index Cond: ((id >= 4655669) AND (id <= 4655769))

table 4 : explain SELECT id, c FROM sbtest4 WHERE id BETWEEN 4655669 AND 4655769
	Index Scan using sbtest4_pkey on sbtest4  (cost=0.43..404.64 rows=102 width=125)
	  Index Cond: ((id >= 4655669) AND (id <= 4655769))

table 5 : explain SELECT id, c FROM sbtest5 WHERE id BETWEEN 4655669 AND 4655769
	Index Scan using sbtest5_pkey on sbtest5  (cost=0.43..377.57 rows=95 width=125)
	  Index Cond: ((id >= 4655669) AND (id <= 4655769))

table 6 : explain SELECT id, c FROM sbtest6 WHERE id BETWEEN 4655669 AND 4655769
	Index Scan using sbtest6_pkey on sbtest6  (cost=0.43..390.72 rows=98 width=125)
	  Index Cond: ((id >= 4655669) AND (id <= 4655769))

table 7 : explain SELECT id, c FROM sbtest7 WHERE id BETWEEN 4655669 AND 4655769
	Index Scan using sbtest7_pkey on sbtest7  (cost=0.43..388.95 rows=98 width=125)
	  Index Cond: ((id >= 4655669) AND (id <= 4655769))

table 8 : explain SELECT id, c FROM sbtest8 WHERE id BETWEEN 4655669 AND 4655769
	Index Scan using sbtest8_pkey on sbtest8  (cost=0.43..399.72 rows=101 width=125)
	  Index Cond: ((id >= 4655669) AND (id <= 4655769))
for range-notcovered
table 1 : explain SELECT id, c FROM sbtest1 WHERE id BETWEEN 1991779 AND 1991879
	Index Scan using sbtest1_pkey on sbtest1  (cost=0.43..409.88 rows=103 width=125)
	  Index Cond: ((id >= 1991779) AND (id <= 1991879))

table 2 : explain SELECT id, c FROM sbtest2 WHERE id BETWEEN 1991779 AND 1991879
	Index Scan using sbtest2_pkey on sbtest2  (cost=0.43..361.70 rows=91 width=125)
	  Index Cond: ((id >= 1991779) AND (id <= 1991879))

table 3 : explain SELECT id, c FROM sbtest3 WHERE id BETWEEN 1991779 AND 1991879
	Index Scan using sbtest3_pkey on sbtest3  (cost=0.43..429.50 rows=108 width=125)
	  Index Cond: ((id >= 1991779) AND (id <= 1991879))

table 4 : explain SELECT id, c FROM sbtest4 WHERE id BETWEEN 1991779 AND 1991879
	Index Scan using sbtest4_pkey on sbtest4  (cost=0.43..404.64 rows=102 width=125)
	  Index Cond: ((id >= 1991779) AND (id <= 1991879))

table 5 : explain SELECT id, c FROM sbtest5 WHERE id BETWEEN 1991779 AND 1991879
	Index Scan using sbtest5_pkey on sbtest5  (cost=0.43..385.42 rows=97 width=125)
	  Index Cond: ((id >= 1991779) AND (id <= 1991879))

table 6 : explain SELECT id, c FROM sbtest6 WHERE id BETWEEN 1991779 AND 1991879
	Index Scan using sbtest6_pkey on sbtest6  (cost=0.43..441.94 rows=111 width=125)
	  Index Cond: ((id >= 1991779) AND (id <= 1991879))

table 7 : explain SELECT id, c FROM sbtest7 WHERE id BETWEEN 1991779 AND 1991879
	Index Scan using sbtest7_pkey on sbtest7  (cost=0.43..388.95 rows=98 width=125)
	  Index Cond: ((id >= 1991779) AND (id <= 1991879))

table 8 : explain SELECT id, c FROM sbtest8 WHERE id BETWEEN 1991779 AND 1991879
	Index Scan using sbtest8_pkey on sbtest8  (cost=0.43..395.81 rows=100 width=125)
	  Index Cond: ((id >= 1991779) AND (id <= 1991879))

for range-notcovered
table 1 : explain SELECT id, c FROM sbtest1 WHERE id BETWEEN 8185278 AND 8185378
	Index Scan using sbtest1_pkey on sbtest1  (cost=0.43..425.62 rows=107 width=125)
	  Index Cond: ((id >= 8185278) AND (id <= 8185378))

table 2 : explain SELECT id, c FROM sbtest2 WHERE id BETWEEN 8185278 AND 8185378
	Index Scan using sbtest2_pkey on sbtest2  (cost=0.43..381.35 rows=96 width=125)
	  Index Cond: ((id >= 8185278) AND (id <= 8185378))

table 3 : explain SELECT id, c FROM sbtest3 WHERE id BETWEEN 8185278 AND 8185378
	Index Scan using sbtest3_pkey on sbtest3  (cost=0.43..409.83 rows=103 width=125)
	  Index Cond: ((id >= 8185278) AND (id <= 8185378))

table 4 : explain SELECT id, c FROM sbtest4 WHERE id BETWEEN 8185278 AND 8185378
	Index Scan using sbtest4_pkey on sbtest4  (cost=0.43..408.56 rows=103 width=125)
	  Index Cond: ((id >= 8185278) AND (id <= 8185378))

table 5 : explain SELECT id, c FROM sbtest5 WHERE id BETWEEN 8185278 AND 8185378
	Index Scan using sbtest5_pkey on sbtest5  (cost=0.43..416.83 rows=105 width=125)
	  Index Cond: ((id >= 8185278) AND (id <= 8185378))

table 6 : explain SELECT id, c FROM sbtest6 WHERE id BETWEEN 8185278 AND 8185378
	Index Scan using sbtest6_pkey on sbtest6  (cost=0.43..410.42 rows=103 width=125)
	  Index Cond: ((id >= 8185278) AND (id <= 8185378))

table 7 : explain SELECT id, c FROM sbtest7 WHERE id BETWEEN 8185278 AND 8185378
	Index Scan using sbtest7_pkey on sbtest7  (cost=0.43..428.17 rows=108 width=125)
	  Index Cond: ((id >= 8185278) AND (id <= 8185378))

table 8 : explain SELECT id, c FROM sbtest8 WHERE id BETWEEN 8185278 AND 8185378
	Index Scan using sbtest8_pkey on sbtest8  (cost=0.43..372.31 rows=94 width=125)
	  Index Cond: ((id >= 8185278) AND (id <= 8185378))


for range-notcovered
table 1 : explain SELECT id, c FROM sbtest1 WHERE id BETWEEN 9372822 AND 9372922
	Index Scan using sbtest1_pkey on sbtest1  (cost=0.43..402.01 rows=101 width=125)
	  Index Cond: ((id >= 9372822) AND (id <= 9372922))

table 2 : explain SELECT id, c FROM sbtest2 WHERE id BETWEEN 9372822 AND 9372922
	Index Scan using sbtest2_pkey on sbtest2  (cost=0.43..400.97 rows=101 width=125)
	  Index Cond: ((id >= 9372822) AND (id <= 9372922))

table 3 : explain SELECT id, c FROM sbtest3 WHERE id BETWEEN 9372822 AND 9372922
	Index Scan using sbtest3_pkey on sbtest3  (cost=0.43..374.40 rows=94 width=125)
	  Index Cond: ((id >= 9372822) AND (id <= 9372922))

table 4 : explain SELECT id, c FROM sbtest4 WHERE id BETWEEN 9372822 AND 9372922
	Index Scan using sbtest4_pkey on sbtest4  (cost=0.43..381.11 rows=96 width=125)
	  Index Cond: ((id >= 9372822) AND (id <= 9372922))

table 5 : explain SELECT id, c FROM sbtest5 WHERE id BETWEEN 9372822 AND 9372922
	Index Scan using sbtest5_pkey on sbtest5  (cost=0.43..369.69 rows=93 width=125)
	  Index Cond: ((id >= 9372822) AND (id <= 9372922))

table 6 : explain SELECT id, c FROM sbtest6 WHERE id BETWEEN 9372822 AND 9372922
	Index Scan using sbtest6_pkey on sbtest6  (cost=0.43..374.93 rows=94 width=125)
	  Index Cond: ((id >= 9372822) AND (id <= 9372922))

table 7 : explain SELECT id, c FROM sbtest7 WHERE id BETWEEN 9372822 AND 9372922
	Index Scan using sbtest7_pkey on sbtest7  (cost=0.43..420.33 rows=106 width=125)
	  Index Cond: ((id >= 9372822) AND (id <= 9372922))

table 8 : explain SELECT id, c FROM sbtest8 WHERE id BETWEEN 9372822 AND 9372922
	Index Scan using sbtest8_pkey on sbtest8  (cost=0.43..364.49 rows=92 width=125)
	  Index Cond: ((id >= 9372822) AND (id <= 9372922))

explain: for range-notcovered :: explain SELECT id, c FROM sbtest%d WHERE id BETWEEN 8185278 AND 8185378
explain: for range-notcovered :: explain SELECT id, c FROM sbtest%d WHERE id BETWEEN 1991779 AND 1991879
explain: for range-notcovered :: explain SELECT id, c FROM sbtest%d WHERE id BETWEEN 9372822 AND 9372922
explain: for range-notcovered :: explain SELECT id, c FROM sbtest%d WHERE id BETWEEN 4655669 AND 4655769
for range-notcovered
table 1 : explain SELECT id, c FROM sbtest1 WHERE id BETWEEN 5766696 AND 5766796
	Index Scan using sbtest1_pkey on sbtest1  (cost=0.43..390.20 rows=98 width=125)
	  Index Cond: ((id >= 5766696) AND (id <= 5766796))

table 2 : explain SELECT id, c FROM sbtest2 WHERE id BETWEEN 5766696 AND 5766796
	Index Scan using sbtest2_pkey on sbtest2  (cost=0.43..459.84 rows=116 width=125)
	  Index Cond: ((id >= 5766696) AND (id <= 5766796))

table 3 : explain SELECT id, c FROM sbtest3 WHERE id BETWEEN 5766696 AND 5766796
	Index Scan using sbtest3_pkey on sbtest3  (cost=0.43..394.09 rows=99 width=125)
	  Index Cond: ((id >= 5766696) AND (id <= 5766796))

table 4 : explain SELECT id, c FROM sbtest4 WHERE id BETWEEN 5766696 AND 5766796
	Index Scan using sbtest4_pkey on sbtest4  (cost=0.43..381.11 rows=96 width=125)
	  Index Cond: ((id >= 5766696) AND (id <= 5766796))

table 5 : explain SELECT id, c FROM sbtest5 WHERE id BETWEEN 5766696 AND 5766796
	Index Scan using sbtest5_pkey on sbtest5  (cost=0.43..397.20 rows=100 width=125)
	  Index Cond: ((id >= 5766696) AND (id <= 5766796))

table 6 : explain SELECT id, c FROM sbtest6 WHERE id BETWEEN 5766696 AND 5766796
	Index Scan using sbtest6_pkey on sbtest6  (cost=0.43..438.00 rows=110 width=125)
	  Index Cond: ((id >= 5766696) AND (id <= 5766796))

table 7 : explain SELECT id, c FROM sbtest7 WHERE id BETWEEN 5766696 AND 5766796
	Index Scan using sbtest7_pkey on sbtest7  (cost=0.43..377.16 rows=95 width=125)
	  Index Cond: ((id >= 5766696) AND (id <= 5766796))

table 8 : explain SELECT id, c FROM sbtest8 WHERE id BETWEEN 5766696 AND 5766796
	Index Scan using sbtest8_pkey on sbtest8  (cost=0.43..411.46 rows=104 width=125)
	  Index Cond: ((id >= 5766696) AND (id <= 5766796))

for range-notcovered
table 1 : explain SELECT id, c FROM sbtest1 WHERE id BETWEEN 2376186 AND 2376286
	Index Scan using sbtest1_pkey on sbtest1  (cost=0.43..449.23 rows=113 width=125)
	  Index Cond: ((id >= 2376186) AND (id <= 2376286))

table 2 : explain SELECT id, c FROM sbtest2 WHERE id BETWEEN 2376186 AND 2376286
	Index Scan using sbtest2_pkey on sbtest2  (cost=0.43..424.52 rows=107 width=125)
	  Index Cond: ((id >= 2376186) AND (id <= 2376286))

table 3 : explain SELECT id, c FROM sbtest3 WHERE id BETWEEN 2376186 AND 2376286
	Index Scan using sbtest3_pkey on sbtest3  (cost=0.43..378.34 rows=95 width=125)
	  Index Cond: ((id >= 2376186) AND (id <= 2376286))

table 4 : explain SELECT id, c FROM sbtest4 WHERE id BETWEEN 2376186 AND 2376286
	Index Scan using sbtest4_pkey on sbtest4  (cost=0.43..349.71 rows=88 width=125)
	  Index Cond: ((id >= 2376186) AND (id <= 2376286))

table 5 : explain SELECT id, c FROM sbtest5 WHERE id BETWEEN 2376186 AND 2376286
	Index Scan using sbtest5_pkey on sbtest5  (cost=0.43..385.42 rows=97 width=125)
	  Index Cond: ((id >= 2376186) AND (id <= 2376286))

table 6 : explain SELECT id, c FROM sbtest6 WHERE id BETWEEN 2376186 AND 2376286
	Index Scan using sbtest6_pkey on sbtest6  (cost=0.43..359.17 rows=90 width=125)
	  Index Cond: ((id >= 2376186) AND (id <= 2376286))

table 7 : explain SELECT id, c FROM sbtest7 WHERE id BETWEEN 2376186 AND 2376286
	Index Scan using sbtest7_pkey on sbtest7  (cost=0.43..341.86 rows=86 width=125)
	  Index Cond: ((id >= 2376186) AND (id <= 2376286))

table 8 : explain SELECT id, c FROM sbtest8 WHERE id BETWEEN 2376186 AND 2376286
	Index Scan using sbtest8_pkey on sbtest8  (cost=0.43..411.46 rows=104 width=125)
	  Index Cond: ((id >= 2376186) AND (id <= 2376286))


explain: for range-notcovered :: explain SELECT id, c FROM sbtest%d WHERE id BETWEEN 5766696 AND 5766796
explain: for range-notcovered :: explain SELECT id, c FROM sbtest%d WHERE id BETWEEN 2376186 AND 2376286
explain: for range-notcovered :: explain SELECT id, c FROM sbtest%d WHERE id BETWEEN 5257161 AND 5257261
for range-notcovered
table 1 : explain SELECT id, c FROM sbtest1 WHERE id BETWEEN 4118681 AND 4118781
	Index Scan using sbtest1_pkey on sbtest1  (cost=0.43..413.81 rows=104 width=125)
	  Index Cond: ((id >= 4118681) AND (id <= 4118781))

table 2 : explain SELECT id, c FROM sbtest2 WHERE id BETWEEN 4118681 AND 4118781
	Index Scan using sbtest2_pkey on sbtest2  (cost=0.43..373.48 rows=94 width=125)
	  Index Cond: ((id >= 4118681) AND (id <= 4118781))

table 3 : explain SELECT id, c FROM sbtest3 WHERE id BETWEEN 4118681 AND 4118781
	Index Scan using sbtest3_pkey on sbtest3  (cost=0.43..378.34 rows=95 width=125)
	  Index Cond: ((id >= 4118681) AND (id <= 4118781))

table 4 : explain SELECT id, c FROM sbtest4 WHERE id BETWEEN 4118681 AND 4118781
	Index Scan using sbtest4_pkey on sbtest4  (cost=0.43..385.03 rows=97 width=125)
	  Index Cond: ((id >= 4118681) AND (id <= 4118781))

table 5 : explain SELECT id, c FROM sbtest5 WHERE id BETWEEN 4118681 AND 4118781
	Index Scan using sbtest5_pkey on sbtest5  (cost=0.43..389.35 rows=98 width=125)
	  Index Cond: ((id >= 4118681) AND (id <= 4118781))

table 6 : explain SELECT id, c FROM sbtest6 WHERE id BETWEEN 4118681 AND 4118781
	Index Scan using sbtest6_pkey on sbtest6  (cost=0.43..370.99 rows=93 width=125)
	  Index Cond: ((id >= 4118681) AND (id <= 4118781))

table 7 : explain SELECT id, c FROM sbtest7 WHERE id BETWEEN 4118681 AND 4118781
	Index Scan using sbtest7_pkey on sbtest7  (cost=0.43..400.72 rows=101 width=125)
	  Index Cond: ((id >= 4118681) AND (id <= 4118781))

table 8 : explain SELECT id, c FROM sbtest8 WHERE id BETWEEN 4118681 AND 4118781
	Index Scan using sbtest8_pkey on sbtest8  (cost=0.43..407.55 rows=103 width=125)
	  Index Cond: ((id >= 4118681) AND (id <= 4118781))

explain: for range-notcovered :: explain SELECT id, c FROM sbtest%d WHERE id BETWEEN 4118681 AND 4118781
for range-notcovered
table 1 : explain SELECT id, c FROM sbtest1 WHERE id BETWEEN 8185278 AND 8185378
	Index Scan using sbtest1_pkey on sbtest1  (cost=0.43..425.62 rows=107 width=125)
	  Index Cond: ((id >= 8185278) AND (id <= 8185378))

table 2 : explain SELECT id, c FROM sbtest2 WHERE id BETWEEN 8185278 AND 8185378
	Index Scan using sbtest2_pkey on sbtest2  (cost=0.43..381.35 rows=96 width=125)
	  Index Cond: ((id >= 8185278) AND (id <= 8185378))

table 3 : explain SELECT id, c FROM sbtest3 WHERE id BETWEEN 8185278 AND 8185378
	Index Scan using sbtest3_pkey on sbtest3  (cost=0.43..409.83 rows=103 width=125)
	  Index Cond: ((id >= 8185278) AND (id <= 8185378))

table 4 : explain SELECT id, c FROM sbtest4 WHERE id BETWEEN 8185278 AND 8185378
	Index Scan using sbtest4_pkey on sbtest4  (cost=0.43..408.56 rows=103 width=125)
	  Index Cond: ((id >= 8185278) AND (id <= 8185378))

table 5 : explain SELECT id, c FROM sbtest5 WHERE id BETWEEN 8185278 AND 8185378
	Index Scan using sbtest5_pkey on sbtest5  (cost=0.43..416.83 rows=105 width=125)
	  Index Cond: ((id >= 8185278) AND (id <= 8185378))

table 6 : explain SELECT id, c FROM sbtest6 WHERE id BETWEEN 8185278 AND 8185378
	Index Scan using sbtest6_pkey on sbtest6  (cost=0.43..410.42 rows=103 width=125)
	  Index Cond: ((id >= 8185278) AND (id <= 8185378))

table 7 : explain SELECT id, c FROM sbtest7 WHERE id BETWEEN 8185278 AND 8185378
	Index Scan using sbtest7_pkey on sbtest7  (cost=0.43..428.17 rows=108 width=125)
	  Index Cond: ((id >= 8185278) AND (id <= 8185378))

table 8 : explain SELECT id, c FROM sbtest8 WHERE id BETWEEN 8185278 AND 8185378
	Index Scan using sbtest8_pkey on sbtest8  (cost=0.43..372.31 rows=94 width=125)
	  Index Cond: ((id >= 8185278) AND (id <= 8185378))

for range-notcovered
table 1 : explain SELECT id, c FROM sbtest1 WHERE id BETWEEN 1991779 AND 1991879
	Index Scan using sbtest1_pkey on sbtest1  (cost=0.43..409.88 rows=103 width=125)
	  Index Cond: ((id >= 1991779) AND (id <= 1991879))

table 2 : explain SELECT id, c FROM sbtest2 WHERE id BETWEEN 1991779 AND 1991879
	Index Scan using sbtest2_pkey on sbtest2  (cost=0.43..361.70 rows=91 width=125)
	  Index Cond: ((id >= 1991779) AND (id <= 1991879))

table 3 : explain SELECT id, c FROM sbtest3 WHERE id BETWEEN 1991779 AND 1991879
	Index Scan using sbtest3_pkey on sbtest3  (cost=0.43..429.50 rows=108 width=125)
	  Index Cond: ((id >= 1991779) AND (id <= 1991879))

table 4 : explain SELECT id, c FROM sbtest4 WHERE id BETWEEN 1991779 AND 1991879
	Index Scan using sbtest4_pkey on sbtest4  (cost=0.43..404.64 rows=102 width=125)
	  Index Cond: ((id >= 1991779) AND (id <= 1991879))

table 5 : explain SELECT id, c FROM sbtest5 WHERE id BETWEEN 1991779 AND 1991879
	Index Scan using sbtest5_pkey on sbtest5  (cost=0.43..385.42 rows=97 width=125)
	  Index Cond: ((id >= 1991779) AND (id <= 1991879))

table 6 : explain SELECT id, c FROM sbtest6 WHERE id BETWEEN 1991779 AND 1991879
	Index Scan using sbtest6_pkey on sbtest6  (cost=0.43..441.94 rows=111 width=125)
	  Index Cond: ((id >= 1991779) AND (id <= 1991879))

table 7 : explain SELECT id, c FROM sbtest7 WHERE id BETWEEN 1991779 AND 1991879
	Index Scan using sbtest7_pkey on sbtest7  (cost=0.43..388.95 rows=98 width=125)
	  Index Cond: ((id >= 1991779) AND (id <= 1991879))

table 8 : explain SELECT id, c FROM sbtest8 WHERE id BETWEEN 1991779 AND 1991879
	Index Scan using sbtest8_pkey on sbtest8  (cost=0.43..395.81 rows=100 width=125)
	  Index Cond: ((id >= 1991779) AND (id <= 1991879))

for range-notcovered
table 1 : explain SELECT id, c FROM sbtest1 WHERE id BETWEEN 4655669 AND 4655769
	Index Scan using sbtest1_pkey on sbtest1  (cost=0.43..413.81 rows=104 width=125)
	  Index Cond: ((id >= 4655669) AND (id <= 4655769))

table 2 : explain SELECT id, c FROM sbtest2 WHERE id BETWEEN 4655669 AND 4655769
	Index Scan using sbtest2_pkey on sbtest2  (cost=0.43..377.43 rows=95 width=125)
	  Index Cond: ((id >= 4655669) AND (id <= 4655769))

table 3 : explain SELECT id, c FROM sbtest3 WHERE id BETWEEN 4655669 AND 4655769
	Index Scan using sbtest3_pkey on sbtest3  (cost=0.43..398.03 rows=100 width=125)
	  Index Cond: ((id >= 4655669) AND (id <= 4655769))

table 4 : explain SELECT id, c FROM sbtest4 WHERE id BETWEEN 4655669 AND 4655769
	Index Scan using sbtest4_pkey on sbtest4  (cost=0.43..404.64 rows=102 width=125)
	  Index Cond: ((id >= 4655669) AND (id <= 4655769))

table 5 : explain SELECT id, c FROM sbtest5 WHERE id BETWEEN 4655669 AND 4655769
	Index Scan using sbtest5_pkey on sbtest5  (cost=0.43..377.57 rows=95 width=125)
	  Index Cond: ((id >= 4655669) AND (id <= 4655769))

table 6 : explain SELECT id, c FROM sbtest6 WHERE id BETWEEN 4655669 AND 4655769
	Index Scan using sbtest6_pkey on sbtest6  (cost=0.43..390.72 rows=98 width=125)
	  Index Cond: ((id >= 4655669) AND (id <= 4655769))

table 7 : explain SELECT id, c FROM sbtest7 WHERE id BETWEEN 4655669 AND 4655769
	Index Scan using sbtest7_pkey on sbtest7  (cost=0.43..388.95 rows=98 width=125)
	  Index Cond: ((id >= 4655669) AND (id <= 4655769))

table 8 : explain SELECT id, c FROM sbtest8 WHERE id BETWEEN 4655669 AND 4655769
	Index Scan using sbtest8_pkey on sbtest8  (cost=0.43..399.72 rows=101 width=125)
	  Index Cond: ((id >= 4655669) AND (id <= 4655769))

explain: for range-notcovered :: explain SELECT id, c FROM sbtest%d WHERE id BETWEEN 8185278 AND 8185378
explain: for range-notcovered :: explain SELECT id, c FROM sbtest%d WHERE id BETWEEN 1991779 AND 1991879
explain: for range-notcovered :: explain SELECT id, c FROM sbtest%d WHERE id BETWEEN 4655669 AND 4655769
for range-notcovered
table 1 : explain SELECT id, c FROM sbtest1 WHERE id BETWEEN 4886609 AND 4886709
	Index Scan using sbtest1_pkey on sbtest1  (cost=0.43..390.20 rows=98 width=125)
	  Index Cond: ((id >= 4886609) AND (id <= 4886709))

table 2 : explain SELECT id, c FROM sbtest2 WHERE id BETWEEN 4886609 AND 4886709
	Index Scan using sbtest2_pkey on sbtest2  (cost=0.43..412.75 rows=104 width=125)
	  Index Cond: ((id >= 4886609) AND (id <= 4886709))

table 3 : explain SELECT id, c FROM sbtest3 WHERE id BETWEEN 4886609 AND 4886709
	Index Scan using sbtest3_pkey on sbtest3  (cost=0.43..409.83 rows=103 width=125)
	  Index Cond: ((id >= 4886609) AND (id <= 4886709))

table 4 : explain SELECT id, c FROM sbtest4 WHERE id BETWEEN 4886609 AND 4886709
	Index Scan using sbtest4_pkey on sbtest4  (cost=0.43..404.64 rows=102 width=125)
	  Index Cond: ((id >= 4886609) AND (id <= 4886709))

table 5 : explain SELECT id, c FROM sbtest5 WHERE id BETWEEN 4886609 AND 4886709
	Index Scan using sbtest5_pkey on sbtest5  (cost=0.43..397.20 rows=100 width=125)
	  Index Cond: ((id >= 4886609) AND (id <= 4886709))

table 6 : explain SELECT id, c FROM sbtest6 WHERE id BETWEEN 4886609 AND 4886709
	Index Scan using sbtest6_pkey on sbtest6  (cost=0.43..359.17 rows=90 width=125)
	  Index Cond: ((id >= 4886609) AND (id <= 4886709))

table 7 : explain SELECT id, c FROM sbtest7 WHERE id BETWEEN 4886609 AND 4886709
	Index Scan using sbtest7_pkey on sbtest7  (cost=0.43..420.33 rows=106 width=125)
	  Index Cond: ((id >= 4886609) AND (id <= 4886709))

table 8 : explain SELECT id, c FROM sbtest8 WHERE id BETWEEN 4886609 AND 4886709
	Index Scan using sbtest8_pkey on sbtest8  (cost=0.43..411.46 rows=104 width=125)
	  Index Cond: ((id >= 4886609) AND (id <= 4886709))

for range-notcovered
table 1 : explain SELECT id, c FROM sbtest1 WHERE id BETWEEN 5766696 AND 5766796
	Index Scan using sbtest1_pkey on sbtest1  (cost=0.43..390.20 rows=98 width=125)
	  Index Cond: ((id >= 5766696) AND (id <= 5766796))

table 2 : explain SELECT id, c FROM sbtest2 WHERE id BETWEEN 5766696 AND 5766796
	Index Scan using sbtest2_pkey on sbtest2  (cost=0.43..459.84 rows=116 width=125)
	  Index Cond: ((id >= 5766696) AND (id <= 5766796))

table 3 : explain SELECT id, c FROM sbtest3 WHERE id BETWEEN 5766696 AND 5766796
	Index Scan using sbtest3_pkey on sbtest3  (cost=0.43..394.09 rows=99 width=125)
	  Index Cond: ((id >= 5766696) AND (id <= 5766796))

table 4 : explain SELECT id, c FROM sbtest4 WHERE id BETWEEN 5766696 AND 5766796
	Index Scan using sbtest4_pkey on sbtest4  (cost=0.43..381.11 rows=96 width=125)
	  Index Cond: ((id >= 5766696) AND (id <= 5766796))

table 5 : explain SELECT id, c FROM sbtest5 WHERE id BETWEEN 5766696 AND 5766796
	Index Scan using sbtest5_pkey on sbtest5  (cost=0.43..397.20 rows=100 width=125)
	  Index Cond: ((id >= 5766696) AND (id <= 5766796))

table 6 : explain SELECT id, c FROM sbtest6 WHERE id BETWEEN 5766696 AND 5766796
	Index Scan using sbtest6_pkey on sbtest6  (cost=0.43..438.00 rows=110 width=125)
	  Index Cond: ((id >= 5766696) AND (id <= 5766796))

table 7 : explain SELECT id, c FROM sbtest7 WHERE id BETWEEN 5766696 AND 5766796
	Index Scan using sbtest7_pkey on sbtest7  (cost=0.43..377.16 rows=95 width=125)
	  Index Cond: ((id >= 5766696) AND (id <= 5766796))

table 8 : explain SELECT id, c FROM sbtest8 WHERE id BETWEEN 5766696 AND 5766796
	Index Scan using sbtest8_pkey on sbtest8  (cost=0.43..411.46 rows=104 width=125)
	  Index Cond: ((id >= 5766696) AND (id <= 5766796))

for range-notcovered
table 1 : explain SELECT id, c FROM sbtest1 WHERE id BETWEEN 4400079 AND 4400179
	Index Scan using sbtest1_pkey on sbtest1  (cost=0.43..413.81 rows=104 width=125)
	  Index Cond: ((id >= 4400079) AND (id <= 4400179))

table 2 : explain SELECT id, c FROM sbtest2 WHERE id BETWEEN 4400079 AND 4400179
	Index Scan using sbtest2_pkey on sbtest2  (cost=0.43..349.93 rows=88 width=125)
	  Index Cond: ((id >= 4400079) AND (id <= 4400179))

table 3 : explain SELECT id, c FROM sbtest3 WHERE id BETWEEN 4400079 AND 4400179
	Index Scan using sbtest3_pkey on sbtest3  (cost=0.43..405.90 rows=102 width=125)
	  Index Cond: ((id >= 4400079) AND (id <= 4400179))

table 4 : explain SELECT id, c FROM sbtest4 WHERE id BETWEEN 4400079 AND 4400179
	Index Scan using sbtest4_pkey on sbtest4  (cost=0.43..424.25 rows=107 width=125)
	  Index Cond: ((id >= 4400079) AND (id <= 4400179))

table 5 : explain SELECT id, c FROM sbtest5 WHERE id BETWEEN 4400079 AND 4400179
	Index Scan using sbtest5_pkey on sbtest5  (cost=0.43..401.12 rows=101 width=125)
	  Index Cond: ((id >= 4400079) AND (id <= 4400179))

table 6 : explain SELECT id, c FROM sbtest6 WHERE id BETWEEN 4400079 AND 4400179
	Index Scan using sbtest6_pkey on sbtest6  (cost=0.43..410.42 rows=103 width=125)
	  Index Cond: ((id >= 4400079) AND (id <= 4400179))

table 7 : explain SELECT id, c FROM sbtest7 WHERE id BETWEEN 4400079 AND 4400179
	Index Scan using sbtest7_pkey on sbtest7  (cost=0.43..424.25 rows=107 width=125)
	  Index Cond: ((id >= 4400079) AND (id <= 4400179))

table 8 : explain SELECT id, c FROM sbtest8 WHERE id BETWEEN 4400079 AND 4400179
	Index Scan using sbtest8_pkey on sbtest8  (cost=0.43..407.55 rows=103 width=125)
	  Index Cond: ((id >= 4400079) AND (id <= 4400179))

for range-notcovered
table 1 : explain SELECT id, c FROM sbtest1 WHERE id BETWEEN 2541707 AND 2541807
	Index Scan using sbtest1_pkey on sbtest1  (cost=0.43..425.62 rows=107 width=125)
	  Index Cond: ((id >= 2541707) AND (id <= 2541807))

table 2 : explain SELECT id, c FROM sbtest2 WHERE id BETWEEN 2541707 AND 2541807
	Index Scan using sbtest2_pkey on sbtest2  (cost=0.43..408.82 rows=103 width=125)
	  Index Cond: ((id >= 2541707) AND (id <= 2541807))

table 3 : explain SELECT id, c FROM sbtest3 WHERE id BETWEEN 2541707 AND 2541807
	Index Scan using sbtest3_pkey on sbtest3  (cost=0.43..370.47 rows=93 width=125)
	  Index Cond: ((id >= 2541707) AND (id <= 2541807))

table 4 : explain SELECT id, c FROM sbtest4 WHERE id BETWEEN 2541707 AND 2541807
	Index Scan using sbtest4_pkey on sbtest4  (cost=0.43..432.09 rows=109 width=125)
	  Index Cond: ((id >= 2541707) AND (id <= 2541807))

table 5 : explain SELECT id, c FROM sbtest5 WHERE id BETWEEN 2541707 AND 2541807
	Index Scan using sbtest5_pkey on sbtest5  (cost=0.43..401.12 rows=101 width=125)
	  Index Cond: ((id >= 2541707) AND (id <= 2541807))

table 6 : explain SELECT id, c FROM sbtest6 WHERE id BETWEEN 2541707 AND 2541807
	Index Scan using sbtest6_pkey on sbtest6  (cost=0.43..422.24 rows=106 width=125)
	  Index Cond: ((id >= 2541707) AND (id <= 2541807))

table 7 : explain SELECT id, c FROM sbtest7 WHERE id BETWEEN 2541707 AND 2541807
	Index Scan using sbtest7_pkey on sbtest7  (cost=0.43..439.94 rows=111 width=125)
	  Index Cond: ((id >= 2541707) AND (id <= 2541807))

table 8 : explain SELECT id, c FROM sbtest8 WHERE id BETWEEN 2541707 AND 2541807
	Index Scan using sbtest8_pkey on sbtest8  (cost=0.43..415.37 rows=105 width=125)
	  Index Cond: ((id >= 2541707) AND (id <= 2541807))

explain: for range-notcovered :: explain SELECT id, c FROM sbtest%d WHERE id BETWEEN 4886609 AND 4886709
for range-notcovered
table 1 : explain SELECT id, c FROM sbtest1 WHERE id BETWEEN 2376186 AND 2376286
	Index Scan using sbtest1_pkey on sbtest1  (cost=0.43..449.23 rows=113 width=125)
	  Index Cond: ((id >= 2376186) AND (id <= 2376286))

table 2 : explain SELECT id, c FROM sbtest2 WHERE id BETWEEN 2376186 AND 2376286
	Index Scan using sbtest2_pkey on sbtest2  (cost=0.43..424.52 rows=107 width=125)
	  Index Cond: ((id >= 2376186) AND (id <= 2376286))

table 3 : explain SELECT id, c FROM sbtest3 WHERE id BETWEEN 2376186 AND 2376286
	Index Scan using sbtest3_pkey on sbtest3  (cost=0.43..378.34 rows=95 width=125)
	  Index Cond: ((id >= 2376186) AND (id <= 2376286))

table 4 : explain SELECT id, c FROM sbtest4 WHERE id BETWEEN 2376186 AND 2376286
	Index Scan using sbtest4_pkey on sbtest4  (cost=0.43..349.71 rows=88 width=125)
	  Index Cond: ((id >= 2376186) AND (id <= 2376286))

table 5 : explain SELECT id, c FROM sbtest5 WHERE id BETWEEN 2376186 AND 2376286
	Index Scan using sbtest5_pkey on sbtest5  (cost=0.43..385.42 rows=97 width=125)
	  Index Cond: ((id >= 2376186) AND (id <= 2376286))

table 6 : explain SELECT id, c FROM sbtest6 WHERE id BETWEEN 2376186 AND 2376286
	Index Scan using sbtest6_pkey on sbtest6  (cost=0.43..359.17 rows=90 width=125)
	  Index Cond: ((id >= 2376186) AND (id <= 2376286))

table 7 : explain SELECT id, c FROM sbtest7 WHERE id BETWEEN 2376186 AND 2376286
	Index Scan using sbtest7_pkey on sbtest7  (cost=0.43..341.86 rows=86 width=125)
	  Index Cond: ((id >= 2376186) AND (id <= 2376286))

table 8 : explain SELECT id, c FROM sbtest8 WHERE id BETWEEN 2376186 AND 2376286
	Index Scan using sbtest8_pkey on sbtest8  (cost=0.43..411.46 rows=104 width=125)
	  Index Cond: ((id >= 2376186) AND (id <= 2376286))

explain: for range-notcovered :: explain SELECT id, c FROM sbtest%d WHERE id BETWEEN 4400079 AND 4400179
explain: for range-notcovered :: explain SELECT id, c FROM sbtest%d WHERE id BETWEEN 2541707 AND 2541807
for range-notcovered
table 1 : explain SELECT id, c FROM sbtest1 WHERE id BETWEEN 4401071 AND 4401171
	Index Scan using sbtest1_pkey on sbtest1  (cost=0.43..413.81 rows=104 width=125)
	  Index Cond: ((id >= 4401071) AND (id <= 4401171))

table 2 : explain SELECT id, c FROM sbtest2 WHERE id BETWEEN 4401071 AND 4401171
	Index Scan using sbtest2_pkey on sbtest2  (cost=0.43..349.93 rows=88 width=125)
	  Index Cond: ((id >= 4401071) AND (id <= 4401171))

table 3 : explain SELECT id, c FROM sbtest3 WHERE id BETWEEN 4401071 AND 4401171
	Index Scan using sbtest3_pkey on sbtest3  (cost=0.43..405.90 rows=102 width=125)
	  Index Cond: ((id >= 4401071) AND (id <= 4401171))

table 4 : explain SELECT id, c FROM sbtest4 WHERE id BETWEEN 4401071 AND 4401171
	Index Scan using sbtest4_pkey on sbtest4  (cost=0.43..424.25 rows=107 width=125)
	  Index Cond: ((id >= 4401071) AND (id <= 4401171))

table 5 : explain SELECT id, c FROM sbtest5 WHERE id BETWEEN 4401071 AND 4401171
	Index Scan using sbtest5_pkey on sbtest5  (cost=0.43..401.12 rows=101 width=125)
	  Index Cond: ((id >= 4401071) AND (id <= 4401171))

table 6 : explain SELECT id, c FROM sbtest6 WHERE id BETWEEN 4401071 AND 4401171
	Index Scan using sbtest6_pkey on sbtest6  (cost=0.43..410.42 rows=103 width=125)
	  Index Cond: ((id >= 4401071) AND (id <= 4401171))

table 7 : explain SELECT id, c FROM sbtest7 WHERE id BETWEEN 4401071 AND 4401171
	Index Scan using sbtest7_pkey on sbtest7  (cost=0.43..424.25 rows=107 width=125)
	  Index Cond: ((id >= 4401071) AND (id <= 4401171))

table 8 : explain SELECT id, c FROM sbtest8 WHERE id BETWEEN 4401071 AND 4401171
	Index Scan using sbtest8_pkey on sbtest8  (cost=0.43..407.55 rows=103 width=125)
	  Index Cond: ((id >= 4401071) AND (id <= 4401171))

explain: for range-notcovered :: explain SELECT id, c FROM sbtest%d WHERE id BETWEEN 4401071 AND 4401171
for range-notcovered
table 1 : explain SELECT id, c FROM sbtest1 WHERE id BETWEEN 1991779 AND 1991879
	Index Scan using sbtest1_pkey on sbtest1  (cost=0.43..409.88 rows=103 width=125)
	  Index Cond: ((id >= 1991779) AND (id <= 1991879))

table 2 : explain SELECT id, c FROM sbtest2 WHERE id BETWEEN 1991779 AND 1991879
	Index Scan using sbtest2_pkey on sbtest2  (cost=0.43..361.70 rows=91 width=125)
	  Index Cond: ((id >= 1991779) AND (id <= 1991879))

table 3 : explain SELECT id, c FROM sbtest3 WHERE id BETWEEN 1991779 AND 1991879
	Index Scan using sbtest3_pkey on sbtest3  (cost=0.43..429.50 rows=108 width=125)
	  Index Cond: ((id >= 1991779) AND (id <= 1991879))

table 4 : explain SELECT id, c FROM sbtest4 WHERE id BETWEEN 1991779 AND 1991879
	Index Scan using sbtest4_pkey on sbtest4  (cost=0.43..404.64 rows=102 width=125)
	  Index Cond: ((id >= 1991779) AND (id <= 1991879))

table 5 : explain SELECT id, c FROM sbtest5 WHERE id BETWEEN 1991779 AND 1991879
	Index Scan using sbtest5_pkey on sbtest5  (cost=0.43..385.42 rows=97 width=125)
	  Index Cond: ((id >= 1991779) AND (id <= 1991879))

table 6 : explain SELECT id, c FROM sbtest6 WHERE id BETWEEN 1991779 AND 1991879
	Index Scan using sbtest6_pkey on sbtest6  (cost=0.43..441.94 rows=111 width=125)
	  Index Cond: ((id >= 1991779) AND (id <= 1991879))

table 7 : explain SELECT id, c FROM sbtest7 WHERE id BETWEEN 1991779 AND 1991879
	Index Scan using sbtest7_pkey on sbtest7  (cost=0.43..388.95 rows=98 width=125)
	  Index Cond: ((id >= 1991779) AND (id <= 1991879))

table 8 : explain SELECT id, c FROM sbtest8 WHERE id BETWEEN 1991779 AND 1991879
	Index Scan using sbtest8_pkey on sbtest8  (cost=0.43..395.81 rows=100 width=125)
	  Index Cond: ((id >= 1991779) AND (id <= 1991879))

explain: for range-notcovered :: explain SELECT id, c FROM sbtest%d WHERE id BETWEEN 1991779 AND 1991879
for range-notcovered
table 1 : explain SELECT id, c FROM sbtest1 WHERE id BETWEEN 4655669 AND 4655769
	Index Scan using sbtest1_pkey on sbtest1  (cost=0.43..413.81 rows=104 width=125)
	  Index Cond: ((id >= 4655669) AND (id <= 4655769))

table 2 : explain SELECT id, c FROM sbtest2 WHERE id BETWEEN 4655669 AND 4655769
	Index Scan using sbtest2_pkey on sbtest2  (cost=0.43..377.43 rows=95 width=125)
	  Index Cond: ((id >= 4655669) AND (id <= 4655769))

table 3 : explain SELECT id, c FROM sbtest3 WHERE id BETWEEN 4655669 AND 4655769
	Index Scan using sbtest3_pkey on sbtest3  (cost=0.43..398.03 rows=100 width=125)
	  Index Cond: ((id >= 4655669) AND (id <= 4655769))

table 4 : explain SELECT id, c FROM sbtest4 WHERE id BETWEEN 4655669 AND 4655769
	Index Scan using sbtest4_pkey on sbtest4  (cost=0.43..404.64 rows=102 width=125)
	  Index Cond: ((id >= 4655669) AND (id <= 4655769))

table 5 : explain SELECT id, c FROM sbtest5 WHERE id BETWEEN 4655669 AND 4655769
	Index Scan using sbtest5_pkey on sbtest5  (cost=0.43..377.57 rows=95 width=125)
	  Index Cond: ((id >= 4655669) AND (id <= 4655769))

table 6 : explain SELECT id, c FROM sbtest6 WHERE id BETWEEN 4655669 AND 4655769
	Index Scan using sbtest6_pkey on sbtest6  (cost=0.43..390.72 rows=98 width=125)
	  Index Cond: ((id >= 4655669) AND (id <= 4655769))

table 7 : explain SELECT id, c FROM sbtest7 WHERE id BETWEEN 4655669 AND 4655769
	Index Scan using sbtest7_pkey on sbtest7  (cost=0.43..388.95 rows=98 width=125)
	  Index Cond: ((id >= 4655669) AND (id <= 4655769))

table 8 : explain SELECT id, c FROM sbtest8 WHERE id BETWEEN 4655669 AND 4655769
	Index Scan using sbtest8_pkey on sbtest8  (cost=0.43..399.72 rows=101 width=125)
	  Index Cond: ((id >= 4655669) AND (id <= 4655769))

for range-notcovered
table 1 : explain SELECT id, c FROM sbtest1 WHERE id BETWEEN 4118681 AND 4118781
	Index Scan using sbtest1_pkey on sbtest1  (cost=0.43..413.81 rows=104 width=125)
	  Index Cond: ((id >= 4118681) AND (id <= 4118781))

table 2 : explain SELECT id, c FROM sbtest2 WHERE id BETWEEN 4118681 AND 4118781
	Index Scan using sbtest2_pkey on sbtest2  (cost=0.43..373.48 rows=94 width=125)
	  Index Cond: ((id >= 4118681) AND (id <= 4118781))

table 3 : explain SELECT id, c FROM sbtest3 WHERE id BETWEEN 4118681 AND 4118781
	Index Scan using sbtest3_pkey on sbtest3  (cost=0.43..378.34 rows=95 width=125)
	  Index Cond: ((id >= 4118681) AND (id <= 4118781))

table 4 : explain SELECT id, c FROM sbtest4 WHERE id BETWEEN 4118681 AND 4118781
	Index Scan using sbtest4_pkey on sbtest4  (cost=0.43..385.03 rows=97 width=125)
	  Index Cond: ((id >= 4118681) AND (id <= 4118781))

table 5 : explain SELECT id, c FROM sbtest5 WHERE id BETWEEN 4118681 AND 4118781
	Index Scan using sbtest5_pkey on sbtest5  (cost=0.43..389.35 rows=98 width=125)
	  Index Cond: ((id >= 4118681) AND (id <= 4118781))

table 6 : explain SELECT id, c FROM sbtest6 WHERE id BETWEEN 4118681 AND 4118781
	Index Scan using sbtest6_pkey on sbtest6  (cost=0.43..370.99 rows=93 width=125)
	  Index Cond: ((id >= 4118681) AND (id <= 4118781))

table 7 : explain SELECT id, c FROM sbtest7 WHERE id BETWEEN 4118681 AND 4118781
	Index Scan using sbtest7_pkey on sbtest7  (cost=0.43..400.72 rows=101 width=125)
	  Index Cond: ((id >= 4118681) AND (id <= 4118781))

table 8 : explain SELECT id, c FROM sbtest8 WHERE id BETWEEN 4118681 AND 4118781
	Index Scan using sbtest8_pkey on sbtest8  (cost=0.43..407.55 rows=103 width=125)
	  Index Cond: ((id >= 4118681) AND (id <= 4118781))

for range-notcovered
table 1 : explain SELECT id, c FROM sbtest1 WHERE id BETWEEN 8185278 AND 8185378
	Index Scan using sbtest1_pkey on sbtest1  (cost=0.43..425.62 rows=107 width=125)
	  Index Cond: ((id >= 8185278) AND (id <= 8185378))

table 2 : explain SELECT id, c FROM sbtest2 WHERE id BETWEEN 8185278 AND 8185378
	Index Scan using sbtest2_pkey on sbtest2  (cost=0.43..381.35 rows=96 width=125)
	  Index Cond: ((id >= 8185278) AND (id <= 8185378))

table 3 : explain SELECT id, c FROM sbtest3 WHERE id BETWEEN 8185278 AND 8185378
	Index Scan using sbtest3_pkey on sbtest3  (cost=0.43..409.83 rows=103 width=125)
	  Index Cond: ((id >= 8185278) AND (id <= 8185378))

table 4 : explain SELECT id, c FROM sbtest4 WHERE id BETWEEN 8185278 AND 8185378
	Index Scan using sbtest4_pkey on sbtest4  (cost=0.43..408.56 rows=103 width=125)
	  Index Cond: ((id >= 8185278) AND (id <= 8185378))

table 5 : explain SELECT id, c FROM sbtest5 WHERE id BETWEEN 8185278 AND 8185378
	Index Scan using sbtest5_pkey on sbtest5  (cost=0.43..416.83 rows=105 width=125)
	  Index Cond: ((id >= 8185278) AND (id <= 8185378))

table 6 : explain SELECT id, c FROM sbtest6 WHERE id BETWEEN 8185278 AND 8185378
	Index Scan using sbtest6_pkey on sbtest6  (cost=0.43..410.42 rows=103 width=125)
	  Index Cond: ((id >= 8185278) AND (id <= 8185378))

table 7 : explain SELECT id, c FROM sbtest7 WHERE id BETWEEN 8185278 AND 8185378
	Index Scan using sbtest7_pkey on sbtest7  (cost=0.43..428.17 rows=108 width=125)
	  Index Cond: ((id >= 8185278) AND (id <= 8185378))

table 8 : explain SELECT id, c FROM sbtest8 WHERE id BETWEEN 8185278 AND 8185378
	Index Scan using sbtest8_pkey on sbtest8  (cost=0.43..372.31 rows=94 width=125)
	  Index Cond: ((id >= 8185278) AND (id <= 8185378))

explain: for range-notcovered :: explain SELECT id, c FROM sbtest%d WHERE id BETWEEN 4655669 AND 4655769
for range-notcovered
table 1 : explain SELECT id, c FROM sbtest1 WHERE id BETWEEN 8565391 AND 8565491
	Index Scan using sbtest1_pkey on sbtest1  (cost=0.43..386.27 rows=97 width=125)
	  Index Cond: ((id >= 8565391) AND (id <= 8565491))

table 2 : explain SELECT id, c FROM sbtest2 WHERE id BETWEEN 8565391 AND 8565491
	Index Scan using sbtest2_pkey on sbtest2  (cost=0.43..408.82 rows=103 width=125)
	  Index Cond: ((id >= 8565391) AND (id <= 8565491))

table 3 : explain SELECT id, c FROM sbtest3 WHERE id BETWEEN 8565391 AND 8565491
	Index Scan using sbtest3_pkey on sbtest3  (cost=0.43..433.44 rows=109 width=125)
	  Index Cond: ((id >= 8565391) AND (id <= 8565491))

table 4 : explain SELECT id, c FROM sbtest4 WHERE id BETWEEN 8565391 AND 8565491
	Index Scan using sbtest4_pkey on sbtest4  (cost=0.43..381.11 rows=96 width=125)
	  Index Cond: ((id >= 8565391) AND (id <= 8565491))

table 5 : explain SELECT id, c FROM sbtest5 WHERE id BETWEEN 8565391 AND 8565491
	Index Scan using sbtest5_pkey on sbtest5  (cost=0.43..393.27 rows=99 width=125)
	  Index Cond: ((id >= 8565391) AND (id <= 8565491))

table 6 : explain SELECT id, c FROM sbtest6 WHERE id BETWEEN 8565391 AND 8565491
	Index Scan using sbtest6_pkey on sbtest6  (cost=0.43..367.05 rows=92 width=125)
	  Index Cond: ((id >= 8565391) AND (id <= 8565491))

table 7 : explain SELECT id, c FROM sbtest7 WHERE id BETWEEN 8565391 AND 8565491
	Index Scan using sbtest7_pkey on sbtest7  (cost=0.43..416.41 rows=105 width=125)
	  Index Cond: ((id >= 8565391) AND (id <= 8565491))

table 8 : explain SELECT id, c FROM sbtest8 WHERE id BETWEEN 8565391 AND 8565491
	Index Scan using sbtest8_pkey on sbtest8  (cost=0.43..395.81 rows=100 width=125)
	  Index Cond: ((id >= 8565391) AND (id <= 8565491))

explain: for range-notcovered :: explain SELECT id, c FROM sbtest%d WHERE id BETWEEN 8185278 AND 8185378
explain: for range-notcovered :: explain SELECT id, c FROM sbtest%d WHERE id BETWEEN 8565391 AND 8565491
for range-notcovered
table 1 : explain SELECT id, c FROM sbtest1 WHERE id BETWEEN 4886609 AND 4886709
	Index Scan using sbtest1_pkey on sbtest1  (cost=0.43..390.20 rows=98 width=125)
	  Index Cond: ((id >= 4886609) AND (id <= 4886709))

table 2 : explain SELECT id, c FROM sbtest2 WHERE id BETWEEN 4886609 AND 4886709
	Index Scan using sbtest2_pkey on sbtest2  (cost=0.43..412.75 rows=104 width=125)
	  Index Cond: ((id >= 4886609) AND (id <= 4886709))

table 3 : explain SELECT id, c FROM sbtest3 WHERE id BETWEEN 4886609 AND 4886709
	Index Scan using sbtest3_pkey on sbtest3  (cost=0.43..409.83 rows=103 width=125)
	  Index Cond: ((id >= 4886609) AND (id <= 4886709))

table 4 : explain SELECT id, c FROM sbtest4 WHERE id BETWEEN 4886609 AND 4886709
	Index Scan using sbtest4_pkey on sbtest4  (cost=0.43..404.64 rows=102 width=125)
	  Index Cond: ((id >= 4886609) AND (id <= 4886709))

table 5 : explain SELECT id, c FROM sbtest5 WHERE id BETWEEN 4886609 AND 4886709
	Index Scan using sbtest5_pkey on sbtest5  (cost=0.43..397.20 rows=100 width=125)
	  Index Cond: ((id >= 4886609) AND (id <= 4886709))

table 6 : explain SELECT id, c FROM sbtest6 WHERE id BETWEEN 4886609 AND 4886709
	Index Scan using sbtest6_pkey on sbtest6  (cost=0.43..359.17 rows=90 width=125)
	  Index Cond: ((id >= 4886609) AND (id <= 4886709))

table 7 : explain SELECT id, c FROM sbtest7 WHERE id BETWEEN 4886609 AND 4886709
	Index Scan using sbtest7_pkey on sbtest7  (cost=0.43..420.33 rows=106 width=125)
	  Index Cond: ((id >= 4886609) AND (id <= 4886709))

table 8 : explain SELECT id, c FROM sbtest8 WHERE id BETWEEN 4886609 AND 4886709
	Index Scan using sbtest8_pkey on sbtest8  (cost=0.43..411.46 rows=104 width=125)
	  Index Cond: ((id >= 4886609) AND (id <= 4886709))

explain: for range-notcovered :: explain SELECT id, c FROM sbtest%d WHERE id BETWEEN 4886609 AND 4886709
for range-notcovered
table 1 : explain SELECT id, c FROM sbtest1 WHERE id BETWEEN 2541707 AND 2541807
	Index Scan using sbtest1_pkey on sbtest1  (cost=0.43..425.62 rows=107 width=125)
	  Index Cond: ((id >= 2541707) AND (id <= 2541807))

table 2 : explain SELECT id, c FROM sbtest2 WHERE id BETWEEN 2541707 AND 2541807
	Index Scan using sbtest2_pkey on sbtest2  (cost=0.43..408.82 rows=103 width=125)
	  Index Cond: ((id >= 2541707) AND (id <= 2541807))

table 3 : explain SELECT id, c FROM sbtest3 WHERE id BETWEEN 2541707 AND 2541807
	Index Scan using sbtest3_pkey on sbtest3  (cost=0.43..370.47 rows=93 width=125)
	  Index Cond: ((id >= 2541707) AND (id <= 2541807))

table 4 : explain SELECT id, c FROM sbtest4 WHERE id BETWEEN 2541707 AND 2541807
	Index Scan using sbtest4_pkey on sbtest4  (cost=0.43..432.09 rows=109 width=125)
	  Index Cond: ((id >= 2541707) AND (id <= 2541807))

table 5 : explain SELECT id, c FROM sbtest5 WHERE id BETWEEN 2541707 AND 2541807
	Index Scan using sbtest5_pkey on sbtest5  (cost=0.43..401.12 rows=101 width=125)
	  Index Cond: ((id >= 2541707) AND (id <= 2541807))

table 6 : explain SELECT id, c FROM sbtest6 WHERE id BETWEEN 2541707 AND 2541807
	Index Scan using sbtest6_pkey on sbtest6  (cost=0.43..422.24 rows=106 width=125)
	  Index Cond: ((id >= 2541707) AND (id <= 2541807))

table 7 : explain SELECT id, c FROM sbtest7 WHERE id BETWEEN 2541707 AND 2541807
	Index Scan using sbtest7_pkey on sbtest7  (cost=0.43..439.94 rows=111 width=125)
	  Index Cond: ((id >= 2541707) AND (id <= 2541807))

table 8 : explain SELECT id, c FROM sbtest8 WHERE id BETWEEN 2541707 AND 2541807
	Index Scan using sbtest8_pkey on sbtest8  (cost=0.43..415.37 rows=105 width=125)
	  Index Cond: ((id >= 2541707) AND (id <= 2541807))

explain: for range-notcovered :: explain SELECT id, c FROM sbtest%d WHERE id BETWEEN 4118681 AND 4118781
for range-notcovered
table 1 : explain SELECT id, c FROM sbtest1 WHERE id BETWEEN 4400079 AND 4400179
	Index Scan using sbtest1_pkey on sbtest1  (cost=0.43..413.81 rows=104 width=125)
	  Index Cond: ((id >= 4400079) AND (id <= 4400179))

table 2 : explain SELECT id, c FROM sbtest2 WHERE id BETWEEN 4400079 AND 4400179
	Index Scan using sbtest2_pkey on sbtest2  (cost=0.43..349.93 rows=88 width=125)
	  Index Cond: ((id >= 4400079) AND (id <= 4400179))

table 3 : explain SELECT id, c FROM sbtest3 WHERE id BETWEEN 4400079 AND 4400179
	Index Scan using sbtest3_pkey on sbtest3  (cost=0.43..405.90 rows=102 width=125)
	  Index Cond: ((id >= 4400079) AND (id <= 4400179))

table 4 : explain SELECT id, c FROM sbtest4 WHERE id BETWEEN 4400079 AND 4400179
	Index Scan using sbtest4_pkey on sbtest4  (cost=0.43..424.25 rows=107 width=125)
	  Index Cond: ((id >= 4400079) AND (id <= 4400179))

table 5 : explain SELECT id, c FROM sbtest5 WHERE id BETWEEN 4400079 AND 4400179
	Index Scan using sbtest5_pkey on sbtest5  (cost=0.43..401.12 rows=101 width=125)
	  Index Cond: ((id >= 4400079) AND (id <= 4400179))

table 6 : explain SELECT id, c FROM sbtest6 WHERE id BETWEEN 4400079 AND 4400179
	Index Scan using sbtest6_pkey on sbtest6  (cost=0.43..410.42 rows=103 width=125)
	  Index Cond: ((id >= 4400079) AND (id <= 4400179))

table 7 : explain SELECT id, c FROM sbtest7 WHERE id BETWEEN 4400079 AND 4400179
	Index Scan using sbtest7_pkey on sbtest7  (cost=0.43..424.25 rows=107 width=125)
	  Index Cond: ((id >= 4400079) AND (id <= 4400179))

table 8 : explain SELECT id, c FROM sbtest8 WHERE id BETWEEN 4400079 AND 4400179
	Index Scan using sbtest8_pkey on sbtest8  (cost=0.43..407.55 rows=103 width=125)
	  Index Cond: ((id >= 4400079) AND (id <= 4400179))

explain: for range-notcovered :: explain SELECT id, c FROM sbtest%d WHERE id BETWEEN 2541707 AND 2541807
for range-notcovered
table 1 : explain SELECT id, c FROM sbtest1 WHERE id BETWEEN 4401071 AND 4401171
	Index Scan using sbtest1_pkey on sbtest1  (cost=0.43..413.81 rows=104 width=125)
	  Index Cond: ((id >= 4401071) AND (id <= 4401171))

table 2 : explain SELECT id, c FROM sbtest2 WHERE id BETWEEN 4401071 AND 4401171
	Index Scan using sbtest2_pkey on sbtest2  (cost=0.43..349.93 rows=88 width=125)
	  Index Cond: ((id >= 4401071) AND (id <= 4401171))

table 3 : explain SELECT id, c FROM sbtest3 WHERE id BETWEEN 4401071 AND 4401171
	Index Scan using sbtest3_pkey on sbtest3  (cost=0.43..405.90 rows=102 width=125)
	  Index Cond: ((id >= 4401071) AND (id <= 4401171))

table 4 : explain SELECT id, c FROM sbtest4 WHERE id BETWEEN 4401071 AND 4401171
	Index Scan using sbtest4_pkey on sbtest4  (cost=0.43..424.25 rows=107 width=125)
	  Index Cond: ((id >= 4401071) AND (id <= 4401171))

table 5 : explain SELECT id, c FROM sbtest5 WHERE id BETWEEN 4401071 AND 4401171
	Index Scan using sbtest5_pkey on sbtest5  (cost=0.43..401.12 rows=101 width=125)
	  Index Cond: ((id >= 4401071) AND (id <= 4401171))

table 6 : explain SELECT id, c FROM sbtest6 WHERE id BETWEEN 4401071 AND 4401171
	Index Scan using sbtest6_pkey on sbtest6  (cost=0.43..410.42 rows=103 width=125)
	  Index Cond: ((id >= 4401071) AND (id <= 4401171))

table 7 : explain SELECT id, c FROM sbtest7 WHERE id BETWEEN 4401071 AND 4401171
	Index Scan using sbtest7_pkey on sbtest7  (cost=0.43..424.25 rows=107 width=125)
	  Index Cond: ((id >= 4401071) AND (id <= 4401171))

table 8 : explain SELECT id, c FROM sbtest8 WHERE id BETWEEN 4401071 AND 4401171
	Index Scan using sbtest8_pkey on sbtest8  (cost=0.43..407.55 rows=103 width=125)
	  Index Cond: ((id >= 4401071) AND (id <= 4401171))

explain: for range-notcovered :: explain SELECT id, c FROM sbtest%d WHERE id BETWEEN 4400079 AND 4400179
explain: for range-notcovered :: explain SELECT id, c FROM sbtest%d WHERE id BETWEEN 4401071 AND 4401171
for range-notcovered
table 1 : explain SELECT id, c FROM sbtest1 WHERE id BETWEEN 1991779 AND 1991879
	Index Scan using sbtest1_pkey on sbtest1  (cost=0.43..409.88 rows=103 width=125)
	  Index Cond: ((id >= 1991779) AND (id <= 1991879))

table 2 : explain SELECT id, c FROM sbtest2 WHERE id BETWEEN 1991779 AND 1991879
	Index Scan using sbtest2_pkey on sbtest2  (cost=0.43..361.70 rows=91 width=125)
	  Index Cond: ((id >= 1991779) AND (id <= 1991879))

table 3 : explain SELECT id, c FROM sbtest3 WHERE id BETWEEN 1991779 AND 1991879
	Index Scan using sbtest3_pkey on sbtest3  (cost=0.43..429.50 rows=108 width=125)
	  Index Cond: ((id >= 1991779) AND (id <= 1991879))

table 4 : explain SELECT id, c FROM sbtest4 WHERE id BETWEEN 1991779 AND 1991879
	Index Scan using sbtest4_pkey on sbtest4  (cost=0.43..404.64 rows=102 width=125)
	  Index Cond: ((id >= 1991779) AND (id <= 1991879))

table 5 : explain SELECT id, c FROM sbtest5 WHERE id BETWEEN 1991779 AND 1991879
	Index Scan using sbtest5_pkey on sbtest5  (cost=0.43..385.42 rows=97 width=125)
	  Index Cond: ((id >= 1991779) AND (id <= 1991879))

table 6 : explain SELECT id, c FROM sbtest6 WHERE id BETWEEN 1991779 AND 1991879
	Index Scan using sbtest6_pkey on sbtest6  (cost=0.43..441.94 rows=111 width=125)
	  Index Cond: ((id >= 1991779) AND (id <= 1991879))

table 7 : explain SELECT id, c FROM sbtest7 WHERE id BETWEEN 1991779 AND 1991879
	Index Scan using sbtest7_pkey on sbtest7  (cost=0.43..388.95 rows=98 width=125)
	  Index Cond: ((id >= 1991779) AND (id <= 1991879))

table 8 : explain SELECT id, c FROM sbtest8 WHERE id BETWEEN 1991779 AND 1991879
	Index Scan using sbtest8_pkey on sbtest8  (cost=0.43..395.81 rows=100 width=125)
	  Index Cond: ((id >= 1991779) AND (id <= 1991879))

explain: for range-notcovered :: explain SELECT id, c FROM sbtest%d WHERE id BETWEEN 1991779 AND 1991879
for range-notcovered
table 1 : explain SELECT id, c FROM sbtest1 WHERE id BETWEEN 4655669 AND 4655769
	Index Scan using sbtest1_pkey on sbtest1  (cost=0.43..413.81 rows=104 width=125)
	  Index Cond: ((id >= 4655669) AND (id <= 4655769))

table 2 : explain SELECT id, c FROM sbtest2 WHERE id BETWEEN 4655669 AND 4655769
	Index Scan using sbtest2_pkey on sbtest2  (cost=0.43..377.43 rows=95 width=125)
	  Index Cond: ((id >= 4655669) AND (id <= 4655769))

table 3 : explain SELECT id, c FROM sbtest3 WHERE id BETWEEN 4655669 AND 4655769
	Index Scan using sbtest3_pkey on sbtest3  (cost=0.43..398.03 rows=100 width=125)
	  Index Cond: ((id >= 4655669) AND (id <= 4655769))

table 4 : explain SELECT id, c FROM sbtest4 WHERE id BETWEEN 4655669 AND 4655769
	Index Scan using sbtest4_pkey on sbtest4  (cost=0.43..404.64 rows=102 width=125)
	  Index Cond: ((id >= 4655669) AND (id <= 4655769))

table 5 : explain SELECT id, c FROM sbtest5 WHERE id BETWEEN 4655669 AND 4655769
	Index Scan using sbtest5_pkey on sbtest5  (cost=0.43..377.57 rows=95 width=125)
	  Index Cond: ((id >= 4655669) AND (id <= 4655769))

table 6 : explain SELECT id, c FROM sbtest6 WHERE id BETWEEN 4655669 AND 4655769
	Index Scan using sbtest6_pkey on sbtest6  (cost=0.43..390.72 rows=98 width=125)
	  Index Cond: ((id >= 4655669) AND (id <= 4655769))

table 7 : explain SELECT id, c FROM sbtest7 WHERE id BETWEEN 4655669 AND 4655769
	Index Scan using sbtest7_pkey on sbtest7  (cost=0.43..388.95 rows=98 width=125)
	  Index Cond: ((id >= 4655669) AND (id <= 4655769))

table 8 : explain SELECT id, c FROM sbtest8 WHERE id BETWEEN 4655669 AND 4655769
	Index Scan using sbtest8_pkey on sbtest8  (cost=0.43..399.72 rows=101 width=125)
	  Index Cond: ((id >= 4655669) AND (id <= 4655769))

explain: for range-notcovered :: explain SELECT id, c FROM sbtest%d WHERE id BETWEEN 4655669 AND 4655769
for range-notcovered
table 1 : explain SELECT id, c FROM sbtest1 WHERE id BETWEEN 9372822 AND 9372922
	Index Scan using sbtest1_pkey on sbtest1  (cost=0.43..402.01 rows=101 width=125)
	  Index Cond: ((id >= 9372822) AND (id <= 9372922))

table 2 : explain SELECT id, c FROM sbtest2 WHERE id BETWEEN 9372822 AND 9372922
	Index Scan using sbtest2_pkey on sbtest2  (cost=0.43..400.97 rows=101 width=125)
	  Index Cond: ((id >= 9372822) AND (id <= 9372922))

table 3 : explain SELECT id, c FROM sbtest3 WHERE id BETWEEN 9372822 AND 9372922
	Index Scan using sbtest3_pkey on sbtest3  (cost=0.43..374.40 rows=94 width=125)
	  Index Cond: ((id >= 9372822) AND (id <= 9372922))

table 4 : explain SELECT id, c FROM sbtest4 WHERE id BETWEEN 9372822 AND 9372922
	Index Scan using sbtest4_pkey on sbtest4  (cost=0.43..381.11 rows=96 width=125)
	  Index Cond: ((id >= 9372822) AND (id <= 9372922))

table 5 : explain SELECT id, c FROM sbtest5 WHERE id BETWEEN 9372822 AND 9372922
	Index Scan using sbtest5_pkey on sbtest5  (cost=0.43..369.69 rows=93 width=125)
	  Index Cond: ((id >= 9372822) AND (id <= 9372922))

table 6 : explain SELECT id, c FROM sbtest6 WHERE id BETWEEN 9372822 AND 9372922
	Index Scan using sbtest6_pkey on sbtest6  (cost=0.43..374.93 rows=94 width=125)
	  Index Cond: ((id >= 9372822) AND (id <= 9372922))

table 7 : explain SELECT id, c FROM sbtest7 WHERE id BETWEEN 9372822 AND 9372922
	Index Scan using sbtest7_pkey on sbtest7  (cost=0.43..420.33 rows=106 width=125)
	  Index Cond: ((id >= 9372822) AND (id <= 9372922))

table 8 : explain SELECT id, c FROM sbtest8 WHERE id BETWEEN 9372822 AND 9372922
	Index Scan using sbtest8_pkey on sbtest8  (cost=0.43..364.49 rows=92 width=125)
	  Index Cond: ((id >= 9372822) AND (id <= 9372922))

for range-notcovered
table 1 : explain SELECT id, c FROM sbtest1 WHERE id BETWEEN 8565391 AND 8565491
	Index Scan using sbtest1_pkey on sbtest1  (cost=0.43..386.27 rows=97 width=125)
	  Index Cond: ((id >= 8565391) AND (id <= 8565491))

table 2 : explain SELECT id, c FROM sbtest2 WHERE id BETWEEN 8565391 AND 8565491
	Index Scan using sbtest2_pkey on sbtest2  (cost=0.43..408.82 rows=103 width=125)
	  Index Cond: ((id >= 8565391) AND (id <= 8565491))

table 3 : explain SELECT id, c FROM sbtest3 WHERE id BETWEEN 8565391 AND 8565491
	Index Scan using sbtest3_pkey on sbtest3  (cost=0.43..433.44 rows=109 width=125)
	  Index Cond: ((id >= 8565391) AND (id <= 8565491))

table 4 : explain SELECT id, c FROM sbtest4 WHERE id BETWEEN 8565391 AND 8565491
	Index Scan using sbtest4_pkey on sbtest4  (cost=0.43..381.11 rows=96 width=125)
	  Index Cond: ((id >= 8565391) AND (id <= 8565491))

table 5 : explain SELECT id, c FROM sbtest5 WHERE id BETWEEN 8565391 AND 8565491
	Index Scan using sbtest5_pkey on sbtest5  (cost=0.43..393.27 rows=99 width=125)
	  Index Cond: ((id >= 8565391) AND (id <= 8565491))

table 6 : explain SELECT id, c FROM sbtest6 WHERE id BETWEEN 8565391 AND 8565491
	Index Scan using sbtest6_pkey on sbtest6  (cost=0.43..367.05 rows=92 width=125)
	  Index Cond: ((id >= 8565391) AND (id <= 8565491))

table 7 : explain SELECT id, c FROM sbtest7 WHERE id BETWEEN 8565391 AND 8565491
	Index Scan using sbtest7_pkey on sbtest7  (cost=0.43..416.41 rows=105 width=125)
	  Index Cond: ((id >= 8565391) AND (id <= 8565491))

table 8 : explain SELECT id, c FROM sbtest8 WHERE id BETWEEN 8565391 AND 8565491
	Index Scan using sbtest8_pkey on sbtest8  (cost=0.43..395.81 rows=100 width=125)
	  Index Cond: ((id >= 8565391) AND (id <= 8565491))

for range-notcovered
table 1 : explain SELECT id, c FROM sbtest1 WHERE id BETWEEN 4886609 AND 4886709
	Index Scan using sbtest1_pkey on sbtest1  (cost=0.43..390.20 rows=98 width=125)
	  Index Cond: ((id >= 4886609) AND (id <= 4886709))

table 2 : explain SELECT id, c FROM sbtest2 WHERE id BETWEEN 4886609 AND 4886709
	Index Scan using sbtest2_pkey on sbtest2  (cost=0.43..412.75 rows=104 width=125)
	  Index Cond: ((id >= 4886609) AND (id <= 4886709))

table 3 : explain SELECT id, c FROM sbtest3 WHERE id BETWEEN 4886609 AND 4886709
	Index Scan using sbtest3_pkey on sbtest3  (cost=0.43..409.83 rows=103 width=125)
	  Index Cond: ((id >= 4886609) AND (id <= 4886709))

table 4 : explain SELECT id, c FROM sbtest4 WHERE id BETWEEN 4886609 AND 4886709
	Index Scan using sbtest4_pkey on sbtest4  (cost=0.43..404.64 rows=102 width=125)
	  Index Cond: ((id >= 4886609) AND (id <= 4886709))

table 5 : explain SELECT id, c FROM sbtest5 WHERE id BETWEEN 4886609 AND 4886709
	Index Scan using sbtest5_pkey on sbtest5  (cost=0.43..397.20 rows=100 width=125)
	  Index Cond: ((id >= 4886609) AND (id <= 4886709))

table 6 : explain SELECT id, c FROM sbtest6 WHERE id BETWEEN 4886609 AND 4886709
	Index Scan using sbtest6_pkey on sbtest6  (cost=0.43..359.17 rows=90 width=125)
	  Index Cond: ((id >= 4886609) AND (id <= 4886709))

table 7 : explain SELECT id, c FROM sbtest7 WHERE id BETWEEN 4886609 AND 4886709
	Index Scan using sbtest7_pkey on sbtest7  (cost=0.43..420.33 rows=106 width=125)
	  Index Cond: ((id >= 4886609) AND (id <= 4886709))

table 8 : explain SELECT id, c FROM sbtest8 WHERE id BETWEEN 4886609 AND 4886709
	Index Scan using sbtest8_pkey on sbtest8  (cost=0.43..411.46 rows=104 width=125)
	  Index Cond: ((id >= 4886609) AND (id <= 4886709))

for range-notcovered
table 1 : explain SELECT id, c FROM sbtest1 WHERE id BETWEEN 8185278 AND 8185378
	Index Scan using sbtest1_pkey on sbtest1  (cost=0.43..425.62 rows=107 width=125)
	  Index Cond: ((id >= 8185278) AND (id <= 8185378))

table 2 : explain SELECT id, c FROM sbtest2 WHERE id BETWEEN 8185278 AND 8185378
	Index Scan using sbtest2_pkey on sbtest2  (cost=0.43..381.35 rows=96 width=125)
	  Index Cond: ((id >= 8185278) AND (id <= 8185378))

table 3 : explain SELECT id, c FROM sbtest3 WHERE id BETWEEN 8185278 AND 8185378
	Index Scan using sbtest3_pkey on sbtest3  (cost=0.43..409.83 rows=103 width=125)
	  Index Cond: ((id >= 8185278) AND (id <= 8185378))

table 4 : explain SELECT id, c FROM sbtest4 WHERE id BETWEEN 8185278 AND 8185378
	Index Scan using sbtest4_pkey on sbtest4  (cost=0.43..408.56 rows=103 width=125)
	  Index Cond: ((id >= 8185278) AND (id <= 8185378))

table 5 : explain SELECT id, c FROM sbtest5 WHERE id BETWEEN 8185278 AND 8185378
	Index Scan using sbtest5_pkey on sbtest5  (cost=0.43..416.83 rows=105 width=125)
	  Index Cond: ((id >= 8185278) AND (id <= 8185378))

table 6 : explain SELECT id, c FROM sbtest6 WHERE id BETWEEN 8185278 AND 8185378
	Index Scan using sbtest6_pkey on sbtest6  (cost=0.43..410.42 rows=103 width=125)
	  Index Cond: ((id >= 8185278) AND (id <= 8185378))

table 7 : explain SELECT id, c FROM sbtest7 WHERE id BETWEEN 8185278 AND 8185378
	Index Scan using sbtest7_pkey on sbtest7  (cost=0.43..428.17 rows=108 width=125)
	  Index Cond: ((id >= 8185278) AND (id <= 8185378))

table 8 : explain SELECT id, c FROM sbtest8 WHERE id BETWEEN 8185278 AND 8185378
	Index Scan using sbtest8_pkey on sbtest8  (cost=0.43..372.31 rows=94 width=125)
	  Index Cond: ((id >= 8185278) AND (id <= 8185378))

explain: for range-notcovered :: explain SELECT id, c FROM sbtest%d WHERE id BETWEEN 8565391 AND 8565491
explain: for range-notcovered :: explain SELECT id, c FROM sbtest%d WHERE id BETWEEN 4886609 AND 4886709
for range-notcovered
table 1 : explain SELECT id, c FROM sbtest1 WHERE id BETWEEN 4118681 AND 4118781
	Index Scan using sbtest1_pkey on sbtest1  (cost=0.43..413.81 rows=104 width=125)
	  Index Cond: ((id >= 4118681) AND (id <= 4118781))

table 2 : explain SELECT id, c FROM sbtest2 WHERE id BETWEEN 4118681 AND 4118781
	Index Scan using sbtest2_pkey on sbtest2  (cost=0.43..373.48 rows=94 width=125)
	  Index Cond: ((id >= 4118681) AND (id <= 4118781))

table 3 : explain SELECT id, c FROM sbtest3 WHERE id BETWEEN 4118681 AND 4118781
	Index Scan using sbtest3_pkey on sbtest3  (cost=0.43..378.34 rows=95 width=125)
	  Index Cond: ((id >= 4118681) AND (id <= 4118781))

table 4 : explain SELECT id, c FROM sbtest4 WHERE id BETWEEN 4118681 AND 4118781
	Index Scan using sbtest4_pkey on sbtest4  (cost=0.43..385.03 rows=97 width=125)
	  Index Cond: ((id >= 4118681) AND (id <= 4118781))

table 5 : explain SELECT id, c FROM sbtest5 WHERE id BETWEEN 4118681 AND 4118781
	Index Scan using sbtest5_pkey on sbtest5  (cost=0.43..389.35 rows=98 width=125)
	  Index Cond: ((id >= 4118681) AND (id <= 4118781))

table 6 : explain SELECT id, c FROM sbtest6 WHERE id BETWEEN 4118681 AND 4118781
	Index Scan using sbtest6_pkey on sbtest6  (cost=0.43..370.99 rows=93 width=125)
	  Index Cond: ((id >= 4118681) AND (id <= 4118781))

table 7 : explain SELECT id, c FROM sbtest7 WHERE id BETWEEN 4118681 AND 4118781
	Index Scan using sbtest7_pkey on sbtest7  (cost=0.43..400.72 rows=101 width=125)
	  Index Cond: ((id >= 4118681) AND (id <= 4118781))

table 8 : explain SELECT id, c FROM sbtest8 WHERE id BETWEEN 4118681 AND 4118781
	Index Scan using sbtest8_pkey on sbtest8  (cost=0.43..407.55 rows=103 width=125)
	  Index Cond: ((id >= 4118681) AND (id <= 4118781))

for range-notcovered
table 1 : explain SELECT id, c FROM sbtest1 WHERE id BETWEEN 4400079 AND 4400179
	Index Scan using sbtest1_pkey on sbtest1  (cost=0.43..413.81 rows=104 width=125)
	  Index Cond: ((id >= 4400079) AND (id <= 4400179))

table 2 : explain SELECT id, c FROM sbtest2 WHERE id BETWEEN 4400079 AND 4400179
	Index Scan using sbtest2_pkey on sbtest2  (cost=0.43..349.93 rows=88 width=125)
	  Index Cond: ((id >= 4400079) AND (id <= 4400179))

table 3 : explain SELECT id, c FROM sbtest3 WHERE id BETWEEN 4400079 AND 4400179
	Index Scan using sbtest3_pkey on sbtest3  (cost=0.43..405.90 rows=102 width=125)
	  Index Cond: ((id >= 4400079) AND (id <= 4400179))

table 4 : explain SELECT id, c FROM sbtest4 WHERE id BETWEEN 4400079 AND 4400179
	Index Scan using sbtest4_pkey on sbtest4  (cost=0.43..424.25 rows=107 width=125)
	  Index Cond: ((id >= 4400079) AND (id <= 4400179))

table 5 : explain SELECT id, c FROM sbtest5 WHERE id BETWEEN 4400079 AND 4400179
	Index Scan using sbtest5_pkey on sbtest5  (cost=0.43..401.12 rows=101 width=125)
	  Index Cond: ((id >= 4400079) AND (id <= 4400179))

table 6 : explain SELECT id, c FROM sbtest6 WHERE id BETWEEN 4400079 AND 4400179
	Index Scan using sbtest6_pkey on sbtest6  (cost=0.43..410.42 rows=103 width=125)
	  Index Cond: ((id >= 4400079) AND (id <= 4400179))

table 7 : explain SELECT id, c FROM sbtest7 WHERE id BETWEEN 4400079 AND 4400179
	Index Scan using sbtest7_pkey on sbtest7  (cost=0.43..424.25 rows=107 width=125)
	  Index Cond: ((id >= 4400079) AND (id <= 4400179))

table 8 : explain SELECT id, c FROM sbtest8 WHERE id BETWEEN 4400079 AND 4400179
	Index Scan using sbtest8_pkey on sbtest8  (cost=0.43..407.55 rows=103 width=125)
	  Index Cond: ((id >= 4400079) AND (id <= 4400179))

for range-notcovered
table 1 : explain SELECT id, c FROM sbtest1 WHERE id BETWEEN 2541707 AND 2541807
	Index Scan using sbtest1_pkey on sbtest1  (cost=0.43..425.62 rows=107 width=125)
	  Index Cond: ((id >= 2541707) AND (id <= 2541807))

table 2 : explain SELECT id, c FROM sbtest2 WHERE id BETWEEN 2541707 AND 2541807
	Index Scan using sbtest2_pkey on sbtest2  (cost=0.43..408.82 rows=103 width=125)
	  Index Cond: ((id >= 2541707) AND (id <= 2541807))

table 3 : explain SELECT id, c FROM sbtest3 WHERE id BETWEEN 2541707 AND 2541807
	Index Scan using sbtest3_pkey on sbtest3  (cost=0.43..370.47 rows=93 width=125)
	  Index Cond: ((id >= 2541707) AND (id <= 2541807))

table 4 : explain SELECT id, c FROM sbtest4 WHERE id BETWEEN 2541707 AND 2541807
	Index Scan using sbtest4_pkey on sbtest4  (cost=0.43..432.09 rows=109 width=125)
	  Index Cond: ((id >= 2541707) AND (id <= 2541807))

table 5 : explain SELECT id, c FROM sbtest5 WHERE id BETWEEN 2541707 AND 2541807
	Index Scan using sbtest5_pkey on sbtest5  (cost=0.43..401.12 rows=101 width=125)
	  Index Cond: ((id >= 2541707) AND (id <= 2541807))

table 6 : explain SELECT id, c FROM sbtest6 WHERE id BETWEEN 2541707 AND 2541807
	Index Scan using sbtest6_pkey on sbtest6  (cost=0.43..422.24 rows=106 width=125)
	  Index Cond: ((id >= 2541707) AND (id <= 2541807))

table 7 : explain SELECT id, c FROM sbtest7 WHERE id BETWEEN 2541707 AND 2541807
	Index Scan using sbtest7_pkey on sbtest7  (cost=0.43..439.94 rows=111 width=125)
	  Index Cond: ((id >= 2541707) AND (id <= 2541807))

table 8 : explain SELECT id, c FROM sbtest8 WHERE id BETWEEN 2541707 AND 2541807
	Index Scan using sbtest8_pkey on sbtest8  (cost=0.43..415.37 rows=105 width=125)
	  Index Cond: ((id >= 2541707) AND (id <= 2541807))

explain: for range-notcovered :: explain SELECT id, c FROM sbtest%d WHERE id BETWEEN 8185278 AND 8185378
for range-notcovered
table 1 : explain SELECT id, c FROM sbtest1 WHERE id BETWEEN 5337222 AND 5337322
	Index Scan using sbtest1_pkey on sbtest1  (cost=0.43..413.81 rows=104 width=125)
	  Index Cond: ((id >= 5337222) AND (id <= 5337322))

table 2 : explain SELECT id, c FROM sbtest2 WHERE id BETWEEN 5337222 AND 5337322
	Index Scan using sbtest2_pkey on sbtest2  (cost=0.43..408.82 rows=103 width=125)
	  Index Cond: ((id >= 5337222) AND (id <= 5337322))

table 3 : explain SELECT id, c FROM sbtest3 WHERE id BETWEEN 5337222 AND 5337322
	Index Scan using sbtest3_pkey on sbtest3  (cost=0.43..413.77 rows=104 width=125)
	  Index Cond: ((id >= 5337222) AND (id <= 5337322))

table 4 : explain SELECT id, c FROM sbtest4 WHERE id BETWEEN 5337222 AND 5337322
	Index Scan using sbtest4_pkey on sbtest4  (cost=0.43..392.87 rows=99 width=125)
	  Index Cond: ((id >= 5337222) AND (id <= 5337322))

table 5 : explain SELECT id, c FROM sbtest5 WHERE id BETWEEN 5337222 AND 5337322
	Index Scan using sbtest5_pkey on sbtest5  (cost=0.43..412.90 rows=104 width=125)
	  Index Cond: ((id >= 5337222) AND (id <= 5337322))

table 6 : explain SELECT id, c FROM sbtest6 WHERE id BETWEEN 5337222 AND 5337322
	Index Scan using sbtest6_pkey on sbtest6  (cost=0.43..434.06 rows=109 width=125)
	  Index Cond: ((id >= 5337222) AND (id <= 5337322))

table 7 : explain SELECT id, c FROM sbtest7 WHERE id BETWEEN 5337222 AND 5337322
	Index Scan using sbtest7_pkey on sbtest7  (cost=0.43..357.55 rows=90 width=125)
	  Index Cond: ((id >= 5337222) AND (id <= 5337322))

table 8 : explain SELECT id, c FROM sbtest8 WHERE id BETWEEN 5337222 AND 5337322
	Index Scan using sbtest8_pkey on sbtest8  (cost=0.43..387.99 rows=98 width=125)
	  Index Cond: ((id >= 5337222) AND (id <= 5337322))

explain: for range-notcovered :: explain SELECT id, c FROM sbtest%d WHERE id BETWEEN 4400079 AND 4400179
for range-notcovered
table 1 : explain SELECT id, c FROM sbtest1 WHERE id BETWEEN 4401071 AND 4401171
	Index Scan using sbtest1_pkey on sbtest1  (cost=0.43..413.81 rows=104 width=125)
	  Index Cond: ((id >= 4401071) AND (id <= 4401171))

table 2 : explain SELECT id, c FROM sbtest2 WHERE id BETWEEN 4401071 AND 4401171
	Index Scan using sbtest2_pkey on sbtest2  (cost=0.43..349.93 rows=88 width=125)
	  Index Cond: ((id >= 4401071) AND (id <= 4401171))

table 3 : explain SELECT id, c FROM sbtest3 WHERE id BETWEEN 4401071 AND 4401171
	Index Scan using sbtest3_pkey on sbtest3  (cost=0.43..405.90 rows=102 width=125)
	  Index Cond: ((id >= 4401071) AND (id <= 4401171))

table 4 : explain SELECT id, c FROM sbtest4 WHERE id BETWEEN 4401071 AND 4401171
	Index Scan using sbtest4_pkey on sbtest4  (cost=0.43..424.25 rows=107 width=125)
	  Index Cond: ((id >= 4401071) AND (id <= 4401171))

table 5 : explain SELECT id, c FROM sbtest5 WHERE id BETWEEN 4401071 AND 4401171
	Index Scan using sbtest5_pkey on sbtest5  (cost=0.43..401.12 rows=101 width=125)
	  Index Cond: ((id >= 4401071) AND (id <= 4401171))

table 6 : explain SELECT id, c FROM sbtest6 WHERE id BETWEEN 4401071 AND 4401171
	Index Scan using sbtest6_pkey on sbtest6  (cost=0.43..410.42 rows=103 width=125)
	  Index Cond: ((id >= 4401071) AND (id <= 4401171))

table 7 : explain SELECT id, c FROM sbtest7 WHERE id BETWEEN 4401071 AND 4401171
	Index Scan using sbtest7_pkey on sbtest7  (cost=0.43..424.25 rows=107 width=125)
	  Index Cond: ((id >= 4401071) AND (id <= 4401171))

table 8 : explain SELECT id, c FROM sbtest8 WHERE id BETWEEN 4401071 AND 4401171
	Index Scan using sbtest8_pkey on sbtest8  (cost=0.43..407.55 rows=103 width=125)
	  Index Cond: ((id >= 4401071) AND (id <= 4401171))

explain: for range-notcovered :: explain SELECT id, c FROM sbtest%d WHERE id BETWEEN 4118681 AND 4118781
explain: for range-notcovered :: explain SELECT id, c FROM sbtest%d WHERE id BETWEEN 2541707 AND 2541807
explain: for range-notcovered :: explain SELECT id, c FROM sbtest%d WHERE id BETWEEN 4401071 AND 4401171
for range-notcovered
table 1 : explain SELECT id, c FROM sbtest1 WHERE id BETWEEN 1991779 AND 1991879
	Index Scan using sbtest1_pkey on sbtest1  (cost=0.43..409.88 rows=103 width=125)
	  Index Cond: ((id >= 1991779) AND (id <= 1991879))

table 2 : explain SELECT id, c FROM sbtest2 WHERE id BETWEEN 1991779 AND 1991879
	Index Scan using sbtest2_pkey on sbtest2  (cost=0.43..361.70 rows=91 width=125)
	  Index Cond: ((id >= 1991779) AND (id <= 1991879))

table 3 : explain SELECT id, c FROM sbtest3 WHERE id BETWEEN 1991779 AND 1991879
	Index Scan using sbtest3_pkey on sbtest3  (cost=0.43..429.50 rows=108 width=125)
	  Index Cond: ((id >= 1991779) AND (id <= 1991879))

table 4 : explain SELECT id, c FROM sbtest4 WHERE id BETWEEN 1991779 AND 1991879
	Index Scan using sbtest4_pkey on sbtest4  (cost=0.43..404.64 rows=102 width=125)
	  Index Cond: ((id >= 1991779) AND (id <= 1991879))

table 5 : explain SELECT id, c FROM sbtest5 WHERE id BETWEEN 1991779 AND 1991879
	Index Scan using sbtest5_pkey on sbtest5  (cost=0.43..385.42 rows=97 width=125)
	  Index Cond: ((id >= 1991779) AND (id <= 1991879))

table 6 : explain SELECT id, c FROM sbtest6 WHERE id BETWEEN 1991779 AND 1991879
	Index Scan using sbtest6_pkey on sbtest6  (cost=0.43..441.94 rows=111 width=125)
	  Index Cond: ((id >= 1991779) AND (id <= 1991879))

table 7 : explain SELECT id, c FROM sbtest7 WHERE id BETWEEN 1991779 AND 1991879
	Index Scan using sbtest7_pkey on sbtest7  (cost=0.43..388.95 rows=98 width=125)
	  Index Cond: ((id >= 1991779) AND (id <= 1991879))

table 8 : explain SELECT id, c FROM sbtest8 WHERE id BETWEEN 1991779 AND 1991879
	Index Scan using sbtest8_pkey on sbtest8  (cost=0.43..395.81 rows=100 width=125)
	  Index Cond: ((id >= 1991779) AND (id <= 1991879))

for range-notcovered
table 1 : explain SELECT id, c FROM sbtest1 WHERE id BETWEEN 4655669 AND 4655769
	Index Scan using sbtest1_pkey on sbtest1  (cost=0.43..413.81 rows=104 width=125)
	  Index Cond: ((id >= 4655669) AND (id <= 4655769))

table 2 : explain SELECT id, c FROM sbtest2 WHERE id BETWEEN 4655669 AND 4655769
	Index Scan using sbtest2_pkey on sbtest2  (cost=0.43..377.43 rows=95 width=125)
	  Index Cond: ((id >= 4655669) AND (id <= 4655769))

table 3 : explain SELECT id, c FROM sbtest3 WHERE id BETWEEN 4655669 AND 4655769
	Index Scan using sbtest3_pkey on sbtest3  (cost=0.43..398.03 rows=100 width=125)
	  Index Cond: ((id >= 4655669) AND (id <= 4655769))

table 4 : explain SELECT id, c FROM sbtest4 WHERE id BETWEEN 4655669 AND 4655769
	Index Scan using sbtest4_pkey on sbtest4  (cost=0.43..404.64 rows=102 width=125)
	  Index Cond: ((id >= 4655669) AND (id <= 4655769))

table 5 : explain SELECT id, c FROM sbtest5 WHERE id BETWEEN 4655669 AND 4655769
	Index Scan using sbtest5_pkey on sbtest5  (cost=0.43..377.57 rows=95 width=125)
	  Index Cond: ((id >= 4655669) AND (id <= 4655769))

table 6 : explain SELECT id, c FROM sbtest6 WHERE id BETWEEN 4655669 AND 4655769
	Index Scan using sbtest6_pkey on sbtest6  (cost=0.43..390.72 rows=98 width=125)
	  Index Cond: ((id >= 4655669) AND (id <= 4655769))

table 7 : explain SELECT id, c FROM sbtest7 WHERE id BETWEEN 4655669 AND 4655769
	Index Scan using sbtest7_pkey on sbtest7  (cost=0.43..388.95 rows=98 width=125)
	  Index Cond: ((id >= 4655669) AND (id <= 4655769))

table 8 : explain SELECT id, c FROM sbtest8 WHERE id BETWEEN 4655669 AND 4655769
	Index Scan using sbtest8_pkey on sbtest8  (cost=0.43..399.72 rows=101 width=125)
	  Index Cond: ((id >= 4655669) AND (id <= 4655769))

explain: for range-notcovered :: explain SELECT id, c FROM sbtest%d WHERE id BETWEEN 1991779 AND 1991879
explain: for range-notcovered :: explain SELECT id, c FROM sbtest%d WHERE id BETWEEN 4655669 AND 4655769
for range-notcovered
table 1 : explain SELECT id, c FROM sbtest1 WHERE id BETWEEN 8565391 AND 8565491
	Index Scan using sbtest1_pkey on sbtest1  (cost=0.43..386.27 rows=97 width=125)
	  Index Cond: ((id >= 8565391) AND (id <= 8565491))

table 2 : explain SELECT id, c FROM sbtest2 WHERE id BETWEEN 8565391 AND 8565491
	Index Scan using sbtest2_pkey on sbtest2  (cost=0.43..408.82 rows=103 width=125)
	  Index Cond: ((id >= 8565391) AND (id <= 8565491))

table 3 : explain SELECT id, c FROM sbtest3 WHERE id BETWEEN 8565391 AND 8565491
	Index Scan using sbtest3_pkey on sbtest3  (cost=0.43..433.44 rows=109 width=125)
	  Index Cond: ((id >= 8565391) AND (id <= 8565491))

table 4 : explain SELECT id, c FROM sbtest4 WHERE id BETWEEN 8565391 AND 8565491
	Index Scan using sbtest4_pkey on sbtest4  (cost=0.43..381.11 rows=96 width=125)
	  Index Cond: ((id >= 8565391) AND (id <= 8565491))

table 5 : explain SELECT id, c FROM sbtest5 WHERE id BETWEEN 8565391 AND 8565491
	Index Scan using sbtest5_pkey on sbtest5  (cost=0.43..393.27 rows=99 width=125)
	  Index Cond: ((id >= 8565391) AND (id <= 8565491))

table 6 : explain SELECT id, c FROM sbtest6 WHERE id BETWEEN 8565391 AND 8565491
	Index Scan using sbtest6_pkey on sbtest6  (cost=0.43..367.05 rows=92 width=125)
	  Index Cond: ((id >= 8565391) AND (id <= 8565491))

table 7 : explain SELECT id, c FROM sbtest7 WHERE id BETWEEN 8565391 AND 8565491
	Index Scan using sbtest7_pkey on sbtest7  (cost=0.43..416.41 rows=105 width=125)
	  Index Cond: ((id >= 8565391) AND (id <= 8565491))

table 8 : explain SELECT id, c FROM sbtest8 WHERE id BETWEEN 8565391 AND 8565491
	Index Scan using sbtest8_pkey on sbtest8  (cost=0.43..395.81 rows=100 width=125)
	  Index Cond: ((id >= 8565391) AND (id <= 8565491))

for range-notcovered
table 1 : explain SELECT id, c FROM sbtest1 WHERE id BETWEEN 4886609 AND 4886709
	Index Scan using sbtest1_pkey on sbtest1  (cost=0.43..390.20 rows=98 width=125)
	  Index Cond: ((id >= 4886609) AND (id <= 4886709))

table 2 : explain SELECT id, c FROM sbtest2 WHERE id BETWEEN 4886609 AND 4886709
	Index Scan using sbtest2_pkey on sbtest2  (cost=0.43..412.75 rows=104 width=125)
	  Index Cond: ((id >= 4886609) AND (id <= 4886709))

table 3 : explain SELECT id, c FROM sbtest3 WHERE id BETWEEN 4886609 AND 4886709
	Index Scan using sbtest3_pkey on sbtest3  (cost=0.43..409.83 rows=103 width=125)
	  Index Cond: ((id >= 4886609) AND (id <= 4886709))

table 4 : explain SELECT id, c FROM sbtest4 WHERE id BETWEEN 4886609 AND 4886709
	Index Scan using sbtest4_pkey on sbtest4  (cost=0.43..404.64 rows=102 width=125)
	  Index Cond: ((id >= 4886609) AND (id <= 4886709))

table 5 : explain SELECT id, c FROM sbtest5 WHERE id BETWEEN 4886609 AND 4886709
	Index Scan using sbtest5_pkey on sbtest5  (cost=0.43..397.20 rows=100 width=125)
	  Index Cond: ((id >= 4886609) AND (id <= 4886709))

table 6 : explain SELECT id, c FROM sbtest6 WHERE id BETWEEN 4886609 AND 4886709
	Index Scan using sbtest6_pkey on sbtest6  (cost=0.43..359.17 rows=90 width=125)
	  Index Cond: ((id >= 4886609) AND (id <= 4886709))

table 7 : explain SELECT id, c FROM sbtest7 WHERE id BETWEEN 4886609 AND 4886709
	Index Scan using sbtest7_pkey on sbtest7  (cost=0.43..420.33 rows=106 width=125)
	  Index Cond: ((id >= 4886609) AND (id <= 4886709))

table 8 : explain SELECT id, c FROM sbtest8 WHERE id BETWEEN 4886609 AND 4886709
	Index Scan using sbtest8_pkey on sbtest8  (cost=0.43..411.46 rows=104 width=125)
	  Index Cond: ((id >= 4886609) AND (id <= 4886709))

explain: for range-notcovered :: explain SELECT id, c FROM sbtest%d WHERE id BETWEEN 8565391 AND 8565491
for range-notcovered
table 1 : explain SELECT id, c FROM sbtest1 WHERE id BETWEEN 4400079 AND 4400179
	Index Scan using sbtest1_pkey on sbtest1  (cost=0.43..413.81 rows=104 width=125)
	  Index Cond: ((id >= 4400079) AND (id <= 4400179))

table 2 : explain SELECT id, c FROM sbtest2 WHERE id BETWEEN 4400079 AND 4400179
	Index Scan using sbtest2_pkey on sbtest2  (cost=0.43..349.93 rows=88 width=125)
	  Index Cond: ((id >= 4400079) AND (id <= 4400179))

table 3 : explain SELECT id, c FROM sbtest3 WHERE id BETWEEN 4400079 AND 4400179
	Index Scan using sbtest3_pkey on sbtest3  (cost=0.43..405.90 rows=102 width=125)
	  Index Cond: ((id >= 4400079) AND (id <= 4400179))

table 4 : explain SELECT id, c FROM sbtest4 WHERE id BETWEEN 4400079 AND 4400179
	Index Scan using sbtest4_pkey on sbtest4  (cost=0.43..424.25 rows=107 width=125)
	  Index Cond: ((id >= 4400079) AND (id <= 4400179))

table 5 : explain SELECT id, c FROM sbtest5 WHERE id BETWEEN 4400079 AND 4400179
	Index Scan using sbtest5_pkey on sbtest5  (cost=0.43..401.12 rows=101 width=125)
	  Index Cond: ((id >= 4400079) AND (id <= 4400179))

table 6 : explain SELECT id, c FROM sbtest6 WHERE id BETWEEN 4400079 AND 4400179
	Index Scan using sbtest6_pkey on sbtest6  (cost=0.43..410.42 rows=103 width=125)
	  Index Cond: ((id >= 4400079) AND (id <= 4400179))

table 7 : explain SELECT id, c FROM sbtest7 WHERE id BETWEEN 4400079 AND 4400179
	Index Scan using sbtest7_pkey on sbtest7  (cost=0.43..424.25 rows=107 width=125)
	  Index Cond: ((id >= 4400079) AND (id <= 4400179))

table 8 : explain SELECT id, c FROM sbtest8 WHERE id BETWEEN 4400079 AND 4400179
	Index Scan using sbtest8_pkey on sbtest8  (cost=0.43..407.55 rows=103 width=125)
	  Index Cond: ((id >= 4400079) AND (id <= 4400179))

explain: for range-notcovered :: explain SELECT id, c FROM sbtest%d WHERE id BETWEEN 4886609 AND 4886709
explain: for range-notcovered :: explain SELECT id, c FROM sbtest%d WHERE id BETWEEN 4400079 AND 4400179
for range-notcovered
table 1 : explain SELECT id, c FROM sbtest1 WHERE id BETWEEN 2541707 AND 2541807
	Index Scan using sbtest1_pkey on sbtest1  (cost=0.43..425.62 rows=107 width=125)
	  Index Cond: ((id >= 2541707) AND (id <= 2541807))

table 2 : explain SELECT id, c FROM sbtest2 WHERE id BETWEEN 2541707 AND 2541807
	Index Scan using sbtest2_pkey on sbtest2  (cost=0.43..408.82 rows=103 width=125)
	  Index Cond: ((id >= 2541707) AND (id <= 2541807))

table 3 : explain SELECT id, c FROM sbtest3 WHERE id BETWEEN 2541707 AND 2541807
	Index Scan using sbtest3_pkey on sbtest3  (cost=0.43..370.47 rows=93 width=125)
	  Index Cond: ((id >= 2541707) AND (id <= 2541807))

table 4 : explain SELECT id, c FROM sbtest4 WHERE id BETWEEN 2541707 AND 2541807
	Index Scan using sbtest4_pkey on sbtest4  (cost=0.43..432.09 rows=109 width=125)
	  Index Cond: ((id >= 2541707) AND (id <= 2541807))

table 5 : explain SELECT id, c FROM sbtest5 WHERE id BETWEEN 2541707 AND 2541807
	Index Scan using sbtest5_pkey on sbtest5  (cost=0.43..401.12 rows=101 width=125)
	  Index Cond: ((id >= 2541707) AND (id <= 2541807))

table 6 : explain SELECT id, c FROM sbtest6 WHERE id BETWEEN 2541707 AND 2541807
	Index Scan using sbtest6_pkey on sbtest6  (cost=0.43..422.24 rows=106 width=125)
	  Index Cond: ((id >= 2541707) AND (id <= 2541807))

table 7 : explain SELECT id, c FROM sbtest7 WHERE id BETWEEN 2541707 AND 2541807
	Index Scan using sbtest7_pkey on sbtest7  (cost=0.43..439.94 rows=111 width=125)
	  Index Cond: ((id >= 2541707) AND (id <= 2541807))

table 8 : explain SELECT id, c FROM sbtest8 WHERE id BETWEEN 2541707 AND 2541807
	Index Scan using sbtest8_pkey on sbtest8  (cost=0.43..415.37 rows=105 width=125)
	  Index Cond: ((id >= 2541707) AND (id <= 2541807))

for range-notcovered
table 1 : explain SELECT id, c FROM sbtest1 WHERE id BETWEEN 4401071 AND 4401171
	Index Scan using sbtest1_pkey on sbtest1  (cost=0.43..413.81 rows=104 width=125)
	  Index Cond: ((id >= 4401071) AND (id <= 4401171))

table 2 : explain SELECT id, c FROM sbtest2 WHERE id BETWEEN 4401071 AND 4401171
	Index Scan using sbtest2_pkey on sbtest2  (cost=0.43..349.93 rows=88 width=125)
	  Index Cond: ((id >= 4401071) AND (id <= 4401171))

table 3 : explain SELECT id, c FROM sbtest3 WHERE id BETWEEN 4401071 AND 4401171
	Index Scan using sbtest3_pkey on sbtest3  (cost=0.43..405.90 rows=102 width=125)
	  Index Cond: ((id >= 4401071) AND (id <= 4401171))

table 4 : explain SELECT id, c FROM sbtest4 WHERE id BETWEEN 4401071 AND 4401171
	Index Scan using sbtest4_pkey on sbtest4  (cost=0.43..424.25 rows=107 width=125)
	  Index Cond: ((id >= 4401071) AND (id <= 4401171))

table 5 : explain SELECT id, c FROM sbtest5 WHERE id BETWEEN 4401071 AND 4401171
	Index Scan using sbtest5_pkey on sbtest5  (cost=0.43..401.12 rows=101 width=125)
	  Index Cond: ((id >= 4401071) AND (id <= 4401171))

table 6 : explain SELECT id, c FROM sbtest6 WHERE id BETWEEN 4401071 AND 4401171
	Index Scan using sbtest6_pkey on sbtest6  (cost=0.43..410.42 rows=103 width=125)
	  Index Cond: ((id >= 4401071) AND (id <= 4401171))

table 7 : explain SELECT id, c FROM sbtest7 WHERE id BETWEEN 4401071 AND 4401171
	Index Scan using sbtest7_pkey on sbtest7  (cost=0.43..424.25 rows=107 width=125)
	  Index Cond: ((id >= 4401071) AND (id <= 4401171))

table 8 : explain SELECT id, c FROM sbtest8 WHERE id BETWEEN 4401071 AND 4401171
	Index Scan using sbtest8_pkey on sbtest8  (cost=0.43..407.55 rows=103 width=125)
	  Index Cond: ((id >= 4401071) AND (id <= 4401171))

explain: for range-notcovered :: explain SELECT id, c FROM sbtest%d WHERE id BETWEEN 2288923 AND 2289023
explain: for range-notcovered :: explain SELECT id, c FROM sbtest%d WHERE id BETWEEN 2541707 AND 2541807
for range-notcovered
table 1 : explain SELECT id, c FROM sbtest1 WHERE id BETWEEN 8185278 AND 8185378
	Index Scan using sbtest1_pkey on sbtest1  (cost=0.43..425.62 rows=107 width=125)
	  Index Cond: ((id >= 8185278) AND (id <= 8185378))

table 2 : explain SELECT id, c FROM sbtest2 WHERE id BETWEEN 8185278 AND 8185378
	Index Scan using sbtest2_pkey on sbtest2  (cost=0.43..381.35 rows=96 width=125)
	  Index Cond: ((id >= 8185278) AND (id <= 8185378))

table 3 : explain SELECT id, c FROM sbtest3 WHERE id BETWEEN 8185278 AND 8185378
	Index Scan using sbtest3_pkey on sbtest3  (cost=0.43..409.83 rows=103 width=125)
	  Index Cond: ((id >= 8185278) AND (id <= 8185378))

table 4 : explain SELECT id, c FROM sbtest4 WHERE id BETWEEN 8185278 AND 8185378
	Index Scan using sbtest4_pkey on sbtest4  (cost=0.43..408.56 rows=103 width=125)
	  Index Cond: ((id >= 8185278) AND (id <= 8185378))

table 5 : explain SELECT id, c FROM sbtest5 WHERE id BETWEEN 8185278 AND 8185378
	Index Scan using sbtest5_pkey on sbtest5  (cost=0.43..416.83 rows=105 width=125)
	  Index Cond: ((id >= 8185278) AND (id <= 8185378))

table 6 : explain SELECT id, c FROM sbtest6 WHERE id BETWEEN 8185278 AND 8185378
	Index Scan using sbtest6_pkey on sbtest6  (cost=0.43..410.42 rows=103 width=125)
	  Index Cond: ((id >= 8185278) AND (id <= 8185378))

table 7 : explain SELECT id, c FROM sbtest7 WHERE id BETWEEN 8185278 AND 8185378
	Index Scan using sbtest7_pkey on sbtest7  (cost=0.43..428.17 rows=108 width=125)
	  Index Cond: ((id >= 8185278) AND (id <= 8185378))

table 8 : explain SELECT id, c FROM sbtest8 WHERE id BETWEEN 8185278 AND 8185378
	Index Scan using sbtest8_pkey on sbtest8  (cost=0.43..372.31 rows=94 width=125)
	  Index Cond: ((id >= 8185278) AND (id <= 8185378))

explain: for range-notcovered :: explain SELECT id, c FROM sbtest%d WHERE id BETWEEN 4401071 AND 4401171
for range-notcovered
table 1 : explain SELECT id, c FROM sbtest1 WHERE id BETWEEN 4118681 AND 4118781
	Index Scan using sbtest1_pkey on sbtest1  (cost=0.43..413.81 rows=104 width=125)
	  Index Cond: ((id >= 4118681) AND (id <= 4118781))

table 2 : explain SELECT id, c FROM sbtest2 WHERE id BETWEEN 4118681 AND 4118781
	Index Scan using sbtest2_pkey on sbtest2  (cost=0.43..373.48 rows=94 width=125)
	  Index Cond: ((id >= 4118681) AND (id <= 4118781))

table 3 : explain SELECT id, c FROM sbtest3 WHERE id BETWEEN 4118681 AND 4118781
	Index Scan using sbtest3_pkey on sbtest3  (cost=0.43..378.34 rows=95 width=125)
	  Index Cond: ((id >= 4118681) AND (id <= 4118781))

table 4 : explain SELECT id, c FROM sbtest4 WHERE id BETWEEN 4118681 AND 4118781
	Index Scan using sbtest4_pkey on sbtest4  (cost=0.43..385.03 rows=97 width=125)
	  Index Cond: ((id >= 4118681) AND (id <= 4118781))

table 5 : explain SELECT id, c FROM sbtest5 WHERE id BETWEEN 4118681 AND 4118781
	Index Scan using sbtest5_pkey on sbtest5  (cost=0.43..389.35 rows=98 width=125)
	  Index Cond: ((id >= 4118681) AND (id <= 4118781))

table 6 : explain SELECT id, c FROM sbtest6 WHERE id BETWEEN 4118681 AND 4118781
	Index Scan using sbtest6_pkey on sbtest6  (cost=0.43..370.99 rows=93 width=125)
	  Index Cond: ((id >= 4118681) AND (id <= 4118781))

table 7 : explain SELECT id, c FROM sbtest7 WHERE id BETWEEN 4118681 AND 4118781
	Index Scan using sbtest7_pkey on sbtest7  (cost=0.43..400.72 rows=101 width=125)
	  Index Cond: ((id >= 4118681) AND (id <= 4118781))

table 8 : explain SELECT id, c FROM sbtest8 WHERE id BETWEEN 4118681 AND 4118781
	Index Scan using sbtest8_pkey on sbtest8  (cost=0.43..407.55 rows=103 width=125)
	  Index Cond: ((id >= 4118681) AND (id <= 4118781))

explain: for range-notcovered :: explain SELECT id, c FROM sbtest%d WHERE id BETWEEN 8185278 AND 8185378
explain: for range-notcovered :: explain SELECT id, c FROM sbtest%d WHERE id BETWEEN 4118681 AND 4118781
explain: for range-notcovered :: explain SELECT id, c FROM sbtest%d WHERE id BETWEEN 2376186 AND 2376286
for range-notcovered
table 1 : explain SELECT id, c FROM sbtest1 WHERE id BETWEEN 2541707 AND 2541807
	Index Scan using sbtest1_pkey on sbtest1  (cost=0.43..425.62 rows=107 width=125)
	  Index Cond: ((id >= 2541707) AND (id <= 2541807))

table 2 : explain SELECT id, c FROM sbtest2 WHERE id BETWEEN 2541707 AND 2541807
	Index Scan using sbtest2_pkey on sbtest2  (cost=0.43..408.82 rows=103 width=125)
	  Index Cond: ((id >= 2541707) AND (id <= 2541807))

table 3 : explain SELECT id, c FROM sbtest3 WHERE id BETWEEN 2541707 AND 2541807
	Index Scan using sbtest3_pkey on sbtest3  (cost=0.43..370.47 rows=93 width=125)
	  Index Cond: ((id >= 2541707) AND (id <= 2541807))

table 4 : explain SELECT id, c FROM sbtest4 WHERE id BETWEEN 2541707 AND 2541807
	Index Scan using sbtest4_pkey on sbtest4  (cost=0.43..432.09 rows=109 width=125)
	  Index Cond: ((id >= 2541707) AND (id <= 2541807))

table 5 : explain SELECT id, c FROM sbtest5 WHERE id BETWEEN 2541707 AND 2541807
	Index Scan using sbtest5_pkey on sbtest5  (cost=0.43..401.12 rows=101 width=125)
	  Index Cond: ((id >= 2541707) AND (id <= 2541807))

table 6 : explain SELECT id, c FROM sbtest6 WHERE id BETWEEN 2541707 AND 2541807
	Index Scan using sbtest6_pkey on sbtest6  (cost=0.43..422.24 rows=106 width=125)
	  Index Cond: ((id >= 2541707) AND (id <= 2541807))

table 7 : explain SELECT id, c FROM sbtest7 WHERE id BETWEEN 2541707 AND 2541807
	Index Scan using sbtest7_pkey on sbtest7  (cost=0.43..439.94 rows=111 width=125)
	  Index Cond: ((id >= 2541707) AND (id <= 2541807))

table 8 : explain SELECT id, c FROM sbtest8 WHERE id BETWEEN 2541707 AND 2541807
	Index Scan using sbtest8_pkey on sbtest8  (cost=0.43..415.37 rows=105 width=125)
	  Index Cond: ((id >= 2541707) AND (id <= 2541807))

for range-notcovered
table 1 : explain SELECT id, c FROM sbtest1 WHERE id BETWEEN 4401071 AND 4401171
	Index Scan using sbtest1_pkey on sbtest1  (cost=0.43..413.81 rows=104 width=125)
	  Index Cond: ((id >= 4401071) AND (id <= 4401171))

table 2 : explain SELECT id, c FROM sbtest2 WHERE id BETWEEN 4401071 AND 4401171
	Index Scan using sbtest2_pkey on sbtest2  (cost=0.43..349.93 rows=88 width=125)
	  Index Cond: ((id >= 4401071) AND (id <= 4401171))

table 3 : explain SELECT id, c FROM sbtest3 WHERE id BETWEEN 4401071 AND 4401171
	Index Scan using sbtest3_pkey on sbtest3  (cost=0.43..405.90 rows=102 width=125)
	  Index Cond: ((id >= 4401071) AND (id <= 4401171))

table 4 : explain SELECT id, c FROM sbtest4 WHERE id BETWEEN 4401071 AND 4401171
	Index Scan using sbtest4_pkey on sbtest4  (cost=0.43..424.25 rows=107 width=125)
	  Index Cond: ((id >= 4401071) AND (id <= 4401171))

table 5 : explain SELECT id, c FROM sbtest5 WHERE id BETWEEN 4401071 AND 4401171
	Index Scan using sbtest5_pkey on sbtest5  (cost=0.43..401.12 rows=101 width=125)
	  Index Cond: ((id >= 4401071) AND (id <= 4401171))

table 6 : explain SELECT id, c FROM sbtest6 WHERE id BETWEEN 4401071 AND 4401171
	Index Scan using sbtest6_pkey on sbtest6  (cost=0.43..410.42 rows=103 width=125)
	  Index Cond: ((id >= 4401071) AND (id <= 4401171))

table 7 : explain SELECT id, c FROM sbtest7 WHERE id BETWEEN 4401071 AND 4401171
	Index Scan using sbtest7_pkey on sbtest7  (cost=0.43..424.25 rows=107 width=125)
	  Index Cond: ((id >= 4401071) AND (id <= 4401171))

table 8 : explain SELECT id, c FROM sbtest8 WHERE id BETWEEN 4401071 AND 4401171
	Index Scan using sbtest8_pkey on sbtest8  (cost=0.43..407.55 rows=103 width=125)
	  Index Cond: ((id >= 4401071) AND (id <= 4401171))

for range-notcovered
table 1 : explain SELECT id, c FROM sbtest1 WHERE id BETWEEN 8565391 AND 8565491
	Index Scan using sbtest1_pkey on sbtest1  (cost=0.43..386.27 rows=97 width=125)
	  Index Cond: ((id >= 8565391) AND (id <= 8565491))

table 2 : explain SELECT id, c FROM sbtest2 WHERE id BETWEEN 8565391 AND 8565491
	Index Scan using sbtest2_pkey on sbtest2  (cost=0.43..408.82 rows=103 width=125)
	  Index Cond: ((id >= 8565391) AND (id <= 8565491))

table 3 : explain SELECT id, c FROM sbtest3 WHERE id BETWEEN 8565391 AND 8565491
	Index Scan using sbtest3_pkey on sbtest3  (cost=0.43..433.44 rows=109 width=125)
	  Index Cond: ((id >= 8565391) AND (id <= 8565491))

table 4 : explain SELECT id, c FROM sbtest4 WHERE id BETWEEN 8565391 AND 8565491
	Index Scan using sbtest4_pkey on sbtest4  (cost=0.43..381.11 rows=96 width=125)
	  Index Cond: ((id >= 8565391) AND (id <= 8565491))

table 5 : explain SELECT id, c FROM sbtest5 WHERE id BETWEEN 8565391 AND 8565491
	Index Scan using sbtest5_pkey on sbtest5  (cost=0.43..393.27 rows=99 width=125)
	  Index Cond: ((id >= 8565391) AND (id <= 8565491))

table 6 : explain SELECT id, c FROM sbtest6 WHERE id BETWEEN 8565391 AND 8565491
	Index Scan using sbtest6_pkey on sbtest6  (cost=0.43..367.05 rows=92 width=125)
	  Index Cond: ((id >= 8565391) AND (id <= 8565491))

table 7 : explain SELECT id, c FROM sbtest7 WHERE id BETWEEN 8565391 AND 8565491
	Index Scan using sbtest7_pkey on sbtest7  (cost=0.43..416.41 rows=105 width=125)
	  Index Cond: ((id >= 8565391) AND (id <= 8565491))

table 8 : explain SELECT id, c FROM sbtest8 WHERE id BETWEEN 8565391 AND 8565491
	Index Scan using sbtest8_pkey on sbtest8  (cost=0.43..395.81 rows=100 width=125)
	  Index Cond: ((id >= 8565391) AND (id <= 8565491))

explain: for range-notcovered :: explain SELECT id, c FROM sbtest%d WHERE id BETWEEN 2541707 AND 2541807
explain: for range-notcovered :: explain SELECT id, c FROM sbtest%d WHERE id BETWEEN 4401071 AND 4401171
for range-notcovered
table 1 : explain SELECT id, c FROM sbtest1 WHERE id BETWEEN 1991779 AND 1991879
	Index Scan using sbtest1_pkey on sbtest1  (cost=0.43..409.88 rows=103 width=125)
	  Index Cond: ((id >= 1991779) AND (id <= 1991879))

table 2 : explain SELECT id, c FROM sbtest2 WHERE id BETWEEN 1991779 AND 1991879
	Index Scan using sbtest2_pkey on sbtest2  (cost=0.43..361.70 rows=91 width=125)
	  Index Cond: ((id >= 1991779) AND (id <= 1991879))

table 3 : explain SELECT id, c FROM sbtest3 WHERE id BETWEEN 1991779 AND 1991879
	Index Scan using sbtest3_pkey on sbtest3  (cost=0.43..429.50 rows=108 width=125)
	  Index Cond: ((id >= 1991779) AND (id <= 1991879))

table 4 : explain SELECT id, c FROM sbtest4 WHERE id BETWEEN 1991779 AND 1991879
	Index Scan using sbtest4_pkey on sbtest4  (cost=0.43..404.64 rows=102 width=125)
	  Index Cond: ((id >= 1991779) AND (id <= 1991879))

table 5 : explain SELECT id, c FROM sbtest5 WHERE id BETWEEN 1991779 AND 1991879
	Index Scan using sbtest5_pkey on sbtest5  (cost=0.43..385.42 rows=97 width=125)
	  Index Cond: ((id >= 1991779) AND (id <= 1991879))

table 6 : explain SELECT id, c FROM sbtest6 WHERE id BETWEEN 1991779 AND 1991879
	Index Scan using sbtest6_pkey on sbtest6  (cost=0.43..441.94 rows=111 width=125)
	  Index Cond: ((id >= 1991779) AND (id <= 1991879))

table 7 : explain SELECT id, c FROM sbtest7 WHERE id BETWEEN 1991779 AND 1991879
	Index Scan using sbtest7_pkey on sbtest7  (cost=0.43..388.95 rows=98 width=125)
	  Index Cond: ((id >= 1991779) AND (id <= 1991879))

table 8 : explain SELECT id, c FROM sbtest8 WHERE id BETWEEN 1991779 AND 1991879
	Index Scan using sbtest8_pkey on sbtest8  (cost=0.43..395.81 rows=100 width=125)
	  Index Cond: ((id >= 1991779) AND (id <= 1991879))

explain: for range-notcovered :: explain SELECT id, c FROM sbtest%d WHERE id BETWEEN 8565391 AND 8565491
for range-notcovered
table 1 : explain SELECT id, c FROM sbtest1 WHERE id BETWEEN 2376186 AND 2376286
	Index Scan using sbtest1_pkey on sbtest1  (cost=0.43..449.23 rows=113 width=125)
	  Index Cond: ((id >= 2376186) AND (id <= 2376286))

table 2 : explain SELECT id, c FROM sbtest2 WHERE id BETWEEN 2376186 AND 2376286
	Index Scan using sbtest2_pkey on sbtest2  (cost=0.43..424.52 rows=107 width=125)
	  Index Cond: ((id >= 2376186) AND (id <= 2376286))

table 3 : explain SELECT id, c FROM sbtest3 WHERE id BETWEEN 2376186 AND 2376286
	Index Scan using sbtest3_pkey on sbtest3  (cost=0.43..378.34 rows=95 width=125)
	  Index Cond: ((id >= 2376186) AND (id <= 2376286))

table 4 : explain SELECT id, c FROM sbtest4 WHERE id BETWEEN 2376186 AND 2376286
	Index Scan using sbtest4_pkey on sbtest4  (cost=0.43..349.71 rows=88 width=125)
	  Index Cond: ((id >= 2376186) AND (id <= 2376286))

table 5 : explain SELECT id, c FROM sbtest5 WHERE id BETWEEN 2376186 AND 2376286
	Index Scan using sbtest5_pkey on sbtest5  (cost=0.43..385.42 rows=97 width=125)
	  Index Cond: ((id >= 2376186) AND (id <= 2376286))

table 6 : explain SELECT id, c FROM sbtest6 WHERE id BETWEEN 2376186 AND 2376286
	Index Scan using sbtest6_pkey on sbtest6  (cost=0.43..359.17 rows=90 width=125)
	  Index Cond: ((id >= 2376186) AND (id <= 2376286))

table 7 : explain SELECT id, c FROM sbtest7 WHERE id BETWEEN 2376186 AND 2376286
	Index Scan using sbtest7_pkey on sbtest7  (cost=0.43..341.86 rows=86 width=125)
	  Index Cond: ((id >= 2376186) AND (id <= 2376286))

table 8 : explain SELECT id, c FROM sbtest8 WHERE id BETWEEN 2376186 AND 2376286
	Index Scan using sbtest8_pkey on sbtest8  (cost=0.43..411.46 rows=104 width=125)
	  Index Cond: ((id >= 2376186) AND (id <= 2376286))

explain: for range-notcovered :: explain SELECT id, c FROM sbtest%d WHERE id BETWEEN 2376186 AND 2376286
for range-notcovered
table 1 : explain SELECT id, c FROM sbtest1 WHERE id BETWEEN 2541707 AND 2541807
	Index Scan using sbtest1_pkey on sbtest1  (cost=0.43..425.62 rows=107 width=125)
	  Index Cond: ((id >= 2541707) AND (id <= 2541807))

table 2 : explain SELECT id, c FROM sbtest2 WHERE id BETWEEN 2541707 AND 2541807
	Index Scan using sbtest2_pkey on sbtest2  (cost=0.43..408.82 rows=103 width=125)
	  Index Cond: ((id >= 2541707) AND (id <= 2541807))

table 3 : explain SELECT id, c FROM sbtest3 WHERE id BETWEEN 2541707 AND 2541807
	Index Scan using sbtest3_pkey on sbtest3  (cost=0.43..370.47 rows=93 width=125)
	  Index Cond: ((id >= 2541707) AND (id <= 2541807))

table 4 : explain SELECT id, c FROM sbtest4 WHERE id BETWEEN 2541707 AND 2541807
	Index Scan using sbtest4_pkey on sbtest4  (cost=0.43..432.09 rows=109 width=125)
	  Index Cond: ((id >= 2541707) AND (id <= 2541807))

table 5 : explain SELECT id, c FROM sbtest5 WHERE id BETWEEN 2541707 AND 2541807
	Index Scan using sbtest5_pkey on sbtest5  (cost=0.43..401.12 rows=101 width=125)
	  Index Cond: ((id >= 2541707) AND (id <= 2541807))

table 6 : explain SELECT id, c FROM sbtest6 WHERE id BETWEEN 2541707 AND 2541807
	Index Scan using sbtest6_pkey on sbtest6  (cost=0.43..422.24 rows=106 width=125)
	  Index Cond: ((id >= 2541707) AND (id <= 2541807))

table 7 : explain SELECT id, c FROM sbtest7 WHERE id BETWEEN 2541707 AND 2541807
	Index Scan using sbtest7_pkey on sbtest7  (cost=0.43..439.94 rows=111 width=125)
	  Index Cond: ((id >= 2541707) AND (id <= 2541807))

table 8 : explain SELECT id, c FROM sbtest8 WHERE id BETWEEN 2541707 AND 2541807
	Index Scan using sbtest8_pkey on sbtest8  (cost=0.43..415.37 rows=105 width=125)
	  Index Cond: ((id >= 2541707) AND (id <= 2541807))

for range-notcovered
table 1 : explain SELECT id, c FROM sbtest1 WHERE id BETWEEN 8565391 AND 8565491
	Index Scan using sbtest1_pkey on sbtest1  (cost=0.43..386.27 rows=97 width=125)
	  Index Cond: ((id >= 8565391) AND (id <= 8565491))

table 2 : explain SELECT id, c FROM sbtest2 WHERE id BETWEEN 8565391 AND 8565491
	Index Scan using sbtest2_pkey on sbtest2  (cost=0.43..408.82 rows=103 width=125)
	  Index Cond: ((id >= 8565391) AND (id <= 8565491))

table 3 : explain SELECT id, c FROM sbtest3 WHERE id BETWEEN 8565391 AND 8565491
	Index Scan using sbtest3_pkey on sbtest3  (cost=0.43..433.44 rows=109 width=125)
	  Index Cond: ((id >= 8565391) AND (id <= 8565491))

table 4 : explain SELECT id, c FROM sbtest4 WHERE id BETWEEN 8565391 AND 8565491
	Index Scan using sbtest4_pkey on sbtest4  (cost=0.43..381.11 rows=96 width=125)
	  Index Cond: ((id >= 8565391) AND (id <= 8565491))

table 5 : explain SELECT id, c FROM sbtest5 WHERE id BETWEEN 8565391 AND 8565491
	Index Scan using sbtest5_pkey on sbtest5  (cost=0.43..393.27 rows=99 width=125)
	  Index Cond: ((id >= 8565391) AND (id <= 8565491))

table 6 : explain SELECT id, c FROM sbtest6 WHERE id BETWEEN 8565391 AND 8565491
	Index Scan using sbtest6_pkey on sbtest6  (cost=0.43..367.05 rows=92 width=125)
	  Index Cond: ((id >= 8565391) AND (id <= 8565491))

table 7 : explain SELECT id, c FROM sbtest7 WHERE id BETWEEN 8565391 AND 8565491
	Index Scan using sbtest7_pkey on sbtest7  (cost=0.43..416.41 rows=105 width=125)
	  Index Cond: ((id >= 8565391) AND (id <= 8565491))

table 8 : explain SELECT id, c FROM sbtest8 WHERE id BETWEEN 8565391 AND 8565491
	Index Scan using sbtest8_pkey on sbtest8  (cost=0.43..395.81 rows=100 width=125)
	  Index Cond: ((id >= 8565391) AND (id <= 8565491))
for range-notcovered
table 1 : explain SELECT id, c FROM sbtest1 WHERE id BETWEEN 4401071 AND 4401171
	Index Scan using sbtest1_pkey on sbtest1  (cost=0.43..413.81 rows=104 width=125)
	  Index Cond: ((id >= 4401071) AND (id <= 4401171))

table 2 : explain SELECT id, c FROM sbtest2 WHERE id BETWEEN 4401071 AND 4401171
	Index Scan using sbtest2_pkey on sbtest2  (cost=0.43..349.93 rows=88 width=125)
	  Index Cond: ((id >= 4401071) AND (id <= 4401171))

table 3 : explain SELECT id, c FROM sbtest3 WHERE id BETWEEN 4401071 AND 4401171
	Index Scan using sbtest3_pkey on sbtest3  (cost=0.43..405.90 rows=102 width=125)
	  Index Cond: ((id >= 4401071) AND (id <= 4401171))

table 4 : explain SELECT id, c FROM sbtest4 WHERE id BETWEEN 4401071 AND 4401171
	Index Scan using sbtest4_pkey on sbtest4  (cost=0.43..424.25 rows=107 width=125)
	  Index Cond: ((id >= 4401071) AND (id <= 4401171))

table 5 : explain SELECT id, c FROM sbtest5 WHERE id BETWEEN 4401071 AND 4401171
	Index Scan using sbtest5_pkey on sbtest5  (cost=0.43..401.12 rows=101 width=125)
	  Index Cond: ((id >= 4401071) AND (id <= 4401171))

table 6 : explain SELECT id, c FROM sbtest6 WHERE id BETWEEN 4401071 AND 4401171
	Index Scan using sbtest6_pkey on sbtest6  (cost=0.43..410.42 rows=103 width=125)
	  Index Cond: ((id >= 4401071) AND (id <= 4401171))

table 7 : explain SELECT id, c FROM sbtest7 WHERE id BETWEEN 4401071 AND 4401171
	Index Scan using sbtest7_pkey on sbtest7  (cost=0.43..424.25 rows=107 width=125)
	  Index Cond: ((id >= 4401071) AND (id <= 4401171))

table 8 : explain SELECT id, c FROM sbtest8 WHERE id BETWEEN 4401071 AND 4401171
	Index Scan using sbtest8_pkey on sbtest8  (cost=0.43..407.55 rows=103 width=125)
	  Index Cond: ((id >= 4401071) AND (id <= 4401171))
for range-notcovered
table 1 : explain SELECT id, c FROM sbtest1 WHERE id BETWEEN 4886609 AND 4886709
	Index Scan using sbtest1_pkey on sbtest1  (cost=0.43..390.20 rows=98 width=125)
	  Index Cond: ((id >= 4886609) AND (id <= 4886709))

table 2 : explain SELECT id, c FROM sbtest2 WHERE id BETWEEN 4886609 AND 4886709
	Index Scan using sbtest2_pkey on sbtest2  (cost=0.43..412.75 rows=104 width=125)
	  Index Cond: ((id >= 4886609) AND (id <= 4886709))

table 3 : explain SELECT id, c FROM sbtest3 WHERE id BETWEEN 4886609 AND 4886709
	Index Scan using sbtest3_pkey on sbtest3  (cost=0.43..409.83 rows=103 width=125)
	  Index Cond: ((id >= 4886609) AND (id <= 4886709))

table 4 : explain SELECT id, c FROM sbtest4 WHERE id BETWEEN 4886609 AND 4886709
	Index Scan using sbtest4_pkey on sbtest4  (cost=0.43..404.64 rows=102 width=125)
	  Index Cond: ((id >= 4886609) AND (id <= 4886709))

table 5 : explain SELECT id, c FROM sbtest5 WHERE id BETWEEN 4886609 AND 4886709
	Index Scan using sbtest5_pkey on sbtest5  (cost=0.43..397.20 rows=100 width=125)
	  Index Cond: ((id >= 4886609) AND (id <= 4886709))

table 6 : explain SELECT id, c FROM sbtest6 WHERE id BETWEEN 4886609 AND 4886709
	Index Scan using sbtest6_pkey on sbtest6  (cost=0.43..359.17 rows=90 width=125)
	  Index Cond: ((id >= 4886609) AND (id <= 4886709))

table 7 : explain SELECT id, c FROM sbtest7 WHERE id BETWEEN 4886609 AND 4886709
	Index Scan using sbtest7_pkey on sbtest7  (cost=0.43..420.33 rows=106 width=125)
	  Index Cond: ((id >= 4886609) AND (id <= 4886709))

table 8 : explain SELECT id, c FROM sbtest8 WHERE id BETWEEN 4886609 AND 4886709
	Index Scan using sbtest8_pkey on sbtest8  (cost=0.43..411.46 rows=104 width=125)
	  Index Cond: ((id >= 4886609) AND (id <= 4886709))

explain: for range-notcovered :: explain SELECT id, c FROM sbtest%d WHERE id BETWEEN 2541707 AND 2541807


explain: for range-notcovered :: explain SELECT id, c FROM sbtest%d WHERE id BETWEEN 4401071 AND 4401171
explain: for range-notcovered :: explain SELECT id, c FROM sbtest%d WHERE id BETWEEN 4886609 AND 4886709
for range-notcovered
table 1 : explain SELECT id, c FROM sbtest1 WHERE id BETWEEN 4655669 AND 4655769
	Index Scan using sbtest1_pkey on sbtest1  (cost=0.43..413.81 rows=104 width=125)
	  Index Cond: ((id >= 4655669) AND (id <= 4655769))

table 2 : explain SELECT id, c FROM sbtest2 WHERE id BETWEEN 4655669 AND 4655769
	Index Scan using sbtest2_pkey on sbtest2  (cost=0.43..377.43 rows=95 width=125)
	  Index Cond: ((id >= 4655669) AND (id <= 4655769))

table 3 : explain SELECT id, c FROM sbtest3 WHERE id BETWEEN 4655669 AND 4655769
	Index Scan using sbtest3_pkey on sbtest3  (cost=0.43..398.03 rows=100 width=125)
	  Index Cond: ((id >= 4655669) AND (id <= 4655769))

table 4 : explain SELECT id, c FROM sbtest4 WHERE id BETWEEN 4655669 AND 4655769
	Index Scan using sbtest4_pkey on sbtest4  (cost=0.43..404.64 rows=102 width=125)
	  Index Cond: ((id >= 4655669) AND (id <= 4655769))

table 5 : explain SELECT id, c FROM sbtest5 WHERE id BETWEEN 4655669 AND 4655769
	Index Scan using sbtest5_pkey on sbtest5  (cost=0.43..377.57 rows=95 width=125)
	  Index Cond: ((id >= 4655669) AND (id <= 4655769))

table 6 : explain SELECT id, c FROM sbtest6 WHERE id BETWEEN 4655669 AND 4655769
	Index Scan using sbtest6_pkey on sbtest6  (cost=0.43..390.72 rows=98 width=125)
	  Index Cond: ((id >= 4655669) AND (id <= 4655769))

table 7 : explain SELECT id, c FROM sbtest7 WHERE id BETWEEN 4655669 AND 4655769
	Index Scan using sbtest7_pkey on sbtest7  (cost=0.43..388.95 rows=98 width=125)
	  Index Cond: ((id >= 4655669) AND (id <= 4655769))

table 8 : explain SELECT id, c FROM sbtest8 WHERE id BETWEEN 4655669 AND 4655769
	Index Scan using sbtest8_pkey on sbtest8  (cost=0.43..399.72 rows=101 width=125)
	  Index Cond: ((id >= 4655669) AND (id <= 4655769))

for range-notcovered
table 1 : explain SELECT id, c FROM sbtest1 WHERE id BETWEEN 5257161 AND 5257261
	Index Scan using sbtest1_pkey on sbtest1  (cost=0.43..378.40 rows=95 width=125)
	  Index Cond: ((id >= 5257161) AND (id <= 5257261))

table 2 : explain SELECT id, c FROM sbtest2 WHERE id BETWEEN 5257161 AND 5257261
	Index Scan using sbtest2_pkey on sbtest2  (cost=0.43..420.59 rows=106 width=125)
	  Index Cond: ((id >= 5257161) AND (id <= 5257261))

table 3 : explain SELECT id, c FROM sbtest3 WHERE id BETWEEN 5257161 AND 5257261
	Index Scan using sbtest3_pkey on sbtest3  (cost=0.43..421.64 rows=106 width=125)
	  Index Cond: ((id >= 5257161) AND (id <= 5257261))

table 4 : explain SELECT id, c FROM sbtest4 WHERE id BETWEEN 5257161 AND 5257261
	Index Scan using sbtest4_pkey on sbtest4  (cost=0.43..377.19 rows=95 width=125)
	  Index Cond: ((id >= 5257161) AND (id <= 5257261))

table 5 : explain SELECT id, c FROM sbtest5 WHERE id BETWEEN 5257161 AND 5257261
	Index Scan using sbtest5_pkey on sbtest5  (cost=0.43..420.75 rows=106 width=125)
	  Index Cond: ((id >= 5257161) AND (id <= 5257261))

table 6 : explain SELECT id, c FROM sbtest6 WHERE id BETWEEN 5257161 AND 5257261
	Index Scan using sbtest6_pkey on sbtest6  (cost=0.43..386.78 rows=97 width=125)
	  Index Cond: ((id >= 5257161) AND (id <= 5257261))

table 7 : explain SELECT id, c FROM sbtest7 WHERE id BETWEEN 5257161 AND 5257261
	Index Scan using sbtest7_pkey on sbtest7  (cost=0.43..377.16 rows=95 width=125)
	  Index Cond: ((id >= 5257161) AND (id <= 5257261))

table 8 : explain SELECT id, c FROM sbtest8 WHERE id BETWEEN 5257161 AND 5257261
	Index Scan using sbtest8_pkey on sbtest8  (cost=0.43..380.16 rows=96 width=125)
	  Index Cond: ((id >= 5257161) AND (id <= 5257261))

for range-notcovered
table 1 : explain SELECT id, c FROM sbtest1 WHERE id BETWEEN 4400079 AND 4400179
	Index Scan using sbtest1_pkey on sbtest1  (cost=0.43..413.81 rows=104 width=125)
	  Index Cond: ((id >= 4400079) AND (id <= 4400179))

table 2 : explain SELECT id, c FROM sbtest2 WHERE id BETWEEN 4400079 AND 4400179
	Index Scan using sbtest2_pkey on sbtest2  (cost=0.43..349.93 rows=88 width=125)
	  Index Cond: ((id >= 4400079) AND (id <= 4400179))

table 3 : explain SELECT id, c FROM sbtest3 WHERE id BETWEEN 4400079 AND 4400179
	Index Scan using sbtest3_pkey on sbtest3  (cost=0.43..405.90 rows=102 width=125)
	  Index Cond: ((id >= 4400079) AND (id <= 4400179))

table 4 : explain SELECT id, c FROM sbtest4 WHERE id BETWEEN 4400079 AND 4400179
	Index Scan using sbtest4_pkey on sbtest4  (cost=0.43..424.25 rows=107 width=125)
	  Index Cond: ((id >= 4400079) AND (id <= 4400179))

table 5 : explain SELECT id, c FROM sbtest5 WHERE id BETWEEN 4400079 AND 4400179
	Index Scan using sbtest5_pkey on sbtest5  (cost=0.43..401.12 rows=101 width=125)
	  Index Cond: ((id >= 4400079) AND (id <= 4400179))

table 6 : explain SELECT id, c FROM sbtest6 WHERE id BETWEEN 4400079 AND 4400179
	Index Scan using sbtest6_pkey on sbtest6  (cost=0.43..410.42 rows=103 width=125)
	  Index Cond: ((id >= 4400079) AND (id <= 4400179))

table 7 : explain SELECT id, c FROM sbtest7 WHERE id BETWEEN 4400079 AND 4400179
	Index Scan using sbtest7_pkey on sbtest7  (cost=0.43..424.25 rows=107 width=125)
	  Index Cond: ((id >= 4400079) AND (id <= 4400179))

table 8 : explain SELECT id, c FROM sbtest8 WHERE id BETWEEN 4400079 AND 4400179
	Index Scan using sbtest8_pkey on sbtest8  (cost=0.43..407.55 rows=103 width=125)
	  Index Cond: ((id >= 4400079) AND (id <= 4400179))

explain: for range-notcovered :: explain SELECT id, c FROM sbtest%d WHERE id BETWEEN 5257161 AND 5257261
explain: for range-notcovered :: explain SELECT id, c FROM sbtest%d WHERE id BETWEEN 4400079 AND 4400179
for range-notcovered
table 1 : explain SELECT id, c FROM sbtest1 WHERE id BETWEEN 2541707 AND 2541807
	Index Scan using sbtest1_pkey on sbtest1  (cost=0.43..425.62 rows=107 width=125)
	  Index Cond: ((id >= 2541707) AND (id <= 2541807))

table 2 : explain SELECT id, c FROM sbtest2 WHERE id BETWEEN 2541707 AND 2541807
	Index Scan using sbtest2_pkey on sbtest2  (cost=0.43..408.82 rows=103 width=125)
	  Index Cond: ((id >= 2541707) AND (id <= 2541807))

table 3 : explain SELECT id, c FROM sbtest3 WHERE id BETWEEN 2541707 AND 2541807
	Index Scan using sbtest3_pkey on sbtest3  (cost=0.43..370.47 rows=93 width=125)
	  Index Cond: ((id >= 2541707) AND (id <= 2541807))

table 4 : explain SELECT id, c FROM sbtest4 WHERE id BETWEEN 2541707 AND 2541807
	Index Scan using sbtest4_pkey on sbtest4  (cost=0.43..432.09 rows=109 width=125)
	  Index Cond: ((id >= 2541707) AND (id <= 2541807))

table 5 : explain SELECT id, c FROM sbtest5 WHERE id BETWEEN 2541707 AND 2541807
	Index Scan using sbtest5_pkey on sbtest5  (cost=0.43..401.12 rows=101 width=125)
	  Index Cond: ((id >= 2541707) AND (id <= 2541807))

table 6 : explain SELECT id, c FROM sbtest6 WHERE id BETWEEN 2541707 AND 2541807
	Index Scan using sbtest6_pkey on sbtest6  (cost=0.43..422.24 rows=106 width=125)
	  Index Cond: ((id >= 2541707) AND (id <= 2541807))

table 7 : explain SELECT id, c FROM sbtest7 WHERE id BETWEEN 2541707 AND 2541807
	Index Scan using sbtest7_pkey on sbtest7  (cost=0.43..439.94 rows=111 width=125)
	  Index Cond: ((id >= 2541707) AND (id <= 2541807))

table 8 : explain SELECT id, c FROM sbtest8 WHERE id BETWEEN 2541707 AND 2541807
	Index Scan using sbtest8_pkey on sbtest8  (cost=0.43..415.37 rows=105 width=125)
	  Index Cond: ((id >= 2541707) AND (id <= 2541807))

explain: for range-notcovered :: explain SELECT id, c FROM sbtest%d WHERE id BETWEEN 2541707 AND 2541807
for range-notcovered
table 1 : explain SELECT id, c FROM sbtest1 WHERE id BETWEEN 4401071 AND 4401171
	Index Scan using sbtest1_pkey on sbtest1  (cost=0.43..413.81 rows=104 width=125)
	  Index Cond: ((id >= 4401071) AND (id <= 4401171))

table 2 : explain SELECT id, c FROM sbtest2 WHERE id BETWEEN 4401071 AND 4401171
	Index Scan using sbtest2_pkey on sbtest2  (cost=0.43..349.93 rows=88 width=125)
	  Index Cond: ((id >= 4401071) AND (id <= 4401171))

table 3 : explain SELECT id, c FROM sbtest3 WHERE id BETWEEN 4401071 AND 4401171
	Index Scan using sbtest3_pkey on sbtest3  (cost=0.43..405.90 rows=102 width=125)
	  Index Cond: ((id >= 4401071) AND (id <= 4401171))

table 4 : explain SELECT id, c FROM sbtest4 WHERE id BETWEEN 4401071 AND 4401171
	Index Scan using sbtest4_pkey on sbtest4  (cost=0.43..424.25 rows=107 width=125)
	  Index Cond: ((id >= 4401071) AND (id <= 4401171))

table 5 : explain SELECT id, c FROM sbtest5 WHERE id BETWEEN 4401071 AND 4401171
	Index Scan using sbtest5_pkey on sbtest5  (cost=0.43..401.12 rows=101 width=125)
	  Index Cond: ((id >= 4401071) AND (id <= 4401171))

table 6 : explain SELECT id, c FROM sbtest6 WHERE id BETWEEN 4401071 AND 4401171
	Index Scan using sbtest6_pkey on sbtest6  (cost=0.43..410.42 rows=103 width=125)
	  Index Cond: ((id >= 4401071) AND (id <= 4401171))

table 7 : explain SELECT id, c FROM sbtest7 WHERE id BETWEEN 4401071 AND 4401171
	Index Scan using sbtest7_pkey on sbtest7  (cost=0.43..424.25 rows=107 width=125)
	  Index Cond: ((id >= 4401071) AND (id <= 4401171))

table 8 : explain SELECT id, c FROM sbtest8 WHERE id BETWEEN 4401071 AND 4401171
	Index Scan using sbtest8_pkey on sbtest8  (cost=0.43..407.55 rows=103 width=125)
	  Index Cond: ((id >= 4401071) AND (id <= 4401171))

for range-notcovered
table 1 : explain SELECT id, c FROM sbtest1 WHERE id BETWEEN 8185278 AND 8185378
	Index Scan using sbtest1_pkey on sbtest1  (cost=0.43..425.62 rows=107 width=125)
	  Index Cond: ((id >= 8185278) AND (id <= 8185378))

table 2 : explain SELECT id, c FROM sbtest2 WHERE id BETWEEN 8185278 AND 8185378
	Index Scan using sbtest2_pkey on sbtest2  (cost=0.43..381.35 rows=96 width=125)
	  Index Cond: ((id >= 8185278) AND (id <= 8185378))

table 3 : explain SELECT id, c FROM sbtest3 WHERE id BETWEEN 8185278 AND 8185378
	Index Scan using sbtest3_pkey on sbtest3  (cost=0.43..409.83 rows=103 width=125)
	  Index Cond: ((id >= 8185278) AND (id <= 8185378))

table 4 : explain SELECT id, c FROM sbtest4 WHERE id BETWEEN 8185278 AND 8185378
	Index Scan using sbtest4_pkey on sbtest4  (cost=0.43..408.56 rows=103 width=125)
	  Index Cond: ((id >= 8185278) AND (id <= 8185378))

table 5 : explain SELECT id, c FROM sbtest5 WHERE id BETWEEN 8185278 AND 8185378
	Index Scan using sbtest5_pkey on sbtest5  (cost=0.43..416.83 rows=105 width=125)
	  Index Cond: ((id >= 8185278) AND (id <= 8185378))

table 6 : explain SELECT id, c FROM sbtest6 WHERE id BETWEEN 8185278 AND 8185378
	Index Scan using sbtest6_pkey on sbtest6  (cost=0.43..410.42 rows=103 width=125)
	  Index Cond: ((id >= 8185278) AND (id <= 8185378))

table 7 : explain SELECT id, c FROM sbtest7 WHERE id BETWEEN 8185278 AND 8185378
	Index Scan using sbtest7_pkey on sbtest7  (cost=0.43..428.17 rows=108 width=125)
	  Index Cond: ((id >= 8185278) AND (id <= 8185378))

table 8 : explain SELECT id, c FROM sbtest8 WHERE id BETWEEN 8185278 AND 8185378
	Index Scan using sbtest8_pkey on sbtest8  (cost=0.43..372.31 rows=94 width=125)
	  Index Cond: ((id >= 8185278) AND (id <= 8185378))

explain: for range-notcovered :: explain SELECT id, c FROM sbtest%d WHERE id BETWEEN 4401071 AND 4401171
for range-notcovered
table 1 : explain SELECT id, c FROM sbtest1 WHERE id BETWEEN 4886609 AND 4886709
	Index Scan using sbtest1_pkey on sbtest1  (cost=0.43..390.20 rows=98 width=125)
	  Index Cond: ((id >= 4886609) AND (id <= 4886709))

table 2 : explain SELECT id, c FROM sbtest2 WHERE id BETWEEN 4886609 AND 4886709
	Index Scan using sbtest2_pkey on sbtest2  (cost=0.43..412.75 rows=104 width=125)
	  Index Cond: ((id >= 4886609) AND (id <= 4886709))

table 3 : explain SELECT id, c FROM sbtest3 WHERE id BETWEEN 4886609 AND 4886709
	Index Scan using sbtest3_pkey on sbtest3  (cost=0.43..409.83 rows=103 width=125)
	  Index Cond: ((id >= 4886609) AND (id <= 4886709))

table 4 : explain SELECT id, c FROM sbtest4 WHERE id BETWEEN 4886609 AND 4886709
	Index Scan using sbtest4_pkey on sbtest4  (cost=0.43..404.64 rows=102 width=125)
	  Index Cond: ((id >= 4886609) AND (id <= 4886709))

table 5 : explain SELECT id, c FROM sbtest5 WHERE id BETWEEN 4886609 AND 4886709
	Index Scan using sbtest5_pkey on sbtest5  (cost=0.43..397.20 rows=100 width=125)
	  Index Cond: ((id >= 4886609) AND (id <= 4886709))

table 6 : explain SELECT id, c FROM sbtest6 WHERE id BETWEEN 4886609 AND 4886709
	Index Scan using sbtest6_pkey on sbtest6  (cost=0.43..359.17 rows=90 width=125)
	  Index Cond: ((id >= 4886609) AND (id <= 4886709))

table 7 : explain SELECT id, c FROM sbtest7 WHERE id BETWEEN 4886609 AND 4886709
	Index Scan using sbtest7_pkey on sbtest7  (cost=0.43..420.33 rows=106 width=125)
	  Index Cond: ((id >= 4886609) AND (id <= 4886709))

table 8 : explain SELECT id, c FROM sbtest8 WHERE id BETWEEN 4886609 AND 4886709
	Index Scan using sbtest8_pkey on sbtest8  (cost=0.43..411.46 rows=104 width=125)
	  Index Cond: ((id >= 4886609) AND (id <= 4886709))

for range-notcovered
table 1 : explain SELECT id, c FROM sbtest1 WHERE id BETWEEN 2376186 AND 2376286
	Index Scan using sbtest1_pkey on sbtest1  (cost=0.43..449.23 rows=113 width=125)
	  Index Cond: ((id >= 2376186) AND (id <= 2376286))

table 2 : explain SELECT id, c FROM sbtest2 WHERE id BETWEEN 2376186 AND 2376286
	Index Scan using sbtest2_pkey on sbtest2  (cost=0.43..424.52 rows=107 width=125)
	  Index Cond: ((id >= 2376186) AND (id <= 2376286))

table 3 : explain SELECT id, c FROM sbtest3 WHERE id BETWEEN 2376186 AND 2376286
	Index Scan using sbtest3_pkey on sbtest3  (cost=0.43..378.34 rows=95 width=125)
	  Index Cond: ((id >= 2376186) AND (id <= 2376286))

table 4 : explain SELECT id, c FROM sbtest4 WHERE id BETWEEN 2376186 AND 2376286
	Index Scan using sbtest4_pkey on sbtest4  (cost=0.43..349.71 rows=88 width=125)
	  Index Cond: ((id >= 2376186) AND (id <= 2376286))

table 5 : explain SELECT id, c FROM sbtest5 WHERE id BETWEEN 2376186 AND 2376286
	Index Scan using sbtest5_pkey on sbtest5  (cost=0.43..385.42 rows=97 width=125)
	  Index Cond: ((id >= 2376186) AND (id <= 2376286))

table 6 : explain SELECT id, c FROM sbtest6 WHERE id BETWEEN 2376186 AND 2376286
	Index Scan using sbtest6_pkey on sbtest6  (cost=0.43..359.17 rows=90 width=125)
	  Index Cond: ((id >= 2376186) AND (id <= 2376286))

table 7 : explain SELECT id, c FROM sbtest7 WHERE id BETWEEN 2376186 AND 2376286
	Index Scan using sbtest7_pkey on sbtest7  (cost=0.43..341.86 rows=86 width=125)
	  Index Cond: ((id >= 2376186) AND (id <= 2376286))

table 8 : explain SELECT id, c FROM sbtest8 WHERE id BETWEEN 2376186 AND 2376286
	Index Scan using sbtest8_pkey on sbtest8  (cost=0.43..411.46 rows=104 width=125)
	  Index Cond: ((id >= 2376186) AND (id <= 2376286))

explain: for range-notcovered :: explain SELECT id, c FROM sbtest%d WHERE id BETWEEN 4886609 AND 4886709
explain: for range-notcovered :: explain SELECT id, c FROM sbtest%d WHERE id BETWEEN 2376186 AND 2376286
for range-notcovered
table 1 : explain SELECT id, c FROM sbtest1 WHERE id BETWEEN 4118681 AND 4118781
	Index Scan using sbtest1_pkey on sbtest1  (cost=0.43..413.81 rows=104 width=125)
	  Index Cond: ((id >= 4118681) AND (id <= 4118781))

table 2 : explain SELECT id, c FROM sbtest2 WHERE id BETWEEN 4118681 AND 4118781
	Index Scan using sbtest2_pkey on sbtest2  (cost=0.43..373.48 rows=94 width=125)
	  Index Cond: ((id >= 4118681) AND (id <= 4118781))

table 3 : explain SELECT id, c FROM sbtest3 WHERE id BETWEEN 4118681 AND 4118781
	Index Scan using sbtest3_pkey on sbtest3  (cost=0.43..378.34 rows=95 width=125)
	  Index Cond: ((id >= 4118681) AND (id <= 4118781))

table 4 : explain SELECT id, c FROM sbtest4 WHERE id BETWEEN 4118681 AND 4118781
	Index Scan using sbtest4_pkey on sbtest4  (cost=0.43..385.03 rows=97 width=125)
	  Index Cond: ((id >= 4118681) AND (id <= 4118781))

table 5 : explain SELECT id, c FROM sbtest5 WHERE id BETWEEN 4118681 AND 4118781
	Index Scan using sbtest5_pkey on sbtest5  (cost=0.43..389.35 rows=98 width=125)
	  Index Cond: ((id >= 4118681) AND (id <= 4118781))

table 6 : explain SELECT id, c FROM sbtest6 WHERE id BETWEEN 4118681 AND 4118781
	Index Scan using sbtest6_pkey on sbtest6  (cost=0.43..370.99 rows=93 width=125)
	  Index Cond: ((id >= 4118681) AND (id <= 4118781))

table 7 : explain SELECT id, c FROM sbtest7 WHERE id BETWEEN 4118681 AND 4118781
	Index Scan using sbtest7_pkey on sbtest7  (cost=0.43..400.72 rows=101 width=125)
	  Index Cond: ((id >= 4118681) AND (id <= 4118781))

table 8 : explain SELECT id, c FROM sbtest8 WHERE id BETWEEN 4118681 AND 4118781
	Index Scan using sbtest8_pkey on sbtest8  (cost=0.43..407.55 rows=103 width=125)
	  Index Cond: ((id >= 4118681) AND (id <= 4118781))

for range-notcovered
table 1 : explain SELECT id, c FROM sbtest1 WHERE id BETWEEN 5257161 AND 5257261
	Index Scan using sbtest1_pkey on sbtest1  (cost=0.43..378.40 rows=95 width=125)
	  Index Cond: ((id >= 5257161) AND (id <= 5257261))

table 2 : explain SELECT id, c FROM sbtest2 WHERE id BETWEEN 5257161 AND 5257261
	Index Scan using sbtest2_pkey on sbtest2  (cost=0.43..420.59 rows=106 width=125)
	  Index Cond: ((id >= 5257161) AND (id <= 5257261))

table 3 : explain SELECT id, c FROM sbtest3 WHERE id BETWEEN 5257161 AND 5257261
	Index Scan using sbtest3_pkey on sbtest3  (cost=0.43..421.64 rows=106 width=125)
	  Index Cond: ((id >= 5257161) AND (id <= 5257261))

table 4 : explain SELECT id, c FROM sbtest4 WHERE id BETWEEN 5257161 AND 5257261
	Index Scan using sbtest4_pkey on sbtest4  (cost=0.43..377.19 rows=95 width=125)
	  Index Cond: ((id >= 5257161) AND (id <= 5257261))

table 5 : explain SELECT id, c FROM sbtest5 WHERE id BETWEEN 5257161 AND 5257261
	Index Scan using sbtest5_pkey on sbtest5  (cost=0.43..420.75 rows=106 width=125)
	  Index Cond: ((id >= 5257161) AND (id <= 5257261))

table 6 : explain SELECT id, c FROM sbtest6 WHERE id BETWEEN 5257161 AND 5257261
	Index Scan using sbtest6_pkey on sbtest6  (cost=0.43..386.78 rows=97 width=125)
	  Index Cond: ((id >= 5257161) AND (id <= 5257261))

table 7 : explain SELECT id, c FROM sbtest7 WHERE id BETWEEN 5257161 AND 5257261
	Index Scan using sbtest7_pkey on sbtest7  (cost=0.43..377.16 rows=95 width=125)
	  Index Cond: ((id >= 5257161) AND (id <= 5257261))

table 8 : explain SELECT id, c FROM sbtest8 WHERE id BETWEEN 5257161 AND 5257261
	Index Scan using sbtest8_pkey on sbtest8  (cost=0.43..380.16 rows=96 width=125)
	  Index Cond: ((id >= 5257161) AND (id <= 5257261))

for range-notcovered
table 1 : explain SELECT id, c FROM sbtest1 WHERE id BETWEEN 4400079 AND 4400179
	Index Scan using sbtest1_pkey on sbtest1  (cost=0.43..413.81 rows=104 width=125)
	  Index Cond: ((id >= 4400079) AND (id <= 4400179))

table 2 : explain SELECT id, c FROM sbtest2 WHERE id BETWEEN 4400079 AND 4400179
	Index Scan using sbtest2_pkey on sbtest2  (cost=0.43..349.93 rows=88 width=125)
	  Index Cond: ((id >= 4400079) AND (id <= 4400179))

table 3 : explain SELECT id, c FROM sbtest3 WHERE id BETWEEN 4400079 AND 4400179
	Index Scan using sbtest3_pkey on sbtest3  (cost=0.43..405.90 rows=102 width=125)
	  Index Cond: ((id >= 4400079) AND (id <= 4400179))

table 4 : explain SELECT id, c FROM sbtest4 WHERE id BETWEEN 4400079 AND 4400179
	Index Scan using sbtest4_pkey on sbtest4  (cost=0.43..424.25 rows=107 width=125)
	  Index Cond: ((id >= 4400079) AND (id <= 4400179))

table 5 : explain SELECT id, c FROM sbtest5 WHERE id BETWEEN 4400079 AND 4400179
	Index Scan using sbtest5_pkey on sbtest5  (cost=0.43..401.12 rows=101 width=125)
	  Index Cond: ((id >= 4400079) AND (id <= 4400179))

table 6 : explain SELECT id, c FROM sbtest6 WHERE id BETWEEN 4400079 AND 4400179
	Index Scan using sbtest6_pkey on sbtest6  (cost=0.43..410.42 rows=103 width=125)
	  Index Cond: ((id >= 4400079) AND (id <= 4400179))

table 7 : explain SELECT id, c FROM sbtest7 WHERE id BETWEEN 4400079 AND 4400179
	Index Scan using sbtest7_pkey on sbtest7  (cost=0.43..424.25 rows=107 width=125)
	  Index Cond: ((id >= 4400079) AND (id <= 4400179))

table 8 : explain SELECT id, c FROM sbtest8 WHERE id BETWEEN 4400079 AND 4400179
	Index Scan using sbtest8_pkey on sbtest8  (cost=0.43..407.55 rows=103 width=125)
	  Index Cond: ((id >= 4400079) AND (id <= 4400179))

explain: for range-notcovered :: explain SELECT id, c FROM sbtest%d WHERE id BETWEEN 5257161 AND 5257261
for range-notcovered
table 1 : explain SELECT id, c FROM sbtest1 WHERE id BETWEEN 4886609 AND 4886709
	Index Scan using sbtest1_pkey on sbtest1  (cost=0.43..390.20 rows=98 width=125)
	  Index Cond: ((id >= 4886609) AND (id <= 4886709))

table 2 : explain SELECT id, c FROM sbtest2 WHERE id BETWEEN 4886609 AND 4886709
	Index Scan using sbtest2_pkey on sbtest2  (cost=0.43..412.75 rows=104 width=125)
	  Index Cond: ((id >= 4886609) AND (id <= 4886709))

table 3 : explain SELECT id, c FROM sbtest3 WHERE id BETWEEN 4886609 AND 4886709
	Index Scan using sbtest3_pkey on sbtest3  (cost=0.43..409.83 rows=103 width=125)
	  Index Cond: ((id >= 4886609) AND (id <= 4886709))

table 4 : explain SELECT id, c FROM sbtest4 WHERE id BETWEEN 4886609 AND 4886709
	Index Scan using sbtest4_pkey on sbtest4  (cost=0.43..404.64 rows=102 width=125)
	  Index Cond: ((id >= 4886609) AND (id <= 4886709))

table 5 : explain SELECT id, c FROM sbtest5 WHERE id BETWEEN 4886609 AND 4886709
	Index Scan using sbtest5_pkey on sbtest5  (cost=0.43..397.20 rows=100 width=125)
	  Index Cond: ((id >= 4886609) AND (id <= 4886709))

table 6 : explain SELECT id, c FROM sbtest6 WHERE id BETWEEN 4886609 AND 4886709
	Index Scan using sbtest6_pkey on sbtest6  (cost=0.43..359.17 rows=90 width=125)
	  Index Cond: ((id >= 4886609) AND (id <= 4886709))

table 7 : explain SELECT id, c FROM sbtest7 WHERE id BETWEEN 4886609 AND 4886709
	Index Scan using sbtest7_pkey on sbtest7  (cost=0.43..420.33 rows=106 width=125)
	  Index Cond: ((id >= 4886609) AND (id <= 4886709))

table 8 : explain SELECT id, c FROM sbtest8 WHERE id BETWEEN 4886609 AND 4886709
	Index Scan using sbtest8_pkey on sbtest8  (cost=0.43..411.46 rows=104 width=125)
	  Index Cond: ((id >= 4886609) AND (id <= 4886709))

explain: for range-notcovered :: explain SELECT id, c FROM sbtest%d WHERE id BETWEEN 4400079 AND 4400179
for range-notcovered
table 1 : explain SELECT id, c FROM sbtest1 WHERE id BETWEEN 2376186 AND 2376286
	Index Scan using sbtest1_pkey on sbtest1  (cost=0.43..449.23 rows=113 width=125)
	  Index Cond: ((id >= 2376186) AND (id <= 2376286))

table 2 : explain SELECT id, c FROM sbtest2 WHERE id BETWEEN 2376186 AND 2376286
	Index Scan using sbtest2_pkey on sbtest2  (cost=0.43..424.52 rows=107 width=125)
	  Index Cond: ((id >= 2376186) AND (id <= 2376286))

table 3 : explain SELECT id, c FROM sbtest3 WHERE id BETWEEN 2376186 AND 2376286
	Index Scan using sbtest3_pkey on sbtest3  (cost=0.43..378.34 rows=95 width=125)
	  Index Cond: ((id >= 2376186) AND (id <= 2376286))

table 4 : explain SELECT id, c FROM sbtest4 WHERE id BETWEEN 2376186 AND 2376286
	Index Scan using sbtest4_pkey on sbtest4  (cost=0.43..349.71 rows=88 width=125)
	  Index Cond: ((id >= 2376186) AND (id <= 2376286))

table 5 : explain SELECT id, c FROM sbtest5 WHERE id BETWEEN 2376186 AND 2376286
	Index Scan using sbtest5_pkey on sbtest5  (cost=0.43..385.42 rows=97 width=125)
	  Index Cond: ((id >= 2376186) AND (id <= 2376286))

table 6 : explain SELECT id, c FROM sbtest6 WHERE id BETWEEN 2376186 AND 2376286
	Index Scan using sbtest6_pkey on sbtest6  (cost=0.43..359.17 rows=90 width=125)
	  Index Cond: ((id >= 2376186) AND (id <= 2376286))

table 7 : explain SELECT id, c FROM sbtest7 WHERE id BETWEEN 2376186 AND 2376286
	Index Scan using sbtest7_pkey on sbtest7  (cost=0.43..341.86 rows=86 width=125)
	  Index Cond: ((id >= 2376186) AND (id <= 2376286))

table 8 : explain SELECT id, c FROM sbtest8 WHERE id BETWEEN 2376186 AND 2376286
	Index Scan using sbtest8_pkey on sbtest8  (cost=0.43..411.46 rows=104 width=125)
	  Index Cond: ((id >= 2376186) AND (id <= 2376286))

explain: for range-notcovered :: explain SELECT id, c FROM sbtest%d WHERE id BETWEEN 4886609 AND 4886709
explain: for range-notcovered :: explain SELECT id, c FROM sbtest%d WHERE id BETWEEN 2376186 AND 2376286
explain: for range-notcovered :: explain SELECT id, c FROM sbtest%d WHERE id BETWEEN 8565391 AND 8565491
for range-notcovered
table 1 : explain SELECT id, c FROM sbtest1 WHERE id BETWEEN 5257161 AND 5257261
	Index Scan using sbtest1_pkey on sbtest1  (cost=0.43..378.40 rows=95 width=125)
	  Index Cond: ((id >= 5257161) AND (id <= 5257261))

table 2 : explain SELECT id, c FROM sbtest2 WHERE id BETWEEN 5257161 AND 5257261
	Index Scan using sbtest2_pkey on sbtest2  (cost=0.43..420.59 rows=106 width=125)
	  Index Cond: ((id >= 5257161) AND (id <= 5257261))

table 3 : explain SELECT id, c FROM sbtest3 WHERE id BETWEEN 5257161 AND 5257261
	Index Scan using sbtest3_pkey on sbtest3  (cost=0.43..421.64 rows=106 width=125)
	  Index Cond: ((id >= 5257161) AND (id <= 5257261))

table 4 : explain SELECT id, c FROM sbtest4 WHERE id BETWEEN 5257161 AND 5257261
	Index Scan using sbtest4_pkey on sbtest4  (cost=0.43..377.19 rows=95 width=125)
	  Index Cond: ((id >= 5257161) AND (id <= 5257261))

table 5 : explain SELECT id, c FROM sbtest5 WHERE id BETWEEN 5257161 AND 5257261
	Index Scan using sbtest5_pkey on sbtest5  (cost=0.43..420.75 rows=106 width=125)
	  Index Cond: ((id >= 5257161) AND (id <= 5257261))

table 6 : explain SELECT id, c FROM sbtest6 WHERE id BETWEEN 5257161 AND 5257261
	Index Scan using sbtest6_pkey on sbtest6  (cost=0.43..386.78 rows=97 width=125)
	  Index Cond: ((id >= 5257161) AND (id <= 5257261))

table 7 : explain SELECT id, c FROM sbtest7 WHERE id BETWEEN 5257161 AND 5257261
	Index Scan using sbtest7_pkey on sbtest7  (cost=0.43..377.16 rows=95 width=125)
	  Index Cond: ((id >= 5257161) AND (id <= 5257261))

table 8 : explain SELECT id, c FROM sbtest8 WHERE id BETWEEN 5257161 AND 5257261
	Index Scan using sbtest8_pkey on sbtest8  (cost=0.43..380.16 rows=96 width=125)
	  Index Cond: ((id >= 5257161) AND (id <= 5257261))

explain: for range-notcovered :: explain SELECT id, c FROM sbtest%d WHERE id BETWEEN 5257161 AND 5257261
for range-notcovered
table 1 : explain SELECT id, c FROM sbtest1 WHERE id BETWEEN 2376186 AND 2376286
	Index Scan using sbtest1_pkey on sbtest1  (cost=0.43..449.23 rows=113 width=125)
	  Index Cond: ((id >= 2376186) AND (id <= 2376286))

table 2 : explain SELECT id, c FROM sbtest2 WHERE id BETWEEN 2376186 AND 2376286
	Index Scan using sbtest2_pkey on sbtest2  (cost=0.43..424.52 rows=107 width=125)
	  Index Cond: ((id >= 2376186) AND (id <= 2376286))

table 3 : explain SELECT id, c FROM sbtest3 WHERE id BETWEEN 2376186 AND 2376286
	Index Scan using sbtest3_pkey on sbtest3  (cost=0.43..378.34 rows=95 width=125)
	  Index Cond: ((id >= 2376186) AND (id <= 2376286))

table 4 : explain SELECT id, c FROM sbtest4 WHERE id BETWEEN 2376186 AND 2376286
	Index Scan using sbtest4_pkey on sbtest4  (cost=0.43..349.71 rows=88 width=125)
	  Index Cond: ((id >= 2376186) AND (id <= 2376286))

table 5 : explain SELECT id, c FROM sbtest5 WHERE id BETWEEN 2376186 AND 2376286
	Index Scan using sbtest5_pkey on sbtest5  (cost=0.43..385.42 rows=97 width=125)
	  Index Cond: ((id >= 2376186) AND (id <= 2376286))

table 6 : explain SELECT id, c FROM sbtest6 WHERE id BETWEEN 2376186 AND 2376286
	Index Scan using sbtest6_pkey on sbtest6  (cost=0.43..359.17 rows=90 width=125)
	  Index Cond: ((id >= 2376186) AND (id <= 2376286))

table 7 : explain SELECT id, c FROM sbtest7 WHERE id BETWEEN 2376186 AND 2376286
	Index Scan using sbtest7_pkey on sbtest7  (cost=0.43..341.86 rows=86 width=125)
	  Index Cond: ((id >= 2376186) AND (id <= 2376286))

table 8 : explain SELECT id, c FROM sbtest8 WHERE id BETWEEN 2376186 AND 2376286
	Index Scan using sbtest8_pkey on sbtest8  (cost=0.43..411.46 rows=104 width=125)
	  Index Cond: ((id >= 2376186) AND (id <= 2376286))

for range-notcovered
table 1 : explain SELECT id, c FROM sbtest1 WHERE id BETWEEN 4400079 AND 4400179
	Index Scan using sbtest1_pkey on sbtest1  (cost=0.43..413.81 rows=104 width=125)
	  Index Cond: ((id >= 4400079) AND (id <= 4400179))

table 2 : explain SELECT id, c FROM sbtest2 WHERE id BETWEEN 4400079 AND 4400179
	Index Scan using sbtest2_pkey on sbtest2  (cost=0.43..349.93 rows=88 width=125)
	  Index Cond: ((id >= 4400079) AND (id <= 4400179))

table 3 : explain SELECT id, c FROM sbtest3 WHERE id BETWEEN 4400079 AND 4400179
	Index Scan using sbtest3_pkey on sbtest3  (cost=0.43..405.90 rows=102 width=125)
	  Index Cond: ((id >= 4400079) AND (id <= 4400179))

table 4 : explain SELECT id, c FROM sbtest4 WHERE id BETWEEN 4400079 AND 4400179
	Index Scan using sbtest4_pkey on sbtest4  (cost=0.43..424.25 rows=107 width=125)
	  Index Cond: ((id >= 4400079) AND (id <= 4400179))

table 5 : explain SELECT id, c FROM sbtest5 WHERE id BETWEEN 4400079 AND 4400179
	Index Scan using sbtest5_pkey on sbtest5  (cost=0.43..401.12 rows=101 width=125)
	  Index Cond: ((id >= 4400079) AND (id <= 4400179))

table 6 : explain SELECT id, c FROM sbtest6 WHERE id BETWEEN 4400079 AND 4400179
	Index Scan using sbtest6_pkey on sbtest6  (cost=0.43..410.42 rows=103 width=125)
	  Index Cond: ((id >= 4400079) AND (id <= 4400179))

table 7 : explain SELECT id, c FROM sbtest7 WHERE id BETWEEN 4400079 AND 4400179
	Index Scan using sbtest7_pkey on sbtest7  (cost=0.43..424.25 rows=107 width=125)
	  Index Cond: ((id >= 4400079) AND (id <= 4400179))

table 8 : explain SELECT id, c FROM sbtest8 WHERE id BETWEEN 4400079 AND 4400179
	Index Scan using sbtest8_pkey on sbtest8  (cost=0.43..407.55 rows=103 width=125)
	  Index Cond: ((id >= 4400079) AND (id <= 4400179))

explain: for range-notcovered :: explain SELECT id, c FROM sbtest%d WHERE id BETWEEN 2376186 AND 2376286
explain: for range-notcovered :: explain SELECT id, c FROM sbtest%d WHERE id BETWEEN 4400079 AND 4400179
for range-notcovered
table 1 : explain SELECT id, c FROM sbtest1 WHERE id BETWEEN 5257161 AND 5257261
	Index Scan using sbtest1_pkey on sbtest1  (cost=0.43..378.40 rows=95 width=125)
	  Index Cond: ((id >= 5257161) AND (id <= 5257261))

table 2 : explain SELECT id, c FROM sbtest2 WHERE id BETWEEN 5257161 AND 5257261
	Index Scan using sbtest2_pkey on sbtest2  (cost=0.43..420.59 rows=106 width=125)
	  Index Cond: ((id >= 5257161) AND (id <= 5257261))

table 3 : explain SELECT id, c FROM sbtest3 WHERE id BETWEEN 5257161 AND 5257261
	Index Scan using sbtest3_pkey on sbtest3  (cost=0.43..421.64 rows=106 width=125)
	  Index Cond: ((id >= 5257161) AND (id <= 5257261))

table 4 : explain SELECT id, c FROM sbtest4 WHERE id BETWEEN 5257161 AND 5257261
	Index Scan using sbtest4_pkey on sbtest4  (cost=0.43..377.19 rows=95 width=125)
	  Index Cond: ((id >= 5257161) AND (id <= 5257261))

table 5 : explain SELECT id, c FROM sbtest5 WHERE id BETWEEN 5257161 AND 5257261
	Index Scan using sbtest5_pkey on sbtest5  (cost=0.43..420.75 rows=106 width=125)
	  Index Cond: ((id >= 5257161) AND (id <= 5257261))

table 6 : explain SELECT id, c FROM sbtest6 WHERE id BETWEEN 5257161 AND 5257261
	Index Scan using sbtest6_pkey on sbtest6  (cost=0.43..386.78 rows=97 width=125)
	  Index Cond: ((id >= 5257161) AND (id <= 5257261))

table 7 : explain SELECT id, c FROM sbtest7 WHERE id BETWEEN 5257161 AND 5257261
	Index Scan using sbtest7_pkey on sbtest7  (cost=0.43..377.16 rows=95 width=125)
	  Index Cond: ((id >= 5257161) AND (id <= 5257261))

table 8 : explain SELECT id, c FROM sbtest8 WHERE id BETWEEN 5257161 AND 5257261
	Index Scan using sbtest8_pkey on sbtest8  (cost=0.43..380.16 rows=96 width=125)
	  Index Cond: ((id >= 5257161) AND (id <= 5257261))

explain: for range-notcovered :: explain SELECT id, c FROM sbtest%d WHERE id BETWEEN 5257161 AND 5257261
for range-notcovered
table 1 : explain SELECT id, c FROM sbtest1 WHERE id BETWEEN 2376186 AND 2376286
	Index Scan using sbtest1_pkey on sbtest1  (cost=0.43..449.23 rows=113 width=125)
	  Index Cond: ((id >= 2376186) AND (id <= 2376286))

table 2 : explain SELECT id, c FROM sbtest2 WHERE id BETWEEN 2376186 AND 2376286
	Index Scan using sbtest2_pkey on sbtest2  (cost=0.43..424.52 rows=107 width=125)
	  Index Cond: ((id >= 2376186) AND (id <= 2376286))

table 3 : explain SELECT id, c FROM sbtest3 WHERE id BETWEEN 2376186 AND 2376286
	Index Scan using sbtest3_pkey on sbtest3  (cost=0.43..378.34 rows=95 width=125)
	  Index Cond: ((id >= 2376186) AND (id <= 2376286))

table 4 : explain SELECT id, c FROM sbtest4 WHERE id BETWEEN 2376186 AND 2376286
	Index Scan using sbtest4_pkey on sbtest4  (cost=0.43..349.71 rows=88 width=125)
	  Index Cond: ((id >= 2376186) AND (id <= 2376286))

table 5 : explain SELECT id, c FROM sbtest5 WHERE id BETWEEN 2376186 AND 2376286
	Index Scan using sbtest5_pkey on sbtest5  (cost=0.43..385.42 rows=97 width=125)
	  Index Cond: ((id >= 2376186) AND (id <= 2376286))

table 6 : explain SELECT id, c FROM sbtest6 WHERE id BETWEEN 2376186 AND 2376286
	Index Scan using sbtest6_pkey on sbtest6  (cost=0.43..359.17 rows=90 width=125)
	  Index Cond: ((id >= 2376186) AND (id <= 2376286))

table 7 : explain SELECT id, c FROM sbtest7 WHERE id BETWEEN 2376186 AND 2376286
	Index Scan using sbtest7_pkey on sbtest7  (cost=0.43..341.86 rows=86 width=125)
	  Index Cond: ((id >= 2376186) AND (id <= 2376286))

table 8 : explain SELECT id, c FROM sbtest8 WHERE id BETWEEN 2376186 AND 2376286
	Index Scan using sbtest8_pkey on sbtest8  (cost=0.43..411.46 rows=104 width=125)
	  Index Cond: ((id >= 2376186) AND (id <= 2376286))

for range-notcovered
table 1 : explain SELECT id, c FROM sbtest1 WHERE id BETWEEN 2541707 AND 2541807
	Index Scan using sbtest1_pkey on sbtest1  (cost=0.43..425.62 rows=107 width=125)
	  Index Cond: ((id >= 2541707) AND (id <= 2541807))

table 2 : explain SELECT id, c FROM sbtest2 WHERE id BETWEEN 2541707 AND 2541807
	Index Scan using sbtest2_pkey on sbtest2  (cost=0.43..408.82 rows=103 width=125)
	  Index Cond: ((id >= 2541707) AND (id <= 2541807))

table 3 : explain SELECT id, c FROM sbtest3 WHERE id BETWEEN 2541707 AND 2541807
	Index Scan using sbtest3_pkey on sbtest3  (cost=0.43..370.47 rows=93 width=125)
	  Index Cond: ((id >= 2541707) AND (id <= 2541807))

table 4 : explain SELECT id, c FROM sbtest4 WHERE id BETWEEN 2541707 AND 2541807
	Index Scan using sbtest4_pkey on sbtest4  (cost=0.43..432.09 rows=109 width=125)
	  Index Cond: ((id >= 2541707) AND (id <= 2541807))

table 5 : explain SELECT id, c FROM sbtest5 WHERE id BETWEEN 2541707 AND 2541807
	Index Scan using sbtest5_pkey on sbtest5  (cost=0.43..401.12 rows=101 width=125)
	  Index Cond: ((id >= 2541707) AND (id <= 2541807))

table 6 : explain SELECT id, c FROM sbtest6 WHERE id BETWEEN 2541707 AND 2541807
	Index Scan using sbtest6_pkey on sbtest6  (cost=0.43..422.24 rows=106 width=125)
	  Index Cond: ((id >= 2541707) AND (id <= 2541807))

table 7 : explain SELECT id, c FROM sbtest7 WHERE id BETWEEN 2541707 AND 2541807
	Index Scan using sbtest7_pkey on sbtest7  (cost=0.43..439.94 rows=111 width=125)
	  Index Cond: ((id >= 2541707) AND (id <= 2541807))

table 8 : explain SELECT id, c FROM sbtest8 WHERE id BETWEEN 2541707 AND 2541807
	Index Scan using sbtest8_pkey on sbtest8  (cost=0.43..415.37 rows=105 width=125)
	  Index Cond: ((id >= 2541707) AND (id <= 2541807))

for range-notcovered
table 1 : explain SELECT id, c FROM sbtest1 WHERE id BETWEEN 4401071 AND 4401171
	Index Scan using sbtest1_pkey on sbtest1  (cost=0.43..413.81 rows=104 width=125)
	  Index Cond: ((id >= 4401071) AND (id <= 4401171))

table 2 : explain SELECT id, c FROM sbtest2 WHERE id BETWEEN 4401071 AND 4401171
	Index Scan using sbtest2_pkey on sbtest2  (cost=0.43..349.93 rows=88 width=125)
	  Index Cond: ((id >= 4401071) AND (id <= 4401171))

table 3 : explain SELECT id, c FROM sbtest3 WHERE id BETWEEN 4401071 AND 4401171
	Index Scan using sbtest3_pkey on sbtest3  (cost=0.43..405.90 rows=102 width=125)
	  Index Cond: ((id >= 4401071) AND (id <= 4401171))

table 4 : explain SELECT id, c FROM sbtest4 WHERE id BETWEEN 4401071 AND 4401171
	Index Scan using sbtest4_pkey on sbtest4  (cost=0.43..424.25 rows=107 width=125)
	  Index Cond: ((id >= 4401071) AND (id <= 4401171))

table 5 : explain SELECT id, c FROM sbtest5 WHERE id BETWEEN 4401071 AND 4401171
	Index Scan using sbtest5_pkey on sbtest5  (cost=0.43..401.12 rows=101 width=125)
	  Index Cond: ((id >= 4401071) AND (id <= 4401171))

table 6 : explain SELECT id, c FROM sbtest6 WHERE id BETWEEN 4401071 AND 4401171
	Index Scan using sbtest6_pkey on sbtest6  (cost=0.43..410.42 rows=103 width=125)
	  Index Cond: ((id >= 4401071) AND (id <= 4401171))

table 7 : explain SELECT id, c FROM sbtest7 WHERE id BETWEEN 4401071 AND 4401171
	Index Scan using sbtest7_pkey on sbtest7  (cost=0.43..424.25 rows=107 width=125)
	  Index Cond: ((id >= 4401071) AND (id <= 4401171))

table 8 : explain SELECT id, c FROM sbtest8 WHERE id BETWEEN 4401071 AND 4401171
	Index Scan using sbtest8_pkey on sbtest8  (cost=0.43..407.55 rows=103 width=125)
	  Index Cond: ((id >= 4401071) AND (id <= 4401171))

for range-notcovered
table 1 : explain SELECT id, c FROM sbtest1 WHERE id BETWEEN 8565391 AND 8565491
	Index Scan using sbtest1_pkey on sbtest1  (cost=0.43..386.27 rows=97 width=125)
	  Index Cond: ((id >= 8565391) AND (id <= 8565491))

table 2 : explain SELECT id, c FROM sbtest2 WHERE id BETWEEN 8565391 AND 8565491
	Index Scan using sbtest2_pkey on sbtest2  (cost=0.43..408.82 rows=103 width=125)
	  Index Cond: ((id >= 8565391) AND (id <= 8565491))

table 3 : explain SELECT id, c FROM sbtest3 WHERE id BETWEEN 8565391 AND 8565491
	Index Scan using sbtest3_pkey on sbtest3  (cost=0.43..433.44 rows=109 width=125)
	  Index Cond: ((id >= 8565391) AND (id <= 8565491))

table 4 : explain SELECT id, c FROM sbtest4 WHERE id BETWEEN 8565391 AND 8565491
	Index Scan using sbtest4_pkey on sbtest4  (cost=0.43..381.11 rows=96 width=125)
	  Index Cond: ((id >= 8565391) AND (id <= 8565491))

table 5 : explain SELECT id, c FROM sbtest5 WHERE id BETWEEN 8565391 AND 8565491
	Index Scan using sbtest5_pkey on sbtest5  (cost=0.43..393.27 rows=99 width=125)
	  Index Cond: ((id >= 8565391) AND (id <= 8565491))

table 6 : explain SELECT id, c FROM sbtest6 WHERE id BETWEEN 8565391 AND 8565491
	Index Scan using sbtest6_pkey on sbtest6  (cost=0.43..367.05 rows=92 width=125)
	  Index Cond: ((id >= 8565391) AND (id <= 8565491))

table 7 : explain SELECT id, c FROM sbtest7 WHERE id BETWEEN 8565391 AND 8565491
	Index Scan using sbtest7_pkey on sbtest7  (cost=0.43..416.41 rows=105 width=125)
	  Index Cond: ((id >= 8565391) AND (id <= 8565491))

table 8 : explain SELECT id, c FROM sbtest8 WHERE id BETWEEN 8565391 AND 8565491
	Index Scan using sbtest8_pkey on sbtest8  (cost=0.43..395.81 rows=100 width=125)
	  Index Cond: ((id >= 8565391) AND (id <= 8565491))

explain: for range-notcovered :: explain SELECT id, c FROM sbtest%d WHERE id BETWEEN 8565391 AND 8565491
for range-notcovered
table 1 : explain SELECT id, c FROM sbtest1 WHERE id BETWEEN 5257161 AND 5257261
	Index Scan using sbtest1_pkey on sbtest1  (cost=0.43..378.40 rows=95 width=125)
	  Index Cond: ((id >= 5257161) AND (id <= 5257261))

table 2 : explain SELECT id, c FROM sbtest2 WHERE id BETWEEN 5257161 AND 5257261
	Index Scan using sbtest2_pkey on sbtest2  (cost=0.43..420.59 rows=106 width=125)
	  Index Cond: ((id >= 5257161) AND (id <= 5257261))

table 3 : explain SELECT id, c FROM sbtest3 WHERE id BETWEEN 5257161 AND 5257261
	Index Scan using sbtest3_pkey on sbtest3  (cost=0.43..421.64 rows=106 width=125)
	  Index Cond: ((id >= 5257161) AND (id <= 5257261))

table 4 : explain SELECT id, c FROM sbtest4 WHERE id BETWEEN 5257161 AND 5257261
	Index Scan using sbtest4_pkey on sbtest4  (cost=0.43..377.19 rows=95 width=125)
	  Index Cond: ((id >= 5257161) AND (id <= 5257261))

table 5 : explain SELECT id, c FROM sbtest5 WHERE id BETWEEN 5257161 AND 5257261
	Index Scan using sbtest5_pkey on sbtest5  (cost=0.43..420.75 rows=106 width=125)
	  Index Cond: ((id >= 5257161) AND (id <= 5257261))

table 6 : explain SELECT id, c FROM sbtest6 WHERE id BETWEEN 5257161 AND 5257261
	Index Scan using sbtest6_pkey on sbtest6  (cost=0.43..386.78 rows=97 width=125)
	  Index Cond: ((id >= 5257161) AND (id <= 5257261))

table 7 : explain SELECT id, c FROM sbtest7 WHERE id BETWEEN 5257161 AND 5257261
	Index Scan using sbtest7_pkey on sbtest7  (cost=0.43..377.16 rows=95 width=125)
	  Index Cond: ((id >= 5257161) AND (id <= 5257261))

table 8 : explain SELECT id, c FROM sbtest8 WHERE id BETWEEN 5257161 AND 5257261
	Index Scan using sbtest8_pkey on sbtest8  (cost=0.43..380.16 rows=96 width=125)
	  Index Cond: ((id >= 5257161) AND (id <= 5257261))

explain: for range-notcovered :: explain SELECT id, c FROM sbtest%d WHERE id BETWEEN 5257161 AND 5257261
explain: for range-notcovered :: explain SELECT id, c FROM sbtest%d WHERE id BETWEEN 2646862 AND 2646962
for range-notcovered
table 1 : explain SELECT id, c FROM sbtest1 WHERE id BETWEEN 2288923 AND 2289023
	Index Scan using sbtest1_pkey on sbtest1  (cost=0.43..429.55 rows=108 width=125)
	  Index Cond: ((id >= 2288923) AND (id <= 2289023))

table 2 : explain SELECT id, c FROM sbtest2 WHERE id BETWEEN 2288923 AND 2289023
	Index Scan using sbtest2_pkey on sbtest2  (cost=0.43..369.55 rows=93 width=125)
	  Index Cond: ((id >= 2288923) AND (id <= 2289023))

table 3 : explain SELECT id, c FROM sbtest3 WHERE id BETWEEN 2288923 AND 2289023
	Index Scan using sbtest3_pkey on sbtest3  (cost=0.43..401.96 rows=101 width=125)
	  Index Cond: ((id >= 2288923) AND (id <= 2289023))

table 4 : explain SELECT id, c FROM sbtest4 WHERE id BETWEEN 2288923 AND 2289023
	Index Scan using sbtest4_pkey on sbtest4  (cost=0.43..388.95 rows=98 width=125)
	  Index Cond: ((id >= 2288923) AND (id <= 2289023))

table 5 : explain SELECT id, c FROM sbtest5 WHERE id BETWEEN 2288923 AND 2289023
	Index Scan using sbtest5_pkey on sbtest5  (cost=0.43..385.42 rows=97 width=125)
	  Index Cond: ((id >= 2288923) AND (id <= 2289023))

table 6 : explain SELECT id, c FROM sbtest6 WHERE id BETWEEN 2288923 AND 2289023
	Index Scan using sbtest6_pkey on sbtest6  (cost=0.43..390.72 rows=98 width=125)
	  Index Cond: ((id >= 2288923) AND (id <= 2289023))

table 7 : explain SELECT id, c FROM sbtest7 WHERE id BETWEEN 2288923 AND 2289023
	Index Scan using sbtest7_pkey on sbtest7  (cost=0.43..404.64 rows=102 width=125)
	  Index Cond: ((id >= 2288923) AND (id <= 2289023))

table 8 : explain SELECT id, c FROM sbtest8 WHERE id BETWEEN 2288923 AND 2289023
	Index Scan using sbtest8_pkey on sbtest8  (cost=0.43..384.08 rows=97 width=125)
	  Index Cond: ((id >= 2288923) AND (id <= 2289023))

explain: for range-notcovered :: explain SELECT id, c FROM sbtest%d WHERE id BETWEEN 2288923 AND 2289023
for range-notcovered
table 1 : explain SELECT id, c FROM sbtest1 WHERE id BETWEEN 8565391 AND 8565491
	Index Scan using sbtest1_pkey on sbtest1  (cost=0.43..386.27 rows=97 width=125)
	  Index Cond: ((id >= 8565391) AND (id <= 8565491))

table 2 : explain SELECT id, c FROM sbtest2 WHERE id BETWEEN 8565391 AND 8565491
	Index Scan using sbtest2_pkey on sbtest2  (cost=0.43..408.82 rows=103 width=125)
	  Index Cond: ((id >= 8565391) AND (id <= 8565491))

table 3 : explain SELECT id, c FROM sbtest3 WHERE id BETWEEN 8565391 AND 8565491
	Index Scan using sbtest3_pkey on sbtest3  (cost=0.43..433.44 rows=109 width=125)
	  Index Cond: ((id >= 8565391) AND (id <= 8565491))

table 4 : explain SELECT id, c FROM sbtest4 WHERE id BETWEEN 8565391 AND 8565491
	Index Scan using sbtest4_pkey on sbtest4  (cost=0.43..381.11 rows=96 width=125)
	  Index Cond: ((id >= 8565391) AND (id <= 8565491))

table 5 : explain SELECT id, c FROM sbtest5 WHERE id BETWEEN 8565391 AND 8565491
	Index Scan using sbtest5_pkey on sbtest5  (cost=0.43..393.27 rows=99 width=125)
	  Index Cond: ((id >= 8565391) AND (id <= 8565491))

table 6 : explain SELECT id, c FROM sbtest6 WHERE id BETWEEN 8565391 AND 8565491
	Index Scan using sbtest6_pkey on sbtest6  (cost=0.43..367.05 rows=92 width=125)
	  Index Cond: ((id >= 8565391) AND (id <= 8565491))

table 7 : explain SELECT id, c FROM sbtest7 WHERE id BETWEEN 8565391 AND 8565491
	Index Scan using sbtest7_pkey on sbtest7  (cost=0.43..416.41 rows=105 width=125)
	  Index Cond: ((id >= 8565391) AND (id <= 8565491))

table 8 : explain SELECT id, c FROM sbtest8 WHERE id BETWEEN 8565391 AND 8565491
	Index Scan using sbtest8_pkey on sbtest8  (cost=0.43..395.81 rows=100 width=125)
	  Index Cond: ((id >= 8565391) AND (id <= 8565491))

explain: for range-notcovered :: explain SELECT id, c FROM sbtest%d WHERE id BETWEEN 8565391 AND 8565491
for range-notcovered
table 1 : explain SELECT id, c FROM sbtest1 WHERE id BETWEEN 4400079 AND 4400179
	Index Scan using sbtest1_pkey on sbtest1  (cost=0.43..413.81 rows=104 width=125)
	  Index Cond: ((id >= 4400079) AND (id <= 4400179))

table 2 : explain SELECT id, c FROM sbtest2 WHERE id BETWEEN 4400079 AND 4400179
	Index Scan using sbtest2_pkey on sbtest2  (cost=0.43..349.93 rows=88 width=125)
	  Index Cond: ((id >= 4400079) AND (id <= 4400179))

table 3 : explain SELECT id, c FROM sbtest3 WHERE id BETWEEN 4400079 AND 4400179
	Index Scan using sbtest3_pkey on sbtest3  (cost=0.43..405.90 rows=102 width=125)
	  Index Cond: ((id >= 4400079) AND (id <= 4400179))

table 4 : explain SELECT id, c FROM sbtest4 WHERE id BETWEEN 4400079 AND 4400179
	Index Scan using sbtest4_pkey on sbtest4  (cost=0.43..424.25 rows=107 width=125)
	  Index Cond: ((id >= 4400079) AND (id <= 4400179))

table 5 : explain SELECT id, c FROM sbtest5 WHERE id BETWEEN 4400079 AND 4400179
	Index Scan using sbtest5_pkey on sbtest5  (cost=0.43..401.12 rows=101 width=125)
	  Index Cond: ((id >= 4400079) AND (id <= 4400179))

table 6 : explain SELECT id, c FROM sbtest6 WHERE id BETWEEN 4400079 AND 4400179
	Index Scan using sbtest6_pkey on sbtest6  (cost=0.43..410.42 rows=103 width=125)
	  Index Cond: ((id >= 4400079) AND (id <= 4400179))

table 7 : explain SELECT id, c FROM sbtest7 WHERE id BETWEEN 4400079 AND 4400179
	Index Scan using sbtest7_pkey on sbtest7  (cost=0.43..424.25 rows=107 width=125)
	  Index Cond: ((id >= 4400079) AND (id <= 4400179))

table 8 : explain SELECT id, c FROM sbtest8 WHERE id BETWEEN 4400079 AND 4400179
	Index Scan using sbtest8_pkey on sbtest8  (cost=0.43..407.55 rows=103 width=125)
	  Index Cond: ((id >= 4400079) AND (id <= 4400179))

for range-notcovered
table 1 : explain SELECT id, c FROM sbtest1 WHERE id BETWEEN 5257161 AND 5257261
	Index Scan using sbtest1_pkey on sbtest1  (cost=0.43..378.40 rows=95 width=125)
	  Index Cond: ((id >= 5257161) AND (id <= 5257261))

table 2 : explain SELECT id, c FROM sbtest2 WHERE id BETWEEN 5257161 AND 5257261
	Index Scan using sbtest2_pkey on sbtest2  (cost=0.43..420.59 rows=106 width=125)
	  Index Cond: ((id >= 5257161) AND (id <= 5257261))

table 3 : explain SELECT id, c FROM sbtest3 WHERE id BETWEEN 5257161 AND 5257261
	Index Scan using sbtest3_pkey on sbtest3  (cost=0.43..421.64 rows=106 width=125)
	  Index Cond: ((id >= 5257161) AND (id <= 5257261))

table 4 : explain SELECT id, c FROM sbtest4 WHERE id BETWEEN 5257161 AND 5257261
	Index Scan using sbtest4_pkey on sbtest4  (cost=0.43..377.19 rows=95 width=125)
	  Index Cond: ((id >= 5257161) AND (id <= 5257261))

table 5 : explain SELECT id, c FROM sbtest5 WHERE id BETWEEN 5257161 AND 5257261
	Index Scan using sbtest5_pkey on sbtest5  (cost=0.43..420.75 rows=106 width=125)
	  Index Cond: ((id >= 5257161) AND (id <= 5257261))

table 6 : explain SELECT id, c FROM sbtest6 WHERE id BETWEEN 5257161 AND 5257261
	Index Scan using sbtest6_pkey on sbtest6  (cost=0.43..386.78 rows=97 width=125)
	  Index Cond: ((id >= 5257161) AND (id <= 5257261))

table 7 : explain SELECT id, c FROM sbtest7 WHERE id BETWEEN 5257161 AND 5257261
	Index Scan using sbtest7_pkey on sbtest7  (cost=0.43..377.16 rows=95 width=125)
	  Index Cond: ((id >= 5257161) AND (id <= 5257261))

table 8 : explain SELECT id, c FROM sbtest8 WHERE id BETWEEN 5257161 AND 5257261
	Index Scan using sbtest8_pkey on sbtest8  (cost=0.43..380.16 rows=96 width=125)
	  Index Cond: ((id >= 5257161) AND (id <= 5257261))

explain: for range-notcovered :: explain SELECT id, c FROM sbtest%d WHERE id BETWEEN 5257161 AND 5257261
for range-notcovered
table 1 : explain SELECT id, c FROM sbtest1 WHERE id BETWEEN 2288923 AND 2289023
	Index Scan using sbtest1_pkey on sbtest1  (cost=0.43..429.55 rows=108 width=125)
	  Index Cond: ((id >= 2288923) AND (id <= 2289023))

table 2 : explain SELECT id, c FROM sbtest2 WHERE id BETWEEN 2288923 AND 2289023
	Index Scan using sbtest2_pkey on sbtest2  (cost=0.43..369.55 rows=93 width=125)
	  Index Cond: ((id >= 2288923) AND (id <= 2289023))

table 3 : explain SELECT id, c FROM sbtest3 WHERE id BETWEEN 2288923 AND 2289023
	Index Scan using sbtest3_pkey on sbtest3  (cost=0.43..401.96 rows=101 width=125)
	  Index Cond: ((id >= 2288923) AND (id <= 2289023))

table 4 : explain SELECT id, c FROM sbtest4 WHERE id BETWEEN 2288923 AND 2289023
	Index Scan using sbtest4_pkey on sbtest4  (cost=0.43..388.95 rows=98 width=125)
	  Index Cond: ((id >= 2288923) AND (id <= 2289023))

table 5 : explain SELECT id, c FROM sbtest5 WHERE id BETWEEN 2288923 AND 2289023
	Index Scan using sbtest5_pkey on sbtest5  (cost=0.43..385.42 rows=97 width=125)
	  Index Cond: ((id >= 2288923) AND (id <= 2289023))

table 6 : explain SELECT id, c FROM sbtest6 WHERE id BETWEEN 2288923 AND 2289023
	Index Scan using sbtest6_pkey on sbtest6  (cost=0.43..390.72 rows=98 width=125)
	  Index Cond: ((id >= 2288923) AND (id <= 2289023))

table 7 : explain SELECT id, c FROM sbtest7 WHERE id BETWEEN 2288923 AND 2289023
	Index Scan using sbtest7_pkey on sbtest7  (cost=0.43..404.64 rows=102 width=125)
	  Index Cond: ((id >= 2288923) AND (id <= 2289023))

table 8 : explain SELECT id, c FROM sbtest8 WHERE id BETWEEN 2288923 AND 2289023
	Index Scan using sbtest8_pkey on sbtest8  (cost=0.43..384.08 rows=97 width=125)
	  Index Cond: ((id >= 2288923) AND (id <= 2289023))

explain: for range-notcovered :: explain SELECT id, c FROM sbtest%d WHERE id BETWEEN 2288923 AND 2289023
for range-notcovered
table 1 : explain SELECT id, c FROM sbtest1 WHERE id BETWEEN 4886609 AND 4886709
	Index Scan using sbtest1_pkey on sbtest1  (cost=0.43..390.20 rows=98 width=125)
	  Index Cond: ((id >= 4886609) AND (id <= 4886709))

table 2 : explain SELECT id, c FROM sbtest2 WHERE id BETWEEN 4886609 AND 4886709
	Index Scan using sbtest2_pkey on sbtest2  (cost=0.43..412.75 rows=104 width=125)
	  Index Cond: ((id >= 4886609) AND (id <= 4886709))

table 3 : explain SELECT id, c FROM sbtest3 WHERE id BETWEEN 4886609 AND 4886709
	Index Scan using sbtest3_pkey on sbtest3  (cost=0.43..409.83 rows=103 width=125)
	  Index Cond: ((id >= 4886609) AND (id <= 4886709))

table 4 : explain SELECT id, c FROM sbtest4 WHERE id BETWEEN 4886609 AND 4886709
	Index Scan using sbtest4_pkey on sbtest4  (cost=0.43..404.64 rows=102 width=125)
	  Index Cond: ((id >= 4886609) AND (id <= 4886709))

table 5 : explain SELECT id, c FROM sbtest5 WHERE id BETWEEN 4886609 AND 4886709
	Index Scan using sbtest5_pkey on sbtest5  (cost=0.43..397.20 rows=100 width=125)
	  Index Cond: ((id >= 4886609) AND (id <= 4886709))

table 6 : explain SELECT id, c FROM sbtest6 WHERE id BETWEEN 4886609 AND 4886709
	Index Scan using sbtest6_pkey on sbtest6  (cost=0.43..359.17 rows=90 width=125)
	  Index Cond: ((id >= 4886609) AND (id <= 4886709))

table 7 : explain SELECT id, c FROM sbtest7 WHERE id BETWEEN 4886609 AND 4886709
	Index Scan using sbtest7_pkey on sbtest7  (cost=0.43..420.33 rows=106 width=125)
	  Index Cond: ((id >= 4886609) AND (id <= 4886709))

table 8 : explain SELECT id, c FROM sbtest8 WHERE id BETWEEN 4886609 AND 4886709
	Index Scan using sbtest8_pkey on sbtest8  (cost=0.43..411.46 rows=104 width=125)
	  Index Cond: ((id >= 4886609) AND (id <= 4886709))

for range-notcovered
table 1 : explain SELECT id, c FROM sbtest1 WHERE id BETWEEN 5257161 AND 5257261
	Index Scan using sbtest1_pkey on sbtest1  (cost=0.43..378.40 rows=95 width=125)
	  Index Cond: ((id >= 5257161) AND (id <= 5257261))

table 2 : explain SELECT id, c FROM sbtest2 WHERE id BETWEEN 5257161 AND 5257261
	Index Scan using sbtest2_pkey on sbtest2  (cost=0.43..420.59 rows=106 width=125)
	  Index Cond: ((id >= 5257161) AND (id <= 5257261))

table 3 : explain SELECT id, c FROM sbtest3 WHERE id BETWEEN 5257161 AND 5257261
	Index Scan using sbtest3_pkey on sbtest3  (cost=0.43..421.64 rows=106 width=125)
	  Index Cond: ((id >= 5257161) AND (id <= 5257261))

table 4 : explain SELECT id, c FROM sbtest4 WHERE id BETWEEN 5257161 AND 5257261
	Index Scan using sbtest4_pkey on sbtest4  (cost=0.43..377.19 rows=95 width=125)
	  Index Cond: ((id >= 5257161) AND (id <= 5257261))

table 5 : explain SELECT id, c FROM sbtest5 WHERE id BETWEEN 5257161 AND 5257261
	Index Scan using sbtest5_pkey on sbtest5  (cost=0.43..420.75 rows=106 width=125)
	  Index Cond: ((id >= 5257161) AND (id <= 5257261))

table 6 : explain SELECT id, c FROM sbtest6 WHERE id BETWEEN 5257161 AND 5257261
	Index Scan using sbtest6_pkey on sbtest6  (cost=0.43..386.78 rows=97 width=125)
	  Index Cond: ((id >= 5257161) AND (id <= 5257261))

table 7 : explain SELECT id, c FROM sbtest7 WHERE id BETWEEN 5257161 AND 5257261
	Index Scan using sbtest7_pkey on sbtest7  (cost=0.43..377.16 rows=95 width=125)
	  Index Cond: ((id >= 5257161) AND (id <= 5257261))

table 8 : explain SELECT id, c FROM sbtest8 WHERE id BETWEEN 5257161 AND 5257261
	Index Scan using sbtest8_pkey on sbtest8  (cost=0.43..380.16 rows=96 width=125)
	  Index Cond: ((id >= 5257161) AND (id <= 5257261))

for range-notcovered
table 1 : explain SELECT id, c FROM sbtest1 WHERE id BETWEEN 7777835 AND 7777935
	Index Scan using sbtest1_pkey on sbtest1  (cost=0.43..402.01 rows=101 width=125)
	  Index Cond: ((id >= 7777835) AND (id <= 7777935))

table 2 : explain SELECT id, c FROM sbtest2 WHERE id BETWEEN 7777835 AND 7777935
	Index Scan using sbtest2_pkey on sbtest2  (cost=0.43..404.90 rows=102 width=125)
	  Index Cond: ((id >= 7777835) AND (id <= 7777935))

table 3 : explain SELECT id, c FROM sbtest3 WHERE id BETWEEN 7777835 AND 7777935
	Index Scan using sbtest3_pkey on sbtest3  (cost=0.43..405.90 rows=102 width=125)
	  Index Cond: ((id >= 7777835) AND (id <= 7777935))

table 4 : explain SELECT id, c FROM sbtest4 WHERE id BETWEEN 7777835 AND 7777935
	Index Scan using sbtest4_pkey on sbtest4  (cost=0.43..416.40 rows=105 width=125)
	  Index Cond: ((id >= 7777835) AND (id <= 7777935))

table 5 : explain SELECT id, c FROM sbtest5 WHERE id BETWEEN 7777835 AND 7777935
	Index Scan using sbtest5_pkey on sbtest5  (cost=0.43..401.12 rows=101 width=125)
	  Index Cond: ((id >= 7777835) AND (id <= 7777935))

table 6 : explain SELECT id, c FROM sbtest6 WHERE id BETWEEN 7777835 AND 7777935
	Index Scan using sbtest6_pkey on sbtest6  (cost=0.43..347.35 rows=87 width=125)
	  Index Cond: ((id >= 7777835) AND (id <= 7777935))

table 7 : explain SELECT id, c FROM sbtest7 WHERE id BETWEEN 7777835 AND 7777935
	Index Scan using sbtest7_pkey on sbtest7  (cost=0.43..432.09 rows=109 width=125)
	  Index Cond: ((id >= 7777835) AND (id <= 7777935))

table 8 : explain SELECT id, c FROM sbtest8 WHERE id BETWEEN 7777835 AND 7777935
	Index Scan using sbtest8_pkey on sbtest8  (cost=0.43..407.55 rows=103 width=125)
	  Index Cond: ((id >= 7777835) AND (id <= 7777935))

explain: for range-notcovered :: explain SELECT id, c FROM sbtest%d WHERE id BETWEEN 5257161 AND 5257261
explain: for range-notcovered :: explain SELECT id, c FROM sbtest%d WHERE id BETWEEN 7777835 AND 7777935
for range-notcovered
table 1 : explain SELECT id, c FROM sbtest1 WHERE id BETWEEN 2288923 AND 2289023
	Index Scan using sbtest1_pkey on sbtest1  (cost=0.43..429.55 rows=108 width=125)
	  Index Cond: ((id >= 2288923) AND (id <= 2289023))

table 2 : explain SELECT id, c FROM sbtest2 WHERE id BETWEEN 2288923 AND 2289023
	Index Scan using sbtest2_pkey on sbtest2  (cost=0.43..369.55 rows=93 width=125)
	  Index Cond: ((id >= 2288923) AND (id <= 2289023))

table 3 : explain SELECT id, c FROM sbtest3 WHERE id BETWEEN 2288923 AND 2289023
	Index Scan using sbtest3_pkey on sbtest3  (cost=0.43..401.96 rows=101 width=125)
	  Index Cond: ((id >= 2288923) AND (id <= 2289023))

table 4 : explain SELECT id, c FROM sbtest4 WHERE id BETWEEN 2288923 AND 2289023
	Index Scan using sbtest4_pkey on sbtest4  (cost=0.43..388.95 rows=98 width=125)
	  Index Cond: ((id >= 2288923) AND (id <= 2289023))

table 5 : explain SELECT id, c FROM sbtest5 WHERE id BETWEEN 2288923 AND 2289023
	Index Scan using sbtest5_pkey on sbtest5  (cost=0.43..385.42 rows=97 width=125)
	  Index Cond: ((id >= 2288923) AND (id <= 2289023))

table 6 : explain SELECT id, c FROM sbtest6 WHERE id BETWEEN 2288923 AND 2289023
	Index Scan using sbtest6_pkey on sbtest6  (cost=0.43..390.72 rows=98 width=125)
	  Index Cond: ((id >= 2288923) AND (id <= 2289023))

table 7 : explain SELECT id, c FROM sbtest7 WHERE id BETWEEN 2288923 AND 2289023
	Index Scan using sbtest7_pkey on sbtest7  (cost=0.43..404.64 rows=102 width=125)
	  Index Cond: ((id >= 2288923) AND (id <= 2289023))

table 8 : explain SELECT id, c FROM sbtest8 WHERE id BETWEEN 2288923 AND 2289023
	Index Scan using sbtest8_pkey on sbtest8  (cost=0.43..384.08 rows=97 width=125)
	  Index Cond: ((id >= 2288923) AND (id <= 2289023))

explain: for range-notcovered :: explain SELECT id, c FROM sbtest%d WHERE id BETWEEN 2288923 AND 2289023
explain: for range-notcovered :: explain SELECT id, c FROM sbtest%d WHERE id BETWEEN 8878986 AND 8879086
for range-notcovered
table 1 : explain SELECT id, c FROM sbtest1 WHERE id BETWEEN 7777835 AND 7777935
	Index Scan using sbtest1_pkey on sbtest1  (cost=0.43..402.01 rows=101 width=125)
	  Index Cond: ((id >= 7777835) AND (id <= 7777935))

table 2 : explain SELECT id, c FROM sbtest2 WHERE id BETWEEN 7777835 AND 7777935
	Index Scan using sbtest2_pkey on sbtest2  (cost=0.43..404.90 rows=102 width=125)
	  Index Cond: ((id >= 7777835) AND (id <= 7777935))

table 3 : explain SELECT id, c FROM sbtest3 WHERE id BETWEEN 7777835 AND 7777935
	Index Scan using sbtest3_pkey on sbtest3  (cost=0.43..405.90 rows=102 width=125)
	  Index Cond: ((id >= 7777835) AND (id <= 7777935))

table 4 : explain SELECT id, c FROM sbtest4 WHERE id BETWEEN 7777835 AND 7777935
	Index Scan using sbtest4_pkey on sbtest4  (cost=0.43..416.40 rows=105 width=125)
	  Index Cond: ((id >= 7777835) AND (id <= 7777935))

table 5 : explain SELECT id, c FROM sbtest5 WHERE id BETWEEN 7777835 AND 7777935
	Index Scan using sbtest5_pkey on sbtest5  (cost=0.43..401.12 rows=101 width=125)
	  Index Cond: ((id >= 7777835) AND (id <= 7777935))

table 6 : explain SELECT id, c FROM sbtest6 WHERE id BETWEEN 7777835 AND 7777935
	Index Scan using sbtest6_pkey on sbtest6  (cost=0.43..347.35 rows=87 width=125)
	  Index Cond: ((id >= 7777835) AND (id <= 7777935))

table 7 : explain SELECT id, c FROM sbtest7 WHERE id BETWEEN 7777835 AND 7777935
	Index Scan using sbtest7_pkey on sbtest7  (cost=0.43..432.09 rows=109 width=125)
	  Index Cond: ((id >= 7777835) AND (id <= 7777935))

table 8 : explain SELECT id, c FROM sbtest8 WHERE id BETWEEN 7777835 AND 7777935
	Index Scan using sbtest8_pkey on sbtest8  (cost=0.43..407.55 rows=103 width=125)
	  Index Cond: ((id >= 7777835) AND (id <= 7777935))

explain: for range-notcovered :: explain SELECT id, c FROM sbtest%d WHERE id BETWEEN 7777835 AND 7777935
for range-notcovered
table 1 : explain SELECT id, c FROM sbtest1 WHERE id BETWEEN 2288923 AND 2289023
	Index Scan using sbtest1_pkey on sbtest1  (cost=0.43..429.55 rows=108 width=125)
	  Index Cond: ((id >= 2288923) AND (id <= 2289023))

table 2 : explain SELECT id, c FROM sbtest2 WHERE id BETWEEN 2288923 AND 2289023
	Index Scan using sbtest2_pkey on sbtest2  (cost=0.43..369.55 rows=93 width=125)
	  Index Cond: ((id >= 2288923) AND (id <= 2289023))

table 3 : explain SELECT id, c FROM sbtest3 WHERE id BETWEEN 2288923 AND 2289023
	Index Scan using sbtest3_pkey on sbtest3  (cost=0.43..401.96 rows=101 width=125)
	  Index Cond: ((id >= 2288923) AND (id <= 2289023))

table 4 : explain SELECT id, c FROM sbtest4 WHERE id BETWEEN 2288923 AND 2289023
	Index Scan using sbtest4_pkey on sbtest4  (cost=0.43..388.95 rows=98 width=125)
	  Index Cond: ((id >= 2288923) AND (id <= 2289023))

table 5 : explain SELECT id, c FROM sbtest5 WHERE id BETWEEN 2288923 AND 2289023
	Index Scan using sbtest5_pkey on sbtest5  (cost=0.43..385.42 rows=97 width=125)
	  Index Cond: ((id >= 2288923) AND (id <= 2289023))

table 6 : explain SELECT id, c FROM sbtest6 WHERE id BETWEEN 2288923 AND 2289023
	Index Scan using sbtest6_pkey on sbtest6  (cost=0.43..390.72 rows=98 width=125)
	  Index Cond: ((id >= 2288923) AND (id <= 2289023))

table 7 : explain SELECT id, c FROM sbtest7 WHERE id BETWEEN 2288923 AND 2289023
	Index Scan using sbtest7_pkey on sbtest7  (cost=0.43..404.64 rows=102 width=125)
	  Index Cond: ((id >= 2288923) AND (id <= 2289023))

table 8 : explain SELECT id, c FROM sbtest8 WHERE id BETWEEN 2288923 AND 2289023
	Index Scan using sbtest8_pkey on sbtest8  (cost=0.43..384.08 rows=97 width=125)
	  Index Cond: ((id >= 2288923) AND (id <= 2289023))

explain: for range-notcovered :: explain SELECT id, c FROM sbtest%d WHERE id BETWEEN 1255056 AND 1255156
explain: for range-notcovered :: explain SELECT id, c FROM sbtest%d WHERE id BETWEEN 2288923 AND 2289023
for range-notcovered
table 1 : explain SELECT id, c FROM sbtest1 WHERE id BETWEEN 7777835 AND 7777935
	Index Scan using sbtest1_pkey on sbtest1  (cost=0.43..402.01 rows=101 width=125)
	  Index Cond: ((id >= 7777835) AND (id <= 7777935))

table 2 : explain SELECT id, c FROM sbtest2 WHERE id BETWEEN 7777835 AND 7777935
	Index Scan using sbtest2_pkey on sbtest2  (cost=0.43..404.90 rows=102 width=125)
	  Index Cond: ((id >= 7777835) AND (id <= 7777935))

table 3 : explain SELECT id, c FROM sbtest3 WHERE id BETWEEN 7777835 AND 7777935
	Index Scan using sbtest3_pkey on sbtest3  (cost=0.43..405.90 rows=102 width=125)
	  Index Cond: ((id >= 7777835) AND (id <= 7777935))

table 4 : explain SELECT id, c FROM sbtest4 WHERE id BETWEEN 7777835 AND 7777935
	Index Scan using sbtest4_pkey on sbtest4  (cost=0.43..416.40 rows=105 width=125)
	  Index Cond: ((id >= 7777835) AND (id <= 7777935))

table 5 : explain SELECT id, c FROM sbtest5 WHERE id BETWEEN 7777835 AND 7777935
	Index Scan using sbtest5_pkey on sbtest5  (cost=0.43..401.12 rows=101 width=125)
	  Index Cond: ((id >= 7777835) AND (id <= 7777935))

table 6 : explain SELECT id, c FROM sbtest6 WHERE id BETWEEN 7777835 AND 7777935
	Index Scan using sbtest6_pkey on sbtest6  (cost=0.43..347.35 rows=87 width=125)
	  Index Cond: ((id >= 7777835) AND (id <= 7777935))

table 7 : explain SELECT id, c FROM sbtest7 WHERE id BETWEEN 7777835 AND 7777935
	Index Scan using sbtest7_pkey on sbtest7  (cost=0.43..432.09 rows=109 width=125)
	  Index Cond: ((id >= 7777835) AND (id <= 7777935))

table 8 : explain SELECT id, c FROM sbtest8 WHERE id BETWEEN 7777835 AND 7777935
	Index Scan using sbtest8_pkey on sbtest8  (cost=0.43..407.55 rows=103 width=125)
	  Index Cond: ((id >= 7777835) AND (id <= 7777935))

for range-notcovered
table 1 : explain SELECT id, c FROM sbtest1 WHERE id BETWEEN 5074200 AND 5074300
	Index Scan using sbtest1_pkey on sbtest1  (cost=0.43..402.01 rows=101 width=125)
	  Index Cond: ((id >= 5074200) AND (id <= 5074300))

table 2 : explain SELECT id, c FROM sbtest2 WHERE id BETWEEN 5074200 AND 5074300
	Index Scan using sbtest2_pkey on sbtest2  (cost=0.43..381.35 rows=96 width=125)
	  Index Cond: ((id >= 5074200) AND (id <= 5074300))

table 3 : explain SELECT id, c FROM sbtest3 WHERE id BETWEEN 5074200 AND 5074300
	Index Scan using sbtest3_pkey on sbtest3  (cost=0.43..421.64 rows=106 width=125)
	  Index Cond: ((id >= 5074200) AND (id <= 5074300))

table 4 : explain SELECT id, c FROM sbtest4 WHERE id BETWEEN 5074200 AND 5074300
	Index Scan using sbtest4_pkey on sbtest4  (cost=0.43..400.72 rows=101 width=125)
	  Index Cond: ((id >= 5074200) AND (id <= 5074300))

table 5 : explain SELECT id, c FROM sbtest5 WHERE id BETWEEN 5074200 AND 5074300
	Index Scan using sbtest5_pkey on sbtest5  (cost=0.43..412.90 rows=104 width=125)
	  Index Cond: ((id >= 5074200) AND (id <= 5074300))

table 6 : explain SELECT id, c FROM sbtest6 WHERE id BETWEEN 5074200 AND 5074300
	Index Scan using sbtest6_pkey on sbtest6  (cost=0.43..367.05 rows=92 width=125)
	  Index Cond: ((id >= 5074200) AND (id <= 5074300))

table 7 : explain SELECT id, c FROM sbtest7 WHERE id BETWEEN 5074200 AND 5074300
	Index Scan using sbtest7_pkey on sbtest7  (cost=0.43..428.17 rows=108 width=125)
	  Index Cond: ((id >= 5074200) AND (id <= 5074300))

table 8 : explain SELECT id, c FROM sbtest8 WHERE id BETWEEN 5074200 AND 5074300
	Index Scan using sbtest8_pkey on sbtest8  (cost=0.43..387.99 rows=98 width=125)
	  Index Cond: ((id >= 5074200) AND (id <= 5074300))

for range-notcovered
table 1 : explain SELECT id, c FROM sbtest1 WHERE id BETWEEN 2288923 AND 2289023
	Index Scan using sbtest1_pkey on sbtest1  (cost=0.43..429.55 rows=108 width=125)
	  Index Cond: ((id >= 2288923) AND (id <= 2289023))

table 2 : explain SELECT id, c FROM sbtest2 WHERE id BETWEEN 2288923 AND 2289023
	Index Scan using sbtest2_pkey on sbtest2  (cost=0.43..369.55 rows=93 width=125)
	  Index Cond: ((id >= 2288923) AND (id <= 2289023))

table 3 : explain SELECT id, c FROM sbtest3 WHERE id BETWEEN 2288923 AND 2289023
	Index Scan using sbtest3_pkey on sbtest3  (cost=0.43..401.96 rows=101 width=125)
	  Index Cond: ((id >= 2288923) AND (id <= 2289023))

table 4 : explain SELECT id, c FROM sbtest4 WHERE id BETWEEN 2288923 AND 2289023
	Index Scan using sbtest4_pkey on sbtest4  (cost=0.43..388.95 rows=98 width=125)
	  Index Cond: ((id >= 2288923) AND (id <= 2289023))

table 5 : explain SELECT id, c FROM sbtest5 WHERE id BETWEEN 2288923 AND 2289023
	Index Scan using sbtest5_pkey on sbtest5  (cost=0.43..385.42 rows=97 width=125)
	  Index Cond: ((id >= 2288923) AND (id <= 2289023))

table 6 : explain SELECT id, c FROM sbtest6 WHERE id BETWEEN 2288923 AND 2289023
	Index Scan using sbtest6_pkey on sbtest6  (cost=0.43..390.72 rows=98 width=125)
	  Index Cond: ((id >= 2288923) AND (id <= 2289023))

table 7 : explain SELECT id, c FROM sbtest7 WHERE id BETWEEN 2288923 AND 2289023
	Index Scan using sbtest7_pkey on sbtest7  (cost=0.43..404.64 rows=102 width=125)
	  Index Cond: ((id >= 2288923) AND (id <= 2289023))

table 8 : explain SELECT id, c FROM sbtest8 WHERE id BETWEEN 2288923 AND 2289023
	Index Scan using sbtest8_pkey on sbtest8  (cost=0.43..384.08 rows=97 width=125)
	  Index Cond: ((id >= 2288923) AND (id <= 2289023))

explain: for range-notcovered :: explain SELECT id, c FROM sbtest%d WHERE id BETWEEN 7777835 AND 7777935
explain: for range-notcovered :: explain SELECT id, c FROM sbtest%d WHERE id BETWEEN 2288923 AND 2289023
for range-notcovered
table 1 : explain SELECT id, c FROM sbtest1 WHERE id BETWEEN 8565391 AND 8565491
	Index Scan using sbtest1_pkey on sbtest1  (cost=0.43..386.27 rows=97 width=125)
	  Index Cond: ((id >= 8565391) AND (id <= 8565491))

table 2 : explain SELECT id, c FROM sbtest2 WHERE id BETWEEN 8565391 AND 8565491
	Index Scan using sbtest2_pkey on sbtest2  (cost=0.43..408.82 rows=103 width=125)
	  Index Cond: ((id >= 8565391) AND (id <= 8565491))

table 3 : explain SELECT id, c FROM sbtest3 WHERE id BETWEEN 8565391 AND 8565491
	Index Scan using sbtest3_pkey on sbtest3  (cost=0.43..433.44 rows=109 width=125)
	  Index Cond: ((id >= 8565391) AND (id <= 8565491))

table 4 : explain SELECT id, c FROM sbtest4 WHERE id BETWEEN 8565391 AND 8565491
	Index Scan using sbtest4_pkey on sbtest4  (cost=0.43..381.11 rows=96 width=125)
	  Index Cond: ((id >= 8565391) AND (id <= 8565491))

table 5 : explain SELECT id, c FROM sbtest5 WHERE id BETWEEN 8565391 AND 8565491
	Index Scan using sbtest5_pkey on sbtest5  (cost=0.43..393.27 rows=99 width=125)
	  Index Cond: ((id >= 8565391) AND (id <= 8565491))

table 6 : explain SELECT id, c FROM sbtest6 WHERE id BETWEEN 8565391 AND 8565491
	Index Scan using sbtest6_pkey on sbtest6  (cost=0.43..367.05 rows=92 width=125)
	  Index Cond: ((id >= 8565391) AND (id <= 8565491))

table 7 : explain SELECT id, c FROM sbtest7 WHERE id BETWEEN 8565391 AND 8565491
	Index Scan using sbtest7_pkey on sbtest7  (cost=0.43..416.41 rows=105 width=125)
	  Index Cond: ((id >= 8565391) AND (id <= 8565491))

table 8 : explain SELECT id, c FROM sbtest8 WHERE id BETWEEN 8565391 AND 8565491
	Index Scan using sbtest8_pkey on sbtest8  (cost=0.43..395.81 rows=100 width=125)
	  Index Cond: ((id >= 8565391) AND (id <= 8565491))

explain: for range-notcovered :: explain SELECT id, c FROM sbtest%d WHERE id BETWEEN 5074200 AND 5074300
for range-notcovered
table 1 : explain SELECT id, c FROM sbtest1 WHERE id BETWEEN 7777835 AND 7777935
	Index Scan using sbtest1_pkey on sbtest1  (cost=0.43..402.01 rows=101 width=125)
	  Index Cond: ((id >= 7777835) AND (id <= 7777935))

table 2 : explain SELECT id, c FROM sbtest2 WHERE id BETWEEN 7777835 AND 7777935
	Index Scan using sbtest2_pkey on sbtest2  (cost=0.43..404.90 rows=102 width=125)
	  Index Cond: ((id >= 7777835) AND (id <= 7777935))

table 3 : explain SELECT id, c FROM sbtest3 WHERE id BETWEEN 7777835 AND 7777935
	Index Scan using sbtest3_pkey on sbtest3  (cost=0.43..405.90 rows=102 width=125)
	  Index Cond: ((id >= 7777835) AND (id <= 7777935))

table 4 : explain SELECT id, c FROM sbtest4 WHERE id BETWEEN 7777835 AND 7777935
	Index Scan using sbtest4_pkey on sbtest4  (cost=0.43..416.40 rows=105 width=125)
	  Index Cond: ((id >= 7777835) AND (id <= 7777935))

table 5 : explain SELECT id, c FROM sbtest5 WHERE id BETWEEN 7777835 AND 7777935
	Index Scan using sbtest5_pkey on sbtest5  (cost=0.43..401.12 rows=101 width=125)
	  Index Cond: ((id >= 7777835) AND (id <= 7777935))

table 6 : explain SELECT id, c FROM sbtest6 WHERE id BETWEEN 7777835 AND 7777935
	Index Scan using sbtest6_pkey on sbtest6  (cost=0.43..347.35 rows=87 width=125)
	  Index Cond: ((id >= 7777835) AND (id <= 7777935))

table 7 : explain SELECT id, c FROM sbtest7 WHERE id BETWEEN 7777835 AND 7777935
	Index Scan using sbtest7_pkey on sbtest7  (cost=0.43..432.09 rows=109 width=125)
	  Index Cond: ((id >= 7777835) AND (id <= 7777935))

table 8 : explain SELECT id, c FROM sbtest8 WHERE id BETWEEN 7777835 AND 7777935
	Index Scan using sbtest8_pkey on sbtest8  (cost=0.43..407.55 rows=103 width=125)
	  Index Cond: ((id >= 7777835) AND (id <= 7777935))

for range-notcovered
table 1 : explain SELECT id, c FROM sbtest1 WHERE id BETWEEN 2288923 AND 2289023
	Index Scan using sbtest1_pkey on sbtest1  (cost=0.43..429.55 rows=108 width=125)
	  Index Cond: ((id >= 2288923) AND (id <= 2289023))

table 2 : explain SELECT id, c FROM sbtest2 WHERE id BETWEEN 2288923 AND 2289023
	Index Scan using sbtest2_pkey on sbtest2  (cost=0.43..369.55 rows=93 width=125)
	  Index Cond: ((id >= 2288923) AND (id <= 2289023))

table 3 : explain SELECT id, c FROM sbtest3 WHERE id BETWEEN 2288923 AND 2289023
	Index Scan using sbtest3_pkey on sbtest3  (cost=0.43..401.96 rows=101 width=125)
	  Index Cond: ((id >= 2288923) AND (id <= 2289023))

table 4 : explain SELECT id, c FROM sbtest4 WHERE id BETWEEN 2288923 AND 2289023
	Index Scan using sbtest4_pkey on sbtest4  (cost=0.43..388.95 rows=98 width=125)
	  Index Cond: ((id >= 2288923) AND (id <= 2289023))

table 5 : explain SELECT id, c FROM sbtest5 WHERE id BETWEEN 2288923 AND 2289023
	Index Scan using sbtest5_pkey on sbtest5  (cost=0.43..385.42 rows=97 width=125)
	  Index Cond: ((id >= 2288923) AND (id <= 2289023))

table 6 : explain SELECT id, c FROM sbtest6 WHERE id BETWEEN 2288923 AND 2289023
	Index Scan using sbtest6_pkey on sbtest6  (cost=0.43..390.72 rows=98 width=125)
	  Index Cond: ((id >= 2288923) AND (id <= 2289023))

table 7 : explain SELECT id, c FROM sbtest7 WHERE id BETWEEN 2288923 AND 2289023
	Index Scan using sbtest7_pkey on sbtest7  (cost=0.43..404.64 rows=102 width=125)
	  Index Cond: ((id >= 2288923) AND (id <= 2289023))

table 8 : explain SELECT id, c FROM sbtest8 WHERE id BETWEEN 2288923 AND 2289023
	Index Scan using sbtest8_pkey on sbtest8  (cost=0.43..384.08 rows=97 width=125)
	  Index Cond: ((id >= 2288923) AND (id <= 2289023))

explain: for range-notcovered :: explain SELECT id, c FROM sbtest%d WHERE id BETWEEN 7777835 AND 7777935
explain: for range-notcovered :: explain SELECT id, c FROM sbtest%d WHERE id BETWEEN 2288923 AND 2289023
for range-notcovered
table 1 : explain SELECT id, c FROM sbtest1 WHERE id BETWEEN 5074200 AND 5074300
	Index Scan using sbtest1_pkey on sbtest1  (cost=0.43..402.01 rows=101 width=125)
	  Index Cond: ((id >= 5074200) AND (id <= 5074300))

table 2 : explain SELECT id, c FROM sbtest2 WHERE id BETWEEN 5074200 AND 5074300
	Index Scan using sbtest2_pkey on sbtest2  (cost=0.43..381.35 rows=96 width=125)
	  Index Cond: ((id >= 5074200) AND (id <= 5074300))

table 3 : explain SELECT id, c FROM sbtest3 WHERE id BETWEEN 5074200 AND 5074300
	Index Scan using sbtest3_pkey on sbtest3  (cost=0.43..421.64 rows=106 width=125)
	  Index Cond: ((id >= 5074200) AND (id <= 5074300))

table 4 : explain SELECT id, c FROM sbtest4 WHERE id BETWEEN 5074200 AND 5074300
	Index Scan using sbtest4_pkey on sbtest4  (cost=0.43..400.72 rows=101 width=125)
	  Index Cond: ((id >= 5074200) AND (id <= 5074300))

table 5 : explain SELECT id, c FROM sbtest5 WHERE id BETWEEN 5074200 AND 5074300
	Index Scan using sbtest5_pkey on sbtest5  (cost=0.43..412.90 rows=104 width=125)
	  Index Cond: ((id >= 5074200) AND (id <= 5074300))

table 6 : explain SELECT id, c FROM sbtest6 WHERE id BETWEEN 5074200 AND 5074300
	Index Scan using sbtest6_pkey on sbtest6  (cost=0.43..367.05 rows=92 width=125)
	  Index Cond: ((id >= 5074200) AND (id <= 5074300))

table 7 : explain SELECT id, c FROM sbtest7 WHERE id BETWEEN 5074200 AND 5074300
	Index Scan using sbtest7_pkey on sbtest7  (cost=0.43..428.17 rows=108 width=125)
	  Index Cond: ((id >= 5074200) AND (id <= 5074300))

table 8 : explain SELECT id, c FROM sbtest8 WHERE id BETWEEN 5074200 AND 5074300
	Index Scan using sbtest8_pkey on sbtest8  (cost=0.43..387.99 rows=98 width=125)
	  Index Cond: ((id >= 5074200) AND (id <= 5074300))

explain: for range-notcovered :: explain SELECT id, c FROM sbtest%d WHERE id BETWEEN 5074200 AND 5074300
for range-notcovered
table 1 : explain SELECT id, c FROM sbtest1 WHERE id BETWEEN 2646862 AND 2646962
	Index Scan using sbtest1_pkey on sbtest1  (cost=0.43..409.88 rows=103 width=125)
	  Index Cond: ((id >= 2646862) AND (id <= 2646962))

table 2 : explain SELECT id, c FROM sbtest2 WHERE id BETWEEN 2646862 AND 2646962
	Index Scan using sbtest2_pkey on sbtest2  (cost=0.43..448.07 rows=113 width=125)
	  Index Cond: ((id >= 2646862) AND (id <= 2646962))

table 3 : explain SELECT id, c FROM sbtest3 WHERE id BETWEEN 2646862 AND 2646962
	Index Scan using sbtest3_pkey on sbtest3  (cost=0.43..417.70 rows=105 width=125)
	  Index Cond: ((id >= 2646862) AND (id <= 2646962))

table 4 : explain SELECT id, c FROM sbtest4 WHERE id BETWEEN 2646862 AND 2646962
	Index Scan using sbtest4_pkey on sbtest4  (cost=0.43..416.40 rows=105 width=125)
	  Index Cond: ((id >= 2646862) AND (id <= 2646962))

table 5 : explain SELECT id, c FROM sbtest5 WHERE id BETWEEN 2646862 AND 2646962
	Index Scan using sbtest5_pkey on sbtest5  (cost=0.43..424.68 rows=107 width=125)
	  Index Cond: ((id >= 2646862) AND (id <= 2646962))

table 6 : explain SELECT id, c FROM sbtest6 WHERE id BETWEEN 2646862 AND 2646962
	Index Scan using sbtest6_pkey on sbtest6  (cost=0.43..410.42 rows=103 width=125)
	  Index Cond: ((id >= 2646862) AND (id <= 2646962))

table 7 : explain SELECT id, c FROM sbtest7 WHERE id BETWEEN 2646862 AND 2646962
	Index Scan using sbtest7_pkey on sbtest7  (cost=0.43..420.33 rows=106 width=125)
	  Index Cond: ((id >= 2646862) AND (id <= 2646962))

table 8 : explain SELECT id, c FROM sbtest8 WHERE id BETWEEN 2646862 AND 2646962
	Index Scan using sbtest8_pkey on sbtest8  (cost=0.43..399.72 rows=101 width=125)
	  Index Cond: ((id >= 2646862) AND (id <= 2646962))

explain: for range-notcovered :: explain SELECT id, c FROM sbtest%d WHERE id BETWEEN 2646862 AND 2646962
for range-notcovered
table 1 : explain SELECT id, c FROM sbtest1 WHERE id BETWEEN 2288923 AND 2289023
	Index Scan using sbtest1_pkey on sbtest1  (cost=0.43..429.55 rows=108 width=125)
	  Index Cond: ((id >= 2288923) AND (id <= 2289023))

table 2 : explain SELECT id, c FROM sbtest2 WHERE id BETWEEN 2288923 AND 2289023
	Index Scan using sbtest2_pkey on sbtest2  (cost=0.43..369.55 rows=93 width=125)
	  Index Cond: ((id >= 2288923) AND (id <= 2289023))

table 3 : explain SELECT id, c FROM sbtest3 WHERE id BETWEEN 2288923 AND 2289023
	Index Scan using sbtest3_pkey on sbtest3  (cost=0.43..401.96 rows=101 width=125)
	  Index Cond: ((id >= 2288923) AND (id <= 2289023))

table 4 : explain SELECT id, c FROM sbtest4 WHERE id BETWEEN 2288923 AND 2289023
	Index Scan using sbtest4_pkey on sbtest4  (cost=0.43..388.95 rows=98 width=125)
	  Index Cond: ((id >= 2288923) AND (id <= 2289023))

table 5 : explain SELECT id, c FROM sbtest5 WHERE id BETWEEN 2288923 AND 2289023
	Index Scan using sbtest5_pkey on sbtest5  (cost=0.43..385.42 rows=97 width=125)
	  Index Cond: ((id >= 2288923) AND (id <= 2289023))

table 6 : explain SELECT id, c FROM sbtest6 WHERE id BETWEEN 2288923 AND 2289023
	Index Scan using sbtest6_pkey on sbtest6  (cost=0.43..390.72 rows=98 width=125)
	  Index Cond: ((id >= 2288923) AND (id <= 2289023))

table 7 : explain SELECT id, c FROM sbtest7 WHERE id BETWEEN 2288923 AND 2289023
	Index Scan using sbtest7_pkey on sbtest7  (cost=0.43..404.64 rows=102 width=125)
	  Index Cond: ((id >= 2288923) AND (id <= 2289023))

table 8 : explain SELECT id, c FROM sbtest8 WHERE id BETWEEN 2288923 AND 2289023
	Index Scan using sbtest8_pkey on sbtest8  (cost=0.43..384.08 rows=97 width=125)
	  Index Cond: ((id >= 2288923) AND (id <= 2289023))

for range-notcovered
table 1 : explain SELECT id, c FROM sbtest1 WHERE id BETWEEN 7777835 AND 7777935
	Index Scan using sbtest1_pkey on sbtest1  (cost=0.43..402.01 rows=101 width=125)
	  Index Cond: ((id >= 7777835) AND (id <= 7777935))

table 2 : explain SELECT id, c FROM sbtest2 WHERE id BETWEEN 7777835 AND 7777935
	Index Scan using sbtest2_pkey on sbtest2  (cost=0.43..404.90 rows=102 width=125)
	  Index Cond: ((id >= 7777835) AND (id <= 7777935))

table 3 : explain SELECT id, c FROM sbtest3 WHERE id BETWEEN 7777835 AND 7777935
	Index Scan using sbtest3_pkey on sbtest3  (cost=0.43..405.90 rows=102 width=125)
	  Index Cond: ((id >= 7777835) AND (id <= 7777935))

table 4 : explain SELECT id, c FROM sbtest4 WHERE id BETWEEN 7777835 AND 7777935
	Index Scan using sbtest4_pkey on sbtest4  (cost=0.43..416.40 rows=105 width=125)
	  Index Cond: ((id >= 7777835) AND (id <= 7777935))

table 5 : explain SELECT id, c FROM sbtest5 WHERE id BETWEEN 7777835 AND 7777935
	Index Scan using sbtest5_pkey on sbtest5  (cost=0.43..401.12 rows=101 width=125)
	  Index Cond: ((id >= 7777835) AND (id <= 7777935))

table 6 : explain SELECT id, c FROM sbtest6 WHERE id BETWEEN 7777835 AND 7777935
	Index Scan using sbtest6_pkey on sbtest6  (cost=0.43..347.35 rows=87 width=125)
	  Index Cond: ((id >= 7777835) AND (id <= 7777935))

table 7 : explain SELECT id, c FROM sbtest7 WHERE id BETWEEN 7777835 AND 7777935
	Index Scan using sbtest7_pkey on sbtest7  (cost=0.43..432.09 rows=109 width=125)
	  Index Cond: ((id >= 7777835) AND (id <= 7777935))

table 8 : explain SELECT id, c FROM sbtest8 WHERE id BETWEEN 7777835 AND 7777935
	Index Scan using sbtest8_pkey on sbtest8  (cost=0.43..407.55 rows=103 width=125)
	  Index Cond: ((id >= 7777835) AND (id <= 7777935))

explain: for range-notcovered :: explain SELECT id, c FROM sbtest%d WHERE id BETWEEN 2288923 AND 2289023
explain: for range-notcovered :: explain SELECT id, c FROM sbtest%d WHERE id BETWEEN 7777835 AND 7777935
for range-notcovered
table 1 : explain SELECT id, c FROM sbtest1 WHERE id BETWEEN 5074200 AND 5074300
	Index Scan using sbtest1_pkey on sbtest1  (cost=0.43..402.01 rows=101 width=125)
	  Index Cond: ((id >= 5074200) AND (id <= 5074300))

table 2 : explain SELECT id, c FROM sbtest2 WHERE id BETWEEN 5074200 AND 5074300
	Index Scan using sbtest2_pkey on sbtest2  (cost=0.43..381.35 rows=96 width=125)
	  Index Cond: ((id >= 5074200) AND (id <= 5074300))

table 3 : explain SELECT id, c FROM sbtest3 WHERE id BETWEEN 5074200 AND 5074300
	Index Scan using sbtest3_pkey on sbtest3  (cost=0.43..421.64 rows=106 width=125)
	  Index Cond: ((id >= 5074200) AND (id <= 5074300))

table 4 : explain SELECT id, c FROM sbtest4 WHERE id BETWEEN 5074200 AND 5074300
	Index Scan using sbtest4_pkey on sbtest4  (cost=0.43..400.72 rows=101 width=125)
	  Index Cond: ((id >= 5074200) AND (id <= 5074300))

table 5 : explain SELECT id, c FROM sbtest5 WHERE id BETWEEN 5074200 AND 5074300
	Index Scan using sbtest5_pkey on sbtest5  (cost=0.43..412.90 rows=104 width=125)
	  Index Cond: ((id >= 5074200) AND (id <= 5074300))

table 6 : explain SELECT id, c FROM sbtest6 WHERE id BETWEEN 5074200 AND 5074300
	Index Scan using sbtest6_pkey on sbtest6  (cost=0.43..367.05 rows=92 width=125)
	  Index Cond: ((id >= 5074200) AND (id <= 5074300))

table 7 : explain SELECT id, c FROM sbtest7 WHERE id BETWEEN 5074200 AND 5074300
	Index Scan using sbtest7_pkey on sbtest7  (cost=0.43..428.17 rows=108 width=125)
	  Index Cond: ((id >= 5074200) AND (id <= 5074300))

table 8 : explain SELECT id, c FROM sbtest8 WHERE id BETWEEN 5074200 AND 5074300
	Index Scan using sbtest8_pkey on sbtest8  (cost=0.43..387.99 rows=98 width=125)
	  Index Cond: ((id >= 5074200) AND (id <= 5074300))

explain: for range-notcovered :: explain SELECT id, c FROM sbtest%d WHERE id BETWEEN 5074200 AND 5074300
for range-notcovered
table 1 : explain SELECT id, c FROM sbtest1 WHERE id BETWEEN 2646862 AND 2646962
	Index Scan using sbtest1_pkey on sbtest1  (cost=0.43..409.88 rows=103 width=125)
	  Index Cond: ((id >= 2646862) AND (id <= 2646962))

table 2 : explain SELECT id, c FROM sbtest2 WHERE id BETWEEN 2646862 AND 2646962
	Index Scan using sbtest2_pkey on sbtest2  (cost=0.43..448.07 rows=113 width=125)
	  Index Cond: ((id >= 2646862) AND (id <= 2646962))

table 3 : explain SELECT id, c FROM sbtest3 WHERE id BETWEEN 2646862 AND 2646962
	Index Scan using sbtest3_pkey on sbtest3  (cost=0.43..417.70 rows=105 width=125)
	  Index Cond: ((id >= 2646862) AND (id <= 2646962))

table 4 : explain SELECT id, c FROM sbtest4 WHERE id BETWEEN 2646862 AND 2646962
	Index Scan using sbtest4_pkey on sbtest4  (cost=0.43..416.40 rows=105 width=125)
	  Index Cond: ((id >= 2646862) AND (id <= 2646962))

table 5 : explain SELECT id, c FROM sbtest5 WHERE id BETWEEN 2646862 AND 2646962
	Index Scan using sbtest5_pkey on sbtest5  (cost=0.43..424.68 rows=107 width=125)
	  Index Cond: ((id >= 2646862) AND (id <= 2646962))

table 6 : explain SELECT id, c FROM sbtest6 WHERE id BETWEEN 2646862 AND 2646962
	Index Scan using sbtest6_pkey on sbtest6  (cost=0.43..410.42 rows=103 width=125)
	  Index Cond: ((id >= 2646862) AND (id <= 2646962))

table 7 : explain SELECT id, c FROM sbtest7 WHERE id BETWEEN 2646862 AND 2646962
	Index Scan using sbtest7_pkey on sbtest7  (cost=0.43..420.33 rows=106 width=125)
	  Index Cond: ((id >= 2646862) AND (id <= 2646962))

table 8 : explain SELECT id, c FROM sbtest8 WHERE id BETWEEN 2646862 AND 2646962
	Index Scan using sbtest8_pkey on sbtest8  (cost=0.43..399.72 rows=101 width=125)
	  Index Cond: ((id >= 2646862) AND (id <= 2646962))

explain: for range-notcovered :: explain SELECT id, c FROM sbtest%d WHERE id BETWEEN 6953097 AND 6953197
explain: for range-notcovered :: explain SELECT id, c FROM sbtest%d WHERE id BETWEEN 2646862 AND 2646962
for range-notcovered
table 1 : explain SELECT id, c FROM sbtest1 WHERE id BETWEEN 8878986 AND 8879086
	Index Scan using sbtest1_pkey on sbtest1  (cost=0.43..378.40 rows=95 width=125)
	  Index Cond: ((id >= 8878986) AND (id <= 8879086))

table 2 : explain SELECT id, c FROM sbtest2 WHERE id BETWEEN 8878986 AND 8879086
	Index Scan using sbtest2_pkey on sbtest2  (cost=0.43..377.43 rows=95 width=125)
	  Index Cond: ((id >= 8878986) AND (id <= 8879086))

table 3 : explain SELECT id, c FROM sbtest3 WHERE id BETWEEN 8878986 AND 8879086
	Index Scan using sbtest3_pkey on sbtest3  (cost=0.43..405.90 rows=102 width=125)
	  Index Cond: ((id >= 8878986) AND (id <= 8879086))

table 4 : explain SELECT id, c FROM sbtest4 WHERE id BETWEEN 8878986 AND 8879086
	Index Scan using sbtest4_pkey on sbtest4  (cost=0.43..396.79 rows=100 width=125)
	  Index Cond: ((id >= 8878986) AND (id <= 8879086))

table 5 : explain SELECT id, c FROM sbtest5 WHERE id BETWEEN 8878986 AND 8879086
	Index Scan using sbtest5_pkey on sbtest5  (cost=0.43..397.20 rows=100 width=125)
	  Index Cond: ((id >= 8878986) AND (id <= 8879086))

table 6 : explain SELECT id, c FROM sbtest6 WHERE id BETWEEN 8878986 AND 8879086
	Index Scan using sbtest6_pkey on sbtest6  (cost=0.43..438.00 rows=110 width=125)
	  Index Cond: ((id >= 8878986) AND (id <= 8879086))

table 7 : explain SELECT id, c FROM sbtest7 WHERE id BETWEEN 8878986 AND 8879086
	Index Scan using sbtest7_pkey on sbtest7  (cost=0.43..392.87 rows=99 width=125)
	  Index Cond: ((id >= 8878986) AND (id <= 8879086))

table 8 : explain SELECT id, c FROM sbtest8 WHERE id BETWEEN 8878986 AND 8879086
	Index Scan using sbtest8_pkey on sbtest8  (cost=0.43..403.64 rows=102 width=125)
	  Index Cond: ((id >= 8878986) AND (id <= 8879086))

for range-notcovered
table 1 : explain SELECT id, c FROM sbtest1 WHERE id BETWEEN 2288923 AND 2289023
	Index Scan using sbtest1_pkey on sbtest1  (cost=0.43..429.55 rows=108 width=125)
	  Index Cond: ((id >= 2288923) AND (id <= 2289023))

table 2 : explain SELECT id, c FROM sbtest2 WHERE id BETWEEN 2288923 AND 2289023
	Index Scan using sbtest2_pkey on sbtest2  (cost=0.43..369.55 rows=93 width=125)
	  Index Cond: ((id >= 2288923) AND (id <= 2289023))

table 3 : explain SELECT id, c FROM sbtest3 WHERE id BETWEEN 2288923 AND 2289023
	Index Scan using sbtest3_pkey on sbtest3  (cost=0.43..401.96 rows=101 width=125)
	  Index Cond: ((id >= 2288923) AND (id <= 2289023))

table 4 : explain SELECT id, c FROM sbtest4 WHERE id BETWEEN 2288923 AND 2289023
	Index Scan using sbtest4_pkey on sbtest4  (cost=0.43..388.95 rows=98 width=125)
	  Index Cond: ((id >= 2288923) AND (id <= 2289023))

table 5 : explain SELECT id, c FROM sbtest5 WHERE id BETWEEN 2288923 AND 2289023
	Index Scan using sbtest5_pkey on sbtest5  (cost=0.43..385.42 rows=97 width=125)
	  Index Cond: ((id >= 2288923) AND (id <= 2289023))

table 6 : explain SELECT id, c FROM sbtest6 WHERE id BETWEEN 2288923 AND 2289023
	Index Scan using sbtest6_pkey on sbtest6  (cost=0.43..390.72 rows=98 width=125)
	  Index Cond: ((id >= 2288923) AND (id <= 2289023))

table 7 : explain SELECT id, c FROM sbtest7 WHERE id BETWEEN 2288923 AND 2289023
	Index Scan using sbtest7_pkey on sbtest7  (cost=0.43..404.64 rows=102 width=125)
	  Index Cond: ((id >= 2288923) AND (id <= 2289023))

table 8 : explain SELECT id, c FROM sbtest8 WHERE id BETWEEN 2288923 AND 2289023
	Index Scan using sbtest8_pkey on sbtest8  (cost=0.43..384.08 rows=97 width=125)
	  Index Cond: ((id >= 2288923) AND (id <= 2289023))

explain: for range-notcovered :: explain SELECT id, c FROM sbtest%d WHERE id BETWEEN 1263862 AND 1263962
explain: for range-notcovered :: explain SELECT id, c FROM sbtest%d WHERE id BETWEEN 8878986 AND 8879086
for range-notcovered
table 1 : explain SELECT id, c FROM sbtest1 WHERE id BETWEEN 1255056 AND 1255156
	Index Scan using sbtest1_pkey on sbtest1  (cost=0.43..394.14 rows=99 width=125)
	  Index Cond: ((id >= 1255056) AND (id <= 1255156))

table 2 : explain SELECT id, c FROM sbtest2 WHERE id BETWEEN 1255056 AND 1255156
	Index Scan using sbtest2_pkey on sbtest2  (cost=0.43..416.67 rows=105 width=125)
	  Index Cond: ((id >= 1255056) AND (id <= 1255156))

table 3 : explain SELECT id, c FROM sbtest3 WHERE id BETWEEN 1255056 AND 1255156
	Index Scan using sbtest3_pkey on sbtest3  (cost=0.43..374.40 rows=94 width=125)
	  Index Cond: ((id >= 1255056) AND (id <= 1255156))

table 4 : explain SELECT id, c FROM sbtest4 WHERE id BETWEEN 1255056 AND 1255156
	Index Scan using sbtest4_pkey on sbtest4  (cost=0.43..373.26 rows=94 width=125)
	  Index Cond: ((id >= 1255056) AND (id <= 1255156))

table 5 : explain SELECT id, c FROM sbtest5 WHERE id BETWEEN 1255056 AND 1255156
	Index Scan using sbtest5_pkey on sbtest5  (cost=0.43..401.12 rows=101 width=125)
	  Index Cond: ((id >= 1255056) AND (id <= 1255156))

table 6 : explain SELECT id, c FROM sbtest6 WHERE id BETWEEN 1255056 AND 1255156
	Index Scan using sbtest6_pkey on sbtest6  (cost=0.43..406.48 rows=102 width=125)
	  Index Cond: ((id >= 1255056) AND (id <= 1255156))

table 7 : explain SELECT id, c FROM sbtest7 WHERE id BETWEEN 1255056 AND 1255156
	Index Scan using sbtest7_pkey on sbtest7  (cost=0.43..385.03 rows=97 width=125)
	  Index Cond: ((id >= 1255056) AND (id <= 1255156))

table 8 : explain SELECT id, c FROM sbtest8 WHERE id BETWEEN 1255056 AND 1255156
	Index Scan using sbtest8_pkey on sbtest8  (cost=0.43..403.64 rows=102 width=125)
	  Index Cond: ((id >= 1255056) AND (id <= 1255156))

for range-notcovered
table 1 : explain SELECT id, c FROM sbtest1 WHERE id BETWEEN 7777835 AND 7777935
	Index Scan using sbtest1_pkey on sbtest1  (cost=0.43..402.01 rows=101 width=125)
	  Index Cond: ((id >= 7777835) AND (id <= 7777935))

table 2 : explain SELECT id, c FROM sbtest2 WHERE id BETWEEN 7777835 AND 7777935
	Index Scan using sbtest2_pkey on sbtest2  (cost=0.43..404.90 rows=102 width=125)
	  Index Cond: ((id >= 7777835) AND (id <= 7777935))

table 3 : explain SELECT id, c FROM sbtest3 WHERE id BETWEEN 7777835 AND 7777935
	Index Scan using sbtest3_pkey on sbtest3  (cost=0.43..405.90 rows=102 width=125)
	  Index Cond: ((id >= 7777835) AND (id <= 7777935))

table 4 : explain SELECT id, c FROM sbtest4 WHERE id BETWEEN 7777835 AND 7777935
	Index Scan using sbtest4_pkey on sbtest4  (cost=0.43..416.40 rows=105 width=125)
	  Index Cond: ((id >= 7777835) AND (id <= 7777935))

table 5 : explain SELECT id, c FROM sbtest5 WHERE id BETWEEN 7777835 AND 7777935
	Index Scan using sbtest5_pkey on sbtest5  (cost=0.43..401.12 rows=101 width=125)
	  Index Cond: ((id >= 7777835) AND (id <= 7777935))

table 6 : explain SELECT id, c FROM sbtest6 WHERE id BETWEEN 7777835 AND 7777935
	Index Scan using sbtest6_pkey on sbtest6  (cost=0.43..347.35 rows=87 width=125)
	  Index Cond: ((id >= 7777835) AND (id <= 7777935))

table 7 : explain SELECT id, c FROM sbtest7 WHERE id BETWEEN 7777835 AND 7777935
	Index Scan using sbtest7_pkey on sbtest7  (cost=0.43..432.09 rows=109 width=125)
	  Index Cond: ((id >= 7777835) AND (id <= 7777935))

table 8 : explain SELECT id, c FROM sbtest8 WHERE id BETWEEN 7777835 AND 7777935
	Index Scan using sbtest8_pkey on sbtest8  (cost=0.43..407.55 rows=103 width=125)
	  Index Cond: ((id >= 7777835) AND (id <= 7777935))

explain: for range-notcovered :: explain SELECT id, c FROM sbtest%d WHERE id BETWEEN 1255056 AND 1255156
for range-notcovered
table 1 : explain SELECT id, c FROM sbtest1 WHERE id BETWEEN 5074200 AND 5074300
	Index Scan using sbtest1_pkey on sbtest1  (cost=0.43..402.01 rows=101 width=125)
	  Index Cond: ((id >= 5074200) AND (id <= 5074300))

table 2 : explain SELECT id, c FROM sbtest2 WHERE id BETWEEN 5074200 AND 5074300
	Index Scan using sbtest2_pkey on sbtest2  (cost=0.43..381.35 rows=96 width=125)
	  Index Cond: ((id >= 5074200) AND (id <= 5074300))

table 3 : explain SELECT id, c FROM sbtest3 WHERE id BETWEEN 5074200 AND 5074300
	Index Scan using sbtest3_pkey on sbtest3  (cost=0.43..421.64 rows=106 width=125)
	  Index Cond: ((id >= 5074200) AND (id <= 5074300))

table 4 : explain SELECT id, c FROM sbtest4 WHERE id BETWEEN 5074200 AND 5074300
	Index Scan using sbtest4_pkey on sbtest4  (cost=0.43..400.72 rows=101 width=125)
	  Index Cond: ((id >= 5074200) AND (id <= 5074300))

table 5 : explain SELECT id, c FROM sbtest5 WHERE id BETWEEN 5074200 AND 5074300
	Index Scan using sbtest5_pkey on sbtest5  (cost=0.43..412.90 rows=104 width=125)
	  Index Cond: ((id >= 5074200) AND (id <= 5074300))

table 6 : explain SELECT id, c FROM sbtest6 WHERE id BETWEEN 5074200 AND 5074300
	Index Scan using sbtest6_pkey on sbtest6  (cost=0.43..367.05 rows=92 width=125)
	  Index Cond: ((id >= 5074200) AND (id <= 5074300))

table 7 : explain SELECT id, c FROM sbtest7 WHERE id BETWEEN 5074200 AND 5074300
	Index Scan using sbtest7_pkey on sbtest7  (cost=0.43..428.17 rows=108 width=125)
	  Index Cond: ((id >= 5074200) AND (id <= 5074300))

table 8 : explain SELECT id, c FROM sbtest8 WHERE id BETWEEN 5074200 AND 5074300
	Index Scan using sbtest8_pkey on sbtest8  (cost=0.43..387.99 rows=98 width=125)
	  Index Cond: ((id >= 5074200) AND (id <= 5074300))

explain: for range-notcovered :: explain SELECT id, c FROM sbtest%d WHERE id BETWEEN 7646932 AND 7647032
explain: for range-notcovered :: explain SELECT id, c FROM sbtest%d WHERE id BETWEEN 5074200 AND 5074300
explain: for range-notcovered :: explain SELECT id, c FROM sbtest%d WHERE id BETWEEN 3918497 AND 3918597
for range-notcovered
table 1 : explain SELECT id, c FROM sbtest1 WHERE id BETWEEN 2646862 AND 2646962
	Index Scan using sbtest1_pkey on sbtest1  (cost=0.43..409.88 rows=103 width=125)
	  Index Cond: ((id >= 2646862) AND (id <= 2646962))

table 2 : explain SELECT id, c FROM sbtest2 WHERE id BETWEEN 2646862 AND 2646962
	Index Scan using sbtest2_pkey on sbtest2  (cost=0.43..448.07 rows=113 width=125)
	  Index Cond: ((id >= 2646862) AND (id <= 2646962))

table 3 : explain SELECT id, c FROM sbtest3 WHERE id BETWEEN 2646862 AND 2646962
	Index Scan using sbtest3_pkey on sbtest3  (cost=0.43..417.70 rows=105 width=125)
	  Index Cond: ((id >= 2646862) AND (id <= 2646962))

table 4 : explain SELECT id, c FROM sbtest4 WHERE id BETWEEN 2646862 AND 2646962
	Index Scan using sbtest4_pkey on sbtest4  (cost=0.43..416.40 rows=105 width=125)
	  Index Cond: ((id >= 2646862) AND (id <= 2646962))

table 5 : explain SELECT id, c FROM sbtest5 WHERE id BETWEEN 2646862 AND 2646962
	Index Scan using sbtest5_pkey on sbtest5  (cost=0.43..424.68 rows=107 width=125)
	  Index Cond: ((id >= 2646862) AND (id <= 2646962))

table 6 : explain SELECT id, c FROM sbtest6 WHERE id BETWEEN 2646862 AND 2646962
	Index Scan using sbtest6_pkey on sbtest6  (cost=0.43..410.42 rows=103 width=125)
	  Index Cond: ((id >= 2646862) AND (id <= 2646962))

table 7 : explain SELECT id, c FROM sbtest7 WHERE id BETWEEN 2646862 AND 2646962
	Index Scan using sbtest7_pkey on sbtest7  (cost=0.43..420.33 rows=106 width=125)
	  Index Cond: ((id >= 2646862) AND (id <= 2646962))

table 8 : explain SELECT id, c FROM sbtest8 WHERE id BETWEEN 2646862 AND 2646962
	Index Scan using sbtest8_pkey on sbtest8  (cost=0.43..399.72 rows=101 width=125)
	  Index Cond: ((id >= 2646862) AND (id <= 2646962))

for range-notcovered
table 1 : explain SELECT id, c FROM sbtest1 WHERE id BETWEEN 5257161 AND 5257261
	Index Scan using sbtest1_pkey on sbtest1  (cost=0.43..378.40 rows=95 width=125)
	  Index Cond: ((id >= 5257161) AND (id <= 5257261))

table 2 : explain SELECT id, c FROM sbtest2 WHERE id BETWEEN 5257161 AND 5257261
	Index Scan using sbtest2_pkey on sbtest2  (cost=0.43..420.59 rows=106 width=125)
	  Index Cond: ((id >= 5257161) AND (id <= 5257261))

table 3 : explain SELECT id, c FROM sbtest3 WHERE id BETWEEN 5257161 AND 5257261
	Index Scan using sbtest3_pkey on sbtest3  (cost=0.43..421.64 rows=106 width=125)
	  Index Cond: ((id >= 5257161) AND (id <= 5257261))

table 4 : explain SELECT id, c FROM sbtest4 WHERE id BETWEEN 5257161 AND 5257261
	Index Scan using sbtest4_pkey on sbtest4  (cost=0.43..377.19 rows=95 width=125)
	  Index Cond: ((id >= 5257161) AND (id <= 5257261))

table 5 : explain SELECT id, c FROM sbtest5 WHERE id BETWEEN 5257161 AND 5257261
	Index Scan using sbtest5_pkey on sbtest5  (cost=0.43..420.75 rows=106 width=125)
	  Index Cond: ((id >= 5257161) AND (id <= 5257261))

table 6 : explain SELECT id, c FROM sbtest6 WHERE id BETWEEN 5257161 AND 5257261
	Index Scan using sbtest6_pkey on sbtest6  (cost=0.43..386.78 rows=97 width=125)
	  Index Cond: ((id >= 5257161) AND (id <= 5257261))

table 7 : explain SELECT id, c FROM sbtest7 WHERE id BETWEEN 5257161 AND 5257261
	Index Scan using sbtest7_pkey on sbtest7  (cost=0.43..377.16 rows=95 width=125)
	  Index Cond: ((id >= 5257161) AND (id <= 5257261))

table 8 : explain SELECT id, c FROM sbtest8 WHERE id BETWEEN 5257161 AND 5257261
	Index Scan using sbtest8_pkey on sbtest8  (cost=0.43..380.16 rows=96 width=125)
	  Index Cond: ((id >= 5257161) AND (id <= 5257261))

explain: for range-notcovered :: explain SELECT id, c FROM sbtest%d WHERE id BETWEEN 2646862 AND 2646962
explain: for range-notcovered :: explain SELECT id, c FROM sbtest%d WHERE id BETWEEN 7777835 AND 7777935
for range-notcovered
table 1 : explain SELECT id, c FROM sbtest1 WHERE id BETWEEN 8878986 AND 8879086
	Index Scan using sbtest1_pkey on sbtest1  (cost=0.43..378.40 rows=95 width=125)
	  Index Cond: ((id >= 8878986) AND (id <= 8879086))

table 2 : explain SELECT id, c FROM sbtest2 WHERE id BETWEEN 8878986 AND 8879086
	Index Scan using sbtest2_pkey on sbtest2  (cost=0.43..377.43 rows=95 width=125)
	  Index Cond: ((id >= 8878986) AND (id <= 8879086))

table 3 : explain SELECT id, c FROM sbtest3 WHERE id BETWEEN 8878986 AND 8879086
	Index Scan using sbtest3_pkey on sbtest3  (cost=0.43..405.90 rows=102 width=125)
	  Index Cond: ((id >= 8878986) AND (id <= 8879086))

table 4 : explain SELECT id, c FROM sbtest4 WHERE id BETWEEN 8878986 AND 8879086
	Index Scan using sbtest4_pkey on sbtest4  (cost=0.43..396.79 rows=100 width=125)
	  Index Cond: ((id >= 8878986) AND (id <= 8879086))

table 5 : explain SELECT id, c FROM sbtest5 WHERE id BETWEEN 8878986 AND 8879086
	Index Scan using sbtest5_pkey on sbtest5  (cost=0.43..397.20 rows=100 width=125)
	  Index Cond: ((id >= 8878986) AND (id <= 8879086))

table 6 : explain SELECT id, c FROM sbtest6 WHERE id BETWEEN 8878986 AND 8879086
	Index Scan using sbtest6_pkey on sbtest6  (cost=0.43..438.00 rows=110 width=125)
	  Index Cond: ((id >= 8878986) AND (id <= 8879086))

table 7 : explain SELECT id, c FROM sbtest7 WHERE id BETWEEN 8878986 AND 8879086
	Index Scan using sbtest7_pkey on sbtest7  (cost=0.43..392.87 rows=99 width=125)
	  Index Cond: ((id >= 8878986) AND (id <= 8879086))

table 8 : explain SELECT id, c FROM sbtest8 WHERE id BETWEEN 8878986 AND 8879086
	Index Scan using sbtest8_pkey on sbtest8  (cost=0.43..403.64 rows=102 width=125)
	  Index Cond: ((id >= 8878986) AND (id <= 8879086))

explain: for range-notcovered :: explain SELECT id, c FROM sbtest%d WHERE id BETWEEN 8878986 AND 8879086
for range-notcovered
table 1 : explain SELECT id, c FROM sbtest1 WHERE id BETWEEN 1255056 AND 1255156
	Index Scan using sbtest1_pkey on sbtest1  (cost=0.43..394.14 rows=99 width=125)
	  Index Cond: ((id >= 1255056) AND (id <= 1255156))

table 2 : explain SELECT id, c FROM sbtest2 WHERE id BETWEEN 1255056 AND 1255156
	Index Scan using sbtest2_pkey on sbtest2  (cost=0.43..416.67 rows=105 width=125)
	  Index Cond: ((id >= 1255056) AND (id <= 1255156))

table 3 : explain SELECT id, c FROM sbtest3 WHERE id BETWEEN 1255056 AND 1255156
	Index Scan using sbtest3_pkey on sbtest3  (cost=0.43..374.40 rows=94 width=125)
	  Index Cond: ((id >= 1255056) AND (id <= 1255156))

table 4 : explain SELECT id, c FROM sbtest4 WHERE id BETWEEN 1255056 AND 1255156
	Index Scan using sbtest4_pkey on sbtest4  (cost=0.43..373.26 rows=94 width=125)
	  Index Cond: ((id >= 1255056) AND (id <= 1255156))

table 5 : explain SELECT id, c FROM sbtest5 WHERE id BETWEEN 1255056 AND 1255156
	Index Scan using sbtest5_pkey on sbtest5  (cost=0.43..401.12 rows=101 width=125)
	  Index Cond: ((id >= 1255056) AND (id <= 1255156))

table 6 : explain SELECT id, c FROM sbtest6 WHERE id BETWEEN 1255056 AND 1255156
	Index Scan using sbtest6_pkey on sbtest6  (cost=0.43..406.48 rows=102 width=125)
	  Index Cond: ((id >= 1255056) AND (id <= 1255156))

table 7 : explain SELECT id, c FROM sbtest7 WHERE id BETWEEN 1255056 AND 1255156
	Index Scan using sbtest7_pkey on sbtest7  (cost=0.43..385.03 rows=97 width=125)
	  Index Cond: ((id >= 1255056) AND (id <= 1255156))

table 8 : explain SELECT id, c FROM sbtest8 WHERE id BETWEEN 1255056 AND 1255156
	Index Scan using sbtest8_pkey on sbtest8  (cost=0.43..403.64 rows=102 width=125)
	  Index Cond: ((id >= 1255056) AND (id <= 1255156))

explain: for range-notcovered :: explain SELECT id, c FROM sbtest%d WHERE id BETWEEN 1255056 AND 1255156
for range-notcovered
table 1 : explain SELECT id, c FROM sbtest1 WHERE id BETWEEN 5074200 AND 5074300
	Index Scan using sbtest1_pkey on sbtest1  (cost=0.43..402.01 rows=101 width=125)
	  Index Cond: ((id >= 5074200) AND (id <= 5074300))

table 2 : explain SELECT id, c FROM sbtest2 WHERE id BETWEEN 5074200 AND 5074300
	Index Scan using sbtest2_pkey on sbtest2  (cost=0.43..381.35 rows=96 width=125)
	  Index Cond: ((id >= 5074200) AND (id <= 5074300))

table 3 : explain SELECT id, c FROM sbtest3 WHERE id BETWEEN 5074200 AND 5074300
	Index Scan using sbtest3_pkey on sbtest3  (cost=0.43..421.64 rows=106 width=125)
	  Index Cond: ((id >= 5074200) AND (id <= 5074300))

table 4 : explain SELECT id, c FROM sbtest4 WHERE id BETWEEN 5074200 AND 5074300
	Index Scan using sbtest4_pkey on sbtest4  (cost=0.43..400.72 rows=101 width=125)
	  Index Cond: ((id >= 5074200) AND (id <= 5074300))

table 5 : explain SELECT id, c FROM sbtest5 WHERE id BETWEEN 5074200 AND 5074300
	Index Scan using sbtest5_pkey on sbtest5  (cost=0.43..412.90 rows=104 width=125)
	  Index Cond: ((id >= 5074200) AND (id <= 5074300))

table 6 : explain SELECT id, c FROM sbtest6 WHERE id BETWEEN 5074200 AND 5074300
	Index Scan using sbtest6_pkey on sbtest6  (cost=0.43..367.05 rows=92 width=125)
	  Index Cond: ((id >= 5074200) AND (id <= 5074300))

table 7 : explain SELECT id, c FROM sbtest7 WHERE id BETWEEN 5074200 AND 5074300
	Index Scan using sbtest7_pkey on sbtest7  (cost=0.43..428.17 rows=108 width=125)
	  Index Cond: ((id >= 5074200) AND (id <= 5074300))

table 8 : explain SELECT id, c FROM sbtest8 WHERE id BETWEEN 5074200 AND 5074300
	Index Scan using sbtest8_pkey on sbtest8  (cost=0.43..387.99 rows=98 width=125)
	  Index Cond: ((id >= 5074200) AND (id <= 5074300))

explain: for range-notcovered :: explain SELECT id, c FROM sbtest%d WHERE id BETWEEN 5074200 AND 5074300
for range-notcovered
table 1 : explain SELECT id, c FROM sbtest1 WHERE id BETWEEN 2646862 AND 2646962
	Index Scan using sbtest1_pkey on sbtest1  (cost=0.43..409.88 rows=103 width=125)
	  Index Cond: ((id >= 2646862) AND (id <= 2646962))

table 2 : explain SELECT id, c FROM sbtest2 WHERE id BETWEEN 2646862 AND 2646962
	Index Scan using sbtest2_pkey on sbtest2  (cost=0.43..448.07 rows=113 width=125)
	  Index Cond: ((id >= 2646862) AND (id <= 2646962))

table 3 : explain SELECT id, c FROM sbtest3 WHERE id BETWEEN 2646862 AND 2646962
	Index Scan using sbtest3_pkey on sbtest3  (cost=0.43..417.70 rows=105 width=125)
	  Index Cond: ((id >= 2646862) AND (id <= 2646962))

table 4 : explain SELECT id, c FROM sbtest4 WHERE id BETWEEN 2646862 AND 2646962
	Index Scan using sbtest4_pkey on sbtest4  (cost=0.43..416.40 rows=105 width=125)
	  Index Cond: ((id >= 2646862) AND (id <= 2646962))

table 5 : explain SELECT id, c FROM sbtest5 WHERE id BETWEEN 2646862 AND 2646962
	Index Scan using sbtest5_pkey on sbtest5  (cost=0.43..424.68 rows=107 width=125)
	  Index Cond: ((id >= 2646862) AND (id <= 2646962))

table 6 : explain SELECT id, c FROM sbtest6 WHERE id BETWEEN 2646862 AND 2646962
	Index Scan using sbtest6_pkey on sbtest6  (cost=0.43..410.42 rows=103 width=125)
	  Index Cond: ((id >= 2646862) AND (id <= 2646962))

table 7 : explain SELECT id, c FROM sbtest7 WHERE id BETWEEN 2646862 AND 2646962
	Index Scan using sbtest7_pkey on sbtest7  (cost=0.43..420.33 rows=106 width=125)
	  Index Cond: ((id >= 2646862) AND (id <= 2646962))

table 8 : explain SELECT id, c FROM sbtest8 WHERE id BETWEEN 2646862 AND 2646962
	Index Scan using sbtest8_pkey on sbtest8  (cost=0.43..399.72 rows=101 width=125)
	  Index Cond: ((id >= 2646862) AND (id <= 2646962))

explain: for range-notcovered :: explain SELECT id, c FROM sbtest%d WHERE id BETWEEN 2646862 AND 2646962
for range-notcovered
table 1 : explain SELECT id, c FROM sbtest1 WHERE id BETWEEN 7777835 AND 7777935
	Index Scan using sbtest1_pkey on sbtest1  (cost=0.43..402.01 rows=101 width=125)
	  Index Cond: ((id >= 7777835) AND (id <= 7777935))

table 2 : explain SELECT id, c FROM sbtest2 WHERE id BETWEEN 7777835 AND 7777935
	Index Scan using sbtest2_pkey on sbtest2  (cost=0.43..404.90 rows=102 width=125)
	  Index Cond: ((id >= 7777835) AND (id <= 7777935))

table 3 : explain SELECT id, c FROM sbtest3 WHERE id BETWEEN 7777835 AND 7777935
	Index Scan using sbtest3_pkey on sbtest3  (cost=0.43..405.90 rows=102 width=125)
	  Index Cond: ((id >= 7777835) AND (id <= 7777935))

table 4 : explain SELECT id, c FROM sbtest4 WHERE id BETWEEN 7777835 AND 7777935
	Index Scan using sbtest4_pkey on sbtest4  (cost=0.43..416.40 rows=105 width=125)
	  Index Cond: ((id >= 7777835) AND (id <= 7777935))

table 5 : explain SELECT id, c FROM sbtest5 WHERE id BETWEEN 7777835 AND 7777935
	Index Scan using sbtest5_pkey on sbtest5  (cost=0.43..401.12 rows=101 width=125)
	  Index Cond: ((id >= 7777835) AND (id <= 7777935))

table 6 : explain SELECT id, c FROM sbtest6 WHERE id BETWEEN 7777835 AND 7777935
	Index Scan using sbtest6_pkey on sbtest6  (cost=0.43..347.35 rows=87 width=125)
	  Index Cond: ((id >= 7777835) AND (id <= 7777935))

table 7 : explain SELECT id, c FROM sbtest7 WHERE id BETWEEN 7777835 AND 7777935
	Index Scan using sbtest7_pkey on sbtest7  (cost=0.43..432.09 rows=109 width=125)
	  Index Cond: ((id >= 7777835) AND (id <= 7777935))

table 8 : explain SELECT id, c FROM sbtest8 WHERE id BETWEEN 7777835 AND 7777935
	Index Scan using sbtest8_pkey on sbtest8  (cost=0.43..407.55 rows=103 width=125)
	  Index Cond: ((id >= 7777835) AND (id <= 7777935))

explain: for range-notcovered :: explain SELECT id, c FROM sbtest%d WHERE id BETWEEN 7777835 AND 7777935
for range-notcovered
table 1 : explain SELECT id, c FROM sbtest1 WHERE id BETWEEN 8878986 AND 8879086
	Index Scan using sbtest1_pkey on sbtest1  (cost=0.43..378.40 rows=95 width=125)
	  Index Cond: ((id >= 8878986) AND (id <= 8879086))

table 2 : explain SELECT id, c FROM sbtest2 WHERE id BETWEEN 8878986 AND 8879086
	Index Scan using sbtest2_pkey on sbtest2  (cost=0.43..377.43 rows=95 width=125)
	  Index Cond: ((id >= 8878986) AND (id <= 8879086))

table 3 : explain SELECT id, c FROM sbtest3 WHERE id BETWEEN 8878986 AND 8879086
	Index Scan using sbtest3_pkey on sbtest3  (cost=0.43..405.90 rows=102 width=125)
	  Index Cond: ((id >= 8878986) AND (id <= 8879086))

table 4 : explain SELECT id, c FROM sbtest4 WHERE id BETWEEN 8878986 AND 8879086
	Index Scan using sbtest4_pkey on sbtest4  (cost=0.43..396.79 rows=100 width=125)
	  Index Cond: ((id >= 8878986) AND (id <= 8879086))

table 5 : explain SELECT id, c FROM sbtest5 WHERE id BETWEEN 8878986 AND 8879086
	Index Scan using sbtest5_pkey on sbtest5  (cost=0.43..397.20 rows=100 width=125)
	  Index Cond: ((id >= 8878986) AND (id <= 8879086))

table 6 : explain SELECT id, c FROM sbtest6 WHERE id BETWEEN 8878986 AND 8879086
	Index Scan using sbtest6_pkey on sbtest6  (cost=0.43..438.00 rows=110 width=125)
	  Index Cond: ((id >= 8878986) AND (id <= 8879086))

table 7 : explain SELECT id, c FROM sbtest7 WHERE id BETWEEN 8878986 AND 8879086
	Index Scan using sbtest7_pkey on sbtest7  (cost=0.43..392.87 rows=99 width=125)
	  Index Cond: ((id >= 8878986) AND (id <= 8879086))

table 8 : explain SELECT id, c FROM sbtest8 WHERE id BETWEEN 8878986 AND 8879086
	Index Scan using sbtest8_pkey on sbtest8  (cost=0.43..403.64 rows=102 width=125)
	  Index Cond: ((id >= 8878986) AND (id <= 8879086))

explain: for range-notcovered :: explain SELECT id, c FROM sbtest%d WHERE id BETWEEN 8878986 AND 8879086
for range-notcovered
table 1 : explain SELECT id, c FROM sbtest1 WHERE id BETWEEN 1255056 AND 1255156
	Index Scan using sbtest1_pkey on sbtest1  (cost=0.43..394.14 rows=99 width=125)
	  Index Cond: ((id >= 1255056) AND (id <= 1255156))

table 2 : explain SELECT id, c FROM sbtest2 WHERE id BETWEEN 1255056 AND 1255156
	Index Scan using sbtest2_pkey on sbtest2  (cost=0.43..416.67 rows=105 width=125)
	  Index Cond: ((id >= 1255056) AND (id <= 1255156))

table 3 : explain SELECT id, c FROM sbtest3 WHERE id BETWEEN 1255056 AND 1255156
	Index Scan using sbtest3_pkey on sbtest3  (cost=0.43..374.40 rows=94 width=125)
	  Index Cond: ((id >= 1255056) AND (id <= 1255156))

table 4 : explain SELECT id, c FROM sbtest4 WHERE id BETWEEN 1255056 AND 1255156
	Index Scan using sbtest4_pkey on sbtest4  (cost=0.43..373.26 rows=94 width=125)
	  Index Cond: ((id >= 1255056) AND (id <= 1255156))

table 5 : explain SELECT id, c FROM sbtest5 WHERE id BETWEEN 1255056 AND 1255156
	Index Scan using sbtest5_pkey on sbtest5  (cost=0.43..401.12 rows=101 width=125)
	  Index Cond: ((id >= 1255056) AND (id <= 1255156))

table 6 : explain SELECT id, c FROM sbtest6 WHERE id BETWEEN 1255056 AND 1255156
	Index Scan using sbtest6_pkey on sbtest6  (cost=0.43..406.48 rows=102 width=125)
	  Index Cond: ((id >= 1255056) AND (id <= 1255156))

table 7 : explain SELECT id, c FROM sbtest7 WHERE id BETWEEN 1255056 AND 1255156
	Index Scan using sbtest7_pkey on sbtest7  (cost=0.43..385.03 rows=97 width=125)
	  Index Cond: ((id >= 1255056) AND (id <= 1255156))

table 8 : explain SELECT id, c FROM sbtest8 WHERE id BETWEEN 1255056 AND 1255156
	Index Scan using sbtest8_pkey on sbtest8  (cost=0.43..403.64 rows=102 width=125)
	  Index Cond: ((id >= 1255056) AND (id <= 1255156))

explain: for range-notcovered :: explain SELECT id, c FROM sbtest%d WHERE id BETWEEN 1255056 AND 1255156
for range-notcovered
table 1 : explain SELECT id, c FROM sbtest1 WHERE id BETWEEN 5074200 AND 5074300
	Index Scan using sbtest1_pkey on sbtest1  (cost=0.43..402.01 rows=101 width=125)
	  Index Cond: ((id >= 5074200) AND (id <= 5074300))

table 2 : explain SELECT id, c FROM sbtest2 WHERE id BETWEEN 5074200 AND 5074300
	Index Scan using sbtest2_pkey on sbtest2  (cost=0.43..381.35 rows=96 width=125)
	  Index Cond: ((id >= 5074200) AND (id <= 5074300))

table 3 : explain SELECT id, c FROM sbtest3 WHERE id BETWEEN 5074200 AND 5074300
	Index Scan using sbtest3_pkey on sbtest3  (cost=0.43..421.64 rows=106 width=125)
	  Index Cond: ((id >= 5074200) AND (id <= 5074300))

table 4 : explain SELECT id, c FROM sbtest4 WHERE id BETWEEN 5074200 AND 5074300
	Index Scan using sbtest4_pkey on sbtest4  (cost=0.43..400.72 rows=101 width=125)
	  Index Cond: ((id >= 5074200) AND (id <= 5074300))

table 5 : explain SELECT id, c FROM sbtest5 WHERE id BETWEEN 5074200 AND 5074300
	Index Scan using sbtest5_pkey on sbtest5  (cost=0.43..412.90 rows=104 width=125)
	  Index Cond: ((id >= 5074200) AND (id <= 5074300))

table 6 : explain SELECT id, c FROM sbtest6 WHERE id BETWEEN 5074200 AND 5074300
	Index Scan using sbtest6_pkey on sbtest6  (cost=0.43..367.05 rows=92 width=125)
	  Index Cond: ((id >= 5074200) AND (id <= 5074300))

table 7 : explain SELECT id, c FROM sbtest7 WHERE id BETWEEN 5074200 AND 5074300
	Index Scan using sbtest7_pkey on sbtest7  (cost=0.43..428.17 rows=108 width=125)
	  Index Cond: ((id >= 5074200) AND (id <= 5074300))

table 8 : explain SELECT id, c FROM sbtest8 WHERE id BETWEEN 5074200 AND 5074300
	Index Scan using sbtest8_pkey on sbtest8  (cost=0.43..387.99 rows=98 width=125)
	  Index Cond: ((id >= 5074200) AND (id <= 5074300))

explain: for range-notcovered :: explain SELECT id, c FROM sbtest%d WHERE id BETWEEN 5074200 AND 5074300
for range-notcovered
table 1 : explain SELECT id, c FROM sbtest1 WHERE id BETWEEN 2646862 AND 2646962
	Index Scan using sbtest1_pkey on sbtest1  (cost=0.43..409.88 rows=103 width=125)
	  Index Cond: ((id >= 2646862) AND (id <= 2646962))

table 2 : explain SELECT id, c FROM sbtest2 WHERE id BETWEEN 2646862 AND 2646962
	Index Scan using sbtest2_pkey on sbtest2  (cost=0.43..448.07 rows=113 width=125)
	  Index Cond: ((id >= 2646862) AND (id <= 2646962))

table 3 : explain SELECT id, c FROM sbtest3 WHERE id BETWEEN 2646862 AND 2646962
	Index Scan using sbtest3_pkey on sbtest3  (cost=0.43..417.70 rows=105 width=125)
	  Index Cond: ((id >= 2646862) AND (id <= 2646962))

table 4 : explain SELECT id, c FROM sbtest4 WHERE id BETWEEN 2646862 AND 2646962
	Index Scan using sbtest4_pkey on sbtest4  (cost=0.43..416.40 rows=105 width=125)
	  Index Cond: ((id >= 2646862) AND (id <= 2646962))

table 5 : explain SELECT id, c FROM sbtest5 WHERE id BETWEEN 2646862 AND 2646962
	Index Scan using sbtest5_pkey on sbtest5  (cost=0.43..424.68 rows=107 width=125)
	  Index Cond: ((id >= 2646862) AND (id <= 2646962))

table 6 : explain SELECT id, c FROM sbtest6 WHERE id BETWEEN 2646862 AND 2646962
	Index Scan using sbtest6_pkey on sbtest6  (cost=0.43..410.42 rows=103 width=125)
	  Index Cond: ((id >= 2646862) AND (id <= 2646962))

table 7 : explain SELECT id, c FROM sbtest7 WHERE id BETWEEN 2646862 AND 2646962
	Index Scan using sbtest7_pkey on sbtest7  (cost=0.43..420.33 rows=106 width=125)
	  Index Cond: ((id >= 2646862) AND (id <= 2646962))

table 8 : explain SELECT id, c FROM sbtest8 WHERE id BETWEEN 2646862 AND 2646962
	Index Scan using sbtest8_pkey on sbtest8  (cost=0.43..399.72 rows=101 width=125)
	  Index Cond: ((id >= 2646862) AND (id <= 2646962))

explain: for range-notcovered :: explain SELECT id, c FROM sbtest%d WHERE id BETWEEN 2646862 AND 2646962
for range-notcovered
table 1 : explain SELECT id, c FROM sbtest1 WHERE id BETWEEN 7777835 AND 7777935
	Index Scan using sbtest1_pkey on sbtest1  (cost=0.43..402.01 rows=101 width=125)
	  Index Cond: ((id >= 7777835) AND (id <= 7777935))

table 2 : explain SELECT id, c FROM sbtest2 WHERE id BETWEEN 7777835 AND 7777935
	Index Scan using sbtest2_pkey on sbtest2  (cost=0.43..404.90 rows=102 width=125)
	  Index Cond: ((id >= 7777835) AND (id <= 7777935))

table 3 : explain SELECT id, c FROM sbtest3 WHERE id BETWEEN 7777835 AND 7777935
	Index Scan using sbtest3_pkey on sbtest3  (cost=0.43..405.90 rows=102 width=125)
	  Index Cond: ((id >= 7777835) AND (id <= 7777935))

table 4 : explain SELECT id, c FROM sbtest4 WHERE id BETWEEN 7777835 AND 7777935
	Index Scan using sbtest4_pkey on sbtest4  (cost=0.43..416.40 rows=105 width=125)
	  Index Cond: ((id >= 7777835) AND (id <= 7777935))

table 5 : explain SELECT id, c FROM sbtest5 WHERE id BETWEEN 7777835 AND 7777935
	Index Scan using sbtest5_pkey on sbtest5  (cost=0.43..401.12 rows=101 width=125)
	  Index Cond: ((id >= 7777835) AND (id <= 7777935))

table 6 : explain SELECT id, c FROM sbtest6 WHERE id BETWEEN 7777835 AND 7777935
	Index Scan using sbtest6_pkey on sbtest6  (cost=0.43..347.35 rows=87 width=125)
	  Index Cond: ((id >= 7777835) AND (id <= 7777935))

table 7 : explain SELECT id, c FROM sbtest7 WHERE id BETWEEN 7777835 AND 7777935
	Index Scan using sbtest7_pkey on sbtest7  (cost=0.43..432.09 rows=109 width=125)
	  Index Cond: ((id >= 7777835) AND (id <= 7777935))

table 8 : explain SELECT id, c FROM sbtest8 WHERE id BETWEEN 7777835 AND 7777935
	Index Scan using sbtest8_pkey on sbtest8  (cost=0.43..407.55 rows=103 width=125)
	  Index Cond: ((id >= 7777835) AND (id <= 7777935))

for range-notcovered
table 1 : explain SELECT id, c FROM sbtest1 WHERE id BETWEEN 8878986 AND 8879086
	Index Scan using sbtest1_pkey on sbtest1  (cost=0.43..378.40 rows=95 width=125)
	  Index Cond: ((id >= 8878986) AND (id <= 8879086))

table 2 : explain SELECT id, c FROM sbtest2 WHERE id BETWEEN 8878986 AND 8879086
	Index Scan using sbtest2_pkey on sbtest2  (cost=0.43..377.43 rows=95 width=125)
	  Index Cond: ((id >= 8878986) AND (id <= 8879086))

table 3 : explain SELECT id, c FROM sbtest3 WHERE id BETWEEN 8878986 AND 8879086
	Index Scan using sbtest3_pkey on sbtest3  (cost=0.43..405.90 rows=102 width=125)
	  Index Cond: ((id >= 8878986) AND (id <= 8879086))

table 4 : explain SELECT id, c FROM sbtest4 WHERE id BETWEEN 8878986 AND 8879086
	Index Scan using sbtest4_pkey on sbtest4  (cost=0.43..396.79 rows=100 width=125)
	  Index Cond: ((id >= 8878986) AND (id <= 8879086))

table 5 : explain SELECT id, c FROM sbtest5 WHERE id BETWEEN 8878986 AND 8879086
	Index Scan using sbtest5_pkey on sbtest5  (cost=0.43..397.20 rows=100 width=125)
	  Index Cond: ((id >= 8878986) AND (id <= 8879086))

table 6 : explain SELECT id, c FROM sbtest6 WHERE id BETWEEN 8878986 AND 8879086
	Index Scan using sbtest6_pkey on sbtest6  (cost=0.43..438.00 rows=110 width=125)
	  Index Cond: ((id >= 8878986) AND (id <= 8879086))

table 7 : explain SELECT id, c FROM sbtest7 WHERE id BETWEEN 8878986 AND 8879086
	Index Scan using sbtest7_pkey on sbtest7  (cost=0.43..392.87 rows=99 width=125)
	  Index Cond: ((id >= 8878986) AND (id <= 8879086))

table 8 : explain SELECT id, c FROM sbtest8 WHERE id BETWEEN 8878986 AND 8879086
	Index Scan using sbtest8_pkey on sbtest8  (cost=0.43..403.64 rows=102 width=125)
	  Index Cond: ((id >= 8878986) AND (id <= 8879086))

explain: for range-notcovered :: explain SELECT id, c FROM sbtest%d WHERE id BETWEEN 8878986 AND 8879086
for range-notcovered
table 1 : explain SELECT id, c FROM sbtest1 WHERE id BETWEEN 1255056 AND 1255156
	Index Scan using sbtest1_pkey on sbtest1  (cost=0.43..394.14 rows=99 width=125)
	  Index Cond: ((id >= 1255056) AND (id <= 1255156))

table 2 : explain SELECT id, c FROM sbtest2 WHERE id BETWEEN 1255056 AND 1255156
	Index Scan using sbtest2_pkey on sbtest2  (cost=0.43..416.67 rows=105 width=125)
	  Index Cond: ((id >= 1255056) AND (id <= 1255156))

table 3 : explain SELECT id, c FROM sbtest3 WHERE id BETWEEN 1255056 AND 1255156
	Index Scan using sbtest3_pkey on sbtest3  (cost=0.43..374.40 rows=94 width=125)
	  Index Cond: ((id >= 1255056) AND (id <= 1255156))

table 4 : explain SELECT id, c FROM sbtest4 WHERE id BETWEEN 1255056 AND 1255156
	Index Scan using sbtest4_pkey on sbtest4  (cost=0.43..373.26 rows=94 width=125)
	  Index Cond: ((id >= 1255056) AND (id <= 1255156))

table 5 : explain SELECT id, c FROM sbtest5 WHERE id BETWEEN 1255056 AND 1255156
	Index Scan using sbtest5_pkey on sbtest5  (cost=0.43..401.12 rows=101 width=125)
	  Index Cond: ((id >= 1255056) AND (id <= 1255156))

table 6 : explain SELECT id, c FROM sbtest6 WHERE id BETWEEN 1255056 AND 1255156
	Index Scan using sbtest6_pkey on sbtest6  (cost=0.43..406.48 rows=102 width=125)
	  Index Cond: ((id >= 1255056) AND (id <= 1255156))

table 7 : explain SELECT id, c FROM sbtest7 WHERE id BETWEEN 1255056 AND 1255156
	Index Scan using sbtest7_pkey on sbtest7  (cost=0.43..385.03 rows=97 width=125)
	  Index Cond: ((id >= 1255056) AND (id <= 1255156))

table 8 : explain SELECT id, c FROM sbtest8 WHERE id BETWEEN 1255056 AND 1255156
	Index Scan using sbtest8_pkey on sbtest8  (cost=0.43..403.64 rows=102 width=125)
	  Index Cond: ((id >= 1255056) AND (id <= 1255156))

explain: for range-notcovered :: explain SELECT id, c FROM sbtest%d WHERE id BETWEEN 1255056 AND 1255156
for range-notcovered
table 1 : explain SELECT id, c FROM sbtest1 WHERE id BETWEEN 5074200 AND 5074300
	Index Scan using sbtest1_pkey on sbtest1  (cost=0.43..402.01 rows=101 width=125)
	  Index Cond: ((id >= 5074200) AND (id <= 5074300))

table 2 : explain SELECT id, c FROM sbtest2 WHERE id BETWEEN 5074200 AND 5074300
	Index Scan using sbtest2_pkey on sbtest2  (cost=0.43..381.35 rows=96 width=125)
	  Index Cond: ((id >= 5074200) AND (id <= 5074300))

table 3 : explain SELECT id, c FROM sbtest3 WHERE id BETWEEN 5074200 AND 5074300
	Index Scan using sbtest3_pkey on sbtest3  (cost=0.43..421.64 rows=106 width=125)
	  Index Cond: ((id >= 5074200) AND (id <= 5074300))

table 4 : explain SELECT id, c FROM sbtest4 WHERE id BETWEEN 5074200 AND 5074300
	Index Scan using sbtest4_pkey on sbtest4  (cost=0.43..400.72 rows=101 width=125)
	  Index Cond: ((id >= 5074200) AND (id <= 5074300))

table 5 : explain SELECT id, c FROM sbtest5 WHERE id BETWEEN 5074200 AND 5074300
	Index Scan using sbtest5_pkey on sbtest5  (cost=0.43..412.90 rows=104 width=125)
	  Index Cond: ((id >= 5074200) AND (id <= 5074300))

table 6 : explain SELECT id, c FROM sbtest6 WHERE id BETWEEN 5074200 AND 5074300
	Index Scan using sbtest6_pkey on sbtest6  (cost=0.43..367.05 rows=92 width=125)
	  Index Cond: ((id >= 5074200) AND (id <= 5074300))

table 7 : explain SELECT id, c FROM sbtest7 WHERE id BETWEEN 5074200 AND 5074300
	Index Scan using sbtest7_pkey on sbtest7  (cost=0.43..428.17 rows=108 width=125)
	  Index Cond: ((id >= 5074200) AND (id <= 5074300))

table 8 : explain SELECT id, c FROM sbtest8 WHERE id BETWEEN 5074200 AND 5074300
	Index Scan using sbtest8_pkey on sbtest8  (cost=0.43..387.99 rows=98 width=125)
	  Index Cond: ((id >= 5074200) AND (id <= 5074300))

explain: for range-notcovered :: explain SELECT id, c FROM sbtest%d WHERE id BETWEEN 5074200 AND 5074300
for range-notcovered
table 1 : explain SELECT id, c FROM sbtest1 WHERE id BETWEEN 2646862 AND 2646962
	Index Scan using sbtest1_pkey on sbtest1  (cost=0.43..409.88 rows=103 width=125)
	  Index Cond: ((id >= 2646862) AND (id <= 2646962))

table 2 : explain SELECT id, c FROM sbtest2 WHERE id BETWEEN 2646862 AND 2646962
	Index Scan using sbtest2_pkey on sbtest2  (cost=0.43..448.07 rows=113 width=125)
	  Index Cond: ((id >= 2646862) AND (id <= 2646962))

table 3 : explain SELECT id, c FROM sbtest3 WHERE id BETWEEN 2646862 AND 2646962
	Index Scan using sbtest3_pkey on sbtest3  (cost=0.43..417.70 rows=105 width=125)
	  Index Cond: ((id >= 2646862) AND (id <= 2646962))

table 4 : explain SELECT id, c FROM sbtest4 WHERE id BETWEEN 2646862 AND 2646962
	Index Scan using sbtest4_pkey on sbtest4  (cost=0.43..416.40 rows=105 width=125)
	  Index Cond: ((id >= 2646862) AND (id <= 2646962))

table 5 : explain SELECT id, c FROM sbtest5 WHERE id BETWEEN 2646862 AND 2646962
	Index Scan using sbtest5_pkey on sbtest5  (cost=0.43..424.68 rows=107 width=125)
	  Index Cond: ((id >= 2646862) AND (id <= 2646962))

table 6 : explain SELECT id, c FROM sbtest6 WHERE id BETWEEN 2646862 AND 2646962
	Index Scan using sbtest6_pkey on sbtest6  (cost=0.43..410.42 rows=103 width=125)
	  Index Cond: ((id >= 2646862) AND (id <= 2646962))

table 7 : explain SELECT id, c FROM sbtest7 WHERE id BETWEEN 2646862 AND 2646962
	Index Scan using sbtest7_pkey on sbtest7  (cost=0.43..420.33 rows=106 width=125)
	  Index Cond: ((id >= 2646862) AND (id <= 2646962))

table 8 : explain SELECT id, c FROM sbtest8 WHERE id BETWEEN 2646862 AND 2646962
	Index Scan using sbtest8_pkey on sbtest8  (cost=0.43..399.72 rows=101 width=125)
	  Index Cond: ((id >= 2646862) AND (id <= 2646962))

explain: for range-notcovered :: explain SELECT id, c FROM sbtest%d WHERE id BETWEEN 2646862 AND 2646962
for range-notcovered
table 1 : explain SELECT id, c FROM sbtest1 WHERE id BETWEEN 6953097 AND 6953197
	Index Scan using sbtest1_pkey on sbtest1  (cost=0.43..358.70 rows=90 width=125)
	  Index Cond: ((id >= 6953097) AND (id <= 6953197))

table 2 : explain SELECT id, c FROM sbtest2 WHERE id BETWEEN 6953097 AND 6953197
	Index Scan using sbtest2_pkey on sbtest2  (cost=0.43..381.35 rows=96 width=125)
	  Index Cond: ((id >= 6953097) AND (id <= 6953197))

table 3 : explain SELECT id, c FROM sbtest3 WHERE id BETWEEN 6953097 AND 6953197
	Index Scan using sbtest3_pkey on sbtest3  (cost=0.43..378.34 rows=95 width=125)
	  Index Cond: ((id >= 6953097) AND (id <= 6953197))

table 4 : explain SELECT id, c FROM sbtest4 WHERE id BETWEEN 6953097 AND 6953197
	Index Scan using sbtest4_pkey on sbtest4  (cost=0.43..404.64 rows=102 width=125)
	  Index Cond: ((id >= 6953097) AND (id <= 6953197))

table 5 : explain SELECT id, c FROM sbtest5 WHERE id BETWEEN 6953097 AND 6953197
	Index Scan using sbtest5_pkey on sbtest5  (cost=0.43..385.42 rows=97 width=125)
	  Index Cond: ((id >= 6953097) AND (id <= 6953197))

table 6 : explain SELECT id, c FROM sbtest6 WHERE id BETWEEN 6953097 AND 6953197
	Index Scan using sbtest6_pkey on sbtest6  (cost=0.43..390.72 rows=98 width=125)
	  Index Cond: ((id >= 6953097) AND (id <= 6953197))

table 7 : explain SELECT id, c FROM sbtest7 WHERE id BETWEEN 6953097 AND 6953197
	Index Scan using sbtest7_pkey on sbtest7  (cost=0.43..400.72 rows=101 width=125)
	  Index Cond: ((id >= 6953097) AND (id <= 6953197))

table 8 : explain SELECT id, c FROM sbtest8 WHERE id BETWEEN 6953097 AND 6953197
	Index Scan using sbtest8_pkey on sbtest8  (cost=0.43..407.55 rows=103 width=125)
	  Index Cond: ((id >= 6953097) AND (id <= 6953197))

for range-notcovered
table 1 : explain SELECT id, c FROM sbtest1 WHERE id BETWEEN 8878986 AND 8879086
	Index Scan using sbtest1_pkey on sbtest1  (cost=0.43..378.40 rows=95 width=125)
	  Index Cond: ((id >= 8878986) AND (id <= 8879086))

table 2 : explain SELECT id, c FROM sbtest2 WHERE id BETWEEN 8878986 AND 8879086
	Index Scan using sbtest2_pkey on sbtest2  (cost=0.43..377.43 rows=95 width=125)
	  Index Cond: ((id >= 8878986) AND (id <= 8879086))

table 3 : explain SELECT id, c FROM sbtest3 WHERE id BETWEEN 8878986 AND 8879086
	Index Scan using sbtest3_pkey on sbtest3  (cost=0.43..405.90 rows=102 width=125)
	  Index Cond: ((id >= 8878986) AND (id <= 8879086))

table 4 : explain SELECT id, c FROM sbtest4 WHERE id BETWEEN 8878986 AND 8879086
	Index Scan using sbtest4_pkey on sbtest4  (cost=0.43..396.79 rows=100 width=125)
	  Index Cond: ((id >= 8878986) AND (id <= 8879086))

table 5 : explain SELECT id, c FROM sbtest5 WHERE id BETWEEN 8878986 AND 8879086
	Index Scan using sbtest5_pkey on sbtest5  (cost=0.43..397.20 rows=100 width=125)
	  Index Cond: ((id >= 8878986) AND (id <= 8879086))

table 6 : explain SELECT id, c FROM sbtest6 WHERE id BETWEEN 8878986 AND 8879086
	Index Scan using sbtest6_pkey on sbtest6  (cost=0.43..438.00 rows=110 width=125)
	  Index Cond: ((id >= 8878986) AND (id <= 8879086))

table 7 : explain SELECT id, c FROM sbtest7 WHERE id BETWEEN 8878986 AND 8879086
	Index Scan using sbtest7_pkey on sbtest7  (cost=0.43..392.87 rows=99 width=125)
	  Index Cond: ((id >= 8878986) AND (id <= 8879086))

table 8 : explain SELECT id, c FROM sbtest8 WHERE id BETWEEN 8878986 AND 8879086
	Index Scan using sbtest8_pkey on sbtest8  (cost=0.43..403.64 rows=102 width=125)
	  Index Cond: ((id >= 8878986) AND (id <= 8879086))

explain: for range-notcovered :: explain SELECT id, c FROM sbtest%d WHERE id BETWEEN 6953097 AND 6953197
explain: for range-notcovered :: explain SELECT id, c FROM sbtest%d WHERE id BETWEEN 8878986 AND 8879086
for range-notcovered
table 1 : explain SELECT id, c FROM sbtest1 WHERE id BETWEEN 1255056 AND 1255156
	Index Scan using sbtest1_pkey on sbtest1  (cost=0.43..394.14 rows=99 width=125)
	  Index Cond: ((id >= 1255056) AND (id <= 1255156))

table 2 : explain SELECT id, c FROM sbtest2 WHERE id BETWEEN 1255056 AND 1255156
	Index Scan using sbtest2_pkey on sbtest2  (cost=0.43..416.67 rows=105 width=125)
	  Index Cond: ((id >= 1255056) AND (id <= 1255156))

table 3 : explain SELECT id, c FROM sbtest3 WHERE id BETWEEN 1255056 AND 1255156
	Index Scan using sbtest3_pkey on sbtest3  (cost=0.43..374.40 rows=94 width=125)
	  Index Cond: ((id >= 1255056) AND (id <= 1255156))

table 4 : explain SELECT id, c FROM sbtest4 WHERE id BETWEEN 1255056 AND 1255156
	Index Scan using sbtest4_pkey on sbtest4  (cost=0.43..373.26 rows=94 width=125)
	  Index Cond: ((id >= 1255056) AND (id <= 1255156))

table 5 : explain SELECT id, c FROM sbtest5 WHERE id BETWEEN 1255056 AND 1255156
	Index Scan using sbtest5_pkey on sbtest5  (cost=0.43..401.12 rows=101 width=125)
	  Index Cond: ((id >= 1255056) AND (id <= 1255156))

table 6 : explain SELECT id, c FROM sbtest6 WHERE id BETWEEN 1255056 AND 1255156
	Index Scan using sbtest6_pkey on sbtest6  (cost=0.43..406.48 rows=102 width=125)
	  Index Cond: ((id >= 1255056) AND (id <= 1255156))

table 7 : explain SELECT id, c FROM sbtest7 WHERE id BETWEEN 1255056 AND 1255156
	Index Scan using sbtest7_pkey on sbtest7  (cost=0.43..385.03 rows=97 width=125)
	  Index Cond: ((id >= 1255056) AND (id <= 1255156))

table 8 : explain SELECT id, c FROM sbtest8 WHERE id BETWEEN 1255056 AND 1255156
	Index Scan using sbtest8_pkey on sbtest8  (cost=0.43..403.64 rows=102 width=125)
	  Index Cond: ((id >= 1255056) AND (id <= 1255156))

explain: for range-notcovered :: explain SELECT id, c FROM sbtest%d WHERE id BETWEEN 1255056 AND 1255156
for range-notcovered
table 1 : explain SELECT id, c FROM sbtest1 WHERE id BETWEEN 7646932 AND 7647032
	Index Scan using sbtest1_pkey on sbtest1  (cost=0.43..421.68 rows=106 width=125)
	  Index Cond: ((id >= 7646932) AND (id <= 7647032))

table 2 : explain SELECT id, c FROM sbtest2 WHERE id BETWEEN 7646932 AND 7647032
	Index Scan using sbtest2_pkey on sbtest2  (cost=0.43..428.44 rows=108 width=125)
	  Index Cond: ((id >= 7646932) AND (id <= 7647032))

table 3 : explain SELECT id, c FROM sbtest3 WHERE id BETWEEN 7646932 AND 7647032
	Index Scan using sbtest3_pkey on sbtest3  (cost=0.43..394.09 rows=99 width=125)
	  Index Cond: ((id >= 7646932) AND (id <= 7647032))

table 4 : explain SELECT id, c FROM sbtest4 WHERE id BETWEEN 7646932 AND 7647032
	Index Scan using sbtest4_pkey on sbtest4  (cost=0.43..436.01 rows=110 width=125)
	  Index Cond: ((id >= 7646932) AND (id <= 7647032))

table 5 : explain SELECT id, c FROM sbtest5 WHERE id BETWEEN 7646932 AND 7647032
	Index Scan using sbtest5_pkey on sbtest5  (cost=0.43..408.98 rows=103 width=125)
	  Index Cond: ((id >= 7646932) AND (id <= 7647032))

table 6 : explain SELECT id, c FROM sbtest6 WHERE id BETWEEN 7646932 AND 7647032
	Index Scan using sbtest6_pkey on sbtest6  (cost=0.43..414.36 rows=104 width=125)
	  Index Cond: ((id >= 7646932) AND (id <= 7647032))

table 7 : explain SELECT id, c FROM sbtest7 WHERE id BETWEEN 7646932 AND 7647032
	Index Scan using sbtest7_pkey on sbtest7  (cost=0.43..424.25 rows=107 width=125)
	  Index Cond: ((id >= 7646932) AND (id <= 7647032))

table 8 : explain SELECT id, c FROM sbtest8 WHERE id BETWEEN 7646932 AND 7647032
	Index Scan using sbtest8_pkey on sbtest8  (cost=0.43..384.08 rows=97 width=125)
	  Index Cond: ((id >= 7646932) AND (id <= 7647032))

for range-notcovered
table 1 : explain SELECT id, c FROM sbtest1 WHERE id BETWEEN 3918497 AND 3918597
	Index Scan using sbtest1_pkey on sbtest1  (cost=0.43..382.33 rows=96 width=125)
	  Index Cond: ((id >= 3918497) AND (id <= 3918597))

table 2 : explain SELECT id, c FROM sbtest2 WHERE id BETWEEN 3918497 AND 3918597
	Index Scan using sbtest2_pkey on sbtest2  (cost=0.43..432.37 rows=109 width=125)
	  Index Cond: ((id >= 3918497) AND (id <= 3918597))

table 3 : explain SELECT id, c FROM sbtest3 WHERE id BETWEEN 3918497 AND 3918597
	Index Scan using sbtest3_pkey on sbtest3  (cost=0.43..413.77 rows=104 width=125)
	  Index Cond: ((id >= 3918497) AND (id <= 3918597))

table 4 : explain SELECT id, c FROM sbtest4 WHERE id BETWEEN 3918497 AND 3918597
	Index Scan using sbtest4_pkey on sbtest4  (cost=0.43..373.24 rows=94 width=125)
	  Index Cond: ((id >= 3918497) AND (id <= 3918597))

table 5 : explain SELECT id, c FROM sbtest5 WHERE id BETWEEN 3918497 AND 3918597
	Index Scan using sbtest5_pkey on sbtest5  (cost=0.43..436.46 rows=110 width=125)
	  Index Cond: ((id >= 3918497) AND (id <= 3918597))

table 6 : explain SELECT id, c FROM sbtest6 WHERE id BETWEEN 3918497 AND 3918597
	Index Scan using sbtest6_pkey on sbtest6  (cost=0.43..426.18 rows=107 width=125)
	  Index Cond: ((id >= 3918497) AND (id <= 3918597))

table 7 : explain SELECT id, c FROM sbtest7 WHERE id BETWEEN 3918497 AND 3918597
	Index Scan using sbtest7_pkey on sbtest7  (cost=0.43..388.95 rows=98 width=125)
	  Index Cond: ((id >= 3918497) AND (id <= 3918597))

table 8 : explain SELECT id, c FROM sbtest8 WHERE id BETWEEN 3918497 AND 3918597
	Index Scan using sbtest8_pkey on sbtest8  (cost=0.43..376.25 rows=95 width=125)
	  Index Cond: ((id >= 3918497) AND (id <= 3918597))

explain: for range-notcovered :: explain SELECT id, c FROM sbtest%d WHERE id BETWEEN 7646932 AND 7647032
for range-notcovered
table 1 : explain SELECT id, c FROM sbtest1 WHERE id BETWEEN 5074200 AND 5074300
	Index Scan using sbtest1_pkey on sbtest1  (cost=0.43..402.01 rows=101 width=125)
	  Index Cond: ((id >= 5074200) AND (id <= 5074300))

table 2 : explain SELECT id, c FROM sbtest2 WHERE id BETWEEN 5074200 AND 5074300
	Index Scan using sbtest2_pkey on sbtest2  (cost=0.43..381.35 rows=96 width=125)
	  Index Cond: ((id >= 5074200) AND (id <= 5074300))

table 3 : explain SELECT id, c FROM sbtest3 WHERE id BETWEEN 5074200 AND 5074300
	Index Scan using sbtest3_pkey on sbtest3  (cost=0.43..421.64 rows=106 width=125)
	  Index Cond: ((id >= 5074200) AND (id <= 5074300))

table 4 : explain SELECT id, c FROM sbtest4 WHERE id BETWEEN 5074200 AND 5074300
	Index Scan using sbtest4_pkey on sbtest4  (cost=0.43..400.72 rows=101 width=125)
	  Index Cond: ((id >= 5074200) AND (id <= 5074300))

table 5 : explain SELECT id, c FROM sbtest5 WHERE id BETWEEN 5074200 AND 5074300
	Index Scan using sbtest5_pkey on sbtest5  (cost=0.43..412.90 rows=104 width=125)
	  Index Cond: ((id >= 5074200) AND (id <= 5074300))

table 6 : explain SELECT id, c FROM sbtest6 WHERE id BETWEEN 5074200 AND 5074300
	Index Scan using sbtest6_pkey on sbtest6  (cost=0.43..367.05 rows=92 width=125)
	  Index Cond: ((id >= 5074200) AND (id <= 5074300))

table 7 : explain SELECT id, c FROM sbtest7 WHERE id BETWEEN 5074200 AND 5074300
	Index Scan using sbtest7_pkey on sbtest7  (cost=0.43..428.17 rows=108 width=125)
	  Index Cond: ((id >= 5074200) AND (id <= 5074300))

table 8 : explain SELECT id, c FROM sbtest8 WHERE id BETWEEN 5074200 AND 5074300
	Index Scan using sbtest8_pkey on sbtest8  (cost=0.43..387.99 rows=98 width=125)
	  Index Cond: ((id >= 5074200) AND (id <= 5074300))

for range-notcovered
table 1 : explain SELECT id, c FROM sbtest1 WHERE id BETWEEN 2646862 AND 2646962
	Index Scan using sbtest1_pkey on sbtest1  (cost=0.43..409.88 rows=103 width=125)
	  Index Cond: ((id >= 2646862) AND (id <= 2646962))

table 2 : explain SELECT id, c FROM sbtest2 WHERE id BETWEEN 2646862 AND 2646962
	Index Scan using sbtest2_pkey on sbtest2  (cost=0.43..448.07 rows=113 width=125)
	  Index Cond: ((id >= 2646862) AND (id <= 2646962))

table 3 : explain SELECT id, c FROM sbtest3 WHERE id BETWEEN 2646862 AND 2646962
	Index Scan using sbtest3_pkey on sbtest3  (cost=0.43..417.70 rows=105 width=125)
	  Index Cond: ((id >= 2646862) AND (id <= 2646962))

table 4 : explain SELECT id, c FROM sbtest4 WHERE id BETWEEN 2646862 AND 2646962
	Index Scan using sbtest4_pkey on sbtest4  (cost=0.43..416.40 rows=105 width=125)
	  Index Cond: ((id >= 2646862) AND (id <= 2646962))

table 5 : explain SELECT id, c FROM sbtest5 WHERE id BETWEEN 2646862 AND 2646962
	Index Scan using sbtest5_pkey on sbtest5  (cost=0.43..424.68 rows=107 width=125)
	  Index Cond: ((id >= 2646862) AND (id <= 2646962))

table 6 : explain SELECT id, c FROM sbtest6 WHERE id BETWEEN 2646862 AND 2646962
	Index Scan using sbtest6_pkey on sbtest6  (cost=0.43..410.42 rows=103 width=125)
	  Index Cond: ((id >= 2646862) AND (id <= 2646962))

table 7 : explain SELECT id, c FROM sbtest7 WHERE id BETWEEN 2646862 AND 2646962
	Index Scan using sbtest7_pkey on sbtest7  (cost=0.43..420.33 rows=106 width=125)
	  Index Cond: ((id >= 2646862) AND (id <= 2646962))

table 8 : explain SELECT id, c FROM sbtest8 WHERE id BETWEEN 2646862 AND 2646962
	Index Scan using sbtest8_pkey on sbtest8  (cost=0.43..399.72 rows=101 width=125)
	  Index Cond: ((id >= 2646862) AND (id <= 2646962))

explain: for range-notcovered :: explain SELECT id, c FROM sbtest%d WHERE id BETWEEN 3918497 AND 3918597
explain: for range-notcovered :: explain SELECT id, c FROM sbtest%d WHERE id BETWEEN 2646862 AND 2646962
explain: for range-notcovered :: explain SELECT id, c FROM sbtest%d WHERE id BETWEEN 3225272 AND 3225372
for range-notcovered
table 1 : explain SELECT id, c FROM sbtest1 WHERE id BETWEEN 8878986 AND 8879086
	Index Scan using sbtest1_pkey on sbtest1  (cost=0.43..378.40 rows=95 width=125)
	  Index Cond: ((id >= 8878986) AND (id <= 8879086))

table 2 : explain SELECT id, c FROM sbtest2 WHERE id BETWEEN 8878986 AND 8879086
	Index Scan using sbtest2_pkey on sbtest2  (cost=0.43..377.43 rows=95 width=125)
	  Index Cond: ((id >= 8878986) AND (id <= 8879086))

table 3 : explain SELECT id, c FROM sbtest3 WHERE id BETWEEN 8878986 AND 8879086
	Index Scan using sbtest3_pkey on sbtest3  (cost=0.43..405.90 rows=102 width=125)
	  Index Cond: ((id >= 8878986) AND (id <= 8879086))

table 4 : explain SELECT id, c FROM sbtest4 WHERE id BETWEEN 8878986 AND 8879086
	Index Scan using sbtest4_pkey on sbtest4  (cost=0.43..396.79 rows=100 width=125)
	  Index Cond: ((id >= 8878986) AND (id <= 8879086))

table 5 : explain SELECT id, c FROM sbtest5 WHERE id BETWEEN 8878986 AND 8879086
	Index Scan using sbtest5_pkey on sbtest5  (cost=0.43..397.20 rows=100 width=125)
	  Index Cond: ((id >= 8878986) AND (id <= 8879086))

table 6 : explain SELECT id, c FROM sbtest6 WHERE id BETWEEN 8878986 AND 8879086
	Index Scan using sbtest6_pkey on sbtest6  (cost=0.43..438.00 rows=110 width=125)
	  Index Cond: ((id >= 8878986) AND (id <= 8879086))

table 7 : explain SELECT id, c FROM sbtest7 WHERE id BETWEEN 8878986 AND 8879086
	Index Scan using sbtest7_pkey on sbtest7  (cost=0.43..392.87 rows=99 width=125)
	  Index Cond: ((id >= 8878986) AND (id <= 8879086))

table 8 : explain SELECT id, c FROM sbtest8 WHERE id BETWEEN 8878986 AND 8879086
	Index Scan using sbtest8_pkey on sbtest8  (cost=0.43..403.64 rows=102 width=125)
	  Index Cond: ((id >= 8878986) AND (id <= 8879086))

for range-notcovered
table 1 : explain SELECT id, c FROM sbtest1 WHERE id BETWEEN 6953097 AND 6953197
	Index Scan using sbtest1_pkey on sbtest1  (cost=0.43..358.70 rows=90 width=125)
	  Index Cond: ((id >= 6953097) AND (id <= 6953197))

table 2 : explain SELECT id, c FROM sbtest2 WHERE id BETWEEN 6953097 AND 6953197
	Index Scan using sbtest2_pkey on sbtest2  (cost=0.43..381.35 rows=96 width=125)
	  Index Cond: ((id >= 6953097) AND (id <= 6953197))

table 3 : explain SELECT id, c FROM sbtest3 WHERE id BETWEEN 6953097 AND 6953197
	Index Scan using sbtest3_pkey on sbtest3  (cost=0.43..378.34 rows=95 width=125)
	  Index Cond: ((id >= 6953097) AND (id <= 6953197))

table 4 : explain SELECT id, c FROM sbtest4 WHERE id BETWEEN 6953097 AND 6953197
	Index Scan using sbtest4_pkey on sbtest4  (cost=0.43..404.64 rows=102 width=125)
	  Index Cond: ((id >= 6953097) AND (id <= 6953197))

table 5 : explain SELECT id, c FROM sbtest5 WHERE id BETWEEN 6953097 AND 6953197
	Index Scan using sbtest5_pkey on sbtest5  (cost=0.43..385.42 rows=97 width=125)
	  Index Cond: ((id >= 6953097) AND (id <= 6953197))

table 6 : explain SELECT id, c FROM sbtest6 WHERE id BETWEEN 6953097 AND 6953197
	Index Scan using sbtest6_pkey on sbtest6  (cost=0.43..390.72 rows=98 width=125)
	  Index Cond: ((id >= 6953097) AND (id <= 6953197))

table 7 : explain SELECT id, c FROM sbtest7 WHERE id BETWEEN 6953097 AND 6953197
	Index Scan using sbtest7_pkey on sbtest7  (cost=0.43..400.72 rows=101 width=125)
	  Index Cond: ((id >= 6953097) AND (id <= 6953197))

table 8 : explain SELECT id, c FROM sbtest8 WHERE id BETWEEN 6953097 AND 6953197
	Index Scan using sbtest8_pkey on sbtest8  (cost=0.43..407.55 rows=103 width=125)
	  Index Cond: ((id >= 6953097) AND (id <= 6953197))

explain: for range-notcovered :: explain SELECT id, c FROM sbtest%d WHERE id BETWEEN 8878986 AND 8879086
explain: for range-notcovered :: explain SELECT id, c FROM sbtest%d WHERE id BETWEEN 6953097 AND 6953197
for range-notcovered
table 1 : explain SELECT id, c FROM sbtest1 WHERE id BETWEEN 1255056 AND 1255156
	Index Scan using sbtest1_pkey on sbtest1  (cost=0.43..394.14 rows=99 width=125)
	  Index Cond: ((id >= 1255056) AND (id <= 1255156))

table 2 : explain SELECT id, c FROM sbtest2 WHERE id BETWEEN 1255056 AND 1255156
	Index Scan using sbtest2_pkey on sbtest2  (cost=0.43..416.67 rows=105 width=125)
	  Index Cond: ((id >= 1255056) AND (id <= 1255156))

table 3 : explain SELECT id, c FROM sbtest3 WHERE id BETWEEN 1255056 AND 1255156
	Index Scan using sbtest3_pkey on sbtest3  (cost=0.43..374.40 rows=94 width=125)
	  Index Cond: ((id >= 1255056) AND (id <= 1255156))

table 4 : explain SELECT id, c FROM sbtest4 WHERE id BETWEEN 1255056 AND 1255156
	Index Scan using sbtest4_pkey on sbtest4  (cost=0.43..373.26 rows=94 width=125)
	  Index Cond: ((id >= 1255056) AND (id <= 1255156))

table 5 : explain SELECT id, c FROM sbtest5 WHERE id BETWEEN 1255056 AND 1255156
	Index Scan using sbtest5_pkey on sbtest5  (cost=0.43..401.12 rows=101 width=125)
	  Index Cond: ((id >= 1255056) AND (id <= 1255156))

table 6 : explain SELECT id, c FROM sbtest6 WHERE id BETWEEN 1255056 AND 1255156
	Index Scan using sbtest6_pkey on sbtest6  (cost=0.43..406.48 rows=102 width=125)
	  Index Cond: ((id >= 1255056) AND (id <= 1255156))

table 7 : explain SELECT id, c FROM sbtest7 WHERE id BETWEEN 1255056 AND 1255156
	Index Scan using sbtest7_pkey on sbtest7  (cost=0.43..385.03 rows=97 width=125)
	  Index Cond: ((id >= 1255056) AND (id <= 1255156))

table 8 : explain SELECT id, c FROM sbtest8 WHERE id BETWEEN 1255056 AND 1255156
	Index Scan using sbtest8_pkey on sbtest8  (cost=0.43..403.64 rows=102 width=125)
	  Index Cond: ((id >= 1255056) AND (id <= 1255156))

explain: for range-notcovered :: explain SELECT id, c FROM sbtest%d WHERE id BETWEEN 1255056 AND 1255156
for range-notcovered
table 1 : explain SELECT id, c FROM sbtest1 WHERE id BETWEEN 7646932 AND 7647032
	Index Scan using sbtest1_pkey on sbtest1  (cost=0.43..421.68 rows=106 width=125)
	  Index Cond: ((id >= 7646932) AND (id <= 7647032))

table 2 : explain SELECT id, c FROM sbtest2 WHERE id BETWEEN 7646932 AND 7647032
	Index Scan using sbtest2_pkey on sbtest2  (cost=0.43..428.44 rows=108 width=125)
	  Index Cond: ((id >= 7646932) AND (id <= 7647032))

table 3 : explain SELECT id, c FROM sbtest3 WHERE id BETWEEN 7646932 AND 7647032
	Index Scan using sbtest3_pkey on sbtest3  (cost=0.43..394.09 rows=99 width=125)
	  Index Cond: ((id >= 7646932) AND (id <= 7647032))

table 4 : explain SELECT id, c FROM sbtest4 WHERE id BETWEEN 7646932 AND 7647032
	Index Scan using sbtest4_pkey on sbtest4  (cost=0.43..436.01 rows=110 width=125)
	  Index Cond: ((id >= 7646932) AND (id <= 7647032))

table 5 : explain SELECT id, c FROM sbtest5 WHERE id BETWEEN 7646932 AND 7647032
	Index Scan using sbtest5_pkey on sbtest5  (cost=0.43..408.98 rows=103 width=125)
	  Index Cond: ((id >= 7646932) AND (id <= 7647032))

table 6 : explain SELECT id, c FROM sbtest6 WHERE id BETWEEN 7646932 AND 7647032
	Index Scan using sbtest6_pkey on sbtest6  (cost=0.43..414.36 rows=104 width=125)
	  Index Cond: ((id >= 7646932) AND (id <= 7647032))

table 7 : explain SELECT id, c FROM sbtest7 WHERE id BETWEEN 7646932 AND 7647032
	Index Scan using sbtest7_pkey on sbtest7  (cost=0.43..424.25 rows=107 width=125)
	  Index Cond: ((id >= 7646932) AND (id <= 7647032))

table 8 : explain SELECT id, c FROM sbtest8 WHERE id BETWEEN 7646932 AND 7647032
	Index Scan using sbtest8_pkey on sbtest8  (cost=0.43..384.08 rows=97 width=125)
	  Index Cond: ((id >= 7646932) AND (id <= 7647032))

explain: for range-notcovered :: explain SELECT id, c FROM sbtest%d WHERE id BETWEEN 7646932 AND 7647032
for range-notcovered
table 1 : explain SELECT id, c FROM sbtest1 WHERE id BETWEEN 2646862 AND 2646962
	Index Scan using sbtest1_pkey on sbtest1  (cost=0.43..409.88 rows=103 width=125)
	  Index Cond: ((id >= 2646862) AND (id <= 2646962))

table 2 : explain SELECT id, c FROM sbtest2 WHERE id BETWEEN 2646862 AND 2646962
	Index Scan using sbtest2_pkey on sbtest2  (cost=0.43..448.07 rows=113 width=125)
	  Index Cond: ((id >= 2646862) AND (id <= 2646962))

table 3 : explain SELECT id, c FROM sbtest3 WHERE id BETWEEN 2646862 AND 2646962
	Index Scan using sbtest3_pkey on sbtest3  (cost=0.43..417.70 rows=105 width=125)
	  Index Cond: ((id >= 2646862) AND (id <= 2646962))

table 4 : explain SELECT id, c FROM sbtest4 WHERE id BETWEEN 2646862 AND 2646962
	Index Scan using sbtest4_pkey on sbtest4  (cost=0.43..416.40 rows=105 width=125)
	  Index Cond: ((id >= 2646862) AND (id <= 2646962))

table 5 : explain SELECT id, c FROM sbtest5 WHERE id BETWEEN 2646862 AND 2646962
	Index Scan using sbtest5_pkey on sbtest5  (cost=0.43..424.68 rows=107 width=125)
	  Index Cond: ((id >= 2646862) AND (id <= 2646962))

table 6 : explain SELECT id, c FROM sbtest6 WHERE id BETWEEN 2646862 AND 2646962
	Index Scan using sbtest6_pkey on sbtest6  (cost=0.43..410.42 rows=103 width=125)
	  Index Cond: ((id >= 2646862) AND (id <= 2646962))

table 7 : explain SELECT id, c FROM sbtest7 WHERE id BETWEEN 2646862 AND 2646962
	Index Scan using sbtest7_pkey on sbtest7  (cost=0.43..420.33 rows=106 width=125)
	  Index Cond: ((id >= 2646862) AND (id <= 2646962))

table 8 : explain SELECT id, c FROM sbtest8 WHERE id BETWEEN 2646862 AND 2646962
	Index Scan using sbtest8_pkey on sbtest8  (cost=0.43..399.72 rows=101 width=125)
	  Index Cond: ((id >= 2646862) AND (id <= 2646962))

for range-notcovered
table 1 : explain SELECT id, c FROM sbtest1 WHERE id BETWEEN 3918497 AND 3918597
	Index Scan using sbtest1_pkey on sbtest1  (cost=0.43..382.33 rows=96 width=125)
	  Index Cond: ((id >= 3918497) AND (id <= 3918597))

table 2 : explain SELECT id, c FROM sbtest2 WHERE id BETWEEN 3918497 AND 3918597
	Index Scan using sbtest2_pkey on sbtest2  (cost=0.43..432.37 rows=109 width=125)
	  Index Cond: ((id >= 3918497) AND (id <= 3918597))

table 3 : explain SELECT id, c FROM sbtest3 WHERE id BETWEEN 3918497 AND 3918597
	Index Scan using sbtest3_pkey on sbtest3  (cost=0.43..413.77 rows=104 width=125)
	  Index Cond: ((id >= 3918497) AND (id <= 3918597))

table 4 : explain SELECT id, c FROM sbtest4 WHERE id BETWEEN 3918497 AND 3918597
	Index Scan using sbtest4_pkey on sbtest4  (cost=0.43..373.24 rows=94 width=125)
	  Index Cond: ((id >= 3918497) AND (id <= 3918597))

table 5 : explain SELECT id, c FROM sbtest5 WHERE id BETWEEN 3918497 AND 3918597
	Index Scan using sbtest5_pkey on sbtest5  (cost=0.43..436.46 rows=110 width=125)
	  Index Cond: ((id >= 3918497) AND (id <= 3918597))

table 6 : explain SELECT id, c FROM sbtest6 WHERE id BETWEEN 3918497 AND 3918597
	Index Scan using sbtest6_pkey on sbtest6  (cost=0.43..426.18 rows=107 width=125)
	  Index Cond: ((id >= 3918497) AND (id <= 3918597))

table 7 : explain SELECT id, c FROM sbtest7 WHERE id BETWEEN 3918497 AND 3918597
	Index Scan using sbtest7_pkey on sbtest7  (cost=0.43..388.95 rows=98 width=125)
	  Index Cond: ((id >= 3918497) AND (id <= 3918597))

table 8 : explain SELECT id, c FROM sbtest8 WHERE id BETWEEN 3918497 AND 3918597
	Index Scan using sbtest8_pkey on sbtest8  (cost=0.43..376.25 rows=95 width=125)
	  Index Cond: ((id >= 3918497) AND (id <= 3918597))

explain: for range-notcovered :: explain SELECT id, c FROM sbtest%d WHERE id BETWEEN 3918497 AND 3918597
explain: for range-notcovered :: explain SELECT id, c FROM sbtest%d WHERE id BETWEEN 6615801 AND 6615901
for range-notcovered
table 1 : explain SELECT id, c FROM sbtest1 WHERE id BETWEEN 8878986 AND 8879086
	Index Scan using sbtest1_pkey on sbtest1  (cost=0.43..378.40 rows=95 width=125)
	  Index Cond: ((id >= 8878986) AND (id <= 8879086))

table 2 : explain SELECT id, c FROM sbtest2 WHERE id BETWEEN 8878986 AND 8879086
	Index Scan using sbtest2_pkey on sbtest2  (cost=0.43..377.43 rows=95 width=125)
	  Index Cond: ((id >= 8878986) AND (id <= 8879086))

table 3 : explain SELECT id, c FROM sbtest3 WHERE id BETWEEN 8878986 AND 8879086
	Index Scan using sbtest3_pkey on sbtest3  (cost=0.43..405.90 rows=102 width=125)
	  Index Cond: ((id >= 8878986) AND (id <= 8879086))

table 4 : explain SELECT id, c FROM sbtest4 WHERE id BETWEEN 8878986 AND 8879086
	Index Scan using sbtest4_pkey on sbtest4  (cost=0.43..396.79 rows=100 width=125)
	  Index Cond: ((id >= 8878986) AND (id <= 8879086))

table 5 : explain SELECT id, c FROM sbtest5 WHERE id BETWEEN 8878986 AND 8879086
	Index Scan using sbtest5_pkey on sbtest5  (cost=0.43..397.20 rows=100 width=125)
	  Index Cond: ((id >= 8878986) AND (id <= 8879086))

table 6 : explain SELECT id, c FROM sbtest6 WHERE id BETWEEN 8878986 AND 8879086
	Index Scan using sbtest6_pkey on sbtest6  (cost=0.43..438.00 rows=110 width=125)
	  Index Cond: ((id >= 8878986) AND (id <= 8879086))

table 7 : explain SELECT id, c FROM sbtest7 WHERE id BETWEEN 8878986 AND 8879086
	Index Scan using sbtest7_pkey on sbtest7  (cost=0.43..392.87 rows=99 width=125)
	  Index Cond: ((id >= 8878986) AND (id <= 8879086))

table 8 : explain SELECT id, c FROM sbtest8 WHERE id BETWEEN 8878986 AND 8879086
	Index Scan using sbtest8_pkey on sbtest8  (cost=0.43..403.64 rows=102 width=125)
	  Index Cond: ((id >= 8878986) AND (id <= 8879086))

for range-notcovered
table 1 : explain SELECT id, c FROM sbtest1 WHERE id BETWEEN 6953097 AND 6953197
	Index Scan using sbtest1_pkey on sbtest1  (cost=0.43..358.70 rows=90 width=125)
	  Index Cond: ((id >= 6953097) AND (id <= 6953197))

table 2 : explain SELECT id, c FROM sbtest2 WHERE id BETWEEN 6953097 AND 6953197
	Index Scan using sbtest2_pkey on sbtest2  (cost=0.43..381.35 rows=96 width=125)
	  Index Cond: ((id >= 6953097) AND (id <= 6953197))

table 3 : explain SELECT id, c FROM sbtest3 WHERE id BETWEEN 6953097 AND 6953197
	Index Scan using sbtest3_pkey on sbtest3  (cost=0.43..378.34 rows=95 width=125)
	  Index Cond: ((id >= 6953097) AND (id <= 6953197))

table 4 : explain SELECT id, c FROM sbtest4 WHERE id BETWEEN 6953097 AND 6953197
	Index Scan using sbtest4_pkey on sbtest4  (cost=0.43..404.64 rows=102 width=125)
	  Index Cond: ((id >= 6953097) AND (id <= 6953197))

table 5 : explain SELECT id, c FROM sbtest5 WHERE id BETWEEN 6953097 AND 6953197
	Index Scan using sbtest5_pkey on sbtest5  (cost=0.43..385.42 rows=97 width=125)
	  Index Cond: ((id >= 6953097) AND (id <= 6953197))

table 6 : explain SELECT id, c FROM sbtest6 WHERE id BETWEEN 6953097 AND 6953197
	Index Scan using sbtest6_pkey on sbtest6  (cost=0.43..390.72 rows=98 width=125)
	  Index Cond: ((id >= 6953097) AND (id <= 6953197))

table 7 : explain SELECT id, c FROM sbtest7 WHERE id BETWEEN 6953097 AND 6953197
	Index Scan using sbtest7_pkey on sbtest7  (cost=0.43..400.72 rows=101 width=125)
	  Index Cond: ((id >= 6953097) AND (id <= 6953197))

table 8 : explain SELECT id, c FROM sbtest8 WHERE id BETWEEN 6953097 AND 6953197
	Index Scan using sbtest8_pkey on sbtest8  (cost=0.43..407.55 rows=103 width=125)
	  Index Cond: ((id >= 6953097) AND (id <= 6953197))

explain: for range-notcovered :: explain SELECT id, c FROM sbtest%d WHERE id BETWEEN 8878986 AND 8879086
explain: for range-notcovered :: explain SELECT id, c FROM sbtest%d WHERE id BETWEEN 6953097 AND 6953197
explain: for range-notcovered :: explain SELECT id, c FROM sbtest%d WHERE id BETWEEN 6772412 AND 6772512
for range-notcovered
table 1 : explain SELECT id, c FROM sbtest1 WHERE id BETWEEN 1255056 AND 1255156
	Index Scan using sbtest1_pkey on sbtest1  (cost=0.43..394.14 rows=99 width=125)
	  Index Cond: ((id >= 1255056) AND (id <= 1255156))

table 2 : explain SELECT id, c FROM sbtest2 WHERE id BETWEEN 1255056 AND 1255156
	Index Scan using sbtest2_pkey on sbtest2  (cost=0.43..416.67 rows=105 width=125)
	  Index Cond: ((id >= 1255056) AND (id <= 1255156))

table 3 : explain SELECT id, c FROM sbtest3 WHERE id BETWEEN 1255056 AND 1255156
	Index Scan using sbtest3_pkey on sbtest3  (cost=0.43..374.40 rows=94 width=125)
	  Index Cond: ((id >= 1255056) AND (id <= 1255156))

table 4 : explain SELECT id, c FROM sbtest4 WHERE id BETWEEN 1255056 AND 1255156
	Index Scan using sbtest4_pkey on sbtest4  (cost=0.43..373.26 rows=94 width=125)
	  Index Cond: ((id >= 1255056) AND (id <= 1255156))

table 5 : explain SELECT id, c FROM sbtest5 WHERE id BETWEEN 1255056 AND 1255156
	Index Scan using sbtest5_pkey on sbtest5  (cost=0.43..401.12 rows=101 width=125)
	  Index Cond: ((id >= 1255056) AND (id <= 1255156))

table 6 : explain SELECT id, c FROM sbtest6 WHERE id BETWEEN 1255056 AND 1255156
	Index Scan using sbtest6_pkey on sbtest6  (cost=0.43..406.48 rows=102 width=125)
	  Index Cond: ((id >= 1255056) AND (id <= 1255156))

table 7 : explain SELECT id, c FROM sbtest7 WHERE id BETWEEN 1255056 AND 1255156
	Index Scan using sbtest7_pkey on sbtest7  (cost=0.43..385.03 rows=97 width=125)
	  Index Cond: ((id >= 1255056) AND (id <= 1255156))

table 8 : explain SELECT id, c FROM sbtest8 WHERE id BETWEEN 1255056 AND 1255156
	Index Scan using sbtest8_pkey on sbtest8  (cost=0.43..403.64 rows=102 width=125)
	  Index Cond: ((id >= 1255056) AND (id <= 1255156))

explain: for range-notcovered :: explain SELECT id, c FROM sbtest%d WHERE id BETWEEN 1255056 AND 1255156
for range-notcovered
table 1 : explain SELECT id, c FROM sbtest1 WHERE id BETWEEN 7646932 AND 7647032
	Index Scan using sbtest1_pkey on sbtest1  (cost=0.43..421.68 rows=106 width=125)
	  Index Cond: ((id >= 7646932) AND (id <= 7647032))

table 2 : explain SELECT id, c FROM sbtest2 WHERE id BETWEEN 7646932 AND 7647032
	Index Scan using sbtest2_pkey on sbtest2  (cost=0.43..428.44 rows=108 width=125)
	  Index Cond: ((id >= 7646932) AND (id <= 7647032))

table 3 : explain SELECT id, c FROM sbtest3 WHERE id BETWEEN 7646932 AND 7647032
	Index Scan using sbtest3_pkey on sbtest3  (cost=0.43..394.09 rows=99 width=125)
	  Index Cond: ((id >= 7646932) AND (id <= 7647032))

table 4 : explain SELECT id, c FROM sbtest4 WHERE id BETWEEN 7646932 AND 7647032
	Index Scan using sbtest4_pkey on sbtest4  (cost=0.43..436.01 rows=110 width=125)
	  Index Cond: ((id >= 7646932) AND (id <= 7647032))

table 5 : explain SELECT id, c FROM sbtest5 WHERE id BETWEEN 7646932 AND 7647032
	Index Scan using sbtest5_pkey on sbtest5  (cost=0.43..408.98 rows=103 width=125)
	  Index Cond: ((id >= 7646932) AND (id <= 7647032))

table 6 : explain SELECT id, c FROM sbtest6 WHERE id BETWEEN 7646932 AND 7647032
	Index Scan using sbtest6_pkey on sbtest6  (cost=0.43..414.36 rows=104 width=125)
	  Index Cond: ((id >= 7646932) AND (id <= 7647032))

table 7 : explain SELECT id, c FROM sbtest7 WHERE id BETWEEN 7646932 AND 7647032
	Index Scan using sbtest7_pkey on sbtest7  (cost=0.43..424.25 rows=107 width=125)
	  Index Cond: ((id >= 7646932) AND (id <= 7647032))

table 8 : explain SELECT id, c FROM sbtest8 WHERE id BETWEEN 7646932 AND 7647032
	Index Scan using sbtest8_pkey on sbtest8  (cost=0.43..384.08 rows=97 width=125)
	  Index Cond: ((id >= 7646932) AND (id <= 7647032))

explain: for range-notcovered :: explain SELECT id, c FROM sbtest%d WHERE id BETWEEN 7646932 AND 7647032
for range-notcovered
table 1 : explain SELECT id, c FROM sbtest1 WHERE id BETWEEN 8878986 AND 8879086
	Index Scan using sbtest1_pkey on sbtest1  (cost=0.43..378.40 rows=95 width=125)
	  Index Cond: ((id >= 8878986) AND (id <= 8879086))

table 2 : explain SELECT id, c FROM sbtest2 WHERE id BETWEEN 8878986 AND 8879086
	Index Scan using sbtest2_pkey on sbtest2  (cost=0.43..377.43 rows=95 width=125)
	  Index Cond: ((id >= 8878986) AND (id <= 8879086))

table 3 : explain SELECT id, c FROM sbtest3 WHERE id BETWEEN 8878986 AND 8879086
	Index Scan using sbtest3_pkey on sbtest3  (cost=0.43..405.90 rows=102 width=125)
	  Index Cond: ((id >= 8878986) AND (id <= 8879086))

table 4 : explain SELECT id, c FROM sbtest4 WHERE id BETWEEN 8878986 AND 8879086
	Index Scan using sbtest4_pkey on sbtest4  (cost=0.43..396.79 rows=100 width=125)
	  Index Cond: ((id >= 8878986) AND (id <= 8879086))

table 5 : explain SELECT id, c FROM sbtest5 WHERE id BETWEEN 8878986 AND 8879086
	Index Scan using sbtest5_pkey on sbtest5  (cost=0.43..397.20 rows=100 width=125)
	  Index Cond: ((id >= 8878986) AND (id <= 8879086))

table 6 : explain SELECT id, c FROM sbtest6 WHERE id BETWEEN 8878986 AND 8879086
	Index Scan using sbtest6_pkey on sbtest6  (cost=0.43..438.00 rows=110 width=125)
	  Index Cond: ((id >= 8878986) AND (id <= 8879086))

table 7 : explain SELECT id, c FROM sbtest7 WHERE id BETWEEN 8878986 AND 8879086
	Index Scan using sbtest7_pkey on sbtest7  (cost=0.43..392.87 rows=99 width=125)
	  Index Cond: ((id >= 8878986) AND (id <= 8879086))

table 8 : explain SELECT id, c FROM sbtest8 WHERE id BETWEEN 8878986 AND 8879086
	Index Scan using sbtest8_pkey on sbtest8  (cost=0.43..403.64 rows=102 width=125)
	  Index Cond: ((id >= 8878986) AND (id <= 8879086))

for range-notcovered
table 1 : explain SELECT id, c FROM sbtest1 WHERE id BETWEEN 6953097 AND 6953197
	Index Scan using sbtest1_pkey on sbtest1  (cost=0.43..358.70 rows=90 width=125)
	  Index Cond: ((id >= 6953097) AND (id <= 6953197))

table 2 : explain SELECT id, c FROM sbtest2 WHERE id BETWEEN 6953097 AND 6953197
	Index Scan using sbtest2_pkey on sbtest2  (cost=0.43..381.35 rows=96 width=125)
	  Index Cond: ((id >= 6953097) AND (id <= 6953197))

table 3 : explain SELECT id, c FROM sbtest3 WHERE id BETWEEN 6953097 AND 6953197
	Index Scan using sbtest3_pkey on sbtest3  (cost=0.43..378.34 rows=95 width=125)
	  Index Cond: ((id >= 6953097) AND (id <= 6953197))

table 4 : explain SELECT id, c FROM sbtest4 WHERE id BETWEEN 6953097 AND 6953197
	Index Scan using sbtest4_pkey on sbtest4  (cost=0.43..404.64 rows=102 width=125)
	  Index Cond: ((id >= 6953097) AND (id <= 6953197))

table 5 : explain SELECT id, c FROM sbtest5 WHERE id BETWEEN 6953097 AND 6953197
	Index Scan using sbtest5_pkey on sbtest5  (cost=0.43..385.42 rows=97 width=125)
	  Index Cond: ((id >= 6953097) AND (id <= 6953197))

table 6 : explain SELECT id, c FROM sbtest6 WHERE id BETWEEN 6953097 AND 6953197
	Index Scan using sbtest6_pkey on sbtest6  (cost=0.43..390.72 rows=98 width=125)
	  Index Cond: ((id >= 6953097) AND (id <= 6953197))

table 7 : explain SELECT id, c FROM sbtest7 WHERE id BETWEEN 6953097 AND 6953197
	Index Scan using sbtest7_pkey on sbtest7  (cost=0.43..400.72 rows=101 width=125)
	  Index Cond: ((id >= 6953097) AND (id <= 6953197))

table 8 : explain SELECT id, c FROM sbtest8 WHERE id BETWEEN 6953097 AND 6953197
	Index Scan using sbtest8_pkey on sbtest8  (cost=0.43..407.55 rows=103 width=125)
	  Index Cond: ((id >= 6953097) AND (id <= 6953197))

explain: for range-notcovered :: explain SELECT id, c FROM sbtest%d WHERE id BETWEEN 6953097 AND 6953197
for range-notcovered
table 1 : explain SELECT id, c FROM sbtest1 WHERE id BETWEEN 7646932 AND 7647032
	Index Scan using sbtest1_pkey on sbtest1  (cost=0.43..421.68 rows=106 width=125)
	  Index Cond: ((id >= 7646932) AND (id <= 7647032))

table 2 : explain SELECT id, c FROM sbtest2 WHERE id BETWEEN 7646932 AND 7647032
	Index Scan using sbtest2_pkey on sbtest2  (cost=0.43..428.44 rows=108 width=125)
	  Index Cond: ((id >= 7646932) AND (id <= 7647032))

table 3 : explain SELECT id, c FROM sbtest3 WHERE id BETWEEN 7646932 AND 7647032
	Index Scan using sbtest3_pkey on sbtest3  (cost=0.43..394.09 rows=99 width=125)
	  Index Cond: ((id >= 7646932) AND (id <= 7647032))

table 4 : explain SELECT id, c FROM sbtest4 WHERE id BETWEEN 7646932 AND 7647032
	Index Scan using sbtest4_pkey on sbtest4  (cost=0.43..436.01 rows=110 width=125)
	  Index Cond: ((id >= 7646932) AND (id <= 7647032))

table 5 : explain SELECT id, c FROM sbtest5 WHERE id BETWEEN 7646932 AND 7647032
	Index Scan using sbtest5_pkey on sbtest5  (cost=0.43..408.98 rows=103 width=125)
	  Index Cond: ((id >= 7646932) AND (id <= 7647032))

table 6 : explain SELECT id, c FROM sbtest6 WHERE id BETWEEN 7646932 AND 7647032
	Index Scan using sbtest6_pkey on sbtest6  (cost=0.43..414.36 rows=104 width=125)
	  Index Cond: ((id >= 7646932) AND (id <= 7647032))

table 7 : explain SELECT id, c FROM sbtest7 WHERE id BETWEEN 7646932 AND 7647032
	Index Scan using sbtest7_pkey on sbtest7  (cost=0.43..424.25 rows=107 width=125)
	  Index Cond: ((id >= 7646932) AND (id <= 7647032))

table 8 : explain SELECT id, c FROM sbtest8 WHERE id BETWEEN 7646932 AND 7647032
	Index Scan using sbtest8_pkey on sbtest8  (cost=0.43..384.08 rows=97 width=125)
	  Index Cond: ((id >= 7646932) AND (id <= 7647032))

explain: for range-notcovered :: explain SELECT id, c FROM sbtest%d WHERE id BETWEEN 7646932 AND 7647032
for range-notcovered
table 1 : explain SELECT id, c FROM sbtest1 WHERE id BETWEEN 6953097 AND 6953197
	Index Scan using sbtest1_pkey on sbtest1  (cost=0.43..358.70 rows=90 width=125)
	  Index Cond: ((id >= 6953097) AND (id <= 6953197))

table 2 : explain SELECT id, c FROM sbtest2 WHERE id BETWEEN 6953097 AND 6953197
	Index Scan using sbtest2_pkey on sbtest2  (cost=0.43..381.35 rows=96 width=125)
	  Index Cond: ((id >= 6953097) AND (id <= 6953197))

table 3 : explain SELECT id, c FROM sbtest3 WHERE id BETWEEN 6953097 AND 6953197
	Index Scan using sbtest3_pkey on sbtest3  (cost=0.43..378.34 rows=95 width=125)
	  Index Cond: ((id >= 6953097) AND (id <= 6953197))

table 4 : explain SELECT id, c FROM sbtest4 WHERE id BETWEEN 6953097 AND 6953197
	Index Scan using sbtest4_pkey on sbtest4  (cost=0.43..404.64 rows=102 width=125)
	  Index Cond: ((id >= 6953097) AND (id <= 6953197))

table 5 : explain SELECT id, c FROM sbtest5 WHERE id BETWEEN 6953097 AND 6953197
	Index Scan using sbtest5_pkey on sbtest5  (cost=0.43..385.42 rows=97 width=125)
	  Index Cond: ((id >= 6953097) AND (id <= 6953197))

table 6 : explain SELECT id, c FROM sbtest6 WHERE id BETWEEN 6953097 AND 6953197
	Index Scan using sbtest6_pkey on sbtest6  (cost=0.43..390.72 rows=98 width=125)
	  Index Cond: ((id >= 6953097) AND (id <= 6953197))

table 7 : explain SELECT id, c FROM sbtest7 WHERE id BETWEEN 6953097 AND 6953197
	Index Scan using sbtest7_pkey on sbtest7  (cost=0.43..400.72 rows=101 width=125)
	  Index Cond: ((id >= 6953097) AND (id <= 6953197))

table 8 : explain SELECT id, c FROM sbtest8 WHERE id BETWEEN 6953097 AND 6953197
	Index Scan using sbtest8_pkey on sbtest8  (cost=0.43..407.55 rows=103 width=125)
	  Index Cond: ((id >= 6953097) AND (id <= 6953197))

explain: for range-notcovered :: explain SELECT id, c FROM sbtest%d WHERE id BETWEEN 6953097 AND 6953197
explain: for range-notcovered :: explain SELECT id, c FROM sbtest%d WHERE id BETWEEN 7110901 AND 7111001
for range-notcovered
table 1 : explain SELECT id, c FROM sbtest1 WHERE id BETWEEN 7646932 AND 7647032
	Index Scan using sbtest1_pkey on sbtest1  (cost=0.43..421.68 rows=106 width=125)
	  Index Cond: ((id >= 7646932) AND (id <= 7647032))

table 2 : explain SELECT id, c FROM sbtest2 WHERE id BETWEEN 7646932 AND 7647032
	Index Scan using sbtest2_pkey on sbtest2  (cost=0.43..428.44 rows=108 width=125)
	  Index Cond: ((id >= 7646932) AND (id <= 7647032))

table 3 : explain SELECT id, c FROM sbtest3 WHERE id BETWEEN 7646932 AND 7647032
	Index Scan using sbtest3_pkey on sbtest3  (cost=0.43..394.09 rows=99 width=125)
	  Index Cond: ((id >= 7646932) AND (id <= 7647032))

table 4 : explain SELECT id, c FROM sbtest4 WHERE id BETWEEN 7646932 AND 7647032
	Index Scan using sbtest4_pkey on sbtest4  (cost=0.43..436.01 rows=110 width=125)
	  Index Cond: ((id >= 7646932) AND (id <= 7647032))

table 5 : explain SELECT id, c FROM sbtest5 WHERE id BETWEEN 7646932 AND 7647032
	Index Scan using sbtest5_pkey on sbtest5  (cost=0.43..408.98 rows=103 width=125)
	  Index Cond: ((id >= 7646932) AND (id <= 7647032))

table 6 : explain SELECT id, c FROM sbtest6 WHERE id BETWEEN 7646932 AND 7647032
	Index Scan using sbtest6_pkey on sbtest6  (cost=0.43..414.36 rows=104 width=125)
	  Index Cond: ((id >= 7646932) AND (id <= 7647032))

table 7 : explain SELECT id, c FROM sbtest7 WHERE id BETWEEN 7646932 AND 7647032
	Index Scan using sbtest7_pkey on sbtest7  (cost=0.43..424.25 rows=107 width=125)
	  Index Cond: ((id >= 7646932) AND (id <= 7647032))

table 8 : explain SELECT id, c FROM sbtest8 WHERE id BETWEEN 7646932 AND 7647032
	Index Scan using sbtest8_pkey on sbtest8  (cost=0.43..384.08 rows=97 width=125)
	  Index Cond: ((id >= 7646932) AND (id <= 7647032))

explain: for range-notcovered :: explain SELECT id, c FROM sbtest%d WHERE id BETWEEN 7646932 AND 7647032
for range-notcovered
table 1 : explain SELECT id, c FROM sbtest1 WHERE id BETWEEN 1263862 AND 1263962
	Index Scan using sbtest1_pkey on sbtest1  (cost=0.43..394.14 rows=99 width=125)
	  Index Cond: ((id >= 1263862) AND (id <= 1263962))

table 2 : explain SELECT id, c FROM sbtest2 WHERE id BETWEEN 1263862 AND 1263962
	Index Scan using sbtest2_pkey on sbtest2  (cost=0.43..416.67 rows=105 width=125)
	  Index Cond: ((id >= 1263862) AND (id <= 1263962))

table 3 : explain SELECT id, c FROM sbtest3 WHERE id BETWEEN 1263862 AND 1263962
	Index Scan using sbtest3_pkey on sbtest3  (cost=0.43..374.40 rows=94 width=125)
	  Index Cond: ((id >= 1263862) AND (id <= 1263962))

table 4 : explain SELECT id, c FROM sbtest4 WHERE id BETWEEN 1263862 AND 1263962
	Index Scan using sbtest4_pkey on sbtest4  (cost=0.43..373.26 rows=94 width=125)
	  Index Cond: ((id >= 1263862) AND (id <= 1263962))

table 5 : explain SELECT id, c FROM sbtest5 WHERE id BETWEEN 1263862 AND 1263962
	Index Scan using sbtest5_pkey on sbtest5  (cost=0.43..401.12 rows=101 width=125)
	  Index Cond: ((id >= 1263862) AND (id <= 1263962))

table 6 : explain SELECT id, c FROM sbtest6 WHERE id BETWEEN 1263862 AND 1263962
	Index Scan using sbtest6_pkey on sbtest6  (cost=0.43..406.48 rows=102 width=125)
	  Index Cond: ((id >= 1263862) AND (id <= 1263962))

table 7 : explain SELECT id, c FROM sbtest7 WHERE id BETWEEN 1263862 AND 1263962
	Index Scan using sbtest7_pkey on sbtest7  (cost=0.43..385.03 rows=97 width=125)
	  Index Cond: ((id >= 1263862) AND (id <= 1263962))

table 8 : explain SELECT id, c FROM sbtest8 WHERE id BETWEEN 1263862 AND 1263962
	Index Scan using sbtest8_pkey on sbtest8  (cost=0.43..403.64 rows=102 width=125)
	  Index Cond: ((id >= 1263862) AND (id <= 1263962))

for range-notcovered
table 1 : explain SELECT id, c FROM sbtest1 WHERE id BETWEEN 3225272 AND 3225372
	Index Scan using sbtest1_pkey on sbtest1  (cost=0.43..409.88 rows=103 width=125)
	  Index Cond: ((id >= 3225272) AND (id <= 3225372))

table 2 : explain SELECT id, c FROM sbtest2 WHERE id BETWEEN 3225272 AND 3225372
	Index Scan using sbtest2_pkey on sbtest2  (cost=0.43..397.05 rows=100 width=125)
	  Index Cond: ((id >= 3225272) AND (id <= 3225372))

table 3 : explain SELECT id, c FROM sbtest3 WHERE id BETWEEN 3225272 AND 3225372
	Index Scan using sbtest3_pkey on sbtest3  (cost=0.43..358.66 rows=90 width=125)
	  Index Cond: ((id >= 3225272) AND (id <= 3225372))

table 4 : explain SELECT id, c FROM sbtest4 WHERE id BETWEEN 3225272 AND 3225372
	Index Scan using sbtest4_pkey on sbtest4  (cost=0.43..396.79 rows=100 width=125)
	  Index Cond: ((id >= 3225272) AND (id <= 3225372))

table 5 : explain SELECT id, c FROM sbtest5 WHERE id BETWEEN 3225272 AND 3225372
	Index Scan using sbtest5_pkey on sbtest5  (cost=0.43..412.90 rows=104 width=125)
	  Index Cond: ((id >= 3225272) AND (id <= 3225372))

table 6 : explain SELECT id, c FROM sbtest6 WHERE id BETWEEN 3225272 AND 3225372
	Index Scan using sbtest6_pkey on sbtest6  (cost=0.43..398.60 rows=100 width=125)
	  Index Cond: ((id >= 3225272) AND (id <= 3225372))

table 7 : explain SELECT id, c FROM sbtest7 WHERE id BETWEEN 3225272 AND 3225372
	Index Scan using sbtest7_pkey on sbtest7  (cost=0.43..381.08 rows=96 width=125)
	  Index Cond: ((id >= 3225272) AND (id <= 3225372))

table 8 : explain SELECT id, c FROM sbtest8 WHERE id BETWEEN 3225272 AND 3225372
	Index Scan using sbtest8_pkey on sbtest8  (cost=0.43..407.55 rows=103 width=125)
	  Index Cond: ((id >= 3225272) AND (id <= 3225372))

explain: for range-notcovered :: explain SELECT id, c FROM sbtest%d WHERE id BETWEEN 1263862 AND 1263962
for range-notcovered
table 1 : explain SELECT id, c FROM sbtest1 WHERE id BETWEEN 6953097 AND 6953197
	Index Scan using sbtest1_pkey on sbtest1  (cost=0.43..358.70 rows=90 width=125)
	  Index Cond: ((id >= 6953097) AND (id <= 6953197))

table 2 : explain SELECT id, c FROM sbtest2 WHERE id BETWEEN 6953097 AND 6953197
	Index Scan using sbtest2_pkey on sbtest2  (cost=0.43..381.35 rows=96 width=125)
	  Index Cond: ((id >= 6953097) AND (id <= 6953197))

table 3 : explain SELECT id, c FROM sbtest3 WHERE id BETWEEN 6953097 AND 6953197
	Index Scan using sbtest3_pkey on sbtest3  (cost=0.43..378.34 rows=95 width=125)
	  Index Cond: ((id >= 6953097) AND (id <= 6953197))

table 4 : explain SELECT id, c FROM sbtest4 WHERE id BETWEEN 6953097 AND 6953197
	Index Scan using sbtest4_pkey on sbtest4  (cost=0.43..404.64 rows=102 width=125)
	  Index Cond: ((id >= 6953097) AND (id <= 6953197))

table 5 : explain SELECT id, c FROM sbtest5 WHERE id BETWEEN 6953097 AND 6953197
	Index Scan using sbtest5_pkey on sbtest5  (cost=0.43..385.42 rows=97 width=125)
	  Index Cond: ((id >= 6953097) AND (id <= 6953197))

table 6 : explain SELECT id, c FROM sbtest6 WHERE id BETWEEN 6953097 AND 6953197
	Index Scan using sbtest6_pkey on sbtest6  (cost=0.43..390.72 rows=98 width=125)
	  Index Cond: ((id >= 6953097) AND (id <= 6953197))

table 7 : explain SELECT id, c FROM sbtest7 WHERE id BETWEEN 6953097 AND 6953197
	Index Scan using sbtest7_pkey on sbtest7  (cost=0.43..400.72 rows=101 width=125)
	  Index Cond: ((id >= 6953097) AND (id <= 6953197))

table 8 : explain SELECT id, c FROM sbtest8 WHERE id BETWEEN 6953097 AND 6953197
	Index Scan using sbtest8_pkey on sbtest8  (cost=0.43..407.55 rows=103 width=125)
	  Index Cond: ((id >= 6953097) AND (id <= 6953197))

explain: for range-notcovered :: explain SELECT id, c FROM sbtest%d WHERE id BETWEEN 3225272 AND 3225372
for range-notcovered
table 1 : explain SELECT id, c FROM sbtest1 WHERE id BETWEEN 3918497 AND 3918597
	Index Scan using sbtest1_pkey on sbtest1  (cost=0.43..382.33 rows=96 width=125)
	  Index Cond: ((id >= 3918497) AND (id <= 3918597))

table 2 : explain SELECT id, c FROM sbtest2 WHERE id BETWEEN 3918497 AND 3918597
	Index Scan using sbtest2_pkey on sbtest2  (cost=0.43..432.37 rows=109 width=125)
	  Index Cond: ((id >= 3918497) AND (id <= 3918597))

table 3 : explain SELECT id, c FROM sbtest3 WHERE id BETWEEN 3918497 AND 3918597
	Index Scan using sbtest3_pkey on sbtest3  (cost=0.43..413.77 rows=104 width=125)
	  Index Cond: ((id >= 3918497) AND (id <= 3918597))

table 4 : explain SELECT id, c FROM sbtest4 WHERE id BETWEEN 3918497 AND 3918597
	Index Scan using sbtest4_pkey on sbtest4  (cost=0.43..373.24 rows=94 width=125)
	  Index Cond: ((id >= 3918497) AND (id <= 3918597))

table 5 : explain SELECT id, c FROM sbtest5 WHERE id BETWEEN 3918497 AND 3918597
	Index Scan using sbtest5_pkey on sbtest5  (cost=0.43..436.46 rows=110 width=125)
	  Index Cond: ((id >= 3918497) AND (id <= 3918597))

table 6 : explain SELECT id, c FROM sbtest6 WHERE id BETWEEN 3918497 AND 3918597
	Index Scan using sbtest6_pkey on sbtest6  (cost=0.43..426.18 rows=107 width=125)
	  Index Cond: ((id >= 3918497) AND (id <= 3918597))

table 7 : explain SELECT id, c FROM sbtest7 WHERE id BETWEEN 3918497 AND 3918597
	Index Scan using sbtest7_pkey on sbtest7  (cost=0.43..388.95 rows=98 width=125)
	  Index Cond: ((id >= 3918497) AND (id <= 3918597))

table 8 : explain SELECT id, c FROM sbtest8 WHERE id BETWEEN 3918497 AND 3918597
	Index Scan using sbtest8_pkey on sbtest8  (cost=0.43..376.25 rows=95 width=125)
	  Index Cond: ((id >= 3918497) AND (id <= 3918597))

explain: for range-notcovered :: explain SELECT id, c FROM sbtest%d WHERE id BETWEEN 6953097 AND 6953197
explain: for range-notcovered :: explain SELECT id, c FROM sbtest%d WHERE id BETWEEN 3918497 AND 3918597
for range-notcovered
table 1 : explain SELECT id, c FROM sbtest1 WHERE id BETWEEN 1255056 AND 1255156
	Index Scan using sbtest1_pkey on sbtest1  (cost=0.43..394.14 rows=99 width=125)
	  Index Cond: ((id >= 1255056) AND (id <= 1255156))

table 2 : explain SELECT id, c FROM sbtest2 WHERE id BETWEEN 1255056 AND 1255156
	Index Scan using sbtest2_pkey on sbtest2  (cost=0.43..416.67 rows=105 width=125)
	  Index Cond: ((id >= 1255056) AND (id <= 1255156))

table 3 : explain SELECT id, c FROM sbtest3 WHERE id BETWEEN 1255056 AND 1255156
	Index Scan using sbtest3_pkey on sbtest3  (cost=0.43..374.40 rows=94 width=125)
	  Index Cond: ((id >= 1255056) AND (id <= 1255156))

table 4 : explain SELECT id, c FROM sbtest4 WHERE id BETWEEN 1255056 AND 1255156
	Index Scan using sbtest4_pkey on sbtest4  (cost=0.43..373.26 rows=94 width=125)
	  Index Cond: ((id >= 1255056) AND (id <= 1255156))

table 5 : explain SELECT id, c FROM sbtest5 WHERE id BETWEEN 1255056 AND 1255156
	Index Scan using sbtest5_pkey on sbtest5  (cost=0.43..401.12 rows=101 width=125)
	  Index Cond: ((id >= 1255056) AND (id <= 1255156))

table 6 : explain SELECT id, c FROM sbtest6 WHERE id BETWEEN 1255056 AND 1255156
	Index Scan using sbtest6_pkey on sbtest6  (cost=0.43..406.48 rows=102 width=125)
	  Index Cond: ((id >= 1255056) AND (id <= 1255156))

table 7 : explain SELECT id, c FROM sbtest7 WHERE id BETWEEN 1255056 AND 1255156
	Index Scan using sbtest7_pkey on sbtest7  (cost=0.43..385.03 rows=97 width=125)
	  Index Cond: ((id >= 1255056) AND (id <= 1255156))

table 8 : explain SELECT id, c FROM sbtest8 WHERE id BETWEEN 1255056 AND 1255156
	Index Scan using sbtest8_pkey on sbtest8  (cost=0.43..403.64 rows=102 width=125)
	  Index Cond: ((id >= 1255056) AND (id <= 1255156))

for range-notcovered
table 1 : explain SELECT id, c FROM sbtest1 WHERE id BETWEEN 7646932 AND 7647032
	Index Scan using sbtest1_pkey on sbtest1  (cost=0.43..421.68 rows=106 width=125)
	  Index Cond: ((id >= 7646932) AND (id <= 7647032))

table 2 : explain SELECT id, c FROM sbtest2 WHERE id BETWEEN 7646932 AND 7647032
	Index Scan using sbtest2_pkey on sbtest2  (cost=0.43..428.44 rows=108 width=125)
	  Index Cond: ((id >= 7646932) AND (id <= 7647032))

table 3 : explain SELECT id, c FROM sbtest3 WHERE id BETWEEN 7646932 AND 7647032
	Index Scan using sbtest3_pkey on sbtest3  (cost=0.43..394.09 rows=99 width=125)
	  Index Cond: ((id >= 7646932) AND (id <= 7647032))

table 4 : explain SELECT id, c FROM sbtest4 WHERE id BETWEEN 7646932 AND 7647032
	Index Scan using sbtest4_pkey on sbtest4  (cost=0.43..436.01 rows=110 width=125)
	  Index Cond: ((id >= 7646932) AND (id <= 7647032))

table 5 : explain SELECT id, c FROM sbtest5 WHERE id BETWEEN 7646932 AND 7647032
	Index Scan using sbtest5_pkey on sbtest5  (cost=0.43..408.98 rows=103 width=125)
	  Index Cond: ((id >= 7646932) AND (id <= 7647032))

table 6 : explain SELECT id, c FROM sbtest6 WHERE id BETWEEN 7646932 AND 7647032
	Index Scan using sbtest6_pkey on sbtest6  (cost=0.43..414.36 rows=104 width=125)
	  Index Cond: ((id >= 7646932) AND (id <= 7647032))

table 7 : explain SELECT id, c FROM sbtest7 WHERE id BETWEEN 7646932 AND 7647032
	Index Scan using sbtest7_pkey on sbtest7  (cost=0.43..424.25 rows=107 width=125)
	  Index Cond: ((id >= 7646932) AND (id <= 7647032))

table 8 : explain SELECT id, c FROM sbtest8 WHERE id BETWEEN 7646932 AND 7647032
	Index Scan using sbtest8_pkey on sbtest8  (cost=0.43..384.08 rows=97 width=125)
	  Index Cond: ((id >= 7646932) AND (id <= 7647032))

explain: for range-notcovered :: explain SELECT id, c FROM sbtest%d WHERE id BETWEEN 7646932 AND 7647032
for range-notcovered
table 1 : explain SELECT id, c FROM sbtest1 WHERE id BETWEEN 6615801 AND 6615901
	Index Scan using sbtest1_pkey on sbtest1  (cost=0.43..358.70 rows=90 width=125)
	  Index Cond: ((id >= 6615801) AND (id <= 6615901))

table 2 : explain SELECT id, c FROM sbtest2 WHERE id BETWEEN 6615801 AND 6615901
	Index Scan using sbtest2_pkey on sbtest2  (cost=0.43..381.35 rows=96 width=125)
	  Index Cond: ((id >= 6615801) AND (id <= 6615901))

table 3 : explain SELECT id, c FROM sbtest3 WHERE id BETWEEN 6615801 AND 6615901
	Index Scan using sbtest3_pkey on sbtest3  (cost=0.43..409.83 rows=103 width=125)
	  Index Cond: ((id >= 6615801) AND (id <= 6615901))

table 4 : explain SELECT id, c FROM sbtest4 WHERE id BETWEEN 6615801 AND 6615901
	Index Scan using sbtest4_pkey on sbtest4  (cost=0.43..428.17 rows=108 width=125)
	  Index Cond: ((id >= 6615801) AND (id <= 6615901))

table 5 : explain SELECT id, c FROM sbtest5 WHERE id BETWEEN 6615801 AND 6615901
	Index Scan using sbtest5_pkey on sbtest5  (cost=0.43..416.83 rows=105 width=125)
	  Index Cond: ((id >= 6615801) AND (id <= 6615901))

table 6 : explain SELECT id, c FROM sbtest6 WHERE id BETWEEN 6615801 AND 6615901
	Index Scan using sbtest6_pkey on sbtest6  (cost=0.43..382.84 rows=96 width=125)
	  Index Cond: ((id >= 6615801) AND (id <= 6615901))

table 7 : explain SELECT id, c FROM sbtest7 WHERE id BETWEEN 6615801 AND 6615901
	Index Scan using sbtest7_pkey on sbtest7  (cost=0.43..400.72 rows=101 width=125)
	  Index Cond: ((id >= 6615801) AND (id <= 6615901))

table 8 : explain SELECT id, c FROM sbtest8 WHERE id BETWEEN 6615801 AND 6615901
	Index Scan using sbtest8_pkey on sbtest8  (cost=0.43..434.93 rows=110 width=125)
	  Index Cond: ((id >= 6615801) AND (id <= 6615901))

for range-notcovered
table 1 : explain SELECT id, c FROM sbtest1 WHERE id BETWEEN 6953097 AND 6953197
	Index Scan using sbtest1_pkey on sbtest1  (cost=0.43..358.70 rows=90 width=125)
	  Index Cond: ((id >= 6953097) AND (id <= 6953197))

table 2 : explain SELECT id, c FROM sbtest2 WHERE id BETWEEN 6953097 AND 6953197
	Index Scan using sbtest2_pkey on sbtest2  (cost=0.43..381.35 rows=96 width=125)
	  Index Cond: ((id >= 6953097) AND (id <= 6953197))

table 3 : explain SELECT id, c FROM sbtest3 WHERE id BETWEEN 6953097 AND 6953197
	Index Scan using sbtest3_pkey on sbtest3  (cost=0.43..378.34 rows=95 width=125)
	  Index Cond: ((id >= 6953097) AND (id <= 6953197))

table 4 : explain SELECT id, c FROM sbtest4 WHERE id BETWEEN 6953097 AND 6953197
	Index Scan using sbtest4_pkey on sbtest4  (cost=0.43..404.64 rows=102 width=125)
	  Index Cond: ((id >= 6953097) AND (id <= 6953197))

table 5 : explain SELECT id, c FROM sbtest5 WHERE id BETWEEN 6953097 AND 6953197
	Index Scan using sbtest5_pkey on sbtest5  (cost=0.43..385.42 rows=97 width=125)
	  Index Cond: ((id >= 6953097) AND (id <= 6953197))

table 6 : explain SELECT id, c FROM sbtest6 WHERE id BETWEEN 6953097 AND 6953197
	Index Scan using sbtest6_pkey on sbtest6  (cost=0.43..390.72 rows=98 width=125)
	  Index Cond: ((id >= 6953097) AND (id <= 6953197))

table 7 : explain SELECT id, c FROM sbtest7 WHERE id BETWEEN 6953097 AND 6953197
	Index Scan using sbtest7_pkey on sbtest7  (cost=0.43..400.72 rows=101 width=125)
	  Index Cond: ((id >= 6953097) AND (id <= 6953197))

table 8 : explain SELECT id, c FROM sbtest8 WHERE id BETWEEN 6953097 AND 6953197
	Index Scan using sbtest8_pkey on sbtest8  (cost=0.43..407.55 rows=103 width=125)
	  Index Cond: ((id >= 6953097) AND (id <= 6953197))

for range-notcovered
table 1 : explain SELECT id, c FROM sbtest1 WHERE id BETWEEN 3225272 AND 3225372
	Index Scan using sbtest1_pkey on sbtest1  (cost=0.43..409.88 rows=103 width=125)
	  Index Cond: ((id >= 3225272) AND (id <= 3225372))

table 2 : explain SELECT id, c FROM sbtest2 WHERE id BETWEEN 3225272 AND 3225372
	Index Scan using sbtest2_pkey on sbtest2  (cost=0.43..397.05 rows=100 width=125)
	  Index Cond: ((id >= 3225272) AND (id <= 3225372))

table 3 : explain SELECT id, c FROM sbtest3 WHERE id BETWEEN 3225272 AND 3225372
	Index Scan using sbtest3_pkey on sbtest3  (cost=0.43..358.66 rows=90 width=125)
	  Index Cond: ((id >= 3225272) AND (id <= 3225372))

table 4 : explain SELECT id, c FROM sbtest4 WHERE id BETWEEN 3225272 AND 3225372
	Index Scan using sbtest4_pkey on sbtest4  (cost=0.43..396.79 rows=100 width=125)
	  Index Cond: ((id >= 3225272) AND (id <= 3225372))

table 5 : explain SELECT id, c FROM sbtest5 WHERE id BETWEEN 3225272 AND 3225372
	Index Scan using sbtest5_pkey on sbtest5  (cost=0.43..412.90 rows=104 width=125)
	  Index Cond: ((id >= 3225272) AND (id <= 3225372))

table 6 : explain SELECT id, c FROM sbtest6 WHERE id BETWEEN 3225272 AND 3225372
	Index Scan using sbtest6_pkey on sbtest6  (cost=0.43..398.60 rows=100 width=125)
	  Index Cond: ((id >= 3225272) AND (id <= 3225372))

table 7 : explain SELECT id, c FROM sbtest7 WHERE id BETWEEN 3225272 AND 3225372
	Index Scan using sbtest7_pkey on sbtest7  (cost=0.43..381.08 rows=96 width=125)
	  Index Cond: ((id >= 3225272) AND (id <= 3225372))

table 8 : explain SELECT id, c FROM sbtest8 WHERE id BETWEEN 3225272 AND 3225372
	Index Scan using sbtest8_pkey on sbtest8  (cost=0.43..407.55 rows=103 width=125)
	  Index Cond: ((id >= 3225272) AND (id <= 3225372))

for range-notcovered
table 1 : explain SELECT id, c FROM sbtest1 WHERE id BETWEEN 3918497 AND 3918597
	Index Scan using sbtest1_pkey on sbtest1  (cost=0.43..382.33 rows=96 width=125)
	  Index Cond: ((id >= 3918497) AND (id <= 3918597))

table 2 : explain SELECT id, c FROM sbtest2 WHERE id BETWEEN 3918497 AND 3918597
	Index Scan using sbtest2_pkey on sbtest2  (cost=0.43..432.37 rows=109 width=125)
	  Index Cond: ((id >= 3918497) AND (id <= 3918597))

table 3 : explain SELECT id, c FROM sbtest3 WHERE id BETWEEN 3918497 AND 3918597
	Index Scan using sbtest3_pkey on sbtest3  (cost=0.43..413.77 rows=104 width=125)
	  Index Cond: ((id >= 3918497) AND (id <= 3918597))

table 4 : explain SELECT id, c FROM sbtest4 WHERE id BETWEEN 3918497 AND 3918597
	Index Scan using sbtest4_pkey on sbtest4  (cost=0.43..373.24 rows=94 width=125)
	  Index Cond: ((id >= 3918497) AND (id <= 3918597))

table 5 : explain SELECT id, c FROM sbtest5 WHERE id BETWEEN 3918497 AND 3918597
	Index Scan using sbtest5_pkey on sbtest5  (cost=0.43..436.46 rows=110 width=125)
	  Index Cond: ((id >= 3918497) AND (id <= 3918597))

table 6 : explain SELECT id, c FROM sbtest6 WHERE id BETWEEN 3918497 AND 3918597
	Index Scan using sbtest6_pkey on sbtest6  (cost=0.43..426.18 rows=107 width=125)
	  Index Cond: ((id >= 3918497) AND (id <= 3918597))

table 7 : explain SELECT id, c FROM sbtest7 WHERE id BETWEEN 3918497 AND 3918597
	Index Scan using sbtest7_pkey on sbtest7  (cost=0.43..388.95 rows=98 width=125)
	  Index Cond: ((id >= 3918497) AND (id <= 3918597))

table 8 : explain SELECT id, c FROM sbtest8 WHERE id BETWEEN 3918497 AND 3918597
	Index Scan using sbtest8_pkey on sbtest8  (cost=0.43..376.25 rows=95 width=125)
	  Index Cond: ((id >= 3918497) AND (id <= 3918597))

explain: for range-notcovered :: explain SELECT id, c FROM sbtest%d WHERE id BETWEEN 6615801 AND 6615901
explain: for range-notcovered :: explain SELECT id, c FROM sbtest%d WHERE id BETWEEN 3225272 AND 3225372
explain: for range-notcovered :: explain SELECT id, c FROM sbtest%d WHERE id BETWEEN 6953097 AND 6953197
explain: for range-notcovered :: explain SELECT id, c FROM sbtest%d WHERE id BETWEEN 3918497 AND 3918597
for range-notcovered
table 1 : explain SELECT id, c FROM sbtest1 WHERE id BETWEEN 1263862 AND 1263962
	Index Scan using sbtest1_pkey on sbtest1  (cost=0.43..394.14 rows=99 width=125)
	  Index Cond: ((id >= 1263862) AND (id <= 1263962))

table 2 : explain SELECT id, c FROM sbtest2 WHERE id BETWEEN 1263862 AND 1263962
	Index Scan using sbtest2_pkey on sbtest2  (cost=0.43..416.67 rows=105 width=125)
	  Index Cond: ((id >= 1263862) AND (id <= 1263962))

table 3 : explain SELECT id, c FROM sbtest3 WHERE id BETWEEN 1263862 AND 1263962
	Index Scan using sbtest3_pkey on sbtest3  (cost=0.43..374.40 rows=94 width=125)
	  Index Cond: ((id >= 1263862) AND (id <= 1263962))

table 4 : explain SELECT id, c FROM sbtest4 WHERE id BETWEEN 1263862 AND 1263962
	Index Scan using sbtest4_pkey on sbtest4  (cost=0.43..373.26 rows=94 width=125)
	  Index Cond: ((id >= 1263862) AND (id <= 1263962))

table 5 : explain SELECT id, c FROM sbtest5 WHERE id BETWEEN 1263862 AND 1263962
	Index Scan using sbtest5_pkey on sbtest5  (cost=0.43..401.12 rows=101 width=125)
	  Index Cond: ((id >= 1263862) AND (id <= 1263962))

table 6 : explain SELECT id, c FROM sbtest6 WHERE id BETWEEN 1263862 AND 1263962
	Index Scan using sbtest6_pkey on sbtest6  (cost=0.43..406.48 rows=102 width=125)
	  Index Cond: ((id >= 1263862) AND (id <= 1263962))

table 7 : explain SELECT id, c FROM sbtest7 WHERE id BETWEEN 1263862 AND 1263962
	Index Scan using sbtest7_pkey on sbtest7  (cost=0.43..385.03 rows=97 width=125)
	  Index Cond: ((id >= 1263862) AND (id <= 1263962))

table 8 : explain SELECT id, c FROM sbtest8 WHERE id BETWEEN 1263862 AND 1263962
	Index Scan using sbtest8_pkey on sbtest8  (cost=0.43..403.64 rows=102 width=125)
	  Index Cond: ((id >= 1263862) AND (id <= 1263962))

for range-notcovered
table 1 : explain SELECT id, c FROM sbtest1 WHERE id BETWEEN 7646932 AND 7647032
	Index Scan using sbtest1_pkey on sbtest1  (cost=0.43..421.68 rows=106 width=125)
	  Index Cond: ((id >= 7646932) AND (id <= 7647032))

table 2 : explain SELECT id, c FROM sbtest2 WHERE id BETWEEN 7646932 AND 7647032
	Index Scan using sbtest2_pkey on sbtest2  (cost=0.43..428.44 rows=108 width=125)
	  Index Cond: ((id >= 7646932) AND (id <= 7647032))

table 3 : explain SELECT id, c FROM sbtest3 WHERE id BETWEEN 7646932 AND 7647032
	Index Scan using sbtest3_pkey on sbtest3  (cost=0.43..394.09 rows=99 width=125)
	  Index Cond: ((id >= 7646932) AND (id <= 7647032))

table 4 : explain SELECT id, c FROM sbtest4 WHERE id BETWEEN 7646932 AND 7647032
	Index Scan using sbtest4_pkey on sbtest4  (cost=0.43..436.01 rows=110 width=125)
	  Index Cond: ((id >= 7646932) AND (id <= 7647032))

table 5 : explain SELECT id, c FROM sbtest5 WHERE id BETWEEN 7646932 AND 7647032
	Index Scan using sbtest5_pkey on sbtest5  (cost=0.43..408.98 rows=103 width=125)
	  Index Cond: ((id >= 7646932) AND (id <= 7647032))

table 6 : explain SELECT id, c FROM sbtest6 WHERE id BETWEEN 7646932 AND 7647032
	Index Scan using sbtest6_pkey on sbtest6  (cost=0.43..414.36 rows=104 width=125)
	  Index Cond: ((id >= 7646932) AND (id <= 7647032))

table 7 : explain SELECT id, c FROM sbtest7 WHERE id BETWEEN 7646932 AND 7647032
	Index Scan using sbtest7_pkey on sbtest7  (cost=0.43..424.25 rows=107 width=125)
	  Index Cond: ((id >= 7646932) AND (id <= 7647032))

table 8 : explain SELECT id, c FROM sbtest8 WHERE id BETWEEN 7646932 AND 7647032
	Index Scan using sbtest8_pkey on sbtest8  (cost=0.43..384.08 rows=97 width=125)
	  Index Cond: ((id >= 7646932) AND (id <= 7647032))

explain: for range-notcovered :: explain SELECT id, c FROM sbtest%d WHERE id BETWEEN 1263862 AND 1263962
explain: for range-notcovered :: explain SELECT id, c FROM sbtest%d WHERE id BETWEEN 7646932 AND 7647032
for range-notcovered
table 1 : explain SELECT id, c FROM sbtest1 WHERE id BETWEEN 3225272 AND 3225372
	Index Scan using sbtest1_pkey on sbtest1  (cost=0.43..409.88 rows=103 width=125)
	  Index Cond: ((id >= 3225272) AND (id <= 3225372))

table 2 : explain SELECT id, c FROM sbtest2 WHERE id BETWEEN 3225272 AND 3225372
	Index Scan using sbtest2_pkey on sbtest2  (cost=0.43..397.05 rows=100 width=125)
	  Index Cond: ((id >= 3225272) AND (id <= 3225372))

table 3 : explain SELECT id, c FROM sbtest3 WHERE id BETWEEN 3225272 AND 3225372
	Index Scan using sbtest3_pkey on sbtest3  (cost=0.43..358.66 rows=90 width=125)
	  Index Cond: ((id >= 3225272) AND (id <= 3225372))

table 4 : explain SELECT id, c FROM sbtest4 WHERE id BETWEEN 3225272 AND 3225372
	Index Scan using sbtest4_pkey on sbtest4  (cost=0.43..396.79 rows=100 width=125)
	  Index Cond: ((id >= 3225272) AND (id <= 3225372))

table 5 : explain SELECT id, c FROM sbtest5 WHERE id BETWEEN 3225272 AND 3225372
	Index Scan using sbtest5_pkey on sbtest5  (cost=0.43..412.90 rows=104 width=125)
	  Index Cond: ((id >= 3225272) AND (id <= 3225372))

table 6 : explain SELECT id, c FROM sbtest6 WHERE id BETWEEN 3225272 AND 3225372
	Index Scan using sbtest6_pkey on sbtest6  (cost=0.43..398.60 rows=100 width=125)
	  Index Cond: ((id >= 3225272) AND (id <= 3225372))

table 7 : explain SELECT id, c FROM sbtest7 WHERE id BETWEEN 3225272 AND 3225372
	Index Scan using sbtest7_pkey on sbtest7  (cost=0.43..381.08 rows=96 width=125)
	  Index Cond: ((id >= 3225272) AND (id <= 3225372))

table 8 : explain SELECT id, c FROM sbtest8 WHERE id BETWEEN 3225272 AND 3225372
	Index Scan using sbtest8_pkey on sbtest8  (cost=0.43..407.55 rows=103 width=125)
	  Index Cond: ((id >= 3225272) AND (id <= 3225372))

for range-notcovered
table 1 : explain SELECT id, c FROM sbtest1 WHERE id BETWEEN 3918497 AND 3918597
	Index Scan using sbtest1_pkey on sbtest1  (cost=0.43..382.33 rows=96 width=125)
	  Index Cond: ((id >= 3918497) AND (id <= 3918597))

table 2 : explain SELECT id, c FROM sbtest2 WHERE id BETWEEN 3918497 AND 3918597
	Index Scan using sbtest2_pkey on sbtest2  (cost=0.43..432.37 rows=109 width=125)
	  Index Cond: ((id >= 3918497) AND (id <= 3918597))

table 3 : explain SELECT id, c FROM sbtest3 WHERE id BETWEEN 3918497 AND 3918597
	Index Scan using sbtest3_pkey on sbtest3  (cost=0.43..413.77 rows=104 width=125)
	  Index Cond: ((id >= 3918497) AND (id <= 3918597))

table 4 : explain SELECT id, c FROM sbtest4 WHERE id BETWEEN 3918497 AND 3918597
	Index Scan using sbtest4_pkey on sbtest4  (cost=0.43..373.24 rows=94 width=125)
	  Index Cond: ((id >= 3918497) AND (id <= 3918597))

table 5 : explain SELECT id, c FROM sbtest5 WHERE id BETWEEN 3918497 AND 3918597
	Index Scan using sbtest5_pkey on sbtest5  (cost=0.43..436.46 rows=110 width=125)
	  Index Cond: ((id >= 3918497) AND (id <= 3918597))

table 6 : explain SELECT id, c FROM sbtest6 WHERE id BETWEEN 3918497 AND 3918597
	Index Scan using sbtest6_pkey on sbtest6  (cost=0.43..426.18 rows=107 width=125)
	  Index Cond: ((id >= 3918497) AND (id <= 3918597))

table 7 : explain SELECT id, c FROM sbtest7 WHERE id BETWEEN 3918497 AND 3918597
	Index Scan using sbtest7_pkey on sbtest7  (cost=0.43..388.95 rows=98 width=125)
	  Index Cond: ((id >= 3918497) AND (id <= 3918597))

table 8 : explain SELECT id, c FROM sbtest8 WHERE id BETWEEN 3918497 AND 3918597
	Index Scan using sbtest8_pkey on sbtest8  (cost=0.43..376.25 rows=95 width=125)
	  Index Cond: ((id >= 3918497) AND (id <= 3918597))

for range-notcovered
table 1 : explain SELECT id, c FROM sbtest1 WHERE id BETWEEN 6953097 AND 6953197
	Index Scan using sbtest1_pkey on sbtest1  (cost=0.43..358.70 rows=90 width=125)
	  Index Cond: ((id >= 6953097) AND (id <= 6953197))

table 2 : explain SELECT id, c FROM sbtest2 WHERE id BETWEEN 6953097 AND 6953197
	Index Scan using sbtest2_pkey on sbtest2  (cost=0.43..381.35 rows=96 width=125)
	  Index Cond: ((id >= 6953097) AND (id <= 6953197))

table 3 : explain SELECT id, c FROM sbtest3 WHERE id BETWEEN 6953097 AND 6953197
	Index Scan using sbtest3_pkey on sbtest3  (cost=0.43..378.34 rows=95 width=125)
	  Index Cond: ((id >= 6953097) AND (id <= 6953197))

table 4 : explain SELECT id, c FROM sbtest4 WHERE id BETWEEN 6953097 AND 6953197
	Index Scan using sbtest4_pkey on sbtest4  (cost=0.43..404.64 rows=102 width=125)
	  Index Cond: ((id >= 6953097) AND (id <= 6953197))

table 5 : explain SELECT id, c FROM sbtest5 WHERE id BETWEEN 6953097 AND 6953197
	Index Scan using sbtest5_pkey on sbtest5  (cost=0.43..385.42 rows=97 width=125)
	  Index Cond: ((id >= 6953097) AND (id <= 6953197))

table 6 : explain SELECT id, c FROM sbtest6 WHERE id BETWEEN 6953097 AND 6953197
	Index Scan using sbtest6_pkey on sbtest6  (cost=0.43..390.72 rows=98 width=125)
	  Index Cond: ((id >= 6953097) AND (id <= 6953197))

table 7 : explain SELECT id, c FROM sbtest7 WHERE id BETWEEN 6953097 AND 6953197
	Index Scan using sbtest7_pkey on sbtest7  (cost=0.43..400.72 rows=101 width=125)
	  Index Cond: ((id >= 6953097) AND (id <= 6953197))

table 8 : explain SELECT id, c FROM sbtest8 WHERE id BETWEEN 6953097 AND 6953197
	Index Scan using sbtest8_pkey on sbtest8  (cost=0.43..407.55 rows=103 width=125)
	  Index Cond: ((id >= 6953097) AND (id <= 6953197))

explain: for range-notcovered :: explain SELECT id, c FROM sbtest%d WHERE id BETWEEN 3225272 AND 3225372
explain: for range-notcovered :: explain SELECT id, c FROM sbtest%d WHERE id BETWEEN 3918497 AND 3918597
for range-notcovered
table 1 : explain SELECT id, c FROM sbtest1 WHERE id BETWEEN 7646932 AND 7647032
	Index Scan using sbtest1_pkey on sbtest1  (cost=0.43..421.68 rows=106 width=125)
	  Index Cond: ((id >= 7646932) AND (id <= 7647032))

table 2 : explain SELECT id, c FROM sbtest2 WHERE id BETWEEN 7646932 AND 7647032
	Index Scan using sbtest2_pkey on sbtest2  (cost=0.43..428.44 rows=108 width=125)
	  Index Cond: ((id >= 7646932) AND (id <= 7647032))

table 3 : explain SELECT id, c FROM sbtest3 WHERE id BETWEEN 7646932 AND 7647032
	Index Scan using sbtest3_pkey on sbtest3  (cost=0.43..394.09 rows=99 width=125)
	  Index Cond: ((id >= 7646932) AND (id <= 7647032))

table 4 : explain SELECT id, c FROM sbtest4 WHERE id BETWEEN 7646932 AND 7647032
	Index Scan using sbtest4_pkey on sbtest4  (cost=0.43..436.01 rows=110 width=125)
	  Index Cond: ((id >= 7646932) AND (id <= 7647032))

table 5 : explain SELECT id, c FROM sbtest5 WHERE id BETWEEN 7646932 AND 7647032
	Index Scan using sbtest5_pkey on sbtest5  (cost=0.43..408.98 rows=103 width=125)
	  Index Cond: ((id >= 7646932) AND (id <= 7647032))

table 6 : explain SELECT id, c FROM sbtest6 WHERE id BETWEEN 7646932 AND 7647032
	Index Scan using sbtest6_pkey on sbtest6  (cost=0.43..414.36 rows=104 width=125)
	  Index Cond: ((id >= 7646932) AND (id <= 7647032))

table 7 : explain SELECT id, c FROM sbtest7 WHERE id BETWEEN 7646932 AND 7647032
	Index Scan using sbtest7_pkey on sbtest7  (cost=0.43..424.25 rows=107 width=125)
	  Index Cond: ((id >= 7646932) AND (id <= 7647032))

table 8 : explain SELECT id, c FROM sbtest8 WHERE id BETWEEN 7646932 AND 7647032
	Index Scan using sbtest8_pkey on sbtest8  (cost=0.43..384.08 rows=97 width=125)
	  Index Cond: ((id >= 7646932) AND (id <= 7647032))

for range-notcovered
table 1 : explain SELECT id, c FROM sbtest1 WHERE id BETWEEN 3225272 AND 3225372
	Index Scan using sbtest1_pkey on sbtest1  (cost=0.43..409.88 rows=103 width=125)
	  Index Cond: ((id >= 3225272) AND (id <= 3225372))

table 2 : explain SELECT id, c FROM sbtest2 WHERE id BETWEEN 3225272 AND 3225372
	Index Scan using sbtest2_pkey on sbtest2  (cost=0.43..397.05 rows=100 width=125)
	  Index Cond: ((id >= 3225272) AND (id <= 3225372))

table 3 : explain SELECT id, c FROM sbtest3 WHERE id BETWEEN 3225272 AND 3225372
	Index Scan using sbtest3_pkey on sbtest3  (cost=0.43..358.66 rows=90 width=125)
	  Index Cond: ((id >= 3225272) AND (id <= 3225372))

table 4 : explain SELECT id, c FROM sbtest4 WHERE id BETWEEN 3225272 AND 3225372
	Index Scan using sbtest4_pkey on sbtest4  (cost=0.43..396.79 rows=100 width=125)
	  Index Cond: ((id >= 3225272) AND (id <= 3225372))

table 5 : explain SELECT id, c FROM sbtest5 WHERE id BETWEEN 3225272 AND 3225372
	Index Scan using sbtest5_pkey on sbtest5  (cost=0.43..412.90 rows=104 width=125)
	  Index Cond: ((id >= 3225272) AND (id <= 3225372))

table 6 : explain SELECT id, c FROM sbtest6 WHERE id BETWEEN 3225272 AND 3225372
	Index Scan using sbtest6_pkey on sbtest6  (cost=0.43..398.60 rows=100 width=125)
	  Index Cond: ((id >= 3225272) AND (id <= 3225372))

table 7 : explain SELECT id, c FROM sbtest7 WHERE id BETWEEN 3225272 AND 3225372
	Index Scan using sbtest7_pkey on sbtest7  (cost=0.43..381.08 rows=96 width=125)
	  Index Cond: ((id >= 3225272) AND (id <= 3225372))

table 8 : explain SELECT id, c FROM sbtest8 WHERE id BETWEEN 3225272 AND 3225372
	Index Scan using sbtest8_pkey on sbtest8  (cost=0.43..407.55 rows=103 width=125)
	  Index Cond: ((id >= 3225272) AND (id <= 3225372))

for range-notcovered
table 1 : explain SELECT id, c FROM sbtest1 WHERE id BETWEEN 7110901 AND 7111001
	Index Scan using sbtest1_pkey on sbtest1  (cost=0.43..386.27 rows=97 width=125)
	  Index Cond: ((id >= 7110901) AND (id <= 7111001))

table 2 : explain SELECT id, c FROM sbtest2 WHERE id BETWEEN 7110901 AND 7111001
	Index Scan using sbtest2_pkey on sbtest2  (cost=0.43..397.05 rows=100 width=125)
	  Index Cond: ((id >= 7110901) AND (id <= 7111001))

table 3 : explain SELECT id, c FROM sbtest3 WHERE id BETWEEN 7110901 AND 7111001
	Index Scan using sbtest3_pkey on sbtest3  (cost=0.43..405.90 rows=102 width=125)
	  Index Cond: ((id >= 7110901) AND (id <= 7111001))

table 4 : explain SELECT id, c FROM sbtest4 WHERE id BETWEEN 7110901 AND 7111001
	Index Scan using sbtest4_pkey on sbtest4  (cost=0.43..377.19 rows=95 width=125)
	  Index Cond: ((id >= 7110901) AND (id <= 7111001))

table 5 : explain SELECT id, c FROM sbtest5 WHERE id BETWEEN 7110901 AND 7111001
	Index Scan using sbtest5_pkey on sbtest5  (cost=0.43..381.49 rows=96 width=125)
	  Index Cond: ((id >= 7110901) AND (id <= 7111001))

table 6 : explain SELECT id, c FROM sbtest6 WHERE id BETWEEN 7110901 AND 7111001
	Index Scan using sbtest6_pkey on sbtest6  (cost=0.43..394.66 rows=99 width=125)
	  Index Cond: ((id >= 7110901) AND (id <= 7111001))

table 7 : explain SELECT id, c FROM sbtest7 WHERE id BETWEEN 7110901 AND 7111001
	Index Scan using sbtest7_pkey on sbtest7  (cost=0.43..428.17 rows=108 width=125)
	  Index Cond: ((id >= 7110901) AND (id <= 7111001))

table 8 : explain SELECT id, c FROM sbtest8 WHERE id BETWEEN 7110901 AND 7111001
	Index Scan using sbtest8_pkey on sbtest8  (cost=0.43..411.46 rows=104 width=125)
	  Index Cond: ((id >= 7110901) AND (id <= 7111001))

explain: for range-notcovered :: explain SELECT id, c FROM sbtest%d WHERE id BETWEEN 3225272 AND 3225372
for range-notcovered
table 1 : explain SELECT id, c FROM sbtest1 WHERE id BETWEEN 1263862 AND 1263962
	Index Scan using sbtest1_pkey on sbtest1  (cost=0.43..394.14 rows=99 width=125)
	  Index Cond: ((id >= 1263862) AND (id <= 1263962))

table 2 : explain SELECT id, c FROM sbtest2 WHERE id BETWEEN 1263862 AND 1263962
	Index Scan using sbtest2_pkey on sbtest2  (cost=0.43..416.67 rows=105 width=125)
	  Index Cond: ((id >= 1263862) AND (id <= 1263962))

table 3 : explain SELECT id, c FROM sbtest3 WHERE id BETWEEN 1263862 AND 1263962
	Index Scan using sbtest3_pkey on sbtest3  (cost=0.43..374.40 rows=94 width=125)
	  Index Cond: ((id >= 1263862) AND (id <= 1263962))

table 4 : explain SELECT id, c FROM sbtest4 WHERE id BETWEEN 1263862 AND 1263962
	Index Scan using sbtest4_pkey on sbtest4  (cost=0.43..373.26 rows=94 width=125)
	  Index Cond: ((id >= 1263862) AND (id <= 1263962))

table 5 : explain SELECT id, c FROM sbtest5 WHERE id BETWEEN 1263862 AND 1263962
	Index Scan using sbtest5_pkey on sbtest5  (cost=0.43..401.12 rows=101 width=125)
	  Index Cond: ((id >= 1263862) AND (id <= 1263962))

table 6 : explain SELECT id, c FROM sbtest6 WHERE id BETWEEN 1263862 AND 1263962
	Index Scan using sbtest6_pkey on sbtest6  (cost=0.43..406.48 rows=102 width=125)
	  Index Cond: ((id >= 1263862) AND (id <= 1263962))

table 7 : explain SELECT id, c FROM sbtest7 WHERE id BETWEEN 1263862 AND 1263962
	Index Scan using sbtest7_pkey on sbtest7  (cost=0.43..385.03 rows=97 width=125)
	  Index Cond: ((id >= 1263862) AND (id <= 1263962))

table 8 : explain SELECT id, c FROM sbtest8 WHERE id BETWEEN 1263862 AND 1263962
	Index Scan using sbtest8_pkey on sbtest8  (cost=0.43..403.64 rows=102 width=125)
	  Index Cond: ((id >= 1263862) AND (id <= 1263962))

explain: for range-notcovered :: explain SELECT id, c FROM sbtest%d WHERE id BETWEEN 7110901 AND 7111001
explain: for range-notcovered :: explain SELECT id, c FROM sbtest%d WHERE id BETWEEN 1263862 AND 1263962
explain: for range-notcovered :: explain SELECT id, c FROM sbtest%d WHERE id BETWEEN 4343467 AND 4343567
for range-notcovered
table 1 : explain SELECT id, c FROM sbtest1 WHERE id BETWEEN 3918497 AND 3918597
	Index Scan using sbtest1_pkey on sbtest1  (cost=0.43..382.33 rows=96 width=125)
	  Index Cond: ((id >= 3918497) AND (id <= 3918597))

table 2 : explain SELECT id, c FROM sbtest2 WHERE id BETWEEN 3918497 AND 3918597
	Index Scan using sbtest2_pkey on sbtest2  (cost=0.43..432.37 rows=109 width=125)
	  Index Cond: ((id >= 3918497) AND (id <= 3918597))

table 3 : explain SELECT id, c FROM sbtest3 WHERE id BETWEEN 3918497 AND 3918597
	Index Scan using sbtest3_pkey on sbtest3  (cost=0.43..413.77 rows=104 width=125)
	  Index Cond: ((id >= 3918497) AND (id <= 3918597))

table 4 : explain SELECT id, c FROM sbtest4 WHERE id BETWEEN 3918497 AND 3918597
	Index Scan using sbtest4_pkey on sbtest4  (cost=0.43..373.24 rows=94 width=125)
	  Index Cond: ((id >= 3918497) AND (id <= 3918597))

table 5 : explain SELECT id, c FROM sbtest5 WHERE id BETWEEN 3918497 AND 3918597
	Index Scan using sbtest5_pkey on sbtest5  (cost=0.43..436.46 rows=110 width=125)
	  Index Cond: ((id >= 3918497) AND (id <= 3918597))

table 6 : explain SELECT id, c FROM sbtest6 WHERE id BETWEEN 3918497 AND 3918597
	Index Scan using sbtest6_pkey on sbtest6  (cost=0.43..426.18 rows=107 width=125)
	  Index Cond: ((id >= 3918497) AND (id <= 3918597))

table 7 : explain SELECT id, c FROM sbtest7 WHERE id BETWEEN 3918497 AND 3918597
	Index Scan using sbtest7_pkey on sbtest7  (cost=0.43..388.95 rows=98 width=125)
	  Index Cond: ((id >= 3918497) AND (id <= 3918597))

table 8 : explain SELECT id, c FROM sbtest8 WHERE id BETWEEN 3918497 AND 3918597
	Index Scan using sbtest8_pkey on sbtest8  (cost=0.43..376.25 rows=95 width=125)
	  Index Cond: ((id >= 3918497) AND (id <= 3918597))

for range-notcovered
table 1 : explain SELECT id, c FROM sbtest1 WHERE id BETWEEN 3225272 AND 3225372
	Index Scan using sbtest1_pkey on sbtest1  (cost=0.43..409.88 rows=103 width=125)
	  Index Cond: ((id >= 3225272) AND (id <= 3225372))

table 2 : explain SELECT id, c FROM sbtest2 WHERE id BETWEEN 3225272 AND 3225372
	Index Scan using sbtest2_pkey on sbtest2  (cost=0.43..397.05 rows=100 width=125)
	  Index Cond: ((id >= 3225272) AND (id <= 3225372))

table 3 : explain SELECT id, c FROM sbtest3 WHERE id BETWEEN 3225272 AND 3225372
	Index Scan using sbtest3_pkey on sbtest3  (cost=0.43..358.66 rows=90 width=125)
	  Index Cond: ((id >= 3225272) AND (id <= 3225372))

table 4 : explain SELECT id, c FROM sbtest4 WHERE id BETWEEN 3225272 AND 3225372
	Index Scan using sbtest4_pkey on sbtest4  (cost=0.43..396.79 rows=100 width=125)
	  Index Cond: ((id >= 3225272) AND (id <= 3225372))

table 5 : explain SELECT id, c FROM sbtest5 WHERE id BETWEEN 3225272 AND 3225372
	Index Scan using sbtest5_pkey on sbtest5  (cost=0.43..412.90 rows=104 width=125)
	  Index Cond: ((id >= 3225272) AND (id <= 3225372))

table 6 : explain SELECT id, c FROM sbtest6 WHERE id BETWEEN 3225272 AND 3225372
	Index Scan using sbtest6_pkey on sbtest6  (cost=0.43..398.60 rows=100 width=125)
	  Index Cond: ((id >= 3225272) AND (id <= 3225372))

table 7 : explain SELECT id, c FROM sbtest7 WHERE id BETWEEN 3225272 AND 3225372
	Index Scan using sbtest7_pkey on sbtest7  (cost=0.43..381.08 rows=96 width=125)
	  Index Cond: ((id >= 3225272) AND (id <= 3225372))

table 8 : explain SELECT id, c FROM sbtest8 WHERE id BETWEEN 3225272 AND 3225372
	Index Scan using sbtest8_pkey on sbtest8  (cost=0.43..407.55 rows=103 width=125)
	  Index Cond: ((id >= 3225272) AND (id <= 3225372))

explain: for range-notcovered :: explain SELECT id, c FROM sbtest%d WHERE id BETWEEN 3918497 AND 3918597
explain: for range-notcovered :: explain SELECT id, c FROM sbtest%d WHERE id BETWEEN 3225272 AND 3225372
for range-notcovered
table 1 : explain SELECT id, c FROM sbtest1 WHERE id BETWEEN 7110901 AND 7111001
	Index Scan using sbtest1_pkey on sbtest1  (cost=0.43..386.27 rows=97 width=125)
	  Index Cond: ((id >= 7110901) AND (id <= 7111001))

table 2 : explain SELECT id, c FROM sbtest2 WHERE id BETWEEN 7110901 AND 7111001
	Index Scan using sbtest2_pkey on sbtest2  (cost=0.43..397.05 rows=100 width=125)
	  Index Cond: ((id >= 7110901) AND (id <= 7111001))

table 3 : explain SELECT id, c FROM sbtest3 WHERE id BETWEEN 7110901 AND 7111001
	Index Scan using sbtest3_pkey on sbtest3  (cost=0.43..405.90 rows=102 width=125)
	  Index Cond: ((id >= 7110901) AND (id <= 7111001))

table 4 : explain SELECT id, c FROM sbtest4 WHERE id BETWEEN 7110901 AND 7111001
	Index Scan using sbtest4_pkey on sbtest4  (cost=0.43..377.19 rows=95 width=125)
	  Index Cond: ((id >= 7110901) AND (id <= 7111001))

table 5 : explain SELECT id, c FROM sbtest5 WHERE id BETWEEN 7110901 AND 7111001
	Index Scan using sbtest5_pkey on sbtest5  (cost=0.43..381.49 rows=96 width=125)
	  Index Cond: ((id >= 7110901) AND (id <= 7111001))

table 6 : explain SELECT id, c FROM sbtest6 WHERE id BETWEEN 7110901 AND 7111001
	Index Scan using sbtest6_pkey on sbtest6  (cost=0.43..394.66 rows=99 width=125)
	  Index Cond: ((id >= 7110901) AND (id <= 7111001))

table 7 : explain SELECT id, c FROM sbtest7 WHERE id BETWEEN 7110901 AND 7111001
	Index Scan using sbtest7_pkey on sbtest7  (cost=0.43..428.17 rows=108 width=125)
	  Index Cond: ((id >= 7110901) AND (id <= 7111001))

table 8 : explain SELECT id, c FROM sbtest8 WHERE id BETWEEN 7110901 AND 7111001
	Index Scan using sbtest8_pkey on sbtest8  (cost=0.43..411.46 rows=104 width=125)
	  Index Cond: ((id >= 7110901) AND (id <= 7111001))

explain: for range-notcovered :: explain SELECT id, c FROM sbtest%d WHERE id BETWEEN 7110901 AND 7111001
for range-notcovered
table 1 : explain SELECT id, c FROM sbtest1 WHERE id BETWEEN 1263862 AND 1263962
	Index Scan using sbtest1_pkey on sbtest1  (cost=0.43..394.14 rows=99 width=125)
	  Index Cond: ((id >= 1263862) AND (id <= 1263962))

table 2 : explain SELECT id, c FROM sbtest2 WHERE id BETWEEN 1263862 AND 1263962
	Index Scan using sbtest2_pkey on sbtest2  (cost=0.43..416.67 rows=105 width=125)
	  Index Cond: ((id >= 1263862) AND (id <= 1263962))

table 3 : explain SELECT id, c FROM sbtest3 WHERE id BETWEEN 1263862 AND 1263962
	Index Scan using sbtest3_pkey on sbtest3  (cost=0.43..374.40 rows=94 width=125)
	  Index Cond: ((id >= 1263862) AND (id <= 1263962))

table 4 : explain SELECT id, c FROM sbtest4 WHERE id BETWEEN 1263862 AND 1263962
	Index Scan using sbtest4_pkey on sbtest4  (cost=0.43..373.26 rows=94 width=125)
	  Index Cond: ((id >= 1263862) AND (id <= 1263962))

table 5 : explain SELECT id, c FROM sbtest5 WHERE id BETWEEN 1263862 AND 1263962
	Index Scan using sbtest5_pkey on sbtest5  (cost=0.43..401.12 rows=101 width=125)
	  Index Cond: ((id >= 1263862) AND (id <= 1263962))

table 6 : explain SELECT id, c FROM sbtest6 WHERE id BETWEEN 1263862 AND 1263962
	Index Scan using sbtest6_pkey on sbtest6  (cost=0.43..406.48 rows=102 width=125)
	  Index Cond: ((id >= 1263862) AND (id <= 1263962))

table 7 : explain SELECT id, c FROM sbtest7 WHERE id BETWEEN 1263862 AND 1263962
	Index Scan using sbtest7_pkey on sbtest7  (cost=0.43..385.03 rows=97 width=125)
	  Index Cond: ((id >= 1263862) AND (id <= 1263962))

table 8 : explain SELECT id, c FROM sbtest8 WHERE id BETWEEN 1263862 AND 1263962
	Index Scan using sbtest8_pkey on sbtest8  (cost=0.43..403.64 rows=102 width=125)
	  Index Cond: ((id >= 1263862) AND (id <= 1263962))

for range-notcovered
table 1 : explain SELECT id, c FROM sbtest1 WHERE id BETWEEN 3918497 AND 3918597
	Index Scan using sbtest1_pkey on sbtest1  (cost=0.43..382.33 rows=96 width=125)
	  Index Cond: ((id >= 3918497) AND (id <= 3918597))

table 2 : explain SELECT id, c FROM sbtest2 WHERE id BETWEEN 3918497 AND 3918597
	Index Scan using sbtest2_pkey on sbtest2  (cost=0.43..432.37 rows=109 width=125)
	  Index Cond: ((id >= 3918497) AND (id <= 3918597))

table 3 : explain SELECT id, c FROM sbtest3 WHERE id BETWEEN 3918497 AND 3918597
	Index Scan using sbtest3_pkey on sbtest3  (cost=0.43..413.77 rows=104 width=125)
	  Index Cond: ((id >= 3918497) AND (id <= 3918597))

table 4 : explain SELECT id, c FROM sbtest4 WHERE id BETWEEN 3918497 AND 3918597
	Index Scan using sbtest4_pkey on sbtest4  (cost=0.43..373.24 rows=94 width=125)
	  Index Cond: ((id >= 3918497) AND (id <= 3918597))

table 5 : explain SELECT id, c FROM sbtest5 WHERE id BETWEEN 3918497 AND 3918597
	Index Scan using sbtest5_pkey on sbtest5  (cost=0.43..436.46 rows=110 width=125)
	  Index Cond: ((id >= 3918497) AND (id <= 3918597))

table 6 : explain SELECT id, c FROM sbtest6 WHERE id BETWEEN 3918497 AND 3918597
	Index Scan using sbtest6_pkey on sbtest6  (cost=0.43..426.18 rows=107 width=125)
	  Index Cond: ((id >= 3918497) AND (id <= 3918597))

table 7 : explain SELECT id, c FROM sbtest7 WHERE id BETWEEN 3918497 AND 3918597
	Index Scan using sbtest7_pkey on sbtest7  (cost=0.43..388.95 rows=98 width=125)
	  Index Cond: ((id >= 3918497) AND (id <= 3918597))

table 8 : explain SELECT id, c FROM sbtest8 WHERE id BETWEEN 3918497 AND 3918597
	Index Scan using sbtest8_pkey on sbtest8  (cost=0.43..376.25 rows=95 width=125)
	  Index Cond: ((id >= 3918497) AND (id <= 3918597))

for range-notcovered
table 1 : explain SELECT id, c FROM sbtest1 WHERE id BETWEEN 3225272 AND 3225372
	Index Scan using sbtest1_pkey on sbtest1  (cost=0.43..409.88 rows=103 width=125)
	  Index Cond: ((id >= 3225272) AND (id <= 3225372))

table 2 : explain SELECT id, c FROM sbtest2 WHERE id BETWEEN 3225272 AND 3225372
	Index Scan using sbtest2_pkey on sbtest2  (cost=0.43..397.05 rows=100 width=125)
	  Index Cond: ((id >= 3225272) AND (id <= 3225372))

table 3 : explain SELECT id, c FROM sbtest3 WHERE id BETWEEN 3225272 AND 3225372
	Index Scan using sbtest3_pkey on sbtest3  (cost=0.43..358.66 rows=90 width=125)
	  Index Cond: ((id >= 3225272) AND (id <= 3225372))

table 4 : explain SELECT id, c FROM sbtest4 WHERE id BETWEEN 3225272 AND 3225372
	Index Scan using sbtest4_pkey on sbtest4  (cost=0.43..396.79 rows=100 width=125)
	  Index Cond: ((id >= 3225272) AND (id <= 3225372))

table 5 : explain SELECT id, c FROM sbtest5 WHERE id BETWEEN 3225272 AND 3225372
	Index Scan using sbtest5_pkey on sbtest5  (cost=0.43..412.90 rows=104 width=125)
	  Index Cond: ((id >= 3225272) AND (id <= 3225372))

table 6 : explain SELECT id, c FROM sbtest6 WHERE id BETWEEN 3225272 AND 3225372
	Index Scan using sbtest6_pkey on sbtest6  (cost=0.43..398.60 rows=100 width=125)
	  Index Cond: ((id >= 3225272) AND (id <= 3225372))

table 7 : explain SELECT id, c FROM sbtest7 WHERE id BETWEEN 3225272 AND 3225372
	Index Scan using sbtest7_pkey on sbtest7  (cost=0.43..381.08 rows=96 width=125)
	  Index Cond: ((id >= 3225272) AND (id <= 3225372))

table 8 : explain SELECT id, c FROM sbtest8 WHERE id BETWEEN 3225272 AND 3225372
	Index Scan using sbtest8_pkey on sbtest8  (cost=0.43..407.55 rows=103 width=125)
	  Index Cond: ((id >= 3225272) AND (id <= 3225372))

explain: for range-notcovered :: explain SELECT id, c FROM sbtest%d WHERE id BETWEEN 1263862 AND 1263962
for range-notcovered
table 1 : explain SELECT id, c FROM sbtest1 WHERE id BETWEEN 7110901 AND 7111001
	Index Scan using sbtest1_pkey on sbtest1  (cost=0.43..386.27 rows=97 width=125)
	  Index Cond: ((id >= 7110901) AND (id <= 7111001))

table 2 : explain SELECT id, c FROM sbtest2 WHERE id BETWEEN 7110901 AND 7111001
	Index Scan using sbtest2_pkey on sbtest2  (cost=0.43..397.05 rows=100 width=125)
	  Index Cond: ((id >= 7110901) AND (id <= 7111001))

table 3 : explain SELECT id, c FROM sbtest3 WHERE id BETWEEN 7110901 AND 7111001
	Index Scan using sbtest3_pkey on sbtest3  (cost=0.43..405.90 rows=102 width=125)
	  Index Cond: ((id >= 7110901) AND (id <= 7111001))

table 4 : explain SELECT id, c FROM sbtest4 WHERE id BETWEEN 7110901 AND 7111001
	Index Scan using sbtest4_pkey on sbtest4  (cost=0.43..377.19 rows=95 width=125)
	  Index Cond: ((id >= 7110901) AND (id <= 7111001))

table 5 : explain SELECT id, c FROM sbtest5 WHERE id BETWEEN 7110901 AND 7111001
	Index Scan using sbtest5_pkey on sbtest5  (cost=0.43..381.49 rows=96 width=125)
	  Index Cond: ((id >= 7110901) AND (id <= 7111001))

table 6 : explain SELECT id, c FROM sbtest6 WHERE id BETWEEN 7110901 AND 7111001
	Index Scan using sbtest6_pkey on sbtest6  (cost=0.43..394.66 rows=99 width=125)
	  Index Cond: ((id >= 7110901) AND (id <= 7111001))

table 7 : explain SELECT id, c FROM sbtest7 WHERE id BETWEEN 7110901 AND 7111001
	Index Scan using sbtest7_pkey on sbtest7  (cost=0.43..428.17 rows=108 width=125)
	  Index Cond: ((id >= 7110901) AND (id <= 7111001))

table 8 : explain SELECT id, c FROM sbtest8 WHERE id BETWEEN 7110901 AND 7111001
	Index Scan using sbtest8_pkey on sbtest8  (cost=0.43..411.46 rows=104 width=125)
	  Index Cond: ((id >= 7110901) AND (id <= 7111001))

explain: for range-notcovered :: explain SELECT id, c FROM sbtest%d WHERE id BETWEEN 3918497 AND 3918597
explain: for range-notcovered :: explain SELECT id, c FROM sbtest%d WHERE id BETWEEN 3225272 AND 3225372
explain: for range-notcovered :: explain SELECT id, c FROM sbtest%d WHERE id BETWEEN 7110901 AND 7111001
for range-notcovered
table 1 : explain SELECT id, c FROM sbtest1 WHERE id BETWEEN 3225272 AND 3225372
	Index Scan using sbtest1_pkey on sbtest1  (cost=0.43..409.88 rows=103 width=125)
	  Index Cond: ((id >= 3225272) AND (id <= 3225372))

table 2 : explain SELECT id, c FROM sbtest2 WHERE id BETWEEN 3225272 AND 3225372
	Index Scan using sbtest2_pkey on sbtest2  (cost=0.43..397.05 rows=100 width=125)
	  Index Cond: ((id >= 3225272) AND (id <= 3225372))

table 3 : explain SELECT id, c FROM sbtest3 WHERE id BETWEEN 3225272 AND 3225372
	Index Scan using sbtest3_pkey on sbtest3  (cost=0.43..358.66 rows=90 width=125)
	  Index Cond: ((id >= 3225272) AND (id <= 3225372))

table 4 : explain SELECT id, c FROM sbtest4 WHERE id BETWEEN 3225272 AND 3225372
	Index Scan using sbtest4_pkey on sbtest4  (cost=0.43..396.79 rows=100 width=125)
	  Index Cond: ((id >= 3225272) AND (id <= 3225372))

table 5 : explain SELECT id, c FROM sbtest5 WHERE id BETWEEN 3225272 AND 3225372
	Index Scan using sbtest5_pkey on sbtest5  (cost=0.43..412.90 rows=104 width=125)
	  Index Cond: ((id >= 3225272) AND (id <= 3225372))

table 6 : explain SELECT id, c FROM sbtest6 WHERE id BETWEEN 3225272 AND 3225372
	Index Scan using sbtest6_pkey on sbtest6  (cost=0.43..398.60 rows=100 width=125)
	  Index Cond: ((id >= 3225272) AND (id <= 3225372))

table 7 : explain SELECT id, c FROM sbtest7 WHERE id BETWEEN 3225272 AND 3225372
	Index Scan using sbtest7_pkey on sbtest7  (cost=0.43..381.08 rows=96 width=125)
	  Index Cond: ((id >= 3225272) AND (id <= 3225372))

table 8 : explain SELECT id, c FROM sbtest8 WHERE id BETWEEN 3225272 AND 3225372
	Index Scan using sbtest8_pkey on sbtest8  (cost=0.43..407.55 rows=103 width=125)
	  Index Cond: ((id >= 3225272) AND (id <= 3225372))

for range-notcovered
table 1 : explain SELECT id, c FROM sbtest1 WHERE id BETWEEN 7110901 AND 7111001
	Index Scan using sbtest1_pkey on sbtest1  (cost=0.43..386.27 rows=97 width=125)
	  Index Cond: ((id >= 7110901) AND (id <= 7111001))

table 2 : explain SELECT id, c FROM sbtest2 WHERE id BETWEEN 7110901 AND 7111001
	Index Scan using sbtest2_pkey on sbtest2  (cost=0.43..397.05 rows=100 width=125)
	  Index Cond: ((id >= 7110901) AND (id <= 7111001))

table 3 : explain SELECT id, c FROM sbtest3 WHERE id BETWEEN 7110901 AND 7111001
	Index Scan using sbtest3_pkey on sbtest3  (cost=0.43..405.90 rows=102 width=125)
	  Index Cond: ((id >= 7110901) AND (id <= 7111001))

table 4 : explain SELECT id, c FROM sbtest4 WHERE id BETWEEN 7110901 AND 7111001
	Index Scan using sbtest4_pkey on sbtest4  (cost=0.43..377.19 rows=95 width=125)
	  Index Cond: ((id >= 7110901) AND (id <= 7111001))

table 5 : explain SELECT id, c FROM sbtest5 WHERE id BETWEEN 7110901 AND 7111001
	Index Scan using sbtest5_pkey on sbtest5  (cost=0.43..381.49 rows=96 width=125)
	  Index Cond: ((id >= 7110901) AND (id <= 7111001))

table 6 : explain SELECT id, c FROM sbtest6 WHERE id BETWEEN 7110901 AND 7111001
	Index Scan using sbtest6_pkey on sbtest6  (cost=0.43..394.66 rows=99 width=125)
	  Index Cond: ((id >= 7110901) AND (id <= 7111001))

table 7 : explain SELECT id, c FROM sbtest7 WHERE id BETWEEN 7110901 AND 7111001
	Index Scan using sbtest7_pkey on sbtest7  (cost=0.43..428.17 rows=108 width=125)
	  Index Cond: ((id >= 7110901) AND (id <= 7111001))

table 8 : explain SELECT id, c FROM sbtest8 WHERE id BETWEEN 7110901 AND 7111001
	Index Scan using sbtest8_pkey on sbtest8  (cost=0.43..411.46 rows=104 width=125)
	  Index Cond: ((id >= 7110901) AND (id <= 7111001))

explain: for range-notcovered :: explain SELECT id, c FROM sbtest%d WHERE id BETWEEN 3225272 AND 3225372
explain: for range-notcovered :: explain SELECT id, c FROM sbtest%d WHERE id BETWEEN 7110901 AND 7111001
explain: for range-notcovered :: explain SELECT id, c FROM sbtest%d WHERE id BETWEEN 6730999 AND 6731099
for range-notcovered
table 1 : explain SELECT id, c FROM sbtest1 WHERE id BETWEEN 6772412 AND 6772512
	Index Scan using sbtest1_pkey on sbtest1  (cost=0.43..358.70 rows=90 width=125)
	  Index Cond: ((id >= 6772412) AND (id <= 6772512))

table 2 : explain SELECT id, c FROM sbtest2 WHERE id BETWEEN 6772412 AND 6772512
	Index Scan using sbtest2_pkey on sbtest2  (cost=0.43..404.90 rows=102 width=125)
	  Index Cond: ((id >= 6772412) AND (id <= 6772512))

table 3 : explain SELECT id, c FROM sbtest3 WHERE id BETWEEN 6772412 AND 6772512
	Index Scan using sbtest3_pkey on sbtest3  (cost=0.43..401.96 rows=101 width=125)
	  Index Cond: ((id >= 6772412) AND (id <= 6772512))

table 4 : explain SELECT id, c FROM sbtest4 WHERE id BETWEEN 6772412 AND 6772512
	Index Scan using sbtest4_pkey on sbtest4  (cost=0.43..404.64 rows=102 width=125)
	  Index Cond: ((id >= 6772412) AND (id <= 6772512))

table 5 : explain SELECT id, c FROM sbtest5 WHERE id BETWEEN 6772412 AND 6772512
	Index Scan using sbtest5_pkey on sbtest5  (cost=0.43..401.12 rows=101 width=125)
	  Index Cond: ((id >= 6772412) AND (id <= 6772512))

table 6 : explain SELECT id, c FROM sbtest6 WHERE id BETWEEN 6772412 AND 6772512
	Index Scan using sbtest6_pkey on sbtest6  (cost=0.43..426.18 rows=107 width=125)
	  Index Cond: ((id >= 6772412) AND (id <= 6772512))

table 7 : explain SELECT id, c FROM sbtest7 WHERE id BETWEEN 6772412 AND 6772512
	Index Scan using sbtest7_pkey on sbtest7  (cost=0.43..412.48 rows=104 width=125)
	  Index Cond: ((id >= 6772412) AND (id <= 6772512))

table 8 : explain SELECT id, c FROM sbtest8 WHERE id BETWEEN 6772412 AND 6772512
	Index Scan using sbtest8_pkey on sbtest8  (cost=0.43..376.25 rows=95 width=125)
	  Index Cond: ((id >= 6772412) AND (id <= 6772512))

for range-notcovered
table 1 : explain SELECT id, c FROM sbtest1 WHERE id BETWEEN 6615801 AND 6615901
	Index Scan using sbtest1_pkey on sbtest1  (cost=0.43..358.70 rows=90 width=125)
	  Index Cond: ((id >= 6615801) AND (id <= 6615901))

table 2 : explain SELECT id, c FROM sbtest2 WHERE id BETWEEN 6615801 AND 6615901
	Index Scan using sbtest2_pkey on sbtest2  (cost=0.43..381.35 rows=96 width=125)
	  Index Cond: ((id >= 6615801) AND (id <= 6615901))

table 3 : explain SELECT id, c FROM sbtest3 WHERE id BETWEEN 6615801 AND 6615901
	Index Scan using sbtest3_pkey on sbtest3  (cost=0.43..409.83 rows=103 width=125)
	  Index Cond: ((id >= 6615801) AND (id <= 6615901))

table 4 : explain SELECT id, c FROM sbtest4 WHERE id BETWEEN 6615801 AND 6615901
	Index Scan using sbtest4_pkey on sbtest4  (cost=0.43..428.17 rows=108 width=125)
	  Index Cond: ((id >= 6615801) AND (id <= 6615901))

table 5 : explain SELECT id, c FROM sbtest5 WHERE id BETWEEN 6615801 AND 6615901
	Index Scan using sbtest5_pkey on sbtest5  (cost=0.43..416.83 rows=105 width=125)
	  Index Cond: ((id >= 6615801) AND (id <= 6615901))

table 6 : explain SELECT id, c FROM sbtest6 WHERE id BETWEEN 6615801 AND 6615901
	Index Scan using sbtest6_pkey on sbtest6  (cost=0.43..382.84 rows=96 width=125)
	  Index Cond: ((id >= 6615801) AND (id <= 6615901))

table 7 : explain SELECT id, c FROM sbtest7 WHERE id BETWEEN 6615801 AND 6615901
	Index Scan using sbtest7_pkey on sbtest7  (cost=0.43..400.72 rows=101 width=125)
	  Index Cond: ((id >= 6615801) AND (id <= 6615901))

table 8 : explain SELECT id, c FROM sbtest8 WHERE id BETWEEN 6615801 AND 6615901
	Index Scan using sbtest8_pkey on sbtest8  (cost=0.43..434.93 rows=110 width=125)
	  Index Cond: ((id >= 6615801) AND (id <= 6615901))

for range-notcovered
table 1 : explain SELECT id, c FROM sbtest1 WHERE id BETWEEN 1263862 AND 1263962
	Index Scan using sbtest1_pkey on sbtest1  (cost=0.43..394.14 rows=99 width=125)
	  Index Cond: ((id >= 1263862) AND (id <= 1263962))

table 2 : explain SELECT id, c FROM sbtest2 WHERE id BETWEEN 1263862 AND 1263962
	Index Scan using sbtest2_pkey on sbtest2  (cost=0.43..416.67 rows=105 width=125)
	  Index Cond: ((id >= 1263862) AND (id <= 1263962))

table 3 : explain SELECT id, c FROM sbtest3 WHERE id BETWEEN 1263862 AND 1263962
	Index Scan using sbtest3_pkey on sbtest3  (cost=0.43..374.40 rows=94 width=125)
	  Index Cond: ((id >= 1263862) AND (id <= 1263962))

table 4 : explain SELECT id, c FROM sbtest4 WHERE id BETWEEN 1263862 AND 1263962
	Index Scan using sbtest4_pkey on sbtest4  (cost=0.43..373.26 rows=94 width=125)
	  Index Cond: ((id >= 1263862) AND (id <= 1263962))

table 5 : explain SELECT id, c FROM sbtest5 WHERE id BETWEEN 1263862 AND 1263962
	Index Scan using sbtest5_pkey on sbtest5  (cost=0.43..401.12 rows=101 width=125)
	  Index Cond: ((id >= 1263862) AND (id <= 1263962))

table 6 : explain SELECT id, c FROM sbtest6 WHERE id BETWEEN 1263862 AND 1263962
	Index Scan using sbtest6_pkey on sbtest6  (cost=0.43..406.48 rows=102 width=125)
	  Index Cond: ((id >= 1263862) AND (id <= 1263962))

table 7 : explain SELECT id, c FROM sbtest7 WHERE id BETWEEN 1263862 AND 1263962
	Index Scan using sbtest7_pkey on sbtest7  (cost=0.43..385.03 rows=97 width=125)
	  Index Cond: ((id >= 1263862) AND (id <= 1263962))

table 8 : explain SELECT id, c FROM sbtest8 WHERE id BETWEEN 1263862 AND 1263962
	Index Scan using sbtest8_pkey on sbtest8  (cost=0.43..403.64 rows=102 width=125)
	  Index Cond: ((id >= 1263862) AND (id <= 1263962))

explain: for range-notcovered :: explain SELECT id, c FROM sbtest%d WHERE id BETWEEN 6615801 AND 6615901
explain: for range-notcovered :: explain SELECT id, c FROM sbtest%d WHERE id BETWEEN 1263862 AND 1263962
for range-notcovered
table 1 : explain SELECT id, c FROM sbtest1 WHERE id BETWEEN 7110901 AND 7111001
	Index Scan using sbtest1_pkey on sbtest1  (cost=0.43..386.27 rows=97 width=125)
	  Index Cond: ((id >= 7110901) AND (id <= 7111001))

table 2 : explain SELECT id, c FROM sbtest2 WHERE id BETWEEN 7110901 AND 7111001
	Index Scan using sbtest2_pkey on sbtest2  (cost=0.43..397.05 rows=100 width=125)
	  Index Cond: ((id >= 7110901) AND (id <= 7111001))

table 3 : explain SELECT id, c FROM sbtest3 WHERE id BETWEEN 7110901 AND 7111001
	Index Scan using sbtest3_pkey on sbtest3  (cost=0.43..405.90 rows=102 width=125)
	  Index Cond: ((id >= 7110901) AND (id <= 7111001))

table 4 : explain SELECT id, c FROM sbtest4 WHERE id BETWEEN 7110901 AND 7111001
	Index Scan using sbtest4_pkey on sbtest4  (cost=0.43..377.19 rows=95 width=125)
	  Index Cond: ((id >= 7110901) AND (id <= 7111001))

table 5 : explain SELECT id, c FROM sbtest5 WHERE id BETWEEN 7110901 AND 7111001
	Index Scan using sbtest5_pkey on sbtest5  (cost=0.43..381.49 rows=96 width=125)
	  Index Cond: ((id >= 7110901) AND (id <= 7111001))

table 6 : explain SELECT id, c FROM sbtest6 WHERE id BETWEEN 7110901 AND 7111001
	Index Scan using sbtest6_pkey on sbtest6  (cost=0.43..394.66 rows=99 width=125)
	  Index Cond: ((id >= 7110901) AND (id <= 7111001))

table 7 : explain SELECT id, c FROM sbtest7 WHERE id BETWEEN 7110901 AND 7111001
	Index Scan using sbtest7_pkey on sbtest7  (cost=0.43..428.17 rows=108 width=125)
	  Index Cond: ((id >= 7110901) AND (id <= 7111001))

table 8 : explain SELECT id, c FROM sbtest8 WHERE id BETWEEN 7110901 AND 7111001
	Index Scan using sbtest8_pkey on sbtest8  (cost=0.43..411.46 rows=104 width=125)
	  Index Cond: ((id >= 7110901) AND (id <= 7111001))

explain: for range-notcovered :: explain SELECT id, c FROM sbtest%d WHERE id BETWEEN 7110901 AND 7111001
explain: for range-notcovered :: explain SELECT id, c FROM sbtest%d WHERE id BETWEEN 6772412 AND 6772512
for range-notcovered
table 1 : explain SELECT id, c FROM sbtest1 WHERE id BETWEEN 6615801 AND 6615901
	Index Scan using sbtest1_pkey on sbtest1  (cost=0.43..358.70 rows=90 width=125)
	  Index Cond: ((id >= 6615801) AND (id <= 6615901))

table 2 : explain SELECT id, c FROM sbtest2 WHERE id BETWEEN 6615801 AND 6615901
	Index Scan using sbtest2_pkey on sbtest2  (cost=0.43..381.35 rows=96 width=125)
	  Index Cond: ((id >= 6615801) AND (id <= 6615901))

table 3 : explain SELECT id, c FROM sbtest3 WHERE id BETWEEN 6615801 AND 6615901
	Index Scan using sbtest3_pkey on sbtest3  (cost=0.43..409.83 rows=103 width=125)
	  Index Cond: ((id >= 6615801) AND (id <= 6615901))

table 4 : explain SELECT id, c FROM sbtest4 WHERE id BETWEEN 6615801 AND 6615901
	Index Scan using sbtest4_pkey on sbtest4  (cost=0.43..428.17 rows=108 width=125)
	  Index Cond: ((id >= 6615801) AND (id <= 6615901))

table 5 : explain SELECT id, c FROM sbtest5 WHERE id BETWEEN 6615801 AND 6615901
	Index Scan using sbtest5_pkey on sbtest5  (cost=0.43..416.83 rows=105 width=125)
	  Index Cond: ((id >= 6615801) AND (id <= 6615901))

table 6 : explain SELECT id, c FROM sbtest6 WHERE id BETWEEN 6615801 AND 6615901
	Index Scan using sbtest6_pkey on sbtest6  (cost=0.43..382.84 rows=96 width=125)
	  Index Cond: ((id >= 6615801) AND (id <= 6615901))

table 7 : explain SELECT id, c FROM sbtest7 WHERE id BETWEEN 6615801 AND 6615901
	Index Scan using sbtest7_pkey on sbtest7  (cost=0.43..400.72 rows=101 width=125)
	  Index Cond: ((id >= 6615801) AND (id <= 6615901))

table 8 : explain SELECT id, c FROM sbtest8 WHERE id BETWEEN 6615801 AND 6615901
	Index Scan using sbtest8_pkey on sbtest8  (cost=0.43..434.93 rows=110 width=125)
	  Index Cond: ((id >= 6615801) AND (id <= 6615901))

for range-notcovered
table 1 : explain SELECT id, c FROM sbtest1 WHERE id BETWEEN 3918497 AND 3918597
	Index Scan using sbtest1_pkey on sbtest1  (cost=0.43..382.33 rows=96 width=125)
	  Index Cond: ((id >= 3918497) AND (id <= 3918597))

table 2 : explain SELECT id, c FROM sbtest2 WHERE id BETWEEN 3918497 AND 3918597
	Index Scan using sbtest2_pkey on sbtest2  (cost=0.43..432.37 rows=109 width=125)
	  Index Cond: ((id >= 3918497) AND (id <= 3918597))

table 3 : explain SELECT id, c FROM sbtest3 WHERE id BETWEEN 3918497 AND 3918597
	Index Scan using sbtest3_pkey on sbtest3  (cost=0.43..413.77 rows=104 width=125)
	  Index Cond: ((id >= 3918497) AND (id <= 3918597))

table 4 : explain SELECT id, c FROM sbtest4 WHERE id BETWEEN 3918497 AND 3918597
	Index Scan using sbtest4_pkey on sbtest4  (cost=0.43..373.24 rows=94 width=125)
	  Index Cond: ((id >= 3918497) AND (id <= 3918597))

table 5 : explain SELECT id, c FROM sbtest5 WHERE id BETWEEN 3918497 AND 3918597
	Index Scan using sbtest5_pkey on sbtest5  (cost=0.43..436.46 rows=110 width=125)
	  Index Cond: ((id >= 3918497) AND (id <= 3918597))

table 6 : explain SELECT id, c FROM sbtest6 WHERE id BETWEEN 3918497 AND 3918597
	Index Scan using sbtest6_pkey on sbtest6  (cost=0.43..426.18 rows=107 width=125)
	  Index Cond: ((id >= 3918497) AND (id <= 3918597))

table 7 : explain SELECT id, c FROM sbtest7 WHERE id BETWEEN 3918497 AND 3918597
	Index Scan using sbtest7_pkey on sbtest7  (cost=0.43..388.95 rows=98 width=125)
	  Index Cond: ((id >= 3918497) AND (id <= 3918597))

table 8 : explain SELECT id, c FROM sbtest8 WHERE id BETWEEN 3918497 AND 3918597
	Index Scan using sbtest8_pkey on sbtest8  (cost=0.43..376.25 rows=95 width=125)
	  Index Cond: ((id >= 3918497) AND (id <= 3918597))

explain: for range-notcovered :: explain SELECT id, c FROM sbtest%d WHERE id BETWEEN 6615801 AND 6615901
for range-notcovered
table 1 : explain SELECT id, c FROM sbtest1 WHERE id BETWEEN 3225272 AND 3225372
	Index Scan using sbtest1_pkey on sbtest1  (cost=0.43..409.88 rows=103 width=125)
	  Index Cond: ((id >= 3225272) AND (id <= 3225372))

table 2 : explain SELECT id, c FROM sbtest2 WHERE id BETWEEN 3225272 AND 3225372
	Index Scan using sbtest2_pkey on sbtest2  (cost=0.43..397.05 rows=100 width=125)
	  Index Cond: ((id >= 3225272) AND (id <= 3225372))

table 3 : explain SELECT id, c FROM sbtest3 WHERE id BETWEEN 3225272 AND 3225372
	Index Scan using sbtest3_pkey on sbtest3  (cost=0.43..358.66 rows=90 width=125)
	  Index Cond: ((id >= 3225272) AND (id <= 3225372))

table 4 : explain SELECT id, c FROM sbtest4 WHERE id BETWEEN 3225272 AND 3225372
	Index Scan using sbtest4_pkey on sbtest4  (cost=0.43..396.79 rows=100 width=125)
	  Index Cond: ((id >= 3225272) AND (id <= 3225372))

table 5 : explain SELECT id, c FROM sbtest5 WHERE id BETWEEN 3225272 AND 3225372
	Index Scan using sbtest5_pkey on sbtest5  (cost=0.43..412.90 rows=104 width=125)
	  Index Cond: ((id >= 3225272) AND (id <= 3225372))

table 6 : explain SELECT id, c FROM sbtest6 WHERE id BETWEEN 3225272 AND 3225372
	Index Scan using sbtest6_pkey on sbtest6  (cost=0.43..398.60 rows=100 width=125)
	  Index Cond: ((id >= 3225272) AND (id <= 3225372))

table 7 : explain SELECT id, c FROM sbtest7 WHERE id BETWEEN 3225272 AND 3225372
	Index Scan using sbtest7_pkey on sbtest7  (cost=0.43..381.08 rows=96 width=125)
	  Index Cond: ((id >= 3225272) AND (id <= 3225372))

table 8 : explain SELECT id, c FROM sbtest8 WHERE id BETWEEN 3225272 AND 3225372
	Index Scan using sbtest8_pkey on sbtest8  (cost=0.43..407.55 rows=103 width=125)
	  Index Cond: ((id >= 3225272) AND (id <= 3225372))

for range-notcovered
table 1 : explain SELECT id, c FROM sbtest1 WHERE id BETWEEN 7110901 AND 7111001
	Index Scan using sbtest1_pkey on sbtest1  (cost=0.43..386.27 rows=97 width=125)
	  Index Cond: ((id >= 7110901) AND (id <= 7111001))

table 2 : explain SELECT id, c FROM sbtest2 WHERE id BETWEEN 7110901 AND 7111001
	Index Scan using sbtest2_pkey on sbtest2  (cost=0.43..397.05 rows=100 width=125)
	  Index Cond: ((id >= 7110901) AND (id <= 7111001))

table 3 : explain SELECT id, c FROM sbtest3 WHERE id BETWEEN 7110901 AND 7111001
	Index Scan using sbtest3_pkey on sbtest3  (cost=0.43..405.90 rows=102 width=125)
	  Index Cond: ((id >= 7110901) AND (id <= 7111001))

table 4 : explain SELECT id, c FROM sbtest4 WHERE id BETWEEN 7110901 AND 7111001
	Index Scan using sbtest4_pkey on sbtest4  (cost=0.43..377.19 rows=95 width=125)
	  Index Cond: ((id >= 7110901) AND (id <= 7111001))

table 5 : explain SELECT id, c FROM sbtest5 WHERE id BETWEEN 7110901 AND 7111001
	Index Scan using sbtest5_pkey on sbtest5  (cost=0.43..381.49 rows=96 width=125)
	  Index Cond: ((id >= 7110901) AND (id <= 7111001))

table 6 : explain SELECT id, c FROM sbtest6 WHERE id BETWEEN 7110901 AND 7111001
	Index Scan using sbtest6_pkey on sbtest6  (cost=0.43..394.66 rows=99 width=125)
	  Index Cond: ((id >= 7110901) AND (id <= 7111001))

table 7 : explain SELECT id, c FROM sbtest7 WHERE id BETWEEN 7110901 AND 7111001
	Index Scan using sbtest7_pkey on sbtest7  (cost=0.43..428.17 rows=108 width=125)
	  Index Cond: ((id >= 7110901) AND (id <= 7111001))

table 8 : explain SELECT id, c FROM sbtest8 WHERE id BETWEEN 7110901 AND 7111001
	Index Scan using sbtest8_pkey on sbtest8  (cost=0.43..411.46 rows=104 width=125)
	  Index Cond: ((id >= 7110901) AND (id <= 7111001))

explain: for range-notcovered :: explain SELECT id, c FROM sbtest%d WHERE id BETWEEN 7110901 AND 7111001
for range-notcovered
table 1 : explain SELECT id, c FROM sbtest1 WHERE id BETWEEN 1263862 AND 1263962
	Index Scan using sbtest1_pkey on sbtest1  (cost=0.43..394.14 rows=99 width=125)
	  Index Cond: ((id >= 1263862) AND (id <= 1263962))

table 2 : explain SELECT id, c FROM sbtest2 WHERE id BETWEEN 1263862 AND 1263962
	Index Scan using sbtest2_pkey on sbtest2  (cost=0.43..416.67 rows=105 width=125)
	  Index Cond: ((id >= 1263862) AND (id <= 1263962))

table 3 : explain SELECT id, c FROM sbtest3 WHERE id BETWEEN 1263862 AND 1263962
	Index Scan using sbtest3_pkey on sbtest3  (cost=0.43..374.40 rows=94 width=125)
	  Index Cond: ((id >= 1263862) AND (id <= 1263962))

table 4 : explain SELECT id, c FROM sbtest4 WHERE id BETWEEN 1263862 AND 1263962
	Index Scan using sbtest4_pkey on sbtest4  (cost=0.43..373.26 rows=94 width=125)
	  Index Cond: ((id >= 1263862) AND (id <= 1263962))

table 5 : explain SELECT id, c FROM sbtest5 WHERE id BETWEEN 1263862 AND 1263962
	Index Scan using sbtest5_pkey on sbtest5  (cost=0.43..401.12 rows=101 width=125)
	  Index Cond: ((id >= 1263862) AND (id <= 1263962))

table 6 : explain SELECT id, c FROM sbtest6 WHERE id BETWEEN 1263862 AND 1263962
	Index Scan using sbtest6_pkey on sbtest6  (cost=0.43..406.48 rows=102 width=125)
	  Index Cond: ((id >= 1263862) AND (id <= 1263962))

table 7 : explain SELECT id, c FROM sbtest7 WHERE id BETWEEN 1263862 AND 1263962
	Index Scan using sbtest7_pkey on sbtest7  (cost=0.43..385.03 rows=97 width=125)
	  Index Cond: ((id >= 1263862) AND (id <= 1263962))

table 8 : explain SELECT id, c FROM sbtest8 WHERE id BETWEEN 1263862 AND 1263962
	Index Scan using sbtest8_pkey on sbtest8  (cost=0.43..403.64 rows=102 width=125)
	  Index Cond: ((id >= 1263862) AND (id <= 1263962))

for range-notcovered
table 1 : explain SELECT id, c FROM sbtest1 WHERE id BETWEEN 6615801 AND 6615901
	Index Scan using sbtest1_pkey on sbtest1  (cost=0.43..358.70 rows=90 width=125)
	  Index Cond: ((id >= 6615801) AND (id <= 6615901))

table 2 : explain SELECT id, c FROM sbtest2 WHERE id BETWEEN 6615801 AND 6615901
	Index Scan using sbtest2_pkey on sbtest2  (cost=0.43..381.35 rows=96 width=125)
	  Index Cond: ((id >= 6615801) AND (id <= 6615901))

table 3 : explain SELECT id, c FROM sbtest3 WHERE id BETWEEN 6615801 AND 6615901
	Index Scan using sbtest3_pkey on sbtest3  (cost=0.43..409.83 rows=103 width=125)
	  Index Cond: ((id >= 6615801) AND (id <= 6615901))

table 4 : explain SELECT id, c FROM sbtest4 WHERE id BETWEEN 6615801 AND 6615901
	Index Scan using sbtest4_pkey on sbtest4  (cost=0.43..428.17 rows=108 width=125)
	  Index Cond: ((id >= 6615801) AND (id <= 6615901))

table 5 : explain SELECT id, c FROM sbtest5 WHERE id BETWEEN 6615801 AND 6615901
	Index Scan using sbtest5_pkey on sbtest5  (cost=0.43..416.83 rows=105 width=125)
	  Index Cond: ((id >= 6615801) AND (id <= 6615901))

table 6 : explain SELECT id, c FROM sbtest6 WHERE id BETWEEN 6615801 AND 6615901
	Index Scan using sbtest6_pkey on sbtest6  (cost=0.43..382.84 rows=96 width=125)
	  Index Cond: ((id >= 6615801) AND (id <= 6615901))

table 7 : explain SELECT id, c FROM sbtest7 WHERE id BETWEEN 6615801 AND 6615901
	Index Scan using sbtest7_pkey on sbtest7  (cost=0.43..400.72 rows=101 width=125)
	  Index Cond: ((id >= 6615801) AND (id <= 6615901))

table 8 : explain SELECT id, c FROM sbtest8 WHERE id BETWEEN 6615801 AND 6615901
	Index Scan using sbtest8_pkey on sbtest8  (cost=0.43..434.93 rows=110 width=125)
	  Index Cond: ((id >= 6615801) AND (id <= 6615901))

explain: for range-notcovered :: explain SELECT id, c FROM sbtest%d WHERE id BETWEEN 1263862 AND 1263962
explain: for range-notcovered :: explain SELECT id, c FROM sbtest%d WHERE id BETWEEN 6615801 AND 6615901
for range-notcovered
table 1 : explain SELECT id, c FROM sbtest1 WHERE id BETWEEN 7110901 AND 7111001
	Index Scan using sbtest1_pkey on sbtest1  (cost=0.43..386.27 rows=97 width=125)
	  Index Cond: ((id >= 7110901) AND (id <= 7111001))

table 2 : explain SELECT id, c FROM sbtest2 WHERE id BETWEEN 7110901 AND 7111001
	Index Scan using sbtest2_pkey on sbtest2  (cost=0.43..397.05 rows=100 width=125)
	  Index Cond: ((id >= 7110901) AND (id <= 7111001))

table 3 : explain SELECT id, c FROM sbtest3 WHERE id BETWEEN 7110901 AND 7111001
	Index Scan using sbtest3_pkey on sbtest3  (cost=0.43..405.90 rows=102 width=125)
	  Index Cond: ((id >= 7110901) AND (id <= 7111001))

table 4 : explain SELECT id, c FROM sbtest4 WHERE id BETWEEN 7110901 AND 7111001
	Index Scan using sbtest4_pkey on sbtest4  (cost=0.43..377.19 rows=95 width=125)
	  Index Cond: ((id >= 7110901) AND (id <= 7111001))

table 5 : explain SELECT id, c FROM sbtest5 WHERE id BETWEEN 7110901 AND 7111001
	Index Scan using sbtest5_pkey on sbtest5  (cost=0.43..381.49 rows=96 width=125)
	  Index Cond: ((id >= 7110901) AND (id <= 7111001))

table 6 : explain SELECT id, c FROM sbtest6 WHERE id BETWEEN 7110901 AND 7111001
	Index Scan using sbtest6_pkey on sbtest6  (cost=0.43..394.66 rows=99 width=125)
	  Index Cond: ((id >= 7110901) AND (id <= 7111001))

table 7 : explain SELECT id, c FROM sbtest7 WHERE id BETWEEN 7110901 AND 7111001
	Index Scan using sbtest7_pkey on sbtest7  (cost=0.43..428.17 rows=108 width=125)
	  Index Cond: ((id >= 7110901) AND (id <= 7111001))

table 8 : explain SELECT id, c FROM sbtest8 WHERE id BETWEEN 7110901 AND 7111001
	Index Scan using sbtest8_pkey on sbtest8  (cost=0.43..411.46 rows=104 width=125)
	  Index Cond: ((id >= 7110901) AND (id <= 7111001))

explain: for range-notcovered :: explain SELECT id, c FROM sbtest%d WHERE id BETWEEN 7110901 AND 7111001
for range-notcovered
table 1 : explain SELECT id, c FROM sbtest1 WHERE id BETWEEN 6772412 AND 6772512
	Index Scan using sbtest1_pkey on sbtest1  (cost=0.43..358.70 rows=90 width=125)
	  Index Cond: ((id >= 6772412) AND (id <= 6772512))

table 2 : explain SELECT id, c FROM sbtest2 WHERE id BETWEEN 6772412 AND 6772512
	Index Scan using sbtest2_pkey on sbtest2  (cost=0.43..404.90 rows=102 width=125)
	  Index Cond: ((id >= 6772412) AND (id <= 6772512))

table 3 : explain SELECT id, c FROM sbtest3 WHERE id BETWEEN 6772412 AND 6772512
	Index Scan using sbtest3_pkey on sbtest3  (cost=0.43..401.96 rows=101 width=125)
	  Index Cond: ((id >= 6772412) AND (id <= 6772512))

table 4 : explain SELECT id, c FROM sbtest4 WHERE id BETWEEN 6772412 AND 6772512
	Index Scan using sbtest4_pkey on sbtest4  (cost=0.43..404.64 rows=102 width=125)
	  Index Cond: ((id >= 6772412) AND (id <= 6772512))

table 5 : explain SELECT id, c FROM sbtest5 WHERE id BETWEEN 6772412 AND 6772512
	Index Scan using sbtest5_pkey on sbtest5  (cost=0.43..401.12 rows=101 width=125)
	  Index Cond: ((id >= 6772412) AND (id <= 6772512))

table 6 : explain SELECT id, c FROM sbtest6 WHERE id BETWEEN 6772412 AND 6772512
	Index Scan using sbtest6_pkey on sbtest6  (cost=0.43..426.18 rows=107 width=125)
	  Index Cond: ((id >= 6772412) AND (id <= 6772512))

table 7 : explain SELECT id, c FROM sbtest7 WHERE id BETWEEN 6772412 AND 6772512
	Index Scan using sbtest7_pkey on sbtest7  (cost=0.43..412.48 rows=104 width=125)
	  Index Cond: ((id >= 6772412) AND (id <= 6772512))

table 8 : explain SELECT id, c FROM sbtest8 WHERE id BETWEEN 6772412 AND 6772512
	Index Scan using sbtest8_pkey on sbtest8  (cost=0.43..376.25 rows=95 width=125)
	  Index Cond: ((id >= 6772412) AND (id <= 6772512))

explain: for range-notcovered :: explain SELECT id, c FROM sbtest%d WHERE id BETWEEN 2711831 AND 2711931
explain: for range-notcovered :: explain SELECT id, c FROM sbtest%d WHERE id BETWEEN 6772412 AND 6772512
for range-notcovered
table 1 : explain SELECT id, c FROM sbtest1 WHERE id BETWEEN 6615801 AND 6615901
	Index Scan using sbtest1_pkey on sbtest1  (cost=0.43..358.70 rows=90 width=125)
	  Index Cond: ((id >= 6615801) AND (id <= 6615901))

table 2 : explain SELECT id, c FROM sbtest2 WHERE id BETWEEN 6615801 AND 6615901
	Index Scan using sbtest2_pkey on sbtest2  (cost=0.43..381.35 rows=96 width=125)
	  Index Cond: ((id >= 6615801) AND (id <= 6615901))

table 3 : explain SELECT id, c FROM sbtest3 WHERE id BETWEEN 6615801 AND 6615901
	Index Scan using sbtest3_pkey on sbtest3  (cost=0.43..409.83 rows=103 width=125)
	  Index Cond: ((id >= 6615801) AND (id <= 6615901))

table 4 : explain SELECT id, c FROM sbtest4 WHERE id BETWEEN 6615801 AND 6615901
	Index Scan using sbtest4_pkey on sbtest4  (cost=0.43..428.17 rows=108 width=125)
	  Index Cond: ((id >= 6615801) AND (id <= 6615901))

table 5 : explain SELECT id, c FROM sbtest5 WHERE id BETWEEN 6615801 AND 6615901
	Index Scan using sbtest5_pkey on sbtest5  (cost=0.43..416.83 rows=105 width=125)
	  Index Cond: ((id >= 6615801) AND (id <= 6615901))

table 6 : explain SELECT id, c FROM sbtest6 WHERE id BETWEEN 6615801 AND 6615901
	Index Scan using sbtest6_pkey on sbtest6  (cost=0.43..382.84 rows=96 width=125)
	  Index Cond: ((id >= 6615801) AND (id <= 6615901))

table 7 : explain SELECT id, c FROM sbtest7 WHERE id BETWEEN 6615801 AND 6615901
	Index Scan using sbtest7_pkey on sbtest7  (cost=0.43..400.72 rows=101 width=125)
	  Index Cond: ((id >= 6615801) AND (id <= 6615901))

table 8 : explain SELECT id, c FROM sbtest8 WHERE id BETWEEN 6615801 AND 6615901
	Index Scan using sbtest8_pkey on sbtest8  (cost=0.43..434.93 rows=110 width=125)
	  Index Cond: ((id >= 6615801) AND (id <= 6615901))

explain: for range-notcovered :: explain SELECT id, c FROM sbtest%d WHERE id BETWEEN 6615801 AND 6615901
explain: for range-notcovered :: explain SELECT id, c FROM sbtest%d WHERE id BETWEEN 4777504 AND 4777604
for range-notcovered
table 1 : explain SELECT id, c FROM sbtest1 WHERE id BETWEEN 7110901 AND 7111001
	Index Scan using sbtest1_pkey on sbtest1  (cost=0.43..386.27 rows=97 width=125)
	  Index Cond: ((id >= 7110901) AND (id <= 7111001))

table 2 : explain SELECT id, c FROM sbtest2 WHERE id BETWEEN 7110901 AND 7111001
	Index Scan using sbtest2_pkey on sbtest2  (cost=0.43..397.05 rows=100 width=125)
	  Index Cond: ((id >= 7110901) AND (id <= 7111001))

table 3 : explain SELECT id, c FROM sbtest3 WHERE id BETWEEN 7110901 AND 7111001
	Index Scan using sbtest3_pkey on sbtest3  (cost=0.43..405.90 rows=102 width=125)
	  Index Cond: ((id >= 7110901) AND (id <= 7111001))

table 4 : explain SELECT id, c FROM sbtest4 WHERE id BETWEEN 7110901 AND 7111001
	Index Scan using sbtest4_pkey on sbtest4  (cost=0.43..377.19 rows=95 width=125)
	  Index Cond: ((id >= 7110901) AND (id <= 7111001))

table 5 : explain SELECT id, c FROM sbtest5 WHERE id BETWEEN 7110901 AND 7111001
	Index Scan using sbtest5_pkey on sbtest5  (cost=0.43..381.49 rows=96 width=125)
	  Index Cond: ((id >= 7110901) AND (id <= 7111001))

table 6 : explain SELECT id, c FROM sbtest6 WHERE id BETWEEN 7110901 AND 7111001
	Index Scan using sbtest6_pkey on sbtest6  (cost=0.43..394.66 rows=99 width=125)
	  Index Cond: ((id >= 7110901) AND (id <= 7111001))

table 7 : explain SELECT id, c FROM sbtest7 WHERE id BETWEEN 7110901 AND 7111001
	Index Scan using sbtest7_pkey on sbtest7  (cost=0.43..428.17 rows=108 width=125)
	  Index Cond: ((id >= 7110901) AND (id <= 7111001))

table 8 : explain SELECT id, c FROM sbtest8 WHERE id BETWEEN 7110901 AND 7111001
	Index Scan using sbtest8_pkey on sbtest8  (cost=0.43..411.46 rows=104 width=125)
	  Index Cond: ((id >= 7110901) AND (id <= 7111001))

for range-notcovered
table 1 : explain SELECT id, c FROM sbtest1 WHERE id BETWEEN 1263862 AND 1263962
	Index Scan using sbtest1_pkey on sbtest1  (cost=0.43..394.14 rows=99 width=125)
	  Index Cond: ((id >= 1263862) AND (id <= 1263962))

table 2 : explain SELECT id, c FROM sbtest2 WHERE id BETWEEN 1263862 AND 1263962
	Index Scan using sbtest2_pkey on sbtest2  (cost=0.43..416.67 rows=105 width=125)
	  Index Cond: ((id >= 1263862) AND (id <= 1263962))

table 3 : explain SELECT id, c FROM sbtest3 WHERE id BETWEEN 1263862 AND 1263962
	Index Scan using sbtest3_pkey on sbtest3  (cost=0.43..374.40 rows=94 width=125)
	  Index Cond: ((id >= 1263862) AND (id <= 1263962))

table 4 : explain SELECT id, c FROM sbtest4 WHERE id BETWEEN 1263862 AND 1263962
	Index Scan using sbtest4_pkey on sbtest4  (cost=0.43..373.26 rows=94 width=125)
	  Index Cond: ((id >= 1263862) AND (id <= 1263962))

table 5 : explain SELECT id, c FROM sbtest5 WHERE id BETWEEN 1263862 AND 1263962
	Index Scan using sbtest5_pkey on sbtest5  (cost=0.43..401.12 rows=101 width=125)
	  Index Cond: ((id >= 1263862) AND (id <= 1263962))

table 6 : explain SELECT id, c FROM sbtest6 WHERE id BETWEEN 1263862 AND 1263962
	Index Scan using sbtest6_pkey on sbtest6  (cost=0.43..406.48 rows=102 width=125)
	  Index Cond: ((id >= 1263862) AND (id <= 1263962))

table 7 : explain SELECT id, c FROM sbtest7 WHERE id BETWEEN 1263862 AND 1263962
	Index Scan using sbtest7_pkey on sbtest7  (cost=0.43..385.03 rows=97 width=125)
	  Index Cond: ((id >= 1263862) AND (id <= 1263962))

table 8 : explain SELECT id, c FROM sbtest8 WHERE id BETWEEN 1263862 AND 1263962
	Index Scan using sbtest8_pkey on sbtest8  (cost=0.43..403.64 rows=102 width=125)
	  Index Cond: ((id >= 1263862) AND (id <= 1263962))

explain: for range-notcovered :: explain SELECT id, c FROM sbtest%d WHERE id BETWEEN 1263862 AND 1263962
for range-notcovered
table 1 : explain SELECT id, c FROM sbtest1 WHERE id BETWEEN 6730999 AND 6731099
	Index Scan using sbtest1_pkey on sbtest1  (cost=0.43..358.70 rows=90 width=125)
	  Index Cond: ((id >= 6730999) AND (id <= 6731099))

table 2 : explain SELECT id, c FROM sbtest2 WHERE id BETWEEN 6730999 AND 6731099
	Index Scan using sbtest2_pkey on sbtest2  (cost=0.43..404.90 rows=102 width=125)
	  Index Cond: ((id >= 6730999) AND (id <= 6731099))

table 3 : explain SELECT id, c FROM sbtest3 WHERE id BETWEEN 6730999 AND 6731099
	Index Scan using sbtest3_pkey on sbtest3  (cost=0.43..437.37 rows=110 width=125)
	  Index Cond: ((id >= 6730999) AND (id <= 6731099))

table 4 : explain SELECT id, c FROM sbtest4 WHERE id BETWEEN 6730999 AND 6731099
	Index Scan using sbtest4_pkey on sbtest4  (cost=0.43..404.64 rows=102 width=125)
	  Index Cond: ((id >= 6730999) AND (id <= 6731099))

table 5 : explain SELECT id, c FROM sbtest5 WHERE id BETWEEN 6730999 AND 6731099
	Index Scan using sbtest5_pkey on sbtest5  (cost=0.43..401.12 rows=101 width=125)
	  Index Cond: ((id >= 6730999) AND (id <= 6731099))

table 6 : explain SELECT id, c FROM sbtest6 WHERE id BETWEEN 6730999 AND 6731099
	Index Scan using sbtest6_pkey on sbtest6  (cost=0.43..426.18 rows=107 width=125)
	  Index Cond: ((id >= 6730999) AND (id <= 6731099))

table 7 : explain SELECT id, c FROM sbtest7 WHERE id BETWEEN 6730999 AND 6731099
	Index Scan using sbtest7_pkey on sbtest7  (cost=0.43..412.48 rows=104 width=125)
	  Index Cond: ((id >= 6730999) AND (id <= 6731099))

table 8 : explain SELECT id, c FROM sbtest8 WHERE id BETWEEN 6730999 AND 6731099
	Index Scan using sbtest8_pkey on sbtest8  (cost=0.43..376.25 rows=95 width=125)
	  Index Cond: ((id >= 6730999) AND (id <= 6731099))

explain: for range-notcovered :: explain SELECT id, c FROM sbtest%d WHERE id BETWEEN 6730999 AND 6731099
for range-notcovered
table 1 : explain SELECT id, c FROM sbtest1 WHERE id BETWEEN 6615801 AND 6615901
	Index Scan using sbtest1_pkey on sbtest1  (cost=0.43..358.70 rows=90 width=125)
	  Index Cond: ((id >= 6615801) AND (id <= 6615901))

table 2 : explain SELECT id, c FROM sbtest2 WHERE id BETWEEN 6615801 AND 6615901
	Index Scan using sbtest2_pkey on sbtest2  (cost=0.43..381.35 rows=96 width=125)
	  Index Cond: ((id >= 6615801) AND (id <= 6615901))

table 3 : explain SELECT id, c FROM sbtest3 WHERE id BETWEEN 6615801 AND 6615901
	Index Scan using sbtest3_pkey on sbtest3  (cost=0.43..409.83 rows=103 width=125)
	  Index Cond: ((id >= 6615801) AND (id <= 6615901))

table 4 : explain SELECT id, c FROM sbtest4 WHERE id BETWEEN 6615801 AND 6615901
	Index Scan using sbtest4_pkey on sbtest4  (cost=0.43..428.17 rows=108 width=125)
	  Index Cond: ((id >= 6615801) AND (id <= 6615901))

table 5 : explain SELECT id, c FROM sbtest5 WHERE id BETWEEN 6615801 AND 6615901
	Index Scan using sbtest5_pkey on sbtest5  (cost=0.43..416.83 rows=105 width=125)
	  Index Cond: ((id >= 6615801) AND (id <= 6615901))

table 6 : explain SELECT id, c FROM sbtest6 WHERE id BETWEEN 6615801 AND 6615901
	Index Scan using sbtest6_pkey on sbtest6  (cost=0.43..382.84 rows=96 width=125)
	  Index Cond: ((id >= 6615801) AND (id <= 6615901))

table 7 : explain SELECT id, c FROM sbtest7 WHERE id BETWEEN 6615801 AND 6615901
	Index Scan using sbtest7_pkey on sbtest7  (cost=0.43..400.72 rows=101 width=125)
	  Index Cond: ((id >= 6615801) AND (id <= 6615901))

table 8 : explain SELECT id, c FROM sbtest8 WHERE id BETWEEN 6615801 AND 6615901
	Index Scan using sbtest8_pkey on sbtest8  (cost=0.43..434.93 rows=110 width=125)
	  Index Cond: ((id >= 6615801) AND (id <= 6615901))

explain: for range-notcovered :: explain SELECT id, c FROM sbtest%d WHERE id BETWEEN 6615801 AND 6615901
for range-notcovered
table 1 : explain SELECT id, c FROM sbtest1 WHERE id BETWEEN 6772412 AND 6772512
	Index Scan using sbtest1_pkey on sbtest1  (cost=0.43..358.70 rows=90 width=125)
	  Index Cond: ((id >= 6772412) AND (id <= 6772512))

table 2 : explain SELECT id, c FROM sbtest2 WHERE id BETWEEN 6772412 AND 6772512
	Index Scan using sbtest2_pkey on sbtest2  (cost=0.43..404.90 rows=102 width=125)
	  Index Cond: ((id >= 6772412) AND (id <= 6772512))

table 3 : explain SELECT id, c FROM sbtest3 WHERE id BETWEEN 6772412 AND 6772512
	Index Scan using sbtest3_pkey on sbtest3  (cost=0.43..401.96 rows=101 width=125)
	  Index Cond: ((id >= 6772412) AND (id <= 6772512))

table 4 : explain SELECT id, c FROM sbtest4 WHERE id BETWEEN 6772412 AND 6772512
	Index Scan using sbtest4_pkey on sbtest4  (cost=0.43..404.64 rows=102 width=125)
	  Index Cond: ((id >= 6772412) AND (id <= 6772512))

table 5 : explain SELECT id, c FROM sbtest5 WHERE id BETWEEN 6772412 AND 6772512
	Index Scan using sbtest5_pkey on sbtest5  (cost=0.43..401.12 rows=101 width=125)
	  Index Cond: ((id >= 6772412) AND (id <= 6772512))

table 6 : explain SELECT id, c FROM sbtest6 WHERE id BETWEEN 6772412 AND 6772512
	Index Scan using sbtest6_pkey on sbtest6  (cost=0.43..426.18 rows=107 width=125)
	  Index Cond: ((id >= 6772412) AND (id <= 6772512))

table 7 : explain SELECT id, c FROM sbtest7 WHERE id BETWEEN 6772412 AND 6772512
	Index Scan using sbtest7_pkey on sbtest7  (cost=0.43..412.48 rows=104 width=125)
	  Index Cond: ((id >= 6772412) AND (id <= 6772512))

table 8 : explain SELECT id, c FROM sbtest8 WHERE id BETWEEN 6772412 AND 6772512
	Index Scan using sbtest8_pkey on sbtest8  (cost=0.43..376.25 rows=95 width=125)
	  Index Cond: ((id >= 6772412) AND (id <= 6772512))

explain: for range-notcovered :: explain SELECT id, c FROM sbtest%d WHERE id BETWEEN 6772412 AND 6772512
for range-notcovered
table 1 : explain SELECT id, c FROM sbtest1 WHERE id BETWEEN 4343467 AND 4343567
	Index Scan using sbtest1_pkey on sbtest1  (cost=0.43..402.01 rows=101 width=125)
	  Index Cond: ((id >= 4343467) AND (id <= 4343567))

table 2 : explain SELECT id, c FROM sbtest2 WHERE id BETWEEN 4343467 AND 4343567
	Index Scan using sbtest2_pkey on sbtest2  (cost=0.43..349.93 rows=88 width=125)
	  Index Cond: ((id >= 4343467) AND (id <= 4343567))

table 3 : explain SELECT id, c FROM sbtest3 WHERE id BETWEEN 4343467 AND 4343567
	Index Scan using sbtest3_pkey on sbtest3  (cost=0.43..405.90 rows=102 width=125)
	  Index Cond: ((id >= 4343467) AND (id <= 4343567))

table 4 : explain SELECT id, c FROM sbtest4 WHERE id BETWEEN 4343467 AND 4343567
	Index Scan using sbtest4_pkey on sbtest4  (cost=0.43..424.25 rows=107 width=125)
	  Index Cond: ((id >= 4343467) AND (id <= 4343567))

table 5 : explain SELECT id, c FROM sbtest5 WHERE id BETWEEN 4343467 AND 4343567
	Index Scan using sbtest5_pkey on sbtest5  (cost=0.43..401.12 rows=101 width=125)
	  Index Cond: ((id >= 4343467) AND (id <= 4343567))

table 6 : explain SELECT id, c FROM sbtest6 WHERE id BETWEEN 4343467 AND 4343567
	Index Scan using sbtest6_pkey on sbtest6  (cost=0.43..374.93 rows=94 width=125)
	  Index Cond: ((id >= 4343467) AND (id <= 4343567))

table 7 : explain SELECT id, c FROM sbtest7 WHERE id BETWEEN 4343467 AND 4343567
	Index Scan using sbtest7_pkey on sbtest7  (cost=0.43..424.25 rows=107 width=125)
	  Index Cond: ((id >= 4343467) AND (id <= 4343567))

table 8 : explain SELECT id, c FROM sbtest8 WHERE id BETWEEN 4343467 AND 4343567
	Index Scan using sbtest8_pkey on sbtest8  (cost=0.43..399.72 rows=101 width=125)
	  Index Cond: ((id >= 4343467) AND (id <= 4343567))

explain: for range-notcovered :: explain SELECT id, c FROM sbtest%d WHERE id BETWEEN 4343467 AND 4343567
for range-notcovered
table 1 : explain SELECT id, c FROM sbtest1 WHERE id BETWEEN 6615801 AND 6615901
	Index Scan using sbtest1_pkey on sbtest1  (cost=0.43..358.70 rows=90 width=125)
	  Index Cond: ((id >= 6615801) AND (id <= 6615901))

table 2 : explain SELECT id, c FROM sbtest2 WHERE id BETWEEN 6615801 AND 6615901
	Index Scan using sbtest2_pkey on sbtest2  (cost=0.43..381.35 rows=96 width=125)
	  Index Cond: ((id >= 6615801) AND (id <= 6615901))

table 3 : explain SELECT id, c FROM sbtest3 WHERE id BETWEEN 6615801 AND 6615901
	Index Scan using sbtest3_pkey on sbtest3  (cost=0.43..409.83 rows=103 width=125)
	  Index Cond: ((id >= 6615801) AND (id <= 6615901))

table 4 : explain SELECT id, c FROM sbtest4 WHERE id BETWEEN 6615801 AND 6615901
	Index Scan using sbtest4_pkey on sbtest4  (cost=0.43..428.17 rows=108 width=125)
	  Index Cond: ((id >= 6615801) AND (id <= 6615901))

table 5 : explain SELECT id, c FROM sbtest5 WHERE id BETWEEN 6615801 AND 6615901
	Index Scan using sbtest5_pkey on sbtest5  (cost=0.43..416.83 rows=105 width=125)
	  Index Cond: ((id >= 6615801) AND (id <= 6615901))

table 6 : explain SELECT id, c FROM sbtest6 WHERE id BETWEEN 6615801 AND 6615901
	Index Scan using sbtest6_pkey on sbtest6  (cost=0.43..382.84 rows=96 width=125)
	  Index Cond: ((id >= 6615801) AND (id <= 6615901))

table 7 : explain SELECT id, c FROM sbtest7 WHERE id BETWEEN 6615801 AND 6615901
	Index Scan using sbtest7_pkey on sbtest7  (cost=0.43..400.72 rows=101 width=125)
	  Index Cond: ((id >= 6615801) AND (id <= 6615901))

table 8 : explain SELECT id, c FROM sbtest8 WHERE id BETWEEN 6615801 AND 6615901
	Index Scan using sbtest8_pkey on sbtest8  (cost=0.43..434.93 rows=110 width=125)
	  Index Cond: ((id >= 6615801) AND (id <= 6615901))
for range-notcovered
table 1 : explain SELECT id, c FROM sbtest1 WHERE id BETWEEN 6730999 AND 6731099
	Index Scan using sbtest1_pkey on sbtest1  (cost=0.43..358.70 rows=90 width=125)
	  Index Cond: ((id >= 6730999) AND (id <= 6731099))

table 2 : explain SELECT id, c FROM sbtest2 WHERE id BETWEEN 6730999 AND 6731099
	Index Scan using sbtest2_pkey on sbtest2  (cost=0.43..404.90 rows=102 width=125)
	  Index Cond: ((id >= 6730999) AND (id <= 6731099))

table 3 : explain SELECT id, c FROM sbtest3 WHERE id BETWEEN 6730999 AND 6731099
	Index Scan using sbtest3_pkey on sbtest3  (cost=0.43..437.37 rows=110 width=125)
	  Index Cond: ((id >= 6730999) AND (id <= 6731099))

table 4 : explain SELECT id, c FROM sbtest4 WHERE id BETWEEN 6730999 AND 6731099
	Index Scan using sbtest4_pkey on sbtest4  (cost=0.43..404.64 rows=102 width=125)
	  Index Cond: ((id >= 6730999) AND (id <= 6731099))

table 5 : explain SELECT id, c FROM sbtest5 WHERE id BETWEEN 6730999 AND 6731099
	Index Scan using sbtest5_pkey on sbtest5  (cost=0.43..401.12 rows=101 width=125)
	  Index Cond: ((id >= 6730999) AND (id <= 6731099))

table 6 : explain SELECT id, c FROM sbtest6 WHERE id BETWEEN 6730999 AND 6731099
	Index Scan using sbtest6_pkey on sbtest6  (cost=0.43..426.18 rows=107 width=125)
	  Index Cond: ((id >= 6730999) AND (id <= 6731099))

table 7 : explain SELECT id, c FROM sbtest7 WHERE id BETWEEN 6730999 AND 6731099
	Index Scan using sbtest7_pkey on sbtest7  (cost=0.43..412.48 rows=104 width=125)
	  Index Cond: ((id >= 6730999) AND (id <= 6731099))

table 8 : explain SELECT id, c FROM sbtest8 WHERE id BETWEEN 6730999 AND 6731099
	Index Scan using sbtest8_pkey on sbtest8  (cost=0.43..376.25 rows=95 width=125)
	  Index Cond: ((id >= 6730999) AND (id <= 6731099))


explain: for range-notcovered :: explain SELECT id, c FROM sbtest%d WHERE id BETWEEN 6730999 AND 6731099
explain: for range-notcovered :: explain SELECT id, c FROM sbtest%d WHERE id BETWEEN 6615801 AND 6615901
for range-notcovered
table 1 : explain SELECT id, c FROM sbtest1 WHERE id BETWEEN 1263862 AND 1263962
	Index Scan using sbtest1_pkey on sbtest1  (cost=0.43..394.14 rows=99 width=125)
	  Index Cond: ((id >= 1263862) AND (id <= 1263962))

table 2 : explain SELECT id, c FROM sbtest2 WHERE id BETWEEN 1263862 AND 1263962
	Index Scan using sbtest2_pkey on sbtest2  (cost=0.43..416.67 rows=105 width=125)
	  Index Cond: ((id >= 1263862) AND (id <= 1263962))

table 3 : explain SELECT id, c FROM sbtest3 WHERE id BETWEEN 1263862 AND 1263962
	Index Scan using sbtest3_pkey on sbtest3  (cost=0.43..374.40 rows=94 width=125)
	  Index Cond: ((id >= 1263862) AND (id <= 1263962))

table 4 : explain SELECT id, c FROM sbtest4 WHERE id BETWEEN 1263862 AND 1263962
	Index Scan using sbtest4_pkey on sbtest4  (cost=0.43..373.26 rows=94 width=125)
	  Index Cond: ((id >= 1263862) AND (id <= 1263962))

table 5 : explain SELECT id, c FROM sbtest5 WHERE id BETWEEN 1263862 AND 1263962
	Index Scan using sbtest5_pkey on sbtest5  (cost=0.43..401.12 rows=101 width=125)
	  Index Cond: ((id >= 1263862) AND (id <= 1263962))

table 6 : explain SELECT id, c FROM sbtest6 WHERE id BETWEEN 1263862 AND 1263962
	Index Scan using sbtest6_pkey on sbtest6  (cost=0.43..406.48 rows=102 width=125)
	  Index Cond: ((id >= 1263862) AND (id <= 1263962))

table 7 : explain SELECT id, c FROM sbtest7 WHERE id BETWEEN 1263862 AND 1263962
	Index Scan using sbtest7_pkey on sbtest7  (cost=0.43..385.03 rows=97 width=125)
	  Index Cond: ((id >= 1263862) AND (id <= 1263962))

table 8 : explain SELECT id, c FROM sbtest8 WHERE id BETWEEN 1263862 AND 1263962
	Index Scan using sbtest8_pkey on sbtest8  (cost=0.43..403.64 rows=102 width=125)
	  Index Cond: ((id >= 1263862) AND (id <= 1263962))

for range-notcovered
table 1 : explain SELECT id, c FROM sbtest1 WHERE id BETWEEN 4343467 AND 4343567
	Index Scan using sbtest1_pkey on sbtest1  (cost=0.43..402.01 rows=101 width=125)
	  Index Cond: ((id >= 4343467) AND (id <= 4343567))

table 2 : explain SELECT id, c FROM sbtest2 WHERE id BETWEEN 4343467 AND 4343567
	Index Scan using sbtest2_pkey on sbtest2  (cost=0.43..349.93 rows=88 width=125)
	  Index Cond: ((id >= 4343467) AND (id <= 4343567))

table 3 : explain SELECT id, c FROM sbtest3 WHERE id BETWEEN 4343467 AND 4343567
	Index Scan using sbtest3_pkey on sbtest3  (cost=0.43..405.90 rows=102 width=125)
	  Index Cond: ((id >= 4343467) AND (id <= 4343567))

table 4 : explain SELECT id, c FROM sbtest4 WHERE id BETWEEN 4343467 AND 4343567
	Index Scan using sbtest4_pkey on sbtest4  (cost=0.43..424.25 rows=107 width=125)
	  Index Cond: ((id >= 4343467) AND (id <= 4343567))

table 5 : explain SELECT id, c FROM sbtest5 WHERE id BETWEEN 4343467 AND 4343567
	Index Scan using sbtest5_pkey on sbtest5  (cost=0.43..401.12 rows=101 width=125)
	  Index Cond: ((id >= 4343467) AND (id <= 4343567))

table 6 : explain SELECT id, c FROM sbtest6 WHERE id BETWEEN 4343467 AND 4343567
	Index Scan using sbtest6_pkey on sbtest6  (cost=0.43..374.93 rows=94 width=125)
	  Index Cond: ((id >= 4343467) AND (id <= 4343567))

table 7 : explain SELECT id, c FROM sbtest7 WHERE id BETWEEN 4343467 AND 4343567
	Index Scan using sbtest7_pkey on sbtest7  (cost=0.43..424.25 rows=107 width=125)
	  Index Cond: ((id >= 4343467) AND (id <= 4343567))

table 8 : explain SELECT id, c FROM sbtest8 WHERE id BETWEEN 4343467 AND 4343567
	Index Scan using sbtest8_pkey on sbtest8  (cost=0.43..399.72 rows=101 width=125)
	  Index Cond: ((id >= 4343467) AND (id <= 4343567))

explain: for range-notcovered :: explain SELECT id, c FROM sbtest%d WHERE id BETWEEN 4343467 AND 4343567for range-notcovered
table 1 : explain SELECT id, c FROM sbtest1 WHERE id BETWEEN 6730999 AND 6731099
	Index Scan using sbtest1_pkey on sbtest1  (cost=0.43..358.70 rows=90 width=125)
	  Index Cond: ((id >= 6730999) AND (id <= 6731099))

table 2 : explain SELECT id, c FROM sbtest2 WHERE id BETWEEN 6730999 AND 6731099
	Index Scan using sbtest2_pkey on sbtest2  (cost=0.43..404.90 rows=102 width=125)
	  Index Cond: ((id >= 6730999) AND (id <= 6731099))

table 3 : explain SELECT id, c FROM sbtest3 WHERE id BETWEEN 6730999 AND 6731099
	Index Scan using sbtest3_pkey on sbtest3  (cost=0.43..437.37 rows=110 width=125)
	  Index Cond: ((id >= 6730999) AND (id <= 6731099))

table 4 : explain SELECT id, c FROM sbtest4 WHERE id BETWEEN 6730999 AND 6731099
	Index Scan using sbtest4_pkey on sbtest4  (cost=0.43..404.64 rows=102 width=125)
	  Index Cond: ((id >= 6730999) AND (id <= 6731099))

table 5 : explain SELECT id, c FROM sbtest5 WHERE id BETWEEN 6730999 AND 6731099
	Index Scan using sbtest5_pkey on sbtest5  (cost=0.43..401.12 rows=101 width=125)
	  Index Cond: ((id >= 6730999) AND (id <= 6731099))

table 6 : explain SELECT id, c FROM sbtest6 WHERE id BETWEEN 6730999 AND 6731099
	Index Scan using sbtest6_pkey on sbtest6  (cost=0.43..426.18 rows=107 width=125)
	  Index Cond: ((id >= 6730999) AND (id <= 6731099))

table 7 : explain SELECT id, c FROM sbtest7 WHERE id BETWEEN 6730999 AND 6731099
	Index Scan using sbtest7_pkey on sbtest7  (cost=0.43..412.48 rows=104 width=125)
	  Index Cond: ((id >= 6730999) AND (id <= 6731099))

table 8 : explain SELECT id, c FROM sbtest8 WHERE id BETWEEN 6730999 AND 6731099
	Index Scan using sbtest8_pkey on sbtest8  (cost=0.43..376.25 rows=95 width=125)
	  Index Cond: ((id >= 6730999) AND (id <= 6731099))


for range-notcovered
table 1 : explain SELECT id, c FROM sbtest1 WHERE id BETWEEN 6615801 AND 6615901
	Index Scan using sbtest1_pkey on sbtest1  (cost=0.43..358.70 rows=90 width=125)
	  Index Cond: ((id >= 6615801) AND (id <= 6615901))

table 2 : explain SELECT id, c FROM sbtest2 WHERE id BETWEEN 6615801 AND 6615901
	Index Scan using sbtest2_pkey on sbtest2  (cost=0.43..381.35 rows=96 width=125)
	  Index Cond: ((id >= 6615801) AND (id <= 6615901))

table 3 : explain SELECT id, c FROM sbtest3 WHERE id BETWEEN 6615801 AND 6615901
	Index Scan using sbtest3_pkey on sbtest3  (cost=0.43..409.83 rows=103 width=125)
	  Index Cond: ((id >= 6615801) AND (id <= 6615901))

table 4 : explain SELECT id, c FROM sbtest4 WHERE id BETWEEN 6615801 AND 6615901
	Index Scan using sbtest4_pkey on sbtest4  (cost=0.43..428.17 rows=108 width=125)
	  Index Cond: ((id >= 6615801) AND (id <= 6615901))

table 5 : explain SELECT id, c FROM sbtest5 WHERE id BETWEEN 6615801 AND 6615901
	Index Scan using sbtest5_pkey on sbtest5  (cost=0.43..416.83 rows=105 width=125)
	  Index Cond: ((id >= 6615801) AND (id <= 6615901))

table 6 : explain SELECT id, c FROM sbtest6 WHERE id BETWEEN 6615801 AND 6615901
	Index Scan using sbtest6_pkey on sbtest6  (cost=0.43..382.84 rows=96 width=125)
	  Index Cond: ((id >= 6615801) AND (id <= 6615901))

table 7 : explain SELECT id, c FROM sbtest7 WHERE id BETWEEN 6615801 AND 6615901
	Index Scan using sbtest7_pkey on sbtest7  (cost=0.43..400.72 rows=101 width=125)
	  Index Cond: ((id >= 6615801) AND (id <= 6615901))

table 8 : explain SELECT id, c FROM sbtest8 WHERE id BETWEEN 6615801 AND 6615901
	Index Scan using sbtest8_pkey on sbtest8  (cost=0.43..434.93 rows=110 width=125)
	  Index Cond: ((id >= 6615801) AND (id <= 6615901))

explain: for range-notcovered :: explain SELECT id, c FROM sbtest%d WHERE id BETWEEN 6730999 AND 6731099
for range-notcovered
table 1 : explain SELECT id, c FROM sbtest1 WHERE id BETWEEN 6772412 AND 6772512
	Index Scan using sbtest1_pkey on sbtest1  (cost=0.43..358.70 rows=90 width=125)
	  Index Cond: ((id >= 6772412) AND (id <= 6772512))

table 2 : explain SELECT id, c FROM sbtest2 WHERE id BETWEEN 6772412 AND 6772512
	Index Scan using sbtest2_pkey on sbtest2  (cost=0.43..404.90 rows=102 width=125)
	  Index Cond: ((id >= 6772412) AND (id <= 6772512))

table 3 : explain SELECT id, c FROM sbtest3 WHERE id BETWEEN 6772412 AND 6772512
	Index Scan using sbtest3_pkey on sbtest3  (cost=0.43..401.96 rows=101 width=125)
	  Index Cond: ((id >= 6772412) AND (id <= 6772512))

table 4 : explain SELECT id, c FROM sbtest4 WHERE id BETWEEN 6772412 AND 6772512
	Index Scan using sbtest4_pkey on sbtest4  (cost=0.43..404.64 rows=102 width=125)
	  Index Cond: ((id >= 6772412) AND (id <= 6772512))

table 5 : explain SELECT id, c FROM sbtest5 WHERE id BETWEEN 6772412 AND 6772512
	Index Scan using sbtest5_pkey on sbtest5  (cost=0.43..401.12 rows=101 width=125)
	  Index Cond: ((id >= 6772412) AND (id <= 6772512))

table 6 : explain SELECT id, c FROM sbtest6 WHERE id BETWEEN 6772412 AND 6772512
	Index Scan using sbtest6_pkey on sbtest6  (cost=0.43..426.18 rows=107 width=125)
	  Index Cond: ((id >= 6772412) AND (id <= 6772512))

table 7 : explain SELECT id, c FROM sbtest7 WHERE id BETWEEN 6772412 AND 6772512
	Index Scan using sbtest7_pkey on sbtest7  (cost=0.43..412.48 rows=104 width=125)
	  Index Cond: ((id >= 6772412) AND (id <= 6772512))

table 8 : explain SELECT id, c FROM sbtest8 WHERE id BETWEEN 6772412 AND 6772512
	Index Scan using sbtest8_pkey on sbtest8  (cost=0.43..376.25 rows=95 width=125)
	  Index Cond: ((id >= 6772412) AND (id <= 6772512))

for range-notcovered
table 1 : explain SELECT id, c FROM sbtest1 WHERE id BETWEEN 2711831 AND 2711931
	Index Scan using sbtest1_pkey on sbtest1  (cost=0.43..405.94 rows=102 width=125)
	  Index Cond: ((id >= 2711831) AND (id <= 2711931))

table 2 : explain SELECT id, c FROM sbtest2 WHERE id BETWEEN 2711831 AND 2711931
	Index Scan using sbtest2_pkey on sbtest2  (cost=0.43..416.67 rows=105 width=125)
	  Index Cond: ((id >= 2711831) AND (id <= 2711931))

table 3 : explain SELECT id, c FROM sbtest3 WHERE id BETWEEN 2711831 AND 2711931
	Index Scan using sbtest3_pkey on sbtest3  (cost=0.43..394.09 rows=99 width=125)
	  Index Cond: ((id >= 2711831) AND (id <= 2711931))

table 4 : explain SELECT id, c FROM sbtest4 WHERE id BETWEEN 2711831 AND 2711931
	Index Scan using sbtest4_pkey on sbtest4  (cost=0.43..396.79 rows=100 width=125)
	  Index Cond: ((id >= 2711831) AND (id <= 2711931))

table 5 : explain SELECT id, c FROM sbtest5 WHERE id BETWEEN 2711831 AND 2711931
	Index Scan using sbtest5_pkey on sbtest5  (cost=0.43..393.27 rows=99 width=125)
	  Index Cond: ((id >= 2711831) AND (id <= 2711931))

table 6 : explain SELECT id, c FROM sbtest6 WHERE id BETWEEN 2711831 AND 2711931
	Index Scan using sbtest6_pkey on sbtest6  (cost=0.43..367.05 rows=92 width=125)
	  Index Cond: ((id >= 2711831) AND (id <= 2711931))

table 7 : explain SELECT id, c FROM sbtest7 WHERE id BETWEEN 2711831 AND 2711931
	Index Scan using sbtest7_pkey on sbtest7  (cost=0.43..365.40 rows=92 width=125)
	  Index Cond: ((id >= 2711831) AND (id <= 2711931))

table 8 : explain SELECT id, c FROM sbtest8 WHERE id BETWEEN 2711831 AND 2711931
	Index Scan using sbtest8_pkey on sbtest8  (cost=0.43..368.40 rows=93 width=125)
	  Index Cond: ((id >= 2711831) AND (id <= 2711931))

explain: for range-notcovered :: explain SELECT id, c FROM sbtest%d WHERE id BETWEEN 6772412 AND 6772512
explain: for range-notcovered :: explain SELECT id, c FROM sbtest%d WHERE id BETWEEN 2711831 AND 2711931
for range-notcovered
table 1 : explain SELECT id, c FROM sbtest1 WHERE id BETWEEN 4343467 AND 4343567
	Index Scan using sbtest1_pkey on sbtest1  (cost=0.43..402.01 rows=101 width=125)
	  Index Cond: ((id >= 4343467) AND (id <= 4343567))

table 2 : explain SELECT id, c FROM sbtest2 WHERE id BETWEEN 4343467 AND 4343567
	Index Scan using sbtest2_pkey on sbtest2  (cost=0.43..349.93 rows=88 width=125)
	  Index Cond: ((id >= 4343467) AND (id <= 4343567))

table 3 : explain SELECT id, c FROM sbtest3 WHERE id BETWEEN 4343467 AND 4343567
	Index Scan using sbtest3_pkey on sbtest3  (cost=0.43..405.90 rows=102 width=125)
	  Index Cond: ((id >= 4343467) AND (id <= 4343567))

table 4 : explain SELECT id, c FROM sbtest4 WHERE id BETWEEN 4343467 AND 4343567
	Index Scan using sbtest4_pkey on sbtest4  (cost=0.43..424.25 rows=107 width=125)
	  Index Cond: ((id >= 4343467) AND (id <= 4343567))

table 5 : explain SELECT id, c FROM sbtest5 WHERE id BETWEEN 4343467 AND 4343567
	Index Scan using sbtest5_pkey on sbtest5  (cost=0.43..401.12 rows=101 width=125)
	  Index Cond: ((id >= 4343467) AND (id <= 4343567))

table 6 : explain SELECT id, c FROM sbtest6 WHERE id BETWEEN 4343467 AND 4343567
	Index Scan using sbtest6_pkey on sbtest6  (cost=0.43..374.93 rows=94 width=125)
	  Index Cond: ((id >= 4343467) AND (id <= 4343567))

table 7 : explain SELECT id, c FROM sbtest7 WHERE id BETWEEN 4343467 AND 4343567
	Index Scan using sbtest7_pkey on sbtest7  (cost=0.43..424.25 rows=107 width=125)
	  Index Cond: ((id >= 4343467) AND (id <= 4343567))

table 8 : explain SELECT id, c FROM sbtest8 WHERE id BETWEEN 4343467 AND 4343567
	Index Scan using sbtest8_pkey on sbtest8  (cost=0.43..399.72 rows=101 width=125)
	  Index Cond: ((id >= 4343467) AND (id <= 4343567))

explain: for range-notcovered :: explain SELECT id, c FROM sbtest%d WHERE id BETWEEN 6947368 AND 6947468
for range-notcovered
table 1 : explain SELECT id, c FROM sbtest1 WHERE id BETWEEN 6730999 AND 6731099
	Index Scan using sbtest1_pkey on sbtest1  (cost=0.43..358.70 rows=90 width=125)
	  Index Cond: ((id >= 6730999) AND (id <= 6731099))

table 2 : explain SELECT id, c FROM sbtest2 WHERE id BETWEEN 6730999 AND 6731099
	Index Scan using sbtest2_pkey on sbtest2  (cost=0.43..404.90 rows=102 width=125)
	  Index Cond: ((id >= 6730999) AND (id <= 6731099))

table 3 : explain SELECT id, c FROM sbtest3 WHERE id BETWEEN 6730999 AND 6731099
	Index Scan using sbtest3_pkey on sbtest3  (cost=0.43..437.37 rows=110 width=125)
	  Index Cond: ((id >= 6730999) AND (id <= 6731099))

table 4 : explain SELECT id, c FROM sbtest4 WHERE id BETWEEN 6730999 AND 6731099
	Index Scan using sbtest4_pkey on sbtest4  (cost=0.43..404.64 rows=102 width=125)
	  Index Cond: ((id >= 6730999) AND (id <= 6731099))

table 5 : explain SELECT id, c FROM sbtest5 WHERE id BETWEEN 6730999 AND 6731099
	Index Scan using sbtest5_pkey on sbtest5  (cost=0.43..401.12 rows=101 width=125)
	  Index Cond: ((id >= 6730999) AND (id <= 6731099))

table 6 : explain SELECT id, c FROM sbtest6 WHERE id BETWEEN 6730999 AND 6731099
	Index Scan using sbtest6_pkey on sbtest6  (cost=0.43..426.18 rows=107 width=125)
	  Index Cond: ((id >= 6730999) AND (id <= 6731099))

table 7 : explain SELECT id, c FROM sbtest7 WHERE id BETWEEN 6730999 AND 6731099
	Index Scan using sbtest7_pkey on sbtest7  (cost=0.43..412.48 rows=104 width=125)
	  Index Cond: ((id >= 6730999) AND (id <= 6731099))

table 8 : explain SELECT id, c FROM sbtest8 WHERE id BETWEEN 6730999 AND 6731099
	Index Scan using sbtest8_pkey on sbtest8  (cost=0.43..376.25 rows=95 width=125)
	  Index Cond: ((id >= 6730999) AND (id <= 6731099))

explain: for range-notcovered :: explain SELECT id, c FROM sbtest%d WHERE id BETWEEN 4343467 AND 4343567
for range-notcovered
table 1 : explain SELECT id, c FROM sbtest1 WHERE id BETWEEN 4777504 AND 4777604
	Index Scan using sbtest1_pkey on sbtest1  (cost=0.43..394.14 rows=99 width=125)
	  Index Cond: ((id >= 4777504) AND (id <= 4777604))

table 2 : explain SELECT id, c FROM sbtest2 WHERE id BETWEEN 4777504 AND 4777604
	Index Scan using sbtest2_pkey on sbtest2  (cost=0.43..412.75 rows=104 width=125)
	  Index Cond: ((id >= 4777504) AND (id <= 4777604))

table 3 : explain SELECT id, c FROM sbtest3 WHERE id BETWEEN 4777504 AND 4777604
	Index Scan using sbtest3_pkey on sbtest3  (cost=0.43..354.73 rows=89 width=125)
	  Index Cond: ((id >= 4777504) AND (id <= 4777604))

table 4 : explain SELECT id, c FROM sbtest4 WHERE id BETWEEN 4777504 AND 4777604
	Index Scan using sbtest4_pkey on sbtest4  (cost=0.43..369.32 rows=93 width=125)
	  Index Cond: ((id >= 4777504) AND (id <= 4777604))

table 5 : explain SELECT id, c FROM sbtest5 WHERE id BETWEEN 4777504 AND 4777604
	Index Scan using sbtest5_pkey on sbtest5  (cost=0.43..405.05 rows=102 width=125)
	  Index Cond: ((id >= 4777504) AND (id <= 4777604))

table 6 : explain SELECT id, c FROM sbtest6 WHERE id BETWEEN 4777504 AND 4777604
	Index Scan using sbtest6_pkey on sbtest6  (cost=0.43..370.99 rows=93 width=125)
	  Index Cond: ((id >= 4777504) AND (id <= 4777604))

table 7 : explain SELECT id, c FROM sbtest7 WHERE id BETWEEN 4777504 AND 4777604
	Index Scan using sbtest7_pkey on sbtest7  (cost=0.43..400.72 rows=101 width=125)
	  Index Cond: ((id >= 4777504) AND (id <= 4777604))

table 8 : explain SELECT id, c FROM sbtest8 WHERE id BETWEEN 4777504 AND 4777604
	Index Scan using sbtest8_pkey on sbtest8  (cost=0.43..395.81 rows=100 width=125)
	  Index Cond: ((id >= 4777504) AND (id <= 4777604))

explain: for range-notcovered :: explain SELECT id, c FROM sbtest%d WHERE id BETWEEN 6730999 AND 6731099
explain: for range-notcovered :: explain SELECT id, c FROM sbtest%d WHERE id BETWEEN 3762680 AND 3762780
explain: for range-notcovered :: explain SELECT id, c FROM sbtest%d WHERE id BETWEEN 4777504 AND 4777604
for range-notcovered
table 1 : explain SELECT id, c FROM sbtest1 WHERE id BETWEEN 6772412 AND 6772512
	Index Scan using sbtest1_pkey on sbtest1  (cost=0.43..358.70 rows=90 width=125)
	  Index Cond: ((id >= 6772412) AND (id <= 6772512))

table 2 : explain SELECT id, c FROM sbtest2 WHERE id BETWEEN 6772412 AND 6772512
	Index Scan using sbtest2_pkey on sbtest2  (cost=0.43..404.90 rows=102 width=125)
	  Index Cond: ((id >= 6772412) AND (id <= 6772512))

table 3 : explain SELECT id, c FROM sbtest3 WHERE id BETWEEN 6772412 AND 6772512
	Index Scan using sbtest3_pkey on sbtest3  (cost=0.43..401.96 rows=101 width=125)
	  Index Cond: ((id >= 6772412) AND (id <= 6772512))

table 4 : explain SELECT id, c FROM sbtest4 WHERE id BETWEEN 6772412 AND 6772512
	Index Scan using sbtest4_pkey on sbtest4  (cost=0.43..404.64 rows=102 width=125)
	  Index Cond: ((id >= 6772412) AND (id <= 6772512))

table 5 : explain SELECT id, c FROM sbtest5 WHERE id BETWEEN 6772412 AND 6772512
	Index Scan using sbtest5_pkey on sbtest5  (cost=0.43..401.12 rows=101 width=125)
	  Index Cond: ((id >= 6772412) AND (id <= 6772512))

table 6 : explain SELECT id, c FROM sbtest6 WHERE id BETWEEN 6772412 AND 6772512
	Index Scan using sbtest6_pkey on sbtest6  (cost=0.43..426.18 rows=107 width=125)
	  Index Cond: ((id >= 6772412) AND (id <= 6772512))

table 7 : explain SELECT id, c FROM sbtest7 WHERE id BETWEEN 6772412 AND 6772512
	Index Scan using sbtest7_pkey on sbtest7  (cost=0.43..412.48 rows=104 width=125)
	  Index Cond: ((id >= 6772412) AND (id <= 6772512))

table 8 : explain SELECT id, c FROM sbtest8 WHERE id BETWEEN 6772412 AND 6772512
	Index Scan using sbtest8_pkey on sbtest8  (cost=0.43..376.25 rows=95 width=125)
	  Index Cond: ((id >= 6772412) AND (id <= 6772512))

explain: for range-notcovered :: explain SELECT id, c FROM sbtest%d WHERE id BETWEEN 6772412 AND 6772512
for range-notcovered
table 1 : explain SELECT id, c FROM sbtest1 WHERE id BETWEEN 2711831 AND 2711931
	Index Scan using sbtest1_pkey on sbtest1  (cost=0.43..405.94 rows=102 width=125)
	  Index Cond: ((id >= 2711831) AND (id <= 2711931))

table 2 : explain SELECT id, c FROM sbtest2 WHERE id BETWEEN 2711831 AND 2711931
	Index Scan using sbtest2_pkey on sbtest2  (cost=0.43..416.67 rows=105 width=125)
	  Index Cond: ((id >= 2711831) AND (id <= 2711931))

table 3 : explain SELECT id, c FROM sbtest3 WHERE id BETWEEN 2711831 AND 2711931
	Index Scan using sbtest3_pkey on sbtest3  (cost=0.43..394.09 rows=99 width=125)
	  Index Cond: ((id >= 2711831) AND (id <= 2711931))

table 4 : explain SELECT id, c FROM sbtest4 WHERE id BETWEEN 2711831 AND 2711931
	Index Scan using sbtest4_pkey on sbtest4  (cost=0.43..396.79 rows=100 width=125)
	  Index Cond: ((id >= 2711831) AND (id <= 2711931))

table 5 : explain SELECT id, c FROM sbtest5 WHERE id BETWEEN 2711831 AND 2711931
	Index Scan using sbtest5_pkey on sbtest5  (cost=0.43..393.27 rows=99 width=125)
	  Index Cond: ((id >= 2711831) AND (id <= 2711931))

table 6 : explain SELECT id, c FROM sbtest6 WHERE id BETWEEN 2711831 AND 2711931
	Index Scan using sbtest6_pkey on sbtest6  (cost=0.43..367.05 rows=92 width=125)
	  Index Cond: ((id >= 2711831) AND (id <= 2711931))

table 7 : explain SELECT id, c FROM sbtest7 WHERE id BETWEEN 2711831 AND 2711931
	Index Scan using sbtest7_pkey on sbtest7  (cost=0.43..365.40 rows=92 width=125)
	  Index Cond: ((id >= 2711831) AND (id <= 2711931))

table 8 : explain SELECT id, c FROM sbtest8 WHERE id BETWEEN 2711831 AND 2711931
	Index Scan using sbtest8_pkey on sbtest8  (cost=0.43..368.40 rows=93 width=125)
	  Index Cond: ((id >= 2711831) AND (id <= 2711931))

for range-notcovered
table 1 : explain SELECT id, c FROM sbtest1 WHERE id BETWEEN 4343467 AND 4343567
	Index Scan using sbtest1_pkey on sbtest1  (cost=0.43..402.01 rows=101 width=125)
	  Index Cond: ((id >= 4343467) AND (id <= 4343567))

table 2 : explain SELECT id, c FROM sbtest2 WHERE id BETWEEN 4343467 AND 4343567
	Index Scan using sbtest2_pkey on sbtest2  (cost=0.43..349.93 rows=88 width=125)
	  Index Cond: ((id >= 4343467) AND (id <= 4343567))

table 3 : explain SELECT id, c FROM sbtest3 WHERE id BETWEEN 4343467 AND 4343567
	Index Scan using sbtest3_pkey on sbtest3  (cost=0.43..405.90 rows=102 width=125)
	  Index Cond: ((id >= 4343467) AND (id <= 4343567))

table 4 : explain SELECT id, c FROM sbtest4 WHERE id BETWEEN 4343467 AND 4343567
	Index Scan using sbtest4_pkey on sbtest4  (cost=0.43..424.25 rows=107 width=125)
	  Index Cond: ((id >= 4343467) AND (id <= 4343567))

table 5 : explain SELECT id, c FROM sbtest5 WHERE id BETWEEN 4343467 AND 4343567
	Index Scan using sbtest5_pkey on sbtest5  (cost=0.43..401.12 rows=101 width=125)
	  Index Cond: ((id >= 4343467) AND (id <= 4343567))

table 6 : explain SELECT id, c FROM sbtest6 WHERE id BETWEEN 4343467 AND 4343567
	Index Scan using sbtest6_pkey on sbtest6  (cost=0.43..374.93 rows=94 width=125)
	  Index Cond: ((id >= 4343467) AND (id <= 4343567))

table 7 : explain SELECT id, c FROM sbtest7 WHERE id BETWEEN 4343467 AND 4343567
	Index Scan using sbtest7_pkey on sbtest7  (cost=0.43..424.25 rows=107 width=125)
	  Index Cond: ((id >= 4343467) AND (id <= 4343567))

table 8 : explain SELECT id, c FROM sbtest8 WHERE id BETWEEN 4343467 AND 4343567
	Index Scan using sbtest8_pkey on sbtest8  (cost=0.43..399.72 rows=101 width=125)
	  Index Cond: ((id >= 4343467) AND (id <= 4343567))

explain: for range-notcovered :: explain SELECT id, c FROM sbtest%d WHERE id BETWEEN 2711831 AND 2711931
for range-notcovered
table 1 : explain SELECT id, c FROM sbtest1 WHERE id BETWEEN 6730999 AND 6731099
	Index Scan using sbtest1_pkey on sbtest1  (cost=0.43..358.70 rows=90 width=125)
	  Index Cond: ((id >= 6730999) AND (id <= 6731099))

table 2 : explain SELECT id, c FROM sbtest2 WHERE id BETWEEN 6730999 AND 6731099
	Index Scan using sbtest2_pkey on sbtest2  (cost=0.43..404.90 rows=102 width=125)
	  Index Cond: ((id >= 6730999) AND (id <= 6731099))

table 3 : explain SELECT id, c FROM sbtest3 WHERE id BETWEEN 6730999 AND 6731099
	Index Scan using sbtest3_pkey on sbtest3  (cost=0.43..437.37 rows=110 width=125)
	  Index Cond: ((id >= 6730999) AND (id <= 6731099))

table 4 : explain SELECT id, c FROM sbtest4 WHERE id BETWEEN 6730999 AND 6731099
	Index Scan using sbtest4_pkey on sbtest4  (cost=0.43..404.64 rows=102 width=125)
	  Index Cond: ((id >= 6730999) AND (id <= 6731099))

table 5 : explain SELECT id, c FROM sbtest5 WHERE id BETWEEN 6730999 AND 6731099
	Index Scan using sbtest5_pkey on sbtest5  (cost=0.43..401.12 rows=101 width=125)
	  Index Cond: ((id >= 6730999) AND (id <= 6731099))

table 6 : explain SELECT id, c FROM sbtest6 WHERE id BETWEEN 6730999 AND 6731099
	Index Scan using sbtest6_pkey on sbtest6  (cost=0.43..426.18 rows=107 width=125)
	  Index Cond: ((id >= 6730999) AND (id <= 6731099))

table 7 : explain SELECT id, c FROM sbtest7 WHERE id BETWEEN 6730999 AND 6731099
	Index Scan using sbtest7_pkey on sbtest7  (cost=0.43..412.48 rows=104 width=125)
	  Index Cond: ((id >= 6730999) AND (id <= 6731099))

table 8 : explain SELECT id, c FROM sbtest8 WHERE id BETWEEN 6730999 AND 6731099
	Index Scan using sbtest8_pkey on sbtest8  (cost=0.43..376.25 rows=95 width=125)
	  Index Cond: ((id >= 6730999) AND (id <= 6731099))

explain: for range-notcovered :: explain SELECT id, c FROM sbtest%d WHERE id BETWEEN 4343467 AND 4343567
explain: for range-notcovered :: explain SELECT id, c FROM sbtest%d WHERE id BETWEEN 6730999 AND 6731099
for range-notcovered
table 1 : explain SELECT id, c FROM sbtest1 WHERE id BETWEEN 6772412 AND 6772512
	Index Scan using sbtest1_pkey on sbtest1  (cost=0.43..358.70 rows=90 width=125)
	  Index Cond: ((id >= 6772412) AND (id <= 6772512))

table 2 : explain SELECT id, c FROM sbtest2 WHERE id BETWEEN 6772412 AND 6772512
	Index Scan using sbtest2_pkey on sbtest2  (cost=0.43..404.90 rows=102 width=125)
	  Index Cond: ((id >= 6772412) AND (id <= 6772512))

table 3 : explain SELECT id, c FROM sbtest3 WHERE id BETWEEN 6772412 AND 6772512
	Index Scan using sbtest3_pkey on sbtest3  (cost=0.43..401.96 rows=101 width=125)
	  Index Cond: ((id >= 6772412) AND (id <= 6772512))

table 4 : explain SELECT id, c FROM sbtest4 WHERE id BETWEEN 6772412 AND 6772512
	Index Scan using sbtest4_pkey on sbtest4  (cost=0.43..404.64 rows=102 width=125)
	  Index Cond: ((id >= 6772412) AND (id <= 6772512))

table 5 : explain SELECT id, c FROM sbtest5 WHERE id BETWEEN 6772412 AND 6772512
	Index Scan using sbtest5_pkey on sbtest5  (cost=0.43..401.12 rows=101 width=125)
	  Index Cond: ((id >= 6772412) AND (id <= 6772512))

table 6 : explain SELECT id, c FROM sbtest6 WHERE id BETWEEN 6772412 AND 6772512
	Index Scan using sbtest6_pkey on sbtest6  (cost=0.43..426.18 rows=107 width=125)
	  Index Cond: ((id >= 6772412) AND (id <= 6772512))

table 7 : explain SELECT id, c FROM sbtest7 WHERE id BETWEEN 6772412 AND 6772512
	Index Scan using sbtest7_pkey on sbtest7  (cost=0.43..412.48 rows=104 width=125)
	  Index Cond: ((id >= 6772412) AND (id <= 6772512))

table 8 : explain SELECT id, c FROM sbtest8 WHERE id BETWEEN 6772412 AND 6772512
	Index Scan using sbtest8_pkey on sbtest8  (cost=0.43..376.25 rows=95 width=125)
	  Index Cond: ((id >= 6772412) AND (id <= 6772512))

explain: for range-notcovered :: explain SELECT id, c FROM sbtest%d WHERE id BETWEEN 6772412 AND 6772512
for range-notcovered
table 1 : explain SELECT id, c FROM sbtest1 WHERE id BETWEEN 2711831 AND 2711931
	Index Scan using sbtest1_pkey on sbtest1  (cost=0.43..405.94 rows=102 width=125)
	  Index Cond: ((id >= 2711831) AND (id <= 2711931))

table 2 : explain SELECT id, c FROM sbtest2 WHERE id BETWEEN 2711831 AND 2711931
	Index Scan using sbtest2_pkey on sbtest2  (cost=0.43..416.67 rows=105 width=125)
	  Index Cond: ((id >= 2711831) AND (id <= 2711931))

table 3 : explain SELECT id, c FROM sbtest3 WHERE id BETWEEN 2711831 AND 2711931
	Index Scan using sbtest3_pkey on sbtest3  (cost=0.43..394.09 rows=99 width=125)
	  Index Cond: ((id >= 2711831) AND (id <= 2711931))

table 4 : explain SELECT id, c FROM sbtest4 WHERE id BETWEEN 2711831 AND 2711931
	Index Scan using sbtest4_pkey on sbtest4  (cost=0.43..396.79 rows=100 width=125)
	  Index Cond: ((id >= 2711831) AND (id <= 2711931))

table 5 : explain SELECT id, c FROM sbtest5 WHERE id BETWEEN 2711831 AND 2711931
	Index Scan using sbtest5_pkey on sbtest5  (cost=0.43..393.27 rows=99 width=125)
	  Index Cond: ((id >= 2711831) AND (id <= 2711931))

table 6 : explain SELECT id, c FROM sbtest6 WHERE id BETWEEN 2711831 AND 2711931
	Index Scan using sbtest6_pkey on sbtest6  (cost=0.43..367.05 rows=92 width=125)
	  Index Cond: ((id >= 2711831) AND (id <= 2711931))

table 7 : explain SELECT id, c FROM sbtest7 WHERE id BETWEEN 2711831 AND 2711931
	Index Scan using sbtest7_pkey on sbtest7  (cost=0.43..365.40 rows=92 width=125)
	  Index Cond: ((id >= 2711831) AND (id <= 2711931))

table 8 : explain SELECT id, c FROM sbtest8 WHERE id BETWEEN 2711831 AND 2711931
	Index Scan using sbtest8_pkey on sbtest8  (cost=0.43..368.40 rows=93 width=125)
	  Index Cond: ((id >= 2711831) AND (id <= 2711931))

for range-notcovered
table 1 : explain SELECT id, c FROM sbtest1 WHERE id BETWEEN 4343467 AND 4343567
	Index Scan using sbtest1_pkey on sbtest1  (cost=0.43..402.01 rows=101 width=125)
	  Index Cond: ((id >= 4343467) AND (id <= 4343567))

table 2 : explain SELECT id, c FROM sbtest2 WHERE id BETWEEN 4343467 AND 4343567
	Index Scan using sbtest2_pkey on sbtest2  (cost=0.43..349.93 rows=88 width=125)
	  Index Cond: ((id >= 4343467) AND (id <= 4343567))

table 3 : explain SELECT id, c FROM sbtest3 WHERE id BETWEEN 4343467 AND 4343567
	Index Scan using sbtest3_pkey on sbtest3  (cost=0.43..405.90 rows=102 width=125)
	  Index Cond: ((id >= 4343467) AND (id <= 4343567))

table 4 : explain SELECT id, c FROM sbtest4 WHERE id BETWEEN 4343467 AND 4343567
	Index Scan using sbtest4_pkey on sbtest4  (cost=0.43..424.25 rows=107 width=125)
	  Index Cond: ((id >= 4343467) AND (id <= 4343567))

table 5 : explain SELECT id, c FROM sbtest5 WHERE id BETWEEN 4343467 AND 4343567
	Index Scan using sbtest5_pkey on sbtest5  (cost=0.43..401.12 rows=101 width=125)
	  Index Cond: ((id >= 4343467) AND (id <= 4343567))

table 6 : explain SELECT id, c FROM sbtest6 WHERE id BETWEEN 4343467 AND 4343567
	Index Scan using sbtest6_pkey on sbtest6  (cost=0.43..374.93 rows=94 width=125)
	  Index Cond: ((id >= 4343467) AND (id <= 4343567))

table 7 : explain SELECT id, c FROM sbtest7 WHERE id BETWEEN 4343467 AND 4343567
	Index Scan using sbtest7_pkey on sbtest7  (cost=0.43..424.25 rows=107 width=125)
	  Index Cond: ((id >= 4343467) AND (id <= 4343567))

table 8 : explain SELECT id, c FROM sbtest8 WHERE id BETWEEN 4343467 AND 4343567
	Index Scan using sbtest8_pkey on sbtest8  (cost=0.43..399.72 rows=101 width=125)
	  Index Cond: ((id >= 4343467) AND (id <= 4343567))

explain: for range-notcovered :: explain SELECT id, c FROM sbtest%d WHERE id BETWEEN 2711831 AND 2711931
for range-notcovered
table 1 : explain SELECT id, c FROM sbtest1 WHERE id BETWEEN 6730999 AND 6731099
	Index Scan using sbtest1_pkey on sbtest1  (cost=0.43..358.70 rows=90 width=125)
	  Index Cond: ((id >= 6730999) AND (id <= 6731099))

table 2 : explain SELECT id, c FROM sbtest2 WHERE id BETWEEN 6730999 AND 6731099
	Index Scan using sbtest2_pkey on sbtest2  (cost=0.43..404.90 rows=102 width=125)
	  Index Cond: ((id >= 6730999) AND (id <= 6731099))

table 3 : explain SELECT id, c FROM sbtest3 WHERE id BETWEEN 6730999 AND 6731099
	Index Scan using sbtest3_pkey on sbtest3  (cost=0.43..437.37 rows=110 width=125)
	  Index Cond: ((id >= 6730999) AND (id <= 6731099))

table 4 : explain SELECT id, c FROM sbtest4 WHERE id BETWEEN 6730999 AND 6731099
	Index Scan using sbtest4_pkey on sbtest4  (cost=0.43..404.64 rows=102 width=125)
	  Index Cond: ((id >= 6730999) AND (id <= 6731099))

table 5 : explain SELECT id, c FROM sbtest5 WHERE id BETWEEN 6730999 AND 6731099
	Index Scan using sbtest5_pkey on sbtest5  (cost=0.43..401.12 rows=101 width=125)
	  Index Cond: ((id >= 6730999) AND (id <= 6731099))

table 6 : explain SELECT id, c FROM sbtest6 WHERE id BETWEEN 6730999 AND 6731099
	Index Scan using sbtest6_pkey on sbtest6  (cost=0.43..426.18 rows=107 width=125)
	  Index Cond: ((id >= 6730999) AND (id <= 6731099))

table 7 : explain SELECT id, c FROM sbtest7 WHERE id BETWEEN 6730999 AND 6731099
	Index Scan using sbtest7_pkey on sbtest7  (cost=0.43..412.48 rows=104 width=125)
	  Index Cond: ((id >= 6730999) AND (id <= 6731099))

table 8 : explain SELECT id, c FROM sbtest8 WHERE id BETWEEN 6730999 AND 6731099
	Index Scan using sbtest8_pkey on sbtest8  (cost=0.43..376.25 rows=95 width=125)
	  Index Cond: ((id >= 6730999) AND (id <= 6731099))

explain: for range-notcovered :: explain SELECT id, c FROM sbtest%d WHERE id BETWEEN 4343467 AND 4343567
explain: for range-notcovered :: explain SELECT id, c FROM sbtest%d WHERE id BETWEEN 6730999 AND 6731099
for range-notcovered
table 1 : explain SELECT id, c FROM sbtest1 WHERE id BETWEEN 6772412 AND 6772512
	Index Scan using sbtest1_pkey on sbtest1  (cost=0.43..358.70 rows=90 width=125)
	  Index Cond: ((id >= 6772412) AND (id <= 6772512))

table 2 : explain SELECT id, c FROM sbtest2 WHERE id BETWEEN 6772412 AND 6772512
	Index Scan using sbtest2_pkey on sbtest2  (cost=0.43..404.90 rows=102 width=125)
	  Index Cond: ((id >= 6772412) AND (id <= 6772512))

table 3 : explain SELECT id, c FROM sbtest3 WHERE id BETWEEN 6772412 AND 6772512
	Index Scan using sbtest3_pkey on sbtest3  (cost=0.43..401.96 rows=101 width=125)
	  Index Cond: ((id >= 6772412) AND (id <= 6772512))

table 4 : explain SELECT id, c FROM sbtest4 WHERE id BETWEEN 6772412 AND 6772512
	Index Scan using sbtest4_pkey on sbtest4  (cost=0.43..404.64 rows=102 width=125)
	  Index Cond: ((id >= 6772412) AND (id <= 6772512))

table 5 : explain SELECT id, c FROM sbtest5 WHERE id BETWEEN 6772412 AND 6772512
	Index Scan using sbtest5_pkey on sbtest5  (cost=0.43..401.12 rows=101 width=125)
	  Index Cond: ((id >= 6772412) AND (id <= 6772512))

table 6 : explain SELECT id, c FROM sbtest6 WHERE id BETWEEN 6772412 AND 6772512
	Index Scan using sbtest6_pkey on sbtest6  (cost=0.43..426.18 rows=107 width=125)
	  Index Cond: ((id >= 6772412) AND (id <= 6772512))

table 7 : explain SELECT id, c FROM sbtest7 WHERE id BETWEEN 6772412 AND 6772512
	Index Scan using sbtest7_pkey on sbtest7  (cost=0.43..412.48 rows=104 width=125)
	  Index Cond: ((id >= 6772412) AND (id <= 6772512))

table 8 : explain SELECT id, c FROM sbtest8 WHERE id BETWEEN 6772412 AND 6772512
	Index Scan using sbtest8_pkey on sbtest8  (cost=0.43..376.25 rows=95 width=125)
	  Index Cond: ((id >= 6772412) AND (id <= 6772512))

explain: for range-notcovered :: explain SELECT id, c FROM sbtest%d WHERE id BETWEEN 6772412 AND 6772512
for range-notcovered
table 1 : explain SELECT id, c FROM sbtest1 WHERE id BETWEEN 2711831 AND 2711931
	Index Scan using sbtest1_pkey on sbtest1  (cost=0.43..405.94 rows=102 width=125)
	  Index Cond: ((id >= 2711831) AND (id <= 2711931))

table 2 : explain SELECT id, c FROM sbtest2 WHERE id BETWEEN 2711831 AND 2711931
	Index Scan using sbtest2_pkey on sbtest2  (cost=0.43..416.67 rows=105 width=125)
	  Index Cond: ((id >= 2711831) AND (id <= 2711931))

table 3 : explain SELECT id, c FROM sbtest3 WHERE id BETWEEN 2711831 AND 2711931
	Index Scan using sbtest3_pkey on sbtest3  (cost=0.43..394.09 rows=99 width=125)
	  Index Cond: ((id >= 2711831) AND (id <= 2711931))

table 4 : explain SELECT id, c FROM sbtest4 WHERE id BETWEEN 2711831 AND 2711931
	Index Scan using sbtest4_pkey on sbtest4  (cost=0.43..396.79 rows=100 width=125)
	  Index Cond: ((id >= 2711831) AND (id <= 2711931))

table 5 : explain SELECT id, c FROM sbtest5 WHERE id BETWEEN 2711831 AND 2711931
	Index Scan using sbtest5_pkey on sbtest5  (cost=0.43..393.27 rows=99 width=125)
	  Index Cond: ((id >= 2711831) AND (id <= 2711931))

table 6 : explain SELECT id, c FROM sbtest6 WHERE id BETWEEN 2711831 AND 2711931
	Index Scan using sbtest6_pkey on sbtest6  (cost=0.43..367.05 rows=92 width=125)
	  Index Cond: ((id >= 2711831) AND (id <= 2711931))

table 7 : explain SELECT id, c FROM sbtest7 WHERE id BETWEEN 2711831 AND 2711931
	Index Scan using sbtest7_pkey on sbtest7  (cost=0.43..365.40 rows=92 width=125)
	  Index Cond: ((id >= 2711831) AND (id <= 2711931))

table 8 : explain SELECT id, c FROM sbtest8 WHERE id BETWEEN 2711831 AND 2711931
	Index Scan using sbtest8_pkey on sbtest8  (cost=0.43..368.40 rows=93 width=125)
	  Index Cond: ((id >= 2711831) AND (id <= 2711931))

explain: for range-notcovered :: explain SELECT id, c FROM sbtest%d WHERE id BETWEEN 2711831 AND 2711931
for range-notcovered
table 1 : explain SELECT id, c FROM sbtest1 WHERE id BETWEEN 4343467 AND 4343567
	Index Scan using sbtest1_pkey on sbtest1  (cost=0.43..402.01 rows=101 width=125)
	  Index Cond: ((id >= 4343467) AND (id <= 4343567))

table 2 : explain SELECT id, c FROM sbtest2 WHERE id BETWEEN 4343467 AND 4343567
	Index Scan using sbtest2_pkey on sbtest2  (cost=0.43..349.93 rows=88 width=125)
	  Index Cond: ((id >= 4343467) AND (id <= 4343567))

table 3 : explain SELECT id, c FROM sbtest3 WHERE id BETWEEN 4343467 AND 4343567
	Index Scan using sbtest3_pkey on sbtest3  (cost=0.43..405.90 rows=102 width=125)
	  Index Cond: ((id >= 4343467) AND (id <= 4343567))

table 4 : explain SELECT id, c FROM sbtest4 WHERE id BETWEEN 4343467 AND 4343567
	Index Scan using sbtest4_pkey on sbtest4  (cost=0.43..424.25 rows=107 width=125)
	  Index Cond: ((id >= 4343467) AND (id <= 4343567))

table 5 : explain SELECT id, c FROM sbtest5 WHERE id BETWEEN 4343467 AND 4343567
	Index Scan using sbtest5_pkey on sbtest5  (cost=0.43..401.12 rows=101 width=125)
	  Index Cond: ((id >= 4343467) AND (id <= 4343567))

table 6 : explain SELECT id, c FROM sbtest6 WHERE id BETWEEN 4343467 AND 4343567
	Index Scan using sbtest6_pkey on sbtest6  (cost=0.43..374.93 rows=94 width=125)
	  Index Cond: ((id >= 4343467) AND (id <= 4343567))

table 7 : explain SELECT id, c FROM sbtest7 WHERE id BETWEEN 4343467 AND 4343567
	Index Scan using sbtest7_pkey on sbtest7  (cost=0.43..424.25 rows=107 width=125)
	  Index Cond: ((id >= 4343467) AND (id <= 4343567))

table 8 : explain SELECT id, c FROM sbtest8 WHERE id BETWEEN 4343467 AND 4343567
	Index Scan using sbtest8_pkey on sbtest8  (cost=0.43..399.72 rows=101 width=125)
	  Index Cond: ((id >= 4343467) AND (id <= 4343567))

for range-notcovered
table 1 : explain SELECT id, c FROM sbtest1 WHERE id BETWEEN 6730999 AND 6731099
	Index Scan using sbtest1_pkey on sbtest1  (cost=0.43..358.70 rows=90 width=125)
	  Index Cond: ((id >= 6730999) AND (id <= 6731099))

table 2 : explain SELECT id, c FROM sbtest2 WHERE id BETWEEN 6730999 AND 6731099
	Index Scan using sbtest2_pkey on sbtest2  (cost=0.43..404.90 rows=102 width=125)
	  Index Cond: ((id >= 6730999) AND (id <= 6731099))

table 3 : explain SELECT id, c FROM sbtest3 WHERE id BETWEEN 6730999 AND 6731099
	Index Scan using sbtest3_pkey on sbtest3  (cost=0.43..437.37 rows=110 width=125)
	  Index Cond: ((id >= 6730999) AND (id <= 6731099))

table 4 : explain SELECT id, c FROM sbtest4 WHERE id BETWEEN 6730999 AND 6731099
	Index Scan using sbtest4_pkey on sbtest4  (cost=0.43..404.64 rows=102 width=125)
	  Index Cond: ((id >= 6730999) AND (id <= 6731099))

table 5 : explain SELECT id, c FROM sbtest5 WHERE id BETWEEN 6730999 AND 6731099
	Index Scan using sbtest5_pkey on sbtest5  (cost=0.43..401.12 rows=101 width=125)
	  Index Cond: ((id >= 6730999) AND (id <= 6731099))

table 6 : explain SELECT id, c FROM sbtest6 WHERE id BETWEEN 6730999 AND 6731099
	Index Scan using sbtest6_pkey on sbtest6  (cost=0.43..426.18 rows=107 width=125)
	  Index Cond: ((id >= 6730999) AND (id <= 6731099))

table 7 : explain SELECT id, c FROM sbtest7 WHERE id BETWEEN 6730999 AND 6731099
	Index Scan using sbtest7_pkey on sbtest7  (cost=0.43..412.48 rows=104 width=125)
	  Index Cond: ((id >= 6730999) AND (id <= 6731099))

table 8 : explain SELECT id, c FROM sbtest8 WHERE id BETWEEN 6730999 AND 6731099
	Index Scan using sbtest8_pkey on sbtest8  (cost=0.43..376.25 rows=95 width=125)
	  Index Cond: ((id >= 6730999) AND (id <= 6731099))

explain: for range-notcovered :: explain SELECT id, c FROM sbtest%d WHERE id BETWEEN 4343467 AND 4343567
explain: for range-notcovered :: explain SELECT id, c FROM sbtest%d WHERE id BETWEEN 6257399 AND 6257499
explain: for range-notcovered :: explain SELECT id, c FROM sbtest%d WHERE id BETWEEN 6730999 AND 6731099
for range-notcovered
table 1 : explain SELECT id, c FROM sbtest1 WHERE id BETWEEN 6772412 AND 6772512
	Index Scan using sbtest1_pkey on sbtest1  (cost=0.43..358.70 rows=90 width=125)
	  Index Cond: ((id >= 6772412) AND (id <= 6772512))

table 2 : explain SELECT id, c FROM sbtest2 WHERE id BETWEEN 6772412 AND 6772512
	Index Scan using sbtest2_pkey on sbtest2  (cost=0.43..404.90 rows=102 width=125)
	  Index Cond: ((id >= 6772412) AND (id <= 6772512))

table 3 : explain SELECT id, c FROM sbtest3 WHERE id BETWEEN 6772412 AND 6772512
	Index Scan using sbtest3_pkey on sbtest3  (cost=0.43..401.96 rows=101 width=125)
	  Index Cond: ((id >= 6772412) AND (id <= 6772512))

table 4 : explain SELECT id, c FROM sbtest4 WHERE id BETWEEN 6772412 AND 6772512
	Index Scan using sbtest4_pkey on sbtest4  (cost=0.43..404.64 rows=102 width=125)
	  Index Cond: ((id >= 6772412) AND (id <= 6772512))

table 5 : explain SELECT id, c FROM sbtest5 WHERE id BETWEEN 6772412 AND 6772512
	Index Scan using sbtest5_pkey on sbtest5  (cost=0.43..401.12 rows=101 width=125)
	  Index Cond: ((id >= 6772412) AND (id <= 6772512))

table 6 : explain SELECT id, c FROM sbtest6 WHERE id BETWEEN 6772412 AND 6772512
	Index Scan using sbtest6_pkey on sbtest6  (cost=0.43..426.18 rows=107 width=125)
	  Index Cond: ((id >= 6772412) AND (id <= 6772512))

table 7 : explain SELECT id, c FROM sbtest7 WHERE id BETWEEN 6772412 AND 6772512
	Index Scan using sbtest7_pkey on sbtest7  (cost=0.43..412.48 rows=104 width=125)
	  Index Cond: ((id >= 6772412) AND (id <= 6772512))

table 8 : explain SELECT id, c FROM sbtest8 WHERE id BETWEEN 6772412 AND 6772512
	Index Scan using sbtest8_pkey on sbtest8  (cost=0.43..376.25 rows=95 width=125)
	  Index Cond: ((id >= 6772412) AND (id <= 6772512))

explain: for range-notcovered :: explain SELECT id, c FROM sbtest%d WHERE id BETWEEN 4324162 AND 4324262
for range-notcovered
table 1 : explain SELECT id, c FROM sbtest1 WHERE id BETWEEN 2711831 AND 2711931
	Index Scan using sbtest1_pkey on sbtest1  (cost=0.43..405.94 rows=102 width=125)
	  Index Cond: ((id >= 2711831) AND (id <= 2711931))

table 2 : explain SELECT id, c FROM sbtest2 WHERE id BETWEEN 2711831 AND 2711931
	Index Scan using sbtest2_pkey on sbtest2  (cost=0.43..416.67 rows=105 width=125)
	  Index Cond: ((id >= 2711831) AND (id <= 2711931))

table 3 : explain SELECT id, c FROM sbtest3 WHERE id BETWEEN 2711831 AND 2711931
	Index Scan using sbtest3_pkey on sbtest3  (cost=0.43..394.09 rows=99 width=125)
	  Index Cond: ((id >= 2711831) AND (id <= 2711931))

table 4 : explain SELECT id, c FROM sbtest4 WHERE id BETWEEN 2711831 AND 2711931
	Index Scan using sbtest4_pkey on sbtest4  (cost=0.43..396.79 rows=100 width=125)
	  Index Cond: ((id >= 2711831) AND (id <= 2711931))

table 5 : explain SELECT id, c FROM sbtest5 WHERE id BETWEEN 2711831 AND 2711931
	Index Scan using sbtest5_pkey on sbtest5  (cost=0.43..393.27 rows=99 width=125)
	  Index Cond: ((id >= 2711831) AND (id <= 2711931))

table 6 : explain SELECT id, c FROM sbtest6 WHERE id BETWEEN 2711831 AND 2711931
	Index Scan using sbtest6_pkey on sbtest6  (cost=0.43..367.05 rows=92 width=125)
	  Index Cond: ((id >= 2711831) AND (id <= 2711931))

table 7 : explain SELECT id, c FROM sbtest7 WHERE id BETWEEN 2711831 AND 2711931
	Index Scan using sbtest7_pkey on sbtest7  (cost=0.43..365.40 rows=92 width=125)
	  Index Cond: ((id >= 2711831) AND (id <= 2711931))

table 8 : explain SELECT id, c FROM sbtest8 WHERE id BETWEEN 2711831 AND 2711931
	Index Scan using sbtest8_pkey on sbtest8  (cost=0.43..368.40 rows=93 width=125)
	  Index Cond: ((id >= 2711831) AND (id <= 2711931))

explain: for range-notcovered :: explain SELECT id, c FROM sbtest%d WHERE id BETWEEN 2711831 AND 2711931
for range-notcovered
table 1 : explain SELECT id, c FROM sbtest1 WHERE id BETWEEN 4343467 AND 4343567
	Index Scan using sbtest1_pkey on sbtest1  (cost=0.43..402.01 rows=101 width=125)
	  Index Cond: ((id >= 4343467) AND (id <= 4343567))

table 2 : explain SELECT id, c FROM sbtest2 WHERE id BETWEEN 4343467 AND 4343567
	Index Scan using sbtest2_pkey on sbtest2  (cost=0.43..349.93 rows=88 width=125)
	  Index Cond: ((id >= 4343467) AND (id <= 4343567))

table 3 : explain SELECT id, c FROM sbtest3 WHERE id BETWEEN 4343467 AND 4343567
	Index Scan using sbtest3_pkey on sbtest3  (cost=0.43..405.90 rows=102 width=125)
	  Index Cond: ((id >= 4343467) AND (id <= 4343567))

table 4 : explain SELECT id, c FROM sbtest4 WHERE id BETWEEN 4343467 AND 4343567
	Index Scan using sbtest4_pkey on sbtest4  (cost=0.43..424.25 rows=107 width=125)
	  Index Cond: ((id >= 4343467) AND (id <= 4343567))

table 5 : explain SELECT id, c FROM sbtest5 WHERE id BETWEEN 4343467 AND 4343567
	Index Scan using sbtest5_pkey on sbtest5  (cost=0.43..401.12 rows=101 width=125)
	  Index Cond: ((id >= 4343467) AND (id <= 4343567))

table 6 : explain SELECT id, c FROM sbtest6 WHERE id BETWEEN 4343467 AND 4343567
	Index Scan using sbtest6_pkey on sbtest6  (cost=0.43..374.93 rows=94 width=125)
	  Index Cond: ((id >= 4343467) AND (id <= 4343567))

table 7 : explain SELECT id, c FROM sbtest7 WHERE id BETWEEN 4343467 AND 4343567
	Index Scan using sbtest7_pkey on sbtest7  (cost=0.43..424.25 rows=107 width=125)
	  Index Cond: ((id >= 4343467) AND (id <= 4343567))

table 8 : explain SELECT id, c FROM sbtest8 WHERE id BETWEEN 4343467 AND 4343567
	Index Scan using sbtest8_pkey on sbtest8  (cost=0.43..399.72 rows=101 width=125)
	  Index Cond: ((id >= 4343467) AND (id <= 4343567))

for range-notcovered
table 1 : explain SELECT id, c FROM sbtest1 WHERE id BETWEEN 6730999 AND 6731099
	Index Scan using sbtest1_pkey on sbtest1  (cost=0.43..358.70 rows=90 width=125)
	  Index Cond: ((id >= 6730999) AND (id <= 6731099))

table 2 : explain SELECT id, c FROM sbtest2 WHERE id BETWEEN 6730999 AND 6731099
	Index Scan using sbtest2_pkey on sbtest2  (cost=0.43..404.90 rows=102 width=125)
	  Index Cond: ((id >= 6730999) AND (id <= 6731099))

table 3 : explain SELECT id, c FROM sbtest3 WHERE id BETWEEN 6730999 AND 6731099
	Index Scan using sbtest3_pkey on sbtest3  (cost=0.43..437.37 rows=110 width=125)
	  Index Cond: ((id >= 6730999) AND (id <= 6731099))

table 4 : explain SELECT id, c FROM sbtest4 WHERE id BETWEEN 6730999 AND 6731099
	Index Scan using sbtest4_pkey on sbtest4  (cost=0.43..404.64 rows=102 width=125)
	  Index Cond: ((id >= 6730999) AND (id <= 6731099))

table 5 : explain SELECT id, c FROM sbtest5 WHERE id BETWEEN 6730999 AND 6731099
	Index Scan using sbtest5_pkey on sbtest5  (cost=0.43..401.12 rows=101 width=125)
	  Index Cond: ((id >= 6730999) AND (id <= 6731099))

table 6 : explain SELECT id, c FROM sbtest6 WHERE id BETWEEN 6730999 AND 6731099
	Index Scan using sbtest6_pkey on sbtest6  (cost=0.43..426.18 rows=107 width=125)
	  Index Cond: ((id >= 6730999) AND (id <= 6731099))

table 7 : explain SELECT id, c FROM sbtest7 WHERE id BETWEEN 6730999 AND 6731099
	Index Scan using sbtest7_pkey on sbtest7  (cost=0.43..412.48 rows=104 width=125)
	  Index Cond: ((id >= 6730999) AND (id <= 6731099))

table 8 : explain SELECT id, c FROM sbtest8 WHERE id BETWEEN 6730999 AND 6731099
	Index Scan using sbtest8_pkey on sbtest8  (cost=0.43..376.25 rows=95 width=125)
	  Index Cond: ((id >= 6730999) AND (id <= 6731099))

explain: for range-notcovered :: explain SELECT id, c FROM sbtest%d WHERE id BETWEEN 4343467 AND 4343567
for range-notcovered
table 1 : explain SELECT id, c FROM sbtest1 WHERE id BETWEEN 6947368 AND 6947468
	Index Scan using sbtest1_pkey on sbtest1  (cost=0.43..354.77 rows=89 width=125)
	  Index Cond: ((id >= 6947368) AND (id <= 6947468))

table 2 : explain SELECT id, c FROM sbtest2 WHERE id BETWEEN 6947368 AND 6947468
	Index Scan using sbtest2_pkey on sbtest2  (cost=0.43..381.35 rows=96 width=125)
	  Index Cond: ((id >= 6947368) AND (id <= 6947468))

table 3 : explain SELECT id, c FROM sbtest3 WHERE id BETWEEN 6947368 AND 6947468
	Index Scan using sbtest3_pkey on sbtest3  (cost=0.43..378.34 rows=95 width=125)
	  Index Cond: ((id >= 6947368) AND (id <= 6947468))

table 4 : explain SELECT id, c FROM sbtest4 WHERE id BETWEEN 6947368 AND 6947468
	Index Scan using sbtest4_pkey on sbtest4  (cost=0.43..404.64 rows=102 width=125)
	  Index Cond: ((id >= 6947368) AND (id <= 6947468))

table 5 : explain SELECT id, c FROM sbtest5 WHERE id BETWEEN 6947368 AND 6947468
	Index Scan using sbtest5_pkey on sbtest5  (cost=0.43..385.42 rows=97 width=125)
	  Index Cond: ((id >= 6947368) AND (id <= 6947468))

table 6 : explain SELECT id, c FROM sbtest6 WHERE id BETWEEN 6947368 AND 6947468
	Index Scan using sbtest6_pkey on sbtest6  (cost=0.43..390.72 rows=98 width=125)
	  Index Cond: ((id >= 6947368) AND (id <= 6947468))

table 7 : explain SELECT id, c FROM sbtest7 WHERE id BETWEEN 6947368 AND 6947468
	Index Scan using sbtest7_pkey on sbtest7  (cost=0.43..400.72 rows=101 width=125)
	  Index Cond: ((id >= 6947368) AND (id <= 6947468))

table 8 : explain SELECT id, c FROM sbtest8 WHERE id BETWEEN 6947368 AND 6947468
	Index Scan using sbtest8_pkey on sbtest8  (cost=0.43..407.55 rows=103 width=125)
	  Index Cond: ((id >= 6947368) AND (id <= 6947468))

explain: for range-notcovered :: explain SELECT id, c FROM sbtest%d WHERE id BETWEEN 6947368 AND 6947468
for range-notcovered
table 1 : explain SELECT id, c FROM sbtest1 WHERE id BETWEEN 3762680 AND 3762780
	Index Scan using sbtest1_pkey on sbtest1  (cost=0.43..394.14 rows=99 width=125)
	  Index Cond: ((id >= 3762680) AND (id <= 3762780))

table 2 : explain SELECT id, c FROM sbtest2 WHERE id BETWEEN 3762680 AND 3762780
	Index Scan using sbtest2_pkey on sbtest2  (cost=0.43..393.12 rows=99 width=125)
	  Index Cond: ((id >= 3762680) AND (id <= 3762780))

table 3 : explain SELECT id, c FROM sbtest3 WHERE id BETWEEN 3762680 AND 3762780
	Index Scan using sbtest3_pkey on sbtest3  (cost=0.43..386.23 rows=97 width=125)
	  Index Cond: ((id >= 3762680) AND (id <= 3762780))

table 4 : explain SELECT id, c FROM sbtest4 WHERE id BETWEEN 3762680 AND 3762780
	Index Scan using sbtest4_pkey on sbtest4  (cost=0.43..447.78 rows=113 width=125)
	  Index Cond: ((id >= 3762680) AND (id <= 3762780))

table 5 : explain SELECT id, c FROM sbtest5 WHERE id BETWEEN 3762680 AND 3762780
	Index Scan using sbtest5_pkey on sbtest5  (cost=0.43..420.75 rows=106 width=125)
	  Index Cond: ((id >= 3762680) AND (id <= 3762780))

table 6 : explain SELECT id, c FROM sbtest6 WHERE id BETWEEN 3762680 AND 3762780
	Index Scan using sbtest6_pkey on sbtest6  (cost=0.43..406.48 rows=102 width=125)
	  Index Cond: ((id >= 3762680) AND (id <= 3762780))

table 7 : explain SELECT id, c FROM sbtest7 WHERE id BETWEEN 3762680 AND 3762780
	Index Scan using sbtest7_pkey on sbtest7  (cost=0.43..428.17 rows=108 width=125)
	  Index Cond: ((id >= 3762680) AND (id <= 3762780))

table 8 : explain SELECT id, c FROM sbtest8 WHERE id BETWEEN 3762680 AND 3762780
	Index Scan using sbtest8_pkey on sbtest8  (cost=0.43..419.28 rows=106 width=125)
	  Index Cond: ((id >= 3762680) AND (id <= 3762780))

explain: for range-notcovered :: explain SELECT id, c FROM sbtest%d WHERE id BETWEEN 3762680 AND 3762780
for range-notcovered
table 1 : explain SELECT id, c FROM sbtest1 WHERE id BETWEEN 2711831 AND 2711931
	Index Scan using sbtest1_pkey on sbtest1  (cost=0.43..405.94 rows=102 width=125)
	  Index Cond: ((id >= 2711831) AND (id <= 2711931))

table 2 : explain SELECT id, c FROM sbtest2 WHERE id BETWEEN 2711831 AND 2711931
	Index Scan using sbtest2_pkey on sbtest2  (cost=0.43..416.67 rows=105 width=125)
	  Index Cond: ((id >= 2711831) AND (id <= 2711931))

table 3 : explain SELECT id, c FROM sbtest3 WHERE id BETWEEN 2711831 AND 2711931
	Index Scan using sbtest3_pkey on sbtest3  (cost=0.43..394.09 rows=99 width=125)
	  Index Cond: ((id >= 2711831) AND (id <= 2711931))

table 4 : explain SELECT id, c FROM sbtest4 WHERE id BETWEEN 2711831 AND 2711931
	Index Scan using sbtest4_pkey on sbtest4  (cost=0.43..396.79 rows=100 width=125)
	  Index Cond: ((id >= 2711831) AND (id <= 2711931))

table 5 : explain SELECT id, c FROM sbtest5 WHERE id BETWEEN 2711831 AND 2711931
	Index Scan using sbtest5_pkey on sbtest5  (cost=0.43..393.27 rows=99 width=125)
	  Index Cond: ((id >= 2711831) AND (id <= 2711931))

table 6 : explain SELECT id, c FROM sbtest6 WHERE id BETWEEN 2711831 AND 2711931
	Index Scan using sbtest6_pkey on sbtest6  (cost=0.43..367.05 rows=92 width=125)
	  Index Cond: ((id >= 2711831) AND (id <= 2711931))

table 7 : explain SELECT id, c FROM sbtest7 WHERE id BETWEEN 2711831 AND 2711931
	Index Scan using sbtest7_pkey on sbtest7  (cost=0.43..365.40 rows=92 width=125)
	  Index Cond: ((id >= 2711831) AND (id <= 2711931))

table 8 : explain SELECT id, c FROM sbtest8 WHERE id BETWEEN 2711831 AND 2711931
	Index Scan using sbtest8_pkey on sbtest8  (cost=0.43..368.40 rows=93 width=125)
	  Index Cond: ((id >= 2711831) AND (id <= 2711931))

explain: for range-notcovered :: explain SELECT id, c FROM sbtest%d WHERE id BETWEEN 2711831 AND 2711931
for range-notcovered
table 1 : explain SELECT id, c FROM sbtest1 WHERE id BETWEEN 4343467 AND 4343567
	Index Scan using sbtest1_pkey on sbtest1  (cost=0.43..402.01 rows=101 width=125)
	  Index Cond: ((id >= 4343467) AND (id <= 4343567))

table 2 : explain SELECT id, c FROM sbtest2 WHERE id BETWEEN 4343467 AND 4343567
	Index Scan using sbtest2_pkey on sbtest2  (cost=0.43..349.93 rows=88 width=125)
	  Index Cond: ((id >= 4343467) AND (id <= 4343567))

table 3 : explain SELECT id, c FROM sbtest3 WHERE id BETWEEN 4343467 AND 4343567
	Index Scan using sbtest3_pkey on sbtest3  (cost=0.43..405.90 rows=102 width=125)
	  Index Cond: ((id >= 4343467) AND (id <= 4343567))

table 4 : explain SELECT id, c FROM sbtest4 WHERE id BETWEEN 4343467 AND 4343567
	Index Scan using sbtest4_pkey on sbtest4  (cost=0.43..424.25 rows=107 width=125)
	  Index Cond: ((id >= 4343467) AND (id <= 4343567))

table 5 : explain SELECT id, c FROM sbtest5 WHERE id BETWEEN 4343467 AND 4343567
	Index Scan using sbtest5_pkey on sbtest5  (cost=0.43..401.12 rows=101 width=125)
	  Index Cond: ((id >= 4343467) AND (id <= 4343567))

table 6 : explain SELECT id, c FROM sbtest6 WHERE id BETWEEN 4343467 AND 4343567
	Index Scan using sbtest6_pkey on sbtest6  (cost=0.43..374.93 rows=94 width=125)
	  Index Cond: ((id >= 4343467) AND (id <= 4343567))

table 7 : explain SELECT id, c FROM sbtest7 WHERE id BETWEEN 4343467 AND 4343567
	Index Scan using sbtest7_pkey on sbtest7  (cost=0.43..424.25 rows=107 width=125)
	  Index Cond: ((id >= 4343467) AND (id <= 4343567))

table 8 : explain SELECT id, c FROM sbtest8 WHERE id BETWEEN 4343467 AND 4343567
	Index Scan using sbtest8_pkey on sbtest8  (cost=0.43..399.72 rows=101 width=125)
	  Index Cond: ((id >= 4343467) AND (id <= 4343567))

for range-notcovered
table 1 : explain SELECT id, c FROM sbtest1 WHERE id BETWEEN 6947368 AND 6947468
	Index Scan using sbtest1_pkey on sbtest1  (cost=0.43..354.77 rows=89 width=125)
	  Index Cond: ((id >= 6947368) AND (id <= 6947468))

table 2 : explain SELECT id, c FROM sbtest2 WHERE id BETWEEN 6947368 AND 6947468
	Index Scan using sbtest2_pkey on sbtest2  (cost=0.43..381.35 rows=96 width=125)
	  Index Cond: ((id >= 6947368) AND (id <= 6947468))

table 3 : explain SELECT id, c FROM sbtest3 WHERE id BETWEEN 6947368 AND 6947468
	Index Scan using sbtest3_pkey on sbtest3  (cost=0.43..378.34 rows=95 width=125)
	  Index Cond: ((id >= 6947368) AND (id <= 6947468))

table 4 : explain SELECT id, c FROM sbtest4 WHERE id BETWEEN 6947368 AND 6947468
	Index Scan using sbtest4_pkey on sbtest4  (cost=0.43..404.64 rows=102 width=125)
	  Index Cond: ((id >= 6947368) AND (id <= 6947468))

table 5 : explain SELECT id, c FROM sbtest5 WHERE id BETWEEN 6947368 AND 6947468
	Index Scan using sbtest5_pkey on sbtest5  (cost=0.43..385.42 rows=97 width=125)
	  Index Cond: ((id >= 6947368) AND (id <= 6947468))

table 6 : explain SELECT id, c FROM sbtest6 WHERE id BETWEEN 6947368 AND 6947468
	Index Scan using sbtest6_pkey on sbtest6  (cost=0.43..390.72 rows=98 width=125)
	  Index Cond: ((id >= 6947368) AND (id <= 6947468))

table 7 : explain SELECT id, c FROM sbtest7 WHERE id BETWEEN 6947368 AND 6947468
	Index Scan using sbtest7_pkey on sbtest7  (cost=0.43..400.72 rows=101 width=125)
	  Index Cond: ((id >= 6947368) AND (id <= 6947468))

table 8 : explain SELECT id, c FROM sbtest8 WHERE id BETWEEN 6947368 AND 6947468
	Index Scan using sbtest8_pkey on sbtest8  (cost=0.43..407.55 rows=103 width=125)
	  Index Cond: ((id >= 6947368) AND (id <= 6947468))

explain: for range-notcovered :: explain SELECT id, c FROM sbtest%d WHERE id BETWEEN 6947368 AND 6947468
for range-notcovered
table 1 : explain SELECT id, c FROM sbtest1 WHERE id BETWEEN 3762680 AND 3762780
	Index Scan using sbtest1_pkey on sbtest1  (cost=0.43..394.14 rows=99 width=125)
	  Index Cond: ((id >= 3762680) AND (id <= 3762780))

table 2 : explain SELECT id, c FROM sbtest2 WHERE id BETWEEN 3762680 AND 3762780
	Index Scan using sbtest2_pkey on sbtest2  (cost=0.43..393.12 rows=99 width=125)
	  Index Cond: ((id >= 3762680) AND (id <= 3762780))

table 3 : explain SELECT id, c FROM sbtest3 WHERE id BETWEEN 3762680 AND 3762780
	Index Scan using sbtest3_pkey on sbtest3  (cost=0.43..386.23 rows=97 width=125)
	  Index Cond: ((id >= 3762680) AND (id <= 3762780))

table 4 : explain SELECT id, c FROM sbtest4 WHERE id BETWEEN 3762680 AND 3762780
	Index Scan using sbtest4_pkey on sbtest4  (cost=0.43..447.78 rows=113 width=125)
	  Index Cond: ((id >= 3762680) AND (id <= 3762780))

table 5 : explain SELECT id, c FROM sbtest5 WHERE id BETWEEN 3762680 AND 3762780
	Index Scan using sbtest5_pkey on sbtest5  (cost=0.43..420.75 rows=106 width=125)
	  Index Cond: ((id >= 3762680) AND (id <= 3762780))

table 6 : explain SELECT id, c FROM sbtest6 WHERE id BETWEEN 3762680 AND 3762780
	Index Scan using sbtest6_pkey on sbtest6  (cost=0.43..406.48 rows=102 width=125)
	  Index Cond: ((id >= 3762680) AND (id <= 3762780))

table 7 : explain SELECT id, c FROM sbtest7 WHERE id BETWEEN 3762680 AND 3762780
	Index Scan using sbtest7_pkey on sbtest7  (cost=0.43..428.17 rows=108 width=125)
	  Index Cond: ((id >= 3762680) AND (id <= 3762780))

table 8 : explain SELECT id, c FROM sbtest8 WHERE id BETWEEN 3762680 AND 3762780
	Index Scan using sbtest8_pkey on sbtest8  (cost=0.43..419.28 rows=106 width=125)
	  Index Cond: ((id >= 3762680) AND (id <= 3762780))

explain: for range-notcovered :: explain SELECT id, c FROM sbtest%d WHERE id BETWEEN 3762680 AND 3762780
for range-notcovered
table 1 : explain SELECT id, c FROM sbtest1 WHERE id BETWEEN 2711831 AND 2711931
	Index Scan using sbtest1_pkey on sbtest1  (cost=0.43..405.94 rows=102 width=125)
	  Index Cond: ((id >= 2711831) AND (id <= 2711931))

table 2 : explain SELECT id, c FROM sbtest2 WHERE id BETWEEN 2711831 AND 2711931
	Index Scan using sbtest2_pkey on sbtest2  (cost=0.43..416.67 rows=105 width=125)
	  Index Cond: ((id >= 2711831) AND (id <= 2711931))

table 3 : explain SELECT id, c FROM sbtest3 WHERE id BETWEEN 2711831 AND 2711931
	Index Scan using sbtest3_pkey on sbtest3  (cost=0.43..394.09 rows=99 width=125)
	  Index Cond: ((id >= 2711831) AND (id <= 2711931))

table 4 : explain SELECT id, c FROM sbtest4 WHERE id BETWEEN 2711831 AND 2711931
	Index Scan using sbtest4_pkey on sbtest4  (cost=0.43..396.79 rows=100 width=125)
	  Index Cond: ((id >= 2711831) AND (id <= 2711931))

table 5 : explain SELECT id, c FROM sbtest5 WHERE id BETWEEN 2711831 AND 2711931
	Index Scan using sbtest5_pkey on sbtest5  (cost=0.43..393.27 rows=99 width=125)
	  Index Cond: ((id >= 2711831) AND (id <= 2711931))

table 6 : explain SELECT id, c FROM sbtest6 WHERE id BETWEEN 2711831 AND 2711931
	Index Scan using sbtest6_pkey on sbtest6  (cost=0.43..367.05 rows=92 width=125)
	  Index Cond: ((id >= 2711831) AND (id <= 2711931))

table 7 : explain SELECT id, c FROM sbtest7 WHERE id BETWEEN 2711831 AND 2711931
	Index Scan using sbtest7_pkey on sbtest7  (cost=0.43..365.40 rows=92 width=125)
	  Index Cond: ((id >= 2711831) AND (id <= 2711931))

table 8 : explain SELECT id, c FROM sbtest8 WHERE id BETWEEN 2711831 AND 2711931
	Index Scan using sbtest8_pkey on sbtest8  (cost=0.43..368.40 rows=93 width=125)
	  Index Cond: ((id >= 2711831) AND (id <= 2711931))

explain: for range-notcovered :: explain SELECT id, c FROM sbtest%d WHERE id BETWEEN 2711831 AND 2711931
for range-notcovered
table 1 : explain SELECT id, c FROM sbtest1 WHERE id BETWEEN 6947368 AND 6947468
	Index Scan using sbtest1_pkey on sbtest1  (cost=0.43..354.77 rows=89 width=125)
	  Index Cond: ((id >= 6947368) AND (id <= 6947468))

table 2 : explain SELECT id, c FROM sbtest2 WHERE id BETWEEN 6947368 AND 6947468
	Index Scan using sbtest2_pkey on sbtest2  (cost=0.43..381.35 rows=96 width=125)
	  Index Cond: ((id >= 6947368) AND (id <= 6947468))

table 3 : explain SELECT id, c FROM sbtest3 WHERE id BETWEEN 6947368 AND 6947468
	Index Scan using sbtest3_pkey on sbtest3  (cost=0.43..378.34 rows=95 width=125)
	  Index Cond: ((id >= 6947368) AND (id <= 6947468))

table 4 : explain SELECT id, c FROM sbtest4 WHERE id BETWEEN 6947368 AND 6947468
	Index Scan using sbtest4_pkey on sbtest4  (cost=0.43..404.64 rows=102 width=125)
	  Index Cond: ((id >= 6947368) AND (id <= 6947468))

table 5 : explain SELECT id, c FROM sbtest5 WHERE id BETWEEN 6947368 AND 6947468
	Index Scan using sbtest5_pkey on sbtest5  (cost=0.43..385.42 rows=97 width=125)
	  Index Cond: ((id >= 6947368) AND (id <= 6947468))

table 6 : explain SELECT id, c FROM sbtest6 WHERE id BETWEEN 6947368 AND 6947468
	Index Scan using sbtest6_pkey on sbtest6  (cost=0.43..390.72 rows=98 width=125)
	  Index Cond: ((id >= 6947368) AND (id <= 6947468))

table 7 : explain SELECT id, c FROM sbtest7 WHERE id BETWEEN 6947368 AND 6947468
	Index Scan using sbtest7_pkey on sbtest7  (cost=0.43..400.72 rows=101 width=125)
	  Index Cond: ((id >= 6947368) AND (id <= 6947468))

table 8 : explain SELECT id, c FROM sbtest8 WHERE id BETWEEN 6947368 AND 6947468
	Index Scan using sbtest8_pkey on sbtest8  (cost=0.43..407.55 rows=103 width=125)
	  Index Cond: ((id >= 6947368) AND (id <= 6947468))

explain: for range-notcovered :: explain SELECT id, c FROM sbtest%d WHERE id BETWEEN 6947368 AND 6947468
for range-notcovered
table 1 : explain SELECT id, c FROM sbtest1 WHERE id BETWEEN 3762680 AND 3762780
	Index Scan using sbtest1_pkey on sbtest1  (cost=0.43..394.14 rows=99 width=125)
	  Index Cond: ((id >= 3762680) AND (id <= 3762780))

table 2 : explain SELECT id, c FROM sbtest2 WHERE id BETWEEN 3762680 AND 3762780
	Index Scan using sbtest2_pkey on sbtest2  (cost=0.43..393.12 rows=99 width=125)
	  Index Cond: ((id >= 3762680) AND (id <= 3762780))

table 3 : explain SELECT id, c FROM sbtest3 WHERE id BETWEEN 3762680 AND 3762780
	Index Scan using sbtest3_pkey on sbtest3  (cost=0.43..386.23 rows=97 width=125)
	  Index Cond: ((id >= 3762680) AND (id <= 3762780))

table 4 : explain SELECT id, c FROM sbtest4 WHERE id BETWEEN 3762680 AND 3762780
	Index Scan using sbtest4_pkey on sbtest4  (cost=0.43..447.78 rows=113 width=125)
	  Index Cond: ((id >= 3762680) AND (id <= 3762780))

table 5 : explain SELECT id, c FROM sbtest5 WHERE id BETWEEN 3762680 AND 3762780
	Index Scan using sbtest5_pkey on sbtest5  (cost=0.43..420.75 rows=106 width=125)
	  Index Cond: ((id >= 3762680) AND (id <= 3762780))

table 6 : explain SELECT id, c FROM sbtest6 WHERE id BETWEEN 3762680 AND 3762780
	Index Scan using sbtest6_pkey on sbtest6  (cost=0.43..406.48 rows=102 width=125)
	  Index Cond: ((id >= 3762680) AND (id <= 3762780))

table 7 : explain SELECT id, c FROM sbtest7 WHERE id BETWEEN 3762680 AND 3762780
	Index Scan using sbtest7_pkey on sbtest7  (cost=0.43..428.17 rows=108 width=125)
	  Index Cond: ((id >= 3762680) AND (id <= 3762780))

table 8 : explain SELECT id, c FROM sbtest8 WHERE id BETWEEN 3762680 AND 3762780
	Index Scan using sbtest8_pkey on sbtest8  (cost=0.43..419.28 rows=106 width=125)
	  Index Cond: ((id >= 3762680) AND (id <= 3762780))

for range-notcovered
table 1 : explain SELECT id, c FROM sbtest1 WHERE id BETWEEN 4777504 AND 4777604
	Index Scan using sbtest1_pkey on sbtest1  (cost=0.43..394.14 rows=99 width=125)
	  Index Cond: ((id >= 4777504) AND (id <= 4777604))

table 2 : explain SELECT id, c FROM sbtest2 WHERE id BETWEEN 4777504 AND 4777604
	Index Scan using sbtest2_pkey on sbtest2  (cost=0.43..412.75 rows=104 width=125)
	  Index Cond: ((id >= 4777504) AND (id <= 4777604))

table 3 : explain SELECT id, c FROM sbtest3 WHERE id BETWEEN 4777504 AND 4777604
	Index Scan using sbtest3_pkey on sbtest3  (cost=0.43..354.73 rows=89 width=125)
	  Index Cond: ((id >= 4777504) AND (id <= 4777604))

table 4 : explain SELECT id, c FROM sbtest4 WHERE id BETWEEN 4777504 AND 4777604
	Index Scan using sbtest4_pkey on sbtest4  (cost=0.43..369.32 rows=93 width=125)
	  Index Cond: ((id >= 4777504) AND (id <= 4777604))

table 5 : explain SELECT id, c FROM sbtest5 WHERE id BETWEEN 4777504 AND 4777604
	Index Scan using sbtest5_pkey on sbtest5  (cost=0.43..405.05 rows=102 width=125)
	  Index Cond: ((id >= 4777504) AND (id <= 4777604))

table 6 : explain SELECT id, c FROM sbtest6 WHERE id BETWEEN 4777504 AND 4777604
	Index Scan using sbtest6_pkey on sbtest6  (cost=0.43..370.99 rows=93 width=125)
	  Index Cond: ((id >= 4777504) AND (id <= 4777604))

table 7 : explain SELECT id, c FROM sbtest7 WHERE id BETWEEN 4777504 AND 4777604
	Index Scan using sbtest7_pkey on sbtest7  (cost=0.43..400.72 rows=101 width=125)
	  Index Cond: ((id >= 4777504) AND (id <= 4777604))

table 8 : explain SELECT id, c FROM sbtest8 WHERE id BETWEEN 4777504 AND 4777604
	Index Scan using sbtest8_pkey on sbtest8  (cost=0.43..395.81 rows=100 width=125)
	  Index Cond: ((id >= 4777504) AND (id <= 4777604))

explain: for range-notcovered :: explain SELECT id, c FROM sbtest%d WHERE id BETWEEN 3762680 AND 3762780
explain: for range-notcovered :: explain SELECT id, c FROM sbtest%d WHERE id BETWEEN 4777504 AND 4777604
for range-notcovered
table 1 : explain SELECT id, c FROM sbtest1 WHERE id BETWEEN 2711831 AND 2711931
	Index Scan using sbtest1_pkey on sbtest1  (cost=0.43..405.94 rows=102 width=125)
	  Index Cond: ((id >= 2711831) AND (id <= 2711931))

table 2 : explain SELECT id, c FROM sbtest2 WHERE id BETWEEN 2711831 AND 2711931
	Index Scan using sbtest2_pkey on sbtest2  (cost=0.43..416.67 rows=105 width=125)
	  Index Cond: ((id >= 2711831) AND (id <= 2711931))

table 3 : explain SELECT id, c FROM sbtest3 WHERE id BETWEEN 2711831 AND 2711931
	Index Scan using sbtest3_pkey on sbtest3  (cost=0.43..394.09 rows=99 width=125)
	  Index Cond: ((id >= 2711831) AND (id <= 2711931))

table 4 : explain SELECT id, c FROM sbtest4 WHERE id BETWEEN 2711831 AND 2711931
	Index Scan using sbtest4_pkey on sbtest4  (cost=0.43..396.79 rows=100 width=125)
	  Index Cond: ((id >= 2711831) AND (id <= 2711931))

table 5 : explain SELECT id, c FROM sbtest5 WHERE id BETWEEN 2711831 AND 2711931
	Index Scan using sbtest5_pkey on sbtest5  (cost=0.43..393.27 rows=99 width=125)
	  Index Cond: ((id >= 2711831) AND (id <= 2711931))

table 6 : explain SELECT id, c FROM sbtest6 WHERE id BETWEEN 2711831 AND 2711931
	Index Scan using sbtest6_pkey on sbtest6  (cost=0.43..367.05 rows=92 width=125)
	  Index Cond: ((id >= 2711831) AND (id <= 2711931))

table 7 : explain SELECT id, c FROM sbtest7 WHERE id BETWEEN 2711831 AND 2711931
	Index Scan using sbtest7_pkey on sbtest7  (cost=0.43..365.40 rows=92 width=125)
	  Index Cond: ((id >= 2711831) AND (id <= 2711931))

table 8 : explain SELECT id, c FROM sbtest8 WHERE id BETWEEN 2711831 AND 2711931
	Index Scan using sbtest8_pkey on sbtest8  (cost=0.43..368.40 rows=93 width=125)
	  Index Cond: ((id >= 2711831) AND (id <= 2711931))

for range-notcovered
table 1 : explain SELECT id, c FROM sbtest1 WHERE id BETWEEN 6947368 AND 6947468
	Index Scan using sbtest1_pkey on sbtest1  (cost=0.43..354.77 rows=89 width=125)
	  Index Cond: ((id >= 6947368) AND (id <= 6947468))

table 2 : explain SELECT id, c FROM sbtest2 WHERE id BETWEEN 6947368 AND 6947468
	Index Scan using sbtest2_pkey on sbtest2  (cost=0.43..381.35 rows=96 width=125)
	  Index Cond: ((id >= 6947368) AND (id <= 6947468))

table 3 : explain SELECT id, c FROM sbtest3 WHERE id BETWEEN 6947368 AND 6947468
	Index Scan using sbtest3_pkey on sbtest3  (cost=0.43..378.34 rows=95 width=125)
	  Index Cond: ((id >= 6947368) AND (id <= 6947468))

table 4 : explain SELECT id, c FROM sbtest4 WHERE id BETWEEN 6947368 AND 6947468
	Index Scan using sbtest4_pkey on sbtest4  (cost=0.43..404.64 rows=102 width=125)
	  Index Cond: ((id >= 6947368) AND (id <= 6947468))

table 5 : explain SELECT id, c FROM sbtest5 WHERE id BETWEEN 6947368 AND 6947468
	Index Scan using sbtest5_pkey on sbtest5  (cost=0.43..385.42 rows=97 width=125)
	  Index Cond: ((id >= 6947368) AND (id <= 6947468))

table 6 : explain SELECT id, c FROM sbtest6 WHERE id BETWEEN 6947368 AND 6947468
	Index Scan using sbtest6_pkey on sbtest6  (cost=0.43..390.72 rows=98 width=125)
	  Index Cond: ((id >= 6947368) AND (id <= 6947468))

table 7 : explain SELECT id, c FROM sbtest7 WHERE id BETWEEN 6947368 AND 6947468
	Index Scan using sbtest7_pkey on sbtest7  (cost=0.43..400.72 rows=101 width=125)
	  Index Cond: ((id >= 6947368) AND (id <= 6947468))

table 8 : explain SELECT id, c FROM sbtest8 WHERE id BETWEEN 6947368 AND 6947468
	Index Scan using sbtest8_pkey on sbtest8  (cost=0.43..407.55 rows=103 width=125)
	  Index Cond: ((id >= 6947368) AND (id <= 6947468))

for range-notcovered
table 1 : explain SELECT id, c FROM sbtest1 WHERE id BETWEEN 6257399 AND 6257499
	Index Scan using sbtest1_pkey on sbtest1  (cost=0.43..370.53 rows=93 width=125)
	  Index Cond: ((id >= 6257399) AND (id <= 6257499))

table 2 : explain SELECT id, c FROM sbtest2 WHERE id BETWEEN 6257399 AND 6257499
	Index Scan using sbtest2_pkey on sbtest2  (cost=0.43..432.37 rows=109 width=125)
	  Index Cond: ((id >= 6257399) AND (id <= 6257499))

table 3 : explain SELECT id, c FROM sbtest3 WHERE id BETWEEN 6257399 AND 6257499
	Index Scan using sbtest3_pkey on sbtest3  (cost=0.43..358.66 rows=90 width=125)
	  Index Cond: ((id >= 6257399) AND (id <= 6257499))

table 4 : explain SELECT id, c FROM sbtest4 WHERE id BETWEEN 6257399 AND 6257499
	Index Scan using sbtest4_pkey on sbtest4  (cost=0.43..396.79 rows=100 width=125)
	  Index Cond: ((id >= 6257399) AND (id <= 6257499))

table 5 : explain SELECT id, c FROM sbtest5 WHERE id BETWEEN 6257399 AND 6257499
	Index Scan using sbtest5_pkey on sbtest5  (cost=0.43..385.42 rows=97 width=125)
	  Index Cond: ((id >= 6257399) AND (id <= 6257499))

table 6 : explain SELECT id, c FROM sbtest6 WHERE id BETWEEN 6257399 AND 6257499
	Index Scan using sbtest6_pkey on sbtest6  (cost=0.43..382.84 rows=96 width=125)
	  Index Cond: ((id >= 6257399) AND (id <= 6257499))

table 7 : explain SELECT id, c FROM sbtest7 WHERE id BETWEEN 6257399 AND 6257499
	Index Scan using sbtest7_pkey on sbtest7  (cost=0.43..373.24 rows=94 width=125)
	  Index Cond: ((id >= 6257399) AND (id <= 6257499))

table 8 : explain SELECT id, c FROM sbtest8 WHERE id BETWEEN 6257399 AND 6257499
	Index Scan using sbtest8_pkey on sbtest8  (cost=0.43..391.90 rows=99 width=125)
	  Index Cond: ((id >= 6257399) AND (id <= 6257499))

explain: for range-notcovered :: explain SELECT id, c FROM sbtest%d WHERE id BETWEEN 6947368 AND 6947468
explain: for range-notcovered :: explain SELECT id, c FROM sbtest%d WHERE id BETWEEN 6257399 AND 6257499
for range-notcovered
table 1 : explain SELECT id, c FROM sbtest1 WHERE id BETWEEN 4324162 AND 4324262
	Index Scan using sbtest1_pkey on sbtest1  (cost=0.43..402.01 rows=101 width=125)
	  Index Cond: ((id >= 4324162) AND (id <= 4324262))

table 2 : explain SELECT id, c FROM sbtest2 WHERE id BETWEEN 4324162 AND 4324262
	Index Scan using sbtest2_pkey on sbtest2  (cost=0.43..349.93 rows=88 width=125)
	  Index Cond: ((id >= 4324162) AND (id <= 4324262))

table 3 : explain SELECT id, c FROM sbtest3 WHERE id BETWEEN 4324162 AND 4324262
	Index Scan using sbtest3_pkey on sbtest3  (cost=0.43..398.03 rows=100 width=125)
	  Index Cond: ((id >= 4324162) AND (id <= 4324262))

table 4 : explain SELECT id, c FROM sbtest4 WHERE id BETWEEN 4324162 AND 4324262
	Index Scan using sbtest4_pkey on sbtest4  (cost=0.43..424.25 rows=107 width=125)
	  Index Cond: ((id >= 4324162) AND (id <= 4324262))

table 5 : explain SELECT id, c FROM sbtest5 WHERE id BETWEEN 4324162 AND 4324262
	Index Scan using sbtest5_pkey on sbtest5  (cost=0.43..401.12 rows=101 width=125)
	  Index Cond: ((id >= 4324162) AND (id <= 4324262))

table 6 : explain SELECT id, c FROM sbtest6 WHERE id BETWEEN 4324162 AND 4324262
	Index Scan using sbtest6_pkey on sbtest6  (cost=0.43..374.93 rows=94 width=125)
	  Index Cond: ((id >= 4324162) AND (id <= 4324262))

table 7 : explain SELECT id, c FROM sbtest7 WHERE id BETWEEN 4324162 AND 4324262
	Index Scan using sbtest7_pkey on sbtest7  (cost=0.43..381.08 rows=96 width=125)
	  Index Cond: ((id >= 4324162) AND (id <= 4324262))

table 8 : explain SELECT id, c FROM sbtest8 WHERE id BETWEEN 4324162 AND 4324262
	Index Scan using sbtest8_pkey on sbtest8  (cost=0.43..399.72 rows=101 width=125)
	  Index Cond: ((id >= 4324162) AND (id <= 4324262))

explain: for range-notcovered :: explain SELECT id, c FROM sbtest%d WHERE id BETWEEN 4324162 AND 4324262
for range-notcovered
table 1 : explain SELECT id, c FROM sbtest1 WHERE id BETWEEN 3762680 AND 3762780
	Index Scan using sbtest1_pkey on sbtest1  (cost=0.43..394.14 rows=99 width=125)
	  Index Cond: ((id >= 3762680) AND (id <= 3762780))

table 2 : explain SELECT id, c FROM sbtest2 WHERE id BETWEEN 3762680 AND 3762780
	Index Scan using sbtest2_pkey on sbtest2  (cost=0.43..393.12 rows=99 width=125)
	  Index Cond: ((id >= 3762680) AND (id <= 3762780))

table 3 : explain SELECT id, c FROM sbtest3 WHERE id BETWEEN 3762680 AND 3762780
	Index Scan using sbtest3_pkey on sbtest3  (cost=0.43..386.23 rows=97 width=125)
	  Index Cond: ((id >= 3762680) AND (id <= 3762780))

table 4 : explain SELECT id, c FROM sbtest4 WHERE id BETWEEN 3762680 AND 3762780
	Index Scan using sbtest4_pkey on sbtest4  (cost=0.43..447.78 rows=113 width=125)
	  Index Cond: ((id >= 3762680) AND (id <= 3762780))

table 5 : explain SELECT id, c FROM sbtest5 WHERE id BETWEEN 3762680 AND 3762780
	Index Scan using sbtest5_pkey on sbtest5  (cost=0.43..420.75 rows=106 width=125)
	  Index Cond: ((id >= 3762680) AND (id <= 3762780))

table 6 : explain SELECT id, c FROM sbtest6 WHERE id BETWEEN 3762680 AND 3762780
	Index Scan using sbtest6_pkey on sbtest6  (cost=0.43..406.48 rows=102 width=125)
	  Index Cond: ((id >= 3762680) AND (id <= 3762780))

table 7 : explain SELECT id, c FROM sbtest7 WHERE id BETWEEN 3762680 AND 3762780
	Index Scan using sbtest7_pkey on sbtest7  (cost=0.43..428.17 rows=108 width=125)
	  Index Cond: ((id >= 3762680) AND (id <= 3762780))

table 8 : explain SELECT id, c FROM sbtest8 WHERE id BETWEEN 3762680 AND 3762780
	Index Scan using sbtest8_pkey on sbtest8  (cost=0.43..419.28 rows=106 width=125)
	  Index Cond: ((id >= 3762680) AND (id <= 3762780))

for range-notcovered
table 1 : explain SELECT id, c FROM sbtest1 WHERE id BETWEEN 4777504 AND 4777604
	Index Scan using sbtest1_pkey on sbtest1  (cost=0.43..394.14 rows=99 width=125)
	  Index Cond: ((id >= 4777504) AND (id <= 4777604))

table 2 : explain SELECT id, c FROM sbtest2 WHERE id BETWEEN 4777504 AND 4777604
	Index Scan using sbtest2_pkey on sbtest2  (cost=0.43..412.75 rows=104 width=125)
	  Index Cond: ((id >= 4777504) AND (id <= 4777604))

table 3 : explain SELECT id, c FROM sbtest3 WHERE id BETWEEN 4777504 AND 4777604
	Index Scan using sbtest3_pkey on sbtest3  (cost=0.43..354.73 rows=89 width=125)
	  Index Cond: ((id >= 4777504) AND (id <= 4777604))

table 4 : explain SELECT id, c FROM sbtest4 WHERE id BETWEEN 4777504 AND 4777604
	Index Scan using sbtest4_pkey on sbtest4  (cost=0.43..369.32 rows=93 width=125)
	  Index Cond: ((id >= 4777504) AND (id <= 4777604))

table 5 : explain SELECT id, c FROM sbtest5 WHERE id BETWEEN 4777504 AND 4777604
	Index Scan using sbtest5_pkey on sbtest5  (cost=0.43..405.05 rows=102 width=125)
	  Index Cond: ((id >= 4777504) AND (id <= 4777604))

table 6 : explain SELECT id, c FROM sbtest6 WHERE id BETWEEN 4777504 AND 4777604
	Index Scan using sbtest6_pkey on sbtest6  (cost=0.43..370.99 rows=93 width=125)
	  Index Cond: ((id >= 4777504) AND (id <= 4777604))

table 7 : explain SELECT id, c FROM sbtest7 WHERE id BETWEEN 4777504 AND 4777604
	Index Scan using sbtest7_pkey on sbtest7  (cost=0.43..400.72 rows=101 width=125)
	  Index Cond: ((id >= 4777504) AND (id <= 4777604))

table 8 : explain SELECT id, c FROM sbtest8 WHERE id BETWEEN 4777504 AND 4777604
	Index Scan using sbtest8_pkey on sbtest8  (cost=0.43..395.81 rows=100 width=125)
	  Index Cond: ((id >= 4777504) AND (id <= 4777604))

explain: for range-notcovered :: explain SELECT id, c FROM sbtest%d WHERE id BETWEEN 3762680 AND 3762780
explain: for range-notcovered :: explain SELECT id, c FROM sbtest%d WHERE id BETWEEN 4777504 AND 4777604
for range-notcovered
table 1 : explain SELECT id, c FROM sbtest1 WHERE id BETWEEN 6947368 AND 6947468
	Index Scan using sbtest1_pkey on sbtest1  (cost=0.43..354.77 rows=89 width=125)
	  Index Cond: ((id >= 6947368) AND (id <= 6947468))

table 2 : explain SELECT id, c FROM sbtest2 WHERE id BETWEEN 6947368 AND 6947468
	Index Scan using sbtest2_pkey on sbtest2  (cost=0.43..381.35 rows=96 width=125)
	  Index Cond: ((id >= 6947368) AND (id <= 6947468))

table 3 : explain SELECT id, c FROM sbtest3 WHERE id BETWEEN 6947368 AND 6947468
	Index Scan using sbtest3_pkey on sbtest3  (cost=0.43..378.34 rows=95 width=125)
	  Index Cond: ((id >= 6947368) AND (id <= 6947468))

table 4 : explain SELECT id, c FROM sbtest4 WHERE id BETWEEN 6947368 AND 6947468
	Index Scan using sbtest4_pkey on sbtest4  (cost=0.43..404.64 rows=102 width=125)
	  Index Cond: ((id >= 6947368) AND (id <= 6947468))

table 5 : explain SELECT id, c FROM sbtest5 WHERE id BETWEEN 6947368 AND 6947468
	Index Scan using sbtest5_pkey on sbtest5  (cost=0.43..385.42 rows=97 width=125)
	  Index Cond: ((id >= 6947368) AND (id <= 6947468))

table 6 : explain SELECT id, c FROM sbtest6 WHERE id BETWEEN 6947368 AND 6947468
	Index Scan using sbtest6_pkey on sbtest6  (cost=0.43..390.72 rows=98 width=125)
	  Index Cond: ((id >= 6947368) AND (id <= 6947468))

table 7 : explain SELECT id, c FROM sbtest7 WHERE id BETWEEN 6947368 AND 6947468
	Index Scan using sbtest7_pkey on sbtest7  (cost=0.43..400.72 rows=101 width=125)
	  Index Cond: ((id >= 6947368) AND (id <= 6947468))

table 8 : explain SELECT id, c FROM sbtest8 WHERE id BETWEEN 6947368 AND 6947468
	Index Scan using sbtest8_pkey on sbtest8  (cost=0.43..407.55 rows=103 width=125)
	  Index Cond: ((id >= 6947368) AND (id <= 6947468))

explain: for range-notcovered :: explain SELECT id, c FROM sbtest%d WHERE id BETWEEN 6947368 AND 6947468
for range-notcovered
table 1 : explain SELECT id, c FROM sbtest1 WHERE id BETWEEN 6257399 AND 6257499
	Index Scan using sbtest1_pkey on sbtest1  (cost=0.43..370.53 rows=93 width=125)
	  Index Cond: ((id >= 6257399) AND (id <= 6257499))

table 2 : explain SELECT id, c FROM sbtest2 WHERE id BETWEEN 6257399 AND 6257499
	Index Scan using sbtest2_pkey on sbtest2  (cost=0.43..432.37 rows=109 width=125)
	  Index Cond: ((id >= 6257399) AND (id <= 6257499))

table 3 : explain SELECT id, c FROM sbtest3 WHERE id BETWEEN 6257399 AND 6257499
	Index Scan using sbtest3_pkey on sbtest3  (cost=0.43..358.66 rows=90 width=125)
	  Index Cond: ((id >= 6257399) AND (id <= 6257499))

table 4 : explain SELECT id, c FROM sbtest4 WHERE id BETWEEN 6257399 AND 6257499
	Index Scan using sbtest4_pkey on sbtest4  (cost=0.43..396.79 rows=100 width=125)
	  Index Cond: ((id >= 6257399) AND (id <= 6257499))

table 5 : explain SELECT id, c FROM sbtest5 WHERE id BETWEEN 6257399 AND 6257499
	Index Scan using sbtest5_pkey on sbtest5  (cost=0.43..385.42 rows=97 width=125)
	  Index Cond: ((id >= 6257399) AND (id <= 6257499))

table 6 : explain SELECT id, c FROM sbtest6 WHERE id BETWEEN 6257399 AND 6257499
	Index Scan using sbtest6_pkey on sbtest6  (cost=0.43..382.84 rows=96 width=125)
	  Index Cond: ((id >= 6257399) AND (id <= 6257499))

table 7 : explain SELECT id, c FROM sbtest7 WHERE id BETWEEN 6257399 AND 6257499
	Index Scan using sbtest7_pkey on sbtest7  (cost=0.43..373.24 rows=94 width=125)
	  Index Cond: ((id >= 6257399) AND (id <= 6257499))

table 8 : explain SELECT id, c FROM sbtest8 WHERE id BETWEEN 6257399 AND 6257499
	Index Scan using sbtest8_pkey on sbtest8  (cost=0.43..391.90 rows=99 width=125)
	  Index Cond: ((id >= 6257399) AND (id <= 6257499))

explain: for range-notcovered :: explain SELECT id, c FROM sbtest%d WHERE id BETWEEN 6257399 AND 6257499
for range-notcovered
table 1 : explain SELECT id, c FROM sbtest1 WHERE id BETWEEN 4324162 AND 4324262
	Index Scan using sbtest1_pkey on sbtest1  (cost=0.43..402.01 rows=101 width=125)
	  Index Cond: ((id >= 4324162) AND (id <= 4324262))

table 2 : explain SELECT id, c FROM sbtest2 WHERE id BETWEEN 4324162 AND 4324262
	Index Scan using sbtest2_pkey on sbtest2  (cost=0.43..349.93 rows=88 width=125)
	  Index Cond: ((id >= 4324162) AND (id <= 4324262))

table 3 : explain SELECT id, c FROM sbtest3 WHERE id BETWEEN 4324162 AND 4324262
	Index Scan using sbtest3_pkey on sbtest3  (cost=0.43..398.03 rows=100 width=125)
	  Index Cond: ((id >= 4324162) AND (id <= 4324262))

table 4 : explain SELECT id, c FROM sbtest4 WHERE id BETWEEN 4324162 AND 4324262
	Index Scan using sbtest4_pkey on sbtest4  (cost=0.43..424.25 rows=107 width=125)
	  Index Cond: ((id >= 4324162) AND (id <= 4324262))

table 5 : explain SELECT id, c FROM sbtest5 WHERE id BETWEEN 4324162 AND 4324262
	Index Scan using sbtest5_pkey on sbtest5  (cost=0.43..401.12 rows=101 width=125)
	  Index Cond: ((id >= 4324162) AND (id <= 4324262))

table 6 : explain SELECT id, c FROM sbtest6 WHERE id BETWEEN 4324162 AND 4324262
	Index Scan using sbtest6_pkey on sbtest6  (cost=0.43..374.93 rows=94 width=125)
	  Index Cond: ((id >= 4324162) AND (id <= 4324262))

table 7 : explain SELECT id, c FROM sbtest7 WHERE id BETWEEN 4324162 AND 4324262
	Index Scan using sbtest7_pkey on sbtest7  (cost=0.43..381.08 rows=96 width=125)
	  Index Cond: ((id >= 4324162) AND (id <= 4324262))

table 8 : explain SELECT id, c FROM sbtest8 WHERE id BETWEEN 4324162 AND 4324262
	Index Scan using sbtest8_pkey on sbtest8  (cost=0.43..399.72 rows=101 width=125)
	  Index Cond: ((id >= 4324162) AND (id <= 4324262))

explain: for range-notcovered :: explain SELECT id, c FROM sbtest%d WHERE id BETWEEN 4324162 AND 4324262
for range-notcovered
table 1 : explain SELECT id, c FROM sbtest1 WHERE id BETWEEN 3762680 AND 3762780
	Index Scan using sbtest1_pkey on sbtest1  (cost=0.43..394.14 rows=99 width=125)
	  Index Cond: ((id >= 3762680) AND (id <= 3762780))

table 2 : explain SELECT id, c FROM sbtest2 WHERE id BETWEEN 3762680 AND 3762780
	Index Scan using sbtest2_pkey on sbtest2  (cost=0.43..393.12 rows=99 width=125)
	  Index Cond: ((id >= 3762680) AND (id <= 3762780))

table 3 : explain SELECT id, c FROM sbtest3 WHERE id BETWEEN 3762680 AND 3762780
	Index Scan using sbtest3_pkey on sbtest3  (cost=0.43..386.23 rows=97 width=125)
	  Index Cond: ((id >= 3762680) AND (id <= 3762780))

table 4 : explain SELECT id, c FROM sbtest4 WHERE id BETWEEN 3762680 AND 3762780
	Index Scan using sbtest4_pkey on sbtest4  (cost=0.43..447.78 rows=113 width=125)
	  Index Cond: ((id >= 3762680) AND (id <= 3762780))

table 5 : explain SELECT id, c FROM sbtest5 WHERE id BETWEEN 3762680 AND 3762780
	Index Scan using sbtest5_pkey on sbtest5  (cost=0.43..420.75 rows=106 width=125)
	  Index Cond: ((id >= 3762680) AND (id <= 3762780))

table 6 : explain SELECT id, c FROM sbtest6 WHERE id BETWEEN 3762680 AND 3762780
	Index Scan using sbtest6_pkey on sbtest6  (cost=0.43..406.48 rows=102 width=125)
	  Index Cond: ((id >= 3762680) AND (id <= 3762780))

table 7 : explain SELECT id, c FROM sbtest7 WHERE id BETWEEN 3762680 AND 3762780
	Index Scan using sbtest7_pkey on sbtest7  (cost=0.43..428.17 rows=108 width=125)
	  Index Cond: ((id >= 3762680) AND (id <= 3762780))

table 8 : explain SELECT id, c FROM sbtest8 WHERE id BETWEEN 3762680 AND 3762780
	Index Scan using sbtest8_pkey on sbtest8  (cost=0.43..419.28 rows=106 width=125)
	  Index Cond: ((id >= 3762680) AND (id <= 3762780))

for range-notcovered
table 1 : explain SELECT id, c FROM sbtest1 WHERE id BETWEEN 4777504 AND 4777604
	Index Scan using sbtest1_pkey on sbtest1  (cost=0.43..394.14 rows=99 width=125)
	  Index Cond: ((id >= 4777504) AND (id <= 4777604))

table 2 : explain SELECT id, c FROM sbtest2 WHERE id BETWEEN 4777504 AND 4777604
	Index Scan using sbtest2_pkey on sbtest2  (cost=0.43..412.75 rows=104 width=125)
	  Index Cond: ((id >= 4777504) AND (id <= 4777604))

table 3 : explain SELECT id, c FROM sbtest3 WHERE id BETWEEN 4777504 AND 4777604
	Index Scan using sbtest3_pkey on sbtest3  (cost=0.43..354.73 rows=89 width=125)
	  Index Cond: ((id >= 4777504) AND (id <= 4777604))

table 4 : explain SELECT id, c FROM sbtest4 WHERE id BETWEEN 4777504 AND 4777604
	Index Scan using sbtest4_pkey on sbtest4  (cost=0.43..369.32 rows=93 width=125)
	  Index Cond: ((id >= 4777504) AND (id <= 4777604))

table 5 : explain SELECT id, c FROM sbtest5 WHERE id BETWEEN 4777504 AND 4777604
	Index Scan using sbtest5_pkey on sbtest5  (cost=0.43..405.05 rows=102 width=125)
	  Index Cond: ((id >= 4777504) AND (id <= 4777604))

table 6 : explain SELECT id, c FROM sbtest6 WHERE id BETWEEN 4777504 AND 4777604
	Index Scan using sbtest6_pkey on sbtest6  (cost=0.43..370.99 rows=93 width=125)
	  Index Cond: ((id >= 4777504) AND (id <= 4777604))

table 7 : explain SELECT id, c FROM sbtest7 WHERE id BETWEEN 4777504 AND 4777604
	Index Scan using sbtest7_pkey on sbtest7  (cost=0.43..400.72 rows=101 width=125)
	  Index Cond: ((id >= 4777504) AND (id <= 4777604))

table 8 : explain SELECT id, c FROM sbtest8 WHERE id BETWEEN 4777504 AND 4777604
	Index Scan using sbtest8_pkey on sbtest8  (cost=0.43..395.81 rows=100 width=125)
	  Index Cond: ((id >= 4777504) AND (id <= 4777604))

explain: for range-notcovered :: explain SELECT id, c FROM sbtest%d WHERE id BETWEEN 3762680 AND 3762780
explain: for range-notcovered :: explain SELECT id, c FROM sbtest%d WHERE id BETWEEN 4777504 AND 4777604
for range-notcovered
table 1 : explain SELECT id, c FROM sbtest1 WHERE id BETWEEN 6947368 AND 6947468
	Index Scan using sbtest1_pkey on sbtest1  (cost=0.43..354.77 rows=89 width=125)
	  Index Cond: ((id >= 6947368) AND (id <= 6947468))

table 2 : explain SELECT id, c FROM sbtest2 WHERE id BETWEEN 6947368 AND 6947468
	Index Scan using sbtest2_pkey on sbtest2  (cost=0.43..381.35 rows=96 width=125)
	  Index Cond: ((id >= 6947368) AND (id <= 6947468))

table 3 : explain SELECT id, c FROM sbtest3 WHERE id BETWEEN 6947368 AND 6947468
	Index Scan using sbtest3_pkey on sbtest3  (cost=0.43..378.34 rows=95 width=125)
	  Index Cond: ((id >= 6947368) AND (id <= 6947468))

table 4 : explain SELECT id, c FROM sbtest4 WHERE id BETWEEN 6947368 AND 6947468
	Index Scan using sbtest4_pkey on sbtest4  (cost=0.43..404.64 rows=102 width=125)
	  Index Cond: ((id >= 6947368) AND (id <= 6947468))

table 5 : explain SELECT id, c FROM sbtest5 WHERE id BETWEEN 6947368 AND 6947468
	Index Scan using sbtest5_pkey on sbtest5  (cost=0.43..385.42 rows=97 width=125)
	  Index Cond: ((id >= 6947368) AND (id <= 6947468))

table 6 : explain SELECT id, c FROM sbtest6 WHERE id BETWEEN 6947368 AND 6947468
	Index Scan using sbtest6_pkey on sbtest6  (cost=0.43..390.72 rows=98 width=125)
	  Index Cond: ((id >= 6947368) AND (id <= 6947468))

table 7 : explain SELECT id, c FROM sbtest7 WHERE id BETWEEN 6947368 AND 6947468
	Index Scan using sbtest7_pkey on sbtest7  (cost=0.43..400.72 rows=101 width=125)
	  Index Cond: ((id >= 6947368) AND (id <= 6947468))

table 8 : explain SELECT id, c FROM sbtest8 WHERE id BETWEEN 6947368 AND 6947468
	Index Scan using sbtest8_pkey on sbtest8  (cost=0.43..407.55 rows=103 width=125)
	  Index Cond: ((id >= 6947368) AND (id <= 6947468))

explain: for range-notcovered :: explain SELECT id, c FROM sbtest%d WHERE id BETWEEN 6947368 AND 6947468
explain: for range-notcovered :: explain SELECT id, c FROM sbtest%d WHERE id BETWEEN 5647994 AND 5648094
for range-notcovered
table 1 : explain SELECT id, c FROM sbtest1 WHERE id BETWEEN 6257399 AND 6257499
	Index Scan using sbtest1_pkey on sbtest1  (cost=0.43..370.53 rows=93 width=125)
	  Index Cond: ((id >= 6257399) AND (id <= 6257499))

table 2 : explain SELECT id, c FROM sbtest2 WHERE id BETWEEN 6257399 AND 6257499
	Index Scan using sbtest2_pkey on sbtest2  (cost=0.43..432.37 rows=109 width=125)
	  Index Cond: ((id >= 6257399) AND (id <= 6257499))

table 3 : explain SELECT id, c FROM sbtest3 WHERE id BETWEEN 6257399 AND 6257499
	Index Scan using sbtest3_pkey on sbtest3  (cost=0.43..358.66 rows=90 width=125)
	  Index Cond: ((id >= 6257399) AND (id <= 6257499))

table 4 : explain SELECT id, c FROM sbtest4 WHERE id BETWEEN 6257399 AND 6257499
	Index Scan using sbtest4_pkey on sbtest4  (cost=0.43..396.79 rows=100 width=125)
	  Index Cond: ((id >= 6257399) AND (id <= 6257499))

table 5 : explain SELECT id, c FROM sbtest5 WHERE id BETWEEN 6257399 AND 6257499
	Index Scan using sbtest5_pkey on sbtest5  (cost=0.43..385.42 rows=97 width=125)
	  Index Cond: ((id >= 6257399) AND (id <= 6257499))

table 6 : explain SELECT id, c FROM sbtest6 WHERE id BETWEEN 6257399 AND 6257499
	Index Scan using sbtest6_pkey on sbtest6  (cost=0.43..382.84 rows=96 width=125)
	  Index Cond: ((id >= 6257399) AND (id <= 6257499))

table 7 : explain SELECT id, c FROM sbtest7 WHERE id BETWEEN 6257399 AND 6257499
	Index Scan using sbtest7_pkey on sbtest7  (cost=0.43..373.24 rows=94 width=125)
	  Index Cond: ((id >= 6257399) AND (id <= 6257499))

table 8 : explain SELECT id, c FROM sbtest8 WHERE id BETWEEN 6257399 AND 6257499
	Index Scan using sbtest8_pkey on sbtest8  (cost=0.43..391.90 rows=99 width=125)
	  Index Cond: ((id >= 6257399) AND (id <= 6257499))

explain: for range-notcovered :: explain SELECT id, c FROM sbtest%d WHERE id BETWEEN 6257399 AND 6257499
for range-notcovered
table 1 : explain SELECT id, c FROM sbtest1 WHERE id BETWEEN 4324162 AND 4324262
	Index Scan using sbtest1_pkey on sbtest1  (cost=0.43..402.01 rows=101 width=125)
	  Index Cond: ((id >= 4324162) AND (id <= 4324262))

table 2 : explain SELECT id, c FROM sbtest2 WHERE id BETWEEN 4324162 AND 4324262
	Index Scan using sbtest2_pkey on sbtest2  (cost=0.43..349.93 rows=88 width=125)
	  Index Cond: ((id >= 4324162) AND (id <= 4324262))

table 3 : explain SELECT id, c FROM sbtest3 WHERE id BETWEEN 4324162 AND 4324262
	Index Scan using sbtest3_pkey on sbtest3  (cost=0.43..398.03 rows=100 width=125)
	  Index Cond: ((id >= 4324162) AND (id <= 4324262))

table 4 : explain SELECT id, c FROM sbtest4 WHERE id BETWEEN 4324162 AND 4324262
	Index Scan using sbtest4_pkey on sbtest4  (cost=0.43..424.25 rows=107 width=125)
	  Index Cond: ((id >= 4324162) AND (id <= 4324262))

table 5 : explain SELECT id, c FROM sbtest5 WHERE id BETWEEN 4324162 AND 4324262
	Index Scan using sbtest5_pkey on sbtest5  (cost=0.43..401.12 rows=101 width=125)
	  Index Cond: ((id >= 4324162) AND (id <= 4324262))

table 6 : explain SELECT id, c FROM sbtest6 WHERE id BETWEEN 4324162 AND 4324262
	Index Scan using sbtest6_pkey on sbtest6  (cost=0.43..374.93 rows=94 width=125)
	  Index Cond: ((id >= 4324162) AND (id <= 4324262))

table 7 : explain SELECT id, c FROM sbtest7 WHERE id BETWEEN 4324162 AND 4324262
	Index Scan using sbtest7_pkey on sbtest7  (cost=0.43..381.08 rows=96 width=125)
	  Index Cond: ((id >= 4324162) AND (id <= 4324262))

table 8 : explain SELECT id, c FROM sbtest8 WHERE id BETWEEN 4324162 AND 4324262
	Index Scan using sbtest8_pkey on sbtest8  (cost=0.43..399.72 rows=101 width=125)
	  Index Cond: ((id >= 4324162) AND (id <= 4324262))

explain: for range-notcovered :: explain SELECT id, c FROM sbtest%d WHERE id BETWEEN 4324162 AND 4324262
for range-notcovered
table 1 : explain SELECT id, c FROM sbtest1 WHERE id BETWEEN 3762680 AND 3762780
	Index Scan using sbtest1_pkey on sbtest1  (cost=0.43..394.14 rows=99 width=125)
	  Index Cond: ((id >= 3762680) AND (id <= 3762780))

table 2 : explain SELECT id, c FROM sbtest2 WHERE id BETWEEN 3762680 AND 3762780
	Index Scan using sbtest2_pkey on sbtest2  (cost=0.43..393.12 rows=99 width=125)
	  Index Cond: ((id >= 3762680) AND (id <= 3762780))

table 3 : explain SELECT id, c FROM sbtest3 WHERE id BETWEEN 3762680 AND 3762780
	Index Scan using sbtest3_pkey on sbtest3  (cost=0.43..386.23 rows=97 width=125)
	  Index Cond: ((id >= 3762680) AND (id <= 3762780))

table 4 : explain SELECT id, c FROM sbtest4 WHERE id BETWEEN 3762680 AND 3762780
	Index Scan using sbtest4_pkey on sbtest4  (cost=0.43..447.78 rows=113 width=125)
	  Index Cond: ((id >= 3762680) AND (id <= 3762780))

table 5 : explain SELECT id, c FROM sbtest5 WHERE id BETWEEN 3762680 AND 3762780
	Index Scan using sbtest5_pkey on sbtest5  (cost=0.43..420.75 rows=106 width=125)
	  Index Cond: ((id >= 3762680) AND (id <= 3762780))

table 6 : explain SELECT id, c FROM sbtest6 WHERE id BETWEEN 3762680 AND 3762780
	Index Scan using sbtest6_pkey on sbtest6  (cost=0.43..406.48 rows=102 width=125)
	  Index Cond: ((id >= 3762680) AND (id <= 3762780))

table 7 : explain SELECT id, c FROM sbtest7 WHERE id BETWEEN 3762680 AND 3762780
	Index Scan using sbtest7_pkey on sbtest7  (cost=0.43..428.17 rows=108 width=125)
	  Index Cond: ((id >= 3762680) AND (id <= 3762780))

table 8 : explain SELECT id, c FROM sbtest8 WHERE id BETWEEN 3762680 AND 3762780
	Index Scan using sbtest8_pkey on sbtest8  (cost=0.43..419.28 rows=106 width=125)
	  Index Cond: ((id >= 3762680) AND (id <= 3762780))

for range-notcovered
table 1 : explain SELECT id, c FROM sbtest1 WHERE id BETWEEN 4777504 AND 4777604
	Index Scan using sbtest1_pkey on sbtest1  (cost=0.43..394.14 rows=99 width=125)
	  Index Cond: ((id >= 4777504) AND (id <= 4777604))

table 2 : explain SELECT id, c FROM sbtest2 WHERE id BETWEEN 4777504 AND 4777604
	Index Scan using sbtest2_pkey on sbtest2  (cost=0.43..412.75 rows=104 width=125)
	  Index Cond: ((id >= 4777504) AND (id <= 4777604))

table 3 : explain SELECT id, c FROM sbtest3 WHERE id BETWEEN 4777504 AND 4777604
	Index Scan using sbtest3_pkey on sbtest3  (cost=0.43..354.73 rows=89 width=125)
	  Index Cond: ((id >= 4777504) AND (id <= 4777604))

table 4 : explain SELECT id, c FROM sbtest4 WHERE id BETWEEN 4777504 AND 4777604
	Index Scan using sbtest4_pkey on sbtest4  (cost=0.43..369.32 rows=93 width=125)
	  Index Cond: ((id >= 4777504) AND (id <= 4777604))

table 5 : explain SELECT id, c FROM sbtest5 WHERE id BETWEEN 4777504 AND 4777604
	Index Scan using sbtest5_pkey on sbtest5  (cost=0.43..405.05 rows=102 width=125)
	  Index Cond: ((id >= 4777504) AND (id <= 4777604))

table 6 : explain SELECT id, c FROM sbtest6 WHERE id BETWEEN 4777504 AND 4777604
	Index Scan using sbtest6_pkey on sbtest6  (cost=0.43..370.99 rows=93 width=125)
	  Index Cond: ((id >= 4777504) AND (id <= 4777604))

table 7 : explain SELECT id, c FROM sbtest7 WHERE id BETWEEN 4777504 AND 4777604
	Index Scan using sbtest7_pkey on sbtest7  (cost=0.43..400.72 rows=101 width=125)
	  Index Cond: ((id >= 4777504) AND (id <= 4777604))

table 8 : explain SELECT id, c FROM sbtest8 WHERE id BETWEEN 4777504 AND 4777604
	Index Scan using sbtest8_pkey on sbtest8  (cost=0.43..395.81 rows=100 width=125)
	  Index Cond: ((id >= 4777504) AND (id <= 4777604))

explain: for range-notcovered :: explain SELECT id, c FROM sbtest%d WHERE id BETWEEN 3762680 AND 3762780
explain: for range-notcovered :: explain SELECT id, c FROM sbtest%d WHERE id BETWEEN 4777504 AND 4777604
for range-notcovered
table 1 : explain SELECT id, c FROM sbtest1 WHERE id BETWEEN 6947368 AND 6947468
	Index Scan using sbtest1_pkey on sbtest1  (cost=0.43..354.77 rows=89 width=125)
	  Index Cond: ((id >= 6947368) AND (id <= 6947468))

table 2 : explain SELECT id, c FROM sbtest2 WHERE id BETWEEN 6947368 AND 6947468
	Index Scan using sbtest2_pkey on sbtest2  (cost=0.43..381.35 rows=96 width=125)
	  Index Cond: ((id >= 6947368) AND (id <= 6947468))

table 3 : explain SELECT id, c FROM sbtest3 WHERE id BETWEEN 6947368 AND 6947468
	Index Scan using sbtest3_pkey on sbtest3  (cost=0.43..378.34 rows=95 width=125)
	  Index Cond: ((id >= 6947368) AND (id <= 6947468))

table 4 : explain SELECT id, c FROM sbtest4 WHERE id BETWEEN 6947368 AND 6947468
	Index Scan using sbtest4_pkey on sbtest4  (cost=0.43..404.64 rows=102 width=125)
	  Index Cond: ((id >= 6947368) AND (id <= 6947468))

table 5 : explain SELECT id, c FROM sbtest5 WHERE id BETWEEN 6947368 AND 6947468
	Index Scan using sbtest5_pkey on sbtest5  (cost=0.43..385.42 rows=97 width=125)
	  Index Cond: ((id >= 6947368) AND (id <= 6947468))

table 6 : explain SELECT id, c FROM sbtest6 WHERE id BETWEEN 6947368 AND 6947468
	Index Scan using sbtest6_pkey on sbtest6  (cost=0.43..390.72 rows=98 width=125)
	  Index Cond: ((id >= 6947368) AND (id <= 6947468))

table 7 : explain SELECT id, c FROM sbtest7 WHERE id BETWEEN 6947368 AND 6947468
	Index Scan using sbtest7_pkey on sbtest7  (cost=0.43..400.72 rows=101 width=125)
	  Index Cond: ((id >= 6947368) AND (id <= 6947468))

table 8 : explain SELECT id, c FROM sbtest8 WHERE id BETWEEN 6947368 AND 6947468
	Index Scan using sbtest8_pkey on sbtest8  (cost=0.43..407.55 rows=103 width=125)
	  Index Cond: ((id >= 6947368) AND (id <= 6947468))

explain: for range-notcovered :: explain SELECT id, c FROM sbtest%d WHERE id BETWEEN 6947368 AND 6947468
for range-notcovered
table 1 : explain SELECT id, c FROM sbtest1 WHERE id BETWEEN 6257399 AND 6257499
	Index Scan using sbtest1_pkey on sbtest1  (cost=0.43..370.53 rows=93 width=125)
	  Index Cond: ((id >= 6257399) AND (id <= 6257499))

table 2 : explain SELECT id, c FROM sbtest2 WHERE id BETWEEN 6257399 AND 6257499
	Index Scan using sbtest2_pkey on sbtest2  (cost=0.43..432.37 rows=109 width=125)
	  Index Cond: ((id >= 6257399) AND (id <= 6257499))

table 3 : explain SELECT id, c FROM sbtest3 WHERE id BETWEEN 6257399 AND 6257499
	Index Scan using sbtest3_pkey on sbtest3  (cost=0.43..358.66 rows=90 width=125)
	  Index Cond: ((id >= 6257399) AND (id <= 6257499))

table 4 : explain SELECT id, c FROM sbtest4 WHERE id BETWEEN 6257399 AND 6257499
	Index Scan using sbtest4_pkey on sbtest4  (cost=0.43..396.79 rows=100 width=125)
	  Index Cond: ((id >= 6257399) AND (id <= 6257499))

table 5 : explain SELECT id, c FROM sbtest5 WHERE id BETWEEN 6257399 AND 6257499
	Index Scan using sbtest5_pkey on sbtest5  (cost=0.43..385.42 rows=97 width=125)
	  Index Cond: ((id >= 6257399) AND (id <= 6257499))

table 6 : explain SELECT id, c FROM sbtest6 WHERE id BETWEEN 6257399 AND 6257499
	Index Scan using sbtest6_pkey on sbtest6  (cost=0.43..382.84 rows=96 width=125)
	  Index Cond: ((id >= 6257399) AND (id <= 6257499))

table 7 : explain SELECT id, c FROM sbtest7 WHERE id BETWEEN 6257399 AND 6257499
	Index Scan using sbtest7_pkey on sbtest7  (cost=0.43..373.24 rows=94 width=125)
	  Index Cond: ((id >= 6257399) AND (id <= 6257499))

table 8 : explain SELECT id, c FROM sbtest8 WHERE id BETWEEN 6257399 AND 6257499
	Index Scan using sbtest8_pkey on sbtest8  (cost=0.43..391.90 rows=99 width=125)
	  Index Cond: ((id >= 6257399) AND (id <= 6257499))

explain: for range-notcovered :: explain SELECT id, c FROM sbtest%d WHERE id BETWEEN 6257399 AND 6257499
for range-notcovered
table 1 : explain SELECT id, c FROM sbtest1 WHERE id BETWEEN 4324162 AND 4324262
	Index Scan using sbtest1_pkey on sbtest1  (cost=0.43..402.01 rows=101 width=125)
	  Index Cond: ((id >= 4324162) AND (id <= 4324262))

table 2 : explain SELECT id, c FROM sbtest2 WHERE id BETWEEN 4324162 AND 4324262
	Index Scan using sbtest2_pkey on sbtest2  (cost=0.43..349.93 rows=88 width=125)
	  Index Cond: ((id >= 4324162) AND (id <= 4324262))

table 3 : explain SELECT id, c FROM sbtest3 WHERE id BETWEEN 4324162 AND 4324262
	Index Scan using sbtest3_pkey on sbtest3  (cost=0.43..398.03 rows=100 width=125)
	  Index Cond: ((id >= 4324162) AND (id <= 4324262))

table 4 : explain SELECT id, c FROM sbtest4 WHERE id BETWEEN 4324162 AND 4324262
	Index Scan using sbtest4_pkey on sbtest4  (cost=0.43..424.25 rows=107 width=125)
	  Index Cond: ((id >= 4324162) AND (id <= 4324262))

table 5 : explain SELECT id, c FROM sbtest5 WHERE id BETWEEN 4324162 AND 4324262
	Index Scan using sbtest5_pkey on sbtest5  (cost=0.43..401.12 rows=101 width=125)
	  Index Cond: ((id >= 4324162) AND (id <= 4324262))

table 6 : explain SELECT id, c FROM sbtest6 WHERE id BETWEEN 4324162 AND 4324262
	Index Scan using sbtest6_pkey on sbtest6  (cost=0.43..374.93 rows=94 width=125)
	  Index Cond: ((id >= 4324162) AND (id <= 4324262))

table 7 : explain SELECT id, c FROM sbtest7 WHERE id BETWEEN 4324162 AND 4324262
	Index Scan using sbtest7_pkey on sbtest7  (cost=0.43..381.08 rows=96 width=125)
	  Index Cond: ((id >= 4324162) AND (id <= 4324262))

table 8 : explain SELECT id, c FROM sbtest8 WHERE id BETWEEN 4324162 AND 4324262
	Index Scan using sbtest8_pkey on sbtest8  (cost=0.43..399.72 rows=101 width=125)
	  Index Cond: ((id >= 4324162) AND (id <= 4324262))

explain: for range-notcovered :: explain SELECT id, c FROM sbtest%d WHERE id BETWEEN 4324162 AND 4324262
for range-notcovered
table 1 : explain SELECT id, c FROM sbtest1 WHERE id BETWEEN 3762680 AND 3762780
	Index Scan using sbtest1_pkey on sbtest1  (cost=0.43..394.14 rows=99 width=125)
	  Index Cond: ((id >= 3762680) AND (id <= 3762780))

table 2 : explain SELECT id, c FROM sbtest2 WHERE id BETWEEN 3762680 AND 3762780
	Index Scan using sbtest2_pkey on sbtest2  (cost=0.43..393.12 rows=99 width=125)
	  Index Cond: ((id >= 3762680) AND (id <= 3762780))

table 3 : explain SELECT id, c FROM sbtest3 WHERE id BETWEEN 3762680 AND 3762780
	Index Scan using sbtest3_pkey on sbtest3  (cost=0.43..386.23 rows=97 width=125)
	  Index Cond: ((id >= 3762680) AND (id <= 3762780))

table 4 : explain SELECT id, c FROM sbtest4 WHERE id BETWEEN 3762680 AND 3762780
	Index Scan using sbtest4_pkey on sbtest4  (cost=0.43..447.78 rows=113 width=125)
	  Index Cond: ((id >= 3762680) AND (id <= 3762780))

table 5 : explain SELECT id, c FROM sbtest5 WHERE id BETWEEN 3762680 AND 3762780
	Index Scan using sbtest5_pkey on sbtest5  (cost=0.43..420.75 rows=106 width=125)
	  Index Cond: ((id >= 3762680) AND (id <= 3762780))

table 6 : explain SELECT id, c FROM sbtest6 WHERE id BETWEEN 3762680 AND 3762780
	Index Scan using sbtest6_pkey on sbtest6  (cost=0.43..406.48 rows=102 width=125)
	  Index Cond: ((id >= 3762680) AND (id <= 3762780))

table 7 : explain SELECT id, c FROM sbtest7 WHERE id BETWEEN 3762680 AND 3762780
	Index Scan using sbtest7_pkey on sbtest7  (cost=0.43..428.17 rows=108 width=125)
	  Index Cond: ((id >= 3762680) AND (id <= 3762780))

table 8 : explain SELECT id, c FROM sbtest8 WHERE id BETWEEN 3762680 AND 3762780
	Index Scan using sbtest8_pkey on sbtest8  (cost=0.43..419.28 rows=106 width=125)
	  Index Cond: ((id >= 3762680) AND (id <= 3762780))

for range-notcovered
table 1 : explain SELECT id, c FROM sbtest1 WHERE id BETWEEN 4777504 AND 4777604
	Index Scan using sbtest1_pkey on sbtest1  (cost=0.43..394.14 rows=99 width=125)
	  Index Cond: ((id >= 4777504) AND (id <= 4777604))

table 2 : explain SELECT id, c FROM sbtest2 WHERE id BETWEEN 4777504 AND 4777604
	Index Scan using sbtest2_pkey on sbtest2  (cost=0.43..412.75 rows=104 width=125)
	  Index Cond: ((id >= 4777504) AND (id <= 4777604))

table 3 : explain SELECT id, c FROM sbtest3 WHERE id BETWEEN 4777504 AND 4777604
	Index Scan using sbtest3_pkey on sbtest3  (cost=0.43..354.73 rows=89 width=125)
	  Index Cond: ((id >= 4777504) AND (id <= 4777604))

table 4 : explain SELECT id, c FROM sbtest4 WHERE id BETWEEN 4777504 AND 4777604
	Index Scan using sbtest4_pkey on sbtest4  (cost=0.43..369.32 rows=93 width=125)
	  Index Cond: ((id >= 4777504) AND (id <= 4777604))

table 5 : explain SELECT id, c FROM sbtest5 WHERE id BETWEEN 4777504 AND 4777604
	Index Scan using sbtest5_pkey on sbtest5  (cost=0.43..405.05 rows=102 width=125)
	  Index Cond: ((id >= 4777504) AND (id <= 4777604))

table 6 : explain SELECT id, c FROM sbtest6 WHERE id BETWEEN 4777504 AND 4777604
	Index Scan using sbtest6_pkey on sbtest6  (cost=0.43..370.99 rows=93 width=125)
	  Index Cond: ((id >= 4777504) AND (id <= 4777604))

table 7 : explain SELECT id, c FROM sbtest7 WHERE id BETWEEN 4777504 AND 4777604
	Index Scan using sbtest7_pkey on sbtest7  (cost=0.43..400.72 rows=101 width=125)
	  Index Cond: ((id >= 4777504) AND (id <= 4777604))

table 8 : explain SELECT id, c FROM sbtest8 WHERE id BETWEEN 4777504 AND 4777604
	Index Scan using sbtest8_pkey on sbtest8  (cost=0.43..395.81 rows=100 width=125)
	  Index Cond: ((id >= 4777504) AND (id <= 4777604))

explain: for range-notcovered :: explain SELECT id, c FROM sbtest%d WHERE id BETWEEN 3762680 AND 3762780
explain: for range-notcovered :: explain SELECT id, c FROM sbtest%d WHERE id BETWEEN 4777504 AND 4777604
for range-notcovered
table 1 : explain SELECT id, c FROM sbtest1 WHERE id BETWEEN 6947368 AND 6947468
	Index Scan using sbtest1_pkey on sbtest1  (cost=0.43..354.77 rows=89 width=125)
	  Index Cond: ((id >= 6947368) AND (id <= 6947468))

table 2 : explain SELECT id, c FROM sbtest2 WHERE id BETWEEN 6947368 AND 6947468
	Index Scan using sbtest2_pkey on sbtest2  (cost=0.43..381.35 rows=96 width=125)
	  Index Cond: ((id >= 6947368) AND (id <= 6947468))

table 3 : explain SELECT id, c FROM sbtest3 WHERE id BETWEEN 6947368 AND 6947468
	Index Scan using sbtest3_pkey on sbtest3  (cost=0.43..378.34 rows=95 width=125)
	  Index Cond: ((id >= 6947368) AND (id <= 6947468))

table 4 : explain SELECT id, c FROM sbtest4 WHERE id BETWEEN 6947368 AND 6947468
	Index Scan using sbtest4_pkey on sbtest4  (cost=0.43..404.64 rows=102 width=125)
	  Index Cond: ((id >= 6947368) AND (id <= 6947468))

table 5 : explain SELECT id, c FROM sbtest5 WHERE id BETWEEN 6947368 AND 6947468
	Index Scan using sbtest5_pkey on sbtest5  (cost=0.43..385.42 rows=97 width=125)
	  Index Cond: ((id >= 6947368) AND (id <= 6947468))

table 6 : explain SELECT id, c FROM sbtest6 WHERE id BETWEEN 6947368 AND 6947468
	Index Scan using sbtest6_pkey on sbtest6  (cost=0.43..390.72 rows=98 width=125)
	  Index Cond: ((id >= 6947368) AND (id <= 6947468))

table 7 : explain SELECT id, c FROM sbtest7 WHERE id BETWEEN 6947368 AND 6947468
	Index Scan using sbtest7_pkey on sbtest7  (cost=0.43..400.72 rows=101 width=125)
	  Index Cond: ((id >= 6947368) AND (id <= 6947468))

table 8 : explain SELECT id, c FROM sbtest8 WHERE id BETWEEN 6947368 AND 6947468
	Index Scan using sbtest8_pkey on sbtest8  (cost=0.43..407.55 rows=103 width=125)
	  Index Cond: ((id >= 6947368) AND (id <= 6947468))

for range-notcovered
table 1 : explain SELECT id, c FROM sbtest1 WHERE id BETWEEN 6257399 AND 6257499
	Index Scan using sbtest1_pkey on sbtest1  (cost=0.43..370.53 rows=93 width=125)
	  Index Cond: ((id >= 6257399) AND (id <= 6257499))

table 2 : explain SELECT id, c FROM sbtest2 WHERE id BETWEEN 6257399 AND 6257499
	Index Scan using sbtest2_pkey on sbtest2  (cost=0.43..432.37 rows=109 width=125)
	  Index Cond: ((id >= 6257399) AND (id <= 6257499))

table 3 : explain SELECT id, c FROM sbtest3 WHERE id BETWEEN 6257399 AND 6257499
	Index Scan using sbtest3_pkey on sbtest3  (cost=0.43..358.66 rows=90 width=125)
	  Index Cond: ((id >= 6257399) AND (id <= 6257499))

table 4 : explain SELECT id, c FROM sbtest4 WHERE id BETWEEN 6257399 AND 6257499
	Index Scan using sbtest4_pkey on sbtest4  (cost=0.43..396.79 rows=100 width=125)
	  Index Cond: ((id >= 6257399) AND (id <= 6257499))

table 5 : explain SELECT id, c FROM sbtest5 WHERE id BETWEEN 6257399 AND 6257499
	Index Scan using sbtest5_pkey on sbtest5  (cost=0.43..385.42 rows=97 width=125)
	  Index Cond: ((id >= 6257399) AND (id <= 6257499))

table 6 : explain SELECT id, c FROM sbtest6 WHERE id BETWEEN 6257399 AND 6257499
	Index Scan using sbtest6_pkey on sbtest6  (cost=0.43..382.84 rows=96 width=125)
	  Index Cond: ((id >= 6257399) AND (id <= 6257499))

table 7 : explain SELECT id, c FROM sbtest7 WHERE id BETWEEN 6257399 AND 6257499
	Index Scan using sbtest7_pkey on sbtest7  (cost=0.43..373.24 rows=94 width=125)
	  Index Cond: ((id >= 6257399) AND (id <= 6257499))

table 8 : explain SELECT id, c FROM sbtest8 WHERE id BETWEEN 6257399 AND 6257499
	Index Scan using sbtest8_pkey on sbtest8  (cost=0.43..391.90 rows=99 width=125)
	  Index Cond: ((id >= 6257399) AND (id <= 6257499))

explain: for range-notcovered :: explain SELECT id, c FROM sbtest%d WHERE id BETWEEN 6257399 AND 6257499
for range-notcovered
table 1 : explain SELECT id, c FROM sbtest1 WHERE id BETWEEN 4324162 AND 4324262
	Index Scan using sbtest1_pkey on sbtest1  (cost=0.43..402.01 rows=101 width=125)
	  Index Cond: ((id >= 4324162) AND (id <= 4324262))

table 2 : explain SELECT id, c FROM sbtest2 WHERE id BETWEEN 4324162 AND 4324262
	Index Scan using sbtest2_pkey on sbtest2  (cost=0.43..349.93 rows=88 width=125)
	  Index Cond: ((id >= 4324162) AND (id <= 4324262))

table 3 : explain SELECT id, c FROM sbtest3 WHERE id BETWEEN 4324162 AND 4324262
	Index Scan using sbtest3_pkey on sbtest3  (cost=0.43..398.03 rows=100 width=125)
	  Index Cond: ((id >= 4324162) AND (id <= 4324262))

table 4 : explain SELECT id, c FROM sbtest4 WHERE id BETWEEN 4324162 AND 4324262
	Index Scan using sbtest4_pkey on sbtest4  (cost=0.43..424.25 rows=107 width=125)
	  Index Cond: ((id >= 4324162) AND (id <= 4324262))

table 5 : explain SELECT id, c FROM sbtest5 WHERE id BETWEEN 4324162 AND 4324262
	Index Scan using sbtest5_pkey on sbtest5  (cost=0.43..401.12 rows=101 width=125)
	  Index Cond: ((id >= 4324162) AND (id <= 4324262))

table 6 : explain SELECT id, c FROM sbtest6 WHERE id BETWEEN 4324162 AND 4324262
	Index Scan using sbtest6_pkey on sbtest6  (cost=0.43..374.93 rows=94 width=125)
	  Index Cond: ((id >= 4324162) AND (id <= 4324262))

table 7 : explain SELECT id, c FROM sbtest7 WHERE id BETWEEN 4324162 AND 4324262
	Index Scan using sbtest7_pkey on sbtest7  (cost=0.43..381.08 rows=96 width=125)
	  Index Cond: ((id >= 4324162) AND (id <= 4324262))

table 8 : explain SELECT id, c FROM sbtest8 WHERE id BETWEEN 4324162 AND 4324262
	Index Scan using sbtest8_pkey on sbtest8  (cost=0.43..399.72 rows=101 width=125)
	  Index Cond: ((id >= 4324162) AND (id <= 4324262))

explain: for range-notcovered :: explain SELECT id, c FROM sbtest%d WHERE id BETWEEN 4324162 AND 4324262
for range-notcovered
table 1 : explain SELECT id, c FROM sbtest1 WHERE id BETWEEN 3762680 AND 3762780
	Index Scan using sbtest1_pkey on sbtest1  (cost=0.43..394.14 rows=99 width=125)
	  Index Cond: ((id >= 3762680) AND (id <= 3762780))

table 2 : explain SELECT id, c FROM sbtest2 WHERE id BETWEEN 3762680 AND 3762780
	Index Scan using sbtest2_pkey on sbtest2  (cost=0.43..393.12 rows=99 width=125)
	  Index Cond: ((id >= 3762680) AND (id <= 3762780))

table 3 : explain SELECT id, c FROM sbtest3 WHERE id BETWEEN 3762680 AND 3762780
	Index Scan using sbtest3_pkey on sbtest3  (cost=0.43..386.23 rows=97 width=125)
	  Index Cond: ((id >= 3762680) AND (id <= 3762780))

table 4 : explain SELECT id, c FROM sbtest4 WHERE id BETWEEN 3762680 AND 3762780
	Index Scan using sbtest4_pkey on sbtest4  (cost=0.43..447.78 rows=113 width=125)
	  Index Cond: ((id >= 3762680) AND (id <= 3762780))

table 5 : explain SELECT id, c FROM sbtest5 WHERE id BETWEEN 3762680 AND 3762780
	Index Scan using sbtest5_pkey on sbtest5  (cost=0.43..420.75 rows=106 width=125)
	  Index Cond: ((id >= 3762680) AND (id <= 3762780))

table 6 : explain SELECT id, c FROM sbtest6 WHERE id BETWEEN 3762680 AND 3762780
	Index Scan using sbtest6_pkey on sbtest6  (cost=0.43..406.48 rows=102 width=125)
	  Index Cond: ((id >= 3762680) AND (id <= 3762780))

table 7 : explain SELECT id, c FROM sbtest7 WHERE id BETWEEN 3762680 AND 3762780
	Index Scan using sbtest7_pkey on sbtest7  (cost=0.43..428.17 rows=108 width=125)
	  Index Cond: ((id >= 3762680) AND (id <= 3762780))

table 8 : explain SELECT id, c FROM sbtest8 WHERE id BETWEEN 3762680 AND 3762780
	Index Scan using sbtest8_pkey on sbtest8  (cost=0.43..419.28 rows=106 width=125)
	  Index Cond: ((id >= 3762680) AND (id <= 3762780))

for range-notcovered
table 1 : explain SELECT id, c FROM sbtest1 WHERE id BETWEEN 4777504 AND 4777604
	Index Scan using sbtest1_pkey on sbtest1  (cost=0.43..394.14 rows=99 width=125)
	  Index Cond: ((id >= 4777504) AND (id <= 4777604))

table 2 : explain SELECT id, c FROM sbtest2 WHERE id BETWEEN 4777504 AND 4777604
	Index Scan using sbtest2_pkey on sbtest2  (cost=0.43..412.75 rows=104 width=125)
	  Index Cond: ((id >= 4777504) AND (id <= 4777604))

table 3 : explain SELECT id, c FROM sbtest3 WHERE id BETWEEN 4777504 AND 4777604
	Index Scan using sbtest3_pkey on sbtest3  (cost=0.43..354.73 rows=89 width=125)
	  Index Cond: ((id >= 4777504) AND (id <= 4777604))

table 4 : explain SELECT id, c FROM sbtest4 WHERE id BETWEEN 4777504 AND 4777604
	Index Scan using sbtest4_pkey on sbtest4  (cost=0.43..369.32 rows=93 width=125)
	  Index Cond: ((id >= 4777504) AND (id <= 4777604))

table 5 : explain SELECT id, c FROM sbtest5 WHERE id BETWEEN 4777504 AND 4777604
	Index Scan using sbtest5_pkey on sbtest5  (cost=0.43..405.05 rows=102 width=125)
	  Index Cond: ((id >= 4777504) AND (id <= 4777604))

table 6 : explain SELECT id, c FROM sbtest6 WHERE id BETWEEN 4777504 AND 4777604
	Index Scan using sbtest6_pkey on sbtest6  (cost=0.43..370.99 rows=93 width=125)
	  Index Cond: ((id >= 4777504) AND (id <= 4777604))

table 7 : explain SELECT id, c FROM sbtest7 WHERE id BETWEEN 4777504 AND 4777604
	Index Scan using sbtest7_pkey on sbtest7  (cost=0.43..400.72 rows=101 width=125)
	  Index Cond: ((id >= 4777504) AND (id <= 4777604))

table 8 : explain SELECT id, c FROM sbtest8 WHERE id BETWEEN 4777504 AND 4777604
	Index Scan using sbtest8_pkey on sbtest8  (cost=0.43..395.81 rows=100 width=125)
	  Index Cond: ((id >= 4777504) AND (id <= 4777604))

explain: for range-notcovered :: explain SELECT id, c FROM sbtest%d WHERE id BETWEEN 4777504 AND 4777604
for range-notcovered
table 1 : explain SELECT id, c FROM sbtest1 WHERE id BETWEEN 6257399 AND 6257499
	Index Scan using sbtest1_pkey on sbtest1  (cost=0.43..370.53 rows=93 width=125)
	  Index Cond: ((id >= 6257399) AND (id <= 6257499))

table 2 : explain SELECT id, c FROM sbtest2 WHERE id BETWEEN 6257399 AND 6257499
	Index Scan using sbtest2_pkey on sbtest2  (cost=0.43..432.37 rows=109 width=125)
	  Index Cond: ((id >= 6257399) AND (id <= 6257499))

table 3 : explain SELECT id, c FROM sbtest3 WHERE id BETWEEN 6257399 AND 6257499
	Index Scan using sbtest3_pkey on sbtest3  (cost=0.43..358.66 rows=90 width=125)
	  Index Cond: ((id >= 6257399) AND (id <= 6257499))

table 4 : explain SELECT id, c FROM sbtest4 WHERE id BETWEEN 6257399 AND 6257499
	Index Scan using sbtest4_pkey on sbtest4  (cost=0.43..396.79 rows=100 width=125)
	  Index Cond: ((id >= 6257399) AND (id <= 6257499))

table 5 : explain SELECT id, c FROM sbtest5 WHERE id BETWEEN 6257399 AND 6257499
	Index Scan using sbtest5_pkey on sbtest5  (cost=0.43..385.42 rows=97 width=125)
	  Index Cond: ((id >= 6257399) AND (id <= 6257499))

table 6 : explain SELECT id, c FROM sbtest6 WHERE id BETWEEN 6257399 AND 6257499
	Index Scan using sbtest6_pkey on sbtest6  (cost=0.43..382.84 rows=96 width=125)
	  Index Cond: ((id >= 6257399) AND (id <= 6257499))

table 7 : explain SELECT id, c FROM sbtest7 WHERE id BETWEEN 6257399 AND 6257499
	Index Scan using sbtest7_pkey on sbtest7  (cost=0.43..373.24 rows=94 width=125)
	  Index Cond: ((id >= 6257399) AND (id <= 6257499))

table 8 : explain SELECT id, c FROM sbtest8 WHERE id BETWEEN 6257399 AND 6257499
	Index Scan using sbtest8_pkey on sbtest8  (cost=0.43..391.90 rows=99 width=125)
	  Index Cond: ((id >= 6257399) AND (id <= 6257499))

explain: for range-notcovered :: explain SELECT id, c FROM sbtest%d WHERE id BETWEEN 6257399 AND 6257499
for range-notcovered
table 1 : explain SELECT id, c FROM sbtest1 WHERE id BETWEEN 4324162 AND 4324262
	Index Scan using sbtest1_pkey on sbtest1  (cost=0.43..402.01 rows=101 width=125)
	  Index Cond: ((id >= 4324162) AND (id <= 4324262))

table 2 : explain SELECT id, c FROM sbtest2 WHERE id BETWEEN 4324162 AND 4324262
	Index Scan using sbtest2_pkey on sbtest2  (cost=0.43..349.93 rows=88 width=125)
	  Index Cond: ((id >= 4324162) AND (id <= 4324262))

table 3 : explain SELECT id, c FROM sbtest3 WHERE id BETWEEN 4324162 AND 4324262
	Index Scan using sbtest3_pkey on sbtest3  (cost=0.43..398.03 rows=100 width=125)
	  Index Cond: ((id >= 4324162) AND (id <= 4324262))

table 4 : explain SELECT id, c FROM sbtest4 WHERE id BETWEEN 4324162 AND 4324262
	Index Scan using sbtest4_pkey on sbtest4  (cost=0.43..424.25 rows=107 width=125)
	  Index Cond: ((id >= 4324162) AND (id <= 4324262))

table 5 : explain SELECT id, c FROM sbtest5 WHERE id BETWEEN 4324162 AND 4324262
	Index Scan using sbtest5_pkey on sbtest5  (cost=0.43..401.12 rows=101 width=125)
	  Index Cond: ((id >= 4324162) AND (id <= 4324262))

table 6 : explain SELECT id, c FROM sbtest6 WHERE id BETWEEN 4324162 AND 4324262
	Index Scan using sbtest6_pkey on sbtest6  (cost=0.43..374.93 rows=94 width=125)
	  Index Cond: ((id >= 4324162) AND (id <= 4324262))

table 7 : explain SELECT id, c FROM sbtest7 WHERE id BETWEEN 4324162 AND 4324262
	Index Scan using sbtest7_pkey on sbtest7  (cost=0.43..381.08 rows=96 width=125)
	  Index Cond: ((id >= 4324162) AND (id <= 4324262))

table 8 : explain SELECT id, c FROM sbtest8 WHERE id BETWEEN 4324162 AND 4324262
	Index Scan using sbtest8_pkey on sbtest8  (cost=0.43..399.72 rows=101 width=125)
	  Index Cond: ((id >= 4324162) AND (id <= 4324262))

explain: for range-notcovered :: explain SELECT id, c FROM sbtest%d WHERE id BETWEEN 4324162 AND 4324262
for range-notcovered
table 1 : explain SELECT id, c FROM sbtest1 WHERE id BETWEEN 4777504 AND 4777604
	Index Scan using sbtest1_pkey on sbtest1  (cost=0.43..394.14 rows=99 width=125)
	  Index Cond: ((id >= 4777504) AND (id <= 4777604))

table 2 : explain SELECT id, c FROM sbtest2 WHERE id BETWEEN 4777504 AND 4777604
	Index Scan using sbtest2_pkey on sbtest2  (cost=0.43..412.75 rows=104 width=125)
	  Index Cond: ((id >= 4777504) AND (id <= 4777604))

table 3 : explain SELECT id, c FROM sbtest3 WHERE id BETWEEN 4777504 AND 4777604
	Index Scan using sbtest3_pkey on sbtest3  (cost=0.43..354.73 rows=89 width=125)
	  Index Cond: ((id >= 4777504) AND (id <= 4777604))

table 4 : explain SELECT id, c FROM sbtest4 WHERE id BETWEEN 4777504 AND 4777604
	Index Scan using sbtest4_pkey on sbtest4  (cost=0.43..369.32 rows=93 width=125)
	  Index Cond: ((id >= 4777504) AND (id <= 4777604))

table 5 : explain SELECT id, c FROM sbtest5 WHERE id BETWEEN 4777504 AND 4777604
	Index Scan using sbtest5_pkey on sbtest5  (cost=0.43..405.05 rows=102 width=125)
	  Index Cond: ((id >= 4777504) AND (id <= 4777604))

table 6 : explain SELECT id, c FROM sbtest6 WHERE id BETWEEN 4777504 AND 4777604
	Index Scan using sbtest6_pkey on sbtest6  (cost=0.43..370.99 rows=93 width=125)
	  Index Cond: ((id >= 4777504) AND (id <= 4777604))

table 7 : explain SELECT id, c FROM sbtest7 WHERE id BETWEEN 4777504 AND 4777604
	Index Scan using sbtest7_pkey on sbtest7  (cost=0.43..400.72 rows=101 width=125)
	  Index Cond: ((id >= 4777504) AND (id <= 4777604))

table 8 : explain SELECT id, c FROM sbtest8 WHERE id BETWEEN 4777504 AND 4777604
	Index Scan using sbtest8_pkey on sbtest8  (cost=0.43..395.81 rows=100 width=125)
	  Index Cond: ((id >= 4777504) AND (id <= 4777604))

for range-notcovered
table 1 : explain SELECT id, c FROM sbtest1 WHERE id BETWEEN 6257399 AND 6257499
	Index Scan using sbtest1_pkey on sbtest1  (cost=0.43..370.53 rows=93 width=125)
	  Index Cond: ((id >= 6257399) AND (id <= 6257499))

table 2 : explain SELECT id, c FROM sbtest2 WHERE id BETWEEN 6257399 AND 6257499
	Index Scan using sbtest2_pkey on sbtest2  (cost=0.43..432.37 rows=109 width=125)
	  Index Cond: ((id >= 6257399) AND (id <= 6257499))

table 3 : explain SELECT id, c FROM sbtest3 WHERE id BETWEEN 6257399 AND 6257499
	Index Scan using sbtest3_pkey on sbtest3  (cost=0.43..358.66 rows=90 width=125)
	  Index Cond: ((id >= 6257399) AND (id <= 6257499))

table 4 : explain SELECT id, c FROM sbtest4 WHERE id BETWEEN 6257399 AND 6257499
	Index Scan using sbtest4_pkey on sbtest4  (cost=0.43..396.79 rows=100 width=125)
	  Index Cond: ((id >= 6257399) AND (id <= 6257499))

table 5 : explain SELECT id, c FROM sbtest5 WHERE id BETWEEN 6257399 AND 6257499
	Index Scan using sbtest5_pkey on sbtest5  (cost=0.43..385.42 rows=97 width=125)
	  Index Cond: ((id >= 6257399) AND (id <= 6257499))

table 6 : explain SELECT id, c FROM sbtest6 WHERE id BETWEEN 6257399 AND 6257499
	Index Scan using sbtest6_pkey on sbtest6  (cost=0.43..382.84 rows=96 width=125)
	  Index Cond: ((id >= 6257399) AND (id <= 6257499))

table 7 : explain SELECT id, c FROM sbtest7 WHERE id BETWEEN 6257399 AND 6257499
	Index Scan using sbtest7_pkey on sbtest7  (cost=0.43..373.24 rows=94 width=125)
	  Index Cond: ((id >= 6257399) AND (id <= 6257499))

table 8 : explain SELECT id, c FROM sbtest8 WHERE id BETWEEN 6257399 AND 6257499
	Index Scan using sbtest8_pkey on sbtest8  (cost=0.43..391.90 rows=99 width=125)
	  Index Cond: ((id >= 6257399) AND (id <= 6257499))

explain: for range-notcovered :: explain SELECT id, c FROM sbtest%d WHERE id BETWEEN 6257399 AND 6257499
for range-notcovered
table 1 : explain SELECT id, c FROM sbtest1 WHERE id BETWEEN 4324162 AND 4324262
	Index Scan using sbtest1_pkey on sbtest1  (cost=0.43..402.01 rows=101 width=125)
	  Index Cond: ((id >= 4324162) AND (id <= 4324262))

table 2 : explain SELECT id, c FROM sbtest2 WHERE id BETWEEN 4324162 AND 4324262
	Index Scan using sbtest2_pkey on sbtest2  (cost=0.43..349.93 rows=88 width=125)
	  Index Cond: ((id >= 4324162) AND (id <= 4324262))

table 3 : explain SELECT id, c FROM sbtest3 WHERE id BETWEEN 4324162 AND 4324262
	Index Scan using sbtest3_pkey on sbtest3  (cost=0.43..398.03 rows=100 width=125)
	  Index Cond: ((id >= 4324162) AND (id <= 4324262))

table 4 : explain SELECT id, c FROM sbtest4 WHERE id BETWEEN 4324162 AND 4324262
	Index Scan using sbtest4_pkey on sbtest4  (cost=0.43..424.25 rows=107 width=125)
	  Index Cond: ((id >= 4324162) AND (id <= 4324262))

table 5 : explain SELECT id, c FROM sbtest5 WHERE id BETWEEN 4324162 AND 4324262
	Index Scan using sbtest5_pkey on sbtest5  (cost=0.43..401.12 rows=101 width=125)
	  Index Cond: ((id >= 4324162) AND (id <= 4324262))

table 6 : explain SELECT id, c FROM sbtest6 WHERE id BETWEEN 4324162 AND 4324262
	Index Scan using sbtest6_pkey on sbtest6  (cost=0.43..374.93 rows=94 width=125)
	  Index Cond: ((id >= 4324162) AND (id <= 4324262))

table 7 : explain SELECT id, c FROM sbtest7 WHERE id BETWEEN 4324162 AND 4324262
	Index Scan using sbtest7_pkey on sbtest7  (cost=0.43..381.08 rows=96 width=125)
	  Index Cond: ((id >= 4324162) AND (id <= 4324262))

table 8 : explain SELECT id, c FROM sbtest8 WHERE id BETWEEN 4324162 AND 4324262
	Index Scan using sbtest8_pkey on sbtest8  (cost=0.43..399.72 rows=101 width=125)
	  Index Cond: ((id >= 4324162) AND (id <= 4324262))

explain: for range-notcovered :: explain SELECT id, c FROM sbtest%d WHERE id BETWEEN 4324162 AND 4324262
for range-notcovered
table 1 : explain SELECT id, c FROM sbtest1 WHERE id BETWEEN 5647994 AND 5648094
	Index Scan using sbtest1_pkey on sbtest1  (cost=0.43..370.53 rows=93 width=125)
	  Index Cond: ((id >= 5647994) AND (id <= 5648094))

table 2 : explain SELECT id, c FROM sbtest2 WHERE id BETWEEN 5647994 AND 5648094
	Index Scan using sbtest2_pkey on sbtest2  (cost=0.43..432.37 rows=109 width=125)
	  Index Cond: ((id >= 5647994) AND (id <= 5648094))

table 3 : explain SELECT id, c FROM sbtest3 WHERE id BETWEEN 5647994 AND 5648094
	Index Scan using sbtest3_pkey on sbtest3  (cost=0.43..401.96 rows=101 width=125)
	  Index Cond: ((id >= 5647994) AND (id <= 5648094))

table 4 : explain SELECT id, c FROM sbtest4 WHERE id BETWEEN 5647994 AND 5648094
	Index Scan using sbtest4_pkey on sbtest4  (cost=0.43..412.48 rows=104 width=125)
	  Index Cond: ((id >= 5647994) AND (id <= 5648094))

table 5 : explain SELECT id, c FROM sbtest5 WHERE id BETWEEN 5647994 AND 5648094
	Index Scan using sbtest5_pkey on sbtest5  (cost=0.43..373.62 rows=94 width=125)
	  Index Cond: ((id >= 5647994) AND (id <= 5648094))

table 6 : explain SELECT id, c FROM sbtest6 WHERE id BETWEEN 5647994 AND 5648094
	Index Scan using sbtest6_pkey on sbtest6  (cost=0.43..410.42 rows=103 width=125)
	  Index Cond: ((id >= 5647994) AND (id <= 5648094))

table 7 : explain SELECT id, c FROM sbtest7 WHERE id BETWEEN 5647994 AND 5648094
	Index Scan using sbtest7_pkey on sbtest7  (cost=0.43..381.08 rows=96 width=125)
	  Index Cond: ((id >= 5647994) AND (id <= 5648094))

table 8 : explain SELECT id, c FROM sbtest8 WHERE id BETWEEN 5647994 AND 5648094
	Index Scan using sbtest8_pkey on sbtest8  (cost=0.43..407.55 rows=103 width=125)
	  Index Cond: ((id >= 5647994) AND (id <= 5648094))

explain: for range-notcovered :: explain SELECT id, c FROM sbtest%d WHERE id BETWEEN 5647994 AND 5648094
for range-notcovered
table 1 : explain SELECT id, c FROM sbtest1 WHERE id BETWEEN 6257399 AND 6257499
	Index Scan using sbtest1_pkey on sbtest1  (cost=0.43..370.53 rows=93 width=125)
	  Index Cond: ((id >= 6257399) AND (id <= 6257499))

table 2 : explain SELECT id, c FROM sbtest2 WHERE id BETWEEN 6257399 AND 6257499
	Index Scan using sbtest2_pkey on sbtest2  (cost=0.43..432.37 rows=109 width=125)
	  Index Cond: ((id >= 6257399) AND (id <= 6257499))

table 3 : explain SELECT id, c FROM sbtest3 WHERE id BETWEEN 6257399 AND 6257499
	Index Scan using sbtest3_pkey on sbtest3  (cost=0.43..358.66 rows=90 width=125)
	  Index Cond: ((id >= 6257399) AND (id <= 6257499))

table 4 : explain SELECT id, c FROM sbtest4 WHERE id BETWEEN 6257399 AND 6257499
	Index Scan using sbtest4_pkey on sbtest4  (cost=0.43..396.79 rows=100 width=125)
	  Index Cond: ((id >= 6257399) AND (id <= 6257499))

table 5 : explain SELECT id, c FROM sbtest5 WHERE id BETWEEN 6257399 AND 6257499
	Index Scan using sbtest5_pkey on sbtest5  (cost=0.43..385.42 rows=97 width=125)
	  Index Cond: ((id >= 6257399) AND (id <= 6257499))

table 6 : explain SELECT id, c FROM sbtest6 WHERE id BETWEEN 6257399 AND 6257499
	Index Scan using sbtest6_pkey on sbtest6  (cost=0.43..382.84 rows=96 width=125)
	  Index Cond: ((id >= 6257399) AND (id <= 6257499))

table 7 : explain SELECT id, c FROM sbtest7 WHERE id BETWEEN 6257399 AND 6257499
	Index Scan using sbtest7_pkey on sbtest7  (cost=0.43..373.24 rows=94 width=125)
	  Index Cond: ((id >= 6257399) AND (id <= 6257499))

table 8 : explain SELECT id, c FROM sbtest8 WHERE id BETWEEN 6257399 AND 6257499
	Index Scan using sbtest8_pkey on sbtest8  (cost=0.43..391.90 rows=99 width=125)
	  Index Cond: ((id >= 6257399) AND (id <= 6257499))

for range-notcovered
table 1 : explain SELECT id, c FROM sbtest1 WHERE id BETWEEN 4324162 AND 4324262
	Index Scan using sbtest1_pkey on sbtest1  (cost=0.43..402.01 rows=101 width=125)
	  Index Cond: ((id >= 4324162) AND (id <= 4324262))

table 2 : explain SELECT id, c FROM sbtest2 WHERE id BETWEEN 4324162 AND 4324262
	Index Scan using sbtest2_pkey on sbtest2  (cost=0.43..349.93 rows=88 width=125)
	  Index Cond: ((id >= 4324162) AND (id <= 4324262))

table 3 : explain SELECT id, c FROM sbtest3 WHERE id BETWEEN 4324162 AND 4324262
	Index Scan using sbtest3_pkey on sbtest3  (cost=0.43..398.03 rows=100 width=125)
	  Index Cond: ((id >= 4324162) AND (id <= 4324262))

table 4 : explain SELECT id, c FROM sbtest4 WHERE id BETWEEN 4324162 AND 4324262
	Index Scan using sbtest4_pkey on sbtest4  (cost=0.43..424.25 rows=107 width=125)
	  Index Cond: ((id >= 4324162) AND (id <= 4324262))

table 5 : explain SELECT id, c FROM sbtest5 WHERE id BETWEEN 4324162 AND 4324262
	Index Scan using sbtest5_pkey on sbtest5  (cost=0.43..401.12 rows=101 width=125)
	  Index Cond: ((id >= 4324162) AND (id <= 4324262))

table 6 : explain SELECT id, c FROM sbtest6 WHERE id BETWEEN 4324162 AND 4324262
	Index Scan using sbtest6_pkey on sbtest6  (cost=0.43..374.93 rows=94 width=125)
	  Index Cond: ((id >= 4324162) AND (id <= 4324262))

table 7 : explain SELECT id, c FROM sbtest7 WHERE id BETWEEN 4324162 AND 4324262
	Index Scan using sbtest7_pkey on sbtest7  (cost=0.43..381.08 rows=96 width=125)
	  Index Cond: ((id >= 4324162) AND (id <= 4324262))

table 8 : explain SELECT id, c FROM sbtest8 WHERE id BETWEEN 4324162 AND 4324262
	Index Scan using sbtest8_pkey on sbtest8  (cost=0.43..399.72 rows=101 width=125)
	  Index Cond: ((id >= 4324162) AND (id <= 4324262))

for range-notcovered
table 1 : explain SELECT id, c FROM sbtest1 WHERE id BETWEEN 5647994 AND 5648094
	Index Scan using sbtest1_pkey on sbtest1  (cost=0.43..370.53 rows=93 width=125)
	  Index Cond: ((id >= 5647994) AND (id <= 5648094))

table 2 : explain SELECT id, c FROM sbtest2 WHERE id BETWEEN 5647994 AND 5648094
	Index Scan using sbtest2_pkey on sbtest2  (cost=0.43..432.37 rows=109 width=125)
	  Index Cond: ((id >= 5647994) AND (id <= 5648094))

table 3 : explain SELECT id, c FROM sbtest3 WHERE id BETWEEN 5647994 AND 5648094
	Index Scan using sbtest3_pkey on sbtest3  (cost=0.43..401.96 rows=101 width=125)
	  Index Cond: ((id >= 5647994) AND (id <= 5648094))

table 4 : explain SELECT id, c FROM sbtest4 WHERE id BETWEEN 5647994 AND 5648094
	Index Scan using sbtest4_pkey on sbtest4  (cost=0.43..412.48 rows=104 width=125)
	  Index Cond: ((id >= 5647994) AND (id <= 5648094))

table 5 : explain SELECT id, c FROM sbtest5 WHERE id BETWEEN 5647994 AND 5648094
	Index Scan using sbtest5_pkey on sbtest5  (cost=0.43..373.62 rows=94 width=125)
	  Index Cond: ((id >= 5647994) AND (id <= 5648094))

table 6 : explain SELECT id, c FROM sbtest6 WHERE id BETWEEN 5647994 AND 5648094
	Index Scan using sbtest6_pkey on sbtest6  (cost=0.43..410.42 rows=103 width=125)
	  Index Cond: ((id >= 5647994) AND (id <= 5648094))

table 7 : explain SELECT id, c FROM sbtest7 WHERE id BETWEEN 5647994 AND 5648094
	Index Scan using sbtest7_pkey on sbtest7  (cost=0.43..381.08 rows=96 width=125)
	  Index Cond: ((id >= 5647994) AND (id <= 5648094))

table 8 : explain SELECT id, c FROM sbtest8 WHERE id BETWEEN 5647994 AND 5648094
	Index Scan using sbtest8_pkey on sbtest8  (cost=0.43..407.55 rows=103 width=125)
	  Index Cond: ((id >= 5647994) AND (id <= 5648094))

explain: for range-notcovered :: explain SELECT id, c FROM sbtest%d WHERE id BETWEEN 5647994 AND 5648094
for range-notcovered
table 1 : explain SELECT id, c FROM sbtest1 WHERE id BETWEEN 5647994 AND 5648094
	Index Scan using sbtest1_pkey on sbtest1  (cost=0.43..370.53 rows=93 width=125)
	  Index Cond: ((id >= 5647994) AND (id <= 5648094))

table 2 : explain SELECT id, c FROM sbtest2 WHERE id BETWEEN 5647994 AND 5648094
	Index Scan using sbtest2_pkey on sbtest2  (cost=0.43..432.37 rows=109 width=125)
	  Index Cond: ((id >= 5647994) AND (id <= 5648094))

table 3 : explain SELECT id, c FROM sbtest3 WHERE id BETWEEN 5647994 AND 5648094
	Index Scan using sbtest3_pkey on sbtest3  (cost=0.43..401.96 rows=101 width=125)
	  Index Cond: ((id >= 5647994) AND (id <= 5648094))

table 4 : explain SELECT id, c FROM sbtest4 WHERE id BETWEEN 5647994 AND 5648094
	Index Scan using sbtest4_pkey on sbtest4  (cost=0.43..412.48 rows=104 width=125)
	  Index Cond: ((id >= 5647994) AND (id <= 5648094))

table 5 : explain SELECT id, c FROM sbtest5 WHERE id BETWEEN 5647994 AND 5648094
	Index Scan using sbtest5_pkey on sbtest5  (cost=0.43..373.62 rows=94 width=125)
	  Index Cond: ((id >= 5647994) AND (id <= 5648094))

table 6 : explain SELECT id, c FROM sbtest6 WHERE id BETWEEN 5647994 AND 5648094
	Index Scan using sbtest6_pkey on sbtest6  (cost=0.43..410.42 rows=103 width=125)
	  Index Cond: ((id >= 5647994) AND (id <= 5648094))

table 7 : explain SELECT id, c FROM sbtest7 WHERE id BETWEEN 5647994 AND 5648094
	Index Scan using sbtest7_pkey on sbtest7  (cost=0.43..381.08 rows=96 width=125)
	  Index Cond: ((id >= 5647994) AND (id <= 5648094))

table 8 : explain SELECT id, c FROM sbtest8 WHERE id BETWEEN 5647994 AND 5648094
	Index Scan using sbtest8_pkey on sbtest8  (cost=0.43..407.55 rows=103 width=125)
	  Index Cond: ((id >= 5647994) AND (id <= 5648094))

explain: for range-notcovered :: explain SELECT id, c FROM sbtest%d WHERE id BETWEEN 5647994 AND 5648094
for range-notcovered
table 1 : explain SELECT id, c FROM sbtest1 WHERE id BETWEEN 5647994 AND 5648094
	Index Scan using sbtest1_pkey on sbtest1  (cost=0.43..370.53 rows=93 width=125)
	  Index Cond: ((id >= 5647994) AND (id <= 5648094))

table 2 : explain SELECT id, c FROM sbtest2 WHERE id BETWEEN 5647994 AND 5648094
	Index Scan using sbtest2_pkey on sbtest2  (cost=0.43..432.37 rows=109 width=125)
	  Index Cond: ((id >= 5647994) AND (id <= 5648094))

table 3 : explain SELECT id, c FROM sbtest3 WHERE id BETWEEN 5647994 AND 5648094
	Index Scan using sbtest3_pkey on sbtest3  (cost=0.43..401.96 rows=101 width=125)
	  Index Cond: ((id >= 5647994) AND (id <= 5648094))

table 4 : explain SELECT id, c FROM sbtest4 WHERE id BETWEEN 5647994 AND 5648094
	Index Scan using sbtest4_pkey on sbtest4  (cost=0.43..412.48 rows=104 width=125)
	  Index Cond: ((id >= 5647994) AND (id <= 5648094))

table 5 : explain SELECT id, c FROM sbtest5 WHERE id BETWEEN 5647994 AND 5648094
	Index Scan using sbtest5_pkey on sbtest5  (cost=0.43..373.62 rows=94 width=125)
	  Index Cond: ((id >= 5647994) AND (id <= 5648094))

table 6 : explain SELECT id, c FROM sbtest6 WHERE id BETWEEN 5647994 AND 5648094
	Index Scan using sbtest6_pkey on sbtest6  (cost=0.43..410.42 rows=103 width=125)
	  Index Cond: ((id >= 5647994) AND (id <= 5648094))

table 7 : explain SELECT id, c FROM sbtest7 WHERE id BETWEEN 5647994 AND 5648094
	Index Scan using sbtest7_pkey on sbtest7  (cost=0.43..381.08 rows=96 width=125)
	  Index Cond: ((id >= 5647994) AND (id <= 5648094))

table 8 : explain SELECT id, c FROM sbtest8 WHERE id BETWEEN 5647994 AND 5648094
	Index Scan using sbtest8_pkey on sbtest8  (cost=0.43..407.55 rows=103 width=125)
	  Index Cond: ((id >= 5647994) AND (id <= 5648094))

explain: for range-notcovered :: explain SELECT id, c FROM sbtest%d WHERE id BETWEEN 5647994 AND 5648094
for range-notcovered
table 1 : explain SELECT id, c FROM sbtest1 WHERE id BETWEEN 5647994 AND 5648094
	Index Scan using sbtest1_pkey on sbtest1  (cost=0.43..370.53 rows=93 width=125)
	  Index Cond: ((id >= 5647994) AND (id <= 5648094))

table 2 : explain SELECT id, c FROM sbtest2 WHERE id BETWEEN 5647994 AND 5648094
	Index Scan using sbtest2_pkey on sbtest2  (cost=0.43..432.37 rows=109 width=125)
	  Index Cond: ((id >= 5647994) AND (id <= 5648094))

table 3 : explain SELECT id, c FROM sbtest3 WHERE id BETWEEN 5647994 AND 5648094
	Index Scan using sbtest3_pkey on sbtest3  (cost=0.43..401.96 rows=101 width=125)
	  Index Cond: ((id >= 5647994) AND (id <= 5648094))

table 4 : explain SELECT id, c FROM sbtest4 WHERE id BETWEEN 5647994 AND 5648094
	Index Scan using sbtest4_pkey on sbtest4  (cost=0.43..412.48 rows=104 width=125)
	  Index Cond: ((id >= 5647994) AND (id <= 5648094))

table 5 : explain SELECT id, c FROM sbtest5 WHERE id BETWEEN 5647994 AND 5648094
	Index Scan using sbtest5_pkey on sbtest5  (cost=0.43..373.62 rows=94 width=125)
	  Index Cond: ((id >= 5647994) AND (id <= 5648094))

table 6 : explain SELECT id, c FROM sbtest6 WHERE id BETWEEN 5647994 AND 5648094
	Index Scan using sbtest6_pkey on sbtest6  (cost=0.43..410.42 rows=103 width=125)
	  Index Cond: ((id >= 5647994) AND (id <= 5648094))

table 7 : explain SELECT id, c FROM sbtest7 WHERE id BETWEEN 5647994 AND 5648094
	Index Scan using sbtest7_pkey on sbtest7  (cost=0.43..381.08 rows=96 width=125)
	  Index Cond: ((id >= 5647994) AND (id <= 5648094))

table 8 : explain SELECT id, c FROM sbtest8 WHERE id BETWEEN 5647994 AND 5648094
	Index Scan using sbtest8_pkey on sbtest8  (cost=0.43..407.55 rows=103 width=125)
	  Index Cond: ((id >= 5647994) AND (id <= 5648094))

explain: for range-notcovered :: explain SELECT id, c FROM sbtest%d WHERE id BETWEEN 5647994 AND 5648094
for range-notcovered
table 1 : explain SELECT id, c FROM sbtest1 WHERE id BETWEEN 5647994 AND 5648094
	Index Scan using sbtest1_pkey on sbtest1  (cost=0.43..370.53 rows=93 width=125)
	  Index Cond: ((id >= 5647994) AND (id <= 5648094))

table 2 : explain SELECT id, c FROM sbtest2 WHERE id BETWEEN 5647994 AND 5648094
	Index Scan using sbtest2_pkey on sbtest2  (cost=0.43..432.37 rows=109 width=125)
	  Index Cond: ((id >= 5647994) AND (id <= 5648094))

table 3 : explain SELECT id, c FROM sbtest3 WHERE id BETWEEN 5647994 AND 5648094
	Index Scan using sbtest3_pkey on sbtest3  (cost=0.43..401.96 rows=101 width=125)
	  Index Cond: ((id >= 5647994) AND (id <= 5648094))

table 4 : explain SELECT id, c FROM sbtest4 WHERE id BETWEEN 5647994 AND 5648094
	Index Scan using sbtest4_pkey on sbtest4  (cost=0.43..412.48 rows=104 width=125)
	  Index Cond: ((id >= 5647994) AND (id <= 5648094))

table 5 : explain SELECT id, c FROM sbtest5 WHERE id BETWEEN 5647994 AND 5648094
	Index Scan using sbtest5_pkey on sbtest5  (cost=0.43..373.62 rows=94 width=125)
	  Index Cond: ((id >= 5647994) AND (id <= 5648094))

table 6 : explain SELECT id, c FROM sbtest6 WHERE id BETWEEN 5647994 AND 5648094
	Index Scan using sbtest6_pkey on sbtest6  (cost=0.43..410.42 rows=103 width=125)
	  Index Cond: ((id >= 5647994) AND (id <= 5648094))

table 7 : explain SELECT id, c FROM sbtest7 WHERE id BETWEEN 5647994 AND 5648094
	Index Scan using sbtest7_pkey on sbtest7  (cost=0.43..381.08 rows=96 width=125)
	  Index Cond: ((id >= 5647994) AND (id <= 5648094))

table 8 : explain SELECT id, c FROM sbtest8 WHERE id BETWEEN 5647994 AND 5648094
	Index Scan using sbtest8_pkey on sbtest8  (cost=0.43..407.55 rows=103 width=125)
	  Index Cond: ((id >= 5647994) AND (id <= 5648094))

explain: for range-notcovered :: explain SELECT id, c FROM sbtest%d WHERE id BETWEEN 5647994 AND 5648094
for range-notcovered
table 1 : explain SELECT id, c FROM sbtest1 WHERE id BETWEEN 5647994 AND 5648094
	Index Scan using sbtest1_pkey on sbtest1  (cost=0.43..370.53 rows=93 width=125)
	  Index Cond: ((id >= 5647994) AND (id <= 5648094))

table 2 : explain SELECT id, c FROM sbtest2 WHERE id BETWEEN 5647994 AND 5648094
	Index Scan using sbtest2_pkey on sbtest2  (cost=0.43..432.37 rows=109 width=125)
	  Index Cond: ((id >= 5647994) AND (id <= 5648094))

table 3 : explain SELECT id, c FROM sbtest3 WHERE id BETWEEN 5647994 AND 5648094
	Index Scan using sbtest3_pkey on sbtest3  (cost=0.43..401.96 rows=101 width=125)
	  Index Cond: ((id >= 5647994) AND (id <= 5648094))

table 4 : explain SELECT id, c FROM sbtest4 WHERE id BETWEEN 5647994 AND 5648094
	Index Scan using sbtest4_pkey on sbtest4  (cost=0.43..412.48 rows=104 width=125)
	  Index Cond: ((id >= 5647994) AND (id <= 5648094))

table 5 : explain SELECT id, c FROM sbtest5 WHERE id BETWEEN 5647994 AND 5648094
	Index Scan using sbtest5_pkey on sbtest5  (cost=0.43..373.62 rows=94 width=125)
	  Index Cond: ((id >= 5647994) AND (id <= 5648094))

table 6 : explain SELECT id, c FROM sbtest6 WHERE id BETWEEN 5647994 AND 5648094
	Index Scan using sbtest6_pkey on sbtest6  (cost=0.43..410.42 rows=103 width=125)
	  Index Cond: ((id >= 5647994) AND (id <= 5648094))

table 7 : explain SELECT id, c FROM sbtest7 WHERE id BETWEEN 5647994 AND 5648094
	Index Scan using sbtest7_pkey on sbtest7  (cost=0.43..381.08 rows=96 width=125)
	  Index Cond: ((id >= 5647994) AND (id <= 5648094))

table 8 : explain SELECT id, c FROM sbtest8 WHERE id BETWEEN 5647994 AND 5648094
	Index Scan using sbtest8_pkey on sbtest8  (cost=0.43..407.55 rows=103 width=125)
	  Index Cond: ((id >= 5647994) AND (id <= 5648094))

explain: for range-notcovered :: explain SELECT id, c FROM sbtest%d WHERE id BETWEEN 5647994 AND 5648094
for range-notcovered
table 1 : explain SELECT id, c FROM sbtest1 WHERE id BETWEEN 5647994 AND 5648094
	Index Scan using sbtest1_pkey on sbtest1  (cost=0.43..370.53 rows=93 width=125)
	  Index Cond: ((id >= 5647994) AND (id <= 5648094))

table 2 : explain SELECT id, c FROM sbtest2 WHERE id BETWEEN 5647994 AND 5648094
	Index Scan using sbtest2_pkey on sbtest2  (cost=0.43..432.37 rows=109 width=125)
	  Index Cond: ((id >= 5647994) AND (id <= 5648094))

table 3 : explain SELECT id, c FROM sbtest3 WHERE id BETWEEN 5647994 AND 5648094
	Index Scan using sbtest3_pkey on sbtest3  (cost=0.43..401.96 rows=101 width=125)
	  Index Cond: ((id >= 5647994) AND (id <= 5648094))

table 4 : explain SELECT id, c FROM sbtest4 WHERE id BETWEEN 5647994 AND 5648094
	Index Scan using sbtest4_pkey on sbtest4  (cost=0.43..412.48 rows=104 width=125)
	  Index Cond: ((id >= 5647994) AND (id <= 5648094))

table 5 : explain SELECT id, c FROM sbtest5 WHERE id BETWEEN 5647994 AND 5648094
	Index Scan using sbtest5_pkey on sbtest5  (cost=0.43..373.62 rows=94 width=125)
	  Index Cond: ((id >= 5647994) AND (id <= 5648094))

table 6 : explain SELECT id, c FROM sbtest6 WHERE id BETWEEN 5647994 AND 5648094
	Index Scan using sbtest6_pkey on sbtest6  (cost=0.43..410.42 rows=103 width=125)
	  Index Cond: ((id >= 5647994) AND (id <= 5648094))

table 7 : explain SELECT id, c FROM sbtest7 WHERE id BETWEEN 5647994 AND 5648094
	Index Scan using sbtest7_pkey on sbtest7  (cost=0.43..381.08 rows=96 width=125)
	  Index Cond: ((id >= 5647994) AND (id <= 5648094))

table 8 : explain SELECT id, c FROM sbtest8 WHERE id BETWEEN 5647994 AND 5648094
	Index Scan using sbtest8_pkey on sbtest8  (cost=0.43..407.55 rows=103 width=125)
	  Index Cond: ((id >= 5647994) AND (id <= 5648094))

Threads started!

Warming up for 5 seconds...

SQL statistics:
    queries performed:
        read:                            119376757
        write:                           0
        other:                           0
        total:                           119376757
    transactions:                        119376757 (189485.05 per sec.)
    queries:                             119376757 (189485.05 per sec.)
    ignored errors:                      0      (0.00 per sec.)
    reconnects:                          0      (0.00 per sec.)

Throughput:
    events/s (eps):                      189485.0501
    time elapsed:                        630.0063s
    total number of events:              119376757

Latency (ms):
         min:                                    0.07
         avg:                                    0.21
         max:                                   24.36
         95th percentile:                        0.23
         sum:                             25149072.76

Threads fairness:
    events (avg/stddev):           2984416.0750/8627.38
    execution time (avg/stddev):   628.7268/0.04

