LUA_PATH=/home/mdcallag/git/mytools/bench/sysbench.lua/lua/?.lua /home/mdcallag/git/mytools/bench/sysbench.lua/lua/sysbench --db-driver=pgsql --range-size=100 --table-size=10000000 --tables=8 --threads=40 --events=0 --warmup-time=5 --time=930 --pgsql_conn_id=true /home/mdcallag/git/mytools/bench/sysbench.lua/lua/oltp_read_write.lua run --pgsql-user=root --pgsql-password=pw --pgsql-host=127.0.0.1 --pgsql-db=ib --rand-type=uniform
48 CPUs
sysbench 1.1.0-9072687 (using bundled LuaJIT 2.1.0-beta3)

Running the test with following options:
Number of threads: 40
Warmup time: 5s
Initializing random number generator from current time


Initializing worker threads...

explain: for point_selects :: explain SELECT c FROM sbtest%u WHERE id=%u
explain: for point_selects :: explain SELECT c FROM sbtest%u WHERE id=%u
explain: for point_selects :: explain SELECT c FROM sbtest%u WHERE id=%u
explain: for point_selects :: explain SELECT c FROM sbtest%u WHERE id=%u
explain: for point_selects :: explain SELECT c FROM sbtest%u WHERE id=%u
explain: for point_selects :: explain SELECT c FROM sbtest%u WHERE id=%u
for point_selects
table 1 : explain SELECT c FROM sbtest1 WHERE id=671363
	Index Scan using sbtest1_pkey on sbtest1  (cost=0.43..8.45 rows=1 width=121)
	  Index Cond: (id = 671363)

table 2 : explain SELECT c FROM sbtest2 WHERE id=5905724
	Index Scan using sbtest2_pkey on sbtest2  (cost=0.43..8.45 rows=1 width=121)
	  Index Cond: (id = 5905724)

table 3 : explain SELECT c FROM sbtest3 WHERE id=1880412
	Index Scan using sbtest3_pkey on sbtest3  (cost=0.43..8.45 rows=1 width=121)
	  Index Cond: (id = 1880412)

table 4 : explain SELECT c FROM sbtest4 WHERE id=4985534
	Index Scan using sbtest4_pkey on sbtest4  (cost=0.43..8.45 rows=1 width=121)
	  Index Cond: (id = 4985534)

table 5 : explain SELECT c FROM sbtest5 WHERE id=4002412
	Index Scan using sbtest5_pkey on sbtest5  (cost=0.43..8.45 rows=1 width=121)
	  Index Cond: (id = 4002412)

table 6 : explain SELECT c FROM sbtest6 WHERE id=7388417
	Index Scan using sbtest6_pkey on sbtest6  (cost=0.43..8.45 rows=1 width=121)
	  Index Cond: (id = 7388417)

table 7 : explain SELECT c FROM sbtest7 WHERE id=9764175
	Index Scan using sbtest7_pkey on sbtest7  (cost=0.43..8.45 rows=1 width=121)
	  Index Cond: (id = 9764175)

table 8 : explain SELECT c FROM sbtest8 WHERE id=7115696
	Index Scan using sbtest8_pkey on sbtest8  (cost=0.43..8.45 rows=1 width=121)
	  Index Cond: (id = 7115696)

for point_selects
table 1 : explain SELECT c FROM sbtest1 WHERE id=9538694
	Index Scan using sbtest1_pkey on sbtest1  (cost=0.43..8.45 rows=1 width=121)
	  Index Cond: (id = 9538694)

table 2 : explain SELECT c FROM sbtest2 WHERE id=3906148
	Index Scan using sbtest2_pkey on sbtest2  (cost=0.43..8.45 rows=1 width=121)
	  Index Cond: (id = 3906148)

table 3 : explain SELECT c FROM sbtest3 WHERE id=4704665
	Index Scan using sbtest3_pkey on sbtest3  (cost=0.43..8.45 rows=1 width=121)
	  Index Cond: (id = 4704665)

table 4 : explain SELECT c FROM sbtest4 WHERE id=3698950
	Index Scan using sbtest4_pkey on sbtest4  (cost=0.43..8.45 rows=1 width=121)
	  Index Cond: (id = 3698950)

table 5 : explain SELECT c FROM sbtest5 WHERE id=4948647
	Index Scan using sbtest5_pkey on sbtest5  (cost=0.43..8.45 rows=1 width=121)
	  Index Cond: (id = 4948647)

table 6 : explain SELECT c FROM sbtest6 WHERE id=2471115
	Index Scan using sbtest6_pkey on sbtest6  (cost=0.43..8.45 rows=1 width=121)
	  Index Cond: (id = 2471115)

table 7 : explain SELECT c FROM sbtest7 WHERE id=1887803
	Index Scan using sbtest7_pkey on sbtest7  (cost=0.43..8.45 rows=1 width=121)
	  Index Cond: (id = 1887803)

table 8 : explain SELECT c FROM sbtest8 WHERE id=7976587
	Index Scan using sbtest8_pkey on sbtest8  (cost=0.43..8.45 rows=1 width=121)
	  Index Cond: (id = 7976587)

for point_selects
table 1 : explain SELECT c FROM sbtest1 WHERE id=2340281
	Index Scan using sbtest1_pkey on sbtest1  (cost=0.43..8.45 rows=1 width=121)
	  Index Cond: (id = 2340281)

table 2 : explain SELECT c FROM sbtest2 WHERE id=7512918
	Index Scan using sbtest2_pkey on sbtest2  (cost=0.43..8.45 rows=1 width=121)
	  Index Cond: (id = 7512918)

table 3 : explain SELECT c FROM sbtest3 WHERE id=8651091
	Index Scan using sbtest3_pkey on sbtest3  (cost=0.43..8.45 rows=1 width=121)
	  Index Cond: (id = 8651091)

table 4 : explain SELECT c FROM sbtest4 WHERE id=4110352
	Index Scan using sbtest4_pkey on sbtest4  (cost=0.43..8.45 rows=1 width=121)
	  Index Cond: (id = 4110352)

table 5 : explain SELECT c FROM sbtest5 WHERE id=3450622
	Index Scan using sbtest5_pkey on sbtest5  (cost=0.43..8.45 rows=1 width=121)
	  Index Cond: (id = 3450622)

table 6 : explain SELECT c FROM sbtest6 WHERE id=8276873
	Index Scan using sbtest6_pkey on sbtest6  (cost=0.43..8.45 rows=1 width=121)
	  Index Cond: (id = 8276873)

table 7 : explain SELECT c FROM sbtest7 WHERE id=9387579
	Index Scan using sbtest7_pkey on sbtest7  (cost=0.43..8.45 rows=1 width=121)
	  Index Cond: (id = 9387579)

table 8 : explain SELECT c FROM sbtest8 WHERE id=7686582
	Index Scan using sbtest8_pkey on sbtest8  (cost=0.43..8.45 rows=1 width=121)
	  Index Cond: (id = 7686582)

for: simple_ranges
table 1 : explain SELECT c FROM sbtest1 WHERE id BETWEEN 8383983 AND 8384082
	Index Scan using sbtest1_pkey on sbtest1  (cost=0.43..391.33 rows=102 width=121)
	  Index Cond: ((id >= 8383983) AND (id <= 8384082))

table 2 : explain SELECT c FROM sbtest2 WHERE id BETWEEN 4551512 AND 4551611
	Index Scan using sbtest2_pkey on sbtest2  (cost=0.43..350.59 rows=91 width=121)
	  Index Cond: ((id >= 4551512) AND (id <= 4551611))

table 3 : explain SELECT c FROM sbtest3 WHERE id BETWEEN 3552583 AND 3552682
	Index Scan using sbtest3_pkey on sbtest3  (cost=0.43..381.59 rows=99 width=121)
	  Index Cond: ((id >= 3552583) AND (id <= 3552682))

table 4 : explain SELECT c FROM sbtest4 WHERE id BETWEEN 551365 AND 551464
	Index Scan using sbtest4_pkey on sbtest4  (cost=0.43..411.36 rows=107 width=121)
	  Index Cond: ((id >= 551365) AND (id <= 551464))

table 5 : explain SELECT c FROM sbtest5 WHERE id BETWEEN 9897922 AND 9898021
	Index Scan using sbtest5_pkey on sbtest5  (cost=0.43..354.28 rows=92 width=121)
	  Index Cond: ((id >= 9897922) AND (id <= 9898021))

table 6 : explain SELECT c FROM sbtest6 WHERE id BETWEEN 4118258 AND 4118357
	Index Scan using sbtest6_pkey on sbtest6  (cost=0.43..354.94 rows=92 width=121)
	  Index Cond: ((id >= 4118258) AND (id <= 4118357))

table 7 : explain SELECT c FROM sbtest7 WHERE id BETWEEN 1361355 AND 1361454
	Index Scan using sbtest7_pkey on sbtest7  (cost=0.43..397.99 rows=103 width=121)
	  Index Cond: ((id >= 1361355) AND (id <= 1361454))

table 8 : explain SELECT c FROM sbtest8 WHERE id BETWEEN 875128 AND 875227
	Index Scan using sbtest8_pkey on sbtest8  (cost=0.43..407.94 rows=106 width=121)
	  Index Cond: ((id >= 875128) AND (id <= 875227))

for point_selects
table 1 : explain SELECT c FROM sbtest1 WHERE id=1587099
	Index Scan using sbtest1_pkey on sbtest1  (cost=0.43..8.45 rows=1 width=121)
	  Index Cond: (id = 1587099)

table 2 : explain SELECT c FROM sbtest2 WHERE id=8215925
	Index Scan using sbtest2_pkey on sbtest2  (cost=0.43..8.45 rows=1 width=121)
	  Index Cond: (id = 8215925)

table 3 : explain SELECT c FROM sbtest3 WHERE id=85794
	Index Scan using sbtest3_pkey on sbtest3  (cost=0.43..8.45 rows=1 width=121)
	  Index Cond: (id = 85794)

table 4 : explain SELECT c FROM sbtest4 WHERE id=8493400
	Index Scan using sbtest4_pkey on sbtest4  (cost=0.43..8.45 rows=1 width=121)
	  Index Cond: (id = 8493400)

table 5 : explain SELECT c FROM sbtest5 WHERE id=292296
	Index Scan using sbtest5_pkey on sbtest5  (cost=0.43..8.45 rows=1 width=121)
	  Index Cond: (id = 292296)

table 6 : explain SELECT c FROM sbtest6 WHERE id=8038411
	Index Scan using sbtest6_pkey on sbtest6  (cost=0.43..8.45 rows=1 width=121)
	  Index Cond: (id = 8038411)

table 7 : explain SELECT c FROM sbtest7 WHERE id=3309051
	Index Scan using sbtest7_pkey on sbtest7  (cost=0.43..8.45 rows=1 width=121)
	  Index Cond: (id = 3309051)

table 8 : explain SELECT c FROM sbtest8 WHERE id=8403462
	Index Scan using sbtest8_pkey on sbtest8  (cost=0.43..8.45 rows=1 width=121)
	  Index Cond: (id = 8403462)

for: simple_ranges
table 1 : explain SELECT c FROM sbtest1 WHERE id BETWEEN 8192815 AND 8192914
	Index Scan using sbtest1_pkey on sbtest1  (cost=0.43..368.59 rows=96 width=121)
	  Index Cond: ((id >= 8192815) AND (id <= 8192914))

table 2 : explain SELECT c FROM sbtest2 WHERE id BETWEEN 1013761 AND 1013860
	Index Scan using sbtest2_pkey on sbtest2  (cost=0.43..396.25 rows=103 width=121)
	  Index Cond: ((id >= 1013761) AND (id <= 1013860))

table 3 : explain SELECT c FROM sbtest3 WHERE id BETWEEN 1415682 AND 1415781
	Index Scan using sbtest3_pkey on sbtest3  (cost=0.43..396.81 rows=103 width=121)
	  Index Cond: ((id >= 1415682) AND (id <= 1415781))

table 4 : explain SELECT c FROM sbtest4 WHERE id BETWEEN 8978287 AND 8978386
	Index Scan using sbtest4_pkey on sbtest4  (cost=0.43..380.96 rows=99 width=121)
	  Index Cond: ((id >= 8978287) AND (id <= 8978386))

table 5 : explain SELECT c FROM sbtest5 WHERE id BETWEEN 1318848 AND 1318947
	Index Scan using sbtest5_pkey on sbtest5  (cost=0.43..358.07 rows=93 width=121)
	  Index Cond: ((id >= 1318848) AND (id <= 1318947))

table 6 : explain SELECT c FROM sbtest6 WHERE id BETWEEN 59521 AND 59620
	Index Scan using sbtest6_pkey on sbtest6  (cost=0.43..358.75 rows=93 width=121)
	  Index Cond: ((id >= 59521) AND (id <= 59620))

table 7 : explain SELECT c FROM sbtest7 WHERE id BETWEEN 7864661 AND 7864760
	Index Scan using sbtest7_pkey on sbtest7  (cost=0.43..382.72 rows=99 width=121)
	  Index Cond: ((id >= 7864661) AND (id <= 7864760))

table 8 : explain SELECT c FROM sbtest8 WHERE id BETWEEN 9963431 AND 9963530
	Index Scan using sbtest8_pkey on sbtest8  (cost=0.43..350.84 rows=91 width=121)
	  Index Cond: ((id >= 9963431) AND (id <= 9963530))

for: simple_ranges
table 1 : explain SELECT c FROM sbtest1 WHERE id BETWEEN 1883089 AND 1883188
	Index Scan using sbtest1_pkey on sbtest1  (cost=0.43..383.75 rows=100 width=121)
	  Index Cond: ((id >= 1883089) AND (id <= 1883188))

table 2 : explain SELECT c FROM sbtest2 WHERE id BETWEEN 8602012 AND 8602111
	Index Scan using sbtest2_pkey on sbtest2  (cost=0.43..403.85 rows=105 width=121)
	  Index Cond: ((id >= 8602012) AND (id <= 8602111))

table 3 : explain SELECT c FROM sbtest3 WHERE id BETWEEN 4006263 AND 4006362
	Index Scan using sbtest3_pkey on sbtest3  (cost=0.43..373.98 rows=97 width=121)
	  Index Cond: ((id >= 4006263) AND (id <= 4006362))

table 4 : explain SELECT c FROM sbtest4 WHERE id BETWEEN 3633299 AND 3633398
	Index Scan using sbtest4_pkey on sbtest4  (cost=0.43..358.11 rows=93 width=121)
	  Index Cond: ((id >= 3633299) AND (id <= 3633398))

table 5 : explain SELECT c FROM sbtest5 WHERE id BETWEEN 6125056 AND 6125155
	Index Scan using sbtest5_pkey on sbtest5  (cost=0.43..418.91 rows=109 width=121)
	  Index Cond: ((id >= 6125056) AND (id <= 6125155))

table 6 : explain SELECT c FROM sbtest6 WHERE id BETWEEN 2980883 AND 2980982
	Index Scan using sbtest6_pkey on sbtest6  (cost=0.43..419.70 rows=109 width=121)
	  Index Cond: ((id >= 2980883) AND (id <= 2980982))

table 7 : explain SELECT c FROM sbtest7 WHERE id BETWEEN 9286726 AND 9286825
	Index Scan using sbtest7_pkey on sbtest7  (cost=0.43..405.62 rows=105 width=121)
	  Index Cond: ((id >= 9286726) AND (id <= 9286825))

table 8 : explain SELECT c FROM sbtest8 WHERE id BETWEEN 9280115 AND 9280214
	Index Scan using sbtest8_pkey on sbtest8  (cost=0.43..373.71 rows=97 width=121)
	  Index Cond: ((id >= 9280115) AND (id <= 9280214))

for: simple_ranges
table 1 : explain SELECT c FROM sbtest1 WHERE id BETWEEN 2507510 AND 2507609
	Index Scan using sbtest1_pkey on sbtest1  (cost=0.43..383.75 rows=100 width=121)
	  Index Cond: ((id >= 2507510) AND (id <= 2507609))

table 2 : explain SELECT c FROM sbtest2 WHERE id BETWEEN 4384622 AND 4384721
	Index Scan using sbtest2_pkey on sbtest2  (cost=0.43..354.39 rows=92 width=121)
	  Index Cond: ((id >= 4384622) AND (id <= 4384721))

table 3 : explain SELECT c FROM sbtest3 WHERE id BETWEEN 1294330 AND 1294429
	Index Scan using sbtest3_pkey on sbtest3  (cost=0.43..366.31 rows=95 width=121)
	  Index Cond: ((id >= 1294330) AND (id <= 1294429))

table 4 : explain SELECT c FROM sbtest4 WHERE id BETWEEN 5126616 AND 5126715
	Index Scan using sbtest4_pkey on sbtest4  (cost=0.43..396.16 rows=103 width=121)
	  Index Cond: ((id >= 5126616) AND (id <= 5126715))

table 5 : explain SELECT c FROM sbtest5 WHERE id BETWEEN 8754230 AND 8754329
	Index Scan using sbtest5_pkey on sbtest5  (cost=0.43..392.32 rows=102 width=121)
	  Index Cond: ((id >= 8754230) AND (id <= 8754329))

table 6 : explain SELECT c FROM sbtest6 WHERE id BETWEEN 9412451 AND 9412550
	Index Scan using sbtest6_pkey on sbtest6  (cost=0.43..381.64 rows=99 width=121)
	  Index Cond: ((id >= 9412451) AND (id <= 9412550))

table 7 : explain SELECT c FROM sbtest7 WHERE id BETWEEN 7281350 AND 7281449
	Index Scan using sbtest7_pkey on sbtest7  (cost=0.43..348.31 rows=90 width=121)
	  Index Cond: ((id >= 7281350) AND (id <= 7281449))

table 8 : explain SELECT c FROM sbtest8 WHERE id BETWEEN 735145 AND 735244
	Index Scan using sbtest8_pkey on sbtest8  (cost=0.43..392.73 rows=102 width=121)
	  Index Cond: ((id >= 735145) AND (id <= 735244))

for point_selects
table 1 : explain SELECT c FROM sbtest1 WHERE id=9198075
	Index Scan using sbtest1_pkey on sbtest1  (cost=0.43..8.45 rows=1 width=121)
	  Index Cond: (id = 9198075)

table 2 : explain SELECT c FROM sbtest2 WHERE id=6845718
	Index Scan using sbtest2_pkey on sbtest2  (cost=0.43..8.45 rows=1 width=121)
	  Index Cond: (id = 6845718)

table 3 : explain SELECT c FROM sbtest3 WHERE id=1695422
	Index Scan using sbtest3_pkey on sbtest3  (cost=0.43..8.45 rows=1 width=121)
	  Index Cond: (id = 1695422)

table 4 : explain SELECT c FROM sbtest4 WHERE id=8198601
	Index Scan using sbtest4_pkey on sbtest4  (cost=0.43..8.45 rows=1 width=121)
	  Index Cond: (id = 8198601)

table 5 : explain SELECT c FROM sbtest5 WHERE id=2179856
	Index Scan using sbtest5_pkey on sbtest5  (cost=0.43..8.45 rows=1 width=121)
	  Index Cond: (id = 2179856)

table 6 : explain SELECT c FROM sbtest6 WHERE id=1568865
	Index Scan using sbtest6_pkey on sbtest6  (cost=0.43..8.45 rows=1 width=121)
	  Index Cond: (id = 1568865)

table 7 : explain SELECT c FROM sbtest7 WHERE id=5470273
	Index Scan using sbtest7_pkey on sbtest7  (cost=0.43..8.45 rows=1 width=121)
	  Index Cond: (id = 5470273)

table 8 : explain SELECT c FROM sbtest8 WHERE id=3038047
	Index Scan using sbtest8_pkey on sbtest8  (cost=0.43..8.45 rows=1 width=121)
	  Index Cond: (id = 3038047)

for: sum_ranges
table 1 : explain SELECT SUM(k) FROM sbtest1 WHERE id BETWEEN 8712154 AND 8712253
	Aggregate  (cost=391.58..391.59 rows=1 width=8)
	  ->  Index Scan using sbtest1_pkey on sbtest1  (cost=0.43..391.33 rows=102 width=4)
	        Index Cond: ((id >= 8712154) AND (id <= 8712253))

table 2 : explain SELECT SUM(k) FROM sbtest2 WHERE id BETWEEN 6692666 AND 6692765
	Aggregate  (cost=411.71..411.72 rows=1 width=8)
	  ->  Index Scan using sbtest2_pkey on sbtest2  (cost=0.43..411.45 rows=107 width=4)
	        Index Cond: ((id >= 6692666) AND (id <= 6692765))

table 3 : explain SELECT SUM(k) FROM sbtest3 WHERE id BETWEEN 4021697 AND 4021796
	Aggregate  (cost=374.22..374.23 rows=1 width=8)
	  ->  Index Scan using sbtest3_pkey on sbtest3  (cost=0.43..373.98 rows=97 width=4)
	        Index Cond: ((id >= 4021697) AND (id <= 4021796))

table 4 : explain SELECT SUM(k) FROM sbtest4 WHERE id BETWEEN 6862929 AND 6863028
	Aggregate  (cost=362.15..362.16 rows=1 width=8)
	  ->  Index Scan using sbtest4_pkey on sbtest4  (cost=0.43..361.91 rows=94 width=4)
	        Index Cond: ((id >= 6862929) AND (id <= 6863028))

table 5 : explain SELECT SUM(k) FROM sbtest5 WHERE id BETWEEN 3492894 AND 3492993
	Aggregate  (cost=373.57..373.58 rows=1 width=8)
	  ->  Index Scan using sbtest5_pkey on sbtest5  (cost=0.43..373.33 rows=97 width=4)
	        Index Cond: ((id >= 3492894) AND (id <= 3492993))

table 6 : explain SELECT SUM(k) FROM sbtest6 WHERE id BETWEEN 1169229 AND 1169328
	Aggregate  (cost=381.89..381.90 rows=1 width=8)
	  ->  Index Scan using sbtest6_pkey on sbtest6  (cost=0.43..381.64 rows=99 width=4)
	        Index Cond: ((id >= 1169229) AND (id <= 1169328))

table 7 : explain SELECT SUM(k) FROM sbtest7 WHERE id BETWEEN 2030323 AND 2030422
	Aggregate  (cost=413.53..413.54 rows=1 width=8)
	  ->  Index Scan using sbtest7_pkey on sbtest7  (cost=0.43..413.26 rows=107 width=4)
	        Index Cond: ((id >= 2030323) AND (id <= 2030422))

table 8 : explain SELECT SUM(k) FROM sbtest8 WHERE id BETWEEN 7053357 AND 7053456
	Aggregate  (cost=396.79..396.80 rows=1 width=8)
	  ->  Index Scan using sbtest8_pkey on sbtest8  (cost=0.43..396.53 rows=103 width=4)
	        Index Cond: ((id >= 7053357) AND (id <= 7053456))

explain: for point_selects :: explain SELECT c FROM sbtest%u WHERE id=%u
for: sum_ranges
table 1 : explain SELECT SUM(k) FROM sbtest1 WHERE id BETWEEN 8542579 AND 8542678
	Aggregate  (cost=391.58..391.59 rows=1 width=8)
	  ->  Index Scan using sbtest1_pkey on sbtest1  (cost=0.43..391.33 rows=102 width=4)
	        Index Cond: ((id >= 8542579) AND (id <= 8542678))

table 2 : explain SELECT SUM(k) FROM sbtest2 WHERE id BETWEEN 1446104 AND 1446203
	Aggregate  (cost=377.49..377.50 rows=1 width=8)
	  ->  Index Scan using sbtest2_pkey on sbtest2  (cost=0.43..377.24 rows=98 width=4)
	        Index Cond: ((id >= 1446104) AND (id <= 1446203))

table 3 : explain SELECT SUM(k) FROM sbtest3 WHERE id BETWEEN 4593189 AND 4593288
	Aggregate  (cost=370.36..370.37 rows=1 width=8)
	  ->  Index Scan using sbtest3_pkey on sbtest3  (cost=0.43..370.12 rows=96 width=4)
	        Index Cond: ((id >= 4593189) AND (id <= 4593288))

table 4 : explain SELECT SUM(k) FROM sbtest4 WHERE id BETWEEN 7737391 AND 7737490
	Aggregate  (cost=385.01..385.02 rows=1 width=8)
	  ->  Index Scan using sbtest4_pkey on sbtest4  (cost=0.43..384.76 rows=100 width=4)
	        Index Cond: ((id >= 7737391) AND (id <= 7737490))

table 5 : explain SELECT SUM(k) FROM sbtest5 WHERE id BETWEEN 3128841 AND 3128940
	Aggregate  (cost=354.51..354.52 rows=1 width=8)
	  ->  Index Scan using sbtest5_pkey on sbtest5  (cost=0.43..354.28 rows=92 width=4)
	        Index Cond: ((id >= 3128841) AND (id <= 3128940))

table 6 : explain SELECT SUM(k) FROM sbtest6 WHERE id BETWEEN 3815699 AND 3815798
	Aggregate  (cost=385.70..385.71 rows=1 width=8)
	  ->  Index Scan using sbtest6_pkey on sbtest6  (cost=0.43..385.45 rows=100 width=4)
	        Index Cond: ((id >= 3815699) AND (id <= 3815798))

table 7 : explain SELECT SUM(k) FROM sbtest7 WHERE id BETWEEN 5506551 AND 5506650
	Aggregate  (cost=432.62..432.63 rows=1 width=8)
	  ->  Index Scan using sbtest7_pkey on sbtest7  (cost=0.43..432.34 rows=112 width=4)
	        Index Cond: ((id >= 5506551) AND (id <= 5506650))

table 8 : explain SELECT SUM(k) FROM sbtest8 WHERE id BETWEEN 1848418 AND 1848517
	Aggregate  (cost=446.26..446.27 rows=1 width=8)
	  ->  Index Scan using sbtest8_pkey on sbtest8  (cost=0.43..445.97 rows=116 width=4)
	        Index Cond: ((id >= 1848418) AND (id <= 1848517))

explain: for point_selects :: explain SELECT c FROM sbtest%u WHERE id=%u
explain: for point_selects :: explain SELECT c FROM sbtest%u WHERE id=%u
for: simple_ranges
table 1 : explain SELECT c FROM sbtest1 WHERE id BETWEEN 5350008 AND 5350107
	Index Scan using sbtest1_pkey on sbtest1  (cost=0.43..383.75 rows=100 width=121)
	  Index Cond: ((id >= 5350008) AND (id <= 5350107))

table 2 : explain SELECT c FROM sbtest2 WHERE id BETWEEN 7143962 AND 7144061
	Index Scan using sbtest2_pkey on sbtest2  (cost=0.43..400.05 rows=104 width=121)
	  Index Cond: ((id >= 7143962) AND (id <= 7144061))

table 3 : explain SELECT c FROM sbtest3 WHERE id BETWEEN 6307553 AND 6307652
	Index Scan using sbtest3_pkey on sbtest3  (cost=0.43..446.29 rows=116 width=121)
	  Index Cond: ((id >= 6307553) AND (id <= 6307652))

table 4 : explain SELECT c FROM sbtest4 WHERE id BETWEEN 470697 AND 470796
	Index Scan using sbtest4_pkey on sbtest4  (cost=0.43..365.77 rows=95 width=121)
	  Index Cond: ((id >= 470697) AND (id <= 470796))

table 5 : explain SELECT c FROM sbtest5 WHERE id BETWEEN 1588439 AND 1588538
	Index Scan using sbtest5_pkey on sbtest5  (cost=0.43..411.32 rows=107 width=121)
	  Index Cond: ((id >= 1588439) AND (id <= 1588538))

table 6 : explain SELECT c FROM sbtest6 WHERE id BETWEEN 2641848 AND 2641947
	Index Scan using sbtest6_pkey on sbtest6  (cost=0.43..370.22 rows=96 width=121)
	  Index Cond: ((id >= 2641848) AND (id <= 2641947))

table 7 : explain SELECT c FROM sbtest7 WHERE id BETWEEN 2445960 AND 2446059
	Index Scan using sbtest7_pkey on sbtest7  (cost=0.43..409.44 rows=106 width=121)
	  Index Cond: ((id >= 2445960) AND (id <= 2446059))

table 8 : explain SELECT c FROM sbtest8 WHERE id BETWEEN 4562267 AND 4562366
	Index Scan using sbtest8_pkey on sbtest8  (cost=0.43..400.33 rows=104 width=121)
	  Index Cond: ((id >= 4562267) AND (id <= 4562366))

for point_selects
table 1 : explain SELECT c FROM sbtest1 WHERE id=9742382
	Index Scan using sbtest1_pkey on sbtest1  (cost=0.43..8.45 rows=1 width=121)
	  Index Cond: (id = 9742382)

table 2 : explain SELECT c FROM sbtest2 WHERE id=4268376
	Index Scan using sbtest2_pkey on sbtest2  (cost=0.43..8.45 rows=1 width=121)
	  Index Cond: (id = 4268376)

table 3 : explain SELECT c FROM sbtest3 WHERE id=1309154
	Index Scan using sbtest3_pkey on sbtest3  (cost=0.43..8.45 rows=1 width=121)
	  Index Cond: (id = 1309154)

table 4 : explain SELECT c FROM sbtest4 WHERE id=4892774
	Index Scan using sbtest4_pkey on sbtest4  (cost=0.43..8.45 rows=1 width=121)
	  Index Cond: (id = 4892774)

table 5 : explain SELECT c FROM sbtest5 WHERE id=7034962
	Index Scan using sbtest5_pkey on sbtest5  (cost=0.43..8.45 rows=1 width=121)
	  Index Cond: (id = 7034962)

table 6 : explain SELECT c FROM sbtest6 WHERE id=7845457
	Index Scan using sbtest6_pkey on sbtest6  (cost=0.43..8.45 rows=1 width=121)
	  Index Cond: (id = 7845457)

table 7 : explain SELECT c FROM sbtest7 WHERE id=5593657
	Index Scan using sbtest7_pkey on sbtest7  (cost=0.43..8.45 rows=1 width=121)
	  Index Cond: (id = 5593657)

table 8 : explain SELECT c FROM sbtest8 WHERE id=5179406
	Index Scan using sbtest8_pkey on sbtest8  (cost=0.43..8.45 rows=1 width=121)
	  Index Cond: (id = 5179406)

for: sum_ranges
table 1 : explain SELECT SUM(k) FROM sbtest1 WHERE id BETWEEN 9684170 AND 9684269
	Aggregate  (cost=402.96..402.97 rows=1 width=8)
	  ->  Index Scan using sbtest1_pkey on sbtest1  (cost=0.43..402.69 rows=105 width=4)
	        Index Cond: ((id >= 9684170) AND (id <= 9684269))

table 2 : explain SELECT SUM(k) FROM sbtest2 WHERE id BETWEEN 6296591 AND 6296690
	Aggregate  (cost=358.42..358.43 rows=1 width=8)
	  ->  Index Scan using sbtest2_pkey on sbtest2  (cost=0.43..358.19 rows=93 width=4)
	        Index Cond: ((id >= 6296591) AND (id <= 6296690))

table 3 : explain SELECT SUM(k) FROM sbtest3 WHERE id BETWEEN 9796720 AND 9796819
	Aggregate  (cost=408.50..408.51 rows=1 width=8)
	  ->  Index Scan using sbtest3_pkey on sbtest3  (cost=0.43..408.23 rows=106 width=4)
	        Index Cond: ((id >= 9796720) AND (id <= 9796819))

table 4 : explain SELECT SUM(k) FROM sbtest4 WHERE id BETWEEN 4080580 AND 4080679
	Aggregate  (cost=396.42..396.43 rows=1 width=8)
	  ->  Index Scan using sbtest4_pkey on sbtest4  (cost=0.43..396.16 rows=103 width=4)
	        Index Cond: ((id >= 4080580) AND (id <= 4080679))

table 5 : explain SELECT SUM(k) FROM sbtest5 WHERE id BETWEEN 7796692 AND 7796791
	Aggregate  (cost=384.97..384.98 rows=1 width=8)
	  ->  Index Scan using sbtest5_pkey on sbtest5  (cost=0.43..384.72 rows=100 width=4)
	        Index Cond: ((id >= 7796692) AND (id <= 7796791))

table 6 : explain SELECT SUM(k) FROM sbtest6 WHERE id BETWEEN 7427657 AND 7427756
	Aggregate  (cost=381.89..381.90 rows=1 width=8)
	  ->  Index Scan using sbtest6_pkey on sbtest6  (cost=0.43..381.64 rows=99 width=4)
	        Index Cond: ((id >= 7427657) AND (id <= 7427756))

table 7 : explain SELECT SUM(k) FROM sbtest7 WHERE id BETWEEN 8324084 AND 8324183
	Aggregate  (cost=367.63..367.64 rows=1 width=8)
	  ->  Index Scan using sbtest7_pkey on sbtest7  (cost=0.43..367.40 rows=95 width=4)
	        Index Cond: ((id >= 8324084) AND (id <= 8324183))

table 8 : explain SELECT SUM(k) FROM sbtest8 WHERE id BETWEEN 6655220 AND 6655319
	Aggregate  (cost=373.96..373.97 rows=1 width=8)
	  ->  Index Scan using sbtest8_pkey on sbtest8  (cost=0.43..373.71 rows=97 width=4)
	        Index Cond: ((id >= 6655220) AND (id <= 6655319))

explain: for point_selects :: explain SELECT c FROM sbtest%u WHERE id=%u
for: sum_ranges
table 1 : explain SELECT SUM(k) FROM sbtest1 WHERE id BETWEEN 6275817 AND 6275916
	Aggregate  (cost=353.61..353.62 rows=1 width=8)
	  ->  Index Scan using sbtest1_pkey on sbtest1  (cost=0.43..353.38 rows=92 width=4)
	        Index Cond: ((id >= 6275817) AND (id <= 6275916))

table 2 : explain SELECT SUM(k) FROM sbtest2 WHERE id BETWEEN 2077348 AND 2077447
	Aggregate  (cost=388.90..388.91 rows=1 width=8)
	  ->  Index Scan using sbtest2_pkey on sbtest2  (cost=0.43..388.64 rows=101 width=4)
	        Index Cond: ((id >= 2077348) AND (id <= 2077447))

table 3 : explain SELECT SUM(k) FROM sbtest3 WHERE id BETWEEN 2252902 AND 2253001
	Aggregate  (cost=355.13..355.14 rows=1 width=8)
	  ->  Index Scan using sbtest3_pkey on sbtest3  (cost=0.43..354.90 rows=92 width=4)
	        Index Cond: ((id >= 2252902) AND (id <= 2253001))

table 4 : explain SELECT SUM(k) FROM sbtest4 WHERE id BETWEEN 2533287 AND 2533386
	Aggregate  (cost=407.82..407.83 rows=1 width=8)
	  ->  Index Scan using sbtest4_pkey on sbtest4  (cost=0.43..407.56 rows=106 width=4)
	        Index Cond: ((id >= 2533287) AND (id <= 2533386))

table 5 : explain SELECT SUM(k) FROM sbtest5 WHERE id BETWEEN 429035 AND 429134
	Aggregate  (cost=384.97..384.98 rows=1 width=8)
	  ->  Index Scan using sbtest5_pkey on sbtest5  (cost=0.43..384.72 rows=100 width=4)
	        Index Cond: ((id >= 429035) AND (id <= 429134))

table 6 : explain SELECT SUM(k) FROM sbtest6 WHERE id BETWEEN 2111835 AND 2111934
	Aggregate  (cost=362.79..362.80 rows=1 width=8)
	  ->  Index Scan using sbtest6_pkey on sbtest6  (cost=0.43..362.56 rows=94 width=4)
	        Index Cond: ((id >= 2111835) AND (id <= 2111934))

table 7 : explain SELECT SUM(k) FROM sbtest7 WHERE id BETWEEN 2864350 AND 2864449
	Aggregate  (cost=356.18..356.19 rows=1 width=8)
	  ->  Index Scan using sbtest7_pkey on sbtest7  (cost=0.43..355.95 rows=92 width=4)
	        Index Cond: ((id >= 2864350) AND (id <= 2864449))

table 8 : explain SELECT SUM(k) FROM sbtest8 WHERE id BETWEEN 5552365 AND 5552464
	Aggregate  (cost=381.57..381.58 rows=1 width=8)
	  ->  Index Scan using sbtest8_pkey on sbtest8  (cost=0.43..381.32 rows=99 width=4)
	        Index Cond: ((id >= 5552365) AND (id <= 5552464))

explain: for point_selects :: explain SELECT c FROM sbtest%u WHERE id=%u
for point_selects
table 1 : explain SELECT c FROM sbtest1 WHERE id=4587122
	Index Scan using sbtest1_pkey on sbtest1  (cost=0.43..8.45 rows=1 width=121)
	  Index Cond: (id = 4587122)

table 2 : explain SELECT c FROM sbtest2 WHERE id=7330396
	Index Scan using sbtest2_pkey on sbtest2  (cost=0.43..8.45 rows=1 width=121)
	  Index Cond: (id = 7330396)

table 3 : explain SELECT c FROM sbtest3 WHERE id=3573556
	Index Scan using sbtest3_pkey on sbtest3  (cost=0.43..8.45 rows=1 width=121)
	  Index Cond: (id = 3573556)

table 4 : explain SELECT c FROM sbtest4 WHERE id=299830
	Index Scan using sbtest4_pkey on sbtest4  (cost=0.43..8.45 rows=1 width=121)
	  Index Cond: (id = 299830)

table 5 : explain SELECT c FROM sbtest5 WHERE id=9690570
	Index Scan using sbtest5_pkey on sbtest5  (cost=0.43..8.45 rows=1 width=121)
	  Index Cond: (id = 9690570)

table 6 : explain SELECT c FROM sbtest6 WHERE id=7164462
	Index Scan using sbtest6_pkey on sbtest6  (cost=0.43..8.45 rows=1 width=121)
	  Index Cond: (id = 7164462)

table 7 : explain SELECT c FROM sbtest7 WHERE id=4195857
	Index Scan using sbtest7_pkey on sbtest7  (cost=0.43..8.45 rows=1 width=121)
	  Index Cond: (id = 4195857)

table 8 : explain SELECT c FROM sbtest8 WHERE id=8182673
	Index Scan using sbtest8_pkey on sbtest8  (cost=0.43..8.45 rows=1 width=121)
	  Index Cond: (id = 8182673)

for: order_ranges
table 1 : explain SELECT c FROM sbtest1 WHERE id BETWEEN 3888132 AND 3888231 ORDER BY c
	Sort  (cost=394.73..394.99 rows=102 width=121)
	  Sort Key: c
	  ->  Index Scan using sbtest1_pkey on sbtest1  (cost=0.43..391.33 rows=102 width=121)
	        Index Cond: ((id >= 3888132) AND (id <= 3888231))

table 2 : explain SELECT c FROM sbtest2 WHERE id BETWEEN 4946915 AND 4947014 ORDER BY c
	Sort  (cost=376.64..376.89 rows=97 width=121)
	  Sort Key: c
	  ->  Index Scan using sbtest2_pkey on sbtest2  (cost=0.43..373.44 rows=97 width=121)
	        Index Cond: ((id >= 4946915) AND (id <= 4947014))

table 3 : explain SELECT c FROM sbtest3 WHERE id BETWEEN 1964925 AND 1965024 ORDER BY c
	Sort  (cost=384.87..385.12 rows=99 width=121)
	  Sort Key: c
	  ->  Index Scan using sbtest3_pkey on sbtest3  (cost=0.43..381.59 rows=99 width=121)
	        Index Cond: ((id >= 1964925) AND (id <= 1965024))

table 4 : explain SELECT c FROM sbtest4 WHERE id BETWEEN 9430492 AND 9430591 ORDER BY c
	Sort  (cost=422.65..422.92 rows=109 width=121)
	  Sort Key: c
	  ->  Index Scan using sbtest4_pkey on sbtest4  (cost=0.43..418.96 rows=109 width=121)
	        Index Cond: ((id >= 9430492) AND (id <= 9430591))

table 5 : explain SELECT c FROM sbtest5 WHERE id BETWEEN 3719243 AND 3719342 ORDER BY c
	Sort  (cost=376.53..376.77 rows=97 width=121)
	  Sort Key: c
	  ->  Index Scan using sbtest5_pkey on sbtest5  (cost=0.43..373.33 rows=97 width=121)
	        Index Cond: ((id >= 3719243) AND (id <= 3719342))

table 6 : explain SELECT c FROM sbtest6 WHERE id BETWEEN 7217703 AND 7217802 ORDER BY c
	Sort  (cost=384.92..385.17 rows=99 width=121)
	  Sort Key: c
	  ->  Index Scan using sbtest6_pkey on sbtest6  (cost=0.43..381.64 rows=99 width=121)
	        Index Cond: ((id >= 7217703) AND (id <= 7217802))

table 7 : explain SELECT c FROM sbtest7 WHERE id BETWEEN 3844615 AND 3844714 ORDER BY c
	Sort  (cost=343.52..343.74 rows=88 width=121)
	  Sort Key: c
	  ->  Index Scan using sbtest7_pkey on sbtest7  (cost=0.43..340.68 rows=88 width=121)
	        Index Cond: ((id >= 3844615) AND (id <= 3844714))

table 8 : explain SELECT c FROM sbtest8 WHERE id BETWEEN 3709037 AND 3709136 ORDER BY c
	Sort  (cost=388.44..388.69 rows=100 width=121)
	  Sort Key: c
	  ->  Index Scan using sbtest8_pkey on sbtest8  (cost=0.43..385.12 rows=100 width=121)
	        Index Cond: ((id >= 3709037) AND (id <= 3709136))

for: simple_ranges
table 1 : explain SELECT c FROM sbtest1 WHERE id BETWEEN 3641230 AND 3641329
	Index Scan using sbtest1_pkey on sbtest1  (cost=0.43..353.38 rows=92 width=121)
	  Index Cond: ((id >= 3641230) AND (id <= 3641329))

table 2 : explain SELECT c FROM sbtest2 WHERE id BETWEEN 2864883 AND 2864982
	Index Scan using sbtest2_pkey on sbtest2  (cost=0.43..403.85 rows=105 width=121)
	  Index Cond: ((id >= 2864883) AND (id <= 2864982))

table 3 : explain SELECT c FROM sbtest3 WHERE id BETWEEN 4965215 AND 4965314
	Index Scan using sbtest3_pkey on sbtest3  (cost=0.43..362.51 rows=94 width=121)
	  Index Cond: ((id >= 4965215) AND (id <= 4965314))

table 4 : explain SELECT c FROM sbtest4 WHERE id BETWEEN 8113001 AND 8113100
	Index Scan using sbtest4_pkey on sbtest4  (cost=0.43..377.16 rows=98 width=121)
	  Index Cond: ((id >= 8113001) AND (id <= 8113100))

table 5 : explain SELECT c FROM sbtest5 WHERE id BETWEEN 4637074 AND 4637173
	Index Scan using sbtest5_pkey on sbtest5  (cost=0.43..396.12 rows=103 width=121)
	  Index Cond: ((id >= 4637074) AND (id <= 4637173))

table 6 : explain SELECT c FROM sbtest6 WHERE id BETWEEN 4956295 AND 4956394
	Index Scan using sbtest6_pkey on sbtest6  (cost=0.43..400.67 rows=104 width=121)
	  Index Cond: ((id >= 4956295) AND (id <= 4956394))

table 7 : explain SELECT c FROM sbtest7 WHERE id BETWEEN 6554893 AND 6554992
	Index Scan using sbtest7_pkey on sbtest7  (cost=0.43..363.58 rows=94 width=121)
	  Index Cond: ((id >= 6554893) AND (id <= 6554992))

table 8 : explain SELECT c FROM sbtest8 WHERE id BETWEEN 6869207 AND 6869306
	Index Scan using sbtest8_pkey on sbtest8  (cost=0.43..343.23 rows=89 width=121)
	  Index Cond: ((id >= 6869207) AND (id <= 6869306))

for: order_ranges
table 1 : explain SELECT c FROM sbtest1 WHERE id BETWEEN 9387024 AND 9387123 ORDER BY c
	Sort  (cost=421.54..421.81 rows=109 width=121)
	  Sort Key: c
	  ->  Index Scan using sbtest1_pkey on sbtest1  (cost=0.43..417.85 rows=109 width=121)
	        Index Cond: ((id >= 9387024) AND (id <= 9387123))

table 2 : explain SELECT c FROM sbtest2 WHERE id BETWEEN 6959045 AND 6959144 ORDER BY c
	Sort  (cost=438.10..438.38 rows=113 width=121)
	  Sort Key: c
	  ->  Index Scan using sbtest2_pkey on sbtest2  (cost=0.43..434.25 rows=113 width=121)
	        Index Cond: ((id >= 6959045) AND (id <= 6959144))

table 3 : explain SELECT c FROM sbtest3 WHERE id BETWEEN 5983414 AND 5983513 ORDER BY c
	Sort  (cost=377.18..377.42 rows=97 width=121)
	  Sort Key: c
	  ->  Index Scan using sbtest3_pkey on sbtest3  (cost=0.43..373.98 rows=97 width=121)
	        Index Cond: ((id >= 5983414) AND (id <= 5983513))

table 4 : explain SELECT c FROM sbtest4 WHERE id BETWEEN 9023922 AND 9024021 ORDER BY c
	Sort  (cost=434.17..434.45 rows=112 width=121)
	  Sort Key: c
	  ->  Index Scan using sbtest4_pkey on sbtest4  (cost=0.43..430.36 rows=112 width=121)
	        Index Cond: ((id >= 9023922) AND (id <= 9024021))

table 5 : explain SELECT c FROM sbtest5 WHERE id BETWEEN 9990299 AND 9990398 ORDER BY c
	Sort  (cost=357.28..357.51 rows=92 width=121)
	  Sort Key: c
	  ->  Index Scan using sbtest5_pkey on sbtest5  (cost=0.43..354.28 rows=92 width=121)
	        Index Cond: ((id >= 9990299) AND (id <= 9990398))

table 6 : explain SELECT c FROM sbtest6 WHERE id BETWEEN 2752800 AND 2752899 ORDER BY c
	Sort  (cost=373.38..373.62 rows=96 width=121)
	  Sort Key: c
	  ->  Index Scan using sbtest6_pkey on sbtest6  (cost=0.43..370.22 rows=96 width=121)
	        Index Cond: ((id >= 2752800) AND (id <= 2752899))

table 7 : explain SELECT c FROM sbtest7 WHERE id BETWEEN 7165804 AND 7165903 ORDER BY c
	Sort  (cost=413.01..413.27 rows=106 width=121)
	  Sort Key: c
	  ->  Index Scan using sbtest7_pkey on sbtest7  (cost=0.43..409.44 rows=106 width=121)
	        Index Cond: ((id >= 7165804) AND (id <= 7165903))

table 8 : explain SELECT c FROM sbtest8 WHERE id BETWEEN 7659700 AND 7659799 ORDER BY c
	Sort  (cost=361.49..361.72 rows=93 width=121)
	  Sort Key: c
	  ->  Index Scan using sbtest8_pkey on sbtest8  (cost=0.43..358.45 rows=93 width=121)
	        Index Cond: ((id >= 7659700) AND (id <= 7659799))

for: simple_ranges
table 1 : explain SELECT c FROM sbtest1 WHERE id BETWEEN 4601302 AND 4601401
	Index Scan using sbtest1_pkey on sbtest1  (cost=0.43..406.48 rows=106 width=121)
	  Index Cond: ((id >= 4601302) AND (id <= 4601401))

table 2 : explain SELECT c FROM sbtest2 WHERE id BETWEEN 8300762 AND 8300861
	Index Scan using sbtest2_pkey on sbtest2  (cost=0.43..388.64 rows=101 width=121)
	  Index Cond: ((id >= 8300762) AND (id <= 8300861))

table 3 : explain SELECT c FROM sbtest3 WHERE id BETWEEN 4904291 AND 4904390
	Index Scan using sbtest3_pkey on sbtest3  (cost=0.43..358.70 rows=93 width=121)
	  Index Cond: ((id >= 4904291) AND (id <= 4904390))

table 4 : explain SELECT c FROM sbtest4 WHERE id BETWEEN 3404790 AND 3404889
	Index Scan using sbtest4_pkey on sbtest4  (cost=0.43..403.76 rows=105 width=121)
	  Index Cond: ((id >= 3404790) AND (id <= 3404889))

table 5 : explain SELECT c FROM sbtest5 WHERE id BETWEEN 4821350 AND 4821449
	Index Scan using sbtest5_pkey on sbtest5  (cost=0.43..369.53 rows=96 width=121)
	  Index Cond: ((id >= 4821350) AND (id <= 4821449))

table 6 : explain SELECT c FROM sbtest6 WHERE id BETWEEN 800956 AND 801055
	Index Scan using sbtest6_pkey on sbtest6  (cost=0.43..385.45 rows=100 width=121)
	  Index Cond: ((id >= 800956) AND (id <= 801055))

table 7 : explain SELECT c FROM sbtest7 WHERE id BETWEEN 1022375 AND 1022474
	Index Scan using sbtest7_pkey on sbtest7  (cost=0.43..367.40 rows=95 width=121)
	  Index Cond: ((id >= 1022375) AND (id <= 1022474))

table 8 : explain SELECT c FROM sbtest8 WHERE id BETWEEN 1869967 AND 1870066
	Index Scan using sbtest8_pkey on sbtest8  (cost=0.43..445.97 rows=116 width=121)
	  Index Cond: ((id >= 1869967) AND (id <= 1870066))

for point_selects
table 1 : explain SELECT c FROM sbtest1 WHERE id=7377201
	Index Scan using sbtest1_pkey on sbtest1  (cost=0.43..8.45 rows=1 width=121)
	  Index Cond: (id = 7377201)

table 2 : explain SELECT c FROM sbtest2 WHERE id=9515467
	Index Scan using sbtest2_pkey on sbtest2  (cost=0.43..8.45 rows=1 width=121)
	  Index Cond: (id = 9515467)

table 3 : explain SELECT c FROM sbtest3 WHERE id=3322589
	Index Scan using sbtest3_pkey on sbtest3  (cost=0.43..8.45 rows=1 width=121)
	  Index Cond: (id = 3322589)

table 4 : explain SELECT c FROM sbtest4 WHERE id=1322045
	Index Scan using sbtest4_pkey on sbtest4  (cost=0.43..8.45 rows=1 width=121)
	  Index Cond: (id = 1322045)

table 5 : explain SELECT c FROM sbtest5 WHERE id=4606229
	Index Scan using sbtest5_pkey on sbtest5  (cost=0.43..8.45 rows=1 width=121)
	  Index Cond: (id = 4606229)

table 6 : explain SELECT c FROM sbtest6 WHERE id=9112555
	Index Scan using sbtest6_pkey on sbtest6  (cost=0.43..8.45 rows=1 width=121)
	  Index Cond: (id = 9112555)

table 7 : explain SELECT c FROM sbtest7 WHERE id=1157610
	Index Scan using sbtest7_pkey on sbtest7  (cost=0.43..8.45 rows=1 width=121)
	  Index Cond: (id = 1157610)

table 8 : explain SELECT c FROM sbtest8 WHERE id=7527702
	Index Scan using sbtest8_pkey on sbtest8  (cost=0.43..8.45 rows=1 width=121)
	  Index Cond: (id = 7527702)

for: sum_ranges
table 1 : explain SELECT SUM(k) FROM sbtest1 WHERE id BETWEEN 2884937 AND 2885036
	Aggregate  (cost=391.58..391.59 rows=1 width=8)
	  ->  Index Scan using sbtest1_pkey on sbtest1  (cost=0.43..391.33 rows=102 width=4)
	        Index Cond: ((id >= 2884937) AND (id <= 2885036))

table 2 : explain SELECT SUM(k) FROM sbtest2 WHERE id BETWEEN 6832700 AND 6832799
	Aggregate  (cost=392.70..392.71 rows=1 width=8)
	  ->  Index Scan using sbtest2_pkey on sbtest2  (cost=0.43..392.45 rows=102 width=4)
	        Index Cond: ((id >= 6832700) AND (id <= 6832799))

table 3 : explain SELECT SUM(k) FROM sbtest3 WHERE id BETWEEN 8528970 AND 8529069
	Aggregate  (cost=385.65..385.66 rows=1 width=8)
	  ->  Index Scan using sbtest3_pkey on sbtest3  (cost=0.43..385.40 rows=100 width=4)
	        Index Cond: ((id >= 8528970) AND (id <= 8529069))

table 4 : explain SELECT SUM(k) FROM sbtest4 WHERE id BETWEEN 1696933 AND 1697032
	Aggregate  (cost=381.21..381.22 rows=1 width=8)
	  ->  Index Scan using sbtest4_pkey on sbtest4  (cost=0.43..380.96 rows=99 width=4)
	        Index Cond: ((id >= 1696933) AND (id <= 1697032))

table 5 : explain SELECT SUM(k) FROM sbtest5 WHERE id BETWEEN 8251969 AND 8252068
	Aggregate  (cost=400.18..400.19 rows=1 width=8)
	  ->  Index Scan using sbtest5_pkey on sbtest5  (cost=0.43..399.92 rows=104 width=4)
	        Index Cond: ((id >= 8251969) AND (id <= 8252068))

table 6 : explain SELECT SUM(k) FROM sbtest6 WHERE id BETWEEN 3651795 AND 3651894
	Aggregate  (cost=404.74..404.75 rows=1 width=8)
	  ->  Index Scan using sbtest6_pkey on sbtest6  (cost=0.43..404.48 rows=105 width=4)
	        Index Cond: ((id >= 3651795) AND (id <= 3651894))

table 7 : explain SELECT SUM(k) FROM sbtest7 WHERE id BETWEEN 6366088 AND 6366187
	Aggregate  (cost=325.62..325.63 rows=1 width=8)
	  ->  Index Scan using sbtest7_pkey on sbtest7  (cost=0.43..325.41 rows=84 width=4)
	        Index Cond: ((id >= 6366088) AND (id <= 6366187))

table 8 : explain SELECT SUM(k) FROM sbtest8 WHERE id BETWEEN 1972472 AND 1972571
	Aggregate  (cost=412.01..412.02 rows=1 width=8)
	  ->  Index Scan using sbtest8_pkey on sbtest8  (cost=0.43..411.74 rows=107 width=4)
	        Index Cond: ((id >= 1972472) AND (id <= 1972571))

for point_selects
table 1 : explain SELECT c FROM sbtest1 WHERE id=2717439
	Index Scan using sbtest1_pkey on sbtest1  (cost=0.43..8.45 rows=1 width=121)
	  Index Cond: (id = 2717439)

table 2 : explain SELECT c FROM sbtest2 WHERE id=3317557
	Index Scan using sbtest2_pkey on sbtest2  (cost=0.43..8.45 rows=1 width=121)
	  Index Cond: (id = 3317557)

table 3 : explain SELECT c FROM sbtest3 WHERE id=5636917
	Index Scan using sbtest3_pkey on sbtest3  (cost=0.43..8.45 rows=1 width=121)
	  Index Cond: (id = 5636917)

table 4 : explain SELECT c FROM sbtest4 WHERE id=7683564
	Index Scan using sbtest4_pkey on sbtest4  (cost=0.43..8.45 rows=1 width=121)
	  Index Cond: (id = 7683564)

table 5 : explain SELECT c FROM sbtest5 WHERE id=3530221
	Index Scan using sbtest5_pkey on sbtest5  (cost=0.43..8.45 rows=1 width=121)
	  Index Cond: (id = 3530221)

table 6 : explain SELECT c FROM sbtest6 WHERE id=6895172
	Index Scan using sbtest6_pkey on sbtest6  (cost=0.43..8.45 rows=1 width=121)
	  Index Cond: (id = 6895172)

table 7 : explain SELECT c FROM sbtest7 WHERE id=1970801
	Index Scan using sbtest7_pkey on sbtest7  (cost=0.43..8.45 rows=1 width=121)
	  Index Cond: (id = 1970801)

table 8 : explain SELECT c FROM sbtest8 WHERE id=6020720
	Index Scan using sbtest8_pkey on sbtest8  (cost=0.43..8.45 rows=1 width=121)
	  Index Cond: (id = 6020720)

for: simple_ranges
table 1 : explain SELECT c FROM sbtest1 WHERE id BETWEEN 7860069 AND 7860168
	Index Scan using sbtest1_pkey on sbtest1  (cost=0.43..406.48 rows=106 width=121)
	  Index Cond: ((id >= 7860069) AND (id <= 7860168))

table 2 : explain SELECT c FROM sbtest2 WHERE id BETWEEN 4269536 AND 4269635
	Index Scan using sbtest2_pkey on sbtest2  (cost=0.43..354.39 rows=92 width=121)
	  Index Cond: ((id >= 4269536) AND (id <= 4269635))

table 3 : explain SELECT c FROM sbtest3 WHERE id BETWEEN 4482394 AND 4482493
	Index Scan using sbtest3_pkey on sbtest3  (cost=0.43..351.09 rows=91 width=121)
	  Index Cond: ((id >= 4482394) AND (id <= 4482493))

table 4 : explain SELECT c FROM sbtest4 WHERE id BETWEEN 5805519 AND 5805618
	Index Scan using sbtest4_pkey on sbtest4  (cost=0.43..426.56 rows=111 width=121)
	  Index Cond: ((id >= 5805519) AND (id <= 5805618))

table 5 : explain SELECT c FROM sbtest5 WHERE id BETWEEN 4623398 AND 4623497
	Index Scan using sbtest5_pkey on sbtest5  (cost=0.43..396.12 rows=103 width=121)
	  Index Cond: ((id >= 4623398) AND (id <= 4623497))

table 6 : explain SELECT c FROM sbtest6 WHERE id BETWEEN 7902700 AND 7902799
	Index Scan using sbtest6_pkey on sbtest6  (cost=0.43..393.06 rows=102 width=121)
	  Index Cond: ((id >= 7902700) AND (id <= 7902799))

table 7 : explain SELECT c FROM sbtest7 WHERE id BETWEEN 5548215 AND 5548314
	Index Scan using sbtest7_pkey on sbtest7  (cost=0.43..432.34 rows=112 width=121)
	  Index Cond: ((id >= 5548215) AND (id <= 5548314))

table 8 : explain SELECT c FROM sbtest8 WHERE id BETWEEN 2135602 AND 2135701
	Index Scan using sbtest8_pkey on sbtest8  (cost=0.43..385.12 rows=100 width=121)
	  Index Cond: ((id >= 2135602) AND (id <= 2135701))

explain: for point_selects :: explain SELECT c FROM sbtest%u WHERE id=%u
for: order_ranges
table 1 : explain SELECT c FROM sbtest1 WHERE id BETWEEN 3191324 AND 3191423 ORDER BY c
	Sort  (cost=379.41..379.66 rows=98 width=121)
	  Sort Key: c
	  ->  Index Scan using sbtest1_pkey on sbtest1  (cost=0.43..376.17 rows=98 width=121)
	        Index Cond: ((id >= 3191324) AND (id <= 3191423))

table 2 : explain SELECT c FROM sbtest2 WHERE id BETWEEN 8391005 AND 8391104 ORDER BY c
	Sort  (cost=392.01..392.26 rows=101 width=121)
	  Sort Key: c
	  ->  Index Scan using sbtest2_pkey on sbtest2  (cost=0.43..388.64 rows=101 width=121)
	        Index Cond: ((id >= 8391005) AND (id <= 8391104))

table 3 : explain SELECT c FROM sbtest3 WHERE id BETWEEN 2491234 AND 2491333 ORDER BY c
	Sort  (cost=388.72..388.97 rows=100 width=121)
	  Sort Key: c
	  ->  Index Scan using sbtest3_pkey on sbtest3  (cost=0.43..385.40 rows=100 width=121)
	        Index Cond: ((id >= 2491234) AND (id <= 2491333))

table 4 : explain SELECT c FROM sbtest4 WHERE id BETWEEN 1286047 AND 1286146 ORDER BY c
	Sort  (cost=357.31..357.54 rows=92 width=121)
	  Sort Key: c
	  ->  Index Scan using sbtest4_pkey on sbtest4  (cost=0.43..354.31 rows=92 width=121)
	        Index Cond: ((id >= 1286047) AND (id <= 1286146))

table 5 : explain SELECT c FROM sbtest5 WHERE id BETWEEN 3917390 AND 3917489 ORDER BY c
	Sort  (cost=399.56..399.82 rows=103 width=121)
	  Sort Key: c
	  ->  Index Scan using sbtest5_pkey on sbtest5  (cost=0.43..396.12 rows=103 width=121)
	        Index Cond: ((id >= 3917390) AND (id <= 3917489))

table 6 : explain SELECT c FROM sbtest6 WHERE id BETWEEN 8931712 AND 8931811 ORDER BY c
	Sort  (cost=384.92..385.17 rows=99 width=121)
	  Sort Key: c
	  ->  Index Scan using sbtest6_pkey on sbtest6  (cost=0.43..381.64 rows=99 width=121)
	        Index Cond: ((id >= 8931712) AND (id <= 8931811))

table 7 : explain SELECT c FROM sbtest7 WHERE id BETWEEN 5211557 AND 5211656 ORDER BY c
	Sort  (cost=413.01..413.27 rows=106 width=121)
	  Sort Key: c
	  ->  Index Scan using sbtest7_pkey on sbtest7  (cost=0.43..409.44 rows=106 width=121)
	        Index Cond: ((id >= 5211557) AND (id <= 5211656))

table 8 : explain SELECT c FROM sbtest8 WHERE id BETWEEN 965094 AND 965193 ORDER BY c
	Sort  (cost=380.76..381.00 rows=98 width=121)
	  Sort Key: c
	  ->  Index Scan using sbtest8_pkey on sbtest8  (cost=0.43..377.52 rows=98 width=121)
	        Index Cond: ((id >= 965094) AND (id <= 965193))

for point_selects
table 1 : explain SELECT c FROM sbtest1 WHERE id=9354588
	Index Scan using sbtest1_pkey on sbtest1  (cost=0.43..8.45 rows=1 width=121)
	  Index Cond: (id = 9354588)

table 2 : explain SELECT c FROM sbtest2 WHERE id=8643845
	Index Scan using sbtest2_pkey on sbtest2  (cost=0.43..8.45 rows=1 width=121)
	  Index Cond: (id = 8643845)

table 3 : explain SELECT c FROM sbtest3 WHERE id=9128535
	Index Scan using sbtest3_pkey on sbtest3  (cost=0.43..8.45 rows=1 width=121)
	  Index Cond: (id = 9128535)

table 4 : explain SELECT c FROM sbtest4 WHERE id=8871606
	Index Scan using sbtest4_pkey on sbtest4  (cost=0.43..8.45 rows=1 width=121)
	  Index Cond: (id = 8871606)

table 5 : explain SELECT c FROM sbtest5 WHERE id=9400490
	Index Scan using sbtest5_pkey on sbtest5  (cost=0.43..8.45 rows=1 width=121)
	  Index Cond: (id = 9400490)

table 6 : explain SELECT c FROM sbtest6 WHERE id=8975816
	Index Scan using sbtest6_pkey on sbtest6  (cost=0.43..8.45 rows=1 width=121)
	  Index Cond: (id = 8975816)

table 7 : explain SELECT c FROM sbtest7 WHERE id=7549464
	Index Scan using sbtest7_pkey on sbtest7  (cost=0.43..8.45 rows=1 width=121)
	  Index Cond: (id = 7549464)

table 8 : explain SELECT c FROM sbtest8 WHERE id=2860821
	Index Scan using sbtest8_pkey on sbtest8  (cost=0.43..8.45 rows=1 width=121)
	  Index Cond: (id = 2860821)

for: sum_ranges
table 1 : explain SELECT SUM(k) FROM sbtest1 WHERE id BETWEEN 6197294 AND 6197393
	Aggregate  (cost=365.04..365.05 rows=1 width=8)
	  ->  Index Scan using sbtest1_pkey on sbtest1  (cost=0.43..364.80 rows=95 width=4)
	        Index Cond: ((id >= 6197294) AND (id <= 6197393))

table 2 : explain SELECT SUM(k) FROM sbtest2 WHERE id BETWEEN 362999 AND 363098
	Aggregate  (cost=407.91..407.92 rows=1 width=8)
	  ->  Index Scan using sbtest2_pkey on sbtest2  (cost=0.43..407.65 rows=106 width=4)
	        Index Cond: ((id >= 362999) AND (id <= 363098))

table 3 : explain SELECT SUM(k) FROM sbtest3 WHERE id BETWEEN 3091182 AND 3091281
	Aggregate  (cost=370.36..370.37 rows=1 width=8)
	  ->  Index Scan using sbtest3_pkey on sbtest3  (cost=0.43..370.12 rows=96 width=4)
	        Index Cond: ((id >= 3091182) AND (id <= 3091281))

table 4 : explain SELECT SUM(k) FROM sbtest4 WHERE id BETWEEN 4658119 AND 4658218
	Aggregate  (cost=419.23..419.24 rows=1 width=8)
	  ->  Index Scan using sbtest4_pkey on sbtest4  (cost=0.43..418.96 rows=109 width=4)
	        Index Cond: ((id >= 4658119) AND (id <= 4658218))

table 5 : explain SELECT SUM(k) FROM sbtest5 WHERE id BETWEEN 7909815 AND 7909914
	Aggregate  (cost=358.31..358.32 rows=1 width=8)
	  ->  Index Scan using sbtest5_pkey on sbtest5  (cost=0.43..358.07 rows=93 width=4)
	        Index Cond: ((id >= 7909815) AND (id <= 7909914))

table 6 : explain SELECT SUM(k) FROM sbtest6 WHERE id BETWEEN 8174189 AND 8174288
	Aggregate  (cost=397.12..397.13 rows=1 width=8)
	  ->  Index Scan using sbtest6_pkey on sbtest6  (cost=0.43..396.87 rows=103 width=4)
	        Index Cond: ((id >= 8174189) AND (id <= 8174288))

table 7 : explain SELECT SUM(k) FROM sbtest7 WHERE id BETWEEN 1799071 AND 1799170
	Aggregate  (cost=379.15..379.16 rows=1 width=8)
	  ->  Index Scan using sbtest7_pkey on sbtest7  (cost=0.43..378.90 rows=98 width=4)
	        Index Cond: ((id >= 1799071) AND (id <= 1799170))

table 8 : explain SELECT SUM(k) FROM sbtest8 WHERE id BETWEEN 5966783 AND 5966882
	Aggregate  (cost=419.62..419.63 rows=1 width=8)
	  ->  Index Scan using sbtest8_pkey on sbtest8  (cost=0.43..419.35 rows=109 width=4)
	        Index Cond: ((id >= 5966783) AND (id <= 5966882))

explain: for point_selects :: explain SELECT c FROM sbtest%u WHERE id=%u
for: simple_ranges
table 1 : explain SELECT c FROM sbtest1 WHERE id BETWEEN 4998710 AND 4998809
	Index Scan using sbtest1_pkey on sbtest1  (cost=0.43..395.12 rows=103 width=121)
	  Index Cond: ((id >= 4998710) AND (id <= 4998809))

table 2 : explain SELECT c FROM sbtest2 WHERE id BETWEEN 1721800 AND 1721899
	Index Scan using sbtest2_pkey on sbtest2  (cost=0.43..373.44 rows=97 width=121)
	  Index Cond: ((id >= 1721800) AND (id <= 1721899))

table 3 : explain SELECT c FROM sbtest3 WHERE id BETWEEN 7949515 AND 7949614
	Index Scan using sbtest3_pkey on sbtest3  (cost=0.43..362.51 rows=94 width=121)
	  Index Cond: ((id >= 7949515) AND (id <= 7949614))

table 4 : explain SELECT c FROM sbtest4 WHERE id BETWEEN 1790144 AND 1790243
	Index Scan using sbtest4_pkey on sbtest4  (cost=0.43..369.56 rows=96 width=121)
	  Index Cond: ((id >= 1790144) AND (id <= 1790243))

table 5 : explain SELECT c FROM sbtest5 WHERE id BETWEEN 2012019 AND 2012118
	Index Scan using sbtest5_pkey on sbtest5  (cost=0.43..377.12 rows=98 width=121)
	  Index Cond: ((id >= 2012019) AND (id <= 2012118))

table 6 : explain SELECT c FROM sbtest6 WHERE id BETWEEN 4668762 AND 4668861
	Index Scan using sbtest6_pkey on sbtest6  (cost=0.43..396.87 rows=103 width=121)
	  Index Cond: ((id >= 4668762) AND (id <= 4668861))

table 7 : explain SELECT c FROM sbtest7 WHERE id BETWEEN 467054 AND 467153
	Index Scan using sbtest7_pkey on sbtest7  (cost=0.43..382.72 rows=99 width=121)
	  Index Cond: ((id >= 467054) AND (id <= 467153))

table 8 : explain SELECT c FROM sbtest8 WHERE id BETWEEN 5890531 AND 5890630
	Index Scan using sbtest8_pkey on sbtest8  (cost=0.43..369.91 rows=96 width=121)
	  Index Cond: ((id >= 5890531) AND (id <= 5890630))

for: sum_ranges
table 1 : explain SELECT SUM(k) FROM sbtest1 WHERE id BETWEEN 7758211 AND 7758310
	Aggregate  (cost=357.46..357.47 rows=1 width=8)
	  ->  Index Scan using sbtest1_pkey on sbtest1  (cost=0.43..357.23 rows=93 width=4)
	        Index Cond: ((id >= 7758211) AND (id <= 7758310))

table 2 : explain SELECT SUM(k) FROM sbtest2 WHERE id BETWEEN 9103300 AND 9103399
	Aggregate  (cost=369.88..369.89 rows=1 width=8)
	  ->  Index Scan using sbtest2_pkey on sbtest2  (cost=0.43..369.64 rows=96 width=4)
	        Index Cond: ((id >= 9103300) AND (id <= 9103399))

table 3 : explain SELECT SUM(k) FROM sbtest3 WHERE id BETWEEN 1587786 AND 1587885
	Aggregate  (cost=393.26..393.27 rows=1 width=8)
	  ->  Index Scan using sbtest3_pkey on sbtest3  (cost=0.43..393.01 rows=102 width=4)
	        Index Cond: ((id >= 1587786) AND (id <= 1587885))

table 4 : explain SELECT SUM(k) FROM sbtest4 WHERE id BETWEEN 3179100 AND 3179199
	Aggregate  (cost=388.81..388.82 rows=1 width=8)
	  ->  Index Scan using sbtest4_pkey on sbtest4  (cost=0.43..388.56 rows=101 width=4)
	        Index Cond: ((id >= 3179100) AND (id <= 3179199))

table 5 : explain SELECT SUM(k) FROM sbtest5 WHERE id BETWEEN 6168953 AND 6169052
	Aggregate  (cost=419.19..419.20 rows=1 width=8)
	  ->  Index Scan using sbtest5_pkey on sbtest5  (cost=0.43..418.91 rows=109 width=4)
	        Index Cond: ((id >= 6168953) AND (id <= 6169052))

table 6 : explain SELECT SUM(k) FROM sbtest6 WHERE id BETWEEN 2118164 AND 2118263
	Aggregate  (cost=362.79..362.80 rows=1 width=8)
	  ->  Index Scan using sbtest6_pkey on sbtest6  (cost=0.43..362.56 rows=94 width=4)
	        Index Cond: ((id >= 2118164) AND (id <= 2118263))

table 7 : explain SELECT SUM(k) FROM sbtest7 WHERE id BETWEEN 677347 AND 677446
	Aggregate  (cost=390.61..390.62 rows=1 width=8)
	  ->  Index Scan using sbtest7_pkey on sbtest7  (cost=0.43..390.35 rows=101 width=4)
	        Index Cond: ((id >= 677347) AND (id <= 677446))

table 8 : explain SELECT SUM(k) FROM sbtest8 WHERE id BETWEEN 571589 AND 571688
	Aggregate  (cost=396.79..396.80 rows=1 width=8)
	  ->  Index Scan using sbtest8_pkey on sbtest8  (cost=0.43..396.53 rows=103 width=4)
	        Index Cond: ((id >= 571589) AND (id <= 571688))

explain: for point_selects :: explain SELECT c FROM sbtest%u WHERE id=%u
for point_selects
table 1 : explain SELECT c FROM sbtest1 WHERE id=3058385
	Index Scan using sbtest1_pkey on sbtest1  (cost=0.43..8.45 rows=1 width=121)
	  Index Cond: (id = 3058385)

table 2 : explain SELECT c FROM sbtest2 WHERE id=4839695
	Index Scan using sbtest2_pkey on sbtest2  (cost=0.43..8.45 rows=1 width=121)
	  Index Cond: (id = 4839695)

table 3 : explain SELECT c FROM sbtest3 WHERE id=937345
	Index Scan using sbtest3_pkey on sbtest3  (cost=0.43..8.45 rows=1 width=121)
	  Index Cond: (id = 937345)

table 4 : explain SELECT c FROM sbtest4 WHERE id=6153700
	Index Scan using sbtest4_pkey on sbtest4  (cost=0.43..8.45 rows=1 width=121)
	  Index Cond: (id = 6153700)

table 5 : explain SELECT c FROM sbtest5 WHERE id=7296216
	Index Scan using sbtest5_pkey on sbtest5  (cost=0.43..8.45 rows=1 width=121)
	  Index Cond: (id = 7296216)

table 6 : explain SELECT c FROM sbtest6 WHERE id=2011462
	Index Scan using sbtest6_pkey on sbtest6  (cost=0.43..8.45 rows=1 width=121)
	  Index Cond: (id = 2011462)

table 7 : explain SELECT c FROM sbtest7 WHERE id=9730372
	Index Scan using sbtest7_pkey on sbtest7  (cost=0.43..8.45 rows=1 width=121)
	  Index Cond: (id = 9730372)

table 8 : explain SELECT c FROM sbtest8 WHERE id=1995710
	Index Scan using sbtest8_pkey on sbtest8  (cost=0.43..8.45 rows=1 width=121)
	  Index Cond: (id = 1995710)

explain: for point_selects :: explain SELECT c FROM sbtest%u WHERE id=%u
for: order_ranges
table 1 : explain SELECT c FROM sbtest1 WHERE id BETWEEN 7985195 AND 7985294 ORDER BY c
	Sort  (cost=390.90..391.15 rows=101 width=121)
	  Sort Key: c
	  ->  Index Scan using sbtest1_pkey on sbtest1  (cost=0.43..387.54 rows=101 width=121)
	        Index Cond: ((id >= 7985195) AND (id <= 7985294))

table 2 : explain SELECT c FROM sbtest2 WHERE id BETWEEN 7399188 AND 7399287 ORDER BY c
	Sort  (cost=380.49..380.73 rows=98 width=121)
	  Sort Key: c
	  ->  Index Scan using sbtest2_pkey on sbtest2  (cost=0.43..377.24 rows=98 width=121)
	        Index Cond: ((id >= 7399188) AND (id <= 7399287))

table 3 : explain SELECT c FROM sbtest3 WHERE id BETWEEN 8844500 AND 8844599 ORDER BY c
	Sort  (cost=423.34..423.61 rows=109 width=121)
	  Sort Key: c
	  ->  Index Scan using sbtest3_pkey on sbtest3  (cost=0.43..419.65 rows=109 width=121)
	        Index Cond: ((id >= 8844500) AND (id <= 8844599))

table 4 : explain SELECT c FROM sbtest4 WHERE id BETWEEN 8155267 AND 8155366 ORDER BY c
	Sort  (cost=380.40..380.65 rows=98 width=121)
	  Sort Key: c
	  ->  Index Scan using sbtest4_pkey on sbtest4  (cost=0.43..377.16 rows=98 width=121)
	        Index Cond: ((id >= 8155267) AND (id <= 8155366))

table 5 : explain SELECT c FROM sbtest5 WHERE id BETWEEN 5418687 AND 5418786 ORDER BY c
	Sort  (cost=391.88..392.14 rows=101 width=121)
	  Sort Key: c
	  ->  Index Scan using sbtest5_pkey on sbtest5  (cost=0.43..388.52 rows=101 width=121)
	        Index Cond: ((id >= 5418687) AND (id <= 5418786))

table 6 : explain SELECT c FROM sbtest6 WHERE id BETWEEN 6359885 AND 6359984 ORDER BY c
	Sort  (cost=400.31..400.57 rows=103 width=121)
	  Sort Key: c
	  ->  Index Scan using sbtest6_pkey on sbtest6  (cost=0.43..396.87 rows=103 width=121)
	        Index Cond: ((id >= 6359885) AND (id <= 6359984))

table 7 : explain SELECT c FROM sbtest7 WHERE id BETWEEN 6566809 AND 6566908 ORDER BY c
	Sort  (cost=366.66..366.90 rows=94 width=121)
	  Sort Key: c
	  ->  Index Scan using sbtest7_pkey on sbtest7  (cost=0.43..363.58 rows=94 width=121)
	        Index Cond: ((id >= 6566809) AND (id <= 6566908))

table 8 : explain SELECT c FROM sbtest8 WHERE id BETWEEN 9015079 AND 9015178 ORDER BY c
	Sort  (cost=373.07..373.31 rows=96 width=121)
	  Sort Key: c
	  ->  Index Scan using sbtest8_pkey on sbtest8  (cost=0.43..369.91 rows=96 width=121)
	        Index Cond: ((id >= 9015079) AND (id <= 9015178))

for: distinct_ranges
table 1 : explain SELECT DISTINCT c FROM sbtest1 WHERE id BETWEEN 5880345 AND 5880444 ORDER BY c
	Unique  (cost=406.22..406.74 rows=105 width=121)
	  ->  Sort  (cost=406.22..406.48 rows=105 width=121)
	        Sort Key: c
	        ->  Index Scan using sbtest1_pkey on sbtest1  (cost=0.43..402.69 rows=105 width=121)
	              Index Cond: ((id >= 5880345) AND (id <= 5880444))

table 2 : explain SELECT DISTINCT c FROM sbtest2 WHERE id BETWEEN 8354592 AND 8354691 ORDER BY c
	Unique  (cost=392.01..392.51 rows=101 width=121)
	  ->  Sort  (cost=392.01..392.26 rows=101 width=121)
	        Sort Key: c
	        ->  Index Scan using sbtest2_pkey on sbtest2  (cost=0.43..388.64 rows=101 width=121)
	              Index Cond: ((id >= 8354592) AND (id <= 8354691))

table 3 : explain SELECT DISTINCT c FROM sbtest3 WHERE id BETWEEN 728965 AND 729064 ORDER BY c
	Unique  (cost=361.74..362.21 rows=93 width=121)
	  ->  Sort  (cost=361.74..361.98 rows=93 width=121)
	        Sort Key: c
	        ->  Index Scan using sbtest3_pkey on sbtest3  (cost=0.43..358.70 rows=93 width=121)
	              Index Cond: ((id >= 728965) AND (id <= 729064))

table 4 : explain SELECT DISTINCT c FROM sbtest4 WHERE id BETWEEN 7669375 AND 7669474 ORDER BY c
	Unique  (cost=364.99..365.46 rows=94 width=121)
	  ->  Sort  (cost=364.99..365.23 rows=94 width=121)
	        Sort Key: c
	        ->  Index Scan using sbtest4_pkey on sbtest4  (cost=0.43..361.91 rows=94 width=121)
	              Index Cond: ((id >= 7669375) AND (id <= 7669474))

table 5 : explain SELECT DISTINCT c FROM sbtest5 WHERE id BETWEEN 444703 AND 444802 ORDER BY c
	Unique  (cost=388.04..388.54 rows=100 width=121)
	  ->  Sort  (cost=388.04..388.29 rows=100 width=121)
	        Sort Key: c
	        ->  Index Scan using sbtest5_pkey on sbtest5  (cost=0.43..384.72 rows=100 width=121)
	              Index Cond: ((id >= 444703) AND (id <= 444802))

table 6 : explain SELECT DISTINCT c FROM sbtest6 WHERE id BETWEEN 8334766 AND 8334865 ORDER BY c
	Unique  (cost=408.00..408.53 rows=105 width=121)
	  ->  Sort  (cost=408.00..408.27 rows=105 width=121)
	        Sort Key: c
	        ->  Index Scan using sbtest6_pkey on sbtest6  (cost=0.43..404.48 rows=105 width=121)
	              Index Cond: ((id >= 8334766) AND (id <= 8334865))

table 7 : explain SELECT DISTINCT c FROM sbtest7 WHERE id BETWEEN 957759 AND 957858 ORDER BY c
	Unique  (cost=405.29..405.81 rows=104 width=121)
	  ->  Sort  (cost=405.29..405.55 rows=104 width=121)
	        Sort Key: c
	        ->  Index Scan using sbtest7_pkey on sbtest7  (cost=0.43..401.81 rows=104 width=121)
	              Index Cond: ((id >= 957759) AND (id <= 957858))

table 8 : explain SELECT DISTINCT c FROM sbtest8 WHERE id BETWEEN 67045 AND 67144 ORDER BY c
	Unique  (cost=380.76..381.25 rows=98 width=121)
	  ->  Sort  (cost=380.76..381.00 rows=98 width=121)
	        Sort Key: c
	        ->  Index Scan using sbtest8_pkey on sbtest8  (cost=0.43..377.52 rows=98 width=121)
	              Index Cond: ((id >= 67045) AND (id <= 67144))

for: order_ranges
table 1 : explain SELECT c FROM sbtest1 WHERE id BETWEEN 4834624 AND 4834723 ORDER BY c
	Sort  (cost=425.37..425.65 rows=110 width=121)
	  Sort Key: c
	  ->  Index Scan using sbtest1_pkey on sbtest1  (cost=0.43..421.64 rows=110 width=121)
	        Index Cond: ((id >= 4834624) AND (id <= 4834723))

table 2 : explain SELECT c FROM sbtest2 WHERE id BETWEEN 7384516 AND 7384615 ORDER BY c
	Sort  (cost=380.49..380.73 rows=98 width=121)
	  Sort Key: c
	  ->  Index Scan using sbtest2_pkey on sbtest2  (cost=0.43..377.24 rows=98 width=121)
	        Index Cond: ((id >= 7384516) AND (id <= 7384615))

table 3 : explain SELECT c FROM sbtest3 WHERE id BETWEEN 9837420 AND 9837519 ORDER BY c
	Sort  (cost=411.80..412.06 rows=106 width=121)
	  Sort Key: c
	  ->  Index Scan using sbtest3_pkey on sbtest3  (cost=0.43..408.23 rows=106 width=121)
	        Index Cond: ((id >= 9837420) AND (id <= 9837519))

table 4 : explain SELECT c FROM sbtest4 WHERE id BETWEEN 5201945 AND 5202044 ORDER BY c
	Sort  (cost=391.92..392.18 rows=101 width=121)
	  Sort Key: c
	  ->  Index Scan using sbtest4_pkey on sbtest4  (cost=0.43..388.56 rows=101 width=121)
	        Index Cond: ((id >= 5201945) AND (id <= 5202044))

table 5 : explain SELECT c FROM sbtest5 WHERE id BETWEEN 9987465 AND 9987564 ORDER BY c
	Sort  (cost=357.28..357.51 rows=92 width=121)
	  Sort Key: c
	  ->  Index Scan using sbtest5_pkey on sbtest5  (cost=0.43..354.28 rows=92 width=121)
	        Index Cond: ((id >= 9987465) AND (id <= 9987564))

table 6 : explain SELECT c FROM sbtest6 WHERE id BETWEEN 3349634 AND 3349733 ORDER BY c
	Sort  (cost=361.79..362.02 rows=93 width=121)
	  Sort Key: c
	  ->  Index Scan using sbtest6_pkey on sbtest6  (cost=0.43..358.75 rows=93 width=121)
	        Index Cond: ((id >= 3349634) AND (id <= 3349733))

table 7 : explain SELECT c FROM sbtest7 WHERE id BETWEEN 6910425 AND 6910524 ORDER BY c
	Sort  (cost=424.58..424.85 rows=109 width=121)
	  Sort Key: c
	  ->  Index Scan using sbtest7_pkey on sbtest7  (cost=0.43..420.89 rows=109 width=121)
	        Index Cond: ((id >= 6910425) AND (id <= 6910524))

table 8 : explain SELECT c FROM sbtest8 WHERE id BETWEEN 1119794 AND 1119893 ORDER BY c
	Sort  (cost=353.80..354.03 rows=91 width=121)
	  Sort Key: c
	  ->  Index Scan using sbtest8_pkey on sbtest8  (cost=0.43..350.84 rows=91 width=121)
	        Index Cond: ((id >= 1119794) AND (id <= 1119893))

explain: for point_selects :: explain SELECT c FROM sbtest%u WHERE id=%u
for: order_ranges
table 1 : explain SELECT c FROM sbtest1 WHERE id BETWEEN 3111283 AND 3111382 ORDER BY c
	Sort  (cost=379.41..379.66 rows=98 width=121)
	  Sort Key: c
	  ->  Index Scan using sbtest1_pkey on sbtest1  (cost=0.43..376.17 rows=98 width=121)
	        Index Cond: ((id >= 3111283) AND (id <= 3111382))

table 2 : explain SELECT c FROM sbtest2 WHERE id BETWEEN 8597463 AND 8597562 ORDER BY c
	Sort  (cost=407.37..407.63 rows=105 width=121)
	  Sort Key: c
	  ->  Index Scan using sbtest2_pkey on sbtest2  (cost=0.43..403.85 rows=105 width=121)
	        Index Cond: ((id >= 8597463) AND (id <= 8597562))

table 3 : explain SELECT c FROM sbtest3 WHERE id BETWEEN 6676549 AND 6676648 ORDER BY c
	Sort  (cost=404.10..404.36 rows=104 width=121)
	  Sort Key: c
	  ->  Index Scan using sbtest3_pkey on sbtest3  (cost=0.43..400.62 rows=104 width=121)
	        Index Cond: ((id >= 6676549) AND (id <= 6676648))

table 4 : explain SELECT c FROM sbtest4 WHERE id BETWEEN 8334661 AND 8334760 ORDER BY c
	Sort  (cost=407.28..407.55 rows=105 width=121)
	  Sort Key: c
	  ->  Index Scan using sbtest4_pkey on sbtest4  (cost=0.43..403.76 rows=105 width=121)
	        Index Cond: ((id >= 8334661) AND (id <= 8334760))

table 5 : explain SELECT c FROM sbtest5 WHERE id BETWEEN 6654956 AND 6655055 ORDER BY c
	Sort  (cost=395.72..395.98 rows=102 width=121)
	  Sort Key: c
	  ->  Index Scan using sbtest5_pkey on sbtest5  (cost=0.43..392.32 rows=102 width=121)
	        Index Cond: ((id >= 6654956) AND (id <= 6655055))

table 6 : explain SELECT c FROM sbtest6 WHERE id BETWEEN 3819794 AND 3819893 ORDER BY c
	Sort  (cost=388.77..389.02 rows=100 width=121)
	  Sort Key: c
	  ->  Index Scan using sbtest6_pkey on sbtest6  (cost=0.43..385.45 rows=100 width=121)
	        Index Cond: ((id >= 3819794) AND (id <= 3819893))

table 7 : explain SELECT c FROM sbtest7 WHERE id BETWEEN 7524362 AND 7524461 ORDER BY c
	Sort  (cost=386.00..386.25 rows=99 width=121)
	  Sort Key: c
	  ->  Index Scan using sbtest7_pkey on sbtest7  (cost=0.43..382.72 rows=99 width=121)
	        Index Cond: ((id >= 7524362) AND (id <= 7524461))

table 8 : explain SELECT c FROM sbtest8 WHERE id BETWEEN 4479593 AND 4479692 ORDER BY c
	Sort  (cost=365.33..365.57 rows=94 width=121)
	  Sort Key: c
	  ->  Index Scan using sbtest8_pkey on sbtest8  (cost=0.43..362.25 rows=94 width=121)
	        Index Cond: ((id >= 4479593) AND (id <= 4479692))

explain: for index_updates :: explain UPDATE sbtest%u SET k=k+1 WHERE id=%u
for: sum_ranges
table 1 : explain SELECT SUM(k) FROM sbtest1 WHERE id BETWEEN 7109691 AND 7109790
	Aggregate  (cost=376.42..376.43 rows=1 width=8)
	  ->  Index Scan using sbtest1_pkey on sbtest1  (cost=0.43..376.17 rows=98 width=4)
	        Index Cond: ((id >= 7109691) AND (id <= 7109790))

table 2 : explain SELECT SUM(k) FROM sbtest2 WHERE id BETWEEN 6232002 AND 6232101
	Aggregate  (cost=358.42..358.43 rows=1 width=8)
	  ->  Index Scan using sbtest2_pkey on sbtest2  (cost=0.43..358.19 rows=93 width=4)
	        Index Cond: ((id >= 6232002) AND (id <= 6232101))

table 3 : explain SELECT SUM(k) FROM sbtest3 WHERE id BETWEEN 1645273 AND 1645372
	Aggregate  (cost=412.31..412.32 rows=1 width=8)
	  ->  Index Scan using sbtest3_pkey on sbtest3  (cost=0.43..412.04 rows=107 width=4)
	        Index Cond: ((id >= 1645273) AND (id <= 1645372))

table 4 : explain SELECT SUM(k) FROM sbtest4 WHERE id BETWEEN 322037 AND 322136
	Aggregate  (cost=358.34..358.35 rows=1 width=8)
	  ->  Index Scan using sbtest4_pkey on sbtest4  (cost=0.43..358.11 rows=93 width=4)
	        Index Cond: ((id >= 322037) AND (id <= 322136))

table 5 : explain SELECT SUM(k) FROM sbtest5 WHERE id BETWEEN 3523172 AND 3523271
	Aggregate  (cost=400.18..400.19 rows=1 width=8)
	  ->  Index Scan using sbtest5_pkey on sbtest5  (cost=0.43..399.92 rows=104 width=4)
	        Index Cond: ((id >= 3523172) AND (id <= 3523271))

table 6 : explain SELECT SUM(k) FROM sbtest6 WHERE id BETWEEN 6444832 AND 6444931
	Aggregate  (cost=408.55..408.56 rows=1 width=8)
	  ->  Index Scan using sbtest6_pkey on sbtest6  (cost=0.43..408.28 rows=106 width=4)
	        Index Cond: ((id >= 6444832) AND (id <= 6444931))

table 7 : explain SELECT SUM(k) FROM sbtest7 WHERE id BETWEEN 6989450 AND 6989549
	Aggregate  (cost=398.25..398.26 rows=1 width=8)
	  ->  Index Scan using sbtest7_pkey on sbtest7  (cost=0.43..397.99 rows=103 width=4)
	        Index Cond: ((id >= 6989450) AND (id <= 6989549))

table 8 : explain SELECT SUM(k) FROM sbtest8 WHERE id BETWEEN 2779823 AND 2779922
	Aggregate  (cost=370.15..370.16 rows=1 width=8)
	  ->  Index Scan using sbtest8_pkey on sbtest8  (cost=0.43..369.91 rows=96 width=4)
	        Index Cond: ((id >= 2779823) AND (id <= 2779922))

for: simple_ranges
table 1 : explain SELECT c FROM sbtest1 WHERE id BETWEEN 4231370 AND 4231469
	Index Scan using sbtest1_pkey on sbtest1  (cost=0.43..376.17 rows=98 width=121)
	  Index Cond: ((id >= 4231370) AND (id <= 4231469))

table 2 : explain SELECT c FROM sbtest2 WHERE id BETWEEN 313944 AND 314043
	Index Scan using sbtest2_pkey on sbtest2  (cost=0.43..381.04 rows=99 width=121)
	  Index Cond: ((id >= 313944) AND (id <= 314043))

table 3 : explain SELECT c FROM sbtest3 WHERE id BETWEEN 8845928 AND 8846027
	Index Scan using sbtest3_pkey on sbtest3  (cost=0.43..419.65 rows=109 width=121)
	  Index Cond: ((id >= 8845928) AND (id <= 8846027))

table 4 : explain SELECT c FROM sbtest4 WHERE id BETWEEN 2438481 AND 2438580
	Index Scan using sbtest4_pkey on sbtest4  (cost=0.43..388.56 rows=101 width=121)
	  Index Cond: ((id >= 2438481) AND (id <= 2438580))

table 5 : explain SELECT c FROM sbtest5 WHERE id BETWEEN 2345986 AND 2346085
	Index Scan using sbtest5_pkey on sbtest5  (cost=0.43..380.92 rows=99 width=121)
	  Index Cond: ((id >= 2345986) AND (id <= 2346085))

table 6 : explain SELECT c FROM sbtest6 WHERE id BETWEEN 7786344 AND 7786443
	Index Scan using sbtest6_pkey on sbtest6  (cost=0.43..366.41 rows=95 width=121)
	  Index Cond: ((id >= 7786344) AND (id <= 7786443))

table 7 : explain SELECT c FROM sbtest7 WHERE id BETWEEN 3351052 AND 3351151
	Index Scan using sbtest7_pkey on sbtest7  (cost=0.43..390.35 rows=101 width=121)
	  Index Cond: ((id >= 3351052) AND (id <= 3351151))

table 8 : explain SELECT c FROM sbtest8 WHERE id BETWEEN 9243651 AND 9243750
	Index Scan using sbtest8_pkey on sbtest8  (cost=0.43..373.71 rows=97 width=121)
	  Index Cond: ((id >= 9243651) AND (id <= 9243750))

for: distinct_ranges
table 1 : explain SELECT DISTINCT c FROM sbtest1 WHERE id BETWEEN 2406652 AND 2406751 ORDER BY c
	Unique  (cost=379.41..379.90 rows=98 width=121)
	  ->  Sort  (cost=379.41..379.66 rows=98 width=121)
	        Sort Key: c
	        ->  Index Scan using sbtest1_pkey on sbtest1  (cost=0.43..376.17 rows=98 width=121)
	              Index Cond: ((id >= 2406652) AND (id <= 2406751))

table 2 : explain SELECT DISTINCT c FROM sbtest2 WHERE id BETWEEN 3986932 AND 3987031 ORDER BY c
	Unique  (cost=426.58..427.13 rows=110 width=121)
	  ->  Sort  (cost=426.58..426.85 rows=110 width=121)
	        Sort Key: c
	        ->  Index Scan using sbtest2_pkey on sbtest2  (cost=0.43..422.85 rows=110 width=121)
	              Index Cond: ((id >= 3986932) AND (id <= 3987031))

table 3 : explain SELECT DISTINCT c FROM sbtest3 WHERE id BETWEEN 8658427 AND 8658526 ORDER BY c
	Unique  (cost=361.74..362.21 rows=93 width=121)
	  ->  Sort  (cost=361.74..361.98 rows=93 width=121)
	        Sort Key: c
	        ->  Index Scan using sbtest3_pkey on sbtest3  (cost=0.43..358.70 rows=93 width=121)
	              Index Cond: ((id >= 8658427) AND (id <= 8658526))

table 4 : explain SELECT DISTINCT c FROM sbtest4 WHERE id BETWEEN 9742885 AND 9742984 ORDER BY c
	Unique  (cost=407.28..407.81 rows=105 width=121)
	  ->  Sort  (cost=407.28..407.55 rows=105 width=121)
	        Sort Key: c
	        ->  Index Scan using sbtest4_pkey on sbtest4  (cost=0.43..403.76 rows=105 width=121)
	              Index Cond: ((id >= 9742885) AND (id <= 9742984))

table 5 : explain SELECT DISTINCT c FROM sbtest5 WHERE id BETWEEN 5250836 AND 5250935 ORDER BY c
	Unique  (cost=403.40..403.92 rows=104 width=121)
	  ->  Sort  (cost=403.40..403.66 rows=104 width=121)
	        Sort Key: c
	        ->  Index Scan using sbtest5_pkey on sbtest5  (cost=0.43..399.92 rows=104 width=121)
	              Index Cond: ((id >= 5250836) AND (id <= 5250935))

table 6 : explain SELECT DISTINCT c FROM sbtest6 WHERE id BETWEEN 6504578 AND 6504677 ORDER BY c
	Unique  (cost=404.16..404.68 rows=104 width=121)
	  ->  Sort  (cost=404.16..404.42 rows=104 width=121)
	        Sort Key: c
	        ->  Index Scan using sbtest6_pkey on sbtest6  (cost=0.43..400.67 rows=104 width=121)
	              Index Cond: ((id >= 6504578) AND (id <= 6504677))

table 7 : explain SELECT DISTINCT c FROM sbtest7 WHERE id BETWEEN 2836533 AND 2836632 ORDER BY c
	Unique  (cost=358.95..359.41 rows=92 width=121)
	  ->  Sort  (cost=358.95..359.18 rows=92 width=121)
	        Sort Key: c
	        ->  Index Scan using sbtest7_pkey on sbtest7  (cost=0.43..355.95 rows=92 width=121)
	              Index Cond: ((id >= 2836533) AND (id <= 2836632))

table 8 : explain SELECT DISTINCT c FROM sbtest8 WHERE id BETWEEN 6000976 AND 6001075 ORDER BY c
	Unique  (cost=423.04..423.58 rows=109 width=121)
	  ->  Sort  (cost=423.04..423.31 rows=109 width=121)
	        Sort Key: c
	        ->  Index Scan using sbtest8_pkey on sbtest8  (cost=0.43..419.35 rows=109 width=121)
	              Index Cond: ((id >= 6000976) AND (id <= 6001075))

for index_updates
table 1 : explain UPDATE sbtest1 SET k=k+1 WHERE id=4384268
	Update on sbtest1  (cost=0.43..8.46 rows=0 width=0)
	  ->  Index Scan using sbtest1_pkey on sbtest1  (cost=0.43..8.46 rows=1 width=10)
	        Index Cond: (id = 4384268)

table 2 : explain UPDATE sbtest2 SET k=k+1 WHERE id=5564811
	Update on sbtest2  (cost=0.43..8.46 rows=0 width=0)
	  ->  Index Scan using sbtest2_pkey on sbtest2  (cost=0.43..8.46 rows=1 width=10)
	        Index Cond: (id = 5564811)

table 3 : explain UPDATE sbtest3 SET k=k+1 WHERE id=7305847
	Update on sbtest3  (cost=0.43..8.46 rows=0 width=0)
	  ->  Index Scan using sbtest3_pkey on sbtest3  (cost=0.43..8.46 rows=1 width=10)
	        Index Cond: (id = 7305847)

table 4 : explain UPDATE sbtest4 SET k=k+1 WHERE id=9774164
	Update on sbtest4  (cost=0.43..8.46 rows=0 width=0)
	  ->  Index Scan using sbtest4_pkey on sbtest4  (cost=0.43..8.46 rows=1 width=10)
	        Index Cond: (id = 9774164)

table 5 : explain UPDATE sbtest5 SET k=k+1 WHERE id=3402749
	Update on sbtest5  (cost=0.43..8.46 rows=0 width=0)
	  ->  Index Scan using sbtest5_pkey on sbtest5  (cost=0.43..8.46 rows=1 width=10)
	        Index Cond: (id = 3402749)

table 6 : explain UPDATE sbtest6 SET k=k+1 WHERE id=6655722
	Update on sbtest6  (cost=0.43..8.46 rows=0 width=0)
	  ->  Index Scan using sbtest6_pkey on sbtest6  (cost=0.43..8.46 rows=1 width=10)
	        Index Cond: (id = 6655722)

table 7 : explain UPDATE sbtest7 SET k=k+1 WHERE id=7511887
	Update on sbtest7  (cost=0.43..8.46 rows=0 width=0)
	  ->  Index Scan using sbtest7_pkey on sbtest7  (cost=0.43..8.46 rows=1 width=10)
	        Index Cond: (id = 7511887)

table 8 : explain UPDATE sbtest8 SET k=k+1 WHERE id=7559413
	Update on sbtest8  (cost=0.43..8.46 rows=0 width=0)
	  ->  Index Scan using sbtest8_pkey on sbtest8  (cost=0.43..8.46 rows=1 width=10)
	        Index Cond: (id = 7559413)

explain: for index_updates :: explain UPDATE sbtest%u SET k=k+1 WHERE id=%u
for: simple_ranges
table 1 : explain SELECT c FROM sbtest1 WHERE id BETWEEN 9852996 AND 9853095
	Index Scan using sbtest1_pkey on sbtest1  (cost=0.43..376.17 rows=98 width=121)
	  Index Cond: ((id >= 9852996) AND (id <= 9853095))

table 2 : explain SELECT c FROM sbtest2 WHERE id BETWEEN 8072220 AND 8072319
	Index Scan using sbtest2_pkey on sbtest2  (cost=0.43..392.45 rows=102 width=121)
	  Index Cond: ((id >= 8072220) AND (id <= 8072319))

table 3 : explain SELECT c FROM sbtest3 WHERE id BETWEEN 4861969 AND 4862068
	Index Scan using sbtest3_pkey on sbtest3  (cost=0.43..358.70 rows=93 width=121)
	  Index Cond: ((id >= 4861969) AND (id <= 4862068))

table 4 : explain SELECT c FROM sbtest4 WHERE id BETWEEN 8111594 AND 8111693
	Index Scan using sbtest4_pkey on sbtest4  (cost=0.43..377.16 rows=98 width=121)
	  Index Cond: ((id >= 8111594) AND (id <= 8111693))

table 5 : explain SELECT c FROM sbtest5 WHERE id BETWEEN 9637216 AND 9637315
	Index Scan using sbtest5_pkey on sbtest5  (cost=0.43..392.32 rows=102 width=121)
	  Index Cond: ((id >= 9637216) AND (id <= 9637315))

table 6 : explain SELECT c FROM sbtest6 WHERE id BETWEEN 4095660 AND 4095759
	Index Scan using sbtest6_pkey on sbtest6  (cost=0.43..354.94 rows=92 width=121)
	  Index Cond: ((id >= 4095660) AND (id <= 4095759))

table 7 : explain SELECT c FROM sbtest7 WHERE id BETWEEN 5978226 AND 5978325
	Index Scan using sbtest7_pkey on sbtest7  (cost=0.43..371.21 rows=96 width=121)
	  Index Cond: ((id >= 5978226) AND (id <= 5978325))

table 8 : explain SELECT c FROM sbtest8 WHERE id BETWEEN 8736919 AND 8737018
	Index Scan using sbtest8_pkey on sbtest8  (cost=0.43..400.33 rows=104 width=121)
	  Index Cond: ((id >= 8736919) AND (id <= 8737018))

for point_selects
table 1 : explain SELECT c FROM sbtest1 WHERE id=872977
	Index Scan using sbtest1_pkey on sbtest1  (cost=0.43..8.45 rows=1 width=121)
	  Index Cond: (id = 872977)

table 2 : explain SELECT c FROM sbtest2 WHERE id=6873134
	Index Scan using sbtest2_pkey on sbtest2  (cost=0.43..8.45 rows=1 width=121)
	  Index Cond: (id = 6873134)

table 3 : explain SELECT c FROM sbtest3 WHERE id=7411308
	Index Scan using sbtest3_pkey on sbtest3  (cost=0.43..8.45 rows=1 width=121)
	  Index Cond: (id = 7411308)

table 4 : explain SELECT c FROM sbtest4 WHERE id=2478404
	Index Scan using sbtest4_pkey on sbtest4  (cost=0.43..8.45 rows=1 width=121)
	  Index Cond: (id = 2478404)

table 5 : explain SELECT c FROM sbtest5 WHERE id=8255157
	Index Scan using sbtest5_pkey on sbtest5  (cost=0.43..8.45 rows=1 width=121)
	  Index Cond: (id = 8255157)

table 6 : explain SELECT c FROM sbtest6 WHERE id=2624816
	Index Scan using sbtest6_pkey on sbtest6  (cost=0.43..8.45 rows=1 width=121)
	  Index Cond: (id = 2624816)

table 7 : explain SELECT c FROM sbtest7 WHERE id=5168100
	Index Scan using sbtest7_pkey on sbtest7  (cost=0.43..8.45 rows=1 width=121)
	  Index Cond: (id = 5168100)

table 8 : explain SELECT c FROM sbtest8 WHERE id=1315965
	Index Scan using sbtest8_pkey on sbtest8  (cost=0.43..8.45 rows=1 width=121)
	  Index Cond: (id = 1315965)

for: sum_ranges
table 1 : explain SELECT SUM(k) FROM sbtest1 WHERE id BETWEEN 9267386 AND 9267485
	Aggregate  (cost=380.21..380.22 rows=1 width=8)
	  ->  Index Scan using sbtest1_pkey on sbtest1  (cost=0.43..379.96 rows=99 width=4)
	        Index Cond: ((id >= 9267386) AND (id <= 9267485))

table 2 : explain SELECT SUM(k) FROM sbtest2 WHERE id BETWEEN 8061872 AND 8061971
	Aggregate  (cost=392.70..392.71 rows=1 width=8)
	  ->  Index Scan using sbtest2_pkey on sbtest2  (cost=0.43..392.45 rows=102 width=4)
	        Index Cond: ((id >= 8061872) AND (id <= 8061971))

table 3 : explain SELECT SUM(k) FROM sbtest3 WHERE id BETWEEN 8654741 AND 8654840
	Aggregate  (cost=358.93..358.94 rows=1 width=8)
	  ->  Index Scan using sbtest3_pkey on sbtest3  (cost=0.43..358.70 rows=93 width=4)
	        Index Cond: ((id >= 8654741) AND (id <= 8654840))

table 4 : explain SELECT SUM(k) FROM sbtest4 WHERE id BETWEEN 166281 AND 166380
	Aggregate  (cost=407.82..407.83 rows=1 width=8)
	  ->  Index Scan using sbtest4_pkey on sbtest4  (cost=0.43..407.56 rows=106 width=4)
	        Index Cond: ((id >= 166281) AND (id <= 166380))

table 5 : explain SELECT SUM(k) FROM sbtest5 WHERE id BETWEEN 3034642 AND 3034741
	Aggregate  (cost=381.17..381.18 rows=1 width=8)
	  ->  Index Scan using sbtest5_pkey on sbtest5  (cost=0.43..380.92 rows=99 width=4)
	        Index Cond: ((id >= 3034642) AND (id <= 3034741))

table 6 : explain SELECT SUM(k) FROM sbtest6 WHERE id BETWEEN 2977047 AND 2977146
	Aggregate  (cost=419.98..419.99 rows=1 width=8)
	  ->  Index Scan using sbtest6_pkey on sbtest6  (cost=0.43..419.70 rows=109 width=4)
	        Index Cond: ((id >= 2977047) AND (id <= 2977146))

table 7 : explain SELECT SUM(k) FROM sbtest7 WHERE id BETWEEN 1662603 AND 1662702
	Aggregate  (cost=382.97..382.98 rows=1 width=8)
	  ->  Index Scan using sbtest7_pkey on sbtest7  (cost=0.43..382.72 rows=99 width=4)
	        Index Cond: ((id >= 1662603) AND (id <= 1662702))

table 8 : explain SELECT SUM(k) FROM sbtest8 WHERE id BETWEEN 891001 AND 891100
	Aggregate  (cost=408.21..408.22 rows=1 width=8)
	  ->  Index Scan using sbtest8_pkey on sbtest8  (cost=0.43..407.94 rows=106 width=4)
	        Index Cond: ((id >= 891001) AND (id <= 891100))

for: order_ranges
table 1 : explain SELECT c FROM sbtest1 WHERE id BETWEEN 9506848 AND 9506947 ORDER BY c
	Sort  (cost=398.56..398.82 rows=103 width=121)
	  Sort Key: c
	  ->  Index Scan using sbtest1_pkey on sbtest1  (cost=0.43..395.12 rows=103 width=121)
	        Index Cond: ((id >= 9506848) AND (id <= 9506947))

table 2 : explain SELECT c FROM sbtest2 WHERE id BETWEEN 8092968 AND 8093067 ORDER BY c
	Sort  (cost=395.85..396.10 rows=102 width=121)
	  Sort Key: c
	  ->  Index Scan using sbtest2_pkey on sbtest2  (cost=0.43..392.45 rows=102 width=121)
	        Index Cond: ((id >= 8092968) AND (id <= 8093067))

table 3 : explain SELECT c FROM sbtest3 WHERE id BETWEEN 6652880 AND 6652979 ORDER BY c
	Sort  (cost=404.10..404.36 rows=104 width=121)
	  Sort Key: c
	  ->  Index Scan using sbtest3_pkey on sbtest3  (cost=0.43..400.62 rows=104 width=121)
	        Index Cond: ((id >= 6652880) AND (id <= 6652979))

table 4 : explain SELECT c FROM sbtest4 WHERE id BETWEEN 752224 AND 752323 ORDER BY c
	Sort  (cost=418.81..419.08 rows=108 width=121)
	  Sort Key: c
	  ->  Index Scan using sbtest4_pkey on sbtest4  (cost=0.43..415.16 rows=108 width=121)
	        Index Cond: ((id >= 752224) AND (id <= 752323))

table 5 : explain SELECT c FROM sbtest5 WHERE id BETWEEN 3254868 AND 3254967 ORDER BY c
	Sort  (cost=384.20..384.45 rows=99 width=121)
	  Sort Key: c
	  ->  Index Scan using sbtest5_pkey on sbtest5  (cost=0.43..380.92 rows=99 width=121)
	        Index Cond: ((id >= 3254868) AND (id <= 3254967))

table 6 : explain SELECT c FROM sbtest6 WHERE id BETWEEN 9501129 AND 9501228 ORDER BY c
	Sort  (cost=384.92..385.17 rows=99 width=121)
	  Sort Key: c
	  ->  Index Scan using sbtest6_pkey on sbtest6  (cost=0.43..381.64 rows=99 width=121)
	        Index Cond: ((id >= 9501129) AND (id <= 9501228))

table 7 : explain SELECT c FROM sbtest7 WHERE id BETWEEN 3016965 AND 3017064 ORDER BY c
	Sort  (cost=378.28..378.53 rows=97 width=121)
	  Sort Key: c
	  ->  Index Scan using sbtest7_pkey on sbtest7  (cost=0.43..375.08 rows=97 width=121)
	        Index Cond: ((id >= 3016965) AND (id <= 3017064))

table 8 : explain SELECT c FROM sbtest8 WHERE id BETWEEN 1201843 AND 1201942 ORDER BY c
	Sort  (cost=353.80..354.03 rows=91 width=121)
	  Sort Key: c
	  ->  Index Scan using sbtest8_pkey on sbtest8  (cost=0.43..350.84 rows=91 width=121)
	        Index Cond: ((id >= 1201843) AND (id <= 1201942))

for index_updates
table 1 : explain UPDATE sbtest1 SET k=k+1 WHERE id=7311681
	Update on sbtest1  (cost=0.43..8.46 rows=0 width=0)
	  ->  Index Scan using sbtest1_pkey on sbtest1  (cost=0.43..8.46 rows=1 width=10)
	        Index Cond: (id = 7311681)

table 2 : explain UPDATE sbtest2 SET k=k+1 WHERE id=2812195
	Update on sbtest2  (cost=0.43..8.46 rows=0 width=0)
	  ->  Index Scan using sbtest2_pkey on sbtest2  (cost=0.43..8.46 rows=1 width=10)
	        Index Cond: (id = 2812195)

table 3 : explain UPDATE sbtest3 SET k=k+1 WHERE id=4868105
	Update on sbtest3  (cost=0.43..8.46 rows=0 width=0)
	  ->  Index Scan using sbtest3_pkey on sbtest3  (cost=0.43..8.46 rows=1 width=10)
	        Index Cond: (id = 4868105)

table 4 : explain UPDATE sbtest4 SET k=k+1 WHERE id=4103206
	Update on sbtest4  (cost=0.43..8.46 rows=0 width=0)
	  ->  Index Scan using sbtest4_pkey on sbtest4  (cost=0.43..8.46 rows=1 width=10)
	        Index Cond: (id = 4103206)

table 5 : explain UPDATE sbtest5 SET k=k+1 WHERE id=9813465
	Update on sbtest5  (cost=0.43..8.46 rows=0 width=0)
	  ->  Index Scan using sbtest5_pkey on sbtest5  (cost=0.43..8.46 rows=1 width=10)
	        Index Cond: (id = 9813465)

table 6 : explain UPDATE sbtest6 SET k=k+1 WHERE id=3983410
	Update on sbtest6  (cost=0.43..8.46 rows=0 width=0)
	  ->  Index Scan using sbtest6_pkey on sbtest6  (cost=0.43..8.46 rows=1 width=10)
	        Index Cond: (id = 3983410)

table 7 : explain UPDATE sbtest7 SET k=k+1 WHERE id=8369530
	Update on sbtest7  (cost=0.43..8.46 rows=0 width=0)
	  ->  Index Scan using sbtest7_pkey on sbtest7  (cost=0.43..8.46 rows=1 width=10)
	        Index Cond: (id = 8369530)

table 8 : explain UPDATE sbtest8 SET k=k+1 WHERE id=7475948
	Update on sbtest8  (cost=0.43..8.46 rows=0 width=0)
	  ->  Index Scan using sbtest8_pkey on sbtest8  (cost=0.43..8.46 rows=1 width=10)
	        Index Cond: (id = 7475948)

for point_selects
table 1 : explain SELECT c FROM sbtest1 WHERE id=8159920
	Index Scan using sbtest1_pkey on sbtest1  (cost=0.43..8.45 rows=1 width=121)
	  Index Cond: (id = 8159920)

table 2 : explain SELECT c FROM sbtest2 WHERE id=4997819
	Index Scan using sbtest2_pkey on sbtest2  (cost=0.43..8.45 rows=1 width=121)
	  Index Cond: (id = 4997819)

table 3 : explain SELECT c FROM sbtest3 WHERE id=8500556
	Index Scan using sbtest3_pkey on sbtest3  (cost=0.43..8.45 rows=1 width=121)
	  Index Cond: (id = 8500556)

table 4 : explain SELECT c FROM sbtest4 WHERE id=2447843
	Index Scan using sbtest4_pkey on sbtest4  (cost=0.43..8.45 rows=1 width=121)
	  Index Cond: (id = 2447843)

table 5 : explain SELECT c FROM sbtest5 WHERE id=8500577
	Index Scan using sbtest5_pkey on sbtest5  (cost=0.43..8.45 rows=1 width=121)
	  Index Cond: (id = 8500577)

table 6 : explain SELECT c FROM sbtest6 WHERE id=5951888
	Index Scan using sbtest6_pkey on sbtest6  (cost=0.43..8.45 rows=1 width=121)
	  Index Cond: (id = 5951888)

table 7 : explain SELECT c FROM sbtest7 WHERE id=9674102
	Index Scan using sbtest7_pkey on sbtest7  (cost=0.43..8.45 rows=1 width=121)
	  Index Cond: (id = 9674102)

table 8 : explain SELECT c FROM sbtest8 WHERE id=4559997
	Index Scan using sbtest8_pkey on sbtest8  (cost=0.43..8.45 rows=1 width=121)
	  Index Cond: (id = 4559997)

explain: for point_selects :: explain SELECT c FROM sbtest%u WHERE id=%u
explain: for non_index_updates :: explain UPDATE sbtest%u SET c='foobar' WHERE id=%ufor: distinct_ranges
table 1 : explain SELECT DISTINCT c FROM sbtest1 WHERE id BETWEEN 372040 AND 372139 ORDER BY c
	Unique  (cost=413.88..414.41 rows=107 width=121)
	  ->  Sort  (cost=413.88..414.15 rows=107 width=121)
	        Sort Key: c
	        ->  Index Scan using sbtest1_pkey on sbtest1  (cost=0.43..410.27 rows=107 width=121)
	              Index Cond: ((id >= 372040) AND (id <= 372139))

table 2 : explain SELECT DISTINCT c FROM sbtest2 WHERE id BETWEEN 9315356 AND 9315455 ORDER BY c
	Unique  (cost=388.17..388.67 rows=100 width=121)
	  ->  Sort  (cost=388.17..388.42 rows=100 width=121)
	        Sort Key: c
	        ->  Index Scan using sbtest2_pkey on sbtest2  (cost=0.43..384.84 rows=100 width=121)
	              Index Cond: ((id >= 9315356) AND (id <= 9315455))

table 3 : explain SELECT DISTINCT c FROM sbtest3 WHERE id BETWEEN 1421432 AND 1421531 ORDER BY c
	Unique  (cost=400.26..400.77 rows=103 width=121)
	  ->  Sort  (cost=400.26..400.52 rows=103 width=121)
	        Sort Key: c
	        ->  Index Scan using sbtest3_pkey on sbtest3  (cost=0.43..396.81 rows=103 width=121)
	              Index Cond: ((id >= 1421432) AND (id <= 1421531))

table 4 : explain SELECT DISTINCT c FROM sbtest4 WHERE id BETWEEN 4731772 AND 4731871 ORDER BY c
	Unique  (cost=411.12..411.65 rows=106 width=121)
	  ->  Sort  (cost=411.12..411.39 rows=106 width=121)
	        Sort Key: c
	        ->  Index Scan using sbtest4_pkey on sbtest4  (cost=0.43..407.56 rows=106 width=121)
	              Index Cond: ((id >= 4731772) AND (id <= 4731871))

table 5 : explain SELECT DISTINCT c FROM sbtest5 WHERE id BETWEEN 2217890 AND 2217989 ORDER BY c
	Unique  (cost=399.56..400.08 rows=103 width=121)
	  ->  Sort  (cost=399.56..399.82 rows=103 width=121)
	        Sort Key: c
	        ->  Index Scan using sbtest5_pkey on sbtest5  (cost=0.43..396.12 rows=103 width=121)
	              Index Cond: ((id >= 2217890) AND (id <= 2217989))

table 6 : explain SELECT DISTINCT c FROM sbtest6 WHERE id BETWEEN 1869685 AND 1869784 ORDER BY c
	Unique  (cost=373.38..373.86 rows=96 width=121)
	  ->  Sort  (cost=373.38..373.62 rows=96 width=121)
	        Sort Key: c
	        ->  Index Scan using sbtest6_pkey on sbtest6  (cost=0.43..370.22 rows=96 width=121)
	              Index Cond: ((id >= 1869685) AND (id <= 1869784))

table 7 : explain SELECT DISTINCT c FROM sbtest7 WHERE id BETWEEN 1375858 AND 1375957 ORDER BY c
	Unique  (cost=401.43..401.95 rows=103 width=121)
	  ->  Sort  (cost=401.43..401.69 rows=103 width=121)
	        Sort Key: c
	        ->  Index Scan using sbtest7_pkey on sbtest7  (cost=0.43..397.99 rows=103 width=121)
	              Index Cond: ((id >= 1375858) AND (id <= 1375957))

table 8 : explain SELECT DISTINCT c FROM sbtest8 WHERE id BETWEEN 6090011 AND 6090110 ORDER BY c
	Unique  (cost=426.88..427.43 rows=110 width=121)
	  ->  Sort  (cost=426.88..427.16 rows=110 width=121)
	        Sort Key: c
	        ->  Index Scan using sbtest8_pkey on sbtest8  (cost=0.43..423.15 rows=110 width=121)
	              Index Cond: ((id >= 6090011) AND (id <= 6090110))

for point_selects
table 1 : explain SELECT c FROM sbtest1 WHERE id=8500624
	Index Scan using sbtest1_pkey on sbtest1  (cost=0.43..8.45 rows=1 width=121)
	  Index Cond: (id = 8500624)

table 2 : explain SELECT c FROM sbtest2 WHERE id=1467378
	Index Scan using sbtest2_pkey on sbtest2  (cost=0.43..8.45 rows=1 width=121)
	  Index Cond: (id = 1467378)

table 3 : explain SELECT c FROM sbtest3 WHERE id=3478465
	Index Scan using sbtest3_pkey on sbtest3  (cost=0.43..8.45 rows=1 width=121)
	  Index Cond: (id = 3478465)

table 4 : explain SELECT c FROM sbtest4 WHERE id=1645570
	Index Scan using sbtest4_pkey on sbtest4  (cost=0.43..8.45 rows=1 width=121)
	  Index Cond: (id = 1645570)

table 5 : explain SELECT c FROM sbtest5 WHERE id=2345847
	Index Scan using sbtest5_pkey on sbtest5  (cost=0.43..8.45 rows=1 width=121)
	  Index Cond: (id = 2345847)

table 6 : explain SELECT c FROM sbtest6 WHERE id=1246772
	Index Scan using sbtest6_pkey on sbtest6  (cost=0.43..8.45 rows=1 width=121)
	  Index Cond: (id = 1246772)

table 7 : explain SELECT c FROM sbtest7 WHERE id=9774267
	Index Scan using sbtest7_pkey on sbtest7  (cost=0.43..8.45 rows=1 width=121)
	  Index Cond: (id = 9774267)

table 8 : explain SELECT c FROM sbtest8 WHERE id=9123595
	Index Scan using sbtest8_pkey on sbtest8  (cost=0.43..8.45 rows=1 width=121)
	  Index Cond: (id = 9123595)


explain: for non_index_updates :: explain UPDATE sbtest%u SET c='foobar' WHERE id=%u
explain: for point_selects :: explain SELECT c FROM sbtest%u WHERE id=%u
for: distinct_ranges
table 1 : explain SELECT DISTINCT c FROM sbtest1 WHERE id BETWEEN 5500969 AND 5501068 ORDER BY c
	Unique  (cost=371.75..372.23 rows=96 width=121)
	  ->  Sort  (cost=371.75..371.99 rows=96 width=121)
	        Sort Key: c
	        ->  Index Scan using sbtest1_pkey on sbtest1  (cost=0.43..368.59 rows=96 width=121)
	              Index Cond: ((id >= 5500969) AND (id <= 5501068))

table 2 : explain SELECT DISTINCT c FROM sbtest2 WHERE id BETWEEN 8596449 AND 8596548 ORDER BY c
	Unique  (cost=407.37..407.90 rows=105 width=121)
	  ->  Sort  (cost=407.37..407.63 rows=105 width=121)
	        Sort Key: c
	        ->  Index Scan using sbtest2_pkey on sbtest2  (cost=0.43..403.85 rows=105 width=121)
	              Index Cond: ((id >= 8596449) AND (id <= 8596548))

table 3 : explain SELECT DISTINCT c FROM sbtest3 WHERE id BETWEEN 7862193 AND 7862292 ORDER BY c
	Unique  (cost=423.34..423.88 rows=109 width=121)
	  ->  Sort  (cost=423.34..423.61 rows=109 width=121)
	        Sort Key: c
	        ->  Index Scan using sbtest3_pkey on sbtest3  (cost=0.43..419.65 rows=109 width=121)
	              Index Cond: ((id >= 7862193) AND (id <= 7862292))

table 4 : explain SELECT DISTINCT c FROM sbtest4 WHERE id BETWEEN 6441134 AND 6441233 ORDER BY c
	Unique  (cost=353.47..353.93 rows=91 width=121)
	  ->  Sort  (cost=353.47..353.70 rows=91 width=121)
	        Sort Key: c
	        ->  Index Scan using sbtest4_pkey on sbtest4  (cost=0.43..350.51 rows=91 width=121)
	              Index Cond: ((id >= 6441134) AND (id <= 6441233))

table 5 : explain SELECT DISTINCT c FROM sbtest5 WHERE id BETWEEN 2965642 AND 2965741 ORDER BY c
	Unique  (cost=372.69..373.17 rows=96 width=121)
	  ->  Sort  (cost=372.69..372.93 rows=96 width=121)
	        Sort Key: c
	        ->  Index Scan using sbtest5_pkey on sbtest5  (cost=0.43..369.53 rows=96 width=121)
	              Index Cond: ((id >= 2965642) AND (id <= 2965741))

table 6 : explain SELECT DISTINCT c FROM sbtest6 WHERE id BETWEEN 5672820 AND 5672919 ORDER BY c
	Unique  (cost=384.92..385.42 rows=99 width=121)
	  ->  Sort  (cost=384.92..385.17 rows=99 width=121)
	        Sort Key: c
	        ->  Index Scan using sbtest6_pkey on sbtest6  (cost=0.43..381.64 rows=99 width=121)
	              Index Cond: ((id >= 5672820) AND (id <= 5672919))

table 7 : explain SELECT DISTINCT c FROM sbtest7 WHERE id BETWEEN 7327648 AND 7327747 ORDER BY c
	Unique  (cost=374.38..374.86 rows=96 width=121)
	  ->  Sort  (cost=374.38..374.62 rows=96 width=121)
	        Sort Key: c
	        ->  Index Scan using sbtest7_pkey on sbtest7  (cost=0.43..371.21 rows=96 width=121)
	              Index Cond: ((id >= 7327648) AND (id <= 7327747))

table 8 : explain SELECT DISTINCT c FROM sbtest8 WHERE id BETWEEN 8942350 AND 8942449 ORDER BY c
	Unique  (cost=373.07..373.55 rows=96 width=121)
	  ->  Sort  (cost=373.07..373.31 rows=96 width=121)
	        Sort Key: c
	        ->  Index Scan using sbtest8_pkey on sbtest8  (cost=0.43..369.91 rows=96 width=121)
	              Index Cond: ((id >= 8942350) AND (id <= 8942449))

for: distinct_ranges
table 1 : explain SELECT DISTINCT c FROM sbtest1 WHERE id BETWEEN 7887834 AND 7887933 ORDER BY c
	Unique  (cost=410.05..410.58 rows=106 width=121)
	  ->  Sort  (cost=410.05..410.31 rows=106 width=121)
	        Sort Key: c
	        ->  Index Scan using sbtest1_pkey on sbtest1  (cost=0.43..406.48 rows=106 width=121)
	              Index Cond: ((id >= 7887834) AND (id <= 7887933))

table 2 : explain SELECT DISTINCT c FROM sbtest2 WHERE id BETWEEN 1737881 AND 1737980 ORDER BY c
	Unique  (cost=376.64..377.13 rows=97 width=121)
	  ->  Sort  (cost=376.64..376.89 rows=97 width=121)
	        Sort Key: c
	        ->  Index Scan using sbtest2_pkey on sbtest2  (cost=0.43..373.44 rows=97 width=121)
	              Index Cond: ((id >= 1737881) AND (id <= 1737980))

table 3 : explain SELECT DISTINCT c FROM sbtest3 WHERE id BETWEEN 8979195 AND 8979294 ORDER BY c
	Unique  (cost=415.64..416.18 rows=107 width=121)
	  ->  Sort  (cost=415.64..415.91 rows=107 width=121)
	        Sort Key: c
	        ->  Index Scan using sbtest3_pkey on sbtest3  (cost=0.43..412.04 rows=107 width=121)
	              Index Cond: ((id >= 8979195) AND (id <= 8979294))

table 4 : explain SELECT DISTINCT c FROM sbtest4 WHERE id BETWEEN 3958299 AND 3958398 ORDER BY c
	Unique  (cost=403.44..403.96 rows=104 width=121)
	  ->  Sort  (cost=403.44..403.70 rows=104 width=121)
	        Sort Key: c
	        ->  Index Scan using sbtest4_pkey on sbtest4  (cost=0.43..399.96 rows=104 width=121)
	              Index Cond: ((id >= 3958299) AND (id <= 3958398))

table 5 : explain SELECT DISTINCT c FROM sbtest5 WHERE id BETWEEN 9508248 AND 9508347 ORDER BY c
	Unique  (cost=399.56..400.08 rows=103 width=121)
	  ->  Sort  (cost=399.56..399.82 rows=103 width=121)
	        Sort Key: c
	        ->  Index Scan using sbtest5_pkey on sbtest5  (cost=0.43..396.12 rows=103 width=121)
	              Index Cond: ((id >= 9508248) AND (id <= 9508347))

table 6 : explain SELECT DISTINCT c FROM sbtest6 WHERE id BETWEEN 658855 AND 658954 ORDER BY c
	Unique  (cost=388.77..389.27 rows=100 width=121)
	  ->  Sort  (cost=388.77..389.02 rows=100 width=121)
	        Sort Key: c
	        ->  Index Scan using sbtest6_pkey on sbtest6  (cost=0.43..385.45 rows=100 width=121)
	              Index Cond: ((id >= 658855) AND (id <= 658954))

table 7 : explain SELECT DISTINCT c FROM sbtest7 WHERE id BETWEEN 9754650 AND 9754749 ORDER BY c
	Unique  (cost=397.57..398.08 rows=102 width=121)
	  ->  Sort  (cost=397.57..397.83 rows=102 width=121)
	        Sort Key: c
	        ->  Index Scan using sbtest7_pkey on sbtest7  (cost=0.43..394.17 rows=102 width=121)
	              Index Cond: ((id >= 9754650) AND (id <= 9754749))

table 8 : explain SELECT DISTINCT c FROM sbtest8 WHERE id BETWEEN 5827169 AND 5827268 ORDER BY c
	Unique  (cost=373.07..373.55 rows=96 width=121)
	  ->  Sort  (cost=373.07..373.31 rows=96 width=121)
	        Sort Key: c
	        ->  Index Scan using sbtest8_pkey on sbtest8  (cost=0.43..369.91 rows=96 width=121)
	              Index Cond: ((id >= 5827169) AND (id <= 5827268))

for non_index_updates
table 1 : explain UPDATE sbtest1 SET c='foobar' WHERE id=7570855
	Update on sbtest1  (cost=0.43..8.45 rows=0 width=0)
	  ->  Index Scan using sbtest1_pkey on sbtest1  (cost=0.43..8.45 rows=1 width=490)
	        Index Cond: (id = 7570855)

table 2 : explain UPDATE sbtest2 SET c='foobar' WHERE id=1292096
	Update on sbtest2  (cost=0.43..8.45 rows=0 width=0)
	  ->  Index Scan using sbtest2_pkey on sbtest2  (cost=0.43..8.45 rows=1 width=490)
	        Index Cond: (id = 1292096)

table 3 : explain UPDATE sbtest3 SET c='foobar' WHERE id=756289
	Update on sbtest3  (cost=0.43..8.45 rows=0 width=0)
	  ->  Index Scan using sbtest3_pkey on sbtest3  (cost=0.43..8.45 rows=1 width=490)
	        Index Cond: (id = 756289)

table 4 : explain UPDATE sbtest4 SET c='foobar' WHERE id=1783368
	Update on sbtest4  (cost=0.43..8.45 rows=0 width=0)
	  ->  Index Scan using sbtest4_pkey on sbtest4  (cost=0.43..8.45 rows=1 width=490)
	        Index Cond: (id = 1783368)

table 5 : explain UPDATE sbtest5 SET c='foobar' WHERE id=1665523
	Update on sbtest5  (cost=0.43..8.45 rows=0 width=0)
	  ->  Index Scan using sbtest5_pkey on sbtest5  (cost=0.43..8.45 rows=1 width=490)
	        Index Cond: (id = 1665523)

table 6 : explain UPDATE sbtest6 SET c='foobar' WHERE id=1037610
	Update on sbtest6  (cost=0.43..8.45 rows=0 width=0)
	  ->  Index Scan using sbtest6_pkey on sbtest6  (cost=0.43..8.45 rows=1 width=490)
	        Index Cond: (id = 1037610)

table 7 : explain UPDATE sbtest7 SET c='foobar' WHERE id=7209989
	Update on sbtest7  (cost=0.43..8.45 rows=0 width=0)
	  ->  Index Scan using sbtest7_pkey on sbtest7  (cost=0.43..8.45 rows=1 width=490)
	        Index Cond: (id = 7209989)

table 8 : explain UPDATE sbtest8 SET c='foobar' WHERE id=4819371
	Update on sbtest8  (cost=0.43..8.45 rows=0 width=0)
	  ->  Index Scan using sbtest8_pkey on sbtest8  (cost=0.43..8.45 rows=1 width=490)
	        Index Cond: (id = 4819371)

for non_index_updates
table 1 : explain UPDATE sbtest1 SET c='foobar' WHERE id=8310694
	Update on sbtest1  (cost=0.43..8.45 rows=0 width=0)
	  ->  Index Scan using sbtest1_pkey on sbtest1  (cost=0.43..8.45 rows=1 width=490)
	        Index Cond: (id = 8310694)

table 2 : explain UPDATE sbtest2 SET c='foobar' WHERE id=3150745
	Update on sbtest2  (cost=0.43..8.45 rows=0 width=0)
	  ->  Index Scan using sbtest2_pkey on sbtest2  (cost=0.43..8.45 rows=1 width=490)
	        Index Cond: (id = 3150745)

table 3 : explain UPDATE sbtest3 SET c='foobar' WHERE id=7266395
	Update on sbtest3  (cost=0.43..8.45 rows=0 width=0)
	  ->  Index Scan using sbtest3_pkey on sbtest3  (cost=0.43..8.45 rows=1 width=490)
	        Index Cond: (id = 7266395)

table 4 : explain UPDATE sbtest4 SET c='foobar' WHERE id=9571260
	Update on sbtest4  (cost=0.43..8.45 rows=0 width=0)
	  ->  Index Scan using sbtest4_pkey on sbtest4  (cost=0.43..8.45 rows=1 width=490)
	        Index Cond: (id = 9571260)

table 5 : explain UPDATE sbtest5 SET c='foobar' WHERE id=2039082
	Update on sbtest5  (cost=0.43..8.45 rows=0 width=0)
	  ->  Index Scan using sbtest5_pkey on sbtest5  (cost=0.43..8.45 rows=1 width=490)
	        Index Cond: (id = 2039082)

table 6 : explain UPDATE sbtest6 SET c='foobar' WHERE id=1173648
	Update on sbtest6  (cost=0.43..8.45 rows=0 width=0)
	  ->  Index Scan using sbtest6_pkey on sbtest6  (cost=0.43..8.45 rows=1 width=490)
	        Index Cond: (id = 1173648)

table 7 : explain UPDATE sbtest7 SET c='foobar' WHERE id=6942450
	Update on sbtest7  (cost=0.43..8.45 rows=0 width=0)
	  ->  Index Scan using sbtest7_pkey on sbtest7  (cost=0.43..8.45 rows=1 width=490)
	        Index Cond: (id = 6942450)

table 8 : explain UPDATE sbtest8 SET c='foobar' WHERE id=9036982
	Update on sbtest8  (cost=0.43..8.45 rows=0 width=0)
	  ->  Index Scan using sbtest8_pkey on sbtest8  (cost=0.43..8.45 rows=1 width=490)
	        Index Cond: (id = 9036982)

explain: for index_updates :: explain UPDATE sbtest%u SET k=k+1 WHERE id=%u
explain: for index_updates :: explain UPDATE sbtest%u SET k=k+1 WHERE id=%u
for: distinct_ranges
table 1 : explain SELECT DISTINCT c FROM sbtest1 WHERE id BETWEEN 5261046 AND 5261145 ORDER BY c
	Unique  (cost=371.75..372.23 rows=96 width=121)
	  ->  Sort  (cost=371.75..371.99 rows=96 width=121)
	        Sort Key: c
	        ->  Index Scan using sbtest1_pkey on sbtest1  (cost=0.43..368.59 rows=96 width=121)
	              Index Cond: ((id >= 5261046) AND (id <= 5261145))

table 2 : explain SELECT DISTINCT c FROM sbtest2 WHERE id BETWEEN 6089510 AND 6089609 ORDER BY c
	Unique  (cost=372.80..373.28 rows=96 width=121)
	  ->  Sort  (cost=372.80..373.04 rows=96 width=121)
	        Sort Key: c
	        ->  Index Scan using sbtest2_pkey on sbtest2  (cost=0.43..369.64 rows=96 width=121)
	              Index Cond: ((id >= 6089510) AND (id <= 6089609))

table 3 : explain SELECT DISTINCT c FROM sbtest3 WHERE id BETWEEN 3990022 AND 3990121 ORDER BY c
	Unique  (cost=404.10..404.62 rows=104 width=121)
	  ->  Sort  (cost=404.10..404.36 rows=104 width=121)
	        Sort Key: c
	        ->  Index Scan using sbtest3_pkey on sbtest3  (cost=0.43..400.62 rows=104 width=121)
	              Index Cond: ((id >= 3990022) AND (id <= 3990121))

table 4 : explain SELECT DISTINCT c FROM sbtest4 WHERE id BETWEEN 7848091 AND 7848190 ORDER BY c
	Unique  (cost=365.05..365.52 rows=94 width=121)
	  ->  Sort  (cost=365.05..365.28 rows=94 width=121)
	        Sort Key: c
	        ->  Index Scan using sbtest4_pkey on sbtest4  (cost=0.43..361.97 rows=94 width=121)
	              Index Cond: ((id >= 7848091) AND (id <= 7848190))

table 5 : explain SELECT DISTINCT c FROM sbtest5 WHERE id BETWEEN 5992306 AND 5992405 ORDER BY c
	Unique  (cost=380.37..380.86 rows=98 width=121)
	  ->  Sort  (cost=380.37..380.61 rows=98 width=121)
	        Sort Key: c
	        ->  Index Scan using sbtest5_pkey on sbtest5  (cost=0.43..377.12 rows=98 width=121)
	              Index Cond: ((id >= 5992306) AND (id <= 5992405))

table 6 : explain SELECT DISTINCT c FROM sbtest6 WHERE id BETWEEN 8115213 AND 8115312 ORDER BY c
	Unique  (cost=400.31..400.82 rows=103 width=121)
	  ->  Sort  (cost=400.31..400.57 rows=103 width=121)
	        Sort Key: c
	        ->  Index Scan using sbtest6_pkey on sbtest6  (cost=0.43..396.87 rows=103 width=121)
	              Index Cond: ((id >= 8115213) AND (id <= 8115312))

table 7 : explain SELECT DISTINCT c FROM sbtest7 WHERE id BETWEEN 7419613 AND 7419712 ORDER BY c
	Unique  (cost=382.14..382.63 rows=98 width=121)
	  ->  Sort  (cost=382.14..382.39 rows=98 width=121)
	        Sort Key: c
	        ->  Index Scan using sbtest7_pkey on sbtest7  (cost=0.43..378.90 rows=98 width=121)
	              Index Cond: ((id >= 7419613) AND (id <= 7419712))

table 8 : explain SELECT DISTINCT c FROM sbtest8 WHERE id BETWEEN 1324414 AND 1324513 ORDER BY c
	Unique  (cost=411.51..412.04 rows=106 width=121)
	  ->  Sort  (cost=411.51..411.77 rows=106 width=121)
	        Sort Key: c
	        ->  Index Scan using sbtest8_pkey on sbtest8  (cost=0.43..407.94 rows=106 width=121)
	              Index Cond: ((id >= 1324414) AND (id <= 1324513))

explain: for deletes :: explain DELETE FROM sbtest%u WHERE id=%u
explain: for deletes :: explain DELETE FROM sbtest%u WHERE id=%u
for: simple_ranges
table 1 : explain SELECT c FROM sbtest1 WHERE id BETWEEN 5415038 AND 5415137
	Index Scan using sbtest1_pkey on sbtest1  (cost=0.43..383.75 rows=100 width=121)
	  Index Cond: ((id >= 5415038) AND (id <= 5415137))

table 2 : explain SELECT c FROM sbtest2 WHERE id BETWEEN 2564759 AND 2564858
	Index Scan using sbtest2_pkey on sbtest2  (cost=0.43..396.25 rows=103 width=121)
	  Index Cond: ((id >= 2564759) AND (id <= 2564858))

table 3 : explain SELECT c FROM sbtest3 WHERE id BETWEEN 9517408 AND 9517507
	Index Scan using sbtest3_pkey on sbtest3  (cost=0.43..385.40 rows=100 width=121)
	  Index Cond: ((id >= 9517408) AND (id <= 9517507))

table 4 : explain SELECT c FROM sbtest4 WHERE id BETWEEN 6123081 AND 6123180
	Index Scan using sbtest4_pkey on sbtest4  (cost=0.43..350.51 rows=91 width=121)
	  Index Cond: ((id >= 6123081) AND (id <= 6123180))

table 5 : explain SELECT c FROM sbtest5 WHERE id BETWEEN 9785918 AND 9786017
	Index Scan using sbtest5_pkey on sbtest5  (cost=0.43..365.73 rows=95 width=121)
	  Index Cond: ((id >= 9785918) AND (id <= 9786017))

table 6 : explain SELECT c FROM sbtest6 WHERE id BETWEEN 4990453 AND 4990552
	Index Scan using sbtest6_pkey on sbtest6  (cost=0.43..400.67 rows=104 width=121)
	  Index Cond: ((id >= 4990453) AND (id <= 4990552))

table 7 : explain SELECT c FROM sbtest7 WHERE id BETWEEN 8847368 AND 8847467
	Index Scan using sbtest7_pkey on sbtest7  (cost=0.43..352.13 rows=91 width=121)
	  Index Cond: ((id >= 8847368) AND (id <= 8847467))

table 8 : explain SELECT c FROM sbtest8 WHERE id BETWEEN 6046137 AND 6046236
	Index Scan using sbtest8_pkey on sbtest8  (cost=0.43..423.15 rows=110 width=121)
	  Index Cond: ((id >= 6046137) AND (id <= 6046236))

for point_selects
table 1 : explain SELECT c FROM sbtest1 WHERE id=413226
	Index Scan using sbtest1_pkey on sbtest1  (cost=0.43..8.45 rows=1 width=121)
	  Index Cond: (id = 413226)

table 2 : explain SELECT c FROM sbtest2 WHERE id=1545466
	Index Scan using sbtest2_pkey on sbtest2  (cost=0.43..8.45 rows=1 width=121)
	  Index Cond: (id = 1545466)

table 3 : explain SELECT c FROM sbtest3 WHERE id=2015944
	Index Scan using sbtest3_pkey on sbtest3  (cost=0.43..8.45 rows=1 width=121)
	  Index Cond: (id = 2015944)

table 4 : explain SELECT c FROM sbtest4 WHERE id=4205700
	Index Scan using sbtest4_pkey on sbtest4  (cost=0.43..8.45 rows=1 width=121)
	  Index Cond: (id = 4205700)

table 5 : explain SELECT c FROM sbtest5 WHERE id=4035084
	Index Scan using sbtest5_pkey on sbtest5  (cost=0.43..8.45 rows=1 width=121)
	  Index Cond: (id = 4035084)

table 6 : explain SELECT c FROM sbtest6 WHERE id=6305479
	Index Scan using sbtest6_pkey on sbtest6  (cost=0.43..8.45 rows=1 width=121)
	  Index Cond: (id = 6305479)

table 7 : explain SELECT c FROM sbtest7 WHERE id=3761495
	Index Scan using sbtest7_pkey on sbtest7  (cost=0.43..8.45 rows=1 width=121)
	  Index Cond: (id = 3761495)

table 8 : explain SELECT c FROM sbtest8 WHERE id=701588
	Index Scan using sbtest8_pkey on sbtest8  (cost=0.43..8.45 rows=1 width=121)
	  Index Cond: (id = 701588)

explain: for index_updates :: explain UPDATE sbtest%u SET k=k+1 WHERE id=%u
for: order_ranges
table 1 : explain SELECT c FROM sbtest1 WHERE id BETWEEN 6573486 AND 6573585 ORDER BY c
	Sort  (cost=406.22..406.48 rows=105 width=121)
	  Sort Key: c
	  ->  Index Scan using sbtest1_pkey on sbtest1  (cost=0.43..402.69 rows=105 width=121)
	        Index Cond: ((id >= 6573486) AND (id <= 6573585))

table 2 : explain SELECT c FROM sbtest2 WHERE id BETWEEN 967310 AND 967409 ORDER BY c
	Sort  (cost=388.17..388.42 rows=100 width=121)
	  Sort Key: c
	  ->  Index Scan using sbtest2_pkey on sbtest2  (cost=0.43..384.84 rows=100 width=121)
	        Index Cond: ((id >= 967310) AND (id <= 967409))

table 3 : explain SELECT c FROM sbtest3 WHERE id BETWEEN 4440489 AND 4440588 ORDER BY c
	Sort  (cost=354.05..354.28 rows=91 width=121)
	  Sort Key: c
	  ->  Index Scan using sbtest3_pkey on sbtest3  (cost=0.43..351.09 rows=91 width=121)
	        Index Cond: ((id >= 4440489) AND (id <= 4440588))

table 4 : explain SELECT c FROM sbtest4 WHERE id BETWEEN 9018040 AND 9018139 ORDER BY c
	Sort  (cost=434.17..434.45 rows=112 width=121)
	  Sort Key: c
	  ->  Index Scan using sbtest4_pkey on sbtest4  (cost=0.43..430.36 rows=112 width=121)
	        Index Cond: ((id >= 9018040) AND (id <= 9018139))

table 5 : explain SELECT c FROM sbtest5 WHERE id BETWEEN 8622931 AND 8623030 ORDER BY c
	Sort  (cost=372.69..372.93 rows=96 width=121)
	  Sort Key: c
	  ->  Index Scan using sbtest5_pkey on sbtest5  (cost=0.43..369.53 rows=96 width=121)
	        Index Cond: ((id >= 8622931) AND (id <= 8623030))

table 6 : explain SELECT c FROM sbtest6 WHERE id BETWEEN 5723888 AND 5723987 ORDER BY c
	Sort  (cost=377.23..377.47 rows=97 width=121)
	  Sort Key: c
	  ->  Index Scan using sbtest6_pkey on sbtest6  (cost=0.43..374.03 rows=97 width=121)
	        Index Cond: ((id >= 5723888) AND (id <= 5723987))

table 7 : explain SELECT c FROM sbtest7 WHERE id BETWEEN 4788854 AND 4788953 ORDER BY c
	Sort  (cost=378.23..378.48 rows=97 width=121)
	  Sort Key: c
	  ->  Index Scan using sbtest7_pkey on sbtest7  (cost=0.43..375.03 rows=97 width=121)
	        Index Cond: ((id >= 4788854) AND (id <= 4788953))

table 8 : explain SELECT c FROM sbtest8 WHERE id BETWEEN 6887319 AND 6887418 ORDER BY c
	Sort  (cost=346.12..346.34 rows=89 width=121)
	  Sort Key: c
	  ->  Index Scan using sbtest8_pkey on sbtest8  (cost=0.43..343.23 rows=89 width=121)
	        Index Cond: ((id >= 6887319) AND (id <= 6887418))

for index_updates
table 1 : explain UPDATE sbtest1 SET k=k+1 WHERE id=7908006
	Update on sbtest1  (cost=0.43..8.46 rows=0 width=0)
	  ->  Index Scan using sbtest1_pkey on sbtest1  (cost=0.43..8.46 rows=1 width=10)
	        Index Cond: (id = 7908006)

table 2 : explain UPDATE sbtest2 SET k=k+1 WHERE id=6852366
	Update on sbtest2  (cost=0.43..8.46 rows=0 width=0)
	  ->  Index Scan using sbtest2_pkey on sbtest2  (cost=0.43..8.46 rows=1 width=10)
	        Index Cond: (id = 6852366)

table 3 : explain UPDATE sbtest3 SET k=k+1 WHERE id=4496341
	Update on sbtest3  (cost=0.43..8.46 rows=0 width=0)
	  ->  Index Scan using sbtest3_pkey on sbtest3  (cost=0.43..8.46 rows=1 width=10)
	        Index Cond: (id = 4496341)

table 4 : explain UPDATE sbtest4 SET k=k+1 WHERE id=2228535
	Update on sbtest4  (cost=0.43..8.46 rows=0 width=0)
	  ->  Index Scan using sbtest4_pkey on sbtest4  (cost=0.43..8.46 rows=1 width=10)
	        Index Cond: (id = 2228535)

table 5 : explain UPDATE sbtest5 SET k=k+1 WHERE id=4161948
	Update on sbtest5  (cost=0.43..8.46 rows=0 width=0)
	  ->  Index Scan using sbtest5_pkey on sbtest5  (cost=0.43..8.46 rows=1 width=10)
	        Index Cond: (id = 4161948)

table 6 : explain UPDATE sbtest6 SET k=k+1 WHERE id=1845710
	Update on sbtest6  (cost=0.43..8.46 rows=0 width=0)
	  ->  Index Scan using sbtest6_pkey on sbtest6  (cost=0.43..8.46 rows=1 width=10)
	        Index Cond: (id = 1845710)

table 7 : explain UPDATE sbtest7 SET k=k+1 WHERE id=9901870
	Update on sbtest7  (cost=0.43..8.46 rows=0 width=0)
	  ->  Index Scan using sbtest7_pkey on sbtest7  (cost=0.43..8.46 rows=1 width=10)
	        Index Cond: (id = 9901870)

table 8 : explain UPDATE sbtest8 SET k=k+1 WHERE id=3719879
	Update on sbtest8  (cost=0.43..8.46 rows=0 width=0)
	  ->  Index Scan using sbtest8_pkey on sbtest8  (cost=0.43..8.46 rows=1 width=10)
	        Index Cond: (id = 3719879)

for deletes
table 1 : explain DELETE FROM sbtest1 WHERE id=2305139
	Delete on sbtest1  (cost=0.43..8.45 rows=0 width=0)
	  ->  Index Scan using sbtest1_pkey on sbtest1  (cost=0.43..8.45 rows=1 width=6)
	        Index Cond: (id = 2305139)

table 2 : explain DELETE FROM sbtest2 WHERE id=6996713
	Delete on sbtest2  (cost=0.43..8.45 rows=0 width=0)
	  ->  Index Scan using sbtest2_pkey on sbtest2  (cost=0.43..8.45 rows=1 width=6)
	        Index Cond: (id = 6996713)

table 3 : explain DELETE FROM sbtest3 WHERE id=8154385
	Delete on sbtest3  (cost=0.43..8.45 rows=0 width=0)
	  ->  Index Scan using sbtest3_pkey on sbtest3  (cost=0.43..8.45 rows=1 width=6)
	        Index Cond: (id = 8154385)

table 4 : explain DELETE FROM sbtest4 WHERE id=2072108
	Delete on sbtest4  (cost=0.43..8.45 rows=0 width=0)
	  ->  Index Scan using sbtest4_pkey on sbtest4  (cost=0.43..8.45 rows=1 width=6)
	        Index Cond: (id = 2072108)

table 5 : explain DELETE FROM sbtest5 WHERE id=888948
	Delete on sbtest5  (cost=0.43..8.45 rows=0 width=0)
	  ->  Index Scan using sbtest5_pkey on sbtest5  (cost=0.43..8.45 rows=1 width=6)
	        Index Cond: (id = 888948)

table 6 : explain DELETE FROM sbtest6 WHERE id=4469169
	Delete on sbtest6  (cost=0.43..8.45 rows=0 width=0)
	  ->  Index Scan using sbtest6_pkey on sbtest6  (cost=0.43..8.45 rows=1 width=6)
	        Index Cond: (id = 4469169)

table 7 : explain DELETE FROM sbtest7 WHERE id=7595619
	Delete on sbtest7  (cost=0.43..8.45 rows=0 width=0)
	  ->  Index Scan using sbtest7_pkey on sbtest7  (cost=0.43..8.45 rows=1 width=6)
	        Index Cond: (id = 7595619)

table 8 : explain DELETE FROM sbtest8 WHERE id=8865749
	Delete on sbtest8  (cost=0.43..8.45 rows=0 width=0)
	  ->  Index Scan using sbtest8_pkey on sbtest8  (cost=0.43..8.45 rows=1 width=6)
	        Index Cond: (id = 8865749)

for deletes
table 1 : explain DELETE FROM sbtest1 WHERE id=1431559
	Delete on sbtest1  (cost=0.43..8.45 rows=0 width=0)
	  ->  Index Scan using sbtest1_pkey on sbtest1  (cost=0.43..8.45 rows=1 width=6)
	        Index Cond: (id = 1431559)

table 2 : explain DELETE FROM sbtest2 WHERE id=8448085
	Delete on sbtest2  (cost=0.43..8.45 rows=0 width=0)
	  ->  Index Scan using sbtest2_pkey on sbtest2  (cost=0.43..8.45 rows=1 width=6)
	        Index Cond: (id = 8448085)

table 3 : explain DELETE FROM sbtest3 WHERE id=4808319
	Delete on sbtest3  (cost=0.43..8.45 rows=0 width=0)
	  ->  Index Scan using sbtest3_pkey on sbtest3  (cost=0.43..8.45 rows=1 width=6)
	        Index Cond: (id = 4808319)

table 4 : explain DELETE FROM sbtest4 WHERE id=8081003
	Delete on sbtest4  (cost=0.43..8.45 rows=0 width=0)
	  ->  Index Scan using sbtest4_pkey on sbtest4  (cost=0.43..8.45 rows=1 width=6)
	        Index Cond: (id = 8081003)

table 5 : explain DELETE FROM sbtest5 WHERE id=8866705
	Delete on sbtest5  (cost=0.43..8.45 rows=0 width=0)
	  ->  Index Scan using sbtest5_pkey on sbtest5  (cost=0.43..8.45 rows=1 width=6)
	        Index Cond: (id = 8866705)

table 6 : explain DELETE FROM sbtest6 WHERE id=4582964
	Delete on sbtest6  (cost=0.43..8.45 rows=0 width=0)
	  ->  Index Scan using sbtest6_pkey on sbtest6  (cost=0.43..8.45 rows=1 width=6)
	        Index Cond: (id = 4582964)

table 7 : explain DELETE FROM sbtest7 WHERE id=5137881
	Delete on sbtest7  (cost=0.43..8.45 rows=0 width=0)
	  ->  Index Scan using sbtest7_pkey on sbtest7  (cost=0.43..8.45 rows=1 width=6)
	        Index Cond: (id = 5137881)

table 8 : explain DELETE FROM sbtest8 WHERE id=8267526
	Delete on sbtest8  (cost=0.43..8.45 rows=0 width=0)
	  ->  Index Scan using sbtest8_pkey on sbtest8  (cost=0.43..8.45 rows=1 width=6)
	        Index Cond: (id = 8267526)

for index_updates
table 1 : explain UPDATE sbtest1 SET k=k+1 WHERE id=1611662
	Update on sbtest1  (cost=0.43..8.46 rows=0 width=0)
	  ->  Index Scan using sbtest1_pkey on sbtest1  (cost=0.43..8.46 rows=1 width=10)
	        Index Cond: (id = 1611662)

table 2 : explain UPDATE sbtest2 SET k=k+1 WHERE id=1911017
	Update on sbtest2  (cost=0.43..8.46 rows=0 width=0)
	  ->  Index Scan using sbtest2_pkey on sbtest2  (cost=0.43..8.46 rows=1 width=10)
	        Index Cond: (id = 1911017)

table 3 : explain UPDATE sbtest3 SET k=k+1 WHERE id=8035765
	Update on sbtest3  (cost=0.43..8.46 rows=0 width=0)
	  ->  Index Scan using sbtest3_pkey on sbtest3  (cost=0.43..8.46 rows=1 width=10)
	        Index Cond: (id = 8035765)

table 4 : explain UPDATE sbtest4 SET k=k+1 WHERE id=9063164
	Update on sbtest4  (cost=0.43..8.46 rows=0 width=0)
	  ->  Index Scan using sbtest4_pkey on sbtest4  (cost=0.43..8.46 rows=1 width=10)
	        Index Cond: (id = 9063164)

table 5 : explain UPDATE sbtest5 SET k=k+1 WHERE id=1824101
	Update on sbtest5  (cost=0.43..8.46 rows=0 width=0)
	  ->  Index Scan using sbtest5_pkey on sbtest5  (cost=0.43..8.46 rows=1 width=10)
	        Index Cond: (id = 1824101)

table 6 : explain UPDATE sbtest6 SET k=k+1 WHERE id=6017230
	Update on sbtest6  (cost=0.43..8.46 rows=0 width=0)
	  ->  Index Scan using sbtest6_pkey on sbtest6  (cost=0.43..8.46 rows=1 width=10)
	        Index Cond: (id = 6017230)

table 7 : explain UPDATE sbtest7 SET k=k+1 WHERE id=7815389
	Update on sbtest7  (cost=0.43..8.46 rows=0 width=0)
	  ->  Index Scan using sbtest7_pkey on sbtest7  (cost=0.43..8.46 rows=1 width=10)
	        Index Cond: (id = 7815389)

table 8 : explain UPDATE sbtest8 SET k=k+1 WHERE id=4242801
	Update on sbtest8  (cost=0.43..8.46 rows=0 width=0)
	  ->  Index Scan using sbtest8_pkey on sbtest8  (cost=0.43..8.46 rows=1 width=10)
	        Index Cond: (id = 4242801)

for index_updates
table 1 : explain UPDATE sbtest1 SET k=k+1 WHERE id=4418181
	Update on sbtest1  (cost=0.43..8.46 rows=0 width=0)
	  ->  Index Scan using sbtest1_pkey on sbtest1  (cost=0.43..8.46 rows=1 width=10)
	        Index Cond: (id = 4418181)

table 2 : explain UPDATE sbtest2 SET k=k+1 WHERE id=2294088
	Update on sbtest2  (cost=0.43..8.46 rows=0 width=0)
	  ->  Index Scan using sbtest2_pkey on sbtest2  (cost=0.43..8.46 rows=1 width=10)
	        Index Cond: (id = 2294088)

table 3 : explain UPDATE sbtest3 SET k=k+1 WHERE id=1265681
	Update on sbtest3  (cost=0.43..8.46 rows=0 width=0)
	  ->  Index Scan using sbtest3_pkey on sbtest3  (cost=0.43..8.46 rows=1 width=10)
	        Index Cond: (id = 1265681)

table 4 : explain UPDATE sbtest4 SET k=k+1 WHERE id=9266194
	Update on sbtest4  (cost=0.43..8.46 rows=0 width=0)
	  ->  Index Scan using sbtest4_pkey on sbtest4  (cost=0.43..8.46 rows=1 width=10)
	        Index Cond: (id = 9266194)

table 5 : explain UPDATE sbtest5 SET k=k+1 WHERE id=516757
	Update on sbtest5  (cost=0.43..8.46 rows=0 width=0)
	  ->  Index Scan using sbtest5_pkey on sbtest5  (cost=0.43..8.46 rows=1 width=10)
	        Index Cond: (id = 516757)

table 6 : explain UPDATE sbtest6 SET k=k+1 WHERE id=45941
	Update on sbtest6  (cost=0.43..8.46 rows=0 width=0)
	  ->  Index Scan using sbtest6_pkey on sbtest6  (cost=0.43..8.46 rows=1 width=10)
	        Index Cond: (id = 45941)

table 7 : explain UPDATE sbtest7 SET k=k+1 WHERE id=2647317
	Update on sbtest7  (cost=0.43..8.46 rows=0 width=0)
	  ->  Index Scan using sbtest7_pkey on sbtest7  (cost=0.43..8.46 rows=1 width=10)
	        Index Cond: (id = 2647317)

table 8 : explain UPDATE sbtest8 SET k=k+1 WHERE id=9276146
	Update on sbtest8  (cost=0.43..8.46 rows=0 width=0)
	  ->  Index Scan using sbtest8_pkey on sbtest8  (cost=0.43..8.46 rows=1 width=10)
	        Index Cond: (id = 9276146)

explain: for inserts :: explain INSERT INTO sbtest%u (id, k, c, pad) VALUES (%u, 13, 'foobar', 'foobar')
explain: for non_index_updates :: explain UPDATE sbtest%u SET c='foobar' WHERE id=%u
for: simple_ranges
table 1 : explain SELECT c FROM sbtest1 WHERE id BETWEEN 4126796 AND 4126895
	Index Scan using sbtest1_pkey on sbtest1  (cost=0.43..368.59 rows=96 width=121)
	  Index Cond: ((id >= 4126796) AND (id <= 4126895))

table 2 : explain SELECT c FROM sbtest2 WHERE id BETWEEN 8521261 AND 8521360
	Index Scan using sbtest2_pkey on sbtest2  (cost=0.43..434.25 rows=113 width=121)
	  Index Cond: ((id >= 8521261) AND (id <= 8521360))

table 3 : explain SELECT c FROM sbtest3 WHERE id BETWEEN 5915906 AND 5916005
	Index Scan using sbtest3_pkey on sbtest3  (cost=0.43..408.23 rows=106 width=121)
	  Index Cond: ((id >= 5915906) AND (id <= 5916005))

table 4 : explain SELECT c FROM sbtest4 WHERE id BETWEEN 2948471 AND 2948570
	Index Scan using sbtest4_pkey on sbtest4  (cost=0.43..365.77 rows=95 width=121)
	  Index Cond: ((id >= 2948471) AND (id <= 2948570))

table 5 : explain SELECT c FROM sbtest5 WHERE id BETWEEN 8451310 AND 8451409
	Index Scan using sbtest5_pkey on sbtest5  (cost=0.43..399.92 rows=104 width=121)
	  Index Cond: ((id >= 8451310) AND (id <= 8451409))

table 6 : explain SELECT c FROM sbtest6 WHERE id BETWEEN 2782852 AND 2782951
	Index Scan using sbtest6_pkey on sbtest6  (cost=0.43..370.22 rows=96 width=121)
	  Index Cond: ((id >= 2782852) AND (id <= 2782951))

table 7 : explain SELECT c FROM sbtest7 WHERE id BETWEEN 8234449 AND 8234548
	Index Scan using sbtest7_pkey on sbtest7  (cost=0.43..375.08 rows=97 width=121)
	  Index Cond: ((id >= 8234449) AND (id <= 8234548))

table 8 : explain SELECT c FROM sbtest8 WHERE id BETWEEN 7916856 AND 7916955
	Index Scan using sbtest8_pkey on sbtest8  (cost=0.43..381.32 rows=99 width=121)
	  Index Cond: ((id >= 7916856) AND (id <= 7916955))

for: simple_ranges
table 1 : explain SELECT c FROM sbtest1 WHERE id BETWEEN 8699434 AND 8699533
	Index Scan using sbtest1_pkey on sbtest1  (cost=0.43..391.33 rows=102 width=121)
	  Index Cond: ((id >= 8699434) AND (id <= 8699533))

table 2 : explain SELECT c FROM sbtest2 WHERE id BETWEEN 9825751 AND 9825850
	Index Scan using sbtest2_pkey on sbtest2  (cost=0.43..381.04 rows=99 width=121)
	  Index Cond: ((id >= 9825751) AND (id <= 9825850))

table 3 : explain SELECT c FROM sbtest3 WHERE id BETWEEN 4643078 AND 4643177
	Index Scan using sbtest3_pkey on sbtest3  (cost=0.43..404.43 rows=105 width=121)
	  Index Cond: ((id >= 4643078) AND (id <= 4643177))

table 4 : explain SELECT c FROM sbtest4 WHERE id BETWEEN 8744100 AND 8744199
	Index Scan using sbtest4_pkey on sbtest4  (cost=0.43..411.36 rows=107 width=121)
	  Index Cond: ((id >= 8744100) AND (id <= 8744199))

table 5 : explain SELECT c FROM sbtest5 WHERE id BETWEEN 5293322 AND 5293421
	Index Scan using sbtest5_pkey on sbtest5  (cost=0.43..399.92 rows=104 width=121)
	  Index Cond: ((id >= 5293322) AND (id <= 5293421))

table 6 : explain SELECT c FROM sbtest6 WHERE id BETWEEN 2264510 AND 2264609
	Index Scan using sbtest6_pkey on sbtest6  (cost=0.43..389.25 rows=101 width=121)
	  Index Cond: ((id >= 2264510) AND (id <= 2264609))

table 7 : explain SELECT c FROM sbtest7 WHERE id BETWEEN 6909270 AND 6909369
	Index Scan using sbtest7_pkey on sbtest7  (cost=0.43..420.89 rows=109 width=121)
	  Index Cond: ((id >= 6909270) AND (id <= 6909369))

table 8 : explain SELECT c FROM sbtest8 WHERE id BETWEEN 3860493 AND 3860592
	Index Scan using sbtest8_pkey on sbtest8  (cost=0.43..381.32 rows=99 width=121)
	  Index Cond: ((id >= 3860493) AND (id <= 3860592))

explain: for non_index_updates :: explain UPDATE sbtest%u SET c='foobar' WHERE id=%u
explain: for inserts :: explain INSERT INTO sbtest%u (id, k, c, pad) VALUES (%u, 13, 'foobar', 'foobar')
explain: for non_index_updates :: explain UPDATE sbtest%u SET c='foobar' WHERE id=%u
for point_selects
table 1 : explain SELECT c FROM sbtest1 WHERE id=8567732
	Index Scan using sbtest1_pkey on sbtest1  (cost=0.43..8.45 rows=1 width=121)
	  Index Cond: (id = 8567732)

table 2 : explain SELECT c FROM sbtest2 WHERE id=8574911
	Index Scan using sbtest2_pkey on sbtest2  (cost=0.43..8.45 rows=1 width=121)
	  Index Cond: (id = 8574911)

table 3 : explain SELECT c FROM sbtest3 WHERE id=1263299
	Index Scan using sbtest3_pkey on sbtest3  (cost=0.43..8.45 rows=1 width=121)
	  Index Cond: (id = 1263299)

table 4 : explain SELECT c FROM sbtest4 WHERE id=2702369
	Index Scan using sbtest4_pkey on sbtest4  (cost=0.43..8.45 rows=1 width=121)
	  Index Cond: (id = 2702369)

table 5 : explain SELECT c FROM sbtest5 WHERE id=4950350
	Index Scan using sbtest5_pkey on sbtest5  (cost=0.43..8.45 rows=1 width=121)
	  Index Cond: (id = 4950350)

table 6 : explain SELECT c FROM sbtest6 WHERE id=1727618
	Index Scan using sbtest6_pkey on sbtest6  (cost=0.43..8.45 rows=1 width=121)
	  Index Cond: (id = 1727618)

table 7 : explain SELECT c FROM sbtest7 WHERE id=629883
	Index Scan using sbtest7_pkey on sbtest7  (cost=0.43..8.45 rows=1 width=121)
	  Index Cond: (id = 629883)

table 8 : explain SELECT c FROM sbtest8 WHERE id=4011067
	Index Scan using sbtest8_pkey on sbtest8  (cost=0.43..8.45 rows=1 width=121)
	  Index Cond: (id = 4011067)

for: sum_ranges
table 1 : explain SELECT SUM(k) FROM sbtest1 WHERE id BETWEEN 1752027 AND 1752126
	Aggregate  (cost=330.86..330.87 rows=1 width=8)
	  ->  Index Scan using sbtest1_pkey on sbtest1  (cost=0.43..330.64 rows=86 width=4)
	        Index Cond: ((id >= 1752027) AND (id <= 1752126))

table 2 : explain SELECT SUM(k) FROM sbtest2 WHERE id BETWEEN 2223874 AND 2223973
	Aggregate  (cost=388.90..388.91 rows=1 width=8)
	  ->  Index Scan using sbtest2_pkey on sbtest2  (cost=0.43..388.64 rows=101 width=4)
	        Index Cond: ((id >= 2223874) AND (id <= 2223973))

table 3 : explain SELECT SUM(k) FROM sbtest3 WHERE id BETWEEN 8885943 AND 8886042
	Aggregate  (cost=419.92..419.93 rows=1 width=8)
	  ->  Index Scan using sbtest3_pkey on sbtest3  (cost=0.43..419.65 rows=109 width=4)
	        Index Cond: ((id >= 8885943) AND (id <= 8886042))

table 4 : explain SELECT SUM(k) FROM sbtest4 WHERE id BETWEEN 538206 AND 538305
	Aggregate  (cost=411.63..411.64 rows=1 width=8)
	  ->  Index Scan using sbtest4_pkey on sbtest4  (cost=0.43..411.36 rows=107 width=4)
	        Index Cond: ((id >= 538206) AND (id <= 538305))

table 5 : explain SELECT SUM(k) FROM sbtest5 WHERE id BETWEEN 4120128 AND 4120227
	Aggregate  (cost=362.16..362.17 rows=1 width=8)
	  ->  Index Scan using sbtest5_pkey on sbtest5  (cost=0.43..361.93 rows=94 width=4)
	        Index Cond: ((id >= 4120128) AND (id <= 4120227))

table 6 : explain SELECT SUM(k) FROM sbtest6 WHERE id BETWEEN 4499827 AND 4499926
	Aggregate  (cost=366.65..366.66 rows=1 width=8)
	  ->  Index Scan using sbtest6_pkey on sbtest6  (cost=0.43..366.41 rows=95 width=4)
	        Index Cond: ((id >= 4499827) AND (id <= 4499926))

table 7 : explain SELECT SUM(k) FROM sbtest7 WHERE id BETWEEN 5864633 AND 5864732
	Aggregate  (cost=386.79..386.80 rows=1 width=8)
	  ->  Index Scan using sbtest7_pkey on sbtest7  (cost=0.43..386.54 rows=100 width=4)
	        Index Cond: ((id >= 5864633) AND (id <= 5864732))

table 8 : explain SELECT SUM(k) FROM sbtest8 WHERE id BETWEEN 3328522 AND 3328621
	Aggregate  (cost=381.57..381.58 rows=1 width=8)
	  ->  Index Scan using sbtest8_pkey on sbtest8  (cost=0.43..381.32 rows=99 width=4)
	        Index Cond: ((id >= 3328522) AND (id <= 3328621))

for inserts
table 1 : explain INSERT INTO sbtest1 (id, k, c, pad) VALUES (8641062, 13, 'foobar', 'foobar')
	Insert on sbtest1  (cost=0.00..0.01 rows=0 width=0)
	  ->  Result  (cost=0.00..0.01 rows=1 width=736)

table 2 : explain INSERT INTO sbtest2 (id, k, c, pad) VALUES (8667885, 13, 'foobar', 'foobar')
	Insert on sbtest2  (cost=0.00..0.01 rows=0 width=0)
	  ->  Result  (cost=0.00..0.01 rows=1 width=736)

table 3 : explain INSERT INTO sbtest3 (id, k, c, pad) VALUES (5227899, 13, 'foobar', 'foobar')
	Insert on sbtest3  (cost=0.00..0.01 rows=0 width=0)
	  ->  Result  (cost=0.00..0.01 rows=1 width=736)

table 4 : explain INSERT INTO sbtest4 (id, k, c, pad) VALUES (6861838, 13, 'foobar', 'foobar')
	Insert on sbtest4  (cost=0.00..0.01 rows=0 width=0)
	  ->  Result  (cost=0.00..0.01 rows=1 width=736)

table 5 : explain INSERT INTO sbtest5 (id, k, c, pad) VALUES (5216960, 13, 'foobar', 'foobar')
	Insert on sbtest5  (cost=0.00..0.01 rows=0 width=0)
	  ->  Result  (cost=0.00..0.01 rows=1 width=736)

table 6 : explain INSERT INTO sbtest6 (id, k, c, pad) VALUES (8001898, 13, 'foobar', 'foobar')
	Insert on sbtest6  (cost=0.00..0.01 rows=0 width=0)
	  ->  Result  (cost=0.00..0.01 rows=1 width=736)

table 7 : explain INSERT INTO sbtest7 (id, k, c, pad) VALUES (7196634, 13, 'foobar', 'foobar')
	Insert on sbtest7  (cost=0.00..0.01 rows=0 width=0)
	  ->  Result  (cost=0.00..0.01 rows=1 width=736)

table 8 : explain INSERT INTO sbtest8 (id, k, c, pad) VALUES (9421919, 13, 'foobar', 'foobar')
	Insert on sbtest8  (cost=0.00..0.01 rows=0 width=0)
	  ->  Result  (cost=0.00..0.01 rows=1 width=736)

for: order_ranges
table 1 : explain SELECT c FROM sbtest1 WHERE id BETWEEN 6256480 AND 6256579 ORDER BY c
	Sort  (cost=356.38..356.61 rows=92 width=121)
	  Sort Key: c
	  ->  Index Scan using sbtest1_pkey on sbtest1  (cost=0.43..353.38 rows=92 width=121)
	        Index Cond: ((id >= 6256480) AND (id <= 6256579))

table 2 : explain SELECT c FROM sbtest2 WHERE id BETWEEN 6228397 AND 6228496 ORDER BY c
	Sort  (cost=361.23..361.46 rows=93 width=121)
	  Sort Key: c
	  ->  Index Scan using sbtest2_pkey on sbtest2  (cost=0.43..358.19 rows=93 width=121)
	        Index Cond: ((id >= 6228397) AND (id <= 6228496))

table 3 : explain SELECT c FROM sbtest3 WHERE id BETWEEN 8080176 AND 8080275 ORDER BY c
	Sort  (cost=419.49..419.76 rows=108 width=121)
	  Sort Key: c
	  ->  Index Scan using sbtest3_pkey on sbtest3  (cost=0.43..415.84 rows=108 width=121)
	        Index Cond: ((id >= 8080176) AND (id <= 8080275))

table 4 : explain SELECT c FROM sbtest4 WHERE id BETWEEN 4231769 AND 4231868 ORDER BY c
	Sort  (cost=418.81..419.08 rows=108 width=121)
	  Sort Key: c
	  ->  Index Scan using sbtest4_pkey on sbtest4  (cost=0.43..415.16 rows=108 width=121)
	        Index Cond: ((id >= 4231769) AND (id <= 4231868))

table 5 : explain SELECT c FROM sbtest5 WHERE id BETWEEN 1256208 AND 1256307 ORDER BY c
	Sort  (cost=361.11..361.35 rows=93 width=121)
	  Sort Key: c
	  ->  Index Scan using sbtest5_pkey on sbtest5  (cost=0.43..358.07 rows=93 width=121)
	        Index Cond: ((id >= 1256208) AND (id <= 1256307))

table 6 : explain SELECT c FROM sbtest6 WHERE id BETWEEN 3322924 AND 3323023 ORDER BY c
	Sort  (cost=361.79..362.02 rows=93 width=121)
	  Sort Key: c
	  ->  Index Scan using sbtest6_pkey on sbtest6  (cost=0.43..358.75 rows=93 width=121)
	        Index Cond: ((id >= 3322924) AND (id <= 3323023))

table 7 : explain SELECT c FROM sbtest7 WHERE id BETWEEN 8188262 AND 8188361 ORDER BY c
	Sort  (cost=428.44..428.71 rows=110 width=121)
	  Sort Key: c
	  ->  Index Scan using sbtest7_pkey on sbtest7  (cost=0.43..424.71 rows=110 width=121)
	        Index Cond: ((id >= 8188262) AND (id <= 8188361))

table 8 : explain SELECT c FROM sbtest8 WHERE id BETWEEN 5578216 AND 5578315 ORDER BY c
	Sort  (cost=384.60..384.85 rows=99 width=121)
	  Sort Key: c
	  ->  Index Scan using sbtest8_pkey on sbtest8  (cost=0.43..381.32 rows=99 width=121)
	        Index Cond: ((id >= 5578216) AND (id <= 5578315))

for: distinct_ranges
table 1 : explain SELECT DISTINCT c FROM sbtest1 WHERE id BETWEEN 3593902 AND 3594001 ORDER BY c
	Unique  (cost=352.55..353.01 rows=91 width=121)
	  ->  Sort  (cost=352.55..352.78 rows=91 width=121)
	        Sort Key: c
	        ->  Index Scan using sbtest1_pkey on sbtest1  (cost=0.43..349.59 rows=91 width=121)
	              Index Cond: ((id >= 3593902) AND (id <= 3594001))

table 2 : explain SELECT DISTINCT c FROM sbtest2 WHERE id BETWEEN 5050983 AND 5051082 ORDER BY c
	Unique  (cost=411.21..411.74 rows=106 width=121)
	  ->  Sort  (cost=411.21..411.48 rows=106 width=121)
	        Sort Key: c
	        ->  Index Scan using sbtest2_pkey on sbtest2  (cost=0.43..407.65 rows=106 width=121)
	              Index Cond: ((id >= 5050983) AND (id <= 5051082))

table 3 : explain SELECT DISTINCT c FROM sbtest3 WHERE id BETWEEN 9403190 AND 9403289 ORDER BY c
	Unique  (cost=388.72..389.22 rows=100 width=121)
	  ->  Sort  (cost=388.72..388.97 rows=100 width=121)
	        Sort Key: c
	        ->  Index Scan using sbtest3_pkey on sbtest3  (cost=0.43..385.40 rows=100 width=121)
	              Index Cond: ((id >= 9403190) AND (id <= 9403289))

table 4 : explain SELECT DISTINCT c FROM sbtest4 WHERE id BETWEEN 4782863 AND 4782962 ORDER BY c
	Unique  (cost=411.12..411.65 rows=106 width=121)
	  ->  Sort  (cost=411.12..411.39 rows=106 width=121)
	        Sort Key: c
	        ->  Index Scan using sbtest4_pkey on sbtest4  (cost=0.43..407.56 rows=106 width=121)
	              Index Cond: ((id >= 4782863) AND (id <= 4782962))

table 5 : explain SELECT DISTINCT c FROM sbtest5 WHERE id BETWEEN 1368722 AND 1368821 ORDER BY c
	Unique  (cost=365.01..365.48 rows=94 width=121)
	  ->  Sort  (cost=365.01..365.24 rows=94 width=121)
	        Sort Key: c
	        ->  Index Scan using sbtest5_pkey on sbtest5  (cost=0.43..361.93 rows=94 width=121)
	              Index Cond: ((id >= 1368722) AND (id <= 1368821))

table 6 : explain SELECT DISTINCT c FROM sbtest6 WHERE id BETWEEN 5230847 AND 5230946 ORDER BY c
	Unique  (cost=384.92..385.42 rows=99 width=121)
	  ->  Sort  (cost=384.92..385.17 rows=99 width=121)
	        Sort Key: c
	        ->  Index Scan using sbtest6_pkey on sbtest6  (cost=0.43..381.64 rows=99 width=121)
	              Index Cond: ((id >= 5230847) AND (id <= 5230946))

table 7 : explain SELECT DISTINCT c FROM sbtest7 WHERE id BETWEEN 4116344 AND 4116443 ORDER BY c
	Unique  (cost=370.52..370.99 rows=95 width=121)
	  ->  Sort  (cost=370.52..370.76 rows=95 width=121)
	        Sort Key: c
	        ->  Index Scan using sbtest7_pkey on sbtest7  (cost=0.43..367.40 rows=95 width=121)
	              Index Cond: ((id >= 4116344) AND (id <= 4116443))

table 8 : explain SELECT DISTINCT c FROM sbtest8 WHERE id BETWEEN 684481 AND 684580 ORDER BY c
	Unique  (cost=407.66..408.19 rows=105 width=121)
	  ->  Sort  (cost=407.66..407.93 rows=105 width=121)
	        Sort Key: c
	        ->  Index Scan using sbtest8_pkey on sbtest8  (cost=0.43..404.14 rows=105 width=121)
	              Index Cond: ((id >= 684481) AND (id <= 684580))

for non_index_updates
table 1 : explain UPDATE sbtest1 SET c='foobar' WHERE id=1856809
	Update on sbtest1  (cost=0.43..8.45 rows=0 width=0)
	  ->  Index Scan using sbtest1_pkey on sbtest1  (cost=0.43..8.45 rows=1 width=490)
	        Index Cond: (id = 1856809)

table 2 : explain UPDATE sbtest2 SET c='foobar' WHERE id=9731810
	Update on sbtest2  (cost=0.43..8.45 rows=0 width=0)
	  ->  Index Scan using sbtest2_pkey on sbtest2  (cost=0.43..8.45 rows=1 width=490)
	        Index Cond: (id = 9731810)

table 3 : explain UPDATE sbtest3 SET c='foobar' WHERE id=3913596
	Update on sbtest3  (cost=0.43..8.45 rows=0 width=0)
	  ->  Index Scan using sbtest3_pkey on sbtest3  (cost=0.43..8.45 rows=1 width=490)
	        Index Cond: (id = 3913596)

table 4 : explain UPDATE sbtest4 SET c='foobar' WHERE id=3021704
	Update on sbtest4  (cost=0.43..8.45 rows=0 width=0)
	  ->  Index Scan using sbtest4_pkey on sbtest4  (cost=0.43..8.45 rows=1 width=490)
	        Index Cond: (id = 3021704)

table 5 : explain UPDATE sbtest5 SET c='foobar' WHERE id=30907
	Update on sbtest5  (cost=0.43..8.45 rows=0 width=0)
	  ->  Index Scan using sbtest5_pkey on sbtest5  (cost=0.43..8.45 rows=1 width=490)
	        Index Cond: (id = 30907)

table 6 : explain UPDATE sbtest6 SET c='foobar' WHERE id=2449195
	Update on sbtest6  (cost=0.43..8.45 rows=0 width=0)
	  ->  Index Scan using sbtest6_pkey on sbtest6  (cost=0.43..8.45 rows=1 width=490)
	        Index Cond: (id = 2449195)

table 7 : explain UPDATE sbtest7 SET c='foobar' WHERE id=8622909
	Update on sbtest7  (cost=0.43..8.45 rows=0 width=0)
	  ->  Index Scan using sbtest7_pkey on sbtest7  (cost=0.43..8.45 rows=1 width=490)
	        Index Cond: (id = 8622909)

table 8 : explain UPDATE sbtest8 SET c='foobar' WHERE id=4774675
	Update on sbtest8  (cost=0.43..8.45 rows=0 width=0)
	  ->  Index Scan using sbtest8_pkey on sbtest8  (cost=0.43..8.45 rows=1 width=490)
	        Index Cond: (id = 4774675)

explain: for index_updates :: explain UPDATE sbtest%u SET k=k+1 WHERE id=%u
for: simple_ranges
table 1 : explain SELECT c FROM sbtest1 WHERE id BETWEEN 8323805 AND 8323904
	Index Scan using sbtest1_pkey on sbtest1  (cost=0.43..372.38 rows=97 width=121)
	  Index Cond: ((id >= 8323805) AND (id <= 8323904))

table 2 : explain SELECT c FROM sbtest2 WHERE id BETWEEN 1470025 AND 1470124
	Index Scan using sbtest2_pkey on sbtest2  (cost=0.43..377.24 rows=98 width=121)
	  Index Cond: ((id >= 1470025) AND (id <= 1470124))

table 3 : explain SELECT c FROM sbtest3 WHERE id BETWEEN 9012199 AND 9012298
	Index Scan using sbtest3_pkey on sbtest3  (cost=0.43..412.04 rows=107 width=121)
	  Index Cond: ((id >= 9012199) AND (id <= 9012298))

table 4 : explain SELECT c FROM sbtest4 WHERE id BETWEEN 8468843 AND 8468942
	Index Scan using sbtest4_pkey on sbtest4  (cost=0.43..388.56 rows=101 width=121)
	  Index Cond: ((id >= 8468843) AND (id <= 8468942))

table 5 : explain SELECT c FROM sbtest5 WHERE id BETWEEN 4914074 AND 4914173
	Index Scan using sbtest5_pkey on sbtest5  (cost=0.43..369.53 rows=96 width=121)
	  Index Cond: ((id >= 4914074) AND (id <= 4914173))

table 6 : explain SELECT c FROM sbtest6 WHERE id BETWEEN 9156190 AND 9156289
	Index Scan using sbtest6_pkey on sbtest6  (cost=0.43..374.03 rows=97 width=121)
	  Index Cond: ((id >= 9156190) AND (id <= 9156289))

table 7 : explain SELECT c FROM sbtest7 WHERE id BETWEEN 4272642 AND 4272741
	Index Scan using sbtest7_pkey on sbtest7  (cost=0.43..397.99 rows=103 width=121)
	  Index Cond: ((id >= 4272642) AND (id <= 4272741))

table 8 : explain SELECT c FROM sbtest8 WHERE id BETWEEN 6779495 AND 6779594
	Index Scan using sbtest8_pkey on sbtest8  (cost=0.43..354.64 rows=92 width=121)
	  Index Cond: ((id >= 6779495) AND (id <= 6779594))

for non_index_updates
table 1 : explain UPDATE sbtest1 SET c='foobar' WHERE id=2546344
	Update on sbtest1  (cost=0.43..8.45 rows=0 width=0)
	  ->  Index Scan using sbtest1_pkey on sbtest1  (cost=0.43..8.45 rows=1 width=490)
	        Index Cond: (id = 2546344)

table 2 : explain UPDATE sbtest2 SET c='foobar' WHERE id=1712790
	Update on sbtest2  (cost=0.43..8.45 rows=0 width=0)
	  ->  Index Scan using sbtest2_pkey on sbtest2  (cost=0.43..8.45 rows=1 width=490)
	        Index Cond: (id = 1712790)

table 3 : explain UPDATE sbtest3 SET c='foobar' WHERE id=4815413
	Update on sbtest3  (cost=0.43..8.45 rows=0 width=0)
	  ->  Index Scan using sbtest3_pkey on sbtest3  (cost=0.43..8.45 rows=1 width=490)
	        Index Cond: (id = 4815413)

table 4 : explain UPDATE sbtest4 SET c='foobar' WHERE id=7813897
	Update on sbtest4  (cost=0.43..8.45 rows=0 width=0)
	  ->  Index Scan using sbtest4_pkey on sbtest4  (cost=0.43..8.45 rows=1 width=490)
	        Index Cond: (id = 7813897)

table 5 : explain UPDATE sbtest5 SET c='foobar' WHERE id=1616088
	Update on sbtest5  (cost=0.43..8.45 rows=0 width=0)
	  ->  Index Scan using sbtest5_pkey on sbtest5  (cost=0.43..8.45 rows=1 width=490)
	        Index Cond: (id = 1616088)

table 6 : explain UPDATE sbtest6 SET c='foobar' WHERE id=7933995
	Update on sbtest6  (cost=0.43..8.45 rows=0 width=0)
	  ->  Index Scan using sbtest6_pkey on sbtest6  (cost=0.43..8.45 rows=1 width=490)
	        Index Cond: (id = 7933995)

table 7 : explain UPDATE sbtest7 SET c='foobar' WHERE id=6327214
	Update on sbtest7  (cost=0.43..8.45 rows=0 width=0)
	  ->  Index Scan using sbtest7_pkey on sbtest7  (cost=0.43..8.45 rows=1 width=490)
	        Index Cond: (id = 6327214)

table 8 : explain UPDATE sbtest8 SET c='foobar' WHERE id=4822082
	Update on sbtest8  (cost=0.43..8.45 rows=0 width=0)
	  ->  Index Scan using sbtest8_pkey on sbtest8  (cost=0.43..8.45 rows=1 width=490)
	        Index Cond: (id = 4822082)

explain: for deletes :: explain DELETE FROM sbtest%u WHERE id=%u
for point_selects
table 1 : explain SELECT c FROM sbtest1 WHERE id=4543949
	Index Scan using sbtest1_pkey on sbtest1  (cost=0.43..8.45 rows=1 width=121)
	  Index Cond: (id = 4543949)

table 2 : explain SELECT c FROM sbtest2 WHERE id=7592912
	Index Scan using sbtest2_pkey on sbtest2  (cost=0.43..8.45 rows=1 width=121)
	  Index Cond: (id = 7592912)

table 3 : explain SELECT c FROM sbtest3 WHERE id=5611164
	Index Scan using sbtest3_pkey on sbtest3  (cost=0.43..8.45 rows=1 width=121)
	  Index Cond: (id = 5611164)

table 4 : explain SELECT c FROM sbtest4 WHERE id=5123460
	Index Scan using sbtest4_pkey on sbtest4  (cost=0.43..8.45 rows=1 width=121)
	  Index Cond: (id = 5123460)

table 5 : explain SELECT c FROM sbtest5 WHERE id=2980166
	Index Scan using sbtest5_pkey on sbtest5  (cost=0.43..8.45 rows=1 width=121)
	  Index Cond: (id = 2980166)

table 6 : explain SELECT c FROM sbtest6 WHERE id=9394885
	Index Scan using sbtest6_pkey on sbtest6  (cost=0.43..8.45 rows=1 width=121)
	  Index Cond: (id = 9394885)

table 7 : explain SELECT c FROM sbtest7 WHERE id=7327082
	Index Scan using sbtest7_pkey on sbtest7  (cost=0.43..8.45 rows=1 width=121)
	  Index Cond: (id = 7327082)

table 8 : explain SELECT c FROM sbtest8 WHERE id=3203185
	Index Scan using sbtest8_pkey on sbtest8  (cost=0.43..8.45 rows=1 width=121)
	  Index Cond: (id = 3203185)

explain: for deletes :: explain DELETE FROM sbtest%u WHERE id=%u
for inserts
table 1 : explain INSERT INTO sbtest1 (id, k, c, pad) VALUES (935600, 13, 'foobar', 'foobar')
	Insert on sbtest1  (cost=0.00..0.01 rows=0 width=0)
	  ->  Result  (cost=0.00..0.01 rows=1 width=736)

table 2 : explain INSERT INTO sbtest2 (id, k, c, pad) VALUES (1285767, 13, 'foobar', 'foobar')
	Insert on sbtest2  (cost=0.00..0.01 rows=0 width=0)
	  ->  Result  (cost=0.00..0.01 rows=1 width=736)

table 3 : explain INSERT INTO sbtest3 (id, k, c, pad) VALUES (9367206, 13, 'foobar', 'foobar')
	Insert on sbtest3  (cost=0.00..0.01 rows=0 width=0)
	  ->  Result  (cost=0.00..0.01 rows=1 width=736)

table 4 : explain INSERT INTO sbtest4 (id, k, c, pad) VALUES (9136332, 13, 'foobar', 'foobar')
	Insert on sbtest4  (cost=0.00..0.01 rows=0 width=0)
	  ->  Result  (cost=0.00..0.01 rows=1 width=736)

table 5 : explain INSERT INTO sbtest5 (id, k, c, pad) VALUES (8569453, 13, 'foobar', 'foobar')
	Insert on sbtest5  (cost=0.00..0.01 rows=0 width=0)
	  ->  Result  (cost=0.00..0.01 rows=1 width=736)

table 6 : explain INSERT INTO sbtest6 (id, k, c, pad) VALUES (339109, 13, 'foobar', 'foobar')
	Insert on sbtest6  (cost=0.00..0.01 rows=0 width=0)
	  ->  Result  (cost=0.00..0.01 rows=1 width=736)

table 7 : explain INSERT INTO sbtest7 (id, k, c, pad) VALUES (2138101, 13, 'foobar', 'foobar')
	Insert on sbtest7  (cost=0.00..0.01 rows=0 width=0)
	  ->  Result  (cost=0.00..0.01 rows=1 width=736)

table 8 : explain INSERT INTO sbtest8 (id, k, c, pad) VALUES (8210623, 13, 'foobar', 'foobar')
	Insert on sbtest8  (cost=0.00..0.01 rows=0 width=0)
	  ->  Result  (cost=0.00..0.01 rows=1 width=736)

for: sum_ranges
table 1 : explain SELECT SUM(k) FROM sbtest1 WHERE id BETWEEN 3197254 AND 3197353
	Aggregate  (cost=376.42..376.43 rows=1 width=8)
	  ->  Index Scan using sbtest1_pkey on sbtest1  (cost=0.43..376.17 rows=98 width=4)
	        Index Cond: ((id >= 3197254) AND (id <= 3197353))

table 2 : explain SELECT SUM(k) FROM sbtest2 WHERE id BETWEEN 562098 AND 562197
	Aggregate  (cost=377.49..377.50 rows=1 width=8)
	  ->  Index Scan using sbtest2_pkey on sbtest2  (cost=0.43..377.24 rows=98 width=4)
	        Index Cond: ((id >= 562098) AND (id <= 562197))

table 3 : explain SELECT SUM(k) FROM sbtest3 WHERE id BETWEEN 434924 AND 435023
	Aggregate  (cost=416.11..416.12 rows=1 width=8)
	  ->  Index Scan using sbtest3_pkey on sbtest3  (cost=0.43..415.84 rows=108 width=4)
	        Index Cond: ((id >= 434924) AND (id <= 435023))

table 4 : explain SELECT SUM(k) FROM sbtest4 WHERE id BETWEEN 6217375 AND 6217474
	Aggregate  (cost=400.22..400.23 rows=1 width=8)
	  ->  Index Scan using sbtest4_pkey on sbtest4  (cost=0.43..399.96 rows=104 width=4)
	        Index Cond: ((id >= 6217375) AND (id <= 6217474))

table 5 : explain SELECT SUM(k) FROM sbtest5 WHERE id BETWEEN 7821464 AND 7821563
	Aggregate  (cost=384.97..384.98 rows=1 width=8)
	  ->  Index Scan using sbtest5_pkey on sbtest5  (cost=0.43..384.72 rows=100 width=4)
	        Index Cond: ((id >= 7821464) AND (id <= 7821563))

table 6 : explain SELECT SUM(k) FROM sbtest6 WHERE id BETWEEN 8525854 AND 8525953
	Aggregate  (cost=355.17..355.18 rows=1 width=8)
	  ->  Index Scan using sbtest6_pkey on sbtest6  (cost=0.43..354.94 rows=92 width=4)
	        Index Cond: ((id >= 8525854) AND (id <= 8525953))

table 7 : explain SELECT SUM(k) FROM sbtest7 WHERE id BETWEEN 8920752 AND 8920851
	Aggregate  (cost=379.15..379.16 rows=1 width=8)
	  ->  Index Scan using sbtest7_pkey on sbtest7  (cost=0.43..378.90 rows=98 width=4)
	        Index Cond: ((id >= 8920752) AND (id <= 8920851))

table 8 : explain SELECT SUM(k) FROM sbtest8 WHERE id BETWEEN 2760244 AND 2760343
	Aggregate  (cost=370.15..370.16 rows=1 width=8)
	  ->  Index Scan using sbtest8_pkey on sbtest8  (cost=0.43..369.91 rows=96 width=4)
	        Index Cond: ((id >= 2760244) AND (id <= 2760343))

for: order_ranges
table 1 : explain SELECT c FROM sbtest1 WHERE id BETWEEN 9043269 AND 9043368 ORDER BY c
	Sort  (cost=398.56..398.82 rows=103 width=121)
	  Sort Key: c
	  ->  Index Scan using sbtest1_pkey on sbtest1  (cost=0.43..395.12 rows=103 width=121)
	        Index Cond: ((id >= 9043269) AND (id <= 9043368))

table 2 : explain SELECT c FROM sbtest2 WHERE id BETWEEN 2385092 AND 2385191 ORDER BY c
	Sort  (cost=372.80..373.04 rows=96 width=121)
	  Sort Key: c
	  ->  Index Scan using sbtest2_pkey on sbtest2  (cost=0.43..369.64 rows=96 width=121)
	        Index Cond: ((id >= 2385092) AND (id <= 2385191))

table 3 : explain SELECT c FROM sbtest3 WHERE id BETWEEN 7731862 AND 7731961 ORDER BY c
	Sort  (cost=396.41..396.67 rows=102 width=121)
	  Sort Key: c
	  ->  Index Scan using sbtest3_pkey on sbtest3  (cost=0.43..393.01 rows=102 width=121)
	        Index Cond: ((id >= 7731862) AND (id <= 7731961))

table 4 : explain SELECT c FROM sbtest4 WHERE id BETWEEN 643857 AND 643956 ORDER BY c
	Sort  (cost=388.08..388.33 rows=100 width=121)
	  Sort Key: c
	  ->  Index Scan using sbtest4_pkey on sbtest4  (cost=0.43..384.76 rows=100 width=121)
	        Index Cond: ((id >= 643857) AND (id <= 643956))

table 5 : explain SELECT c FROM sbtest5 WHERE id BETWEEN 3475609 AND 3475708 ORDER BY c
	Sort  (cost=376.53..376.77 rows=97 width=121)
	  Sort Key: c
	  ->  Index Scan using sbtest5_pkey on sbtest5  (cost=0.43..373.33 rows=97 width=121)
	        Index Cond: ((id >= 3475609) AND (id <= 3475708))

table 6 : explain SELECT c FROM sbtest6 WHERE id BETWEEN 8125889 AND 8125988 ORDER BY c
	Sort  (cost=400.31..400.57 rows=103 width=121)
	  Sort Key: c
	  ->  Index Scan using sbtest6_pkey on sbtest6  (cost=0.43..396.87 rows=103 width=121)
	        Index Cond: ((id >= 8125889) AND (id <= 8125988))

table 7 : explain SELECT c FROM sbtest7 WHERE id BETWEEN 6457069 AND 6457168 ORDER BY c
	Sort  (cost=397.57..397.83 rows=102 width=121)
	  Sort Key: c
	  ->  Index Scan using sbtest7_pkey on sbtest7  (cost=0.43..394.17 rows=102 width=121)
	        Index Cond: ((id >= 6457069) AND (id <= 6457168))

table 8 : explain SELECT c FROM sbtest8 WHERE id BETWEEN 776720 AND 776819 ORDER BY c
	Sort  (cost=396.13..396.39 rows=102 width=121)
	  Sort Key: c
	  ->  Index Scan using sbtest8_pkey on sbtest8  (cost=0.43..392.73 rows=102 width=121)
	        Index Cond: ((id >= 776720) AND (id <= 776819))

for deletes
table 1 : explain DELETE FROM sbtest1 WHERE id=6252448
	Delete on sbtest1  (cost=0.43..8.45 rows=0 width=0)
	  ->  Index Scan using sbtest1_pkey on sbtest1  (cost=0.43..8.45 rows=1 width=6)
	        Index Cond: (id = 6252448)

table 2 : explain DELETE FROM sbtest2 WHERE id=5773645
	Delete on sbtest2  (cost=0.43..8.45 rows=0 width=0)
	  ->  Index Scan using sbtest2_pkey on sbtest2  (cost=0.43..8.45 rows=1 width=6)
	        Index Cond: (id = 5773645)

table 3 : explain DELETE FROM sbtest3 WHERE id=8476
	Delete on sbtest3  (cost=0.43..8.45 rows=0 width=0)
	  ->  Index Scan using sbtest3_pkey on sbtest3  (cost=0.43..8.45 rows=1 width=6)
	        Index Cond: (id = 8476)

table 4 : explain DELETE FROM sbtest4 WHERE id=4901130
	Delete on sbtest4  (cost=0.43..8.45 rows=0 width=0)
	  ->  Index Scan using sbtest4_pkey on sbtest4  (cost=0.43..8.45 rows=1 width=6)
	        Index Cond: (id = 4901130)

table 5 : explain DELETE FROM sbtest5 WHERE id=3760613
	Delete on sbtest5  (cost=0.43..8.45 rows=0 width=0)
	  ->  Index Scan using sbtest5_pkey on sbtest5  (cost=0.43..8.45 rows=1 width=6)
	        Index Cond: (id = 3760613)

table 6 : explain DELETE FROM sbtest6 WHERE id=806909
	Delete on sbtest6  (cost=0.43..8.45 rows=0 width=0)
	  ->  Index Scan using sbtest6_pkey on sbtest6  (cost=0.43..8.45 rows=1 width=6)
	        Index Cond: (id = 806909)

table 7 : explain DELETE FROM sbtest7 WHERE id=835919
	Delete on sbtest7  (cost=0.43..8.45 rows=0 width=0)
	  ->  Index Scan using sbtest7_pkey on sbtest7  (cost=0.43..8.45 rows=1 width=6)
	        Index Cond: (id = 835919)

table 8 : explain DELETE FROM sbtest8 WHERE id=9682199
	Delete on sbtest8  (cost=0.43..8.45 rows=0 width=0)
	  ->  Index Scan using sbtest8_pkey on sbtest8  (cost=0.43..8.45 rows=1 width=6)
	        Index Cond: (id = 9682199)
for deletes
table 1 : explain DELETE FROM sbtest1 WHERE id=5139468
	Delete on sbtest1  (cost=0.43..8.45 rows=0 width=0)
	  ->  Index Scan using sbtest1_pkey on sbtest1  (cost=0.43..8.45 rows=1 width=6)
	        Index Cond: (id = 5139468)

table 2 : explain DELETE FROM sbtest2 WHERE id=5024673
	Delete on sbtest2  (cost=0.43..8.45 rows=0 width=0)
	  ->  Index Scan using sbtest2_pkey on sbtest2  (cost=0.43..8.45 rows=1 width=6)
	        Index Cond: (id = 5024673)

table 3 : explain DELETE FROM sbtest3 WHERE id=2660588
	Delete on sbtest3  (cost=0.43..8.45 rows=0 width=0)
	  ->  Index Scan using sbtest3_pkey on sbtest3  (cost=0.43..8.45 rows=1 width=6)
	        Index Cond: (id = 2660588)

table 4 : explain DELETE FROM sbtest4 WHERE id=1795042
	Delete on sbtest4  (cost=0.43..8.45 rows=0 width=0)
	  ->  Index Scan using sbtest4_pkey on sbtest4  (cost=0.43..8.45 rows=1 width=6)
	        Index Cond: (id = 1795042)

table 5 : explain DELETE FROM sbtest5 WHERE id=7253013
	Delete on sbtest5  (cost=0.43..8.45 rows=0 width=0)
	  ->  Index Scan using sbtest5_pkey on sbtest5  (cost=0.43..8.45 rows=1 width=6)
	        Index Cond: (id = 7253013)

table 6 : explain DELETE FROM sbtest6 WHERE id=5550523
	Delete on sbtest6  (cost=0.43..8.45 rows=0 width=0)
	  ->  Index Scan using sbtest6_pkey on sbtest6  (cost=0.43..8.45 rows=1 width=6)
	        Index Cond: (id = 5550523)

table 7 : explain DELETE FROM sbtest7 WHERE id=7510178
	Delete on sbtest7  (cost=0.43..8.45 rows=0 width=0)
	  ->  Index Scan using sbtest7_pkey on sbtest7  (cost=0.43..8.45 rows=1 width=6)
	        Index Cond: (id = 7510178)

table 8 : explain DELETE FROM sbtest8 WHERE id=5734326
	Delete on sbtest8  (cost=0.43..8.45 rows=0 width=0)
	  ->  Index Scan using sbtest8_pkey on sbtest8  (cost=0.43..8.45 rows=1 width=6)
	        Index Cond: (id = 5734326)


for index_updates
table 1 : explain UPDATE sbtest1 SET k=k+1 WHERE id=4850513
	Update on sbtest1  (cost=0.43..8.46 rows=0 width=0)
	  ->  Index Scan using sbtest1_pkey on sbtest1  (cost=0.43..8.46 rows=1 width=10)
	        Index Cond: (id = 4850513)

table 2 : explain UPDATE sbtest2 SET k=k+1 WHERE id=7070393
	Update on sbtest2  (cost=0.43..8.46 rows=0 width=0)
	  ->  Index Scan using sbtest2_pkey on sbtest2  (cost=0.43..8.46 rows=1 width=10)
	        Index Cond: (id = 7070393)

table 3 : explain UPDATE sbtest3 SET k=k+1 WHERE id=6640376
	Update on sbtest3  (cost=0.43..8.46 rows=0 width=0)
	  ->  Index Scan using sbtest3_pkey on sbtest3  (cost=0.43..8.46 rows=1 width=10)
	        Index Cond: (id = 6640376)

table 4 : explain UPDATE sbtest4 SET k=k+1 WHERE id=8120252
	Update on sbtest4  (cost=0.43..8.46 rows=0 width=0)
	  ->  Index Scan using sbtest4_pkey on sbtest4  (cost=0.43..8.46 rows=1 width=10)
	        Index Cond: (id = 8120252)

table 5 : explain UPDATE sbtest5 SET k=k+1 WHERE id=4715017
	Update on sbtest5  (cost=0.43..8.46 rows=0 width=0)
	  ->  Index Scan using sbtest5_pkey on sbtest5  (cost=0.43..8.46 rows=1 width=10)
	        Index Cond: (id = 4715017)

table 6 : explain UPDATE sbtest6 SET k=k+1 WHERE id=624210
	Update on sbtest6  (cost=0.43..8.46 rows=0 width=0)
	  ->  Index Scan using sbtest6_pkey on sbtest6  (cost=0.43..8.46 rows=1 width=10)
	        Index Cond: (id = 624210)

table 7 : explain UPDATE sbtest7 SET k=k+1 WHERE id=5958344
	Update on sbtest7  (cost=0.43..8.46 rows=0 width=0)
	  ->  Index Scan using sbtest7_pkey on sbtest7  (cost=0.43..8.46 rows=1 width=10)
	        Index Cond: (id = 5958344)

table 8 : explain UPDATE sbtest8 SET k=k+1 WHERE id=1688011
	Update on sbtest8  (cost=0.43..8.46 rows=0 width=0)
	  ->  Index Scan using sbtest8_pkey on sbtest8  (cost=0.43..8.46 rows=1 width=10)
	        Index Cond: (id = 1688011)

for: distinct_ranges
table 1 : explain SELECT DISTINCT c FROM sbtest1 WHERE id BETWEEN 4443992 AND 4444091 ORDER BY c
	Unique  (cost=356.38..356.84 rows=92 width=121)
	  ->  Sort  (cost=356.38..356.61 rows=92 width=121)
	        Sort Key: c
	        ->  Index Scan using sbtest1_pkey on sbtest1  (cost=0.43..353.38 rows=92 width=121)
	              Index Cond: ((id >= 4443992) AND (id <= 4444091))

table 2 : explain SELECT DISTINCT c FROM sbtest2 WHERE id BETWEEN 2843041 AND 2843140 ORDER BY c
	Unique  (cost=407.37..407.90 rows=105 width=121)
	  ->  Sort  (cost=407.37..407.63 rows=105 width=121)
	        Sort Key: c
	        ->  Index Scan using sbtest2_pkey on sbtest2  (cost=0.43..403.85 rows=105 width=121)
	              Index Cond: ((id >= 2843041) AND (id <= 2843140))

table 3 : explain SELECT DISTINCT c FROM sbtest3 WHERE id BETWEEN 1507619 AND 1507718 ORDER BY c
	Unique  (cost=396.41..396.92 rows=102 width=121)
	  ->  Sort  (cost=396.41..396.67 rows=102 width=121)
	        Sort Key: c
	        ->  Index Scan using sbtest3_pkey on sbtest3  (cost=0.43..393.01 rows=102 width=121)
	              Index Cond: ((id >= 1507619) AND (id <= 1507718))

table 4 : explain SELECT DISTINCT c FROM sbtest4 WHERE id BETWEEN 6831313 AND 6831412 ORDER BY c
	Unique  (cost=364.99..365.46 rows=94 width=121)
	  ->  Sort  (cost=364.99..365.23 rows=94 width=121)
	        Sort Key: c
	        ->  Index Scan using sbtest4_pkey on sbtest4  (cost=0.43..361.91 rows=94 width=121)
	              Index Cond: ((id >= 6831313) AND (id <= 6831412))

table 5 : explain SELECT DISTINCT c FROM sbtest5 WHERE id BETWEEN 4584640 AND 4584739 ORDER BY c
	Unique  (cost=388.04..388.54 rows=100 width=121)
	  ->  Sort  (cost=388.04..388.29 rows=100 width=121)
	        Sort Key: c
	        ->  Index Scan using sbtest5_pkey on sbtest5  (cost=0.43..384.72 rows=100 width=121)
	              Index Cond: ((id >= 4584640) AND (id <= 4584739))

table 6 : explain SELECT DISTINCT c FROM sbtest6 WHERE id BETWEEN 8342436 AND 8342535 ORDER BY c
	Unique  (cost=408.00..408.53 rows=105 width=121)
	  ->  Sort  (cost=408.00..408.27 rows=105 width=121)
	        Sort Key: c
	        ->  Index Scan using sbtest6_pkey on sbtest6  (cost=0.43..404.48 rows=105 width=121)
	              Index Cond: ((id >= 8342436) AND (id <= 8342535))

table 7 : explain SELECT DISTINCT c FROM sbtest7 WHERE id BETWEEN 716150 AND 716249 ORDER BY c
	Unique  (cost=393.72..394.22 rows=101 width=121)
	  ->  Sort  (cost=393.72..393.97 rows=101 width=121)
	        Sort Key: c
	        ->  Index Scan using sbtest7_pkey on sbtest7  (cost=0.43..390.35 rows=101 width=121)
	              Index Cond: ((id >= 716150) AND (id <= 716249))

table 8 : explain SELECT DISTINCT c FROM sbtest8 WHERE id BETWEEN 9950116 AND 9950215 ORDER BY c
	Unique  (cost=353.80..354.26 rows=91 width=121)
	  ->  Sort  (cost=353.80..354.03 rows=91 width=121)
	        Sort Key: c
	        ->  Index Scan using sbtest8_pkey on sbtest8  (cost=0.43..350.84 rows=91 width=121)
	              Index Cond: ((id >= 9950116) AND (id <= 9950215))

for: simple_ranges
table 1 : explain SELECT c FROM sbtest1 WHERE id BETWEEN 529652 AND 529751
	Index Scan using sbtest1_pkey on sbtest1  (cost=0.43..440.59 rows=115 width=121)
	  Index Cond: ((id >= 529652) AND (id <= 529751))

table 2 : explain SELECT c FROM sbtest2 WHERE id BETWEEN 2336599 AND 2336698
	Index Scan using sbtest2_pkey on sbtest2  (cost=0.43..369.64 rows=96 width=121)
	  Index Cond: ((id >= 2336599) AND (id <= 2336698))

table 3 : explain SELECT c FROM sbtest3 WHERE id BETWEEN 4710085 AND 4710184
	Index Scan using sbtest3_pkey on sbtest3  (cost=0.43..381.59 rows=99 width=121)
	  Index Cond: ((id >= 4710085) AND (id <= 4710184))

table 4 : explain SELECT c FROM sbtest4 WHERE id BETWEEN 4651829 AND 4651928
	Index Scan using sbtest4_pkey on sbtest4  (cost=0.43..418.96 rows=109 width=121)
	  Index Cond: ((id >= 4651829) AND (id <= 4651928))

table 5 : explain SELECT c FROM sbtest5 WHERE id BETWEEN 958493 AND 958592
	Index Scan using sbtest5_pkey on sbtest5  (cost=0.43..396.12 rows=103 width=121)
	  Index Cond: ((id >= 958493) AND (id <= 958592))

table 6 : explain SELECT c FROM sbtest6 WHERE id BETWEEN 9299010 AND 9299109
	Index Scan using sbtest6_pkey on sbtest6  (cost=0.43..396.87 rows=103 width=121)
	  Index Cond: ((id >= 9299010) AND (id <= 9299109))

table 7 : explain SELECT c FROM sbtest7 WHERE id BETWEEN 1838655 AND 1838754
	Index Scan using sbtest7_pkey on sbtest7  (cost=0.43..378.90 rows=98 width=121)
	  Index Cond: ((id >= 1838655) AND (id <= 1838754))

table 8 : explain SELECT c FROM sbtest8 WHERE id BETWEEN 43063 AND 43162
	Index Scan using sbtest8_pkey on sbtest8  (cost=0.43..377.52 rows=98 width=121)
	  Index Cond: ((id >= 43063) AND (id <= 43162))

for: simple_ranges
table 1 : explain SELECT c FROM sbtest1 WHERE id BETWEEN 3960560 AND 3960659
	Index Scan using sbtest1_pkey on sbtest1  (cost=0.43..376.17 rows=98 width=121)
	  Index Cond: ((id >= 3960560) AND (id <= 3960659))

table 2 : explain SELECT c FROM sbtest2 WHERE id BETWEEN 4056239 AND 4056338
	Index Scan using sbtest2_pkey on sbtest2  (cost=0.43..411.45 rows=107 width=121)
	  Index Cond: ((id >= 4056239) AND (id <= 4056338))

table 3 : explain SELECT c FROM sbtest3 WHERE id BETWEEN 1100890 AND 1100989
	Index Scan using sbtest3_pkey on sbtest3  (cost=0.43..358.70 rows=93 width=121)
	  Index Cond: ((id >= 1100890) AND (id <= 1100989))

table 4 : explain SELECT c FROM sbtest4 WHERE id BETWEEN 4996293 AND 4996392
	Index Scan using sbtest4_pkey on sbtest4  (cost=0.43..396.16 rows=103 width=121)
	  Index Cond: ((id >= 4996293) AND (id <= 4996392))

table 5 : explain SELECT c FROM sbtest5 WHERE id BETWEEN 7859569 AND 7859668
	Index Scan using sbtest5_pkey on sbtest5  (cost=0.43..384.72 rows=100 width=121)
	  Index Cond: ((id >= 7859569) AND (id <= 7859668))

table 6 : explain SELECT c FROM sbtest6 WHERE id BETWEEN 6866871 AND 6866970
	Index Scan using sbtest6_pkey on sbtest6  (cost=0.43..370.22 rows=96 width=121)
	  Index Cond: ((id >= 6866871) AND (id <= 6866970))

table 7 : explain SELECT c FROM sbtest7 WHERE id BETWEEN 168948 AND 169047
	Index Scan using sbtest7_pkey on sbtest7  (cost=0.43..390.35 rows=101 width=121)
	  Index Cond: ((id >= 168948) AND (id <= 169047))

table 8 : explain SELECT c FROM sbtest8 WHERE id BETWEEN 9675908 AND 9676007
	Index Scan using sbtest8_pkey on sbtest8  (cost=0.43..392.73 rows=102 width=121)
	  Index Cond: ((id >= 9675908) AND (id <= 9676007))

explain: for inserts :: explain INSERT INTO sbtest%u (id, k, c, pad) VALUES (%u, 13, 'foobar', 'foobar')
for non_index_updates
table 1 : explain UPDATE sbtest1 SET c='foobar' WHERE id=4270814
	Update on sbtest1  (cost=0.43..8.45 rows=0 width=0)
	  ->  Index Scan using sbtest1_pkey on sbtest1  (cost=0.43..8.45 rows=1 width=490)
	        Index Cond: (id = 4270814)

table 2 : explain UPDATE sbtest2 SET c='foobar' WHERE id=4494337
	Update on sbtest2  (cost=0.43..8.45 rows=0 width=0)
	  ->  Index Scan using sbtest2_pkey on sbtest2  (cost=0.43..8.45 rows=1 width=490)
	        Index Cond: (id = 4494337)

table 3 : explain UPDATE sbtest3 SET c='foobar' WHERE id=7240033
	Update on sbtest3  (cost=0.43..8.45 rows=0 width=0)
	  ->  Index Scan using sbtest3_pkey on sbtest3  (cost=0.43..8.45 rows=1 width=490)
	        Index Cond: (id = 7240033)

table 4 : explain UPDATE sbtest4 SET c='foobar' WHERE id=8581425
	Update on sbtest4  (cost=0.43..8.45 rows=0 width=0)
	  ->  Index Scan using sbtest4_pkey on sbtest4  (cost=0.43..8.45 rows=1 width=490)
	        Index Cond: (id = 8581425)

table 5 : explain UPDATE sbtest5 SET c='foobar' WHERE id=2976852
	Update on sbtest5  (cost=0.43..8.45 rows=0 width=0)
	  ->  Index Scan using sbtest5_pkey on sbtest5  (cost=0.43..8.45 rows=1 width=490)
	        Index Cond: (id = 2976852)

table 6 : explain UPDATE sbtest6 SET c='foobar' WHERE id=967902
	Update on sbtest6  (cost=0.43..8.45 rows=0 width=0)
	  ->  Index Scan using sbtest6_pkey on sbtest6  (cost=0.43..8.45 rows=1 width=490)
	        Index Cond: (id = 967902)

table 7 : explain UPDATE sbtest7 SET c='foobar' WHERE id=4240804
	Update on sbtest7  (cost=0.43..8.45 rows=0 width=0)
	  ->  Index Scan using sbtest7_pkey on sbtest7  (cost=0.43..8.45 rows=1 width=490)
	        Index Cond: (id = 4240804)

table 8 : explain UPDATE sbtest8 SET c='foobar' WHERE id=1293159
	Update on sbtest8  (cost=0.43..8.45 rows=0 width=0)
	  ->  Index Scan using sbtest8_pkey on sbtest8  (cost=0.43..8.45 rows=1 width=490)
	        Index Cond: (id = 1293159)

explain: for inserts :: explain INSERT INTO sbtest%u (id, k, c, pad) VALUES (%u, 13, 'foobar', 'foobar')
explain: for non_index_updates :: explain UPDATE sbtest%u SET c='foobar' WHERE id=%u
for: order_ranges
table 1 : explain SELECT c FROM sbtest1 WHERE id BETWEEN 1587096 AND 1587195 ORDER BY c
	Sort  (cost=379.41..379.66 rows=98 width=121)
	  Sort Key: c
	  ->  Index Scan using sbtest1_pkey on sbtest1  (cost=0.43..376.17 rows=98 width=121)
	        Index Cond: ((id >= 1587096) AND (id <= 1587195))

table 2 : explain SELECT c FROM sbtest2 WHERE id BETWEEN 2979150 AND 2979249 ORDER BY c
	Sort  (cost=388.17..388.42 rows=100 width=121)
	  Sort Key: c
	  ->  Index Scan using sbtest2_pkey on sbtest2  (cost=0.43..384.84 rows=100 width=121)
	        Index Cond: ((id >= 2979150) AND (id <= 2979249))

table 3 : explain SELECT c FROM sbtest3 WHERE id BETWEEN 5746460 AND 5746559 ORDER BY c
	Sort  (cost=369.43..369.67 rows=95 width=121)
	  Sort Key: c
	  ->  Index Scan using sbtest3_pkey on sbtest3  (cost=0.43..366.31 rows=95 width=121)
	        Index Cond: ((id >= 5746460) AND (id <= 5746559))

table 4 : explain SELECT c FROM sbtest4 WHERE id BETWEEN 1951521 AND 1951620 ORDER BY c
	Sort  (cost=357.31..357.54 rows=92 width=121)
	  Sort Key: c
	  ->  Index Scan using sbtest4_pkey on sbtest4  (cost=0.43..354.31 rows=92 width=121)
	        Index Cond: ((id >= 1951521) AND (id <= 1951620))

table 5 : explain SELECT c FROM sbtest5 WHERE id BETWEEN 7597874 AND 7597973 ORDER BY c
	Sort  (cost=368.85..369.09 rows=95 width=121)
	  Sort Key: c
	  ->  Index Scan using sbtest5_pkey on sbtest5  (cost=0.43..365.73 rows=95 width=121)
	        Index Cond: ((id >= 7597874) AND (id <= 7597973))

table 6 : explain SELECT c FROM sbtest6 WHERE id BETWEEN 3013175 AND 3013274 ORDER BY c
	Sort  (cost=423.39..423.67 rows=109 width=121)
	  Sort Key: c
	  ->  Index Scan using sbtest6_pkey on sbtest6  (cost=0.43..419.70 rows=109 width=121)
	        Index Cond: ((id >= 3013175) AND (id <= 3013274))

table 7 : explain SELECT c FROM sbtest7 WHERE id BETWEEN 8056303 AND 8056402 ORDER BY c
	Sort  (cost=386.00..386.25 rows=99 width=121)
	  Sort Key: c
	  ->  Index Scan using sbtest7_pkey on sbtest7  (cost=0.43..382.72 rows=99 width=121)
	        Index Cond: ((id >= 8056303) AND (id <= 8056402))

table 8 : explain SELECT c FROM sbtest8 WHERE id BETWEEN 3074686 AND 3074785 ORDER BY c
	Sort  (cost=392.29..392.54 rows=101 width=121)
	  Sort Key: c
	  ->  Index Scan using sbtest8_pkey on sbtest8  (cost=0.43..388.93 rows=101 width=121)
	        Index Cond: ((id >= 3074686) AND (id <= 3074785))

for inserts
table 1 : explain INSERT INTO sbtest1 (id, k, c, pad) VALUES (3923550, 13, 'foobar', 'foobar')
	Insert on sbtest1  (cost=0.00..0.01 rows=0 width=0)
	  ->  Result  (cost=0.00..0.01 rows=1 width=736)

table 2 : explain INSERT INTO sbtest2 (id, k, c, pad) VALUES (8202726, 13, 'foobar', 'foobar')
	Insert on sbtest2  (cost=0.00..0.01 rows=0 width=0)
	  ->  Result  (cost=0.00..0.01 rows=1 width=736)

table 3 : explain INSERT INTO sbtest3 (id, k, c, pad) VALUES (3377928, 13, 'foobar', 'foobar')
	Insert on sbtest3  (cost=0.00..0.01 rows=0 width=0)
	  ->  Result  (cost=0.00..0.01 rows=1 width=736)

table 4 : explain INSERT INTO sbtest4 (id, k, c, pad) VALUES (6958590, 13, 'foobar', 'foobar')
	Insert on sbtest4  (cost=0.00..0.01 rows=0 width=0)
	  ->  Result  (cost=0.00..0.01 rows=1 width=736)

table 5 : explain INSERT INTO sbtest5 (id, k, c, pad) VALUES (8681422, 13, 'foobar', 'foobar')
	Insert on sbtest5  (cost=0.00..0.01 rows=0 width=0)
	  ->  Result  (cost=0.00..0.01 rows=1 width=736)

table 6 : explain INSERT INTO sbtest6 (id, k, c, pad) VALUES (1278463, 13, 'foobar', 'foobar')
	Insert on sbtest6  (cost=0.00..0.01 rows=0 width=0)
	  ->  Result  (cost=0.00..0.01 rows=1 width=736)

table 7 : explain INSERT INTO sbtest7 (id, k, c, pad) VALUES (201023, 13, 'foobar', 'foobar')
	Insert on sbtest7  (cost=0.00..0.01 rows=0 width=0)
	  ->  Result  (cost=0.00..0.01 rows=1 width=736)

table 8 : explain INSERT INTO sbtest8 (id, k, c, pad) VALUES (8121564, 13, 'foobar', 'foobar')
	Insert on sbtest8  (cost=0.00..0.01 rows=0 width=0)
	  ->  Result  (cost=0.00..0.01 rows=1 width=736)

for inserts
table 1 : explain INSERT INTO sbtest1 (id, k, c, pad) VALUES (6375086, 13, 'foobar', 'foobar')
	Insert on sbtest1  (cost=0.00..0.01 rows=0 width=0)
	  ->  Result  (cost=0.00..0.01 rows=1 width=736)

table 2 : explain INSERT INTO sbtest2 (id, k, c, pad) VALUES (9660855, 13, 'foobar', 'foobar')
	Insert on sbtest2  (cost=0.00..0.01 rows=0 width=0)
	  ->  Result  (cost=0.00..0.01 rows=1 width=736)

table 3 : explain INSERT INTO sbtest3 (id, k, c, pad) VALUES (336212, 13, 'foobar', 'foobar')
	Insert on sbtest3  (cost=0.00..0.01 rows=0 width=0)
	  ->  Result  (cost=0.00..0.01 rows=1 width=736)

table 4 : explain INSERT INTO sbtest4 (id, k, c, pad) VALUES (5182302, 13, 'foobar', 'foobar')
	Insert on sbtest4  (cost=0.00..0.01 rows=0 width=0)
	  ->  Result  (cost=0.00..0.01 rows=1 width=736)

table 5 : explain INSERT INTO sbtest5 (id, k, c, pad) VALUES (803420, 13, 'foobar', 'foobar')
	Insert on sbtest5  (cost=0.00..0.01 rows=0 width=0)
	  ->  Result  (cost=0.00..0.01 rows=1 width=736)

table 6 : explain INSERT INTO sbtest6 (id, k, c, pad) VALUES (7180816, 13, 'foobar', 'foobar')
	Insert on sbtest6  (cost=0.00..0.01 rows=0 width=0)
	  ->  Result  (cost=0.00..0.01 rows=1 width=736)

table 7 : explain INSERT INTO sbtest7 (id, k, c, pad) VALUES (649944, 13, 'foobar', 'foobar')
	Insert on sbtest7  (cost=0.00..0.01 rows=0 width=0)
	  ->  Result  (cost=0.00..0.01 rows=1 width=736)

table 8 : explain INSERT INTO sbtest8 (id, k, c, pad) VALUES (7946408, 13, 'foobar', 'foobar')
	Insert on sbtest8  (cost=0.00..0.01 rows=0 width=0)
	  ->  Result  (cost=0.00..0.01 rows=1 width=736)

for non_index_updates
table 1 : explain UPDATE sbtest1 SET c='foobar' WHERE id=7294357
	Update on sbtest1  (cost=0.43..8.45 rows=0 width=0)
	  ->  Index Scan using sbtest1_pkey on sbtest1  (cost=0.43..8.45 rows=1 width=490)
	        Index Cond: (id = 7294357)

table 2 : explain UPDATE sbtest2 SET c='foobar' WHERE id=2976244
	Update on sbtest2  (cost=0.43..8.45 rows=0 width=0)
	  ->  Index Scan using sbtest2_pkey on sbtest2  (cost=0.43..8.45 rows=1 width=490)
	        Index Cond: (id = 2976244)

table 3 : explain UPDATE sbtest3 SET c='foobar' WHERE id=9155960
	Update on sbtest3  (cost=0.43..8.45 rows=0 width=0)
	  ->  Index Scan using sbtest3_pkey on sbtest3  (cost=0.43..8.45 rows=1 width=490)
	        Index Cond: (id = 9155960)

table 4 : explain UPDATE sbtest4 SET c='foobar' WHERE id=8592095
	Update on sbtest4  (cost=0.43..8.45 rows=0 width=0)
	  ->  Index Scan using sbtest4_pkey on sbtest4  (cost=0.43..8.45 rows=1 width=490)
	        Index Cond: (id = 8592095)

table 5 : explain UPDATE sbtest5 SET c='foobar' WHERE id=6344902
	Update on sbtest5  (cost=0.43..8.45 rows=0 width=0)
	  ->  Index Scan using sbtest5_pkey on sbtest5  (cost=0.43..8.45 rows=1 width=490)
	        Index Cond: (id = 6344902)

table 6 : explain UPDATE sbtest6 SET c='foobar' WHERE id=317469
	Update on sbtest6  (cost=0.43..8.45 rows=0 width=0)
	  ->  Index Scan using sbtest6_pkey on sbtest6  (cost=0.43..8.45 rows=1 width=490)
	        Index Cond: (id = 317469)

table 7 : explain UPDATE sbtest7 SET c='foobar' WHERE id=2704181
	Update on sbtest7  (cost=0.43..8.45 rows=0 width=0)
	  ->  Index Scan using sbtest7_pkey on sbtest7  (cost=0.43..8.45 rows=1 width=490)
	        Index Cond: (id = 2704181)

table 8 : explain UPDATE sbtest8 SET c='foobar' WHERE id=3919980
	Update on sbtest8  (cost=0.43..8.45 rows=0 width=0)
	  ->  Index Scan using sbtest8_pkey on sbtest8  (cost=0.43..8.45 rows=1 width=490)
	        Index Cond: (id = 3919980)

explain: for deletes :: explain DELETE FROM sbtest%u WHERE id=%u
explain: for deletes :: explain DELETE FROM sbtest%u WHERE id=%u
explain: for index_updates :: explain UPDATE sbtest%u SET k=k+1 WHERE id=%u
for: sum_ranges
table 1 : explain SELECT SUM(k) FROM sbtest1 WHERE id BETWEEN 9651495 AND 9651594
	Aggregate  (cost=402.96..402.97 rows=1 width=8)
	  ->  Index Scan using sbtest1_pkey on sbtest1  (cost=0.43..402.69 rows=105 width=4)
	        Index Cond: ((id >= 9651495) AND (id <= 9651594))

table 2 : explain SELECT SUM(k) FROM sbtest2 WHERE id BETWEEN 6793060 AND 6793159
	Aggregate  (cost=392.70..392.71 rows=1 width=8)
	  ->  Index Scan using sbtest2_pkey on sbtest2  (cost=0.43..392.45 rows=102 width=4)
	        Index Cond: ((id >= 6793060) AND (id <= 6793159))

table 3 : explain SELECT SUM(k) FROM sbtest3 WHERE id BETWEEN 7151225 AND 7151324
	Aggregate  (cost=389.45..389.46 rows=1 width=8)
	  ->  Index Scan using sbtest3_pkey on sbtest3  (cost=0.43..389.20 rows=101 width=4)
	        Index Cond: ((id >= 7151225) AND (id <= 7151324))

table 4 : explain SELECT SUM(k) FROM sbtest4 WHERE id BETWEEN 9980772 AND 9980871
	Aggregate  (cost=381.21..381.22 rows=1 width=8)
	  ->  Index Scan using sbtest4_pkey on sbtest4  (cost=0.43..380.96 rows=99 width=4)
	        Index Cond: ((id >= 9980772) AND (id <= 9980871))

table 5 : explain SELECT SUM(k) FROM sbtest5 WHERE id BETWEEN 2027394 AND 2027493
	Aggregate  (cost=365.96..365.97 rows=1 width=8)
	  ->  Index Scan using sbtest5_pkey on sbtest5  (cost=0.43..365.73 rows=95 width=4)
	        Index Cond: ((id >= 2027394) AND (id <= 2027493))

table 6 : explain SELECT SUM(k) FROM sbtest6 WHERE id BETWEEN 5702348 AND 5702447
	Aggregate  (cost=381.89..381.90 rows=1 width=8)
	  ->  Index Scan using sbtest6_pkey on sbtest6  (cost=0.43..381.64 rows=99 width=4)
	        Index Cond: ((id >= 5702348) AND (id <= 5702447))

table 7 : explain SELECT SUM(k) FROM sbtest7 WHERE id BETWEEN 1373283 AND 1373382
	Aggregate  (cost=398.25..398.26 rows=1 width=8)
	  ->  Index Scan using sbtest7_pkey on sbtest7  (cost=0.43..397.99 rows=103 width=4)
	        Index Cond: ((id >= 1373283) AND (id <= 1373382))

table 8 : explain SELECT SUM(k) FROM sbtest8 WHERE id BETWEEN 4466138 AND 4466237
	Aggregate  (cost=362.48..362.49 rows=1 width=8)
	  ->  Index Scan using sbtest8_pkey on sbtest8  (cost=0.43..362.25 rows=94 width=4)
	        Index Cond: ((id >= 4466138) AND (id <= 4466237))

for: sum_ranges
table 1 : explain SELECT SUM(k) FROM sbtest1 WHERE id BETWEEN 4220552 AND 4220651
	Aggregate  (cost=368.83..368.84 rows=1 width=8)
	  ->  Index Scan using sbtest1_pkey on sbtest1  (cost=0.43..368.59 rows=96 width=4)
	        Index Cond: ((id >= 4220552) AND (id <= 4220651))

table 2 : explain SELECT SUM(k) FROM sbtest2 WHERE id BETWEEN 7559238 AND 7559337
	Aggregate  (cost=396.50..396.51 rows=1 width=8)
	  ->  Index Scan using sbtest2_pkey on sbtest2  (cost=0.43..396.25 rows=103 width=4)
	        Index Cond: ((id >= 7559238) AND (id <= 7559337))

table 3 : explain SELECT SUM(k) FROM sbtest3 WHERE id BETWEEN 5160314 AND 5160413
	Aggregate  (cost=374.22..374.23 rows=1 width=8)
	  ->  Index Scan using sbtest3_pkey on sbtest3  (cost=0.43..373.98 rows=97 width=4)
	        Index Cond: ((id >= 5160314) AND (id <= 5160413))

table 4 : explain SELECT SUM(k) FROM sbtest4 WHERE id BETWEEN 1930261 AND 1930360
	Aggregate  (cost=354.54..354.55 rows=1 width=8)
	  ->  Index Scan using sbtest4_pkey on sbtest4  (cost=0.43..354.31 rows=92 width=4)
	        Index Cond: ((id >= 1930261) AND (id <= 1930360))

table 5 : explain SELECT SUM(k) FROM sbtest5 WHERE id BETWEEN 127619 AND 127718
	Aggregate  (cost=350.70..350.71 rows=1 width=8)
	  ->  Index Scan using sbtest5_pkey on sbtest5  (cost=0.43..350.48 rows=91 width=4)
	        Index Cond: ((id >= 127619) AND (id <= 127718))

table 6 : explain SELECT SUM(k) FROM sbtest6 WHERE id BETWEEN 7251628 AND 7251727
	Aggregate  (cost=381.89..381.90 rows=1 width=8)
	  ->  Index Scan using sbtest6_pkey on sbtest6  (cost=0.43..381.64 rows=99 width=4)
	        Index Cond: ((id >= 7251628) AND (id <= 7251727))

table 7 : explain SELECT SUM(k) FROM sbtest7 WHERE id BETWEEN 2078224 AND 2078323
	Aggregate  (cost=413.53..413.54 rows=1 width=8)
	  ->  Index Scan using sbtest7_pkey on sbtest7  (cost=0.43..413.26 rows=107 width=4)
	        Index Cond: ((id >= 2078224) AND (id <= 2078323))

table 8 : explain SELECT SUM(k) FROM sbtest8 WHERE id BETWEEN 9170084 AND 9170183
	Aggregate  (cost=389.18..389.19 rows=1 width=8)
	  ->  Index Scan using sbtest8_pkey on sbtest8  (cost=0.43..388.93 rows=101 width=4)
	        Index Cond: ((id >= 9170084) AND (id <= 9170183))

for deletes
table 1 : explain DELETE FROM sbtest1 WHERE id=5222380
	Delete on sbtest1  (cost=0.43..8.45 rows=0 width=0)
	  ->  Index Scan using sbtest1_pkey on sbtest1  (cost=0.43..8.45 rows=1 width=6)
	        Index Cond: (id = 5222380)

table 2 : explain DELETE FROM sbtest2 WHERE id=6829399
	Delete on sbtest2  (cost=0.43..8.45 rows=0 width=0)
	  ->  Index Scan using sbtest2_pkey on sbtest2  (cost=0.43..8.45 rows=1 width=6)
	        Index Cond: (id = 6829399)

table 3 : explain DELETE FROM sbtest3 WHERE id=1224334
	Delete on sbtest3  (cost=0.43..8.45 rows=0 width=0)
	  ->  Index Scan using sbtest3_pkey on sbtest3  (cost=0.43..8.45 rows=1 width=6)
	        Index Cond: (id = 1224334)

table 4 : explain DELETE FROM sbtest4 WHERE id=1709800
	Delete on sbtest4  (cost=0.43..8.45 rows=0 width=0)
	  ->  Index Scan using sbtest4_pkey on sbtest4  (cost=0.43..8.45 rows=1 width=6)
	        Index Cond: (id = 1709800)

table 5 : explain DELETE FROM sbtest5 WHERE id=1682023
	Delete on sbtest5  (cost=0.43..8.45 rows=0 width=0)
	  ->  Index Scan using sbtest5_pkey on sbtest5  (cost=0.43..8.45 rows=1 width=6)
	        Index Cond: (id = 1682023)

table 6 : explain DELETE FROM sbtest6 WHERE id=4159597
	Delete on sbtest6  (cost=0.43..8.45 rows=0 width=0)
	  ->  Index Scan using sbtest6_pkey on sbtest6  (cost=0.43..8.45 rows=1 width=6)
	        Index Cond: (id = 4159597)

table 7 : explain DELETE FROM sbtest7 WHERE id=7995909
	Delete on sbtest7  (cost=0.43..8.45 rows=0 width=0)
	  ->  Index Scan using sbtest7_pkey on sbtest7  (cost=0.43..8.45 rows=1 width=6)
	        Index Cond: (id = 7995909)

table 8 : explain DELETE FROM sbtest8 WHERE id=2743280
	Delete on sbtest8  (cost=0.43..8.45 rows=0 width=0)
	  ->  Index Scan using sbtest8_pkey on sbtest8  (cost=0.43..8.45 rows=1 width=6)
	        Index Cond: (id = 2743280)

for: distinct_ranges
table 1 : explain SELECT DISTINCT c FROM sbtest1 WHERE id BETWEEN 8278815 AND 8278914 ORDER BY c
	Unique  (cost=375.58..376.07 rows=97 width=121)
	  ->  Sort  (cost=375.58..375.83 rows=97 width=121)
	        Sort Key: c
	        ->  Index Scan using sbtest1_pkey on sbtest1  (cost=0.43..372.38 rows=97 width=121)
	              Index Cond: ((id >= 8278815) AND (id <= 8278914))

table 2 : explain SELECT DISTINCT c FROM sbtest2 WHERE id BETWEEN 3146093 AND 3146192 ORDER BY c
	Unique  (cost=372.80..373.28 rows=96 width=121)
	  ->  Sort  (cost=372.80..373.04 rows=96 width=121)
	        Sort Key: c
	        ->  Index Scan using sbtest2_pkey on sbtest2  (cost=0.43..369.64 rows=96 width=121)
	              Index Cond: ((id >= 3146093) AND (id <= 3146192))

table 3 : explain SELECT DISTINCT c FROM sbtest3 WHERE id BETWEEN 8454410 AND 8454509 ORDER BY c
	Unique  (cost=388.72..389.22 rows=100 width=121)
	  ->  Sort  (cost=388.72..388.97 rows=100 width=121)
	        Sort Key: c
	        ->  Index Scan using sbtest3_pkey on sbtest3  (cost=0.43..385.40 rows=100 width=121)
	              Index Cond: ((id >= 8454410) AND (id <= 8454509))

table 4 : explain SELECT DISTINCT c FROM sbtest4 WHERE id BETWEEN 5474064 AND 5474163 ORDER BY c
	Unique  (cost=391.92..392.43 rows=101 width=121)
	  ->  Sort  (cost=391.92..392.18 rows=101 width=121)
	        Sort Key: c
	        ->  Index Scan using sbtest4_pkey on sbtest4  (cost=0.43..388.56 rows=101 width=121)
	              Index Cond: ((id >= 5474064) AND (id <= 5474163))

table 5 : explain SELECT DISTINCT c FROM sbtest5 WHERE id BETWEEN 2809197 AND 2809296 ORDER BY c
	Unique  (cost=388.04..388.54 rows=100 width=121)
	  ->  Sort  (cost=388.04..388.29 rows=100 width=121)
	        Sort Key: c
	        ->  Index Scan using sbtest5_pkey on sbtest5  (cost=0.43..384.72 rows=100 width=121)
	              Index Cond: ((id >= 2809197) AND (id <= 2809296))

table 6 : explain SELECT DISTINCT c FROM sbtest6 WHERE id BETWEEN 2769578 AND 2769677 ORDER BY c
	Unique  (cost=373.38..373.86 rows=96 width=121)
	  ->  Sort  (cost=373.38..373.62 rows=96 width=121)
	        Sort Key: c
	        ->  Index Scan using sbtest6_pkey on sbtest6  (cost=0.43..370.22 rows=96 width=121)
	              Index Cond: ((id >= 2769578) AND (id <= 2769677))

table 7 : explain SELECT DISTINCT c FROM sbtest7 WHERE id BETWEEN 8516487 AND 8516586 ORDER BY c
	Unique  (cost=397.57..398.08 rows=102 width=121)
	  ->  Sort  (cost=397.57..397.83 rows=102 width=121)
	        Sort Key: c
	        ->  Index Scan using sbtest7_pkey on sbtest7  (cost=0.43..394.17 rows=102 width=121)
	              Index Cond: ((id >= 8516487) AND (id <= 8516586))

table 8 : explain SELECT DISTINCT c FROM sbtest8 WHERE id BETWEEN 5464348 AND 5464447 ORDER BY c
	Unique  (cost=388.44..388.94 rows=100 width=121)
	  ->  Sort  (cost=388.44..388.69 rows=100 width=121)
	        Sort Key: c
	        ->  Index Scan using sbtest8_pkey on sbtest8  (cost=0.43..385.12 rows=100 width=121)
	              Index Cond: ((id >= 5464348) AND (id <= 5464447))

for: sum_ranges
table 1 : explain SELECT SUM(k) FROM sbtest1 WHERE id BETWEEN 8896184 AND 8896283
	Aggregate  (cost=410.54..410.55 rows=1 width=8)
	  ->  Index Scan using sbtest1_pkey on sbtest1  (cost=0.43..410.27 rows=107 width=4)
	        Index Cond: ((id >= 8896184) AND (id <= 8896283))

table 2 : explain SELECT SUM(k) FROM sbtest2 WHERE id BETWEEN 1909319 AND 1909418
	Aggregate  (cost=381.29..381.30 rows=1 width=8)
	  ->  Index Scan using sbtest2_pkey on sbtest2  (cost=0.43..381.04 rows=99 width=4)
	        Index Cond: ((id >= 1909319) AND (id <= 1909418))

table 3 : explain SELECT SUM(k) FROM sbtest3 WHERE id BETWEEN 2193410 AND 2193509
	Aggregate  (cost=355.13..355.14 rows=1 width=8)
	  ->  Index Scan using sbtest3_pkey on sbtest3  (cost=0.43..354.90 rows=92 width=4)
	        Index Cond: ((id >= 2193410) AND (id <= 2193509))

table 4 : explain SELECT SUM(k) FROM sbtest4 WHERE id BETWEEN 6070714 AND 6070813
	Aggregate  (cost=350.74..350.75 rows=1 width=8)
	  ->  Index Scan using sbtest4_pkey on sbtest4  (cost=0.43..350.51 rows=91 width=4)
	        Index Cond: ((id >= 6070714) AND (id <= 6070813))

table 5 : explain SELECT SUM(k) FROM sbtest5 WHERE id BETWEEN 4716357 AND 4716456
	Aggregate  (cost=384.97..384.98 rows=1 width=8)
	  ->  Index Scan using sbtest5_pkey on sbtest5  (cost=0.43..384.72 rows=100 width=4)
	        Index Cond: ((id >= 4716357) AND (id <= 4716456))

table 6 : explain SELECT SUM(k) FROM sbtest6 WHERE id BETWEEN 3494718 AND 3494817
	Aggregate  (cost=385.70..385.71 rows=1 width=8)
	  ->  Index Scan using sbtest6_pkey on sbtest6  (cost=0.43..385.45 rows=100 width=4)
	        Index Cond: ((id >= 3494718) AND (id <= 3494817))

table 7 : explain SELECT SUM(k) FROM sbtest7 WHERE id BETWEEN 5553275 AND 5553374
	Aggregate  (cost=432.62..432.63 rows=1 width=8)
	  ->  Index Scan using sbtest7_pkey on sbtest7  (cost=0.43..432.34 rows=112 width=4)
	        Index Cond: ((id >= 5553275) AND (id <= 5553374))

table 8 : explain SELECT SUM(k) FROM sbtest8 WHERE id BETWEEN 926634 AND 926733
	Aggregate  (cost=377.76..377.77 rows=1 width=8)
	  ->  Index Scan using sbtest8_pkey on sbtest8  (cost=0.43..377.52 rows=98 width=4)
	        Index Cond: ((id >= 926634) AND (id <= 926733))

for: sum_ranges
table 1 : explain SELECT SUM(k) FROM sbtest1 WHERE id BETWEEN 1102251 AND 1102350
	Aggregate  (cost=387.79..387.80 rows=1 width=8)
	  ->  Index Scan using sbtest1_pkey on sbtest1  (cost=0.43..387.54 rows=101 width=4)
	        Index Cond: ((id >= 1102251) AND (id <= 1102350))

table 2 : explain SELECT SUM(k) FROM sbtest2 WHERE id BETWEEN 5222304 AND 5222403
	Aggregate  (cost=381.29..381.30 rows=1 width=8)
	  ->  Index Scan using sbtest2_pkey on sbtest2  (cost=0.43..381.04 rows=99 width=4)
	        Index Cond: ((id >= 5222304) AND (id <= 5222403))

table 3 : explain SELECT SUM(k) FROM sbtest3 WHERE id BETWEEN 5169532 AND 5169631
	Aggregate  (cost=374.22..374.23 rows=1 width=8)
	  ->  Index Scan using sbtest3_pkey on sbtest3  (cost=0.43..373.98 rows=97 width=4)
	        Index Cond: ((id >= 5169532) AND (id <= 5169631))

table 4 : explain SELECT SUM(k) FROM sbtest4 WHERE id BETWEEN 5833395 AND 5833494
	Aggregate  (cost=426.83..426.84 rows=1 width=8)
	  ->  Index Scan using sbtest4_pkey on sbtest4  (cost=0.43..426.56 rows=111 width=4)
	        Index Cond: ((id >= 5833395) AND (id <= 5833494))

table 5 : explain SELECT SUM(k) FROM sbtest5 WHERE id BETWEEN 993321 AND 993420
	Aggregate  (cost=396.38..396.39 rows=1 width=8)
	  ->  Index Scan using sbtest5_pkey on sbtest5  (cost=0.43..396.12 rows=103 width=4)
	        Index Cond: ((id >= 993321) AND (id <= 993420))

table 6 : explain SELECT SUM(k) FROM sbtest6 WHERE id BETWEEN 4223274 AND 4223373
	Aggregate  (cost=416.17..416.18 rows=1 width=8)
	  ->  Index Scan using sbtest6_pkey on sbtest6  (cost=0.43..415.90 rows=108 width=4)
	        Index Cond: ((id >= 4223274) AND (id <= 4223373))

table 7 : explain SELECT SUM(k) FROM sbtest7 WHERE id BETWEEN 9161514 AND 9161613
	Aggregate  (cost=352.36..352.37 rows=1 width=8)
	  ->  Index Scan using sbtest7_pkey on sbtest7  (cost=0.43..352.13 rows=91 width=4)
	        Index Cond: ((id >= 9161514) AND (id <= 9161613))

table 8 : explain SELECT SUM(k) FROM sbtest8 WHERE id BETWEEN 7478409 AND 7478508
	Aggregate  (cost=377.76..377.77 rows=1 width=8)
	  ->  Index Scan using sbtest8_pkey on sbtest8  (cost=0.43..377.52 rows=98 width=4)
	        Index Cond: ((id >= 7478409) AND (id <= 7478508))

explain: for index_updates :: explain UPDATE sbtest%u SET k=k+1 WHERE id=%u
for: distinct_ranges
table 1 : explain SELECT DISTINCT c FROM sbtest1 WHERE id BETWEEN 2315917 AND 2316016 ORDER BY c
	Unique  (cost=356.38..356.84 rows=92 width=121)
	  ->  Sort  (cost=356.38..356.61 rows=92 width=121)
	        Sort Key: c
	        ->  Index Scan using sbtest1_pkey on sbtest1  (cost=0.43..353.38 rows=92 width=121)
	              Index Cond: ((id >= 2315917) AND (id <= 2316016))

table 2 : explain SELECT DISTINCT c FROM sbtest2 WHERE id BETWEEN 8951405 AND 8951504 ORDER BY c
	Unique  (cost=403.53..404.05 rows=104 width=121)
	  ->  Sort  (cost=403.53..403.79 rows=104 width=121)
	        Sort Key: c
	        ->  Index Scan using sbtest2_pkey on sbtest2  (cost=0.43..400.05 rows=104 width=121)
	              Index Cond: ((id >= 8951405) AND (id <= 8951504))

table 3 : explain SELECT DISTINCT c FROM sbtest3 WHERE id BETWEEN 8690829 AND 8690928 ORDER BY c
	Unique  (cost=361.74..362.21 rows=93 width=121)
	  ->  Sort  (cost=361.74..361.98 rows=93 width=121)
	        Sort Key: c
	        ->  Index Scan using sbtest3_pkey on sbtest3  (cost=0.43..358.70 rows=93 width=121)
	              Index Cond: ((id >= 8690829) AND (id <= 8690928))

table 4 : explain SELECT DISTINCT c FROM sbtest4 WHERE id BETWEEN 8392646 AND 8392745 ORDER BY c
	Unique  (cost=407.28..407.81 rows=105 width=121)
	  ->  Sort  (cost=407.28..407.55 rows=105 width=121)
	        Sort Key: c
	        ->  Index Scan using sbtest4_pkey on sbtest4  (cost=0.43..403.76 rows=105 width=121)
	              Index Cond: ((id >= 8392646) AND (id <= 8392745))

table 5 : explain SELECT DISTINCT c FROM sbtest5 WHERE id BETWEEN 4677630 AND 4677729 ORDER BY c
	Unique  (cost=399.56..400.08 rows=103 width=121)
	  ->  Sort  (cost=399.56..399.82 rows=103 width=121)
	        Sort Key: c
	        ->  Index Scan using sbtest5_pkey on sbtest5  (cost=0.43..396.12 rows=103 width=121)
	              Index Cond: ((id >= 4677630) AND (id <= 4677729))

table 6 : explain SELECT DISTINCT c FROM sbtest6 WHERE id BETWEEN 2550372 AND 2550471 ORDER BY c
	Unique  (cost=438.78..439.35 rows=113 width=121)
	  ->  Sort  (cost=438.78..439.07 rows=113 width=121)
	        Sort Key: c
	        ->  Index Scan using sbtest6_pkey on sbtest6  (cost=0.43..434.93 rows=113 width=121)
	              Index Cond: ((id >= 2550372) AND (id <= 2550471))

table 7 : explain SELECT DISTINCT c FROM sbtest7 WHERE id BETWEEN 6372023 AND 6372122 ORDER BY c
	Unique  (cost=328.09..328.51 rows=84 width=121)
	  ->  Sort  (cost=328.09..328.30 rows=84 width=121)
	        Sort Key: c
	        ->  Index Scan using sbtest7_pkey on sbtest7  (cost=0.43..325.41 rows=84 width=121)
	              Index Cond: ((id >= 6372023) AND (id <= 6372122))

table 8 : explain SELECT DISTINCT c FROM sbtest8 WHERE id BETWEEN 3326124 AND 3326223 ORDER BY c
	Unique  (cost=384.60..385.10 rows=99 width=121)
	  ->  Sort  (cost=384.60..384.85 rows=99 width=121)
	        Sort Key: c
	        ->  Index Scan using sbtest8_pkey on sbtest8  (cost=0.43..381.32 rows=99 width=121)
	              Index Cond: ((id >= 3326124) AND (id <= 3326223))

explain: for point_selects :: explain SELECT c FROM sbtest%u WHERE id=%u
explain: for index_updates :: explain UPDATE sbtest%u SET k=k+1 WHERE id=%u
for: distinct_ranges
table 1 : explain SELECT DISTINCT c FROM sbtest1 WHERE id BETWEEN 9672648 AND 9672747 ORDER BY c
	Unique  (cost=406.22..406.74 rows=105 width=121)
	  ->  Sort  (cost=406.22..406.48 rows=105 width=121)
	        Sort Key: c
	        ->  Index Scan using sbtest1_pkey on sbtest1  (cost=0.43..402.69 rows=105 width=121)
	              Index Cond: ((id >= 9672648) AND (id <= 9672747))

table 2 : explain SELECT DISTINCT c FROM sbtest2 WHERE id BETWEEN 4885484 AND 4885583 ORDER BY c
	Unique  (cost=418.89..419.43 rows=108 width=121)
	  ->  Sort  (cost=418.89..419.16 rows=108 width=121)
	        Sort Key: c
	        ->  Index Scan using sbtest2_pkey on sbtest2  (cost=0.43..415.25 rows=108 width=121)
	              Index Cond: ((id >= 4885484) AND (id <= 4885583))

table 3 : explain SELECT DISTINCT c FROM sbtest3 WHERE id BETWEEN 8211928 AND 8212027 ORDER BY c
	Unique  (cost=392.56..393.07 rows=101 width=121)
	  ->  Sort  (cost=392.56..392.82 rows=101 width=121)
	        Sort Key: c
	        ->  Index Scan using sbtest3_pkey on sbtest3  (cost=0.43..389.20 rows=101 width=121)
	              Index Cond: ((id >= 8211928) AND (id <= 8212027))

table 4 : explain SELECT DISTINCT c FROM sbtest4 WHERE id BETWEEN 344546 AND 344645 ORDER BY c
	Unique  (cost=361.15..361.62 rows=93 width=121)
	  ->  Sort  (cost=361.15..361.38 rows=93 width=121)
	        Sort Key: c
	        ->  Index Scan using sbtest4_pkey on sbtest4  (cost=0.43..358.11 rows=93 width=121)
	              Index Cond: ((id >= 344546) AND (id <= 344645))

table 5 : explain SELECT DISTINCT c FROM sbtest5 WHERE id BETWEEN 9537003 AND 9537102 ORDER BY c
	Unique  (cost=399.56..400.08 rows=103 width=121)
	  ->  Sort  (cost=399.56..399.82 rows=103 width=121)
	        Sort Key: c
	        ->  Index Scan using sbtest5_pkey on sbtest5  (cost=0.43..396.12 rows=103 width=121)
	              Index Cond: ((id >= 9537003) AND (id <= 9537102))

table 6 : explain SELECT DISTINCT c FROM sbtest6 WHERE id BETWEEN 5304899 AND 5304998 ORDER BY c
	Unique  (cost=384.92..385.42 rows=99 width=121)
	  ->  Sort  (cost=384.92..385.17 rows=99 width=121)
	        Sort Key: c
	        ->  Index Scan using sbtest6_pkey on sbtest6  (cost=0.43..381.64 rows=99 width=121)
	              Index Cond: ((id >= 5304899) AND (id <= 5304998))

table 7 : explain SELECT DISTINCT c FROM sbtest7 WHERE id BETWEEN 2226613 AND 2226712 ORDER BY c
	Unique  (cost=397.57..398.08 rows=102 width=121)
	  ->  Sort  (cost=397.57..397.83 rows=102 width=121)
	        Sort Key: c
	        ->  Index Scan using sbtest7_pkey on sbtest7  (cost=0.43..394.17 rows=102 width=121)
	              Index Cond: ((id >= 2226613) AND (id <= 2226712))

table 8 : explain SELECT DISTINCT c FROM sbtest8 WHERE id BETWEEN 6466552 AND 6466651 ORDER BY c
	Unique  (cost=376.91..377.40 rows=97 width=121)
	  ->  Sort  (cost=376.91..377.16 rows=97 width=121)
	        Sort Key: c
	        ->  Index Scan using sbtest8_pkey on sbtest8  (cost=0.43..373.71 rows=97 width=121)
	              Index Cond: ((id >= 6466552) AND (id <= 6466651))

explain: for inserts :: explain INSERT INTO sbtest%u (id, k, c, pad) VALUES (%u, 13, 'foobar', 'foobar')
explain: for index_updates :: explain UPDATE sbtest%u SET k=k+1 WHERE id=%u
for inserts
table 1 : explain INSERT INTO sbtest1 (id, k, c, pad) VALUES (4460524, 13, 'foobar', 'foobar')
	Insert on sbtest1  (cost=0.00..0.01 rows=0 width=0)
	  ->  Result  (cost=0.00..0.01 rows=1 width=736)

table 2 : explain INSERT INTO sbtest2 (id, k, c, pad) VALUES (1438255, 13, 'foobar', 'foobar')
	Insert on sbtest2  (cost=0.00..0.01 rows=0 width=0)
	  ->  Result  (cost=0.00..0.01 rows=1 width=736)

table 3 : explain INSERT INTO sbtest3 (id, k, c, pad) VALUES (3697027, 13, 'foobar', 'foobar')
	Insert on sbtest3  (cost=0.00..0.01 rows=0 width=0)
	  ->  Result  (cost=0.00..0.01 rows=1 width=736)

table 4 : explain INSERT INTO sbtest4 (id, k, c, pad) VALUES (9534242, 13, 'foobar', 'foobar')
	Insert on sbtest4  (cost=0.00..0.01 rows=0 width=0)
	  ->  Result  (cost=0.00..0.01 rows=1 width=736)

table 5 : explain INSERT INTO sbtest5 (id, k, c, pad) VALUES (1112501, 13, 'foobar', 'foobar')
	Insert on sbtest5  (cost=0.00..0.01 rows=0 width=0)
	  ->  Result  (cost=0.00..0.01 rows=1 width=736)

table 6 : explain INSERT INTO sbtest6 (id, k, c, pad) VALUES (7610042, 13, 'foobar', 'foobar')
	Insert on sbtest6  (cost=0.00..0.01 rows=0 width=0)
	  ->  Result  (cost=0.00..0.01 rows=1 width=736)

table 7 : explain INSERT INTO sbtest7 (id, k, c, pad) VALUES (680527, 13, 'foobar', 'foobar')
	Insert on sbtest7  (cost=0.00..0.01 rows=0 width=0)
	  ->  Result  (cost=0.00..0.01 rows=1 width=736)

table 8 : explain INSERT INTO sbtest8 (id, k, c, pad) VALUES (4920488, 13, 'foobar', 'foobar')
	Insert on sbtest8  (cost=0.00..0.01 rows=0 width=0)
	  ->  Result  (cost=0.00..0.01 rows=1 width=736)
for: order_ranges
table 1 : explain SELECT c FROM sbtest1 WHERE id BETWEEN 6556676 AND 6556775 ORDER BY c
	Sort  (cost=406.22..406.48 rows=105 width=121)
	  Sort Key: c
	  ->  Index Scan using sbtest1_pkey on sbtest1  (cost=0.43..402.69 rows=105 width=121)
	        Index Cond: ((id >= 6556676) AND (id <= 6556775))

table 2 : explain SELECT c FROM sbtest2 WHERE id BETWEEN 2430970 AND 2431069 ORDER BY c
	Sort  (cost=372.80..373.04 rows=96 width=121)
	  Sort Key: c
	  ->  Index Scan using sbtest2_pkey on sbtest2  (cost=0.43..369.64 rows=96 width=121)
	        Index Cond: ((id >= 2430970) AND (id <= 2431069))

table 3 : explain SELECT c FROM sbtest3 WHERE id BETWEEN 2847602 AND 2847701 ORDER BY c
	Sort  (cost=446.42..446.71 rows=115 width=121)
	  Sort Key: c
	  ->  Index Scan using sbtest3_pkey on sbtest3  (cost=0.43..442.48 rows=115 width=121)
	        Index Cond: ((id >= 2847602) AND (id <= 2847701))

table 4 : explain SELECT c FROM sbtest4 WHERE id BETWEEN 4058781 AND 4058880 ORDER BY c
	Sort  (cost=399.60..399.86 rows=103 width=121)
	  Sort Key: c
	  ->  Index Scan using sbtest4_pkey on sbtest4  (cost=0.43..396.16 rows=103 width=121)
	        Index Cond: ((id >= 4058781) AND (id <= 4058880))

table 5 : explain SELECT c FROM sbtest5 WHERE id BETWEEN 1407142 AND 1407241 ORDER BY c
	Sort  (cost=365.01..365.24 rows=94 width=121)
	  Sort Key: c
	  ->  Index Scan using sbtest5_pkey on sbtest5  (cost=0.43..361.93 rows=94 width=121)
	        Index Cond: ((id >= 1407142) AND (id <= 1407241))

table 6 : explain SELECT c FROM sbtest6 WHERE id BETWEEN 851051 AND 851150 ORDER BY c
	Sort  (cost=388.77..389.02 rows=100 width=121)
	  Sort Key: c
	  ->  Index Scan using sbtest6_pkey on sbtest6  (cost=0.43..385.45 rows=100 width=121)
	        Index Cond: ((id >= 851051) AND (id <= 851150))

table 7 : explain SELECT c FROM sbtest7 WHERE id BETWEEN 2102183 AND 2102282 ORDER BY c
	Sort  (cost=386.00..386.25 rows=99 width=121)
	  Sort Key: c
	  ->  Index Scan using sbtest7_pkey on sbtest7  (cost=0.43..382.72 rows=99 width=121)
	        Index Cond: ((id >= 2102183) AND (id <= 2102282))

table 8 : explain SELECT c FROM sbtest8 WHERE id BETWEEN 7579665 AND 7579764 ORDER BY c
	Sort  (cost=380.76..381.00 rows=98 width=121)
	  Sort Key: c
	  ->  Index Scan using sbtest8_pkey on sbtest8  (cost=0.43..377.52 rows=98 width=121)
	        Index Cond: ((id >= 7579665) AND (id <= 7579764))


for index_updates
table 1 : explain UPDATE sbtest1 SET k=k+1 WHERE id=2284851
	Update on sbtest1  (cost=0.43..8.46 rows=0 width=0)
	  ->  Index Scan using sbtest1_pkey on sbtest1  (cost=0.43..8.46 rows=1 width=10)
	        Index Cond: (id = 2284851)

table 2 : explain UPDATE sbtest2 SET k=k+1 WHERE id=6198522
	Update on sbtest2  (cost=0.43..8.46 rows=0 width=0)
	  ->  Index Scan using sbtest2_pkey on sbtest2  (cost=0.43..8.46 rows=1 width=10)
	        Index Cond: (id = 6198522)

table 3 : explain UPDATE sbtest3 SET k=k+1 WHERE id=7792032
	Update on sbtest3  (cost=0.43..8.46 rows=0 width=0)
	  ->  Index Scan using sbtest3_pkey on sbtest3  (cost=0.43..8.46 rows=1 width=10)
	        Index Cond: (id = 7792032)

table 4 : explain UPDATE sbtest4 SET k=k+1 WHERE id=5716186
	Update on sbtest4  (cost=0.43..8.46 rows=0 width=0)
	  ->  Index Scan using sbtest4_pkey on sbtest4  (cost=0.43..8.46 rows=1 width=10)
	        Index Cond: (id = 5716186)

table 5 : explain UPDATE sbtest5 SET k=k+1 WHERE id=869784
	Update on sbtest5  (cost=0.43..8.46 rows=0 width=0)
	  ->  Index Scan using sbtest5_pkey on sbtest5  (cost=0.43..8.46 rows=1 width=10)
	        Index Cond: (id = 869784)

table 6 : explain UPDATE sbtest6 SET k=k+1 WHERE id=367323
	Update on sbtest6  (cost=0.43..8.46 rows=0 width=0)
	  ->  Index Scan using sbtest6_pkey on sbtest6  (cost=0.43..8.46 rows=1 width=10)
	        Index Cond: (id = 367323)

table 7 : explain UPDATE sbtest7 SET k=k+1 WHERE id=9734491
	Update on sbtest7  (cost=0.43..8.46 rows=0 width=0)
	  ->  Index Scan using sbtest7_pkey on sbtest7  (cost=0.43..8.46 rows=1 width=10)
	        Index Cond: (id = 9734491)

table 8 : explain UPDATE sbtest8 SET k=k+1 WHERE id=8538321
	Update on sbtest8  (cost=0.43..8.46 rows=0 width=0)
	  ->  Index Scan using sbtest8_pkey on sbtest8  (cost=0.43..8.46 rows=1 width=10)
	        Index Cond: (id = 8538321)

for index_updates
table 1 : explain UPDATE sbtest1 SET k=k+1 WHERE id=8032734
	Update on sbtest1  (cost=0.43..8.46 rows=0 width=0)
	  ->  Index Scan using sbtest1_pkey on sbtest1  (cost=0.43..8.46 rows=1 width=10)
	        Index Cond: (id = 8032734)

table 2 : explain UPDATE sbtest2 SET k=k+1 WHERE id=7512330
	Update on sbtest2  (cost=0.43..8.46 rows=0 width=0)
	  ->  Index Scan using sbtest2_pkey on sbtest2  (cost=0.43..8.46 rows=1 width=10)
	        Index Cond: (id = 7512330)

table 3 : explain UPDATE sbtest3 SET k=k+1 WHERE id=543616
	Update on sbtest3  (cost=0.43..8.46 rows=0 width=0)
	  ->  Index Scan using sbtest3_pkey on sbtest3  (cost=0.43..8.46 rows=1 width=10)
	        Index Cond: (id = 543616)

table 4 : explain UPDATE sbtest4 SET k=k+1 WHERE id=7366186
	Update on sbtest4  (cost=0.43..8.46 rows=0 width=0)
	  ->  Index Scan using sbtest4_pkey on sbtest4  (cost=0.43..8.46 rows=1 width=10)
	        Index Cond: (id = 7366186)

table 5 : explain UPDATE sbtest5 SET k=k+1 WHERE id=5557321
	Update on sbtest5  (cost=0.43..8.46 rows=0 width=0)
	  ->  Index Scan using sbtest5_pkey on sbtest5  (cost=0.43..8.46 rows=1 width=10)
	        Index Cond: (id = 5557321)

table 6 : explain UPDATE sbtest6 SET k=k+1 WHERE id=9216964
	Update on sbtest6  (cost=0.43..8.46 rows=0 width=0)
	  ->  Index Scan using sbtest6_pkey on sbtest6  (cost=0.43..8.46 rows=1 width=10)
	        Index Cond: (id = 9216964)

table 7 : explain UPDATE sbtest7 SET k=k+1 WHERE id=8926692
	Update on sbtest7  (cost=0.43..8.46 rows=0 width=0)
	  ->  Index Scan using sbtest7_pkey on sbtest7  (cost=0.43..8.46 rows=1 width=10)
	        Index Cond: (id = 8926692)

table 8 : explain UPDATE sbtest8 SET k=k+1 WHERE id=1969433
	Update on sbtest8  (cost=0.43..8.46 rows=0 width=0)
	  ->  Index Scan using sbtest8_pkey on sbtest8  (cost=0.43..8.46 rows=1 width=10)
	        Index Cond: (id = 1969433)

for deletes
table 1 : explain DELETE FROM sbtest1 WHERE id=2095905
	Delete on sbtest1  (cost=0.43..8.45 rows=0 width=0)
	  ->  Index Scan using sbtest1_pkey on sbtest1  (cost=0.43..8.45 rows=1 width=6)
	        Index Cond: (id = 2095905)

table 2 : explain DELETE FROM sbtest2 WHERE id=3114065
	Delete on sbtest2  (cost=0.43..8.45 rows=0 width=0)
	  ->  Index Scan using sbtest2_pkey on sbtest2  (cost=0.43..8.45 rows=1 width=6)
	        Index Cond: (id = 3114065)

table 3 : explain DELETE FROM sbtest3 WHERE id=4193564
	Delete on sbtest3  (cost=0.43..8.45 rows=0 width=0)
	  ->  Index Scan using sbtest3_pkey on sbtest3  (cost=0.43..8.45 rows=1 width=6)
	        Index Cond: (id = 4193564)

table 4 : explain DELETE FROM sbtest4 WHERE id=3315401
	Delete on sbtest4  (cost=0.43..8.45 rows=0 width=0)
	  ->  Index Scan using sbtest4_pkey on sbtest4  (cost=0.43..8.45 rows=1 width=6)
	        Index Cond: (id = 3315401)

table 5 : explain DELETE FROM sbtest5 WHERE id=3116129
	Delete on sbtest5  (cost=0.43..8.45 rows=0 width=0)
	  ->  Index Scan using sbtest5_pkey on sbtest5  (cost=0.43..8.45 rows=1 width=6)
	        Index Cond: (id = 3116129)

table 6 : explain DELETE FROM sbtest6 WHERE id=3390939
	Delete on sbtest6  (cost=0.43..8.45 rows=0 width=0)
	  ->  Index Scan using sbtest6_pkey on sbtest6  (cost=0.43..8.45 rows=1 width=6)
	        Index Cond: (id = 3390939)

table 7 : explain DELETE FROM sbtest7 WHERE id=6229620
	Delete on sbtest7  (cost=0.43..8.45 rows=0 width=0)
	  ->  Index Scan using sbtest7_pkey on sbtest7  (cost=0.43..8.45 rows=1 width=6)
	        Index Cond: (id = 6229620)

table 8 : explain DELETE FROM sbtest8 WHERE id=1165714
	Delete on sbtest8  (cost=0.43..8.45 rows=0 width=0)
	  ->  Index Scan using sbtest8_pkey on sbtest8  (cost=0.43..8.45 rows=1 width=6)
	        Index Cond: (id = 1165714)

explain: for non_index_updates :: explain UPDATE sbtest%u SET c='foobar' WHERE id=%u
for: order_ranges
table 1 : explain SELECT c FROM sbtest1 WHERE id BETWEEN 3088195 AND 3088294 ORDER BY c
	Sort  (cost=410.05..410.31 rows=106 width=121)
	  Sort Key: c
	  ->  Index Scan using sbtest1_pkey on sbtest1  (cost=0.43..406.48 rows=106 width=121)
	        Index Cond: ((id >= 3088195) AND (id <= 3088294))

table 2 : explain SELECT c FROM sbtest2 WHERE id BETWEEN 1665138 AND 1665237 ORDER BY c
	Sort  (cost=372.80..373.04 rows=96 width=121)
	  Sort Key: c
	  ->  Index Scan using sbtest2_pkey on sbtest2  (cost=0.43..369.64 rows=96 width=121)
	        Index Cond: ((id >= 1665138) AND (id <= 1665237))

table 3 : explain SELECT c FROM sbtest3 WHERE id BETWEEN 5205146 AND 5205245 ORDER BY c
	Sort  (cost=377.18..377.42 rows=97 width=121)
	  Sort Key: c
	  ->  Index Scan using sbtest3_pkey on sbtest3  (cost=0.43..373.98 rows=97 width=121)
	        Index Cond: ((id >= 5205146) AND (id <= 5205245))

table 4 : explain SELECT c FROM sbtest4 WHERE id BETWEEN 6875217 AND 6875316 ORDER BY c
	Sort  (cost=364.99..365.23 rows=94 width=121)
	  Sort Key: c
	  ->  Index Scan using sbtest4_pkey on sbtest4  (cost=0.43..361.91 rows=94 width=121)
	        Index Cond: ((id >= 6875217) AND (id <= 6875316))

table 5 : explain SELECT c FROM sbtest5 WHERE id BETWEEN 4888729 AND 4888828 ORDER BY c
	Sort  (cost=372.69..372.93 rows=96 width=121)
	  Sort Key: c
	  ->  Index Scan using sbtest5_pkey on sbtest5  (cost=0.43..369.53 rows=96 width=121)
	        Index Cond: ((id >= 4888729) AND (id <= 4888828))

table 6 : explain SELECT c FROM sbtest6 WHERE id BETWEEN 6362904 AND 6363003 ORDER BY c
	Sort  (cost=400.31..400.57 rows=103 width=121)
	  Sort Key: c
	  ->  Index Scan using sbtest6_pkey on sbtest6  (cost=0.43..396.87 rows=103 width=121)
	        Index Cond: ((id >= 6362904) AND (id <= 6363003))

table 7 : explain SELECT c FROM sbtest7 WHERE id BETWEEN 3731810 AND 3731909 ORDER BY c
	Sort  (cost=351.23..351.46 rows=90 width=121)
	  Sort Key: c
	  ->  Index Scan using sbtest7_pkey on sbtest7  (cost=0.43..348.31 rows=90 width=121)
	        Index Cond: ((id >= 3731810) AND (id <= 3731909))

table 8 : explain SELECT c FROM sbtest8 WHERE id BETWEEN 3171723 AND 3171822 ORDER BY c
	Sort  (cost=407.66..407.93 rows=105 width=121)
	  Sort Key: c
	  ->  Index Scan using sbtest8_pkey on sbtest8  (cost=0.43..404.14 rows=105 width=121)
	        Index Cond: ((id >= 3171723) AND (id <= 3171822))

for: sum_ranges
table 1 : explain SELECT SUM(k) FROM sbtest1 WHERE id BETWEEN 2273877 AND 2273976
	Aggregate  (cost=361.25..361.26 rows=1 width=8)
	  ->  Index Scan using sbtest1_pkey on sbtest1  (cost=0.43..361.01 rows=94 width=4)
	        Index Cond: ((id >= 2273877) AND (id <= 2273976))

table 2 : explain SELECT SUM(k) FROM sbtest2 WHERE id BETWEEN 1935477 AND 1935576
	Aggregate  (cost=369.88..369.89 rows=1 width=8)
	  ->  Index Scan using sbtest2_pkey on sbtest2  (cost=0.43..369.64 rows=96 width=4)
	        Index Cond: ((id >= 1935477) AND (id <= 1935576))

table 3 : explain SELECT SUM(k) FROM sbtest3 WHERE id BETWEEN 2874673 AND 2874772
	Aggregate  (cost=442.77..442.78 rows=1 width=8)
	  ->  Index Scan using sbtest3_pkey on sbtest3  (cost=0.43..442.48 rows=115 width=4)
	        Index Cond: ((id >= 2874673) AND (id <= 2874772))

table 4 : explain SELECT SUM(k) FROM sbtest4 WHERE id BETWEEN 3268216 AND 3268315
	Aggregate  (cost=404.02..404.03 rows=1 width=8)
	  ->  Index Scan using sbtest4_pkey on sbtest4  (cost=0.43..403.76 rows=105 width=4)
	        Index Cond: ((id >= 3268216) AND (id <= 3268315))

table 5 : explain SELECT SUM(k) FROM sbtest5 WHERE id BETWEEN 6628998 AND 6629097
	Aggregate  (cost=392.58..392.59 rows=1 width=8)
	  ->  Index Scan using sbtest5_pkey on sbtest5  (cost=0.43..392.32 rows=102 width=4)
	        Index Cond: ((id >= 6628998) AND (id <= 6629097))

table 6 : explain SELECT SUM(k) FROM sbtest6 WHERE id BETWEEN 8122030 AND 8122129
	Aggregate  (cost=397.12..397.13 rows=1 width=8)
	  ->  Index Scan using sbtest6_pkey on sbtest6  (cost=0.43..396.87 rows=103 width=4)
	        Index Cond: ((id >= 8122030) AND (id <= 8122129))

table 7 : explain SELECT SUM(k) FROM sbtest7 WHERE id BETWEEN 7709336 AND 7709435
	Aggregate  (cost=413.53..413.54 rows=1 width=8)
	  ->  Index Scan using sbtest7_pkey on sbtest7  (cost=0.43..413.26 rows=107 width=4)
	        Index Cond: ((id >= 7709336) AND (id <= 7709435))

table 8 : explain SELECT SUM(k) FROM sbtest8 WHERE id BETWEEN 2792904 AND 2793003
	Aggregate  (cost=370.15..370.16 rows=1 width=8)
	  ->  Index Scan using sbtest8_pkey on sbtest8  (cost=0.43..369.91 rows=96 width=4)
	        Index Cond: ((id >= 2792904) AND (id <= 2793003))

explain: for index_updates :: explain UPDATE sbtest%u SET k=k+1 WHERE id=%u
explain: for non_index_updates :: explain UPDATE sbtest%u SET c='foobar' WHERE id=%u
for index_updates
table 1 : explain UPDATE sbtest1 SET k=k+1 WHERE id=5428375
	Update on sbtest1  (cost=0.43..8.46 rows=0 width=0)
	  ->  Index Scan using sbtest1_pkey on sbtest1  (cost=0.43..8.46 rows=1 width=10)
	        Index Cond: (id = 5428375)

table 2 : explain UPDATE sbtest2 SET k=k+1 WHERE id=1259061
	Update on sbtest2  (cost=0.43..8.46 rows=0 width=0)
	  ->  Index Scan using sbtest2_pkey on sbtest2  (cost=0.43..8.46 rows=1 width=10)
	        Index Cond: (id = 1259061)

table 3 : explain UPDATE sbtest3 SET k=k+1 WHERE id=4944107
	Update on sbtest3  (cost=0.43..8.46 rows=0 width=0)
	  ->  Index Scan using sbtest3_pkey on sbtest3  (cost=0.43..8.46 rows=1 width=10)
	        Index Cond: (id = 4944107)

table 4 : explain UPDATE sbtest4 SET k=k+1 WHERE id=5759087
	Update on sbtest4  (cost=0.43..8.46 rows=0 width=0)
	  ->  Index Scan using sbtest4_pkey on sbtest4  (cost=0.43..8.46 rows=1 width=10)
	        Index Cond: (id = 5759087)

table 5 : explain UPDATE sbtest5 SET k=k+1 WHERE id=3463919
	Update on sbtest5  (cost=0.43..8.46 rows=0 width=0)
	  ->  Index Scan using sbtest5_pkey on sbtest5  (cost=0.43..8.46 rows=1 width=10)
	        Index Cond: (id = 3463919)

table 6 : explain UPDATE sbtest6 SET k=k+1 WHERE id=9085823
	Update on sbtest6  (cost=0.43..8.46 rows=0 width=0)
	  ->  Index Scan using sbtest6_pkey on sbtest6  (cost=0.43..8.46 rows=1 width=10)
	        Index Cond: (id = 9085823)

table 7 : explain UPDATE sbtest7 SET k=k+1 WHERE id=75188
	Update on sbtest7  (cost=0.43..8.46 rows=0 width=0)
	  ->  Index Scan using sbtest7_pkey on sbtest7  (cost=0.43..8.46 rows=1 width=10)
	        Index Cond: (id = 75188)

table 8 : explain UPDATE sbtest8 SET k=k+1 WHERE id=2753728
	Update on sbtest8  (cost=0.43..8.46 rows=0 width=0)
	  ->  Index Scan using sbtest8_pkey on sbtest8  (cost=0.43..8.46 rows=1 width=10)
	        Index Cond: (id = 2753728)

for non_index_updates
table 1 : explain UPDATE sbtest1 SET c='foobar' WHERE id=1756678
	Update on sbtest1  (cost=0.43..8.45 rows=0 width=0)
	  ->  Index Scan using sbtest1_pkey on sbtest1  (cost=0.43..8.45 rows=1 width=490)
	        Index Cond: (id = 1756678)

table 2 : explain UPDATE sbtest2 SET c='foobar' WHERE id=8928263
	Update on sbtest2  (cost=0.43..8.45 rows=0 width=0)
	  ->  Index Scan using sbtest2_pkey on sbtest2  (cost=0.43..8.45 rows=1 width=490)
	        Index Cond: (id = 8928263)

table 3 : explain UPDATE sbtest3 SET c='foobar' WHERE id=1825801
	Update on sbtest3  (cost=0.43..8.45 rows=0 width=0)
	  ->  Index Scan using sbtest3_pkey on sbtest3  (cost=0.43..8.45 rows=1 width=490)
	        Index Cond: (id = 1825801)

table 4 : explain UPDATE sbtest4 SET c='foobar' WHERE id=9123354
	Update on sbtest4  (cost=0.43..8.45 rows=0 width=0)
	  ->  Index Scan using sbtest4_pkey on sbtest4  (cost=0.43..8.45 rows=1 width=490)
	        Index Cond: (id = 9123354)

table 5 : explain UPDATE sbtest5 SET c='foobar' WHERE id=4025490
	Update on sbtest5  (cost=0.43..8.45 rows=0 width=0)
	  ->  Index Scan using sbtest5_pkey on sbtest5  (cost=0.43..8.45 rows=1 width=490)
	        Index Cond: (id = 4025490)

table 6 : explain UPDATE sbtest6 SET c='foobar' WHERE id=2855474
	Update on sbtest6  (cost=0.43..8.45 rows=0 width=0)
	  ->  Index Scan using sbtest6_pkey on sbtest6  (cost=0.43..8.45 rows=1 width=490)
	        Index Cond: (id = 2855474)

table 7 : explain UPDATE sbtest7 SET c='foobar' WHERE id=5210309
	Update on sbtest7  (cost=0.43..8.45 rows=0 width=0)
	  ->  Index Scan using sbtest7_pkey on sbtest7  (cost=0.43..8.45 rows=1 width=490)
	        Index Cond: (id = 5210309)

table 8 : explain UPDATE sbtest8 SET c='foobar' WHERE id=3210494
	Update on sbtest8  (cost=0.43..8.45 rows=0 width=0)
	  ->  Index Scan using sbtest8_pkey on sbtest8  (cost=0.43..8.45 rows=1 width=490)
	        Index Cond: (id = 3210494)

for: order_ranges
table 1 : explain SELECT c FROM sbtest1 WHERE id BETWEEN 466927 AND 467026 ORDER BY c
	Sort  (cost=379.41..379.66 rows=98 width=121)
	  Sort Key: c
	  ->  Index Scan using sbtest1_pkey on sbtest1  (cost=0.43..376.17 rows=98 width=121)
	        Index Cond: ((id >= 466927) AND (id <= 467026))

table 2 : explain SELECT c FROM sbtest2 WHERE id BETWEEN 7429349 AND 7429448 ORDER BY c
	Sort  (cost=407.37..407.63 rows=105 width=121)
	  Sort Key: c
	  ->  Index Scan using sbtest2_pkey on sbtest2  (cost=0.43..403.85 rows=105 width=121)
	        Index Cond: ((id >= 7429349) AND (id <= 7429448))

table 3 : explain SELECT c FROM sbtest3 WHERE id BETWEEN 5390154 AND 5390253 ORDER BY c
	Sort  (cost=396.41..396.67 rows=102 width=121)
	  Sort Key: c
	  ->  Index Scan using sbtest3_pkey on sbtest3  (cost=0.43..393.01 rows=102 width=121)
	        Index Cond: ((id >= 5390154) AND (id <= 5390253))

table 4 : explain SELECT c FROM sbtest4 WHERE id BETWEEN 4834009 AND 4834108 ORDER BY c
	Sort  (cost=357.31..357.54 rows=92 width=121)
	  Sort Key: c
	  ->  Index Scan using sbtest4_pkey on sbtest4  (cost=0.43..354.31 rows=92 width=121)
	        Index Cond: ((id >= 4834009) AND (id <= 4834108))

table 5 : explain SELECT c FROM sbtest5 WHERE id BETWEEN 7283114 AND 7283213 ORDER BY c
	Sort  (cost=365.01..365.24 rows=94 width=121)
	  Sort Key: c
	  ->  Index Scan using sbtest5_pkey on sbtest5  (cost=0.43..361.93 rows=94 width=121)
	        Index Cond: ((id >= 7283114) AND (id <= 7283213))

table 6 : explain SELECT c FROM sbtest6 WHERE id BETWEEN 3195106 AND 3195205 ORDER BY c
	Sort  (cost=408.00..408.27 rows=105 width=121)
	  Sort Key: c
	  ->  Index Scan using sbtest6_pkey on sbtest6  (cost=0.43..404.48 rows=105 width=121)
	        Index Cond: ((id >= 3195106) AND (id <= 3195205))

table 7 : explain SELECT c FROM sbtest7 WHERE id BETWEEN 808924 AND 809023 ORDER BY c
	Sort  (cost=413.01..413.27 rows=106 width=121)
	  Sort Key: c
	  ->  Index Scan using sbtest7_pkey on sbtest7  (cost=0.43..409.44 rows=106 width=121)
	        Index Cond: ((id >= 808924) AND (id <= 809023))

table 8 : explain SELECT c FROM sbtest8 WHERE id BETWEEN 5895149 AND 5895248 ORDER BY c
	Sort  (cost=373.07..373.31 rows=96 width=121)
	  Sort Key: c
	  ->  Index Scan using sbtest8_pkey on sbtest8  (cost=0.43..369.91 rows=96 width=121)
	        Index Cond: ((id >= 5895149) AND (id <= 5895248))

explain: for deletes :: explain DELETE FROM sbtest%u WHERE id=%u
for: order_ranges
table 1 : explain SELECT c FROM sbtest1 WHERE id BETWEEN 7860266 AND 7860365 ORDER BY c
	Sort  (cost=410.05..410.31 rows=106 width=121)
	  Sort Key: c
	  ->  Index Scan using sbtest1_pkey on sbtest1  (cost=0.43..406.48 rows=106 width=121)
	        Index Cond: ((id >= 7860266) AND (id <= 7860365))

table 2 : explain SELECT c FROM sbtest2 WHERE id BETWEEN 6257238 AND 6257337 ORDER BY c
	Sort  (cost=361.23..361.46 rows=93 width=121)
	  Sort Key: c
	  ->  Index Scan using sbtest2_pkey on sbtest2  (cost=0.43..358.19 rows=93 width=121)
	        Index Cond: ((id >= 6257238) AND (id <= 6257337))

table 3 : explain SELECT c FROM sbtest3 WHERE id BETWEEN 6086989 AND 6087088 ORDER BY c
	Sort  (cost=388.72..388.97 rows=100 width=121)
	  Sort Key: c
	  ->  Index Scan using sbtest3_pkey on sbtest3  (cost=0.43..385.40 rows=100 width=121)
	        Index Cond: ((id >= 6086989) AND (id <= 6087088))

table 4 : explain SELECT c FROM sbtest4 WHERE id BETWEEN 8329327 AND 8329426 ORDER BY c
	Sort  (cost=407.28..407.55 rows=105 width=121)
	  Sort Key: c
	  ->  Index Scan using sbtest4_pkey on sbtest4  (cost=0.43..403.76 rows=105 width=121)
	        Index Cond: ((id >= 8329327) AND (id <= 8329426))

table 5 : explain SELECT c FROM sbtest5 WHERE id BETWEEN 7604215 AND 7604314 ORDER BY c
	Sort  (cost=368.85..369.09 rows=95 width=121)
	  Sort Key: c
	  ->  Index Scan using sbtest5_pkey on sbtest5  (cost=0.43..365.73 rows=95 width=121)
	        Index Cond: ((id >= 7604215) AND (id <= 7604314))

table 6 : explain SELECT c FROM sbtest6 WHERE id BETWEEN 3683537 AND 3683636 ORDER BY c
	Sort  (cost=408.00..408.27 rows=105 width=121)
	  Sort Key: c
	  ->  Index Scan using sbtest6_pkey on sbtest6  (cost=0.43..404.48 rows=105 width=121)
	        Index Cond: ((id >= 3683537) AND (id <= 3683636))

table 7 : explain SELECT c FROM sbtest7 WHERE id BETWEEN 3070077 AND 3070176 ORDER BY c
	Sort  (cost=440.02..440.30 rows=113 width=121)
	  Sort Key: c
	  ->  Index Scan using sbtest7_pkey on sbtest7  (cost=0.43..436.16 rows=113 width=121)
	        Index Cond: ((id >= 3070077) AND (id <= 3070176))

table 8 : explain SELECT c FROM sbtest8 WHERE id BETWEEN 7096998 AND 7097097 ORDER BY c
	Sort  (cost=399.98..400.23 rows=103 width=121)
	  Sort Key: c
	  ->  Index Scan using sbtest8_pkey on sbtest8  (cost=0.43..396.53 rows=103 width=121)
	        Index Cond: ((id >= 7096998) AND (id <= 7097097))

for: distinct_ranges
table 1 : explain SELECT DISTINCT c FROM sbtest1 WHERE id BETWEEN 4428692 AND 4428791 ORDER BY c
	Unique  (cost=356.38..356.84 rows=92 width=121)
	  ->  Sort  (cost=356.38..356.61 rows=92 width=121)
	        Sort Key: c
	        ->  Index Scan using sbtest1_pkey on sbtest1  (cost=0.43..353.38 rows=92 width=121)
	              Index Cond: ((id >= 4428692) AND (id <= 4428791))

table 2 : explain SELECT DISTINCT c FROM sbtest2 WHERE id BETWEEN 7715630 AND 7715729 ORDER BY c
	Unique  (cost=353.55..354.00 rows=91 width=121)
	  ->  Sort  (cost=353.55..353.78 rows=91 width=121)
	        Sort Key: c
	        ->  Index Scan using sbtest2_pkey on sbtest2  (cost=0.43..350.59 rows=91 width=121)
	              Index Cond: ((id >= 7715630) AND (id <= 7715729))

table 3 : explain SELECT DISTINCT c FROM sbtest3 WHERE id BETWEEN 6832207 AND 6832306 ORDER BY c
	Unique  (cost=365.59..366.06 rows=94 width=121)
	  ->  Sort  (cost=365.59..365.82 rows=94 width=121)
	        Sort Key: c
	        ->  Index Scan using sbtest3_pkey on sbtest3  (cost=0.43..362.51 rows=94 width=121)
	              Index Cond: ((id >= 6832207) AND (id <= 6832306))

table 4 : explain SELECT DISTINCT c FROM sbtest4 WHERE id BETWEEN 9932174 AND 9932273 ORDER BY c
	Unique  (cost=384.24..384.74 rows=99 width=121)
	  ->  Sort  (cost=384.24..384.49 rows=99 width=121)
	        Sort Key: c
	        ->  Index Scan using sbtest4_pkey on sbtest4  (cost=0.43..380.96 rows=99 width=121)
	              Index Cond: ((id >= 9932174) AND (id <= 9932273))

table 5 : explain SELECT DISTINCT c FROM sbtest5 WHERE id BETWEEN 3517743 AND 3517842 ORDER BY c
	Unique  (cost=376.53..377.01 rows=97 width=121)
	  ->  Sort  (cost=376.53..376.77 rows=97 width=121)
	        Sort Key: c
	        ->  Index Scan using sbtest5_pkey on sbtest5  (cost=0.43..373.33 rows=97 width=121)
	              Index Cond: ((id >= 3517743) AND (id <= 3517842))

table 6 : explain SELECT DISTINCT c FROM sbtest6 WHERE id BETWEEN 1975100 AND 1975199 ORDER BY c
	Unique  (cost=411.85..412.38 rows=106 width=121)
	  ->  Sort  (cost=411.85..412.12 rows=106 width=121)
	        Sort Key: c
	        ->  Index Scan using sbtest6_pkey on sbtest6  (cost=0.43..408.28 rows=106 width=121)
	              Index Cond: ((id >= 1975100) AND (id <= 1975199))

table 7 : explain SELECT DISTINCT c FROM sbtest7 WHERE id BETWEEN 4339235 AND 4339334 ORDER BY c
	Unique  (cost=409.15..409.67 rows=105 width=121)
	  ->  Sort  (cost=409.15..409.41 rows=105 width=121)
	        Sort Key: c
	        ->  Index Scan using sbtest7_pkey on sbtest7  (cost=0.43..405.62 rows=105 width=121)
	              Index Cond: ((id >= 4339235) AND (id <= 4339334))

table 8 : explain SELECT DISTINCT c FROM sbtest8 WHERE id BETWEEN 3604724 AND 3604823 ORDER BY c
	Unique  (cost=384.60..385.10 rows=99 width=121)
	  ->  Sort  (cost=384.60..384.85 rows=99 width=121)
	        Sort Key: c
	        ->  Index Scan using sbtest8_pkey on sbtest8  (cost=0.43..381.32 rows=99 width=121)
	              Index Cond: ((id >= 3604724) AND (id <= 3604823))

for index_updates
table 1 : explain UPDATE sbtest1 SET k=k+1 WHERE id=8358876
	Update on sbtest1  (cost=0.43..8.46 rows=0 width=0)
	  ->  Index Scan using sbtest1_pkey on sbtest1  (cost=0.43..8.46 rows=1 width=10)
	        Index Cond: (id = 8358876)

table 2 : explain UPDATE sbtest2 SET k=k+1 WHERE id=8566748
	Update on sbtest2  (cost=0.43..8.46 rows=0 width=0)
	  ->  Index Scan using sbtest2_pkey on sbtest2  (cost=0.43..8.46 rows=1 width=10)
	        Index Cond: (id = 8566748)

table 3 : explain UPDATE sbtest3 SET k=k+1 WHERE id=9769073
	Update on sbtest3  (cost=0.43..8.46 rows=0 width=0)
	  ->  Index Scan using sbtest3_pkey on sbtest3  (cost=0.43..8.46 rows=1 width=10)
	        Index Cond: (id = 9769073)

table 4 : explain UPDATE sbtest4 SET k=k+1 WHERE id=7902475
	Update on sbtest4  (cost=0.43..8.46 rows=0 width=0)
	  ->  Index Scan using sbtest4_pkey on sbtest4  (cost=0.43..8.46 rows=1 width=10)
	        Index Cond: (id = 7902475)

table 5 : explain UPDATE sbtest5 SET k=k+1 WHERE id=6758974
	Update on sbtest5  (cost=0.43..8.46 rows=0 width=0)
	  ->  Index Scan using sbtest5_pkey on sbtest5  (cost=0.43..8.46 rows=1 width=10)
	        Index Cond: (id = 6758974)

table 6 : explain UPDATE sbtest6 SET k=k+1 WHERE id=3853287
	Update on sbtest6  (cost=0.43..8.46 rows=0 width=0)
	  ->  Index Scan using sbtest6_pkey on sbtest6  (cost=0.43..8.46 rows=1 width=10)
	        Index Cond: (id = 3853287)

table 7 : explain UPDATE sbtest7 SET k=k+1 WHERE id=6123798
	Update on sbtest7  (cost=0.43..8.46 rows=0 width=0)
	  ->  Index Scan using sbtest7_pkey on sbtest7  (cost=0.43..8.46 rows=1 width=10)
	        Index Cond: (id = 6123798)

table 8 : explain UPDATE sbtest8 SET k=k+1 WHERE id=6805974
	Update on sbtest8  (cost=0.43..8.46 rows=0 width=0)
	  ->  Index Scan using sbtest8_pkey on sbtest8  (cost=0.43..8.46 rows=1 width=10)
	        Index Cond: (id = 6805974)

explain: for index_updates :: explain UPDATE sbtest%u SET k=k+1 WHERE id=%u
for point_selects
table 1 : explain SELECT c FROM sbtest1 WHERE id=8267766
	Index Scan using sbtest1_pkey on sbtest1  (cost=0.43..8.45 rows=1 width=121)
	  Index Cond: (id = 8267766)

table 2 : explain SELECT c FROM sbtest2 WHERE id=3561461
	Index Scan using sbtest2_pkey on sbtest2  (cost=0.43..8.45 rows=1 width=121)
	  Index Cond: (id = 3561461)

table 3 : explain SELECT c FROM sbtest3 WHERE id=4415712
	Index Scan using sbtest3_pkey on sbtest3  (cost=0.43..8.45 rows=1 width=121)
	  Index Cond: (id = 4415712)

table 4 : explain SELECT c FROM sbtest4 WHERE id=3315850
	Index Scan using sbtest4_pkey on sbtest4  (cost=0.43..8.45 rows=1 width=121)
	  Index Cond: (id = 3315850)

table 5 : explain SELECT c FROM sbtest5 WHERE id=2252901
	Index Scan using sbtest5_pkey on sbtest5  (cost=0.43..8.45 rows=1 width=121)
	  Index Cond: (id = 2252901)

table 6 : explain SELECT c FROM sbtest6 WHERE id=4297368
	Index Scan using sbtest6_pkey on sbtest6  (cost=0.43..8.45 rows=1 width=121)
	  Index Cond: (id = 4297368)

table 7 : explain SELECT c FROM sbtest7 WHERE id=6848073
	Index Scan using sbtest7_pkey on sbtest7  (cost=0.43..8.45 rows=1 width=121)
	  Index Cond: (id = 6848073)

table 8 : explain SELECT c FROM sbtest8 WHERE id=8284293
	Index Scan using sbtest8_pkey on sbtest8  (cost=0.43..8.45 rows=1 width=121)
	  Index Cond: (id = 8284293)

for point_selects
table 1 : explain SELECT c FROM sbtest1 WHERE id=5899986
	Index Scan using sbtest1_pkey on sbtest1  (cost=0.43..8.45 rows=1 width=121)
	  Index Cond: (id = 5899986)

table 2 : explain SELECT c FROM sbtest2 WHERE id=1540702
	Index Scan using sbtest2_pkey on sbtest2  (cost=0.43..8.45 rows=1 width=121)
	  Index Cond: (id = 1540702)

table 3 : explain SELECT c FROM sbtest3 WHERE id=1104244
	Index Scan using sbtest3_pkey on sbtest3  (cost=0.43..8.45 rows=1 width=121)
	  Index Cond: (id = 1104244)

table 4 : explain SELECT c FROM sbtest4 WHERE id=7680513
	Index Scan using sbtest4_pkey on sbtest4  (cost=0.43..8.45 rows=1 width=121)
	  Index Cond: (id = 7680513)

table 5 : explain SELECT c FROM sbtest5 WHERE id=5192402
	Index Scan using sbtest5_pkey on sbtest5  (cost=0.43..8.45 rows=1 width=121)
	  Index Cond: (id = 5192402)

table 6 : explain SELECT c FROM sbtest6 WHERE id=6591834
	Index Scan using sbtest6_pkey on sbtest6  (cost=0.43..8.45 rows=1 width=121)
	  Index Cond: (id = 6591834)

table 7 : explain SELECT c FROM sbtest7 WHERE id=7447023
	Index Scan using sbtest7_pkey on sbtest7  (cost=0.43..8.45 rows=1 width=121)
	  Index Cond: (id = 7447023)

table 8 : explain SELECT c FROM sbtest8 WHERE id=243012
	Index Scan using sbtest8_pkey on sbtest8  (cost=0.43..8.45 rows=1 width=121)
	  Index Cond: (id = 243012)

for: distinct_ranges
table 1 : explain SELECT DISTINCT c FROM sbtest1 WHERE id BETWEEN 416567 AND 416666 ORDER BY c
	Unique  (cost=379.41..379.90 rows=98 width=121)
	  ->  Sort  (cost=379.41..379.66 rows=98 width=121)
	        Sort Key: c
	        ->  Index Scan using sbtest1_pkey on sbtest1  (cost=0.43..376.17 rows=98 width=121)
	              Index Cond: ((id >= 416567) AND (id <= 416666))

table 2 : explain SELECT DISTINCT c FROM sbtest2 WHERE id BETWEEN 572281 AND 572380 ORDER BY c
	Unique  (cost=380.49..380.98 rows=98 width=121)
	  ->  Sort  (cost=380.49..380.73 rows=98 width=121)
	        Sort Key: c
	        ->  Index Scan using sbtest2_pkey on sbtest2  (cost=0.43..377.24 rows=98 width=121)
	              Index Cond: ((id >= 572281) AND (id <= 572380))

table 3 : explain SELECT DISTINCT c FROM sbtest3 WHERE id BETWEEN 7805878 AND 7805977 ORDER BY c
	Unique  (cost=396.41..396.92 rows=102 width=121)
	  ->  Sort  (cost=396.41..396.67 rows=102 width=121)
	        Sort Key: c
	        ->  Index Scan using sbtest3_pkey on sbtest3  (cost=0.43..393.01 rows=102 width=121)
	              Index Cond: ((id >= 7805878) AND (id <= 7805977))

table 4 : explain SELECT DISTINCT c FROM sbtest4 WHERE id BETWEEN 5621064 AND 5621163 ORDER BY c
	Unique  (cost=453.37..453.96 rows=117 width=121)
	  ->  Sort  (cost=453.37..453.66 rows=117 width=121)
	        Sort Key: c
	        ->  Index Scan using sbtest4_pkey on sbtest4  (cost=0.43..449.35 rows=117 width=121)
	              Index Cond: ((id >= 5621064) AND (id <= 5621163))

table 5 : explain SELECT DISTINCT c FROM sbtest5 WHERE id BETWEEN 8475923 AND 8476022 ORDER BY c
	Unique  (cost=403.40..403.92 rows=104 width=121)
	  ->  Sort  (cost=403.40..403.66 rows=104 width=121)
	        Sort Key: c
	        ->  Index Scan using sbtest5_pkey on sbtest5  (cost=0.43..399.92 rows=104 width=121)
	              Index Cond: ((id >= 8475923) AND (id <= 8476022))

table 6 : explain SELECT DISTINCT c FROM sbtest6 WHERE id BETWEEN 1333341 AND 1333440 ORDER BY c
	Unique  (cost=392.62..393.12 rows=101 width=121)
	  ->  Sort  (cost=392.62..392.87 rows=101 width=121)
	        Sort Key: c
	        ->  Index Scan using sbtest6_pkey on sbtest6  (cost=0.43..389.25 rows=101 width=121)
	              Index Cond: ((id >= 1333341) AND (id <= 1333440))

table 7 : explain SELECT DISTINCT c FROM sbtest7 WHERE id BETWEEN 4155460 AND 4155559 ORDER BY c
	Unique  (cost=370.52..370.99 rows=95 width=121)
	  ->  Sort  (cost=370.52..370.76 rows=95 width=121)
	        Sort Key: c
	        ->  Index Scan using sbtest7_pkey on sbtest7  (cost=0.43..367.40 rows=95 width=121)
	              Index Cond: ((id >= 4155460) AND (id <= 4155559))

table 8 : explain SELECT DISTINCT c FROM sbtest8 WHERE id BETWEEN 6863850 AND 6863949 ORDER BY c
	Unique  (cost=346.12..346.56 rows=89 width=121)
	  ->  Sort  (cost=346.12..346.34 rows=89 width=121)
	        Sort Key: c
	        ->  Index Scan using sbtest8_pkey on sbtest8  (cost=0.43..343.23 rows=89 width=121)
	              Index Cond: ((id >= 6863850) AND (id <= 6863949))

explain: for inserts :: explain INSERT INTO sbtest%u (id, k, c, pad) VALUES (%u, 13, 'foobar', 'foobar')
for deletes
table 1 : explain DELETE FROM sbtest1 WHERE id=1164542
	Delete on sbtest1  (cost=0.43..8.45 rows=0 width=0)
	  ->  Index Scan using sbtest1_pkey on sbtest1  (cost=0.43..8.45 rows=1 width=6)
	        Index Cond: (id = 1164542)

table 2 : explain DELETE FROM sbtest2 WHERE id=7422722
	Delete on sbtest2  (cost=0.43..8.45 rows=0 width=0)
	  ->  Index Scan using sbtest2_pkey on sbtest2  (cost=0.43..8.45 rows=1 width=6)
	        Index Cond: (id = 7422722)

table 3 : explain DELETE FROM sbtest3 WHERE id=654429
	Delete on sbtest3  (cost=0.43..8.45 rows=0 width=0)
	  ->  Index Scan using sbtest3_pkey on sbtest3  (cost=0.43..8.45 rows=1 width=6)
	        Index Cond: (id = 654429)

table 4 : explain DELETE FROM sbtest4 WHERE id=1205764
	Delete on sbtest4  (cost=0.43..8.45 rows=0 width=0)
	  ->  Index Scan using sbtest4_pkey on sbtest4  (cost=0.43..8.45 rows=1 width=6)
	        Index Cond: (id = 1205764)

table 5 : explain DELETE FROM sbtest5 WHERE id=70750
	Delete on sbtest5  (cost=0.43..8.45 rows=0 width=0)
	  ->  Index Scan using sbtest5_pkey on sbtest5  (cost=0.43..8.45 rows=1 width=6)
	        Index Cond: (id = 70750)

table 6 : explain DELETE FROM sbtest6 WHERE id=9281278
	Delete on sbtest6  (cost=0.43..8.45 rows=0 width=0)
	  ->  Index Scan using sbtest6_pkey on sbtest6  (cost=0.43..8.45 rows=1 width=6)
	        Index Cond: (id = 9281278)

table 7 : explain DELETE FROM sbtest7 WHERE id=5449961
	Delete on sbtest7  (cost=0.43..8.45 rows=0 width=0)
	  ->  Index Scan using sbtest7_pkey on sbtest7  (cost=0.43..8.45 rows=1 width=6)
	        Index Cond: (id = 5449961)

table 8 : explain DELETE FROM sbtest8 WHERE id=272628
	Delete on sbtest8  (cost=0.43..8.45 rows=0 width=0)
	  ->  Index Scan using sbtest8_pkey on sbtest8  (cost=0.43..8.45 rows=1 width=6)
	        Index Cond: (id = 272628)

explain: for index_updates :: explain UPDATE sbtest%u SET k=k+1 WHERE id=%u
for inserts
table 1 : explain INSERT INTO sbtest1 (id, k, c, pad) VALUES (6857149, 13, 'foobar', 'foobar')
	Insert on sbtest1  (cost=0.00..0.01 rows=0 width=0)
	  ->  Result  (cost=0.00..0.01 rows=1 width=736)

table 2 : explain INSERT INTO sbtest2 (id, k, c, pad) VALUES (533302, 13, 'foobar', 'foobar')
	Insert on sbtest2  (cost=0.00..0.01 rows=0 width=0)
	  ->  Result  (cost=0.00..0.01 rows=1 width=736)

table 3 : explain INSERT INTO sbtest3 (id, k, c, pad) VALUES (6295777, 13, 'foobar', 'foobar')
	Insert on sbtest3  (cost=0.00..0.01 rows=0 width=0)
	  ->  Result  (cost=0.00..0.01 rows=1 width=736)

table 4 : explain INSERT INTO sbtest4 (id, k, c, pad) VALUES (6381280, 13, 'foobar', 'foobar')
	Insert on sbtest4  (cost=0.00..0.01 rows=0 width=0)
	  ->  Result  (cost=0.00..0.01 rows=1 width=736)

table 5 : explain INSERT INTO sbtest5 (id, k, c, pad) VALUES (6394642, 13, 'foobar', 'foobar')
	Insert on sbtest5  (cost=0.00..0.01 rows=0 width=0)
	  ->  Result  (cost=0.00..0.01 rows=1 width=736)

table 6 : explain INSERT INTO sbtest6 (id, k, c, pad) VALUES (253718, 13, 'foobar', 'foobar')
	Insert on sbtest6  (cost=0.00..0.01 rows=0 width=0)
	  ->  Result  (cost=0.00..0.01 rows=1 width=736)

table 7 : explain INSERT INTO sbtest7 (id, k, c, pad) VALUES (3807874, 13, 'foobar', 'foobar')
	Insert on sbtest7  (cost=0.00..0.01 rows=0 width=0)
	  ->  Result  (cost=0.00..0.01 rows=1 width=736)

table 8 : explain INSERT INTO sbtest8 (id, k, c, pad) VALUES (208463, 13, 'foobar', 'foobar')
	Insert on sbtest8  (cost=0.00..0.01 rows=0 width=0)
	  ->  Result  (cost=0.00..0.01 rows=1 width=736)

for non_index_updates
table 1 : explain UPDATE sbtest1 SET c='foobar' WHERE id=6261869
	Update on sbtest1  (cost=0.43..8.45 rows=0 width=0)
	  ->  Index Scan using sbtest1_pkey on sbtest1  (cost=0.43..8.45 rows=1 width=490)
	        Index Cond: (id = 6261869)

table 2 : explain UPDATE sbtest2 SET c='foobar' WHERE id=863030
	Update on sbtest2  (cost=0.43..8.45 rows=0 width=0)
	  ->  Index Scan using sbtest2_pkey on sbtest2  (cost=0.43..8.45 rows=1 width=490)
	        Index Cond: (id = 863030)

table 3 : explain UPDATE sbtest3 SET c='foobar' WHERE id=8501191
	Update on sbtest3  (cost=0.43..8.45 rows=0 width=0)
	  ->  Index Scan using sbtest3_pkey on sbtest3  (cost=0.43..8.45 rows=1 width=490)
	        Index Cond: (id = 8501191)

table 4 : explain UPDATE sbtest4 SET c='foobar' WHERE id=1895030
	Update on sbtest4  (cost=0.43..8.45 rows=0 width=0)
	  ->  Index Scan using sbtest4_pkey on sbtest4  (cost=0.43..8.45 rows=1 width=490)
	        Index Cond: (id = 1895030)

table 5 : explain UPDATE sbtest5 SET c='foobar' WHERE id=9770429
	Update on sbtest5  (cost=0.43..8.45 rows=0 width=0)
	  ->  Index Scan using sbtest5_pkey on sbtest5  (cost=0.43..8.45 rows=1 width=490)
	        Index Cond: (id = 9770429)

table 6 : explain UPDATE sbtest6 SET c='foobar' WHERE id=8850416
	Update on sbtest6  (cost=0.43..8.45 rows=0 width=0)
	  ->  Index Scan using sbtest6_pkey on sbtest6  (cost=0.43..8.45 rows=1 width=490)
	        Index Cond: (id = 8850416)

table 7 : explain UPDATE sbtest7 SET c='foobar' WHERE id=1203010
	Update on sbtest7  (cost=0.43..8.45 rows=0 width=0)
	  ->  Index Scan using sbtest7_pkey on sbtest7  (cost=0.43..8.45 rows=1 width=490)
	        Index Cond: (id = 1203010)

table 8 : explain UPDATE sbtest8 SET c='foobar' WHERE id=3286858
	Update on sbtest8  (cost=0.43..8.45 rows=0 width=0)
	  ->  Index Scan using sbtest8_pkey on sbtest8  (cost=0.43..8.45 rows=1 width=490)
	        Index Cond: (id = 3286858)

for index_updates
table 1 : explain UPDATE sbtest1 SET k=k+1 WHERE id=6997849
	Update on sbtest1  (cost=0.43..8.46 rows=0 width=0)
	  ->  Index Scan using sbtest1_pkey on sbtest1  (cost=0.43..8.46 rows=1 width=10)
	        Index Cond: (id = 6997849)

table 2 : explain UPDATE sbtest2 SET k=k+1 WHERE id=6336907
	Update on sbtest2  (cost=0.43..8.46 rows=0 width=0)
	  ->  Index Scan using sbtest2_pkey on sbtest2  (cost=0.43..8.46 rows=1 width=10)
	        Index Cond: (id = 6336907)

table 3 : explain UPDATE sbtest3 SET k=k+1 WHERE id=3436721
	Update on sbtest3  (cost=0.43..8.46 rows=0 width=0)
	  ->  Index Scan using sbtest3_pkey on sbtest3  (cost=0.43..8.46 rows=1 width=10)
	        Index Cond: (id = 3436721)

table 4 : explain UPDATE sbtest4 SET k=k+1 WHERE id=3477230
	Update on sbtest4  (cost=0.43..8.46 rows=0 width=0)
	  ->  Index Scan using sbtest4_pkey on sbtest4  (cost=0.43..8.46 rows=1 width=10)
	        Index Cond: (id = 3477230)

table 5 : explain UPDATE sbtest5 SET k=k+1 WHERE id=6249012
	Update on sbtest5  (cost=0.43..8.46 rows=0 width=0)
	  ->  Index Scan using sbtest5_pkey on sbtest5  (cost=0.43..8.46 rows=1 width=10)
	        Index Cond: (id = 6249012)

table 6 : explain UPDATE sbtest6 SET k=k+1 WHERE id=7282194
	Update on sbtest6  (cost=0.43..8.46 rows=0 width=0)
	  ->  Index Scan using sbtest6_pkey on sbtest6  (cost=0.43..8.46 rows=1 width=10)
	        Index Cond: (id = 7282194)

table 7 : explain UPDATE sbtest7 SET k=k+1 WHERE id=3178334
	Update on sbtest7  (cost=0.43..8.46 rows=0 width=0)
	  ->  Index Scan using sbtest7_pkey on sbtest7  (cost=0.43..8.46 rows=1 width=10)
	        Index Cond: (id = 3178334)

table 8 : explain UPDATE sbtest8 SET k=k+1 WHERE id=836380
	Update on sbtest8  (cost=0.43..8.46 rows=0 width=0)
	  ->  Index Scan using sbtest8_pkey on sbtest8  (cost=0.43..8.46 rows=1 width=10)
	        Index Cond: (id = 836380)

explain: for inserts :: explain INSERT INTO sbtest%u (id, k, c, pad) VALUES (%u, 13, 'foobar', 'foobar')
explain: for non_index_updates :: explain UPDATE sbtest%u SET c='foobar' WHERE id=%u
explain: for non_index_updates :: explain UPDATE sbtest%u SET c='foobar' WHERE id=%u
for index_updates
table 1 : explain UPDATE sbtest1 SET k=k+1 WHERE id=8892254
	Update on sbtest1  (cost=0.43..8.46 rows=0 width=0)
	  ->  Index Scan using sbtest1_pkey on sbtest1  (cost=0.43..8.46 rows=1 width=10)
	        Index Cond: (id = 8892254)

table 2 : explain UPDATE sbtest2 SET k=k+1 WHERE id=4728819
	Update on sbtest2  (cost=0.43..8.46 rows=0 width=0)
	  ->  Index Scan using sbtest2_pkey on sbtest2  (cost=0.43..8.46 rows=1 width=10)
	        Index Cond: (id = 4728819)

table 3 : explain UPDATE sbtest3 SET k=k+1 WHERE id=9323
	Update on sbtest3  (cost=0.43..8.46 rows=0 width=0)
	  ->  Index Scan using sbtest3_pkey on sbtest3  (cost=0.43..8.46 rows=1 width=10)
	        Index Cond: (id = 9323)

table 4 : explain UPDATE sbtest4 SET k=k+1 WHERE id=8870352
	Update on sbtest4  (cost=0.43..8.46 rows=0 width=0)
	  ->  Index Scan using sbtest4_pkey on sbtest4  (cost=0.43..8.46 rows=1 width=10)
	        Index Cond: (id = 8870352)

table 5 : explain UPDATE sbtest5 SET k=k+1 WHERE id=6222775
	Update on sbtest5  (cost=0.43..8.46 rows=0 width=0)
	  ->  Index Scan using sbtest5_pkey on sbtest5  (cost=0.43..8.46 rows=1 width=10)
	        Index Cond: (id = 6222775)

table 6 : explain UPDATE sbtest6 SET k=k+1 WHERE id=1815178
	Update on sbtest6  (cost=0.43..8.46 rows=0 width=0)
	  ->  Index Scan using sbtest6_pkey on sbtest6  (cost=0.43..8.46 rows=1 width=10)
	        Index Cond: (id = 1815178)

table 7 : explain UPDATE sbtest7 SET k=k+1 WHERE id=116253
	Update on sbtest7  (cost=0.43..8.46 rows=0 width=0)
	  ->  Index Scan using sbtest7_pkey on sbtest7  (cost=0.43..8.46 rows=1 width=10)
	        Index Cond: (id = 116253)

table 8 : explain UPDATE sbtest8 SET k=k+1 WHERE id=2774306
	Update on sbtest8  (cost=0.43..8.46 rows=0 width=0)
	  ->  Index Scan using sbtest8_pkey on sbtest8  (cost=0.43..8.46 rows=1 width=10)
	        Index Cond: (id = 2774306)

for: simple_ranges
table 1 : explain SELECT c FROM sbtest1 WHERE id BETWEEN 2319927 AND 2320026
	Index Scan using sbtest1_pkey on sbtest1  (cost=0.43..353.38 rows=92 width=121)
	  Index Cond: ((id >= 2319927) AND (id <= 2320026))

table 2 : explain SELECT c FROM sbtest2 WHERE id BETWEEN 9356783 AND 9356882
	Index Scan using sbtest2_pkey on sbtest2  (cost=0.43..384.84 rows=100 width=121)
	  Index Cond: ((id >= 9356783) AND (id <= 9356882))

table 3 : explain SELECT c FROM sbtest3 WHERE id BETWEEN 9253265 AND 9253364
	Index Scan using sbtest3_pkey on sbtest3  (cost=0.43..400.62 rows=104 width=121)
	  Index Cond: ((id >= 9253265) AND (id <= 9253364))

table 4 : explain SELECT c FROM sbtest4 WHERE id BETWEEN 7294689 AND 7294788
	Index Scan using sbtest4_pkey on sbtest4  (cost=0.43..377.16 rows=98 width=121)
	  Index Cond: ((id >= 7294689) AND (id <= 7294788))

table 5 : explain SELECT c FROM sbtest5 WHERE id BETWEEN 947382 AND 947481
	Index Scan using sbtest5_pkey on sbtest5  (cost=0.43..396.12 rows=103 width=121)
	  Index Cond: ((id >= 947382) AND (id <= 947481))

table 6 : explain SELECT c FROM sbtest6 WHERE id BETWEEN 4507382 AND 4507481
	Index Scan using sbtest6_pkey on sbtest6  (cost=0.43..366.41 rows=95 width=121)
	  Index Cond: ((id >= 4507382) AND (id <= 4507481))

table 7 : explain SELECT c FROM sbtest7 WHERE id BETWEEN 7516059 AND 7516158
	Index Scan using sbtest7_pkey on sbtest7  (cost=0.43..382.72 rows=99 width=121)
	  Index Cond: ((id >= 7516059) AND (id <= 7516158))

table 8 : explain SELECT c FROM sbtest8 WHERE id BETWEEN 3250983 AND 3251082
	Index Scan using sbtest8_pkey on sbtest8  (cost=0.43..392.73 rows=102 width=121)
	  Index Cond: ((id >= 3250983) AND (id <= 3251082))

for inserts
table 1 : explain INSERT INTO sbtest1 (id, k, c, pad) VALUES (7133110, 13, 'foobar', 'foobar')
	Insert on sbtest1  (cost=0.00..0.01 rows=0 width=0)
	  ->  Result  (cost=0.00..0.01 rows=1 width=736)

table 2 : explain INSERT INTO sbtest2 (id, k, c, pad) VALUES (2318606, 13, 'foobar', 'foobar')
	Insert on sbtest2  (cost=0.00..0.01 rows=0 width=0)
	  ->  Result  (cost=0.00..0.01 rows=1 width=736)

table 3 : explain INSERT INTO sbtest3 (id, k, c, pad) VALUES (7526207, 13, 'foobar', 'foobar')
	Insert on sbtest3  (cost=0.00..0.01 rows=0 width=0)
	  ->  Result  (cost=0.00..0.01 rows=1 width=736)

table 4 : explain INSERT INTO sbtest4 (id, k, c, pad) VALUES (7911431, 13, 'foobar', 'foobar')
	Insert on sbtest4  (cost=0.00..0.01 rows=0 width=0)
	  ->  Result  (cost=0.00..0.01 rows=1 width=736)

table 5 : explain INSERT INTO sbtest5 (id, k, c, pad) VALUES (4487255, 13, 'foobar', 'foobar')
	Insert on sbtest5  (cost=0.00..0.01 rows=0 width=0)
	  ->  Result  (cost=0.00..0.01 rows=1 width=736)

table 6 : explain INSERT INTO sbtest6 (id, k, c, pad) VALUES (4143681, 13, 'foobar', 'foobar')
	Insert on sbtest6  (cost=0.00..0.01 rows=0 width=0)
	  ->  Result  (cost=0.00..0.01 rows=1 width=736)

table 7 : explain INSERT INTO sbtest7 (id, k, c, pad) VALUES (581530, 13, 'foobar', 'foobar')
	Insert on sbtest7  (cost=0.00..0.01 rows=0 width=0)
	  ->  Result  (cost=0.00..0.01 rows=1 width=736)

table 8 : explain INSERT INTO sbtest8 (id, k, c, pad) VALUES (6340456, 13, 'foobar', 'foobar')
	Insert on sbtest8  (cost=0.00..0.01 rows=0 width=0)
	  ->  Result  (cost=0.00..0.01 rows=1 width=736)

explain: for non_index_updates :: explain UPDATE sbtest%u SET c='foobar' WHERE id=%u
for index_updates
table 1 : explain UPDATE sbtest1 SET k=k+1 WHERE id=2549792
	Update on sbtest1  (cost=0.43..8.46 rows=0 width=0)
	  ->  Index Scan using sbtest1_pkey on sbtest1  (cost=0.43..8.46 rows=1 width=10)
	        Index Cond: (id = 2549792)

table 2 : explain UPDATE sbtest2 SET k=k+1 WHERE id=6442009
	Update on sbtest2  (cost=0.43..8.46 rows=0 width=0)
	  ->  Index Scan using sbtest2_pkey on sbtest2  (cost=0.43..8.46 rows=1 width=10)
	        Index Cond: (id = 6442009)

table 3 : explain UPDATE sbtest3 SET k=k+1 WHERE id=3572039
	Update on sbtest3  (cost=0.43..8.46 rows=0 width=0)
	  ->  Index Scan using sbtest3_pkey on sbtest3  (cost=0.43..8.46 rows=1 width=10)
	        Index Cond: (id = 3572039)

table 4 : explain UPDATE sbtest4 SET k=k+1 WHERE id=3440731
	Update on sbtest4  (cost=0.43..8.46 rows=0 width=0)
	  ->  Index Scan using sbtest4_pkey on sbtest4  (cost=0.43..8.46 rows=1 width=10)
	        Index Cond: (id = 3440731)

table 5 : explain UPDATE sbtest5 SET k=k+1 WHERE id=8329657
	Update on sbtest5  (cost=0.43..8.46 rows=0 width=0)
	  ->  Index Scan using sbtest5_pkey on sbtest5  (cost=0.43..8.46 rows=1 width=10)
	        Index Cond: (id = 8329657)

table 6 : explain UPDATE sbtest6 SET k=k+1 WHERE id=438023
	Update on sbtest6  (cost=0.43..8.46 rows=0 width=0)
	  ->  Index Scan using sbtest6_pkey on sbtest6  (cost=0.43..8.46 rows=1 width=10)
	        Index Cond: (id = 438023)

table 7 : explain UPDATE sbtest7 SET k=k+1 WHERE id=8254727
	Update on sbtest7  (cost=0.43..8.46 rows=0 width=0)
	  ->  Index Scan using sbtest7_pkey on sbtest7  (cost=0.43..8.46 rows=1 width=10)
	        Index Cond: (id = 8254727)

table 8 : explain UPDATE sbtest8 SET k=k+1 WHERE id=2527989
	Update on sbtest8  (cost=0.43..8.46 rows=0 width=0)
	  ->  Index Scan using sbtest8_pkey on sbtest8  (cost=0.43..8.46 rows=1 width=10)
	        Index Cond: (id = 2527989)

explain: for deletes :: explain DELETE FROM sbtest%u WHERE id=%u
for: simple_ranges
table 1 : explain SELECT c FROM sbtest1 WHERE id BETWEEN 1631128 AND 1631227
	Index Scan using sbtest1_pkey on sbtest1  (cost=0.43..376.17 rows=98 width=121)
	  Index Cond: ((id >= 1631128) AND (id <= 1631227))

table 2 : explain SELECT c FROM sbtest2 WHERE id BETWEEN 544243 AND 544342
	Index Scan using sbtest2_pkey on sbtest2  (cost=0.43..377.24 rows=98 width=121)
	  Index Cond: ((id >= 544243) AND (id <= 544342))

table 3 : explain SELECT c FROM sbtest3 WHERE id BETWEEN 6561386 AND 6561485
	Index Scan using sbtest3_pkey on sbtest3  (cost=0.43..385.40 rows=100 width=121)
	  Index Cond: ((id >= 6561386) AND (id <= 6561485))

table 4 : explain SELECT c FROM sbtest4 WHERE id BETWEEN 1759610 AND 1759709
	Index Scan using sbtest4_pkey on sbtest4  (cost=0.43..369.56 rows=96 width=121)
	  Index Cond: ((id >= 1759610) AND (id <= 1759709))

table 5 : explain SELECT c FROM sbtest5 WHERE id BETWEEN 5185330 AND 5185429
	Index Scan using sbtest5_pkey on sbtest5  (cost=0.43..407.52 rows=106 width=121)
	  Index Cond: ((id >= 5185330) AND (id <= 5185429))

table 6 : explain SELECT c FROM sbtest6 WHERE id BETWEEN 9818472 AND 9818571
	Index Scan using sbtest6_pkey on sbtest6  (cost=0.43..377.83 rows=98 width=121)
	  Index Cond: ((id >= 9818472) AND (id <= 9818571))

table 7 : explain SELECT c FROM sbtest7 WHERE id BETWEEN 3373536 AND 3373635
	Index Scan using sbtest7_pkey on sbtest7  (cost=0.43..390.35 rows=101 width=121)
	  Index Cond: ((id >= 3373536) AND (id <= 3373635))

table 8 : explain SELECT c FROM sbtest8 WHERE id BETWEEN 2399163 AND 2399262
	Index Scan using sbtest8_pkey on sbtest8  (cost=0.43..347.04 rows=90 width=121)
	  Index Cond: ((id >= 2399163) AND (id <= 2399262))

explain: for non_index_updates :: explain UPDATE sbtest%u SET c='foobar' WHERE id=%u
for: order_ranges
table 1 : explain SELECT c FROM sbtest1 WHERE id BETWEEN 7863988 AND 7864087 ORDER BY c
	Sort  (cost=410.05..410.31 rows=106 width=121)
	  Sort Key: c
	  ->  Index Scan using sbtest1_pkey on sbtest1  (cost=0.43..406.48 rows=106 width=121)
	        Index Cond: ((id >= 7863988) AND (id <= 7864087))

table 2 : explain SELECT c FROM sbtest2 WHERE id BETWEEN 5339575 AND 5339674 ORDER BY c
	Sort  (cost=426.58..426.85 rows=110 width=121)
	  Sort Key: c
	  ->  Index Scan using sbtest2_pkey on sbtest2  (cost=0.43..422.85 rows=110 width=121)
	        Index Cond: ((id >= 5339575) AND (id <= 5339674))

table 3 : explain SELECT c FROM sbtest3 WHERE id BETWEEN 8633037 AND 8633136 ORDER BY c
	Sort  (cost=396.41..396.67 rows=102 width=121)
	  Sort Key: c
	  ->  Index Scan using sbtest3_pkey on sbtest3  (cost=0.43..393.01 rows=102 width=121)
	        Index Cond: ((id >= 8633037) AND (id <= 8633136))

table 4 : explain SELECT c FROM sbtest4 WHERE id BETWEEN 309266 AND 309365 ORDER BY c
	Sort  (cost=361.15..361.38 rows=93 width=121)
	  Sort Key: c
	  ->  Index Scan using sbtest4_pkey on sbtest4  (cost=0.43..358.11 rows=93 width=121)
	        Index Cond: ((id >= 309266) AND (id <= 309365))

table 5 : explain SELECT c FROM sbtest5 WHERE id BETWEEN 4304953 AND 4305052 ORDER BY c
	Sort  (cost=426.44..426.72 rows=110 width=121)
	  Sort Key: c
	  ->  Index Scan using sbtest5_pkey on sbtest5  (cost=0.43..422.71 rows=110 width=121)
	        Index Cond: ((id >= 4304953) AND (id <= 4305052))

table 6 : explain SELECT c FROM sbtest6 WHERE id BETWEEN 8402803 AND 8402902 ORDER BY c
	Sort  (cost=396.46..396.72 rows=102 width=121)
	  Sort Key: c
	  ->  Index Scan using sbtest6_pkey on sbtest6  (cost=0.43..393.06 rows=102 width=121)
	        Index Cond: ((id >= 8402803) AND (id <= 8402902))

table 7 : explain SELECT c FROM sbtest7 WHERE id BETWEEN 5316780 AND 5316879 ORDER BY c
	Sort  (cost=386.00..386.25 rows=99 width=121)
	  Sort Key: c
	  ->  Index Scan using sbtest7_pkey on sbtest7  (cost=0.43..382.72 rows=99 width=121)
	        Index Cond: ((id >= 5316780) AND (id <= 5316879))

table 8 : explain SELECT c FROM sbtest8 WHERE id BETWEEN 7653079 AND 7653178 ORDER BY c
	Sort  (cost=361.49..361.72 rows=93 width=121)
	  Sort Key: c
	  ->  Index Scan using sbtest8_pkey on sbtest8  (cost=0.43..358.45 rows=93 width=121)
	        Index Cond: ((id >= 7653079) AND (id <= 7653178))

explain: for non_index_updates :: explain UPDATE sbtest%u SET c='foobar' WHERE id=%u
for non_index_updates
table 1 : explain UPDATE sbtest1 SET c='foobar' WHERE id=5558114
	Update on sbtest1  (cost=0.43..8.45 rows=0 width=0)
	  ->  Index Scan using sbtest1_pkey on sbtest1  (cost=0.43..8.45 rows=1 width=490)
	        Index Cond: (id = 5558114)

table 2 : explain UPDATE sbtest2 SET c='foobar' WHERE id=4230746
	Update on sbtest2  (cost=0.43..8.45 rows=0 width=0)
	  ->  Index Scan using sbtest2_pkey on sbtest2  (cost=0.43..8.45 rows=1 width=490)
	        Index Cond: (id = 4230746)

table 3 : explain UPDATE sbtest3 SET c='foobar' WHERE id=7503088
	Update on sbtest3  (cost=0.43..8.45 rows=0 width=0)
	  ->  Index Scan using sbtest3_pkey on sbtest3  (cost=0.43..8.45 rows=1 width=490)
	        Index Cond: (id = 7503088)

table 4 : explain UPDATE sbtest4 SET c='foobar' WHERE id=3510496
	Update on sbtest4  (cost=0.43..8.45 rows=0 width=0)
	  ->  Index Scan using sbtest4_pkey on sbtest4  (cost=0.43..8.45 rows=1 width=490)
	        Index Cond: (id = 3510496)

table 5 : explain UPDATE sbtest5 SET c='foobar' WHERE id=5748472
	Update on sbtest5  (cost=0.43..8.45 rows=0 width=0)
	  ->  Index Scan using sbtest5_pkey on sbtest5  (cost=0.43..8.45 rows=1 width=490)
	        Index Cond: (id = 5748472)

table 6 : explain UPDATE sbtest6 SET c='foobar' WHERE id=2083540
	Update on sbtest6  (cost=0.43..8.45 rows=0 width=0)
	  ->  Index Scan using sbtest6_pkey on sbtest6  (cost=0.43..8.45 rows=1 width=490)
	        Index Cond: (id = 2083540)

table 7 : explain UPDATE sbtest7 SET c='foobar' WHERE id=6142283
	Update on sbtest7  (cost=0.43..8.45 rows=0 width=0)
	  ->  Index Scan using sbtest7_pkey on sbtest7  (cost=0.43..8.45 rows=1 width=490)
	        Index Cond: (id = 6142283)

table 8 : explain UPDATE sbtest8 SET c='foobar' WHERE id=3437642
	Update on sbtest8  (cost=0.43..8.45 rows=0 width=0)
	  ->  Index Scan using sbtest8_pkey on sbtest8  (cost=0.43..8.45 rows=1 width=490)
	        Index Cond: (id = 3437642)

for: distinct_ranges
table 1 : explain SELECT DISTINCT c FROM sbtest1 WHERE id BETWEEN 9787657 AND 9787756 ORDER BY c
	Unique  (cost=383.24..383.74 rows=99 width=121)
	  ->  Sort  (cost=383.24..383.49 rows=99 width=121)
	        Sort Key: c
	        ->  Index Scan using sbtest1_pkey on sbtest1  (cost=0.43..379.96 rows=99 width=121)
	              Index Cond: ((id >= 9787657) AND (id <= 9787756))

table 2 : explain SELECT DISTINCT c FROM sbtest2 WHERE id BETWEEN 1316588 AND 1316687 ORDER BY c
	Unique  (cost=384.33..384.82 rows=99 width=121)
	  ->  Sort  (cost=384.33..384.57 rows=99 width=121)
	        Sort Key: c
	        ->  Index Scan using sbtest2_pkey on sbtest2  (cost=0.43..381.04 rows=99 width=121)
	              Index Cond: ((id >= 1316588) AND (id <= 1316687))

table 3 : explain SELECT DISTINCT c FROM sbtest3 WHERE id BETWEEN 4273839 AND 4273938 ORDER BY c
	Unique  (cost=400.26..400.77 rows=103 width=121)
	  ->  Sort  (cost=400.26..400.52 rows=103 width=121)
	        Sort Key: c
	        ->  Index Scan using sbtest3_pkey on sbtest3  (cost=0.43..396.81 rows=103 width=121)
	              Index Cond: ((id >= 4273839) AND (id <= 4273938))

table 4 : explain SELECT DISTINCT c FROM sbtest4 WHERE id BETWEEN 8116544 AND 8116643 ORDER BY c
	Unique  (cost=380.40..380.89 rows=98 width=121)
	  ->  Sort  (cost=380.40..380.65 rows=98 width=121)
	        Sort Key: c
	        ->  Index Scan using sbtest4_pkey on sbtest4  (cost=0.43..377.16 rows=98 width=121)
	              Index Cond: ((id >= 8116544) AND (id <= 8116643))

table 5 : explain SELECT DISTINCT c FROM sbtest5 WHERE id BETWEEN 6397296 AND 6397395 ORDER BY c
	Unique  (cost=407.24..407.77 rows=105 width=121)
	  ->  Sort  (cost=407.24..407.50 rows=105 width=121)
	        Sort Key: c
	        ->  Index Scan using sbtest5_pkey on sbtest5  (cost=0.43..403.72 rows=105 width=121)
	              Index Cond: ((id >= 6397296) AND (id <= 6397395))

table 6 : explain SELECT DISTINCT c FROM sbtest6 WHERE id BETWEEN 952996 AND 953095 ORDER BY c
	Unique  (cost=377.23..377.71 rows=97 width=121)
	  ->  Sort  (cost=377.23..377.47 rows=97 width=121)
	        Sort Key: c
	        ->  Index Scan using sbtest6_pkey on sbtest6  (cost=0.43..374.03 rows=97 width=121)
	              Index Cond: ((id >= 952996) AND (id <= 953095))

table 7 : explain SELECT DISTINCT c FROM sbtest7 WHERE id BETWEEN 7813647 AND 7813746 ORDER BY c
	Unique  (cost=386.00..386.49 rows=99 width=121)
	  ->  Sort  (cost=386.00..386.25 rows=99 width=121)
	        Sort Key: c
	        ->  Index Scan using sbtest7_pkey on sbtest7  (cost=0.43..382.72 rows=99 width=121)
	              Index Cond: ((id >= 7813647) AND (id <= 7813746))

table 8 : explain SELECT DISTINCT c FROM sbtest8 WHERE id BETWEEN 9371725 AND 9371824 ORDER BY c
	Unique  (cost=438.42..438.98 rows=113 width=121)
	  ->  Sort  (cost=438.42..438.70 rows=113 width=121)
	        Sort Key: c
	        ->  Index Scan using sbtest8_pkey on sbtest8  (cost=0.43..434.56 rows=113 width=121)
	              Index Cond: ((id >= 9371725) AND (id <= 9371824))

for non_index_updates
table 1 : explain UPDATE sbtest1 SET c='foobar' WHERE id=7108160
	Update on sbtest1  (cost=0.43..8.45 rows=0 width=0)
	  ->  Index Scan using sbtest1_pkey on sbtest1  (cost=0.43..8.45 rows=1 width=490)
	        Index Cond: (id = 7108160)

table 2 : explain UPDATE sbtest2 SET c='foobar' WHERE id=1043387
	Update on sbtest2  (cost=0.43..8.45 rows=0 width=0)
	  ->  Index Scan using sbtest2_pkey on sbtest2  (cost=0.43..8.45 rows=1 width=490)
	        Index Cond: (id = 1043387)

table 3 : explain UPDATE sbtest3 SET c='foobar' WHERE id=143307
	Update on sbtest3  (cost=0.43..8.45 rows=0 width=0)
	  ->  Index Scan using sbtest3_pkey on sbtest3  (cost=0.43..8.45 rows=1 width=490)
	        Index Cond: (id = 143307)

table 4 : explain UPDATE sbtest4 SET c='foobar' WHERE id=2041392
	Update on sbtest4  (cost=0.43..8.45 rows=0 width=0)
	  ->  Index Scan using sbtest4_pkey on sbtest4  (cost=0.43..8.45 rows=1 width=490)
	        Index Cond: (id = 2041392)

table 5 : explain UPDATE sbtest5 SET c='foobar' WHERE id=9016988
	Update on sbtest5  (cost=0.43..8.45 rows=0 width=0)
	  ->  Index Scan using sbtest5_pkey on sbtest5  (cost=0.43..8.45 rows=1 width=490)
	        Index Cond: (id = 9016988)

table 6 : explain UPDATE sbtest6 SET c='foobar' WHERE id=5727834
	Update on sbtest6  (cost=0.43..8.45 rows=0 width=0)
	  ->  Index Scan using sbtest6_pkey on sbtest6  (cost=0.43..8.45 rows=1 width=490)
	        Index Cond: (id = 5727834)

table 7 : explain UPDATE sbtest7 SET c='foobar' WHERE id=8093830
	Update on sbtest7  (cost=0.43..8.45 rows=0 width=0)
	  ->  Index Scan using sbtest7_pkey on sbtest7  (cost=0.43..8.45 rows=1 width=490)
	        Index Cond: (id = 8093830)

table 8 : explain UPDATE sbtest8 SET c='foobar' WHERE id=1530325
	Update on sbtest8  (cost=0.43..8.45 rows=0 width=0)
	  ->  Index Scan using sbtest8_pkey on sbtest8  (cost=0.43..8.45 rows=1 width=490)
	        Index Cond: (id = 1530325)

for: distinct_ranges
table 1 : explain SELECT DISTINCT c FROM sbtest1 WHERE id BETWEEN 3444823 AND 3444922 ORDER BY c
	Unique  (cost=413.88..414.41 rows=107 width=121)
	  ->  Sort  (cost=413.88..414.15 rows=107 width=121)
	        Sort Key: c
	        ->  Index Scan using sbtest1_pkey on sbtest1  (cost=0.43..410.27 rows=107 width=121)
	              Index Cond: ((id >= 3444823) AND (id <= 3444922))

table 2 : explain SELECT DISTINCT c FROM sbtest2 WHERE id BETWEEN 1299438 AND 1299537 ORDER BY c
	Unique  (cost=395.85..396.36 rows=102 width=121)
	  ->  Sort  (cost=395.85..396.10 rows=102 width=121)
	        Sort Key: c
	        ->  Index Scan using sbtest2_pkey on sbtest2  (cost=0.43..392.45 rows=102 width=121)
	              Index Cond: ((id >= 1299438) AND (id <= 1299537))

table 3 : explain SELECT DISTINCT c FROM sbtest3 WHERE id BETWEEN 6016222 AND 6016321 ORDER BY c
	Unique  (cost=377.18..377.66 rows=97 width=121)
	  ->  Sort  (cost=377.18..377.42 rows=97 width=121)
	        Sort Key: c
	        ->  Index Scan using sbtest3_pkey on sbtest3  (cost=0.43..373.98 rows=97 width=121)
	              Index Cond: ((id >= 6016222) AND (id <= 6016321))

table 4 : explain SELECT DISTINCT c FROM sbtest4 WHERE id BETWEEN 2677604 AND 2677703 ORDER BY c
	Unique  (cost=414.96..415.50 rows=107 width=121)
	  ->  Sort  (cost=414.96..415.23 rows=107 width=121)
	        Sort Key: c
	        ->  Index Scan using sbtest4_pkey on sbtest4  (cost=0.43..411.36 rows=107 width=121)
	              Index Cond: ((id >= 2677604) AND (id <= 2677703))

table 5 : explain SELECT DISTINCT c FROM sbtest5 WHERE id BETWEEN 7317171 AND 7317270 ORDER BY c
	Unique  (cost=365.01..365.48 rows=94 width=121)
	  ->  Sort  (cost=365.01..365.24 rows=94 width=121)
	        Sort Key: c
	        ->  Index Scan using sbtest5_pkey on sbtest5  (cost=0.43..361.93 rows=94 width=121)
	              Index Cond: ((id >= 7317171) AND (id <= 7317270))

table 6 : explain SELECT DISTINCT c FROM sbtest6 WHERE id BETWEEN 6199890 AND 6199989 ORDER BY c
	Unique  (cost=404.16..404.68 rows=104 width=121)
	  ->  Sort  (cost=404.16..404.42 rows=104 width=121)
	        Sort Key: c
	        ->  Index Scan using sbtest6_pkey on sbtest6  (cost=0.43..400.67 rows=104 width=121)
	              Index Cond: ((id >= 6199890) AND (id <= 6199989))

table 7 : explain SELECT DISTINCT c FROM sbtest7 WHERE id BETWEEN 2130844 AND 2130943 ORDER BY c
	Unique  (cost=386.00..386.49 rows=99 width=121)
	  ->  Sort  (cost=386.00..386.25 rows=99 width=121)
	        Sort Key: c
	        ->  Index Scan using sbtest7_pkey on sbtest7  (cost=0.43..382.72 rows=99 width=121)
	              Index Cond: ((id >= 2130844) AND (id <= 2130943))

table 8 : explain SELECT DISTINCT c FROM sbtest8 WHERE id BETWEEN 7028392 AND 7028491 ORDER BY c
	Unique  (cost=369.23..369.70 rows=95 width=121)
	  ->  Sort  (cost=369.23..369.47 rows=95 width=121)
	        Sort Key: c
	        ->  Index Scan using sbtest8_pkey on sbtest8  (cost=0.43..366.11 rows=95 width=121)
	              Index Cond: ((id >= 7028392) AND (id <= 7028491))

for non_index_updates
table 1 : explain UPDATE sbtest1 SET c='foobar' WHERE id=1390365
	Update on sbtest1  (cost=0.43..8.45 rows=0 width=0)
	  ->  Index Scan using sbtest1_pkey on sbtest1  (cost=0.43..8.45 rows=1 width=490)
	        Index Cond: (id = 1390365)

table 2 : explain UPDATE sbtest2 SET c='foobar' WHERE id=7323282
	Update on sbtest2  (cost=0.43..8.45 rows=0 width=0)
	  ->  Index Scan using sbtest2_pkey on sbtest2  (cost=0.43..8.45 rows=1 width=490)
	        Index Cond: (id = 7323282)

table 3 : explain UPDATE sbtest3 SET c='foobar' WHERE id=3989222
	Update on sbtest3  (cost=0.43..8.45 rows=0 width=0)
	  ->  Index Scan using sbtest3_pkey on sbtest3  (cost=0.43..8.45 rows=1 width=490)
	        Index Cond: (id = 3989222)

table 4 : explain UPDATE sbtest4 SET c='foobar' WHERE id=9203934
	Update on sbtest4  (cost=0.43..8.45 rows=0 width=0)
	  ->  Index Scan using sbtest4_pkey on sbtest4  (cost=0.43..8.45 rows=1 width=490)
	        Index Cond: (id = 9203934)

table 5 : explain UPDATE sbtest5 SET c='foobar' WHERE id=3034562
	Update on sbtest5  (cost=0.43..8.45 rows=0 width=0)
	  ->  Index Scan using sbtest5_pkey on sbtest5  (cost=0.43..8.45 rows=1 width=490)
	        Index Cond: (id = 3034562)

table 6 : explain UPDATE sbtest6 SET c='foobar' WHERE id=6175718
	Update on sbtest6  (cost=0.43..8.45 rows=0 width=0)
	  ->  Index Scan using sbtest6_pkey on sbtest6  (cost=0.43..8.45 rows=1 width=490)
	        Index Cond: (id = 6175718)

table 7 : explain UPDATE sbtest7 SET c='foobar' WHERE id=9718826
	Update on sbtest7  (cost=0.43..8.45 rows=0 width=0)
	  ->  Index Scan using sbtest7_pkey on sbtest7  (cost=0.43..8.45 rows=1 width=490)
	        Index Cond: (id = 9718826)

table 8 : explain UPDATE sbtest8 SET c='foobar' WHERE id=6303347
	Update on sbtest8  (cost=0.43..8.45 rows=0 width=0)
	  ->  Index Scan using sbtest8_pkey on sbtest8  (cost=0.43..8.45 rows=1 width=490)
	        Index Cond: (id = 6303347)

explain: for point_selects :: explain SELECT c FROM sbtest%u WHERE id=%u
for deletes
table 1 : explain DELETE FROM sbtest1 WHERE id=8477405
	Delete on sbtest1  (cost=0.43..8.45 rows=0 width=0)
	  ->  Index Scan using sbtest1_pkey on sbtest1  (cost=0.43..8.45 rows=1 width=6)
	        Index Cond: (id = 8477405)

table 2 : explain DELETE FROM sbtest2 WHERE id=6962035
	Delete on sbtest2  (cost=0.43..8.45 rows=0 width=0)
	  ->  Index Scan using sbtest2_pkey on sbtest2  (cost=0.43..8.45 rows=1 width=6)
	        Index Cond: (id = 6962035)

table 3 : explain DELETE FROM sbtest3 WHERE id=8132908
	Delete on sbtest3  (cost=0.43..8.45 rows=0 width=0)
	  ->  Index Scan using sbtest3_pkey on sbtest3  (cost=0.43..8.45 rows=1 width=6)
	        Index Cond: (id = 8132908)

table 4 : explain DELETE FROM sbtest4 WHERE id=7607488
	Delete on sbtest4  (cost=0.43..8.45 rows=0 width=0)
	  ->  Index Scan using sbtest4_pkey on sbtest4  (cost=0.43..8.45 rows=1 width=6)
	        Index Cond: (id = 7607488)

table 5 : explain DELETE FROM sbtest5 WHERE id=1512250
	Delete on sbtest5  (cost=0.43..8.45 rows=0 width=0)
	  ->  Index Scan using sbtest5_pkey on sbtest5  (cost=0.43..8.45 rows=1 width=6)
	        Index Cond: (id = 1512250)

table 6 : explain DELETE FROM sbtest6 WHERE id=6357090
	Delete on sbtest6  (cost=0.43..8.45 rows=0 width=0)
	  ->  Index Scan using sbtest6_pkey on sbtest6  (cost=0.43..8.45 rows=1 width=6)
	        Index Cond: (id = 6357090)

table 7 : explain DELETE FROM sbtest7 WHERE id=1923402
	Delete on sbtest7  (cost=0.43..8.45 rows=0 width=0)
	  ->  Index Scan using sbtest7_pkey on sbtest7  (cost=0.43..8.45 rows=1 width=6)
	        Index Cond: (id = 1923402)

table 8 : explain DELETE FROM sbtest8 WHERE id=6923238
	Delete on sbtest8  (cost=0.43..8.45 rows=0 width=0)
	  ->  Index Scan using sbtest8_pkey on sbtest8  (cost=0.43..8.45 rows=1 width=6)
	        Index Cond: (id = 6923238)

for: sum_ranges
table 1 : explain SELECT SUM(k) FROM sbtest1 WHERE id BETWEEN 6009426 AND 6009525
	Aggregate  (cost=399.17..399.18 rows=1 width=8)
	  ->  Index Scan using sbtest1_pkey on sbtest1  (cost=0.43..398.91 rows=104 width=4)
	        Index Cond: ((id >= 6009426) AND (id <= 6009525))

table 2 : explain SELECT SUM(k) FROM sbtest2 WHERE id BETWEEN 7318123 AND 7318222
	Aggregate  (cost=377.49..377.50 rows=1 width=8)
	  ->  Index Scan using sbtest2_pkey on sbtest2  (cost=0.43..377.24 rows=98 width=4)
	        Index Cond: ((id >= 7318123) AND (id <= 7318222))

table 3 : explain SELECT SUM(k) FROM sbtest3 WHERE id BETWEEN 9048232 AND 9048331
	Aggregate  (cost=370.36..370.37 rows=1 width=8)
	  ->  Index Scan using sbtest3_pkey on sbtest3  (cost=0.43..370.12 rows=96 width=4)
	        Index Cond: ((id >= 9048232) AND (id <= 9048331))

table 4 : explain SELECT SUM(k) FROM sbtest4 WHERE id BETWEEN 3857213 AND 3857312
	Aggregate  (cost=396.42..396.43 rows=1 width=8)
	  ->  Index Scan using sbtest4_pkey on sbtest4  (cost=0.43..396.16 rows=103 width=4)
	        Index Cond: ((id >= 3857213) AND (id <= 3857312))

table 5 : explain SELECT SUM(k) FROM sbtest5 WHERE id BETWEEN 1243796 AND 1243895
	Aggregate  (cost=358.31..358.32 rows=1 width=8)
	  ->  Index Scan using sbtest5_pkey on sbtest5  (cost=0.43..358.07 rows=93 width=4)
	        Index Cond: ((id >= 1243796) AND (id <= 1243895))

table 6 : explain SELECT SUM(k) FROM sbtest6 WHERE id BETWEEN 4327594 AND 4327693
	Aggregate  (cost=404.74..404.75 rows=1 width=8)
	  ->  Index Scan using sbtest6_pkey on sbtest6  (cost=0.43..404.48 rows=105 width=4)
	        Index Cond: ((id >= 4327594) AND (id <= 4327693))

table 7 : explain SELECT SUM(k) FROM sbtest7 WHERE id BETWEEN 8490151 AND 8490250
	Aggregate  (cost=382.97..382.98 rows=1 width=8)
	  ->  Index Scan using sbtest7_pkey on sbtest7  (cost=0.43..382.72 rows=99 width=4)
	        Index Cond: ((id >= 8490151) AND (id <= 8490250))

table 8 : explain SELECT SUM(k) FROM sbtest8 WHERE id BETWEEN 2209522 AND 2209621
	Aggregate  (cost=404.40..404.41 rows=1 width=8)
	  ->  Index Scan using sbtest8_pkey on sbtest8  (cost=0.43..404.14 rows=105 width=4)
	        Index Cond: ((id >= 2209522) AND (id <= 2209621))

explain: for deletes :: explain DELETE FROM sbtest%u WHERE id=%u
explain: for index_updates :: explain UPDATE sbtest%u SET k=k+1 WHERE id=%u
explain: for index_updates :: explain UPDATE sbtest%u SET k=k+1 WHERE id=%u
for non_index_updates
table 1 : explain UPDATE sbtest1 SET c='foobar' WHERE id=2543038
	Update on sbtest1  (cost=0.43..8.45 rows=0 width=0)
	  ->  Index Scan using sbtest1_pkey on sbtest1  (cost=0.43..8.45 rows=1 width=490)
	        Index Cond: (id = 2543038)

table 2 : explain UPDATE sbtest2 SET c='foobar' WHERE id=643035
	Update on sbtest2  (cost=0.43..8.45 rows=0 width=0)
	  ->  Index Scan using sbtest2_pkey on sbtest2  (cost=0.43..8.45 rows=1 width=490)
	        Index Cond: (id = 643035)

table 3 : explain UPDATE sbtest3 SET c='foobar' WHERE id=175907
	Update on sbtest3  (cost=0.43..8.45 rows=0 width=0)
	  ->  Index Scan using sbtest3_pkey on sbtest3  (cost=0.43..8.45 rows=1 width=490)
	        Index Cond: (id = 175907)

table 4 : explain UPDATE sbtest4 SET c='foobar' WHERE id=1378619
	Update on sbtest4  (cost=0.43..8.45 rows=0 width=0)
	  ->  Index Scan using sbtest4_pkey on sbtest4  (cost=0.43..8.45 rows=1 width=490)
	        Index Cond: (id = 1378619)

table 5 : explain UPDATE sbtest5 SET c='foobar' WHERE id=3227162
	Update on sbtest5  (cost=0.43..8.45 rows=0 width=0)
	  ->  Index Scan using sbtest5_pkey on sbtest5  (cost=0.43..8.45 rows=1 width=490)
	        Index Cond: (id = 3227162)

table 6 : explain UPDATE sbtest6 SET c='foobar' WHERE id=3368676
	Update on sbtest6  (cost=0.43..8.45 rows=0 width=0)
	  ->  Index Scan using sbtest6_pkey on sbtest6  (cost=0.43..8.45 rows=1 width=490)
	        Index Cond: (id = 3368676)

table 7 : explain UPDATE sbtest7 SET c='foobar' WHERE id=3137894
	Update on sbtest7  (cost=0.43..8.45 rows=0 width=0)
	  ->  Index Scan using sbtest7_pkey on sbtest7  (cost=0.43..8.45 rows=1 width=490)
	        Index Cond: (id = 3137894)

table 8 : explain UPDATE sbtest8 SET c='foobar' WHERE id=641866
	Update on sbtest8  (cost=0.43..8.45 rows=0 width=0)
	  ->  Index Scan using sbtest8_pkey on sbtest8  (cost=0.43..8.45 rows=1 width=490)
	        Index Cond: (id = 641866)
explain: for deletes :: explain DELETE FROM sbtest%u WHERE id=%u

explain: for inserts :: explain INSERT INTO sbtest%u (id, k, c, pad) VALUES (%u, 13, 'foobar', 'foobar')
for non_index_updates
table 1 : explain UPDATE sbtest1 SET c='foobar' WHERE id=2704030
	Update on sbtest1  (cost=0.43..8.45 rows=0 width=0)
	  ->  Index Scan using sbtest1_pkey on sbtest1  (cost=0.43..8.45 rows=1 width=490)
	        Index Cond: (id = 2704030)

table 2 : explain UPDATE sbtest2 SET c='foobar' WHERE id=3382803
	Update on sbtest2  (cost=0.43..8.45 rows=0 width=0)
	  ->  Index Scan using sbtest2_pkey on sbtest2  (cost=0.43..8.45 rows=1 width=490)
	        Index Cond: (id = 3382803)

table 3 : explain UPDATE sbtest3 SET c='foobar' WHERE id=8482785
	Update on sbtest3  (cost=0.43..8.45 rows=0 width=0)
	  ->  Index Scan using sbtest3_pkey on sbtest3  (cost=0.43..8.45 rows=1 width=490)
	        Index Cond: (id = 8482785)

table 4 : explain UPDATE sbtest4 SET c='foobar' WHERE id=3853555
	Update on sbtest4  (cost=0.43..8.45 rows=0 width=0)
	  ->  Index Scan using sbtest4_pkey on sbtest4  (cost=0.43..8.45 rows=1 width=490)
	        Index Cond: (id = 3853555)

table 5 : explain UPDATE sbtest5 SET c='foobar' WHERE id=6992647
	Update on sbtest5  (cost=0.43..8.45 rows=0 width=0)
	  ->  Index Scan using sbtest5_pkey on sbtest5  (cost=0.43..8.45 rows=1 width=490)
	        Index Cond: (id = 6992647)

table 6 : explain UPDATE sbtest6 SET c='foobar' WHERE id=3834564
	Update on sbtest6  (cost=0.43..8.45 rows=0 width=0)
	  ->  Index Scan using sbtest6_pkey on sbtest6  (cost=0.43..8.45 rows=1 width=490)
	        Index Cond: (id = 3834564)

table 7 : explain UPDATE sbtest7 SET c='foobar' WHERE id=370614
	Update on sbtest7  (cost=0.43..8.45 rows=0 width=0)
	  ->  Index Scan using sbtest7_pkey on sbtest7  (cost=0.43..8.45 rows=1 width=490)
	        Index Cond: (id = 370614)

table 8 : explain UPDATE sbtest8 SET c='foobar' WHERE id=328753
	Update on sbtest8  (cost=0.43..8.45 rows=0 width=0)
	  ->  Index Scan using sbtest8_pkey on sbtest8  (cost=0.43..8.45 rows=1 width=490)
	        Index Cond: (id = 328753)

for deletes
table 1 : explain DELETE FROM sbtest1 WHERE id=8559222
	Delete on sbtest1  (cost=0.43..8.45 rows=0 width=0)
	  ->  Index Scan using sbtest1_pkey on sbtest1  (cost=0.43..8.45 rows=1 width=6)
	        Index Cond: (id = 8559222)

table 2 : explain DELETE FROM sbtest2 WHERE id=3965361
	Delete on sbtest2  (cost=0.43..8.45 rows=0 width=0)
	  ->  Index Scan using sbtest2_pkey on sbtest2  (cost=0.43..8.45 rows=1 width=6)
	        Index Cond: (id = 3965361)

table 3 : explain DELETE FROM sbtest3 WHERE id=6482785
	Delete on sbtest3  (cost=0.43..8.45 rows=0 width=0)
	  ->  Index Scan using sbtest3_pkey on sbtest3  (cost=0.43..8.45 rows=1 width=6)
	        Index Cond: (id = 6482785)

table 4 : explain DELETE FROM sbtest4 WHERE id=8009714
	Delete on sbtest4  (cost=0.43..8.45 rows=0 width=0)
	  ->  Index Scan using sbtest4_pkey on sbtest4  (cost=0.43..8.45 rows=1 width=6)
	        Index Cond: (id = 8009714)

table 5 : explain DELETE FROM sbtest5 WHERE id=30372
	Delete on sbtest5  (cost=0.43..8.45 rows=0 width=0)
	  ->  Index Scan using sbtest5_pkey on sbtest5  (cost=0.43..8.45 rows=1 width=6)
	        Index Cond: (id = 30372)

table 6 : explain DELETE FROM sbtest6 WHERE id=6798177
	Delete on sbtest6  (cost=0.43..8.45 rows=0 width=0)
	  ->  Index Scan using sbtest6_pkey on sbtest6  (cost=0.43..8.45 rows=1 width=6)
	        Index Cond: (id = 6798177)

table 7 : explain DELETE FROM sbtest7 WHERE id=9036899
	Delete on sbtest7  (cost=0.43..8.45 rows=0 width=0)
	  ->  Index Scan using sbtest7_pkey on sbtest7  (cost=0.43..8.45 rows=1 width=6)
	        Index Cond: (id = 9036899)

table 8 : explain DELETE FROM sbtest8 WHERE id=3446729
	Delete on sbtest8  (cost=0.43..8.45 rows=0 width=0)
	  ->  Index Scan using sbtest8_pkey on sbtest8  (cost=0.43..8.45 rows=1 width=6)
	        Index Cond: (id = 3446729)

explain: for deletes :: explain DELETE FROM sbtest%u WHERE id=%u
explain: for deletes :: explain DELETE FROM sbtest%u WHERE id=%u
for deletes
table 1 : explain DELETE FROM sbtest1 WHERE id=5400555
	Delete on sbtest1  (cost=0.43..8.45 rows=0 width=0)
	  ->  Index Scan using sbtest1_pkey on sbtest1  (cost=0.43..8.45 rows=1 width=6)
	        Index Cond: (id = 5400555)

table 2 : explain DELETE FROM sbtest2 WHERE id=486152
	Delete on sbtest2  (cost=0.43..8.45 rows=0 width=0)
	  ->  Index Scan using sbtest2_pkey on sbtest2  (cost=0.43..8.45 rows=1 width=6)
	        Index Cond: (id = 486152)

table 3 : explain DELETE FROM sbtest3 WHERE id=6427022
	Delete on sbtest3  (cost=0.43..8.45 rows=0 width=0)
	  ->  Index Scan using sbtest3_pkey on sbtest3  (cost=0.43..8.45 rows=1 width=6)
	        Index Cond: (id = 6427022)

table 4 : explain DELETE FROM sbtest4 WHERE id=24602
	Delete on sbtest4  (cost=0.43..8.45 rows=0 width=0)
	  ->  Index Scan using sbtest4_pkey on sbtest4  (cost=0.43..8.45 rows=1 width=6)
	        Index Cond: (id = 24602)

table 5 : explain DELETE FROM sbtest5 WHERE id=9059368
	Delete on sbtest5  (cost=0.43..8.45 rows=0 width=0)
	  ->  Index Scan using sbtest5_pkey on sbtest5  (cost=0.43..8.45 rows=1 width=6)
	        Index Cond: (id = 9059368)

table 6 : explain DELETE FROM sbtest6 WHERE id=5548942
	Delete on sbtest6  (cost=0.43..8.45 rows=0 width=0)
	  ->  Index Scan using sbtest6_pkey on sbtest6  (cost=0.43..8.45 rows=1 width=6)
	        Index Cond: (id = 5548942)

table 7 : explain DELETE FROM sbtest7 WHERE id=316879
	Delete on sbtest7  (cost=0.43..8.45 rows=0 width=0)
	  ->  Index Scan using sbtest7_pkey on sbtest7  (cost=0.43..8.45 rows=1 width=6)
	        Index Cond: (id = 316879)

table 8 : explain DELETE FROM sbtest8 WHERE id=9673299
	Delete on sbtest8  (cost=0.43..8.45 rows=0 width=0)
	  ->  Index Scan using sbtest8_pkey on sbtest8  (cost=0.43..8.45 rows=1 width=6)
	        Index Cond: (id = 9673299)

for index_updates
table 1 : explain UPDATE sbtest1 SET k=k+1 WHERE id=2263721
	Update on sbtest1  (cost=0.43..8.46 rows=0 width=0)
	  ->  Index Scan using sbtest1_pkey on sbtest1  (cost=0.43..8.46 rows=1 width=10)
	        Index Cond: (id = 2263721)

table 2 : explain UPDATE sbtest2 SET k=k+1 WHERE id=4148557
	Update on sbtest2  (cost=0.43..8.46 rows=0 width=0)
	  ->  Index Scan using sbtest2_pkey on sbtest2  (cost=0.43..8.46 rows=1 width=10)
	        Index Cond: (id = 4148557)

table 3 : explain UPDATE sbtest3 SET k=k+1 WHERE id=2505174
	Update on sbtest3  (cost=0.43..8.46 rows=0 width=0)
	  ->  Index Scan using sbtest3_pkey on sbtest3  (cost=0.43..8.46 rows=1 width=10)
	        Index Cond: (id = 2505174)

table 4 : explain UPDATE sbtest4 SET k=k+1 WHERE id=3405135
	Update on sbtest4  (cost=0.43..8.46 rows=0 width=0)
	  ->  Index Scan using sbtest4_pkey on sbtest4  (cost=0.43..8.46 rows=1 width=10)
	        Index Cond: (id = 3405135)

table 5 : explain UPDATE sbtest5 SET k=k+1 WHERE id=7145200
	Update on sbtest5  (cost=0.43..8.46 rows=0 width=0)
	  ->  Index Scan using sbtest5_pkey on sbtest5  (cost=0.43..8.46 rows=1 width=10)
	        Index Cond: (id = 7145200)

table 6 : explain UPDATE sbtest6 SET k=k+1 WHERE id=6385175
	Update on sbtest6  (cost=0.43..8.46 rows=0 width=0)
	  ->  Index Scan using sbtest6_pkey on sbtest6  (cost=0.43..8.46 rows=1 width=10)
	        Index Cond: (id = 6385175)

table 7 : explain UPDATE sbtest7 SET k=k+1 WHERE id=3259406
	Update on sbtest7  (cost=0.43..8.46 rows=0 width=0)
	  ->  Index Scan using sbtest7_pkey on sbtest7  (cost=0.43..8.46 rows=1 width=10)
	        Index Cond: (id = 3259406)

table 8 : explain UPDATE sbtest8 SET k=k+1 WHERE id=9167843
	Update on sbtest8  (cost=0.43..8.46 rows=0 width=0)
	  ->  Index Scan using sbtest8_pkey on sbtest8  (cost=0.43..8.46 rows=1 width=10)
	        Index Cond: (id = 9167843)

for inserts
table 1 : explain INSERT INTO sbtest1 (id, k, c, pad) VALUES (5989697, 13, 'foobar', 'foobar')
	Insert on sbtest1  (cost=0.00..0.01 rows=0 width=0)
	  ->  Result  (cost=0.00..0.01 rows=1 width=736)

table 2 : explain INSERT INTO sbtest2 (id, k, c, pad) VALUES (2983257, 13, 'foobar', 'foobar')
	Insert on sbtest2  (cost=0.00..0.01 rows=0 width=0)
	  ->  Result  (cost=0.00..0.01 rows=1 width=736)

table 3 : explain INSERT INTO sbtest3 (id, k, c, pad) VALUES (7263872, 13, 'foobar', 'foobar')
	Insert on sbtest3  (cost=0.00..0.01 rows=0 width=0)
	  ->  Result  (cost=0.00..0.01 rows=1 width=736)

table 4 : explain INSERT INTO sbtest4 (id, k, c, pad) VALUES (6103707, 13, 'foobar', 'foobar')
	Insert on sbtest4  (cost=0.00..0.01 rows=0 width=0)
	  ->  Result  (cost=0.00..0.01 rows=1 width=736)

table 5 : explain INSERT INTO sbtest5 (id, k, c, pad) VALUES (1197818, 13, 'foobar', 'foobar')
	Insert on sbtest5  (cost=0.00..0.01 rows=0 width=0)
	  ->  Result  (cost=0.00..0.01 rows=1 width=736)

table 6 : explain INSERT INTO sbtest6 (id, k, c, pad) VALUES (5409771, 13, 'foobar', 'foobar')
	Insert on sbtest6  (cost=0.00..0.01 rows=0 width=0)
	  ->  Result  (cost=0.00..0.01 rows=1 width=736)

table 7 : explain INSERT INTO sbtest7 (id, k, c, pad) VALUES (7838295, 13, 'foobar', 'foobar')
	Insert on sbtest7  (cost=0.00..0.01 rows=0 width=0)
	  ->  Result  (cost=0.00..0.01 rows=1 width=736)

table 8 : explain INSERT INTO sbtest8 (id, k, c, pad) VALUES (9954100, 13, 'foobar', 'foobar')
	Insert on sbtest8  (cost=0.00..0.01 rows=0 width=0)
	  ->  Result  (cost=0.00..0.01 rows=1 width=736)

explain: for point_selects :: explain SELECT c FROM sbtest%u WHERE id=%u
for index_updates
table 1 : explain UPDATE sbtest1 SET k=k+1 WHERE id=9641356
	Update on sbtest1  (cost=0.43..8.46 rows=0 width=0)
	  ->  Index Scan using sbtest1_pkey on sbtest1  (cost=0.43..8.46 rows=1 width=10)
	        Index Cond: (id = 9641356)

table 2 : explain UPDATE sbtest2 SET k=k+1 WHERE id=5493215
	Update on sbtest2  (cost=0.43..8.46 rows=0 width=0)
	  ->  Index Scan using sbtest2_pkey on sbtest2  (cost=0.43..8.46 rows=1 width=10)
	        Index Cond: (id = 5493215)

table 3 : explain UPDATE sbtest3 SET k=k+1 WHERE id=2587651
	Update on sbtest3  (cost=0.43..8.46 rows=0 width=0)
	  ->  Index Scan using sbtest3_pkey on sbtest3  (cost=0.43..8.46 rows=1 width=10)
	        Index Cond: (id = 2587651)

table 4 : explain UPDATE sbtest4 SET k=k+1 WHERE id=1724250
	Update on sbtest4  (cost=0.43..8.46 rows=0 width=0)
	  ->  Index Scan using sbtest4_pkey on sbtest4  (cost=0.43..8.46 rows=1 width=10)
	        Index Cond: (id = 1724250)

table 5 : explain UPDATE sbtest5 SET k=k+1 WHERE id=4826359
	Update on sbtest5  (cost=0.43..8.46 rows=0 width=0)
	  ->  Index Scan using sbtest5_pkey on sbtest5  (cost=0.43..8.46 rows=1 width=10)
	        Index Cond: (id = 4826359)

table 6 : explain UPDATE sbtest6 SET k=k+1 WHERE id=2609735
	Update on sbtest6  (cost=0.43..8.46 rows=0 width=0)
	  ->  Index Scan using sbtest6_pkey on sbtest6  (cost=0.43..8.46 rows=1 width=10)
	        Index Cond: (id = 2609735)

table 7 : explain UPDATE sbtest7 SET k=k+1 WHERE id=7560995
	Update on sbtest7  (cost=0.43..8.46 rows=0 width=0)
	  ->  Index Scan using sbtest7_pkey on sbtest7  (cost=0.43..8.46 rows=1 width=10)
	        Index Cond: (id = 7560995)

table 8 : explain UPDATE sbtest8 SET k=k+1 WHERE id=1760856
	Update on sbtest8  (cost=0.43..8.46 rows=0 width=0)
	  ->  Index Scan using sbtest8_pkey on sbtest8  (cost=0.43..8.46 rows=1 width=10)
	        Index Cond: (id = 1760856)

for deletes
table 1 : explain DELETE FROM sbtest1 WHERE id=5135040
	Delete on sbtest1  (cost=0.43..8.45 rows=0 width=0)
	  ->  Index Scan using sbtest1_pkey on sbtest1  (cost=0.43..8.45 rows=1 width=6)
	        Index Cond: (id = 5135040)

table 2 : explain DELETE FROM sbtest2 WHERE id=6465865
	Delete on sbtest2  (cost=0.43..8.45 rows=0 width=0)
	  ->  Index Scan using sbtest2_pkey on sbtest2  (cost=0.43..8.45 rows=1 width=6)
	        Index Cond: (id = 6465865)

table 3 : explain DELETE FROM sbtest3 WHERE id=1022626
	Delete on sbtest3  (cost=0.43..8.45 rows=0 width=0)
	  ->  Index Scan using sbtest3_pkey on sbtest3  (cost=0.43..8.45 rows=1 width=6)
	        Index Cond: (id = 1022626)

table 4 : explain DELETE FROM sbtest4 WHERE id=696089
	Delete on sbtest4  (cost=0.43..8.45 rows=0 width=0)
	  ->  Index Scan using sbtest4_pkey on sbtest4  (cost=0.43..8.45 rows=1 width=6)
	        Index Cond: (id = 696089)

table 5 : explain DELETE FROM sbtest5 WHERE id=4221836
	Delete on sbtest5  (cost=0.43..8.45 rows=0 width=0)
	  ->  Index Scan using sbtest5_pkey on sbtest5  (cost=0.43..8.45 rows=1 width=6)
	        Index Cond: (id = 4221836)

table 6 : explain DELETE FROM sbtest6 WHERE id=4081924
	Delete on sbtest6  (cost=0.43..8.45 rows=0 width=0)
	  ->  Index Scan using sbtest6_pkey on sbtest6  (cost=0.43..8.45 rows=1 width=6)
	        Index Cond: (id = 4081924)

table 7 : explain DELETE FROM sbtest7 WHERE id=3703429
	Delete on sbtest7  (cost=0.43..8.45 rows=0 width=0)
	  ->  Index Scan using sbtest7_pkey on sbtest7  (cost=0.43..8.45 rows=1 width=6)
	        Index Cond: (id = 3703429)

table 8 : explain DELETE FROM sbtest8 WHERE id=7465056
	Delete on sbtest8  (cost=0.43..8.45 rows=0 width=0)
	  ->  Index Scan using sbtest8_pkey on sbtest8  (cost=0.43..8.45 rows=1 width=6)
	        Index Cond: (id = 7465056)

explain: for inserts :: explain INSERT INTO sbtest%u (id, k, c, pad) VALUES (%u, 13, 'foobar', 'foobar')
for: distinct_ranges
table 1 : explain SELECT DISTINCT c FROM sbtest1 WHERE id BETWEEN 7493583 AND 7493682 ORDER BY c
	Unique  (cost=367.92..368.40 rows=95 width=121)
	  ->  Sort  (cost=367.92..368.16 rows=95 width=121)
	        Sort Key: c
	        ->  Index Scan using sbtest1_pkey on sbtest1  (cost=0.43..364.80 rows=95 width=121)
	              Index Cond: ((id >= 7493583) AND (id <= 7493682))

table 2 : explain SELECT DISTINCT c FROM sbtest2 WHERE id BETWEEN 1894335 AND 1894434 ORDER BY c
	Unique  (cost=384.33..384.82 rows=99 width=121)
	  ->  Sort  (cost=384.33..384.57 rows=99 width=121)
	        Sort Key: c
	        ->  Index Scan using sbtest2_pkey on sbtest2  (cost=0.43..381.04 rows=99 width=121)
	              Index Cond: ((id >= 1894335) AND (id <= 1894434))

table 3 : explain SELECT DISTINCT c FROM sbtest3 WHERE id BETWEEN 7853601 AND 7853700 ORDER BY c
	Unique  (cost=423.34..423.88 rows=109 width=121)
	  ->  Sort  (cost=423.34..423.61 rows=109 width=121)
	        Sort Key: c
	        ->  Index Scan using sbtest3_pkey on sbtest3  (cost=0.43..419.65 rows=109 width=121)
	              Index Cond: ((id >= 7853601) AND (id <= 7853700))

table 4 : explain SELECT DISTINCT c FROM sbtest4 WHERE id BETWEEN 5425863 AND 5425962 ORDER BY c
	Unique  (cost=391.92..392.43 rows=101 width=121)
	  ->  Sort  (cost=391.92..392.18 rows=101 width=121)
	        Sort Key: c
	        ->  Index Scan using sbtest4_pkey on sbtest4  (cost=0.43..388.56 rows=101 width=121)
	              Index Cond: ((id >= 5425863) AND (id <= 5425962))

table 5 : explain SELECT DISTINCT c FROM sbtest5 WHERE id BETWEEN 6924310 AND 6924409 ORDER BY c
	Unique  (cost=434.12..434.68 rows=112 width=121)
	  ->  Sort  (cost=434.12..434.40 rows=112 width=121)
	        Sort Key: c
	        ->  Index Scan using sbtest5_pkey on sbtest5  (cost=0.43..430.31 rows=112 width=121)
	              Index Cond: ((id >= 6924310) AND (id <= 6924409))

table 6 : explain SELECT DISTINCT c FROM sbtest6 WHERE id BETWEEN 7601507 AND 7601606 ORDER BY c
	Unique  (cost=423.39..423.94 rows=109 width=121)
	  ->  Sort  (cost=423.39..423.67 rows=109 width=121)
	        Sort Key: c
	        ->  Index Scan using sbtest6_pkey on sbtest6  (cost=0.43..419.70 rows=109 width=121)
	              Index Cond: ((id >= 7601507) AND (id <= 7601606))

table 7 : explain SELECT DISTINCT c FROM sbtest7 WHERE id BETWEEN 5228934 AND 5229033 ORDER BY c
	Unique  (cost=413.01..413.54 rows=106 width=121)
	  ->  Sort  (cost=413.01..413.27 rows=106 width=121)
	        Sort Key: c
	        ->  Index Scan using sbtest7_pkey on sbtest7  (cost=0.43..409.44 rows=106 width=121)
	              Index Cond: ((id >= 5228934) AND (id <= 5229033))

table 8 : explain SELECT DISTINCT c FROM sbtest8 WHERE id BETWEEN 651426 AND 651525 ORDER BY c
	Unique  (cost=407.66..408.19 rows=105 width=121)
	  ->  Sort  (cost=407.66..407.93 rows=105 width=121)
	        Sort Key: c
	        ->  Index Scan using sbtest8_pkey on sbtest8  (cost=0.43..404.14 rows=105 width=121)
	              Index Cond: ((id >= 651426) AND (id <= 651525))

explain: for inserts :: explain INSERT INTO sbtest%u (id, k, c, pad) VALUES (%u, 13, 'foobar', 'foobar')
explain: for index_updates :: explain UPDATE sbtest%u SET k=k+1 WHERE id=%u
explain: for inserts :: explain INSERT INTO sbtest%u (id, k, c, pad) VALUES (%u, 13, 'foobar', 'foobar')
explain: for point_selects :: explain SELECT c FROM sbtest%u WHERE id=%u
explain: for point_selects :: explain SELECT c FROM sbtest%u WHERE id=%u
explain: for non_index_updates :: explain UPDATE sbtest%u SET c='foobar' WHERE id=%u
for deletes
table 1 : explain DELETE FROM sbtest1 WHERE id=2704964
	Delete on sbtest1  (cost=0.43..8.45 rows=0 width=0)
	  ->  Index Scan using sbtest1_pkey on sbtest1  (cost=0.43..8.45 rows=1 width=6)
	        Index Cond: (id = 2704964)

table 2 : explain DELETE FROM sbtest2 WHERE id=4315061
	Delete on sbtest2  (cost=0.43..8.45 rows=0 width=0)
	  ->  Index Scan using sbtest2_pkey on sbtest2  (cost=0.43..8.45 rows=1 width=6)
	        Index Cond: (id = 4315061)

table 3 : explain DELETE FROM sbtest3 WHERE id=855254
	Delete on sbtest3  (cost=0.43..8.45 rows=0 width=0)
	  ->  Index Scan using sbtest3_pkey on sbtest3  (cost=0.43..8.45 rows=1 width=6)
	        Index Cond: (id = 855254)

table 4 : explain DELETE FROM sbtest4 WHERE id=1609613
	Delete on sbtest4  (cost=0.43..8.45 rows=0 width=0)
	  ->  Index Scan using sbtest4_pkey on sbtest4  (cost=0.43..8.45 rows=1 width=6)
	        Index Cond: (id = 1609613)

table 5 : explain DELETE FROM sbtest5 WHERE id=9426553
	Delete on sbtest5  (cost=0.43..8.45 rows=0 width=0)
	  ->  Index Scan using sbtest5_pkey on sbtest5  (cost=0.43..8.45 rows=1 width=6)
	        Index Cond: (id = 9426553)

table 6 : explain DELETE FROM sbtest6 WHERE id=8520834
	Delete on sbtest6  (cost=0.43..8.45 rows=0 width=0)
	  ->  Index Scan using sbtest6_pkey on sbtest6  (cost=0.43..8.45 rows=1 width=6)
	        Index Cond: (id = 8520834)

table 7 : explain DELETE FROM sbtest7 WHERE id=5008146
	Delete on sbtest7  (cost=0.43..8.45 rows=0 width=0)
	  ->  Index Scan using sbtest7_pkey on sbtest7  (cost=0.43..8.45 rows=1 width=6)
	        Index Cond: (id = 5008146)

table 8 : explain DELETE FROM sbtest8 WHERE id=6287431
	Delete on sbtest8  (cost=0.43..8.45 rows=0 width=0)
	  ->  Index Scan using sbtest8_pkey on sbtest8  (cost=0.43..8.45 rows=1 width=6)
	        Index Cond: (id = 6287431)

for inserts
table 1 : explain INSERT INTO sbtest1 (id, k, c, pad) VALUES (2235407, 13, 'foobar', 'foobar')
	Insert on sbtest1  (cost=0.00..0.01 rows=0 width=0)
	  ->  Result  (cost=0.00..0.01 rows=1 width=736)

table 2 : explain INSERT INTO sbtest2 (id, k, c, pad) VALUES (2034904, 13, 'foobar', 'foobar')
	Insert on sbtest2  (cost=0.00..0.01 rows=0 width=0)
	  ->  Result  (cost=0.00..0.01 rows=1 width=736)

table 3 : explain INSERT INTO sbtest3 (id, k, c, pad) VALUES (2375949, 13, 'foobar', 'foobar')
	Insert on sbtest3  (cost=0.00..0.01 rows=0 width=0)
	  ->  Result  (cost=0.00..0.01 rows=1 width=736)

table 4 : explain INSERT INTO sbtest4 (id, k, c, pad) VALUES (9548542, 13, 'foobar', 'foobar')
	Insert on sbtest4  (cost=0.00..0.01 rows=0 width=0)
	  ->  Result  (cost=0.00..0.01 rows=1 width=736)

table 5 : explain INSERT INTO sbtest5 (id, k, c, pad) VALUES (608619, 13, 'foobar', 'foobar')
	Insert on sbtest5  (cost=0.00..0.01 rows=0 width=0)
	  ->  Result  (cost=0.00..0.01 rows=1 width=736)

table 6 : explain INSERT INTO sbtest6 (id, k, c, pad) VALUES (3350522, 13, 'foobar', 'foobar')
	Insert on sbtest6  (cost=0.00..0.01 rows=0 width=0)
	  ->  Result  (cost=0.00..0.01 rows=1 width=736)

table 7 : explain INSERT INTO sbtest7 (id, k, c, pad) VALUES (1083660, 13, 'foobar', 'foobar')
	Insert on sbtest7  (cost=0.00..0.01 rows=0 width=0)
	  ->  Result  (cost=0.00..0.01 rows=1 width=736)

table 8 : explain INSERT INTO sbtest8 (id, k, c, pad) VALUES (5424545, 13, 'foobar', 'foobar')
	Insert on sbtest8  (cost=0.00..0.01 rows=0 width=0)
	  ->  Result  (cost=0.00..0.01 rows=1 width=736)

for inserts
table 1 : explain INSERT INTO sbtest1 (id, k, c, pad) VALUES (2480969, 13, 'foobar', 'foobar')
	Insert on sbtest1  (cost=0.00..0.01 rows=0 width=0)
	  ->  Result  (cost=0.00..0.01 rows=1 width=736)

table 2 : explain INSERT INTO sbtest2 (id, k, c, pad) VALUES (1794605, 13, 'foobar', 'foobar')
	Insert on sbtest2  (cost=0.00..0.01 rows=0 width=0)
	  ->  Result  (cost=0.00..0.01 rows=1 width=736)

table 3 : explain INSERT INTO sbtest3 (id, k, c, pad) VALUES (8979471, 13, 'foobar', 'foobar')
	Insert on sbtest3  (cost=0.00..0.01 rows=0 width=0)
	  ->  Result  (cost=0.00..0.01 rows=1 width=736)

table 4 : explain INSERT INTO sbtest4 (id, k, c, pad) VALUES (8893174, 13, 'foobar', 'foobar')
	Insert on sbtest4  (cost=0.00..0.01 rows=0 width=0)
	  ->  Result  (cost=0.00..0.01 rows=1 width=736)

table 5 : explain INSERT INTO sbtest5 (id, k, c, pad) VALUES (6413121, 13, 'foobar', 'foobar')
	Insert on sbtest5  (cost=0.00..0.01 rows=0 width=0)
	  ->  Result  (cost=0.00..0.01 rows=1 width=736)

table 6 : explain INSERT INTO sbtest6 (id, k, c, pad) VALUES (313153, 13, 'foobar', 'foobar')
	Insert on sbtest6  (cost=0.00..0.01 rows=0 width=0)
	  ->  Result  (cost=0.00..0.01 rows=1 width=736)

table 7 : explain INSERT INTO sbtest7 (id, k, c, pad) VALUES (2498907, 13, 'foobar', 'foobar')
	Insert on sbtest7  (cost=0.00..0.01 rows=0 width=0)
	  ->  Result  (cost=0.00..0.01 rows=1 width=736)

table 8 : explain INSERT INTO sbtest8 (id, k, c, pad) VALUES (8886611, 13, 'foobar', 'foobar')
	Insert on sbtest8  (cost=0.00..0.01 rows=0 width=0)
	  ->  Result  (cost=0.00..0.01 rows=1 width=736)

for index_updates
table 1 : explain UPDATE sbtest1 SET k=k+1 WHERE id=2941409
	Update on sbtest1  (cost=0.43..8.46 rows=0 width=0)
	  ->  Index Scan using sbtest1_pkey on sbtest1  (cost=0.43..8.46 rows=1 width=10)
	        Index Cond: (id = 2941409)

table 2 : explain UPDATE sbtest2 SET k=k+1 WHERE id=480763
	Update on sbtest2  (cost=0.43..8.46 rows=0 width=0)
	  ->  Index Scan using sbtest2_pkey on sbtest2  (cost=0.43..8.46 rows=1 width=10)
	        Index Cond: (id = 480763)

table 3 : explain UPDATE sbtest3 SET k=k+1 WHERE id=4061686
	Update on sbtest3  (cost=0.43..8.46 rows=0 width=0)
	  ->  Index Scan using sbtest3_pkey on sbtest3  (cost=0.43..8.46 rows=1 width=10)
	        Index Cond: (id = 4061686)

table 4 : explain UPDATE sbtest4 SET k=k+1 WHERE id=4896191
	Update on sbtest4  (cost=0.43..8.46 rows=0 width=0)
	  ->  Index Scan using sbtest4_pkey on sbtest4  (cost=0.43..8.46 rows=1 width=10)
	        Index Cond: (id = 4896191)

table 5 : explain UPDATE sbtest5 SET k=k+1 WHERE id=6355522
	Update on sbtest5  (cost=0.43..8.46 rows=0 width=0)
	  ->  Index Scan using sbtest5_pkey on sbtest5  (cost=0.43..8.46 rows=1 width=10)
	        Index Cond: (id = 6355522)

table 6 : explain UPDATE sbtest6 SET k=k+1 WHERE id=7885072
	Update on sbtest6  (cost=0.43..8.46 rows=0 width=0)
	  ->  Index Scan using sbtest6_pkey on sbtest6  (cost=0.43..8.46 rows=1 width=10)
	        Index Cond: (id = 7885072)

table 7 : explain UPDATE sbtest7 SET k=k+1 WHERE id=4138393
	Update on sbtest7  (cost=0.43..8.46 rows=0 width=0)
	  ->  Index Scan using sbtest7_pkey on sbtest7  (cost=0.43..8.46 rows=1 width=10)
	        Index Cond: (id = 4138393)

table 8 : explain UPDATE sbtest8 SET k=k+1 WHERE id=7644525
	Update on sbtest8  (cost=0.43..8.46 rows=0 width=0)
	  ->  Index Scan using sbtest8_pkey on sbtest8  (cost=0.43..8.46 rows=1 width=10)
	        Index Cond: (id = 7644525)

explain: for non_index_updates :: explain UPDATE sbtest%u SET c='foobar' WHERE id=%u
explain: for point_selects :: explain SELECT c FROM sbtest%u WHERE id=%u
explain: for non_index_updates :: explain UPDATE sbtest%u SET c='foobar' WHERE id=%u
explain: for inserts :: explain INSERT INTO sbtest%u (id, k, c, pad) VALUES (%u, 13, 'foobar', 'foobar')
for inserts
table 1 : explain INSERT INTO sbtest1 (id, k, c, pad) VALUES (7163589, 13, 'foobar', 'foobar')
	Insert on sbtest1  (cost=0.00..0.01 rows=0 width=0)
	  ->  Result  (cost=0.00..0.01 rows=1 width=736)

table 2 : explain INSERT INTO sbtest2 (id, k, c, pad) VALUES (3765674, 13, 'foobar', 'foobar')
	Insert on sbtest2  (cost=0.00..0.01 rows=0 width=0)
	  ->  Result  (cost=0.00..0.01 rows=1 width=736)

table 3 : explain INSERT INTO sbtest3 (id, k, c, pad) VALUES (6058744, 13, 'foobar', 'foobar')
	Insert on sbtest3  (cost=0.00..0.01 rows=0 width=0)
	  ->  Result  (cost=0.00..0.01 rows=1 width=736)

table 4 : explain INSERT INTO sbtest4 (id, k, c, pad) VALUES (5036837, 13, 'foobar', 'foobar')
	Insert on sbtest4  (cost=0.00..0.01 rows=0 width=0)
	  ->  Result  (cost=0.00..0.01 rows=1 width=736)

table 5 : explain INSERT INTO sbtest5 (id, k, c, pad) VALUES (4094146, 13, 'foobar', 'foobar')
	Insert on sbtest5  (cost=0.00..0.01 rows=0 width=0)
	  ->  Result  (cost=0.00..0.01 rows=1 width=736)

table 6 : explain INSERT INTO sbtest6 (id, k, c, pad) VALUES (3698245, 13, 'foobar', 'foobar')
	Insert on sbtest6  (cost=0.00..0.01 rows=0 width=0)
	  ->  Result  (cost=0.00..0.01 rows=1 width=736)

table 7 : explain INSERT INTO sbtest7 (id, k, c, pad) VALUES (454530, 13, 'foobar', 'foobar')
	Insert on sbtest7  (cost=0.00..0.01 rows=0 width=0)
	  ->  Result  (cost=0.00..0.01 rows=1 width=736)

table 8 : explain INSERT INTO sbtest8 (id, k, c, pad) VALUES (3855560, 13, 'foobar', 'foobar')
	Insert on sbtest8  (cost=0.00..0.01 rows=0 width=0)
	  ->  Result  (cost=0.00..0.01 rows=1 width=736)

for point_selects
table 1 : explain SELECT c FROM sbtest1 WHERE id=6266200
	Index Scan using sbtest1_pkey on sbtest1  (cost=0.43..8.45 rows=1 width=121)
	  Index Cond: (id = 6266200)

table 2 : explain SELECT c FROM sbtest2 WHERE id=3758916
	Index Scan using sbtest2_pkey on sbtest2  (cost=0.43..8.45 rows=1 width=121)
	  Index Cond: (id = 3758916)

table 3 : explain SELECT c FROM sbtest3 WHERE id=39425
	Index Scan using sbtest3_pkey on sbtest3  (cost=0.43..8.45 rows=1 width=121)
	  Index Cond: (id = 39425)

table 4 : explain SELECT c FROM sbtest4 WHERE id=7431105
	Index Scan using sbtest4_pkey on sbtest4  (cost=0.43..8.45 rows=1 width=121)
	  Index Cond: (id = 7431105)

table 5 : explain SELECT c FROM sbtest5 WHERE id=9630368
	Index Scan using sbtest5_pkey on sbtest5  (cost=0.43..8.45 rows=1 width=121)
	  Index Cond: (id = 9630368)

table 6 : explain SELECT c FROM sbtest6 WHERE id=7718923
	Index Scan using sbtest6_pkey on sbtest6  (cost=0.43..8.45 rows=1 width=121)
	  Index Cond: (id = 7718923)

table 7 : explain SELECT c FROM sbtest7 WHERE id=4417313
	Index Scan using sbtest7_pkey on sbtest7  (cost=0.43..8.45 rows=1 width=121)
	  Index Cond: (id = 4417313)

table 8 : explain SELECT c FROM sbtest8 WHERE id=4287222
	Index Scan using sbtest8_pkey on sbtest8  (cost=0.43..8.45 rows=1 width=121)
	  Index Cond: (id = 4287222)

for point_selects
table 1 : explain SELECT c FROM sbtest1 WHERE id=917863
	Index Scan using sbtest1_pkey on sbtest1  (cost=0.43..8.45 rows=1 width=121)
	  Index Cond: (id = 917863)

table 2 : explain SELECT c FROM sbtest2 WHERE id=558985
	Index Scan using sbtest2_pkey on sbtest2  (cost=0.43..8.45 rows=1 width=121)
	  Index Cond: (id = 558985)

table 3 : explain SELECT c FROM sbtest3 WHERE id=9383644
	Index Scan using sbtest3_pkey on sbtest3  (cost=0.43..8.45 rows=1 width=121)
	  Index Cond: (id = 9383644)

table 4 : explain SELECT c FROM sbtest4 WHERE id=8287788
	Index Scan using sbtest4_pkey on sbtest4  (cost=0.43..8.45 rows=1 width=121)
	  Index Cond: (id = 8287788)

table 5 : explain SELECT c FROM sbtest5 WHERE id=175326
	Index Scan using sbtest5_pkey on sbtest5  (cost=0.43..8.45 rows=1 width=121)
	  Index Cond: (id = 175326)

table 6 : explain SELECT c FROM sbtest6 WHERE id=8175912
	Index Scan using sbtest6_pkey on sbtest6  (cost=0.43..8.45 rows=1 width=121)
	  Index Cond: (id = 8175912)

table 7 : explain SELECT c FROM sbtest7 WHERE id=8132064
	Index Scan using sbtest7_pkey on sbtest7  (cost=0.43..8.45 rows=1 width=121)
	  Index Cond: (id = 8132064)

table 8 : explain SELECT c FROM sbtest8 WHERE id=9508103
	Index Scan using sbtest8_pkey on sbtest8  (cost=0.43..8.45 rows=1 width=121)
	  Index Cond: (id = 9508103)

for non_index_updates
table 1 : explain UPDATE sbtest1 SET c='foobar' WHERE id=4519786
	Update on sbtest1  (cost=0.43..8.45 rows=0 width=0)
	  ->  Index Scan using sbtest1_pkey on sbtest1  (cost=0.43..8.45 rows=1 width=490)
	        Index Cond: (id = 4519786)

table 2 : explain UPDATE sbtest2 SET c='foobar' WHERE id=5436911
	Update on sbtest2  (cost=0.43..8.45 rows=0 width=0)
	  ->  Index Scan using sbtest2_pkey on sbtest2  (cost=0.43..8.45 rows=1 width=490)
	        Index Cond: (id = 5436911)

table 3 : explain UPDATE sbtest3 SET c='foobar' WHERE id=6974148
	Update on sbtest3  (cost=0.43..8.45 rows=0 width=0)
	  ->  Index Scan using sbtest3_pkey on sbtest3  (cost=0.43..8.45 rows=1 width=490)
	        Index Cond: (id = 6974148)

table 4 : explain UPDATE sbtest4 SET c='foobar' WHERE id=2310473
	Update on sbtest4  (cost=0.43..8.45 rows=0 width=0)
	  ->  Index Scan using sbtest4_pkey on sbtest4  (cost=0.43..8.45 rows=1 width=490)
	        Index Cond: (id = 2310473)

table 5 : explain UPDATE sbtest5 SET c='foobar' WHERE id=6372390
	Update on sbtest5  (cost=0.43..8.45 rows=0 width=0)
	  ->  Index Scan using sbtest5_pkey on sbtest5  (cost=0.43..8.45 rows=1 width=490)
	        Index Cond: (id = 6372390)

table 6 : explain UPDATE sbtest6 SET c='foobar' WHERE id=9206562
	Update on sbtest6  (cost=0.43..8.45 rows=0 width=0)
	  ->  Index Scan using sbtest6_pkey on sbtest6  (cost=0.43..8.45 rows=1 width=490)
	        Index Cond: (id = 9206562)

table 7 : explain UPDATE sbtest7 SET c='foobar' WHERE id=5681685
	Update on sbtest7  (cost=0.43..8.45 rows=0 width=0)
	  ->  Index Scan using sbtest7_pkey on sbtest7  (cost=0.43..8.45 rows=1 width=490)
	        Index Cond: (id = 5681685)

table 8 : explain UPDATE sbtest8 SET c='foobar' WHERE id=1113784
	Update on sbtest8  (cost=0.43..8.45 rows=0 width=0)
	  ->  Index Scan using sbtest8_pkey on sbtest8  (cost=0.43..8.45 rows=1 width=490)
	        Index Cond: (id = 1113784)

explain: for point_selects :: explain SELECT c FROM sbtest%u WHERE id=%u
for inserts
table 1 : explain INSERT INTO sbtest1 (id, k, c, pad) VALUES (6993458, 13, 'foobar', 'foobar')
	Insert on sbtest1  (cost=0.00..0.01 rows=0 width=0)
	  ->  Result  (cost=0.00..0.01 rows=1 width=736)

table 2 : explain INSERT INTO sbtest2 (id, k, c, pad) VALUES (5157506, 13, 'foobar', 'foobar')
	Insert on sbtest2  (cost=0.00..0.01 rows=0 width=0)
	  ->  Result  (cost=0.00..0.01 rows=1 width=736)

table 3 : explain INSERT INTO sbtest3 (id, k, c, pad) VALUES (7432209, 13, 'foobar', 'foobar')
	Insert on sbtest3  (cost=0.00..0.01 rows=0 width=0)
	  ->  Result  (cost=0.00..0.01 rows=1 width=736)

table 4 : explain INSERT INTO sbtest4 (id, k, c, pad) VALUES (1125773, 13, 'foobar', 'foobar')
	Insert on sbtest4  (cost=0.00..0.01 rows=0 width=0)
	  ->  Result  (cost=0.00..0.01 rows=1 width=736)

table 5 : explain INSERT INTO sbtest5 (id, k, c, pad) VALUES (6255998, 13, 'foobar', 'foobar')
	Insert on sbtest5  (cost=0.00..0.01 rows=0 width=0)
	  ->  Result  (cost=0.00..0.01 rows=1 width=736)

table 6 : explain INSERT INTO sbtest6 (id, k, c, pad) VALUES (7120381, 13, 'foobar', 'foobar')
	Insert on sbtest6  (cost=0.00..0.01 rows=0 width=0)
	  ->  Result  (cost=0.00..0.01 rows=1 width=736)

table 7 : explain INSERT INTO sbtest7 (id, k, c, pad) VALUES (5499003, 13, 'foobar', 'foobar')
	Insert on sbtest7  (cost=0.00..0.01 rows=0 width=0)
	  ->  Result  (cost=0.00..0.01 rows=1 width=736)

table 8 : explain INSERT INTO sbtest8 (id, k, c, pad) VALUES (7686487, 13, 'foobar', 'foobar')
	Insert on sbtest8  (cost=0.00..0.01 rows=0 width=0)
	  ->  Result  (cost=0.00..0.01 rows=1 width=736)

explain: for point_selects :: explain SELECT c FROM sbtest%u WHERE id=%u
for non_index_updates
table 1 : explain UPDATE sbtest1 SET c='foobar' WHERE id=4597773
	Update on sbtest1  (cost=0.43..8.45 rows=0 width=0)
	  ->  Index Scan using sbtest1_pkey on sbtest1  (cost=0.43..8.45 rows=1 width=490)
	        Index Cond: (id = 4597773)

table 2 : explain UPDATE sbtest2 SET c='foobar' WHERE id=3663447
	Update on sbtest2  (cost=0.43..8.45 rows=0 width=0)
	  ->  Index Scan using sbtest2_pkey on sbtest2  (cost=0.43..8.45 rows=1 width=490)
	        Index Cond: (id = 3663447)

table 3 : explain UPDATE sbtest3 SET c='foobar' WHERE id=522780
	Update on sbtest3  (cost=0.43..8.45 rows=0 width=0)
	  ->  Index Scan using sbtest3_pkey on sbtest3  (cost=0.43..8.45 rows=1 width=490)
	        Index Cond: (id = 522780)

table 4 : explain UPDATE sbtest4 SET c='foobar' WHERE id=8671859
	Update on sbtest4  (cost=0.43..8.45 rows=0 width=0)
	  ->  Index Scan using sbtest4_pkey on sbtest4  (cost=0.43..8.45 rows=1 width=490)
	        Index Cond: (id = 8671859)

table 5 : explain UPDATE sbtest5 SET c='foobar' WHERE id=8540082
	Update on sbtest5  (cost=0.43..8.45 rows=0 width=0)
	  ->  Index Scan using sbtest5_pkey on sbtest5  (cost=0.43..8.45 rows=1 width=490)
	        Index Cond: (id = 8540082)

table 6 : explain UPDATE sbtest6 SET c='foobar' WHERE id=9215346
	Update on sbtest6  (cost=0.43..8.45 rows=0 width=0)
	  ->  Index Scan using sbtest6_pkey on sbtest6  (cost=0.43..8.45 rows=1 width=490)
	        Index Cond: (id = 9215346)

table 7 : explain UPDATE sbtest7 SET c='foobar' WHERE id=9802443
	Update on sbtest7  (cost=0.43..8.45 rows=0 width=0)
	  ->  Index Scan using sbtest7_pkey on sbtest7  (cost=0.43..8.45 rows=1 width=490)
	        Index Cond: (id = 9802443)

table 8 : explain UPDATE sbtest8 SET c='foobar' WHERE id=405975
	Update on sbtest8  (cost=0.43..8.45 rows=0 width=0)
	  ->  Index Scan using sbtest8_pkey on sbtest8  (cost=0.43..8.45 rows=1 width=490)
	        Index Cond: (id = 405975)

for non_index_updates
table 1 : explain UPDATE sbtest1 SET c='foobar' WHERE id=3814964
	Update on sbtest1  (cost=0.43..8.45 rows=0 width=0)
	  ->  Index Scan using sbtest1_pkey on sbtest1  (cost=0.43..8.45 rows=1 width=490)
	        Index Cond: (id = 3814964)

table 2 : explain UPDATE sbtest2 SET c='foobar' WHERE id=1466383
	Update on sbtest2  (cost=0.43..8.45 rows=0 width=0)
	  ->  Index Scan using sbtest2_pkey on sbtest2  (cost=0.43..8.45 rows=1 width=490)
	        Index Cond: (id = 1466383)

table 3 : explain UPDATE sbtest3 SET c='foobar' WHERE id=3429302
	Update on sbtest3  (cost=0.43..8.45 rows=0 width=0)
	  ->  Index Scan using sbtest3_pkey on sbtest3  (cost=0.43..8.45 rows=1 width=490)
	        Index Cond: (id = 3429302)

table 4 : explain UPDATE sbtest4 SET c='foobar' WHERE id=296244
	Update on sbtest4  (cost=0.43..8.45 rows=0 width=0)
	  ->  Index Scan using sbtest4_pkey on sbtest4  (cost=0.43..8.45 rows=1 width=490)
	        Index Cond: (id = 296244)

table 5 : explain UPDATE sbtest5 SET c='foobar' WHERE id=4537658
	Update on sbtest5  (cost=0.43..8.45 rows=0 width=0)
	  ->  Index Scan using sbtest5_pkey on sbtest5  (cost=0.43..8.45 rows=1 width=490)
	        Index Cond: (id = 4537658)

table 6 : explain UPDATE sbtest6 SET c='foobar' WHERE id=9261254
	Update on sbtest6  (cost=0.43..8.45 rows=0 width=0)
	  ->  Index Scan using sbtest6_pkey on sbtest6  (cost=0.43..8.45 rows=1 width=490)
	        Index Cond: (id = 9261254)

table 7 : explain UPDATE sbtest7 SET c='foobar' WHERE id=718512
	Update on sbtest7  (cost=0.43..8.45 rows=0 width=0)
	  ->  Index Scan using sbtest7_pkey on sbtest7  (cost=0.43..8.45 rows=1 width=490)
	        Index Cond: (id = 718512)

table 8 : explain UPDATE sbtest8 SET c='foobar' WHERE id=283888
	Update on sbtest8  (cost=0.43..8.45 rows=0 width=0)
	  ->  Index Scan using sbtest8_pkey on sbtest8  (cost=0.43..8.45 rows=1 width=490)
	        Index Cond: (id = 283888)

for point_selects
table 1 : explain SELECT c FROM sbtest1 WHERE id=2117947
	Index Scan using sbtest1_pkey on sbtest1  (cost=0.43..8.45 rows=1 width=121)
	  Index Cond: (id = 2117947)

table 2 : explain SELECT c FROM sbtest2 WHERE id=7011049
	Index Scan using sbtest2_pkey on sbtest2  (cost=0.43..8.45 rows=1 width=121)
	  Index Cond: (id = 7011049)

table 3 : explain SELECT c FROM sbtest3 WHERE id=5264579
	Index Scan using sbtest3_pkey on sbtest3  (cost=0.43..8.45 rows=1 width=121)
	  Index Cond: (id = 5264579)

table 4 : explain SELECT c FROM sbtest4 WHERE id=7973027
	Index Scan using sbtest4_pkey on sbtest4  (cost=0.43..8.45 rows=1 width=121)
	  Index Cond: (id = 7973027)

table 5 : explain SELECT c FROM sbtest5 WHERE id=8180570
	Index Scan using sbtest5_pkey on sbtest5  (cost=0.43..8.45 rows=1 width=121)
	  Index Cond: (id = 8180570)

table 6 : explain SELECT c FROM sbtest6 WHERE id=2353336
	Index Scan using sbtest6_pkey on sbtest6  (cost=0.43..8.45 rows=1 width=121)
	  Index Cond: (id = 2353336)

table 7 : explain SELECT c FROM sbtest7 WHERE id=113773
	Index Scan using sbtest7_pkey on sbtest7  (cost=0.43..8.45 rows=1 width=121)
	  Index Cond: (id = 113773)

table 8 : explain SELECT c FROM sbtest8 WHERE id=1976080
	Index Scan using sbtest8_pkey on sbtest8  (cost=0.43..8.45 rows=1 width=121)
	  Index Cond: (id = 1976080)

explain: for point_selects :: explain SELECT c FROM sbtest%u WHERE id=%u
for: simple_ranges
table 1 : explain SELECT c FROM sbtest1 WHERE id BETWEEN 6184153 AND 6184252
	Index Scan using sbtest1_pkey on sbtest1  (cost=0.43..364.80 rows=95 width=121)
	  Index Cond: ((id >= 6184153) AND (id <= 6184252))

table 2 : explain SELECT c FROM sbtest2 WHERE id BETWEEN 733329 AND 733428
	Index Scan using sbtest2_pkey on sbtest2  (cost=0.43..369.64 rows=96 width=121)
	  Index Cond: ((id >= 733329) AND (id <= 733428))

table 3 : explain SELECT c FROM sbtest3 WHERE id BETWEEN 3301147 AND 3301246
	Index Scan using sbtest3_pkey on sbtest3  (cost=0.43..370.12 rows=96 width=121)
	  Index Cond: ((id >= 3301147) AND (id <= 3301246))

table 4 : explain SELECT c FROM sbtest4 WHERE id BETWEEN 4833912 AND 4834011
	Index Scan using sbtest4_pkey on sbtest4  (cost=0.43..354.31 rows=92 width=121)
	  Index Cond: ((id >= 4833912) AND (id <= 4834011))

table 5 : explain SELECT c FROM sbtest5 WHERE id BETWEEN 3443959 AND 3444058
	Index Scan using sbtest5_pkey on sbtest5  (cost=0.43..373.33 rows=97 width=121)
	  Index Cond: ((id >= 3443959) AND (id <= 3444058))

table 6 : explain SELECT c FROM sbtest6 WHERE id BETWEEN 1765847 AND 1765946
	Index Scan using sbtest6_pkey on sbtest6  (cost=0.43..385.45 rows=100 width=121)
	  Index Cond: ((id >= 1765847) AND (id <= 1765946))

table 7 : explain SELECT c FROM sbtest7 WHERE id BETWEEN 7306970 AND 7307069
	Index Scan using sbtest7_pkey on sbtest7  (cost=0.43..348.31 rows=90 width=121)
	  Index Cond: ((id >= 7306970) AND (id <= 7307069))

table 8 : explain SELECT c FROM sbtest8 WHERE id BETWEEN 9228577 AND 9228676
	Index Scan using sbtest8_pkey on sbtest8  (cost=0.43..388.93 rows=101 width=121)
	  Index Cond: ((id >= 9228577) AND (id <= 9228676))

for: sum_ranges
table 1 : explain SELECT SUM(k) FROM sbtest1 WHERE id BETWEEN 8076049 AND 8076148
	Aggregate  (cost=429.50..429.51 rows=1 width=8)
	  ->  Index Scan using sbtest1_pkey on sbtest1  (cost=0.43..429.22 rows=112 width=4)
	        Index Cond: ((id >= 8076049) AND (id <= 8076148))

table 2 : explain SELECT SUM(k) FROM sbtest2 WHERE id BETWEEN 9170148 AND 9170247
	Aggregate  (cost=369.88..369.89 rows=1 width=8)
	  ->  Index Scan using sbtest2_pkey on sbtest2  (cost=0.43..369.64 rows=96 width=4)
	        Index Cond: ((id >= 9170148) AND (id <= 9170247))

table 3 : explain SELECT SUM(k) FROM sbtest3 WHERE id BETWEEN 6595275 AND 6595374
	Aggregate  (cost=385.65..385.66 rows=1 width=8)
	  ->  Index Scan using sbtest3_pkey on sbtest3  (cost=0.43..385.40 rows=100 width=4)
	        Index Cond: ((id >= 6595275) AND (id <= 6595374))

table 4 : explain SELECT SUM(k) FROM sbtest4 WHERE id BETWEEN 2603026 AND 2603125
	Aggregate  (cost=407.82..407.83 rows=1 width=8)
	  ->  Index Scan using sbtest4_pkey on sbtest4  (cost=0.43..407.56 rows=106 width=4)
	        Index Cond: ((id >= 2603026) AND (id <= 2603125))

table 5 : explain SELECT SUM(k) FROM sbtest5 WHERE id BETWEEN 6319314 AND 6319413
	Aggregate  (cost=396.38..396.39 rows=1 width=8)
	  ->  Index Scan using sbtest5_pkey on sbtest5  (cost=0.43..396.12 rows=103 width=4)
	        Index Cond: ((id >= 6319314) AND (id <= 6319413))

table 6 : explain SELECT SUM(k) FROM sbtest6 WHERE id BETWEEN 9295722 AND 9295821
	Aggregate  (cost=397.12..397.13 rows=1 width=8)
	  ->  Index Scan using sbtest6_pkey on sbtest6  (cost=0.43..396.87 rows=103 width=4)
	        Index Cond: ((id >= 9295722) AND (id <= 9295821))

table 7 : explain SELECT SUM(k) FROM sbtest7 WHERE id BETWEEN 5955346 AND 5955445
	Aggregate  (cost=371.45..371.46 rows=1 width=8)
	  ->  Index Scan using sbtest7_pkey on sbtest7  (cost=0.43..371.21 rows=96 width=4)
	        Index Cond: ((id >= 5955346) AND (id <= 5955445))

table 8 : explain SELECT SUM(k) FROM sbtest8 WHERE id BETWEEN 3437399 AND 3437498
	Aggregate  (cost=442.46..442.47 rows=1 width=8)
	  ->  Index Scan using sbtest8_pkey on sbtest8  (cost=0.43..442.17 rows=115 width=4)
	        Index Cond: ((id >= 3437399) AND (id <= 3437498))

explain: for deletes :: explain DELETE FROM sbtest%u WHERE id=%u
explain: for deletes :: explain DELETE FROM sbtest%u WHERE id=%u
explain: for deletes :: explain DELETE FROM sbtest%u WHERE id=%u
for: simple_ranges
table 1 : explain SELECT c FROM sbtest1 WHERE id BETWEEN 4679618 AND 4679717
	Index Scan using sbtest1_pkey on sbtest1  (cost=0.43..402.69 rows=105 width=121)
	  Index Cond: ((id >= 4679618) AND (id <= 4679717))

table 2 : explain SELECT c FROM sbtest2 WHERE id BETWEEN 3693559 AND 3693658
	Index Scan using sbtest2_pkey on sbtest2  (cost=0.43..354.39 rows=92 width=121)
	  Index Cond: ((id >= 3693559) AND (id <= 3693658))

table 3 : explain SELECT c FROM sbtest3 WHERE id BETWEEN 9814203 AND 9814302
	Index Scan using sbtest3_pkey on sbtest3  (cost=0.43..408.23 rows=106 width=121)
	  Index Cond: ((id >= 9814203) AND (id <= 9814302))

table 4 : explain SELECT c FROM sbtest4 WHERE id BETWEEN 9799726 AND 9799825
	Index Scan using sbtest4_pkey on sbtest4  (cost=0.43..403.76 rows=105 width=121)
	  Index Cond: ((id >= 9799726) AND (id <= 9799825))

table 5 : explain SELECT c FROM sbtest5 WHERE id BETWEEN 4052104 AND 4052203
	Index Scan using sbtest5_pkey on sbtest5  (cost=0.43..361.93 rows=94 width=121)
	  Index Cond: ((id >= 4052104) AND (id <= 4052203))

table 6 : explain SELECT c FROM sbtest6 WHERE id BETWEEN 9755975 AND 9756074
	Index Scan using sbtest6_pkey on sbtest6  (cost=0.43..385.45 rows=100 width=121)
	  Index Cond: ((id >= 9755975) AND (id <= 9756074))

table 7 : explain SELECT c FROM sbtest7 WHERE id BETWEEN 2267487 AND 2267586
	Index Scan using sbtest7_pkey on sbtest7  (cost=0.43..394.17 rows=102 width=121)
	  Index Cond: ((id >= 2267487) AND (id <= 2267586))

table 8 : explain SELECT c FROM sbtest8 WHERE id BETWEEN 3130827 AND 3130926
	Index Scan using sbtest8_pkey on sbtest8  (cost=0.43..404.14 rows=105 width=121)
	  Index Cond: ((id >= 3130827) AND (id <= 3130926))

for deletes
table 1 : explain DELETE FROM sbtest1 WHERE id=8892897
	Delete on sbtest1  (cost=0.43..8.45 rows=0 width=0)
	  ->  Index Scan using sbtest1_pkey on sbtest1  (cost=0.43..8.45 rows=1 width=6)
	        Index Cond: (id = 8892897)

table 2 : explain DELETE FROM sbtest2 WHERE id=626710
	Delete on sbtest2  (cost=0.43..8.45 rows=0 width=0)
	  ->  Index Scan using sbtest2_pkey on sbtest2  (cost=0.43..8.45 rows=1 width=6)
	        Index Cond: (id = 626710)

table 3 : explain DELETE FROM sbtest3 WHERE id=8374373
	Delete on sbtest3  (cost=0.43..8.45 rows=0 width=0)
	  ->  Index Scan using sbtest3_pkey on sbtest3  (cost=0.43..8.45 rows=1 width=6)
	        Index Cond: (id = 8374373)

table 4 : explain DELETE FROM sbtest4 WHERE id=6889361
	Delete on sbtest4  (cost=0.43..8.45 rows=0 width=0)
	  ->  Index Scan using sbtest4_pkey on sbtest4  (cost=0.43..8.45 rows=1 width=6)
	        Index Cond: (id = 6889361)

table 5 : explain DELETE FROM sbtest5 WHERE id=242159
	Delete on sbtest5  (cost=0.43..8.45 rows=0 width=0)
	  ->  Index Scan using sbtest5_pkey on sbtest5  (cost=0.43..8.45 rows=1 width=6)
	        Index Cond: (id = 242159)

table 6 : explain DELETE FROM sbtest6 WHERE id=1158600
	Delete on sbtest6  (cost=0.43..8.45 rows=0 width=0)
	  ->  Index Scan using sbtest6_pkey on sbtest6  (cost=0.43..8.45 rows=1 width=6)
	        Index Cond: (id = 1158600)

table 7 : explain DELETE FROM sbtest7 WHERE id=9684418
	Delete on sbtest7  (cost=0.43..8.45 rows=0 width=0)
	  ->  Index Scan using sbtest7_pkey on sbtest7  (cost=0.43..8.45 rows=1 width=6)
	        Index Cond: (id = 9684418)

table 8 : explain DELETE FROM sbtest8 WHERE id=8347586
	Delete on sbtest8  (cost=0.43..8.45 rows=0 width=0)
	  ->  Index Scan using sbtest8_pkey on sbtest8  (cost=0.43..8.45 rows=1 width=6)
	        Index Cond: (id = 8347586)

for point_selects
table 1 : explain SELECT c FROM sbtest1 WHERE id=6199618
	Index Scan using sbtest1_pkey on sbtest1  (cost=0.43..8.45 rows=1 width=121)
	  Index Cond: (id = 6199618)

table 2 : explain SELECT c FROM sbtest2 WHERE id=5719891
	Index Scan using sbtest2_pkey on sbtest2  (cost=0.43..8.45 rows=1 width=121)
	  Index Cond: (id = 5719891)

table 3 : explain SELECT c FROM sbtest3 WHERE id=4913519
	Index Scan using sbtest3_pkey on sbtest3  (cost=0.43..8.45 rows=1 width=121)
	  Index Cond: (id = 4913519)

table 4 : explain SELECT c FROM sbtest4 WHERE id=3977628
	Index Scan using sbtest4_pkey on sbtest4  (cost=0.43..8.45 rows=1 width=121)
	  Index Cond: (id = 3977628)

table 5 : explain SELECT c FROM sbtest5 WHERE id=5549325
	Index Scan using sbtest5_pkey on sbtest5  (cost=0.43..8.45 rows=1 width=121)
	  Index Cond: (id = 5549325)

table 6 : explain SELECT c FROM sbtest6 WHERE id=741684
	Index Scan using sbtest6_pkey on sbtest6  (cost=0.43..8.45 rows=1 width=121)
	  Index Cond: (id = 741684)

table 7 : explain SELECT c FROM sbtest7 WHERE id=1884106
	Index Scan using sbtest7_pkey on sbtest7  (cost=0.43..8.45 rows=1 width=121)
	  Index Cond: (id = 1884106)

table 8 : explain SELECT c FROM sbtest8 WHERE id=4831698
	Index Scan using sbtest8_pkey on sbtest8  (cost=0.43..8.45 rows=1 width=121)
	  Index Cond: (id = 4831698)

for: simple_ranges
table 1 : explain SELECT c FROM sbtest1 WHERE id BETWEEN 3080436 AND 3080535
	Index Scan using sbtest1_pkey on sbtest1  (cost=0.43..406.48 rows=106 width=121)
	  Index Cond: ((id >= 3080436) AND (id <= 3080535))

table 2 : explain SELECT c FROM sbtest2 WHERE id BETWEEN 4227995 AND 4228094
	Index Scan using sbtest2_pkey on sbtest2  (cost=0.43..354.39 rows=92 width=121)
	  Index Cond: ((id >= 4227995) AND (id <= 4228094))

table 3 : explain SELECT c FROM sbtest3 WHERE id BETWEEN 7609486 AND 7609585
	Index Scan using sbtest3_pkey on sbtest3  (cost=0.43..400.62 rows=104 width=121)
	  Index Cond: ((id >= 7609486) AND (id <= 7609585))

table 4 : explain SELECT c FROM sbtest4 WHERE id BETWEEN 357091 AND 357190
	Index Scan using sbtest4_pkey on sbtest4  (cost=0.43..358.11 rows=93 width=121)
	  Index Cond: ((id >= 357091) AND (id <= 357190))

table 5 : explain SELECT c FROM sbtest5 WHERE id BETWEEN 6436345 AND 6436444
	Index Scan using sbtest5_pkey on sbtest5  (cost=0.43..403.72 rows=105 width=121)
	  Index Cond: ((id >= 6436345) AND (id <= 6436444))

table 6 : explain SELECT c FROM sbtest6 WHERE id BETWEEN 2515240 AND 2515339
	Index Scan using sbtest6_pkey on sbtest6  (cost=0.43..362.56 rows=94 width=121)
	  Index Cond: ((id >= 2515240) AND (id <= 2515339))

table 7 : explain SELECT c FROM sbtest7 WHERE id BETWEEN 478817 AND 478916
	Index Scan using sbtest7_pkey on sbtest7  (cost=0.43..382.72 rows=99 width=121)
	  Index Cond: ((id >= 478817) AND (id <= 478916))

table 8 : explain SELECT c FROM sbtest8 WHERE id BETWEEN 3072880 AND 3072979
	Index Scan using sbtest8_pkey on sbtest8  (cost=0.43..388.93 rows=101 width=121)
	  Index Cond: ((id >= 3072880) AND (id <= 3072979))

explain: for point_selects :: explain SELECT c FROM sbtest%u WHERE id=%u
for deletes
table 1 : explain DELETE FROM sbtest1 WHERE id=3214287
	Delete on sbtest1  (cost=0.43..8.45 rows=0 width=0)
	  ->  Index Scan using sbtest1_pkey on sbtest1  (cost=0.43..8.45 rows=1 width=6)
	        Index Cond: (id = 3214287)

table 2 : explain DELETE FROM sbtest2 WHERE id=9684922
	Delete on sbtest2  (cost=0.43..8.45 rows=0 width=0)
	  ->  Index Scan using sbtest2_pkey on sbtest2  (cost=0.43..8.45 rows=1 width=6)
	        Index Cond: (id = 9684922)

table 3 : explain DELETE FROM sbtest3 WHERE id=948967
	Delete on sbtest3  (cost=0.43..8.45 rows=0 width=0)
	  ->  Index Scan using sbtest3_pkey on sbtest3  (cost=0.43..8.45 rows=1 width=6)
	        Index Cond: (id = 948967)

table 4 : explain DELETE FROM sbtest4 WHERE id=1230825
	Delete on sbtest4  (cost=0.43..8.45 rows=0 width=0)
	  ->  Index Scan using sbtest4_pkey on sbtest4  (cost=0.43..8.45 rows=1 width=6)
	        Index Cond: (id = 1230825)

table 5 : explain DELETE FROM sbtest5 WHERE id=3556603
	Delete on sbtest5  (cost=0.43..8.45 rows=0 width=0)
	  ->  Index Scan using sbtest5_pkey on sbtest5  (cost=0.43..8.45 rows=1 width=6)
	        Index Cond: (id = 3556603)

table 6 : explain DELETE FROM sbtest6 WHERE id=5618586
	Delete on sbtest6  (cost=0.43..8.45 rows=0 width=0)
	  ->  Index Scan using sbtest6_pkey on sbtest6  (cost=0.43..8.45 rows=1 width=6)
	        Index Cond: (id = 5618586)

table 7 : explain DELETE FROM sbtest7 WHERE id=6173938
	Delete on sbtest7  (cost=0.43..8.45 rows=0 width=0)
	  ->  Index Scan using sbtest7_pkey on sbtest7  (cost=0.43..8.45 rows=1 width=6)
	        Index Cond: (id = 6173938)

table 8 : explain DELETE FROM sbtest8 WHERE id=4101597
	Delete on sbtest8  (cost=0.43..8.45 rows=0 width=0)
	  ->  Index Scan using sbtest8_pkey on sbtest8  (cost=0.43..8.45 rows=1 width=6)
	        Index Cond: (id = 4101597)

for deletes
table 1 : explain DELETE FROM sbtest1 WHERE id=1314416
	Delete on sbtest1  (cost=0.43..8.45 rows=0 width=0)
	  ->  Index Scan using sbtest1_pkey on sbtest1  (cost=0.43..8.45 rows=1 width=6)
	        Index Cond: (id = 1314416)

table 2 : explain DELETE FROM sbtest2 WHERE id=1470083
	Delete on sbtest2  (cost=0.43..8.45 rows=0 width=0)
	  ->  Index Scan using sbtest2_pkey on sbtest2  (cost=0.43..8.45 rows=1 width=6)
	        Index Cond: (id = 1470083)

table 3 : explain DELETE FROM sbtest3 WHERE id=3628649
	Delete on sbtest3  (cost=0.43..8.45 rows=0 width=0)
	  ->  Index Scan using sbtest3_pkey on sbtest3  (cost=0.43..8.45 rows=1 width=6)
	        Index Cond: (id = 3628649)

table 4 : explain DELETE FROM sbtest4 WHERE id=4842835
	Delete on sbtest4  (cost=0.43..8.45 rows=0 width=0)
	  ->  Index Scan using sbtest4_pkey on sbtest4  (cost=0.43..8.45 rows=1 width=6)
	        Index Cond: (id = 4842835)

table 5 : explain DELETE FROM sbtest5 WHERE id=1727237
	Delete on sbtest5  (cost=0.43..8.45 rows=0 width=0)
	  ->  Index Scan using sbtest5_pkey on sbtest5  (cost=0.43..8.45 rows=1 width=6)
	        Index Cond: (id = 1727237)

table 6 : explain DELETE FROM sbtest6 WHERE id=8825000
	Delete on sbtest6  (cost=0.43..8.45 rows=0 width=0)
	  ->  Index Scan using sbtest6_pkey on sbtest6  (cost=0.43..8.45 rows=1 width=6)
	        Index Cond: (id = 8825000)

table 7 : explain DELETE FROM sbtest7 WHERE id=8206811
	Delete on sbtest7  (cost=0.43..8.45 rows=0 width=0)
	  ->  Index Scan using sbtest7_pkey on sbtest7  (cost=0.43..8.45 rows=1 width=6)
	        Index Cond: (id = 8206811)

table 8 : explain DELETE FROM sbtest8 WHERE id=8800305
	Delete on sbtest8  (cost=0.43..8.45 rows=0 width=0)
	  ->  Index Scan using sbtest8_pkey on sbtest8  (cost=0.43..8.45 rows=1 width=6)
	        Index Cond: (id = 8800305)

for: sum_ranges
table 1 : explain SELECT SUM(k) FROM sbtest1 WHERE id BETWEEN 9385423 AND 9385522
	Aggregate  (cost=418.12..418.13 rows=1 width=8)
	  ->  Index Scan using sbtest1_pkey on sbtest1  (cost=0.43..417.85 rows=109 width=4)
	        Index Cond: ((id >= 9385423) AND (id <= 9385522))

table 2 : explain SELECT SUM(k) FROM sbtest2 WHERE id BETWEEN 8308381 AND 8308480
	Aggregate  (cost=388.90..388.91 rows=1 width=8)
	  ->  Index Scan using sbtest2_pkey on sbtest2  (cost=0.43..388.64 rows=101 width=4)
	        Index Cond: ((id >= 8308381) AND (id <= 8308480))

table 3 : explain SELECT SUM(k) FROM sbtest3 WHERE id BETWEEN 7019767 AND 7019866
	Aggregate  (cost=381.84..381.85 rows=1 width=8)
	  ->  Index Scan using sbtest3_pkey on sbtest3  (cost=0.43..381.59 rows=99 width=4)
	        Index Cond: ((id >= 7019767) AND (id <= 7019866))

table 4 : explain SELECT SUM(k) FROM sbtest4 WHERE id BETWEEN 2258383 AND 2258482
	Aggregate  (cost=366.00..366.01 rows=1 width=8)
	  ->  Index Scan using sbtest4_pkey on sbtest4  (cost=0.43..365.77 rows=95 width=4)
	        Index Cond: ((id >= 2258383) AND (id <= 2258482))

table 5 : explain SELECT SUM(k) FROM sbtest5 WHERE id BETWEEN 1215693 AND 1215792
	Aggregate  (cost=373.57..373.58 rows=1 width=8)
	  ->  Index Scan using sbtest5_pkey on sbtest5  (cost=0.43..373.33 rows=97 width=4)
	        Index Cond: ((id >= 1215693) AND (id <= 1215792))

table 6 : explain SELECT SUM(k) FROM sbtest6 WHERE id BETWEEN 6703316 AND 6703415
	Aggregate  (cost=378.08..378.09 rows=1 width=8)
	  ->  Index Scan using sbtest6_pkey on sbtest6  (cost=0.43..377.83 rows=98 width=4)
	        Index Cond: ((id >= 6703316) AND (id <= 6703415))

table 7 : explain SELECT SUM(k) FROM sbtest7 WHERE id BETWEEN 954318 AND 954417
	Aggregate  (cost=402.07..402.08 rows=1 width=8)
	  ->  Index Scan using sbtest7_pkey on sbtest7  (cost=0.43..401.81 rows=104 width=4)
	        Index Cond: ((id >= 954318) AND (id <= 954417))

table 8 : explain SELECT SUM(k) FROM sbtest8 WHERE id BETWEEN 4434416 AND 4434515
	Aggregate  (cost=362.48..362.49 rows=1 width=8)
	  ->  Index Scan using sbtest8_pkey on sbtest8  (cost=0.43..362.25 rows=94 width=4)
	        Index Cond: ((id >= 4434416) AND (id <= 4434515))

for: order_ranges
table 1 : explain SELECT c FROM sbtest1 WHERE id BETWEEN 1518113 AND 1518212 ORDER BY c
	Sort  (cost=375.58..375.83 rows=97 width=121)
	  Sort Key: c
	  ->  Index Scan using sbtest1_pkey on sbtest1  (cost=0.43..372.38 rows=97 width=121)
	        Index Cond: ((id >= 1518113) AND (id <= 1518212))

table 2 : explain SELECT c FROM sbtest2 WHERE id BETWEEN 1589829 AND 1589928 ORDER BY c
	Sort  (cost=380.49..380.73 rows=98 width=121)
	  Sort Key: c
	  ->  Index Scan using sbtest2_pkey on sbtest2  (cost=0.43..377.24 rows=98 width=121)
	        Index Cond: ((id >= 1589829) AND (id <= 1589928))

table 3 : explain SELECT c FROM sbtest3 WHERE id BETWEEN 8387488 AND 8387587 ORDER BY c
	Sort  (cost=354.05..354.28 rows=91 width=121)
	  Sort Key: c
	  ->  Index Scan using sbtest3_pkey on sbtest3  (cost=0.43..351.09 rows=91 width=121)
	        Index Cond: ((id >= 8387488) AND (id <= 8387587))

table 4 : explain SELECT c FROM sbtest4 WHERE id BETWEEN 1615131 AND 1615230 ORDER BY c
	Sort  (cost=384.24..384.49 rows=99 width=121)
	  Sort Key: c
	  ->  Index Scan using sbtest4_pkey on sbtest4  (cost=0.43..380.96 rows=99 width=121)
	        Index Cond: ((id >= 1615131) AND (id <= 1615230))

table 5 : explain SELECT c FROM sbtest5 WHERE id BETWEEN 2814799 AND 2814898 ORDER BY c
	Sort  (cost=391.88..392.14 rows=101 width=121)
	  Sort Key: c
	  ->  Index Scan using sbtest5_pkey on sbtest5  (cost=0.43..388.52 rows=101 width=121)
	        Index Cond: ((id >= 2814799) AND (id <= 2814898))

table 6 : explain SELECT c FROM sbtest6 WHERE id BETWEEN 4981004 AND 4981103 ORDER BY c
	Sort  (cost=404.16..404.42 rows=104 width=121)
	  Sort Key: c
	  ->  Index Scan using sbtest6_pkey on sbtest6  (cost=0.43..400.67 rows=104 width=121)
	        Index Cond: ((id >= 4981004) AND (id <= 4981103))

table 7 : explain SELECT c FROM sbtest7 WHERE id BETWEEN 6953256 AND 6953355 ORDER BY c
	Sort  (cost=401.43..401.69 rows=103 width=121)
	  Sort Key: c
	  ->  Index Scan using sbtest7_pkey on sbtest7  (cost=0.43..397.99 rows=103 width=121)
	        Index Cond: ((id >= 6953256) AND (id <= 6953355))

table 8 : explain SELECT c FROM sbtest8 WHERE id BETWEEN 4894886 AND 4894985 ORDER BY c
	Sort  (cost=403.82..404.08 rows=104 width=121)
	  Sort Key: c
	  ->  Index Scan using sbtest8_pkey on sbtest8  (cost=0.43..400.33 rows=104 width=121)
	        Index Cond: ((id >= 4894886) AND (id <= 4894985))

explain: for inserts :: explain INSERT INTO sbtest%u (id, k, c, pad) VALUES (%u, 13, 'foobar', 'foobar')
for: sum_ranges
table 1 : explain SELECT SUM(k) FROM sbtest1 WHERE id BETWEEN 3029778 AND 3029877
	Aggregate  (cost=406.75..406.76 rows=1 width=8)
	  ->  Index Scan using sbtest1_pkey on sbtest1  (cost=0.43..406.48 rows=106 width=4)
	        Index Cond: ((id >= 3029778) AND (id <= 3029877))

table 2 : explain SELECT SUM(k) FROM sbtest2 WHERE id BETWEEN 5377623 AND 5377722
	Aggregate  (cost=423.12..423.13 rows=1 width=8)
	  ->  Index Scan using sbtest2_pkey on sbtest2  (cost=0.43..422.85 rows=110 width=4)
	        Index Cond: ((id >= 5377623) AND (id <= 5377722))

table 3 : explain SELECT SUM(k) FROM sbtest3 WHERE id BETWEEN 7666544 AND 7666643
	Aggregate  (cost=343.70..343.71 rows=1 width=8)
	  ->  Index Scan using sbtest3_pkey on sbtest3  (cost=0.43..343.48 rows=89 width=4)
	        Index Cond: ((id >= 7666544) AND (id <= 7666643))

table 4 : explain SELECT SUM(k) FROM sbtest4 WHERE id BETWEEN 9483590 AND 9483689
	Aggregate  (cost=419.23..419.24 rows=1 width=8)
	  ->  Index Scan using sbtest4_pkey on sbtest4  (cost=0.43..418.96 rows=109 width=4)
	        Index Cond: ((id >= 9483590) AND (id <= 9483689))

table 5 : explain SELECT SUM(k) FROM sbtest5 WHERE id BETWEEN 5334061 AND 5334160
	Aggregate  (cost=381.17..381.18 rows=1 width=8)
	  ->  Index Scan using sbtest5_pkey on sbtest5  (cost=0.43..380.92 rows=99 width=4)
	        Index Cond: ((id >= 5334061) AND (id <= 5334160))

table 6 : explain SELECT SUM(k) FROM sbtest6 WHERE id BETWEEN 5650169 AND 5650268
	Aggregate  (cost=381.89..381.90 rows=1 width=8)
	  ->  Index Scan using sbtest6_pkey on sbtest6  (cost=0.43..381.64 rows=99 width=4)
	        Index Cond: ((id >= 5650169) AND (id <= 5650268))

table 7 : explain SELECT SUM(k) FROM sbtest7 WHERE id BETWEEN 7150861 AND 7150960
	Aggregate  (cost=409.71..409.72 rows=1 width=8)
	  ->  Index Scan using sbtest7_pkey on sbtest7  (cost=0.43..409.44 rows=106 width=4)
	        Index Cond: ((id >= 7150861) AND (id <= 7150960))

table 8 : explain SELECT SUM(k) FROM sbtest8 WHERE id BETWEEN 4356627 AND 4356726
	Aggregate  (cost=354.87..354.88 rows=1 width=8)
	  ->  Index Scan using sbtest8_pkey on sbtest8  (cost=0.43..354.64 rows=92 width=4)
	        Index Cond: ((id >= 4356627) AND (id <= 4356726))

for: simple_ranges
table 1 : explain SELECT c FROM sbtest1 WHERE id BETWEEN 1550894 AND 1550993
	Index Scan using sbtest1_pkey on sbtest1  (cost=0.43..372.38 rows=97 width=121)
	  Index Cond: ((id >= 1550894) AND (id <= 1550993))

table 2 : explain SELECT c FROM sbtest2 WHERE id BETWEEN 4201960 AND 4202059
	Index Scan using sbtest2_pkey on sbtest2  (cost=0.43..384.84 rows=100 width=121)
	  Index Cond: ((id >= 4201960) AND (id <= 4202059))

table 3 : explain SELECT c FROM sbtest3 WHERE id BETWEEN 3170049 AND 3170148
	Index Scan using sbtest3_pkey on sbtest3  (cost=0.43..370.12 rows=96 width=121)
	  Index Cond: ((id >= 3170049) AND (id <= 3170148))

table 4 : explain SELECT c FROM sbtest4 WHERE id BETWEEN 3041945 AND 3042044
	Index Scan using sbtest4_pkey on sbtest4  (cost=0.43..403.76 rows=105 width=121)
	  Index Cond: ((id >= 3041945) AND (id <= 3042044))

table 5 : explain SELECT c FROM sbtest5 WHERE id BETWEEN 6302132 AND 6302231
	Index Scan using sbtest5_pkey on sbtest5  (cost=0.43..396.12 rows=103 width=121)
	  Index Cond: ((id >= 6302132) AND (id <= 6302231))

table 6 : explain SELECT c FROM sbtest6 WHERE id BETWEEN 7451678 AND 7451777
	Index Scan using sbtest6_pkey on sbtest6  (cost=0.43..381.64 rows=99 width=121)
	  Index Cond: ((id >= 7451678) AND (id <= 7451777))

table 7 : explain SELECT c FROM sbtest7 WHERE id BETWEEN 1517631 AND 1517730
	Index Scan using sbtest7_pkey on sbtest7  (cost=0.43..405.62 rows=105 width=121)
	  Index Cond: ((id >= 1517631) AND (id <= 1517730))

table 8 : explain SELECT c FROM sbtest8 WHERE id BETWEEN 91964 AND 92063
	Index Scan using sbtest8_pkey on sbtest8  (cost=0.43..377.52 rows=98 width=121)
	  Index Cond: ((id >= 91964) AND (id <= 92063))

for inserts
table 1 : explain INSERT INTO sbtest1 (id, k, c, pad) VALUES (9014531, 13, 'foobar', 'foobar')
	Insert on sbtest1  (cost=0.00..0.01 rows=0 width=0)
	  ->  Result  (cost=0.00..0.01 rows=1 width=736)

table 2 : explain INSERT INTO sbtest2 (id, k, c, pad) VALUES (2026736, 13, 'foobar', 'foobar')
	Insert on sbtest2  (cost=0.00..0.01 rows=0 width=0)
	  ->  Result  (cost=0.00..0.01 rows=1 width=736)

table 3 : explain INSERT INTO sbtest3 (id, k, c, pad) VALUES (9365508, 13, 'foobar', 'foobar')
	Insert on sbtest3  (cost=0.00..0.01 rows=0 width=0)
	  ->  Result  (cost=0.00..0.01 rows=1 width=736)

table 4 : explain INSERT INTO sbtest4 (id, k, c, pad) VALUES (8939129, 13, 'foobar', 'foobar')
	Insert on sbtest4  (cost=0.00..0.01 rows=0 width=0)
	  ->  Result  (cost=0.00..0.01 rows=1 width=736)

table 5 : explain INSERT INTO sbtest5 (id, k, c, pad) VALUES (931865, 13, 'foobar', 'foobar')
	Insert on sbtest5  (cost=0.00..0.01 rows=0 width=0)
	  ->  Result  (cost=0.00..0.01 rows=1 width=736)

table 6 : explain INSERT INTO sbtest6 (id, k, c, pad) VALUES (9133954, 13, 'foobar', 'foobar')
	Insert on sbtest6  (cost=0.00..0.01 rows=0 width=0)
	  ->  Result  (cost=0.00..0.01 rows=1 width=736)

table 7 : explain INSERT INTO sbtest7 (id, k, c, pad) VALUES (8698633, 13, 'foobar', 'foobar')
	Insert on sbtest7  (cost=0.00..0.01 rows=0 width=0)
	  ->  Result  (cost=0.00..0.01 rows=1 width=736)

table 8 : explain INSERT INTO sbtest8 (id, k, c, pad) VALUES (7259628, 13, 'foobar', 'foobar')
	Insert on sbtest8  (cost=0.00..0.01 rows=0 width=0)
	  ->  Result  (cost=0.00..0.01 rows=1 width=736)

for point_selects
table 1 : explain SELECT c FROM sbtest1 WHERE id=9483224
	Index Scan using sbtest1_pkey on sbtest1  (cost=0.43..8.45 rows=1 width=121)
	  Index Cond: (id = 9483224)

table 2 : explain SELECT c FROM sbtest2 WHERE id=5648361
	Index Scan using sbtest2_pkey on sbtest2  (cost=0.43..8.45 rows=1 width=121)
	  Index Cond: (id = 5648361)

table 3 : explain SELECT c FROM sbtest3 WHERE id=1397662
	Index Scan using sbtest3_pkey on sbtest3  (cost=0.43..8.45 rows=1 width=121)
	  Index Cond: (id = 1397662)

table 4 : explain SELECT c FROM sbtest4 WHERE id=3053802
	Index Scan using sbtest4_pkey on sbtest4  (cost=0.43..8.45 rows=1 width=121)
	  Index Cond: (id = 3053802)

table 5 : explain SELECT c FROM sbtest5 WHERE id=5444472
	Index Scan using sbtest5_pkey on sbtest5  (cost=0.43..8.45 rows=1 width=121)
	  Index Cond: (id = 5444472)

table 6 : explain SELECT c FROM sbtest6 WHERE id=2293350
	Index Scan using sbtest6_pkey on sbtest6  (cost=0.43..8.45 rows=1 width=121)
	  Index Cond: (id = 2293350)

table 7 : explain SELECT c FROM sbtest7 WHERE id=5269667
	Index Scan using sbtest7_pkey on sbtest7  (cost=0.43..8.45 rows=1 width=121)
	  Index Cond: (id = 5269667)

table 8 : explain SELECT c FROM sbtest8 WHERE id=9045489
	Index Scan using sbtest8_pkey on sbtest8  (cost=0.43..8.45 rows=1 width=121)
	  Index Cond: (id = 9045489)

for: sum_ranges
table 1 : explain SELECT SUM(k) FROM sbtest1 WHERE id BETWEEN 1516705 AND 1516804
	Aggregate  (cost=372.62..372.63 rows=1 width=8)
	  ->  Index Scan using sbtest1_pkey on sbtest1  (cost=0.43..372.38 rows=97 width=4)
	        Index Cond: ((id >= 1516705) AND (id <= 1516804))

table 2 : explain SELECT SUM(k) FROM sbtest2 WHERE id BETWEEN 9354898 AND 9354997
	Aggregate  (cost=385.09..385.10 rows=1 width=8)
	  ->  Index Scan using sbtest2_pkey on sbtest2  (cost=0.43..384.84 rows=100 width=4)
	        Index Cond: ((id >= 9354898) AND (id <= 9354997))

table 3 : explain SELECT SUM(k) FROM sbtest3 WHERE id BETWEEN 3568691 AND 3568790
	Aggregate  (cost=381.84..381.85 rows=1 width=8)
	  ->  Index Scan using sbtest3_pkey on sbtest3  (cost=0.43..381.59 rows=99 width=4)
	        Index Cond: ((id >= 3568691) AND (id <= 3568790))

table 4 : explain SELECT SUM(k) FROM sbtest4 WHERE id BETWEEN 6723011 AND 6723110
	Aggregate  (cost=407.82..407.83 rows=1 width=8)
	  ->  Index Scan using sbtest4_pkey on sbtest4  (cost=0.43..407.56 rows=106 width=4)
	        Index Cond: ((id >= 6723011) AND (id <= 6723110))

table 5 : explain SELECT SUM(k) FROM sbtest5 WHERE id BETWEEN 1851157 AND 1851256
	Aggregate  (cost=434.39..434.40 rows=1 width=8)
	  ->  Index Scan using sbtest5_pkey on sbtest5  (cost=0.43..434.11 rows=113 width=4)
	        Index Cond: ((id >= 1851157) AND (id <= 1851256))

table 6 : explain SELECT SUM(k) FROM sbtest6 WHERE id BETWEEN 7842624 AND 7842723
	Aggregate  (cost=378.08..378.09 rows=1 width=8)
	  ->  Index Scan using sbtest6_pkey on sbtest6  (cost=0.43..377.83 rows=98 width=4)
	        Index Cond: ((id >= 7842624) AND (id <= 7842723))

table 7 : explain SELECT SUM(k) FROM sbtest7 WHERE id BETWEEN 4128338 AND 4128437
	Aggregate  (cost=367.63..367.64 rows=1 width=8)
	  ->  Index Scan using sbtest7_pkey on sbtest7  (cost=0.43..367.40 rows=95 width=4)
	        Index Cond: ((id >= 4128338) AND (id <= 4128437))

table 8 : explain SELECT SUM(k) FROM sbtest8 WHERE id BETWEEN 8643089 AND 8643188
	Aggregate  (cost=339.65..339.66 rows=1 width=8)
	  ->  Index Scan using sbtest8_pkey on sbtest8  (cost=0.43..339.43 rows=88 width=4)
	        Index Cond: ((id >= 8643089) AND (id <= 8643188))

explain: for inserts :: explain INSERT INTO sbtest%u (id, k, c, pad) VALUES (%u, 13, 'foobar', 'foobar')
explain: for inserts :: explain INSERT INTO sbtest%u (id, k, c, pad) VALUES (%u, 13, 'foobar', 'foobar')
explain: for deletes :: explain DELETE FROM sbtest%u WHERE id=%u
for: distinct_ranges
table 1 : explain SELECT DISTINCT c FROM sbtest1 WHERE id BETWEEN 1874034 AND 1874133 ORDER BY c
	Unique  (cost=387.07..387.57 rows=100 width=121)
	  ->  Sort  (cost=387.07..387.32 rows=100 width=121)
	        Sort Key: c
	        ->  Index Scan using sbtest1_pkey on sbtest1  (cost=0.43..383.75 rows=100 width=121)
	              Index Cond: ((id >= 1874034) AND (id <= 1874133))

table 2 : explain SELECT DISTINCT c FROM sbtest2 WHERE id BETWEEN 9666976 AND 9667075 ORDER BY c
	Unique  (cost=361.23..361.69 rows=93 width=121)
	  ->  Sort  (cost=361.23..361.46 rows=93 width=121)
	        Sort Key: c
	        ->  Index Scan using sbtest2_pkey on sbtest2  (cost=0.43..358.19 rows=93 width=121)
	              Index Cond: ((id >= 9666976) AND (id <= 9667075))

table 3 : explain SELECT DISTINCT c FROM sbtest3 WHERE id BETWEEN 7166260 AND 7166359 ORDER BY c
	Unique  (cost=392.56..393.07 rows=101 width=121)
	  ->  Sort  (cost=392.56..392.82 rows=101 width=121)
	        Sort Key: c
	        ->  Index Scan using sbtest3_pkey on sbtest3  (cost=0.43..389.20 rows=101 width=121)
	              Index Cond: ((id >= 7166260) AND (id <= 7166359))

table 4 : explain SELECT DISTINCT c FROM sbtest4 WHERE id BETWEEN 4974854 AND 4974953 ORDER BY c
	Unique  (cost=399.60..400.12 rows=103 width=121)
	  ->  Sort  (cost=399.60..399.86 rows=103 width=121)
	        Sort Key: c
	        ->  Index Scan using sbtest4_pkey on sbtest4  (cost=0.43..396.16 rows=103 width=121)
	              Index Cond: ((id >= 4974854) AND (id <= 4974953))

table 5 : explain SELECT DISTINCT c FROM sbtest5 WHERE id BETWEEN 3807183 AND 3807282 ORDER BY c
	Unique  (cost=357.28..357.74 rows=92 width=121)
	  ->  Sort  (cost=357.28..357.51 rows=92 width=121)
	        Sort Key: c
	        ->  Index Scan using sbtest5_pkey on sbtest5  (cost=0.43..354.28 rows=92 width=121)
	              Index Cond: ((id >= 3807183) AND (id <= 3807282))

table 6 : explain SELECT DISTINCT c FROM sbtest6 WHERE id BETWEEN 2521847 AND 2521946 ORDER BY c
	Unique  (cost=438.78..439.35 rows=113 width=121)
	  ->  Sort  (cost=438.78..439.07 rows=113 width=121)
	        Sort Key: c
	        ->  Index Scan using sbtest6_pkey on sbtest6  (cost=0.43..434.93 rows=113 width=121)
	              Index Cond: ((id >= 2521847) AND (id <= 2521946))

table 7 : explain SELECT DISTINCT c FROM sbtest7 WHERE id BETWEEN 7888642 AND 7888741 ORDER BY c
	Unique  (cost=386.00..386.49 rows=99 width=121)
	  ->  Sort  (cost=386.00..386.25 rows=99 width=121)
	        Sort Key: c
	        ->  Index Scan using sbtest7_pkey on sbtest7  (cost=0.43..382.72 rows=99 width=121)
	              Index Cond: ((id >= 7888642) AND (id <= 7888741))

table 8 : explain SELECT DISTINCT c FROM sbtest8 WHERE id BETWEEN 9518412 AND 9518511 ORDER BY c
	Unique  (cost=423.04..423.58 rows=109 width=121)
	  ->  Sort  (cost=423.04..423.31 rows=109 width=121)
	        Sort Key: c
	        ->  Index Scan using sbtest8_pkey on sbtest8  (cost=0.43..419.35 rows=109 width=121)
	              Index Cond: ((id >= 9518412) AND (id <= 9518511))

for: order_ranges
table 1 : explain SELECT c FROM sbtest1 WHERE id BETWEEN 3993593 AND 3993692 ORDER BY c
	Sort  (cost=379.41..379.66 rows=98 width=121)
	  Sort Key: c
	  ->  Index Scan using sbtest1_pkey on sbtest1  (cost=0.43..376.17 rows=98 width=121)
	        Index Cond: ((id >= 3993593) AND (id <= 3993692))

table 2 : explain SELECT c FROM sbtest2 WHERE id BETWEEN 6701833 AND 6701932 ORDER BY c
	Sort  (cost=415.05..415.32 rows=107 width=121)
	  Sort Key: c
	  ->  Index Scan using sbtest2_pkey on sbtest2  (cost=0.43..411.45 rows=107 width=121)
	        Index Cond: ((id >= 6701833) AND (id <= 6701932))

table 3 : explain SELECT c FROM sbtest3 WHERE id BETWEEN 2856842 AND 2856941 ORDER BY c
	Sort  (cost=446.42..446.71 rows=115 width=121)
	  Sort Key: c
	  ->  Index Scan using sbtest3_pkey on sbtest3  (cost=0.43..442.48 rows=115 width=121)
	        Index Cond: ((id >= 2856842) AND (id <= 2856941))

table 4 : explain SELECT c FROM sbtest4 WHERE id BETWEEN 1578269 AND 1578368 ORDER BY c
	Sort  (cost=345.80..346.02 rows=89 width=121)
	  Sort Key: c
	  ->  Index Scan using sbtest4_pkey on sbtest4  (cost=0.43..342.91 rows=89 width=121)
	        Index Cond: ((id >= 1578269) AND (id <= 1578368))

table 5 : explain SELECT c FROM sbtest5 WHERE id BETWEEN 4338314 AND 4338413 ORDER BY c
	Sort  (cost=422.60..422.87 rows=109 width=121)
	  Sort Key: c
	  ->  Index Scan using sbtest5_pkey on sbtest5  (cost=0.43..418.91 rows=109 width=121)
	        Index Cond: ((id >= 4338314) AND (id <= 4338413))

table 6 : explain SELECT c FROM sbtest6 WHERE id BETWEEN 5841955 AND 5842054 ORDER BY c
	Sort  (cost=396.46..396.72 rows=102 width=121)
	  Sort Key: c
	  ->  Index Scan using sbtest6_pkey on sbtest6  (cost=0.43..393.06 rows=102 width=121)
	        Index Cond: ((id >= 5841955) AND (id <= 5842054))

table 7 : explain SELECT c FROM sbtest7 WHERE id BETWEEN 503858 AND 503957 ORDER BY c
	Sort  (cost=386.00..386.25 rows=99 width=121)
	  Sort Key: c
	  ->  Index Scan using sbtest7_pkey on sbtest7  (cost=0.43..382.72 rows=99 width=121)
	        Index Cond: ((id >= 503858) AND (id <= 503957))

table 8 : explain SELECT c FROM sbtest8 WHERE id BETWEEN 8525569 AND 8525668 ORDER BY c
	Sort  (cost=384.60..384.85 rows=99 width=121)
	  Sort Key: c
	  ->  Index Scan using sbtest8_pkey on sbtest8  (cost=0.43..381.32 rows=99 width=121)
	        Index Cond: ((id >= 8525569) AND (id <= 8525668))

for: order_ranges
table 1 : explain SELECT c FROM sbtest1 WHERE id BETWEEN 5962931 AND 5963030 ORDER BY c
	Sort  (cost=402.39..402.65 rows=104 width=121)
	  Sort Key: c
	  ->  Index Scan using sbtest1_pkey on sbtest1  (cost=0.43..398.91 rows=104 width=121)
	        Index Cond: ((id >= 5962931) AND (id <= 5963030))

table 2 : explain SELECT c FROM sbtest2 WHERE id BETWEEN 4305126 AND 4305225 ORDER BY c
	Sort  (cost=357.39..357.62 rows=92 width=121)
	  Sort Key: c
	  ->  Index Scan using sbtest2_pkey on sbtest2  (cost=0.43..354.39 rows=92 width=121)
	        Index Cond: ((id >= 4305126) AND (id <= 4305225))

table 3 : explain SELECT c FROM sbtest3 WHERE id BETWEEN 9926128 AND 9926227 ORDER BY c
	Sort  (cost=354.05..354.28 rows=91 width=121)
	  Sort Key: c
	  ->  Index Scan using sbtest3_pkey on sbtest3  (cost=0.43..351.09 rows=91 width=121)
	        Index Cond: ((id >= 9926128) AND (id <= 9926227))

table 4 : explain SELECT c FROM sbtest4 WHERE id BETWEEN 6735644 AND 6735743 ORDER BY c
	Sort  (cost=411.12..411.39 rows=106 width=121)
	  Sort Key: c
	  ->  Index Scan using sbtest4_pkey on sbtest4  (cost=0.43..407.56 rows=106 width=121)
	        Index Cond: ((id >= 6735644) AND (id <= 6735743))

table 5 : explain SELECT c FROM sbtest5 WHERE id BETWEEN 4501385 AND 4501484 ORDER BY c
	Sort  (cost=430.28..430.56 rows=111 width=121)
	  Sort Key: c
	  ->  Index Scan using sbtest5_pkey on sbtest5  (cost=0.43..426.51 rows=111 width=121)
	        Index Cond: ((id >= 4501385) AND (id <= 4501484))

table 6 : explain SELECT c FROM sbtest6 WHERE id BETWEEN 4913267 AND 4913366 ORDER BY c
	Sort  (cost=381.08..381.32 rows=98 width=121)
	  Sort Key: c
	  ->  Index Scan using sbtest6_pkey on sbtest6  (cost=0.43..377.83 rows=98 width=121)
	        Index Cond: ((id >= 4913267) AND (id <= 4913366))

table 7 : explain SELECT c FROM sbtest7 WHERE id BETWEEN 4588185 AND 4588284 ORDER BY c
	Sort  (cost=358.95..359.18 rows=92 width=121)
	  Sort Key: c
	  ->  Index Scan using sbtest7_pkey on sbtest7  (cost=0.43..355.95 rows=92 width=121)
	        Index Cond: ((id >= 4588185) AND (id <= 4588284))

table 8 : explain SELECT c FROM sbtest8 WHERE id BETWEEN 9845985 AND 9846084 ORDER BY c
	Sort  (cost=476.86..477.17 rows=123 width=121)
	  Sort Key: c
	  ->  Index Scan using sbtest8_pkey on sbtest8  (cost=0.43..472.59 rows=123 width=121)
	        Index Cond: ((id >= 9845985) AND (id <= 9846084))

explain: for index_updates :: explain UPDATE sbtest%u SET k=k+1 WHERE id=%u
for point_selects
table 1 : explain SELECT c FROM sbtest1 WHERE id=8595252
	Index Scan using sbtest1_pkey on sbtest1  (cost=0.43..8.45 rows=1 width=121)
	  Index Cond: (id = 8595252)

table 2 : explain SELECT c FROM sbtest2 WHERE id=7867724
	Index Scan using sbtest2_pkey on sbtest2  (cost=0.43..8.45 rows=1 width=121)
	  Index Cond: (id = 7867724)

table 3 : explain SELECT c FROM sbtest3 WHERE id=7725313
	Index Scan using sbtest3_pkey on sbtest3  (cost=0.43..8.45 rows=1 width=121)
	  Index Cond: (id = 7725313)

table 4 : explain SELECT c FROM sbtest4 WHERE id=3199818
	Index Scan using sbtest4_pkey on sbtest4  (cost=0.43..8.45 rows=1 width=121)
	  Index Cond: (id = 3199818)

table 5 : explain SELECT c FROM sbtest5 WHERE id=2744588
	Index Scan using sbtest5_pkey on sbtest5  (cost=0.43..8.45 rows=1 width=121)
	  Index Cond: (id = 2744588)

table 6 : explain SELECT c FROM sbtest6 WHERE id=560437
	Index Scan using sbtest6_pkey on sbtest6  (cost=0.43..8.45 rows=1 width=121)
	  Index Cond: (id = 560437)

table 7 : explain SELECT c FROM sbtest7 WHERE id=2861099
	Index Scan using sbtest7_pkey on sbtest7  (cost=0.43..8.45 rows=1 width=121)
	  Index Cond: (id = 2861099)

table 8 : explain SELECT c FROM sbtest8 WHERE id=4757229
	Index Scan using sbtest8_pkey on sbtest8  (cost=0.43..8.45 rows=1 width=121)
	  Index Cond: (id = 4757229)

explain: for point_selects :: explain SELECT c FROM sbtest%u WHERE id=%u
for point_selects
table 1 : explain SELECT c FROM sbtest1 WHERE id=4599349
	Index Scan using sbtest1_pkey on sbtest1  (cost=0.43..8.45 rows=1 width=121)
	  Index Cond: (id = 4599349)

table 2 : explain SELECT c FROM sbtest2 WHERE id=5620433
	Index Scan using sbtest2_pkey on sbtest2  (cost=0.43..8.45 rows=1 width=121)
	  Index Cond: (id = 5620433)

table 3 : explain SELECT c FROM sbtest3 WHERE id=8179161
	Index Scan using sbtest3_pkey on sbtest3  (cost=0.43..8.45 rows=1 width=121)
	  Index Cond: (id = 8179161)

table 4 : explain SELECT c FROM sbtest4 WHERE id=7714010
	Index Scan using sbtest4_pkey on sbtest4  (cost=0.43..8.45 rows=1 width=121)
	  Index Cond: (id = 7714010)

table 5 : explain SELECT c FROM sbtest5 WHERE id=4532807
	Index Scan using sbtest5_pkey on sbtest5  (cost=0.43..8.45 rows=1 width=121)
	  Index Cond: (id = 4532807)

table 6 : explain SELECT c FROM sbtest6 WHERE id=1663734
	Index Scan using sbtest6_pkey on sbtest6  (cost=0.43..8.45 rows=1 width=121)
	  Index Cond: (id = 1663734)

table 7 : explain SELECT c FROM sbtest7 WHERE id=9260549
	Index Scan using sbtest7_pkey on sbtest7  (cost=0.43..8.45 rows=1 width=121)
	  Index Cond: (id = 9260549)

table 8 : explain SELECT c FROM sbtest8 WHERE id=5725010
	Index Scan using sbtest8_pkey on sbtest8  (cost=0.43..8.45 rows=1 width=121)
	  Index Cond: (id = 5725010)

for inserts
table 1 : explain INSERT INTO sbtest1 (id, k, c, pad) VALUES (809991, 13, 'foobar', 'foobar')
	Insert on sbtest1  (cost=0.00..0.01 rows=0 width=0)
	  ->  Result  (cost=0.00..0.01 rows=1 width=736)

table 2 : explain INSERT INTO sbtest2 (id, k, c, pad) VALUES (9506047, 13, 'foobar', 'foobar')
	Insert on sbtest2  (cost=0.00..0.01 rows=0 width=0)
	  ->  Result  (cost=0.00..0.01 rows=1 width=736)

table 3 : explain INSERT INTO sbtest3 (id, k, c, pad) VALUES (2797916, 13, 'foobar', 'foobar')
	Insert on sbtest3  (cost=0.00..0.01 rows=0 width=0)
	  ->  Result  (cost=0.00..0.01 rows=1 width=736)

table 4 : explain INSERT INTO sbtest4 (id, k, c, pad) VALUES (1766313, 13, 'foobar', 'foobar')
	Insert on sbtest4  (cost=0.00..0.01 rows=0 width=0)
	  ->  Result  (cost=0.00..0.01 rows=1 width=736)

table 5 : explain INSERT INTO sbtest5 (id, k, c, pad) VALUES (3511909, 13, 'foobar', 'foobar')
	Insert on sbtest5  (cost=0.00..0.01 rows=0 width=0)
	  ->  Result  (cost=0.00..0.01 rows=1 width=736)

table 6 : explain INSERT INTO sbtest6 (id, k, c, pad) VALUES (3712660, 13, 'foobar', 'foobar')
	Insert on sbtest6  (cost=0.00..0.01 rows=0 width=0)
	  ->  Result  (cost=0.00..0.01 rows=1 width=736)

table 7 : explain INSERT INTO sbtest7 (id, k, c, pad) VALUES (4941010, 13, 'foobar', 'foobar')
	Insert on sbtest7  (cost=0.00..0.01 rows=0 width=0)
	  ->  Result  (cost=0.00..0.01 rows=1 width=736)

table 8 : explain INSERT INTO sbtest8 (id, k, c, pad) VALUES (485209, 13, 'foobar', 'foobar')
	Insert on sbtest8  (cost=0.00..0.01 rows=0 width=0)
	  ->  Result  (cost=0.00..0.01 rows=1 width=736)

explain: for point_selects :: explain SELECT c FROM sbtest%u WHERE id=%u
explain: for point_selects :: explain SELECT c FROM sbtest%u WHERE id=%u
for inserts
table 1 : explain INSERT INTO sbtest1 (id, k, c, pad) VALUES (668402, 13, 'foobar', 'foobar')
	Insert on sbtest1  (cost=0.00..0.01 rows=0 width=0)
	  ->  Result  (cost=0.00..0.01 rows=1 width=736)

table 2 : explain INSERT INTO sbtest2 (id, k, c, pad) VALUES (6776466, 13, 'foobar', 'foobar')
	Insert on sbtest2  (cost=0.00..0.01 rows=0 width=0)
	  ->  Result  (cost=0.00..0.01 rows=1 width=736)

table 3 : explain INSERT INTO sbtest3 (id, k, c, pad) VALUES (9947344, 13, 'foobar', 'foobar')
	Insert on sbtest3  (cost=0.00..0.01 rows=0 width=0)
	  ->  Result  (cost=0.00..0.01 rows=1 width=736)

table 4 : explain INSERT INTO sbtest4 (id, k, c, pad) VALUES (9399743, 13, 'foobar', 'foobar')
	Insert on sbtest4  (cost=0.00..0.01 rows=0 width=0)
	  ->  Result  (cost=0.00..0.01 rows=1 width=736)

table 5 : explain INSERT INTO sbtest5 (id, k, c, pad) VALUES (2859294, 13, 'foobar', 'foobar')
	Insert on sbtest5  (cost=0.00..0.01 rows=0 width=0)
	  ->  Result  (cost=0.00..0.01 rows=1 width=736)

table 6 : explain INSERT INTO sbtest6 (id, k, c, pad) VALUES (659858, 13, 'foobar', 'foobar')
	Insert on sbtest6  (cost=0.00..0.01 rows=0 width=0)
	  ->  Result  (cost=0.00..0.01 rows=1 width=736)

table 7 : explain INSERT INTO sbtest7 (id, k, c, pad) VALUES (9017917, 13, 'foobar', 'foobar')
	Insert on sbtest7  (cost=0.00..0.01 rows=0 width=0)
	  ->  Result  (cost=0.00..0.01 rows=1 width=736)

table 8 : explain INSERT INTO sbtest8 (id, k, c, pad) VALUES (7008605, 13, 'foobar', 'foobar')
	Insert on sbtest8  (cost=0.00..0.01 rows=0 width=0)
	  ->  Result  (cost=0.00..0.01 rows=1 width=736)

for: simple_ranges
table 1 : explain SELECT c FROM sbtest1 WHERE id BETWEEN 3099212 AND 3099311
	Index Scan using sbtest1_pkey on sbtest1  (cost=0.43..376.17 rows=98 width=121)
	  Index Cond: ((id >= 3099212) AND (id <= 3099311))

table 2 : explain SELECT c FROM sbtest2 WHERE id BETWEEN 5306968 AND 5307067
	Index Scan using sbtest2_pkey on sbtest2  (cost=0.43..392.45 rows=102 width=121)
	  Index Cond: ((id >= 5306968) AND (id <= 5307067))

table 3 : explain SELECT c FROM sbtest3 WHERE id BETWEEN 4652708 AND 4652807
	Index Scan using sbtest3_pkey on sbtest3  (cost=0.43..404.43 rows=105 width=121)
	  Index Cond: ((id >= 4652708) AND (id <= 4652807))

table 4 : explain SELECT c FROM sbtest4 WHERE id BETWEEN 446620 AND 446719
	Index Scan using sbtest4_pkey on sbtest4  (cost=0.43..365.77 rows=95 width=121)
	  Index Cond: ((id >= 446620) AND (id <= 446719))

table 5 : explain SELECT c FROM sbtest5 WHERE id BETWEEN 9127171 AND 9127270
	Index Scan using sbtest5_pkey on sbtest5  (cost=0.43..392.32 rows=102 width=121)
	  Index Cond: ((id >= 9127171) AND (id <= 9127270))

table 6 : explain SELECT c FROM sbtest6 WHERE id BETWEEN 3892125 AND 3892224
	Index Scan using sbtest6_pkey on sbtest6  (cost=0.43..385.45 rows=100 width=121)
	  Index Cond: ((id >= 3892125) AND (id <= 3892224))

table 7 : explain SELECT c FROM sbtest7 WHERE id BETWEEN 6175496 AND 6175595
	Index Scan using sbtest7_pkey on sbtest7  (cost=0.43..371.21 rows=96 width=121)
	  Index Cond: ((id >= 6175496) AND (id <= 6175595))

table 8 : explain SELECT c FROM sbtest8 WHERE id BETWEEN 4836580 AND 4836679
	Index Scan using sbtest8_pkey on sbtest8  (cost=0.43..400.33 rows=104 width=121)
	  Index Cond: ((id >= 4836580) AND (id <= 4836679))

for: sum_ranges
table 1 : explain SELECT SUM(k) FROM sbtest1 WHERE id BETWEEN 1536381 AND 1536480
	Aggregate  (cost=372.62..372.63 rows=1 width=8)
	  ->  Index Scan using sbtest1_pkey on sbtest1  (cost=0.43..372.38 rows=97 width=4)
	        Index Cond: ((id >= 1536381) AND (id <= 1536480))

table 2 : explain SELECT SUM(k) FROM sbtest2 WHERE id BETWEEN 7301609 AND 7301708
	Aggregate  (cost=377.49..377.50 rows=1 width=8)
	  ->  Index Scan using sbtest2_pkey on sbtest2  (cost=0.43..377.24 rows=98 width=4)
	        Index Cond: ((id >= 7301609) AND (id <= 7301708))

table 3 : explain SELECT SUM(k) FROM sbtest3 WHERE id BETWEEN 1193624 AND 1193723
	Aggregate  (cost=389.45..389.46 rows=1 width=8)
	  ->  Index Scan using sbtest3_pkey on sbtest3  (cost=0.43..389.20 rows=101 width=4)
	        Index Cond: ((id >= 1193624) AND (id <= 1193723))

table 4 : explain SELECT SUM(k) FROM sbtest4 WHERE id BETWEEN 753904 AND 754003
	Aggregate  (cost=415.43..415.44 rows=1 width=8)
	  ->  Index Scan using sbtest4_pkey on sbtest4  (cost=0.43..415.16 rows=108 width=4)
	        Index Cond: ((id >= 753904) AND (id <= 754003))

table 5 : explain SELECT SUM(k) FROM sbtest5 WHERE id BETWEEN 887071 AND 887170
	Aggregate  (cost=377.37..377.38 rows=1 width=8)
	  ->  Index Scan using sbtest5_pkey on sbtest5  (cost=0.43..377.12 rows=98 width=4)
	        Index Cond: ((id >= 887071) AND (id <= 887170))

table 6 : explain SELECT SUM(k) FROM sbtest6 WHERE id BETWEEN 8170578 AND 8170677
	Aggregate  (cost=397.12..397.13 rows=1 width=8)
	  ->  Index Scan using sbtest6_pkey on sbtest6  (cost=0.43..396.87 rows=103 width=4)
	        Index Cond: ((id >= 8170578) AND (id <= 8170677))

table 7 : explain SELECT SUM(k) FROM sbtest7 WHERE id BETWEEN 9616260 AND 9616359
	Aggregate  (cost=379.15..379.16 rows=1 width=8)
	  ->  Index Scan using sbtest7_pkey on sbtest7  (cost=0.43..378.90 rows=98 width=4)
	        Index Cond: ((id >= 9616260) AND (id <= 9616359))

table 8 : explain SELECT SUM(k) FROM sbtest8 WHERE id BETWEEN 9577583 AND 9577682
	Aggregate  (cost=415.82..415.83 rows=1 width=8)
	  ->  Index Scan using sbtest8_pkey on sbtest8  (cost=0.43..415.55 rows=108 width=4)
	        Index Cond: ((id >= 9577583) AND (id <= 9577682))

for point_selects
table 1 : explain SELECT c FROM sbtest1 WHERE id=4019779
	Index Scan using sbtest1_pkey on sbtest1  (cost=0.43..8.45 rows=1 width=121)
	  Index Cond: (id = 4019779)

table 2 : explain SELECT c FROM sbtest2 WHERE id=8092067
	Index Scan using sbtest2_pkey on sbtest2  (cost=0.43..8.45 rows=1 width=121)
	  Index Cond: (id = 8092067)

table 3 : explain SELECT c FROM sbtest3 WHERE id=9980611
	Index Scan using sbtest3_pkey on sbtest3  (cost=0.43..8.45 rows=1 width=121)
	  Index Cond: (id = 9980611)

table 4 : explain SELECT c FROM sbtest4 WHERE id=9402631
	Index Scan using sbtest4_pkey on sbtest4  (cost=0.43..8.45 rows=1 width=121)
	  Index Cond: (id = 9402631)

table 5 : explain SELECT c FROM sbtest5 WHERE id=7382024
	Index Scan using sbtest5_pkey on sbtest5  (cost=0.43..8.45 rows=1 width=121)
	  Index Cond: (id = 7382024)

table 6 : explain SELECT c FROM sbtest6 WHERE id=6215463
	Index Scan using sbtest6_pkey on sbtest6  (cost=0.43..8.45 rows=1 width=121)
	  Index Cond: (id = 6215463)

table 7 : explain SELECT c FROM sbtest7 WHERE id=4252405
	Index Scan using sbtest7_pkey on sbtest7  (cost=0.43..8.45 rows=1 width=121)
	  Index Cond: (id = 4252405)

table 8 : explain SELECT c FROM sbtest8 WHERE id=3444989
	Index Scan using sbtest8_pkey on sbtest8  (cost=0.43..8.45 rows=1 width=121)
	  Index Cond: (id = 3444989)

for: order_ranges
table 1 : explain SELECT c FROM sbtest1 WHERE id BETWEEN 9239683 AND 9239782 ORDER BY c
	Sort  (cost=383.24..383.49 rows=99 width=121)
	  Sort Key: c
	  ->  Index Scan using sbtest1_pkey on sbtest1  (cost=0.43..379.96 rows=99 width=121)
	        Index Cond: ((id >= 9239683) AND (id <= 9239782))

table 2 : explain SELECT c FROM sbtest2 WHERE id BETWEEN 6537047 AND 6537146 ORDER BY c
	Sort  (cost=376.64..376.89 rows=97 width=121)
	  Sort Key: c
	  ->  Index Scan using sbtest2_pkey on sbtest2  (cost=0.43..373.44 rows=97 width=121)
	        Index Cond: ((id >= 6537047) AND (id <= 6537146))

table 3 : explain SELECT c FROM sbtest3 WHERE id BETWEEN 9146658 AND 9146757 ORDER BY c
	Sort  (cost=392.56..392.82 rows=101 width=121)
	  Sort Key: c
	  ->  Index Scan using sbtest3_pkey on sbtest3  (cost=0.43..389.20 rows=101 width=121)
	        Index Cond: ((id >= 9146658) AND (id <= 9146757))

table 4 : explain SELECT c FROM sbtest4 WHERE id BETWEEN 7173544 AND 7173643 ORDER BY c
	Sort  (cost=368.89..369.12 rows=95 width=121)
	  Sort Key: c
	  ->  Index Scan using sbtest4_pkey on sbtest4  (cost=0.43..365.77 rows=95 width=121)
	        Index Cond: ((id >= 7173544) AND (id <= 7173643))

table 5 : explain SELECT c FROM sbtest5 WHERE id BETWEEN 1884080 AND 1884179 ORDER BY c
	Sort  (cost=437.96..438.25 rows=113 width=121)
	  Sort Key: c
	  ->  Index Scan using sbtest5_pkey on sbtest5  (cost=0.43..434.11 rows=113 width=121)
	        Index Cond: ((id >= 1884080) AND (id <= 1884179))

table 6 : explain SELECT c FROM sbtest6 WHERE id BETWEEN 2211633 AND 2211732 ORDER BY c
	Sort  (cost=396.46..396.72 rows=102 width=121)
	  Sort Key: c
	  ->  Index Scan using sbtest6_pkey on sbtest6  (cost=0.43..393.06 rows=102 width=121)
	        Index Cond: ((id >= 2211633) AND (id <= 2211732))

table 7 : explain SELECT c FROM sbtest7 WHERE id BETWEEN 4232046 AND 4232145 ORDER BY c
	Sort  (cost=401.43..401.69 rows=103 width=121)
	  Sort Key: c
	  ->  Index Scan using sbtest7_pkey on sbtest7  (cost=0.43..397.99 rows=103 width=121)
	        Index Cond: ((id >= 4232046) AND (id <= 4232145))

table 8 : explain SELECT c FROM sbtest8 WHERE id BETWEEN 5809547 AND 5809646 ORDER BY c
	Sort  (cost=334.59..334.80 rows=86 width=121)
	  Sort Key: c
	  ->  Index Scan using sbtest8_pkey on sbtest8  (cost=0.43..331.82 rows=86 width=121)
	        Index Cond: ((id >= 5809547) AND (id <= 5809646))

for index_updates
table 1 : explain UPDATE sbtest1 SET k=k+1 WHERE id=3249684
	Update on sbtest1  (cost=0.43..8.46 rows=0 width=0)
	  ->  Index Scan using sbtest1_pkey on sbtest1  (cost=0.43..8.46 rows=1 width=10)
	        Index Cond: (id = 3249684)

table 2 : explain UPDATE sbtest2 SET k=k+1 WHERE id=7527578
	Update on sbtest2  (cost=0.43..8.46 rows=0 width=0)
	  ->  Index Scan using sbtest2_pkey on sbtest2  (cost=0.43..8.46 rows=1 width=10)
	        Index Cond: (id = 7527578)

table 3 : explain UPDATE sbtest3 SET k=k+1 WHERE id=762330
	Update on sbtest3  (cost=0.43..8.46 rows=0 width=0)
	  ->  Index Scan using sbtest3_pkey on sbtest3  (cost=0.43..8.46 rows=1 width=10)
	        Index Cond: (id = 762330)

table 4 : explain UPDATE sbtest4 SET k=k+1 WHERE id=7005015
	Update on sbtest4  (cost=0.43..8.46 rows=0 width=0)
	  ->  Index Scan using sbtest4_pkey on sbtest4  (cost=0.43..8.46 rows=1 width=10)
	        Index Cond: (id = 7005015)

table 5 : explain UPDATE sbtest5 SET k=k+1 WHERE id=3872587
	Update on sbtest5  (cost=0.43..8.46 rows=0 width=0)
	  ->  Index Scan using sbtest5_pkey on sbtest5  (cost=0.43..8.46 rows=1 width=10)
	        Index Cond: (id = 3872587)

table 6 : explain UPDATE sbtest6 SET k=k+1 WHERE id=8643552
	Update on sbtest6  (cost=0.43..8.46 rows=0 width=0)
	  ->  Index Scan using sbtest6_pkey on sbtest6  (cost=0.43..8.46 rows=1 width=10)
	        Index Cond: (id = 8643552)

table 7 : explain UPDATE sbtest7 SET k=k+1 WHERE id=6396379
	Update on sbtest7  (cost=0.43..8.46 rows=0 width=0)
	  ->  Index Scan using sbtest7_pkey on sbtest7  (cost=0.43..8.46 rows=1 width=10)
	        Index Cond: (id = 6396379)

table 8 : explain UPDATE sbtest8 SET k=k+1 WHERE id=8782619
	Update on sbtest8  (cost=0.43..8.46 rows=0 width=0)
	  ->  Index Scan using sbtest8_pkey on sbtest8  (cost=0.43..8.46 rows=1 width=10)
	        Index Cond: (id = 8782619)

explain: for point_selects :: explain SELECT c FROM sbtest%u WHERE id=%u
for: distinct_ranges
table 1 : explain SELECT DISTINCT c FROM sbtest1 WHERE id BETWEEN 1690529 AND 1690628 ORDER BY c
	Unique  (cost=333.41..333.84 rows=86 width=121)
	  ->  Sort  (cost=333.41..333.62 rows=86 width=121)
	        Sort Key: c
	        ->  Index Scan using sbtest1_pkey on sbtest1  (cost=0.43..330.64 rows=86 width=121)
	              Index Cond: ((id >= 1690529) AND (id <= 1690628))

table 2 : explain SELECT DISTINCT c FROM sbtest2 WHERE id BETWEEN 8598926 AND 8599025 ORDER BY c
	Unique  (cost=407.37..407.90 rows=105 width=121)
	  ->  Sort  (cost=407.37..407.63 rows=105 width=121)
	        Sort Key: c
	        ->  Index Scan using sbtest2_pkey on sbtest2  (cost=0.43..403.85 rows=105 width=121)
	              Index Cond: ((id >= 8598926) AND (id <= 8599025))

table 3 : explain SELECT DISTINCT c FROM sbtest3 WHERE id BETWEEN 2238344 AND 2238443 ORDER BY c
	Unique  (cost=357.90..358.36 rows=92 width=121)
	  ->  Sort  (cost=357.90..358.13 rows=92 width=121)
	        Sort Key: c
	        ->  Index Scan using sbtest3_pkey on sbtest3  (cost=0.43..354.90 rows=92 width=121)
	              Index Cond: ((id >= 2238344) AND (id <= 2238443))

table 4 : explain SELECT DISTINCT c FROM sbtest4 WHERE id BETWEEN 9408329 AND 9408428 ORDER BY c
	Unique  (cost=364.99..365.46 rows=94 width=121)
	  ->  Sort  (cost=364.99..365.23 rows=94 width=121)
	        Sort Key: c
	        ->  Index Scan using sbtest4_pkey on sbtest4  (cost=0.43..361.91 rows=94 width=121)
	              Index Cond: ((id >= 9408329) AND (id <= 9408428))

table 5 : explain SELECT DISTINCT c FROM sbtest5 WHERE id BETWEEN 2312959 AND 2313058 ORDER BY c
	Unique  (cost=445.64..446.22 rows=115 width=121)
	  ->  Sort  (cost=445.64..445.93 rows=115 width=121)
	        Sort Key: c
	        ->  Index Scan using sbtest5_pkey on sbtest5  (cost=0.43..441.71 rows=115 width=121)
	              Index Cond: ((id >= 2312959) AND (id <= 2313058))

table 6 : explain SELECT DISTINCT c FROM sbtest6 WHERE id BETWEEN 9753546 AND 9753645 ORDER BY c
	Unique  (cost=388.77..389.27 rows=100 width=121)
	  ->  Sort  (cost=388.77..389.02 rows=100 width=121)
	        Sort Key: c
	        ->  Index Scan using sbtest6_pkey on sbtest6  (cost=0.43..385.45 rows=100 width=121)
	              Index Cond: ((id >= 9753546) AND (id <= 9753645))

table 7 : explain SELECT DISTINCT c FROM sbtest7 WHERE id BETWEEN 8104926 AND 8105025 ORDER BY c
	Unique  (cost=386.00..386.49 rows=99 width=121)
	  ->  Sort  (cost=386.00..386.25 rows=99 width=121)
	        Sort Key: c
	        ->  Index Scan using sbtest7_pkey on sbtest7  (cost=0.43..382.72 rows=99 width=121)
	              Index Cond: ((id >= 8104926) AND (id <= 8105025))

table 8 : explain SELECT DISTINCT c FROM sbtest8 WHERE id BETWEEN 951255 AND 951354 ORDER BY c
	Unique  (cost=380.76..381.25 rows=98 width=121)
	  ->  Sort  (cost=380.76..381.00 rows=98 width=121)
	        Sort Key: c
	        ->  Index Scan using sbtest8_pkey on sbtest8  (cost=0.43..377.52 rows=98 width=121)
	              Index Cond: ((id >= 951255) AND (id <= 951354))

explain: for non_index_updates :: explain UPDATE sbtest%u SET c='foobar' WHERE id=%u
for: sum_ranges
table 1 : explain SELECT SUM(k) FROM sbtest1 WHERE id BETWEEN 2977452 AND 2977551
	Aggregate  (cost=395.37..395.38 rows=1 width=8)
	  ->  Index Scan using sbtest1_pkey on sbtest1  (cost=0.43..395.12 rows=103 width=4)
	        Index Cond: ((id >= 2977452) AND (id <= 2977551))

table 2 : explain SELECT SUM(k) FROM sbtest2 WHERE id BETWEEN 523798 AND 523897
	Aggregate  (cost=377.49..377.50 rows=1 width=8)
	  ->  Index Scan using sbtest2_pkey on sbtest2  (cost=0.43..377.24 rows=98 width=4)
	        Index Cond: ((id >= 523798) AND (id <= 523897))

table 3 : explain SELECT SUM(k) FROM sbtest3 WHERE id BETWEEN 8594823 AND 8594922
	Aggregate  (cost=393.26..393.27 rows=1 width=8)
	  ->  Index Scan using sbtest3_pkey on sbtest3  (cost=0.43..393.01 rows=102 width=4)
	        Index Cond: ((id >= 8594823) AND (id <= 8594922))

table 4 : explain SELECT SUM(k) FROM sbtest4 WHERE id BETWEEN 5046386 AND 5046485
	Aggregate  (cost=411.63..411.64 rows=1 width=8)
	  ->  Index Scan using sbtest4_pkey on sbtest4  (cost=0.43..411.36 rows=107 width=4)
	        Index Cond: ((id >= 5046386) AND (id <= 5046485))

table 5 : explain SELECT SUM(k) FROM sbtest5 WHERE id BETWEEN 5154808 AND 5154907
	Aggregate  (cost=407.78..407.79 rows=1 width=8)
	  ->  Index Scan using sbtest5_pkey on sbtest5  (cost=0.43..407.52 rows=106 width=4)
	        Index Cond: ((id >= 5154808) AND (id <= 5154907))

table 6 : explain SELECT SUM(k) FROM sbtest6 WHERE id BETWEEN 3703285 AND 3703384
	Aggregate  (cost=404.74..404.75 rows=1 width=8)
	  ->  Index Scan using sbtest6_pkey on sbtest6  (cost=0.43..404.48 rows=105 width=4)
	        Index Cond: ((id >= 3703285) AND (id <= 3703384))

table 7 : explain SELECT SUM(k) FROM sbtest7 WHERE id BETWEEN 5778886 AND 5778985
	Aggregate  (cost=360.00..360.01 rows=1 width=8)
	  ->  Index Scan using sbtest7_pkey on sbtest7  (cost=0.43..359.76 rows=93 width=4)
	        Index Cond: ((id >= 5778886) AND (id <= 5778985))

table 8 : explain SELECT SUM(k) FROM sbtest8 WHERE id BETWEEN 1517136 AND 1517235
	Aggregate  (cost=351.07..351.08 rows=1 width=8)
	  ->  Index Scan using sbtest8_pkey on sbtest8  (cost=0.43..350.84 rows=91 width=4)
	        Index Cond: ((id >= 1517136) AND (id <= 1517235))

for: distinct_ranges
table 1 : explain SELECT DISTINCT c FROM sbtest1 WHERE id BETWEEN 3549371 AND 3549470 ORDER BY c
	Unique  (cost=352.55..353.01 rows=91 width=121)
	  ->  Sort  (cost=352.55..352.78 rows=91 width=121)
	        Sort Key: c
	        ->  Index Scan using sbtest1_pkey on sbtest1  (cost=0.43..349.59 rows=91 width=121)
	              Index Cond: ((id >= 3549371) AND (id <= 3549470))

table 2 : explain SELECT DISTINCT c FROM sbtest2 WHERE id BETWEEN 8821291 AND 8821390 ORDER BY c
	Unique  (cost=357.39..357.85 rows=92 width=121)
	  ->  Sort  (cost=357.39..357.62 rows=92 width=121)
	        Sort Key: c
	        ->  Index Scan using sbtest2_pkey on sbtest2  (cost=0.43..354.39 rows=92 width=121)
	              Index Cond: ((id >= 8821291) AND (id <= 8821390))

table 3 : explain SELECT DISTINCT c FROM sbtest3 WHERE id BETWEEN 2871217 AND 2871316 ORDER BY c
	Unique  (cost=446.42..447.00 rows=115 width=121)
	  ->  Sort  (cost=446.42..446.71 rows=115 width=121)
	        Sort Key: c
	        ->  Index Scan using sbtest3_pkey on sbtest3  (cost=0.43..442.48 rows=115 width=121)
	              Index Cond: ((id >= 2871217) AND (id <= 2871316))

table 4 : explain SELECT DISTINCT c FROM sbtest4 WHERE id BETWEEN 7865486 AND 7865585 ORDER BY c
	Unique  (cost=365.05..365.52 rows=94 width=121)
	  ->  Sort  (cost=365.05..365.28 rows=94 width=121)
	        Sort Key: c
	        ->  Index Scan using sbtest4_pkey on sbtest4  (cost=0.43..361.97 rows=94 width=121)
	              Index Cond: ((id >= 7865486) AND (id <= 7865585))

table 5 : explain SELECT DISTINCT c FROM sbtest5 WHERE id BETWEEN 7814654 AND 7814753 ORDER BY c
	Unique  (cost=388.04..388.54 rows=100 width=121)
	  ->  Sort  (cost=388.04..388.29 rows=100 width=121)
	        Sort Key: c
	        ->  Index Scan using sbtest5_pkey on sbtest5  (cost=0.43..384.72 rows=100 width=121)
	              Index Cond: ((id >= 7814654) AND (id <= 7814753))

table 6 : explain SELECT DISTINCT c FROM sbtest6 WHERE id BETWEEN 6016085 AND 6016184 ORDER BY c
	Unique  (cost=377.23..377.71 rows=97 width=121)
	  ->  Sort  (cost=377.23..377.47 rows=97 width=121)
	        Sort Key: c
	        ->  Index Scan using sbtest6_pkey on sbtest6  (cost=0.43..374.03 rows=97 width=121)
	              Index Cond: ((id >= 6016085) AND (id <= 6016184))

table 7 : explain SELECT DISTINCT c FROM sbtest7 WHERE id BETWEEN 1958743 AND 1958842 ORDER BY c
	Unique  (cost=366.66..367.13 rows=94 width=121)
	  ->  Sort  (cost=366.66..366.90 rows=94 width=121)
	        Sort Key: c
	        ->  Index Scan using sbtest7_pkey on sbtest7  (cost=0.43..363.58 rows=94 width=121)
	              Index Cond: ((id >= 1958743) AND (id <= 1958842))

table 8 : explain SELECT DISTINCT c FROM sbtest8 WHERE id BETWEEN 3925266 AND 3925365 ORDER BY c
	Unique  (cost=376.91..377.40 rows=97 width=121)
	  ->  Sort  (cost=376.91..377.16 rows=97 width=121)
	        Sort Key: c
	        ->  Index Scan using sbtest8_pkey on sbtest8  (cost=0.43..373.71 rows=97 width=121)
	              Index Cond: ((id >= 3925266) AND (id <= 3925365))

for deletes
table 1 : explain DELETE FROM sbtest1 WHERE id=7622579
	Delete on sbtest1  (cost=0.43..8.45 rows=0 width=0)
	  ->  Index Scan using sbtest1_pkey on sbtest1  (cost=0.43..8.45 rows=1 width=6)
	        Index Cond: (id = 7622579)

table 2 : explain DELETE FROM sbtest2 WHERE id=4919300
	Delete on sbtest2  (cost=0.43..8.45 rows=0 width=0)
	  ->  Index Scan using sbtest2_pkey on sbtest2  (cost=0.43..8.45 rows=1 width=6)
	        Index Cond: (id = 4919300)

table 3 : explain DELETE FROM sbtest3 WHERE id=2229764
	Delete on sbtest3  (cost=0.43..8.45 rows=0 width=0)
	  ->  Index Scan using sbtest3_pkey on sbtest3  (cost=0.43..8.45 rows=1 width=6)
	        Index Cond: (id = 2229764)

table 4 : explain DELETE FROM sbtest4 WHERE id=872051
	Delete on sbtest4  (cost=0.43..8.45 rows=0 width=0)
	  ->  Index Scan using sbtest4_pkey on sbtest4  (cost=0.43..8.45 rows=1 width=6)
	        Index Cond: (id = 872051)

table 5 : explain DELETE FROM sbtest5 WHERE id=4285481
	Delete on sbtest5  (cost=0.43..8.45 rows=0 width=0)
	  ->  Index Scan using sbtest5_pkey on sbtest5  (cost=0.43..8.45 rows=1 width=6)
	        Index Cond: (id = 4285481)

table 6 : explain DELETE FROM sbtest6 WHERE id=3964765
	Delete on sbtest6  (cost=0.43..8.45 rows=0 width=0)
	  ->  Index Scan using sbtest6_pkey on sbtest6  (cost=0.43..8.45 rows=1 width=6)
	        Index Cond: (id = 3964765)

table 7 : explain DELETE FROM sbtest7 WHERE id=6871215
	Delete on sbtest7  (cost=0.43..8.45 rows=0 width=0)
	  ->  Index Scan using sbtest7_pkey on sbtest7  (cost=0.43..8.45 rows=1 width=6)
	        Index Cond: (id = 6871215)

table 8 : explain DELETE FROM sbtest8 WHERE id=2254701
	Delete on sbtest8  (cost=0.43..8.45 rows=0 width=0)
	  ->  Index Scan using sbtest8_pkey on sbtest8  (cost=0.43..8.45 rows=1 width=6)
	        Index Cond: (id = 2254701)

for: order_ranges
table 1 : explain SELECT c FROM sbtest1 WHERE id BETWEEN 1721858 AND 1721957 ORDER BY c
	Sort  (cost=333.41..333.62 rows=86 width=121)
	  Sort Key: c
	  ->  Index Scan using sbtest1_pkey on sbtest1  (cost=0.43..330.64 rows=86 width=121)
	        Index Cond: ((id >= 1721858) AND (id <= 1721957))

table 2 : explain SELECT c FROM sbtest2 WHERE id BETWEEN 7277803 AND 7277902 ORDER BY c
	Sort  (cost=380.49..380.73 rows=98 width=121)
	  Sort Key: c
	  ->  Index Scan using sbtest2_pkey on sbtest2  (cost=0.43..377.24 rows=98 width=121)
	        Index Cond: ((id >= 7277803) AND (id <= 7277902))

table 3 : explain SELECT c FROM sbtest3 WHERE id BETWEEN 7435307 AND 7435406 ORDER BY c
	Sort  (cost=407.95..408.21 rows=105 width=121)
	  Sort Key: c
	  ->  Index Scan using sbtest3_pkey on sbtest3  (cost=0.43..404.43 rows=105 width=121)
	        Index Cond: ((id >= 7435307) AND (id <= 7435406))

table 4 : explain SELECT c FROM sbtest4 WHERE id BETWEEN 4203525 AND 4203624 ORDER BY c
	Sort  (cost=368.89..369.12 rows=95 width=121)
	  Sort Key: c
	  ->  Index Scan using sbtest4_pkey on sbtest4  (cost=0.43..365.77 rows=95 width=121)
	        Index Cond: ((id >= 4203525) AND (id <= 4203624))

table 5 : explain SELECT c FROM sbtest5 WHERE id BETWEEN 2603973 AND 2604072 ORDER BY c
	Sort  (cost=388.04..388.29 rows=100 width=121)
	  Sort Key: c
	  ->  Index Scan using sbtest5_pkey on sbtest5  (cost=0.43..384.72 rows=100 width=121)
	        Index Cond: ((id >= 2603973) AND (id <= 2604072))

table 6 : explain SELECT c FROM sbtest6 WHERE id BETWEEN 587577 AND 587676 ORDER BY c
	Sort  (cost=396.46..396.72 rows=102 width=121)
	  Sort Key: c
	  ->  Index Scan using sbtest6_pkey on sbtest6  (cost=0.43..393.06 rows=102 width=121)
	        Index Cond: ((id >= 587577) AND (id <= 587676))

table 7 : explain SELECT c FROM sbtest7 WHERE id BETWEEN 5168056 AND 5168155 ORDER BY c
	Sort  (cost=397.57..397.83 rows=102 width=121)
	  Sort Key: c
	  ->  Index Scan using sbtest7_pkey on sbtest7  (cost=0.43..394.17 rows=102 width=121)
	        Index Cond: ((id >= 5168056) AND (id <= 5168155))

table 8 : explain SELECT c FROM sbtest8 WHERE id BETWEEN 7307936 AND 7308035 ORDER BY c
	Sort  (cost=376.91..377.16 rows=97 width=121)
	  Sort Key: c
	  ->  Index Scan using sbtest8_pkey on sbtest8  (cost=0.43..373.71 rows=97 width=121)
	        Index Cond: ((id >= 7307936) AND (id <= 7308035))

for: simple_ranges
table 1 : explain SELECT c FROM sbtest1 WHERE id BETWEEN 3180839 AND 3180938
	Index Scan using sbtest1_pkey on sbtest1  (cost=0.43..376.17 rows=98 width=121)
	  Index Cond: ((id >= 3180839) AND (id <= 3180938))

table 2 : explain SELECT c FROM sbtest2 WHERE id BETWEEN 3538457 AND 3538556
	Index Scan using sbtest2_pkey on sbtest2  (cost=0.43..392.45 rows=102 width=121)
	  Index Cond: ((id >= 3538457) AND (id <= 3538556))

table 3 : explain SELECT c FROM sbtest3 WHERE id BETWEEN 654615 AND 654714
	Index Scan using sbtest3_pkey on sbtest3  (cost=0.43..393.01 rows=102 width=121)
	  Index Cond: ((id >= 654615) AND (id <= 654714))

table 4 : explain SELECT c FROM sbtest4 WHERE id BETWEEN 6560680 AND 6560779
	Index Scan using sbtest4_pkey on sbtest4  (cost=0.43..380.96 rows=99 width=121)
	  Index Cond: ((id >= 6560680) AND (id <= 6560779))

table 5 : explain SELECT c FROM sbtest5 WHERE id BETWEEN 4064128 AND 4064227
	Index Scan using sbtest5_pkey on sbtest5  (cost=0.43..361.93 rows=94 width=121)
	  Index Cond: ((id >= 4064128) AND (id <= 4064227))

table 6 : explain SELECT c FROM sbtest6 WHERE id BETWEEN 5130053 AND 5130152
	Index Scan using sbtest6_pkey on sbtest6  (cost=0.43..393.06 rows=102 width=121)
	  Index Cond: ((id >= 5130053) AND (id <= 5130152))

table 7 : explain SELECT c FROM sbtest7 WHERE id BETWEEN 6285689 AND 6285788
	Index Scan using sbtest7_pkey on sbtest7  (cost=0.43..382.72 rows=99 width=121)
	  Index Cond: ((id >= 6285689) AND (id <= 6285788))

table 8 : explain SELECT c FROM sbtest8 WHERE id BETWEEN 2094445 AND 2094544
	Index Scan using sbtest8_pkey on sbtest8  (cost=0.43..385.12 rows=100 width=121)
	  Index Cond: ((id >= 2094445) AND (id <= 2094544))

explain: for index_updates :: explain UPDATE sbtest%u SET k=k+1 WHERE id=%u
for: sum_ranges
table 1 : explain SELECT SUM(k) FROM sbtest1 WHERE id BETWEEN 6059507 AND 6059606
	Aggregate  (cost=380.21..380.22 rows=1 width=8)
	  ->  Index Scan using sbtest1_pkey on sbtest1  (cost=0.43..379.96 rows=99 width=4)
	        Index Cond: ((id >= 6059507) AND (id <= 6059606))

table 2 : explain SELECT SUM(k) FROM sbtest2 WHERE id BETWEEN 9508982 AND 9509081
	Aggregate  (cost=377.49..377.50 rows=1 width=8)
	  ->  Index Scan using sbtest2_pkey on sbtest2  (cost=0.43..377.24 rows=98 width=4)
	        Index Cond: ((id >= 9508982) AND (id <= 9509081))

table 3 : explain SELECT SUM(k) FROM sbtest3 WHERE id BETWEEN 9420074 AND 9420173
	Aggregate  (cost=385.65..385.66 rows=1 width=8)
	  ->  Index Scan using sbtest3_pkey on sbtest3  (cost=0.43..385.40 rows=100 width=4)
	        Index Cond: ((id >= 9420074) AND (id <= 9420173))

table 4 : explain SELECT SUM(k) FROM sbtest4 WHERE id BETWEEN 307053 AND 307152
	Aggregate  (cost=358.34..358.35 rows=1 width=8)
	  ->  Index Scan using sbtest4_pkey on sbtest4  (cost=0.43..358.11 rows=93 width=4)
	        Index Cond: ((id >= 307053) AND (id <= 307152))

table 5 : explain SELECT SUM(k) FROM sbtest5 WHERE id BETWEEN 8257616 AND 8257715
	Aggregate  (cost=400.18..400.19 rows=1 width=8)
	  ->  Index Scan using sbtest5_pkey on sbtest5  (cost=0.43..399.92 rows=104 width=4)
	        Index Cond: ((id >= 8257616) AND (id <= 8257715))

table 6 : explain SELECT SUM(k) FROM sbtest6 WHERE id BETWEEN 4528447 AND 4528546
	Aggregate  (cost=416.17..416.18 rows=1 width=8)
	  ->  Index Scan using sbtest6_pkey on sbtest6  (cost=0.43..415.90 rows=108 width=4)
	        Index Cond: ((id >= 4528447) AND (id <= 4528546))

table 7 : explain SELECT SUM(k) FROM sbtest7 WHERE id BETWEEN 4005916 AND 4006015
	Aggregate  (cost=405.89..405.90 rows=1 width=8)
	  ->  Index Scan using sbtest7_pkey on sbtest7  (cost=0.43..405.62 rows=105 width=4)
	        Index Cond: ((id >= 4005916) AND (id <= 4006015))

table 8 : explain SELECT SUM(k) FROM sbtest8 WHERE id BETWEEN 3193879 AND 3193978
	Aggregate  (cost=404.40..404.41 rows=1 width=8)
	  ->  Index Scan using sbtest8_pkey on sbtest8  (cost=0.43..404.14 rows=105 width=4)
	        Index Cond: ((id >= 3193879) AND (id <= 3193978))

explain: for index_updates :: explain UPDATE sbtest%u SET k=k+1 WHERE id=%u
for: order_ranges
table 1 : explain SELECT c FROM sbtest1 WHERE id BETWEEN 1269652 AND 1269751 ORDER BY c
	Sort  (cost=367.92..368.16 rows=95 width=121)
	  Sort Key: c
	  ->  Index Scan using sbtest1_pkey on sbtest1  (cost=0.43..364.80 rows=95 width=121)
	        Index Cond: ((id >= 1269652) AND (id <= 1269751))

table 2 : explain SELECT c FROM sbtest2 WHERE id BETWEEN 8831656 AND 8831755 ORDER BY c
	Sort  (cost=357.39..357.62 rows=92 width=121)
	  Sort Key: c
	  ->  Index Scan using sbtest2_pkey on sbtest2  (cost=0.43..354.39 rows=92 width=121)
	        Index Cond: ((id >= 8831656) AND (id <= 8831755))

table 3 : explain SELECT c FROM sbtest3 WHERE id BETWEEN 2660523 AND 2660622 ORDER BY c
	Sort  (cost=388.72..388.97 rows=100 width=121)
	  Sort Key: c
	  ->  Index Scan using sbtest3_pkey on sbtest3  (cost=0.43..385.40 rows=100 width=121)
	        Index Cond: ((id >= 2660523) AND (id <= 2660622))

table 4 : explain SELECT c FROM sbtest4 WHERE id BETWEEN 3445259 AND 3445358 ORDER BY c
	Sort  (cost=361.15..361.38 rows=93 width=121)
	  Sort Key: c
	  ->  Index Scan using sbtest4_pkey on sbtest4  (cost=0.43..358.11 rows=93 width=121)
	        Index Cond: ((id >= 3445259) AND (id <= 3445358))

table 5 : explain SELECT c FROM sbtest5 WHERE id BETWEEN 6931891 AND 6931990 ORDER BY c
	Sort  (cost=434.12..434.40 rows=112 width=121)
	  Sort Key: c
	  ->  Index Scan using sbtest5_pkey on sbtest5  (cost=0.43..430.31 rows=112 width=121)
	        Index Cond: ((id >= 6931891) AND (id <= 6931990))

table 6 : explain SELECT c FROM sbtest6 WHERE id BETWEEN 636879 AND 636978 ORDER BY c
	Sort  (cost=388.77..389.02 rows=100 width=121)
	  Sort Key: c
	  ->  Index Scan using sbtest6_pkey on sbtest6  (cost=0.43..385.45 rows=100 width=121)
	        Index Cond: ((id >= 636879) AND (id <= 636978))

table 7 : explain SELECT c FROM sbtest7 WHERE id BETWEEN 7646240 AND 7646339 ORDER BY c
	Sort  (cost=416.86..417.13 rows=107 width=121)
	  Sort Key: c
	  ->  Index Scan using sbtest7_pkey on sbtest7  (cost=0.43..413.26 rows=107 width=121)
	        Index Cond: ((id >= 7646240) AND (id <= 7646339))

table 8 : explain SELECT c FROM sbtest8 WHERE id BETWEEN 6215536 AND 6215635 ORDER BY c
	Sort  (cost=369.23..369.47 rows=95 width=121)
	  Sort Key: c
	  ->  Index Scan using sbtest8_pkey on sbtest8  (cost=0.43..366.11 rows=95 width=121)
	        Index Cond: ((id >= 6215536) AND (id <= 6215635))

for non_index_updates
table 1 : explain UPDATE sbtest1 SET c='foobar' WHERE id=9668552
	Update on sbtest1  (cost=0.43..8.45 rows=0 width=0)
	  ->  Index Scan using sbtest1_pkey on sbtest1  (cost=0.43..8.45 rows=1 width=490)
	        Index Cond: (id = 9668552)

table 2 : explain UPDATE sbtest2 SET c='foobar' WHERE id=8210616
	Update on sbtest2  (cost=0.43..8.45 rows=0 width=0)
	  ->  Index Scan using sbtest2_pkey on sbtest2  (cost=0.43..8.45 rows=1 width=490)
	        Index Cond: (id = 8210616)

table 3 : explain UPDATE sbtest3 SET c='foobar' WHERE id=5469931
	Update on sbtest3  (cost=0.43..8.45 rows=0 width=0)
	  ->  Index Scan using sbtest3_pkey on sbtest3  (cost=0.43..8.45 rows=1 width=490)
	        Index Cond: (id = 5469931)

table 4 : explain UPDATE sbtest4 SET c='foobar' WHERE id=9277090
	Update on sbtest4  (cost=0.43..8.45 rows=0 width=0)
	  ->  Index Scan using sbtest4_pkey on sbtest4  (cost=0.43..8.45 rows=1 width=490)
	        Index Cond: (id = 9277090)

table 5 : explain UPDATE sbtest5 SET c='foobar' WHERE id=8273968
	Update on sbtest5  (cost=0.43..8.45 rows=0 width=0)
	  ->  Index Scan using sbtest5_pkey on sbtest5  (cost=0.43..8.45 rows=1 width=490)
	        Index Cond: (id = 8273968)

table 6 : explain UPDATE sbtest6 SET c='foobar' WHERE id=3168620
	Update on sbtest6  (cost=0.43..8.45 rows=0 width=0)
	  ->  Index Scan using sbtest6_pkey on sbtest6  (cost=0.43..8.45 rows=1 width=490)
	        Index Cond: (id = 3168620)

table 7 : explain UPDATE sbtest7 SET c='foobar' WHERE id=3298464
	Update on sbtest7  (cost=0.43..8.45 rows=0 width=0)
	  ->  Index Scan using sbtest7_pkey on sbtest7  (cost=0.43..8.45 rows=1 width=490)
	        Index Cond: (id = 3298464)

table 8 : explain UPDATE sbtest8 SET c='foobar' WHERE id=5843647
	Update on sbtest8  (cost=0.43..8.45 rows=0 width=0)
	  ->  Index Scan using sbtest8_pkey on sbtest8  (cost=0.43..8.45 rows=1 width=490)
	        Index Cond: (id = 5843647)

for: distinct_ranges
table 1 : explain SELECT DISTINCT c FROM sbtest1 WHERE id BETWEEN 7912104 AND 7912203 ORDER BY c
	Unique  (cost=410.05..410.58 rows=106 width=121)
	  ->  Sort  (cost=410.05..410.31 rows=106 width=121)
	        Sort Key: c
	        ->  Index Scan using sbtest1_pkey on sbtest1  (cost=0.43..406.48 rows=106 width=121)
	              Index Cond: ((id >= 7912104) AND (id <= 7912203))

table 2 : explain SELECT DISTINCT c FROM sbtest2 WHERE id BETWEEN 591496 AND 591595 ORDER BY c
	Unique  (cost=380.49..380.98 rows=98 width=121)
	  ->  Sort  (cost=380.49..380.73 rows=98 width=121)
	        Sort Key: c
	        ->  Index Scan using sbtest2_pkey on sbtest2  (cost=0.43..377.24 rows=98 width=121)
	              Index Cond: ((id >= 591496) AND (id <= 591595))

table 3 : explain SELECT DISTINCT c FROM sbtest3 WHERE id BETWEEN 3684824 AND 3684923 ORDER BY c
	Unique  (cost=357.90..358.36 rows=92 width=121)
	  ->  Sort  (cost=357.90..358.13 rows=92 width=121)
	        Sort Key: c
	        ->  Index Scan using sbtest3_pkey on sbtest3  (cost=0.43..354.90 rows=92 width=121)
	              Index Cond: ((id >= 3684824) AND (id <= 3684923))

table 4 : explain SELECT DISTINCT c FROM sbtest4 WHERE id BETWEEN 5812731 AND 5812830 ORDER BY c
	Unique  (cost=430.33..430.88 rows=111 width=121)
	  ->  Sort  (cost=430.33..430.60 rows=111 width=121)
	        Sort Key: c
	        ->  Index Scan using sbtest4_pkey on sbtest4  (cost=0.43..426.56 rows=111 width=121)
	              Index Cond: ((id >= 5812731) AND (id <= 5812830))

table 5 : explain SELECT DISTINCT c FROM sbtest5 WHERE id BETWEEN 6101621 AND 6101720 ORDER BY c
	Unique  (cost=422.60..423.15 rows=109 width=121)
	  ->  Sort  (cost=422.60..422.87 rows=109 width=121)
	        Sort Key: c
	        ->  Index Scan using sbtest5_pkey on sbtest5  (cost=0.43..418.91 rows=109 width=121)
	              Index Cond: ((id >= 6101621) AND (id <= 6101720))

table 6 : explain SELECT DISTINCT c FROM sbtest6 WHERE id BETWEEN 2429943 AND 2430042 ORDER BY c
	Unique  (cost=365.64..366.11 rows=94 width=121)
	  ->  Sort  (cost=365.64..365.87 rows=94 width=121)
	        Sort Key: c
	        ->  Index Scan using sbtest6_pkey on sbtest6  (cost=0.43..362.56 rows=94 width=121)
	              Index Cond: ((id >= 2429943) AND (id <= 2430042))

table 7 : explain SELECT DISTINCT c FROM sbtest7 WHERE id BETWEEN 5249141 AND 5249240 ORDER BY c
	Unique  (cost=413.01..413.54 rows=106 width=121)
	  ->  Sort  (cost=413.01..413.27 rows=106 width=121)
	        Sort Key: c
	        ->  Index Scan using sbtest7_pkey on sbtest7  (cost=0.43..409.44 rows=106 width=121)
	              Index Cond: ((id >= 5249141) AND (id <= 5249240))

table 8 : explain SELECT DISTINCT c FROM sbtest8 WHERE id BETWEEN 3426852 AND 3426951 ORDER BY c
	Unique  (cost=446.10..446.68 rows=115 width=121)
	  ->  Sort  (cost=446.10..446.39 rows=115 width=121)
	        Sort Key: c
	        ->  Index Scan using sbtest8_pkey on sbtest8  (cost=0.43..442.17 rows=115 width=121)
	              Index Cond: ((id >= 3426852) AND (id <= 3426951))

for: simple_ranges
table 1 : explain SELECT c FROM sbtest1 WHERE id BETWEEN 2707445 AND 2707544
	Index Scan using sbtest1_pkey on sbtest1  (cost=0.43..353.38 rows=92 width=121)
	  Index Cond: ((id >= 2707445) AND (id <= 2707544))

table 2 : explain SELECT c FROM sbtest2 WHERE id BETWEEN 2891220 AND 2891319
	Index Scan using sbtest2_pkey on sbtest2  (cost=0.43..403.85 rows=105 width=121)
	  Index Cond: ((id >= 2891220) AND (id <= 2891319))

table 3 : explain SELECT c FROM sbtest3 WHERE id BETWEEN 3206656 AND 3206755
	Index Scan using sbtest3_pkey on sbtest3  (cost=0.43..404.43 rows=105 width=121)
	  Index Cond: ((id >= 3206656) AND (id <= 3206755))

table 4 : explain SELECT c FROM sbtest4 WHERE id BETWEEN 2729054 AND 2729153
	Index Scan using sbtest4_pkey on sbtest4  (cost=0.43..373.36 rows=97 width=121)
	  Index Cond: ((id >= 2729054) AND (id <= 2729153))

table 5 : explain SELECT c FROM sbtest5 WHERE id BETWEEN 5959641 AND 5959740
	Index Scan using sbtest5_pkey on sbtest5  (cost=0.43..358.07 rows=93 width=121)
	  Index Cond: ((id >= 5959641) AND (id <= 5959740))

table 6 : explain SELECT c FROM sbtest6 WHERE id BETWEEN 4132521 AND 4132620
	Index Scan using sbtest6_pkey on sbtest6  (cost=0.43..400.67 rows=104 width=121)
	  Index Cond: ((id >= 4132521) AND (id <= 4132620))

table 7 : explain SELECT c FROM sbtest7 WHERE id BETWEEN 9553299 AND 9553398
	Index Scan using sbtest7_pkey on sbtest7  (cost=0.43..378.90 rows=98 width=121)
	  Index Cond: ((id >= 9553299) AND (id <= 9553398))

table 8 : explain SELECT c FROM sbtest8 WHERE id BETWEEN 7747557 AND 7747656
	Index Scan using sbtest8_pkey on sbtest8  (cost=0.43..377.52 rows=98 width=121)
	  Index Cond: ((id >= 7747557) AND (id <= 7747656))

explain: for deletes :: explain DELETE FROM sbtest%u WHERE id=%u
for index_updates
table 1 : explain UPDATE sbtest1 SET k=k+1 WHERE id=9700017
	Update on sbtest1  (cost=0.43..8.46 rows=0 width=0)
	  ->  Index Scan using sbtest1_pkey on sbtest1  (cost=0.43..8.46 rows=1 width=10)
	        Index Cond: (id = 9700017)

table 2 : explain UPDATE sbtest2 SET k=k+1 WHERE id=8834034
	Update on sbtest2  (cost=0.43..8.46 rows=0 width=0)
	  ->  Index Scan using sbtest2_pkey on sbtest2  (cost=0.43..8.46 rows=1 width=10)
	        Index Cond: (id = 8834034)

table 3 : explain UPDATE sbtest3 SET k=k+1 WHERE id=8291822
	Update on sbtest3  (cost=0.43..8.46 rows=0 width=0)
	  ->  Index Scan using sbtest3_pkey on sbtest3  (cost=0.43..8.46 rows=1 width=10)
	        Index Cond: (id = 8291822)

table 4 : explain UPDATE sbtest4 SET k=k+1 WHERE id=2283711
	Update on sbtest4  (cost=0.43..8.46 rows=0 width=0)
	  ->  Index Scan using sbtest4_pkey on sbtest4  (cost=0.43..8.46 rows=1 width=10)
	        Index Cond: (id = 2283711)

table 5 : explain UPDATE sbtest5 SET k=k+1 WHERE id=4207714
	Update on sbtest5  (cost=0.43..8.46 rows=0 width=0)
	  ->  Index Scan using sbtest5_pkey on sbtest5  (cost=0.43..8.46 rows=1 width=10)
	        Index Cond: (id = 4207714)

table 6 : explain UPDATE sbtest6 SET k=k+1 WHERE id=7154322
	Update on sbtest6  (cost=0.43..8.46 rows=0 width=0)
	  ->  Index Scan using sbtest6_pkey on sbtest6  (cost=0.43..8.46 rows=1 width=10)
	        Index Cond: (id = 7154322)

table 7 : explain UPDATE sbtest7 SET k=k+1 WHERE id=55520
	Update on sbtest7  (cost=0.43..8.46 rows=0 width=0)
	  ->  Index Scan using sbtest7_pkey on sbtest7  (cost=0.43..8.46 rows=1 width=10)
	        Index Cond: (id = 55520)

table 8 : explain UPDATE sbtest8 SET k=k+1 WHERE id=8676216
	Update on sbtest8  (cost=0.43..8.46 rows=0 width=0)
	  ->  Index Scan using sbtest8_pkey on sbtest8  (cost=0.43..8.46 rows=1 width=10)
	        Index Cond: (id = 8676216)

explain: for index_updates :: explain UPDATE sbtest%u SET k=k+1 WHERE id=%u
for point_selects
table 1 : explain SELECT c FROM sbtest1 WHERE id=9753261
	Index Scan using sbtest1_pkey on sbtest1  (cost=0.43..8.45 rows=1 width=121)
	  Index Cond: (id = 9753261)

table 2 : explain SELECT c FROM sbtest2 WHERE id=1339022
	Index Scan using sbtest2_pkey on sbtest2  (cost=0.43..8.45 rows=1 width=121)
	  Index Cond: (id = 1339022)

table 3 : explain SELECT c FROM sbtest3 WHERE id=9006533
	Index Scan using sbtest3_pkey on sbtest3  (cost=0.43..8.45 rows=1 width=121)
	  Index Cond: (id = 9006533)

table 4 : explain SELECT c FROM sbtest4 WHERE id=3341267
	Index Scan using sbtest4_pkey on sbtest4  (cost=0.43..8.45 rows=1 width=121)
	  Index Cond: (id = 3341267)

table 5 : explain SELECT c FROM sbtest5 WHERE id=7943006
	Index Scan using sbtest5_pkey on sbtest5  (cost=0.43..8.45 rows=1 width=121)
	  Index Cond: (id = 7943006)

table 6 : explain SELECT c FROM sbtest6 WHERE id=2950748
	Index Scan using sbtest6_pkey on sbtest6  (cost=0.43..8.45 rows=1 width=121)
	  Index Cond: (id = 2950748)

table 7 : explain SELECT c FROM sbtest7 WHERE id=2625560
	Index Scan using sbtest7_pkey on sbtest7  (cost=0.43..8.45 rows=1 width=121)
	  Index Cond: (id = 2625560)

table 8 : explain SELECT c FROM sbtest8 WHERE id=8851253
	Index Scan using sbtest8_pkey on sbtest8  (cost=0.43..8.45 rows=1 width=121)
	  Index Cond: (id = 8851253)

for index_updates
table 1 : explain UPDATE sbtest1 SET k=k+1 WHERE id=4963059
	Update on sbtest1  (cost=0.43..8.46 rows=0 width=0)
	  ->  Index Scan using sbtest1_pkey on sbtest1  (cost=0.43..8.46 rows=1 width=10)
	        Index Cond: (id = 4963059)

table 2 : explain UPDATE sbtest2 SET k=k+1 WHERE id=8501270
	Update on sbtest2  (cost=0.43..8.46 rows=0 width=0)
	  ->  Index Scan using sbtest2_pkey on sbtest2  (cost=0.43..8.46 rows=1 width=10)
	        Index Cond: (id = 8501270)

table 3 : explain UPDATE sbtest3 SET k=k+1 WHERE id=4414852
	Update on sbtest3  (cost=0.43..8.46 rows=0 width=0)
	  ->  Index Scan using sbtest3_pkey on sbtest3  (cost=0.43..8.46 rows=1 width=10)
	        Index Cond: (id = 4414852)

table 4 : explain UPDATE sbtest4 SET k=k+1 WHERE id=5888458
	Update on sbtest4  (cost=0.43..8.46 rows=0 width=0)
	  ->  Index Scan using sbtest4_pkey on sbtest4  (cost=0.43..8.46 rows=1 width=10)
	        Index Cond: (id = 5888458)

table 5 : explain UPDATE sbtest5 SET k=k+1 WHERE id=4972022
	Update on sbtest5  (cost=0.43..8.46 rows=0 width=0)
	  ->  Index Scan using sbtest5_pkey on sbtest5  (cost=0.43..8.46 rows=1 width=10)
	        Index Cond: (id = 4972022)

table 6 : explain UPDATE sbtest6 SET k=k+1 WHERE id=4831814
	Update on sbtest6  (cost=0.43..8.46 rows=0 width=0)
	  ->  Index Scan using sbtest6_pkey on sbtest6  (cost=0.43..8.46 rows=1 width=10)
	        Index Cond: (id = 4831814)

table 7 : explain UPDATE sbtest7 SET k=k+1 WHERE id=5034713
	Update on sbtest7  (cost=0.43..8.46 rows=0 width=0)
	  ->  Index Scan using sbtest7_pkey on sbtest7  (cost=0.43..8.46 rows=1 width=10)
	        Index Cond: (id = 5034713)

table 8 : explain UPDATE sbtest8 SET k=k+1 WHERE id=3777057
	Update on sbtest8  (cost=0.43..8.46 rows=0 width=0)
	  ->  Index Scan using sbtest8_pkey on sbtest8  (cost=0.43..8.46 rows=1 width=10)
	        Index Cond: (id = 3777057)

for point_selects
table 1 : explain SELECT c FROM sbtest1 WHERE id=8572902
	Index Scan using sbtest1_pkey on sbtest1  (cost=0.43..8.45 rows=1 width=121)
	  Index Cond: (id = 8572902)

table 2 : explain SELECT c FROM sbtest2 WHERE id=475828
	Index Scan using sbtest2_pkey on sbtest2  (cost=0.43..8.45 rows=1 width=121)
	  Index Cond: (id = 475828)

table 3 : explain SELECT c FROM sbtest3 WHERE id=7131061
	Index Scan using sbtest3_pkey on sbtest3  (cost=0.43..8.45 rows=1 width=121)
	  Index Cond: (id = 7131061)

table 4 : explain SELECT c FROM sbtest4 WHERE id=8091551
	Index Scan using sbtest4_pkey on sbtest4  (cost=0.43..8.45 rows=1 width=121)
	  Index Cond: (id = 8091551)

table 5 : explain SELECT c FROM sbtest5 WHERE id=9345419
	Index Scan using sbtest5_pkey on sbtest5  (cost=0.43..8.45 rows=1 width=121)
	  Index Cond: (id = 9345419)

table 6 : explain SELECT c FROM sbtest6 WHERE id=1207374
	Index Scan using sbtest6_pkey on sbtest6  (cost=0.43..8.45 rows=1 width=121)
	  Index Cond: (id = 1207374)

table 7 : explain SELECT c FROM sbtest7 WHERE id=5313026
	Index Scan using sbtest7_pkey on sbtest7  (cost=0.43..8.45 rows=1 width=121)
	  Index Cond: (id = 5313026)

table 8 : explain SELECT c FROM sbtest8 WHERE id=5513587
	Index Scan using sbtest8_pkey on sbtest8  (cost=0.43..8.45 rows=1 width=121)
	  Index Cond: (id = 5513587)

explain: for inserts :: explain INSERT INTO sbtest%u (id, k, c, pad) VALUES (%u, 13, 'foobar', 'foobar')
for: order_ranges
table 1 : explain SELECT c FROM sbtest1 WHERE id BETWEEN 5866407 AND 5866506 ORDER BY c
	Sort  (cost=406.22..406.48 rows=105 width=121)
	  Sort Key: c
	  ->  Index Scan using sbtest1_pkey on sbtest1  (cost=0.43..402.69 rows=105 width=121)
	        Index Cond: ((id >= 5866407) AND (id <= 5866506))

table 2 : explain SELECT c FROM sbtest2 WHERE id BETWEEN 7732585 AND 7732684 ORDER BY c
	Sort  (cost=353.55..353.78 rows=91 width=121)
	  Sort Key: c
	  ->  Index Scan using sbtest2_pkey on sbtest2  (cost=0.43..350.59 rows=91 width=121)
	        Index Cond: ((id >= 7732585) AND (id <= 7732684))

table 3 : explain SELECT c FROM sbtest3 WHERE id BETWEEN 5557462 AND 5557561 ORDER BY c
	Sort  (cost=350.21..350.43 rows=90 width=121)
	  Sort Key: c
	  ->  Index Scan using sbtest3_pkey on sbtest3  (cost=0.43..347.28 rows=90 width=121)
	        Index Cond: ((id >= 5557462) AND (id <= 5557561))

table 4 : explain SELECT c FROM sbtest4 WHERE id BETWEEN 4879244 AND 4879343 ORDER BY c
	Sort  (cost=357.31..357.54 rows=92 width=121)
	  Sort Key: c
	  ->  Index Scan using sbtest4_pkey on sbtest4  (cost=0.43..354.31 rows=92 width=121)
	        Index Cond: ((id >= 4879244) AND (id <= 4879343))

table 5 : explain SELECT c FROM sbtest5 WHERE id BETWEEN 9038263 AND 9038362 ORDER BY c
	Sort  (cost=388.04..388.29 rows=100 width=121)
	  Sort Key: c
	  ->  Index Scan using sbtest5_pkey on sbtest5  (cost=0.43..384.72 rows=100 width=121)
	        Index Cond: ((id >= 9038263) AND (id <= 9038362))

table 6 : explain SELECT c FROM sbtest6 WHERE id BETWEEN 9456249 AND 9456348 ORDER BY c
	Sort  (cost=384.92..385.17 rows=99 width=121)
	  Sort Key: c
	  ->  Index Scan using sbtest6_pkey on sbtest6  (cost=0.43..381.64 rows=99 width=121)
	        Index Cond: ((id >= 9456249) AND (id <= 9456348))

table 7 : explain SELECT c FROM sbtest7 WHERE id BETWEEN 9607647 AND 9607746 ORDER BY c
	Sort  (cost=382.14..382.39 rows=98 width=121)
	  Sort Key: c
	  ->  Index Scan using sbtest7_pkey on sbtest7  (cost=0.43..378.90 rows=98 width=121)
	        Index Cond: ((id >= 9607647) AND (id <= 9607746))

table 8 : explain SELECT c FROM sbtest8 WHERE id BETWEEN 5963620 AND 5963719 ORDER BY c
	Sort  (cost=423.04..423.31 rows=109 width=121)
	  Sort Key: c
	  ->  Index Scan using sbtest8_pkey on sbtest8  (cost=0.43..419.35 rows=109 width=121)
	        Index Cond: ((id >= 5963620) AND (id <= 5963719))

for deletes
table 1 : explain DELETE FROM sbtest1 WHERE id=9532199
	Delete on sbtest1  (cost=0.43..8.45 rows=0 width=0)
	  ->  Index Scan using sbtest1_pkey on sbtest1  (cost=0.43..8.45 rows=1 width=6)
	        Index Cond: (id = 9532199)

table 2 : explain DELETE FROM sbtest2 WHERE id=564952
	Delete on sbtest2  (cost=0.43..8.45 rows=0 width=0)
	  ->  Index Scan using sbtest2_pkey on sbtest2  (cost=0.43..8.45 rows=1 width=6)
	        Index Cond: (id = 564952)

table 3 : explain DELETE FROM sbtest3 WHERE id=2379097
	Delete on sbtest3  (cost=0.43..8.45 rows=0 width=0)
	  ->  Index Scan using sbtest3_pkey on sbtest3  (cost=0.43..8.45 rows=1 width=6)
	        Index Cond: (id = 2379097)

table 4 : explain DELETE FROM sbtest4 WHERE id=5572821
	Delete on sbtest4  (cost=0.43..8.45 rows=0 width=0)
	  ->  Index Scan using sbtest4_pkey on sbtest4  (cost=0.43..8.45 rows=1 width=6)
	        Index Cond: (id = 5572821)

table 5 : explain DELETE FROM sbtest5 WHERE id=553967
	Delete on sbtest5  (cost=0.43..8.45 rows=0 width=0)
	  ->  Index Scan using sbtest5_pkey on sbtest5  (cost=0.43..8.45 rows=1 width=6)
	        Index Cond: (id = 553967)

table 6 : explain DELETE FROM sbtest6 WHERE id=9498453
	Delete on sbtest6  (cost=0.43..8.45 rows=0 width=0)
	  ->  Index Scan using sbtest6_pkey on sbtest6  (cost=0.43..8.45 rows=1 width=6)
	        Index Cond: (id = 9498453)

table 7 : explain DELETE FROM sbtest7 WHERE id=6372541
	Delete on sbtest7  (cost=0.43..8.45 rows=0 width=0)
	  ->  Index Scan using sbtest7_pkey on sbtest7  (cost=0.43..8.45 rows=1 width=6)
	        Index Cond: (id = 6372541)

table 8 : explain DELETE FROM sbtest8 WHERE id=4338061
	Delete on sbtest8  (cost=0.43..8.45 rows=0 width=0)
	  ->  Index Scan using sbtest8_pkey on sbtest8  (cost=0.43..8.45 rows=1 width=6)
	        Index Cond: (id = 4338061)

explain: for non_index_updates :: explain UPDATE sbtest%u SET c='foobar' WHERE id=%u
explain: for point_selects :: explain SELECT c FROM sbtest%u WHERE id=%u
for: distinct_ranges
table 1 : explain SELECT DISTINCT c FROM sbtest1 WHERE id BETWEEN 3566343 AND 3566442 ORDER BY c
	Unique  (cost=352.55..353.01 rows=91 width=121)
	  ->  Sort  (cost=352.55..352.78 rows=91 width=121)
	        Sort Key: c
	        ->  Index Scan using sbtest1_pkey on sbtest1  (cost=0.43..349.59 rows=91 width=121)
	              Index Cond: ((id >= 3566343) AND (id <= 3566442))

table 2 : explain SELECT DISTINCT c FROM sbtest2 WHERE id BETWEEN 2760334 AND 2760433 ORDER BY c
	Unique  (cost=380.49..380.98 rows=98 width=121)
	  ->  Sort  (cost=380.49..380.73 rows=98 width=121)
	        Sort Key: c
	        ->  Index Scan using sbtest2_pkey on sbtest2  (cost=0.43..377.24 rows=98 width=121)
	              Index Cond: ((id >= 2760334) AND (id <= 2760433))

table 3 : explain SELECT DISTINCT c FROM sbtest3 WHERE id BETWEEN 459900 AND 459999 ORDER BY c
	Unique  (cost=419.49..420.03 rows=108 width=121)
	  ->  Sort  (cost=419.49..419.76 rows=108 width=121)
	        Sort Key: c
	        ->  Index Scan using sbtest3_pkey on sbtest3  (cost=0.43..415.84 rows=108 width=121)
	              Index Cond: ((id >= 459900) AND (id <= 459999))

table 4 : explain SELECT DISTINCT c FROM sbtest4 WHERE id BETWEEN 7175360 AND 7175459 ORDER BY c
	Unique  (cost=368.89..369.36 rows=95 width=121)
	  ->  Sort  (cost=368.89..369.12 rows=95 width=121)
	        Sort Key: c
	        ->  Index Scan using sbtest4_pkey on sbtest4  (cost=0.43..365.77 rows=95 width=121)
	              Index Cond: ((id >= 7175360) AND (id <= 7175459))

table 5 : explain SELECT DISTINCT c FROM sbtest5 WHERE id BETWEEN 4999144 AND 4999243 ORDER BY c
	Unique  (cost=422.60..423.15 rows=109 width=121)
	  ->  Sort  (cost=422.60..422.87 rows=109 width=121)
	        Sort Key: c
	        ->  Index Scan using sbtest5_pkey on sbtest5  (cost=0.43..418.91 rows=109 width=121)
	              Index Cond: ((id >= 4999144) AND (id <= 4999243))

table 6 : explain SELECT DISTINCT c FROM sbtest6 WHERE id BETWEEN 3991896 AND 3991995 ORDER BY c
	Unique  (cost=377.23..377.71 rows=97 width=121)
	  ->  Sort  (cost=377.23..377.47 rows=97 width=121)
	        Sort Key: c
	        ->  Index Scan using sbtest6_pkey on sbtest6  (cost=0.43..374.03 rows=97 width=121)
	              Index Cond: ((id >= 3991896) AND (id <= 3991995))

table 7 : explain SELECT DISTINCT c FROM sbtest7 WHERE id BETWEEN 8859245 AND 8859344 ORDER BY c
	Unique  (cost=355.09..355.54 rows=91 width=121)
	  ->  Sort  (cost=355.09..355.32 rows=91 width=121)
	        Sort Key: c
	        ->  Index Scan using sbtest7_pkey on sbtest7  (cost=0.43..352.13 rows=91 width=121)
	              Index Cond: ((id >= 8859245) AND (id <= 8859344))

table 8 : explain SELECT DISTINCT c FROM sbtest8 WHERE id BETWEEN 5004327 AND 5004426 ORDER BY c
	Unique  (cost=361.49..361.95 rows=93 width=121)
	  ->  Sort  (cost=361.49..361.72 rows=93 width=121)
	        Sort Key: c
	        ->  Index Scan using sbtest8_pkey on sbtest8  (cost=0.43..358.45 rows=93 width=121)
	              Index Cond: ((id >= 5004327) AND (id <= 5004426))

explain: for non_index_updates :: explain UPDATE sbtest%u SET c='foobar' WHERE id=%u
for: sum_ranges
table 1 : explain SELECT SUM(k) FROM sbtest1 WHERE id BETWEEN 748192 AND 748291
	Aggregate  (cost=391.58..391.59 rows=1 width=8)
	  ->  Index Scan using sbtest1_pkey on sbtest1  (cost=0.43..391.33 rows=102 width=4)
	        Index Cond: ((id >= 748192) AND (id <= 748291))

table 2 : explain SELECT SUM(k) FROM sbtest2 WHERE id BETWEEN 8336619 AND 8336718
	Aggregate  (cost=388.90..388.91 rows=1 width=8)
	  ->  Index Scan using sbtest2_pkey on sbtest2  (cost=0.43..388.64 rows=101 width=4)
	        Index Cond: ((id >= 8336619) AND (id <= 8336718))

table 3 : explain SELECT SUM(k) FROM sbtest3 WHERE id BETWEEN 5176501 AND 5176600
	Aggregate  (cost=374.22..374.23 rows=1 width=8)
	  ->  Index Scan using sbtest3_pkey on sbtest3  (cost=0.43..373.98 rows=97 width=4)
	        Index Cond: ((id >= 5176501) AND (id <= 5176600))

table 4 : explain SELECT SUM(k) FROM sbtest4 WHERE id BETWEEN 1917938 AND 1918037
	Aggregate  (cost=354.54..354.55 rows=1 width=8)
	  ->  Index Scan using sbtest4_pkey on sbtest4  (cost=0.43..354.31 rows=92 width=4)
	        Index Cond: ((id >= 1917938) AND (id <= 1918037))

table 5 : explain SELECT SUM(k) FROM sbtest5 WHERE id BETWEEN 86984 AND 87083
	Aggregate  (cost=369.77..369.78 rows=1 width=8)
	  ->  Index Scan using sbtest5_pkey on sbtest5  (cost=0.43..369.53 rows=96 width=4)
	        Index Cond: ((id >= 86984) AND (id <= 87083))

table 6 : explain SELECT SUM(k) FROM sbtest6 WHERE id BETWEEN 1602213 AND 1602312
	Aggregate  (cost=378.08..378.09 rows=1 width=8)
	  ->  Index Scan using sbtest6_pkey on sbtest6  (cost=0.43..377.83 rows=98 width=4)
	        Index Cond: ((id >= 1602213) AND (id <= 1602312))

table 7 : explain SELECT SUM(k) FROM sbtest7 WHERE id BETWEEN 9371123 AND 9371222
	Aggregate  (cost=379.15..379.16 rows=1 width=8)
	  ->  Index Scan using sbtest7_pkey on sbtest7  (cost=0.43..378.90 rows=98 width=4)
	        Index Cond: ((id >= 9371123) AND (id <= 9371222))

table 8 : explain SELECT SUM(k) FROM sbtest8 WHERE id BETWEEN 7117742 AND 7117841
	Aggregate  (cost=396.79..396.80 rows=1 width=8)
	  ->  Index Scan using sbtest8_pkey on sbtest8  (cost=0.43..396.53 rows=103 width=4)
	        Index Cond: ((id >= 7117742) AND (id <= 7117841))

explain: for point_selects :: explain SELECT c FROM sbtest%u WHERE id=%u
for index_updates
table 1 : explain UPDATE sbtest1 SET k=k+1 WHERE id=1133898
	Update on sbtest1  (cost=0.43..8.46 rows=0 width=0)
	  ->  Index Scan using sbtest1_pkey on sbtest1  (cost=0.43..8.46 rows=1 width=10)
	        Index Cond: (id = 1133898)

table 2 : explain UPDATE sbtest2 SET k=k+1 WHERE id=4501911
	Update on sbtest2  (cost=0.43..8.46 rows=0 width=0)
	  ->  Index Scan using sbtest2_pkey on sbtest2  (cost=0.43..8.46 rows=1 width=10)
	        Index Cond: (id = 4501911)

table 3 : explain UPDATE sbtest3 SET k=k+1 WHERE id=6941474
	Update on sbtest3  (cost=0.43..8.46 rows=0 width=0)
	  ->  Index Scan using sbtest3_pkey on sbtest3  (cost=0.43..8.46 rows=1 width=10)
	        Index Cond: (id = 6941474)

table 4 : explain UPDATE sbtest4 SET k=k+1 WHERE id=7339081
	Update on sbtest4  (cost=0.43..8.46 rows=0 width=0)
	  ->  Index Scan using sbtest4_pkey on sbtest4  (cost=0.43..8.46 rows=1 width=10)
	        Index Cond: (id = 7339081)

table 5 : explain UPDATE sbtest5 SET k=k+1 WHERE id=5360874
	Update on sbtest5  (cost=0.43..8.46 rows=0 width=0)
	  ->  Index Scan using sbtest5_pkey on sbtest5  (cost=0.43..8.46 rows=1 width=10)
	        Index Cond: (id = 5360874)

table 6 : explain UPDATE sbtest6 SET k=k+1 WHERE id=7647979
	Update on sbtest6  (cost=0.43..8.46 rows=0 width=0)
	  ->  Index Scan using sbtest6_pkey on sbtest6  (cost=0.43..8.46 rows=1 width=10)
	        Index Cond: (id = 7647979)

table 7 : explain UPDATE sbtest7 SET k=k+1 WHERE id=5752526
	Update on sbtest7  (cost=0.43..8.46 rows=0 width=0)
	  ->  Index Scan using sbtest7_pkey on sbtest7  (cost=0.43..8.46 rows=1 width=10)
	        Index Cond: (id = 5752526)

table 8 : explain UPDATE sbtest8 SET k=k+1 WHERE id=1931118
	Update on sbtest8  (cost=0.43..8.46 rows=0 width=0)
	  ->  Index Scan using sbtest8_pkey on sbtest8  (cost=0.43..8.46 rows=1 width=10)
	        Index Cond: (id = 1931118)

for: distinct_ranges
table 1 : explain SELECT DISTINCT c FROM sbtest1 WHERE id BETWEEN 3844809 AND 3844908 ORDER BY c
	Unique  (cost=394.73..395.24 rows=102 width=121)
	  ->  Sort  (cost=394.73..394.99 rows=102 width=121)
	        Sort Key: c
	        ->  Index Scan using sbtest1_pkey on sbtest1  (cost=0.43..391.33 rows=102 width=121)
	              Index Cond: ((id >= 3844809) AND (id <= 3844908))

table 2 : explain SELECT DISTINCT c FROM sbtest2 WHERE id BETWEEN 6596504 AND 6596603 ORDER BY c
	Unique  (cost=376.64..377.13 rows=97 width=121)
	  ->  Sort  (cost=376.64..376.89 rows=97 width=121)
	        Sort Key: c
	        ->  Index Scan using sbtest2_pkey on sbtest2  (cost=0.43..373.44 rows=97 width=121)
	              Index Cond: ((id >= 6596504) AND (id <= 6596603))

table 3 : explain SELECT DISTINCT c FROM sbtest3 WHERE id BETWEEN 5112044 AND 5112143 ORDER BY c
	Unique  (cost=357.90..358.36 rows=92 width=121)
	  ->  Sort  (cost=357.90..358.13 rows=92 width=121)
	        Sort Key: c
	        ->  Index Scan using sbtest3_pkey on sbtest3  (cost=0.43..354.90 rows=92 width=121)
	              Index Cond: ((id >= 5112044) AND (id <= 5112143))

table 4 : explain SELECT DISTINCT c FROM sbtest4 WHERE id BETWEEN 9541640 AND 9541739 ORDER BY c
	Unique  (cost=411.12..411.65 rows=106 width=121)
	  ->  Sort  (cost=411.12..411.39 rows=106 width=121)
	        Sort Key: c
	        ->  Index Scan using sbtest4_pkey on sbtest4  (cost=0.43..407.56 rows=106 width=121)
	              Index Cond: ((id >= 9541640) AND (id <= 9541739))

table 5 : explain SELECT DISTINCT c FROM sbtest5 WHERE id BETWEEN 2672427 AND 2672526 ORDER BY c
	Unique  (cost=399.56..400.08 rows=103 width=121)
	  ->  Sort  (cost=399.56..399.82 rows=103 width=121)
	        Sort Key: c
	        ->  Index Scan using sbtest5_pkey on sbtest5  (cost=0.43..396.12 rows=103 width=121)
	              Index Cond: ((id >= 2672427) AND (id <= 2672526))

table 6 : explain SELECT DISTINCT c FROM sbtest6 WHERE id BETWEEN 9872747 AND 9872846 ORDER BY c
	Unique  (cost=381.08..381.57 rows=98 width=121)
	  ->  Sort  (cost=381.08..381.32 rows=98 width=121)
	        Sort Key: c
	        ->  Index Scan using sbtest6_pkey on sbtest6  (cost=0.43..377.83 rows=98 width=121)
	              Index Cond: ((id >= 9872747) AND (id <= 9872846))

table 7 : explain SELECT DISTINCT c FROM sbtest7 WHERE id BETWEEN 8112243 AND 8112342 ORDER BY c
	Unique  (cost=428.44..428.99 rows=110 width=121)
	  ->  Sort  (cost=428.44..428.71 rows=110 width=121)
	        Sort Key: c
	        ->  Index Scan using sbtest7_pkey on sbtest7  (cost=0.43..424.71 rows=110 width=121)
	              Index Cond: ((id >= 8112243) AND (id <= 8112342))

table 8 : explain SELECT DISTINCT c FROM sbtest8 WHERE id BETWEEN 7999781 AND 7999880 ORDER BY c
	Unique  (cost=373.07..373.55 rows=96 width=121)
	  ->  Sort  (cost=373.07..373.31 rows=96 width=121)
	        Sort Key: c
	        ->  Index Scan using sbtest8_pkey on sbtest8  (cost=0.43..369.91 rows=96 width=121)
	              Index Cond: ((id >= 7999781) AND (id <= 7999880))

for: order_ranges
table 1 : explain SELECT c FROM sbtest1 WHERE id BETWEEN 2947767 AND 2947866 ORDER BY c
	Sort  (cost=398.56..398.82 rows=103 width=121)
	  Sort Key: c
	  ->  Index Scan using sbtest1_pkey on sbtest1  (cost=0.43..395.12 rows=103 width=121)
	        Index Cond: ((id >= 2947767) AND (id <= 2947866))

table 2 : explain SELECT c FROM sbtest2 WHERE id BETWEEN 3565888 AND 3565987 ORDER BY c
	Sort  (cost=395.85..396.10 rows=102 width=121)
	  Sort Key: c
	  ->  Index Scan using sbtest2_pkey on sbtest2  (cost=0.43..392.45 rows=102 width=121)
	        Index Cond: ((id >= 3565888) AND (id <= 3565987))

table 3 : explain SELECT c FROM sbtest3 WHERE id BETWEEN 3122063 AND 3122162 ORDER BY c
	Sort  (cost=373.28..373.52 rows=96 width=121)
	  Sort Key: c
	  ->  Index Scan using sbtest3_pkey on sbtest3  (cost=0.43..370.12 rows=96 width=121)
	        Index Cond: ((id >= 3122063) AND (id <= 3122162))

table 4 : explain SELECT c FROM sbtest4 WHERE id BETWEEN 7280942 AND 7281041 ORDER BY c
	Sort  (cost=388.08..388.33 rows=100 width=121)
	  Sort Key: c
	  ->  Index Scan using sbtest4_pkey on sbtest4  (cost=0.43..384.76 rows=100 width=121)
	        Index Cond: ((id >= 7280942) AND (id <= 7281041))

table 5 : explain SELECT c FROM sbtest5 WHERE id BETWEEN 4271066 AND 4271165 ORDER BY c
	Sort  (cost=426.44..426.72 rows=110 width=121)
	  Sort Key: c
	  ->  Index Scan using sbtest5_pkey on sbtest5  (cost=0.43..422.71 rows=110 width=121)
	        Index Cond: ((id >= 4271066) AND (id <= 4271165))

table 6 : explain SELECT c FROM sbtest6 WHERE id BETWEEN 1169059 AND 1169158 ORDER BY c
	Sort  (cost=384.92..385.17 rows=99 width=121)
	  Sort Key: c
	  ->  Index Scan using sbtest6_pkey on sbtest6  (cost=0.43..381.64 rows=99 width=121)
	        Index Cond: ((id >= 1169059) AND (id <= 1169158))

table 7 : explain SELECT c FROM sbtest7 WHERE id BETWEEN 4239851 AND 4239950 ORDER BY c
	Sort  (cost=401.43..401.69 rows=103 width=121)
	  Sort Key: c
	  ->  Index Scan using sbtest7_pkey on sbtest7  (cost=0.43..397.99 rows=103 width=121)
	        Index Cond: ((id >= 4239851) AND (id <= 4239950))

table 8 : explain SELECT c FROM sbtest8 WHERE id BETWEEN 8282982 AND 8283081 ORDER BY c
	Sort  (cost=399.98..400.23 rows=103 width=121)
	  Sort Key: c
	  ->  Index Scan using sbtest8_pkey on sbtest8  (cost=0.43..396.53 rows=103 width=121)
	        Index Cond: ((id >= 8282982) AND (id <= 8283081))

explain: for index_updates :: explain UPDATE sbtest%u SET k=k+1 WHERE id=%u
explain: for inserts :: explain INSERT INTO sbtest%u (id, k, c, pad) VALUES (%u, 13, 'foobar', 'foobar')
for point_selects
table 1 : explain SELECT c FROM sbtest1 WHERE id=8303449
	Index Scan using sbtest1_pkey on sbtest1  (cost=0.43..8.45 rows=1 width=121)
	  Index Cond: (id = 8303449)

table 2 : explain SELECT c FROM sbtest2 WHERE id=6956047
	Index Scan using sbtest2_pkey on sbtest2  (cost=0.43..8.45 rows=1 width=121)
	  Index Cond: (id = 6956047)

table 3 : explain SELECT c FROM sbtest3 WHERE id=2753888
	Index Scan using sbtest3_pkey on sbtest3  (cost=0.43..8.45 rows=1 width=121)
	  Index Cond: (id = 2753888)

table 4 : explain SELECT c FROM sbtest4 WHERE id=2456747
	Index Scan using sbtest4_pkey on sbtest4  (cost=0.43..8.45 rows=1 width=121)
	  Index Cond: (id = 2456747)

table 5 : explain SELECT c FROM sbtest5 WHERE id=8773714
	Index Scan using sbtest5_pkey on sbtest5  (cost=0.43..8.45 rows=1 width=121)
	  Index Cond: (id = 8773714)

table 6 : explain SELECT c FROM sbtest6 WHERE id=7190693
	Index Scan using sbtest6_pkey on sbtest6  (cost=0.43..8.45 rows=1 width=121)
	  Index Cond: (id = 7190693)

table 7 : explain SELECT c FROM sbtest7 WHERE id=4281913
	Index Scan using sbtest7_pkey on sbtest7  (cost=0.43..8.45 rows=1 width=121)
	  Index Cond: (id = 4281913)

table 8 : explain SELECT c FROM sbtest8 WHERE id=2761191
	Index Scan using sbtest8_pkey on sbtest8  (cost=0.43..8.45 rows=1 width=121)
	  Index Cond: (id = 2761191)

for non_index_updates
table 1 : explain UPDATE sbtest1 SET c='foobar' WHERE id=5006071
	Update on sbtest1  (cost=0.43..8.45 rows=0 width=0)
	  ->  Index Scan using sbtest1_pkey on sbtest1  (cost=0.43..8.45 rows=1 width=490)
	        Index Cond: (id = 5006071)

table 2 : explain UPDATE sbtest2 SET c='foobar' WHERE id=6722220
	Update on sbtest2  (cost=0.43..8.45 rows=0 width=0)
	  ->  Index Scan using sbtest2_pkey on sbtest2  (cost=0.43..8.45 rows=1 width=490)
	        Index Cond: (id = 6722220)

table 3 : explain UPDATE sbtest3 SET c='foobar' WHERE id=4116904
	Update on sbtest3  (cost=0.43..8.45 rows=0 width=0)
	  ->  Index Scan using sbtest3_pkey on sbtest3  (cost=0.43..8.45 rows=1 width=490)
	        Index Cond: (id = 4116904)

table 4 : explain UPDATE sbtest4 SET c='foobar' WHERE id=8846706
	Update on sbtest4  (cost=0.43..8.45 rows=0 width=0)
	  ->  Index Scan using sbtest4_pkey on sbtest4  (cost=0.43..8.45 rows=1 width=490)
	        Index Cond: (id = 8846706)

table 5 : explain UPDATE sbtest5 SET c='foobar' WHERE id=590686
	Update on sbtest5  (cost=0.43..8.45 rows=0 width=0)
	  ->  Index Scan using sbtest5_pkey on sbtest5  (cost=0.43..8.45 rows=1 width=490)
	        Index Cond: (id = 590686)

table 6 : explain UPDATE sbtest6 SET c='foobar' WHERE id=7605233
	Update on sbtest6  (cost=0.43..8.45 rows=0 width=0)
	  ->  Index Scan using sbtest6_pkey on sbtest6  (cost=0.43..8.45 rows=1 width=490)
	        Index Cond: (id = 7605233)

table 7 : explain UPDATE sbtest7 SET c='foobar' WHERE id=7905915
	Update on sbtest7  (cost=0.43..8.45 rows=0 width=0)
	  ->  Index Scan using sbtest7_pkey on sbtest7  (cost=0.43..8.45 rows=1 width=490)
	        Index Cond: (id = 7905915)

table 8 : explain UPDATE sbtest8 SET c='foobar' WHERE id=7102686
	Update on sbtest8  (cost=0.43..8.45 rows=0 width=0)
	  ->  Index Scan using sbtest8_pkey on sbtest8  (cost=0.43..8.45 rows=1 width=490)
	        Index Cond: (id = 7102686)

for: simple_ranges
table 1 : explain SELECT c FROM sbtest1 WHERE id BETWEEN 1587744 AND 1587843
	Index Scan using sbtest1_pkey on sbtest1  (cost=0.43..376.17 rows=98 width=121)
	  Index Cond: ((id >= 1587744) AND (id <= 1587843))

table 2 : explain SELECT c FROM sbtest2 WHERE id BETWEEN 8930848 AND 8930947
	Index Scan using sbtest2_pkey on sbtest2  (cost=0.43..400.05 rows=104 width=121)
	  Index Cond: ((id >= 8930848) AND (id <= 8930947))

table 3 : explain SELECT c FROM sbtest3 WHERE id BETWEEN 530526 AND 530625
	Index Scan using sbtest3_pkey on sbtest3  (cost=0.43..370.12 rows=96 width=121)
	  Index Cond: ((id >= 530526) AND (id <= 530625))

table 4 : explain SELECT c FROM sbtest4 WHERE id BETWEEN 4495547 AND 4495646
	Index Scan using sbtest4_pkey on sbtest4  (cost=0.43..403.76 rows=105 width=121)
	  Index Cond: ((id >= 4495547) AND (id <= 4495646))

table 5 : explain SELECT c FROM sbtest5 WHERE id BETWEEN 4294541 AND 4294640
	Index Scan using sbtest5_pkey on sbtest5  (cost=0.43..422.71 rows=110 width=121)
	  Index Cond: ((id >= 4294541) AND (id <= 4294640))

table 6 : explain SELECT c FROM sbtest6 WHERE id BETWEEN 9569567 AND 9569666
	Index Scan using sbtest6_pkey on sbtest6  (cost=0.43..404.48 rows=105 width=121)
	  Index Cond: ((id >= 9569567) AND (id <= 9569666))

table 7 : explain SELECT c FROM sbtest7 WHERE id BETWEEN 9212566 AND 9212665
	Index Scan using sbtest7_pkey on sbtest7  (cost=0.43..352.13 rows=91 width=121)
	  Index Cond: ((id >= 9212566) AND (id <= 9212665))

table 8 : explain SELECT c FROM sbtest8 WHERE id BETWEEN 7676109 AND 7676208
	Index Scan using sbtest8_pkey on sbtest8  (cost=0.43..358.45 rows=93 width=121)
	  Index Cond: ((id >= 7676109) AND (id <= 7676208))

for non_index_updates
table 1 : explain UPDATE sbtest1 SET c='foobar' WHERE id=3309589
	Update on sbtest1  (cost=0.43..8.45 rows=0 width=0)
	  ->  Index Scan using sbtest1_pkey on sbtest1  (cost=0.43..8.45 rows=1 width=490)
	        Index Cond: (id = 3309589)

table 2 : explain UPDATE sbtest2 SET c='foobar' WHERE id=7306096
	Update on sbtest2  (cost=0.43..8.45 rows=0 width=0)
	  ->  Index Scan using sbtest2_pkey on sbtest2  (cost=0.43..8.45 rows=1 width=490)
	        Index Cond: (id = 7306096)

table 3 : explain UPDATE sbtest3 SET c='foobar' WHERE id=7977812
	Update on sbtest3  (cost=0.43..8.45 rows=0 width=0)
	  ->  Index Scan using sbtest3_pkey on sbtest3  (cost=0.43..8.45 rows=1 width=490)
	        Index Cond: (id = 7977812)

table 4 : explain UPDATE sbtest4 SET c='foobar' WHERE id=152141
	Update on sbtest4  (cost=0.43..8.45 rows=0 width=0)
	  ->  Index Scan using sbtest4_pkey on sbtest4  (cost=0.43..8.45 rows=1 width=490)
	        Index Cond: (id = 152141)

table 5 : explain UPDATE sbtest5 SET c='foobar' WHERE id=5222415
	Update on sbtest5  (cost=0.43..8.45 rows=0 width=0)
	  ->  Index Scan using sbtest5_pkey on sbtest5  (cost=0.43..8.45 rows=1 width=490)
	        Index Cond: (id = 5222415)

table 6 : explain UPDATE sbtest6 SET c='foobar' WHERE id=3829277
	Update on sbtest6  (cost=0.43..8.45 rows=0 width=0)
	  ->  Index Scan using sbtest6_pkey on sbtest6  (cost=0.43..8.45 rows=1 width=490)
	        Index Cond: (id = 3829277)

table 7 : explain UPDATE sbtest7 SET c='foobar' WHERE id=1865851
	Update on sbtest7  (cost=0.43..8.45 rows=0 width=0)
	  ->  Index Scan using sbtest7_pkey on sbtest7  (cost=0.43..8.45 rows=1 width=490)
	        Index Cond: (id = 1865851)

table 8 : explain UPDATE sbtest8 SET c='foobar' WHERE id=9647044
	Update on sbtest8  (cost=0.43..8.45 rows=0 width=0)
	  ->  Index Scan using sbtest8_pkey on sbtest8  (cost=0.43..8.45 rows=1 width=490)
	        Index Cond: (id = 9647044)

explain: for index_updates :: explain UPDATE sbtest%u SET k=k+1 WHERE id=%u
explain: for non_index_updates :: explain UPDATE sbtest%u SET c='foobar' WHERE id=%u
for: simple_ranges
table 1 : explain SELECT c FROM sbtest1 WHERE id BETWEEN 2026687 AND 2026786
	Index Scan using sbtest1_pkey on sbtest1  (cost=0.43..383.75 rows=100 width=121)
	  Index Cond: ((id >= 2026687) AND (id <= 2026786))

table 2 : explain SELECT c FROM sbtest2 WHERE id BETWEEN 5205033 AND 5205132
	Index Scan using sbtest2_pkey on sbtest2  (cost=0.43..381.04 rows=99 width=121)
	  Index Cond: ((id >= 5205033) AND (id <= 5205132))

table 3 : explain SELECT c FROM sbtest3 WHERE id BETWEEN 7058781 AND 7058880
	Index Scan using sbtest3_pkey on sbtest3  (cost=0.43..381.59 rows=99 width=121)
	  Index Cond: ((id >= 7058781) AND (id <= 7058880))

table 4 : explain SELECT c FROM sbtest4 WHERE id BETWEEN 4086096 AND 4086195
	Index Scan using sbtest4_pkey on sbtest4  (cost=0.43..396.16 rows=103 width=121)
	  Index Cond: ((id >= 4086096) AND (id <= 4086195))

table 5 : explain SELECT c FROM sbtest5 WHERE id BETWEEN 6372920 AND 6373019
	Index Scan using sbtest5_pkey on sbtest5  (cost=0.43..396.12 rows=103 width=121)
	  Index Cond: ((id >= 6372920) AND (id <= 6373019))

table 6 : explain SELECT c FROM sbtest6 WHERE id BETWEEN 5893941 AND 5894040
	Index Scan using sbtest6_pkey on sbtest6  (cost=0.43..393.06 rows=102 width=121)
	  Index Cond: ((id >= 5893941) AND (id <= 5894040))

table 7 : explain SELECT c FROM sbtest7 WHERE id BETWEEN 3733679 AND 3733778
	Index Scan using sbtest7_pkey on sbtest7  (cost=0.43..348.31 rows=90 width=121)
	  Index Cond: ((id >= 3733679) AND (id <= 3733778))

table 8 : explain SELECT c FROM sbtest8 WHERE id BETWEEN 5376570 AND 5376669
	Index Scan using sbtest8_pkey on sbtest8  (cost=0.43..449.77 rows=117 width=121)
	  Index Cond: ((id >= 5376570) AND (id <= 5376669))

explain: for point_selects :: explain SELECT c FROM sbtest%u WHERE id=%u
for inserts
table 1 : explain INSERT INTO sbtest1 (id, k, c, pad) VALUES (7636097, 13, 'foobar', 'foobar')
	Insert on sbtest1  (cost=0.00..0.01 rows=0 width=0)
	  ->  Result  (cost=0.00..0.01 rows=1 width=736)

table 2 : explain INSERT INTO sbtest2 (id, k, c, pad) VALUES (9126190, 13, 'foobar', 'foobar')
	Insert on sbtest2  (cost=0.00..0.01 rows=0 width=0)
	  ->  Result  (cost=0.00..0.01 rows=1 width=736)

table 3 : explain INSERT INTO sbtest3 (id, k, c, pad) VALUES (2592130, 13, 'foobar', 'foobar')
	Insert on sbtest3  (cost=0.00..0.01 rows=0 width=0)
	  ->  Result  (cost=0.00..0.01 rows=1 width=736)

table 4 : explain INSERT INTO sbtest4 (id, k, c, pad) VALUES (7794489, 13, 'foobar', 'foobar')
	Insert on sbtest4  (cost=0.00..0.01 rows=0 width=0)
	  ->  Result  (cost=0.00..0.01 rows=1 width=736)

table 5 : explain INSERT INTO sbtest5 (id, k, c, pad) VALUES (277352, 13, 'foobar', 'foobar')
	Insert on sbtest5  (cost=0.00..0.01 rows=0 width=0)
	  ->  Result  (cost=0.00..0.01 rows=1 width=736)

table 6 : explain INSERT INTO sbtest6 (id, k, c, pad) VALUES (6505204, 13, 'foobar', 'foobar')
	Insert on sbtest6  (cost=0.00..0.01 rows=0 width=0)
	  ->  Result  (cost=0.00..0.01 rows=1 width=736)

table 7 : explain INSERT INTO sbtest7 (id, k, c, pad) VALUES (1778644, 13, 'foobar', 'foobar')
	Insert on sbtest7  (cost=0.00..0.01 rows=0 width=0)
	  ->  Result  (cost=0.00..0.01 rows=1 width=736)

table 8 : explain INSERT INTO sbtest8 (id, k, c, pad) VALUES (2562653, 13, 'foobar', 'foobar')
	Insert on sbtest8  (cost=0.00..0.01 rows=0 width=0)
	  ->  Result  (cost=0.00..0.01 rows=1 width=736)

explain: for deletes :: explain DELETE FROM sbtest%u WHERE id=%u
for: distinct_ranges
table 1 : explain SELECT DISTINCT c FROM sbtest1 WHERE id BETWEEN 9147816 AND 9147915 ORDER BY c
	Unique  (cost=379.41..379.90 rows=98 width=121)
	  ->  Sort  (cost=379.41..379.66 rows=98 width=121)
	        Sort Key: c
	        ->  Index Scan using sbtest1_pkey on sbtest1  (cost=0.43..376.17 rows=98 width=121)
	              Index Cond: ((id >= 9147816) AND (id <= 9147915))

table 2 : explain SELECT DISTINCT c FROM sbtest2 WHERE id BETWEEN 9723968 AND 9724067 ORDER BY c
	Unique  (cost=426.58..427.13 rows=110 width=121)
	  ->  Sort  (cost=426.58..426.85 rows=110 width=121)
	        Sort Key: c
	        ->  Index Scan using sbtest2_pkey on sbtest2  (cost=0.43..422.85 rows=110 width=121)
	              Index Cond: ((id >= 9723968) AND (id <= 9724067))

table 3 : explain SELECT DISTINCT c FROM sbtest3 WHERE id BETWEEN 9368858 AND 9368957 ORDER BY c
	Unique  (cost=388.72..389.22 rows=100 width=121)
	  ->  Sort  (cost=388.72..388.97 rows=100 width=121)
	        Sort Key: c
	        ->  Index Scan using sbtest3_pkey on sbtest3  (cost=0.43..385.40 rows=100 width=121)
	              Index Cond: ((id >= 9368858) AND (id <= 9368957))

table 4 : explain SELECT DISTINCT c FROM sbtest4 WHERE id BETWEEN 219661 AND 219760 ORDER BY c
	Unique  (cost=380.40..380.89 rows=98 width=121)
	  ->  Sort  (cost=380.40..380.65 rows=98 width=121)
	        Sort Key: c
	        ->  Index Scan using sbtest4_pkey on sbtest4  (cost=0.43..377.16 rows=98 width=121)
	              Index Cond: ((id >= 219661) AND (id <= 219760))

table 5 : explain SELECT DISTINCT c FROM sbtest5 WHERE id BETWEEN 8552814 AND 8552913 ORDER BY c
	Unique  (cost=384.20..384.70 rows=99 width=121)
	  ->  Sort  (cost=384.20..384.45 rows=99 width=121)
	        Sort Key: c
	        ->  Index Scan using sbtest5_pkey on sbtest5  (cost=0.43..380.92 rows=99 width=121)
	              Index Cond: ((id >= 8552814) AND (id <= 8552913))

table 6 : explain SELECT DISTINCT c FROM sbtest6 WHERE id BETWEEN 9975714 AND 9975813 ORDER BY c
	Unique  (cost=392.62..393.12 rows=101 width=121)
	  ->  Sort  (cost=392.62..392.87 rows=101 width=121)
	        Sort Key: c
	        ->  Index Scan using sbtest6_pkey on sbtest6  (cost=0.43..389.25 rows=101 width=121)
	              Index Cond: ((id >= 9975714) AND (id <= 9975813))

table 7 : explain SELECT DISTINCT c FROM sbtest7 WHERE id BETWEEN 9462794 AND 9462893 ORDER BY c
	Unique  (cost=432.30..432.85 rows=111 width=121)
	  ->  Sort  (cost=432.30..432.58 rows=111 width=121)
	        Sort Key: c
	        ->  Index Scan using sbtest7_pkey on sbtest7  (cost=0.43..428.53 rows=111 width=121)
	              Index Cond: ((id >= 9462794) AND (id <= 9462893))

table 8 : explain SELECT DISTINCT c FROM sbtest8 WHERE id BETWEEN 2391011 AND 2391110 ORDER BY c
	Unique  (cost=342.27..342.71 rows=88 width=121)
	  ->  Sort  (cost=342.27..342.49 rows=88 width=121)
	        Sort Key: c
	        ->  Index Scan using sbtest8_pkey on sbtest8  (cost=0.43..339.43 rows=88 width=121)
	              Index Cond: ((id >= 2391011) AND (id <= 2391110))

for inserts
table 1 : explain INSERT INTO sbtest1 (id, k, c, pad) VALUES (1077565, 13, 'foobar', 'foobar')
	Insert on sbtest1  (cost=0.00..0.01 rows=0 width=0)
	  ->  Result  (cost=0.00..0.01 rows=1 width=736)

table 2 : explain INSERT INTO sbtest2 (id, k, c, pad) VALUES (9703757, 13, 'foobar', 'foobar')
	Insert on sbtest2  (cost=0.00..0.01 rows=0 width=0)
	  ->  Result  (cost=0.00..0.01 rows=1 width=736)

table 3 : explain INSERT INTO sbtest3 (id, k, c, pad) VALUES (186408, 13, 'foobar', 'foobar')
	Insert on sbtest3  (cost=0.00..0.01 rows=0 width=0)
	  ->  Result  (cost=0.00..0.01 rows=1 width=736)

table 4 : explain INSERT INTO sbtest4 (id, k, c, pad) VALUES (4128896, 13, 'foobar', 'foobar')
	Insert on sbtest4  (cost=0.00..0.01 rows=0 width=0)
	  ->  Result  (cost=0.00..0.01 rows=1 width=736)

table 5 : explain INSERT INTO sbtest5 (id, k, c, pad) VALUES (8740750, 13, 'foobar', 'foobar')
	Insert on sbtest5  (cost=0.00..0.01 rows=0 width=0)
	  ->  Result  (cost=0.00..0.01 rows=1 width=736)

table 6 : explain INSERT INTO sbtest6 (id, k, c, pad) VALUES (7936711, 13, 'foobar', 'foobar')
	Insert on sbtest6  (cost=0.00..0.01 rows=0 width=0)
	  ->  Result  (cost=0.00..0.01 rows=1 width=736)

table 7 : explain INSERT INTO sbtest7 (id, k, c, pad) VALUES (6397583, 13, 'foobar', 'foobar')
	Insert on sbtest7  (cost=0.00..0.01 rows=0 width=0)
	  ->  Result  (cost=0.00..0.01 rows=1 width=736)

table 8 : explain INSERT INTO sbtest8 (id, k, c, pad) VALUES (7870501, 13, 'foobar', 'foobar')
	Insert on sbtest8  (cost=0.00..0.01 rows=0 width=0)
	  ->  Result  (cost=0.00..0.01 rows=1 width=736)

for index_updates
table 1 : explain UPDATE sbtest1 SET k=k+1 WHERE id=8815172
	Update on sbtest1  (cost=0.43..8.46 rows=0 width=0)
	  ->  Index Scan using sbtest1_pkey on sbtest1  (cost=0.43..8.46 rows=1 width=10)
	        Index Cond: (id = 8815172)

table 2 : explain UPDATE sbtest2 SET k=k+1 WHERE id=6635534
	Update on sbtest2  (cost=0.43..8.46 rows=0 width=0)
	  ->  Index Scan using sbtest2_pkey on sbtest2  (cost=0.43..8.46 rows=1 width=10)
	        Index Cond: (id = 6635534)

table 3 : explain UPDATE sbtest3 SET k=k+1 WHERE id=5429146
	Update on sbtest3  (cost=0.43..8.46 rows=0 width=0)
	  ->  Index Scan using sbtest3_pkey on sbtest3  (cost=0.43..8.46 rows=1 width=10)
	        Index Cond: (id = 5429146)

table 4 : explain UPDATE sbtest4 SET k=k+1 WHERE id=3218267
	Update on sbtest4  (cost=0.43..8.46 rows=0 width=0)
	  ->  Index Scan using sbtest4_pkey on sbtest4  (cost=0.43..8.46 rows=1 width=10)
	        Index Cond: (id = 3218267)

table 5 : explain UPDATE sbtest5 SET k=k+1 WHERE id=9586408
	Update on sbtest5  (cost=0.43..8.46 rows=0 width=0)
	  ->  Index Scan using sbtest5_pkey on sbtest5  (cost=0.43..8.46 rows=1 width=10)
	        Index Cond: (id = 9586408)

table 6 : explain UPDATE sbtest6 SET k=k+1 WHERE id=5908367
	Update on sbtest6  (cost=0.43..8.46 rows=0 width=0)
	  ->  Index Scan using sbtest6_pkey on sbtest6  (cost=0.43..8.46 rows=1 width=10)
	        Index Cond: (id = 5908367)

table 7 : explain UPDATE sbtest7 SET k=k+1 WHERE id=2404586
	Update on sbtest7  (cost=0.43..8.46 rows=0 width=0)
	  ->  Index Scan using sbtest7_pkey on sbtest7  (cost=0.43..8.46 rows=1 width=10)
	        Index Cond: (id = 2404586)

table 8 : explain UPDATE sbtest8 SET k=k+1 WHERE id=5778088
	Update on sbtest8  (cost=0.43..8.46 rows=0 width=0)
	  ->  Index Scan using sbtest8_pkey on sbtest8  (cost=0.43..8.46 rows=1 width=10)
	        Index Cond: (id = 5778088)

for non_index_updates
table 1 : explain UPDATE sbtest1 SET c='foobar' WHERE id=9728055
	Update on sbtest1  (cost=0.43..8.45 rows=0 width=0)
	  ->  Index Scan using sbtest1_pkey on sbtest1  (cost=0.43..8.45 rows=1 width=490)
	        Index Cond: (id = 9728055)

table 2 : explain UPDATE sbtest2 SET c='foobar' WHERE id=7520327
	Update on sbtest2  (cost=0.43..8.45 rows=0 width=0)
	  ->  Index Scan using sbtest2_pkey on sbtest2  (cost=0.43..8.45 rows=1 width=490)
	        Index Cond: (id = 7520327)

table 3 : explain UPDATE sbtest3 SET c='foobar' WHERE id=6186222
	Update on sbtest3  (cost=0.43..8.45 rows=0 width=0)
	  ->  Index Scan using sbtest3_pkey on sbtest3  (cost=0.43..8.45 rows=1 width=490)
	        Index Cond: (id = 6186222)

table 4 : explain UPDATE sbtest4 SET c='foobar' WHERE id=1724414
	Update on sbtest4  (cost=0.43..8.45 rows=0 width=0)
	  ->  Index Scan using sbtest4_pkey on sbtest4  (cost=0.43..8.45 rows=1 width=490)
	        Index Cond: (id = 1724414)

table 5 : explain UPDATE sbtest5 SET c='foobar' WHERE id=9155852
	Update on sbtest5  (cost=0.43..8.45 rows=0 width=0)
	  ->  Index Scan using sbtest5_pkey on sbtest5  (cost=0.43..8.45 rows=1 width=490)
	        Index Cond: (id = 9155852)

table 6 : explain UPDATE sbtest6 SET c='foobar' WHERE id=621393
	Update on sbtest6  (cost=0.43..8.45 rows=0 width=0)
	  ->  Index Scan using sbtest6_pkey on sbtest6  (cost=0.43..8.45 rows=1 width=490)
	        Index Cond: (id = 621393)

table 7 : explain UPDATE sbtest7 SET c='foobar' WHERE id=8583792
	Update on sbtest7  (cost=0.43..8.45 rows=0 width=0)
	  ->  Index Scan using sbtest7_pkey on sbtest7  (cost=0.43..8.45 rows=1 width=490)
	        Index Cond: (id = 8583792)

table 8 : explain UPDATE sbtest8 SET c='foobar' WHERE id=5932618
	Update on sbtest8  (cost=0.43..8.45 rows=0 width=0)
	  ->  Index Scan using sbtest8_pkey on sbtest8  (cost=0.43..8.45 rows=1 width=490)
	        Index Cond: (id = 5932618)

for deletes
table 1 : explain DELETE FROM sbtest1 WHERE id=8067737
	Delete on sbtest1  (cost=0.43..8.45 rows=0 width=0)
	  ->  Index Scan using sbtest1_pkey on sbtest1  (cost=0.43..8.45 rows=1 width=6)
	        Index Cond: (id = 8067737)

table 2 : explain DELETE FROM sbtest2 WHERE id=6476566
	Delete on sbtest2  (cost=0.43..8.45 rows=0 width=0)
	  ->  Index Scan using sbtest2_pkey on sbtest2  (cost=0.43..8.45 rows=1 width=6)
	        Index Cond: (id = 6476566)

table 3 : explain DELETE FROM sbtest3 WHERE id=5682673
	Delete on sbtest3  (cost=0.43..8.45 rows=0 width=0)
	  ->  Index Scan using sbtest3_pkey on sbtest3  (cost=0.43..8.45 rows=1 width=6)
	        Index Cond: (id = 5682673)

table 4 : explain DELETE FROM sbtest4 WHERE id=1537337
	Delete on sbtest4  (cost=0.43..8.45 rows=0 width=0)
	  ->  Index Scan using sbtest4_pkey on sbtest4  (cost=0.43..8.45 rows=1 width=6)
	        Index Cond: (id = 1537337)

table 5 : explain DELETE FROM sbtest5 WHERE id=9590362
	Delete on sbtest5  (cost=0.43..8.45 rows=0 width=0)
	  ->  Index Scan using sbtest5_pkey on sbtest5  (cost=0.43..8.45 rows=1 width=6)
	        Index Cond: (id = 9590362)

table 6 : explain DELETE FROM sbtest6 WHERE id=5682532
	Delete on sbtest6  (cost=0.43..8.45 rows=0 width=0)
	  ->  Index Scan using sbtest6_pkey on sbtest6  (cost=0.43..8.45 rows=1 width=6)
	        Index Cond: (id = 5682532)

table 7 : explain DELETE FROM sbtest7 WHERE id=7835736
	Delete on sbtest7  (cost=0.43..8.45 rows=0 width=0)
	  ->  Index Scan using sbtest7_pkey on sbtest7  (cost=0.43..8.45 rows=1 width=6)
	        Index Cond: (id = 7835736)

table 8 : explain DELETE FROM sbtest8 WHERE id=881568
	Delete on sbtest8  (cost=0.43..8.45 rows=0 width=0)
	  ->  Index Scan using sbtest8_pkey on sbtest8  (cost=0.43..8.45 rows=1 width=6)
	        Index Cond: (id = 881568)

for index_updates
table 1 : explain UPDATE sbtest1 SET k=k+1 WHERE id=1785975
	Update on sbtest1  (cost=0.43..8.46 rows=0 width=0)
	  ->  Index Scan using sbtest1_pkey on sbtest1  (cost=0.43..8.46 rows=1 width=10)
	        Index Cond: (id = 1785975)

table 2 : explain UPDATE sbtest2 SET k=k+1 WHERE id=5945247
	Update on sbtest2  (cost=0.43..8.46 rows=0 width=0)
	  ->  Index Scan using sbtest2_pkey on sbtest2  (cost=0.43..8.46 rows=1 width=10)
	        Index Cond: (id = 5945247)

table 3 : explain UPDATE sbtest3 SET k=k+1 WHERE id=3780501
	Update on sbtest3  (cost=0.43..8.46 rows=0 width=0)
	  ->  Index Scan using sbtest3_pkey on sbtest3  (cost=0.43..8.46 rows=1 width=10)
	        Index Cond: (id = 3780501)

table 4 : explain UPDATE sbtest4 SET k=k+1 WHERE id=196964
	Update on sbtest4  (cost=0.43..8.46 rows=0 width=0)
	  ->  Index Scan using sbtest4_pkey on sbtest4  (cost=0.43..8.46 rows=1 width=10)
	        Index Cond: (id = 196964)

table 5 : explain UPDATE sbtest5 SET k=k+1 WHERE id=3957184
	Update on sbtest5  (cost=0.43..8.46 rows=0 width=0)
	  ->  Index Scan using sbtest5_pkey on sbtest5  (cost=0.43..8.46 rows=1 width=10)
	        Index Cond: (id = 3957184)

table 6 : explain UPDATE sbtest6 SET k=k+1 WHERE id=5434703
	Update on sbtest6  (cost=0.43..8.46 rows=0 width=0)
	  ->  Index Scan using sbtest6_pkey on sbtest6  (cost=0.43..8.46 rows=1 width=10)
	        Index Cond: (id = 5434703)

table 7 : explain UPDATE sbtest7 SET k=k+1 WHERE id=2570644
	Update on sbtest7  (cost=0.43..8.46 rows=0 width=0)
	  ->  Index Scan using sbtest7_pkey on sbtest7  (cost=0.43..8.46 rows=1 width=10)
	        Index Cond: (id = 2570644)

table 8 : explain UPDATE sbtest8 SET k=k+1 WHERE id=9835260
	Update on sbtest8  (cost=0.43..8.46 rows=0 width=0)
	  ->  Index Scan using sbtest8_pkey on sbtest8  (cost=0.43..8.46 rows=1 width=10)
	        Index Cond: (id = 9835260)
explain: for point_selects :: explain SELECT c FROM sbtest%u WHERE id=%u

explain: for index_updates :: explain UPDATE sbtest%u SET k=k+1 WHERE id=%u
for: order_ranges
table 1 : explain SELECT c FROM sbtest1 WHERE id BETWEEN 2500987 AND 2501086 ORDER BY c
	Sort  (cost=387.07..387.32 rows=100 width=121)
	  Sort Key: c
	  ->  Index Scan using sbtest1_pkey on sbtest1  (cost=0.43..383.75 rows=100 width=121)
	        Index Cond: ((id >= 2500987) AND (id <= 2501086))

table 2 : explain SELECT c FROM sbtest2 WHERE id BETWEEN 7369225 AND 7369324 ORDER BY c
	Sort  (cost=380.49..380.73 rows=98 width=121)
	  Sort Key: c
	  ->  Index Scan using sbtest2_pkey on sbtest2  (cost=0.43..377.24 rows=98 width=121)
	        Index Cond: ((id >= 7369225) AND (id <= 7369324))

table 3 : explain SELECT c FROM sbtest3 WHERE id BETWEEN 9149433 AND 9149532 ORDER BY c
	Sort  (cost=392.56..392.82 rows=101 width=121)
	  Sort Key: c
	  ->  Index Scan using sbtest3_pkey on sbtest3  (cost=0.43..389.20 rows=101 width=121)
	        Index Cond: ((id >= 9149433) AND (id <= 9149532))

table 4 : explain SELECT c FROM sbtest4 WHERE id BETWEEN 37703 AND 37802 ORDER BY c
	Sort  (cost=411.12..411.39 rows=106 width=121)
	  Sort Key: c
	  ->  Index Scan using sbtest4_pkey on sbtest4  (cost=0.43..407.56 rows=106 width=121)
	        Index Cond: ((id >= 37703) AND (id <= 37802))

table 5 : explain SELECT c FROM sbtest5 WHERE id BETWEEN 4104046 AND 4104145 ORDER BY c
	Sort  (cost=365.01..365.24 rows=94 width=121)
	  Sort Key: c
	  ->  Index Scan using sbtest5_pkey on sbtest5  (cost=0.43..361.93 rows=94 width=121)
	        Index Cond: ((id >= 4104046) AND (id <= 4104145))

table 6 : explain SELECT c FROM sbtest6 WHERE id BETWEEN 1475023 AND 1475122 ORDER BY c
	Sort  (cost=404.16..404.42 rows=104 width=121)
	  Sort Key: c
	  ->  Index Scan using sbtest6_pkey on sbtest6  (cost=0.43..400.67 rows=104 width=121)
	        Index Cond: ((id >= 1475023) AND (id <= 1475122))

table 7 : explain SELECT c FROM sbtest7 WHERE id BETWEEN 9970471 AND 9970570 ORDER BY c
	Sort  (cost=416.86..417.13 rows=107 width=121)
	  Sort Key: c
	  ->  Index Scan using sbtest7_pkey on sbtest7  (cost=0.43..413.26 rows=107 width=121)
	        Index Cond: ((id >= 9970471) AND (id <= 9970570))

table 8 : explain SELECT c FROM sbtest8 WHERE id BETWEEN 973355 AND 973454 ORDER BY c
	Sort  (cost=380.76..381.00 rows=98 width=121)
	  Sort Key: c
	  ->  Index Scan using sbtest8_pkey on sbtest8  (cost=0.43..377.52 rows=98 width=121)
	        Index Cond: ((id >= 973355) AND (id <= 973454))
explain: for point_selects :: explain SELECT c FROM sbtest%u WHERE id=%uexplain: for non_index_updates :: explain UPDATE sbtest%u SET c='foobar' WHERE id=%u
explain: for deletes :: explain DELETE FROM sbtest%u WHERE id=%ufor: simple_ranges
table 1 : explain SELECT c FROM sbtest1 WHERE id BETWEEN 3964625 AND 3964724
	Index Scan using sbtest1_pkey on sbtest1  (cost=0.43..376.17 rows=98 width=121)
	  Index Cond: ((id >= 3964625) AND (id <= 3964724))

table 2 : explain SELECT c FROM sbtest2 WHERE id BETWEEN 6256537 AND 6256636
	Index Scan using sbtest2_pkey on sbtest2  (cost=0.43..358.19 rows=93 width=121)
	  Index Cond: ((id >= 6256537) AND (id <= 6256636))

table 3 : explain SELECT c FROM sbtest3 WHERE id BETWEEN 8756434 AND 8756533
	Index Scan using sbtest3_pkey on sbtest3  (cost=0.43..404.43 rows=105 width=121)
	  Index Cond: ((id >= 8756434) AND (id <= 8756533))

table 4 : explain SELECT c FROM sbtest4 WHERE id BETWEEN 501418 AND 501517
	Index Scan using sbtest4_pkey on sbtest4  (cost=0.43..365.77 rows=95 width=121)
	  Index Cond: ((id >= 501418) AND (id <= 501517))

table 5 : explain SELECT c FROM sbtest5 WHERE id BETWEEN 9670644 AND 9670743
	Index Scan using sbtest5_pkey on sbtest5  (cost=0.43..392.32 rows=102 width=121)
	  Index Cond: ((id >= 9670644) AND (id <= 9670743))

table 6 : explain SELECT c FROM sbtest6 WHERE id BETWEEN 599339 AND 599438
	Index Scan using sbtest6_pkey on sbtest6  (cost=0.43..393.06 rows=102 width=121)
	  Index Cond: ((id >= 599339) AND (id <= 599438))

table 7 : explain SELECT c FROM sbtest7 WHERE id BETWEEN 9895165 AND 9895264
	Index Scan using sbtest7_pkey on sbtest7  (cost=0.43..386.54 rows=100 width=121)
	  Index Cond: ((id >= 9895165) AND (id <= 9895264))

table 8 : explain SELECT c FROM sbtest8 WHERE id BETWEEN 5693462 AND 5693561
	Index Scan using sbtest8_pkey on sbtest8  (cost=0.43..411.74 rows=107 width=121)
	  Index Cond: ((id >= 5693462) AND (id <= 5693561))


for: simple_ranges
table 1 : explain SELECT c FROM sbtest1 WHERE id BETWEEN 1494779 AND 1494878
	Index Scan using sbtest1_pkey on sbtest1  (cost=0.43..372.38 rows=97 width=121)
	  Index Cond: ((id >= 1494779) AND (id <= 1494878))

table 2 : explain SELECT c FROM sbtest2 WHERE id BETWEEN 927980 AND 928079
	Index Scan using sbtest2_pkey on sbtest2  (cost=0.43..384.84 rows=100 width=121)
	  Index Cond: ((id >= 927980) AND (id <= 928079))

table 3 : explain SELECT c FROM sbtest3 WHERE id BETWEEN 4718620 AND 4718719
	Index Scan using sbtest3_pkey on sbtest3  (cost=0.43..381.59 rows=99 width=121)
	  Index Cond: ((id >= 4718620) AND (id <= 4718719))

table 4 : explain SELECT c FROM sbtest4 WHERE id BETWEEN 8764627 AND 8764726
	Index Scan using sbtest4_pkey on sbtest4  (cost=0.43..411.36 rows=107 width=121)
	  Index Cond: ((id >= 8764627) AND (id <= 8764726))

table 5 : explain SELECT c FROM sbtest5 WHERE id BETWEEN 5113188 AND 5113287
	Index Scan using sbtest5_pkey on sbtest5  (cost=0.43..407.52 rows=106 width=121)
	  Index Cond: ((id >= 5113188) AND (id <= 5113287))

table 6 : explain SELECT c FROM sbtest6 WHERE id BETWEEN 4132978 AND 4133077
	Index Scan using sbtest6_pkey on sbtest6  (cost=0.43..400.67 rows=104 width=121)
	  Index Cond: ((id >= 4132978) AND (id <= 4133077))

table 7 : explain SELECT c FROM sbtest7 WHERE id BETWEEN 8110950 AND 8111049
	Index Scan using sbtest7_pkey on sbtest7  (cost=0.43..382.72 rows=99 width=121)
	  Index Cond: ((id >= 8110950) AND (id <= 8111049))

table 8 : explain SELECT c FROM sbtest8 WHERE id BETWEEN 1130482 AND 1130581
	Index Scan using sbtest8_pkey on sbtest8  (cost=0.43..350.84 rows=91 width=121)
	  Index Cond: ((id >= 1130482) AND (id <= 1130581))



for: sum_ranges
table 1 : explain SELECT SUM(k) FROM sbtest1 WHERE id BETWEEN 1385266 AND 1385365
	Aggregate  (cost=399.17..399.18 rows=1 width=8)
	  ->  Index Scan using sbtest1_pkey on sbtest1  (cost=0.43..398.91 rows=104 width=4)
	        Index Cond: ((id >= 1385266) AND (id <= 1385365))

table 2 : explain SELECT SUM(k) FROM sbtest2 WHERE id BETWEEN 7094357 AND 7094456
	Aggregate  (cost=369.88..369.89 rows=1 width=8)
	  ->  Index Scan using sbtest2_pkey on sbtest2  (cost=0.43..369.64 rows=96 width=4)
	        Index Cond: ((id >= 7094357) AND (id <= 7094456))

table 3 : explain SELECT SUM(k) FROM sbtest3 WHERE id BETWEEN 3281915 AND 3282014
	Aggregate  (cost=370.36..370.37 rows=1 width=8)
	  ->  Index Scan using sbtest3_pkey on sbtest3  (cost=0.43..370.12 rows=96 width=4)
	        Index Cond: ((id >= 3281915) AND (id <= 3282014))

table 4 : explain SELECT SUM(k) FROM sbtest4 WHERE id BETWEEN 8281809 AND 8281908
	Aggregate  (cost=366.00..366.01 rows=1 width=8)
	  ->  Index Scan using sbtest4_pkey on sbtest4  (cost=0.43..365.77 rows=95 width=4)
	        Index Cond: ((id >= 8281809) AND (id <= 8281908))

table 5 : explain SELECT SUM(k) FROM sbtest5 WHERE id BETWEEN 4457421 AND 4457520
	Aggregate  (cost=426.79..426.80 rows=1 width=8)
	  ->  Index Scan using sbtest5_pkey on sbtest5  (cost=0.43..426.51 rows=111 width=4)
	        Index Cond: ((id >= 4457421) AND (id <= 4457520))

table 6 : explain SELECT SUM(k) FROM sbtest6 WHERE id BETWEEN 5318075 AND 5318174
	Aggregate  (cost=400.93..400.94 rows=1 width=8)
	  ->  Index Scan using sbtest6_pkey on sbtest6  (cost=0.43..400.67 rows=104 width=4)
	        Index Cond: ((id >= 5318075) AND (id <= 5318174))

table 7 : explain SELECT SUM(k) FROM sbtest7 WHERE id BETWEEN 9339048 AND 9339147
	Aggregate  (cost=379.15..379.16 rows=1 width=8)
	  ->  Index Scan using sbtest7_pkey on sbtest7  (cost=0.43..378.90 rows=98 width=4)
	        Index Cond: ((id >= 9339048) AND (id <= 9339147))

table 8 : explain SELECT SUM(k) FROM sbtest8 WHERE id BETWEEN 9067145 AND 9067244
	Aggregate  (cost=385.37..385.38 rows=1 width=8)
	  ->  Index Scan using sbtest8_pkey on sbtest8  (cost=0.43..385.12 rows=100 width=4)
	        Index Cond: ((id >= 9067145) AND (id <= 9067244))

for: distinct_ranges
table 1 : explain SELECT DISTINCT c FROM sbtest1 WHERE id BETWEEN 3961140 AND 3961239 ORDER BY c
	Unique  (cost=379.41..379.90 rows=98 width=121)
	  ->  Sort  (cost=379.41..379.66 rows=98 width=121)
	        Sort Key: c
	        ->  Index Scan using sbtest1_pkey on sbtest1  (cost=0.43..376.17 rows=98 width=121)
	              Index Cond: ((id >= 3961140) AND (id <= 3961239))

table 2 : explain SELECT DISTINCT c FROM sbtest2 WHERE id BETWEEN 1327701 AND 1327800 ORDER BY c
	Unique  (cost=384.33..384.82 rows=99 width=121)
	  ->  Sort  (cost=384.33..384.57 rows=99 width=121)
	        Sort Key: c
	        ->  Index Scan using sbtest2_pkey on sbtest2  (cost=0.43..381.04 rows=99 width=121)
	              Index Cond: ((id >= 1327701) AND (id <= 1327800))

table 3 : explain SELECT DISTINCT c FROM sbtest3 WHERE id BETWEEN 6049573 AND 6049672 ORDER BY c
	Unique  (cost=388.72..389.22 rows=100 width=121)
	  ->  Sort  (cost=388.72..388.97 rows=100 width=121)
	        Sort Key: c
	        ->  Index Scan using sbtest3_pkey on sbtest3  (cost=0.43..385.40 rows=100 width=121)
	              Index Cond: ((id >= 6049573) AND (id <= 6049672))

table 4 : explain SELECT DISTINCT c FROM sbtest4 WHERE id BETWEEN 8492641 AND 8492740 ORDER BY c
	Unique  (cost=391.92..392.43 rows=101 width=121)
	  ->  Sort  (cost=391.92..392.18 rows=101 width=121)
	        Sort Key: c
	        ->  Index Scan using sbtest4_pkey on sbtest4  (cost=0.43..388.56 rows=101 width=121)
	              Index Cond: ((id >= 8492641) AND (id <= 8492740))

table 5 : explain SELECT DISTINCT c FROM sbtest5 WHERE id BETWEEN 8889438 AND 8889537 ORDER BY c
	Unique  (cost=372.69..373.17 rows=96 width=121)
	  ->  Sort  (cost=372.69..372.93 rows=96 width=121)
	        Sort Key: c
	        ->  Index Scan using sbtest5_pkey on sbtest5  (cost=0.43..369.53 rows=96 width=121)
	              Index Cond: ((id >= 8889438) AND (id <= 8889537))

table 6 : explain SELECT DISTINCT c FROM sbtest6 WHERE id BETWEEN 3416167 AND 3416266 ORDER BY c
	Unique  (cost=388.77..389.27 rows=100 width=121)
	  ->  Sort  (cost=388.77..389.02 rows=100 width=121)
	        Sort Key: c
	        ->  Index Scan using sbtest6_pkey on sbtest6  (cost=0.43..385.45 rows=100 width=121)
	              Index Cond: ((id >= 3416167) AND (id <= 3416266))

table 7 : explain SELECT DISTINCT c FROM sbtest7 WHERE id BETWEEN 661845 AND 661944 ORDER BY c
	Unique  (cost=393.72..394.22 rows=101 width=121)
	  ->  Sort  (cost=393.72..393.97 rows=101 width=121)
	        Sort Key: c
	        ->  Index Scan using sbtest7_pkey on sbtest7  (cost=0.43..390.35 rows=101 width=121)
	              Index Cond: ((id >= 661845) AND (id <= 661944))

table 8 : explain SELECT DISTINCT c FROM sbtest8 WHERE id BETWEEN 7903982 AND 7904081 ORDER BY c
	Unique  (cost=384.60..385.10 rows=99 width=121)
	  ->  Sort  (cost=384.60..384.85 rows=99 width=121)
	        Sort Key: c
	        ->  Index Scan using sbtest8_pkey on sbtest8  (cost=0.43..381.32 rows=99 width=121)
	              Index Cond: ((id >= 7903982) AND (id <= 7904081))

for: sum_ranges
table 1 : explain SELECT SUM(k) FROM sbtest1 WHERE id BETWEEN 6161156 AND 6161255
	Aggregate  (cost=365.04..365.05 rows=1 width=8)
	  ->  Index Scan using sbtest1_pkey on sbtest1  (cost=0.43..364.80 rows=95 width=4)
	        Index Cond: ((id >= 6161156) AND (id <= 6161255))

table 2 : explain SELECT SUM(k) FROM sbtest2 WHERE id BETWEEN 3402182 AND 3402281
	Aggregate  (cost=358.42..358.43 rows=1 width=8)
	  ->  Index Scan using sbtest2_pkey on sbtest2  (cost=0.43..358.19 rows=93 width=4)
	        Index Cond: ((id >= 3402182) AND (id <= 3402281))

table 3 : explain SELECT SUM(k) FROM sbtest3 WHERE id BETWEEN 5843909 AND 5844008
	Aggregate  (cost=408.50..408.51 rows=1 width=8)
	  ->  Index Scan using sbtest3_pkey on sbtest3  (cost=0.43..408.23 rows=106 width=4)
	        Index Cond: ((id >= 5843909) AND (id <= 5844008))

table 4 : explain SELECT SUM(k) FROM sbtest4 WHERE id BETWEEN 8529647 AND 8529746
	Aggregate  (cost=373.61..373.62 rows=1 width=8)
	  ->  Index Scan using sbtest4_pkey on sbtest4  (cost=0.43..373.36 rows=97 width=4)
	        Index Cond: ((id >= 8529647) AND (id <= 8529746))

table 5 : explain SELECT SUM(k) FROM sbtest5 WHERE id BETWEEN 1370109 AND 1370208
	Aggregate  (cost=362.16..362.17 rows=1 width=8)
	  ->  Index Scan using sbtest5_pkey on sbtest5  (cost=0.43..361.93 rows=94 width=4)
	        Index Cond: ((id >= 1370109) AND (id <= 1370208))

table 6 : explain SELECT SUM(k) FROM sbtest6 WHERE id BETWEEN 8918856 AND 8918955
	Aggregate  (cost=381.89..381.90 rows=1 width=8)
	  ->  Index Scan using sbtest6_pkey on sbtest6  (cost=0.43..381.64 rows=99 width=4)
	        Index Cond: ((id >= 8918856) AND (id <= 8918955))

table 7 : explain SELECT SUM(k) FROM sbtest7 WHERE id BETWEEN 8864437 AND 8864536
	Aggregate  (cost=352.36..352.37 rows=1 width=8)
	  ->  Index Scan using sbtest7_pkey on sbtest7  (cost=0.43..352.13 rows=91 width=4)
	        Index Cond: ((id >= 8864437) AND (id <= 8864536))

table 8 : explain SELECT SUM(k) FROM sbtest8 WHERE id BETWEEN 2569330 AND 2569429
	Aggregate  (cost=373.96..373.97 rows=1 width=8)
	  ->  Index Scan using sbtest8_pkey on sbtest8  (cost=0.43..373.71 rows=97 width=4)
	        Index Cond: ((id >= 2569330) AND (id <= 2569429))

explain: for point_selects :: explain SELECT c FROM sbtest%u WHERE id=%u
explain: for point_selects :: explain SELECT c FROM sbtest%u WHERE id=%u
for: sum_ranges
table 1 : explain SELECT SUM(k) FROM sbtest1 WHERE id BETWEEN 5282391 AND 5282490
	Aggregate  (cost=368.83..368.84 rows=1 width=8)
	  ->  Index Scan using sbtest1_pkey on sbtest1  (cost=0.43..368.59 rows=96 width=4)
	        Index Cond: ((id >= 5282391) AND (id <= 5282490))

table 2 : explain SELECT SUM(k) FROM sbtest2 WHERE id BETWEEN 9183208 AND 9183307
	Aggregate  (cost=369.88..369.89 rows=1 width=8)
	  ->  Index Scan using sbtest2_pkey on sbtest2  (cost=0.43..369.64 rows=96 width=4)
	        Index Cond: ((id >= 9183208) AND (id <= 9183307))

table 3 : explain SELECT SUM(k) FROM sbtest3 WHERE id BETWEEN 5875634 AND 5875733
	Aggregate  (cost=408.50..408.51 rows=1 width=8)
	  ->  Index Scan using sbtest3_pkey on sbtest3  (cost=0.43..408.23 rows=106 width=4)
	        Index Cond: ((id >= 5875634) AND (id <= 5875733))

table 4 : explain SELECT SUM(k) FROM sbtest4 WHERE id BETWEEN 629322 AND 629421
	Aggregate  (cost=385.01..385.02 rows=1 width=8)
	  ->  Index Scan using sbtest4_pkey on sbtest4  (cost=0.43..384.76 rows=100 width=4)
	        Index Cond: ((id >= 629322) AND (id <= 629421))

table 5 : explain SELECT SUM(k) FROM sbtest5 WHERE id BETWEEN 1588635 AND 1588734
	Aggregate  (cost=411.58..411.59 rows=1 width=8)
	  ->  Index Scan using sbtest5_pkey on sbtest5  (cost=0.43..411.32 rows=107 width=4)
	        Index Cond: ((id >= 1588635) AND (id <= 1588734))

table 6 : explain SELECT SUM(k) FROM sbtest6 WHERE id BETWEEN 7861190 AND 7861289
	Aggregate  (cost=378.08..378.09 rows=1 width=8)
	  ->  Index Scan using sbtest6_pkey on sbtest6  (cost=0.43..377.83 rows=98 width=4)
	        Index Cond: ((id >= 7861190) AND (id <= 7861289))

table 7 : explain SELECT SUM(k) FROM sbtest7 WHERE id BETWEEN 719372 AND 719471
	Aggregate  (cost=390.61..390.62 rows=1 width=8)
	  ->  Index Scan using sbtest7_pkey on sbtest7  (cost=0.43..390.35 rows=101 width=4)
	        Index Cond: ((id >= 719372) AND (id <= 719471))

table 8 : explain SELECT SUM(k) FROM sbtest8 WHERE id BETWEEN 9461694 AND 9461793
	Aggregate  (cost=419.62..419.63 rows=1 width=8)
	  ->  Index Scan using sbtest8_pkey on sbtest8  (cost=0.43..419.35 rows=109 width=4)
	        Index Cond: ((id >= 9461694) AND (id <= 9461793))

explain: for inserts :: explain INSERT INTO sbtest%u (id, k, c, pad) VALUES (%u, 13, 'foobar', 'foobar')
explain: for index_updates :: explain UPDATE sbtest%u SET k=k+1 WHERE id=%u
for deletes
table 1 : explain DELETE FROM sbtest1 WHERE id=9710464
	Delete on sbtest1  (cost=0.43..8.45 rows=0 width=0)
	  ->  Index Scan using sbtest1_pkey on sbtest1  (cost=0.43..8.45 rows=1 width=6)
	        Index Cond: (id = 9710464)

table 2 : explain DELETE FROM sbtest2 WHERE id=8712949
	Delete on sbtest2  (cost=0.43..8.45 rows=0 width=0)
	  ->  Index Scan using sbtest2_pkey on sbtest2  (cost=0.43..8.45 rows=1 width=6)
	        Index Cond: (id = 8712949)

table 3 : explain DELETE FROM sbtest3 WHERE id=1414192
	Delete on sbtest3  (cost=0.43..8.45 rows=0 width=0)
	  ->  Index Scan using sbtest3_pkey on sbtest3  (cost=0.43..8.45 rows=1 width=6)
	        Index Cond: (id = 1414192)

table 4 : explain DELETE FROM sbtest4 WHERE id=7287271
	Delete on sbtest4  (cost=0.43..8.45 rows=0 width=0)
	  ->  Index Scan using sbtest4_pkey on sbtest4  (cost=0.43..8.45 rows=1 width=6)
	        Index Cond: (id = 7287271)

table 5 : explain DELETE FROM sbtest5 WHERE id=3491019
	Delete on sbtest5  (cost=0.43..8.45 rows=0 width=0)
	  ->  Index Scan using sbtest5_pkey on sbtest5  (cost=0.43..8.45 rows=1 width=6)
	        Index Cond: (id = 3491019)

table 6 : explain DELETE FROM sbtest6 WHERE id=2444668
	Delete on sbtest6  (cost=0.43..8.45 rows=0 width=0)
	  ->  Index Scan using sbtest6_pkey on sbtest6  (cost=0.43..8.45 rows=1 width=6)
	        Index Cond: (id = 2444668)

table 7 : explain DELETE FROM sbtest7 WHERE id=8646634
	Delete on sbtest7  (cost=0.43..8.45 rows=0 width=0)
	  ->  Index Scan using sbtest7_pkey on sbtest7  (cost=0.43..8.45 rows=1 width=6)
	        Index Cond: (id = 8646634)

table 8 : explain DELETE FROM sbtest8 WHERE id=6153127
	Delete on sbtest8  (cost=0.43..8.45 rows=0 width=0)
	  ->  Index Scan using sbtest8_pkey on sbtest8  (cost=0.43..8.45 rows=1 width=6)
	        Index Cond: (id = 6153127)

for point_selects
table 1 : explain SELECT c FROM sbtest1 WHERE id=1061454
	Index Scan using sbtest1_pkey on sbtest1  (cost=0.43..8.45 rows=1 width=121)
	  Index Cond: (id = 1061454)

table 2 : explain SELECT c FROM sbtest2 WHERE id=3739145
	Index Scan using sbtest2_pkey on sbtest2  (cost=0.43..8.45 rows=1 width=121)
	  Index Cond: (id = 3739145)

table 3 : explain SELECT c FROM sbtest3 WHERE id=618367
	Index Scan using sbtest3_pkey on sbtest3  (cost=0.43..8.45 rows=1 width=121)
	  Index Cond: (id = 618367)

table 4 : explain SELECT c FROM sbtest4 WHERE id=3187645
	Index Scan using sbtest4_pkey on sbtest4  (cost=0.43..8.45 rows=1 width=121)
	  Index Cond: (id = 3187645)

table 5 : explain SELECT c FROM sbtest5 WHERE id=5121625
	Index Scan using sbtest5_pkey on sbtest5  (cost=0.43..8.45 rows=1 width=121)
	  Index Cond: (id = 5121625)

table 6 : explain SELECT c FROM sbtest6 WHERE id=90104
	Index Scan using sbtest6_pkey on sbtest6  (cost=0.43..8.45 rows=1 width=121)
	  Index Cond: (id = 90104)

table 7 : explain SELECT c FROM sbtest7 WHERE id=5872406
	Index Scan using sbtest7_pkey on sbtest7  (cost=0.43..8.45 rows=1 width=121)
	  Index Cond: (id = 5872406)

table 8 : explain SELECT c FROM sbtest8 WHERE id=279233
	Index Scan using sbtest8_pkey on sbtest8  (cost=0.43..8.45 rows=1 width=121)
	  Index Cond: (id = 279233)

explain: for non_index_updates :: explain UPDATE sbtest%u SET c='foobar' WHERE id=%u
for index_updates
table 1 : explain UPDATE sbtest1 SET k=k+1 WHERE id=4234422
	Update on sbtest1  (cost=0.43..8.46 rows=0 width=0)
	  ->  Index Scan using sbtest1_pkey on sbtest1  (cost=0.43..8.46 rows=1 width=10)
	        Index Cond: (id = 4234422)

table 2 : explain UPDATE sbtest2 SET k=k+1 WHERE id=384877
	Update on sbtest2  (cost=0.43..8.46 rows=0 width=0)
	  ->  Index Scan using sbtest2_pkey on sbtest2  (cost=0.43..8.46 rows=1 width=10)
	        Index Cond: (id = 384877)

table 3 : explain UPDATE sbtest3 SET k=k+1 WHERE id=6492701
	Update on sbtest3  (cost=0.43..8.46 rows=0 width=0)
	  ->  Index Scan using sbtest3_pkey on sbtest3  (cost=0.43..8.46 rows=1 width=10)
	        Index Cond: (id = 6492701)

table 4 : explain UPDATE sbtest4 SET k=k+1 WHERE id=6871135
	Update on sbtest4  (cost=0.43..8.46 rows=0 width=0)
	  ->  Index Scan using sbtest4_pkey on sbtest4  (cost=0.43..8.46 rows=1 width=10)
	        Index Cond: (id = 6871135)

table 5 : explain UPDATE sbtest5 SET k=k+1 WHERE id=6276338
	Update on sbtest5  (cost=0.43..8.46 rows=0 width=0)
	  ->  Index Scan using sbtest5_pkey on sbtest5  (cost=0.43..8.46 rows=1 width=10)
	        Index Cond: (id = 6276338)

table 6 : explain UPDATE sbtest6 SET k=k+1 WHERE id=9894721
	Update on sbtest6  (cost=0.43..8.46 rows=0 width=0)
	  ->  Index Scan using sbtest6_pkey on sbtest6  (cost=0.43..8.46 rows=1 width=10)
	        Index Cond: (id = 9894721)

table 7 : explain UPDATE sbtest7 SET k=k+1 WHERE id=6353427
	Update on sbtest7  (cost=0.43..8.46 rows=0 width=0)
	  ->  Index Scan using sbtest7_pkey on sbtest7  (cost=0.43..8.46 rows=1 width=10)
	        Index Cond: (id = 6353427)

table 8 : explain UPDATE sbtest8 SET k=k+1 WHERE id=362485
	Update on sbtest8  (cost=0.43..8.46 rows=0 width=0)
	  ->  Index Scan using sbtest8_pkey on sbtest8  (cost=0.43..8.46 rows=1 width=10)
	        Index Cond: (id = 362485)

for inserts
table 1 : explain INSERT INTO sbtest1 (id, k, c, pad) VALUES (7838683, 13, 'foobar', 'foobar')
	Insert on sbtest1  (cost=0.00..0.01 rows=0 width=0)
	  ->  Result  (cost=0.00..0.01 rows=1 width=736)

table 2 : explain INSERT INTO sbtest2 (id, k, c, pad) VALUES (7846875, 13, 'foobar', 'foobar')
	Insert on sbtest2  (cost=0.00..0.01 rows=0 width=0)
	  ->  Result  (cost=0.00..0.01 rows=1 width=736)

table 3 : explain INSERT INTO sbtest3 (id, k, c, pad) VALUES (1715271, 13, 'foobar', 'foobar')
	Insert on sbtest3  (cost=0.00..0.01 rows=0 width=0)
	  ->  Result  (cost=0.00..0.01 rows=1 width=736)

table 4 : explain INSERT INTO sbtest4 (id, k, c, pad) VALUES (8119244, 13, 'foobar', 'foobar')
	Insert on sbtest4  (cost=0.00..0.01 rows=0 width=0)
	  ->  Result  (cost=0.00..0.01 rows=1 width=736)

table 5 : explain INSERT INTO sbtest5 (id, k, c, pad) VALUES (8267343, 13, 'foobar', 'foobar')
	Insert on sbtest5  (cost=0.00..0.01 rows=0 width=0)
	  ->  Result  (cost=0.00..0.01 rows=1 width=736)

table 6 : explain INSERT INTO sbtest6 (id, k, c, pad) VALUES (9036172, 13, 'foobar', 'foobar')
	Insert on sbtest6  (cost=0.00..0.01 rows=0 width=0)
	  ->  Result  (cost=0.00..0.01 rows=1 width=736)

table 7 : explain INSERT INTO sbtest7 (id, k, c, pad) VALUES (864664, 13, 'foobar', 'foobar')
	Insert on sbtest7  (cost=0.00..0.01 rows=0 width=0)
	  ->  Result  (cost=0.00..0.01 rows=1 width=736)

table 8 : explain INSERT INTO sbtest8 (id, k, c, pad) VALUES (8259191, 13, 'foobar', 'foobar')
	Insert on sbtest8  (cost=0.00..0.01 rows=0 width=0)
	  ->  Result  (cost=0.00..0.01 rows=1 width=736)

explain: for inserts :: explain INSERT INTO sbtest%u (id, k, c, pad) VALUES (%u, 13, 'foobar', 'foobar')
for index_updates
table 1 : explain UPDATE sbtest1 SET k=k+1 WHERE id=4874747
	Update on sbtest1  (cost=0.43..8.46 rows=0 width=0)
	  ->  Index Scan using sbtest1_pkey on sbtest1  (cost=0.43..8.46 rows=1 width=10)
	        Index Cond: (id = 4874747)

table 2 : explain UPDATE sbtest2 SET k=k+1 WHERE id=9344490
	Update on sbtest2  (cost=0.43..8.46 rows=0 width=0)
	  ->  Index Scan using sbtest2_pkey on sbtest2  (cost=0.43..8.46 rows=1 width=10)
	        Index Cond: (id = 9344490)

table 3 : explain UPDATE sbtest3 SET k=k+1 WHERE id=4670893
	Update on sbtest3  (cost=0.43..8.46 rows=0 width=0)
	  ->  Index Scan using sbtest3_pkey on sbtest3  (cost=0.43..8.46 rows=1 width=10)
	        Index Cond: (id = 4670893)

table 4 : explain UPDATE sbtest4 SET k=k+1 WHERE id=7930984
	Update on sbtest4  (cost=0.43..8.46 rows=0 width=0)
	  ->  Index Scan using sbtest4_pkey on sbtest4  (cost=0.43..8.46 rows=1 width=10)
	        Index Cond: (id = 7930984)

table 5 : explain UPDATE sbtest5 SET k=k+1 WHERE id=1288227
	Update on sbtest5  (cost=0.43..8.46 rows=0 width=0)
	  ->  Index Scan using sbtest5_pkey on sbtest5  (cost=0.43..8.46 rows=1 width=10)
	        Index Cond: (id = 1288227)

table 6 : explain UPDATE sbtest6 SET k=k+1 WHERE id=9959748
	Update on sbtest6  (cost=0.43..8.46 rows=0 width=0)
	  ->  Index Scan using sbtest6_pkey on sbtest6  (cost=0.43..8.46 rows=1 width=10)
	        Index Cond: (id = 9959748)

table 7 : explain UPDATE sbtest7 SET k=k+1 WHERE id=4871692
	Update on sbtest7  (cost=0.43..8.46 rows=0 width=0)
	  ->  Index Scan using sbtest7_pkey on sbtest7  (cost=0.43..8.46 rows=1 width=10)
	        Index Cond: (id = 4871692)

table 8 : explain UPDATE sbtest8 SET k=k+1 WHERE id=1715163
	Update on sbtest8  (cost=0.43..8.46 rows=0 width=0)
	  ->  Index Scan using sbtest8_pkey on sbtest8  (cost=0.43..8.46 rows=1 width=10)
	        Index Cond: (id = 1715163)

for: distinct_ranges
table 1 : explain SELECT DISTINCT c FROM sbtest1 WHERE id BETWEEN 7885947 AND 7886046 ORDER BY c
	Unique  (cost=410.05..410.58 rows=106 width=121)
	  ->  Sort  (cost=410.05..410.31 rows=106 width=121)
	        Sort Key: c
	        ->  Index Scan using sbtest1_pkey on sbtest1  (cost=0.43..406.48 rows=106 width=121)
	              Index Cond: ((id >= 7885947) AND (id <= 7886046))

table 2 : explain SELECT DISTINCT c FROM sbtest2 WHERE id BETWEEN 8118566 AND 8118665 ORDER BY c
	Unique  (cost=449.63..450.21 rows=116 width=121)
	  ->  Sort  (cost=449.63..449.92 rows=116 width=121)
	        Sort Key: c
	        ->  Index Scan using sbtest2_pkey on sbtest2  (cost=0.43..445.65 rows=116 width=121)
	              Index Cond: ((id >= 8118566) AND (id <= 8118665))

table 3 : explain SELECT DISTINCT c FROM sbtest3 WHERE id BETWEEN 440367 AND 440466 ORDER BY c
	Unique  (cost=419.49..420.03 rows=108 width=121)
	  ->  Sort  (cost=419.49..419.76 rows=108 width=121)
	        Sort Key: c
	        ->  Index Scan using sbtest3_pkey on sbtest3  (cost=0.43..415.84 rows=108 width=121)
	              Index Cond: ((id >= 440367) AND (id <= 440466))

table 4 : explain SELECT DISTINCT c FROM sbtest4 WHERE id BETWEEN 2244353 AND 2244452 ORDER BY c
	Unique  (cost=368.89..369.36 rows=95 width=121)
	  ->  Sort  (cost=368.89..369.12 rows=95 width=121)
	        Sort Key: c
	        ->  Index Scan using sbtest4_pkey on sbtest4  (cost=0.43..365.77 rows=95 width=121)
	              Index Cond: ((id >= 2244353) AND (id <= 2244452))

table 5 : explain SELECT DISTINCT c FROM sbtest5 WHERE id BETWEEN 3791 AND 3890 ORDER BY c
	Unique  (cost=372.69..373.17 rows=96 width=121)
	  ->  Sort  (cost=372.69..372.93 rows=96 width=121)
	        Sort Key: c
	        ->  Index Scan using sbtest5_pkey on sbtest5  (cost=0.43..369.53 rows=96 width=121)
	              Index Cond: ((id >= 3791) AND (id <= 3890))

table 6 : explain SELECT DISTINCT c FROM sbtest6 WHERE id BETWEEN 1496546 AND 1496645 ORDER BY c
	Unique  (cost=404.16..404.68 rows=104 width=121)
	  ->  Sort  (cost=404.16..404.42 rows=104 width=121)
	        Sort Key: c
	        ->  Index Scan using sbtest6_pkey on sbtest6  (cost=0.43..400.67 rows=104 width=121)
	              Index Cond: ((id >= 1496546) AND (id <= 1496645))

table 7 : explain SELECT DISTINCT c FROM sbtest7 WHERE id BETWEEN 7156705 AND 7156804 ORDER BY c
	Unique  (cost=413.01..413.54 rows=106 width=121)
	  ->  Sort  (cost=413.01..413.27 rows=106 width=121)
	        Sort Key: c
	        ->  Index Scan using sbtest7_pkey on sbtest7  (cost=0.43..409.44 rows=106 width=121)
	              Index Cond: ((id >= 7156705) AND (id <= 7156804))

table 8 : explain SELECT DISTINCT c FROM sbtest8 WHERE id BETWEEN 1952738 AND 1952837 ORDER BY c
	Unique  (cost=415.35..415.89 rows=107 width=121)
	  ->  Sort  (cost=415.35..415.62 rows=107 width=121)
	        Sort Key: c
	        ->  Index Scan using sbtest8_pkey on sbtest8  (cost=0.43..411.74 rows=107 width=121)
	              Index Cond: ((id >= 1952738) AND (id <= 1952837))

for point_selects
table 1 : explain SELECT c FROM sbtest1 WHERE id=1154389
	Index Scan using sbtest1_pkey on sbtest1  (cost=0.43..8.45 rows=1 width=121)
	  Index Cond: (id = 1154389)

table 2 : explain SELECT c FROM sbtest2 WHERE id=2833310
	Index Scan using sbtest2_pkey on sbtest2  (cost=0.43..8.45 rows=1 width=121)
	  Index Cond: (id = 2833310)

table 3 : explain SELECT c FROM sbtest3 WHERE id=5852243
	Index Scan using sbtest3_pkey on sbtest3  (cost=0.43..8.45 rows=1 width=121)
	  Index Cond: (id = 5852243)

table 4 : explain SELECT c FROM sbtest4 WHERE id=6966075
	Index Scan using sbtest4_pkey on sbtest4  (cost=0.43..8.45 rows=1 width=121)
	  Index Cond: (id = 6966075)

table 5 : explain SELECT c FROM sbtest5 WHERE id=3340757
	Index Scan using sbtest5_pkey on sbtest5  (cost=0.43..8.45 rows=1 width=121)
	  Index Cond: (id = 3340757)

table 6 : explain SELECT c FROM sbtest6 WHERE id=9468966
	Index Scan using sbtest6_pkey on sbtest6  (cost=0.43..8.45 rows=1 width=121)
	  Index Cond: (id = 9468966)

table 7 : explain SELECT c FROM sbtest7 WHERE id=9645308
	Index Scan using sbtest7_pkey on sbtest7  (cost=0.43..8.45 rows=1 width=121)
	  Index Cond: (id = 9645308)

table 8 : explain SELECT c FROM sbtest8 WHERE id=333252
	Index Scan using sbtest8_pkey on sbtest8  (cost=0.43..8.45 rows=1 width=121)
	  Index Cond: (id = 333252)

for: sum_ranges
table 1 : explain SELECT SUM(k) FROM sbtest1 WHERE id BETWEEN 6816110 AND 6816209
	Aggregate  (cost=342.23..342.24 rows=1 width=8)
	  ->  Index Scan using sbtest1_pkey on sbtest1  (cost=0.43..342.01 rows=89 width=4)
	        Index Cond: ((id >= 6816110) AND (id <= 6816209))

table 2 : explain SELECT SUM(k) FROM sbtest2 WHERE id BETWEEN 389487 AND 389586
	Aggregate  (cost=407.91..407.92 rows=1 width=8)
	  ->  Index Scan using sbtest2_pkey on sbtest2  (cost=0.43..407.65 rows=106 width=4)
	        Index Cond: ((id >= 389487) AND (id <= 389586))

table 3 : explain SELECT SUM(k) FROM sbtest3 WHERE id BETWEEN 4648131 AND 4648230
	Aggregate  (cost=404.69..404.70 rows=1 width=8)
	  ->  Index Scan using sbtest3_pkey on sbtest3  (cost=0.43..404.43 rows=105 width=4)
	        Index Cond: ((id >= 4648131) AND (id <= 4648230))

table 4 : explain SELECT SUM(k) FROM sbtest4 WHERE id BETWEEN 5644601 AND 5644700
	Aggregate  (cost=449.64..449.65 rows=1 width=8)
	  ->  Index Scan using sbtest4_pkey on sbtest4  (cost=0.43..449.35 rows=117 width=4)
	        Index Cond: ((id >= 5644601) AND (id <= 5644700))

table 5 : explain SELECT SUM(k) FROM sbtest5 WHERE id BETWEEN 8898450 AND 8898549
	Aggregate  (cost=377.37..377.38 rows=1 width=8)
	  ->  Index Scan using sbtest5_pkey on sbtest5  (cost=0.43..377.12 rows=98 width=4)
	        Index Cond: ((id >= 8898450) AND (id <= 8898549))

table 6 : explain SELECT SUM(k) FROM sbtest6 WHERE id BETWEEN 9746516 AND 9746615
	Aggregate  (cost=385.70..385.71 rows=1 width=8)
	  ->  Index Scan using sbtest6_pkey on sbtest6  (cost=0.43..385.45 rows=100 width=4)
	        Index Cond: ((id >= 9746516) AND (id <= 9746615))

table 7 : explain SELECT SUM(k) FROM sbtest7 WHERE id BETWEEN 9312894 AND 9312993
	Aggregate  (cost=398.25..398.26 rows=1 width=8)
	  ->  Index Scan using sbtest7_pkey on sbtest7  (cost=0.43..397.99 rows=103 width=4)
	        Index Cond: ((id >= 9312894) AND (id <= 9312993))

table 8 : explain SELECT SUM(k) FROM sbtest8 WHERE id BETWEEN 9380012 AND 9380111
	Aggregate  (cost=434.84..434.85 rows=1 width=8)
	  ->  Index Scan using sbtest8_pkey on sbtest8  (cost=0.43..434.56 rows=113 width=4)
	        Index Cond: ((id >= 9380012) AND (id <= 9380111))

for: order_ranges
table 1 : explain SELECT c FROM sbtest1 WHERE id BETWEEN 4433057 AND 4433156 ORDER BY c
	Sort  (cost=356.38..356.61 rows=92 width=121)
	  Sort Key: c
	  ->  Index Scan using sbtest1_pkey on sbtest1  (cost=0.43..353.38 rows=92 width=121)
	        Index Cond: ((id >= 4433057) AND (id <= 4433156))

table 2 : explain SELECT c FROM sbtest2 WHERE id BETWEEN 5386628 AND 5386727 ORDER BY c
	Sort  (cost=426.58..426.85 rows=110 width=121)
	  Sort Key: c
	  ->  Index Scan using sbtest2_pkey on sbtest2  (cost=0.43..422.85 rows=110 width=121)
	        Index Cond: ((id >= 5386628) AND (id <= 5386727))

table 3 : explain SELECT c FROM sbtest3 WHERE id BETWEEN 3706335 AND 3706434 ORDER BY c
	Sort  (cost=423.34..423.61 rows=109 width=121)
	  Sort Key: c
	  ->  Index Scan using sbtest3_pkey on sbtest3  (cost=0.43..419.65 rows=109 width=121)
	        Index Cond: ((id >= 3706335) AND (id <= 3706434))

table 4 : explain SELECT c FROM sbtest4 WHERE id BETWEEN 3209120 AND 3209219 ORDER BY c
	Sort  (cost=391.92..392.18 rows=101 width=121)
	  Sort Key: c
	  ->  Index Scan using sbtest4_pkey on sbtest4  (cost=0.43..388.56 rows=101 width=121)
	        Index Cond: ((id >= 3209120) AND (id <= 3209219))

table 5 : explain SELECT c FROM sbtest5 WHERE id BETWEEN 1594983 AND 1595082 ORDER BY c
	Sort  (cost=414.92..415.19 rows=107 width=121)
	  Sort Key: c
	  ->  Index Scan using sbtest5_pkey on sbtest5  (cost=0.43..411.32 rows=107 width=121)
	        Index Cond: ((id >= 1594983) AND (id <= 1595082))

table 6 : explain SELECT c FROM sbtest6 WHERE id BETWEEN 8066258 AND 8066357 ORDER BY c
	Sort  (cost=365.64..365.87 rows=94 width=121)
	  Sort Key: c
	  ->  Index Scan using sbtest6_pkey on sbtest6  (cost=0.43..362.56 rows=94 width=121)
	        Index Cond: ((id >= 8066258) AND (id <= 8066357))

table 7 : explain SELECT c FROM sbtest7 WHERE id BETWEEN 3979083 AND 3979182 ORDER BY c
	Sort  (cost=413.01..413.27 rows=106 width=121)
	  Sort Key: c
	  ->  Index Scan using sbtest7_pkey on sbtest7  (cost=0.43..409.44 rows=106 width=121)
	        Index Cond: ((id >= 3979083) AND (id <= 3979182))

table 8 : explain SELECT c FROM sbtest8 WHERE id BETWEEN 1674804 AND 1674903 ORDER BY c
	Sort  (cost=403.82..404.08 rows=104 width=121)
	  Sort Key: c
	  ->  Index Scan using sbtest8_pkey on sbtest8  (cost=0.43..400.33 rows=104 width=121)
	        Index Cond: ((id >= 1674804) AND (id <= 1674903))

for non_index_updates
table 1 : explain UPDATE sbtest1 SET c='foobar' WHERE id=1589575
	Update on sbtest1  (cost=0.43..8.45 rows=0 width=0)
	  ->  Index Scan using sbtest1_pkey on sbtest1  (cost=0.43..8.45 rows=1 width=490)
	        Index Cond: (id = 1589575)

table 2 : explain UPDATE sbtest2 SET c='foobar' WHERE id=7670450
	Update on sbtest2  (cost=0.43..8.45 rows=0 width=0)
	  ->  Index Scan using sbtest2_pkey on sbtest2  (cost=0.43..8.45 rows=1 width=490)
	        Index Cond: (id = 7670450)

table 3 : explain UPDATE sbtest3 SET c='foobar' WHERE id=3636674
	Update on sbtest3  (cost=0.43..8.45 rows=0 width=0)
	  ->  Index Scan using sbtest3_pkey on sbtest3  (cost=0.43..8.45 rows=1 width=490)
	        Index Cond: (id = 3636674)

table 4 : explain UPDATE sbtest4 SET c='foobar' WHERE id=281928
	Update on sbtest4  (cost=0.43..8.45 rows=0 width=0)
	  ->  Index Scan using sbtest4_pkey on sbtest4  (cost=0.43..8.45 rows=1 width=490)
	        Index Cond: (id = 281928)

table 5 : explain UPDATE sbtest5 SET c='foobar' WHERE id=1965373
	Update on sbtest5  (cost=0.43..8.45 rows=0 width=0)
	  ->  Index Scan using sbtest5_pkey on sbtest5  (cost=0.43..8.45 rows=1 width=490)
	        Index Cond: (id = 1965373)

table 6 : explain UPDATE sbtest6 SET c='foobar' WHERE id=6750567
	Update on sbtest6  (cost=0.43..8.45 rows=0 width=0)
	  ->  Index Scan using sbtest6_pkey on sbtest6  (cost=0.43..8.45 rows=1 width=490)
	        Index Cond: (id = 6750567)

table 7 : explain UPDATE sbtest7 SET c='foobar' WHERE id=4803995
	Update on sbtest7  (cost=0.43..8.45 rows=0 width=0)
	  ->  Index Scan using sbtest7_pkey on sbtest7  (cost=0.43..8.45 rows=1 width=490)
	        Index Cond: (id = 4803995)

table 8 : explain UPDATE sbtest8 SET c='foobar' WHERE id=78772
	Update on sbtest8  (cost=0.43..8.45 rows=0 width=0)
	  ->  Index Scan using sbtest8_pkey on sbtest8  (cost=0.43..8.45 rows=1 width=490)
	        Index Cond: (id = 78772)

for: order_ranges
table 1 : explain SELECT c FROM sbtest1 WHERE id BETWEEN 3319193 AND 3319292 ORDER BY c
	Sort  (cost=390.90..391.15 rows=101 width=121)
	  Sort Key: c
	  ->  Index Scan using sbtest1_pkey on sbtest1  (cost=0.43..387.54 rows=101 width=121)
	        Index Cond: ((id >= 3319193) AND (id <= 3319292))

table 2 : explain SELECT c FROM sbtest2 WHERE id BETWEEN 426954 AND 427053 ORDER BY c
	Sort  (cost=426.58..426.85 rows=110 width=121)
	  Sort Key: c
	  ->  Index Scan using sbtest2_pkey on sbtest2  (cost=0.43..422.85 rows=110 width=121)
	        Index Cond: ((id >= 426954) AND (id <= 427053))

table 3 : explain SELECT c FROM sbtest3 WHERE id BETWEEN 6378520 AND 6378619 ORDER BY c
	Sort  (cost=400.26..400.52 rows=103 width=121)
	  Sort Key: c
	  ->  Index Scan using sbtest3_pkey on sbtest3  (cost=0.43..396.81 rows=103 width=121)
	        Index Cond: ((id >= 6378520) AND (id <= 6378619))

table 4 : explain SELECT c FROM sbtest4 WHERE id BETWEEN 6007042 AND 6007141 ORDER BY c
	Sort  (cost=391.92..392.18 rows=101 width=121)
	  Sort Key: c
	  ->  Index Scan using sbtest4_pkey on sbtest4  (cost=0.43..388.56 rows=101 width=121)
	        Index Cond: ((id >= 6007042) AND (id <= 6007141))

table 5 : explain SELECT c FROM sbtest5 WHERE id BETWEEN 2474067 AND 2474166 ORDER BY c
	Sort  (cost=391.88..392.14 rows=101 width=121)
	  Sort Key: c
	  ->  Index Scan using sbtest5_pkey on sbtest5  (cost=0.43..388.52 rows=101 width=121)
	        Index Cond: ((id >= 2474067) AND (id <= 2474166))

table 6 : explain SELECT c FROM sbtest6 WHERE id BETWEEN 2419064 AND 2419163 ORDER BY c
	Sort  (cost=365.64..365.87 rows=94 width=121)
	  Sort Key: c
	  ->  Index Scan using sbtest6_pkey on sbtest6  (cost=0.43..362.56 rows=94 width=121)
	        Index Cond: ((id >= 2419064) AND (id <= 2419163))

table 7 : explain SELECT c FROM sbtest7 WHERE id BETWEEN 2580534 AND 2580633 ORDER BY c
	Sort  (cost=397.57..397.83 rows=102 width=121)
	  Sort Key: c
	  ->  Index Scan using sbtest7_pkey on sbtest7  (cost=0.43..394.17 rows=102 width=121)
	        Index Cond: ((id >= 2580534) AND (id <= 2580633))

table 8 : explain SELECT c FROM sbtest8 WHERE id BETWEEN 2160582 AND 2160681 ORDER BY c
	Sort  (cost=388.44..388.69 rows=100 width=121)
	  Sort Key: c
	  ->  Index Scan using sbtest8_pkey on sbtest8  (cost=0.43..385.12 rows=100 width=121)
	        Index Cond: ((id >= 2160582) AND (id <= 2160681))

for inserts
table 1 : explain INSERT INTO sbtest1 (id, k, c, pad) VALUES (8231621, 13, 'foobar', 'foobar')
	Insert on sbtest1  (cost=0.00..0.01 rows=0 width=0)
	  ->  Result  (cost=0.00..0.01 rows=1 width=736)

table 2 : explain INSERT INTO sbtest2 (id, k, c, pad) VALUES (5916606, 13, 'foobar', 'foobar')
	Insert on sbtest2  (cost=0.00..0.01 rows=0 width=0)
	  ->  Result  (cost=0.00..0.01 rows=1 width=736)

table 3 : explain INSERT INTO sbtest3 (id, k, c, pad) VALUES (4268839, 13, 'foobar', 'foobar')
	Insert on sbtest3  (cost=0.00..0.01 rows=0 width=0)
	  ->  Result  (cost=0.00..0.01 rows=1 width=736)

table 4 : explain INSERT INTO sbtest4 (id, k, c, pad) VALUES (5762252, 13, 'foobar', 'foobar')
	Insert on sbtest4  (cost=0.00..0.01 rows=0 width=0)
	  ->  Result  (cost=0.00..0.01 rows=1 width=736)

table 5 : explain INSERT INTO sbtest5 (id, k, c, pad) VALUES (834272, 13, 'foobar', 'foobar')
	Insert on sbtest5  (cost=0.00..0.01 rows=0 width=0)
	  ->  Result  (cost=0.00..0.01 rows=1 width=736)

table 6 : explain INSERT INTO sbtest6 (id, k, c, pad) VALUES (1633946, 13, 'foobar', 'foobar')
	Insert on sbtest6  (cost=0.00..0.01 rows=0 width=0)
	  ->  Result  (cost=0.00..0.01 rows=1 width=736)

table 7 : explain INSERT INTO sbtest7 (id, k, c, pad) VALUES (639543, 13, 'foobar', 'foobar')
	Insert on sbtest7  (cost=0.00..0.01 rows=0 width=0)
	  ->  Result  (cost=0.00..0.01 rows=1 width=736)

table 8 : explain INSERT INTO sbtest8 (id, k, c, pad) VALUES (6624980, 13, 'foobar', 'foobar')
	Insert on sbtest8  (cost=0.00..0.01 rows=0 width=0)
	  ->  Result  (cost=0.00..0.01 rows=1 width=736)

explain: for point_selects :: explain SELECT c FROM sbtest%u WHERE id=%u
explain: for index_updates :: explain UPDATE sbtest%u SET k=k+1 WHERE id=%u
explain: for non_index_updates :: explain UPDATE sbtest%u SET c='foobar' WHERE id=%u
explain: for non_index_updates :: explain UPDATE sbtest%u SET c='foobar' WHERE id=%u
for: simple_ranges
table 1 : explain SELECT c FROM sbtest1 WHERE id BETWEEN 9823706 AND 9823805
	Index Scan using sbtest1_pkey on sbtest1  (cost=0.43..376.17 rows=98 width=121)
	  Index Cond: ((id >= 9823706) AND (id <= 9823805))

table 2 : explain SELECT c FROM sbtest2 WHERE id BETWEEN 9076666 AND 9076765
	Index Scan using sbtest2_pkey on sbtest2  (cost=0.43..384.84 rows=100 width=121)
	  Index Cond: ((id >= 9076666) AND (id <= 9076765))

table 3 : explain SELECT c FROM sbtest3 WHERE id BETWEEN 8274387 AND 8274486
	Index Scan using sbtest3_pkey on sbtest3  (cost=0.43..366.31 rows=95 width=121)
	  Index Cond: ((id >= 8274387) AND (id <= 8274486))

table 4 : explain SELECT c FROM sbtest4 WHERE id BETWEEN 9240891 AND 9240990
	Index Scan using sbtest4_pkey on sbtest4  (cost=0.43..365.77 rows=95 width=121)
	  Index Cond: ((id >= 9240891) AND (id <= 9240990))

table 5 : explain SELECT c FROM sbtest5 WHERE id BETWEEN 3612348 AND 3612447
	Index Scan using sbtest5_pkey on sbtest5  (cost=0.43..399.92 rows=104 width=121)
	  Index Cond: ((id >= 3612348) AND (id <= 3612447))

table 6 : explain SELECT c FROM sbtest6 WHERE id BETWEEN 1114068 AND 1114167
	Index Scan using sbtest6_pkey on sbtest6  (cost=0.43..370.22 rows=96 width=121)
	  Index Cond: ((id >= 1114068) AND (id <= 1114167))

table 7 : explain SELECT c FROM sbtest7 WHERE id BETWEEN 6214468 AND 6214567
	Index Scan using sbtest7_pkey on sbtest7  (cost=0.43..382.72 rows=99 width=121)
	  Index Cond: ((id >= 6214468) AND (id <= 6214567))

table 8 : explain SELECT c FROM sbtest8 WHERE id BETWEEN 3593768 AND 3593867
	Index Scan using sbtest8_pkey on sbtest8  (cost=0.43..385.12 rows=100 width=121)
	  Index Cond: ((id >= 3593768) AND (id <= 3593867))

for non_index_updates
table 1 : explain UPDATE sbtest1 SET c='foobar' WHERE id=1443660
	Update on sbtest1  (cost=0.43..8.45 rows=0 width=0)
	  ->  Index Scan using sbtest1_pkey on sbtest1  (cost=0.43..8.45 rows=1 width=490)
	        Index Cond: (id = 1443660)

table 2 : explain UPDATE sbtest2 SET c='foobar' WHERE id=2552330
	Update on sbtest2  (cost=0.43..8.45 rows=0 width=0)
	  ->  Index Scan using sbtest2_pkey on sbtest2  (cost=0.43..8.45 rows=1 width=490)
	        Index Cond: (id = 2552330)

table 3 : explain UPDATE sbtest3 SET c='foobar' WHERE id=6058592
	Update on sbtest3  (cost=0.43..8.45 rows=0 width=0)
	  ->  Index Scan using sbtest3_pkey on sbtest3  (cost=0.43..8.45 rows=1 width=490)
	        Index Cond: (id = 6058592)

table 4 : explain UPDATE sbtest4 SET c='foobar' WHERE id=4357114
	Update on sbtest4  (cost=0.43..8.45 rows=0 width=0)
	  ->  Index Scan using sbtest4_pkey on sbtest4  (cost=0.43..8.45 rows=1 width=490)
	        Index Cond: (id = 4357114)

table 5 : explain UPDATE sbtest5 SET c='foobar' WHERE id=9073664
	Update on sbtest5  (cost=0.43..8.45 rows=0 width=0)
	  ->  Index Scan using sbtest5_pkey on sbtest5  (cost=0.43..8.45 rows=1 width=490)
	        Index Cond: (id = 9073664)

table 6 : explain UPDATE sbtest6 SET c='foobar' WHERE id=5720873
	Update on sbtest6  (cost=0.43..8.45 rows=0 width=0)
	  ->  Index Scan using sbtest6_pkey on sbtest6  (cost=0.43..8.45 rows=1 width=490)
	        Index Cond: (id = 5720873)

table 7 : explain UPDATE sbtest7 SET c='foobar' WHERE id=7624091
	Update on sbtest7  (cost=0.43..8.45 rows=0 width=0)
	  ->  Index Scan using sbtest7_pkey on sbtest7  (cost=0.43..8.45 rows=1 width=490)
	        Index Cond: (id = 7624091)

table 8 : explain UPDATE sbtest8 SET c='foobar' WHERE id=3336628
	Update on sbtest8  (cost=0.43..8.45 rows=0 width=0)
	  ->  Index Scan using sbtest8_pkey on sbtest8  (cost=0.43..8.45 rows=1 width=490)
	        Index Cond: (id = 3336628)

explain: for deletes :: explain DELETE FROM sbtest%u WHERE id=%u
for point_selects
table 1 : explain SELECT c FROM sbtest1 WHERE id=1731652
	Index Scan using sbtest1_pkey on sbtest1  (cost=0.43..8.45 rows=1 width=121)
	  Index Cond: (id = 1731652)

table 2 : explain SELECT c FROM sbtest2 WHERE id=6131726
	Index Scan using sbtest2_pkey on sbtest2  (cost=0.43..8.45 rows=1 width=121)
	  Index Cond: (id = 6131726)

table 3 : explain SELECT c FROM sbtest3 WHERE id=7933243
	Index Scan using sbtest3_pkey on sbtest3  (cost=0.43..8.45 rows=1 width=121)
	  Index Cond: (id = 7933243)

table 4 : explain SELECT c FROM sbtest4 WHERE id=3013039
	Index Scan using sbtest4_pkey on sbtest4  (cost=0.43..8.45 rows=1 width=121)
	  Index Cond: (id = 3013039)

table 5 : explain SELECT c FROM sbtest5 WHERE id=4729947
	Index Scan using sbtest5_pkey on sbtest5  (cost=0.43..8.45 rows=1 width=121)
	  Index Cond: (id = 4729947)

table 6 : explain SELECT c FROM sbtest6 WHERE id=3292649
	Index Scan using sbtest6_pkey on sbtest6  (cost=0.43..8.45 rows=1 width=121)
	  Index Cond: (id = 3292649)

table 7 : explain SELECT c FROM sbtest7 WHERE id=6466930
	Index Scan using sbtest7_pkey on sbtest7  (cost=0.43..8.45 rows=1 width=121)
	  Index Cond: (id = 6466930)

table 8 : explain SELECT c FROM sbtest8 WHERE id=6385666
	Index Scan using sbtest8_pkey on sbtest8  (cost=0.43..8.45 rows=1 width=121)
	  Index Cond: (id = 6385666)

for: order_ranges
table 1 : explain SELECT c FROM sbtest1 WHERE id BETWEEN 550590 AND 550689 ORDER BY c
	Sort  (cost=444.52..444.81 rows=115 width=121)
	  Sort Key: c
	  ->  Index Scan using sbtest1_pkey on sbtest1  (cost=0.43..440.59 rows=115 width=121)
	        Index Cond: ((id >= 550590) AND (id <= 550689))

table 2 : explain SELECT c FROM sbtest2 WHERE id BETWEEN 4038373 AND 4038472 ORDER BY c
	Sort  (cost=415.05..415.32 rows=107 width=121)
	  Sort Key: c
	  ->  Index Scan using sbtest2_pkey on sbtest2  (cost=0.43..411.45 rows=107 width=121)
	        Index Cond: ((id >= 4038373) AND (id <= 4038472))

table 3 : explain SELECT c FROM sbtest3 WHERE id BETWEEN 2881315 AND 2881414 ORDER BY c
	Sort  (cost=446.42..446.71 rows=115 width=121)
	  Sort Key: c
	  ->  Index Scan using sbtest3_pkey on sbtest3  (cost=0.43..442.48 rows=115 width=121)
	        Index Cond: ((id >= 2881315) AND (id <= 2881414))

table 4 : explain SELECT c FROM sbtest4 WHERE id BETWEEN 6636278 AND 6636377 ORDER BY c
	Sort  (cost=372.73..372.97 rows=96 width=121)
	  Sort Key: c
	  ->  Index Scan using sbtest4_pkey on sbtest4  (cost=0.43..369.56 rows=96 width=121)
	        Index Cond: ((id >= 6636278) AND (id <= 6636377))

table 5 : explain SELECT c FROM sbtest5 WHERE id BETWEEN 7575524 AND 7575623 ORDER BY c
	Sort  (cost=380.37..380.61 rows=98 width=121)
	  Sort Key: c
	  ->  Index Scan using sbtest5_pkey on sbtest5  (cost=0.43..377.12 rows=98 width=121)
	        Index Cond: ((id >= 7575524) AND (id <= 7575623))

table 6 : explain SELECT c FROM sbtest6 WHERE id BETWEEN 4898785 AND 4898884 ORDER BY c
	Sort  (cost=381.08..381.32 rows=98 width=121)
	  Sort Key: c
	  ->  Index Scan using sbtest6_pkey on sbtest6  (cost=0.43..377.83 rows=98 width=121)
	        Index Cond: ((id >= 4898785) AND (id <= 4898884))

table 7 : explain SELECT c FROM sbtest7 WHERE id BETWEEN 9742789 AND 9742888 ORDER BY c
	Sort  (cost=397.57..397.83 rows=102 width=121)
	  Sort Key: c
	  ->  Index Scan using sbtest7_pkey on sbtest7  (cost=0.43..394.17 rows=102 width=121)
	        Index Cond: ((id >= 9742789) AND (id <= 9742888))

table 8 : explain SELECT c FROM sbtest8 WHERE id BETWEEN 3986128 AND 3986227 ORDER BY c
	Sort  (cost=376.91..377.16 rows=97 width=121)
	  Sort Key: c
	  ->  Index Scan using sbtest8_pkey on sbtest8  (cost=0.43..373.71 rows=97 width=121)
	        Index Cond: ((id >= 3986128) AND (id <= 3986227))

for index_updates
table 1 : explain UPDATE sbtest1 SET k=k+1 WHERE id=9950860
	Update on sbtest1  (cost=0.43..8.46 rows=0 width=0)
	  ->  Index Scan using sbtest1_pkey on sbtest1  (cost=0.43..8.46 rows=1 width=10)
	        Index Cond: (id = 9950860)

table 2 : explain UPDATE sbtest2 SET k=k+1 WHERE id=501580
	Update on sbtest2  (cost=0.43..8.46 rows=0 width=0)
	  ->  Index Scan using sbtest2_pkey on sbtest2  (cost=0.43..8.46 rows=1 width=10)
	        Index Cond: (id = 501580)

table 3 : explain UPDATE sbtest3 SET k=k+1 WHERE id=882456
	Update on sbtest3  (cost=0.43..8.46 rows=0 width=0)
	  ->  Index Scan using sbtest3_pkey on sbtest3  (cost=0.43..8.46 rows=1 width=10)
	        Index Cond: (id = 882456)

table 4 : explain UPDATE sbtest4 SET k=k+1 WHERE id=29659
	Update on sbtest4  (cost=0.43..8.46 rows=0 width=0)
	  ->  Index Scan using sbtest4_pkey on sbtest4  (cost=0.43..8.46 rows=1 width=10)
	        Index Cond: (id = 29659)

table 5 : explain UPDATE sbtest5 SET k=k+1 WHERE id=6669381
	Update on sbtest5  (cost=0.43..8.46 rows=0 width=0)
	  ->  Index Scan using sbtest5_pkey on sbtest5  (cost=0.43..8.46 rows=1 width=10)
	        Index Cond: (id = 6669381)

table 6 : explain UPDATE sbtest6 SET k=k+1 WHERE id=1701894
	Update on sbtest6  (cost=0.43..8.46 rows=0 width=0)
	  ->  Index Scan using sbtest6_pkey on sbtest6  (cost=0.43..8.46 rows=1 width=10)
	        Index Cond: (id = 1701894)

table 7 : explain UPDATE sbtest7 SET k=k+1 WHERE id=9817360
	Update on sbtest7  (cost=0.43..8.46 rows=0 width=0)
	  ->  Index Scan using sbtest7_pkey on sbtest7  (cost=0.43..8.46 rows=1 width=10)
	        Index Cond: (id = 9817360)

table 8 : explain UPDATE sbtest8 SET k=k+1 WHERE id=7785417
	Update on sbtest8  (cost=0.43..8.46 rows=0 width=0)
	  ->  Index Scan using sbtest8_pkey on sbtest8  (cost=0.43..8.46 rows=1 width=10)
	        Index Cond: (id = 7785417)

for non_index_updates
table 1 : explain UPDATE sbtest1 SET c='foobar' WHERE id=2870837
	Update on sbtest1  (cost=0.43..8.45 rows=0 width=0)
	  ->  Index Scan using sbtest1_pkey on sbtest1  (cost=0.43..8.45 rows=1 width=490)
	        Index Cond: (id = 2870837)

table 2 : explain UPDATE sbtest2 SET c='foobar' WHERE id=8907321
	Update on sbtest2  (cost=0.43..8.45 rows=0 width=0)
	  ->  Index Scan using sbtest2_pkey on sbtest2  (cost=0.43..8.45 rows=1 width=490)
	        Index Cond: (id = 8907321)

table 3 : explain UPDATE sbtest3 SET c='foobar' WHERE id=674336
	Update on sbtest3  (cost=0.43..8.45 rows=0 width=0)
	  ->  Index Scan using sbtest3_pkey on sbtest3  (cost=0.43..8.45 rows=1 width=490)
	        Index Cond: (id = 674336)

table 4 : explain UPDATE sbtest4 SET c='foobar' WHERE id=4884036
	Update on sbtest4  (cost=0.43..8.45 rows=0 width=0)
	  ->  Index Scan using sbtest4_pkey on sbtest4  (cost=0.43..8.45 rows=1 width=490)
	        Index Cond: (id = 4884036)

table 5 : explain UPDATE sbtest5 SET c='foobar' WHERE id=6927774
	Update on sbtest5  (cost=0.43..8.45 rows=0 width=0)
	  ->  Index Scan using sbtest5_pkey on sbtest5  (cost=0.43..8.45 rows=1 width=490)
	        Index Cond: (id = 6927774)

table 6 : explain UPDATE sbtest6 SET c='foobar' WHERE id=9609989
	Update on sbtest6  (cost=0.43..8.45 rows=0 width=0)
	  ->  Index Scan using sbtest6_pkey on sbtest6  (cost=0.43..8.45 rows=1 width=490)
	        Index Cond: (id = 9609989)

table 7 : explain UPDATE sbtest7 SET c='foobar' WHERE id=4746347
	Update on sbtest7  (cost=0.43..8.45 rows=0 width=0)
	  ->  Index Scan using sbtest7_pkey on sbtest7  (cost=0.43..8.45 rows=1 width=490)
	        Index Cond: (id = 4746347)

table 8 : explain UPDATE sbtest8 SET c='foobar' WHERE id=7450693
	Update on sbtest8  (cost=0.43..8.45 rows=0 width=0)
	  ->  Index Scan using sbtest8_pkey on sbtest8  (cost=0.43..8.45 rows=1 width=490)
	        Index Cond: (id = 7450693)

for: sum_ranges
table 1 : explain SELECT SUM(k) FROM sbtest1 WHERE id BETWEEN 1515113 AND 1515212
	Aggregate  (cost=372.62..372.63 rows=1 width=8)
	  ->  Index Scan using sbtest1_pkey on sbtest1  (cost=0.43..372.38 rows=97 width=4)
	        Index Cond: ((id >= 1515113) AND (id <= 1515212))

table 2 : explain SELECT SUM(k) FROM sbtest2 WHERE id BETWEEN 8429031 AND 8429130
	Aggregate  (cost=407.91..407.92 rows=1 width=8)
	  ->  Index Scan using sbtest2_pkey on sbtest2  (cost=0.43..407.65 rows=106 width=4)
	        Index Cond: ((id >= 8429031) AND (id <= 8429130))

table 3 : explain SELECT SUM(k) FROM sbtest3 WHERE id BETWEEN 5535078 AND 5535177
	Aggregate  (cost=347.51..347.52 rows=1 width=8)
	  ->  Index Scan using sbtest3_pkey on sbtest3  (cost=0.43..347.28 rows=90 width=4)
	        Index Cond: ((id >= 5535078) AND (id <= 5535177))

table 4 : explain SELECT SUM(k) FROM sbtest4 WHERE id BETWEEN 6494189 AND 6494288
	Aggregate  (cost=381.21..381.22 rows=1 width=8)
	  ->  Index Scan using sbtest4_pkey on sbtest4  (cost=0.43..380.96 rows=99 width=4)
	        Index Cond: ((id >= 6494189) AND (id <= 6494288))

table 5 : explain SELECT SUM(k) FROM sbtest5 WHERE id BETWEEN 2096863 AND 2096962
	Aggregate  (cost=365.96..365.97 rows=1 width=8)
	  ->  Index Scan using sbtest5_pkey on sbtest5  (cost=0.43..365.73 rows=95 width=4)
	        Index Cond: ((id >= 2096863) AND (id <= 2096962))

table 6 : explain SELECT SUM(k) FROM sbtest6 WHERE id BETWEEN 517132 AND 517231
	Aggregate  (cost=362.79..362.80 rows=1 width=8)
	  ->  Index Scan using sbtest6_pkey on sbtest6  (cost=0.43..362.56 rows=94 width=4)
	        Index Cond: ((id >= 517132) AND (id <= 517231))

table 7 : explain SELECT SUM(k) FROM sbtest7 WHERE id BETWEEN 2327220 AND 2327319
	Aggregate  (cost=367.63..367.64 rows=1 width=8)
	  ->  Index Scan using sbtest7_pkey on sbtest7  (cost=0.43..367.40 rows=95 width=4)
	        Index Cond: ((id >= 2327220) AND (id <= 2327319))

table 8 : explain SELECT SUM(k) FROM sbtest8 WHERE id BETWEEN 5279389 AND 5279488
	Aggregate  (cost=332.04..332.05 rows=1 width=8)
	  ->  Index Scan using sbtest8_pkey on sbtest8  (cost=0.43..331.82 rows=86 width=4)
	        Index Cond: ((id >= 5279389) AND (id <= 5279488))

for non_index_updates
table 1 : explain UPDATE sbtest1 SET c='foobar' WHERE id=5312718
	Update on sbtest1  (cost=0.43..8.45 rows=0 width=0)
	  ->  Index Scan using sbtest1_pkey on sbtest1  (cost=0.43..8.45 rows=1 width=490)
	        Index Cond: (id = 5312718)

table 2 : explain UPDATE sbtest2 SET c='foobar' WHERE id=2885705
	Update on sbtest2  (cost=0.43..8.45 rows=0 width=0)
	  ->  Index Scan using sbtest2_pkey on sbtest2  (cost=0.43..8.45 rows=1 width=490)
	        Index Cond: (id = 2885705)

table 3 : explain UPDATE sbtest3 SET c='foobar' WHERE id=4948326
	Update on sbtest3  (cost=0.43..8.45 rows=0 width=0)
	  ->  Index Scan using sbtest3_pkey on sbtest3  (cost=0.43..8.45 rows=1 width=490)
	        Index Cond: (id = 4948326)

table 4 : explain UPDATE sbtest4 SET c='foobar' WHERE id=4947767
	Update on sbtest4  (cost=0.43..8.45 rows=0 width=0)
	  ->  Index Scan using sbtest4_pkey on sbtest4  (cost=0.43..8.45 rows=1 width=490)
	        Index Cond: (id = 4947767)

table 5 : explain UPDATE sbtest5 SET c='foobar' WHERE id=4071095
	Update on sbtest5  (cost=0.43..8.45 rows=0 width=0)
	  ->  Index Scan using sbtest5_pkey on sbtest5  (cost=0.43..8.45 rows=1 width=490)
	        Index Cond: (id = 4071095)

table 6 : explain UPDATE sbtest6 SET c='foobar' WHERE id=2537593
	Update on sbtest6  (cost=0.43..8.45 rows=0 width=0)
	  ->  Index Scan using sbtest6_pkey on sbtest6  (cost=0.43..8.45 rows=1 width=490)
	        Index Cond: (id = 2537593)

table 7 : explain UPDATE sbtest7 SET c='foobar' WHERE id=8354972
	Update on sbtest7  (cost=0.43..8.45 rows=0 width=0)
	  ->  Index Scan using sbtest7_pkey on sbtest7  (cost=0.43..8.45 rows=1 width=490)
	        Index Cond: (id = 8354972)

table 8 : explain UPDATE sbtest8 SET c='foobar' WHERE id=5581872
	Update on sbtest8  (cost=0.43..8.45 rows=0 width=0)
	  ->  Index Scan using sbtest8_pkey on sbtest8  (cost=0.43..8.45 rows=1 width=490)
	        Index Cond: (id = 5581872)

for: simple_ranges
table 1 : explain SELECT c FROM sbtest1 WHERE id BETWEEN 6704615 AND 6704714
	Index Scan using sbtest1_pkey on sbtest1  (cost=0.43..379.96 rows=99 width=121)
	  Index Cond: ((id >= 6704615) AND (id <= 6704714))

table 2 : explain SELECT c FROM sbtest2 WHERE id BETWEEN 192844 AND 192943
	Index Scan using sbtest2_pkey on sbtest2  (cost=0.43..369.64 rows=96 width=121)
	  Index Cond: ((id >= 192844) AND (id <= 192943))

table 3 : explain SELECT c FROM sbtest3 WHERE id BETWEEN 4159979 AND 4160078
	Index Scan using sbtest3_pkey on sbtest3  (cost=0.43..358.70 rows=93 width=121)
	  Index Cond: ((id >= 4159979) AND (id <= 4160078))

table 4 : explain SELECT c FROM sbtest4 WHERE id BETWEEN 4034054 AND 4034153
	Index Scan using sbtest4_pkey on sbtest4  (cost=0.43..396.16 rows=103 width=121)
	  Index Cond: ((id >= 4034054) AND (id <= 4034153))

table 5 : explain SELECT c FROM sbtest5 WHERE id BETWEEN 570363 AND 570462
	Index Scan using sbtest5_pkey on sbtest5  (cost=0.43..369.53 rows=96 width=121)
	  Index Cond: ((id >= 570363) AND (id <= 570462))

table 6 : explain SELECT c FROM sbtest6 WHERE id BETWEEN 8037458 AND 8037557
	Index Scan using sbtest6_pkey on sbtest6  (cost=0.43..362.56 rows=94 width=121)
	  Index Cond: ((id >= 8037458) AND (id <= 8037557))

table 7 : explain SELECT c FROM sbtest7 WHERE id BETWEEN 4757962 AND 4758061
	Index Scan using sbtest7_pkey on sbtest7  (cost=0.43..428.53 rows=111 width=121)
	  Index Cond: ((id >= 4757962) AND (id <= 4758061))

table 8 : explain SELECT c FROM sbtest8 WHERE id BETWEEN 5364332 AND 5364431
	Index Scan using sbtest8_pkey on sbtest8  (cost=0.43..449.77 rows=117 width=121)
	  Index Cond: ((id >= 5364332) AND (id <= 5364431))

explain: for deletes :: explain DELETE FROM sbtest%u WHERE id=%u
explain: for non_index_updates :: explain UPDATE sbtest%u SET c='foobar' WHERE id=%u
for: order_ranges
table 1 : explain SELECT c FROM sbtest1 WHERE id BETWEEN 6444230 AND 6444329 ORDER BY c
	Sort  (cost=360.27..360.50 rows=93 width=121)
	  Sort Key: c
	  ->  Index Scan using sbtest1_pkey on sbtest1  (cost=0.43..357.23 rows=93 width=121)
	        Index Cond: ((id >= 6444230) AND (id <= 6444329))

table 2 : explain SELECT c FROM sbtest2 WHERE id BETWEEN 8481052 AND 8481151 ORDER BY c
	Sort  (cost=411.21..411.48 rows=106 width=121)
	  Sort Key: c
	  ->  Index Scan using sbtest2_pkey on sbtest2  (cost=0.43..407.65 rows=106 width=121)
	        Index Cond: ((id >= 8481052) AND (id <= 8481151))

table 3 : explain SELECT c FROM sbtest3 WHERE id BETWEEN 2746741 AND 2746840 ORDER BY c
	Sort  (cost=396.41..396.67 rows=102 width=121)
	  Sort Key: c
	  ->  Index Scan using sbtest3_pkey on sbtest3  (cost=0.43..393.01 rows=102 width=121)
	        Index Cond: ((id >= 2746741) AND (id <= 2746840))

table 4 : explain SELECT c FROM sbtest4 WHERE id BETWEEN 7381448 AND 7381547 ORDER BY c
	Sort  (cost=380.40..380.65 rows=98 width=121)
	  Sort Key: c
	  ->  Index Scan using sbtest4_pkey on sbtest4  (cost=0.43..377.16 rows=98 width=121)
	        Index Cond: ((id >= 7381448) AND (id <= 7381547))

table 5 : explain SELECT c FROM sbtest5 WHERE id BETWEEN 9588990 AND 9589089 ORDER BY c
	Sort  (cost=395.72..395.98 rows=102 width=121)
	  Sort Key: c
	  ->  Index Scan using sbtest5_pkey on sbtest5  (cost=0.43..392.32 rows=102 width=121)
	        Index Cond: ((id >= 9588990) AND (id <= 9589089))

table 6 : explain SELECT c FROM sbtest6 WHERE id BETWEEN 4944206 AND 4944305 ORDER BY c
	Sort  (cost=404.16..404.42 rows=104 width=121)
	  Sort Key: c
	  ->  Index Scan using sbtest6_pkey on sbtest6  (cost=0.43..400.67 rows=104 width=121)
	        Index Cond: ((id >= 4944206) AND (id <= 4944305))

table 7 : explain SELECT c FROM sbtest7 WHERE id BETWEEN 1962292 AND 1962391 ORDER BY c
	Sort  (cost=366.66..366.90 rows=94 width=121)
	  Sort Key: c
	  ->  Index Scan using sbtest7_pkey on sbtest7  (cost=0.43..363.58 rows=94 width=121)
	        Index Cond: ((id >= 1962292) AND (id <= 1962391))

table 8 : explain SELECT c FROM sbtest8 WHERE id BETWEEN 9211734 AND 9211833 ORDER BY c
	Sort  (cost=392.29..392.54 rows=101 width=121)
	  Sort Key: c
	  ->  Index Scan using sbtest8_pkey on sbtest8  (cost=0.43..388.93 rows=101 width=121)
	        Index Cond: ((id >= 9211734) AND (id <= 9211833))

for: distinct_ranges
table 1 : explain SELECT DISTINCT c FROM sbtest1 WHERE id BETWEEN 3080825 AND 3080924 ORDER BY c
	Unique  (cost=410.05..410.58 rows=106 width=121)
	  ->  Sort  (cost=410.05..410.31 rows=106 width=121)
	        Sort Key: c
	        ->  Index Scan using sbtest1_pkey on sbtest1  (cost=0.43..406.48 rows=106 width=121)
	              Index Cond: ((id >= 3080825) AND (id <= 3080924))

table 2 : explain SELECT DISTINCT c FROM sbtest2 WHERE id BETWEEN 6960373 AND 6960472 ORDER BY c
	Unique  (cost=438.10..438.67 rows=113 width=121)
	  ->  Sort  (cost=438.10..438.38 rows=113 width=121)
	        Sort Key: c
	        ->  Index Scan using sbtest2_pkey on sbtest2  (cost=0.43..434.25 rows=113 width=121)
	              Index Cond: ((id >= 6960373) AND (id <= 6960472))

table 3 : explain SELECT DISTINCT c FROM sbtest3 WHERE id BETWEEN 3171844 AND 3171943 ORDER BY c
	Unique  (cost=373.28..373.76 rows=96 width=121)
	  ->  Sort  (cost=373.28..373.52 rows=96 width=121)
	        Sort Key: c
	        ->  Index Scan using sbtest3_pkey on sbtest3  (cost=0.43..370.12 rows=96 width=121)
	              Index Cond: ((id >= 3171844) AND (id <= 3171943))

table 4 : explain SELECT DISTINCT c FROM sbtest4 WHERE id BETWEEN 7301695 AND 7301794 ORDER BY c
	Unique  (cost=380.40..380.89 rows=98 width=121)
	  ->  Sort  (cost=380.40..380.65 rows=98 width=121)
	        Sort Key: c
	        ->  Index Scan using sbtest4_pkey on sbtest4  (cost=0.43..377.16 rows=98 width=121)
	              Index Cond: ((id >= 7301695) AND (id <= 7301794))

table 5 : explain SELECT DISTINCT c FROM sbtest5 WHERE id BETWEEN 863584 AND 863683 ORDER BY c
	Unique  (cost=380.37..380.86 rows=98 width=121)
	  ->  Sort  (cost=380.37..380.61 rows=98 width=121)
	        Sort Key: c
	        ->  Index Scan using sbtest5_pkey on sbtest5  (cost=0.43..377.12 rows=98 width=121)
	              Index Cond: ((id >= 863584) AND (id <= 863683))

table 6 : explain SELECT DISTINCT c FROM sbtest6 WHERE id BETWEEN 6578279 AND 6578378 ORDER BY c
	Unique  (cost=404.16..404.68 rows=104 width=121)
	  ->  Sort  (cost=404.16..404.42 rows=104 width=121)
	        Sort Key: c
	        ->  Index Scan using sbtest6_pkey on sbtest6  (cost=0.43..400.67 rows=104 width=121)
	              Index Cond: ((id >= 6578279) AND (id <= 6578378))

table 7 : explain SELECT DISTINCT c FROM sbtest7 WHERE id BETWEEN 160053 AND 160152 ORDER BY c
	Unique  (cost=393.72..394.22 rows=101 width=121)
	  ->  Sort  (cost=393.72..393.97 rows=101 width=121)
	        Sort Key: c
	        ->  Index Scan using sbtest7_pkey on sbtest7  (cost=0.43..390.35 rows=101 width=121)
	              Index Cond: ((id >= 160053) AND (id <= 160152))

table 8 : explain SELECT DISTINCT c FROM sbtest8 WHERE id BETWEEN 5405888 AND 5405987 ORDER BY c
	Unique  (cost=388.44..388.94 rows=100 width=121)
	  ->  Sort  (cost=388.44..388.69 rows=100 width=121)
	        Sort Key: c
	        ->  Index Scan using sbtest8_pkey on sbtest8  (cost=0.43..385.12 rows=100 width=121)
	              Index Cond: ((id >= 5405888) AND (id <= 5405987))

for: distinct_ranges
table 1 : explain SELECT DISTINCT c FROM sbtest1 WHERE id BETWEEN 3681641 AND 3681740 ORDER BY c
	Unique  (cost=356.38..356.84 rows=92 width=121)
	  ->  Sort  (cost=356.38..356.61 rows=92 width=121)
	        Sort Key: c
	        ->  Index Scan using sbtest1_pkey on sbtest1  (cost=0.43..353.38 rows=92 width=121)
	              Index Cond: ((id >= 3681641) AND (id <= 3681740))

table 2 : explain SELECT DISTINCT c FROM sbtest2 WHERE id BETWEEN 7451777 AND 7451876 ORDER BY c
	Unique  (cost=407.37..407.90 rows=105 width=121)
	  ->  Sort  (cost=407.37..407.63 rows=105 width=121)
	        Sort Key: c
	        ->  Index Scan using sbtest2_pkey on sbtest2  (cost=0.43..403.85 rows=105 width=121)
	              Index Cond: ((id >= 7451777) AND (id <= 7451876))

table 3 : explain SELECT DISTINCT c FROM sbtest3 WHERE id BETWEEN 5504310 AND 5504409 ORDER BY c
	Unique  (cost=365.59..366.06 rows=94 width=121)
	  ->  Sort  (cost=365.59..365.82 rows=94 width=121)
	        Sort Key: c
	        ->  Index Scan using sbtest3_pkey on sbtest3  (cost=0.43..362.51 rows=94 width=121)
	              Index Cond: ((id >= 5504310) AND (id <= 5504409))

table 4 : explain SELECT DISTINCT c FROM sbtest4 WHERE id BETWEEN 3334120 AND 3334219 ORDER BY c
	Unique  (cost=407.28..407.81 rows=105 width=121)
	  ->  Sort  (cost=407.28..407.55 rows=105 width=121)
	        Sort Key: c
	        ->  Index Scan using sbtest4_pkey on sbtest4  (cost=0.43..403.76 rows=105 width=121)
	              Index Cond: ((id >= 3334120) AND (id <= 3334219))

table 5 : explain SELECT DISTINCT c FROM sbtest5 WHERE id BETWEEN 8863861 AND 8863960 ORDER BY c
	Unique  (cost=372.69..373.17 rows=96 width=121)
	  ->  Sort  (cost=372.69..372.93 rows=96 width=121)
	        Sort Key: c
	        ->  Index Scan using sbtest5_pkey on sbtest5  (cost=0.43..369.53 rows=96 width=121)
	              Index Cond: ((id >= 8863861) AND (id <= 8863960))

table 6 : explain SELECT DISTINCT c FROM sbtest6 WHERE id BETWEEN 4950620 AND 4950719 ORDER BY c
	Unique  (cost=404.16..404.68 rows=104 width=121)
	  ->  Sort  (cost=404.16..404.42 rows=104 width=121)
	        Sort Key: c
	        ->  Index Scan using sbtest6_pkey on sbtest6  (cost=0.43..400.67 rows=104 width=121)
	              Index Cond: ((id >= 4950620) AND (id <= 4950719))

table 7 : explain SELECT DISTINCT c FROM sbtest7 WHERE id BETWEEN 2188749 AND 2188848 ORDER BY c
	Unique  (cost=386.00..386.49 rows=99 width=121)
	  ->  Sort  (cost=386.00..386.25 rows=99 width=121)
	        Sort Key: c
	        ->  Index Scan using sbtest7_pkey on sbtest7  (cost=0.43..382.72 rows=99 width=121)
	              Index Cond: ((id >= 2188749) AND (id <= 2188848))

table 8 : explain SELECT DISTINCT c FROM sbtest8 WHERE id BETWEEN 9091256 AND 9091355 ORDER BY c
	Unique  (cost=388.44..388.94 rows=100 width=121)
	  ->  Sort  (cost=388.44..388.69 rows=100 width=121)
	        Sort Key: c
	        ->  Index Scan using sbtest8_pkey on sbtest8  (cost=0.43..385.12 rows=100 width=121)
	              Index Cond: ((id >= 9091256) AND (id <= 9091355))

for deletes
table 1 : explain DELETE FROM sbtest1 WHERE id=5726680
	Delete on sbtest1  (cost=0.43..8.45 rows=0 width=0)
	  ->  Index Scan using sbtest1_pkey on sbtest1  (cost=0.43..8.45 rows=1 width=6)
	        Index Cond: (id = 5726680)

table 2 : explain DELETE FROM sbtest2 WHERE id=3587746
	Delete on sbtest2  (cost=0.43..8.45 rows=0 width=0)
	  ->  Index Scan using sbtest2_pkey on sbtest2  (cost=0.43..8.45 rows=1 width=6)
	        Index Cond: (id = 3587746)

table 3 : explain DELETE FROM sbtest3 WHERE id=4215279
	Delete on sbtest3  (cost=0.43..8.45 rows=0 width=0)
	  ->  Index Scan using sbtest3_pkey on sbtest3  (cost=0.43..8.45 rows=1 width=6)
	        Index Cond: (id = 4215279)

table 4 : explain DELETE FROM sbtest4 WHERE id=2101822
	Delete on sbtest4  (cost=0.43..8.45 rows=0 width=0)
	  ->  Index Scan using sbtest4_pkey on sbtest4  (cost=0.43..8.45 rows=1 width=6)
	        Index Cond: (id = 2101822)

table 5 : explain DELETE FROM sbtest5 WHERE id=694391
	Delete on sbtest5  (cost=0.43..8.45 rows=0 width=0)
	  ->  Index Scan using sbtest5_pkey on sbtest5  (cost=0.43..8.45 rows=1 width=6)
	        Index Cond: (id = 694391)

table 6 : explain DELETE FROM sbtest6 WHERE id=46494
	Delete on sbtest6  (cost=0.43..8.45 rows=0 width=0)
	  ->  Index Scan using sbtest6_pkey on sbtest6  (cost=0.43..8.45 rows=1 width=6)
	        Index Cond: (id = 46494)

table 7 : explain DELETE FROM sbtest7 WHERE id=3409174
	Delete on sbtest7  (cost=0.43..8.45 rows=0 width=0)
	  ->  Index Scan using sbtest7_pkey on sbtest7  (cost=0.43..8.45 rows=1 width=6)
	        Index Cond: (id = 3409174)

table 8 : explain DELETE FROM sbtest8 WHERE id=4569548
	Delete on sbtest8  (cost=0.43..8.45 rows=0 width=0)
	  ->  Index Scan using sbtest8_pkey on sbtest8  (cost=0.43..8.45 rows=1 width=6)
	        Index Cond: (id = 4569548)

explain: for deletes :: explain DELETE FROM sbtest%u WHERE id=%u
explain: for index_updates :: explain UPDATE sbtest%u SET k=k+1 WHERE id=%u
explain: for index_updates :: explain UPDATE sbtest%u SET k=k+1 WHERE id=%u
for: sum_ranges
table 1 : explain SELECT SUM(k) FROM sbtest1 WHERE id BETWEEN 1222334 AND 1222433
	Aggregate  (cost=365.04..365.05 rows=1 width=8)
	  ->  Index Scan using sbtest1_pkey on sbtest1  (cost=0.43..364.80 rows=95 width=4)
	        Index Cond: ((id >= 1222334) AND (id <= 1222433))

table 2 : explain SELECT SUM(k) FROM sbtest2 WHERE id BETWEEN 9166770 AND 9166869
	Aggregate  (cost=369.88..369.89 rows=1 width=8)
	  ->  Index Scan using sbtest2_pkey on sbtest2  (cost=0.43..369.64 rows=96 width=4)
	        Index Cond: ((id >= 9166770) AND (id <= 9166869))

table 3 : explain SELECT SUM(k) FROM sbtest3 WHERE id BETWEEN 9815028 AND 9815127
	Aggregate  (cost=408.50..408.51 rows=1 width=8)
	  ->  Index Scan using sbtest3_pkey on sbtest3  (cost=0.43..408.23 rows=106 width=4)
	        Index Cond: ((id >= 9815028) AND (id <= 9815127))

table 4 : explain SELECT SUM(k) FROM sbtest4 WHERE id BETWEEN 4021568 AND 4021667
	Aggregate  (cost=400.22..400.23 rows=1 width=8)
	  ->  Index Scan using sbtest4_pkey on sbtest4  (cost=0.43..399.96 rows=104 width=4)
	        Index Cond: ((id >= 4021568) AND (id <= 4021667))

table 5 : explain SELECT SUM(k) FROM sbtest5 WHERE id BETWEEN 8195345 AND 8195444
	Aggregate  (cost=400.18..400.19 rows=1 width=8)
	  ->  Index Scan using sbtest5_pkey on sbtest5  (cost=0.43..399.92 rows=104 width=4)
	        Index Cond: ((id >= 8195345) AND (id <= 8195444))

table 6 : explain SELECT SUM(k) FROM sbtest6 WHERE id BETWEEN 678447 AND 678546
	Aggregate  (cost=385.70..385.71 rows=1 width=8)
	  ->  Index Scan using sbtest6_pkey on sbtest6  (cost=0.43..385.45 rows=100 width=4)
	        Index Cond: ((id >= 678447) AND (id <= 678546))

table 7 : explain SELECT SUM(k) FROM sbtest7 WHERE id BETWEEN 5153394 AND 5153493
	Aggregate  (cost=394.43..394.44 rows=1 width=8)
	  ->  Index Scan using sbtest7_pkey on sbtest7  (cost=0.43..394.17 rows=102 width=4)
	        Index Cond: ((id >= 5153394) AND (id <= 5153493))

table 8 : explain SELECT SUM(k) FROM sbtest8 WHERE id BETWEEN 3411535 AND 3411634
	Aggregate  (cost=442.46..442.47 rows=1 width=8)
	  ->  Index Scan using sbtest8_pkey on sbtest8  (cost=0.43..442.17 rows=115 width=4)
	        Index Cond: ((id >= 3411535) AND (id <= 3411634))

for non_index_updates
table 1 : explain UPDATE sbtest1 SET c='foobar' WHERE id=6881409
	Update on sbtest1  (cost=0.43..8.45 rows=0 width=0)
	  ->  Index Scan using sbtest1_pkey on sbtest1  (cost=0.43..8.45 rows=1 width=490)
	        Index Cond: (id = 6881409)

table 2 : explain UPDATE sbtest2 SET c='foobar' WHERE id=1011503
	Update on sbtest2  (cost=0.43..8.45 rows=0 width=0)
	  ->  Index Scan using sbtest2_pkey on sbtest2  (cost=0.43..8.45 rows=1 width=490)
	        Index Cond: (id = 1011503)

table 3 : explain UPDATE sbtest3 SET c='foobar' WHERE id=7203813
	Update on sbtest3  (cost=0.43..8.45 rows=0 width=0)
	  ->  Index Scan using sbtest3_pkey on sbtest3  (cost=0.43..8.45 rows=1 width=490)
	        Index Cond: (id = 7203813)

table 4 : explain UPDATE sbtest4 SET c='foobar' WHERE id=9353209
	Update on sbtest4  (cost=0.43..8.45 rows=0 width=0)
	  ->  Index Scan using sbtest4_pkey on sbtest4  (cost=0.43..8.45 rows=1 width=490)
	        Index Cond: (id = 9353209)

table 5 : explain UPDATE sbtest5 SET c='foobar' WHERE id=7583394
	Update on sbtest5  (cost=0.43..8.45 rows=0 width=0)
	  ->  Index Scan using sbtest5_pkey on sbtest5  (cost=0.43..8.45 rows=1 width=490)
	        Index Cond: (id = 7583394)

table 6 : explain UPDATE sbtest6 SET c='foobar' WHERE id=6754282
	Update on sbtest6  (cost=0.43..8.45 rows=0 width=0)
	  ->  Index Scan using sbtest6_pkey on sbtest6  (cost=0.43..8.45 rows=1 width=490)
	        Index Cond: (id = 6754282)

table 7 : explain UPDATE sbtest7 SET c='foobar' WHERE id=717669
	Update on sbtest7  (cost=0.43..8.45 rows=0 width=0)
	  ->  Index Scan using sbtest7_pkey on sbtest7  (cost=0.43..8.45 rows=1 width=490)
	        Index Cond: (id = 717669)

table 8 : explain UPDATE sbtest8 SET c='foobar' WHERE id=5666050
	Update on sbtest8  (cost=0.43..8.45 rows=0 width=0)
	  ->  Index Scan using sbtest8_pkey on sbtest8  (cost=0.43..8.45 rows=1 width=490)
	        Index Cond: (id = 5666050)

for deletes
table 1 : explain DELETE FROM sbtest1 WHERE id=1992858
	Delete on sbtest1  (cost=0.43..8.45 rows=0 width=0)
	  ->  Index Scan using sbtest1_pkey on sbtest1  (cost=0.43..8.45 rows=1 width=6)
	        Index Cond: (id = 1992858)

table 2 : explain DELETE FROM sbtest2 WHERE id=8485338
	Delete on sbtest2  (cost=0.43..8.45 rows=0 width=0)
	  ->  Index Scan using sbtest2_pkey on sbtest2  (cost=0.43..8.45 rows=1 width=6)
	        Index Cond: (id = 8485338)

table 3 : explain DELETE FROM sbtest3 WHERE id=496242
	Delete on sbtest3  (cost=0.43..8.45 rows=0 width=0)
	  ->  Index Scan using sbtest3_pkey on sbtest3  (cost=0.43..8.45 rows=1 width=6)
	        Index Cond: (id = 496242)

table 4 : explain DELETE FROM sbtest4 WHERE id=3605259
	Delete on sbtest4  (cost=0.43..8.45 rows=0 width=0)
	  ->  Index Scan using sbtest4_pkey on sbtest4  (cost=0.43..8.45 rows=1 width=6)
	        Index Cond: (id = 3605259)

table 5 : explain DELETE FROM sbtest5 WHERE id=6160517
	Delete on sbtest5  (cost=0.43..8.45 rows=0 width=0)
	  ->  Index Scan using sbtest5_pkey on sbtest5  (cost=0.43..8.45 rows=1 width=6)
	        Index Cond: (id = 6160517)

table 6 : explain DELETE FROM sbtest6 WHERE id=3613135
	Delete on sbtest6  (cost=0.43..8.45 rows=0 width=0)
	  ->  Index Scan using sbtest6_pkey on sbtest6  (cost=0.43..8.45 rows=1 width=6)
	        Index Cond: (id = 3613135)

table 7 : explain DELETE FROM sbtest7 WHERE id=8983061
	Delete on sbtest7  (cost=0.43..8.45 rows=0 width=0)
	  ->  Index Scan using sbtest7_pkey on sbtest7  (cost=0.43..8.45 rows=1 width=6)
	        Index Cond: (id = 8983061)

table 8 : explain DELETE FROM sbtest8 WHERE id=6599194
	Delete on sbtest8  (cost=0.43..8.45 rows=0 width=0)
	  ->  Index Scan using sbtest8_pkey on sbtest8  (cost=0.43..8.45 rows=1 width=6)
	        Index Cond: (id = 6599194)

for point_selects
table 1 : explain SELECT c FROM sbtest1 WHERE id=253213
	Index Scan using sbtest1_pkey on sbtest1  (cost=0.43..8.45 rows=1 width=121)
	  Index Cond: (id = 253213)

table 2 : explain SELECT c FROM sbtest2 WHERE id=2966238
	Index Scan using sbtest2_pkey on sbtest2  (cost=0.43..8.45 rows=1 width=121)
	  Index Cond: (id = 2966238)

table 3 : explain SELECT c FROM sbtest3 WHERE id=2095116
	Index Scan using sbtest3_pkey on sbtest3  (cost=0.43..8.45 rows=1 width=121)
	  Index Cond: (id = 2095116)

table 4 : explain SELECT c FROM sbtest4 WHERE id=1437648
	Index Scan using sbtest4_pkey on sbtest4  (cost=0.43..8.45 rows=1 width=121)
	  Index Cond: (id = 1437648)

table 5 : explain SELECT c FROM sbtest5 WHERE id=785379
	Index Scan using sbtest5_pkey on sbtest5  (cost=0.43..8.45 rows=1 width=121)
	  Index Cond: (id = 785379)

table 6 : explain SELECT c FROM sbtest6 WHERE id=6112395
	Index Scan using sbtest6_pkey on sbtest6  (cost=0.43..8.45 rows=1 width=121)
	  Index Cond: (id = 6112395)

table 7 : explain SELECT c FROM sbtest7 WHERE id=7058576
	Index Scan using sbtest7_pkey on sbtest7  (cost=0.43..8.45 rows=1 width=121)
	  Index Cond: (id = 7058576)

table 8 : explain SELECT c FROM sbtest8 WHERE id=6994727
	Index Scan using sbtest8_pkey on sbtest8  (cost=0.43..8.45 rows=1 width=121)
	  Index Cond: (id = 6994727)

explain: for deletes :: explain DELETE FROM sbtest%u WHERE id=%u
for: sum_ranges
table 1 : explain SELECT SUM(k) FROM sbtest1 WHERE id BETWEEN 9293638 AND 9293737
	Aggregate  (cost=380.21..380.22 rows=1 width=8)
	  ->  Index Scan using sbtest1_pkey on sbtest1  (cost=0.43..379.96 rows=99 width=4)
	        Index Cond: ((id >= 9293638) AND (id <= 9293737))

table 2 : explain SELECT SUM(k) FROM sbtest2 WHERE id BETWEEN 6286167 AND 6286266
	Aggregate  (cost=358.42..358.43 rows=1 width=8)
	  ->  Index Scan using sbtest2_pkey on sbtest2  (cost=0.43..358.19 rows=93 width=4)
	        Index Cond: ((id >= 6286167) AND (id <= 6286266))

table 3 : explain SELECT SUM(k) FROM sbtest3 WHERE id BETWEEN 1638549 AND 1638648
	Aggregate  (cost=412.31..412.32 rows=1 width=8)
	  ->  Index Scan using sbtest3_pkey on sbtest3  (cost=0.43..412.04 rows=107 width=4)
	        Index Cond: ((id >= 1638549) AND (id <= 1638648))

table 4 : explain SELECT SUM(k) FROM sbtest4 WHERE id BETWEEN 8373588 AND 8373687
	Aggregate  (cost=404.02..404.03 rows=1 width=8)
	  ->  Index Scan using sbtest4_pkey on sbtest4  (cost=0.43..403.76 rows=105 width=4)
	        Index Cond: ((id >= 8373588) AND (id <= 8373687))

table 5 : explain SELECT SUM(k) FROM sbtest5 WHERE id BETWEEN 4688801 AND 4688900
	Aggregate  (cost=396.38..396.39 rows=1 width=8)
	  ->  Index Scan using sbtest5_pkey on sbtest5  (cost=0.43..396.12 rows=103 width=4)
	        Index Cond: ((id >= 4688801) AND (id <= 4688900))

table 6 : explain SELECT SUM(k) FROM sbtest6 WHERE id BETWEEN 8926026 AND 8926125
	Aggregate  (cost=381.89..381.90 rows=1 width=8)
	  ->  Index Scan using sbtest6_pkey on sbtest6  (cost=0.43..381.64 rows=99 width=4)
	        Index Cond: ((id >= 8926026) AND (id <= 8926125))

table 7 : explain SELECT SUM(k) FROM sbtest7 WHERE id BETWEEN 7422546 AND 7422645
	Aggregate  (cost=379.15..379.16 rows=1 width=8)
	  ->  Index Scan using sbtest7_pkey on sbtest7  (cost=0.43..378.90 rows=98 width=4)
	        Index Cond: ((id >= 7422546) AND (id <= 7422645))

table 8 : explain SELECT SUM(k) FROM sbtest8 WHERE id BETWEEN 8595568 AND 8595667
	Aggregate  (cost=381.57..381.58 rows=1 width=8)
	  ->  Index Scan using sbtest8_pkey on sbtest8  (cost=0.43..381.32 rows=99 width=4)
	        Index Cond: ((id >= 8595568) AND (id <= 8595667))

for deletes
table 1 : explain DELETE FROM sbtest1 WHERE id=3803542
	Delete on sbtest1  (cost=0.43..8.45 rows=0 width=0)
	  ->  Index Scan using sbtest1_pkey on sbtest1  (cost=0.43..8.45 rows=1 width=6)
	        Index Cond: (id = 3803542)

table 2 : explain DELETE FROM sbtest2 WHERE id=7367711
	Delete on sbtest2  (cost=0.43..8.45 rows=0 width=0)
	  ->  Index Scan using sbtest2_pkey on sbtest2  (cost=0.43..8.45 rows=1 width=6)
	        Index Cond: (id = 7367711)

table 3 : explain DELETE FROM sbtest3 WHERE id=931377
	Delete on sbtest3  (cost=0.43..8.45 rows=0 width=0)
	  ->  Index Scan using sbtest3_pkey on sbtest3  (cost=0.43..8.45 rows=1 width=6)
	        Index Cond: (id = 931377)

table 4 : explain DELETE FROM sbtest4 WHERE id=9664602
	Delete on sbtest4  (cost=0.43..8.45 rows=0 width=0)
	  ->  Index Scan using sbtest4_pkey on sbtest4  (cost=0.43..8.45 rows=1 width=6)
	        Index Cond: (id = 9664602)

table 5 : explain DELETE FROM sbtest5 WHERE id=1618675
	Delete on sbtest5  (cost=0.43..8.45 rows=0 width=0)
	  ->  Index Scan using sbtest5_pkey on sbtest5  (cost=0.43..8.45 rows=1 width=6)
	        Index Cond: (id = 1618675)

table 6 : explain DELETE FROM sbtest6 WHERE id=1680618
	Delete on sbtest6  (cost=0.43..8.45 rows=0 width=0)
	  ->  Index Scan using sbtest6_pkey on sbtest6  (cost=0.43..8.45 rows=1 width=6)
	        Index Cond: (id = 1680618)

table 7 : explain DELETE FROM sbtest7 WHERE id=2960997
	Delete on sbtest7  (cost=0.43..8.45 rows=0 width=0)
	  ->  Index Scan using sbtest7_pkey on sbtest7  (cost=0.43..8.45 rows=1 width=6)
	        Index Cond: (id = 2960997)

table 8 : explain DELETE FROM sbtest8 WHERE id=8137340
	Delete on sbtest8  (cost=0.43..8.45 rows=0 width=0)
	  ->  Index Scan using sbtest8_pkey on sbtest8  (cost=0.43..8.45 rows=1 width=6)
	        Index Cond: (id = 8137340)

for index_updates
table 1 : explain UPDATE sbtest1 SET k=k+1 WHERE id=9129441
	Update on sbtest1  (cost=0.43..8.46 rows=0 width=0)
	  ->  Index Scan using sbtest1_pkey on sbtest1  (cost=0.43..8.46 rows=1 width=10)
	        Index Cond: (id = 9129441)

table 2 : explain UPDATE sbtest2 SET k=k+1 WHERE id=2940067
	Update on sbtest2  (cost=0.43..8.46 rows=0 width=0)
	  ->  Index Scan using sbtest2_pkey on sbtest2  (cost=0.43..8.46 rows=1 width=10)
	        Index Cond: (id = 2940067)

table 3 : explain UPDATE sbtest3 SET k=k+1 WHERE id=7396255
	Update on sbtest3  (cost=0.43..8.46 rows=0 width=0)
	  ->  Index Scan using sbtest3_pkey on sbtest3  (cost=0.43..8.46 rows=1 width=10)
	        Index Cond: (id = 7396255)

table 4 : explain UPDATE sbtest4 SET k=k+1 WHERE id=1539864
	Update on sbtest4  (cost=0.43..8.46 rows=0 width=0)
	  ->  Index Scan using sbtest4_pkey on sbtest4  (cost=0.43..8.46 rows=1 width=10)
	        Index Cond: (id = 1539864)

table 5 : explain UPDATE sbtest5 SET k=k+1 WHERE id=9840156
	Update on sbtest5  (cost=0.43..8.46 rows=0 width=0)
	  ->  Index Scan using sbtest5_pkey on sbtest5  (cost=0.43..8.46 rows=1 width=10)
	        Index Cond: (id = 9840156)

table 6 : explain UPDATE sbtest6 SET k=k+1 WHERE id=3615587
	Update on sbtest6  (cost=0.43..8.46 rows=0 width=0)
	  ->  Index Scan using sbtest6_pkey on sbtest6  (cost=0.43..8.46 rows=1 width=10)
	        Index Cond: (id = 3615587)

table 7 : explain UPDATE sbtest7 SET k=k+1 WHERE id=6835496
	Update on sbtest7  (cost=0.43..8.46 rows=0 width=0)
	  ->  Index Scan using sbtest7_pkey on sbtest7  (cost=0.43..8.46 rows=1 width=10)
	        Index Cond: (id = 6835496)

table 8 : explain UPDATE sbtest8 SET k=k+1 WHERE id=8386879
	Update on sbtest8  (cost=0.43..8.46 rows=0 width=0)
	  ->  Index Scan using sbtest8_pkey on sbtest8  (cost=0.43..8.46 rows=1 width=10)
	        Index Cond: (id = 8386879)

for point_selects
table 1 : explain SELECT c FROM sbtest1 WHERE id=9197857
	Index Scan using sbtest1_pkey on sbtest1  (cost=0.43..8.45 rows=1 width=121)
	  Index Cond: (id = 9197857)

table 2 : explain SELECT c FROM sbtest2 WHERE id=386088
	Index Scan using sbtest2_pkey on sbtest2  (cost=0.43..8.45 rows=1 width=121)
	  Index Cond: (id = 386088)

table 3 : explain SELECT c FROM sbtest3 WHERE id=7318410
	Index Scan using sbtest3_pkey on sbtest3  (cost=0.43..8.45 rows=1 width=121)
	  Index Cond: (id = 7318410)

table 4 : explain SELECT c FROM sbtest4 WHERE id=7608200
	Index Scan using sbtest4_pkey on sbtest4  (cost=0.43..8.45 rows=1 width=121)
	  Index Cond: (id = 7608200)

table 5 : explain SELECT c FROM sbtest5 WHERE id=4657045
	Index Scan using sbtest5_pkey on sbtest5  (cost=0.43..8.45 rows=1 width=121)
	  Index Cond: (id = 4657045)

table 6 : explain SELECT c FROM sbtest6 WHERE id=7299533
	Index Scan using sbtest6_pkey on sbtest6  (cost=0.43..8.45 rows=1 width=121)
	  Index Cond: (id = 7299533)

table 7 : explain SELECT c FROM sbtest7 WHERE id=7479122
	Index Scan using sbtest7_pkey on sbtest7  (cost=0.43..8.45 rows=1 width=121)
	  Index Cond: (id = 7479122)

table 8 : explain SELECT c FROM sbtest8 WHERE id=6824701
	Index Scan using sbtest8_pkey on sbtest8  (cost=0.43..8.45 rows=1 width=121)
	  Index Cond: (id = 6824701)

for index_updates
table 1 : explain UPDATE sbtest1 SET k=k+1 WHERE id=2517015
	Update on sbtest1  (cost=0.43..8.46 rows=0 width=0)
	  ->  Index Scan using sbtest1_pkey on sbtest1  (cost=0.43..8.46 rows=1 width=10)
	        Index Cond: (id = 2517015)

table 2 : explain UPDATE sbtest2 SET k=k+1 WHERE id=762309
	Update on sbtest2  (cost=0.43..8.46 rows=0 width=0)
	  ->  Index Scan using sbtest2_pkey on sbtest2  (cost=0.43..8.46 rows=1 width=10)
	        Index Cond: (id = 762309)

table 3 : explain UPDATE sbtest3 SET k=k+1 WHERE id=6244302
	Update on sbtest3  (cost=0.43..8.46 rows=0 width=0)
	  ->  Index Scan using sbtest3_pkey on sbtest3  (cost=0.43..8.46 rows=1 width=10)
	        Index Cond: (id = 6244302)

table 4 : explain UPDATE sbtest4 SET k=k+1 WHERE id=6698892
	Update on sbtest4  (cost=0.43..8.46 rows=0 width=0)
	  ->  Index Scan using sbtest4_pkey on sbtest4  (cost=0.43..8.46 rows=1 width=10)
	        Index Cond: (id = 6698892)

table 5 : explain UPDATE sbtest5 SET k=k+1 WHERE id=9043308
	Update on sbtest5  (cost=0.43..8.46 rows=0 width=0)
	  ->  Index Scan using sbtest5_pkey on sbtest5  (cost=0.43..8.46 rows=1 width=10)
	        Index Cond: (id = 9043308)

table 6 : explain UPDATE sbtest6 SET k=k+1 WHERE id=1152114
	Update on sbtest6  (cost=0.43..8.46 rows=0 width=0)
	  ->  Index Scan using sbtest6_pkey on sbtest6  (cost=0.43..8.46 rows=1 width=10)
	        Index Cond: (id = 1152114)

table 7 : explain UPDATE sbtest7 SET k=k+1 WHERE id=5081634
	Update on sbtest7  (cost=0.43..8.46 rows=0 width=0)
	  ->  Index Scan using sbtest7_pkey on sbtest7  (cost=0.43..8.46 rows=1 width=10)
	        Index Cond: (id = 5081634)

table 8 : explain UPDATE sbtest8 SET k=k+1 WHERE id=3893130
	Update on sbtest8  (cost=0.43..8.46 rows=0 width=0)
	  ->  Index Scan using sbtest8_pkey on sbtest8  (cost=0.43..8.46 rows=1 width=10)
	        Index Cond: (id = 3893130)

for point_selects
table 1 : explain SELECT c FROM sbtest1 WHERE id=1829946
	Index Scan using sbtest1_pkey on sbtest1  (cost=0.43..8.45 rows=1 width=121)
	  Index Cond: (id = 1829946)

table 2 : explain SELECT c FROM sbtest2 WHERE id=3825150
	Index Scan using sbtest2_pkey on sbtest2  (cost=0.43..8.45 rows=1 width=121)
	  Index Cond: (id = 3825150)

table 3 : explain SELECT c FROM sbtest3 WHERE id=8453411
	Index Scan using sbtest3_pkey on sbtest3  (cost=0.43..8.45 rows=1 width=121)
	  Index Cond: (id = 8453411)

table 4 : explain SELECT c FROM sbtest4 WHERE id=3607575
	Index Scan using sbtest4_pkey on sbtest4  (cost=0.43..8.45 rows=1 width=121)
	  Index Cond: (id = 3607575)

table 5 : explain SELECT c FROM sbtest5 WHERE id=6230727
	Index Scan using sbtest5_pkey on sbtest5  (cost=0.43..8.45 rows=1 width=121)
	  Index Cond: (id = 6230727)

table 6 : explain SELECT c FROM sbtest6 WHERE id=2923705
	Index Scan using sbtest6_pkey on sbtest6  (cost=0.43..8.45 rows=1 width=121)
	  Index Cond: (id = 2923705)

table 7 : explain SELECT c FROM sbtest7 WHERE id=3093199
	Index Scan using sbtest7_pkey on sbtest7  (cost=0.43..8.45 rows=1 width=121)
	  Index Cond: (id = 3093199)

table 8 : explain SELECT c FROM sbtest8 WHERE id=7089626
	Index Scan using sbtest8_pkey on sbtest8  (cost=0.43..8.45 rows=1 width=121)
	  Index Cond: (id = 7089626)

for point_selects
table 1 : explain SELECT c FROM sbtest1 WHERE id=9971413
	Index Scan using sbtest1_pkey on sbtest1  (cost=0.43..8.45 rows=1 width=121)
	  Index Cond: (id = 9971413)

table 2 : explain SELECT c FROM sbtest2 WHERE id=1099924
	Index Scan using sbtest2_pkey on sbtest2  (cost=0.43..8.45 rows=1 width=121)
	  Index Cond: (id = 1099924)

table 3 : explain SELECT c FROM sbtest3 WHERE id=2968073
	Index Scan using sbtest3_pkey on sbtest3  (cost=0.43..8.45 rows=1 width=121)
	  Index Cond: (id = 2968073)

table 4 : explain SELECT c FROM sbtest4 WHERE id=7942620
	Index Scan using sbtest4_pkey on sbtest4  (cost=0.43..8.45 rows=1 width=121)
	  Index Cond: (id = 7942620)

table 5 : explain SELECT c FROM sbtest5 WHERE id=3572036
	Index Scan using sbtest5_pkey on sbtest5  (cost=0.43..8.45 rows=1 width=121)
	  Index Cond: (id = 3572036)

table 6 : explain SELECT c FROM sbtest6 WHERE id=3529233
	Index Scan using sbtest6_pkey on sbtest6  (cost=0.43..8.45 rows=1 width=121)
	  Index Cond: (id = 3529233)

table 7 : explain SELECT c FROM sbtest7 WHERE id=1986905
	Index Scan using sbtest7_pkey on sbtest7  (cost=0.43..8.45 rows=1 width=121)
	  Index Cond: (id = 1986905)

table 8 : explain SELECT c FROM sbtest8 WHERE id=8827541
	Index Scan using sbtest8_pkey on sbtest8  (cost=0.43..8.45 rows=1 width=121)
	  Index Cond: (id = 8827541)

for point_selects
table 1 : explain SELECT c FROM sbtest1 WHERE id=3612320
	Index Scan using sbtest1_pkey on sbtest1  (cost=0.43..8.45 rows=1 width=121)
	  Index Cond: (id = 3612320)

table 2 : explain SELECT c FROM sbtest2 WHERE id=4642500
	Index Scan using sbtest2_pkey on sbtest2  (cost=0.43..8.45 rows=1 width=121)
	  Index Cond: (id = 4642500)

table 3 : explain SELECT c FROM sbtest3 WHERE id=825586
	Index Scan using sbtest3_pkey on sbtest3  (cost=0.43..8.45 rows=1 width=121)
	  Index Cond: (id = 825586)

table 4 : explain SELECT c FROM sbtest4 WHERE id=4278163
	Index Scan using sbtest4_pkey on sbtest4  (cost=0.43..8.45 rows=1 width=121)
	  Index Cond: (id = 4278163)

table 5 : explain SELECT c FROM sbtest5 WHERE id=4314621
	Index Scan using sbtest5_pkey on sbtest5  (cost=0.43..8.45 rows=1 width=121)
	  Index Cond: (id = 4314621)

table 6 : explain SELECT c FROM sbtest6 WHERE id=1516046
	Index Scan using sbtest6_pkey on sbtest6  (cost=0.43..8.45 rows=1 width=121)
	  Index Cond: (id = 1516046)

table 7 : explain SELECT c FROM sbtest7 WHERE id=6749046
	Index Scan using sbtest7_pkey on sbtest7  (cost=0.43..8.45 rows=1 width=121)
	  Index Cond: (id = 6749046)

table 8 : explain SELECT c FROM sbtest8 WHERE id=8677484
	Index Scan using sbtest8_pkey on sbtest8  (cost=0.43..8.45 rows=1 width=121)
	  Index Cond: (id = 8677484)

for deletes
table 1 : explain DELETE FROM sbtest1 WHERE id=1298596
	Delete on sbtest1  (cost=0.43..8.45 rows=0 width=0)
	  ->  Index Scan using sbtest1_pkey on sbtest1  (cost=0.43..8.45 rows=1 width=6)
	        Index Cond: (id = 1298596)

table 2 : explain DELETE FROM sbtest2 WHERE id=9382869
	Delete on sbtest2  (cost=0.43..8.45 rows=0 width=0)
	  ->  Index Scan using sbtest2_pkey on sbtest2  (cost=0.43..8.45 rows=1 width=6)
	        Index Cond: (id = 9382869)

table 3 : explain DELETE FROM sbtest3 WHERE id=8523679
	Delete on sbtest3  (cost=0.43..8.45 rows=0 width=0)
	  ->  Index Scan using sbtest3_pkey on sbtest3  (cost=0.43..8.45 rows=1 width=6)
	        Index Cond: (id = 8523679)

table 4 : explain DELETE FROM sbtest4 WHERE id=6967879
	Delete on sbtest4  (cost=0.43..8.45 rows=0 width=0)
	  ->  Index Scan using sbtest4_pkey on sbtest4  (cost=0.43..8.45 rows=1 width=6)
	        Index Cond: (id = 6967879)

table 5 : explain DELETE FROM sbtest5 WHERE id=5945477
	Delete on sbtest5  (cost=0.43..8.45 rows=0 width=0)
	  ->  Index Scan using sbtest5_pkey on sbtest5  (cost=0.43..8.45 rows=1 width=6)
	        Index Cond: (id = 5945477)

table 6 : explain DELETE FROM sbtest6 WHERE id=4014894
	Delete on sbtest6  (cost=0.43..8.45 rows=0 width=0)
	  ->  Index Scan using sbtest6_pkey on sbtest6  (cost=0.43..8.45 rows=1 width=6)
	        Index Cond: (id = 4014894)

table 7 : explain DELETE FROM sbtest7 WHERE id=1644332
	Delete on sbtest7  (cost=0.43..8.45 rows=0 width=0)
	  ->  Index Scan using sbtest7_pkey on sbtest7  (cost=0.43..8.45 rows=1 width=6)
	        Index Cond: (id = 1644332)

table 8 : explain DELETE FROM sbtest8 WHERE id=8634642
	Delete on sbtest8  (cost=0.43..8.45 rows=0 width=0)
	  ->  Index Scan using sbtest8_pkey on sbtest8  (cost=0.43..8.45 rows=1 width=6)
	        Index Cond: (id = 8634642)

explain: for non_index_updates :: explain UPDATE sbtest%u SET c='foobar' WHERE id=%u
for point_selects
table 1 : explain SELECT c FROM sbtest1 WHERE id=2120962
	Index Scan using sbtest1_pkey on sbtest1  (cost=0.43..8.45 rows=1 width=121)
	  Index Cond: (id = 2120962)

table 2 : explain SELECT c FROM sbtest2 WHERE id=2667578
	Index Scan using sbtest2_pkey on sbtest2  (cost=0.43..8.45 rows=1 width=121)
	  Index Cond: (id = 2667578)

table 3 : explain SELECT c FROM sbtest3 WHERE id=7417172
	Index Scan using sbtest3_pkey on sbtest3  (cost=0.43..8.45 rows=1 width=121)
	  Index Cond: (id = 7417172)

table 4 : explain SELECT c FROM sbtest4 WHERE id=4154303
	Index Scan using sbtest4_pkey on sbtest4  (cost=0.43..8.45 rows=1 width=121)
	  Index Cond: (id = 4154303)

table 5 : explain SELECT c FROM sbtest5 WHERE id=7695357
	Index Scan using sbtest5_pkey on sbtest5  (cost=0.43..8.45 rows=1 width=121)
	  Index Cond: (id = 7695357)

table 6 : explain SELECT c FROM sbtest6 WHERE id=7148563
	Index Scan using sbtest6_pkey on sbtest6  (cost=0.43..8.45 rows=1 width=121)
	  Index Cond: (id = 7148563)

table 7 : explain SELECT c FROM sbtest7 WHERE id=4445790
	Index Scan using sbtest7_pkey on sbtest7  (cost=0.43..8.45 rows=1 width=121)
	  Index Cond: (id = 4445790)

table 8 : explain SELECT c FROM sbtest8 WHERE id=5355992
	Index Scan using sbtest8_pkey on sbtest8  (cost=0.43..8.45 rows=1 width=121)
	  Index Cond: (id = 5355992)

explain: for non_index_updates :: explain UPDATE sbtest%u SET c='foobar' WHERE id=%u
for: order_ranges
table 1 : explain SELECT c FROM sbtest1 WHERE id BETWEEN 8556749 AND 8556848 ORDER BY c
	Sort  (cost=394.73..394.99 rows=102 width=121)
	  Sort Key: c
	  ->  Index Scan using sbtest1_pkey on sbtest1  (cost=0.43..391.33 rows=102 width=121)
	        Index Cond: ((id >= 8556749) AND (id <= 8556848))

table 2 : explain SELECT c FROM sbtest2 WHERE id BETWEEN 5348475 AND 5348574 ORDER BY c
	Sort  (cost=426.58..426.85 rows=110 width=121)
	  Sort Key: c
	  ->  Index Scan using sbtest2_pkey on sbtest2  (cost=0.43..422.85 rows=110 width=121)
	        Index Cond: ((id >= 5348475) AND (id <= 5348574))

table 3 : explain SELECT c FROM sbtest3 WHERE id BETWEEN 1999729 AND 1999828 ORDER BY c
	Sort  (cost=384.87..385.12 rows=99 width=121)
	  Sort Key: c
	  ->  Index Scan using sbtest3_pkey on sbtest3  (cost=0.43..381.59 rows=99 width=121)
	        Index Cond: ((id >= 1999729) AND (id <= 1999828))

table 4 : explain SELECT c FROM sbtest4 WHERE id BETWEEN 288522 AND 288621 ORDER BY c
	Sort  (cost=380.40..380.65 rows=98 width=121)
	  Sort Key: c
	  ->  Index Scan using sbtest4_pkey on sbtest4  (cost=0.43..377.16 rows=98 width=121)
	        Index Cond: ((id >= 288522) AND (id <= 288621))

table 5 : explain SELECT c FROM sbtest5 WHERE id BETWEEN 6706708 AND 6706807 ORDER BY c
	Sort  (cost=391.88..392.14 rows=101 width=121)
	  Sort Key: c
	  ->  Index Scan using sbtest5_pkey on sbtest5  (cost=0.43..388.52 rows=101 width=121)
	        Index Cond: ((id >= 6706708) AND (id <= 6706807))

table 6 : explain SELECT c FROM sbtest6 WHERE id BETWEEN 9752568 AND 9752667 ORDER BY c
	Sort  (cost=388.77..389.02 rows=100 width=121)
	  Sort Key: c
	  ->  Index Scan using sbtest6_pkey on sbtest6  (cost=0.43..385.45 rows=100 width=121)
	        Index Cond: ((id >= 9752568) AND (id <= 9752667))

table 7 : explain SELECT c FROM sbtest7 WHERE id BETWEEN 1586125 AND 1586224 ORDER BY c
	Sort  (cost=409.15..409.41 rows=105 width=121)
	  Sort Key: c
	  ->  Index Scan using sbtest7_pkey on sbtest7  (cost=0.43..405.62 rows=105 width=121)
	        Index Cond: ((id >= 1586125) AND (id <= 1586224))

table 8 : explain SELECT c FROM sbtest8 WHERE id BETWEEN 9732310 AND 9732409 ORDER BY c
	Sort  (cost=388.44..388.69 rows=100 width=121)
	  Sort Key: c
	  ->  Index Scan using sbtest8_pkey on sbtest8  (cost=0.43..385.12 rows=100 width=121)
	        Index Cond: ((id >= 9732310) AND (id <= 9732409))

for: simple_ranges
table 1 : explain SELECT c FROM sbtest1 WHERE id BETWEEN 2274504 AND 2274603
	Index Scan using sbtest1_pkey on sbtest1  (cost=0.43..361.01 rows=94 width=121)
	  Index Cond: ((id >= 2274504) AND (id <= 2274603))

table 2 : explain SELECT c FROM sbtest2 WHERE id BETWEEN 4152376 AND 4152475
	Index Scan using sbtest2_pkey on sbtest2  (cost=0.43..384.84 rows=100 width=121)
	  Index Cond: ((id >= 4152376) AND (id <= 4152475))

table 3 : explain SELECT c FROM sbtest3 WHERE id BETWEEN 2824557 AND 2824656
	Index Scan using sbtest3_pkey on sbtest3  (cost=0.43..442.48 rows=115 width=121)
	  Index Cond: ((id >= 2824557) AND (id <= 2824656))

table 4 : explain SELECT c FROM sbtest4 WHERE id BETWEEN 7669034 AND 7669133
	Index Scan using sbtest4_pkey on sbtest4  (cost=0.43..361.91 rows=94 width=121)
	  Index Cond: ((id >= 7669034) AND (id <= 7669133))

table 5 : explain SELECT c FROM sbtest5 WHERE id BETWEEN 452078 AND 452177
	Index Scan using sbtest5_pkey on sbtest5  (cost=0.43..384.72 rows=100 width=121)
	  Index Cond: ((id >= 452078) AND (id <= 452177))

table 6 : explain SELECT c FROM sbtest6 WHERE id BETWEEN 2177516 AND 2177615
	Index Scan using sbtest6_pkey on sbtest6  (cost=0.43..393.06 rows=102 width=121)
	  Index Cond: ((id >= 2177516) AND (id <= 2177615))

table 7 : explain SELECT c FROM sbtest7 WHERE id BETWEEN 9347881 AND 9347980
	Index Scan using sbtest7_pkey on sbtest7  (cost=0.43..378.90 rows=98 width=121)
	  Index Cond: ((id >= 9347881) AND (id <= 9347980))

table 8 : explain SELECT c FROM sbtest8 WHERE id BETWEEN 3040135 AND 3040234
	Index Scan using sbtest8_pkey on sbtest8  (cost=0.43..388.93 rows=101 width=121)
	  Index Cond: ((id >= 3040135) AND (id <= 3040234))

explain: for inserts :: explain INSERT INTO sbtest%u (id, k, c, pad) VALUES (%u, 13, 'foobar', 'foobar')
explain: for inserts :: explain INSERT INTO sbtest%u (id, k, c, pad) VALUES (%u, 13, 'foobar', 'foobar')
explain: for inserts :: explain INSERT INTO sbtest%u (id, k, c, pad) VALUES (%u, 13, 'foobar', 'foobar')
explain: for inserts :: explain INSERT INTO sbtest%u (id, k, c, pad) VALUES (%u, 13, 'foobar', 'foobar')
for point_selects
table 1 : explain SELECT c FROM sbtest1 WHERE id=1161750
	Index Scan using sbtest1_pkey on sbtest1  (cost=0.43..8.45 rows=1 width=121)
	  Index Cond: (id = 1161750)

table 2 : explain SELECT c FROM sbtest2 WHERE id=5689380
	Index Scan using sbtest2_pkey on sbtest2  (cost=0.43..8.45 rows=1 width=121)
	  Index Cond: (id = 5689380)

table 3 : explain SELECT c FROM sbtest3 WHERE id=4536501
	Index Scan using sbtest3_pkey on sbtest3  (cost=0.43..8.45 rows=1 width=121)
	  Index Cond: (id = 4536501)

table 4 : explain SELECT c FROM sbtest4 WHERE id=7718572
	Index Scan using sbtest4_pkey on sbtest4  (cost=0.43..8.45 rows=1 width=121)
	  Index Cond: (id = 7718572)

table 5 : explain SELECT c FROM sbtest5 WHERE id=2292870
	Index Scan using sbtest5_pkey on sbtest5  (cost=0.43..8.45 rows=1 width=121)
	  Index Cond: (id = 2292870)

table 6 : explain SELECT c FROM sbtest6 WHERE id=5582981
	Index Scan using sbtest6_pkey on sbtest6  (cost=0.43..8.45 rows=1 width=121)
	  Index Cond: (id = 5582981)

table 7 : explain SELECT c FROM sbtest7 WHERE id=72866
	Index Scan using sbtest7_pkey on sbtest7  (cost=0.43..8.45 rows=1 width=121)
	  Index Cond: (id = 72866)

table 8 : explain SELECT c FROM sbtest8 WHERE id=3490537
	Index Scan using sbtest8_pkey on sbtest8  (cost=0.43..8.45 rows=1 width=121)
	  Index Cond: (id = 3490537)

for: distinct_ranges
table 1 : explain SELECT DISTINCT c FROM sbtest1 WHERE id BETWEEN 4877571 AND 4877670 ORDER BY c
	Unique  (cost=425.37..425.92 rows=110 width=121)
	  ->  Sort  (cost=425.37..425.65 rows=110 width=121)
	        Sort Key: c
	        ->  Index Scan using sbtest1_pkey on sbtest1  (cost=0.43..421.64 rows=110 width=121)
	              Index Cond: ((id >= 4877571) AND (id <= 4877670))

table 2 : explain SELECT DISTINCT c FROM sbtest2 WHERE id BETWEEN 1025842 AND 1025941 ORDER BY c
	Unique  (cost=399.69..400.20 rows=103 width=121)
	  ->  Sort  (cost=399.69..399.95 rows=103 width=121)
	        Sort Key: c
	        ->  Index Scan using sbtest2_pkey on sbtest2  (cost=0.43..396.25 rows=103 width=121)
	              Index Cond: ((id >= 1025842) AND (id <= 1025941))

table 3 : explain SELECT DISTINCT c FROM sbtest3 WHERE id BETWEEN 436631 AND 436730 ORDER BY c
	Unique  (cost=419.49..420.03 rows=108 width=121)
	  ->  Sort  (cost=419.49..419.76 rows=108 width=121)
	        Sort Key: c
	        ->  Index Scan using sbtest3_pkey on sbtest3  (cost=0.43..415.84 rows=108 width=121)
	              Index Cond: ((id >= 436631) AND (id <= 436730))

table 4 : explain SELECT DISTINCT c FROM sbtest4 WHERE id BETWEEN 6752767 AND 6752866 ORDER BY c
	Unique  (cost=411.12..411.65 rows=106 width=121)
	  ->  Sort  (cost=411.12..411.39 rows=106 width=121)
	        Sort Key: c
	        ->  Index Scan using sbtest4_pkey on sbtest4  (cost=0.43..407.56 rows=106 width=121)
	              Index Cond: ((id >= 6752767) AND (id <= 6752866))

table 5 : explain SELECT DISTINCT c FROM sbtest5 WHERE id BETWEEN 5390918 AND 5391017 ORDER BY c
	Unique  (cost=384.20..384.70 rows=99 width=121)
	  ->  Sort  (cost=384.20..384.45 rows=99 width=121)
	        Sort Key: c
	        ->  Index Scan using sbtest5_pkey on sbtest5  (cost=0.43..380.92 rows=99 width=121)
	              Index Cond: ((id >= 5390918) AND (id <= 5391017))

table 6 : explain SELECT DISTINCT c FROM sbtest6 WHERE id BETWEEN 4801667 AND 4801766 ORDER BY c
	Unique  (cost=342.56..343.00 rows=88 width=121)
	  ->  Sort  (cost=342.56..342.78 rows=88 width=121)
	        Sort Key: c
	        ->  Index Scan using sbtest6_pkey on sbtest6  (cost=0.43..339.72 rows=88 width=121)
	              Index Cond: ((id >= 4801667) AND (id <= 4801766))

table 7 : explain SELECT DISTINCT c FROM sbtest7 WHERE id BETWEEN 3341159 AND 3341258 ORDER BY c
	Unique  (cost=393.72..394.22 rows=101 width=121)
	  ->  Sort  (cost=393.72..393.97 rows=101 width=121)
	        Sort Key: c
	        ->  Index Scan using sbtest7_pkey on sbtest7  (cost=0.43..390.35 rows=101 width=121)
	              Index Cond: ((id >= 3341159) AND (id <= 3341258))

table 8 : explain SELECT DISTINCT c FROM sbtest8 WHERE id BETWEEN 5691514 AND 5691613 ORDER BY c
	Unique  (cost=415.35..415.89 rows=107 width=121)
	  ->  Sort  (cost=415.35..415.62 rows=107 width=121)
	        Sort Key: c
	        ->  Index Scan using sbtest8_pkey on sbtest8  (cost=0.43..411.74 rows=107 width=121)
	              Index Cond: ((id >= 5691514) AND (id <= 5691613))

for: distinct_ranges
table 1 : explain SELECT DISTINCT c FROM sbtest1 WHERE id BETWEEN 2053747 AND 2053846 ORDER BY c
	Unique  (cost=387.07..387.57 rows=100 width=121)
	  ->  Sort  (cost=387.07..387.32 rows=100 width=121)
	        Sort Key: c
	        ->  Index Scan using sbtest1_pkey on sbtest1  (cost=0.43..383.75 rows=100 width=121)
	              Index Cond: ((id >= 2053747) AND (id <= 2053846))

table 2 : explain SELECT DISTINCT c FROM sbtest2 WHERE id BETWEEN 6101097 AND 6101196 ORDER BY c
	Unique  (cost=372.80..373.28 rows=96 width=121)
	  ->  Sort  (cost=372.80..373.04 rows=96 width=121)
	        Sort Key: c
	        ->  Index Scan using sbtest2_pkey on sbtest2  (cost=0.43..369.64 rows=96 width=121)
	              Index Cond: ((id >= 6101097) AND (id <= 6101196))

table 3 : explain SELECT DISTINCT c FROM sbtest3 WHERE id BETWEEN 3446171 AND 3446270 ORDER BY c
	Unique  (cost=381.03..381.52 rows=98 width=121)
	  ->  Sort  (cost=381.03..381.27 rows=98 width=121)
	        Sort Key: c
	        ->  Index Scan using sbtest3_pkey on sbtest3  (cost=0.43..377.78 rows=98 width=121)
	              Index Cond: ((id >= 3446171) AND (id <= 3446270))

table 4 : explain SELECT DISTINCT c FROM sbtest4 WHERE id BETWEEN 9840217 AND 9840316 ORDER BY c
	Unique  (cost=411.12..411.65 rows=106 width=121)
	  ->  Sort  (cost=411.12..411.39 rows=106 width=121)
	        Sort Key: c
	        ->  Index Scan using sbtest4_pkey on sbtest4  (cost=0.43..407.56 rows=106 width=121)
	              Index Cond: ((id >= 9840217) AND (id <= 9840316))

table 5 : explain SELECT DISTINCT c FROM sbtest5 WHERE id BETWEEN 9039973 AND 9040072 ORDER BY c
	Unique  (cost=388.04..388.54 rows=100 width=121)
	  ->  Sort  (cost=388.04..388.29 rows=100 width=121)
	        Sort Key: c
	        ->  Index Scan using sbtest5_pkey on sbtest5  (cost=0.43..384.72 rows=100 width=121)
	              Index Cond: ((id >= 9039973) AND (id <= 9040072))

table 6 : explain SELECT DISTINCT c FROM sbtest6 WHERE id BETWEEN 2636467 AND 2636566 ORDER BY c
	Unique  (cost=373.38..373.86 rows=96 width=121)
	  ->  Sort  (cost=373.38..373.62 rows=96 width=121)
	        Sort Key: c
	        ->  Index Scan using sbtest6_pkey on sbtest6  (cost=0.43..370.22 rows=96 width=121)
	              Index Cond: ((id >= 2636467) AND (id <= 2636566))

table 7 : explain SELECT DISTINCT c FROM sbtest7 WHERE id BETWEEN 5786486 AND 5786585 ORDER BY c
	Unique  (cost=362.80..363.27 rows=93 width=121)
	  ->  Sort  (cost=362.80..363.04 rows=93 width=121)
	        Sort Key: c
	        ->  Index Scan using sbtest7_pkey on sbtest7  (cost=0.43..359.76 rows=93 width=121)
	              Index Cond: ((id >= 5786486) AND (id <= 5786585))

table 8 : explain SELECT DISTINCT c FROM sbtest8 WHERE id BETWEEN 9869155 AND 9869254 ORDER BY c
	Unique  (cost=476.86..477.48 rows=123 width=121)
	  ->  Sort  (cost=476.86..477.17 rows=123 width=121)
	        Sort Key: c
	        ->  Index Scan using sbtest8_pkey on sbtest8  (cost=0.43..472.59 rows=123 width=121)
	              Index Cond: ((id >= 9869155) AND (id <= 9869254))
for non_index_updates
table 1 : explain UPDATE sbtest1 SET c='foobar' WHERE id=7229949
	Update on sbtest1  (cost=0.43..8.45 rows=0 width=0)
	  ->  Index Scan using sbtest1_pkey on sbtest1  (cost=0.43..8.45 rows=1 width=490)
	        Index Cond: (id = 7229949)

table 2 : explain UPDATE sbtest2 SET c='foobar' WHERE id=3744917
	Update on sbtest2  (cost=0.43..8.45 rows=0 width=0)
	  ->  Index Scan using sbtest2_pkey on sbtest2  (cost=0.43..8.45 rows=1 width=490)
	        Index Cond: (id = 3744917)

table 3 : explain UPDATE sbtest3 SET c='foobar' WHERE id=8096533
	Update on sbtest3  (cost=0.43..8.45 rows=0 width=0)
	  ->  Index Scan using sbtest3_pkey on sbtest3  (cost=0.43..8.45 rows=1 width=490)
	        Index Cond: (id = 8096533)

table 4 : explain UPDATE sbtest4 SET c='foobar' WHERE id=4767208
	Update on sbtest4  (cost=0.43..8.45 rows=0 width=0)
	  ->  Index Scan using sbtest4_pkey on sbtest4  (cost=0.43..8.45 rows=1 width=490)
	        Index Cond: (id = 4767208)

table 5 : explain UPDATE sbtest5 SET c='foobar' WHERE id=9964919
	Update on sbtest5  (cost=0.43..8.45 rows=0 width=0)
	  ->  Index Scan using sbtest5_pkey on sbtest5  (cost=0.43..8.45 rows=1 width=490)
	        Index Cond: (id = 9964919)

table 6 : explain UPDATE sbtest6 SET c='foobar' WHERE id=3204707
	Update on sbtest6  (cost=0.43..8.45 rows=0 width=0)
	  ->  Index Scan using sbtest6_pkey on sbtest6  (cost=0.43..8.45 rows=1 width=490)
	        Index Cond: (id = 3204707)

table 7 : explain UPDATE sbtest7 SET c='foobar' WHERE id=7411053
	Update on sbtest7  (cost=0.43..8.45 rows=0 width=0)
	  ->  Index Scan using sbtest7_pkey on sbtest7  (cost=0.43..8.45 rows=1 width=490)
	        Index Cond: (id = 7411053)

table 8 : explain UPDATE sbtest8 SET c='foobar' WHERE id=7327773
	Update on sbtest8  (cost=0.43..8.45 rows=0 width=0)
	  ->  Index Scan using sbtest8_pkey on sbtest8  (cost=0.43..8.45 rows=1 width=490)
	        Index Cond: (id = 7327773)


for: simple_ranges
table 1 : explain SELECT c FROM sbtest1 WHERE id BETWEEN 1479406 AND 1479505
	Index Scan using sbtest1_pkey on sbtest1  (cost=0.43..372.38 rows=97 width=121)
	  Index Cond: ((id >= 1479406) AND (id <= 1479505))

table 2 : explain SELECT c FROM sbtest2 WHERE id BETWEEN 4788668 AND 4788767
	Index Scan using sbtest2_pkey on sbtest2  (cost=0.43..400.05 rows=104 width=121)
	  Index Cond: ((id >= 4788668) AND (id <= 4788767))

table 3 : explain SELECT c FROM sbtest3 WHERE id BETWEEN 7098758 AND 7098857
	Index Scan using sbtest3_pkey on sbtest3  (cost=0.43..381.59 rows=99 width=121)
	  Index Cond: ((id >= 7098758) AND (id <= 7098857))

table 4 : explain SELECT c FROM sbtest4 WHERE id BETWEEN 7236211 AND 7236310
	Index Scan using sbtest4_pkey on sbtest4  (cost=0.43..384.76 rows=100 width=121)
	  Index Cond: ((id >= 7236211) AND (id <= 7236310))

table 5 : explain SELECT c FROM sbtest5 WHERE id BETWEEN 3164839 AND 3164938
	Index Scan using sbtest5_pkey on sbtest5  (cost=0.43..354.28 rows=92 width=121)
	  Index Cond: ((id >= 3164839) AND (id <= 3164938))

table 6 : explain SELECT c FROM sbtest6 WHERE id BETWEEN 274772 AND 274871
	Index Scan using sbtest6_pkey on sbtest6  (cost=0.43..377.83 rows=98 width=121)
	  Index Cond: ((id >= 274772) AND (id <= 274871))

table 7 : explain SELECT c FROM sbtest7 WHERE id BETWEEN 404029 AND 404128
	Index Scan using sbtest7_pkey on sbtest7  (cost=0.43..386.54 rows=100 width=121)
	  Index Cond: ((id >= 404029) AND (id <= 404128))

table 8 : explain SELECT c FROM sbtest8 WHERE id BETWEEN 9001149 AND 9001248
	Index Scan using sbtest8_pkey on sbtest8  (cost=0.43..369.91 rows=96 width=121)
	  Index Cond: ((id >= 9001149) AND (id <= 9001248))

for non_index_updates
table 1 : explain UPDATE sbtest1 SET c='foobar' WHERE id=3528652
	Update on sbtest1  (cost=0.43..8.45 rows=0 width=0)
	  ->  Index Scan using sbtest1_pkey on sbtest1  (cost=0.43..8.45 rows=1 width=490)
	        Index Cond: (id = 3528652)

table 2 : explain UPDATE sbtest2 SET c='foobar' WHERE id=5251040
	Update on sbtest2  (cost=0.43..8.45 rows=0 width=0)
	  ->  Index Scan using sbtest2_pkey on sbtest2  (cost=0.43..8.45 rows=1 width=490)
	        Index Cond: (id = 5251040)

table 3 : explain UPDATE sbtest3 SET c='foobar' WHERE id=1933472
	Update on sbtest3  (cost=0.43..8.45 rows=0 width=0)
	  ->  Index Scan using sbtest3_pkey on sbtest3  (cost=0.43..8.45 rows=1 width=490)
	        Index Cond: (id = 1933472)

table 4 : explain UPDATE sbtest4 SET c='foobar' WHERE id=4870639
	Update on sbtest4  (cost=0.43..8.45 rows=0 width=0)
	  ->  Index Scan using sbtest4_pkey on sbtest4  (cost=0.43..8.45 rows=1 width=490)
	        Index Cond: (id = 4870639)

table 5 : explain UPDATE sbtest5 SET c='foobar' WHERE id=7720441
	Update on sbtest5  (cost=0.43..8.45 rows=0 width=0)
	  ->  Index Scan using sbtest5_pkey on sbtest5  (cost=0.43..8.45 rows=1 width=490)
	        Index Cond: (id = 7720441)

table 6 : explain UPDATE sbtest6 SET c='foobar' WHERE id=5685325
	Update on sbtest6  (cost=0.43..8.45 rows=0 width=0)
	  ->  Index Scan using sbtest6_pkey on sbtest6  (cost=0.43..8.45 rows=1 width=490)
	        Index Cond: (id = 5685325)

table 7 : explain UPDATE sbtest7 SET c='foobar' WHERE id=784906
	Update on sbtest7  (cost=0.43..8.45 rows=0 width=0)
	  ->  Index Scan using sbtest7_pkey on sbtest7  (cost=0.43..8.45 rows=1 width=490)
	        Index Cond: (id = 784906)

table 8 : explain UPDATE sbtest8 SET c='foobar' WHERE id=9765583
	Update on sbtest8  (cost=0.43..8.45 rows=0 width=0)
	  ->  Index Scan using sbtest8_pkey on sbtest8  (cost=0.43..8.45 rows=1 width=490)
	        Index Cond: (id = 9765583)

for: simple_ranges
table 1 : explain SELECT c FROM sbtest1 WHERE id BETWEEN 3068701 AND 3068800
	Index Scan using sbtest1_pkey on sbtest1  (cost=0.43..406.48 rows=106 width=121)
	  Index Cond: ((id >= 3068701) AND (id <= 3068800))

table 2 : explain SELECT c FROM sbtest2 WHERE id BETWEEN 2043775 AND 2043874
	Index Scan using sbtest2_pkey on sbtest2  (cost=0.43..388.64 rows=101 width=121)
	  Index Cond: ((id >= 2043775) AND (id <= 2043874))

table 3 : explain SELECT c FROM sbtest3 WHERE id BETWEEN 4234790 AND 4234889
	Index Scan using sbtest3_pkey on sbtest3  (cost=0.43..396.81 rows=103 width=121)
	  Index Cond: ((id >= 4234790) AND (id <= 4234889))

table 4 : explain SELECT c FROM sbtest4 WHERE id BETWEEN 3555281 AND 3555380
	Index Scan using sbtest4_pkey on sbtest4  (cost=0.43..407.56 rows=106 width=121)
	  Index Cond: ((id >= 3555281) AND (id <= 3555380))

table 5 : explain SELECT c FROM sbtest5 WHERE id BETWEEN 6385143 AND 6385242
	Index Scan using sbtest5_pkey on sbtest5  (cost=0.43..403.72 rows=105 width=121)
	  Index Cond: ((id >= 6385143) AND (id <= 6385242))

table 6 : explain SELECT c FROM sbtest6 WHERE id BETWEEN 9888943 AND 9889042
	Index Scan using sbtest6_pkey on sbtest6  (cost=0.43..377.83 rows=98 width=121)
	  Index Cond: ((id >= 9888943) AND (id <= 9889042))

table 7 : explain SELECT c FROM sbtest7 WHERE id BETWEEN 6987513 AND 6987612
	Index Scan using sbtest7_pkey on sbtest7  (cost=0.43..397.99 rows=103 width=121)
	  Index Cond: ((id >= 6987513) AND (id <= 6987612))

table 8 : explain SELECT c FROM sbtest8 WHERE id BETWEEN 1194885 AND 1194984
	Index Scan using sbtest8_pkey on sbtest8  (cost=0.43..350.84 rows=91 width=121)
	  Index Cond: ((id >= 1194885) AND (id <= 1194984))

for inserts
table 1 : explain INSERT INTO sbtest1 (id, k, c, pad) VALUES (6771622, 13, 'foobar', 'foobar')
	Insert on sbtest1  (cost=0.00..0.01 rows=0 width=0)
	  ->  Result  (cost=0.00..0.01 rows=1 width=736)

table 2 : explain INSERT INTO sbtest2 (id, k, c, pad) VALUES (8579201, 13, 'foobar', 'foobar')
	Insert on sbtest2  (cost=0.00..0.01 rows=0 width=0)
	  ->  Result  (cost=0.00..0.01 rows=1 width=736)

table 3 : explain INSERT INTO sbtest3 (id, k, c, pad) VALUES (1439107, 13, 'foobar', 'foobar')
	Insert on sbtest3  (cost=0.00..0.01 rows=0 width=0)
	  ->  Result  (cost=0.00..0.01 rows=1 width=736)

table 4 : explain INSERT INTO sbtest4 (id, k, c, pad) VALUES (9357016, 13, 'foobar', 'foobar')
	Insert on sbtest4  (cost=0.00..0.01 rows=0 width=0)
	  ->  Result  (cost=0.00..0.01 rows=1 width=736)

table 5 : explain INSERT INTO sbtest5 (id, k, c, pad) VALUES (9583597, 13, 'foobar', 'foobar')
	Insert on sbtest5  (cost=0.00..0.01 rows=0 width=0)
	  ->  Result  (cost=0.00..0.01 rows=1 width=736)

table 6 : explain INSERT INTO sbtest6 (id, k, c, pad) VALUES (3753292, 13, 'foobar', 'foobar')
	Insert on sbtest6  (cost=0.00..0.01 rows=0 width=0)
	  ->  Result  (cost=0.00..0.01 rows=1 width=736)

table 7 : explain INSERT INTO sbtest7 (id, k, c, pad) VALUES (4073345, 13, 'foobar', 'foobar')
	Insert on sbtest7  (cost=0.00..0.01 rows=0 width=0)
	  ->  Result  (cost=0.00..0.01 rows=1 width=736)

table 8 : explain INSERT INTO sbtest8 (id, k, c, pad) VALUES (8130199, 13, 'foobar', 'foobar')
	Insert on sbtest8  (cost=0.00..0.01 rows=0 width=0)
	  ->  Result  (cost=0.00..0.01 rows=1 width=736)
for inserts
table 1 : explain INSERT INTO sbtest1 (id, k, c, pad) VALUES (8369019, 13, 'foobar', 'foobar')
	Insert on sbtest1  (cost=0.00..0.01 rows=0 width=0)
	  ->  Result  (cost=0.00..0.01 rows=1 width=736)

table 2 : explain INSERT INTO sbtest2 (id, k, c, pad) VALUES (8956104, 13, 'foobar', 'foobar')
	Insert on sbtest2  (cost=0.00..0.01 rows=0 width=0)
	  ->  Result  (cost=0.00..0.01 rows=1 width=736)

table 3 : explain INSERT INTO sbtest3 (id, k, c, pad) VALUES (386103, 13, 'foobar', 'foobar')
	Insert on sbtest3  (cost=0.00..0.01 rows=0 width=0)
	  ->  Result  (cost=0.00..0.01 rows=1 width=736)

table 4 : explain INSERT INTO sbtest4 (id, k, c, pad) VALUES (2145283, 13, 'foobar', 'foobar')
	Insert on sbtest4  (cost=0.00..0.01 rows=0 width=0)
	  ->  Result  (cost=0.00..0.01 rows=1 width=736)

table 5 : explain INSERT INTO sbtest5 (id, k, c, pad) VALUES (8252200, 13, 'foobar', 'foobar')
	Insert on sbtest5  (cost=0.00..0.01 rows=0 width=0)
	  ->  Result  (cost=0.00..0.01 rows=1 width=736)

table 6 : explain INSERT INTO sbtest6 (id, k, c, pad) VALUES (9157911, 13, 'foobar', 'foobar')
	Insert on sbtest6  (cost=0.00..0.01 rows=0 width=0)
	  ->  Result  (cost=0.00..0.01 rows=1 width=736)

table 7 : explain INSERT INTO sbtest7 (id, k, c, pad) VALUES (7938590, 13, 'foobar', 'foobar')
	Insert on sbtest7  (cost=0.00..0.01 rows=0 width=0)
	  ->  Result  (cost=0.00..0.01 rows=1 width=736)

table 8 : explain INSERT INTO sbtest8 (id, k, c, pad) VALUES (9444394, 13, 'foobar', 'foobar')
	Insert on sbtest8  (cost=0.00..0.01 rows=0 width=0)
	  ->  Result  (cost=0.00..0.01 rows=1 width=736)


for inserts
table 1 : explain INSERT INTO sbtest1 (id, k, c, pad) VALUES (7524757, 13, 'foobar', 'foobar')
	Insert on sbtest1  (cost=0.00..0.01 rows=0 width=0)
	  ->  Result  (cost=0.00..0.01 rows=1 width=736)

table 2 : explain INSERT INTO sbtest2 (id, k, c, pad) VALUES (615728, 13, 'foobar', 'foobar')
	Insert on sbtest2  (cost=0.00..0.01 rows=0 width=0)
	  ->  Result  (cost=0.00..0.01 rows=1 width=736)

table 3 : explain INSERT INTO sbtest3 (id, k, c, pad) VALUES (6490068, 13, 'foobar', 'foobar')
	Insert on sbtest3  (cost=0.00..0.01 rows=0 width=0)
	  ->  Result  (cost=0.00..0.01 rows=1 width=736)

table 4 : explain INSERT INTO sbtest4 (id, k, c, pad) VALUES (7227418, 13, 'foobar', 'foobar')
	Insert on sbtest4  (cost=0.00..0.01 rows=0 width=0)
	  ->  Result  (cost=0.00..0.01 rows=1 width=736)

table 5 : explain INSERT INTO sbtest5 (id, k, c, pad) VALUES (2422947, 13, 'foobar', 'foobar')
	Insert on sbtest5  (cost=0.00..0.01 rows=0 width=0)
	  ->  Result  (cost=0.00..0.01 rows=1 width=736)

table 6 : explain INSERT INTO sbtest6 (id, k, c, pad) VALUES (1817647, 13, 'foobar', 'foobar')
	Insert on sbtest6  (cost=0.00..0.01 rows=0 width=0)
	  ->  Result  (cost=0.00..0.01 rows=1 width=736)

table 7 : explain INSERT INTO sbtest7 (id, k, c, pad) VALUES (2084686, 13, 'foobar', 'foobar')
	Insert on sbtest7  (cost=0.00..0.01 rows=0 width=0)
	  ->  Result  (cost=0.00..0.01 rows=1 width=736)

table 8 : explain INSERT INTO sbtest8 (id, k, c, pad) VALUES (8434102, 13, 'foobar', 'foobar')
	Insert on sbtest8  (cost=0.00..0.01 rows=0 width=0)
	  ->  Result  (cost=0.00..0.01 rows=1 width=736)

explain: for deletes :: explain DELETE FROM sbtest%u WHERE id=%u
explain: for deletes :: explain DELETE FROM sbtest%u WHERE id=%u
explain: for index_updates :: explain UPDATE sbtest%u SET k=k+1 WHERE id=%u
for: simple_ranges
table 1 : explain SELECT c FROM sbtest1 WHERE id BETWEEN 2089488 AND 2089587
	Index Scan using sbtest1_pkey on sbtest1  (cost=0.43..395.12 rows=103 width=121)
	  Index Cond: ((id >= 2089488) AND (id <= 2089587))

table 2 : explain SELECT c FROM sbtest2 WHERE id BETWEEN 1940695 AND 1940794
	Index Scan using sbtest2_pkey on sbtest2  (cost=0.43..369.64 rows=96 width=121)
	  Index Cond: ((id >= 1940695) AND (id <= 1940794))

table 3 : explain SELECT c FROM sbtest3 WHERE id BETWEEN 8199090 AND 8199189
	Index Scan using sbtest3_pkey on sbtest3  (cost=0.43..389.20 rows=101 width=121)
	  Index Cond: ((id >= 8199090) AND (id <= 8199189))

table 4 : explain SELECT c FROM sbtest4 WHERE id BETWEEN 4548405 AND 4548504
	Index Scan using sbtest4_pkey on sbtest4  (cost=0.43..377.16 rows=98 width=121)
	  Index Cond: ((id >= 4548405) AND (id <= 4548504))

table 5 : explain SELECT c FROM sbtest5 WHERE id BETWEEN 6468218 AND 6468317
	Index Scan using sbtest5_pkey on sbtest5  (cost=0.43..403.72 rows=105 width=121)
	  Index Cond: ((id >= 6468218) AND (id <= 6468317))

table 6 : explain SELECT c FROM sbtest6 WHERE id BETWEEN 9696604 AND 9696703
	Index Scan using sbtest6_pkey on sbtest6  (cost=0.43..408.28 rows=106 width=121)
	  Index Cond: ((id >= 9696604) AND (id <= 9696703))

table 7 : explain SELECT c FROM sbtest7 WHERE id BETWEEN 2716690 AND 2716789
	Index Scan using sbtest7_pkey on sbtest7  (cost=0.43..348.31 rows=90 width=121)
	  Index Cond: ((id >= 2716690) AND (id <= 2716789))

table 8 : explain SELECT c FROM sbtest8 WHERE id BETWEEN 5576376 AND 5576475
	Index Scan using sbtest8_pkey on sbtest8  (cost=0.43..381.32 rows=99 width=121)
	  Index Cond: ((id >= 5576376) AND (id <= 5576475))

for inserts
table 1 : explain INSERT INTO sbtest1 (id, k, c, pad) VALUES (9605017, 13, 'foobar', 'foobar')
	Insert on sbtest1  (cost=0.00..0.01 rows=0 width=0)
	  ->  Result  (cost=0.00..0.01 rows=1 width=736)

table 2 : explain INSERT INTO sbtest2 (id, k, c, pad) VALUES (5785348, 13, 'foobar', 'foobar')
	Insert on sbtest2  (cost=0.00..0.01 rows=0 width=0)
	  ->  Result  (cost=0.00..0.01 rows=1 width=736)

table 3 : explain INSERT INTO sbtest3 (id, k, c, pad) VALUES (9707708, 13, 'foobar', 'foobar')
	Insert on sbtest3  (cost=0.00..0.01 rows=0 width=0)
	  ->  Result  (cost=0.00..0.01 rows=1 width=736)

table 4 : explain INSERT INTO sbtest4 (id, k, c, pad) VALUES (2161257, 13, 'foobar', 'foobar')
	Insert on sbtest4  (cost=0.00..0.01 rows=0 width=0)
	  ->  Result  (cost=0.00..0.01 rows=1 width=736)

table 5 : explain INSERT INTO sbtest5 (id, k, c, pad) VALUES (8726540, 13, 'foobar', 'foobar')
	Insert on sbtest5  (cost=0.00..0.01 rows=0 width=0)
	  ->  Result  (cost=0.00..0.01 rows=1 width=736)

table 6 : explain INSERT INTO sbtest6 (id, k, c, pad) VALUES (2379097, 13, 'foobar', 'foobar')
	Insert on sbtest6  (cost=0.00..0.01 rows=0 width=0)
	  ->  Result  (cost=0.00..0.01 rows=1 width=736)

table 7 : explain INSERT INTO sbtest7 (id, k, c, pad) VALUES (828526, 13, 'foobar', 'foobar')
	Insert on sbtest7  (cost=0.00..0.01 rows=0 width=0)
	  ->  Result  (cost=0.00..0.01 rows=1 width=736)

table 8 : explain INSERT INTO sbtest8 (id, k, c, pad) VALUES (6245887, 13, 'foobar', 'foobar')
	Insert on sbtest8  (cost=0.00..0.01 rows=0 width=0)
	  ->  Result  (cost=0.00..0.01 rows=1 width=736)

for deletes
table 1 : explain DELETE FROM sbtest1 WHERE id=2800611
	Delete on sbtest1  (cost=0.43..8.45 rows=0 width=0)
	  ->  Index Scan using sbtest1_pkey on sbtest1  (cost=0.43..8.45 rows=1 width=6)
	        Index Cond: (id = 2800611)

table 2 : explain DELETE FROM sbtest2 WHERE id=9570262
	Delete on sbtest2  (cost=0.43..8.45 rows=0 width=0)
	  ->  Index Scan using sbtest2_pkey on sbtest2  (cost=0.43..8.45 rows=1 width=6)
	        Index Cond: (id = 9570262)

table 3 : explain DELETE FROM sbtest3 WHERE id=4284967
	Delete on sbtest3  (cost=0.43..8.45 rows=0 width=0)
	  ->  Index Scan using sbtest3_pkey on sbtest3  (cost=0.43..8.45 rows=1 width=6)
	        Index Cond: (id = 4284967)

table 4 : explain DELETE FROM sbtest4 WHERE id=8408941
	Delete on sbtest4  (cost=0.43..8.45 rows=0 width=0)
	  ->  Index Scan using sbtest4_pkey on sbtest4  (cost=0.43..8.45 rows=1 width=6)
	        Index Cond: (id = 8408941)

table 5 : explain DELETE FROM sbtest5 WHERE id=6444715
	Delete on sbtest5  (cost=0.43..8.45 rows=0 width=0)
	  ->  Index Scan using sbtest5_pkey on sbtest5  (cost=0.43..8.45 rows=1 width=6)
	        Index Cond: (id = 6444715)

table 6 : explain DELETE FROM sbtest6 WHERE id=4675345
	Delete on sbtest6  (cost=0.43..8.45 rows=0 width=0)
	  ->  Index Scan using sbtest6_pkey on sbtest6  (cost=0.43..8.45 rows=1 width=6)
	        Index Cond: (id = 4675345)

table 7 : explain DELETE FROM sbtest7 WHERE id=9490723
	Delete on sbtest7  (cost=0.43..8.45 rows=0 width=0)
	  ->  Index Scan using sbtest7_pkey on sbtest7  (cost=0.43..8.45 rows=1 width=6)
	        Index Cond: (id = 9490723)

table 8 : explain DELETE FROM sbtest8 WHERE id=7426809
	Delete on sbtest8  (cost=0.43..8.45 rows=0 width=0)
	  ->  Index Scan using sbtest8_pkey on sbtest8  (cost=0.43..8.45 rows=1 width=6)
	        Index Cond: (id = 7426809)

for deletes
table 1 : explain DELETE FROM sbtest1 WHERE id=345251
	Delete on sbtest1  (cost=0.43..8.45 rows=0 width=0)
	  ->  Index Scan using sbtest1_pkey on sbtest1  (cost=0.43..8.45 rows=1 width=6)
	        Index Cond: (id = 345251)

table 2 : explain DELETE FROM sbtest2 WHERE id=4192260
	Delete on sbtest2  (cost=0.43..8.45 rows=0 width=0)
	  ->  Index Scan using sbtest2_pkey on sbtest2  (cost=0.43..8.45 rows=1 width=6)
	        Index Cond: (id = 4192260)

table 3 : explain DELETE FROM sbtest3 WHERE id=8799340
	Delete on sbtest3  (cost=0.43..8.45 rows=0 width=0)
	  ->  Index Scan using sbtest3_pkey on sbtest3  (cost=0.43..8.45 rows=1 width=6)
	        Index Cond: (id = 8799340)

table 4 : explain DELETE FROM sbtest4 WHERE id=7890653
	Delete on sbtest4  (cost=0.43..8.45 rows=0 width=0)
	  ->  Index Scan using sbtest4_pkey on sbtest4  (cost=0.43..8.45 rows=1 width=6)
	        Index Cond: (id = 7890653)

table 5 : explain DELETE FROM sbtest5 WHERE id=9502434
	Delete on sbtest5  (cost=0.43..8.45 rows=0 width=0)
	  ->  Index Scan using sbtest5_pkey on sbtest5  (cost=0.43..8.45 rows=1 width=6)
	        Index Cond: (id = 9502434)

table 6 : explain DELETE FROM sbtest6 WHERE id=5866313
	Delete on sbtest6  (cost=0.43..8.45 rows=0 width=0)
	  ->  Index Scan using sbtest6_pkey on sbtest6  (cost=0.43..8.45 rows=1 width=6)
	        Index Cond: (id = 5866313)

table 7 : explain DELETE FROM sbtest7 WHERE id=3478453
	Delete on sbtest7  (cost=0.43..8.45 rows=0 width=0)
	  ->  Index Scan using sbtest7_pkey on sbtest7  (cost=0.43..8.45 rows=1 width=6)
	        Index Cond: (id = 3478453)

table 8 : explain DELETE FROM sbtest8 WHERE id=4690806
	Delete on sbtest8  (cost=0.43..8.45 rows=0 width=0)
	  ->  Index Scan using sbtest8_pkey on sbtest8  (cost=0.43..8.45 rows=1 width=6)
	        Index Cond: (id = 4690806)

for: simple_ranges
table 1 : explain SELECT c FROM sbtest1 WHERE id BETWEEN 5920605 AND 5920704
	Index Scan using sbtest1_pkey on sbtest1  (cost=0.43..402.69 rows=105 width=121)
	  Index Cond: ((id >= 5920605) AND (id <= 5920704))

table 2 : explain SELECT c FROM sbtest2 WHERE id BETWEEN 3718424 AND 3718523
	Index Scan using sbtest2_pkey on sbtest2  (cost=0.43..354.39 rows=92 width=121)
	  Index Cond: ((id >= 3718424) AND (id <= 3718523))

table 3 : explain SELECT c FROM sbtest3 WHERE id BETWEEN 158226 AND 158325
	Index Scan using sbtest3_pkey on sbtest3  (cost=0.43..408.23 rows=106 width=121)
	  Index Cond: ((id >= 158226) AND (id <= 158325))

table 4 : explain SELECT c FROM sbtest4 WHERE id BETWEEN 1240353 AND 1240452
	Index Scan using sbtest4_pkey on sbtest4  (cost=0.43..403.76 rows=105 width=121)
	  Index Cond: ((id >= 1240353) AND (id <= 1240452))

table 5 : explain SELECT c FROM sbtest5 WHERE id BETWEEN 4853547 AND 4853646
	Index Scan using sbtest5_pkey on sbtest5  (cost=0.43..369.53 rows=96 width=121)
	  Index Cond: ((id >= 4853547) AND (id <= 4853646))

table 6 : explain SELECT c FROM sbtest6 WHERE id BETWEEN 2184719 AND 2184818
	Index Scan using sbtest6_pkey on sbtest6  (cost=0.43..393.06 rows=102 width=121)
	  Index Cond: ((id >= 2184719) AND (id <= 2184818))

table 7 : explain SELECT c FROM sbtest7 WHERE id BETWEEN 1638243 AND 1638342
	Index Scan using sbtest7_pkey on sbtest7  (cost=0.43..382.72 rows=99 width=121)
	  Index Cond: ((id >= 1638243) AND (id <= 1638342))

table 8 : explain SELECT c FROM sbtest8 WHERE id BETWEEN 5803875 AND 5803974
	Index Scan using sbtest8_pkey on sbtest8  (cost=0.43..331.82 rows=86 width=121)
	  Index Cond: ((id >= 5803875) AND (id <= 5803974))

explain: for index_updates :: explain UPDATE sbtest%u SET k=k+1 WHERE id=%u
for: simple_ranges
table 1 : explain SELECT c FROM sbtest1 WHERE id BETWEEN 7438331 AND 7438430
	Index Scan using sbtest1_pkey on sbtest1  (cost=0.43..376.17 rows=98 width=121)
	  Index Cond: ((id >= 7438331) AND (id <= 7438430))

table 2 : explain SELECT c FROM sbtest2 WHERE id BETWEEN 9817227 AND 9817326
	Index Scan using sbtest2_pkey on sbtest2  (cost=0.43..381.04 rows=99 width=121)
	  Index Cond: ((id >= 9817227) AND (id <= 9817326))

table 3 : explain SELECT c FROM sbtest3 WHERE id BETWEEN 1851033 AND 1851132
	Index Scan using sbtest3_pkey on sbtest3  (cost=0.43..393.01 rows=102 width=121)
	  Index Cond: ((id >= 1851033) AND (id <= 1851132))

table 4 : explain SELECT c FROM sbtest4 WHERE id BETWEEN 442002 AND 442101
	Index Scan using sbtest4_pkey on sbtest4  (cost=0.43..365.77 rows=95 width=121)
	  Index Cond: ((id >= 442002) AND (id <= 442101))

table 5 : explain SELECT c FROM sbtest5 WHERE id BETWEEN 7434611 AND 7434710
	Index Scan using sbtest5_pkey on sbtest5  (cost=0.43..350.48 rows=91 width=121)
	  Index Cond: ((id >= 7434611) AND (id <= 7434710))

table 6 : explain SELECT c FROM sbtest6 WHERE id BETWEEN 2385389 AND 2385488
	Index Scan using sbtest6_pkey on sbtest6  (cost=0.43..408.28 rows=106 width=121)
	  Index Cond: ((id >= 2385389) AND (id <= 2385488))

table 7 : explain SELECT c FROM sbtest7 WHERE id BETWEEN 1979225 AND 1979324
	Index Scan using sbtest7_pkey on sbtest7  (cost=0.43..363.58 rows=94 width=121)
	  Index Cond: ((id >= 1979225) AND (id <= 1979324))

table 8 : explain SELECT c FROM sbtest8 WHERE id BETWEEN 4173293 AND 4173392
	Index Scan using sbtest8_pkey on sbtest8  (cost=0.43..385.12 rows=100 width=121)
	  Index Cond: ((id >= 4173293) AND (id <= 4173392))

for: simple_ranges
table 1 : explain SELECT c FROM sbtest1 WHERE id BETWEEN 7299447 AND 7299546
	Index Scan using sbtest1_pkey on sbtest1  (cost=0.43..383.75 rows=100 width=121)
	  Index Cond: ((id >= 7299447) AND (id <= 7299546))

table 2 : explain SELECT c FROM sbtest2 WHERE id BETWEEN 8801283 AND 8801382
	Index Scan using sbtest2_pkey on sbtest2  (cost=0.43..354.39 rows=92 width=121)
	  Index Cond: ((id >= 8801283) AND (id <= 8801382))

table 3 : explain SELECT c FROM sbtest3 WHERE id BETWEEN 7885724 AND 7885823
	Index Scan using sbtest3_pkey on sbtest3  (cost=0.43..419.65 rows=109 width=121)
	  Index Cond: ((id >= 7885724) AND (id <= 7885823))

table 4 : explain SELECT c FROM sbtest4 WHERE id BETWEEN 869980 AND 870079
	Index Scan using sbtest4_pkey on sbtest4  (cost=0.43..411.36 rows=107 width=121)
	  Index Cond: ((id >= 869980) AND (id <= 870079))

table 5 : explain SELECT c FROM sbtest5 WHERE id BETWEEN 8020649 AND 8020748
	Index Scan using sbtest5_pkey on sbtest5  (cost=0.43..392.32 rows=102 width=121)
	  Index Cond: ((id >= 8020649) AND (id <= 8020748))

table 6 : explain SELECT c FROM sbtest6 WHERE id BETWEEN 1794654 AND 1794753
	Index Scan using sbtest6_pkey on sbtest6  (cost=0.43..385.45 rows=100 width=121)
	  Index Cond: ((id >= 1794654) AND (id <= 1794753))

table 7 : explain SELECT c FROM sbtest7 WHERE id BETWEEN 1459239 AND 1459338
	Index Scan using sbtest7_pkey on sbtest7  (cost=0.43..375.08 rows=97 width=121)
	  Index Cond: ((id >= 1459239) AND (id <= 1459338))

table 8 : explain SELECT c FROM sbtest8 WHERE id BETWEEN 6291361 AND 6291460
	Index Scan using sbtest8_pkey on sbtest8  (cost=0.43..366.11 rows=95 width=121)
	  Index Cond: ((id >= 6291361) AND (id <= 6291460))

explain: for inserts :: explain INSERT INTO sbtest%u (id, k, c, pad) VALUES (%u, 13, 'foobar', 'foobar')
for index_updates
table 1 : explain UPDATE sbtest1 SET k=k+1 WHERE id=3094771
	Update on sbtest1  (cost=0.43..8.46 rows=0 width=0)
	  ->  Index Scan using sbtest1_pkey on sbtest1  (cost=0.43..8.46 rows=1 width=10)
	        Index Cond: (id = 3094771)

table 2 : explain UPDATE sbtest2 SET k=k+1 WHERE id=9271621
	Update on sbtest2  (cost=0.43..8.46 rows=0 width=0)
	  ->  Index Scan using sbtest2_pkey on sbtest2  (cost=0.43..8.46 rows=1 width=10)
	        Index Cond: (id = 9271621)

table 3 : explain UPDATE sbtest3 SET k=k+1 WHERE id=5132190
	Update on sbtest3  (cost=0.43..8.46 rows=0 width=0)
	  ->  Index Scan using sbtest3_pkey on sbtest3  (cost=0.43..8.46 rows=1 width=10)
	        Index Cond: (id = 5132190)

table 4 : explain UPDATE sbtest4 SET k=k+1 WHERE id=6865724
	Update on sbtest4  (cost=0.43..8.46 rows=0 width=0)
	  ->  Index Scan using sbtest4_pkey on sbtest4  (cost=0.43..8.46 rows=1 width=10)
	        Index Cond: (id = 6865724)

table 5 : explain UPDATE sbtest5 SET k=k+1 WHERE id=2334473
	Update on sbtest5  (cost=0.43..8.46 rows=0 width=0)
	  ->  Index Scan using sbtest5_pkey on sbtest5  (cost=0.43..8.46 rows=1 width=10)
	        Index Cond: (id = 2334473)

table 6 : explain UPDATE sbtest6 SET k=k+1 WHERE id=8931272
	Update on sbtest6  (cost=0.43..8.46 rows=0 width=0)
	  ->  Index Scan using sbtest6_pkey on sbtest6  (cost=0.43..8.46 rows=1 width=10)
	        Index Cond: (id = 8931272)

table 7 : explain UPDATE sbtest7 SET k=k+1 WHERE id=1589687
	Update on sbtest7  (cost=0.43..8.46 rows=0 width=0)
	  ->  Index Scan using sbtest7_pkey on sbtest7  (cost=0.43..8.46 rows=1 width=10)
	        Index Cond: (id = 1589687)

table 8 : explain UPDATE sbtest8 SET k=k+1 WHERE id=8302059
	Update on sbtest8  (cost=0.43..8.46 rows=0 width=0)
	  ->  Index Scan using sbtest8_pkey on sbtest8  (cost=0.43..8.46 rows=1 width=10)
	        Index Cond: (id = 8302059)

for: sum_ranges
table 1 : explain SELECT SUM(k) FROM sbtest1 WHERE id BETWEEN 3568882 AND 3568981
	Aggregate  (cost=349.82..349.83 rows=1 width=8)
	  ->  Index Scan using sbtest1_pkey on sbtest1  (cost=0.43..349.59 rows=91 width=4)
	        Index Cond: ((id >= 3568882) AND (id <= 3568981))

table 2 : explain SELECT SUM(k) FROM sbtest2 WHERE id BETWEEN 6117769 AND 6117868
	Aggregate  (cost=369.88..369.89 rows=1 width=8)
	  ->  Index Scan using sbtest2_pkey on sbtest2  (cost=0.43..369.64 rows=96 width=4)
	        Index Cond: ((id >= 6117769) AND (id <= 6117868))

table 3 : explain SELECT SUM(k) FROM sbtest3 WHERE id BETWEEN 4858214 AND 4858313
	Aggregate  (cost=358.93..358.94 rows=1 width=8)
	  ->  Index Scan using sbtest3_pkey on sbtest3  (cost=0.43..358.70 rows=93 width=4)
	        Index Cond: ((id >= 4858214) AND (id <= 4858313))

table 4 : explain SELECT SUM(k) FROM sbtest4 WHERE id BETWEEN 8017615 AND 8017714
	Aggregate  (cost=377.41..377.42 rows=1 width=8)
	  ->  Index Scan using sbtest4_pkey on sbtest4  (cost=0.43..377.16 rows=98 width=4)
	        Index Cond: ((id >= 8017615) AND (id <= 8017714))

table 5 : explain SELECT SUM(k) FROM sbtest5 WHERE id BETWEEN 7565424 AND 7565523
	Aggregate  (cost=377.37..377.38 rows=1 width=8)
	  ->  Index Scan using sbtest5_pkey on sbtest5  (cost=0.43..377.12 rows=98 width=4)
	        Index Cond: ((id >= 7565424) AND (id <= 7565523))

table 6 : explain SELECT SUM(k) FROM sbtest6 WHERE id BETWEEN 635449 AND 635548
	Aggregate  (cost=385.70..385.71 rows=1 width=8)
	  ->  Index Scan using sbtest6_pkey on sbtest6  (cost=0.43..385.45 rows=100 width=4)
	        Index Cond: ((id >= 635449) AND (id <= 635548))

table 7 : explain SELECT SUM(k) FROM sbtest7 WHERE id BETWEEN 7443095 AND 7443194
	Aggregate  (cost=379.15..379.16 rows=1 width=8)
	  ->  Index Scan using sbtest7_pkey on sbtest7  (cost=0.43..378.90 rows=98 width=4)
	        Index Cond: ((id >= 7443095) AND (id <= 7443194))

table 8 : explain SELECT SUM(k) FROM sbtest8 WHERE id BETWEEN 7756607 AND 7756706
	Aggregate  (cost=377.76..377.77 rows=1 width=8)
	  ->  Index Scan using sbtest8_pkey on sbtest8  (cost=0.43..377.52 rows=98 width=4)
	        Index Cond: ((id >= 7756607) AND (id <= 7756706))

explain: for inserts :: explain INSERT INTO sbtest%u (id, k, c, pad) VALUES (%u, 13, 'foobar', 'foobar')
for: simple_ranges
table 1 : explain SELECT c FROM sbtest1 WHERE id BETWEEN 2575023 AND 2575122
	Index Scan using sbtest1_pkey on sbtest1  (cost=0.43..383.75 rows=100 width=121)
	  Index Cond: ((id >= 2575023) AND (id <= 2575122))

table 2 : explain SELECT c FROM sbtest2 WHERE id BETWEEN 4048124 AND 4048223
	Index Scan using sbtest2_pkey on sbtest2  (cost=0.43..411.45 rows=107 width=121)
	  Index Cond: ((id >= 4048124) AND (id <= 4048223))

table 3 : explain SELECT c FROM sbtest3 WHERE id BETWEEN 3887066 AND 3887165
	Index Scan using sbtest3_pkey on sbtest3  (cost=0.43..354.90 rows=92 width=121)
	  Index Cond: ((id >= 3887066) AND (id <= 3887165))

table 4 : explain SELECT c FROM sbtest4 WHERE id BETWEEN 8271514 AND 8271613
	Index Scan using sbtest4_pkey on sbtest4  (cost=0.43..365.77 rows=95 width=121)
	  Index Cond: ((id >= 8271514) AND (id <= 8271613))

table 5 : explain SELECT c FROM sbtest5 WHERE id BETWEEN 5221473 AND 5221572
	Index Scan using sbtest5_pkey on sbtest5  (cost=0.43..399.92 rows=104 width=121)
	  Index Cond: ((id >= 5221473) AND (id <= 5221572))

table 6 : explain SELECT c FROM sbtest6 WHERE id BETWEEN 7603971 AND 7604070
	Index Scan using sbtest6_pkey on sbtest6  (cost=0.43..419.70 rows=109 width=121)
	  Index Cond: ((id >= 7603971) AND (id <= 7604070))

table 7 : explain SELECT c FROM sbtest7 WHERE id BETWEEN 4265197 AND 4265296
	Index Scan using sbtest7_pkey on sbtest7  (cost=0.43..397.99 rows=103 width=121)
	  Index Cond: ((id >= 4265197) AND (id <= 4265296))

table 8 : explain SELECT c FROM sbtest8 WHERE id BETWEEN 2039898 AND 2039997
	Index Scan using sbtest8_pkey on sbtest8  (cost=0.43..407.94 rows=106 width=121)
	  Index Cond: ((id >= 2039898) AND (id <= 2039997))

for: order_ranges
table 1 : explain SELECT c FROM sbtest1 WHERE id BETWEEN 8823040 AND 8823139 ORDER BY c
	Sort  (cost=410.05..410.31 rows=106 width=121)
	  Sort Key: c
	  ->  Index Scan using sbtest1_pkey on sbtest1  (cost=0.43..406.48 rows=106 width=121)
	        Index Cond: ((id >= 8823040) AND (id <= 8823139))

table 2 : explain SELECT c FROM sbtest2 WHERE id BETWEEN 9344003 AND 9344102 ORDER BY c
	Sort  (cost=388.17..388.42 rows=100 width=121)
	  Sort Key: c
	  ->  Index Scan using sbtest2_pkey on sbtest2  (cost=0.43..384.84 rows=100 width=121)
	        Index Cond: ((id >= 9344003) AND (id <= 9344102))

table 3 : explain SELECT c FROM sbtest3 WHERE id BETWEEN 989682 AND 989781 ORDER BY c
	Sort  (cost=411.80..412.06 rows=106 width=121)
	  Sort Key: c
	  ->  Index Scan using sbtest3_pkey on sbtest3  (cost=0.43..408.23 rows=106 width=121)
	        Index Cond: ((id >= 989682) AND (id <= 989781))

table 4 : explain SELECT c FROM sbtest4 WHERE id BETWEEN 3646892 AND 3646991 ORDER BY c
	Sort  (cost=361.15..361.38 rows=93 width=121)
	  Sort Key: c
	  ->  Index Scan using sbtest4_pkey on sbtest4  (cost=0.43..358.11 rows=93 width=121)
	        Index Cond: ((id >= 3646892) AND (id <= 3646991))

table 5 : explain SELECT c FROM sbtest5 WHERE id BETWEEN 5310966 AND 5311065 ORDER BY c
	Sort  (cost=384.20..384.45 rows=99 width=121)
	  Sort Key: c
	  ->  Index Scan using sbtest5_pkey on sbtest5  (cost=0.43..380.92 rows=99 width=121)
	        Index Cond: ((id >= 5310966) AND (id <= 5311065))

table 6 : explain SELECT c FROM sbtest6 WHERE id BETWEEN 5963288 AND 5963387 ORDER BY c
	Sort  (cost=377.23..377.47 rows=97 width=121)
	  Sort Key: c
	  ->  Index Scan using sbtest6_pkey on sbtest6  (cost=0.43..374.03 rows=97 width=121)
	        Index Cond: ((id >= 5963288) AND (id <= 5963387))

table 7 : explain SELECT c FROM sbtest7 WHERE id BETWEEN 7976330 AND 7976429 ORDER BY c
	Sort  (cost=397.57..397.83 rows=102 width=121)
	  Sort Key: c
	  ->  Index Scan using sbtest7_pkey on sbtest7  (cost=0.43..394.17 rows=102 width=121)
	        Index Cond: ((id >= 7976330) AND (id <= 7976429))

table 8 : explain SELECT c FROM sbtest8 WHERE id BETWEEN 7244316 AND 7244415 ORDER BY c
	Sort  (cost=419.19..419.46 rows=108 width=121)
	  Sort Key: c
	  ->  Index Scan using sbtest8_pkey on sbtest8  (cost=0.43..415.55 rows=108 width=121)
	        Index Cond: ((id >= 7244316) AND (id <= 7244415))

for: sum_ranges
table 1 : explain SELECT SUM(k) FROM sbtest1 WHERE id BETWEEN 1238789 AND 1238888
	Aggregate  (cost=365.04..365.05 rows=1 width=8)
	  ->  Index Scan using sbtest1_pkey on sbtest1  (cost=0.43..364.80 rows=95 width=4)
	        Index Cond: ((id >= 1238789) AND (id <= 1238888))

table 2 : explain SELECT SUM(k) FROM sbtest2 WHERE id BETWEEN 9968905 AND 9969004
	Aggregate  (cost=381.29..381.30 rows=1 width=8)
	  ->  Index Scan using sbtest2_pkey on sbtest2  (cost=0.43..381.04 rows=99 width=4)
	        Index Cond: ((id >= 9968905) AND (id <= 9969004))

table 3 : explain SELECT SUM(k) FROM sbtest3 WHERE id BETWEEN 8633322 AND 8633421
	Aggregate  (cost=393.26..393.27 rows=1 width=8)
	  ->  Index Scan using sbtest3_pkey on sbtest3  (cost=0.43..393.01 rows=102 width=4)
	        Index Cond: ((id >= 8633322) AND (id <= 8633421))

table 4 : explain SELECT SUM(k) FROM sbtest4 WHERE id BETWEEN 2919058 AND 2919157
	Aggregate  (cost=339.33..339.34 rows=1 width=8)
	  ->  Index Scan using sbtest4_pkey on sbtest4  (cost=0.43..339.11 rows=88 width=4)
	        Index Cond: ((id >= 2919058) AND (id <= 2919157))

table 5 : explain SELECT SUM(k) FROM sbtest5 WHERE id BETWEEN 6288342 AND 6288441
	Aggregate  (cost=396.38..396.39 rows=1 width=8)
	  ->  Index Scan using sbtest5_pkey on sbtest5  (cost=0.43..396.12 rows=103 width=4)
	        Index Cond: ((id >= 6288342) AND (id <= 6288441))

table 6 : explain SELECT SUM(k) FROM sbtest6 WHERE id BETWEEN 2644982 AND 2645081
	Aggregate  (cost=370.46..370.47 rows=1 width=8)
	  ->  Index Scan using sbtest6_pkey on sbtest6  (cost=0.43..370.22 rows=96 width=4)
	        Index Cond: ((id >= 2644982) AND (id <= 2645081))

table 7 : explain SELECT SUM(k) FROM sbtest7 WHERE id BETWEEN 6764738 AND 6764837
	Aggregate  (cost=386.79..386.80 rows=1 width=8)
	  ->  Index Scan using sbtest7_pkey on sbtest7  (cost=0.43..386.54 rows=100 width=4)
	        Index Cond: ((id >= 6764738) AND (id <= 6764837))

table 8 : explain SELECT SUM(k) FROM sbtest8 WHERE id BETWEEN 2652896 AND 2652995
	Aggregate  (cost=358.68..358.69 rows=1 width=8)
	  ->  Index Scan using sbtest8_pkey on sbtest8  (cost=0.43..358.45 rows=93 width=4)
	        Index Cond: ((id >= 2652896) AND (id <= 2652995))

for: distinct_ranges
table 1 : explain SELECT DISTINCT c FROM sbtest1 WHERE id BETWEEN 360260 AND 360359 ORDER BY c
	Unique  (cost=413.88..414.41 rows=107 width=121)
	  ->  Sort  (cost=413.88..414.15 rows=107 width=121)
	        Sort Key: c
	        ->  Index Scan using sbtest1_pkey on sbtest1  (cost=0.43..410.27 rows=107 width=121)
	              Index Cond: ((id >= 360260) AND (id <= 360359))

table 2 : explain SELECT DISTINCT c FROM sbtest2 WHERE id BETWEEN 7711301 AND 7711400 ORDER BY c
	Unique  (cost=353.55..354.00 rows=91 width=121)
	  ->  Sort  (cost=353.55..353.78 rows=91 width=121)
	        Sort Key: c
	        ->  Index Scan using sbtest2_pkey on sbtest2  (cost=0.43..350.59 rows=91 width=121)
	              Index Cond: ((id >= 7711301) AND (id <= 7711400))

table 3 : explain SELECT DISTINCT c FROM sbtest3 WHERE id BETWEEN 3023284 AND 3023383 ORDER BY c
	Unique  (cost=407.95..408.48 rows=105 width=121)
	  ->  Sort  (cost=407.95..408.21 rows=105 width=121)
	        Sort Key: c
	        ->  Index Scan using sbtest3_pkey on sbtest3  (cost=0.43..404.43 rows=105 width=121)
	              Index Cond: ((id >= 3023284) AND (id <= 3023383))

table 4 : explain SELECT DISTINCT c FROM sbtest4 WHERE id BETWEEN 3393932 AND 3394031 ORDER BY c
	Unique  (cost=407.28..407.81 rows=105 width=121)
	  ->  Sort  (cost=407.28..407.55 rows=105 width=121)
	        Sort Key: c
	        ->  Index Scan using sbtest4_pkey on sbtest4  (cost=0.43..403.76 rows=105 width=121)
	              Index Cond: ((id >= 3393932) AND (id <= 3394031))

table 5 : explain SELECT DISTINCT c FROM sbtest5 WHERE id BETWEEN 9627910 AND 9628009 ORDER BY c
	Unique  (cost=395.72..396.23 rows=102 width=121)
	  ->  Sort  (cost=395.72..395.98 rows=102 width=121)
	        Sort Key: c
	        ->  Index Scan using sbtest5_pkey on sbtest5  (cost=0.43..392.32 rows=102 width=121)
	              Index Cond: ((id >= 9627910) AND (id <= 9628009))

table 6 : explain SELECT DISTINCT c FROM sbtest6 WHERE id BETWEEN 2685689 AND 2685788 ORDER BY c
	Unique  (cost=373.38..373.86 rows=96 width=121)
	  ->  Sort  (cost=373.38..373.62 rows=96 width=121)
	        Sort Key: c
	        ->  Index Scan using sbtest6_pkey on sbtest6  (cost=0.43..370.22 rows=96 width=121)
	              Index Cond: ((id >= 2685689) AND (id <= 2685788))

table 7 : explain SELECT DISTINCT c FROM sbtest7 WHERE id BETWEEN 1673109 AND 1673208 ORDER BY c
	Unique  (cost=386.00..386.49 rows=99 width=121)
	  ->  Sort  (cost=386.00..386.25 rows=99 width=121)
	        Sort Key: c
	        ->  Index Scan using sbtest7_pkey on sbtest7  (cost=0.43..382.72 rows=99 width=121)
	              Index Cond: ((id >= 1673109) AND (id <= 1673208))

table 8 : explain SELECT DISTINCT c FROM sbtest8 WHERE id BETWEEN 1710090 AND 1710189 ORDER BY c
	Unique  (cost=403.82..404.34 rows=104 width=121)
	  ->  Sort  (cost=403.82..404.08 rows=104 width=121)
	        Sort Key: c
	        ->  Index Scan using sbtest8_pkey on sbtest8  (cost=0.43..400.33 rows=104 width=121)
	              Index Cond: ((id >= 1710090) AND (id <= 1710189))

for: sum_ranges
table 1 : explain SELECT SUM(k) FROM sbtest1 WHERE id BETWEEN 9359023 AND 9359122
	Aggregate  (cost=418.12..418.13 rows=1 width=8)
	  ->  Index Scan using sbtest1_pkey on sbtest1  (cost=0.43..417.85 rows=109 width=4)
	        Index Cond: ((id >= 9359023) AND (id <= 9359122))

table 2 : explain SELECT SUM(k) FROM sbtest2 WHERE id BETWEEN 4519217 AND 4519316
	Aggregate  (cost=350.81..350.82 rows=1 width=8)
	  ->  Index Scan using sbtest2_pkey on sbtest2  (cost=0.43..350.59 rows=91 width=4)
	        Index Cond: ((id >= 4519217) AND (id <= 4519316))

table 3 : explain SELECT SUM(k) FROM sbtest3 WHERE id BETWEEN 7377103 AND 7377202
	Aggregate  (cost=358.93..358.94 rows=1 width=8)
	  ->  Index Scan using sbtest3_pkey on sbtest3  (cost=0.43..358.70 rows=93 width=4)
	        Index Cond: ((id >= 7377103) AND (id <= 7377202))

table 4 : explain SELECT SUM(k) FROM sbtest4 WHERE id BETWEEN 8391138 AND 8391237
	Aggregate  (cost=404.02..404.03 rows=1 width=8)
	  ->  Index Scan using sbtest4_pkey on sbtest4  (cost=0.43..403.76 rows=105 width=4)
	        Index Cond: ((id >= 8391138) AND (id <= 8391237))

table 5 : explain SELECT SUM(k) FROM sbtest5 WHERE id BETWEEN 1809960 AND 1810059
	Aggregate  (cost=377.37..377.38 rows=1 width=8)
	  ->  Index Scan using sbtest5_pkey on sbtest5  (cost=0.43..377.12 rows=98 width=4)
	        Index Cond: ((id >= 1809960) AND (id <= 1810059))

table 6 : explain SELECT SUM(k) FROM sbtest6 WHERE id BETWEEN 2545716 AND 2545815
	Aggregate  (cost=435.21..435.22 rows=1 width=8)
	  ->  Index Scan using sbtest6_pkey on sbtest6  (cost=0.43..434.93 rows=113 width=4)
	        Index Cond: ((id >= 2545716) AND (id <= 2545815))

table 7 : explain SELECT SUM(k) FROM sbtest7 WHERE id BETWEEN 6433776 AND 6433875
	Aggregate  (cost=394.43..394.44 rows=1 width=8)
	  ->  Index Scan using sbtest7_pkey on sbtest7  (cost=0.43..394.17 rows=102 width=4)
	        Index Cond: ((id >= 6433776) AND (id <= 6433875))

table 8 : explain SELECT SUM(k) FROM sbtest8 WHERE id BETWEEN 2954550 AND 2954649
	Aggregate  (cost=419.62..419.63 rows=1 width=8)
	  ->  Index Scan using sbtest8_pkey on sbtest8  (cost=0.43..419.35 rows=109 width=4)
	        Index Cond: ((id >= 2954550) AND (id <= 2954649))

for inserts
table 1 : explain INSERT INTO sbtest1 (id, k, c, pad) VALUES (7459663, 13, 'foobar', 'foobar')
	Insert on sbtest1  (cost=0.00..0.01 rows=0 width=0)
	  ->  Result  (cost=0.00..0.01 rows=1 width=736)

table 2 : explain INSERT INTO sbtest2 (id, k, c, pad) VALUES (8801699, 13, 'foobar', 'foobar')
	Insert on sbtest2  (cost=0.00..0.01 rows=0 width=0)
	  ->  Result  (cost=0.00..0.01 rows=1 width=736)

table 3 : explain INSERT INTO sbtest3 (id, k, c, pad) VALUES (9176079, 13, 'foobar', 'foobar')
	Insert on sbtest3  (cost=0.00..0.01 rows=0 width=0)
	  ->  Result  (cost=0.00..0.01 rows=1 width=736)

table 4 : explain INSERT INTO sbtest4 (id, k, c, pad) VALUES (9516735, 13, 'foobar', 'foobar')
	Insert on sbtest4  (cost=0.00..0.01 rows=0 width=0)
	  ->  Result  (cost=0.00..0.01 rows=1 width=736)

table 5 : explain INSERT INTO sbtest5 (id, k, c, pad) VALUES (4177922, 13, 'foobar', 'foobar')
	Insert on sbtest5  (cost=0.00..0.01 rows=0 width=0)
	  ->  Result  (cost=0.00..0.01 rows=1 width=736)

table 6 : explain INSERT INTO sbtest6 (id, k, c, pad) VALUES (4728629, 13, 'foobar', 'foobar')
	Insert on sbtest6  (cost=0.00..0.01 rows=0 width=0)
	  ->  Result  (cost=0.00..0.01 rows=1 width=736)

table 7 : explain INSERT INTO sbtest7 (id, k, c, pad) VALUES (2733944, 13, 'foobar', 'foobar')
	Insert on sbtest7  (cost=0.00..0.01 rows=0 width=0)
	  ->  Result  (cost=0.00..0.01 rows=1 width=736)

table 8 : explain INSERT INTO sbtest8 (id, k, c, pad) VALUES (4001715, 13, 'foobar', 'foobar')
	Insert on sbtest8  (cost=0.00..0.01 rows=0 width=0)
	  ->  Result  (cost=0.00..0.01 rows=1 width=736)

for inserts
table 1 : explain INSERT INTO sbtest1 (id, k, c, pad) VALUES (8519449, 13, 'foobar', 'foobar')
	Insert on sbtest1  (cost=0.00..0.01 rows=0 width=0)
	  ->  Result  (cost=0.00..0.01 rows=1 width=736)

table 2 : explain INSERT INTO sbtest2 (id, k, c, pad) VALUES (7720778, 13, 'foobar', 'foobar')
	Insert on sbtest2  (cost=0.00..0.01 rows=0 width=0)
	  ->  Result  (cost=0.00..0.01 rows=1 width=736)

table 3 : explain INSERT INTO sbtest3 (id, k, c, pad) VALUES (747058, 13, 'foobar', 'foobar')
	Insert on sbtest3  (cost=0.00..0.01 rows=0 width=0)
	  ->  Result  (cost=0.00..0.01 rows=1 width=736)

table 4 : explain INSERT INTO sbtest4 (id, k, c, pad) VALUES (2719150, 13, 'foobar', 'foobar')
	Insert on sbtest4  (cost=0.00..0.01 rows=0 width=0)
	  ->  Result  (cost=0.00..0.01 rows=1 width=736)

table 5 : explain INSERT INTO sbtest5 (id, k, c, pad) VALUES (4688193, 13, 'foobar', 'foobar')
	Insert on sbtest5  (cost=0.00..0.01 rows=0 width=0)
	  ->  Result  (cost=0.00..0.01 rows=1 width=736)

table 6 : explain INSERT INTO sbtest6 (id, k, c, pad) VALUES (8601322, 13, 'foobar', 'foobar')
	Insert on sbtest6  (cost=0.00..0.01 rows=0 width=0)
	  ->  Result  (cost=0.00..0.01 rows=1 width=736)

table 7 : explain INSERT INTO sbtest7 (id, k, c, pad) VALUES (6896750, 13, 'foobar', 'foobar')
	Insert on sbtest7  (cost=0.00..0.01 rows=0 width=0)
	  ->  Result  (cost=0.00..0.01 rows=1 width=736)

table 8 : explain INSERT INTO sbtest8 (id, k, c, pad) VALUES (582342, 13, 'foobar', 'foobar')
	Insert on sbtest8  (cost=0.00..0.01 rows=0 width=0)
	  ->  Result  (cost=0.00..0.01 rows=1 width=736)

explain: for non_index_updates :: explain UPDATE sbtest%u SET c='foobar' WHERE id=%u
explain: for index_updates :: explain UPDATE sbtest%u SET k=k+1 WHERE id=%u
for: order_ranges
table 1 : explain SELECT c FROM sbtest1 WHERE id BETWEEN 5540443 AND 5540542 ORDER BY c
	Sort  (cost=379.41..379.66 rows=98 width=121)
	  Sort Key: c
	  ->  Index Scan using sbtest1_pkey on sbtest1  (cost=0.43..376.17 rows=98 width=121)
	        Index Cond: ((id >= 5540443) AND (id <= 5540542))

table 2 : explain SELECT c FROM sbtest2 WHERE id BETWEEN 3827081 AND 3827180 ORDER BY c
	Sort  (cost=392.01..392.26 rows=101 width=121)
	  Sort Key: c
	  ->  Index Scan using sbtest2_pkey on sbtest2  (cost=0.43..388.64 rows=101 width=121)
	        Index Cond: ((id >= 3827081) AND (id <= 3827180))

table 3 : explain SELECT c FROM sbtest3 WHERE id BETWEEN 8673342 AND 8673441 ORDER BY c
	Sort  (cost=361.74..361.98 rows=93 width=121)
	  Sort Key: c
	  ->  Index Scan using sbtest3_pkey on sbtest3  (cost=0.43..358.70 rows=93 width=121)
	        Index Cond: ((id >= 8673342) AND (id <= 8673441))

table 4 : explain SELECT c FROM sbtest4 WHERE id BETWEEN 7570710 AND 7570809 ORDER BY c
	Sort  (cost=391.92..392.18 rows=101 width=121)
	  Sort Key: c
	  ->  Index Scan using sbtest4_pkey on sbtest4  (cost=0.43..388.56 rows=101 width=121)
	        Index Cond: ((id >= 7570710) AND (id <= 7570809))

table 5 : explain SELECT c FROM sbtest5 WHERE id BETWEEN 5503244 AND 5503343 ORDER BY c
	Sort  (cost=430.28..430.56 rows=111 width=121)
	  Sort Key: c
	  ->  Index Scan using sbtest5_pkey on sbtest5  (cost=0.43..426.51 rows=111 width=121)
	        Index Cond: ((id >= 5503244) AND (id <= 5503343))

table 6 : explain SELECT c FROM sbtest6 WHERE id BETWEEN 499011 AND 499110 ORDER BY c
	Sort  (cost=365.64..365.87 rows=94 width=121)
	  Sort Key: c
	  ->  Index Scan using sbtest6_pkey on sbtest6  (cost=0.43..362.56 rows=94 width=121)
	        Index Cond: ((id >= 499011) AND (id <= 499110))

table 7 : explain SELECT c FROM sbtest7 WHERE id BETWEEN 1787265 AND 1787364 ORDER BY c
	Sort  (cost=405.29..405.55 rows=104 width=121)
	  Sort Key: c
	  ->  Index Scan using sbtest7_pkey on sbtest7  (cost=0.43..401.81 rows=104 width=121)
	        Index Cond: ((id >= 1787265) AND (id <= 1787364))

table 8 : explain SELECT c FROM sbtest8 WHERE id BETWEEN 4497865 AND 4497964 ORDER BY c
	Sort  (cost=403.82..404.08 rows=104 width=121)
	  Sort Key: c
	  ->  Index Scan using sbtest8_pkey on sbtest8  (cost=0.43..400.33 rows=104 width=121)
	        Index Cond: ((id >= 4497865) AND (id <= 4497964))

for index_updates
table 1 : explain UPDATE sbtest1 SET k=k+1 WHERE id=5797484
	Update on sbtest1  (cost=0.43..8.46 rows=0 width=0)
	  ->  Index Scan using sbtest1_pkey on sbtest1  (cost=0.43..8.46 rows=1 width=10)
	        Index Cond: (id = 5797484)

table 2 : explain UPDATE sbtest2 SET k=k+1 WHERE id=862461
	Update on sbtest2  (cost=0.43..8.46 rows=0 width=0)
	  ->  Index Scan using sbtest2_pkey on sbtest2  (cost=0.43..8.46 rows=1 width=10)
	        Index Cond: (id = 862461)

table 3 : explain UPDATE sbtest3 SET k=k+1 WHERE id=1262272
	Update on sbtest3  (cost=0.43..8.46 rows=0 width=0)
	  ->  Index Scan using sbtest3_pkey on sbtest3  (cost=0.43..8.46 rows=1 width=10)
	        Index Cond: (id = 1262272)

table 4 : explain UPDATE sbtest4 SET k=k+1 WHERE id=1512490
	Update on sbtest4  (cost=0.43..8.46 rows=0 width=0)
	  ->  Index Scan using sbtest4_pkey on sbtest4  (cost=0.43..8.46 rows=1 width=10)
	        Index Cond: (id = 1512490)

table 5 : explain UPDATE sbtest5 SET k=k+1 WHERE id=4306165
	Update on sbtest5  (cost=0.43..8.46 rows=0 width=0)
	  ->  Index Scan using sbtest5_pkey on sbtest5  (cost=0.43..8.46 rows=1 width=10)
	        Index Cond: (id = 4306165)

table 6 : explain UPDATE sbtest6 SET k=k+1 WHERE id=6180760
	Update on sbtest6  (cost=0.43..8.46 rows=0 width=0)
	  ->  Index Scan using sbtest6_pkey on sbtest6  (cost=0.43..8.46 rows=1 width=10)
	        Index Cond: (id = 6180760)

table 7 : explain UPDATE sbtest7 SET k=k+1 WHERE id=4168023
	Update on sbtest7  (cost=0.43..8.46 rows=0 width=0)
	  ->  Index Scan using sbtest7_pkey on sbtest7  (cost=0.43..8.46 rows=1 width=10)
	        Index Cond: (id = 4168023)

table 8 : explain UPDATE sbtest8 SET k=k+1 WHERE id=2682132
	Update on sbtest8  (cost=0.43..8.46 rows=0 width=0)
	  ->  Index Scan using sbtest8_pkey on sbtest8  (cost=0.43..8.46 rows=1 width=10)
	        Index Cond: (id = 2682132)

for: sum_ranges
table 1 : explain SELECT SUM(k) FROM sbtest1 WHERE id BETWEEN 9760928 AND 9761027
	Aggregate  (cost=380.21..380.22 rows=1 width=8)
	  ->  Index Scan using sbtest1_pkey on sbtest1  (cost=0.43..379.96 rows=99 width=4)
	        Index Cond: ((id >= 9760928) AND (id <= 9761027))

table 2 : explain SELECT SUM(k) FROM sbtest2 WHERE id BETWEEN 7624586 AND 7624685
	Aggregate  (cost=411.71..411.72 rows=1 width=8)
	  ->  Index Scan using sbtest2_pkey on sbtest2  (cost=0.43..411.45 rows=107 width=4)
	        Index Cond: ((id >= 7624586) AND (id <= 7624685))

table 3 : explain SELECT SUM(k) FROM sbtest3 WHERE id BETWEEN 4655145 AND 4655244
	Aggregate  (cost=404.69..404.70 rows=1 width=8)
	  ->  Index Scan using sbtest3_pkey on sbtest3  (cost=0.43..404.43 rows=105 width=4)
	        Index Cond: ((id >= 4655145) AND (id <= 4655244))

table 4 : explain SELECT SUM(k) FROM sbtest4 WHERE id BETWEEN 4908621 AND 4908720
	Aggregate  (cost=396.42..396.43 rows=1 width=8)
	  ->  Index Scan using sbtest4_pkey on sbtest4  (cost=0.43..396.16 rows=103 width=4)
	        Index Cond: ((id >= 4908621) AND (id <= 4908720))

table 5 : explain SELECT SUM(k) FROM sbtest5 WHERE id BETWEEN 8215269 AND 8215368
	Aggregate  (cost=400.18..400.19 rows=1 width=8)
	  ->  Index Scan using sbtest5_pkey on sbtest5  (cost=0.43..399.92 rows=104 width=4)
	        Index Cond: ((id >= 8215269) AND (id <= 8215368))

table 6 : explain SELECT SUM(k) FROM sbtest6 WHERE id BETWEEN 7581524 AND 7581623
	Aggregate  (cost=362.79..362.80 rows=1 width=8)
	  ->  Index Scan using sbtest6_pkey on sbtest6  (cost=0.43..362.56 rows=94 width=4)
	        Index Cond: ((id >= 7581524) AND (id <= 7581623))

table 7 : explain SELECT SUM(k) FROM sbtest7 WHERE id BETWEEN 5160168 AND 5160267
	Aggregate  (cost=394.43..394.44 rows=1 width=8)
	  ->  Index Scan using sbtest7_pkey on sbtest7  (cost=0.43..394.17 rows=102 width=4)
	        Index Cond: ((id >= 5160168) AND (id <= 5160267))

table 8 : explain SELECT SUM(k) FROM sbtest8 WHERE id BETWEEN 2198693 AND 2198792
	Aggregate  (cost=404.40..404.41 rows=1 width=8)
	  ->  Index Scan using sbtest8_pkey on sbtest8  (cost=0.43..404.14 rows=105 width=4)
	        Index Cond: ((id >= 2198693) AND (id <= 2198792))

for: order_ranges
table 1 : explain SELECT c FROM sbtest1 WHERE id BETWEEN 2533260 AND 2533359 ORDER BY c
	Sort  (cost=387.07..387.32 rows=100 width=121)
	  Sort Key: c
	  ->  Index Scan using sbtest1_pkey on sbtest1  (cost=0.43..383.75 rows=100 width=121)
	        Index Cond: ((id >= 2533260) AND (id <= 2533359))

table 2 : explain SELECT c FROM sbtest2 WHERE id BETWEEN 9584335 AND 9584434 ORDER BY c
	Sort  (cost=380.49..380.73 rows=98 width=121)
	  Sort Key: c
	  ->  Index Scan using sbtest2_pkey on sbtest2  (cost=0.43..377.24 rows=98 width=121)
	        Index Cond: ((id >= 9584335) AND (id <= 9584434))

table 3 : explain SELECT c FROM sbtest3 WHERE id BETWEEN 1218791 AND 1218890 ORDER BY c
	Sort  (cost=392.56..392.82 rows=101 width=121)
	  Sort Key: c
	  ->  Index Scan using sbtest3_pkey on sbtest3  (cost=0.43..389.20 rows=101 width=121)
	        Index Cond: ((id >= 1218791) AND (id <= 1218890))

table 4 : explain SELECT c FROM sbtest4 WHERE id BETWEEN 6752534 AND 6752633 ORDER BY c
	Sort  (cost=411.12..411.39 rows=106 width=121)
	  Sort Key: c
	  ->  Index Scan using sbtest4_pkey on sbtest4  (cost=0.43..407.56 rows=106 width=121)
	        Index Cond: ((id >= 6752534) AND (id <= 6752633))

table 5 : explain SELECT c FROM sbtest5 WHERE id BETWEEN 264636 AND 264735 ORDER BY c
	Sort  (cost=384.20..384.45 rows=99 width=121)
	  Sort Key: c
	  ->  Index Scan using sbtest5_pkey on sbtest5  (cost=0.43..380.92 rows=99 width=121)
	        Index Cond: ((id >= 264636) AND (id <= 264735))

table 6 : explain SELECT c FROM sbtest6 WHERE id BETWEEN 1915543 AND 1915642 ORDER BY c
	Sort  (cost=373.38..373.62 rows=96 width=121)
	  Sort Key: c
	  ->  Index Scan using sbtest6_pkey on sbtest6  (cost=0.43..370.22 rows=96 width=121)
	        Index Cond: ((id >= 1915543) AND (id <= 1915642))

table 7 : explain SELECT c FROM sbtest7 WHERE id BETWEEN 2822614 AND 2822713 ORDER BY c
	Sort  (cost=358.95..359.18 rows=92 width=121)
	  Sort Key: c
	  ->  Index Scan using sbtest7_pkey on sbtest7  (cost=0.43..355.95 rows=92 width=121)
	        Index Cond: ((id >= 2822614) AND (id <= 2822713))

table 8 : explain SELECT c FROM sbtest8 WHERE id BETWEEN 9266414 AND 9266513 ORDER BY c
	Sort  (cost=376.91..377.16 rows=97 width=121)
	  Sort Key: c
	  ->  Index Scan using sbtest8_pkey on sbtest8  (cost=0.43..373.71 rows=97 width=121)
	        Index Cond: ((id >= 9266414) AND (id <= 9266513))

for: sum_ranges
table 1 : explain SELECT SUM(k) FROM sbtest1 WHERE id BETWEEN 7522336 AND 7522435
	Aggregate  (cost=365.04..365.05 rows=1 width=8)
	  ->  Index Scan using sbtest1_pkey on sbtest1  (cost=0.43..364.80 rows=95 width=4)
	        Index Cond: ((id >= 7522336) AND (id <= 7522435))

table 2 : explain SELECT SUM(k) FROM sbtest2 WHERE id BETWEEN 3980922 AND 3981021
	Aggregate  (cost=423.12..423.13 rows=1 width=8)
	  ->  Index Scan using sbtest2_pkey on sbtest2  (cost=0.43..422.85 rows=110 width=4)
	        Index Cond: ((id >= 3980922) AND (id <= 3981021))

table 3 : explain SELECT SUM(k) FROM sbtest3 WHERE id BETWEEN 4951892 AND 4951991
	Aggregate  (cost=362.74..362.75 rows=1 width=8)
	  ->  Index Scan using sbtest3_pkey on sbtest3  (cost=0.43..362.51 rows=94 width=4)
	        Index Cond: ((id >= 4951892) AND (id <= 4951991))

table 4 : explain SELECT SUM(k) FROM sbtest4 WHERE id BETWEEN 9250372 AND 9250471
	Aggregate  (cost=366.00..366.01 rows=1 width=8)
	  ->  Index Scan using sbtest4_pkey on sbtest4  (cost=0.43..365.77 rows=95 width=4)
	        Index Cond: ((id >= 9250372) AND (id <= 9250471))

table 5 : explain SELECT SUM(k) FROM sbtest5 WHERE id BETWEEN 8723125 AND 8723224
	Aggregate  (cost=392.58..392.59 rows=1 width=8)
	  ->  Index Scan using sbtest5_pkey on sbtest5  (cost=0.43..392.32 rows=102 width=4)
	        Index Cond: ((id >= 8723125) AND (id <= 8723224))

table 6 : explain SELECT SUM(k) FROM sbtest6 WHERE id BETWEEN 5109288 AND 5109387
	Aggregate  (cost=381.89..381.90 rows=1 width=8)
	  ->  Index Scan using sbtest6_pkey on sbtest6  (cost=0.43..381.64 rows=99 width=4)
	        Index Cond: ((id >= 5109288) AND (id <= 5109387))

table 7 : explain SELECT SUM(k) FROM sbtest7 WHERE id BETWEEN 5186345 AND 5186444
	Aggregate  (cost=394.43..394.44 rows=1 width=8)
	  ->  Index Scan using sbtest7_pkey on sbtest7  (cost=0.43..394.17 rows=102 width=4)
	        Index Cond: ((id >= 5186345) AND (id <= 5186444))

table 8 : explain SELECT SUM(k) FROM sbtest8 WHERE id BETWEEN 8738873 AND 8738972
	Aggregate  (cost=400.59..400.60 rows=1 width=8)
	  ->  Index Scan using sbtest8_pkey on sbtest8  (cost=0.43..400.33 rows=104 width=4)
	        Index Cond: ((id >= 8738873) AND (id <= 8738972))

for: order_ranges
table 1 : explain SELECT c FROM sbtest1 WHERE id BETWEEN 5782910 AND 5783009 ORDER BY c
	Sort  (cost=410.05..410.31 rows=106 width=121)
	  Sort Key: c
	  ->  Index Scan using sbtest1_pkey on sbtest1  (cost=0.43..406.48 rows=106 width=121)
	        Index Cond: ((id >= 5782910) AND (id <= 5783009))

table 2 : explain SELECT c FROM sbtest2 WHERE id BETWEEN 3625129 AND 3625228 ORDER BY c
	Sort  (cost=357.39..357.62 rows=92 width=121)
	  Sort Key: c
	  ->  Index Scan using sbtest2_pkey on sbtest2  (cost=0.43..354.39 rows=92 width=121)
	        Index Cond: ((id >= 3625129) AND (id <= 3625228))

table 3 : explain SELECT c FROM sbtest3 WHERE id BETWEEN 703969 AND 704068 ORDER BY c
	Sort  (cost=361.74..361.98 rows=93 width=121)
	  Sort Key: c
	  ->  Index Scan using sbtest3_pkey on sbtest3  (cost=0.43..358.70 rows=93 width=121)
	        Index Cond: ((id >= 703969) AND (id <= 704068))

table 4 : explain SELECT c FROM sbtest4 WHERE id BETWEEN 1879094 AND 1879193 ORDER BY c
	Sort  (cost=384.24..384.49 rows=99 width=121)
	  Sort Key: c
	  ->  Index Scan using sbtest4_pkey on sbtest4  (cost=0.43..380.96 rows=99 width=121)
	        Index Cond: ((id >= 1879094) AND (id <= 1879193))

table 5 : explain SELECT c FROM sbtest5 WHERE id BETWEEN 9744447 AND 9744546 ORDER BY c
	Sort  (cost=388.04..388.29 rows=100 width=121)
	  Sort Key: c
	  ->  Index Scan using sbtest5_pkey on sbtest5  (cost=0.43..384.72 rows=100 width=121)
	        Index Cond: ((id >= 9744447) AND (id <= 9744546))

table 6 : explain SELECT c FROM sbtest6 WHERE id BETWEEN 9474341 AND 9474440 ORDER BY c
	Sort  (cost=384.92..385.17 rows=99 width=121)
	  Sort Key: c
	  ->  Index Scan using sbtest6_pkey on sbtest6  (cost=0.43..381.64 rows=99 width=121)
	        Index Cond: ((id >= 9474341) AND (id <= 9474440))

table 7 : explain SELECT c FROM sbtest7 WHERE id BETWEEN 7877667 AND 7877766 ORDER BY c
	Sort  (cost=386.00..386.25 rows=99 width=121)
	  Sort Key: c
	  ->  Index Scan using sbtest7_pkey on sbtest7  (cost=0.43..382.72 rows=99 width=121)
	        Index Cond: ((id >= 7877667) AND (id <= 7877766))

table 8 : explain SELECT c FROM sbtest8 WHERE id BETWEEN 8620972 AND 8621071 ORDER BY c
	Sort  (cost=342.27..342.49 rows=88 width=121)
	  Sort Key: c
	  ->  Index Scan using sbtest8_pkey on sbtest8  (cost=0.43..339.43 rows=88 width=121)
	        Index Cond: ((id >= 8620972) AND (id <= 8621071))

explain: for deletes :: explain DELETE FROM sbtest%u WHERE id=%u
for: distinct_ranges
table 1 : explain SELECT DISTINCT c FROM sbtest1 WHERE id BETWEEN 1994138 AND 1994237 ORDER BY c
	Unique  (cost=387.07..387.57 rows=100 width=121)
	  ->  Sort  (cost=387.07..387.32 rows=100 width=121)
	        Sort Key: c
	        ->  Index Scan using sbtest1_pkey on sbtest1  (cost=0.43..383.75 rows=100 width=121)
	              Index Cond: ((id >= 1994138) AND (id <= 1994237))

table 2 : explain SELECT DISTINCT c FROM sbtest2 WHERE id BETWEEN 8220393 AND 8220492 ORDER BY c
	Unique  (cost=349.71..350.16 rows=90 width=121)
	  ->  Sort  (cost=349.71..349.93 rows=90 width=121)
	        Sort Key: c
	        ->  Index Scan using sbtest2_pkey on sbtest2  (cost=0.43..346.79 rows=90 width=121)
	              Index Cond: ((id >= 8220393) AND (id <= 8220492))

table 3 : explain SELECT DISTINCT c FROM sbtest3 WHERE id BETWEEN 3383508 AND 3383607 ORDER BY c
	Unique  (cost=373.28..373.76 rows=96 width=121)
	  ->  Sort  (cost=373.28..373.52 rows=96 width=121)
	        Sort Key: c
	        ->  Index Scan using sbtest3_pkey on sbtest3  (cost=0.43..370.12 rows=96 width=121)
	              Index Cond: ((id >= 3383508) AND (id <= 3383607))

table 4 : explain SELECT DISTINCT c FROM sbtest4 WHERE id BETWEEN 7696531 AND 7696630 ORDER BY c
	Unique  (cost=364.99..365.46 rows=94 width=121)
	  ->  Sort  (cost=364.99..365.23 rows=94 width=121)
	        Sort Key: c
	        ->  Index Scan using sbtest4_pkey on sbtest4  (cost=0.43..361.91 rows=94 width=121)
	              Index Cond: ((id >= 7696531) AND (id <= 7696630))

table 5 : explain SELECT DISTINCT c FROM sbtest5 WHERE id BETWEEN 4330359 AND 4330458 ORDER BY c
	Unique  (cost=426.44..426.99 rows=110 width=121)
	  ->  Sort  (cost=426.44..426.72 rows=110 width=121)
	        Sort Key: c
	        ->  Index Scan using sbtest5_pkey on sbtest5  (cost=0.43..422.71 rows=110 width=121)
	              Index Cond: ((id >= 4330359) AND (id <= 4330458))

table 6 : explain SELECT DISTINCT c FROM sbtest6 WHERE id BETWEEN 1038554 AND 1038653 ORDER BY c
	Unique  (cost=373.38..373.86 rows=96 width=121)
	  ->  Sort  (cost=373.38..373.62 rows=96 width=121)
	        Sort Key: c
	        ->  Index Scan using sbtest6_pkey on sbtest6  (cost=0.43..370.22 rows=96 width=121)
	              Index Cond: ((id >= 1038554) AND (id <= 1038653))

table 7 : explain SELECT DISTINCT c FROM sbtest7 WHERE id BETWEEN 5113400 AND 5113499 ORDER BY c
	Unique  (cost=397.57..398.08 rows=102 width=121)
	  ->  Sort  (cost=397.57..397.83 rows=102 width=121)
	        Sort Key: c
	        ->  Index Scan using sbtest7_pkey on sbtest7  (cost=0.43..394.17 rows=102 width=121)
	              Index Cond: ((id >= 5113400) AND (id <= 5113499))

table 8 : explain SELECT DISTINCT c FROM sbtest8 WHERE id BETWEEN 6663836 AND 6663935 ORDER BY c
	Unique  (cost=376.91..377.40 rows=97 width=121)
	  ->  Sort  (cost=376.91..377.16 rows=97 width=121)
	        Sort Key: c
	        ->  Index Scan using sbtest8_pkey on sbtest8  (cost=0.43..373.71 rows=97 width=121)
	              Index Cond: ((id >= 6663836) AND (id <= 6663935))

for non_index_updates
table 1 : explain UPDATE sbtest1 SET c='foobar' WHERE id=2781671
	Update on sbtest1  (cost=0.43..8.45 rows=0 width=0)
	  ->  Index Scan using sbtest1_pkey on sbtest1  (cost=0.43..8.45 rows=1 width=490)
	        Index Cond: (id = 2781671)

table 2 : explain UPDATE sbtest2 SET c='foobar' WHERE id=223105
	Update on sbtest2  (cost=0.43..8.45 rows=0 width=0)
	  ->  Index Scan using sbtest2_pkey on sbtest2  (cost=0.43..8.45 rows=1 width=490)
	        Index Cond: (id = 223105)

table 3 : explain UPDATE sbtest3 SET c='foobar' WHERE id=9362881
	Update on sbtest3  (cost=0.43..8.45 rows=0 width=0)
	  ->  Index Scan using sbtest3_pkey on sbtest3  (cost=0.43..8.45 rows=1 width=490)
	        Index Cond: (id = 9362881)

table 4 : explain UPDATE sbtest4 SET c='foobar' WHERE id=8630958
	Update on sbtest4  (cost=0.43..8.45 rows=0 width=0)
	  ->  Index Scan using sbtest4_pkey on sbtest4  (cost=0.43..8.45 rows=1 width=490)
	        Index Cond: (id = 8630958)

table 5 : explain UPDATE sbtest5 SET c='foobar' WHERE id=5293965
	Update on sbtest5  (cost=0.43..8.45 rows=0 width=0)
	  ->  Index Scan using sbtest5_pkey on sbtest5  (cost=0.43..8.45 rows=1 width=490)
	        Index Cond: (id = 5293965)

table 6 : explain UPDATE sbtest6 SET c='foobar' WHERE id=6945312
	Update on sbtest6  (cost=0.43..8.45 rows=0 width=0)
	  ->  Index Scan using sbtest6_pkey on sbtest6  (cost=0.43..8.45 rows=1 width=490)
	        Index Cond: (id = 6945312)

table 7 : explain UPDATE sbtest7 SET c='foobar' WHERE id=6441568
	Update on sbtest7  (cost=0.43..8.45 rows=0 width=0)
	  ->  Index Scan using sbtest7_pkey on sbtest7  (cost=0.43..8.45 rows=1 width=490)
	        Index Cond: (id = 6441568)

table 8 : explain UPDATE sbtest8 SET c='foobar' WHERE id=35645
	Update on sbtest8  (cost=0.43..8.45 rows=0 width=0)
	  ->  Index Scan using sbtest8_pkey on sbtest8  (cost=0.43..8.45 rows=1 width=490)
	        Index Cond: (id = 35645)

for: sum_ranges
table 1 : explain SELECT SUM(k) FROM sbtest1 WHERE id BETWEEN 6551939 AND 6552038
	Aggregate  (cost=391.58..391.59 rows=1 width=8)
	  ->  Index Scan using sbtest1_pkey on sbtest1  (cost=0.43..391.33 rows=102 width=4)
	        Index Cond: ((id >= 6551939) AND (id <= 6552038))

table 2 : explain SELECT SUM(k) FROM sbtest2 WHERE id BETWEEN 3430255 AND 3430354
	Aggregate  (cost=396.50..396.51 rows=1 width=8)
	  ->  Index Scan using sbtest2_pkey on sbtest2  (cost=0.43..396.25 rows=103 width=4)
	        Index Cond: ((id >= 3430255) AND (id <= 3430354))

table 3 : explain SELECT SUM(k) FROM sbtest3 WHERE id BETWEEN 76182 AND 76281
	Aggregate  (cost=370.41..370.42 rows=1 width=8)
	  ->  Index Scan using sbtest3_pkey on sbtest3  (cost=0.43..370.17 rows=96 width=4)
	        Index Cond: ((id >= 76182) AND (id <= 76281))

table 4 : explain SELECT SUM(k) FROM sbtest4 WHERE id BETWEEN 8008123 AND 8008222
	Aggregate  (cost=377.41..377.42 rows=1 width=8)
	  ->  Index Scan using sbtest4_pkey on sbtest4  (cost=0.43..377.16 rows=98 width=4)
	        Index Cond: ((id >= 8008123) AND (id <= 8008222))

table 5 : explain SELECT SUM(k) FROM sbtest5 WHERE id BETWEEN 5085747 AND 5085846
	Aggregate  (cost=392.58..392.59 rows=1 width=8)
	  ->  Index Scan using sbtest5_pkey on sbtest5  (cost=0.43..392.32 rows=102 width=4)
	        Index Cond: ((id >= 5085747) AND (id <= 5085846))

table 6 : explain SELECT SUM(k) FROM sbtest6 WHERE id BETWEEN 7288759 AND 7288858
	Aggregate  (cost=389.51..389.52 rows=1 width=8)
	  ->  Index Scan using sbtest6_pkey on sbtest6  (cost=0.43..389.25 rows=101 width=4)
	        Index Cond: ((id >= 7288759) AND (id <= 7288858))

table 7 : explain SELECT SUM(k) FROM sbtest7 WHERE id BETWEEN 4666484 AND 4666583
	Aggregate  (cost=394.43..394.44 rows=1 width=8)
	  ->  Index Scan using sbtest7_pkey on sbtest7  (cost=0.43..394.17 rows=102 width=4)
	        Index Cond: ((id >= 4666484) AND (id <= 4666583))

table 8 : explain SELECT SUM(k) FROM sbtest8 WHERE id BETWEEN 969883 AND 969982
	Aggregate  (cost=377.76..377.77 rows=1 width=8)
	  ->  Index Scan using sbtest8_pkey on sbtest8  (cost=0.43..377.52 rows=98 width=4)
	        Index Cond: ((id >= 969883) AND (id <= 969982))

for: sum_ranges
table 1 : explain SELECT SUM(k) FROM sbtest1 WHERE id BETWEEN 928412 AND 928511
	Aggregate  (cost=391.58..391.59 rows=1 width=8)
	  ->  Index Scan using sbtest1_pkey on sbtest1  (cost=0.43..391.33 rows=102 width=4)
	        Index Cond: ((id >= 928412) AND (id <= 928511))

table 2 : explain SELECT SUM(k) FROM sbtest2 WHERE id BETWEEN 834519 AND 834618
	Aggregate  (cost=362.22..362.23 rows=1 width=8)
	  ->  Index Scan using sbtest2_pkey on sbtest2  (cost=0.43..361.99 rows=94 width=4)
	        Index Cond: ((id >= 834519) AND (id <= 834618))

table 3 : explain SELECT SUM(k) FROM sbtest3 WHERE id BETWEEN 8602980 AND 8603079
	Aggregate  (cost=393.26..393.27 rows=1 width=8)
	  ->  Index Scan using sbtest3_pkey on sbtest3  (cost=0.43..393.01 rows=102 width=4)
	        Index Cond: ((id >= 8602980) AND (id <= 8603079))

table 4 : explain SELECT SUM(k) FROM sbtest4 WHERE id BETWEEN 2090770 AND 2090869
	Aggregate  (cost=385.01..385.02 rows=1 width=8)
	  ->  Index Scan using sbtest4_pkey on sbtest4  (cost=0.43..384.76 rows=100 width=4)
	        Index Cond: ((id >= 2090770) AND (id <= 2090869))

table 5 : explain SELECT SUM(k) FROM sbtest5 WHERE id BETWEEN 6052821 AND 6052920
	Aggregate  (cost=377.37..377.38 rows=1 width=8)
	  ->  Index Scan using sbtest5_pkey on sbtest5  (cost=0.43..377.12 rows=98 width=4)
	        Index Cond: ((id >= 6052821) AND (id <= 6052920))

table 6 : explain SELECT SUM(k) FROM sbtest6 WHERE id BETWEEN 5542151 AND 5542250
	Aggregate  (cost=362.79..362.80 rows=1 width=8)
	  ->  Index Scan using sbtest6_pkey on sbtest6  (cost=0.43..362.56 rows=94 width=4)
	        Index Cond: ((id >= 5542151) AND (id <= 5542250))

table 7 : explain SELECT SUM(k) FROM sbtest7 WHERE id BETWEEN 1300539 AND 1300638
	Aggregate  (cost=405.89..405.90 rows=1 width=8)
	  ->  Index Scan using sbtest7_pkey on sbtest7  (cost=0.43..405.62 rows=105 width=4)
	        Index Cond: ((id >= 1300539) AND (id <= 1300638))

table 8 : explain SELECT SUM(k) FROM sbtest8 WHERE id BETWEEN 1023256 AND 1023355
	Aggregate  (cost=385.37..385.38 rows=1 width=8)
	  ->  Index Scan using sbtest8_pkey on sbtest8  (cost=0.43..385.12 rows=100 width=4)
	        Index Cond: ((id >= 1023256) AND (id <= 1023355))

explain: for non_index_updates :: explain UPDATE sbtest%u SET c='foobar' WHERE id=%u
explain: for deletes :: explain DELETE FROM sbtest%u WHERE id=%u
for index_updates
table 1 : explain UPDATE sbtest1 SET k=k+1 WHERE id=5209216
	Update on sbtest1  (cost=0.43..8.46 rows=0 width=0)
	  ->  Index Scan using sbtest1_pkey on sbtest1  (cost=0.43..8.46 rows=1 width=10)
	        Index Cond: (id = 5209216)

table 2 : explain UPDATE sbtest2 SET k=k+1 WHERE id=4183031
	Update on sbtest2  (cost=0.43..8.46 rows=0 width=0)
	  ->  Index Scan using sbtest2_pkey on sbtest2  (cost=0.43..8.46 rows=1 width=10)
	        Index Cond: (id = 4183031)

table 3 : explain UPDATE sbtest3 SET k=k+1 WHERE id=5494365
	Update on sbtest3  (cost=0.43..8.46 rows=0 width=0)
	  ->  Index Scan using sbtest3_pkey on sbtest3  (cost=0.43..8.46 rows=1 width=10)
	        Index Cond: (id = 5494365)

table 4 : explain UPDATE sbtest4 SET k=k+1 WHERE id=2929106
	Update on sbtest4  (cost=0.43..8.46 rows=0 width=0)
	  ->  Index Scan using sbtest4_pkey on sbtest4  (cost=0.43..8.46 rows=1 width=10)
	        Index Cond: (id = 2929106)

table 5 : explain UPDATE sbtest5 SET k=k+1 WHERE id=7921584
	Update on sbtest5  (cost=0.43..8.46 rows=0 width=0)
	  ->  Index Scan using sbtest5_pkey on sbtest5  (cost=0.43..8.46 rows=1 width=10)
	        Index Cond: (id = 7921584)

table 6 : explain UPDATE sbtest6 SET k=k+1 WHERE id=1173285
	Update on sbtest6  (cost=0.43..8.46 rows=0 width=0)
	  ->  Index Scan using sbtest6_pkey on sbtest6  (cost=0.43..8.46 rows=1 width=10)
	        Index Cond: (id = 1173285)

table 7 : explain UPDATE sbtest7 SET k=k+1 WHERE id=8502549
	Update on sbtest7  (cost=0.43..8.46 rows=0 width=0)
	  ->  Index Scan using sbtest7_pkey on sbtest7  (cost=0.43..8.46 rows=1 width=10)
	        Index Cond: (id = 8502549)

table 8 : explain UPDATE sbtest8 SET k=k+1 WHERE id=6007415
	Update on sbtest8  (cost=0.43..8.46 rows=0 width=0)
	  ->  Index Scan using sbtest8_pkey on sbtest8  (cost=0.43..8.46 rows=1 width=10)
	        Index Cond: (id = 6007415)

for deletes
table 1 : explain DELETE FROM sbtest1 WHERE id=4232108
	Delete on sbtest1  (cost=0.43..8.45 rows=0 width=0)
	  ->  Index Scan using sbtest1_pkey on sbtest1  (cost=0.43..8.45 rows=1 width=6)
	        Index Cond: (id = 4232108)

table 2 : explain DELETE FROM sbtest2 WHERE id=8047259
	Delete on sbtest2  (cost=0.43..8.45 rows=0 width=0)
	  ->  Index Scan using sbtest2_pkey on sbtest2  (cost=0.43..8.45 rows=1 width=6)
	        Index Cond: (id = 8047259)

table 3 : explain DELETE FROM sbtest3 WHERE id=3374035
	Delete on sbtest3  (cost=0.43..8.45 rows=0 width=0)
	  ->  Index Scan using sbtest3_pkey on sbtest3  (cost=0.43..8.45 rows=1 width=6)
	        Index Cond: (id = 3374035)

table 4 : explain DELETE FROM sbtest4 WHERE id=5729284
	Delete on sbtest4  (cost=0.43..8.45 rows=0 width=0)
	  ->  Index Scan using sbtest4_pkey on sbtest4  (cost=0.43..8.45 rows=1 width=6)
	        Index Cond: (id = 5729284)

table 5 : explain DELETE FROM sbtest5 WHERE id=8769261
	Delete on sbtest5  (cost=0.43..8.45 rows=0 width=0)
	  ->  Index Scan using sbtest5_pkey on sbtest5  (cost=0.43..8.45 rows=1 width=6)
	        Index Cond: (id = 8769261)

table 6 : explain DELETE FROM sbtest6 WHERE id=957835
	Delete on sbtest6  (cost=0.43..8.45 rows=0 width=0)
	  ->  Index Scan using sbtest6_pkey on sbtest6  (cost=0.43..8.45 rows=1 width=6)
	        Index Cond: (id = 957835)

table 7 : explain DELETE FROM sbtest7 WHERE id=1059112
	Delete on sbtest7  (cost=0.43..8.45 rows=0 width=0)
	  ->  Index Scan using sbtest7_pkey on sbtest7  (cost=0.43..8.45 rows=1 width=6)
	        Index Cond: (id = 1059112)

table 8 : explain DELETE FROM sbtest8 WHERE id=5828412
	Delete on sbtest8  (cost=0.43..8.45 rows=0 width=0)
	  ->  Index Scan using sbtest8_pkey on sbtest8  (cost=0.43..8.45 rows=1 width=6)
	        Index Cond: (id = 5828412)

explain: for index_updates :: explain UPDATE sbtest%u SET k=k+1 WHERE id=%u
for: distinct_ranges
table 1 : explain SELECT DISTINCT c FROM sbtest1 WHERE id BETWEEN 6840818 AND 6840917 ORDER BY c
	Unique  (cost=344.89..345.34 rows=89 width=121)
	  ->  Sort  (cost=344.89..345.12 rows=89 width=121)
	        Sort Key: c
	        ->  Index Scan using sbtest1_pkey on sbtest1  (cost=0.43..342.01 rows=89 width=121)
	              Index Cond: ((id >= 6840818) AND (id <= 6840917))

table 2 : explain SELECT DISTINCT c FROM sbtest2 WHERE id BETWEEN 8320166 AND 8320265 ORDER BY c
	Unique  (cost=392.01..392.51 rows=101 width=121)
	  ->  Sort  (cost=392.01..392.26 rows=101 width=121)
	        Sort Key: c
	        ->  Index Scan using sbtest2_pkey on sbtest2  (cost=0.43..388.64 rows=101 width=121)
	              Index Cond: ((id >= 8320166) AND (id <= 8320265))

table 3 : explain SELECT DISTINCT c FROM sbtest3 WHERE id BETWEEN 8522596 AND 8522695 ORDER BY c
	Unique  (cost=388.72..389.22 rows=100 width=121)
	  ->  Sort  (cost=388.72..388.97 rows=100 width=121)
	        Sort Key: c
	        ->  Index Scan using sbtest3_pkey on sbtest3  (cost=0.43..385.40 rows=100 width=121)
	              Index Cond: ((id >= 8522596) AND (id <= 8522695))

table 4 : explain SELECT DISTINCT c FROM sbtest4 WHERE id BETWEEN 8369938 AND 8370037 ORDER BY c
	Unique  (cost=407.28..407.81 rows=105 width=121)
	  ->  Sort  (cost=407.28..407.55 rows=105 width=121)
	        Sort Key: c
	        ->  Index Scan using sbtest4_pkey on sbtest4  (cost=0.43..403.76 rows=105 width=121)
	              Index Cond: ((id >= 8369938) AND (id <= 8370037))

table 5 : explain SELECT DISTINCT c FROM sbtest5 WHERE id BETWEEN 1583646 AND 1583745 ORDER BY c
	Unique  (cost=414.92..415.46 rows=107 width=121)
	  ->  Sort  (cost=414.92..415.19 rows=107 width=121)
	        Sort Key: c
	        ->  Index Scan using sbtest5_pkey on sbtest5  (cost=0.43..411.32 rows=107 width=121)
	              Index Cond: ((id >= 1583646) AND (id <= 1583745))

table 6 : explain SELECT DISTINCT c FROM sbtest6 WHERE id BETWEEN 3366449 AND 3366548 ORDER BY c
	Unique  (cost=361.79..362.25 rows=93 width=121)
	  ->  Sort  (cost=361.79..362.02 rows=93 width=121)
	        Sort Key: c
	        ->  Index Scan using sbtest6_pkey on sbtest6  (cost=0.43..358.75 rows=93 width=121)
	              Index Cond: ((id >= 3366449) AND (id <= 3366548))

table 7 : explain SELECT DISTINCT c FROM sbtest7 WHERE id BETWEEN 7136602 AND 7136701 ORDER BY c
	Unique  (cost=413.01..413.54 rows=106 width=121)
	  ->  Sort  (cost=413.01..413.27 rows=106 width=121)
	        Sort Key: c
	        ->  Index Scan using sbtest7_pkey on sbtest7  (cost=0.43..409.44 rows=106 width=121)
	              Index Cond: ((id >= 7136602) AND (id <= 7136701))

table 8 : explain SELECT DISTINCT c FROM sbtest8 WHERE id BETWEEN 4143058 AND 4143157 ORDER BY c
	Unique  (cost=388.44..388.94 rows=100 width=121)
	  ->  Sort  (cost=388.44..388.69 rows=100 width=121)
	        Sort Key: c
	        ->  Index Scan using sbtest8_pkey on sbtest8  (cost=0.43..385.12 rows=100 width=121)
	              Index Cond: ((id >= 4143058) AND (id <= 4143157))

for deletes
table 1 : explain DELETE FROM sbtest1 WHERE id=9127956
	Delete on sbtest1  (cost=0.43..8.45 rows=0 width=0)
	  ->  Index Scan using sbtest1_pkey on sbtest1  (cost=0.43..8.45 rows=1 width=6)
	        Index Cond: (id = 9127956)

table 2 : explain DELETE FROM sbtest2 WHERE id=942982
	Delete on sbtest2  (cost=0.43..8.45 rows=0 width=0)
	  ->  Index Scan using sbtest2_pkey on sbtest2  (cost=0.43..8.45 rows=1 width=6)
	        Index Cond: (id = 942982)

table 3 : explain DELETE FROM sbtest3 WHERE id=5485168
	Delete on sbtest3  (cost=0.43..8.45 rows=0 width=0)
	  ->  Index Scan using sbtest3_pkey on sbtest3  (cost=0.43..8.45 rows=1 width=6)
	        Index Cond: (id = 5485168)

table 4 : explain DELETE FROM sbtest4 WHERE id=7559791
	Delete on sbtest4  (cost=0.43..8.45 rows=0 width=0)
	  ->  Index Scan using sbtest4_pkey on sbtest4  (cost=0.43..8.45 rows=1 width=6)
	        Index Cond: (id = 7559791)

table 5 : explain DELETE FROM sbtest5 WHERE id=5395839
	Delete on sbtest5  (cost=0.43..8.45 rows=0 width=0)
	  ->  Index Scan using sbtest5_pkey on sbtest5  (cost=0.43..8.45 rows=1 width=6)
	        Index Cond: (id = 5395839)

table 6 : explain DELETE FROM sbtest6 WHERE id=4870958
	Delete on sbtest6  (cost=0.43..8.45 rows=0 width=0)
	  ->  Index Scan using sbtest6_pkey on sbtest6  (cost=0.43..8.45 rows=1 width=6)
	        Index Cond: (id = 4870958)

table 7 : explain DELETE FROM sbtest7 WHERE id=7785266
	Delete on sbtest7  (cost=0.43..8.45 rows=0 width=0)
	  ->  Index Scan using sbtest7_pkey on sbtest7  (cost=0.43..8.45 rows=1 width=6)
	        Index Cond: (id = 7785266)

table 8 : explain DELETE FROM sbtest8 WHERE id=3526182
	Delete on sbtest8  (cost=0.43..8.45 rows=0 width=0)
	  ->  Index Scan using sbtest8_pkey on sbtest8  (cost=0.43..8.45 rows=1 width=6)
	        Index Cond: (id = 3526182)

for: distinct_ranges
table 1 : explain SELECT DISTINCT c FROM sbtest1 WHERE id BETWEEN 1901157 AND 1901256 ORDER BY c
	Unique  (cost=413.88..414.41 rows=107 width=121)
	  ->  Sort  (cost=413.88..414.15 rows=107 width=121)
	        Sort Key: c
	        ->  Index Scan using sbtest1_pkey on sbtest1  (cost=0.43..410.27 rows=107 width=121)
	              Index Cond: ((id >= 1901157) AND (id <= 1901256))

table 2 : explain SELECT DISTINCT c FROM sbtest2 WHERE id BETWEEN 7743218 AND 7743317 ORDER BY c
	Unique  (cost=353.55..354.00 rows=91 width=121)
	  ->  Sort  (cost=353.55..353.78 rows=91 width=121)
	        Sort Key: c
	        ->  Index Scan using sbtest2_pkey on sbtest2  (cost=0.43..350.59 rows=91 width=121)
	              Index Cond: ((id >= 7743218) AND (id <= 7743317))

table 3 : explain SELECT DISTINCT c FROM sbtest3 WHERE id BETWEEN 2899960 AND 2900059 ORDER BY c
	Unique  (cost=400.26..400.77 rows=103 width=121)
	  ->  Sort  (cost=400.26..400.52 rows=103 width=121)
	        Sort Key: c
	        ->  Index Scan using sbtest3_pkey on sbtest3  (cost=0.43..396.81 rows=103 width=121)
	              Index Cond: ((id >= 2899960) AND (id <= 2900059))

table 4 : explain SELECT DISTINCT c FROM sbtest4 WHERE id BETWEEN 2668055 AND 2668154 ORDER BY c
	Unique  (cost=414.96..415.50 rows=107 width=121)
	  ->  Sort  (cost=414.96..415.23 rows=107 width=121)
	        Sort Key: c
	        ->  Index Scan using sbtest4_pkey on sbtest4  (cost=0.43..411.36 rows=107 width=121)
	              Index Cond: ((id >= 2668055) AND (id <= 2668154))

table 5 : explain SELECT DISTINCT c FROM sbtest5 WHERE id BETWEEN 8064198 AND 8064297 ORDER BY c
	Unique  (cost=395.72..396.23 rows=102 width=121)
	  ->  Sort  (cost=395.72..395.98 rows=102 width=121)
	        Sort Key: c
	        ->  Index Scan using sbtest5_pkey on sbtest5  (cost=0.43..392.32 rows=102 width=121)
	              Index Cond: ((id >= 8064198) AND (id <= 8064297))

table 6 : explain SELECT DISTINCT c FROM sbtest6 WHERE id BETWEEN 53435 AND 53534 ORDER BY c
	Unique  (cost=361.79..362.25 rows=93 width=121)
	  ->  Sort  (cost=361.79..362.02 rows=93 width=121)
	        Sort Key: c
	        ->  Index Scan using sbtest6_pkey on sbtest6  (cost=0.43..358.75 rows=93 width=121)
	              Index Cond: ((id >= 53435) AND (id <= 53534))

table 7 : explain SELECT DISTINCT c FROM sbtest7 WHERE id BETWEEN 4353653 AND 4353752 ORDER BY c
	Unique  (cost=409.15..409.67 rows=105 width=121)
	  ->  Sort  (cost=409.15..409.41 rows=105 width=121)
	        Sort Key: c
	        ->  Index Scan using sbtest7_pkey on sbtest7  (cost=0.43..405.62 rows=105 width=121)
	              Index Cond: ((id >= 4353653) AND (id <= 4353752))

table 8 : explain SELECT DISTINCT c FROM sbtest8 WHERE id BETWEEN 9604360 AND 9604459 ORDER BY c
	Unique  (cost=419.19..419.73 rows=108 width=121)
	  ->  Sort  (cost=419.19..419.46 rows=108 width=121)
	        Sort Key: c
	        ->  Index Scan using sbtest8_pkey on sbtest8  (cost=0.43..415.55 rows=108 width=121)
	              Index Cond: ((id >= 9604360) AND (id <= 9604459))

explain: for inserts :: explain INSERT INTO sbtest%u (id, k, c, pad) VALUES (%u, 13, 'foobar', 'foobar')
for: distinct_ranges
table 1 : explain SELECT DISTINCT c FROM sbtest1 WHERE id BETWEEN 9034131 AND 9034230 ORDER BY c
	Unique  (cost=398.56..399.08 rows=103 width=121)
	  ->  Sort  (cost=398.56..398.82 rows=103 width=121)
	        Sort Key: c
	        ->  Index Scan using sbtest1_pkey on sbtest1  (cost=0.43..395.12 rows=103 width=121)
	              Index Cond: ((id >= 9034131) AND (id <= 9034230))

table 2 : explain SELECT DISTINCT c FROM sbtest2 WHERE id BETWEEN 6913219 AND 6913318 ORDER BY c
	Unique  (cost=395.85..396.36 rows=102 width=121)
	  ->  Sort  (cost=395.85..396.10 rows=102 width=121)
	        Sort Key: c
	        ->  Index Scan using sbtest2_pkey on sbtest2  (cost=0.43..392.45 rows=102 width=121)
	              Index Cond: ((id >= 6913219) AND (id <= 6913318))

table 3 : explain SELECT DISTINCT c FROM sbtest3 WHERE id BETWEEN 9253712 AND 9253811 ORDER BY c
	Unique  (cost=404.10..404.62 rows=104 width=121)
	  ->  Sort  (cost=404.10..404.36 rows=104 width=121)
	        Sort Key: c
	        ->  Index Scan using sbtest3_pkey on sbtest3  (cost=0.43..400.62 rows=104 width=121)
	              Index Cond: ((id >= 9253712) AND (id <= 9253811))

table 4 : explain SELECT DISTINCT c FROM sbtest4 WHERE id BETWEEN 1545125 AND 1545224 ORDER BY c
	Unique  (cost=345.80..346.24 rows=89 width=121)
	  ->  Sort  (cost=345.80..346.02 rows=89 width=121)
	        Sort Key: c
	        ->  Index Scan using sbtest4_pkey on sbtest4  (cost=0.43..342.91 rows=89 width=121)
	              Index Cond: ((id >= 1545125) AND (id <= 1545224))

table 5 : explain SELECT DISTINCT c FROM sbtest5 WHERE id BETWEEN 5658435 AND 5658534 ORDER BY c
	Unique  (cost=395.72..396.23 rows=102 width=121)
	  ->  Sort  (cost=395.72..395.98 rows=102 width=121)
	        Sort Key: c
	        ->  Index Scan using sbtest5_pkey on sbtest5  (cost=0.43..392.32 rows=102 width=121)
	              Index Cond: ((id >= 5658435) AND (id <= 5658534))

table 6 : explain SELECT DISTINCT c FROM sbtest6 WHERE id BETWEEN 8075548 AND 8075647 ORDER BY c
	Unique  (cost=365.64..366.11 rows=94 width=121)
	  ->  Sort  (cost=365.64..365.87 rows=94 width=121)
	        Sort Key: c
	        ->  Index Scan using sbtest6_pkey on sbtest6  (cost=0.43..362.56 rows=94 width=121)
	              Index Cond: ((id >= 8075548) AND (id <= 8075647))

table 7 : explain SELECT DISTINCT c FROM sbtest7 WHERE id BETWEEN 5956295 AND 5956394 ORDER BY c
	Unique  (cost=374.38..374.86 rows=96 width=121)
	  ->  Sort  (cost=374.38..374.62 rows=96 width=121)
	        Sort Key: c
	        ->  Index Scan using sbtest7_pkey on sbtest7  (cost=0.43..371.21 rows=96 width=121)
	              Index Cond: ((id >= 5956295) AND (id <= 5956394))

table 8 : explain SELECT DISTINCT c FROM sbtest8 WHERE id BETWEEN 7644080 AND 7644179 ORDER BY c
	Unique  (cost=361.49..361.95 rows=93 width=121)
	  ->  Sort  (cost=361.49..361.72 rows=93 width=121)
	        Sort Key: c
	        ->  Index Scan using sbtest8_pkey on sbtest8  (cost=0.43..358.45 rows=93 width=121)
	              Index Cond: ((id >= 7644080) AND (id <= 7644179))

explain: for index_updates :: explain UPDATE sbtest%u SET k=k+1 WHERE id=%u
for: sum_ranges
table 1 : explain SELECT SUM(k) FROM sbtest1 WHERE id BETWEEN 8178020 AND 8178119
	Aggregate  (cost=368.83..368.84 rows=1 width=8)
	  ->  Index Scan using sbtest1_pkey on sbtest1  (cost=0.43..368.59 rows=96 width=4)
	        Index Cond: ((id >= 8178020) AND (id <= 8178119))

table 2 : explain SELECT SUM(k) FROM sbtest2 WHERE id BETWEEN 8752873 AND 8752972
	Aggregate  (cost=343.21..343.22 rows=1 width=8)
	  ->  Index Scan using sbtest2_pkey on sbtest2  (cost=0.43..342.99 rows=89 width=4)
	        Index Cond: ((id >= 8752873) AND (id <= 8752972))

table 3 : explain SELECT SUM(k) FROM sbtest3 WHERE id BETWEEN 1837727 AND 1837826
	Aggregate  (cost=393.26..393.27 rows=1 width=8)
	  ->  Index Scan using sbtest3_pkey on sbtest3  (cost=0.43..393.01 rows=102 width=4)
	        Index Cond: ((id >= 1837727) AND (id <= 1837826))

table 4 : explain SELECT SUM(k) FROM sbtest4 WHERE id BETWEEN 2869839 AND 2869938
	Aggregate  (cost=339.33..339.34 rows=1 width=8)
	  ->  Index Scan using sbtest4_pkey on sbtest4  (cost=0.43..339.11 rows=88 width=4)
	        Index Cond: ((id >= 2869839) AND (id <= 2869938))

table 5 : explain SELECT SUM(k) FROM sbtest5 WHERE id BETWEEN 9700604 AND 9700703
	Aggregate  (cost=384.97..384.98 rows=1 width=8)
	  ->  Index Scan using sbtest5_pkey on sbtest5  (cost=0.43..384.72 rows=100 width=4)
	        Index Cond: ((id >= 9700604) AND (id <= 9700703))

table 6 : explain SELECT SUM(k) FROM sbtest6 WHERE id BETWEEN 4328004 AND 4328103
	Aggregate  (cost=404.74..404.75 rows=1 width=8)
	  ->  Index Scan using sbtest6_pkey on sbtest6  (cost=0.43..404.48 rows=105 width=4)
	        Index Cond: ((id >= 4328004) AND (id <= 4328103))

table 7 : explain SELECT SUM(k) FROM sbtest7 WHERE id BETWEEN 1956677 AND 1956776
	Aggregate  (cost=363.81..363.82 rows=1 width=8)
	  ->  Index Scan using sbtest7_pkey on sbtest7  (cost=0.43..363.58 rows=94 width=4)
	        Index Cond: ((id >= 1956677) AND (id <= 1956776))

table 8 : explain SELECT SUM(k) FROM sbtest8 WHERE id BETWEEN 4402123 AND 4402222
	Aggregate  (cost=362.48..362.49 rows=1 width=8)
	  ->  Index Scan using sbtest8_pkey on sbtest8  (cost=0.43..362.25 rows=94 width=4)
	        Index Cond: ((id >= 4402123) AND (id <= 4402222))

explain: for non_index_updates :: explain UPDATE sbtest%u SET c='foobar' WHERE id=%u
explain: for index_updates :: explain UPDATE sbtest%u SET k=k+1 WHERE id=%u
for: order_ranges
table 1 : explain SELECT c FROM sbtest1 WHERE id BETWEEN 2875362 AND 2875461 ORDER BY c
	Sort  (cost=394.73..394.99 rows=102 width=121)
	  Sort Key: c
	  ->  Index Scan using sbtest1_pkey on sbtest1  (cost=0.43..391.33 rows=102 width=121)
	        Index Cond: ((id >= 2875362) AND (id <= 2875461))

table 2 : explain SELECT c FROM sbtest2 WHERE id BETWEEN 5931856 AND 5931955 ORDER BY c
	Sort  (cost=372.80..373.04 rows=96 width=121)
	  Sort Key: c
	  ->  Index Scan using sbtest2_pkey on sbtest2  (cost=0.43..369.64 rows=96 width=121)
	        Index Cond: ((id >= 5931856) AND (id <= 5931955))

table 3 : explain SELECT c FROM sbtest3 WHERE id BETWEEN 7628440 AND 7628539 ORDER BY c
	Sort  (cost=346.36..346.58 rows=89 width=121)
	  Sort Key: c
	  ->  Index Scan using sbtest3_pkey on sbtest3  (cost=0.43..343.48 rows=89 width=121)
	        Index Cond: ((id >= 7628440) AND (id <= 7628539))

table 4 : explain SELECT c FROM sbtest4 WHERE id BETWEEN 2573021 AND 2573120 ORDER BY c
	Sort  (cost=411.12..411.39 rows=106 width=121)
	  Sort Key: c
	  ->  Index Scan using sbtest4_pkey on sbtest4  (cost=0.43..407.56 rows=106 width=121)
	        Index Cond: ((id >= 2573021) AND (id <= 2573120))

table 5 : explain SELECT c FROM sbtest5 WHERE id BETWEEN 8399895 AND 8399994 ORDER BY c
	Sort  (cost=403.40..403.66 rows=104 width=121)
	  Sort Key: c
	  ->  Index Scan using sbtest5_pkey on sbtest5  (cost=0.43..399.92 rows=104 width=121)
	        Index Cond: ((id >= 8399895) AND (id <= 8399994))

table 6 : explain SELECT c FROM sbtest6 WHERE id BETWEEN 3364412 AND 3364511 ORDER BY c
	Sort  (cost=361.79..362.02 rows=93 width=121)
	  Sort Key: c
	  ->  Index Scan using sbtest6_pkey on sbtest6  (cost=0.43..358.75 rows=93 width=121)
	        Index Cond: ((id >= 3364412) AND (id <= 3364511))

table 7 : explain SELECT c FROM sbtest7 WHERE id BETWEEN 6936537 AND 6936636 ORDER BY c
	Sort  (cost=401.43..401.69 rows=103 width=121)
	  Sort Key: c
	  ->  Index Scan using sbtest7_pkey on sbtest7  (cost=0.43..397.99 rows=103 width=121)
	        Index Cond: ((id >= 6936537) AND (id <= 6936636))

table 8 : explain SELECT c FROM sbtest8 WHERE id BETWEEN 2370480 AND 2370579 ORDER BY c
	Sort  (cost=342.27..342.49 rows=88 width=121)
	  Sort Key: c
	  ->  Index Scan using sbtest8_pkey on sbtest8  (cost=0.43..339.43 rows=88 width=121)
	        Index Cond: ((id >= 2370480) AND (id <= 2370579))

explain: for index_updates :: explain UPDATE sbtest%u SET k=k+1 WHERE id=%u
for: order_ranges
table 1 : explain SELECT c FROM sbtest1 WHERE id BETWEEN 6659121 AND 6659220 ORDER BY c
	Sort  (cost=383.24..383.49 rows=99 width=121)
	  Sort Key: c
	  ->  Index Scan using sbtest1_pkey on sbtest1  (cost=0.43..379.96 rows=99 width=121)
	        Index Cond: ((id >= 6659121) AND (id <= 6659220))

table 2 : explain SELECT c FROM sbtest2 WHERE id BETWEEN 9350810 AND 9350909 ORDER BY c
	Sort  (cost=388.17..388.42 rows=100 width=121)
	  Sort Key: c
	  ->  Index Scan using sbtest2_pkey on sbtest2  (cost=0.43..384.84 rows=100 width=121)
	        Index Cond: ((id >= 9350810) AND (id <= 9350909))

table 3 : explain SELECT c FROM sbtest3 WHERE id BETWEEN 2155316 AND 2155415 ORDER BY c
	Sort  (cost=388.72..388.97 rows=100 width=121)
	  Sort Key: c
	  ->  Index Scan using sbtest3_pkey on sbtest3  (cost=0.43..385.40 rows=100 width=121)
	        Index Cond: ((id >= 2155316) AND (id <= 2155415))

table 4 : explain SELECT c FROM sbtest4 WHERE id BETWEEN 7474675 AND 7474774 ORDER BY c
	Sort  (cost=372.73..372.97 rows=96 width=121)
	  Sort Key: c
	  ->  Index Scan using sbtest4_pkey on sbtest4  (cost=0.43..369.56 rows=96 width=121)
	        Index Cond: ((id >= 7474675) AND (id <= 7474774))

table 5 : explain SELECT c FROM sbtest5 WHERE id BETWEEN 1086936 AND 1087035 ORDER BY c
	Sort  (cost=418.76..419.03 rows=108 width=121)
	  Sort Key: c
	  ->  Index Scan using sbtest5_pkey on sbtest5  (cost=0.43..415.11 rows=108 width=121)
	        Index Cond: ((id >= 1086936) AND (id <= 1087035))

table 6 : explain SELECT c FROM sbtest6 WHERE id BETWEEN 3938014 AND 3938113 ORDER BY c
	Sort  (cost=377.23..377.47 rows=97 width=121)
	  Sort Key: c
	  ->  Index Scan using sbtest6_pkey on sbtest6  (cost=0.43..374.03 rows=97 width=121)
	        Index Cond: ((id >= 3938014) AND (id <= 3938113))

table 7 : explain SELECT c FROM sbtest7 WHERE id BETWEEN 1067175 AND 1067274 ORDER BY c
	Sort  (cost=370.52..370.76 rows=95 width=121)
	  Sort Key: c
	  ->  Index Scan using sbtest7_pkey on sbtest7  (cost=0.43..367.40 rows=95 width=121)
	        Index Cond: ((id >= 1067175) AND (id <= 1067274))

table 8 : explain SELECT c FROM sbtest8 WHERE id BETWEEN 803261 AND 803360 ORDER BY c
	Sort  (cost=396.13..396.39 rows=102 width=121)
	  Sort Key: c
	  ->  Index Scan using sbtest8_pkey on sbtest8  (cost=0.43..392.73 rows=102 width=121)
	        Index Cond: ((id >= 803261) AND (id <= 803360))

for inserts
table 1 : explain INSERT INTO sbtest1 (id, k, c, pad) VALUES (5759524, 13, 'foobar', 'foobar')
	Insert on sbtest1  (cost=0.00..0.01 rows=0 width=0)
	  ->  Result  (cost=0.00..0.01 rows=1 width=736)

table 2 : explain INSERT INTO sbtest2 (id, k, c, pad) VALUES (9592233, 13, 'foobar', 'foobar')
	Insert on sbtest2  (cost=0.00..0.01 rows=0 width=0)
	  ->  Result  (cost=0.00..0.01 rows=1 width=736)

table 3 : explain INSERT INTO sbtest3 (id, k, c, pad) VALUES (9120276, 13, 'foobar', 'foobar')
	Insert on sbtest3  (cost=0.00..0.01 rows=0 width=0)
	  ->  Result  (cost=0.00..0.01 rows=1 width=736)

table 4 : explain INSERT INTO sbtest4 (id, k, c, pad) VALUES (4531959, 13, 'foobar', 'foobar')
	Insert on sbtest4  (cost=0.00..0.01 rows=0 width=0)
	  ->  Result  (cost=0.00..0.01 rows=1 width=736)

table 5 : explain INSERT INTO sbtest5 (id, k, c, pad) VALUES (2469666, 13, 'foobar', 'foobar')
	Insert on sbtest5  (cost=0.00..0.01 rows=0 width=0)
	  ->  Result  (cost=0.00..0.01 rows=1 width=736)

table 6 : explain INSERT INTO sbtest6 (id, k, c, pad) VALUES (6256112, 13, 'foobar', 'foobar')
	Insert on sbtest6  (cost=0.00..0.01 rows=0 width=0)
	  ->  Result  (cost=0.00..0.01 rows=1 width=736)

table 7 : explain INSERT INTO sbtest7 (id, k, c, pad) VALUES (1597792, 13, 'foobar', 'foobar')
	Insert on sbtest7  (cost=0.00..0.01 rows=0 width=0)
	  ->  Result  (cost=0.00..0.01 rows=1 width=736)

table 8 : explain INSERT INTO sbtest8 (id, k, c, pad) VALUES (5297334, 13, 'foobar', 'foobar')
	Insert on sbtest8  (cost=0.00..0.01 rows=0 width=0)
	  ->  Result  (cost=0.00..0.01 rows=1 width=736)

for index_updates
table 1 : explain UPDATE sbtest1 SET k=k+1 WHERE id=317486
	Update on sbtest1  (cost=0.43..8.46 rows=0 width=0)
	  ->  Index Scan using sbtest1_pkey on sbtest1  (cost=0.43..8.46 rows=1 width=10)
	        Index Cond: (id = 317486)

table 2 : explain UPDATE sbtest2 SET k=k+1 WHERE id=4809021
	Update on sbtest2  (cost=0.43..8.46 rows=0 width=0)
	  ->  Index Scan using sbtest2_pkey on sbtest2  (cost=0.43..8.46 rows=1 width=10)
	        Index Cond: (id = 4809021)

table 3 : explain UPDATE sbtest3 SET k=k+1 WHERE id=3321264
	Update on sbtest3  (cost=0.43..8.46 rows=0 width=0)
	  ->  Index Scan using sbtest3_pkey on sbtest3  (cost=0.43..8.46 rows=1 width=10)
	        Index Cond: (id = 3321264)

table 4 : explain UPDATE sbtest4 SET k=k+1 WHERE id=4292852
	Update on sbtest4  (cost=0.43..8.46 rows=0 width=0)
	  ->  Index Scan using sbtest4_pkey on sbtest4  (cost=0.43..8.46 rows=1 width=10)
	        Index Cond: (id = 4292852)

table 5 : explain UPDATE sbtest5 SET k=k+1 WHERE id=4555651
	Update on sbtest5  (cost=0.43..8.46 rows=0 width=0)
	  ->  Index Scan using sbtest5_pkey on sbtest5  (cost=0.43..8.46 rows=1 width=10)
	        Index Cond: (id = 4555651)

table 6 : explain UPDATE sbtest6 SET k=k+1 WHERE id=1606771
	Update on sbtest6  (cost=0.43..8.46 rows=0 width=0)
	  ->  Index Scan using sbtest6_pkey on sbtest6  (cost=0.43..8.46 rows=1 width=10)
	        Index Cond: (id = 1606771)

table 7 : explain UPDATE sbtest7 SET k=k+1 WHERE id=176073
	Update on sbtest7  (cost=0.43..8.46 rows=0 width=0)
	  ->  Index Scan using sbtest7_pkey on sbtest7  (cost=0.43..8.46 rows=1 width=10)
	        Index Cond: (id = 176073)

table 8 : explain UPDATE sbtest8 SET k=k+1 WHERE id=7881338
	Update on sbtest8  (cost=0.43..8.46 rows=0 width=0)
	  ->  Index Scan using sbtest8_pkey on sbtest8  (cost=0.43..8.46 rows=1 width=10)
	        Index Cond: (id = 7881338)

explain: for inserts :: explain INSERT INTO sbtest%u (id, k, c, pad) VALUES (%u, 13, 'foobar', 'foobar')
for non_index_updates
table 1 : explain UPDATE sbtest1 SET c='foobar' WHERE id=5435074
	Update on sbtest1  (cost=0.43..8.45 rows=0 width=0)
	  ->  Index Scan using sbtest1_pkey on sbtest1  (cost=0.43..8.45 rows=1 width=490)
	        Index Cond: (id = 5435074)

table 2 : explain UPDATE sbtest2 SET c='foobar' WHERE id=6561337
	Update on sbtest2  (cost=0.43..8.45 rows=0 width=0)
	  ->  Index Scan using sbtest2_pkey on sbtest2  (cost=0.43..8.45 rows=1 width=490)
	        Index Cond: (id = 6561337)

table 3 : explain UPDATE sbtest3 SET c='foobar' WHERE id=979
	Update on sbtest3  (cost=0.43..8.45 rows=0 width=0)
	  ->  Index Scan using sbtest3_pkey on sbtest3  (cost=0.43..8.45 rows=1 width=490)
	        Index Cond: (id = 979)

table 4 : explain UPDATE sbtest4 SET c='foobar' WHERE id=2486640
	Update on sbtest4  (cost=0.43..8.45 rows=0 width=0)
	  ->  Index Scan using sbtest4_pkey on sbtest4  (cost=0.43..8.45 rows=1 width=490)
	        Index Cond: (id = 2486640)

table 5 : explain UPDATE sbtest5 SET c='foobar' WHERE id=6568668
	Update on sbtest5  (cost=0.43..8.45 rows=0 width=0)
	  ->  Index Scan using sbtest5_pkey on sbtest5  (cost=0.43..8.45 rows=1 width=490)
	        Index Cond: (id = 6568668)

table 6 : explain UPDATE sbtest6 SET c='foobar' WHERE id=9938612
	Update on sbtest6  (cost=0.43..8.45 rows=0 width=0)
	  ->  Index Scan using sbtest6_pkey on sbtest6  (cost=0.43..8.45 rows=1 width=490)
	        Index Cond: (id = 9938612)

table 7 : explain UPDATE sbtest7 SET c='foobar' WHERE id=6491211
	Update on sbtest7  (cost=0.43..8.45 rows=0 width=0)
	  ->  Index Scan using sbtest7_pkey on sbtest7  (cost=0.43..8.45 rows=1 width=490)
	        Index Cond: (id = 6491211)

table 8 : explain UPDATE sbtest8 SET c='foobar' WHERE id=6575478
	Update on sbtest8  (cost=0.43..8.45 rows=0 width=0)
	  ->  Index Scan using sbtest8_pkey on sbtest8  (cost=0.43..8.45 rows=1 width=490)
	        Index Cond: (id = 6575478)

for: order_ranges
table 1 : explain SELECT c FROM sbtest1 WHERE id BETWEEN 2900461 AND 2900560 ORDER BY c
	Sort  (cost=394.73..394.99 rows=102 width=121)
	  Sort Key: c
	  ->  Index Scan using sbtest1_pkey on sbtest1  (cost=0.43..391.33 rows=102 width=121)
	        Index Cond: ((id >= 2900461) AND (id <= 2900560))

table 2 : explain SELECT c FROM sbtest2 WHERE id BETWEEN 559606 AND 559705 ORDER BY c
	Sort  (cost=380.49..380.73 rows=98 width=121)
	  Sort Key: c
	  ->  Index Scan using sbtest2_pkey on sbtest2  (cost=0.43..377.24 rows=98 width=121)
	        Index Cond: ((id >= 559606) AND (id <= 559705))

table 3 : explain SELECT c FROM sbtest3 WHERE id BETWEEN 6869107 AND 6869206 ORDER BY c
	Sort  (cost=365.59..365.82 rows=94 width=121)
	  Sort Key: c
	  ->  Index Scan using sbtest3_pkey on sbtest3  (cost=0.43..362.51 rows=94 width=121)
	        Index Cond: ((id >= 6869107) AND (id <= 6869206))

table 4 : explain SELECT c FROM sbtest4 WHERE id BETWEEN 1042349 AND 1042448 ORDER BY c
	Sort  (cost=353.47..353.70 rows=91 width=121)
	  Sort Key: c
	  ->  Index Scan using sbtest4_pkey on sbtest4  (cost=0.43..350.51 rows=91 width=121)
	        Index Cond: ((id >= 1042349) AND (id <= 1042448))

table 5 : explain SELECT c FROM sbtest5 WHERE id BETWEEN 4231025 AND 4231124 ORDER BY c
	Sort  (cost=364.95..365.19 rows=94 width=121)
	  Sort Key: c
	  ->  Index Scan using sbtest5_pkey on sbtest5  (cost=0.43..361.87 rows=94 width=121)
	        Index Cond: ((id >= 4231025) AND (id <= 4231124))

table 6 : explain SELECT c FROM sbtest6 WHERE id BETWEEN 3706250 AND 3706349 ORDER BY c
	Sort  (cost=408.00..408.27 rows=105 width=121)
	  Sort Key: c
	  ->  Index Scan using sbtest6_pkey on sbtest6  (cost=0.43..404.48 rows=105 width=121)
	        Index Cond: ((id >= 3706250) AND (id <= 3706349))

table 7 : explain SELECT c FROM sbtest7 WHERE id BETWEEN 286855 AND 286954 ORDER BY c
	Sort  (cost=382.14..382.39 rows=98 width=121)
	  Sort Key: c
	  ->  Index Scan using sbtest7_pkey on sbtest7  (cost=0.43..378.90 rows=98 width=121)
	        Index Cond: ((id >= 286855) AND (id <= 286954))

table 8 : explain SELECT c FROM sbtest8 WHERE id BETWEEN 8076317 AND 8076416 ORDER BY c
	Sort  (cost=426.88..427.16 rows=110 width=121)
	  Sort Key: c
	  ->  Index Scan using sbtest8_pkey on sbtest8  (cost=0.43..423.15 rows=110 width=121)
	        Index Cond: ((id >= 8076317) AND (id <= 8076416))

for index_updates
table 1 : explain UPDATE sbtest1 SET k=k+1 WHERE id=6354954
	Update on sbtest1  (cost=0.43..8.46 rows=0 width=0)
	  ->  Index Scan using sbtest1_pkey on sbtest1  (cost=0.43..8.46 rows=1 width=10)
	        Index Cond: (id = 6354954)

table 2 : explain UPDATE sbtest2 SET k=k+1 WHERE id=8538129
	Update on sbtest2  (cost=0.43..8.46 rows=0 width=0)
	  ->  Index Scan using sbtest2_pkey on sbtest2  (cost=0.43..8.46 rows=1 width=10)
	        Index Cond: (id = 8538129)

table 3 : explain UPDATE sbtest3 SET k=k+1 WHERE id=7810370
	Update on sbtest3  (cost=0.43..8.46 rows=0 width=0)
	  ->  Index Scan using sbtest3_pkey on sbtest3  (cost=0.43..8.46 rows=1 width=10)
	        Index Cond: (id = 7810370)

table 4 : explain UPDATE sbtest4 SET k=k+1 WHERE id=9486538
	Update on sbtest4  (cost=0.43..8.46 rows=0 width=0)
	  ->  Index Scan using sbtest4_pkey on sbtest4  (cost=0.43..8.46 rows=1 width=10)
	        Index Cond: (id = 9486538)

table 5 : explain UPDATE sbtest5 SET k=k+1 WHERE id=4692574
	Update on sbtest5  (cost=0.43..8.46 rows=0 width=0)
	  ->  Index Scan using sbtest5_pkey on sbtest5  (cost=0.43..8.46 rows=1 width=10)
	        Index Cond: (id = 4692574)

table 6 : explain UPDATE sbtest6 SET k=k+1 WHERE id=2543260
	Update on sbtest6  (cost=0.43..8.46 rows=0 width=0)
	  ->  Index Scan using sbtest6_pkey on sbtest6  (cost=0.43..8.46 rows=1 width=10)
	        Index Cond: (id = 2543260)

table 7 : explain UPDATE sbtest7 SET k=k+1 WHERE id=6175450
	Update on sbtest7  (cost=0.43..8.46 rows=0 width=0)
	  ->  Index Scan using sbtest7_pkey on sbtest7  (cost=0.43..8.46 rows=1 width=10)
	        Index Cond: (id = 6175450)

table 8 : explain UPDATE sbtest8 SET k=k+1 WHERE id=48570
	Update on sbtest8  (cost=0.43..8.46 rows=0 width=0)
	  ->  Index Scan using sbtest8_pkey on sbtest8  (cost=0.43..8.46 rows=1 width=10)
	        Index Cond: (id = 48570)

explain: for non_index_updates :: explain UPDATE sbtest%u SET c='foobar' WHERE id=%u
for inserts
table 1 : explain INSERT INTO sbtest1 (id, k, c, pad) VALUES (6615045, 13, 'foobar', 'foobar')
	Insert on sbtest1  (cost=0.00..0.01 rows=0 width=0)
	  ->  Result  (cost=0.00..0.01 rows=1 width=736)

table 2 : explain INSERT INTO sbtest2 (id, k, c, pad) VALUES (6751233, 13, 'foobar', 'foobar')
	Insert on sbtest2  (cost=0.00..0.01 rows=0 width=0)
	  ->  Result  (cost=0.00..0.01 rows=1 width=736)

table 3 : explain INSERT INTO sbtest3 (id, k, c, pad) VALUES (939371, 13, 'foobar', 'foobar')
	Insert on sbtest3  (cost=0.00..0.01 rows=0 width=0)
	  ->  Result  (cost=0.00..0.01 rows=1 width=736)

table 4 : explain INSERT INTO sbtest4 (id, k, c, pad) VALUES (3520283, 13, 'foobar', 'foobar')
	Insert on sbtest4  (cost=0.00..0.01 rows=0 width=0)
	  ->  Result  (cost=0.00..0.01 rows=1 width=736)

table 5 : explain INSERT INTO sbtest5 (id, k, c, pad) VALUES (1318145, 13, 'foobar', 'foobar')
	Insert on sbtest5  (cost=0.00..0.01 rows=0 width=0)
	  ->  Result  (cost=0.00..0.01 rows=1 width=736)

table 6 : explain INSERT INTO sbtest6 (id, k, c, pad) VALUES (371669, 13, 'foobar', 'foobar')
	Insert on sbtest6  (cost=0.00..0.01 rows=0 width=0)
	  ->  Result  (cost=0.00..0.01 rows=1 width=736)

table 7 : explain INSERT INTO sbtest7 (id, k, c, pad) VALUES (9765502, 13, 'foobar', 'foobar')
	Insert on sbtest7  (cost=0.00..0.01 rows=0 width=0)
	  ->  Result  (cost=0.00..0.01 rows=1 width=736)

table 8 : explain INSERT INTO sbtest8 (id, k, c, pad) VALUES (6339500, 13, 'foobar', 'foobar')
	Insert on sbtest8  (cost=0.00..0.01 rows=0 width=0)
	  ->  Result  (cost=0.00..0.01 rows=1 width=736)

for index_updates
table 1 : explain UPDATE sbtest1 SET k=k+1 WHERE id=425935
	Update on sbtest1  (cost=0.43..8.46 rows=0 width=0)
	  ->  Index Scan using sbtest1_pkey on sbtest1  (cost=0.43..8.46 rows=1 width=10)
	        Index Cond: (id = 425935)

table 2 : explain UPDATE sbtest2 SET k=k+1 WHERE id=3955602
	Update on sbtest2  (cost=0.43..8.46 rows=0 width=0)
	  ->  Index Scan using sbtest2_pkey on sbtest2  (cost=0.43..8.46 rows=1 width=10)
	        Index Cond: (id = 3955602)

table 3 : explain UPDATE sbtest3 SET k=k+1 WHERE id=1751495
	Update on sbtest3  (cost=0.43..8.46 rows=0 width=0)
	  ->  Index Scan using sbtest3_pkey on sbtest3  (cost=0.43..8.46 rows=1 width=10)
	        Index Cond: (id = 1751495)

table 4 : explain UPDATE sbtest4 SET k=k+1 WHERE id=2275491
	Update on sbtest4  (cost=0.43..8.46 rows=0 width=0)
	  ->  Index Scan using sbtest4_pkey on sbtest4  (cost=0.43..8.46 rows=1 width=10)
	        Index Cond: (id = 2275491)

table 5 : explain UPDATE sbtest5 SET k=k+1 WHERE id=8906138
	Update on sbtest5  (cost=0.43..8.46 rows=0 width=0)
	  ->  Index Scan using sbtest5_pkey on sbtest5  (cost=0.43..8.46 rows=1 width=10)
	        Index Cond: (id = 8906138)

table 6 : explain UPDATE sbtest6 SET k=k+1 WHERE id=8186608
	Update on sbtest6  (cost=0.43..8.46 rows=0 width=0)
	  ->  Index Scan using sbtest6_pkey on sbtest6  (cost=0.43..8.46 rows=1 width=10)
	        Index Cond: (id = 8186608)

table 7 : explain UPDATE sbtest7 SET k=k+1 WHERE id=6249933
	Update on sbtest7  (cost=0.43..8.46 rows=0 width=0)
	  ->  Index Scan using sbtest7_pkey on sbtest7  (cost=0.43..8.46 rows=1 width=10)
	        Index Cond: (id = 6249933)

table 8 : explain UPDATE sbtest8 SET k=k+1 WHERE id=6356750
	Update on sbtest8  (cost=0.43..8.46 rows=0 width=0)
	  ->  Index Scan using sbtest8_pkey on sbtest8  (cost=0.43..8.46 rows=1 width=10)
	        Index Cond: (id = 6356750)

explain: for deletes :: explain DELETE FROM sbtest%u WHERE id=%u
for index_updates
table 1 : explain UPDATE sbtest1 SET k=k+1 WHERE id=5569552
	Update on sbtest1  (cost=0.43..8.46 rows=0 width=0)
	  ->  Index Scan using sbtest1_pkey on sbtest1  (cost=0.43..8.46 rows=1 width=10)
	        Index Cond: (id = 5569552)

table 2 : explain UPDATE sbtest2 SET k=k+1 WHERE id=3848341
	Update on sbtest2  (cost=0.43..8.46 rows=0 width=0)
	  ->  Index Scan using sbtest2_pkey on sbtest2  (cost=0.43..8.46 rows=1 width=10)
	        Index Cond: (id = 3848341)

table 3 : explain UPDATE sbtest3 SET k=k+1 WHERE id=7677391
	Update on sbtest3  (cost=0.43..8.46 rows=0 width=0)
	  ->  Index Scan using sbtest3_pkey on sbtest3  (cost=0.43..8.46 rows=1 width=10)
	        Index Cond: (id = 7677391)

table 4 : explain UPDATE sbtest4 SET k=k+1 WHERE id=6151446
	Update on sbtest4  (cost=0.43..8.46 rows=0 width=0)
	  ->  Index Scan using sbtest4_pkey on sbtest4  (cost=0.43..8.46 rows=1 width=10)
	        Index Cond: (id = 6151446)

table 5 : explain UPDATE sbtest5 SET k=k+1 WHERE id=5542636
	Update on sbtest5  (cost=0.43..8.46 rows=0 width=0)
	  ->  Index Scan using sbtest5_pkey on sbtest5  (cost=0.43..8.46 rows=1 width=10)
	        Index Cond: (id = 5542636)

table 6 : explain UPDATE sbtest6 SET k=k+1 WHERE id=3129715
	Update on sbtest6  (cost=0.43..8.46 rows=0 width=0)
	  ->  Index Scan using sbtest6_pkey on sbtest6  (cost=0.43..8.46 rows=1 width=10)
	        Index Cond: (id = 3129715)

table 7 : explain UPDATE sbtest7 SET k=k+1 WHERE id=8919785
	Update on sbtest7  (cost=0.43..8.46 rows=0 width=0)
	  ->  Index Scan using sbtest7_pkey on sbtest7  (cost=0.43..8.46 rows=1 width=10)
	        Index Cond: (id = 8919785)

table 8 : explain UPDATE sbtest8 SET k=k+1 WHERE id=996128
	Update on sbtest8  (cost=0.43..8.46 rows=0 width=0)
	  ->  Index Scan using sbtest8_pkey on sbtest8  (cost=0.43..8.46 rows=1 width=10)
	        Index Cond: (id = 996128)

for non_index_updates
table 1 : explain UPDATE sbtest1 SET c='foobar' WHERE id=782265
	Update on sbtest1  (cost=0.43..8.45 rows=0 width=0)
	  ->  Index Scan using sbtest1_pkey on sbtest1  (cost=0.43..8.45 rows=1 width=490)
	        Index Cond: (id = 782265)

table 2 : explain UPDATE sbtest2 SET c='foobar' WHERE id=4593064
	Update on sbtest2  (cost=0.43..8.45 rows=0 width=0)
	  ->  Index Scan using sbtest2_pkey on sbtest2  (cost=0.43..8.45 rows=1 width=490)
	        Index Cond: (id = 4593064)

table 3 : explain UPDATE sbtest3 SET c='foobar' WHERE id=7121038
	Update on sbtest3  (cost=0.43..8.45 rows=0 width=0)
	  ->  Index Scan using sbtest3_pkey on sbtest3  (cost=0.43..8.45 rows=1 width=490)
	        Index Cond: (id = 7121038)

table 4 : explain UPDATE sbtest4 SET c='foobar' WHERE id=342045
	Update on sbtest4  (cost=0.43..8.45 rows=0 width=0)
	  ->  Index Scan using sbtest4_pkey on sbtest4  (cost=0.43..8.45 rows=1 width=490)
	        Index Cond: (id = 342045)

table 5 : explain UPDATE sbtest5 SET c='foobar' WHERE id=6857091
	Update on sbtest5  (cost=0.43..8.45 rows=0 width=0)
	  ->  Index Scan using sbtest5_pkey on sbtest5  (cost=0.43..8.45 rows=1 width=490)
	        Index Cond: (id = 6857091)

table 6 : explain UPDATE sbtest6 SET c='foobar' WHERE id=8994374
	Update on sbtest6  (cost=0.43..8.45 rows=0 width=0)
	  ->  Index Scan using sbtest6_pkey on sbtest6  (cost=0.43..8.45 rows=1 width=490)
	        Index Cond: (id = 8994374)

table 7 : explain UPDATE sbtest7 SET c='foobar' WHERE id=5299385
	Update on sbtest7  (cost=0.43..8.45 rows=0 width=0)
	  ->  Index Scan using sbtest7_pkey on sbtest7  (cost=0.43..8.45 rows=1 width=490)
	        Index Cond: (id = 5299385)

table 8 : explain UPDATE sbtest8 SET c='foobar' WHERE id=3704856
	Update on sbtest8  (cost=0.43..8.45 rows=0 width=0)
	  ->  Index Scan using sbtest8_pkey on sbtest8  (cost=0.43..8.45 rows=1 width=490)
	        Index Cond: (id = 3704856)

explain: for non_index_updates :: explain UPDATE sbtest%u SET c='foobar' WHERE id=%u
explain: for non_index_updates :: explain UPDATE sbtest%u SET c='foobar' WHERE id=%u
explain: for non_index_updates :: explain UPDATE sbtest%u SET c='foobar' WHERE id=%u
for non_index_updates
table 1 : explain UPDATE sbtest1 SET c='foobar' WHERE id=2100827
	Update on sbtest1  (cost=0.43..8.45 rows=0 width=0)
	  ->  Index Scan using sbtest1_pkey on sbtest1  (cost=0.43..8.45 rows=1 width=490)
	        Index Cond: (id = 2100827)

table 2 : explain UPDATE sbtest2 SET c='foobar' WHERE id=649637
	Update on sbtest2  (cost=0.43..8.45 rows=0 width=0)
	  ->  Index Scan using sbtest2_pkey on sbtest2  (cost=0.43..8.45 rows=1 width=490)
	        Index Cond: (id = 649637)

table 3 : explain UPDATE sbtest3 SET c='foobar' WHERE id=5074289
	Update on sbtest3  (cost=0.43..8.45 rows=0 width=0)
	  ->  Index Scan using sbtest3_pkey on sbtest3  (cost=0.43..8.45 rows=1 width=490)
	        Index Cond: (id = 5074289)

table 4 : explain UPDATE sbtest4 SET c='foobar' WHERE id=7308150
	Update on sbtest4  (cost=0.43..8.45 rows=0 width=0)
	  ->  Index Scan using sbtest4_pkey on sbtest4  (cost=0.43..8.45 rows=1 width=490)
	        Index Cond: (id = 7308150)

table 5 : explain UPDATE sbtest5 SET c='foobar' WHERE id=9355556
	Update on sbtest5  (cost=0.43..8.45 rows=0 width=0)
	  ->  Index Scan using sbtest5_pkey on sbtest5  (cost=0.43..8.45 rows=1 width=490)
	        Index Cond: (id = 9355556)

table 6 : explain UPDATE sbtest6 SET c='foobar' WHERE id=5174995
	Update on sbtest6  (cost=0.43..8.45 rows=0 width=0)
	  ->  Index Scan using sbtest6_pkey on sbtest6  (cost=0.43..8.45 rows=1 width=490)
	        Index Cond: (id = 5174995)

table 7 : explain UPDATE sbtest7 SET c='foobar' WHERE id=9541907
	Update on sbtest7  (cost=0.43..8.45 rows=0 width=0)
	  ->  Index Scan using sbtest7_pkey on sbtest7  (cost=0.43..8.45 rows=1 width=490)
	        Index Cond: (id = 9541907)

table 8 : explain UPDATE sbtest8 SET c='foobar' WHERE id=2405204
	Update on sbtest8  (cost=0.43..8.45 rows=0 width=0)
	  ->  Index Scan using sbtest8_pkey on sbtest8  (cost=0.43..8.45 rows=1 width=490)
	        Index Cond: (id = 2405204)

for: order_ranges
table 1 : explain SELECT c FROM sbtest1 WHERE id BETWEEN 8491911 AND 8492010 ORDER BY c
	Sort  (cost=394.73..394.99 rows=102 width=121)
	  Sort Key: c
	  ->  Index Scan using sbtest1_pkey on sbtest1  (cost=0.43..391.33 rows=102 width=121)
	        Index Cond: ((id >= 8491911) AND (id <= 8492010))

table 2 : explain SELECT c FROM sbtest2 WHERE id BETWEEN 9974197 AND 9974296 ORDER BY c
	Sort  (cost=384.33..384.57 rows=99 width=121)
	  Sort Key: c
	  ->  Index Scan using sbtest2_pkey on sbtest2  (cost=0.43..381.04 rows=99 width=121)
	        Index Cond: ((id >= 9974197) AND (id <= 9974296))

table 3 : explain SELECT c FROM sbtest3 WHERE id BETWEEN 3775981 AND 3776080 ORDER BY c
	Sort  (cost=423.34..423.61 rows=109 width=121)
	  Sort Key: c
	  ->  Index Scan using sbtest3_pkey on sbtest3  (cost=0.43..419.65 rows=109 width=121)
	        Index Cond: ((id >= 3775981) AND (id <= 3776080))

table 4 : explain SELECT c FROM sbtest4 WHERE id BETWEEN 4915274 AND 4915373 ORDER BY c
	Sort  (cost=399.60..399.86 rows=103 width=121)
	  Sort Key: c
	  ->  Index Scan using sbtest4_pkey on sbtest4  (cost=0.43..396.16 rows=103 width=121)
	        Index Cond: ((id >= 4915274) AND (id <= 4915373))

table 5 : explain SELECT c FROM sbtest5 WHERE id BETWEEN 6698139 AND 6698238 ORDER BY c
	Sort  (cost=391.88..392.14 rows=101 width=121)
	  Sort Key: c
	  ->  Index Scan using sbtest5_pkey on sbtest5  (cost=0.43..388.52 rows=101 width=121)
	        Index Cond: ((id >= 6698139) AND (id <= 6698238))

table 6 : explain SELECT c FROM sbtest6 WHERE id BETWEEN 543333 AND 543432 ORDER BY c
	Sort  (cost=396.46..396.72 rows=102 width=121)
	  Sort Key: c
	  ->  Index Scan using sbtest6_pkey on sbtest6  (cost=0.43..393.06 rows=102 width=121)
	        Index Cond: ((id >= 543333) AND (id <= 543432))

table 7 : explain SELECT c FROM sbtest7 WHERE id BETWEEN 7465444 AND 7465543 ORDER BY c
	Sort  (cost=382.14..382.39 rows=98 width=121)
	  Sort Key: c
	  ->  Index Scan using sbtest7_pkey on sbtest7  (cost=0.43..378.90 rows=98 width=121)
	        Index Cond: ((id >= 7465444) AND (id <= 7465543))

table 8 : explain SELECT c FROM sbtest8 WHERE id BETWEEN 5703658 AND 5703757 ORDER BY c
	Sort  (cost=334.59..334.80 rows=86 width=121)
	  Sort Key: c
	  ->  Index Scan using sbtest8_pkey on sbtest8  (cost=0.43..331.82 rows=86 width=121)
	        Index Cond: ((id >= 5703658) AND (id <= 5703757))

explain: for deletes :: explain DELETE FROM sbtest%u WHERE id=%u
explain: for deletes :: explain DELETE FROM sbtest%u WHERE id=%u
explain: for deletes :: explain DELETE FROM sbtest%u WHERE id=%u
for non_index_updates
table 1 : explain UPDATE sbtest1 SET c='foobar' WHERE id=8839353
	Update on sbtest1  (cost=0.43..8.45 rows=0 width=0)
	  ->  Index Scan using sbtest1_pkey on sbtest1  (cost=0.43..8.45 rows=1 width=490)
	        Index Cond: (id = 8839353)

table 2 : explain UPDATE sbtest2 SET c='foobar' WHERE id=8103886
	Update on sbtest2  (cost=0.43..8.45 rows=0 width=0)
	  ->  Index Scan using sbtest2_pkey on sbtest2  (cost=0.43..8.45 rows=1 width=490)
	        Index Cond: (id = 8103886)

table 3 : explain UPDATE sbtest3 SET c='foobar' WHERE id=8688062
	Update on sbtest3  (cost=0.43..8.45 rows=0 width=0)
	  ->  Index Scan using sbtest3_pkey on sbtest3  (cost=0.43..8.45 rows=1 width=490)
	        Index Cond: (id = 8688062)

table 4 : explain UPDATE sbtest4 SET c='foobar' WHERE id=6350115
	Update on sbtest4  (cost=0.43..8.45 rows=0 width=0)
	  ->  Index Scan using sbtest4_pkey on sbtest4  (cost=0.43..8.45 rows=1 width=490)
	        Index Cond: (id = 6350115)

table 5 : explain UPDATE sbtest5 SET c='foobar' WHERE id=7634742
	Update on sbtest5  (cost=0.43..8.45 rows=0 width=0)
	  ->  Index Scan using sbtest5_pkey on sbtest5  (cost=0.43..8.45 rows=1 width=490)
	        Index Cond: (id = 7634742)

table 6 : explain UPDATE sbtest6 SET c='foobar' WHERE id=4658020
	Update on sbtest6  (cost=0.43..8.45 rows=0 width=0)
	  ->  Index Scan using sbtest6_pkey on sbtest6  (cost=0.43..8.45 rows=1 width=490)
	        Index Cond: (id = 4658020)

table 7 : explain UPDATE sbtest7 SET c='foobar' WHERE id=6133308
	Update on sbtest7  (cost=0.43..8.45 rows=0 width=0)
	  ->  Index Scan using sbtest7_pkey on sbtest7  (cost=0.43..8.45 rows=1 width=490)
	        Index Cond: (id = 6133308)

table 8 : explain UPDATE sbtest8 SET c='foobar' WHERE id=7196941
	Update on sbtest8  (cost=0.43..8.45 rows=0 width=0)
	  ->  Index Scan using sbtest8_pkey on sbtest8  (cost=0.43..8.45 rows=1 width=490)
	        Index Cond: (id = 7196941)

for non_index_updates
table 1 : explain UPDATE sbtest1 SET c='foobar' WHERE id=6852920
	Update on sbtest1  (cost=0.43..8.45 rows=0 width=0)
	  ->  Index Scan using sbtest1_pkey on sbtest1  (cost=0.43..8.45 rows=1 width=490)
	        Index Cond: (id = 6852920)

table 2 : explain UPDATE sbtest2 SET c='foobar' WHERE id=9672404
	Update on sbtest2  (cost=0.43..8.45 rows=0 width=0)
	  ->  Index Scan using sbtest2_pkey on sbtest2  (cost=0.43..8.45 rows=1 width=490)
	        Index Cond: (id = 9672404)

table 3 : explain UPDATE sbtest3 SET c='foobar' WHERE id=8357525
	Update on sbtest3  (cost=0.43..8.45 rows=0 width=0)
	  ->  Index Scan using sbtest3_pkey on sbtest3  (cost=0.43..8.45 rows=1 width=490)
	        Index Cond: (id = 8357525)

table 4 : explain UPDATE sbtest4 SET c='foobar' WHERE id=4452790
	Update on sbtest4  (cost=0.43..8.45 rows=0 width=0)
	  ->  Index Scan using sbtest4_pkey on sbtest4  (cost=0.43..8.45 rows=1 width=490)
	        Index Cond: (id = 4452790)

table 5 : explain UPDATE sbtest5 SET c='foobar' WHERE id=3362579
	Update on sbtest5  (cost=0.43..8.45 rows=0 width=0)
	  ->  Index Scan using sbtest5_pkey on sbtest5  (cost=0.43..8.45 rows=1 width=490)
	        Index Cond: (id = 3362579)

table 6 : explain UPDATE sbtest6 SET c='foobar' WHERE id=2155843
	Update on sbtest6  (cost=0.43..8.45 rows=0 width=0)
	  ->  Index Scan using sbtest6_pkey on sbtest6  (cost=0.43..8.45 rows=1 width=490)
	        Index Cond: (id = 2155843)

table 7 : explain UPDATE sbtest7 SET c='foobar' WHERE id=276345
	Update on sbtest7  (cost=0.43..8.45 rows=0 width=0)
	  ->  Index Scan using sbtest7_pkey on sbtest7  (cost=0.43..8.45 rows=1 width=490)
	        Index Cond: (id = 276345)

table 8 : explain UPDATE sbtest8 SET c='foobar' WHERE id=645208
	Update on sbtest8  (cost=0.43..8.45 rows=0 width=0)
	  ->  Index Scan using sbtest8_pkey on sbtest8  (cost=0.43..8.45 rows=1 width=490)
	        Index Cond: (id = 645208)

for non_index_updates
table 1 : explain UPDATE sbtest1 SET c='foobar' WHERE id=8477893
	Update on sbtest1  (cost=0.43..8.45 rows=0 width=0)
	  ->  Index Scan using sbtest1_pkey on sbtest1  (cost=0.43..8.45 rows=1 width=490)
	        Index Cond: (id = 8477893)

table 2 : explain UPDATE sbtest2 SET c='foobar' WHERE id=9607399
	Update on sbtest2  (cost=0.43..8.45 rows=0 width=0)
	  ->  Index Scan using sbtest2_pkey on sbtest2  (cost=0.43..8.45 rows=1 width=490)
	        Index Cond: (id = 9607399)

table 3 : explain UPDATE sbtest3 SET c='foobar' WHERE id=9004225
	Update on sbtest3  (cost=0.43..8.45 rows=0 width=0)
	  ->  Index Scan using sbtest3_pkey on sbtest3  (cost=0.43..8.45 rows=1 width=490)
	        Index Cond: (id = 9004225)

table 4 : explain UPDATE sbtest4 SET c='foobar' WHERE id=6730354
	Update on sbtest4  (cost=0.43..8.45 rows=0 width=0)
	  ->  Index Scan using sbtest4_pkey on sbtest4  (cost=0.43..8.45 rows=1 width=490)
	        Index Cond: (id = 6730354)

table 5 : explain UPDATE sbtest5 SET c='foobar' WHERE id=361623
	Update on sbtest5  (cost=0.43..8.45 rows=0 width=0)
	  ->  Index Scan using sbtest5_pkey on sbtest5  (cost=0.43..8.45 rows=1 width=490)
	        Index Cond: (id = 361623)

table 6 : explain UPDATE sbtest6 SET c='foobar' WHERE id=9964187
	Update on sbtest6  (cost=0.43..8.45 rows=0 width=0)
	  ->  Index Scan using sbtest6_pkey on sbtest6  (cost=0.43..8.45 rows=1 width=490)
	        Index Cond: (id = 9964187)

table 7 : explain UPDATE sbtest7 SET c='foobar' WHERE id=3949659
	Update on sbtest7  (cost=0.43..8.45 rows=0 width=0)
	  ->  Index Scan using sbtest7_pkey on sbtest7  (cost=0.43..8.45 rows=1 width=490)
	        Index Cond: (id = 3949659)

table 8 : explain UPDATE sbtest8 SET c='foobar' WHERE id=389718
	Update on sbtest8  (cost=0.43..8.45 rows=0 width=0)
	  ->  Index Scan using sbtest8_pkey on sbtest8  (cost=0.43..8.45 rows=1 width=490)
	        Index Cond: (id = 389718)

for deletes
table 1 : explain DELETE FROM sbtest1 WHERE id=892920
	Delete on sbtest1  (cost=0.43..8.45 rows=0 width=0)
	  ->  Index Scan using sbtest1_pkey on sbtest1  (cost=0.43..8.45 rows=1 width=6)
	        Index Cond: (id = 892920)

table 2 : explain DELETE FROM sbtest2 WHERE id=8156562
	Delete on sbtest2  (cost=0.43..8.45 rows=0 width=0)
	  ->  Index Scan using sbtest2_pkey on sbtest2  (cost=0.43..8.45 rows=1 width=6)
	        Index Cond: (id = 8156562)

table 3 : explain DELETE FROM sbtest3 WHERE id=462996
	Delete on sbtest3  (cost=0.43..8.45 rows=0 width=0)
	  ->  Index Scan using sbtest3_pkey on sbtest3  (cost=0.43..8.45 rows=1 width=6)
	        Index Cond: (id = 462996)

table 4 : explain DELETE FROM sbtest4 WHERE id=7833993
	Delete on sbtest4  (cost=0.43..8.45 rows=0 width=0)
	  ->  Index Scan using sbtest4_pkey on sbtest4  (cost=0.43..8.45 rows=1 width=6)
	        Index Cond: (id = 7833993)

table 5 : explain DELETE FROM sbtest5 WHERE id=7620783
	Delete on sbtest5  (cost=0.43..8.45 rows=0 width=0)
	  ->  Index Scan using sbtest5_pkey on sbtest5  (cost=0.43..8.45 rows=1 width=6)
	        Index Cond: (id = 7620783)

table 6 : explain DELETE FROM sbtest6 WHERE id=22127
	Delete on sbtest6  (cost=0.43..8.45 rows=0 width=0)
	  ->  Index Scan using sbtest6_pkey on sbtest6  (cost=0.43..8.45 rows=1 width=6)
	        Index Cond: (id = 22127)

table 7 : explain DELETE FROM sbtest7 WHERE id=7106830
	Delete on sbtest7  (cost=0.43..8.45 rows=0 width=0)
	  ->  Index Scan using sbtest7_pkey on sbtest7  (cost=0.43..8.45 rows=1 width=6)
	        Index Cond: (id = 7106830)

table 8 : explain DELETE FROM sbtest8 WHERE id=1601719
	Delete on sbtest8  (cost=0.43..8.45 rows=0 width=0)
	  ->  Index Scan using sbtest8_pkey on sbtest8  (cost=0.43..8.45 rows=1 width=6)
	        Index Cond: (id = 1601719)

explain: for deletes :: explain DELETE FROM sbtest%u WHERE id=%u
explain: for deletes :: explain DELETE FROM sbtest%u WHERE id=%u
for deletes
table 1 : explain DELETE FROM sbtest1 WHERE id=9177546
	Delete on sbtest1  (cost=0.43..8.45 rows=0 width=0)
	  ->  Index Scan using sbtest1_pkey on sbtest1  (cost=0.43..8.45 rows=1 width=6)
	        Index Cond: (id = 9177546)

table 2 : explain DELETE FROM sbtest2 WHERE id=3856287
	Delete on sbtest2  (cost=0.43..8.45 rows=0 width=0)
	  ->  Index Scan using sbtest2_pkey on sbtest2  (cost=0.43..8.45 rows=1 width=6)
	        Index Cond: (id = 3856287)

table 3 : explain DELETE FROM sbtest3 WHERE id=6193537
	Delete on sbtest3  (cost=0.43..8.45 rows=0 width=0)
	  ->  Index Scan using sbtest3_pkey on sbtest3  (cost=0.43..8.45 rows=1 width=6)
	        Index Cond: (id = 6193537)

table 4 : explain DELETE FROM sbtest4 WHERE id=3715977
	Delete on sbtest4  (cost=0.43..8.45 rows=0 width=0)
	  ->  Index Scan using sbtest4_pkey on sbtest4  (cost=0.43..8.45 rows=1 width=6)
	        Index Cond: (id = 3715977)

table 5 : explain DELETE FROM sbtest5 WHERE id=3162942
	Delete on sbtest5  (cost=0.43..8.45 rows=0 width=0)
	  ->  Index Scan using sbtest5_pkey on sbtest5  (cost=0.43..8.45 rows=1 width=6)
	        Index Cond: (id = 3162942)

table 6 : explain DELETE FROM sbtest6 WHERE id=9362779
	Delete on sbtest6  (cost=0.43..8.45 rows=0 width=0)
	  ->  Index Scan using sbtest6_pkey on sbtest6  (cost=0.43..8.45 rows=1 width=6)
	        Index Cond: (id = 9362779)

table 7 : explain DELETE FROM sbtest7 WHERE id=1966742
	Delete on sbtest7  (cost=0.43..8.45 rows=0 width=0)
	  ->  Index Scan using sbtest7_pkey on sbtest7  (cost=0.43..8.45 rows=1 width=6)
	        Index Cond: (id = 1966742)

table 8 : explain DELETE FROM sbtest8 WHERE id=1075461
	Delete on sbtest8  (cost=0.43..8.45 rows=0 width=0)
	  ->  Index Scan using sbtest8_pkey on sbtest8  (cost=0.43..8.45 rows=1 width=6)
	        Index Cond: (id = 1075461)

explain: for deletes :: explain DELETE FROM sbtest%u WHERE id=%u
for deletes
table 1 : explain DELETE FROM sbtest1 WHERE id=3566019
	Delete on sbtest1  (cost=0.43..8.45 rows=0 width=0)
	  ->  Index Scan using sbtest1_pkey on sbtest1  (cost=0.43..8.45 rows=1 width=6)
	        Index Cond: (id = 3566019)

table 2 : explain DELETE FROM sbtest2 WHERE id=7747431
	Delete on sbtest2  (cost=0.43..8.45 rows=0 width=0)
	  ->  Index Scan using sbtest2_pkey on sbtest2  (cost=0.43..8.45 rows=1 width=6)
	        Index Cond: (id = 7747431)

table 3 : explain DELETE FROM sbtest3 WHERE id=2224429
	Delete on sbtest3  (cost=0.43..8.45 rows=0 width=0)
	  ->  Index Scan using sbtest3_pkey on sbtest3  (cost=0.43..8.45 rows=1 width=6)
	        Index Cond: (id = 2224429)

table 4 : explain DELETE FROM sbtest4 WHERE id=9543997
	Delete on sbtest4  (cost=0.43..8.45 rows=0 width=0)
	  ->  Index Scan using sbtest4_pkey on sbtest4  (cost=0.43..8.45 rows=1 width=6)
	        Index Cond: (id = 9543997)

table 5 : explain DELETE FROM sbtest5 WHERE id=7526419
	Delete on sbtest5  (cost=0.43..8.45 rows=0 width=0)
	  ->  Index Scan using sbtest5_pkey on sbtest5  (cost=0.43..8.45 rows=1 width=6)
	        Index Cond: (id = 7526419)

table 6 : explain DELETE FROM sbtest6 WHERE id=7868502
	Delete on sbtest6  (cost=0.43..8.45 rows=0 width=0)
	  ->  Index Scan using sbtest6_pkey on sbtest6  (cost=0.43..8.45 rows=1 width=6)
	        Index Cond: (id = 7868502)

table 7 : explain DELETE FROM sbtest7 WHERE id=5333809
	Delete on sbtest7  (cost=0.43..8.45 rows=0 width=0)
	  ->  Index Scan using sbtest7_pkey on sbtest7  (cost=0.43..8.45 rows=1 width=6)
	        Index Cond: (id = 5333809)

table 8 : explain DELETE FROM sbtest8 WHERE id=1182040
	Delete on sbtest8  (cost=0.43..8.45 rows=0 width=0)
	  ->  Index Scan using sbtest8_pkey on sbtest8  (cost=0.43..8.45 rows=1 width=6)
	        Index Cond: (id = 1182040)

for deletes
table 1 : explain DELETE FROM sbtest1 WHERE id=1309850
	Delete on sbtest1  (cost=0.43..8.45 rows=0 width=0)
	  ->  Index Scan using sbtest1_pkey on sbtest1  (cost=0.43..8.45 rows=1 width=6)
	        Index Cond: (id = 1309850)

table 2 : explain DELETE FROM sbtest2 WHERE id=7639628
	Delete on sbtest2  (cost=0.43..8.45 rows=0 width=0)
	  ->  Index Scan using sbtest2_pkey on sbtest2  (cost=0.43..8.45 rows=1 width=6)
	        Index Cond: (id = 7639628)

table 3 : explain DELETE FROM sbtest3 WHERE id=8379443
	Delete on sbtest3  (cost=0.43..8.45 rows=0 width=0)
	  ->  Index Scan using sbtest3_pkey on sbtest3  (cost=0.43..8.45 rows=1 width=6)
	        Index Cond: (id = 8379443)

table 4 : explain DELETE FROM sbtest4 WHERE id=1174403
	Delete on sbtest4  (cost=0.43..8.45 rows=0 width=0)
	  ->  Index Scan using sbtest4_pkey on sbtest4  (cost=0.43..8.45 rows=1 width=6)
	        Index Cond: (id = 1174403)

table 5 : explain DELETE FROM sbtest5 WHERE id=3122539
	Delete on sbtest5  (cost=0.43..8.45 rows=0 width=0)
	  ->  Index Scan using sbtest5_pkey on sbtest5  (cost=0.43..8.45 rows=1 width=6)
	        Index Cond: (id = 3122539)

table 6 : explain DELETE FROM sbtest6 WHERE id=6528298
	Delete on sbtest6  (cost=0.43..8.45 rows=0 width=0)
	  ->  Index Scan using sbtest6_pkey on sbtest6  (cost=0.43..8.45 rows=1 width=6)
	        Index Cond: (id = 6528298)

table 7 : explain DELETE FROM sbtest7 WHERE id=8104612
	Delete on sbtest7  (cost=0.43..8.45 rows=0 width=0)
	  ->  Index Scan using sbtest7_pkey on sbtest7  (cost=0.43..8.45 rows=1 width=6)
	        Index Cond: (id = 8104612)

table 8 : explain DELETE FROM sbtest8 WHERE id=7823535
	Delete on sbtest8  (cost=0.43..8.45 rows=0 width=0)
	  ->  Index Scan using sbtest8_pkey on sbtest8  (cost=0.43..8.45 rows=1 width=6)
	        Index Cond: (id = 7823535)

for deletes
table 1 : explain DELETE FROM sbtest1 WHERE id=9553011
	Delete on sbtest1  (cost=0.43..8.45 rows=0 width=0)
	  ->  Index Scan using sbtest1_pkey on sbtest1  (cost=0.43..8.45 rows=1 width=6)
	        Index Cond: (id = 9553011)

table 2 : explain DELETE FROM sbtest2 WHERE id=8833478
	Delete on sbtest2  (cost=0.43..8.45 rows=0 width=0)
	  ->  Index Scan using sbtest2_pkey on sbtest2  (cost=0.43..8.45 rows=1 width=6)
	        Index Cond: (id = 8833478)

table 3 : explain DELETE FROM sbtest3 WHERE id=2822307
	Delete on sbtest3  (cost=0.43..8.45 rows=0 width=0)
	  ->  Index Scan using sbtest3_pkey on sbtest3  (cost=0.43..8.45 rows=1 width=6)
	        Index Cond: (id = 2822307)

table 4 : explain DELETE FROM sbtest4 WHERE id=7692691
	Delete on sbtest4  (cost=0.43..8.45 rows=0 width=0)
	  ->  Index Scan using sbtest4_pkey on sbtest4  (cost=0.43..8.45 rows=1 width=6)
	        Index Cond: (id = 7692691)

table 5 : explain DELETE FROM sbtest5 WHERE id=9786687
	Delete on sbtest5  (cost=0.43..8.45 rows=0 width=0)
	  ->  Index Scan using sbtest5_pkey on sbtest5  (cost=0.43..8.45 rows=1 width=6)
	        Index Cond: (id = 9786687)

table 6 : explain DELETE FROM sbtest6 WHERE id=6729187
	Delete on sbtest6  (cost=0.43..8.45 rows=0 width=0)
	  ->  Index Scan using sbtest6_pkey on sbtest6  (cost=0.43..8.45 rows=1 width=6)
	        Index Cond: (id = 6729187)

table 7 : explain DELETE FROM sbtest7 WHERE id=953391
	Delete on sbtest7  (cost=0.43..8.45 rows=0 width=0)
	  ->  Index Scan using sbtest7_pkey on sbtest7  (cost=0.43..8.45 rows=1 width=6)
	        Index Cond: (id = 953391)

table 8 : explain DELETE FROM sbtest8 WHERE id=5975997
	Delete on sbtest8  (cost=0.43..8.45 rows=0 width=0)
	  ->  Index Scan using sbtest8_pkey on sbtest8  (cost=0.43..8.45 rows=1 width=6)
	        Index Cond: (id = 5975997)

for deletes
table 1 : explain DELETE FROM sbtest1 WHERE id=3778696
	Delete on sbtest1  (cost=0.43..8.45 rows=0 width=0)
	  ->  Index Scan using sbtest1_pkey on sbtest1  (cost=0.43..8.45 rows=1 width=6)
	        Index Cond: (id = 3778696)

table 2 : explain DELETE FROM sbtest2 WHERE id=2866479
	Delete on sbtest2  (cost=0.43..8.45 rows=0 width=0)
	  ->  Index Scan using sbtest2_pkey on sbtest2  (cost=0.43..8.45 rows=1 width=6)
	        Index Cond: (id = 2866479)

table 3 : explain DELETE FROM sbtest3 WHERE id=7124665
	Delete on sbtest3  (cost=0.43..8.45 rows=0 width=0)
	  ->  Index Scan using sbtest3_pkey on sbtest3  (cost=0.43..8.45 rows=1 width=6)
	        Index Cond: (id = 7124665)

table 4 : explain DELETE FROM sbtest4 WHERE id=1333764
	Delete on sbtest4  (cost=0.43..8.45 rows=0 width=0)
	  ->  Index Scan using sbtest4_pkey on sbtest4  (cost=0.43..8.45 rows=1 width=6)
	        Index Cond: (id = 1333764)

table 5 : explain DELETE FROM sbtest5 WHERE id=8426061
	Delete on sbtest5  (cost=0.43..8.45 rows=0 width=0)
	  ->  Index Scan using sbtest5_pkey on sbtest5  (cost=0.43..8.45 rows=1 width=6)
	        Index Cond: (id = 8426061)

table 6 : explain DELETE FROM sbtest6 WHERE id=8367388
	Delete on sbtest6  (cost=0.43..8.45 rows=0 width=0)
	  ->  Index Scan using sbtest6_pkey on sbtest6  (cost=0.43..8.45 rows=1 width=6)
	        Index Cond: (id = 8367388)

table 7 : explain DELETE FROM sbtest7 WHERE id=1009781
	Delete on sbtest7  (cost=0.43..8.45 rows=0 width=0)
	  ->  Index Scan using sbtest7_pkey on sbtest7  (cost=0.43..8.45 rows=1 width=6)
	        Index Cond: (id = 1009781)

table 8 : explain DELETE FROM sbtest8 WHERE id=9699352
	Delete on sbtest8  (cost=0.43..8.45 rows=0 width=0)
	  ->  Index Scan using sbtest8_pkey on sbtest8  (cost=0.43..8.45 rows=1 width=6)
	        Index Cond: (id = 9699352)

for deletes
table 1 : explain DELETE FROM sbtest1 WHERE id=9561163
	Delete on sbtest1  (cost=0.43..8.45 rows=0 width=0)
	  ->  Index Scan using sbtest1_pkey on sbtest1  (cost=0.43..8.45 rows=1 width=6)
	        Index Cond: (id = 9561163)

table 2 : explain DELETE FROM sbtest2 WHERE id=2719012
	Delete on sbtest2  (cost=0.43..8.45 rows=0 width=0)
	  ->  Index Scan using sbtest2_pkey on sbtest2  (cost=0.43..8.45 rows=1 width=6)
	        Index Cond: (id = 2719012)

table 3 : explain DELETE FROM sbtest3 WHERE id=5815523
	Delete on sbtest3  (cost=0.43..8.45 rows=0 width=0)
	  ->  Index Scan using sbtest3_pkey on sbtest3  (cost=0.43..8.45 rows=1 width=6)
	        Index Cond: (id = 5815523)

table 4 : explain DELETE FROM sbtest4 WHERE id=29170
	Delete on sbtest4  (cost=0.43..8.45 rows=0 width=0)
	  ->  Index Scan using sbtest4_pkey on sbtest4  (cost=0.43..8.45 rows=1 width=6)
	        Index Cond: (id = 29170)

table 5 : explain DELETE FROM sbtest5 WHERE id=9849292
	Delete on sbtest5  (cost=0.43..8.45 rows=0 width=0)
	  ->  Index Scan using sbtest5_pkey on sbtest5  (cost=0.43..8.45 rows=1 width=6)
	        Index Cond: (id = 9849292)

table 6 : explain DELETE FROM sbtest6 WHERE id=9207869
	Delete on sbtest6  (cost=0.43..8.45 rows=0 width=0)
	  ->  Index Scan using sbtest6_pkey on sbtest6  (cost=0.43..8.45 rows=1 width=6)
	        Index Cond: (id = 9207869)

table 7 : explain DELETE FROM sbtest7 WHERE id=5059274
	Delete on sbtest7  (cost=0.43..8.45 rows=0 width=0)
	  ->  Index Scan using sbtest7_pkey on sbtest7  (cost=0.43..8.45 rows=1 width=6)
	        Index Cond: (id = 5059274)

table 8 : explain DELETE FROM sbtest8 WHERE id=7499997
	Delete on sbtest8  (cost=0.43..8.45 rows=0 width=0)
	  ->  Index Scan using sbtest8_pkey on sbtest8  (cost=0.43..8.45 rows=1 width=6)
	        Index Cond: (id = 7499997)

for: order_ranges
table 1 : explain SELECT c FROM sbtest1 WHERE id BETWEEN 1080191 AND 1080290 ORDER BY c
	Sort  (cost=390.90..391.15 rows=101 width=121)
	  Sort Key: c
	  ->  Index Scan using sbtest1_pkey on sbtest1  (cost=0.43..387.54 rows=101 width=121)
	        Index Cond: ((id >= 1080191) AND (id <= 1080290))

table 2 : explain SELECT c FROM sbtest2 WHERE id BETWEEN 3656030 AND 3656129 ORDER BY c
	Sort  (cost=357.39..357.62 rows=92 width=121)
	  Sort Key: c
	  ->  Index Scan using sbtest2_pkey on sbtest2  (cost=0.43..354.39 rows=92 width=121)
	        Index Cond: ((id >= 3656030) AND (id <= 3656129))

table 3 : explain SELECT c FROM sbtest3 WHERE id BETWEEN 8305424 AND 8305523 ORDER BY c
	Sort  (cost=369.43..369.67 rows=95 width=121)
	  Sort Key: c
	  ->  Index Scan using sbtest3_pkey on sbtest3  (cost=0.43..366.31 rows=95 width=121)
	        Index Cond: ((id >= 8305424) AND (id <= 8305523))

table 4 : explain SELECT c FROM sbtest4 WHERE id BETWEEN 2501954 AND 2502053 ORDER BY c
	Sort  (cost=391.92..392.18 rows=101 width=121)
	  Sort Key: c
	  ->  Index Scan using sbtest4_pkey on sbtest4  (cost=0.43..388.56 rows=101 width=121)
	        Index Cond: ((id >= 2501954) AND (id <= 2502053))

table 5 : explain SELECT c FROM sbtest5 WHERE id BETWEEN 1079531 AND 1079630 ORDER BY c
	Sort  (cost=418.76..419.03 rows=108 width=121)
	  Sort Key: c
	  ->  Index Scan using sbtest5_pkey on sbtest5  (cost=0.43..415.11 rows=108 width=121)
	        Index Cond: ((id >= 1079531) AND (id <= 1079630))

table 6 : explain SELECT c FROM sbtest6 WHERE id BETWEEN 3831394 AND 3831493 ORDER BY c
	Sort  (cost=388.77..389.02 rows=100 width=121)
	  Sort Key: c
	  ->  Index Scan using sbtest6_pkey on sbtest6  (cost=0.43..385.45 rows=100 width=121)
	        Index Cond: ((id >= 3831394) AND (id <= 3831493))

table 7 : explain SELECT c FROM sbtest7 WHERE id BETWEEN 619697 AND 619796 ORDER BY c
	Sort  (cost=393.72..393.97 rows=101 width=121)
	  Sort Key: c
	  ->  Index Scan using sbtest7_pkey on sbtest7  (cost=0.43..390.35 rows=101 width=121)
	        Index Cond: ((id >= 619697) AND (id <= 619796))

table 8 : explain SELECT c FROM sbtest8 WHERE id BETWEEN 2973001 AND 2973100 ORDER BY c
	Sort  (cost=423.04..423.31 rows=109 width=121)
	  Sort Key: c
	  ->  Index Scan using sbtest8_pkey on sbtest8  (cost=0.43..419.35 rows=109 width=121)
	        Index Cond: ((id >= 2973001) AND (id <= 2973100))

explain: for inserts :: explain INSERT INTO sbtest%u (id, k, c, pad) VALUES (%u, 13, 'foobar', 'foobar')
for: distinct_ranges
table 1 : explain SELECT DISTINCT c FROM sbtest1 WHERE id BETWEEN 7161018 AND 7161117 ORDER BY c
	Unique  (cost=379.41..379.90 rows=98 width=121)
	  ->  Sort  (cost=379.41..379.66 rows=98 width=121)
	        Sort Key: c
	        ->  Index Scan using sbtest1_pkey on sbtest1  (cost=0.43..376.17 rows=98 width=121)
	              Index Cond: ((id >= 7161018) AND (id <= 7161117))

table 2 : explain SELECT DISTINCT c FROM sbtest2 WHERE id BETWEEN 6566831 AND 6566930 ORDER BY c
	Unique  (cost=376.64..377.13 rows=97 width=121)
	  ->  Sort  (cost=376.64..376.89 rows=97 width=121)
	        Sort Key: c
	        ->  Index Scan using sbtest2_pkey on sbtest2  (cost=0.43..373.44 rows=97 width=121)
	              Index Cond: ((id >= 6566831) AND (id <= 6566930))

table 3 : explain SELECT DISTINCT c FROM sbtest3 WHERE id BETWEEN 7417245 AND 7417344 ORDER BY c
	Unique  (cost=361.74..362.21 rows=93 width=121)
	  ->  Sort  (cost=361.74..361.98 rows=93 width=121)
	        Sort Key: c
	        ->  Index Scan using sbtest3_pkey on sbtest3  (cost=0.43..358.70 rows=93 width=121)
	              Index Cond: ((id >= 7417245) AND (id <= 7417344))

table 4 : explain SELECT DISTINCT c FROM sbtest4 WHERE id BETWEEN 8538445 AND 8538544 ORDER BY c
	Unique  (cost=376.56..377.05 rows=97 width=121)
	  ->  Sort  (cost=376.56..376.81 rows=97 width=121)
	        Sort Key: c
	        ->  Index Scan using sbtest4_pkey on sbtest4  (cost=0.43..373.36 rows=97 width=121)
	              Index Cond: ((id >= 8538445) AND (id <= 8538544))

table 5 : explain SELECT DISTINCT c FROM sbtest5 WHERE id BETWEEN 398615 AND 398714 ORDER BY c
	Unique  (cost=353.44..353.89 rows=91 width=121)
	  ->  Sort  (cost=353.44..353.66 rows=91 width=121)
	        Sort Key: c
	        ->  Index Scan using sbtest5_pkey on sbtest5  (cost=0.43..350.48 rows=91 width=121)
	              Index Cond: ((id >= 398615) AND (id <= 398714))

table 6 : explain SELECT DISTINCT c FROM sbtest6 WHERE id BETWEEN 3313473 AND 3313572 ORDER BY c
	Unique  (cost=361.79..362.25 rows=93 width=121)
	  ->  Sort  (cost=361.79..362.02 rows=93 width=121)
	        Sort Key: c
	        ->  Index Scan using sbtest6_pkey on sbtest6  (cost=0.43..358.75 rows=93 width=121)
	              Index Cond: ((id >= 3313473) AND (id <= 3313572))

table 7 : explain SELECT DISTINCT c FROM sbtest7 WHERE id BETWEEN 7965114 AND 7965213 ORDER BY c
	Unique  (cost=397.57..398.08 rows=102 width=121)
	  ->  Sort  (cost=397.57..397.83 rows=102 width=121)
	        Sort Key: c
	        ->  Index Scan using sbtest7_pkey on sbtest7  (cost=0.43..394.17 rows=102 width=121)
	              Index Cond: ((id >= 7965114) AND (id <= 7965213))

table 8 : explain SELECT DISTINCT c FROM sbtest8 WHERE id BETWEEN 9631783 AND 9631882 ORDER BY c
	Unique  (cost=396.13..396.64 rows=102 width=121)
	  ->  Sort  (cost=396.13..396.39 rows=102 width=121)
	        Sort Key: c
	        ->  Index Scan using sbtest8_pkey on sbtest8  (cost=0.43..392.73 rows=102 width=121)
	              Index Cond: ((id >= 9631783) AND (id <= 9631882))

explain: for inserts :: explain INSERT INTO sbtest%u (id, k, c, pad) VALUES (%u, 13, 'foobar', 'foobar')
explain: for inserts :: explain INSERT INTO sbtest%u (id, k, c, pad) VALUES (%u, 13, 'foobar', 'foobar')
for inserts
table 1 : explain INSERT INTO sbtest1 (id, k, c, pad) VALUES (7409270, 13, 'foobar', 'foobar')
	Insert on sbtest1  (cost=0.00..0.01 rows=0 width=0)
	  ->  Result  (cost=0.00..0.01 rows=1 width=736)

table 2 : explain INSERT INTO sbtest2 (id, k, c, pad) VALUES (6836552, 13, 'foobar', 'foobar')
	Insert on sbtest2  (cost=0.00..0.01 rows=0 width=0)
	  ->  Result  (cost=0.00..0.01 rows=1 width=736)

table 3 : explain INSERT INTO sbtest3 (id, k, c, pad) VALUES (3928543, 13, 'foobar', 'foobar')
	Insert on sbtest3  (cost=0.00..0.01 rows=0 width=0)
	  ->  Result  (cost=0.00..0.01 rows=1 width=736)

table 4 : explain INSERT INTO sbtest4 (id, k, c, pad) VALUES (8431981, 13, 'foobar', 'foobar')
	Insert on sbtest4  (cost=0.00..0.01 rows=0 width=0)
	  ->  Result  (cost=0.00..0.01 rows=1 width=736)

table 5 : explain INSERT INTO sbtest5 (id, k, c, pad) VALUES (5893011, 13, 'foobar', 'foobar')
	Insert on sbtest5  (cost=0.00..0.01 rows=0 width=0)
	  ->  Result  (cost=0.00..0.01 rows=1 width=736)

table 6 : explain INSERT INTO sbtest6 (id, k, c, pad) VALUES (4986695, 13, 'foobar', 'foobar')
	Insert on sbtest6  (cost=0.00..0.01 rows=0 width=0)
	  ->  Result  (cost=0.00..0.01 rows=1 width=736)

table 7 : explain INSERT INTO sbtest7 (id, k, c, pad) VALUES (9710738, 13, 'foobar', 'foobar')
	Insert on sbtest7  (cost=0.00..0.01 rows=0 width=0)
	  ->  Result  (cost=0.00..0.01 rows=1 width=736)

table 8 : explain INSERT INTO sbtest8 (id, k, c, pad) VALUES (8388191, 13, 'foobar', 'foobar')
	Insert on sbtest8  (cost=0.00..0.01 rows=0 width=0)
	  ->  Result  (cost=0.00..0.01 rows=1 width=736)

for inserts
table 1 : explain INSERT INTO sbtest1 (id, k, c, pad) VALUES (4639988, 13, 'foobar', 'foobar')
	Insert on sbtest1  (cost=0.00..0.01 rows=0 width=0)
	  ->  Result  (cost=0.00..0.01 rows=1 width=736)

table 2 : explain INSERT INTO sbtest2 (id, k, c, pad) VALUES (2788284, 13, 'foobar', 'foobar')
	Insert on sbtest2  (cost=0.00..0.01 rows=0 width=0)
	  ->  Result  (cost=0.00..0.01 rows=1 width=736)

table 3 : explain INSERT INTO sbtest3 (id, k, c, pad) VALUES (9920335, 13, 'foobar', 'foobar')
	Insert on sbtest3  (cost=0.00..0.01 rows=0 width=0)
	  ->  Result  (cost=0.00..0.01 rows=1 width=736)

table 4 : explain INSERT INTO sbtest4 (id, k, c, pad) VALUES (9877039, 13, 'foobar', 'foobar')
	Insert on sbtest4  (cost=0.00..0.01 rows=0 width=0)
	  ->  Result  (cost=0.00..0.01 rows=1 width=736)

table 5 : explain INSERT INTO sbtest5 (id, k, c, pad) VALUES (8639264, 13, 'foobar', 'foobar')
	Insert on sbtest5  (cost=0.00..0.01 rows=0 width=0)
	  ->  Result  (cost=0.00..0.01 rows=1 width=736)

table 6 : explain INSERT INTO sbtest6 (id, k, c, pad) VALUES (3104761, 13, 'foobar', 'foobar')
	Insert on sbtest6  (cost=0.00..0.01 rows=0 width=0)
	  ->  Result  (cost=0.00..0.01 rows=1 width=736)

table 7 : explain INSERT INTO sbtest7 (id, k, c, pad) VALUES (9126327, 13, 'foobar', 'foobar')
	Insert on sbtest7  (cost=0.00..0.01 rows=0 width=0)
	  ->  Result  (cost=0.00..0.01 rows=1 width=736)

table 8 : explain INSERT INTO sbtest8 (id, k, c, pad) VALUES (5314701, 13, 'foobar', 'foobar')
	Insert on sbtest8  (cost=0.00..0.01 rows=0 width=0)
	  ->  Result  (cost=0.00..0.01 rows=1 width=736)

explain: for inserts :: explain INSERT INTO sbtest%u (id, k, c, pad) VALUES (%u, 13, 'foobar', 'foobar')
explain: for inserts :: explain INSERT INTO sbtest%u (id, k, c, pad) VALUES (%u, 13, 'foobar', 'foobar')
for: distinct_ranges
table 1 : explain SELECT DISTINCT c FROM sbtest1 WHERE id BETWEEN 1639690 AND 1639789 ORDER BY c
	Unique  (cost=379.41..379.90 rows=98 width=121)
	  ->  Sort  (cost=379.41..379.66 rows=98 width=121)
	        Sort Key: c
	        ->  Index Scan using sbtest1_pkey on sbtest1  (cost=0.43..376.17 rows=98 width=121)
	              Index Cond: ((id >= 1639690) AND (id <= 1639789))

table 2 : explain SELECT DISTINCT c FROM sbtest2 WHERE id BETWEEN 46113 AND 46212 ORDER BY c
	Unique  (cost=353.55..354.00 rows=91 width=121)
	  ->  Sort  (cost=353.55..353.78 rows=91 width=121)
	        Sort Key: c
	        ->  Index Scan using sbtest2_pkey on sbtest2  (cost=0.43..350.59 rows=91 width=121)
	              Index Cond: ((id >= 46113) AND (id <= 46212))

table 3 : explain SELECT DISTINCT c FROM sbtest3 WHERE id BETWEEN 5454143 AND 5454242 ORDER BY c
	Unique  (cost=365.59..366.06 rows=94 width=121)
	  ->  Sort  (cost=365.59..365.82 rows=94 width=121)
	        Sort Key: c
	        ->  Index Scan using sbtest3_pkey on sbtest3  (cost=0.43..362.51 rows=94 width=121)
	              Index Cond: ((id >= 5454143) AND (id <= 5454242))

table 4 : explain SELECT DISTINCT c FROM sbtest4 WHERE id BETWEEN 9071512 AND 9071611 ORDER BY c
	Unique  (cost=434.17..434.73 rows=112 width=121)
	  ->  Sort  (cost=434.17..434.45 rows=112 width=121)
	        Sort Key: c
	        ->  Index Scan using sbtest4_pkey on sbtest4  (cost=0.43..430.36 rows=112 width=121)
	              Index Cond: ((id >= 9071512) AND (id <= 9071611))

table 5 : explain SELECT DISTINCT c FROM sbtest5 WHERE id BETWEEN 5400591 AND 5400690 ORDER BY c
	Unique  (cost=391.88..392.39 rows=101 width=121)
	  ->  Sort  (cost=391.88..392.14 rows=101 width=121)
	        Sort Key: c
	        ->  Index Scan using sbtest5_pkey on sbtest5  (cost=0.43..388.52 rows=101 width=121)
	              Index Cond: ((id >= 5400591) AND (id <= 5400690))

table 6 : explain SELECT DISTINCT c FROM sbtest6 WHERE id BETWEEN 864603 AND 864702 ORDER BY c
	Unique  (cost=388.77..389.27 rows=100 width=121)
	  ->  Sort  (cost=388.77..389.02 rows=100 width=121)
	        Sort Key: c
	        ->  Index Scan using sbtest6_pkey on sbtest6  (cost=0.43..385.45 rows=100 width=121)
	              Index Cond: ((id >= 864603) AND (id <= 864702))

table 7 : explain SELECT DISTINCT c FROM sbtest7 WHERE id BETWEEN 536152 AND 536251 ORDER BY c
	Unique  (cost=397.57..398.08 rows=102 width=121)
	  ->  Sort  (cost=397.57..397.83 rows=102 width=121)
	        Sort Key: c
	        ->  Index Scan using sbtest7_pkey on sbtest7  (cost=0.43..394.17 rows=102 width=121)
	              Index Cond: ((id >= 536152) AND (id <= 536251))

table 8 : explain SELECT DISTINCT c FROM sbtest8 WHERE id BETWEEN 8226754 AND 8226853 ORDER BY c
	Unique  (cost=399.98..400.49 rows=103 width=121)
	  ->  Sort  (cost=399.98..400.23 rows=103 width=121)
	        Sort Key: c
	        ->  Index Scan using sbtest8_pkey on sbtest8  (cost=0.43..396.53 rows=103 width=121)
	              Index Cond: ((id >= 8226754) AND (id <= 8226853))

explain: for inserts :: explain INSERT INTO sbtest%u (id, k, c, pad) VALUES (%u, 13, 'foobar', 'foobar')
explain: for index_updates :: explain UPDATE sbtest%u SET k=k+1 WHERE id=%u
for inserts
table 1 : explain INSERT INTO sbtest1 (id, k, c, pad) VALUES (176262, 13, 'foobar', 'foobar')
	Insert on sbtest1  (cost=0.00..0.01 rows=0 width=0)
	  ->  Result  (cost=0.00..0.01 rows=1 width=736)

table 2 : explain INSERT INTO sbtest2 (id, k, c, pad) VALUES (3416651, 13, 'foobar', 'foobar')
	Insert on sbtest2  (cost=0.00..0.01 rows=0 width=0)
	  ->  Result  (cost=0.00..0.01 rows=1 width=736)

table 3 : explain INSERT INTO sbtest3 (id, k, c, pad) VALUES (2989744, 13, 'foobar', 'foobar')
	Insert on sbtest3  (cost=0.00..0.01 rows=0 width=0)
	  ->  Result  (cost=0.00..0.01 rows=1 width=736)

table 4 : explain INSERT INTO sbtest4 (id, k, c, pad) VALUES (1382030, 13, 'foobar', 'foobar')
	Insert on sbtest4  (cost=0.00..0.01 rows=0 width=0)
	  ->  Result  (cost=0.00..0.01 rows=1 width=736)

table 5 : explain INSERT INTO sbtest5 (id, k, c, pad) VALUES (4399796, 13, 'foobar', 'foobar')
	Insert on sbtest5  (cost=0.00..0.01 rows=0 width=0)
	  ->  Result  (cost=0.00..0.01 rows=1 width=736)

table 6 : explain INSERT INTO sbtest6 (id, k, c, pad) VALUES (9267657, 13, 'foobar', 'foobar')
	Insert on sbtest6  (cost=0.00..0.01 rows=0 width=0)
	  ->  Result  (cost=0.00..0.01 rows=1 width=736)

table 7 : explain INSERT INTO sbtest7 (id, k, c, pad) VALUES (4025900, 13, 'foobar', 'foobar')
	Insert on sbtest7  (cost=0.00..0.01 rows=0 width=0)
	  ->  Result  (cost=0.00..0.01 rows=1 width=736)

table 8 : explain INSERT INTO sbtest8 (id, k, c, pad) VALUES (9601350, 13, 'foobar', 'foobar')
	Insert on sbtest8  (cost=0.00..0.01 rows=0 width=0)
	  ->  Result  (cost=0.00..0.01 rows=1 width=736)

for inserts
table 1 : explain INSERT INTO sbtest1 (id, k, c, pad) VALUES (1142416, 13, 'foobar', 'foobar')
	Insert on sbtest1  (cost=0.00..0.01 rows=0 width=0)
	  ->  Result  (cost=0.00..0.01 rows=1 width=736)

table 2 : explain INSERT INTO sbtest2 (id, k, c, pad) VALUES (858257, 13, 'foobar', 'foobar')
	Insert on sbtest2  (cost=0.00..0.01 rows=0 width=0)
	  ->  Result  (cost=0.00..0.01 rows=1 width=736)

table 3 : explain INSERT INTO sbtest3 (id, k, c, pad) VALUES (9688980, 13, 'foobar', 'foobar')
	Insert on sbtest3  (cost=0.00..0.01 rows=0 width=0)
	  ->  Result  (cost=0.00..0.01 rows=1 width=736)

table 4 : explain INSERT INTO sbtest4 (id, k, c, pad) VALUES (8194861, 13, 'foobar', 'foobar')
	Insert on sbtest4  (cost=0.00..0.01 rows=0 width=0)
	  ->  Result  (cost=0.00..0.01 rows=1 width=736)

table 5 : explain INSERT INTO sbtest5 (id, k, c, pad) VALUES (1670617, 13, 'foobar', 'foobar')
	Insert on sbtest5  (cost=0.00..0.01 rows=0 width=0)
	  ->  Result  (cost=0.00..0.01 rows=1 width=736)

table 6 : explain INSERT INTO sbtest6 (id, k, c, pad) VALUES (2176794, 13, 'foobar', 'foobar')
	Insert on sbtest6  (cost=0.00..0.01 rows=0 width=0)
	  ->  Result  (cost=0.00..0.01 rows=1 width=736)

table 7 : explain INSERT INTO sbtest7 (id, k, c, pad) VALUES (2040439, 13, 'foobar', 'foobar')
	Insert on sbtest7  (cost=0.00..0.01 rows=0 width=0)
	  ->  Result  (cost=0.00..0.01 rows=1 width=736)

table 8 : explain INSERT INTO sbtest8 (id, k, c, pad) VALUES (5366777, 13, 'foobar', 'foobar')
	Insert on sbtest8  (cost=0.00..0.01 rows=0 width=0)
	  ->  Result  (cost=0.00..0.01 rows=1 width=736)

for inserts
table 1 : explain INSERT INTO sbtest1 (id, k, c, pad) VALUES (4925665, 13, 'foobar', 'foobar')
	Insert on sbtest1  (cost=0.00..0.01 rows=0 width=0)
	  ->  Result  (cost=0.00..0.01 rows=1 width=736)

table 2 : explain INSERT INTO sbtest2 (id, k, c, pad) VALUES (1672702, 13, 'foobar', 'foobar')
	Insert on sbtest2  (cost=0.00..0.01 rows=0 width=0)
	  ->  Result  (cost=0.00..0.01 rows=1 width=736)

table 3 : explain INSERT INTO sbtest3 (id, k, c, pad) VALUES (8040531, 13, 'foobar', 'foobar')
	Insert on sbtest3  (cost=0.00..0.01 rows=0 width=0)
	  ->  Result  (cost=0.00..0.01 rows=1 width=736)

table 4 : explain INSERT INTO sbtest4 (id, k, c, pad) VALUES (7430215, 13, 'foobar', 'foobar')
	Insert on sbtest4  (cost=0.00..0.01 rows=0 width=0)
	  ->  Result  (cost=0.00..0.01 rows=1 width=736)

table 5 : explain INSERT INTO sbtest5 (id, k, c, pad) VALUES (9136720, 13, 'foobar', 'foobar')
	Insert on sbtest5  (cost=0.00..0.01 rows=0 width=0)
	  ->  Result  (cost=0.00..0.01 rows=1 width=736)

table 6 : explain INSERT INTO sbtest6 (id, k, c, pad) VALUES (3125508, 13, 'foobar', 'foobar')
	Insert on sbtest6  (cost=0.00..0.01 rows=0 width=0)
	  ->  Result  (cost=0.00..0.01 rows=1 width=736)

table 7 : explain INSERT INTO sbtest7 (id, k, c, pad) VALUES (6828767, 13, 'foobar', 'foobar')
	Insert on sbtest7  (cost=0.00..0.01 rows=0 width=0)
	  ->  Result  (cost=0.00..0.01 rows=1 width=736)

table 8 : explain INSERT INTO sbtest8 (id, k, c, pad) VALUES (4935272, 13, 'foobar', 'foobar')
	Insert on sbtest8  (cost=0.00..0.01 rows=0 width=0)
	  ->  Result  (cost=0.00..0.01 rows=1 width=736)

for inserts
table 1 : explain INSERT INTO sbtest1 (id, k, c, pad) VALUES (8722548, 13, 'foobar', 'foobar')
	Insert on sbtest1  (cost=0.00..0.01 rows=0 width=0)
	  ->  Result  (cost=0.00..0.01 rows=1 width=736)

table 2 : explain INSERT INTO sbtest2 (id, k, c, pad) VALUES (6854890, 13, 'foobar', 'foobar')
	Insert on sbtest2  (cost=0.00..0.01 rows=0 width=0)
	  ->  Result  (cost=0.00..0.01 rows=1 width=736)

table 3 : explain INSERT INTO sbtest3 (id, k, c, pad) VALUES (5064004, 13, 'foobar', 'foobar')
	Insert on sbtest3  (cost=0.00..0.01 rows=0 width=0)
	  ->  Result  (cost=0.00..0.01 rows=1 width=736)

table 4 : explain INSERT INTO sbtest4 (id, k, c, pad) VALUES (8007561, 13, 'foobar', 'foobar')
	Insert on sbtest4  (cost=0.00..0.01 rows=0 width=0)
	  ->  Result  (cost=0.00..0.01 rows=1 width=736)

table 5 : explain INSERT INTO sbtest5 (id, k, c, pad) VALUES (8632512, 13, 'foobar', 'foobar')
	Insert on sbtest5  (cost=0.00..0.01 rows=0 width=0)
	  ->  Result  (cost=0.00..0.01 rows=1 width=736)

table 6 : explain INSERT INTO sbtest6 (id, k, c, pad) VALUES (3033501, 13, 'foobar', 'foobar')
	Insert on sbtest6  (cost=0.00..0.01 rows=0 width=0)
	  ->  Result  (cost=0.00..0.01 rows=1 width=736)

table 7 : explain INSERT INTO sbtest7 (id, k, c, pad) VALUES (3154174, 13, 'foobar', 'foobar')
	Insert on sbtest7  (cost=0.00..0.01 rows=0 width=0)
	  ->  Result  (cost=0.00..0.01 rows=1 width=736)

table 8 : explain INSERT INTO sbtest8 (id, k, c, pad) VALUES (6443048, 13, 'foobar', 'foobar')
	Insert on sbtest8  (cost=0.00..0.01 rows=0 width=0)
	  ->  Result  (cost=0.00..0.01 rows=1 width=736)

for: distinct_ranges
table 1 : explain SELECT DISTINCT c FROM sbtest1 WHERE id BETWEEN 3165285 AND 3165384 ORDER BY c
	Unique  (cost=379.41..379.90 rows=98 width=121)
	  ->  Sort  (cost=379.41..379.66 rows=98 width=121)
	        Sort Key: c
	        ->  Index Scan using sbtest1_pkey on sbtest1  (cost=0.43..376.17 rows=98 width=121)
	              Index Cond: ((id >= 3165285) AND (id <= 3165384))

table 2 : explain SELECT DISTINCT c FROM sbtest2 WHERE id BETWEEN 5657111 AND 5657210 ORDER BY c
	Unique  (cost=418.89..419.43 rows=108 width=121)
	  ->  Sort  (cost=418.89..419.16 rows=108 width=121)
	        Sort Key: c
	        ->  Index Scan using sbtest2_pkey on sbtest2  (cost=0.43..415.25 rows=108 width=121)
	              Index Cond: ((id >= 5657111) AND (id <= 5657210))

table 3 : explain SELECT DISTINCT c FROM sbtest3 WHERE id BETWEEN 371998 AND 372097 ORDER BY c
	Unique  (cost=365.59..366.06 rows=94 width=121)
	  ->  Sort  (cost=365.59..365.82 rows=94 width=121)
	        Sort Key: c
	        ->  Index Scan using sbtest3_pkey on sbtest3  (cost=0.43..362.51 rows=94 width=121)
	              Index Cond: ((id >= 371998) AND (id <= 372097))

table 4 : explain SELECT DISTINCT c FROM sbtest4 WHERE id BETWEEN 9558259 AND 9558358 ORDER BY c
	Unique  (cost=411.12..411.65 rows=106 width=121)
	  ->  Sort  (cost=411.12..411.39 rows=106 width=121)
	        Sort Key: c
	        ->  Index Scan using sbtest4_pkey on sbtest4  (cost=0.43..407.56 rows=106 width=121)
	              Index Cond: ((id >= 9558259) AND (id <= 9558358))

table 5 : explain SELECT DISTINCT c FROM sbtest5 WHERE id BETWEEN 8988643 AND 8988742 ORDER BY c
	Unique  (cost=380.37..380.86 rows=98 width=121)
	  ->  Sort  (cost=380.37..380.61 rows=98 width=121)
	        Sort Key: c
	        ->  Index Scan using sbtest5_pkey on sbtest5  (cost=0.43..377.12 rows=98 width=121)
	              Index Cond: ((id >= 8988643) AND (id <= 8988742))

table 6 : explain SELECT DISTINCT c FROM sbtest6 WHERE id BETWEEN 505794 AND 505893 ORDER BY c
	Unique  (cost=365.64..366.11 rows=94 width=121)
	  ->  Sort  (cost=365.64..365.87 rows=94 width=121)
	        Sort Key: c
	        ->  Index Scan using sbtest6_pkey on sbtest6  (cost=0.43..362.56 rows=94 width=121)
	              Index Cond: ((id >= 505794) AND (id <= 505893))

table 7 : explain SELECT DISTINCT c FROM sbtest7 WHERE id BETWEEN 2942130 AND 2942229 ORDER BY c
	Unique  (cost=378.28..378.77 rows=97 width=121)
	  ->  Sort  (cost=378.28..378.53 rows=97 width=121)
	        Sort Key: c
	        ->  Index Scan using sbtest7_pkey on sbtest7  (cost=0.43..375.08 rows=97 width=121)
	              Index Cond: ((id >= 2942130) AND (id <= 2942229))

table 8 : explain SELECT DISTINCT c FROM sbtest8 WHERE id BETWEEN 5779520 AND 5779619 ORDER BY c
	Unique  (cost=334.59..335.02 rows=86 width=121)
	  ->  Sort  (cost=334.59..334.80 rows=86 width=121)
	        Sort Key: c
	        ->  Index Scan using sbtest8_pkey on sbtest8  (cost=0.43..331.82 rows=86 width=121)
	              Index Cond: ((id >= 5779520) AND (id <= 5779619))

explain: for index_updates :: explain UPDATE sbtest%u SET k=k+1 WHERE id=%u
for: order_ranges
table 1 : explain SELECT c FROM sbtest1 WHERE id BETWEEN 368380 AND 368479 ORDER BY c
	Sort  (cost=413.88..414.15 rows=107 width=121)
	  Sort Key: c
	  ->  Index Scan using sbtest1_pkey on sbtest1  (cost=0.43..410.27 rows=107 width=121)
	        Index Cond: ((id >= 368380) AND (id <= 368479))

table 2 : explain SELECT c FROM sbtest2 WHERE id BETWEEN 915805 AND 915904 ORDER BY c
	Sort  (cost=388.17..388.42 rows=100 width=121)
	  Sort Key: c
	  ->  Index Scan using sbtest2_pkey on sbtest2  (cost=0.43..384.84 rows=100 width=121)
	        Index Cond: ((id >= 915805) AND (id <= 915904))

table 3 : explain SELECT c FROM sbtest3 WHERE id BETWEEN 1943007 AND 1943106 ORDER BY c
	Sort  (cost=384.87..385.12 rows=99 width=121)
	  Sort Key: c
	  ->  Index Scan using sbtest3_pkey on sbtest3  (cost=0.43..381.59 rows=99 width=121)
	        Index Cond: ((id >= 1943007) AND (id <= 1943106))

table 4 : explain SELECT c FROM sbtest4 WHERE id BETWEEN 4008418 AND 4008517 ORDER BY c
	Sort  (cost=403.44..403.70 rows=104 width=121)
	  Sort Key: c
	  ->  Index Scan using sbtest4_pkey on sbtest4  (cost=0.43..399.96 rows=104 width=121)
	        Index Cond: ((id >= 4008418) AND (id <= 4008517))

table 5 : explain SELECT c FROM sbtest5 WHERE id BETWEEN 2567925 AND 2568024 ORDER BY c
	Sort  (cost=388.04..388.29 rows=100 width=121)
	  Sort Key: c
	  ->  Index Scan using sbtest5_pkey on sbtest5  (cost=0.43..384.72 rows=100 width=121)
	        Index Cond: ((id >= 2567925) AND (id <= 2568024))

table 6 : explain SELECT c FROM sbtest6 WHERE id BETWEEN 3443098 AND 3443197 ORDER BY c
	Sort  (cost=388.77..389.02 rows=100 width=121)
	  Sort Key: c
	  ->  Index Scan using sbtest6_pkey on sbtest6  (cost=0.43..385.45 rows=100 width=121)
	        Index Cond: ((id >= 3443098) AND (id <= 3443197))

table 7 : explain SELECT c FROM sbtest7 WHERE id BETWEEN 7640392 AND 7640491 ORDER BY c
	Sort  (cost=416.86..417.13 rows=107 width=121)
	  Sort Key: c
	  ->  Index Scan using sbtest7_pkey on sbtest7  (cost=0.43..413.26 rows=107 width=121)
	        Index Cond: ((id >= 7640392) AND (id <= 7640491))

table 8 : explain SELECT c FROM sbtest8 WHERE id BETWEEN 2850934 AND 2851033 ORDER BY c
	Sort  (cost=384.60..384.85 rows=99 width=121)
	  Sort Key: c
	  ->  Index Scan using sbtest8_pkey on sbtest8  (cost=0.43..381.32 rows=99 width=121)
	        Index Cond: ((id >= 2850934) AND (id <= 2851033))

for index_updates
table 1 : explain UPDATE sbtest1 SET k=k+1 WHERE id=2076198
	Update on sbtest1  (cost=0.43..8.46 rows=0 width=0)
	  ->  Index Scan using sbtest1_pkey on sbtest1  (cost=0.43..8.46 rows=1 width=10)
	        Index Cond: (id = 2076198)

table 2 : explain UPDATE sbtest2 SET k=k+1 WHERE id=8317479
	Update on sbtest2  (cost=0.43..8.46 rows=0 width=0)
	  ->  Index Scan using sbtest2_pkey on sbtest2  (cost=0.43..8.46 rows=1 width=10)
	        Index Cond: (id = 8317479)

table 3 : explain UPDATE sbtest3 SET k=k+1 WHERE id=6493673
	Update on sbtest3  (cost=0.43..8.46 rows=0 width=0)
	  ->  Index Scan using sbtest3_pkey on sbtest3  (cost=0.43..8.46 rows=1 width=10)
	        Index Cond: (id = 6493673)

table 4 : explain UPDATE sbtest4 SET k=k+1 WHERE id=6362608
	Update on sbtest4  (cost=0.43..8.46 rows=0 width=0)
	  ->  Index Scan using sbtest4_pkey on sbtest4  (cost=0.43..8.46 rows=1 width=10)
	        Index Cond: (id = 6362608)

table 5 : explain UPDATE sbtest5 SET k=k+1 WHERE id=7195688
	Update on sbtest5  (cost=0.43..8.46 rows=0 width=0)
	  ->  Index Scan using sbtest5_pkey on sbtest5  (cost=0.43..8.46 rows=1 width=10)
	        Index Cond: (id = 7195688)

table 6 : explain UPDATE sbtest6 SET k=k+1 WHERE id=741931
	Update on sbtest6  (cost=0.43..8.46 rows=0 width=0)
	  ->  Index Scan using sbtest6_pkey on sbtest6  (cost=0.43..8.46 rows=1 width=10)
	        Index Cond: (id = 741931)

table 7 : explain UPDATE sbtest7 SET k=k+1 WHERE id=7701159
	Update on sbtest7  (cost=0.43..8.46 rows=0 width=0)
	  ->  Index Scan using sbtest7_pkey on sbtest7  (cost=0.43..8.46 rows=1 width=10)
	        Index Cond: (id = 7701159)

table 8 : explain UPDATE sbtest8 SET k=k+1 WHERE id=5899537
	Update on sbtest8  (cost=0.43..8.46 rows=0 width=0)
	  ->  Index Scan using sbtest8_pkey on sbtest8  (cost=0.43..8.46 rows=1 width=10)
	        Index Cond: (id = 5899537)

explain: for index_updates :: explain UPDATE sbtest%u SET k=k+1 WHERE id=%u
for: distinct_ranges
table 1 : explain SELECT DISTINCT c FROM sbtest1 WHERE id BETWEEN 2179957 AND 2180056 ORDER BY c
	Unique  (cost=398.56..399.08 rows=103 width=121)
	  ->  Sort  (cost=398.56..398.82 rows=103 width=121)
	        Sort Key: c
	        ->  Index Scan using sbtest1_pkey on sbtest1  (cost=0.43..395.12 rows=103 width=121)
	              Index Cond: ((id >= 2179957) AND (id <= 2180056))

table 2 : explain SELECT DISTINCT c FROM sbtest2 WHERE id BETWEEN 1640302 AND 1640401 ORDER BY c
	Unique  (cost=372.80..373.28 rows=96 width=121)
	  ->  Sort  (cost=372.80..373.04 rows=96 width=121)
	        Sort Key: c
	        ->  Index Scan using sbtest2_pkey on sbtest2  (cost=0.43..369.64 rows=96 width=121)
	              Index Cond: ((id >= 1640302) AND (id <= 1640401))

table 3 : explain SELECT DISTINCT c FROM sbtest3 WHERE id BETWEEN 3024653 AND 3024752 ORDER BY c
	Unique  (cost=407.95..408.48 rows=105 width=121)
	  ->  Sort  (cost=407.95..408.21 rows=105 width=121)
	        Sort Key: c
	        ->  Index Scan using sbtest3_pkey on sbtest3  (cost=0.43..404.43 rows=105 width=121)
	              Index Cond: ((id >= 3024653) AND (id <= 3024752))

table 4 : explain SELECT DISTINCT c FROM sbtest4 WHERE id BETWEEN 1136208 AND 1136307 ORDER BY c
	Unique  (cost=438.01..438.57 rows=113 width=121)
	  ->  Sort  (cost=438.01..438.29 rows=113 width=121)
	        Sort Key: c
	        ->  Index Scan using sbtest4_pkey on sbtest4  (cost=0.43..434.15 rows=113 width=121)
	              Index Cond: ((id >= 1136208) AND (id <= 1136307))

table 5 : explain SELECT DISTINCT c FROM sbtest5 WHERE id BETWEEN 4092001 AND 4092100 ORDER BY c
	Unique  (cost=365.01..365.48 rows=94 width=121)
	  ->  Sort  (cost=365.01..365.24 rows=94 width=121)
	        Sort Key: c
	        ->  Index Scan using sbtest5_pkey on sbtest5  (cost=0.43..361.93 rows=94 width=121)
	              Index Cond: ((id >= 4092001) AND (id <= 4092100))

table 6 : explain SELECT DISTINCT c FROM sbtest6 WHERE id BETWEEN 1148860 AND 1148959 ORDER BY c
	Unique  (cost=384.92..385.42 rows=99 width=121)
	  ->  Sort  (cost=384.92..385.17 rows=99 width=121)
	        Sort Key: c
	        ->  Index Scan using sbtest6_pkey on sbtest6  (cost=0.43..381.64 rows=99 width=121)
	              Index Cond: ((id >= 1148860) AND (id <= 1148959))

table 7 : explain SELECT DISTINCT c FROM sbtest7 WHERE id BETWEEN 4479560 AND 4479659 ORDER BY c
	Unique  (cost=413.01..413.54 rows=106 width=121)
	  ->  Sort  (cost=413.01..413.27 rows=106 width=121)
	        Sort Key: c
	        ->  Index Scan using sbtest7_pkey on sbtest7  (cost=0.43..409.44 rows=106 width=121)
	              Index Cond: ((id >= 4479560) AND (id <= 4479659))

table 8 : explain SELECT DISTINCT c FROM sbtest8 WHERE id BETWEEN 8073337 AND 8073436 ORDER BY c
	Unique  (cost=426.88..427.43 rows=110 width=121)
	  ->  Sort  (cost=426.88..427.16 rows=110 width=121)
	        Sort Key: c
	        ->  Index Scan using sbtest8_pkey on sbtest8  (cost=0.43..423.15 rows=110 width=121)
	              Index Cond: ((id >= 8073337) AND (id <= 8073436))

for index_updates
table 1 : explain UPDATE sbtest1 SET k=k+1 WHERE id=2087456
	Update on sbtest1  (cost=0.43..8.46 rows=0 width=0)
	  ->  Index Scan using sbtest1_pkey on sbtest1  (cost=0.43..8.46 rows=1 width=10)
	        Index Cond: (id = 2087456)

table 2 : explain UPDATE sbtest2 SET k=k+1 WHERE id=498729
	Update on sbtest2  (cost=0.43..8.46 rows=0 width=0)
	  ->  Index Scan using sbtest2_pkey on sbtest2  (cost=0.43..8.46 rows=1 width=10)
	        Index Cond: (id = 498729)

table 3 : explain UPDATE sbtest3 SET k=k+1 WHERE id=9529269
	Update on sbtest3  (cost=0.43..8.46 rows=0 width=0)
	  ->  Index Scan using sbtest3_pkey on sbtest3  (cost=0.43..8.46 rows=1 width=10)
	        Index Cond: (id = 9529269)

table 4 : explain UPDATE sbtest4 SET k=k+1 WHERE id=5126552
	Update on sbtest4  (cost=0.43..8.46 rows=0 width=0)
	  ->  Index Scan using sbtest4_pkey on sbtest4  (cost=0.43..8.46 rows=1 width=10)
	        Index Cond: (id = 5126552)

table 5 : explain UPDATE sbtest5 SET k=k+1 WHERE id=9952646
	Update on sbtest5  (cost=0.43..8.46 rows=0 width=0)
	  ->  Index Scan using sbtest5_pkey on sbtest5  (cost=0.43..8.46 rows=1 width=10)
	        Index Cond: (id = 9952646)

table 6 : explain UPDATE sbtest6 SET k=k+1 WHERE id=9952461
	Update on sbtest6  (cost=0.43..8.46 rows=0 width=0)
	  ->  Index Scan using sbtest6_pkey on sbtest6  (cost=0.43..8.46 rows=1 width=10)
	        Index Cond: (id = 9952461)

table 7 : explain UPDATE sbtest7 SET k=k+1 WHERE id=5527203
	Update on sbtest7  (cost=0.43..8.46 rows=0 width=0)
	  ->  Index Scan using sbtest7_pkey on sbtest7  (cost=0.43..8.46 rows=1 width=10)
	        Index Cond: (id = 5527203)

table 8 : explain UPDATE sbtest8 SET k=k+1 WHERE id=9906018
	Update on sbtest8  (cost=0.43..8.46 rows=0 width=0)
	  ->  Index Scan using sbtest8_pkey on sbtest8  (cost=0.43..8.46 rows=1 width=10)
	        Index Cond: (id = 9906018)

explain: for non_index_updates :: explain UPDATE sbtest%u SET c='foobar' WHERE id=%u
explain: for index_updates :: explain UPDATE sbtest%u SET k=k+1 WHERE id=%u
for: distinct_ranges
table 1 : explain SELECT DISTINCT c FROM sbtest1 WHERE id BETWEEN 4847449 AND 4847548 ORDER BY c
	Unique  (cost=425.37..425.92 rows=110 width=121)
	  ->  Sort  (cost=425.37..425.65 rows=110 width=121)
	        Sort Key: c
	        ->  Index Scan using sbtest1_pkey on sbtest1  (cost=0.43..421.64 rows=110 width=121)
	              Index Cond: ((id >= 4847449) AND (id <= 4847548))

table 2 : explain SELECT DISTINCT c FROM sbtest2 WHERE id BETWEEN 636158 AND 636257 ORDER BY c
	Unique  (cost=403.53..404.05 rows=104 width=121)
	  ->  Sort  (cost=403.53..403.79 rows=104 width=121)
	        Sort Key: c
	        ->  Index Scan using sbtest2_pkey on sbtest2  (cost=0.43..400.05 rows=104 width=121)
	              Index Cond: ((id >= 636158) AND (id <= 636257))

table 3 : explain SELECT DISTINCT c FROM sbtest3 WHERE id BETWEEN 146498 AND 146597 ORDER BY c
	Unique  (cost=411.80..412.33 rows=106 width=121)
	  ->  Sort  (cost=411.80..412.06 rows=106 width=121)
	        Sort Key: c
	        ->  Index Scan using sbtest3_pkey on sbtest3  (cost=0.43..408.23 rows=106 width=121)
	              Index Cond: ((id >= 146498) AND (id <= 146597))

table 4 : explain SELECT DISTINCT c FROM sbtest4 WHERE id BETWEEN 7650961 AND 7651060 ORDER BY c
	Unique  (cost=364.99..365.46 rows=94 width=121)
	  ->  Sort  (cost=364.99..365.23 rows=94 width=121)
	        Sort Key: c
	        ->  Index Scan using sbtest4_pkey on sbtest4  (cost=0.43..361.91 rows=94 width=121)
	              Index Cond: ((id >= 7650961) AND (id <= 7651060))

table 5 : explain SELECT DISTINCT c FROM sbtest5 WHERE id BETWEEN 2755262 AND 2755361 ORDER BY c
	Unique  (cost=388.04..388.54 rows=100 width=121)
	  ->  Sort  (cost=388.04..388.29 rows=100 width=121)
	        Sort Key: c
	        ->  Index Scan using sbtest5_pkey on sbtest5  (cost=0.43..384.72 rows=100 width=121)
	              Index Cond: ((id >= 2755262) AND (id <= 2755361))

table 6 : explain SELECT DISTINCT c FROM sbtest6 WHERE id BETWEEN 8532846 AND 8532945 ORDER BY c
	Unique  (cost=357.94..358.40 rows=92 width=121)
	  ->  Sort  (cost=357.94..358.17 rows=92 width=121)
	        Sort Key: c
	        ->  Index Scan using sbtest6_pkey on sbtest6  (cost=0.43..354.94 rows=92 width=121)
	              Index Cond: ((id >= 8532846) AND (id <= 8532945))

table 7 : explain SELECT DISTINCT c FROM sbtest7 WHERE id BETWEEN 217419 AND 217518 ORDER BY c
	Unique  (cost=382.14..382.63 rows=98 width=121)
	  ->  Sort  (cost=382.14..382.39 rows=98 width=121)
	        Sort Key: c
	        ->  Index Scan using sbtest7_pkey on sbtest7  (cost=0.43..378.90 rows=98 width=121)
	              Index Cond: ((id >= 217419) AND (id <= 217518))

table 8 : explain SELECT DISTINCT c FROM sbtest8 WHERE id BETWEEN 9094603 AND 9094702 ORDER BY c
	Unique  (cost=388.44..388.94 rows=100 width=121)
	  ->  Sort  (cost=388.44..388.69 rows=100 width=121)
	        Sort Key: c
	        ->  Index Scan using sbtest8_pkey on sbtest8  (cost=0.43..385.12 rows=100 width=121)
	              Index Cond: ((id >= 9094603) AND (id <= 9094702))

explain: for non_index_updates :: explain UPDATE sbtest%u SET c='foobar' WHERE id=%u
for index_updates
table 1 : explain UPDATE sbtest1 SET k=k+1 WHERE id=4819473
	Update on sbtest1  (cost=0.43..8.46 rows=0 width=0)
	  ->  Index Scan using sbtest1_pkey on sbtest1  (cost=0.43..8.46 rows=1 width=10)
	        Index Cond: (id = 4819473)

table 2 : explain UPDATE sbtest2 SET k=k+1 WHERE id=824335
	Update on sbtest2  (cost=0.43..8.46 rows=0 width=0)
	  ->  Index Scan using sbtest2_pkey on sbtest2  (cost=0.43..8.46 rows=1 width=10)
	        Index Cond: (id = 824335)

table 3 : explain UPDATE sbtest3 SET k=k+1 WHERE id=1572019
	Update on sbtest3  (cost=0.43..8.46 rows=0 width=0)
	  ->  Index Scan using sbtest3_pkey on sbtest3  (cost=0.43..8.46 rows=1 width=10)
	        Index Cond: (id = 1572019)

table 4 : explain UPDATE sbtest4 SET k=k+1 WHERE id=247913
	Update on sbtest4  (cost=0.43..8.46 rows=0 width=0)
	  ->  Index Scan using sbtest4_pkey on sbtest4  (cost=0.43..8.46 rows=1 width=10)
	        Index Cond: (id = 247913)

table 5 : explain UPDATE sbtest5 SET k=k+1 WHERE id=8798622
	Update on sbtest5  (cost=0.43..8.46 rows=0 width=0)
	  ->  Index Scan using sbtest5_pkey on sbtest5  (cost=0.43..8.46 rows=1 width=10)
	        Index Cond: (id = 8798622)

table 6 : explain UPDATE sbtest6 SET k=k+1 WHERE id=4746368
	Update on sbtest6  (cost=0.43..8.46 rows=0 width=0)
	  ->  Index Scan using sbtest6_pkey on sbtest6  (cost=0.43..8.46 rows=1 width=10)
	        Index Cond: (id = 4746368)

table 7 : explain UPDATE sbtest7 SET k=k+1 WHERE id=3783618
	Update on sbtest7  (cost=0.43..8.46 rows=0 width=0)
	  ->  Index Scan using sbtest7_pkey on sbtest7  (cost=0.43..8.46 rows=1 width=10)
	        Index Cond: (id = 3783618)

table 8 : explain UPDATE sbtest8 SET k=k+1 WHERE id=1181740
	Update on sbtest8  (cost=0.43..8.46 rows=0 width=0)
	  ->  Index Scan using sbtest8_pkey on sbtest8  (cost=0.43..8.46 rows=1 width=10)
	        Index Cond: (id = 1181740)

for non_index_updates
table 1 : explain UPDATE sbtest1 SET c='foobar' WHERE id=4650014
	Update on sbtest1  (cost=0.43..8.45 rows=0 width=0)
	  ->  Index Scan using sbtest1_pkey on sbtest1  (cost=0.43..8.45 rows=1 width=490)
	        Index Cond: (id = 4650014)

table 2 : explain UPDATE sbtest2 SET c='foobar' WHERE id=8952620
	Update on sbtest2  (cost=0.43..8.45 rows=0 width=0)
	  ->  Index Scan using sbtest2_pkey on sbtest2  (cost=0.43..8.45 rows=1 width=490)
	        Index Cond: (id = 8952620)

table 3 : explain UPDATE sbtest3 SET c='foobar' WHERE id=2430607
	Update on sbtest3  (cost=0.43..8.45 rows=0 width=0)
	  ->  Index Scan using sbtest3_pkey on sbtest3  (cost=0.43..8.45 rows=1 width=490)
	        Index Cond: (id = 2430607)

table 4 : explain UPDATE sbtest4 SET c='foobar' WHERE id=8367788
	Update on sbtest4  (cost=0.43..8.45 rows=0 width=0)
	  ->  Index Scan using sbtest4_pkey on sbtest4  (cost=0.43..8.45 rows=1 width=490)
	        Index Cond: (id = 8367788)

table 5 : explain UPDATE sbtest5 SET c='foobar' WHERE id=425068
	Update on sbtest5  (cost=0.43..8.45 rows=0 width=0)
	  ->  Index Scan using sbtest5_pkey on sbtest5  (cost=0.43..8.45 rows=1 width=490)
	        Index Cond: (id = 425068)

table 6 : explain UPDATE sbtest6 SET c='foobar' WHERE id=1544129
	Update on sbtest6  (cost=0.43..8.45 rows=0 width=0)
	  ->  Index Scan using sbtest6_pkey on sbtest6  (cost=0.43..8.45 rows=1 width=490)
	        Index Cond: (id = 1544129)

table 7 : explain UPDATE sbtest7 SET c='foobar' WHERE id=9765073
	Update on sbtest7  (cost=0.43..8.45 rows=0 width=0)
	  ->  Index Scan using sbtest7_pkey on sbtest7  (cost=0.43..8.45 rows=1 width=490)
	        Index Cond: (id = 9765073)

table 8 : explain UPDATE sbtest8 SET c='foobar' WHERE id=8067873
	Update on sbtest8  (cost=0.43..8.45 rows=0 width=0)
	  ->  Index Scan using sbtest8_pkey on sbtest8  (cost=0.43..8.45 rows=1 width=490)
	        Index Cond: (id = 8067873)

explain: for index_updates :: explain UPDATE sbtest%u SET k=k+1 WHERE id=%u
for: distinct_ranges
table 1 : explain SELECT DISTINCT c FROM sbtest1 WHERE id BETWEEN 5089868 AND 5089967 ORDER BY c
	Unique  (cost=356.38..356.84 rows=92 width=121)
	  ->  Sort  (cost=356.38..356.61 rows=92 width=121)
	        Sort Key: c
	        ->  Index Scan using sbtest1_pkey on sbtest1  (cost=0.43..353.38 rows=92 width=121)
	              Index Cond: ((id >= 5089868) AND (id <= 5089967))

table 2 : explain SELECT DISTINCT c FROM sbtest2 WHERE id BETWEEN 3241608 AND 3241707 ORDER BY c
	Unique  (cost=415.05..415.59 rows=107 width=121)
	  ->  Sort  (cost=415.05..415.32 rows=107 width=121)
	        Sort Key: c
	        ->  Index Scan using sbtest2_pkey on sbtest2  (cost=0.43..411.45 rows=107 width=121)
	              Index Cond: ((id >= 3241608) AND (id <= 3241707))

table 3 : explain SELECT DISTINCT c FROM sbtest3 WHERE id BETWEEN 1954704 AND 1954803 ORDER BY c
	Unique  (cost=384.87..385.37 rows=99 width=121)
	  ->  Sort  (cost=384.87..385.12 rows=99 width=121)
	        Sort Key: c
	        ->  Index Scan using sbtest3_pkey on sbtest3  (cost=0.43..381.59 rows=99 width=121)
	              Index Cond: ((id >= 1954704) AND (id <= 1954803))

table 4 : explain SELECT DISTINCT c FROM sbtest4 WHERE id BETWEEN 2505556 AND 2505655 ORDER BY c
	Unique  (cost=391.92..392.43 rows=101 width=121)
	  ->  Sort  (cost=391.92..392.18 rows=101 width=121)
	        Sort Key: c
	        ->  Index Scan using sbtest4_pkey on sbtest4  (cost=0.43..388.56 rows=101 width=121)
	              Index Cond: ((id >= 2505556) AND (id <= 2505655))

table 5 : explain SELECT DISTINCT c FROM sbtest5 WHERE id BETWEEN 6739053 AND 6739152 ORDER BY c
	Unique  (cost=391.88..392.39 rows=101 width=121)
	  ->  Sort  (cost=391.88..392.14 rows=101 width=121)
	        Sort Key: c
	        ->  Index Scan using sbtest5_pkey on sbtest5  (cost=0.43..388.52 rows=101 width=121)
	              Index Cond: ((id >= 6739053) AND (id <= 6739152))

table 6 : explain SELECT DISTINCT c FROM sbtest6 WHERE id BETWEEN 2741940 AND 2742039 ORDER BY c
	Unique  (cost=373.38..373.86 rows=96 width=121)
	  ->  Sort  (cost=373.38..373.62 rows=96 width=121)
	        Sort Key: c
	        ->  Index Scan using sbtest6_pkey on sbtest6  (cost=0.43..370.22 rows=96 width=121)
	              Index Cond: ((id >= 2741940) AND (id <= 2742039))

table 7 : explain SELECT DISTINCT c FROM sbtest7 WHERE id BETWEEN 5783632 AND 5783731 ORDER BY c
	Unique  (cost=362.80..363.27 rows=93 width=121)
	  ->  Sort  (cost=362.80..363.04 rows=93 width=121)
	        Sort Key: c
	        ->  Index Scan using sbtest7_pkey on sbtest7  (cost=0.43..359.76 rows=93 width=121)
	              Index Cond: ((id >= 5783632) AND (id <= 5783731))

table 8 : explain SELECT DISTINCT c FROM sbtest8 WHERE id BETWEEN 311839 AND 311938 ORDER BY c
	Unique  (cost=353.80..354.26 rows=91 width=121)
	  ->  Sort  (cost=353.80..354.03 rows=91 width=121)
	        Sort Key: c
	        ->  Index Scan using sbtest8_pkey on sbtest8  (cost=0.43..350.84 rows=91 width=121)
	              Index Cond: ((id >= 311839) AND (id <= 311938))

explain: for non_index_updates :: explain UPDATE sbtest%u SET c='foobar' WHERE id=%u
for index_updates
table 1 : explain UPDATE sbtest1 SET k=k+1 WHERE id=5216347
	Update on sbtest1  (cost=0.43..8.46 rows=0 width=0)
	  ->  Index Scan using sbtest1_pkey on sbtest1  (cost=0.43..8.46 rows=1 width=10)
	        Index Cond: (id = 5216347)

table 2 : explain UPDATE sbtest2 SET k=k+1 WHERE id=5556997
	Update on sbtest2  (cost=0.43..8.46 rows=0 width=0)
	  ->  Index Scan using sbtest2_pkey on sbtest2  (cost=0.43..8.46 rows=1 width=10)
	        Index Cond: (id = 5556997)

table 3 : explain UPDATE sbtest3 SET k=k+1 WHERE id=8547936
	Update on sbtest3  (cost=0.43..8.46 rows=0 width=0)
	  ->  Index Scan using sbtest3_pkey on sbtest3  (cost=0.43..8.46 rows=1 width=10)
	        Index Cond: (id = 8547936)

table 4 : explain UPDATE sbtest4 SET k=k+1 WHERE id=169179
	Update on sbtest4  (cost=0.43..8.46 rows=0 width=0)
	  ->  Index Scan using sbtest4_pkey on sbtest4  (cost=0.43..8.46 rows=1 width=10)
	        Index Cond: (id = 169179)

table 5 : explain UPDATE sbtest5 SET k=k+1 WHERE id=4337298
	Update on sbtest5  (cost=0.43..8.46 rows=0 width=0)
	  ->  Index Scan using sbtest5_pkey on sbtest5  (cost=0.43..8.46 rows=1 width=10)
	        Index Cond: (id = 4337298)

table 6 : explain UPDATE sbtest6 SET k=k+1 WHERE id=5545777
	Update on sbtest6  (cost=0.43..8.46 rows=0 width=0)
	  ->  Index Scan using sbtest6_pkey on sbtest6  (cost=0.43..8.46 rows=1 width=10)
	        Index Cond: (id = 5545777)

table 7 : explain UPDATE sbtest7 SET k=k+1 WHERE id=3926637
	Update on sbtest7  (cost=0.43..8.46 rows=0 width=0)
	  ->  Index Scan using sbtest7_pkey on sbtest7  (cost=0.43..8.46 rows=1 width=10)
	        Index Cond: (id = 3926637)

table 8 : explain UPDATE sbtest8 SET k=k+1 WHERE id=5047007
	Update on sbtest8  (cost=0.43..8.46 rows=0 width=0)
	  ->  Index Scan using sbtest8_pkey on sbtest8  (cost=0.43..8.46 rows=1 width=10)
	        Index Cond: (id = 5047007)

for non_index_updates
table 1 : explain UPDATE sbtest1 SET c='foobar' WHERE id=2624018
	Update on sbtest1  (cost=0.43..8.45 rows=0 width=0)
	  ->  Index Scan using sbtest1_pkey on sbtest1  (cost=0.43..8.45 rows=1 width=490)
	        Index Cond: (id = 2624018)

table 2 : explain UPDATE sbtest2 SET c='foobar' WHERE id=7394657
	Update on sbtest2  (cost=0.43..8.45 rows=0 width=0)
	  ->  Index Scan using sbtest2_pkey on sbtest2  (cost=0.43..8.45 rows=1 width=490)
	        Index Cond: (id = 7394657)

table 3 : explain UPDATE sbtest3 SET c='foobar' WHERE id=3635899
	Update on sbtest3  (cost=0.43..8.45 rows=0 width=0)
	  ->  Index Scan using sbtest3_pkey on sbtest3  (cost=0.43..8.45 rows=1 width=490)
	        Index Cond: (id = 3635899)

table 4 : explain UPDATE sbtest4 SET c='foobar' WHERE id=2281419
	Update on sbtest4  (cost=0.43..8.45 rows=0 width=0)
	  ->  Index Scan using sbtest4_pkey on sbtest4  (cost=0.43..8.45 rows=1 width=490)
	        Index Cond: (id = 2281419)

table 5 : explain UPDATE sbtest5 SET c='foobar' WHERE id=57967
	Update on sbtest5  (cost=0.43..8.45 rows=0 width=0)
	  ->  Index Scan using sbtest5_pkey on sbtest5  (cost=0.43..8.45 rows=1 width=490)
	        Index Cond: (id = 57967)

table 6 : explain UPDATE sbtest6 SET c='foobar' WHERE id=9192352
	Update on sbtest6  (cost=0.43..8.45 rows=0 width=0)
	  ->  Index Scan using sbtest6_pkey on sbtest6  (cost=0.43..8.45 rows=1 width=490)
	        Index Cond: (id = 9192352)

table 7 : explain UPDATE sbtest7 SET c='foobar' WHERE id=5559
	Update on sbtest7  (cost=0.43..8.45 rows=0 width=0)
	  ->  Index Scan using sbtest7_pkey on sbtest7  (cost=0.43..8.45 rows=1 width=490)
	        Index Cond: (id = 5559)

table 8 : explain UPDATE sbtest8 SET c='foobar' WHERE id=1152054
	Update on sbtest8  (cost=0.43..8.45 rows=0 width=0)
	  ->  Index Scan using sbtest8_pkey on sbtest8  (cost=0.43..8.45 rows=1 width=490)
	        Index Cond: (id = 1152054)

explain: for deletes :: explain DELETE FROM sbtest%u WHERE id=%u
explain: for index_updates :: explain UPDATE sbtest%u SET k=k+1 WHERE id=%u
explain: for deletes :: explain DELETE FROM sbtest%u WHERE id=%u
explain: for non_index_updates :: explain UPDATE sbtest%u SET c='foobar' WHERE id=%u
for index_updates
table 1 : explain UPDATE sbtest1 SET k=k+1 WHERE id=6333241
	Update on sbtest1  (cost=0.43..8.46 rows=0 width=0)
	  ->  Index Scan using sbtest1_pkey on sbtest1  (cost=0.43..8.46 rows=1 width=10)
	        Index Cond: (id = 6333241)

table 2 : explain UPDATE sbtest2 SET k=k+1 WHERE id=9798262
	Update on sbtest2  (cost=0.43..8.46 rows=0 width=0)
	  ->  Index Scan using sbtest2_pkey on sbtest2  (cost=0.43..8.46 rows=1 width=10)
	        Index Cond: (id = 9798262)

table 3 : explain UPDATE sbtest3 SET k=k+1 WHERE id=7647420
	Update on sbtest3  (cost=0.43..8.46 rows=0 width=0)
	  ->  Index Scan using sbtest3_pkey on sbtest3  (cost=0.43..8.46 rows=1 width=10)
	        Index Cond: (id = 7647420)

table 4 : explain UPDATE sbtest4 SET k=k+1 WHERE id=1362159
	Update on sbtest4  (cost=0.43..8.46 rows=0 width=0)
	  ->  Index Scan using sbtest4_pkey on sbtest4  (cost=0.43..8.46 rows=1 width=10)
	        Index Cond: (id = 1362159)

table 5 : explain UPDATE sbtest5 SET k=k+1 WHERE id=1900190
	Update on sbtest5  (cost=0.43..8.46 rows=0 width=0)
	  ->  Index Scan using sbtest5_pkey on sbtest5  (cost=0.43..8.46 rows=1 width=10)
	        Index Cond: (id = 1900190)

table 6 : explain UPDATE sbtest6 SET k=k+1 WHERE id=7876832
	Update on sbtest6  (cost=0.43..8.46 rows=0 width=0)
	  ->  Index Scan using sbtest6_pkey on sbtest6  (cost=0.43..8.46 rows=1 width=10)
	        Index Cond: (id = 7876832)

table 7 : explain UPDATE sbtest7 SET k=k+1 WHERE id=5070518
	Update on sbtest7  (cost=0.43..8.46 rows=0 width=0)
	  ->  Index Scan using sbtest7_pkey on sbtest7  (cost=0.43..8.46 rows=1 width=10)
	        Index Cond: (id = 5070518)

table 8 : explain UPDATE sbtest8 SET k=k+1 WHERE id=2399001
	Update on sbtest8  (cost=0.43..8.46 rows=0 width=0)
	  ->  Index Scan using sbtest8_pkey on sbtest8  (cost=0.43..8.46 rows=1 width=10)
	        Index Cond: (id = 2399001)

for non_index_updates
table 1 : explain UPDATE sbtest1 SET c='foobar' WHERE id=7503370
	Update on sbtest1  (cost=0.43..8.45 rows=0 width=0)
	  ->  Index Scan using sbtest1_pkey on sbtest1  (cost=0.43..8.45 rows=1 width=490)
	        Index Cond: (id = 7503370)

table 2 : explain UPDATE sbtest2 SET c='foobar' WHERE id=2903217
	Update on sbtest2  (cost=0.43..8.45 rows=0 width=0)
	  ->  Index Scan using sbtest2_pkey on sbtest2  (cost=0.43..8.45 rows=1 width=490)
	        Index Cond: (id = 2903217)

table 3 : explain UPDATE sbtest3 SET c='foobar' WHERE id=3039080
	Update on sbtest3  (cost=0.43..8.45 rows=0 width=0)
	  ->  Index Scan using sbtest3_pkey on sbtest3  (cost=0.43..8.45 rows=1 width=490)
	        Index Cond: (id = 3039080)

table 4 : explain UPDATE sbtest4 SET c='foobar' WHERE id=1601043
	Update on sbtest4  (cost=0.43..8.45 rows=0 width=0)
	  ->  Index Scan using sbtest4_pkey on sbtest4  (cost=0.43..8.45 rows=1 width=490)
	        Index Cond: (id = 1601043)

table 5 : explain UPDATE sbtest5 SET c='foobar' WHERE id=725228
	Update on sbtest5  (cost=0.43..8.45 rows=0 width=0)
	  ->  Index Scan using sbtest5_pkey on sbtest5  (cost=0.43..8.45 rows=1 width=490)
	        Index Cond: (id = 725228)

table 6 : explain UPDATE sbtest6 SET c='foobar' WHERE id=6904783
	Update on sbtest6  (cost=0.43..8.45 rows=0 width=0)
	  ->  Index Scan using sbtest6_pkey on sbtest6  (cost=0.43..8.45 rows=1 width=490)
	        Index Cond: (id = 6904783)

table 7 : explain UPDATE sbtest7 SET c='foobar' WHERE id=6305260
	Update on sbtest7  (cost=0.43..8.45 rows=0 width=0)
	  ->  Index Scan using sbtest7_pkey on sbtest7  (cost=0.43..8.45 rows=1 width=490)
	        Index Cond: (id = 6305260)

table 8 : explain UPDATE sbtest8 SET c='foobar' WHERE id=4971170
	Update on sbtest8  (cost=0.43..8.45 rows=0 width=0)
	  ->  Index Scan using sbtest8_pkey on sbtest8  (cost=0.43..8.45 rows=1 width=490)
	        Index Cond: (id = 4971170)

for deletes
table 1 : explain DELETE FROM sbtest1 WHERE id=152751
	Delete on sbtest1  (cost=0.43..8.45 rows=0 width=0)
	  ->  Index Scan using sbtest1_pkey on sbtest1  (cost=0.43..8.45 rows=1 width=6)
	        Index Cond: (id = 152751)

table 2 : explain DELETE FROM sbtest2 WHERE id=5235834
	Delete on sbtest2  (cost=0.43..8.45 rows=0 width=0)
	  ->  Index Scan using sbtest2_pkey on sbtest2  (cost=0.43..8.45 rows=1 width=6)
	        Index Cond: (id = 5235834)

table 3 : explain DELETE FROM sbtest3 WHERE id=7319556
	Delete on sbtest3  (cost=0.43..8.45 rows=0 width=0)
	  ->  Index Scan using sbtest3_pkey on sbtest3  (cost=0.43..8.45 rows=1 width=6)
	        Index Cond: (id = 7319556)

table 4 : explain DELETE FROM sbtest4 WHERE id=1011795
	Delete on sbtest4  (cost=0.43..8.45 rows=0 width=0)
	  ->  Index Scan using sbtest4_pkey on sbtest4  (cost=0.43..8.45 rows=1 width=6)
	        Index Cond: (id = 1011795)

table 5 : explain DELETE FROM sbtest5 WHERE id=9089846
	Delete on sbtest5  (cost=0.43..8.45 rows=0 width=0)
	  ->  Index Scan using sbtest5_pkey on sbtest5  (cost=0.43..8.45 rows=1 width=6)
	        Index Cond: (id = 9089846)

table 6 : explain DELETE FROM sbtest6 WHERE id=641743
	Delete on sbtest6  (cost=0.43..8.45 rows=0 width=0)
	  ->  Index Scan using sbtest6_pkey on sbtest6  (cost=0.43..8.45 rows=1 width=6)
	        Index Cond: (id = 641743)

table 7 : explain DELETE FROM sbtest7 WHERE id=9028671
	Delete on sbtest7  (cost=0.43..8.45 rows=0 width=0)
	  ->  Index Scan using sbtest7_pkey on sbtest7  (cost=0.43..8.45 rows=1 width=6)
	        Index Cond: (id = 9028671)

table 8 : explain DELETE FROM sbtest8 WHERE id=1683378
	Delete on sbtest8  (cost=0.43..8.45 rows=0 width=0)
	  ->  Index Scan using sbtest8_pkey on sbtest8  (cost=0.43..8.45 rows=1 width=6)
	        Index Cond: (id = 1683378)

for deletes
table 1 : explain DELETE FROM sbtest1 WHERE id=9874372
	Delete on sbtest1  (cost=0.43..8.45 rows=0 width=0)
	  ->  Index Scan using sbtest1_pkey on sbtest1  (cost=0.43..8.45 rows=1 width=6)
	        Index Cond: (id = 9874372)

table 2 : explain DELETE FROM sbtest2 WHERE id=2477265
	Delete on sbtest2  (cost=0.43..8.45 rows=0 width=0)
	  ->  Index Scan using sbtest2_pkey on sbtest2  (cost=0.43..8.45 rows=1 width=6)
	        Index Cond: (id = 2477265)

table 3 : explain DELETE FROM sbtest3 WHERE id=4131866
	Delete on sbtest3  (cost=0.43..8.45 rows=0 width=0)
	  ->  Index Scan using sbtest3_pkey on sbtest3  (cost=0.43..8.45 rows=1 width=6)
	        Index Cond: (id = 4131866)

table 4 : explain DELETE FROM sbtest4 WHERE id=5973538
	Delete on sbtest4  (cost=0.43..8.45 rows=0 width=0)
	  ->  Index Scan using sbtest4_pkey on sbtest4  (cost=0.43..8.45 rows=1 width=6)
	        Index Cond: (id = 5973538)

table 5 : explain DELETE FROM sbtest5 WHERE id=2689934
	Delete on sbtest5  (cost=0.43..8.45 rows=0 width=0)
	  ->  Index Scan using sbtest5_pkey on sbtest5  (cost=0.43..8.45 rows=1 width=6)
	        Index Cond: (id = 2689934)

table 6 : explain DELETE FROM sbtest6 WHERE id=9588395
	Delete on sbtest6  (cost=0.43..8.45 rows=0 width=0)
	  ->  Index Scan using sbtest6_pkey on sbtest6  (cost=0.43..8.45 rows=1 width=6)
	        Index Cond: (id = 9588395)

table 7 : explain DELETE FROM sbtest7 WHERE id=3158113
	Delete on sbtest7  (cost=0.43..8.45 rows=0 width=0)
	  ->  Index Scan using sbtest7_pkey on sbtest7  (cost=0.43..8.45 rows=1 width=6)
	        Index Cond: (id = 3158113)

table 8 : explain DELETE FROM sbtest8 WHERE id=2283629
	Delete on sbtest8  (cost=0.43..8.45 rows=0 width=0)
	  ->  Index Scan using sbtest8_pkey on sbtest8  (cost=0.43..8.45 rows=1 width=6)
	        Index Cond: (id = 2283629)

explain: for deletes :: explain DELETE FROM sbtest%u WHERE id=%u
explain: for non_index_updates :: explain UPDATE sbtest%u SET c='foobar' WHERE id=%u
for non_index_updates
table 1 : explain UPDATE sbtest1 SET c='foobar' WHERE id=1667499
	Update on sbtest1  (cost=0.43..8.45 rows=0 width=0)
	  ->  Index Scan using sbtest1_pkey on sbtest1  (cost=0.43..8.45 rows=1 width=490)
	        Index Cond: (id = 1667499)

table 2 : explain UPDATE sbtest2 SET c='foobar' WHERE id=2248314
	Update on sbtest2  (cost=0.43..8.45 rows=0 width=0)
	  ->  Index Scan using sbtest2_pkey on sbtest2  (cost=0.43..8.45 rows=1 width=490)
	        Index Cond: (id = 2248314)

table 3 : explain UPDATE sbtest3 SET c='foobar' WHERE id=3062113
	Update on sbtest3  (cost=0.43..8.45 rows=0 width=0)
	  ->  Index Scan using sbtest3_pkey on sbtest3  (cost=0.43..8.45 rows=1 width=490)
	        Index Cond: (id = 3062113)

table 4 : explain UPDATE sbtest4 SET c='foobar' WHERE id=8535203
	Update on sbtest4  (cost=0.43..8.45 rows=0 width=0)
	  ->  Index Scan using sbtest4_pkey on sbtest4  (cost=0.43..8.45 rows=1 width=490)
	        Index Cond: (id = 8535203)

table 5 : explain UPDATE sbtest5 SET c='foobar' WHERE id=6078457
	Update on sbtest5  (cost=0.43..8.45 rows=0 width=0)
	  ->  Index Scan using sbtest5_pkey on sbtest5  (cost=0.43..8.45 rows=1 width=490)
	        Index Cond: (id = 6078457)

table 6 : explain UPDATE sbtest6 SET c='foobar' WHERE id=3066947
	Update on sbtest6  (cost=0.43..8.45 rows=0 width=0)
	  ->  Index Scan using sbtest6_pkey on sbtest6  (cost=0.43..8.45 rows=1 width=490)
	        Index Cond: (id = 3066947)

table 7 : explain UPDATE sbtest7 SET c='foobar' WHERE id=1371426
	Update on sbtest7  (cost=0.43..8.45 rows=0 width=0)
	  ->  Index Scan using sbtest7_pkey on sbtest7  (cost=0.43..8.45 rows=1 width=490)
	        Index Cond: (id = 1371426)

table 8 : explain UPDATE sbtest8 SET c='foobar' WHERE id=9383863
	Update on sbtest8  (cost=0.43..8.45 rows=0 width=0)
	  ->  Index Scan using sbtest8_pkey on sbtest8  (cost=0.43..8.45 rows=1 width=490)
	        Index Cond: (id = 9383863)

for index_updates
table 1 : explain UPDATE sbtest1 SET k=k+1 WHERE id=4560251
	Update on sbtest1  (cost=0.43..8.46 rows=0 width=0)
	  ->  Index Scan using sbtest1_pkey on sbtest1  (cost=0.43..8.46 rows=1 width=10)
	        Index Cond: (id = 4560251)

table 2 : explain UPDATE sbtest2 SET k=k+1 WHERE id=8129379
	Update on sbtest2  (cost=0.43..8.46 rows=0 width=0)
	  ->  Index Scan using sbtest2_pkey on sbtest2  (cost=0.43..8.46 rows=1 width=10)
	        Index Cond: (id = 8129379)

table 3 : explain UPDATE sbtest3 SET k=k+1 WHERE id=2119270
	Update on sbtest3  (cost=0.43..8.46 rows=0 width=0)
	  ->  Index Scan using sbtest3_pkey on sbtest3  (cost=0.43..8.46 rows=1 width=10)
	        Index Cond: (id = 2119270)

table 4 : explain UPDATE sbtest4 SET k=k+1 WHERE id=4098824
	Update on sbtest4  (cost=0.43..8.46 rows=0 width=0)
	  ->  Index Scan using sbtest4_pkey on sbtest4  (cost=0.43..8.46 rows=1 width=10)
	        Index Cond: (id = 4098824)

table 5 : explain UPDATE sbtest5 SET k=k+1 WHERE id=4671439
	Update on sbtest5  (cost=0.43..8.46 rows=0 width=0)
	  ->  Index Scan using sbtest5_pkey on sbtest5  (cost=0.43..8.46 rows=1 width=10)
	        Index Cond: (id = 4671439)

table 6 : explain UPDATE sbtest6 SET k=k+1 WHERE id=9510736
	Update on sbtest6  (cost=0.43..8.46 rows=0 width=0)
	  ->  Index Scan using sbtest6_pkey on sbtest6  (cost=0.43..8.46 rows=1 width=10)
	        Index Cond: (id = 9510736)

table 7 : explain UPDATE sbtest7 SET k=k+1 WHERE id=2909971
	Update on sbtest7  (cost=0.43..8.46 rows=0 width=0)
	  ->  Index Scan using sbtest7_pkey on sbtest7  (cost=0.43..8.46 rows=1 width=10)
	        Index Cond: (id = 2909971)

table 8 : explain UPDATE sbtest8 SET k=k+1 WHERE id=5681178
	Update on sbtest8  (cost=0.43..8.46 rows=0 width=0)
	  ->  Index Scan using sbtest8_pkey on sbtest8  (cost=0.43..8.46 rows=1 width=10)
	        Index Cond: (id = 5681178)

explain: for inserts :: explain INSERT INTO sbtest%u (id, k, c, pad) VALUES (%u, 13, 'foobar', 'foobar')
explain: for inserts :: explain INSERT INTO sbtest%u (id, k, c, pad) VALUES (%u, 13, 'foobar', 'foobar')
explain: for deletes :: explain DELETE FROM sbtest%u WHERE id=%u
for deletes
table 1 : explain DELETE FROM sbtest1 WHERE id=7956436
	Delete on sbtest1  (cost=0.43..8.45 rows=0 width=0)
	  ->  Index Scan using sbtest1_pkey on sbtest1  (cost=0.43..8.45 rows=1 width=6)
	        Index Cond: (id = 7956436)

table 2 : explain DELETE FROM sbtest2 WHERE id=8332931
	Delete on sbtest2  (cost=0.43..8.45 rows=0 width=0)
	  ->  Index Scan using sbtest2_pkey on sbtest2  (cost=0.43..8.45 rows=1 width=6)
	        Index Cond: (id = 8332931)

table 3 : explain DELETE FROM sbtest3 WHERE id=1939677
	Delete on sbtest3  (cost=0.43..8.45 rows=0 width=0)
	  ->  Index Scan using sbtest3_pkey on sbtest3  (cost=0.43..8.45 rows=1 width=6)
	        Index Cond: (id = 1939677)

table 4 : explain DELETE FROM sbtest4 WHERE id=3790482
	Delete on sbtest4  (cost=0.43..8.45 rows=0 width=0)
	  ->  Index Scan using sbtest4_pkey on sbtest4  (cost=0.43..8.45 rows=1 width=6)
	        Index Cond: (id = 3790482)

table 5 : explain DELETE FROM sbtest5 WHERE id=3598962
	Delete on sbtest5  (cost=0.43..8.45 rows=0 width=0)
	  ->  Index Scan using sbtest5_pkey on sbtest5  (cost=0.43..8.45 rows=1 width=6)
	        Index Cond: (id = 3598962)

table 6 : explain DELETE FROM sbtest6 WHERE id=6048720
	Delete on sbtest6  (cost=0.43..8.45 rows=0 width=0)
	  ->  Index Scan using sbtest6_pkey on sbtest6  (cost=0.43..8.45 rows=1 width=6)
	        Index Cond: (id = 6048720)

table 7 : explain DELETE FROM sbtest7 WHERE id=4048018
	Delete on sbtest7  (cost=0.43..8.45 rows=0 width=0)
	  ->  Index Scan using sbtest7_pkey on sbtest7  (cost=0.43..8.45 rows=1 width=6)
	        Index Cond: (id = 4048018)

table 8 : explain DELETE FROM sbtest8 WHERE id=8794826
	Delete on sbtest8  (cost=0.43..8.45 rows=0 width=0)
	  ->  Index Scan using sbtest8_pkey on sbtest8  (cost=0.43..8.45 rows=1 width=6)
	        Index Cond: (id = 8794826)

explain: for non_index_updates :: explain UPDATE sbtest%u SET c='foobar' WHERE id=%u
for non_index_updates
table 1 : explain UPDATE sbtest1 SET c='foobar' WHERE id=3381454
	Update on sbtest1  (cost=0.43..8.45 rows=0 width=0)
	  ->  Index Scan using sbtest1_pkey on sbtest1  (cost=0.43..8.45 rows=1 width=490)
	        Index Cond: (id = 3381454)

table 2 : explain UPDATE sbtest2 SET c='foobar' WHERE id=4354968
	Update on sbtest2  (cost=0.43..8.45 rows=0 width=0)
	  ->  Index Scan using sbtest2_pkey on sbtest2  (cost=0.43..8.45 rows=1 width=490)
	        Index Cond: (id = 4354968)

table 3 : explain UPDATE sbtest3 SET c='foobar' WHERE id=5863143
	Update on sbtest3  (cost=0.43..8.45 rows=0 width=0)
	  ->  Index Scan using sbtest3_pkey on sbtest3  (cost=0.43..8.45 rows=1 width=490)
	        Index Cond: (id = 5863143)

table 4 : explain UPDATE sbtest4 SET c='foobar' WHERE id=3378334
	Update on sbtest4  (cost=0.43..8.45 rows=0 width=0)
	  ->  Index Scan using sbtest4_pkey on sbtest4  (cost=0.43..8.45 rows=1 width=490)
	        Index Cond: (id = 3378334)

table 5 : explain UPDATE sbtest5 SET c='foobar' WHERE id=4362872
	Update on sbtest5  (cost=0.43..8.45 rows=0 width=0)
	  ->  Index Scan using sbtest5_pkey on sbtest5  (cost=0.43..8.45 rows=1 width=490)
	        Index Cond: (id = 4362872)

table 6 : explain UPDATE sbtest6 SET c='foobar' WHERE id=4335715
	Update on sbtest6  (cost=0.43..8.45 rows=0 width=0)
	  ->  Index Scan using sbtest6_pkey on sbtest6  (cost=0.43..8.45 rows=1 width=490)
	        Index Cond: (id = 4335715)

table 7 : explain UPDATE sbtest7 SET c='foobar' WHERE id=1832192
	Update on sbtest7  (cost=0.43..8.45 rows=0 width=0)
	  ->  Index Scan using sbtest7_pkey on sbtest7  (cost=0.43..8.45 rows=1 width=490)
	        Index Cond: (id = 1832192)

table 8 : explain UPDATE sbtest8 SET c='foobar' WHERE id=5306337
	Update on sbtest8  (cost=0.43..8.45 rows=0 width=0)
	  ->  Index Scan using sbtest8_pkey on sbtest8  (cost=0.43..8.45 rows=1 width=490)
	        Index Cond: (id = 5306337)

for inserts
table 1 : explain INSERT INTO sbtest1 (id, k, c, pad) VALUES (1822128, 13, 'foobar', 'foobar')
	Insert on sbtest1  (cost=0.00..0.01 rows=0 width=0)
	  ->  Result  (cost=0.00..0.01 rows=1 width=736)

table 2 : explain INSERT INTO sbtest2 (id, k, c, pad) VALUES (3415692, 13, 'foobar', 'foobar')
	Insert on sbtest2  (cost=0.00..0.01 rows=0 width=0)
	  ->  Result  (cost=0.00..0.01 rows=1 width=736)

table 3 : explain INSERT INTO sbtest3 (id, k, c, pad) VALUES (5519784, 13, 'foobar', 'foobar')
	Insert on sbtest3  (cost=0.00..0.01 rows=0 width=0)
	  ->  Result  (cost=0.00..0.01 rows=1 width=736)

table 4 : explain INSERT INTO sbtest4 (id, k, c, pad) VALUES (998903, 13, 'foobar', 'foobar')
	Insert on sbtest4  (cost=0.00..0.01 rows=0 width=0)
	  ->  Result  (cost=0.00..0.01 rows=1 width=736)

table 5 : explain INSERT INTO sbtest5 (id, k, c, pad) VALUES (6674398, 13, 'foobar', 'foobar')
	Insert on sbtest5  (cost=0.00..0.01 rows=0 width=0)
	  ->  Result  (cost=0.00..0.01 rows=1 width=736)

table 6 : explain INSERT INTO sbtest6 (id, k, c, pad) VALUES (670676, 13, 'foobar', 'foobar')
	Insert on sbtest6  (cost=0.00..0.01 rows=0 width=0)
	  ->  Result  (cost=0.00..0.01 rows=1 width=736)

table 7 : explain INSERT INTO sbtest7 (id, k, c, pad) VALUES (9202959, 13, 'foobar', 'foobar')
	Insert on sbtest7  (cost=0.00..0.01 rows=0 width=0)
	  ->  Result  (cost=0.00..0.01 rows=1 width=736)

table 8 : explain INSERT INTO sbtest8 (id, k, c, pad) VALUES (5766247, 13, 'foobar', 'foobar')
	Insert on sbtest8  (cost=0.00..0.01 rows=0 width=0)
	  ->  Result  (cost=0.00..0.01 rows=1 width=736)

for inserts
table 1 : explain INSERT INTO sbtest1 (id, k, c, pad) VALUES (1212945, 13, 'foobar', 'foobar')
	Insert on sbtest1  (cost=0.00..0.01 rows=0 width=0)
	  ->  Result  (cost=0.00..0.01 rows=1 width=736)

table 2 : explain INSERT INTO sbtest2 (id, k, c, pad) VALUES (8694912, 13, 'foobar', 'foobar')
	Insert on sbtest2  (cost=0.00..0.01 rows=0 width=0)
	  ->  Result  (cost=0.00..0.01 rows=1 width=736)

table 3 : explain INSERT INTO sbtest3 (id, k, c, pad) VALUES (1343996, 13, 'foobar', 'foobar')
	Insert on sbtest3  (cost=0.00..0.01 rows=0 width=0)
	  ->  Result  (cost=0.00..0.01 rows=1 width=736)

table 4 : explain INSERT INTO sbtest4 (id, k, c, pad) VALUES (9933771, 13, 'foobar', 'foobar')
	Insert on sbtest4  (cost=0.00..0.01 rows=0 width=0)
	  ->  Result  (cost=0.00..0.01 rows=1 width=736)

table 5 : explain INSERT INTO sbtest5 (id, k, c, pad) VALUES (2972532, 13, 'foobar', 'foobar')
	Insert on sbtest5  (cost=0.00..0.01 rows=0 width=0)
	  ->  Result  (cost=0.00..0.01 rows=1 width=736)

table 6 : explain INSERT INTO sbtest6 (id, k, c, pad) VALUES (3318205, 13, 'foobar', 'foobar')
	Insert on sbtest6  (cost=0.00..0.01 rows=0 width=0)
	  ->  Result  (cost=0.00..0.01 rows=1 width=736)

table 7 : explain INSERT INTO sbtest7 (id, k, c, pad) VALUES (5578449, 13, 'foobar', 'foobar')
	Insert on sbtest7  (cost=0.00..0.01 rows=0 width=0)
	  ->  Result  (cost=0.00..0.01 rows=1 width=736)

table 8 : explain INSERT INTO sbtest8 (id, k, c, pad) VALUES (3143984, 13, 'foobar', 'foobar')
	Insert on sbtest8  (cost=0.00..0.01 rows=0 width=0)
	  ->  Result  (cost=0.00..0.01 rows=1 width=736)

for deletes
table 1 : explain DELETE FROM sbtest1 WHERE id=101021
	Delete on sbtest1  (cost=0.43..8.45 rows=0 width=0)
	  ->  Index Scan using sbtest1_pkey on sbtest1  (cost=0.43..8.45 rows=1 width=6)
	        Index Cond: (id = 101021)

table 2 : explain DELETE FROM sbtest2 WHERE id=966497
	Delete on sbtest2  (cost=0.43..8.45 rows=0 width=0)
	  ->  Index Scan using sbtest2_pkey on sbtest2  (cost=0.43..8.45 rows=1 width=6)
	        Index Cond: (id = 966497)

table 3 : explain DELETE FROM sbtest3 WHERE id=483579
	Delete on sbtest3  (cost=0.43..8.45 rows=0 width=0)
	  ->  Index Scan using sbtest3_pkey on sbtest3  (cost=0.43..8.45 rows=1 width=6)
	        Index Cond: (id = 483579)

table 4 : explain DELETE FROM sbtest4 WHERE id=8050468
	Delete on sbtest4  (cost=0.43..8.45 rows=0 width=0)
	  ->  Index Scan using sbtest4_pkey on sbtest4  (cost=0.43..8.45 rows=1 width=6)
	        Index Cond: (id = 8050468)

table 5 : explain DELETE FROM sbtest5 WHERE id=2369793
	Delete on sbtest5  (cost=0.43..8.45 rows=0 width=0)
	  ->  Index Scan using sbtest5_pkey on sbtest5  (cost=0.43..8.45 rows=1 width=6)
	        Index Cond: (id = 2369793)

table 6 : explain DELETE FROM sbtest6 WHERE id=5983236
	Delete on sbtest6  (cost=0.43..8.45 rows=0 width=0)
	  ->  Index Scan using sbtest6_pkey on sbtest6  (cost=0.43..8.45 rows=1 width=6)
	        Index Cond: (id = 5983236)

table 7 : explain DELETE FROM sbtest7 WHERE id=9329666
	Delete on sbtest7  (cost=0.43..8.45 rows=0 width=0)
	  ->  Index Scan using sbtest7_pkey on sbtest7  (cost=0.43..8.45 rows=1 width=6)
	        Index Cond: (id = 9329666)

table 8 : explain DELETE FROM sbtest8 WHERE id=9318332
	Delete on sbtest8  (cost=0.43..8.45 rows=0 width=0)
	  ->  Index Scan using sbtest8_pkey on sbtest8  (cost=0.43..8.45 rows=1 width=6)
	        Index Cond: (id = 9318332)

explain: for deletes :: explain DELETE FROM sbtest%u WHERE id=%u
explain: for inserts :: explain INSERT INTO sbtest%u (id, k, c, pad) VALUES (%u, 13, 'foobar', 'foobar')
for non_index_updates
table 1 : explain UPDATE sbtest1 SET c='foobar' WHERE id=8575491
	Update on sbtest1  (cost=0.43..8.45 rows=0 width=0)
	  ->  Index Scan using sbtest1_pkey on sbtest1  (cost=0.43..8.45 rows=1 width=490)
	        Index Cond: (id = 8575491)

table 2 : explain UPDATE sbtest2 SET c='foobar' WHERE id=672235
	Update on sbtest2  (cost=0.43..8.45 rows=0 width=0)
	  ->  Index Scan using sbtest2_pkey on sbtest2  (cost=0.43..8.45 rows=1 width=490)
	        Index Cond: (id = 672235)

table 3 : explain UPDATE sbtest3 SET c='foobar' WHERE id=3803442
	Update on sbtest3  (cost=0.43..8.45 rows=0 width=0)
	  ->  Index Scan using sbtest3_pkey on sbtest3  (cost=0.43..8.45 rows=1 width=490)
	        Index Cond: (id = 3803442)

table 4 : explain UPDATE sbtest4 SET c='foobar' WHERE id=8287194
	Update on sbtest4  (cost=0.43..8.45 rows=0 width=0)
	  ->  Index Scan using sbtest4_pkey on sbtest4  (cost=0.43..8.45 rows=1 width=490)
	        Index Cond: (id = 8287194)

table 5 : explain UPDATE sbtest5 SET c='foobar' WHERE id=589747
	Update on sbtest5  (cost=0.43..8.45 rows=0 width=0)
	  ->  Index Scan using sbtest5_pkey on sbtest5  (cost=0.43..8.45 rows=1 width=490)
	        Index Cond: (id = 589747)

table 6 : explain UPDATE sbtest6 SET c='foobar' WHERE id=4123700
	Update on sbtest6  (cost=0.43..8.45 rows=0 width=0)
	  ->  Index Scan using sbtest6_pkey on sbtest6  (cost=0.43..8.45 rows=1 width=490)
	        Index Cond: (id = 4123700)

table 7 : explain UPDATE sbtest7 SET c='foobar' WHERE id=1122062
	Update on sbtest7  (cost=0.43..8.45 rows=0 width=0)
	  ->  Index Scan using sbtest7_pkey on sbtest7  (cost=0.43..8.45 rows=1 width=490)
	        Index Cond: (id = 1122062)

table 8 : explain UPDATE sbtest8 SET c='foobar' WHERE id=665380
	Update on sbtest8  (cost=0.43..8.45 rows=0 width=0)
	  ->  Index Scan using sbtest8_pkey on sbtest8  (cost=0.43..8.45 rows=1 width=490)
	        Index Cond: (id = 665380)

explain: for deletes :: explain DELETE FROM sbtest%u WHERE id=%ufor deletes
table 1 : explain DELETE FROM sbtest1 WHERE id=3482338
	Delete on sbtest1  (cost=0.43..8.45 rows=0 width=0)
	  ->  Index Scan using sbtest1_pkey on sbtest1  (cost=0.43..8.45 rows=1 width=6)
	        Index Cond: (id = 3482338)

table 2 : explain DELETE FROM sbtest2 WHERE id=1547918
	Delete on sbtest2  (cost=0.43..8.45 rows=0 width=0)
	  ->  Index Scan using sbtest2_pkey on sbtest2  (cost=0.43..8.45 rows=1 width=6)
	        Index Cond: (id = 1547918)

table 3 : explain DELETE FROM sbtest3 WHERE id=8793029
	Delete on sbtest3  (cost=0.43..8.45 rows=0 width=0)
	  ->  Index Scan using sbtest3_pkey on sbtest3  (cost=0.43..8.45 rows=1 width=6)
	        Index Cond: (id = 8793029)

table 4 : explain DELETE FROM sbtest4 WHERE id=5515980
	Delete on sbtest4  (cost=0.43..8.45 rows=0 width=0)
	  ->  Index Scan using sbtest4_pkey on sbtest4  (cost=0.43..8.45 rows=1 width=6)
	        Index Cond: (id = 5515980)

table 5 : explain DELETE FROM sbtest5 WHERE id=833317
	Delete on sbtest5  (cost=0.43..8.45 rows=0 width=0)
	  ->  Index Scan using sbtest5_pkey on sbtest5  (cost=0.43..8.45 rows=1 width=6)
	        Index Cond: (id = 833317)

table 6 : explain DELETE FROM sbtest6 WHERE id=8196082
	Delete on sbtest6  (cost=0.43..8.45 rows=0 width=0)
	  ->  Index Scan using sbtest6_pkey on sbtest6  (cost=0.43..8.45 rows=1 width=6)
	        Index Cond: (id = 8196082)

table 7 : explain DELETE FROM sbtest7 WHERE id=172746
	Delete on sbtest7  (cost=0.43..8.45 rows=0 width=0)
	  ->  Index Scan using sbtest7_pkey on sbtest7  (cost=0.43..8.45 rows=1 width=6)
	        Index Cond: (id = 172746)

table 8 : explain DELETE FROM sbtest8 WHERE id=1530886
	Delete on sbtest8  (cost=0.43..8.45 rows=0 width=0)
	  ->  Index Scan using sbtest8_pkey on sbtest8  (cost=0.43..8.45 rows=1 width=6)
	        Index Cond: (id = 1530886)


for inserts
table 1 : explain INSERT INTO sbtest1 (id, k, c, pad) VALUES (2938103, 13, 'foobar', 'foobar')
	Insert on sbtest1  (cost=0.00..0.01 rows=0 width=0)
	  ->  Result  (cost=0.00..0.01 rows=1 width=736)

table 2 : explain INSERT INTO sbtest2 (id, k, c, pad) VALUES (8089498, 13, 'foobar', 'foobar')
	Insert on sbtest2  (cost=0.00..0.01 rows=0 width=0)
	  ->  Result  (cost=0.00..0.01 rows=1 width=736)

table 3 : explain INSERT INTO sbtest3 (id, k, c, pad) VALUES (337552, 13, 'foobar', 'foobar')
	Insert on sbtest3  (cost=0.00..0.01 rows=0 width=0)
	  ->  Result  (cost=0.00..0.01 rows=1 width=736)

table 4 : explain INSERT INTO sbtest4 (id, k, c, pad) VALUES (4109575, 13, 'foobar', 'foobar')
	Insert on sbtest4  (cost=0.00..0.01 rows=0 width=0)
	  ->  Result  (cost=0.00..0.01 rows=1 width=736)

table 5 : explain INSERT INTO sbtest5 (id, k, c, pad) VALUES (971691, 13, 'foobar', 'foobar')
	Insert on sbtest5  (cost=0.00..0.01 rows=0 width=0)
	  ->  Result  (cost=0.00..0.01 rows=1 width=736)

table 6 : explain INSERT INTO sbtest6 (id, k, c, pad) VALUES (4184401, 13, 'foobar', 'foobar')
	Insert on sbtest6  (cost=0.00..0.01 rows=0 width=0)
	  ->  Result  (cost=0.00..0.01 rows=1 width=736)

table 7 : explain INSERT INTO sbtest7 (id, k, c, pad) VALUES (191233, 13, 'foobar', 'foobar')
	Insert on sbtest7  (cost=0.00..0.01 rows=0 width=0)
	  ->  Result  (cost=0.00..0.01 rows=1 width=736)

table 8 : explain INSERT INTO sbtest8 (id, k, c, pad) VALUES (8670212, 13, 'foobar', 'foobar')
	Insert on sbtest8  (cost=0.00..0.01 rows=0 width=0)
	  ->  Result  (cost=0.00..0.01 rows=1 width=736)

explain: for inserts :: explain INSERT INTO sbtest%u (id, k, c, pad) VALUES (%u, 13, 'foobar', 'foobar')
explain: for inserts :: explain INSERT INTO sbtest%u (id, k, c, pad) VALUES (%u, 13, 'foobar', 'foobar')
for deletes
table 1 : explain DELETE FROM sbtest1 WHERE id=9245970
	Delete on sbtest1  (cost=0.43..8.45 rows=0 width=0)
	  ->  Index Scan using sbtest1_pkey on sbtest1  (cost=0.43..8.45 rows=1 width=6)
	        Index Cond: (id = 9245970)

table 2 : explain DELETE FROM sbtest2 WHERE id=3172639
	Delete on sbtest2  (cost=0.43..8.45 rows=0 width=0)
	  ->  Index Scan using sbtest2_pkey on sbtest2  (cost=0.43..8.45 rows=1 width=6)
	        Index Cond: (id = 3172639)

table 3 : explain DELETE FROM sbtest3 WHERE id=7797305
	Delete on sbtest3  (cost=0.43..8.45 rows=0 width=0)
	  ->  Index Scan using sbtest3_pkey on sbtest3  (cost=0.43..8.45 rows=1 width=6)
	        Index Cond: (id = 7797305)

table 4 : explain DELETE FROM sbtest4 WHERE id=1749898
	Delete on sbtest4  (cost=0.43..8.45 rows=0 width=0)
	  ->  Index Scan using sbtest4_pkey on sbtest4  (cost=0.43..8.45 rows=1 width=6)
	        Index Cond: (id = 1749898)

table 5 : explain DELETE FROM sbtest5 WHERE id=4825872
	Delete on sbtest5  (cost=0.43..8.45 rows=0 width=0)
	  ->  Index Scan using sbtest5_pkey on sbtest5  (cost=0.43..8.45 rows=1 width=6)
	        Index Cond: (id = 4825872)

table 6 : explain DELETE FROM sbtest6 WHERE id=1879814
	Delete on sbtest6  (cost=0.43..8.45 rows=0 width=0)
	  ->  Index Scan using sbtest6_pkey on sbtest6  (cost=0.43..8.45 rows=1 width=6)
	        Index Cond: (id = 1879814)

table 7 : explain DELETE FROM sbtest7 WHERE id=9647698
	Delete on sbtest7  (cost=0.43..8.45 rows=0 width=0)
	  ->  Index Scan using sbtest7_pkey on sbtest7  (cost=0.43..8.45 rows=1 width=6)
	        Index Cond: (id = 9647698)

table 8 : explain DELETE FROM sbtest8 WHERE id=8973413
	Delete on sbtest8  (cost=0.43..8.45 rows=0 width=0)
	  ->  Index Scan using sbtest8_pkey on sbtest8  (cost=0.43..8.45 rows=1 width=6)
	        Index Cond: (id = 8973413)
for inserts
table 1 : explain INSERT INTO sbtest1 (id, k, c, pad) VALUES (1653490, 13, 'foobar', 'foobar')
	Insert on sbtest1  (cost=0.00..0.01 rows=0 width=0)
	  ->  Result  (cost=0.00..0.01 rows=1 width=736)

table 2 : explain INSERT INTO sbtest2 (id, k, c, pad) VALUES (6808514, 13, 'foobar', 'foobar')
	Insert on sbtest2  (cost=0.00..0.01 rows=0 width=0)
	  ->  Result  (cost=0.00..0.01 rows=1 width=736)

table 3 : explain INSERT INTO sbtest3 (id, k, c, pad) VALUES (7622270, 13, 'foobar', 'foobar')
	Insert on sbtest3  (cost=0.00..0.01 rows=0 width=0)
	  ->  Result  (cost=0.00..0.01 rows=1 width=736)

table 4 : explain INSERT INTO sbtest4 (id, k, c, pad) VALUES (8278549, 13, 'foobar', 'foobar')
	Insert on sbtest4  (cost=0.00..0.01 rows=0 width=0)
	  ->  Result  (cost=0.00..0.01 rows=1 width=736)

table 5 : explain INSERT INTO sbtest5 (id, k, c, pad) VALUES (5937446, 13, 'foobar', 'foobar')
	Insert on sbtest5  (cost=0.00..0.01 rows=0 width=0)
	  ->  Result  (cost=0.00..0.01 rows=1 width=736)

table 6 : explain INSERT INTO sbtest6 (id, k, c, pad) VALUES (1335722, 13, 'foobar', 'foobar')
	Insert on sbtest6  (cost=0.00..0.01 rows=0 width=0)
	  ->  Result  (cost=0.00..0.01 rows=1 width=736)

table 7 : explain INSERT INTO sbtest7 (id, k, c, pad) VALUES (8085923, 13, 'foobar', 'foobar')
	Insert on sbtest7  (cost=0.00..0.01 rows=0 width=0)
	  ->  Result  (cost=0.00..0.01 rows=1 width=736)

table 8 : explain INSERT INTO sbtest8 (id, k, c, pad) VALUES (3155286, 13, 'foobar', 'foobar')
	Insert on sbtest8  (cost=0.00..0.01 rows=0 width=0)
	  ->  Result  (cost=0.00..0.01 rows=1 width=736)


for inserts
table 1 : explain INSERT INTO sbtest1 (id, k, c, pad) VALUES (5615563, 13, 'foobar', 'foobar')
	Insert on sbtest1  (cost=0.00..0.01 rows=0 width=0)
	  ->  Result  (cost=0.00..0.01 rows=1 width=736)

table 2 : explain INSERT INTO sbtest2 (id, k, c, pad) VALUES (4436042, 13, 'foobar', 'foobar')
	Insert on sbtest2  (cost=0.00..0.01 rows=0 width=0)
	  ->  Result  (cost=0.00..0.01 rows=1 width=736)

table 3 : explain INSERT INTO sbtest3 (id, k, c, pad) VALUES (2479881, 13, 'foobar', 'foobar')
	Insert on sbtest3  (cost=0.00..0.01 rows=0 width=0)
	  ->  Result  (cost=0.00..0.01 rows=1 width=736)

table 4 : explain INSERT INTO sbtest4 (id, k, c, pad) VALUES (4840493, 13, 'foobar', 'foobar')
	Insert on sbtest4  (cost=0.00..0.01 rows=0 width=0)
	  ->  Result  (cost=0.00..0.01 rows=1 width=736)

table 5 : explain INSERT INTO sbtest5 (id, k, c, pad) VALUES (2136894, 13, 'foobar', 'foobar')
	Insert on sbtest5  (cost=0.00..0.01 rows=0 width=0)
	  ->  Result  (cost=0.00..0.01 rows=1 width=736)

table 6 : explain INSERT INTO sbtest6 (id, k, c, pad) VALUES (5991972, 13, 'foobar', 'foobar')
	Insert on sbtest6  (cost=0.00..0.01 rows=0 width=0)
	  ->  Result  (cost=0.00..0.01 rows=1 width=736)

table 7 : explain INSERT INTO sbtest7 (id, k, c, pad) VALUES (3500158, 13, 'foobar', 'foobar')
	Insert on sbtest7  (cost=0.00..0.01 rows=0 width=0)
	  ->  Result  (cost=0.00..0.01 rows=1 width=736)

table 8 : explain INSERT INTO sbtest8 (id, k, c, pad) VALUES (3561083, 13, 'foobar', 'foobar')
	Insert on sbtest8  (cost=0.00..0.01 rows=0 width=0)
	  ->  Result  (cost=0.00..0.01 rows=1 width=736)

explain: for inserts :: explain INSERT INTO sbtest%u (id, k, c, pad) VALUES (%u, 13, 'foobar', 'foobar')
for inserts
table 1 : explain INSERT INTO sbtest1 (id, k, c, pad) VALUES (7953496, 13, 'foobar', 'foobar')
	Insert on sbtest1  (cost=0.00..0.01 rows=0 width=0)
	  ->  Result  (cost=0.00..0.01 rows=1 width=736)

table 2 : explain INSERT INTO sbtest2 (id, k, c, pad) VALUES (1356798, 13, 'foobar', 'foobar')
	Insert on sbtest2  (cost=0.00..0.01 rows=0 width=0)
	  ->  Result  (cost=0.00..0.01 rows=1 width=736)

table 3 : explain INSERT INTO sbtest3 (id, k, c, pad) VALUES (4147762, 13, 'foobar', 'foobar')
	Insert on sbtest3  (cost=0.00..0.01 rows=0 width=0)
	  ->  Result  (cost=0.00..0.01 rows=1 width=736)

table 4 : explain INSERT INTO sbtest4 (id, k, c, pad) VALUES (3266101, 13, 'foobar', 'foobar')
	Insert on sbtest4  (cost=0.00..0.01 rows=0 width=0)
	  ->  Result  (cost=0.00..0.01 rows=1 width=736)

table 5 : explain INSERT INTO sbtest5 (id, k, c, pad) VALUES (8875043, 13, 'foobar', 'foobar')
	Insert on sbtest5  (cost=0.00..0.01 rows=0 width=0)
	  ->  Result  (cost=0.00..0.01 rows=1 width=736)

table 6 : explain INSERT INTO sbtest6 (id, k, c, pad) VALUES (7420731, 13, 'foobar', 'foobar')
	Insert on sbtest6  (cost=0.00..0.01 rows=0 width=0)
	  ->  Result  (cost=0.00..0.01 rows=1 width=736)

table 7 : explain INSERT INTO sbtest7 (id, k, c, pad) VALUES (2528779, 13, 'foobar', 'foobar')
	Insert on sbtest7  (cost=0.00..0.01 rows=0 width=0)
	  ->  Result  (cost=0.00..0.01 rows=1 width=736)

table 8 : explain INSERT INTO sbtest8 (id, k, c, pad) VALUES (7921936, 13, 'foobar', 'foobar')
	Insert on sbtest8  (cost=0.00..0.01 rows=0 width=0)
	  ->  Result  (cost=0.00..0.01 rows=1 width=736)

explain: for inserts :: explain INSERT INTO sbtest%u (id, k, c, pad) VALUES (%u, 13, 'foobar', 'foobar')
for inserts
table 1 : explain INSERT INTO sbtest1 (id, k, c, pad) VALUES (9647838, 13, 'foobar', 'foobar')
	Insert on sbtest1  (cost=0.00..0.01 rows=0 width=0)
	  ->  Result  (cost=0.00..0.01 rows=1 width=736)

table 2 : explain INSERT INTO sbtest2 (id, k, c, pad) VALUES (9632705, 13, 'foobar', 'foobar')
	Insert on sbtest2  (cost=0.00..0.01 rows=0 width=0)
	  ->  Result  (cost=0.00..0.01 rows=1 width=736)

table 3 : explain INSERT INTO sbtest3 (id, k, c, pad) VALUES (7777038, 13, 'foobar', 'foobar')
	Insert on sbtest3  (cost=0.00..0.01 rows=0 width=0)
	  ->  Result  (cost=0.00..0.01 rows=1 width=736)

table 4 : explain INSERT INTO sbtest4 (id, k, c, pad) VALUES (2142583, 13, 'foobar', 'foobar')
	Insert on sbtest4  (cost=0.00..0.01 rows=0 width=0)
	  ->  Result  (cost=0.00..0.01 rows=1 width=736)

table 5 : explain INSERT INTO sbtest5 (id, k, c, pad) VALUES (8390811, 13, 'foobar', 'foobar')
	Insert on sbtest5  (cost=0.00..0.01 rows=0 width=0)
	  ->  Result  (cost=0.00..0.01 rows=1 width=736)

table 6 : explain INSERT INTO sbtest6 (id, k, c, pad) VALUES (9972845, 13, 'foobar', 'foobar')
	Insert on sbtest6  (cost=0.00..0.01 rows=0 width=0)
	  ->  Result  (cost=0.00..0.01 rows=1 width=736)

table 7 : explain INSERT INTO sbtest7 (id, k, c, pad) VALUES (1893586, 13, 'foobar', 'foobar')
	Insert on sbtest7  (cost=0.00..0.01 rows=0 width=0)
	  ->  Result  (cost=0.00..0.01 rows=1 width=736)

table 8 : explain INSERT INTO sbtest8 (id, k, c, pad) VALUES (7259206, 13, 'foobar', 'foobar')
	Insert on sbtest8  (cost=0.00..0.01 rows=0 width=0)
	  ->  Result  (cost=0.00..0.01 rows=1 width=736)

Threads started!

Warming up for 5 seconds...

SQL statistics:
    queries performed:
        read:                            307754194
        write:                           87929874
        other:                           43964906
        total:                           439648974
    transactions:                        21982472 (23636.85 per sec.)
    queries:                             439648974 (472736.52 per sec.)
    ignored errors:                      0      (0.00 per sec.)
    reconnects:                          0      (0.00 per sec.)

Throughput:
    events/s (eps):                      23636.8511
    time elapsed:                        930.0086s
    total number of events:              21982472

Latency (ms):
         min:                                    1.38
         avg:                                    1.69
         max:                                   90.41
         95th percentile:                        1.86
         sum:                             37177069.98

Threads fairness:
    events (avg/stddev):           549561.4500/3155.41
    execution time (avg/stddev):   929.4267/0.01

