LUA_PATH=/home/mdcallag/git/mytools/bench/sysbench.lua/lua/?.lua /home/mdcallag/git/mytools/bench/sysbench.lua/lua/sysbench --db-driver=pgsql --range-size=100 --table-size=10000000 --tables=8 --threads=40 --events=0 --warmup-time=5 --time=630 --pgsql_conn_id=true /home/mdcallag/git/mytools/bench/sysbench.lua/lua/oltp_range_covered.lua run --pgsql-user=root --pgsql-password=pw --pgsql-host=127.0.0.1 --pgsql-db=ib --rand-type=uniform --random-points=100 --skip-trx --on-id=false
48 CPUs
sysbench 1.1.0-9072687 (using bundled LuaJIT 2.1.0-beta3)

Running the test with following options:
Number of threads: 40
Warmup time: 5s
Initializing random number generator from current time


Initializing worker threads...

explain: for range-covered :: explain SELECT k FROM sbtest%d WHERE k BETWEEN 3874543 AND 3874643
for range-covered
table 1 : explain SELECT k FROM sbtest1 WHERE k BETWEEN 3874543 AND 3874643
	Index Only Scan using k_1 on sbtest1  (cost=0.43..6.47 rows=102 width=4)
	  Index Cond: ((k >= 3874543) AND (k <= 3874643))

table 2 : explain SELECT k FROM sbtest2 WHERE k BETWEEN 3874543 AND 3874643
	Index Only Scan using k_2 on sbtest2  (cost=0.43..6.50 rows=103 width=4)
	  Index Cond: ((k >= 3874543) AND (k <= 3874643))

table 3 : explain SELECT k FROM sbtest3 WHERE k BETWEEN 3874543 AND 3874643
	Index Only Scan using k_3 on sbtest3  (cost=0.43..6.40 rows=98 width=4)
	  Index Cond: ((k >= 3874543) AND (k <= 3874643))

table 4 : explain SELECT k FROM sbtest4 WHERE k BETWEEN 3874543 AND 3874643
	Index Only Scan using k_4 on sbtest4  (cost=0.43..6.45 rows=101 width=4)
	  Index Cond: ((k >= 3874543) AND (k <= 3874643))

table 5 : explain SELECT k FROM sbtest5 WHERE k BETWEEN 3874543 AND 3874643
	Index Only Scan using k_5 on sbtest5  (cost=0.43..6.50 rows=103 width=4)
	  Index Cond: ((k >= 3874543) AND (k <= 3874643))

table 6 : explain SELECT k FROM sbtest6 WHERE k BETWEEN 3874543 AND 3874643
	Index Only Scan using k_6 on sbtest6  (cost=0.43..6.53 rows=105 width=4)
	  Index Cond: ((k >= 3874543) AND (k <= 3874643))

table 7 : explain SELECT k FROM sbtest7 WHERE k BETWEEN 3874543 AND 3874643
	Index Only Scan using k_7 on sbtest7  (cost=0.43..6.67 rows=112 width=4)
	  Index Cond: ((k >= 3874543) AND (k <= 3874643))

table 8 : explain SELECT k FROM sbtest8 WHERE k BETWEEN 3874543 AND 3874643
	Index Only Scan using k_8 on sbtest8  (cost=0.43..10.54 rows=105 width=4)
	  Index Cond: ((k >= 3874543) AND (k <= 3874643))

explain: for range-covered :: explain SELECT k FROM sbtest%d WHERE k BETWEEN 3874543 AND 3874643
for range-covered
table 1 : explain SELECT k FROM sbtest1 WHERE k BETWEEN 3874543 AND 3874643
	Index Only Scan using k_1 on sbtest1  (cost=0.43..6.47 rows=102 width=4)
	  Index Cond: ((k >= 3874543) AND (k <= 3874643))

table 2 : explain SELECT k FROM sbtest2 WHERE k BETWEEN 3874543 AND 3874643
	Index Only Scan using k_2 on sbtest2  (cost=0.43..6.50 rows=103 width=4)
	  Index Cond: ((k >= 3874543) AND (k <= 3874643))

table 3 : explain SELECT k FROM sbtest3 WHERE k BETWEEN 3874543 AND 3874643
	Index Only Scan using k_3 on sbtest3  (cost=0.43..6.40 rows=98 width=4)
	  Index Cond: ((k >= 3874543) AND (k <= 3874643))

table 4 : explain SELECT k FROM sbtest4 WHERE k BETWEEN 3874543 AND 3874643
	Index Only Scan using k_4 on sbtest4  (cost=0.43..6.45 rows=101 width=4)
	  Index Cond: ((k >= 3874543) AND (k <= 3874643))

table 5 : explain SELECT k FROM sbtest5 WHERE k BETWEEN 3874543 AND 3874643
	Index Only Scan using k_5 on sbtest5  (cost=0.43..6.50 rows=103 width=4)
	  Index Cond: ((k >= 3874543) AND (k <= 3874643))

table 6 : explain SELECT k FROM sbtest6 WHERE k BETWEEN 3874543 AND 3874643
	Index Only Scan using k_6 on sbtest6  (cost=0.43..6.53 rows=105 width=4)
	  Index Cond: ((k >= 3874543) AND (k <= 3874643))

table 7 : explain SELECT k FROM sbtest7 WHERE k BETWEEN 3874543 AND 3874643
	Index Only Scan using k_7 on sbtest7  (cost=0.43..6.67 rows=112 width=4)
	  Index Cond: ((k >= 3874543) AND (k <= 3874643))

table 8 : explain SELECT k FROM sbtest8 WHERE k BETWEEN 3874543 AND 3874643
	Index Only Scan using k_8 on sbtest8  (cost=0.43..10.54 rows=105 width=4)
	  Index Cond: ((k >= 3874543) AND (k <= 3874643))

explain: for range-covered :: explain SELECT k FROM sbtest%d WHERE k BETWEEN 3874543 AND 3874643
for range-covered
table 1 : explain SELECT k FROM sbtest1 WHERE k BETWEEN 3874543 AND 3874643
	Index Only Scan using k_1 on sbtest1  (cost=0.43..6.47 rows=102 width=4)
	  Index Cond: ((k >= 3874543) AND (k <= 3874643))

table 2 : explain SELECT k FROM sbtest2 WHERE k BETWEEN 3874543 AND 3874643
	Index Only Scan using k_2 on sbtest2  (cost=0.43..6.50 rows=103 width=4)
	  Index Cond: ((k >= 3874543) AND (k <= 3874643))

table 3 : explain SELECT k FROM sbtest3 WHERE k BETWEEN 3874543 AND 3874643
	Index Only Scan using k_3 on sbtest3  (cost=0.43..6.40 rows=98 width=4)
	  Index Cond: ((k >= 3874543) AND (k <= 3874643))

table 4 : explain SELECT k FROM sbtest4 WHERE k BETWEEN 3874543 AND 3874643
	Index Only Scan using k_4 on sbtest4  (cost=0.43..6.45 rows=101 width=4)
	  Index Cond: ((k >= 3874543) AND (k <= 3874643))

table 5 : explain SELECT k FROM sbtest5 WHERE k BETWEEN 3874543 AND 3874643
	Index Only Scan using k_5 on sbtest5  (cost=0.43..6.50 rows=103 width=4)
	  Index Cond: ((k >= 3874543) AND (k <= 3874643))

table 6 : explain SELECT k FROM sbtest6 WHERE k BETWEEN 3874543 AND 3874643
	Index Only Scan using k_6 on sbtest6  (cost=0.43..6.53 rows=105 width=4)
	  Index Cond: ((k >= 3874543) AND (k <= 3874643))

table 7 : explain SELECT k FROM sbtest7 WHERE k BETWEEN 3874543 AND 3874643
	Index Only Scan using k_7 on sbtest7  (cost=0.43..6.67 rows=112 width=4)
	  Index Cond: ((k >= 3874543) AND (k <= 3874643))

table 8 : explain SELECT k FROM sbtest8 WHERE k BETWEEN 3874543 AND 3874643
	Index Only Scan using k_8 on sbtest8  (cost=0.43..10.54 rows=105 width=4)
	  Index Cond: ((k >= 3874543) AND (k <= 3874643))

explain: for range-covered :: explain SELECT k FROM sbtest%d WHERE k BETWEEN 3874543 AND 3874643
for range-covered
table 1 : explain SELECT k FROM sbtest1 WHERE k BETWEEN 3874543 AND 3874643
	Index Only Scan using k_1 on sbtest1  (cost=0.43..6.47 rows=102 width=4)
	  Index Cond: ((k >= 3874543) AND (k <= 3874643))

table 2 : explain SELECT k FROM sbtest2 WHERE k BETWEEN 3874543 AND 3874643
	Index Only Scan using k_2 on sbtest2  (cost=0.43..6.50 rows=103 width=4)
	  Index Cond: ((k >= 3874543) AND (k <= 3874643))

table 3 : explain SELECT k FROM sbtest3 WHERE k BETWEEN 3874543 AND 3874643
	Index Only Scan using k_3 on sbtest3  (cost=0.43..6.40 rows=98 width=4)
	  Index Cond: ((k >= 3874543) AND (k <= 3874643))

table 4 : explain SELECT k FROM sbtest4 WHERE k BETWEEN 3874543 AND 3874643
	Index Only Scan using k_4 on sbtest4  (cost=0.43..6.45 rows=101 width=4)
	  Index Cond: ((k >= 3874543) AND (k <= 3874643))

table 5 : explain SELECT k FROM sbtest5 WHERE k BETWEEN 3874543 AND 3874643
	Index Only Scan using k_5 on sbtest5  (cost=0.43..6.50 rows=103 width=4)
	  Index Cond: ((k >= 3874543) AND (k <= 3874643))

table 6 : explain SELECT k FROM sbtest6 WHERE k BETWEEN 3874543 AND 3874643
	Index Only Scan using k_6 on sbtest6  (cost=0.43..6.53 rows=105 width=4)
	  Index Cond: ((k >= 3874543) AND (k <= 3874643))

table 7 : explain SELECT k FROM sbtest7 WHERE k BETWEEN 3874543 AND 3874643
	Index Only Scan using k_7 on sbtest7  (cost=0.43..6.67 rows=112 width=4)
	  Index Cond: ((k >= 3874543) AND (k <= 3874643))

table 8 : explain SELECT k FROM sbtest8 WHERE k BETWEEN 3874543 AND 3874643
	Index Only Scan using k_8 on sbtest8  (cost=0.43..10.54 rows=105 width=4)
	  Index Cond: ((k >= 3874543) AND (k <= 3874643))

explain: for range-covered :: explain SELECT k FROM sbtest%d WHERE k BETWEEN 3874543 AND 3874643
for range-covered
table 1 : explain SELECT k FROM sbtest1 WHERE k BETWEEN 3874543 AND 3874643
	Index Only Scan using k_1 on sbtest1  (cost=0.43..6.47 rows=102 width=4)
	  Index Cond: ((k >= 3874543) AND (k <= 3874643))

table 2 : explain SELECT k FROM sbtest2 WHERE k BETWEEN 3874543 AND 3874643
	Index Only Scan using k_2 on sbtest2  (cost=0.43..6.50 rows=103 width=4)
	  Index Cond: ((k >= 3874543) AND (k <= 3874643))

table 3 : explain SELECT k FROM sbtest3 WHERE k BETWEEN 3874543 AND 3874643
	Index Only Scan using k_3 on sbtest3  (cost=0.43..6.40 rows=98 width=4)
	  Index Cond: ((k >= 3874543) AND (k <= 3874643))

table 4 : explain SELECT k FROM sbtest4 WHERE k BETWEEN 3874543 AND 3874643
	Index Only Scan using k_4 on sbtest4  (cost=0.43..6.45 rows=101 width=4)
	  Index Cond: ((k >= 3874543) AND (k <= 3874643))

table 5 : explain SELECT k FROM sbtest5 WHERE k BETWEEN 3874543 AND 3874643
	Index Only Scan using k_5 on sbtest5  (cost=0.43..6.50 rows=103 width=4)
	  Index Cond: ((k >= 3874543) AND (k <= 3874643))

table 6 : explain SELECT k FROM sbtest6 WHERE k BETWEEN 3874543 AND 3874643
	Index Only Scan using k_6 on sbtest6  (cost=0.43..6.53 rows=105 width=4)
	  Index Cond: ((k >= 3874543) AND (k <= 3874643))

table 7 : explain SELECT k FROM sbtest7 WHERE k BETWEEN 3874543 AND 3874643
	Index Only Scan using k_7 on sbtest7  (cost=0.43..6.67 rows=112 width=4)
	  Index Cond: ((k >= 3874543) AND (k <= 3874643))

table 8 : explain SELECT k FROM sbtest8 WHERE k BETWEEN 3874543 AND 3874643
	Index Only Scan using k_8 on sbtest8  (cost=0.43..10.54 rows=105 width=4)
	  Index Cond: ((k >= 3874543) AND (k <= 3874643))

explain: for range-covered :: explain SELECT k FROM sbtest%d WHERE k BETWEEN 3874543 AND 3874643
for range-covered
table 1 : explain SELECT k FROM sbtest1 WHERE k BETWEEN 3874543 AND 3874643
	Index Only Scan using k_1 on sbtest1  (cost=0.43..6.47 rows=102 width=4)
	  Index Cond: ((k >= 3874543) AND (k <= 3874643))

table 2 : explain SELECT k FROM sbtest2 WHERE k BETWEEN 3874543 AND 3874643
	Index Only Scan using k_2 on sbtest2  (cost=0.43..6.50 rows=103 width=4)
	  Index Cond: ((k >= 3874543) AND (k <= 3874643))

table 3 : explain SELECT k FROM sbtest3 WHERE k BETWEEN 3874543 AND 3874643
	Index Only Scan using k_3 on sbtest3  (cost=0.43..6.40 rows=98 width=4)
	  Index Cond: ((k >= 3874543) AND (k <= 3874643))

table 4 : explain SELECT k FROM sbtest4 WHERE k BETWEEN 3874543 AND 3874643
	Index Only Scan using k_4 on sbtest4  (cost=0.43..6.45 rows=101 width=4)
	  Index Cond: ((k >= 3874543) AND (k <= 3874643))

table 5 : explain SELECT k FROM sbtest5 WHERE k BETWEEN 3874543 AND 3874643
	Index Only Scan using k_5 on sbtest5  (cost=0.43..6.50 rows=103 width=4)
	  Index Cond: ((k >= 3874543) AND (k <= 3874643))

table 6 : explain SELECT k FROM sbtest6 WHERE k BETWEEN 3874543 AND 3874643
	Index Only Scan using k_6 on sbtest6  (cost=0.43..6.53 rows=105 width=4)
	  Index Cond: ((k >= 3874543) AND (k <= 3874643))

table 7 : explain SELECT k FROM sbtest7 WHERE k BETWEEN 3874543 AND 3874643
	Index Only Scan using k_7 on sbtest7  (cost=0.43..6.67 rows=112 width=4)
	  Index Cond: ((k >= 3874543) AND (k <= 3874643))

table 8 : explain SELECT k FROM sbtest8 WHERE k BETWEEN 3874543 AND 3874643
	Index Only Scan using k_8 on sbtest8  (cost=0.43..10.54 rows=105 width=4)
	  Index Cond: ((k >= 3874543) AND (k <= 3874643))

explain: for range-covered :: explain SELECT k FROM sbtest%d WHERE k BETWEEN 3874543 AND 3874643
for range-covered
table 1 : explain SELECT k FROM sbtest1 WHERE k BETWEEN 3874543 AND 3874643
	Index Only Scan using k_1 on sbtest1  (cost=0.43..6.47 rows=102 width=4)
	  Index Cond: ((k >= 3874543) AND (k <= 3874643))

table 2 : explain SELECT k FROM sbtest2 WHERE k BETWEEN 3874543 AND 3874643
	Index Only Scan using k_2 on sbtest2  (cost=0.43..6.50 rows=103 width=4)
	  Index Cond: ((k >= 3874543) AND (k <= 3874643))

table 3 : explain SELECT k FROM sbtest3 WHERE k BETWEEN 3874543 AND 3874643
	Index Only Scan using k_3 on sbtest3  (cost=0.43..6.40 rows=98 width=4)
	  Index Cond: ((k >= 3874543) AND (k <= 3874643))

table 4 : explain SELECT k FROM sbtest4 WHERE k BETWEEN 3874543 AND 3874643
	Index Only Scan using k_4 on sbtest4  (cost=0.43..6.45 rows=101 width=4)
	  Index Cond: ((k >= 3874543) AND (k <= 3874643))

table 5 : explain SELECT k FROM sbtest5 WHERE k BETWEEN 3874543 AND 3874643
	Index Only Scan using k_5 on sbtest5  (cost=0.43..6.50 rows=103 width=4)
	  Index Cond: ((k >= 3874543) AND (k <= 3874643))

table 6 : explain SELECT k FROM sbtest6 WHERE k BETWEEN 3874543 AND 3874643
	Index Only Scan using k_6 on sbtest6  (cost=0.43..6.53 rows=105 width=4)
	  Index Cond: ((k >= 3874543) AND (k <= 3874643))

table 7 : explain SELECT k FROM sbtest7 WHERE k BETWEEN 3874543 AND 3874643
	Index Only Scan using k_7 on sbtest7  (cost=0.43..6.67 rows=112 width=4)
	  Index Cond: ((k >= 3874543) AND (k <= 3874643))

table 8 : explain SELECT k FROM sbtest8 WHERE k BETWEEN 3874543 AND 3874643
	Index Only Scan using k_8 on sbtest8  (cost=0.43..10.54 rows=105 width=4)
	  Index Cond: ((k >= 3874543) AND (k <= 3874643))

explain: for range-covered :: explain SELECT k FROM sbtest%d WHERE k BETWEEN 3874543 AND 3874643
explain: for range-covered :: explain SELECT k FROM sbtest%d WHERE k BETWEEN 7359218 AND 7359318
for range-covered
table 1 : explain SELECT k FROM sbtest1 WHERE k BETWEEN 3874543 AND 3874643
	Index Only Scan using k_1 on sbtest1  (cost=0.43..6.47 rows=102 width=4)
	  Index Cond: ((k >= 3874543) AND (k <= 3874643))

table 2 : explain SELECT k FROM sbtest2 WHERE k BETWEEN 3874543 AND 3874643
	Index Only Scan using k_2 on sbtest2  (cost=0.43..6.50 rows=103 width=4)
	  Index Cond: ((k >= 3874543) AND (k <= 3874643))

table 3 : explain SELECT k FROM sbtest3 WHERE k BETWEEN 3874543 AND 3874643
	Index Only Scan using k_3 on sbtest3  (cost=0.43..6.40 rows=98 width=4)
	  Index Cond: ((k >= 3874543) AND (k <= 3874643))

table 4 : explain SELECT k FROM sbtest4 WHERE k BETWEEN 3874543 AND 3874643
	Index Only Scan using k_4 on sbtest4  (cost=0.43..6.45 rows=101 width=4)
	  Index Cond: ((k >= 3874543) AND (k <= 3874643))

table 5 : explain SELECT k FROM sbtest5 WHERE k BETWEEN 3874543 AND 3874643
	Index Only Scan using k_5 on sbtest5  (cost=0.43..6.50 rows=103 width=4)
	  Index Cond: ((k >= 3874543) AND (k <= 3874643))

table 6 : explain SELECT k FROM sbtest6 WHERE k BETWEEN 3874543 AND 3874643
	Index Only Scan using k_6 on sbtest6  (cost=0.43..6.53 rows=105 width=4)
	  Index Cond: ((k >= 3874543) AND (k <= 3874643))

table 7 : explain SELECT k FROM sbtest7 WHERE k BETWEEN 3874543 AND 3874643
	Index Only Scan using k_7 on sbtest7  (cost=0.43..6.67 rows=112 width=4)
	  Index Cond: ((k >= 3874543) AND (k <= 3874643))

table 8 : explain SELECT k FROM sbtest8 WHERE k BETWEEN 3874543 AND 3874643
	Index Only Scan using k_8 on sbtest8  (cost=0.43..10.54 rows=105 width=4)
	  Index Cond: ((k >= 3874543) AND (k <= 3874643))

explain: for range-covered :: explain SELECT k FROM sbtest%d WHERE k BETWEEN 2665192 AND 2665292
explain: for range-covered :: explain SELECT k FROM sbtest%d WHERE k BETWEEN 5194524 AND 5194624
explain: for range-covered :: explain SELECT k FROM sbtest%d WHERE k BETWEEN 7417509 AND 7417609
explain: for range-covered :: explain SELECT k FROM sbtest%d WHERE k BETWEEN 7791094 AND 7791194
explain: for range-covered :: explain SELECT k FROM sbtest%d WHERE k BETWEEN 6463557 AND 6463657
explain: for range-covered :: explain SELECT k FROM sbtest%d WHERE k BETWEEN 7662491 AND 7662591
for range-covered
table 1 : explain SELECT k FROM sbtest1 WHERE k BETWEEN 7359218 AND 7359318
	Index Only Scan using k_1 on sbtest1  (cost=0.43..6.35 rows=96 width=4)
	  Index Cond: ((k >= 7359218) AND (k <= 7359318))

table 2 : explain SELECT k FROM sbtest2 WHERE k BETWEEN 7359218 AND 7359318
	Index Only Scan using k_2 on sbtest2  (cost=0.43..6.37 rows=97 width=4)
	  Index Cond: ((k >= 7359218) AND (k <= 7359318))

table 3 : explain SELECT k FROM sbtest3 WHERE k BETWEEN 7359218 AND 7359318
	Index Only Scan using k_3 on sbtest3  (cost=0.43..6.37 rows=97 width=4)
	  Index Cond: ((k >= 7359218) AND (k <= 7359318))

table 4 : explain SELECT k FROM sbtest4 WHERE k BETWEEN 7359218 AND 7359318
	Index Only Scan using k_4 on sbtest4  (cost=0.43..6.32 rows=94 width=4)
	  Index Cond: ((k >= 7359218) AND (k <= 7359318))

table 5 : explain SELECT k FROM sbtest5 WHERE k BETWEEN 7359218 AND 7359318
	Index Only Scan using k_5 on sbtest5  (cost=0.43..6.43 rows=100 width=4)
	  Index Cond: ((k >= 7359218) AND (k <= 7359318))

table 6 : explain SELECT k FROM sbtest6 WHERE k BETWEEN 7359218 AND 7359318
	Index Only Scan using k_6 on sbtest6  (cost=0.43..6.56 rows=106 width=4)
	  Index Cond: ((k >= 7359218) AND (k <= 7359318))

table 7 : explain SELECT k FROM sbtest7 WHERE k BETWEEN 7359218 AND 7359318
	Index Only Scan using k_7 on sbtest7  (cost=0.43..6.81 rows=119 width=4)
	  Index Cond: ((k >= 7359218) AND (k <= 7359318))

table 8 : explain SELECT k FROM sbtest8 WHERE k BETWEEN 7359218 AND 7359318
	Index Only Scan using k_8 on sbtest8  (cost=0.43..10.38 rows=97 width=4)
	  Index Cond: ((k >= 7359218) AND (k <= 7359318))

explain: for range-covered :: explain SELECT k FROM sbtest%d WHERE k BETWEEN 7359218 AND 7359318
explain: for range-covered :: explain SELECT k FROM sbtest%d WHERE k BETWEEN 5169017 AND 5169117
for range-covered
table 1 : explain SELECT k FROM sbtest1 WHERE k BETWEEN 7417509 AND 7417609
	Index Only Scan using k_1 on sbtest1  (cost=0.43..6.24 rows=90 width=4)
	  Index Cond: ((k >= 7417509) AND (k <= 7417609))

table 2 : explain SELECT k FROM sbtest2 WHERE k BETWEEN 7417509 AND 7417609
	Index Only Scan using k_2 on sbtest2  (cost=0.43..6.37 rows=97 width=4)
	  Index Cond: ((k >= 7417509) AND (k <= 7417609))

table 3 : explain SELECT k FROM sbtest3 WHERE k BETWEEN 7417509 AND 7417609
	Index Only Scan using k_3 on sbtest3  (cost=0.43..6.37 rows=97 width=4)
	  Index Cond: ((k >= 7417509) AND (k <= 7417609))

table 4 : explain SELECT k FROM sbtest4 WHERE k BETWEEN 7417509 AND 7417609
	Index Only Scan using k_4 on sbtest4  (cost=0.43..6.32 rows=94 width=4)
	  Index Cond: ((k >= 7417509) AND (k <= 7417609))

table 5 : explain SELECT k FROM sbtest5 WHERE k BETWEEN 7417509 AND 7417609
	Index Only Scan using k_5 on sbtest5  (cost=0.43..6.51 rows=104 width=4)
	  Index Cond: ((k >= 7417509) AND (k <= 7417609))

table 6 : explain SELECT k FROM sbtest6 WHERE k BETWEEN 7417509 AND 7417609
	Index Only Scan using k_6 on sbtest6  (cost=0.43..6.56 rows=106 width=4)
	  Index Cond: ((k >= 7417509) AND (k <= 7417609))

table 7 : explain SELECT k FROM sbtest7 WHERE k BETWEEN 7417509 AND 7417609
	Index Only Scan using k_7 on sbtest7  (cost=0.43..6.47 rows=102 width=4)
	  Index Cond: ((k >= 7417509) AND (k <= 7417609))

table 8 : explain SELECT k FROM sbtest8 WHERE k BETWEEN 7417509 AND 7417609
	Index Only Scan using k_8 on sbtest8  (cost=0.43..10.51 rows=104 width=4)
	  Index Cond: ((k >= 7417509) AND (k <= 7417609))

for range-covered
table 1 : explain SELECT k FROM sbtest1 WHERE k BETWEEN 2665192 AND 2665292
	Index Only Scan using k_1 on sbtest1  (cost=0.43..6.74 rows=115 width=4)
	  Index Cond: ((k >= 2665192) AND (k <= 2665292))

table 2 : explain SELECT k FROM sbtest2 WHERE k BETWEEN 2665192 AND 2665292
	Index Only Scan using k_2 on sbtest2  (cost=0.43..6.42 rows=99 width=4)
	  Index Cond: ((k >= 2665192) AND (k <= 2665292))

table 3 : explain SELECT k FROM sbtest3 WHERE k BETWEEN 2665192 AND 2665292
	Index Only Scan using k_3 on sbtest3  (cost=0.43..6.66 rows=111 width=4)
	  Index Cond: ((k >= 2665192) AND (k <= 2665292))

table 4 : explain SELECT k FROM sbtest4 WHERE k BETWEEN 2665192 AND 2665292
	Index Only Scan using k_4 on sbtest4  (cost=0.43..6.42 rows=99 width=4)
	  Index Cond: ((k >= 2665192) AND (k <= 2665292))

table 5 : explain SELECT k FROM sbtest5 WHERE k BETWEEN 2665192 AND 2665292
	Index Only Scan using k_5 on sbtest5  (cost=0.43..6.27 rows=92 width=4)
	  Index Cond: ((k >= 2665192) AND (k <= 2665292))

table 6 : explain SELECT k FROM sbtest6 WHERE k BETWEEN 2665192 AND 2665292
	Index Only Scan using k_6 on sbtest6  (cost=0.43..6.43 rows=100 width=4)
	  Index Cond: ((k >= 2665192) AND (k <= 2665292))

table 7 : explain SELECT k FROM sbtest7 WHERE k BETWEEN 2665192 AND 2665292
	Index Only Scan using k_7 on sbtest7  (cost=0.43..6.50 rows=103 width=4)
	  Index Cond: ((k >= 2665192) AND (k <= 2665292))

table 8 : explain SELECT k FROM sbtest8 WHERE k BETWEEN 2665192 AND 2665292
	Index Only Scan using k_8 on sbtest8  (cost=0.43..10.46 rows=101 width=4)
	  Index Cond: ((k >= 2665192) AND (k <= 2665292))

explain: for range-covered :: explain SELECT k FROM sbtest%d WHERE k BETWEEN 7417509 AND 7417609
explain: for range-covered :: explain SELECT k FROM sbtest%d WHERE k BETWEEN 2665192 AND 2665292
for range-covered
table 1 : explain SELECT k FROM sbtest1 WHERE k BETWEEN 7417509 AND 7417609
	Index Only Scan using k_1 on sbtest1  (cost=0.43..6.24 rows=90 width=4)
	  Index Cond: ((k >= 7417509) AND (k <= 7417609))

table 2 : explain SELECT k FROM sbtest2 WHERE k BETWEEN 7417509 AND 7417609
	Index Only Scan using k_2 on sbtest2  (cost=0.43..6.37 rows=97 width=4)
	  Index Cond: ((k >= 7417509) AND (k <= 7417609))

table 3 : explain SELECT k FROM sbtest3 WHERE k BETWEEN 7417509 AND 7417609
	Index Only Scan using k_3 on sbtest3  (cost=0.43..6.37 rows=97 width=4)
	  Index Cond: ((k >= 7417509) AND (k <= 7417609))

table 4 : explain SELECT k FROM sbtest4 WHERE k BETWEEN 7417509 AND 7417609
	Index Only Scan using k_4 on sbtest4  (cost=0.43..6.32 rows=94 width=4)
	  Index Cond: ((k >= 7417509) AND (k <= 7417609))

table 5 : explain SELECT k FROM sbtest5 WHERE k BETWEEN 7417509 AND 7417609
	Index Only Scan using k_5 on sbtest5  (cost=0.43..6.51 rows=104 width=4)
	  Index Cond: ((k >= 7417509) AND (k <= 7417609))

table 6 : explain SELECT k FROM sbtest6 WHERE k BETWEEN 7417509 AND 7417609
	Index Only Scan using k_6 on sbtest6  (cost=0.43..6.56 rows=106 width=4)
	  Index Cond: ((k >= 7417509) AND (k <= 7417609))

table 7 : explain SELECT k FROM sbtest7 WHERE k BETWEEN 7417509 AND 7417609
	Index Only Scan using k_7 on sbtest7  (cost=0.43..6.47 rows=102 width=4)
	  Index Cond: ((k >= 7417509) AND (k <= 7417609))

table 8 : explain SELECT k FROM sbtest8 WHERE k BETWEEN 7417509 AND 7417609
	Index Only Scan using k_8 on sbtest8  (cost=0.43..10.51 rows=104 width=4)
	  Index Cond: ((k >= 7417509) AND (k <= 7417609))

for range-covered
table 1 : explain SELECT k FROM sbtest1 WHERE k BETWEEN 2665192 AND 2665292
	Index Only Scan using k_1 on sbtest1  (cost=0.43..6.74 rows=115 width=4)
	  Index Cond: ((k >= 2665192) AND (k <= 2665292))

table 2 : explain SELECT k FROM sbtest2 WHERE k BETWEEN 2665192 AND 2665292
	Index Only Scan using k_2 on sbtest2  (cost=0.43..6.42 rows=99 width=4)
	  Index Cond: ((k >= 2665192) AND (k <= 2665292))

table 3 : explain SELECT k FROM sbtest3 WHERE k BETWEEN 2665192 AND 2665292
	Index Only Scan using k_3 on sbtest3  (cost=0.43..6.66 rows=111 width=4)
	  Index Cond: ((k >= 2665192) AND (k <= 2665292))

table 4 : explain SELECT k FROM sbtest4 WHERE k BETWEEN 2665192 AND 2665292
	Index Only Scan using k_4 on sbtest4  (cost=0.43..6.42 rows=99 width=4)
	  Index Cond: ((k >= 2665192) AND (k <= 2665292))

table 5 : explain SELECT k FROM sbtest5 WHERE k BETWEEN 2665192 AND 2665292
	Index Only Scan using k_5 on sbtest5  (cost=0.43..6.27 rows=92 width=4)
	  Index Cond: ((k >= 2665192) AND (k <= 2665292))

table 6 : explain SELECT k FROM sbtest6 WHERE k BETWEEN 2665192 AND 2665292
	Index Only Scan using k_6 on sbtest6  (cost=0.43..6.43 rows=100 width=4)
	  Index Cond: ((k >= 2665192) AND (k <= 2665292))

table 7 : explain SELECT k FROM sbtest7 WHERE k BETWEEN 2665192 AND 2665292
	Index Only Scan using k_7 on sbtest7  (cost=0.43..6.50 rows=103 width=4)
	  Index Cond: ((k >= 2665192) AND (k <= 2665292))

table 8 : explain SELECT k FROM sbtest8 WHERE k BETWEEN 2665192 AND 2665292
	Index Only Scan using k_8 on sbtest8  (cost=0.43..10.46 rows=101 width=4)
	  Index Cond: ((k >= 2665192) AND (k <= 2665292))

explain: for range-covered :: explain SELECT k FROM sbtest%d WHERE k BETWEEN 7417509 AND 7417609
explain: for range-covered :: explain SELECT k FROM sbtest%d WHERE k BETWEEN 2665192 AND 2665292
for range-covered
table 1 : explain SELECT k FROM sbtest1 WHERE k BETWEEN 7359218 AND 7359318
	Index Only Scan using k_1 on sbtest1  (cost=0.43..6.35 rows=96 width=4)
	  Index Cond: ((k >= 7359218) AND (k <= 7359318))

table 2 : explain SELECT k FROM sbtest2 WHERE k BETWEEN 7359218 AND 7359318
	Index Only Scan using k_2 on sbtest2  (cost=0.43..6.37 rows=97 width=4)
	  Index Cond: ((k >= 7359218) AND (k <= 7359318))

table 3 : explain SELECT k FROM sbtest3 WHERE k BETWEEN 7359218 AND 7359318
	Index Only Scan using k_3 on sbtest3  (cost=0.43..6.37 rows=97 width=4)
	  Index Cond: ((k >= 7359218) AND (k <= 7359318))

table 4 : explain SELECT k FROM sbtest4 WHERE k BETWEEN 7359218 AND 7359318
	Index Only Scan using k_4 on sbtest4  (cost=0.43..6.32 rows=94 width=4)
	  Index Cond: ((k >= 7359218) AND (k <= 7359318))

table 5 : explain SELECT k FROM sbtest5 WHERE k BETWEEN 7359218 AND 7359318
	Index Only Scan using k_5 on sbtest5  (cost=0.43..6.43 rows=100 width=4)
	  Index Cond: ((k >= 7359218) AND (k <= 7359318))

table 6 : explain SELECT k FROM sbtest6 WHERE k BETWEEN 7359218 AND 7359318
	Index Only Scan using k_6 on sbtest6  (cost=0.43..6.56 rows=106 width=4)
	  Index Cond: ((k >= 7359218) AND (k <= 7359318))

table 7 : explain SELECT k FROM sbtest7 WHERE k BETWEEN 7359218 AND 7359318
	Index Only Scan using k_7 on sbtest7  (cost=0.43..6.81 rows=119 width=4)
	  Index Cond: ((k >= 7359218) AND (k <= 7359318))

table 8 : explain SELECT k FROM sbtest8 WHERE k BETWEEN 7359218 AND 7359318
	Index Only Scan using k_8 on sbtest8  (cost=0.43..10.38 rows=97 width=4)
	  Index Cond: ((k >= 7359218) AND (k <= 7359318))

explain: for range-covered :: explain SELECT k FROM sbtest%d WHERE k BETWEEN 7359218 AND 7359318
for range-covered
table 1 : explain SELECT k FROM sbtest1 WHERE k BETWEEN 7417509 AND 7417609
	Index Only Scan using k_1 on sbtest1  (cost=0.43..6.24 rows=90 width=4)
	  Index Cond: ((k >= 7417509) AND (k <= 7417609))

table 2 : explain SELECT k FROM sbtest2 WHERE k BETWEEN 7417509 AND 7417609
	Index Only Scan using k_2 on sbtest2  (cost=0.43..6.37 rows=97 width=4)
	  Index Cond: ((k >= 7417509) AND (k <= 7417609))

table 3 : explain SELECT k FROM sbtest3 WHERE k BETWEEN 7417509 AND 7417609
	Index Only Scan using k_3 on sbtest3  (cost=0.43..6.37 rows=97 width=4)
	  Index Cond: ((k >= 7417509) AND (k <= 7417609))

table 4 : explain SELECT k FROM sbtest4 WHERE k BETWEEN 7417509 AND 7417609
	Index Only Scan using k_4 on sbtest4  (cost=0.43..6.32 rows=94 width=4)
	  Index Cond: ((k >= 7417509) AND (k <= 7417609))

table 5 : explain SELECT k FROM sbtest5 WHERE k BETWEEN 7417509 AND 7417609
	Index Only Scan using k_5 on sbtest5  (cost=0.43..6.51 rows=104 width=4)
	  Index Cond: ((k >= 7417509) AND (k <= 7417609))

table 6 : explain SELECT k FROM sbtest6 WHERE k BETWEEN 7417509 AND 7417609
	Index Only Scan using k_6 on sbtest6  (cost=0.43..6.56 rows=106 width=4)
	  Index Cond: ((k >= 7417509) AND (k <= 7417609))

table 7 : explain SELECT k FROM sbtest7 WHERE k BETWEEN 7417509 AND 7417609
	Index Only Scan using k_7 on sbtest7  (cost=0.43..6.47 rows=102 width=4)
	  Index Cond: ((k >= 7417509) AND (k <= 7417609))

table 8 : explain SELECT k FROM sbtest8 WHERE k BETWEEN 7417509 AND 7417609
	Index Only Scan using k_8 on sbtest8  (cost=0.43..10.51 rows=104 width=4)
	  Index Cond: ((k >= 7417509) AND (k <= 7417609))

for range-covered
table 1 : explain SELECT k FROM sbtest1 WHERE k BETWEEN 2665192 AND 2665292
	Index Only Scan using k_1 on sbtest1  (cost=0.43..6.74 rows=115 width=4)
	  Index Cond: ((k >= 2665192) AND (k <= 2665292))

table 2 : explain SELECT k FROM sbtest2 WHERE k BETWEEN 2665192 AND 2665292
	Index Only Scan using k_2 on sbtest2  (cost=0.43..6.42 rows=99 width=4)
	  Index Cond: ((k >= 2665192) AND (k <= 2665292))

table 3 : explain SELECT k FROM sbtest3 WHERE k BETWEEN 2665192 AND 2665292
	Index Only Scan using k_3 on sbtest3  (cost=0.43..6.66 rows=111 width=4)
	  Index Cond: ((k >= 2665192) AND (k <= 2665292))

table 4 : explain SELECT k FROM sbtest4 WHERE k BETWEEN 2665192 AND 2665292
	Index Only Scan using k_4 on sbtest4  (cost=0.43..6.42 rows=99 width=4)
	  Index Cond: ((k >= 2665192) AND (k <= 2665292))

table 5 : explain SELECT k FROM sbtest5 WHERE k BETWEEN 2665192 AND 2665292
	Index Only Scan using k_5 on sbtest5  (cost=0.43..6.27 rows=92 width=4)
	  Index Cond: ((k >= 2665192) AND (k <= 2665292))

table 6 : explain SELECT k FROM sbtest6 WHERE k BETWEEN 2665192 AND 2665292
	Index Only Scan using k_6 on sbtest6  (cost=0.43..6.43 rows=100 width=4)
	  Index Cond: ((k >= 2665192) AND (k <= 2665292))

table 7 : explain SELECT k FROM sbtest7 WHERE k BETWEEN 2665192 AND 2665292
	Index Only Scan using k_7 on sbtest7  (cost=0.43..6.50 rows=103 width=4)
	  Index Cond: ((k >= 2665192) AND (k <= 2665292))

table 8 : explain SELECT k FROM sbtest8 WHERE k BETWEEN 2665192 AND 2665292
	Index Only Scan using k_8 on sbtest8  (cost=0.43..10.46 rows=101 width=4)
	  Index Cond: ((k >= 2665192) AND (k <= 2665292))

explain: for range-covered :: explain SELECT k FROM sbtest%d WHERE k BETWEEN 2665192 AND 2665292
for range-covered
table 1 : explain SELECT k FROM sbtest1 WHERE k BETWEEN 5194524 AND 5194624
	Index Only Scan using k_1 on sbtest1  (cost=0.43..6.47 rows=102 width=4)
	  Index Cond: ((k >= 5194524) AND (k <= 5194624))

table 2 : explain SELECT k FROM sbtest2 WHERE k BETWEEN 5194524 AND 5194624
	Index Only Scan using k_2 on sbtest2  (cost=0.43..6.53 rows=105 width=4)
	  Index Cond: ((k >= 5194524) AND (k <= 5194624))

table 3 : explain SELECT k FROM sbtest3 WHERE k BETWEEN 5194524 AND 5194624
	Index Only Scan using k_3 on sbtest3  (cost=0.43..6.24 rows=90 width=4)
	  Index Cond: ((k >= 5194524) AND (k <= 5194624))

table 4 : explain SELECT k FROM sbtest4 WHERE k BETWEEN 5194524 AND 5194624
	Index Only Scan using k_4 on sbtest4  (cost=0.43..6.37 rows=97 width=4)
	  Index Cond: ((k >= 5194524) AND (k <= 5194624))

table 5 : explain SELECT k FROM sbtest5 WHERE k BETWEEN 5194524 AND 5194624
	Index Only Scan using k_5 on sbtest5  (cost=0.43..6.59 rows=108 width=4)
	  Index Cond: ((k >= 5194524) AND (k <= 5194624))

table 6 : explain SELECT k FROM sbtest6 WHERE k BETWEEN 5194524 AND 5194624
	Index Only Scan using k_6 on sbtest6  (cost=0.43..6.32 rows=94 width=4)
	  Index Cond: ((k >= 5194524) AND (k <= 5194624))

table 7 : explain SELECT k FROM sbtest7 WHERE k BETWEEN 5194524 AND 5194624
	Index Only Scan using k_7 on sbtest7  (cost=0.43..6.40 rows=98 width=4)
	  Index Cond: ((k >= 5194524) AND (k <= 5194624))

table 8 : explain SELECT k FROM sbtest8 WHERE k BETWEEN 5194524 AND 5194624
	Index Only Scan using k_8 on sbtest8  (cost=0.43..10.54 rows=105 width=4)
	  Index Cond: ((k >= 5194524) AND (k <= 5194624))

explain: for range-covered :: explain SELECT k FROM sbtest%d WHERE k BETWEEN 7417509 AND 7417609
for range-covered
table 1 : explain SELECT k FROM sbtest1 WHERE k BETWEEN 7359218 AND 7359318
	Index Only Scan using k_1 on sbtest1  (cost=0.43..6.35 rows=96 width=4)
	  Index Cond: ((k >= 7359218) AND (k <= 7359318))

table 2 : explain SELECT k FROM sbtest2 WHERE k BETWEEN 7359218 AND 7359318
	Index Only Scan using k_2 on sbtest2  (cost=0.43..6.37 rows=97 width=4)
	  Index Cond: ((k >= 7359218) AND (k <= 7359318))

table 3 : explain SELECT k FROM sbtest3 WHERE k BETWEEN 7359218 AND 7359318
	Index Only Scan using k_3 on sbtest3  (cost=0.43..6.37 rows=97 width=4)
	  Index Cond: ((k >= 7359218) AND (k <= 7359318))

table 4 : explain SELECT k FROM sbtest4 WHERE k BETWEEN 7359218 AND 7359318
	Index Only Scan using k_4 on sbtest4  (cost=0.43..6.32 rows=94 width=4)
	  Index Cond: ((k >= 7359218) AND (k <= 7359318))

table 5 : explain SELECT k FROM sbtest5 WHERE k BETWEEN 7359218 AND 7359318
	Index Only Scan using k_5 on sbtest5  (cost=0.43..6.43 rows=100 width=4)
	  Index Cond: ((k >= 7359218) AND (k <= 7359318))

table 6 : explain SELECT k FROM sbtest6 WHERE k BETWEEN 7359218 AND 7359318
	Index Only Scan using k_6 on sbtest6  (cost=0.43..6.56 rows=106 width=4)
	  Index Cond: ((k >= 7359218) AND (k <= 7359318))

table 7 : explain SELECT k FROM sbtest7 WHERE k BETWEEN 7359218 AND 7359318
	Index Only Scan using k_7 on sbtest7  (cost=0.43..6.81 rows=119 width=4)
	  Index Cond: ((k >= 7359218) AND (k <= 7359318))

table 8 : explain SELECT k FROM sbtest8 WHERE k BETWEEN 7359218 AND 7359318
	Index Only Scan using k_8 on sbtest8  (cost=0.43..10.38 rows=97 width=4)
	  Index Cond: ((k >= 7359218) AND (k <= 7359318))

explain: for range-covered :: explain SELECT k FROM sbtest%d WHERE k BETWEEN 7359218 AND 7359318
explain: for range-covered :: explain SELECT k FROM sbtest%d WHERE k BETWEEN 6162767 AND 6162867
explain: for range-covered :: explain SELECT k FROM sbtest%d WHERE k BETWEEN 5194524 AND 5194624
for range-covered
table 1 : explain SELECT k FROM sbtest1 WHERE k BETWEEN 7417509 AND 7417609
	Index Only Scan using k_1 on sbtest1  (cost=0.43..6.24 rows=90 width=4)
	  Index Cond: ((k >= 7417509) AND (k <= 7417609))

table 2 : explain SELECT k FROM sbtest2 WHERE k BETWEEN 7417509 AND 7417609
	Index Only Scan using k_2 on sbtest2  (cost=0.43..6.37 rows=97 width=4)
	  Index Cond: ((k >= 7417509) AND (k <= 7417609))

table 3 : explain SELECT k FROM sbtest3 WHERE k BETWEEN 7417509 AND 7417609
	Index Only Scan using k_3 on sbtest3  (cost=0.43..6.37 rows=97 width=4)
	  Index Cond: ((k >= 7417509) AND (k <= 7417609))

table 4 : explain SELECT k FROM sbtest4 WHERE k BETWEEN 7417509 AND 7417609
	Index Only Scan using k_4 on sbtest4  (cost=0.43..6.32 rows=94 width=4)
	  Index Cond: ((k >= 7417509) AND (k <= 7417609))

table 5 : explain SELECT k FROM sbtest5 WHERE k BETWEEN 7417509 AND 7417609
	Index Only Scan using k_5 on sbtest5  (cost=0.43..6.51 rows=104 width=4)
	  Index Cond: ((k >= 7417509) AND (k <= 7417609))

table 6 : explain SELECT k FROM sbtest6 WHERE k BETWEEN 7417509 AND 7417609
	Index Only Scan using k_6 on sbtest6  (cost=0.43..6.56 rows=106 width=4)
	  Index Cond: ((k >= 7417509) AND (k <= 7417609))

table 7 : explain SELECT k FROM sbtest7 WHERE k BETWEEN 7417509 AND 7417609
	Index Only Scan using k_7 on sbtest7  (cost=0.43..6.47 rows=102 width=4)
	  Index Cond: ((k >= 7417509) AND (k <= 7417609))

table 8 : explain SELECT k FROM sbtest8 WHERE k BETWEEN 7417509 AND 7417609
	Index Only Scan using k_8 on sbtest8  (cost=0.43..10.51 rows=104 width=4)
	  Index Cond: ((k >= 7417509) AND (k <= 7417609))

explain: for range-covered :: explain SELECT k FROM sbtest%d WHERE k BETWEEN 7417509 AND 7417609
for range-covered
table 1 : explain SELECT k FROM sbtest1 WHERE k BETWEEN 7359218 AND 7359318
	Index Only Scan using k_1 on sbtest1  (cost=0.43..6.35 rows=96 width=4)
	  Index Cond: ((k >= 7359218) AND (k <= 7359318))

table 2 : explain SELECT k FROM sbtest2 WHERE k BETWEEN 7359218 AND 7359318
	Index Only Scan using k_2 on sbtest2  (cost=0.43..6.37 rows=97 width=4)
	  Index Cond: ((k >= 7359218) AND (k <= 7359318))

table 3 : explain SELECT k FROM sbtest3 WHERE k BETWEEN 7359218 AND 7359318
	Index Only Scan using k_3 on sbtest3  (cost=0.43..6.37 rows=97 width=4)
	  Index Cond: ((k >= 7359218) AND (k <= 7359318))

table 4 : explain SELECT k FROM sbtest4 WHERE k BETWEEN 7359218 AND 7359318
	Index Only Scan using k_4 on sbtest4  (cost=0.43..6.32 rows=94 width=4)
	  Index Cond: ((k >= 7359218) AND (k <= 7359318))

table 5 : explain SELECT k FROM sbtest5 WHERE k BETWEEN 7359218 AND 7359318
	Index Only Scan using k_5 on sbtest5  (cost=0.43..6.43 rows=100 width=4)
	  Index Cond: ((k >= 7359218) AND (k <= 7359318))

table 6 : explain SELECT k FROM sbtest6 WHERE k BETWEEN 7359218 AND 7359318
	Index Only Scan using k_6 on sbtest6  (cost=0.43..6.56 rows=106 width=4)
	  Index Cond: ((k >= 7359218) AND (k <= 7359318))

table 7 : explain SELECT k FROM sbtest7 WHERE k BETWEEN 7359218 AND 7359318
	Index Only Scan using k_7 on sbtest7  (cost=0.43..6.81 rows=119 width=4)
	  Index Cond: ((k >= 7359218) AND (k <= 7359318))

table 8 : explain SELECT k FROM sbtest8 WHERE k BETWEEN 7359218 AND 7359318
	Index Only Scan using k_8 on sbtest8  (cost=0.43..10.38 rows=97 width=4)
	  Index Cond: ((k >= 7359218) AND (k <= 7359318))

explain: for range-covered :: explain SELECT k FROM sbtest%d WHERE k BETWEEN 7359218 AND 7359318
for range-covered
table 1 : explain SELECT k FROM sbtest1 WHERE k BETWEEN 2665192 AND 2665292
	Index Only Scan using k_1 on sbtest1  (cost=0.43..6.74 rows=115 width=4)
	  Index Cond: ((k >= 2665192) AND (k <= 2665292))

table 2 : explain SELECT k FROM sbtest2 WHERE k BETWEEN 2665192 AND 2665292
	Index Only Scan using k_2 on sbtest2  (cost=0.43..6.42 rows=99 width=4)
	  Index Cond: ((k >= 2665192) AND (k <= 2665292))

table 3 : explain SELECT k FROM sbtest3 WHERE k BETWEEN 2665192 AND 2665292
	Index Only Scan using k_3 on sbtest3  (cost=0.43..6.66 rows=111 width=4)
	  Index Cond: ((k >= 2665192) AND (k <= 2665292))

table 4 : explain SELECT k FROM sbtest4 WHERE k BETWEEN 2665192 AND 2665292
	Index Only Scan using k_4 on sbtest4  (cost=0.43..6.42 rows=99 width=4)
	  Index Cond: ((k >= 2665192) AND (k <= 2665292))

table 5 : explain SELECT k FROM sbtest5 WHERE k BETWEEN 2665192 AND 2665292
	Index Only Scan using k_5 on sbtest5  (cost=0.43..6.27 rows=92 width=4)
	  Index Cond: ((k >= 2665192) AND (k <= 2665292))

table 6 : explain SELECT k FROM sbtest6 WHERE k BETWEEN 2665192 AND 2665292
	Index Only Scan using k_6 on sbtest6  (cost=0.43..6.43 rows=100 width=4)
	  Index Cond: ((k >= 2665192) AND (k <= 2665292))

table 7 : explain SELECT k FROM sbtest7 WHERE k BETWEEN 2665192 AND 2665292
	Index Only Scan using k_7 on sbtest7  (cost=0.43..6.50 rows=103 width=4)
	  Index Cond: ((k >= 2665192) AND (k <= 2665292))

table 8 : explain SELECT k FROM sbtest8 WHERE k BETWEEN 2665192 AND 2665292
	Index Only Scan using k_8 on sbtest8  (cost=0.43..10.46 rows=101 width=4)
	  Index Cond: ((k >= 2665192) AND (k <= 2665292))

explain: for range-covered :: explain SELECT k FROM sbtest%d WHERE k BETWEEN 2665192 AND 2665292
for range-covered
table 1 : explain SELECT k FROM sbtest1 WHERE k BETWEEN 7791094 AND 7791194
	Index Only Scan using k_1 on sbtest1  (cost=0.43..6.32 rows=94 width=4)
	  Index Cond: ((k >= 7791094) AND (k <= 7791194))

table 2 : explain SELECT k FROM sbtest2 WHERE k BETWEEN 7791094 AND 7791194
	Index Only Scan using k_2 on sbtest2  (cost=0.43..6.45 rows=101 width=4)
	  Index Cond: ((k >= 7791094) AND (k <= 7791194))

table 3 : explain SELECT k FROM sbtest3 WHERE k BETWEEN 7791094 AND 7791194
	Index Only Scan using k_3 on sbtest3  (cost=0.43..6.40 rows=98 width=4)
	  Index Cond: ((k >= 7791094) AND (k <= 7791194))

table 4 : explain SELECT k FROM sbtest4 WHERE k BETWEEN 7791094 AND 7791194
	Index Only Scan using k_4 on sbtest4  (cost=0.43..6.43 rows=100 width=4)
	  Index Cond: ((k >= 7791094) AND (k <= 7791194))

table 5 : explain SELECT k FROM sbtest5 WHERE k BETWEEN 7791094 AND 7791194
	Index Only Scan using k_5 on sbtest5  (cost=0.43..6.45 rows=101 width=4)
	  Index Cond: ((k >= 7791094) AND (k <= 7791194))

table 6 : explain SELECT k FROM sbtest6 WHERE k BETWEEN 7791094 AND 7791194
	Index Only Scan using k_6 on sbtest6  (cost=0.43..6.40 rows=98 width=4)
	  Index Cond: ((k >= 7791094) AND (k <= 7791194))

table 7 : explain SELECT k FROM sbtest7 WHERE k BETWEEN 7791094 AND 7791194
	Index Only Scan using k_7 on sbtest7  (cost=0.43..6.27 rows=92 width=4)
	  Index Cond: ((k >= 7791094) AND (k <= 7791194))

table 8 : explain SELECT k FROM sbtest8 WHERE k BETWEEN 7791094 AND 7791194
	Index Only Scan using k_8 on sbtest8  (cost=0.43..10.47 rows=102 width=4)
	  Index Cond: ((k >= 7791094) AND (k <= 7791194))

explain: for range-covered :: explain SELECT k FROM sbtest%d WHERE k BETWEEN 5523466 AND 5523566
explain: for range-covered :: explain SELECT k FROM sbtest%d WHERE k BETWEEN 7791094 AND 7791194
for range-covered
table 1 : explain SELECT k FROM sbtest1 WHERE k BETWEEN 5194524 AND 5194624
	Index Only Scan using k_1 on sbtest1  (cost=0.43..6.47 rows=102 width=4)
	  Index Cond: ((k >= 5194524) AND (k <= 5194624))

table 2 : explain SELECT k FROM sbtest2 WHERE k BETWEEN 5194524 AND 5194624
	Index Only Scan using k_2 on sbtest2  (cost=0.43..6.53 rows=105 width=4)
	  Index Cond: ((k >= 5194524) AND (k <= 5194624))

table 3 : explain SELECT k FROM sbtest3 WHERE k BETWEEN 5194524 AND 5194624
	Index Only Scan using k_3 on sbtest3  (cost=0.43..6.24 rows=90 width=4)
	  Index Cond: ((k >= 5194524) AND (k <= 5194624))

table 4 : explain SELECT k FROM sbtest4 WHERE k BETWEEN 5194524 AND 5194624
	Index Only Scan using k_4 on sbtest4  (cost=0.43..6.37 rows=97 width=4)
	  Index Cond: ((k >= 5194524) AND (k <= 5194624))

table 5 : explain SELECT k FROM sbtest5 WHERE k BETWEEN 5194524 AND 5194624
	Index Only Scan using k_5 on sbtest5  (cost=0.43..6.59 rows=108 width=4)
	  Index Cond: ((k >= 5194524) AND (k <= 5194624))

table 6 : explain SELECT k FROM sbtest6 WHERE k BETWEEN 5194524 AND 5194624
	Index Only Scan using k_6 on sbtest6  (cost=0.43..6.32 rows=94 width=4)
	  Index Cond: ((k >= 5194524) AND (k <= 5194624))

table 7 : explain SELECT k FROM sbtest7 WHERE k BETWEEN 5194524 AND 5194624
	Index Only Scan using k_7 on sbtest7  (cost=0.43..6.40 rows=98 width=4)
	  Index Cond: ((k >= 5194524) AND (k <= 5194624))

table 8 : explain SELECT k FROM sbtest8 WHERE k BETWEEN 5194524 AND 5194624
	Index Only Scan using k_8 on sbtest8  (cost=0.43..10.54 rows=105 width=4)
	  Index Cond: ((k >= 5194524) AND (k <= 5194624))

explain: for range-covered :: explain SELECT k FROM sbtest%d WHERE k BETWEEN 5194524 AND 5194624
for range-covered
table 1 : explain SELECT k FROM sbtest1 WHERE k BETWEEN 7417509 AND 7417609
	Index Only Scan using k_1 on sbtest1  (cost=0.43..6.24 rows=90 width=4)
	  Index Cond: ((k >= 7417509) AND (k <= 7417609))

table 2 : explain SELECT k FROM sbtest2 WHERE k BETWEEN 7417509 AND 7417609
	Index Only Scan using k_2 on sbtest2  (cost=0.43..6.37 rows=97 width=4)
	  Index Cond: ((k >= 7417509) AND (k <= 7417609))

table 3 : explain SELECT k FROM sbtest3 WHERE k BETWEEN 7417509 AND 7417609
	Index Only Scan using k_3 on sbtest3  (cost=0.43..6.37 rows=97 width=4)
	  Index Cond: ((k >= 7417509) AND (k <= 7417609))

table 4 : explain SELECT k FROM sbtest4 WHERE k BETWEEN 7417509 AND 7417609
	Index Only Scan using k_4 on sbtest4  (cost=0.43..6.32 rows=94 width=4)
	  Index Cond: ((k >= 7417509) AND (k <= 7417609))

table 5 : explain SELECT k FROM sbtest5 WHERE k BETWEEN 7417509 AND 7417609
	Index Only Scan using k_5 on sbtest5  (cost=0.43..6.51 rows=104 width=4)
	  Index Cond: ((k >= 7417509) AND (k <= 7417609))

table 6 : explain SELECT k FROM sbtest6 WHERE k BETWEEN 7417509 AND 7417609
	Index Only Scan using k_6 on sbtest6  (cost=0.43..6.56 rows=106 width=4)
	  Index Cond: ((k >= 7417509) AND (k <= 7417609))

table 7 : explain SELECT k FROM sbtest7 WHERE k BETWEEN 7417509 AND 7417609
	Index Only Scan using k_7 on sbtest7  (cost=0.43..6.47 rows=102 width=4)
	  Index Cond: ((k >= 7417509) AND (k <= 7417609))

table 8 : explain SELECT k FROM sbtest8 WHERE k BETWEEN 7417509 AND 7417609
	Index Only Scan using k_8 on sbtest8  (cost=0.43..10.51 rows=104 width=4)
	  Index Cond: ((k >= 7417509) AND (k <= 7417609))

explain: for range-covered :: explain SELECT k FROM sbtest%d WHERE k BETWEEN 7417509 AND 7417609
for range-covered
table 1 : explain SELECT k FROM sbtest1 WHERE k BETWEEN 7791094 AND 7791194
	Index Only Scan using k_1 on sbtest1  (cost=0.43..6.32 rows=94 width=4)
	  Index Cond: ((k >= 7791094) AND (k <= 7791194))

table 2 : explain SELECT k FROM sbtest2 WHERE k BETWEEN 7791094 AND 7791194
	Index Only Scan using k_2 on sbtest2  (cost=0.43..6.45 rows=101 width=4)
	  Index Cond: ((k >= 7791094) AND (k <= 7791194))

table 3 : explain SELECT k FROM sbtest3 WHERE k BETWEEN 7791094 AND 7791194
	Index Only Scan using k_3 on sbtest3  (cost=0.43..6.40 rows=98 width=4)
	  Index Cond: ((k >= 7791094) AND (k <= 7791194))

table 4 : explain SELECT k FROM sbtest4 WHERE k BETWEEN 7791094 AND 7791194
	Index Only Scan using k_4 on sbtest4  (cost=0.43..6.43 rows=100 width=4)
	  Index Cond: ((k >= 7791094) AND (k <= 7791194))

table 5 : explain SELECT k FROM sbtest5 WHERE k BETWEEN 7791094 AND 7791194
	Index Only Scan using k_5 on sbtest5  (cost=0.43..6.45 rows=101 width=4)
	  Index Cond: ((k >= 7791094) AND (k <= 7791194))

table 6 : explain SELECT k FROM sbtest6 WHERE k BETWEEN 7791094 AND 7791194
	Index Only Scan using k_6 on sbtest6  (cost=0.43..6.40 rows=98 width=4)
	  Index Cond: ((k >= 7791094) AND (k <= 7791194))

table 7 : explain SELECT k FROM sbtest7 WHERE k BETWEEN 7791094 AND 7791194
	Index Only Scan using k_7 on sbtest7  (cost=0.43..6.27 rows=92 width=4)
	  Index Cond: ((k >= 7791094) AND (k <= 7791194))

table 8 : explain SELECT k FROM sbtest8 WHERE k BETWEEN 7791094 AND 7791194
	Index Only Scan using k_8 on sbtest8  (cost=0.43..10.47 rows=102 width=4)
	  Index Cond: ((k >= 7791094) AND (k <= 7791194))

explain: for range-covered :: explain SELECT k FROM sbtest%d WHERE k BETWEEN 7791094 AND 7791194
for range-covered
table 1 : explain SELECT k FROM sbtest1 WHERE k BETWEEN 5194524 AND 5194624
	Index Only Scan using k_1 on sbtest1  (cost=0.43..6.47 rows=102 width=4)
	  Index Cond: ((k >= 5194524) AND (k <= 5194624))

table 2 : explain SELECT k FROM sbtest2 WHERE k BETWEEN 5194524 AND 5194624
	Index Only Scan using k_2 on sbtest2  (cost=0.43..6.53 rows=105 width=4)
	  Index Cond: ((k >= 5194524) AND (k <= 5194624))

table 3 : explain SELECT k FROM sbtest3 WHERE k BETWEEN 5194524 AND 5194624
	Index Only Scan using k_3 on sbtest3  (cost=0.43..6.24 rows=90 width=4)
	  Index Cond: ((k >= 5194524) AND (k <= 5194624))

table 4 : explain SELECT k FROM sbtest4 WHERE k BETWEEN 5194524 AND 5194624
	Index Only Scan using k_4 on sbtest4  (cost=0.43..6.37 rows=97 width=4)
	  Index Cond: ((k >= 5194524) AND (k <= 5194624))

table 5 : explain SELECT k FROM sbtest5 WHERE k BETWEEN 5194524 AND 5194624
	Index Only Scan using k_5 on sbtest5  (cost=0.43..6.59 rows=108 width=4)
	  Index Cond: ((k >= 5194524) AND (k <= 5194624))

table 6 : explain SELECT k FROM sbtest6 WHERE k BETWEEN 5194524 AND 5194624
	Index Only Scan using k_6 on sbtest6  (cost=0.43..6.32 rows=94 width=4)
	  Index Cond: ((k >= 5194524) AND (k <= 5194624))

table 7 : explain SELECT k FROM sbtest7 WHERE k BETWEEN 5194524 AND 5194624
	Index Only Scan using k_7 on sbtest7  (cost=0.43..6.40 rows=98 width=4)
	  Index Cond: ((k >= 5194524) AND (k <= 5194624))

table 8 : explain SELECT k FROM sbtest8 WHERE k BETWEEN 5194524 AND 5194624
	Index Only Scan using k_8 on sbtest8  (cost=0.43..10.54 rows=105 width=4)
	  Index Cond: ((k >= 5194524) AND (k <= 5194624))

for range-covered
table 1 : explain SELECT k FROM sbtest1 WHERE k BETWEEN 2665192 AND 2665292
	Index Only Scan using k_1 on sbtest1  (cost=0.43..6.74 rows=115 width=4)
	  Index Cond: ((k >= 2665192) AND (k <= 2665292))

table 2 : explain SELECT k FROM sbtest2 WHERE k BETWEEN 2665192 AND 2665292
	Index Only Scan using k_2 on sbtest2  (cost=0.43..6.42 rows=99 width=4)
	  Index Cond: ((k >= 2665192) AND (k <= 2665292))

table 3 : explain SELECT k FROM sbtest3 WHERE k BETWEEN 2665192 AND 2665292
	Index Only Scan using k_3 on sbtest3  (cost=0.43..6.66 rows=111 width=4)
	  Index Cond: ((k >= 2665192) AND (k <= 2665292))

table 4 : explain SELECT k FROM sbtest4 WHERE k BETWEEN 2665192 AND 2665292
	Index Only Scan using k_4 on sbtest4  (cost=0.43..6.42 rows=99 width=4)
	  Index Cond: ((k >= 2665192) AND (k <= 2665292))

table 5 : explain SELECT k FROM sbtest5 WHERE k BETWEEN 2665192 AND 2665292
	Index Only Scan using k_5 on sbtest5  (cost=0.43..6.27 rows=92 width=4)
	  Index Cond: ((k >= 2665192) AND (k <= 2665292))

table 6 : explain SELECT k FROM sbtest6 WHERE k BETWEEN 2665192 AND 2665292
	Index Only Scan using k_6 on sbtest6  (cost=0.43..6.43 rows=100 width=4)
	  Index Cond: ((k >= 2665192) AND (k <= 2665292))

table 7 : explain SELECT k FROM sbtest7 WHERE k BETWEEN 2665192 AND 2665292
	Index Only Scan using k_7 on sbtest7  (cost=0.43..6.50 rows=103 width=4)
	  Index Cond: ((k >= 2665192) AND (k <= 2665292))

table 8 : explain SELECT k FROM sbtest8 WHERE k BETWEEN 2665192 AND 2665292
	Index Only Scan using k_8 on sbtest8  (cost=0.43..10.46 rows=101 width=4)
	  Index Cond: ((k >= 2665192) AND (k <= 2665292))

explain: for range-covered :: explain SELECT k FROM sbtest%d WHERE k BETWEEN 5194524 AND 5194624
explain: for range-covered :: explain SELECT k FROM sbtest%d WHERE k BETWEEN 2665192 AND 2665292
for range-covered
table 1 : explain SELECT k FROM sbtest1 WHERE k BETWEEN 7417509 AND 7417609
	Index Only Scan using k_1 on sbtest1  (cost=0.43..6.24 rows=90 width=4)
	  Index Cond: ((k >= 7417509) AND (k <= 7417609))

table 2 : explain SELECT k FROM sbtest2 WHERE k BETWEEN 7417509 AND 7417609
	Index Only Scan using k_2 on sbtest2  (cost=0.43..6.37 rows=97 width=4)
	  Index Cond: ((k >= 7417509) AND (k <= 7417609))

table 3 : explain SELECT k FROM sbtest3 WHERE k BETWEEN 7417509 AND 7417609
	Index Only Scan using k_3 on sbtest3  (cost=0.43..6.37 rows=97 width=4)
	  Index Cond: ((k >= 7417509) AND (k <= 7417609))

table 4 : explain SELECT k FROM sbtest4 WHERE k BETWEEN 7417509 AND 7417609
	Index Only Scan using k_4 on sbtest4  (cost=0.43..6.32 rows=94 width=4)
	  Index Cond: ((k >= 7417509) AND (k <= 7417609))

table 5 : explain SELECT k FROM sbtest5 WHERE k BETWEEN 7417509 AND 7417609
	Index Only Scan using k_5 on sbtest5  (cost=0.43..6.51 rows=104 width=4)
	  Index Cond: ((k >= 7417509) AND (k <= 7417609))

table 6 : explain SELECT k FROM sbtest6 WHERE k BETWEEN 7417509 AND 7417609
	Index Only Scan using k_6 on sbtest6  (cost=0.43..6.56 rows=106 width=4)
	  Index Cond: ((k >= 7417509) AND (k <= 7417609))

table 7 : explain SELECT k FROM sbtest7 WHERE k BETWEEN 7417509 AND 7417609
	Index Only Scan using k_7 on sbtest7  (cost=0.43..6.47 rows=102 width=4)
	  Index Cond: ((k >= 7417509) AND (k <= 7417609))

table 8 : explain SELECT k FROM sbtest8 WHERE k BETWEEN 7417509 AND 7417609
	Index Only Scan using k_8 on sbtest8  (cost=0.43..10.51 rows=104 width=4)
	  Index Cond: ((k >= 7417509) AND (k <= 7417609))

explain: for range-covered :: explain SELECT k FROM sbtest%d WHERE k BETWEEN 7417509 AND 7417609
for range-covered
table 1 : explain SELECT k FROM sbtest1 WHERE k BETWEEN 6463557 AND 6463657
	Index Only Scan using k_1 on sbtest1  (cost=0.43..6.58 rows=107 width=4)
	  Index Cond: ((k >= 6463557) AND (k <= 6463657))

table 2 : explain SELECT k FROM sbtest2 WHERE k BETWEEN 6463557 AND 6463657
	Index Only Scan using k_2 on sbtest2  (cost=0.43..6.35 rows=96 width=4)
	  Index Cond: ((k >= 6463557) AND (k <= 6463657))

table 3 : explain SELECT k FROM sbtest3 WHERE k BETWEEN 6463557 AND 6463657
	Index Only Scan using k_3 on sbtest3  (cost=0.43..6.61 rows=109 width=4)
	  Index Cond: ((k >= 6463557) AND (k <= 6463657))

table 4 : explain SELECT k FROM sbtest4 WHERE k BETWEEN 6463557 AND 6463657
	Index Only Scan using k_4 on sbtest4  (cost=0.43..6.43 rows=100 width=4)
	  Index Cond: ((k >= 6463557) AND (k <= 6463657))

table 5 : explain SELECT k FROM sbtest5 WHERE k BETWEEN 6463557 AND 6463657
	Index Only Scan using k_5 on sbtest5  (cost=0.43..6.29 rows=93 width=4)
	  Index Cond: ((k >= 6463557) AND (k <= 6463657))

table 6 : explain SELECT k FROM sbtest6 WHERE k BETWEEN 6463557 AND 6463657
	Index Only Scan using k_6 on sbtest6  (cost=0.43..6.37 rows=97 width=4)
	  Index Cond: ((k >= 6463557) AND (k <= 6463657))

table 7 : explain SELECT k FROM sbtest7 WHERE k BETWEEN 6463557 AND 6463657
	Index Only Scan using k_7 on sbtest7  (cost=0.43..6.42 rows=99 width=4)
	  Index Cond: ((k >= 6463557) AND (k <= 6463657))

table 8 : explain SELECT k FROM sbtest8 WHERE k BETWEEN 6463557 AND 6463657
	Index Only Scan using k_8 on sbtest8  (cost=0.43..10.51 rows=104 width=4)
	  Index Cond: ((k >= 6463557) AND (k <= 6463657))

for range-covered
table 1 : explain SELECT k FROM sbtest1 WHERE k BETWEEN 7791094 AND 7791194
	Index Only Scan using k_1 on sbtest1  (cost=0.43..6.32 rows=94 width=4)
	  Index Cond: ((k >= 7791094) AND (k <= 7791194))

table 2 : explain SELECT k FROM sbtest2 WHERE k BETWEEN 7791094 AND 7791194
	Index Only Scan using k_2 on sbtest2  (cost=0.43..6.45 rows=101 width=4)
	  Index Cond: ((k >= 7791094) AND (k <= 7791194))

table 3 : explain SELECT k FROM sbtest3 WHERE k BETWEEN 7791094 AND 7791194
	Index Only Scan using k_3 on sbtest3  (cost=0.43..6.40 rows=98 width=4)
	  Index Cond: ((k >= 7791094) AND (k <= 7791194))

table 4 : explain SELECT k FROM sbtest4 WHERE k BETWEEN 7791094 AND 7791194
	Index Only Scan using k_4 on sbtest4  (cost=0.43..6.43 rows=100 width=4)
	  Index Cond: ((k >= 7791094) AND (k <= 7791194))

table 5 : explain SELECT k FROM sbtest5 WHERE k BETWEEN 7791094 AND 7791194
	Index Only Scan using k_5 on sbtest5  (cost=0.43..6.45 rows=101 width=4)
	  Index Cond: ((k >= 7791094) AND (k <= 7791194))

table 6 : explain SELECT k FROM sbtest6 WHERE k BETWEEN 7791094 AND 7791194
	Index Only Scan using k_6 on sbtest6  (cost=0.43..6.40 rows=98 width=4)
	  Index Cond: ((k >= 7791094) AND (k <= 7791194))

table 7 : explain SELECT k FROM sbtest7 WHERE k BETWEEN 7791094 AND 7791194
	Index Only Scan using k_7 on sbtest7  (cost=0.43..6.27 rows=92 width=4)
	  Index Cond: ((k >= 7791094) AND (k <= 7791194))

table 8 : explain SELECT k FROM sbtest8 WHERE k BETWEEN 7791094 AND 7791194
	Index Only Scan using k_8 on sbtest8  (cost=0.43..10.47 rows=102 width=4)
	  Index Cond: ((k >= 7791094) AND (k <= 7791194))

explain: for range-covered :: explain SELECT k FROM sbtest%d WHERE k BETWEEN 7791094 AND 7791194
explain: for range-covered :: explain SELECT k FROM sbtest%d WHERE k BETWEEN 6463557 AND 6463657
for range-covered
table 1 : explain SELECT k FROM sbtest1 WHERE k BETWEEN 7662491 AND 7662591
	Index Only Scan using k_1 on sbtest1  (cost=0.43..6.63 rows=110 width=4)
	  Index Cond: ((k >= 7662491) AND (k <= 7662591))

table 2 : explain SELECT k FROM sbtest2 WHERE k BETWEEN 7662491 AND 7662591
	Index Only Scan using k_2 on sbtest2  (cost=0.43..6.43 rows=100 width=4)
	  Index Cond: ((k >= 7662491) AND (k <= 7662591))

table 3 : explain SELECT k FROM sbtest3 WHERE k BETWEEN 7662491 AND 7662591
	Index Only Scan using k_3 on sbtest3  (cost=0.43..6.33 rows=95 width=4)
	  Index Cond: ((k >= 7662491) AND (k <= 7662591))

table 4 : explain SELECT k FROM sbtest4 WHERE k BETWEEN 7662491 AND 7662591
	Index Only Scan using k_4 on sbtest4  (cost=0.43..6.43 rows=100 width=4)
	  Index Cond: ((k >= 7662491) AND (k <= 7662591))

table 5 : explain SELECT k FROM sbtest5 WHERE k BETWEEN 7662491 AND 7662591
	Index Only Scan using k_5 on sbtest5  (cost=0.43..6.45 rows=101 width=4)
	  Index Cond: ((k >= 7662491) AND (k <= 7662591))

table 6 : explain SELECT k FROM sbtest6 WHERE k BETWEEN 7662491 AND 7662591
	Index Only Scan using k_6 on sbtest6  (cost=0.43..6.51 rows=104 width=4)
	  Index Cond: ((k >= 7662491) AND (k <= 7662591))

table 7 : explain SELECT k FROM sbtest7 WHERE k BETWEEN 7662491 AND 7662591
	Index Only Scan using k_7 on sbtest7  (cost=0.43..6.77 rows=117 width=4)
	  Index Cond: ((k >= 7662491) AND (k <= 7662591))

table 8 : explain SELECT k FROM sbtest8 WHERE k BETWEEN 7662491 AND 7662591
	Index Only Scan using k_8 on sbtest8  (cost=0.43..10.46 rows=101 width=4)
	  Index Cond: ((k >= 7662491) AND (k <= 7662591))

explain: for range-covered :: explain SELECT k FROM sbtest%d WHERE k BETWEEN 7662491 AND 7662591
for range-covered
table 1 : explain SELECT k FROM sbtest1 WHERE k BETWEEN 5194524 AND 5194624
	Index Only Scan using k_1 on sbtest1  (cost=0.43..6.47 rows=102 width=4)
	  Index Cond: ((k >= 5194524) AND (k <= 5194624))

table 2 : explain SELECT k FROM sbtest2 WHERE k BETWEEN 5194524 AND 5194624
	Index Only Scan using k_2 on sbtest2  (cost=0.43..6.53 rows=105 width=4)
	  Index Cond: ((k >= 5194524) AND (k <= 5194624))

table 3 : explain SELECT k FROM sbtest3 WHERE k BETWEEN 5194524 AND 5194624
	Index Only Scan using k_3 on sbtest3  (cost=0.43..6.24 rows=90 width=4)
	  Index Cond: ((k >= 5194524) AND (k <= 5194624))

table 4 : explain SELECT k FROM sbtest4 WHERE k BETWEEN 5194524 AND 5194624
	Index Only Scan using k_4 on sbtest4  (cost=0.43..6.37 rows=97 width=4)
	  Index Cond: ((k >= 5194524) AND (k <= 5194624))

table 5 : explain SELECT k FROM sbtest5 WHERE k BETWEEN 5194524 AND 5194624
	Index Only Scan using k_5 on sbtest5  (cost=0.43..6.59 rows=108 width=4)
	  Index Cond: ((k >= 5194524) AND (k <= 5194624))

table 6 : explain SELECT k FROM sbtest6 WHERE k BETWEEN 5194524 AND 5194624
	Index Only Scan using k_6 on sbtest6  (cost=0.43..6.32 rows=94 width=4)
	  Index Cond: ((k >= 5194524) AND (k <= 5194624))

table 7 : explain SELECT k FROM sbtest7 WHERE k BETWEEN 5194524 AND 5194624
	Index Only Scan using k_7 on sbtest7  (cost=0.43..6.40 rows=98 width=4)
	  Index Cond: ((k >= 5194524) AND (k <= 5194624))

table 8 : explain SELECT k FROM sbtest8 WHERE k BETWEEN 5194524 AND 5194624
	Index Only Scan using k_8 on sbtest8  (cost=0.43..10.54 rows=105 width=4)
	  Index Cond: ((k >= 5194524) AND (k <= 5194624))

explain: for range-covered :: explain SELECT k FROM sbtest%d WHERE k BETWEEN 5194524 AND 5194624
for range-covered
table 1 : explain SELECT k FROM sbtest1 WHERE k BETWEEN 7791094 AND 7791194
	Index Only Scan using k_1 on sbtest1  (cost=0.43..6.32 rows=94 width=4)
	  Index Cond: ((k >= 7791094) AND (k <= 7791194))

table 2 : explain SELECT k FROM sbtest2 WHERE k BETWEEN 7791094 AND 7791194
	Index Only Scan using k_2 on sbtest2  (cost=0.43..6.45 rows=101 width=4)
	  Index Cond: ((k >= 7791094) AND (k <= 7791194))

table 3 : explain SELECT k FROM sbtest3 WHERE k BETWEEN 7791094 AND 7791194
	Index Only Scan using k_3 on sbtest3  (cost=0.43..6.40 rows=98 width=4)
	  Index Cond: ((k >= 7791094) AND (k <= 7791194))

table 4 : explain SELECT k FROM sbtest4 WHERE k BETWEEN 7791094 AND 7791194
	Index Only Scan using k_4 on sbtest4  (cost=0.43..6.43 rows=100 width=4)
	  Index Cond: ((k >= 7791094) AND (k <= 7791194))

table 5 : explain SELECT k FROM sbtest5 WHERE k BETWEEN 7791094 AND 7791194
	Index Only Scan using k_5 on sbtest5  (cost=0.43..6.45 rows=101 width=4)
	  Index Cond: ((k >= 7791094) AND (k <= 7791194))

table 6 : explain SELECT k FROM sbtest6 WHERE k BETWEEN 7791094 AND 7791194
	Index Only Scan using k_6 on sbtest6  (cost=0.43..6.40 rows=98 width=4)
	  Index Cond: ((k >= 7791094) AND (k <= 7791194))

table 7 : explain SELECT k FROM sbtest7 WHERE k BETWEEN 7791094 AND 7791194
	Index Only Scan using k_7 on sbtest7  (cost=0.43..6.27 rows=92 width=4)
	  Index Cond: ((k >= 7791094) AND (k <= 7791194))

table 8 : explain SELECT k FROM sbtest8 WHERE k BETWEEN 7791094 AND 7791194
	Index Only Scan using k_8 on sbtest8  (cost=0.43..10.47 rows=102 width=4)
	  Index Cond: ((k >= 7791094) AND (k <= 7791194))

for range-covered
table 1 : explain SELECT k FROM sbtest1 WHERE k BETWEEN 7359218 AND 7359318
	Index Only Scan using k_1 on sbtest1  (cost=0.43..6.35 rows=96 width=4)
	  Index Cond: ((k >= 7359218) AND (k <= 7359318))

table 2 : explain SELECT k FROM sbtest2 WHERE k BETWEEN 7359218 AND 7359318
	Index Only Scan using k_2 on sbtest2  (cost=0.43..6.37 rows=97 width=4)
	  Index Cond: ((k >= 7359218) AND (k <= 7359318))

table 3 : explain SELECT k FROM sbtest3 WHERE k BETWEEN 7359218 AND 7359318
	Index Only Scan using k_3 on sbtest3  (cost=0.43..6.37 rows=97 width=4)
	  Index Cond: ((k >= 7359218) AND (k <= 7359318))

table 4 : explain SELECT k FROM sbtest4 WHERE k BETWEEN 7359218 AND 7359318
	Index Only Scan using k_4 on sbtest4  (cost=0.43..6.32 rows=94 width=4)
	  Index Cond: ((k >= 7359218) AND (k <= 7359318))

table 5 : explain SELECT k FROM sbtest5 WHERE k BETWEEN 7359218 AND 7359318
	Index Only Scan using k_5 on sbtest5  (cost=0.43..6.43 rows=100 width=4)
	  Index Cond: ((k >= 7359218) AND (k <= 7359318))

table 6 : explain SELECT k FROM sbtest6 WHERE k BETWEEN 7359218 AND 7359318
	Index Only Scan using k_6 on sbtest6  (cost=0.43..6.56 rows=106 width=4)
	  Index Cond: ((k >= 7359218) AND (k <= 7359318))

table 7 : explain SELECT k FROM sbtest7 WHERE k BETWEEN 7359218 AND 7359318
	Index Only Scan using k_7 on sbtest7  (cost=0.43..6.81 rows=119 width=4)
	  Index Cond: ((k >= 7359218) AND (k <= 7359318))

table 8 : explain SELECT k FROM sbtest8 WHERE k BETWEEN 7359218 AND 7359318
	Index Only Scan using k_8 on sbtest8  (cost=0.43..10.38 rows=97 width=4)
	  Index Cond: ((k >= 7359218) AND (k <= 7359318))
explain: for range-covered :: explain SELECT k FROM sbtest%d WHERE k BETWEEN 7791094 AND 7791194

explain: for range-covered :: explain SELECT k FROM sbtest%d WHERE k BETWEEN 7359218 AND 7359318
for range-covered
table 1 : explain SELECT k FROM sbtest1 WHERE k BETWEEN 7417509 AND 7417609
	Index Only Scan using k_1 on sbtest1  (cost=0.43..6.24 rows=90 width=4)
	  Index Cond: ((k >= 7417509) AND (k <= 7417609))

table 2 : explain SELECT k FROM sbtest2 WHERE k BETWEEN 7417509 AND 7417609
	Index Only Scan using k_2 on sbtest2  (cost=0.43..6.37 rows=97 width=4)
	  Index Cond: ((k >= 7417509) AND (k <= 7417609))

table 3 : explain SELECT k FROM sbtest3 WHERE k BETWEEN 7417509 AND 7417609
	Index Only Scan using k_3 on sbtest3  (cost=0.43..6.37 rows=97 width=4)
	  Index Cond: ((k >= 7417509) AND (k <= 7417609))

table 4 : explain SELECT k FROM sbtest4 WHERE k BETWEEN 7417509 AND 7417609
	Index Only Scan using k_4 on sbtest4  (cost=0.43..6.32 rows=94 width=4)
	  Index Cond: ((k >= 7417509) AND (k <= 7417609))

table 5 : explain SELECT k FROM sbtest5 WHERE k BETWEEN 7417509 AND 7417609
	Index Only Scan using k_5 on sbtest5  (cost=0.43..6.51 rows=104 width=4)
	  Index Cond: ((k >= 7417509) AND (k <= 7417609))

table 6 : explain SELECT k FROM sbtest6 WHERE k BETWEEN 7417509 AND 7417609
	Index Only Scan using k_6 on sbtest6  (cost=0.43..6.56 rows=106 width=4)
	  Index Cond: ((k >= 7417509) AND (k <= 7417609))

table 7 : explain SELECT k FROM sbtest7 WHERE k BETWEEN 7417509 AND 7417609
	Index Only Scan using k_7 on sbtest7  (cost=0.43..6.47 rows=102 width=4)
	  Index Cond: ((k >= 7417509) AND (k <= 7417609))

table 8 : explain SELECT k FROM sbtest8 WHERE k BETWEEN 7417509 AND 7417609
	Index Only Scan using k_8 on sbtest8  (cost=0.43..10.51 rows=104 width=4)
	  Index Cond: ((k >= 7417509) AND (k <= 7417609))

for range-covered
table 1 : explain SELECT k FROM sbtest1 WHERE k BETWEEN 5169017 AND 5169117
	Index Only Scan using k_1 on sbtest1  (cost=0.43..6.47 rows=102 width=4)
	  Index Cond: ((k >= 5169017) AND (k <= 5169117))

table 2 : explain SELECT k FROM sbtest2 WHERE k BETWEEN 5169017 AND 5169117
	Index Only Scan using k_2 on sbtest2  (cost=0.43..6.53 rows=105 width=4)
	  Index Cond: ((k >= 5169017) AND (k <= 5169117))

table 3 : explain SELECT k FROM sbtest3 WHERE k BETWEEN 5169017 AND 5169117
	Index Only Scan using k_3 on sbtest3  (cost=0.43..6.24 rows=90 width=4)
	  Index Cond: ((k >= 5169017) AND (k <= 5169117))

table 4 : explain SELECT k FROM sbtest4 WHERE k BETWEEN 5169017 AND 5169117
	Index Only Scan using k_4 on sbtest4  (cost=0.43..6.37 rows=97 width=4)
	  Index Cond: ((k >= 5169017) AND (k <= 5169117))

table 5 : explain SELECT k FROM sbtest5 WHERE k BETWEEN 5169017 AND 5169117
	Index Only Scan using k_5 on sbtest5  (cost=0.43..6.59 rows=108 width=4)
	  Index Cond: ((k >= 5169017) AND (k <= 5169117))

table 6 : explain SELECT k FROM sbtest6 WHERE k BETWEEN 5169017 AND 5169117
	Index Only Scan using k_6 on sbtest6  (cost=0.43..6.32 rows=94 width=4)
	  Index Cond: ((k >= 5169017) AND (k <= 5169117))

table 7 : explain SELECT k FROM sbtest7 WHERE k BETWEEN 5169017 AND 5169117
	Index Only Scan using k_7 on sbtest7  (cost=0.43..6.40 rows=98 width=4)
	  Index Cond: ((k >= 5169017) AND (k <= 5169117))

table 8 : explain SELECT k FROM sbtest8 WHERE k BETWEEN 5169017 AND 5169117
	Index Only Scan using k_8 on sbtest8  (cost=0.43..10.54 rows=105 width=4)
	  Index Cond: ((k >= 5169017) AND (k <= 5169117))

explain: for range-covered :: explain SELECT k FROM sbtest%d WHERE k BETWEEN 5169017 AND 5169117
explain: for range-covered :: explain SELECT k FROM sbtest%d WHERE k BETWEEN 7417509 AND 7417609
for range-covered
table 1 : explain SELECT k FROM sbtest1 WHERE k BETWEEN 7662491 AND 7662591
	Index Only Scan using k_1 on sbtest1  (cost=0.43..6.63 rows=110 width=4)
	  Index Cond: ((k >= 7662491) AND (k <= 7662591))

table 2 : explain SELECT k FROM sbtest2 WHERE k BETWEEN 7662491 AND 7662591
	Index Only Scan using k_2 on sbtest2  (cost=0.43..6.43 rows=100 width=4)
	  Index Cond: ((k >= 7662491) AND (k <= 7662591))

table 3 : explain SELECT k FROM sbtest3 WHERE k BETWEEN 7662491 AND 7662591
	Index Only Scan using k_3 on sbtest3  (cost=0.43..6.33 rows=95 width=4)
	  Index Cond: ((k >= 7662491) AND (k <= 7662591))

table 4 : explain SELECT k FROM sbtest4 WHERE k BETWEEN 7662491 AND 7662591
	Index Only Scan using k_4 on sbtest4  (cost=0.43..6.43 rows=100 width=4)
	  Index Cond: ((k >= 7662491) AND (k <= 7662591))

table 5 : explain SELECT k FROM sbtest5 WHERE k BETWEEN 7662491 AND 7662591
	Index Only Scan using k_5 on sbtest5  (cost=0.43..6.45 rows=101 width=4)
	  Index Cond: ((k >= 7662491) AND (k <= 7662591))

table 6 : explain SELECT k FROM sbtest6 WHERE k BETWEEN 7662491 AND 7662591
	Index Only Scan using k_6 on sbtest6  (cost=0.43..6.51 rows=104 width=4)
	  Index Cond: ((k >= 7662491) AND (k <= 7662591))

table 7 : explain SELECT k FROM sbtest7 WHERE k BETWEEN 7662491 AND 7662591
	Index Only Scan using k_7 on sbtest7  (cost=0.43..6.77 rows=117 width=4)
	  Index Cond: ((k >= 7662491) AND (k <= 7662591))

table 8 : explain SELECT k FROM sbtest8 WHERE k BETWEEN 7662491 AND 7662591
	Index Only Scan using k_8 on sbtest8  (cost=0.43..10.46 rows=101 width=4)
	  Index Cond: ((k >= 7662491) AND (k <= 7662591))

explain: for range-covered :: explain SELECT k FROM sbtest%d WHERE k BETWEEN 7662491 AND 7662591
for range-covered
table 1 : explain SELECT k FROM sbtest1 WHERE k BETWEEN 6463557 AND 6463657
	Index Only Scan using k_1 on sbtest1  (cost=0.43..6.58 rows=107 width=4)
	  Index Cond: ((k >= 6463557) AND (k <= 6463657))

table 2 : explain SELECT k FROM sbtest2 WHERE k BETWEEN 6463557 AND 6463657
	Index Only Scan using k_2 on sbtest2  (cost=0.43..6.35 rows=96 width=4)
	  Index Cond: ((k >= 6463557) AND (k <= 6463657))

table 3 : explain SELECT k FROM sbtest3 WHERE k BETWEEN 6463557 AND 6463657
	Index Only Scan using k_3 on sbtest3  (cost=0.43..6.61 rows=109 width=4)
	  Index Cond: ((k >= 6463557) AND (k <= 6463657))

table 4 : explain SELECT k FROM sbtest4 WHERE k BETWEEN 6463557 AND 6463657
	Index Only Scan using k_4 on sbtest4  (cost=0.43..6.43 rows=100 width=4)
	  Index Cond: ((k >= 6463557) AND (k <= 6463657))

table 5 : explain SELECT k FROM sbtest5 WHERE k BETWEEN 6463557 AND 6463657
	Index Only Scan using k_5 on sbtest5  (cost=0.43..6.29 rows=93 width=4)
	  Index Cond: ((k >= 6463557) AND (k <= 6463657))

table 6 : explain SELECT k FROM sbtest6 WHERE k BETWEEN 6463557 AND 6463657
	Index Only Scan using k_6 on sbtest6  (cost=0.43..6.37 rows=97 width=4)
	  Index Cond: ((k >= 6463557) AND (k <= 6463657))

table 7 : explain SELECT k FROM sbtest7 WHERE k BETWEEN 6463557 AND 6463657
	Index Only Scan using k_7 on sbtest7  (cost=0.43..6.42 rows=99 width=4)
	  Index Cond: ((k >= 6463557) AND (k <= 6463657))

table 8 : explain SELECT k FROM sbtest8 WHERE k BETWEEN 6463557 AND 6463657
	Index Only Scan using k_8 on sbtest8  (cost=0.43..10.51 rows=104 width=4)
	  Index Cond: ((k >= 6463557) AND (k <= 6463657))

explain: for range-covered :: explain SELECT k FROM sbtest%d WHERE k BETWEEN 6463557 AND 6463657
for range-covered
table 1 : explain SELECT k FROM sbtest1 WHERE k BETWEEN 7359218 AND 7359318
	Index Only Scan using k_1 on sbtest1  (cost=0.43..6.35 rows=96 width=4)
	  Index Cond: ((k >= 7359218) AND (k <= 7359318))

table 2 : explain SELECT k FROM sbtest2 WHERE k BETWEEN 7359218 AND 7359318
	Index Only Scan using k_2 on sbtest2  (cost=0.43..6.37 rows=97 width=4)
	  Index Cond: ((k >= 7359218) AND (k <= 7359318))

table 3 : explain SELECT k FROM sbtest3 WHERE k BETWEEN 7359218 AND 7359318
	Index Only Scan using k_3 on sbtest3  (cost=0.43..6.37 rows=97 width=4)
	  Index Cond: ((k >= 7359218) AND (k <= 7359318))

table 4 : explain SELECT k FROM sbtest4 WHERE k BETWEEN 7359218 AND 7359318
	Index Only Scan using k_4 on sbtest4  (cost=0.43..6.32 rows=94 width=4)
	  Index Cond: ((k >= 7359218) AND (k <= 7359318))

table 5 : explain SELECT k FROM sbtest5 WHERE k BETWEEN 7359218 AND 7359318
	Index Only Scan using k_5 on sbtest5  (cost=0.43..6.43 rows=100 width=4)
	  Index Cond: ((k >= 7359218) AND (k <= 7359318))

table 6 : explain SELECT k FROM sbtest6 WHERE k BETWEEN 7359218 AND 7359318
	Index Only Scan using k_6 on sbtest6  (cost=0.43..6.56 rows=106 width=4)
	  Index Cond: ((k >= 7359218) AND (k <= 7359318))

table 7 : explain SELECT k FROM sbtest7 WHERE k BETWEEN 7359218 AND 7359318
	Index Only Scan using k_7 on sbtest7  (cost=0.43..6.81 rows=119 width=4)
	  Index Cond: ((k >= 7359218) AND (k <= 7359318))

table 8 : explain SELECT k FROM sbtest8 WHERE k BETWEEN 7359218 AND 7359318
	Index Only Scan using k_8 on sbtest8  (cost=0.43..10.38 rows=97 width=4)
	  Index Cond: ((k >= 7359218) AND (k <= 7359318))

explain: for range-covered :: explain SELECT k FROM sbtest%d WHERE k BETWEEN 7359218 AND 7359318
for range-covered
table 1 : explain SELECT k FROM sbtest1 WHERE k BETWEEN 7662491 AND 7662591
	Index Only Scan using k_1 on sbtest1  (cost=0.43..6.63 rows=110 width=4)
	  Index Cond: ((k >= 7662491) AND (k <= 7662591))

table 2 : explain SELECT k FROM sbtest2 WHERE k BETWEEN 7662491 AND 7662591
	Index Only Scan using k_2 on sbtest2  (cost=0.43..6.43 rows=100 width=4)
	  Index Cond: ((k >= 7662491) AND (k <= 7662591))

table 3 : explain SELECT k FROM sbtest3 WHERE k BETWEEN 7662491 AND 7662591
	Index Only Scan using k_3 on sbtest3  (cost=0.43..6.33 rows=95 width=4)
	  Index Cond: ((k >= 7662491) AND (k <= 7662591))

table 4 : explain SELECT k FROM sbtest4 WHERE k BETWEEN 7662491 AND 7662591
	Index Only Scan using k_4 on sbtest4  (cost=0.43..6.43 rows=100 width=4)
	  Index Cond: ((k >= 7662491) AND (k <= 7662591))

table 5 : explain SELECT k FROM sbtest5 WHERE k BETWEEN 7662491 AND 7662591
	Index Only Scan using k_5 on sbtest5  (cost=0.43..6.45 rows=101 width=4)
	  Index Cond: ((k >= 7662491) AND (k <= 7662591))

table 6 : explain SELECT k FROM sbtest6 WHERE k BETWEEN 7662491 AND 7662591
	Index Only Scan using k_6 on sbtest6  (cost=0.43..6.51 rows=104 width=4)
	  Index Cond: ((k >= 7662491) AND (k <= 7662591))

table 7 : explain SELECT k FROM sbtest7 WHERE k BETWEEN 7662491 AND 7662591
	Index Only Scan using k_7 on sbtest7  (cost=0.43..6.77 rows=117 width=4)
	  Index Cond: ((k >= 7662491) AND (k <= 7662591))

table 8 : explain SELECT k FROM sbtest8 WHERE k BETWEEN 7662491 AND 7662591
	Index Only Scan using k_8 on sbtest8  (cost=0.43..10.46 rows=101 width=4)
	  Index Cond: ((k >= 7662491) AND (k <= 7662591))

explain: for range-covered :: explain SELECT k FROM sbtest%d WHERE k BETWEEN 7662491 AND 7662591
for range-covered
table 1 : explain SELECT k FROM sbtest1 WHERE k BETWEEN 6463557 AND 6463657
	Index Only Scan using k_1 on sbtest1  (cost=0.43..6.58 rows=107 width=4)
	  Index Cond: ((k >= 6463557) AND (k <= 6463657))

table 2 : explain SELECT k FROM sbtest2 WHERE k BETWEEN 6463557 AND 6463657
	Index Only Scan using k_2 on sbtest2  (cost=0.43..6.35 rows=96 width=4)
	  Index Cond: ((k >= 6463557) AND (k <= 6463657))

table 3 : explain SELECT k FROM sbtest3 WHERE k BETWEEN 6463557 AND 6463657
	Index Only Scan using k_3 on sbtest3  (cost=0.43..6.61 rows=109 width=4)
	  Index Cond: ((k >= 6463557) AND (k <= 6463657))

table 4 : explain SELECT k FROM sbtest4 WHERE k BETWEEN 6463557 AND 6463657
	Index Only Scan using k_4 on sbtest4  (cost=0.43..6.43 rows=100 width=4)
	  Index Cond: ((k >= 6463557) AND (k <= 6463657))

table 5 : explain SELECT k FROM sbtest5 WHERE k BETWEEN 6463557 AND 6463657
	Index Only Scan using k_5 on sbtest5  (cost=0.43..6.29 rows=93 width=4)
	  Index Cond: ((k >= 6463557) AND (k <= 6463657))

table 6 : explain SELECT k FROM sbtest6 WHERE k BETWEEN 6463557 AND 6463657
	Index Only Scan using k_6 on sbtest6  (cost=0.43..6.37 rows=97 width=4)
	  Index Cond: ((k >= 6463557) AND (k <= 6463657))

table 7 : explain SELECT k FROM sbtest7 WHERE k BETWEEN 6463557 AND 6463657
	Index Only Scan using k_7 on sbtest7  (cost=0.43..6.42 rows=99 width=4)
	  Index Cond: ((k >= 6463557) AND (k <= 6463657))

table 8 : explain SELECT k FROM sbtest8 WHERE k BETWEEN 6463557 AND 6463657
	Index Only Scan using k_8 on sbtest8  (cost=0.43..10.51 rows=104 width=4)
	  Index Cond: ((k >= 6463557) AND (k <= 6463657))

explain: for range-covered :: explain SELECT k FROM sbtest%d WHERE k BETWEEN 6463557 AND 6463657
for range-covered
table 1 : explain SELECT k FROM sbtest1 WHERE k BETWEEN 7359218 AND 7359318
	Index Only Scan using k_1 on sbtest1  (cost=0.43..6.35 rows=96 width=4)
	  Index Cond: ((k >= 7359218) AND (k <= 7359318))

table 2 : explain SELECT k FROM sbtest2 WHERE k BETWEEN 7359218 AND 7359318
	Index Only Scan using k_2 on sbtest2  (cost=0.43..6.37 rows=97 width=4)
	  Index Cond: ((k >= 7359218) AND (k <= 7359318))

table 3 : explain SELECT k FROM sbtest3 WHERE k BETWEEN 7359218 AND 7359318
	Index Only Scan using k_3 on sbtest3  (cost=0.43..6.37 rows=97 width=4)
	  Index Cond: ((k >= 7359218) AND (k <= 7359318))

table 4 : explain SELECT k FROM sbtest4 WHERE k BETWEEN 7359218 AND 7359318
	Index Only Scan using k_4 on sbtest4  (cost=0.43..6.32 rows=94 width=4)
	  Index Cond: ((k >= 7359218) AND (k <= 7359318))

table 5 : explain SELECT k FROM sbtest5 WHERE k BETWEEN 7359218 AND 7359318
	Index Only Scan using k_5 on sbtest5  (cost=0.43..6.43 rows=100 width=4)
	  Index Cond: ((k >= 7359218) AND (k <= 7359318))

table 6 : explain SELECT k FROM sbtest6 WHERE k BETWEEN 7359218 AND 7359318
	Index Only Scan using k_6 on sbtest6  (cost=0.43..6.56 rows=106 width=4)
	  Index Cond: ((k >= 7359218) AND (k <= 7359318))

table 7 : explain SELECT k FROM sbtest7 WHERE k BETWEEN 7359218 AND 7359318
	Index Only Scan using k_7 on sbtest7  (cost=0.43..6.81 rows=119 width=4)
	  Index Cond: ((k >= 7359218) AND (k <= 7359318))

table 8 : explain SELECT k FROM sbtest8 WHERE k BETWEEN 7359218 AND 7359318
	Index Only Scan using k_8 on sbtest8  (cost=0.43..10.38 rows=97 width=4)
	  Index Cond: ((k >= 7359218) AND (k <= 7359318))

explain: for range-covered :: explain SELECT k FROM sbtest%d WHERE k BETWEEN 7359218 AND 7359318
for range-covered
table 1 : explain SELECT k FROM sbtest1 WHERE k BETWEEN 7662491 AND 7662591
	Index Only Scan using k_1 on sbtest1  (cost=0.43..6.63 rows=110 width=4)
	  Index Cond: ((k >= 7662491) AND (k <= 7662591))

table 2 : explain SELECT k FROM sbtest2 WHERE k BETWEEN 7662491 AND 7662591
	Index Only Scan using k_2 on sbtest2  (cost=0.43..6.43 rows=100 width=4)
	  Index Cond: ((k >= 7662491) AND (k <= 7662591))

table 3 : explain SELECT k FROM sbtest3 WHERE k BETWEEN 7662491 AND 7662591
	Index Only Scan using k_3 on sbtest3  (cost=0.43..6.33 rows=95 width=4)
	  Index Cond: ((k >= 7662491) AND (k <= 7662591))

table 4 : explain SELECT k FROM sbtest4 WHERE k BETWEEN 7662491 AND 7662591
	Index Only Scan using k_4 on sbtest4  (cost=0.43..6.43 rows=100 width=4)
	  Index Cond: ((k >= 7662491) AND (k <= 7662591))

table 5 : explain SELECT k FROM sbtest5 WHERE k BETWEEN 7662491 AND 7662591
	Index Only Scan using k_5 on sbtest5  (cost=0.43..6.45 rows=101 width=4)
	  Index Cond: ((k >= 7662491) AND (k <= 7662591))

table 6 : explain SELECT k FROM sbtest6 WHERE k BETWEEN 7662491 AND 7662591
	Index Only Scan using k_6 on sbtest6  (cost=0.43..6.51 rows=104 width=4)
	  Index Cond: ((k >= 7662491) AND (k <= 7662591))

table 7 : explain SELECT k FROM sbtest7 WHERE k BETWEEN 7662491 AND 7662591
	Index Only Scan using k_7 on sbtest7  (cost=0.43..6.77 rows=117 width=4)
	  Index Cond: ((k >= 7662491) AND (k <= 7662591))

table 8 : explain SELECT k FROM sbtest8 WHERE k BETWEEN 7662491 AND 7662591
	Index Only Scan using k_8 on sbtest8  (cost=0.43..10.46 rows=101 width=4)
	  Index Cond: ((k >= 7662491) AND (k <= 7662591))

explain: for range-covered :: explain SELECT k FROM sbtest%d WHERE k BETWEEN 2318978 AND 2319078
explain: for range-covered :: explain SELECT k FROM sbtest%d WHERE k BETWEEN 7662491 AND 7662591
for range-covered
table 1 : explain SELECT k FROM sbtest1 WHERE k BETWEEN 6463557 AND 6463657
	Index Only Scan using k_1 on sbtest1  (cost=0.43..6.58 rows=107 width=4)
	  Index Cond: ((k >= 6463557) AND (k <= 6463657))

table 2 : explain SELECT k FROM sbtest2 WHERE k BETWEEN 6463557 AND 6463657
	Index Only Scan using k_2 on sbtest2  (cost=0.43..6.35 rows=96 width=4)
	  Index Cond: ((k >= 6463557) AND (k <= 6463657))

table 3 : explain SELECT k FROM sbtest3 WHERE k BETWEEN 6463557 AND 6463657
	Index Only Scan using k_3 on sbtest3  (cost=0.43..6.61 rows=109 width=4)
	  Index Cond: ((k >= 6463557) AND (k <= 6463657))

table 4 : explain SELECT k FROM sbtest4 WHERE k BETWEEN 6463557 AND 6463657
	Index Only Scan using k_4 on sbtest4  (cost=0.43..6.43 rows=100 width=4)
	  Index Cond: ((k >= 6463557) AND (k <= 6463657))

table 5 : explain SELECT k FROM sbtest5 WHERE k BETWEEN 6463557 AND 6463657
	Index Only Scan using k_5 on sbtest5  (cost=0.43..6.29 rows=93 width=4)
	  Index Cond: ((k >= 6463557) AND (k <= 6463657))

table 6 : explain SELECT k FROM sbtest6 WHERE k BETWEEN 6463557 AND 6463657
	Index Only Scan using k_6 on sbtest6  (cost=0.43..6.37 rows=97 width=4)
	  Index Cond: ((k >= 6463557) AND (k <= 6463657))

table 7 : explain SELECT k FROM sbtest7 WHERE k BETWEEN 6463557 AND 6463657
	Index Only Scan using k_7 on sbtest7  (cost=0.43..6.42 rows=99 width=4)
	  Index Cond: ((k >= 6463557) AND (k <= 6463657))

table 8 : explain SELECT k FROM sbtest8 WHERE k BETWEEN 6463557 AND 6463657
	Index Only Scan using k_8 on sbtest8  (cost=0.43..10.51 rows=104 width=4)
	  Index Cond: ((k >= 6463557) AND (k <= 6463657))

explain: for range-covered :: explain SELECT k FROM sbtest%d WHERE k BETWEEN 4924025 AND 4924125
explain: for range-covered :: explain SELECT k FROM sbtest%d WHERE k BETWEEN 6463557 AND 6463657
for range-covered
table 1 : explain SELECT k FROM sbtest1 WHERE k BETWEEN 7791094 AND 7791194
	Index Only Scan using k_1 on sbtest1  (cost=0.43..6.32 rows=94 width=4)
	  Index Cond: ((k >= 7791094) AND (k <= 7791194))

table 2 : explain SELECT k FROM sbtest2 WHERE k BETWEEN 7791094 AND 7791194
	Index Only Scan using k_2 on sbtest2  (cost=0.43..6.45 rows=101 width=4)
	  Index Cond: ((k >= 7791094) AND (k <= 7791194))

table 3 : explain SELECT k FROM sbtest3 WHERE k BETWEEN 7791094 AND 7791194
	Index Only Scan using k_3 on sbtest3  (cost=0.43..6.40 rows=98 width=4)
	  Index Cond: ((k >= 7791094) AND (k <= 7791194))

table 4 : explain SELECT k FROM sbtest4 WHERE k BETWEEN 7791094 AND 7791194
	Index Only Scan using k_4 on sbtest4  (cost=0.43..6.43 rows=100 width=4)
	  Index Cond: ((k >= 7791094) AND (k <= 7791194))

table 5 : explain SELECT k FROM sbtest5 WHERE k BETWEEN 7791094 AND 7791194
	Index Only Scan using k_5 on sbtest5  (cost=0.43..6.45 rows=101 width=4)
	  Index Cond: ((k >= 7791094) AND (k <= 7791194))

table 6 : explain SELECT k FROM sbtest6 WHERE k BETWEEN 7791094 AND 7791194
	Index Only Scan using k_6 on sbtest6  (cost=0.43..6.40 rows=98 width=4)
	  Index Cond: ((k >= 7791094) AND (k <= 7791194))

table 7 : explain SELECT k FROM sbtest7 WHERE k BETWEEN 7791094 AND 7791194
	Index Only Scan using k_7 on sbtest7  (cost=0.43..6.27 rows=92 width=4)
	  Index Cond: ((k >= 7791094) AND (k <= 7791194))

table 8 : explain SELECT k FROM sbtest8 WHERE k BETWEEN 7791094 AND 7791194
	Index Only Scan using k_8 on sbtest8  (cost=0.43..10.47 rows=102 width=4)
	  Index Cond: ((k >= 7791094) AND (k <= 7791194))

explain: for range-covered :: explain SELECT k FROM sbtest%d WHERE k BETWEEN 7791094 AND 7791194
for range-covered
table 1 : explain SELECT k FROM sbtest1 WHERE k BETWEEN 7662491 AND 7662591
	Index Only Scan using k_1 on sbtest1  (cost=0.43..6.63 rows=110 width=4)
	  Index Cond: ((k >= 7662491) AND (k <= 7662591))

table 2 : explain SELECT k FROM sbtest2 WHERE k BETWEEN 7662491 AND 7662591
	Index Only Scan using k_2 on sbtest2  (cost=0.43..6.43 rows=100 width=4)
	  Index Cond: ((k >= 7662491) AND (k <= 7662591))

table 3 : explain SELECT k FROM sbtest3 WHERE k BETWEEN 7662491 AND 7662591
	Index Only Scan using k_3 on sbtest3  (cost=0.43..6.33 rows=95 width=4)
	  Index Cond: ((k >= 7662491) AND (k <= 7662591))

table 4 : explain SELECT k FROM sbtest4 WHERE k BETWEEN 7662491 AND 7662591
	Index Only Scan using k_4 on sbtest4  (cost=0.43..6.43 rows=100 width=4)
	  Index Cond: ((k >= 7662491) AND (k <= 7662591))

table 5 : explain SELECT k FROM sbtest5 WHERE k BETWEEN 7662491 AND 7662591
	Index Only Scan using k_5 on sbtest5  (cost=0.43..6.45 rows=101 width=4)
	  Index Cond: ((k >= 7662491) AND (k <= 7662591))

table 6 : explain SELECT k FROM sbtest6 WHERE k BETWEEN 7662491 AND 7662591
	Index Only Scan using k_6 on sbtest6  (cost=0.43..6.51 rows=104 width=4)
	  Index Cond: ((k >= 7662491) AND (k <= 7662591))

table 7 : explain SELECT k FROM sbtest7 WHERE k BETWEEN 7662491 AND 7662591
	Index Only Scan using k_7 on sbtest7  (cost=0.43..6.77 rows=117 width=4)
	  Index Cond: ((k >= 7662491) AND (k <= 7662591))

table 8 : explain SELECT k FROM sbtest8 WHERE k BETWEEN 7662491 AND 7662591
	Index Only Scan using k_8 on sbtest8  (cost=0.43..10.46 rows=101 width=4)
	  Index Cond: ((k >= 7662491) AND (k <= 7662591))

explain: for range-covered :: explain SELECT k FROM sbtest%d WHERE k BETWEEN 7662491 AND 7662591
explain: for range-covered :: explain SELECT k FROM sbtest%d WHERE k BETWEEN 6046108 AND 6046208
for range-covered
table 1 : explain SELECT k FROM sbtest1 WHERE k BETWEEN 6463557 AND 6463657
	Index Only Scan using k_1 on sbtest1  (cost=0.43..6.58 rows=107 width=4)
	  Index Cond: ((k >= 6463557) AND (k <= 6463657))

table 2 : explain SELECT k FROM sbtest2 WHERE k BETWEEN 6463557 AND 6463657
	Index Only Scan using k_2 on sbtest2  (cost=0.43..6.35 rows=96 width=4)
	  Index Cond: ((k >= 6463557) AND (k <= 6463657))

table 3 : explain SELECT k FROM sbtest3 WHERE k BETWEEN 6463557 AND 6463657
	Index Only Scan using k_3 on sbtest3  (cost=0.43..6.61 rows=109 width=4)
	  Index Cond: ((k >= 6463557) AND (k <= 6463657))

table 4 : explain SELECT k FROM sbtest4 WHERE k BETWEEN 6463557 AND 6463657
	Index Only Scan using k_4 on sbtest4  (cost=0.43..6.43 rows=100 width=4)
	  Index Cond: ((k >= 6463557) AND (k <= 6463657))

table 5 : explain SELECT k FROM sbtest5 WHERE k BETWEEN 6463557 AND 6463657
	Index Only Scan using k_5 on sbtest5  (cost=0.43..6.29 rows=93 width=4)
	  Index Cond: ((k >= 6463557) AND (k <= 6463657))

table 6 : explain SELECT k FROM sbtest6 WHERE k BETWEEN 6463557 AND 6463657
	Index Only Scan using k_6 on sbtest6  (cost=0.43..6.37 rows=97 width=4)
	  Index Cond: ((k >= 6463557) AND (k <= 6463657))

table 7 : explain SELECT k FROM sbtest7 WHERE k BETWEEN 6463557 AND 6463657
	Index Only Scan using k_7 on sbtest7  (cost=0.43..6.42 rows=99 width=4)
	  Index Cond: ((k >= 6463557) AND (k <= 6463657))

table 8 : explain SELECT k FROM sbtest8 WHERE k BETWEEN 6463557 AND 6463657
	Index Only Scan using k_8 on sbtest8  (cost=0.43..10.51 rows=104 width=4)
	  Index Cond: ((k >= 6463557) AND (k <= 6463657))

explain: for range-covered :: explain SELECT k FROM sbtest%d WHERE k BETWEEN 6463557 AND 6463657
for range-covered
table 1 : explain SELECT k FROM sbtest1 WHERE k BETWEEN 7791094 AND 7791194
	Index Only Scan using k_1 on sbtest1  (cost=0.43..6.32 rows=94 width=4)
	  Index Cond: ((k >= 7791094) AND (k <= 7791194))

table 2 : explain SELECT k FROM sbtest2 WHERE k BETWEEN 7791094 AND 7791194
	Index Only Scan using k_2 on sbtest2  (cost=0.43..6.45 rows=101 width=4)
	  Index Cond: ((k >= 7791094) AND (k <= 7791194))

table 3 : explain SELECT k FROM sbtest3 WHERE k BETWEEN 7791094 AND 7791194
	Index Only Scan using k_3 on sbtest3  (cost=0.43..6.40 rows=98 width=4)
	  Index Cond: ((k >= 7791094) AND (k <= 7791194))

table 4 : explain SELECT k FROM sbtest4 WHERE k BETWEEN 7791094 AND 7791194
	Index Only Scan using k_4 on sbtest4  (cost=0.43..6.43 rows=100 width=4)
	  Index Cond: ((k >= 7791094) AND (k <= 7791194))

table 5 : explain SELECT k FROM sbtest5 WHERE k BETWEEN 7791094 AND 7791194
	Index Only Scan using k_5 on sbtest5  (cost=0.43..6.45 rows=101 width=4)
	  Index Cond: ((k >= 7791094) AND (k <= 7791194))

table 6 : explain SELECT k FROM sbtest6 WHERE k BETWEEN 7791094 AND 7791194
	Index Only Scan using k_6 on sbtest6  (cost=0.43..6.40 rows=98 width=4)
	  Index Cond: ((k >= 7791094) AND (k <= 7791194))

table 7 : explain SELECT k FROM sbtest7 WHERE k BETWEEN 7791094 AND 7791194
	Index Only Scan using k_7 on sbtest7  (cost=0.43..6.27 rows=92 width=4)
	  Index Cond: ((k >= 7791094) AND (k <= 7791194))

table 8 : explain SELECT k FROM sbtest8 WHERE k BETWEEN 7791094 AND 7791194
	Index Only Scan using k_8 on sbtest8  (cost=0.43..10.47 rows=102 width=4)
	  Index Cond: ((k >= 7791094) AND (k <= 7791194))

explain: for range-covered :: explain SELECT k FROM sbtest%d WHERE k BETWEEN 7791094 AND 7791194
for range-covered
table 1 : explain SELECT k FROM sbtest1 WHERE k BETWEEN 7662491 AND 7662591
	Index Only Scan using k_1 on sbtest1  (cost=0.43..6.63 rows=110 width=4)
	  Index Cond: ((k >= 7662491) AND (k <= 7662591))

table 2 : explain SELECT k FROM sbtest2 WHERE k BETWEEN 7662491 AND 7662591
	Index Only Scan using k_2 on sbtest2  (cost=0.43..6.43 rows=100 width=4)
	  Index Cond: ((k >= 7662491) AND (k <= 7662591))

table 3 : explain SELECT k FROM sbtest3 WHERE k BETWEEN 7662491 AND 7662591
	Index Only Scan using k_3 on sbtest3  (cost=0.43..6.33 rows=95 width=4)
	  Index Cond: ((k >= 7662491) AND (k <= 7662591))

table 4 : explain SELECT k FROM sbtest4 WHERE k BETWEEN 7662491 AND 7662591
	Index Only Scan using k_4 on sbtest4  (cost=0.43..6.43 rows=100 width=4)
	  Index Cond: ((k >= 7662491) AND (k <= 7662591))

table 5 : explain SELECT k FROM sbtest5 WHERE k BETWEEN 7662491 AND 7662591
	Index Only Scan using k_5 on sbtest5  (cost=0.43..6.45 rows=101 width=4)
	  Index Cond: ((k >= 7662491) AND (k <= 7662591))

table 6 : explain SELECT k FROM sbtest6 WHERE k BETWEEN 7662491 AND 7662591
	Index Only Scan using k_6 on sbtest6  (cost=0.43..6.51 rows=104 width=4)
	  Index Cond: ((k >= 7662491) AND (k <= 7662591))

table 7 : explain SELECT k FROM sbtest7 WHERE k BETWEEN 7662491 AND 7662591
	Index Only Scan using k_7 on sbtest7  (cost=0.43..6.77 rows=117 width=4)
	  Index Cond: ((k >= 7662491) AND (k <= 7662591))

table 8 : explain SELECT k FROM sbtest8 WHERE k BETWEEN 7662491 AND 7662591
	Index Only Scan using k_8 on sbtest8  (cost=0.43..10.46 rows=101 width=4)
	  Index Cond: ((k >= 7662491) AND (k <= 7662591))

explain: for range-covered :: explain SELECT k FROM sbtest%d WHERE k BETWEEN 5407948 AND 5408048
explain: for range-covered :: explain SELECT k FROM sbtest%d WHERE k BETWEEN 7662491 AND 7662591
for range-covered
table 1 : explain SELECT k FROM sbtest1 WHERE k BETWEEN 6463557 AND 6463657
	Index Only Scan using k_1 on sbtest1  (cost=0.43..6.58 rows=107 width=4)
	  Index Cond: ((k >= 6463557) AND (k <= 6463657))

table 2 : explain SELECT k FROM sbtest2 WHERE k BETWEEN 6463557 AND 6463657
	Index Only Scan using k_2 on sbtest2  (cost=0.43..6.35 rows=96 width=4)
	  Index Cond: ((k >= 6463557) AND (k <= 6463657))

table 3 : explain SELECT k FROM sbtest3 WHERE k BETWEEN 6463557 AND 6463657
	Index Only Scan using k_3 on sbtest3  (cost=0.43..6.61 rows=109 width=4)
	  Index Cond: ((k >= 6463557) AND (k <= 6463657))

table 4 : explain SELECT k FROM sbtest4 WHERE k BETWEEN 6463557 AND 6463657
	Index Only Scan using k_4 on sbtest4  (cost=0.43..6.43 rows=100 width=4)
	  Index Cond: ((k >= 6463557) AND (k <= 6463657))

table 5 : explain SELECT k FROM sbtest5 WHERE k BETWEEN 6463557 AND 6463657
	Index Only Scan using k_5 on sbtest5  (cost=0.43..6.29 rows=93 width=4)
	  Index Cond: ((k >= 6463557) AND (k <= 6463657))

table 6 : explain SELECT k FROM sbtest6 WHERE k BETWEEN 6463557 AND 6463657
	Index Only Scan using k_6 on sbtest6  (cost=0.43..6.37 rows=97 width=4)
	  Index Cond: ((k >= 6463557) AND (k <= 6463657))

table 7 : explain SELECT k FROM sbtest7 WHERE k BETWEEN 6463557 AND 6463657
	Index Only Scan using k_7 on sbtest7  (cost=0.43..6.42 rows=99 width=4)
	  Index Cond: ((k >= 6463557) AND (k <= 6463657))

table 8 : explain SELECT k FROM sbtest8 WHERE k BETWEEN 6463557 AND 6463657
	Index Only Scan using k_8 on sbtest8  (cost=0.43..10.51 rows=104 width=4)
	  Index Cond: ((k >= 6463557) AND (k <= 6463657))

for range-covered
table 1 : explain SELECT k FROM sbtest1 WHERE k BETWEEN 7791094 AND 7791194
	Index Only Scan using k_1 on sbtest1  (cost=0.43..6.32 rows=94 width=4)
	  Index Cond: ((k >= 7791094) AND (k <= 7791194))

table 2 : explain SELECT k FROM sbtest2 WHERE k BETWEEN 7791094 AND 7791194
	Index Only Scan using k_2 on sbtest2  (cost=0.43..6.45 rows=101 width=4)
	  Index Cond: ((k >= 7791094) AND (k <= 7791194))

table 3 : explain SELECT k FROM sbtest3 WHERE k BETWEEN 7791094 AND 7791194
	Index Only Scan using k_3 on sbtest3  (cost=0.43..6.40 rows=98 width=4)
	  Index Cond: ((k >= 7791094) AND (k <= 7791194))

table 4 : explain SELECT k FROM sbtest4 WHERE k BETWEEN 7791094 AND 7791194
	Index Only Scan using k_4 on sbtest4  (cost=0.43..6.43 rows=100 width=4)
	  Index Cond: ((k >= 7791094) AND (k <= 7791194))

table 5 : explain SELECT k FROM sbtest5 WHERE k BETWEEN 7791094 AND 7791194
	Index Only Scan using k_5 on sbtest5  (cost=0.43..6.45 rows=101 width=4)
	  Index Cond: ((k >= 7791094) AND (k <= 7791194))

table 6 : explain SELECT k FROM sbtest6 WHERE k BETWEEN 7791094 AND 7791194
	Index Only Scan using k_6 on sbtest6  (cost=0.43..6.40 rows=98 width=4)
	  Index Cond: ((k >= 7791094) AND (k <= 7791194))

table 7 : explain SELECT k FROM sbtest7 WHERE k BETWEEN 7791094 AND 7791194
	Index Only Scan using k_7 on sbtest7  (cost=0.43..6.27 rows=92 width=4)
	  Index Cond: ((k >= 7791094) AND (k <= 7791194))

table 8 : explain SELECT k FROM sbtest8 WHERE k BETWEEN 7791094 AND 7791194
	Index Only Scan using k_8 on sbtest8  (cost=0.43..10.47 rows=102 width=4)
	  Index Cond: ((k >= 7791094) AND (k <= 7791194))

explain: for range-covered :: explain SELECT k FROM sbtest%d WHERE k BETWEEN 6463557 AND 6463657
explain: for range-covered :: explain SELECT k FROM sbtest%d WHERE k BETWEEN 7791094 AND 7791194
for range-covered
table 1 : explain SELECT k FROM sbtest1 WHERE k BETWEEN 2665192 AND 2665292
	Index Only Scan using k_1 on sbtest1  (cost=0.43..6.74 rows=115 width=4)
	  Index Cond: ((k >= 2665192) AND (k <= 2665292))

table 2 : explain SELECT k FROM sbtest2 WHERE k BETWEEN 2665192 AND 2665292
	Index Only Scan using k_2 on sbtest2  (cost=0.43..6.42 rows=99 width=4)
	  Index Cond: ((k >= 2665192) AND (k <= 2665292))

table 3 : explain SELECT k FROM sbtest3 WHERE k BETWEEN 2665192 AND 2665292
	Index Only Scan using k_3 on sbtest3  (cost=0.43..6.66 rows=111 width=4)
	  Index Cond: ((k >= 2665192) AND (k <= 2665292))

table 4 : explain SELECT k FROM sbtest4 WHERE k BETWEEN 2665192 AND 2665292
	Index Only Scan using k_4 on sbtest4  (cost=0.43..6.42 rows=99 width=4)
	  Index Cond: ((k >= 2665192) AND (k <= 2665292))

table 5 : explain SELECT k FROM sbtest5 WHERE k BETWEEN 2665192 AND 2665292
	Index Only Scan using k_5 on sbtest5  (cost=0.43..6.27 rows=92 width=4)
	  Index Cond: ((k >= 2665192) AND (k <= 2665292))

table 6 : explain SELECT k FROM sbtest6 WHERE k BETWEEN 2665192 AND 2665292
	Index Only Scan using k_6 on sbtest6  (cost=0.43..6.43 rows=100 width=4)
	  Index Cond: ((k >= 2665192) AND (k <= 2665292))

table 7 : explain SELECT k FROM sbtest7 WHERE k BETWEEN 2665192 AND 2665292
	Index Only Scan using k_7 on sbtest7  (cost=0.43..6.50 rows=103 width=4)
	  Index Cond: ((k >= 2665192) AND (k <= 2665292))

table 8 : explain SELECT k FROM sbtest8 WHERE k BETWEEN 2665192 AND 2665292
	Index Only Scan using k_8 on sbtest8  (cost=0.43..10.46 rows=101 width=4)
	  Index Cond: ((k >= 2665192) AND (k <= 2665292))

explain: for range-covered :: explain SELECT k FROM sbtest%d WHERE k BETWEEN 2665192 AND 2665292
for range-covered
table 1 : explain SELECT k FROM sbtest1 WHERE k BETWEEN 7662491 AND 7662591
	Index Only Scan using k_1 on sbtest1  (cost=0.43..6.63 rows=110 width=4)
	  Index Cond: ((k >= 7662491) AND (k <= 7662591))

table 2 : explain SELECT k FROM sbtest2 WHERE k BETWEEN 7662491 AND 7662591
	Index Only Scan using k_2 on sbtest2  (cost=0.43..6.43 rows=100 width=4)
	  Index Cond: ((k >= 7662491) AND (k <= 7662591))

table 3 : explain SELECT k FROM sbtest3 WHERE k BETWEEN 7662491 AND 7662591
	Index Only Scan using k_3 on sbtest3  (cost=0.43..6.33 rows=95 width=4)
	  Index Cond: ((k >= 7662491) AND (k <= 7662591))

table 4 : explain SELECT k FROM sbtest4 WHERE k BETWEEN 7662491 AND 7662591
	Index Only Scan using k_4 on sbtest4  (cost=0.43..6.43 rows=100 width=4)
	  Index Cond: ((k >= 7662491) AND (k <= 7662591))

table 5 : explain SELECT k FROM sbtest5 WHERE k BETWEEN 7662491 AND 7662591
	Index Only Scan using k_5 on sbtest5  (cost=0.43..6.45 rows=101 width=4)
	  Index Cond: ((k >= 7662491) AND (k <= 7662591))

table 6 : explain SELECT k FROM sbtest6 WHERE k BETWEEN 7662491 AND 7662591
	Index Only Scan using k_6 on sbtest6  (cost=0.43..6.51 rows=104 width=4)
	  Index Cond: ((k >= 7662491) AND (k <= 7662591))

table 7 : explain SELECT k FROM sbtest7 WHERE k BETWEEN 7662491 AND 7662591
	Index Only Scan using k_7 on sbtest7  (cost=0.43..6.77 rows=117 width=4)
	  Index Cond: ((k >= 7662491) AND (k <= 7662591))

table 8 : explain SELECT k FROM sbtest8 WHERE k BETWEEN 7662491 AND 7662591
	Index Only Scan using k_8 on sbtest8  (cost=0.43..10.46 rows=101 width=4)
	  Index Cond: ((k >= 7662491) AND (k <= 7662591))

explain: for range-covered :: explain SELECT k FROM sbtest%d WHERE k BETWEEN 7662491 AND 7662591
for range-covered
table 1 : explain SELECT k FROM sbtest1 WHERE k BETWEEN 6463557 AND 6463657
	Index Only Scan using k_1 on sbtest1  (cost=0.43..6.58 rows=107 width=4)
	  Index Cond: ((k >= 6463557) AND (k <= 6463657))

table 2 : explain SELECT k FROM sbtest2 WHERE k BETWEEN 6463557 AND 6463657
	Index Only Scan using k_2 on sbtest2  (cost=0.43..6.35 rows=96 width=4)
	  Index Cond: ((k >= 6463557) AND (k <= 6463657))

table 3 : explain SELECT k FROM sbtest3 WHERE k BETWEEN 6463557 AND 6463657
	Index Only Scan using k_3 on sbtest3  (cost=0.43..6.61 rows=109 width=4)
	  Index Cond: ((k >= 6463557) AND (k <= 6463657))

table 4 : explain SELECT k FROM sbtest4 WHERE k BETWEEN 6463557 AND 6463657
	Index Only Scan using k_4 on sbtest4  (cost=0.43..6.43 rows=100 width=4)
	  Index Cond: ((k >= 6463557) AND (k <= 6463657))

table 5 : explain SELECT k FROM sbtest5 WHERE k BETWEEN 6463557 AND 6463657
	Index Only Scan using k_5 on sbtest5  (cost=0.43..6.29 rows=93 width=4)
	  Index Cond: ((k >= 6463557) AND (k <= 6463657))

table 6 : explain SELECT k FROM sbtest6 WHERE k BETWEEN 6463557 AND 6463657
	Index Only Scan using k_6 on sbtest6  (cost=0.43..6.37 rows=97 width=4)
	  Index Cond: ((k >= 6463557) AND (k <= 6463657))

table 7 : explain SELECT k FROM sbtest7 WHERE k BETWEEN 6463557 AND 6463657
	Index Only Scan using k_7 on sbtest7  (cost=0.43..6.42 rows=99 width=4)
	  Index Cond: ((k >= 6463557) AND (k <= 6463657))

table 8 : explain SELECT k FROM sbtest8 WHERE k BETWEEN 6463557 AND 6463657
	Index Only Scan using k_8 on sbtest8  (cost=0.43..10.51 rows=104 width=4)
	  Index Cond: ((k >= 6463557) AND (k <= 6463657))

explain: for range-covered :: explain SELECT k FROM sbtest%d WHERE k BETWEEN 6463557 AND 6463657
for range-covered
table 1 : explain SELECT k FROM sbtest1 WHERE k BETWEEN 5169017 AND 5169117
	Index Only Scan using k_1 on sbtest1  (cost=0.43..6.47 rows=102 width=4)
	  Index Cond: ((k >= 5169017) AND (k <= 5169117))

table 2 : explain SELECT k FROM sbtest2 WHERE k BETWEEN 5169017 AND 5169117
	Index Only Scan using k_2 on sbtest2  (cost=0.43..6.53 rows=105 width=4)
	  Index Cond: ((k >= 5169017) AND (k <= 5169117))

table 3 : explain SELECT k FROM sbtest3 WHERE k BETWEEN 5169017 AND 5169117
	Index Only Scan using k_3 on sbtest3  (cost=0.43..6.24 rows=90 width=4)
	  Index Cond: ((k >= 5169017) AND (k <= 5169117))

table 4 : explain SELECT k FROM sbtest4 WHERE k BETWEEN 5169017 AND 5169117
	Index Only Scan using k_4 on sbtest4  (cost=0.43..6.37 rows=97 width=4)
	  Index Cond: ((k >= 5169017) AND (k <= 5169117))

table 5 : explain SELECT k FROM sbtest5 WHERE k BETWEEN 5169017 AND 5169117
	Index Only Scan using k_5 on sbtest5  (cost=0.43..6.59 rows=108 width=4)
	  Index Cond: ((k >= 5169017) AND (k <= 5169117))

table 6 : explain SELECT k FROM sbtest6 WHERE k BETWEEN 5169017 AND 5169117
	Index Only Scan using k_6 on sbtest6  (cost=0.43..6.32 rows=94 width=4)
	  Index Cond: ((k >= 5169017) AND (k <= 5169117))

table 7 : explain SELECT k FROM sbtest7 WHERE k BETWEEN 5169017 AND 5169117
	Index Only Scan using k_7 on sbtest7  (cost=0.43..6.40 rows=98 width=4)
	  Index Cond: ((k >= 5169017) AND (k <= 5169117))

table 8 : explain SELECT k FROM sbtest8 WHERE k BETWEEN 5169017 AND 5169117
	Index Only Scan using k_8 on sbtest8  (cost=0.43..10.54 rows=105 width=4)
	  Index Cond: ((k >= 5169017) AND (k <= 5169117))

for range-covered
table 1 : explain SELECT k FROM sbtest1 WHERE k BETWEEN 2665192 AND 2665292
	Index Only Scan using k_1 on sbtest1  (cost=0.43..6.74 rows=115 width=4)
	  Index Cond: ((k >= 2665192) AND (k <= 2665292))

table 2 : explain SELECT k FROM sbtest2 WHERE k BETWEEN 2665192 AND 2665292
	Index Only Scan using k_2 on sbtest2  (cost=0.43..6.42 rows=99 width=4)
	  Index Cond: ((k >= 2665192) AND (k <= 2665292))

table 3 : explain SELECT k FROM sbtest3 WHERE k BETWEEN 2665192 AND 2665292
	Index Only Scan using k_3 on sbtest3  (cost=0.43..6.66 rows=111 width=4)
	  Index Cond: ((k >= 2665192) AND (k <= 2665292))

table 4 : explain SELECT k FROM sbtest4 WHERE k BETWEEN 2665192 AND 2665292
	Index Only Scan using k_4 on sbtest4  (cost=0.43..6.42 rows=99 width=4)
	  Index Cond: ((k >= 2665192) AND (k <= 2665292))

table 5 : explain SELECT k FROM sbtest5 WHERE k BETWEEN 2665192 AND 2665292
	Index Only Scan using k_5 on sbtest5  (cost=0.43..6.27 rows=92 width=4)
	  Index Cond: ((k >= 2665192) AND (k <= 2665292))

table 6 : explain SELECT k FROM sbtest6 WHERE k BETWEEN 2665192 AND 2665292
	Index Only Scan using k_6 on sbtest6  (cost=0.43..6.43 rows=100 width=4)
	  Index Cond: ((k >= 2665192) AND (k <= 2665292))

table 7 : explain SELECT k FROM sbtest7 WHERE k BETWEEN 2665192 AND 2665292
	Index Only Scan using k_7 on sbtest7  (cost=0.43..6.50 rows=103 width=4)
	  Index Cond: ((k >= 2665192) AND (k <= 2665292))

table 8 : explain SELECT k FROM sbtest8 WHERE k BETWEEN 2665192 AND 2665292
	Index Only Scan using k_8 on sbtest8  (cost=0.43..10.46 rows=101 width=4)
	  Index Cond: ((k >= 2665192) AND (k <= 2665292))

explain: for range-covered :: explain SELECT k FROM sbtest%d WHERE k BETWEEN 5169017 AND 5169117
explain: for range-covered :: explain SELECT k FROM sbtest%d WHERE k BETWEEN 2665192 AND 2665292
for range-covered
table 1 : explain SELECT k FROM sbtest1 WHERE k BETWEEN 5169017 AND 5169117
	Index Only Scan using k_1 on sbtest1  (cost=0.43..6.47 rows=102 width=4)
	  Index Cond: ((k >= 5169017) AND (k <= 5169117))

table 2 : explain SELECT k FROM sbtest2 WHERE k BETWEEN 5169017 AND 5169117
	Index Only Scan using k_2 on sbtest2  (cost=0.43..6.53 rows=105 width=4)
	  Index Cond: ((k >= 5169017) AND (k <= 5169117))

table 3 : explain SELECT k FROM sbtest3 WHERE k BETWEEN 5169017 AND 5169117
	Index Only Scan using k_3 on sbtest3  (cost=0.43..6.24 rows=90 width=4)
	  Index Cond: ((k >= 5169017) AND (k <= 5169117))

table 4 : explain SELECT k FROM sbtest4 WHERE k BETWEEN 5169017 AND 5169117
	Index Only Scan using k_4 on sbtest4  (cost=0.43..6.37 rows=97 width=4)
	  Index Cond: ((k >= 5169017) AND (k <= 5169117))

table 5 : explain SELECT k FROM sbtest5 WHERE k BETWEEN 5169017 AND 5169117
	Index Only Scan using k_5 on sbtest5  (cost=0.43..6.59 rows=108 width=4)
	  Index Cond: ((k >= 5169017) AND (k <= 5169117))

table 6 : explain SELECT k FROM sbtest6 WHERE k BETWEEN 5169017 AND 5169117
	Index Only Scan using k_6 on sbtest6  (cost=0.43..6.32 rows=94 width=4)
	  Index Cond: ((k >= 5169017) AND (k <= 5169117))

table 7 : explain SELECT k FROM sbtest7 WHERE k BETWEEN 5169017 AND 5169117
	Index Only Scan using k_7 on sbtest7  (cost=0.43..6.40 rows=98 width=4)
	  Index Cond: ((k >= 5169017) AND (k <= 5169117))

table 8 : explain SELECT k FROM sbtest8 WHERE k BETWEEN 5169017 AND 5169117
	Index Only Scan using k_8 on sbtest8  (cost=0.43..10.54 rows=105 width=4)
	  Index Cond: ((k >= 5169017) AND (k <= 5169117))

explain: for range-covered :: explain SELECT k FROM sbtest%d WHERE k BETWEEN 5169017 AND 5169117
explain: for range-covered :: explain SELECT k FROM sbtest%d WHERE k BETWEEN 7724117 AND 7724217
explain: for range-covered :: explain SELECT k FROM sbtest%d WHERE k BETWEEN 5867120 AND 5867220
for range-covered
table 1 : explain SELECT k FROM sbtest1 WHERE k BETWEEN 5169017 AND 5169117
	Index Only Scan using k_1 on sbtest1  (cost=0.43..6.47 rows=102 width=4)
	  Index Cond: ((k >= 5169017) AND (k <= 5169117))

table 2 : explain SELECT k FROM sbtest2 WHERE k BETWEEN 5169017 AND 5169117
	Index Only Scan using k_2 on sbtest2  (cost=0.43..6.53 rows=105 width=4)
	  Index Cond: ((k >= 5169017) AND (k <= 5169117))

table 3 : explain SELECT k FROM sbtest3 WHERE k BETWEEN 5169017 AND 5169117
	Index Only Scan using k_3 on sbtest3  (cost=0.43..6.24 rows=90 width=4)
	  Index Cond: ((k >= 5169017) AND (k <= 5169117))

table 4 : explain SELECT k FROM sbtest4 WHERE k BETWEEN 5169017 AND 5169117
	Index Only Scan using k_4 on sbtest4  (cost=0.43..6.37 rows=97 width=4)
	  Index Cond: ((k >= 5169017) AND (k <= 5169117))

table 5 : explain SELECT k FROM sbtest5 WHERE k BETWEEN 5169017 AND 5169117
	Index Only Scan using k_5 on sbtest5  (cost=0.43..6.59 rows=108 width=4)
	  Index Cond: ((k >= 5169017) AND (k <= 5169117))

table 6 : explain SELECT k FROM sbtest6 WHERE k BETWEEN 5169017 AND 5169117
	Index Only Scan using k_6 on sbtest6  (cost=0.43..6.32 rows=94 width=4)
	  Index Cond: ((k >= 5169017) AND (k <= 5169117))

table 7 : explain SELECT k FROM sbtest7 WHERE k BETWEEN 5169017 AND 5169117
	Index Only Scan using k_7 on sbtest7  (cost=0.43..6.40 rows=98 width=4)
	  Index Cond: ((k >= 5169017) AND (k <= 5169117))

table 8 : explain SELECT k FROM sbtest8 WHERE k BETWEEN 5169017 AND 5169117
	Index Only Scan using k_8 on sbtest8  (cost=0.43..10.54 rows=105 width=4)
	  Index Cond: ((k >= 5169017) AND (k <= 5169117))

explain: for range-covered :: explain SELECT k FROM sbtest%d WHERE k BETWEEN 5169017 AND 5169117
explain: for range-covered :: explain SELECT k FROM sbtest%d WHERE k BETWEEN 1213143 AND 1213243
for range-covered
table 1 : explain SELECT k FROM sbtest1 WHERE k BETWEEN 5169017 AND 5169117
	Index Only Scan using k_1 on sbtest1  (cost=0.43..6.47 rows=102 width=4)
	  Index Cond: ((k >= 5169017) AND (k <= 5169117))

table 2 : explain SELECT k FROM sbtest2 WHERE k BETWEEN 5169017 AND 5169117
	Index Only Scan using k_2 on sbtest2  (cost=0.43..6.53 rows=105 width=4)
	  Index Cond: ((k >= 5169017) AND (k <= 5169117))

table 3 : explain SELECT k FROM sbtest3 WHERE k BETWEEN 5169017 AND 5169117
	Index Only Scan using k_3 on sbtest3  (cost=0.43..6.24 rows=90 width=4)
	  Index Cond: ((k >= 5169017) AND (k <= 5169117))

table 4 : explain SELECT k FROM sbtest4 WHERE k BETWEEN 5169017 AND 5169117
	Index Only Scan using k_4 on sbtest4  (cost=0.43..6.37 rows=97 width=4)
	  Index Cond: ((k >= 5169017) AND (k <= 5169117))

table 5 : explain SELECT k FROM sbtest5 WHERE k BETWEEN 5169017 AND 5169117
	Index Only Scan using k_5 on sbtest5  (cost=0.43..6.59 rows=108 width=4)
	  Index Cond: ((k >= 5169017) AND (k <= 5169117))

table 6 : explain SELECT k FROM sbtest6 WHERE k BETWEEN 5169017 AND 5169117
	Index Only Scan using k_6 on sbtest6  (cost=0.43..6.32 rows=94 width=4)
	  Index Cond: ((k >= 5169017) AND (k <= 5169117))

table 7 : explain SELECT k FROM sbtest7 WHERE k BETWEEN 5169017 AND 5169117
	Index Only Scan using k_7 on sbtest7  (cost=0.43..6.40 rows=98 width=4)
	  Index Cond: ((k >= 5169017) AND (k <= 5169117))

table 8 : explain SELECT k FROM sbtest8 WHERE k BETWEEN 5169017 AND 5169117
	Index Only Scan using k_8 on sbtest8  (cost=0.43..10.54 rows=105 width=4)
	  Index Cond: ((k >= 5169017) AND (k <= 5169117))

explain: for range-covered :: explain SELECT k FROM sbtest%d WHERE k BETWEEN 5169017 AND 5169117
for range-covered
table 1 : explain SELECT k FROM sbtest1 WHERE k BETWEEN 5169017 AND 5169117
	Index Only Scan using k_1 on sbtest1  (cost=0.43..6.47 rows=102 width=4)
	  Index Cond: ((k >= 5169017) AND (k <= 5169117))

table 2 : explain SELECT k FROM sbtest2 WHERE k BETWEEN 5169017 AND 5169117
	Index Only Scan using k_2 on sbtest2  (cost=0.43..6.53 rows=105 width=4)
	  Index Cond: ((k >= 5169017) AND (k <= 5169117))

table 3 : explain SELECT k FROM sbtest3 WHERE k BETWEEN 5169017 AND 5169117
	Index Only Scan using k_3 on sbtest3  (cost=0.43..6.24 rows=90 width=4)
	  Index Cond: ((k >= 5169017) AND (k <= 5169117))

table 4 : explain SELECT k FROM sbtest4 WHERE k BETWEEN 5169017 AND 5169117
	Index Only Scan using k_4 on sbtest4  (cost=0.43..6.37 rows=97 width=4)
	  Index Cond: ((k >= 5169017) AND (k <= 5169117))

table 5 : explain SELECT k FROM sbtest5 WHERE k BETWEEN 5169017 AND 5169117
	Index Only Scan using k_5 on sbtest5  (cost=0.43..6.59 rows=108 width=4)
	  Index Cond: ((k >= 5169017) AND (k <= 5169117))

table 6 : explain SELECT k FROM sbtest6 WHERE k BETWEEN 5169017 AND 5169117
	Index Only Scan using k_6 on sbtest6  (cost=0.43..6.32 rows=94 width=4)
	  Index Cond: ((k >= 5169017) AND (k <= 5169117))

table 7 : explain SELECT k FROM sbtest7 WHERE k BETWEEN 5169017 AND 5169117
	Index Only Scan using k_7 on sbtest7  (cost=0.43..6.40 rows=98 width=4)
	  Index Cond: ((k >= 5169017) AND (k <= 5169117))

table 8 : explain SELECT k FROM sbtest8 WHERE k BETWEEN 5169017 AND 5169117
	Index Only Scan using k_8 on sbtest8  (cost=0.43..10.54 rows=105 width=4)
	  Index Cond: ((k >= 5169017) AND (k <= 5169117))

explain: for range-covered :: explain SELECT k FROM sbtest%d WHERE k BETWEEN 5169017 AND 5169117
for range-covered
table 1 : explain SELECT k FROM sbtest1 WHERE k BETWEEN 5169017 AND 5169117
	Index Only Scan using k_1 on sbtest1  (cost=0.43..6.47 rows=102 width=4)
	  Index Cond: ((k >= 5169017) AND (k <= 5169117))

table 2 : explain SELECT k FROM sbtest2 WHERE k BETWEEN 5169017 AND 5169117
	Index Only Scan using k_2 on sbtest2  (cost=0.43..6.53 rows=105 width=4)
	  Index Cond: ((k >= 5169017) AND (k <= 5169117))

table 3 : explain SELECT k FROM sbtest3 WHERE k BETWEEN 5169017 AND 5169117
	Index Only Scan using k_3 on sbtest3  (cost=0.43..6.24 rows=90 width=4)
	  Index Cond: ((k >= 5169017) AND (k <= 5169117))

table 4 : explain SELECT k FROM sbtest4 WHERE k BETWEEN 5169017 AND 5169117
	Index Only Scan using k_4 on sbtest4  (cost=0.43..6.37 rows=97 width=4)
	  Index Cond: ((k >= 5169017) AND (k <= 5169117))

table 5 : explain SELECT k FROM sbtest5 WHERE k BETWEEN 5169017 AND 5169117
	Index Only Scan using k_5 on sbtest5  (cost=0.43..6.59 rows=108 width=4)
	  Index Cond: ((k >= 5169017) AND (k <= 5169117))

table 6 : explain SELECT k FROM sbtest6 WHERE k BETWEEN 5169017 AND 5169117
	Index Only Scan using k_6 on sbtest6  (cost=0.43..6.32 rows=94 width=4)
	  Index Cond: ((k >= 5169017) AND (k <= 5169117))

table 7 : explain SELECT k FROM sbtest7 WHERE k BETWEEN 5169017 AND 5169117
	Index Only Scan using k_7 on sbtest7  (cost=0.43..6.40 rows=98 width=4)
	  Index Cond: ((k >= 5169017) AND (k <= 5169117))

table 8 : explain SELECT k FROM sbtest8 WHERE k BETWEEN 5169017 AND 5169117
	Index Only Scan using k_8 on sbtest8  (cost=0.43..10.54 rows=105 width=4)
	  Index Cond: ((k >= 5169017) AND (k <= 5169117))

explain: for range-covered :: explain SELECT k FROM sbtest%d WHERE k BETWEEN 5169017 AND 5169117
for range-covered
table 1 : explain SELECT k FROM sbtest1 WHERE k BETWEEN 7359218 AND 7359318
	Index Only Scan using k_1 on sbtest1  (cost=0.43..6.35 rows=96 width=4)
	  Index Cond: ((k >= 7359218) AND (k <= 7359318))

table 2 : explain SELECT k FROM sbtest2 WHERE k BETWEEN 7359218 AND 7359318
	Index Only Scan using k_2 on sbtest2  (cost=0.43..6.37 rows=97 width=4)
	  Index Cond: ((k >= 7359218) AND (k <= 7359318))

table 3 : explain SELECT k FROM sbtest3 WHERE k BETWEEN 7359218 AND 7359318
	Index Only Scan using k_3 on sbtest3  (cost=0.43..6.37 rows=97 width=4)
	  Index Cond: ((k >= 7359218) AND (k <= 7359318))

table 4 : explain SELECT k FROM sbtest4 WHERE k BETWEEN 7359218 AND 7359318
	Index Only Scan using k_4 on sbtest4  (cost=0.43..6.32 rows=94 width=4)
	  Index Cond: ((k >= 7359218) AND (k <= 7359318))

table 5 : explain SELECT k FROM sbtest5 WHERE k BETWEEN 7359218 AND 7359318
	Index Only Scan using k_5 on sbtest5  (cost=0.43..6.43 rows=100 width=4)
	  Index Cond: ((k >= 7359218) AND (k <= 7359318))

table 6 : explain SELECT k FROM sbtest6 WHERE k BETWEEN 7359218 AND 7359318
	Index Only Scan using k_6 on sbtest6  (cost=0.43..6.56 rows=106 width=4)
	  Index Cond: ((k >= 7359218) AND (k <= 7359318))

table 7 : explain SELECT k FROM sbtest7 WHERE k BETWEEN 7359218 AND 7359318
	Index Only Scan using k_7 on sbtest7  (cost=0.43..6.81 rows=119 width=4)
	  Index Cond: ((k >= 7359218) AND (k <= 7359318))

table 8 : explain SELECT k FROM sbtest8 WHERE k BETWEEN 7359218 AND 7359318
	Index Only Scan using k_8 on sbtest8  (cost=0.43..10.38 rows=97 width=4)
	  Index Cond: ((k >= 7359218) AND (k <= 7359318))

for range-covered
table 1 : explain SELECT k FROM sbtest1 WHERE k BETWEEN 5523466 AND 5523566
	Index Only Scan using k_1 on sbtest1  (cost=0.43..6.50 rows=103 width=4)
	  Index Cond: ((k >= 5523466) AND (k <= 5523566))

table 2 : explain SELECT k FROM sbtest2 WHERE k BETWEEN 5523466 AND 5523566
	Index Only Scan using k_2 on sbtest2  (cost=0.43..6.63 rows=110 width=4)
	  Index Cond: ((k >= 5523466) AND (k <= 5523566))

table 3 : explain SELECT k FROM sbtest3 WHERE k BETWEEN 5523466 AND 5523566
	Index Only Scan using k_3 on sbtest3  (cost=0.43..6.33 rows=95 width=4)
	  Index Cond: ((k >= 5523466) AND (k <= 5523566))

table 4 : explain SELECT k FROM sbtest4 WHERE k BETWEEN 5523466 AND 5523566
	Index Only Scan using k_4 on sbtest4  (cost=0.43..6.33 rows=95 width=4)
	  Index Cond: ((k >= 5523466) AND (k <= 5523566))

table 5 : explain SELECT k FROM sbtest5 WHERE k BETWEEN 5523466 AND 5523566
	Index Only Scan using k_5 on sbtest5  (cost=0.43..6.56 rows=106 width=4)
	  Index Cond: ((k >= 5523466) AND (k <= 5523566))

table 6 : explain SELECT k FROM sbtest6 WHERE k BETWEEN 5523466 AND 5523566
	Index Only Scan using k_6 on sbtest6  (cost=0.43..6.77 rows=117 width=4)
	  Index Cond: ((k >= 5523466) AND (k <= 5523566))

table 7 : explain SELECT k FROM sbtest7 WHERE k BETWEEN 5523466 AND 5523566
	Index Only Scan using k_7 on sbtest7  (cost=0.43..6.37 rows=97 width=4)
	  Index Cond: ((k >= 5523466) AND (k <= 5523566))

table 8 : explain SELECT k FROM sbtest8 WHERE k BETWEEN 5523466 AND 5523566
	Index Only Scan using k_8 on sbtest8  (cost=0.43..10.42 rows=99 width=4)
	  Index Cond: ((k >= 5523466) AND (k <= 5523566))

explain: for range-covered :: explain SELECT k FROM sbtest%d WHERE k BETWEEN 5523466 AND 5523566
for range-covered
table 1 : explain SELECT k FROM sbtest1 WHERE k BETWEEN 5194524 AND 5194624
	Index Only Scan using k_1 on sbtest1  (cost=0.43..6.47 rows=102 width=4)
	  Index Cond: ((k >= 5194524) AND (k <= 5194624))

table 2 : explain SELECT k FROM sbtest2 WHERE k BETWEEN 5194524 AND 5194624
	Index Only Scan using k_2 on sbtest2  (cost=0.43..6.53 rows=105 width=4)
	  Index Cond: ((k >= 5194524) AND (k <= 5194624))

table 3 : explain SELECT k FROM sbtest3 WHERE k BETWEEN 5194524 AND 5194624
	Index Only Scan using k_3 on sbtest3  (cost=0.43..6.24 rows=90 width=4)
	  Index Cond: ((k >= 5194524) AND (k <= 5194624))

table 4 : explain SELECT k FROM sbtest4 WHERE k BETWEEN 5194524 AND 5194624
	Index Only Scan using k_4 on sbtest4  (cost=0.43..6.37 rows=97 width=4)
	  Index Cond: ((k >= 5194524) AND (k <= 5194624))

table 5 : explain SELECT k FROM sbtest5 WHERE k BETWEEN 5194524 AND 5194624
	Index Only Scan using k_5 on sbtest5  (cost=0.43..6.59 rows=108 width=4)
	  Index Cond: ((k >= 5194524) AND (k <= 5194624))

table 6 : explain SELECT k FROM sbtest6 WHERE k BETWEEN 5194524 AND 5194624
	Index Only Scan using k_6 on sbtest6  (cost=0.43..6.32 rows=94 width=4)
	  Index Cond: ((k >= 5194524) AND (k <= 5194624))

table 7 : explain SELECT k FROM sbtest7 WHERE k BETWEEN 5194524 AND 5194624
	Index Only Scan using k_7 on sbtest7  (cost=0.43..6.40 rows=98 width=4)
	  Index Cond: ((k >= 5194524) AND (k <= 5194624))

table 8 : explain SELECT k FROM sbtest8 WHERE k BETWEEN 5194524 AND 5194624
	Index Only Scan using k_8 on sbtest8  (cost=0.43..10.54 rows=105 width=4)
	  Index Cond: ((k >= 5194524) AND (k <= 5194624))

explain: for range-covered :: explain SELECT k FROM sbtest%d WHERE k BETWEEN 5194524 AND 5194624
for range-covered
table 1 : explain SELECT k FROM sbtest1 WHERE k BETWEEN 2665192 AND 2665292
	Index Only Scan using k_1 on sbtest1  (cost=0.43..6.74 rows=115 width=4)
	  Index Cond: ((k >= 2665192) AND (k <= 2665292))

table 2 : explain SELECT k FROM sbtest2 WHERE k BETWEEN 2665192 AND 2665292
	Index Only Scan using k_2 on sbtest2  (cost=0.43..6.42 rows=99 width=4)
	  Index Cond: ((k >= 2665192) AND (k <= 2665292))

table 3 : explain SELECT k FROM sbtest3 WHERE k BETWEEN 2665192 AND 2665292
	Index Only Scan using k_3 on sbtest3  (cost=0.43..6.66 rows=111 width=4)
	  Index Cond: ((k >= 2665192) AND (k <= 2665292))

table 4 : explain SELECT k FROM sbtest4 WHERE k BETWEEN 2665192 AND 2665292
	Index Only Scan using k_4 on sbtest4  (cost=0.43..6.42 rows=99 width=4)
	  Index Cond: ((k >= 2665192) AND (k <= 2665292))

table 5 : explain SELECT k FROM sbtest5 WHERE k BETWEEN 2665192 AND 2665292
	Index Only Scan using k_5 on sbtest5  (cost=0.43..6.27 rows=92 width=4)
	  Index Cond: ((k >= 2665192) AND (k <= 2665292))

table 6 : explain SELECT k FROM sbtest6 WHERE k BETWEEN 2665192 AND 2665292
	Index Only Scan using k_6 on sbtest6  (cost=0.43..6.43 rows=100 width=4)
	  Index Cond: ((k >= 2665192) AND (k <= 2665292))

table 7 : explain SELECT k FROM sbtest7 WHERE k BETWEEN 2665192 AND 2665292
	Index Only Scan using k_7 on sbtest7  (cost=0.43..6.50 rows=103 width=4)
	  Index Cond: ((k >= 2665192) AND (k <= 2665292))

table 8 : explain SELECT k FROM sbtest8 WHERE k BETWEEN 2665192 AND 2665292
	Index Only Scan using k_8 on sbtest8  (cost=0.43..10.46 rows=101 width=4)
	  Index Cond: ((k >= 2665192) AND (k <= 2665292))

for range-covered
table 1 : explain SELECT k FROM sbtest1 WHERE k BETWEEN 7791094 AND 7791194
	Index Only Scan using k_1 on sbtest1  (cost=0.43..6.32 rows=94 width=4)
	  Index Cond: ((k >= 7791094) AND (k <= 7791194))

table 2 : explain SELECT k FROM sbtest2 WHERE k BETWEEN 7791094 AND 7791194
	Index Only Scan using k_2 on sbtest2  (cost=0.43..6.45 rows=101 width=4)
	  Index Cond: ((k >= 7791094) AND (k <= 7791194))

table 3 : explain SELECT k FROM sbtest3 WHERE k BETWEEN 7791094 AND 7791194
	Index Only Scan using k_3 on sbtest3  (cost=0.43..6.40 rows=98 width=4)
	  Index Cond: ((k >= 7791094) AND (k <= 7791194))

table 4 : explain SELECT k FROM sbtest4 WHERE k BETWEEN 7791094 AND 7791194
	Index Only Scan using k_4 on sbtest4  (cost=0.43..6.43 rows=100 width=4)
	  Index Cond: ((k >= 7791094) AND (k <= 7791194))

table 5 : explain SELECT k FROM sbtest5 WHERE k BETWEEN 7791094 AND 7791194
	Index Only Scan using k_5 on sbtest5  (cost=0.43..6.45 rows=101 width=4)
	  Index Cond: ((k >= 7791094) AND (k <= 7791194))

table 6 : explain SELECT k FROM sbtest6 WHERE k BETWEEN 7791094 AND 7791194
	Index Only Scan using k_6 on sbtest6  (cost=0.43..6.40 rows=98 width=4)
	  Index Cond: ((k >= 7791094) AND (k <= 7791194))

table 7 : explain SELECT k FROM sbtest7 WHERE k BETWEEN 7791094 AND 7791194
	Index Only Scan using k_7 on sbtest7  (cost=0.43..6.27 rows=92 width=4)
	  Index Cond: ((k >= 7791094) AND (k <= 7791194))

table 8 : explain SELECT k FROM sbtest8 WHERE k BETWEEN 7791094 AND 7791194
	Index Only Scan using k_8 on sbtest8  (cost=0.43..10.47 rows=102 width=4)
	  Index Cond: ((k >= 7791094) AND (k <= 7791194))

for range-covered
table 1 : explain SELECT k FROM sbtest1 WHERE k BETWEEN 5523466 AND 5523566
	Index Only Scan using k_1 on sbtest1  (cost=0.43..6.50 rows=103 width=4)
	  Index Cond: ((k >= 5523466) AND (k <= 5523566))

table 2 : explain SELECT k FROM sbtest2 WHERE k BETWEEN 5523466 AND 5523566
	Index Only Scan using k_2 on sbtest2  (cost=0.43..6.63 rows=110 width=4)
	  Index Cond: ((k >= 5523466) AND (k <= 5523566))

table 3 : explain SELECT k FROM sbtest3 WHERE k BETWEEN 5523466 AND 5523566
	Index Only Scan using k_3 on sbtest3  (cost=0.43..6.33 rows=95 width=4)
	  Index Cond: ((k >= 5523466) AND (k <= 5523566))

table 4 : explain SELECT k FROM sbtest4 WHERE k BETWEEN 5523466 AND 5523566
	Index Only Scan using k_4 on sbtest4  (cost=0.43..6.33 rows=95 width=4)
	  Index Cond: ((k >= 5523466) AND (k <= 5523566))

table 5 : explain SELECT k FROM sbtest5 WHERE k BETWEEN 5523466 AND 5523566
	Index Only Scan using k_5 on sbtest5  (cost=0.43..6.56 rows=106 width=4)
	  Index Cond: ((k >= 5523466) AND (k <= 5523566))

table 6 : explain SELECT k FROM sbtest6 WHERE k BETWEEN 5523466 AND 5523566
	Index Only Scan using k_6 on sbtest6  (cost=0.43..6.77 rows=117 width=4)
	  Index Cond: ((k >= 5523466) AND (k <= 5523566))

table 7 : explain SELECT k FROM sbtest7 WHERE k BETWEEN 5523466 AND 5523566
	Index Only Scan using k_7 on sbtest7  (cost=0.43..6.37 rows=97 width=4)
	  Index Cond: ((k >= 5523466) AND (k <= 5523566))

table 8 : explain SELECT k FROM sbtest8 WHERE k BETWEEN 5523466 AND 5523566
	Index Only Scan using k_8 on sbtest8  (cost=0.43..10.42 rows=99 width=4)
	  Index Cond: ((k >= 5523466) AND (k <= 5523566))

explain: for range-covered :: explain SELECT k FROM sbtest%d WHERE k BETWEEN 5523466 AND 5523566
for range-covered
table 1 : explain SELECT k FROM sbtest1 WHERE k BETWEEN 6463557 AND 6463657
	Index Only Scan using k_1 on sbtest1  (cost=0.43..6.58 rows=107 width=4)
	  Index Cond: ((k >= 6463557) AND (k <= 6463657))

table 2 : explain SELECT k FROM sbtest2 WHERE k BETWEEN 6463557 AND 6463657
	Index Only Scan using k_2 on sbtest2  (cost=0.43..6.35 rows=96 width=4)
	  Index Cond: ((k >= 6463557) AND (k <= 6463657))

table 3 : explain SELECT k FROM sbtest3 WHERE k BETWEEN 6463557 AND 6463657
	Index Only Scan using k_3 on sbtest3  (cost=0.43..6.61 rows=109 width=4)
	  Index Cond: ((k >= 6463557) AND (k <= 6463657))

table 4 : explain SELECT k FROM sbtest4 WHERE k BETWEEN 6463557 AND 6463657
	Index Only Scan using k_4 on sbtest4  (cost=0.43..6.43 rows=100 width=4)
	  Index Cond: ((k >= 6463557) AND (k <= 6463657))

table 5 : explain SELECT k FROM sbtest5 WHERE k BETWEEN 6463557 AND 6463657
	Index Only Scan using k_5 on sbtest5  (cost=0.43..6.29 rows=93 width=4)
	  Index Cond: ((k >= 6463557) AND (k <= 6463657))

table 6 : explain SELECT k FROM sbtest6 WHERE k BETWEEN 6463557 AND 6463657
	Index Only Scan using k_6 on sbtest6  (cost=0.43..6.37 rows=97 width=4)
	  Index Cond: ((k >= 6463557) AND (k <= 6463657))

table 7 : explain SELECT k FROM sbtest7 WHERE k BETWEEN 6463557 AND 6463657
	Index Only Scan using k_7 on sbtest7  (cost=0.43..6.42 rows=99 width=4)
	  Index Cond: ((k >= 6463557) AND (k <= 6463657))

table 8 : explain SELECT k FROM sbtest8 WHERE k BETWEEN 6463557 AND 6463657
	Index Only Scan using k_8 on sbtest8  (cost=0.43..10.51 rows=104 width=4)
	  Index Cond: ((k >= 6463557) AND (k <= 6463657))

for range-covered
table 1 : explain SELECT k FROM sbtest1 WHERE k BETWEEN 5194524 AND 5194624
	Index Only Scan using k_1 on sbtest1  (cost=0.43..6.47 rows=102 width=4)
	  Index Cond: ((k >= 5194524) AND (k <= 5194624))

table 2 : explain SELECT k FROM sbtest2 WHERE k BETWEEN 5194524 AND 5194624
	Index Only Scan using k_2 on sbtest2  (cost=0.43..6.53 rows=105 width=4)
	  Index Cond: ((k >= 5194524) AND (k <= 5194624))

table 3 : explain SELECT k FROM sbtest3 WHERE k BETWEEN 5194524 AND 5194624
	Index Only Scan using k_3 on sbtest3  (cost=0.43..6.24 rows=90 width=4)
	  Index Cond: ((k >= 5194524) AND (k <= 5194624))

table 4 : explain SELECT k FROM sbtest4 WHERE k BETWEEN 5194524 AND 5194624
	Index Only Scan using k_4 on sbtest4  (cost=0.43..6.37 rows=97 width=4)
	  Index Cond: ((k >= 5194524) AND (k <= 5194624))

table 5 : explain SELECT k FROM sbtest5 WHERE k BETWEEN 5194524 AND 5194624
	Index Only Scan using k_5 on sbtest5  (cost=0.43..6.59 rows=108 width=4)
	  Index Cond: ((k >= 5194524) AND (k <= 5194624))

table 6 : explain SELECT k FROM sbtest6 WHERE k BETWEEN 5194524 AND 5194624
	Index Only Scan using k_6 on sbtest6  (cost=0.43..6.32 rows=94 width=4)
	  Index Cond: ((k >= 5194524) AND (k <= 5194624))

table 7 : explain SELECT k FROM sbtest7 WHERE k BETWEEN 5194524 AND 5194624
	Index Only Scan using k_7 on sbtest7  (cost=0.43..6.40 rows=98 width=4)
	  Index Cond: ((k >= 5194524) AND (k <= 5194624))

table 8 : explain SELECT k FROM sbtest8 WHERE k BETWEEN 5194524 AND 5194624
	Index Only Scan using k_8 on sbtest8  (cost=0.43..10.54 rows=105 width=4)
	  Index Cond: ((k >= 5194524) AND (k <= 5194624))

explain: for range-covered :: explain SELECT k FROM sbtest%d WHERE k BETWEEN 5194524 AND 5194624
for range-covered
table 1 : explain SELECT k FROM sbtest1 WHERE k BETWEEN 5523466 AND 5523566
	Index Only Scan using k_1 on sbtest1  (cost=0.43..6.50 rows=103 width=4)
	  Index Cond: ((k >= 5523466) AND (k <= 5523566))

table 2 : explain SELECT k FROM sbtest2 WHERE k BETWEEN 5523466 AND 5523566
	Index Only Scan using k_2 on sbtest2  (cost=0.43..6.63 rows=110 width=4)
	  Index Cond: ((k >= 5523466) AND (k <= 5523566))

table 3 : explain SELECT k FROM sbtest3 WHERE k BETWEEN 5523466 AND 5523566
	Index Only Scan using k_3 on sbtest3  (cost=0.43..6.33 rows=95 width=4)
	  Index Cond: ((k >= 5523466) AND (k <= 5523566))

table 4 : explain SELECT k FROM sbtest4 WHERE k BETWEEN 5523466 AND 5523566
	Index Only Scan using k_4 on sbtest4  (cost=0.43..6.33 rows=95 width=4)
	  Index Cond: ((k >= 5523466) AND (k <= 5523566))

table 5 : explain SELECT k FROM sbtest5 WHERE k BETWEEN 5523466 AND 5523566
	Index Only Scan using k_5 on sbtest5  (cost=0.43..6.56 rows=106 width=4)
	  Index Cond: ((k >= 5523466) AND (k <= 5523566))

table 6 : explain SELECT k FROM sbtest6 WHERE k BETWEEN 5523466 AND 5523566
	Index Only Scan using k_6 on sbtest6  (cost=0.43..6.77 rows=117 width=4)
	  Index Cond: ((k >= 5523466) AND (k <= 5523566))

table 7 : explain SELECT k FROM sbtest7 WHERE k BETWEEN 5523466 AND 5523566
	Index Only Scan using k_7 on sbtest7  (cost=0.43..6.37 rows=97 width=4)
	  Index Cond: ((k >= 5523466) AND (k <= 5523566))

table 8 : explain SELECT k FROM sbtest8 WHERE k BETWEEN 5523466 AND 5523566
	Index Only Scan using k_8 on sbtest8  (cost=0.43..10.42 rows=99 width=4)
	  Index Cond: ((k >= 5523466) AND (k <= 5523566))

explain: for range-covered :: explain SELECT k FROM sbtest%d WHERE k BETWEEN 5523466 AND 5523566
for range-covered
table 1 : explain SELECT k FROM sbtest1 WHERE k BETWEEN 5194524 AND 5194624
	Index Only Scan using k_1 on sbtest1  (cost=0.43..6.47 rows=102 width=4)
	  Index Cond: ((k >= 5194524) AND (k <= 5194624))

table 2 : explain SELECT k FROM sbtest2 WHERE k BETWEEN 5194524 AND 5194624
	Index Only Scan using k_2 on sbtest2  (cost=0.43..6.53 rows=105 width=4)
	  Index Cond: ((k >= 5194524) AND (k <= 5194624))

table 3 : explain SELECT k FROM sbtest3 WHERE k BETWEEN 5194524 AND 5194624
	Index Only Scan using k_3 on sbtest3  (cost=0.43..6.24 rows=90 width=4)
	  Index Cond: ((k >= 5194524) AND (k <= 5194624))

table 4 : explain SELECT k FROM sbtest4 WHERE k BETWEEN 5194524 AND 5194624
	Index Only Scan using k_4 on sbtest4  (cost=0.43..6.37 rows=97 width=4)
	  Index Cond: ((k >= 5194524) AND (k <= 5194624))

table 5 : explain SELECT k FROM sbtest5 WHERE k BETWEEN 5194524 AND 5194624
	Index Only Scan using k_5 on sbtest5  (cost=0.43..6.59 rows=108 width=4)
	  Index Cond: ((k >= 5194524) AND (k <= 5194624))

table 6 : explain SELECT k FROM sbtest6 WHERE k BETWEEN 5194524 AND 5194624
	Index Only Scan using k_6 on sbtest6  (cost=0.43..6.32 rows=94 width=4)
	  Index Cond: ((k >= 5194524) AND (k <= 5194624))

table 7 : explain SELECT k FROM sbtest7 WHERE k BETWEEN 5194524 AND 5194624
	Index Only Scan using k_7 on sbtest7  (cost=0.43..6.40 rows=98 width=4)
	  Index Cond: ((k >= 5194524) AND (k <= 5194624))

table 8 : explain SELECT k FROM sbtest8 WHERE k BETWEEN 5194524 AND 5194624
	Index Only Scan using k_8 on sbtest8  (cost=0.43..10.54 rows=105 width=4)
	  Index Cond: ((k >= 5194524) AND (k <= 5194624))

explain: for range-covered :: explain SELECT k FROM sbtest%d WHERE k BETWEEN 5194524 AND 5194624
for range-covered
table 1 : explain SELECT k FROM sbtest1 WHERE k BETWEEN 7417509 AND 7417609
	Index Only Scan using k_1 on sbtest1  (cost=0.43..6.24 rows=90 width=4)
	  Index Cond: ((k >= 7417509) AND (k <= 7417609))

table 2 : explain SELECT k FROM sbtest2 WHERE k BETWEEN 7417509 AND 7417609
	Index Only Scan using k_2 on sbtest2  (cost=0.43..6.37 rows=97 width=4)
	  Index Cond: ((k >= 7417509) AND (k <= 7417609))

table 3 : explain SELECT k FROM sbtest3 WHERE k BETWEEN 7417509 AND 7417609
	Index Only Scan using k_3 on sbtest3  (cost=0.43..6.37 rows=97 width=4)
	  Index Cond: ((k >= 7417509) AND (k <= 7417609))

table 4 : explain SELECT k FROM sbtest4 WHERE k BETWEEN 7417509 AND 7417609
	Index Only Scan using k_4 on sbtest4  (cost=0.43..6.32 rows=94 width=4)
	  Index Cond: ((k >= 7417509) AND (k <= 7417609))

table 5 : explain SELECT k FROM sbtest5 WHERE k BETWEEN 7417509 AND 7417609
	Index Only Scan using k_5 on sbtest5  (cost=0.43..6.51 rows=104 width=4)
	  Index Cond: ((k >= 7417509) AND (k <= 7417609))

table 6 : explain SELECT k FROM sbtest6 WHERE k BETWEEN 7417509 AND 7417609
	Index Only Scan using k_6 on sbtest6  (cost=0.43..6.56 rows=106 width=4)
	  Index Cond: ((k >= 7417509) AND (k <= 7417609))

table 7 : explain SELECT k FROM sbtest7 WHERE k BETWEEN 7417509 AND 7417609
	Index Only Scan using k_7 on sbtest7  (cost=0.43..6.47 rows=102 width=4)
	  Index Cond: ((k >= 7417509) AND (k <= 7417609))

table 8 : explain SELECT k FROM sbtest8 WHERE k BETWEEN 7417509 AND 7417609
	Index Only Scan using k_8 on sbtest8  (cost=0.43..10.51 rows=104 width=4)
	  Index Cond: ((k >= 7417509) AND (k <= 7417609))

explain: for range-covered :: explain SELECT k FROM sbtest%d WHERE k BETWEEN 1943248 AND 1943348
for range-covered
table 1 : explain SELECT k FROM sbtest1 WHERE k BETWEEN 5523466 AND 5523566
	Index Only Scan using k_1 on sbtest1  (cost=0.43..6.50 rows=103 width=4)
	  Index Cond: ((k >= 5523466) AND (k <= 5523566))

table 2 : explain SELECT k FROM sbtest2 WHERE k BETWEEN 5523466 AND 5523566
	Index Only Scan using k_2 on sbtest2  (cost=0.43..6.63 rows=110 width=4)
	  Index Cond: ((k >= 5523466) AND (k <= 5523566))

table 3 : explain SELECT k FROM sbtest3 WHERE k BETWEEN 5523466 AND 5523566
	Index Only Scan using k_3 on sbtest3  (cost=0.43..6.33 rows=95 width=4)
	  Index Cond: ((k >= 5523466) AND (k <= 5523566))

table 4 : explain SELECT k FROM sbtest4 WHERE k BETWEEN 5523466 AND 5523566
	Index Only Scan using k_4 on sbtest4  (cost=0.43..6.33 rows=95 width=4)
	  Index Cond: ((k >= 5523466) AND (k <= 5523566))

table 5 : explain SELECT k FROM sbtest5 WHERE k BETWEEN 5523466 AND 5523566
	Index Only Scan using k_5 on sbtest5  (cost=0.43..6.56 rows=106 width=4)
	  Index Cond: ((k >= 5523466) AND (k <= 5523566))

table 6 : explain SELECT k FROM sbtest6 WHERE k BETWEEN 5523466 AND 5523566
	Index Only Scan using k_6 on sbtest6  (cost=0.43..6.77 rows=117 width=4)
	  Index Cond: ((k >= 5523466) AND (k <= 5523566))

table 7 : explain SELECT k FROM sbtest7 WHERE k BETWEEN 5523466 AND 5523566
	Index Only Scan using k_7 on sbtest7  (cost=0.43..6.37 rows=97 width=4)
	  Index Cond: ((k >= 5523466) AND (k <= 5523566))

table 8 : explain SELECT k FROM sbtest8 WHERE k BETWEEN 5523466 AND 5523566
	Index Only Scan using k_8 on sbtest8  (cost=0.43..10.42 rows=99 width=4)
	  Index Cond: ((k >= 5523466) AND (k <= 5523566))

explain: for range-covered :: explain SELECT k FROM sbtest%d WHERE k BETWEEN 5523466 AND 5523566
for range-covered
table 1 : explain SELECT k FROM sbtest1 WHERE k BETWEEN 7662491 AND 7662591
	Index Only Scan using k_1 on sbtest1  (cost=0.43..6.63 rows=110 width=4)
	  Index Cond: ((k >= 7662491) AND (k <= 7662591))

table 2 : explain SELECT k FROM sbtest2 WHERE k BETWEEN 7662491 AND 7662591
	Index Only Scan using k_2 on sbtest2  (cost=0.43..6.43 rows=100 width=4)
	  Index Cond: ((k >= 7662491) AND (k <= 7662591))

table 3 : explain SELECT k FROM sbtest3 WHERE k BETWEEN 7662491 AND 7662591
	Index Only Scan using k_3 on sbtest3  (cost=0.43..6.33 rows=95 width=4)
	  Index Cond: ((k >= 7662491) AND (k <= 7662591))

table 4 : explain SELECT k FROM sbtest4 WHERE k BETWEEN 7662491 AND 7662591
	Index Only Scan using k_4 on sbtest4  (cost=0.43..6.43 rows=100 width=4)
	  Index Cond: ((k >= 7662491) AND (k <= 7662591))

table 5 : explain SELECT k FROM sbtest5 WHERE k BETWEEN 7662491 AND 7662591
	Index Only Scan using k_5 on sbtest5  (cost=0.43..6.45 rows=101 width=4)
	  Index Cond: ((k >= 7662491) AND (k <= 7662591))

table 6 : explain SELECT k FROM sbtest6 WHERE k BETWEEN 7662491 AND 7662591
	Index Only Scan using k_6 on sbtest6  (cost=0.43..6.51 rows=104 width=4)
	  Index Cond: ((k >= 7662491) AND (k <= 7662591))

table 7 : explain SELECT k FROM sbtest7 WHERE k BETWEEN 7662491 AND 7662591
	Index Only Scan using k_7 on sbtest7  (cost=0.43..6.77 rows=117 width=4)
	  Index Cond: ((k >= 7662491) AND (k <= 7662591))

table 8 : explain SELECT k FROM sbtest8 WHERE k BETWEEN 7662491 AND 7662591
	Index Only Scan using k_8 on sbtest8  (cost=0.43..10.46 rows=101 width=4)
	  Index Cond: ((k >= 7662491) AND (k <= 7662591))

explain: for range-covered :: explain SELECT k FROM sbtest%d WHERE k BETWEEN 6118678 AND 6118778
for range-covered
table 1 : explain SELECT k FROM sbtest1 WHERE k BETWEEN 7724117 AND 7724217
	Index Only Scan using k_1 on sbtest1  (cost=0.43..6.32 rows=94 width=4)
	  Index Cond: ((k >= 7724117) AND (k <= 7724217))

table 2 : explain SELECT k FROM sbtest2 WHERE k BETWEEN 7724117 AND 7724217
	Index Only Scan using k_2 on sbtest2  (cost=0.43..6.43 rows=100 width=4)
	  Index Cond: ((k >= 7724117) AND (k <= 7724217))

table 3 : explain SELECT k FROM sbtest3 WHERE k BETWEEN 7724117 AND 7724217
	Index Only Scan using k_3 on sbtest3  (cost=0.43..6.33 rows=95 width=4)
	  Index Cond: ((k >= 7724117) AND (k <= 7724217))

table 4 : explain SELECT k FROM sbtest4 WHERE k BETWEEN 7724117 AND 7724217
	Index Only Scan using k_4 on sbtest4  (cost=0.43..6.43 rows=100 width=4)
	  Index Cond: ((k >= 7724117) AND (k <= 7724217))

table 5 : explain SELECT k FROM sbtest5 WHERE k BETWEEN 7724117 AND 7724217
	Index Only Scan using k_5 on sbtest5  (cost=0.43..6.45 rows=101 width=4)
	  Index Cond: ((k >= 7724117) AND (k <= 7724217))

table 6 : explain SELECT k FROM sbtest6 WHERE k BETWEEN 7724117 AND 7724217
	Index Only Scan using k_6 on sbtest6  (cost=0.43..6.51 rows=104 width=4)
	  Index Cond: ((k >= 7724117) AND (k <= 7724217))

table 7 : explain SELECT k FROM sbtest7 WHERE k BETWEEN 7724117 AND 7724217
	Index Only Scan using k_7 on sbtest7  (cost=0.43..6.51 rows=104 width=4)
	  Index Cond: ((k >= 7724117) AND (k <= 7724217))

table 8 : explain SELECT k FROM sbtest8 WHERE k BETWEEN 7724117 AND 7724217
	Index Only Scan using k_8 on sbtest8  (cost=0.43..10.47 rows=102 width=4)
	  Index Cond: ((k >= 7724117) AND (k <= 7724217))

for range-covered
table 1 : explain SELECT k FROM sbtest1 WHERE k BETWEEN 5523466 AND 5523566
	Index Only Scan using k_1 on sbtest1  (cost=0.43..6.50 rows=103 width=4)
	  Index Cond: ((k >= 5523466) AND (k <= 5523566))

table 2 : explain SELECT k FROM sbtest2 WHERE k BETWEEN 5523466 AND 5523566
	Index Only Scan using k_2 on sbtest2  (cost=0.43..6.63 rows=110 width=4)
	  Index Cond: ((k >= 5523466) AND (k <= 5523566))

table 3 : explain SELECT k FROM sbtest3 WHERE k BETWEEN 5523466 AND 5523566
	Index Only Scan using k_3 on sbtest3  (cost=0.43..6.33 rows=95 width=4)
	  Index Cond: ((k >= 5523466) AND (k <= 5523566))

table 4 : explain SELECT k FROM sbtest4 WHERE k BETWEEN 5523466 AND 5523566
	Index Only Scan using k_4 on sbtest4  (cost=0.43..6.33 rows=95 width=4)
	  Index Cond: ((k >= 5523466) AND (k <= 5523566))

table 5 : explain SELECT k FROM sbtest5 WHERE k BETWEEN 5523466 AND 5523566
	Index Only Scan using k_5 on sbtest5  (cost=0.43..6.56 rows=106 width=4)
	  Index Cond: ((k >= 5523466) AND (k <= 5523566))

table 6 : explain SELECT k FROM sbtest6 WHERE k BETWEEN 5523466 AND 5523566
	Index Only Scan using k_6 on sbtest6  (cost=0.43..6.77 rows=117 width=4)
	  Index Cond: ((k >= 5523466) AND (k <= 5523566))

table 7 : explain SELECT k FROM sbtest7 WHERE k BETWEEN 5523466 AND 5523566
	Index Only Scan using k_7 on sbtest7  (cost=0.43..6.37 rows=97 width=4)
	  Index Cond: ((k >= 5523466) AND (k <= 5523566))

table 8 : explain SELECT k FROM sbtest8 WHERE k BETWEEN 5523466 AND 5523566
	Index Only Scan using k_8 on sbtest8  (cost=0.43..10.42 rows=99 width=4)
	  Index Cond: ((k >= 5523466) AND (k <= 5523566))

for range-covered
table 1 : explain SELECT k FROM sbtest1 WHERE k BETWEEN 5867120 AND 5867220
	Index Only Scan using k_1 on sbtest1  (cost=0.43..6.63 rows=110 width=4)
	  Index Cond: ((k >= 5867120) AND (k <= 5867220))

table 2 : explain SELECT k FROM sbtest2 WHERE k BETWEEN 5867120 AND 5867220
	Index Only Scan using k_2 on sbtest2  (cost=0.43..6.29 rows=93 width=4)
	  Index Cond: ((k >= 5867120) AND (k <= 5867220))

table 3 : explain SELECT k FROM sbtest3 WHERE k BETWEEN 5867120 AND 5867220
	Index Only Scan using k_3 on sbtest3  (cost=0.43..6.29 rows=93 width=4)
	  Index Cond: ((k >= 5867120) AND (k <= 5867220))

table 4 : explain SELECT k FROM sbtest4 WHERE k BETWEEN 5867120 AND 5867220
	Index Only Scan using k_4 on sbtest4  (cost=0.43..6.40 rows=98 width=4)
	  Index Cond: ((k >= 5867120) AND (k <= 5867220))

table 5 : explain SELECT k FROM sbtest5 WHERE k BETWEEN 5867120 AND 5867220
	Index Only Scan using k_5 on sbtest5  (cost=0.43..6.32 rows=94 width=4)
	  Index Cond: ((k >= 5867120) AND (k <= 5867220))

table 6 : explain SELECT k FROM sbtest6 WHERE k BETWEEN 5867120 AND 5867220
	Index Only Scan using k_6 on sbtest6  (cost=0.43..6.45 rows=101 width=4)
	  Index Cond: ((k >= 5867120) AND (k <= 5867220))

table 7 : explain SELECT k FROM sbtest7 WHERE k BETWEEN 5867120 AND 5867220
	Index Only Scan using k_7 on sbtest7  (cost=0.43..6.51 rows=104 width=4)
	  Index Cond: ((k >= 5867120) AND (k <= 5867220))

table 8 : explain SELECT k FROM sbtest8 WHERE k BETWEEN 5867120 AND 5867220
	Index Only Scan using k_8 on sbtest8  (cost=0.43..10.74 rows=115 width=4)
	  Index Cond: ((k >= 5867120) AND (k <= 5867220))

explain: for range-covered :: explain SELECT k FROM sbtest%d WHERE k BETWEEN 7724117 AND 7724217
explain: for range-covered :: explain SELECT k FROM sbtest%d WHERE k BETWEEN 5523466 AND 5523566
explain: for range-covered :: explain SELECT k FROM sbtest%d WHERE k BETWEEN 5867120 AND 5867220
for range-covered
table 1 : explain SELECT k FROM sbtest1 WHERE k BETWEEN 4924025 AND 4924125
	Index Only Scan using k_1 on sbtest1  (cost=0.43..6.37 rows=97 width=4)
	  Index Cond: ((k >= 4924025) AND (k <= 4924125))

table 2 : explain SELECT k FROM sbtest2 WHERE k BETWEEN 4924025 AND 4924125
	Index Only Scan using k_2 on sbtest2  (cost=0.43..6.47 rows=102 width=4)
	  Index Cond: ((k >= 4924025) AND (k <= 4924125))

table 3 : explain SELECT k FROM sbtest3 WHERE k BETWEEN 4924025 AND 4924125
	Index Only Scan using k_3 on sbtest3  (cost=0.43..6.43 rows=100 width=4)
	  Index Cond: ((k >= 4924025) AND (k <= 4924125))

table 4 : explain SELECT k FROM sbtest4 WHERE k BETWEEN 4924025 AND 4924125
	Index Only Scan using k_4 on sbtest4  (cost=0.43..6.47 rows=102 width=4)
	  Index Cond: ((k >= 4924025) AND (k <= 4924125))

table 5 : explain SELECT k FROM sbtest5 WHERE k BETWEEN 4924025 AND 4924125
	Index Only Scan using k_5 on sbtest5  (cost=0.43..6.43 rows=100 width=4)
	  Index Cond: ((k >= 4924025) AND (k <= 4924125))

table 6 : explain SELECT k FROM sbtest6 WHERE k BETWEEN 4924025 AND 4924125
	Index Only Scan using k_6 on sbtest6  (cost=0.43..6.50 rows=103 width=4)
	  Index Cond: ((k >= 4924025) AND (k <= 4924125))

table 7 : explain SELECT k FROM sbtest7 WHERE k BETWEEN 4924025 AND 4924125
	Index Only Scan using k_7 on sbtest7  (cost=0.43..6.58 rows=107 width=4)
	  Index Cond: ((k >= 4924025) AND (k <= 4924125))

table 8 : explain SELECT k FROM sbtest8 WHERE k BETWEEN 4924025 AND 4924125
	Index Only Scan using k_8 on sbtest8  (cost=0.43..10.29 rows=93 width=4)
	  Index Cond: ((k >= 4924025) AND (k <= 4924125))

explain: for range-covered :: explain SELECT k FROM sbtest%d WHERE k BETWEEN 4924025 AND 4924125
for range-covered
table 1 : explain SELECT k FROM sbtest1 WHERE k BETWEEN 5169017 AND 5169117
	Index Only Scan using k_1 on sbtest1  (cost=0.43..6.47 rows=102 width=4)
	  Index Cond: ((k >= 5169017) AND (k <= 5169117))

table 2 : explain SELECT k FROM sbtest2 WHERE k BETWEEN 5169017 AND 5169117
	Index Only Scan using k_2 on sbtest2  (cost=0.43..6.53 rows=105 width=4)
	  Index Cond: ((k >= 5169017) AND (k <= 5169117))

table 3 : explain SELECT k FROM sbtest3 WHERE k BETWEEN 5169017 AND 5169117
	Index Only Scan using k_3 on sbtest3  (cost=0.43..6.24 rows=90 width=4)
	  Index Cond: ((k >= 5169017) AND (k <= 5169117))

table 4 : explain SELECT k FROM sbtest4 WHERE k BETWEEN 5169017 AND 5169117
	Index Only Scan using k_4 on sbtest4  (cost=0.43..6.37 rows=97 width=4)
	  Index Cond: ((k >= 5169017) AND (k <= 5169117))

table 5 : explain SELECT k FROM sbtest5 WHERE k BETWEEN 5169017 AND 5169117
	Index Only Scan using k_5 on sbtest5  (cost=0.43..6.59 rows=108 width=4)
	  Index Cond: ((k >= 5169017) AND (k <= 5169117))

table 6 : explain SELECT k FROM sbtest6 WHERE k BETWEEN 5169017 AND 5169117
	Index Only Scan using k_6 on sbtest6  (cost=0.43..6.32 rows=94 width=4)
	  Index Cond: ((k >= 5169017) AND (k <= 5169117))

table 7 : explain SELECT k FROM sbtest7 WHERE k BETWEEN 5169017 AND 5169117
	Index Only Scan using k_7 on sbtest7  (cost=0.43..6.40 rows=98 width=4)
	  Index Cond: ((k >= 5169017) AND (k <= 5169117))

table 8 : explain SELECT k FROM sbtest8 WHERE k BETWEEN 5169017 AND 5169117
	Index Only Scan using k_8 on sbtest8  (cost=0.43..10.54 rows=105 width=4)
	  Index Cond: ((k >= 5169017) AND (k <= 5169117))

for range-covered
table 1 : explain SELECT k FROM sbtest1 WHERE k BETWEEN 4924025 AND 4924125
	Index Only Scan using k_1 on sbtest1  (cost=0.43..6.37 rows=97 width=4)
	  Index Cond: ((k >= 4924025) AND (k <= 4924125))

table 2 : explain SELECT k FROM sbtest2 WHERE k BETWEEN 4924025 AND 4924125
	Index Only Scan using k_2 on sbtest2  (cost=0.43..6.47 rows=102 width=4)
	  Index Cond: ((k >= 4924025) AND (k <= 4924125))

table 3 : explain SELECT k FROM sbtest3 WHERE k BETWEEN 4924025 AND 4924125
	Index Only Scan using k_3 on sbtest3  (cost=0.43..6.43 rows=100 width=4)
	  Index Cond: ((k >= 4924025) AND (k <= 4924125))

table 4 : explain SELECT k FROM sbtest4 WHERE k BETWEEN 4924025 AND 4924125
	Index Only Scan using k_4 on sbtest4  (cost=0.43..6.47 rows=102 width=4)
	  Index Cond: ((k >= 4924025) AND (k <= 4924125))

table 5 : explain SELECT k FROM sbtest5 WHERE k BETWEEN 4924025 AND 4924125
	Index Only Scan using k_5 on sbtest5  (cost=0.43..6.43 rows=100 width=4)
	  Index Cond: ((k >= 4924025) AND (k <= 4924125))

table 6 : explain SELECT k FROM sbtest6 WHERE k BETWEEN 4924025 AND 4924125
	Index Only Scan using k_6 on sbtest6  (cost=0.43..6.50 rows=103 width=4)
	  Index Cond: ((k >= 4924025) AND (k <= 4924125))

table 7 : explain SELECT k FROM sbtest7 WHERE k BETWEEN 4924025 AND 4924125
	Index Only Scan using k_7 on sbtest7  (cost=0.43..6.58 rows=107 width=4)
	  Index Cond: ((k >= 4924025) AND (k <= 4924125))

table 8 : explain SELECT k FROM sbtest8 WHERE k BETWEEN 4924025 AND 4924125
	Index Only Scan using k_8 on sbtest8  (cost=0.43..10.29 rows=93 width=4)
	  Index Cond: ((k >= 4924025) AND (k <= 4924125))

explain: for range-covered :: explain SELECT k FROM sbtest%d WHERE k BETWEEN 4924025 AND 4924125
for range-covered
table 1 : explain SELECT k FROM sbtest1 WHERE k BETWEEN 7724117 AND 7724217
	Index Only Scan using k_1 on sbtest1  (cost=0.43..6.32 rows=94 width=4)
	  Index Cond: ((k >= 7724117) AND (k <= 7724217))

table 2 : explain SELECT k FROM sbtest2 WHERE k BETWEEN 7724117 AND 7724217
	Index Only Scan using k_2 on sbtest2  (cost=0.43..6.43 rows=100 width=4)
	  Index Cond: ((k >= 7724117) AND (k <= 7724217))

table 3 : explain SELECT k FROM sbtest3 WHERE k BETWEEN 7724117 AND 7724217
	Index Only Scan using k_3 on sbtest3  (cost=0.43..6.33 rows=95 width=4)
	  Index Cond: ((k >= 7724117) AND (k <= 7724217))

table 4 : explain SELECT k FROM sbtest4 WHERE k BETWEEN 7724117 AND 7724217
	Index Only Scan using k_4 on sbtest4  (cost=0.43..6.43 rows=100 width=4)
	  Index Cond: ((k >= 7724117) AND (k <= 7724217))

table 5 : explain SELECT k FROM sbtest5 WHERE k BETWEEN 7724117 AND 7724217
	Index Only Scan using k_5 on sbtest5  (cost=0.43..6.45 rows=101 width=4)
	  Index Cond: ((k >= 7724117) AND (k <= 7724217))

table 6 : explain SELECT k FROM sbtest6 WHERE k BETWEEN 7724117 AND 7724217
	Index Only Scan using k_6 on sbtest6  (cost=0.43..6.51 rows=104 width=4)
	  Index Cond: ((k >= 7724117) AND (k <= 7724217))

table 7 : explain SELECT k FROM sbtest7 WHERE k BETWEEN 7724117 AND 7724217
	Index Only Scan using k_7 on sbtest7  (cost=0.43..6.51 rows=104 width=4)
	  Index Cond: ((k >= 7724117) AND (k <= 7724217))

table 8 : explain SELECT k FROM sbtest8 WHERE k BETWEEN 7724117 AND 7724217
	Index Only Scan using k_8 on sbtest8  (cost=0.43..10.47 rows=102 width=4)
	  Index Cond: ((k >= 7724117) AND (k <= 7724217))
for range-covered
table 1 : explain SELECT k FROM sbtest1 WHERE k BETWEEN 5867120 AND 5867220
	Index Only Scan using k_1 on sbtest1  (cost=0.43..6.63 rows=110 width=4)
	  Index Cond: ((k >= 5867120) AND (k <= 5867220))

table 2 : explain SELECT k FROM sbtest2 WHERE k BETWEEN 5867120 AND 5867220
	Index Only Scan using k_2 on sbtest2  (cost=0.43..6.29 rows=93 width=4)
	  Index Cond: ((k >= 5867120) AND (k <= 5867220))

table 3 : explain SELECT k FROM sbtest3 WHERE k BETWEEN 5867120 AND 5867220
	Index Only Scan using k_3 on sbtest3  (cost=0.43..6.29 rows=93 width=4)
	  Index Cond: ((k >= 5867120) AND (k <= 5867220))

table 4 : explain SELECT k FROM sbtest4 WHERE k BETWEEN 5867120 AND 5867220
	Index Only Scan using k_4 on sbtest4  (cost=0.43..6.40 rows=98 width=4)
	  Index Cond: ((k >= 5867120) AND (k <= 5867220))

table 5 : explain SELECT k FROM sbtest5 WHERE k BETWEEN 5867120 AND 5867220
	Index Only Scan using k_5 on sbtest5  (cost=0.43..6.32 rows=94 width=4)
	  Index Cond: ((k >= 5867120) AND (k <= 5867220))

table 6 : explain SELECT k FROM sbtest6 WHERE k BETWEEN 5867120 AND 5867220
	Index Only Scan using k_6 on sbtest6  (cost=0.43..6.45 rows=101 width=4)
	  Index Cond: ((k >= 5867120) AND (k <= 5867220))

table 7 : explain SELECT k FROM sbtest7 WHERE k BETWEEN 5867120 AND 5867220
	Index Only Scan using k_7 on sbtest7  (cost=0.43..6.51 rows=104 width=4)
	  Index Cond: ((k >= 5867120) AND (k <= 5867220))

table 8 : explain SELECT k FROM sbtest8 WHERE k BETWEEN 5867120 AND 5867220
	Index Only Scan using k_8 on sbtest8  (cost=0.43..10.74 rows=115 width=4)
	  Index Cond: ((k >= 5867120) AND (k <= 5867220))


explain: for range-covered :: explain SELECT k FROM sbtest%d WHERE k BETWEEN 5867120 AND 5867220
explain: for range-covered :: explain SELECT k FROM sbtest%d WHERE k BETWEEN 7724117 AND 7724217
for range-covered
table 1 : explain SELECT k FROM sbtest1 WHERE k BETWEEN 5194524 AND 5194624
	Index Only Scan using k_1 on sbtest1  (cost=0.43..6.47 rows=102 width=4)
	  Index Cond: ((k >= 5194524) AND (k <= 5194624))

table 2 : explain SELECT k FROM sbtest2 WHERE k BETWEEN 5194524 AND 5194624
	Index Only Scan using k_2 on sbtest2  (cost=0.43..6.53 rows=105 width=4)
	  Index Cond: ((k >= 5194524) AND (k <= 5194624))

table 3 : explain SELECT k FROM sbtest3 WHERE k BETWEEN 5194524 AND 5194624
	Index Only Scan using k_3 on sbtest3  (cost=0.43..6.24 rows=90 width=4)
	  Index Cond: ((k >= 5194524) AND (k <= 5194624))

table 4 : explain SELECT k FROM sbtest4 WHERE k BETWEEN 5194524 AND 5194624
	Index Only Scan using k_4 on sbtest4  (cost=0.43..6.37 rows=97 width=4)
	  Index Cond: ((k >= 5194524) AND (k <= 5194624))

table 5 : explain SELECT k FROM sbtest5 WHERE k BETWEEN 5194524 AND 5194624
	Index Only Scan using k_5 on sbtest5  (cost=0.43..6.59 rows=108 width=4)
	  Index Cond: ((k >= 5194524) AND (k <= 5194624))

table 6 : explain SELECT k FROM sbtest6 WHERE k BETWEEN 5194524 AND 5194624
	Index Only Scan using k_6 on sbtest6  (cost=0.43..6.32 rows=94 width=4)
	  Index Cond: ((k >= 5194524) AND (k <= 5194624))

table 7 : explain SELECT k FROM sbtest7 WHERE k BETWEEN 5194524 AND 5194624
	Index Only Scan using k_7 on sbtest7  (cost=0.43..6.40 rows=98 width=4)
	  Index Cond: ((k >= 5194524) AND (k <= 5194624))

table 8 : explain SELECT k FROM sbtest8 WHERE k BETWEEN 5194524 AND 5194624
	Index Only Scan using k_8 on sbtest8  (cost=0.43..10.54 rows=105 width=4)
	  Index Cond: ((k >= 5194524) AND (k <= 5194624))

for range-covered
table 1 : explain SELECT k FROM sbtest1 WHERE k BETWEEN 1943248 AND 1943348
	Index Only Scan using k_1 on sbtest1  (cost=0.43..6.29 rows=93 width=4)
	  Index Cond: ((k >= 1943248) AND (k <= 1943348))

table 2 : explain SELECT k FROM sbtest2 WHERE k BETWEEN 1943248 AND 1943348
	Index Only Scan using k_2 on sbtest2  (cost=0.43..6.61 rows=109 width=4)
	  Index Cond: ((k >= 1943248) AND (k <= 1943348))

table 3 : explain SELECT k FROM sbtest3 WHERE k BETWEEN 1943248 AND 1943348
	Index Only Scan using k_3 on sbtest3  (cost=0.43..6.51 rows=104 width=4)
	  Index Cond: ((k >= 1943248) AND (k <= 1943348))

table 4 : explain SELECT k FROM sbtest4 WHERE k BETWEEN 1943248 AND 1943348
	Index Only Scan using k_4 on sbtest4  (cost=0.43..6.27 rows=92 width=4)
	  Index Cond: ((k >= 1943248) AND (k <= 1943348))

table 5 : explain SELECT k FROM sbtest5 WHERE k BETWEEN 1943248 AND 1943348
	Index Only Scan using k_5 on sbtest5  (cost=0.43..6.56 rows=106 width=4)
	  Index Cond: ((k >= 1943248) AND (k <= 1943348))

table 6 : explain SELECT k FROM sbtest6 WHERE k BETWEEN 1943248 AND 1943348
	Index Only Scan using k_6 on sbtest6  (cost=0.43..6.50 rows=103 width=4)
	  Index Cond: ((k >= 1943248) AND (k <= 1943348))

table 7 : explain SELECT k FROM sbtest7 WHERE k BETWEEN 1943248 AND 1943348
	Index Only Scan using k_7 on sbtest7  (cost=0.43..6.61 rows=109 width=4)
	  Index Cond: ((k >= 1943248) AND (k <= 1943348))

table 8 : explain SELECT k FROM sbtest8 WHERE k BETWEEN 1943248 AND 1943348
	Index Only Scan using k_8 on sbtest8  (cost=0.43..10.54 rows=105 width=4)
	  Index Cond: ((k >= 1943248) AND (k <= 1943348))

explain: for range-covered :: explain SELECT k FROM sbtest%d WHERE k BETWEEN 1943248 AND 1943348
for range-covered
table 1 : explain SELECT k FROM sbtest1 WHERE k BETWEEN 5523466 AND 5523566
	Index Only Scan using k_1 on sbtest1  (cost=0.43..6.50 rows=103 width=4)
	  Index Cond: ((k >= 5523466) AND (k <= 5523566))

table 2 : explain SELECT k FROM sbtest2 WHERE k BETWEEN 5523466 AND 5523566
	Index Only Scan using k_2 on sbtest2  (cost=0.43..6.63 rows=110 width=4)
	  Index Cond: ((k >= 5523466) AND (k <= 5523566))

table 3 : explain SELECT k FROM sbtest3 WHERE k BETWEEN 5523466 AND 5523566
	Index Only Scan using k_3 on sbtest3  (cost=0.43..6.33 rows=95 width=4)
	  Index Cond: ((k >= 5523466) AND (k <= 5523566))

table 4 : explain SELECT k FROM sbtest4 WHERE k BETWEEN 5523466 AND 5523566
	Index Only Scan using k_4 on sbtest4  (cost=0.43..6.33 rows=95 width=4)
	  Index Cond: ((k >= 5523466) AND (k <= 5523566))

table 5 : explain SELECT k FROM sbtest5 WHERE k BETWEEN 5523466 AND 5523566
	Index Only Scan using k_5 on sbtest5  (cost=0.43..6.56 rows=106 width=4)
	  Index Cond: ((k >= 5523466) AND (k <= 5523566))

table 6 : explain SELECT k FROM sbtest6 WHERE k BETWEEN 5523466 AND 5523566
	Index Only Scan using k_6 on sbtest6  (cost=0.43..6.77 rows=117 width=4)
	  Index Cond: ((k >= 5523466) AND (k <= 5523566))

table 7 : explain SELECT k FROM sbtest7 WHERE k BETWEEN 5523466 AND 5523566
	Index Only Scan using k_7 on sbtest7  (cost=0.43..6.37 rows=97 width=4)
	  Index Cond: ((k >= 5523466) AND (k <= 5523566))

table 8 : explain SELECT k FROM sbtest8 WHERE k BETWEEN 5523466 AND 5523566
	Index Only Scan using k_8 on sbtest8  (cost=0.43..10.42 rows=99 width=4)
	  Index Cond: ((k >= 5523466) AND (k <= 5523566))

for range-covered
table 1 : explain SELECT k FROM sbtest1 WHERE k BETWEEN 6162767 AND 6162867
	Index Only Scan using k_1 on sbtest1  (cost=0.43..6.43 rows=100 width=4)
	  Index Cond: ((k >= 6162767) AND (k <= 6162867))

table 2 : explain SELECT k FROM sbtest2 WHERE k BETWEEN 6162767 AND 6162867
	Index Only Scan using k_2 on sbtest2  (cost=0.43..6.33 rows=95 width=4)
	  Index Cond: ((k >= 6162767) AND (k <= 6162867))

table 3 : explain SELECT k FROM sbtest3 WHERE k BETWEEN 6162767 AND 6162867
	Index Only Scan using k_3 on sbtest3  (cost=0.43..6.51 rows=104 width=4)
	  Index Cond: ((k >= 6162767) AND (k <= 6162867))

table 4 : explain SELECT k FROM sbtest4 WHERE k BETWEEN 6162767 AND 6162867
	Index Only Scan using k_4 on sbtest4  (cost=0.43..6.24 rows=90 width=4)
	  Index Cond: ((k >= 6162767) AND (k <= 6162867))

table 5 : explain SELECT k FROM sbtest5 WHERE k BETWEEN 6162767 AND 6162867
	Index Only Scan using k_5 on sbtest5  (cost=0.43..6.61 rows=109 width=4)
	  Index Cond: ((k >= 6162767) AND (k <= 6162867))

table 6 : explain SELECT k FROM sbtest6 WHERE k BETWEEN 6162767 AND 6162867
	Index Only Scan using k_6 on sbtest6  (cost=0.43..6.37 rows=97 width=4)
	  Index Cond: ((k >= 6162767) AND (k <= 6162867))

table 7 : explain SELECT k FROM sbtest7 WHERE k BETWEEN 6162767 AND 6162867
	Index Only Scan using k_7 on sbtest7  (cost=0.43..6.53 rows=105 width=4)
	  Index Cond: ((k >= 6162767) AND (k <= 6162867))

table 8 : explain SELECT k FROM sbtest8 WHERE k BETWEEN 6162767 AND 6162867
	Index Only Scan using k_8 on sbtest8  (cost=0.43..10.38 rows=97 width=4)
	  Index Cond: ((k >= 6162767) AND (k <= 6162867))

explain: for range-covered :: explain SELECT k FROM sbtest%d WHERE k BETWEEN 6162767 AND 6162867
for range-covered
table 1 : explain SELECT k FROM sbtest1 WHERE k BETWEEN 6046108 AND 6046208
	Index Only Scan using k_1 on sbtest1  (cost=0.43..6.27 rows=92 width=4)
	  Index Cond: ((k >= 6046108) AND (k <= 6046208))

table 2 : explain SELECT k FROM sbtest2 WHERE k BETWEEN 6046108 AND 6046208
	Index Only Scan using k_2 on sbtest2  (cost=0.43..6.32 rows=94 width=4)
	  Index Cond: ((k >= 6046108) AND (k <= 6046208))

table 3 : explain SELECT k FROM sbtest3 WHERE k BETWEEN 6046108 AND 6046208
	Index Only Scan using k_3 on sbtest3  (cost=0.43..6.56 rows=106 width=4)
	  Index Cond: ((k >= 6046108) AND (k <= 6046208))

table 4 : explain SELECT k FROM sbtest4 WHERE k BETWEEN 6046108 AND 6046208
	Index Only Scan using k_4 on sbtest4  (cost=0.43..6.45 rows=101 width=4)
	  Index Cond: ((k >= 6046108) AND (k <= 6046208))

table 5 : explain SELECT k FROM sbtest5 WHERE k BETWEEN 6046108 AND 6046208
	Index Only Scan using k_5 on sbtest5  (cost=0.43..6.50 rows=103 width=4)
	  Index Cond: ((k >= 6046108) AND (k <= 6046208))

table 6 : explain SELECT k FROM sbtest6 WHERE k BETWEEN 6046108 AND 6046208
	Index Only Scan using k_6 on sbtest6  (cost=0.43..6.35 rows=96 width=4)
	  Index Cond: ((k >= 6046108) AND (k <= 6046208))

table 7 : explain SELECT k FROM sbtest7 WHERE k BETWEEN 6046108 AND 6046208
	Index Only Scan using k_7 on sbtest7  (cost=0.43..6.58 rows=107 width=4)
	  Index Cond: ((k >= 6046108) AND (k <= 6046208))

table 8 : explain SELECT k FROM sbtest8 WHERE k BETWEEN 6046108 AND 6046208
	Index Only Scan using k_8 on sbtest8  (cost=0.43..10.70 rows=113 width=4)
	  Index Cond: ((k >= 6046108) AND (k <= 6046208))

for range-covered
table 1 : explain SELECT k FROM sbtest1 WHERE k BETWEEN 4924025 AND 4924125
	Index Only Scan using k_1 on sbtest1  (cost=0.43..6.37 rows=97 width=4)
	  Index Cond: ((k >= 4924025) AND (k <= 4924125))

table 2 : explain SELECT k FROM sbtest2 WHERE k BETWEEN 4924025 AND 4924125
	Index Only Scan using k_2 on sbtest2  (cost=0.43..6.47 rows=102 width=4)
	  Index Cond: ((k >= 4924025) AND (k <= 4924125))

table 3 : explain SELECT k FROM sbtest3 WHERE k BETWEEN 4924025 AND 4924125
	Index Only Scan using k_3 on sbtest3  (cost=0.43..6.43 rows=100 width=4)
	  Index Cond: ((k >= 4924025) AND (k <= 4924125))

table 4 : explain SELECT k FROM sbtest4 WHERE k BETWEEN 4924025 AND 4924125
	Index Only Scan using k_4 on sbtest4  (cost=0.43..6.47 rows=102 width=4)
	  Index Cond: ((k >= 4924025) AND (k <= 4924125))

table 5 : explain SELECT k FROM sbtest5 WHERE k BETWEEN 4924025 AND 4924125
	Index Only Scan using k_5 on sbtest5  (cost=0.43..6.43 rows=100 width=4)
	  Index Cond: ((k >= 4924025) AND (k <= 4924125))

table 6 : explain SELECT k FROM sbtest6 WHERE k BETWEEN 4924025 AND 4924125
	Index Only Scan using k_6 on sbtest6  (cost=0.43..6.50 rows=103 width=4)
	  Index Cond: ((k >= 4924025) AND (k <= 4924125))

table 7 : explain SELECT k FROM sbtest7 WHERE k BETWEEN 4924025 AND 4924125
	Index Only Scan using k_7 on sbtest7  (cost=0.43..6.58 rows=107 width=4)
	  Index Cond: ((k >= 4924025) AND (k <= 4924125))

table 8 : explain SELECT k FROM sbtest8 WHERE k BETWEEN 4924025 AND 4924125
	Index Only Scan using k_8 on sbtest8  (cost=0.43..10.29 rows=93 width=4)
	  Index Cond: ((k >= 4924025) AND (k <= 4924125))

explain: for range-covered :: explain SELECT k FROM sbtest%d WHERE k BETWEEN 4924025 AND 4924125
explain: for range-covered :: explain SELECT k FROM sbtest%d WHERE k BETWEEN 6046108 AND 6046208
explain: for range-covered :: explain SELECT k FROM sbtest%d WHERE k BETWEEN 5523466 AND 5523566
for range-covered
table 1 : explain SELECT k FROM sbtest1 WHERE k BETWEEN 7724117 AND 7724217
	Index Only Scan using k_1 on sbtest1  (cost=0.43..6.32 rows=94 width=4)
	  Index Cond: ((k >= 7724117) AND (k <= 7724217))

table 2 : explain SELECT k FROM sbtest2 WHERE k BETWEEN 7724117 AND 7724217
	Index Only Scan using k_2 on sbtest2  (cost=0.43..6.43 rows=100 width=4)
	  Index Cond: ((k >= 7724117) AND (k <= 7724217))

table 3 : explain SELECT k FROM sbtest3 WHERE k BETWEEN 7724117 AND 7724217
	Index Only Scan using k_3 on sbtest3  (cost=0.43..6.33 rows=95 width=4)
	  Index Cond: ((k >= 7724117) AND (k <= 7724217))

table 4 : explain SELECT k FROM sbtest4 WHERE k BETWEEN 7724117 AND 7724217
	Index Only Scan using k_4 on sbtest4  (cost=0.43..6.43 rows=100 width=4)
	  Index Cond: ((k >= 7724117) AND (k <= 7724217))

table 5 : explain SELECT k FROM sbtest5 WHERE k BETWEEN 7724117 AND 7724217
	Index Only Scan using k_5 on sbtest5  (cost=0.43..6.45 rows=101 width=4)
	  Index Cond: ((k >= 7724117) AND (k <= 7724217))

table 6 : explain SELECT k FROM sbtest6 WHERE k BETWEEN 7724117 AND 7724217
	Index Only Scan using k_6 on sbtest6  (cost=0.43..6.51 rows=104 width=4)
	  Index Cond: ((k >= 7724117) AND (k <= 7724217))

table 7 : explain SELECT k FROM sbtest7 WHERE k BETWEEN 7724117 AND 7724217
	Index Only Scan using k_7 on sbtest7  (cost=0.43..6.51 rows=104 width=4)
	  Index Cond: ((k >= 7724117) AND (k <= 7724217))

table 8 : explain SELECT k FROM sbtest8 WHERE k BETWEEN 7724117 AND 7724217
	Index Only Scan using k_8 on sbtest8  (cost=0.43..10.47 rows=102 width=4)
	  Index Cond: ((k >= 7724117) AND (k <= 7724217))

explain: for range-covered :: explain SELECT k FROM sbtest%d WHERE k BETWEEN 7724117 AND 7724217
for range-covered
table 1 : explain SELECT k FROM sbtest1 WHERE k BETWEEN 5867120 AND 5867220
	Index Only Scan using k_1 on sbtest1  (cost=0.43..6.63 rows=110 width=4)
	  Index Cond: ((k >= 5867120) AND (k <= 5867220))

table 2 : explain SELECT k FROM sbtest2 WHERE k BETWEEN 5867120 AND 5867220
	Index Only Scan using k_2 on sbtest2  (cost=0.43..6.29 rows=93 width=4)
	  Index Cond: ((k >= 5867120) AND (k <= 5867220))

table 3 : explain SELECT k FROM sbtest3 WHERE k BETWEEN 5867120 AND 5867220
	Index Only Scan using k_3 on sbtest3  (cost=0.43..6.29 rows=93 width=4)
	  Index Cond: ((k >= 5867120) AND (k <= 5867220))

table 4 : explain SELECT k FROM sbtest4 WHERE k BETWEEN 5867120 AND 5867220
	Index Only Scan using k_4 on sbtest4  (cost=0.43..6.40 rows=98 width=4)
	  Index Cond: ((k >= 5867120) AND (k <= 5867220))

table 5 : explain SELECT k FROM sbtest5 WHERE k BETWEEN 5867120 AND 5867220
	Index Only Scan using k_5 on sbtest5  (cost=0.43..6.32 rows=94 width=4)
	  Index Cond: ((k >= 5867120) AND (k <= 5867220))

table 6 : explain SELECT k FROM sbtest6 WHERE k BETWEEN 5867120 AND 5867220
	Index Only Scan using k_6 on sbtest6  (cost=0.43..6.45 rows=101 width=4)
	  Index Cond: ((k >= 5867120) AND (k <= 5867220))

table 7 : explain SELECT k FROM sbtest7 WHERE k BETWEEN 5867120 AND 5867220
	Index Only Scan using k_7 on sbtest7  (cost=0.43..6.51 rows=104 width=4)
	  Index Cond: ((k >= 5867120) AND (k <= 5867220))

table 8 : explain SELECT k FROM sbtest8 WHERE k BETWEEN 5867120 AND 5867220
	Index Only Scan using k_8 on sbtest8  (cost=0.43..10.74 rows=115 width=4)
	  Index Cond: ((k >= 5867120) AND (k <= 5867220))

explain: for range-covered :: explain SELECT k FROM sbtest%d WHERE k BETWEEN 5867120 AND 5867220
for range-covered
table 1 : explain SELECT k FROM sbtest1 WHERE k BETWEEN 1943248 AND 1943348
	Index Only Scan using k_1 on sbtest1  (cost=0.43..6.29 rows=93 width=4)
	  Index Cond: ((k >= 1943248) AND (k <= 1943348))

table 2 : explain SELECT k FROM sbtest2 WHERE k BETWEEN 1943248 AND 1943348
	Index Only Scan using k_2 on sbtest2  (cost=0.43..6.61 rows=109 width=4)
	  Index Cond: ((k >= 1943248) AND (k <= 1943348))

table 3 : explain SELECT k FROM sbtest3 WHERE k BETWEEN 1943248 AND 1943348
	Index Only Scan using k_3 on sbtest3  (cost=0.43..6.51 rows=104 width=4)
	  Index Cond: ((k >= 1943248) AND (k <= 1943348))

table 4 : explain SELECT k FROM sbtest4 WHERE k BETWEEN 1943248 AND 1943348
	Index Only Scan using k_4 on sbtest4  (cost=0.43..6.27 rows=92 width=4)
	  Index Cond: ((k >= 1943248) AND (k <= 1943348))

table 5 : explain SELECT k FROM sbtest5 WHERE k BETWEEN 1943248 AND 1943348
	Index Only Scan using k_5 on sbtest5  (cost=0.43..6.56 rows=106 width=4)
	  Index Cond: ((k >= 1943248) AND (k <= 1943348))

table 6 : explain SELECT k FROM sbtest6 WHERE k BETWEEN 1943248 AND 1943348
	Index Only Scan using k_6 on sbtest6  (cost=0.43..6.50 rows=103 width=4)
	  Index Cond: ((k >= 1943248) AND (k <= 1943348))

table 7 : explain SELECT k FROM sbtest7 WHERE k BETWEEN 1943248 AND 1943348
	Index Only Scan using k_7 on sbtest7  (cost=0.43..6.61 rows=109 width=4)
	  Index Cond: ((k >= 1943248) AND (k <= 1943348))

table 8 : explain SELECT k FROM sbtest8 WHERE k BETWEEN 1943248 AND 1943348
	Index Only Scan using k_8 on sbtest8  (cost=0.43..10.54 rows=105 width=4)
	  Index Cond: ((k >= 1943248) AND (k <= 1943348))

explain: for range-covered :: explain SELECT k FROM sbtest%d WHERE k BETWEEN 1943248 AND 1943348
for range-covered
table 1 : explain SELECT k FROM sbtest1 WHERE k BETWEEN 4924025 AND 4924125
	Index Only Scan using k_1 on sbtest1  (cost=0.43..6.37 rows=97 width=4)
	  Index Cond: ((k >= 4924025) AND (k <= 4924125))

table 2 : explain SELECT k FROM sbtest2 WHERE k BETWEEN 4924025 AND 4924125
	Index Only Scan using k_2 on sbtest2  (cost=0.43..6.47 rows=102 width=4)
	  Index Cond: ((k >= 4924025) AND (k <= 4924125))

table 3 : explain SELECT k FROM sbtest3 WHERE k BETWEEN 4924025 AND 4924125
	Index Only Scan using k_3 on sbtest3  (cost=0.43..6.43 rows=100 width=4)
	  Index Cond: ((k >= 4924025) AND (k <= 4924125))

table 4 : explain SELECT k FROM sbtest4 WHERE k BETWEEN 4924025 AND 4924125
	Index Only Scan using k_4 on sbtest4  (cost=0.43..6.47 rows=102 width=4)
	  Index Cond: ((k >= 4924025) AND (k <= 4924125))

table 5 : explain SELECT k FROM sbtest5 WHERE k BETWEEN 4924025 AND 4924125
	Index Only Scan using k_5 on sbtest5  (cost=0.43..6.43 rows=100 width=4)
	  Index Cond: ((k >= 4924025) AND (k <= 4924125))

table 6 : explain SELECT k FROM sbtest6 WHERE k BETWEEN 4924025 AND 4924125
	Index Only Scan using k_6 on sbtest6  (cost=0.43..6.50 rows=103 width=4)
	  Index Cond: ((k >= 4924025) AND (k <= 4924125))

table 7 : explain SELECT k FROM sbtest7 WHERE k BETWEEN 4924025 AND 4924125
	Index Only Scan using k_7 on sbtest7  (cost=0.43..6.58 rows=107 width=4)
	  Index Cond: ((k >= 4924025) AND (k <= 4924125))

table 8 : explain SELECT k FROM sbtest8 WHERE k BETWEEN 4924025 AND 4924125
	Index Only Scan using k_8 on sbtest8  (cost=0.43..10.29 rows=93 width=4)
	  Index Cond: ((k >= 4924025) AND (k <= 4924125))

explain: for range-covered :: explain SELECT k FROM sbtest%d WHERE k BETWEEN 4924025 AND 4924125
for range-covered
table 1 : explain SELECT k FROM sbtest1 WHERE k BETWEEN 6162767 AND 6162867
	Index Only Scan using k_1 on sbtest1  (cost=0.43..6.43 rows=100 width=4)
	  Index Cond: ((k >= 6162767) AND (k <= 6162867))

table 2 : explain SELECT k FROM sbtest2 WHERE k BETWEEN 6162767 AND 6162867
	Index Only Scan using k_2 on sbtest2  (cost=0.43..6.33 rows=95 width=4)
	  Index Cond: ((k >= 6162767) AND (k <= 6162867))

table 3 : explain SELECT k FROM sbtest3 WHERE k BETWEEN 6162767 AND 6162867
	Index Only Scan using k_3 on sbtest3  (cost=0.43..6.51 rows=104 width=4)
	  Index Cond: ((k >= 6162767) AND (k <= 6162867))

table 4 : explain SELECT k FROM sbtest4 WHERE k BETWEEN 6162767 AND 6162867
	Index Only Scan using k_4 on sbtest4  (cost=0.43..6.24 rows=90 width=4)
	  Index Cond: ((k >= 6162767) AND (k <= 6162867))

table 5 : explain SELECT k FROM sbtest5 WHERE k BETWEEN 6162767 AND 6162867
	Index Only Scan using k_5 on sbtest5  (cost=0.43..6.61 rows=109 width=4)
	  Index Cond: ((k >= 6162767) AND (k <= 6162867))

table 6 : explain SELECT k FROM sbtest6 WHERE k BETWEEN 6162767 AND 6162867
	Index Only Scan using k_6 on sbtest6  (cost=0.43..6.37 rows=97 width=4)
	  Index Cond: ((k >= 6162767) AND (k <= 6162867))

table 7 : explain SELECT k FROM sbtest7 WHERE k BETWEEN 6162767 AND 6162867
	Index Only Scan using k_7 on sbtest7  (cost=0.43..6.53 rows=105 width=4)
	  Index Cond: ((k >= 6162767) AND (k <= 6162867))

table 8 : explain SELECT k FROM sbtest8 WHERE k BETWEEN 6162767 AND 6162867
	Index Only Scan using k_8 on sbtest8  (cost=0.43..10.38 rows=97 width=4)
	  Index Cond: ((k >= 6162767) AND (k <= 6162867))

explain: for range-covered :: explain SELECT k FROM sbtest%d WHERE k BETWEEN 6162767 AND 6162867
for range-covered
table 1 : explain SELECT k FROM sbtest1 WHERE k BETWEEN 7724117 AND 7724217
	Index Only Scan using k_1 on sbtest1  (cost=0.43..6.32 rows=94 width=4)
	  Index Cond: ((k >= 7724117) AND (k <= 7724217))

table 2 : explain SELECT k FROM sbtest2 WHERE k BETWEEN 7724117 AND 7724217
	Index Only Scan using k_2 on sbtest2  (cost=0.43..6.43 rows=100 width=4)
	  Index Cond: ((k >= 7724117) AND (k <= 7724217))

table 3 : explain SELECT k FROM sbtest3 WHERE k BETWEEN 7724117 AND 7724217
	Index Only Scan using k_3 on sbtest3  (cost=0.43..6.33 rows=95 width=4)
	  Index Cond: ((k >= 7724117) AND (k <= 7724217))

table 4 : explain SELECT k FROM sbtest4 WHERE k BETWEEN 7724117 AND 7724217
	Index Only Scan using k_4 on sbtest4  (cost=0.43..6.43 rows=100 width=4)
	  Index Cond: ((k >= 7724117) AND (k <= 7724217))

table 5 : explain SELECT k FROM sbtest5 WHERE k BETWEEN 7724117 AND 7724217
	Index Only Scan using k_5 on sbtest5  (cost=0.43..6.45 rows=101 width=4)
	  Index Cond: ((k >= 7724117) AND (k <= 7724217))

table 6 : explain SELECT k FROM sbtest6 WHERE k BETWEEN 7724117 AND 7724217
	Index Only Scan using k_6 on sbtest6  (cost=0.43..6.51 rows=104 width=4)
	  Index Cond: ((k >= 7724117) AND (k <= 7724217))

table 7 : explain SELECT k FROM sbtest7 WHERE k BETWEEN 7724117 AND 7724217
	Index Only Scan using k_7 on sbtest7  (cost=0.43..6.51 rows=104 width=4)
	  Index Cond: ((k >= 7724117) AND (k <= 7724217))

table 8 : explain SELECT k FROM sbtest8 WHERE k BETWEEN 7724117 AND 7724217
	Index Only Scan using k_8 on sbtest8  (cost=0.43..10.47 rows=102 width=4)
	  Index Cond: ((k >= 7724117) AND (k <= 7724217))

explain: for range-covered :: explain SELECT k FROM sbtest%d WHERE k BETWEEN 7724117 AND 7724217
for range-covered
table 1 : explain SELECT k FROM sbtest1 WHERE k BETWEEN 6046108 AND 6046208
	Index Only Scan using k_1 on sbtest1  (cost=0.43..6.27 rows=92 width=4)
	  Index Cond: ((k >= 6046108) AND (k <= 6046208))

table 2 : explain SELECT k FROM sbtest2 WHERE k BETWEEN 6046108 AND 6046208
	Index Only Scan using k_2 on sbtest2  (cost=0.43..6.32 rows=94 width=4)
	  Index Cond: ((k >= 6046108) AND (k <= 6046208))

table 3 : explain SELECT k FROM sbtest3 WHERE k BETWEEN 6046108 AND 6046208
	Index Only Scan using k_3 on sbtest3  (cost=0.43..6.56 rows=106 width=4)
	  Index Cond: ((k >= 6046108) AND (k <= 6046208))

table 4 : explain SELECT k FROM sbtest4 WHERE k BETWEEN 6046108 AND 6046208
	Index Only Scan using k_4 on sbtest4  (cost=0.43..6.45 rows=101 width=4)
	  Index Cond: ((k >= 6046108) AND (k <= 6046208))

table 5 : explain SELECT k FROM sbtest5 WHERE k BETWEEN 6046108 AND 6046208
	Index Only Scan using k_5 on sbtest5  (cost=0.43..6.50 rows=103 width=4)
	  Index Cond: ((k >= 6046108) AND (k <= 6046208))

table 6 : explain SELECT k FROM sbtest6 WHERE k BETWEEN 6046108 AND 6046208
	Index Only Scan using k_6 on sbtest6  (cost=0.43..6.35 rows=96 width=4)
	  Index Cond: ((k >= 6046108) AND (k <= 6046208))

table 7 : explain SELECT k FROM sbtest7 WHERE k BETWEEN 6046108 AND 6046208
	Index Only Scan using k_7 on sbtest7  (cost=0.43..6.58 rows=107 width=4)
	  Index Cond: ((k >= 6046108) AND (k <= 6046208))

table 8 : explain SELECT k FROM sbtest8 WHERE k BETWEEN 6046108 AND 6046208
	Index Only Scan using k_8 on sbtest8  (cost=0.43..10.70 rows=113 width=4)
	  Index Cond: ((k >= 6046108) AND (k <= 6046208))

explain: for range-covered :: explain SELECT k FROM sbtest%d WHERE k BETWEEN 6046108 AND 6046208
for range-covered
table 1 : explain SELECT k FROM sbtest1 WHERE k BETWEEN 1213143 AND 1213243
	Index Only Scan using k_1 on sbtest1  (cost=0.43..6.32 rows=94 width=4)
	  Index Cond: ((k >= 1213143) AND (k <= 1213243))

table 2 : explain SELECT k FROM sbtest2 WHERE k BETWEEN 1213143 AND 1213243
	Index Only Scan using k_2 on sbtest2  (cost=0.43..6.50 rows=103 width=4)
	  Index Cond: ((k >= 1213143) AND (k <= 1213243))

table 3 : explain SELECT k FROM sbtest3 WHERE k BETWEEN 1213143 AND 1213243
	Index Only Scan using k_3 on sbtest3  (cost=0.43..6.37 rows=97 width=4)
	  Index Cond: ((k >= 1213143) AND (k <= 1213243))

table 4 : explain SELECT k FROM sbtest4 WHERE k BETWEEN 1213143 AND 1213243
	Index Only Scan using k_4 on sbtest4  (cost=0.43..6.50 rows=103 width=4)
	  Index Cond: ((k >= 1213143) AND (k <= 1213243))

table 5 : explain SELECT k FROM sbtest5 WHERE k BETWEEN 1213143 AND 1213243
	Index Only Scan using k_5 on sbtest5  (cost=0.43..6.53 rows=105 width=4)
	  Index Cond: ((k >= 1213143) AND (k <= 1213243))

table 6 : explain SELECT k FROM sbtest6 WHERE k BETWEEN 1213143 AND 1213243
	Index Only Scan using k_6 on sbtest6  (cost=0.43..6.45 rows=101 width=4)
	  Index Cond: ((k >= 1213143) AND (k <= 1213243))

table 7 : explain SELECT k FROM sbtest7 WHERE k BETWEEN 1213143 AND 1213243
	Index Only Scan using k_7 on sbtest7  (cost=0.43..6.53 rows=105 width=4)
	  Index Cond: ((k >= 1213143) AND (k <= 1213243))

table 8 : explain SELECT k FROM sbtest8 WHERE k BETWEEN 1213143 AND 1213243
	Index Only Scan using k_8 on sbtest8  (cost=0.43..10.29 rows=93 width=4)
	  Index Cond: ((k >= 1213143) AND (k <= 1213243))

explain: for range-covered :: explain SELECT k FROM sbtest%d WHERE k BETWEEN 1213143 AND 1213243
for range-covered
table 1 : explain SELECT k FROM sbtest1 WHERE k BETWEEN 1943248 AND 1943348
	Index Only Scan using k_1 on sbtest1  (cost=0.43..6.29 rows=93 width=4)
	  Index Cond: ((k >= 1943248) AND (k <= 1943348))

table 2 : explain SELECT k FROM sbtest2 WHERE k BETWEEN 1943248 AND 1943348
	Index Only Scan using k_2 on sbtest2  (cost=0.43..6.61 rows=109 width=4)
	  Index Cond: ((k >= 1943248) AND (k <= 1943348))

table 3 : explain SELECT k FROM sbtest3 WHERE k BETWEEN 1943248 AND 1943348
	Index Only Scan using k_3 on sbtest3  (cost=0.43..6.51 rows=104 width=4)
	  Index Cond: ((k >= 1943248) AND (k <= 1943348))

table 4 : explain SELECT k FROM sbtest4 WHERE k BETWEEN 1943248 AND 1943348
	Index Only Scan using k_4 on sbtest4  (cost=0.43..6.27 rows=92 width=4)
	  Index Cond: ((k >= 1943248) AND (k <= 1943348))

table 5 : explain SELECT k FROM sbtest5 WHERE k BETWEEN 1943248 AND 1943348
	Index Only Scan using k_5 on sbtest5  (cost=0.43..6.56 rows=106 width=4)
	  Index Cond: ((k >= 1943248) AND (k <= 1943348))

table 6 : explain SELECT k FROM sbtest6 WHERE k BETWEEN 1943248 AND 1943348
	Index Only Scan using k_6 on sbtest6  (cost=0.43..6.50 rows=103 width=4)
	  Index Cond: ((k >= 1943248) AND (k <= 1943348))

table 7 : explain SELECT k FROM sbtest7 WHERE k BETWEEN 1943248 AND 1943348
	Index Only Scan using k_7 on sbtest7  (cost=0.43..6.61 rows=109 width=4)
	  Index Cond: ((k >= 1943248) AND (k <= 1943348))

table 8 : explain SELECT k FROM sbtest8 WHERE k BETWEEN 1943248 AND 1943348
	Index Only Scan using k_8 on sbtest8  (cost=0.43..10.54 rows=105 width=4)
	  Index Cond: ((k >= 1943248) AND (k <= 1943348))

explain: for range-covered :: explain SELECT k FROM sbtest%d WHERE k BETWEEN 1943248 AND 1943348
explain: for range-covered :: explain SELECT k FROM sbtest%d WHERE k BETWEEN 5238208 AND 5238308
for range-covered
table 1 : explain SELECT k FROM sbtest1 WHERE k BETWEEN 7724117 AND 7724217
	Index Only Scan using k_1 on sbtest1  (cost=0.43..6.32 rows=94 width=4)
	  Index Cond: ((k >= 7724117) AND (k <= 7724217))

table 2 : explain SELECT k FROM sbtest2 WHERE k BETWEEN 7724117 AND 7724217
	Index Only Scan using k_2 on sbtest2  (cost=0.43..6.43 rows=100 width=4)
	  Index Cond: ((k >= 7724117) AND (k <= 7724217))

table 3 : explain SELECT k FROM sbtest3 WHERE k BETWEEN 7724117 AND 7724217
	Index Only Scan using k_3 on sbtest3  (cost=0.43..6.33 rows=95 width=4)
	  Index Cond: ((k >= 7724117) AND (k <= 7724217))

table 4 : explain SELECT k FROM sbtest4 WHERE k BETWEEN 7724117 AND 7724217
	Index Only Scan using k_4 on sbtest4  (cost=0.43..6.43 rows=100 width=4)
	  Index Cond: ((k >= 7724117) AND (k <= 7724217))

table 5 : explain SELECT k FROM sbtest5 WHERE k BETWEEN 7724117 AND 7724217
	Index Only Scan using k_5 on sbtest5  (cost=0.43..6.45 rows=101 width=4)
	  Index Cond: ((k >= 7724117) AND (k <= 7724217))

table 6 : explain SELECT k FROM sbtest6 WHERE k BETWEEN 7724117 AND 7724217
	Index Only Scan using k_6 on sbtest6  (cost=0.43..6.51 rows=104 width=4)
	  Index Cond: ((k >= 7724117) AND (k <= 7724217))

table 7 : explain SELECT k FROM sbtest7 WHERE k BETWEEN 7724117 AND 7724217
	Index Only Scan using k_7 on sbtest7  (cost=0.43..6.51 rows=104 width=4)
	  Index Cond: ((k >= 7724117) AND (k <= 7724217))

table 8 : explain SELECT k FROM sbtest8 WHERE k BETWEEN 7724117 AND 7724217
	Index Only Scan using k_8 on sbtest8  (cost=0.43..10.47 rows=102 width=4)
	  Index Cond: ((k >= 7724117) AND (k <= 7724217))

for range-covered
table 1 : explain SELECT k FROM sbtest1 WHERE k BETWEEN 6162767 AND 6162867
	Index Only Scan using k_1 on sbtest1  (cost=0.43..6.43 rows=100 width=4)
	  Index Cond: ((k >= 6162767) AND (k <= 6162867))

table 2 : explain SELECT k FROM sbtest2 WHERE k BETWEEN 6162767 AND 6162867
	Index Only Scan using k_2 on sbtest2  (cost=0.43..6.33 rows=95 width=4)
	  Index Cond: ((k >= 6162767) AND (k <= 6162867))

table 3 : explain SELECT k FROM sbtest3 WHERE k BETWEEN 6162767 AND 6162867
	Index Only Scan using k_3 on sbtest3  (cost=0.43..6.51 rows=104 width=4)
	  Index Cond: ((k >= 6162767) AND (k <= 6162867))

table 4 : explain SELECT k FROM sbtest4 WHERE k BETWEEN 6162767 AND 6162867
	Index Only Scan using k_4 on sbtest4  (cost=0.43..6.24 rows=90 width=4)
	  Index Cond: ((k >= 6162767) AND (k <= 6162867))

table 5 : explain SELECT k FROM sbtest5 WHERE k BETWEEN 6162767 AND 6162867
	Index Only Scan using k_5 on sbtest5  (cost=0.43..6.61 rows=109 width=4)
	  Index Cond: ((k >= 6162767) AND (k <= 6162867))

table 6 : explain SELECT k FROM sbtest6 WHERE k BETWEEN 6162767 AND 6162867
	Index Only Scan using k_6 on sbtest6  (cost=0.43..6.37 rows=97 width=4)
	  Index Cond: ((k >= 6162767) AND (k <= 6162867))

table 7 : explain SELECT k FROM sbtest7 WHERE k BETWEEN 6162767 AND 6162867
	Index Only Scan using k_7 on sbtest7  (cost=0.43..6.53 rows=105 width=4)
	  Index Cond: ((k >= 6162767) AND (k <= 6162867))

table 8 : explain SELECT k FROM sbtest8 WHERE k BETWEEN 6162767 AND 6162867
	Index Only Scan using k_8 on sbtest8  (cost=0.43..10.38 rows=97 width=4)
	  Index Cond: ((k >= 6162767) AND (k <= 6162867))

explain: for range-covered :: explain SELECT k FROM sbtest%d WHERE k BETWEEN 7724117 AND 7724217
explain: for range-covered :: explain SELECT k FROM sbtest%d WHERE k BETWEEN 6162767 AND 6162867
for range-covered
table 1 : explain SELECT k FROM sbtest1 WHERE k BETWEEN 4924025 AND 4924125
	Index Only Scan using k_1 on sbtest1  (cost=0.43..6.37 rows=97 width=4)
	  Index Cond: ((k >= 4924025) AND (k <= 4924125))

table 2 : explain SELECT k FROM sbtest2 WHERE k BETWEEN 4924025 AND 4924125
	Index Only Scan using k_2 on sbtest2  (cost=0.43..6.47 rows=102 width=4)
	  Index Cond: ((k >= 4924025) AND (k <= 4924125))

table 3 : explain SELECT k FROM sbtest3 WHERE k BETWEEN 4924025 AND 4924125
	Index Only Scan using k_3 on sbtest3  (cost=0.43..6.43 rows=100 width=4)
	  Index Cond: ((k >= 4924025) AND (k <= 4924125))

table 4 : explain SELECT k FROM sbtest4 WHERE k BETWEEN 4924025 AND 4924125
	Index Only Scan using k_4 on sbtest4  (cost=0.43..6.47 rows=102 width=4)
	  Index Cond: ((k >= 4924025) AND (k <= 4924125))

table 5 : explain SELECT k FROM sbtest5 WHERE k BETWEEN 4924025 AND 4924125
	Index Only Scan using k_5 on sbtest5  (cost=0.43..6.43 rows=100 width=4)
	  Index Cond: ((k >= 4924025) AND (k <= 4924125))

table 6 : explain SELECT k FROM sbtest6 WHERE k BETWEEN 4924025 AND 4924125
	Index Only Scan using k_6 on sbtest6  (cost=0.43..6.50 rows=103 width=4)
	  Index Cond: ((k >= 4924025) AND (k <= 4924125))

table 7 : explain SELECT k FROM sbtest7 WHERE k BETWEEN 4924025 AND 4924125
	Index Only Scan using k_7 on sbtest7  (cost=0.43..6.58 rows=107 width=4)
	  Index Cond: ((k >= 4924025) AND (k <= 4924125))

table 8 : explain SELECT k FROM sbtest8 WHERE k BETWEEN 4924025 AND 4924125
	Index Only Scan using k_8 on sbtest8  (cost=0.43..10.29 rows=93 width=4)
	  Index Cond: ((k >= 4924025) AND (k <= 4924125))

explain: for range-covered :: explain SELECT k FROM sbtest%d WHERE k BETWEEN 4924025 AND 4924125
for range-covered
table 1 : explain SELECT k FROM sbtest1 WHERE k BETWEEN 5867120 AND 5867220
	Index Only Scan using k_1 on sbtest1  (cost=0.43..6.63 rows=110 width=4)
	  Index Cond: ((k >= 5867120) AND (k <= 5867220))

table 2 : explain SELECT k FROM sbtest2 WHERE k BETWEEN 5867120 AND 5867220
	Index Only Scan using k_2 on sbtest2  (cost=0.43..6.29 rows=93 width=4)
	  Index Cond: ((k >= 5867120) AND (k <= 5867220))

table 3 : explain SELECT k FROM sbtest3 WHERE k BETWEEN 5867120 AND 5867220
	Index Only Scan using k_3 on sbtest3  (cost=0.43..6.29 rows=93 width=4)
	  Index Cond: ((k >= 5867120) AND (k <= 5867220))

table 4 : explain SELECT k FROM sbtest4 WHERE k BETWEEN 5867120 AND 5867220
	Index Only Scan using k_4 on sbtest4  (cost=0.43..6.40 rows=98 width=4)
	  Index Cond: ((k >= 5867120) AND (k <= 5867220))

table 5 : explain SELECT k FROM sbtest5 WHERE k BETWEEN 5867120 AND 5867220
	Index Only Scan using k_5 on sbtest5  (cost=0.43..6.32 rows=94 width=4)
	  Index Cond: ((k >= 5867120) AND (k <= 5867220))

table 6 : explain SELECT k FROM sbtest6 WHERE k BETWEEN 5867120 AND 5867220
	Index Only Scan using k_6 on sbtest6  (cost=0.43..6.45 rows=101 width=4)
	  Index Cond: ((k >= 5867120) AND (k <= 5867220))

table 7 : explain SELECT k FROM sbtest7 WHERE k BETWEEN 5867120 AND 5867220
	Index Only Scan using k_7 on sbtest7  (cost=0.43..6.51 rows=104 width=4)
	  Index Cond: ((k >= 5867120) AND (k <= 5867220))

table 8 : explain SELECT k FROM sbtest8 WHERE k BETWEEN 5867120 AND 5867220
	Index Only Scan using k_8 on sbtest8  (cost=0.43..10.74 rows=115 width=4)
	  Index Cond: ((k >= 5867120) AND (k <= 5867220))

for range-covered
table 1 : explain SELECT k FROM sbtest1 WHERE k BETWEEN 6046108 AND 6046208
	Index Only Scan using k_1 on sbtest1  (cost=0.43..6.27 rows=92 width=4)
	  Index Cond: ((k >= 6046108) AND (k <= 6046208))

table 2 : explain SELECT k FROM sbtest2 WHERE k BETWEEN 6046108 AND 6046208
	Index Only Scan using k_2 on sbtest2  (cost=0.43..6.32 rows=94 width=4)
	  Index Cond: ((k >= 6046108) AND (k <= 6046208))

table 3 : explain SELECT k FROM sbtest3 WHERE k BETWEEN 6046108 AND 6046208
	Index Only Scan using k_3 on sbtest3  (cost=0.43..6.56 rows=106 width=4)
	  Index Cond: ((k >= 6046108) AND (k <= 6046208))

table 4 : explain SELECT k FROM sbtest4 WHERE k BETWEEN 6046108 AND 6046208
	Index Only Scan using k_4 on sbtest4  (cost=0.43..6.45 rows=101 width=4)
	  Index Cond: ((k >= 6046108) AND (k <= 6046208))

table 5 : explain SELECT k FROM sbtest5 WHERE k BETWEEN 6046108 AND 6046208
	Index Only Scan using k_5 on sbtest5  (cost=0.43..6.50 rows=103 width=4)
	  Index Cond: ((k >= 6046108) AND (k <= 6046208))

table 6 : explain SELECT k FROM sbtest6 WHERE k BETWEEN 6046108 AND 6046208
	Index Only Scan using k_6 on sbtest6  (cost=0.43..6.35 rows=96 width=4)
	  Index Cond: ((k >= 6046108) AND (k <= 6046208))

table 7 : explain SELECT k FROM sbtest7 WHERE k BETWEEN 6046108 AND 6046208
	Index Only Scan using k_7 on sbtest7  (cost=0.43..6.58 rows=107 width=4)
	  Index Cond: ((k >= 6046108) AND (k <= 6046208))

table 8 : explain SELECT k FROM sbtest8 WHERE k BETWEEN 6046108 AND 6046208
	Index Only Scan using k_8 on sbtest8  (cost=0.43..10.70 rows=113 width=4)
	  Index Cond: ((k >= 6046108) AND (k <= 6046208))

for range-covered
table 1 : explain SELECT k FROM sbtest1 WHERE k BETWEEN 1213143 AND 1213243
	Index Only Scan using k_1 on sbtest1  (cost=0.43..6.32 rows=94 width=4)
	  Index Cond: ((k >= 1213143) AND (k <= 1213243))

table 2 : explain SELECT k FROM sbtest2 WHERE k BETWEEN 1213143 AND 1213243
	Index Only Scan using k_2 on sbtest2  (cost=0.43..6.50 rows=103 width=4)
	  Index Cond: ((k >= 1213143) AND (k <= 1213243))

table 3 : explain SELECT k FROM sbtest3 WHERE k BETWEEN 1213143 AND 1213243
	Index Only Scan using k_3 on sbtest3  (cost=0.43..6.37 rows=97 width=4)
	  Index Cond: ((k >= 1213143) AND (k <= 1213243))

table 4 : explain SELECT k FROM sbtest4 WHERE k BETWEEN 1213143 AND 1213243
	Index Only Scan using k_4 on sbtest4  (cost=0.43..6.50 rows=103 width=4)
	  Index Cond: ((k >= 1213143) AND (k <= 1213243))

table 5 : explain SELECT k FROM sbtest5 WHERE k BETWEEN 1213143 AND 1213243
	Index Only Scan using k_5 on sbtest5  (cost=0.43..6.53 rows=105 width=4)
	  Index Cond: ((k >= 1213143) AND (k <= 1213243))

table 6 : explain SELECT k FROM sbtest6 WHERE k BETWEEN 1213143 AND 1213243
	Index Only Scan using k_6 on sbtest6  (cost=0.43..6.45 rows=101 width=4)
	  Index Cond: ((k >= 1213143) AND (k <= 1213243))

table 7 : explain SELECT k FROM sbtest7 WHERE k BETWEEN 1213143 AND 1213243
	Index Only Scan using k_7 on sbtest7  (cost=0.43..6.53 rows=105 width=4)
	  Index Cond: ((k >= 1213143) AND (k <= 1213243))

table 8 : explain SELECT k FROM sbtest8 WHERE k BETWEEN 1213143 AND 1213243
	Index Only Scan using k_8 on sbtest8  (cost=0.43..10.29 rows=93 width=4)
	  Index Cond: ((k >= 1213143) AND (k <= 1213243))

explain: for range-covered :: explain SELECT k FROM sbtest%d WHERE k BETWEEN 6046108 AND 6046208
for range-covered
table 1 : explain SELECT k FROM sbtest1 WHERE k BETWEEN 7724117 AND 7724217
	Index Only Scan using k_1 on sbtest1  (cost=0.43..6.32 rows=94 width=4)
	  Index Cond: ((k >= 7724117) AND (k <= 7724217))

table 2 : explain SELECT k FROM sbtest2 WHERE k BETWEEN 7724117 AND 7724217
	Index Only Scan using k_2 on sbtest2  (cost=0.43..6.43 rows=100 width=4)
	  Index Cond: ((k >= 7724117) AND (k <= 7724217))

table 3 : explain SELECT k FROM sbtest3 WHERE k BETWEEN 7724117 AND 7724217
	Index Only Scan using k_3 on sbtest3  (cost=0.43..6.33 rows=95 width=4)
	  Index Cond: ((k >= 7724117) AND (k <= 7724217))

table 4 : explain SELECT k FROM sbtest4 WHERE k BETWEEN 7724117 AND 7724217
	Index Only Scan using k_4 on sbtest4  (cost=0.43..6.43 rows=100 width=4)
	  Index Cond: ((k >= 7724117) AND (k <= 7724217))

table 5 : explain SELECT k FROM sbtest5 WHERE k BETWEEN 7724117 AND 7724217
	Index Only Scan using k_5 on sbtest5  (cost=0.43..6.45 rows=101 width=4)
	  Index Cond: ((k >= 7724117) AND (k <= 7724217))

table 6 : explain SELECT k FROM sbtest6 WHERE k BETWEEN 7724117 AND 7724217
	Index Only Scan using k_6 on sbtest6  (cost=0.43..6.51 rows=104 width=4)
	  Index Cond: ((k >= 7724117) AND (k <= 7724217))

table 7 : explain SELECT k FROM sbtest7 WHERE k BETWEEN 7724117 AND 7724217
	Index Only Scan using k_7 on sbtest7  (cost=0.43..6.51 rows=104 width=4)
	  Index Cond: ((k >= 7724117) AND (k <= 7724217))

table 8 : explain SELECT k FROM sbtest8 WHERE k BETWEEN 7724117 AND 7724217
	Index Only Scan using k_8 on sbtest8  (cost=0.43..10.47 rows=102 width=4)
	  Index Cond: ((k >= 7724117) AND (k <= 7724217))

explain: for range-covered :: explain SELECT k FROM sbtest%d WHERE k BETWEEN 5867120 AND 5867220
explain: for range-covered :: explain SELECT k FROM sbtest%d WHERE k BETWEEN 7724117 AND 7724217
for range-covered
table 1 : explain SELECT k FROM sbtest1 WHERE k BETWEEN 6162767 AND 6162867
	Index Only Scan using k_1 on sbtest1  (cost=0.43..6.43 rows=100 width=4)
	  Index Cond: ((k >= 6162767) AND (k <= 6162867))

table 2 : explain SELECT k FROM sbtest2 WHERE k BETWEEN 6162767 AND 6162867
	Index Only Scan using k_2 on sbtest2  (cost=0.43..6.33 rows=95 width=4)
	  Index Cond: ((k >= 6162767) AND (k <= 6162867))

table 3 : explain SELECT k FROM sbtest3 WHERE k BETWEEN 6162767 AND 6162867
	Index Only Scan using k_3 on sbtest3  (cost=0.43..6.51 rows=104 width=4)
	  Index Cond: ((k >= 6162767) AND (k <= 6162867))

table 4 : explain SELECT k FROM sbtest4 WHERE k BETWEEN 6162767 AND 6162867
	Index Only Scan using k_4 on sbtest4  (cost=0.43..6.24 rows=90 width=4)
	  Index Cond: ((k >= 6162767) AND (k <= 6162867))

table 5 : explain SELECT k FROM sbtest5 WHERE k BETWEEN 6162767 AND 6162867
	Index Only Scan using k_5 on sbtest5  (cost=0.43..6.61 rows=109 width=4)
	  Index Cond: ((k >= 6162767) AND (k <= 6162867))

table 6 : explain SELECT k FROM sbtest6 WHERE k BETWEEN 6162767 AND 6162867
	Index Only Scan using k_6 on sbtest6  (cost=0.43..6.37 rows=97 width=4)
	  Index Cond: ((k >= 6162767) AND (k <= 6162867))

table 7 : explain SELECT k FROM sbtest7 WHERE k BETWEEN 6162767 AND 6162867
	Index Only Scan using k_7 on sbtest7  (cost=0.43..6.53 rows=105 width=4)
	  Index Cond: ((k >= 6162767) AND (k <= 6162867))

table 8 : explain SELECT k FROM sbtest8 WHERE k BETWEEN 6162767 AND 6162867
	Index Only Scan using k_8 on sbtest8  (cost=0.43..10.38 rows=97 width=4)
	  Index Cond: ((k >= 6162767) AND (k <= 6162867))

explain: for range-covered :: explain SELECT k FROM sbtest%d WHERE k BETWEEN 6162767 AND 6162867
explain: for range-covered :: explain SELECT k FROM sbtest%d WHERE k BETWEEN 1213143 AND 1213243
for range-covered
table 1 : explain SELECT k FROM sbtest1 WHERE k BETWEEN 4924025 AND 4924125
	Index Only Scan using k_1 on sbtest1  (cost=0.43..6.37 rows=97 width=4)
	  Index Cond: ((k >= 4924025) AND (k <= 4924125))

table 2 : explain SELECT k FROM sbtest2 WHERE k BETWEEN 4924025 AND 4924125
	Index Only Scan using k_2 on sbtest2  (cost=0.43..6.47 rows=102 width=4)
	  Index Cond: ((k >= 4924025) AND (k <= 4924125))

table 3 : explain SELECT k FROM sbtest3 WHERE k BETWEEN 4924025 AND 4924125
	Index Only Scan using k_3 on sbtest3  (cost=0.43..6.43 rows=100 width=4)
	  Index Cond: ((k >= 4924025) AND (k <= 4924125))

table 4 : explain SELECT k FROM sbtest4 WHERE k BETWEEN 4924025 AND 4924125
	Index Only Scan using k_4 on sbtest4  (cost=0.43..6.47 rows=102 width=4)
	  Index Cond: ((k >= 4924025) AND (k <= 4924125))

table 5 : explain SELECT k FROM sbtest5 WHERE k BETWEEN 4924025 AND 4924125
	Index Only Scan using k_5 on sbtest5  (cost=0.43..6.43 rows=100 width=4)
	  Index Cond: ((k >= 4924025) AND (k <= 4924125))

table 6 : explain SELECT k FROM sbtest6 WHERE k BETWEEN 4924025 AND 4924125
	Index Only Scan using k_6 on sbtest6  (cost=0.43..6.50 rows=103 width=4)
	  Index Cond: ((k >= 4924025) AND (k <= 4924125))

table 7 : explain SELECT k FROM sbtest7 WHERE k BETWEEN 4924025 AND 4924125
	Index Only Scan using k_7 on sbtest7  (cost=0.43..6.58 rows=107 width=4)
	  Index Cond: ((k >= 4924025) AND (k <= 4924125))

table 8 : explain SELECT k FROM sbtest8 WHERE k BETWEEN 4924025 AND 4924125
	Index Only Scan using k_8 on sbtest8  (cost=0.43..10.29 rows=93 width=4)
	  Index Cond: ((k >= 4924025) AND (k <= 4924125))

for range-covered
table 1 : explain SELECT k FROM sbtest1 WHERE k BETWEEN 5407948 AND 5408048
	Index Only Scan using k_1 on sbtest1  (cost=0.43..6.47 rows=102 width=4)
	  Index Cond: ((k >= 5407948) AND (k <= 5408048))

table 2 : explain SELECT k FROM sbtest2 WHERE k BETWEEN 5407948 AND 5408048
	Index Only Scan using k_2 on sbtest2  (cost=0.43..6.29 rows=93 width=4)
	  Index Cond: ((k >= 5407948) AND (k <= 5408048))

table 3 : explain SELECT k FROM sbtest3 WHERE k BETWEEN 5407948 AND 5408048
	Index Only Scan using k_3 on sbtest3  (cost=0.43..6.67 rows=112 width=4)
	  Index Cond: ((k >= 5407948) AND (k <= 5408048))

table 4 : explain SELECT k FROM sbtest4 WHERE k BETWEEN 5407948 AND 5408048
	Index Only Scan using k_4 on sbtest4  (cost=0.43..6.56 rows=106 width=4)
	  Index Cond: ((k >= 5407948) AND (k <= 5408048))

table 5 : explain SELECT k FROM sbtest5 WHERE k BETWEEN 5407948 AND 5408048
	Index Only Scan using k_5 on sbtest5  (cost=0.43..6.50 rows=103 width=4)
	  Index Cond: ((k >= 5407948) AND (k <= 5408048))

table 6 : explain SELECT k FROM sbtest6 WHERE k BETWEEN 5407948 AND 5408048
	Index Only Scan using k_6 on sbtest6  (cost=0.43..6.43 rows=100 width=4)
	  Index Cond: ((k >= 5407948) AND (k <= 5408048))

table 7 : explain SELECT k FROM sbtest7 WHERE k BETWEEN 5407948 AND 5408048
	Index Only Scan using k_7 on sbtest7  (cost=0.43..6.43 rows=100 width=4)
	  Index Cond: ((k >= 5407948) AND (k <= 5408048))

table 8 : explain SELECT k FROM sbtest8 WHERE k BETWEEN 5407948 AND 5408048
	Index Only Scan using k_8 on sbtest8  (cost=0.43..10.47 rows=102 width=4)
	  Index Cond: ((k >= 5407948) AND (k <= 5408048))

explain: for range-covered :: explain SELECT k FROM sbtest%d WHERE k BETWEEN 4924025 AND 4924125
explain: for range-covered :: explain SELECT k FROM sbtest%d WHERE k BETWEEN 5407948 AND 5408048
for range-covered
table 1 : explain SELECT k FROM sbtest1 WHERE k BETWEEN 6046108 AND 6046208
	Index Only Scan using k_1 on sbtest1  (cost=0.43..6.27 rows=92 width=4)
	  Index Cond: ((k >= 6046108) AND (k <= 6046208))

table 2 : explain SELECT k FROM sbtest2 WHERE k BETWEEN 6046108 AND 6046208
	Index Only Scan using k_2 on sbtest2  (cost=0.43..6.32 rows=94 width=4)
	  Index Cond: ((k >= 6046108) AND (k <= 6046208))

table 3 : explain SELECT k FROM sbtest3 WHERE k BETWEEN 6046108 AND 6046208
	Index Only Scan using k_3 on sbtest3  (cost=0.43..6.56 rows=106 width=4)
	  Index Cond: ((k >= 6046108) AND (k <= 6046208))

table 4 : explain SELECT k FROM sbtest4 WHERE k BETWEEN 6046108 AND 6046208
	Index Only Scan using k_4 on sbtest4  (cost=0.43..6.45 rows=101 width=4)
	  Index Cond: ((k >= 6046108) AND (k <= 6046208))

table 5 : explain SELECT k FROM sbtest5 WHERE k BETWEEN 6046108 AND 6046208
	Index Only Scan using k_5 on sbtest5  (cost=0.43..6.50 rows=103 width=4)
	  Index Cond: ((k >= 6046108) AND (k <= 6046208))

table 6 : explain SELECT k FROM sbtest6 WHERE k BETWEEN 6046108 AND 6046208
	Index Only Scan using k_6 on sbtest6  (cost=0.43..6.35 rows=96 width=4)
	  Index Cond: ((k >= 6046108) AND (k <= 6046208))

table 7 : explain SELECT k FROM sbtest7 WHERE k BETWEEN 6046108 AND 6046208
	Index Only Scan using k_7 on sbtest7  (cost=0.43..6.58 rows=107 width=4)
	  Index Cond: ((k >= 6046108) AND (k <= 6046208))

table 8 : explain SELECT k FROM sbtest8 WHERE k BETWEEN 6046108 AND 6046208
	Index Only Scan using k_8 on sbtest8  (cost=0.43..10.70 rows=113 width=4)
	  Index Cond: ((k >= 6046108) AND (k <= 6046208))

for range-covered
table 1 : explain SELECT k FROM sbtest1 WHERE k BETWEEN 7724117 AND 7724217
	Index Only Scan using k_1 on sbtest1  (cost=0.43..6.32 rows=94 width=4)
	  Index Cond: ((k >= 7724117) AND (k <= 7724217))

table 2 : explain SELECT k FROM sbtest2 WHERE k BETWEEN 7724117 AND 7724217
	Index Only Scan using k_2 on sbtest2  (cost=0.43..6.43 rows=100 width=4)
	  Index Cond: ((k >= 7724117) AND (k <= 7724217))

table 3 : explain SELECT k FROM sbtest3 WHERE k BETWEEN 7724117 AND 7724217
	Index Only Scan using k_3 on sbtest3  (cost=0.43..6.33 rows=95 width=4)
	  Index Cond: ((k >= 7724117) AND (k <= 7724217))

table 4 : explain SELECT k FROM sbtest4 WHERE k BETWEEN 7724117 AND 7724217
	Index Only Scan using k_4 on sbtest4  (cost=0.43..6.43 rows=100 width=4)
	  Index Cond: ((k >= 7724117) AND (k <= 7724217))

table 5 : explain SELECT k FROM sbtest5 WHERE k BETWEEN 7724117 AND 7724217
	Index Only Scan using k_5 on sbtest5  (cost=0.43..6.45 rows=101 width=4)
	  Index Cond: ((k >= 7724117) AND (k <= 7724217))

table 6 : explain SELECT k FROM sbtest6 WHERE k BETWEEN 7724117 AND 7724217
	Index Only Scan using k_6 on sbtest6  (cost=0.43..6.51 rows=104 width=4)
	  Index Cond: ((k >= 7724117) AND (k <= 7724217))

table 7 : explain SELECT k FROM sbtest7 WHERE k BETWEEN 7724117 AND 7724217
	Index Only Scan using k_7 on sbtest7  (cost=0.43..6.51 rows=104 width=4)
	  Index Cond: ((k >= 7724117) AND (k <= 7724217))

table 8 : explain SELECT k FROM sbtest8 WHERE k BETWEEN 7724117 AND 7724217
	Index Only Scan using k_8 on sbtest8  (cost=0.43..10.47 rows=102 width=4)
	  Index Cond: ((k >= 7724117) AND (k <= 7724217))

explain: for range-covered :: explain SELECT k FROM sbtest%d WHERE k BETWEEN 6046108 AND 6046208
explain: for range-covered :: explain SELECT k FROM sbtest%d WHERE k BETWEEN 7724117 AND 7724217
for range-covered
table 1 : explain SELECT k FROM sbtest1 WHERE k BETWEEN 6162767 AND 6162867
	Index Only Scan using k_1 on sbtest1  (cost=0.43..6.43 rows=100 width=4)
	  Index Cond: ((k >= 6162767) AND (k <= 6162867))

table 2 : explain SELECT k FROM sbtest2 WHERE k BETWEEN 6162767 AND 6162867
	Index Only Scan using k_2 on sbtest2  (cost=0.43..6.33 rows=95 width=4)
	  Index Cond: ((k >= 6162767) AND (k <= 6162867))

table 3 : explain SELECT k FROM sbtest3 WHERE k BETWEEN 6162767 AND 6162867
	Index Only Scan using k_3 on sbtest3  (cost=0.43..6.51 rows=104 width=4)
	  Index Cond: ((k >= 6162767) AND (k <= 6162867))

table 4 : explain SELECT k FROM sbtest4 WHERE k BETWEEN 6162767 AND 6162867
	Index Only Scan using k_4 on sbtest4  (cost=0.43..6.24 rows=90 width=4)
	  Index Cond: ((k >= 6162767) AND (k <= 6162867))

table 5 : explain SELECT k FROM sbtest5 WHERE k BETWEEN 6162767 AND 6162867
	Index Only Scan using k_5 on sbtest5  (cost=0.43..6.61 rows=109 width=4)
	  Index Cond: ((k >= 6162767) AND (k <= 6162867))

table 6 : explain SELECT k FROM sbtest6 WHERE k BETWEEN 6162767 AND 6162867
	Index Only Scan using k_6 on sbtest6  (cost=0.43..6.37 rows=97 width=4)
	  Index Cond: ((k >= 6162767) AND (k <= 6162867))

table 7 : explain SELECT k FROM sbtest7 WHERE k BETWEEN 6162767 AND 6162867
	Index Only Scan using k_7 on sbtest7  (cost=0.43..6.53 rows=105 width=4)
	  Index Cond: ((k >= 6162767) AND (k <= 6162867))

table 8 : explain SELECT k FROM sbtest8 WHERE k BETWEEN 6162767 AND 6162867
	Index Only Scan using k_8 on sbtest8  (cost=0.43..10.38 rows=97 width=4)
	  Index Cond: ((k >= 6162767) AND (k <= 6162867))

explain: for range-covered :: explain SELECT k FROM sbtest%d WHERE k BETWEEN 6162767 AND 6162867
for range-covered
table 1 : explain SELECT k FROM sbtest1 WHERE k BETWEEN 5523466 AND 5523566
	Index Only Scan using k_1 on sbtest1  (cost=0.43..6.50 rows=103 width=4)
	  Index Cond: ((k >= 5523466) AND (k <= 5523566))

table 2 : explain SELECT k FROM sbtest2 WHERE k BETWEEN 5523466 AND 5523566
	Index Only Scan using k_2 on sbtest2  (cost=0.43..6.63 rows=110 width=4)
	  Index Cond: ((k >= 5523466) AND (k <= 5523566))

table 3 : explain SELECT k FROM sbtest3 WHERE k BETWEEN 5523466 AND 5523566
	Index Only Scan using k_3 on sbtest3  (cost=0.43..6.33 rows=95 width=4)
	  Index Cond: ((k >= 5523466) AND (k <= 5523566))

table 4 : explain SELECT k FROM sbtest4 WHERE k BETWEEN 5523466 AND 5523566
	Index Only Scan using k_4 on sbtest4  (cost=0.43..6.33 rows=95 width=4)
	  Index Cond: ((k >= 5523466) AND (k <= 5523566))

table 5 : explain SELECT k FROM sbtest5 WHERE k BETWEEN 5523466 AND 5523566
	Index Only Scan using k_5 on sbtest5  (cost=0.43..6.56 rows=106 width=4)
	  Index Cond: ((k >= 5523466) AND (k <= 5523566))

table 6 : explain SELECT k FROM sbtest6 WHERE k BETWEEN 5523466 AND 5523566
	Index Only Scan using k_6 on sbtest6  (cost=0.43..6.77 rows=117 width=4)
	  Index Cond: ((k >= 5523466) AND (k <= 5523566))

table 7 : explain SELECT k FROM sbtest7 WHERE k BETWEEN 5523466 AND 5523566
	Index Only Scan using k_7 on sbtest7  (cost=0.43..6.37 rows=97 width=4)
	  Index Cond: ((k >= 5523466) AND (k <= 5523566))

table 8 : explain SELECT k FROM sbtest8 WHERE k BETWEEN 5523466 AND 5523566
	Index Only Scan using k_8 on sbtest8  (cost=0.43..10.42 rows=99 width=4)
	  Index Cond: ((k >= 5523466) AND (k <= 5523566))

for range-covered
table 1 : explain SELECT k FROM sbtest1 WHERE k BETWEEN 4924025 AND 4924125
	Index Only Scan using k_1 on sbtest1  (cost=0.43..6.37 rows=97 width=4)
	  Index Cond: ((k >= 4924025) AND (k <= 4924125))

table 2 : explain SELECT k FROM sbtest2 WHERE k BETWEEN 4924025 AND 4924125
	Index Only Scan using k_2 on sbtest2  (cost=0.43..6.47 rows=102 width=4)
	  Index Cond: ((k >= 4924025) AND (k <= 4924125))

table 3 : explain SELECT k FROM sbtest3 WHERE k BETWEEN 4924025 AND 4924125
	Index Only Scan using k_3 on sbtest3  (cost=0.43..6.43 rows=100 width=4)
	  Index Cond: ((k >= 4924025) AND (k <= 4924125))

table 4 : explain SELECT k FROM sbtest4 WHERE k BETWEEN 4924025 AND 4924125
	Index Only Scan using k_4 on sbtest4  (cost=0.43..6.47 rows=102 width=4)
	  Index Cond: ((k >= 4924025) AND (k <= 4924125))

table 5 : explain SELECT k FROM sbtest5 WHERE k BETWEEN 4924025 AND 4924125
	Index Only Scan using k_5 on sbtest5  (cost=0.43..6.43 rows=100 width=4)
	  Index Cond: ((k >= 4924025) AND (k <= 4924125))

table 6 : explain SELECT k FROM sbtest6 WHERE k BETWEEN 4924025 AND 4924125
	Index Only Scan using k_6 on sbtest6  (cost=0.43..6.50 rows=103 width=4)
	  Index Cond: ((k >= 4924025) AND (k <= 4924125))

table 7 : explain SELECT k FROM sbtest7 WHERE k BETWEEN 4924025 AND 4924125
	Index Only Scan using k_7 on sbtest7  (cost=0.43..6.58 rows=107 width=4)
	  Index Cond: ((k >= 4924025) AND (k <= 4924125))

table 8 : explain SELECT k FROM sbtest8 WHERE k BETWEEN 4924025 AND 4924125
	Index Only Scan using k_8 on sbtest8  (cost=0.43..10.29 rows=93 width=4)
	  Index Cond: ((k >= 4924025) AND (k <= 4924125))
explain: for range-covered :: explain SELECT k FROM sbtest%d WHERE k BETWEEN 5523466 AND 5523566

explain: for range-covered :: explain SELECT k FROM sbtest%d WHERE k BETWEEN 4924025 AND 4924125
for range-covered
table 1 : explain SELECT k FROM sbtest1 WHERE k BETWEEN 5407948 AND 5408048
	Index Only Scan using k_1 on sbtest1  (cost=0.43..6.47 rows=102 width=4)
	  Index Cond: ((k >= 5407948) AND (k <= 5408048))

table 2 : explain SELECT k FROM sbtest2 WHERE k BETWEEN 5407948 AND 5408048
	Index Only Scan using k_2 on sbtest2  (cost=0.43..6.29 rows=93 width=4)
	  Index Cond: ((k >= 5407948) AND (k <= 5408048))

table 3 : explain SELECT k FROM sbtest3 WHERE k BETWEEN 5407948 AND 5408048
	Index Only Scan using k_3 on sbtest3  (cost=0.43..6.67 rows=112 width=4)
	  Index Cond: ((k >= 5407948) AND (k <= 5408048))

table 4 : explain SELECT k FROM sbtest4 WHERE k BETWEEN 5407948 AND 5408048
	Index Only Scan using k_4 on sbtest4  (cost=0.43..6.56 rows=106 width=4)
	  Index Cond: ((k >= 5407948) AND (k <= 5408048))

table 5 : explain SELECT k FROM sbtest5 WHERE k BETWEEN 5407948 AND 5408048
	Index Only Scan using k_5 on sbtest5  (cost=0.43..6.50 rows=103 width=4)
	  Index Cond: ((k >= 5407948) AND (k <= 5408048))

table 6 : explain SELECT k FROM sbtest6 WHERE k BETWEEN 5407948 AND 5408048
	Index Only Scan using k_6 on sbtest6  (cost=0.43..6.43 rows=100 width=4)
	  Index Cond: ((k >= 5407948) AND (k <= 5408048))

table 7 : explain SELECT k FROM sbtest7 WHERE k BETWEEN 5407948 AND 5408048
	Index Only Scan using k_7 on sbtest7  (cost=0.43..6.43 rows=100 width=4)
	  Index Cond: ((k >= 5407948) AND (k <= 5408048))

table 8 : explain SELECT k FROM sbtest8 WHERE k BETWEEN 5407948 AND 5408048
	Index Only Scan using k_8 on sbtest8  (cost=0.43..10.47 rows=102 width=4)
	  Index Cond: ((k >= 5407948) AND (k <= 5408048))

for range-covered
table 1 : explain SELECT k FROM sbtest1 WHERE k BETWEEN 5867120 AND 5867220
	Index Only Scan using k_1 on sbtest1  (cost=0.43..6.63 rows=110 width=4)
	  Index Cond: ((k >= 5867120) AND (k <= 5867220))

table 2 : explain SELECT k FROM sbtest2 WHERE k BETWEEN 5867120 AND 5867220
	Index Only Scan using k_2 on sbtest2  (cost=0.43..6.29 rows=93 width=4)
	  Index Cond: ((k >= 5867120) AND (k <= 5867220))

table 3 : explain SELECT k FROM sbtest3 WHERE k BETWEEN 5867120 AND 5867220
	Index Only Scan using k_3 on sbtest3  (cost=0.43..6.29 rows=93 width=4)
	  Index Cond: ((k >= 5867120) AND (k <= 5867220))

table 4 : explain SELECT k FROM sbtest4 WHERE k BETWEEN 5867120 AND 5867220
	Index Only Scan using k_4 on sbtest4  (cost=0.43..6.40 rows=98 width=4)
	  Index Cond: ((k >= 5867120) AND (k <= 5867220))

table 5 : explain SELECT k FROM sbtest5 WHERE k BETWEEN 5867120 AND 5867220
	Index Only Scan using k_5 on sbtest5  (cost=0.43..6.32 rows=94 width=4)
	  Index Cond: ((k >= 5867120) AND (k <= 5867220))

table 6 : explain SELECT k FROM sbtest6 WHERE k BETWEEN 5867120 AND 5867220
	Index Only Scan using k_6 on sbtest6  (cost=0.43..6.45 rows=101 width=4)
	  Index Cond: ((k >= 5867120) AND (k <= 5867220))

table 7 : explain SELECT k FROM sbtest7 WHERE k BETWEEN 5867120 AND 5867220
	Index Only Scan using k_7 on sbtest7  (cost=0.43..6.51 rows=104 width=4)
	  Index Cond: ((k >= 5867120) AND (k <= 5867220))

table 8 : explain SELECT k FROM sbtest8 WHERE k BETWEEN 5867120 AND 5867220
	Index Only Scan using k_8 on sbtest8  (cost=0.43..10.74 rows=115 width=4)
	  Index Cond: ((k >= 5867120) AND (k <= 5867220))

explain: for range-covered :: explain SELECT k FROM sbtest%d WHERE k BETWEEN 5407948 AND 5408048
for range-covered
table 1 : explain SELECT k FROM sbtest1 WHERE k BETWEEN 6046108 AND 6046208
	Index Only Scan using k_1 on sbtest1  (cost=0.43..6.27 rows=92 width=4)
	  Index Cond: ((k >= 6046108) AND (k <= 6046208))

table 2 : explain SELECT k FROM sbtest2 WHERE k BETWEEN 6046108 AND 6046208
	Index Only Scan using k_2 on sbtest2  (cost=0.43..6.32 rows=94 width=4)
	  Index Cond: ((k >= 6046108) AND (k <= 6046208))

table 3 : explain SELECT k FROM sbtest3 WHERE k BETWEEN 6046108 AND 6046208
	Index Only Scan using k_3 on sbtest3  (cost=0.43..6.56 rows=106 width=4)
	  Index Cond: ((k >= 6046108) AND (k <= 6046208))

table 4 : explain SELECT k FROM sbtest4 WHERE k BETWEEN 6046108 AND 6046208
	Index Only Scan using k_4 on sbtest4  (cost=0.43..6.45 rows=101 width=4)
	  Index Cond: ((k >= 6046108) AND (k <= 6046208))

table 5 : explain SELECT k FROM sbtest5 WHERE k BETWEEN 6046108 AND 6046208
	Index Only Scan using k_5 on sbtest5  (cost=0.43..6.50 rows=103 width=4)
	  Index Cond: ((k >= 6046108) AND (k <= 6046208))

table 6 : explain SELECT k FROM sbtest6 WHERE k BETWEEN 6046108 AND 6046208
	Index Only Scan using k_6 on sbtest6  (cost=0.43..6.35 rows=96 width=4)
	  Index Cond: ((k >= 6046108) AND (k <= 6046208))

table 7 : explain SELECT k FROM sbtest7 WHERE k BETWEEN 6046108 AND 6046208
	Index Only Scan using k_7 on sbtest7  (cost=0.43..6.58 rows=107 width=4)
	  Index Cond: ((k >= 6046108) AND (k <= 6046208))

table 8 : explain SELECT k FROM sbtest8 WHERE k BETWEEN 6046108 AND 6046208
	Index Only Scan using k_8 on sbtest8  (cost=0.43..10.70 rows=113 width=4)
	  Index Cond: ((k >= 6046108) AND (k <= 6046208))

for range-covered
table 1 : explain SELECT k FROM sbtest1 WHERE k BETWEEN 1213143 AND 1213243
	Index Only Scan using k_1 on sbtest1  (cost=0.43..6.32 rows=94 width=4)
	  Index Cond: ((k >= 1213143) AND (k <= 1213243))

table 2 : explain SELECT k FROM sbtest2 WHERE k BETWEEN 1213143 AND 1213243
	Index Only Scan using k_2 on sbtest2  (cost=0.43..6.50 rows=103 width=4)
	  Index Cond: ((k >= 1213143) AND (k <= 1213243))

table 3 : explain SELECT k FROM sbtest3 WHERE k BETWEEN 1213143 AND 1213243
	Index Only Scan using k_3 on sbtest3  (cost=0.43..6.37 rows=97 width=4)
	  Index Cond: ((k >= 1213143) AND (k <= 1213243))

table 4 : explain SELECT k FROM sbtest4 WHERE k BETWEEN 1213143 AND 1213243
	Index Only Scan using k_4 on sbtest4  (cost=0.43..6.50 rows=103 width=4)
	  Index Cond: ((k >= 1213143) AND (k <= 1213243))

table 5 : explain SELECT k FROM sbtest5 WHERE k BETWEEN 1213143 AND 1213243
	Index Only Scan using k_5 on sbtest5  (cost=0.43..6.53 rows=105 width=4)
	  Index Cond: ((k >= 1213143) AND (k <= 1213243))

table 6 : explain SELECT k FROM sbtest6 WHERE k BETWEEN 1213143 AND 1213243
	Index Only Scan using k_6 on sbtest6  (cost=0.43..6.45 rows=101 width=4)
	  Index Cond: ((k >= 1213143) AND (k <= 1213243))

table 7 : explain SELECT k FROM sbtest7 WHERE k BETWEEN 1213143 AND 1213243
	Index Only Scan using k_7 on sbtest7  (cost=0.43..6.53 rows=105 width=4)
	  Index Cond: ((k >= 1213143) AND (k <= 1213243))

table 8 : explain SELECT k FROM sbtest8 WHERE k BETWEEN 1213143 AND 1213243
	Index Only Scan using k_8 on sbtest8  (cost=0.43..10.29 rows=93 width=4)
	  Index Cond: ((k >= 1213143) AND (k <= 1213243))

explain: for range-covered :: explain SELECT k FROM sbtest%d WHERE k BETWEEN 6046108 AND 6046208
explain: for range-covered :: explain SELECT k FROM sbtest%d WHERE k BETWEEN 5867120 AND 5867220
for range-covered
table 1 : explain SELECT k FROM sbtest1 WHERE k BETWEEN 7724117 AND 7724217
	Index Only Scan using k_1 on sbtest1  (cost=0.43..6.32 rows=94 width=4)
	  Index Cond: ((k >= 7724117) AND (k <= 7724217))

table 2 : explain SELECT k FROM sbtest2 WHERE k BETWEEN 7724117 AND 7724217
	Index Only Scan using k_2 on sbtest2  (cost=0.43..6.43 rows=100 width=4)
	  Index Cond: ((k >= 7724117) AND (k <= 7724217))

table 3 : explain SELECT k FROM sbtest3 WHERE k BETWEEN 7724117 AND 7724217
	Index Only Scan using k_3 on sbtest3  (cost=0.43..6.33 rows=95 width=4)
	  Index Cond: ((k >= 7724117) AND (k <= 7724217))

table 4 : explain SELECT k FROM sbtest4 WHERE k BETWEEN 7724117 AND 7724217
	Index Only Scan using k_4 on sbtest4  (cost=0.43..6.43 rows=100 width=4)
	  Index Cond: ((k >= 7724117) AND (k <= 7724217))

table 5 : explain SELECT k FROM sbtest5 WHERE k BETWEEN 7724117 AND 7724217
	Index Only Scan using k_5 on sbtest5  (cost=0.43..6.45 rows=101 width=4)
	  Index Cond: ((k >= 7724117) AND (k <= 7724217))

table 6 : explain SELECT k FROM sbtest6 WHERE k BETWEEN 7724117 AND 7724217
	Index Only Scan using k_6 on sbtest6  (cost=0.43..6.51 rows=104 width=4)
	  Index Cond: ((k >= 7724117) AND (k <= 7724217))

table 7 : explain SELECT k FROM sbtest7 WHERE k BETWEEN 7724117 AND 7724217
	Index Only Scan using k_7 on sbtest7  (cost=0.43..6.51 rows=104 width=4)
	  Index Cond: ((k >= 7724117) AND (k <= 7724217))

table 8 : explain SELECT k FROM sbtest8 WHERE k BETWEEN 7724117 AND 7724217
	Index Only Scan using k_8 on sbtest8  (cost=0.43..10.47 rows=102 width=4)
	  Index Cond: ((k >= 7724117) AND (k <= 7724217))

for range-covered
table 1 : explain SELECT k FROM sbtest1 WHERE k BETWEEN 6162767 AND 6162867
	Index Only Scan using k_1 on sbtest1  (cost=0.43..6.43 rows=100 width=4)
	  Index Cond: ((k >= 6162767) AND (k <= 6162867))

table 2 : explain SELECT k FROM sbtest2 WHERE k BETWEEN 6162767 AND 6162867
	Index Only Scan using k_2 on sbtest2  (cost=0.43..6.33 rows=95 width=4)
	  Index Cond: ((k >= 6162767) AND (k <= 6162867))

table 3 : explain SELECT k FROM sbtest3 WHERE k BETWEEN 6162767 AND 6162867
	Index Only Scan using k_3 on sbtest3  (cost=0.43..6.51 rows=104 width=4)
	  Index Cond: ((k >= 6162767) AND (k <= 6162867))

table 4 : explain SELECT k FROM sbtest4 WHERE k BETWEEN 6162767 AND 6162867
	Index Only Scan using k_4 on sbtest4  (cost=0.43..6.24 rows=90 width=4)
	  Index Cond: ((k >= 6162767) AND (k <= 6162867))

table 5 : explain SELECT k FROM sbtest5 WHERE k BETWEEN 6162767 AND 6162867
	Index Only Scan using k_5 on sbtest5  (cost=0.43..6.61 rows=109 width=4)
	  Index Cond: ((k >= 6162767) AND (k <= 6162867))

table 6 : explain SELECT k FROM sbtest6 WHERE k BETWEEN 6162767 AND 6162867
	Index Only Scan using k_6 on sbtest6  (cost=0.43..6.37 rows=97 width=4)
	  Index Cond: ((k >= 6162767) AND (k <= 6162867))

table 7 : explain SELECT k FROM sbtest7 WHERE k BETWEEN 6162767 AND 6162867
	Index Only Scan using k_7 on sbtest7  (cost=0.43..6.53 rows=105 width=4)
	  Index Cond: ((k >= 6162767) AND (k <= 6162867))

table 8 : explain SELECT k FROM sbtest8 WHERE k BETWEEN 6162767 AND 6162867
	Index Only Scan using k_8 on sbtest8  (cost=0.43..10.38 rows=97 width=4)
	  Index Cond: ((k >= 6162767) AND (k <= 6162867))

for range-covered
table 1 : explain SELECT k FROM sbtest1 WHERE k BETWEEN 1943248 AND 1943348
	Index Only Scan using k_1 on sbtest1  (cost=0.43..6.29 rows=93 width=4)
	  Index Cond: ((k >= 1943248) AND (k <= 1943348))

table 2 : explain SELECT k FROM sbtest2 WHERE k BETWEEN 1943248 AND 1943348
	Index Only Scan using k_2 on sbtest2  (cost=0.43..6.61 rows=109 width=4)
	  Index Cond: ((k >= 1943248) AND (k <= 1943348))

table 3 : explain SELECT k FROM sbtest3 WHERE k BETWEEN 1943248 AND 1943348
	Index Only Scan using k_3 on sbtest3  (cost=0.43..6.51 rows=104 width=4)
	  Index Cond: ((k >= 1943248) AND (k <= 1943348))

table 4 : explain SELECT k FROM sbtest4 WHERE k BETWEEN 1943248 AND 1943348
	Index Only Scan using k_4 on sbtest4  (cost=0.43..6.27 rows=92 width=4)
	  Index Cond: ((k >= 1943248) AND (k <= 1943348))

table 5 : explain SELECT k FROM sbtest5 WHERE k BETWEEN 1943248 AND 1943348
	Index Only Scan using k_5 on sbtest5  (cost=0.43..6.56 rows=106 width=4)
	  Index Cond: ((k >= 1943248) AND (k <= 1943348))

table 6 : explain SELECT k FROM sbtest6 WHERE k BETWEEN 1943248 AND 1943348
	Index Only Scan using k_6 on sbtest6  (cost=0.43..6.50 rows=103 width=4)
	  Index Cond: ((k >= 1943248) AND (k <= 1943348))

table 7 : explain SELECT k FROM sbtest7 WHERE k BETWEEN 1943248 AND 1943348
	Index Only Scan using k_7 on sbtest7  (cost=0.43..6.61 rows=109 width=4)
	  Index Cond: ((k >= 1943248) AND (k <= 1943348))

table 8 : explain SELECT k FROM sbtest8 WHERE k BETWEEN 1943248 AND 1943348
	Index Only Scan using k_8 on sbtest8  (cost=0.43..10.54 rows=105 width=4)
	  Index Cond: ((k >= 1943248) AND (k <= 1943348))

explain: for range-covered :: explain SELECT k FROM sbtest%d WHERE k BETWEEN 6162767 AND 6162867
explain: for range-covered :: explain SELECT k FROM sbtest%d WHERE k BETWEEN 1943248 AND 1943348
explain: for range-covered :: explain SELECT k FROM sbtest%d WHERE k BETWEEN 1213143 AND 1213243
for range-covered
table 1 : explain SELECT k FROM sbtest1 WHERE k BETWEEN 5523466 AND 5523566
	Index Only Scan using k_1 on sbtest1  (cost=0.43..6.50 rows=103 width=4)
	  Index Cond: ((k >= 5523466) AND (k <= 5523566))

table 2 : explain SELECT k FROM sbtest2 WHERE k BETWEEN 5523466 AND 5523566
	Index Only Scan using k_2 on sbtest2  (cost=0.43..6.63 rows=110 width=4)
	  Index Cond: ((k >= 5523466) AND (k <= 5523566))

table 3 : explain SELECT k FROM sbtest3 WHERE k BETWEEN 5523466 AND 5523566
	Index Only Scan using k_3 on sbtest3  (cost=0.43..6.33 rows=95 width=4)
	  Index Cond: ((k >= 5523466) AND (k <= 5523566))

table 4 : explain SELECT k FROM sbtest4 WHERE k BETWEEN 5523466 AND 5523566
	Index Only Scan using k_4 on sbtest4  (cost=0.43..6.33 rows=95 width=4)
	  Index Cond: ((k >= 5523466) AND (k <= 5523566))

table 5 : explain SELECT k FROM sbtest5 WHERE k BETWEEN 5523466 AND 5523566
	Index Only Scan using k_5 on sbtest5  (cost=0.43..6.56 rows=106 width=4)
	  Index Cond: ((k >= 5523466) AND (k <= 5523566))

table 6 : explain SELECT k FROM sbtest6 WHERE k BETWEEN 5523466 AND 5523566
	Index Only Scan using k_6 on sbtest6  (cost=0.43..6.77 rows=117 width=4)
	  Index Cond: ((k >= 5523466) AND (k <= 5523566))

table 7 : explain SELECT k FROM sbtest7 WHERE k BETWEEN 5523466 AND 5523566
	Index Only Scan using k_7 on sbtest7  (cost=0.43..6.37 rows=97 width=4)
	  Index Cond: ((k >= 5523466) AND (k <= 5523566))

table 8 : explain SELECT k FROM sbtest8 WHERE k BETWEEN 5523466 AND 5523566
	Index Only Scan using k_8 on sbtest8  (cost=0.43..10.42 rows=99 width=4)
	  Index Cond: ((k >= 5523466) AND (k <= 5523566))

for range-covered
table 1 : explain SELECT k FROM sbtest1 WHERE k BETWEEN 4924025 AND 4924125
	Index Only Scan using k_1 on sbtest1  (cost=0.43..6.37 rows=97 width=4)
	  Index Cond: ((k >= 4924025) AND (k <= 4924125))

table 2 : explain SELECT k FROM sbtest2 WHERE k BETWEEN 4924025 AND 4924125
	Index Only Scan using k_2 on sbtest2  (cost=0.43..6.47 rows=102 width=4)
	  Index Cond: ((k >= 4924025) AND (k <= 4924125))

table 3 : explain SELECT k FROM sbtest3 WHERE k BETWEEN 4924025 AND 4924125
	Index Only Scan using k_3 on sbtest3  (cost=0.43..6.43 rows=100 width=4)
	  Index Cond: ((k >= 4924025) AND (k <= 4924125))

table 4 : explain SELECT k FROM sbtest4 WHERE k BETWEEN 4924025 AND 4924125
	Index Only Scan using k_4 on sbtest4  (cost=0.43..6.47 rows=102 width=4)
	  Index Cond: ((k >= 4924025) AND (k <= 4924125))

table 5 : explain SELECT k FROM sbtest5 WHERE k BETWEEN 4924025 AND 4924125
	Index Only Scan using k_5 on sbtest5  (cost=0.43..6.43 rows=100 width=4)
	  Index Cond: ((k >= 4924025) AND (k <= 4924125))

table 6 : explain SELECT k FROM sbtest6 WHERE k BETWEEN 4924025 AND 4924125
	Index Only Scan using k_6 on sbtest6  (cost=0.43..6.50 rows=103 width=4)
	  Index Cond: ((k >= 4924025) AND (k <= 4924125))

table 7 : explain SELECT k FROM sbtest7 WHERE k BETWEEN 4924025 AND 4924125
	Index Only Scan using k_7 on sbtest7  (cost=0.43..6.58 rows=107 width=4)
	  Index Cond: ((k >= 4924025) AND (k <= 4924125))

table 8 : explain SELECT k FROM sbtest8 WHERE k BETWEEN 4924025 AND 4924125
	Index Only Scan using k_8 on sbtest8  (cost=0.43..10.29 rows=93 width=4)
	  Index Cond: ((k >= 4924025) AND (k <= 4924125))

for range-covered
table 1 : explain SELECT k FROM sbtest1 WHERE k BETWEEN 5407948 AND 5408048
	Index Only Scan using k_1 on sbtest1  (cost=0.43..6.47 rows=102 width=4)
	  Index Cond: ((k >= 5407948) AND (k <= 5408048))

table 2 : explain SELECT k FROM sbtest2 WHERE k BETWEEN 5407948 AND 5408048
	Index Only Scan using k_2 on sbtest2  (cost=0.43..6.29 rows=93 width=4)
	  Index Cond: ((k >= 5407948) AND (k <= 5408048))

table 3 : explain SELECT k FROM sbtest3 WHERE k BETWEEN 5407948 AND 5408048
	Index Only Scan using k_3 on sbtest3  (cost=0.43..6.67 rows=112 width=4)
	  Index Cond: ((k >= 5407948) AND (k <= 5408048))

table 4 : explain SELECT k FROM sbtest4 WHERE k BETWEEN 5407948 AND 5408048
	Index Only Scan using k_4 on sbtest4  (cost=0.43..6.56 rows=106 width=4)
	  Index Cond: ((k >= 5407948) AND (k <= 5408048))

table 5 : explain SELECT k FROM sbtest5 WHERE k BETWEEN 5407948 AND 5408048
	Index Only Scan using k_5 on sbtest5  (cost=0.43..6.50 rows=103 width=4)
	  Index Cond: ((k >= 5407948) AND (k <= 5408048))

table 6 : explain SELECT k FROM sbtest6 WHERE k BETWEEN 5407948 AND 5408048
	Index Only Scan using k_6 on sbtest6  (cost=0.43..6.43 rows=100 width=4)
	  Index Cond: ((k >= 5407948) AND (k <= 5408048))

table 7 : explain SELECT k FROM sbtest7 WHERE k BETWEEN 5407948 AND 5408048
	Index Only Scan using k_7 on sbtest7  (cost=0.43..6.43 rows=100 width=4)
	  Index Cond: ((k >= 5407948) AND (k <= 5408048))

table 8 : explain SELECT k FROM sbtest8 WHERE k BETWEEN 5407948 AND 5408048
	Index Only Scan using k_8 on sbtest8  (cost=0.43..10.47 rows=102 width=4)
	  Index Cond: ((k >= 5407948) AND (k <= 5408048))

explain: for range-covered :: explain SELECT k FROM sbtest%d WHERE k BETWEEN 5407948 AND 5408048
for range-covered
table 1 : explain SELECT k FROM sbtest1 WHERE k BETWEEN 6046108 AND 6046208
	Index Only Scan using k_1 on sbtest1  (cost=0.43..6.27 rows=92 width=4)
	  Index Cond: ((k >= 6046108) AND (k <= 6046208))

table 2 : explain SELECT k FROM sbtest2 WHERE k BETWEEN 6046108 AND 6046208
	Index Only Scan using k_2 on sbtest2  (cost=0.43..6.32 rows=94 width=4)
	  Index Cond: ((k >= 6046108) AND (k <= 6046208))

table 3 : explain SELECT k FROM sbtest3 WHERE k BETWEEN 6046108 AND 6046208
	Index Only Scan using k_3 on sbtest3  (cost=0.43..6.56 rows=106 width=4)
	  Index Cond: ((k >= 6046108) AND (k <= 6046208))

table 4 : explain SELECT k FROM sbtest4 WHERE k BETWEEN 6046108 AND 6046208
	Index Only Scan using k_4 on sbtest4  (cost=0.43..6.45 rows=101 width=4)
	  Index Cond: ((k >= 6046108) AND (k <= 6046208))

table 5 : explain SELECT k FROM sbtest5 WHERE k BETWEEN 6046108 AND 6046208
	Index Only Scan using k_5 on sbtest5  (cost=0.43..6.50 rows=103 width=4)
	  Index Cond: ((k >= 6046108) AND (k <= 6046208))

table 6 : explain SELECT k FROM sbtest6 WHERE k BETWEEN 6046108 AND 6046208
	Index Only Scan using k_6 on sbtest6  (cost=0.43..6.35 rows=96 width=4)
	  Index Cond: ((k >= 6046108) AND (k <= 6046208))

table 7 : explain SELECT k FROM sbtest7 WHERE k BETWEEN 6046108 AND 6046208
	Index Only Scan using k_7 on sbtest7  (cost=0.43..6.58 rows=107 width=4)
	  Index Cond: ((k >= 6046108) AND (k <= 6046208))

table 8 : explain SELECT k FROM sbtest8 WHERE k BETWEEN 6046108 AND 6046208
	Index Only Scan using k_8 on sbtest8  (cost=0.43..10.70 rows=113 width=4)
	  Index Cond: ((k >= 6046108) AND (k <= 6046208))

explain: for range-covered :: explain SELECT k FROM sbtest%d WHERE k BETWEEN 6046108 AND 6046208
for range-covered
table 1 : explain SELECT k FROM sbtest1 WHERE k BETWEEN 6162767 AND 6162867
	Index Only Scan using k_1 on sbtest1  (cost=0.43..6.43 rows=100 width=4)
	  Index Cond: ((k >= 6162767) AND (k <= 6162867))

table 2 : explain SELECT k FROM sbtest2 WHERE k BETWEEN 6162767 AND 6162867
	Index Only Scan using k_2 on sbtest2  (cost=0.43..6.33 rows=95 width=4)
	  Index Cond: ((k >= 6162767) AND (k <= 6162867))

table 3 : explain SELECT k FROM sbtest3 WHERE k BETWEEN 6162767 AND 6162867
	Index Only Scan using k_3 on sbtest3  (cost=0.43..6.51 rows=104 width=4)
	  Index Cond: ((k >= 6162767) AND (k <= 6162867))

table 4 : explain SELECT k FROM sbtest4 WHERE k BETWEEN 6162767 AND 6162867
	Index Only Scan using k_4 on sbtest4  (cost=0.43..6.24 rows=90 width=4)
	  Index Cond: ((k >= 6162767) AND (k <= 6162867))

table 5 : explain SELECT k FROM sbtest5 WHERE k BETWEEN 6162767 AND 6162867
	Index Only Scan using k_5 on sbtest5  (cost=0.43..6.61 rows=109 width=4)
	  Index Cond: ((k >= 6162767) AND (k <= 6162867))

table 6 : explain SELECT k FROM sbtest6 WHERE k BETWEEN 6162767 AND 6162867
	Index Only Scan using k_6 on sbtest6  (cost=0.43..6.37 rows=97 width=4)
	  Index Cond: ((k >= 6162767) AND (k <= 6162867))

table 7 : explain SELECT k FROM sbtest7 WHERE k BETWEEN 6162767 AND 6162867
	Index Only Scan using k_7 on sbtest7  (cost=0.43..6.53 rows=105 width=4)
	  Index Cond: ((k >= 6162767) AND (k <= 6162867))

table 8 : explain SELECT k FROM sbtest8 WHERE k BETWEEN 6162767 AND 6162867
	Index Only Scan using k_8 on sbtest8  (cost=0.43..10.38 rows=97 width=4)
	  Index Cond: ((k >= 6162767) AND (k <= 6162867))

explain: for range-covered :: explain SELECT k FROM sbtest%d WHERE k BETWEEN 6162767 AND 6162867
for range-covered
table 1 : explain SELECT k FROM sbtest1 WHERE k BETWEEN 1943248 AND 1943348
	Index Only Scan using k_1 on sbtest1  (cost=0.43..6.29 rows=93 width=4)
	  Index Cond: ((k >= 1943248) AND (k <= 1943348))

table 2 : explain SELECT k FROM sbtest2 WHERE k BETWEEN 1943248 AND 1943348
	Index Only Scan using k_2 on sbtest2  (cost=0.43..6.61 rows=109 width=4)
	  Index Cond: ((k >= 1943248) AND (k <= 1943348))

table 3 : explain SELECT k FROM sbtest3 WHERE k BETWEEN 1943248 AND 1943348
	Index Only Scan using k_3 on sbtest3  (cost=0.43..6.51 rows=104 width=4)
	  Index Cond: ((k >= 1943248) AND (k <= 1943348))

table 4 : explain SELECT k FROM sbtest4 WHERE k BETWEEN 1943248 AND 1943348
	Index Only Scan using k_4 on sbtest4  (cost=0.43..6.27 rows=92 width=4)
	  Index Cond: ((k >= 1943248) AND (k <= 1943348))

table 5 : explain SELECT k FROM sbtest5 WHERE k BETWEEN 1943248 AND 1943348
	Index Only Scan using k_5 on sbtest5  (cost=0.43..6.56 rows=106 width=4)
	  Index Cond: ((k >= 1943248) AND (k <= 1943348))

table 6 : explain SELECT k FROM sbtest6 WHERE k BETWEEN 1943248 AND 1943348
	Index Only Scan using k_6 on sbtest6  (cost=0.43..6.50 rows=103 width=4)
	  Index Cond: ((k >= 1943248) AND (k <= 1943348))

table 7 : explain SELECT k FROM sbtest7 WHERE k BETWEEN 1943248 AND 1943348
	Index Only Scan using k_7 on sbtest7  (cost=0.43..6.61 rows=109 width=4)
	  Index Cond: ((k >= 1943248) AND (k <= 1943348))

table 8 : explain SELECT k FROM sbtest8 WHERE k BETWEEN 1943248 AND 1943348
	Index Only Scan using k_8 on sbtest8  (cost=0.43..10.54 rows=105 width=4)
	  Index Cond: ((k >= 1943248) AND (k <= 1943348))

explain: for range-covered :: explain SELECT k FROM sbtest%d WHERE k BETWEEN 1943248 AND 1943348
for range-covered
table 1 : explain SELECT k FROM sbtest1 WHERE k BETWEEN 5407948 AND 5408048
	Index Only Scan using k_1 on sbtest1  (cost=0.43..6.47 rows=102 width=4)
	  Index Cond: ((k >= 5407948) AND (k <= 5408048))

table 2 : explain SELECT k FROM sbtest2 WHERE k BETWEEN 5407948 AND 5408048
	Index Only Scan using k_2 on sbtest2  (cost=0.43..6.29 rows=93 width=4)
	  Index Cond: ((k >= 5407948) AND (k <= 5408048))

table 3 : explain SELECT k FROM sbtest3 WHERE k BETWEEN 5407948 AND 5408048
	Index Only Scan using k_3 on sbtest3  (cost=0.43..6.67 rows=112 width=4)
	  Index Cond: ((k >= 5407948) AND (k <= 5408048))

table 4 : explain SELECT k FROM sbtest4 WHERE k BETWEEN 5407948 AND 5408048
	Index Only Scan using k_4 on sbtest4  (cost=0.43..6.56 rows=106 width=4)
	  Index Cond: ((k >= 5407948) AND (k <= 5408048))

table 5 : explain SELECT k FROM sbtest5 WHERE k BETWEEN 5407948 AND 5408048
	Index Only Scan using k_5 on sbtest5  (cost=0.43..6.50 rows=103 width=4)
	  Index Cond: ((k >= 5407948) AND (k <= 5408048))

table 6 : explain SELECT k FROM sbtest6 WHERE k BETWEEN 5407948 AND 5408048
	Index Only Scan using k_6 on sbtest6  (cost=0.43..6.43 rows=100 width=4)
	  Index Cond: ((k >= 5407948) AND (k <= 5408048))

table 7 : explain SELECT k FROM sbtest7 WHERE k BETWEEN 5407948 AND 5408048
	Index Only Scan using k_7 on sbtest7  (cost=0.43..6.43 rows=100 width=4)
	  Index Cond: ((k >= 5407948) AND (k <= 5408048))

table 8 : explain SELECT k FROM sbtest8 WHERE k BETWEEN 5407948 AND 5408048
	Index Only Scan using k_8 on sbtest8  (cost=0.43..10.47 rows=102 width=4)
	  Index Cond: ((k >= 5407948) AND (k <= 5408048))

explain: for range-covered :: explain SELECT k FROM sbtest%d WHERE k BETWEEN 5407948 AND 5408048
for range-covered
table 1 : explain SELECT k FROM sbtest1 WHERE k BETWEEN 6118678 AND 6118778
	Index Only Scan using k_1 on sbtest1  (cost=0.43..6.50 rows=103 width=4)
	  Index Cond: ((k >= 6118678) AND (k <= 6118778))

table 2 : explain SELECT k FROM sbtest2 WHERE k BETWEEN 6118678 AND 6118778
	Index Only Scan using k_2 on sbtest2  (cost=0.43..6.33 rows=95 width=4)
	  Index Cond: ((k >= 6118678) AND (k <= 6118778))

table 3 : explain SELECT k FROM sbtest3 WHERE k BETWEEN 6118678 AND 6118778
	Index Only Scan using k_3 on sbtest3  (cost=0.43..6.51 rows=104 width=4)
	  Index Cond: ((k >= 6118678) AND (k <= 6118778))

table 4 : explain SELECT k FROM sbtest4 WHERE k BETWEEN 6118678 AND 6118778
	Index Only Scan using k_4 on sbtest4  (cost=0.43..6.24 rows=90 width=4)
	  Index Cond: ((k >= 6118678) AND (k <= 6118778))

table 5 : explain SELECT k FROM sbtest5 WHERE k BETWEEN 6118678 AND 6118778
	Index Only Scan using k_5 on sbtest5  (cost=0.43..6.61 rows=109 width=4)
	  Index Cond: ((k >= 6118678) AND (k <= 6118778))

table 6 : explain SELECT k FROM sbtest6 WHERE k BETWEEN 6118678 AND 6118778
	Index Only Scan using k_6 on sbtest6  (cost=0.43..6.35 rows=96 width=4)
	  Index Cond: ((k >= 6118678) AND (k <= 6118778))

table 7 : explain SELECT k FROM sbtest7 WHERE k BETWEEN 6118678 AND 6118778
	Index Only Scan using k_7 on sbtest7  (cost=0.43..6.53 rows=105 width=4)
	  Index Cond: ((k >= 6118678) AND (k <= 6118778))

table 8 : explain SELECT k FROM sbtest8 WHERE k BETWEEN 6118678 AND 6118778
	Index Only Scan using k_8 on sbtest8  (cost=0.43..10.38 rows=97 width=4)
	  Index Cond: ((k >= 6118678) AND (k <= 6118778))

for range-covered
table 1 : explain SELECT k FROM sbtest1 WHERE k BETWEEN 5867120 AND 5867220
	Index Only Scan using k_1 on sbtest1  (cost=0.43..6.63 rows=110 width=4)
	  Index Cond: ((k >= 5867120) AND (k <= 5867220))

table 2 : explain SELECT k FROM sbtest2 WHERE k BETWEEN 5867120 AND 5867220
	Index Only Scan using k_2 on sbtest2  (cost=0.43..6.29 rows=93 width=4)
	  Index Cond: ((k >= 5867120) AND (k <= 5867220))

table 3 : explain SELECT k FROM sbtest3 WHERE k BETWEEN 5867120 AND 5867220
	Index Only Scan using k_3 on sbtest3  (cost=0.43..6.29 rows=93 width=4)
	  Index Cond: ((k >= 5867120) AND (k <= 5867220))

table 4 : explain SELECT k FROM sbtest4 WHERE k BETWEEN 5867120 AND 5867220
	Index Only Scan using k_4 on sbtest4  (cost=0.43..6.40 rows=98 width=4)
	  Index Cond: ((k >= 5867120) AND (k <= 5867220))

table 5 : explain SELECT k FROM sbtest5 WHERE k BETWEEN 5867120 AND 5867220
	Index Only Scan using k_5 on sbtest5  (cost=0.43..6.32 rows=94 width=4)
	  Index Cond: ((k >= 5867120) AND (k <= 5867220))

table 6 : explain SELECT k FROM sbtest6 WHERE k BETWEEN 5867120 AND 5867220
	Index Only Scan using k_6 on sbtest6  (cost=0.43..6.45 rows=101 width=4)
	  Index Cond: ((k >= 5867120) AND (k <= 5867220))

table 7 : explain SELECT k FROM sbtest7 WHERE k BETWEEN 5867120 AND 5867220
	Index Only Scan using k_7 on sbtest7  (cost=0.43..6.51 rows=104 width=4)
	  Index Cond: ((k >= 5867120) AND (k <= 5867220))

table 8 : explain SELECT k FROM sbtest8 WHERE k BETWEEN 5867120 AND 5867220
	Index Only Scan using k_8 on sbtest8  (cost=0.43..10.74 rows=115 width=4)
	  Index Cond: ((k >= 5867120) AND (k <= 5867220))

explain: for range-covered :: explain SELECT k FROM sbtest%d WHERE k BETWEEN 6118678 AND 6118778
for range-covered
table 1 : explain SELECT k FROM sbtest1 WHERE k BETWEEN 6046108 AND 6046208
	Index Only Scan using k_1 on sbtest1  (cost=0.43..6.27 rows=92 width=4)
	  Index Cond: ((k >= 6046108) AND (k <= 6046208))

table 2 : explain SELECT k FROM sbtest2 WHERE k BETWEEN 6046108 AND 6046208
	Index Only Scan using k_2 on sbtest2  (cost=0.43..6.32 rows=94 width=4)
	  Index Cond: ((k >= 6046108) AND (k <= 6046208))

table 3 : explain SELECT k FROM sbtest3 WHERE k BETWEEN 6046108 AND 6046208
	Index Only Scan using k_3 on sbtest3  (cost=0.43..6.56 rows=106 width=4)
	  Index Cond: ((k >= 6046108) AND (k <= 6046208))

table 4 : explain SELECT k FROM sbtest4 WHERE k BETWEEN 6046108 AND 6046208
	Index Only Scan using k_4 on sbtest4  (cost=0.43..6.45 rows=101 width=4)
	  Index Cond: ((k >= 6046108) AND (k <= 6046208))

table 5 : explain SELECT k FROM sbtest5 WHERE k BETWEEN 6046108 AND 6046208
	Index Only Scan using k_5 on sbtest5  (cost=0.43..6.50 rows=103 width=4)
	  Index Cond: ((k >= 6046108) AND (k <= 6046208))

table 6 : explain SELECT k FROM sbtest6 WHERE k BETWEEN 6046108 AND 6046208
	Index Only Scan using k_6 on sbtest6  (cost=0.43..6.35 rows=96 width=4)
	  Index Cond: ((k >= 6046108) AND (k <= 6046208))

table 7 : explain SELECT k FROM sbtest7 WHERE k BETWEEN 6046108 AND 6046208
	Index Only Scan using k_7 on sbtest7  (cost=0.43..6.58 rows=107 width=4)
	  Index Cond: ((k >= 6046108) AND (k <= 6046208))

table 8 : explain SELECT k FROM sbtest8 WHERE k BETWEEN 6046108 AND 6046208
	Index Only Scan using k_8 on sbtest8  (cost=0.43..10.70 rows=113 width=4)
	  Index Cond: ((k >= 6046108) AND (k <= 6046208))

for range-covered
table 1 : explain SELECT k FROM sbtest1 WHERE k BETWEEN 1213143 AND 1213243
	Index Only Scan using k_1 on sbtest1  (cost=0.43..6.32 rows=94 width=4)
	  Index Cond: ((k >= 1213143) AND (k <= 1213243))

table 2 : explain SELECT k FROM sbtest2 WHERE k BETWEEN 1213143 AND 1213243
	Index Only Scan using k_2 on sbtest2  (cost=0.43..6.50 rows=103 width=4)
	  Index Cond: ((k >= 1213143) AND (k <= 1213243))

table 3 : explain SELECT k FROM sbtest3 WHERE k BETWEEN 1213143 AND 1213243
	Index Only Scan using k_3 on sbtest3  (cost=0.43..6.37 rows=97 width=4)
	  Index Cond: ((k >= 1213143) AND (k <= 1213243))

table 4 : explain SELECT k FROM sbtest4 WHERE k BETWEEN 1213143 AND 1213243
	Index Only Scan using k_4 on sbtest4  (cost=0.43..6.50 rows=103 width=4)
	  Index Cond: ((k >= 1213143) AND (k <= 1213243))

table 5 : explain SELECT k FROM sbtest5 WHERE k BETWEEN 1213143 AND 1213243
	Index Only Scan using k_5 on sbtest5  (cost=0.43..6.53 rows=105 width=4)
	  Index Cond: ((k >= 1213143) AND (k <= 1213243))

table 6 : explain SELECT k FROM sbtest6 WHERE k BETWEEN 1213143 AND 1213243
	Index Only Scan using k_6 on sbtest6  (cost=0.43..6.45 rows=101 width=4)
	  Index Cond: ((k >= 1213143) AND (k <= 1213243))

table 7 : explain SELECT k FROM sbtest7 WHERE k BETWEEN 1213143 AND 1213243
	Index Only Scan using k_7 on sbtest7  (cost=0.43..6.53 rows=105 width=4)
	  Index Cond: ((k >= 1213143) AND (k <= 1213243))

table 8 : explain SELECT k FROM sbtest8 WHERE k BETWEEN 1213143 AND 1213243
	Index Only Scan using k_8 on sbtest8  (cost=0.43..10.29 rows=93 width=4)
	  Index Cond: ((k >= 1213143) AND (k <= 1213243))

explain: for range-covered :: explain SELECT k FROM sbtest%d WHERE k BETWEEN 5867120 AND 5867220
explain: for range-covered :: explain SELECT k FROM sbtest%d WHERE k BETWEEN 6046108 AND 6046208
for range-covered
table 1 : explain SELECT k FROM sbtest1 WHERE k BETWEEN 6162767 AND 6162867
	Index Only Scan using k_1 on sbtest1  (cost=0.43..6.43 rows=100 width=4)
	  Index Cond: ((k >= 6162767) AND (k <= 6162867))

table 2 : explain SELECT k FROM sbtest2 WHERE k BETWEEN 6162767 AND 6162867
	Index Only Scan using k_2 on sbtest2  (cost=0.43..6.33 rows=95 width=4)
	  Index Cond: ((k >= 6162767) AND (k <= 6162867))

table 3 : explain SELECT k FROM sbtest3 WHERE k BETWEEN 6162767 AND 6162867
	Index Only Scan using k_3 on sbtest3  (cost=0.43..6.51 rows=104 width=4)
	  Index Cond: ((k >= 6162767) AND (k <= 6162867))

table 4 : explain SELECT k FROM sbtest4 WHERE k BETWEEN 6162767 AND 6162867
	Index Only Scan using k_4 on sbtest4  (cost=0.43..6.24 rows=90 width=4)
	  Index Cond: ((k >= 6162767) AND (k <= 6162867))

table 5 : explain SELECT k FROM sbtest5 WHERE k BETWEEN 6162767 AND 6162867
	Index Only Scan using k_5 on sbtest5  (cost=0.43..6.61 rows=109 width=4)
	  Index Cond: ((k >= 6162767) AND (k <= 6162867))

table 6 : explain SELECT k FROM sbtest6 WHERE k BETWEEN 6162767 AND 6162867
	Index Only Scan using k_6 on sbtest6  (cost=0.43..6.37 rows=97 width=4)
	  Index Cond: ((k >= 6162767) AND (k <= 6162867))

table 7 : explain SELECT k FROM sbtest7 WHERE k BETWEEN 6162767 AND 6162867
	Index Only Scan using k_7 on sbtest7  (cost=0.43..6.53 rows=105 width=4)
	  Index Cond: ((k >= 6162767) AND (k <= 6162867))

table 8 : explain SELECT k FROM sbtest8 WHERE k BETWEEN 6162767 AND 6162867
	Index Only Scan using k_8 on sbtest8  (cost=0.43..10.38 rows=97 width=4)
	  Index Cond: ((k >= 6162767) AND (k <= 6162867))

explain: for range-covered :: explain SELECT k FROM sbtest%d WHERE k BETWEEN 1213143 AND 1213243
for range-covered
table 1 : explain SELECT k FROM sbtest1 WHERE k BETWEEN 1943248 AND 1943348
	Index Only Scan using k_1 on sbtest1  (cost=0.43..6.29 rows=93 width=4)
	  Index Cond: ((k >= 1943248) AND (k <= 1943348))

table 2 : explain SELECT k FROM sbtest2 WHERE k BETWEEN 1943248 AND 1943348
	Index Only Scan using k_2 on sbtest2  (cost=0.43..6.61 rows=109 width=4)
	  Index Cond: ((k >= 1943248) AND (k <= 1943348))

table 3 : explain SELECT k FROM sbtest3 WHERE k BETWEEN 1943248 AND 1943348
	Index Only Scan using k_3 on sbtest3  (cost=0.43..6.51 rows=104 width=4)
	  Index Cond: ((k >= 1943248) AND (k <= 1943348))

table 4 : explain SELECT k FROM sbtest4 WHERE k BETWEEN 1943248 AND 1943348
	Index Only Scan using k_4 on sbtest4  (cost=0.43..6.27 rows=92 width=4)
	  Index Cond: ((k >= 1943248) AND (k <= 1943348))

table 5 : explain SELECT k FROM sbtest5 WHERE k BETWEEN 1943248 AND 1943348
	Index Only Scan using k_5 on sbtest5  (cost=0.43..6.56 rows=106 width=4)
	  Index Cond: ((k >= 1943248) AND (k <= 1943348))

table 6 : explain SELECT k FROM sbtest6 WHERE k BETWEEN 1943248 AND 1943348
	Index Only Scan using k_6 on sbtest6  (cost=0.43..6.50 rows=103 width=4)
	  Index Cond: ((k >= 1943248) AND (k <= 1943348))

table 7 : explain SELECT k FROM sbtest7 WHERE k BETWEEN 1943248 AND 1943348
	Index Only Scan using k_7 on sbtest7  (cost=0.43..6.61 rows=109 width=4)
	  Index Cond: ((k >= 1943248) AND (k <= 1943348))

table 8 : explain SELECT k FROM sbtest8 WHERE k BETWEEN 1943248 AND 1943348
	Index Only Scan using k_8 on sbtest8  (cost=0.43..10.54 rows=105 width=4)
	  Index Cond: ((k >= 1943248) AND (k <= 1943348))

explain: for range-covered :: explain SELECT k FROM sbtest%d WHERE k BETWEEN 1943248 AND 1943348
for range-covered
table 1 : explain SELECT k FROM sbtest1 WHERE k BETWEEN 5407948 AND 5408048
	Index Only Scan using k_1 on sbtest1  (cost=0.43..6.47 rows=102 width=4)
	  Index Cond: ((k >= 5407948) AND (k <= 5408048))

table 2 : explain SELECT k FROM sbtest2 WHERE k BETWEEN 5407948 AND 5408048
	Index Only Scan using k_2 on sbtest2  (cost=0.43..6.29 rows=93 width=4)
	  Index Cond: ((k >= 5407948) AND (k <= 5408048))

table 3 : explain SELECT k FROM sbtest3 WHERE k BETWEEN 5407948 AND 5408048
	Index Only Scan using k_3 on sbtest3  (cost=0.43..6.67 rows=112 width=4)
	  Index Cond: ((k >= 5407948) AND (k <= 5408048))

table 4 : explain SELECT k FROM sbtest4 WHERE k BETWEEN 5407948 AND 5408048
	Index Only Scan using k_4 on sbtest4  (cost=0.43..6.56 rows=106 width=4)
	  Index Cond: ((k >= 5407948) AND (k <= 5408048))

table 5 : explain SELECT k FROM sbtest5 WHERE k BETWEEN 5407948 AND 5408048
	Index Only Scan using k_5 on sbtest5  (cost=0.43..6.50 rows=103 width=4)
	  Index Cond: ((k >= 5407948) AND (k <= 5408048))

table 6 : explain SELECT k FROM sbtest6 WHERE k BETWEEN 5407948 AND 5408048
	Index Only Scan using k_6 on sbtest6  (cost=0.43..6.43 rows=100 width=4)
	  Index Cond: ((k >= 5407948) AND (k <= 5408048))

table 7 : explain SELECT k FROM sbtest7 WHERE k BETWEEN 5407948 AND 5408048
	Index Only Scan using k_7 on sbtest7  (cost=0.43..6.43 rows=100 width=4)
	  Index Cond: ((k >= 5407948) AND (k <= 5408048))

table 8 : explain SELECT k FROM sbtest8 WHERE k BETWEEN 5407948 AND 5408048
	Index Only Scan using k_8 on sbtest8  (cost=0.43..10.47 rows=102 width=4)
	  Index Cond: ((k >= 5407948) AND (k <= 5408048))

explain: for range-covered :: explain SELECT k FROM sbtest%d WHERE k BETWEEN 5407948 AND 5408048
for range-covered
table 1 : explain SELECT k FROM sbtest1 WHERE k BETWEEN 2318978 AND 2319078
	Index Only Scan using k_1 on sbtest1  (cost=0.43..6.25 rows=91 width=4)
	  Index Cond: ((k >= 2318978) AND (k <= 2319078))

table 2 : explain SELECT k FROM sbtest2 WHERE k BETWEEN 2318978 AND 2319078
	Index Only Scan using k_2 on sbtest2  (cost=0.43..6.40 rows=98 width=4)
	  Index Cond: ((k >= 2318978) AND (k <= 2319078))

table 3 : explain SELECT k FROM sbtest3 WHERE k BETWEEN 2318978 AND 2319078
	Index Only Scan using k_3 on sbtest3  (cost=0.43..6.66 rows=111 width=4)
	  Index Cond: ((k >= 2318978) AND (k <= 2319078))

table 4 : explain SELECT k FROM sbtest4 WHERE k BETWEEN 2318978 AND 2319078
	Index Only Scan using k_4 on sbtest4  (cost=0.43..6.67 rows=112 width=4)
	  Index Cond: ((k >= 2318978) AND (k <= 2319078))

table 5 : explain SELECT k FROM sbtest5 WHERE k BETWEEN 2318978 AND 2319078
	Index Only Scan using k_5 on sbtest5  (cost=0.43..6.56 rows=106 width=4)
	  Index Cond: ((k >= 2318978) AND (k <= 2319078))

table 6 : explain SELECT k FROM sbtest6 WHERE k BETWEEN 2318978 AND 2319078
	Index Only Scan using k_6 on sbtest6  (cost=0.43..6.27 rows=92 width=4)
	  Index Cond: ((k >= 2318978) AND (k <= 2319078))

table 7 : explain SELECT k FROM sbtest7 WHERE k BETWEEN 2318978 AND 2319078
	Index Only Scan using k_7 on sbtest7  (cost=0.43..6.42 rows=99 width=4)
	  Index Cond: ((k >= 2318978) AND (k <= 2319078))

table 8 : explain SELECT k FROM sbtest8 WHERE k BETWEEN 2318978 AND 2319078
	Index Only Scan using k_8 on sbtest8  (cost=0.43..10.62 rows=109 width=4)
	  Index Cond: ((k >= 2318978) AND (k <= 2319078))

for range-covered
table 1 : explain SELECT k FROM sbtest1 WHERE k BETWEEN 6046108 AND 6046208
	Index Only Scan using k_1 on sbtest1  (cost=0.43..6.27 rows=92 width=4)
	  Index Cond: ((k >= 6046108) AND (k <= 6046208))

table 2 : explain SELECT k FROM sbtest2 WHERE k BETWEEN 6046108 AND 6046208
	Index Only Scan using k_2 on sbtest2  (cost=0.43..6.32 rows=94 width=4)
	  Index Cond: ((k >= 6046108) AND (k <= 6046208))

table 3 : explain SELECT k FROM sbtest3 WHERE k BETWEEN 6046108 AND 6046208
	Index Only Scan using k_3 on sbtest3  (cost=0.43..6.56 rows=106 width=4)
	  Index Cond: ((k >= 6046108) AND (k <= 6046208))

table 4 : explain SELECT k FROM sbtest4 WHERE k BETWEEN 6046108 AND 6046208
	Index Only Scan using k_4 on sbtest4  (cost=0.43..6.45 rows=101 width=4)
	  Index Cond: ((k >= 6046108) AND (k <= 6046208))

table 5 : explain SELECT k FROM sbtest5 WHERE k BETWEEN 6046108 AND 6046208
	Index Only Scan using k_5 on sbtest5  (cost=0.43..6.50 rows=103 width=4)
	  Index Cond: ((k >= 6046108) AND (k <= 6046208))

table 6 : explain SELECT k FROM sbtest6 WHERE k BETWEEN 6046108 AND 6046208
	Index Only Scan using k_6 on sbtest6  (cost=0.43..6.35 rows=96 width=4)
	  Index Cond: ((k >= 6046108) AND (k <= 6046208))

table 7 : explain SELECT k FROM sbtest7 WHERE k BETWEEN 6046108 AND 6046208
	Index Only Scan using k_7 on sbtest7  (cost=0.43..6.58 rows=107 width=4)
	  Index Cond: ((k >= 6046108) AND (k <= 6046208))

table 8 : explain SELECT k FROM sbtest8 WHERE k BETWEEN 6046108 AND 6046208
	Index Only Scan using k_8 on sbtest8  (cost=0.43..10.70 rows=113 width=4)
	  Index Cond: ((k >= 6046108) AND (k <= 6046208))

explain: for range-covered :: explain SELECT k FROM sbtest%d WHERE k BETWEEN 2318978 AND 2319078
for range-covered
table 1 : explain SELECT k FROM sbtest1 WHERE k BETWEEN 1943248 AND 1943348
	Index Only Scan using k_1 on sbtest1  (cost=0.43..6.29 rows=93 width=4)
	  Index Cond: ((k >= 1943248) AND (k <= 1943348))

table 2 : explain SELECT k FROM sbtest2 WHERE k BETWEEN 1943248 AND 1943348
	Index Only Scan using k_2 on sbtest2  (cost=0.43..6.61 rows=109 width=4)
	  Index Cond: ((k >= 1943248) AND (k <= 1943348))

table 3 : explain SELECT k FROM sbtest3 WHERE k BETWEEN 1943248 AND 1943348
	Index Only Scan using k_3 on sbtest3  (cost=0.43..6.51 rows=104 width=4)
	  Index Cond: ((k >= 1943248) AND (k <= 1943348))

table 4 : explain SELECT k FROM sbtest4 WHERE k BETWEEN 1943248 AND 1943348
	Index Only Scan using k_4 on sbtest4  (cost=0.43..6.27 rows=92 width=4)
	  Index Cond: ((k >= 1943248) AND (k <= 1943348))

table 5 : explain SELECT k FROM sbtest5 WHERE k BETWEEN 1943248 AND 1943348
	Index Only Scan using k_5 on sbtest5  (cost=0.43..6.56 rows=106 width=4)
	  Index Cond: ((k >= 1943248) AND (k <= 1943348))

table 6 : explain SELECT k FROM sbtest6 WHERE k BETWEEN 1943248 AND 1943348
	Index Only Scan using k_6 on sbtest6  (cost=0.43..6.50 rows=103 width=4)
	  Index Cond: ((k >= 1943248) AND (k <= 1943348))

table 7 : explain SELECT k FROM sbtest7 WHERE k BETWEEN 1943248 AND 1943348
	Index Only Scan using k_7 on sbtest7  (cost=0.43..6.61 rows=109 width=4)
	  Index Cond: ((k >= 1943248) AND (k <= 1943348))

table 8 : explain SELECT k FROM sbtest8 WHERE k BETWEEN 1943248 AND 1943348
	Index Only Scan using k_8 on sbtest8  (cost=0.43..10.54 rows=105 width=4)
	  Index Cond: ((k >= 1943248) AND (k <= 1943348))

explain: for range-covered :: explain SELECT k FROM sbtest%d WHERE k BETWEEN 1943248 AND 1943348
for range-covered
table 1 : explain SELECT k FROM sbtest1 WHERE k BETWEEN 5867120 AND 5867220
	Index Only Scan using k_1 on sbtest1  (cost=0.43..6.63 rows=110 width=4)
	  Index Cond: ((k >= 5867120) AND (k <= 5867220))

table 2 : explain SELECT k FROM sbtest2 WHERE k BETWEEN 5867120 AND 5867220
	Index Only Scan using k_2 on sbtest2  (cost=0.43..6.29 rows=93 width=4)
	  Index Cond: ((k >= 5867120) AND (k <= 5867220))

table 3 : explain SELECT k FROM sbtest3 WHERE k BETWEEN 5867120 AND 5867220
	Index Only Scan using k_3 on sbtest3  (cost=0.43..6.29 rows=93 width=4)
	  Index Cond: ((k >= 5867120) AND (k <= 5867220))

table 4 : explain SELECT k FROM sbtest4 WHERE k BETWEEN 5867120 AND 5867220
	Index Only Scan using k_4 on sbtest4  (cost=0.43..6.40 rows=98 width=4)
	  Index Cond: ((k >= 5867120) AND (k <= 5867220))

table 5 : explain SELECT k FROM sbtest5 WHERE k BETWEEN 5867120 AND 5867220
	Index Only Scan using k_5 on sbtest5  (cost=0.43..6.32 rows=94 width=4)
	  Index Cond: ((k >= 5867120) AND (k <= 5867220))

table 6 : explain SELECT k FROM sbtest6 WHERE k BETWEEN 5867120 AND 5867220
	Index Only Scan using k_6 on sbtest6  (cost=0.43..6.45 rows=101 width=4)
	  Index Cond: ((k >= 5867120) AND (k <= 5867220))

table 7 : explain SELECT k FROM sbtest7 WHERE k BETWEEN 5867120 AND 5867220
	Index Only Scan using k_7 on sbtest7  (cost=0.43..6.51 rows=104 width=4)
	  Index Cond: ((k >= 5867120) AND (k <= 5867220))

table 8 : explain SELECT k FROM sbtest8 WHERE k BETWEEN 5867120 AND 5867220
	Index Only Scan using k_8 on sbtest8  (cost=0.43..10.74 rows=115 width=4)
	  Index Cond: ((k >= 5867120) AND (k <= 5867220))

for range-covered
table 1 : explain SELECT k FROM sbtest1 WHERE k BETWEEN 1213143 AND 1213243
	Index Only Scan using k_1 on sbtest1  (cost=0.43..6.32 rows=94 width=4)
	  Index Cond: ((k >= 1213143) AND (k <= 1213243))

table 2 : explain SELECT k FROM sbtest2 WHERE k BETWEEN 1213143 AND 1213243
	Index Only Scan using k_2 on sbtest2  (cost=0.43..6.50 rows=103 width=4)
	  Index Cond: ((k >= 1213143) AND (k <= 1213243))

table 3 : explain SELECT k FROM sbtest3 WHERE k BETWEEN 1213143 AND 1213243
	Index Only Scan using k_3 on sbtest3  (cost=0.43..6.37 rows=97 width=4)
	  Index Cond: ((k >= 1213143) AND (k <= 1213243))

table 4 : explain SELECT k FROM sbtest4 WHERE k BETWEEN 1213143 AND 1213243
	Index Only Scan using k_4 on sbtest4  (cost=0.43..6.50 rows=103 width=4)
	  Index Cond: ((k >= 1213143) AND (k <= 1213243))

table 5 : explain SELECT k FROM sbtest5 WHERE k BETWEEN 1213143 AND 1213243
	Index Only Scan using k_5 on sbtest5  (cost=0.43..6.53 rows=105 width=4)
	  Index Cond: ((k >= 1213143) AND (k <= 1213243))

table 6 : explain SELECT k FROM sbtest6 WHERE k BETWEEN 1213143 AND 1213243
	Index Only Scan using k_6 on sbtest6  (cost=0.43..6.45 rows=101 width=4)
	  Index Cond: ((k >= 1213143) AND (k <= 1213243))

table 7 : explain SELECT k FROM sbtest7 WHERE k BETWEEN 1213143 AND 1213243
	Index Only Scan using k_7 on sbtest7  (cost=0.43..6.53 rows=105 width=4)
	  Index Cond: ((k >= 1213143) AND (k <= 1213243))

table 8 : explain SELECT k FROM sbtest8 WHERE k BETWEEN 1213143 AND 1213243
	Index Only Scan using k_8 on sbtest8  (cost=0.43..10.29 rows=93 width=4)
	  Index Cond: ((k >= 1213143) AND (k <= 1213243))

explain: for range-covered :: explain SELECT k FROM sbtest%d WHERE k BETWEEN 5867120 AND 5867220
for range-covered
table 1 : explain SELECT k FROM sbtest1 WHERE k BETWEEN 2318978 AND 2319078
	Index Only Scan using k_1 on sbtest1  (cost=0.43..6.25 rows=91 width=4)
	  Index Cond: ((k >= 2318978) AND (k <= 2319078))

table 2 : explain SELECT k FROM sbtest2 WHERE k BETWEEN 2318978 AND 2319078
	Index Only Scan using k_2 on sbtest2  (cost=0.43..6.40 rows=98 width=4)
	  Index Cond: ((k >= 2318978) AND (k <= 2319078))

table 3 : explain SELECT k FROM sbtest3 WHERE k BETWEEN 2318978 AND 2319078
	Index Only Scan using k_3 on sbtest3  (cost=0.43..6.66 rows=111 width=4)
	  Index Cond: ((k >= 2318978) AND (k <= 2319078))

table 4 : explain SELECT k FROM sbtest4 WHERE k BETWEEN 2318978 AND 2319078
	Index Only Scan using k_4 on sbtest4  (cost=0.43..6.67 rows=112 width=4)
	  Index Cond: ((k >= 2318978) AND (k <= 2319078))

table 5 : explain SELECT k FROM sbtest5 WHERE k BETWEEN 2318978 AND 2319078
	Index Only Scan using k_5 on sbtest5  (cost=0.43..6.56 rows=106 width=4)
	  Index Cond: ((k >= 2318978) AND (k <= 2319078))

table 6 : explain SELECT k FROM sbtest6 WHERE k BETWEEN 2318978 AND 2319078
	Index Only Scan using k_6 on sbtest6  (cost=0.43..6.27 rows=92 width=4)
	  Index Cond: ((k >= 2318978) AND (k <= 2319078))

table 7 : explain SELECT k FROM sbtest7 WHERE k BETWEEN 2318978 AND 2319078
	Index Only Scan using k_7 on sbtest7  (cost=0.43..6.42 rows=99 width=4)
	  Index Cond: ((k >= 2318978) AND (k <= 2319078))

table 8 : explain SELECT k FROM sbtest8 WHERE k BETWEEN 2318978 AND 2319078
	Index Only Scan using k_8 on sbtest8  (cost=0.43..10.62 rows=109 width=4)
	  Index Cond: ((k >= 2318978) AND (k <= 2319078))

explain: for range-covered :: explain SELECT k FROM sbtest%d WHERE k BETWEEN 2318978 AND 2319078
explain: for range-covered :: explain SELECT k FROM sbtest%d WHERE k BETWEEN 5151417 AND 5151517
explain: for range-covered :: explain SELECT k FROM sbtest%d WHERE k BETWEEN 1492828 AND 1492928
explain: for range-covered :: explain SELECT k FROM sbtest%d WHERE k BETWEEN 1213143 AND 1213243
for range-covered
table 1 : explain SELECT k FROM sbtest1 WHERE k BETWEEN 1943248 AND 1943348
	Index Only Scan using k_1 on sbtest1  (cost=0.43..6.29 rows=93 width=4)
	  Index Cond: ((k >= 1943248) AND (k <= 1943348))

table 2 : explain SELECT k FROM sbtest2 WHERE k BETWEEN 1943248 AND 1943348
	Index Only Scan using k_2 on sbtest2  (cost=0.43..6.61 rows=109 width=4)
	  Index Cond: ((k >= 1943248) AND (k <= 1943348))

table 3 : explain SELECT k FROM sbtest3 WHERE k BETWEEN 1943248 AND 1943348
	Index Only Scan using k_3 on sbtest3  (cost=0.43..6.51 rows=104 width=4)
	  Index Cond: ((k >= 1943248) AND (k <= 1943348))

table 4 : explain SELECT k FROM sbtest4 WHERE k BETWEEN 1943248 AND 1943348
	Index Only Scan using k_4 on sbtest4  (cost=0.43..6.27 rows=92 width=4)
	  Index Cond: ((k >= 1943248) AND (k <= 1943348))

table 5 : explain SELECT k FROM sbtest5 WHERE k BETWEEN 1943248 AND 1943348
	Index Only Scan using k_5 on sbtest5  (cost=0.43..6.56 rows=106 width=4)
	  Index Cond: ((k >= 1943248) AND (k <= 1943348))

table 6 : explain SELECT k FROM sbtest6 WHERE k BETWEEN 1943248 AND 1943348
	Index Only Scan using k_6 on sbtest6  (cost=0.43..6.50 rows=103 width=4)
	  Index Cond: ((k >= 1943248) AND (k <= 1943348))

table 7 : explain SELECT k FROM sbtest7 WHERE k BETWEEN 1943248 AND 1943348
	Index Only Scan using k_7 on sbtest7  (cost=0.43..6.61 rows=109 width=4)
	  Index Cond: ((k >= 1943248) AND (k <= 1943348))

table 8 : explain SELECT k FROM sbtest8 WHERE k BETWEEN 1943248 AND 1943348
	Index Only Scan using k_8 on sbtest8  (cost=0.43..10.54 rows=105 width=4)
	  Index Cond: ((k >= 1943248) AND (k <= 1943348))

for range-covered
table 1 : explain SELECT k FROM sbtest1 WHERE k BETWEEN 6118678 AND 6118778
	Index Only Scan using k_1 on sbtest1  (cost=0.43..6.50 rows=103 width=4)
	  Index Cond: ((k >= 6118678) AND (k <= 6118778))

table 2 : explain SELECT k FROM sbtest2 WHERE k BETWEEN 6118678 AND 6118778
	Index Only Scan using k_2 on sbtest2  (cost=0.43..6.33 rows=95 width=4)
	  Index Cond: ((k >= 6118678) AND (k <= 6118778))

table 3 : explain SELECT k FROM sbtest3 WHERE k BETWEEN 6118678 AND 6118778
	Index Only Scan using k_3 on sbtest3  (cost=0.43..6.51 rows=104 width=4)
	  Index Cond: ((k >= 6118678) AND (k <= 6118778))

table 4 : explain SELECT k FROM sbtest4 WHERE k BETWEEN 6118678 AND 6118778
	Index Only Scan using k_4 on sbtest4  (cost=0.43..6.24 rows=90 width=4)
	  Index Cond: ((k >= 6118678) AND (k <= 6118778))

table 5 : explain SELECT k FROM sbtest5 WHERE k BETWEEN 6118678 AND 6118778
	Index Only Scan using k_5 on sbtest5  (cost=0.43..6.61 rows=109 width=4)
	  Index Cond: ((k >= 6118678) AND (k <= 6118778))

table 6 : explain SELECT k FROM sbtest6 WHERE k BETWEEN 6118678 AND 6118778
	Index Only Scan using k_6 on sbtest6  (cost=0.43..6.35 rows=96 width=4)
	  Index Cond: ((k >= 6118678) AND (k <= 6118778))

table 7 : explain SELECT k FROM sbtest7 WHERE k BETWEEN 6118678 AND 6118778
	Index Only Scan using k_7 on sbtest7  (cost=0.43..6.53 rows=105 width=4)
	  Index Cond: ((k >= 6118678) AND (k <= 6118778))

table 8 : explain SELECT k FROM sbtest8 WHERE k BETWEEN 6118678 AND 6118778
	Index Only Scan using k_8 on sbtest8  (cost=0.43..10.38 rows=97 width=4)
	  Index Cond: ((k >= 6118678) AND (k <= 6118778))

explain: for range-covered :: explain SELECT k FROM sbtest%d WHERE k BETWEEN 6118678 AND 6118778
for range-covered
table 1 : explain SELECT k FROM sbtest1 WHERE k BETWEEN 2318978 AND 2319078
	Index Only Scan using k_1 on sbtest1  (cost=0.43..6.25 rows=91 width=4)
	  Index Cond: ((k >= 2318978) AND (k <= 2319078))

table 2 : explain SELECT k FROM sbtest2 WHERE k BETWEEN 2318978 AND 2319078
	Index Only Scan using k_2 on sbtest2  (cost=0.43..6.40 rows=98 width=4)
	  Index Cond: ((k >= 2318978) AND (k <= 2319078))

table 3 : explain SELECT k FROM sbtest3 WHERE k BETWEEN 2318978 AND 2319078
	Index Only Scan using k_3 on sbtest3  (cost=0.43..6.66 rows=111 width=4)
	  Index Cond: ((k >= 2318978) AND (k <= 2319078))

table 4 : explain SELECT k FROM sbtest4 WHERE k BETWEEN 2318978 AND 2319078
	Index Only Scan using k_4 on sbtest4  (cost=0.43..6.67 rows=112 width=4)
	  Index Cond: ((k >= 2318978) AND (k <= 2319078))

table 5 : explain SELECT k FROM sbtest5 WHERE k BETWEEN 2318978 AND 2319078
	Index Only Scan using k_5 on sbtest5  (cost=0.43..6.56 rows=106 width=4)
	  Index Cond: ((k >= 2318978) AND (k <= 2319078))

table 6 : explain SELECT k FROM sbtest6 WHERE k BETWEEN 2318978 AND 2319078
	Index Only Scan using k_6 on sbtest6  (cost=0.43..6.27 rows=92 width=4)
	  Index Cond: ((k >= 2318978) AND (k <= 2319078))

table 7 : explain SELECT k FROM sbtest7 WHERE k BETWEEN 2318978 AND 2319078
	Index Only Scan using k_7 on sbtest7  (cost=0.43..6.42 rows=99 width=4)
	  Index Cond: ((k >= 2318978) AND (k <= 2319078))

table 8 : explain SELECT k FROM sbtest8 WHERE k BETWEEN 2318978 AND 2319078
	Index Only Scan using k_8 on sbtest8  (cost=0.43..10.62 rows=109 width=4)
	  Index Cond: ((k >= 2318978) AND (k <= 2319078))

explain: for range-covered :: explain SELECT k FROM sbtest%d WHERE k BETWEEN 2318978 AND 2319078
for range-covered
table 1 : explain SELECT k FROM sbtest1 WHERE k BETWEEN 5867120 AND 5867220
	Index Only Scan using k_1 on sbtest1  (cost=0.43..6.63 rows=110 width=4)
	  Index Cond: ((k >= 5867120) AND (k <= 5867220))

table 2 : explain SELECT k FROM sbtest2 WHERE k BETWEEN 5867120 AND 5867220
	Index Only Scan using k_2 on sbtest2  (cost=0.43..6.29 rows=93 width=4)
	  Index Cond: ((k >= 5867120) AND (k <= 5867220))

table 3 : explain SELECT k FROM sbtest3 WHERE k BETWEEN 5867120 AND 5867220
	Index Only Scan using k_3 on sbtest3  (cost=0.43..6.29 rows=93 width=4)
	  Index Cond: ((k >= 5867120) AND (k <= 5867220))

table 4 : explain SELECT k FROM sbtest4 WHERE k BETWEEN 5867120 AND 5867220
	Index Only Scan using k_4 on sbtest4  (cost=0.43..6.40 rows=98 width=4)
	  Index Cond: ((k >= 5867120) AND (k <= 5867220))

table 5 : explain SELECT k FROM sbtest5 WHERE k BETWEEN 5867120 AND 5867220
	Index Only Scan using k_5 on sbtest5  (cost=0.43..6.32 rows=94 width=4)
	  Index Cond: ((k >= 5867120) AND (k <= 5867220))

table 6 : explain SELECT k FROM sbtest6 WHERE k BETWEEN 5867120 AND 5867220
	Index Only Scan using k_6 on sbtest6  (cost=0.43..6.45 rows=101 width=4)
	  Index Cond: ((k >= 5867120) AND (k <= 5867220))

table 7 : explain SELECT k FROM sbtest7 WHERE k BETWEEN 5867120 AND 5867220
	Index Only Scan using k_7 on sbtest7  (cost=0.43..6.51 rows=104 width=4)
	  Index Cond: ((k >= 5867120) AND (k <= 5867220))

table 8 : explain SELECT k FROM sbtest8 WHERE k BETWEEN 5867120 AND 5867220
	Index Only Scan using k_8 on sbtest8  (cost=0.43..10.74 rows=115 width=4)
	  Index Cond: ((k >= 5867120) AND (k <= 5867220))

for range-covered
table 1 : explain SELECT k FROM sbtest1 WHERE k BETWEEN 5238208 AND 5238308
	Index Only Scan using k_1 on sbtest1  (cost=0.43..6.47 rows=102 width=4)
	  Index Cond: ((k >= 5238208) AND (k <= 5238308))

table 2 : explain SELECT k FROM sbtest2 WHERE k BETWEEN 5238208 AND 5238308
	Index Only Scan using k_2 on sbtest2  (cost=0.43..6.53 rows=105 width=4)
	  Index Cond: ((k >= 5238208) AND (k <= 5238308))

table 3 : explain SELECT k FROM sbtest3 WHERE k BETWEEN 5238208 AND 5238308
	Index Only Scan using k_3 on sbtest3  (cost=0.43..6.24 rows=90 width=4)
	  Index Cond: ((k >= 5238208) AND (k <= 5238308))

table 4 : explain SELECT k FROM sbtest4 WHERE k BETWEEN 5238208 AND 5238308
	Index Only Scan using k_4 on sbtest4  (cost=0.43..6.40 rows=98 width=4)
	  Index Cond: ((k >= 5238208) AND (k <= 5238308))

table 5 : explain SELECT k FROM sbtest5 WHERE k BETWEEN 5238208 AND 5238308
	Index Only Scan using k_5 on sbtest5  (cost=0.43..6.59 rows=108 width=4)
	  Index Cond: ((k >= 5238208) AND (k <= 5238308))

table 6 : explain SELECT k FROM sbtest6 WHERE k BETWEEN 5238208 AND 5238308
	Index Only Scan using k_6 on sbtest6  (cost=0.43..6.32 rows=94 width=4)
	  Index Cond: ((k >= 5238208) AND (k <= 5238308))

table 7 : explain SELECT k FROM sbtest7 WHERE k BETWEEN 5238208 AND 5238308
	Index Only Scan using k_7 on sbtest7  (cost=0.43..6.40 rows=98 width=4)
	  Index Cond: ((k >= 5238208) AND (k <= 5238308))

table 8 : explain SELECT k FROM sbtest8 WHERE k BETWEEN 5238208 AND 5238308
	Index Only Scan using k_8 on sbtest8  (cost=0.43..10.46 rows=101 width=4)
	  Index Cond: ((k >= 5238208) AND (k <= 5238308))

explain: for range-covered :: explain SELECT k FROM sbtest%d WHERE k BETWEEN 6541446 AND 6541546
explain: for range-covered :: explain SELECT k FROM sbtest%d WHERE k BETWEEN 5238208 AND 5238308
for range-covered
table 1 : explain SELECT k FROM sbtest1 WHERE k BETWEEN 1213143 AND 1213243
	Index Only Scan using k_1 on sbtest1  (cost=0.43..6.32 rows=94 width=4)
	  Index Cond: ((k >= 1213143) AND (k <= 1213243))

table 2 : explain SELECT k FROM sbtest2 WHERE k BETWEEN 1213143 AND 1213243
	Index Only Scan using k_2 on sbtest2  (cost=0.43..6.50 rows=103 width=4)
	  Index Cond: ((k >= 1213143) AND (k <= 1213243))

table 3 : explain SELECT k FROM sbtest3 WHERE k BETWEEN 1213143 AND 1213243
	Index Only Scan using k_3 on sbtest3  (cost=0.43..6.37 rows=97 width=4)
	  Index Cond: ((k >= 1213143) AND (k <= 1213243))

table 4 : explain SELECT k FROM sbtest4 WHERE k BETWEEN 1213143 AND 1213243
	Index Only Scan using k_4 on sbtest4  (cost=0.43..6.50 rows=103 width=4)
	  Index Cond: ((k >= 1213143) AND (k <= 1213243))

table 5 : explain SELECT k FROM sbtest5 WHERE k BETWEEN 1213143 AND 1213243
	Index Only Scan using k_5 on sbtest5  (cost=0.43..6.53 rows=105 width=4)
	  Index Cond: ((k >= 1213143) AND (k <= 1213243))

table 6 : explain SELECT k FROM sbtest6 WHERE k BETWEEN 1213143 AND 1213243
	Index Only Scan using k_6 on sbtest6  (cost=0.43..6.45 rows=101 width=4)
	  Index Cond: ((k >= 1213143) AND (k <= 1213243))

table 7 : explain SELECT k FROM sbtest7 WHERE k BETWEEN 1213143 AND 1213243
	Index Only Scan using k_7 on sbtest7  (cost=0.43..6.53 rows=105 width=4)
	  Index Cond: ((k >= 1213143) AND (k <= 1213243))

table 8 : explain SELECT k FROM sbtest8 WHERE k BETWEEN 1213143 AND 1213243
	Index Only Scan using k_8 on sbtest8  (cost=0.43..10.29 rows=93 width=4)
	  Index Cond: ((k >= 1213143) AND (k <= 1213243))

for range-covered
table 1 : explain SELECT k FROM sbtest1 WHERE k BETWEEN 6118678 AND 6118778
	Index Only Scan using k_1 on sbtest1  (cost=0.43..6.50 rows=103 width=4)
	  Index Cond: ((k >= 6118678) AND (k <= 6118778))

table 2 : explain SELECT k FROM sbtest2 WHERE k BETWEEN 6118678 AND 6118778
	Index Only Scan using k_2 on sbtest2  (cost=0.43..6.33 rows=95 width=4)
	  Index Cond: ((k >= 6118678) AND (k <= 6118778))

table 3 : explain SELECT k FROM sbtest3 WHERE k BETWEEN 6118678 AND 6118778
	Index Only Scan using k_3 on sbtest3  (cost=0.43..6.51 rows=104 width=4)
	  Index Cond: ((k >= 6118678) AND (k <= 6118778))

table 4 : explain SELECT k FROM sbtest4 WHERE k BETWEEN 6118678 AND 6118778
	Index Only Scan using k_4 on sbtest4  (cost=0.43..6.24 rows=90 width=4)
	  Index Cond: ((k >= 6118678) AND (k <= 6118778))

table 5 : explain SELECT k FROM sbtest5 WHERE k BETWEEN 6118678 AND 6118778
	Index Only Scan using k_5 on sbtest5  (cost=0.43..6.61 rows=109 width=4)
	  Index Cond: ((k >= 6118678) AND (k <= 6118778))

table 6 : explain SELECT k FROM sbtest6 WHERE k BETWEEN 6118678 AND 6118778
	Index Only Scan using k_6 on sbtest6  (cost=0.43..6.35 rows=96 width=4)
	  Index Cond: ((k >= 6118678) AND (k <= 6118778))

table 7 : explain SELECT k FROM sbtest7 WHERE k BETWEEN 6118678 AND 6118778
	Index Only Scan using k_7 on sbtest7  (cost=0.43..6.53 rows=105 width=4)
	  Index Cond: ((k >= 6118678) AND (k <= 6118778))

table 8 : explain SELECT k FROM sbtest8 WHERE k BETWEEN 6118678 AND 6118778
	Index Only Scan using k_8 on sbtest8  (cost=0.43..10.38 rows=97 width=4)
	  Index Cond: ((k >= 6118678) AND (k <= 6118778))

explain: for range-covered :: explain SELECT k FROM sbtest%d WHERE k BETWEEN 1213143 AND 1213243
explain: for range-covered :: explain SELECT k FROM sbtest%d WHERE k BETWEEN 6118678 AND 6118778
for range-covered
table 1 : explain SELECT k FROM sbtest1 WHERE k BETWEEN 5238208 AND 5238308
	Index Only Scan using k_1 on sbtest1  (cost=0.43..6.47 rows=102 width=4)
	  Index Cond: ((k >= 5238208) AND (k <= 5238308))

table 2 : explain SELECT k FROM sbtest2 WHERE k BETWEEN 5238208 AND 5238308
	Index Only Scan using k_2 on sbtest2  (cost=0.43..6.53 rows=105 width=4)
	  Index Cond: ((k >= 5238208) AND (k <= 5238308))

table 3 : explain SELECT k FROM sbtest3 WHERE k BETWEEN 5238208 AND 5238308
	Index Only Scan using k_3 on sbtest3  (cost=0.43..6.24 rows=90 width=4)
	  Index Cond: ((k >= 5238208) AND (k <= 5238308))

table 4 : explain SELECT k FROM sbtest4 WHERE k BETWEEN 5238208 AND 5238308
	Index Only Scan using k_4 on sbtest4  (cost=0.43..6.40 rows=98 width=4)
	  Index Cond: ((k >= 5238208) AND (k <= 5238308))

table 5 : explain SELECT k FROM sbtest5 WHERE k BETWEEN 5238208 AND 5238308
	Index Only Scan using k_5 on sbtest5  (cost=0.43..6.59 rows=108 width=4)
	  Index Cond: ((k >= 5238208) AND (k <= 5238308))

table 6 : explain SELECT k FROM sbtest6 WHERE k BETWEEN 5238208 AND 5238308
	Index Only Scan using k_6 on sbtest6  (cost=0.43..6.32 rows=94 width=4)
	  Index Cond: ((k >= 5238208) AND (k <= 5238308))

table 7 : explain SELECT k FROM sbtest7 WHERE k BETWEEN 5238208 AND 5238308
	Index Only Scan using k_7 on sbtest7  (cost=0.43..6.40 rows=98 width=4)
	  Index Cond: ((k >= 5238208) AND (k <= 5238308))

table 8 : explain SELECT k FROM sbtest8 WHERE k BETWEEN 5238208 AND 5238308
	Index Only Scan using k_8 on sbtest8  (cost=0.43..10.46 rows=101 width=4)
	  Index Cond: ((k >= 5238208) AND (k <= 5238308))

explain: for range-covered :: explain SELECT k FROM sbtest%d WHERE k BETWEEN 5238208 AND 5238308
for range-covered
table 1 : explain SELECT k FROM sbtest1 WHERE k BETWEEN 1213143 AND 1213243
	Index Only Scan using k_1 on sbtest1  (cost=0.43..6.32 rows=94 width=4)
	  Index Cond: ((k >= 1213143) AND (k <= 1213243))

table 2 : explain SELECT k FROM sbtest2 WHERE k BETWEEN 1213143 AND 1213243
	Index Only Scan using k_2 on sbtest2  (cost=0.43..6.50 rows=103 width=4)
	  Index Cond: ((k >= 1213143) AND (k <= 1213243))

table 3 : explain SELECT k FROM sbtest3 WHERE k BETWEEN 1213143 AND 1213243
	Index Only Scan using k_3 on sbtest3  (cost=0.43..6.37 rows=97 width=4)
	  Index Cond: ((k >= 1213143) AND (k <= 1213243))

table 4 : explain SELECT k FROM sbtest4 WHERE k BETWEEN 1213143 AND 1213243
	Index Only Scan using k_4 on sbtest4  (cost=0.43..6.50 rows=103 width=4)
	  Index Cond: ((k >= 1213143) AND (k <= 1213243))

table 5 : explain SELECT k FROM sbtest5 WHERE k BETWEEN 1213143 AND 1213243
	Index Only Scan using k_5 on sbtest5  (cost=0.43..6.53 rows=105 width=4)
	  Index Cond: ((k >= 1213143) AND (k <= 1213243))

table 6 : explain SELECT k FROM sbtest6 WHERE k BETWEEN 1213143 AND 1213243
	Index Only Scan using k_6 on sbtest6  (cost=0.43..6.45 rows=101 width=4)
	  Index Cond: ((k >= 1213143) AND (k <= 1213243))

table 7 : explain SELECT k FROM sbtest7 WHERE k BETWEEN 1213143 AND 1213243
	Index Only Scan using k_7 on sbtest7  (cost=0.43..6.53 rows=105 width=4)
	  Index Cond: ((k >= 1213143) AND (k <= 1213243))

table 8 : explain SELECT k FROM sbtest8 WHERE k BETWEEN 1213143 AND 1213243
	Index Only Scan using k_8 on sbtest8  (cost=0.43..10.29 rows=93 width=4)
	  Index Cond: ((k >= 1213143) AND (k <= 1213243))

for range-covered
table 1 : explain SELECT k FROM sbtest1 WHERE k BETWEEN 6118678 AND 6118778
	Index Only Scan using k_1 on sbtest1  (cost=0.43..6.50 rows=103 width=4)
	  Index Cond: ((k >= 6118678) AND (k <= 6118778))

table 2 : explain SELECT k FROM sbtest2 WHERE k BETWEEN 6118678 AND 6118778
	Index Only Scan using k_2 on sbtest2  (cost=0.43..6.33 rows=95 width=4)
	  Index Cond: ((k >= 6118678) AND (k <= 6118778))

table 3 : explain SELECT k FROM sbtest3 WHERE k BETWEEN 6118678 AND 6118778
	Index Only Scan using k_3 on sbtest3  (cost=0.43..6.51 rows=104 width=4)
	  Index Cond: ((k >= 6118678) AND (k <= 6118778))

table 4 : explain SELECT k FROM sbtest4 WHERE k BETWEEN 6118678 AND 6118778
	Index Only Scan using k_4 on sbtest4  (cost=0.43..6.24 rows=90 width=4)
	  Index Cond: ((k >= 6118678) AND (k <= 6118778))

table 5 : explain SELECT k FROM sbtest5 WHERE k BETWEEN 6118678 AND 6118778
	Index Only Scan using k_5 on sbtest5  (cost=0.43..6.61 rows=109 width=4)
	  Index Cond: ((k >= 6118678) AND (k <= 6118778))

table 6 : explain SELECT k FROM sbtest6 WHERE k BETWEEN 6118678 AND 6118778
	Index Only Scan using k_6 on sbtest6  (cost=0.43..6.35 rows=96 width=4)
	  Index Cond: ((k >= 6118678) AND (k <= 6118778))

table 7 : explain SELECT k FROM sbtest7 WHERE k BETWEEN 6118678 AND 6118778
	Index Only Scan using k_7 on sbtest7  (cost=0.43..6.53 rows=105 width=4)
	  Index Cond: ((k >= 6118678) AND (k <= 6118778))

table 8 : explain SELECT k FROM sbtest8 WHERE k BETWEEN 6118678 AND 6118778
	Index Only Scan using k_8 on sbtest8  (cost=0.43..10.38 rows=97 width=4)
	  Index Cond: ((k >= 6118678) AND (k <= 6118778))

for range-covered
table 1 : explain SELECT k FROM sbtest1 WHERE k BETWEEN 5151417 AND 5151517
	Index Only Scan using k_1 on sbtest1  (cost=0.43..6.79 rows=118 width=4)
	  Index Cond: ((k >= 5151417) AND (k <= 5151517))

table 2 : explain SELECT k FROM sbtest2 WHERE k BETWEEN 5151417 AND 5151517
	Index Only Scan using k_2 on sbtest2  (cost=0.43..6.40 rows=98 width=4)
	  Index Cond: ((k >= 5151417) AND (k <= 5151517))

table 3 : explain SELECT k FROM sbtest3 WHERE k BETWEEN 5151417 AND 5151517
	Index Only Scan using k_3 on sbtest3  (cost=0.43..6.50 rows=103 width=4)
	  Index Cond: ((k >= 5151417) AND (k <= 5151517))

table 4 : explain SELECT k FROM sbtest4 WHERE k BETWEEN 5151417 AND 5151517
	Index Only Scan using k_4 on sbtest4  (cost=0.43..6.37 rows=97 width=4)
	  Index Cond: ((k >= 5151417) AND (k <= 5151517))

table 5 : explain SELECT k FROM sbtest5 WHERE k BETWEEN 5151417 AND 5151517
	Index Only Scan using k_5 on sbtest5  (cost=0.43..6.59 rows=108 width=4)
	  Index Cond: ((k >= 5151417) AND (k <= 5151517))

table 6 : explain SELECT k FROM sbtest6 WHERE k BETWEEN 5151417 AND 5151517
	Index Only Scan using k_6 on sbtest6  (cost=0.43..6.32 rows=94 width=4)
	  Index Cond: ((k >= 5151417) AND (k <= 5151517))

table 7 : explain SELECT k FROM sbtest7 WHERE k BETWEEN 5151417 AND 5151517
	Index Only Scan using k_7 on sbtest7  (cost=0.43..6.59 rows=108 width=4)
	  Index Cond: ((k >= 5151417) AND (k <= 5151517))

table 8 : explain SELECT k FROM sbtest8 WHERE k BETWEEN 5151417 AND 5151517
	Index Only Scan using k_8 on sbtest8  (cost=0.43..10.54 rows=105 width=4)
	  Index Cond: ((k >= 5151417) AND (k <= 5151517))

explain: for range-covered :: explain SELECT k FROM sbtest%d WHERE k BETWEEN 1213143 AND 1213243
for range-covered
table 1 : explain SELECT k FROM sbtest1 WHERE k BETWEEN 1492828 AND 1492928
	Index Only Scan using k_1 on sbtest1  (cost=0.43..6.69 rows=113 width=4)
	  Index Cond: ((k >= 1492828) AND (k <= 1492928))

table 2 : explain SELECT k FROM sbtest2 WHERE k BETWEEN 1492828 AND 1492928
	Index Only Scan using k_2 on sbtest2  (cost=0.43..6.47 rows=102 width=4)
	  Index Cond: ((k >= 1492828) AND (k <= 1492928))

table 3 : explain SELECT k FROM sbtest3 WHERE k BETWEEN 1492828 AND 1492928
	Index Only Scan using k_3 on sbtest3  (cost=0.43..6.50 rows=103 width=4)
	  Index Cond: ((k >= 1492828) AND (k <= 1492928))

table 4 : explain SELECT k FROM sbtest4 WHERE k BETWEEN 1492828 AND 1492928
	Index Only Scan using k_4 on sbtest4  (cost=0.43..6.63 rows=110 width=4)
	  Index Cond: ((k >= 1492828) AND (k <= 1492928))

table 5 : explain SELECT k FROM sbtest5 WHERE k BETWEEN 1492828 AND 1492928
	Index Only Scan using k_5 on sbtest5  (cost=0.43..6.33 rows=95 width=4)
	  Index Cond: ((k >= 1492828) AND (k <= 1492928))

table 6 : explain SELECT k FROM sbtest6 WHERE k BETWEEN 1492828 AND 1492928
	Index Only Scan using k_6 on sbtest6  (cost=0.43..6.35 rows=96 width=4)
	  Index Cond: ((k >= 1492828) AND (k <= 1492928))

table 7 : explain SELECT k FROM sbtest7 WHERE k BETWEEN 1492828 AND 1492928
	Index Only Scan using k_7 on sbtest7  (cost=0.43..6.45 rows=101 width=4)
	  Index Cond: ((k >= 1492828) AND (k <= 1492928))

table 8 : explain SELECT k FROM sbtest8 WHERE k BETWEEN 1492828 AND 1492928
	Index Only Scan using k_8 on sbtest8  (cost=0.43..10.58 rows=107 width=4)
	  Index Cond: ((k >= 1492828) AND (k <= 1492928))

explain: for range-covered :: explain SELECT k FROM sbtest%d WHERE k BETWEEN 5151417 AND 5151517
explain: for range-covered :: explain SELECT k FROM sbtest%d WHERE k BETWEEN 6118678 AND 6118778
explain: for range-covered :: explain SELECT k FROM sbtest%d WHERE k BETWEEN 1492828 AND 1492928
for range-covered
table 1 : explain SELECT k FROM sbtest1 WHERE k BETWEEN 5238208 AND 5238308
	Index Only Scan using k_1 on sbtest1  (cost=0.43..6.47 rows=102 width=4)
	  Index Cond: ((k >= 5238208) AND (k <= 5238308))

table 2 : explain SELECT k FROM sbtest2 WHERE k BETWEEN 5238208 AND 5238308
	Index Only Scan using k_2 on sbtest2  (cost=0.43..6.53 rows=105 width=4)
	  Index Cond: ((k >= 5238208) AND (k <= 5238308))

table 3 : explain SELECT k FROM sbtest3 WHERE k BETWEEN 5238208 AND 5238308
	Index Only Scan using k_3 on sbtest3  (cost=0.43..6.24 rows=90 width=4)
	  Index Cond: ((k >= 5238208) AND (k <= 5238308))

table 4 : explain SELECT k FROM sbtest4 WHERE k BETWEEN 5238208 AND 5238308
	Index Only Scan using k_4 on sbtest4  (cost=0.43..6.40 rows=98 width=4)
	  Index Cond: ((k >= 5238208) AND (k <= 5238308))

table 5 : explain SELECT k FROM sbtest5 WHERE k BETWEEN 5238208 AND 5238308
	Index Only Scan using k_5 on sbtest5  (cost=0.43..6.59 rows=108 width=4)
	  Index Cond: ((k >= 5238208) AND (k <= 5238308))

table 6 : explain SELECT k FROM sbtest6 WHERE k BETWEEN 5238208 AND 5238308
	Index Only Scan using k_6 on sbtest6  (cost=0.43..6.32 rows=94 width=4)
	  Index Cond: ((k >= 5238208) AND (k <= 5238308))

table 7 : explain SELECT k FROM sbtest7 WHERE k BETWEEN 5238208 AND 5238308
	Index Only Scan using k_7 on sbtest7  (cost=0.43..6.40 rows=98 width=4)
	  Index Cond: ((k >= 5238208) AND (k <= 5238308))

table 8 : explain SELECT k FROM sbtest8 WHERE k BETWEEN 5238208 AND 5238308
	Index Only Scan using k_8 on sbtest8  (cost=0.43..10.46 rows=101 width=4)
	  Index Cond: ((k >= 5238208) AND (k <= 5238308))

explain: for range-covered :: explain SELECT k FROM sbtest%d WHERE k BETWEEN 5238208 AND 5238308
for range-covered
table 1 : explain SELECT k FROM sbtest1 WHERE k BETWEEN 5407948 AND 5408048
	Index Only Scan using k_1 on sbtest1  (cost=0.43..6.47 rows=102 width=4)
	  Index Cond: ((k >= 5407948) AND (k <= 5408048))

table 2 : explain SELECT k FROM sbtest2 WHERE k BETWEEN 5407948 AND 5408048
	Index Only Scan using k_2 on sbtest2  (cost=0.43..6.29 rows=93 width=4)
	  Index Cond: ((k >= 5407948) AND (k <= 5408048))

table 3 : explain SELECT k FROM sbtest3 WHERE k BETWEEN 5407948 AND 5408048
	Index Only Scan using k_3 on sbtest3  (cost=0.43..6.67 rows=112 width=4)
	  Index Cond: ((k >= 5407948) AND (k <= 5408048))

table 4 : explain SELECT k FROM sbtest4 WHERE k BETWEEN 5407948 AND 5408048
	Index Only Scan using k_4 on sbtest4  (cost=0.43..6.56 rows=106 width=4)
	  Index Cond: ((k >= 5407948) AND (k <= 5408048))

table 5 : explain SELECT k FROM sbtest5 WHERE k BETWEEN 5407948 AND 5408048
	Index Only Scan using k_5 on sbtest5  (cost=0.43..6.50 rows=103 width=4)
	  Index Cond: ((k >= 5407948) AND (k <= 5408048))

table 6 : explain SELECT k FROM sbtest6 WHERE k BETWEEN 5407948 AND 5408048
	Index Only Scan using k_6 on sbtest6  (cost=0.43..6.43 rows=100 width=4)
	  Index Cond: ((k >= 5407948) AND (k <= 5408048))

table 7 : explain SELECT k FROM sbtest7 WHERE k BETWEEN 5407948 AND 5408048
	Index Only Scan using k_7 on sbtest7  (cost=0.43..6.43 rows=100 width=4)
	  Index Cond: ((k >= 5407948) AND (k <= 5408048))

table 8 : explain SELECT k FROM sbtest8 WHERE k BETWEEN 5407948 AND 5408048
	Index Only Scan using k_8 on sbtest8  (cost=0.43..10.47 rows=102 width=4)
	  Index Cond: ((k >= 5407948) AND (k <= 5408048))

explain: for range-covered :: explain SELECT k FROM sbtest%d WHERE k BETWEEN 5407948 AND 5408048
explain: for range-covered :: explain SELECT k FROM sbtest%d WHERE k BETWEEN 8012521 AND 8012621
explain: for range-covered :: explain SELECT k FROM sbtest%d WHERE k BETWEEN 5327560 AND 5327660
for range-covered
table 1 : explain SELECT k FROM sbtest1 WHERE k BETWEEN 5151417 AND 5151517
	Index Only Scan using k_1 on sbtest1  (cost=0.43..6.79 rows=118 width=4)
	  Index Cond: ((k >= 5151417) AND (k <= 5151517))

table 2 : explain SELECT k FROM sbtest2 WHERE k BETWEEN 5151417 AND 5151517
	Index Only Scan using k_2 on sbtest2  (cost=0.43..6.40 rows=98 width=4)
	  Index Cond: ((k >= 5151417) AND (k <= 5151517))

table 3 : explain SELECT k FROM sbtest3 WHERE k BETWEEN 5151417 AND 5151517
	Index Only Scan using k_3 on sbtest3  (cost=0.43..6.50 rows=103 width=4)
	  Index Cond: ((k >= 5151417) AND (k <= 5151517))

table 4 : explain SELECT k FROM sbtest4 WHERE k BETWEEN 5151417 AND 5151517
	Index Only Scan using k_4 on sbtest4  (cost=0.43..6.37 rows=97 width=4)
	  Index Cond: ((k >= 5151417) AND (k <= 5151517))

table 5 : explain SELECT k FROM sbtest5 WHERE k BETWEEN 5151417 AND 5151517
	Index Only Scan using k_5 on sbtest5  (cost=0.43..6.59 rows=108 width=4)
	  Index Cond: ((k >= 5151417) AND (k <= 5151517))

table 6 : explain SELECT k FROM sbtest6 WHERE k BETWEEN 5151417 AND 5151517
	Index Only Scan using k_6 on sbtest6  (cost=0.43..6.32 rows=94 width=4)
	  Index Cond: ((k >= 5151417) AND (k <= 5151517))

table 7 : explain SELECT k FROM sbtest7 WHERE k BETWEEN 5151417 AND 5151517
	Index Only Scan using k_7 on sbtest7  (cost=0.43..6.59 rows=108 width=4)
	  Index Cond: ((k >= 5151417) AND (k <= 5151517))

table 8 : explain SELECT k FROM sbtest8 WHERE k BETWEEN 5151417 AND 5151517
	Index Only Scan using k_8 on sbtest8  (cost=0.43..10.54 rows=105 width=4)
	  Index Cond: ((k >= 5151417) AND (k <= 5151517))

explain: for range-covered :: explain SELECT k FROM sbtest%d WHERE k BETWEEN 5151417 AND 5151517
for range-covered
table 1 : explain SELECT k FROM sbtest1 WHERE k BETWEEN 5407948 AND 5408048
	Index Only Scan using k_1 on sbtest1  (cost=0.43..6.47 rows=102 width=4)
	  Index Cond: ((k >= 5407948) AND (k <= 5408048))

table 2 : explain SELECT k FROM sbtest2 WHERE k BETWEEN 5407948 AND 5408048
	Index Only Scan using k_2 on sbtest2  (cost=0.43..6.29 rows=93 width=4)
	  Index Cond: ((k >= 5407948) AND (k <= 5408048))

table 3 : explain SELECT k FROM sbtest3 WHERE k BETWEEN 5407948 AND 5408048
	Index Only Scan using k_3 on sbtest3  (cost=0.43..6.67 rows=112 width=4)
	  Index Cond: ((k >= 5407948) AND (k <= 5408048))

table 4 : explain SELECT k FROM sbtest4 WHERE k BETWEEN 5407948 AND 5408048
	Index Only Scan using k_4 on sbtest4  (cost=0.43..6.56 rows=106 width=4)
	  Index Cond: ((k >= 5407948) AND (k <= 5408048))

table 5 : explain SELECT k FROM sbtest5 WHERE k BETWEEN 5407948 AND 5408048
	Index Only Scan using k_5 on sbtest5  (cost=0.43..6.50 rows=103 width=4)
	  Index Cond: ((k >= 5407948) AND (k <= 5408048))

table 6 : explain SELECT k FROM sbtest6 WHERE k BETWEEN 5407948 AND 5408048
	Index Only Scan using k_6 on sbtest6  (cost=0.43..6.43 rows=100 width=4)
	  Index Cond: ((k >= 5407948) AND (k <= 5408048))

table 7 : explain SELECT k FROM sbtest7 WHERE k BETWEEN 5407948 AND 5408048
	Index Only Scan using k_7 on sbtest7  (cost=0.43..6.43 rows=100 width=4)
	  Index Cond: ((k >= 5407948) AND (k <= 5408048))

table 8 : explain SELECT k FROM sbtest8 WHERE k BETWEEN 5407948 AND 5408048
	Index Only Scan using k_8 on sbtest8  (cost=0.43..10.47 rows=102 width=4)
	  Index Cond: ((k >= 5407948) AND (k <= 5408048))

explain: for range-covered :: explain SELECT k FROM sbtest%d WHERE k BETWEEN 5407948 AND 5408048explain: for range-covered :: explain SELECT k FROM sbtest%d WHERE k BETWEEN 7753178 AND 7753278

for range-covered
table 1 : explain SELECT k FROM sbtest1 WHERE k BETWEEN 6541446 AND 6541546
	Index Only Scan using k_1 on sbtest1  (cost=0.43..6.35 rows=96 width=4)
	  Index Cond: ((k >= 6541446) AND (k <= 6541546))

table 2 : explain SELECT k FROM sbtest2 WHERE k BETWEEN 6541446 AND 6541546
	Index Only Scan using k_2 on sbtest2  (cost=0.43..6.67 rows=112 width=4)
	  Index Cond: ((k >= 6541446) AND (k <= 6541546))

table 3 : explain SELECT k FROM sbtest3 WHERE k BETWEEN 6541446 AND 6541546
	Index Only Scan using k_3 on sbtest3  (cost=0.43..6.45 rows=101 width=4)
	  Index Cond: ((k >= 6541446) AND (k <= 6541546))

table 4 : explain SELECT k FROM sbtest4 WHERE k BETWEEN 6541446 AND 6541546
	Index Only Scan using k_4 on sbtest4  (cost=0.43..6.69 rows=113 width=4)
	  Index Cond: ((k >= 6541446) AND (k <= 6541546))

table 5 : explain SELECT k FROM sbtest5 WHERE k BETWEEN 6541446 AND 6541546
	Index Only Scan using k_5 on sbtest5  (cost=0.43..6.42 rows=99 width=4)
	  Index Cond: ((k >= 6541446) AND (k <= 6541546))

table 6 : explain SELECT k FROM sbtest6 WHERE k BETWEEN 6541446 AND 6541546
	Index Only Scan using k_6 on sbtest6  (cost=0.43..6.35 rows=96 width=4)
	  Index Cond: ((k >= 6541446) AND (k <= 6541546))

table 7 : explain SELECT k FROM sbtest7 WHERE k BETWEEN 6541446 AND 6541546
	Index Only Scan using k_7 on sbtest7  (cost=0.43..6.47 rows=102 width=4)
	  Index Cond: ((k >= 6541446) AND (k <= 6541546))

table 8 : explain SELECT k FROM sbtest8 WHERE k BETWEEN 6541446 AND 6541546
	Index Only Scan using k_8 on sbtest8  (cost=0.43..10.50 rows=103 width=4)
	  Index Cond: ((k >= 6541446) AND (k <= 6541546))

explain: for range-covered :: explain SELECT k FROM sbtest%d WHERE k BETWEEN 4262042 AND 4262142
for range-covered
table 1 : explain SELECT k FROM sbtest1 WHERE k BETWEEN 2318978 AND 2319078
	Index Only Scan using k_1 on sbtest1  (cost=0.43..6.25 rows=91 width=4)
	  Index Cond: ((k >= 2318978) AND (k <= 2319078))

table 2 : explain SELECT k FROM sbtest2 WHERE k BETWEEN 2318978 AND 2319078
	Index Only Scan using k_2 on sbtest2  (cost=0.43..6.40 rows=98 width=4)
	  Index Cond: ((k >= 2318978) AND (k <= 2319078))

table 3 : explain SELECT k FROM sbtest3 WHERE k BETWEEN 2318978 AND 2319078
	Index Only Scan using k_3 on sbtest3  (cost=0.43..6.66 rows=111 width=4)
	  Index Cond: ((k >= 2318978) AND (k <= 2319078))

table 4 : explain SELECT k FROM sbtest4 WHERE k BETWEEN 2318978 AND 2319078
	Index Only Scan using k_4 on sbtest4  (cost=0.43..6.67 rows=112 width=4)
	  Index Cond: ((k >= 2318978) AND (k <= 2319078))

table 5 : explain SELECT k FROM sbtest5 WHERE k BETWEEN 2318978 AND 2319078
	Index Only Scan using k_5 on sbtest5  (cost=0.43..6.56 rows=106 width=4)
	  Index Cond: ((k >= 2318978) AND (k <= 2319078))

table 6 : explain SELECT k FROM sbtest6 WHERE k BETWEEN 2318978 AND 2319078
	Index Only Scan using k_6 on sbtest6  (cost=0.43..6.27 rows=92 width=4)
	  Index Cond: ((k >= 2318978) AND (k <= 2319078))

table 7 : explain SELECT k FROM sbtest7 WHERE k BETWEEN 2318978 AND 2319078
	Index Only Scan using k_7 on sbtest7  (cost=0.43..6.42 rows=99 width=4)
	  Index Cond: ((k >= 2318978) AND (k <= 2319078))

table 8 : explain SELECT k FROM sbtest8 WHERE k BETWEEN 2318978 AND 2319078
	Index Only Scan using k_8 on sbtest8  (cost=0.43..10.62 rows=109 width=4)
	  Index Cond: ((k >= 2318978) AND (k <= 2319078))

for range-covered
table 1 : explain SELECT k FROM sbtest1 WHERE k BETWEEN 5151417 AND 5151517
	Index Only Scan using k_1 on sbtest1  (cost=0.43..6.79 rows=118 width=4)
	  Index Cond: ((k >= 5151417) AND (k <= 5151517))

table 2 : explain SELECT k FROM sbtest2 WHERE k BETWEEN 5151417 AND 5151517
	Index Only Scan using k_2 on sbtest2  (cost=0.43..6.40 rows=98 width=4)
	  Index Cond: ((k >= 5151417) AND (k <= 5151517))

table 3 : explain SELECT k FROM sbtest3 WHERE k BETWEEN 5151417 AND 5151517
	Index Only Scan using k_3 on sbtest3  (cost=0.43..6.50 rows=103 width=4)
	  Index Cond: ((k >= 5151417) AND (k <= 5151517))

table 4 : explain SELECT k FROM sbtest4 WHERE k BETWEEN 5151417 AND 5151517
	Index Only Scan using k_4 on sbtest4  (cost=0.43..6.37 rows=97 width=4)
	  Index Cond: ((k >= 5151417) AND (k <= 5151517))

table 5 : explain SELECT k FROM sbtest5 WHERE k BETWEEN 5151417 AND 5151517
	Index Only Scan using k_5 on sbtest5  (cost=0.43..6.59 rows=108 width=4)
	  Index Cond: ((k >= 5151417) AND (k <= 5151517))

table 6 : explain SELECT k FROM sbtest6 WHERE k BETWEEN 5151417 AND 5151517
	Index Only Scan using k_6 on sbtest6  (cost=0.43..6.32 rows=94 width=4)
	  Index Cond: ((k >= 5151417) AND (k <= 5151517))

table 7 : explain SELECT k FROM sbtest7 WHERE k BETWEEN 5151417 AND 5151517
	Index Only Scan using k_7 on sbtest7  (cost=0.43..6.59 rows=108 width=4)
	  Index Cond: ((k >= 5151417) AND (k <= 5151517))

table 8 : explain SELECT k FROM sbtest8 WHERE k BETWEEN 5151417 AND 5151517
	Index Only Scan using k_8 on sbtest8  (cost=0.43..10.54 rows=105 width=4)
	  Index Cond: ((k >= 5151417) AND (k <= 5151517))

explain: for range-covered :: explain SELECT k FROM sbtest%d WHERE k BETWEEN 2318978 AND 2319078
explain: for range-covered :: explain SELECT k FROM sbtest%d WHERE k BETWEEN 6541446 AND 6541546
explain: for range-covered :: explain SELECT k FROM sbtest%d WHERE k BETWEEN 5151417 AND 5151517
for range-covered
table 1 : explain SELECT k FROM sbtest1 WHERE k BETWEEN 5407948 AND 5408048
	Index Only Scan using k_1 on sbtest1  (cost=0.43..6.47 rows=102 width=4)
	  Index Cond: ((k >= 5407948) AND (k <= 5408048))

table 2 : explain SELECT k FROM sbtest2 WHERE k BETWEEN 5407948 AND 5408048
	Index Only Scan using k_2 on sbtest2  (cost=0.43..6.29 rows=93 width=4)
	  Index Cond: ((k >= 5407948) AND (k <= 5408048))

table 3 : explain SELECT k FROM sbtest3 WHERE k BETWEEN 5407948 AND 5408048
	Index Only Scan using k_3 on sbtest3  (cost=0.43..6.67 rows=112 width=4)
	  Index Cond: ((k >= 5407948) AND (k <= 5408048))

table 4 : explain SELECT k FROM sbtest4 WHERE k BETWEEN 5407948 AND 5408048
	Index Only Scan using k_4 on sbtest4  (cost=0.43..6.56 rows=106 width=4)
	  Index Cond: ((k >= 5407948) AND (k <= 5408048))

table 5 : explain SELECT k FROM sbtest5 WHERE k BETWEEN 5407948 AND 5408048
	Index Only Scan using k_5 on sbtest5  (cost=0.43..6.50 rows=103 width=4)
	  Index Cond: ((k >= 5407948) AND (k <= 5408048))

table 6 : explain SELECT k FROM sbtest6 WHERE k BETWEEN 5407948 AND 5408048
	Index Only Scan using k_6 on sbtest6  (cost=0.43..6.43 rows=100 width=4)
	  Index Cond: ((k >= 5407948) AND (k <= 5408048))

table 7 : explain SELECT k FROM sbtest7 WHERE k BETWEEN 5407948 AND 5408048
	Index Only Scan using k_7 on sbtest7  (cost=0.43..6.43 rows=100 width=4)
	  Index Cond: ((k >= 5407948) AND (k <= 5408048))

table 8 : explain SELECT k FROM sbtest8 WHERE k BETWEEN 5407948 AND 5408048
	Index Only Scan using k_8 on sbtest8  (cost=0.43..10.47 rows=102 width=4)
	  Index Cond: ((k >= 5407948) AND (k <= 5408048))

for range-covered
table 1 : explain SELECT k FROM sbtest1 WHERE k BETWEEN 5151417 AND 5151517
	Index Only Scan using k_1 on sbtest1  (cost=0.43..6.79 rows=118 width=4)
	  Index Cond: ((k >= 5151417) AND (k <= 5151517))

table 2 : explain SELECT k FROM sbtest2 WHERE k BETWEEN 5151417 AND 5151517
	Index Only Scan using k_2 on sbtest2  (cost=0.43..6.40 rows=98 width=4)
	  Index Cond: ((k >= 5151417) AND (k <= 5151517))

table 3 : explain SELECT k FROM sbtest3 WHERE k BETWEEN 5151417 AND 5151517
	Index Only Scan using k_3 on sbtest3  (cost=0.43..6.50 rows=103 width=4)
	  Index Cond: ((k >= 5151417) AND (k <= 5151517))

table 4 : explain SELECT k FROM sbtest4 WHERE k BETWEEN 5151417 AND 5151517
	Index Only Scan using k_4 on sbtest4  (cost=0.43..6.37 rows=97 width=4)
	  Index Cond: ((k >= 5151417) AND (k <= 5151517))

table 5 : explain SELECT k FROM sbtest5 WHERE k BETWEEN 5151417 AND 5151517
	Index Only Scan using k_5 on sbtest5  (cost=0.43..6.59 rows=108 width=4)
	  Index Cond: ((k >= 5151417) AND (k <= 5151517))

table 6 : explain SELECT k FROM sbtest6 WHERE k BETWEEN 5151417 AND 5151517
	Index Only Scan using k_6 on sbtest6  (cost=0.43..6.32 rows=94 width=4)
	  Index Cond: ((k >= 5151417) AND (k <= 5151517))

table 7 : explain SELECT k FROM sbtest7 WHERE k BETWEEN 5151417 AND 5151517
	Index Only Scan using k_7 on sbtest7  (cost=0.43..6.59 rows=108 width=4)
	  Index Cond: ((k >= 5151417) AND (k <= 5151517))

table 8 : explain SELECT k FROM sbtest8 WHERE k BETWEEN 5151417 AND 5151517
	Index Only Scan using k_8 on sbtest8  (cost=0.43..10.54 rows=105 width=4)
	  Index Cond: ((k >= 5151417) AND (k <= 5151517))

explain: for range-covered :: explain SELECT k FROM sbtest%d WHERE k BETWEEN 5151417 AND 5151517
explain: for range-covered :: explain SELECT k FROM sbtest%d WHERE k BETWEEN 7983446 AND 7983546
for range-covered
table 1 : explain SELECT k FROM sbtest1 WHERE k BETWEEN 1492828 AND 1492928
	Index Only Scan using k_1 on sbtest1  (cost=0.43..6.69 rows=113 width=4)
	  Index Cond: ((k >= 1492828) AND (k <= 1492928))

table 2 : explain SELECT k FROM sbtest2 WHERE k BETWEEN 1492828 AND 1492928
	Index Only Scan using k_2 on sbtest2  (cost=0.43..6.47 rows=102 width=4)
	  Index Cond: ((k >= 1492828) AND (k <= 1492928))

table 3 : explain SELECT k FROM sbtest3 WHERE k BETWEEN 1492828 AND 1492928
	Index Only Scan using k_3 on sbtest3  (cost=0.43..6.50 rows=103 width=4)
	  Index Cond: ((k >= 1492828) AND (k <= 1492928))

table 4 : explain SELECT k FROM sbtest4 WHERE k BETWEEN 1492828 AND 1492928
	Index Only Scan using k_4 on sbtest4  (cost=0.43..6.63 rows=110 width=4)
	  Index Cond: ((k >= 1492828) AND (k <= 1492928))

table 5 : explain SELECT k FROM sbtest5 WHERE k BETWEEN 1492828 AND 1492928
	Index Only Scan using k_5 on sbtest5  (cost=0.43..6.33 rows=95 width=4)
	  Index Cond: ((k >= 1492828) AND (k <= 1492928))

table 6 : explain SELECT k FROM sbtest6 WHERE k BETWEEN 1492828 AND 1492928
	Index Only Scan using k_6 on sbtest6  (cost=0.43..6.35 rows=96 width=4)
	  Index Cond: ((k >= 1492828) AND (k <= 1492928))

table 7 : explain SELECT k FROM sbtest7 WHERE k BETWEEN 1492828 AND 1492928
	Index Only Scan using k_7 on sbtest7  (cost=0.43..6.45 rows=101 width=4)
	  Index Cond: ((k >= 1492828) AND (k <= 1492928))

table 8 : explain SELECT k FROM sbtest8 WHERE k BETWEEN 1492828 AND 1492928
	Index Only Scan using k_8 on sbtest8  (cost=0.43..10.58 rows=107 width=4)
	  Index Cond: ((k >= 1492828) AND (k <= 1492928))

explain: for range-covered :: explain SELECT k FROM sbtest%d WHERE k BETWEEN 1492828 AND 1492928
for range-covered
table 1 : explain SELECT k FROM sbtest1 WHERE k BETWEEN 5238208 AND 5238308
	Index Only Scan using k_1 on sbtest1  (cost=0.43..6.47 rows=102 width=4)
	  Index Cond: ((k >= 5238208) AND (k <= 5238308))

table 2 : explain SELECT k FROM sbtest2 WHERE k BETWEEN 5238208 AND 5238308
	Index Only Scan using k_2 on sbtest2  (cost=0.43..6.53 rows=105 width=4)
	  Index Cond: ((k >= 5238208) AND (k <= 5238308))

table 3 : explain SELECT k FROM sbtest3 WHERE k BETWEEN 5238208 AND 5238308
	Index Only Scan using k_3 on sbtest3  (cost=0.43..6.24 rows=90 width=4)
	  Index Cond: ((k >= 5238208) AND (k <= 5238308))

table 4 : explain SELECT k FROM sbtest4 WHERE k BETWEEN 5238208 AND 5238308
	Index Only Scan using k_4 on sbtest4  (cost=0.43..6.40 rows=98 width=4)
	  Index Cond: ((k >= 5238208) AND (k <= 5238308))

table 5 : explain SELECT k FROM sbtest5 WHERE k BETWEEN 5238208 AND 5238308
	Index Only Scan using k_5 on sbtest5  (cost=0.43..6.59 rows=108 width=4)
	  Index Cond: ((k >= 5238208) AND (k <= 5238308))

table 6 : explain SELECT k FROM sbtest6 WHERE k BETWEEN 5238208 AND 5238308
	Index Only Scan using k_6 on sbtest6  (cost=0.43..6.32 rows=94 width=4)
	  Index Cond: ((k >= 5238208) AND (k <= 5238308))

table 7 : explain SELECT k FROM sbtest7 WHERE k BETWEEN 5238208 AND 5238308
	Index Only Scan using k_7 on sbtest7  (cost=0.43..6.40 rows=98 width=4)
	  Index Cond: ((k >= 5238208) AND (k <= 5238308))

table 8 : explain SELECT k FROM sbtest8 WHERE k BETWEEN 5238208 AND 5238308
	Index Only Scan using k_8 on sbtest8  (cost=0.43..10.46 rows=101 width=4)
	  Index Cond: ((k >= 5238208) AND (k <= 5238308))

for range-covered
table 1 : explain SELECT k FROM sbtest1 WHERE k BETWEEN 8012521 AND 8012621
	Index Only Scan using k_1 on sbtest1  (cost=0.43..6.43 rows=100 width=4)
	  Index Cond: ((k >= 8012521) AND (k <= 8012621))

table 2 : explain SELECT k FROM sbtest2 WHERE k BETWEEN 8012521 AND 8012621
	Index Only Scan using k_2 on sbtest2  (cost=0.43..6.45 rows=101 width=4)
	  Index Cond: ((k >= 8012521) AND (k <= 8012621))

table 3 : explain SELECT k FROM sbtest3 WHERE k BETWEEN 8012521 AND 8012621
	Index Only Scan using k_3 on sbtest3  (cost=0.43..6.50 rows=103 width=4)
	  Index Cond: ((k >= 8012521) AND (k <= 8012621))

table 4 : explain SELECT k FROM sbtest4 WHERE k BETWEEN 8012521 AND 8012621
	Index Only Scan using k_4 on sbtest4  (cost=0.43..6.51 rows=104 width=4)
	  Index Cond: ((k >= 8012521) AND (k <= 8012621))

table 5 : explain SELECT k FROM sbtest5 WHERE k BETWEEN 8012521 AND 8012621
	Index Only Scan using k_5 on sbtest5  (cost=0.43..6.56 rows=106 width=4)
	  Index Cond: ((k >= 8012521) AND (k <= 8012621))

table 6 : explain SELECT k FROM sbtest6 WHERE k BETWEEN 8012521 AND 8012621
	Index Only Scan using k_6 on sbtest6  (cost=0.43..6.67 rows=112 width=4)
	  Index Cond: ((k >= 8012521) AND (k <= 8012621))

table 7 : explain SELECT k FROM sbtest7 WHERE k BETWEEN 8012521 AND 8012621
	Index Only Scan using k_7 on sbtest7  (cost=0.43..6.35 rows=96 width=4)
	  Index Cond: ((k >= 8012521) AND (k <= 8012621))

table 8 : explain SELECT k FROM sbtest8 WHERE k BETWEEN 8012521 AND 8012621
	Index Only Scan using k_8 on sbtest8  (cost=0.43..10.51 rows=104 width=4)
	  Index Cond: ((k >= 8012521) AND (k <= 8012621))

explain: for range-covered :: explain SELECT k FROM sbtest%d WHERE k BETWEEN 5238208 AND 5238308
for range-covered
table 1 : explain SELECT k FROM sbtest1 WHERE k BETWEEN 1213143 AND 1213243
	Index Only Scan using k_1 on sbtest1  (cost=0.43..6.32 rows=94 width=4)
	  Index Cond: ((k >= 1213143) AND (k <= 1213243))

table 2 : explain SELECT k FROM sbtest2 WHERE k BETWEEN 1213143 AND 1213243
	Index Only Scan using k_2 on sbtest2  (cost=0.43..6.50 rows=103 width=4)
	  Index Cond: ((k >= 1213143) AND (k <= 1213243))

table 3 : explain SELECT k FROM sbtest3 WHERE k BETWEEN 1213143 AND 1213243
	Index Only Scan using k_3 on sbtest3  (cost=0.43..6.37 rows=97 width=4)
	  Index Cond: ((k >= 1213143) AND (k <= 1213243))

table 4 : explain SELECT k FROM sbtest4 WHERE k BETWEEN 1213143 AND 1213243
	Index Only Scan using k_4 on sbtest4  (cost=0.43..6.50 rows=103 width=4)
	  Index Cond: ((k >= 1213143) AND (k <= 1213243))

table 5 : explain SELECT k FROM sbtest5 WHERE k BETWEEN 1213143 AND 1213243
	Index Only Scan using k_5 on sbtest5  (cost=0.43..6.53 rows=105 width=4)
	  Index Cond: ((k >= 1213143) AND (k <= 1213243))

table 6 : explain SELECT k FROM sbtest6 WHERE k BETWEEN 1213143 AND 1213243
	Index Only Scan using k_6 on sbtest6  (cost=0.43..6.45 rows=101 width=4)
	  Index Cond: ((k >= 1213143) AND (k <= 1213243))

table 7 : explain SELECT k FROM sbtest7 WHERE k BETWEEN 1213143 AND 1213243
	Index Only Scan using k_7 on sbtest7  (cost=0.43..6.53 rows=105 width=4)
	  Index Cond: ((k >= 1213143) AND (k <= 1213243))

table 8 : explain SELECT k FROM sbtest8 WHERE k BETWEEN 1213143 AND 1213243
	Index Only Scan using k_8 on sbtest8  (cost=0.43..10.29 rows=93 width=4)
	  Index Cond: ((k >= 1213143) AND (k <= 1213243))

for range-covered
table 1 : explain SELECT k FROM sbtest1 WHERE k BETWEEN 5151417 AND 5151517
	Index Only Scan using k_1 on sbtest1  (cost=0.43..6.79 rows=118 width=4)
	  Index Cond: ((k >= 5151417) AND (k <= 5151517))

table 2 : explain SELECT k FROM sbtest2 WHERE k BETWEEN 5151417 AND 5151517
	Index Only Scan using k_2 on sbtest2  (cost=0.43..6.40 rows=98 width=4)
	  Index Cond: ((k >= 5151417) AND (k <= 5151517))

table 3 : explain SELECT k FROM sbtest3 WHERE k BETWEEN 5151417 AND 5151517
	Index Only Scan using k_3 on sbtest3  (cost=0.43..6.50 rows=103 width=4)
	  Index Cond: ((k >= 5151417) AND (k <= 5151517))

table 4 : explain SELECT k FROM sbtest4 WHERE k BETWEEN 5151417 AND 5151517
	Index Only Scan using k_4 on sbtest4  (cost=0.43..6.37 rows=97 width=4)
	  Index Cond: ((k >= 5151417) AND (k <= 5151517))

table 5 : explain SELECT k FROM sbtest5 WHERE k BETWEEN 5151417 AND 5151517
	Index Only Scan using k_5 on sbtest5  (cost=0.43..6.59 rows=108 width=4)
	  Index Cond: ((k >= 5151417) AND (k <= 5151517))

table 6 : explain SELECT k FROM sbtest6 WHERE k BETWEEN 5151417 AND 5151517
	Index Only Scan using k_6 on sbtest6  (cost=0.43..6.32 rows=94 width=4)
	  Index Cond: ((k >= 5151417) AND (k <= 5151517))

table 7 : explain SELECT k FROM sbtest7 WHERE k BETWEEN 5151417 AND 5151517
	Index Only Scan using k_7 on sbtest7  (cost=0.43..6.59 rows=108 width=4)
	  Index Cond: ((k >= 5151417) AND (k <= 5151517))

table 8 : explain SELECT k FROM sbtest8 WHERE k BETWEEN 5151417 AND 5151517
	Index Only Scan using k_8 on sbtest8  (cost=0.43..10.54 rows=105 width=4)
	  Index Cond: ((k >= 5151417) AND (k <= 5151517))
explain: for range-covered :: explain SELECT k FROM sbtest%d WHERE k BETWEEN 8012521 AND 8012621

explain: for range-covered :: explain SELECT k FROM sbtest%d WHERE k BETWEEN 5151417 AND 5151517
for range-covered
table 1 : explain SELECT k FROM sbtest1 WHERE k BETWEEN 6541446 AND 6541546
	Index Only Scan using k_1 on sbtest1  (cost=0.43..6.35 rows=96 width=4)
	  Index Cond: ((k >= 6541446) AND (k <= 6541546))

table 2 : explain SELECT k FROM sbtest2 WHERE k BETWEEN 6541446 AND 6541546
	Index Only Scan using k_2 on sbtest2  (cost=0.43..6.67 rows=112 width=4)
	  Index Cond: ((k >= 6541446) AND (k <= 6541546))

table 3 : explain SELECT k FROM sbtest3 WHERE k BETWEEN 6541446 AND 6541546
	Index Only Scan using k_3 on sbtest3  (cost=0.43..6.45 rows=101 width=4)
	  Index Cond: ((k >= 6541446) AND (k <= 6541546))

table 4 : explain SELECT k FROM sbtest4 WHERE k BETWEEN 6541446 AND 6541546
	Index Only Scan using k_4 on sbtest4  (cost=0.43..6.69 rows=113 width=4)
	  Index Cond: ((k >= 6541446) AND (k <= 6541546))

table 5 : explain SELECT k FROM sbtest5 WHERE k BETWEEN 6541446 AND 6541546
	Index Only Scan using k_5 on sbtest5  (cost=0.43..6.42 rows=99 width=4)
	  Index Cond: ((k >= 6541446) AND (k <= 6541546))

table 6 : explain SELECT k FROM sbtest6 WHERE k BETWEEN 6541446 AND 6541546
	Index Only Scan using k_6 on sbtest6  (cost=0.43..6.35 rows=96 width=4)
	  Index Cond: ((k >= 6541446) AND (k <= 6541546))

table 7 : explain SELECT k FROM sbtest7 WHERE k BETWEEN 6541446 AND 6541546
	Index Only Scan using k_7 on sbtest7  (cost=0.43..6.47 rows=102 width=4)
	  Index Cond: ((k >= 6541446) AND (k <= 6541546))

table 8 : explain SELECT k FROM sbtest8 WHERE k BETWEEN 6541446 AND 6541546
	Index Only Scan using k_8 on sbtest8  (cost=0.43..10.50 rows=103 width=4)
	  Index Cond: ((k >= 6541446) AND (k <= 6541546))

for range-covered
table 1 : explain SELECT k FROM sbtest1 WHERE k BETWEEN 1492828 AND 1492928
	Index Only Scan using k_1 on sbtest1  (cost=0.43..6.69 rows=113 width=4)
	  Index Cond: ((k >= 1492828) AND (k <= 1492928))

table 2 : explain SELECT k FROM sbtest2 WHERE k BETWEEN 1492828 AND 1492928
	Index Only Scan using k_2 on sbtest2  (cost=0.43..6.47 rows=102 width=4)
	  Index Cond: ((k >= 1492828) AND (k <= 1492928))

table 3 : explain SELECT k FROM sbtest3 WHERE k BETWEEN 1492828 AND 1492928
	Index Only Scan using k_3 on sbtest3  (cost=0.43..6.50 rows=103 width=4)
	  Index Cond: ((k >= 1492828) AND (k <= 1492928))

table 4 : explain SELECT k FROM sbtest4 WHERE k BETWEEN 1492828 AND 1492928
	Index Only Scan using k_4 on sbtest4  (cost=0.43..6.63 rows=110 width=4)
	  Index Cond: ((k >= 1492828) AND (k <= 1492928))

table 5 : explain SELECT k FROM sbtest5 WHERE k BETWEEN 1492828 AND 1492928
	Index Only Scan using k_5 on sbtest5  (cost=0.43..6.33 rows=95 width=4)
	  Index Cond: ((k >= 1492828) AND (k <= 1492928))

table 6 : explain SELECT k FROM sbtest6 WHERE k BETWEEN 1492828 AND 1492928
	Index Only Scan using k_6 on sbtest6  (cost=0.43..6.35 rows=96 width=4)
	  Index Cond: ((k >= 1492828) AND (k <= 1492928))

table 7 : explain SELECT k FROM sbtest7 WHERE k BETWEEN 1492828 AND 1492928
	Index Only Scan using k_7 on sbtest7  (cost=0.43..6.45 rows=101 width=4)
	  Index Cond: ((k >= 1492828) AND (k <= 1492928))

table 8 : explain SELECT k FROM sbtest8 WHERE k BETWEEN 1492828 AND 1492928
	Index Only Scan using k_8 on sbtest8  (cost=0.43..10.58 rows=107 width=4)
	  Index Cond: ((k >= 1492828) AND (k <= 1492928))

explain: for range-covered :: explain SELECT k FROM sbtest%d WHERE k BETWEEN 6541446 AND 6541546
explain: for range-covered :: explain SELECT k FROM sbtest%d WHERE k BETWEEN 1492828 AND 1492928
for range-covered
table 1 : explain SELECT k FROM sbtest1 WHERE k BETWEEN 5238208 AND 5238308
	Index Only Scan using k_1 on sbtest1  (cost=0.43..6.47 rows=102 width=4)
	  Index Cond: ((k >= 5238208) AND (k <= 5238308))

table 2 : explain SELECT k FROM sbtest2 WHERE k BETWEEN 5238208 AND 5238308
	Index Only Scan using k_2 on sbtest2  (cost=0.43..6.53 rows=105 width=4)
	  Index Cond: ((k >= 5238208) AND (k <= 5238308))

table 3 : explain SELECT k FROM sbtest3 WHERE k BETWEEN 5238208 AND 5238308
	Index Only Scan using k_3 on sbtest3  (cost=0.43..6.24 rows=90 width=4)
	  Index Cond: ((k >= 5238208) AND (k <= 5238308))

table 4 : explain SELECT k FROM sbtest4 WHERE k BETWEEN 5238208 AND 5238308
	Index Only Scan using k_4 on sbtest4  (cost=0.43..6.40 rows=98 width=4)
	  Index Cond: ((k >= 5238208) AND (k <= 5238308))

table 5 : explain SELECT k FROM sbtest5 WHERE k BETWEEN 5238208 AND 5238308
	Index Only Scan using k_5 on sbtest5  (cost=0.43..6.59 rows=108 width=4)
	  Index Cond: ((k >= 5238208) AND (k <= 5238308))

table 6 : explain SELECT k FROM sbtest6 WHERE k BETWEEN 5238208 AND 5238308
	Index Only Scan using k_6 on sbtest6  (cost=0.43..6.32 rows=94 width=4)
	  Index Cond: ((k >= 5238208) AND (k <= 5238308))

table 7 : explain SELECT k FROM sbtest7 WHERE k BETWEEN 5238208 AND 5238308
	Index Only Scan using k_7 on sbtest7  (cost=0.43..6.40 rows=98 width=4)
	  Index Cond: ((k >= 5238208) AND (k <= 5238308))

table 8 : explain SELECT k FROM sbtest8 WHERE k BETWEEN 5238208 AND 5238308
	Index Only Scan using k_8 on sbtest8  (cost=0.43..10.46 rows=101 width=4)
	  Index Cond: ((k >= 5238208) AND (k <= 5238308))

explain: for range-covered :: explain SELECT k FROM sbtest%d WHERE k BETWEEN 5238208 AND 5238308
explain: for range-covered :: explain SELECT k FROM sbtest%d WHERE k BETWEEN 4971124 AND 4971224
for range-covered
table 1 : explain SELECT k FROM sbtest1 WHERE k BETWEEN 6541446 AND 6541546
	Index Only Scan using k_1 on sbtest1  (cost=0.43..6.35 rows=96 width=4)
	  Index Cond: ((k >= 6541446) AND (k <= 6541546))

table 2 : explain SELECT k FROM sbtest2 WHERE k BETWEEN 6541446 AND 6541546
	Index Only Scan using k_2 on sbtest2  (cost=0.43..6.67 rows=112 width=4)
	  Index Cond: ((k >= 6541446) AND (k <= 6541546))

table 3 : explain SELECT k FROM sbtest3 WHERE k BETWEEN 6541446 AND 6541546
	Index Only Scan using k_3 on sbtest3  (cost=0.43..6.45 rows=101 width=4)
	  Index Cond: ((k >= 6541446) AND (k <= 6541546))

table 4 : explain SELECT k FROM sbtest4 WHERE k BETWEEN 6541446 AND 6541546
	Index Only Scan using k_4 on sbtest4  (cost=0.43..6.69 rows=113 width=4)
	  Index Cond: ((k >= 6541446) AND (k <= 6541546))

table 5 : explain SELECT k FROM sbtest5 WHERE k BETWEEN 6541446 AND 6541546
	Index Only Scan using k_5 on sbtest5  (cost=0.43..6.42 rows=99 width=4)
	  Index Cond: ((k >= 6541446) AND (k <= 6541546))

table 6 : explain SELECT k FROM sbtest6 WHERE k BETWEEN 6541446 AND 6541546
	Index Only Scan using k_6 on sbtest6  (cost=0.43..6.35 rows=96 width=4)
	  Index Cond: ((k >= 6541446) AND (k <= 6541546))

table 7 : explain SELECT k FROM sbtest7 WHERE k BETWEEN 6541446 AND 6541546
	Index Only Scan using k_7 on sbtest7  (cost=0.43..6.47 rows=102 width=4)
	  Index Cond: ((k >= 6541446) AND (k <= 6541546))

table 8 : explain SELECT k FROM sbtest8 WHERE k BETWEEN 6541446 AND 6541546
	Index Only Scan using k_8 on sbtest8  (cost=0.43..10.50 rows=103 width=4)
	  Index Cond: ((k >= 6541446) AND (k <= 6541546))

for range-covered
table 1 : explain SELECT k FROM sbtest1 WHERE k BETWEEN 1492828 AND 1492928
	Index Only Scan using k_1 on sbtest1  (cost=0.43..6.69 rows=113 width=4)
	  Index Cond: ((k >= 1492828) AND (k <= 1492928))

table 2 : explain SELECT k FROM sbtest2 WHERE k BETWEEN 1492828 AND 1492928
	Index Only Scan using k_2 on sbtest2  (cost=0.43..6.47 rows=102 width=4)
	  Index Cond: ((k >= 1492828) AND (k <= 1492928))

table 3 : explain SELECT k FROM sbtest3 WHERE k BETWEEN 1492828 AND 1492928
	Index Only Scan using k_3 on sbtest3  (cost=0.43..6.50 rows=103 width=4)
	  Index Cond: ((k >= 1492828) AND (k <= 1492928))

table 4 : explain SELECT k FROM sbtest4 WHERE k BETWEEN 1492828 AND 1492928
	Index Only Scan using k_4 on sbtest4  (cost=0.43..6.63 rows=110 width=4)
	  Index Cond: ((k >= 1492828) AND (k <= 1492928))

table 5 : explain SELECT k FROM sbtest5 WHERE k BETWEEN 1492828 AND 1492928
	Index Only Scan using k_5 on sbtest5  (cost=0.43..6.33 rows=95 width=4)
	  Index Cond: ((k >= 1492828) AND (k <= 1492928))

table 6 : explain SELECT k FROM sbtest6 WHERE k BETWEEN 1492828 AND 1492928
	Index Only Scan using k_6 on sbtest6  (cost=0.43..6.35 rows=96 width=4)
	  Index Cond: ((k >= 1492828) AND (k <= 1492928))

table 7 : explain SELECT k FROM sbtest7 WHERE k BETWEEN 1492828 AND 1492928
	Index Only Scan using k_7 on sbtest7  (cost=0.43..6.45 rows=101 width=4)
	  Index Cond: ((k >= 1492828) AND (k <= 1492928))

table 8 : explain SELECT k FROM sbtest8 WHERE k BETWEEN 1492828 AND 1492928
	Index Only Scan using k_8 on sbtest8  (cost=0.43..10.58 rows=107 width=4)
	  Index Cond: ((k >= 1492828) AND (k <= 1492928))

explain: for range-covered :: explain SELECT k FROM sbtest%d WHERE k BETWEEN 6541446 AND 6541546
explain: for range-covered :: explain SELECT k FROM sbtest%d WHERE k BETWEEN 1492828 AND 1492928
for range-covered
table 1 : explain SELECT k FROM sbtest1 WHERE k BETWEEN 7753178 AND 7753278
	Index Only Scan using k_1 on sbtest1  (cost=0.43..6.32 rows=94 width=4)
	  Index Cond: ((k >= 7753178) AND (k <= 7753278))

table 2 : explain SELECT k FROM sbtest2 WHERE k BETWEEN 7753178 AND 7753278
	Index Only Scan using k_2 on sbtest2  (cost=0.43..6.45 rows=101 width=4)
	  Index Cond: ((k >= 7753178) AND (k <= 7753278))

table 3 : explain SELECT k FROM sbtest3 WHERE k BETWEEN 7753178 AND 7753278
	Index Only Scan using k_3 on sbtest3  (cost=0.43..6.33 rows=95 width=4)
	  Index Cond: ((k >= 7753178) AND (k <= 7753278))

table 4 : explain SELECT k FROM sbtest4 WHERE k BETWEEN 7753178 AND 7753278
	Index Only Scan using k_4 on sbtest4  (cost=0.43..6.43 rows=100 width=4)
	  Index Cond: ((k >= 7753178) AND (k <= 7753278))

table 5 : explain SELECT k FROM sbtest5 WHERE k BETWEEN 7753178 AND 7753278
	Index Only Scan using k_5 on sbtest5  (cost=0.43..6.45 rows=101 width=4)
	  Index Cond: ((k >= 7753178) AND (k <= 7753278))

table 6 : explain SELECT k FROM sbtest6 WHERE k BETWEEN 7753178 AND 7753278
	Index Only Scan using k_6 on sbtest6  (cost=0.43..6.40 rows=98 width=4)
	  Index Cond: ((k >= 7753178) AND (k <= 7753278))

table 7 : explain SELECT k FROM sbtest7 WHERE k BETWEEN 7753178 AND 7753278
	Index Only Scan using k_7 on sbtest7  (cost=0.43..6.51 rows=104 width=4)
	  Index Cond: ((k >= 7753178) AND (k <= 7753278))

table 8 : explain SELECT k FROM sbtest8 WHERE k BETWEEN 7753178 AND 7753278
	Index Only Scan using k_8 on sbtest8  (cost=0.43..10.47 rows=102 width=4)
	  Index Cond: ((k >= 7753178) AND (k <= 7753278))

for range-covered
table 1 : explain SELECT k FROM sbtest1 WHERE k BETWEEN 5238208 AND 5238308
	Index Only Scan using k_1 on sbtest1  (cost=0.43..6.47 rows=102 width=4)
	  Index Cond: ((k >= 5238208) AND (k <= 5238308))

table 2 : explain SELECT k FROM sbtest2 WHERE k BETWEEN 5238208 AND 5238308
	Index Only Scan using k_2 on sbtest2  (cost=0.43..6.53 rows=105 width=4)
	  Index Cond: ((k >= 5238208) AND (k <= 5238308))

table 3 : explain SELECT k FROM sbtest3 WHERE k BETWEEN 5238208 AND 5238308
	Index Only Scan using k_3 on sbtest3  (cost=0.43..6.24 rows=90 width=4)
	  Index Cond: ((k >= 5238208) AND (k <= 5238308))

table 4 : explain SELECT k FROM sbtest4 WHERE k BETWEEN 5238208 AND 5238308
	Index Only Scan using k_4 on sbtest4  (cost=0.43..6.40 rows=98 width=4)
	  Index Cond: ((k >= 5238208) AND (k <= 5238308))

table 5 : explain SELECT k FROM sbtest5 WHERE k BETWEEN 5238208 AND 5238308
	Index Only Scan using k_5 on sbtest5  (cost=0.43..6.59 rows=108 width=4)
	  Index Cond: ((k >= 5238208) AND (k <= 5238308))

table 6 : explain SELECT k FROM sbtest6 WHERE k BETWEEN 5238208 AND 5238308
	Index Only Scan using k_6 on sbtest6  (cost=0.43..6.32 rows=94 width=4)
	  Index Cond: ((k >= 5238208) AND (k <= 5238308))

table 7 : explain SELECT k FROM sbtest7 WHERE k BETWEEN 5238208 AND 5238308
	Index Only Scan using k_7 on sbtest7  (cost=0.43..6.40 rows=98 width=4)
	  Index Cond: ((k >= 5238208) AND (k <= 5238308))

table 8 : explain SELECT k FROM sbtest8 WHERE k BETWEEN 5238208 AND 5238308
	Index Only Scan using k_8 on sbtest8  (cost=0.43..10.46 rows=101 width=4)
	  Index Cond: ((k >= 5238208) AND (k <= 5238308))

for range-covered
table 1 : explain SELECT k FROM sbtest1 WHERE k BETWEEN 8012521 AND 8012621
	Index Only Scan using k_1 on sbtest1  (cost=0.43..6.43 rows=100 width=4)
	  Index Cond: ((k >= 8012521) AND (k <= 8012621))

table 2 : explain SELECT k FROM sbtest2 WHERE k BETWEEN 8012521 AND 8012621
	Index Only Scan using k_2 on sbtest2  (cost=0.43..6.45 rows=101 width=4)
	  Index Cond: ((k >= 8012521) AND (k <= 8012621))

table 3 : explain SELECT k FROM sbtest3 WHERE k BETWEEN 8012521 AND 8012621
	Index Only Scan using k_3 on sbtest3  (cost=0.43..6.50 rows=103 width=4)
	  Index Cond: ((k >= 8012521) AND (k <= 8012621))

table 4 : explain SELECT k FROM sbtest4 WHERE k BETWEEN 8012521 AND 8012621
	Index Only Scan using k_4 on sbtest4  (cost=0.43..6.51 rows=104 width=4)
	  Index Cond: ((k >= 8012521) AND (k <= 8012621))

table 5 : explain SELECT k FROM sbtest5 WHERE k BETWEEN 8012521 AND 8012621
	Index Only Scan using k_5 on sbtest5  (cost=0.43..6.56 rows=106 width=4)
	  Index Cond: ((k >= 8012521) AND (k <= 8012621))

table 6 : explain SELECT k FROM sbtest6 WHERE k BETWEEN 8012521 AND 8012621
	Index Only Scan using k_6 on sbtest6  (cost=0.43..6.67 rows=112 width=4)
	  Index Cond: ((k >= 8012521) AND (k <= 8012621))

table 7 : explain SELECT k FROM sbtest7 WHERE k BETWEEN 8012521 AND 8012621
	Index Only Scan using k_7 on sbtest7  (cost=0.43..6.35 rows=96 width=4)
	  Index Cond: ((k >= 8012521) AND (k <= 8012621))

table 8 : explain SELECT k FROM sbtest8 WHERE k BETWEEN 8012521 AND 8012621
	Index Only Scan using k_8 on sbtest8  (cost=0.43..10.51 rows=104 width=4)
	  Index Cond: ((k >= 8012521) AND (k <= 8012621))

explain: for range-covered :: explain SELECT k FROM sbtest%d WHERE k BETWEEN 5238208 AND 5238308
for range-covered
table 1 : explain SELECT k FROM sbtest1 WHERE k BETWEEN 2318978 AND 2319078
	Index Only Scan using k_1 on sbtest1  (cost=0.43..6.25 rows=91 width=4)
	  Index Cond: ((k >= 2318978) AND (k <= 2319078))

table 2 : explain SELECT k FROM sbtest2 WHERE k BETWEEN 2318978 AND 2319078
	Index Only Scan using k_2 on sbtest2  (cost=0.43..6.40 rows=98 width=4)
	  Index Cond: ((k >= 2318978) AND (k <= 2319078))

table 3 : explain SELECT k FROM sbtest3 WHERE k BETWEEN 2318978 AND 2319078
	Index Only Scan using k_3 on sbtest3  (cost=0.43..6.66 rows=111 width=4)
	  Index Cond: ((k >= 2318978) AND (k <= 2319078))

table 4 : explain SELECT k FROM sbtest4 WHERE k BETWEEN 2318978 AND 2319078
	Index Only Scan using k_4 on sbtest4  (cost=0.43..6.67 rows=112 width=4)
	  Index Cond: ((k >= 2318978) AND (k <= 2319078))

table 5 : explain SELECT k FROM sbtest5 WHERE k BETWEEN 2318978 AND 2319078
	Index Only Scan using k_5 on sbtest5  (cost=0.43..6.56 rows=106 width=4)
	  Index Cond: ((k >= 2318978) AND (k <= 2319078))

table 6 : explain SELECT k FROM sbtest6 WHERE k BETWEEN 2318978 AND 2319078
	Index Only Scan using k_6 on sbtest6  (cost=0.43..6.27 rows=92 width=4)
	  Index Cond: ((k >= 2318978) AND (k <= 2319078))

table 7 : explain SELECT k FROM sbtest7 WHERE k BETWEEN 2318978 AND 2319078
	Index Only Scan using k_7 on sbtest7  (cost=0.43..6.42 rows=99 width=4)
	  Index Cond: ((k >= 2318978) AND (k <= 2319078))

table 8 : explain SELECT k FROM sbtest8 WHERE k BETWEEN 2318978 AND 2319078
	Index Only Scan using k_8 on sbtest8  (cost=0.43..10.62 rows=109 width=4)
	  Index Cond: ((k >= 2318978) AND (k <= 2319078))

explain: for range-covered :: explain SELECT k FROM sbtest%d WHERE k BETWEEN 7753178 AND 7753278
explain: for range-covered :: explain SELECT k FROM sbtest%d WHERE k BETWEEN 2318978 AND 2319078
explain: for range-covered :: explain SELECT k FROM sbtest%d WHERE k BETWEEN 3581827 AND 3581927
explain: for range-covered :: explain SELECT k FROM sbtest%d WHERE k BETWEEN 8012521 AND 8012621
for range-covered
table 1 : explain SELECT k FROM sbtest1 WHERE k BETWEEN 1492828 AND 1492928
	Index Only Scan using k_1 on sbtest1  (cost=0.43..6.69 rows=113 width=4)
	  Index Cond: ((k >= 1492828) AND (k <= 1492928))

table 2 : explain SELECT k FROM sbtest2 WHERE k BETWEEN 1492828 AND 1492928
	Index Only Scan using k_2 on sbtest2  (cost=0.43..6.47 rows=102 width=4)
	  Index Cond: ((k >= 1492828) AND (k <= 1492928))

table 3 : explain SELECT k FROM sbtest3 WHERE k BETWEEN 1492828 AND 1492928
	Index Only Scan using k_3 on sbtest3  (cost=0.43..6.50 rows=103 width=4)
	  Index Cond: ((k >= 1492828) AND (k <= 1492928))

table 4 : explain SELECT k FROM sbtest4 WHERE k BETWEEN 1492828 AND 1492928
	Index Only Scan using k_4 on sbtest4  (cost=0.43..6.63 rows=110 width=4)
	  Index Cond: ((k >= 1492828) AND (k <= 1492928))

table 5 : explain SELECT k FROM sbtest5 WHERE k BETWEEN 1492828 AND 1492928
	Index Only Scan using k_5 on sbtest5  (cost=0.43..6.33 rows=95 width=4)
	  Index Cond: ((k >= 1492828) AND (k <= 1492928))

table 6 : explain SELECT k FROM sbtest6 WHERE k BETWEEN 1492828 AND 1492928
	Index Only Scan using k_6 on sbtest6  (cost=0.43..6.35 rows=96 width=4)
	  Index Cond: ((k >= 1492828) AND (k <= 1492928))

table 7 : explain SELECT k FROM sbtest7 WHERE k BETWEEN 1492828 AND 1492928
	Index Only Scan using k_7 on sbtest7  (cost=0.43..6.45 rows=101 width=4)
	  Index Cond: ((k >= 1492828) AND (k <= 1492928))

table 8 : explain SELECT k FROM sbtest8 WHERE k BETWEEN 1492828 AND 1492928
	Index Only Scan using k_8 on sbtest8  (cost=0.43..10.58 rows=107 width=4)
	  Index Cond: ((k >= 1492828) AND (k <= 1492928))

for range-covered
table 1 : explain SELECT k FROM sbtest1 WHERE k BETWEEN 5151417 AND 5151517
	Index Only Scan using k_1 on sbtest1  (cost=0.43..6.79 rows=118 width=4)
	  Index Cond: ((k >= 5151417) AND (k <= 5151517))

table 2 : explain SELECT k FROM sbtest2 WHERE k BETWEEN 5151417 AND 5151517
	Index Only Scan using k_2 on sbtest2  (cost=0.43..6.40 rows=98 width=4)
	  Index Cond: ((k >= 5151417) AND (k <= 5151517))

table 3 : explain SELECT k FROM sbtest3 WHERE k BETWEEN 5151417 AND 5151517
	Index Only Scan using k_3 on sbtest3  (cost=0.43..6.50 rows=103 width=4)
	  Index Cond: ((k >= 5151417) AND (k <= 5151517))

table 4 : explain SELECT k FROM sbtest4 WHERE k BETWEEN 5151417 AND 5151517
	Index Only Scan using k_4 on sbtest4  (cost=0.43..6.37 rows=97 width=4)
	  Index Cond: ((k >= 5151417) AND (k <= 5151517))

table 5 : explain SELECT k FROM sbtest5 WHERE k BETWEEN 5151417 AND 5151517
	Index Only Scan using k_5 on sbtest5  (cost=0.43..6.59 rows=108 width=4)
	  Index Cond: ((k >= 5151417) AND (k <= 5151517))

table 6 : explain SELECT k FROM sbtest6 WHERE k BETWEEN 5151417 AND 5151517
	Index Only Scan using k_6 on sbtest6  (cost=0.43..6.32 rows=94 width=4)
	  Index Cond: ((k >= 5151417) AND (k <= 5151517))

table 7 : explain SELECT k FROM sbtest7 WHERE k BETWEEN 5151417 AND 5151517
	Index Only Scan using k_7 on sbtest7  (cost=0.43..6.59 rows=108 width=4)
	  Index Cond: ((k >= 5151417) AND (k <= 5151517))

table 8 : explain SELECT k FROM sbtest8 WHERE k BETWEEN 5151417 AND 5151517
	Index Only Scan using k_8 on sbtest8  (cost=0.43..10.54 rows=105 width=4)
	  Index Cond: ((k >= 5151417) AND (k <= 5151517))

explain: for range-covered :: explain SELECT k FROM sbtest%d WHERE k BETWEEN 1492828 AND 1492928
explain: for range-covered :: explain SELECT k FROM sbtest%d WHERE k BETWEEN 5151417 AND 5151517
for range-covered
table 1 : explain SELECT k FROM sbtest1 WHERE k BETWEEN 6118678 AND 6118778
	Index Only Scan using k_1 on sbtest1  (cost=0.43..6.50 rows=103 width=4)
	  Index Cond: ((k >= 6118678) AND (k <= 6118778))

table 2 : explain SELECT k FROM sbtest2 WHERE k BETWEEN 6118678 AND 6118778
	Index Only Scan using k_2 on sbtest2  (cost=0.43..6.33 rows=95 width=4)
	  Index Cond: ((k >= 6118678) AND (k <= 6118778))

table 3 : explain SELECT k FROM sbtest3 WHERE k BETWEEN 6118678 AND 6118778
	Index Only Scan using k_3 on sbtest3  (cost=0.43..6.51 rows=104 width=4)
	  Index Cond: ((k >= 6118678) AND (k <= 6118778))

table 4 : explain SELECT k FROM sbtest4 WHERE k BETWEEN 6118678 AND 6118778
	Index Only Scan using k_4 on sbtest4  (cost=0.43..6.24 rows=90 width=4)
	  Index Cond: ((k >= 6118678) AND (k <= 6118778))

table 5 : explain SELECT k FROM sbtest5 WHERE k BETWEEN 6118678 AND 6118778
	Index Only Scan using k_5 on sbtest5  (cost=0.43..6.61 rows=109 width=4)
	  Index Cond: ((k >= 6118678) AND (k <= 6118778))

table 6 : explain SELECT k FROM sbtest6 WHERE k BETWEEN 6118678 AND 6118778
	Index Only Scan using k_6 on sbtest6  (cost=0.43..6.35 rows=96 width=4)
	  Index Cond: ((k >= 6118678) AND (k <= 6118778))

table 7 : explain SELECT k FROM sbtest7 WHERE k BETWEEN 6118678 AND 6118778
	Index Only Scan using k_7 on sbtest7  (cost=0.43..6.53 rows=105 width=4)
	  Index Cond: ((k >= 6118678) AND (k <= 6118778))

table 8 : explain SELECT k FROM sbtest8 WHERE k BETWEEN 6118678 AND 6118778
	Index Only Scan using k_8 on sbtest8  (cost=0.43..10.38 rows=97 width=4)
	  Index Cond: ((k >= 6118678) AND (k <= 6118778))

for range-covered
table 1 : explain SELECT k FROM sbtest1 WHERE k BETWEEN 5238208 AND 5238308
	Index Only Scan using k_1 on sbtest1  (cost=0.43..6.47 rows=102 width=4)
	  Index Cond: ((k >= 5238208) AND (k <= 5238308))

table 2 : explain SELECT k FROM sbtest2 WHERE k BETWEEN 5238208 AND 5238308
	Index Only Scan using k_2 on sbtest2  (cost=0.43..6.53 rows=105 width=4)
	  Index Cond: ((k >= 5238208) AND (k <= 5238308))

table 3 : explain SELECT k FROM sbtest3 WHERE k BETWEEN 5238208 AND 5238308
	Index Only Scan using k_3 on sbtest3  (cost=0.43..6.24 rows=90 width=4)
	  Index Cond: ((k >= 5238208) AND (k <= 5238308))

table 4 : explain SELECT k FROM sbtest4 WHERE k BETWEEN 5238208 AND 5238308
	Index Only Scan using k_4 on sbtest4  (cost=0.43..6.40 rows=98 width=4)
	  Index Cond: ((k >= 5238208) AND (k <= 5238308))

table 5 : explain SELECT k FROM sbtest5 WHERE k BETWEEN 5238208 AND 5238308
	Index Only Scan using k_5 on sbtest5  (cost=0.43..6.59 rows=108 width=4)
	  Index Cond: ((k >= 5238208) AND (k <= 5238308))

table 6 : explain SELECT k FROM sbtest6 WHERE k BETWEEN 5238208 AND 5238308
	Index Only Scan using k_6 on sbtest6  (cost=0.43..6.32 rows=94 width=4)
	  Index Cond: ((k >= 5238208) AND (k <= 5238308))

table 7 : explain SELECT k FROM sbtest7 WHERE k BETWEEN 5238208 AND 5238308
	Index Only Scan using k_7 on sbtest7  (cost=0.43..6.40 rows=98 width=4)
	  Index Cond: ((k >= 5238208) AND (k <= 5238308))

table 8 : explain SELECT k FROM sbtest8 WHERE k BETWEEN 5238208 AND 5238308
	Index Only Scan using k_8 on sbtest8  (cost=0.43..10.46 rows=101 width=4)
	  Index Cond: ((k >= 5238208) AND (k <= 5238308))

explain: for range-covered :: explain SELECT k FROM sbtest%d WHERE k BETWEEN 6118678 AND 6118778
explain: for range-covered :: explain SELECT k FROM sbtest%d WHERE k BETWEEN 5238208 AND 5238308
for range-covered
table 1 : explain SELECT k FROM sbtest1 WHERE k BETWEEN 1492828 AND 1492928
	Index Only Scan using k_1 on sbtest1  (cost=0.43..6.69 rows=113 width=4)
	  Index Cond: ((k >= 1492828) AND (k <= 1492928))

table 2 : explain SELECT k FROM sbtest2 WHERE k BETWEEN 1492828 AND 1492928
	Index Only Scan using k_2 on sbtest2  (cost=0.43..6.47 rows=102 width=4)
	  Index Cond: ((k >= 1492828) AND (k <= 1492928))

table 3 : explain SELECT k FROM sbtest3 WHERE k BETWEEN 1492828 AND 1492928
	Index Only Scan using k_3 on sbtest3  (cost=0.43..6.50 rows=103 width=4)
	  Index Cond: ((k >= 1492828) AND (k <= 1492928))

table 4 : explain SELECT k FROM sbtest4 WHERE k BETWEEN 1492828 AND 1492928
	Index Only Scan using k_4 on sbtest4  (cost=0.43..6.63 rows=110 width=4)
	  Index Cond: ((k >= 1492828) AND (k <= 1492928))

table 5 : explain SELECT k FROM sbtest5 WHERE k BETWEEN 1492828 AND 1492928
	Index Only Scan using k_5 on sbtest5  (cost=0.43..6.33 rows=95 width=4)
	  Index Cond: ((k >= 1492828) AND (k <= 1492928))

table 6 : explain SELECT k FROM sbtest6 WHERE k BETWEEN 1492828 AND 1492928
	Index Only Scan using k_6 on sbtest6  (cost=0.43..6.35 rows=96 width=4)
	  Index Cond: ((k >= 1492828) AND (k <= 1492928))

table 7 : explain SELECT k FROM sbtest7 WHERE k BETWEEN 1492828 AND 1492928
	Index Only Scan using k_7 on sbtest7  (cost=0.43..6.45 rows=101 width=4)
	  Index Cond: ((k >= 1492828) AND (k <= 1492928))

table 8 : explain SELECT k FROM sbtest8 WHERE k BETWEEN 1492828 AND 1492928
	Index Only Scan using k_8 on sbtest8  (cost=0.43..10.58 rows=107 width=4)
	  Index Cond: ((k >= 1492828) AND (k <= 1492928))

for range-covered
table 1 : explain SELECT k FROM sbtest1 WHERE k BETWEEN 2318978 AND 2319078
	Index Only Scan using k_1 on sbtest1  (cost=0.43..6.25 rows=91 width=4)
	  Index Cond: ((k >= 2318978) AND (k <= 2319078))

table 2 : explain SELECT k FROM sbtest2 WHERE k BETWEEN 2318978 AND 2319078
	Index Only Scan using k_2 on sbtest2  (cost=0.43..6.40 rows=98 width=4)
	  Index Cond: ((k >= 2318978) AND (k <= 2319078))

table 3 : explain SELECT k FROM sbtest3 WHERE k BETWEEN 2318978 AND 2319078
	Index Only Scan using k_3 on sbtest3  (cost=0.43..6.66 rows=111 width=4)
	  Index Cond: ((k >= 2318978) AND (k <= 2319078))

table 4 : explain SELECT k FROM sbtest4 WHERE k BETWEEN 2318978 AND 2319078
	Index Only Scan using k_4 on sbtest4  (cost=0.43..6.67 rows=112 width=4)
	  Index Cond: ((k >= 2318978) AND (k <= 2319078))

table 5 : explain SELECT k FROM sbtest5 WHERE k BETWEEN 2318978 AND 2319078
	Index Only Scan using k_5 on sbtest5  (cost=0.43..6.56 rows=106 width=4)
	  Index Cond: ((k >= 2318978) AND (k <= 2319078))

table 6 : explain SELECT k FROM sbtest6 WHERE k BETWEEN 2318978 AND 2319078
	Index Only Scan using k_6 on sbtest6  (cost=0.43..6.27 rows=92 width=4)
	  Index Cond: ((k >= 2318978) AND (k <= 2319078))

table 7 : explain SELECT k FROM sbtest7 WHERE k BETWEEN 2318978 AND 2319078
	Index Only Scan using k_7 on sbtest7  (cost=0.43..6.42 rows=99 width=4)
	  Index Cond: ((k >= 2318978) AND (k <= 2319078))

table 8 : explain SELECT k FROM sbtest8 WHERE k BETWEEN 2318978 AND 2319078
	Index Only Scan using k_8 on sbtest8  (cost=0.43..10.62 rows=109 width=4)
	  Index Cond: ((k >= 2318978) AND (k <= 2319078))

explain: for range-covered :: explain SELECT k FROM sbtest%d WHERE k BETWEEN 1492828 AND 1492928
explain: for range-covered :: explain SELECT k FROM sbtest%d WHERE k BETWEEN 2318978 AND 2319078
for range-covered
table 1 : explain SELECT k FROM sbtest1 WHERE k BETWEEN 7753178 AND 7753278
	Index Only Scan using k_1 on sbtest1  (cost=0.43..6.32 rows=94 width=4)
	  Index Cond: ((k >= 7753178) AND (k <= 7753278))

table 2 : explain SELECT k FROM sbtest2 WHERE k BETWEEN 7753178 AND 7753278
	Index Only Scan using k_2 on sbtest2  (cost=0.43..6.45 rows=101 width=4)
	  Index Cond: ((k >= 7753178) AND (k <= 7753278))

table 3 : explain SELECT k FROM sbtest3 WHERE k BETWEEN 7753178 AND 7753278
	Index Only Scan using k_3 on sbtest3  (cost=0.43..6.33 rows=95 width=4)
	  Index Cond: ((k >= 7753178) AND (k <= 7753278))

table 4 : explain SELECT k FROM sbtest4 WHERE k BETWEEN 7753178 AND 7753278
	Index Only Scan using k_4 on sbtest4  (cost=0.43..6.43 rows=100 width=4)
	  Index Cond: ((k >= 7753178) AND (k <= 7753278))

table 5 : explain SELECT k FROM sbtest5 WHERE k BETWEEN 7753178 AND 7753278
	Index Only Scan using k_5 on sbtest5  (cost=0.43..6.45 rows=101 width=4)
	  Index Cond: ((k >= 7753178) AND (k <= 7753278))

table 6 : explain SELECT k FROM sbtest6 WHERE k BETWEEN 7753178 AND 7753278
	Index Only Scan using k_6 on sbtest6  (cost=0.43..6.40 rows=98 width=4)
	  Index Cond: ((k >= 7753178) AND (k <= 7753278))

table 7 : explain SELECT k FROM sbtest7 WHERE k BETWEEN 7753178 AND 7753278
	Index Only Scan using k_7 on sbtest7  (cost=0.43..6.51 rows=104 width=4)
	  Index Cond: ((k >= 7753178) AND (k <= 7753278))

table 8 : explain SELECT k FROM sbtest8 WHERE k BETWEEN 7753178 AND 7753278
	Index Only Scan using k_8 on sbtest8  (cost=0.43..10.47 rows=102 width=4)
	  Index Cond: ((k >= 7753178) AND (k <= 7753278))

for range-covered
table 1 : explain SELECT k FROM sbtest1 WHERE k BETWEEN 6541446 AND 6541546
	Index Only Scan using k_1 on sbtest1  (cost=0.43..6.35 rows=96 width=4)
	  Index Cond: ((k >= 6541446) AND (k <= 6541546))

table 2 : explain SELECT k FROM sbtest2 WHERE k BETWEEN 6541446 AND 6541546
	Index Only Scan using k_2 on sbtest2  (cost=0.43..6.67 rows=112 width=4)
	  Index Cond: ((k >= 6541446) AND (k <= 6541546))

table 3 : explain SELECT k FROM sbtest3 WHERE k BETWEEN 6541446 AND 6541546
	Index Only Scan using k_3 on sbtest3  (cost=0.43..6.45 rows=101 width=4)
	  Index Cond: ((k >= 6541446) AND (k <= 6541546))

table 4 : explain SELECT k FROM sbtest4 WHERE k BETWEEN 6541446 AND 6541546
	Index Only Scan using k_4 on sbtest4  (cost=0.43..6.69 rows=113 width=4)
	  Index Cond: ((k >= 6541446) AND (k <= 6541546))

table 5 : explain SELECT k FROM sbtest5 WHERE k BETWEEN 6541446 AND 6541546
	Index Only Scan using k_5 on sbtest5  (cost=0.43..6.42 rows=99 width=4)
	  Index Cond: ((k >= 6541446) AND (k <= 6541546))

table 6 : explain SELECT k FROM sbtest6 WHERE k BETWEEN 6541446 AND 6541546
	Index Only Scan using k_6 on sbtest6  (cost=0.43..6.35 rows=96 width=4)
	  Index Cond: ((k >= 6541446) AND (k <= 6541546))

table 7 : explain SELECT k FROM sbtest7 WHERE k BETWEEN 6541446 AND 6541546
	Index Only Scan using k_7 on sbtest7  (cost=0.43..6.47 rows=102 width=4)
	  Index Cond: ((k >= 6541446) AND (k <= 6541546))

table 8 : explain SELECT k FROM sbtest8 WHERE k BETWEEN 6541446 AND 6541546
	Index Only Scan using k_8 on sbtest8  (cost=0.43..10.50 rows=103 width=4)
	  Index Cond: ((k >= 6541446) AND (k <= 6541546))

explain: for range-covered :: explain SELECT k FROM sbtest%d WHERE k BETWEEN 6541446 AND 6541546
for range-covered
table 1 : explain SELECT k FROM sbtest1 WHERE k BETWEEN 5327560 AND 5327660
	Index Only Scan using k_1 on sbtest1  (cost=0.43..6.53 rows=105 width=4)
	  Index Cond: ((k >= 5327560) AND (k <= 5327660))

table 2 : explain SELECT k FROM sbtest2 WHERE k BETWEEN 5327560 AND 5327660
	Index Only Scan using k_2 on sbtest2  (cost=0.43..6.43 rows=100 width=4)
	  Index Cond: ((k >= 5327560) AND (k <= 5327660))

table 3 : explain SELECT k FROM sbtest3 WHERE k BETWEEN 5327560 AND 5327660
	Index Only Scan using k_3 on sbtest3  (cost=0.43..6.43 rows=100 width=4)
	  Index Cond: ((k >= 5327560) AND (k <= 5327660))

table 4 : explain SELECT k FROM sbtest4 WHERE k BETWEEN 5327560 AND 5327660
	Index Only Scan using k_4 on sbtest4  (cost=0.43..6.66 rows=111 width=4)
	  Index Cond: ((k >= 5327560) AND (k <= 5327660))

table 5 : explain SELECT k FROM sbtest5 WHERE k BETWEEN 5327560 AND 5327660
	Index Only Scan using k_5 on sbtest5  (cost=0.43..6.50 rows=103 width=4)
	  Index Cond: ((k >= 5327560) AND (k <= 5327660))

table 6 : explain SELECT k FROM sbtest6 WHERE k BETWEEN 5327560 AND 5327660
	Index Only Scan using k_6 on sbtest6  (cost=0.43..6.43 rows=100 width=4)
	  Index Cond: ((k >= 5327560) AND (k <= 5327660))

table 7 : explain SELECT k FROM sbtest7 WHERE k BETWEEN 5327560 AND 5327660
	Index Only Scan using k_7 on sbtest7  (cost=0.43..6.40 rows=98 width=4)
	  Index Cond: ((k >= 5327560) AND (k <= 5327660))

table 8 : explain SELECT k FROM sbtest8 WHERE k BETWEEN 5327560 AND 5327660
	Index Only Scan using k_8 on sbtest8  (cost=0.43..10.47 rows=102 width=4)
	  Index Cond: ((k >= 5327560) AND (k <= 5327660))

explain: for range-covered :: explain SELECT k FROM sbtest%d WHERE k BETWEEN 7753178 AND 7753278
for range-covered
table 1 : explain SELECT k FROM sbtest1 WHERE k BETWEEN 8012521 AND 8012621
	Index Only Scan using k_1 on sbtest1  (cost=0.43..6.43 rows=100 width=4)
	  Index Cond: ((k >= 8012521) AND (k <= 8012621))

table 2 : explain SELECT k FROM sbtest2 WHERE k BETWEEN 8012521 AND 8012621
	Index Only Scan using k_2 on sbtest2  (cost=0.43..6.45 rows=101 width=4)
	  Index Cond: ((k >= 8012521) AND (k <= 8012621))

table 3 : explain SELECT k FROM sbtest3 WHERE k BETWEEN 8012521 AND 8012621
	Index Only Scan using k_3 on sbtest3  (cost=0.43..6.50 rows=103 width=4)
	  Index Cond: ((k >= 8012521) AND (k <= 8012621))

table 4 : explain SELECT k FROM sbtest4 WHERE k BETWEEN 8012521 AND 8012621
	Index Only Scan using k_4 on sbtest4  (cost=0.43..6.51 rows=104 width=4)
	  Index Cond: ((k >= 8012521) AND (k <= 8012621))

table 5 : explain SELECT k FROM sbtest5 WHERE k BETWEEN 8012521 AND 8012621
	Index Only Scan using k_5 on sbtest5  (cost=0.43..6.56 rows=106 width=4)
	  Index Cond: ((k >= 8012521) AND (k <= 8012621))

table 6 : explain SELECT k FROM sbtest6 WHERE k BETWEEN 8012521 AND 8012621
	Index Only Scan using k_6 on sbtest6  (cost=0.43..6.67 rows=112 width=4)
	  Index Cond: ((k >= 8012521) AND (k <= 8012621))

table 7 : explain SELECT k FROM sbtest7 WHERE k BETWEEN 8012521 AND 8012621
	Index Only Scan using k_7 on sbtest7  (cost=0.43..6.35 rows=96 width=4)
	  Index Cond: ((k >= 8012521) AND (k <= 8012621))

table 8 : explain SELECT k FROM sbtest8 WHERE k BETWEEN 8012521 AND 8012621
	Index Only Scan using k_8 on sbtest8  (cost=0.43..10.51 rows=104 width=4)
	  Index Cond: ((k >= 8012521) AND (k <= 8012621))

explain: for range-covered :: explain SELECT k FROM sbtest%d WHERE k BETWEEN 8012521 AND 8012621
explain: for range-covered :: explain SELECT k FROM sbtest%d WHERE k BETWEEN 7472274 AND 7472374
for range-covered
table 1 : explain SELECT k FROM sbtest1 WHERE k BETWEEN 1492828 AND 1492928
	Index Only Scan using k_1 on sbtest1  (cost=0.43..6.69 rows=113 width=4)
	  Index Cond: ((k >= 1492828) AND (k <= 1492928))

table 2 : explain SELECT k FROM sbtest2 WHERE k BETWEEN 1492828 AND 1492928
	Index Only Scan using k_2 on sbtest2  (cost=0.43..6.47 rows=102 width=4)
	  Index Cond: ((k >= 1492828) AND (k <= 1492928))

table 3 : explain SELECT k FROM sbtest3 WHERE k BETWEEN 1492828 AND 1492928
	Index Only Scan using k_3 on sbtest3  (cost=0.43..6.50 rows=103 width=4)
	  Index Cond: ((k >= 1492828) AND (k <= 1492928))

table 4 : explain SELECT k FROM sbtest4 WHERE k BETWEEN 1492828 AND 1492928
	Index Only Scan using k_4 on sbtest4  (cost=0.43..6.63 rows=110 width=4)
	  Index Cond: ((k >= 1492828) AND (k <= 1492928))

table 5 : explain SELECT k FROM sbtest5 WHERE k BETWEEN 1492828 AND 1492928
	Index Only Scan using k_5 on sbtest5  (cost=0.43..6.33 rows=95 width=4)
	  Index Cond: ((k >= 1492828) AND (k <= 1492928))

table 6 : explain SELECT k FROM sbtest6 WHERE k BETWEEN 1492828 AND 1492928
	Index Only Scan using k_6 on sbtest6  (cost=0.43..6.35 rows=96 width=4)
	  Index Cond: ((k >= 1492828) AND (k <= 1492928))

table 7 : explain SELECT k FROM sbtest7 WHERE k BETWEEN 1492828 AND 1492928
	Index Only Scan using k_7 on sbtest7  (cost=0.43..6.45 rows=101 width=4)
	  Index Cond: ((k >= 1492828) AND (k <= 1492928))

table 8 : explain SELECT k FROM sbtest8 WHERE k BETWEEN 1492828 AND 1492928
	Index Only Scan using k_8 on sbtest8  (cost=0.43..10.58 rows=107 width=4)
	  Index Cond: ((k >= 1492828) AND (k <= 1492928))

explain: for range-covered :: explain SELECT k FROM sbtest%d WHERE k BETWEEN 1492828 AND 1492928
for range-covered
table 1 : explain SELECT k FROM sbtest1 WHERE k BETWEEN 5151417 AND 5151517
	Index Only Scan using k_1 on sbtest1  (cost=0.43..6.79 rows=118 width=4)
	  Index Cond: ((k >= 5151417) AND (k <= 5151517))

table 2 : explain SELECT k FROM sbtest2 WHERE k BETWEEN 5151417 AND 5151517
	Index Only Scan using k_2 on sbtest2  (cost=0.43..6.40 rows=98 width=4)
	  Index Cond: ((k >= 5151417) AND (k <= 5151517))

table 3 : explain SELECT k FROM sbtest3 WHERE k BETWEEN 5151417 AND 5151517
	Index Only Scan using k_3 on sbtest3  (cost=0.43..6.50 rows=103 width=4)
	  Index Cond: ((k >= 5151417) AND (k <= 5151517))

table 4 : explain SELECT k FROM sbtest4 WHERE k BETWEEN 5151417 AND 5151517
	Index Only Scan using k_4 on sbtest4  (cost=0.43..6.37 rows=97 width=4)
	  Index Cond: ((k >= 5151417) AND (k <= 5151517))

table 5 : explain SELECT k FROM sbtest5 WHERE k BETWEEN 5151417 AND 5151517
	Index Only Scan using k_5 on sbtest5  (cost=0.43..6.59 rows=108 width=4)
	  Index Cond: ((k >= 5151417) AND (k <= 5151517))

table 6 : explain SELECT k FROM sbtest6 WHERE k BETWEEN 5151417 AND 5151517
	Index Only Scan using k_6 on sbtest6  (cost=0.43..6.32 rows=94 width=4)
	  Index Cond: ((k >= 5151417) AND (k <= 5151517))

table 7 : explain SELECT k FROM sbtest7 WHERE k BETWEEN 5151417 AND 5151517
	Index Only Scan using k_7 on sbtest7  (cost=0.43..6.59 rows=108 width=4)
	  Index Cond: ((k >= 5151417) AND (k <= 5151517))

table 8 : explain SELECT k FROM sbtest8 WHERE k BETWEEN 5151417 AND 5151517
	Index Only Scan using k_8 on sbtest8  (cost=0.43..10.54 rows=105 width=4)
	  Index Cond: ((k >= 5151417) AND (k <= 5151517))

for range-covered
table 1 : explain SELECT k FROM sbtest1 WHERE k BETWEEN 6118678 AND 6118778
	Index Only Scan using k_1 on sbtest1  (cost=0.43..6.50 rows=103 width=4)
	  Index Cond: ((k >= 6118678) AND (k <= 6118778))

table 2 : explain SELECT k FROM sbtest2 WHERE k BETWEEN 6118678 AND 6118778
	Index Only Scan using k_2 on sbtest2  (cost=0.43..6.33 rows=95 width=4)
	  Index Cond: ((k >= 6118678) AND (k <= 6118778))

table 3 : explain SELECT k FROM sbtest3 WHERE k BETWEEN 6118678 AND 6118778
	Index Only Scan using k_3 on sbtest3  (cost=0.43..6.51 rows=104 width=4)
	  Index Cond: ((k >= 6118678) AND (k <= 6118778))

table 4 : explain SELECT k FROM sbtest4 WHERE k BETWEEN 6118678 AND 6118778
	Index Only Scan using k_4 on sbtest4  (cost=0.43..6.24 rows=90 width=4)
	  Index Cond: ((k >= 6118678) AND (k <= 6118778))

table 5 : explain SELECT k FROM sbtest5 WHERE k BETWEEN 6118678 AND 6118778
	Index Only Scan using k_5 on sbtest5  (cost=0.43..6.61 rows=109 width=4)
	  Index Cond: ((k >= 6118678) AND (k <= 6118778))

table 6 : explain SELECT k FROM sbtest6 WHERE k BETWEEN 6118678 AND 6118778
	Index Only Scan using k_6 on sbtest6  (cost=0.43..6.35 rows=96 width=4)
	  Index Cond: ((k >= 6118678) AND (k <= 6118778))

table 7 : explain SELECT k FROM sbtest7 WHERE k BETWEEN 6118678 AND 6118778
	Index Only Scan using k_7 on sbtest7  (cost=0.43..6.53 rows=105 width=4)
	  Index Cond: ((k >= 6118678) AND (k <= 6118778))

table 8 : explain SELECT k FROM sbtest8 WHERE k BETWEEN 6118678 AND 6118778
	Index Only Scan using k_8 on sbtest8  (cost=0.43..10.38 rows=97 width=4)
	  Index Cond: ((k >= 6118678) AND (k <= 6118778))

explain: for range-covered :: explain SELECT k FROM sbtest%d WHERE k BETWEEN 6118678 AND 6118778
explain: for range-covered :: explain SELECT k FROM sbtest%d WHERE k BETWEEN 5151417 AND 5151517
for range-covered
table 1 : explain SELECT k FROM sbtest1 WHERE k BETWEEN 6541446 AND 6541546
	Index Only Scan using k_1 on sbtest1  (cost=0.43..6.35 rows=96 width=4)
	  Index Cond: ((k >= 6541446) AND (k <= 6541546))

table 2 : explain SELECT k FROM sbtest2 WHERE k BETWEEN 6541446 AND 6541546
	Index Only Scan using k_2 on sbtest2  (cost=0.43..6.67 rows=112 width=4)
	  Index Cond: ((k >= 6541446) AND (k <= 6541546))

table 3 : explain SELECT k FROM sbtest3 WHERE k BETWEEN 6541446 AND 6541546
	Index Only Scan using k_3 on sbtest3  (cost=0.43..6.45 rows=101 width=4)
	  Index Cond: ((k >= 6541446) AND (k <= 6541546))

table 4 : explain SELECT k FROM sbtest4 WHERE k BETWEEN 6541446 AND 6541546
	Index Only Scan using k_4 on sbtest4  (cost=0.43..6.69 rows=113 width=4)
	  Index Cond: ((k >= 6541446) AND (k <= 6541546))

table 5 : explain SELECT k FROM sbtest5 WHERE k BETWEEN 6541446 AND 6541546
	Index Only Scan using k_5 on sbtest5  (cost=0.43..6.42 rows=99 width=4)
	  Index Cond: ((k >= 6541446) AND (k <= 6541546))

table 6 : explain SELECT k FROM sbtest6 WHERE k BETWEEN 6541446 AND 6541546
	Index Only Scan using k_6 on sbtest6  (cost=0.43..6.35 rows=96 width=4)
	  Index Cond: ((k >= 6541446) AND (k <= 6541546))

table 7 : explain SELECT k FROM sbtest7 WHERE k BETWEEN 6541446 AND 6541546
	Index Only Scan using k_7 on sbtest7  (cost=0.43..6.47 rows=102 width=4)
	  Index Cond: ((k >= 6541446) AND (k <= 6541546))

table 8 : explain SELECT k FROM sbtest8 WHERE k BETWEEN 6541446 AND 6541546
	Index Only Scan using k_8 on sbtest8  (cost=0.43..10.50 rows=103 width=4)
	  Index Cond: ((k >= 6541446) AND (k <= 6541546))

for range-covered
table 1 : explain SELECT k FROM sbtest1 WHERE k BETWEEN 5238208 AND 5238308
	Index Only Scan using k_1 on sbtest1  (cost=0.43..6.47 rows=102 width=4)
	  Index Cond: ((k >= 5238208) AND (k <= 5238308))

table 2 : explain SELECT k FROM sbtest2 WHERE k BETWEEN 5238208 AND 5238308
	Index Only Scan using k_2 on sbtest2  (cost=0.43..6.53 rows=105 width=4)
	  Index Cond: ((k >= 5238208) AND (k <= 5238308))

table 3 : explain SELECT k FROM sbtest3 WHERE k BETWEEN 5238208 AND 5238308
	Index Only Scan using k_3 on sbtest3  (cost=0.43..6.24 rows=90 width=4)
	  Index Cond: ((k >= 5238208) AND (k <= 5238308))

table 4 : explain SELECT k FROM sbtest4 WHERE k BETWEEN 5238208 AND 5238308
	Index Only Scan using k_4 on sbtest4  (cost=0.43..6.40 rows=98 width=4)
	  Index Cond: ((k >= 5238208) AND (k <= 5238308))

table 5 : explain SELECT k FROM sbtest5 WHERE k BETWEEN 5238208 AND 5238308
	Index Only Scan using k_5 on sbtest5  (cost=0.43..6.59 rows=108 width=4)
	  Index Cond: ((k >= 5238208) AND (k <= 5238308))

table 6 : explain SELECT k FROM sbtest6 WHERE k BETWEEN 5238208 AND 5238308
	Index Only Scan using k_6 on sbtest6  (cost=0.43..6.32 rows=94 width=4)
	  Index Cond: ((k >= 5238208) AND (k <= 5238308))

table 7 : explain SELECT k FROM sbtest7 WHERE k BETWEEN 5238208 AND 5238308
	Index Only Scan using k_7 on sbtest7  (cost=0.43..6.40 rows=98 width=4)
	  Index Cond: ((k >= 5238208) AND (k <= 5238308))

table 8 : explain SELECT k FROM sbtest8 WHERE k BETWEEN 5238208 AND 5238308
	Index Only Scan using k_8 on sbtest8  (cost=0.43..10.46 rows=101 width=4)
	  Index Cond: ((k >= 5238208) AND (k <= 5238308))

explain: for range-covered :: explain SELECT k FROM sbtest%d WHERE k BETWEEN 5706922 AND 5707022
explain: for range-covered :: explain SELECT k FROM sbtest%d WHERE k BETWEEN 6541446 AND 6541546
for range-covered
table 1 : explain SELECT k FROM sbtest1 WHERE k BETWEEN 2318978 AND 2319078
	Index Only Scan using k_1 on sbtest1  (cost=0.43..6.25 rows=91 width=4)
	  Index Cond: ((k >= 2318978) AND (k <= 2319078))

table 2 : explain SELECT k FROM sbtest2 WHERE k BETWEEN 2318978 AND 2319078
	Index Only Scan using k_2 on sbtest2  (cost=0.43..6.40 rows=98 width=4)
	  Index Cond: ((k >= 2318978) AND (k <= 2319078))

table 3 : explain SELECT k FROM sbtest3 WHERE k BETWEEN 2318978 AND 2319078
	Index Only Scan using k_3 on sbtest3  (cost=0.43..6.66 rows=111 width=4)
	  Index Cond: ((k >= 2318978) AND (k <= 2319078))

table 4 : explain SELECT k FROM sbtest4 WHERE k BETWEEN 2318978 AND 2319078
	Index Only Scan using k_4 on sbtest4  (cost=0.43..6.67 rows=112 width=4)
	  Index Cond: ((k >= 2318978) AND (k <= 2319078))

table 5 : explain SELECT k FROM sbtest5 WHERE k BETWEEN 2318978 AND 2319078
	Index Only Scan using k_5 on sbtest5  (cost=0.43..6.56 rows=106 width=4)
	  Index Cond: ((k >= 2318978) AND (k <= 2319078))

table 6 : explain SELECT k FROM sbtest6 WHERE k BETWEEN 2318978 AND 2319078
	Index Only Scan using k_6 on sbtest6  (cost=0.43..6.27 rows=92 width=4)
	  Index Cond: ((k >= 2318978) AND (k <= 2319078))

table 7 : explain SELECT k FROM sbtest7 WHERE k BETWEEN 2318978 AND 2319078
	Index Only Scan using k_7 on sbtest7  (cost=0.43..6.42 rows=99 width=4)
	  Index Cond: ((k >= 2318978) AND (k <= 2319078))

table 8 : explain SELECT k FROM sbtest8 WHERE k BETWEEN 2318978 AND 2319078
	Index Only Scan using k_8 on sbtest8  (cost=0.43..10.62 rows=109 width=4)
	  Index Cond: ((k >= 2318978) AND (k <= 2319078))

explain: for range-covered :: explain SELECT k FROM sbtest%d WHERE k BETWEEN 5327560 AND 5327660
explain: for range-covered :: explain SELECT k FROM sbtest%d WHERE k BETWEEN 2318978 AND 2319078
for range-covered
table 1 : explain SELECT k FROM sbtest1 WHERE k BETWEEN 1492828 AND 1492928
	Index Only Scan using k_1 on sbtest1  (cost=0.43..6.69 rows=113 width=4)
	  Index Cond: ((k >= 1492828) AND (k <= 1492928))

table 2 : explain SELECT k FROM sbtest2 WHERE k BETWEEN 1492828 AND 1492928
	Index Only Scan using k_2 on sbtest2  (cost=0.43..6.47 rows=102 width=4)
	  Index Cond: ((k >= 1492828) AND (k <= 1492928))

table 3 : explain SELECT k FROM sbtest3 WHERE k BETWEEN 1492828 AND 1492928
	Index Only Scan using k_3 on sbtest3  (cost=0.43..6.50 rows=103 width=4)
	  Index Cond: ((k >= 1492828) AND (k <= 1492928))

table 4 : explain SELECT k FROM sbtest4 WHERE k BETWEEN 1492828 AND 1492928
	Index Only Scan using k_4 on sbtest4  (cost=0.43..6.63 rows=110 width=4)
	  Index Cond: ((k >= 1492828) AND (k <= 1492928))

table 5 : explain SELECT k FROM sbtest5 WHERE k BETWEEN 1492828 AND 1492928
	Index Only Scan using k_5 on sbtest5  (cost=0.43..6.33 rows=95 width=4)
	  Index Cond: ((k >= 1492828) AND (k <= 1492928))

table 6 : explain SELECT k FROM sbtest6 WHERE k BETWEEN 1492828 AND 1492928
	Index Only Scan using k_6 on sbtest6  (cost=0.43..6.35 rows=96 width=4)
	  Index Cond: ((k >= 1492828) AND (k <= 1492928))

table 7 : explain SELECT k FROM sbtest7 WHERE k BETWEEN 1492828 AND 1492928
	Index Only Scan using k_7 on sbtest7  (cost=0.43..6.45 rows=101 width=4)
	  Index Cond: ((k >= 1492828) AND (k <= 1492928))

table 8 : explain SELECT k FROM sbtest8 WHERE k BETWEEN 1492828 AND 1492928
	Index Only Scan using k_8 on sbtest8  (cost=0.43..10.58 rows=107 width=4)
	  Index Cond: ((k >= 1492828) AND (k <= 1492928))

for range-covered
table 1 : explain SELECT k FROM sbtest1 WHERE k BETWEEN 7753178 AND 7753278
	Index Only Scan using k_1 on sbtest1  (cost=0.43..6.32 rows=94 width=4)
	  Index Cond: ((k >= 7753178) AND (k <= 7753278))

table 2 : explain SELECT k FROM sbtest2 WHERE k BETWEEN 7753178 AND 7753278
	Index Only Scan using k_2 on sbtest2  (cost=0.43..6.45 rows=101 width=4)
	  Index Cond: ((k >= 7753178) AND (k <= 7753278))

table 3 : explain SELECT k FROM sbtest3 WHERE k BETWEEN 7753178 AND 7753278
	Index Only Scan using k_3 on sbtest3  (cost=0.43..6.33 rows=95 width=4)
	  Index Cond: ((k >= 7753178) AND (k <= 7753278))

table 4 : explain SELECT k FROM sbtest4 WHERE k BETWEEN 7753178 AND 7753278
	Index Only Scan using k_4 on sbtest4  (cost=0.43..6.43 rows=100 width=4)
	  Index Cond: ((k >= 7753178) AND (k <= 7753278))

table 5 : explain SELECT k FROM sbtest5 WHERE k BETWEEN 7753178 AND 7753278
	Index Only Scan using k_5 on sbtest5  (cost=0.43..6.45 rows=101 width=4)
	  Index Cond: ((k >= 7753178) AND (k <= 7753278))

table 6 : explain SELECT k FROM sbtest6 WHERE k BETWEEN 7753178 AND 7753278
	Index Only Scan using k_6 on sbtest6  (cost=0.43..6.40 rows=98 width=4)
	  Index Cond: ((k >= 7753178) AND (k <= 7753278))

table 7 : explain SELECT k FROM sbtest7 WHERE k BETWEEN 7753178 AND 7753278
	Index Only Scan using k_7 on sbtest7  (cost=0.43..6.51 rows=104 width=4)
	  Index Cond: ((k >= 7753178) AND (k <= 7753278))

table 8 : explain SELECT k FROM sbtest8 WHERE k BETWEEN 7753178 AND 7753278
	Index Only Scan using k_8 on sbtest8  (cost=0.43..10.47 rows=102 width=4)
	  Index Cond: ((k >= 7753178) AND (k <= 7753278))

for range-covered
table 1 : explain SELECT k FROM sbtest1 WHERE k BETWEEN 4971124 AND 4971224
	Index Only Scan using k_1 on sbtest1  (cost=0.43..6.37 rows=97 width=4)
	  Index Cond: ((k >= 4971124) AND (k <= 4971224))

table 2 : explain SELECT k FROM sbtest2 WHERE k BETWEEN 4971124 AND 4971224
	Index Only Scan using k_2 on sbtest2  (cost=0.43..6.66 rows=111 width=4)
	  Index Cond: ((k >= 4971124) AND (k <= 4971224))

table 3 : explain SELECT k FROM sbtest3 WHERE k BETWEEN 4971124 AND 4971224
	Index Only Scan using k_3 on sbtest3  (cost=0.43..6.43 rows=100 width=4)
	  Index Cond: ((k >= 4971124) AND (k <= 4971224))

table 4 : explain SELECT k FROM sbtest4 WHERE k BETWEEN 4971124 AND 4971224
	Index Only Scan using k_4 on sbtest4  (cost=0.43..6.47 rows=102 width=4)
	  Index Cond: ((k >= 4971124) AND (k <= 4971224))

table 5 : explain SELECT k FROM sbtest5 WHERE k BETWEEN 4971124 AND 4971224
	Index Only Scan using k_5 on sbtest5  (cost=0.43..6.42 rows=99 width=4)
	  Index Cond: ((k >= 4971124) AND (k <= 4971224))

table 6 : explain SELECT k FROM sbtest6 WHERE k BETWEEN 4971124 AND 4971224
	Index Only Scan using k_6 on sbtest6  (cost=0.43..6.50 rows=103 width=4)
	  Index Cond: ((k >= 4971124) AND (k <= 4971224))

table 7 : explain SELECT k FROM sbtest7 WHERE k BETWEEN 4971124 AND 4971224
	Index Only Scan using k_7 on sbtest7  (cost=0.43..6.35 rows=96 width=4)
	  Index Cond: ((k >= 4971124) AND (k <= 4971224))

table 8 : explain SELECT k FROM sbtest8 WHERE k BETWEEN 4971124 AND 4971224
	Index Only Scan using k_8 on sbtest8  (cost=0.43..10.29 rows=93 width=4)
	  Index Cond: ((k >= 4971124) AND (k <= 4971224))

explain: for range-covered :: explain SELECT k FROM sbtest%d WHERE k BETWEEN 4971124 AND 4971224
explain: for range-covered :: explain SELECT k FROM sbtest%d WHERE k BETWEEN 7753178 AND 7753278
explain: for range-covered :: explain SELECT k FROM sbtest%d WHERE k BETWEEN 2337543 AND 2337643
for range-covered
table 1 : explain SELECT k FROM sbtest1 WHERE k BETWEEN 6118678 AND 6118778
	Index Only Scan using k_1 on sbtest1  (cost=0.43..6.50 rows=103 width=4)
	  Index Cond: ((k >= 6118678) AND (k <= 6118778))

table 2 : explain SELECT k FROM sbtest2 WHERE k BETWEEN 6118678 AND 6118778
	Index Only Scan using k_2 on sbtest2  (cost=0.43..6.33 rows=95 width=4)
	  Index Cond: ((k >= 6118678) AND (k <= 6118778))

table 3 : explain SELECT k FROM sbtest3 WHERE k BETWEEN 6118678 AND 6118778
	Index Only Scan using k_3 on sbtest3  (cost=0.43..6.51 rows=104 width=4)
	  Index Cond: ((k >= 6118678) AND (k <= 6118778))

table 4 : explain SELECT k FROM sbtest4 WHERE k BETWEEN 6118678 AND 6118778
	Index Only Scan using k_4 on sbtest4  (cost=0.43..6.24 rows=90 width=4)
	  Index Cond: ((k >= 6118678) AND (k <= 6118778))

table 5 : explain SELECT k FROM sbtest5 WHERE k BETWEEN 6118678 AND 6118778
	Index Only Scan using k_5 on sbtest5  (cost=0.43..6.61 rows=109 width=4)
	  Index Cond: ((k >= 6118678) AND (k <= 6118778))

table 6 : explain SELECT k FROM sbtest6 WHERE k BETWEEN 6118678 AND 6118778
	Index Only Scan using k_6 on sbtest6  (cost=0.43..6.35 rows=96 width=4)
	  Index Cond: ((k >= 6118678) AND (k <= 6118778))

table 7 : explain SELECT k FROM sbtest7 WHERE k BETWEEN 6118678 AND 6118778
	Index Only Scan using k_7 on sbtest7  (cost=0.43..6.53 rows=105 width=4)
	  Index Cond: ((k >= 6118678) AND (k <= 6118778))

table 8 : explain SELECT k FROM sbtest8 WHERE k BETWEEN 6118678 AND 6118778
	Index Only Scan using k_8 on sbtest8  (cost=0.43..10.38 rows=97 width=4)
	  Index Cond: ((k >= 6118678) AND (k <= 6118778))

explain: for range-covered :: explain SELECT k FROM sbtest%d WHERE k BETWEEN 6118678 AND 6118778
for range-covered
table 1 : explain SELECT k FROM sbtest1 WHERE k BETWEEN 8012521 AND 8012621
	Index Only Scan using k_1 on sbtest1  (cost=0.43..6.43 rows=100 width=4)
	  Index Cond: ((k >= 8012521) AND (k <= 8012621))

table 2 : explain SELECT k FROM sbtest2 WHERE k BETWEEN 8012521 AND 8012621
	Index Only Scan using k_2 on sbtest2  (cost=0.43..6.45 rows=101 width=4)
	  Index Cond: ((k >= 8012521) AND (k <= 8012621))

table 3 : explain SELECT k FROM sbtest3 WHERE k BETWEEN 8012521 AND 8012621
	Index Only Scan using k_3 on sbtest3  (cost=0.43..6.50 rows=103 width=4)
	  Index Cond: ((k >= 8012521) AND (k <= 8012621))

table 4 : explain SELECT k FROM sbtest4 WHERE k BETWEEN 8012521 AND 8012621
	Index Only Scan using k_4 on sbtest4  (cost=0.43..6.51 rows=104 width=4)
	  Index Cond: ((k >= 8012521) AND (k <= 8012621))

table 5 : explain SELECT k FROM sbtest5 WHERE k BETWEEN 8012521 AND 8012621
	Index Only Scan using k_5 on sbtest5  (cost=0.43..6.56 rows=106 width=4)
	  Index Cond: ((k >= 8012521) AND (k <= 8012621))

table 6 : explain SELECT k FROM sbtest6 WHERE k BETWEEN 8012521 AND 8012621
	Index Only Scan using k_6 on sbtest6  (cost=0.43..6.67 rows=112 width=4)
	  Index Cond: ((k >= 8012521) AND (k <= 8012621))

table 7 : explain SELECT k FROM sbtest7 WHERE k BETWEEN 8012521 AND 8012621
	Index Only Scan using k_7 on sbtest7  (cost=0.43..6.35 rows=96 width=4)
	  Index Cond: ((k >= 8012521) AND (k <= 8012621))

table 8 : explain SELECT k FROM sbtest8 WHERE k BETWEEN 8012521 AND 8012621
	Index Only Scan using k_8 on sbtest8  (cost=0.43..10.51 rows=104 width=4)
	  Index Cond: ((k >= 8012521) AND (k <= 8012621))

explain: for range-covered :: explain SELECT k FROM sbtest%d WHERE k BETWEEN 8012521 AND 8012621
for range-covered
table 1 : explain SELECT k FROM sbtest1 WHERE k BETWEEN 5151417 AND 5151517
	Index Only Scan using k_1 on sbtest1  (cost=0.43..6.79 rows=118 width=4)
	  Index Cond: ((k >= 5151417) AND (k <= 5151517))

table 2 : explain SELECT k FROM sbtest2 WHERE k BETWEEN 5151417 AND 5151517
	Index Only Scan using k_2 on sbtest2  (cost=0.43..6.40 rows=98 width=4)
	  Index Cond: ((k >= 5151417) AND (k <= 5151517))

table 3 : explain SELECT k FROM sbtest3 WHERE k BETWEEN 5151417 AND 5151517
	Index Only Scan using k_3 on sbtest3  (cost=0.43..6.50 rows=103 width=4)
	  Index Cond: ((k >= 5151417) AND (k <= 5151517))

table 4 : explain SELECT k FROM sbtest4 WHERE k BETWEEN 5151417 AND 5151517
	Index Only Scan using k_4 on sbtest4  (cost=0.43..6.37 rows=97 width=4)
	  Index Cond: ((k >= 5151417) AND (k <= 5151517))

table 5 : explain SELECT k FROM sbtest5 WHERE k BETWEEN 5151417 AND 5151517
	Index Only Scan using k_5 on sbtest5  (cost=0.43..6.59 rows=108 width=4)
	  Index Cond: ((k >= 5151417) AND (k <= 5151517))

table 6 : explain SELECT k FROM sbtest6 WHERE k BETWEEN 5151417 AND 5151517
	Index Only Scan using k_6 on sbtest6  (cost=0.43..6.32 rows=94 width=4)
	  Index Cond: ((k >= 5151417) AND (k <= 5151517))

table 7 : explain SELECT k FROM sbtest7 WHERE k BETWEEN 5151417 AND 5151517
	Index Only Scan using k_7 on sbtest7  (cost=0.43..6.59 rows=108 width=4)
	  Index Cond: ((k >= 5151417) AND (k <= 5151517))

table 8 : explain SELECT k FROM sbtest8 WHERE k BETWEEN 5151417 AND 5151517
	Index Only Scan using k_8 on sbtest8  (cost=0.43..10.54 rows=105 width=4)
	  Index Cond: ((k >= 5151417) AND (k <= 5151517))

for range-covered
table 1 : explain SELECT k FROM sbtest1 WHERE k BETWEEN 6541446 AND 6541546
	Index Only Scan using k_1 on sbtest1  (cost=0.43..6.35 rows=96 width=4)
	  Index Cond: ((k >= 6541446) AND (k <= 6541546))

table 2 : explain SELECT k FROM sbtest2 WHERE k BETWEEN 6541446 AND 6541546
	Index Only Scan using k_2 on sbtest2  (cost=0.43..6.67 rows=112 width=4)
	  Index Cond: ((k >= 6541446) AND (k <= 6541546))

table 3 : explain SELECT k FROM sbtest3 WHERE k BETWEEN 6541446 AND 6541546
	Index Only Scan using k_3 on sbtest3  (cost=0.43..6.45 rows=101 width=4)
	  Index Cond: ((k >= 6541446) AND (k <= 6541546))

table 4 : explain SELECT k FROM sbtest4 WHERE k BETWEEN 6541446 AND 6541546
	Index Only Scan using k_4 on sbtest4  (cost=0.43..6.69 rows=113 width=4)
	  Index Cond: ((k >= 6541446) AND (k <= 6541546))

table 5 : explain SELECT k FROM sbtest5 WHERE k BETWEEN 6541446 AND 6541546
	Index Only Scan using k_5 on sbtest5  (cost=0.43..6.42 rows=99 width=4)
	  Index Cond: ((k >= 6541446) AND (k <= 6541546))

table 6 : explain SELECT k FROM sbtest6 WHERE k BETWEEN 6541446 AND 6541546
	Index Only Scan using k_6 on sbtest6  (cost=0.43..6.35 rows=96 width=4)
	  Index Cond: ((k >= 6541446) AND (k <= 6541546))

table 7 : explain SELECT k FROM sbtest7 WHERE k BETWEEN 6541446 AND 6541546
	Index Only Scan using k_7 on sbtest7  (cost=0.43..6.47 rows=102 width=4)
	  Index Cond: ((k >= 6541446) AND (k <= 6541546))

table 8 : explain SELECT k FROM sbtest8 WHERE k BETWEEN 6541446 AND 6541546
	Index Only Scan using k_8 on sbtest8  (cost=0.43..10.50 rows=103 width=4)
	  Index Cond: ((k >= 6541446) AND (k <= 6541546))

for range-covered
table 1 : explain SELECT k FROM sbtest1 WHERE k BETWEEN 4262042 AND 4262142
	Index Only Scan using k_1 on sbtest1  (cost=0.43..6.53 rows=105 width=4)
	  Index Cond: ((k >= 4262042) AND (k <= 4262142))

table 2 : explain SELECT k FROM sbtest2 WHERE k BETWEEN 4262042 AND 4262142
	Index Only Scan using k_2 on sbtest2  (cost=0.43..6.42 rows=99 width=4)
	  Index Cond: ((k >= 4262042) AND (k <= 4262142))

table 3 : explain SELECT k FROM sbtest3 WHERE k BETWEEN 4262042 AND 4262142
	Index Only Scan using k_3 on sbtest3  (cost=0.43..6.66 rows=111 width=4)
	  Index Cond: ((k >= 4262042) AND (k <= 4262142))

table 4 : explain SELECT k FROM sbtest4 WHERE k BETWEEN 4262042 AND 4262142
	Index Only Scan using k_4 on sbtest4  (cost=0.43..6.66 rows=111 width=4)
	  Index Cond: ((k >= 4262042) AND (k <= 4262142))

table 5 : explain SELECT k FROM sbtest5 WHERE k BETWEEN 4262042 AND 4262142
	Index Only Scan using k_5 on sbtest5  (cost=0.43..6.58 rows=107 width=4)
	  Index Cond: ((k >= 4262042) AND (k <= 4262142))

table 6 : explain SELECT k FROM sbtest6 WHERE k BETWEEN 4262042 AND 4262142
	Index Only Scan using k_6 on sbtest6  (cost=0.43..6.35 rows=96 width=4)
	  Index Cond: ((k >= 4262042) AND (k <= 4262142))

table 7 : explain SELECT k FROM sbtest7 WHERE k BETWEEN 4262042 AND 4262142
	Index Only Scan using k_7 on sbtest7  (cost=0.43..6.45 rows=101 width=4)
	  Index Cond: ((k >= 4262042) AND (k <= 4262142))

table 8 : explain SELECT k FROM sbtest8 WHERE k BETWEEN 4262042 AND 4262142
	Index Only Scan using k_8 on sbtest8  (cost=0.43..10.58 rows=107 width=4)
	  Index Cond: ((k >= 4262042) AND (k <= 4262142))

explain: for range-covered :: explain SELECT k FROM sbtest%d WHERE k BETWEEN 6541446 AND 6541546
for range-covered
table 1 : explain SELECT k FROM sbtest1 WHERE k BETWEEN 2318978 AND 2319078
	Index Only Scan using k_1 on sbtest1  (cost=0.43..6.25 rows=91 width=4)
	  Index Cond: ((k >= 2318978) AND (k <= 2319078))

table 2 : explain SELECT k FROM sbtest2 WHERE k BETWEEN 2318978 AND 2319078
	Index Only Scan using k_2 on sbtest2  (cost=0.43..6.40 rows=98 width=4)
	  Index Cond: ((k >= 2318978) AND (k <= 2319078))

table 3 : explain SELECT k FROM sbtest3 WHERE k BETWEEN 2318978 AND 2319078
	Index Only Scan using k_3 on sbtest3  (cost=0.43..6.66 rows=111 width=4)
	  Index Cond: ((k >= 2318978) AND (k <= 2319078))

table 4 : explain SELECT k FROM sbtest4 WHERE k BETWEEN 2318978 AND 2319078
	Index Only Scan using k_4 on sbtest4  (cost=0.43..6.67 rows=112 width=4)
	  Index Cond: ((k >= 2318978) AND (k <= 2319078))

table 5 : explain SELECT k FROM sbtest5 WHERE k BETWEEN 2318978 AND 2319078
	Index Only Scan using k_5 on sbtest5  (cost=0.43..6.56 rows=106 width=4)
	  Index Cond: ((k >= 2318978) AND (k <= 2319078))

table 6 : explain SELECT k FROM sbtest6 WHERE k BETWEEN 2318978 AND 2319078
	Index Only Scan using k_6 on sbtest6  (cost=0.43..6.27 rows=92 width=4)
	  Index Cond: ((k >= 2318978) AND (k <= 2319078))

table 7 : explain SELECT k FROM sbtest7 WHERE k BETWEEN 2318978 AND 2319078
	Index Only Scan using k_7 on sbtest7  (cost=0.43..6.42 rows=99 width=4)
	  Index Cond: ((k >= 2318978) AND (k <= 2319078))

table 8 : explain SELECT k FROM sbtest8 WHERE k BETWEEN 2318978 AND 2319078
	Index Only Scan using k_8 on sbtest8  (cost=0.43..10.62 rows=109 width=4)
	  Index Cond: ((k >= 2318978) AND (k <= 2319078))

for range-covered
table 1 : explain SELECT k FROM sbtest1 WHERE k BETWEEN 5327560 AND 5327660
	Index Only Scan using k_1 on sbtest1  (cost=0.43..6.53 rows=105 width=4)
	  Index Cond: ((k >= 5327560) AND (k <= 5327660))

table 2 : explain SELECT k FROM sbtest2 WHERE k BETWEEN 5327560 AND 5327660
	Index Only Scan using k_2 on sbtest2  (cost=0.43..6.43 rows=100 width=4)
	  Index Cond: ((k >= 5327560) AND (k <= 5327660))

table 3 : explain SELECT k FROM sbtest3 WHERE k BETWEEN 5327560 AND 5327660
	Index Only Scan using k_3 on sbtest3  (cost=0.43..6.43 rows=100 width=4)
	  Index Cond: ((k >= 5327560) AND (k <= 5327660))

table 4 : explain SELECT k FROM sbtest4 WHERE k BETWEEN 5327560 AND 5327660
	Index Only Scan using k_4 on sbtest4  (cost=0.43..6.66 rows=111 width=4)
	  Index Cond: ((k >= 5327560) AND (k <= 5327660))

table 5 : explain SELECT k FROM sbtest5 WHERE k BETWEEN 5327560 AND 5327660
	Index Only Scan using k_5 on sbtest5  (cost=0.43..6.50 rows=103 width=4)
	  Index Cond: ((k >= 5327560) AND (k <= 5327660))

table 6 : explain SELECT k FROM sbtest6 WHERE k BETWEEN 5327560 AND 5327660
	Index Only Scan using k_6 on sbtest6  (cost=0.43..6.43 rows=100 width=4)
	  Index Cond: ((k >= 5327560) AND (k <= 5327660))

table 7 : explain SELECT k FROM sbtest7 WHERE k BETWEEN 5327560 AND 5327660
	Index Only Scan using k_7 on sbtest7  (cost=0.43..6.40 rows=98 width=4)
	  Index Cond: ((k >= 5327560) AND (k <= 5327660))

table 8 : explain SELECT k FROM sbtest8 WHERE k BETWEEN 5327560 AND 5327660
	Index Only Scan using k_8 on sbtest8  (cost=0.43..10.47 rows=102 width=4)
	  Index Cond: ((k >= 5327560) AND (k <= 5327660))

for range-covered
table 1 : explain SELECT k FROM sbtest1 WHERE k BETWEEN 4971124 AND 4971224
	Index Only Scan using k_1 on sbtest1  (cost=0.43..6.37 rows=97 width=4)
	  Index Cond: ((k >= 4971124) AND (k <= 4971224))

table 2 : explain SELECT k FROM sbtest2 WHERE k BETWEEN 4971124 AND 4971224
	Index Only Scan using k_2 on sbtest2  (cost=0.43..6.66 rows=111 width=4)
	  Index Cond: ((k >= 4971124) AND (k <= 4971224))

table 3 : explain SELECT k FROM sbtest3 WHERE k BETWEEN 4971124 AND 4971224
	Index Only Scan using k_3 on sbtest3  (cost=0.43..6.43 rows=100 width=4)
	  Index Cond: ((k >= 4971124) AND (k <= 4971224))

table 4 : explain SELECT k FROM sbtest4 WHERE k BETWEEN 4971124 AND 4971224
	Index Only Scan using k_4 on sbtest4  (cost=0.43..6.47 rows=102 width=4)
	  Index Cond: ((k >= 4971124) AND (k <= 4971224))

table 5 : explain SELECT k FROM sbtest5 WHERE k BETWEEN 4971124 AND 4971224
	Index Only Scan using k_5 on sbtest5  (cost=0.43..6.42 rows=99 width=4)
	  Index Cond: ((k >= 4971124) AND (k <= 4971224))

table 6 : explain SELECT k FROM sbtest6 WHERE k BETWEEN 4971124 AND 4971224
	Index Only Scan using k_6 on sbtest6  (cost=0.43..6.50 rows=103 width=4)
	  Index Cond: ((k >= 4971124) AND (k <= 4971224))

table 7 : explain SELECT k FROM sbtest7 WHERE k BETWEEN 4971124 AND 4971224
	Index Only Scan using k_7 on sbtest7  (cost=0.43..6.35 rows=96 width=4)
	  Index Cond: ((k >= 4971124) AND (k <= 4971224))

table 8 : explain SELECT k FROM sbtest8 WHERE k BETWEEN 4971124 AND 4971224
	Index Only Scan using k_8 on sbtest8  (cost=0.43..10.29 rows=93 width=4)
	  Index Cond: ((k >= 4971124) AND (k <= 4971224))

for range-covered
table 1 : explain SELECT k FROM sbtest1 WHERE k BETWEEN 7753178 AND 7753278
	Index Only Scan using k_1 on sbtest1  (cost=0.43..6.32 rows=94 width=4)
	  Index Cond: ((k >= 7753178) AND (k <= 7753278))

table 2 : explain SELECT k FROM sbtest2 WHERE k BETWEEN 7753178 AND 7753278
	Index Only Scan using k_2 on sbtest2  (cost=0.43..6.45 rows=101 width=4)
	  Index Cond: ((k >= 7753178) AND (k <= 7753278))

table 3 : explain SELECT k FROM sbtest3 WHERE k BETWEEN 7753178 AND 7753278
	Index Only Scan using k_3 on sbtest3  (cost=0.43..6.33 rows=95 width=4)
	  Index Cond: ((k >= 7753178) AND (k <= 7753278))

table 4 : explain SELECT k FROM sbtest4 WHERE k BETWEEN 7753178 AND 7753278
	Index Only Scan using k_4 on sbtest4  (cost=0.43..6.43 rows=100 width=4)
	  Index Cond: ((k >= 7753178) AND (k <= 7753278))

table 5 : explain SELECT k FROM sbtest5 WHERE k BETWEEN 7753178 AND 7753278
	Index Only Scan using k_5 on sbtest5  (cost=0.43..6.45 rows=101 width=4)
	  Index Cond: ((k >= 7753178) AND (k <= 7753278))

table 6 : explain SELECT k FROM sbtest6 WHERE k BETWEEN 7753178 AND 7753278
	Index Only Scan using k_6 on sbtest6  (cost=0.43..6.40 rows=98 width=4)
	  Index Cond: ((k >= 7753178) AND (k <= 7753278))

table 7 : explain SELECT k FROM sbtest7 WHERE k BETWEEN 7753178 AND 7753278
	Index Only Scan using k_7 on sbtest7  (cost=0.43..6.51 rows=104 width=4)
	  Index Cond: ((k >= 7753178) AND (k <= 7753278))

table 8 : explain SELECT k FROM sbtest8 WHERE k BETWEEN 7753178 AND 7753278
	Index Only Scan using k_8 on sbtest8  (cost=0.43..10.47 rows=102 width=4)
	  Index Cond: ((k >= 7753178) AND (k <= 7753278))

explain: for range-covered :: explain SELECT k FROM sbtest%d WHERE k BETWEEN 4971124 AND 4971224
explain: for range-covered :: explain SELECT k FROM sbtest%d WHERE k BETWEEN 7753178 AND 7753278
for range-covered
table 1 : explain SELECT k FROM sbtest1 WHERE k BETWEEN 8012521 AND 8012621
	Index Only Scan using k_1 on sbtest1  (cost=0.43..6.43 rows=100 width=4)
	  Index Cond: ((k >= 8012521) AND (k <= 8012621))

table 2 : explain SELECT k FROM sbtest2 WHERE k BETWEEN 8012521 AND 8012621
	Index Only Scan using k_2 on sbtest2  (cost=0.43..6.45 rows=101 width=4)
	  Index Cond: ((k >= 8012521) AND (k <= 8012621))

table 3 : explain SELECT k FROM sbtest3 WHERE k BETWEEN 8012521 AND 8012621
	Index Only Scan using k_3 on sbtest3  (cost=0.43..6.50 rows=103 width=4)
	  Index Cond: ((k >= 8012521) AND (k <= 8012621))

table 4 : explain SELECT k FROM sbtest4 WHERE k BETWEEN 8012521 AND 8012621
	Index Only Scan using k_4 on sbtest4  (cost=0.43..6.51 rows=104 width=4)
	  Index Cond: ((k >= 8012521) AND (k <= 8012621))

table 5 : explain SELECT k FROM sbtest5 WHERE k BETWEEN 8012521 AND 8012621
	Index Only Scan using k_5 on sbtest5  (cost=0.43..6.56 rows=106 width=4)
	  Index Cond: ((k >= 8012521) AND (k <= 8012621))

table 6 : explain SELECT k FROM sbtest6 WHERE k BETWEEN 8012521 AND 8012621
	Index Only Scan using k_6 on sbtest6  (cost=0.43..6.67 rows=112 width=4)
	  Index Cond: ((k >= 8012521) AND (k <= 8012621))

table 7 : explain SELECT k FROM sbtest7 WHERE k BETWEEN 8012521 AND 8012621
	Index Only Scan using k_7 on sbtest7  (cost=0.43..6.35 rows=96 width=4)
	  Index Cond: ((k >= 8012521) AND (k <= 8012621))

table 8 : explain SELECT k FROM sbtest8 WHERE k BETWEEN 8012521 AND 8012621
	Index Only Scan using k_8 on sbtest8  (cost=0.43..10.51 rows=104 width=4)
	  Index Cond: ((k >= 8012521) AND (k <= 8012621))

explain: for range-covered :: explain SELECT k FROM sbtest%d WHERE k BETWEEN 8012521 AND 8012621
for range-covered
table 1 : explain SELECT k FROM sbtest1 WHERE k BETWEEN 6118678 AND 6118778
	Index Only Scan using k_1 on sbtest1  (cost=0.43..6.50 rows=103 width=4)
	  Index Cond: ((k >= 6118678) AND (k <= 6118778))

table 2 : explain SELECT k FROM sbtest2 WHERE k BETWEEN 6118678 AND 6118778
	Index Only Scan using k_2 on sbtest2  (cost=0.43..6.33 rows=95 width=4)
	  Index Cond: ((k >= 6118678) AND (k <= 6118778))

table 3 : explain SELECT k FROM sbtest3 WHERE k BETWEEN 6118678 AND 6118778
	Index Only Scan using k_3 on sbtest3  (cost=0.43..6.51 rows=104 width=4)
	  Index Cond: ((k >= 6118678) AND (k <= 6118778))

table 4 : explain SELECT k FROM sbtest4 WHERE k BETWEEN 6118678 AND 6118778
	Index Only Scan using k_4 on sbtest4  (cost=0.43..6.24 rows=90 width=4)
	  Index Cond: ((k >= 6118678) AND (k <= 6118778))

table 5 : explain SELECT k FROM sbtest5 WHERE k BETWEEN 6118678 AND 6118778
	Index Only Scan using k_5 on sbtest5  (cost=0.43..6.61 rows=109 width=4)
	  Index Cond: ((k >= 6118678) AND (k <= 6118778))

table 6 : explain SELECT k FROM sbtest6 WHERE k BETWEEN 6118678 AND 6118778
	Index Only Scan using k_6 on sbtest6  (cost=0.43..6.35 rows=96 width=4)
	  Index Cond: ((k >= 6118678) AND (k <= 6118778))

table 7 : explain SELECT k FROM sbtest7 WHERE k BETWEEN 6118678 AND 6118778
	Index Only Scan using k_7 on sbtest7  (cost=0.43..6.53 rows=105 width=4)
	  Index Cond: ((k >= 6118678) AND (k <= 6118778))

table 8 : explain SELECT k FROM sbtest8 WHERE k BETWEEN 6118678 AND 6118778
	Index Only Scan using k_8 on sbtest8  (cost=0.43..10.38 rows=97 width=4)
	  Index Cond: ((k >= 6118678) AND (k <= 6118778))

explain: for range-covered :: explain SELECT k FROM sbtest%d WHERE k BETWEEN 5327560 AND 5327660
explain: for range-covered :: explain SELECT k FROM sbtest%d WHERE k BETWEEN 4262042 AND 4262142
for range-covered
table 1 : explain SELECT k FROM sbtest1 WHERE k BETWEEN 6541446 AND 6541546
	Index Only Scan using k_1 on sbtest1  (cost=0.43..6.35 rows=96 width=4)
	  Index Cond: ((k >= 6541446) AND (k <= 6541546))

table 2 : explain SELECT k FROM sbtest2 WHERE k BETWEEN 6541446 AND 6541546
	Index Only Scan using k_2 on sbtest2  (cost=0.43..6.67 rows=112 width=4)
	  Index Cond: ((k >= 6541446) AND (k <= 6541546))

table 3 : explain SELECT k FROM sbtest3 WHERE k BETWEEN 6541446 AND 6541546
	Index Only Scan using k_3 on sbtest3  (cost=0.43..6.45 rows=101 width=4)
	  Index Cond: ((k >= 6541446) AND (k <= 6541546))

table 4 : explain SELECT k FROM sbtest4 WHERE k BETWEEN 6541446 AND 6541546
	Index Only Scan using k_4 on sbtest4  (cost=0.43..6.69 rows=113 width=4)
	  Index Cond: ((k >= 6541446) AND (k <= 6541546))

table 5 : explain SELECT k FROM sbtest5 WHERE k BETWEEN 6541446 AND 6541546
	Index Only Scan using k_5 on sbtest5  (cost=0.43..6.42 rows=99 width=4)
	  Index Cond: ((k >= 6541446) AND (k <= 6541546))

table 6 : explain SELECT k FROM sbtest6 WHERE k BETWEEN 6541446 AND 6541546
	Index Only Scan using k_6 on sbtest6  (cost=0.43..6.35 rows=96 width=4)
	  Index Cond: ((k >= 6541446) AND (k <= 6541546))

table 7 : explain SELECT k FROM sbtest7 WHERE k BETWEEN 6541446 AND 6541546
	Index Only Scan using k_7 on sbtest7  (cost=0.43..6.47 rows=102 width=4)
	  Index Cond: ((k >= 6541446) AND (k <= 6541546))

table 8 : explain SELECT k FROM sbtest8 WHERE k BETWEEN 6541446 AND 6541546
	Index Only Scan using k_8 on sbtest8  (cost=0.43..10.50 rows=103 width=4)
	  Index Cond: ((k >= 6541446) AND (k <= 6541546))

for range-covered
table 1 : explain SELECT k FROM sbtest1 WHERE k BETWEEN 3581827 AND 3581927
	Index Only Scan using k_1 on sbtest1  (cost=0.43..6.29 rows=93 width=4)
	  Index Cond: ((k >= 3581827) AND (k <= 3581927))

table 2 : explain SELECT k FROM sbtest2 WHERE k BETWEEN 3581827 AND 3581927
	Index Only Scan using k_2 on sbtest2  (cost=0.43..6.33 rows=95 width=4)
	  Index Cond: ((k >= 3581827) AND (k <= 3581927))

table 3 : explain SELECT k FROM sbtest3 WHERE k BETWEEN 3581827 AND 3581927
	Index Only Scan using k_3 on sbtest3  (cost=0.43..6.56 rows=106 width=4)
	  Index Cond: ((k >= 3581827) AND (k <= 3581927))

table 4 : explain SELECT k FROM sbtest4 WHERE k BETWEEN 3581827 AND 3581927
	Index Only Scan using k_4 on sbtest4  (cost=0.43..6.40 rows=98 width=4)
	  Index Cond: ((k >= 3581827) AND (k <= 3581927))

table 5 : explain SELECT k FROM sbtest5 WHERE k BETWEEN 3581827 AND 3581927
	Index Only Scan using k_5 on sbtest5  (cost=0.43..6.56 rows=106 width=4)
	  Index Cond: ((k >= 3581827) AND (k <= 3581927))

table 6 : explain SELECT k FROM sbtest6 WHERE k BETWEEN 3581827 AND 3581927
	Index Only Scan using k_6 on sbtest6  (cost=0.43..6.63 rows=110 width=4)
	  Index Cond: ((k >= 3581827) AND (k <= 3581927))

table 7 : explain SELECT k FROM sbtest7 WHERE k BETWEEN 3581827 AND 3581927
	Index Only Scan using k_7 on sbtest7  (cost=0.43..6.58 rows=107 width=4)
	  Index Cond: ((k >= 3581827) AND (k <= 3581927))

table 8 : explain SELECT k FROM sbtest8 WHERE k BETWEEN 3581827 AND 3581927
	Index Only Scan using k_8 on sbtest8  (cost=0.43..10.44 rows=100 width=4)
	  Index Cond: ((k >= 3581827) AND (k <= 3581927))

for range-covered
table 1 : explain SELECT k FROM sbtest1 WHERE k BETWEEN 7472274 AND 7472374
	Index Only Scan using k_1 on sbtest1  (cost=0.43..6.24 rows=90 width=4)
	  Index Cond: ((k >= 7472274) AND (k <= 7472374))

table 2 : explain SELECT k FROM sbtest2 WHERE k BETWEEN 7472274 AND 7472374
	Index Only Scan using k_2 on sbtest2  (cost=0.43..6.37 rows=97 width=4)
	  Index Cond: ((k >= 7472274) AND (k <= 7472374))

table 3 : explain SELECT k FROM sbtest3 WHERE k BETWEEN 7472274 AND 7472374
	Index Only Scan using k_3 on sbtest3  (cost=0.43..6.61 rows=109 width=4)
	  Index Cond: ((k >= 7472274) AND (k <= 7472374))

table 4 : explain SELECT k FROM sbtest4 WHERE k BETWEEN 7472274 AND 7472374
	Index Only Scan using k_4 on sbtest4  (cost=0.43..6.45 rows=101 width=4)
	  Index Cond: ((k >= 7472274) AND (k <= 7472374))

table 5 : explain SELECT k FROM sbtest5 WHERE k BETWEEN 7472274 AND 7472374
	Index Only Scan using k_5 on sbtest5  (cost=0.43..6.51 rows=104 width=4)
	  Index Cond: ((k >= 7472274) AND (k <= 7472374))

table 6 : explain SELECT k FROM sbtest6 WHERE k BETWEEN 7472274 AND 7472374
	Index Only Scan using k_6 on sbtest6  (cost=0.43..6.43 rows=100 width=4)
	  Index Cond: ((k >= 7472274) AND (k <= 7472374))

table 7 : explain SELECT k FROM sbtest7 WHERE k BETWEEN 7472274 AND 7472374
	Index Only Scan using k_7 on sbtest7  (cost=0.43..6.47 rows=102 width=4)
	  Index Cond: ((k >= 7472274) AND (k <= 7472374))

table 8 : explain SELECT k FROM sbtest8 WHERE k BETWEEN 7472274 AND 7472374
	Index Only Scan using k_8 on sbtest8  (cost=0.43..10.51 rows=104 width=4)
	  Index Cond: ((k >= 7472274) AND (k <= 7472374))

for range-covered
table 1 : explain SELECT k FROM sbtest1 WHERE k BETWEEN 4971124 AND 4971224
	Index Only Scan using k_1 on sbtest1  (cost=0.43..6.37 rows=97 width=4)
	  Index Cond: ((k >= 4971124) AND (k <= 4971224))

table 2 : explain SELECT k FROM sbtest2 WHERE k BETWEEN 4971124 AND 4971224
	Index Only Scan using k_2 on sbtest2  (cost=0.43..6.66 rows=111 width=4)
	  Index Cond: ((k >= 4971124) AND (k <= 4971224))

table 3 : explain SELECT k FROM sbtest3 WHERE k BETWEEN 4971124 AND 4971224
	Index Only Scan using k_3 on sbtest3  (cost=0.43..6.43 rows=100 width=4)
	  Index Cond: ((k >= 4971124) AND (k <= 4971224))

table 4 : explain SELECT k FROM sbtest4 WHERE k BETWEEN 4971124 AND 4971224
	Index Only Scan using k_4 on sbtest4  (cost=0.43..6.47 rows=102 width=4)
	  Index Cond: ((k >= 4971124) AND (k <= 4971224))

table 5 : explain SELECT k FROM sbtest5 WHERE k BETWEEN 4971124 AND 4971224
	Index Only Scan using k_5 on sbtest5  (cost=0.43..6.42 rows=99 width=4)
	  Index Cond: ((k >= 4971124) AND (k <= 4971224))

table 6 : explain SELECT k FROM sbtest6 WHERE k BETWEEN 4971124 AND 4971224
	Index Only Scan using k_6 on sbtest6  (cost=0.43..6.50 rows=103 width=4)
	  Index Cond: ((k >= 4971124) AND (k <= 4971224))

table 7 : explain SELECT k FROM sbtest7 WHERE k BETWEEN 4971124 AND 4971224
	Index Only Scan using k_7 on sbtest7  (cost=0.43..6.35 rows=96 width=4)
	  Index Cond: ((k >= 4971124) AND (k <= 4971224))

table 8 : explain SELECT k FROM sbtest8 WHERE k BETWEEN 4971124 AND 4971224
	Index Only Scan using k_8 on sbtest8  (cost=0.43..10.29 rows=93 width=4)
	  Index Cond: ((k >= 4971124) AND (k <= 4971224))

explain: for range-covered :: explain SELECT k FROM sbtest%d WHERE k BETWEEN 6541446 AND 6541546
for range-covered
table 1 : explain SELECT k FROM sbtest1 WHERE k BETWEEN 8012521 AND 8012621
	Index Only Scan using k_1 on sbtest1  (cost=0.43..6.43 rows=100 width=4)
	  Index Cond: ((k >= 8012521) AND (k <= 8012621))

table 2 : explain SELECT k FROM sbtest2 WHERE k BETWEEN 8012521 AND 8012621
	Index Only Scan using k_2 on sbtest2  (cost=0.43..6.45 rows=101 width=4)
	  Index Cond: ((k >= 8012521) AND (k <= 8012621))

table 3 : explain SELECT k FROM sbtest3 WHERE k BETWEEN 8012521 AND 8012621
	Index Only Scan using k_3 on sbtest3  (cost=0.43..6.50 rows=103 width=4)
	  Index Cond: ((k >= 8012521) AND (k <= 8012621))

table 4 : explain SELECT k FROM sbtest4 WHERE k BETWEEN 8012521 AND 8012621
	Index Only Scan using k_4 on sbtest4  (cost=0.43..6.51 rows=104 width=4)
	  Index Cond: ((k >= 8012521) AND (k <= 8012621))

table 5 : explain SELECT k FROM sbtest5 WHERE k BETWEEN 8012521 AND 8012621
	Index Only Scan using k_5 on sbtest5  (cost=0.43..6.56 rows=106 width=4)
	  Index Cond: ((k >= 8012521) AND (k <= 8012621))

table 6 : explain SELECT k FROM sbtest6 WHERE k BETWEEN 8012521 AND 8012621
	Index Only Scan using k_6 on sbtest6  (cost=0.43..6.67 rows=112 width=4)
	  Index Cond: ((k >= 8012521) AND (k <= 8012621))

table 7 : explain SELECT k FROM sbtest7 WHERE k BETWEEN 8012521 AND 8012621
	Index Only Scan using k_7 on sbtest7  (cost=0.43..6.35 rows=96 width=4)
	  Index Cond: ((k >= 8012521) AND (k <= 8012621))

table 8 : explain SELECT k FROM sbtest8 WHERE k BETWEEN 8012521 AND 8012621
	Index Only Scan using k_8 on sbtest8  (cost=0.43..10.51 rows=104 width=4)
	  Index Cond: ((k >= 8012521) AND (k <= 8012621))

explain: for range-covered :: explain SELECT k FROM sbtest%d WHERE k BETWEEN 3581827 AND 3581927
explain: for range-covered :: explain SELECT k FROM sbtest%d WHERE k BETWEEN 7472274 AND 7472374
explain: for range-covered :: explain SELECT k FROM sbtest%d WHERE k BETWEEN 4971124 AND 4971224
explain: for range-covered :: explain SELECT k FROM sbtest%d WHERE k BETWEEN 8012521 AND 8012621
for range-covered
table 1 : explain SELECT k FROM sbtest1 WHERE k BETWEEN 4971124 AND 4971224
	Index Only Scan using k_1 on sbtest1  (cost=0.43..6.37 rows=97 width=4)
	  Index Cond: ((k >= 4971124) AND (k <= 4971224))

table 2 : explain SELECT k FROM sbtest2 WHERE k BETWEEN 4971124 AND 4971224
	Index Only Scan using k_2 on sbtest2  (cost=0.43..6.66 rows=111 width=4)
	  Index Cond: ((k >= 4971124) AND (k <= 4971224))

table 3 : explain SELECT k FROM sbtest3 WHERE k BETWEEN 4971124 AND 4971224
	Index Only Scan using k_3 on sbtest3  (cost=0.43..6.43 rows=100 width=4)
	  Index Cond: ((k >= 4971124) AND (k <= 4971224))

table 4 : explain SELECT k FROM sbtest4 WHERE k BETWEEN 4971124 AND 4971224
	Index Only Scan using k_4 on sbtest4  (cost=0.43..6.47 rows=102 width=4)
	  Index Cond: ((k >= 4971124) AND (k <= 4971224))

table 5 : explain SELECT k FROM sbtest5 WHERE k BETWEEN 4971124 AND 4971224
	Index Only Scan using k_5 on sbtest5  (cost=0.43..6.42 rows=99 width=4)
	  Index Cond: ((k >= 4971124) AND (k <= 4971224))

table 6 : explain SELECT k FROM sbtest6 WHERE k BETWEEN 4971124 AND 4971224
	Index Only Scan using k_6 on sbtest6  (cost=0.43..6.50 rows=103 width=4)
	  Index Cond: ((k >= 4971124) AND (k <= 4971224))

table 7 : explain SELECT k FROM sbtest7 WHERE k BETWEEN 4971124 AND 4971224
	Index Only Scan using k_7 on sbtest7  (cost=0.43..6.35 rows=96 width=4)
	  Index Cond: ((k >= 4971124) AND (k <= 4971224))

table 8 : explain SELECT k FROM sbtest8 WHERE k BETWEEN 4971124 AND 4971224
	Index Only Scan using k_8 on sbtest8  (cost=0.43..10.29 rows=93 width=4)
	  Index Cond: ((k >= 4971124) AND (k <= 4971224))

for range-covered
table 1 : explain SELECT k FROM sbtest1 WHERE k BETWEEN 8012521 AND 8012621
	Index Only Scan using k_1 on sbtest1  (cost=0.43..6.43 rows=100 width=4)
	  Index Cond: ((k >= 8012521) AND (k <= 8012621))

table 2 : explain SELECT k FROM sbtest2 WHERE k BETWEEN 8012521 AND 8012621
	Index Only Scan using k_2 on sbtest2  (cost=0.43..6.45 rows=101 width=4)
	  Index Cond: ((k >= 8012521) AND (k <= 8012621))

table 3 : explain SELECT k FROM sbtest3 WHERE k BETWEEN 8012521 AND 8012621
	Index Only Scan using k_3 on sbtest3  (cost=0.43..6.50 rows=103 width=4)
	  Index Cond: ((k >= 8012521) AND (k <= 8012621))

table 4 : explain SELECT k FROM sbtest4 WHERE k BETWEEN 8012521 AND 8012621
	Index Only Scan using k_4 on sbtest4  (cost=0.43..6.51 rows=104 width=4)
	  Index Cond: ((k >= 8012521) AND (k <= 8012621))

table 5 : explain SELECT k FROM sbtest5 WHERE k BETWEEN 8012521 AND 8012621
	Index Only Scan using k_5 on sbtest5  (cost=0.43..6.56 rows=106 width=4)
	  Index Cond: ((k >= 8012521) AND (k <= 8012621))

table 6 : explain SELECT k FROM sbtest6 WHERE k BETWEEN 8012521 AND 8012621
	Index Only Scan using k_6 on sbtest6  (cost=0.43..6.67 rows=112 width=4)
	  Index Cond: ((k >= 8012521) AND (k <= 8012621))

table 7 : explain SELECT k FROM sbtest7 WHERE k BETWEEN 8012521 AND 8012621
	Index Only Scan using k_7 on sbtest7  (cost=0.43..6.35 rows=96 width=4)
	  Index Cond: ((k >= 8012521) AND (k <= 8012621))

table 8 : explain SELECT k FROM sbtest8 WHERE k BETWEEN 8012521 AND 8012621
	Index Only Scan using k_8 on sbtest8  (cost=0.43..10.51 rows=104 width=4)
	  Index Cond: ((k >= 8012521) AND (k <= 8012621))

for range-covered
table 1 : explain SELECT k FROM sbtest1 WHERE k BETWEEN 3581827 AND 3581927
	Index Only Scan using k_1 on sbtest1  (cost=0.43..6.29 rows=93 width=4)
	  Index Cond: ((k >= 3581827) AND (k <= 3581927))

table 2 : explain SELECT k FROM sbtest2 WHERE k BETWEEN 3581827 AND 3581927
	Index Only Scan using k_2 on sbtest2  (cost=0.43..6.33 rows=95 width=4)
	  Index Cond: ((k >= 3581827) AND (k <= 3581927))

table 3 : explain SELECT k FROM sbtest3 WHERE k BETWEEN 3581827 AND 3581927
	Index Only Scan using k_3 on sbtest3  (cost=0.43..6.56 rows=106 width=4)
	  Index Cond: ((k >= 3581827) AND (k <= 3581927))

table 4 : explain SELECT k FROM sbtest4 WHERE k BETWEEN 3581827 AND 3581927
	Index Only Scan using k_4 on sbtest4  (cost=0.43..6.40 rows=98 width=4)
	  Index Cond: ((k >= 3581827) AND (k <= 3581927))

table 5 : explain SELECT k FROM sbtest5 WHERE k BETWEEN 3581827 AND 3581927
	Index Only Scan using k_5 on sbtest5  (cost=0.43..6.56 rows=106 width=4)
	  Index Cond: ((k >= 3581827) AND (k <= 3581927))

table 6 : explain SELECT k FROM sbtest6 WHERE k BETWEEN 3581827 AND 3581927
	Index Only Scan using k_6 on sbtest6  (cost=0.43..6.63 rows=110 width=4)
	  Index Cond: ((k >= 3581827) AND (k <= 3581927))

table 7 : explain SELECT k FROM sbtest7 WHERE k BETWEEN 3581827 AND 3581927
	Index Only Scan using k_7 on sbtest7  (cost=0.43..6.58 rows=107 width=4)
	  Index Cond: ((k >= 3581827) AND (k <= 3581927))

table 8 : explain SELECT k FROM sbtest8 WHERE k BETWEEN 3581827 AND 3581927
	Index Only Scan using k_8 on sbtest8  (cost=0.43..10.44 rows=100 width=4)
	  Index Cond: ((k >= 3581827) AND (k <= 3581927))

for range-covered
table 1 : explain SELECT k FROM sbtest1 WHERE k BETWEEN 7472274 AND 7472374
	Index Only Scan using k_1 on sbtest1  (cost=0.43..6.24 rows=90 width=4)
	  Index Cond: ((k >= 7472274) AND (k <= 7472374))

table 2 : explain SELECT k FROM sbtest2 WHERE k BETWEEN 7472274 AND 7472374
	Index Only Scan using k_2 on sbtest2  (cost=0.43..6.37 rows=97 width=4)
	  Index Cond: ((k >= 7472274) AND (k <= 7472374))

table 3 : explain SELECT k FROM sbtest3 WHERE k BETWEEN 7472274 AND 7472374
	Index Only Scan using k_3 on sbtest3  (cost=0.43..6.61 rows=109 width=4)
	  Index Cond: ((k >= 7472274) AND (k <= 7472374))

table 4 : explain SELECT k FROM sbtest4 WHERE k BETWEEN 7472274 AND 7472374
	Index Only Scan using k_4 on sbtest4  (cost=0.43..6.45 rows=101 width=4)
	  Index Cond: ((k >= 7472274) AND (k <= 7472374))

table 5 : explain SELECT k FROM sbtest5 WHERE k BETWEEN 7472274 AND 7472374
	Index Only Scan using k_5 on sbtest5  (cost=0.43..6.51 rows=104 width=4)
	  Index Cond: ((k >= 7472274) AND (k <= 7472374))

table 6 : explain SELECT k FROM sbtest6 WHERE k BETWEEN 7472274 AND 7472374
	Index Only Scan using k_6 on sbtest6  (cost=0.43..6.43 rows=100 width=4)
	  Index Cond: ((k >= 7472274) AND (k <= 7472374))

table 7 : explain SELECT k FROM sbtest7 WHERE k BETWEEN 7472274 AND 7472374
	Index Only Scan using k_7 on sbtest7  (cost=0.43..6.47 rows=102 width=4)
	  Index Cond: ((k >= 7472274) AND (k <= 7472374))

table 8 : explain SELECT k FROM sbtest8 WHERE k BETWEEN 7472274 AND 7472374
	Index Only Scan using k_8 on sbtest8  (cost=0.43..10.51 rows=104 width=4)
	  Index Cond: ((k >= 7472274) AND (k <= 7472374))

explain: for range-covered :: explain SELECT k FROM sbtest%d WHERE k BETWEEN 4971124 AND 4971224
for range-covered
table 1 : explain SELECT k FROM sbtest1 WHERE k BETWEEN 5327560 AND 5327660
	Index Only Scan using k_1 on sbtest1  (cost=0.43..6.53 rows=105 width=4)
	  Index Cond: ((k >= 5327560) AND (k <= 5327660))

table 2 : explain SELECT k FROM sbtest2 WHERE k BETWEEN 5327560 AND 5327660
	Index Only Scan using k_2 on sbtest2  (cost=0.43..6.43 rows=100 width=4)
	  Index Cond: ((k >= 5327560) AND (k <= 5327660))

table 3 : explain SELECT k FROM sbtest3 WHERE k BETWEEN 5327560 AND 5327660
	Index Only Scan using k_3 on sbtest3  (cost=0.43..6.43 rows=100 width=4)
	  Index Cond: ((k >= 5327560) AND (k <= 5327660))

table 4 : explain SELECT k FROM sbtest4 WHERE k BETWEEN 5327560 AND 5327660
	Index Only Scan using k_4 on sbtest4  (cost=0.43..6.66 rows=111 width=4)
	  Index Cond: ((k >= 5327560) AND (k <= 5327660))

table 5 : explain SELECT k FROM sbtest5 WHERE k BETWEEN 5327560 AND 5327660
	Index Only Scan using k_5 on sbtest5  (cost=0.43..6.50 rows=103 width=4)
	  Index Cond: ((k >= 5327560) AND (k <= 5327660))

table 6 : explain SELECT k FROM sbtest6 WHERE k BETWEEN 5327560 AND 5327660
	Index Only Scan using k_6 on sbtest6  (cost=0.43..6.43 rows=100 width=4)
	  Index Cond: ((k >= 5327560) AND (k <= 5327660))

table 7 : explain SELECT k FROM sbtest7 WHERE k BETWEEN 5327560 AND 5327660
	Index Only Scan using k_7 on sbtest7  (cost=0.43..6.40 rows=98 width=4)
	  Index Cond: ((k >= 5327560) AND (k <= 5327660))

table 8 : explain SELECT k FROM sbtest8 WHERE k BETWEEN 5327560 AND 5327660
	Index Only Scan using k_8 on sbtest8  (cost=0.43..10.47 rows=102 width=4)
	  Index Cond: ((k >= 5327560) AND (k <= 5327660))

explain: for range-covered :: explain SELECT k FROM sbtest%d WHERE k BETWEEN 3581827 AND 3581927
explain: for range-covered :: explain SELECT k FROM sbtest%d WHERE k BETWEEN 7472274 AND 7472374
explain: for range-covered :: explain SELECT k FROM sbtest%d WHERE k BETWEEN 5327560 AND 5327660
for range-covered
table 1 : explain SELECT k FROM sbtest1 WHERE k BETWEEN 6541446 AND 6541546
	Index Only Scan using k_1 on sbtest1  (cost=0.43..6.35 rows=96 width=4)
	  Index Cond: ((k >= 6541446) AND (k <= 6541546))

table 2 : explain SELECT k FROM sbtest2 WHERE k BETWEEN 6541446 AND 6541546
	Index Only Scan using k_2 on sbtest2  (cost=0.43..6.67 rows=112 width=4)
	  Index Cond: ((k >= 6541446) AND (k <= 6541546))

table 3 : explain SELECT k FROM sbtest3 WHERE k BETWEEN 6541446 AND 6541546
	Index Only Scan using k_3 on sbtest3  (cost=0.43..6.45 rows=101 width=4)
	  Index Cond: ((k >= 6541446) AND (k <= 6541546))

table 4 : explain SELECT k FROM sbtest4 WHERE k BETWEEN 6541446 AND 6541546
	Index Only Scan using k_4 on sbtest4  (cost=0.43..6.69 rows=113 width=4)
	  Index Cond: ((k >= 6541446) AND (k <= 6541546))

table 5 : explain SELECT k FROM sbtest5 WHERE k BETWEEN 6541446 AND 6541546
	Index Only Scan using k_5 on sbtest5  (cost=0.43..6.42 rows=99 width=4)
	  Index Cond: ((k >= 6541446) AND (k <= 6541546))

table 6 : explain SELECT k FROM sbtest6 WHERE k BETWEEN 6541446 AND 6541546
	Index Only Scan using k_6 on sbtest6  (cost=0.43..6.35 rows=96 width=4)
	  Index Cond: ((k >= 6541446) AND (k <= 6541546))

table 7 : explain SELECT k FROM sbtest7 WHERE k BETWEEN 6541446 AND 6541546
	Index Only Scan using k_7 on sbtest7  (cost=0.43..6.47 rows=102 width=4)
	  Index Cond: ((k >= 6541446) AND (k <= 6541546))

table 8 : explain SELECT k FROM sbtest8 WHERE k BETWEEN 6541446 AND 6541546
	Index Only Scan using k_8 on sbtest8  (cost=0.43..10.50 rows=103 width=4)
	  Index Cond: ((k >= 6541446) AND (k <= 6541546))

for range-covered
table 1 : explain SELECT k FROM sbtest1 WHERE k BETWEEN 4262042 AND 4262142
	Index Only Scan using k_1 on sbtest1  (cost=0.43..6.53 rows=105 width=4)
	  Index Cond: ((k >= 4262042) AND (k <= 4262142))

table 2 : explain SELECT k FROM sbtest2 WHERE k BETWEEN 4262042 AND 4262142
	Index Only Scan using k_2 on sbtest2  (cost=0.43..6.42 rows=99 width=4)
	  Index Cond: ((k >= 4262042) AND (k <= 4262142))

table 3 : explain SELECT k FROM sbtest3 WHERE k BETWEEN 4262042 AND 4262142
	Index Only Scan using k_3 on sbtest3  (cost=0.43..6.66 rows=111 width=4)
	  Index Cond: ((k >= 4262042) AND (k <= 4262142))

table 4 : explain SELECT k FROM sbtest4 WHERE k BETWEEN 4262042 AND 4262142
	Index Only Scan using k_4 on sbtest4  (cost=0.43..6.66 rows=111 width=4)
	  Index Cond: ((k >= 4262042) AND (k <= 4262142))

table 5 : explain SELECT k FROM sbtest5 WHERE k BETWEEN 4262042 AND 4262142
	Index Only Scan using k_5 on sbtest5  (cost=0.43..6.58 rows=107 width=4)
	  Index Cond: ((k >= 4262042) AND (k <= 4262142))

table 6 : explain SELECT k FROM sbtest6 WHERE k BETWEEN 4262042 AND 4262142
	Index Only Scan using k_6 on sbtest6  (cost=0.43..6.35 rows=96 width=4)
	  Index Cond: ((k >= 4262042) AND (k <= 4262142))

table 7 : explain SELECT k FROM sbtest7 WHERE k BETWEEN 4262042 AND 4262142
	Index Only Scan using k_7 on sbtest7  (cost=0.43..6.45 rows=101 width=4)
	  Index Cond: ((k >= 4262042) AND (k <= 4262142))

table 8 : explain SELECT k FROM sbtest8 WHERE k BETWEEN 4262042 AND 4262142
	Index Only Scan using k_8 on sbtest8  (cost=0.43..10.58 rows=107 width=4)
	  Index Cond: ((k >= 4262042) AND (k <= 4262142))

for range-covered
table 1 : explain SELECT k FROM sbtest1 WHERE k BETWEEN 3581827 AND 3581927
	Index Only Scan using k_1 on sbtest1  (cost=0.43..6.29 rows=93 width=4)
	  Index Cond: ((k >= 3581827) AND (k <= 3581927))

table 2 : explain SELECT k FROM sbtest2 WHERE k BETWEEN 3581827 AND 3581927
	Index Only Scan using k_2 on sbtest2  (cost=0.43..6.33 rows=95 width=4)
	  Index Cond: ((k >= 3581827) AND (k <= 3581927))

table 3 : explain SELECT k FROM sbtest3 WHERE k BETWEEN 3581827 AND 3581927
	Index Only Scan using k_3 on sbtest3  (cost=0.43..6.56 rows=106 width=4)
	  Index Cond: ((k >= 3581827) AND (k <= 3581927))

table 4 : explain SELECT k FROM sbtest4 WHERE k BETWEEN 3581827 AND 3581927
	Index Only Scan using k_4 on sbtest4  (cost=0.43..6.40 rows=98 width=4)
	  Index Cond: ((k >= 3581827) AND (k <= 3581927))

table 5 : explain SELECT k FROM sbtest5 WHERE k BETWEEN 3581827 AND 3581927
	Index Only Scan using k_5 on sbtest5  (cost=0.43..6.56 rows=106 width=4)
	  Index Cond: ((k >= 3581827) AND (k <= 3581927))

table 6 : explain SELECT k FROM sbtest6 WHERE k BETWEEN 3581827 AND 3581927
	Index Only Scan using k_6 on sbtest6  (cost=0.43..6.63 rows=110 width=4)
	  Index Cond: ((k >= 3581827) AND (k <= 3581927))

table 7 : explain SELECT k FROM sbtest7 WHERE k BETWEEN 3581827 AND 3581927
	Index Only Scan using k_7 on sbtest7  (cost=0.43..6.58 rows=107 width=4)
	  Index Cond: ((k >= 3581827) AND (k <= 3581927))

table 8 : explain SELECT k FROM sbtest8 WHERE k BETWEEN 3581827 AND 3581927
	Index Only Scan using k_8 on sbtest8  (cost=0.43..10.44 rows=100 width=4)
	  Index Cond: ((k >= 3581827) AND (k <= 3581927))

for range-covered
table 1 : explain SELECT k FROM sbtest1 WHERE k BETWEEN 7472274 AND 7472374
	Index Only Scan using k_1 on sbtest1  (cost=0.43..6.24 rows=90 width=4)
	  Index Cond: ((k >= 7472274) AND (k <= 7472374))

table 2 : explain SELECT k FROM sbtest2 WHERE k BETWEEN 7472274 AND 7472374
	Index Only Scan using k_2 on sbtest2  (cost=0.43..6.37 rows=97 width=4)
	  Index Cond: ((k >= 7472274) AND (k <= 7472374))

table 3 : explain SELECT k FROM sbtest3 WHERE k BETWEEN 7472274 AND 7472374
	Index Only Scan using k_3 on sbtest3  (cost=0.43..6.61 rows=109 width=4)
	  Index Cond: ((k >= 7472274) AND (k <= 7472374))

table 4 : explain SELECT k FROM sbtest4 WHERE k BETWEEN 7472274 AND 7472374
	Index Only Scan using k_4 on sbtest4  (cost=0.43..6.45 rows=101 width=4)
	  Index Cond: ((k >= 7472274) AND (k <= 7472374))

table 5 : explain SELECT k FROM sbtest5 WHERE k BETWEEN 7472274 AND 7472374
	Index Only Scan using k_5 on sbtest5  (cost=0.43..6.51 rows=104 width=4)
	  Index Cond: ((k >= 7472274) AND (k <= 7472374))

table 6 : explain SELECT k FROM sbtest6 WHERE k BETWEEN 7472274 AND 7472374
	Index Only Scan using k_6 on sbtest6  (cost=0.43..6.43 rows=100 width=4)
	  Index Cond: ((k >= 7472274) AND (k <= 7472374))

table 7 : explain SELECT k FROM sbtest7 WHERE k BETWEEN 7472274 AND 7472374
	Index Only Scan using k_7 on sbtest7  (cost=0.43..6.47 rows=102 width=4)
	  Index Cond: ((k >= 7472274) AND (k <= 7472374))

table 8 : explain SELECT k FROM sbtest8 WHERE k BETWEEN 7472274 AND 7472374
	Index Only Scan using k_8 on sbtest8  (cost=0.43..10.51 rows=104 width=4)
	  Index Cond: ((k >= 7472274) AND (k <= 7472374))

for range-covered
table 1 : explain SELECT k FROM sbtest1 WHERE k BETWEEN 4971124 AND 4971224
	Index Only Scan using k_1 on sbtest1  (cost=0.43..6.37 rows=97 width=4)
	  Index Cond: ((k >= 4971124) AND (k <= 4971224))

table 2 : explain SELECT k FROM sbtest2 WHERE k BETWEEN 4971124 AND 4971224
	Index Only Scan using k_2 on sbtest2  (cost=0.43..6.66 rows=111 width=4)
	  Index Cond: ((k >= 4971124) AND (k <= 4971224))

table 3 : explain SELECT k FROM sbtest3 WHERE k BETWEEN 4971124 AND 4971224
	Index Only Scan using k_3 on sbtest3  (cost=0.43..6.43 rows=100 width=4)
	  Index Cond: ((k >= 4971124) AND (k <= 4971224))

table 4 : explain SELECT k FROM sbtest4 WHERE k BETWEEN 4971124 AND 4971224
	Index Only Scan using k_4 on sbtest4  (cost=0.43..6.47 rows=102 width=4)
	  Index Cond: ((k >= 4971124) AND (k <= 4971224))

table 5 : explain SELECT k FROM sbtest5 WHERE k BETWEEN 4971124 AND 4971224
	Index Only Scan using k_5 on sbtest5  (cost=0.43..6.42 rows=99 width=4)
	  Index Cond: ((k >= 4971124) AND (k <= 4971224))

table 6 : explain SELECT k FROM sbtest6 WHERE k BETWEEN 4971124 AND 4971224
	Index Only Scan using k_6 on sbtest6  (cost=0.43..6.50 rows=103 width=4)
	  Index Cond: ((k >= 4971124) AND (k <= 4971224))

table 7 : explain SELECT k FROM sbtest7 WHERE k BETWEEN 4971124 AND 4971224
	Index Only Scan using k_7 on sbtest7  (cost=0.43..6.35 rows=96 width=4)
	  Index Cond: ((k >= 4971124) AND (k <= 4971224))

table 8 : explain SELECT k FROM sbtest8 WHERE k BETWEEN 4971124 AND 4971224
	Index Only Scan using k_8 on sbtest8  (cost=0.43..10.29 rows=93 width=4)
	  Index Cond: ((k >= 4971124) AND (k <= 4971224))

explain: for range-covered :: explain SELECT k FROM sbtest%d WHERE k BETWEEN 4262042 AND 4262142
explain: for range-covered :: explain SELECT k FROM sbtest%d WHERE k BETWEEN 9740553 AND 9740653
explain: for range-covered :: explain SELECT k FROM sbtest%d WHERE k BETWEEN 8012521 AND 8012621
explain: for range-covered :: explain SELECT k FROM sbtest%d WHERE k BETWEEN 3581827 AND 3581927
explain: for range-covered :: explain SELECT k FROM sbtest%d WHERE k BETWEEN 7472274 AND 7472374
for range-covered
table 1 : explain SELECT k FROM sbtest1 WHERE k BETWEEN 7753178 AND 7753278
	Index Only Scan using k_1 on sbtest1  (cost=0.43..6.32 rows=94 width=4)
	  Index Cond: ((k >= 7753178) AND (k <= 7753278))

table 2 : explain SELECT k FROM sbtest2 WHERE k BETWEEN 7753178 AND 7753278
	Index Only Scan using k_2 on sbtest2  (cost=0.43..6.45 rows=101 width=4)
	  Index Cond: ((k >= 7753178) AND (k <= 7753278))

table 3 : explain SELECT k FROM sbtest3 WHERE k BETWEEN 7753178 AND 7753278
	Index Only Scan using k_3 on sbtest3  (cost=0.43..6.33 rows=95 width=4)
	  Index Cond: ((k >= 7753178) AND (k <= 7753278))

table 4 : explain SELECT k FROM sbtest4 WHERE k BETWEEN 7753178 AND 7753278
	Index Only Scan using k_4 on sbtest4  (cost=0.43..6.43 rows=100 width=4)
	  Index Cond: ((k >= 7753178) AND (k <= 7753278))

table 5 : explain SELECT k FROM sbtest5 WHERE k BETWEEN 7753178 AND 7753278
	Index Only Scan using k_5 on sbtest5  (cost=0.43..6.45 rows=101 width=4)
	  Index Cond: ((k >= 7753178) AND (k <= 7753278))

table 6 : explain SELECT k FROM sbtest6 WHERE k BETWEEN 7753178 AND 7753278
	Index Only Scan using k_6 on sbtest6  (cost=0.43..6.40 rows=98 width=4)
	  Index Cond: ((k >= 7753178) AND (k <= 7753278))

table 7 : explain SELECT k FROM sbtest7 WHERE k BETWEEN 7753178 AND 7753278
	Index Only Scan using k_7 on sbtest7  (cost=0.43..6.51 rows=104 width=4)
	  Index Cond: ((k >= 7753178) AND (k <= 7753278))

table 8 : explain SELECT k FROM sbtest8 WHERE k BETWEEN 7753178 AND 7753278
	Index Only Scan using k_8 on sbtest8  (cost=0.43..10.47 rows=102 width=4)
	  Index Cond: ((k >= 7753178) AND (k <= 7753278))

explain: for range-covered :: explain SELECT k FROM sbtest%d WHERE k BETWEEN 4971124 AND 4971224
explain: for range-covered :: explain SELECT k FROM sbtest%d WHERE k BETWEEN 7753178 AND 7753278
for range-covered
table 1 : explain SELECT k FROM sbtest1 WHERE k BETWEEN 7472274 AND 7472374
	Index Only Scan using k_1 on sbtest1  (cost=0.43..6.24 rows=90 width=4)
	  Index Cond: ((k >= 7472274) AND (k <= 7472374))

table 2 : explain SELECT k FROM sbtest2 WHERE k BETWEEN 7472274 AND 7472374
	Index Only Scan using k_2 on sbtest2  (cost=0.43..6.37 rows=97 width=4)
	  Index Cond: ((k >= 7472274) AND (k <= 7472374))

table 3 : explain SELECT k FROM sbtest3 WHERE k BETWEEN 7472274 AND 7472374
	Index Only Scan using k_3 on sbtest3  (cost=0.43..6.61 rows=109 width=4)
	  Index Cond: ((k >= 7472274) AND (k <= 7472374))

table 4 : explain SELECT k FROM sbtest4 WHERE k BETWEEN 7472274 AND 7472374
	Index Only Scan using k_4 on sbtest4  (cost=0.43..6.45 rows=101 width=4)
	  Index Cond: ((k >= 7472274) AND (k <= 7472374))

table 5 : explain SELECT k FROM sbtest5 WHERE k BETWEEN 7472274 AND 7472374
	Index Only Scan using k_5 on sbtest5  (cost=0.43..6.51 rows=104 width=4)
	  Index Cond: ((k >= 7472274) AND (k <= 7472374))

table 6 : explain SELECT k FROM sbtest6 WHERE k BETWEEN 7472274 AND 7472374
	Index Only Scan using k_6 on sbtest6  (cost=0.43..6.43 rows=100 width=4)
	  Index Cond: ((k >= 7472274) AND (k <= 7472374))

table 7 : explain SELECT k FROM sbtest7 WHERE k BETWEEN 7472274 AND 7472374
	Index Only Scan using k_7 on sbtest7  (cost=0.43..6.47 rows=102 width=4)
	  Index Cond: ((k >= 7472274) AND (k <= 7472374))

table 8 : explain SELECT k FROM sbtest8 WHERE k BETWEEN 7472274 AND 7472374
	Index Only Scan using k_8 on sbtest8  (cost=0.43..10.51 rows=104 width=4)
	  Index Cond: ((k >= 7472274) AND (k <= 7472374))

for range-covered
table 1 : explain SELECT k FROM sbtest1 WHERE k BETWEEN 8012521 AND 8012621
	Index Only Scan using k_1 on sbtest1  (cost=0.43..6.43 rows=100 width=4)
	  Index Cond: ((k >= 8012521) AND (k <= 8012621))

table 2 : explain SELECT k FROM sbtest2 WHERE k BETWEEN 8012521 AND 8012621
	Index Only Scan using k_2 on sbtest2  (cost=0.43..6.45 rows=101 width=4)
	  Index Cond: ((k >= 8012521) AND (k <= 8012621))

table 3 : explain SELECT k FROM sbtest3 WHERE k BETWEEN 8012521 AND 8012621
	Index Only Scan using k_3 on sbtest3  (cost=0.43..6.50 rows=103 width=4)
	  Index Cond: ((k >= 8012521) AND (k <= 8012621))

table 4 : explain SELECT k FROM sbtest4 WHERE k BETWEEN 8012521 AND 8012621
	Index Only Scan using k_4 on sbtest4  (cost=0.43..6.51 rows=104 width=4)
	  Index Cond: ((k >= 8012521) AND (k <= 8012621))

table 5 : explain SELECT k FROM sbtest5 WHERE k BETWEEN 8012521 AND 8012621
	Index Only Scan using k_5 on sbtest5  (cost=0.43..6.56 rows=106 width=4)
	  Index Cond: ((k >= 8012521) AND (k <= 8012621))

table 6 : explain SELECT k FROM sbtest6 WHERE k BETWEEN 8012521 AND 8012621
	Index Only Scan using k_6 on sbtest6  (cost=0.43..6.67 rows=112 width=4)
	  Index Cond: ((k >= 8012521) AND (k <= 8012621))

table 7 : explain SELECT k FROM sbtest7 WHERE k BETWEEN 8012521 AND 8012621
	Index Only Scan using k_7 on sbtest7  (cost=0.43..6.35 rows=96 width=4)
	  Index Cond: ((k >= 8012521) AND (k <= 8012621))

table 8 : explain SELECT k FROM sbtest8 WHERE k BETWEEN 8012521 AND 8012621
	Index Only Scan using k_8 on sbtest8  (cost=0.43..10.51 rows=104 width=4)
	  Index Cond: ((k >= 8012521) AND (k <= 8012621))

explain: for range-covered :: explain SELECT k FROM sbtest%d WHERE k BETWEEN 7472274 AND 7472374
for range-covered
table 1 : explain SELECT k FROM sbtest1 WHERE k BETWEEN 3581827 AND 3581927
	Index Only Scan using k_1 on sbtest1  (cost=0.43..6.29 rows=93 width=4)
	  Index Cond: ((k >= 3581827) AND (k <= 3581927))

table 2 : explain SELECT k FROM sbtest2 WHERE k BETWEEN 3581827 AND 3581927
	Index Only Scan using k_2 on sbtest2  (cost=0.43..6.33 rows=95 width=4)
	  Index Cond: ((k >= 3581827) AND (k <= 3581927))

table 3 : explain SELECT k FROM sbtest3 WHERE k BETWEEN 3581827 AND 3581927
	Index Only Scan using k_3 on sbtest3  (cost=0.43..6.56 rows=106 width=4)
	  Index Cond: ((k >= 3581827) AND (k <= 3581927))

table 4 : explain SELECT k FROM sbtest4 WHERE k BETWEEN 3581827 AND 3581927
	Index Only Scan using k_4 on sbtest4  (cost=0.43..6.40 rows=98 width=4)
	  Index Cond: ((k >= 3581827) AND (k <= 3581927))

table 5 : explain SELECT k FROM sbtest5 WHERE k BETWEEN 3581827 AND 3581927
	Index Only Scan using k_5 on sbtest5  (cost=0.43..6.56 rows=106 width=4)
	  Index Cond: ((k >= 3581827) AND (k <= 3581927))

table 6 : explain SELECT k FROM sbtest6 WHERE k BETWEEN 3581827 AND 3581927
	Index Only Scan using k_6 on sbtest6  (cost=0.43..6.63 rows=110 width=4)
	  Index Cond: ((k >= 3581827) AND (k <= 3581927))

table 7 : explain SELECT k FROM sbtest7 WHERE k BETWEEN 3581827 AND 3581927
	Index Only Scan using k_7 on sbtest7  (cost=0.43..6.58 rows=107 width=4)
	  Index Cond: ((k >= 3581827) AND (k <= 3581927))

table 8 : explain SELECT k FROM sbtest8 WHERE k BETWEEN 3581827 AND 3581927
	Index Only Scan using k_8 on sbtest8  (cost=0.43..10.44 rows=100 width=4)
	  Index Cond: ((k >= 3581827) AND (k <= 3581927))

explain: for range-covered :: explain SELECT k FROM sbtest%d WHERE k BETWEEN 2914847 AND 2914947
explain: for range-covered :: explain SELECT k FROM sbtest%d WHERE k BETWEEN 3581827 AND 3581927
for range-covered
table 1 : explain SELECT k FROM sbtest1 WHERE k BETWEEN 5327560 AND 5327660
	Index Only Scan using k_1 on sbtest1  (cost=0.43..6.53 rows=105 width=4)
	  Index Cond: ((k >= 5327560) AND (k <= 5327660))

table 2 : explain SELECT k FROM sbtest2 WHERE k BETWEEN 5327560 AND 5327660
	Index Only Scan using k_2 on sbtest2  (cost=0.43..6.43 rows=100 width=4)
	  Index Cond: ((k >= 5327560) AND (k <= 5327660))

table 3 : explain SELECT k FROM sbtest3 WHERE k BETWEEN 5327560 AND 5327660
	Index Only Scan using k_3 on sbtest3  (cost=0.43..6.43 rows=100 width=4)
	  Index Cond: ((k >= 5327560) AND (k <= 5327660))

table 4 : explain SELECT k FROM sbtest4 WHERE k BETWEEN 5327560 AND 5327660
	Index Only Scan using k_4 on sbtest4  (cost=0.43..6.66 rows=111 width=4)
	  Index Cond: ((k >= 5327560) AND (k <= 5327660))

table 5 : explain SELECT k FROM sbtest5 WHERE k BETWEEN 5327560 AND 5327660
	Index Only Scan using k_5 on sbtest5  (cost=0.43..6.50 rows=103 width=4)
	  Index Cond: ((k >= 5327560) AND (k <= 5327660))

table 6 : explain SELECT k FROM sbtest6 WHERE k BETWEEN 5327560 AND 5327660
	Index Only Scan using k_6 on sbtest6  (cost=0.43..6.43 rows=100 width=4)
	  Index Cond: ((k >= 5327560) AND (k <= 5327660))

table 7 : explain SELECT k FROM sbtest7 WHERE k BETWEEN 5327560 AND 5327660
	Index Only Scan using k_7 on sbtest7  (cost=0.43..6.40 rows=98 width=4)
	  Index Cond: ((k >= 5327560) AND (k <= 5327660))

table 8 : explain SELECT k FROM sbtest8 WHERE k BETWEEN 5327560 AND 5327660
	Index Only Scan using k_8 on sbtest8  (cost=0.43..10.47 rows=102 width=4)
	  Index Cond: ((k >= 5327560) AND (k <= 5327660))

for range-covered
table 1 : explain SELECT k FROM sbtest1 WHERE k BETWEEN 2337543 AND 2337643
	Index Only Scan using k_1 on sbtest1  (cost=0.43..6.25 rows=91 width=4)
	  Index Cond: ((k >= 2337543) AND (k <= 2337643))

table 2 : explain SELECT k FROM sbtest2 WHERE k BETWEEN 2337543 AND 2337643
	Index Only Scan using k_2 on sbtest2  (cost=0.43..6.40 rows=98 width=4)
	  Index Cond: ((k >= 2337543) AND (k <= 2337643))

table 3 : explain SELECT k FROM sbtest3 WHERE k BETWEEN 2337543 AND 2337643
	Index Only Scan using k_3 on sbtest3  (cost=0.43..6.66 rows=111 width=4)
	  Index Cond: ((k >= 2337543) AND (k <= 2337643))

table 4 : explain SELECT k FROM sbtest4 WHERE k BETWEEN 2337543 AND 2337643
	Index Only Scan using k_4 on sbtest4  (cost=0.43..6.67 rows=112 width=4)
	  Index Cond: ((k >= 2337543) AND (k <= 2337643))

table 5 : explain SELECT k FROM sbtest5 WHERE k BETWEEN 2337543 AND 2337643
	Index Only Scan using k_5 on sbtest5  (cost=0.43..6.56 rows=106 width=4)
	  Index Cond: ((k >= 2337543) AND (k <= 2337643))

table 6 : explain SELECT k FROM sbtest6 WHERE k BETWEEN 2337543 AND 2337643
	Index Only Scan using k_6 on sbtest6  (cost=0.43..6.27 rows=92 width=4)
	  Index Cond: ((k >= 2337543) AND (k <= 2337643))

table 7 : explain SELECT k FROM sbtest7 WHERE k BETWEEN 2337543 AND 2337643
	Index Only Scan using k_7 on sbtest7  (cost=0.43..6.42 rows=99 width=4)
	  Index Cond: ((k >= 2337543) AND (k <= 2337643))

table 8 : explain SELECT k FROM sbtest8 WHERE k BETWEEN 2337543 AND 2337643
	Index Only Scan using k_8 on sbtest8  (cost=0.43..10.62 rows=109 width=4)
	  Index Cond: ((k >= 2337543) AND (k <= 2337643))

for range-covered
table 1 : explain SELECT k FROM sbtest1 WHERE k BETWEEN 7472274 AND 7472374
	Index Only Scan using k_1 on sbtest1  (cost=0.43..6.24 rows=90 width=4)
	  Index Cond: ((k >= 7472274) AND (k <= 7472374))

table 2 : explain SELECT k FROM sbtest2 WHERE k BETWEEN 7472274 AND 7472374
	Index Only Scan using k_2 on sbtest2  (cost=0.43..6.37 rows=97 width=4)
	  Index Cond: ((k >= 7472274) AND (k <= 7472374))

table 3 : explain SELECT k FROM sbtest3 WHERE k BETWEEN 7472274 AND 7472374
	Index Only Scan using k_3 on sbtest3  (cost=0.43..6.61 rows=109 width=4)
	  Index Cond: ((k >= 7472274) AND (k <= 7472374))

table 4 : explain SELECT k FROM sbtest4 WHERE k BETWEEN 7472274 AND 7472374
	Index Only Scan using k_4 on sbtest4  (cost=0.43..6.45 rows=101 width=4)
	  Index Cond: ((k >= 7472274) AND (k <= 7472374))

table 5 : explain SELECT k FROM sbtest5 WHERE k BETWEEN 7472274 AND 7472374
	Index Only Scan using k_5 on sbtest5  (cost=0.43..6.51 rows=104 width=4)
	  Index Cond: ((k >= 7472274) AND (k <= 7472374))

table 6 : explain SELECT k FROM sbtest6 WHERE k BETWEEN 7472274 AND 7472374
	Index Only Scan using k_6 on sbtest6  (cost=0.43..6.43 rows=100 width=4)
	  Index Cond: ((k >= 7472274) AND (k <= 7472374))

table 7 : explain SELECT k FROM sbtest7 WHERE k BETWEEN 7472274 AND 7472374
	Index Only Scan using k_7 on sbtest7  (cost=0.43..6.47 rows=102 width=4)
	  Index Cond: ((k >= 7472274) AND (k <= 7472374))

table 8 : explain SELECT k FROM sbtest8 WHERE k BETWEEN 7472274 AND 7472374
	Index Only Scan using k_8 on sbtest8  (cost=0.43..10.51 rows=104 width=4)
	  Index Cond: ((k >= 7472274) AND (k <= 7472374))

explain: for range-covered :: explain SELECT k FROM sbtest%d WHERE k BETWEEN 2337543 AND 2337643
explain: for range-covered :: explain SELECT k FROM sbtest%d WHERE k BETWEEN 7472274 AND 7472374
for range-covered
table 1 : explain SELECT k FROM sbtest1 WHERE k BETWEEN 3581827 AND 3581927
	Index Only Scan using k_1 on sbtest1  (cost=0.43..6.29 rows=93 width=4)
	  Index Cond: ((k >= 3581827) AND (k <= 3581927))

table 2 : explain SELECT k FROM sbtest2 WHERE k BETWEEN 3581827 AND 3581927
	Index Only Scan using k_2 on sbtest2  (cost=0.43..6.33 rows=95 width=4)
	  Index Cond: ((k >= 3581827) AND (k <= 3581927))

table 3 : explain SELECT k FROM sbtest3 WHERE k BETWEEN 3581827 AND 3581927
	Index Only Scan using k_3 on sbtest3  (cost=0.43..6.56 rows=106 width=4)
	  Index Cond: ((k >= 3581827) AND (k <= 3581927))

table 4 : explain SELECT k FROM sbtest4 WHERE k BETWEEN 3581827 AND 3581927
	Index Only Scan using k_4 on sbtest4  (cost=0.43..6.40 rows=98 width=4)
	  Index Cond: ((k >= 3581827) AND (k <= 3581927))

table 5 : explain SELECT k FROM sbtest5 WHERE k BETWEEN 3581827 AND 3581927
	Index Only Scan using k_5 on sbtest5  (cost=0.43..6.56 rows=106 width=4)
	  Index Cond: ((k >= 3581827) AND (k <= 3581927))

table 6 : explain SELECT k FROM sbtest6 WHERE k BETWEEN 3581827 AND 3581927
	Index Only Scan using k_6 on sbtest6  (cost=0.43..6.63 rows=110 width=4)
	  Index Cond: ((k >= 3581827) AND (k <= 3581927))

table 7 : explain SELECT k FROM sbtest7 WHERE k BETWEEN 3581827 AND 3581927
	Index Only Scan using k_7 on sbtest7  (cost=0.43..6.58 rows=107 width=4)
	  Index Cond: ((k >= 3581827) AND (k <= 3581927))

table 8 : explain SELECT k FROM sbtest8 WHERE k BETWEEN 3581827 AND 3581927
	Index Only Scan using k_8 on sbtest8  (cost=0.43..10.44 rows=100 width=4)
	  Index Cond: ((k >= 3581827) AND (k <= 3581927))

for range-covered
table 1 : explain SELECT k FROM sbtest1 WHERE k BETWEEN 7753178 AND 7753278
	Index Only Scan using k_1 on sbtest1  (cost=0.43..6.32 rows=94 width=4)
	  Index Cond: ((k >= 7753178) AND (k <= 7753278))

table 2 : explain SELECT k FROM sbtest2 WHERE k BETWEEN 7753178 AND 7753278
	Index Only Scan using k_2 on sbtest2  (cost=0.43..6.45 rows=101 width=4)
	  Index Cond: ((k >= 7753178) AND (k <= 7753278))

table 3 : explain SELECT k FROM sbtest3 WHERE k BETWEEN 7753178 AND 7753278
	Index Only Scan using k_3 on sbtest3  (cost=0.43..6.33 rows=95 width=4)
	  Index Cond: ((k >= 7753178) AND (k <= 7753278))

table 4 : explain SELECT k FROM sbtest4 WHERE k BETWEEN 7753178 AND 7753278
	Index Only Scan using k_4 on sbtest4  (cost=0.43..6.43 rows=100 width=4)
	  Index Cond: ((k >= 7753178) AND (k <= 7753278))

table 5 : explain SELECT k FROM sbtest5 WHERE k BETWEEN 7753178 AND 7753278
	Index Only Scan using k_5 on sbtest5  (cost=0.43..6.45 rows=101 width=4)
	  Index Cond: ((k >= 7753178) AND (k <= 7753278))

table 6 : explain SELECT k FROM sbtest6 WHERE k BETWEEN 7753178 AND 7753278
	Index Only Scan using k_6 on sbtest6  (cost=0.43..6.40 rows=98 width=4)
	  Index Cond: ((k >= 7753178) AND (k <= 7753278))

table 7 : explain SELECT k FROM sbtest7 WHERE k BETWEEN 7753178 AND 7753278
	Index Only Scan using k_7 on sbtest7  (cost=0.43..6.51 rows=104 width=4)
	  Index Cond: ((k >= 7753178) AND (k <= 7753278))

table 8 : explain SELECT k FROM sbtest8 WHERE k BETWEEN 7753178 AND 7753278
	Index Only Scan using k_8 on sbtest8  (cost=0.43..10.47 rows=102 width=4)
	  Index Cond: ((k >= 7753178) AND (k <= 7753278))

explain: for range-covered :: explain SELECT k FROM sbtest%d WHERE k BETWEEN 7753178 AND 7753278
explain: for range-covered :: explain SELECT k FROM sbtest%d WHERE k BETWEEN 5327560 AND 5327660
for range-covered
table 1 : explain SELECT k FROM sbtest1 WHERE k BETWEEN 4262042 AND 4262142
	Index Only Scan using k_1 on sbtest1  (cost=0.43..6.53 rows=105 width=4)
	  Index Cond: ((k >= 4262042) AND (k <= 4262142))

table 2 : explain SELECT k FROM sbtest2 WHERE k BETWEEN 4262042 AND 4262142
	Index Only Scan using k_2 on sbtest2  (cost=0.43..6.42 rows=99 width=4)
	  Index Cond: ((k >= 4262042) AND (k <= 4262142))

table 3 : explain SELECT k FROM sbtest3 WHERE k BETWEEN 4262042 AND 4262142
	Index Only Scan using k_3 on sbtest3  (cost=0.43..6.66 rows=111 width=4)
	  Index Cond: ((k >= 4262042) AND (k <= 4262142))

table 4 : explain SELECT k FROM sbtest4 WHERE k BETWEEN 4262042 AND 4262142
	Index Only Scan using k_4 on sbtest4  (cost=0.43..6.66 rows=111 width=4)
	  Index Cond: ((k >= 4262042) AND (k <= 4262142))

table 5 : explain SELECT k FROM sbtest5 WHERE k BETWEEN 4262042 AND 4262142
	Index Only Scan using k_5 on sbtest5  (cost=0.43..6.58 rows=107 width=4)
	  Index Cond: ((k >= 4262042) AND (k <= 4262142))

table 6 : explain SELECT k FROM sbtest6 WHERE k BETWEEN 4262042 AND 4262142
	Index Only Scan using k_6 on sbtest6  (cost=0.43..6.35 rows=96 width=4)
	  Index Cond: ((k >= 4262042) AND (k <= 4262142))

table 7 : explain SELECT k FROM sbtest7 WHERE k BETWEEN 4262042 AND 4262142
	Index Only Scan using k_7 on sbtest7  (cost=0.43..6.45 rows=101 width=4)
	  Index Cond: ((k >= 4262042) AND (k <= 4262142))

table 8 : explain SELECT k FROM sbtest8 WHERE k BETWEEN 4262042 AND 4262142
	Index Only Scan using k_8 on sbtest8  (cost=0.43..10.58 rows=107 width=4)
	  Index Cond: ((k >= 4262042) AND (k <= 4262142))

explain: for range-covered :: explain SELECT k FROM sbtest%d WHERE k BETWEEN 4262042 AND 4262142
for range-covered
table 1 : explain SELECT k FROM sbtest1 WHERE k BETWEEN 7472274 AND 7472374
	Index Only Scan using k_1 on sbtest1  (cost=0.43..6.24 rows=90 width=4)
	  Index Cond: ((k >= 7472274) AND (k <= 7472374))

table 2 : explain SELECT k FROM sbtest2 WHERE k BETWEEN 7472274 AND 7472374
	Index Only Scan using k_2 on sbtest2  (cost=0.43..6.37 rows=97 width=4)
	  Index Cond: ((k >= 7472274) AND (k <= 7472374))

table 3 : explain SELECT k FROM sbtest3 WHERE k BETWEEN 7472274 AND 7472374
	Index Only Scan using k_3 on sbtest3  (cost=0.43..6.61 rows=109 width=4)
	  Index Cond: ((k >= 7472274) AND (k <= 7472374))

table 4 : explain SELECT k FROM sbtest4 WHERE k BETWEEN 7472274 AND 7472374
	Index Only Scan using k_4 on sbtest4  (cost=0.43..6.45 rows=101 width=4)
	  Index Cond: ((k >= 7472274) AND (k <= 7472374))

table 5 : explain SELECT k FROM sbtest5 WHERE k BETWEEN 7472274 AND 7472374
	Index Only Scan using k_5 on sbtest5  (cost=0.43..6.51 rows=104 width=4)
	  Index Cond: ((k >= 7472274) AND (k <= 7472374))

table 6 : explain SELECT k FROM sbtest6 WHERE k BETWEEN 7472274 AND 7472374
	Index Only Scan using k_6 on sbtest6  (cost=0.43..6.43 rows=100 width=4)
	  Index Cond: ((k >= 7472274) AND (k <= 7472374))

table 7 : explain SELECT k FROM sbtest7 WHERE k BETWEEN 7472274 AND 7472374
	Index Only Scan using k_7 on sbtest7  (cost=0.43..6.47 rows=102 width=4)
	  Index Cond: ((k >= 7472274) AND (k <= 7472374))

table 8 : explain SELECT k FROM sbtest8 WHERE k BETWEEN 7472274 AND 7472374
	Index Only Scan using k_8 on sbtest8  (cost=0.43..10.51 rows=104 width=4)
	  Index Cond: ((k >= 7472274) AND (k <= 7472374))

for range-covered
table 1 : explain SELECT k FROM sbtest1 WHERE k BETWEEN 2337543 AND 2337643
	Index Only Scan using k_1 on sbtest1  (cost=0.43..6.25 rows=91 width=4)
	  Index Cond: ((k >= 2337543) AND (k <= 2337643))

table 2 : explain SELECT k FROM sbtest2 WHERE k BETWEEN 2337543 AND 2337643
	Index Only Scan using k_2 on sbtest2  (cost=0.43..6.40 rows=98 width=4)
	  Index Cond: ((k >= 2337543) AND (k <= 2337643))

table 3 : explain SELECT k FROM sbtest3 WHERE k BETWEEN 2337543 AND 2337643
	Index Only Scan using k_3 on sbtest3  (cost=0.43..6.66 rows=111 width=4)
	  Index Cond: ((k >= 2337543) AND (k <= 2337643))

table 4 : explain SELECT k FROM sbtest4 WHERE k BETWEEN 2337543 AND 2337643
	Index Only Scan using k_4 on sbtest4  (cost=0.43..6.67 rows=112 width=4)
	  Index Cond: ((k >= 2337543) AND (k <= 2337643))

table 5 : explain SELECT k FROM sbtest5 WHERE k BETWEEN 2337543 AND 2337643
	Index Only Scan using k_5 on sbtest5  (cost=0.43..6.56 rows=106 width=4)
	  Index Cond: ((k >= 2337543) AND (k <= 2337643))

table 6 : explain SELECT k FROM sbtest6 WHERE k BETWEEN 2337543 AND 2337643
	Index Only Scan using k_6 on sbtest6  (cost=0.43..6.27 rows=92 width=4)
	  Index Cond: ((k >= 2337543) AND (k <= 2337643))

table 7 : explain SELECT k FROM sbtest7 WHERE k BETWEEN 2337543 AND 2337643
	Index Only Scan using k_7 on sbtest7  (cost=0.43..6.42 rows=99 width=4)
	  Index Cond: ((k >= 2337543) AND (k <= 2337643))

table 8 : explain SELECT k FROM sbtest8 WHERE k BETWEEN 2337543 AND 2337643
	Index Only Scan using k_8 on sbtest8  (cost=0.43..10.62 rows=109 width=4)
	  Index Cond: ((k >= 2337543) AND (k <= 2337643))

explain: for range-covered :: explain SELECT k FROM sbtest%d WHERE k BETWEEN 7472274 AND 7472374
explain: for range-covered :: explain SELECT k FROM sbtest%d WHERE k BETWEEN 2337543 AND 2337643
for range-covered
table 1 : explain SELECT k FROM sbtest1 WHERE k BETWEEN 7753178 AND 7753278
	Index Only Scan using k_1 on sbtest1  (cost=0.43..6.32 rows=94 width=4)
	  Index Cond: ((k >= 7753178) AND (k <= 7753278))

table 2 : explain SELECT k FROM sbtest2 WHERE k BETWEEN 7753178 AND 7753278
	Index Only Scan using k_2 on sbtest2  (cost=0.43..6.45 rows=101 width=4)
	  Index Cond: ((k >= 7753178) AND (k <= 7753278))

table 3 : explain SELECT k FROM sbtest3 WHERE k BETWEEN 7753178 AND 7753278
	Index Only Scan using k_3 on sbtest3  (cost=0.43..6.33 rows=95 width=4)
	  Index Cond: ((k >= 7753178) AND (k <= 7753278))

table 4 : explain SELECT k FROM sbtest4 WHERE k BETWEEN 7753178 AND 7753278
	Index Only Scan using k_4 on sbtest4  (cost=0.43..6.43 rows=100 width=4)
	  Index Cond: ((k >= 7753178) AND (k <= 7753278))

table 5 : explain SELECT k FROM sbtest5 WHERE k BETWEEN 7753178 AND 7753278
	Index Only Scan using k_5 on sbtest5  (cost=0.43..6.45 rows=101 width=4)
	  Index Cond: ((k >= 7753178) AND (k <= 7753278))

table 6 : explain SELECT k FROM sbtest6 WHERE k BETWEEN 7753178 AND 7753278
	Index Only Scan using k_6 on sbtest6  (cost=0.43..6.40 rows=98 width=4)
	  Index Cond: ((k >= 7753178) AND (k <= 7753278))

table 7 : explain SELECT k FROM sbtest7 WHERE k BETWEEN 7753178 AND 7753278
	Index Only Scan using k_7 on sbtest7  (cost=0.43..6.51 rows=104 width=4)
	  Index Cond: ((k >= 7753178) AND (k <= 7753278))

table 8 : explain SELECT k FROM sbtest8 WHERE k BETWEEN 7753178 AND 7753278
	Index Only Scan using k_8 on sbtest8  (cost=0.43..10.47 rows=102 width=4)
	  Index Cond: ((k >= 7753178) AND (k <= 7753278))

explain: for range-covered :: explain SELECT k FROM sbtest%d WHERE k BETWEEN 3581827 AND 3581927
for range-covered
table 1 : explain SELECT k FROM sbtest1 WHERE k BETWEEN 4971124 AND 4971224
	Index Only Scan using k_1 on sbtest1  (cost=0.43..6.37 rows=97 width=4)
	  Index Cond: ((k >= 4971124) AND (k <= 4971224))

table 2 : explain SELECT k FROM sbtest2 WHERE k BETWEEN 4971124 AND 4971224
	Index Only Scan using k_2 on sbtest2  (cost=0.43..6.66 rows=111 width=4)
	  Index Cond: ((k >= 4971124) AND (k <= 4971224))

table 3 : explain SELECT k FROM sbtest3 WHERE k BETWEEN 4971124 AND 4971224
	Index Only Scan using k_3 on sbtest3  (cost=0.43..6.43 rows=100 width=4)
	  Index Cond: ((k >= 4971124) AND (k <= 4971224))

table 4 : explain SELECT k FROM sbtest4 WHERE k BETWEEN 4971124 AND 4971224
	Index Only Scan using k_4 on sbtest4  (cost=0.43..6.47 rows=102 width=4)
	  Index Cond: ((k >= 4971124) AND (k <= 4971224))

table 5 : explain SELECT k FROM sbtest5 WHERE k BETWEEN 4971124 AND 4971224
	Index Only Scan using k_5 on sbtest5  (cost=0.43..6.42 rows=99 width=4)
	  Index Cond: ((k >= 4971124) AND (k <= 4971224))

table 6 : explain SELECT k FROM sbtest6 WHERE k BETWEEN 4971124 AND 4971224
	Index Only Scan using k_6 on sbtest6  (cost=0.43..6.50 rows=103 width=4)
	  Index Cond: ((k >= 4971124) AND (k <= 4971224))

table 7 : explain SELECT k FROM sbtest7 WHERE k BETWEEN 4971124 AND 4971224
	Index Only Scan using k_7 on sbtest7  (cost=0.43..6.35 rows=96 width=4)
	  Index Cond: ((k >= 4971124) AND (k <= 4971224))

table 8 : explain SELECT k FROM sbtest8 WHERE k BETWEEN 4971124 AND 4971224
	Index Only Scan using k_8 on sbtest8  (cost=0.43..10.29 rows=93 width=4)
	  Index Cond: ((k >= 4971124) AND (k <= 4971224))

explain: for range-covered :: explain SELECT k FROM sbtest%d WHERE k BETWEEN 7753178 AND 7753278
explain: for range-covered :: explain SELECT k FROM sbtest%d WHERE k BETWEEN 4971124 AND 4971224
explain: for range-covered :: explain SELECT k FROM sbtest%d WHERE k BETWEEN 9250707 AND 9250807
for range-covered
table 1 : explain SELECT k FROM sbtest1 WHERE k BETWEEN 7472274 AND 7472374
	Index Only Scan using k_1 on sbtest1  (cost=0.43..6.24 rows=90 width=4)
	  Index Cond: ((k >= 7472274) AND (k <= 7472374))

table 2 : explain SELECT k FROM sbtest2 WHERE k BETWEEN 7472274 AND 7472374
	Index Only Scan using k_2 on sbtest2  (cost=0.43..6.37 rows=97 width=4)
	  Index Cond: ((k >= 7472274) AND (k <= 7472374))

table 3 : explain SELECT k FROM sbtest3 WHERE k BETWEEN 7472274 AND 7472374
	Index Only Scan using k_3 on sbtest3  (cost=0.43..6.61 rows=109 width=4)
	  Index Cond: ((k >= 7472274) AND (k <= 7472374))

table 4 : explain SELECT k FROM sbtest4 WHERE k BETWEEN 7472274 AND 7472374
	Index Only Scan using k_4 on sbtest4  (cost=0.43..6.45 rows=101 width=4)
	  Index Cond: ((k >= 7472274) AND (k <= 7472374))

table 5 : explain SELECT k FROM sbtest5 WHERE k BETWEEN 7472274 AND 7472374
	Index Only Scan using k_5 on sbtest5  (cost=0.43..6.51 rows=104 width=4)
	  Index Cond: ((k >= 7472274) AND (k <= 7472374))

table 6 : explain SELECT k FROM sbtest6 WHERE k BETWEEN 7472274 AND 7472374
	Index Only Scan using k_6 on sbtest6  (cost=0.43..6.43 rows=100 width=4)
	  Index Cond: ((k >= 7472274) AND (k <= 7472374))

table 7 : explain SELECT k FROM sbtest7 WHERE k BETWEEN 7472274 AND 7472374
	Index Only Scan using k_7 on sbtest7  (cost=0.43..6.47 rows=102 width=4)
	  Index Cond: ((k >= 7472274) AND (k <= 7472374))

table 8 : explain SELECT k FROM sbtest8 WHERE k BETWEEN 7472274 AND 7472374
	Index Only Scan using k_8 on sbtest8  (cost=0.43..10.51 rows=104 width=4)
	  Index Cond: ((k >= 7472274) AND (k <= 7472374))

for range-covered
table 1 : explain SELECT k FROM sbtest1 WHERE k BETWEEN 2337543 AND 2337643
	Index Only Scan using k_1 on sbtest1  (cost=0.43..6.25 rows=91 width=4)
	  Index Cond: ((k >= 2337543) AND (k <= 2337643))

table 2 : explain SELECT k FROM sbtest2 WHERE k BETWEEN 2337543 AND 2337643
	Index Only Scan using k_2 on sbtest2  (cost=0.43..6.40 rows=98 width=4)
	  Index Cond: ((k >= 2337543) AND (k <= 2337643))

table 3 : explain SELECT k FROM sbtest3 WHERE k BETWEEN 2337543 AND 2337643
	Index Only Scan using k_3 on sbtest3  (cost=0.43..6.66 rows=111 width=4)
	  Index Cond: ((k >= 2337543) AND (k <= 2337643))

table 4 : explain SELECT k FROM sbtest4 WHERE k BETWEEN 2337543 AND 2337643
	Index Only Scan using k_4 on sbtest4  (cost=0.43..6.67 rows=112 width=4)
	  Index Cond: ((k >= 2337543) AND (k <= 2337643))

table 5 : explain SELECT k FROM sbtest5 WHERE k BETWEEN 2337543 AND 2337643
	Index Only Scan using k_5 on sbtest5  (cost=0.43..6.56 rows=106 width=4)
	  Index Cond: ((k >= 2337543) AND (k <= 2337643))

table 6 : explain SELECT k FROM sbtest6 WHERE k BETWEEN 2337543 AND 2337643
	Index Only Scan using k_6 on sbtest6  (cost=0.43..6.27 rows=92 width=4)
	  Index Cond: ((k >= 2337543) AND (k <= 2337643))

table 7 : explain SELECT k FROM sbtest7 WHERE k BETWEEN 2337543 AND 2337643
	Index Only Scan using k_7 on sbtest7  (cost=0.43..6.42 rows=99 width=4)
	  Index Cond: ((k >= 2337543) AND (k <= 2337643))

table 8 : explain SELECT k FROM sbtest8 WHERE k BETWEEN 2337543 AND 2337643
	Index Only Scan using k_8 on sbtest8  (cost=0.43..10.62 rows=109 width=4)
	  Index Cond: ((k >= 2337543) AND (k <= 2337643))

explain: for range-covered :: explain SELECT k FROM sbtest%d WHERE k BETWEEN 7472274 AND 7472374
explain: for range-covered :: explain SELECT k FROM sbtest%d WHERE k BETWEEN 3900441 AND 3900541
explain: for range-covered :: explain SELECT k FROM sbtest%d WHERE k BETWEEN 2337543 AND 2337643
for range-covered
table 1 : explain SELECT k FROM sbtest1 WHERE k BETWEEN 7753178 AND 7753278
	Index Only Scan using k_1 on sbtest1  (cost=0.43..6.32 rows=94 width=4)
	  Index Cond: ((k >= 7753178) AND (k <= 7753278))

table 2 : explain SELECT k FROM sbtest2 WHERE k BETWEEN 7753178 AND 7753278
	Index Only Scan using k_2 on sbtest2  (cost=0.43..6.45 rows=101 width=4)
	  Index Cond: ((k >= 7753178) AND (k <= 7753278))

table 3 : explain SELECT k FROM sbtest3 WHERE k BETWEEN 7753178 AND 7753278
	Index Only Scan using k_3 on sbtest3  (cost=0.43..6.33 rows=95 width=4)
	  Index Cond: ((k >= 7753178) AND (k <= 7753278))

table 4 : explain SELECT k FROM sbtest4 WHERE k BETWEEN 7753178 AND 7753278
	Index Only Scan using k_4 on sbtest4  (cost=0.43..6.43 rows=100 width=4)
	  Index Cond: ((k >= 7753178) AND (k <= 7753278))

table 5 : explain SELECT k FROM sbtest5 WHERE k BETWEEN 7753178 AND 7753278
	Index Only Scan using k_5 on sbtest5  (cost=0.43..6.45 rows=101 width=4)
	  Index Cond: ((k >= 7753178) AND (k <= 7753278))

table 6 : explain SELECT k FROM sbtest6 WHERE k BETWEEN 7753178 AND 7753278
	Index Only Scan using k_6 on sbtest6  (cost=0.43..6.40 rows=98 width=4)
	  Index Cond: ((k >= 7753178) AND (k <= 7753278))

table 7 : explain SELECT k FROM sbtest7 WHERE k BETWEEN 7753178 AND 7753278
	Index Only Scan using k_7 on sbtest7  (cost=0.43..6.51 rows=104 width=4)
	  Index Cond: ((k >= 7753178) AND (k <= 7753278))

table 8 : explain SELECT k FROM sbtest8 WHERE k BETWEEN 7753178 AND 7753278
	Index Only Scan using k_8 on sbtest8  (cost=0.43..10.47 rows=102 width=4)
	  Index Cond: ((k >= 7753178) AND (k <= 7753278))

explain: for range-covered :: explain SELECT k FROM sbtest%d WHERE k BETWEEN 4232908 AND 4233008
for range-covered
table 1 : explain SELECT k FROM sbtest1 WHERE k BETWEEN 4971124 AND 4971224
	Index Only Scan using k_1 on sbtest1  (cost=0.43..6.37 rows=97 width=4)
	  Index Cond: ((k >= 4971124) AND (k <= 4971224))

table 2 : explain SELECT k FROM sbtest2 WHERE k BETWEEN 4971124 AND 4971224
	Index Only Scan using k_2 on sbtest2  (cost=0.43..6.66 rows=111 width=4)
	  Index Cond: ((k >= 4971124) AND (k <= 4971224))

table 3 : explain SELECT k FROM sbtest3 WHERE k BETWEEN 4971124 AND 4971224
	Index Only Scan using k_3 on sbtest3  (cost=0.43..6.43 rows=100 width=4)
	  Index Cond: ((k >= 4971124) AND (k <= 4971224))

table 4 : explain SELECT k FROM sbtest4 WHERE k BETWEEN 4971124 AND 4971224
	Index Only Scan using k_4 on sbtest4  (cost=0.43..6.47 rows=102 width=4)
	  Index Cond: ((k >= 4971124) AND (k <= 4971224))

table 5 : explain SELECT k FROM sbtest5 WHERE k BETWEEN 4971124 AND 4971224
	Index Only Scan using k_5 on sbtest5  (cost=0.43..6.42 rows=99 width=4)
	  Index Cond: ((k >= 4971124) AND (k <= 4971224))

table 6 : explain SELECT k FROM sbtest6 WHERE k BETWEEN 4971124 AND 4971224
	Index Only Scan using k_6 on sbtest6  (cost=0.43..6.50 rows=103 width=4)
	  Index Cond: ((k >= 4971124) AND (k <= 4971224))

table 7 : explain SELECT k FROM sbtest7 WHERE k BETWEEN 4971124 AND 4971224
	Index Only Scan using k_7 on sbtest7  (cost=0.43..6.35 rows=96 width=4)
	  Index Cond: ((k >= 4971124) AND (k <= 4971224))

table 8 : explain SELECT k FROM sbtest8 WHERE k BETWEEN 4971124 AND 4971224
	Index Only Scan using k_8 on sbtest8  (cost=0.43..10.29 rows=93 width=4)
	  Index Cond: ((k >= 4971124) AND (k <= 4971224))

explain: for range-covered :: explain SELECT k FROM sbtest%d WHERE k BETWEEN 4971124 AND 4971224
for range-covered
table 1 : explain SELECT k FROM sbtest1 WHERE k BETWEEN 9740553 AND 9740653
	Index Only Scan using k_1 on sbtest1  (cost=0.43..6.61 rows=109 width=4)
	  Index Cond: ((k >= 9740553) AND (k <= 9740653))

table 2 : explain SELECT k FROM sbtest2 WHERE k BETWEEN 9740553 AND 9740653
	Index Only Scan using k_2 on sbtest2  (cost=0.43..6.56 rows=106 width=4)
	  Index Cond: ((k >= 9740553) AND (k <= 9740653))

table 3 : explain SELECT k FROM sbtest3 WHERE k BETWEEN 9740553 AND 9740653
	Index Only Scan using k_3 on sbtest3  (cost=0.43..6.74 rows=115 width=4)
	  Index Cond: ((k >= 9740553) AND (k <= 9740653))

table 4 : explain SELECT k FROM sbtest4 WHERE k BETWEEN 9740553 AND 9740653
	Index Only Scan using k_4 on sbtest4  (cost=0.43..6.50 rows=103 width=4)
	  Index Cond: ((k >= 9740553) AND (k <= 9740653))

table 5 : explain SELECT k FROM sbtest5 WHERE k BETWEEN 9740553 AND 9740653
	Index Only Scan using k_5 on sbtest5  (cost=0.43..6.63 rows=110 width=4)
	  Index Cond: ((k >= 9740553) AND (k <= 9740653))

table 6 : explain SELECT k FROM sbtest6 WHERE k BETWEEN 9740553 AND 9740653
	Index Only Scan using k_6 on sbtest6  (cost=0.43..6.40 rows=98 width=4)
	  Index Cond: ((k >= 9740553) AND (k <= 9740653))

table 7 : explain SELECT k FROM sbtest7 WHERE k BETWEEN 9740553 AND 9740653
	Index Only Scan using k_7 on sbtest7  (cost=0.43..6.56 rows=106 width=4)
	  Index Cond: ((k >= 9740553) AND (k <= 9740653))

table 8 : explain SELECT k FROM sbtest8 WHERE k BETWEEN 9740553 AND 9740653
	Index Only Scan using k_8 on sbtest8  (cost=0.43..10.50 rows=103 width=4)
	  Index Cond: ((k >= 9740553) AND (k <= 9740653))

explain: for range-covered :: explain SELECT k FROM sbtest%d WHERE k BETWEEN 9740553 AND 9740653
for range-covered
table 1 : explain SELECT k FROM sbtest1 WHERE k BETWEEN 7472274 AND 7472374
	Index Only Scan using k_1 on sbtest1  (cost=0.43..6.24 rows=90 width=4)
	  Index Cond: ((k >= 7472274) AND (k <= 7472374))

table 2 : explain SELECT k FROM sbtest2 WHERE k BETWEEN 7472274 AND 7472374
	Index Only Scan using k_2 on sbtest2  (cost=0.43..6.37 rows=97 width=4)
	  Index Cond: ((k >= 7472274) AND (k <= 7472374))

table 3 : explain SELECT k FROM sbtest3 WHERE k BETWEEN 7472274 AND 7472374
	Index Only Scan using k_3 on sbtest3  (cost=0.43..6.61 rows=109 width=4)
	  Index Cond: ((k >= 7472274) AND (k <= 7472374))

table 4 : explain SELECT k FROM sbtest4 WHERE k BETWEEN 7472274 AND 7472374
	Index Only Scan using k_4 on sbtest4  (cost=0.43..6.45 rows=101 width=4)
	  Index Cond: ((k >= 7472274) AND (k <= 7472374))

table 5 : explain SELECT k FROM sbtest5 WHERE k BETWEEN 7472274 AND 7472374
	Index Only Scan using k_5 on sbtest5  (cost=0.43..6.51 rows=104 width=4)
	  Index Cond: ((k >= 7472274) AND (k <= 7472374))

table 6 : explain SELECT k FROM sbtest6 WHERE k BETWEEN 7472274 AND 7472374
	Index Only Scan using k_6 on sbtest6  (cost=0.43..6.43 rows=100 width=4)
	  Index Cond: ((k >= 7472274) AND (k <= 7472374))

table 7 : explain SELECT k FROM sbtest7 WHERE k BETWEEN 7472274 AND 7472374
	Index Only Scan using k_7 on sbtest7  (cost=0.43..6.47 rows=102 width=4)
	  Index Cond: ((k >= 7472274) AND (k <= 7472374))

table 8 : explain SELECT k FROM sbtest8 WHERE k BETWEEN 7472274 AND 7472374
	Index Only Scan using k_8 on sbtest8  (cost=0.43..10.51 rows=104 width=4)
	  Index Cond: ((k >= 7472274) AND (k <= 7472374))

for range-covered
table 1 : explain SELECT k FROM sbtest1 WHERE k BETWEEN 5327560 AND 5327660
	Index Only Scan using k_1 on sbtest1  (cost=0.43..6.53 rows=105 width=4)
	  Index Cond: ((k >= 5327560) AND (k <= 5327660))

table 2 : explain SELECT k FROM sbtest2 WHERE k BETWEEN 5327560 AND 5327660
	Index Only Scan using k_2 on sbtest2  (cost=0.43..6.43 rows=100 width=4)
	  Index Cond: ((k >= 5327560) AND (k <= 5327660))

table 3 : explain SELECT k FROM sbtest3 WHERE k BETWEEN 5327560 AND 5327660
	Index Only Scan using k_3 on sbtest3  (cost=0.43..6.43 rows=100 width=4)
	  Index Cond: ((k >= 5327560) AND (k <= 5327660))

table 4 : explain SELECT k FROM sbtest4 WHERE k BETWEEN 5327560 AND 5327660
	Index Only Scan using k_4 on sbtest4  (cost=0.43..6.66 rows=111 width=4)
	  Index Cond: ((k >= 5327560) AND (k <= 5327660))

table 5 : explain SELECT k FROM sbtest5 WHERE k BETWEEN 5327560 AND 5327660
	Index Only Scan using k_5 on sbtest5  (cost=0.43..6.50 rows=103 width=4)
	  Index Cond: ((k >= 5327560) AND (k <= 5327660))

table 6 : explain SELECT k FROM sbtest6 WHERE k BETWEEN 5327560 AND 5327660
	Index Only Scan using k_6 on sbtest6  (cost=0.43..6.43 rows=100 width=4)
	  Index Cond: ((k >= 5327560) AND (k <= 5327660))

table 7 : explain SELECT k FROM sbtest7 WHERE k BETWEEN 5327560 AND 5327660
	Index Only Scan using k_7 on sbtest7  (cost=0.43..6.40 rows=98 width=4)
	  Index Cond: ((k >= 5327560) AND (k <= 5327660))

table 8 : explain SELECT k FROM sbtest8 WHERE k BETWEEN 5327560 AND 5327660
	Index Only Scan using k_8 on sbtest8  (cost=0.43..10.47 rows=102 width=4)
	  Index Cond: ((k >= 5327560) AND (k <= 5327660))

explain: for range-covered :: explain SELECT k FROM sbtest%d WHERE k BETWEEN 5327560 AND 5327660
for range-covered
table 1 : explain SELECT k FROM sbtest1 WHERE k BETWEEN 4971124 AND 4971224
	Index Only Scan using k_1 on sbtest1  (cost=0.43..6.37 rows=97 width=4)
	  Index Cond: ((k >= 4971124) AND (k <= 4971224))

table 2 : explain SELECT k FROM sbtest2 WHERE k BETWEEN 4971124 AND 4971224
	Index Only Scan using k_2 on sbtest2  (cost=0.43..6.66 rows=111 width=4)
	  Index Cond: ((k >= 4971124) AND (k <= 4971224))

table 3 : explain SELECT k FROM sbtest3 WHERE k BETWEEN 4971124 AND 4971224
	Index Only Scan using k_3 on sbtest3  (cost=0.43..6.43 rows=100 width=4)
	  Index Cond: ((k >= 4971124) AND (k <= 4971224))

table 4 : explain SELECT k FROM sbtest4 WHERE k BETWEEN 4971124 AND 4971224
	Index Only Scan using k_4 on sbtest4  (cost=0.43..6.47 rows=102 width=4)
	  Index Cond: ((k >= 4971124) AND (k <= 4971224))

table 5 : explain SELECT k FROM sbtest5 WHERE k BETWEEN 4971124 AND 4971224
	Index Only Scan using k_5 on sbtest5  (cost=0.43..6.42 rows=99 width=4)
	  Index Cond: ((k >= 4971124) AND (k <= 4971224))

table 6 : explain SELECT k FROM sbtest6 WHERE k BETWEEN 4971124 AND 4971224
	Index Only Scan using k_6 on sbtest6  (cost=0.43..6.50 rows=103 width=4)
	  Index Cond: ((k >= 4971124) AND (k <= 4971224))

table 7 : explain SELECT k FROM sbtest7 WHERE k BETWEEN 4971124 AND 4971224
	Index Only Scan using k_7 on sbtest7  (cost=0.43..6.35 rows=96 width=4)
	  Index Cond: ((k >= 4971124) AND (k <= 4971224))

table 8 : explain SELECT k FROM sbtest8 WHERE k BETWEEN 4971124 AND 4971224
	Index Only Scan using k_8 on sbtest8  (cost=0.43..10.29 rows=93 width=4)
	  Index Cond: ((k >= 4971124) AND (k <= 4971224))

for range-covered
table 1 : explain SELECT k FROM sbtest1 WHERE k BETWEEN 4262042 AND 4262142
	Index Only Scan using k_1 on sbtest1  (cost=0.43..6.53 rows=105 width=4)
	  Index Cond: ((k >= 4262042) AND (k <= 4262142))

table 2 : explain SELECT k FROM sbtest2 WHERE k BETWEEN 4262042 AND 4262142
	Index Only Scan using k_2 on sbtest2  (cost=0.43..6.42 rows=99 width=4)
	  Index Cond: ((k >= 4262042) AND (k <= 4262142))

table 3 : explain SELECT k FROM sbtest3 WHERE k BETWEEN 4262042 AND 4262142
	Index Only Scan using k_3 on sbtest3  (cost=0.43..6.66 rows=111 width=4)
	  Index Cond: ((k >= 4262042) AND (k <= 4262142))

table 4 : explain SELECT k FROM sbtest4 WHERE k BETWEEN 4262042 AND 4262142
	Index Only Scan using k_4 on sbtest4  (cost=0.43..6.66 rows=111 width=4)
	  Index Cond: ((k >= 4262042) AND (k <= 4262142))

table 5 : explain SELECT k FROM sbtest5 WHERE k BETWEEN 4262042 AND 4262142
	Index Only Scan using k_5 on sbtest5  (cost=0.43..6.58 rows=107 width=4)
	  Index Cond: ((k >= 4262042) AND (k <= 4262142))

table 6 : explain SELECT k FROM sbtest6 WHERE k BETWEEN 4262042 AND 4262142
	Index Only Scan using k_6 on sbtest6  (cost=0.43..6.35 rows=96 width=4)
	  Index Cond: ((k >= 4262042) AND (k <= 4262142))

table 7 : explain SELECT k FROM sbtest7 WHERE k BETWEEN 4262042 AND 4262142
	Index Only Scan using k_7 on sbtest7  (cost=0.43..6.45 rows=101 width=4)
	  Index Cond: ((k >= 4262042) AND (k <= 4262142))

table 8 : explain SELECT k FROM sbtest8 WHERE k BETWEEN 4262042 AND 4262142
	Index Only Scan using k_8 on sbtest8  (cost=0.43..10.58 rows=107 width=4)
	  Index Cond: ((k >= 4262042) AND (k <= 4262142))

explain: for range-covered :: explain SELECT k FROM sbtest%d WHERE k BETWEEN 4262042 AND 4262142
for range-covered
table 1 : explain SELECT k FROM sbtest1 WHERE k BETWEEN 9740553 AND 9740653
	Index Only Scan using k_1 on sbtest1  (cost=0.43..6.61 rows=109 width=4)
	  Index Cond: ((k >= 9740553) AND (k <= 9740653))

table 2 : explain SELECT k FROM sbtest2 WHERE k BETWEEN 9740553 AND 9740653
	Index Only Scan using k_2 on sbtest2  (cost=0.43..6.56 rows=106 width=4)
	  Index Cond: ((k >= 9740553) AND (k <= 9740653))

table 3 : explain SELECT k FROM sbtest3 WHERE k BETWEEN 9740553 AND 9740653
	Index Only Scan using k_3 on sbtest3  (cost=0.43..6.74 rows=115 width=4)
	  Index Cond: ((k >= 9740553) AND (k <= 9740653))

table 4 : explain SELECT k FROM sbtest4 WHERE k BETWEEN 9740553 AND 9740653
	Index Only Scan using k_4 on sbtest4  (cost=0.43..6.50 rows=103 width=4)
	  Index Cond: ((k >= 9740553) AND (k <= 9740653))

table 5 : explain SELECT k FROM sbtest5 WHERE k BETWEEN 9740553 AND 9740653
	Index Only Scan using k_5 on sbtest5  (cost=0.43..6.63 rows=110 width=4)
	  Index Cond: ((k >= 9740553) AND (k <= 9740653))

table 6 : explain SELECT k FROM sbtest6 WHERE k BETWEEN 9740553 AND 9740653
	Index Only Scan using k_6 on sbtest6  (cost=0.43..6.40 rows=98 width=4)
	  Index Cond: ((k >= 9740553) AND (k <= 9740653))

table 7 : explain SELECT k FROM sbtest7 WHERE k BETWEEN 9740553 AND 9740653
	Index Only Scan using k_7 on sbtest7  (cost=0.43..6.56 rows=106 width=4)
	  Index Cond: ((k >= 9740553) AND (k <= 9740653))

table 8 : explain SELECT k FROM sbtest8 WHERE k BETWEEN 9740553 AND 9740653
	Index Only Scan using k_8 on sbtest8  (cost=0.43..10.50 rows=103 width=4)
	  Index Cond: ((k >= 9740553) AND (k <= 9740653))

explain: for range-covered :: explain SELECT k FROM sbtest%d WHERE k BETWEEN 9740553 AND 9740653
for range-covered
table 1 : explain SELECT k FROM sbtest1 WHERE k BETWEEN 3581827 AND 3581927
	Index Only Scan using k_1 on sbtest1  (cost=0.43..6.29 rows=93 width=4)
	  Index Cond: ((k >= 3581827) AND (k <= 3581927))

table 2 : explain SELECT k FROM sbtest2 WHERE k BETWEEN 3581827 AND 3581927
	Index Only Scan using k_2 on sbtest2  (cost=0.43..6.33 rows=95 width=4)
	  Index Cond: ((k >= 3581827) AND (k <= 3581927))

table 3 : explain SELECT k FROM sbtest3 WHERE k BETWEEN 3581827 AND 3581927
	Index Only Scan using k_3 on sbtest3  (cost=0.43..6.56 rows=106 width=4)
	  Index Cond: ((k >= 3581827) AND (k <= 3581927))

table 4 : explain SELECT k FROM sbtest4 WHERE k BETWEEN 3581827 AND 3581927
	Index Only Scan using k_4 on sbtest4  (cost=0.43..6.40 rows=98 width=4)
	  Index Cond: ((k >= 3581827) AND (k <= 3581927))

table 5 : explain SELECT k FROM sbtest5 WHERE k BETWEEN 3581827 AND 3581927
	Index Only Scan using k_5 on sbtest5  (cost=0.43..6.56 rows=106 width=4)
	  Index Cond: ((k >= 3581827) AND (k <= 3581927))

table 6 : explain SELECT k FROM sbtest6 WHERE k BETWEEN 3581827 AND 3581927
	Index Only Scan using k_6 on sbtest6  (cost=0.43..6.63 rows=110 width=4)
	  Index Cond: ((k >= 3581827) AND (k <= 3581927))

table 7 : explain SELECT k FROM sbtest7 WHERE k BETWEEN 3581827 AND 3581927
	Index Only Scan using k_7 on sbtest7  (cost=0.43..6.58 rows=107 width=4)
	  Index Cond: ((k >= 3581827) AND (k <= 3581927))

table 8 : explain SELECT k FROM sbtest8 WHERE k BETWEEN 3581827 AND 3581927
	Index Only Scan using k_8 on sbtest8  (cost=0.43..10.44 rows=100 width=4)
	  Index Cond: ((k >= 3581827) AND (k <= 3581927))

explain: for range-covered :: explain SELECT k FROM sbtest%d WHERE k BETWEEN 3581827 AND 3581927
for range-covered
table 1 : explain SELECT k FROM sbtest1 WHERE k BETWEEN 9740553 AND 9740653
	Index Only Scan using k_1 on sbtest1  (cost=0.43..6.61 rows=109 width=4)
	  Index Cond: ((k >= 9740553) AND (k <= 9740653))

table 2 : explain SELECT k FROM sbtest2 WHERE k BETWEEN 9740553 AND 9740653
	Index Only Scan using k_2 on sbtest2  (cost=0.43..6.56 rows=106 width=4)
	  Index Cond: ((k >= 9740553) AND (k <= 9740653))

table 3 : explain SELECT k FROM sbtest3 WHERE k BETWEEN 9740553 AND 9740653
	Index Only Scan using k_3 on sbtest3  (cost=0.43..6.74 rows=115 width=4)
	  Index Cond: ((k >= 9740553) AND (k <= 9740653))

table 4 : explain SELECT k FROM sbtest4 WHERE k BETWEEN 9740553 AND 9740653
	Index Only Scan using k_4 on sbtest4  (cost=0.43..6.50 rows=103 width=4)
	  Index Cond: ((k >= 9740553) AND (k <= 9740653))

table 5 : explain SELECT k FROM sbtest5 WHERE k BETWEEN 9740553 AND 9740653
	Index Only Scan using k_5 on sbtest5  (cost=0.43..6.63 rows=110 width=4)
	  Index Cond: ((k >= 9740553) AND (k <= 9740653))

table 6 : explain SELECT k FROM sbtest6 WHERE k BETWEEN 9740553 AND 9740653
	Index Only Scan using k_6 on sbtest6  (cost=0.43..6.40 rows=98 width=4)
	  Index Cond: ((k >= 9740553) AND (k <= 9740653))

table 7 : explain SELECT k FROM sbtest7 WHERE k BETWEEN 9740553 AND 9740653
	Index Only Scan using k_7 on sbtest7  (cost=0.43..6.56 rows=106 width=4)
	  Index Cond: ((k >= 9740553) AND (k <= 9740653))

table 8 : explain SELECT k FROM sbtest8 WHERE k BETWEEN 9740553 AND 9740653
	Index Only Scan using k_8 on sbtest8  (cost=0.43..10.50 rows=103 width=4)
	  Index Cond: ((k >= 9740553) AND (k <= 9740653))

explain: for range-covered :: explain SELECT k FROM sbtest%d WHERE k BETWEEN 9740553 AND 9740653
for range-covered
table 1 : explain SELECT k FROM sbtest1 WHERE k BETWEEN 9250707 AND 9250807
	Index Only Scan using k_1 on sbtest1  (cost=0.43..6.63 rows=110 width=4)
	  Index Cond: ((k >= 9250707) AND (k <= 9250807))

table 2 : explain SELECT k FROM sbtest2 WHERE k BETWEEN 9250707 AND 9250807
	Index Only Scan using k_2 on sbtest2  (cost=0.43..6.56 rows=106 width=4)
	  Index Cond: ((k >= 9250707) AND (k <= 9250807))

table 3 : explain SELECT k FROM sbtest3 WHERE k BETWEEN 9250707 AND 9250807
	Index Only Scan using k_3 on sbtest3  (cost=0.43..6.42 rows=99 width=4)
	  Index Cond: ((k >= 9250707) AND (k <= 9250807))

table 4 : explain SELECT k FROM sbtest4 WHERE k BETWEEN 9250707 AND 9250807
	Index Only Scan using k_4 on sbtest4  (cost=0.43..6.37 rows=97 width=4)
	  Index Cond: ((k >= 9250707) AND (k <= 9250807))

table 5 : explain SELECT k FROM sbtest5 WHERE k BETWEEN 9250707 AND 9250807
	Index Only Scan using k_5 on sbtest5  (cost=0.43..6.58 rows=107 width=4)
	  Index Cond: ((k >= 9250707) AND (k <= 9250807))

table 6 : explain SELECT k FROM sbtest6 WHERE k BETWEEN 9250707 AND 9250807
	Index Only Scan using k_6 on sbtest6  (cost=0.43..6.37 rows=97 width=4)
	  Index Cond: ((k >= 9250707) AND (k <= 9250807))

table 7 : explain SELECT k FROM sbtest7 WHERE k BETWEEN 9250707 AND 9250807
	Index Only Scan using k_7 on sbtest7  (cost=0.43..6.72 rows=114 width=4)
	  Index Cond: ((k >= 9250707) AND (k <= 9250807))

table 8 : explain SELECT k FROM sbtest8 WHERE k BETWEEN 9250707 AND 9250807
	Index Only Scan using k_8 on sbtest8  (cost=0.43..10.42 rows=99 width=4)
	  Index Cond: ((k >= 9250707) AND (k <= 9250807))

explain: for range-covered :: explain SELECT k FROM sbtest%d WHERE k BETWEEN 9250707 AND 9250807
for range-covered
table 1 : explain SELECT k FROM sbtest1 WHERE k BETWEEN 3900441 AND 3900541
	Index Only Scan using k_1 on sbtest1  (cost=0.43..6.51 rows=104 width=4)
	  Index Cond: ((k >= 3900441) AND (k <= 3900541))

table 2 : explain SELECT k FROM sbtest2 WHERE k BETWEEN 3900441 AND 3900541
	Index Only Scan using k_2 on sbtest2  (cost=0.43..6.50 rows=103 width=4)
	  Index Cond: ((k >= 3900441) AND (k <= 3900541))

table 3 : explain SELECT k FROM sbtest3 WHERE k BETWEEN 3900441 AND 3900541
	Index Only Scan using k_3 on sbtest3  (cost=0.43..6.40 rows=98 width=4)
	  Index Cond: ((k >= 3900441) AND (k <= 3900541))

table 4 : explain SELECT k FROM sbtest4 WHERE k BETWEEN 3900441 AND 3900541
	Index Only Scan using k_4 on sbtest4  (cost=0.43..6.45 rows=101 width=4)
	  Index Cond: ((k >= 3900441) AND (k <= 3900541))

table 5 : explain SELECT k FROM sbtest5 WHERE k BETWEEN 3900441 AND 3900541
	Index Only Scan using k_5 on sbtest5  (cost=0.43..6.50 rows=103 width=4)
	  Index Cond: ((k >= 3900441) AND (k <= 3900541))

table 6 : explain SELECT k FROM sbtest6 WHERE k BETWEEN 3900441 AND 3900541
	Index Only Scan using k_6 on sbtest6  (cost=0.43..6.35 rows=96 width=4)
	  Index Cond: ((k >= 3900441) AND (k <= 3900541))

table 7 : explain SELECT k FROM sbtest7 WHERE k BETWEEN 3900441 AND 3900541
	Index Only Scan using k_7 on sbtest7  (cost=0.43..6.67 rows=112 width=4)
	  Index Cond: ((k >= 3900441) AND (k <= 3900541))

table 8 : explain SELECT k FROM sbtest8 WHERE k BETWEEN 3900441 AND 3900541
	Index Only Scan using k_8 on sbtest8  (cost=0.43..10.54 rows=105 width=4)
	  Index Cond: ((k >= 3900441) AND (k <= 3900541))

for range-covered
table 1 : explain SELECT k FROM sbtest1 WHERE k BETWEEN 5706922 AND 5707022
	Index Only Scan using k_1 on sbtest1  (cost=0.43..6.35 rows=96 width=4)
	  Index Cond: ((k >= 5706922) AND (k <= 5707022))

table 2 : explain SELECT k FROM sbtest2 WHERE k BETWEEN 5706922 AND 5707022
	Index Only Scan using k_2 on sbtest2  (cost=0.43..6.69 rows=113 width=4)
	  Index Cond: ((k >= 5706922) AND (k <= 5707022))

table 3 : explain SELECT k FROM sbtest3 WHERE k BETWEEN 5706922 AND 5707022
	Index Only Scan using k_3 on sbtest3  (cost=0.43..6.32 rows=94 width=4)
	  Index Cond: ((k >= 5706922) AND (k <= 5707022))

table 4 : explain SELECT k FROM sbtest4 WHERE k BETWEEN 5706922 AND 5707022
	Index Only Scan using k_4 on sbtest4  (cost=0.43..6.33 rows=95 width=4)
	  Index Cond: ((k >= 5706922) AND (k <= 5707022))

table 5 : explain SELECT k FROM sbtest5 WHERE k BETWEEN 5706922 AND 5707022
	Index Only Scan using k_5 on sbtest5  (cost=0.43..6.43 rows=100 width=4)
	  Index Cond: ((k >= 5706922) AND (k <= 5707022))

table 6 : explain SELECT k FROM sbtest6 WHERE k BETWEEN 5706922 AND 5707022
	Index Only Scan using k_6 on sbtest6  (cost=0.43..6.24 rows=90 width=4)
	  Index Cond: ((k >= 5706922) AND (k <= 5707022))

table 7 : explain SELECT k FROM sbtest7 WHERE k BETWEEN 5706922 AND 5707022
	Index Only Scan using k_7 on sbtest7  (cost=0.43..6.43 rows=100 width=4)
	  Index Cond: ((k >= 5706922) AND (k <= 5707022))

table 8 : explain SELECT k FROM sbtest8 WHERE k BETWEEN 5706922 AND 5707022
	Index Only Scan using k_8 on sbtest8  (cost=0.43..10.44 rows=100 width=4)
	  Index Cond: ((k >= 5706922) AND (k <= 5707022))

explain: for range-covered :: explain SELECT k FROM sbtest%d WHERE k BETWEEN 3900441 AND 3900541
for range-covered
table 1 : explain SELECT k FROM sbtest1 WHERE k BETWEEN 3581827 AND 3581927
	Index Only Scan using k_1 on sbtest1  (cost=0.43..6.29 rows=93 width=4)
	  Index Cond: ((k >= 3581827) AND (k <= 3581927))

table 2 : explain SELECT k FROM sbtest2 WHERE k BETWEEN 3581827 AND 3581927
	Index Only Scan using k_2 on sbtest2  (cost=0.43..6.33 rows=95 width=4)
	  Index Cond: ((k >= 3581827) AND (k <= 3581927))

table 3 : explain SELECT k FROM sbtest3 WHERE k BETWEEN 3581827 AND 3581927
	Index Only Scan using k_3 on sbtest3  (cost=0.43..6.56 rows=106 width=4)
	  Index Cond: ((k >= 3581827) AND (k <= 3581927))

table 4 : explain SELECT k FROM sbtest4 WHERE k BETWEEN 3581827 AND 3581927
	Index Only Scan using k_4 on sbtest4  (cost=0.43..6.40 rows=98 width=4)
	  Index Cond: ((k >= 3581827) AND (k <= 3581927))

table 5 : explain SELECT k FROM sbtest5 WHERE k BETWEEN 3581827 AND 3581927
	Index Only Scan using k_5 on sbtest5  (cost=0.43..6.56 rows=106 width=4)
	  Index Cond: ((k >= 3581827) AND (k <= 3581927))

table 6 : explain SELECT k FROM sbtest6 WHERE k BETWEEN 3581827 AND 3581927
	Index Only Scan using k_6 on sbtest6  (cost=0.43..6.63 rows=110 width=4)
	  Index Cond: ((k >= 3581827) AND (k <= 3581927))

table 7 : explain SELECT k FROM sbtest7 WHERE k BETWEEN 3581827 AND 3581927
	Index Only Scan using k_7 on sbtest7  (cost=0.43..6.58 rows=107 width=4)
	  Index Cond: ((k >= 3581827) AND (k <= 3581927))

table 8 : explain SELECT k FROM sbtest8 WHERE k BETWEEN 3581827 AND 3581927
	Index Only Scan using k_8 on sbtest8  (cost=0.43..10.44 rows=100 width=4)
	  Index Cond: ((k >= 3581827) AND (k <= 3581927))

for range-covered
table 1 : explain SELECT k FROM sbtest1 WHERE k BETWEEN 4232908 AND 4233008
	Index Only Scan using k_1 on sbtest1  (cost=0.43..6.53 rows=105 width=4)
	  Index Cond: ((k >= 4232908) AND (k <= 4233008))

table 2 : explain SELECT k FROM sbtest2 WHERE k BETWEEN 4232908 AND 4233008
	Index Only Scan using k_2 on sbtest2  (cost=0.43..6.66 rows=111 width=4)
	  Index Cond: ((k >= 4232908) AND (k <= 4233008))

table 3 : explain SELECT k FROM sbtest3 WHERE k BETWEEN 4232908 AND 4233008
	Index Only Scan using k_3 on sbtest3  (cost=0.43..6.66 rows=111 width=4)
	  Index Cond: ((k >= 4232908) AND (k <= 4233008))

table 4 : explain SELECT k FROM sbtest4 WHERE k BETWEEN 4232908 AND 4233008
	Index Only Scan using k_4 on sbtest4  (cost=0.43..6.66 rows=111 width=4)
	  Index Cond: ((k >= 4232908) AND (k <= 4233008))

table 5 : explain SELECT k FROM sbtest5 WHERE k BETWEEN 4232908 AND 4233008
	Index Only Scan using k_5 on sbtest5  (cost=0.43..6.58 rows=107 width=4)
	  Index Cond: ((k >= 4232908) AND (k <= 4233008))

table 6 : explain SELECT k FROM sbtest6 WHERE k BETWEEN 4232908 AND 4233008
	Index Only Scan using k_6 on sbtest6  (cost=0.43..6.35 rows=96 width=4)
	  Index Cond: ((k >= 4232908) AND (k <= 4233008))

table 7 : explain SELECT k FROM sbtest7 WHERE k BETWEEN 4232908 AND 4233008
	Index Only Scan using k_7 on sbtest7  (cost=0.43..6.45 rows=101 width=4)
	  Index Cond: ((k >= 4232908) AND (k <= 4233008))

table 8 : explain SELECT k FROM sbtest8 WHERE k BETWEEN 4232908 AND 4233008
	Index Only Scan using k_8 on sbtest8  (cost=0.43..10.58 rows=107 width=4)
	  Index Cond: ((k >= 4232908) AND (k <= 4233008))

explain: for range-covered :: explain SELECT k FROM sbtest%d WHERE k BETWEEN 3581827 AND 3581927
for range-covered
table 1 : explain SELECT k FROM sbtest1 WHERE k BETWEEN 9740553 AND 9740653
	Index Only Scan using k_1 on sbtest1  (cost=0.43..6.61 rows=109 width=4)
	  Index Cond: ((k >= 9740553) AND (k <= 9740653))

table 2 : explain SELECT k FROM sbtest2 WHERE k BETWEEN 9740553 AND 9740653
	Index Only Scan using k_2 on sbtest2  (cost=0.43..6.56 rows=106 width=4)
	  Index Cond: ((k >= 9740553) AND (k <= 9740653))

table 3 : explain SELECT k FROM sbtest3 WHERE k BETWEEN 9740553 AND 9740653
	Index Only Scan using k_3 on sbtest3  (cost=0.43..6.74 rows=115 width=4)
	  Index Cond: ((k >= 9740553) AND (k <= 9740653))

table 4 : explain SELECT k FROM sbtest4 WHERE k BETWEEN 9740553 AND 9740653
	Index Only Scan using k_4 on sbtest4  (cost=0.43..6.50 rows=103 width=4)
	  Index Cond: ((k >= 9740553) AND (k <= 9740653))

table 5 : explain SELECT k FROM sbtest5 WHERE k BETWEEN 9740553 AND 9740653
	Index Only Scan using k_5 on sbtest5  (cost=0.43..6.63 rows=110 width=4)
	  Index Cond: ((k >= 9740553) AND (k <= 9740653))

table 6 : explain SELECT k FROM sbtest6 WHERE k BETWEEN 9740553 AND 9740653
	Index Only Scan using k_6 on sbtest6  (cost=0.43..6.40 rows=98 width=4)
	  Index Cond: ((k >= 9740553) AND (k <= 9740653))

table 7 : explain SELECT k FROM sbtest7 WHERE k BETWEEN 9740553 AND 9740653
	Index Only Scan using k_7 on sbtest7  (cost=0.43..6.56 rows=106 width=4)
	  Index Cond: ((k >= 9740553) AND (k <= 9740653))

table 8 : explain SELECT k FROM sbtest8 WHERE k BETWEEN 9740553 AND 9740653
	Index Only Scan using k_8 on sbtest8  (cost=0.43..10.50 rows=103 width=4)
	  Index Cond: ((k >= 9740553) AND (k <= 9740653))

explain: for range-covered :: explain SELECT k FROM sbtest%d WHERE k BETWEEN 4232908 AND 4233008
explain: for range-covered :: explain SELECT k FROM sbtest%d WHERE k BETWEEN 9740553 AND 9740653
for range-covered
table 1 : explain SELECT k FROM sbtest1 WHERE k BETWEEN 2914847 AND 2914947
	Index Only Scan using k_1 on sbtest1  (cost=0.43..6.43 rows=100 width=4)
	  Index Cond: ((k >= 2914847) AND (k <= 2914947))

table 2 : explain SELECT k FROM sbtest2 WHERE k BETWEEN 2914847 AND 2914947
	Index Only Scan using k_2 on sbtest2  (cost=0.43..6.75 rows=116 width=4)
	  Index Cond: ((k >= 2914847) AND (k <= 2914947))

table 3 : explain SELECT k FROM sbtest3 WHERE k BETWEEN 2914847 AND 2914947
	Index Only Scan using k_3 on sbtest3  (cost=0.43..6.45 rows=101 width=4)
	  Index Cond: ((k >= 2914847) AND (k <= 2914947))

table 4 : explain SELECT k FROM sbtest4 WHERE k BETWEEN 2914847 AND 2914947
	Index Only Scan using k_4 on sbtest4  (cost=0.43..6.29 rows=93 width=4)
	  Index Cond: ((k >= 2914847) AND (k <= 2914947))

table 5 : explain SELECT k FROM sbtest5 WHERE k BETWEEN 2914847 AND 2914947
	Index Only Scan using k_5 on sbtest5  (cost=0.43..6.53 rows=105 width=4)
	  Index Cond: ((k >= 2914847) AND (k <= 2914947))

table 6 : explain SELECT k FROM sbtest6 WHERE k BETWEEN 2914847 AND 2914947
	Index Only Scan using k_6 on sbtest6  (cost=0.43..6.47 rows=102 width=4)
	  Index Cond: ((k >= 2914847) AND (k <= 2914947))

table 7 : explain SELECT k FROM sbtest7 WHERE k BETWEEN 2914847 AND 2914947
	Index Only Scan using k_7 on sbtest7  (cost=0.43..6.63 rows=110 width=4)
	  Index Cond: ((k >= 2914847) AND (k <= 2914947))

table 8 : explain SELECT k FROM sbtest8 WHERE k BETWEEN 2914847 AND 2914947
	Index Only Scan using k_8 on sbtest8  (cost=0.43..10.50 rows=103 width=4)
	  Index Cond: ((k >= 2914847) AND (k <= 2914947))

for range-covered
table 1 : explain SELECT k FROM sbtest1 WHERE k BETWEEN 5327560 AND 5327660
	Index Only Scan using k_1 on sbtest1  (cost=0.43..6.53 rows=105 width=4)
	  Index Cond: ((k >= 5327560) AND (k <= 5327660))

table 2 : explain SELECT k FROM sbtest2 WHERE k BETWEEN 5327560 AND 5327660
	Index Only Scan using k_2 on sbtest2  (cost=0.43..6.43 rows=100 width=4)
	  Index Cond: ((k >= 5327560) AND (k <= 5327660))

table 3 : explain SELECT k FROM sbtest3 WHERE k BETWEEN 5327560 AND 5327660
	Index Only Scan using k_3 on sbtest3  (cost=0.43..6.43 rows=100 width=4)
	  Index Cond: ((k >= 5327560) AND (k <= 5327660))

table 4 : explain SELECT k FROM sbtest4 WHERE k BETWEEN 5327560 AND 5327660
	Index Only Scan using k_4 on sbtest4  (cost=0.43..6.66 rows=111 width=4)
	  Index Cond: ((k >= 5327560) AND (k <= 5327660))

table 5 : explain SELECT k FROM sbtest5 WHERE k BETWEEN 5327560 AND 5327660
	Index Only Scan using k_5 on sbtest5  (cost=0.43..6.50 rows=103 width=4)
	  Index Cond: ((k >= 5327560) AND (k <= 5327660))

table 6 : explain SELECT k FROM sbtest6 WHERE k BETWEEN 5327560 AND 5327660
	Index Only Scan using k_6 on sbtest6  (cost=0.43..6.43 rows=100 width=4)
	  Index Cond: ((k >= 5327560) AND (k <= 5327660))

table 7 : explain SELECT k FROM sbtest7 WHERE k BETWEEN 5327560 AND 5327660
	Index Only Scan using k_7 on sbtest7  (cost=0.43..6.40 rows=98 width=4)
	  Index Cond: ((k >= 5327560) AND (k <= 5327660))

table 8 : explain SELECT k FROM sbtest8 WHERE k BETWEEN 5327560 AND 5327660
	Index Only Scan using k_8 on sbtest8  (cost=0.43..10.47 rows=102 width=4)
	  Index Cond: ((k >= 5327560) AND (k <= 5327660))

explain: for range-covered :: explain SELECT k FROM sbtest%d WHERE k BETWEEN 2914847 AND 2914947
for range-covered
table 1 : explain SELECT k FROM sbtest1 WHERE k BETWEEN 4262042 AND 4262142
	Index Only Scan using k_1 on sbtest1  (cost=0.43..6.53 rows=105 width=4)
	  Index Cond: ((k >= 4262042) AND (k <= 4262142))

table 2 : explain SELECT k FROM sbtest2 WHERE k BETWEEN 4262042 AND 4262142
	Index Only Scan using k_2 on sbtest2  (cost=0.43..6.42 rows=99 width=4)
	  Index Cond: ((k >= 4262042) AND (k <= 4262142))

table 3 : explain SELECT k FROM sbtest3 WHERE k BETWEEN 4262042 AND 4262142
	Index Only Scan using k_3 on sbtest3  (cost=0.43..6.66 rows=111 width=4)
	  Index Cond: ((k >= 4262042) AND (k <= 4262142))

table 4 : explain SELECT k FROM sbtest4 WHERE k BETWEEN 4262042 AND 4262142
	Index Only Scan using k_4 on sbtest4  (cost=0.43..6.66 rows=111 width=4)
	  Index Cond: ((k >= 4262042) AND (k <= 4262142))

table 5 : explain SELECT k FROM sbtest5 WHERE k BETWEEN 4262042 AND 4262142
	Index Only Scan using k_5 on sbtest5  (cost=0.43..6.58 rows=107 width=4)
	  Index Cond: ((k >= 4262042) AND (k <= 4262142))

table 6 : explain SELECT k FROM sbtest6 WHERE k BETWEEN 4262042 AND 4262142
	Index Only Scan using k_6 on sbtest6  (cost=0.43..6.35 rows=96 width=4)
	  Index Cond: ((k >= 4262042) AND (k <= 4262142))

table 7 : explain SELECT k FROM sbtest7 WHERE k BETWEEN 4262042 AND 4262142
	Index Only Scan using k_7 on sbtest7  (cost=0.43..6.45 rows=101 width=4)
	  Index Cond: ((k >= 4262042) AND (k <= 4262142))

table 8 : explain SELECT k FROM sbtest8 WHERE k BETWEEN 4262042 AND 4262142
	Index Only Scan using k_8 on sbtest8  (cost=0.43..10.58 rows=107 width=4)
	  Index Cond: ((k >= 4262042) AND (k <= 4262142))

explain: for range-covered :: explain SELECT k FROM sbtest%d WHERE k BETWEEN 5327560 AND 5327660
for range-covered
table 1 : explain SELECT k FROM sbtest1 WHERE k BETWEEN 9250707 AND 9250807
	Index Only Scan using k_1 on sbtest1  (cost=0.43..6.63 rows=110 width=4)
	  Index Cond: ((k >= 9250707) AND (k <= 9250807))

table 2 : explain SELECT k FROM sbtest2 WHERE k BETWEEN 9250707 AND 9250807
	Index Only Scan using k_2 on sbtest2  (cost=0.43..6.56 rows=106 width=4)
	  Index Cond: ((k >= 9250707) AND (k <= 9250807))

table 3 : explain SELECT k FROM sbtest3 WHERE k BETWEEN 9250707 AND 9250807
	Index Only Scan using k_3 on sbtest3  (cost=0.43..6.42 rows=99 width=4)
	  Index Cond: ((k >= 9250707) AND (k <= 9250807))

table 4 : explain SELECT k FROM sbtest4 WHERE k BETWEEN 9250707 AND 9250807
	Index Only Scan using k_4 on sbtest4  (cost=0.43..6.37 rows=97 width=4)
	  Index Cond: ((k >= 9250707) AND (k <= 9250807))

table 5 : explain SELECT k FROM sbtest5 WHERE k BETWEEN 9250707 AND 9250807
	Index Only Scan using k_5 on sbtest5  (cost=0.43..6.58 rows=107 width=4)
	  Index Cond: ((k >= 9250707) AND (k <= 9250807))

table 6 : explain SELECT k FROM sbtest6 WHERE k BETWEEN 9250707 AND 9250807
	Index Only Scan using k_6 on sbtest6  (cost=0.43..6.37 rows=97 width=4)
	  Index Cond: ((k >= 9250707) AND (k <= 9250807))

table 7 : explain SELECT k FROM sbtest7 WHERE k BETWEEN 9250707 AND 9250807
	Index Only Scan using k_7 on sbtest7  (cost=0.43..6.72 rows=114 width=4)
	  Index Cond: ((k >= 9250707) AND (k <= 9250807))

table 8 : explain SELECT k FROM sbtest8 WHERE k BETWEEN 9250707 AND 9250807
	Index Only Scan using k_8 on sbtest8  (cost=0.43..10.42 rows=99 width=4)
	  Index Cond: ((k >= 9250707) AND (k <= 9250807))

explain: for range-covered :: explain SELECT k FROM sbtest%d WHERE k BETWEEN 5706922 AND 5707022
explain: for range-covered :: explain SELECT k FROM sbtest%d WHERE k BETWEEN 9250707 AND 9250807
for range-covered
table 1 : explain SELECT k FROM sbtest1 WHERE k BETWEEN 3900441 AND 3900541
	Index Only Scan using k_1 on sbtest1  (cost=0.43..6.51 rows=104 width=4)
	  Index Cond: ((k >= 3900441) AND (k <= 3900541))

table 2 : explain SELECT k FROM sbtest2 WHERE k BETWEEN 3900441 AND 3900541
	Index Only Scan using k_2 on sbtest2  (cost=0.43..6.50 rows=103 width=4)
	  Index Cond: ((k >= 3900441) AND (k <= 3900541))

table 3 : explain SELECT k FROM sbtest3 WHERE k BETWEEN 3900441 AND 3900541
	Index Only Scan using k_3 on sbtest3  (cost=0.43..6.40 rows=98 width=4)
	  Index Cond: ((k >= 3900441) AND (k <= 3900541))

table 4 : explain SELECT k FROM sbtest4 WHERE k BETWEEN 3900441 AND 3900541
	Index Only Scan using k_4 on sbtest4  (cost=0.43..6.45 rows=101 width=4)
	  Index Cond: ((k >= 3900441) AND (k <= 3900541))

table 5 : explain SELECT k FROM sbtest5 WHERE k BETWEEN 3900441 AND 3900541
	Index Only Scan using k_5 on sbtest5  (cost=0.43..6.50 rows=103 width=4)
	  Index Cond: ((k >= 3900441) AND (k <= 3900541))

table 6 : explain SELECT k FROM sbtest6 WHERE k BETWEEN 3900441 AND 3900541
	Index Only Scan using k_6 on sbtest6  (cost=0.43..6.35 rows=96 width=4)
	  Index Cond: ((k >= 3900441) AND (k <= 3900541))

table 7 : explain SELECT k FROM sbtest7 WHERE k BETWEEN 3900441 AND 3900541
	Index Only Scan using k_7 on sbtest7  (cost=0.43..6.67 rows=112 width=4)
	  Index Cond: ((k >= 3900441) AND (k <= 3900541))

table 8 : explain SELECT k FROM sbtest8 WHERE k BETWEEN 3900441 AND 3900541
	Index Only Scan using k_8 on sbtest8  (cost=0.43..10.54 rows=105 width=4)
	  Index Cond: ((k >= 3900441) AND (k <= 3900541))

for range-covered
table 1 : explain SELECT k FROM sbtest1 WHERE k BETWEEN 3581827 AND 3581927
	Index Only Scan using k_1 on sbtest1  (cost=0.43..6.29 rows=93 width=4)
	  Index Cond: ((k >= 3581827) AND (k <= 3581927))

table 2 : explain SELECT k FROM sbtest2 WHERE k BETWEEN 3581827 AND 3581927
	Index Only Scan using k_2 on sbtest2  (cost=0.43..6.33 rows=95 width=4)
	  Index Cond: ((k >= 3581827) AND (k <= 3581927))

table 3 : explain SELECT k FROM sbtest3 WHERE k BETWEEN 3581827 AND 3581927
	Index Only Scan using k_3 on sbtest3  (cost=0.43..6.56 rows=106 width=4)
	  Index Cond: ((k >= 3581827) AND (k <= 3581927))

table 4 : explain SELECT k FROM sbtest4 WHERE k BETWEEN 3581827 AND 3581927
	Index Only Scan using k_4 on sbtest4  (cost=0.43..6.40 rows=98 width=4)
	  Index Cond: ((k >= 3581827) AND (k <= 3581927))

table 5 : explain SELECT k FROM sbtest5 WHERE k BETWEEN 3581827 AND 3581927
	Index Only Scan using k_5 on sbtest5  (cost=0.43..6.56 rows=106 width=4)
	  Index Cond: ((k >= 3581827) AND (k <= 3581927))

table 6 : explain SELECT k FROM sbtest6 WHERE k BETWEEN 3581827 AND 3581927
	Index Only Scan using k_6 on sbtest6  (cost=0.43..6.63 rows=110 width=4)
	  Index Cond: ((k >= 3581827) AND (k <= 3581927))

table 7 : explain SELECT k FROM sbtest7 WHERE k BETWEEN 3581827 AND 3581927
	Index Only Scan using k_7 on sbtest7  (cost=0.43..6.58 rows=107 width=4)
	  Index Cond: ((k >= 3581827) AND (k <= 3581927))

table 8 : explain SELECT k FROM sbtest8 WHERE k BETWEEN 3581827 AND 3581927
	Index Only Scan using k_8 on sbtest8  (cost=0.43..10.44 rows=100 width=4)
	  Index Cond: ((k >= 3581827) AND (k <= 3581927))

explain: for range-covered :: explain SELECT k FROM sbtest%d WHERE k BETWEEN 3900441 AND 3900541
explain: for range-covered :: explain SELECT k FROM sbtest%d WHERE k BETWEEN 4262042 AND 4262142
for range-covered
table 1 : explain SELECT k FROM sbtest1 WHERE k BETWEEN 9740553 AND 9740653
	Index Only Scan using k_1 on sbtest1  (cost=0.43..6.61 rows=109 width=4)
	  Index Cond: ((k >= 9740553) AND (k <= 9740653))

table 2 : explain SELECT k FROM sbtest2 WHERE k BETWEEN 9740553 AND 9740653
	Index Only Scan using k_2 on sbtest2  (cost=0.43..6.56 rows=106 width=4)
	  Index Cond: ((k >= 9740553) AND (k <= 9740653))

table 3 : explain SELECT k FROM sbtest3 WHERE k BETWEEN 9740553 AND 9740653
	Index Only Scan using k_3 on sbtest3  (cost=0.43..6.74 rows=115 width=4)
	  Index Cond: ((k >= 9740553) AND (k <= 9740653))

table 4 : explain SELECT k FROM sbtest4 WHERE k BETWEEN 9740553 AND 9740653
	Index Only Scan using k_4 on sbtest4  (cost=0.43..6.50 rows=103 width=4)
	  Index Cond: ((k >= 9740553) AND (k <= 9740653))

table 5 : explain SELECT k FROM sbtest5 WHERE k BETWEEN 9740553 AND 9740653
	Index Only Scan using k_5 on sbtest5  (cost=0.43..6.63 rows=110 width=4)
	  Index Cond: ((k >= 9740553) AND (k <= 9740653))

table 6 : explain SELECT k FROM sbtest6 WHERE k BETWEEN 9740553 AND 9740653
	Index Only Scan using k_6 on sbtest6  (cost=0.43..6.40 rows=98 width=4)
	  Index Cond: ((k >= 9740553) AND (k <= 9740653))

table 7 : explain SELECT k FROM sbtest7 WHERE k BETWEEN 9740553 AND 9740653
	Index Only Scan using k_7 on sbtest7  (cost=0.43..6.56 rows=106 width=4)
	  Index Cond: ((k >= 9740553) AND (k <= 9740653))

table 8 : explain SELECT k FROM sbtest8 WHERE k BETWEEN 9740553 AND 9740653
	Index Only Scan using k_8 on sbtest8  (cost=0.43..10.50 rows=103 width=4)
	  Index Cond: ((k >= 9740553) AND (k <= 9740653))

for range-covered
table 1 : explain SELECT k FROM sbtest1 WHERE k BETWEEN 4232908 AND 4233008
	Index Only Scan using k_1 on sbtest1  (cost=0.43..6.53 rows=105 width=4)
	  Index Cond: ((k >= 4232908) AND (k <= 4233008))

table 2 : explain SELECT k FROM sbtest2 WHERE k BETWEEN 4232908 AND 4233008
	Index Only Scan using k_2 on sbtest2  (cost=0.43..6.66 rows=111 width=4)
	  Index Cond: ((k >= 4232908) AND (k <= 4233008))

table 3 : explain SELECT k FROM sbtest3 WHERE k BETWEEN 4232908 AND 4233008
	Index Only Scan using k_3 on sbtest3  (cost=0.43..6.66 rows=111 width=4)
	  Index Cond: ((k >= 4232908) AND (k <= 4233008))

table 4 : explain SELECT k FROM sbtest4 WHERE k BETWEEN 4232908 AND 4233008
	Index Only Scan using k_4 on sbtest4  (cost=0.43..6.66 rows=111 width=4)
	  Index Cond: ((k >= 4232908) AND (k <= 4233008))

table 5 : explain SELECT k FROM sbtest5 WHERE k BETWEEN 4232908 AND 4233008
	Index Only Scan using k_5 on sbtest5  (cost=0.43..6.58 rows=107 width=4)
	  Index Cond: ((k >= 4232908) AND (k <= 4233008))

table 6 : explain SELECT k FROM sbtest6 WHERE k BETWEEN 4232908 AND 4233008
	Index Only Scan using k_6 on sbtest6  (cost=0.43..6.35 rows=96 width=4)
	  Index Cond: ((k >= 4232908) AND (k <= 4233008))

table 7 : explain SELECT k FROM sbtest7 WHERE k BETWEEN 4232908 AND 4233008
	Index Only Scan using k_7 on sbtest7  (cost=0.43..6.45 rows=101 width=4)
	  Index Cond: ((k >= 4232908) AND (k <= 4233008))

table 8 : explain SELECT k FROM sbtest8 WHERE k BETWEEN 4232908 AND 4233008
	Index Only Scan using k_8 on sbtest8  (cost=0.43..10.58 rows=107 width=4)
	  Index Cond: ((k >= 4232908) AND (k <= 4233008))

explain: for range-covered :: explain SELECT k FROM sbtest%d WHERE k BETWEEN 6766464 AND 6766564
explain: for range-covered :: explain SELECT k FROM sbtest%d WHERE k BETWEEN 9740553 AND 9740653
explain: for range-covered :: explain SELECT k FROM sbtest%d WHERE k BETWEEN 4232908 AND 4233008
for range-covered
table 1 : explain SELECT k FROM sbtest1 WHERE k BETWEEN 2914847 AND 2914947
	Index Only Scan using k_1 on sbtest1  (cost=0.43..6.43 rows=100 width=4)
	  Index Cond: ((k >= 2914847) AND (k <= 2914947))

table 2 : explain SELECT k FROM sbtest2 WHERE k BETWEEN 2914847 AND 2914947
	Index Only Scan using k_2 on sbtest2  (cost=0.43..6.75 rows=116 width=4)
	  Index Cond: ((k >= 2914847) AND (k <= 2914947))

table 3 : explain SELECT k FROM sbtest3 WHERE k BETWEEN 2914847 AND 2914947
	Index Only Scan using k_3 on sbtest3  (cost=0.43..6.45 rows=101 width=4)
	  Index Cond: ((k >= 2914847) AND (k <= 2914947))

table 4 : explain SELECT k FROM sbtest4 WHERE k BETWEEN 2914847 AND 2914947
	Index Only Scan using k_4 on sbtest4  (cost=0.43..6.29 rows=93 width=4)
	  Index Cond: ((k >= 2914847) AND (k <= 2914947))

table 5 : explain SELECT k FROM sbtest5 WHERE k BETWEEN 2914847 AND 2914947
	Index Only Scan using k_5 on sbtest5  (cost=0.43..6.53 rows=105 width=4)
	  Index Cond: ((k >= 2914847) AND (k <= 2914947))

table 6 : explain SELECT k FROM sbtest6 WHERE k BETWEEN 2914847 AND 2914947
	Index Only Scan using k_6 on sbtest6  (cost=0.43..6.47 rows=102 width=4)
	  Index Cond: ((k >= 2914847) AND (k <= 2914947))

table 7 : explain SELECT k FROM sbtest7 WHERE k BETWEEN 2914847 AND 2914947
	Index Only Scan using k_7 on sbtest7  (cost=0.43..6.63 rows=110 width=4)
	  Index Cond: ((k >= 2914847) AND (k <= 2914947))

table 8 : explain SELECT k FROM sbtest8 WHERE k BETWEEN 2914847 AND 2914947
	Index Only Scan using k_8 on sbtest8  (cost=0.43..10.50 rows=103 width=4)
	  Index Cond: ((k >= 2914847) AND (k <= 2914947))

explain: for range-covered :: explain SELECT k FROM sbtest%d WHERE k BETWEEN 2914847 AND 2914947
for range-covered
table 1 : explain SELECT k FROM sbtest1 WHERE k BETWEEN 9250707 AND 9250807
	Index Only Scan using k_1 on sbtest1  (cost=0.43..6.63 rows=110 width=4)
	  Index Cond: ((k >= 9250707) AND (k <= 9250807))

table 2 : explain SELECT k FROM sbtest2 WHERE k BETWEEN 9250707 AND 9250807
	Index Only Scan using k_2 on sbtest2  (cost=0.43..6.56 rows=106 width=4)
	  Index Cond: ((k >= 9250707) AND (k <= 9250807))

table 3 : explain SELECT k FROM sbtest3 WHERE k BETWEEN 9250707 AND 9250807
	Index Only Scan using k_3 on sbtest3  (cost=0.43..6.42 rows=99 width=4)
	  Index Cond: ((k >= 9250707) AND (k <= 9250807))

table 4 : explain SELECT k FROM sbtest4 WHERE k BETWEEN 9250707 AND 9250807
	Index Only Scan using k_4 on sbtest4  (cost=0.43..6.37 rows=97 width=4)
	  Index Cond: ((k >= 9250707) AND (k <= 9250807))

table 5 : explain SELECT k FROM sbtest5 WHERE k BETWEEN 9250707 AND 9250807
	Index Only Scan using k_5 on sbtest5  (cost=0.43..6.58 rows=107 width=4)
	  Index Cond: ((k >= 9250707) AND (k <= 9250807))

table 6 : explain SELECT k FROM sbtest6 WHERE k BETWEEN 9250707 AND 9250807
	Index Only Scan using k_6 on sbtest6  (cost=0.43..6.37 rows=97 width=4)
	  Index Cond: ((k >= 9250707) AND (k <= 9250807))

table 7 : explain SELECT k FROM sbtest7 WHERE k BETWEEN 9250707 AND 9250807
	Index Only Scan using k_7 on sbtest7  (cost=0.43..6.72 rows=114 width=4)
	  Index Cond: ((k >= 9250707) AND (k <= 9250807))

table 8 : explain SELECT k FROM sbtest8 WHERE k BETWEEN 9250707 AND 9250807
	Index Only Scan using k_8 on sbtest8  (cost=0.43..10.42 rows=99 width=4)
	  Index Cond: ((k >= 9250707) AND (k <= 9250807))

explain: for range-covered :: explain SELECT k FROM sbtest%d WHERE k BETWEEN 9250707 AND 9250807
for range-covered
table 1 : explain SELECT k FROM sbtest1 WHERE k BETWEEN 3900441 AND 3900541
	Index Only Scan using k_1 on sbtest1  (cost=0.43..6.51 rows=104 width=4)
	  Index Cond: ((k >= 3900441) AND (k <= 3900541))

table 2 : explain SELECT k FROM sbtest2 WHERE k BETWEEN 3900441 AND 3900541
	Index Only Scan using k_2 on sbtest2  (cost=0.43..6.50 rows=103 width=4)
	  Index Cond: ((k >= 3900441) AND (k <= 3900541))

table 3 : explain SELECT k FROM sbtest3 WHERE k BETWEEN 3900441 AND 3900541
	Index Only Scan using k_3 on sbtest3  (cost=0.43..6.40 rows=98 width=4)
	  Index Cond: ((k >= 3900441) AND (k <= 3900541))

table 4 : explain SELECT k FROM sbtest4 WHERE k BETWEEN 3900441 AND 3900541
	Index Only Scan using k_4 on sbtest4  (cost=0.43..6.45 rows=101 width=4)
	  Index Cond: ((k >= 3900441) AND (k <= 3900541))

table 5 : explain SELECT k FROM sbtest5 WHERE k BETWEEN 3900441 AND 3900541
	Index Only Scan using k_5 on sbtest5  (cost=0.43..6.50 rows=103 width=4)
	  Index Cond: ((k >= 3900441) AND (k <= 3900541))

table 6 : explain SELECT k FROM sbtest6 WHERE k BETWEEN 3900441 AND 3900541
	Index Only Scan using k_6 on sbtest6  (cost=0.43..6.35 rows=96 width=4)
	  Index Cond: ((k >= 3900441) AND (k <= 3900541))

table 7 : explain SELECT k FROM sbtest7 WHERE k BETWEEN 3900441 AND 3900541
	Index Only Scan using k_7 on sbtest7  (cost=0.43..6.67 rows=112 width=4)
	  Index Cond: ((k >= 3900441) AND (k <= 3900541))

table 8 : explain SELECT k FROM sbtest8 WHERE k BETWEEN 3900441 AND 3900541
	Index Only Scan using k_8 on sbtest8  (cost=0.43..10.54 rows=105 width=4)
	  Index Cond: ((k >= 3900441) AND (k <= 3900541))

explain: for range-covered :: explain SELECT k FROM sbtest%d WHERE k BETWEEN 3900441 AND 3900541
for range-covered
table 1 : explain SELECT k FROM sbtest1 WHERE k BETWEEN 9740553 AND 9740653
	Index Only Scan using k_1 on sbtest1  (cost=0.43..6.61 rows=109 width=4)
	  Index Cond: ((k >= 9740553) AND (k <= 9740653))

table 2 : explain SELECT k FROM sbtest2 WHERE k BETWEEN 9740553 AND 9740653
	Index Only Scan using k_2 on sbtest2  (cost=0.43..6.56 rows=106 width=4)
	  Index Cond: ((k >= 9740553) AND (k <= 9740653))

table 3 : explain SELECT k FROM sbtest3 WHERE k BETWEEN 9740553 AND 9740653
	Index Only Scan using k_3 on sbtest3  (cost=0.43..6.74 rows=115 width=4)
	  Index Cond: ((k >= 9740553) AND (k <= 9740653))

table 4 : explain SELECT k FROM sbtest4 WHERE k BETWEEN 9740553 AND 9740653
	Index Only Scan using k_4 on sbtest4  (cost=0.43..6.50 rows=103 width=4)
	  Index Cond: ((k >= 9740553) AND (k <= 9740653))

table 5 : explain SELECT k FROM sbtest5 WHERE k BETWEEN 9740553 AND 9740653
	Index Only Scan using k_5 on sbtest5  (cost=0.43..6.63 rows=110 width=4)
	  Index Cond: ((k >= 9740553) AND (k <= 9740653))

table 6 : explain SELECT k FROM sbtest6 WHERE k BETWEEN 9740553 AND 9740653
	Index Only Scan using k_6 on sbtest6  (cost=0.43..6.40 rows=98 width=4)
	  Index Cond: ((k >= 9740553) AND (k <= 9740653))

table 7 : explain SELECT k FROM sbtest7 WHERE k BETWEEN 9740553 AND 9740653
	Index Only Scan using k_7 on sbtest7  (cost=0.43..6.56 rows=106 width=4)
	  Index Cond: ((k >= 9740553) AND (k <= 9740653))

table 8 : explain SELECT k FROM sbtest8 WHERE k BETWEEN 9740553 AND 9740653
	Index Only Scan using k_8 on sbtest8  (cost=0.43..10.50 rows=103 width=4)
	  Index Cond: ((k >= 9740553) AND (k <= 9740653))

for range-covered
table 1 : explain SELECT k FROM sbtest1 WHERE k BETWEEN 4232908 AND 4233008
	Index Only Scan using k_1 on sbtest1  (cost=0.43..6.53 rows=105 width=4)
	  Index Cond: ((k >= 4232908) AND (k <= 4233008))

table 2 : explain SELECT k FROM sbtest2 WHERE k BETWEEN 4232908 AND 4233008
	Index Only Scan using k_2 on sbtest2  (cost=0.43..6.66 rows=111 width=4)
	  Index Cond: ((k >= 4232908) AND (k <= 4233008))

table 3 : explain SELECT k FROM sbtest3 WHERE k BETWEEN 4232908 AND 4233008
	Index Only Scan using k_3 on sbtest3  (cost=0.43..6.66 rows=111 width=4)
	  Index Cond: ((k >= 4232908) AND (k <= 4233008))

table 4 : explain SELECT k FROM sbtest4 WHERE k BETWEEN 4232908 AND 4233008
	Index Only Scan using k_4 on sbtest4  (cost=0.43..6.66 rows=111 width=4)
	  Index Cond: ((k >= 4232908) AND (k <= 4233008))

table 5 : explain SELECT k FROM sbtest5 WHERE k BETWEEN 4232908 AND 4233008
	Index Only Scan using k_5 on sbtest5  (cost=0.43..6.58 rows=107 width=4)
	  Index Cond: ((k >= 4232908) AND (k <= 4233008))

table 6 : explain SELECT k FROM sbtest6 WHERE k BETWEEN 4232908 AND 4233008
	Index Only Scan using k_6 on sbtest6  (cost=0.43..6.35 rows=96 width=4)
	  Index Cond: ((k >= 4232908) AND (k <= 4233008))

table 7 : explain SELECT k FROM sbtest7 WHERE k BETWEEN 4232908 AND 4233008
	Index Only Scan using k_7 on sbtest7  (cost=0.43..6.45 rows=101 width=4)
	  Index Cond: ((k >= 4232908) AND (k <= 4233008))

table 8 : explain SELECT k FROM sbtest8 WHERE k BETWEEN 4232908 AND 4233008
	Index Only Scan using k_8 on sbtest8  (cost=0.43..10.58 rows=107 width=4)
	  Index Cond: ((k >= 4232908) AND (k <= 4233008))

explain: for range-covered :: explain SELECT k FROM sbtest%d WHERE k BETWEEN 9740553 AND 9740653
explain: for range-covered :: explain SELECT k FROM sbtest%d WHERE k BETWEEN 4232908 AND 4233008
for range-covered
table 1 : explain SELECT k FROM sbtest1 WHERE k BETWEEN 2914847 AND 2914947
	Index Only Scan using k_1 on sbtest1  (cost=0.43..6.43 rows=100 width=4)
	  Index Cond: ((k >= 2914847) AND (k <= 2914947))

table 2 : explain SELECT k FROM sbtest2 WHERE k BETWEEN 2914847 AND 2914947
	Index Only Scan using k_2 on sbtest2  (cost=0.43..6.75 rows=116 width=4)
	  Index Cond: ((k >= 2914847) AND (k <= 2914947))

table 3 : explain SELECT k FROM sbtest3 WHERE k BETWEEN 2914847 AND 2914947
	Index Only Scan using k_3 on sbtest3  (cost=0.43..6.45 rows=101 width=4)
	  Index Cond: ((k >= 2914847) AND (k <= 2914947))

table 4 : explain SELECT k FROM sbtest4 WHERE k BETWEEN 2914847 AND 2914947
	Index Only Scan using k_4 on sbtest4  (cost=0.43..6.29 rows=93 width=4)
	  Index Cond: ((k >= 2914847) AND (k <= 2914947))

table 5 : explain SELECT k FROM sbtest5 WHERE k BETWEEN 2914847 AND 2914947
	Index Only Scan using k_5 on sbtest5  (cost=0.43..6.53 rows=105 width=4)
	  Index Cond: ((k >= 2914847) AND (k <= 2914947))

table 6 : explain SELECT k FROM sbtest6 WHERE k BETWEEN 2914847 AND 2914947
	Index Only Scan using k_6 on sbtest6  (cost=0.43..6.47 rows=102 width=4)
	  Index Cond: ((k >= 2914847) AND (k <= 2914947))

table 7 : explain SELECT k FROM sbtest7 WHERE k BETWEEN 2914847 AND 2914947
	Index Only Scan using k_7 on sbtest7  (cost=0.43..6.63 rows=110 width=4)
	  Index Cond: ((k >= 2914847) AND (k <= 2914947))

table 8 : explain SELECT k FROM sbtest8 WHERE k BETWEEN 2914847 AND 2914947
	Index Only Scan using k_8 on sbtest8  (cost=0.43..10.50 rows=103 width=4)
	  Index Cond: ((k >= 2914847) AND (k <= 2914947))

explain: for range-covered :: explain SELECT k FROM sbtest%d WHERE k BETWEEN 2914847 AND 2914947
for range-covered
table 1 : explain SELECT k FROM sbtest1 WHERE k BETWEEN 9250707 AND 9250807
	Index Only Scan using k_1 on sbtest1  (cost=0.43..6.63 rows=110 width=4)
	  Index Cond: ((k >= 9250707) AND (k <= 9250807))

table 2 : explain SELECT k FROM sbtest2 WHERE k BETWEEN 9250707 AND 9250807
	Index Only Scan using k_2 on sbtest2  (cost=0.43..6.56 rows=106 width=4)
	  Index Cond: ((k >= 9250707) AND (k <= 9250807))

table 3 : explain SELECT k FROM sbtest3 WHERE k BETWEEN 9250707 AND 9250807
	Index Only Scan using k_3 on sbtest3  (cost=0.43..6.42 rows=99 width=4)
	  Index Cond: ((k >= 9250707) AND (k <= 9250807))

table 4 : explain SELECT k FROM sbtest4 WHERE k BETWEEN 9250707 AND 9250807
	Index Only Scan using k_4 on sbtest4  (cost=0.43..6.37 rows=97 width=4)
	  Index Cond: ((k >= 9250707) AND (k <= 9250807))

table 5 : explain SELECT k FROM sbtest5 WHERE k BETWEEN 9250707 AND 9250807
	Index Only Scan using k_5 on sbtest5  (cost=0.43..6.58 rows=107 width=4)
	  Index Cond: ((k >= 9250707) AND (k <= 9250807))

table 6 : explain SELECT k FROM sbtest6 WHERE k BETWEEN 9250707 AND 9250807
	Index Only Scan using k_6 on sbtest6  (cost=0.43..6.37 rows=97 width=4)
	  Index Cond: ((k >= 9250707) AND (k <= 9250807))

table 7 : explain SELECT k FROM sbtest7 WHERE k BETWEEN 9250707 AND 9250807
	Index Only Scan using k_7 on sbtest7  (cost=0.43..6.72 rows=114 width=4)
	  Index Cond: ((k >= 9250707) AND (k <= 9250807))

table 8 : explain SELECT k FROM sbtest8 WHERE k BETWEEN 9250707 AND 9250807
	Index Only Scan using k_8 on sbtest8  (cost=0.43..10.42 rows=99 width=4)
	  Index Cond: ((k >= 9250707) AND (k <= 9250807))

explain: for range-covered :: explain SELECT k FROM sbtest%d WHERE k BETWEEN 9250707 AND 9250807
for range-covered
table 1 : explain SELECT k FROM sbtest1 WHERE k BETWEEN 3900441 AND 3900541
	Index Only Scan using k_1 on sbtest1  (cost=0.43..6.51 rows=104 width=4)
	  Index Cond: ((k >= 3900441) AND (k <= 3900541))

table 2 : explain SELECT k FROM sbtest2 WHERE k BETWEEN 3900441 AND 3900541
	Index Only Scan using k_2 on sbtest2  (cost=0.43..6.50 rows=103 width=4)
	  Index Cond: ((k >= 3900441) AND (k <= 3900541))

table 3 : explain SELECT k FROM sbtest3 WHERE k BETWEEN 3900441 AND 3900541
	Index Only Scan using k_3 on sbtest3  (cost=0.43..6.40 rows=98 width=4)
	  Index Cond: ((k >= 3900441) AND (k <= 3900541))

table 4 : explain SELECT k FROM sbtest4 WHERE k BETWEEN 3900441 AND 3900541
	Index Only Scan using k_4 on sbtest4  (cost=0.43..6.45 rows=101 width=4)
	  Index Cond: ((k >= 3900441) AND (k <= 3900541))

table 5 : explain SELECT k FROM sbtest5 WHERE k BETWEEN 3900441 AND 3900541
	Index Only Scan using k_5 on sbtest5  (cost=0.43..6.50 rows=103 width=4)
	  Index Cond: ((k >= 3900441) AND (k <= 3900541))

table 6 : explain SELECT k FROM sbtest6 WHERE k BETWEEN 3900441 AND 3900541
	Index Only Scan using k_6 on sbtest6  (cost=0.43..6.35 rows=96 width=4)
	  Index Cond: ((k >= 3900441) AND (k <= 3900541))

table 7 : explain SELECT k FROM sbtest7 WHERE k BETWEEN 3900441 AND 3900541
	Index Only Scan using k_7 on sbtest7  (cost=0.43..6.67 rows=112 width=4)
	  Index Cond: ((k >= 3900441) AND (k <= 3900541))

table 8 : explain SELECT k FROM sbtest8 WHERE k BETWEEN 3900441 AND 3900541
	Index Only Scan using k_8 on sbtest8  (cost=0.43..10.54 rows=105 width=4)
	  Index Cond: ((k >= 3900441) AND (k <= 3900541))

explain: for range-covered :: explain SELECT k FROM sbtest%d WHERE k BETWEEN 3900441 AND 3900541
for range-covered
table 1 : explain SELECT k FROM sbtest1 WHERE k BETWEEN 9740553 AND 9740653
	Index Only Scan using k_1 on sbtest1  (cost=0.43..6.61 rows=109 width=4)
	  Index Cond: ((k >= 9740553) AND (k <= 9740653))

table 2 : explain SELECT k FROM sbtest2 WHERE k BETWEEN 9740553 AND 9740653
	Index Only Scan using k_2 on sbtest2  (cost=0.43..6.56 rows=106 width=4)
	  Index Cond: ((k >= 9740553) AND (k <= 9740653))

table 3 : explain SELECT k FROM sbtest3 WHERE k BETWEEN 9740553 AND 9740653
	Index Only Scan using k_3 on sbtest3  (cost=0.43..6.74 rows=115 width=4)
	  Index Cond: ((k >= 9740553) AND (k <= 9740653))

table 4 : explain SELECT k FROM sbtest4 WHERE k BETWEEN 9740553 AND 9740653
	Index Only Scan using k_4 on sbtest4  (cost=0.43..6.50 rows=103 width=4)
	  Index Cond: ((k >= 9740553) AND (k <= 9740653))

table 5 : explain SELECT k FROM sbtest5 WHERE k BETWEEN 9740553 AND 9740653
	Index Only Scan using k_5 on sbtest5  (cost=0.43..6.63 rows=110 width=4)
	  Index Cond: ((k >= 9740553) AND (k <= 9740653))

table 6 : explain SELECT k FROM sbtest6 WHERE k BETWEEN 9740553 AND 9740653
	Index Only Scan using k_6 on sbtest6  (cost=0.43..6.40 rows=98 width=4)
	  Index Cond: ((k >= 9740553) AND (k <= 9740653))

table 7 : explain SELECT k FROM sbtest7 WHERE k BETWEEN 9740553 AND 9740653
	Index Only Scan using k_7 on sbtest7  (cost=0.43..6.56 rows=106 width=4)
	  Index Cond: ((k >= 9740553) AND (k <= 9740653))

table 8 : explain SELECT k FROM sbtest8 WHERE k BETWEEN 9740553 AND 9740653
	Index Only Scan using k_8 on sbtest8  (cost=0.43..10.50 rows=103 width=4)
	  Index Cond: ((k >= 9740553) AND (k <= 9740653))

for range-covered
table 1 : explain SELECT k FROM sbtest1 WHERE k BETWEEN 4232908 AND 4233008
	Index Only Scan using k_1 on sbtest1  (cost=0.43..6.53 rows=105 width=4)
	  Index Cond: ((k >= 4232908) AND (k <= 4233008))

table 2 : explain SELECT k FROM sbtest2 WHERE k BETWEEN 4232908 AND 4233008
	Index Only Scan using k_2 on sbtest2  (cost=0.43..6.66 rows=111 width=4)
	  Index Cond: ((k >= 4232908) AND (k <= 4233008))

table 3 : explain SELECT k FROM sbtest3 WHERE k BETWEEN 4232908 AND 4233008
	Index Only Scan using k_3 on sbtest3  (cost=0.43..6.66 rows=111 width=4)
	  Index Cond: ((k >= 4232908) AND (k <= 4233008))

table 4 : explain SELECT k FROM sbtest4 WHERE k BETWEEN 4232908 AND 4233008
	Index Only Scan using k_4 on sbtest4  (cost=0.43..6.66 rows=111 width=4)
	  Index Cond: ((k >= 4232908) AND (k <= 4233008))

table 5 : explain SELECT k FROM sbtest5 WHERE k BETWEEN 4232908 AND 4233008
	Index Only Scan using k_5 on sbtest5  (cost=0.43..6.58 rows=107 width=4)
	  Index Cond: ((k >= 4232908) AND (k <= 4233008))

table 6 : explain SELECT k FROM sbtest6 WHERE k BETWEEN 4232908 AND 4233008
	Index Only Scan using k_6 on sbtest6  (cost=0.43..6.35 rows=96 width=4)
	  Index Cond: ((k >= 4232908) AND (k <= 4233008))

table 7 : explain SELECT k FROM sbtest7 WHERE k BETWEEN 4232908 AND 4233008
	Index Only Scan using k_7 on sbtest7  (cost=0.43..6.45 rows=101 width=4)
	  Index Cond: ((k >= 4232908) AND (k <= 4233008))

table 8 : explain SELECT k FROM sbtest8 WHERE k BETWEEN 4232908 AND 4233008
	Index Only Scan using k_8 on sbtest8  (cost=0.43..10.58 rows=107 width=4)
	  Index Cond: ((k >= 4232908) AND (k <= 4233008))

for range-covered
table 1 : explain SELECT k FROM sbtest1 WHERE k BETWEEN 5327560 AND 5327660
	Index Only Scan using k_1 on sbtest1  (cost=0.43..6.53 rows=105 width=4)
	  Index Cond: ((k >= 5327560) AND (k <= 5327660))

table 2 : explain SELECT k FROM sbtest2 WHERE k BETWEEN 5327560 AND 5327660
	Index Only Scan using k_2 on sbtest2  (cost=0.43..6.43 rows=100 width=4)
	  Index Cond: ((k >= 5327560) AND (k <= 5327660))

table 3 : explain SELECT k FROM sbtest3 WHERE k BETWEEN 5327560 AND 5327660
	Index Only Scan using k_3 on sbtest3  (cost=0.43..6.43 rows=100 width=4)
	  Index Cond: ((k >= 5327560) AND (k <= 5327660))

table 4 : explain SELECT k FROM sbtest4 WHERE k BETWEEN 5327560 AND 5327660
	Index Only Scan using k_4 on sbtest4  (cost=0.43..6.66 rows=111 width=4)
	  Index Cond: ((k >= 5327560) AND (k <= 5327660))

table 5 : explain SELECT k FROM sbtest5 WHERE k BETWEEN 5327560 AND 5327660
	Index Only Scan using k_5 on sbtest5  (cost=0.43..6.50 rows=103 width=4)
	  Index Cond: ((k >= 5327560) AND (k <= 5327660))

table 6 : explain SELECT k FROM sbtest6 WHERE k BETWEEN 5327560 AND 5327660
	Index Only Scan using k_6 on sbtest6  (cost=0.43..6.43 rows=100 width=4)
	  Index Cond: ((k >= 5327560) AND (k <= 5327660))

table 7 : explain SELECT k FROM sbtest7 WHERE k BETWEEN 5327560 AND 5327660
	Index Only Scan using k_7 on sbtest7  (cost=0.43..6.40 rows=98 width=4)
	  Index Cond: ((k >= 5327560) AND (k <= 5327660))

table 8 : explain SELECT k FROM sbtest8 WHERE k BETWEEN 5327560 AND 5327660
	Index Only Scan using k_8 on sbtest8  (cost=0.43..10.47 rows=102 width=4)
	  Index Cond: ((k >= 5327560) AND (k <= 5327660))

explain: for range-covered :: explain SELECT k FROM sbtest%d WHERE k BETWEEN 4232908 AND 4233008
for range-covered
table 1 : explain SELECT k FROM sbtest1 WHERE k BETWEEN 2914847 AND 2914947
	Index Only Scan using k_1 on sbtest1  (cost=0.43..6.43 rows=100 width=4)
	  Index Cond: ((k >= 2914847) AND (k <= 2914947))

table 2 : explain SELECT k FROM sbtest2 WHERE k BETWEEN 2914847 AND 2914947
	Index Only Scan using k_2 on sbtest2  (cost=0.43..6.75 rows=116 width=4)
	  Index Cond: ((k >= 2914847) AND (k <= 2914947))

table 3 : explain SELECT k FROM sbtest3 WHERE k BETWEEN 2914847 AND 2914947
	Index Only Scan using k_3 on sbtest3  (cost=0.43..6.45 rows=101 width=4)
	  Index Cond: ((k >= 2914847) AND (k <= 2914947))

table 4 : explain SELECT k FROM sbtest4 WHERE k BETWEEN 2914847 AND 2914947
	Index Only Scan using k_4 on sbtest4  (cost=0.43..6.29 rows=93 width=4)
	  Index Cond: ((k >= 2914847) AND (k <= 2914947))

table 5 : explain SELECT k FROM sbtest5 WHERE k BETWEEN 2914847 AND 2914947
	Index Only Scan using k_5 on sbtest5  (cost=0.43..6.53 rows=105 width=4)
	  Index Cond: ((k >= 2914847) AND (k <= 2914947))

table 6 : explain SELECT k FROM sbtest6 WHERE k BETWEEN 2914847 AND 2914947
	Index Only Scan using k_6 on sbtest6  (cost=0.43..6.47 rows=102 width=4)
	  Index Cond: ((k >= 2914847) AND (k <= 2914947))

table 7 : explain SELECT k FROM sbtest7 WHERE k BETWEEN 2914847 AND 2914947
	Index Only Scan using k_7 on sbtest7  (cost=0.43..6.63 rows=110 width=4)
	  Index Cond: ((k >= 2914847) AND (k <= 2914947))

table 8 : explain SELECT k FROM sbtest8 WHERE k BETWEEN 2914847 AND 2914947
	Index Only Scan using k_8 on sbtest8  (cost=0.43..10.50 rows=103 width=4)
	  Index Cond: ((k >= 2914847) AND (k <= 2914947))

explain: for range-covered :: explain SELECT k FROM sbtest%d WHERE k BETWEEN 9740553 AND 9740653
explain: for range-covered :: explain SELECT k FROM sbtest%d WHERE k BETWEEN 2914847 AND 2914947
for range-covered
table 1 : explain SELECT k FROM sbtest1 WHERE k BETWEEN 5706922 AND 5707022
	Index Only Scan using k_1 on sbtest1  (cost=0.43..6.35 rows=96 width=4)
	  Index Cond: ((k >= 5706922) AND (k <= 5707022))

table 2 : explain SELECT k FROM sbtest2 WHERE k BETWEEN 5706922 AND 5707022
	Index Only Scan using k_2 on sbtest2  (cost=0.43..6.69 rows=113 width=4)
	  Index Cond: ((k >= 5706922) AND (k <= 5707022))

table 3 : explain SELECT k FROM sbtest3 WHERE k BETWEEN 5706922 AND 5707022
	Index Only Scan using k_3 on sbtest3  (cost=0.43..6.32 rows=94 width=4)
	  Index Cond: ((k >= 5706922) AND (k <= 5707022))

table 4 : explain SELECT k FROM sbtest4 WHERE k BETWEEN 5706922 AND 5707022
	Index Only Scan using k_4 on sbtest4  (cost=0.43..6.33 rows=95 width=4)
	  Index Cond: ((k >= 5706922) AND (k <= 5707022))

table 5 : explain SELECT k FROM sbtest5 WHERE k BETWEEN 5706922 AND 5707022
	Index Only Scan using k_5 on sbtest5  (cost=0.43..6.43 rows=100 width=4)
	  Index Cond: ((k >= 5706922) AND (k <= 5707022))

table 6 : explain SELECT k FROM sbtest6 WHERE k BETWEEN 5706922 AND 5707022
	Index Only Scan using k_6 on sbtest6  (cost=0.43..6.24 rows=90 width=4)
	  Index Cond: ((k >= 5706922) AND (k <= 5707022))

table 7 : explain SELECT k FROM sbtest7 WHERE k BETWEEN 5706922 AND 5707022
	Index Only Scan using k_7 on sbtest7  (cost=0.43..6.43 rows=100 width=4)
	  Index Cond: ((k >= 5706922) AND (k <= 5707022))

table 8 : explain SELECT k FROM sbtest8 WHERE k BETWEEN 5706922 AND 5707022
	Index Only Scan using k_8 on sbtest8  (cost=0.43..10.44 rows=100 width=4)
	  Index Cond: ((k >= 5706922) AND (k <= 5707022))

explain: for range-covered :: explain SELECT k FROM sbtest%d WHERE k BETWEEN 5327560 AND 5327660
for range-covered
table 1 : explain SELECT k FROM sbtest1 WHERE k BETWEEN 9250707 AND 9250807
	Index Only Scan using k_1 on sbtest1  (cost=0.43..6.63 rows=110 width=4)
	  Index Cond: ((k >= 9250707) AND (k <= 9250807))

table 2 : explain SELECT k FROM sbtest2 WHERE k BETWEEN 9250707 AND 9250807
	Index Only Scan using k_2 on sbtest2  (cost=0.43..6.56 rows=106 width=4)
	  Index Cond: ((k >= 9250707) AND (k <= 9250807))

table 3 : explain SELECT k FROM sbtest3 WHERE k BETWEEN 9250707 AND 9250807
	Index Only Scan using k_3 on sbtest3  (cost=0.43..6.42 rows=99 width=4)
	  Index Cond: ((k >= 9250707) AND (k <= 9250807))

table 4 : explain SELECT k FROM sbtest4 WHERE k BETWEEN 9250707 AND 9250807
	Index Only Scan using k_4 on sbtest4  (cost=0.43..6.37 rows=97 width=4)
	  Index Cond: ((k >= 9250707) AND (k <= 9250807))

table 5 : explain SELECT k FROM sbtest5 WHERE k BETWEEN 9250707 AND 9250807
	Index Only Scan using k_5 on sbtest5  (cost=0.43..6.58 rows=107 width=4)
	  Index Cond: ((k >= 9250707) AND (k <= 9250807))

table 6 : explain SELECT k FROM sbtest6 WHERE k BETWEEN 9250707 AND 9250807
	Index Only Scan using k_6 on sbtest6  (cost=0.43..6.37 rows=97 width=4)
	  Index Cond: ((k >= 9250707) AND (k <= 9250807))

table 7 : explain SELECT k FROM sbtest7 WHERE k BETWEEN 9250707 AND 9250807
	Index Only Scan using k_7 on sbtest7  (cost=0.43..6.72 rows=114 width=4)
	  Index Cond: ((k >= 9250707) AND (k <= 9250807))

table 8 : explain SELECT k FROM sbtest8 WHERE k BETWEEN 9250707 AND 9250807
	Index Only Scan using k_8 on sbtest8  (cost=0.43..10.42 rows=99 width=4)
	  Index Cond: ((k >= 9250707) AND (k <= 9250807))

for range-covered
table 1 : explain SELECT k FROM sbtest1 WHERE k BETWEEN 2337543 AND 2337643
	Index Only Scan using k_1 on sbtest1  (cost=0.43..6.25 rows=91 width=4)
	  Index Cond: ((k >= 2337543) AND (k <= 2337643))

table 2 : explain SELECT k FROM sbtest2 WHERE k BETWEEN 2337543 AND 2337643
	Index Only Scan using k_2 on sbtest2  (cost=0.43..6.40 rows=98 width=4)
	  Index Cond: ((k >= 2337543) AND (k <= 2337643))

table 3 : explain SELECT k FROM sbtest3 WHERE k BETWEEN 2337543 AND 2337643
	Index Only Scan using k_3 on sbtest3  (cost=0.43..6.66 rows=111 width=4)
	  Index Cond: ((k >= 2337543) AND (k <= 2337643))

table 4 : explain SELECT k FROM sbtest4 WHERE k BETWEEN 2337543 AND 2337643
	Index Only Scan using k_4 on sbtest4  (cost=0.43..6.67 rows=112 width=4)
	  Index Cond: ((k >= 2337543) AND (k <= 2337643))

table 5 : explain SELECT k FROM sbtest5 WHERE k BETWEEN 2337543 AND 2337643
	Index Only Scan using k_5 on sbtest5  (cost=0.43..6.56 rows=106 width=4)
	  Index Cond: ((k >= 2337543) AND (k <= 2337643))

table 6 : explain SELECT k FROM sbtest6 WHERE k BETWEEN 2337543 AND 2337643
	Index Only Scan using k_6 on sbtest6  (cost=0.43..6.27 rows=92 width=4)
	  Index Cond: ((k >= 2337543) AND (k <= 2337643))

table 7 : explain SELECT k FROM sbtest7 WHERE k BETWEEN 2337543 AND 2337643
	Index Only Scan using k_7 on sbtest7  (cost=0.43..6.42 rows=99 width=4)
	  Index Cond: ((k >= 2337543) AND (k <= 2337643))

table 8 : explain SELECT k FROM sbtest8 WHERE k BETWEEN 2337543 AND 2337643
	Index Only Scan using k_8 on sbtest8  (cost=0.43..10.62 rows=109 width=4)
	  Index Cond: ((k >= 2337543) AND (k <= 2337643))

explain: for range-covered :: explain SELECT k FROM sbtest%d WHERE k BETWEEN 9250707 AND 9250807
for range-covered
table 1 : explain SELECT k FROM sbtest1 WHERE k BETWEEN 4262042 AND 4262142
	Index Only Scan using k_1 on sbtest1  (cost=0.43..6.53 rows=105 width=4)
	  Index Cond: ((k >= 4262042) AND (k <= 4262142))

table 2 : explain SELECT k FROM sbtest2 WHERE k BETWEEN 4262042 AND 4262142
	Index Only Scan using k_2 on sbtest2  (cost=0.43..6.42 rows=99 width=4)
	  Index Cond: ((k >= 4262042) AND (k <= 4262142))

table 3 : explain SELECT k FROM sbtest3 WHERE k BETWEEN 4262042 AND 4262142
	Index Only Scan using k_3 on sbtest3  (cost=0.43..6.66 rows=111 width=4)
	  Index Cond: ((k >= 4262042) AND (k <= 4262142))

table 4 : explain SELECT k FROM sbtest4 WHERE k BETWEEN 4262042 AND 4262142
	Index Only Scan using k_4 on sbtest4  (cost=0.43..6.66 rows=111 width=4)
	  Index Cond: ((k >= 4262042) AND (k <= 4262142))

table 5 : explain SELECT k FROM sbtest5 WHERE k BETWEEN 4262042 AND 4262142
	Index Only Scan using k_5 on sbtest5  (cost=0.43..6.58 rows=107 width=4)
	  Index Cond: ((k >= 4262042) AND (k <= 4262142))

table 6 : explain SELECT k FROM sbtest6 WHERE k BETWEEN 4262042 AND 4262142
	Index Only Scan using k_6 on sbtest6  (cost=0.43..6.35 rows=96 width=4)
	  Index Cond: ((k >= 4262042) AND (k <= 4262142))

table 7 : explain SELECT k FROM sbtest7 WHERE k BETWEEN 4262042 AND 4262142
	Index Only Scan using k_7 on sbtest7  (cost=0.43..6.45 rows=101 width=4)
	  Index Cond: ((k >= 4262042) AND (k <= 4262142))

table 8 : explain SELECT k FROM sbtest8 WHERE k BETWEEN 4262042 AND 4262142
	Index Only Scan using k_8 on sbtest8  (cost=0.43..10.58 rows=107 width=4)
	  Index Cond: ((k >= 4262042) AND (k <= 4262142))

explain: for range-covered :: explain SELECT k FROM sbtest%d WHERE k BETWEEN 5706922 AND 5707022
explain: for range-covered :: explain SELECT k FROM sbtest%d WHERE k BETWEEN 2337543 AND 2337643
for range-covered
table 1 : explain SELECT k FROM sbtest1 WHERE k BETWEEN 3900441 AND 3900541
	Index Only Scan using k_1 on sbtest1  (cost=0.43..6.51 rows=104 width=4)
	  Index Cond: ((k >= 3900441) AND (k <= 3900541))

table 2 : explain SELECT k FROM sbtest2 WHERE k BETWEEN 3900441 AND 3900541
	Index Only Scan using k_2 on sbtest2  (cost=0.43..6.50 rows=103 width=4)
	  Index Cond: ((k >= 3900441) AND (k <= 3900541))

table 3 : explain SELECT k FROM sbtest3 WHERE k BETWEEN 3900441 AND 3900541
	Index Only Scan using k_3 on sbtest3  (cost=0.43..6.40 rows=98 width=4)
	  Index Cond: ((k >= 3900441) AND (k <= 3900541))

table 4 : explain SELECT k FROM sbtest4 WHERE k BETWEEN 3900441 AND 3900541
	Index Only Scan using k_4 on sbtest4  (cost=0.43..6.45 rows=101 width=4)
	  Index Cond: ((k >= 3900441) AND (k <= 3900541))

table 5 : explain SELECT k FROM sbtest5 WHERE k BETWEEN 3900441 AND 3900541
	Index Only Scan using k_5 on sbtest5  (cost=0.43..6.50 rows=103 width=4)
	  Index Cond: ((k >= 3900441) AND (k <= 3900541))

table 6 : explain SELECT k FROM sbtest6 WHERE k BETWEEN 3900441 AND 3900541
	Index Only Scan using k_6 on sbtest6  (cost=0.43..6.35 rows=96 width=4)
	  Index Cond: ((k >= 3900441) AND (k <= 3900541))

table 7 : explain SELECT k FROM sbtest7 WHERE k BETWEEN 3900441 AND 3900541
	Index Only Scan using k_7 on sbtest7  (cost=0.43..6.67 rows=112 width=4)
	  Index Cond: ((k >= 3900441) AND (k <= 3900541))

table 8 : explain SELECT k FROM sbtest8 WHERE k BETWEEN 3900441 AND 3900541
	Index Only Scan using k_8 on sbtest8  (cost=0.43..10.54 rows=105 width=4)
	  Index Cond: ((k >= 3900441) AND (k <= 3900541))

explain: for range-covered :: explain SELECT k FROM sbtest%d WHERE k BETWEEN 3900441 AND 3900541
explain: for range-covered :: explain SELECT k FROM sbtest%d WHERE k BETWEEN 4262042 AND 4262142
for range-covered
table 1 : explain SELECT k FROM sbtest1 WHERE k BETWEEN 4232908 AND 4233008
	Index Only Scan using k_1 on sbtest1  (cost=0.43..6.53 rows=105 width=4)
	  Index Cond: ((k >= 4232908) AND (k <= 4233008))

table 2 : explain SELECT k FROM sbtest2 WHERE k BETWEEN 4232908 AND 4233008
	Index Only Scan using k_2 on sbtest2  (cost=0.43..6.66 rows=111 width=4)
	  Index Cond: ((k >= 4232908) AND (k <= 4233008))

table 3 : explain SELECT k FROM sbtest3 WHERE k BETWEEN 4232908 AND 4233008
	Index Only Scan using k_3 on sbtest3  (cost=0.43..6.66 rows=111 width=4)
	  Index Cond: ((k >= 4232908) AND (k <= 4233008))

table 4 : explain SELECT k FROM sbtest4 WHERE k BETWEEN 4232908 AND 4233008
	Index Only Scan using k_4 on sbtest4  (cost=0.43..6.66 rows=111 width=4)
	  Index Cond: ((k >= 4232908) AND (k <= 4233008))

table 5 : explain SELECT k FROM sbtest5 WHERE k BETWEEN 4232908 AND 4233008
	Index Only Scan using k_5 on sbtest5  (cost=0.43..6.58 rows=107 width=4)
	  Index Cond: ((k >= 4232908) AND (k <= 4233008))

table 6 : explain SELECT k FROM sbtest6 WHERE k BETWEEN 4232908 AND 4233008
	Index Only Scan using k_6 on sbtest6  (cost=0.43..6.35 rows=96 width=4)
	  Index Cond: ((k >= 4232908) AND (k <= 4233008))

table 7 : explain SELECT k FROM sbtest7 WHERE k BETWEEN 4232908 AND 4233008
	Index Only Scan using k_7 on sbtest7  (cost=0.43..6.45 rows=101 width=4)
	  Index Cond: ((k >= 4232908) AND (k <= 4233008))

table 8 : explain SELECT k FROM sbtest8 WHERE k BETWEEN 4232908 AND 4233008
	Index Only Scan using k_8 on sbtest8  (cost=0.43..10.58 rows=107 width=4)
	  Index Cond: ((k >= 4232908) AND (k <= 4233008))

for range-covered
table 1 : explain SELECT k FROM sbtest1 WHERE k BETWEEN 9740553 AND 9740653
	Index Only Scan using k_1 on sbtest1  (cost=0.43..6.61 rows=109 width=4)
	  Index Cond: ((k >= 9740553) AND (k <= 9740653))

table 2 : explain SELECT k FROM sbtest2 WHERE k BETWEEN 9740553 AND 9740653
	Index Only Scan using k_2 on sbtest2  (cost=0.43..6.56 rows=106 width=4)
	  Index Cond: ((k >= 9740553) AND (k <= 9740653))

table 3 : explain SELECT k FROM sbtest3 WHERE k BETWEEN 9740553 AND 9740653
	Index Only Scan using k_3 on sbtest3  (cost=0.43..6.74 rows=115 width=4)
	  Index Cond: ((k >= 9740553) AND (k <= 9740653))

table 4 : explain SELECT k FROM sbtest4 WHERE k BETWEEN 9740553 AND 9740653
	Index Only Scan using k_4 on sbtest4  (cost=0.43..6.50 rows=103 width=4)
	  Index Cond: ((k >= 9740553) AND (k <= 9740653))

table 5 : explain SELECT k FROM sbtest5 WHERE k BETWEEN 9740553 AND 9740653
	Index Only Scan using k_5 on sbtest5  (cost=0.43..6.63 rows=110 width=4)
	  Index Cond: ((k >= 9740553) AND (k <= 9740653))

table 6 : explain SELECT k FROM sbtest6 WHERE k BETWEEN 9740553 AND 9740653
	Index Only Scan using k_6 on sbtest6  (cost=0.43..6.40 rows=98 width=4)
	  Index Cond: ((k >= 9740553) AND (k <= 9740653))

table 7 : explain SELECT k FROM sbtest7 WHERE k BETWEEN 9740553 AND 9740653
	Index Only Scan using k_7 on sbtest7  (cost=0.43..6.56 rows=106 width=4)
	  Index Cond: ((k >= 9740553) AND (k <= 9740653))

table 8 : explain SELECT k FROM sbtest8 WHERE k BETWEEN 9740553 AND 9740653
	Index Only Scan using k_8 on sbtest8  (cost=0.43..10.50 rows=103 width=4)
	  Index Cond: ((k >= 9740553) AND (k <= 9740653))

explain: for range-covered :: explain SELECT k FROM sbtest%d WHERE k BETWEEN 4232908 AND 4233008
for range-covered
table 1 : explain SELECT k FROM sbtest1 WHERE k BETWEEN 2914847 AND 2914947
	Index Only Scan using k_1 on sbtest1  (cost=0.43..6.43 rows=100 width=4)
	  Index Cond: ((k >= 2914847) AND (k <= 2914947))

table 2 : explain SELECT k FROM sbtest2 WHERE k BETWEEN 2914847 AND 2914947
	Index Only Scan using k_2 on sbtest2  (cost=0.43..6.75 rows=116 width=4)
	  Index Cond: ((k >= 2914847) AND (k <= 2914947))

table 3 : explain SELECT k FROM sbtest3 WHERE k BETWEEN 2914847 AND 2914947
	Index Only Scan using k_3 on sbtest3  (cost=0.43..6.45 rows=101 width=4)
	  Index Cond: ((k >= 2914847) AND (k <= 2914947))

table 4 : explain SELECT k FROM sbtest4 WHERE k BETWEEN 2914847 AND 2914947
	Index Only Scan using k_4 on sbtest4  (cost=0.43..6.29 rows=93 width=4)
	  Index Cond: ((k >= 2914847) AND (k <= 2914947))

table 5 : explain SELECT k FROM sbtest5 WHERE k BETWEEN 2914847 AND 2914947
	Index Only Scan using k_5 on sbtest5  (cost=0.43..6.53 rows=105 width=4)
	  Index Cond: ((k >= 2914847) AND (k <= 2914947))

table 6 : explain SELECT k FROM sbtest6 WHERE k BETWEEN 2914847 AND 2914947
	Index Only Scan using k_6 on sbtest6  (cost=0.43..6.47 rows=102 width=4)
	  Index Cond: ((k >= 2914847) AND (k <= 2914947))

table 7 : explain SELECT k FROM sbtest7 WHERE k BETWEEN 2914847 AND 2914947
	Index Only Scan using k_7 on sbtest7  (cost=0.43..6.63 rows=110 width=4)
	  Index Cond: ((k >= 2914847) AND (k <= 2914947))

table 8 : explain SELECT k FROM sbtest8 WHERE k BETWEEN 2914847 AND 2914947
	Index Only Scan using k_8 on sbtest8  (cost=0.43..10.50 rows=103 width=4)
	  Index Cond: ((k >= 2914847) AND (k <= 2914947))

explain: for range-covered :: explain SELECT k FROM sbtest%d WHERE k BETWEEN 2914847 AND 2914947
for range-covered
table 1 : explain SELECT k FROM sbtest1 WHERE k BETWEEN 6766464 AND 6766564
	Index Only Scan using k_1 on sbtest1  (cost=0.43..6.40 rows=98 width=4)
	  Index Cond: ((k >= 6766464) AND (k <= 6766564))

table 2 : explain SELECT k FROM sbtest2 WHERE k BETWEEN 6766464 AND 6766564
	Index Only Scan using k_2 on sbtest2  (cost=0.43..6.42 rows=99 width=4)
	  Index Cond: ((k >= 6766464) AND (k <= 6766564))

table 3 : explain SELECT k FROM sbtest3 WHERE k BETWEEN 6766464 AND 6766564
	Index Only Scan using k_3 on sbtest3  (cost=0.43..6.72 rows=114 width=4)
	  Index Cond: ((k >= 6766464) AND (k <= 6766564))

table 4 : explain SELECT k FROM sbtest4 WHERE k BETWEEN 6766464 AND 6766564
	Index Only Scan using k_4 on sbtest4  (cost=0.43..6.43 rows=100 width=4)
	  Index Cond: ((k >= 6766464) AND (k <= 6766564))

table 5 : explain SELECT k FROM sbtest5 WHERE k BETWEEN 6766464 AND 6766564
	Index Only Scan using k_5 on sbtest5  (cost=0.43..6.67 rows=112 width=4)
	  Index Cond: ((k >= 6766464) AND (k <= 6766564))

table 6 : explain SELECT k FROM sbtest6 WHERE k BETWEEN 6766464 AND 6766564
	Index Only Scan using k_6 on sbtest6  (cost=0.43..6.61 rows=109 width=4)
	  Index Cond: ((k >= 6766464) AND (k <= 6766564))

table 7 : explain SELECT k FROM sbtest7 WHERE k BETWEEN 6766464 AND 6766564
	Index Only Scan using k_7 on sbtest7  (cost=0.43..6.27 rows=92 width=4)
	  Index Cond: ((k >= 6766464) AND (k <= 6766564))

table 8 : explain SELECT k FROM sbtest8 WHERE k BETWEEN 6766464 AND 6766564
	Index Only Scan using k_8 on sbtest8  (cost=0.43..10.63 rows=110 width=4)
	  Index Cond: ((k >= 6766464) AND (k <= 6766564))

for range-covered
table 1 : explain SELECT k FROM sbtest1 WHERE k BETWEEN 7983446 AND 7983546
	Index Only Scan using k_1 on sbtest1  (cost=0.43..6.50 rows=103 width=4)
	  Index Cond: ((k >= 7983446) AND (k <= 7983546))

table 2 : explain SELECT k FROM sbtest2 WHERE k BETWEEN 7983446 AND 7983546
	Index Only Scan using k_2 on sbtest2  (cost=0.43..6.45 rows=101 width=4)
	  Index Cond: ((k >= 7983446) AND (k <= 7983546))

table 3 : explain SELECT k FROM sbtest3 WHERE k BETWEEN 7983446 AND 7983546
	Index Only Scan using k_3 on sbtest3  (cost=0.43..6.50 rows=103 width=4)
	  Index Cond: ((k >= 7983446) AND (k <= 7983546))

table 4 : explain SELECT k FROM sbtest4 WHERE k BETWEEN 7983446 AND 7983546
	Index Only Scan using k_4 on sbtest4  (cost=0.43..6.51 rows=104 width=4)
	  Index Cond: ((k >= 7983446) AND (k <= 7983546))

table 5 : explain SELECT k FROM sbtest5 WHERE k BETWEEN 7983446 AND 7983546
	Index Only Scan using k_5 on sbtest5  (cost=0.43..6.61 rows=109 width=4)
	  Index Cond: ((k >= 7983446) AND (k <= 7983546))

table 6 : explain SELECT k FROM sbtest6 WHERE k BETWEEN 7983446 AND 7983546
	Index Only Scan using k_6 on sbtest6  (cost=0.43..6.67 rows=112 width=4)
	  Index Cond: ((k >= 7983446) AND (k <= 7983546))

table 7 : explain SELECT k FROM sbtest7 WHERE k BETWEEN 7983446 AND 7983546
	Index Only Scan using k_7 on sbtest7  (cost=0.43..6.45 rows=101 width=4)
	  Index Cond: ((k >= 7983446) AND (k <= 7983546))

table 8 : explain SELECT k FROM sbtest8 WHERE k BETWEEN 7983446 AND 7983546
	Index Only Scan using k_8 on sbtest8  (cost=0.43..10.60 rows=108 width=4)
	  Index Cond: ((k >= 7983446) AND (k <= 7983546))

explain: for range-covered :: explain SELECT k FROM sbtest%d WHERE k BETWEEN 6766464 AND 6766564
explain: for range-covered :: explain SELECT k FROM sbtest%d WHERE k BETWEEN 7983446 AND 7983546
for range-covered
table 1 : explain SELECT k FROM sbtest1 WHERE k BETWEEN 9250707 AND 9250807
	Index Only Scan using k_1 on sbtest1  (cost=0.43..6.63 rows=110 width=4)
	  Index Cond: ((k >= 9250707) AND (k <= 9250807))

table 2 : explain SELECT k FROM sbtest2 WHERE k BETWEEN 9250707 AND 9250807
	Index Only Scan using k_2 on sbtest2  (cost=0.43..6.56 rows=106 width=4)
	  Index Cond: ((k >= 9250707) AND (k <= 9250807))

table 3 : explain SELECT k FROM sbtest3 WHERE k BETWEEN 9250707 AND 9250807
	Index Only Scan using k_3 on sbtest3  (cost=0.43..6.42 rows=99 width=4)
	  Index Cond: ((k >= 9250707) AND (k <= 9250807))

table 4 : explain SELECT k FROM sbtest4 WHERE k BETWEEN 9250707 AND 9250807
	Index Only Scan using k_4 on sbtest4  (cost=0.43..6.37 rows=97 width=4)
	  Index Cond: ((k >= 9250707) AND (k <= 9250807))

table 5 : explain SELECT k FROM sbtest5 WHERE k BETWEEN 9250707 AND 9250807
	Index Only Scan using k_5 on sbtest5  (cost=0.43..6.58 rows=107 width=4)
	  Index Cond: ((k >= 9250707) AND (k <= 9250807))

table 6 : explain SELECT k FROM sbtest6 WHERE k BETWEEN 9250707 AND 9250807
	Index Only Scan using k_6 on sbtest6  (cost=0.43..6.37 rows=97 width=4)
	  Index Cond: ((k >= 9250707) AND (k <= 9250807))

table 7 : explain SELECT k FROM sbtest7 WHERE k BETWEEN 9250707 AND 9250807
	Index Only Scan using k_7 on sbtest7  (cost=0.43..6.72 rows=114 width=4)
	  Index Cond: ((k >= 9250707) AND (k <= 9250807))

table 8 : explain SELECT k FROM sbtest8 WHERE k BETWEEN 9250707 AND 9250807
	Index Only Scan using k_8 on sbtest8  (cost=0.43..10.42 rows=99 width=4)
	  Index Cond: ((k >= 9250707) AND (k <= 9250807))

for range-covered
table 1 : explain SELECT k FROM sbtest1 WHERE k BETWEEN 2337543 AND 2337643
	Index Only Scan using k_1 on sbtest1  (cost=0.43..6.25 rows=91 width=4)
	  Index Cond: ((k >= 2337543) AND (k <= 2337643))

table 2 : explain SELECT k FROM sbtest2 WHERE k BETWEEN 2337543 AND 2337643
	Index Only Scan using k_2 on sbtest2  (cost=0.43..6.40 rows=98 width=4)
	  Index Cond: ((k >= 2337543) AND (k <= 2337643))

table 3 : explain SELECT k FROM sbtest3 WHERE k BETWEEN 2337543 AND 2337643
	Index Only Scan using k_3 on sbtest3  (cost=0.43..6.66 rows=111 width=4)
	  Index Cond: ((k >= 2337543) AND (k <= 2337643))

table 4 : explain SELECT k FROM sbtest4 WHERE k BETWEEN 2337543 AND 2337643
	Index Only Scan using k_4 on sbtest4  (cost=0.43..6.67 rows=112 width=4)
	  Index Cond: ((k >= 2337543) AND (k <= 2337643))

table 5 : explain SELECT k FROM sbtest5 WHERE k BETWEEN 2337543 AND 2337643
	Index Only Scan using k_5 on sbtest5  (cost=0.43..6.56 rows=106 width=4)
	  Index Cond: ((k >= 2337543) AND (k <= 2337643))

table 6 : explain SELECT k FROM sbtest6 WHERE k BETWEEN 2337543 AND 2337643
	Index Only Scan using k_6 on sbtest6  (cost=0.43..6.27 rows=92 width=4)
	  Index Cond: ((k >= 2337543) AND (k <= 2337643))

table 7 : explain SELECT k FROM sbtest7 WHERE k BETWEEN 2337543 AND 2337643
	Index Only Scan using k_7 on sbtest7  (cost=0.43..6.42 rows=99 width=4)
	  Index Cond: ((k >= 2337543) AND (k <= 2337643))

table 8 : explain SELECT k FROM sbtest8 WHERE k BETWEEN 2337543 AND 2337643
	Index Only Scan using k_8 on sbtest8  (cost=0.43..10.62 rows=109 width=4)
	  Index Cond: ((k >= 2337543) AND (k <= 2337643))

explain: for range-covered :: explain SELECT k FROM sbtest%d WHERE k BETWEEN 9250707 AND 9250807
explain: for range-covered :: explain SELECT k FROM sbtest%d WHERE k BETWEEN 2337543 AND 2337643
for range-covered
table 1 : explain SELECT k FROM sbtest1 WHERE k BETWEEN 3900441 AND 3900541
	Index Only Scan using k_1 on sbtest1  (cost=0.43..6.51 rows=104 width=4)
	  Index Cond: ((k >= 3900441) AND (k <= 3900541))

table 2 : explain SELECT k FROM sbtest2 WHERE k BETWEEN 3900441 AND 3900541
	Index Only Scan using k_2 on sbtest2  (cost=0.43..6.50 rows=103 width=4)
	  Index Cond: ((k >= 3900441) AND (k <= 3900541))

table 3 : explain SELECT k FROM sbtest3 WHERE k BETWEEN 3900441 AND 3900541
	Index Only Scan using k_3 on sbtest3  (cost=0.43..6.40 rows=98 width=4)
	  Index Cond: ((k >= 3900441) AND (k <= 3900541))

table 4 : explain SELECT k FROM sbtest4 WHERE k BETWEEN 3900441 AND 3900541
	Index Only Scan using k_4 on sbtest4  (cost=0.43..6.45 rows=101 width=4)
	  Index Cond: ((k >= 3900441) AND (k <= 3900541))

table 5 : explain SELECT k FROM sbtest5 WHERE k BETWEEN 3900441 AND 3900541
	Index Only Scan using k_5 on sbtest5  (cost=0.43..6.50 rows=103 width=4)
	  Index Cond: ((k >= 3900441) AND (k <= 3900541))

table 6 : explain SELECT k FROM sbtest6 WHERE k BETWEEN 3900441 AND 3900541
	Index Only Scan using k_6 on sbtest6  (cost=0.43..6.35 rows=96 width=4)
	  Index Cond: ((k >= 3900441) AND (k <= 3900541))

table 7 : explain SELECT k FROM sbtest7 WHERE k BETWEEN 3900441 AND 3900541
	Index Only Scan using k_7 on sbtest7  (cost=0.43..6.67 rows=112 width=4)
	  Index Cond: ((k >= 3900441) AND (k <= 3900541))

table 8 : explain SELECT k FROM sbtest8 WHERE k BETWEEN 3900441 AND 3900541
	Index Only Scan using k_8 on sbtest8  (cost=0.43..10.54 rows=105 width=4)
	  Index Cond: ((k >= 3900441) AND (k <= 3900541))

explain: for range-covered :: explain SELECT k FROM sbtest%d WHERE k BETWEEN 3900441 AND 3900541
for range-covered
table 1 : explain SELECT k FROM sbtest1 WHERE k BETWEEN 4232908 AND 4233008
	Index Only Scan using k_1 on sbtest1  (cost=0.43..6.53 rows=105 width=4)
	  Index Cond: ((k >= 4232908) AND (k <= 4233008))

table 2 : explain SELECT k FROM sbtest2 WHERE k BETWEEN 4232908 AND 4233008
	Index Only Scan using k_2 on sbtest2  (cost=0.43..6.66 rows=111 width=4)
	  Index Cond: ((k >= 4232908) AND (k <= 4233008))

table 3 : explain SELECT k FROM sbtest3 WHERE k BETWEEN 4232908 AND 4233008
	Index Only Scan using k_3 on sbtest3  (cost=0.43..6.66 rows=111 width=4)
	  Index Cond: ((k >= 4232908) AND (k <= 4233008))

table 4 : explain SELECT k FROM sbtest4 WHERE k BETWEEN 4232908 AND 4233008
	Index Only Scan using k_4 on sbtest4  (cost=0.43..6.66 rows=111 width=4)
	  Index Cond: ((k >= 4232908) AND (k <= 4233008))

table 5 : explain SELECT k FROM sbtest5 WHERE k BETWEEN 4232908 AND 4233008
	Index Only Scan using k_5 on sbtest5  (cost=0.43..6.58 rows=107 width=4)
	  Index Cond: ((k >= 4232908) AND (k <= 4233008))

table 6 : explain SELECT k FROM sbtest6 WHERE k BETWEEN 4232908 AND 4233008
	Index Only Scan using k_6 on sbtest6  (cost=0.43..6.35 rows=96 width=4)
	  Index Cond: ((k >= 4232908) AND (k <= 4233008))

table 7 : explain SELECT k FROM sbtest7 WHERE k BETWEEN 4232908 AND 4233008
	Index Only Scan using k_7 on sbtest7  (cost=0.43..6.45 rows=101 width=4)
	  Index Cond: ((k >= 4232908) AND (k <= 4233008))

table 8 : explain SELECT k FROM sbtest8 WHERE k BETWEEN 4232908 AND 4233008
	Index Only Scan using k_8 on sbtest8  (cost=0.43..10.58 rows=107 width=4)
	  Index Cond: ((k >= 4232908) AND (k <= 4233008))

explain: for range-covered :: explain SELECT k FROM sbtest%d WHERE k BETWEEN 4232908 AND 4233008
for range-covered
table 1 : explain SELECT k FROM sbtest1 WHERE k BETWEEN 2914847 AND 2914947
	Index Only Scan using k_1 on sbtest1  (cost=0.43..6.43 rows=100 width=4)
	  Index Cond: ((k >= 2914847) AND (k <= 2914947))

table 2 : explain SELECT k FROM sbtest2 WHERE k BETWEEN 2914847 AND 2914947
	Index Only Scan using k_2 on sbtest2  (cost=0.43..6.75 rows=116 width=4)
	  Index Cond: ((k >= 2914847) AND (k <= 2914947))

table 3 : explain SELECT k FROM sbtest3 WHERE k BETWEEN 2914847 AND 2914947
	Index Only Scan using k_3 on sbtest3  (cost=0.43..6.45 rows=101 width=4)
	  Index Cond: ((k >= 2914847) AND (k <= 2914947))

table 4 : explain SELECT k FROM sbtest4 WHERE k BETWEEN 2914847 AND 2914947
	Index Only Scan using k_4 on sbtest4  (cost=0.43..6.29 rows=93 width=4)
	  Index Cond: ((k >= 2914847) AND (k <= 2914947))

table 5 : explain SELECT k FROM sbtest5 WHERE k BETWEEN 2914847 AND 2914947
	Index Only Scan using k_5 on sbtest5  (cost=0.43..6.53 rows=105 width=4)
	  Index Cond: ((k >= 2914847) AND (k <= 2914947))

table 6 : explain SELECT k FROM sbtest6 WHERE k BETWEEN 2914847 AND 2914947
	Index Only Scan using k_6 on sbtest6  (cost=0.43..6.47 rows=102 width=4)
	  Index Cond: ((k >= 2914847) AND (k <= 2914947))

table 7 : explain SELECT k FROM sbtest7 WHERE k BETWEEN 2914847 AND 2914947
	Index Only Scan using k_7 on sbtest7  (cost=0.43..6.63 rows=110 width=4)
	  Index Cond: ((k >= 2914847) AND (k <= 2914947))

table 8 : explain SELECT k FROM sbtest8 WHERE k BETWEEN 2914847 AND 2914947
	Index Only Scan using k_8 on sbtest8  (cost=0.43..10.50 rows=103 width=4)
	  Index Cond: ((k >= 2914847) AND (k <= 2914947))

explain: for range-covered :: explain SELECT k FROM sbtest%d WHERE k BETWEEN 2914847 AND 2914947
for range-covered
table 1 : explain SELECT k FROM sbtest1 WHERE k BETWEEN 6766464 AND 6766564
	Index Only Scan using k_1 on sbtest1  (cost=0.43..6.40 rows=98 width=4)
	  Index Cond: ((k >= 6766464) AND (k <= 6766564))

table 2 : explain SELECT k FROM sbtest2 WHERE k BETWEEN 6766464 AND 6766564
	Index Only Scan using k_2 on sbtest2  (cost=0.43..6.42 rows=99 width=4)
	  Index Cond: ((k >= 6766464) AND (k <= 6766564))

table 3 : explain SELECT k FROM sbtest3 WHERE k BETWEEN 6766464 AND 6766564
	Index Only Scan using k_3 on sbtest3  (cost=0.43..6.72 rows=114 width=4)
	  Index Cond: ((k >= 6766464) AND (k <= 6766564))

table 4 : explain SELECT k FROM sbtest4 WHERE k BETWEEN 6766464 AND 6766564
	Index Only Scan using k_4 on sbtest4  (cost=0.43..6.43 rows=100 width=4)
	  Index Cond: ((k >= 6766464) AND (k <= 6766564))

table 5 : explain SELECT k FROM sbtest5 WHERE k BETWEEN 6766464 AND 6766564
	Index Only Scan using k_5 on sbtest5  (cost=0.43..6.67 rows=112 width=4)
	  Index Cond: ((k >= 6766464) AND (k <= 6766564))

table 6 : explain SELECT k FROM sbtest6 WHERE k BETWEEN 6766464 AND 6766564
	Index Only Scan using k_6 on sbtest6  (cost=0.43..6.61 rows=109 width=4)
	  Index Cond: ((k >= 6766464) AND (k <= 6766564))

table 7 : explain SELECT k FROM sbtest7 WHERE k BETWEEN 6766464 AND 6766564
	Index Only Scan using k_7 on sbtest7  (cost=0.43..6.27 rows=92 width=4)
	  Index Cond: ((k >= 6766464) AND (k <= 6766564))

table 8 : explain SELECT k FROM sbtest8 WHERE k BETWEEN 6766464 AND 6766564
	Index Only Scan using k_8 on sbtest8  (cost=0.43..10.63 rows=110 width=4)
	  Index Cond: ((k >= 6766464) AND (k <= 6766564))

for range-covered
table 1 : explain SELECT k FROM sbtest1 WHERE k BETWEEN 9250707 AND 9250807
	Index Only Scan using k_1 on sbtest1  (cost=0.43..6.63 rows=110 width=4)
	  Index Cond: ((k >= 9250707) AND (k <= 9250807))

table 2 : explain SELECT k FROM sbtest2 WHERE k BETWEEN 9250707 AND 9250807
	Index Only Scan using k_2 on sbtest2  (cost=0.43..6.56 rows=106 width=4)
	  Index Cond: ((k >= 9250707) AND (k <= 9250807))

table 3 : explain SELECT k FROM sbtest3 WHERE k BETWEEN 9250707 AND 9250807
	Index Only Scan using k_3 on sbtest3  (cost=0.43..6.42 rows=99 width=4)
	  Index Cond: ((k >= 9250707) AND (k <= 9250807))

table 4 : explain SELECT k FROM sbtest4 WHERE k BETWEEN 9250707 AND 9250807
	Index Only Scan using k_4 on sbtest4  (cost=0.43..6.37 rows=97 width=4)
	  Index Cond: ((k >= 9250707) AND (k <= 9250807))

table 5 : explain SELECT k FROM sbtest5 WHERE k BETWEEN 9250707 AND 9250807
	Index Only Scan using k_5 on sbtest5  (cost=0.43..6.58 rows=107 width=4)
	  Index Cond: ((k >= 9250707) AND (k <= 9250807))

table 6 : explain SELECT k FROM sbtest6 WHERE k BETWEEN 9250707 AND 9250807
	Index Only Scan using k_6 on sbtest6  (cost=0.43..6.37 rows=97 width=4)
	  Index Cond: ((k >= 9250707) AND (k <= 9250807))

table 7 : explain SELECT k FROM sbtest7 WHERE k BETWEEN 9250707 AND 9250807
	Index Only Scan using k_7 on sbtest7  (cost=0.43..6.72 rows=114 width=4)
	  Index Cond: ((k >= 9250707) AND (k <= 9250807))

table 8 : explain SELECT k FROM sbtest8 WHERE k BETWEEN 9250707 AND 9250807
	Index Only Scan using k_8 on sbtest8  (cost=0.43..10.42 rows=99 width=4)
	  Index Cond: ((k >= 9250707) AND (k <= 9250807))

for range-covered
table 1 : explain SELECT k FROM sbtest1 WHERE k BETWEEN 7983446 AND 7983546
	Index Only Scan using k_1 on sbtest1  (cost=0.43..6.50 rows=103 width=4)
	  Index Cond: ((k >= 7983446) AND (k <= 7983546))

table 2 : explain SELECT k FROM sbtest2 WHERE k BETWEEN 7983446 AND 7983546
	Index Only Scan using k_2 on sbtest2  (cost=0.43..6.45 rows=101 width=4)
	  Index Cond: ((k >= 7983446) AND (k <= 7983546))

table 3 : explain SELECT k FROM sbtest3 WHERE k BETWEEN 7983446 AND 7983546
	Index Only Scan using k_3 on sbtest3  (cost=0.43..6.50 rows=103 width=4)
	  Index Cond: ((k >= 7983446) AND (k <= 7983546))

table 4 : explain SELECT k FROM sbtest4 WHERE k BETWEEN 7983446 AND 7983546
	Index Only Scan using k_4 on sbtest4  (cost=0.43..6.51 rows=104 width=4)
	  Index Cond: ((k >= 7983446) AND (k <= 7983546))

table 5 : explain SELECT k FROM sbtest5 WHERE k BETWEEN 7983446 AND 7983546
	Index Only Scan using k_5 on sbtest5  (cost=0.43..6.61 rows=109 width=4)
	  Index Cond: ((k >= 7983446) AND (k <= 7983546))

table 6 : explain SELECT k FROM sbtest6 WHERE k BETWEEN 7983446 AND 7983546
	Index Only Scan using k_6 on sbtest6  (cost=0.43..6.67 rows=112 width=4)
	  Index Cond: ((k >= 7983446) AND (k <= 7983546))

table 7 : explain SELECT k FROM sbtest7 WHERE k BETWEEN 7983446 AND 7983546
	Index Only Scan using k_7 on sbtest7  (cost=0.43..6.45 rows=101 width=4)
	  Index Cond: ((k >= 7983446) AND (k <= 7983546))

table 8 : explain SELECT k FROM sbtest8 WHERE k BETWEEN 7983446 AND 7983546
	Index Only Scan using k_8 on sbtest8  (cost=0.43..10.60 rows=108 width=4)
	  Index Cond: ((k >= 7983446) AND (k <= 7983546))

for range-covered
table 1 : explain SELECT k FROM sbtest1 WHERE k BETWEEN 2337543 AND 2337643
	Index Only Scan using k_1 on sbtest1  (cost=0.43..6.25 rows=91 width=4)
	  Index Cond: ((k >= 2337543) AND (k <= 2337643))

table 2 : explain SELECT k FROM sbtest2 WHERE k BETWEEN 2337543 AND 2337643
	Index Only Scan using k_2 on sbtest2  (cost=0.43..6.40 rows=98 width=4)
	  Index Cond: ((k >= 2337543) AND (k <= 2337643))

table 3 : explain SELECT k FROM sbtest3 WHERE k BETWEEN 2337543 AND 2337643
	Index Only Scan using k_3 on sbtest3  (cost=0.43..6.66 rows=111 width=4)
	  Index Cond: ((k >= 2337543) AND (k <= 2337643))

table 4 : explain SELECT k FROM sbtest4 WHERE k BETWEEN 2337543 AND 2337643
	Index Only Scan using k_4 on sbtest4  (cost=0.43..6.67 rows=112 width=4)
	  Index Cond: ((k >= 2337543) AND (k <= 2337643))

table 5 : explain SELECT k FROM sbtest5 WHERE k BETWEEN 2337543 AND 2337643
	Index Only Scan using k_5 on sbtest5  (cost=0.43..6.56 rows=106 width=4)
	  Index Cond: ((k >= 2337543) AND (k <= 2337643))

table 6 : explain SELECT k FROM sbtest6 WHERE k BETWEEN 2337543 AND 2337643
	Index Only Scan using k_6 on sbtest6  (cost=0.43..6.27 rows=92 width=4)
	  Index Cond: ((k >= 2337543) AND (k <= 2337643))

table 7 : explain SELECT k FROM sbtest7 WHERE k BETWEEN 2337543 AND 2337643
	Index Only Scan using k_7 on sbtest7  (cost=0.43..6.42 rows=99 width=4)
	  Index Cond: ((k >= 2337543) AND (k <= 2337643))

table 8 : explain SELECT k FROM sbtest8 WHERE k BETWEEN 2337543 AND 2337643
	Index Only Scan using k_8 on sbtest8  (cost=0.43..10.62 rows=109 width=4)
	  Index Cond: ((k >= 2337543) AND (k <= 2337643))

explain: for range-covered :: explain SELECT k FROM sbtest%d WHERE k BETWEEN 6766464 AND 6766564
for range-covered
table 1 : explain SELECT k FROM sbtest1 WHERE k BETWEEN 3900441 AND 3900541
	Index Only Scan using k_1 on sbtest1  (cost=0.43..6.51 rows=104 width=4)
	  Index Cond: ((k >= 3900441) AND (k <= 3900541))

table 2 : explain SELECT k FROM sbtest2 WHERE k BETWEEN 3900441 AND 3900541
	Index Only Scan using k_2 on sbtest2  (cost=0.43..6.50 rows=103 width=4)
	  Index Cond: ((k >= 3900441) AND (k <= 3900541))

table 3 : explain SELECT k FROM sbtest3 WHERE k BETWEEN 3900441 AND 3900541
	Index Only Scan using k_3 on sbtest3  (cost=0.43..6.40 rows=98 width=4)
	  Index Cond: ((k >= 3900441) AND (k <= 3900541))

table 4 : explain SELECT k FROM sbtest4 WHERE k BETWEEN 3900441 AND 3900541
	Index Only Scan using k_4 on sbtest4  (cost=0.43..6.45 rows=101 width=4)
	  Index Cond: ((k >= 3900441) AND (k <= 3900541))

table 5 : explain SELECT k FROM sbtest5 WHERE k BETWEEN 3900441 AND 3900541
	Index Only Scan using k_5 on sbtest5  (cost=0.43..6.50 rows=103 width=4)
	  Index Cond: ((k >= 3900441) AND (k <= 3900541))

table 6 : explain SELECT k FROM sbtest6 WHERE k BETWEEN 3900441 AND 3900541
	Index Only Scan using k_6 on sbtest6  (cost=0.43..6.35 rows=96 width=4)
	  Index Cond: ((k >= 3900441) AND (k <= 3900541))

table 7 : explain SELECT k FROM sbtest7 WHERE k BETWEEN 3900441 AND 3900541
	Index Only Scan using k_7 on sbtest7  (cost=0.43..6.67 rows=112 width=4)
	  Index Cond: ((k >= 3900441) AND (k <= 3900541))

table 8 : explain SELECT k FROM sbtest8 WHERE k BETWEEN 3900441 AND 3900541
	Index Only Scan using k_8 on sbtest8  (cost=0.43..10.54 rows=105 width=4)
	  Index Cond: ((k >= 3900441) AND (k <= 3900541))

explain: for range-covered :: explain SELECT k FROM sbtest%d WHERE k BETWEEN 2337543 AND 2337643
explain: for range-covered :: explain SELECT k FROM sbtest%d WHERE k BETWEEN 9250707 AND 9250807
explain: for range-covered :: explain SELECT k FROM sbtest%d WHERE k BETWEEN 3900441 AND 3900541
explain: for range-covered :: explain SELECT k FROM sbtest%d WHERE k BETWEEN 7983446 AND 7983546
for range-covered
table 1 : explain SELECT k FROM sbtest1 WHERE k BETWEEN 4232908 AND 4233008
	Index Only Scan using k_1 on sbtest1  (cost=0.43..6.53 rows=105 width=4)
	  Index Cond: ((k >= 4232908) AND (k <= 4233008))

table 2 : explain SELECT k FROM sbtest2 WHERE k BETWEEN 4232908 AND 4233008
	Index Only Scan using k_2 on sbtest2  (cost=0.43..6.66 rows=111 width=4)
	  Index Cond: ((k >= 4232908) AND (k <= 4233008))

table 3 : explain SELECT k FROM sbtest3 WHERE k BETWEEN 4232908 AND 4233008
	Index Only Scan using k_3 on sbtest3  (cost=0.43..6.66 rows=111 width=4)
	  Index Cond: ((k >= 4232908) AND (k <= 4233008))

table 4 : explain SELECT k FROM sbtest4 WHERE k BETWEEN 4232908 AND 4233008
	Index Only Scan using k_4 on sbtest4  (cost=0.43..6.66 rows=111 width=4)
	  Index Cond: ((k >= 4232908) AND (k <= 4233008))

table 5 : explain SELECT k FROM sbtest5 WHERE k BETWEEN 4232908 AND 4233008
	Index Only Scan using k_5 on sbtest5  (cost=0.43..6.58 rows=107 width=4)
	  Index Cond: ((k >= 4232908) AND (k <= 4233008))

table 6 : explain SELECT k FROM sbtest6 WHERE k BETWEEN 4232908 AND 4233008
	Index Only Scan using k_6 on sbtest6  (cost=0.43..6.35 rows=96 width=4)
	  Index Cond: ((k >= 4232908) AND (k <= 4233008))

table 7 : explain SELECT k FROM sbtest7 WHERE k BETWEEN 4232908 AND 4233008
	Index Only Scan using k_7 on sbtest7  (cost=0.43..6.45 rows=101 width=4)
	  Index Cond: ((k >= 4232908) AND (k <= 4233008))

table 8 : explain SELECT k FROM sbtest8 WHERE k BETWEEN 4232908 AND 4233008
	Index Only Scan using k_8 on sbtest8  (cost=0.43..10.58 rows=107 width=4)
	  Index Cond: ((k >= 4232908) AND (k <= 4233008))

explain: for range-covered :: explain SELECT k FROM sbtest%d WHERE k BETWEEN 4232908 AND 4233008
for range-covered
table 1 : explain SELECT k FROM sbtest1 WHERE k BETWEEN 2914847 AND 2914947
	Index Only Scan using k_1 on sbtest1  (cost=0.43..6.43 rows=100 width=4)
	  Index Cond: ((k >= 2914847) AND (k <= 2914947))

table 2 : explain SELECT k FROM sbtest2 WHERE k BETWEEN 2914847 AND 2914947
	Index Only Scan using k_2 on sbtest2  (cost=0.43..6.75 rows=116 width=4)
	  Index Cond: ((k >= 2914847) AND (k <= 2914947))

table 3 : explain SELECT k FROM sbtest3 WHERE k BETWEEN 2914847 AND 2914947
	Index Only Scan using k_3 on sbtest3  (cost=0.43..6.45 rows=101 width=4)
	  Index Cond: ((k >= 2914847) AND (k <= 2914947))

table 4 : explain SELECT k FROM sbtest4 WHERE k BETWEEN 2914847 AND 2914947
	Index Only Scan using k_4 on sbtest4  (cost=0.43..6.29 rows=93 width=4)
	  Index Cond: ((k >= 2914847) AND (k <= 2914947))

table 5 : explain SELECT k FROM sbtest5 WHERE k BETWEEN 2914847 AND 2914947
	Index Only Scan using k_5 on sbtest5  (cost=0.43..6.53 rows=105 width=4)
	  Index Cond: ((k >= 2914847) AND (k <= 2914947))

table 6 : explain SELECT k FROM sbtest6 WHERE k BETWEEN 2914847 AND 2914947
	Index Only Scan using k_6 on sbtest6  (cost=0.43..6.47 rows=102 width=4)
	  Index Cond: ((k >= 2914847) AND (k <= 2914947))

table 7 : explain SELECT k FROM sbtest7 WHERE k BETWEEN 2914847 AND 2914947
	Index Only Scan using k_7 on sbtest7  (cost=0.43..6.63 rows=110 width=4)
	  Index Cond: ((k >= 2914847) AND (k <= 2914947))

table 8 : explain SELECT k FROM sbtest8 WHERE k BETWEEN 2914847 AND 2914947
	Index Only Scan using k_8 on sbtest8  (cost=0.43..10.50 rows=103 width=4)
	  Index Cond: ((k >= 2914847) AND (k <= 2914947))

for range-covered
table 1 : explain SELECT k FROM sbtest1 WHERE k BETWEEN 5327560 AND 5327660
	Index Only Scan using k_1 on sbtest1  (cost=0.43..6.53 rows=105 width=4)
	  Index Cond: ((k >= 5327560) AND (k <= 5327660))

table 2 : explain SELECT k FROM sbtest2 WHERE k BETWEEN 5327560 AND 5327660
	Index Only Scan using k_2 on sbtest2  (cost=0.43..6.43 rows=100 width=4)
	  Index Cond: ((k >= 5327560) AND (k <= 5327660))

table 3 : explain SELECT k FROM sbtest3 WHERE k BETWEEN 5327560 AND 5327660
	Index Only Scan using k_3 on sbtest3  (cost=0.43..6.43 rows=100 width=4)
	  Index Cond: ((k >= 5327560) AND (k <= 5327660))

table 4 : explain SELECT k FROM sbtest4 WHERE k BETWEEN 5327560 AND 5327660
	Index Only Scan using k_4 on sbtest4  (cost=0.43..6.66 rows=111 width=4)
	  Index Cond: ((k >= 5327560) AND (k <= 5327660))

table 5 : explain SELECT k FROM sbtest5 WHERE k BETWEEN 5327560 AND 5327660
	Index Only Scan using k_5 on sbtest5  (cost=0.43..6.50 rows=103 width=4)
	  Index Cond: ((k >= 5327560) AND (k <= 5327660))

table 6 : explain SELECT k FROM sbtest6 WHERE k BETWEEN 5327560 AND 5327660
	Index Only Scan using k_6 on sbtest6  (cost=0.43..6.43 rows=100 width=4)
	  Index Cond: ((k >= 5327560) AND (k <= 5327660))

table 7 : explain SELECT k FROM sbtest7 WHERE k BETWEEN 5327560 AND 5327660
	Index Only Scan using k_7 on sbtest7  (cost=0.43..6.40 rows=98 width=4)
	  Index Cond: ((k >= 5327560) AND (k <= 5327660))

table 8 : explain SELECT k FROM sbtest8 WHERE k BETWEEN 5327560 AND 5327660
	Index Only Scan using k_8 on sbtest8  (cost=0.43..10.47 rows=102 width=4)
	  Index Cond: ((k >= 5327560) AND (k <= 5327660))

explain: for range-covered :: explain SELECT k FROM sbtest%d WHERE k BETWEEN 2914847 AND 2914947
for range-covered
table 1 : explain SELECT k FROM sbtest1 WHERE k BETWEEN 5706922 AND 5707022
	Index Only Scan using k_1 on sbtest1  (cost=0.43..6.35 rows=96 width=4)
	  Index Cond: ((k >= 5706922) AND (k <= 5707022))

table 2 : explain SELECT k FROM sbtest2 WHERE k BETWEEN 5706922 AND 5707022
	Index Only Scan using k_2 on sbtest2  (cost=0.43..6.69 rows=113 width=4)
	  Index Cond: ((k >= 5706922) AND (k <= 5707022))

table 3 : explain SELECT k FROM sbtest3 WHERE k BETWEEN 5706922 AND 5707022
	Index Only Scan using k_3 on sbtest3  (cost=0.43..6.32 rows=94 width=4)
	  Index Cond: ((k >= 5706922) AND (k <= 5707022))

table 4 : explain SELECT k FROM sbtest4 WHERE k BETWEEN 5706922 AND 5707022
	Index Only Scan using k_4 on sbtest4  (cost=0.43..6.33 rows=95 width=4)
	  Index Cond: ((k >= 5706922) AND (k <= 5707022))

table 5 : explain SELECT k FROM sbtest5 WHERE k BETWEEN 5706922 AND 5707022
	Index Only Scan using k_5 on sbtest5  (cost=0.43..6.43 rows=100 width=4)
	  Index Cond: ((k >= 5706922) AND (k <= 5707022))

table 6 : explain SELECT k FROM sbtest6 WHERE k BETWEEN 5706922 AND 5707022
	Index Only Scan using k_6 on sbtest6  (cost=0.43..6.24 rows=90 width=4)
	  Index Cond: ((k >= 5706922) AND (k <= 5707022))

table 7 : explain SELECT k FROM sbtest7 WHERE k BETWEEN 5706922 AND 5707022
	Index Only Scan using k_7 on sbtest7  (cost=0.43..6.43 rows=100 width=4)
	  Index Cond: ((k >= 5706922) AND (k <= 5707022))

table 8 : explain SELECT k FROM sbtest8 WHERE k BETWEEN 5706922 AND 5707022
	Index Only Scan using k_8 on sbtest8  (cost=0.43..10.44 rows=100 width=4)
	  Index Cond: ((k >= 5706922) AND (k <= 5707022))

for range-covered
table 1 : explain SELECT k FROM sbtest1 WHERE k BETWEEN 4262042 AND 4262142
	Index Only Scan using k_1 on sbtest1  (cost=0.43..6.53 rows=105 width=4)
	  Index Cond: ((k >= 4262042) AND (k <= 4262142))

table 2 : explain SELECT k FROM sbtest2 WHERE k BETWEEN 4262042 AND 4262142
	Index Only Scan using k_2 on sbtest2  (cost=0.43..6.42 rows=99 width=4)
	  Index Cond: ((k >= 4262042) AND (k <= 4262142))

table 3 : explain SELECT k FROM sbtest3 WHERE k BETWEEN 4262042 AND 4262142
	Index Only Scan using k_3 on sbtest3  (cost=0.43..6.66 rows=111 width=4)
	  Index Cond: ((k >= 4262042) AND (k <= 4262142))

table 4 : explain SELECT k FROM sbtest4 WHERE k BETWEEN 4262042 AND 4262142
	Index Only Scan using k_4 on sbtest4  (cost=0.43..6.66 rows=111 width=4)
	  Index Cond: ((k >= 4262042) AND (k <= 4262142))

table 5 : explain SELECT k FROM sbtest5 WHERE k BETWEEN 4262042 AND 4262142
	Index Only Scan using k_5 on sbtest5  (cost=0.43..6.58 rows=107 width=4)
	  Index Cond: ((k >= 4262042) AND (k <= 4262142))

table 6 : explain SELECT k FROM sbtest6 WHERE k BETWEEN 4262042 AND 4262142
	Index Only Scan using k_6 on sbtest6  (cost=0.43..6.35 rows=96 width=4)
	  Index Cond: ((k >= 4262042) AND (k <= 4262142))

table 7 : explain SELECT k FROM sbtest7 WHERE k BETWEEN 4262042 AND 4262142
	Index Only Scan using k_7 on sbtest7  (cost=0.43..6.45 rows=101 width=4)
	  Index Cond: ((k >= 4262042) AND (k <= 4262142))

table 8 : explain SELECT k FROM sbtest8 WHERE k BETWEEN 4262042 AND 4262142
	Index Only Scan using k_8 on sbtest8  (cost=0.43..10.58 rows=107 width=4)
	  Index Cond: ((k >= 4262042) AND (k <= 4262142))

for range-covered
table 1 : explain SELECT k FROM sbtest1 WHERE k BETWEEN 6766464 AND 6766564
	Index Only Scan using k_1 on sbtest1  (cost=0.43..6.40 rows=98 width=4)
	  Index Cond: ((k >= 6766464) AND (k <= 6766564))

table 2 : explain SELECT k FROM sbtest2 WHERE k BETWEEN 6766464 AND 6766564
	Index Only Scan using k_2 on sbtest2  (cost=0.43..6.42 rows=99 width=4)
	  Index Cond: ((k >= 6766464) AND (k <= 6766564))

table 3 : explain SELECT k FROM sbtest3 WHERE k BETWEEN 6766464 AND 6766564
	Index Only Scan using k_3 on sbtest3  (cost=0.43..6.72 rows=114 width=4)
	  Index Cond: ((k >= 6766464) AND (k <= 6766564))

table 4 : explain SELECT k FROM sbtest4 WHERE k BETWEEN 6766464 AND 6766564
	Index Only Scan using k_4 on sbtest4  (cost=0.43..6.43 rows=100 width=4)
	  Index Cond: ((k >= 6766464) AND (k <= 6766564))

table 5 : explain SELECT k FROM sbtest5 WHERE k BETWEEN 6766464 AND 6766564
	Index Only Scan using k_5 on sbtest5  (cost=0.43..6.67 rows=112 width=4)
	  Index Cond: ((k >= 6766464) AND (k <= 6766564))

table 6 : explain SELECT k FROM sbtest6 WHERE k BETWEEN 6766464 AND 6766564
	Index Only Scan using k_6 on sbtest6  (cost=0.43..6.61 rows=109 width=4)
	  Index Cond: ((k >= 6766464) AND (k <= 6766564))

table 7 : explain SELECT k FROM sbtest7 WHERE k BETWEEN 6766464 AND 6766564
	Index Only Scan using k_7 on sbtest7  (cost=0.43..6.27 rows=92 width=4)
	  Index Cond: ((k >= 6766464) AND (k <= 6766564))

table 8 : explain SELECT k FROM sbtest8 WHERE k BETWEEN 6766464 AND 6766564
	Index Only Scan using k_8 on sbtest8  (cost=0.43..10.63 rows=110 width=4)
	  Index Cond: ((k >= 6766464) AND (k <= 6766564))

for range-covered
table 1 : explain SELECT k FROM sbtest1 WHERE k BETWEEN 2337543 AND 2337643
	Index Only Scan using k_1 on sbtest1  (cost=0.43..6.25 rows=91 width=4)
	  Index Cond: ((k >= 2337543) AND (k <= 2337643))

table 2 : explain SELECT k FROM sbtest2 WHERE k BETWEEN 2337543 AND 2337643
	Index Only Scan using k_2 on sbtest2  (cost=0.43..6.40 rows=98 width=4)
	  Index Cond: ((k >= 2337543) AND (k <= 2337643))

table 3 : explain SELECT k FROM sbtest3 WHERE k BETWEEN 2337543 AND 2337643
	Index Only Scan using k_3 on sbtest3  (cost=0.43..6.66 rows=111 width=4)
	  Index Cond: ((k >= 2337543) AND (k <= 2337643))

table 4 : explain SELECT k FROM sbtest4 WHERE k BETWEEN 2337543 AND 2337643
	Index Only Scan using k_4 on sbtest4  (cost=0.43..6.67 rows=112 width=4)
	  Index Cond: ((k >= 2337543) AND (k <= 2337643))

table 5 : explain SELECT k FROM sbtest5 WHERE k BETWEEN 2337543 AND 2337643
	Index Only Scan using k_5 on sbtest5  (cost=0.43..6.56 rows=106 width=4)
	  Index Cond: ((k >= 2337543) AND (k <= 2337643))

table 6 : explain SELECT k FROM sbtest6 WHERE k BETWEEN 2337543 AND 2337643
	Index Only Scan using k_6 on sbtest6  (cost=0.43..6.27 rows=92 width=4)
	  Index Cond: ((k >= 2337543) AND (k <= 2337643))

table 7 : explain SELECT k FROM sbtest7 WHERE k BETWEEN 2337543 AND 2337643
	Index Only Scan using k_7 on sbtest7  (cost=0.43..6.42 rows=99 width=4)
	  Index Cond: ((k >= 2337543) AND (k <= 2337643))

table 8 : explain SELECT k FROM sbtest8 WHERE k BETWEEN 2337543 AND 2337643
	Index Only Scan using k_8 on sbtest8  (cost=0.43..10.62 rows=109 width=4)
	  Index Cond: ((k >= 2337543) AND (k <= 2337643))

for range-covered
table 1 : explain SELECT k FROM sbtest1 WHERE k BETWEEN 9250707 AND 9250807
	Index Only Scan using k_1 on sbtest1  (cost=0.43..6.63 rows=110 width=4)
	  Index Cond: ((k >= 9250707) AND (k <= 9250807))

table 2 : explain SELECT k FROM sbtest2 WHERE k BETWEEN 9250707 AND 9250807
	Index Only Scan using k_2 on sbtest2  (cost=0.43..6.56 rows=106 width=4)
	  Index Cond: ((k >= 9250707) AND (k <= 9250807))

table 3 : explain SELECT k FROM sbtest3 WHERE k BETWEEN 9250707 AND 9250807
	Index Only Scan using k_3 on sbtest3  (cost=0.43..6.42 rows=99 width=4)
	  Index Cond: ((k >= 9250707) AND (k <= 9250807))

table 4 : explain SELECT k FROM sbtest4 WHERE k BETWEEN 9250707 AND 9250807
	Index Only Scan using k_4 on sbtest4  (cost=0.43..6.37 rows=97 width=4)
	  Index Cond: ((k >= 9250707) AND (k <= 9250807))

table 5 : explain SELECT k FROM sbtest5 WHERE k BETWEEN 9250707 AND 9250807
	Index Only Scan using k_5 on sbtest5  (cost=0.43..6.58 rows=107 width=4)
	  Index Cond: ((k >= 9250707) AND (k <= 9250807))

table 6 : explain SELECT k FROM sbtest6 WHERE k BETWEEN 9250707 AND 9250807
	Index Only Scan using k_6 on sbtest6  (cost=0.43..6.37 rows=97 width=4)
	  Index Cond: ((k >= 9250707) AND (k <= 9250807))

table 7 : explain SELECT k FROM sbtest7 WHERE k BETWEEN 9250707 AND 9250807
	Index Only Scan using k_7 on sbtest7  (cost=0.43..6.72 rows=114 width=4)
	  Index Cond: ((k >= 9250707) AND (k <= 9250807))

table 8 : explain SELECT k FROM sbtest8 WHERE k BETWEEN 9250707 AND 9250807
	Index Only Scan using k_8 on sbtest8  (cost=0.43..10.42 rows=99 width=4)
	  Index Cond: ((k >= 9250707) AND (k <= 9250807))

for range-covered
table 1 : explain SELECT k FROM sbtest1 WHERE k BETWEEN 3900441 AND 3900541
	Index Only Scan using k_1 on sbtest1  (cost=0.43..6.51 rows=104 width=4)
	  Index Cond: ((k >= 3900441) AND (k <= 3900541))

table 2 : explain SELECT k FROM sbtest2 WHERE k BETWEEN 3900441 AND 3900541
	Index Only Scan using k_2 on sbtest2  (cost=0.43..6.50 rows=103 width=4)
	  Index Cond: ((k >= 3900441) AND (k <= 3900541))

table 3 : explain SELECT k FROM sbtest3 WHERE k BETWEEN 3900441 AND 3900541
	Index Only Scan using k_3 on sbtest3  (cost=0.43..6.40 rows=98 width=4)
	  Index Cond: ((k >= 3900441) AND (k <= 3900541))

table 4 : explain SELECT k FROM sbtest4 WHERE k BETWEEN 3900441 AND 3900541
	Index Only Scan using k_4 on sbtest4  (cost=0.43..6.45 rows=101 width=4)
	  Index Cond: ((k >= 3900441) AND (k <= 3900541))

table 5 : explain SELECT k FROM sbtest5 WHERE k BETWEEN 3900441 AND 3900541
	Index Only Scan using k_5 on sbtest5  (cost=0.43..6.50 rows=103 width=4)
	  Index Cond: ((k >= 3900441) AND (k <= 3900541))

table 6 : explain SELECT k FROM sbtest6 WHERE k BETWEEN 3900441 AND 3900541
	Index Only Scan using k_6 on sbtest6  (cost=0.43..6.35 rows=96 width=4)
	  Index Cond: ((k >= 3900441) AND (k <= 3900541))

table 7 : explain SELECT k FROM sbtest7 WHERE k BETWEEN 3900441 AND 3900541
	Index Only Scan using k_7 on sbtest7  (cost=0.43..6.67 rows=112 width=4)
	  Index Cond: ((k >= 3900441) AND (k <= 3900541))

table 8 : explain SELECT k FROM sbtest8 WHERE k BETWEEN 3900441 AND 3900541
	Index Only Scan using k_8 on sbtest8  (cost=0.43..10.54 rows=105 width=4)
	  Index Cond: ((k >= 3900441) AND (k <= 3900541))

explain: for range-covered :: explain SELECT k FROM sbtest%d WHERE k BETWEEN 6766464 AND 6766564
explain: for range-covered :: explain SELECT k FROM sbtest%d WHERE k BETWEEN 2337543 AND 2337643
for range-covered
table 1 : explain SELECT k FROM sbtest1 WHERE k BETWEEN 7983446 AND 7983546
	Index Only Scan using k_1 on sbtest1  (cost=0.43..6.50 rows=103 width=4)
	  Index Cond: ((k >= 7983446) AND (k <= 7983546))

table 2 : explain SELECT k FROM sbtest2 WHERE k BETWEEN 7983446 AND 7983546
	Index Only Scan using k_2 on sbtest2  (cost=0.43..6.45 rows=101 width=4)
	  Index Cond: ((k >= 7983446) AND (k <= 7983546))

table 3 : explain SELECT k FROM sbtest3 WHERE k BETWEEN 7983446 AND 7983546
	Index Only Scan using k_3 on sbtest3  (cost=0.43..6.50 rows=103 width=4)
	  Index Cond: ((k >= 7983446) AND (k <= 7983546))

table 4 : explain SELECT k FROM sbtest4 WHERE k BETWEEN 7983446 AND 7983546
	Index Only Scan using k_4 on sbtest4  (cost=0.43..6.51 rows=104 width=4)
	  Index Cond: ((k >= 7983446) AND (k <= 7983546))

table 5 : explain SELECT k FROM sbtest5 WHERE k BETWEEN 7983446 AND 7983546
	Index Only Scan using k_5 on sbtest5  (cost=0.43..6.61 rows=109 width=4)
	  Index Cond: ((k >= 7983446) AND (k <= 7983546))

table 6 : explain SELECT k FROM sbtest6 WHERE k BETWEEN 7983446 AND 7983546
	Index Only Scan using k_6 on sbtest6  (cost=0.43..6.67 rows=112 width=4)
	  Index Cond: ((k >= 7983446) AND (k <= 7983546))

table 7 : explain SELECT k FROM sbtest7 WHERE k BETWEEN 7983446 AND 7983546
	Index Only Scan using k_7 on sbtest7  (cost=0.43..6.45 rows=101 width=4)
	  Index Cond: ((k >= 7983446) AND (k <= 7983546))

table 8 : explain SELECT k FROM sbtest8 WHERE k BETWEEN 7983446 AND 7983546
	Index Only Scan using k_8 on sbtest8  (cost=0.43..10.60 rows=108 width=4)
	  Index Cond: ((k >= 7983446) AND (k <= 7983546))

explain: for range-covered :: explain SELECT k FROM sbtest%d WHERE k BETWEEN 5706922 AND 5707022
for range-covered
table 1 : explain SELECT k FROM sbtest1 WHERE k BETWEEN 4232908 AND 4233008
	Index Only Scan using k_1 on sbtest1  (cost=0.43..6.53 rows=105 width=4)
	  Index Cond: ((k >= 4232908) AND (k <= 4233008))

table 2 : explain SELECT k FROM sbtest2 WHERE k BETWEEN 4232908 AND 4233008
	Index Only Scan using k_2 on sbtest2  (cost=0.43..6.66 rows=111 width=4)
	  Index Cond: ((k >= 4232908) AND (k <= 4233008))

table 3 : explain SELECT k FROM sbtest3 WHERE k BETWEEN 4232908 AND 4233008
	Index Only Scan using k_3 on sbtest3  (cost=0.43..6.66 rows=111 width=4)
	  Index Cond: ((k >= 4232908) AND (k <= 4233008))

table 4 : explain SELECT k FROM sbtest4 WHERE k BETWEEN 4232908 AND 4233008
	Index Only Scan using k_4 on sbtest4  (cost=0.43..6.66 rows=111 width=4)
	  Index Cond: ((k >= 4232908) AND (k <= 4233008))

table 5 : explain SELECT k FROM sbtest5 WHERE k BETWEEN 4232908 AND 4233008
	Index Only Scan using k_5 on sbtest5  (cost=0.43..6.58 rows=107 width=4)
	  Index Cond: ((k >= 4232908) AND (k <= 4233008))

table 6 : explain SELECT k FROM sbtest6 WHERE k BETWEEN 4232908 AND 4233008
	Index Only Scan using k_6 on sbtest6  (cost=0.43..6.35 rows=96 width=4)
	  Index Cond: ((k >= 4232908) AND (k <= 4233008))

table 7 : explain SELECT k FROM sbtest7 WHERE k BETWEEN 4232908 AND 4233008
	Index Only Scan using k_7 on sbtest7  (cost=0.43..6.45 rows=101 width=4)
	  Index Cond: ((k >= 4232908) AND (k <= 4233008))

table 8 : explain SELECT k FROM sbtest8 WHERE k BETWEEN 4232908 AND 4233008
	Index Only Scan using k_8 on sbtest8  (cost=0.43..10.58 rows=107 width=4)
	  Index Cond: ((k >= 4232908) AND (k <= 4233008))

explain: for range-covered :: explain SELECT k FROM sbtest%d WHERE k BETWEEN 7983446 AND 7983546
for range-covered
table 1 : explain SELECT k FROM sbtest1 WHERE k BETWEEN 2914847 AND 2914947
	Index Only Scan using k_1 on sbtest1  (cost=0.43..6.43 rows=100 width=4)
	  Index Cond: ((k >= 2914847) AND (k <= 2914947))

table 2 : explain SELECT k FROM sbtest2 WHERE k BETWEEN 2914847 AND 2914947
	Index Only Scan using k_2 on sbtest2  (cost=0.43..6.75 rows=116 width=4)
	  Index Cond: ((k >= 2914847) AND (k <= 2914947))

table 3 : explain SELECT k FROM sbtest3 WHERE k BETWEEN 2914847 AND 2914947
	Index Only Scan using k_3 on sbtest3  (cost=0.43..6.45 rows=101 width=4)
	  Index Cond: ((k >= 2914847) AND (k <= 2914947))

table 4 : explain SELECT k FROM sbtest4 WHERE k BETWEEN 2914847 AND 2914947
	Index Only Scan using k_4 on sbtest4  (cost=0.43..6.29 rows=93 width=4)
	  Index Cond: ((k >= 2914847) AND (k <= 2914947))

table 5 : explain SELECT k FROM sbtest5 WHERE k BETWEEN 2914847 AND 2914947
	Index Only Scan using k_5 on sbtest5  (cost=0.43..6.53 rows=105 width=4)
	  Index Cond: ((k >= 2914847) AND (k <= 2914947))

table 6 : explain SELECT k FROM sbtest6 WHERE k BETWEEN 2914847 AND 2914947
	Index Only Scan using k_6 on sbtest6  (cost=0.43..6.47 rows=102 width=4)
	  Index Cond: ((k >= 2914847) AND (k <= 2914947))

table 7 : explain SELECT k FROM sbtest7 WHERE k BETWEEN 2914847 AND 2914947
	Index Only Scan using k_7 on sbtest7  (cost=0.43..6.63 rows=110 width=4)
	  Index Cond: ((k >= 2914847) AND (k <= 2914947))

table 8 : explain SELECT k FROM sbtest8 WHERE k BETWEEN 2914847 AND 2914947
	Index Only Scan using k_8 on sbtest8  (cost=0.43..10.50 rows=103 width=4)
	  Index Cond: ((k >= 2914847) AND (k <= 2914947))

explain: for range-covered :: explain SELECT k FROM sbtest%d WHERE k BETWEEN 4262042 AND 4262142
for range-covered
table 1 : explain SELECT k FROM sbtest1 WHERE k BETWEEN 6766464 AND 6766564
	Index Only Scan using k_1 on sbtest1  (cost=0.43..6.40 rows=98 width=4)
	  Index Cond: ((k >= 6766464) AND (k <= 6766564))

table 2 : explain SELECT k FROM sbtest2 WHERE k BETWEEN 6766464 AND 6766564
	Index Only Scan using k_2 on sbtest2  (cost=0.43..6.42 rows=99 width=4)
	  Index Cond: ((k >= 6766464) AND (k <= 6766564))

table 3 : explain SELECT k FROM sbtest3 WHERE k BETWEEN 6766464 AND 6766564
	Index Only Scan using k_3 on sbtest3  (cost=0.43..6.72 rows=114 width=4)
	  Index Cond: ((k >= 6766464) AND (k <= 6766564))

table 4 : explain SELECT k FROM sbtest4 WHERE k BETWEEN 6766464 AND 6766564
	Index Only Scan using k_4 on sbtest4  (cost=0.43..6.43 rows=100 width=4)
	  Index Cond: ((k >= 6766464) AND (k <= 6766564))

table 5 : explain SELECT k FROM sbtest5 WHERE k BETWEEN 6766464 AND 6766564
	Index Only Scan using k_5 on sbtest5  (cost=0.43..6.67 rows=112 width=4)
	  Index Cond: ((k >= 6766464) AND (k <= 6766564))

table 6 : explain SELECT k FROM sbtest6 WHERE k BETWEEN 6766464 AND 6766564
	Index Only Scan using k_6 on sbtest6  (cost=0.43..6.61 rows=109 width=4)
	  Index Cond: ((k >= 6766464) AND (k <= 6766564))

table 7 : explain SELECT k FROM sbtest7 WHERE k BETWEEN 6766464 AND 6766564
	Index Only Scan using k_7 on sbtest7  (cost=0.43..6.27 rows=92 width=4)
	  Index Cond: ((k >= 6766464) AND (k <= 6766564))

table 8 : explain SELECT k FROM sbtest8 WHERE k BETWEEN 6766464 AND 6766564
	Index Only Scan using k_8 on sbtest8  (cost=0.43..10.63 rows=110 width=4)
	  Index Cond: ((k >= 6766464) AND (k <= 6766564))

explain: for range-covered :: explain SELECT k FROM sbtest%d WHERE k BETWEEN 6766464 AND 6766564
for range-covered
table 1 : explain SELECT k FROM sbtest1 WHERE k BETWEEN 2337543 AND 2337643
	Index Only Scan using k_1 on sbtest1  (cost=0.43..6.25 rows=91 width=4)
	  Index Cond: ((k >= 2337543) AND (k <= 2337643))

table 2 : explain SELECT k FROM sbtest2 WHERE k BETWEEN 2337543 AND 2337643
	Index Only Scan using k_2 on sbtest2  (cost=0.43..6.40 rows=98 width=4)
	  Index Cond: ((k >= 2337543) AND (k <= 2337643))

table 3 : explain SELECT k FROM sbtest3 WHERE k BETWEEN 2337543 AND 2337643
	Index Only Scan using k_3 on sbtest3  (cost=0.43..6.66 rows=111 width=4)
	  Index Cond: ((k >= 2337543) AND (k <= 2337643))

table 4 : explain SELECT k FROM sbtest4 WHERE k BETWEEN 2337543 AND 2337643
	Index Only Scan using k_4 on sbtest4  (cost=0.43..6.67 rows=112 width=4)
	  Index Cond: ((k >= 2337543) AND (k <= 2337643))

table 5 : explain SELECT k FROM sbtest5 WHERE k BETWEEN 2337543 AND 2337643
	Index Only Scan using k_5 on sbtest5  (cost=0.43..6.56 rows=106 width=4)
	  Index Cond: ((k >= 2337543) AND (k <= 2337643))

table 6 : explain SELECT k FROM sbtest6 WHERE k BETWEEN 2337543 AND 2337643
	Index Only Scan using k_6 on sbtest6  (cost=0.43..6.27 rows=92 width=4)
	  Index Cond: ((k >= 2337543) AND (k <= 2337643))

table 7 : explain SELECT k FROM sbtest7 WHERE k BETWEEN 2337543 AND 2337643
	Index Only Scan using k_7 on sbtest7  (cost=0.43..6.42 rows=99 width=4)
	  Index Cond: ((k >= 2337543) AND (k <= 2337643))

table 8 : explain SELECT k FROM sbtest8 WHERE k BETWEEN 2337543 AND 2337643
	Index Only Scan using k_8 on sbtest8  (cost=0.43..10.62 rows=109 width=4)
	  Index Cond: ((k >= 2337543) AND (k <= 2337643))

for range-covered
table 1 : explain SELECT k FROM sbtest1 WHERE k BETWEEN 7983446 AND 7983546
	Index Only Scan using k_1 on sbtest1  (cost=0.43..6.50 rows=103 width=4)
	  Index Cond: ((k >= 7983446) AND (k <= 7983546))

table 2 : explain SELECT k FROM sbtest2 WHERE k BETWEEN 7983446 AND 7983546
	Index Only Scan using k_2 on sbtest2  (cost=0.43..6.45 rows=101 width=4)
	  Index Cond: ((k >= 7983446) AND (k <= 7983546))

table 3 : explain SELECT k FROM sbtest3 WHERE k BETWEEN 7983446 AND 7983546
	Index Only Scan using k_3 on sbtest3  (cost=0.43..6.50 rows=103 width=4)
	  Index Cond: ((k >= 7983446) AND (k <= 7983546))

table 4 : explain SELECT k FROM sbtest4 WHERE k BETWEEN 7983446 AND 7983546
	Index Only Scan using k_4 on sbtest4  (cost=0.43..6.51 rows=104 width=4)
	  Index Cond: ((k >= 7983446) AND (k <= 7983546))

table 5 : explain SELECT k FROM sbtest5 WHERE k BETWEEN 7983446 AND 7983546
	Index Only Scan using k_5 on sbtest5  (cost=0.43..6.61 rows=109 width=4)
	  Index Cond: ((k >= 7983446) AND (k <= 7983546))

table 6 : explain SELECT k FROM sbtest6 WHERE k BETWEEN 7983446 AND 7983546
	Index Only Scan using k_6 on sbtest6  (cost=0.43..6.67 rows=112 width=4)
	  Index Cond: ((k >= 7983446) AND (k <= 7983546))

table 7 : explain SELECT k FROM sbtest7 WHERE k BETWEEN 7983446 AND 7983546
	Index Only Scan using k_7 on sbtest7  (cost=0.43..6.45 rows=101 width=4)
	  Index Cond: ((k >= 7983446) AND (k <= 7983546))

table 8 : explain SELECT k FROM sbtest8 WHERE k BETWEEN 7983446 AND 7983546
	Index Only Scan using k_8 on sbtest8  (cost=0.43..10.60 rows=108 width=4)
	  Index Cond: ((k >= 7983446) AND (k <= 7983546))

explain: for range-covered :: explain SELECT k FROM sbtest%d WHERE k BETWEEN 7983446 AND 7983546
for range-covered
table 1 : explain SELECT k FROM sbtest1 WHERE k BETWEEN 6766464 AND 6766564
	Index Only Scan using k_1 on sbtest1  (cost=0.43..6.40 rows=98 width=4)
	  Index Cond: ((k >= 6766464) AND (k <= 6766564))

table 2 : explain SELECT k FROM sbtest2 WHERE k BETWEEN 6766464 AND 6766564
	Index Only Scan using k_2 on sbtest2  (cost=0.43..6.42 rows=99 width=4)
	  Index Cond: ((k >= 6766464) AND (k <= 6766564))

table 3 : explain SELECT k FROM sbtest3 WHERE k BETWEEN 6766464 AND 6766564
	Index Only Scan using k_3 on sbtest3  (cost=0.43..6.72 rows=114 width=4)
	  Index Cond: ((k >= 6766464) AND (k <= 6766564))

table 4 : explain SELECT k FROM sbtest4 WHERE k BETWEEN 6766464 AND 6766564
	Index Only Scan using k_4 on sbtest4  (cost=0.43..6.43 rows=100 width=4)
	  Index Cond: ((k >= 6766464) AND (k <= 6766564))

table 5 : explain SELECT k FROM sbtest5 WHERE k BETWEEN 6766464 AND 6766564
	Index Only Scan using k_5 on sbtest5  (cost=0.43..6.67 rows=112 width=4)
	  Index Cond: ((k >= 6766464) AND (k <= 6766564))

table 6 : explain SELECT k FROM sbtest6 WHERE k BETWEEN 6766464 AND 6766564
	Index Only Scan using k_6 on sbtest6  (cost=0.43..6.61 rows=109 width=4)
	  Index Cond: ((k >= 6766464) AND (k <= 6766564))

table 7 : explain SELECT k FROM sbtest7 WHERE k BETWEEN 6766464 AND 6766564
	Index Only Scan using k_7 on sbtest7  (cost=0.43..6.27 rows=92 width=4)
	  Index Cond: ((k >= 6766464) AND (k <= 6766564))

table 8 : explain SELECT k FROM sbtest8 WHERE k BETWEEN 6766464 AND 6766564
	Index Only Scan using k_8 on sbtest8  (cost=0.43..10.63 rows=110 width=4)
	  Index Cond: ((k >= 6766464) AND (k <= 6766564))

for range-covered
table 1 : explain SELECT k FROM sbtest1 WHERE k BETWEEN 5706922 AND 5707022
	Index Only Scan using k_1 on sbtest1  (cost=0.43..6.35 rows=96 width=4)
	  Index Cond: ((k >= 5706922) AND (k <= 5707022))

table 2 : explain SELECT k FROM sbtest2 WHERE k BETWEEN 5706922 AND 5707022
	Index Only Scan using k_2 on sbtest2  (cost=0.43..6.69 rows=113 width=4)
	  Index Cond: ((k >= 5706922) AND (k <= 5707022))

table 3 : explain SELECT k FROM sbtest3 WHERE k BETWEEN 5706922 AND 5707022
	Index Only Scan using k_3 on sbtest3  (cost=0.43..6.32 rows=94 width=4)
	  Index Cond: ((k >= 5706922) AND (k <= 5707022))

table 4 : explain SELECT k FROM sbtest4 WHERE k BETWEEN 5706922 AND 5707022
	Index Only Scan using k_4 on sbtest4  (cost=0.43..6.33 rows=95 width=4)
	  Index Cond: ((k >= 5706922) AND (k <= 5707022))

table 5 : explain SELECT k FROM sbtest5 WHERE k BETWEEN 5706922 AND 5707022
	Index Only Scan using k_5 on sbtest5  (cost=0.43..6.43 rows=100 width=4)
	  Index Cond: ((k >= 5706922) AND (k <= 5707022))

table 6 : explain SELECT k FROM sbtest6 WHERE k BETWEEN 5706922 AND 5707022
	Index Only Scan using k_6 on sbtest6  (cost=0.43..6.24 rows=90 width=4)
	  Index Cond: ((k >= 5706922) AND (k <= 5707022))

table 7 : explain SELECT k FROM sbtest7 WHERE k BETWEEN 5706922 AND 5707022
	Index Only Scan using k_7 on sbtest7  (cost=0.43..6.43 rows=100 width=4)
	  Index Cond: ((k >= 5706922) AND (k <= 5707022))

table 8 : explain SELECT k FROM sbtest8 WHERE k BETWEEN 5706922 AND 5707022
	Index Only Scan using k_8 on sbtest8  (cost=0.43..10.44 rows=100 width=4)
	  Index Cond: ((k >= 5706922) AND (k <= 5707022))

explain: for range-covered :: explain SELECT k FROM sbtest%d WHERE k BETWEEN 6766464 AND 6766564
for range-covered
table 1 : explain SELECT k FROM sbtest1 WHERE k BETWEEN 4262042 AND 4262142
	Index Only Scan using k_1 on sbtest1  (cost=0.43..6.53 rows=105 width=4)
	  Index Cond: ((k >= 4262042) AND (k <= 4262142))

table 2 : explain SELECT k FROM sbtest2 WHERE k BETWEEN 4262042 AND 4262142
	Index Only Scan using k_2 on sbtest2  (cost=0.43..6.42 rows=99 width=4)
	  Index Cond: ((k >= 4262042) AND (k <= 4262142))

table 3 : explain SELECT k FROM sbtest3 WHERE k BETWEEN 4262042 AND 4262142
	Index Only Scan using k_3 on sbtest3  (cost=0.43..6.66 rows=111 width=4)
	  Index Cond: ((k >= 4262042) AND (k <= 4262142))

table 4 : explain SELECT k FROM sbtest4 WHERE k BETWEEN 4262042 AND 4262142
	Index Only Scan using k_4 on sbtest4  (cost=0.43..6.66 rows=111 width=4)
	  Index Cond: ((k >= 4262042) AND (k <= 4262142))

table 5 : explain SELECT k FROM sbtest5 WHERE k BETWEEN 4262042 AND 4262142
	Index Only Scan using k_5 on sbtest5  (cost=0.43..6.58 rows=107 width=4)
	  Index Cond: ((k >= 4262042) AND (k <= 4262142))

table 6 : explain SELECT k FROM sbtest6 WHERE k BETWEEN 4262042 AND 4262142
	Index Only Scan using k_6 on sbtest6  (cost=0.43..6.35 rows=96 width=4)
	  Index Cond: ((k >= 4262042) AND (k <= 4262142))

table 7 : explain SELECT k FROM sbtest7 WHERE k BETWEEN 4262042 AND 4262142
	Index Only Scan using k_7 on sbtest7  (cost=0.43..6.45 rows=101 width=4)
	  Index Cond: ((k >= 4262042) AND (k <= 4262142))

table 8 : explain SELECT k FROM sbtest8 WHERE k BETWEEN 4262042 AND 4262142
	Index Only Scan using k_8 on sbtest8  (cost=0.43..10.58 rows=107 width=4)
	  Index Cond: ((k >= 4262042) AND (k <= 4262142))

explain: for range-covered :: explain SELECT k FROM sbtest%d WHERE k BETWEEN 5706922 AND 5707022
for range-covered
table 1 : explain SELECT k FROM sbtest1 WHERE k BETWEEN 7983446 AND 7983546
	Index Only Scan using k_1 on sbtest1  (cost=0.43..6.50 rows=103 width=4)
	  Index Cond: ((k >= 7983446) AND (k <= 7983546))

table 2 : explain SELECT k FROM sbtest2 WHERE k BETWEEN 7983446 AND 7983546
	Index Only Scan using k_2 on sbtest2  (cost=0.43..6.45 rows=101 width=4)
	  Index Cond: ((k >= 7983446) AND (k <= 7983546))

table 3 : explain SELECT k FROM sbtest3 WHERE k BETWEEN 7983446 AND 7983546
	Index Only Scan using k_3 on sbtest3  (cost=0.43..6.50 rows=103 width=4)
	  Index Cond: ((k >= 7983446) AND (k <= 7983546))

table 4 : explain SELECT k FROM sbtest4 WHERE k BETWEEN 7983446 AND 7983546
	Index Only Scan using k_4 on sbtest4  (cost=0.43..6.51 rows=104 width=4)
	  Index Cond: ((k >= 7983446) AND (k <= 7983546))

table 5 : explain SELECT k FROM sbtest5 WHERE k BETWEEN 7983446 AND 7983546
	Index Only Scan using k_5 on sbtest5  (cost=0.43..6.61 rows=109 width=4)
	  Index Cond: ((k >= 7983446) AND (k <= 7983546))

table 6 : explain SELECT k FROM sbtest6 WHERE k BETWEEN 7983446 AND 7983546
	Index Only Scan using k_6 on sbtest6  (cost=0.43..6.67 rows=112 width=4)
	  Index Cond: ((k >= 7983446) AND (k <= 7983546))

table 7 : explain SELECT k FROM sbtest7 WHERE k BETWEEN 7983446 AND 7983546
	Index Only Scan using k_7 on sbtest7  (cost=0.43..6.45 rows=101 width=4)
	  Index Cond: ((k >= 7983446) AND (k <= 7983546))

table 8 : explain SELECT k FROM sbtest8 WHERE k BETWEEN 7983446 AND 7983546
	Index Only Scan using k_8 on sbtest8  (cost=0.43..10.60 rows=108 width=4)
	  Index Cond: ((k >= 7983446) AND (k <= 7983546))

explain: for range-covered :: explain SELECT k FROM sbtest%d WHERE k BETWEEN 7983446 AND 7983546
for range-covered
table 1 : explain SELECT k FROM sbtest1 WHERE k BETWEEN 6766464 AND 6766564
	Index Only Scan using k_1 on sbtest1  (cost=0.43..6.40 rows=98 width=4)
	  Index Cond: ((k >= 6766464) AND (k <= 6766564))

table 2 : explain SELECT k FROM sbtest2 WHERE k BETWEEN 6766464 AND 6766564
	Index Only Scan using k_2 on sbtest2  (cost=0.43..6.42 rows=99 width=4)
	  Index Cond: ((k >= 6766464) AND (k <= 6766564))

table 3 : explain SELECT k FROM sbtest3 WHERE k BETWEEN 6766464 AND 6766564
	Index Only Scan using k_3 on sbtest3  (cost=0.43..6.72 rows=114 width=4)
	  Index Cond: ((k >= 6766464) AND (k <= 6766564))

table 4 : explain SELECT k FROM sbtest4 WHERE k BETWEEN 6766464 AND 6766564
	Index Only Scan using k_4 on sbtest4  (cost=0.43..6.43 rows=100 width=4)
	  Index Cond: ((k >= 6766464) AND (k <= 6766564))

table 5 : explain SELECT k FROM sbtest5 WHERE k BETWEEN 6766464 AND 6766564
	Index Only Scan using k_5 on sbtest5  (cost=0.43..6.67 rows=112 width=4)
	  Index Cond: ((k >= 6766464) AND (k <= 6766564))

table 6 : explain SELECT k FROM sbtest6 WHERE k BETWEEN 6766464 AND 6766564
	Index Only Scan using k_6 on sbtest6  (cost=0.43..6.61 rows=109 width=4)
	  Index Cond: ((k >= 6766464) AND (k <= 6766564))

table 7 : explain SELECT k FROM sbtest7 WHERE k BETWEEN 6766464 AND 6766564
	Index Only Scan using k_7 on sbtest7  (cost=0.43..6.27 rows=92 width=4)
	  Index Cond: ((k >= 6766464) AND (k <= 6766564))

table 8 : explain SELECT k FROM sbtest8 WHERE k BETWEEN 6766464 AND 6766564
	Index Only Scan using k_8 on sbtest8  (cost=0.43..10.63 rows=110 width=4)
	  Index Cond: ((k >= 6766464) AND (k <= 6766564))

explain: for range-covered :: explain SELECT k FROM sbtest%d WHERE k BETWEEN 6766464 AND 6766564
for range-covered
table 1 : explain SELECT k FROM sbtest1 WHERE k BETWEEN 7983446 AND 7983546
	Index Only Scan using k_1 on sbtest1  (cost=0.43..6.50 rows=103 width=4)
	  Index Cond: ((k >= 7983446) AND (k <= 7983546))

table 2 : explain SELECT k FROM sbtest2 WHERE k BETWEEN 7983446 AND 7983546
	Index Only Scan using k_2 on sbtest2  (cost=0.43..6.45 rows=101 width=4)
	  Index Cond: ((k >= 7983446) AND (k <= 7983546))

table 3 : explain SELECT k FROM sbtest3 WHERE k BETWEEN 7983446 AND 7983546
	Index Only Scan using k_3 on sbtest3  (cost=0.43..6.50 rows=103 width=4)
	  Index Cond: ((k >= 7983446) AND (k <= 7983546))

table 4 : explain SELECT k FROM sbtest4 WHERE k BETWEEN 7983446 AND 7983546
	Index Only Scan using k_4 on sbtest4  (cost=0.43..6.51 rows=104 width=4)
	  Index Cond: ((k >= 7983446) AND (k <= 7983546))

table 5 : explain SELECT k FROM sbtest5 WHERE k BETWEEN 7983446 AND 7983546
	Index Only Scan using k_5 on sbtest5  (cost=0.43..6.61 rows=109 width=4)
	  Index Cond: ((k >= 7983446) AND (k <= 7983546))

table 6 : explain SELECT k FROM sbtest6 WHERE k BETWEEN 7983446 AND 7983546
	Index Only Scan using k_6 on sbtest6  (cost=0.43..6.67 rows=112 width=4)
	  Index Cond: ((k >= 7983446) AND (k <= 7983546))

table 7 : explain SELECT k FROM sbtest7 WHERE k BETWEEN 7983446 AND 7983546
	Index Only Scan using k_7 on sbtest7  (cost=0.43..6.45 rows=101 width=4)
	  Index Cond: ((k >= 7983446) AND (k <= 7983546))

table 8 : explain SELECT k FROM sbtest8 WHERE k BETWEEN 7983446 AND 7983546
	Index Only Scan using k_8 on sbtest8  (cost=0.43..10.60 rows=108 width=4)
	  Index Cond: ((k >= 7983446) AND (k <= 7983546))

for range-covered
table 1 : explain SELECT k FROM sbtest1 WHERE k BETWEEN 5706922 AND 5707022
	Index Only Scan using k_1 on sbtest1  (cost=0.43..6.35 rows=96 width=4)
	  Index Cond: ((k >= 5706922) AND (k <= 5707022))

table 2 : explain SELECT k FROM sbtest2 WHERE k BETWEEN 5706922 AND 5707022
	Index Only Scan using k_2 on sbtest2  (cost=0.43..6.69 rows=113 width=4)
	  Index Cond: ((k >= 5706922) AND (k <= 5707022))

table 3 : explain SELECT k FROM sbtest3 WHERE k BETWEEN 5706922 AND 5707022
	Index Only Scan using k_3 on sbtest3  (cost=0.43..6.32 rows=94 width=4)
	  Index Cond: ((k >= 5706922) AND (k <= 5707022))

table 4 : explain SELECT k FROM sbtest4 WHERE k BETWEEN 5706922 AND 5707022
	Index Only Scan using k_4 on sbtest4  (cost=0.43..6.33 rows=95 width=4)
	  Index Cond: ((k >= 5706922) AND (k <= 5707022))

table 5 : explain SELECT k FROM sbtest5 WHERE k BETWEEN 5706922 AND 5707022
	Index Only Scan using k_5 on sbtest5  (cost=0.43..6.43 rows=100 width=4)
	  Index Cond: ((k >= 5706922) AND (k <= 5707022))

table 6 : explain SELECT k FROM sbtest6 WHERE k BETWEEN 5706922 AND 5707022
	Index Only Scan using k_6 on sbtest6  (cost=0.43..6.24 rows=90 width=4)
	  Index Cond: ((k >= 5706922) AND (k <= 5707022))

table 7 : explain SELECT k FROM sbtest7 WHERE k BETWEEN 5706922 AND 5707022
	Index Only Scan using k_7 on sbtest7  (cost=0.43..6.43 rows=100 width=4)
	  Index Cond: ((k >= 5706922) AND (k <= 5707022))

table 8 : explain SELECT k FROM sbtest8 WHERE k BETWEEN 5706922 AND 5707022
	Index Only Scan using k_8 on sbtest8  (cost=0.43..10.44 rows=100 width=4)
	  Index Cond: ((k >= 5706922) AND (k <= 5707022))

explain: for range-covered :: explain SELECT k FROM sbtest%d WHERE k BETWEEN 7983446 AND 7983546
explain: for range-covered :: explain SELECT k FROM sbtest%d WHERE k BETWEEN 5706922 AND 5707022
for range-covered
table 1 : explain SELECT k FROM sbtest1 WHERE k BETWEEN 6766464 AND 6766564
	Index Only Scan using k_1 on sbtest1  (cost=0.43..6.40 rows=98 width=4)
	  Index Cond: ((k >= 6766464) AND (k <= 6766564))

table 2 : explain SELECT k FROM sbtest2 WHERE k BETWEEN 6766464 AND 6766564
	Index Only Scan using k_2 on sbtest2  (cost=0.43..6.42 rows=99 width=4)
	  Index Cond: ((k >= 6766464) AND (k <= 6766564))

table 3 : explain SELECT k FROM sbtest3 WHERE k BETWEEN 6766464 AND 6766564
	Index Only Scan using k_3 on sbtest3  (cost=0.43..6.72 rows=114 width=4)
	  Index Cond: ((k >= 6766464) AND (k <= 6766564))

table 4 : explain SELECT k FROM sbtest4 WHERE k BETWEEN 6766464 AND 6766564
	Index Only Scan using k_4 on sbtest4  (cost=0.43..6.43 rows=100 width=4)
	  Index Cond: ((k >= 6766464) AND (k <= 6766564))

table 5 : explain SELECT k FROM sbtest5 WHERE k BETWEEN 6766464 AND 6766564
	Index Only Scan using k_5 on sbtest5  (cost=0.43..6.67 rows=112 width=4)
	  Index Cond: ((k >= 6766464) AND (k <= 6766564))

table 6 : explain SELECT k FROM sbtest6 WHERE k BETWEEN 6766464 AND 6766564
	Index Only Scan using k_6 on sbtest6  (cost=0.43..6.61 rows=109 width=4)
	  Index Cond: ((k >= 6766464) AND (k <= 6766564))

table 7 : explain SELECT k FROM sbtest7 WHERE k BETWEEN 6766464 AND 6766564
	Index Only Scan using k_7 on sbtest7  (cost=0.43..6.27 rows=92 width=4)
	  Index Cond: ((k >= 6766464) AND (k <= 6766564))

table 8 : explain SELECT k FROM sbtest8 WHERE k BETWEEN 6766464 AND 6766564
	Index Only Scan using k_8 on sbtest8  (cost=0.43..10.63 rows=110 width=4)
	  Index Cond: ((k >= 6766464) AND (k <= 6766564))

explain: for range-covered :: explain SELECT k FROM sbtest%d WHERE k BETWEEN 6766464 AND 6766564
for range-covered
table 1 : explain SELECT k FROM sbtest1 WHERE k BETWEEN 7983446 AND 7983546
	Index Only Scan using k_1 on sbtest1  (cost=0.43..6.50 rows=103 width=4)
	  Index Cond: ((k >= 7983446) AND (k <= 7983546))

table 2 : explain SELECT k FROM sbtest2 WHERE k BETWEEN 7983446 AND 7983546
	Index Only Scan using k_2 on sbtest2  (cost=0.43..6.45 rows=101 width=4)
	  Index Cond: ((k >= 7983446) AND (k <= 7983546))

table 3 : explain SELECT k FROM sbtest3 WHERE k BETWEEN 7983446 AND 7983546
	Index Only Scan using k_3 on sbtest3  (cost=0.43..6.50 rows=103 width=4)
	  Index Cond: ((k >= 7983446) AND (k <= 7983546))

table 4 : explain SELECT k FROM sbtest4 WHERE k BETWEEN 7983446 AND 7983546
	Index Only Scan using k_4 on sbtest4  (cost=0.43..6.51 rows=104 width=4)
	  Index Cond: ((k >= 7983446) AND (k <= 7983546))

table 5 : explain SELECT k FROM sbtest5 WHERE k BETWEEN 7983446 AND 7983546
	Index Only Scan using k_5 on sbtest5  (cost=0.43..6.61 rows=109 width=4)
	  Index Cond: ((k >= 7983446) AND (k <= 7983546))

table 6 : explain SELECT k FROM sbtest6 WHERE k BETWEEN 7983446 AND 7983546
	Index Only Scan using k_6 on sbtest6  (cost=0.43..6.67 rows=112 width=4)
	  Index Cond: ((k >= 7983446) AND (k <= 7983546))

table 7 : explain SELECT k FROM sbtest7 WHERE k BETWEEN 7983446 AND 7983546
	Index Only Scan using k_7 on sbtest7  (cost=0.43..6.45 rows=101 width=4)
	  Index Cond: ((k >= 7983446) AND (k <= 7983546))

table 8 : explain SELECT k FROM sbtest8 WHERE k BETWEEN 7983446 AND 7983546
	Index Only Scan using k_8 on sbtest8  (cost=0.43..10.60 rows=108 width=4)
	  Index Cond: ((k >= 7983446) AND (k <= 7983546))

for range-covered
table 1 : explain SELECT k FROM sbtest1 WHERE k BETWEEN 5706922 AND 5707022
	Index Only Scan using k_1 on sbtest1  (cost=0.43..6.35 rows=96 width=4)
	  Index Cond: ((k >= 5706922) AND (k <= 5707022))

table 2 : explain SELECT k FROM sbtest2 WHERE k BETWEEN 5706922 AND 5707022
	Index Only Scan using k_2 on sbtest2  (cost=0.43..6.69 rows=113 width=4)
	  Index Cond: ((k >= 5706922) AND (k <= 5707022))

table 3 : explain SELECT k FROM sbtest3 WHERE k BETWEEN 5706922 AND 5707022
	Index Only Scan using k_3 on sbtest3  (cost=0.43..6.32 rows=94 width=4)
	  Index Cond: ((k >= 5706922) AND (k <= 5707022))

table 4 : explain SELECT k FROM sbtest4 WHERE k BETWEEN 5706922 AND 5707022
	Index Only Scan using k_4 on sbtest4  (cost=0.43..6.33 rows=95 width=4)
	  Index Cond: ((k >= 5706922) AND (k <= 5707022))

table 5 : explain SELECT k FROM sbtest5 WHERE k BETWEEN 5706922 AND 5707022
	Index Only Scan using k_5 on sbtest5  (cost=0.43..6.43 rows=100 width=4)
	  Index Cond: ((k >= 5706922) AND (k <= 5707022))

table 6 : explain SELECT k FROM sbtest6 WHERE k BETWEEN 5706922 AND 5707022
	Index Only Scan using k_6 on sbtest6  (cost=0.43..6.24 rows=90 width=4)
	  Index Cond: ((k >= 5706922) AND (k <= 5707022))

table 7 : explain SELECT k FROM sbtest7 WHERE k BETWEEN 5706922 AND 5707022
	Index Only Scan using k_7 on sbtest7  (cost=0.43..6.43 rows=100 width=4)
	  Index Cond: ((k >= 5706922) AND (k <= 5707022))

table 8 : explain SELECT k FROM sbtest8 WHERE k BETWEEN 5706922 AND 5707022
	Index Only Scan using k_8 on sbtest8  (cost=0.43..10.44 rows=100 width=4)
	  Index Cond: ((k >= 5706922) AND (k <= 5707022))

explain: for range-covered :: explain SELECT k FROM sbtest%d WHERE k BETWEEN 7983446 AND 7983546
explain: for range-covered :: explain SELECT k FROM sbtest%d WHERE k BETWEEN 5706922 AND 5707022
for range-covered
table 1 : explain SELECT k FROM sbtest1 WHERE k BETWEEN 6766464 AND 6766564
	Index Only Scan using k_1 on sbtest1  (cost=0.43..6.40 rows=98 width=4)
	  Index Cond: ((k >= 6766464) AND (k <= 6766564))

table 2 : explain SELECT k FROM sbtest2 WHERE k BETWEEN 6766464 AND 6766564
	Index Only Scan using k_2 on sbtest2  (cost=0.43..6.42 rows=99 width=4)
	  Index Cond: ((k >= 6766464) AND (k <= 6766564))

table 3 : explain SELECT k FROM sbtest3 WHERE k BETWEEN 6766464 AND 6766564
	Index Only Scan using k_3 on sbtest3  (cost=0.43..6.72 rows=114 width=4)
	  Index Cond: ((k >= 6766464) AND (k <= 6766564))

table 4 : explain SELECT k FROM sbtest4 WHERE k BETWEEN 6766464 AND 6766564
	Index Only Scan using k_4 on sbtest4  (cost=0.43..6.43 rows=100 width=4)
	  Index Cond: ((k >= 6766464) AND (k <= 6766564))

table 5 : explain SELECT k FROM sbtest5 WHERE k BETWEEN 6766464 AND 6766564
	Index Only Scan using k_5 on sbtest5  (cost=0.43..6.67 rows=112 width=4)
	  Index Cond: ((k >= 6766464) AND (k <= 6766564))

table 6 : explain SELECT k FROM sbtest6 WHERE k BETWEEN 6766464 AND 6766564
	Index Only Scan using k_6 on sbtest6  (cost=0.43..6.61 rows=109 width=4)
	  Index Cond: ((k >= 6766464) AND (k <= 6766564))

table 7 : explain SELECT k FROM sbtest7 WHERE k BETWEEN 6766464 AND 6766564
	Index Only Scan using k_7 on sbtest7  (cost=0.43..6.27 rows=92 width=4)
	  Index Cond: ((k >= 6766464) AND (k <= 6766564))

table 8 : explain SELECT k FROM sbtest8 WHERE k BETWEEN 6766464 AND 6766564
	Index Only Scan using k_8 on sbtest8  (cost=0.43..10.63 rows=110 width=4)
	  Index Cond: ((k >= 6766464) AND (k <= 6766564))

for range-covered
table 1 : explain SELECT k FROM sbtest1 WHERE k BETWEEN 7983446 AND 7983546
	Index Only Scan using k_1 on sbtest1  (cost=0.43..6.50 rows=103 width=4)
	  Index Cond: ((k >= 7983446) AND (k <= 7983546))

table 2 : explain SELECT k FROM sbtest2 WHERE k BETWEEN 7983446 AND 7983546
	Index Only Scan using k_2 on sbtest2  (cost=0.43..6.45 rows=101 width=4)
	  Index Cond: ((k >= 7983446) AND (k <= 7983546))

table 3 : explain SELECT k FROM sbtest3 WHERE k BETWEEN 7983446 AND 7983546
	Index Only Scan using k_3 on sbtest3  (cost=0.43..6.50 rows=103 width=4)
	  Index Cond: ((k >= 7983446) AND (k <= 7983546))

table 4 : explain SELECT k FROM sbtest4 WHERE k BETWEEN 7983446 AND 7983546
	Index Only Scan using k_4 on sbtest4  (cost=0.43..6.51 rows=104 width=4)
	  Index Cond: ((k >= 7983446) AND (k <= 7983546))

table 5 : explain SELECT k FROM sbtest5 WHERE k BETWEEN 7983446 AND 7983546
	Index Only Scan using k_5 on sbtest5  (cost=0.43..6.61 rows=109 width=4)
	  Index Cond: ((k >= 7983446) AND (k <= 7983546))

table 6 : explain SELECT k FROM sbtest6 WHERE k BETWEEN 7983446 AND 7983546
	Index Only Scan using k_6 on sbtest6  (cost=0.43..6.67 rows=112 width=4)
	  Index Cond: ((k >= 7983446) AND (k <= 7983546))

table 7 : explain SELECT k FROM sbtest7 WHERE k BETWEEN 7983446 AND 7983546
	Index Only Scan using k_7 on sbtest7  (cost=0.43..6.45 rows=101 width=4)
	  Index Cond: ((k >= 7983446) AND (k <= 7983546))

table 8 : explain SELECT k FROM sbtest8 WHERE k BETWEEN 7983446 AND 7983546
	Index Only Scan using k_8 on sbtest8  (cost=0.43..10.60 rows=108 width=4)
	  Index Cond: ((k >= 7983446) AND (k <= 7983546))

for range-covered
table 1 : explain SELECT k FROM sbtest1 WHERE k BETWEEN 5706922 AND 5707022
	Index Only Scan using k_1 on sbtest1  (cost=0.43..6.35 rows=96 width=4)
	  Index Cond: ((k >= 5706922) AND (k <= 5707022))

table 2 : explain SELECT k FROM sbtest2 WHERE k BETWEEN 5706922 AND 5707022
	Index Only Scan using k_2 on sbtest2  (cost=0.43..6.69 rows=113 width=4)
	  Index Cond: ((k >= 5706922) AND (k <= 5707022))

table 3 : explain SELECT k FROM sbtest3 WHERE k BETWEEN 5706922 AND 5707022
	Index Only Scan using k_3 on sbtest3  (cost=0.43..6.32 rows=94 width=4)
	  Index Cond: ((k >= 5706922) AND (k <= 5707022))

table 4 : explain SELECT k FROM sbtest4 WHERE k BETWEEN 5706922 AND 5707022
	Index Only Scan using k_4 on sbtest4  (cost=0.43..6.33 rows=95 width=4)
	  Index Cond: ((k >= 5706922) AND (k <= 5707022))

table 5 : explain SELECT k FROM sbtest5 WHERE k BETWEEN 5706922 AND 5707022
	Index Only Scan using k_5 on sbtest5  (cost=0.43..6.43 rows=100 width=4)
	  Index Cond: ((k >= 5706922) AND (k <= 5707022))

table 6 : explain SELECT k FROM sbtest6 WHERE k BETWEEN 5706922 AND 5707022
	Index Only Scan using k_6 on sbtest6  (cost=0.43..6.24 rows=90 width=4)
	  Index Cond: ((k >= 5706922) AND (k <= 5707022))

table 7 : explain SELECT k FROM sbtest7 WHERE k BETWEEN 5706922 AND 5707022
	Index Only Scan using k_7 on sbtest7  (cost=0.43..6.43 rows=100 width=4)
	  Index Cond: ((k >= 5706922) AND (k <= 5707022))

table 8 : explain SELECT k FROM sbtest8 WHERE k BETWEEN 5706922 AND 5707022
	Index Only Scan using k_8 on sbtest8  (cost=0.43..10.44 rows=100 width=4)
	  Index Cond: ((k >= 5706922) AND (k <= 5707022))

explain: for range-covered :: explain SELECT k FROM sbtest%d WHERE k BETWEEN 5706922 AND 5707022
for range-covered
table 1 : explain SELECT k FROM sbtest1 WHERE k BETWEEN 5706922 AND 5707022
	Index Only Scan using k_1 on sbtest1  (cost=0.43..6.35 rows=96 width=4)
	  Index Cond: ((k >= 5706922) AND (k <= 5707022))

table 2 : explain SELECT k FROM sbtest2 WHERE k BETWEEN 5706922 AND 5707022
	Index Only Scan using k_2 on sbtest2  (cost=0.43..6.69 rows=113 width=4)
	  Index Cond: ((k >= 5706922) AND (k <= 5707022))

table 3 : explain SELECT k FROM sbtest3 WHERE k BETWEEN 5706922 AND 5707022
	Index Only Scan using k_3 on sbtest3  (cost=0.43..6.32 rows=94 width=4)
	  Index Cond: ((k >= 5706922) AND (k <= 5707022))

table 4 : explain SELECT k FROM sbtest4 WHERE k BETWEEN 5706922 AND 5707022
	Index Only Scan using k_4 on sbtest4  (cost=0.43..6.33 rows=95 width=4)
	  Index Cond: ((k >= 5706922) AND (k <= 5707022))

table 5 : explain SELECT k FROM sbtest5 WHERE k BETWEEN 5706922 AND 5707022
	Index Only Scan using k_5 on sbtest5  (cost=0.43..6.43 rows=100 width=4)
	  Index Cond: ((k >= 5706922) AND (k <= 5707022))

table 6 : explain SELECT k FROM sbtest6 WHERE k BETWEEN 5706922 AND 5707022
	Index Only Scan using k_6 on sbtest6  (cost=0.43..6.24 rows=90 width=4)
	  Index Cond: ((k >= 5706922) AND (k <= 5707022))

table 7 : explain SELECT k FROM sbtest7 WHERE k BETWEEN 5706922 AND 5707022
	Index Only Scan using k_7 on sbtest7  (cost=0.43..6.43 rows=100 width=4)
	  Index Cond: ((k >= 5706922) AND (k <= 5707022))

table 8 : explain SELECT k FROM sbtest8 WHERE k BETWEEN 5706922 AND 5707022
	Index Only Scan using k_8 on sbtest8  (cost=0.43..10.44 rows=100 width=4)
	  Index Cond: ((k >= 5706922) AND (k <= 5707022))

Threads started!

Warming up for 5 seconds...

SQL statistics:
    queries performed:
        read:                            252874618
        write:                           0
        other:                           0
        total:                           252874618
    transactions:                        252874618 (401385.01 per sec.)
    queries:                             252874618 (401385.01 per sec.)
    ignored errors:                      0      (0.00 per sec.)
    reconnects:                          0      (0.00 per sec.)

Throughput:
    events/s (eps):                      401385.0104
    time elapsed:                        630.0059s
    total number of events:              252874618

Latency (ms):
         min:                                    0.06
         avg:                                    0.10
         max:                                   24.10
         95th percentile:                        0.12
         sum:                             25111865.66

Threads fairness:
    events (avg/stddev):           6321860.2250/33102.17
    execution time (avg/stddev):   627.7966/0.05

