LUA_PATH=/home/mdcallag/git/mytools/bench/sysbench.lua/lua/?.lua /home/mdcallag/git/mytools/bench/sysbench.lua/lua/sysbench --db-driver=pgsql --range-size=10000 --table-size=10000000 --tables=8 --threads=40 --events=0 --warmup-time=5 --time=630 --pgsql_conn_id=true /home/mdcallag/git/mytools/bench/sysbench.lua/lua/oltp_read_only.lua run --pgsql-user=root --pgsql-password=pw --pgsql-host=127.0.0.1 --pgsql-db=ib --rand-type=uniform
48 CPUs
sysbench 1.1.0-9072687 (using bundled LuaJIT 2.1.0-beta3)

Running the test with following options:
Number of threads: 40
Warmup time: 5s
Initializing random number generator from current time


Initializing worker threads...

explain: for point_selects :: explain SELECT c FROM sbtest%u WHERE id=%u
explain: for point_selects :: explain SELECT c FROM sbtest%u WHERE id=%u
explain: for point_selects :: explain SELECT c FROM sbtest%u WHERE id=%u
for point_selects
table 1 : explain SELECT c FROM sbtest1 WHERE id=1834367
	Index Scan using sbtest1_pkey on sbtest1  (cost=0.43..8.45 rows=1 width=121)
	  Index Cond: (id = 1834367)

table 2 : explain SELECT c FROM sbtest2 WHERE id=7841577
	Index Scan using sbtest2_pkey on sbtest2  (cost=0.43..8.45 rows=1 width=121)
	  Index Cond: (id = 7841577)

table 3 : explain SELECT c FROM sbtest3 WHERE id=7809304
	Index Scan using sbtest3_pkey on sbtest3  (cost=0.43..8.45 rows=1 width=121)
	  Index Cond: (id = 7809304)

table 4 : explain SELECT c FROM sbtest4 WHERE id=9344994
	Index Scan using sbtest4_pkey on sbtest4  (cost=0.43..8.45 rows=1 width=121)
	  Index Cond: (id = 9344994)

table 5 : explain SELECT c FROM sbtest5 WHERE id=5063493
	Index Scan using sbtest5_pkey on sbtest5  (cost=0.43..8.45 rows=1 width=121)
	  Index Cond: (id = 5063493)

table 6 : explain SELECT c FROM sbtest6 WHERE id=7795472
	Index Scan using sbtest6_pkey on sbtest6  (cost=0.43..8.45 rows=1 width=121)
	  Index Cond: (id = 7795472)

table 7 : explain SELECT c FROM sbtest7 WHERE id=130018
	Index Scan using sbtest7_pkey on sbtest7  (cost=0.43..8.45 rows=1 width=121)
	  Index Cond: (id = 130018)

table 8 : explain SELECT c FROM sbtest8 WHERE id=8407335
	Index Scan using sbtest8_pkey on sbtest8  (cost=0.43..8.45 rows=1 width=121)
	  Index Cond: (id = 8407335)

explain: for point_selects :: explain SELECT c FROM sbtest%u WHERE id=%u
explain: for point_selects :: explain SELECT c FROM sbtest%u WHERE id=%u
for: simple_ranges
table 1 : explain SELECT c FROM sbtest1 WHERE id BETWEEN 236312 AND 246311
	Bitmap Heap Scan on sbtest1  (cost=278.31..33255.06 rows=9549 width=121)
	  Recheck Cond: ((id >= 236312) AND (id <= 246311))
	  ->  Bitmap Index Scan on sbtest1_pkey  (cost=0.00..275.93 rows=9549 width=0)
	        Index Cond: ((id >= 236312) AND (id <= 246311))

table 2 : explain SELECT c FROM sbtest2 WHERE id BETWEEN 8942913 AND 8952912
	Bitmap Heap Scan on sbtest2  (cost=306.06..35594.38 rows=10305 width=121)
	  Recheck Cond: ((id >= 8942913) AND (id <= 8952912))
	  ->  Bitmap Index Scan on sbtest2_pkey  (cost=0.00..303.49 rows=10305 width=0)
	        Index Cond: ((id >= 8942913) AND (id <= 8952912))

table 3 : explain SELECT c FROM sbtest3 WHERE id BETWEEN 9769694 AND 9779693
	Bitmap Heap Scan on sbtest3  (cost=274.74..33272.84 rows=9591 width=121)
	  Recheck Cond: ((id >= 9769694) AND (id <= 9779693))
	  ->  Bitmap Index Scan on sbtest3_pkey  (cost=0.00..272.34 rows=9591 width=0)
	        Index Cond: ((id >= 9769694) AND (id <= 9779693))

table 4 : explain SELECT c FROM sbtest4 WHERE id BETWEEN 3353755 AND 3363754
	Bitmap Heap Scan on sbtest4  (cost=283.89..33690.93 rows=9703 width=121)
	  Recheck Cond: ((id >= 3353755) AND (id <= 3363754))
	  ->  Bitmap Index Scan on sbtest4_pkey  (cost=0.00..281.46 rows=9703 width=0)
	        Index Cond: ((id >= 3353755) AND (id <= 3363754))

table 5 : explain SELECT c FROM sbtest5 WHERE id BETWEEN 3944132 AND 3954131
	Bitmap Heap Scan on sbtest5  (cost=320.00..37412.67 rows=10884 width=121)
	  Recheck Cond: ((id >= 3944132) AND (id <= 3954131))
	  ->  Bitmap Index Scan on sbtest5_pkey  (cost=0.00..317.28 rows=10884 width=0)
	        Index Cond: ((id >= 3944132) AND (id <= 3954131))

table 6 : explain SELECT c FROM sbtest6 WHERE id BETWEEN 1272557 AND 1282556
	Bitmap Heap Scan on sbtest6  (cost=324.80..37635.10 rows=10962 width=121)
	  Recheck Cond: ((id >= 1272557) AND (id <= 1282556))
	  ->  Bitmap Index Scan on sbtest6_pkey  (cost=0.00..322.06 rows=10962 width=0)
	        Index Cond: ((id >= 1272557) AND (id <= 1282556))

table 7 : explain SELECT c FROM sbtest7 WHERE id BETWEEN 7552770 AND 7562769
	Bitmap Heap Scan on sbtest7  (cost=293.98..34263.32 rows=9907 width=121)
	  Recheck Cond: ((id >= 7552770) AND (id <= 7562769))
	  ->  Bitmap Index Scan on sbtest7_pkey  (cost=0.00..291.50 rows=9907 width=0)
	        Index Cond: ((id >= 7552770) AND (id <= 7562769))

table 8 : explain SELECT c FROM sbtest8 WHERE id BETWEEN 1263648 AND 1273647
	Bitmap Heap Scan on sbtest8  (cost=300.45..35111.01 rows=10148 width=121)
	  Recheck Cond: ((id >= 1263648) AND (id <= 1273647))
	  ->  Bitmap Index Scan on sbtest8_pkey  (cost=0.00..297.92 rows=10148 width=0)
	        Index Cond: ((id >= 1263648) AND (id <= 1273647))

explain: for point_selects :: explain SELECT c FROM sbtest%u WHERE id=%u
explain: for point_selects :: explain SELECT c FROM sbtest%u WHERE id=%u
for point_selects
table 1 : explain SELECT c FROM sbtest1 WHERE id=2779546
	Index Scan using sbtest1_pkey on sbtest1  (cost=0.43..8.45 rows=1 width=121)
	  Index Cond: (id = 2779546)

table 2 : explain SELECT c FROM sbtest2 WHERE id=926398
	Index Scan using sbtest2_pkey on sbtest2  (cost=0.43..8.45 rows=1 width=121)
	  Index Cond: (id = 926398)

table 3 : explain SELECT c FROM sbtest3 WHERE id=1841610
	Index Scan using sbtest3_pkey on sbtest3  (cost=0.43..8.45 rows=1 width=121)
	  Index Cond: (id = 1841610)

table 4 : explain SELECT c FROM sbtest4 WHERE id=4100564
	Index Scan using sbtest4_pkey on sbtest4  (cost=0.43..8.45 rows=1 width=121)
	  Index Cond: (id = 4100564)

table 5 : explain SELECT c FROM sbtest5 WHERE id=1832132
	Index Scan using sbtest5_pkey on sbtest5  (cost=0.43..8.45 rows=1 width=121)
	  Index Cond: (id = 1832132)

table 6 : explain SELECT c FROM sbtest6 WHERE id=5923923
	Index Scan using sbtest6_pkey on sbtest6  (cost=0.43..8.45 rows=1 width=121)
	  Index Cond: (id = 5923923)

table 7 : explain SELECT c FROM sbtest7 WHERE id=8872757
	Index Scan using sbtest7_pkey on sbtest7  (cost=0.43..8.45 rows=1 width=121)
	  Index Cond: (id = 8872757)

table 8 : explain SELECT c FROM sbtest8 WHERE id=3665674
	Index Scan using sbtest8_pkey on sbtest8  (cost=0.43..8.45 rows=1 width=121)
	  Index Cond: (id = 3665674)

explain: for point_selects :: explain SELECT c FROM sbtest%u WHERE id=%u
for: simple_ranges
table 1 : explain SELECT c FROM sbtest1 WHERE id BETWEEN 4983267 AND 4993266
	Bitmap Heap Scan on sbtest1  (cost=326.52..38233.76 rows=11130 width=121)
	  Recheck Cond: ((id >= 4983267) AND (id <= 4993266))
	  ->  Bitmap Index Scan on sbtest1_pkey  (cost=0.00..323.74 rows=11130 width=0)
	        Index Cond: ((id >= 4983267) AND (id <= 4993266))

table 2 : explain SELECT c FROM sbtest2 WHERE id BETWEEN 5529063 AND 5539062
	Bitmap Heap Scan on sbtest2  (cost=299.84..34912.69 rows=10088 width=121)
	  Recheck Cond: ((id >= 5529063) AND (id <= 5539062))
	  ->  Bitmap Index Scan on sbtest2_pkey  (cost=0.00..297.31 rows=10088 width=0)
	        Index Cond: ((id >= 5529063) AND (id <= 5539062))

table 3 : explain SELECT c FROM sbtest3 WHERE id BETWEEN 4237256 AND 4247255
	Bitmap Heap Scan on sbtest3  (cost=291.37..34701.40 rows=10042 width=121)
	  Recheck Cond: ((id >= 4237256) AND (id <= 4247255))
	  ->  Bitmap Index Scan on sbtest3_pkey  (cost=0.00..288.86 rows=10042 width=0)
	        Index Cond: ((id >= 4237256) AND (id <= 4247255))

table 4 : explain SELECT c FROM sbtest4 WHERE id BETWEEN 6930941 AND 6940940
	Bitmap Heap Scan on sbtest4  (cost=295.49..34800.23 rows=10054 width=121)
	  Recheck Cond: ((id >= 6930941) AND (id <= 6940940))
	  ->  Bitmap Index Scan on sbtest4_pkey  (cost=0.00..292.98 rows=10054 width=0)
	        Index Cond: ((id >= 6930941) AND (id <= 6940940))

table 5 : explain SELECT c FROM sbtest5 WHERE id BETWEEN 7183901 AND 7193900
	Bitmap Heap Scan on sbtest5  (cost=277.66..33009.67 rows=9485 width=121)
	  Recheck Cond: ((id >= 7183901) AND (id <= 7193900))
	  ->  Bitmap Index Scan on sbtest5_pkey  (cost=0.00..275.29 rows=9485 width=0)
	        Index Cond: ((id >= 7183901) AND (id <= 7193900))

table 6 : explain SELECT c FROM sbtest6 WHERE id BETWEEN 4410941 AND 4420940
	Bitmap Heap Scan on sbtest6  (cost=301.25..35333.16 rows=10226 width=121)
	  Recheck Cond: ((id >= 4410941) AND (id <= 4420940))
	  ->  Bitmap Index Scan on sbtest6_pkey  (cost=0.00..298.69 rows=10226 width=0)
	        Index Cond: ((id >= 4410941) AND (id <= 4420940))

table 7 : explain SELECT c FROM sbtest7 WHERE id BETWEEN 9974762 AND 9984761
	Bitmap Heap Scan on sbtest7  (cost=300.54..35047.35 rows=10157 width=121)
	  Recheck Cond: ((id >= 9974762) AND (id <= 9984761))
	  ->  Bitmap Index Scan on sbtest7_pkey  (cost=0.00..298.00 rows=10157 width=0)
	        Index Cond: ((id >= 9974762) AND (id <= 9984761))

table 8 : explain SELECT c FROM sbtest8 WHERE id BETWEEN 642010 AND 652009
	Bitmap Heap Scan on sbtest8  (cost=269.99..31870.21 rows=9127 width=121)
	  Recheck Cond: ((id >= 642010) AND (id <= 652009))
	  ->  Bitmap Index Scan on sbtest8_pkey  (cost=0.00..267.70 rows=9127 width=0)
	        Index Cond: ((id >= 642010) AND (id <= 652009))

for point_selects
table 1 : explain SELECT c FROM sbtest1 WHERE id=1791386
	Index Scan using sbtest1_pkey on sbtest1  (cost=0.43..8.45 rows=1 width=121)
	  Index Cond: (id = 1791386)

table 2 : explain SELECT c FROM sbtest2 WHERE id=453639
	Index Scan using sbtest2_pkey on sbtest2  (cost=0.43..8.45 rows=1 width=121)
	  Index Cond: (id = 453639)

table 3 : explain SELECT c FROM sbtest3 WHERE id=2750687
	Index Scan using sbtest3_pkey on sbtest3  (cost=0.43..8.45 rows=1 width=121)
	  Index Cond: (id = 2750687)

table 4 : explain SELECT c FROM sbtest4 WHERE id=62048
	Index Scan using sbtest4_pkey on sbtest4  (cost=0.43..8.45 rows=1 width=121)
	  Index Cond: (id = 62048)

table 5 : explain SELECT c FROM sbtest5 WHERE id=4535429
	Index Scan using sbtest5_pkey on sbtest5  (cost=0.43..8.45 rows=1 width=121)
	  Index Cond: (id = 4535429)

table 6 : explain SELECT c FROM sbtest6 WHERE id=3773237
	Index Scan using sbtest6_pkey on sbtest6  (cost=0.43..8.45 rows=1 width=121)
	  Index Cond: (id = 3773237)

table 7 : explain SELECT c FROM sbtest7 WHERE id=417290
	Index Scan using sbtest7_pkey on sbtest7  (cost=0.43..8.45 rows=1 width=121)
	  Index Cond: (id = 417290)

table 8 : explain SELECT c FROM sbtest8 WHERE id=3993984
	Index Scan using sbtest8_pkey on sbtest8  (cost=0.43..8.45 rows=1 width=121)
	  Index Cond: (id = 3993984)

for point_selects
table 1 : explain SELECT c FROM sbtest1 WHERE id=7786255
	Index Scan using sbtest1_pkey on sbtest1  (cost=0.43..8.45 rows=1 width=121)
	  Index Cond: (id = 7786255)

table 2 : explain SELECT c FROM sbtest2 WHERE id=4520638
	Index Scan using sbtest2_pkey on sbtest2  (cost=0.43..8.45 rows=1 width=121)
	  Index Cond: (id = 4520638)

table 3 : explain SELECT c FROM sbtest3 WHERE id=3725990
	Index Scan using sbtest3_pkey on sbtest3  (cost=0.43..8.45 rows=1 width=121)
	  Index Cond: (id = 3725990)

table 4 : explain SELECT c FROM sbtest4 WHERE id=5688915
	Index Scan using sbtest4_pkey on sbtest4  (cost=0.43..8.45 rows=1 width=121)
	  Index Cond: (id = 5688915)

table 5 : explain SELECT c FROM sbtest5 WHERE id=244106
	Index Scan using sbtest5_pkey on sbtest5  (cost=0.43..8.45 rows=1 width=121)
	  Index Cond: (id = 244106)

table 6 : explain SELECT c FROM sbtest6 WHERE id=1870214
	Index Scan using sbtest6_pkey on sbtest6  (cost=0.43..8.45 rows=1 width=121)
	  Index Cond: (id = 1870214)

table 7 : explain SELECT c FROM sbtest7 WHERE id=8459873
	Index Scan using sbtest7_pkey on sbtest7  (cost=0.43..8.45 rows=1 width=121)
	  Index Cond: (id = 8459873)

table 8 : explain SELECT c FROM sbtest8 WHERE id=6461589
	Index Scan using sbtest8_pkey on sbtest8  (cost=0.43..8.45 rows=1 width=121)
	  Index Cond: (id = 6461589)

for: simple_ranges
table 1 : explain SELECT c FROM sbtest1 WHERE id BETWEEN 1016120 AND 1026119
	Bitmap Heap Scan on sbtest1  (cost=291.14..34748.33 rows=10020 width=121)
	  Recheck Cond: ((id >= 1016120) AND (id <= 1026119))
	  ->  Bitmap Index Scan on sbtest1_pkey  (cost=0.00..288.63 rows=10020 width=0)
	        Index Cond: ((id >= 1016120) AND (id <= 1026119))

table 2 : explain SELECT c FROM sbtest2 WHERE id BETWEEN 5060486 AND 5070485
	Bitmap Heap Scan on sbtest2  (cost=281.77..33039.34 rows=9496 width=121)
	  Recheck Cond: ((id >= 5060486) AND (id <= 5070485))
	  ->  Bitmap Index Scan on sbtest2_pkey  (cost=0.00..279.40 rows=9496 width=0)
	        Index Cond: ((id >= 5060486) AND (id <= 5070485))

table 3 : explain SELECT c FROM sbtest3 WHERE id BETWEEN 1099727 AND 1109726
	Bitmap Heap Scan on sbtest3  (cost=261.83..31752.24 rows=9112 width=121)
	  Recheck Cond: ((id >= 1099727) AND (id <= 1109726))
	  ->  Bitmap Index Scan on sbtest3_pkey  (cost=0.00..259.56 rows=9112 width=0)
	        Index Cond: ((id >= 1099727) AND (id <= 1109726))

table 4 : explain SELECT c FROM sbtest4 WHERE id BETWEEN 3043776 AND 3053775
	Bitmap Heap Scan on sbtest4  (cost=278.77..33342.63 rows=9594 width=121)
	  Recheck Cond: ((id >= 3043776) AND (id <= 3053775))
	  ->  Bitmap Index Scan on sbtest4_pkey  (cost=0.00..276.38 rows=9594 width=0)
	        Index Cond: ((id >= 3043776) AND (id <= 3053775))

table 5 : explain SELECT c FROM sbtest5 WHERE id BETWEEN 9083216 AND 9093215
	Bitmap Heap Scan on sbtest5  (cost=307.75..36120.70 rows=10470 width=121)
	  Recheck Cond: ((id >= 9083216) AND (id <= 9093215))
	  ->  Bitmap Index Scan on sbtest5_pkey  (cost=0.00..305.13 rows=10470 width=0)
	        Index Cond: ((id >= 9083216) AND (id <= 9093215))

table 6 : explain SELECT c FROM sbtest6 WHERE id BETWEEN 2581445 AND 2591444
	Bitmap Heap Scan on sbtest6  (cost=300.82..35204.12 rows=10184 width=121)
	  Recheck Cond: ((id >= 2581445) AND (id <= 2591444))
	  ->  Bitmap Index Scan on sbtest6_pkey  (cost=0.00..298.28 rows=10184 width=0)
	        Index Cond: ((id >= 2581445) AND (id <= 2591444))

table 7 : explain SELECT c FROM sbtest7 WHERE id BETWEEN 7344351 AND 7354350
	Bitmap Heap Scan on sbtest7  (cost=324.29..37405.33 rows=10913 width=121)
	  Recheck Cond: ((id >= 7344351) AND (id <= 7354350))
	  ->  Bitmap Index Scan on sbtest7_pkey  (cost=0.00..321.56 rows=10913 width=0)
	        Index Cond: ((id >= 7344351) AND (id <= 7354350))

table 8 : explain SELECT c FROM sbtest8 WHERE id BETWEEN 9964413 AND 9974412
	Bitmap Heap Scan on sbtest8  (cost=281.62..33000.78 rows=9481 width=121)
	  Recheck Cond: ((id >= 9964413) AND (id <= 9974412))
	  ->  Bitmap Index Scan on sbtest8_pkey  (cost=0.00..279.25 rows=9481 width=0)
	        Index Cond: ((id >= 9964413) AND (id <= 9974412))

explain: for point_selects :: explain SELECT c FROM sbtest%u WHERE id=%u
explain: for point_selects :: explain SELECT c FROM sbtest%u WHERE id=%u
for point_selects
table 1 : explain SELECT c FROM sbtest1 WHERE id=9017890
	Index Scan using sbtest1_pkey on sbtest1  (cost=0.43..8.45 rows=1 width=121)
	  Index Cond: (id = 9017890)

table 2 : explain SELECT c FROM sbtest2 WHERE id=1834678
	Index Scan using sbtest2_pkey on sbtest2  (cost=0.43..8.45 rows=1 width=121)
	  Index Cond: (id = 1834678)

table 3 : explain SELECT c FROM sbtest3 WHERE id=3889619
	Index Scan using sbtest3_pkey on sbtest3  (cost=0.43..8.45 rows=1 width=121)
	  Index Cond: (id = 3889619)

table 4 : explain SELECT c FROM sbtest4 WHERE id=5223247
	Index Scan using sbtest4_pkey on sbtest4  (cost=0.43..8.45 rows=1 width=121)
	  Index Cond: (id = 5223247)

table 5 : explain SELECT c FROM sbtest5 WHERE id=2033901
	Index Scan using sbtest5_pkey on sbtest5  (cost=0.43..8.45 rows=1 width=121)
	  Index Cond: (id = 2033901)

table 6 : explain SELECT c FROM sbtest6 WHERE id=287581
	Index Scan using sbtest6_pkey on sbtest6  (cost=0.43..8.45 rows=1 width=121)
	  Index Cond: (id = 287581)

table 7 : explain SELECT c FROM sbtest7 WHERE id=1715152
	Index Scan using sbtest7_pkey on sbtest7  (cost=0.43..8.45 rows=1 width=121)
	  Index Cond: (id = 1715152)

table 8 : explain SELECT c FROM sbtest8 WHERE id=5341247
	Index Scan using sbtest8_pkey on sbtest8  (cost=0.43..8.45 rows=1 width=121)
	  Index Cond: (id = 5341247)

for point_selects
table 1 : explain SELECT c FROM sbtest1 WHERE id=4014429
	Index Scan using sbtest1_pkey on sbtest1  (cost=0.43..8.45 rows=1 width=121)
	  Index Cond: (id = 4014429)

table 2 : explain SELECT c FROM sbtest2 WHERE id=1546122
	Index Scan using sbtest2_pkey on sbtest2  (cost=0.43..8.45 rows=1 width=121)
	  Index Cond: (id = 1546122)

table 3 : explain SELECT c FROM sbtest3 WHERE id=6239210
	Index Scan using sbtest3_pkey on sbtest3  (cost=0.43..8.45 rows=1 width=121)
	  Index Cond: (id = 6239210)

table 4 : explain SELECT c FROM sbtest4 WHERE id=5175763
	Index Scan using sbtest4_pkey on sbtest4  (cost=0.43..8.45 rows=1 width=121)
	  Index Cond: (id = 5175763)

table 5 : explain SELECT c FROM sbtest5 WHERE id=7687153
	Index Scan using sbtest5_pkey on sbtest5  (cost=0.43..8.45 rows=1 width=121)
	  Index Cond: (id = 7687153)

table 6 : explain SELECT c FROM sbtest6 WHERE id=8559493
	Index Scan using sbtest6_pkey on sbtest6  (cost=0.43..8.45 rows=1 width=121)
	  Index Cond: (id = 8559493)

table 7 : explain SELECT c FROM sbtest7 WHERE id=9187614
	Index Scan using sbtest7_pkey on sbtest7  (cost=0.43..8.45 rows=1 width=121)
	  Index Cond: (id = 9187614)

table 8 : explain SELECT c FROM sbtest8 WHERE id=1749175
	Index Scan using sbtest8_pkey on sbtest8  (cost=0.43..8.45 rows=1 width=121)
	  Index Cond: (id = 1749175)

for point_selects
table 1 : explain SELECT c FROM sbtest1 WHERE id=1963603
	Index Scan using sbtest1_pkey on sbtest1  (cost=0.43..8.45 rows=1 width=121)
	  Index Cond: (id = 1963603)

table 2 : explain SELECT c FROM sbtest2 WHERE id=3668737
	Index Scan using sbtest2_pkey on sbtest2  (cost=0.43..8.45 rows=1 width=121)
	  Index Cond: (id = 3668737)

table 3 : explain SELECT c FROM sbtest3 WHERE id=7733226
	Index Scan using sbtest3_pkey on sbtest3  (cost=0.43..8.45 rows=1 width=121)
	  Index Cond: (id = 7733226)

table 4 : explain SELECT c FROM sbtest4 WHERE id=5305957
	Index Scan using sbtest4_pkey on sbtest4  (cost=0.43..8.45 rows=1 width=121)
	  Index Cond: (id = 5305957)

table 5 : explain SELECT c FROM sbtest5 WHERE id=5278486
	Index Scan using sbtest5_pkey on sbtest5  (cost=0.43..8.45 rows=1 width=121)
	  Index Cond: (id = 5278486)

table 6 : explain SELECT c FROM sbtest6 WHERE id=9538463
	Index Scan using sbtest6_pkey on sbtest6  (cost=0.43..8.45 rows=1 width=121)
	  Index Cond: (id = 9538463)

table 7 : explain SELECT c FROM sbtest7 WHERE id=2802941
	Index Scan using sbtest7_pkey on sbtest7  (cost=0.43..8.45 rows=1 width=121)
	  Index Cond: (id = 2802941)

table 8 : explain SELECT c FROM sbtest8 WHERE id=7840201
	Index Scan using sbtest8_pkey on sbtest8  (cost=0.43..8.45 rows=1 width=121)
	  Index Cond: (id = 7840201)

for: simple_ranges
table 1 : explain SELECT c FROM sbtest1 WHERE id BETWEEN 8199447 AND 8209446
	Bitmap Heap Scan on sbtest1  (cost=309.25..36623.80 rows=10616 width=121)
	  Recheck Cond: ((id >= 8199447) AND (id <= 8209446))
	  ->  Bitmap Index Scan on sbtest1_pkey  (cost=0.00..306.59 rows=10616 width=0)
	        Index Cond: ((id >= 8199447) AND (id <= 8209446))

table 2 : explain SELECT c FROM sbtest2 WHERE id BETWEEN 4173440 AND 4183439
	Bitmap Heap Scan on sbtest2  (cost=275.74..32409.71 rows=9298 width=121)
	  Recheck Cond: ((id >= 4173440) AND (id <= 4183439))
	  ->  Bitmap Index Scan on sbtest2_pkey  (cost=0.00..273.42 rows=9298 width=0)
	        Index Cond: ((id >= 4173440) AND (id <= 4183439))

table 3 : explain SELECT c FROM sbtest3 WHERE id BETWEEN 2788034 AND 2798033
	Bitmap Heap Scan on sbtest3  (cost=280.86..33927.88 rows=9798 width=121)
	  Recheck Cond: ((id >= 2788034) AND (id <= 2798033))
	  ->  Bitmap Index Scan on sbtest3_pkey  (cost=0.00..278.42 rows=9798 width=0)
	        Index Cond: ((id >= 2788034) AND (id <= 2798033))

table 4 : explain SELECT c FROM sbtest4 WHERE id BETWEEN 3636940 AND 3646939
	Bitmap Heap Scan on sbtest4  (cost=284.31..33820.73 rows=9744 width=121)
	  Recheck Cond: ((id >= 3636940) AND (id <= 3646939))
	  ->  Bitmap Index Scan on sbtest4_pkey  (cost=0.00..281.88 rows=9744 width=0)
	        Index Cond: ((id >= 3636940) AND (id <= 3646939))

table 5 : explain SELECT c FROM sbtest5 WHERE id BETWEEN 2520951 AND 2530950
	Bitmap Heap Scan on sbtest5  (cost=290.69..34562.91 rows=9976 width=121)
	  Recheck Cond: ((id >= 2520951) AND (id <= 2530950))
	  ->  Bitmap Index Scan on sbtest5_pkey  (cost=0.00..288.19 rows=9976 width=0)
	        Index Cond: ((id >= 2520951) AND (id <= 2530950))

table 6 : explain SELECT c FROM sbtest6 WHERE id BETWEEN 2644611 AND 2654610
	Bitmap Heap Scan on sbtest6  (cost=300.82..35204.12 rows=10184 width=121)
	  Recheck Cond: ((id >= 2644611) AND (id <= 2654610))
	  ->  Bitmap Index Scan on sbtest6_pkey  (cost=0.00..298.28 rows=10184 width=0)
	        Index Cond: ((id >= 2644611) AND (id <= 2654610))

table 7 : explain SELECT c FROM sbtest7 WHERE id BETWEEN 9069229 AND 9079228
	Bitmap Heap Scan on sbtest7  (cost=304.93..35170.40 rows=10195 width=121)
	  Recheck Cond: ((id >= 9069229) AND (id <= 9079228))
	  ->  Bitmap Index Scan on sbtest7_pkey  (cost=0.00..302.38 rows=10195 width=0)
	        Index Cond: ((id >= 9069229) AND (id <= 9079228))

table 8 : explain SELECT c FROM sbtest8 WHERE id BETWEEN 7415229 AND 7425228
	Bitmap Heap Scan on sbtest8  (cost=306.69..35795.66 rows=10366 width=121)
	  Recheck Cond: ((id >= 7415229) AND (id <= 7425228))
	  ->  Bitmap Index Scan on sbtest8_pkey  (cost=0.00..304.09 rows=10366 width=0)
	        Index Cond: ((id >= 7415229) AND (id <= 7425228))

for point_selects
table 1 : explain SELECT c FROM sbtest1 WHERE id=4842628
	Index Scan using sbtest1_pkey on sbtest1  (cost=0.43..8.45 rows=1 width=121)
	  Index Cond: (id = 4842628)

table 2 : explain SELECT c FROM sbtest2 WHERE id=4231684
	Index Scan using sbtest2_pkey on sbtest2  (cost=0.43..8.45 rows=1 width=121)
	  Index Cond: (id = 4231684)

table 3 : explain SELECT c FROM sbtest3 WHERE id=9640957
	Index Scan using sbtest3_pkey on sbtest3  (cost=0.43..8.45 rows=1 width=121)
	  Index Cond: (id = 9640957)

table 4 : explain SELECT c FROM sbtest4 WHERE id=8910650
	Index Scan using sbtest4_pkey on sbtest4  (cost=0.43..8.45 rows=1 width=121)
	  Index Cond: (id = 8910650)

table 5 : explain SELECT c FROM sbtest5 WHERE id=6766920
	Index Scan using sbtest5_pkey on sbtest5  (cost=0.43..8.45 rows=1 width=121)
	  Index Cond: (id = 6766920)

table 6 : explain SELECT c FROM sbtest6 WHERE id=1710305
	Index Scan using sbtest6_pkey on sbtest6  (cost=0.43..8.45 rows=1 width=121)
	  Index Cond: (id = 1710305)

table 7 : explain SELECT c FROM sbtest7 WHERE id=9650308
	Index Scan using sbtest7_pkey on sbtest7  (cost=0.43..8.45 rows=1 width=121)
	  Index Cond: (id = 9650308)

table 8 : explain SELECT c FROM sbtest8 WHERE id=2552919
	Index Scan using sbtest8_pkey on sbtest8  (cost=0.43..8.45 rows=1 width=121)
	  Index Cond: (id = 2552919)

for: simple_ranges
table 1 : explain SELECT c FROM sbtest1 WHERE id BETWEEN 5926298 AND 5936297
	Bitmap Heap Scan on sbtest1  (cost=277.88..33121.40 rows=9507 width=121)
	  Recheck Cond: ((id >= 5926298) AND (id <= 5936297))
	  ->  Bitmap Index Scan on sbtest1_pkey  (cost=0.00..275.50 rows=9507 width=0)
	        Index Cond: ((id >= 5926298) AND (id <= 5936297))

table 2 : explain SELECT c FROM sbtest2 WHERE id BETWEEN 3116432 AND 3126431
	Bitmap Heap Scan on sbtest2  (cost=289.02..34043.76 rows=9813 width=121)
	  Recheck Cond: ((id >= 3116432) AND (id <= 3126431))
	  ->  Bitmap Index Scan on sbtest2_pkey  (cost=0.00..286.56 rows=9813 width=0)
	        Index Cond: ((id >= 3116432) AND (id <= 3126431))

table 3 : explain SELECT c FROM sbtest3 WHERE id BETWEEN 7232982 AND 7242981
	Bitmap Heap Scan on sbtest3  (cost=304.00..36115.03 rows=10494 width=121)
	  Recheck Cond: ((id >= 7232982) AND (id <= 7242981))
	  ->  Bitmap Index Scan on sbtest3_pkey  (cost=0.00..301.38 rows=10494 width=0)
	        Index Cond: ((id >= 7232982) AND (id <= 7242981))

table 4 : explain SELECT c FROM sbtest4 WHERE id BETWEEN 4855417 AND 4865416
	Bitmap Heap Scan on sbtest4  (cost=296.36..35065.15 rows=10139 width=121)
	  Recheck Cond: ((id >= 4855417) AND (id <= 4865416))
	  ->  Bitmap Index Scan on sbtest4_pkey  (cost=0.00..293.82 rows=10139 width=0)
	        Index Cond: ((id >= 4855417) AND (id <= 4865416))

table 5 : explain SELECT c FROM sbtest5 WHERE id BETWEEN 6350782 AND 6360781
	Bitmap Heap Scan on sbtest5  (cost=296.61..35152.10 rows=10163 width=121)
	  Recheck Cond: ((id >= 6350782) AND (id <= 6360781))
	  ->  Bitmap Index Scan on sbtest5_pkey  (cost=0.00..294.06 rows=10163 width=0)
	        Index Cond: ((id >= 6350782) AND (id <= 6360781))

table 6 : explain SELECT c FROM sbtest6 WHERE id BETWEEN 8226608 AND 8236607
	Bitmap Heap Scan on sbtest6  (cost=294.45..34476.46 rows=9953 width=121)
	  Recheck Cond: ((id >= 8226608) AND (id <= 8236607))
	  ->  Bitmap Index Scan on sbtest6_pkey  (cost=0.00..291.96 rows=9953 width=0)
	        Index Cond: ((id >= 8226608) AND (id <= 8236607))

table 7 : explain SELECT c FROM sbtest7 WHERE id BETWEEN 3669629 AND 3679628
	Bitmap Heap Scan on sbtest7  (cost=317.82..36657.14 rows=10672 width=121)
	  Recheck Cond: ((id >= 3669629) AND (id <= 3679628))
	  ->  Bitmap Index Scan on sbtest7_pkey  (cost=0.00..315.16 rows=10672 width=0)
	        Index Cond: ((id >= 3669629) AND (id <= 3679628))

table 8 : explain SELECT c FROM sbtest8 WHERE id BETWEEN 8893991 AND 8903990
	Bitmap Heap Scan on sbtest8  (cost=299.46..34807.21 rows=10051 width=121)
	  Recheck Cond: ((id >= 8893991) AND (id <= 8903990))
	  ->  Bitmap Index Scan on sbtest8_pkey  (cost=0.00..296.94 rows=10051 width=0)
	        Index Cond: ((id >= 8893991) AND (id <= 8903990))

for: simple_ranges
table 1 : explain SELECT c FROM sbtest1 WHERE id BETWEEN 7111494 AND 7121493
	Bitmap Heap Scan on sbtest1  (cost=278.37..33274.61 rows=9555 width=121)
	  Recheck Cond: ((id >= 7111494) AND (id <= 7121493))
	  ->  Bitmap Index Scan on sbtest1_pkey  (cost=0.00..275.99 rows=9555 width=0)
	        Index Cond: ((id >= 7111494) AND (id <= 7121493))

table 2 : explain SELECT c FROM sbtest2 WHERE id BETWEEN 3949774 AND 3959773
	Bitmap Heap Scan on sbtest2  (cost=319.15..37144.83 rows=10801 width=121)
	  Recheck Cond: ((id >= 3949774) AND (id <= 3959773))
	  ->  Bitmap Index Scan on sbtest2_pkey  (cost=0.00..316.44 rows=10801 width=0)
	        Index Cond: ((id >= 3949774) AND (id <= 3959773))

table 3 : explain SELECT c FROM sbtest3 WHERE id BETWEEN 5773821 AND 5783820
	Bitmap Heap Scan on sbtest3  (cost=280.76..33895.54 rows=9788 width=121)
	  Recheck Cond: ((id >= 5773821) AND (id <= 5783820))
	  ->  Bitmap Index Scan on sbtest3_pkey  (cost=0.00..278.31 rows=9788 width=0)
	        Index Cond: ((id >= 5773821) AND (id <= 5783820))

table 4 : explain SELECT c FROM sbtest4 WHERE id BETWEEN 101909 AND 111908
	Bitmap Heap Scan on sbtest4  (cost=308.60..36364.78 rows=10553 width=121)
	  Recheck Cond: ((id >= 101909) AND (id <= 111908))
	  ->  Bitmap Index Scan on sbtest4_pkey  (cost=0.00..305.96 rows=10553 width=0)
	        Index Cond: ((id >= 101909) AND (id <= 111908))

table 5 : explain SELECT c FROM sbtest5 WHERE id BETWEEN 7122016 AND 7132015
	Bitmap Heap Scan on sbtest5  (cost=277.66..33009.67 rows=9485 width=121)
	  Recheck Cond: ((id >= 7122016) AND (id <= 7132015))
	  ->  Bitmap Index Scan on sbtest5_pkey  (cost=0.00..275.29 rows=9485 width=0)
	        Index Cond: ((id >= 7122016) AND (id <= 7132015))

table 6 : explain SELECT c FROM sbtest6 WHERE id BETWEEN 12924 AND 22923
	Bitmap Heap Scan on sbtest6  (cost=293.95..34321.14 rows=9904 width=121)
	  Recheck Cond: ((id >= 12924) AND (id <= 22923))
	  ->  Bitmap Index Scan on sbtest6_pkey  (cost=0.00..291.48 rows=9904 width=0)
	        Index Cond: ((id >= 12924) AND (id <= 22923))

table 7 : explain SELECT c FROM sbtest7 WHERE id BETWEEN 4777210 AND 4787209
	Bitmap Heap Scan on sbtest7  (cost=298.63..34464.16 rows=9970 width=121)
	  Recheck Cond: ((id >= 4777210) AND (id <= 4787209))
	  ->  Bitmap Index Scan on sbtest7_pkey  (cost=0.00..296.13 rows=9970 width=0)
	        Index Cond: ((id >= 4777210) AND (id <= 4787209))

table 8 : explain SELECT c FROM sbtest8 WHERE id BETWEEN 978058 AND 988057
	Bitmap Heap Scan on sbtest8  (cost=306.19..35644.21 rows=10318 width=121)
	  Recheck Cond: ((id >= 978058) AND (id <= 988057))
	  ->  Bitmap Index Scan on sbtest8_pkey  (cost=0.00..303.62 rows=10318 width=0)
	        Index Cond: ((id >= 978058) AND (id <= 988057))

for: simple_ranges
table 1 : explain SELECT c FROM sbtest1 WHERE id BETWEEN 9305920 AND 9315919
	Bitmap Heap Scan on sbtest1  (cost=296.36..35124.79 rows=10139 width=121)
	  Recheck Cond: ((id >= 9305920) AND (id <= 9315919))
	  ->  Bitmap Index Scan on sbtest1_pkey  (cost=0.00..293.82 rows=10139 width=0)
	        Index Cond: ((id >= 9305920) AND (id <= 9315919))

table 2 : explain SELECT c FROM sbtest2 WHERE id BETWEEN 9685641 AND 9695640
	Bitmap Heap Scan on sbtest2  (cost=295.42..34779.42 rows=10047 width=121)
	  Recheck Cond: ((id >= 9685641) AND (id <= 9695640))
	  ->  Bitmap Index Scan on sbtest2_pkey  (cost=0.00..292.91 rows=10047 width=0)
	        Index Cond: ((id >= 9685641) AND (id <= 9695640))

table 3 : explain SELECT c FROM sbtest3 WHERE id BETWEEN 209152 AND 219151
	Bitmap Heap Scan on sbtest3  (cost=304.49..36262.56 rows=10542 width=121)
	  Recheck Cond: ((id >= 209152) AND (id <= 219151))
	  ->  Bitmap Index Scan on sbtest3_pkey  (cost=0.00..301.86 rows=10542 width=0)
	        Index Cond: ((id >= 209152) AND (id <= 219151))

table 4 : explain SELECT c FROM sbtest4 WHERE id BETWEEN 5146118 AND 5156117
	Bitmap Heap Scan on sbtest4  (cost=309.41..36612.06 rows=10632 width=121)
	  Recheck Cond: ((id >= 5146118) AND (id <= 5156117))
	  ->  Bitmap Index Scan on sbtest4_pkey  (cost=0.00..306.75 rows=10632 width=0)
	        Index Cond: ((id >= 5146118) AND (id <= 5156117))

table 5 : explain SELECT c FROM sbtest5 WHERE id BETWEEN 8255147 AND 8265146
	Bitmap Heap Scan on sbtest5  (cost=302.62..35772.19 rows=10360 width=121)
	  Recheck Cond: ((id >= 8255147) AND (id <= 8265146))
	  ->  Bitmap Index Scan on sbtest5_pkey  (cost=0.00..300.04 rows=10360 width=0)
	        Index Cond: ((id >= 8255147) AND (id <= 8265146))

table 6 : explain SELECT c FROM sbtest6 WHERE id BETWEEN 739698 AND 749697
	Bitmap Heap Scan on sbtest6  (cost=325.06..37715.01 rows=10988 width=121)
	  Recheck Cond: ((id >= 739698) AND (id <= 749697))
	  ->  Bitmap Index Scan on sbtest6_pkey  (cost=0.00..322.31 rows=10988 width=0)
	        Index Cond: ((id >= 739698) AND (id <= 749697))

table 7 : explain SELECT c FROM sbtest7 WHERE id BETWEEN 890928 AND 900927
	Bitmap Heap Scan on sbtest7  (cost=287.23..33418.61 rows=9639 width=121)
	  Recheck Cond: ((id >= 890928) AND (id <= 900927))
	  ->  Bitmap Index Scan on sbtest7_pkey  (cost=0.00..284.82 rows=9639 width=0)
	        Index Cond: ((id >= 890928) AND (id <= 900927))

table 8 : explain SELECT c FROM sbtest8 WHERE id BETWEEN 7106042 AND 7116041
	Bitmap Heap Scan on sbtest8  (cost=305.63..35473.31 rows=10263 width=121)
	  Recheck Cond: ((id >= 7106042) AND (id <= 7116041))
	  ->  Bitmap Index Scan on sbtest8_pkey  (cost=0.00..303.06 rows=10263 width=0)
	        Index Cond: ((id >= 7106042) AND (id <= 7116041))

explain: for point_selects :: explain SELECT c FROM sbtest%u WHERE id=%u
for point_selects
table 1 : explain SELECT c FROM sbtest1 WHERE id=7604960
	Index Scan using sbtest1_pkey on sbtest1  (cost=0.43..8.45 rows=1 width=121)
	  Index Cond: (id = 7604960)

table 2 : explain SELECT c FROM sbtest2 WHERE id=4819168
	Index Scan using sbtest2_pkey on sbtest2  (cost=0.43..8.45 rows=1 width=121)
	  Index Cond: (id = 4819168)

table 3 : explain SELECT c FROM sbtest3 WHERE id=6148450
	Index Scan using sbtest3_pkey on sbtest3  (cost=0.43..8.45 rows=1 width=121)
	  Index Cond: (id = 6148450)

table 4 : explain SELECT c FROM sbtest4 WHERE id=3899803
	Index Scan using sbtest4_pkey on sbtest4  (cost=0.43..8.45 rows=1 width=121)
	  Index Cond: (id = 3899803)

table 5 : explain SELECT c FROM sbtest5 WHERE id=7914605
	Index Scan using sbtest5_pkey on sbtest5  (cost=0.43..8.45 rows=1 width=121)
	  Index Cond: (id = 7914605)

table 6 : explain SELECT c FROM sbtest6 WHERE id=696180
	Index Scan using sbtest6_pkey on sbtest6  (cost=0.43..8.45 rows=1 width=121)
	  Index Cond: (id = 696180)

table 7 : explain SELECT c FROM sbtest7 WHERE id=2295400
	Index Scan using sbtest7_pkey on sbtest7  (cost=0.43..8.45 rows=1 width=121)
	  Index Cond: (id = 2295400)

table 8 : explain SELECT c FROM sbtest8 WHERE id=25
	Index Scan using sbtest8_pkey on sbtest8  (cost=0.43..8.45 rows=1 width=121)
	  Index Cond: (id = 25)

explain: for point_selects :: explain SELECT c FROM sbtest%u WHERE id=%u
explain: for point_selects :: explain SELECT c FROM sbtest%u WHERE id=%u
for: sum_ranges
table 1 : explain SELECT SUM(k) FROM sbtest1 WHERE id BETWEEN 9850179 AND 9860178
	Aggregate  (cost=35849.57..35849.58 rows=1 width=8)
	  ->  Bitmap Heap Scan on sbtest1  (cost=302.62..35823.67 rows=10360 width=4)
	        Recheck Cond: ((id >= 9850179) AND (id <= 9860178))
	        ->  Bitmap Index Scan on sbtest1_pkey  (cost=0.00..300.04 rows=10360 width=0)
	              Index Cond: ((id >= 9850179) AND (id <= 9860178))

table 2 : explain SELECT SUM(k) FROM sbtest2 WHERE id BETWEEN 7258534 AND 7268533
	Aggregate  (cost=34662.13..34662.14 rows=1 width=8)
	  ->  Bitmap Heap Scan on sbtest2  (cost=294.95..34637.12 rows=10001 width=4)
	        Recheck Cond: ((id >= 7258534) AND (id <= 7268533))
	        ->  Bitmap Index Scan on sbtest2_pkey  (cost=0.00..292.44 rows=10001 width=0)
	              Index Cond: ((id >= 7258534) AND (id <= 7268533))

table 3 : explain SELECT SUM(k) FROM sbtest3 WHERE id BETWEEN 5449710 AND 5459709
	Aggregate  (cost=32933.01..32933.02 rows=1 width=8)
	  ->  Bitmap Heap Scan on sbtest3  (cost=273.55..32909.32 rows=9475 width=4)
	        Recheck Cond: ((id >= 5449710) AND (id <= 5459709))
	        ->  Bitmap Index Scan on sbtest3_pkey  (cost=0.00..271.19 rows=9475 width=0)
	              Index Cond: ((id >= 5449710) AND (id <= 5459709))

table 4 : explain SELECT SUM(k) FROM sbtest4 WHERE id BETWEEN 7526918 AND 7536917
	Aggregate  (cost=35193.88..35193.89 rows=1 width=8)
	  ->  Bitmap Heap Scan on sbtest4  (cost=296.70..35168.45 rows=10172 width=4)
	        Recheck Cond: ((id >= 7526918) AND (id <= 7536917))
	        ->  Bitmap Index Scan on sbtest4_pkey  (cost=0.00..294.16 rows=10172 width=0)
	              Index Cond: ((id >= 7526918) AND (id <= 7536917))

table 5 : explain SELECT SUM(k) FROM sbtest5 WHERE id BETWEEN 9704632 AND 9714631
	Aggregate  (cost=32991.03..32991.04 rows=1 width=8)
	  ->  Bitmap Heap Scan on sbtest5  (cost=277.52..32967.35 rows=9472 width=4)
	        Recheck Cond: ((id >= 9704632) AND (id <= 9714631))
	        ->  Bitmap Index Scan on sbtest5_pkey  (cost=0.00..275.16 rows=9472 width=0)
	              Index Cond: ((id >= 9704632) AND (id <= 9714631))

table 6 : explain SELECT SUM(k) FROM sbtest6 WHERE id BETWEEN 5670765 AND 5680764
	Aggregate  (cost=35139.19..35139.20 rows=1 width=8)
	  ->  Bitmap Heap Scan on sbtest6  (cost=300.53..35113.80 rows=10156 width=4)
	        Recheck Cond: ((id >= 5670765) AND (id <= 5680764))
	        ->  Bitmap Index Scan on sbtest6_pkey  (cost=0.00..298.00 rows=10156 width=0)
	              Index Cond: ((id >= 5670765) AND (id <= 5680764))

table 7 : explain SELECT SUM(k) FROM sbtest7 WHERE id BETWEEN 3628910 AND 3638909
	Aggregate  (cost=34368.85..34368.86 rows=1 width=8)
	  ->  Bitmap Heap Scan on sbtest7  (cost=294.25..34344.01 rows=9933 width=4)
	        Recheck Cond: ((id >= 3628910) AND (id <= 3638909))
	        ->  Bitmap Index Scan on sbtest7_pkey  (cost=0.00..291.76 rows=9933 width=0)
	              Index Cond: ((id >= 3628910) AND (id <= 3638909))

table 8 : explain SELECT SUM(k) FROM sbtest8 WHERE id BETWEEN 9558172 AND 9568171
	Aggregate  (cost=31778.45..31778.46 rows=1 width=8)
	  ->  Bitmap Heap Scan on sbtest8  (cost=269.62..31755.72 rows=9091 width=4)
	        Recheck Cond: ((id >= 9558172) AND (id <= 9568171))
	        ->  Bitmap Index Scan on sbtest8_pkey  (cost=0.00..267.34 rows=9091 width=0)
	              Index Cond: ((id >= 9558172) AND (id <= 9568171))

for: sum_ranges
table 1 : explain SELECT SUM(k) FROM sbtest1 WHERE id BETWEEN 3281346 AND 3291345
	Aggregate  (cost=34110.14..34110.15 rows=1 width=8)
	  ->  Bitmap Heap Scan on sbtest1  (cost=285.00..34085.62 rows=9811 width=4)
	        Recheck Cond: ((id >= 3281346) AND (id <= 3291345))
	        ->  Bitmap Index Scan on sbtest1_pkey  (cost=0.00..282.55 rows=9811 width=0)
	              Index Cond: ((id >= 3281346) AND (id <= 3291345))

table 2 : explain SELECT SUM(k) FROM sbtest2 WHERE id BETWEEN 1646924 AND 1656923
	Aggregate  (cost=38580.68..38580.69 rows=1 width=8)
	  ->  Bitmap Heap Scan on sbtest2  (cost=331.79..38552.54 rows=11254 width=4)
	        Recheck Cond: ((id >= 1646924) AND (id <= 1656923))
	        ->  Bitmap Index Scan on sbtest2_pkey  (cost=0.00..328.98 rows=11254 width=0)
	              Index Cond: ((id >= 1646924) AND (id <= 1656923))

table 3 : explain SELECT SUM(k) FROM sbtest3 WHERE id BETWEEN 7142504 AND 7152503
	Aggregate  (cost=35313.31..35313.32 rows=1 width=8)
	  ->  Bitmap Heap Scan on sbtest3  (cost=293.29..35287.73 rows=10230 width=4)
	        Recheck Cond: ((id >= 7142504) AND (id <= 7152503))
	        ->  Bitmap Index Scan on sbtest3_pkey  (cost=0.00..290.74 rows=10230 width=0)
	              Index Cond: ((id >= 7142504) AND (id <= 7152503))

table 4 : explain SELECT SUM(k) FROM sbtest4 WHERE id BETWEEN 734761 AND 744760
	Aggregate  (cost=35930.12..35930.13 rows=1 width=8)
	  ->  Bitmap Heap Scan on sbtest4  (cost=303.10..35904.11 rows=10406 width=4)
	        Recheck Cond: ((id >= 734761) AND (id <= 744760))
	        ->  Bitmap Index Scan on sbtest4_pkey  (cost=0.00..300.50 rows=10406 width=0)
	              Index Cond: ((id >= 734761) AND (id <= 744760))

table 5 : explain SELECT SUM(k) FROM sbtest5 WHERE id BETWEEN 5253348 AND 5263347
	Aggregate  (cost=36214.50..36214.51 rows=1 width=8)
	  ->  Bitmap Heap Scan on sbtest5  (cost=307.98..36188.27 rows=10492 width=4)
	        Recheck Cond: ((id >= 5253348) AND (id <= 5263347))
	        ->  Bitmap Index Scan on sbtest5_pkey  (cost=0.00..305.36 rows=10492 width=0)
	              Index Cond: ((id >= 5253348) AND (id <= 5263347))

table 6 : explain SELECT SUM(k) FROM sbtest6 WHERE id BETWEEN 880327 AND 890326
	Aggregate  (cost=36888.74..36888.75 rows=1 width=8)
	  ->  Bitmap Heap Scan on sbtest6  (cost=314.25..36861.95 rows=10714 width=4)
	        Recheck Cond: ((id >= 880327) AND (id <= 890326))
	        ->  Bitmap Index Scan on sbtest6_pkey  (cost=0.00..311.57 rows=10714 width=0)
	              Index Cond: ((id >= 880327) AND (id <= 890326))

table 7 : explain SELECT SUM(k) FROM sbtest7 WHERE id BETWEEN 194800 AND 204799
	Aggregate  (cost=33913.03..33913.04 rows=1 width=8)
	  ->  Bitmap Heap Scan on sbtest7  (cost=292.75..33888.57 rows=9787 width=4)
	        Recheck Cond: ((id >= 194800) AND (id <= 204799))
	        ->  Bitmap Index Scan on sbtest7_pkey  (cost=0.00..290.31 rows=9787 width=0)
	              Index Cond: ((id >= 194800) AND (id <= 204799))

table 8 : explain SELECT SUM(k) FROM sbtest8 WHERE id BETWEEN 1033096 AND 1043095
	Aggregate  (cost=33053.80..33053.81 rows=1 width=8)
	  ->  Bitmap Heap Scan on sbtest8  (cost=281.71..33030.07 rows=9490 width=4)
	        Recheck Cond: ((id >= 1033096) AND (id <= 1043095))
	        ->  Bitmap Index Scan on sbtest8_pkey  (cost=0.00..279.33 rows=9490 width=0)
	              Index Cond: ((id >= 1033096) AND (id <= 1043095))

for: simple_ranges
table 1 : explain SELECT c FROM sbtest1 WHERE id BETWEEN 9648869 AND 9658868
	Bitmap Heap Scan on sbtest1  (cost=302.18..35688.07 rows=10317 width=121)
	  Recheck Cond: ((id >= 9648869) AND (id <= 9658868))
	  ->  Bitmap Index Scan on sbtest1_pkey  (cost=0.00..299.61 rows=10317 width=0)
	        Index Cond: ((id >= 9648869) AND (id <= 9658868))

table 2 : explain SELECT c FROM sbtest2 WHERE id BETWEEN 2262687 AND 2272686
	Bitmap Heap Scan on sbtest2  (cost=270.99..32173.98 rows=9225 width=121)
	  Recheck Cond: ((id >= 2262687) AND (id <= 2272686))
	  ->  Bitmap Index Scan on sbtest2_pkey  (cost=0.00..268.69 rows=9225 width=0)
	        Index Cond: ((id >= 2262687) AND (id <= 2272686))

table 3 : explain SELECT c FROM sbtest3 WHERE id BETWEEN 8342612 AND 8352611
	Bitmap Heap Scan on sbtest3  (cost=292.86..35155.77 rows=10188 width=121)
	  Recheck Cond: ((id >= 8342612) AND (id <= 8352611))
	  ->  Bitmap Index Scan on sbtest3_pkey  (cost=0.00..290.31 rows=10188 width=0)
	        Index Cond: ((id >= 8342612) AND (id <= 8352611))

table 4 : explain SELECT c FROM sbtest4 WHERE id BETWEEN 3659403 AND 3669402
	Bitmap Heap Scan on sbtest4  (cost=284.31..33820.73 rows=9744 width=121)
	  Recheck Cond: ((id >= 3659403) AND (id <= 3669402))
	  ->  Bitmap Index Scan on sbtest4_pkey  (cost=0.00..281.88 rows=9744 width=0)
	        Index Cond: ((id >= 3659403) AND (id <= 3669402))

table 5 : explain SELECT c FROM sbtest5 WHERE id BETWEEN 4686238 AND 4696237
	Bitmap Heap Scan on sbtest5  (cost=283.81..33673.81 rows=9695 width=121)
	  Recheck Cond: ((id >= 4686238) AND (id <= 4696237))
	  ->  Bitmap Index Scan on sbtest5_pkey  (cost=0.00..281.38 rows=9695 width=0)
	        Index Cond: ((id >= 4686238) AND (id <= 4696237))

table 6 : explain SELECT c FROM sbtest6 WHERE id BETWEEN 3276467 AND 3286466
	Bitmap Heap Scan on sbtest6  (cost=289.91..34304.20 rows=9900 width=121)
	  Recheck Cond: ((id >= 3276467) AND (id <= 3286466))
	  ->  Bitmap Index Scan on sbtest6_pkey  (cost=0.00..287.44 rows=9900 width=0)
	        Index Cond: ((id >= 3276467) AND (id <= 3286466))

table 7 : explain SELECT c FROM sbtest7 WHERE id BETWEEN 2830337 AND 2840336
	Bitmap Heap Scan on sbtest7  (cost=280.25..32499.59 rows=9348 width=121)
	  Recheck Cond: ((id >= 2830337) AND (id <= 2840336))
	  ->  Bitmap Index Scan on sbtest7_pkey  (cost=0.00..277.92 rows=9348 width=0)
	        Index Cond: ((id >= 2830337) AND (id <= 2840336))

table 8 : explain SELECT c FROM sbtest8 WHERE id BETWEEN 4705001 AND 4715000
	Bitmap Heap Scan on sbtest8  (cost=293.90..34324.19 rows=9899 width=121)
	  Recheck Cond: ((id >= 4705001) AND (id <= 4715000))
	  ->  Bitmap Index Scan on sbtest8_pkey  (cost=0.00..291.43 rows=9899 width=0)
	        Index Cond: ((id >= 4705001) AND (id <= 4715000))

for: sum_ranges
table 1 : explain SELECT SUM(k) FROM sbtest1 WHERE id BETWEEN 1870372 AND 1880371
	Aggregate  (cost=35603.95..35603.96 rows=1 width=8)
	  ->  Bitmap Heap Scan on sbtest1  (cost=301.83..35578.25 rows=10282 width=4)
	        Recheck Cond: ((id >= 1870372) AND (id <= 1880371))
	        ->  Bitmap Index Scan on sbtest1_pkey  (cost=0.00..299.25 rows=10282 width=0)
	              Index Cond: ((id >= 1870372) AND (id <= 1880371))

table 2 : explain SELECT SUM(k) FROM sbtest2 WHERE id BETWEEN 4646311 AND 4656310
	Aggregate  (cost=32654.88..32654.89 rows=1 width=8)
	  ->  Bitmap Heap Scan on sbtest2  (cost=276.46..32631.46 rows=9368 width=4)
	        Recheck Cond: ((id >= 4646311) AND (id <= 4656310))
	        ->  Bitmap Index Scan on sbtest2_pkey  (cost=0.00..274.12 rows=9368 width=0)
	              Index Cond: ((id >= 4646311) AND (id <= 4656310))

table 3 : explain SELECT SUM(k) FROM sbtest3 WHERE id BETWEEN 6144241 AND 6154240
	Aggregate  (cost=36455.69..36455.70 rows=1 width=8)
	  ->  Bitmap Heap Scan on sbtest3  (cost=305.03..36429.20 rows=10595 width=4)
	        Recheck Cond: ((id >= 6144241) AND (id <= 6154240))
	        ->  Bitmap Index Scan on sbtest3_pkey  (cost=0.00..302.38 rows=10595 width=0)
	              Index Cond: ((id >= 6144241) AND (id <= 6154240))

table 4 : explain SELECT SUM(k) FROM sbtest4 WHERE id BETWEEN 8611651 AND 8621650
	Aggregate  (cost=36100.80..36100.81 rows=1 width=8)
	  ->  Bitmap Heap Scan on sbtest4  (cost=303.66..36074.65 rows=10461 width=4)
	        Recheck Cond: ((id >= 8611651) AND (id <= 8621650))
	        ->  Bitmap Index Scan on sbtest4_pkey  (cost=0.00..301.05 rows=10461 width=0)
	              Index Cond: ((id >= 8611651) AND (id <= 8621650))

table 5 : explain SELECT SUM(k) FROM sbtest5 WHERE id BETWEEN 610987 AND 620986
	Aggregate  (cost=34610.52..34610.53 rows=1 width=8)
	  ->  Bitmap Heap Scan on sbtest5  (cost=290.76..34585.56 rows=9983 width=4)
	        Recheck Cond: ((id >= 610987) AND (id <= 620986))
	        ->  Bitmap Index Scan on sbtest5_pkey  (cost=0.00..288.26 rows=9983 width=0)
	              Index Cond: ((id >= 610987) AND (id <= 620986))

table 6 : explain SELECT SUM(k) FROM sbtest6 WHERE id BETWEEN 7345917 AND 7355916
	Aggregate  (cost=32849.14..32849.15 rows=1 width=8)
	  ->  Bitmap Heap Scan on sbtest6  (cost=277.12..32825.55 rows=9433 width=4)
	        Recheck Cond: ((id >= 7345917) AND (id <= 7355916))
	        ->  Bitmap Index Scan on sbtest6_pkey  (cost=0.00..274.76 rows=9433 width=0)
	              Index Cond: ((id >= 7345917) AND (id <= 7355916))

table 7 : explain SELECT SUM(k) FROM sbtest7 WHERE id BETWEEN 2888338 AND 2898337
	Aggregate  (cost=32522.96..32522.97 rows=1 width=8)
	  ->  Bitmap Heap Scan on sbtest7  (cost=280.25..32499.59 rows=9348 width=4)
	        Recheck Cond: ((id >= 2888338) AND (id <= 2898337))
	        ->  Bitmap Index Scan on sbtest7_pkey  (cost=0.00..277.92 rows=9348 width=0)
	              Index Cond: ((id >= 2888338) AND (id <= 2898337))

table 8 : explain SELECT SUM(k) FROM sbtest8 WHERE id BETWEEN 138096 AND 148095
	Aggregate  (cost=34293.80..34293.81 rows=1 width=8)
	  ->  Bitmap Heap Scan on sbtest8  (cost=293.72..34269.10 rows=9881 width=4)
	        Recheck Cond: ((id >= 138096) AND (id <= 148095))
	        ->  Bitmap Index Scan on sbtest8_pkey  (cost=0.00..291.25 rows=9881 width=0)
	              Index Cond: ((id >= 138096) AND (id <= 148095))

explain: for point_selects :: explain SELECT c FROM sbtest%u WHERE id=%u
for point_selects
table 1 : explain SELECT c FROM sbtest1 WHERE id=154528
	Index Scan using sbtest1_pkey on sbtest1  (cost=0.43..8.45 rows=1 width=121)
	  Index Cond: (id = 154528)

table 2 : explain SELECT c FROM sbtest2 WHERE id=7434677
	Index Scan using sbtest2_pkey on sbtest2  (cost=0.43..8.45 rows=1 width=121)
	  Index Cond: (id = 7434677)

table 3 : explain SELECT c FROM sbtest3 WHERE id=6510483
	Index Scan using sbtest3_pkey on sbtest3  (cost=0.43..8.45 rows=1 width=121)
	  Index Cond: (id = 6510483)

table 4 : explain SELECT c FROM sbtest4 WHERE id=7174215
	Index Scan using sbtest4_pkey on sbtest4  (cost=0.43..8.45 rows=1 width=121)
	  Index Cond: (id = 7174215)

table 5 : explain SELECT c FROM sbtest5 WHERE id=3849452
	Index Scan using sbtest5_pkey on sbtest5  (cost=0.43..8.45 rows=1 width=121)
	  Index Cond: (id = 3849452)

table 6 : explain SELECT c FROM sbtest6 WHERE id=9429858
	Index Scan using sbtest6_pkey on sbtest6  (cost=0.43..8.45 rows=1 width=121)
	  Index Cond: (id = 9429858)

table 7 : explain SELECT c FROM sbtest7 WHERE id=9277116
	Index Scan using sbtest7_pkey on sbtest7  (cost=0.43..8.45 rows=1 width=121)
	  Index Cond: (id = 9277116)

table 8 : explain SELECT c FROM sbtest8 WHERE id=8785586
	Index Scan using sbtest8_pkey on sbtest8  (cost=0.43..8.45 rows=1 width=121)
	  Index Cond: (id = 8785586)

explain: for point_selects :: explain SELECT c FROM sbtest%u WHERE id=%u
for: order_ranges
table 1 : explain SELECT c FROM sbtest1 WHERE id BETWEEN 7183476 AND 7193475 ORDER BY c
	Sort  (cost=36984.18..37010.44 rows=10506 width=121)
	  Sort Key: c
	  ->  Bitmap Heap Scan on sbtest1  (cost=308.12..36282.43 rows=10506 width=121)
	        Recheck Cond: ((id >= 7183476) AND (id <= 7193475))
	        ->  Bitmap Index Scan on sbtest1_pkey  (cost=0.00..305.50 rows=10506 width=0)
	              Index Cond: ((id >= 7183476) AND (id <= 7193475))

table 2 : explain SELECT c FROM sbtest2 WHERE id BETWEEN 3540847 AND 3550846 ORDER BY c
	Sort  (cost=36261.38..36287.13 rows=10298 width=121)
	  Sort Key: c
	  ->  Bitmap Heap Scan on sbtest2  (cost=305.99..35575.02 rows=10298 width=121)
	        Recheck Cond: ((id >= 3540847) AND (id <= 3550846))
	        ->  Bitmap Index Scan on sbtest2_pkey  (cost=0.00..303.42 rows=10298 width=0)
	              Index Cond: ((id >= 3540847) AND (id <= 3550846))

table 3 : explain SELECT c FROM sbtest3 WHERE id BETWEEN 2097025 AND 2107024 ORDER BY c
	Sort  (cost=35282.41..35307.45 rows=10017 width=121)
	  Sort Key: c
	  ->  Bitmap Heap Scan on sbtest3  (cost=287.11..34616.77 rows=10017 width=121)
	        Recheck Cond: ((id >= 2097025) AND (id <= 2107024))
	        ->  Bitmap Index Scan on sbtest3_pkey  (cost=0.00..284.61 rows=10017 width=0)
	              Index Cond: ((id >= 2097025) AND (id <= 2107024))

table 4 : explain SELECT c FROM sbtest4 WHERE id BETWEEN 8639317 AND 8649316 ORDER BY c
	Sort  (cost=36773.06..36799.22 rows=10461 width=121)
	  Sort Key: c
	  ->  Bitmap Heap Scan on sbtest4  (cost=303.66..36074.65 rows=10461 width=121)
	        Recheck Cond: ((id >= 8639317) AND (id <= 8649316))
	        ->  Bitmap Index Scan on sbtest4_pkey  (cost=0.00..301.05 rows=10461 width=0)
	              Index Cond: ((id >= 8639317) AND (id <= 8649316))

table 5 : explain SELECT c FROM sbtest5 WHERE id BETWEEN 9609557 AND 9619556 ORDER BY c
	Sort  (cost=35864.82..35890.26 rows=10174 width=121)
	  Sort Key: c
	  ->  Bitmap Heap Scan on sbtest5  (cost=296.72..35187.61 rows=10174 width=121)
	        Recheck Cond: ((id >= 9609557) AND (id <= 9619556))
	        ->  Bitmap Index Scan on sbtest5_pkey  (cost=0.00..294.18 rows=10174 width=0)
	              Index Cond: ((id >= 9609557) AND (id <= 9619556))

table 6 : explain SELECT c FROM sbtest6 WHERE id BETWEEN 9401265 AND 9411264 ORDER BY c
	Sort  (cost=33138.30..33161.64 rows=9337 width=121)
	  Sort Key: c
	  ->  Bitmap Heap Scan on sbtest6  (cost=276.14..32522.59 rows=9337 width=121)
	        Recheck Cond: ((id >= 9401265) AND (id <= 9411264))
	        ->  Bitmap Index Scan on sbtest6_pkey  (cost=0.00..273.81 rows=9337 width=0)
	              Index Cond: ((id >= 9401265) AND (id <= 9411264))

table 7 : explain SELECT c FROM sbtest7 WHERE id BETWEEN 6911173 AND 6921172 ORDER BY c
	Sort  (cost=35284.82..35309.87 rows=10020 width=121)
	  Sort Key: c
	  ->  Bitmap Heap Scan on sbtest7  (cost=299.14..34618.96 rows=10020 width=121)
	        Recheck Cond: ((id >= 6911173) AND (id <= 6921172))
	        ->  Bitmap Index Scan on sbtest7_pkey  (cost=0.00..296.63 rows=10020 width=0)
	              Index Cond: ((id >= 6911173) AND (id <= 6921172))

table 8 : explain SELECT c FROM sbtest8 WHERE id BETWEEN 3982805 AND 3992804 ORDER BY c
	Sort  (cost=33523.73..33547.35 rows=9449 width=121)
	  Sort Key: c
	  ->  Bitmap Heap Scan on sbtest8  (cost=281.29..32899.81 rows=9449 width=121)
	        Recheck Cond: ((id >= 3982805) AND (id <= 3992804))
	        ->  Bitmap Index Scan on sbtest8_pkey  (cost=0.00..278.93 rows=9449 width=0)
	              Index Cond: ((id >= 3982805) AND (id <= 3992804))

for: sum_ranges
table 1 : explain SELECT SUM(k) FROM sbtest1 WHERE id BETWEEN 3236186 AND 3246185
	Aggregate  (cost=35198.70..35198.71 rows=1 width=8)
	  ->  Bitmap Heap Scan on sbtest1  (cost=296.51..35173.32 rows=10154 width=4)
	        Recheck Cond: ((id >= 3236186) AND (id <= 3246185))
	        ->  Bitmap Index Scan on sbtest1_pkey  (cost=0.00..293.98 rows=10154 width=0)
	              Index Cond: ((id >= 3236186) AND (id <= 3246185))

table 2 : explain SELECT SUM(k) FROM sbtest2 WHERE id BETWEEN 2926140 AND 2936139
	Aggregate  (cost=33938.49..33938.50 rows=1 width=8)
	  ->  Bitmap Heap Scan on sbtest2  (cost=288.60..33914.06 rows=9772 width=4)
	        Recheck Cond: ((id >= 2926140) AND (id <= 2936139))
	        ->  Bitmap Index Scan on sbtest2_pkey  (cost=0.00..286.16 rows=9772 width=0)
	              Index Cond: ((id >= 2926140) AND (id <= 2936139))

table 3 : explain SELECT SUM(k) FROM sbtest3 WHERE id BETWEEN 1887663 AND 1897662
	Aggregate  (cost=34292.85..34292.86 rows=1 width=8)
	  ->  Bitmap Heap Scan on sbtest3  (cost=285.96..34268.08 rows=9905 width=4)
	        Recheck Cond: ((id >= 1887663) AND (id <= 1897662))
	        ->  Bitmap Index Scan on sbtest3_pkey  (cost=0.00..283.49 rows=9905 width=0)
	              Index Cond: ((id >= 1887663) AND (id <= 1897662))

table 4 : explain SELECT SUM(k) FROM sbtest4 WHERE id BETWEEN 9211907 AND 9221906
	Aggregate  (cost=36339.69..36339.70 rows=1 width=8)
	  ->  Bitmap Heap Scan on sbtest4  (cost=308.43..36313.35 rows=10536 width=4)
	        Recheck Cond: ((id >= 9211907) AND (id <= 9221906))
	        ->  Bitmap Index Scan on sbtest4_pkey  (cost=0.00..305.80 rows=10536 width=0)
	              Index Cond: ((id >= 9211907) AND (id <= 9221906))

table 5 : explain SELECT SUM(k) FROM sbtest5 WHERE id BETWEEN 988665 AND 998664
	Aggregate  (cost=33052.96..33052.97 rows=1 width=8)
	  ->  Bitmap Heap Scan on sbtest5  (cost=277.73..33029.23 rows=9492 width=4)
	        Recheck Cond: ((id >= 988665) AND (id <= 998664))
	        ->  Bitmap Index Scan on sbtest5_pkey  (cost=0.00..275.36 rows=9492 width=0)
	              Index Cond: ((id >= 988665) AND (id <= 998664))

table 6 : explain SELECT SUM(k) FROM sbtest6 WHERE id BETWEEN 2308945 AND 2318944
	Aggregate  (cost=33832.78..33832.79 rows=1 width=8)
	  ->  Bitmap Heap Scan on sbtest6  (cost=288.29..33808.42 rows=9742 width=4)
	        Recheck Cond: ((id >= 2308945) AND (id <= 2318944))
	        ->  Bitmap Index Scan on sbtest6_pkey  (cost=0.00..285.86 rows=9742 width=0)
	              Index Cond: ((id >= 2308945) AND (id <= 2318944))

table 7 : explain SELECT SUM(k) FROM sbtest7 WHERE id BETWEEN 4610766 AND 4620765
	Aggregate  (cost=35353.60..35353.61 rows=1 width=8)
	  ->  Bitmap Heap Scan on sbtest7  (cost=305.46..35327.98 rows=10246 width=4)
	        Recheck Cond: ((id >= 4610766) AND (id <= 4620765))
	        ->  Bitmap Index Scan on sbtest7_pkey  (cost=0.00..302.90 rows=10246 width=0)
	              Index Cond: ((id >= 4610766) AND (id <= 4620765))

table 8 : explain SELECT SUM(k) FROM sbtest8 WHERE id BETWEEN 2135562 AND 2145561
	Aggregate  (cost=34199.74..34199.75 rows=1 width=8)
	  ->  Bitmap Heap Scan on sbtest8  (cost=293.41..34175.11 rows=9851 width=4)
	        Recheck Cond: ((id >= 2135562) AND (id <= 2145561))
	        ->  Bitmap Index Scan on sbtest8_pkey  (cost=0.00..290.94 rows=9851 width=0)
	              Index Cond: ((id >= 2135562) AND (id <= 2145561))

for: sum_ranges
table 1 : explain SELECT SUM(k) FROM sbtest1 WHERE id BETWEEN 6449404 AND 6459403
	Aggregate  (cost=33366.99..33367.00 rows=1 width=8)
	  ->  Bitmap Heap Scan on sbtest1  (cost=278.60..33343.05 rows=9577 width=4)
	        Recheck Cond: ((id >= 6449404) AND (id <= 6459403))
	        ->  Bitmap Index Scan on sbtest1_pkey  (cost=0.00..276.20 rows=9577 width=0)
	              Index Cond: ((id >= 6449404) AND (id <= 6459403))

table 2 : explain SELECT SUM(k) FROM sbtest2 WHERE id BETWEEN 307921 AND 317920
	Aggregate  (cost=35063.99..35064.00 rows=1 width=8)
	  ->  Bitmap Heap Scan on sbtest2  (cost=300.25..35038.67 rows=10128 width=4)
	        Recheck Cond: ((id >= 307921) AND (id <= 317920))
	        ->  Bitmap Index Scan on sbtest2_pkey  (cost=0.00..297.71 rows=10128 width=0)
	              Index Cond: ((id >= 307921) AND (id <= 317920))

table 3 : explain SELECT SUM(k) FROM sbtest3 WHERE id BETWEEN 4803391 AND 4813390
	Aggregate  (cost=30714.10..30714.11 rows=1 width=8)
	  ->  Bitmap Heap Scan on sbtest3  (cost=254.42..30692.16 rows=8779 width=4)
	        Recheck Cond: ((id >= 4803391) AND (id <= 4813390))
	        ->  Bitmap Index Scan on sbtest3_pkey  (cost=0.00..252.23 rows=8779 width=0)
	              Index Cond: ((id >= 4803391) AND (id <= 4813390))

table 4 : explain SELECT SUM(k) FROM sbtest4 WHERE id BETWEEN 4788532 AND 4798531
	Aggregate  (cost=32264.06..32264.07 rows=1 width=8)
	  ->  Bitmap Heap Scan on sbtest4  (cost=271.22..32240.94 rows=9247 width=4)
	        Recheck Cond: ((id >= 4788532) AND (id <= 4798531))
	        ->  Bitmap Index Scan on sbtest4_pkey  (cost=0.00..268.91 rows=9247 width=0)
	              Index Cond: ((id >= 4788532) AND (id <= 4798531))

table 5 : explain SELECT SUM(k) FROM sbtest5 WHERE id BETWEEN 8095193 AND 8105192
	Aggregate  (cost=36282.10..36282.11 rows=1 width=8)
	  ->  Bitmap Heap Scan on sbtest5  (cost=308.20..36255.82 rows=10514 width=4)
	        Recheck Cond: ((id >= 8095193) AND (id <= 8105192))
	        ->  Bitmap Index Scan on sbtest5_pkey  (cost=0.00..305.57 rows=10514 width=0)
	              Index Cond: ((id >= 8095193) AND (id <= 8105192))

table 6 : explain SELECT SUM(k) FROM sbtest6 WHERE id BETWEEN 9798871 AND 9808870
	Aggregate  (cost=33673.66..33673.67 rows=1 width=8)
	  ->  Bitmap Heap Scan on sbtest6  (cost=287.77..33649.43 rows=9691 width=4)
	        Recheck Cond: ((id >= 9798871) AND (id <= 9808870))
	        ->  Bitmap Index Scan on sbtest6_pkey  (cost=0.00..285.34 rows=9691 width=0)
	              Index Cond: ((id >= 9798871) AND (id <= 9808870))

table 7 : explain SELECT SUM(k) FROM sbtest7 WHERE id BETWEEN 7117322 AND 7127321
	Aggregate  (cost=36811.82..36811.83 rows=1 width=8)
	  ->  Bitmap Heap Scan on sbtest7  (cost=318.24..36785.04 rows=10713 width=4)
	        Recheck Cond: ((id >= 7117322) AND (id <= 7127321))
	        ->  Bitmap Index Scan on sbtest7_pkey  (cost=0.00..315.56 rows=10713 width=0)
	              Index Cond: ((id >= 7117322) AND (id <= 7127321))

table 8 : explain SELECT SUM(k) FROM sbtest8 WHERE id BETWEEN 1425683 AND 1435682
	Aggregate  (cost=33536.35..33536.36 rows=1 width=8)
	  ->  Bitmap Heap Scan on sbtest8  (cost=287.27..33512.25 rows=9642 width=4)
	        Recheck Cond: ((id >= 1425683) AND (id <= 1435682))
	        ->  Bitmap Index Scan on sbtest8_pkey  (cost=0.00..284.86 rows=9642 width=0)
	              Index Cond: ((id >= 1425683) AND (id <= 1435682))

for: order_ranges
table 1 : explain SELECT c FROM sbtest1 WHERE id BETWEEN 7436518 AND 7446517 ORDER BY c
	Sort  (cost=37317.14..37343.66 rows=10610 width=121)
	  Sort Key: c
	  ->  Bitmap Heap Scan on sbtest1  (cost=309.19..36607.69 rows=10610 width=121)
	        Recheck Cond: ((id >= 7436518) AND (id <= 7446517))
	        ->  Bitmap Index Scan on sbtest1_pkey  (cost=0.00..306.54 rows=10610 width=0)
	              Index Cond: ((id >= 7436518) AND (id <= 7446517))

table 2 : explain SELECT c FROM sbtest2 WHERE id BETWEEN 5566417 AND 5576416 ORDER BY c
	Sort  (cost=35583.56..35608.78 rows=10088 width=121)
	  Sort Key: c
	  ->  Bitmap Heap Scan on sbtest2  (cost=299.84..34912.69 rows=10088 width=121)
	        Recheck Cond: ((id >= 5566417) AND (id <= 5576416))
	        ->  Bitmap Index Scan on sbtest2_pkey  (cost=0.00..297.31 rows=10088 width=0)
	              Index Cond: ((id >= 5566417) AND (id <= 5576416))

table 3 : explain SELECT c FROM sbtest3 WHERE id BETWEEN 5291362 AND 5301361 ORDER BY c
	Sort  (cost=36720.62..36746.78 rows=10464 width=121)
	  Sort Key: c
	  ->  Bitmap Heap Scan on sbtest3  (cost=303.69..36021.99 rows=10464 width=121)
	        Recheck Cond: ((id >= 5291362) AND (id <= 5301361))
	        ->  Bitmap Index Scan on sbtest3_pkey  (cost=0.00..301.07 rows=10464 width=0)
	              Index Cond: ((id >= 5291362) AND (id <= 5301361))

table 4 : explain SELECT c FROM sbtest4 WHERE id BETWEEN 8446994 AND 8456993 ORDER BY c
	Sort  (cost=34619.02..34643.50 rows=9792 width=121)
	  Sort Key: c
	  ->  Bitmap Heap Scan on sbtest4  (cost=284.80..33969.94 rows=9792 width=121)
	        Recheck Cond: ((id >= 8446994) AND (id <= 8456993))
	        ->  Bitmap Index Scan on sbtest4_pkey  (cost=0.00..282.36 rows=9792 width=0)
	              Index Cond: ((id >= 8446994) AND (id <= 8456993))

table 5 : explain SELECT c FROM sbtest5 WHERE id BETWEEN 9369728 AND 9379727 ORDER BY c
	Sort  (cost=33051.96..33075.22 rows=9306 width=121)
	  Sort Key: c
	  ->  Bitmap Heap Scan on sbtest5  (cost=271.82..32438.51 rows=9306 width=121)
	        Recheck Cond: ((id >= 9369728) AND (id <= 9379727))
	        ->  Bitmap Index Scan on sbtest5_pkey  (cost=0.00..269.50 rows=9306 width=0)
	              Index Cond: ((id >= 9369728) AND (id <= 9379727))

table 6 : explain SELECT c FROM sbtest6 WHERE id BETWEEN 3849180 AND 3859179 ORDER BY c
	Sort  (cost=36917.89..36944.16 rows=10508 width=121)
	  Sort Key: c
	  ->  Bitmap Heap Scan on sbtest6  (cost=308.14..36215.99 rows=10508 width=121)
	        Recheck Cond: ((id >= 3849180) AND (id <= 3859179))
	        ->  Bitmap Index Scan on sbtest6_pkey  (cost=0.00..305.51 rows=10508 width=0)
	              Index Cond: ((id >= 3849180) AND (id <= 3859179))

table 7 : explain SELECT c FROM sbtest7 WHERE id BETWEEN 5033096 AND 5043095 ORDER BY c
	Sort  (cost=37541.46..37568.27 rows=10726 width=121)
	  Sort Key: c
	  ->  Bitmap Heap Scan on sbtest7  (cost=318.38..36823.42 rows=10726 width=121)
	        Recheck Cond: ((id >= 5033096) AND (id <= 5043095))
	        ->  Bitmap Index Scan on sbtest7_pkey  (cost=0.00..315.69 rows=10726 width=0)
	              Index Cond: ((id >= 5033096) AND (id <= 5043095))

table 8 : explain SELECT c FROM sbtest8 WHERE id BETWEEN 6672552 AND 6682551 ORDER BY c
	Sort  (cost=35677.18..35702.47 rows=10114 width=121)
	  Sort Key: c
	  ->  Bitmap Heap Scan on sbtest8  (cost=300.10..35004.40 rows=10114 width=121)
	        Recheck Cond: ((id >= 6672552) AND (id <= 6682551))
	        ->  Bitmap Index Scan on sbtest8_pkey  (cost=0.00..297.57 rows=10114 width=0)
	              Index Cond: ((id >= 6672552) AND (id <= 6682551))

for: order_ranges
table 1 : explain SELECT c FROM sbtest1 WHERE id BETWEEN 8914213 AND 8924212 ORDER BY c
	Sort  (cost=33254.72..33278.11 rows=9356 width=121)
	  Sort Key: c
	  ->  Bitmap Heap Scan on sbtest1  (cost=272.33..32637.61 rows=9356 width=121)
	        Recheck Cond: ((id >= 8914213) AND (id <= 8924212))
	        ->  Bitmap Index Scan on sbtest1_pkey  (cost=0.00..270.00 rows=9356 width=0)
	              Index Cond: ((id >= 8914213) AND (id <= 8924212))

table 2 : explain SELECT c FROM sbtest2 WHERE id BETWEEN 8029352 AND 8039351 ORDER BY c
	Sort  (cost=38517.96..38545.47 rows=11004 width=121)
	  Sort Key: c
	  ->  Bitmap Heap Scan on sbtest2  (cost=325.23..37779.27 rows=11004 width=121)
	        Recheck Cond: ((id >= 8029352) AND (id <= 8039351))
	        ->  Bitmap Index Scan on sbtest2_pkey  (cost=0.00..322.48 rows=11004 width=0)
	              Index Cond: ((id >= 8029352) AND (id <= 8039351))

table 3 : explain SELECT c FROM sbtest3 WHERE id BETWEEN 2626034 AND 2636033 ORDER BY c
	Sort  (cost=36578.64..36604.69 rows=10421 width=121)
	  Sort Key: c
	  ->  Bitmap Heap Scan on sbtest3  (cost=299.25..35883.19 rows=10421 width=121)
	        Recheck Cond: ((id >= 2626034) AND (id <= 2636033))
	        ->  Bitmap Index Scan on sbtest3_pkey  (cost=0.00..296.65 rows=10421 width=0)
	              Index Cond: ((id >= 2626034) AND (id <= 2636033))

table 4 : explain SELECT c FROM sbtest4 WHERE id BETWEEN 9292489 AND 9302488 ORDER BY c
	Sort  (cost=35508.25..35533.41 rows=10066 width=121)
	  Sort Key: c
	  ->  Bitmap Heap Scan on sbtest4  (cost=295.61..34839.00 rows=10066 width=121)
	        Recheck Cond: ((id >= 9292489) AND (id <= 9302488))
	        ->  Bitmap Index Scan on sbtest4_pkey  (cost=0.00..293.09 rows=10066 width=0)
	              Index Cond: ((id >= 9292489) AND (id <= 9302488))

table 5 : explain SELECT c FROM sbtest5 WHERE id BETWEEN 4762352 AND 4772351 ORDER BY c
	Sort  (cost=35623.48..35648.72 rows=10099 width=121)
	  Sort Key: c
	  ->  Bitmap Heap Scan on sbtest5  (cost=295.95..34951.79 rows=10099 width=121)
	        Recheck Cond: ((id >= 4762352) AND (id <= 4772351))
	        ->  Bitmap Index Scan on sbtest5_pkey  (cost=0.00..293.43 rows=10099 width=0)
	              Index Cond: ((id >= 4762352) AND (id <= 4772351))

table 6 : explain SELECT c FROM sbtest6 WHERE id BETWEEN 8928820 AND 8938819 ORDER BY c
	Sort  (cost=36096.73..36122.36 rows=10252 width=121)
	  Sort Key: c
	  ->  Bitmap Heap Scan on sbtest6  (cost=301.52..35413.76 rows=10252 width=121)
	        Recheck Cond: ((id >= 8928820) AND (id <= 8938819))
	        ->  Bitmap Index Scan on sbtest6_pkey  (cost=0.00..298.95 rows=10252 width=0)
	              Index Cond: ((id >= 8928820) AND (id <= 8938819))

table 7 : explain SELECT c FROM sbtest7 WHERE id BETWEEN 4750450 AND 4760449 ORDER BY c
	Sort  (cost=35126.34..35151.26 rows=9970 width=121)
	  Sort Key: c
	  ->  Bitmap Heap Scan on sbtest7  (cost=298.63..34464.16 rows=9970 width=121)
	        Recheck Cond: ((id >= 4750450) AND (id <= 4760449))
	        ->  Bitmap Index Scan on sbtest7_pkey  (cost=0.00..296.13 rows=9970 width=0)
	              Index Cond: ((id >= 4750450) AND (id <= 4760449))

table 8 : explain SELECT c FROM sbtest8 WHERE id BETWEEN 8181638 AND 8191637 ORDER BY c
	Sort  (cost=32922.53..32945.69 rows=9265 width=121)
	  Sort Key: c
	  ->  Bitmap Heap Scan on sbtest8  (cost=275.40..32312.08 rows=9265 width=121)
	        Recheck Cond: ((id >= 8181638) AND (id <= 8191637))
	        ->  Bitmap Index Scan on sbtest8_pkey  (cost=0.00..273.08 rows=9265 width=0)
	              Index Cond: ((id >= 8181638) AND (id <= 8191637))

for: simple_ranges
table 1 : explain SELECT c FROM sbtest1 WHERE id BETWEEN 2918265 AND 2928264
	Bitmap Heap Scan on sbtest1  (cost=289.47..34235.77 rows=9857 width=121)
	  Recheck Cond: ((id >= 2918265) AND (id <= 2928264))
	  ->  Bitmap Index Scan on sbtest1_pkey  (cost=0.00..287.00 rows=9857 width=0)
	        Index Cond: ((id >= 2918265) AND (id <= 2928264))

table 2 : explain SELECT c FROM sbtest2 WHERE id BETWEEN 9977339 AND 9987338
	Bitmap Heap Scan on sbtest2  (cost=282.98..33410.09 rows=9614 width=121)
	  Recheck Cond: ((id >= 9977339) AND (id <= 9987338))
	  ->  Bitmap Index Scan on sbtest2_pkey  (cost=0.00..280.57 rows=9614 width=0)
	        Index Cond: ((id >= 9977339) AND (id <= 9987338))

table 3 : explain SELECT c FROM sbtest3 WHERE id BETWEEN 9435267 AND 9445266
	Bitmap Heap Scan on sbtest3  (cost=262.11..31840.30 rows=9139 width=121)
	  Recheck Cond: ((id >= 9435267) AND (id <= 9445266))
	  ->  Bitmap Index Scan on sbtest3_pkey  (cost=0.00..259.82 rows=9139 width=0)
	        Index Cond: ((id >= 9435267) AND (id <= 9445266))

table 4 : explain SELECT c FROM sbtest4 WHERE id BETWEEN 8390713 AND 8400712
	Bitmap Heap Scan on sbtest4  (cost=309.14..36528.58 rows=10605 width=121)
	  Recheck Cond: ((id >= 8390713) AND (id <= 8400712))
	  ->  Bitmap Index Scan on sbtest4_pkey  (cost=0.00..306.49 rows=10605 width=0)
	        Index Cond: ((id >= 8390713) AND (id <= 8400712))

table 5 : explain SELECT c FROM sbtest5 WHERE id BETWEEN 6881730 AND 6891729
	Bitmap Heap Scan on sbtest5  (cost=290.34..34456.08 rows=9942 width=121)
	  Recheck Cond: ((id >= 6881730) AND (id <= 6891729))
	  ->  Bitmap Index Scan on sbtest5_pkey  (cost=0.00..287.86 rows=9942 width=0)
	        Index Cond: ((id >= 6881730) AND (id <= 6891729))

table 6 : explain SELECT c FROM sbtest6 WHERE id BETWEEN 6899806 AND 6909805
	Bitmap Heap Scan on sbtest6  (cost=300.79..35194.45 rows=10181 width=121)
	  Recheck Cond: ((id >= 6899806) AND (id <= 6909805))
	  ->  Bitmap Index Scan on sbtest6_pkey  (cost=0.00..298.25 rows=10181 width=0)
	        Index Cond: ((id >= 6899806) AND (id <= 6909805))

table 7 : explain SELECT c FROM sbtest7 WHERE id BETWEEN 4943643 AND 4953642
	Bitmap Heap Scan on sbtest7  (cost=286.25..33117.21 rows=9543 width=121)
	  Recheck Cond: ((id >= 4943643) AND (id <= 4953642))
	  ->  Bitmap Index Scan on sbtest7_pkey  (cost=0.00..283.87 rows=9543 width=0)
	        Index Cond: ((id >= 4943643) AND (id <= 4953642))

table 8 : explain SELECT c FROM sbtest8 WHERE id BETWEEN 5507367 AND 5517366
	Bitmap Heap Scan on sbtest8  (cost=294.21..34418.13 rows=9929 width=121)
	  Recheck Cond: ((id >= 5507367) AND (id <= 5517366))
	  ->  Bitmap Index Scan on sbtest8_pkey  (cost=0.00..291.73 rows=9929 width=0)
	        Index Cond: ((id >= 5507367) AND (id <= 5517366))

for: distinct_ranges
table 1 : explain SELECT DISTINCT c FROM sbtest1 WHERE id BETWEEN 2517792 AND 2527791 ORDER BY c
	Unique  (cost=37386.35..37439.51 rows=10632 width=121)
	  ->  Sort  (cost=37386.35..37412.93 rows=10632 width=121)
	        Sort Key: c
	        ->  Bitmap Heap Scan on sbtest1  (cost=309.41..36675.28 rows=10632 width=121)
	              Recheck Cond: ((id >= 2517792) AND (id <= 2527791))
	              ->  Bitmap Index Scan on sbtest1_pkey  (cost=0.00..306.75 rows=10632 width=0)
	                    Index Cond: ((id >= 2517792) AND (id <= 2527791))

table 2 : explain SELECT DISTINCT c FROM sbtest2 WHERE id BETWEEN 4881088 AND 4891087 ORDER BY c
	Unique  (cost=36138.60..36189.90 rows=10261 width=121)
	  ->  Sort  (cost=36138.60..36164.25 rows=10261 width=121)
	        Sort Key: c
	        ->  Bitmap Heap Scan on sbtest2  (cost=301.61..35454.96 rows=10261 width=121)
	              Recheck Cond: ((id >= 4881088) AND (id <= 4891087))
	              ->  Bitmap Index Scan on sbtest2_pkey  (cost=0.00..299.05 rows=10261 width=0)
	                    Index Cond: ((id >= 4881088) AND (id <= 4891087))

table 3 : explain SELECT DISTINCT c FROM sbtest3 WHERE id BETWEEN 2041884 AND 2051883 ORDER BY c
	Unique  (cost=34938.69..34988.23 rows=9909 width=121)
	  ->  Sort  (cost=34938.69..34963.46 rows=9909 width=121)
	        Sort Key: c
	        ->  Bitmap Heap Scan on sbtest3  (cost=286.00..34281.00 rows=9909 width=121)
	              Recheck Cond: ((id >= 2041884) AND (id <= 2051883))
	              ->  Bitmap Index Scan on sbtest3_pkey  (cost=0.00..283.53 rows=9909 width=0)
	                    Index Cond: ((id >= 2041884) AND (id <= 2051883))

table 4 : explain SELECT DISTINCT c FROM sbtest4 WHERE id BETWEEN 1657699 AND 1667698 ORDER BY c
	Unique  (cost=35934.62..35985.61 rows=10199 width=121)
	  ->  Sort  (cost=35934.62..35960.12 rows=10199 width=121)
	        Sort Key: c
	        ->  Bitmap Heap Scan on sbtest4  (cost=296.97..35255.56 rows=10199 width=121)
	              Recheck Cond: ((id >= 1657699) AND (id <= 1667698))
	              ->  Bitmap Index Scan on sbtest4_pkey  (cost=0.00..294.43 rows=10199 width=0)
	                    Index Cond: ((id >= 1657699) AND (id <= 1667698))

table 5 : explain SELECT DISTINCT c FROM sbtest5 WHERE id BETWEEN 4650232 AND 4660231 ORDER BY c
	Unique  (cost=33476.31..33523.49 rows=9436 width=121)
	  ->  Sort  (cost=33476.31..33499.90 rows=9436 width=121)
	        Sort Key: c
	        ->  Bitmap Heap Scan on sbtest5  (cost=277.15..32853.35 rows=9436 width=121)
	              Recheck Cond: ((id >= 4650232) AND (id <= 4660231))
	              ->  Bitmap Index Scan on sbtest5_pkey  (cost=0.00..274.80 rows=9436 width=0)
	                    Index Cond: ((id >= 4650232) AND (id <= 4660231))

table 6 : explain SELECT DISTINCT c FROM sbtest6 WHERE id BETWEEN 1787470 AND 1797469 ORDER BY c
	Unique  (cost=37247.40..37300.45 rows=10610 width=121)
	  ->  Sort  (cost=37247.40..37273.93 rows=10610 width=121)
	        Sort Key: c
	        ->  Bitmap Heap Scan on sbtest6  (cost=313.19..36537.96 rows=10610 width=121)
	              Recheck Cond: ((id >= 1787470) AND (id <= 1797469))
	              ->  Bitmap Index Scan on sbtest6_pkey  (cost=0.00..310.54 rows=10610 width=0)
	                    Index Cond: ((id >= 1787470) AND (id <= 1797469))

table 7 : explain SELECT DISTINCT c FROM sbtest7 WHERE id BETWEEN 634172 AND 644171 ORDER BY c
	Unique  (cost=36422.30..36474.17 rows=10374 width=121)
	  ->  Sort  (cost=36422.30..36448.24 rows=10374 width=121)
	        Sort Key: c
	        ->  Bitmap Heap Scan on sbtest7  (cost=310.77..35730.32 rows=10374 width=121)
	              Recheck Cond: ((id >= 634172) AND (id <= 644171))
	              ->  Bitmap Index Scan on sbtest7_pkey  (cost=0.00..308.18 rows=10374 width=0)
	                    Index Cond: ((id >= 634172) AND (id <= 644171))

table 8 : explain SELECT DISTINCT c FROM sbtest8 WHERE id BETWEEN 630492 AND 640491 ORDER BY c
	Unique  (cost=32470.58..32516.21 rows=9127 width=121)
	  ->  Sort  (cost=32470.58..32493.40 rows=9127 width=121)
	        Sort Key: c
	        ->  Bitmap Heap Scan on sbtest8  (cost=269.99..31870.21 rows=9127 width=121)
	              Recheck Cond: ((id >= 630492) AND (id <= 640491))
	              ->  Bitmap Index Scan on sbtest8_pkey  (cost=0.00..267.70 rows=9127 width=0)
	                    Index Cond: ((id >= 630492) AND (id <= 640491))

explain: for point_selects :: explain SELECT c FROM sbtest%u WHERE id=%u
for: order_ranges
table 1 : explain SELECT c FROM sbtest1 WHERE id BETWEEN 3496691 AND 3506690 ORDER BY c
	Sort  (cost=38899.99..38927.75 rows=11105 width=121)
	  Sort Key: c
	  ->  Bitmap Heap Scan on sbtest1  (cost=326.26..38153.79 rows=11105 width=121)
	        Recheck Cond: ((id >= 3496691) AND (id <= 3506690))
	        ->  Bitmap Index Scan on sbtest1_pkey  (cost=0.00..323.49 rows=11105 width=0)
	              Index Cond: ((id >= 3496691) AND (id <= 3506690))

table 2 : explain SELECT c FROM sbtest2 WHERE id BETWEEN 1777686 AND 1787685 ORDER BY c
	Sort  (cost=38442.74..38470.19 rows=10981 width=121)
	  Sort Key: c
	  ->  Bitmap Heap Scan on sbtest2  (cost=324.99..37705.76 rows=10981 width=121)
	        Recheck Cond: ((id >= 1777686) AND (id <= 1787685))
	        ->  Bitmap Index Scan on sbtest2_pkey  (cost=0.00..322.25 rows=10981 width=0)
	              Index Cond: ((id >= 1777686) AND (id <= 1787685))

table 3 : explain SELECT c FROM sbtest3 WHERE id BETWEEN 9817820 AND 9827819 ORDER BY c
	Sort  (cost=35840.60..35866.08 rows=10190 width=121)
	  Sort Key: c
	  ->  Bitmap Heap Scan on sbtest3  (cost=292.88..35162.21 rows=10190 width=121)
	        Recheck Cond: ((id >= 9817820) AND (id <= 9827819))
	        ->  Bitmap Index Scan on sbtest3_pkey  (cost=0.00..290.33 rows=10190 width=0)
	              Index Cond: ((id >= 9817820) AND (id <= 9827819))

table 4 : explain SELECT c FROM sbtest4 WHERE id BETWEEN 3430940 AND 3440939 ORDER BY c
	Sort  (cost=32873.43..32896.57 rows=9254 width=121)
	  Sort Key: c
	  ->  Bitmap Heap Scan on sbtest4  (cost=271.29..32263.78 rows=9254 width=121)
	        Recheck Cond: ((id >= 3430940) AND (id <= 3440939))
	        ->  Bitmap Index Scan on sbtest4_pkey  (cost=0.00..268.98 rows=9254 width=0)
	              Index Cond: ((id >= 3430940) AND (id <= 3440939))

table 5 : explain SELECT c FROM sbtest5 WHERE id BETWEEN 2667799 AND 2677798 ORDER BY c
	Sort  (cost=37142.49..37168.92 rows=10572 width=121)
	  Sort Key: c
	  ->  Bitmap Heap Scan on sbtest5  (cost=308.80..36435.86 rows=10572 width=121)
	        Recheck Cond: ((id >= 2667799) AND (id <= 2677798))
	        ->  Bitmap Index Scan on sbtest5_pkey  (cost=0.00..306.16 rows=10572 width=0)
	              Index Cond: ((id >= 2667799) AND (id <= 2677798))

table 6 : explain SELECT c FROM sbtest6 WHERE id BETWEEN 4209256 AND 4219255 ORDER BY c
	Sort  (cost=33521.51..33545.15 rows=9455 width=121)
	  Sort Key: c
	  ->  Bitmap Heap Scan on sbtest6  (cost=277.35..32897.15 rows=9455 width=121)
	        Recheck Cond: ((id >= 4209256) AND (id <= 4219255))
	        ->  Bitmap Index Scan on sbtest6_pkey  (cost=0.00..274.99 rows=9455 width=0)
	              Index Cond: ((id >= 4209256) AND (id <= 4219255))

table 7 : explain SELECT c FROM sbtest7 WHERE id BETWEEN 2720671 AND 2730670 ORDER BY c
	Sort  (cost=32141.90..32164.52 rows=9050 width=121)
	  Sort Key: c
	  ->  Bitmap Heap Scan on sbtest7  (cost=269.20..31547.15 rows=9050 width=121)
	        Recheck Cond: ((id >= 2720671) AND (id <= 2730670))
	        ->  Bitmap Index Scan on sbtest7_pkey  (cost=0.00..266.94 rows=9050 width=0)
	              Index Cond: ((id >= 2720671) AND (id <= 2730670))

table 8 : explain SELECT c FROM sbtest8 WHERE id BETWEEN 5184255 AND 5194254 ORDER BY c
	Sort  (cost=33783.64..33807.46 rows=9530 width=121)
	  Sort Key: c
	  ->  Bitmap Heap Scan on sbtest8  (cost=282.12..33153.79 rows=9530 width=121)
	        Recheck Cond: ((id >= 5184255) AND (id <= 5194254))
	        ->  Bitmap Index Scan on sbtest8_pkey  (cost=0.00..279.74 rows=9530 width=0)
	              Index Cond: ((id >= 5184255) AND (id <= 5194254))

for: sum_ranges
table 1 : explain SELECT SUM(k) FROM sbtest1 WHERE id BETWEEN 7193332 AND 7203331
	Aggregate  (cost=36308.70..36308.71 rows=1 width=8)
	  ->  Bitmap Heap Scan on sbtest1  (cost=308.12..36282.43 rows=10506 width=4)
	        Recheck Cond: ((id >= 7193332) AND (id <= 7203331))
	        ->  Bitmap Index Scan on sbtest1_pkey  (cost=0.00..305.50 rows=10506 width=0)
	              Index Cond: ((id >= 7193332) AND (id <= 7203331))

table 2 : explain SELECT SUM(k) FROM sbtest2 WHERE id BETWEEN 1158102 AND 1168101
	Aggregate  (cost=37415.41..37415.42 rows=1 width=8)
	  ->  Bitmap Heap Scan on sbtest2  (cost=319.94..37388.22 rows=10879 width=4)
	        Recheck Cond: ((id >= 1158102) AND (id <= 1168101))
	        ->  Bitmap Index Scan on sbtest2_pkey  (cost=0.00..317.23 rows=10879 width=0)
	              Index Cond: ((id >= 1158102) AND (id <= 1168101))

table 3 : explain SELECT SUM(k) FROM sbtest3 WHERE id BETWEEN 5044518 AND 5054517
	Aggregate  (cost=36112.38..36112.39 rows=1 width=8)
	  ->  Bitmap Heap Scan on sbtest3  (cost=303.91..36086.17 rows=10485 width=4)
	        Recheck Cond: ((id >= 5044518) AND (id <= 5054517))
	        ->  Bitmap Index Scan on sbtest3_pkey  (cost=0.00..301.29 rows=10485 width=0)
	              Index Cond: ((id >= 5044518) AND (id <= 5054517))

table 4 : explain SELECT SUM(k) FROM sbtest4 WHERE id BETWEEN 258244 AND 268243
	Aggregate  (cost=35765.78..35765.79 rows=1 width=8)
	  ->  Bitmap Heap Scan on sbtest4  (cost=302.55..35739.89 rows=10353 width=4)
	        Recheck Cond: ((id >= 258244) AND (id <= 268243))
	        ->  Bitmap Index Scan on sbtest4_pkey  (cost=0.00..299.96 rows=10353 width=0)
	              Index Cond: ((id >= 258244) AND (id <= 268243))

table 5 : explain SELECT SUM(k) FROM sbtest5 WHERE id BETWEEN 5345939 AND 5355938
	Aggregate  (cost=35533.54..35533.55 rows=1 width=8)
	  ->  Bitmap Heap Scan on sbtest5  (cost=301.75..35507.86 rows=10275 width=4)
	        Recheck Cond: ((id >= 5345939) AND (id <= 5355938))
	        ->  Bitmap Index Scan on sbtest5_pkey  (cost=0.00..299.19 rows=10275 width=0)
	              Index Cond: ((id >= 5345939) AND (id <= 5355938))

table 6 : explain SELECT SUM(k) FROM sbtest6 WHERE id BETWEEN 5452943 AND 5462942
	Aggregate  (cost=31108.35..31108.36 rows=1 width=8)
	  ->  Bitmap Heap Scan on sbtest6  (cost=263.53..31086.13 rows=8887 width=4)
	        Recheck Cond: ((id >= 5452943) AND (id <= 5462942))
	        ->  Bitmap Index Scan on sbtest6_pkey  (cost=0.00..261.31 rows=8887 width=0)
	              Index Cond: ((id >= 5452943) AND (id <= 5462942))

table 7 : explain SELECT SUM(k) FROM sbtest7 WHERE id BETWEEN 8385816 AND 8395815
	Aggregate  (cost=33277.33..33277.34 rows=1 width=8)
	  ->  Bitmap Heap Scan on sbtest7  (cost=286.69..33253.36 rows=9586 width=4)
	        Recheck Cond: ((id >= 8385816) AND (id <= 8395815))
	        ->  Bitmap Index Scan on sbtest7_pkey  (cost=0.00..284.30 rows=9586 width=0)
	              Index Cond: ((id >= 8385816) AND (id <= 8395815))

table 8 : explain SELECT SUM(k) FROM sbtest8 WHERE id BETWEEN 1579548 AND 1589547
	Aggregate  (cost=36376.36..36376.37 rows=1 width=8)
	  ->  Bitmap Heap Scan on sbtest8  (cost=312.50..36350.00 rows=10543 width=4)
	        Recheck Cond: ((id >= 1579548) AND (id <= 1589547))
	        ->  Bitmap Index Scan on sbtest8_pkey  (cost=0.00..309.87 rows=10543 width=0)
	              Index Cond: ((id >= 1579548) AND (id <= 1589547))

for: distinct_ranges
table 1 : explain SELECT DISTINCT c FROM sbtest1 WHERE id BETWEEN 6123270 AND 6133269 ORDER BY c
	Unique  (cost=35334.55..35384.53 rows=9995 width=121)
	  ->  Sort  (cost=35334.55..35359.54 rows=9995 width=121)
	        Sort Key: c
	        ->  Bitmap Heap Scan on sbtest1  (cost=290.88..34670.53 rows=9995 width=121)
	              Recheck Cond: ((id >= 6123270) AND (id <= 6133269))
	              ->  Bitmap Index Scan on sbtest1_pkey  (cost=0.00..288.38 rows=9995 width=0)
	                    Index Cond: ((id >= 6123270) AND (id <= 6133269))

table 2 : explain SELECT DISTINCT c FROM sbtest2 WHERE id BETWEEN 3347240 AND 3357239 ORDER BY c
	Unique  (cost=34112.54..34160.71 rows=9634 width=121)
	  ->  Sort  (cost=34112.54..34136.63 rows=9634 width=121)
	        Sort Key: c
	        ->  Bitmap Heap Scan on sbtest2  (cost=283.18..33475.06 rows=9634 width=121)
	              Recheck Cond: ((id >= 3347240) AND (id <= 3357239))
	              ->  Bitmap Index Scan on sbtest2_pkey  (cost=0.00..280.78 rows=9634 width=0)
	                    Index Cond: ((id >= 3347240) AND (id <= 3357239))

table 3 : explain SELECT DISTINCT c FROM sbtest3 WHERE id BETWEEN 4759473 AND 4769472 ORDER BY c
	Unique  (cost=31267.17..31311.07 rows=8779 width=121)
	  ->  Sort  (cost=31267.17..31289.12 rows=8779 width=121)
	        Sort Key: c
	        ->  Bitmap Heap Scan on sbtest3  (cost=254.42..30692.16 rows=8779 width=121)
	              Recheck Cond: ((id >= 4759473) AND (id <= 4769472))
	              ->  Bitmap Index Scan on sbtest3_pkey  (cost=0.00..252.23 rows=8779 width=0)
	                    Index Cond: ((id >= 4759473) AND (id <= 4769472))

table 4 : explain SELECT DISTINCT c FROM sbtest4 WHERE id BETWEEN 2598650 AND 2608649 ORDER BY c
	Unique  (cost=36595.16..36647.19 rows=10405 width=121)
	  ->  Sort  (cost=36595.16..36621.17 rows=10405 width=121)
	        Sort Key: c
	        ->  Bitmap Heap Scan on sbtest4  (cost=303.09..35900.89 rows=10405 width=121)
	              Recheck Cond: ((id >= 2598650) AND (id <= 2608649))
	              ->  Bitmap Index Scan on sbtest4_pkey  (cost=0.00..300.49 rows=10405 width=0)
	                    Index Cond: ((id >= 2598650) AND (id <= 2608649))

table 5 : explain SELECT DISTINCT c FROM sbtest5 WHERE id BETWEEN 9906192 AND 9916191 ORDER BY c
	Unique  (cost=32218.79..32264.05 rows=9051 width=121)
	  ->  Sort  (cost=32218.79..32241.42 rows=9051 width=121)
	        Sort Key: c
	        ->  Bitmap Heap Scan on sbtest5  (cost=265.21..31623.96 rows=9051 width=121)
	              Recheck Cond: ((id >= 9906192) AND (id <= 9916191))
	              ->  Bitmap Index Scan on sbtest5_pkey  (cost=0.00..262.94 rows=9051 width=0)
	                    Index Cond: ((id >= 9906192) AND (id <= 9916191))

table 6 : explain SELECT DISTINCT c FROM sbtest6 WHERE id BETWEEN 7059291 AND 7069290 ORDER BY c
	Unique  (cost=34646.30..34695.31 rows=9802 width=121)
	  ->  Sort  (cost=34646.30..34670.80 rows=9802 width=121)
	        Sort Key: c
	        ->  Bitmap Heap Scan on sbtest6  (cost=288.91..33996.48 rows=9802 width=121)
	              Recheck Cond: ((id >= 7059291) AND (id <= 7069290))
	              ->  Bitmap Index Scan on sbtest6_pkey  (cost=0.00..286.45 rows=9802 width=0)
	                    Index Cond: ((id >= 7059291) AND (id <= 7069290))

table 7 : explain SELECT DISTINCT c FROM sbtest7 WHERE id BETWEEN 6175125 AND 6185124 ORDER BY c
	Unique  (cost=33079.55..33126.24 rows=9337 width=121)
	  ->  Sort  (cost=33079.55..33102.89 rows=9337 width=121)
	        Sort Key: c
	        ->  Bitmap Heap Scan on sbtest7  (cost=280.14..32463.84 rows=9337 width=121)
	              Recheck Cond: ((id >= 6175125) AND (id <= 6185124))
	              ->  Bitmap Index Scan on sbtest7_pkey  (cost=0.00..277.81 rows=9337 width=0)
	                    Index Cond: ((id >= 6175125) AND (id <= 6185124))

table 8 : explain SELECT DISTINCT c FROM sbtest8 WHERE id BETWEEN 2295780 AND 2305779 ORDER BY c
	Unique  (cost=35667.27..35717.83 rows=10111 width=121)
	  ->  Sort  (cost=35667.27..35692.55 rows=10111 width=121)
	        Sort Key: c
	        ->  Bitmap Heap Scan on sbtest8  (cost=300.07..34994.71 rows=10111 width=121)
	              Recheck Cond: ((id >= 2295780) AND (id <= 2305779))
	              ->  Bitmap Index Scan on sbtest8_pkey  (cost=0.00..297.55 rows=10111 width=0)
	                    Index Cond: ((id >= 2295780) AND (id <= 2305779))

for: order_ranges
table 1 : explain SELECT c FROM sbtest1 WHERE id BETWEEN 1780291 AND 1790290 ORDER BY c
	Sort  (cost=33395.70..33419.19 rows=9398 width=121)
	  Sort Key: c
	  ->  Bitmap Heap Scan on sbtest1  (cost=276.76..32775.51 rows=9398 width=121)
	        Recheck Cond: ((id >= 1780291) AND (id <= 1790290))
	        ->  Bitmap Index Scan on sbtest1_pkey  (cost=0.00..274.42 rows=9398 width=0)
	              Index Cond: ((id >= 1780291) AND (id <= 1790290))

table 2 : explain SELECT c FROM sbtest2 WHERE id BETWEEN 7951314 AND 7961313 ORDER BY c
	Sort  (cost=33926.27..33950.21 rows=9576 width=121)
	  Sort Key: c
	  ->  Bitmap Heap Scan on sbtest2  (cost=282.59..33293.05 rows=9576 width=121)
	        Recheck Cond: ((id >= 7951314) AND (id <= 7961313))
	        ->  Bitmap Index Scan on sbtest2_pkey  (cost=0.00..280.19 rows=9576 width=0)
	              Index Cond: ((id >= 7951314) AND (id <= 7961313))

table 3 : explain SELECT c FROM sbtest3 WHERE id BETWEEN 7768548 AND 7778547 ORDER BY c
	Sort  (cost=35609.83..35635.13 rows=10118 width=121)
	  Sort Key: c
	  ->  Bitmap Heap Scan on sbtest3  (cost=292.14..34936.75 rows=10118 width=121)
	        Recheck Cond: ((id >= 7768548) AND (id <= 7778547))
	        ->  Bitmap Index Scan on sbtest3_pkey  (cost=0.00..289.62 rows=10118 width=0)
	              Index Cond: ((id >= 7768548) AND (id <= 7778547))

table 4 : explain SELECT c FROM sbtest4 WHERE id BETWEEN 2104779 AND 2114778 ORDER BY c
	Sort  (cost=34040.40..34064.43 rows=9614 width=121)
	  Sort Key: c
	  ->  Bitmap Heap Scan on sbtest4  (cost=278.98..33404.39 rows=9614 width=121)
	        Recheck Cond: ((id >= 2104779) AND (id <= 2114778))
	        ->  Bitmap Index Scan on sbtest4_pkey  (cost=0.00..276.57 rows=9614 width=0)
	              Index Cond: ((id >= 2104779) AND (id <= 2114778))

table 5 : explain SELECT c FROM sbtest5 WHERE id BETWEEN 654890 AND 664889 ORDER BY c
	Sort  (cost=35248.69..35273.65 rows=9983 width=121)
	  Sort Key: c
	  ->  Bitmap Heap Scan on sbtest5  (cost=290.76..34585.56 rows=9983 width=121)
	        Recheck Cond: ((id >= 654890) AND (id <= 664889))
	        ->  Bitmap Index Scan on sbtest5_pkey  (cost=0.00..288.26 rows=9983 width=0)
	              Index Cond: ((id >= 654890) AND (id <= 664889))

table 6 : explain SELECT c FROM sbtest6 WHERE id BETWEEN 9183709 AND 9193708 ORDER BY c
	Sort  (cost=36717.11..36743.22 rows=10445 width=121)
	  Sort Key: c
	  ->  Bitmap Heap Scan on sbtest6  (cost=307.50..36019.88 rows=10445 width=121)
	        Recheck Cond: ((id >= 9183709) AND (id <= 9193708))
	        ->  Bitmap Index Scan on sbtest6_pkey  (cost=0.00..304.88 rows=10445 width=0)
	              Index Cond: ((id >= 9183709) AND (id <= 9193708))

table 7 : explain SELECT c FROM sbtest7 WHERE id BETWEEN 6043026 AND 6053025 ORDER BY c
	Sort  (cost=35090.05..35114.95 rows=9959 width=121)
	  Sort Key: c
	  ->  Bitmap Heap Scan on sbtest7  (cost=298.51..34428.69 rows=9959 width=121)
	        Recheck Cond: ((id >= 6043026) AND (id <= 6053025))
	        ->  Bitmap Index Scan on sbtest7_pkey  (cost=0.00..296.03 rows=9959 width=0)
	              Index Cond: ((id >= 6043026) AND (id <= 6053025))

table 8 : explain SELECT c FROM sbtest8 WHERE id BETWEEN 4224513 AND 4234512 ORDER BY c
	Sort  (cost=39626.40..39654.78 rows=11350 width=121)
	  Sort Key: c
	  ->  Bitmap Heap Scan on sbtest8  (cost=336.77..38861.96 rows=11350 width=121)
	        Recheck Cond: ((id >= 4224513) AND (id <= 4234512))
	        ->  Bitmap Index Scan on sbtest8_pkey  (cost=0.00..333.94 rows=11350 width=0)
	              Index Cond: ((id >= 4224513) AND (id <= 4234512))

explain: for point_selects :: explain SELECT c FROM sbtest%u WHERE id=%u
for point_selects
table 1 : explain SELECT c FROM sbtest1 WHERE id=2567921
	Index Scan using sbtest1_pkey on sbtest1  (cost=0.43..8.45 rows=1 width=121)
	  Index Cond: (id = 2567921)

table 2 : explain SELECT c FROM sbtest2 WHERE id=8312708
	Index Scan using sbtest2_pkey on sbtest2  (cost=0.43..8.45 rows=1 width=121)
	  Index Cond: (id = 8312708)

table 3 : explain SELECT c FROM sbtest3 WHERE id=7671767
	Index Scan using sbtest3_pkey on sbtest3  (cost=0.43..8.45 rows=1 width=121)
	  Index Cond: (id = 7671767)

table 4 : explain SELECT c FROM sbtest4 WHERE id=2123642
	Index Scan using sbtest4_pkey on sbtest4  (cost=0.43..8.45 rows=1 width=121)
	  Index Cond: (id = 2123642)

table 5 : explain SELECT c FROM sbtest5 WHERE id=1319457
	Index Scan using sbtest5_pkey on sbtest5  (cost=0.43..8.45 rows=1 width=121)
	  Index Cond: (id = 1319457)

table 6 : explain SELECT c FROM sbtest6 WHERE id=4852841
	Index Scan using sbtest6_pkey on sbtest6  (cost=0.43..8.45 rows=1 width=121)
	  Index Cond: (id = 4852841)

table 7 : explain SELECT c FROM sbtest7 WHERE id=6025096
	Index Scan using sbtest7_pkey on sbtest7  (cost=0.43..8.45 rows=1 width=121)
	  Index Cond: (id = 6025096)

table 8 : explain SELECT c FROM sbtest8 WHERE id=6644306
	Index Scan using sbtest8_pkey on sbtest8  (cost=0.43..8.45 rows=1 width=121)
	  Index Cond: (id = 6644306)

for: sum_ranges
table 1 : explain SELECT SUM(k) FROM sbtest1 WHERE id BETWEEN 5423804 AND 5433803
	Aggregate  (cost=34903.84..34903.85 rows=1 width=8)
	  ->  Bitmap Heap Scan on sbtest1  (cost=295.55..34878.69 rows=10060 width=4)
	        Recheck Cond: ((id >= 5423804) AND (id <= 5433803))
	        ->  Bitmap Index Scan on sbtest1_pkey  (cost=0.00..293.04 rows=10060 width=0)
	              Index Cond: ((id >= 5423804) AND (id <= 5433803))

table 2 : explain SELECT SUM(k) FROM sbtest2 WHERE id BETWEEN 3611255 AND 3621254
	Aggregate  (cost=35907.05..35907.06 rows=1 width=8)
	  ->  Bitmap Heap Scan on sbtest2  (cost=307.00..35881.06 rows=10397 width=4)
	        Recheck Cond: ((id >= 3611255) AND (id <= 3621254))
	        ->  Bitmap Index Scan on sbtest2_pkey  (cost=0.00..304.41 rows=10397 width=0)
	              Index Cond: ((id >= 3611255) AND (id <= 3621254))

table 3 : explain SELECT SUM(k) FROM sbtest3 WHERE id BETWEEN 9405226 AND 9415225
	Aggregate  (cost=31863.15..31863.16 rows=1 width=8)
	  ->  Bitmap Heap Scan on sbtest3  (cost=262.11..31840.30 rows=9139 width=4)
	        Recheck Cond: ((id >= 9405226) AND (id <= 9415225))
	        ->  Bitmap Index Scan on sbtest3_pkey  (cost=0.00..259.82 rows=9139 width=0)
	              Index Cond: ((id >= 9405226) AND (id <= 9415225))

table 4 : explain SELECT SUM(k) FROM sbtest4 WHERE id BETWEEN 9894017 AND 9904016
	Aggregate  (cost=34504.16..34504.17 rows=1 width=8)
	  ->  Bitmap Heap Scan on sbtest4  (cost=290.45..34479.28 rows=9953 width=4)
	        Recheck Cond: ((id >= 9894017) AND (id <= 9904016))
	        ->  Bitmap Index Scan on sbtest4_pkey  (cost=0.00..287.96 rows=9953 width=0)
	              Index Cond: ((id >= 9894017) AND (id <= 9904016))

table 5 : explain SELECT SUM(k) FROM sbtest5 WHERE id BETWEEN 7718534 AND 7728533
	Aggregate  (cost=34812.02..34812.03 rows=1 width=8)
	  ->  Bitmap Heap Scan on sbtest5  (cost=295.41..34786.91 rows=10046 width=4)
	        Recheck Cond: ((id >= 7718534) AND (id <= 7728533))
	        ->  Bitmap Index Scan on sbtest5_pkey  (cost=0.00..292.90 rows=10046 width=0)
	              Index Cond: ((id >= 7718534) AND (id <= 7728533))

table 6 : explain SELECT SUM(k) FROM sbtest6 WHERE id BETWEEN 4652425 AND 4662424
	Aggregate  (cost=33855.49..33855.50 rows=1 width=8)
	  ->  Bitmap Heap Scan on sbtest6  (cost=288.36..33831.12 rows=9749 width=4)
	        Recheck Cond: ((id >= 4652425) AND (id <= 4662424))
	        ->  Bitmap Index Scan on sbtest6_pkey  (cost=0.00..285.93 rows=9749 width=0)
	              Index Cond: ((id >= 4652425) AND (id <= 4662424))

table 7 : explain SELECT SUM(k) FROM sbtest7 WHERE id BETWEEN 6897939 AND 6907938
	Aggregate  (cost=34644.01..34644.02 rows=1 width=8)
	  ->  Bitmap Heap Scan on sbtest7  (cost=299.14..34618.96 rows=10020 width=4)
	        Recheck Cond: ((id >= 6897939) AND (id <= 6907938))
	        ->  Bitmap Index Scan on sbtest7_pkey  (cost=0.00..296.63 rows=10020 width=0)
	              Index Cond: ((id >= 6897939) AND (id <= 6907938))

table 8 : explain SELECT SUM(k) FROM sbtest8 WHERE id BETWEEN 4838771 AND 4848770
	Aggregate  (cost=35476.37..35476.38 rows=1 width=8)
	  ->  Bitmap Heap Scan on sbtest8  (cost=305.56..35450.73 rows=10256 width=4)
	        Recheck Cond: ((id >= 4838771) AND (id <= 4848770))
	        ->  Bitmap Index Scan on sbtest8_pkey  (cost=0.00..303.00 rows=10256 width=0)
	              Index Cond: ((id >= 4838771) AND (id <= 4848770))

for: distinct_ranges
table 1 : explain SELECT DISTINCT c FROM sbtest1 WHERE id BETWEEN 4190203 AND 4200202 ORDER BY c
	Unique  (cost=36243.61..36294.99 rows=10276 width=121)
	  ->  Sort  (cost=36243.61..36269.30 rows=10276 width=121)
	        Sort Key: c
	        ->  Bitmap Heap Scan on sbtest1  (cost=301.76..35558.87 rows=10276 width=121)
	              Recheck Cond: ((id >= 4190203) AND (id <= 4200202))
	              ->  Bitmap Index Scan on sbtest1_pkey  (cost=0.00..299.19 rows=10276 width=0)
	                    Index Cond: ((id >= 4190203) AND (id <= 4200202))

table 2 : explain SELECT DISTINCT c FROM sbtest2 WHERE id BETWEEN 4319733 AND 4329732 ORDER BY c
	Unique  (cost=31030.93..31074.38 rows=8691 width=121)
	  ->  Sort  (cost=31030.93..31052.65 rows=8691 width=121)
	        Sort Key: c
	        ->  Bitmap Heap Scan on sbtest2  (cost=257.52..30462.31 rows=8691 width=121)
	              Recheck Cond: ((id >= 4319733) AND (id <= 4329732))
	              ->  Bitmap Index Scan on sbtest2_pkey  (cost=0.00..255.34 rows=8691 width=0)
	                    Index Cond: ((id >= 4319733) AND (id <= 4329732))

table 3 : explain SELECT DISTINCT c FROM sbtest3 WHERE id BETWEEN 8785754 AND 8795753 ORDER BY c
	Unique  (cost=35249.32..35299.35 rows=10006 width=121)
	  ->  Sort  (cost=35249.32..35274.33 rows=10006 width=121)
	        Sort Key: c
	        ->  Bitmap Heap Scan on sbtest3  (cost=287.00..34584.49 rows=10006 width=121)
	              Recheck Cond: ((id >= 8785754) AND (id <= 8795753))
	              ->  Bitmap Index Scan on sbtest3_pkey  (cost=0.00..284.50 rows=10006 width=0)
	                    Index Cond: ((id >= 8785754) AND (id <= 8795753))

table 4 : explain SELECT DISTINCT c FROM sbtest4 WHERE id BETWEEN 7505398 AND 7515397 ORDER BY c
	Unique  (cost=34522.76..34571.57 rows=9762 width=121)
	  ->  Sort  (cost=34522.76..34547.17 rows=9762 width=121)
	        Sort Key: c
	        ->  Bitmap Heap Scan on sbtest4  (cost=284.50..33875.89 rows=9762 width=121)
	              Recheck Cond: ((id >= 7505398) AND (id <= 7515397))
	              ->  Bitmap Index Scan on sbtest4_pkey  (cost=0.00..282.06 rows=9762 width=0)
	                    Index Cond: ((id >= 7505398) AND (id <= 7515397))

table 5 : explain SELECT DISTINCT c FROM sbtest5 WHERE id BETWEEN 7335885 AND 7345884 ORDER BY c
	Unique  (cost=36954.87..37007.43 rows=10513 width=121)
	  ->  Sort  (cost=36954.87..36981.15 rows=10513 width=121)
	        Sort Key: c
	        ->  Bitmap Heap Scan on sbtest5  (cost=308.19..36252.60 rows=10513 width=121)
	              Recheck Cond: ((id >= 7335885) AND (id <= 7345884))
	              ->  Bitmap Index Scan on sbtest5_pkey  (cost=0.00..305.56 rows=10513 width=0)
	                    Index Cond: ((id >= 7335885) AND (id <= 7345884))

table 6 : explain SELECT DISTINCT c FROM sbtest6 WHERE id BETWEEN 7895120 AND 7905119 ORDER BY c
	Unique  (cost=35991.02..36042.11 rows=10218 width=121)
	  ->  Sort  (cost=35991.02..36016.57 rows=10218 width=121)
	        Sort Key: c
	        ->  Bitmap Heap Scan on sbtest6  (cost=301.17..35310.57 rows=10218 width=121)
	              Recheck Cond: ((id >= 7895120) AND (id <= 7905119))
	              ->  Bitmap Index Scan on sbtest6_pkey  (cost=0.00..298.62 rows=10218 width=0)
	                    Index Cond: ((id >= 7895120) AND (id <= 7905119))

table 7 : explain SELECT DISTINCT c FROM sbtest7 WHERE id BETWEEN 6291065 AND 6301064 ORDER BY c
	Unique  (cost=32479.49..32525.26 rows=9153 width=121)
	  ->  Sort  (cost=32479.49..32502.38 rows=9153 width=121)
	        Sort Key: c
	        ->  Bitmap Heap Scan on sbtest7  (cost=274.25..31877.22 rows=9153 width=121)
	              Recheck Cond: ((id >= 6291065) AND (id <= 6301064))
	              ->  Bitmap Index Scan on sbtest7_pkey  (cost=0.00..271.96 rows=9153 width=0)
	                    Index Cond: ((id >= 6291065) AND (id <= 6301064))

table 8 : explain SELECT DISTINCT c FROM sbtest8 WHERE id BETWEEN 7312368 AND 7322367 ORDER BY c
	Unique  (cost=38133.49..38187.89 rows=10880 width=121)
	  ->  Sort  (cost=38133.49..38160.69 rows=10880 width=121)
	        Sort Key: c
	        ->  Bitmap Heap Scan on sbtest8  (cost=323.96..37404.02 rows=10880 width=121)
	              Recheck Cond: ((id >= 7312368) AND (id <= 7322367))
	              ->  Bitmap Index Scan on sbtest8_pkey  (cost=0.00..321.24 rows=10880 width=0)
	                    Index Cond: ((id >= 7312368) AND (id <= 7322367))

for: distinct_ranges
table 1 : explain SELECT DISTINCT c FROM sbtest1 WHERE id BETWEEN 1134681 AND 1144680 ORDER BY c
	Unique  (cost=36805.26..36857.51 rows=10451 width=121)
	  ->  Sort  (cost=36805.26..36831.38 rows=10451 width=121)
	        Sort Key: c
	        ->  Bitmap Heap Scan on sbtest1  (cost=303.56..36107.58 rows=10451 width=121)
	              Recheck Cond: ((id >= 1134681) AND (id <= 1144680))
	              ->  Bitmap Index Scan on sbtest1_pkey  (cost=0.00..300.94 rows=10451 width=0)
	                    Index Cond: ((id >= 1134681) AND (id <= 1144680))

table 2 : explain SELECT DISTINCT c FROM sbtest2 WHERE id BETWEEN 2138388 AND 2148387 ORDER BY c
	Unique  (cost=35735.61..35786.29 rows=10135 width=121)
	  ->  Sort  (cost=35735.61..35760.95 rows=10135 width=121)
	        Sort Key: c
	        ->  Bitmap Heap Scan on sbtest2  (cost=300.32..35061.28 rows=10135 width=121)
	              Recheck Cond: ((id >= 2138388) AND (id <= 2148387))
	              ->  Bitmap Index Scan on sbtest2_pkey  (cost=0.00..297.79 rows=10135 width=0)
	                    Index Cond: ((id >= 2138388) AND (id <= 2148387))

table 3 : explain SELECT DISTINCT c FROM sbtest3 WHERE id BETWEEN 9246398 AND 9256397 ORDER BY c
	Unique  (cost=33893.90..33941.83 rows=9587 width=121)
	  ->  Sort  (cost=33893.90..33917.86 rows=9587 width=121)
	        Sort Key: c
	        ->  Bitmap Heap Scan on sbtest3  (cost=274.70..33259.87 rows=9587 width=121)
	              Recheck Cond: ((id >= 9246398) AND (id <= 9256397))
	              ->  Bitmap Index Scan on sbtest3_pkey  (cost=0.00..272.31 rows=9587 width=0)
	                    Index Cond: ((id >= 9246398) AND (id <= 9256397))

table 4 : explain SELECT DISTINCT c FROM sbtest4 WHERE id BETWEEN 5275755 AND 5285754 ORDER BY c
	Unique  (cost=33220.48..33267.28 rows=9361 width=121)
	  ->  Sort  (cost=33220.48..33243.88 rows=9361 width=121)
	        Sort Key: c
	        ->  Bitmap Heap Scan on sbtest4  (cost=272.39..32603.01 rows=9361 width=121)
	              Recheck Cond: ((id >= 5275755) AND (id <= 5285754))
	              ->  Bitmap Index Scan on sbtest4_pkey  (cost=0.00..270.05 rows=9361 width=0)
	                    Index Cond: ((id >= 5275755) AND (id <= 5285754))

table 5 : explain SELECT DISTINCT c FROM sbtest5 WHERE id BETWEEN 8276446 AND 8286445 ORDER BY c
	Unique  (cost=35096.33..35146.01 rows=9936 width=121)
	  ->  Sort  (cost=35096.33..35121.17 rows=9936 width=121)
	        Sort Key: c
	        ->  Bitmap Heap Scan on sbtest5  (cost=290.28..34436.66 rows=9936 width=121)
	              Recheck Cond: ((id >= 8276446) AND (id <= 8286445))
	              ->  Bitmap Index Scan on sbtest5_pkey  (cost=0.00..287.80 rows=9936 width=0)
	                    Index Cond: ((id >= 8276446) AND (id <= 8286445))

table 6 : explain SELECT DISTINCT c FROM sbtest6 WHERE id BETWEEN 3180682 AND 3190681 ORDER BY c
	Unique  (cost=34071.14..34119.26 rows=9624 width=121)
	  ->  Sort  (cost=34071.14..34095.20 rows=9624 width=121)
	        Sort Key: c
	        ->  Bitmap Heap Scan on sbtest6  (cost=283.08..33434.39 rows=9624 width=121)
	              Recheck Cond: ((id >= 3180682) AND (id <= 3190681))
	              ->  Bitmap Index Scan on sbtest6_pkey  (cost=0.00..280.68 rows=9624 width=0)
	                    Index Cond: ((id >= 3180682) AND (id <= 3190681))

table 7 : explain SELECT DISTINCT c FROM sbtest7 WHERE id BETWEEN 1802596 AND 1812595 ORDER BY c
	Unique  (cost=35354.04..35404.24 rows=10041 width=121)
	  ->  Sort  (cost=35354.04..35379.14 rows=10041 width=121)
	        Sort Key: c
	        ->  Bitmap Heap Scan on sbtest7  (cost=299.36..34686.63 rows=10041 width=121)
	              Recheck Cond: ((id >= 1802596) AND (id <= 1812595))
	              ->  Bitmap Index Scan on sbtest7_pkey  (cost=0.00..296.84 rows=10041 width=0)
	                    Index Cond: ((id >= 1802596) AND (id <= 1812595))

table 8 : explain SELECT DISTINCT c FROM sbtest8 WHERE id BETWEEN 5032280 AND 5042279 ORDER BY c
	Unique  (cost=34336.50..34385.00 rows=9700 width=121)
	  ->  Sort  (cost=34336.50..34360.75 rows=9700 width=121)
	        Sort Key: c
	        ->  Bitmap Heap Scan on sbtest8  (cost=287.86..33694.18 rows=9700 width=121)
	              Recheck Cond: ((id >= 5032280) AND (id <= 5042279))
	              ->  Bitmap Index Scan on sbtest8_pkey  (cost=0.00..285.44 rows=9700 width=0)
	                    Index Cond: ((id >= 5032280) AND (id <= 5042279))

explain: for point_selects :: explain SELECT c FROM sbtest%u WHERE id=%u
for: simple_ranges
table 1 : explain SELECT c FROM sbtest1 WHERE id BETWEEN 1711690 AND 1721689
	Bitmap Heap Scan on sbtest1  (cost=276.76..32775.51 rows=9398 width=121)
	  Recheck Cond: ((id >= 1711690) AND (id <= 1721689))
	  ->  Bitmap Index Scan on sbtest1_pkey  (cost=0.00..274.42 rows=9398 width=0)
	        Index Cond: ((id >= 1711690) AND (id <= 1721689))

table 2 : explain SELECT c FROM sbtest2 WHERE id BETWEEN 6635620 AND 6645619
	Bitmap Heap Scan on sbtest2  (cost=282.22..33179.23 rows=9540 width=121)
	  Recheck Cond: ((id >= 6635620) AND (id <= 6645619))
	  ->  Bitmap Index Scan on sbtest2_pkey  (cost=0.00..279.83 rows=9540 width=0)
	        Index Cond: ((id >= 6635620) AND (id <= 6645619))

table 3 : explain SELECT c FROM sbtest3 WHERE id BETWEEN 3370425 AND 3380424
	Bitmap Heap Scan on sbtest3  (cost=267.10..32150.70 rows=9236 width=121)
	  Recheck Cond: ((id >= 3370425) AND (id <= 3380424))
	  ->  Bitmap Index Scan on sbtest3_pkey  (cost=0.00..264.80 rows=9236 width=0)
	        Index Cond: ((id >= 3370425) AND (id <= 3380424))

table 4 : explain SELECT c FROM sbtest4 WHERE id BETWEEN 4350441 AND 4360440
	Bitmap Heap Scan on sbtest4  (cost=309.32..36583.17 rows=10623 width=121)
	  Recheck Cond: ((id >= 4350441) AND (id <= 4360440))
	  ->  Bitmap Index Scan on sbtest4_pkey  (cost=0.00..306.67 rows=10623 width=0)
	        Index Cond: ((id >= 4350441) AND (id <= 4360440))

table 5 : explain SELECT c FROM sbtest5 WHERE id BETWEEN 377898 AND 387897
	Bitmap Heap Scan on sbtest5  (cost=295.42..34790.14 rows=10047 width=121)
	  Recheck Cond: ((id >= 377898) AND (id <= 387897))
	  ->  Bitmap Index Scan on sbtest5_pkey  (cost=0.00..292.91 rows=10047 width=0)
	        Index Cond: ((id >= 377898) AND (id <= 387897))

table 6 : explain SELECT c FROM sbtest6 WHERE id BETWEEN 3603359 AND 3613358
	Bitmap Heap Scan on sbtest6  (cost=275.80..32418.26 rows=9304 width=121)
	  Recheck Cond: ((id >= 3603359) AND (id <= 3613358))
	  ->  Bitmap Index Scan on sbtest6_pkey  (cost=0.00..273.48 rows=9304 width=0)
	        Index Cond: ((id >= 3603359) AND (id <= 3613358))

table 7 : explain SELECT c FROM sbtest7 WHERE id BETWEEN 4090896 AND 4100895
	Bitmap Heap Scan on sbtest7  (cost=294.46..34408.56 rows=9954 width=121)
	  Recheck Cond: ((id >= 4090896) AND (id <= 4100895))
	  ->  Bitmap Index Scan on sbtest7_pkey  (cost=0.00..291.98 rows=9954 width=0)
	        Index Cond: ((id >= 4090896) AND (id <= 4100895))

table 8 : explain SELECT c FROM sbtest8 WHERE id BETWEEN 4484174 AND 4494173
	Bitmap Heap Scan on sbtest8  (cost=293.56..34220.50 rows=9866 width=121)
	  Recheck Cond: ((id >= 4484174) AND (id <= 4494173))
	  ->  Bitmap Index Scan on sbtest8_pkey  (cost=0.00..291.09 rows=9866 width=0)
	        Index Cond: ((id >= 4484174) AND (id <= 4494173))

for: distinct_ranges
table 1 : explain SELECT DISTINCT c FROM sbtest1 WHERE id BETWEEN 8478079 AND 8488078 ORDER BY c
	Unique  (cost=34210.27..34258.51 rows=9648 width=121)
	  ->  Sort  (cost=34210.27..34234.39 rows=9648 width=121)
	        Sort Key: c
	        ->  Bitmap Heap Scan on sbtest1  (cost=283.33..33571.76 rows=9648 width=121)
	              Recheck Cond: ((id >= 8478079) AND (id <= 8488078))
	              ->  Bitmap Index Scan on sbtest1_pkey  (cost=0.00..280.92 rows=9648 width=0)
	                    Index Cond: ((id >= 8478079) AND (id <= 8488078))

table 2 : explain SELECT DISTINCT c FROM sbtest2 WHERE id BETWEEN 5437455 AND 5447454 ORDER BY c
	Unique  (cost=34355.79..34404.33 rows=9708 width=121)
	  ->  Sort  (cost=34355.79..34380.06 rows=9708 width=121)
	        Sort Key: c
	        ->  Bitmap Heap Scan on sbtest2  (cost=287.94..33712.88 rows=9708 width=121)
	              Recheck Cond: ((id >= 5437455) AND (id <= 5447454))
	              ->  Bitmap Index Scan on sbtest2_pkey  (cost=0.00..285.51 rows=9708 width=0)
	                    Index Cond: ((id >= 5437455) AND (id <= 5447454))

table 3 : explain SELECT DISTINCT c FROM sbtest3 WHERE id BETWEEN 4197417 AND 4207416 ORDER BY c
	Unique  (cost=37281.89..37335.09 rows=10641 width=121)
	  ->  Sort  (cost=37281.89..37308.49 rows=10641 width=121)
	        Sort Key: c
	        ->  Bitmap Heap Scan on sbtest3  (cost=305.51..36570.15 rows=10641 width=121)
	              Recheck Cond: ((id >= 4197417) AND (id <= 4207416))
	              ->  Bitmap Index Scan on sbtest3_pkey  (cost=0.00..302.84 rows=10641 width=0)
	                    Index Cond: ((id >= 4197417) AND (id <= 4207416))

table 4 : explain SELECT DISTINCT c FROM sbtest4 WHERE id BETWEEN 6953810 AND 6963809 ORDER BY c
	Unique  (cost=35468.59..35518.86 rows=10054 width=121)
	  ->  Sort  (cost=35468.59..35493.72 rows=10054 width=121)
	        Sort Key: c
	        ->  Bitmap Heap Scan on sbtest4  (cost=295.49..34800.23 rows=10054 width=121)
	              Recheck Cond: ((id >= 6953810) AND (id <= 6963809))
	              ->  Bitmap Index Scan on sbtest4_pkey  (cost=0.00..292.98 rows=10054 width=0)
	                    Index Cond: ((id >= 6953810) AND (id <= 6963809))

table 5 : explain SELECT DISTINCT c FROM sbtest5 WHERE id BETWEEN 4287206 AND 4297205 ORDER BY c
	Unique  (cost=34617.95..34666.89 rows=9788 width=121)
	  ->  Sort  (cost=34617.95..34642.42 rows=9788 width=121)
	        Sort Key: c
	        ->  Bitmap Heap Scan on sbtest5  (cost=284.76..33969.16 rows=9788 width=121)
	              Recheck Cond: ((id >= 4287206) AND (id <= 4297205))
	              ->  Bitmap Index Scan on sbtest5_pkey  (cost=0.00..282.31 rows=9788 width=0)
	                    Index Cond: ((id >= 4287206) AND (id <= 4297205))

table 6 : explain SELECT DISTINCT c FROM sbtest6 WHERE id BETWEEN 5182659 AND 5192658 ORDER BY c
	Unique  (cost=35319.47..35369.52 rows=10010 width=121)
	  ->  Sort  (cost=35319.47..35344.49 rows=10010 width=121)
	        Sort Key: c
	        ->  Bitmap Heap Scan on sbtest6  (cost=295.04..34654.34 rows=10010 width=121)
	              Recheck Cond: ((id >= 5182659) AND (id <= 5192658))
	              ->  Bitmap Index Scan on sbtest6_pkey  (cost=0.00..292.54 rows=10010 width=0)
	                    Index Cond: ((id >= 5182659) AND (id <= 5192658))

table 7 : explain SELECT DISTINCT c FROM sbtest7 WHERE id BETWEEN 9158510 AND 9168509 ORDER BY c
	Unique  (cost=34175.74..34224.12 rows=9676 width=121)
	  ->  Sort  (cost=34175.74..34199.93 rows=9676 width=121)
	        Sort Key: c
	        ->  Bitmap Heap Scan on sbtest7  (cost=287.61..33535.18 rows=9676 width=121)
	              Recheck Cond: ((id >= 9158510) AND (id <= 9168509))
	              ->  Bitmap Index Scan on sbtest7_pkey  (cost=0.00..285.19 rows=9676 width=0)
	                    Index Cond: ((id >= 9158510) AND (id <= 9168509))

table 8 : explain SELECT DISTINCT c FROM sbtest8 WHERE id BETWEEN 8950298 AND 8960297 ORDER BY c
	Unique  (cost=35027.51..35077.08 rows=9913 width=121)
	  ->  Sort  (cost=35027.51..35052.30 rows=9913 width=121)
	        Sort Key: c
	        ->  Bitmap Heap Scan on sbtest8  (cost=294.04..34369.53 rows=9913 width=121)
	              Recheck Cond: ((id >= 8950298) AND (id <= 8960297))
	              ->  Bitmap Index Scan on sbtest8_pkey  (cost=0.00..291.56 rows=9913 width=0)
	                    Index Cond: ((id >= 8950298) AND (id <= 8960297))

for point_selects
table 1 : explain SELECT c FROM sbtest1 WHERE id=560251
	Index Scan using sbtest1_pkey on sbtest1  (cost=0.43..8.45 rows=1 width=121)
	  Index Cond: (id = 560251)

table 2 : explain SELECT c FROM sbtest2 WHERE id=5259067
	Index Scan using sbtest2_pkey on sbtest2  (cost=0.43..8.45 rows=1 width=121)
	  Index Cond: (id = 5259067)

table 3 : explain SELECT c FROM sbtest3 WHERE id=9663260
	Index Scan using sbtest3_pkey on sbtest3  (cost=0.43..8.45 rows=1 width=121)
	  Index Cond: (id = 9663260)

table 4 : explain SELECT c FROM sbtest4 WHERE id=6594906
	Index Scan using sbtest4_pkey on sbtest4  (cost=0.43..8.45 rows=1 width=121)
	  Index Cond: (id = 6594906)

table 5 : explain SELECT c FROM sbtest5 WHERE id=4054113
	Index Scan using sbtest5_pkey on sbtest5  (cost=0.43..8.45 rows=1 width=121)
	  Index Cond: (id = 4054113)

table 6 : explain SELECT c FROM sbtest6 WHERE id=5679819
	Index Scan using sbtest6_pkey on sbtest6  (cost=0.43..8.45 rows=1 width=121)
	  Index Cond: (id = 5679819)

table 7 : explain SELECT c FROM sbtest7 WHERE id=2770686
	Index Scan using sbtest7_pkey on sbtest7  (cost=0.43..8.45 rows=1 width=121)
	  Index Cond: (id = 2770686)

table 8 : explain SELECT c FROM sbtest8 WHERE id=6427140
	Index Scan using sbtest8_pkey on sbtest8  (cost=0.43..8.45 rows=1 width=121)
	  Index Cond: (id = 6427140)

explain: for point_selects :: explain SELECT c FROM sbtest%u WHERE id=%u
for: order_ranges
table 1 : explain SELECT c FROM sbtest1 WHERE id BETWEEN 9945898 AND 9955897 ORDER BY c
	Sort  (cost=37089.72..37116.06 rows=10539 width=121)
	  Sort Key: c
	  ->  Bitmap Heap Scan on sbtest1  (cost=308.46..36385.53 rows=10539 width=121)
	        Recheck Cond: ((id >= 9945898) AND (id <= 9955897))
	        ->  Bitmap Index Scan on sbtest1_pkey  (cost=0.00..305.82 rows=10539 width=0)
	              Index Cond: ((id >= 9945898) AND (id <= 9955897))

table 2 : explain SELECT c FROM sbtest2 WHERE id BETWEEN 2112387 AND 2122386 ORDER BY c
	Sort  (cost=33843.16..33867.04 rows=9551 width=121)
	  Sort Key: c
	  ->  Bitmap Heap Scan on sbtest2  (cost=282.33..33211.77 rows=9551 width=121)
	        Recheck Cond: ((id >= 2112387) AND (id <= 2122386))
	        ->  Bitmap Index Scan on sbtest2_pkey  (cost=0.00..279.94 rows=9551 width=0)
	              Index Cond: ((id >= 2112387) AND (id <= 2122386))

table 3 : explain SELECT c FROM sbtest3 WHERE id BETWEEN 6772714 AND 6782713 ORDER BY c
	Sort  (cost=35226.22..35251.22 rows=9999 width=121)
	  Sort Key: c
	  ->  Bitmap Heap Scan on sbtest3  (cost=286.92..34561.91 rows=9999 width=121)
	        Recheck Cond: ((id >= 6772714) AND (id <= 6782713))
	        ->  Bitmap Index Scan on sbtest3_pkey  (cost=0.00..284.43 rows=9999 width=0)
	              Index Cond: ((id >= 6772714) AND (id <= 6782713))

table 4 : explain SELECT c FROM sbtest4 WHERE id BETWEEN 2377415 AND 2387414 ORDER BY c
	Sort  (cost=31082.56..31104.33 rows=8708 width=121)
	  Sort Key: c
	  ->  Bitmap Heap Scan on sbtest4  (cost=253.69..30512.70 rows=8708 width=121)
	        Recheck Cond: ((id >= 2377415) AND (id <= 2387414))
	        ->  Bitmap Index Scan on sbtest4_pkey  (cost=0.00..251.51 rows=8708 width=0)
	              Index Cond: ((id >= 2377415) AND (id <= 2387414))

table 5 : explain SELECT c FROM sbtest5 WHERE id BETWEEN 3480333 AND 3490332 ORDER BY c
	Sort  (cost=38030.22..38057.35 rows=10850 width=121)
	  Sort Key: c
	  ->  Bitmap Heap Scan on sbtest5  (cost=315.65..37302.98 rows=10850 width=121)
	        Recheck Cond: ((id >= 3480333) AND (id <= 3490332))
	        ->  Bitmap Index Scan on sbtest5_pkey  (cost=0.00..312.94 rows=10850 width=0)
	              Index Cond: ((id >= 3480333) AND (id <= 3490332))

table 6 : explain SELECT c FROM sbtest6 WHERE id BETWEEN 5057112 AND 5067111 ORDER BY c
	Sort  (cost=32245.75..32268.41 rows=9063 width=121)
	  Sort Key: c
	  ->  Bitmap Heap Scan on sbtest6  (cost=269.33..31650.05 rows=9063 width=121)
	        Recheck Cond: ((id >= 5057112) AND (id <= 5067111))
	        ->  Bitmap Index Scan on sbtest6_pkey  (cost=0.00..267.06 rows=9063 width=0)
	              Index Cond: ((id >= 5057112) AND (id <= 5067111))

table 7 : explain SELECT c FROM sbtest7 WHERE id BETWEEN 9287629 AND 9297628 ORDER BY c
	Sort  (cost=33804.47..33828.37 rows=9561 width=121)
	  Sort Key: c
	  ->  Bitmap Heap Scan on sbtest7  (cost=286.44..33172.35 rows=9561 width=121)
	        Recheck Cond: ((id >= 9287629) AND (id <= 9297628))
	        ->  Bitmap Index Scan on sbtest7_pkey  (cost=0.00..284.05 rows=9561 width=0)
	              Index Cond: ((id >= 9287629) AND (id <= 9297628))

table 8 : explain SELECT c FROM sbtest8 WHERE id BETWEEN 2569415 AND 2579414 ORDER BY c
	Sort  (cost=36682.28..36708.35 rows=10426 width=121)
	  Sort Key: c
	  ->  Bitmap Heap Scan on sbtest8  (cost=311.30..35986.46 rows=10426 width=121)
	        Recheck Cond: ((id >= 2569415) AND (id <= 2579414))
	        ->  Bitmap Index Scan on sbtest8_pkey  (cost=0.00..308.69 rows=10426 width=0)
	              Index Cond: ((id >= 2569415) AND (id <= 2579414))

for point_selects
table 1 : explain SELECT c FROM sbtest1 WHERE id=926950
	Index Scan using sbtest1_pkey on sbtest1  (cost=0.43..8.45 rows=1 width=121)
	  Index Cond: (id = 926950)

table 2 : explain SELECT c FROM sbtest2 WHERE id=3322610
	Index Scan using sbtest2_pkey on sbtest2  (cost=0.43..8.45 rows=1 width=121)
	  Index Cond: (id = 3322610)

table 3 : explain SELECT c FROM sbtest3 WHERE id=1203930
	Index Scan using sbtest3_pkey on sbtest3  (cost=0.43..8.45 rows=1 width=121)
	  Index Cond: (id = 1203930)

table 4 : explain SELECT c FROM sbtest4 WHERE id=5297743
	Index Scan using sbtest4_pkey on sbtest4  (cost=0.43..8.45 rows=1 width=121)
	  Index Cond: (id = 5297743)

table 5 : explain SELECT c FROM sbtest5 WHERE id=7197271
	Index Scan using sbtest5_pkey on sbtest5  (cost=0.43..8.45 rows=1 width=121)
	  Index Cond: (id = 7197271)

table 6 : explain SELECT c FROM sbtest6 WHERE id=6167144
	Index Scan using sbtest6_pkey on sbtest6  (cost=0.43..8.45 rows=1 width=121)
	  Index Cond: (id = 6167144)

table 7 : explain SELECT c FROM sbtest7 WHERE id=5977374
	Index Scan using sbtest7_pkey on sbtest7  (cost=0.43..8.45 rows=1 width=121)
	  Index Cond: (id = 5977374)

table 8 : explain SELECT c FROM sbtest8 WHERE id=9664275
	Index Scan using sbtest8_pkey on sbtest8  (cost=0.43..8.45 rows=1 width=121)
	  Index Cond: (id = 9664275)

for point_selects
table 1 : explain SELECT c FROM sbtest1 WHERE id=1672439
	Index Scan using sbtest1_pkey on sbtest1  (cost=0.43..8.45 rows=1 width=121)
	  Index Cond: (id = 1672439)

table 2 : explain SELECT c FROM sbtest2 WHERE id=5981507
	Index Scan using sbtest2_pkey on sbtest2  (cost=0.43..8.45 rows=1 width=121)
	  Index Cond: (id = 5981507)

table 3 : explain SELECT c FROM sbtest3 WHERE id=2821724
	Index Scan using sbtest3_pkey on sbtest3  (cost=0.43..8.45 rows=1 width=121)
	  Index Cond: (id = 2821724)

table 4 : explain SELECT c FROM sbtest4 WHERE id=9369034
	Index Scan using sbtest4_pkey on sbtest4  (cost=0.43..8.45 rows=1 width=121)
	  Index Cond: (id = 9369034)

table 5 : explain SELECT c FROM sbtest5 WHERE id=2332920
	Index Scan using sbtest5_pkey on sbtest5  (cost=0.43..8.45 rows=1 width=121)
	  Index Cond: (id = 2332920)

table 6 : explain SELECT c FROM sbtest6 WHERE id=8718385
	Index Scan using sbtest6_pkey on sbtest6  (cost=0.43..8.45 rows=1 width=121)
	  Index Cond: (id = 8718385)

table 7 : explain SELECT c FROM sbtest7 WHERE id=1965
	Index Scan using sbtest7_pkey on sbtest7  (cost=0.43..8.45 rows=1 width=121)
	  Index Cond: (id = 1965)

table 8 : explain SELECT c FROM sbtest8 WHERE id=4836661
	Index Scan using sbtest8_pkey on sbtest8  (cost=0.43..8.45 rows=1 width=121)
	  Index Cond: (id = 4836661)

for: sum_ranges
table 1 : explain SELECT SUM(k) FROM sbtest1 WHERE id BETWEEN 3624886 AND 3634885
	Aggregate  (cost=35376.76..35376.77 rows=1 width=8)
	  ->  Bitmap Heap Scan on sbtest1  (cost=297.10..35351.23 rows=10211 width=4)
	        Recheck Cond: ((id >= 3624886) AND (id <= 3634885))
	        ->  Bitmap Index Scan on sbtest1_pkey  (cost=0.00..294.55 rows=10211 width=0)
	              Index Cond: ((id >= 3624886) AND (id <= 3634885))

table 2 : explain SELECT SUM(k) FROM sbtest2 WHERE id BETWEEN 9056728 AND 9066727
	Aggregate  (cost=32180.70..32180.71 rows=1 width=8)
	  ->  Bitmap Heap Scan on sbtest2  (cost=270.94..32157.65 rows=9220 width=4)
	        Recheck Cond: ((id >= 9056728) AND (id <= 9066727))
	        ->  Bitmap Index Scan on sbtest2_pkey  (cost=0.00..268.63 rows=9220 width=0)
	              Index Cond: ((id >= 9056728) AND (id <= 9066727))

table 3 : explain SELECT SUM(k) FROM sbtest3 WHERE id BETWEEN 5163354 AND 5173353
	Aggregate  (cost=33576.54..33576.55 rows=1 width=8)
	  ->  Bitmap Heap Scan on sbtest3  (cost=279.63..33552.34 rows=9678 width=4)
	        Recheck Cond: ((id >= 5163354) AND (id <= 5173353))
	        ->  Bitmap Index Scan on sbtest3_pkey  (cost=0.00..277.21 rows=9678 width=0)
	              Index Cond: ((id >= 5163354) AND (id <= 5173353))

table 4 : explain SELECT SUM(k) FROM sbtest4 WHERE id BETWEEN 9248833 AND 9258832
	Aggregate  (cost=36339.69..36339.70 rows=1 width=8)
	  ->  Bitmap Heap Scan on sbtest4  (cost=308.43..36313.35 rows=10536 width=4)
	        Recheck Cond: ((id >= 9248833) AND (id <= 9258832))
	        ->  Bitmap Index Scan on sbtest4_pkey  (cost=0.00..305.80 rows=10536 width=0)
	              Index Cond: ((id >= 9248833) AND (id <= 9258832))

table 5 : explain SELECT SUM(k) FROM sbtest5 WHERE id BETWEEN 6027630 AND 6037629
	Aggregate  (cost=34591.09..34591.10 rows=1 width=8)
	  ->  Bitmap Heap Scan on sbtest5  (cost=290.70..34566.15 rows=9977 width=4)
	        Recheck Cond: ((id >= 6027630) AND (id <= 6037629))
	        ->  Bitmap Index Scan on sbtest5_pkey  (cost=0.00..288.20 rows=9977 width=0)
	              Index Cond: ((id >= 6027630) AND (id <= 6037629))

table 6 : explain SELECT SUM(k) FROM sbtest6 WHERE id BETWEEN 8471686 AND 8481685
	Aggregate  (cost=35984.82..35984.83 rows=1 width=8)
	  ->  Bitmap Heap Scan on sbtest6  (cost=307.29..35958.75 rows=10425 width=4)
	        Recheck Cond: ((id >= 8471686) AND (id <= 8481685))
	        ->  Bitmap Index Scan on sbtest6_pkey  (cost=0.00..304.69 rows=10425 width=0)
	              Index Cond: ((id >= 8471686) AND (id <= 8481685))

table 7 : explain SELECT SUM(k) FROM sbtest7 WHERE id BETWEEN 6453467 AND 6463466
	Aggregate  (cost=34336.56..34336.57 rows=1 width=8)
	  ->  Bitmap Heap Scan on sbtest7  (cost=294.15..34311.75 rows=9923 width=4)
	        Recheck Cond: ((id >= 6453467) AND (id <= 6463466))
	        ->  Bitmap Index Scan on sbtest7_pkey  (cost=0.00..291.67 rows=9923 width=0)
	              Index Cond: ((id >= 6453467) AND (id <= 6463466))

table 8 : explain SELECT SUM(k) FROM sbtest8 WHERE id BETWEEN 3766266 AND 3776265
	Aggregate  (cost=36128.48..36128.49 rows=1 width=8)
	  ->  Bitmap Heap Scan on sbtest8  (cost=311.68..36102.32 rows=10463 width=4)
	        Recheck Cond: ((id >= 3766266) AND (id <= 3776265))
	        ->  Bitmap Index Scan on sbtest8_pkey  (cost=0.00..309.06 rows=10463 width=0)
	              Index Cond: ((id >= 3766266) AND (id <= 3776265))

for point_selects
table 1 : explain SELECT c FROM sbtest1 WHERE id=3343999
	Index Scan using sbtest1_pkey on sbtest1  (cost=0.43..8.45 rows=1 width=121)
	  Index Cond: (id = 3343999)

table 2 : explain SELECT c FROM sbtest2 WHERE id=9433452
	Index Scan using sbtest2_pkey on sbtest2  (cost=0.43..8.45 rows=1 width=121)
	  Index Cond: (id = 9433452)

table 3 : explain SELECT c FROM sbtest3 WHERE id=3289488
	Index Scan using sbtest3_pkey on sbtest3  (cost=0.43..8.45 rows=1 width=121)
	  Index Cond: (id = 3289488)

table 4 : explain SELECT c FROM sbtest4 WHERE id=4999972
	Index Scan using sbtest4_pkey on sbtest4  (cost=0.43..8.45 rows=1 width=121)
	  Index Cond: (id = 4999972)

table 5 : explain SELECT c FROM sbtest5 WHERE id=9039787
	Index Scan using sbtest5_pkey on sbtest5  (cost=0.43..8.45 rows=1 width=121)
	  Index Cond: (id = 9039787)

table 6 : explain SELECT c FROM sbtest6 WHERE id=7977369
	Index Scan using sbtest6_pkey on sbtest6  (cost=0.43..8.45 rows=1 width=121)
	  Index Cond: (id = 7977369)

table 7 : explain SELECT c FROM sbtest7 WHERE id=1257790
	Index Scan using sbtest7_pkey on sbtest7  (cost=0.43..8.45 rows=1 width=121)
	  Index Cond: (id = 1257790)

table 8 : explain SELECT c FROM sbtest8 WHERE id=8022971
	Index Scan using sbtest8_pkey on sbtest8  (cost=0.43..8.45 rows=1 width=121)
	  Index Cond: (id = 8022971)

for point_selects
table 1 : explain SELECT c FROM sbtest1 WHERE id=6896110
	Index Scan using sbtest1_pkey on sbtest1  (cost=0.43..8.45 rows=1 width=121)
	  Index Cond: (id = 6896110)

table 2 : explain SELECT c FROM sbtest2 WHERE id=6420975
	Index Scan using sbtest2_pkey on sbtest2  (cost=0.43..8.45 rows=1 width=121)
	  Index Cond: (id = 6420975)

table 3 : explain SELECT c FROM sbtest3 WHERE id=9303491
	Index Scan using sbtest3_pkey on sbtest3  (cost=0.43..8.45 rows=1 width=121)
	  Index Cond: (id = 9303491)

table 4 : explain SELECT c FROM sbtest4 WHERE id=8555133
	Index Scan using sbtest4_pkey on sbtest4  (cost=0.43..8.45 rows=1 width=121)
	  Index Cond: (id = 8555133)

table 5 : explain SELECT c FROM sbtest5 WHERE id=5494365
	Index Scan using sbtest5_pkey on sbtest5  (cost=0.43..8.45 rows=1 width=121)
	  Index Cond: (id = 5494365)

table 6 : explain SELECT c FROM sbtest6 WHERE id=8204462
	Index Scan using sbtest6_pkey on sbtest6  (cost=0.43..8.45 rows=1 width=121)
	  Index Cond: (id = 8204462)

table 7 : explain SELECT c FROM sbtest7 WHERE id=1655364
	Index Scan using sbtest7_pkey on sbtest7  (cost=0.43..8.45 rows=1 width=121)
	  Index Cond: (id = 1655364)

table 8 : explain SELECT c FROM sbtest8 WHERE id=560590
	Index Scan using sbtest8_pkey on sbtest8  (cost=0.43..8.45 rows=1 width=121)
	  Index Cond: (id = 560590)

explain: for point_selects :: explain SELECT c FROM sbtest%u WHERE id=%u
for: simple_ranges
table 1 : explain SELECT c FROM sbtest1 WHERE id BETWEEN 5811857 AND 5821856
	Bitmap Heap Scan on sbtest1  (cost=296.76..35247.73 rows=10178 width=121)
	  Recheck Cond: ((id >= 5811857) AND (id <= 5821856))
	  ->  Bitmap Index Scan on sbtest1_pkey  (cost=0.00..294.21 rows=10178 width=0)
	        Index Cond: ((id >= 5811857) AND (id <= 5821856))

table 2 : explain SELECT c FROM sbtest2 WHERE id BETWEEN 6883674 AND 6893673
	Bitmap Heap Scan on sbtest2  (cost=306.76..35806.99 rows=10373 width=121)
	  Recheck Cond: ((id >= 6883674) AND (id <= 6893673))
	  ->  Bitmap Index Scan on sbtest2_pkey  (cost=0.00..304.17 rows=10373 width=0)
	        Index Cond: ((id >= 6883674) AND (id <= 6893673))

table 3 : explain SELECT c FROM sbtest3 WHERE id BETWEEN 4518054 AND 4528053
	Bitmap Heap Scan on sbtest3  (cost=279.37..33471.33 rows=9652 width=121)
	  Recheck Cond: ((id >= 4518054) AND (id <= 4528053))
	  ->  Bitmap Index Scan on sbtest3_pkey  (cost=0.00..276.95 rows=9652 width=0)
	        Index Cond: ((id >= 4518054) AND (id <= 4528053))

table 4 : explain SELECT c FROM sbtest4 WHERE id BETWEEN 6547546 AND 6557545
	Bitmap Heap Scan on sbtest4  (cost=315.38..37209.29 rows=10824 width=121)
	  Recheck Cond: ((id >= 6547546) AND (id <= 6557545))
	  ->  Bitmap Index Scan on sbtest4_pkey  (cost=0.00..312.68 rows=10824 width=0)
	        Index Cond: ((id >= 6547546) AND (id <= 6557545))

table 5 : explain SELECT c FROM sbtest5 WHERE id BETWEEN 5140663 AND 5150662
	Bitmap Heap Scan on sbtest5  (cost=277.12..32843.57 rows=9433 width=121)
	  Recheck Cond: ((id >= 5140663) AND (id <= 5150662))
	  ->  Bitmap Index Scan on sbtest5_pkey  (cost=0.00..274.76 rows=9433 width=0)
	        Index Cond: ((id >= 5140663) AND (id <= 5150662))

table 6 : explain SELECT c FROM sbtest6 WHERE id BETWEEN 8866229 AND 8876228
	Bitmap Heap Scan on sbtest6  (cost=319.93..37372.03 rows=10878 width=121)
	  Recheck Cond: ((id >= 8866229) AND (id <= 8876228))
	  ->  Bitmap Index Scan on sbtest6_pkey  (cost=0.00..317.21 rows=10878 width=0)
	        Index Cond: ((id >= 8866229) AND (id <= 8876228))

table 7 : explain SELECT c FROM sbtest7 WHERE id BETWEEN 4700531 AND 4710530
	Bitmap Heap Scan on sbtest7  (cost=288.18..33706.71 rows=9731 width=121)
	  Recheck Cond: ((id >= 4700531) AND (id <= 4710530))
	  ->  Bitmap Index Scan on sbtest7_pkey  (cost=0.00..285.75 rows=9731 width=0)
	        Index Cond: ((id >= 4700531) AND (id <= 4710530))

table 8 : explain SELECT c FROM sbtest8 WHERE id BETWEEN 2478529 AND 2488528
	Bitmap Heap Scan on sbtest8  (cost=318.78..37044.32 rows=10765 width=121)
	  Recheck Cond: ((id >= 2478529) AND (id <= 2488528))
	  ->  Bitmap Index Scan on sbtest8_pkey  (cost=0.00..316.08 rows=10765 width=0)
	        Index Cond: ((id >= 2478529) AND (id <= 2488528))

for: distinct_ranges
table 1 : explain SELECT DISTINCT c FROM sbtest1 WHERE id BETWEEN 5568229 AND 5578228 ORDER BY c
	Unique  (cost=34652.94..34701.86 rows=9785 width=121)
	  ->  Sort  (cost=34652.94..34677.40 rows=9785 width=121)
	        Sort Key: c
	        ->  Bitmap Heap Scan on sbtest1  (cost=284.73..34004.37 rows=9785 width=121)
	              Recheck Cond: ((id >= 5568229) AND (id <= 5578228))
	              ->  Bitmap Index Scan on sbtest1_pkey  (cost=0.00..282.29 rows=9785 width=0)
	                    Index Cond: ((id >= 5568229) AND (id <= 5578228))

table 2 : explain SELECT DISTINCT c FROM sbtest2 WHERE id BETWEEN 2794530 AND 2804529 ORDER BY c
	Unique  (cost=36736.12..36788.36 rows=10447 width=121)
	  ->  Sort  (cost=36736.12..36762.24 rows=10447 width=121)
	        Sort Key: c
	        ->  Bitmap Heap Scan on sbtest2  (cost=307.52..36038.74 rows=10447 width=121)
	              Recheck Cond: ((id >= 2794530) AND (id <= 2804529))
	              ->  Bitmap Index Scan on sbtest2_pkey  (cost=0.00..304.91 rows=10447 width=0)
	                    Index Cond: ((id >= 2794530) AND (id <= 2804529))

table 3 : explain SELECT DISTINCT c FROM sbtest3 WHERE id BETWEEN 4819976 AND 4829975 ORDER BY c
	Unique  (cost=31267.17..31311.07 rows=8779 width=121)
	  ->  Sort  (cost=31267.17..31289.12 rows=8779 width=121)
	        Sort Key: c
	        ->  Bitmap Heap Scan on sbtest3  (cost=254.42..30692.16 rows=8779 width=121)
	              Recheck Cond: ((id >= 4819976) AND (id <= 4829975))
	              ->  Bitmap Index Scan on sbtest3_pkey  (cost=0.00..252.23 rows=8779 width=0)
	                    Index Cond: ((id >= 4819976) AND (id <= 4829975))

table 4 : explain SELECT DISTINCT c FROM sbtest4 WHERE id BETWEEN 7272186 AND 7282185 ORDER BY c
	Unique  (cost=34253.81..34302.21 rows=9679 width=121)
	  ->  Sort  (cost=34253.81..34278.01 rows=9679 width=121)
	        Sort Key: c
	        ->  Bitmap Heap Scan on sbtest4  (cost=283.64..33613.03 rows=9679 width=121)
	              Recheck Cond: ((id >= 7272186) AND (id <= 7282185))
	              ->  Bitmap Index Scan on sbtest4_pkey  (cost=0.00..281.23 rows=9679 width=0)
	                    Index Cond: ((id >= 7272186) AND (id <= 7282185))

table 5 : explain SELECT DISTINCT c FROM sbtest5 WHERE id BETWEEN 8322753 AND 8332752 ORDER BY c
	Unique  (cost=34957.03..35006.49 rows=9892 width=121)
	  ->  Sort  (cost=34957.03..34981.76 rows=9892 width=121)
	        Sort Key: c
	        ->  Bitmap Heap Scan on sbtest5  (cost=289.83..34300.60 rows=9892 width=121)
	              Recheck Cond: ((id >= 8322753) AND (id <= 8332752))
	              ->  Bitmap Index Scan on sbtest5_pkey  (cost=0.00..287.36 rows=9892 width=0)
	                    Index Cond: ((id >= 8322753) AND (id <= 8332752))

table 6 : explain SELECT DISTINCT c FROM sbtest6 WHERE id BETWEEN 8326390 AND 8336389 ORDER BY c
	Unique  (cost=35514.64..35564.99 rows=10071 width=121)
	  ->  Sort  (cost=35514.64..35539.81 rows=10071 width=121)
	        Sort Key: c
	        ->  Bitmap Heap Scan on sbtest6  (cost=295.66..34845.02 rows=10071 width=121)
	              Recheck Cond: ((id >= 8326390) AND (id <= 8336389))
	              ->  Bitmap Index Scan on sbtest6_pkey  (cost=0.00..293.15 rows=10071 width=0)
	                    Index Cond: ((id >= 8326390) AND (id <= 8336389))

table 7 : explain SELECT DISTINCT c FROM sbtest7 WHERE id BETWEEN 3311515 AND 3321514 ORDER BY c
	Unique  (cost=33980.18..34028.26 rows=9615 width=121)
	  ->  Sort  (cost=33980.18..34004.22 rows=9615 width=121)
	        Sort Key: c
	        ->  Bitmap Heap Scan on sbtest7  (cost=286.99..33344.10 rows=9615 width=121)
	              Recheck Cond: ((id >= 3311515) AND (id <= 3321514))
	              ->  Bitmap Index Scan on sbtest7_pkey  (cost=0.00..284.58 rows=9615 width=0)
	                    Index Cond: ((id >= 3311515) AND (id <= 3321514))

table 8 : explain SELECT DISTINCT c FROM sbtest8 WHERE id BETWEEN 495054 AND 505053 ORDER BY c
	Unique  (cost=33577.10..33624.43 rows=9466 width=121)
	  ->  Sort  (cost=33577.10..33600.77 rows=9466 width=121)
	        Sort Key: c
	        ->  Bitmap Heap Scan on sbtest8  (cost=281.46..32951.94 rows=9466 width=121)
	              Recheck Cond: ((id >= 495054) AND (id <= 505053))
	              ->  Bitmap Index Scan on sbtest8_pkey  (cost=0.00..279.09 rows=9466 width=0)
	                    Index Cond: ((id >= 495054) AND (id <= 505053))

for: order_ranges
table 1 : explain SELECT c FROM sbtest1 WHERE id BETWEEN 9926366 AND 9936365 ORDER BY c
	Sort  (cost=37089.72..37116.06 rows=10539 width=121)
	  Sort Key: c
	  ->  Bitmap Heap Scan on sbtest1  (cost=308.46..36385.53 rows=10539 width=121)
	        Recheck Cond: ((id >= 9926366) AND (id <= 9936365))
	        ->  Bitmap Index Scan on sbtest1_pkey  (cost=0.00..305.82 rows=10539 width=0)
	              Index Cond: ((id >= 9926366) AND (id <= 9936365))

table 2 : explain SELECT c FROM sbtest2 WHERE id BETWEEN 765346 AND 775345 ORDER BY c
	Sort  (cost=33613.46..33637.16 rows=9480 width=121)
	  Sort Key: c
	  ->  Bitmap Heap Scan on sbtest2  (cost=281.61..32987.27 rows=9480 width=121)
	        Recheck Cond: ((id >= 765346) AND (id <= 775345))
	        ->  Bitmap Index Scan on sbtest2_pkey  (cost=0.00..279.24 rows=9480 width=0)
	              Index Cond: ((id >= 765346) AND (id <= 775345))

table 3 : explain SELECT c FROM sbtest3 WHERE id BETWEEN 5431466 AND 5441465 ORDER BY c
	Sort  (cost=33535.14..33558.83 rows=9475 width=121)
	  Sort Key: c
	  ->  Bitmap Heap Scan on sbtest3  (cost=273.55..32909.32 rows=9475 width=121)
	        Recheck Cond: ((id >= 5431466) AND (id <= 5441465))
	        ->  Bitmap Index Scan on sbtest3_pkey  (cost=0.00..271.19 rows=9475 width=0)
	              Index Cond: ((id >= 5431466) AND (id <= 5441465))

table 4 : explain SELECT c FROM sbtest4 WHERE id BETWEEN 9387383 AND 9397382 ORDER BY c
	Sort  (cost=33730.97..33754.77 rows=9518 width=121)
	  Sort Key: c
	  ->  Bitmap Heap Scan on sbtest4  (cost=277.99..33102.00 rows=9518 width=121)
	        Recheck Cond: ((id >= 9387383) AND (id <= 9397382))
	        ->  Bitmap Index Scan on sbtest4_pkey  (cost=0.00..275.62 rows=9518 width=0)
	              Index Cond: ((id >= 9387383) AND (id <= 9397382))

table 5 : explain SELECT c FROM sbtest5 WHERE id BETWEEN 6921324 AND 6931323 ORDER BY c
	Sort  (cost=33919.29..33943.23 rows=9573 width=121)
	  Sort Key: c
	  ->  Bitmap Heap Scan on sbtest5  (cost=278.56..33286.29 rows=9573 width=121)
	        Recheck Cond: ((id >= 6921324) AND (id <= 6931323))
	        ->  Bitmap Index Scan on sbtest5_pkey  (cost=0.00..276.17 rows=9573 width=0)
	              Index Cond: ((id >= 6921324) AND (id <= 6931323))

table 6 : explain SELECT c FROM sbtest6 WHERE id BETWEEN 3552909 AND 3562908 ORDER BY c
	Sort  (cost=34140.96..34165.08 rows=9646 width=121)
	  Sort Key: c
	  ->  Bitmap Heap Scan on sbtest6  (cost=283.31..33502.60 rows=9646 width=121)
	        Recheck Cond: ((id >= 3552909) AND (id <= 3562908))
	        ->  Bitmap Index Scan on sbtest6_pkey  (cost=0.00..280.90 rows=9646 width=0)
	              Index Cond: ((id >= 3552909) AND (id <= 3562908))

table 7 : explain SELECT c FROM sbtest7 WHERE id BETWEEN 7851365 AND 7861364 ORDER BY c
	Sort  (cost=38669.92..38697.62 rows=11081 width=121)
	  Sort Key: c
	  ->  Bitmap Heap Scan on sbtest7  (cost=330.02..37925.51 rows=11081 width=121)
	        Recheck Cond: ((id >= 7851365) AND (id <= 7861364))
	        ->  Bitmap Index Scan on sbtest7_pkey  (cost=0.00..327.25 rows=11081 width=0)
	              Index Cond: ((id >= 7851365) AND (id <= 7861364))

table 8 : explain SELECT c FROM sbtest8 WHERE id BETWEEN 4374322 AND 4384321 ORDER BY c
	Sort  (cost=35203.19..35228.11 rows=9968 width=121)
	  Sort Key: c
	  ->  Bitmap Heap Scan on sbtest8  (cost=294.61..34541.16 rows=9968 width=121)
	        Recheck Cond: ((id >= 4374322) AND (id <= 4384321))
	        ->  Bitmap Index Scan on sbtest8_pkey  (cost=0.00..292.12 rows=9968 width=0)
	              Index Cond: ((id >= 4374322) AND (id <= 4384321))

for: simple_ranges
table 1 : explain SELECT c FROM sbtest1 WHERE id BETWEEN 8056998 AND 8066997
	Bitmap Heap Scan on sbtest1  (cost=295.48..34856.02 rows=10053 width=121)
	  Recheck Cond: ((id >= 8056998) AND (id <= 8066997))
	  ->  Bitmap Index Scan on sbtest1_pkey  (cost=0.00..292.96 rows=10053 width=0)
	        Index Cond: ((id >= 8056998) AND (id <= 8066997))

table 2 : explain SELECT c FROM sbtest2 WHERE id BETWEEN 8056236 AND 8066235
	Bitmap Heap Scan on sbtest2  (cost=325.23..37779.27 rows=11004 width=121)
	  Recheck Cond: ((id >= 8056236) AND (id <= 8066235))
	  ->  Bitmap Index Scan on sbtest2_pkey  (cost=0.00..322.48 rows=11004 width=0)
	        Index Cond: ((id >= 8056236) AND (id <= 8066235))

table 3 : explain SELECT c FROM sbtest3 WHERE id BETWEEN 6788600 AND 6798599
	Bitmap Heap Scan on sbtest3  (cost=286.92..34561.91 rows=9999 width=121)
	  Recheck Cond: ((id >= 6788600) AND (id <= 6798599))
	  ->  Bitmap Index Scan on sbtest3_pkey  (cost=0.00..284.43 rows=9999 width=0)
	        Index Cond: ((id >= 6788600) AND (id <= 6798599))

table 4 : explain SELECT c FROM sbtest4 WHERE id BETWEEN 9840858 AND 9850857
	Bitmap Heap Scan on sbtest4  (cost=289.87..34301.22 rows=9896 width=121)
	  Recheck Cond: ((id >= 9840858) AND (id <= 9850857))
	  ->  Bitmap Index Scan on sbtest4_pkey  (cost=0.00..287.40 rows=9896 width=0)
	        Index Cond: ((id >= 9840858) AND (id <= 9850857))

table 5 : explain SELECT c FROM sbtest5 WHERE id BETWEEN 6315418 AND 6325417
	Bitmap Heap Scan on sbtest5  (cost=296.61..35152.10 rows=10163 width=121)
	  Recheck Cond: ((id >= 6315418) AND (id <= 6325417))
	  ->  Bitmap Index Scan on sbtest5_pkey  (cost=0.00..294.06 rows=10163 width=0)
	        Index Cond: ((id >= 6315418) AND (id <= 6325417))

table 6 : explain SELECT c FROM sbtest6 WHERE id BETWEEN 9097863 AND 9107862
	Bitmap Heap Scan on sbtest6  (cost=313.45..36618.20 rows=10636 width=121)
	  Recheck Cond: ((id >= 9097863) AND (id <= 9107862))
	  ->  Bitmap Index Scan on sbtest6_pkey  (cost=0.00..310.80 rows=10636 width=0)
	        Index Cond: ((id >= 9097863) AND (id <= 9107862))

table 7 : explain SELECT c FROM sbtest7 WHERE id BETWEEN 2261286 AND 2271285
	Bitmap Heap Scan on sbtest7  (cost=299.91..34854.18 rows=10095 width=121)
	  Recheck Cond: ((id >= 2261286) AND (id <= 2271285))
	  ->  Bitmap Index Scan on sbtest7_pkey  (cost=0.00..297.38 rows=10095 width=0)
	        Index Cond: ((id >= 2261286) AND (id <= 2271285))

table 8 : explain SELECT c FROM sbtest8 WHERE id BETWEEN 4005000 AND 4014999
	Bitmap Heap Scan on sbtest8  (cost=305.31..35376.52 rows=10232 width=121)
	  Recheck Cond: ((id >= 4005000) AND (id <= 4014999))
	  ->  Bitmap Index Scan on sbtest8_pkey  (cost=0.00..302.75 rows=10232 width=0)
	        Index Cond: ((id >= 4005000) AND (id <= 4014999))

for point_selects
table 1 : explain SELECT c FROM sbtest1 WHERE id=7905844
	Index Scan using sbtest1_pkey on sbtest1  (cost=0.43..8.45 rows=1 width=121)
	  Index Cond: (id = 7905844)

table 2 : explain SELECT c FROM sbtest2 WHERE id=7898533
	Index Scan using sbtest2_pkey on sbtest2  (cost=0.43..8.45 rows=1 width=121)
	  Index Cond: (id = 7898533)

table 3 : explain SELECT c FROM sbtest3 WHERE id=8190243
	Index Scan using sbtest3_pkey on sbtest3  (cost=0.43..8.45 rows=1 width=121)
	  Index Cond: (id = 8190243)

table 4 : explain SELECT c FROM sbtest4 WHERE id=1572413
	Index Scan using sbtest4_pkey on sbtest4  (cost=0.43..8.45 rows=1 width=121)
	  Index Cond: (id = 1572413)

table 5 : explain SELECT c FROM sbtest5 WHERE id=6740710
	Index Scan using sbtest5_pkey on sbtest5  (cost=0.43..8.45 rows=1 width=121)
	  Index Cond: (id = 6740710)

table 6 : explain SELECT c FROM sbtest6 WHERE id=1548606
	Index Scan using sbtest6_pkey on sbtest6  (cost=0.43..8.45 rows=1 width=121)
	  Index Cond: (id = 1548606)

table 7 : explain SELECT c FROM sbtest7 WHERE id=6670384
	Index Scan using sbtest7_pkey on sbtest7  (cost=0.43..8.45 rows=1 width=121)
	  Index Cond: (id = 6670384)

table 8 : explain SELECT c FROM sbtest8 WHERE id=6994619
	Index Scan using sbtest8_pkey on sbtest8  (cost=0.43..8.45 rows=1 width=121)
	  Index Cond: (id = 6994619)

for: sum_ranges
table 1 : explain SELECT SUM(k) FROM sbtest1 WHERE id BETWEEN 7136483 AND 7146482
	Aggregate  (cost=33298.50..33298.51 rows=1 width=8)
	  ->  Bitmap Heap Scan on sbtest1  (cost=278.37..33274.61 rows=9555 width=4)
	        Recheck Cond: ((id >= 7136483) AND (id <= 7146482))
	        ->  Bitmap Index Scan on sbtest1_pkey  (cost=0.00..275.99 rows=9555 width=0)
	              Index Cond: ((id >= 7136483) AND (id <= 7146482))

table 2 : explain SELECT SUM(k) FROM sbtest2 WHERE id BETWEEN 3805633 AND 3815632
	Aggregate  (cost=34490.49..34490.50 rows=1 width=8)
	  ->  Bitmap Heap Scan on sbtest2  (cost=294.38..34465.63 rows=9946 width=4)
	        Recheck Cond: ((id >= 3805633) AND (id <= 3815632))
	        ->  Bitmap Index Scan on sbtest2_pkey  (cost=0.00..291.90 rows=9946 width=0)
	              Index Cond: ((id >= 3805633) AND (id <= 3815632))

table 3 : explain SELECT SUM(k) FROM sbtest3 WHERE id BETWEEN 2258042 AND 2268041
	Aggregate  (cost=34736.21..34736.22 rows=1 width=8)
	  ->  Bitmap Heap Scan on sbtest3  (cost=291.41..34711.10 rows=10046 width=4)
	        Recheck Cond: ((id >= 2258042) AND (id <= 2268041))
	        ->  Bitmap Index Scan on sbtest3_pkey  (cost=0.00..288.90 rows=10046 width=0)
	              Index Cond: ((id >= 2258042) AND (id <= 2268041))

table 4 : explain SELECT SUM(k) FROM sbtest4 WHERE id BETWEEN 2965490 AND 2975489
	Aggregate  (cost=33965.22..33965.23 rows=1 width=8)
	  ->  Bitmap Heap Scan on sbtest4  (cost=284.71..33940.76 rows=9783 width=4)
	        Recheck Cond: ((id >= 2965490) AND (id <= 2975489))
	        ->  Bitmap Index Scan on sbtest4_pkey  (cost=0.00..282.26 rows=9783 width=0)
	              Index Cond: ((id >= 2965490) AND (id <= 2975489))

table 5 : explain SELECT SUM(k) FROM sbtest5 WHERE id BETWEEN 1364657 AND 1374656
	Aggregate  (cost=34351.29..34351.30 rows=1 width=8)
	  ->  Bitmap Heap Scan on sbtest5  (cost=289.92..34326.53 rows=9901 width=4)
	        Recheck Cond: ((id >= 1364657) AND (id <= 1374656))
	        ->  Bitmap Index Scan on sbtest5_pkey  (cost=0.00..287.44 rows=9901 width=0)
	              Index Cond: ((id >= 1364657) AND (id <= 1374656))

table 6 : explain SELECT SUM(k) FROM sbtest6 WHERE id BETWEEN 5242212 AND 5252211
	Aggregate  (cost=33373.94..33373.95 rows=1 width=8)
	  ->  Bitmap Heap Scan on sbtest6  (cost=282.81..33349.95 rows=9598 width=4)
	        Recheck Cond: ((id >= 5242212) AND (id <= 5252211))
	        ->  Bitmap Index Scan on sbtest6_pkey  (cost=0.00..280.42 rows=9598 width=0)
	              Index Cond: ((id >= 5242212) AND (id <= 5252211))

table 7 : explain SELECT SUM(k) FROM sbtest7 WHERE id BETWEEN 3606064 AND 3616063
	Aggregate  (cost=33964.81..33964.82 rows=1 width=8)
	  ->  Bitmap Heap Scan on sbtest7  (cost=292.93..33940.30 rows=9804 width=4)
	        Recheck Cond: ((id >= 3606064) AND (id <= 3616063))
	        ->  Bitmap Index Scan on sbtest7_pkey  (cost=0.00..290.48 rows=9804 width=0)
	              Index Cond: ((id >= 3606064) AND (id <= 3616063))

table 8 : explain SELECT SUM(k) FROM sbtest8 WHERE id BETWEEN 763305 AND 773304
	Aggregate  (cost=32678.82..32678.83 rows=1 width=8)
	  ->  Bitmap Heap Scan on sbtest8  (cost=280.50..32655.39 rows=9372 width=4)
	        Recheck Cond: ((id >= 763305) AND (id <= 773304))
	        ->  Bitmap Index Scan on sbtest8_pkey  (cost=0.00..278.16 rows=9372 width=0)
	              Index Cond: ((id >= 763305) AND (id <= 773304))

for: simple_ranges
table 1 : explain SELECT c FROM sbtest1 WHERE id BETWEEN 1281909 AND 1291908
	Bitmap Heap Scan on sbtest1  (cost=284.71..33997.87 rows=9783 width=121)
	  Recheck Cond: ((id >= 1281909) AND (id <= 1291908))
	  ->  Bitmap Index Scan on sbtest1_pkey  (cost=0.00..282.26 rows=9783 width=0)
	        Index Cond: ((id >= 1281909) AND (id <= 1291908))

table 2 : explain SELECT c FROM sbtest2 WHERE id BETWEEN 8067268 AND 8077267
	Bitmap Heap Scan on sbtest2  (cost=325.23..37779.27 rows=11004 width=121)
	  Recheck Cond: ((id >= 8067268) AND (id <= 8077267))
	  ->  Bitmap Index Scan on sbtest2_pkey  (cost=0.00..322.48 rows=11004 width=0)
	        Index Cond: ((id >= 8067268) AND (id <= 8077267))

table 3 : explain SELECT c FROM sbtest3 WHERE id BETWEEN 6111396 AND 6121395
	Bitmap Heap Scan on sbtest3  (cost=324.34..38636.31 rows=11308 width=121)
	  Recheck Cond: ((id >= 6111396) AND (id <= 6121395))
	  ->  Bitmap Index Scan on sbtest3_pkey  (cost=0.00..321.51 rows=11308 width=0)
	        Index Cond: ((id >= 6111396) AND (id <= 6121395))

table 4 : explain SELECT c FROM sbtest4 WHERE id BETWEEN 4498168 AND 4508167
	Bitmap Heap Scan on sbtest4  (cost=277.66..32997.87 rows=9485 width=121)
	  Recheck Cond: ((id >= 4498168) AND (id <= 4508167))
	  ->  Bitmap Index Scan on sbtest4_pkey  (cost=0.00..275.29 rows=9485 width=0)
	        Index Cond: ((id >= 4498168) AND (id <= 4508167))

table 5 : explain SELECT c FROM sbtest5 WHERE id BETWEEN 5636881 AND 5646880
	Bitmap Heap Scan on sbtest5  (cost=271.54..32353.65 rows=9279 width=121)
	  Recheck Cond: ((id >= 5636881) AND (id <= 5646880))
	  ->  Bitmap Index Scan on sbtest5_pkey  (cost=0.00..269.23 rows=9279 width=0)
	        Index Cond: ((id >= 5636881) AND (id <= 5646880))

table 6 : explain SELECT c FROM sbtest6 WHERE id BETWEEN 9143128 AND 9153127
	Bitmap Heap Scan on sbtest6  (cost=307.50..36019.88 rows=10445 width=121)
	  Recheck Cond: ((id >= 9143128) AND (id <= 9153127))
	  ->  Bitmap Index Scan on sbtest6_pkey  (cost=0.00..304.88 rows=10445 width=0)
	        Index Cond: ((id >= 9143128) AND (id <= 9153127))

table 7 : explain SELECT c FROM sbtest7 WHERE id BETWEEN 2089923 AND 2099922
	Bitmap Heap Scan on sbtest7  (cost=280.82..32671.82 rows=9403 width=121)
	  Recheck Cond: ((id >= 2089923) AND (id <= 2099922))
	  ->  Bitmap Index Scan on sbtest7_pkey  (cost=0.00..278.46 rows=9403 width=0)
	        Index Cond: ((id >= 2089923) AND (id <= 2099922))

table 8 : explain SELECT c FROM sbtest8 WHERE id BETWEEN 5897705 AND 5907704
	Bitmap Heap Scan on sbtest8  (cost=311.51..36047.63 rows=10446 width=121)
	  Recheck Cond: ((id >= 5897705) AND (id <= 5907704))
	  ->  Bitmap Index Scan on sbtest8_pkey  (cost=0.00..308.90 rows=10446 width=0)
	        Index Cond: ((id >= 5897705) AND (id <= 5907704))

explain: for point_selects :: explain SELECT c FROM sbtest%u WHERE id=%u
for: order_ranges
table 1 : explain SELECT c FROM sbtest1 WHERE id BETWEEN 3842278 AND 3852277 ORDER BY c
	Sort  (cost=34476.58..34500.91 rows=9730 width=121)
	  Sort Key: c
	  ->  Bitmap Heap Scan on sbtest1  (cost=284.17..33832.05 rows=9730 width=121)
	        Recheck Cond: ((id >= 3842278) AND (id <= 3852277))
	        ->  Bitmap Index Scan on sbtest1_pkey  (cost=0.00..281.74 rows=9730 width=0)
	              Index Cond: ((id >= 3842278) AND (id <= 3852277))

table 2 : explain SELECT c FROM sbtest2 WHERE id BETWEEN 5164668 AND 5174667 ORDER BY c
	Sort  (cost=37911.04..37938.07 rows=10814 width=121)
	  Sort Key: c
	  ->  Bitmap Heap Scan on sbtest2  (cost=319.28..37186.47 rows=10814 width=121)
	        Recheck Cond: ((id >= 5164668) AND (id <= 5174667))
	        ->  Bitmap Index Scan on sbtest2_pkey  (cost=0.00..316.57 rows=10814 width=0)
	              Index Cond: ((id >= 5164668) AND (id <= 5174667))

table 3 : explain SELECT c FROM sbtest3 WHERE id BETWEEN 9095408 AND 9105407 ORDER BY c
	Sort  (cost=36608.19..36634.27 rows=10430 width=121)
	  Sort Key: c
	  ->  Bitmap Heap Scan on sbtest3  (cost=299.34..35912.07 rows=10430 width=121)
	        Recheck Cond: ((id >= 9095408) AND (id <= 9105407))
	        ->  Bitmap Index Scan on sbtest3_pkey  (cost=0.00..296.74 rows=10430 width=0)
	              Index Cond: ((id >= 9095408) AND (id <= 9105407))

table 4 : explain SELECT c FROM sbtest4 WHERE id BETWEEN 769379 AND 779378 ORDER BY c
	Sort  (cost=36598.45..36624.47 rows=10406 width=121)
	  Sort Key: c
	  ->  Bitmap Heap Scan on sbtest4  (cost=303.10..35904.11 rows=10406 width=121)
	        Recheck Cond: ((id >= 769379) AND (id <= 779378))
	        ->  Bitmap Index Scan on sbtest4_pkey  (cost=0.00..300.50 rows=10406 width=0)
	              Index Cond: ((id >= 769379) AND (id <= 779378))

table 5 : explain SELECT c FROM sbtest5 WHERE id BETWEEN 4554645 AND 4564644 ORDER BY c
	Sort  (cost=41006.88..41036.35 rows=11788 width=121)
	  Sort Key: c
	  ->  Bitmap Heap Scan on sbtest5  (cost=345.26..40209.71 rows=11788 width=121)
	        Recheck Cond: ((id >= 4554645) AND (id <= 4564644))
	        ->  Bitmap Index Scan on sbtest5_pkey  (cost=0.00..342.31 rows=11788 width=0)
	              Index Cond: ((id >= 4554645) AND (id <= 4564644))

table 6 : explain SELECT c FROM sbtest6 WHERE id BETWEEN 4318539 AND 4328538 ORDER BY c
	Sort  (cost=32880.75..32903.90 rows=9259 width=121)
	  Sort Key: c
	  ->  Bitmap Heap Scan on sbtest6  (cost=271.34..32270.74 rows=9259 width=121)
	        Recheck Cond: ((id >= 4318539) AND (id <= 4328538))
	        ->  Bitmap Index Scan on sbtest6_pkey  (cost=0.00..269.03 rows=9259 width=0)
	              Index Cond: ((id >= 4318539) AND (id <= 4328538))

table 7 : explain SELECT c FROM sbtest7 WHERE id BETWEEN 6901213 AND 6911212 ORDER BY c
	Sort  (cost=35284.82..35309.87 rows=10020 width=121)
	  Sort Key: c
	  ->  Bitmap Heap Scan on sbtest7  (cost=299.14..34618.96 rows=10020 width=121)
	        Recheck Cond: ((id >= 6901213) AND (id <= 6911212))
	        ->  Bitmap Index Scan on sbtest7_pkey  (cost=0.00..296.63 rows=10020 width=0)
	              Index Cond: ((id >= 6901213) AND (id <= 6911212))

table 8 : explain SELECT c FROM sbtest8 WHERE id BETWEEN 5366285 AND 5376284 ORDER BY c
	Sort  (cost=34213.53..34237.68 rows=9662 width=121)
	  Sort Key: c
	  ->  Bitmap Heap Scan on sbtest8  (cost=287.47..33574.00 rows=9662 width=121)
	        Recheck Cond: ((id >= 5366285) AND (id <= 5376284))
	        ->  Bitmap Index Scan on sbtest8_pkey  (cost=0.00..285.06 rows=9662 width=0)
	              Index Cond: ((id >= 5366285) AND (id <= 5376284))

explain: for point_selects :: explain SELECT c FROM sbtest%u WHERE id=%u
explain: for point_selects :: explain SELECT c FROM sbtest%u WHERE id=%u
for point_selects
table 1 : explain SELECT c FROM sbtest1 WHERE id=2492953
	Index Scan using sbtest1_pkey on sbtest1  (cost=0.43..8.45 rows=1 width=121)
	  Index Cond: (id = 2492953)

table 2 : explain SELECT c FROM sbtest2 WHERE id=1011380
	Index Scan using sbtest2_pkey on sbtest2  (cost=0.43..8.45 rows=1 width=121)
	  Index Cond: (id = 1011380)

table 3 : explain SELECT c FROM sbtest3 WHERE id=8996667
	Index Scan using sbtest3_pkey on sbtest3  (cost=0.43..8.45 rows=1 width=121)
	  Index Cond: (id = 8996667)

table 4 : explain SELECT c FROM sbtest4 WHERE id=6050630
	Index Scan using sbtest4_pkey on sbtest4  (cost=0.43..8.45 rows=1 width=121)
	  Index Cond: (id = 6050630)

table 5 : explain SELECT c FROM sbtest5 WHERE id=9036683
	Index Scan using sbtest5_pkey on sbtest5  (cost=0.43..8.45 rows=1 width=121)
	  Index Cond: (id = 9036683)

table 6 : explain SELECT c FROM sbtest6 WHERE id=8123455
	Index Scan using sbtest6_pkey on sbtest6  (cost=0.43..8.45 rows=1 width=121)
	  Index Cond: (id = 8123455)

table 7 : explain SELECT c FROM sbtest7 WHERE id=8219130
	Index Scan using sbtest7_pkey on sbtest7  (cost=0.43..8.45 rows=1 width=121)
	  Index Cond: (id = 8219130)

table 8 : explain SELECT c FROM sbtest8 WHERE id=3051736
	Index Scan using sbtest8_pkey on sbtest8  (cost=0.43..8.45 rows=1 width=121)
	  Index Cond: (id = 3051736)

for: simple_ranges
table 1 : explain SELECT c FROM sbtest1 WHERE id BETWEEN 8589294 AND 8599293
	Bitmap Heap Scan on sbtest1  (cost=283.12..33509.89 rows=9628 width=121)
	  Recheck Cond: ((id >= 8589294) AND (id <= 8599293))
	  ->  Bitmap Index Scan on sbtest1_pkey  (cost=0.00..280.71 rows=9628 width=0)
	        Index Cond: ((id >= 8589294) AND (id <= 8599293))

table 2 : explain SELECT c FROM sbtest2 WHERE id BETWEEN 6536377 AND 6546376
	Bitmap Heap Scan on sbtest2  (cost=281.31..32896.11 rows=9451 width=121)
	  Recheck Cond: ((id >= 6536377) AND (id <= 6546376))
	  ->  Bitmap Index Scan on sbtest2_pkey  (cost=0.00..278.94 rows=9451 width=0)
	        Index Cond: ((id >= 6536377) AND (id <= 6546376))

table 3 : explain SELECT c FROM sbtest3 WHERE id BETWEEN 1906391 AND 1916390
	Bitmap Heap Scan on sbtest3  (cost=299.34..35912.07 rows=10430 width=121)
	  Recheck Cond: ((id >= 1906391) AND (id <= 1916390))
	  ->  Bitmap Index Scan on sbtest3_pkey  (cost=0.00..296.74 rows=10430 width=0)
	        Index Cond: ((id >= 1906391) AND (id <= 1916390))

table 4 : explain SELECT c FROM sbtest4 WHERE id BETWEEN 3170449 AND 3180448
	Bitmap Heap Scan on sbtest4  (cost=289.34..34136.02 rows=9844 width=121)
	  Recheck Cond: ((id >= 3170449) AND (id <= 3180448))
	  ->  Bitmap Index Scan on sbtest4_pkey  (cost=0.00..286.88 rows=9844 width=0)
	        Index Cond: ((id >= 3170449) AND (id <= 3180448))

table 5 : explain SELECT c FROM sbtest5 WHERE id BETWEEN 3355647 AND 3365646
	Bitmap Heap Scan on sbtest5  (cost=283.97..33725.76 rows=9711 width=121)
	  Recheck Cond: ((id >= 3355647) AND (id <= 3365646))
	  ->  Bitmap Index Scan on sbtest5_pkey  (cost=0.00..281.55 rows=9711 width=0)
	        Index Cond: ((id >= 3355647) AND (id <= 3365646))

table 6 : explain SELECT c FROM sbtest6 WHERE id BETWEEN 9387374 AND 9397373
	Bitmap Heap Scan on sbtest6  (cost=276.14..32522.59 rows=9337 width=121)
	  Recheck Cond: ((id >= 9387374) AND (id <= 9397373))
	  ->  Bitmap Index Scan on sbtest6_pkey  (cost=0.00..273.81 rows=9337 width=0)
	        Index Cond: ((id >= 9387374) AND (id <= 9397373))

table 7 : explain SELECT c FROM sbtest7 WHERE id BETWEEN 9329711 AND 9339710
	Bitmap Heap Scan on sbtest7  (cost=311.80..36044.70 rows=10475 width=121)
	  Recheck Cond: ((id >= 9329711) AND (id <= 9339710))
	  ->  Bitmap Index Scan on sbtest7_pkey  (cost=0.00..309.19 rows=10475 width=0)
	        Index Cond: ((id >= 9329711) AND (id <= 9339710))

table 8 : explain SELECT c FROM sbtest8 WHERE id BETWEEN 440855 AND 450854
	Bitmap Heap Scan on sbtest8  (cost=317.26..36585.37 rows=10617 width=121)
	  Recheck Cond: ((id >= 440855) AND (id <= 450854))
	  ->  Bitmap Index Scan on sbtest8_pkey  (cost=0.00..314.61 rows=10617 width=0)
	        Index Cond: ((id >= 440855) AND (id <= 450854))

for: simple_ranges
table 1 : explain SELECT c FROM sbtest1 WHERE id BETWEEN 2335511 AND 2345510
	Bitmap Heap Scan on sbtest1  (cost=327.12..38416.06 rows=11189 width=121)
	  Recheck Cond: ((id >= 2335511) AND (id <= 2345510))
	  ->  Bitmap Index Scan on sbtest1_pkey  (cost=0.00..324.32 rows=11189 width=0)
	        Index Cond: ((id >= 2335511) AND (id <= 2345510))

table 2 : explain SELECT c FROM sbtest2 WHERE id BETWEEN 998628 AND 1008627
	Bitmap Heap Scan on sbtest2  (cost=281.33..32902.62 rows=9453 width=121)
	  Recheck Cond: ((id >= 998628) AND (id <= 1008627))
	  ->  Bitmap Index Scan on sbtest2_pkey  (cost=0.00..278.96 rows=9453 width=0)
	        Index Cond: ((id >= 998628) AND (id <= 1008627))

table 3 : explain SELECT c FROM sbtest3 WHERE id BETWEEN 5184012 AND 5194011
	Bitmap Heap Scan on sbtest3  (cost=279.63..33552.34 rows=9678 width=121)
	  Recheck Cond: ((id >= 5184012) AND (id <= 5194011))
	  ->  Bitmap Index Scan on sbtest3_pkey  (cost=0.00..277.21 rows=9678 width=0)
	        Index Cond: ((id >= 5184012) AND (id <= 5194011))

table 4 : explain SELECT c FROM sbtest4 WHERE id BETWEEN 4184110 AND 4194109
	Bitmap Heap Scan on sbtest4  (cost=278.78..33345.88 rows=9595 width=121)
	  Recheck Cond: ((id >= 4184110) AND (id <= 4194109))
	  ->  Bitmap Index Scan on sbtest4_pkey  (cost=0.00..276.38 rows=9595 width=0)
	        Index Cond: ((id >= 4184110) AND (id <= 4194109))

table 5 : explain SELECT c FROM sbtest5 WHERE id BETWEEN 7435073 AND 7445072
	Bitmap Heap Scan on sbtest5  (cost=313.72..36719.32 rows=10662 width=121)
	  Recheck Cond: ((id >= 7435073) AND (id <= 7445072))
	  ->  Bitmap Index Scan on sbtest5_pkey  (cost=0.00..311.06 rows=10662 width=0)
	        Index Cond: ((id >= 7435073) AND (id <= 7445072))

table 6 : explain SELECT c FROM sbtest6 WHERE id BETWEEN 1583959 AND 1593958
	Bitmap Heap Scan on sbtest6  (cost=294.19..34395.57 rows=9927 width=121)
	  Recheck Cond: ((id >= 1583959) AND (id <= 1593958))
	  ->  Bitmap Index Scan on sbtest6_pkey  (cost=0.00..291.70 rows=9927 width=0)
	        Index Cond: ((id >= 1583959) AND (id <= 1593958))

table 7 : explain SELECT c FROM sbtest7 WHERE id BETWEEN 8651775 AND 8661774
	Bitmap Heap Scan on sbtest7  (cost=312.45..36237.01 rows=10538 width=121)
	  Recheck Cond: ((id >= 8651775) AND (id <= 8661774))
	  ->  Bitmap Index Scan on sbtest7_pkey  (cost=0.00..309.81 rows=10538 width=0)
	        Index Cond: ((id >= 8651775) AND (id <= 8661774))

table 8 : explain SELECT c FROM sbtest8 WHERE id BETWEEN 2501480 AND 2511479
	Bitmap Heap Scan on sbtest8  (cost=311.30..35986.46 rows=10426 width=121)
	  Recheck Cond: ((id >= 2501480) AND (id <= 2511479))
	  ->  Bitmap Index Scan on sbtest8_pkey  (cost=0.00..308.69 rows=10426 width=0)
	        Index Cond: ((id >= 2501480) AND (id <= 2511479))

for point_selects
table 1 : explain SELECT c FROM sbtest1 WHERE id=3168180
	Index Scan using sbtest1_pkey on sbtest1  (cost=0.43..8.45 rows=1 width=121)
	  Index Cond: (id = 3168180)

table 2 : explain SELECT c FROM sbtest2 WHERE id=6430542
	Index Scan using sbtest2_pkey on sbtest2  (cost=0.43..8.45 rows=1 width=121)
	  Index Cond: (id = 6430542)

table 3 : explain SELECT c FROM sbtest3 WHERE id=3257378
	Index Scan using sbtest3_pkey on sbtest3  (cost=0.43..8.45 rows=1 width=121)
	  Index Cond: (id = 3257378)

table 4 : explain SELECT c FROM sbtest4 WHERE id=7362435
	Index Scan using sbtest4_pkey on sbtest4  (cost=0.43..8.45 rows=1 width=121)
	  Index Cond: (id = 7362435)

table 5 : explain SELECT c FROM sbtest5 WHERE id=6853231
	Index Scan using sbtest5_pkey on sbtest5  (cost=0.43..8.45 rows=1 width=121)
	  Index Cond: (id = 6853231)

table 6 : explain SELECT c FROM sbtest6 WHERE id=5074223
	Index Scan using sbtest6_pkey on sbtest6  (cost=0.43..8.45 rows=1 width=121)
	  Index Cond: (id = 5074223)

table 7 : explain SELECT c FROM sbtest7 WHERE id=8259986
	Index Scan using sbtest7_pkey on sbtest7  (cost=0.43..8.45 rows=1 width=121)
	  Index Cond: (id = 8259986)

table 8 : explain SELECT c FROM sbtest8 WHERE id=4043527
	Index Scan using sbtest8_pkey on sbtest8  (cost=0.43..8.45 rows=1 width=121)
	  Index Cond: (id = 4043527)

for: simple_ranges
table 1 : explain SELECT c FROM sbtest1 WHERE id BETWEEN 6591722 AND 6601721
	Bitmap Heap Scan on sbtest1  (cost=259.36..31086.27 rows=8871 width=121)
	  Recheck Cond: ((id >= 6591722) AND (id <= 6601721))
	  ->  Bitmap Index Scan on sbtest1_pkey  (cost=0.00..257.15 rows=8871 width=0)
	        Index Cond: ((id >= 6591722) AND (id <= 6601721))

table 2 : explain SELECT c FROM sbtest2 WHERE id BETWEEN 978572 AND 988571
	Bitmap Heap Scan on sbtest2  (cost=281.33..32902.62 rows=9453 width=121)
	  Recheck Cond: ((id >= 978572) AND (id <= 988571))
	  ->  Bitmap Index Scan on sbtest2_pkey  (cost=0.00..278.96 rows=9453 width=0)
	        Index Cond: ((id >= 978572) AND (id <= 988571))

table 3 : explain SELECT c FROM sbtest3 WHERE id BETWEEN 3578499 AND 3588498
	Bitmap Heap Scan on sbtest3  (cost=274.14..33087.90 rows=9532 width=121)
	  Recheck Cond: ((id >= 3578499) AND (id <= 3588498))
	  ->  Bitmap Index Scan on sbtest3_pkey  (cost=0.00..271.75 rows=9532 width=0)
	        Index Cond: ((id >= 3578499) AND (id <= 3588498))

table 4 : explain SELECT c FROM sbtest4 WHERE id BETWEEN 2072025 AND 2082024
	Bitmap Heap Scan on sbtest4  (cost=295.82..34900.41 rows=10086 width=121)
	  Recheck Cond: ((id >= 2072025) AND (id <= 2082024))
	  ->  Bitmap Index Scan on sbtest4_pkey  (cost=0.00..293.30 rows=10086 width=0)
	        Index Cond: ((id >= 2072025) AND (id <= 2082024))

table 5 : explain SELECT c FROM sbtest5 WHERE id BETWEEN 4132965 AND 4142964
	Bitmap Heap Scan on sbtest5  (cost=283.84..33683.55 rows=9698 width=121)
	  Recheck Cond: ((id >= 4132965) AND (id <= 4142964))
	  ->  Bitmap Index Scan on sbtest5_pkey  (cost=0.00..281.42 rows=9698 width=0)
	        Index Cond: ((id >= 4132965) AND (id <= 4142964))

table 6 : explain SELECT c FROM sbtest6 WHERE id BETWEEN 8934096 AND 8944095
	Bitmap Heap Scan on sbtest6  (cost=301.52..35413.76 rows=10252 width=121)
	  Recheck Cond: ((id >= 8934096) AND (id <= 8944095))
	  ->  Bitmap Index Scan on sbtest6_pkey  (cost=0.00..298.95 rows=10252 width=0)
	        Index Cond: ((id >= 8934096) AND (id <= 8944095))

table 7 : explain SELECT c FROM sbtest7 WHERE id BETWEEN 4796273 AND 4806272
	Bitmap Heap Scan on sbtest7  (cost=298.63..34464.16 rows=9970 width=121)
	  Recheck Cond: ((id >= 4796273) AND (id <= 4806272))
	  ->  Bitmap Index Scan on sbtest7_pkey  (cost=0.00..296.13 rows=9970 width=0)
	        Index Cond: ((id >= 4796273) AND (id <= 4806272))

table 8 : explain SELECT c FROM sbtest8 WHERE id BETWEEN 3206571 AND 3216570
	Bitmap Heap Scan on sbtest8  (cost=305.10..35311.97 rows=10211 width=121)
	  Recheck Cond: ((id >= 3206571) AND (id <= 3216570))
	  ->  Bitmap Index Scan on sbtest8_pkey  (cost=0.00..302.55 rows=10211 width=0)
	        Index Cond: ((id >= 3206571) AND (id <= 3216570))

for: distinct_ranges
table 1 : explain SELECT DISTINCT c FROM sbtest1 WHERE id BETWEEN 6490232 AND 6500231 ORDER BY c
	Unique  (cost=33976.35..34024.23 rows=9577 width=121)
	  ->  Sort  (cost=33976.35..34000.29 rows=9577 width=121)
	        Sort Key: c
	        ->  Bitmap Heap Scan on sbtest1  (cost=278.60..33343.05 rows=9577 width=121)
	              Recheck Cond: ((id >= 6490232) AND (id <= 6500231))
	              ->  Bitmap Index Scan on sbtest1_pkey  (cost=0.00..276.20 rows=9577 width=0)
	                    Index Cond: ((id >= 6490232) AND (id <= 6500231))

table 2 : explain SELECT DISTINCT c FROM sbtest2 WHERE id BETWEEN 1356002 AND 1366001 ORDER BY c
	Unique  (cost=32149.45..32194.61 rows=9031 width=121)
	  ->  Sort  (cost=32149.45..32172.03 rows=9031 width=121)
	        Sort Key: c
	        ->  Bitmap Heap Scan on sbtest2  (cost=269.00..31556.08 rows=9031 width=121)
	              Recheck Cond: ((id >= 1356002) AND (id <= 1366001))
	              ->  Bitmap Index Scan on sbtest2_pkey  (cost=0.00..266.75 rows=9031 width=0)
	                    Index Cond: ((id >= 1356002) AND (id <= 1366001))

table 3 : explain SELECT DISTINCT c FROM sbtest3 WHERE id BETWEEN 9448788 AND 9458787 ORDER BY c
	Unique  (cost=32441.55..32487.24 rows=9139 width=121)
	  ->  Sort  (cost=32441.55..32464.39 rows=9139 width=121)
	        Sort Key: c
	        ->  Bitmap Heap Scan on sbtest3  (cost=262.11..31840.30 rows=9139 width=121)
	              Recheck Cond: ((id >= 9448788) AND (id <= 9458787))
	              ->  Bitmap Index Scan on sbtest3_pkey  (cost=0.00..259.82 rows=9139 width=0)
	                    Index Cond: ((id >= 9448788) AND (id <= 9458787))

table 4 : explain SELECT DISTINCT c FROM sbtest4 WHERE id BETWEEN 8920808 AND 8930807 ORDER BY c
	Unique  (cost=36796.09..36848.43 rows=10468 width=121)
	  ->  Sort  (cost=36796.09..36822.26 rows=10468 width=121)
	        Sort Key: c
	        ->  Bitmap Heap Scan on sbtest4  (cost=303.73..36097.16 rows=10468 width=121)
	              Recheck Cond: ((id >= 8920808) AND (id <= 8930807))
	              ->  Bitmap Index Scan on sbtest4_pkey  (cost=0.00..301.12 rows=10468 width=0)
	                    Index Cond: ((id >= 8920808) AND (id <= 8930807))

table 5 : explain SELECT DISTINCT c FROM sbtest5 WHERE id BETWEEN 446842 AND 456841 ORDER BY c
	Unique  (cost=37488.44..37541.83 rows=10679 width=121)
	  ->  Sort  (cost=37488.44..37515.13 rows=10679 width=121)
	        Sort Key: c
	        ->  Bitmap Heap Scan on sbtest5  (cost=313.89..36773.88 rows=10679 width=121)
	              Recheck Cond: ((id >= 446842) AND (id <= 456841))
	              ->  Bitmap Index Scan on sbtest5_pkey  (cost=0.00..311.23 rows=10679 width=0)
	                    Index Cond: ((id >= 446842) AND (id <= 456841))

table 6 : explain SELECT DISTINCT c FROM sbtest6 WHERE id BETWEEN 9559168 AND 9569167 ORDER BY c
	Unique  (cost=37135.66..37188.53 rows=10575 width=121)
	  ->  Sort  (cost=37135.66..37162.09 rows=10575 width=121)
	        Sort Key: c
	        ->  Bitmap Heap Scan on sbtest6  (cost=312.83..36428.80 rows=10575 width=121)
	              Recheck Cond: ((id >= 9559168) AND (id <= 9569167))
	              ->  Bitmap Index Scan on sbtest6_pkey  (cost=0.00..310.19 rows=10575 width=0)
	                    Index Cond: ((id >= 9559168) AND (id <= 9569167))

table 7 : explain SELECT DISTINCT c FROM sbtest7 WHERE id BETWEEN 6920534 AND 6930533 ORDER BY c
	Unique  (cost=35284.82..35334.92 rows=10020 width=121)
	  ->  Sort  (cost=35284.82..35309.87 rows=10020 width=121)
	        Sort Key: c
	        ->  Bitmap Heap Scan on sbtest7  (cost=299.14..34618.96 rows=10020 width=121)
	              Recheck Cond: ((id >= 6920534) AND (id <= 6930533))
	              ->  Bitmap Index Scan on sbtest7_pkey  (cost=0.00..296.63 rows=10020 width=0)
	                    Index Cond: ((id >= 6920534) AND (id <= 6930533))

table 8 : explain SELECT DISTINCT c FROM sbtest8 WHERE id BETWEEN 3111855 AND 3121854 ORDER BY c
	Unique  (cost=35213.12..35262.97 rows=9971 width=121)
	  ->  Sort  (cost=35213.12..35238.05 rows=9971 width=121)
	        Sort Key: c
	        ->  Bitmap Heap Scan on sbtest8  (cost=294.64..34550.87 rows=9971 width=121)
	              Recheck Cond: ((id >= 3111855) AND (id <= 3121854))
	              ->  Bitmap Index Scan on sbtest8_pkey  (cost=0.00..292.15 rows=9971 width=0)
	                    Index Cond: ((id >= 3111855) AND (id <= 3121854))

for: distinct_ranges
table 1 : explain SELECT DISTINCT c FROM sbtest1 WHERE id BETWEEN 646273 AND 656272 ORDER BY c
	Unique  (cost=35331.24..35381.21 rows=9994 width=121)
	  ->  Sort  (cost=35331.24..35356.22 rows=9994 width=121)
	        Sort Key: c
	        ->  Bitmap Heap Scan on sbtest1  (cost=290.87..34667.29 rows=9994 width=121)
	              Recheck Cond: ((id >= 646273) AND (id <= 656272))
	              ->  Bitmap Index Scan on sbtest1_pkey  (cost=0.00..288.38 rows=9994 width=0)
	                    Index Cond: ((id >= 646273) AND (id <= 656272))

table 2 : explain SELECT DISTINCT c FROM sbtest2 WHERE id BETWEEN 4714793 AND 4724792 ORDER BY c
	Unique  (cost=33249.44..33296.28 rows=9368 width=121)
	  ->  Sort  (cost=33249.44..33272.86 rows=9368 width=121)
	        Sort Key: c
	        ->  Bitmap Heap Scan on sbtest2  (cost=276.46..32631.46 rows=9368 width=121)
	              Recheck Cond: ((id >= 4714793) AND (id <= 4724792))
	              ->  Bitmap Index Scan on sbtest2_pkey  (cost=0.00..274.12 rows=9368 width=0)
	                    Index Cond: ((id >= 4714793) AND (id <= 4724792))

table 3 : explain SELECT DISTINCT c FROM sbtest3 WHERE id BETWEEN 3712065 AND 3722064 ORDER BY c
	Unique  (cost=36249.68..36301.26 rows=10317 width=121)
	  ->  Sort  (cost=36249.68..36275.47 rows=10317 width=121)
	        Sort Key: c
	        ->  Bitmap Heap Scan on sbtest3  (cost=298.18..35561.91 rows=10317 width=121)
	              Recheck Cond: ((id >= 3712065) AND (id <= 3722064))
	              ->  Bitmap Index Scan on sbtest3_pkey  (cost=0.00..295.61 rows=10317 width=0)
	                    Index Cond: ((id >= 3712065) AND (id <= 3722064))

table 4 : explain SELECT DISTINCT c FROM sbtest4 WHERE id BETWEEN 9573216 AND 9583215 ORDER BY c
	Unique  (cost=35743.08..35793.78 rows=10140 width=121)
	  ->  Sort  (cost=35743.08..35768.43 rows=10140 width=121)
	        Sort Key: c
	        ->  Bitmap Heap Scan on sbtest4  (cost=296.37..35068.37 rows=10140 width=121)
	              Recheck Cond: ((id >= 9573216) AND (id <= 9583215))
	              ->  Bitmap Index Scan on sbtest4_pkey  (cost=0.00..293.83 rows=10140 width=0)
	                    Index Cond: ((id >= 9573216) AND (id <= 9583215))

table 5 : explain SELECT DISTINCT c FROM sbtest5 WHERE id BETWEEN 8591307 AND 8601306 ORDER BY c
	Unique  (cost=36473.02..36524.84 rows=10363 width=121)
	  ->  Sort  (cost=36473.02..36498.93 rows=10363 width=121)
	        Sort Key: c
	        ->  Bitmap Heap Scan on sbtest5  (cost=302.66..35781.85 rows=10363 width=121)
	              Recheck Cond: ((id >= 8591307) AND (id <= 8601306))
	              ->  Bitmap Index Scan on sbtest5_pkey  (cost=0.00..300.06 rows=10363 width=0)
	                    Index Cond: ((id >= 8591307) AND (id <= 8601306))

table 6 : explain SELECT DISTINCT c FROM sbtest6 WHERE id BETWEEN 9543226 AND 9553225 ORDER BY c
	Unique  (cost=37135.66..37188.53 rows=10575 width=121)
	  ->  Sort  (cost=37135.66..37162.09 rows=10575 width=121)
	        Sort Key: c
	        ->  Bitmap Heap Scan on sbtest6  (cost=312.83..36428.80 rows=10575 width=121)
	              Recheck Cond: ((id >= 9543226) AND (id <= 9553225))
	              ->  Bitmap Index Scan on sbtest6_pkey  (cost=0.00..310.19 rows=10575 width=0)
	                    Index Cond: ((id >= 9543226) AND (id <= 9553225))

table 7 : explain SELECT DISTINCT c FROM sbtest7 WHERE id BETWEEN 3704382 AND 3714381 ORDER BY c
	Unique  (cost=37371.18..37424.54 rows=10672 width=121)
	  ->  Sort  (cost=37371.18..37397.86 rows=10672 width=121)
	        Sort Key: c
	        ->  Bitmap Heap Scan on sbtest7  (cost=317.82..36657.14 rows=10672 width=121)
	              Recheck Cond: ((id >= 3704382) AND (id <= 3714381))
	              ->  Bitmap Index Scan on sbtest7_pkey  (cost=0.00..315.16 rows=10672 width=0)
	                    Index Cond: ((id >= 3704382) AND (id <= 3714381))

table 8 : explain SELECT DISTINCT c FROM sbtest8 WHERE id BETWEEN 4408210 AND 4418209 ORDER BY c
	Unique  (cost=35982.01..36033.05 rows=10208 width=121)
	  ->  Sort  (cost=35982.01..36007.53 rows=10208 width=121)
	        Sort Key: c
	        ->  Bitmap Heap Scan on sbtest8  (cost=305.07..35302.29 rows=10208 width=121)
	              Recheck Cond: ((id >= 4408210) AND (id <= 4418209))
	              ->  Bitmap Index Scan on sbtest8_pkey  (cost=0.00..302.51 rows=10208 width=0)
	                    Index Cond: ((id >= 4408210) AND (id <= 4418209))

for: simple_ranges
table 1 : explain SELECT c FROM sbtest1 WHERE id BETWEEN 5277657 AND 5287656
	Bitmap Heap Scan on sbtest1  (cost=296.88..35286.54 rows=10190 width=121)
	  Recheck Cond: ((id >= 5277657) AND (id <= 5287656))
	  ->  Bitmap Index Scan on sbtest1_pkey  (cost=0.00..294.33 rows=10190 width=0)
	        Index Cond: ((id >= 5277657) AND (id <= 5287656))

table 2 : explain SELECT c FROM sbtest2 WHERE id BETWEEN 7953630 AND 7963629
	Bitmap Heap Scan on sbtest2  (cost=282.59..33293.05 rows=9576 width=121)
	  Recheck Cond: ((id >= 7953630) AND (id <= 7963629))
	  ->  Bitmap Index Scan on sbtest2_pkey  (cost=0.00..280.19 rows=9576 width=0)
	        Index Cond: ((id >= 7953630) AND (id <= 7963629))

table 3 : explain SELECT c FROM sbtest3 WHERE id BETWEEN 7354517 AND 7364516
	Bitmap Heap Scan on sbtest3  (cost=310.52..36881.37 rows=10740 width=121)
	  Recheck Cond: ((id >= 7354517) AND (id <= 7364516))
	  ->  Bitmap Index Scan on sbtest3_pkey  (cost=0.00..307.83 rows=10740 width=0)
	        Index Cond: ((id >= 7354517) AND (id <= 7364516))

table 4 : explain SELECT c FROM sbtest4 WHERE id BETWEEN 3695349 AND 3705348
	Bitmap Heap Scan on sbtest4  (cost=284.31..33820.73 rows=9744 width=121)
	  Recheck Cond: ((id >= 3695349) AND (id <= 3705348))
	  ->  Bitmap Index Scan on sbtest4_pkey  (cost=0.00..281.88 rows=9744 width=0)
	        Index Cond: ((id >= 3695349) AND (id <= 3705348))

table 5 : explain SELECT c FROM sbtest5 WHERE id BETWEEN 9503798 AND 9513797
	Bitmap Heap Scan on sbtest5  (cost=270.76..32108.71 rows=9202 width=121)
	  Recheck Cond: ((id >= 9503798) AND (id <= 9513797))
	  ->  Bitmap Index Scan on sbtest5_pkey  (cost=0.00..268.45 rows=9202 width=0)
	        Index Cond: ((id >= 9503798) AND (id <= 9513797))

table 6 : explain SELECT c FROM sbtest6 WHERE id BETWEEN 6324931 AND 6334930
	Bitmap Heap Scan on sbtest6  (cost=288.35..33827.88 rows=9748 width=121)
	  Recheck Cond: ((id >= 6324931) AND (id <= 6334930))
	  ->  Bitmap Index Scan on sbtest6_pkey  (cost=0.00..285.92 rows=9748 width=0)
	        Index Cond: ((id >= 6324931) AND (id <= 6334930))

table 7 : explain SELECT c FROM sbtest7 WHERE id BETWEEN 2679921 AND 2689920
	Bitmap Heap Scan on sbtest7  (cost=312.43..36233.78 rows=10536 width=121)
	  Recheck Cond: ((id >= 2679921) AND (id <= 2689920))
	  ->  Bitmap Index Scan on sbtest7_pkey  (cost=0.00..309.80 rows=10536 width=0)
	        Index Cond: ((id >= 2679921) AND (id <= 2689920))

table 8 : explain SELECT c FROM sbtest8 WHERE id BETWEEN 7262264 AND 7272263
	Bitmap Heap Scan on sbtest8  (cost=300.39..35091.63 rows=10142 width=121)
	  Recheck Cond: ((id >= 7262264) AND (id <= 7272263))
	  ->  Bitmap Index Scan on sbtest8_pkey  (cost=0.00..297.86 rows=10142 width=0)
	        Index Cond: ((id >= 7262264) AND (id <= 7272263))

for: sum_ranges
table 1 : explain SELECT SUM(k) FROM sbtest1 WHERE id BETWEEN 8398786 AND 8408785
	Aggregate  (cost=33441.99..33442.00 rows=1 width=8)
	  ->  Bitmap Heap Scan on sbtest1  (cost=278.85..33417.98 rows=9601 width=4)
	        Recheck Cond: ((id >= 8398786) AND (id <= 8408785))
	        ->  Bitmap Index Scan on sbtest1_pkey  (cost=0.00..276.44 rows=9601 width=0)
	              Index Cond: ((id >= 8398786) AND (id <= 8408785))

table 2 : explain SELECT SUM(k) FROM sbtest2 WHERE id BETWEEN 3765446 AND 3775445
	Aggregate  (cost=33876.82..33876.83 rows=1 width=8)
	  ->  Bitmap Heap Scan on sbtest2  (cost=288.40..33852.44 rows=9753 width=4)
	        Recheck Cond: ((id >= 3765446) AND (id <= 3775445))
	        ->  Bitmap Index Scan on sbtest2_pkey  (cost=0.00..285.96 rows=9753 width=0)
	              Index Cond: ((id >= 3765446) AND (id <= 3775445))

table 3 : explain SELECT SUM(k) FROM sbtest3 WHERE id BETWEEN 8709555 AND 8719554
	Aggregate  (cost=33365.70..33365.71 rows=1 width=8)
	  ->  Bitmap Heap Scan on sbtest3  (cost=278.95..33341.68 rows=9611 width=4)
	        Recheck Cond: ((id >= 8709555) AND (id <= 8719554))
	        ->  Bitmap Index Scan on sbtest3_pkey  (cost=0.00..276.55 rows=9611 width=0)
	              Index Cond: ((id >= 8709555) AND (id <= 8719554))

table 4 : explain SELECT SUM(k) FROM sbtest4 WHERE id BETWEEN 2641904 AND 2651903
	Aggregate  (cost=35926.90..35926.91 rows=1 width=8)
	  ->  Bitmap Heap Scan on sbtest4  (cost=303.09..35900.89 rows=10405 width=4)
	        Recheck Cond: ((id >= 2641904) AND (id <= 2651903))
	        ->  Bitmap Index Scan on sbtest4_pkey  (cost=0.00..300.49 rows=10405 width=0)
	              Index Cond: ((id >= 2641904) AND (id <= 2651903))

table 5 : explain SELECT SUM(k) FROM sbtest5 WHERE id BETWEEN 3606454 AND 3616453
	Aggregate  (cost=32677.96..32677.97 rows=1 width=8)
	  ->  Bitmap Heap Scan on sbtest5  (cost=276.51..32654.53 rows=9373 width=4)
	        Recheck Cond: ((id >= 3606454) AND (id <= 3616453))
	        ->  Bitmap Index Scan on sbtest5_pkey  (cost=0.00..274.17 rows=9373 width=0)
	              Index Cond: ((id >= 3606454) AND (id <= 3616453))

table 6 : explain SELECT SUM(k) FROM sbtest6 WHERE id BETWEEN 8766574 AND 8776573
	Aggregate  (cost=35756.14..35756.15 rows=1 width=8)
	  ->  Bitmap Heap Scan on sbtest6  (cost=306.54..35730.26 rows=10352 width=4)
	        Recheck Cond: ((id >= 8766574) AND (id <= 8776573))
	        ->  Bitmap Index Scan on sbtest6_pkey  (cost=0.00..303.95 rows=10352 width=0)
	              Index Cond: ((id >= 8766574) AND (id <= 8776573))

table 7 : explain SELECT SUM(k) FROM sbtest7 WHERE id BETWEEN 3813477 AND 3823476
	Aggregate  (cost=36709.42..36709.43 rows=1 width=8)
	  ->  Bitmap Heap Scan on sbtest7  (cost=317.91..36682.72 rows=10680 width=4)
	        Recheck Cond: ((id >= 3813477) AND (id <= 3823476))
	        ->  Bitmap Index Scan on sbtest7_pkey  (cost=0.00..315.24 rows=10680 width=0)
	              Index Cond: ((id >= 3813477) AND (id <= 3823476))

table 8 : explain SELECT SUM(k) FROM sbtest8 WHERE id BETWEEN 3505551 AND 3515550
	Aggregate  (cost=31945.40..31945.41 rows=1 width=8)
	  ->  Bitmap Heap Scan on sbtest8  (cost=270.16..31922.54 rows=9144 width=4)
	        Recheck Cond: ((id >= 3505551) AND (id <= 3515550))
	        ->  Bitmap Index Scan on sbtest8_pkey  (cost=0.00..267.88 rows=9144 width=0)
	              Index Cond: ((id >= 3505551) AND (id <= 3515550))

for: sum_ranges
table 1 : explain SELECT SUM(k) FROM sbtest1 WHERE id BETWEEN 7788092 AND 7798091
	Aggregate  (cost=34685.79..34685.80 rows=1 width=8)
	  ->  Bitmap Heap Scan on sbtest1  (cost=290.85..34660.81 rows=9992 width=4)
	        Recheck Cond: ((id >= 7788092) AND (id <= 7798091))
	        ->  Bitmap Index Scan on sbtest1_pkey  (cost=0.00..288.36 rows=9992 width=0)
	              Index Cond: ((id >= 7788092) AND (id <= 7798091))

table 2 : explain SELECT SUM(k) FROM sbtest2 WHERE id BETWEEN 5484921 AND 5494920
	Aggregate  (cost=33737.15..33737.16 rows=1 width=8)
	  ->  Bitmap Heap Scan on sbtest2  (cost=287.94..33712.88 rows=9708 width=4)
	        Recheck Cond: ((id >= 5484921) AND (id <= 5494920))
	        ->  Bitmap Index Scan on sbtest2_pkey  (cost=0.00..285.51 rows=9708 width=0)
	              Index Cond: ((id >= 5484921) AND (id <= 5494920))

table 3 : explain SELECT SUM(k) FROM sbtest3 WHERE id BETWEEN 5939754 AND 5949753
	Aggregate  (cost=36028.09..36028.10 rows=1 width=8)
	  ->  Bitmap Heap Scan on sbtest3  (cost=299.64..36001.95 rows=10459 width=4)
	        Recheck Cond: ((id >= 5939754) AND (id <= 5949753))
	        ->  Bitmap Index Scan on sbtest3_pkey  (cost=0.00..297.03 rows=10459 width=0)
	              Index Cond: ((id >= 5939754) AND (id <= 5949753))

table 4 : explain SELECT SUM(k) FROM sbtest4 WHERE id BETWEEN 8164312 AND 8174311
	Aggregate  (cost=35390.86..35390.87 rows=1 width=8)
	  ->  Bitmap Heap Scan on sbtest4  (cost=297.34..35365.27 rows=10235 width=4)
	        Recheck Cond: ((id >= 8164312) AND (id <= 8174311))
	        ->  Bitmap Index Scan on sbtest4_pkey  (cost=0.00..294.79 rows=10235 width=0)
	              Index Cond: ((id >= 8164312) AND (id <= 8174311))

table 5 : explain SELECT SUM(k) FROM sbtest5 WHERE id BETWEEN 4403013 AND 4413012
	Aggregate  (cost=35643.26..35643.27 rows=1 width=8)
	  ->  Bitmap Heap Scan on sbtest5  (cost=302.11..35617.49 rows=10310 width=4)
	        Recheck Cond: ((id >= 4403013) AND (id <= 4413012))
	        ->  Bitmap Index Scan on sbtest5_pkey  (cost=0.00..299.54 rows=10310 width=0)
	              Index Cond: ((id >= 4403013) AND (id <= 4413012))

table 6 : explain SELECT SUM(k) FROM sbtest6 WHERE id BETWEEN 9035138 AND 9045137
	Aggregate  (cost=36644.79..36644.80 rows=1 width=8)
	  ->  Bitmap Heap Scan on sbtest6  (cost=313.45..36618.20 rows=10636 width=4)
	        Recheck Cond: ((id >= 9035138) AND (id <= 9045137))
	        ->  Bitmap Index Scan on sbtest6_pkey  (cost=0.00..310.80 rows=10636 width=0)
	              Index Cond: ((id >= 9035138) AND (id <= 9045137))

table 7 : explain SELECT SUM(k) FROM sbtest7 WHERE id BETWEEN 9476283 AND 9486282
	Aggregate  (cost=37052.49..37052.50 rows=1 width=8)
	  ->  Bitmap Heap Scan on sbtest7  (cost=323.03..37025.52 rows=10790 width=4)
	        Recheck Cond: ((id >= 9476283) AND (id <= 9486282))
	        ->  Bitmap Index Scan on sbtest7_pkey  (cost=0.00..320.33 rows=10790 width=0)
	              Index Cond: ((id >= 9476283) AND (id <= 9486282))

table 8 : explain SELECT SUM(k) FROM sbtest8 WHERE id BETWEEN 1412180 AND 1422179
	Aggregate  (cost=33536.35..33536.36 rows=1 width=8)
	  ->  Bitmap Heap Scan on sbtest8  (cost=287.27..33512.25 rows=9642 width=4)
	        Recheck Cond: ((id >= 1412180) AND (id <= 1422179))
	        ->  Bitmap Index Scan on sbtest8_pkey  (cost=0.00..284.86 rows=9642 width=0)
	              Index Cond: ((id >= 1412180) AND (id <= 1422179))

for: simple_ranges
table 1 : explain SELECT c FROM sbtest1 WHERE id BETWEEN 8316750 AND 8326749
	Bitmap Heap Scan on sbtest1  (cost=296.71..35231.56 rows=10173 width=121)
	  Recheck Cond: ((id >= 8316750) AND (id <= 8326749))
	  ->  Bitmap Index Scan on sbtest1_pkey  (cost=0.00..294.17 rows=10173 width=0)
	        Index Cond: ((id >= 8316750) AND (id <= 8326749))

table 2 : explain SELECT c FROM sbtest2 WHERE id BETWEEN 9856835 AND 9866834
	Bitmap Heap Scan on sbtest2  (cost=282.32..33208.52 rows=9550 width=121)
	  Recheck Cond: ((id >= 9856835) AND (id <= 9866834))
	  ->  Bitmap Index Scan on sbtest2_pkey  (cost=0.00..279.94 rows=9550 width=0)
	        Index Cond: ((id >= 9856835) AND (id <= 9866834))

table 3 : explain SELECT c FROM sbtest3 WHERE id BETWEEN 5672131 AND 5682130
	Bitmap Heap Scan on sbtest3  (cost=287.06..34600.65 rows=10012 width=121)
	  Recheck Cond: ((id >= 5672131) AND (id <= 5682130))
	  ->  Bitmap Index Scan on sbtest3_pkey  (cost=0.00..284.56 rows=10012 width=0)
	        Index Cond: ((id >= 5672131) AND (id <= 5682130))

table 4 : explain SELECT c FROM sbtest4 WHERE id BETWEEN 454217 AND 464216
	Bitmap Heap Scan on sbtest4  (cost=308.14..36226.56 rows=10508 width=121)
	  Recheck Cond: ((id >= 454217) AND (id <= 464216))
	  ->  Bitmap Index Scan on sbtest4_pkey  (cost=0.00..305.51 rows=10508 width=0)
	        Index Cond: ((id >= 454217) AND (id <= 464216))

table 5 : explain SELECT c FROM sbtest5 WHERE id BETWEEN 11985 AND 21984
	Bitmap Heap Scan on sbtest5  (cost=308.15..36239.74 rows=10509 width=121)
	  Recheck Cond: ((id >= 11985) AND (id <= 21984))
	  ->  Bitmap Index Scan on sbtest5_pkey  (cost=0.00..305.53 rows=10509 width=0)
	        Index Cond: ((id >= 11985) AND (id <= 21984))

table 6 : explain SELECT c FROM sbtest6 WHERE id BETWEEN 6734088 AND 6744087
	Bitmap Heap Scan on sbtest6  (cost=313.38..36595.74 rows=10629 width=121)
	  Recheck Cond: ((id >= 6734088) AND (id <= 6744087))
	  ->  Bitmap Index Scan on sbtest6_pkey  (cost=0.00..310.73 rows=10629 width=0)
	        Index Cond: ((id >= 6734088) AND (id <= 6744087))

table 7 : explain SELECT c FROM sbtest7 WHERE id BETWEEN 4059594 AND 4069593
	Bitmap Heap Scan on sbtest7  (cost=294.46..34408.56 rows=9954 width=121)
	  Recheck Cond: ((id >= 4059594) AND (id <= 4069593))
	  ->  Bitmap Index Scan on sbtest7_pkey  (cost=0.00..291.98 rows=9954 width=0)
	        Index Cond: ((id >= 4059594) AND (id <= 4069593))

table 8 : explain SELECT c FROM sbtest8 WHERE id BETWEEN 7368490 AND 7378489
	Bitmap Heap Scan on sbtest8  (cost=306.69..35795.66 rows=10366 width=121)
	  Recheck Cond: ((id >= 7368490) AND (id <= 7378489))
	  ->  Bitmap Index Scan on sbtest8_pkey  (cost=0.00..304.09 rows=10366 width=0)
	        Index Cond: ((id >= 7368490) AND (id <= 7378489))

for point_selects
table 1 : explain SELECT c FROM sbtest1 WHERE id=6929780
	Index Scan using sbtest1_pkey on sbtest1  (cost=0.43..8.45 rows=1 width=121)
	  Index Cond: (id = 6929780)

table 2 : explain SELECT c FROM sbtest2 WHERE id=6523729
	Index Scan using sbtest2_pkey on sbtest2  (cost=0.43..8.45 rows=1 width=121)
	  Index Cond: (id = 6523729)

table 3 : explain SELECT c FROM sbtest3 WHERE id=7482792
	Index Scan using sbtest3_pkey on sbtest3  (cost=0.43..8.45 rows=1 width=121)
	  Index Cond: (id = 7482792)

table 4 : explain SELECT c FROM sbtest4 WHERE id=8636827
	Index Scan using sbtest4_pkey on sbtest4  (cost=0.43..8.45 rows=1 width=121)
	  Index Cond: (id = 8636827)

table 5 : explain SELECT c FROM sbtest5 WHERE id=1885355
	Index Scan using sbtest5_pkey on sbtest5  (cost=0.43..8.45 rows=1 width=121)
	  Index Cond: (id = 1885355)

table 6 : explain SELECT c FROM sbtest6 WHERE id=5243178
	Index Scan using sbtest6_pkey on sbtest6  (cost=0.43..8.45 rows=1 width=121)
	  Index Cond: (id = 5243178)

table 7 : explain SELECT c FROM sbtest7 WHERE id=6006075
	Index Scan using sbtest7_pkey on sbtest7  (cost=0.43..8.45 rows=1 width=121)
	  Index Cond: (id = 6006075)

table 8 : explain SELECT c FROM sbtest8 WHERE id=9046249
	Index Scan using sbtest8_pkey on sbtest8  (cost=0.43..8.45 rows=1 width=121)
	  Index Cond: (id = 9046249)

for point_selects
table 1 : explain SELECT c FROM sbtest1 WHERE id=2773406
	Index Scan using sbtest1_pkey on sbtest1  (cost=0.43..8.45 rows=1 width=121)
	  Index Cond: (id = 2773406)

table 2 : explain SELECT c FROM sbtest2 WHERE id=1323094
	Index Scan using sbtest2_pkey on sbtest2  (cost=0.43..8.45 rows=1 width=121)
	  Index Cond: (id = 1323094)

table 3 : explain SELECT c FROM sbtest3 WHERE id=2122097
	Index Scan using sbtest3_pkey on sbtest3  (cost=0.43..8.45 rows=1 width=121)
	  Index Cond: (id = 2122097)

table 4 : explain SELECT c FROM sbtest4 WHERE id=8371502
	Index Scan using sbtest4_pkey on sbtest4  (cost=0.43..8.45 rows=1 width=121)
	  Index Cond: (id = 8371502)

table 5 : explain SELECT c FROM sbtest5 WHERE id=9039993
	Index Scan using sbtest5_pkey on sbtest5  (cost=0.43..8.45 rows=1 width=121)
	  Index Cond: (id = 9039993)

table 6 : explain SELECT c FROM sbtest6 WHERE id=5704390
	Index Scan using sbtest6_pkey on sbtest6  (cost=0.43..8.45 rows=1 width=121)
	  Index Cond: (id = 5704390)

table 7 : explain SELECT c FROM sbtest7 WHERE id=5737064
	Index Scan using sbtest7_pkey on sbtest7  (cost=0.43..8.45 rows=1 width=121)
	  Index Cond: (id = 5737064)

table 8 : explain SELECT c FROM sbtest8 WHERE id=9157405
	Index Scan using sbtest8_pkey on sbtest8  (cost=0.43..8.45 rows=1 width=121)
	  Index Cond: (id = 9157405)

for point_selects
table 1 : explain SELECT c FROM sbtest1 WHERE id=7102926
	Index Scan using sbtest1_pkey on sbtest1  (cost=0.43..8.45 rows=1 width=121)
	  Index Cond: (id = 7102926)

table 2 : explain SELECT c FROM sbtest2 WHERE id=9689024
	Index Scan using sbtest2_pkey on sbtest2  (cost=0.43..8.45 rows=1 width=121)
	  Index Cond: (id = 9689024)

table 3 : explain SELECT c FROM sbtest3 WHERE id=6187919
	Index Scan using sbtest3_pkey on sbtest3  (cost=0.43..8.45 rows=1 width=121)
	  Index Cond: (id = 6187919)

table 4 : explain SELECT c FROM sbtest4 WHERE id=862608
	Index Scan using sbtest4_pkey on sbtest4  (cost=0.43..8.45 rows=1 width=121)
	  Index Cond: (id = 862608)

table 5 : explain SELECT c FROM sbtest5 WHERE id=8012363
	Index Scan using sbtest5_pkey on sbtest5  (cost=0.43..8.45 rows=1 width=121)
	  Index Cond: (id = 8012363)

table 6 : explain SELECT c FROM sbtest6 WHERE id=8084760
	Index Scan using sbtest6_pkey on sbtest6  (cost=0.43..8.45 rows=1 width=121)
	  Index Cond: (id = 8084760)

table 7 : explain SELECT c FROM sbtest7 WHERE id=5390404
	Index Scan using sbtest7_pkey on sbtest7  (cost=0.43..8.45 rows=1 width=121)
	  Index Cond: (id = 5390404)

table 8 : explain SELECT c FROM sbtest8 WHERE id=3526220
	Index Scan using sbtest8_pkey on sbtest8  (cost=0.43..8.45 rows=1 width=121)
	  Index Cond: (id = 3526220)

for point_selects
table 1 : explain SELECT c FROM sbtest1 WHERE id=8605919
	Index Scan using sbtest1_pkey on sbtest1  (cost=0.43..8.45 rows=1 width=121)
	  Index Cond: (id = 8605919)

table 2 : explain SELECT c FROM sbtest2 WHERE id=1189287
	Index Scan using sbtest2_pkey on sbtest2  (cost=0.43..8.45 rows=1 width=121)
	  Index Cond: (id = 1189287)

table 3 : explain SELECT c FROM sbtest3 WHERE id=3974878
	Index Scan using sbtest3_pkey on sbtest3  (cost=0.43..8.45 rows=1 width=121)
	  Index Cond: (id = 3974878)

table 4 : explain SELECT c FROM sbtest4 WHERE id=9983790
	Index Scan using sbtest4_pkey on sbtest4  (cost=0.43..8.45 rows=1 width=121)
	  Index Cond: (id = 9983790)

table 5 : explain SELECT c FROM sbtest5 WHERE id=8681489
	Index Scan using sbtest5_pkey on sbtest5  (cost=0.43..8.45 rows=1 width=121)
	  Index Cond: (id = 8681489)

table 6 : explain SELECT c FROM sbtest6 WHERE id=5785071
	Index Scan using sbtest6_pkey on sbtest6  (cost=0.43..8.45 rows=1 width=121)
	  Index Cond: (id = 5785071)

table 7 : explain SELECT c FROM sbtest7 WHERE id=3963520
	Index Scan using sbtest7_pkey on sbtest7  (cost=0.43..8.45 rows=1 width=121)
	  Index Cond: (id = 3963520)

table 8 : explain SELECT c FROM sbtest8 WHERE id=3621497
	Index Scan using sbtest8_pkey on sbtest8  (cost=0.43..8.45 rows=1 width=121)
	  Index Cond: (id = 3621497)

for: order_ranges
table 1 : explain SELECT c FROM sbtest1 WHERE id BETWEEN 509112 AND 519111 ORDER BY c
	Sort  (cost=33147.74..33171.04 rows=9323 width=121)
	  Sort Key: c
	  ->  Bitmap Heap Scan on sbtest1  (cost=272.00..32533.04 rows=9323 width=121)
	        Recheck Cond: ((id >= 509112) AND (id <= 519111))
	        ->  Bitmap Index Scan on sbtest1_pkey  (cost=0.00..269.67 rows=9323 width=0)
	              Index Cond: ((id >= 509112) AND (id <= 519111))

table 2 : explain SELECT c FROM sbtest2 WHERE id BETWEEN 6635858 AND 6645857 ORDER BY c
	Sort  (cost=33809.82..33833.67 rows=9540 width=121)
	  Sort Key: c
	  ->  Bitmap Heap Scan on sbtest2  (cost=282.22..33179.23 rows=9540 width=121)
	        Recheck Cond: ((id >= 6635858) AND (id <= 6645857))
	        ->  Bitmap Index Scan on sbtest2_pkey  (cost=0.00..279.83 rows=9540 width=0)
	              Index Cond: ((id >= 6635858) AND (id <= 6645857))

table 3 : explain SELECT c FROM sbtest3 WHERE id BETWEEN 3592965 AND 3602964 ORDER BY c
	Sort  (cost=33717.90..33741.73 rows=9532 width=121)
	  Sort Key: c
	  ->  Bitmap Heap Scan on sbtest3  (cost=274.14..33087.90 rows=9532 width=121)
	        Recheck Cond: ((id >= 3592965) AND (id <= 3602964))
	        ->  Bitmap Index Scan on sbtest3_pkey  (cost=0.00..271.75 rows=9532 width=0)
	              Index Cond: ((id >= 3592965) AND (id <= 3602964))

table 4 : explain SELECT c FROM sbtest4 WHERE id BETWEEN 2380068 AND 2390067 ORDER BY c
	Sort  (cost=31082.56..31104.33 rows=8708 width=121)
	  Sort Key: c
	  ->  Bitmap Heap Scan on sbtest4  (cost=253.69..30512.70 rows=8708 width=121)
	        Recheck Cond: ((id >= 2380068) AND (id <= 2390067))
	        ->  Bitmap Index Scan on sbtest4_pkey  (cost=0.00..251.51 rows=8708 width=0)
	              Index Cond: ((id >= 2380068) AND (id <= 2390067))

table 5 : explain SELECT c FROM sbtest5 WHERE id BETWEEN 221159 AND 231158 ORDER BY c
	Sort  (cost=36265.17..36290.92 rows=10298 width=121)
	  Sort Key: c
	  ->  Bitmap Heap Scan on sbtest5  (cost=301.99..35578.81 rows=10298 width=121)
	        Recheck Cond: ((id >= 221159) AND (id <= 231158))
	        ->  Bitmap Index Scan on sbtest5_pkey  (cost=0.00..299.42 rows=10298 width=0)
	              Index Cond: ((id >= 221159) AND (id <= 231158))

table 6 : explain SELECT c FROM sbtest6 WHERE id BETWEEN 4268045 AND 4278044 ORDER BY c
	Sort  (cost=33521.51..33545.15 rows=9455 width=121)
	  Sort Key: c
	  ->  Bitmap Heap Scan on sbtest6  (cost=277.35..32897.15 rows=9455 width=121)
	        Recheck Cond: ((id >= 4268045) AND (id <= 4278044))
	        ->  Bitmap Index Scan on sbtest6_pkey  (cost=0.00..274.99 rows=9455 width=0)
	              Index Cond: ((id >= 4268045) AND (id <= 4278044))

table 7 : explain SELECT c FROM sbtest7 WHERE id BETWEEN 6334695 AND 6344694 ORDER BY c
	Sort  (cost=32479.49..32502.38 rows=9153 width=121)
	  Sort Key: c
	  ->  Bitmap Heap Scan on sbtest7  (cost=274.25..31877.22 rows=9153 width=121)
	        Recheck Cond: ((id >= 6334695) AND (id <= 6344694))
	        ->  Bitmap Index Scan on sbtest7_pkey  (cost=0.00..271.96 rows=9153 width=0)
	              Index Cond: ((id >= 6334695) AND (id <= 6344694))

table 8 : explain SELECT c FROM sbtest8 WHERE id BETWEEN 8731768 AND 8741767 ORDER BY c
	Sort  (cost=37614.14..37640.93 rows=10717 width=121)
	  Sort Key: c
	  ->  Bitmap Heap Scan on sbtest8  (cost=318.28..36896.76 rows=10717 width=121)
	        Recheck Cond: ((id >= 8731768) AND (id <= 8741767))
	        ->  Bitmap Index Scan on sbtest8_pkey  (cost=0.00..315.61 rows=10717 width=0)
	              Index Cond: ((id >= 8731768) AND (id <= 8741767))

for: simple_ranges
table 1 : explain SELECT c FROM sbtest1 WHERE id BETWEEN 8003192 AND 8013191
	Bitmap Heap Scan on sbtest1  (cost=290.73..34621.91 rows=9980 width=121)
	  Recheck Cond: ((id >= 8003192) AND (id <= 8013191))
	  ->  Bitmap Index Scan on sbtest1_pkey  (cost=0.00..288.24 rows=9980 width=0)
	        Index Cond: ((id >= 8003192) AND (id <= 8013191))

table 2 : explain SELECT c FROM sbtest2 WHERE id BETWEEN 2354873 AND 2364872
	Bitmap Heap Scan on sbtest2  (cost=313.39..36611.61 rows=10630 width=121)
	  Recheck Cond: ((id >= 2354873) AND (id <= 2364872))
	  ->  Bitmap Index Scan on sbtest2_pkey  (cost=0.00..310.74 rows=10630 width=0)
	        Index Cond: ((id >= 2354873) AND (id <= 2364872))

table 3 : explain SELECT c FROM sbtest3 WHERE id BETWEEN 7815344 AND 7825343
	Bitmap Heap Scan on sbtest3  (cost=292.71..35107.49 rows=10173 width=121)
	  Recheck Cond: ((id >= 7815344) AND (id <= 7825343))
	  ->  Bitmap Index Scan on sbtest3_pkey  (cost=0.00..290.17 rows=10173 width=0)
	        Index Cond: ((id >= 7815344) AND (id <= 7825343))

table 4 : explain SELECT c FROM sbtest4 WHERE id BETWEEN 4817890 AND 4827889
	Bitmap Heap Scan on sbtest4  (cost=296.36..35065.15 rows=10139 width=121)
	  Recheck Cond: ((id >= 4817890) AND (id <= 4827889))
	  ->  Bitmap Index Scan on sbtest4_pkey  (cost=0.00..293.82 rows=10139 width=0)
	        Index Cond: ((id >= 4817890) AND (id <= 4827889))

table 5 : explain SELECT c FROM sbtest5 WHERE id BETWEEN 3949221 AND 3959220
	Bitmap Heap Scan on sbtest5  (cost=320.00..37412.67 rows=10884 width=121)
	  Recheck Cond: ((id >= 3949221) AND (id <= 3959220))
	  ->  Bitmap Index Scan on sbtest5_pkey  (cost=0.00..317.28 rows=10884 width=0)
	        Index Cond: ((id >= 3949221) AND (id <= 3959220))

table 6 : explain SELECT c FROM sbtest6 WHERE id BETWEEN 3320365 AND 3330364
	Bitmap Heap Scan on sbtest6  (cost=314.06..36801.05 rows=10695 width=121)
	  Recheck Cond: ((id >= 3320365) AND (id <= 3330364))
	  ->  Bitmap Index Scan on sbtest6_pkey  (cost=0.00..311.38 rows=10695 width=0)
	        Index Cond: ((id >= 3320365) AND (id <= 3330364))

table 7 : explain SELECT c FROM sbtest7 WHERE id BETWEEN 3410085 AND 3420084
	Bitmap Heap Scan on sbtest7  (cost=287.97..33645.22 rows=9711 width=121)
	  Recheck Cond: ((id >= 3410085) AND (id <= 3420084))
	  ->  Bitmap Index Scan on sbtest7_pkey  (cost=0.00..285.55 rows=9711 width=0)
	        Index Cond: ((id >= 3410085) AND (id <= 3420084))

table 8 : explain SELECT c FROM sbtest8 WHERE id BETWEEN 8875767 AND 8885766
	Bitmap Heap Scan on sbtest8  (cost=299.46..34807.21 rows=10051 width=121)
	  Recheck Cond: ((id >= 8875767) AND (id <= 8885766))
	  ->  Bitmap Index Scan on sbtest8_pkey  (cost=0.00..296.94 rows=10051 width=0)
	        Index Cond: ((id >= 8875767) AND (id <= 8885766))

for: sum_ranges
table 1 : explain SELECT SUM(k) FROM sbtest1 WHERE id BETWEEN 4039891 AND 4049890
	Aggregate  (cost=32693.68..32693.69 rows=1 width=8)
	  ->  Bitmap Heap Scan on sbtest1  (cost=272.44..32670.27 rows=9366 width=4)
	        Recheck Cond: ((id >= 4039891) AND (id <= 4049890))
	        ->  Bitmap Index Scan on sbtest1_pkey  (cost=0.00..270.09 rows=9366 width=0)
	              Index Cond: ((id >= 4039891) AND (id <= 4049890))

table 2 : explain SELECT SUM(k) FROM sbtest2 WHERE id BETWEEN 1770703 AND 1780702
	Aggregate  (cost=37733.21..37733.22 rows=1 width=8)
	  ->  Bitmap Heap Scan on sbtest2  (cost=324.99..37705.76 rows=10981 width=4)
	        Recheck Cond: ((id >= 1770703) AND (id <= 1780702))
	        ->  Bitmap Index Scan on sbtest2_pkey  (cost=0.00..322.25 rows=10981 width=0)
	              Index Cond: ((id >= 1770703) AND (id <= 1780702))

table 3 : explain SELECT SUM(k) FROM sbtest3 WHERE id BETWEEN 1124014 AND 1134013
	Aggregate  (cost=34726.53..34726.54 rows=1 width=8)
	  ->  Bitmap Heap Scan on sbtest3  (cost=291.38..34701.42 rows=10043 width=4)
	        Recheck Cond: ((id >= 1124014) AND (id <= 1134013))
	        ->  Bitmap Index Scan on sbtest3_pkey  (cost=0.00..288.87 rows=10043 width=0)
	              Index Cond: ((id >= 1124014) AND (id <= 1134013))

table 4 : explain SELECT SUM(k) FROM sbtest4 WHERE id BETWEEN 6667421 AND 6677420
	Aggregate  (cost=33353.61..33353.62 rows=1 width=8)
	  ->  Bitmap Heap Scan on sbtest4  (cost=278.73..33329.63 rows=9590 width=4)
	        Recheck Cond: ((id >= 6667421) AND (id <= 6677420))
	        ->  Bitmap Index Scan on sbtest4_pkey  (cost=0.00..276.33 rows=9590 width=0)
	              Index Cond: ((id >= 6667421) AND (id <= 6677420))

table 5 : explain SELECT SUM(k) FROM sbtest5 WHERE id BETWEEN 1411591 AND 1421590
	Aggregate  (cost=36426.89..36426.90 rows=1 width=8)
	  ->  Bitmap Heap Scan on sbtest5  (cost=308.68..36400.49 rows=10560 width=4)
	        Recheck Cond: ((id >= 1411591) AND (id <= 1421590))
	        ->  Bitmap Index Scan on sbtest5_pkey  (cost=0.00..306.04 rows=10560 width=0)
	              Index Cond: ((id >= 1411591) AND (id <= 1421590))

table 6 : explain SELECT SUM(k) FROM sbtest6 WHERE id BETWEEN 8176533 AND 8186532
	Aggregate  (cost=35352.27..35352.28 rows=1 width=8)
	  ->  Bitmap Heap Scan on sbtest6  (cost=301.23..35326.71 rows=10224 width=4)
	        Recheck Cond: ((id >= 8176533) AND (id <= 8186532))
	        ->  Bitmap Index Scan on sbtest6_pkey  (cost=0.00..298.68 rows=10224 width=0)
	              Index Cond: ((id >= 8176533) AND (id <= 8186532))

table 7 : explain SELECT SUM(k) FROM sbtest7 WHERE id BETWEEN 5417809 AND 5427808
	Aggregate  (cost=31039.46..31039.47 rows=1 width=8)
	  ->  Bitmap Heap Scan on sbtest7  (cost=263.50..31017.25 rows=8884 width=4)
	        Recheck Cond: ((id >= 5417809) AND (id <= 5427808))
	        ->  Bitmap Index Scan on sbtest7_pkey  (cost=0.00..261.28 rows=8884 width=0)
	              Index Cond: ((id >= 5417809) AND (id <= 5427808))

table 8 : explain SELECT SUM(k) FROM sbtest8 WHERE id BETWEEN 1637921 AND 1647920
	Aggregate  (cost=33910.09..33910.10 rows=1 width=8)
	  ->  Bitmap Heap Scan on sbtest8  (cost=288.48..33885.69 rows=9760 width=4)
	        Recheck Cond: ((id >= 1637921) AND (id <= 1647920))
	        ->  Bitmap Index Scan on sbtest8_pkey  (cost=0.00..286.04 rows=9760 width=0)
	              Index Cond: ((id >= 1637921) AND (id <= 1647920))

for: simple_ranges
table 1 : explain SELECT c FROM sbtest1 WHERE id BETWEEN 6318407 AND 6328406
	Bitmap Heap Scan on sbtest1  (cost=276.80..32785.31 rows=9401 width=121)
	  Recheck Cond: ((id >= 6318407) AND (id <= 6328406))
	  ->  Bitmap Index Scan on sbtest1_pkey  (cost=0.00..274.44 rows=9401 width=0)
	        Index Cond: ((id >= 6318407) AND (id <= 6328406))

table 2 : explain SELECT c FROM sbtest2 WHERE id BETWEEN 8255029 AND 8265028
	Bitmap Heap Scan on sbtest2  (cost=301.91..35545.24 rows=10290 width=121)
	  Recheck Cond: ((id >= 8255029) AND (id <= 8265028))
	  ->  Bitmap Index Scan on sbtest2_pkey  (cost=0.00..299.33 rows=10290 width=0)
	        Index Cond: ((id >= 8255029) AND (id <= 8265028))

table 3 : explain SELECT c FROM sbtest3 WHERE id BETWEEN 8039110 AND 8049109
	Bitmap Heap Scan on sbtest3  (cost=274.50..33198.22 rows=9567 width=121)
	  Recheck Cond: ((id >= 8039110) AND (id <= 8049109))
	  ->  Bitmap Index Scan on sbtest3_pkey  (cost=0.00..272.11 rows=9567 width=0)
	        Index Cond: ((id >= 8039110) AND (id <= 8049109))

table 4 : explain SELECT c FROM sbtest4 WHERE id BETWEEN 3187323 AND 3197322
	Bitmap Heap Scan on sbtest4  (cost=289.34..34136.02 rows=9844 width=121)
	  Recheck Cond: ((id >= 3187323) AND (id <= 3197322))
	  ->  Bitmap Index Scan on sbtest4_pkey  (cost=0.00..286.88 rows=9844 width=0)
	        Index Cond: ((id >= 3187323) AND (id <= 3197322))

table 5 : explain SELECT c FROM sbtest5 WHERE id BETWEEN 9446388 AND 9456387
	Bitmap Heap Scan on sbtest5  (cost=295.85..34922.69 rows=10089 width=121)
	  Recheck Cond: ((id >= 9446388) AND (id <= 9456387))
	  ->  Bitmap Index Scan on sbtest5_pkey  (cost=0.00..293.32 rows=10089 width=0)
	        Index Cond: ((id >= 9446388) AND (id <= 9456387))

table 6 : explain SELECT c FROM sbtest6 WHERE id BETWEEN 2475295 AND 2485294
	Bitmap Heap Scan on sbtest6  (cost=289.51..34184.37 rows=9861 width=121)
	  Recheck Cond: ((id >= 2475295) AND (id <= 2485294))
	  ->  Bitmap Index Scan on sbtest6_pkey  (cost=0.00..287.05 rows=9861 width=0)
	        Index Cond: ((id >= 2475295) AND (id <= 2485294))

table 7 : explain SELECT c FROM sbtest7 WHERE id BETWEEN 2030472 AND 2040471
	Bitmap Heap Scan on sbtest7  (cost=280.82..32671.82 rows=9403 width=121)
	  Recheck Cond: ((id >= 2030472) AND (id <= 2040471))
	  ->  Bitmap Index Scan on sbtest7_pkey  (cost=0.00..278.46 rows=9403 width=0)
	        Index Cond: ((id >= 2030472) AND (id <= 2040471))

table 8 : explain SELECT c FROM sbtest8 WHERE id BETWEEN 4036808 AND 4046807
	Bitmap Heap Scan on sbtest8  (cost=305.31..35376.52 rows=10232 width=121)
	  Recheck Cond: ((id >= 4036808) AND (id <= 4046807))
	  ->  Bitmap Index Scan on sbtest8_pkey  (cost=0.00..302.75 rows=10232 width=0)
	        Index Cond: ((id >= 4036808) AND (id <= 4046807))

for: order_ranges
table 1 : explain SELECT c FROM sbtest1 WHERE id BETWEEN 3145441 AND 3155440 ORDER BY c
	Sort  (cost=35241.63..35266.54 rows=9966 width=121)
	  Sort Key: c
	  ->  Bitmap Heap Scan on sbtest1  (cost=290.59..34579.74 rows=9966 width=121)
	        Recheck Cond: ((id >= 3145441) AND (id <= 3155440))
	        ->  Bitmap Index Scan on sbtest1_pkey  (cost=0.00..288.09 rows=9966 width=0)
	              Index Cond: ((id >= 3145441) AND (id <= 3155440))

table 2 : explain SELECT c FROM sbtest2 WHERE id BETWEEN 7901835 AND 7911834 ORDER BY c
	Sort  (cost=33926.27..33950.21 rows=9576 width=121)
	  Sort Key: c
	  ->  Bitmap Heap Scan on sbtest2  (cost=282.59..33293.05 rows=9576 width=121)
	        Recheck Cond: ((id >= 7901835) AND (id <= 7911834))
	        ->  Bitmap Index Scan on sbtest2_pkey  (cost=0.00..280.19 rows=9576 width=0)
	              Index Cond: ((id >= 7901835) AND (id <= 7911834))

table 3 : explain SELECT c FROM sbtest3 WHERE id BETWEEN 1848500 AND 1858499 ORDER BY c
	Sort  (cost=34925.47..34950.24 rows=9905 width=121)
	  Sort Key: c
	  ->  Bitmap Heap Scan on sbtest3  (cost=285.96..34268.08 rows=9905 width=121)
	        Recheck Cond: ((id >= 1848500) AND (id <= 1858499))
	        ->  Bitmap Index Scan on sbtest3_pkey  (cost=0.00..283.49 rows=9905 width=0)
	              Index Cond: ((id >= 1848500) AND (id <= 1858499))

table 4 : explain SELECT c FROM sbtest4 WHERE id BETWEEN 8932440 AND 8942439 ORDER BY c
	Sort  (cost=36796.09..36822.26 rows=10468 width=121)
	  Sort Key: c
	  ->  Bitmap Heap Scan on sbtest4  (cost=303.73..36097.16 rows=10468 width=121)
	        Recheck Cond: ((id >= 8932440) AND (id <= 8942439))
	        ->  Bitmap Index Scan on sbtest4_pkey  (cost=0.00..301.12 rows=10468 width=0)
	              Index Cond: ((id >= 8932440) AND (id <= 8942439))

table 5 : explain SELECT c FROM sbtest5 WHERE id BETWEEN 421304 AND 431303 ORDER BY c
	Sort  (cost=37488.44..37515.13 rows=10679 width=121)
	  Sort Key: c
	  ->  Bitmap Heap Scan on sbtest5  (cost=313.89..36773.88 rows=10679 width=121)
	        Recheck Cond: ((id >= 421304) AND (id <= 431303))
	        ->  Bitmap Index Scan on sbtest5_pkey  (cost=0.00..311.23 rows=10679 width=0)
	              Index Cond: ((id >= 421304) AND (id <= 431303))

table 6 : explain SELECT c FROM sbtest6 WHERE id BETWEEN 8679951 AND 8689950 ORDER BY c
	Sort  (cost=35312.85..35337.87 rows=10008 width=121)
	  Sort Key: c
	  ->  Bitmap Heap Scan on sbtest6  (cost=295.02..34647.88 rows=10008 width=121)
	        Recheck Cond: ((id >= 8679951) AND (id <= 8689950))
	        ->  Bitmap Index Scan on sbtest6_pkey  (cost=0.00..292.51 rows=10008 width=0)
	              Index Cond: ((id >= 8679951) AND (id <= 8689950))

table 7 : explain SELECT c FROM sbtest7 WHERE id BETWEEN 1798652 AND 1808651 ORDER BY c
	Sort  (cost=35354.04..35379.14 rows=10041 width=121)
	  Sort Key: c
	  ->  Bitmap Heap Scan on sbtest7  (cost=299.36..34686.63 rows=10041 width=121)
	        Recheck Cond: ((id >= 1798652) AND (id <= 1808651))
	        ->  Bitmap Index Scan on sbtest7_pkey  (cost=0.00..296.84 rows=10041 width=0)
	              Index Cond: ((id >= 1798652) AND (id <= 1808651))

table 8 : explain SELECT c FROM sbtest8 WHERE id BETWEEN 564403 AND 574402 ORDER BY c
	Sort  (cost=33577.10..33600.77 rows=9466 width=121)
	  Sort Key: c
	  ->  Bitmap Heap Scan on sbtest8  (cost=281.46..32951.94 rows=9466 width=121)
	        Recheck Cond: ((id >= 564403) AND (id <= 574402))
	        ->  Bitmap Index Scan on sbtest8_pkey  (cost=0.00..279.09 rows=9466 width=0)
	              Index Cond: ((id >= 564403) AND (id <= 574402))

for: simple_ranges
table 1 : explain SELECT c FROM sbtest1 WHERE id BETWEEN 2728364 AND 2738363
	Bitmap Heap Scan on sbtest1  (cost=295.78..34946.72 rows=10082 width=121)
	  Recheck Cond: ((id >= 2728364) AND (id <= 2738363))
	  ->  Bitmap Index Scan on sbtest1_pkey  (cost=0.00..293.25 rows=10082 width=0)
	        Index Cond: ((id >= 2728364) AND (id <= 2738363))

table 2 : explain SELECT c FROM sbtest2 WHERE id BETWEEN 4094863 AND 4104862
	Bitmap Heap Scan on sbtest2  (cost=275.74..32409.71 rows=9298 width=121)
	  Recheck Cond: ((id >= 4094863) AND (id <= 4104862))
	  ->  Bitmap Index Scan on sbtest2_pkey  (cost=0.00..273.42 rows=9298 width=0)
	        Index Cond: ((id >= 4094863) AND (id <= 4104862))

table 3 : explain SELECT c FROM sbtest3 WHERE id BETWEEN 8200524 AND 8210523
	Bitmap Heap Scan on sbtest3  (cost=280.44..33798.46 rows=9757 width=121)
	  Recheck Cond: ((id >= 8200524) AND (id <= 8210523))
	  ->  Bitmap Index Scan on sbtest3_pkey  (cost=0.00..278.00 rows=9757 width=0)
	        Index Cond: ((id >= 8200524) AND (id <= 8210523))

table 4 : explain SELECT c FROM sbtest4 WHERE id BETWEEN 340417 AND 350416
	Bitmap Heap Scan on sbtest4  (cost=278.59..33284.13 rows=9576 width=121)
	  Recheck Cond: ((id >= 340417) AND (id <= 350416))
	  ->  Bitmap Index Scan on sbtest4_pkey  (cost=0.00..276.19 rows=9576 width=0)
	        Index Cond: ((id >= 340417) AND (id <= 350416))

table 5 : explain SELECT c FROM sbtest5 WHERE id BETWEEN 6498016 AND 6508015
	Bitmap Heap Scan on sbtest5  (cost=265.49..31712.34 rows=9079 width=121)
	  Recheck Cond: ((id >= 6498016) AND (id <= 6508015))
	  ->  Bitmap Index Scan on sbtest5_pkey  (cost=0.00..263.23 rows=9079 width=0)
	        Index Cond: ((id >= 6498016) AND (id <= 6508015))

table 6 : explain SELECT c FROM sbtest6 WHERE id BETWEEN 6446464 AND 6456463
	Bitmap Heap Scan on sbtest6  (cost=283.12..33447.38 rows=9628 width=121)
	  Recheck Cond: ((id >= 6446464) AND (id <= 6456463))
	  ->  Bitmap Index Scan on sbtest6_pkey  (cost=0.00..280.71 rows=9628 width=0)
	        Index Cond: ((id >= 6446464) AND (id <= 6456463))

table 7 : explain SELECT c FROM sbtest7 WHERE id BETWEEN 9716842 AND 9726841
	Bitmap Heap Scan on sbtest7  (cost=288.20..33713.18 rows=9733 width=121)
	  Recheck Cond: ((id >= 9716842) AND (id <= 9726841))
	  ->  Bitmap Index Scan on sbtest7_pkey  (cost=0.00..285.76 rows=9733 width=0)
	        Index Cond: ((id >= 9716842) AND (id <= 9726841))

table 8 : explain SELECT c FROM sbtest8 WHERE id BETWEEN 288885 AND 298884
	Bitmap Heap Scan on sbtest8  (cost=312.30..36288.90 rows=10523 width=121)
	  Recheck Cond: ((id >= 288885) AND (id <= 298884))
	  ->  Bitmap Index Scan on sbtest8_pkey  (cost=0.00..309.67 rows=10523 width=0)
	        Index Cond: ((id >= 288885) AND (id <= 298884))

explain: for point_selects :: explain SELECT c FROM sbtest%u WHERE id=%u
for: sum_ranges
table 1 : explain SELECT SUM(k) FROM sbtest1 WHERE id BETWEEN 8723409 AND 8733408
	Aggregate  (cost=33661.05..33661.06 rows=1 width=8)
	  ->  Bitmap Heap Scan on sbtest1  (cost=283.54..33636.87 rows=9669 width=4)
	        Recheck Cond: ((id >= 8723409) AND (id <= 8733408))
	        ->  Bitmap Index Scan on sbtest1_pkey  (cost=0.00..281.12 rows=9669 width=0)
	              Index Cond: ((id >= 8723409) AND (id <= 8733408))

table 2 : explain SELECT SUM(k) FROM sbtest2 WHERE id BETWEEN 4576812 AND 4586811
	Aggregate  (cost=33909.28..33909.29 rows=1 width=8)
	  ->  Bitmap Heap Scan on sbtest2  (cost=288.51..33884.87 rows=9763 width=4)
	        Recheck Cond: ((id >= 4576812) AND (id <= 4586811))
	        ->  Bitmap Index Scan on sbtest2_pkey  (cost=0.00..286.06 rows=9763 width=0)
	              Index Cond: ((id >= 4576812) AND (id <= 4586811))

table 3 : explain SELECT SUM(k) FROM sbtest3 WHERE id BETWEEN 7481162 AND 7491161
	Aggregate  (cost=39237.16..39237.17 rows=1 width=8)
	  ->  Bitmap Heap Scan on sbtest3  (cost=330.24..39208.43 rows=11493 width=4)
	        Recheck Cond: ((id >= 7481162) AND (id <= 7491161))
	        ->  Bitmap Index Scan on sbtest3_pkey  (cost=0.00..327.37 rows=11493 width=0)
	              Index Cond: ((id >= 7481162) AND (id <= 7491161))

table 4 : explain SELECT SUM(k) FROM sbtest4 WHERE id BETWEEN 8380670 AND 8390669
	Aggregate  (cost=36673.99..36674.00 rows=1 width=8)
	  ->  Bitmap Heap Scan on sbtest4  (cost=309.54..36647.38 rows=10644 width=4)
	        Recheck Cond: ((id >= 8380670) AND (id <= 8390669))
	        ->  Bitmap Index Scan on sbtest4_pkey  (cost=0.00..306.88 rows=10644 width=0)
	              Index Cond: ((id >= 8380670) AND (id <= 8390669))

table 5 : explain SELECT SUM(k) FROM sbtest5 WHERE id BETWEEN 4569708 AND 4579707
	Aggregate  (cost=40239.18..40239.19 rows=1 width=8)
	  ->  Bitmap Heap Scan on sbtest5  (cost=345.26..40209.71 rows=11788 width=4)
	        Recheck Cond: ((id >= 4569708) AND (id <= 4579707))
	        ->  Bitmap Index Scan on sbtest5_pkey  (cost=0.00..342.31 rows=11788 width=0)
	              Index Cond: ((id >= 4569708) AND (id <= 4579707))

table 6 : explain SELECT SUM(k) FROM sbtest6 WHERE id BETWEEN 9495321 AND 9505320
	Aggregate  (cost=36497.01..36497.02 rows=1 width=8)
	  ->  Bitmap Heap Scan on sbtest6  (cost=312.96..36470.54 rows=10588 width=4)
	        Recheck Cond: ((id >= 9495321) AND (id <= 9505320))
	        ->  Bitmap Index Scan on sbtest6_pkey  (cost=0.00..310.31 rows=10588 width=0)
	              Index Cond: ((id >= 9495321) AND (id <= 9505320))

table 7 : explain SELECT SUM(k) FROM sbtest7 WHERE id BETWEEN 1978500 AND 1988499
	Aggregate  (cost=33675.98..33675.99 rows=1 width=8)
	  ->  Bitmap Heap Scan on sbtest7  (cost=287.99..33651.69 rows=9713 width=4)
	        Recheck Cond: ((id >= 1978500) AND (id <= 1988499))
	        ->  Bitmap Index Scan on sbtest7_pkey  (cost=0.00..285.56 rows=9713 width=0)
	              Index Cond: ((id >= 1978500) AND (id <= 1988499))

table 8 : explain SELECT SUM(k) FROM sbtest8 WHERE id BETWEEN 8639373 AND 8649372
	Aggregate  (cost=35347.18..35347.19 rows=1 width=8)
	  ->  Bitmap Heap Scan on sbtest8  (cost=305.13..35321.65 rows=10214 width=4)
	        Recheck Cond: ((id >= 8639373) AND (id <= 8649372))
	        ->  Bitmap Index Scan on sbtest8_pkey  (cost=0.00..302.57 rows=10214 width=0)
	              Index Cond: ((id >= 8639373) AND (id <= 8649372))

explain: for point_selects :: explain SELECT c FROM sbtest%u WHERE id=%u
explain: for point_selects :: explain SELECT c FROM sbtest%u WHERE id=%u
explain: for point_selects :: explain SELECT c FROM sbtest%u WHERE id=%u
for: distinct_ranges
table 1 : explain SELECT DISTINCT c FROM sbtest1 WHERE id BETWEEN 4171291 AND 4181290 ORDER BY c
	Unique  (cost=36398.96..36450.58 rows=10324 width=121)
	  ->  Sort  (cost=36398.96..36424.77 rows=10324 width=121)
	        Sort Key: c
	        ->  Bitmap Heap Scan on sbtest1  (cost=302.26..35710.67 rows=10324 width=121)
	              Recheck Cond: ((id >= 4171291) AND (id <= 4181290))
	              ->  Bitmap Index Scan on sbtest1_pkey  (cost=0.00..299.68 rows=10324 width=0)
	                    Index Cond: ((id >= 4171291) AND (id <= 4181290))

table 2 : explain SELECT DISTINCT c FROM sbtest2 WHERE id BETWEEN 9687054 AND 9697053 ORDER BY c
	Unique  (cost=35447.27..35497.50 rows=10047 width=121)
	  ->  Sort  (cost=35447.27..35472.39 rows=10047 width=121)
	        Sort Key: c
	        ->  Bitmap Heap Scan on sbtest2  (cost=295.42..34779.42 rows=10047 width=121)
	              Recheck Cond: ((id >= 9687054) AND (id <= 9697053))
	              ->  Bitmap Index Scan on sbtest2_pkey  (cost=0.00..292.91 rows=10047 width=0)
	                    Index Cond: ((id >= 9687054) AND (id <= 9697053))

table 3 : explain SELECT DISTINCT c FROM sbtest3 WHERE id BETWEEN 4414307 AND 4424306 ORDER BY c
	Unique  (cost=35484.49..35534.88 rows=10079 width=121)
	  ->  Sort  (cost=35484.49..35509.68 rows=10079 width=121)
	        Sort Key: c
	        ->  Bitmap Heap Scan on sbtest3  (cost=291.74..34814.28 rows=10079 width=121)
	              Recheck Cond: ((id >= 4414307) AND (id <= 4424306))
	              ->  Bitmap Index Scan on sbtest3_pkey  (cost=0.00..289.23 rows=10079 width=0)
	                    Index Cond: ((id >= 4414307) AND (id <= 4424306))

table 4 : explain SELECT DISTINCT c FROM sbtest4 WHERE id BETWEEN 3005914 AND 3015913 ORDER BY c
	Unique  (cost=33977.17..34025.14 rows=9594 width=121)
	  ->  Sort  (cost=33977.17..34001.16 rows=9594 width=121)
	        Sort Key: c
	        ->  Bitmap Heap Scan on sbtest4  (cost=278.77..33342.63 rows=9594 width=121)
	              Recheck Cond: ((id >= 3005914) AND (id <= 3015913))
	              ->  Bitmap Index Scan on sbtest4_pkey  (cost=0.00..276.38 rows=9594 width=0)
	                    Index Cond: ((id >= 3005914) AND (id <= 3015913))

table 5 : explain SELECT DISTINCT c FROM sbtest5 WHERE id BETWEEN 5256047 AND 5266046 ORDER BY c
	Unique  (cost=36888.97..36941.43 rows=10492 width=121)
	  ->  Sort  (cost=36888.97..36915.20 rows=10492 width=121)
	        Sort Key: c
	        ->  Bitmap Heap Scan on sbtest5  (cost=307.98..36188.27 rows=10492 width=121)
	              Recheck Cond: ((id >= 5256047) AND (id <= 5266046))
	              ->  Bitmap Index Scan on sbtest5_pkey  (cost=0.00..305.36 rows=10492 width=0)
	                    Index Cond: ((id >= 5256047) AND (id <= 5266046))

table 6 : explain SELECT DISTINCT c FROM sbtest6 WHERE id BETWEEN 7157777 AND 7167776 ORDER BY c
	Unique  (cost=34795.47..34844.71 rows=9848 width=121)
	  ->  Sort  (cost=34795.47..34820.09 rows=9848 width=121)
	        Sort Key: c
	        ->  Bitmap Heap Scan on sbtest6  (cost=289.38..34142.28 rows=9848 width=121)
	              Recheck Cond: ((id >= 7157777) AND (id <= 7167776))
	              ->  Bitmap Index Scan on sbtest6_pkey  (cost=0.00..286.92 rows=9848 width=0)
	                    Index Cond: ((id >= 7157777) AND (id <= 7167776))

table 7 : explain SELECT DISTINCT c FROM sbtest7 WHERE id BETWEEN 4081574 AND 4091573 ORDER BY c
	Unique  (cost=35069.56..35119.33 rows=9954 width=121)
	  ->  Sort  (cost=35069.56..35094.44 rows=9954 width=121)
	        Sort Key: c
	        ->  Bitmap Heap Scan on sbtest7  (cost=294.46..34408.56 rows=9954 width=121)
	              Recheck Cond: ((id >= 4081574) AND (id <= 4091573))
	              ->  Bitmap Index Scan on sbtest7_pkey  (cost=0.00..291.98 rows=9954 width=0)
	                    Index Cond: ((id >= 4081574) AND (id <= 4091573))

table 8 : explain SELECT DISTINCT c FROM sbtest8 WHERE id BETWEEN 3596746 AND 3606745 ORDER BY c
	Unique  (cost=33166.23..33212.93 rows=9340 width=121)
	  ->  Sort  (cost=33166.23..33189.58 rows=9340 width=121)
	        Sort Key: c
	        ->  Bitmap Heap Scan on sbtest8  (cost=276.17..32550.30 rows=9340 width=121)
	              Recheck Cond: ((id >= 3596746) AND (id <= 3606745))
	              ->  Bitmap Index Scan on sbtest8_pkey  (cost=0.00..273.83 rows=9340 width=0)
	                    Index Cond: ((id >= 3596746) AND (id <= 3606745))

for: order_ranges
table 1 : explain SELECT c FROM sbtest1 WHERE id BETWEEN 1977410 AND 1987409 ORDER BY c
	Sort  (cost=36044.40..36069.94 rows=10215 width=121)
	  Sort Key: c
	  ->  Bitmap Heap Scan on sbtest1  (cost=297.14..35364.16 rows=10215 width=121)
	        Recheck Cond: ((id >= 1977410) AND (id <= 1987409))
	        ->  Bitmap Index Scan on sbtest1_pkey  (cost=0.00..294.58 rows=10215 width=0)
	              Index Cond: ((id >= 1977410) AND (id <= 1987409))

table 2 : explain SELECT c FROM sbtest2 WHERE id BETWEEN 3571664 AND 3581663 ORDER BY c
	Sort  (cost=36261.38..36287.13 rows=10298 width=121)
	  Sort Key: c
	  ->  Bitmap Heap Scan on sbtest2  (cost=305.99..35575.02 rows=10298 width=121)
	        Recheck Cond: ((id >= 3571664) AND (id <= 3581663))
	        ->  Bitmap Index Scan on sbtest2_pkey  (cost=0.00..303.42 rows=10298 width=0)
	              Index Cond: ((id >= 3571664) AND (id <= 3581663))

table 3 : explain SELECT c FROM sbtest3 WHERE id BETWEEN 3697044 AND 3707043 ORDER BY c
	Sort  (cost=36249.68..36275.47 rows=10317 width=121)
	  Sort Key: c
	  ->  Bitmap Heap Scan on sbtest3  (cost=298.18..35561.91 rows=10317 width=121)
	        Recheck Cond: ((id >= 3697044) AND (id <= 3707043))
	        ->  Bitmap Index Scan on sbtest3_pkey  (cost=0.00..295.61 rows=10317 width=0)
	              Index Cond: ((id >= 3697044) AND (id <= 3707043))

table 4 : explain SELECT c FROM sbtest4 WHERE id BETWEEN 4564942 AND 4574941 ORDER BY c
	Sort  (cost=32224.27..32246.91 rows=9056 width=121)
	  Sort Key: c
	  ->  Bitmap Heap Scan on sbtest4  (cost=265.26..31629.08 rows=9056 width=121)
	        Recheck Cond: ((id >= 4564942) AND (id <= 4574941))
	        ->  Bitmap Index Scan on sbtest4_pkey  (cost=0.00..263.00 rows=9056 width=0)
	              Index Cond: ((id >= 4564942) AND (id <= 4574941))

table 5 : explain SELECT c FROM sbtest5 WHERE id BETWEEN 8312872 AND 8322871 ORDER BY c
	Sort  (cost=34957.03..34981.76 rows=9892 width=121)
	  Sort Key: c
	  ->  Bitmap Heap Scan on sbtest5  (cost=289.83..34300.60 rows=9892 width=121)
	        Recheck Cond: ((id >= 8312872) AND (id <= 8322871))
	        ->  Bitmap Index Scan on sbtest5_pkey  (cost=0.00..287.36 rows=9892 width=0)
	              Index Cond: ((id >= 8312872) AND (id <= 8322871))

table 6 : explain SELECT c FROM sbtest6 WHERE id BETWEEN 4028183 AND 4038182 ORDER BY c
	Sort  (cost=36486.47..36512.40 rows=10372 width=121)
	  Sort Key: c
	  ->  Bitmap Heap Scan on sbtest6  (cost=306.75..35794.63 rows=10372 width=121)
	        Recheck Cond: ((id >= 4028183) AND (id <= 4038182))
	        ->  Bitmap Index Scan on sbtest6_pkey  (cost=0.00..304.16 rows=10372 width=0)
	              Index Cond: ((id >= 4028183) AND (id <= 4038182))

table 7 : explain SELECT c FROM sbtest7 WHERE id BETWEEN 3185267 AND 3195266 ORDER BY c
	Sort  (cost=33767.91..33791.78 rows=9549 width=121)
	  Sort Key: c
	  ->  Bitmap Heap Scan on sbtest7  (cost=286.31..33136.66 rows=9549 width=121)
	        Recheck Cond: ((id >= 3185267) AND (id <= 3195266))
	        ->  Bitmap Index Scan on sbtest7_pkey  (cost=0.00..283.93 rows=9549 width=0)
	              Index Cond: ((id >= 3185267) AND (id <= 3195266))

table 8 : explain SELECT c FROM sbtest8 WHERE id BETWEEN 7809777 AND 7819776 ORDER BY c
	Sort  (cost=35839.24..35864.66 rows=10165 width=121)
	  Sort Key: c
	  ->  Bitmap Heap Scan on sbtest8  (cost=300.63..35162.70 rows=10165 width=121)
	        Recheck Cond: ((id >= 7809777) AND (id <= 7819776))
	        ->  Bitmap Index Scan on sbtest8_pkey  (cost=0.00..298.08 rows=10165 width=0)
	              Index Cond: ((id >= 7809777) AND (id <= 7819776))

for: sum_ranges
table 1 : explain SELECT SUM(k) FROM sbtest1 WHERE id BETWEEN 2124275 AND 2134274
	Aggregate  (cost=33151.69..33151.70 rows=1 width=8)
	  ->  Bitmap Heap Scan on sbtest1  (cost=277.90..33127.92 rows=9509 width=4)
	        Recheck Cond: ((id >= 2124275) AND (id <= 2134274))
	        ->  Bitmap Index Scan on sbtest1_pkey  (cost=0.00..275.53 rows=9509 width=0)
	              Index Cond: ((id >= 2124275) AND (id <= 2134274))

table 2 : explain SELECT SUM(k) FROM sbtest2 WHERE id BETWEEN 9028579 AND 9038578
	Aggregate  (cost=32180.70..32180.71 rows=1 width=8)
	  ->  Bitmap Heap Scan on sbtest2  (cost=270.94..32157.65 rows=9220 width=4)
	        Recheck Cond: ((id >= 9028579) AND (id <= 9038578))
	        ->  Bitmap Index Scan on sbtest2_pkey  (cost=0.00..268.63 rows=9220 width=0)
	              Index Cond: ((id >= 9028579) AND (id <= 9038578))

table 3 : explain SELECT SUM(k) FROM sbtest3 WHERE id BETWEEN 2274682 AND 2284681
	Aggregate  (cost=34736.21..34736.22 rows=1 width=8)
	  ->  Bitmap Heap Scan on sbtest3  (cost=291.41..34711.10 rows=10046 width=4)
	        Recheck Cond: ((id >= 2274682) AND (id <= 2284681))
	        ->  Bitmap Index Scan on sbtest3_pkey  (cost=0.00..288.90 rows=10046 width=0)
	              Index Cond: ((id >= 2274682) AND (id <= 2284681))

table 4 : explain SELECT SUM(k) FROM sbtest4 WHERE id BETWEEN 7658284 AND 7668283
	Aggregate  (cost=37345.31..37345.32 rows=1 width=8)
	  ->  Bitmap Heap Scan on sbtest4  (cost=315.74..37318.16 rows=10859 width=4)
	        Recheck Cond: ((id >= 7658284) AND (id <= 7668283))
	        ->  Bitmap Index Scan on sbtest4_pkey  (cost=0.00..313.03 rows=10859 width=0)
	              Index Cond: ((id >= 7658284) AND (id <= 7668283))

table 5 : explain SELECT SUM(k) FROM sbtest5 WHERE id BETWEEN 2737774 AND 2747773
	Aggregate  (cost=33879.98..33879.99 rows=1 width=8)
	  ->  Bitmap Heap Scan on sbtest5  (cost=284.39..33855.60 rows=9752 width=4)
	        Recheck Cond: ((id >= 2737774) AND (id <= 2747773))
	        ->  Bitmap Index Scan on sbtest5_pkey  (cost=0.00..281.95 rows=9752 width=0)
	              Index Cond: ((id >= 2737774) AND (id <= 2747773))

table 6 : explain SELECT SUM(k) FROM sbtest6 WHERE id BETWEEN 998877 AND 1008876
	Aggregate  (cost=33614.45..33614.46 rows=1 width=8)
	  ->  Bitmap Heap Scan on sbtest6  (cost=283.59..33590.27 rows=9674 width=4)
	        Recheck Cond: ((id >= 998877) AND (id <= 1008876))
	        ->  Bitmap Index Scan on sbtest6_pkey  (cost=0.00..281.18 rows=9674 width=0)
	              Index Cond: ((id >= 998877) AND (id <= 1008876))

table 7 : explain SELECT SUM(k) FROM sbtest7 WHERE id BETWEEN 748312 AND 758311
	Aggregate  (cost=35063.08..35063.09 rows=1 width=8)
	  ->  Bitmap Heap Scan on sbtest7  (cost=300.51..35037.70 rows=10154 width=4)
	        Recheck Cond: ((id >= 748312) AND (id <= 758311))
	        ->  Bitmap Index Scan on sbtest7_pkey  (cost=0.00..297.98 rows=10154 width=0)
	              Index Cond: ((id >= 748312) AND (id <= 758311))

table 8 : explain SELECT SUM(k) FROM sbtest8 WHERE id BETWEEN 4571426 AND 4581425
	Aggregate  (cost=33763.91..33763.92 rows=1 width=8)
	  ->  Bitmap Heap Scan on sbtest8  (cost=288.00..33739.63 rows=9714 width=4)
	        Recheck Cond: ((id >= 4571426) AND (id <= 4581425))
	        ->  Bitmap Index Scan on sbtest8_pkey  (cost=0.00..285.57 rows=9714 width=0)
	              Index Cond: ((id >= 4571426) AND (id <= 4581425))

explain: for point_selects :: explain SELECT c FROM sbtest%u WHERE id=%u
for: sum_ranges
table 1 : explain SELECT SUM(k) FROM sbtest1 WHERE id BETWEEN 7846783 AND 7856782
	Aggregate  (cost=36234.50..36234.51 rows=1 width=8)
	  ->  Bitmap Heap Scan on sbtest1  (cost=307.88..36208.30 rows=10482 width=4)
	        Recheck Cond: ((id >= 7846783) AND (id <= 7856782))
	        ->  Bitmap Index Scan on sbtest1_pkey  (cost=0.00..305.25 rows=10482 width=0)
	              Index Cond: ((id >= 7846783) AND (id <= 7856782))

table 2 : explain SELECT SUM(k) FROM sbtest2 WHERE id BETWEEN 9575897 AND 9585896
	Aggregate  (cost=34188.33..34188.34 rows=1 width=8)
	  ->  Bitmap Heap Scan on sbtest2  (cost=289.42..34163.70 rows=9852 width=4)
	        Recheck Cond: ((id >= 9575897) AND (id <= 9585896))
	        ->  Bitmap Index Scan on sbtest2_pkey  (cost=0.00..286.95 rows=9852 width=0)
	              Index Cond: ((id >= 9575897) AND (id <= 9585896))

table 3 : explain SELECT SUM(k) FROM sbtest3 WHERE id BETWEEN 3500994 AND 3510993
	Aggregate  (cost=33677.03..33677.04 rows=1 width=8)
	  ->  Bitmap Heap Scan on sbtest3  (cost=279.96..33652.75 rows=9710 width=4)
	        Recheck Cond: ((id >= 3500994) AND (id <= 3510993))
	        ->  Bitmap Index Scan on sbtest3_pkey  (cost=0.00..277.54 rows=9710 width=0)
	              Index Cond: ((id >= 3500994) AND (id <= 3510993))

table 4 : explain SELECT SUM(k) FROM sbtest4 WHERE id BETWEEN 848979 AND 858978
	Aggregate  (cost=34160.61..34160.62 rows=1 width=8)
	  ->  Bitmap Heap Scan on sbtest4  (cost=289.33..34136.00 rows=9843 width=4)
	        Recheck Cond: ((id >= 848979) AND (id <= 858978))
	        ->  Bitmap Index Scan on sbtest4_pkey  (cost=0.00..286.87 rows=9843 width=0)
	              Index Cond: ((id >= 848979) AND (id <= 858978))

table 5 : explain SELECT SUM(k) FROM sbtest5 WHERE id BETWEEN 5167902 AND 5177901
	Aggregate  (cost=32867.16..32867.17 rows=1 width=8)
	  ->  Bitmap Heap Scan on sbtest5  (cost=277.12..32843.57 rows=9433 width=4)
	        Recheck Cond: ((id >= 5167902) AND (id <= 5177901))
	        ->  Bitmap Index Scan on sbtest5_pkey  (cost=0.00..274.76 rows=9433 width=0)
	              Index Cond: ((id >= 5167902) AND (id <= 5177901))

table 6 : explain SELECT SUM(k) FROM sbtest6 WHERE id BETWEEN 6733085 AND 6743084
	Aggregate  (cost=36622.31..36622.32 rows=1 width=8)
	  ->  Bitmap Heap Scan on sbtest6  (cost=313.38..36595.74 rows=10629 width=4)
	        Recheck Cond: ((id >= 6733085) AND (id <= 6743084))
	        ->  Bitmap Index Scan on sbtest6_pkey  (cost=0.00..310.73 rows=10629 width=0)
	              Index Cond: ((id >= 6733085) AND (id <= 6743084))

table 7 : explain SELECT SUM(k) FROM sbtest7 WHERE id BETWEEN 5522064 AND 5532063
	Aggregate  (cost=35691.20..35691.21 rows=1 width=8)
	  ->  Bitmap Heap Scan on sbtest7  (cost=306.56..35665.32 rows=10354 width=4)
	        Recheck Cond: ((id >= 5522064) AND (id <= 5532063))
	        ->  Bitmap Index Scan on sbtest7_pkey  (cost=0.00..303.98 rows=10354 width=0)
	              Index Cond: ((id >= 5522064) AND (id <= 5532063))

table 8 : explain SELECT SUM(k) FROM sbtest8 WHERE id BETWEEN 441246 AND 451245
	Aggregate  (cost=36611.91..36611.92 rows=1 width=8)
	  ->  Bitmap Heap Scan on sbtest8  (cost=317.26..36585.37 rows=10617 width=4)
	        Recheck Cond: ((id >= 441246) AND (id <= 451245))
	        ->  Bitmap Index Scan on sbtest8_pkey  (cost=0.00..314.61 rows=10617 width=0)
	              Index Cond: ((id >= 441246) AND (id <= 451245))

for: distinct_ranges
table 1 : explain SELECT DISTINCT c FROM sbtest1 WHERE id BETWEEN 8919385 AND 8929384 ORDER BY c
	Unique  (cost=33254.72..33301.50 rows=9356 width=121)
	  ->  Sort  (cost=33254.72..33278.11 rows=9356 width=121)
	        Sort Key: c
	        ->  Bitmap Heap Scan on sbtest1  (cost=272.33..32637.61 rows=9356 width=121)
	              Recheck Cond: ((id >= 8919385) AND (id <= 8929384))
	              ->  Bitmap Index Scan on sbtest1_pkey  (cost=0.00..270.00 rows=9356 width=0)
	                    Index Cond: ((id >= 8919385) AND (id <= 8929384))

table 2 : explain SELECT DISTINCT c FROM sbtest2 WHERE id BETWEEN 2136831 AND 2146830 ORDER BY c
	Unique  (cost=35735.61..35786.29 rows=10135 width=121)
	  ->  Sort  (cost=35735.61..35760.95 rows=10135 width=121)
	        Sort Key: c
	        ->  Bitmap Heap Scan on sbtest2  (cost=300.32..35061.28 rows=10135 width=121)
	              Recheck Cond: ((id >= 2136831) AND (id <= 2146830))
	              ->  Bitmap Index Scan on sbtest2_pkey  (cost=0.00..297.79 rows=10135 width=0)
	                    Index Cond: ((id >= 2136831) AND (id <= 2146830))

table 3 : explain SELECT DISTINCT c FROM sbtest3 WHERE id BETWEEN 872365 AND 882364 ORDER BY c
	Unique  (cost=32518.98..32564.79 rows=9162 width=121)
	  ->  Sort  (cost=32518.98..32541.88 rows=9162 width=121)
	        Sort Key: c
	        ->  Bitmap Heap Scan on sbtest3  (cost=266.35..31916.05 rows=9162 width=121)
	              Recheck Cond: ((id >= 872365) AND (id <= 882364))
	              ->  Bitmap Index Scan on sbtest3_pkey  (cost=0.00..264.06 rows=9162 width=0)
	                    Index Cond: ((id >= 872365) AND (id <= 882364))

table 4 : explain SELECT DISTINCT c FROM sbtest4 WHERE id BETWEEN 4613285 AND 4623284 ORDER BY c
	Unique  (cost=35554.61..35605.01 rows=10081 width=121)
	  ->  Sort  (cost=35554.61..35579.81 rows=10081 width=121)
	        Sort Key: c
	        ->  Bitmap Heap Scan on sbtest4  (cost=295.77..34884.26 rows=10081 width=121)
	              Recheck Cond: ((id >= 4613285) AND (id <= 4623284))
	              ->  Bitmap Index Scan on sbtest4_pkey  (cost=0.00..293.25 rows=10081 width=0)
	                    Index Cond: ((id >= 4613285) AND (id <= 4623284))

table 5 : explain SELECT DISTINCT c FROM sbtest5 WHERE id BETWEEN 840213 AND 850212 ORDER BY c
	Unique  (cost=33876.07..33923.87 rows=9560 width=121)
	  ->  Sort  (cost=33876.07..33899.97 rows=9560 width=121)
	        Sort Key: c
	        ->  Bitmap Heap Scan on sbtest5  (cost=278.43..33244.02 rows=9560 width=121)
	              Recheck Cond: ((id >= 840213) AND (id <= 850212))
	              ->  Bitmap Index Scan on sbtest5_pkey  (cost=0.00..276.04 rows=9560 width=0)
	                    Index Cond: ((id >= 840213) AND (id <= 850212))

table 6 : explain SELECT DISTINCT c FROM sbtest6 WHERE id BETWEEN 3106368 AND 3116367 ORDER BY c
	Unique  (cost=33171.62..33218.35 rows=9347 width=121)
	  ->  Sort  (cost=33171.62..33194.99 rows=9347 width=121)
	        Sort Key: c
	        ->  Bitmap Heap Scan on sbtest6  (cost=276.24..32555.17 rows=9347 width=121)
	              Recheck Cond: ((id >= 3106368) AND (id <= 3116367))
	              ->  Bitmap Index Scan on sbtest6_pkey  (cost=0.00..273.91 rows=9347 width=0)
	                    Index Cond: ((id >= 3106368) AND (id <= 3116367))

table 7 : explain SELECT DISTINCT c FROM sbtest7 WHERE id BETWEEN 129820 AND 139819 ORDER BY c
	Unique  (cost=34785.38..34834.71 rows=9865 width=121)
	  ->  Sort  (cost=34785.38..34810.05 rows=9865 width=121)
	        Sort Key: c
	        ->  Bitmap Heap Scan on sbtest7  (cost=293.55..34130.94 rows=9865 width=121)
	              Recheck Cond: ((id >= 129820) AND (id <= 139819))
	              ->  Bitmap Index Scan on sbtest7_pkey  (cost=0.00..291.08 rows=9865 width=0)
	                    Index Cond: ((id >= 129820) AND (id <= 139819))

table 8 : explain SELECT DISTINCT c FROM sbtest8 WHERE id BETWEEN 4635327 AND 4645326 ORDER BY c
	Unique  (cost=35409.21..35459.37 rows=10031 width=121)
	  ->  Sort  (cost=35409.21..35434.29 rows=10031 width=121)
	        Sort Key: c
	        ->  Bitmap Heap Scan on sbtest8  (cost=299.25..34742.54 rows=10031 width=121)
	              Recheck Cond: ((id >= 4635327) AND (id <= 4645326))
	              ->  Bitmap Index Scan on sbtest8_pkey  (cost=0.00..296.75 rows=10031 width=0)
	                    Index Cond: ((id >= 4635327) AND (id <= 4645326))

for point_selects
table 1 : explain SELECT c FROM sbtest1 WHERE id=4878671
	Index Scan using sbtest1_pkey on sbtest1  (cost=0.43..8.45 rows=1 width=121)
	  Index Cond: (id = 4878671)

table 2 : explain SELECT c FROM sbtest2 WHERE id=6087233
	Index Scan using sbtest2_pkey on sbtest2  (cost=0.43..8.45 rows=1 width=121)
	  Index Cond: (id = 6087233)

table 3 : explain SELECT c FROM sbtest3 WHERE id=9824619
	Index Scan using sbtest3_pkey on sbtest3  (cost=0.43..8.45 rows=1 width=121)
	  Index Cond: (id = 9824619)

table 4 : explain SELECT c FROM sbtest4 WHERE id=4218526
	Index Scan using sbtest4_pkey on sbtest4  (cost=0.43..8.45 rows=1 width=121)
	  Index Cond: (id = 4218526)

table 5 : explain SELECT c FROM sbtest5 WHERE id=7316120
	Index Scan using sbtest5_pkey on sbtest5  (cost=0.43..8.45 rows=1 width=121)
	  Index Cond: (id = 7316120)

table 6 : explain SELECT c FROM sbtest6 WHERE id=703927
	Index Scan using sbtest6_pkey on sbtest6  (cost=0.43..8.45 rows=1 width=121)
	  Index Cond: (id = 703927)

table 7 : explain SELECT c FROM sbtest7 WHERE id=731704
	Index Scan using sbtest7_pkey on sbtest7  (cost=0.43..8.45 rows=1 width=121)
	  Index Cond: (id = 731704)

table 8 : explain SELECT c FROM sbtest8 WHERE id=8363118
	Index Scan using sbtest8_pkey on sbtest8  (cost=0.43..8.45 rows=1 width=121)
	  Index Cond: (id = 8363118)

for: order_ranges
table 1 : explain SELECT c FROM sbtest1 WHERE id BETWEEN 6978137 AND 6988136 ORDER BY c
	Sort  (cost=35215.10..35239.99 rows=9958 width=121)
	  Sort Key: c
	  ->  Bitmap Heap Scan on sbtest1  (cost=290.50..34553.80 rows=9958 width=121)
	        Recheck Cond: ((id >= 6978137) AND (id <= 6988136))
	        ->  Bitmap Index Scan on sbtest1_pkey  (cost=0.00..288.01 rows=9958 width=0)
	              Index Cond: ((id >= 6978137) AND (id <= 6988136))

table 2 : explain SELECT c FROM sbtest2 WHERE id BETWEEN 1924580 AND 1934579 ORDER BY c
	Sort  (cost=31991.42..32013.88 rows=8984 width=121)
	  Sort Key: c
	  ->  Bitmap Heap Scan on sbtest2  (cost=264.52..31401.48 rows=8984 width=121)
	        Recheck Cond: ((id >= 1924580) AND (id <= 1934579))
	        ->  Bitmap Index Scan on sbtest2_pkey  (cost=0.00..262.28 rows=8984 width=0)
	              Index Cond: ((id >= 1924580) AND (id <= 1934579))

table 3 : explain SELECT c FROM sbtest3 WHERE id BETWEEN 1284332 AND 1294331 ORDER BY c
	Sort  (cost=33052.20..33075.51 rows=9327 width=121)
	  Sort Key: c
	  ->  Bitmap Heap Scan on sbtest3  (cost=268.04..32437.21 rows=9327 width=121)
	        Recheck Cond: ((id >= 1284332) AND (id <= 1294331))
	        ->  Bitmap Index Scan on sbtest3_pkey  (cost=0.00..265.70 rows=9327 width=0)
	              Index Cond: ((id >= 1284332) AND (id <= 1294331))

table 4 : explain SELECT c FROM sbtest4 WHERE id BETWEEN 446796 AND 456795 ORDER BY c
	Sort  (cost=36928.45..36954.72 rows=10508 width=121)
	  Sort Key: c
	  ->  Bitmap Heap Scan on sbtest4  (cost=308.14..36226.56 rows=10508 width=121)
	        Recheck Cond: ((id >= 446796) AND (id <= 456795))
	        ->  Bitmap Index Scan on sbtest4_pkey  (cost=0.00..305.51 rows=10508 width=0)
	              Index Cond: ((id >= 446796) AND (id <= 456795))

table 5 : explain SELECT c FROM sbtest5 WHERE id BETWEEN 4127905 AND 4137904 ORDER BY c
	Sort  (cost=34325.73..34349.97 rows=9698 width=121)
	  Sort Key: c
	  ->  Bitmap Heap Scan on sbtest5  (cost=283.84..33683.55 rows=9698 width=121)
	        Recheck Cond: ((id >= 4127905) AND (id <= 4137904))
	        ->  Bitmap Index Scan on sbtest5_pkey  (cost=0.00..281.42 rows=9698 width=0)
	              Index Cond: ((id >= 4127905) AND (id <= 4137904))

table 6 : explain SELECT c FROM sbtest6 WHERE id BETWEEN 5698104 AND 5708103 ORDER BY c
	Sort  (cost=35789.68..35815.07 rows=10156 width=121)
	  Sort Key: c
	  ->  Bitmap Heap Scan on sbtest6  (cost=300.53..35113.80 rows=10156 width=121)
	        Recheck Cond: ((id >= 5698104) AND (id <= 5708103))
	        ->  Bitmap Index Scan on sbtest6_pkey  (cost=0.00..298.00 rows=10156 width=0)
	              Index Cond: ((id >= 5698104) AND (id <= 5708103))

table 7 : explain SELECT c FROM sbtest7 WHERE id BETWEEN 808775 AND 818774 ORDER BY c
	Sort  (cost=34056.45..34080.55 rows=9639 width=121)
	  Sort Key: c
	  ->  Bitmap Heap Scan on sbtest7  (cost=287.23..33418.61 rows=9639 width=121)
	        Recheck Cond: ((id >= 808775) AND (id <= 818774))
	        ->  Bitmap Index Scan on sbtest7_pkey  (cost=0.00..284.82 rows=9639 width=0)
	              Index Cond: ((id >= 808775) AND (id <= 818774))

table 8 : explain SELECT c FROM sbtest8 WHERE id BETWEEN 2257356 AND 2267355 ORDER BY c
	Sort  (cost=34047.20..34071.22 rows=9610 width=121)
	  Sort Key: c
	  ->  Bitmap Heap Scan on sbtest8  (cost=286.94..33411.48 rows=9610 width=121)
	        Recheck Cond: ((id >= 2257356) AND (id <= 2267355))
	        ->  Bitmap Index Scan on sbtest8_pkey  (cost=0.00..284.54 rows=9610 width=0)
	              Index Cond: ((id >= 2257356) AND (id <= 2267355))

for: order_ranges
table 1 : explain SELECT c FROM sbtest1 WHERE id BETWEEN 4162903 AND 4172902 ORDER BY c
	Sort  (cost=36398.96..36424.77 rows=10324 width=121)
	  Sort Key: c
	  ->  Bitmap Heap Scan on sbtest1  (cost=302.26..35710.67 rows=10324 width=121)
	        Recheck Cond: ((id >= 4162903) AND (id <= 4172902))
	        ->  Bitmap Index Scan on sbtest1_pkey  (cost=0.00..299.68 rows=10324 width=0)
	              Index Cond: ((id >= 4162903) AND (id <= 4172902))

table 2 : explain SELECT c FROM sbtest2 WHERE id BETWEEN 7166369 AND 7176368 ORDER BY c
	Sort  (cost=34933.92..34958.64 rows=9887 width=121)
	  Sort Key: c
	  ->  Bitmap Heap Scan on sbtest2  (cost=293.78..34277.85 rows=9887 width=121)
	        Recheck Cond: ((id >= 7166369) AND (id <= 7176368))
	        ->  Bitmap Index Scan on sbtest2_pkey  (cost=0.00..291.31 rows=9887 width=0)
	              Index Cond: ((id >= 7166369) AND (id <= 7176368))

table 3 : explain SELECT c FROM sbtest3 WHERE id BETWEEN 8155503 AND 8165502 ORDER BY c
	Sort  (cost=35913.13..35938.66 rows=10213 width=121)
	  Sort Key: c
	  ->  Bitmap Heap Scan on sbtest3  (cost=293.12..35233.04 rows=10213 width=121)
	        Recheck Cond: ((id >= 8155503) AND (id <= 8165502))
	        ->  Bitmap Index Scan on sbtest3_pkey  (cost=0.00..290.56 rows=10213 width=0)
	              Index Cond: ((id >= 8155503) AND (id <= 8165502))

table 4 : explain SELECT c FROM sbtest4 WHERE id BETWEEN 280850 AND 290849 ORDER BY c
	Sort  (cost=35514.86..35540.03 rows=10068 width=121)
	  Sort Key: c
	  ->  Bitmap Heap Scan on sbtest4  (cost=295.63..34845.46 rows=10068 width=121)
	        Recheck Cond: ((id >= 280850) AND (id <= 290849))
	        ->  Bitmap Index Scan on sbtest4_pkey  (cost=0.00..293.12 rows=10068 width=0)
	              Index Cond: ((id >= 280850) AND (id <= 290849))

table 5 : explain SELECT c FROM sbtest5 WHERE id BETWEEN 3411111 AND 3421110 ORDER BY c
	Sort  (cost=37491.72..37518.42 rows=10680 width=121)
	  Sort Key: c
	  ->  Bitmap Heap Scan on sbtest5  (cost=313.91..36777.09 rows=10680 width=121)
	        Recheck Cond: ((id >= 3411111) AND (id <= 3421110))
	        ->  Bitmap Index Scan on sbtest5_pkey  (cost=0.00..311.24 rows=10680 width=0)
	              Index Cond: ((id >= 3411111) AND (id <= 3421110))

table 6 : explain SELECT c FROM sbtest6 WHERE id BETWEEN 3984975 AND 3994974 ORDER BY c
	Sort  (cost=36486.47..36512.40 rows=10372 width=121)
	  Sort Key: c
	  ->  Bitmap Heap Scan on sbtest6  (cost=306.75..35794.63 rows=10372 width=121)
	        Recheck Cond: ((id >= 3984975) AND (id <= 3994974))
	        ->  Bitmap Index Scan on sbtest6_pkey  (cost=0.00..304.16 rows=10372 width=0)
	              Index Cond: ((id >= 3984975) AND (id <= 3994974))

table 7 : explain SELECT c FROM sbtest7 WHERE id BETWEEN 3841002 AND 3851001 ORDER BY c
	Sort  (cost=34308.21..34332.50 rows=9717 width=121)
	  Sort Key: c
	  ->  Bitmap Heap Scan on sbtest7  (cost=288.03..33664.63 rows=9717 width=121)
	        Recheck Cond: ((id >= 3841002) AND (id <= 3851001))
	        ->  Bitmap Index Scan on sbtest7_pkey  (cost=0.00..285.61 rows=9717 width=0)
	              Index Cond: ((id >= 3841002) AND (id <= 3851001))

table 8 : explain SELECT c FROM sbtest8 WHERE id BETWEEN 5423593 AND 5433592 ORDER BY c
	Sort  (cost=36646.06..36672.10 rows=10415 width=121)
	  Sort Key: c
	  ->  Bitmap Heap Scan on sbtest8  (cost=311.19..35951.05 rows=10415 width=121)
	        Recheck Cond: ((id >= 5423593) AND (id <= 5433592))
	        ->  Bitmap Index Scan on sbtest8_pkey  (cost=0.00..308.58 rows=10415 width=0)
	              Index Cond: ((id >= 5423593) AND (id <= 5433592))

for: sum_ranges
table 1 : explain SELECT SUM(k) FROM sbtest1 WHERE id BETWEEN 9809553 AND 9819552
	Aggregate  (cost=35849.57..35849.58 rows=1 width=8)
	  ->  Bitmap Heap Scan on sbtest1  (cost=302.62..35823.67 rows=10360 width=4)
	        Recheck Cond: ((id >= 9809553) AND (id <= 9819552))
	        ->  Bitmap Index Scan on sbtest1_pkey  (cost=0.00..300.04 rows=10360 width=0)
	              Index Cond: ((id >= 9809553) AND (id <= 9819552))

table 2 : explain SELECT SUM(k) FROM sbtest2 WHERE id BETWEEN 7822843 AND 7832842
	Aggregate  (cost=32465.62..32465.63 rows=1 width=8)
	  ->  Bitmap Heap Scan on sbtest2  (cost=275.85..32442.35 rows=9309 width=4)
	        Recheck Cond: ((id >= 7822843) AND (id <= 7832842))
	        ->  Bitmap Index Scan on sbtest2_pkey  (cost=0.00..273.53 rows=9309 width=0)
	              Index Cond: ((id >= 7822843) AND (id <= 7832842))

table 3 : explain SELECT SUM(k) FROM sbtest3 WHERE id BETWEEN 9480671 AND 9490670
	Aggregate  (cost=31863.15..31863.16 rows=1 width=8)
	  ->  Bitmap Heap Scan on sbtest3  (cost=262.11..31840.30 rows=9139 width=4)
	        Recheck Cond: ((id >= 9480671) AND (id <= 9490670))
	        ->  Bitmap Index Scan on sbtest3_pkey  (cost=0.00..259.82 rows=9139 width=0)
	              Index Cond: ((id >= 9480671) AND (id <= 9490670))

table 4 : explain SELECT SUM(k) FROM sbtest4 WHERE id BETWEEN 6503554 AND 6513553
	Aggregate  (cost=38357.56..38357.57 rows=1 width=8)
	  ->  Bitmap Heap Scan on sbtest4  (cost=327.07..38329.60 rows=11184 width=4)
	        Recheck Cond: ((id >= 6503554) AND (id <= 6513553))
	        ->  Bitmap Index Scan on sbtest4_pkey  (cost=0.00..324.28 rows=11184 width=0)
	              Index Cond: ((id >= 6503554) AND (id <= 6513553))

table 5 : explain SELECT SUM(k) FROM sbtest5 WHERE id BETWEEN 460468 AND 470467
	Aggregate  (cost=36800.57..36800.58 rows=1 width=8)
	  ->  Bitmap Heap Scan on sbtest5  (cost=313.89..36773.88 rows=10679 width=4)
	        Recheck Cond: ((id >= 460468) AND (id <= 470467))
	        ->  Bitmap Index Scan on sbtest5_pkey  (cost=0.00..311.23 rows=10679 width=0)
	              Index Cond: ((id >= 460468) AND (id <= 470467))

table 6 : explain SELECT SUM(k) FROM sbtest6 WHERE id BETWEEN 3745370 AND 3755369
	Aggregate  (cost=35116.56..35116.57 rows=1 width=8)
	  ->  Bitmap Heap Scan on sbtest6  (cost=300.45..35091.19 rows=10148 width=4)
	        Recheck Cond: ((id >= 3745370) AND (id <= 3755369))
	        ->  Bitmap Index Scan on sbtest6_pkey  (cost=0.00..297.92 rows=10148 width=0)
	              Index Cond: ((id >= 3745370) AND (id <= 3755369))

table 7 : explain SELECT SUM(k) FROM sbtest7 WHERE id BETWEEN 1563192 AND 1573191
	Aggregate  (cost=37148.37..37148.38 rows=1 width=8)
	  ->  Bitmap Heap Scan on sbtest7  (cost=323.35..37121.32 rows=10821 width=4)
	        Recheck Cond: ((id >= 1563192) AND (id <= 1573191))
	        ->  Bitmap Index Scan on sbtest7_pkey  (cost=0.00..320.65 rows=10821 width=0)
	              Index Cond: ((id >= 1563192) AND (id <= 1573191))

table 8 : explain SELECT SUM(k) FROM sbtest8 WHERE id BETWEEN 52016 AND 62015
	Aggregate  (cost=33828.91..33828.92 rows=1 width=8)
	  ->  Bitmap Heap Scan on sbtest8  (cost=288.22..33804.57 rows=9735 width=4)
	        Recheck Cond: ((id >= 52016) AND (id <= 62015))
	        ->  Bitmap Index Scan on sbtest8_pkey  (cost=0.00..285.79 rows=9735 width=0)
	              Index Cond: ((id >= 52016) AND (id <= 62015))

for point_selects
table 1 : explain SELECT c FROM sbtest1 WHERE id=5359619
	Index Scan using sbtest1_pkey on sbtest1  (cost=0.43..8.45 rows=1 width=121)
	  Index Cond: (id = 5359619)

table 2 : explain SELECT c FROM sbtest2 WHERE id=1034030
	Index Scan using sbtest2_pkey on sbtest2  (cost=0.43..8.45 rows=1 width=121)
	  Index Cond: (id = 1034030)

table 3 : explain SELECT c FROM sbtest3 WHERE id=7704641
	Index Scan using sbtest3_pkey on sbtest3  (cost=0.43..8.45 rows=1 width=121)
	  Index Cond: (id = 7704641)

table 4 : explain SELECT c FROM sbtest4 WHERE id=6420738
	Index Scan using sbtest4_pkey on sbtest4  (cost=0.43..8.45 rows=1 width=121)
	  Index Cond: (id = 6420738)

table 5 : explain SELECT c FROM sbtest5 WHERE id=5101245
	Index Scan using sbtest5_pkey on sbtest5  (cost=0.43..8.45 rows=1 width=121)
	  Index Cond: (id = 5101245)

table 6 : explain SELECT c FROM sbtest6 WHERE id=2115224
	Index Scan using sbtest6_pkey on sbtest6  (cost=0.43..8.45 rows=1 width=121)
	  Index Cond: (id = 2115224)

table 7 : explain SELECT c FROM sbtest7 WHERE id=9584741
	Index Scan using sbtest7_pkey on sbtest7  (cost=0.43..8.45 rows=1 width=121)
	  Index Cond: (id = 9584741)

table 8 : explain SELECT c FROM sbtest8 WHERE id=5318634
	Index Scan using sbtest8_pkey on sbtest8  (cost=0.43..8.45 rows=1 width=121)
	  Index Cond: (id = 5318634)

for: distinct_ranges
table 1 : explain SELECT DISTINCT c FROM sbtest1 WHERE id BETWEEN 6410214 AND 6420213 ORDER BY c
	Unique  (cost=33976.35..34024.23 rows=9577 width=121)
	  ->  Sort  (cost=33976.35..34000.29 rows=9577 width=121)
	        Sort Key: c
	        ->  Bitmap Heap Scan on sbtest1  (cost=278.60..33343.05 rows=9577 width=121)
	              Recheck Cond: ((id >= 6410214) AND (id <= 6420213))
	              ->  Bitmap Index Scan on sbtest1_pkey  (cost=0.00..276.20 rows=9577 width=0)
	                    Index Cond: ((id >= 6410214) AND (id <= 6420213))

table 2 : explain SELECT DISTINCT c FROM sbtest2 WHERE id BETWEEN 2223168 AND 2233167 ORDER BY c
	Unique  (cost=32781.50..32827.63 rows=9225 width=121)
	  ->  Sort  (cost=32781.50..32804.57 rows=9225 width=121)
	        Sort Key: c
	        ->  Bitmap Heap Scan on sbtest2  (cost=270.99..32173.98 rows=9225 width=121)
	              Recheck Cond: ((id >= 2223168) AND (id <= 2233167))
	              ->  Bitmap Index Scan on sbtest2_pkey  (cost=0.00..268.69 rows=9225 width=0)
	                    Index Cond: ((id >= 2223168) AND (id <= 2233167))

table 3 : explain SELECT DISTINCT c FROM sbtest3 WHERE id BETWEEN 3294282 AND 3304281 ORDER BY c
	Unique  (cost=31766.12..31810.79 rows=8933 width=121)
	  ->  Sort  (cost=31766.12..31788.45 rows=8933 width=121)
	        Sort Key: c
	        ->  Bitmap Heap Scan on sbtest3  (cost=256.00..31179.90 rows=8933 width=121)
	              Recheck Cond: ((id >= 3294282) AND (id <= 3304281))
	              ->  Bitmap Index Scan on sbtest3_pkey  (cost=0.00..253.76 rows=8933 width=0)
	                    Index Cond: ((id >= 3294282) AND (id <= 3304281))

table 4 : explain SELECT DISTINCT c FROM sbtest4 WHERE id BETWEEN 1732525 AND 1742524 ORDER BY c
	Unique  (cost=35169.98..35219.79 rows=9962 width=121)
	  ->  Sort  (cost=35169.98..35194.89 rows=9962 width=121)
	        Sort Key: c
	        ->  Bitmap Heap Scan on sbtest4  (cost=290.55..34508.39 rows=9962 width=121)
	              Recheck Cond: ((id >= 1732525) AND (id <= 1742524))
	              ->  Bitmap Index Scan on sbtest4_pkey  (cost=0.00..288.06 rows=9962 width=0)
	                    Index Cond: ((id >= 1732525) AND (id <= 1742524))

table 5 : explain SELECT DISTINCT c FROM sbtest5 WHERE id BETWEEN 2104057 AND 2114056 ORDER BY c
	Unique  (cost=38004.01..38058.22 rows=10842 width=121)
	  ->  Sort  (cost=38004.01..38031.11 rows=10842 width=121)
	        Sort Key: c
	        ->  Bitmap Heap Scan on sbtest5  (cost=315.57..37277.36 rows=10842 width=121)
	              Recheck Cond: ((id >= 2104057) AND (id <= 2114056))
	              ->  Bitmap Index Scan on sbtest5_pkey  (cost=0.00..312.86 rows=10842 width=0)
	                    Index Cond: ((id >= 2104057) AND (id <= 2114056))

table 6 : explain SELECT DISTINCT c FROM sbtest6 WHERE id BETWEEN 8042229 AND 8052228 ORDER BY c
	Unique  (cost=34526.87..34575.70 rows=9765 width=121)
	  ->  Sort  (cost=34526.87..34551.29 rows=9765 width=121)
	        Sort Key: c
	        ->  Bitmap Heap Scan on sbtest6  (cost=288.53..33879.78 rows=9765 width=121)
	              Recheck Cond: ((id >= 8042229) AND (id <= 8052228))
	              ->  Bitmap Index Scan on sbtest6_pkey  (cost=0.00..286.08 rows=9765 width=0)
	                    Index Cond: ((id >= 8042229) AND (id <= 8052228))

table 7 : explain SELECT DISTINCT c FROM sbtest7 WHERE id BETWEEN 3340610 AND 3350609 ORDER BY c
	Unique  (cost=34288.35..34336.91 rows=9711 width=121)
	  ->  Sort  (cost=34288.35..34312.63 rows=9711 width=121)
	        Sort Key: c
	        ->  Bitmap Heap Scan on sbtest7  (cost=287.97..33645.22 rows=9711 width=121)
	              Recheck Cond: ((id >= 3340610) AND (id <= 3350609))
	              ->  Bitmap Index Scan on sbtest7_pkey  (cost=0.00..285.55 rows=9711 width=0)
	                    Index Cond: ((id >= 3340610) AND (id <= 3350609))

table 8 : explain SELECT DISTINCT c FROM sbtest8 WHERE id BETWEEN 221482 AND 231481 ORDER BY c
	Unique  (cost=39606.85..39663.57 rows=11344 width=121)
	  ->  Sort  (cost=39606.85..39635.21 rows=11344 width=121)
	        Sort Key: c
	        ->  Bitmap Heap Scan on sbtest8  (cost=336.71..38842.85 rows=11344 width=121)
	              Recheck Cond: ((id >= 221482) AND (id <= 231481))
	              ->  Bitmap Index Scan on sbtest8_pkey  (cost=0.00..333.88 rows=11344 width=0)
	                    Index Cond: ((id >= 221482) AND (id <= 231481))

for: order_ranges
table 1 : explain SELECT c FROM sbtest1 WHERE id BETWEEN 6494015 AND 6504014 ORDER BY c
	Sort  (cost=33976.35..34000.29 rows=9577 width=121)
	  Sort Key: c
	  ->  Bitmap Heap Scan on sbtest1  (cost=278.60..33343.05 rows=9577 width=121)
	        Recheck Cond: ((id >= 6494015) AND (id <= 6504014))
	        ->  Bitmap Index Scan on sbtest1_pkey  (cost=0.00..276.20 rows=9577 width=0)
	              Index Cond: ((id >= 6494015) AND (id <= 6504014))

table 2 : explain SELECT c FROM sbtest2 WHERE id BETWEEN 5635063 AND 5645062 ORDER BY c
	Sort  (cost=37930.70..37957.75 rows=10820 width=121)
	  Sort Key: c
	  ->  Bitmap Heap Scan on sbtest2  (cost=319.34..37205.68 rows=10820 width=121)
	        Recheck Cond: ((id >= 5635063) AND (id <= 5645062))
	        ->  Bitmap Index Scan on sbtest2_pkey  (cost=0.00..316.63 rows=10820 width=0)
	              Index Cond: ((id >= 5635063) AND (id <= 5645062))

table 3 : explain SELECT c FROM sbtest3 WHERE id BETWEEN 9100879 AND 9110878 ORDER BY c
	Sort  (cost=36608.19..36634.27 rows=10430 width=121)
	  Sort Key: c
	  ->  Bitmap Heap Scan on sbtest3  (cost=299.34..35912.07 rows=10430 width=121)
	        Recheck Cond: ((id >= 9100879) AND (id <= 9110878))
	        ->  Bitmap Index Scan on sbtest3_pkey  (cost=0.00..296.74 rows=10430 width=0)
	              Index Cond: ((id >= 9100879) AND (id <= 9110878))

table 4 : explain SELECT c FROM sbtest4 WHERE id BETWEEN 8307065 AND 8317064 ORDER BY c
	Sort  (cost=37359.35..37385.96 rows=10644 width=121)
	  Sort Key: c
	  ->  Bitmap Heap Scan on sbtest4  (cost=309.54..36647.38 rows=10644 width=121)
	        Recheck Cond: ((id >= 8307065) AND (id <= 8317064))
	        ->  Bitmap Index Scan on sbtest4_pkey  (cost=0.00..306.88 rows=10644 width=0)
	              Index Cond: ((id >= 8307065) AND (id <= 8317064))

table 5 : explain SELECT c FROM sbtest5 WHERE id BETWEEN 2845866 AND 2855865 ORDER BY c
	Sort  (cost=32574.16..32597.06 rows=9159 width=121)
	  Sort Key: c
	  ->  Bitmap Heap Scan on sbtest5  (cost=270.31..31971.45 rows=9159 width=121)
	        Recheck Cond: ((id >= 2845866) AND (id <= 2855865))
	        ->  Bitmap Index Scan on sbtest5_pkey  (cost=0.00..268.03 rows=9159 width=0)
	              Index Cond: ((id >= 2845866) AND (id <= 2855865))

table 6 : explain SELECT c FROM sbtest6 WHERE id BETWEEN 9760344 AND 9770343 ORDER BY c
	Sort  (cost=33715.30..33739.08 rows=9514 width=121)
	  Sort Key: c
	  ->  Bitmap Heap Scan on sbtest6  (cost=281.95..33086.62 rows=9514 width=121)
	        Recheck Cond: ((id >= 9760344) AND (id <= 9770343))
	        ->  Bitmap Index Scan on sbtest6_pkey  (cost=0.00..279.57 rows=9514 width=0)
	              Index Cond: ((id >= 9760344) AND (id <= 9770343))

table 7 : explain SELECT c FROM sbtest7 WHERE id BETWEEN 7431552 AND 7441551 ORDER BY c
	Sort  (cost=36603.01..36629.08 rows=10431 width=121)
	  Sort Key: c
	  ->  Bitmap Heap Scan on sbtest7  (cost=311.35..35906.81 rows=10431 width=121)
	        Recheck Cond: ((id >= 7431552) AND (id <= 7441551))
	        ->  Bitmap Index Scan on sbtest7_pkey  (cost=0.00..308.75 rows=10431 width=0)
	              Index Cond: ((id >= 7431552) AND (id <= 7441551))

table 8 : explain SELECT c FROM sbtest8 WHERE id BETWEEN 908796 AND 918795 ORDER BY c
	Sort  (cost=36332.06..36357.85 rows=10318 width=121)
	  Sort Key: c
	  ->  Bitmap Heap Scan on sbtest8  (cost=306.19..35644.21 rows=10318 width=121)
	        Recheck Cond: ((id >= 908796) AND (id <= 918795))
	        ->  Bitmap Index Scan on sbtest8_pkey  (cost=0.00..303.62 rows=10318 width=0)
	              Index Cond: ((id >= 908796) AND (id <= 918795))

for: simple_ranges
table 1 : explain SELECT c FROM sbtest1 WHERE id BETWEEN 3152003 AND 3162002
	Bitmap Heap Scan on sbtest1  (cost=290.59..34579.74 rows=9966 width=121)
	  Recheck Cond: ((id >= 3152003) AND (id <= 3162002))
	  ->  Bitmap Index Scan on sbtest1_pkey  (cost=0.00..288.09 rows=9966 width=0)
	        Index Cond: ((id >= 3152003) AND (id <= 3162002))

table 2 : explain SELECT c FROM sbtest2 WHERE id BETWEEN 2544140 AND 2554139
	Bitmap Heap Scan on sbtest2  (cost=301.37..35380.81 rows=10238 width=121)
	  Recheck Cond: ((id >= 2544140) AND (id <= 2554139))
	  ->  Bitmap Index Scan on sbtest2_pkey  (cost=0.00..298.81 rows=10238 width=0)
	        Index Cond: ((id >= 2544140) AND (id <= 2554139))

table 3 : explain SELECT c FROM sbtest3 WHERE id BETWEEN 3416590 AND 3426589
	Bitmap Heap Scan on sbtest3  (cost=267.10..32150.70 rows=9236 width=121)
	  Recheck Cond: ((id >= 3416590) AND (id <= 3426589))
	  ->  Bitmap Index Scan on sbtest3_pkey  (cost=0.00..264.80 rows=9236 width=0)
	        Index Cond: ((id >= 3416590) AND (id <= 3426589))

table 4 : explain SELECT c FROM sbtest4 WHERE id BETWEEN 961690 AND 971689
	Bitmap Heap Scan on sbtest4  (cost=283.25..33492.84 rows=9640 width=121)
	  Recheck Cond: ((id >= 961690) AND (id <= 971689))
	  ->  Bitmap Index Scan on sbtest4_pkey  (cost=0.00..280.83 rows=9640 width=0)
	        Index Cond: ((id >= 961690) AND (id <= 971689))

table 5 : explain SELECT c FROM sbtest5 WHERE id BETWEEN 4183837 AND 4193836
	Bitmap Heap Scan on sbtest5  (cost=283.84..33683.55 rows=9698 width=121)
	  Recheck Cond: ((id >= 4183837) AND (id <= 4193836))
	  ->  Bitmap Index Scan on sbtest5_pkey  (cost=0.00..281.42 rows=9698 width=0)
	        Index Cond: ((id >= 4183837) AND (id <= 4193836))

table 6 : explain SELECT c FROM sbtest6 WHERE id BETWEEN 6161839 AND 6171838
	Bitmap Heap Scan on sbtest6  (cost=287.84..33672.14 rows=9698 width=121)
	  Recheck Cond: ((id >= 6161839) AND (id <= 6171838))
	  ->  Bitmap Index Scan on sbtest6_pkey  (cost=0.00..285.42 rows=9698 width=0)
	        Index Cond: ((id >= 6161839) AND (id <= 6171838))

table 7 : explain SELECT c FROM sbtest7 WHERE id BETWEEN 9726178 AND 9736177
	Bitmap Heap Scan on sbtest7  (cost=288.20..33713.18 rows=9733 width=121)
	  Recheck Cond: ((id >= 9726178) AND (id <= 9736177))
	  ->  Bitmap Index Scan on sbtest7_pkey  (cost=0.00..285.76 rows=9733 width=0)
	        Index Cond: ((id >= 9726178) AND (id <= 9736177))

table 8 : explain SELECT c FROM sbtest8 WHERE id BETWEEN 1235682 AND 1245681
	Bitmap Heap Scan on sbtest8  (cost=300.45..35111.01 rows=10148 width=121)
	  Recheck Cond: ((id >= 1235682) AND (id <= 1245681))
	  ->  Bitmap Index Scan on sbtest8_pkey  (cost=0.00..297.92 rows=10148 width=0)
	        Index Cond: ((id >= 1235682) AND (id <= 1245681))

for point_selects
table 1 : explain SELECT c FROM sbtest1 WHERE id=9788073
	Index Scan using sbtest1_pkey on sbtest1  (cost=0.43..8.45 rows=1 width=121)
	  Index Cond: (id = 9788073)

table 2 : explain SELECT c FROM sbtest2 WHERE id=5131252
	Index Scan using sbtest2_pkey on sbtest2  (cost=0.43..8.45 rows=1 width=121)
	  Index Cond: (id = 5131252)

table 3 : explain SELECT c FROM sbtest3 WHERE id=4982174
	Index Scan using sbtest3_pkey on sbtest3  (cost=0.43..8.45 rows=1 width=121)
	  Index Cond: (id = 4982174)

table 4 : explain SELECT c FROM sbtest4 WHERE id=5067998
	Index Scan using sbtest4_pkey on sbtest4  (cost=0.43..8.45 rows=1 width=121)
	  Index Cond: (id = 5067998)

table 5 : explain SELECT c FROM sbtest5 WHERE id=9456553
	Index Scan using sbtest5_pkey on sbtest5  (cost=0.43..8.45 rows=1 width=121)
	  Index Cond: (id = 9456553)

table 6 : explain SELECT c FROM sbtest6 WHERE id=9479333
	Index Scan using sbtest6_pkey on sbtest6  (cost=0.43..8.45 rows=1 width=121)
	  Index Cond: (id = 9479333)

table 7 : explain SELECT c FROM sbtest7 WHERE id=3655674
	Index Scan using sbtest7_pkey on sbtest7  (cost=0.43..8.45 rows=1 width=121)
	  Index Cond: (id = 3655674)

table 8 : explain SELECT c FROM sbtest8 WHERE id=2926642
	Index Scan using sbtest8_pkey on sbtest8  (cost=0.43..8.45 rows=1 width=121)
	  Index Cond: (id = 2926642)

for: sum_ranges
table 1 : explain SELECT SUM(k) FROM sbtest1 WHERE id BETWEEN 154954 AND 164953
	Aggregate  (cost=35289.36..35289.37 rows=1 width=8)
	  ->  Bitmap Heap Scan on sbtest1  (cost=296.81..35263.90 rows=10183 width=4)
	        Recheck Cond: ((id >= 154954) AND (id <= 164953))
	        ->  Bitmap Index Scan on sbtest1_pkey  (cost=0.00..294.26 rows=10183 width=0)
	              Index Cond: ((id >= 154954) AND (id <= 164953))

table 2 : explain SELECT SUM(k) FROM sbtest2 WHERE id BETWEEN 8754984 AND 8764983
	Aggregate  (cost=35691.07..35691.08 rows=1 width=8)
	  ->  Bitmap Heap Scan on sbtest2  (cost=306.29..35665.25 rows=10327 width=4)
	        Recheck Cond: ((id >= 8754984) AND (id <= 8764983))
	        ->  Bitmap Index Scan on sbtest2_pkey  (cost=0.00..303.70 rows=10327 width=0)
	              Index Cond: ((id >= 8754984) AND (id <= 8764983))

table 3 : explain SELECT SUM(k) FROM sbtest3 WHERE id BETWEEN 3670514 AND 3680513
	Aggregate  (cost=35587.70..35587.71 rows=1 width=8)
	  ->  Bitmap Heap Scan on sbtest3  (cost=298.18..35561.91 rows=10317 width=4)
	        Recheck Cond: ((id >= 3670514) AND (id <= 3680513))
	        ->  Bitmap Index Scan on sbtest3_pkey  (cost=0.00..295.61 rows=10317 width=0)
	              Index Cond: ((id >= 3670514) AND (id <= 3680513))

table 4 : explain SELECT SUM(k) FROM sbtest4 WHERE id BETWEEN 5967973 AND 5977972
	Aggregate  (cost=37015.06..37015.07 rows=1 width=8)
	  ->  Bitmap Heap Scan on sbtest4  (cost=314.64..36988.18 rows=10752 width=4)
	        Recheck Cond: ((id >= 5967973) AND (id <= 5977972))
	        ->  Bitmap Index Scan on sbtest4_pkey  (cost=0.00..311.95 rows=10752 width=0)
	              Index Cond: ((id >= 5967973) AND (id <= 5977972))

table 5 : explain SELECT SUM(k) FROM sbtest5 WHERE id BETWEEN 980704 AND 990703
	Aggregate  (cost=34980.28..34980.29 rows=1 width=8)
	  ->  Bitmap Heap Scan on sbtest5  (cost=295.96..34955.03 rows=10100 width=4)
	        Recheck Cond: ((id >= 980704) AND (id <= 990703))
	        ->  Bitmap Index Scan on sbtest5_pkey  (cost=0.00..293.44 rows=10100 width=0)
	              Index Cond: ((id >= 980704) AND (id <= 990703))

table 6 : explain SELECT SUM(k) FROM sbtest6 WHERE id BETWEEN 7724388 AND 7734387
	Aggregate  (cost=30041.79..30041.80 rows=1 width=8)
	  ->  Bitmap Heap Scan on sbtest6  (cost=252.13..30020.40 rows=8556 width=4)
	        Recheck Cond: ((id >= 7724388) AND (id <= 7734387))
	        ->  Bitmap Index Scan on sbtest6_pkey  (cost=0.00..250.00 rows=8556 width=0)
	              Index Cond: ((id >= 7724388) AND (id <= 7734387))

table 7 : explain SELECT SUM(k) FROM sbtest7 WHERE id BETWEEN 395544 AND 405543
	Aggregate  (cost=32186.91..32186.92 rows=1 width=8)
	  ->  Bitmap Heap Scan on sbtest7  (cost=275.18..32163.81 rows=9243 width=4)
	        Recheck Cond: ((id >= 395544) AND (id <= 405543))
	        ->  Bitmap Index Scan on sbtest7_pkey  (cost=0.00..272.87 rows=9243 width=0)
	              Index Cond: ((id >= 395544) AND (id <= 405543))

table 8 : explain SELECT SUM(k) FROM sbtest8 WHERE id BETWEEN 7280797 AND 7290796
	Aggregate  (cost=37431.22..37431.23 rows=1 width=8)
	  ->  Bitmap Heap Scan on sbtest8  (cost=323.96..37404.02 rows=10880 width=4)
	        Recheck Cond: ((id >= 7280797) AND (id <= 7290796))
	        ->  Bitmap Index Scan on sbtest8_pkey  (cost=0.00..321.24 rows=10880 width=0)
	              Index Cond: ((id >= 7280797) AND (id <= 7290796))

explain: for point_selects :: explain SELECT c FROM sbtest%u WHERE id=%u
for point_selects
table 1 : explain SELECT c FROM sbtest1 WHERE id=9975397
	Index Scan using sbtest1_pkey on sbtest1  (cost=0.43..8.45 rows=1 width=121)
	  Index Cond: (id = 9975397)

table 2 : explain SELECT c FROM sbtest2 WHERE id=4847615
	Index Scan using sbtest2_pkey on sbtest2  (cost=0.43..8.45 rows=1 width=121)
	  Index Cond: (id = 4847615)

table 3 : explain SELECT c FROM sbtest3 WHERE id=2975354
	Index Scan using sbtest3_pkey on sbtest3  (cost=0.43..8.45 rows=1 width=121)
	  Index Cond: (id = 2975354)

table 4 : explain SELECT c FROM sbtest4 WHERE id=8051436
	Index Scan using sbtest4_pkey on sbtest4  (cost=0.43..8.45 rows=1 width=121)
	  Index Cond: (id = 8051436)

table 5 : explain SELECT c FROM sbtest5 WHERE id=1273104
	Index Scan using sbtest5_pkey on sbtest5  (cost=0.43..8.45 rows=1 width=121)
	  Index Cond: (id = 1273104)

table 6 : explain SELECT c FROM sbtest6 WHERE id=7692426
	Index Scan using sbtest6_pkey on sbtest6  (cost=0.43..8.45 rows=1 width=121)
	  Index Cond: (id = 7692426)

table 7 : explain SELECT c FROM sbtest7 WHERE id=3565515
	Index Scan using sbtest7_pkey on sbtest7  (cost=0.43..8.45 rows=1 width=121)
	  Index Cond: (id = 3565515)

table 8 : explain SELECT c FROM sbtest8 WHERE id=9843579
	Index Scan using sbtest8_pkey on sbtest8  (cost=0.43..8.45 rows=1 width=121)
	  Index Cond: (id = 9843579)

for: simple_ranges
table 1 : explain SELECT c FROM sbtest1 WHERE id BETWEEN 2071137 AND 2081136
	Bitmap Heap Scan on sbtest1  (cost=301.85..35584.71 rows=10284 width=121)
	  Recheck Cond: ((id >= 2071137) AND (id <= 2081136))
	  ->  Bitmap Index Scan on sbtest1_pkey  (cost=0.00..299.28 rows=10284 width=0)
	        Index Cond: ((id >= 2071137) AND (id <= 2081136))

table 2 : explain SELECT c FROM sbtest2 WHERE id BETWEEN 4388748 AND 4398747
	Bitmap Heap Scan on sbtest2  (cost=257.52..30462.31 rows=8691 width=121)
	  Recheck Cond: ((id >= 4388748) AND (id <= 4398747))
	  ->  Bitmap Index Scan on sbtest2_pkey  (cost=0.00..255.34 rows=8691 width=0)
	        Index Cond: ((id >= 4388748) AND (id <= 4398747))

table 3 : explain SELECT c FROM sbtest3 WHERE id BETWEEN 9703368 AND 9713367
	Bitmap Heap Scan on sbtest3  (cost=274.74..33272.84 rows=9591 width=121)
	  Recheck Cond: ((id >= 9703368) AND (id <= 9713367))
	  ->  Bitmap Index Scan on sbtest3_pkey  (cost=0.00..272.34 rows=9591 width=0)
	        Index Cond: ((id >= 9703368) AND (id <= 9713367))

table 4 : explain SELECT c FROM sbtest4 WHERE id BETWEEN 7860876 AND 7870875
	Bitmap Heap Scan on sbtest4  (cost=296.33..35058.66 rows=10136 width=121)
	  Recheck Cond: ((id >= 7860876) AND (id <= 7870875))
	  ->  Bitmap Index Scan on sbtest4_pkey  (cost=0.00..293.80 rows=10136 width=0)
	        Index Cond: ((id >= 7860876) AND (id <= 7870875))

table 5 : explain SELECT c FROM sbtest5 WHERE id BETWEEN 4736499 AND 4746498
	Bitmap Heap Scan on sbtest5  (cost=295.95..34951.79 rows=10099 width=121)
	  Recheck Cond: ((id >= 4736499) AND (id <= 4746498))
	  ->  Bitmap Index Scan on sbtest5_pkey  (cost=0.00..293.43 rows=10099 width=0)
	        Index Cond: ((id >= 4736499) AND (id <= 4746498))

table 6 : explain SELECT c FROM sbtest6 WHERE id BETWEEN 1603108 AND 1613107
	Bitmap Heap Scan on sbtest6  (cost=294.19..34395.57 rows=9927 width=121)
	  Recheck Cond: ((id >= 1603108) AND (id <= 1613107))
	  ->  Bitmap Index Scan on sbtest6_pkey  (cost=0.00..291.70 rows=9927 width=0)
	        Index Cond: ((id >= 1603108) AND (id <= 1613107))

table 7 : explain SELECT c FROM sbtest7 WHERE id BETWEEN 721347 AND 731346
	Bitmap Heap Scan on sbtest7  (cost=300.51..35037.70 rows=10154 width=121)
	  Recheck Cond: ((id >= 721347) AND (id <= 731346))
	  ->  Bitmap Index Scan on sbtest7_pkey  (cost=0.00..297.98 rows=10154 width=0)
	        Index Cond: ((id >= 721347) AND (id <= 731346))

table 8 : explain SELECT c FROM sbtest8 WHERE id BETWEEN 5342137 AND 5352136
	Bitmap Heap Scan on sbtest8  (cost=287.47..33574.00 rows=9662 width=121)
	  Recheck Cond: ((id >= 5342137) AND (id <= 5352136))
	  ->  Bitmap Index Scan on sbtest8_pkey  (cost=0.00..285.06 rows=9662 width=0)
	        Index Cond: ((id >= 5342137) AND (id <= 5352136))

for: simple_ranges
table 1 : explain SELECT c FROM sbtest1 WHERE id BETWEEN 8908197 AND 8918196
	Bitmap Heap Scan on sbtest1  (cost=272.33..32637.61 rows=9356 width=121)
	  Recheck Cond: ((id >= 8908197) AND (id <= 8918196))
	  ->  Bitmap Index Scan on sbtest1_pkey  (cost=0.00..270.00 rows=9356 width=0)
	        Index Cond: ((id >= 8908197) AND (id <= 8918196))

table 2 : explain SELECT c FROM sbtest2 WHERE id BETWEEN 8996218 AND 9006217
	Bitmap Heap Scan on sbtest2  (cost=270.94..32157.65 rows=9220 width=121)
	  Recheck Cond: ((id >= 8996218) AND (id <= 9006217))
	  ->  Bitmap Index Scan on sbtest2_pkey  (cost=0.00..268.63 rows=9220 width=0)
	        Index Cond: ((id >= 8996218) AND (id <= 9006217))

table 3 : explain SELECT c FROM sbtest3 WHERE id BETWEEN 8604476 AND 8614475
	Bitmap Heap Scan on sbtest3  (cost=291.26..34669.15 rows=10032 width=121)
	  Recheck Cond: ((id >= 8604476) AND (id <= 8614475))
	  ->  Bitmap Index Scan on sbtest3_pkey  (cost=0.00..288.75 rows=10032 width=0)
	        Index Cond: ((id >= 8604476) AND (id <= 8614475))

table 4 : explain SELECT c FROM sbtest4 WHERE id BETWEEN 8097826 AND 8107825
	Bitmap Heap Scan on sbtest4  (cost=278.46..33245.10 rows=9563 width=121)
	  Recheck Cond: ((id >= 8097826) AND (id <= 8107825))
	  ->  Bitmap Index Scan on sbtest4_pkey  (cost=0.00..276.06 rows=9563 width=0)
	        Index Cond: ((id >= 8097826) AND (id <= 8107825))

table 5 : explain SELECT c FROM sbtest5 WHERE id BETWEEN 8727479 AND 8737478
	Bitmap Heap Scan on sbtest5  (cost=321.73..37934.12 rows=11053 width=121)
	  Recheck Cond: ((id >= 8727479) AND (id <= 8737478))
	  ->  Bitmap Index Scan on sbtest5_pkey  (cost=0.00..318.96 rows=11053 width=0)
	        Index Cond: ((id >= 8727479) AND (id <= 8737478))

table 6 : explain SELECT c FROM sbtest6 WHERE id BETWEEN 7647485 AND 7657484
	Bitmap Heap Scan on sbtest6  (cost=301.85..35513.68 rows=10284 width=121)
	  Recheck Cond: ((id >= 7647485) AND (id <= 7657484))
	  ->  Bitmap Index Scan on sbtest6_pkey  (cost=0.00..299.28 rows=10284 width=0)
	        Index Cond: ((id >= 7647485) AND (id <= 7657484))

table 7 : explain SELECT c FROM sbtest7 WHERE id BETWEEN 381339 AND 391338
	Bitmap Heap Scan on sbtest7  (cost=275.18..32163.81 rows=9243 width=121)
	  Recheck Cond: ((id >= 381339) AND (id <= 391338))
	  ->  Bitmap Index Scan on sbtest7_pkey  (cost=0.00..272.87 rows=9243 width=0)
	        Index Cond: ((id >= 381339) AND (id <= 391338))

table 8 : explain SELECT c FROM sbtest8 WHERE id BETWEEN 5453371 AND 5463370
	Bitmap Heap Scan on sbtest8  (cost=311.19..35951.05 rows=10415 width=121)
	  Recheck Cond: ((id >= 5453371) AND (id <= 5463370))
	  ->  Bitmap Index Scan on sbtest8_pkey  (cost=0.00..308.58 rows=10415 width=0)
	        Index Cond: ((id >= 5453371) AND (id <= 5463370))

for: distinct_ranges
table 1 : explain SELECT DISTINCT c FROM sbtest1 WHERE id BETWEEN 4416703 AND 4426702 ORDER BY c
	Unique  (cost=36167.50..36218.76 rows=10252 width=121)
	  ->  Sort  (cost=36167.50..36193.13 rows=10252 width=121)
	        Sort Key: c
	        ->  Bitmap Heap Scan on sbtest1  (cost=301.52..35484.53 rows=10252 width=121)
	              Recheck Cond: ((id >= 4416703) AND (id <= 4426702))
	              ->  Bitmap Index Scan on sbtest1_pkey  (cost=0.00..298.95 rows=10252 width=0)
	                    Index Cond: ((id >= 4416703) AND (id <= 4426702))

table 2 : explain SELECT DISTINCT c FROM sbtest2 WHERE id BETWEEN 4798313 AND 4808312 ORDER BY c
	Unique  (cost=36128.70..36179.99 rows=10258 width=121)
	  ->  Sort  (cost=36128.70..36154.35 rows=10258 width=121)
	        Sort Key: c
	        ->  Bitmap Heap Scan on sbtest2  (cost=301.58..35445.29 rows=10258 width=121)
	              Recheck Cond: ((id >= 4798313) AND (id <= 4808312))
	              ->  Bitmap Index Scan on sbtest2_pkey  (cost=0.00..299.01 rows=10258 width=0)
	                    Index Cond: ((id >= 4798313) AND (id <= 4808312))

table 3 : explain SELECT DISTINCT c FROM sbtest3 WHERE id BETWEEN 3937769 AND 3947768 ORDER BY c
	Unique  (cost=35051.08..35100.80 rows=9944 width=121)
	  ->  Sort  (cost=35051.08..35075.94 rows=9944 width=121)
	        Sort Key: c
	        ->  Bitmap Heap Scan on sbtest3  (cost=286.36..34390.81 rows=9944 width=121)
	              Recheck Cond: ((id >= 3937769) AND (id <= 3947768))
	              ->  Bitmap Index Scan on sbtest3_pkey  (cost=0.00..283.88 rows=9944 width=0)
	                    Index Cond: ((id >= 3937769) AND (id <= 3947768))

table 4 : explain SELECT DISTINCT c FROM sbtest4 WHERE id BETWEEN 9303581 AND 9313580 ORDER BY c
	Unique  (cost=33730.97..33778.56 rows=9518 width=121)
	  ->  Sort  (cost=33730.97..33754.77 rows=9518 width=121)
	        Sort Key: c
	        ->  Bitmap Heap Scan on sbtest4  (cost=277.99..33102.00 rows=9518 width=121)
	              Recheck Cond: ((id >= 9303581) AND (id <= 9313580))
	              ->  Bitmap Index Scan on sbtest4_pkey  (cost=0.00..275.62 rows=9518 width=0)
	                    Index Cond: ((id >= 9303581) AND (id <= 9313580))

table 5 : explain SELECT DISTINCT c FROM sbtest5 WHERE id BETWEEN 2112079 AND 2122078 ORDER BY c
	Unique  (cost=38004.01..38058.22 rows=10842 width=121)
	  ->  Sort  (cost=38004.01..38031.11 rows=10842 width=121)
	        Sort Key: c
	        ->  Bitmap Heap Scan on sbtest5  (cost=315.57..37277.36 rows=10842 width=121)
	              Recheck Cond: ((id >= 2112079) AND (id <= 2122078))
	              ->  Bitmap Index Scan on sbtest5_pkey  (cost=0.00..312.86 rows=10842 width=0)
	                    Index Cond: ((id >= 2112079) AND (id <= 2122078))

table 6 : explain SELECT DISTINCT c FROM sbtest6 WHERE id BETWEEN 7360947 AND 7370946 ORDER BY c
	Unique  (cost=33448.30..33495.46 rows=9433 width=121)
	  ->  Sort  (cost=33448.30..33471.88 rows=9433 width=121)
	        Sort Key: c
	        ->  Bitmap Heap Scan on sbtest6  (cost=277.12..32825.55 rows=9433 width=121)
	              Recheck Cond: ((id >= 7360947) AND (id <= 7370946))
	              ->  Bitmap Index Scan on sbtest6_pkey  (cost=0.00..274.76 rows=9433 width=0)
	                    Index Cond: ((id >= 7360947) AND (id <= 7370946))

table 7 : explain SELECT DISTINCT c FROM sbtest7 WHERE id BETWEEN 8269160 AND 8279159 ORDER BY c
	Unique  (cost=39507.27..39564.00 rows=11346 width=121)
	  ->  Sort  (cost=39507.27..39535.63 rows=11346 width=121)
	        Sort Key: c
	        ->  Bitmap Heap Scan on sbtest7  (cost=336.73..38743.12 rows=11346 width=121)
	              Recheck Cond: ((id >= 8269160) AND (id <= 8279159))
	              ->  Bitmap Index Scan on sbtest7_pkey  (cost=0.00..333.90 rows=11346 width=0)
	                    Index Cond: ((id >= 8269160) AND (id <= 8279159))

table 8 : explain SELECT DISTINCT c FROM sbtest8 WHERE id BETWEEN 3294830 AND 3304829 ORDER BY c
	Unique  (cost=35697.01..35747.61 rows=10120 width=121)
	  ->  Sort  (cost=35697.01..35722.31 rows=10120 width=121)
	        Sort Key: c
	        ->  Bitmap Heap Scan on sbtest8  (cost=300.16..35023.78 rows=10120 width=121)
	              Recheck Cond: ((id >= 3294830) AND (id <= 3304829))
	              ->  Bitmap Index Scan on sbtest8_pkey  (cost=0.00..297.63 rows=10120 width=0)
	                    Index Cond: ((id >= 3294830) AND (id <= 3304829))

for: distinct_ranges
table 1 : explain SELECT DISTINCT c FROM sbtest1 WHERE id BETWEEN 9124997 AND 9134996 ORDER BY c
	Unique  (cost=35574.00..35624.34 rows=10068 width=121)
	  ->  Sort  (cost=35574.00..35599.17 rows=10068 width=121)
	        Sort Key: c
	        ->  Bitmap Heap Scan on sbtest1  (cost=295.63..34904.60 rows=10068 width=121)
	              Recheck Cond: ((id >= 9124997) AND (id <= 9134996))
	              ->  Bitmap Index Scan on sbtest1_pkey  (cost=0.00..293.12 rows=10068 width=0)
	                    Index Cond: ((id >= 9124997) AND (id <= 9134996))

table 2 : explain SELECT DISTINCT c FROM sbtest2 WHERE id BETWEEN 8910239 AND 8920238 ORDER BY c
	Unique  (cost=36281.26..36332.78 rows=10305 width=121)
	  ->  Sort  (cost=36281.26..36307.02 rows=10305 width=121)
	        Sort Key: c
	        ->  Bitmap Heap Scan on sbtest2  (cost=306.06..35594.38 rows=10305 width=121)
	              Recheck Cond: ((id >= 8910239) AND (id <= 8920238))
	              ->  Bitmap Index Scan on sbtest2_pkey  (cost=0.00..303.49 rows=10305 width=0)
	                    Index Cond: ((id >= 8910239) AND (id <= 8920238))

table 3 : explain SELECT DISTINCT c FROM sbtest3 WHERE id BETWEEN 150540 AND 160539 ORDER BY c
	Unique  (cost=36799.48..36851.93 rows=10489 width=121)
	  ->  Sort  (cost=36799.48..36825.70 rows=10489 width=121)
	        Sort Key: c
	        ->  Bitmap Heap Scan on sbtest3  (cost=303.95..36099.00 rows=10489 width=121)
	              Recheck Cond: ((id >= 150540) AND (id <= 160539))
	              ->  Bitmap Index Scan on sbtest3_pkey  (cost=0.00..301.32 rows=10489 width=0)
	                    Index Cond: ((id >= 150540) AND (id <= 160539))

table 4 : explain SELECT DISTINCT c FROM sbtest4 WHERE id BETWEEN 5679647 AND 5689646 ORDER BY c
	Unique  (cost=36328.10..36379.70 rows=10321 width=121)
	  ->  Sort  (cost=36328.10..36353.90 rows=10321 width=121)
	        Sort Key: c
	        ->  Bitmap Heap Scan on sbtest4  (cost=302.23..35640.03 rows=10321 width=121)
	              Recheck Cond: ((id >= 5679647) AND (id <= 5689646))
	              ->  Bitmap Index Scan on sbtest4_pkey  (cost=0.00..299.65 rows=10321 width=0)
	                    Index Cond: ((id >= 5679647) AND (id <= 5689646))

table 5 : explain SELECT DISTINCT c FROM sbtest5 WHERE id BETWEEN 8661383 AND 8671382 ORDER BY c
	Unique  (cost=36473.02..36524.84 rows=10363 width=121)
	  ->  Sort  (cost=36473.02..36498.93 rows=10363 width=121)
	        Sort Key: c
	        ->  Bitmap Heap Scan on sbtest5  (cost=302.66..35781.85 rows=10363 width=121)
	              Recheck Cond: ((id >= 8661383) AND (id <= 8671382))
	              ->  Bitmap Index Scan on sbtest5_pkey  (cost=0.00..300.06 rows=10363 width=0)
	                    Index Cond: ((id >= 8661383) AND (id <= 8671382))

table 6 : explain SELECT DISTINCT c FROM sbtest6 WHERE id BETWEEN 2088892 AND 2098891 ORDER BY c
	Unique  (cost=34224.04..34272.40 rows=9672 width=121)
	  ->  Sort  (cost=34224.04..34248.22 rows=9672 width=121)
	        Sort Key: c
	        ->  Bitmap Heap Scan on sbtest6  (cost=283.57..33583.78 rows=9672 width=121)
	              Recheck Cond: ((id >= 2088892) AND (id <= 2098891))
	              ->  Bitmap Index Scan on sbtest6_pkey  (cost=0.00..281.16 rows=9672 width=0)
	                    Index Cond: ((id >= 2088892) AND (id <= 2098891))

table 7 : explain SELECT DISTINCT c FROM sbtest7 WHERE id BETWEEN 7300767 AND 7310766 ORDER BY c
	Unique  (cost=38137.25..38191.82 rows=10913 width=121)
	  ->  Sort  (cost=38137.25..38164.53 rows=10913 width=121)
	        Sort Key: c
	        ->  Bitmap Heap Scan on sbtest7  (cost=324.29..37405.33 rows=10913 width=121)
	              Recheck Cond: ((id >= 7300767) AND (id <= 7310766))
	              ->  Bitmap Index Scan on sbtest7_pkey  (cost=0.00..321.56 rows=10913 width=0)
	                    Index Cond: ((id >= 7300767) AND (id <= 7310766))

table 8 : explain SELECT DISTINCT c FROM sbtest8 WHERE id BETWEEN 6057250 AND 6067249 ORDER BY c
	Unique  (cost=32514.13..32559.83 rows=9141 width=121)
	  ->  Sort  (cost=32514.13..32536.98 rows=9141 width=121)
	        Sort Key: c
	        ->  Bitmap Heap Scan on sbtest8  (cost=270.13..31912.74 rows=9141 width=121)
	              Recheck Cond: ((id >= 6057250) AND (id <= 6067249))
	              ->  Bitmap Index Scan on sbtest8_pkey  (cost=0.00..267.84 rows=9141 width=0)
	                    Index Cond: ((id >= 6057250) AND (id <= 6067249))

for: simple_ranges
table 1 : explain SELECT c FROM sbtest1 WHERE id BETWEEN 9650811 AND 9660810
	Bitmap Heap Scan on sbtest1  (cost=302.18..35688.07 rows=10317 width=121)
	  Recheck Cond: ((id >= 9650811) AND (id <= 9660810))
	  ->  Bitmap Index Scan on sbtest1_pkey  (cost=0.00..299.61 rows=10317 width=0)
	        Index Cond: ((id >= 9650811) AND (id <= 9660810))

table 2 : explain SELECT c FROM sbtest2 WHERE id BETWEEN 9860800 AND 9870799
	Bitmap Heap Scan on sbtest2  (cost=282.32..33208.52 rows=9550 width=121)
	  Recheck Cond: ((id >= 9860800) AND (id <= 9870799))
	  ->  Bitmap Index Scan on sbtest2_pkey  (cost=0.00..279.94 rows=9550 width=0)
	        Index Cond: ((id >= 9860800) AND (id <= 9870799))

table 3 : explain SELECT c FROM sbtest3 WHERE id BETWEEN 97340 AND 107339
	Bitmap Heap Scan on sbtest3  (cost=303.95..36099.00 rows=10489 width=121)
	  Recheck Cond: ((id >= 97340) AND (id <= 107339))
	  ->  Bitmap Index Scan on sbtest3_pkey  (cost=0.00..301.32 rows=10489 width=0)
	        Index Cond: ((id >= 97340) AND (id <= 107339))

table 4 : explain SELECT c FROM sbtest4 WHERE id BETWEEN 8759718 AND 8769717
	Bitmap Heap Scan on sbtest4  (cost=314.04..36805.39 rows=10693 width=121)
	  Recheck Cond: ((id >= 8759718) AND (id <= 8769717))
	  ->  Bitmap Index Scan on sbtest4_pkey  (cost=0.00..311.37 rows=10693 width=0)
	        Index Cond: ((id >= 8759718) AND (id <= 8769717))

table 5 : explain SELECT c FROM sbtest5 WHERE id BETWEEN 4610065 AND 4620064
	Bitmap Heap Scan on sbtest5  (cost=277.15..32853.35 rows=9436 width=121)
	  Recheck Cond: ((id >= 4610065) AND (id <= 4620064))
	  ->  Bitmap Index Scan on sbtest5_pkey  (cost=0.00..274.80 rows=9436 width=0)
	        Index Cond: ((id >= 4610065) AND (id <= 4620064))

table 6 : explain SELECT c FROM sbtest6 WHERE id BETWEEN 2194509 AND 2204508
	Bitmap Heap Scan on sbtest6  (cost=288.01..33724.07 rows=9715 width=121)
	  Recheck Cond: ((id >= 2194509) AND (id <= 2204508))
	  ->  Bitmap Index Scan on sbtest6_pkey  (cost=0.00..285.58 rows=9715 width=0)
	        Index Cond: ((id >= 2194509) AND (id <= 2204508))

table 7 : explain SELECT c FROM sbtest7 WHERE id BETWEEN 3259174 AND 3269173
	Bitmap Heap Scan on sbtest7  (cost=286.99..33344.10 rows=9615 width=121)
	  Recheck Cond: ((id >= 3259174) AND (id <= 3269173))
	  ->  Bitmap Index Scan on sbtest7_pkey  (cost=0.00..284.58 rows=9615 width=0)
	        Index Cond: ((id >= 3259174) AND (id <= 3269173))

table 8 : explain SELECT c FROM sbtest8 WHERE id BETWEEN 6814071 AND 6824070
	Bitmap Heap Scan on sbtest8  (cost=318.25..36887.14 rows=10714 width=121)
	  Recheck Cond: ((id >= 6814071) AND (id <= 6824070))
	  ->  Bitmap Index Scan on sbtest8_pkey  (cost=0.00..315.57 rows=10714 width=0)
	        Index Cond: ((id >= 6814071) AND (id <= 6824070))

for: simple_ranges
table 1 : explain SELECT c FROM sbtest1 WHERE id BETWEEN 774268 AND 784267
	Bitmap Heap Scan on sbtest1  (cost=295.42..34836.59 rows=10047 width=121)
	  Recheck Cond: ((id >= 774268) AND (id <= 784267))
	  ->  Bitmap Index Scan on sbtest1_pkey  (cost=0.00..292.91 rows=10047 width=0)
	        Index Cond: ((id >= 774268) AND (id <= 784267))

table 2 : explain SELECT c FROM sbtest2 WHERE id BETWEEN 6125267 AND 6135266
	Bitmap Heap Scan on sbtest2  (cost=312.92..36467.12 rows=10584 width=121)
	  Recheck Cond: ((id >= 6125267) AND (id <= 6135266))
	  ->  Bitmap Index Scan on sbtest2_pkey  (cost=0.00..310.28 rows=10584 width=0)
	        Index Cond: ((id >= 6125267) AND (id <= 6135266))

table 3 : explain SELECT c FROM sbtest3 WHERE id BETWEEN 6581825 AND 6591824
	Bitmap Heap Scan on sbtest3  (cost=292.76..35123.58 rows=10178 width=121)
	  Recheck Cond: ((id >= 6581825) AND (id <= 6591824))
	  ->  Bitmap Index Scan on sbtest3_pkey  (cost=0.00..290.21 rows=10178 width=0)
	        Index Cond: ((id >= 6581825) AND (id <= 6591824))

table 4 : explain SELECT c FROM sbtest4 WHERE id BETWEEN 7265369 AND 7275368
	Bitmap Heap Scan on sbtest4  (cost=283.64..33613.03 rows=9679 width=121)
	  Recheck Cond: ((id >= 7265369) AND (id <= 7275368))
	  ->  Bitmap Index Scan on sbtest4_pkey  (cost=0.00..281.23 rows=9679 width=0)
	        Index Cond: ((id >= 7265369) AND (id <= 7275368))

table 5 : explain SELECT c FROM sbtest5 WHERE id BETWEEN 8095700 AND 8105699
	Bitmap Heap Scan on sbtest5  (cost=308.20..36255.82 rows=10514 width=121)
	  Recheck Cond: ((id >= 8095700) AND (id <= 8105699))
	  ->  Bitmap Index Scan on sbtest5_pkey  (cost=0.00..305.57 rows=10514 width=0)
	        Index Cond: ((id >= 8095700) AND (id <= 8105699))

table 6 : explain SELECT c FROM sbtest6 WHERE id BETWEEN 7557923 AND 7567922
	Bitmap Heap Scan on sbtest6  (cost=331.52..38459.41 rows=11228 width=121)
	  Recheck Cond: ((id >= 7557923) AND (id <= 7567922))
	  ->  Bitmap Index Scan on sbtest6_pkey  (cost=0.00..328.71 rows=11228 width=0)
	        Index Cond: ((id >= 7557923) AND (id <= 7567922))

table 7 : explain SELECT c FROM sbtest7 WHERE id BETWEEN 1656660 AND 1666659
	Bitmap Heap Scan on sbtest7  (cost=324.62..37504.18 rows=10945 width=121)
	  Recheck Cond: ((id >= 1656660) AND (id <= 1666659))
	  ->  Bitmap Index Scan on sbtest7_pkey  (cost=0.00..321.88 rows=10945 width=0)
	        Index Cond: ((id >= 1656660) AND (id <= 1666659))

table 8 : explain SELECT c FROM sbtest8 WHERE id BETWEEN 5021926 AND 5031925
	Bitmap Heap Scan on sbtest8  (cost=287.86..33694.18 rows=9700 width=121)
	  Recheck Cond: ((id >= 5021926) AND (id <= 5031925))
	  ->  Bitmap Index Scan on sbtest8_pkey  (cost=0.00..285.44 rows=9700 width=0)
	        Index Cond: ((id >= 5021926) AND (id <= 5031925))

for: order_ranges
table 1 : explain SELECT c FROM sbtest1 WHERE id BETWEEN 6791563 AND 6801562 ORDER BY c
	Sort  (cost=31647.82..31669.99 rows=8865 width=121)
	  Sort Key: c
	  ->  Bitmap Heap Scan on sbtest1  (cost=259.30..31066.55 rows=8865 width=121)
	        Recheck Cond: ((id >= 6791563) AND (id <= 6801562))
	        ->  Bitmap Index Scan on sbtest1_pkey  (cost=0.00..257.08 rows=8865 width=0)
	              Index Cond: ((id >= 6791563) AND (id <= 6801562))

table 2 : explain SELECT c FROM sbtest2 WHERE id BETWEEN 971586 AND 981585 ORDER BY c
	Sort  (cost=33526.83..33550.46 rows=9453 width=121)
	  Sort Key: c
	  ->  Bitmap Heap Scan on sbtest2  (cost=281.33..32902.62 rows=9453 width=121)
	        Recheck Cond: ((id >= 971586) AND (id <= 981585))
	        ->  Bitmap Index Scan on sbtest2_pkey  (cost=0.00..278.96 rows=9453 width=0)
	              Index Cond: ((id >= 971586) AND (id <= 981585))

table 3 : explain SELECT c FROM sbtest3 WHERE id BETWEEN 6909135 AND 6919134 ORDER BY c
	Sort  (cost=39078.46..39106.47 rows=11206 width=121)
	  Sort Key: c
	  ->  Bitmap Heap Scan on sbtest3  (cost=323.30..38324.74 rows=11206 width=121)
	        Recheck Cond: ((id >= 6909135) AND (id <= 6919134))
	        ->  Bitmap Index Scan on sbtest3_pkey  (cost=0.00..320.50 rows=11206 width=0)
	              Index Cond: ((id >= 6909135) AND (id <= 6919134))

table 4 : explain SELECT c FROM sbtest4 WHERE id BETWEEN 2058719 AND 2068718 ORDER BY c
	Sort  (cost=35571.13..35596.34 rows=10086 width=121)
	  Sort Key: c
	  ->  Bitmap Heap Scan on sbtest4  (cost=295.82..34900.41 rows=10086 width=121)
	        Recheck Cond: ((id >= 2058719) AND (id <= 2068718))
	        ->  Bitmap Index Scan on sbtest4_pkey  (cost=0.00..293.30 rows=10086 width=0)
	              Index Cond: ((id >= 2058719) AND (id <= 2068718))

table 5 : explain SELECT c FROM sbtest5 WHERE id BETWEEN 7605251 AND 7615250 ORDER BY c
	Sort  (cost=35825.19..35850.60 rows=10162 width=121)
	  Sort Key: c
	  ->  Bitmap Heap Scan on sbtest5  (cost=296.60..35148.87 rows=10162 width=121)
	        Recheck Cond: ((id >= 7605251) AND (id <= 7615250))
	        ->  Bitmap Index Scan on sbtest5_pkey  (cost=0.00..294.06 rows=10162 width=0)
	              Index Cond: ((id >= 7605251) AND (id <= 7615250))

table 6 : explain SELECT c FROM sbtest6 WHERE id BETWEEN 2360119 AND 2370118 ORDER BY c
	Sort  (cost=33868.30..33892.21 rows=9561 width=121)
	  Sort Key: c
	  ->  Bitmap Heap Scan on sbtest6  (cost=282.44..33236.18 rows=9561 width=121)
	        Recheck Cond: ((id >= 2360119) AND (id <= 2370118))
	        ->  Bitmap Index Scan on sbtest6_pkey  (cost=0.00..280.05 rows=9561 width=0)
	              Index Cond: ((id >= 2360119) AND (id <= 2370118))

table 7 : explain SELECT c FROM sbtest7 WHERE id BETWEEN 7563148 AND 7573147 ORDER BY c
	Sort  (cost=37089.37..37115.82 rows=10583 width=121)
	  Sort Key: c
	  ->  Bitmap Heap Scan on sbtest7  (cost=316.91..36381.92 rows=10583 width=121)
	        Recheck Cond: ((id >= 7563148) AND (id <= 7573147))
	        ->  Bitmap Index Scan on sbtest7_pkey  (cost=0.00..314.26 rows=10583 width=0)
	              Index Cond: ((id >= 7563148) AND (id <= 7573147))

table 8 : explain SELECT c FROM sbtest8 WHERE id BETWEEN 4184947 AND 4194946 ORDER BY c
	Sort  (cost=36041.51..36067.08 rows=10227 width=121)
	  Sort Key: c
	  ->  Bitmap Heap Scan on sbtest8  (cost=305.26..35360.39 rows=10227 width=121)
	        Recheck Cond: ((id >= 4184947) AND (id <= 4194946))
	        ->  Bitmap Index Scan on sbtest8_pkey  (cost=0.00..302.70 rows=10227 width=0)
	              Index Cond: ((id >= 4184947) AND (id <= 4194946))

for: order_ranges
table 1 : explain SELECT c FROM sbtest1 WHERE id BETWEEN 6653684 AND 6663683 ORDER BY c
	Sort  (cost=34843.15..34867.76 rows=9843 width=121)
	  Sort Key: c
	  ->  Bitmap Heap Scan on sbtest1  (cost=289.33..34190.32 rows=9843 width=121)
	        Recheck Cond: ((id >= 6653684) AND (id <= 6663683))
	        ->  Bitmap Index Scan on sbtest1_pkey  (cost=0.00..286.87 rows=9843 width=0)
	              Index Cond: ((id >= 6653684) AND (id <= 6663683))

table 2 : explain SELECT c FROM sbtest2 WHERE id BETWEEN 7127991 AND 7137990 ORDER BY c
	Sort  (cost=34933.92..34958.64 rows=9887 width=121)
	  Sort Key: c
	  ->  Bitmap Heap Scan on sbtest2  (cost=293.78..34277.85 rows=9887 width=121)
	        Recheck Cond: ((id >= 7127991) AND (id <= 7137990))
	        ->  Bitmap Index Scan on sbtest2_pkey  (cost=0.00..291.31 rows=9887 width=0)
	              Index Cond: ((id >= 7127991) AND (id <= 7137990))

table 3 : explain SELECT c FROM sbtest3 WHERE id BETWEEN 9456669 AND 9466668 ORDER BY c
	Sort  (cost=32441.55..32464.39 rows=9139 width=121)
	  Sort Key: c
	  ->  Bitmap Heap Scan on sbtest3  (cost=262.11..31840.30 rows=9139 width=121)
	        Recheck Cond: ((id >= 9456669) AND (id <= 9466668))
	        ->  Bitmap Index Scan on sbtest3_pkey  (cost=0.00..259.82 rows=9139 width=0)
	              Index Cond: ((id >= 9456669) AND (id <= 9466668))

table 4 : explain SELECT c FROM sbtest4 WHERE id BETWEEN 2342461 AND 2352460 ORDER BY c
	Sort  (cost=31082.56..31104.33 rows=8708 width=121)
	  Sort Key: c
	  ->  Bitmap Heap Scan on sbtest4  (cost=253.69..30512.70 rows=8708 width=121)
	        Recheck Cond: ((id >= 2342461) AND (id <= 2352460))
	        ->  Bitmap Index Scan on sbtest4_pkey  (cost=0.00..251.51 rows=8708 width=0)
	              Index Cond: ((id >= 2342461) AND (id <= 2352460))

table 5 : explain SELECT c FROM sbtest5 WHERE id BETWEEN 3699171 AND 3709170 ORDER BY c
	Sort  (cost=33272.88..33296.31 rows=9373 width=121)
	  Sort Key: c
	  ->  Bitmap Heap Scan on sbtest5  (cost=276.51..32654.53 rows=9373 width=121)
	        Recheck Cond: ((id >= 3699171) AND (id <= 3709170))
	        ->  Bitmap Index Scan on sbtest5_pkey  (cost=0.00..274.17 rows=9373 width=0)
	              Index Cond: ((id >= 3699171) AND (id <= 3709170))

table 6 : explain SELECT c FROM sbtest6 WHERE id BETWEEN 1864970 AND 1874969 ORDER BY c
	Sort  (cost=33211.69..33235.09 rows=9360 width=121)
	  Sort Key: c
	  ->  Bitmap Heap Scan on sbtest6  (cost=276.38..32594.29 rows=9360 width=121)
	        Recheck Cond: ((id >= 1864970) AND (id <= 1874969))
	        ->  Bitmap Index Scan on sbtest6_pkey  (cost=0.00..274.04 rows=9360 width=0)
	              Index Cond: ((id >= 1864970) AND (id <= 1874969))

table 7 : explain SELECT c FROM sbtest7 WHERE id BETWEEN 8349707 AND 8359706 ORDER BY c
	Sort  (cost=33887.32..33911.28 rows=9586 width=121)
	  Sort Key: c
	  ->  Bitmap Heap Scan on sbtest7  (cost=286.69..33253.36 rows=9586 width=121)
	        Recheck Cond: ((id >= 8349707) AND (id <= 8359706))
	        ->  Bitmap Index Scan on sbtest7_pkey  (cost=0.00..284.30 rows=9586 width=0)
	              Index Cond: ((id >= 8349707) AND (id <= 8359706))

table 8 : explain SELECT c FROM sbtest8 WHERE id BETWEEN 5351085 AND 5361084 ORDER BY c
	Sort  (cost=34213.53..34237.68 rows=9662 width=121)
	  Sort Key: c
	  ->  Bitmap Heap Scan on sbtest8  (cost=287.47..33574.00 rows=9662 width=121)
	        Recheck Cond: ((id >= 5351085) AND (id <= 5361084))
	        ->  Bitmap Index Scan on sbtest8_pkey  (cost=0.00..285.06 rows=9662 width=0)
	              Index Cond: ((id >= 5351085) AND (id <= 5361084))

for: distinct_ranges
table 1 : explain SELECT DISTINCT c FROM sbtest1 WHERE id BETWEEN 6759732 AND 6769731 ORDER BY c
	Unique  (cost=31647.82..31692.15 rows=8865 width=121)
	  ->  Sort  (cost=31647.82..31669.99 rows=8865 width=121)
	        Sort Key: c
	        ->  Bitmap Heap Scan on sbtest1  (cost=259.30..31066.55 rows=8865 width=121)
	              Recheck Cond: ((id >= 6759732) AND (id <= 6769731))
	              ->  Bitmap Index Scan on sbtest1_pkey  (cost=0.00..257.08 rows=8865 width=0)
	                    Index Cond: ((id >= 6759732) AND (id <= 6769731))

table 2 : explain SELECT DISTINCT c FROM sbtest2 WHERE id BETWEEN 5468427 AND 5478426 ORDER BY c
	Unique  (cost=34355.79..34404.33 rows=9708 width=121)
	  ->  Sort  (cost=34355.79..34380.06 rows=9708 width=121)
	        Sort Key: c
	        ->  Bitmap Heap Scan on sbtest2  (cost=287.94..33712.88 rows=9708 width=121)
	              Recheck Cond: ((id >= 5468427) AND (id <= 5478426))
	              ->  Bitmap Index Scan on sbtest2_pkey  (cost=0.00..285.51 rows=9708 width=0)
	                    Index Cond: ((id >= 5468427) AND (id <= 5478426))

table 3 : explain SELECT DISTINCT c FROM sbtest3 WHERE id BETWEEN 1687276 AND 1697275 ORDER BY c
	Unique  (cost=36285.94..36337.58 rows=10329 width=121)
	  ->  Sort  (cost=36285.94..36311.76 rows=10329 width=121)
	        Sort Key: c
	        ->  Bitmap Heap Scan on sbtest3  (cost=298.31..35597.28 rows=10329 width=121)
	              Recheck Cond: ((id >= 1687276) AND (id <= 1697275))
	              ->  Bitmap Index Scan on sbtest3_pkey  (cost=0.00..295.73 rows=10329 width=0)
	                    Index Cond: ((id >= 1687276) AND (id <= 1697275))

table 4 : explain SELECT DISTINCT c FROM sbtest4 WHERE id BETWEEN 4647805 AND 4657804 ORDER BY c
	Unique  (cost=35554.61..35605.01 rows=10081 width=121)
	  ->  Sort  (cost=35554.61..35579.81 rows=10081 width=121)
	        Sort Key: c
	        ->  Bitmap Heap Scan on sbtest4  (cost=295.77..34884.26 rows=10081 width=121)
	              Recheck Cond: ((id >= 4647805) AND (id <= 4657804))
	              ->  Bitmap Index Scan on sbtest4_pkey  (cost=0.00..293.25 rows=10081 width=0)
	                    Index Cond: ((id >= 4647805) AND (id <= 4657804))

table 5 : explain SELECT DISTINCT c FROM sbtest5 WHERE id BETWEEN 2820794 AND 2830793 ORDER BY c
	Unique  (cost=32574.16..32619.96 rows=9159 width=121)
	  ->  Sort  (cost=32574.16..32597.06 rows=9159 width=121)
	        Sort Key: c
	        ->  Bitmap Heap Scan on sbtest5  (cost=270.31..31971.45 rows=9159 width=121)
	              Recheck Cond: ((id >= 2820794) AND (id <= 2830793))
	              ->  Bitmap Index Scan on sbtest5_pkey  (cost=0.00..268.03 rows=9159 width=0)
	                    Index Cond: ((id >= 2820794) AND (id <= 2830793))

table 6 : explain SELECT DISTINCT c FROM sbtest6 WHERE id BETWEEN 950722 AND 960721 ORDER BY c
	Unique  (cost=37579.11..37632.68 rows=10714 width=121)
	  ->  Sort  (cost=37579.11..37605.89 rows=10714 width=121)
	        Sort Key: c
	        ->  Bitmap Heap Scan on sbtest6  (cost=314.25..36861.95 rows=10714 width=121)
	              Recheck Cond: ((id >= 950722) AND (id <= 960721))
	              ->  Bitmap Index Scan on sbtest6_pkey  (cost=0.00..311.57 rows=10714 width=0)
	                    Index Cond: ((id >= 950722) AND (id <= 960721))

table 7 : explain SELECT DISTINCT c FROM sbtest7 WHERE id BETWEEN 4750486 AND 4760485 ORDER BY c
	Unique  (cost=35126.34..35176.19 rows=9970 width=121)
	  ->  Sort  (cost=35126.34..35151.26 rows=9970 width=121)
	        Sort Key: c
	        ->  Bitmap Heap Scan on sbtest7  (cost=298.63..34464.16 rows=9970 width=121)
	              Recheck Cond: ((id >= 4750486) AND (id <= 4760485))
	              ->  Bitmap Index Scan on sbtest7_pkey  (cost=0.00..296.13 rows=9970 width=0)
	                    Index Cond: ((id >= 4750486) AND (id <= 4760485))

table 8 : explain SELECT DISTINCT c FROM sbtest8 WHERE id BETWEEN 9518012 AND 9528011 ORDER BY c
	Unique  (cost=32353.46..32398.92 rows=9091 width=121)
	  ->  Sort  (cost=32353.46..32376.19 rows=9091 width=121)
	        Sort Key: c
	        ->  Bitmap Heap Scan on sbtest8  (cost=269.62..31755.72 rows=9091 width=121)
	              Recheck Cond: ((id >= 9518012) AND (id <= 9528011))
	              ->  Bitmap Index Scan on sbtest8_pkey  (cost=0.00..267.34 rows=9091 width=0)
	                    Index Cond: ((id >= 9518012) AND (id <= 9528011))

for: sum_ranges
table 1 : explain SELECT SUM(k) FROM sbtest1 WHERE id BETWEEN 7746467 AND 7756466
	Aggregate  (cost=34685.79..34685.80 rows=1 width=8)
	  ->  Bitmap Heap Scan on sbtest1  (cost=290.85..34660.81 rows=9992 width=4)
	        Recheck Cond: ((id >= 7746467) AND (id <= 7756466))
	        ->  Bitmap Index Scan on sbtest1_pkey  (cost=0.00..288.36 rows=9992 width=0)
	              Index Cond: ((id >= 7746467) AND (id <= 7756466))

table 2 : explain SELECT SUM(k) FROM sbtest2 WHERE id BETWEEN 2005208 AND 2015207
	Aggregate  (cost=31621.23..31621.24 rows=1 width=8)
	  ->  Bitmap Heap Scan on sbtest2  (cost=269.14..31598.62 rows=9044 width=4)
	        Recheck Cond: ((id >= 2005208) AND (id <= 2015207))
	        ->  Bitmap Index Scan on sbtest2_pkey  (cost=0.00..266.88 rows=9044 width=0)
	              Index Cond: ((id >= 2005208) AND (id <= 2015207))

table 3 : explain SELECT SUM(k) FROM sbtest3 WHERE id BETWEEN 960091 AND 970090
	Aggregate  (cost=33498.73..33498.74 rows=1 width=8)
	  ->  Bitmap Heap Scan on sbtest3  (cost=279.39..33474.60 rows=9654 width=4)
	        Recheck Cond: ((id >= 960091) AND (id <= 970090))
	        ->  Bitmap Index Scan on sbtest3_pkey  (cost=0.00..276.98 rows=9654 width=0)
	              Index Cond: ((id >= 960091) AND (id <= 970090))

table 4 : explain SELECT SUM(k) FROM sbtest4 WHERE id BETWEEN 1967230 AND 1977229
	Aggregate  (cost=34316.24..34316.25 rows=1 width=8)
	  ->  Bitmap Heap Scan on sbtest4  (cost=289.84..34291.51 rows=9893 width=4)
	        Recheck Cond: ((id >= 1967230) AND (id <= 1977229))
	        ->  Bitmap Index Scan on sbtest4_pkey  (cost=0.00..287.37 rows=9893 width=0)
	              Index Cond: ((id >= 1967230) AND (id <= 1977229))

table 5 : explain SELECT SUM(k) FROM sbtest5 WHERE id BETWEEN 5790658 AND 5800657
	Aggregate  (cost=34587.85..34587.86 rows=1 width=8)
	  ->  Bitmap Heap Scan on sbtest5  (cost=290.69..34562.91 rows=9976 width=4)
	        Recheck Cond: ((id >= 5790658) AND (id <= 5800657))
	        ->  Bitmap Index Scan on sbtest5_pkey  (cost=0.00..288.19 rows=9976 width=0)
	              Index Cond: ((id >= 5790658) AND (id <= 5800657))

table 6 : explain SELECT SUM(k) FROM sbtest6 WHERE id BETWEEN 9217130 AND 9227129
	Aggregate  (cost=35439.39..35439.40 rows=1 width=8)
	  ->  Bitmap Heap Scan on sbtest6  (cost=301.52..35413.76 rows=10252 width=4)
	        Recheck Cond: ((id >= 9217130) AND (id <= 9227129))
	        ->  Bitmap Index Scan on sbtest6_pkey  (cost=0.00..298.95 rows=10252 width=0)
	              Index Cond: ((id >= 9217130) AND (id <= 9227129))

table 7 : explain SELECT SUM(k) FROM sbtest7 WHERE id BETWEEN 2543926 AND 2553925
	Aggregate  (cost=37566.66..37566.67 rows=1 width=8)
	  ->  Bitmap Heap Scan on sbtest7  (cost=324.74..37539.26 rows=10957 width=4)
	        Recheck Cond: ((id >= 2543926) AND (id <= 2553925))
	        ->  Bitmap Index Scan on sbtest7_pkey  (cost=0.00..322.00 rows=10957 width=0)
	              Index Cond: ((id >= 2543926) AND (id <= 2553925))

table 8 : explain SELECT SUM(k) FROM sbtest8 WHERE id BETWEEN 1359309 AND 1369308
	Aggregate  (cost=37530.55..37530.56 rows=1 width=8)
	  ->  Bitmap Heap Scan on sbtest8  (cost=324.28..37503.27 rows=10912 width=4)
	        Recheck Cond: ((id >= 1359309) AND (id <= 1369308))
	        ->  Bitmap Index Scan on sbtest8_pkey  (cost=0.00..321.56 rows=10912 width=0)
	              Index Cond: ((id >= 1359309) AND (id <= 1369308))

for: order_ranges
table 1 : explain SELECT c FROM sbtest1 WHERE id BETWEEN 4376587 AND 4386586 ORDER BY c
	Sort  (cost=35367.80..35392.81 rows=10006 width=121)
	  Sort Key: c
	  ->  Bitmap Heap Scan on sbtest1  (cost=291.00..34702.97 rows=10006 width=121)
	        Recheck Cond: ((id >= 4376587) AND (id <= 4386586))
	        ->  Bitmap Index Scan on sbtest1_pkey  (cost=0.00..288.50 rows=10006 width=0)
	              Index Cond: ((id >= 4376587) AND (id <= 4386586))

table 2 : explain SELECT c FROM sbtest2 WHERE id BETWEEN 3910068 AND 3920067 ORDER BY c
	Sort  (cost=37868.44..37895.44 rows=10801 width=121)
	  Sort Key: c
	  ->  Bitmap Heap Scan on sbtest2  (cost=319.15..37144.83 rows=10801 width=121)
	        Recheck Cond: ((id >= 3910068) AND (id <= 3920067))
	        ->  Bitmap Index Scan on sbtest2_pkey  (cost=0.00..316.44 rows=10801 width=0)
	              Index Cond: ((id >= 3910068) AND (id <= 3920067))

table 3 : explain SELECT c FROM sbtest3 WHERE id BETWEEN 969276 AND 979275 ORDER BY c
	Sort  (cost=34113.54..34137.68 rows=9654 width=121)
	  Sort Key: c
	  ->  Bitmap Heap Scan on sbtest3  (cost=279.39..33474.60 rows=9654 width=121)
	        Recheck Cond: ((id >= 969276) AND (id <= 979275))
	        ->  Bitmap Index Scan on sbtest3_pkey  (cost=0.00..276.98 rows=9654 width=0)
	              Index Cond: ((id >= 969276) AND (id <= 979275))

table 4 : explain SELECT c FROM sbtest4 WHERE id BETWEEN 5916979 AND 5926978 ORDER BY c
	Sort  (cost=34595.81..34620.28 rows=9785 width=121)
	  Sort Key: c
	  ->  Bitmap Heap Scan on sbtest4  (cost=284.73..33947.25 rows=9785 width=121)
	        Recheck Cond: ((id >= 5916979) AND (id <= 5926978))
	        ->  Bitmap Index Scan on sbtest4_pkey  (cost=0.00..282.29 rows=9785 width=0)
	              Index Cond: ((id >= 5916979) AND (id <= 5926978))

table 5 : explain SELECT c FROM sbtest5 WHERE id BETWEEN 2680420 AND 2690419 ORDER BY c
	Sort  (cost=35428.22..35453.32 rows=10038 width=121)
	  Sort Key: c
	  ->  Bitmap Heap Scan on sbtest5  (cost=295.32..34761.04 rows=10038 width=121)
	        Recheck Cond: ((id >= 2680420) AND (id <= 2690419))
	        ->  Bitmap Index Scan on sbtest5_pkey  (cost=0.00..292.81 rows=10038 width=0)
	              Index Cond: ((id >= 2680420) AND (id <= 2690419))

table 6 : explain SELECT c FROM sbtest6 WHERE id BETWEEN 2646068 AND 2656067 ORDER BY c
	Sort  (cost=35882.07..35907.53 rows=10184 width=121)
	  Sort Key: c
	  ->  Bitmap Heap Scan on sbtest6  (cost=300.82..35204.12 rows=10184 width=121)
	        Recheck Cond: ((id >= 2646068) AND (id <= 2656067))
	        ->  Bitmap Index Scan on sbtest6_pkey  (cost=0.00..298.28 rows=10184 width=0)
	              Index Cond: ((id >= 2646068) AND (id <= 2656067))

table 7 : explain SELECT c FROM sbtest7 WHERE id BETWEEN 2557384 AND 2567383 ORDER BY c
	Sort  (cost=38274.45..38301.85 rows=10957 width=121)
	  Sort Key: c
	  ->  Bitmap Heap Scan on sbtest7  (cost=324.74..37539.26 rows=10957 width=121)
	        Recheck Cond: ((id >= 2557384) AND (id <= 2567383))
	        ->  Bitmap Index Scan on sbtest7_pkey  (cost=0.00..322.00 rows=10957 width=0)
	              Index Cond: ((id >= 2557384) AND (id <= 2567383))

table 8 : explain SELECT c FROM sbtest8 WHERE id BETWEEN 2167751 AND 2177750 ORDER BY c
	Sort  (cost=34828.53..34853.16 rows=9851 width=121)
	  Sort Key: c
	  ->  Bitmap Heap Scan on sbtest8  (cost=293.41..34175.11 rows=9851 width=121)
	        Recheck Cond: ((id >= 2167751) AND (id <= 2177750))
	        ->  Bitmap Index Scan on sbtest8_pkey  (cost=0.00..290.94 rows=9851 width=0)
	              Index Cond: ((id >= 2167751) AND (id <= 2177750))

for: simple_ranges
table 1 : explain SELECT c FROM sbtest1 WHERE id BETWEEN 3311165 AND 3321164
	Bitmap Heap Scan on sbtest1  (cost=285.00..34085.62 rows=9811 width=121)
	  Recheck Cond: ((id >= 3311165) AND (id <= 3321164))
	  ->  Bitmap Index Scan on sbtest1_pkey  (cost=0.00..282.55 rows=9811 width=0)
	        Index Cond: ((id >= 3311165) AND (id <= 3321164))

table 2 : explain SELECT c FROM sbtest2 WHERE id BETWEEN 7252093 AND 7262092
	Bitmap Heap Scan on sbtest2  (cost=294.95..34637.12 rows=10001 width=121)
	  Recheck Cond: ((id >= 7252093) AND (id <= 7262092))
	  ->  Bitmap Index Scan on sbtest2_pkey  (cost=0.00..292.44 rows=10001 width=0)
	        Index Cond: ((id >= 7252093) AND (id <= 7262092))

table 3 : explain SELECT c FROM sbtest3 WHERE id BETWEEN 4164943 AND 4174942
	Bitmap Heap Scan on sbtest3  (cost=305.51..36570.15 rows=10641 width=121)
	  Recheck Cond: ((id >= 4164943) AND (id <= 4174942))
	  ->  Bitmap Index Scan on sbtest3_pkey  (cost=0.00..302.84 rows=10641 width=0)
	        Index Cond: ((id >= 4164943) AND (id <= 4174942))

table 4 : explain SELECT c FROM sbtest4 WHERE id BETWEEN 487110 AND 497109
	Bitmap Heap Scan on sbtest4  (cost=284.78..33963.45 rows=9790 width=121)
	  Recheck Cond: ((id >= 487110) AND (id <= 497109))
	  ->  Bitmap Index Scan on sbtest4_pkey  (cost=0.00..282.33 rows=9790 width=0)
	        Index Cond: ((id >= 487110) AND (id <= 497109))

table 5 : explain SELECT c FROM sbtest5 WHERE id BETWEEN 6967930 AND 6977929
	Bitmap Heap Scan on sbtest5  (cost=278.56..33286.29 rows=9573 width=121)
	  Recheck Cond: ((id >= 6967930) AND (id <= 6977929))
	  ->  Bitmap Index Scan on sbtest5_pkey  (cost=0.00..276.17 rows=9573 width=0)
	        Index Cond: ((id >= 6967930) AND (id <= 6977929))

table 6 : explain SELECT c FROM sbtest6 WHERE id BETWEEN 8634606 AND 8644605
	Bitmap Heap Scan on sbtest6  (cost=295.02..34647.88 rows=10008 width=121)
	  Recheck Cond: ((id >= 8634606) AND (id <= 8644605))
	  ->  Bitmap Index Scan on sbtest6_pkey  (cost=0.00..292.51 rows=10008 width=0)
	        Index Cond: ((id >= 8634606) AND (id <= 8644605))

table 7 : explain SELECT c FROM sbtest7 WHERE id BETWEEN 844093 AND 854092
	Bitmap Heap Scan on sbtest7  (cost=287.23..33418.61 rows=9639 width=121)
	  Recheck Cond: ((id >= 844093) AND (id <= 854092))
	  ->  Bitmap Index Scan on sbtest7_pkey  (cost=0.00..284.82 rows=9639 width=0)
	        Index Cond: ((id >= 844093) AND (id <= 854092))

table 8 : explain SELECT c FROM sbtest8 WHERE id BETWEEN 5150421 AND 5160420
	Bitmap Heap Scan on sbtest8  (cost=294.69..34567.05 rows=9976 width=121)
	  Recheck Cond: ((id >= 5150421) AND (id <= 5160420))
	  ->  Bitmap Index Scan on sbtest8_pkey  (cost=0.00..292.19 rows=9976 width=0)
	        Index Cond: ((id >= 5150421) AND (id <= 5160420))

for: sum_ranges
table 1 : explain SELECT SUM(k) FROM sbtest1 WHERE id BETWEEN 4518872 AND 4528871
	Aggregate  (cost=34630.64..34630.65 rows=1 width=8)
	  ->  Bitmap Heap Scan on sbtest1  (cost=290.68..34605.71 rows=9975 width=4)
	        Recheck Cond: ((id >= 4518872) AND (id <= 4528871))
	        ->  Bitmap Index Scan on sbtest1_pkey  (cost=0.00..288.19 rows=9975 width=0)
	              Index Cond: ((id >= 4518872) AND (id <= 4528871))

table 2 : explain SELECT SUM(k) FROM sbtest2 WHERE id BETWEEN 6031606 AND 6041605
	Aggregate  (cost=38219.97..38219.98 rows=1 width=8)
	  ->  Bitmap Heap Scan on sbtest2  (cost=330.59..38192.13 rows=11137 width=4)
	        Recheck Cond: ((id >= 6031606) AND (id <= 6041605))
	        ->  Bitmap Index Scan on sbtest2_pkey  (cost=0.00..327.81 rows=11137 width=0)
	              Index Cond: ((id >= 6031606) AND (id <= 6041605))

table 3 : explain SELECT SUM(k) FROM sbtest3 WHERE id BETWEEN 3708174 AND 3718173
	Aggregate  (cost=35587.70..35587.71 rows=1 width=8)
	  ->  Bitmap Heap Scan on sbtest3  (cost=298.18..35561.91 rows=10317 width=4)
	        Recheck Cond: ((id >= 3708174) AND (id <= 3718173))
	        ->  Bitmap Index Scan on sbtest3_pkey  (cost=0.00..295.61 rows=10317 width=0)
	              Index Cond: ((id >= 3708174) AND (id <= 3718173))

table 4 : explain SELECT SUM(k) FROM sbtest4 WHERE id BETWEEN 9434591 AND 9444590
	Aggregate  (cost=36304.32..36304.33 rows=1 width=8)
	  ->  Bitmap Heap Scan on sbtest4  (cost=308.32..36278.00 rows=10525 width=4)
	        Recheck Cond: ((id >= 9434591) AND (id <= 9444590))
	        ->  Bitmap Index Scan on sbtest4_pkey  (cost=0.00..305.69 rows=10525 width=0)
	              Index Cond: ((id >= 9434591) AND (id <= 9444590))

table 5 : explain SELECT SUM(k) FROM sbtest5 WHERE id BETWEEN 598619 AND 608618
	Aggregate  (cost=34610.52..34610.53 rows=1 width=8)
	  ->  Bitmap Heap Scan on sbtest5  (cost=290.76..34585.56 rows=9983 width=4)
	        Recheck Cond: ((id >= 598619) AND (id <= 608618))
	        ->  Bitmap Index Scan on sbtest5_pkey  (cost=0.00..288.26 rows=9983 width=0)
	              Index Cond: ((id >= 598619) AND (id <= 608618))

table 6 : explain SELECT SUM(k) FROM sbtest6 WHERE id BETWEEN 8840177 AND 8850176
	Aggregate  (cost=37399.23..37399.24 rows=1 width=8)
	  ->  Bitmap Heap Scan on sbtest6  (cost=319.93..37372.03 rows=10878 width=4)
	        Recheck Cond: ((id >= 8840177) AND (id <= 8850176))
	        ->  Bitmap Index Scan on sbtest6_pkey  (cost=0.00..317.21 rows=10878 width=0)
	              Index Cond: ((id >= 8840177) AND (id <= 8850176))

table 7 : explain SELECT SUM(k) FROM sbtest7 WHERE id BETWEEN 8424946 AND 8434945
	Aggregate  (cost=34669.81..34669.82 rows=1 width=8)
	  ->  Bitmap Heap Scan on sbtest7  (cost=299.22..34644.74 rows=10028 width=4)
	        Recheck Cond: ((id >= 8424946) AND (id <= 8434945))
	        ->  Bitmap Index Scan on sbtest7_pkey  (cost=0.00..296.71 rows=10028 width=0)
	              Index Cond: ((id >= 8424946) AND (id <= 8434945))

table 8 : explain SELECT SUM(k) FROM sbtest8 WHERE id BETWEEN 3790114 AND 3800113
	Aggregate  (cost=35440.84..35440.85 rows=1 width=8)
	  ->  Bitmap Heap Scan on sbtest8  (cost=305.44..35415.23 rows=10244 width=4)
	        Recheck Cond: ((id >= 3790114) AND (id <= 3800113))
	        ->  Bitmap Index Scan on sbtest8_pkey  (cost=0.00..302.88 rows=10244 width=0)
	              Index Cond: ((id >= 3790114) AND (id <= 3800113))

for: sum_ranges
table 1 : explain SELECT SUM(k) FROM sbtest1 WHERE id BETWEEN 7956092 AND 7966091
	Aggregate  (cost=34646.86..34646.87 rows=1 width=8)
	  ->  Bitmap Heap Scan on sbtest1  (cost=290.73..34621.91 rows=9980 width=4)
	        Recheck Cond: ((id >= 7956092) AND (id <= 7966091))
	        ->  Bitmap Index Scan on sbtest1_pkey  (cost=0.00..288.24 rows=9980 width=0)
	              Index Cond: ((id >= 7956092) AND (id <= 7966091))

table 2 : explain SELECT SUM(k) FROM sbtest2 WHERE id BETWEEN 1750165 AND 1760164
	Aggregate  (cost=37733.21..37733.22 rows=1 width=8)
	  ->  Bitmap Heap Scan on sbtest2  (cost=324.99..37705.76 rows=10981 width=4)
	        Recheck Cond: ((id >= 1750165) AND (id <= 1760164))
	        ->  Bitmap Index Scan on sbtest2_pkey  (cost=0.00..322.25 rows=10981 width=0)
	              Index Cond: ((id >= 1750165) AND (id <= 1760164))

table 3 : explain SELECT SUM(k) FROM sbtest3 WHERE id BETWEEN 3796506 AND 3806505
	Aggregate  (cost=33352.73..33352.74 rows=1 width=8)
	  ->  Bitmap Heap Scan on sbtest3  (cost=278.91..33328.71 rows=9607 width=4)
	        Recheck Cond: ((id >= 3796506) AND (id <= 3806505))
	        ->  Bitmap Index Scan on sbtest3_pkey  (cost=0.00..276.50 rows=9607 width=0)
	              Index Cond: ((id >= 3796506) AND (id <= 3806505))

table 4 : explain SELECT SUM(k) FROM sbtest4 WHERE id BETWEEN 6689065 AND 6699064
	Aggregate  (cost=33353.61..33353.62 rows=1 width=8)
	  ->  Bitmap Heap Scan on sbtest4  (cost=278.73..33329.63 rows=9590 width=4)
	        Recheck Cond: ((id >= 6689065) AND (id <= 6699064))
	        ->  Bitmap Index Scan on sbtest4_pkey  (cost=0.00..276.33 rows=9590 width=0)
	              Index Cond: ((id >= 6689065) AND (id <= 6699064))

table 5 : explain SELECT SUM(k) FROM sbtest5 WHERE id BETWEEN 3891239 AND 3901238
	Aggregate  (cost=33450.89..33450.90 rows=1 width=8)
	  ->  Bitmap Heap Scan on sbtest5  (cost=283.00..33426.85 rows=9616 width=4)
	        Recheck Cond: ((id >= 3891239) AND (id <= 3901238))
	        ->  Bitmap Index Scan on sbtest5_pkey  (cost=0.00..280.59 rows=9616 width=0)
	              Index Cond: ((id >= 3891239) AND (id <= 3901238))

table 6 : explain SELECT SUM(k) FROM sbtest6 WHERE id BETWEEN 9854270 AND 9864269
	Aggregate  (cost=35752.92..35752.93 rows=1 width=8)
	  ->  Bitmap Heap Scan on sbtest6  (cost=306.53..35727.04 rows=10351 width=4)
	        Recheck Cond: ((id >= 9854270) AND (id <= 9864269))
	        ->  Bitmap Index Scan on sbtest6_pkey  (cost=0.00..303.94 rows=10351 width=0)
	              Index Cond: ((id >= 9854270) AND (id <= 9864269))

table 7 : explain SELECT SUM(k) FROM sbtest7 WHERE id BETWEEN 5402837 AND 5412836
	Aggregate  (cost=31039.46..31039.47 rows=1 width=8)
	  ->  Bitmap Heap Scan on sbtest7  (cost=263.50..31017.25 rows=8884 width=4)
	        Recheck Cond: ((id >= 5402837) AND (id <= 5412836))
	        ->  Bitmap Index Scan on sbtest7_pkey  (cost=0.00..261.28 rows=8884 width=0)
	              Index Cond: ((id >= 5402837) AND (id <= 5412836))

table 8 : explain SELECT SUM(k) FROM sbtest8 WHERE id BETWEEN 4684346 AND 4694345
	Aggregate  (cost=34588.75..34588.76 rows=1 width=8)
	  ->  Bitmap Heap Scan on sbtest8  (cost=294.68..34563.81 rows=9975 width=4)
	        Recheck Cond: ((id >= 4684346) AND (id <= 4694345))
	        ->  Bitmap Index Scan on sbtest8_pkey  (cost=0.00..292.19 rows=9975 width=0)
	              Index Cond: ((id >= 4684346) AND (id <= 4694345))

for point_selects
table 1 : explain SELECT c FROM sbtest1 WHERE id=1927833
	Index Scan using sbtest1_pkey on sbtest1  (cost=0.43..8.45 rows=1 width=121)
	  Index Cond: (id = 1927833)

table 2 : explain SELECT c FROM sbtest2 WHERE id=3333571
	Index Scan using sbtest2_pkey on sbtest2  (cost=0.43..8.45 rows=1 width=121)
	  Index Cond: (id = 3333571)

table 3 : explain SELECT c FROM sbtest3 WHERE id=1426904
	Index Scan using sbtest3_pkey on sbtest3  (cost=0.43..8.45 rows=1 width=121)
	  Index Cond: (id = 1426904)

table 4 : explain SELECT c FROM sbtest4 WHERE id=5096280
	Index Scan using sbtest4_pkey on sbtest4  (cost=0.43..8.45 rows=1 width=121)
	  Index Cond: (id = 5096280)

table 5 : explain SELECT c FROM sbtest5 WHERE id=724947
	Index Scan using sbtest5_pkey on sbtest5  (cost=0.43..8.45 rows=1 width=121)
	  Index Cond: (id = 724947)

table 6 : explain SELECT c FROM sbtest6 WHERE id=3705227
	Index Scan using sbtest6_pkey on sbtest6  (cost=0.43..8.45 rows=1 width=121)
	  Index Cond: (id = 3705227)

table 7 : explain SELECT c FROM sbtest7 WHERE id=2964873
	Index Scan using sbtest7_pkey on sbtest7  (cost=0.43..8.45 rows=1 width=121)
	  Index Cond: (id = 2964873)

table 8 : explain SELECT c FROM sbtest8 WHERE id=6652390
	Index Scan using sbtest8_pkey on sbtest8  (cost=0.43..8.45 rows=1 width=121)
	  Index Cond: (id = 6652390)

for: sum_ranges
table 1 : explain SELECT SUM(k) FROM sbtest1 WHERE id BETWEEN 5857696 AND 5867695
	Aggregate  (cost=35273.18..35273.19 rows=1 width=8)
	  ->  Bitmap Heap Scan on sbtest1  (cost=296.76..35247.73 rows=10178 width=4)
	        Recheck Cond: ((id >= 5857696) AND (id <= 5867695))
	        ->  Bitmap Index Scan on sbtest1_pkey  (cost=0.00..294.21 rows=10178 width=0)
	              Index Cond: ((id >= 5857696) AND (id <= 5867695))

table 2 : explain SELECT SUM(k) FROM sbtest2 WHERE id BETWEEN 8816287 AND 8826286
	Aggregate  (cost=32850.54..32850.55 rows=1 width=8)
	  ->  Bitmap Heap Scan on sbtest2  (cost=277.09..32826.96 rows=9430 width=4)
	        Recheck Cond: ((id >= 8816287) AND (id <= 8826286))
	        ->  Bitmap Index Scan on sbtest2_pkey  (cost=0.00..274.74 rows=9430 width=0)
	              Index Cond: ((id >= 8816287) AND (id <= 8826286))

table 3 : explain SELECT SUM(k) FROM sbtest3 WHERE id BETWEEN 3700778 AND 3710777
	Aggregate  (cost=35587.70..35587.71 rows=1 width=8)
	  ->  Bitmap Heap Scan on sbtest3  (cost=298.18..35561.91 rows=10317 width=4)
	        Recheck Cond: ((id >= 3700778) AND (id <= 3710777))
	        ->  Bitmap Index Scan on sbtest3_pkey  (cost=0.00..295.61 rows=10317 width=0)
	              Index Cond: ((id >= 3700778) AND (id <= 3710777))

table 4 : explain SELECT SUM(k) FROM sbtest4 WHERE id BETWEEN 1653653 AND 1663652
	Aggregate  (cost=35281.06..35281.07 rows=1 width=8)
	  ->  Bitmap Heap Scan on sbtest4  (cost=296.97..35255.56 rows=10199 width=4)
	        Recheck Cond: ((id >= 1653653) AND (id <= 1663652))
	        ->  Bitmap Index Scan on sbtest4_pkey  (cost=0.00..294.43 rows=10199 width=0)
	              Index Cond: ((id >= 1653653) AND (id <= 1663652))

table 5 : explain SELECT SUM(k) FROM sbtest5 WHERE id BETWEEN 2061985 AND 2071984
	Aggregate  (cost=35788.42..35788.43 rows=1 width=8)
	  ->  Bitmap Heap Scan on sbtest5  (cost=302.59..35762.53 rows=10357 width=4)
	        Recheck Cond: ((id >= 2061985) AND (id <= 2071984))
	        ->  Bitmap Index Scan on sbtest5_pkey  (cost=0.00..300.00 rows=10357 width=0)
	              Index Cond: ((id >= 2061985) AND (id <= 2071984))

table 6 : explain SELECT SUM(k) FROM sbtest6 WHERE id BETWEEN 8341232 AND 8351231
	Aggregate  (cost=35839.91..35839.92 rows=1 width=8)
	  ->  Bitmap Heap Scan on sbtest6  (cost=306.82..35813.96 rows=10379 width=4)
	        Recheck Cond: ((id >= 8341232) AND (id <= 8351231))
	        ->  Bitmap Index Scan on sbtest6_pkey  (cost=0.00..304.23 rows=10379 width=0)
	              Index Cond: ((id >= 8341232) AND (id <= 8351231))

table 7 : explain SELECT SUM(k) FROM sbtest7 WHERE id BETWEEN 765452 AND 775451
	Aggregate  (cost=35063.08..35063.09 rows=1 width=8)
	  ->  Bitmap Heap Scan on sbtest7  (cost=300.51..35037.70 rows=10154 width=4)
	        Recheck Cond: ((id >= 765452) AND (id <= 775451))
	        ->  Bitmap Index Scan on sbtest7_pkey  (cost=0.00..297.98 rows=10154 width=0)
	              Index Cond: ((id >= 765452) AND (id <= 775451))

table 8 : explain SELECT SUM(k) FROM sbtest8 WHERE id BETWEEN 737048 AND 747047
	Aggregate  (cost=32678.82..32678.83 rows=1 width=8)
	  ->  Bitmap Heap Scan on sbtest8  (cost=280.50..32655.39 rows=9372 width=4)
	        Recheck Cond: ((id >= 737048) AND (id <= 747047))
	        ->  Bitmap Index Scan on sbtest8_pkey  (cost=0.00..278.16 rows=9372 width=0)
	              Index Cond: ((id >= 737048) AND (id <= 747047))

for: distinct_ranges
table 1 : explain SELECT DISTINCT c FROM sbtest1 WHERE id BETWEEN 3285815 AND 3295814 ORDER BY c
	Unique  (cost=34736.09..34785.15 rows=9811 width=121)
	  ->  Sort  (cost=34736.09..34760.62 rows=9811 width=121)
	        Sort Key: c
	        ->  Bitmap Heap Scan on sbtest1  (cost=285.00..34085.62 rows=9811 width=121)
	              Recheck Cond: ((id >= 3285815) AND (id <= 3295814))
	              ->  Bitmap Index Scan on sbtest1_pkey  (cost=0.00..282.55 rows=9811 width=0)
	                    Index Cond: ((id >= 3285815) AND (id <= 3295814))

table 2 : explain SELECT DISTINCT c FROM sbtest2 WHERE id BETWEEN 1870461 AND 1880460 ORDER BY c
	Unique  (cost=35639.73..35690.25 rows=10105 width=121)
	  ->  Sort  (cost=35639.73..35664.99 rows=10105 width=121)
	        Sort Key: c
	        ->  Bitmap Heap Scan on sbtest2  (cost=300.01..34967.61 rows=10105 width=121)
	              Recheck Cond: ((id >= 1870461) AND (id <= 1880460))
	              ->  Bitmap Index Scan on sbtest2_pkey  (cost=0.00..297.49 rows=10105 width=0)
	                    Index Cond: ((id >= 1870461) AND (id <= 1880460))

table 3 : explain SELECT DISTINCT c FROM sbtest3 WHERE id BETWEEN 4247656 AND 4257655 ORDER BY c
	Unique  (cost=34796.51..34845.84 rows=9865 width=121)
	  ->  Sort  (cost=34796.51..34821.17 rows=9865 width=121)
	        Sort Key: c
	        ->  Bitmap Heap Scan on sbtest3  (cost=285.55..34142.06 rows=9865 width=121)
	              Recheck Cond: ((id >= 4247656) AND (id <= 4257655))
	              ->  Bitmap Index Scan on sbtest3_pkey  (cost=0.00..283.08 rows=9865 width=0)
	                    Index Cond: ((id >= 4247656) AND (id <= 4257655))

table 4 : explain SELECT DISTINCT c FROM sbtest4 WHERE id BETWEEN 9899474 AND 9909473 ORDER BY c
	Unique  (cost=35700.05..35750.68 rows=10126 width=121)
	  ->  Sort  (cost=35700.05..35725.37 rows=10126 width=121)
	        Sort Key: c
	        ->  Bitmap Heap Scan on sbtest4  (cost=296.23..35026.38 rows=10126 width=121)
	              Recheck Cond: ((id >= 9899474) AND (id <= 9909473))
	              ->  Bitmap Index Scan on sbtest4_pkey  (cost=0.00..293.69 rows=10126 width=0)
	                    Index Cond: ((id >= 9899474) AND (id <= 9909473))

table 5 : explain SELECT DISTINCT c FROM sbtest5 WHERE id BETWEEN 3618093 AND 3628092 ORDER BY c
	Unique  (cost=33272.88..33319.74 rows=9373 width=121)
	  ->  Sort  (cost=33272.88..33296.31 rows=9373 width=121)
	        Sort Key: c
	        ->  Bitmap Heap Scan on sbtest5  (cost=276.51..32654.53 rows=9373 width=121)
	              Recheck Cond: ((id >= 3618093) AND (id <= 3628092))
	              ->  Bitmap Index Scan on sbtest5_pkey  (cost=0.00..274.17 rows=9373 width=0)
	                    Index Cond: ((id >= 3618093) AND (id <= 3628092))

table 6 : explain SELECT DISTINCT c FROM sbtest6 WHERE id BETWEEN 3036185 AND 3046184 ORDER BY c
	Unique  (cost=34998.32..35047.87 rows=9910 width=121)
	  ->  Sort  (cost=34998.32..35023.10 rows=9910 width=121)
	        Sort Key: c
	        ->  Bitmap Heap Scan on sbtest6  (cost=294.01..34340.56 rows=9910 width=121)
	              Recheck Cond: ((id >= 3036185) AND (id <= 3046184))
	              ->  Bitmap Index Scan on sbtest6_pkey  (cost=0.00..291.54 rows=9910 width=0)
	                    Index Cond: ((id >= 3036185) AND (id <= 3046184))

table 7 : explain SELECT DISTINCT c FROM sbtest7 WHERE id BETWEEN 2018915 AND 2028914 ORDER BY c
	Unique  (cost=33292.37..33339.38 rows=9403 width=121)
	  ->  Sort  (cost=33292.37..33315.88 rows=9403 width=121)
	        Sort Key: c
	        ->  Bitmap Heap Scan on sbtest7  (cost=280.82..32671.82 rows=9403 width=121)
	              Recheck Cond: ((id >= 2018915) AND (id <= 2028914))
	              ->  Bitmap Index Scan on sbtest7_pkey  (cost=0.00..278.46 rows=9403 width=0)
	                    Index Cond: ((id >= 2018915) AND (id <= 2028914))

table 8 : explain SELECT DISTINCT c FROM sbtest8 WHERE id BETWEEN 2183748 AND 2193747 ORDER BY c
	Unique  (cost=34828.53..34877.78 rows=9851 width=121)
	  ->  Sort  (cost=34828.53..34853.16 rows=9851 width=121)
	        Sort Key: c
	        ->  Bitmap Heap Scan on sbtest8  (cost=293.41..34175.11 rows=9851 width=121)
	              Recheck Cond: ((id >= 2183748) AND (id <= 2193747))
	              ->  Bitmap Index Scan on sbtest8_pkey  (cost=0.00..290.94 rows=9851 width=0)
	                    Index Cond: ((id >= 2183748) AND (id <= 2193747))

for: distinct_ranges
table 1 : explain SELECT DISTINCT c FROM sbtest1 WHERE id BETWEEN 5793942 AND 5803941 ORDER BY c
	Unique  (cost=35925.24..35976.13 rows=10178 width=121)
	  ->  Sort  (cost=35925.24..35950.69 rows=10178 width=121)
	        Sort Key: c
	        ->  Bitmap Heap Scan on sbtest1  (cost=296.76..35247.73 rows=10178 width=121)
	              Recheck Cond: ((id >= 5793942) AND (id <= 5803941))
	              ->  Bitmap Index Scan on sbtest1_pkey  (cost=0.00..294.21 rows=10178 width=0)
	                    Index Cond: ((id >= 5793942) AND (id <= 5803941))

table 2 : explain SELECT DISTINCT c FROM sbtest2 WHERE id BETWEEN 3155687 AND 3165686 ORDER BY c
	Unique  (cost=34694.39..34743.45 rows=9813 width=121)
	  ->  Sort  (cost=34694.39..34718.92 rows=9813 width=121)
	        Sort Key: c
	        ->  Bitmap Heap Scan on sbtest2  (cost=289.02..34043.76 rows=9813 width=121)
	              Recheck Cond: ((id >= 3155687) AND (id <= 3165686))
	              ->  Bitmap Index Scan on sbtest2_pkey  (cost=0.00..286.56 rows=9813 width=0)
	                    Index Cond: ((id >= 3155687) AND (id <= 3165686))

table 3 : explain SELECT DISTINCT c FROM sbtest3 WHERE id BETWEEN 7061900 AND 7071899 ORDER BY c
	Unique  (cost=35596.65..35647.22 rows=10114 width=121)
	  ->  Sort  (cost=35596.65..35621.94 rows=10114 width=121)
	        Sort Key: c
	        ->  Bitmap Heap Scan on sbtest3  (cost=292.10..34923.87 rows=10114 width=121)
	              Recheck Cond: ((id >= 7061900) AND (id <= 7071899))
	              ->  Bitmap Index Scan on sbtest3_pkey  (cost=0.00..289.57 rows=10114 width=0)
	                    Index Cond: ((id >= 7061900) AND (id <= 7071899))

table 4 : explain SELECT DISTINCT c FROM sbtest4 WHERE id BETWEEN 5846005 AND 5856004 ORDER BY c
	Unique  (cost=34595.81..34644.74 rows=9785 width=121)
	  ->  Sort  (cost=34595.81..34620.28 rows=9785 width=121)
	        Sort Key: c
	        ->  Bitmap Heap Scan on sbtest4  (cost=284.73..33947.25 rows=9785 width=121)
	              Recheck Cond: ((id >= 5846005) AND (id <= 5856004))
	              ->  Bitmap Index Scan on sbtest4_pkey  (cost=0.00..282.29 rows=9785 width=0)
	                    Index Cond: ((id >= 5846005) AND (id <= 5856004))

table 5 : explain SELECT DISTINCT c FROM sbtest5 WHERE id BETWEEN 5132227 AND 5142226 ORDER BY c
	Unique  (cost=33466.32..33513.48 rows=9433 width=121)
	  ->  Sort  (cost=33466.32..33489.90 rows=9433 width=121)
	        Sort Key: c
	        ->  Bitmap Heap Scan on sbtest5  (cost=277.12..32843.57 rows=9433 width=121)
	              Recheck Cond: ((id >= 5132227) AND (id <= 5142226))
	              ->  Bitmap Index Scan on sbtest5_pkey  (cost=0.00..274.76 rows=9433 width=0)
	                    Index Cond: ((id >= 5132227) AND (id <= 5142226))

table 6 : explain SELECT DISTINCT c FROM sbtest6 WHERE id BETWEEN 1750899 AND 1760898 ORDER BY c
	Unique  (cost=34367.50..34416.07 rows=9715 width=121)
	  ->  Sort  (cost=34367.50..34391.79 rows=9715 width=121)
	        Sort Key: c
	        ->  Bitmap Heap Scan on sbtest6  (cost=288.01..33724.07 rows=9715 width=121)
	              Recheck Cond: ((id >= 1750899) AND (id <= 1760898))
	              ->  Bitmap Index Scan on sbtest6_pkey  (cost=0.00..285.58 rows=9715 width=0)
	                    Index Cond: ((id >= 1750899) AND (id <= 1760898))

table 7 : explain SELECT DISTINCT c FROM sbtest7 WHERE id BETWEEN 8020647 AND 8030646 ORDER BY c
	Unique  (cost=36862.37..36914.93 rows=10513 width=121)
	  ->  Sort  (cost=36862.37..36888.65 rows=10513 width=121)
	        Sort Key: c
	        ->  Bitmap Heap Scan on sbtest7  (cost=312.19..36160.11 rows=10513 width=121)
	              Recheck Cond: ((id >= 8020647) AND (id <= 8030646))
	              ->  Bitmap Index Scan on sbtest7_pkey  (cost=0.00..309.56 rows=10513 width=0)
	                    Index Cond: ((id >= 8020647) AND (id <= 8030646))

table 8 : explain SELECT DISTINCT c FROM sbtest8 WHERE id BETWEEN 8678896 AND 8688895 ORDER BY c
	Unique  (cost=37614.14..37667.72 rows=10717 width=121)
	  ->  Sort  (cost=37614.14..37640.93 rows=10717 width=121)
	        Sort Key: c
	        ->  Bitmap Heap Scan on sbtest8  (cost=318.28..36896.76 rows=10717 width=121)
	              Recheck Cond: ((id >= 8678896) AND (id <= 8688895))
	              ->  Bitmap Index Scan on sbtest8_pkey  (cost=0.00..315.61 rows=10717 width=0)
	                    Index Cond: ((id >= 8678896) AND (id <= 8688895))

explain: for point_selects :: explain SELECT c FROM sbtest%u WHERE id=%u
explain: for point_selects :: explain SELECT c FROM sbtest%u WHERE id=%u
for: distinct_ranges
table 1 : explain SELECT DISTINCT c FROM sbtest1 WHERE id BETWEEN 2019831 AND 2029830 ORDER BY c
	Unique  (cost=36270.04..36321.46 rows=10284 width=121)
	  ->  Sort  (cost=36270.04..36295.75 rows=10284 width=121)
	        Sort Key: c
	        ->  Bitmap Heap Scan on sbtest1  (cost=301.85..35584.71 rows=10284 width=121)
	              Recheck Cond: ((id >= 2019831) AND (id <= 2029830))
	              ->  Bitmap Index Scan on sbtest1_pkey  (cost=0.00..299.28 rows=10284 width=0)
	                    Index Cond: ((id >= 2019831) AND (id <= 2029830))

table 2 : explain SELECT DISTINCT c FROM sbtest2 WHERE id BETWEEN 1788041 AND 1798040 ORDER BY c
	Unique  (cost=38442.74..38497.64 rows=10981 width=121)
	  ->  Sort  (cost=38442.74..38470.19 rows=10981 width=121)
	        Sort Key: c
	        ->  Bitmap Heap Scan on sbtest2  (cost=324.99..37705.76 rows=10981 width=121)
	              Recheck Cond: ((id >= 1788041) AND (id <= 1798040))
	              ->  Bitmap Index Scan on sbtest2_pkey  (cost=0.00..322.25 rows=10981 width=0)
	                    Index Cond: ((id >= 1788041) AND (id <= 1798040))

table 3 : explain SELECT DISTINCT c FROM sbtest3 WHERE id BETWEEN 1274561 AND 1284560 ORDER BY c
	Unique  (cost=33052.20..33098.83 rows=9327 width=121)
	  ->  Sort  (cost=33052.20..33075.51 rows=9327 width=121)
	        Sort Key: c
	        ->  Bitmap Heap Scan on sbtest3  (cost=268.04..32437.21 rows=9327 width=121)
	              Recheck Cond: ((id >= 1274561) AND (id <= 1284560))
	              ->  Bitmap Index Scan on sbtest3_pkey  (cost=0.00..265.70 rows=9327 width=0)
	                    Index Cond: ((id >= 1274561) AND (id <= 1284560))

table 4 : explain SELECT DISTINCT c FROM sbtest4 WHERE id BETWEEN 1849624 AND 1859623 ORDER BY c
	Unique  (cost=37724.54..37778.33 rows=10757 width=121)
	  ->  Sort  (cost=37724.54..37751.43 rows=10757 width=121)
	        Sort Key: c
	        ->  Bitmap Heap Scan on sbtest4  (cost=314.69..37004.20 rows=10757 width=121)
	              Recheck Cond: ((id >= 1849624) AND (id <= 1859623))
	              ->  Bitmap Index Scan on sbtest4_pkey  (cost=0.00..312.00 rows=10757 width=0)
	                    Index Cond: ((id >= 1849624) AND (id <= 1859623))

table 5 : explain SELECT DISTINCT c FROM sbtest5 WHERE id BETWEEN 469430 AND 479429 ORDER BY c
	Unique  (cost=37488.44..37541.83 rows=10679 width=121)
	  ->  Sort  (cost=37488.44..37515.13 rows=10679 width=121)
	        Sort Key: c
	        ->  Bitmap Heap Scan on sbtest5  (cost=313.89..36773.88 rows=10679 width=121)
	              Recheck Cond: ((id >= 469430) AND (id <= 479429))
	              ->  Bitmap Index Scan on sbtest5_pkey  (cost=0.00..311.23 rows=10679 width=0)
	                    Index Cond: ((id >= 469430) AND (id <= 479429))

table 6 : explain SELECT DISTINCT c FROM sbtest6 WHERE id BETWEEN 9855033 AND 9865032 ORDER BY c
	Unique  (cost=36417.32..36469.08 rows=10351 width=121)
	  ->  Sort  (cost=36417.32..36443.20 rows=10351 width=121)
	        Sort Key: c
	        ->  Bitmap Heap Scan on sbtest6  (cost=306.53..35727.04 rows=10351 width=121)
	              Recheck Cond: ((id >= 9855033) AND (id <= 9865032))
	              ->  Bitmap Index Scan on sbtest6_pkey  (cost=0.00..303.94 rows=10351 width=0)
	                    Index Cond: ((id >= 9855033) AND (id <= 9865032))

table 7 : explain SELECT DISTINCT c FROM sbtest7 WHERE id BETWEEN 5633152 AND 5643151 ORDER BY c
	Unique  (cost=35826.13..35877.07 rows=10188 width=121)
	  ->  Sort  (cost=35826.13..35851.60 rows=10188 width=121)
	        Sort Key: c
	        ->  Bitmap Heap Scan on sbtest7  (cost=304.86..35147.88 rows=10188 width=121)
	              Recheck Cond: ((id >= 5633152) AND (id <= 5643151))
	              ->  Bitmap Index Scan on sbtest7_pkey  (cost=0.00..302.31 rows=10188 width=0)
	                    Index Cond: ((id >= 5633152) AND (id <= 5643151))

table 8 : explain SELECT DISTINCT c FROM sbtest8 WHERE id BETWEEN 8303001 AND 8313000 ORDER BY c
	Unique  (cost=34722.35..34771.44 rows=9818 width=121)
	  ->  Sort  (cost=34722.35..34746.90 rows=9818 width=121)
	        Sort Key: c
	        ->  Bitmap Heap Scan on sbtest8  (cost=293.07..34071.36 rows=9818 width=121)
	              Recheck Cond: ((id >= 8303001) AND (id <= 8313000))
	              ->  Bitmap Index Scan on sbtest8_pkey  (cost=0.00..290.62 rows=9818 width=0)
	                    Index Cond: ((id >= 8303001) AND (id <= 8313000))

for: order_ranges
table 1 : explain SELECT c FROM sbtest1 WHERE id BETWEEN 3328244 AND 3338243 ORDER BY c
	Sort  (cost=34736.09..34760.62 rows=9811 width=121)
	  Sort Key: c
	  ->  Bitmap Heap Scan on sbtest1  (cost=285.00..34085.62 rows=9811 width=121)
	        Recheck Cond: ((id >= 3328244) AND (id <= 3338243))
	        ->  Bitmap Index Scan on sbtest1_pkey  (cost=0.00..282.55 rows=9811 width=0)
	              Index Cond: ((id >= 3328244) AND (id <= 3338243))

table 2 : explain SELECT c FROM sbtest2 WHERE id BETWEEN 9592013 AND 9602012 ORDER BY c
	Sort  (cost=34847.01..34871.67 rows=9861 width=121)
	  Sort Key: c
	  ->  Bitmap Heap Scan on sbtest2  (cost=289.51..34192.86 rows=9861 width=121)
	        Recheck Cond: ((id >= 9592013) AND (id <= 9602012))
	        ->  Bitmap Index Scan on sbtest2_pkey  (cost=0.00..287.05 rows=9861 width=0)
	              Index Cond: ((id >= 9592013) AND (id <= 9602012))

table 3 : explain SELECT c FROM sbtest3 WHERE id BETWEEN 992404 AND 1002403 ORDER BY c
	Sort  (cost=33754.39..33778.25 rows=9543 width=121)
	  Sort Key: c
	  ->  Bitmap Heap Scan on sbtest3  (cost=274.25..33123.59 rows=9543 width=121)
	        Recheck Cond: ((id >= 992404) AND (id <= 1002403))
	        ->  Bitmap Index Scan on sbtest3_pkey  (cost=0.00..271.87 rows=9543 width=0)
	              Index Cond: ((id >= 992404) AND (id <= 1002403))

table 4 : explain SELECT c FROM sbtest4 WHERE id BETWEEN 1377121 AND 1387120 ORDER BY c
	Sort  (cost=36991.02..37017.34 rows=10528 width=121)
	  Sort Key: c
	  ->  Bitmap Heap Scan on sbtest4  (cost=308.35..36287.64 rows=10528 width=121)
	        Recheck Cond: ((id >= 1377121) AND (id <= 1387120))
	        ->  Bitmap Index Scan on sbtest4_pkey  (cost=0.00..305.71 rows=10528 width=0)
	              Index Cond: ((id >= 1377121) AND (id <= 1387120))

table 5 : explain SELECT c FROM sbtest5 WHERE id BETWEEN 6386309 AND 6396308 ORDER BY c
	Sort  (cost=35388.54..35413.60 rows=10026 width=121)
	  Sort Key: c
	  ->  Bitmap Heap Scan on sbtest5  (cost=295.20..34722.24 rows=10026 width=121)
	        Recheck Cond: ((id >= 6386309) AND (id <= 6396308))
	        ->  Bitmap Index Scan on sbtest5_pkey  (cost=0.00..292.69 rows=10026 width=0)
	              Index Cond: ((id >= 6386309) AND (id <= 6396308))

table 6 : explain SELECT c FROM sbtest6 WHERE id BETWEEN 1595484 AND 1605483 ORDER BY c
	Sort  (cost=35054.58..35079.40 rows=9927 width=121)
	  Sort Key: c
	  ->  Bitmap Heap Scan on sbtest6  (cost=294.19..34395.57 rows=9927 width=121)
	        Recheck Cond: ((id >= 1595484) AND (id <= 1605483))
	        ->  Bitmap Index Scan on sbtest6_pkey  (cost=0.00..291.70 rows=9927 width=0)
	              Index Cond: ((id >= 1595484) AND (id <= 1605483))

table 7 : explain SELECT c FROM sbtest7 WHERE id BETWEEN 5246985 AND 5256984 ORDER BY c
	Sort  (cost=33172.69..33196.11 rows=9366 width=121)
	  Sort Key: c
	  ->  Bitmap Heap Scan on sbtest7  (cost=280.44..32554.85 rows=9366 width=121)
	        Recheck Cond: ((id >= 5246985) AND (id <= 5256984))
	        ->  Bitmap Index Scan on sbtest7_pkey  (cost=0.00..278.09 rows=9366 width=0)
	              Index Cond: ((id >= 5246985) AND (id <= 5256984))

table 8 : explain SELECT c FROM sbtest8 WHERE id BETWEEN 8870535 AND 8880534 ORDER BY c
	Sort  (cost=35475.35..35500.48 rows=10051 width=121)
	  Sort Key: c
	  ->  Bitmap Heap Scan on sbtest8  (cost=299.46..34807.21 rows=10051 width=121)
	        Recheck Cond: ((id >= 8870535) AND (id <= 8880534))
	        ->  Bitmap Index Scan on sbtest8_pkey  (cost=0.00..296.94 rows=10051 width=0)
	              Index Cond: ((id >= 8870535) AND (id <= 8880534))

for: simple_ranges
table 1 : explain SELECT c FROM sbtest1 WHERE id BETWEEN 7724120 AND 7734119
	Bitmap Heap Scan on sbtest1  (cost=308.17..36298.54 rows=10511 width=121)
	  Recheck Cond: ((id >= 7724120) AND (id <= 7734119))
	  ->  Bitmap Index Scan on sbtest1_pkey  (cost=0.00..305.55 rows=10511 width=0)
	        Index Cond: ((id >= 7724120) AND (id <= 7734119))

table 2 : explain SELECT c FROM sbtest2 WHERE id BETWEEN 5211897 AND 5221896
	Bitmap Heap Scan on sbtest2  (cost=319.28..37186.47 rows=10814 width=121)
	  Recheck Cond: ((id >= 5211897) AND (id <= 5221896))
	  ->  Bitmap Index Scan on sbtest2_pkey  (cost=0.00..316.57 rows=10814 width=0)
	        Index Cond: ((id >= 5211897) AND (id <= 5221896))

table 3 : explain SELECT c FROM sbtest3 WHERE id BETWEEN 2416752 AND 2426751
	Bitmap Heap Scan on sbtest3  (cost=324.14..38575.93 rows=11288 width=121)
	  Recheck Cond: ((id >= 2416752) AND (id <= 2426751))
	  ->  Bitmap Index Scan on sbtest3_pkey  (cost=0.00..321.31 rows=11288 width=0)
	        Index Cond: ((id >= 2416752) AND (id <= 2426751))

table 4 : explain SELECT c FROM sbtest4 WHERE id BETWEEN 4238913 AND 4248912
	Bitmap Heap Scan on sbtest4  (cost=272.26..32563.90 rows=9349 width=121)
	  Recheck Cond: ((id >= 4238913) AND (id <= 4248912))
	  ->  Bitmap Index Scan on sbtest4_pkey  (cost=0.00..269.93 rows=9349 width=0)
	        Index Cond: ((id >= 4238913) AND (id <= 4248912))

table 5 : explain SELECT c FROM sbtest5 WHERE id BETWEEN 9615980 AND 9625979
	Bitmap Heap Scan on sbtest5  (cost=296.72..35187.61 rows=10174 width=121)
	  Recheck Cond: ((id >= 9615980) AND (id <= 9625979))
	  ->  Bitmap Index Scan on sbtest5_pkey  (cost=0.00..294.18 rows=10174 width=0)
	        Index Cond: ((id >= 9615980) AND (id <= 9625979))

table 6 : explain SELECT c FROM sbtest6 WHERE id BETWEEN 6496949 AND 6506948
	Bitmap Heap Scan on sbtest6  (cost=283.12..33447.38 rows=9628 width=121)
	  Recheck Cond: ((id >= 6496949) AND (id <= 6506948))
	  ->  Bitmap Index Scan on sbtest6_pkey  (cost=0.00..280.71 rows=9628 width=0)
	        Index Cond: ((id >= 6496949) AND (id <= 6506948))

table 7 : explain SELECT c FROM sbtest7 WHERE id BETWEEN 2196158 AND 2206157
	Bitmap Heap Scan on sbtest7  (cost=300.11..34915.37 rows=10115 width=121)
	  Recheck Cond: ((id >= 2196158) AND (id <= 2206157))
	  ->  Bitmap Index Scan on sbtest7_pkey  (cost=0.00..297.58 rows=10115 width=0)
	        Index Cond: ((id >= 2196158) AND (id <= 2206157))

table 8 : explain SELECT c FROM sbtest8 WHERE id BETWEEN 8322808 AND 8332807
	Bitmap Heap Scan on sbtest8  (cost=293.07..34071.36 rows=9818 width=121)
	  Recheck Cond: ((id >= 8322808) AND (id <= 8332807))
	  ->  Bitmap Index Scan on sbtest8_pkey  (cost=0.00..290.62 rows=9818 width=0)
	        Index Cond: ((id >= 8322808) AND (id <= 8332807))

for: order_ranges
table 1 : explain SELECT c FROM sbtest1 WHERE id BETWEEN 797532 AND 807531 ORDER BY c
	Sort  (cost=35504.44..35529.55 rows=10047 width=121)
	  Sort Key: c
	  ->  Bitmap Heap Scan on sbtest1  (cost=295.42..34836.59 rows=10047 width=121)
	        Recheck Cond: ((id >= 797532) AND (id <= 807531))
	        ->  Bitmap Index Scan on sbtest1_pkey  (cost=0.00..292.91 rows=10047 width=0)
	              Index Cond: ((id >= 797532) AND (id <= 807531))

table 2 : explain SELECT c FROM sbtest2 WHERE id BETWEEN 2049395 AND 2059394 ORDER BY c
	Sort  (cost=33292.85..33316.31 rows=9382 width=121)
	  Sort Key: c
	  ->  Bitmap Heap Scan on sbtest2  (cost=276.60..32673.84 rows=9382 width=121)
	        Recheck Cond: ((id >= 2049395) AND (id <= 2059394))
	        ->  Bitmap Index Scan on sbtest2_pkey  (cost=0.00..274.25 rows=9382 width=0)
	              Index Cond: ((id >= 2049395) AND (id <= 2059394))

table 3 : explain SELECT c FROM sbtest3 WHERE id BETWEEN 1180098 AND 1190097 ORDER BY c
	Sort  (cost=35368.98..35394.08 rows=10043 width=121)
	  Sort Key: c
	  ->  Bitmap Heap Scan on sbtest3  (cost=291.38..34701.42 rows=10043 width=121)
	        Recheck Cond: ((id >= 1180098) AND (id <= 1190097))
	        ->  Bitmap Index Scan on sbtest3_pkey  (cost=0.00..288.87 rows=10043 width=0)
	              Index Cond: ((id >= 1180098) AND (id <= 1190097))

table 4 : explain SELECT c FROM sbtest4 WHERE id BETWEEN 8912764 AND 8922763 ORDER BY c
	Sort  (cost=36796.09..36822.26 rows=10468 width=121)
	  Sort Key: c
	  ->  Bitmap Heap Scan on sbtest4  (cost=303.73..36097.16 rows=10468 width=121)
	        Recheck Cond: ((id >= 8912764) AND (id <= 8922763))
	        ->  Bitmap Index Scan on sbtest4_pkey  (cost=0.00..301.12 rows=10468 width=0)
	              Index Cond: ((id >= 8912764) AND (id <= 8922763))

table 5 : explain SELECT c FROM sbtest5 WHERE id BETWEEN 4503635 AND 4513634 ORDER BY c
	Sort  (cost=41006.88..41036.35 rows=11788 width=121)
	  Sort Key: c
	  ->  Bitmap Heap Scan on sbtest5  (cost=345.26..40209.71 rows=11788 width=121)
	        Recheck Cond: ((id >= 4503635) AND (id <= 4513634))
	        ->  Bitmap Index Scan on sbtest5_pkey  (cost=0.00..342.31 rows=11788 width=0)
	              Index Cond: ((id >= 4503635) AND (id <= 4513634))

table 6 : explain SELECT c FROM sbtest6 WHERE id BETWEEN 1787206 AND 1797205 ORDER BY c
	Sort  (cost=37247.40..37273.93 rows=10610 width=121)
	  Sort Key: c
	  ->  Bitmap Heap Scan on sbtest6  (cost=313.19..36537.96 rows=10610 width=121)
	        Recheck Cond: ((id >= 1787206) AND (id <= 1797205))
	        ->  Bitmap Index Scan on sbtest6_pkey  (cost=0.00..310.54 rows=10610 width=0)
	              Index Cond: ((id >= 1787206) AND (id <= 1797205))

table 7 : explain SELECT c FROM sbtest7 WHERE id BETWEEN 4044357 AND 4054356 ORDER BY c
	Sort  (cost=35069.56..35094.44 rows=9954 width=121)
	  Sort Key: c
	  ->  Bitmap Heap Scan on sbtest7  (cost=294.46..34408.56 rows=9954 width=121)
	        Recheck Cond: ((id >= 4044357) AND (id <= 4054356))
	        ->  Bitmap Index Scan on sbtest7_pkey  (cost=0.00..291.98 rows=9954 width=0)
	              Index Cond: ((id >= 4044357) AND (id <= 4054356))

table 8 : explain SELECT c FROM sbtest8 WHERE id BETWEEN 2892950 AND 2902949 ORDER BY c
	Sort  (cost=33450.46..33474.03 rows=9427 width=121)
	  Sort Key: c
	  ->  Bitmap Heap Scan on sbtest8  (cost=281.06..32828.16 rows=9427 width=121)
	        Recheck Cond: ((id >= 2892950) AND (id <= 2902949))
	        ->  Bitmap Index Scan on sbtest8_pkey  (cost=0.00..278.70 rows=9427 width=0)
	              Index Cond: ((id >= 2892950) AND (id <= 2902949))

explain: for point_selects :: explain SELECT c FROM sbtest%u WHERE id=%u
explain: for point_selects :: explain SELECT c FROM sbtest%u WHERE id=%u
for: order_ranges
table 1 : explain SELECT c FROM sbtest1 WHERE id BETWEEN 8220224 AND 8230223 ORDER BY c
	Sort  (cost=37073.24..37099.58 rows=10534 width=121)
	  Sort Key: c
	  ->  Bitmap Heap Scan on sbtest1  (cost=308.41..36369.43 rows=10534 width=121)
	        Recheck Cond: ((id >= 8220224) AND (id <= 8230223))
	        ->  Bitmap Index Scan on sbtest1_pkey  (cost=0.00..305.78 rows=10534 width=0)
	              Index Cond: ((id >= 8220224) AND (id <= 8230223))

table 2 : explain SELECT c FROM sbtest2 WHERE id BETWEEN 309868 AND 319867 ORDER BY c
	Sort  (cost=35712.49..35737.81 rows=10128 width=121)
	  Sort Key: c
	  ->  Bitmap Heap Scan on sbtest2  (cost=300.25..35038.67 rows=10128 width=121)
	        Recheck Cond: ((id >= 309868) AND (id <= 319867))
	        ->  Bitmap Index Scan on sbtest2_pkey  (cost=0.00..297.71 rows=10128 width=0)
	              Index Cond: ((id >= 309868) AND (id <= 319867))

table 3 : explain SELECT c FROM sbtest3 WHERE id BETWEEN 7427128 AND 7437127 ORDER BY c
	Sort  (cost=39983.54..40012.27 rows=11493 width=121)
	  Sort Key: c
	  ->  Bitmap Heap Scan on sbtest3  (cost=330.24..39208.43 rows=11493 width=121)
	        Recheck Cond: ((id >= 7427128) AND (id <= 7437127))
	        ->  Bitmap Index Scan on sbtest3_pkey  (cost=0.00..327.37 rows=11493 width=0)
	              Index Cond: ((id >= 7427128) AND (id <= 7437127))

table 4 : explain SELECT c FROM sbtest4 WHERE id BETWEEN 5099401 AND 5109400 ORDER BY c
	Sort  (cost=35338.87..35363.90 rows=10015 width=121)
	  Sort Key: c
	  ->  Bitmap Heap Scan on sbtest4  (cost=291.09..34673.38 rows=10015 width=121)
	        Recheck Cond: ((id >= 5099401) AND (id <= 5109400))
	        ->  Bitmap Index Scan on sbtest4_pkey  (cost=0.00..288.58 rows=10015 width=0)
	              Index Cond: ((id >= 5099401) AND (id <= 5109400))

table 5 : explain SELECT c FROM sbtest5 WHERE id BETWEEN 5549187 AND 5559186 ORDER BY c
	Sort  (cost=36003.57..36029.11 rows=10217 width=121)
	  Sort Key: c
	  ->  Bitmap Heap Scan on sbtest5  (cost=297.16..35323.18 rows=10217 width=121)
	        Recheck Cond: ((id >= 5549187) AND (id <= 5559186))
	        ->  Bitmap Index Scan on sbtest5_pkey  (cost=0.00..294.61 rows=10217 width=0)
	              Index Cond: ((id >= 5549187) AND (id <= 5559186))

table 6 : explain SELECT c FROM sbtest6 WHERE id BETWEEN 6064702 AND 6074701 ORDER BY c
	Sort  (cost=33248.33..33271.76 rows=9371 width=121)
	  Sort Key: c
	  ->  Bitmap Heap Scan on sbtest6  (cost=276.49..32630.13 rows=9371 width=121)
	        Recheck Cond: ((id >= 6064702) AND (id <= 6074701))
	        ->  Bitmap Index Scan on sbtest6_pkey  (cost=0.00..274.15 rows=9371 width=0)
	              Index Cond: ((id >= 6064702) AND (id <= 6074701))

table 7 : explain SELECT c FROM sbtest7 WHERE id BETWEEN 7717414 AND 7727413 ORDER BY c
	Sort  (cost=39403.25..39431.53 rows=11313 width=121)
	  Sort Key: c
	  ->  Bitmap Heap Scan on sbtest7  (cost=336.39..38641.56 rows=11313 width=121)
	        Recheck Cond: ((id >= 7717414) AND (id <= 7727413))
	        ->  Bitmap Index Scan on sbtest7_pkey  (cost=0.00..333.56 rows=11313 width=0)
	              Index Cond: ((id >= 7717414) AND (id <= 7727413))

table 8 : explain SELECT c FROM sbtest8 WHERE id BETWEEN 4966440 AND 4976439 ORDER BY c
	Sort  (cost=38484.08..38511.55 rows=10990 width=121)
	  Sort Key: c
	  ->  Bitmap Heap Scan on sbtest8  (cost=325.08..37746.43 rows=10990 width=121)
	        Recheck Cond: ((id >= 4966440) AND (id <= 4976439))
	        ->  Bitmap Index Scan on sbtest8_pkey  (cost=0.00..322.33 rows=10990 width=0)
	              Index Cond: ((id >= 4966440) AND (id <= 4976439))

explain: for point_selects :: explain SELECT c FROM sbtest%u WHERE id=%u
for: distinct_ranges
table 1 : explain SELECT DISTINCT c FROM sbtest1 WHERE id BETWEEN 5754146 AND 5764145 ORDER BY c
	Unique  (cost=34273.59..34321.93 rows=9668 width=121)
	  ->  Sort  (cost=34273.59..34297.76 rows=9668 width=121)
	        Sort Key: c
	        ->  Bitmap Heap Scan on sbtest1  (cost=283.53..33633.62 rows=9668 width=121)
	              Recheck Cond: ((id >= 5754146) AND (id <= 5764145))
	              ->  Bitmap Index Scan on sbtest1_pkey  (cost=0.00..281.12 rows=9668 width=0)
	                    Index Cond: ((id >= 5754146) AND (id <= 5764145))

table 2 : explain SELECT DISTINCT c FROM sbtest2 WHERE id BETWEEN 58606 AND 68605 ORDER BY c
	Unique  (cost=33359.47..33406.48 rows=9402 width=121)
	  ->  Sort  (cost=33359.47..33382.98 rows=9402 width=121)
	        Sort Key: c
	        ->  Bitmap Heap Scan on sbtest2  (cost=276.81..32739.00 rows=9402 width=121)
	              Recheck Cond: ((id >= 58606) AND (id <= 68605))
	              ->  Bitmap Index Scan on sbtest2_pkey  (cost=0.00..274.45 rows=9402 width=0)
	                    Index Cond: ((id >= 58606) AND (id <= 68605))

table 3 : explain SELECT DISTINCT c FROM sbtest3 WHERE id BETWEEN 9975080 AND 9985079 ORDER BY c
	Unique  (cost=36315.52..36367.21 rows=10338 width=121)
	  ->  Sort  (cost=36315.52..36341.37 rows=10338 width=121)
	        Sort Key: c
	        ->  Bitmap Heap Scan on sbtest3  (cost=298.40..35626.20 rows=10338 width=121)
	              Recheck Cond: ((id >= 9975080) AND (id <= 9985079))
	              ->  Bitmap Index Scan on sbtest3_pkey  (cost=0.00..295.81 rows=10338 width=0)
	                    Index Cond: ((id >= 9975080) AND (id <= 9985079))

table 4 : explain SELECT DISTINCT c FROM sbtest4 WHERE id BETWEEN 3537531 AND 3547530 ORDER BY c
	Unique  (cost=33654.37..33701.84 rows=9494 width=121)
	  ->  Sort  (cost=33654.37..33678.10 rows=9494 width=121)
	        Sort Key: c
	        ->  Bitmap Heap Scan on sbtest4  (cost=277.75..33027.16 rows=9494 width=121)
	              Recheck Cond: ((id >= 3537531) AND (id <= 3547530))
	              ->  Bitmap Index Scan on sbtest4_pkey  (cost=0.00..275.38 rows=9494 width=0)
	                    Index Cond: ((id >= 3537531) AND (id <= 3547530))

table 5 : explain SELECT DISTINCT c FROM sbtest5 WHERE id BETWEEN 6530061 AND 6540060 ORDER BY c
	Unique  (cost=32309.21..32354.60 rows=9079 width=121)
	  ->  Sort  (cost=32309.21..32331.91 rows=9079 width=121)
	        Sort Key: c
	        ->  Bitmap Heap Scan on sbtest5  (cost=265.49..31712.34 rows=9079 width=121)
	              Recheck Cond: ((id >= 6530061) AND (id <= 6540060))
	              ->  Bitmap Index Scan on sbtest5_pkey  (cost=0.00..263.23 rows=9079 width=0)
	                    Index Cond: ((id >= 6530061) AND (id <= 6540060))

table 6 : explain SELECT DISTINCT c FROM sbtest6 WHERE id BETWEEN 599275 AND 609274 ORDER BY c
	Unique  (cost=37161.93..37214.85 rows=10583 width=121)
	  ->  Sort  (cost=37161.93..37188.39 rows=10583 width=121)
	        Sort Key: c
	        ->  Bitmap Heap Scan on sbtest6  (cost=312.91..36454.49 rows=10583 width=121)
	              Recheck Cond: ((id >= 599275) AND (id <= 609274))
	              ->  Bitmap Index Scan on sbtest6_pkey  (cost=0.00..310.26 rows=10583 width=0)
	                    Index Cond: ((id >= 599275) AND (id <= 609274))

table 7 : explain SELECT DISTINCT c FROM sbtest7 WHERE id BETWEEN 4462452 AND 4472451 ORDER BY c
	Unique  (cost=34722.53..34771.75 rows=9845 width=121)
	  ->  Sort  (cost=34722.53..34747.14 rows=9845 width=121)
	        Sort Key: c
	        ->  Bitmap Heap Scan on sbtest7  (cost=293.35..34069.55 rows=9845 width=121)
	              Recheck Cond: ((id >= 4462452) AND (id <= 4472451))
	              ->  Bitmap Index Scan on sbtest7_pkey  (cost=0.00..290.88 rows=9845 width=0)
	                    Index Cond: ((id >= 4462452) AND (id <= 4472451))

table 8 : explain SELECT DISTINCT c FROM sbtest8 WHERE id BETWEEN 3483128 AND 3493127 ORDER BY c
	Unique  (cost=35186.64..35236.45 rows=9963 width=121)
	  ->  Sort  (cost=35186.64..35211.55 rows=9963 width=121)
	        Sort Key: c
	        ->  Bitmap Heap Scan on sbtest8  (cost=294.56..34524.98 rows=9963 width=121)
	              Recheck Cond: ((id >= 3483128) AND (id <= 3493127))
	              ->  Bitmap Index Scan on sbtest8_pkey  (cost=0.00..292.06 rows=9963 width=0)
	                    Index Cond: ((id >= 3483128) AND (id <= 3493127))

for: sum_ranges
table 1 : explain SELECT SUM(k) FROM sbtest1 WHERE id BETWEEN 1572590 AND 1582589
	Aggregate  (cost=38065.41..38065.42 rows=1 width=8)
	  ->  Bitmap Heap Scan on sbtest1  (cost=321.88..38037.74 rows=11068 width=4)
	        Recheck Cond: ((id >= 1572590) AND (id <= 1582589))
	        ->  Bitmap Index Scan on sbtest1_pkey  (cost=0.00..319.12 rows=11068 width=0)
	              Index Cond: ((id >= 1572590) AND (id <= 1582589))

table 2 : explain SELECT SUM(k) FROM sbtest2 WHERE id BETWEEN 2675343 AND 2685342
	Aggregate  (cost=38376.45..38376.46 rows=1 width=8)
	  ->  Bitmap Heap Scan on sbtest2  (cost=331.11..38348.48 rows=11188 width=4)
	        Recheck Cond: ((id >= 2675343) AND (id <= 2685342))
	        ->  Bitmap Index Scan on sbtest2_pkey  (cost=0.00..328.31 rows=11188 width=0)
	              Index Cond: ((id >= 2675343) AND (id <= 2685342))

table 3 : explain SELECT SUM(k) FROM sbtest3 WHERE id BETWEEN 3713139 AND 3723138
	Aggregate  (cost=35587.70..35587.71 rows=1 width=8)
	  ->  Bitmap Heap Scan on sbtest3  (cost=298.18..35561.91 rows=10317 width=4)
	        Recheck Cond: ((id >= 3713139) AND (id <= 3723138))
	        ->  Bitmap Index Scan on sbtest3_pkey  (cost=0.00..295.61 rows=10317 width=0)
	              Index Cond: ((id >= 3713139) AND (id <= 3723138))

table 4 : explain SELECT SUM(k) FROM sbtest4 WHERE id BETWEEN 9065847 AND 9075846
	Aggregate  (cost=33096.50..33096.51 rows=1 width=8)
	  ->  Bitmap Heap Scan on sbtest4  (cost=277.90..33072.73 rows=9509 width=4)
	        Recheck Cond: ((id >= 9065847) AND (id <= 9075846))
	        ->  Bitmap Index Scan on sbtest4_pkey  (cost=0.00..275.53 rows=9509 width=0)
	              Index Cond: ((id >= 9065847) AND (id <= 9075846))

table 5 : explain SELECT SUM(k) FROM sbtest5 WHERE id BETWEEN 3404834 AND 3414833
	Aggregate  (cost=34555.46..34555.47 rows=1 width=8)
	  ->  Bitmap Heap Scan on sbtest5  (cost=290.59..34530.55 rows=9966 width=4)
	        Recheck Cond: ((id >= 3404834) AND (id <= 3414833))
	        ->  Bitmap Index Scan on sbtest5_pkey  (cost=0.00..288.09 rows=9966 width=0)
	              Index Cond: ((id >= 3404834) AND (id <= 3414833))

table 6 : explain SELECT SUM(k) FROM sbtest6 WHERE id BETWEEN 969645 AND 979644
	Aggregate  (cost=34511.06..34511.07 rows=1 width=8)
	  ->  Bitmap Heap Scan on sbtest6  (cost=294.48..34486.17 rows=9956 width=4)
	        Recheck Cond: ((id >= 969645) AND (id <= 979644))
	        ->  Bitmap Index Scan on sbtest6_pkey  (cost=0.00..292.00 rows=9956 width=0)
	              Index Cond: ((id >= 969645) AND (id <= 979644))

table 7 : explain SELECT SUM(k) FROM sbtest7 WHERE id BETWEEN 5579741 AND 5589740
	Aggregate  (cost=35173.35..35173.36 rows=1 width=8)
	  ->  Bitmap Heap Scan on sbtest7  (cost=304.86..35147.88 rows=10188 width=4)
	        Recheck Cond: ((id >= 5579741) AND (id <= 5589740))
	        ->  Bitmap Index Scan on sbtest7_pkey  (cost=0.00..302.31 rows=10188 width=0)
	              Index Cond: ((id >= 5579741) AND (id <= 5589740))

table 8 : explain SELECT SUM(k) FROM sbtest8 WHERE id BETWEEN 6244962 AND 6254961
	Aggregate  (cost=33932.84..33932.85 rows=1 width=8)
	  ->  Bitmap Heap Scan on sbtest8  (cost=288.56..33908.42 rows=9768 width=4)
	        Recheck Cond: ((id >= 6244962) AND (id <= 6254961))
	        ->  Bitmap Index Scan on sbtest8_pkey  (cost=0.00..286.12 rows=9768 width=0)
	              Index Cond: ((id >= 6244962) AND (id <= 6254961))

explain: for point_selects :: explain SELECT c FROM sbtest%u WHERE id=%u
for: distinct_ranges
table 1 : explain SELECT DISTINCT c FROM sbtest1 WHERE id BETWEEN 1568304 AND 1578303 ORDER BY c
	Unique  (cost=38781.18..38836.52 rows=11068 width=121)
	  ->  Sort  (cost=38781.18..38808.85 rows=11068 width=121)
	        Sort Key: c
	        ->  Bitmap Heap Scan on sbtest1  (cost=321.88..38037.74 rows=11068 width=121)
	              Recheck Cond: ((id >= 1568304) AND (id <= 1578303))
	              ->  Bitmap Index Scan on sbtest1_pkey  (cost=0.00..319.12 rows=11068 width=0)
	                    Index Cond: ((id >= 1568304) AND (id <= 1578303))

table 2 : explain SELECT DISTINCT c FROM sbtest2 WHERE id BETWEEN 2945463 AND 2955462 ORDER BY c
	Unique  (cost=34561.67..34610.53 rows=9772 width=121)
	  ->  Sort  (cost=34561.67..34586.10 rows=9772 width=121)
	        Sort Key: c
	        ->  Bitmap Heap Scan on sbtest2  (cost=288.60..33914.06 rows=9772 width=121)
	              Recheck Cond: ((id >= 2945463) AND (id <= 2955462))
	              ->  Bitmap Index Scan on sbtest2_pkey  (cost=0.00..286.16 rows=9772 width=0)
	                    Index Cond: ((id >= 2945463) AND (id <= 2955462))

table 3 : explain SELECT DISTINCT c FROM sbtest3 WHERE id BETWEEN 4327330 AND 4337329 ORDER BY c
	Unique  (cost=34796.51..34845.84 rows=9865 width=121)
	  ->  Sort  (cost=34796.51..34821.17 rows=9865 width=121)
	        Sort Key: c
	        ->  Bitmap Heap Scan on sbtest3  (cost=285.55..34142.06 rows=9865 width=121)
	              Recheck Cond: ((id >= 4327330) AND (id <= 4337329))
	              ->  Bitmap Index Scan on sbtest3_pkey  (cost=0.00..283.08 rows=9865 width=0)
	                    Index Cond: ((id >= 4327330) AND (id <= 4337329))

table 4 : explain SELECT DISTINCT c FROM sbtest4 WHERE id BETWEEN 9149224 AND 9159223 ORDER BY c
	Unique  (cost=33497.87..33545.10 rows=9446 width=121)
	  ->  Sort  (cost=33497.87..33521.48 rows=9446 width=121)
	        Sort Key: c
	        ->  Bitmap Heap Scan on sbtest4  (cost=277.26..32874.17 rows=9446 width=121)
	              Recheck Cond: ((id >= 9149224) AND (id <= 9159223))
	              ->  Bitmap Index Scan on sbtest4_pkey  (cost=0.00..274.90 rows=9446 width=0)
	                    Index Cond: ((id >= 9149224) AND (id <= 9159223))

table 5 : explain SELECT DISTINCT c FROM sbtest5 WHERE id BETWEEN 9800796 AND 9810795 ORDER BY c
	Unique  (cost=35424.92..35475.10 rows=10037 width=121)
	  ->  Sort  (cost=35424.92..35450.01 rows=10037 width=121)
	        Sort Key: c
	        ->  Bitmap Heap Scan on sbtest5  (cost=295.31..34757.81 rows=10037 width=121)
	              Recheck Cond: ((id >= 9800796) AND (id <= 9810795))
	              ->  Bitmap Index Scan on sbtest5_pkey  (cost=0.00..292.81 rows=10037 width=0)
	                    Index Cond: ((id >= 9800796) AND (id <= 9810795))

table 6 : explain SELECT DISTINCT c FROM sbtest6 WHERE id BETWEEN 3878106 AND 3888105 ORDER BY c
	Unique  (cost=37030.43..37083.14 rows=10542 width=121)
	  ->  Sort  (cost=37030.43..37056.79 rows=10542 width=121)
	        Sort Key: c
	        ->  Bitmap Heap Scan on sbtest6  (cost=312.49..36326.02 rows=10542 width=121)
	              Recheck Cond: ((id >= 3878106) AND (id <= 3888105))
	              ->  Bitmap Index Scan on sbtest6_pkey  (cost=0.00..309.86 rows=10542 width=0)
	                    Index Cond: ((id >= 3878106) AND (id <= 3888105))

table 7 : explain SELECT DISTINCT c FROM sbtest7 WHERE id BETWEEN 9098270 AND 9108269 ORDER BY c
	Unique  (cost=34175.74..34224.12 rows=9676 width=121)
	  ->  Sort  (cost=34175.74..34199.93 rows=9676 width=121)
	        Sort Key: c
	        ->  Bitmap Heap Scan on sbtest7  (cost=287.61..33535.18 rows=9676 width=121)
	              Recheck Cond: ((id >= 9098270) AND (id <= 9108269))
	              ->  Bitmap Index Scan on sbtest7_pkey  (cost=0.00..285.19 rows=9676 width=0)
	                    Index Cond: ((id >= 9098270) AND (id <= 9108269))

table 8 : explain SELECT DISTINCT c FROM sbtest8 WHERE id BETWEEN 2233590 AND 2243589 ORDER BY c
	Unique  (cost=34047.20..34095.25 rows=9610 width=121)
	  ->  Sort  (cost=34047.20..34071.22 rows=9610 width=121)
	        Sort Key: c
	        ->  Bitmap Heap Scan on sbtest8  (cost=286.94..33411.48 rows=9610 width=121)
	              Recheck Cond: ((id >= 2233590) AND (id <= 2243589))
	              ->  Bitmap Index Scan on sbtest8_pkey  (cost=0.00..284.54 rows=9610 width=0)
	                    Index Cond: ((id >= 2233590) AND (id <= 2243589))

for point_selects
table 1 : explain SELECT c FROM sbtest1 WHERE id=3683599
	Index Scan using sbtest1_pkey on sbtest1  (cost=0.43..8.45 rows=1 width=121)
	  Index Cond: (id = 3683599)

table 2 : explain SELECT c FROM sbtest2 WHERE id=3182749
	Index Scan using sbtest2_pkey on sbtest2  (cost=0.43..8.45 rows=1 width=121)
	  Index Cond: (id = 3182749)

table 3 : explain SELECT c FROM sbtest3 WHERE id=1051190
	Index Scan using sbtest3_pkey on sbtest3  (cost=0.43..8.45 rows=1 width=121)
	  Index Cond: (id = 1051190)

table 4 : explain SELECT c FROM sbtest4 WHERE id=4631095
	Index Scan using sbtest4_pkey on sbtest4  (cost=0.43..8.45 rows=1 width=121)
	  Index Cond: (id = 4631095)

table 5 : explain SELECT c FROM sbtest5 WHERE id=3389619
	Index Scan using sbtest5_pkey on sbtest5  (cost=0.43..8.45 rows=1 width=121)
	  Index Cond: (id = 3389619)

table 6 : explain SELECT c FROM sbtest6 WHERE id=7472029
	Index Scan using sbtest6_pkey on sbtest6  (cost=0.43..8.45 rows=1 width=121)
	  Index Cond: (id = 7472029)

table 7 : explain SELECT c FROM sbtest7 WHERE id=125112
	Index Scan using sbtest7_pkey on sbtest7  (cost=0.43..8.45 rows=1 width=121)
	  Index Cond: (id = 125112)

table 8 : explain SELECT c FROM sbtest8 WHERE id=9240
	Index Scan using sbtest8_pkey on sbtest8  (cost=0.43..8.45 rows=1 width=121)
	  Index Cond: (id = 9240)

explain: for point_selects :: explain SELECT c FROM sbtest%u WHERE id=%u
for: distinct_ranges
table 1 : explain SELECT DISTINCT c FROM sbtest1 WHERE id BETWEEN 9033882 AND 9043881 ORDER BY c
	Unique  (cost=35062.42..35111.97 rows=9911 width=121)
	  ->  Sort  (cost=35062.42..35087.19 rows=9911 width=121)
	        Sort Key: c
	        ->  Bitmap Heap Scan on sbtest1  (cost=290.02..34404.58 rows=9911 width=121)
	              Recheck Cond: ((id >= 9033882) AND (id <= 9043881))
	              ->  Bitmap Index Scan on sbtest1_pkey  (cost=0.00..287.55 rows=9911 width=0)
	                    Index Cond: ((id >= 9033882) AND (id <= 9043881))

table 2 : explain SELECT DISTINCT c FROM sbtest2 WHERE id BETWEEN 2896245 AND 2906244 ORDER BY c
	Unique  (cost=34803.94..34853.18 rows=9848 width=121)
	  ->  Sort  (cost=34803.94..34828.56 rows=9848 width=121)
	        Sort Key: c
	        ->  Bitmap Heap Scan on sbtest2  (cost=289.38..34150.75 rows=9848 width=121)
	              Recheck Cond: ((id >= 2896245) AND (id <= 2906244))
	              ->  Bitmap Index Scan on sbtest2_pkey  (cost=0.00..286.92 rows=9848 width=0)
	                    Index Cond: ((id >= 2896245) AND (id <= 2906244))

table 3 : explain SELECT DISTINCT c FROM sbtest3 WHERE id BETWEEN 2577788 AND 2587787 ORDER BY c
	Unique  (cost=32775.68..32821.89 rows=9241 width=121)
	  ->  Sort  (cost=32775.68..32798.78 rows=9241 width=121)
	        Sort Key: c
	        ->  Bitmap Heap Scan on sbtest3  (cost=267.16..32166.98 rows=9241 width=121)
	              Recheck Cond: ((id >= 2577788) AND (id <= 2587787))
	              ->  Bitmap Index Scan on sbtest3_pkey  (cost=0.00..264.84 rows=9241 width=0)
	                    Index Cond: ((id >= 2577788) AND (id <= 2587787))

table 4 : explain SELECT DISTINCT c FROM sbtest4 WHERE id BETWEEN 8977780 AND 8987779 ORDER BY c
	Unique  (cost=36796.09..36848.43 rows=10468 width=121)
	  ->  Sort  (cost=36796.09..36822.26 rows=10468 width=121)
	        Sort Key: c
	        ->  Bitmap Heap Scan on sbtest4  (cost=303.73..36097.16 rows=10468 width=121)
	              Recheck Cond: ((id >= 8977780) AND (id <= 8987779))
	              ->  Bitmap Index Scan on sbtest4_pkey  (cost=0.00..301.12 rows=10468 width=0)
	                    Index Cond: ((id >= 8977780) AND (id <= 8987779))

table 5 : explain SELECT DISTINCT c FROM sbtest5 WHERE id BETWEEN 4693153 AND 4703152 ORDER BY c
	Unique  (cost=35623.48..35673.97 rows=10099 width=121)
	  ->  Sort  (cost=35623.48..35648.72 rows=10099 width=121)
	        Sort Key: c
	        ->  Bitmap Heap Scan on sbtest5  (cost=295.95..34951.79 rows=10099 width=121)
	              Recheck Cond: ((id >= 4693153) AND (id <= 4703152))
	              ->  Bitmap Index Scan on sbtest5_pkey  (cost=0.00..293.43 rows=10099 width=0)
	                    Index Cond: ((id >= 4693153) AND (id <= 4703152))

table 6 : explain SELECT DISTINCT c FROM sbtest6 WHERE id BETWEEN 422017 AND 432016 ORDER BY c
	Unique  (cost=33888.34..33936.18 rows=9568 width=121)
	  ->  Sort  (cost=33888.34..33912.26 rows=9568 width=121)
	        Sort Key: c
	        ->  Bitmap Heap Scan on sbtest6  (cost=282.51..33255.70 rows=9568 width=121)
	              Recheck Cond: ((id >= 422017) AND (id <= 432016))
	              ->  Bitmap Index Scan on sbtest6_pkey  (cost=0.00..280.12 rows=9568 width=0)
	                    Index Cond: ((id >= 422017) AND (id <= 432016))

table 7 : explain SELECT DISTINCT c FROM sbtest7 WHERE id BETWEEN 2053914 AND 2063913 ORDER BY c
	Unique  (cost=33292.37..33339.38 rows=9403 width=121)
	  ->  Sort  (cost=33292.37..33315.88 rows=9403 width=121)
	        Sort Key: c
	        ->  Bitmap Heap Scan on sbtest7  (cost=280.82..32671.82 rows=9403 width=121)
	              Recheck Cond: ((id >= 2053914) AND (id <= 2063913))
	              ->  Bitmap Index Scan on sbtest7_pkey  (cost=0.00..278.46 rows=9403 width=0)
	                    Index Cond: ((id >= 2053914) AND (id <= 2063913))

table 8 : explain SELECT DISTINCT c FROM sbtest8 WHERE id BETWEEN 9753439 AND 9763438 ORDER BY c
	Unique  (cost=33977.30..34025.24 rows=9588 width=121)
	  ->  Sort  (cost=33977.30..34001.27 rows=9588 width=121)
	        Sort Key: c
	        ->  Bitmap Heap Scan on sbtest8  (cost=286.71..33343.19 rows=9588 width=121)
	              Recheck Cond: ((id >= 9753439) AND (id <= 9763438))
	              ->  Bitmap Index Scan on sbtest8_pkey  (cost=0.00..284.31 rows=9588 width=0)
	                    Index Cond: ((id >= 9753439) AND (id <= 9763438))

for: sum_ranges
table 1 : explain SELECT SUM(k) FROM sbtest1 WHERE id BETWEEN 9184974 AND 9194973
	Aggregate  (cost=37047.01..37047.02 rows=1 width=8)
	  ->  Bitmap Heap Scan on sbtest1  (cost=314.54..37020.15 rows=10742 width=4)
	        Recheck Cond: ((id >= 9184974) AND (id <= 9194973))
	        ->  Bitmap Index Scan on sbtest1_pkey  (cost=0.00..311.86 rows=10742 width=0)
	              Index Cond: ((id >= 9184974) AND (id <= 9194973))

table 2 : explain SELECT SUM(k) FROM sbtest2 WHERE id BETWEEN 1587140 AND 1597139
	Aggregate  (cost=31667.10..31667.11 rows=1 width=8)
	  ->  Bitmap Heap Scan on sbtest2  (cost=269.29..31644.45 rows=9059 width=4)
	        Recheck Cond: ((id >= 1587140) AND (id <= 1597139))
	        ->  Bitmap Index Scan on sbtest2_pkey  (cost=0.00..267.03 rows=9059 width=0)
	              Index Cond: ((id >= 1587140) AND (id <= 1597139))

table 3 : explain SELECT SUM(k) FROM sbtest3 WHERE id BETWEEN 9916476 AND 9926475
	Aggregate  (cost=35652.05..35652.06 rows=1 width=8)
	  ->  Bitmap Heap Scan on sbtest3  (cost=298.40..35626.20 rows=10338 width=4)
	        Recheck Cond: ((id >= 9916476) AND (id <= 9926475))
	        ->  Bitmap Index Scan on sbtest3_pkey  (cost=0.00..295.81 rows=10338 width=0)
	              Index Cond: ((id >= 9916476) AND (id <= 9926475))

table 4 : explain SELECT SUM(k) FROM sbtest4 WHERE id BETWEEN 6503692 AND 6513691
	Aggregate  (cost=38357.56..38357.57 rows=1 width=8)
	  ->  Bitmap Heap Scan on sbtest4  (cost=327.07..38329.60 rows=11184 width=4)
	        Recheck Cond: ((id >= 6503692) AND (id <= 6513691))
	        ->  Bitmap Index Scan on sbtest4_pkey  (cost=0.00..324.28 rows=11184 width=0)
	              Index Cond: ((id >= 6503692) AND (id <= 6513691))

table 5 : explain SELECT SUM(k) FROM sbtest5 WHERE id BETWEEN 972533 AND 982532
	Aggregate  (cost=35329.35..35329.36 rows=1 width=8)
	  ->  Bitmap Heap Scan on sbtest5  (cost=297.10..35303.82 rows=10211 width=4)
	        Recheck Cond: ((id >= 972533) AND (id <= 982532))
	        ->  Bitmap Index Scan on sbtest5_pkey  (cost=0.00..294.55 rows=10211 width=0)
	              Index Cond: ((id >= 972533) AND (id <= 982532))

table 6 : explain SELECT SUM(k) FROM sbtest6 WHERE id BETWEEN 2417041 AND 2427040
	Aggregate  (cost=31298.56..31298.57 rows=1 width=8)
	  ->  Bitmap Heap Scan on sbtest6  (cost=264.14..31276.19 rows=8947 width=4)
	        Recheck Cond: ((id >= 2417041) AND (id <= 2427040))
	        ->  Bitmap Index Scan on sbtest6_pkey  (cost=0.00..261.91 rows=8947 width=0)
	              Index Cond: ((id >= 2417041) AND (id <= 2427040))

table 7 : explain SELECT SUM(k) FROM sbtest7 WHERE id BETWEEN 8172914 AND 8182913
	Aggregate  (cost=36776.64..36776.65 rows=1 width=8)
	  ->  Bitmap Heap Scan on sbtest7  (cost=318.13..36749.88 rows=10702 width=4)
	        Recheck Cond: ((id >= 8172914) AND (id <= 8182913))
	        ->  Bitmap Index Scan on sbtest7_pkey  (cost=0.00..315.45 rows=10702 width=0)
	              Index Cond: ((id >= 8172914) AND (id <= 8182913))

table 8 : explain SELECT SUM(k) FROM sbtest8 WHERE id BETWEEN 4001871 AND 4011870
	Aggregate  (cost=34651.03..34651.04 rows=1 width=8)
	  ->  Bitmap Heap Scan on sbtest8  (cost=298.86..34626.05 rows=9993 width=4)
	        Recheck Cond: ((id >= 4001871) AND (id <= 4011870))
	        ->  Bitmap Index Scan on sbtest8_pkey  (cost=0.00..296.37 rows=9993 width=0)
	              Index Cond: ((id >= 4001871) AND (id <= 4011870))

for: sum_ranges
table 1 : explain SELECT SUM(k) FROM sbtest1 WHERE id BETWEEN 1634728 AND 1644727
	Aggregate  (cost=35211.65..35211.66 rows=1 width=8)
	  ->  Bitmap Heap Scan on sbtest1  (cost=296.55..35186.25 rows=10158 width=4)
	        Recheck Cond: ((id >= 1634728) AND (id <= 1644727))
	        ->  Bitmap Index Scan on sbtest1_pkey  (cost=0.00..294.01 rows=10158 width=0)
	              Index Cond: ((id >= 1634728) AND (id <= 1644727))

table 2 : explain SELECT SUM(k) FROM sbtest2 WHERE id BETWEEN 2156995 AND 2166994
	Aggregate  (cost=35086.61..35086.62 rows=1 width=8)
	  ->  Bitmap Heap Scan on sbtest2  (cost=300.32..35061.28 rows=10135 width=4)
	        Recheck Cond: ((id >= 2156995) AND (id <= 2166994))
	        ->  Bitmap Index Scan on sbtest2_pkey  (cost=0.00..297.79 rows=10135 width=0)
	              Index Cond: ((id >= 2156995) AND (id <= 2166994))

table 3 : explain SELECT SUM(k) FROM sbtest3 WHERE id BETWEEN 2176682 AND 2186681
	Aggregate  (cost=35319.78..35319.79 rows=1 width=8)
	  ->  Bitmap Heap Scan on sbtest3  (cost=293.32..35294.19 rows=10233 width=4)
	        Recheck Cond: ((id >= 2176682) AND (id <= 2186681))
	        ->  Bitmap Index Scan on sbtest3_pkey  (cost=0.00..290.76 rows=10233 width=0)
	              Index Cond: ((id >= 2176682) AND (id <= 2186681))

table 4 : explain SELECT SUM(k) FROM sbtest4 WHERE id BETWEEN 1813313 AND 1823312
	Aggregate  (cost=37031.09..37031.10 rows=1 width=8)
	  ->  Bitmap Heap Scan on sbtest4  (cost=314.69..37004.20 rows=10757 width=4)
	        Recheck Cond: ((id >= 1813313) AND (id <= 1823312))
	        ->  Bitmap Index Scan on sbtest4_pkey  (cost=0.00..312.00 rows=10757 width=0)
	              Index Cond: ((id >= 1813313) AND (id <= 1823312))

table 5 : explain SELECT SUM(k) FROM sbtest5 WHERE id BETWEEN 6466649 AND 6476648
	Aggregate  (cost=34584.61..34584.62 rows=1 width=8)
	  ->  Bitmap Heap Scan on sbtest5  (cost=290.68..34559.67 rows=9975 width=4)
	        Recheck Cond: ((id >= 6466649) AND (id <= 6476648))
	        ->  Bitmap Index Scan on sbtest5_pkey  (cost=0.00..288.19 rows=9975 width=0)
	              Index Cond: ((id >= 6466649) AND (id <= 6476648))

table 6 : explain SELECT SUM(k) FROM sbtest6 WHERE id BETWEEN 2118474 AND 2128473
	Aggregate  (cost=33607.96..33607.97 rows=1 width=8)
	  ->  Bitmap Heap Scan on sbtest6  (cost=283.57..33583.78 rows=9672 width=4)
	        Recheck Cond: ((id >= 2118474) AND (id <= 2128473))
	        ->  Bitmap Index Scan on sbtest6_pkey  (cost=0.00..281.16 rows=9672 width=0)
	              Index Cond: ((id >= 2118474) AND (id <= 2128473))

table 7 : explain SELECT SUM(k) FROM sbtest7 WHERE id BETWEEN 3069826 AND 3079825
	Aggregate  (cost=33796.53..33796.54 rows=1 width=8)
	  ->  Bitmap Heap Scan on sbtest7  (cost=292.37..33772.16 rows=9750 width=4)
	        Recheck Cond: ((id >= 3069826) AND (id <= 3079825))
	        ->  Bitmap Index Scan on sbtest7_pkey  (cost=0.00..289.94 rows=9750 width=0)
	              Index Cond: ((id >= 3069826) AND (id <= 3079825))

table 8 : explain SELECT SUM(k) FROM sbtest8 WHERE id BETWEEN 8552641 AND 8562640
	Aggregate  (cost=34232.20..34232.21 rows=1 width=8)
	  ->  Bitmap Heap Scan on sbtest8  (cost=293.52..34207.54 rows=9862 width=4)
	        Recheck Cond: ((id >= 8552641) AND (id <= 8562640))
	        ->  Bitmap Index Scan on sbtest8_pkey  (cost=0.00..291.06 rows=9862 width=0)
	              Index Cond: ((id >= 8552641) AND (id <= 8562640))

for point_selects
table 1 : explain SELECT c FROM sbtest1 WHERE id=4172333
	Index Scan using sbtest1_pkey on sbtest1  (cost=0.43..8.45 rows=1 width=121)
	  Index Cond: (id = 4172333)

table 2 : explain SELECT c FROM sbtest2 WHERE id=8501603
	Index Scan using sbtest2_pkey on sbtest2  (cost=0.43..8.45 rows=1 width=121)
	  Index Cond: (id = 8501603)

table 3 : explain SELECT c FROM sbtest3 WHERE id=4199359
	Index Scan using sbtest3_pkey on sbtest3  (cost=0.43..8.45 rows=1 width=121)
	  Index Cond: (id = 4199359)

table 4 : explain SELECT c FROM sbtest4 WHERE id=7003833
	Index Scan using sbtest4_pkey on sbtest4  (cost=0.43..8.45 rows=1 width=121)
	  Index Cond: (id = 7003833)

table 5 : explain SELECT c FROM sbtest5 WHERE id=3140757
	Index Scan using sbtest5_pkey on sbtest5  (cost=0.43..8.45 rows=1 width=121)
	  Index Cond: (id = 3140757)

table 6 : explain SELECT c FROM sbtest6 WHERE id=357976
	Index Scan using sbtest6_pkey on sbtest6  (cost=0.43..8.45 rows=1 width=121)
	  Index Cond: (id = 357976)

table 7 : explain SELECT c FROM sbtest7 WHERE id=3817143
	Index Scan using sbtest7_pkey on sbtest7  (cost=0.43..8.45 rows=1 width=121)
	  Index Cond: (id = 3817143)

table 8 : explain SELECT c FROM sbtest8 WHERE id=4678721
	Index Scan using sbtest8_pkey on sbtest8  (cost=0.43..8.45 rows=1 width=121)
	  Index Cond: (id = 4678721)

for point_selects
table 1 : explain SELECT c FROM sbtest1 WHERE id=7376054
	Index Scan using sbtest1_pkey on sbtest1  (cost=0.43..8.45 rows=1 width=121)
	  Index Cond: (id = 7376054)

table 2 : explain SELECT c FROM sbtest2 WHERE id=5293014
	Index Scan using sbtest2_pkey on sbtest2  (cost=0.43..8.45 rows=1 width=121)
	  Index Cond: (id = 5293014)

table 3 : explain SELECT c FROM sbtest3 WHERE id=3545756
	Index Scan using sbtest3_pkey on sbtest3  (cost=0.43..8.45 rows=1 width=121)
	  Index Cond: (id = 3545756)

table 4 : explain SELECT c FROM sbtest4 WHERE id=5807762
	Index Scan using sbtest4_pkey on sbtest4  (cost=0.43..8.45 rows=1 width=121)
	  Index Cond: (id = 5807762)

table 5 : explain SELECT c FROM sbtest5 WHERE id=8483628
	Index Scan using sbtest5_pkey on sbtest5  (cost=0.43..8.45 rows=1 width=121)
	  Index Cond: (id = 8483628)

table 6 : explain SELECT c FROM sbtest6 WHERE id=492506
	Index Scan using sbtest6_pkey on sbtest6  (cost=0.43..8.45 rows=1 width=121)
	  Index Cond: (id = 492506)

table 7 : explain SELECT c FROM sbtest7 WHERE id=3112043
	Index Scan using sbtest7_pkey on sbtest7  (cost=0.43..8.45 rows=1 width=121)
	  Index Cond: (id = 3112043)

table 8 : explain SELECT c FROM sbtest8 WHERE id=2403792
	Index Scan using sbtest8_pkey on sbtest8  (cost=0.43..8.45 rows=1 width=121)
	  Index Cond: (id = 2403792)

for: sum_ranges
table 1 : explain SELECT SUM(k) FROM sbtest1 WHERE id BETWEEN 9847747 AND 9857746
	Aggregate  (cost=35849.57..35849.58 rows=1 width=8)
	  ->  Bitmap Heap Scan on sbtest1  (cost=302.62..35823.67 rows=10360 width=4)
	        Recheck Cond: ((id >= 9847747) AND (id <= 9857746))
	        ->  Bitmap Index Scan on sbtest1_pkey  (cost=0.00..300.04 rows=10360 width=0)
	              Index Cond: ((id >= 9847747) AND (id <= 9857746))

table 2 : explain SELECT SUM(k) FROM sbtest2 WHERE id BETWEEN 9748704 AND 9758703
	Aggregate  (cost=37870.77..37870.78 rows=1 width=8)
	  ->  Bitmap Heap Scan on sbtest2  (cost=325.44..37843.20 rows=11025 width=4)
	        Recheck Cond: ((id >= 9748704) AND (id <= 9758703))
	        ->  Bitmap Index Scan on sbtest2_pkey  (cost=0.00..322.69 rows=11025 width=0)
	              Index Cond: ((id >= 9748704) AND (id <= 9758703))

table 3 : explain SELECT SUM(k) FROM sbtest3 WHERE id BETWEEN 9665528 AND 9675527
	Aggregate  (cost=34470.62..34470.63 rows=1 width=8)
	  ->  Bitmap Heap Scan on sbtest3  (cost=286.55..34445.72 rows=9962 width=4)
	        Recheck Cond: ((id >= 9665528) AND (id <= 9675527))
	        ->  Bitmap Index Scan on sbtest3_pkey  (cost=0.00..284.06 rows=9962 width=0)
	              Index Cond: ((id >= 9665528) AND (id <= 9675527))

table 4 : explain SELECT SUM(k) FROM sbtest4 WHERE id BETWEEN 8037610 AND 8047609
	Aggregate  (cost=33269.01..33269.02 rows=1 width=8)
	  ->  Bitmap Heap Scan on sbtest4  (cost=278.46..33245.10 rows=9563 width=4)
	        Recheck Cond: ((id >= 8037610) AND (id <= 8047609))
	        ->  Bitmap Index Scan on sbtest4_pkey  (cost=0.00..276.06 rows=9563 width=0)
	              Index Cond: ((id >= 8037610) AND (id <= 8047609))

table 5 : explain SELECT SUM(k) FROM sbtest5 WHERE id BETWEEN 3622748 AND 3632747
	Aggregate  (cost=32677.96..32677.97 rows=1 width=8)
	  ->  Bitmap Heap Scan on sbtest5  (cost=276.51..32654.53 rows=9373 width=4)
	        Recheck Cond: ((id >= 3622748) AND (id <= 3632747))
	        ->  Bitmap Index Scan on sbtest5_pkey  (cost=0.00..274.17 rows=9373 width=0)
	              Index Cond: ((id >= 3622748) AND (id <= 3632747))

table 6 : explain SELECT SUM(k) FROM sbtest6 WHERE id BETWEEN 4355990 AND 4365989
	Aggregate  (cost=32293.89..32293.90 rows=1 width=8)
	  ->  Bitmap Heap Scan on sbtest6  (cost=271.34..32270.74 rows=9259 width=4)
	        Recheck Cond: ((id >= 4355990) AND (id <= 4365989))
	        ->  Bitmap Index Scan on sbtest6_pkey  (cost=0.00..269.03 rows=9259 width=0)
	              Index Cond: ((id >= 4355990) AND (id <= 4365989))

table 7 : explain SELECT SUM(k) FROM sbtest7 WHERE id BETWEEN 1862936 AND 1872935
	Aggregate  (cost=34711.73..34711.74 rows=1 width=8)
	  ->  Bitmap Heap Scan on sbtest7  (cost=299.36..34686.63 rows=10041 width=4)
	        Recheck Cond: ((id >= 1862936) AND (id <= 1872935))
	        ->  Bitmap Index Scan on sbtest7_pkey  (cost=0.00..296.84 rows=10041 width=0)
	              Index Cond: ((id >= 1862936) AND (id <= 1872935))

table 8 : explain SELECT SUM(k) FROM sbtest8 WHERE id BETWEEN 9272445 AND 9282444
	Aggregate  (cost=34549.89..34549.90 rows=1 width=8)
	  ->  Bitmap Heap Scan on sbtest8  (cost=294.56..34524.98 rows=9963 width=4)
	        Recheck Cond: ((id >= 9272445) AND (id <= 9282444))
	        ->  Bitmap Index Scan on sbtest8_pkey  (cost=0.00..292.06 rows=9963 width=0)
	              Index Cond: ((id >= 9272445) AND (id <= 9282444))

for: sum_ranges
table 1 : explain SELECT SUM(k) FROM sbtest1 WHERE id BETWEEN 6628211 AND 6638210
	Aggregate  (cost=34214.92..34214.93 rows=1 width=8)
	  ->  Bitmap Heap Scan on sbtest1  (cost=289.33..34190.32 rows=9843 width=4)
	        Recheck Cond: ((id >= 6628211) AND (id <= 6638210))
	        ->  Bitmap Index Scan on sbtest1_pkey  (cost=0.00..286.87 rows=9843 width=0)
	              Index Cond: ((id >= 6628211) AND (id <= 6638210))

table 2 : explain SELECT SUM(k) FROM sbtest2 WHERE id BETWEEN 8975157 AND 8985156
	Aggregate  (cost=35620.14..35620.15 rows=1 width=8)
	  ->  Bitmap Heap Scan on sbtest2  (cost=306.06..35594.38 rows=10305 width=4)
	        Recheck Cond: ((id >= 8975157) AND (id <= 8985156))
	        ->  Bitmap Index Scan on sbtest2_pkey  (cost=0.00..303.49 rows=10305 width=0)
	              Index Cond: ((id >= 8975157) AND (id <= 8985156))

table 3 : explain SELECT SUM(k) FROM sbtest3 WHERE id BETWEEN 3901583 AND 3911582
	Aggregate  (cost=35494.38..35494.39 rows=1 width=8)
	  ->  Bitmap Heap Scan on sbtest3  (cost=297.88..35468.67 rows=10287 width=4)
	        Recheck Cond: ((id >= 3901583) AND (id <= 3911582))
	        ->  Bitmap Index Scan on sbtest3_pkey  (cost=0.00..295.31 rows=10287 width=0)
	              Index Cond: ((id >= 3901583) AND (id <= 3911582))

table 4 : explain SELECT SUM(k) FROM sbtest4 WHERE id BETWEEN 308405 AND 318404
	Aggregate  (cost=33308.07..33308.08 rows=1 width=8)
	  ->  Bitmap Heap Scan on sbtest4  (cost=278.59..33284.13 rows=9576 width=4)
	        Recheck Cond: ((id >= 308405) AND (id <= 318404))
	        ->  Bitmap Index Scan on sbtest4_pkey  (cost=0.00..276.19 rows=9576 width=0)
	              Index Cond: ((id >= 308405) AND (id <= 318404))

table 5 : explain SELECT SUM(k) FROM sbtest5 WHERE id BETWEEN 7491527 AND 7501526
	Aggregate  (cost=34156.68..34156.69 rows=1 width=8)
	  ->  Bitmap Heap Scan on sbtest5  (cost=289.28..34132.08 rows=9839 width=4)
	        Recheck Cond: ((id >= 7491527) AND (id <= 7501526))
	        ->  Bitmap Index Scan on sbtest5_pkey  (cost=0.00..286.82 rows=9839 width=0)
	              Index Cond: ((id >= 7491527) AND (id <= 7501526))

table 6 : explain SELECT SUM(k) FROM sbtest6 WHERE id BETWEEN 5688462 AND 5698461
	Aggregate  (cost=35139.19..35139.20 rows=1 width=8)
	  ->  Bitmap Heap Scan on sbtest6  (cost=300.53..35113.80 rows=10156 width=4)
	        Recheck Cond: ((id >= 5688462) AND (id <= 5698461))
	        ->  Bitmap Index Scan on sbtest6_pkey  (cost=0.00..298.00 rows=10156 width=0)
	              Index Cond: ((id >= 5688462) AND (id <= 5698461))

table 7 : explain SELECT SUM(k) FROM sbtest7 WHERE id BETWEEN 5415650 AND 5425649
	Aggregate  (cost=31039.46..31039.47 rows=1 width=8)
	  ->  Bitmap Heap Scan on sbtest7  (cost=263.50..31017.25 rows=8884 width=4)
	        Recheck Cond: ((id >= 5415650) AND (id <= 5425649))
	        ->  Bitmap Index Scan on sbtest7_pkey  (cost=0.00..261.28 rows=8884 width=0)
	              Index Cond: ((id >= 5415650) AND (id <= 5425649))

table 8 : explain SELECT SUM(k) FROM sbtest8 WHERE id BETWEEN 2386054 AND 2396053
	Aggregate  (cost=35531.23..35531.24 rows=1 width=8)
	  ->  Bitmap Heap Scan on sbtest8  (cost=305.73..35505.55 rows=10273 width=4)
	        Recheck Cond: ((id >= 2386054) AND (id <= 2396053))
	        ->  Bitmap Index Scan on sbtest8_pkey  (cost=0.00..303.17 rows=10273 width=0)
	              Index Cond: ((id >= 2386054) AND (id <= 2396053))
for: sum_ranges
table 1 : explain SELECT SUM(k) FROM sbtest1 WHERE id BETWEEN 8821444 AND 8831443
	Aggregate  (cost=36221.60..36221.61 rows=1 width=8)
	  ->  Bitmap Heap Scan on sbtest1  (cost=307.83..36195.41 rows=10478 width=4)
	        Recheck Cond: ((id >= 8821444) AND (id <= 8831443))
	        ->  Bitmap Index Scan on sbtest1_pkey  (cost=0.00..305.21 rows=10478 width=0)
	              Index Cond: ((id >= 8821444) AND (id <= 8831443))

table 2 : explain SELECT SUM(k) FROM sbtest2 WHERE id BETWEEN 5148085 AND 5158084
	Aggregate  (cost=37213.50..37213.51 rows=1 width=8)
	  ->  Bitmap Heap Scan on sbtest2  (cost=319.28..37186.47 rows=10814 width=4)
	        Recheck Cond: ((id >= 5148085) AND (id <= 5158084))
	        ->  Bitmap Index Scan on sbtest2_pkey  (cost=0.00..316.57 rows=10814 width=0)
	              Index Cond: ((id >= 5148085) AND (id <= 5158084))

table 3 : explain SELECT SUM(k) FROM sbtest3 WHERE id BETWEEN 214399 AND 224398
	Aggregate  (cost=36288.91..36288.92 rows=1 width=8)
	  ->  Bitmap Heap Scan on sbtest3  (cost=304.49..36262.56 rows=10542 width=4)
	        Recheck Cond: ((id >= 214399) AND (id <= 224398))
	        ->  Bitmap Index Scan on sbtest3_pkey  (cost=0.00..301.86 rows=10542 width=0)
	              Index Cond: ((id >= 214399) AND (id <= 224398))

table 4 : explain SELECT SUM(k) FROM sbtest4 WHERE id BETWEEN 5614394 AND 5624393
	Aggregate  (cost=33559.22..33559.23 rows=1 width=8)
	  ->  Bitmap Heap Scan on sbtest4  (cost=283.39..33535.08 rows=9654 width=4)
	        Recheck Cond: ((id >= 5614394) AND (id <= 5624393))
	        ->  Bitmap Index Scan on sbtest4_pkey  (cost=0.00..280.98 rows=9654 width=0)
	              Index Cond: ((id >= 5614394) AND (id <= 5624393))

table 5 : explain SELECT SUM(k) FROM sbtest5 WHERE id BETWEEN 9977217 AND 9987216
	Aggregate  (cost=31646.59..31646.60 rows=1 width=8)
	  ->  Bitmap Heap Scan on sbtest5  (cost=265.21..31623.96 rows=9051 width=4)
	        Recheck Cond: ((id >= 9977217) AND (id <= 9987216))
	        ->  Bitmap Index Scan on sbtest5_pkey  (cost=0.00..262.94 rows=9051 width=0)
	              Index Cond: ((id >= 9977217) AND (id <= 9987216))

table 6 : explain SELECT SUM(k) FROM sbtest6 WHERE id BETWEEN 8059476 AND 8069475
	Aggregate  (cost=33904.19..33904.20 rows=1 width=8)
	  ->  Bitmap Heap Scan on sbtest6  (cost=288.53..33879.78 rows=9765 width=4)
	        Recheck Cond: ((id >= 8059476) AND (id <= 8069475))
	        ->  Bitmap Index Scan on sbtest6_pkey  (cost=0.00..286.08 rows=9765 width=0)
	              Index Cond: ((id >= 8059476) AND (id <= 8069475))

table 7 : explain SELECT SUM(k) FROM sbtest7 WHERE id BETWEEN 1906991 AND 1916990
	Aggregate  (cost=33675.98..33675.99 rows=1 width=8)
	  ->  Bitmap Heap Scan on sbtest7  (cost=287.99..33651.69 rows=9713 width=4)
	        Recheck Cond: ((id >= 1906991) AND (id <= 1916990))
	        ->  Bitmap Index Scan on sbtest7_pkey  (cost=0.00..285.56 rows=9713 width=0)
	              Index Cond: ((id >= 1906991) AND (id <= 1916990))

table 8 : explain SELECT SUM(k) FROM sbtest8 WHERE id BETWEEN 7971109 AND 7981108
	Aggregate  (cost=33598.15..33598.16 rows=1 width=8)
	  ->  Bitmap Heap Scan on sbtest8  (cost=287.47..33574.00 rows=9662 width=4)
	        Recheck Cond: ((id >= 7971109) AND (id <= 7981108))
	        ->  Bitmap Index Scan on sbtest8_pkey  (cost=0.00..285.06 rows=9662 width=0)
	              Index Cond: ((id >= 7971109) AND (id <= 7981108))


for point_selects
table 1 : explain SELECT c FROM sbtest1 WHERE id=6399428
	Index Scan using sbtest1_pkey on sbtest1  (cost=0.43..8.45 rows=1 width=121)
	  Index Cond: (id = 6399428)

table 2 : explain SELECT c FROM sbtest2 WHERE id=8799844
	Index Scan using sbtest2_pkey on sbtest2  (cost=0.43..8.45 rows=1 width=121)
	  Index Cond: (id = 8799844)

table 3 : explain SELECT c FROM sbtest3 WHERE id=1848377
	Index Scan using sbtest3_pkey on sbtest3  (cost=0.43..8.45 rows=1 width=121)
	  Index Cond: (id = 1848377)

table 4 : explain SELECT c FROM sbtest4 WHERE id=44766
	Index Scan using sbtest4_pkey on sbtest4  (cost=0.43..8.45 rows=1 width=121)
	  Index Cond: (id = 44766)

table 5 : explain SELECT c FROM sbtest5 WHERE id=9261791
	Index Scan using sbtest5_pkey on sbtest5  (cost=0.43..8.45 rows=1 width=121)
	  Index Cond: (id = 9261791)

table 6 : explain SELECT c FROM sbtest6 WHERE id=6885601
	Index Scan using sbtest6_pkey on sbtest6  (cost=0.43..8.45 rows=1 width=121)
	  Index Cond: (id = 6885601)

table 7 : explain SELECT c FROM sbtest7 WHERE id=123514
	Index Scan using sbtest7_pkey on sbtest7  (cost=0.43..8.45 rows=1 width=121)
	  Index Cond: (id = 123514)

table 8 : explain SELECT c FROM sbtest8 WHERE id=5270018
	Index Scan using sbtest8_pkey on sbtest8  (cost=0.43..8.45 rows=1 width=121)
	  Index Cond: (id = 5270018)

for point_selects
table 1 : explain SELECT c FROM sbtest1 WHERE id=1670579
	Index Scan using sbtest1_pkey on sbtest1  (cost=0.43..8.45 rows=1 width=121)
	  Index Cond: (id = 1670579)

table 2 : explain SELECT c FROM sbtest2 WHERE id=6862608
	Index Scan using sbtest2_pkey on sbtest2  (cost=0.43..8.45 rows=1 width=121)
	  Index Cond: (id = 6862608)

table 3 : explain SELECT c FROM sbtest3 WHERE id=9088835
	Index Scan using sbtest3_pkey on sbtest3  (cost=0.43..8.45 rows=1 width=121)
	  Index Cond: (id = 9088835)

table 4 : explain SELECT c FROM sbtest4 WHERE id=8223377
	Index Scan using sbtest4_pkey on sbtest4  (cost=0.43..8.45 rows=1 width=121)
	  Index Cond: (id = 8223377)

table 5 : explain SELECT c FROM sbtest5 WHERE id=2116845
	Index Scan using sbtest5_pkey on sbtest5  (cost=0.43..8.45 rows=1 width=121)
	  Index Cond: (id = 2116845)

table 6 : explain SELECT c FROM sbtest6 WHERE id=1234792
	Index Scan using sbtest6_pkey on sbtest6  (cost=0.43..8.45 rows=1 width=121)
	  Index Cond: (id = 1234792)

table 7 : explain SELECT c FROM sbtest7 WHERE id=4192943
	Index Scan using sbtest7_pkey on sbtest7  (cost=0.43..8.45 rows=1 width=121)
	  Index Cond: (id = 4192943)

table 8 : explain SELECT c FROM sbtest8 WHERE id=5993889
	Index Scan using sbtest8_pkey on sbtest8  (cost=0.43..8.45 rows=1 width=121)
	  Index Cond: (id = 5993889)

explain: for point_selects :: explain SELECT c FROM sbtest%u WHERE id=%u
explain: for point_selects :: explain SELECT c FROM sbtest%u WHERE id=%u
for: order_ranges
table 1 : explain SELECT c FROM sbtest1 WHERE id BETWEEN 982771 AND 992770 ORDER BY c
	Sort  (cost=36660.02..36686.04 rows=10406 width=121)
	  Sort Key: c
	  ->  Bitmap Heap Scan on sbtest1  (cost=303.10..35965.68 rows=10406 width=121)
	        Recheck Cond: ((id >= 982771) AND (id <= 992770))
	        ->  Bitmap Index Scan on sbtest1_pkey  (cost=0.00..300.50 rows=10406 width=0)
	              Index Cond: ((id >= 982771) AND (id <= 992770))

table 2 : explain SELECT c FROM sbtest2 WHERE id BETWEEN 6877226 AND 6887225 ORDER BY c
	Sort  (cost=36545.00..36570.97 rows=10387 width=121)
	  Sort Key: c
	  ->  Bitmap Heap Scan on sbtest2  (cost=306.90..35852.06 rows=10387 width=121)
	        Recheck Cond: ((id >= 6877226) AND (id <= 6887225))
	        ->  Bitmap Index Scan on sbtest2_pkey  (cost=0.00..304.31 rows=10387 width=0)
	              Index Cond: ((id >= 6877226) AND (id <= 6887225))

table 3 : explain SELECT c FROM sbtest3 WHERE id BETWEEN 1522674 AND 1532673 ORDER BY c
	Sort  (cost=35213.02..35238.01 rows=9995 width=121)
	  Sort Key: c
	  ->  Bitmap Heap Scan on sbtest3  (cost=286.88..34549.00 rows=9995 width=121)
	        Recheck Cond: ((id >= 1522674) AND (id <= 1532673))
	        ->  Bitmap Index Scan on sbtest3_pkey  (cost=0.00..284.38 rows=9995 width=0)
	              Index Cond: ((id >= 1522674) AND (id <= 1532673))

table 4 : explain SELECT c FROM sbtest4 WHERE id BETWEEN 7007670 AND 7017669 ORDER BY c
	Sort  (cost=34512.81..34537.21 rows=9759 width=121)
	  Sort Key: c
	  ->  Bitmap Heap Scan on sbtest4  (cost=284.46..33866.16 rows=9759 width=121)
	        Recheck Cond: ((id >= 7007670) AND (id <= 7017669))
	        ->  Bitmap Index Scan on sbtest4_pkey  (cost=0.00..282.03 rows=9759 width=0)
	              Index Cond: ((id >= 7007670) AND (id <= 7017669))

table 5 : explain SELECT c FROM sbtest5 WHERE id BETWEEN 2609460 AND 2619459 ORDER BY c
	Sort  (cost=37142.49..37168.92 rows=10572 width=121)
	  Sort Key: c
	  ->  Bitmap Heap Scan on sbtest5  (cost=308.80..36435.86 rows=10572 width=121)
	        Recheck Cond: ((id >= 2609460) AND (id <= 2619459))
	        ->  Bitmap Index Scan on sbtest5_pkey  (cost=0.00..306.16 rows=10572 width=0)
	              Index Cond: ((id >= 2609460) AND (id <= 2619459))

table 6 : explain SELECT c FROM sbtest6 WHERE id BETWEEN 2431777 AND 2441776 ORDER BY c
	Sort  (cost=31863.44..31885.80 rows=8947 width=121)
	  Sort Key: c
	  ->  Bitmap Heap Scan on sbtest6  (cost=264.14..31276.19 rows=8947 width=121)
	        Recheck Cond: ((id >= 2431777) AND (id <= 2441776))
	        ->  Bitmap Index Scan on sbtest6_pkey  (cost=0.00..261.91 rows=8947 width=0)
	              Index Cond: ((id >= 2431777) AND (id <= 2441776))

table 7 : explain SELECT c FROM sbtest7 WHERE id BETWEEN 2102730 AND 2112729 ORDER BY c
	Sort  (cost=35696.98..35722.35 rows=10149 width=121)
	  Sort Key: c
	  ->  Bitmap Heap Scan on sbtest7  (cost=300.46..35021.61 rows=10149 width=121)
	        Recheck Cond: ((id >= 2102730) AND (id <= 2112729))
	        ->  Bitmap Index Scan on sbtest7_pkey  (cost=0.00..297.93 rows=10149 width=0)
	              Index Cond: ((id >= 2102730) AND (id <= 2112729))

table 8 : explain SELECT c FROM sbtest8 WHERE id BETWEEN 3309560 AND 3319559 ORDER BY c
	Sort  (cost=35647.44..35672.71 rows=10105 width=121)
	  Sort Key: c
	  ->  Bitmap Heap Scan on sbtest8  (cost=300.01..34975.32 rows=10105 width=121)
	        Recheck Cond: ((id >= 3309560) AND (id <= 3319559))
	        ->  Bitmap Index Scan on sbtest8_pkey  (cost=0.00..297.49 rows=10105 width=0)
	              Index Cond: ((id >= 3309560) AND (id <= 3319559))

for point_selects
table 1 : explain SELECT c FROM sbtest1 WHERE id=65182
	Index Scan using sbtest1_pkey on sbtest1  (cost=0.43..8.45 rows=1 width=121)
	  Index Cond: (id = 65182)

table 2 : explain SELECT c FROM sbtest2 WHERE id=5444300
	Index Scan using sbtest2_pkey on sbtest2  (cost=0.43..8.45 rows=1 width=121)
	  Index Cond: (id = 5444300)

table 3 : explain SELECT c FROM sbtest3 WHERE id=5937721
	Index Scan using sbtest3_pkey on sbtest3  (cost=0.43..8.45 rows=1 width=121)
	  Index Cond: (id = 5937721)

table 4 : explain SELECT c FROM sbtest4 WHERE id=8291081
	Index Scan using sbtest4_pkey on sbtest4  (cost=0.43..8.45 rows=1 width=121)
	  Index Cond: (id = 8291081)

table 5 : explain SELECT c FROM sbtest5 WHERE id=6104108
	Index Scan using sbtest5_pkey on sbtest5  (cost=0.43..8.45 rows=1 width=121)
	  Index Cond: (id = 6104108)

table 6 : explain SELECT c FROM sbtest6 WHERE id=9693246
	Index Scan using sbtest6_pkey on sbtest6  (cost=0.43..8.45 rows=1 width=121)
	  Index Cond: (id = 9693246)

table 7 : explain SELECT c FROM sbtest7 WHERE id=8218941
	Index Scan using sbtest7_pkey on sbtest7  (cost=0.43..8.45 rows=1 width=121)
	  Index Cond: (id = 8218941)

table 8 : explain SELECT c FROM sbtest8 WHERE id=160318
	Index Scan using sbtest8_pkey on sbtest8  (cost=0.43..8.45 rows=1 width=121)
	  Index Cond: (id = 160318)

for: order_ranges
table 1 : explain SELECT c FROM sbtest1 WHERE id BETWEEN 7237428 AND 7247427 ORDER BY c
	Sort  (cost=36984.18..37010.44 rows=10506 width=121)
	  Sort Key: c
	  ->  Bitmap Heap Scan on sbtest1  (cost=308.12..36282.43 rows=10506 width=121)
	        Recheck Cond: ((id >= 7237428) AND (id <= 7247427))
	        ->  Bitmap Index Scan on sbtest1_pkey  (cost=0.00..305.50 rows=10506 width=0)
	              Index Cond: ((id >= 7237428) AND (id <= 7247427))

table 2 : explain SELECT c FROM sbtest2 WHERE id BETWEEN 1813731 AND 1823730 ORDER BY c
	Sort  (cost=35639.73..35664.99 rows=10105 width=121)
	  Sort Key: c
	  ->  Bitmap Heap Scan on sbtest2  (cost=300.01..34967.61 rows=10105 width=121)
	        Recheck Cond: ((id >= 1813731) AND (id <= 1823730))
	        ->  Bitmap Index Scan on sbtest2_pkey  (cost=0.00..297.49 rows=10105 width=0)
	              Index Cond: ((id >= 1813731) AND (id <= 1823730))

table 3 : explain SELECT c FROM sbtest3 WHERE id BETWEEN 9584159 AND 9594158 ORDER BY c
	Sort  (cost=35560.30..35585.56 rows=10102 width=121)
	  Sort Key: c
	  ->  Bitmap Heap Scan on sbtest3  (cost=291.98..34888.40 rows=10102 width=121)
	        Recheck Cond: ((id >= 9584159) AND (id <= 9594158))
	        ->  Bitmap Index Scan on sbtest3_pkey  (cost=0.00..289.45 rows=10102 width=0)
	              Index Cond: ((id >= 9584159) AND (id <= 9594158))

table 4 : explain SELECT c FROM sbtest4 WHERE id BETWEEN 5717146 AND 5727145 ORDER BY c
	Sort  (cost=35660.42..35685.70 rows=10114 width=121)
	  Sort Key: c
	  ->  Bitmap Heap Scan on sbtest4  (cost=296.10..34987.63 rows=10114 width=121)
	        Recheck Cond: ((id >= 5717146) AND (id <= 5727145))
	        ->  Bitmap Index Scan on sbtest4_pkey  (cost=0.00..293.57 rows=10114 width=0)
	              Index Cond: ((id >= 5717146) AND (id <= 5727145))

table 5 : explain SELECT c FROM sbtest5 WHERE id BETWEEN 9029857 AND 9039856 ORDER BY c
	Sort  (cost=35444.76..35469.87 rows=10043 width=121)
	  Sort Key: c
	  ->  Bitmap Heap Scan on sbtest5  (cost=295.38..34777.21 rows=10043 width=121)
	        Recheck Cond: ((id >= 9029857) AND (id <= 9039856))
	        ->  Bitmap Index Scan on sbtest5_pkey  (cost=0.00..292.87 rows=10043 width=0)
	              Index Cond: ((id >= 9029857) AND (id <= 9039856))

table 6 : explain SELECT c FROM sbtest6 WHERE id BETWEEN 4430016 AND 4440015 ORDER BY c
	Sort  (cost=36014.21..36039.77 rows=10226 width=121)
	  Sort Key: c
	  ->  Bitmap Heap Scan on sbtest6  (cost=301.25..35333.16 rows=10226 width=121)
	        Recheck Cond: ((id >= 4430016) AND (id <= 4440015))
	        ->  Bitmap Index Scan on sbtest6_pkey  (cost=0.00..298.69 rows=10226 width=0)
	              Index Cond: ((id >= 4430016) AND (id <= 4440015))

table 7 : explain SELECT c FROM sbtest7 WHERE id BETWEEN 7387804 AND 7397803 ORDER BY c
	Sort  (cost=36603.01..36629.08 rows=10431 width=121)
	  Sort Key: c
	  ->  Bitmap Heap Scan on sbtest7  (cost=311.35..35906.81 rows=10431 width=121)
	        Recheck Cond: ((id >= 7387804) AND (id <= 7397803))
	        ->  Bitmap Index Scan on sbtest7_pkey  (cost=0.00..308.75 rows=10431 width=0)
	              Index Cond: ((id >= 7387804) AND (id <= 7397803))

table 8 : explain SELECT c FROM sbtest8 WHERE id BETWEEN 1051682 AND 1061681 ORDER BY c
	Sort  (cost=33656.99..33680.72 rows=9490 width=121)
	  Sort Key: c
	  ->  Bitmap Heap Scan on sbtest8  (cost=281.71..33030.07 rows=9490 width=121)
	        Recheck Cond: ((id >= 1051682) AND (id <= 1061681))
	        ->  Bitmap Index Scan on sbtest8_pkey  (cost=0.00..279.33 rows=9490 width=0)
	              Index Cond: ((id >= 1051682) AND (id <= 1061681))

explain: for point_selects :: explain SELECT c FROM sbtest%u WHERE id=%u
for: simple_ranges
table 1 : explain SELECT c FROM sbtest1 WHERE id BETWEEN 5700651 AND 5710650
	Bitmap Heap Scan on sbtest1  (cost=283.53..33633.62 rows=9668 width=121)
	  Recheck Cond: ((id >= 5700651) AND (id <= 5710650))
	  ->  Bitmap Index Scan on sbtest1_pkey  (cost=0.00..281.12 rows=9668 width=0)
	        Index Cond: ((id >= 5700651) AND (id <= 5710650))

table 2 : explain SELECT c FROM sbtest2 WHERE id BETWEEN 2820661 AND 2830660
	Bitmap Heap Scan on sbtest2  (cost=289.38..34150.75 rows=9848 width=121)
	  Recheck Cond: ((id >= 2820661) AND (id <= 2830660))
	  ->  Bitmap Index Scan on sbtest2_pkey  (cost=0.00..286.92 rows=9848 width=0)
	        Index Cond: ((id >= 2820661) AND (id <= 2830660))

table 3 : explain SELECT c FROM sbtest3 WHERE id BETWEEN 4025582 AND 4035581
	Bitmap Heap Scan on sbtest3  (cost=285.79..34213.17 rows=9888 width=121)
	  Recheck Cond: ((id >= 4025582) AND (id <= 4035581))
	  ->  Bitmap Index Scan on sbtest3_pkey  (cost=0.00..283.31 rows=9888 width=0)
	        Index Cond: ((id >= 4025582) AND (id <= 4035581))

table 4 : explain SELECT c FROM sbtest4 WHERE id BETWEEN 2139178 AND 2149177
	Bitmap Heap Scan on sbtest4  (cost=278.98..33404.39 rows=9614 width=121)
	  Recheck Cond: ((id >= 2139178) AND (id <= 2149177))
	  ->  Bitmap Index Scan on sbtest4_pkey  (cost=0.00..276.57 rows=9614 width=0)
	        Index Cond: ((id >= 2139178) AND (id <= 2149177))

table 5 : explain SELECT c FROM sbtest5 WHERE id BETWEEN 1995945 AND 2005944
	Bitmap Heap Scan on sbtest5  (cost=296.20..35026.12 rows=10123 width=121)
	  Recheck Cond: ((id >= 1995945) AND (id <= 2005944))
	  ->  Bitmap Index Scan on sbtest5_pkey  (cost=0.00..293.67 rows=10123 width=0)
	        Index Cond: ((id >= 1995945) AND (id <= 2005944))

table 6 : explain SELECT c FROM sbtest6 WHERE id BETWEEN 9320461 AND 9330460
	Bitmap Heap Scan on sbtest6  (cost=276.14..32522.59 rows=9337 width=121)
	  Recheck Cond: ((id >= 9320461) AND (id <= 9330460))
	  ->  Bitmap Index Scan on sbtest6_pkey  (cost=0.00..273.81 rows=9337 width=0)
	        Index Cond: ((id >= 9320461) AND (id <= 9330460))

table 7 : explain SELECT c FROM sbtest7 WHERE id BETWEEN 1011333 AND 1021332
	Bitmap Heap Scan on sbtest7  (cost=300.25..34957.22 rows=10128 width=121)
	  Recheck Cond: ((id >= 1011333) AND (id <= 1021332))
	  ->  Bitmap Index Scan on sbtest7_pkey  (cost=0.00..297.71 rows=10128 width=0)
	        Index Cond: ((id >= 1011333) AND (id <= 1021332))

table 8 : explain SELECT c FROM sbtest8 WHERE id BETWEEN 1088434 AND 1098433
	Bitmap Heap Scan on sbtest8  (cost=281.71..33030.07 rows=9490 width=121)
	  Recheck Cond: ((id >= 1088434) AND (id <= 1098433))
	  ->  Bitmap Index Scan on sbtest8_pkey  (cost=0.00..279.33 rows=9490 width=0)
	        Index Cond: ((id >= 1088434) AND (id <= 1098433))

for point_selects
table 1 : explain SELECT c FROM sbtest1 WHERE id=4447531
	Index Scan using sbtest1_pkey on sbtest1  (cost=0.43..8.45 rows=1 width=121)
	  Index Cond: (id = 4447531)

table 2 : explain SELECT c FROM sbtest2 WHERE id=8948655
	Index Scan using sbtest2_pkey on sbtest2  (cost=0.43..8.45 rows=1 width=121)
	  Index Cond: (id = 8948655)

table 3 : explain SELECT c FROM sbtest3 WHERE id=9031311
	Index Scan using sbtest3_pkey on sbtest3  (cost=0.43..8.45 rows=1 width=121)
	  Index Cond: (id = 9031311)

table 4 : explain SELECT c FROM sbtest4 WHERE id=4529801
	Index Scan using sbtest4_pkey on sbtest4  (cost=0.43..8.45 rows=1 width=121)
	  Index Cond: (id = 4529801)

table 5 : explain SELECT c FROM sbtest5 WHERE id=8547196
	Index Scan using sbtest5_pkey on sbtest5  (cost=0.43..8.45 rows=1 width=121)
	  Index Cond: (id = 8547196)

table 6 : explain SELECT c FROM sbtest6 WHERE id=1992508
	Index Scan using sbtest6_pkey on sbtest6  (cost=0.43..8.45 rows=1 width=121)
	  Index Cond: (id = 1992508)

table 7 : explain SELECT c FROM sbtest7 WHERE id=9020785
	Index Scan using sbtest7_pkey on sbtest7  (cost=0.43..8.45 rows=1 width=121)
	  Index Cond: (id = 9020785)

table 8 : explain SELECT c FROM sbtest8 WHERE id=3536579
	Index Scan using sbtest8_pkey on sbtest8  (cost=0.43..8.45 rows=1 width=121)
	  Index Cond: (id = 3536579)

for: sum_ranges
table 1 : explain SELECT SUM(k) FROM sbtest1 WHERE id BETWEEN 2802320 AND 2812319
	Aggregate  (cost=34835.77..34835.78 rows=1 width=8)
	  ->  Bitmap Heap Scan on sbtest1  (cost=295.33..34810.68 rows=10039 width=4)
	        Recheck Cond: ((id >= 2802320) AND (id <= 2812319))
	        ->  Bitmap Index Scan on sbtest1_pkey  (cost=0.00..292.82 rows=10039 width=0)
	              Index Cond: ((id >= 2802320) AND (id <= 2812319))

table 2 : explain SELECT SUM(k) FROM sbtest2 WHERE id BETWEEN 300013 AND 310012
	Aggregate  (cost=35490.30..35490.31 rows=1 width=8)
	  ->  Bitmap Heap Scan on sbtest2  (cost=301.64..35464.64 rows=10264 width=4)
	        Recheck Cond: ((id >= 300013) AND (id <= 310012))
	        ->  Bitmap Index Scan on sbtest2_pkey  (cost=0.00..299.07 rows=10264 width=0)
	              Index Cond: ((id >= 300013) AND (id <= 310012))

table 3 : explain SELECT SUM(k) FROM sbtest3 WHERE id BETWEEN 5174575 AND 5184574
	Aggregate  (cost=33576.54..33576.55 rows=1 width=8)
	  ->  Bitmap Heap Scan on sbtest3  (cost=279.63..33552.34 rows=9678 width=4)
	        Recheck Cond: ((id >= 5174575) AND (id <= 5184574))
	        ->  Bitmap Index Scan on sbtest3_pkey  (cost=0.00..277.21 rows=9678 width=0)
	              Index Cond: ((id >= 5174575) AND (id <= 5184574))

table 4 : explain SELECT SUM(k) FROM sbtest4 WHERE id BETWEEN 1443179 AND 1453178
	Aggregate  (cost=34893.29..34893.30 rows=1 width=8)
	  ->  Bitmap Heap Scan on sbtest4  (cost=295.71..34868.10 rows=10076 width=4)
	        Recheck Cond: ((id >= 1443179) AND (id <= 1453178))
	        ->  Bitmap Index Scan on sbtest4_pkey  (cost=0.00..293.19 rows=10076 width=0)
	              Index Cond: ((id >= 1443179) AND (id <= 1453178))

table 5 : explain SELECT SUM(k) FROM sbtest5 WHERE id BETWEEN 6382383 AND 6392382
	Aggregate  (cost=34980.28..34980.29 rows=1 width=8)
	  ->  Bitmap Heap Scan on sbtest5  (cost=295.96..34955.03 rows=10100 width=4)
	        Recheck Cond: ((id >= 6382383) AND (id <= 6392382))
	        ->  Bitmap Index Scan on sbtest5_pkey  (cost=0.00..293.44 rows=10100 width=0)
	              Index Cond: ((id >= 6382383) AND (id <= 6392382))

table 6 : explain SELECT SUM(k) FROM sbtest6 WHERE id BETWEEN 790068 AND 800067
	Aggregate  (cost=35281.25..35281.26 rows=1 width=8)
	  ->  Bitmap Heap Scan on sbtest6  (cost=301.00..35255.75 rows=10201 width=4)
	        Recheck Cond: ((id >= 790068) AND (id <= 800067))
	        ->  Bitmap Index Scan on sbtest6_pkey  (cost=0.00..298.44 rows=10201 width=0)
	              Index Cond: ((id >= 790068) AND (id <= 800067))

table 7 : explain SELECT SUM(k) FROM sbtest7 WHERE id BETWEEN 2479046 AND 2489045
	Aggregate  (cost=32952.01..32952.02 rows=1 width=8)
	  ->  Bitmap Heap Scan on sbtest7  (cost=281.65..32928.30 rows=9484 width=4)
	        Recheck Cond: ((id >= 2479046) AND (id <= 2489045))
	        ->  Bitmap Index Scan on sbtest7_pkey  (cost=0.00..279.28 rows=9484 width=0)
	              Index Cond: ((id >= 2479046) AND (id <= 2489045))

table 8 : explain SELECT SUM(k) FROM sbtest8 WHERE id BETWEEN 774993 AND 784992
	Aggregate  (cost=32678.82..32678.83 rows=1 width=8)
	  ->  Bitmap Heap Scan on sbtest8  (cost=280.50..32655.39 rows=9372 width=4)
	        Recheck Cond: ((id >= 774993) AND (id <= 784992))
	        ->  Bitmap Index Scan on sbtest8_pkey  (cost=0.00..278.16 rows=9372 width=0)
	              Index Cond: ((id >= 774993) AND (id <= 784992))

for: simple_ranges
table 1 : explain SELECT c FROM sbtest1 WHERE id BETWEEN 667462 AND 677461
	Bitmap Heap Scan on sbtest1  (cost=290.87..34667.29 rows=9994 width=121)
	  Recheck Cond: ((id >= 667462) AND (id <= 677461))
	  ->  Bitmap Index Scan on sbtest1_pkey  (cost=0.00..288.38 rows=9994 width=0)
	        Index Cond: ((id >= 667462) AND (id <= 677461))

table 2 : explain SELECT c FROM sbtest2 WHERE id BETWEEN 2195933 AND 2205932
	Bitmap Heap Scan on sbtest2  (cost=300.32..35061.28 rows=10135 width=121)
	  Recheck Cond: ((id >= 2195933) AND (id <= 2205932))
	  ->  Bitmap Index Scan on sbtest2_pkey  (cost=0.00..297.79 rows=10135 width=0)
	        Index Cond: ((id >= 2195933) AND (id <= 2205932))

table 3 : explain SELECT c FROM sbtest3 WHERE id BETWEEN 9610007 AND 9620006
	Bitmap Heap Scan on sbtest3  (cost=286.55..34445.72 rows=9962 width=121)
	  Recheck Cond: ((id >= 9610007) AND (id <= 9620006))
	  ->  Bitmap Index Scan on sbtest3_pkey  (cost=0.00..284.06 rows=9962 width=0)
	        Index Cond: ((id >= 9610007) AND (id <= 9620006))

table 4 : explain SELECT c FROM sbtest4 WHERE id BETWEEN 5865329 AND 5875328
	Bitmap Heap Scan on sbtest4  (cost=284.73..33947.25 rows=9785 width=121)
	  Recheck Cond: ((id >= 5865329) AND (id <= 5875328))
	  ->  Bitmap Index Scan on sbtest4_pkey  (cost=0.00..282.29 rows=9785 width=0)
	        Index Cond: ((id >= 5865329) AND (id <= 5875328))

table 5 : explain SELECT c FROM sbtest5 WHERE id BETWEEN 6557018 AND 6567017
	Bitmap Heap Scan on sbtest5  (cost=265.49..31712.34 rows=9079 width=121)
	  Recheck Cond: ((id >= 6557018) AND (id <= 6567017))
	  ->  Bitmap Index Scan on sbtest5_pkey  (cost=0.00..263.23 rows=9079 width=0)
	        Index Cond: ((id >= 6557018) AND (id <= 6567017))

table 6 : explain SELECT c FROM sbtest6 WHERE id BETWEEN 3041116 AND 3051115
	Bitmap Heap Scan on sbtest6  (cost=294.01..34340.56 rows=9910 width=121)
	  Recheck Cond: ((id >= 3041116) AND (id <= 3051115))
	  ->  Bitmap Index Scan on sbtest6_pkey  (cost=0.00..291.54 rows=9910 width=0)
	        Index Cond: ((id >= 3041116) AND (id <= 3051115))

table 7 : explain SELECT c FROM sbtest7 WHERE id BETWEEN 6528413 AND 6538412
	Bitmap Heap Scan on sbtest7  (cost=305.56..35360.12 rows=10256 width=121)
	  Recheck Cond: ((id >= 6528413) AND (id <= 6538412))
	  ->  Bitmap Index Scan on sbtest7_pkey  (cost=0.00..303.00 rows=10256 width=0)
	        Index Cond: ((id >= 6528413) AND (id <= 6538412))

table 8 : explain SELECT c FROM sbtest8 WHERE id BETWEEN 9863557 AND 9873556
	Bitmap Heap Scan on sbtest8  (cost=274.28..31965.77 rows=9156 width=121)
	  Recheck Cond: ((id >= 9863557) AND (id <= 9873556))
	  ->  Bitmap Index Scan on sbtest8_pkey  (cost=0.00..272.00 rows=9156 width=0)
	        Index Cond: ((id >= 9863557) AND (id <= 9873556))

for point_selects
table 1 : explain SELECT c FROM sbtest1 WHERE id=5552741
	Index Scan using sbtest1_pkey on sbtest1  (cost=0.43..8.45 rows=1 width=121)
	  Index Cond: (id = 5552741)

table 2 : explain SELECT c FROM sbtest2 WHERE id=7557092
	Index Scan using sbtest2_pkey on sbtest2  (cost=0.43..8.45 rows=1 width=121)
	  Index Cond: (id = 7557092)

table 3 : explain SELECT c FROM sbtest3 WHERE id=7225879
	Index Scan using sbtest3_pkey on sbtest3  (cost=0.43..8.45 rows=1 width=121)
	  Index Cond: (id = 7225879)

table 4 : explain SELECT c FROM sbtest4 WHERE id=9165467
	Index Scan using sbtest4_pkey on sbtest4  (cost=0.43..8.45 rows=1 width=121)
	  Index Cond: (id = 9165467)

table 5 : explain SELECT c FROM sbtest5 WHERE id=79383
	Index Scan using sbtest5_pkey on sbtest5  (cost=0.43..8.45 rows=1 width=121)
	  Index Cond: (id = 79383)

table 6 : explain SELECT c FROM sbtest6 WHERE id=1776749
	Index Scan using sbtest6_pkey on sbtest6  (cost=0.43..8.45 rows=1 width=121)
	  Index Cond: (id = 1776749)

table 7 : explain SELECT c FROM sbtest7 WHERE id=7021444
	Index Scan using sbtest7_pkey on sbtest7  (cost=0.43..8.45 rows=1 width=121)
	  Index Cond: (id = 7021444)

table 8 : explain SELECT c FROM sbtest8 WHERE id=3928973
	Index Scan using sbtest8_pkey on sbtest8  (cost=0.43..8.45 rows=1 width=121)
	  Index Cond: (id = 3928973)

for: simple_ranges
table 1 : explain SELECT c FROM sbtest1 WHERE id BETWEEN 2600286 AND 2610285
	Bitmap Heap Scan on sbtest1  (cost=297.36..35432.06 rows=10237 width=121)
	  Recheck Cond: ((id >= 2600286) AND (id <= 2610285))
	  ->  Bitmap Index Scan on sbtest1_pkey  (cost=0.00..294.81 rows=10237 width=0)
	        Index Cond: ((id >= 2600286) AND (id <= 2610285))

table 2 : explain SELECT c FROM sbtest2 WHERE id BETWEEN 6342726 AND 6352725
	Bitmap Heap Scan on sbtest2  (cost=282.12..33146.71 rows=9530 width=121)
	  Recheck Cond: ((id >= 6342726) AND (id <= 6352725))
	  ->  Bitmap Index Scan on sbtest2_pkey  (cost=0.00..279.74 rows=9530 width=0)
	        Index Cond: ((id >= 6342726) AND (id <= 6352725))

table 3 : explain SELECT c FROM sbtest3 WHERE id BETWEEN 4522135 AND 4532134
	Bitmap Heap Scan on sbtest3  (cost=279.37..33471.33 rows=9652 width=121)
	  Recheck Cond: ((id >= 4522135) AND (id <= 4532134))
	  ->  Bitmap Index Scan on sbtest3_pkey  (cost=0.00..276.95 rows=9652 width=0)
	        Index Cond: ((id >= 4522135) AND (id <= 4532134))

table 4 : explain SELECT c FROM sbtest4 WHERE id BETWEEN 6961550 AND 6971549
	Bitmap Heap Scan on sbtest4  (cost=295.49..34800.23 rows=10054 width=121)
	  Recheck Cond: ((id >= 6961550) AND (id <= 6971549))
	  ->  Bitmap Index Scan on sbtest4_pkey  (cost=0.00..292.98 rows=10054 width=0)
	        Index Cond: ((id >= 6961550) AND (id <= 6971549))

table 5 : explain SELECT c FROM sbtest5 WHERE id BETWEEN 903870 AND 913869
	Bitmap Heap Scan on sbtest5  (cost=297.10..35303.82 rows=10211 width=121)
	  Recheck Cond: ((id >= 903870) AND (id <= 913869))
	  ->  Bitmap Index Scan on sbtest5_pkey  (cost=0.00..294.55 rows=10211 width=0)
	        Index Cond: ((id >= 903870) AND (id <= 913869))

table 6 : explain SELECT c FROM sbtest6 WHERE id BETWEEN 9562030 AND 9572029
	Bitmap Heap Scan on sbtest6  (cost=312.83..36428.80 rows=10575 width=121)
	  Recheck Cond: ((id >= 9562030) AND (id <= 9572029))
	  ->  Bitmap Index Scan on sbtest6_pkey  (cost=0.00..310.19 rows=10575 width=0)
	        Index Cond: ((id >= 9562030) AND (id <= 9572029))

table 7 : explain SELECT c FROM sbtest7 WHERE id BETWEEN 6962549 AND 6972548
	Bitmap Heap Scan on sbtest7  (cost=298.62..34460.94 rows=9969 width=121)
	  Recheck Cond: ((id >= 6962549) AND (id <= 6972548))
	  ->  Bitmap Index Scan on sbtest7_pkey  (cost=0.00..296.12 rows=9969 width=0)
	        Index Cond: ((id >= 6962549) AND (id <= 6972548))

table 8 : explain SELECT c FROM sbtest8 WHERE id BETWEEN 7248725 AND 7258724
	Bitmap Heap Scan on sbtest8  (cost=300.39..35091.63 rows=10142 width=121)
	  Recheck Cond: ((id >= 7248725) AND (id <= 7258724))
	  ->  Bitmap Index Scan on sbtest8_pkey  (cost=0.00..297.86 rows=10142 width=0)
	        Index Cond: ((id >= 7248725) AND (id <= 7258724))

for: order_ranges
table 1 : explain SELECT c FROM sbtest1 WHERE id BETWEEN 4321333 AND 4331332 ORDER BY c
	Sort  (cost=35367.80..35392.81 rows=10006 width=121)
	  Sort Key: c
	  ->  Bitmap Heap Scan on sbtest1  (cost=291.00..34702.97 rows=10006 width=121)
	        Recheck Cond: ((id >= 4321333) AND (id <= 4331332))
	        ->  Bitmap Index Scan on sbtest1_pkey  (cost=0.00..288.50 rows=10006 width=0)
	              Index Cond: ((id >= 4321333) AND (id <= 4331332))

table 2 : explain SELECT c FROM sbtest2 WHERE id BETWEEN 2656085 AND 2666084 ORDER BY c
	Sort  (cost=39100.86..39128.83 rows=11188 width=121)
	  Sort Key: c
	  ->  Bitmap Heap Scan on sbtest2  (cost=331.11..38348.48 rows=11188 width=121)
	        Recheck Cond: ((id >= 2656085) AND (id <= 2666084))
	        ->  Bitmap Index Scan on sbtest2_pkey  (cost=0.00..328.31 rows=11188 width=0)
	              Index Cond: ((id >= 2656085) AND (id <= 2666084))

table 3 : explain SELECT c FROM sbtest3 WHERE id BETWEEN 5980 AND 15979 ORDER BY c
	Sort  (cost=39368.27..39396.51 rows=11298 width=121)
	  Sort Key: c
	  ->  Bitmap Heap Scan on sbtest3  (cost=324.24..38607.70 rows=11298 width=121)
	        Recheck Cond: ((id >= 5980) AND (id <= 15979))
	        ->  Bitmap Index Scan on sbtest3_pkey  (cost=0.00..321.42 rows=11298 width=0)
	              Index Cond: ((id >= 5980) AND (id <= 15979))

table 4 : explain SELECT c FROM sbtest4 WHERE id BETWEEN 7892931 AND 7902930 ORDER BY c
	Sort  (cost=35733.07..35758.41 rows=10136 width=121)
	  Sort Key: c
	  ->  Bitmap Heap Scan on sbtest4  (cost=296.33..35058.66 rows=10136 width=121)
	        Recheck Cond: ((id >= 7892931) AND (id <= 7902930))
	        ->  Bitmap Index Scan on sbtest4_pkey  (cost=0.00..293.80 rows=10136 width=0)
	              Index Cond: ((id >= 7892931) AND (id <= 7902930))

table 5 : explain SELECT c FROM sbtest5 WHERE id BETWEEN 6358939 AND 6368938 ORDER BY c
	Sort  (cost=35828.50..35853.90 rows=10163 width=121)
	  Sort Key: c
	  ->  Bitmap Heap Scan on sbtest5  (cost=296.61..35152.10 rows=10163 width=121)
	        Recheck Cond: ((id >= 6358939) AND (id <= 6368938))
	        ->  Bitmap Index Scan on sbtest5_pkey  (cost=0.00..294.06 rows=10163 width=0)
	              Index Cond: ((id >= 6358939) AND (id <= 6368938))

table 6 : explain SELECT c FROM sbtest6 WHERE id BETWEEN 6469883 AND 6479882 ORDER BY c
	Sort  (cost=34084.42..34108.49 rows=9628 width=121)
	  Sort Key: c
	  ->  Bitmap Heap Scan on sbtest6  (cost=283.12..33447.38 rows=9628 width=121)
	        Recheck Cond: ((id >= 6469883) AND (id <= 6479882))
	        ->  Bitmap Index Scan on sbtest6_pkey  (cost=0.00..280.71 rows=9628 width=0)
	              Index Cond: ((id >= 6469883) AND (id <= 6479882))

table 7 : explain SELECT c FROM sbtest7 WHERE id BETWEEN 7515762 AND 7525761 ORDER BY c
	Sort  (cost=33664.34..33688.13 rows=9518 width=121)
	  Sort Key: c
	  ->  Bitmap Heap Scan on sbtest7  (cost=281.99..33035.37 rows=9518 width=121)
	        Recheck Cond: ((id >= 7515762) AND (id <= 7525761))
	        ->  Bitmap Index Scan on sbtest7_pkey  (cost=0.00..279.62 rows=9518 width=0)
	              Index Cond: ((id >= 7515762) AND (id <= 7525761))

table 8 : explain SELECT c FROM sbtest8 WHERE id BETWEEN 672819 AND 682818 ORDER BY c
	Sort  (cost=32470.58..32493.40 rows=9127 width=121)
	  Sort Key: c
	  ->  Bitmap Heap Scan on sbtest8  (cost=269.99..31870.21 rows=9127 width=121)
	        Recheck Cond: ((id >= 672819) AND (id <= 682818))
	        ->  Bitmap Index Scan on sbtest8_pkey  (cost=0.00..267.70 rows=9127 width=0)
	              Index Cond: ((id >= 672819) AND (id <= 682818))

for: order_ranges
table 1 : explain SELECT c FROM sbtest1 WHERE id BETWEEN 1158288 AND 1168287 ORDER BY c
	Sort  (cost=36805.26..36831.38 rows=10451 width=121)
	  Sort Key: c
	  ->  Bitmap Heap Scan on sbtest1  (cost=303.56..36107.58 rows=10451 width=121)
	        Recheck Cond: ((id >= 1158288) AND (id <= 1168287))
	        ->  Bitmap Index Scan on sbtest1_pkey  (cost=0.00..300.94 rows=10451 width=0)
	              Index Cond: ((id >= 1158288) AND (id <= 1168287))

table 2 : explain SELECT c FROM sbtest2 WHERE id BETWEEN 9623903 AND 9633902 ORDER BY c
	Sort  (cost=35447.27..35472.39 rows=10047 width=121)
	  Sort Key: c
	  ->  Bitmap Heap Scan on sbtest2  (cost=295.42..34779.42 rows=10047 width=121)
	        Recheck Cond: ((id >= 9623903) AND (id <= 9633902))
	        ->  Bitmap Index Scan on sbtest2_pkey  (cost=0.00..292.91 rows=10047 width=0)
	              Index Cond: ((id >= 9623903) AND (id <= 9633902))

table 3 : explain SELECT c FROM sbtest3 WHERE id BETWEEN 3295712 AND 3305711 ORDER BY c
	Sort  (cost=31766.12..31788.45 rows=8933 width=121)
	  Sort Key: c
	  ->  Bitmap Heap Scan on sbtest3  (cost=256.00..31179.90 rows=8933 width=121)
	        Recheck Cond: ((id >= 3295712) AND (id <= 3305711))
	        ->  Bitmap Index Scan on sbtest3_pkey  (cost=0.00..253.76 rows=8933 width=0)
	              Index Cond: ((id >= 3295712) AND (id <= 3305711))

table 4 : explain SELECT c FROM sbtest4 WHERE id BETWEEN 4284537 AND 4294536 ORDER BY c
	Sort  (cost=33180.49..33203.86 rows=9349 width=121)
	  Sort Key: c
	  ->  Bitmap Heap Scan on sbtest4  (cost=272.26..32563.90 rows=9349 width=121)
	        Recheck Cond: ((id >= 4284537) AND (id <= 4294536))
	        ->  Bitmap Index Scan on sbtest4_pkey  (cost=0.00..269.93 rows=9349 width=0)
	              Index Cond: ((id >= 4284537) AND (id <= 4294536))

table 5 : explain SELECT c FROM sbtest5 WHERE id BETWEEN 1750838 AND 1760837 ORDER BY c
	Sort  (cost=32988.57..33011.79 rows=9287 width=121)
	  Sort Key: c
	  ->  Bitmap Heap Scan on sbtest5  (cost=271.63..32376.51 rows=9287 width=121)
	        Recheck Cond: ((id >= 1750838) AND (id <= 1760837))
	        ->  Bitmap Index Scan on sbtest5_pkey  (cost=0.00..269.31 rows=9287 width=0)
	              Index Cond: ((id >= 1750838) AND (id <= 1760837))

table 6 : explain SELECT c FROM sbtest6 WHERE id BETWEEN 8452190 AND 8462189 ORDER BY c
	Sort  (cost=36654.51..36680.57 rows=10425 width=121)
	  Sort Key: c
	  ->  Bitmap Heap Scan on sbtest6  (cost=307.29..35958.75 rows=10425 width=121)
	        Recheck Cond: ((id >= 8452190) AND (id <= 8462189))
	        ->  Bitmap Index Scan on sbtest6_pkey  (cost=0.00..304.69 rows=10425 width=0)
	              Index Cond: ((id >= 8452190) AND (id <= 8462189))

table 7 : explain SELECT c FROM sbtest7 WHERE id BETWEEN 4464701 AND 4474700 ORDER BY c
	Sort  (cost=34722.53..34747.14 rows=9845 width=121)
	  Sort Key: c
	  ->  Bitmap Heap Scan on sbtest7  (cost=293.35..34069.55 rows=9845 width=121)
	        Recheck Cond: ((id >= 4464701) AND (id <= 4474700))
	        ->  Bitmap Index Scan on sbtest7_pkey  (cost=0.00..290.88 rows=9845 width=0)
	              Index Cond: ((id >= 4464701) AND (id <= 4474700))

table 8 : explain SELECT c FROM sbtest8 WHERE id BETWEEN 9593161 AND 9603160 ORDER BY c
	Sort  (cost=36487.05..36512.97 rows=10366 width=121)
	  Sort Key: c
	  ->  Bitmap Heap Scan on sbtest8  (cost=306.69..35795.66 rows=10366 width=121)
	        Recheck Cond: ((id >= 9593161) AND (id <= 9603160))
	        ->  Bitmap Index Scan on sbtest8_pkey  (cost=0.00..304.09 rows=10366 width=0)
	              Index Cond: ((id >= 9593161) AND (id <= 9603160))

for: simple_ranges
table 1 : explain SELECT c FROM sbtest1 WHERE id BETWEEN 7535510 AND 7545509
	Bitmap Heap Scan on sbtest1  (cost=313.86..36817.59 rows=10676 width=121)
	  Recheck Cond: ((id >= 7535510) AND (id <= 7545509))
	  ->  Bitmap Index Scan on sbtest1_pkey  (cost=0.00..311.19 rows=10676 width=0)
	        Index Cond: ((id >= 7535510) AND (id <= 7545509))

table 2 : explain SELECT c FROM sbtest2 WHERE id BETWEEN 4335290 AND 4345289
	Bitmap Heap Scan on sbtest2  (cost=257.52..30462.31 rows=8691 width=121)
	  Recheck Cond: ((id >= 4335290) AND (id <= 4345289))
	  ->  Bitmap Index Scan on sbtest2_pkey  (cost=0.00..255.34 rows=8691 width=0)
	        Index Cond: ((id >= 4335290) AND (id <= 4345289))

table 3 : explain SELECT c FROM sbtest3 WHERE id BETWEEN 7287128 AND 7297127
	Bitmap Heap Scan on sbtest3  (cost=304.00..36115.03 rows=10494 width=121)
	  Recheck Cond: ((id >= 7287128) AND (id <= 7297127))
	  ->  Bitmap Index Scan on sbtest3_pkey  (cost=0.00..301.38 rows=10494 width=0)
	        Index Cond: ((id >= 7287128) AND (id <= 7297127))

table 4 : explain SELECT c FROM sbtest4 WHERE id BETWEEN 8616638 AND 8626637
	Bitmap Heap Scan on sbtest4  (cost=303.66..36074.65 rows=10461 width=121)
	  Recheck Cond: ((id >= 8616638) AND (id <= 8626637))
	  ->  Bitmap Index Scan on sbtest4_pkey  (cost=0.00..301.05 rows=10461 width=0)
	        Index Cond: ((id >= 8616638) AND (id <= 8626637))

table 5 : explain SELECT c FROM sbtest5 WHERE id BETWEEN 9457156 AND 9467155
	Bitmap Heap Scan on sbtest5  (cost=295.85..34922.69 rows=10089 width=121)
	  Recheck Cond: ((id >= 9457156) AND (id <= 9467155))
	  ->  Bitmap Index Scan on sbtest5_pkey  (cost=0.00..293.32 rows=10089 width=0)
	        Index Cond: ((id >= 9457156) AND (id <= 9467155))

table 6 : explain SELECT c FROM sbtest6 WHERE id BETWEEN 9561182 AND 9571181
	Bitmap Heap Scan on sbtest6  (cost=312.83..36428.80 rows=10575 width=121)
	  Recheck Cond: ((id >= 9561182) AND (id <= 9571181))
	  ->  Bitmap Index Scan on sbtest6_pkey  (cost=0.00..310.19 rows=10575 width=0)
	        Index Cond: ((id >= 9561182) AND (id <= 9571181))

table 7 : explain SELECT c FROM sbtest7 WHERE id BETWEEN 6341123 AND 6351122
	Bitmap Heap Scan on sbtest7  (cost=274.25..31877.22 rows=9153 width=121)
	  Recheck Cond: ((id >= 6341123) AND (id <= 6351122))
	  ->  Bitmap Index Scan on sbtest7_pkey  (cost=0.00..271.96 rows=9153 width=0)
	        Index Cond: ((id >= 6341123) AND (id <= 6351122))

table 8 : explain SELECT c FROM sbtest8 WHERE id BETWEEN 2935199 AND 2945198
	Bitmap Heap Scan on sbtest8  (cost=280.89..32776.00 rows=9410 width=121)
	  Recheck Cond: ((id >= 2935199) AND (id <= 2945198))
	  ->  Bitmap Index Scan on sbtest8_pkey  (cost=0.00..278.54 rows=9410 width=0)
	        Index Cond: ((id >= 2935199) AND (id <= 2945198))

for: simple_ranges
table 1 : explain SELECT c FROM sbtest1 WHERE id BETWEEN 5193425 AND 5203424
	Bitmap Heap Scan on sbtest1  (cost=277.01..32853.85 rows=9422 width=121)
	  Recheck Cond: ((id >= 5193425) AND (id <= 5203424))
	  ->  Bitmap Index Scan on sbtest1_pkey  (cost=0.00..274.66 rows=9422 width=0)
	        Index Cond: ((id >= 5193425) AND (id <= 5203424))

table 2 : explain SELECT c FROM sbtest2 WHERE id BETWEEN 9429871 AND 9439870
	Bitmap Heap Scan on sbtest2  (cost=294.58..34523.89 rows=9965 width=121)
	  Recheck Cond: ((id >= 9429871) AND (id <= 9439870))
	  ->  Bitmap Index Scan on sbtest2_pkey  (cost=0.00..292.08 rows=9965 width=0)
	        Index Cond: ((id >= 9429871) AND (id <= 9439870))

table 3 : explain SELECT c FROM sbtest3 WHERE id BETWEEN 3930134 AND 3940133
	Bitmap Heap Scan on sbtest3  (cost=297.49..35349.66 rows=10249 width=121)
	  Recheck Cond: ((id >= 3930134) AND (id <= 3940133))
	  ->  Bitmap Index Scan on sbtest3_pkey  (cost=0.00..294.93 rows=10249 width=0)
	        Index Cond: ((id >= 3930134) AND (id <= 3940133))

table 4 : explain SELECT c FROM sbtest4 WHERE id BETWEEN 3434227 AND 3444226
	Bitmap Heap Scan on sbtest4  (cost=271.29..32263.78 rows=9254 width=121)
	  Recheck Cond: ((id >= 3434227) AND (id <= 3444226))
	  ->  Bitmap Index Scan on sbtest4_pkey  (cost=0.00..268.98 rows=9254 width=0)
	        Index Cond: ((id >= 3434227) AND (id <= 3444226))

table 5 : explain SELECT c FROM sbtest5 WHERE id BETWEEN 7846149 AND 7856148
	Bitmap Heap Scan on sbtest5  (cost=296.71..35184.38 rows=10173 width=121)
	  Recheck Cond: ((id >= 7846149) AND (id <= 7856148))
	  ->  Bitmap Index Scan on sbtest5_pkey  (cost=0.00..294.17 rows=10173 width=0)
	        Index Cond: ((id >= 7846149) AND (id <= 7856148))

table 6 : explain SELECT c FROM sbtest6 WHERE id BETWEEN 733870 AND 743869
	Bitmap Heap Scan on sbtest6  (cost=325.06..37715.01 rows=10988 width=121)
	  Recheck Cond: ((id >= 733870) AND (id <= 743869))
	  ->  Bitmap Index Scan on sbtest6_pkey  (cost=0.00..322.31 rows=10988 width=0)
	        Index Cond: ((id >= 733870) AND (id <= 743869))

table 7 : explain SELECT c FROM sbtest7 WHERE id BETWEEN 572579 AND 582578
	Bitmap Heap Scan on sbtest7  (cost=299.42..34702.77 rows=10047 width=121)
	  Recheck Cond: ((id >= 572579) AND (id <= 582578))
	  ->  Bitmap Index Scan on sbtest7_pkey  (cost=0.00..296.91 rows=10047 width=0)
	        Index Cond: ((id >= 572579) AND (id <= 582578))

table 8 : explain SELECT c FROM sbtest8 WHERE id BETWEEN 7690364 AND 7700363
	Bitmap Heap Scan on sbtest8  (cost=305.35..35389.42 rows=10236 width=121)
	  Recheck Cond: ((id >= 7690364) AND (id <= 7700363))
	  ->  Bitmap Index Scan on sbtest8_pkey  (cost=0.00..302.80 rows=10236 width=0)
	        Index Cond: ((id >= 7690364) AND (id <= 7700363))

for: distinct_ranges
table 1 : explain SELECT DISTINCT c FROM sbtest1 WHERE id BETWEEN 6848614 AND 6858613 ORDER BY c
	Unique  (cost=31435.94..31479.94 rows=8800 width=121)
	  ->  Sort  (cost=31435.94..31457.94 rows=8800 width=121)
	        Sort Key: c
	        ->  Bitmap Heap Scan on sbtest1  (cost=258.63..30859.39 rows=8800 width=121)
	              Recheck Cond: ((id >= 6848614) AND (id <= 6858613))
	              ->  Bitmap Index Scan on sbtest1_pkey  (cost=0.00..256.44 rows=8800 width=0)
	                    Index Cond: ((id >= 6848614) AND (id <= 6858613))

table 2 : explain SELECT DISTINCT c FROM sbtest2 WHERE id BETWEEN 6331285 AND 6341284 ORDER BY c
	Unique  (cost=33776.56..33824.21 rows=9530 width=121)
	  ->  Sort  (cost=33776.56..33800.39 rows=9530 width=121)
	        Sort Key: c
	        ->  Bitmap Heap Scan on sbtest2  (cost=282.12..33146.71 rows=9530 width=121)
	              Recheck Cond: ((id >= 6331285) AND (id <= 6341284))
	              ->  Bitmap Index Scan on sbtest2_pkey  (cost=0.00..279.74 rows=9530 width=0)
	                    Index Cond: ((id >= 6331285) AND (id <= 6341284))

table 3 : explain SELECT DISTINCT c FROM sbtest3 WHERE id BETWEEN 8074355 AND 8084354 ORDER BY c
	Unique  (cost=33830.79..33878.62 rows=9567 width=121)
	  ->  Sort  (cost=33830.79..33854.70 rows=9567 width=121)
	        Sort Key: c
	        ->  Bitmap Heap Scan on sbtest3  (cost=274.50..33198.22 rows=9567 width=121)
	              Recheck Cond: ((id >= 8074355) AND (id <= 8084354))
	              ->  Bitmap Index Scan on sbtest3_pkey  (cost=0.00..272.11 rows=9567 width=0)
	                    Index Cond: ((id >= 8074355) AND (id <= 8084354))

table 4 : explain SELECT DISTINCT c FROM sbtest4 WHERE id BETWEEN 2971640 AND 2981639 ORDER BY c
	Unique  (cost=34589.18..34638.10 rows=9783 width=121)
	  ->  Sort  (cost=34589.18..34613.64 rows=9783 width=121)
	        Sort Key: c
	        ->  Bitmap Heap Scan on sbtest4  (cost=284.71..33940.76 rows=9783 width=121)
	              Recheck Cond: ((id >= 2971640) AND (id <= 2981639))
	              ->  Bitmap Index Scan on sbtest4_pkey  (cost=0.00..282.26 rows=9783 width=0)
	                    Index Cond: ((id >= 2971640) AND (id <= 2981639))

table 5 : explain SELECT DISTINCT c FROM sbtest5 WHERE id BETWEEN 8361528 AND 8371527 ORDER BY c
	Unique  (cost=34957.03..35006.49 rows=9892 width=121)
	  ->  Sort  (cost=34957.03..34981.76 rows=9892 width=121)
	        Sort Key: c
	        ->  Bitmap Heap Scan on sbtest5  (cost=289.83..34300.60 rows=9892 width=121)
	              Recheck Cond: ((id >= 8361528) AND (id <= 8371527))
	              ->  Bitmap Index Scan on sbtest5_pkey  (cost=0.00..287.36 rows=9892 width=0)
	                    Index Cond: ((id >= 8361528) AND (id <= 8371527))

table 6 : explain SELECT DISTINCT c FROM sbtest6 WHERE id BETWEEN 2655060 AND 2665059 ORDER BY c
	Unique  (cost=35882.07..35932.99 rows=10184 width=121)
	  ->  Sort  (cost=35882.07..35907.53 rows=10184 width=121)
	        Sort Key: c
	        ->  Bitmap Heap Scan on sbtest6  (cost=300.82..35204.12 rows=10184 width=121)
	              Recheck Cond: ((id >= 2655060) AND (id <= 2665059))
	              ->  Bitmap Index Scan on sbtest6_pkey  (cost=0.00..298.28 rows=10184 width=0)
	                    Index Cond: ((id >= 2655060) AND (id <= 2665059))

table 7 : explain SELECT DISTINCT c FROM sbtest7 WHERE id BETWEEN 6017525 AND 6027524 ORDER BY c
	Unique  (cost=35090.05..35139.85 rows=9959 width=121)
	  ->  Sort  (cost=35090.05..35114.95 rows=9959 width=121)
	        Sort Key: c
	        ->  Bitmap Heap Scan on sbtest7  (cost=298.51..34428.69 rows=9959 width=121)
	              Recheck Cond: ((id >= 6017525) AND (id <= 6027524))
	              ->  Bitmap Index Scan on sbtest7_pkey  (cost=0.00..296.03 rows=9959 width=0)
	                    Index Cond: ((id >= 6017525) AND (id <= 6027524))

table 8 : explain SELECT DISTINCT c FROM sbtest8 WHERE id BETWEEN 6632011 AND 6642010 ORDER BY c
	Unique  (cost=38153.14..38207.57 rows=10886 width=121)
	  ->  Sort  (cost=38153.14..38180.36 rows=10886 width=121)
	        Sort Key: c
	        ->  Bitmap Heap Scan on sbtest8  (cost=324.02..37423.23 rows=10886 width=121)
	              Recheck Cond: ((id >= 6632011) AND (id <= 6642010))
	              ->  Bitmap Index Scan on sbtest8_pkey  (cost=0.00..321.30 rows=10886 width=0)
	                    Index Cond: ((id >= 6632011) AND (id <= 6642010))

for: simple_ranges
table 1 : explain SELECT c FROM sbtest1 WHERE id BETWEEN 3140879 AND 3150878
	Bitmap Heap Scan on sbtest1  (cost=290.59..34579.74 rows=9966 width=121)
	  Recheck Cond: ((id >= 3140879) AND (id <= 3150878))
	  ->  Bitmap Index Scan on sbtest1_pkey  (cost=0.00..288.09 rows=9966 width=0)
	        Index Cond: ((id >= 3140879) AND (id <= 3150878))

table 2 : explain SELECT c FROM sbtest2 WHERE id BETWEEN 3582303 AND 3592302
	Bitmap Heap Scan on sbtest2  (cost=305.99..35575.02 rows=10298 width=121)
	  Recheck Cond: ((id >= 3582303) AND (id <= 3592302))
	  ->  Bitmap Index Scan on sbtest2_pkey  (cost=0.00..303.42 rows=10298 width=0)
	        Index Cond: ((id >= 3582303) AND (id <= 3592302))

table 3 : explain SELECT c FROM sbtest3 WHERE id BETWEEN 6536408 AND 6546407
	Bitmap Heap Scan on sbtest3  (cost=286.35..34387.59 rows=9943 width=121)
	  Recheck Cond: ((id >= 6536408) AND (id <= 6546407))
	  ->  Bitmap Index Scan on sbtest3_pkey  (cost=0.00..283.87 rows=9943 width=0)
	        Index Cond: ((id >= 6536408) AND (id <= 6546407))

table 4 : explain SELECT c FROM sbtest4 WHERE id BETWEEN 1476273 AND 1486272
	Bitmap Heap Scan on sbtest4  (cost=295.71..34868.10 rows=10076 width=121)
	  Recheck Cond: ((id >= 1476273) AND (id <= 1486272))
	  ->  Bitmap Index Scan on sbtest4_pkey  (cost=0.00..293.19 rows=10076 width=0)
	        Index Cond: ((id >= 1476273) AND (id <= 1486272))

table 5 : explain SELECT c FROM sbtest5 WHERE id BETWEEN 8325022 AND 8335021
	Bitmap Heap Scan on sbtest5  (cost=289.83..34300.60 rows=9892 width=121)
	  Recheck Cond: ((id >= 8325022) AND (id <= 8335021))
	  ->  Bitmap Index Scan on sbtest5_pkey  (cost=0.00..287.36 rows=9892 width=0)
	        Index Cond: ((id >= 8325022) AND (id <= 8335021))

table 6 : explain SELECT c FROM sbtest6 WHERE id BETWEEN 8222889 AND 8232888
	Bitmap Heap Scan on sbtest6  (cost=296.03..34958.06 rows=10107 width=121)
	  Recheck Cond: ((id >= 8222889) AND (id <= 8232888))
	  ->  Bitmap Index Scan on sbtest6_pkey  (cost=0.00..293.50 rows=10107 width=0)
	        Index Cond: ((id >= 8222889) AND (id <= 8232888))

table 7 : explain SELECT c FROM sbtest7 WHERE id BETWEEN 9192858 AND 9202857
	Bitmap Heap Scan on sbtest7  (cost=287.15..33392.70 rows=9631 width=121)
	  Recheck Cond: ((id >= 9192858) AND (id <= 9202857))
	  ->  Bitmap Index Scan on sbtest7_pkey  (cost=0.00..284.75 rows=9631 width=0)
	        Index Cond: ((id >= 9192858) AND (id <= 9202857))

table 8 : explain SELECT c FROM sbtest8 WHERE id BETWEEN 3696801 AND 3706800
	Bitmap Heap Scan on sbtest8  (cost=311.54..36057.28 rows=10449 width=121)
	  Recheck Cond: ((id >= 3696801) AND (id <= 3706800))
	  ->  Bitmap Index Scan on sbtest8_pkey  (cost=0.00..308.93 rows=10449 width=0)
	        Index Cond: ((id >= 3696801) AND (id <= 3706800))

for: order_ranges
table 1 : explain SELECT c FROM sbtest1 WHERE id BETWEEN 8917625 AND 8927624 ORDER BY c
	Sort  (cost=33254.72..33278.11 rows=9356 width=121)
	  Sort Key: c
	  ->  Bitmap Heap Scan on sbtest1  (cost=272.33..32637.61 rows=9356 width=121)
	        Recheck Cond: ((id >= 8917625) AND (id <= 8927624))
	        ->  Bitmap Index Scan on sbtest1_pkey  (cost=0.00..270.00 rows=9356 width=0)
	              Index Cond: ((id >= 8917625) AND (id <= 8927624))

table 2 : explain SELECT c FROM sbtest2 WHERE id BETWEEN 305603 AND 315602 ORDER BY c
	Sort  (cost=35712.49..35737.81 rows=10128 width=121)
	  Sort Key: c
	  ->  Bitmap Heap Scan on sbtest2  (cost=300.25..35038.67 rows=10128 width=121)
	        Recheck Cond: ((id >= 305603) AND (id <= 315602))
	        ->  Bitmap Index Scan on sbtest2_pkey  (cost=0.00..297.71 rows=10128 width=0)
	              Index Cond: ((id >= 305603) AND (id <= 315602))

table 3 : explain SELECT c FROM sbtest3 WHERE id BETWEEN 4952960 AND 4962959 ORDER BY c
	Sort  (cost=38666.94..38694.63 rows=11077 width=121)
	  Sort Key: c
	  ->  Bitmap Heap Scan on sbtest3  (cost=317.97..37922.83 rows=11077 width=121)
	        Recheck Cond: ((id >= 4952960) AND (id <= 4962959))
	        ->  Bitmap Index Scan on sbtest3_pkey  (cost=0.00..315.20 rows=11077 width=0)
	              Index Cond: ((id >= 4952960) AND (id <= 4962959))

table 4 : explain SELECT c FROM sbtest4 WHERE id BETWEEN 1888227 AND 1898226 ORDER BY c
	Sort  (cost=34948.01..34972.75 rows=9893 width=121)
	  Sort Key: c
	  ->  Bitmap Heap Scan on sbtest4  (cost=289.84..34291.51 rows=9893 width=121)
	        Recheck Cond: ((id >= 1888227) AND (id <= 1898226))
	        ->  Bitmap Index Scan on sbtest4_pkey  (cost=0.00..287.37 rows=9893 width=0)
	              Index Cond: ((id >= 1888227) AND (id <= 1898226))

table 5 : explain SELECT c FROM sbtest5 WHERE id BETWEEN 6818018 AND 6828017 ORDER BY c
	Sort  (cost=35116.19..35141.05 rows=9942 width=121)
	  Sort Key: c
	  ->  Bitmap Heap Scan on sbtest5  (cost=290.34..34456.08 rows=9942 width=121)
	        Recheck Cond: ((id >= 6818018) AND (id <= 6828017))
	        ->  Bitmap Index Scan on sbtest5_pkey  (cost=0.00..287.86 rows=9942 width=0)
	              Index Cond: ((id >= 6818018) AND (id <= 6828017))

table 6 : explain SELECT c FROM sbtest6 WHERE id BETWEEN 9842514 AND 9852513 ORDER BY c
	Sort  (cost=36417.32..36443.20 rows=10351 width=121)
	  Sort Key: c
	  ->  Bitmap Heap Scan on sbtest6  (cost=306.53..35727.04 rows=10351 width=121)
	        Recheck Cond: ((id >= 9842514) AND (id <= 9852513))
	        ->  Bitmap Index Scan on sbtest6_pkey  (cost=0.00..303.94 rows=10351 width=0)
	              Index Cond: ((id >= 9842514) AND (id <= 9852513))

table 7 : explain SELECT c FROM sbtest7 WHERE id BETWEEN 9252984 AND 9262983 ORDER BY c
	Sort  (cost=33804.47..33828.37 rows=9561 width=121)
	  Sort Key: c
	  ->  Bitmap Heap Scan on sbtest7  (cost=286.44..33172.35 rows=9561 width=121)
	        Recheck Cond: ((id >= 9252984) AND (id <= 9262983))
	        ->  Bitmap Index Scan on sbtest7_pkey  (cost=0.00..284.05 rows=9561 width=0)
	              Index Cond: ((id >= 9252984) AND (id <= 9262983))

table 8 : explain SELECT c FROM sbtest8 WHERE id BETWEEN 2857604 AND 2867603 ORDER BY c
	Sort  (cost=35362.81..35387.85 rows=10016 width=121)
	  Sort Key: c
	  ->  Bitmap Heap Scan on sbtest8  (cost=299.10..34697.24 rows=10016 width=121)
	        Recheck Cond: ((id >= 2857604) AND (id <= 2867603))
	        ->  Bitmap Index Scan on sbtest8_pkey  (cost=0.00..296.59 rows=10016 width=0)
	              Index Cond: ((id >= 2857604) AND (id <= 2867603))

for: order_ranges
table 1 : explain SELECT c FROM sbtest1 WHERE id BETWEEN 3754876 AND 3764875 ORDER BY c
	Sort  (cost=34765.99..34790.54 rows=9820 width=121)
	  Sort Key: c
	  ->  Bitmap Heap Scan on sbtest1  (cost=285.09..34114.85 rows=9820 width=121)
	        Recheck Cond: ((id >= 3754876) AND (id <= 3764875))
	        ->  Bitmap Index Scan on sbtest1_pkey  (cost=0.00..282.63 rows=9820 width=0)
	              Index Cond: ((id >= 3754876) AND (id <= 3764875))

table 2 : explain SELECT c FROM sbtest2 WHERE id BETWEEN 360598 AND 370597 ORDER BY c
	Sort  (cost=35712.49..35737.81 rows=10128 width=121)
	  Sort Key: c
	  ->  Bitmap Heap Scan on sbtest2  (cost=300.25..35038.67 rows=10128 width=121)
	        Recheck Cond: ((id >= 360598) AND (id <= 370597))
	        ->  Bitmap Index Scan on sbtest2_pkey  (cost=0.00..297.71 rows=10128 width=0)
	              Index Cond: ((id >= 360598) AND (id <= 370597))

table 3 : explain SELECT c FROM sbtest3 WHERE id BETWEEN 8351389 AND 8361388 ORDER BY c
	Sort  (cost=35834.02..35859.49 rows=10188 width=121)
	  Sort Key: c
	  ->  Bitmap Heap Scan on sbtest3  (cost=292.86..35155.77 rows=10188 width=121)
	        Recheck Cond: ((id >= 8351389) AND (id <= 8361388))
	        ->  Bitmap Index Scan on sbtest3_pkey  (cost=0.00..290.31 rows=10188 width=0)
	              Index Cond: ((id >= 8351389) AND (id <= 8361388))

table 4 : explain SELECT c FROM sbtest4 WHERE id BETWEEN 6005888 AND 6015887 ORDER BY c
	Sort  (cost=37708.15..37735.03 rows=10752 width=121)
	  Sort Key: c
	  ->  Bitmap Heap Scan on sbtest4  (cost=314.64..36988.18 rows=10752 width=121)
	        Recheck Cond: ((id >= 6005888) AND (id <= 6015887))
	        ->  Bitmap Index Scan on sbtest4_pkey  (cost=0.00..311.95 rows=10752 width=0)
	              Index Cond: ((id >= 6005888) AND (id <= 6015887))

table 5 : explain SELECT c FROM sbtest5 WHERE id BETWEEN 9676956 AND 9686955 ORDER BY c
	Sort  (cost=35321.59..35346.60 rows=10006 width=121)
	  Sort Key: c
	  ->  Bitmap Heap Scan on sbtest5  (cost=291.00..34656.76 rows=10006 width=121)
	        Recheck Cond: ((id >= 9676956) AND (id <= 9686955))
	        ->  Bitmap Index Scan on sbtest5_pkey  (cost=0.00..288.50 rows=10006 width=0)
	              Index Cond: ((id >= 9676956) AND (id <= 9686955))

table 6 : explain SELECT c FROM sbtest6 WHERE id BETWEEN 8374780 AND 8384779 ORDER BY c
	Sort  (cost=36506.32..36532.26 rows=10379 width=121)
	  Sort Key: c
	  ->  Bitmap Heap Scan on sbtest6  (cost=306.82..35813.96 rows=10379 width=121)
	        Recheck Cond: ((id >= 8374780) AND (id <= 8384779))
	        ->  Bitmap Index Scan on sbtest6_pkey  (cost=0.00..304.23 rows=10379 width=0)
	              Index Cond: ((id >= 8374780) AND (id <= 8384779))

table 7 : explain SELECT c FROM sbtest7 WHERE id BETWEEN 3643477 AND 3653476 ORDER BY c
	Sort  (cost=37371.18..37397.86 rows=10672 width=121)
	  Sort Key: c
	  ->  Bitmap Heap Scan on sbtest7  (cost=317.82..36657.14 rows=10672 width=121)
	        Recheck Cond: ((id >= 3643477) AND (id <= 3653476))
	        ->  Bitmap Index Scan on sbtest7_pkey  (cost=0.00..315.16 rows=10672 width=0)
	              Index Cond: ((id >= 3643477) AND (id <= 3653476))

table 8 : explain SELECT c FROM sbtest8 WHERE id BETWEEN 2953105 AND 2963104 ORDER BY c
	Sort  (cost=33397.06..33420.59 rows=9410 width=121)
	  Sort Key: c
	  ->  Bitmap Heap Scan on sbtest8  (cost=280.89..32776.00 rows=9410 width=121)
	        Recheck Cond: ((id >= 2953105) AND (id <= 2963104))
	        ->  Bitmap Index Scan on sbtest8_pkey  (cost=0.00..278.54 rows=9410 width=0)
	              Index Cond: ((id >= 2953105) AND (id <= 2963104))

for: sum_ranges
table 1 : explain SELECT SUM(k) FROM sbtest1 WHERE id BETWEEN 4491733 AND 4501732
	Aggregate  (cost=34630.64..34630.65 rows=1 width=8)
	  ->  Bitmap Heap Scan on sbtest1  (cost=290.68..34605.71 rows=9975 width=4)
	        Recheck Cond: ((id >= 4491733) AND (id <= 4501732))
	        ->  Bitmap Index Scan on sbtest1_pkey  (cost=0.00..288.19 rows=9975 width=0)
	              Index Cond: ((id >= 4491733) AND (id <= 4501732))

table 2 : explain SELECT SUM(k) FROM sbtest2 WHERE id BETWEEN 4717981 AND 4727980
	Aggregate  (cost=32654.88..32654.89 rows=1 width=8)
	  ->  Bitmap Heap Scan on sbtest2  (cost=276.46..32631.46 rows=9368 width=4)
	        Recheck Cond: ((id >= 4717981) AND (id <= 4727980))
	        ->  Bitmap Index Scan on sbtest2_pkey  (cost=0.00..274.12 rows=9368 width=0)
	              Index Cond: ((id >= 4717981) AND (id <= 4727980))

table 3 : explain SELECT SUM(k) FROM sbtest3 WHERE id BETWEEN 6264585 AND 6274584
	Aggregate  (cost=31232.40..31232.41 rows=1 width=8)
	  ->  Bitmap Heap Scan on sbtest3  (cost=260.08..31210.05 rows=8941 width=4)
	        Recheck Cond: ((id >= 6264585) AND (id <= 6274584))
	        ->  Bitmap Index Scan on sbtest3_pkey  (cost=0.00..257.84 rows=8941 width=0)
	              Index Cond: ((id >= 6264585) AND (id <= 6274584))

table 4 : explain SELECT SUM(k) FROM sbtest4 WHERE id BETWEEN 2074803 AND 2084802
	Aggregate  (cost=34925.62..34925.63 rows=1 width=8)
	  ->  Bitmap Heap Scan on sbtest4  (cost=295.82..34900.41 rows=10086 width=4)
	        Recheck Cond: ((id >= 2074803) AND (id <= 2084802))
	        ->  Bitmap Index Scan on sbtest4_pkey  (cost=0.00..293.30 rows=10086 width=0)
	              Index Cond: ((id >= 2074803) AND (id <= 2084802))

table 5 : explain SELECT SUM(k) FROM sbtest5 WHERE id BETWEEN 1475840 AND 1485839
	Aggregate  (cost=35665.87..35665.88 rows=1 width=8)
	  ->  Bitmap Heap Scan on sbtest5  (cost=302.19..35640.07 rows=10318 width=4)
	        Recheck Cond: ((id >= 1475840) AND (id <= 1485839))
	        ->  Bitmap Index Scan on sbtest5_pkey  (cost=0.00..299.62 rows=10318 width=0)
	              Index Cond: ((id >= 1475840) AND (id <= 1485839))

table 6 : explain SELECT SUM(k) FROM sbtest6 WHERE id BETWEEN 6836262 AND 6846261
	Aggregate  (cost=35219.90..35219.91 rows=1 width=8)
	  ->  Bitmap Heap Scan on sbtest6  (cost=300.79..35194.45 rows=10181 width=4)
	        Recheck Cond: ((id >= 6836262) AND (id <= 6846261))
	        ->  Bitmap Index Scan on sbtest6_pkey  (cost=0.00..298.25 rows=10181 width=0)
	              Index Cond: ((id >= 6836262) AND (id <= 6846261))

table 7 : explain SELECT SUM(k) FROM sbtest7 WHERE id BETWEEN 1595452 AND 1605451
	Aggregate  (cost=37438.99..37439.00 rows=1 width=8)
	  ->  Bitmap Heap Scan on sbtest7  (cost=324.31..37411.71 rows=10915 width=4)
	        Recheck Cond: ((id >= 1595452) AND (id <= 1605451))
	        ->  Bitmap Index Scan on sbtest7_pkey  (cost=0.00..321.58 rows=10915 width=0)
	              Index Cond: ((id >= 1595452) AND (id <= 1605451))

table 8 : explain SELECT SUM(k) FROM sbtest8 WHERE id BETWEEN 223125 AND 233124
	Aggregate  (cost=38871.21..38871.22 rows=1 width=8)
	  ->  Bitmap Heap Scan on sbtest8  (cost=336.71..38842.85 rows=11344 width=4)
	        Recheck Cond: ((id >= 223125) AND (id <= 233124))
	        ->  Bitmap Index Scan on sbtest8_pkey  (cost=0.00..333.88 rows=11344 width=0)
	              Index Cond: ((id >= 223125) AND (id <= 233124))

for: sum_ranges
table 1 : explain SELECT SUM(k) FROM sbtest1 WHERE id BETWEEN 3432441 AND 3442440
	Aggregate  (cost=31164.37..31164.38 rows=1 width=8)
	  ->  Bitmap Heap Scan on sbtest1  (cost=259.55..31142.14 rows=8889 width=4)
	        Recheck Cond: ((id >= 3432441) AND (id <= 3442440))
	        ->  Bitmap Index Scan on sbtest1_pkey  (cost=0.00..257.32 rows=8889 width=0)
	              Index Cond: ((id >= 3432441) AND (id <= 3442440))

table 2 : explain SELECT SUM(k) FROM sbtest2 WHERE id BETWEEN 5334227 AND 5344226
	Aggregate  (cost=35387.01..35387.02 rows=1 width=8)
	  ->  Bitmap Heap Scan on sbtest2  (cost=301.30..35361.44 rows=10231 width=4)
	        Recheck Cond: ((id >= 5334227) AND (id <= 5344226))
	        ->  Bitmap Index Scan on sbtest2_pkey  (cost=0.00..298.75 rows=10231 width=0)
	              Index Cond: ((id >= 5334227) AND (id <= 5344226))

table 3 : explain SELECT SUM(k) FROM sbtest3 WHERE id BETWEEN 7752822 AND 7762821
	Aggregate  (cost=34962.05..34962.06 rows=1 width=8)
	  ->  Bitmap Heap Scan on sbtest3  (cost=292.14..34936.75 rows=10118 width=4)
	        Recheck Cond: ((id >= 7752822) AND (id <= 7762821))
	        ->  Bitmap Index Scan on sbtest3_pkey  (cost=0.00..289.62 rows=10118 width=0)
	              Index Cond: ((id >= 7752822) AND (id <= 7762821))

table 4 : explain SELECT SUM(k) FROM sbtest4 WHERE id BETWEEN 8336171 AND 8346170
	Aggregate  (cost=36673.99..36674.00 rows=1 width=8)
	  ->  Bitmap Heap Scan on sbtest4  (cost=309.54..36647.38 rows=10644 width=4)
	        Recheck Cond: ((id >= 8336171) AND (id <= 8346170))
	        ->  Bitmap Index Scan on sbtest4_pkey  (cost=0.00..306.88 rows=10644 width=0)
	              Index Cond: ((id >= 8336171) AND (id <= 8346170))

table 5 : explain SELECT SUM(k) FROM sbtest5 WHERE id BETWEEN 7707162 AND 7717161
	Aggregate  (cost=34812.02..34812.03 rows=1 width=8)
	  ->  Bitmap Heap Scan on sbtest5  (cost=295.41..34786.91 rows=10046 width=4)
	        Recheck Cond: ((id >= 7707162) AND (id <= 7717161))
	        ->  Bitmap Index Scan on sbtest5_pkey  (cost=0.00..292.90 rows=10046 width=0)
	              Index Cond: ((id >= 7707162) AND (id <= 7717161))

table 6 : explain SELECT SUM(k) FROM sbtest6 WHERE id BETWEEN 6448785 AND 6458784
	Aggregate  (cost=33471.45..33471.46 rows=1 width=8)
	  ->  Bitmap Heap Scan on sbtest6  (cost=283.12..33447.38 rows=9628 width=4)
	        Recheck Cond: ((id >= 6448785) AND (id <= 6458784))
	        ->  Bitmap Index Scan on sbtest6_pkey  (cost=0.00..280.71 rows=9628 width=0)
	              Index Cond: ((id >= 6448785) AND (id <= 6458784))

table 7 : explain SELECT SUM(k) FROM sbtest7 WHERE id BETWEEN 2396197 AND 2406196
	Aggregate  (cost=29848.03..29848.04 rows=1 width=8)
	  ->  Bitmap Heap Scan on sbtest7  (cost=255.68..29826.75 rows=8512 width=4)
	        Recheck Cond: ((id >= 2396197) AND (id <= 2406196))
	        ->  Bitmap Index Scan on sbtest7_pkey  (cost=0.00..253.56 rows=8512 width=0)
	              Index Cond: ((id >= 2396197) AND (id <= 2406196))

table 8 : explain SELECT SUM(k) FROM sbtest8 WHERE id BETWEEN 6039336 AND 6049335
	Aggregate  (cost=31935.59..31935.60 rows=1 width=8)
	  ->  Bitmap Heap Scan on sbtest8  (cost=270.13..31912.74 rows=9141 width=4)
	        Recheck Cond: ((id >= 6039336) AND (id <= 6049335))
	        ->  Bitmap Index Scan on sbtest8_pkey  (cost=0.00..267.84 rows=9141 width=0)
	              Index Cond: ((id >= 6039336) AND (id <= 6049335))
for point_selects
table 1 : explain SELECT c FROM sbtest1 WHERE id=3965167
	Index Scan using sbtest1_pkey on sbtest1  (cost=0.43..8.45 rows=1 width=121)
	  Index Cond: (id = 3965167)

table 2 : explain SELECT c FROM sbtest2 WHERE id=7012272
	Index Scan using sbtest2_pkey on sbtest2  (cost=0.43..8.45 rows=1 width=121)
	  Index Cond: (id = 7012272)

table 3 : explain SELECT c FROM sbtest3 WHERE id=9336391
	Index Scan using sbtest3_pkey on sbtest3  (cost=0.43..8.45 rows=1 width=121)
	  Index Cond: (id = 9336391)

table 4 : explain SELECT c FROM sbtest4 WHERE id=8901874
	Index Scan using sbtest4_pkey on sbtest4  (cost=0.43..8.45 rows=1 width=121)
	  Index Cond: (id = 8901874)

table 5 : explain SELECT c FROM sbtest5 WHERE id=3208340
	Index Scan using sbtest5_pkey on sbtest5  (cost=0.43..8.45 rows=1 width=121)
	  Index Cond: (id = 3208340)

table 6 : explain SELECT c FROM sbtest6 WHERE id=476791
	Index Scan using sbtest6_pkey on sbtest6  (cost=0.43..8.45 rows=1 width=121)
	  Index Cond: (id = 476791)

table 7 : explain SELECT c FROM sbtest7 WHERE id=2657445
	Index Scan using sbtest7_pkey on sbtest7  (cost=0.43..8.45 rows=1 width=121)
	  Index Cond: (id = 2657445)

table 8 : explain SELECT c FROM sbtest8 WHERE id=1414626
	Index Scan using sbtest8_pkey on sbtest8  (cost=0.43..8.45 rows=1 width=121)
	  Index Cond: (id = 1414626)


for point_selects
table 1 : explain SELECT c FROM sbtest1 WHERE id=3612800
	Index Scan using sbtest1_pkey on sbtest1  (cost=0.43..8.45 rows=1 width=121)
	  Index Cond: (id = 3612800)

table 2 : explain SELECT c FROM sbtest2 WHERE id=8690845
	Index Scan using sbtest2_pkey on sbtest2  (cost=0.43..8.45 rows=1 width=121)
	  Index Cond: (id = 8690845)

table 3 : explain SELECT c FROM sbtest3 WHERE id=1443190
	Index Scan using sbtest3_pkey on sbtest3  (cost=0.43..8.45 rows=1 width=121)
	  Index Cond: (id = 1443190)

table 4 : explain SELECT c FROM sbtest4 WHERE id=7093633
	Index Scan using sbtest4_pkey on sbtest4  (cost=0.43..8.45 rows=1 width=121)
	  Index Cond: (id = 7093633)

table 5 : explain SELECT c FROM sbtest5 WHERE id=2005506
	Index Scan using sbtest5_pkey on sbtest5  (cost=0.43..8.45 rows=1 width=121)
	  Index Cond: (id = 2005506)

table 6 : explain SELECT c FROM sbtest6 WHERE id=6607219
	Index Scan using sbtest6_pkey on sbtest6  (cost=0.43..8.45 rows=1 width=121)
	  Index Cond: (id = 6607219)

table 7 : explain SELECT c FROM sbtest7 WHERE id=6017632
	Index Scan using sbtest7_pkey on sbtest7  (cost=0.43..8.45 rows=1 width=121)
	  Index Cond: (id = 6017632)

table 8 : explain SELECT c FROM sbtest8 WHERE id=5659863
	Index Scan using sbtest8_pkey on sbtest8  (cost=0.43..8.45 rows=1 width=121)
	  Index Cond: (id = 5659863)

for: distinct_ranges
table 1 : explain SELECT DISTINCT c FROM sbtest1 WHERE id BETWEEN 125758 AND 135757 ORDER BY c
	Unique  (cost=35941.78..35992.70 rows=10183 width=121)
	  ->  Sort  (cost=35941.78..35967.24 rows=10183 width=121)
	        Sort Key: c
	        ->  Bitmap Heap Scan on sbtest1  (cost=296.81..35263.90 rows=10183 width=121)
	              Recheck Cond: ((id >= 125758) AND (id <= 135757))
	              ->  Bitmap Index Scan on sbtest1_pkey  (cost=0.00..294.26 rows=10183 width=0)
	                    Index Cond: ((id >= 125758) AND (id <= 135757))

table 2 : explain SELECT DISTINCT c FROM sbtest2 WHERE id BETWEEN 3169370 AND 3179369 ORDER BY c
	Unique  (cost=34694.39..34743.45 rows=9813 width=121)
	  ->  Sort  (cost=34694.39..34718.92 rows=9813 width=121)
	        Sort Key: c
	        ->  Bitmap Heap Scan on sbtest2  (cost=289.02..34043.76 rows=9813 width=121)
	              Recheck Cond: ((id >= 3169370) AND (id <= 3179369))
	              ->  Bitmap Index Scan on sbtest2_pkey  (cost=0.00..286.56 rows=9813 width=0)
	                    Index Cond: ((id >= 3169370) AND (id <= 3179369))

table 3 : explain SELECT DISTINCT c FROM sbtest3 WHERE id BETWEEN 6911314 AND 6921313 ORDER BY c
	Unique  (cost=37498.91..37552.45 rows=10708 width=121)
	  ->  Sort  (cost=37498.91..37525.68 rows=10708 width=121)
	        Sort Key: c
	        ->  Bitmap Heap Scan on sbtest3  (cost=310.19..36782.20 rows=10708 width=121)
	              Recheck Cond: ((id >= 6911314) AND (id <= 6921313))
	              ->  Bitmap Index Scan on sbtest3_pkey  (cost=0.00..307.51 rows=10708 width=0)
	                    Index Cond: ((id >= 6911314) AND (id <= 6921313))

table 4 : explain SELECT DISTINCT c FROM sbtest4 WHERE id BETWEEN 460070 AND 470069 ORDER BY c
	Unique  (cost=36928.45..36980.99 rows=10508 width=121)
	  ->  Sort  (cost=36928.45..36954.72 rows=10508 width=121)
	        Sort Key: c
	        ->  Bitmap Heap Scan on sbtest4  (cost=308.14..36226.56 rows=10508 width=121)
	              Recheck Cond: ((id >= 460070) AND (id <= 470069))
	              ->  Bitmap Index Scan on sbtest4_pkey  (cost=0.00..305.51 rows=10508 width=0)
	                    Index Cond: ((id >= 460070) AND (id <= 470069))

table 5 : explain SELECT DISTINCT c FROM sbtest5 WHERE id BETWEEN 609100 AND 619099 ORDER BY c
	Unique  (cost=35248.69..35298.61 rows=9983 width=121)
	  ->  Sort  (cost=35248.69..35273.65 rows=9983 width=121)
	        Sort Key: c
	        ->  Bitmap Heap Scan on sbtest5  (cost=290.76..34585.56 rows=9983 width=121)
	              Recheck Cond: ((id >= 609100) AND (id <= 619099))
	              ->  Bitmap Index Scan on sbtest5_pkey  (cost=0.00..288.26 rows=9983 width=0)
	                    Index Cond: ((id >= 609100) AND (id <= 619099))

table 6 : explain SELECT DISTINCT c FROM sbtest6 WHERE id BETWEEN 2441952 AND 2451951 ORDER BY c
	Unique  (cost=31863.44..31908.17 rows=8947 width=121)
	  ->  Sort  (cost=31863.44..31885.80 rows=8947 width=121)
	        Sort Key: c
	        ->  Bitmap Heap Scan on sbtest6  (cost=264.14..31276.19 rows=8947 width=121)
	              Recheck Cond: ((id >= 2441952) AND (id <= 2451951))
	              ->  Bitmap Index Scan on sbtest6_pkey  (cost=0.00..261.91 rows=8947 width=0)
	                    Index Cond: ((id >= 2441952) AND (id <= 2451951))

table 7 : explain SELECT DISTINCT c FROM sbtest7 WHERE id BETWEEN 965388 AND 975387 ORDER BY c
	Unique  (cost=35492.62..35543.05 rows=10085 width=121)
	  ->  Sort  (cost=35492.62..35517.83 rows=10085 width=121)
	        Sort Key: c
	        ->  Bitmap Heap Scan on sbtest7  (cost=299.81..34821.97 rows=10085 width=121)
	              Recheck Cond: ((id >= 965388) AND (id <= 975387))
	              ->  Bitmap Index Scan on sbtest7_pkey  (cost=0.00..297.29 rows=10085 width=0)
	                    Index Cond: ((id >= 965388) AND (id <= 975387))

table 8 : explain SELECT DISTINCT c FROM sbtest8 WHERE id BETWEEN 1294253 AND 1304252 ORDER BY c
	Unique  (cost=35786.30..35837.04 rows=10148 width=121)
	  ->  Sort  (cost=35786.30..35811.67 rows=10148 width=121)
	        Sort Key: c
	        ->  Bitmap Heap Scan on sbtest8  (cost=300.45..35111.01 rows=10148 width=121)
	              Recheck Cond: ((id >= 1294253) AND (id <= 1304252))
	              ->  Bitmap Index Scan on sbtest8_pkey  (cost=0.00..297.92 rows=10148 width=0)
	                    Index Cond: ((id >= 1294253) AND (id <= 1304252))

for: distinct_ranges
table 1 : explain SELECT DISTINCT c FROM sbtest1 WHERE id BETWEEN 9038872 AND 9048871 ORDER BY c
	Unique  (cost=35062.42..35111.97 rows=9911 width=121)
	  ->  Sort  (cost=35062.42..35087.19 rows=9911 width=121)
	        Sort Key: c
	        ->  Bitmap Heap Scan on sbtest1  (cost=290.02..34404.58 rows=9911 width=121)
	              Recheck Cond: ((id >= 9038872) AND (id <= 9048871))
	              ->  Bitmap Index Scan on sbtest1_pkey  (cost=0.00..287.55 rows=9911 width=0)
	                    Index Cond: ((id >= 9038872) AND (id <= 9048871))

table 2 : explain SELECT DISTINCT c FROM sbtest2 WHERE id BETWEEN 1248692 AND 1258691 ORDER BY c
	Unique  (cost=36578.03..36630.02 rows=10398 width=121)
	  ->  Sort  (cost=36578.03..36604.02 rows=10398 width=121)
	        Sort Key: c
	        ->  Bitmap Heap Scan on sbtest2  (cost=307.01..35884.27 rows=10398 width=121)
	              Recheck Cond: ((id >= 1248692) AND (id <= 1258691))
	              ->  Bitmap Index Scan on sbtest2_pkey  (cost=0.00..304.42 rows=10398 width=0)
	                    Index Cond: ((id >= 1248692) AND (id <= 1258691))

table 3 : explain SELECT DISTINCT c FROM sbtest3 WHERE id BETWEEN 3409459 AND 3419458 ORDER BY c
	Unique  (cost=32759.03..32805.21 rows=9236 width=121)
	  ->  Sort  (cost=32759.03..32782.12 rows=9236 width=121)
	        Sort Key: c
	        ->  Bitmap Heap Scan on sbtest3  (cost=267.10..32150.70 rows=9236 width=121)
	              Recheck Cond: ((id >= 3409459) AND (id <= 3419458))
	              ->  Bitmap Index Scan on sbtest3_pkey  (cost=0.00..264.80 rows=9236 width=0)
	                    Index Cond: ((id >= 3409459) AND (id <= 3419458))

table 4 : explain SELECT DISTINCT c FROM sbtest4 WHERE id BETWEEN 6786881 AND 6796880 ORDER BY c
	Unique  (cost=35729.77..35780.45 rows=10135 width=121)
	  ->  Sort  (cost=35729.77..35755.11 rows=10135 width=121)
	        Sort Key: c
	        ->  Bitmap Heap Scan on sbtest4  (cost=296.32..35055.44 rows=10135 width=121)
	              Recheck Cond: ((id >= 6786881) AND (id <= 6796880))
	              ->  Bitmap Index Scan on sbtest4_pkey  (cost=0.00..293.79 rows=10135 width=0)
	                    Index Cond: ((id >= 6786881) AND (id <= 6796880))

table 5 : explain SELECT DISTINCT c FROM sbtest5 WHERE id BETWEEN 9648561 AND 9658560 ORDER BY c
	Unique  (cost=35864.82..35915.69 rows=10174 width=121)
	  ->  Sort  (cost=35864.82..35890.26 rows=10174 width=121)
	        Sort Key: c
	        ->  Bitmap Heap Scan on sbtest5  (cost=296.72..35187.61 rows=10174 width=121)
	              Recheck Cond: ((id >= 9648561) AND (id <= 9658560))
	              ->  Bitmap Index Scan on sbtest5_pkey  (cost=0.00..294.18 rows=10174 width=0)
	                    Index Cond: ((id >= 9648561) AND (id <= 9658560))

table 6 : explain SELECT DISTINCT c FROM sbtest6 WHERE id BETWEEN 6378959 AND 6388958 ORDER BY c
	Unique  (cost=39129.87..39185.88 rows=11201 width=121)
	  ->  Sort  (cost=39129.87..39157.88 rows=11201 width=121)
	        Sort Key: c
	        ->  Bitmap Heap Scan on sbtest6  (cost=331.25..38376.53 rows=11201 width=121)
	              Recheck Cond: ((id >= 6378959) AND (id <= 6388958))
	              ->  Bitmap Index Scan on sbtest6_pkey  (cost=0.00..328.44 rows=11201 width=0)
	                    Index Cond: ((id >= 6378959) AND (id <= 6388958))

table 7 : explain SELECT DISTINCT c FROM sbtest7 WHERE id BETWEEN 6353203 AND 6363202 ORDER BY c
	Unique  (cost=32479.49..32525.26 rows=9153 width=121)
	  ->  Sort  (cost=32479.49..32502.38 rows=9153 width=121)
	        Sort Key: c
	        ->  Bitmap Heap Scan on sbtest7  (cost=274.25..31877.22 rows=9153 width=121)
	              Recheck Cond: ((id >= 6353203) AND (id <= 6363202))
	              ->  Bitmap Index Scan on sbtest7_pkey  (cost=0.00..271.96 rows=9153 width=0)
	                    Index Cond: ((id >= 6353203) AND (id <= 6363202))

table 8 : explain SELECT DISTINCT c FROM sbtest8 WHERE id BETWEEN 8116291 AND 8126290 ORDER BY c
	Unique  (cost=37149.93..37202.79 rows=10573 width=121)
	  ->  Sort  (cost=37149.93..37176.36 rows=10573 width=121)
	        Sort Key: c
	        ->  Bitmap Heap Scan on sbtest8  (cost=312.81..36443.22 rows=10573 width=121)
	              Recheck Cond: ((id >= 8116291) AND (id <= 8126290))
	              ->  Bitmap Index Scan on sbtest8_pkey  (cost=0.00..310.17 rows=10573 width=0)
	                    Index Cond: ((id >= 8116291) AND (id <= 8126290))

for: sum_ranges
table 1 : explain SELECT SUM(k) FROM sbtest1 WHERE id BETWEEN 5321569 AND 5331568
	Aggregate  (cost=35610.42..35610.43 rows=1 width=8)
	  ->  Bitmap Heap Scan on sbtest1  (cost=301.85..35584.71 rows=10284 width=4)
	        Recheck Cond: ((id >= 5321569) AND (id <= 5331568))
	        ->  Bitmap Index Scan on sbtest1_pkey  (cost=0.00..299.28 rows=10284 width=0)
	              Index Cond: ((id >= 5321569) AND (id <= 5331568))

table 2 : explain SELECT SUM(k) FROM sbtest2 WHERE id BETWEEN 5299551 AND 5309550
	Aggregate  (cost=36171.09..36171.10 rows=1 width=8)
	  ->  Bitmap Heap Scan on sbtest2  (cost=307.87..36144.89 rows=10481 width=4)
	        Recheck Cond: ((id >= 5299551) AND (id <= 5309550))
	        ->  Bitmap Index Scan on sbtest2_pkey  (cost=0.00..305.25 rows=10481 width=0)
	              Index Cond: ((id >= 5299551) AND (id <= 5309550))

table 3 : explain SELECT SUM(k) FROM sbtest3 WHERE id BETWEEN 5263081 AND 5273080
	Aggregate  (cost=36048.15..36048.16 rows=1 width=8)
	  ->  Bitmap Heap Scan on sbtest3  (cost=303.69..36021.99 rows=10464 width=4)
	        Recheck Cond: ((id >= 5263081) AND (id <= 5273080))
	        ->  Bitmap Index Scan on sbtest3_pkey  (cost=0.00..301.07 rows=10464 width=0)
	              Index Cond: ((id >= 5263081) AND (id <= 5273080))

table 4 : explain SELECT SUM(k) FROM sbtest4 WHERE id BETWEEN 7414562 AND 7424561
	Aggregate  (cost=35232.63..35232.64 rows=1 width=8)
	  ->  Bitmap Heap Scan on sbtest4  (cost=296.82..35207.17 rows=10184 width=4)
	        Recheck Cond: ((id >= 7414562) AND (id <= 7424561))
	        ->  Bitmap Index Scan on sbtest4_pkey  (cost=0.00..294.28 rows=10184 width=0)
	              Index Cond: ((id >= 7414562) AND (id <= 7424561))

table 5 : explain SELECT SUM(k) FROM sbtest5 WHERE id BETWEEN 3018570 AND 3028569
	Aggregate  (cost=31757.96..31757.97 rows=1 width=8)
	  ->  Bitmap Heap Scan on sbtest5  (cost=265.57..31735.24 rows=9086 width=4)
	        Recheck Cond: ((id >= 3018570) AND (id <= 3028569))
	        ->  Bitmap Index Scan on sbtest5_pkey  (cost=0.00..263.30 rows=9086 width=0)
	              Index Cond: ((id >= 3018570) AND (id <= 3028569))

table 6 : explain SELECT SUM(k) FROM sbtest6 WHERE id BETWEEN 3690123 AND 3700122
	Aggregate  (cost=34886.36..34886.37 rows=1 width=8)
	  ->  Bitmap Heap Scan on sbtest6  (cost=295.71..34861.17 rows=10076 width=4)
	        Recheck Cond: ((id >= 3690123) AND (id <= 3700122))
	        ->  Bitmap Index Scan on sbtest6_pkey  (cost=0.00..293.19 rows=10076 width=0)
	              Index Cond: ((id >= 3690123) AND (id <= 3700122))

table 7 : explain SELECT SUM(k) FROM sbtest7 WHERE id BETWEEN 4290809 AND 4300808
	Aggregate  (cost=32991.00..32991.01 rows=1 width=8)
	  ->  Bitmap Heap Scan on sbtest7  (cost=281.78..32967.26 rows=9497 width=4)
	        Recheck Cond: ((id >= 4290809) AND (id <= 4300808))
	        ->  Bitmap Index Scan on sbtest7_pkey  (cost=0.00..279.41 rows=9497 width=0)
	              Index Cond: ((id >= 4290809) AND (id <= 4300808))

table 8 : explain SELECT SUM(k) FROM sbtest8 WHERE id BETWEEN 2850264 AND 2860263
	Aggregate  (cost=34722.28..34722.29 rows=1 width=8)
	  ->  Bitmap Heap Scan on sbtest8  (cost=299.10..34697.24 rows=10016 width=4)
	        Recheck Cond: ((id >= 2850264) AND (id <= 2860263))
	        ->  Bitmap Index Scan on sbtest8_pkey  (cost=0.00..296.59 rows=10016 width=0)
	              Index Cond: ((id >= 2850264) AND (id <= 2860263))

for point_selects
table 1 : explain SELECT c FROM sbtest1 WHERE id=622686
	Index Scan using sbtest1_pkey on sbtest1  (cost=0.43..8.45 rows=1 width=121)
	  Index Cond: (id = 622686)

table 2 : explain SELECT c FROM sbtest2 WHERE id=144432
	Index Scan using sbtest2_pkey on sbtest2  (cost=0.43..8.45 rows=1 width=121)
	  Index Cond: (id = 144432)

table 3 : explain SELECT c FROM sbtest3 WHERE id=8595512
	Index Scan using sbtest3_pkey on sbtest3  (cost=0.43..8.45 rows=1 width=121)
	  Index Cond: (id = 8595512)

table 4 : explain SELECT c FROM sbtest4 WHERE id=1423822
	Index Scan using sbtest4_pkey on sbtest4  (cost=0.43..8.45 rows=1 width=121)
	  Index Cond: (id = 1423822)

table 5 : explain SELECT c FROM sbtest5 WHERE id=4624632
	Index Scan using sbtest5_pkey on sbtest5  (cost=0.43..8.45 rows=1 width=121)
	  Index Cond: (id = 4624632)

table 6 : explain SELECT c FROM sbtest6 WHERE id=5693210
	Index Scan using sbtest6_pkey on sbtest6  (cost=0.43..8.45 rows=1 width=121)
	  Index Cond: (id = 5693210)

table 7 : explain SELECT c FROM sbtest7 WHERE id=3045415
	Index Scan using sbtest7_pkey on sbtest7  (cost=0.43..8.45 rows=1 width=121)
	  Index Cond: (id = 3045415)

table 8 : explain SELECT c FROM sbtest8 WHERE id=6873018
	Index Scan using sbtest8_pkey on sbtest8  (cost=0.43..8.45 rows=1 width=121)
	  Index Cond: (id = 6873018)

for: simple_ranges
table 1 : explain SELECT c FROM sbtest1 WHERE id BETWEEN 5316554 AND 5326553
	Bitmap Heap Scan on sbtest1  (cost=301.85..35584.71 rows=10284 width=121)
	  Recheck Cond: ((id >= 5316554) AND (id <= 5326553))
	  ->  Bitmap Index Scan on sbtest1_pkey  (cost=0.00..299.28 rows=10284 width=0)
	        Index Cond: ((id >= 5316554) AND (id <= 5326553))

table 2 : explain SELECT c FROM sbtest2 WHERE id BETWEEN 6101688 AND 6111687
	Bitmap Heap Scan on sbtest2  (cost=312.92..36467.12 rows=10584 width=121)
	  Recheck Cond: ((id >= 6101688) AND (id <= 6111687))
	  ->  Bitmap Index Scan on sbtest2_pkey  (cost=0.00..310.28 rows=10584 width=0)
	        Index Cond: ((id >= 6101688) AND (id <= 6111687))

table 3 : explain SELECT c FROM sbtest3 WHERE id BETWEEN 5940741 AND 5950740
	Bitmap Heap Scan on sbtest3  (cost=299.64..36001.95 rows=10459 width=121)
	  Recheck Cond: ((id >= 5940741) AND (id <= 5950740))
	  ->  Bitmap Index Scan on sbtest3_pkey  (cost=0.00..297.03 rows=10459 width=0)
	        Index Cond: ((id >= 5940741) AND (id <= 5950740))

table 4 : explain SELECT c FROM sbtest4 WHERE id BETWEEN 3593335 AND 3603334
	Bitmap Heap Scan on sbtest4  (cost=277.75..33027.16 rows=9494 width=121)
	  Recheck Cond: ((id >= 3593335) AND (id <= 3603334))
	  ->  Bitmap Index Scan on sbtest4_pkey  (cost=0.00..275.38 rows=9494 width=0)
	        Index Cond: ((id >= 3593335) AND (id <= 3603334))

table 5 : explain SELECT c FROM sbtest5 WHERE id BETWEEN 8710105 AND 8720104
	Bitmap Heap Scan on sbtest5  (cost=321.73..37934.12 rows=11053 width=121)
	  Recheck Cond: ((id >= 8710105) AND (id <= 8720104))
	  ->  Bitmap Index Scan on sbtest5_pkey  (cost=0.00..318.96 rows=11053 width=0)
	        Index Cond: ((id >= 8710105) AND (id <= 8720104))

table 6 : explain SELECT c FROM sbtest6 WHERE id BETWEEN 3955626 AND 3965625
	Bitmap Heap Scan on sbtest6  (cost=313.08..36505.87 rows=10600 width=121)
	  Recheck Cond: ((id >= 3955626) AND (id <= 3965625))
	  ->  Bitmap Index Scan on sbtest6_pkey  (cost=0.00..310.44 rows=10600 width=0)
	        Index Cond: ((id >= 3955626) AND (id <= 3965625))

table 7 : explain SELECT c FROM sbtest7 WHERE id BETWEEN 6665285 AND 6675284
	Bitmap Heap Scan on sbtest7  (cost=298.96..34564.14 rows=10002 width=121)
	  Recheck Cond: ((id >= 6665285) AND (id <= 6675284))
	  ->  Bitmap Index Scan on sbtest7_pkey  (cost=0.00..296.45 rows=10002 width=0)
	        Index Cond: ((id >= 6665285) AND (id <= 6675284))

table 8 : explain SELECT c FROM sbtest8 WHERE id BETWEEN 931799 AND 941798
	Bitmap Heap Scan on sbtest8  (cost=306.19..35644.21 rows=10318 width=121)
	  Recheck Cond: ((id >= 931799) AND (id <= 941798))
	  ->  Bitmap Index Scan on sbtest8_pkey  (cost=0.00..303.62 rows=10318 width=0)
	        Index Cond: ((id >= 931799) AND (id <= 941798))

for: sum_ranges
table 1 : explain SELECT SUM(k) FROM sbtest1 WHERE id BETWEEN 6687926 AND 6697925
	Aggregate  (cost=34214.92..34214.93 rows=1 width=8)
	  ->  Bitmap Heap Scan on sbtest1  (cost=289.33..34190.32 rows=9843 width=4)
	        Recheck Cond: ((id >= 6687926) AND (id <= 6697925))
	        ->  Bitmap Index Scan on sbtest1_pkey  (cost=0.00..286.87 rows=9843 width=0)
	              Index Cond: ((id >= 6687926) AND (id <= 6697925))

table 2 : explain SELECT SUM(k) FROM sbtest2 WHERE id BETWEEN 3219871 AND 3229870
	Aggregate  (cost=34347.94..34347.95 rows=1 width=8)
	  ->  Bitmap Heap Scan on sbtest2  (cost=293.92..34323.18 rows=9901 width=4)
	        Recheck Cond: ((id >= 3219871) AND (id <= 3229870))
	        ->  Bitmap Index Scan on sbtest2_pkey  (cost=0.00..291.44 rows=9901 width=0)
	              Index Cond: ((id >= 3219871) AND (id <= 3229870))

table 3 : explain SELECT SUM(k) FROM sbtest3 WHERE id BETWEEN 8754388 AND 8764387
	Aggregate  (cost=33365.70..33365.71 rows=1 width=8)
	  ->  Bitmap Heap Scan on sbtest3  (cost=278.95..33341.68 rows=9611 width=4)
	        Recheck Cond: ((id >= 8754388) AND (id <= 8764387))
	        ->  Bitmap Index Scan on sbtest3_pkey  (cost=0.00..276.55 rows=9611 width=0)
	              Index Cond: ((id >= 8754388) AND (id <= 8764387))

table 4 : explain SELECT SUM(k) FROM sbtest4 WHERE id BETWEEN 4577526 AND 4587525
	Aggregate  (cost=31651.72..31651.73 rows=1 width=8)
	  ->  Bitmap Heap Scan on sbtest4  (cost=265.26..31629.08 rows=9056 width=4)
	        Recheck Cond: ((id >= 4577526) AND (id <= 4587525))
	        ->  Bitmap Index Scan on sbtest4_pkey  (cost=0.00..263.00 rows=9056 width=0)
	              Index Cond: ((id >= 4577526) AND (id <= 4587525))

table 5 : explain SELECT SUM(k) FROM sbtest5 WHERE id BETWEEN 1562817 AND 1572816
	Aggregate  (cost=34049.59..34049.60 rows=1 width=8)
	  ->  Bitmap Heap Scan on sbtest5  (cost=288.94..34025.07 rows=9805 width=4)
	        Recheck Cond: ((id >= 1562817) AND (id <= 1572816))
	        ->  Bitmap Index Scan on sbtest5_pkey  (cost=0.00..286.49 rows=9805 width=0)
	              Index Cond: ((id >= 1562817) AND (id <= 1572816))

table 6 : explain SELECT SUM(k) FROM sbtest6 WHERE id BETWEEN 20759 AND 30758
	Aggregate  (cost=34345.90..34345.91 rows=1 width=8)
	  ->  Bitmap Heap Scan on sbtest6  (cost=293.95..34321.14 rows=9904 width=4)
	        Recheck Cond: ((id >= 20759) AND (id <= 30758))
	        ->  Bitmap Index Scan on sbtest6_pkey  (cost=0.00..291.48 rows=9904 width=0)
	              Index Cond: ((id >= 20759) AND (id <= 30758))

table 7 : explain SELECT SUM(k) FROM sbtest7 WHERE id BETWEEN 5248863 AND 5258862
	Aggregate  (cost=32578.27..32578.28 rows=1 width=8)
	  ->  Bitmap Heap Scan on sbtest7  (cost=280.44..32554.85 rows=9366 width=4)
	        Recheck Cond: ((id >= 5248863) AND (id <= 5258862))
	        ->  Bitmap Index Scan on sbtest7_pkey  (cost=0.00..278.09 rows=9366 width=0)
	              Index Cond: ((id >= 5248863) AND (id <= 5258862))

table 8 : explain SELECT SUM(k) FROM sbtest8 WHERE id BETWEEN 6987043 AND 6997042
	Aggregate  (cost=33802.89..33802.90 rows=1 width=8)
	  ->  Bitmap Heap Scan on sbtest8  (cost=288.13..33778.58 rows=9726 width=4)
	        Recheck Cond: ((id >= 6987043) AND (id <= 6997042))
	        ->  Bitmap Index Scan on sbtest8_pkey  (cost=0.00..285.69 rows=9726 width=0)
	              Index Cond: ((id >= 6987043) AND (id <= 6997042))

for: simple_ranges
table 1 : explain SELECT c FROM sbtest1 WHERE id BETWEEN 7634543 AND 7644542
	Bitmap Heap Scan on sbtest1  (cost=301.94..35613.78 rows=10293 width=121)
	  Recheck Cond: ((id >= 7634543) AND (id <= 7644542))
	  ->  Bitmap Index Scan on sbtest1_pkey  (cost=0.00..299.37 rows=10293 width=0)
	        Index Cond: ((id >= 7634543) AND (id <= 7644542))

table 2 : explain SELECT c FROM sbtest2 WHERE id BETWEEN 9340498 AND 9350497
	Bitmap Heap Scan on sbtest2  (cost=295.17..34705.05 rows=10023 width=121)
	  Recheck Cond: ((id >= 9340498) AND (id <= 9350497))
	  ->  Bitmap Index Scan on sbtest2_pkey  (cost=0.00..292.67 rows=10023 width=0)
	        Index Cond: ((id >= 9340498) AND (id <= 9350497))

table 3 : explain SELECT c FROM sbtest3 WHERE id BETWEEN 8966008 AND 8976007
	Bitmap Heap Scan on sbtest3  (cost=291.25..34665.93 rows=10031 width=121)
	  Recheck Cond: ((id >= 8966008) AND (id <= 8976007))
	  ->  Bitmap Index Scan on sbtest3_pkey  (cost=0.00..288.75 rows=10031 width=0)
	        Index Cond: ((id >= 8966008) AND (id <= 8976007))

table 4 : explain SELECT c FROM sbtest4 WHERE id BETWEEN 7386693 AND 7396692
	Bitmap Heap Scan on sbtest4  (cost=308.24..36255.51 rows=10518 width=121)
	  Recheck Cond: ((id >= 7386693) AND (id <= 7396692))
	  ->  Bitmap Index Scan on sbtest4_pkey  (cost=0.00..305.62 rows=10518 width=0)
	        Index Cond: ((id >= 7386693) AND (id <= 7396692))

table 5 : explain SELECT c FROM sbtest5 WHERE id BETWEEN 924644 AND 934643
	Bitmap Heap Scan on sbtest5  (cost=297.10..35303.82 rows=10211 width=121)
	  Recheck Cond: ((id >= 924644) AND (id <= 934643))
	  ->  Bitmap Index Scan on sbtest5_pkey  (cost=0.00..294.55 rows=10211 width=0)
	        Index Cond: ((id >= 924644) AND (id <= 934643))

table 6 : explain SELECT c FROM sbtest6 WHERE id BETWEEN 8359849 AND 8369848
	Bitmap Heap Scan on sbtest6  (cost=306.82..35813.96 rows=10379 width=121)
	  Recheck Cond: ((id >= 8359849) AND (id <= 8369848))
	  ->  Bitmap Index Scan on sbtest6_pkey  (cost=0.00..304.23 rows=10379 width=0)
	        Index Cond: ((id >= 8359849) AND (id <= 8369848))

table 7 : explain SELECT c FROM sbtest7 WHERE id BETWEEN 4437248 AND 4447247
	Bitmap Heap Scan on sbtest7  (cost=293.35..34069.55 rows=9845 width=121)
	  Recheck Cond: ((id >= 4437248) AND (id <= 4447247))
	  ->  Bitmap Index Scan on sbtest7_pkey  (cost=0.00..290.88 rows=9845 width=0)
	        Index Cond: ((id >= 4437248) AND (id <= 4447247))

table 8 : explain SELECT c FROM sbtest8 WHERE id BETWEEN 2934976 AND 2944975
	Bitmap Heap Scan on sbtest8  (cost=280.89..32776.00 rows=9410 width=121)
	  Recheck Cond: ((id >= 2934976) AND (id <= 2944975))
	  ->  Bitmap Index Scan on sbtest8_pkey  (cost=0.00..278.54 rows=9410 width=0)
	        Index Cond: ((id >= 2934976) AND (id <= 2944975))

for: distinct_ranges
table 1 : explain SELECT DISTINCT c FROM sbtest1 WHERE id BETWEEN 429301 AND 439300 ORDER BY c
	Unique  (cost=36090.68..36141.83 rows=10229 width=121)
	  ->  Sort  (cost=36090.68..36116.26 rows=10229 width=121)
	        Sort Key: c
	        ->  Bitmap Heap Scan on sbtest1  (cost=297.28..35409.41 rows=10229 width=121)
	              Recheck Cond: ((id >= 429301) AND (id <= 439300))
	              ->  Bitmap Index Scan on sbtest1_pkey  (cost=0.00..294.73 rows=10229 width=0)
	                    Index Cond: ((id >= 429301) AND (id <= 439300))

table 2 : explain SELECT DISTINCT c FROM sbtest2 WHERE id BETWEEN 5913149 AND 5923148 ORDER BY c
	Unique  (cost=34611.51..34660.45 rows=9788 width=121)
	  ->  Sort  (cost=34611.51..34635.98 rows=9788 width=121)
	        Sort Key: c
	        ->  Bitmap Heap Scan on sbtest2  (cost=288.76..33962.72 rows=9788 width=121)
	              Recheck Cond: ((id >= 5913149) AND (id <= 5923148))
	              ->  Bitmap Index Scan on sbtest2_pkey  (cost=0.00..286.31 rows=9788 width=0)
	                    Index Cond: ((id >= 5913149) AND (id <= 5923148))

table 3 : explain SELECT DISTINCT c FROM sbtest3 WHERE id BETWEEN 4785624 AND 4795623 ORDER BY c
	Unique  (cost=31267.17..31311.07 rows=8779 width=121)
	  ->  Sort  (cost=31267.17..31289.12 rows=8779 width=121)
	        Sort Key: c
	        ->  Bitmap Heap Scan on sbtest3  (cost=254.42..30692.16 rows=8779 width=121)
	              Recheck Cond: ((id >= 4785624) AND (id <= 4795623))
	              ->  Bitmap Index Scan on sbtest3_pkey  (cost=0.00..252.23 rows=8779 width=0)
	                    Index Cond: ((id >= 4785624) AND (id <= 4795623))

table 4 : explain SELECT DISTINCT c FROM sbtest4 WHERE id BETWEEN 6825171 AND 6835170 ORDER BY c
	Unique  (cost=36759.91..36812.19 rows=10457 width=121)
	  ->  Sort  (cost=36759.91..36786.05 rows=10457 width=121)
	        Sort Key: c
	        ->  Bitmap Heap Scan on sbtest4  (cost=303.62..36061.79 rows=10457 width=121)
	              Recheck Cond: ((id >= 6825171) AND (id <= 6835170))
	              ->  Bitmap Index Scan on sbtest4_pkey  (cost=0.00..301.00 rows=10457 width=0)
	                    Index Cond: ((id >= 6825171) AND (id <= 6835170))

table 5 : explain SELECT DISTINCT c FROM sbtest5 WHERE id BETWEEN 669486 AND 679485 ORDER BY c
	Unique  (cost=35248.69..35298.61 rows=9983 width=121)
	  ->  Sort  (cost=35248.69..35273.65 rows=9983 width=121)
	        Sort Key: c
	        ->  Bitmap Heap Scan on sbtest5  (cost=290.76..34585.56 rows=9983 width=121)
	              Recheck Cond: ((id >= 669486) AND (id <= 679485))
	              ->  Bitmap Index Scan on sbtest5_pkey  (cost=0.00..288.26 rows=9983 width=0)
	                    Index Cond: ((id >= 669486) AND (id <= 679485))

table 6 : explain SELECT DISTINCT c FROM sbtest6 WHERE id BETWEEN 5100584 AND 5110583 ORDER BY c
	Unique  (cost=32245.75..32291.06 rows=9063 width=121)
	  ->  Sort  (cost=32245.75..32268.41 rows=9063 width=121)
	        Sort Key: c
	        ->  Bitmap Heap Scan on sbtest6  (cost=269.33..31650.05 rows=9063 width=121)
	              Recheck Cond: ((id >= 5100584) AND (id <= 5110583))
	              ->  Bitmap Index Scan on sbtest6_pkey  (cost=0.00..267.06 rows=9063 width=0)
	                    Index Cond: ((id >= 5100584) AND (id <= 5110583))

table 7 : explain SELECT DISTINCT c FROM sbtest7 WHERE id BETWEEN 2573199 AND 2583198 ORDER BY c
	Unique  (cost=38274.45..38329.24 rows=10957 width=121)
	  ->  Sort  (cost=38274.45..38301.85 rows=10957 width=121)
	        Sort Key: c
	        ->  Bitmap Heap Scan on sbtest7  (cost=324.74..37539.26 rows=10957 width=121)
	              Recheck Cond: ((id >= 2573199) AND (id <= 2583198))
	              ->  Bitmap Index Scan on sbtest7_pkey  (cost=0.00..322.00 rows=10957 width=0)
	                    Index Cond: ((id >= 2573199) AND (id <= 2583198))

table 8 : explain SELECT DISTINCT c FROM sbtest8 WHERE id BETWEEN 557750 AND 567749 ORDER BY c
	Unique  (cost=33577.10..33624.43 rows=9466 width=121)
	  ->  Sort  (cost=33577.10..33600.77 rows=9466 width=121)
	        Sort Key: c
	        ->  Bitmap Heap Scan on sbtest8  (cost=281.46..32951.94 rows=9466 width=121)
	              Recheck Cond: ((id >= 557750) AND (id <= 567749))
	              ->  Bitmap Index Scan on sbtest8_pkey  (cost=0.00..279.09 rows=9466 width=0)
	                    Index Cond: ((id >= 557750) AND (id <= 567749))

for: sum_ranges
table 1 : explain SELECT SUM(k) FROM sbtest1 WHERE id BETWEEN 4038003 AND 4048002
	Aggregate  (cost=32693.68..32693.69 rows=1 width=8)
	  ->  Bitmap Heap Scan on sbtest1  (cost=272.44..32670.27 rows=9366 width=4)
	        Recheck Cond: ((id >= 4038003) AND (id <= 4048002))
	        ->  Bitmap Index Scan on sbtest1_pkey  (cost=0.00..270.09 rows=9366 width=0)
	              Index Cond: ((id >= 4038003) AND (id <= 4048002))

table 2 : explain SELECT SUM(k) FROM sbtest2 WHERE id BETWEEN 5486040 AND 5496039
	Aggregate  (cost=33737.15..33737.16 rows=1 width=8)
	  ->  Bitmap Heap Scan on sbtest2  (cost=287.94..33712.88 rows=9708 width=4)
	        Recheck Cond: ((id >= 5486040) AND (id <= 5496039))
	        ->  Bitmap Index Scan on sbtest2_pkey  (cost=0.00..285.51 rows=9708 width=0)
	              Index Cond: ((id >= 5486040) AND (id <= 5496039))

table 3 : explain SELECT SUM(k) FROM sbtest3 WHERE id BETWEEN 1778589 AND 1788588
	Aggregate  (cost=38254.05..38254.06 rows=1 width=8)
	  ->  Bitmap Heap Scan on sbtest3  (cost=322.97..38226.12 rows=11174 width=4)
	        Recheck Cond: ((id >= 1778589) AND (id <= 1788588))
	        ->  Bitmap Index Scan on sbtest3_pkey  (cost=0.00..320.18 rows=11174 width=0)
	              Index Cond: ((id >= 1778589) AND (id <= 1788588))

table 4 : explain SELECT SUM(k) FROM sbtest4 WHERE id BETWEEN 3844552 AND 3854551
	Aggregate  (cost=34860.93..34860.94 rows=1 width=8)
	  ->  Bitmap Heap Scan on sbtest4  (cost=295.60..34835.77 rows=10065 width=4)
	        Recheck Cond: ((id >= 3844552) AND (id <= 3854551))
	        ->  Bitmap Index Scan on sbtest4_pkey  (cost=0.00..293.08 rows=10065 width=0)
	              Index Cond: ((id >= 3844552) AND (id <= 3854551))

table 5 : explain SELECT SUM(k) FROM sbtest5 WHERE id BETWEEN 8005654 AND 8015653
	Aggregate  (cost=34672.06..34672.07 rows=1 width=8)
	  ->  Bitmap Heap Scan on sbtest5  (cost=290.97..34647.05 rows=10003 width=4)
	        Recheck Cond: ((id >= 8005654) AND (id <= 8015653))
	        ->  Bitmap Index Scan on sbtest5_pkey  (cost=0.00..288.46 rows=10003 width=0)
	              Index Cond: ((id >= 8005654) AND (id <= 8015653))

table 6 : explain SELECT SUM(k) FROM sbtest6 WHERE id BETWEEN 8635052 AND 8645051
	Aggregate  (cost=34672.90..34672.91 rows=1 width=8)
	  ->  Bitmap Heap Scan on sbtest6  (cost=295.02..34647.88 rows=10008 width=4)
	        Recheck Cond: ((id >= 8635052) AND (id <= 8645051))
	        ->  Bitmap Index Scan on sbtest6_pkey  (cost=0.00..292.51 rows=10008 width=0)
	              Index Cond: ((id >= 8635052) AND (id <= 8645051))

table 7 : explain SELECT SUM(k) FROM sbtest7 WHERE id BETWEEN 5625967 AND 5635966
	Aggregate  (cost=35173.35..35173.36 rows=1 width=8)
	  ->  Bitmap Heap Scan on sbtest7  (cost=304.86..35147.88 rows=10188 width=4)
	        Recheck Cond: ((id >= 5625967) AND (id <= 5635966))
	        ->  Bitmap Index Scan on sbtest7_pkey  (cost=0.00..302.31 rows=10188 width=0)
	              Index Cond: ((id >= 5625967) AND (id <= 5635966))

table 8 : explain SELECT SUM(k) FROM sbtest8 WHERE id BETWEEN 7847483 AND 7857482
	Aggregate  (cost=34929.41..34929.42 rows=1 width=8)
	  ->  Bitmap Heap Scan on sbtest8  (cost=299.78..34904.21 rows=10082 width=4)
	        Recheck Cond: ((id >= 7847483) AND (id <= 7857482))
	        ->  Bitmap Index Scan on sbtest8_pkey  (cost=0.00..297.25 rows=10082 width=0)
	              Index Cond: ((id >= 7847483) AND (id <= 7857482))

for: simple_ranges
table 1 : explain SELECT c FROM sbtest1 WHERE id BETWEEN 5526149 AND 5536148
	Bitmap Heap Scan on sbtest1  (cost=290.80..34644.60 rows=9987 width=121)
	  Recheck Cond: ((id >= 5526149) AND (id <= 5536148))
	  ->  Bitmap Index Scan on sbtest1_pkey  (cost=0.00..288.31 rows=9987 width=0)
	        Index Cond: ((id >= 5526149) AND (id <= 5536148))

table 2 : explain SELECT c FROM sbtest2 WHERE id BETWEEN 7502999 AND 7512998
	Bitmap Heap Scan on sbtest2  (cost=277.27..32879.08 rows=9447 width=121)
	  Recheck Cond: ((id >= 7502999) AND (id <= 7512998))
	  ->  Bitmap Index Scan on sbtest2_pkey  (cost=0.00..274.91 rows=9447 width=0)
	        Index Cond: ((id >= 7502999) AND (id <= 7512998))

table 3 : explain SELECT c FROM sbtest3 WHERE id BETWEEN 6198341 AND 6208340
	Bitmap Heap Scan on sbtest3  (cost=305.03..36429.20 rows=10595 width=121)
	  Recheck Cond: ((id >= 6198341) AND (id <= 6208340))
	  ->  Bitmap Index Scan on sbtest3_pkey  (cost=0.00..302.38 rows=10595 width=0)
	        Index Cond: ((id >= 6198341) AND (id <= 6208340))

table 4 : explain SELECT c FROM sbtest4 WHERE id BETWEEN 4504729 AND 4514728
	Bitmap Heap Scan on sbtest4  (cost=265.26..31629.08 rows=9056 width=121)
	  Recheck Cond: ((id >= 4504729) AND (id <= 4514728))
	  ->  Bitmap Index Scan on sbtest4_pkey  (cost=0.00..263.00 rows=9056 width=0)
	        Index Cond: ((id >= 4504729) AND (id <= 4514728))

table 5 : explain SELECT c FROM sbtest5 WHERE id BETWEEN 6927437 AND 6937436
	Bitmap Heap Scan on sbtest5  (cost=278.56..33286.29 rows=9573 width=121)
	  Recheck Cond: ((id >= 6927437) AND (id <= 6937436))
	  ->  Bitmap Index Scan on sbtest5_pkey  (cost=0.00..276.17 rows=9573 width=0)
	        Index Cond: ((id >= 6927437) AND (id <= 6937436))

table 6 : explain SELECT c FROM sbtest6 WHERE id BETWEEN 4786738 AND 4796737
	Bitmap Heap Scan on sbtest6  (cost=270.53..32022.63 rows=9180 width=121)
	  Recheck Cond: ((id >= 4786738) AND (id <= 4796737))
	  ->  Bitmap Index Scan on sbtest6_pkey  (cost=0.00..268.24 rows=9180 width=0)
	        Index Cond: ((id >= 4786738) AND (id <= 4796737))

table 7 : explain SELECT c FROM sbtest7 WHERE id BETWEEN 8885935 AND 8895934
	Bitmap Heap Scan on sbtest7  (cost=292.91..33933.84 rows=9802 width=121)
	  Recheck Cond: ((id >= 8885935) AND (id <= 8895934))
	  ->  Bitmap Index Scan on sbtest7_pkey  (cost=0.00..290.45 rows=9802 width=0)
	        Index Cond: ((id >= 8885935) AND (id <= 8895934))

table 8 : explain SELECT c FROM sbtest8 WHERE id BETWEEN 9108682 AND 9118681
	Bitmap Heap Scan on sbtest8  (cost=293.58..34226.98 rows=9868 width=121)
	  Recheck Cond: ((id >= 9108682) AND (id <= 9118681))
	  ->  Bitmap Index Scan on sbtest8_pkey  (cost=0.00..291.12 rows=9868 width=0)
	        Index Cond: ((id >= 9108682) AND (id <= 9118681))

for: simple_ranges
table 1 : explain SELECT c FROM sbtest1 WHERE id BETWEEN 2520295 AND 2530294
	Bitmap Heap Scan on sbtest1  (cost=309.41..36675.28 rows=10632 width=121)
	  Recheck Cond: ((id >= 2520295) AND (id <= 2530294))
	  ->  Bitmap Index Scan on sbtest1_pkey  (cost=0.00..306.75 rows=10632 width=0)
	        Index Cond: ((id >= 2520295) AND (id <= 2530294))

table 2 : explain SELECT c FROM sbtest2 WHERE id BETWEEN 9321913 AND 9331912
	Bitmap Heap Scan on sbtest2  (cost=295.17..34705.05 rows=10023 width=121)
	  Recheck Cond: ((id >= 9321913) AND (id <= 9331912))
	  ->  Bitmap Index Scan on sbtest2_pkey  (cost=0.00..292.67 rows=10023 width=0)
	        Index Cond: ((id >= 9321913) AND (id <= 9331912))

table 3 : explain SELECT c FROM sbtest3 WHERE id BETWEEN 7943784 AND 7953783
	Bitmap Heap Scan on sbtest3  (cost=298.31..35597.28 rows=10329 width=121)
	  Recheck Cond: ((id >= 7943784) AND (id <= 7953783))
	  ->  Bitmap Index Scan on sbtest3_pkey  (cost=0.00..295.73 rows=10329 width=0)
	        Index Cond: ((id >= 7943784) AND (id <= 7953783))

table 4 : explain SELECT c FROM sbtest4 WHERE id BETWEEN 213688 AND 223687
	Bitmap Heap Scan on sbtest4  (cost=302.55..35739.89 rows=10353 width=121)
	  Recheck Cond: ((id >= 213688) AND (id <= 223687))
	  ->  Bitmap Index Scan on sbtest4_pkey  (cost=0.00..299.96 rows=10353 width=0)
	        Index Cond: ((id >= 213688) AND (id <= 223687))

table 5 : explain SELECT c FROM sbtest5 WHERE id BETWEEN 9580893 AND 9590892
	Bitmap Heap Scan on sbtest5  (cost=283.28..33511.37 rows=9643 width=121)
	  Recheck Cond: ((id >= 9580893) AND (id <= 9590892))
	  ->  Bitmap Index Scan on sbtest5_pkey  (cost=0.00..280.87 rows=9643 width=0)
	        Index Cond: ((id >= 9580893) AND (id <= 9590892))

table 6 : explain SELECT c FROM sbtest6 WHERE id BETWEEN 8215977 AND 8225976
	Bitmap Heap Scan on sbtest6  (cost=301.23..35326.71 rows=10224 width=121)
	  Recheck Cond: ((id >= 8215977) AND (id <= 8225976))
	  ->  Bitmap Index Scan on sbtest6_pkey  (cost=0.00..298.68 rows=10224 width=0)
	        Index Cond: ((id >= 8215977) AND (id <= 8225976))

table 7 : explain SELECT c FROM sbtest7 WHERE id BETWEEN 1000348 AND 1010347
	Bitmap Heap Scan on sbtest7  (cost=300.05..34896.06 rows=10109 width=121)
	  Recheck Cond: ((id >= 1000348) AND (id <= 1010347))
	  ->  Bitmap Index Scan on sbtest7_pkey  (cost=0.00..297.53 rows=10109 width=0)
	        Index Cond: ((id >= 1000348) AND (id <= 1010347))

table 8 : explain SELECT c FROM sbtest8 WHERE id BETWEEN 611842 AND 621841
	Bitmap Heap Scan on sbtest8  (cost=269.99..31870.21 rows=9127 width=121)
	  Recheck Cond: ((id >= 611842) AND (id <= 621841))
	  ->  Bitmap Index Scan on sbtest8_pkey  (cost=0.00..267.70 rows=9127 width=0)
	        Index Cond: ((id >= 611842) AND (id <= 621841))

for: order_ranges
table 1 : explain SELECT c FROM sbtest1 WHERE id BETWEEN 4890041 AND 4900040 ORDER BY c
	Sort  (cost=34426.70..34450.99 rows=9715 width=121)
	  Sort Key: c
	  ->  Bitmap Heap Scan on sbtest1  (cost=284.01..33783.28 rows=9715 width=121)
	        Recheck Cond: ((id >= 4890041) AND (id <= 4900040))
	        ->  Bitmap Index Scan on sbtest1_pkey  (cost=0.00..281.58 rows=9715 width=0)
	              Index Cond: ((id >= 4890041) AND (id <= 4900040))

table 2 : explain SELECT c FROM sbtest2 WHERE id BETWEEN 5487594 AND 5497593 ORDER BY c
	Sort  (cost=34355.79..34380.06 rows=9708 width=121)
	  Sort Key: c
	  ->  Bitmap Heap Scan on sbtest2  (cost=287.94..33712.88 rows=9708 width=121)
	        Recheck Cond: ((id >= 5487594) AND (id <= 5497593))
	        ->  Bitmap Index Scan on sbtest2_pkey  (cost=0.00..285.51 rows=9708 width=0)
	              Index Cond: ((id >= 5487594) AND (id <= 5497593))

table 3 : explain SELECT c FROM sbtest3 WHERE id BETWEEN 8234809 AND 8244808 ORDER BY c
	Sort  (cost=34444.97..34469.36 rows=9757 width=121)
	  Sort Key: c
	  ->  Bitmap Heap Scan on sbtest3  (cost=280.44..33798.46 rows=9757 width=121)
	        Recheck Cond: ((id >= 8234809) AND (id <= 8244808))
	        ->  Bitmap Index Scan on sbtest3_pkey  (cost=0.00..278.00 rows=9757 width=0)
	              Index Cond: ((id >= 8234809) AND (id <= 8244808))

table 4 : explain SELECT c FROM sbtest4 WHERE id BETWEEN 295553 AND 305552 ORDER BY c
	Sort  (cost=33917.36..33941.30 rows=9576 width=121)
	  Sort Key: c
	  ->  Bitmap Heap Scan on sbtest4  (cost=278.59..33284.13 rows=9576 width=121)
	        Recheck Cond: ((id >= 295553) AND (id <= 305552))
	        ->  Bitmap Index Scan on sbtest4_pkey  (cost=0.00..276.19 rows=9576 width=0)
	              Index Cond: ((id >= 295553) AND (id <= 305552))

table 5 : explain SELECT c FROM sbtest5 WHERE id BETWEEN 6141462 AND 6151461 ORDER BY c
	Sort  (cost=35159.23..35184.12 rows=9955 width=121)
	  Sort Key: c
	  ->  Bitmap Heap Scan on sbtest5  (cost=290.47..34498.16 rows=9955 width=121)
	        Recheck Cond: ((id >= 6141462) AND (id <= 6151461))
	        ->  Bitmap Index Scan on sbtest5_pkey  (cost=0.00..287.99 rows=9955 width=0)
	              Index Cond: ((id >= 6141462) AND (id <= 6151461))

table 6 : explain SELECT c FROM sbtest6 WHERE id BETWEEN 6454645 AND 6464644 ORDER BY c
	Sort  (cost=34084.42..34108.49 rows=9628 width=121)
	  Sort Key: c
	  ->  Bitmap Heap Scan on sbtest6  (cost=283.12..33447.38 rows=9628 width=121)
	        Recheck Cond: ((id >= 6454645) AND (id <= 6464644))
	        ->  Bitmap Index Scan on sbtest6_pkey  (cost=0.00..280.71 rows=9628 width=0)
	              Index Cond: ((id >= 6454645) AND (id <= 6464644))

table 7 : explain SELECT c FROM sbtest7 WHERE id BETWEEN 9617506 AND 9627505 ORDER BY c
	Sort  (cost=33126.08..33149.45 rows=9351 width=121)
	  Sort Key: c
	  ->  Bitmap Heap Scan on sbtest7  (cost=280.28..32509.34 rows=9351 width=121)
	        Recheck Cond: ((id >= 9617506) AND (id <= 9627505))
	        ->  Bitmap Index Scan on sbtest7_pkey  (cost=0.00..277.94 rows=9351 width=0)
	              Index Cond: ((id >= 9617506) AND (id <= 9627505))

table 8 : explain SELECT c FROM sbtest8 WHERE id BETWEEN 8500622 AND 8510621 ORDER BY c
	Sort  (cost=34861.77..34886.42 rows=9862 width=121)
	  Sort Key: c
	  ->  Bitmap Heap Scan on sbtest8  (cost=293.52..34207.54 rows=9862 width=121)
	        Recheck Cond: ((id >= 8500622) AND (id <= 8510621))
	        ->  Bitmap Index Scan on sbtest8_pkey  (cost=0.00..291.06 rows=9862 width=0)
	              Index Cond: ((id >= 8500622) AND (id <= 8510621))

for: order_ranges
table 1 : explain SELECT c FROM sbtest1 WHERE id BETWEEN 3330803 AND 3340802 ORDER BY c
	Sort  (cost=34736.09..34760.62 rows=9811 width=121)
	  Sort Key: c
	  ->  Bitmap Heap Scan on sbtest1  (cost=285.00..34085.62 rows=9811 width=121)
	        Recheck Cond: ((id >= 3330803) AND (id <= 3340802))
	        ->  Bitmap Index Scan on sbtest1_pkey  (cost=0.00..282.55 rows=9811 width=0)
	              Index Cond: ((id >= 3330803) AND (id <= 3340802))

table 2 : explain SELECT c FROM sbtest2 WHERE id BETWEEN 5980616 AND 5990615 ORDER BY c
	Sort  (cost=34611.51..34635.98 rows=9788 width=121)
	  Sort Key: c
	  ->  Bitmap Heap Scan on sbtest2  (cost=288.76..33962.72 rows=9788 width=121)
	        Recheck Cond: ((id >= 5980616) AND (id <= 5990615))
	        ->  Bitmap Index Scan on sbtest2_pkey  (cost=0.00..286.31 rows=9788 width=0)
	              Index Cond: ((id >= 5980616) AND (id <= 5990615))

table 3 : explain SELECT c FROM sbtest3 WHERE id BETWEEN 3473211 AND 3483210 ORDER BY c
	Sort  (cost=34295.81..34320.09 rows=9710 width=121)
	  Sort Key: c
	  ->  Bitmap Heap Scan on sbtest3  (cost=279.96..33652.75 rows=9710 width=121)
	        Recheck Cond: ((id >= 3473211) AND (id <= 3483210))
	        ->  Bitmap Index Scan on sbtest3_pkey  (cost=0.00..277.54 rows=9710 width=0)
	              Index Cond: ((id >= 3473211) AND (id <= 3483210))

table 4 : explain SELECT c FROM sbtest4 WHERE id BETWEEN 7196940 AND 7206939 ORDER BY c
	Sort  (cost=34622.34..34646.82 rows=9793 width=121)
	  Sort Key: c
	  ->  Bitmap Heap Scan on sbtest4  (cost=284.81..33973.18 rows=9793 width=121)
	        Recheck Cond: ((id >= 7196940) AND (id <= 7206939))
	        ->  Bitmap Index Scan on sbtest4_pkey  (cost=0.00..282.37 rows=9793 width=0)
	              Index Cond: ((id >= 7196940) AND (id <= 7206939))

table 5 : explain SELECT c FROM sbtest5 WHERE id BETWEEN 1110108 AND 1120107 ORDER BY c
	Sort  (cost=37885.81..37912.82 rows=10804 width=121)
	  Sort Key: c
	  ->  Bitmap Heap Scan on sbtest5  (cost=315.18..37161.98 rows=10804 width=121)
	        Recheck Cond: ((id >= 1110108) AND (id <= 1120107))
	        ->  Bitmap Index Scan on sbtest5_pkey  (cost=0.00..312.48 rows=10804 width=0)
	              Index Cond: ((id >= 1110108) AND (id <= 1120107))

table 6 : explain SELECT c FROM sbtest6 WHERE id BETWEEN 3815129 AND 3825128 ORDER BY c
	Sort  (cost=36917.89..36944.16 rows=10508 width=121)
	  Sort Key: c
	  ->  Bitmap Heap Scan on sbtest6  (cost=308.14..36215.99 rows=10508 width=121)
	        Recheck Cond: ((id >= 3815129) AND (id <= 3825128))
	        ->  Bitmap Index Scan on sbtest6_pkey  (cost=0.00..305.51 rows=10508 width=0)
	              Index Cond: ((id >= 3815129) AND (id <= 3825128))

table 7 : explain SELECT c FROM sbtest7 WHERE id BETWEEN 2745513 AND 2755512 ORDER BY c
	Sort  (cost=32141.90..32164.52 rows=9050 width=121)
	  Sort Key: c
	  ->  Bitmap Heap Scan on sbtest7  (cost=269.20..31547.15 rows=9050 width=121)
	        Recheck Cond: ((id >= 2745513) AND (id <= 2755512))
	        ->  Bitmap Index Scan on sbtest7_pkey  (cost=0.00..266.94 rows=9050 width=0)
	              Index Cond: ((id >= 2745513) AND (id <= 2755512))

table 8 : explain SELECT c FROM sbtest8 WHERE id BETWEEN 8522254 AND 8532253 ORDER BY c
	Sort  (cost=34861.77..34886.42 rows=9862 width=121)
	  Sort Key: c
	  ->  Bitmap Heap Scan on sbtest8  (cost=293.52..34207.54 rows=9862 width=121)
	        Recheck Cond: ((id >= 8522254) AND (id <= 8532253))
	        ->  Bitmap Index Scan on sbtest8_pkey  (cost=0.00..291.06 rows=9862 width=0)
	              Index Cond: ((id >= 8522254) AND (id <= 8532253))

for: distinct_ranges
table 1 : explain SELECT DISTINCT c FROM sbtest1 WHERE id BETWEEN 9055507 AND 9065506 ORDER BY c
	Unique  (cost=35062.42..35111.97 rows=9911 width=121)
	  ->  Sort  (cost=35062.42..35087.19 rows=9911 width=121)
	        Sort Key: c
	        ->  Bitmap Heap Scan on sbtest1  (cost=290.02..34404.58 rows=9911 width=121)
	              Recheck Cond: ((id >= 9055507) AND (id <= 9065506))
	              ->  Bitmap Index Scan on sbtest1_pkey  (cost=0.00..287.55 rows=9911 width=0)
	                    Index Cond: ((id >= 9055507) AND (id <= 9065506))

table 2 : explain SELECT DISTINCT c FROM sbtest2 WHERE id BETWEEN 2165216 AND 2175215 ORDER BY c
	Unique  (cost=35735.61..35786.29 rows=10135 width=121)
	  ->  Sort  (cost=35735.61..35760.95 rows=10135 width=121)
	        Sort Key: c
	        ->  Bitmap Heap Scan on sbtest2  (cost=300.32..35061.28 rows=10135 width=121)
	              Recheck Cond: ((id >= 2165216) AND (id <= 2175215))
	              ->  Bitmap Index Scan on sbtest2_pkey  (cost=0.00..297.79 rows=10135 width=0)
	                    Index Cond: ((id >= 2165216) AND (id <= 2175215))

table 3 : explain SELECT DISTINCT c FROM sbtest3 WHERE id BETWEEN 4972308 AND 4982307 ORDER BY c
	Unique  (cost=38666.94..38722.33 rows=11077 width=121)
	  ->  Sort  (cost=38666.94..38694.63 rows=11077 width=121)
	        Sort Key: c
	        ->  Bitmap Heap Scan on sbtest3  (cost=317.97..37922.83 rows=11077 width=121)
	              Recheck Cond: ((id >= 4972308) AND (id <= 4982307))
	              ->  Bitmap Index Scan on sbtest3_pkey  (cost=0.00..315.20 rows=11077 width=0)
	                    Index Cond: ((id >= 4972308) AND (id <= 4982307))

table 4 : explain SELECT DISTINCT c FROM sbtest4 WHERE id BETWEEN 879125 AND 889124 ORDER BY c
	Unique  (cost=34788.83..34838.04 rows=9843 width=121)
	  ->  Sort  (cost=34788.83..34813.44 rows=9843 width=121)
	        Sort Key: c
	        ->  Bitmap Heap Scan on sbtest4  (cost=289.33..34136.00 rows=9843 width=121)
	              Recheck Cond: ((id >= 879125) AND (id <= 889124))
	              ->  Bitmap Index Scan on sbtest4_pkey  (cost=0.00..286.87 rows=9843 width=0)
	                    Index Cond: ((id >= 879125) AND (id <= 889124))

table 5 : explain SELECT DISTINCT c FROM sbtest5 WHERE id BETWEEN 7256030 AND 7266029 ORDER BY c
	Unique  (cost=40134.64..40192.20 rows=11511 width=121)
	  ->  Sort  (cost=40134.64..40163.42 rows=11511 width=121)
	        Sort Key: c
	        ->  Bitmap Heap Scan on sbtest5  (cost=338.42..39358.19 rows=11511 width=121)
	              Recheck Cond: ((id >= 7256030) AND (id <= 7266029))
	              ->  Bitmap Index Scan on sbtest5_pkey  (cost=0.00..335.55 rows=11511 width=0)
	                    Index Cond: ((id >= 7256030) AND (id <= 7266029))

table 6 : explain SELECT DISTINCT c FROM sbtest6 WHERE id BETWEEN 378787 AND 388786 ORDER BY c
	Unique  (cost=34679.43..34728.49 rows=9812 width=121)
	  ->  Sort  (cost=34679.43..34703.96 rows=9812 width=121)
	        Sort Key: c
	        ->  Bitmap Heap Scan on sbtest6  (cost=289.01..34028.88 rows=9812 width=121)
	              Recheck Cond: ((id >= 378787) AND (id <= 388786))
	              ->  Bitmap Index Scan on sbtest6_pkey  (cost=0.00..286.56 rows=9812 width=0)
	                    Index Cond: ((id >= 378787) AND (id <= 388786))

table 7 : explain SELECT DISTINCT c FROM sbtest7 WHERE id BETWEEN 6700979 AND 6710978 ORDER BY c
	Unique  (cost=36161.91..36213.38 rows=10294 width=121)
	  ->  Sort  (cost=36161.91..36187.65 rows=10294 width=121)
	        Sort Key: c
	        ->  Bitmap Heap Scan on sbtest7  (cost=305.95..35475.84 rows=10294 width=121)
	              Recheck Cond: ((id >= 6700979) AND (id <= 6710978))
	              ->  Bitmap Index Scan on sbtest7_pkey  (cost=0.00..303.38 rows=10294 width=0)
	                    Index Cond: ((id >= 6700979) AND (id <= 6710978))

table 8 : explain SELECT DISTINCT c FROM sbtest8 WHERE id BETWEEN 2332140 AND 2342139 ORDER BY c
	Unique  (cost=36117.40..36168.65 rows=10250 width=121)
	  ->  Sort  (cost=36117.40..36143.03 rows=10250 width=121)
	        Sort Key: c
	        ->  Bitmap Heap Scan on sbtest8  (cost=305.50..35434.58 rows=10250 width=121)
	              Recheck Cond: ((id >= 2332140) AND (id <= 2342139))
	              ->  Bitmap Index Scan on sbtest8_pkey  (cost=0.00..302.94 rows=10250 width=0)
	                    Index Cond: ((id >= 2332140) AND (id <= 2342139))

for: distinct_ranges
table 1 : explain SELECT DISTINCT c FROM sbtest1 WHERE id BETWEEN 1435162 AND 1445161 ORDER BY c
	Unique  (cost=35729.81..35780.40 rows=10117 width=121)
	  ->  Sort  (cost=35729.81..35755.11 rows=10117 width=121)
	        Sort Key: c
	        ->  Bitmap Heap Scan on sbtest1  (cost=296.13..35056.81 rows=10117 width=121)
	              Recheck Cond: ((id >= 1435162) AND (id <= 1445161))
	              ->  Bitmap Index Scan on sbtest1_pkey  (cost=0.00..293.61 rows=10117 width=0)
	                    Index Cond: ((id >= 1435162) AND (id <= 1445161))

table 2 : explain SELECT DISTINCT c FROM sbtest2 WHERE id BETWEEN 9434378 AND 9444377 ORDER BY c
	Unique  (cost=35185.70..35235.53 rows=9965 width=121)
	  ->  Sort  (cost=35185.70..35210.61 rows=9965 width=121)
	        Sort Key: c
	        ->  Bitmap Heap Scan on sbtest2  (cost=294.58..34523.89 rows=9965 width=121)
	              Recheck Cond: ((id >= 9434378) AND (id <= 9444377))
	              ->  Bitmap Index Scan on sbtest2_pkey  (cost=0.00..292.08 rows=9965 width=0)
	                    Index Cond: ((id >= 9434378) AND (id <= 9444377))

table 3 : explain SELECT DISTINCT c FROM sbtest3 WHERE id BETWEEN 755651 AND 765650 ORDER BY c
	Unique  (cost=34756.85..34806.11 rows=9853 width=121)
	  ->  Sort  (cost=34756.85..34781.48 rows=9853 width=121)
	        Sort Key: c
	        ->  Bitmap Heap Scan on sbtest3  (cost=285.43..34103.28 rows=9853 width=121)
	              Recheck Cond: ((id >= 755651) AND (id <= 765650))
	              ->  Bitmap Index Scan on sbtest3_pkey  (cost=0.00..282.96 rows=9853 width=0)
	                    Index Cond: ((id >= 755651) AND (id <= 765650))

table 4 : explain SELECT DISTINCT c FROM sbtest4 WHERE id BETWEEN 1480291 AND 1490290 ORDER BY c
	Unique  (cost=35538.09..35588.47 rows=10076 width=121)
	  ->  Sort  (cost=35538.09..35563.28 rows=10076 width=121)
	        Sort Key: c
	        ->  Bitmap Heap Scan on sbtest4  (cost=295.71..34868.10 rows=10076 width=121)
	              Recheck Cond: ((id >= 1480291) AND (id <= 1490290))
	              ->  Bitmap Index Scan on sbtest4_pkey  (cost=0.00..293.19 rows=10076 width=0)
	                    Index Cond: ((id >= 1480291) AND (id <= 1490290))

table 5 : explain SELECT DISTINCT c FROM sbtest5 WHERE id BETWEEN 8895367 AND 8905366 ORDER BY c
	Unique  (cost=34827.71..34876.97 rows=9852 width=121)
	  ->  Sort  (cost=34827.71..34852.34 rows=9852 width=121)
	        Sort Key: c
	        ->  Bitmap Heap Scan on sbtest5  (cost=289.42..34174.22 rows=9852 width=121)
	              Recheck Cond: ((id >= 8895367) AND (id <= 8905366))
	              ->  Bitmap Index Scan on sbtest5_pkey  (cost=0.00..286.95 rows=9852 width=0)
	                    Index Cond: ((id >= 8895367) AND (id <= 8905366))

table 6 : explain SELECT DISTINCT c FROM sbtest6 WHERE id BETWEEN 1333736 AND 1343735 ORDER BY c
	Unique  (cost=38858.00..38913.58 rows=11116 width=121)
	  ->  Sort  (cost=38858.00..38885.79 rows=11116 width=121)
	        Sort Key: c
	        ->  Bitmap Heap Scan on sbtest6  (cost=326.37..38110.99 rows=11116 width=121)
	              Recheck Cond: ((id >= 1333736) AND (id <= 1343735))
	              ->  Bitmap Index Scan on sbtest6_pkey  (cost=0.00..323.59 rows=11116 width=0)
	                    Index Cond: ((id >= 1333736) AND (id <= 1343735))

table 7 : explain SELECT DISTINCT c FROM sbtest7 WHERE id BETWEEN 1395121 AND 1405120 ORDER BY c
	Unique  (cost=35575.06..35625.62 rows=10111 width=121)
	  ->  Sort  (cost=35575.06..35600.34 rows=10111 width=121)
	        Sort Key: c
	        ->  Bitmap Heap Scan on sbtest7  (cost=300.07..34902.50 rows=10111 width=121)
	              Recheck Cond: ((id >= 1395121) AND (id <= 1405120))
	              ->  Bitmap Index Scan on sbtest7_pkey  (cost=0.00..297.55 rows=10111 width=0)
	                    Index Cond: ((id >= 1395121) AND (id <= 1405120))

table 8 : explain SELECT DISTINCT c FROM sbtest8 WHERE id BETWEEN 2006690 AND 2016689 ORDER BY c
	Unique  (cost=36626.20..36678.24 rows=10408 width=121)
	  ->  Sort  (cost=36626.20..36652.22 rows=10408 width=121)
	        Sort Key: c
	        ->  Bitmap Heap Scan on sbtest8  (cost=311.12..35931.71 rows=10408 width=121)
	              Recheck Cond: ((id >= 2006690) AND (id <= 2016689))
	              ->  Bitmap Index Scan on sbtest8_pkey  (cost=0.00..308.51 rows=10408 width=0)
	                    Index Cond: ((id >= 2006690) AND (id <= 2016689))

for: order_ranges
table 1 : explain SELECT c FROM sbtest1 WHERE id BETWEEN 7300681 AND 7310680 ORDER BY c
	Sort  (cost=33956.36..33980.29 rows=9571 width=121)
	  Sort Key: c
	  ->  Bitmap Heap Scan on sbtest1  (cost=278.54..33323.50 rows=9571 width=121)
	        Recheck Cond: ((id >= 7300681) AND (id <= 7310680))
	        ->  Bitmap Index Scan on sbtest1_pkey  (cost=0.00..276.15 rows=9571 width=0)
	              Index Cond: ((id >= 7300681) AND (id <= 7310680))

table 2 : explain SELECT c FROM sbtest2 WHERE id BETWEEN 6148564 AND 6158563 ORDER BY c
	Sort  (cost=37174.63..37201.09 rows=10584 width=121)
	  Sort Key: c
	  ->  Bitmap Heap Scan on sbtest2  (cost=312.92..36467.12 rows=10584 width=121)
	        Recheck Cond: ((id >= 6148564) AND (id <= 6158563))
	        ->  Bitmap Index Scan on sbtest2_pkey  (cost=0.00..310.28 rows=10584 width=0)
	              Index Cond: ((id >= 6148564) AND (id <= 6158563))

table 3 : explain SELECT c FROM sbtest3 WHERE id BETWEEN 5878487 AND 5888486 ORDER BY c
	Sort  (cost=37065.43..37091.86 rows=10573 width=121)
	  Sort Key: c
	  ->  Bitmap Heap Scan on sbtest3  (cost=304.81..36358.72 rows=10573 width=121)
	        Recheck Cond: ((id >= 5878487) AND (id <= 5888486))
	        ->  Bitmap Index Scan on sbtest3_pkey  (cost=0.00..302.17 rows=10573 width=0)
	              Index Cond: ((id >= 5878487) AND (id <= 5888486))

table 4 : explain SELECT c FROM sbtest4 WHERE id BETWEEN 9387182 AND 9397181 ORDER BY c
	Sort  (cost=33730.97..33754.77 rows=9518 width=121)
	  Sort Key: c
	  ->  Bitmap Heap Scan on sbtest4  (cost=277.99..33102.00 rows=9518 width=121)
	        Recheck Cond: ((id >= 9387182) AND (id <= 9397181))
	        ->  Bitmap Index Scan on sbtest4_pkey  (cost=0.00..275.62 rows=9518 width=0)
	              Index Cond: ((id >= 9387182) AND (id <= 9397181))

table 5 : explain SELECT c FROM sbtest5 WHERE id BETWEEN 271389 AND 281388 ORDER BY c
	Sort  (cost=36265.17..36290.92 rows=10298 width=121)
	  Sort Key: c
	  ->  Bitmap Heap Scan on sbtest5  (cost=301.99..35578.81 rows=10298 width=121)
	        Recheck Cond: ((id >= 271389) AND (id <= 281388))
	        ->  Bitmap Index Scan on sbtest5_pkey  (cost=0.00..299.42 rows=10298 width=0)
	              Index Cond: ((id >= 271389) AND (id <= 281388))

table 6 : explain SELECT c FROM sbtest6 WHERE id BETWEEN 1077568 AND 1087567 ORDER BY c
	Sort  (cost=35425.33..35450.44 rows=10043 width=121)
	  Sort Key: c
	  ->  Bitmap Heap Scan on sbtest6  (cost=295.38..34757.78 rows=10043 width=121)
	        Recheck Cond: ((id >= 1077568) AND (id <= 1087567))
	        ->  Bitmap Index Scan on sbtest6_pkey  (cost=0.00..292.87 rows=10043 width=0)
	              Index Cond: ((id >= 1077568) AND (id <= 1087567))

table 7 : explain SELECT c FROM sbtest7 WHERE id BETWEEN 9092904 AND 9102903 ORDER BY c
	Sort  (cost=34603.48..34628.00 rows=9808 width=121)
	  Sort Key: c
	  ->  Bitmap Heap Scan on sbtest7  (cost=292.97..33953.23 rows=9808 width=121)
	        Recheck Cond: ((id >= 9092904) AND (id <= 9102903))
	        ->  Bitmap Index Scan on sbtest7_pkey  (cost=0.00..290.51 rows=9808 width=0)
	              Index Cond: ((id >= 9092904) AND (id <= 9102903))

table 8 : explain SELECT c FROM sbtest8 WHERE id BETWEEN 4789254 AND 4799253 ORDER BY c
	Sort  (cost=35911.89..35937.35 rows=10187 width=121)
	  Sort Key: c
	  ->  Bitmap Heap Scan on sbtest8  (cost=300.85..35233.71 rows=10187 width=121)
	        Recheck Cond: ((id >= 4789254) AND (id <= 4799253))
	        ->  Bitmap Index Scan on sbtest8_pkey  (cost=0.00..298.31 rows=10187 width=0)
	              Index Cond: ((id >= 4789254) AND (id <= 4799253))

for: sum_ranges
table 1 : explain SELECT SUM(k) FROM sbtest1 WHERE id BETWEEN 2883652 AND 2893651
	Aggregate  (cost=34260.41..34260.42 rows=1 width=8)
	  ->  Bitmap Heap Scan on sbtest1  (cost=289.47..34235.77 rows=9857 width=4)
	        Recheck Cond: ((id >= 2883652) AND (id <= 2893651))
	        ->  Bitmap Index Scan on sbtest1_pkey  (cost=0.00..287.00 rows=9857 width=0)
	              Index Cond: ((id >= 2883652) AND (id <= 2893651))

table 2 : explain SELECT SUM(k) FROM sbtest2 WHERE id BETWEEN 9537367 AND 9547366
	Aggregate  (cost=34188.33..34188.34 rows=1 width=8)
	  ->  Bitmap Heap Scan on sbtest2  (cost=289.42..34163.70 rows=9852 width=4)
	        Recheck Cond: ((id >= 9537367) AND (id <= 9547366))
	        ->  Bitmap Index Scan on sbtest2_pkey  (cost=0.00..286.95 rows=9852 width=0)
	              Index Cond: ((id >= 9537367) AND (id <= 9547366))

table 3 : explain SELECT SUM(k) FROM sbtest3 WHERE id BETWEEN 6013227 AND 6023226
	Aggregate  (cost=36028.09..36028.10 rows=1 width=8)
	  ->  Bitmap Heap Scan on sbtest3  (cost=299.64..36001.95 rows=10459 width=4)
	        Recheck Cond: ((id >= 6013227) AND (id <= 6023226))
	        ->  Bitmap Index Scan on sbtest3_pkey  (cost=0.00..297.03 rows=10459 width=0)
	              Index Cond: ((id >= 6013227) AND (id <= 6023226))

table 4 : explain SELECT SUM(k) FROM sbtest4 WHERE id BETWEEN 4192966 AND 4202965
	Aggregate  (cost=33369.87..33369.88 rows=1 width=8)
	  ->  Bitmap Heap Scan on sbtest4  (cost=278.78..33345.88 rows=9595 width=4)
	        Recheck Cond: ((id >= 4192966) AND (id <= 4202965))
	        ->  Bitmap Index Scan on sbtest4_pkey  (cost=0.00..276.38 rows=9595 width=0)
	              Index Cond: ((id >= 4192966) AND (id <= 4202965))

table 5 : explain SELECT SUM(k) FROM sbtest5 WHERE id BETWEEN 5581094 AND 5591093
	Aggregate  (cost=35348.73..35348.74 rows=1 width=8)
	  ->  Bitmap Heap Scan on sbtest5  (cost=297.16..35323.18 rows=10217 width=4)
	        Recheck Cond: ((id >= 5581094) AND (id <= 5591093))
	        ->  Bitmap Index Scan on sbtest5_pkey  (cost=0.00..294.61 rows=10217 width=0)
	              Index Cond: ((id >= 5581094) AND (id <= 5591093))

table 6 : explain SELECT SUM(k) FROM sbtest6 WHERE id BETWEEN 7795173 AND 7805172
	Aggregate  (cost=30041.79..30041.80 rows=1 width=8)
	  ->  Bitmap Heap Scan on sbtest6  (cost=252.13..30020.40 rows=8556 width=4)
	        Recheck Cond: ((id >= 7795173) AND (id <= 7805172))
	        ->  Bitmap Index Scan on sbtest6_pkey  (cost=0.00..250.00 rows=8556 width=0)
	              Index Cond: ((id >= 7795173) AND (id <= 7805172))

table 7 : explain SELECT SUM(k) FROM sbtest7 WHERE id BETWEEN 6265487 AND 6275486
	Aggregate  (cost=32076.13..32076.14 rows=1 width=8)
	  ->  Bitmap Heap Scan on sbtest7  (cost=274.82..32053.11 rows=9208 width=4)
	        Recheck Cond: ((id >= 6265487) AND (id <= 6275486))
	        ->  Bitmap Index Scan on sbtest7_pkey  (cost=0.00..272.51 rows=9208 width=0)
	              Index Cond: ((id >= 6265487) AND (id <= 6275486))

table 8 : explain SELECT SUM(k) FROM sbtest8 WHERE id BETWEEN 4318614 AND 4328613
	Aggregate  (cost=34566.08..34566.09 rows=1 width=8)
	  ->  Bitmap Heap Scan on sbtest8  (cost=294.61..34541.16 rows=9968 width=4)
	        Recheck Cond: ((id >= 4318614) AND (id <= 4328613))
	        ->  Bitmap Index Scan on sbtest8_pkey  (cost=0.00..292.12 rows=9968 width=0)
	              Index Cond: ((id >= 4318614) AND (id <= 4328613))

for: order_ranges
table 1 : explain SELECT c FROM sbtest1 WHERE id BETWEEN 8012526 AND 8022525 ORDER BY c
	Sort  (cost=35284.83..35309.78 rows=9980 width=121)
	  Sort Key: c
	  ->  Bitmap Heap Scan on sbtest1  (cost=290.73..34621.91 rows=9980 width=121)
	        Recheck Cond: ((id >= 8012526) AND (id <= 8022525))
	        ->  Bitmap Index Scan on sbtest1_pkey  (cost=0.00..288.24 rows=9980 width=0)
	              Index Cond: ((id >= 8012526) AND (id <= 8022525))

table 2 : explain SELECT c FROM sbtest2 WHERE id BETWEEN 6129626 AND 6139625 ORDER BY c
	Sort  (cost=37174.63..37201.09 rows=10584 width=121)
	  Sort Key: c
	  ->  Bitmap Heap Scan on sbtest2  (cost=312.92..36467.12 rows=10584 width=121)
	        Recheck Cond: ((id >= 6129626) AND (id <= 6139625))
	        ->  Bitmap Index Scan on sbtest2_pkey  (cost=0.00..310.28 rows=10584 width=0)
	              Index Cond: ((id >= 6129626) AND (id <= 6139625))

table 3 : explain SELECT c FROM sbtest3 WHERE id BETWEEN 8558332 AND 8568331 ORDER BY c
	Sort  (cost=37711.77..37738.71 rows=10775 width=121)
	  Sort Key: c
	  ->  Bitmap Heap Scan on sbtest3  (cost=310.88..36990.09 rows=10775 width=121)
	        Recheck Cond: ((id >= 8558332) AND (id <= 8568331))
	        ->  Bitmap Index Scan on sbtest3_pkey  (cost=0.00..308.19 rows=10775 width=0)
	              Index Cond: ((id >= 8558332) AND (id <= 8568331))

table 4 : explain SELECT c FROM sbtest4 WHERE id BETWEEN 888854 AND 898853 ORDER BY c
	Sort  (cost=34197.27..34221.43 rows=9661 width=121)
	  Sort Key: c
	  ->  Bitmap Heap Scan on sbtest4  (cost=283.46..33557.81 rows=9661 width=121)
	        Recheck Cond: ((id >= 888854) AND (id <= 898853))
	        ->  Bitmap Index Scan on sbtest4_pkey  (cost=0.00..281.05 rows=9661 width=0)
	              Index Cond: ((id >= 888854) AND (id <= 898853))

table 5 : explain SELECT c FROM sbtest5 WHERE id BETWEEN 1119706 AND 1129705 ORDER BY c
	Sort  (cost=37885.81..37912.82 rows=10804 width=121)
	  Sort Key: c
	  ->  Bitmap Heap Scan on sbtest5  (cost=315.18..37161.98 rows=10804 width=121)
	        Recheck Cond: ((id >= 1119706) AND (id <= 1129705))
	        ->  Bitmap Index Scan on sbtest5_pkey  (cost=0.00..312.48 rows=10804 width=0)
	              Index Cond: ((id >= 1119706) AND (id <= 1129705))

table 6 : explain SELECT c FROM sbtest6 WHERE id BETWEEN 4301363 AND 4311362 ORDER BY c
	Sort  (cost=32880.75..32903.90 rows=9259 width=121)
	  Sort Key: c
	  ->  Bitmap Heap Scan on sbtest6  (cost=271.34..32270.74 rows=9259 width=121)
	        Recheck Cond: ((id >= 4301363) AND (id <= 4311362))
	        ->  Bitmap Index Scan on sbtest6_pkey  (cost=0.00..269.03 rows=9259 width=0)
	              Index Cond: ((id >= 4301363) AND (id <= 4311362))

table 7 : explain SELECT c FROM sbtest7 WHERE id BETWEEN 4469492 AND 4479491 ORDER BY c
	Sort  (cost=34722.53..34747.14 rows=9845 width=121)
	  Sort Key: c
	  ->  Bitmap Heap Scan on sbtest7  (cost=293.35..34069.55 rows=9845 width=121)
	        Recheck Cond: ((id >= 4469492) AND (id <= 4479491))
	        ->  Bitmap Index Scan on sbtest7_pkey  (cost=0.00..290.88 rows=9845 width=0)
	              Index Cond: ((id >= 4469492) AND (id <= 4479491))

table 8 : explain SELECT c FROM sbtest8 WHERE id BETWEEN 3216971 AND 3226970 ORDER BY c
	Sort  (cost=35991.91..36017.44 rows=10211 width=121)
	  Sort Key: c
	  ->  Bitmap Heap Scan on sbtest8  (cost=305.10..35311.97 rows=10211 width=121)
	        Recheck Cond: ((id >= 3216971) AND (id <= 3226970))
	        ->  Bitmap Index Scan on sbtest8_pkey  (cost=0.00..302.55 rows=10211 width=0)
	              Index Cond: ((id >= 3216971) AND (id <= 3226970))

for: simple_ranges
table 1 : explain SELECT c FROM sbtest1 WHERE id BETWEEN 2683212 AND 2693211
	Bitmap Heap Scan on sbtest1  (cost=295.78..34946.72 rows=10082 width=121)
	  Recheck Cond: ((id >= 2683212) AND (id <= 2693211))
	  ->  Bitmap Index Scan on sbtest1_pkey  (cost=0.00..293.25 rows=10082 width=0)
	        Index Cond: ((id >= 2683212) AND (id <= 2693211))

table 2 : explain SELECT c FROM sbtest2 WHERE id BETWEEN 3419208 AND 3429207
	Bitmap Heap Scan on sbtest2  (cost=294.85..34608.02 rows=9992 width=121)
	  Recheck Cond: ((id >= 3419208) AND (id <= 3429207))
	  ->  Bitmap Index Scan on sbtest2_pkey  (cost=0.00..292.36 rows=9992 width=0)
	        Index Cond: ((id >= 3419208) AND (id <= 3429207))

table 3 : explain SELECT c FROM sbtest3 WHERE id BETWEEN 3994954 AND 4004953
	Bitmap Heap Scan on sbtest3  (cost=285.79..34213.17 rows=9888 width=121)
	  Recheck Cond: ((id >= 3994954) AND (id <= 4004953))
	  ->  Bitmap Index Scan on sbtest3_pkey  (cost=0.00..283.31 rows=9888 width=0)
	        Index Cond: ((id >= 3994954) AND (id <= 4004953))

table 4 : explain SELECT c FROM sbtest4 WHERE id BETWEEN 8519217 AND 8529216
	Bitmap Heap Scan on sbtest4  (cost=278.01..33108.51 rows=9520 width=121)
	  Recheck Cond: ((id >= 8519217) AND (id <= 8529216))
	  ->  Bitmap Index Scan on sbtest4_pkey  (cost=0.00..275.63 rows=9520 width=0)
	        Index Cond: ((id >= 8519217) AND (id <= 8529216))

table 5 : explain SELECT c FROM sbtest5 WHERE id BETWEEN 9075265 AND 9085264
	Bitmap Heap Scan on sbtest5  (cost=307.75..36120.70 rows=10470 width=121)
	  Recheck Cond: ((id >= 9075265) AND (id <= 9085264))
	  ->  Bitmap Index Scan on sbtest5_pkey  (cost=0.00..305.13 rows=10470 width=0)
	        Index Cond: ((id >= 9075265) AND (id <= 9085264))

table 6 : explain SELECT c FROM sbtest6 WHERE id BETWEEN 9413101 AND 9423100
	Bitmap Heap Scan on sbtest6  (cost=312.96..36470.54 rows=10588 width=121)
	  Recheck Cond: ((id >= 9413101) AND (id <= 9423100))
	  ->  Bitmap Index Scan on sbtest6_pkey  (cost=0.00..310.31 rows=10588 width=0)
	        Index Cond: ((id >= 9413101) AND (id <= 9423100))

table 7 : explain SELECT c FROM sbtest7 WHERE id BETWEEN 317212 AND 327211
	Bitmap Heap Scan on sbtest7  (cost=275.18..32163.81 rows=9243 width=121)
	  Recheck Cond: ((id >= 317212) AND (id <= 327211))
	  ->  Bitmap Index Scan on sbtest7_pkey  (cost=0.00..272.87 rows=9243 width=0)
	        Index Cond: ((id >= 317212) AND (id <= 327211))

table 8 : explain SELECT c FROM sbtest8 WHERE id BETWEEN 6472788 AND 6482787
	Bitmap Heap Scan on sbtest8  (cost=317.97..36800.49 rows=10686 width=121)
	  Recheck Cond: ((id >= 6472788) AND (id <= 6482787))
	  ->  Bitmap Index Scan on sbtest8_pkey  (cost=0.00..315.30 rows=10686 width=0)
	        Index Cond: ((id >= 6472788) AND (id <= 6482787))

for: order_ranges
table 1 : explain SELECT c FROM sbtest1 WHERE id BETWEEN 9929321 AND 9939320 ORDER BY c
	Sort  (cost=37089.72..37116.06 rows=10539 width=121)
	  Sort Key: c
	  ->  Bitmap Heap Scan on sbtest1  (cost=308.46..36385.53 rows=10539 width=121)
	        Recheck Cond: ((id >= 9929321) AND (id <= 9939320))
	        ->  Bitmap Index Scan on sbtest1_pkey  (cost=0.00..305.82 rows=10539 width=0)
	              Index Cond: ((id >= 9929321) AND (id <= 9939320))

table 2 : explain SELECT c FROM sbtest2 WHERE id BETWEEN 6011947 AND 6021946 ORDER BY c
	Sort  (cost=38940.71..38968.55 rows=11137 width=121)
	  Sort Key: c
	  ->  Bitmap Heap Scan on sbtest2  (cost=330.59..38192.13 rows=11137 width=121)
	        Recheck Cond: ((id >= 6011947) AND (id <= 6021946))
	        ->  Bitmap Index Scan on sbtest2_pkey  (cost=0.00..327.81 rows=11137 width=0)
	              Index Cond: ((id >= 6011947) AND (id <= 6021946))

table 3 : explain SELECT c FROM sbtest3 WHERE id BETWEEN 8976251 AND 8986250 ORDER BY c
	Sort  (cost=35282.41..35307.45 rows=10017 width=121)
	  Sort Key: c
	  ->  Bitmap Heap Scan on sbtest3  (cost=287.11..34616.77 rows=10017 width=121)
	        Recheck Cond: ((id >= 8976251) AND (id <= 8986250))
	        ->  Bitmap Index Scan on sbtest3_pkey  (cost=0.00..284.61 rows=10017 width=0)
	              Index Cond: ((id >= 8976251) AND (id <= 8986250))

table 4 : explain SELECT c FROM sbtest4 WHERE id BETWEEN 4471689 AND 4481688 ORDER BY c
	Sort  (cost=38996.72..39024.61 rows=11157 width=121)
	  Sort Key: c
	  ->  Bitmap Heap Scan on sbtest4  (cost=326.79..38246.65 rows=11157 width=121)
	        Recheck Cond: ((id >= 4471689) AND (id <= 4481688))
	        ->  Bitmap Index Scan on sbtest4_pkey  (cost=0.00..324.00 rows=11157 width=0)
	              Index Cond: ((id >= 4471689) AND (id <= 4481688))

table 5 : explain SELECT c FROM sbtest5 WHERE id BETWEEN 3567331 AND 3577330 ORDER BY c
	Sort  (cost=35358.67..35383.71 rows=10016 width=121)
	  Sort Key: c
	  ->  Bitmap Heap Scan on sbtest5  (cost=295.10..34693.10 rows=10016 width=121)
	        Recheck Cond: ((id >= 3567331) AND (id <= 3577330))
	        ->  Bitmap Index Scan on sbtest5_pkey  (cost=0.00..292.59 rows=10016 width=0)
	              Index Cond: ((id >= 3567331) AND (id <= 3577330))

table 6 : explain SELECT c FROM sbtest6 WHERE id BETWEEN 2159499 AND 2169498 ORDER BY c
	Sort  (cost=34324.37..34348.63 rows=9702 width=121)
	  Sort Key: c
	  ->  Bitmap Heap Scan on sbtest6  (cost=287.88..33681.90 rows=9702 width=121)
	        Recheck Cond: ((id >= 2159499) AND (id <= 2169498))
	        ->  Bitmap Index Scan on sbtest6_pkey  (cost=0.00..285.45 rows=9702 width=0)
	              Index Cond: ((id >= 2159499) AND (id <= 2169498))

table 7 : explain SELECT c FROM sbtest7 WHERE id BETWEEN 4218056 AND 4228055 ORDER BY c
	Sort  (cost=34825.01..34849.71 rows=9877 width=121)
	  Sort Key: c
	  ->  Bitmap Heap Scan on sbtest7  (cost=293.67..34169.68 rows=9877 width=121)
	        Recheck Cond: ((id >= 4218056) AND (id <= 4228055))
	        ->  Bitmap Index Scan on sbtest7_pkey  (cost=0.00..291.20 rows=9877 width=0)
	              Index Cond: ((id >= 4218056) AND (id <= 4228055))

table 8 : explain SELECT c FROM sbtest8 WHERE id BETWEEN 4253288 AND 4263287 ORDER BY c
	Sort  (cost=39626.40..39654.78 rows=11350 width=121)
	  Sort Key: c
	  ->  Bitmap Heap Scan on sbtest8  (cost=336.77..38861.96 rows=11350 width=121)
	        Recheck Cond: ((id >= 4253288) AND (id <= 4263287))
	        ->  Bitmap Index Scan on sbtest8_pkey  (cost=0.00..333.94 rows=11350 width=0)
	              Index Cond: ((id >= 4253288) AND (id <= 4263287))

for: distinct_ranges
table 1 : explain SELECT DISTINCT c FROM sbtest1 WHERE id BETWEEN 2851502 AND 2861501 ORDER BY c
	Unique  (cost=35477.93..35528.13 rows=10039 width=121)
	  ->  Sort  (cost=35477.93..35503.03 rows=10039 width=121)
	        Sort Key: c
	        ->  Bitmap Heap Scan on sbtest1  (cost=295.33..34810.68 rows=10039 width=121)
	              Recheck Cond: ((id >= 2851502) AND (id <= 2861501))
	              ->  Bitmap Index Scan on sbtest1_pkey  (cost=0.00..292.82 rows=10039 width=0)
	                    Index Cond: ((id >= 2851502) AND (id <= 2861501))

table 2 : explain SELECT DISTINCT c FROM sbtest2 WHERE id BETWEEN 6866058 AND 6876057 ORDER BY c
	Unique  (cost=36545.00..36596.94 rows=10387 width=121)
	  ->  Sort  (cost=36545.00..36570.97 rows=10387 width=121)
	        Sort Key: c
	        ->  Bitmap Heap Scan on sbtest2  (cost=306.90..35852.06 rows=10387 width=121)
	              Recheck Cond: ((id >= 6866058) AND (id <= 6876057))
	              ->  Bitmap Index Scan on sbtest2_pkey  (cost=0.00..304.31 rows=10387 width=0)
	                    Index Cond: ((id >= 6866058) AND (id <= 6876057))

table 3 : explain SELECT DISTINCT c FROM sbtest3 WHERE id BETWEEN 2869134 AND 2879133 ORDER BY c
	Unique  (cost=34613.78..34662.83 rows=9809 width=121)
	  ->  Sort  (cost=34613.78..34638.31 rows=9809 width=121)
	        Sort Key: c
	        ->  Bitmap Heap Scan on sbtest3  (cost=280.98..33963.45 rows=9809 width=121)
	              Recheck Cond: ((id >= 2869134) AND (id <= 2879133))
	              ->  Bitmap Index Scan on sbtest3_pkey  (cost=0.00..278.53 rows=9809 width=0)
	                    Index Cond: ((id >= 2869134) AND (id <= 2879133))

table 4 : explain SELECT DISTINCT c FROM sbtest4 WHERE id BETWEEN 6778955 AND 6788954 ORDER BY c
	Unique  (cost=35729.77..35780.45 rows=10135 width=121)
	  ->  Sort  (cost=35729.77..35755.11 rows=10135 width=121)
	        Sort Key: c
	        ->  Bitmap Heap Scan on sbtest4  (cost=296.32..35055.44 rows=10135 width=121)
	              Recheck Cond: ((id >= 6778955) AND (id <= 6788954))
	              ->  Bitmap Index Scan on sbtest4_pkey  (cost=0.00..293.79 rows=10135 width=0)
	                    Index Cond: ((id >= 6778955) AND (id <= 6788954))

table 5 : explain SELECT DISTINCT c FROM sbtest5 WHERE id BETWEEN 8691195 AND 8701194 ORDER BY c
	Unique  (cost=38676.45..38731.72 rows=11053 width=121)
	  ->  Sort  (cost=38676.45..38704.08 rows=11053 width=121)
	        Sort Key: c
	        ->  Bitmap Heap Scan on sbtest5  (cost=321.73..37934.12 rows=11053 width=121)
	              Recheck Cond: ((id >= 8691195) AND (id <= 8701194))
	              ->  Bitmap Index Scan on sbtest5_pkey  (cost=0.00..318.96 rows=11053 width=0)
	                    Index Cond: ((id >= 8691195) AND (id <= 8701194))

table 6 : explain SELECT DISTINCT c FROM sbtest6 WHERE id BETWEEN 4669274 AND 4679273 ORDER BY c
	Unique  (cost=34477.04..34525.79 rows=9749 width=121)
	  ->  Sort  (cost=34477.04..34501.41 rows=9749 width=121)
	        Sort Key: c
	        ->  Bitmap Heap Scan on sbtest6  (cost=288.36..33831.12 rows=9749 width=121)
	              Recheck Cond: ((id >= 4669274) AND (id <= 4679273))
	              ->  Bitmap Index Scan on sbtest6_pkey  (cost=0.00..285.93 rows=9749 width=0)
	                    Index Cond: ((id >= 4669274) AND (id <= 4679273))

table 7 : explain SELECT DISTINCT c FROM sbtest7 WHERE id BETWEEN 3440658 AND 3450657 ORDER BY c
	Unique  (cost=36911.53..36964.17 rows=10528 width=121)
	  ->  Sort  (cost=36911.53..36937.85 rows=10528 width=121)
	        Sort Key: c
	        ->  Bitmap Heap Scan on sbtest7  (cost=312.35..36208.16 rows=10528 width=121)
	              Recheck Cond: ((id >= 3440658) AND (id <= 3450657))
	              ->  Bitmap Index Scan on sbtest7_pkey  (cost=0.00..309.71 rows=10528 width=0)
	                    Index Cond: ((id >= 3440658) AND (id <= 3450657))

table 8 : explain SELECT DISTINCT c FROM sbtest8 WHERE id BETWEEN 9380021 AND 9390020 ORDER BY c
	Unique  (cost=32460.55..32506.17 rows=9124 width=121)
	  ->  Sort  (cost=32460.55..32483.36 rows=9124 width=121)
	        Sort Key: c
	        ->  Bitmap Heap Scan on sbtest8  (cost=269.96..31860.40 rows=9124 width=121)
	              Recheck Cond: ((id >= 9380021) AND (id <= 9390020))
	              ->  Bitmap Index Scan on sbtest8_pkey  (cost=0.00..267.68 rows=9124 width=0)
	                    Index Cond: ((id >= 9380021) AND (id <= 9390020))

for: distinct_ranges
table 1 : explain SELECT DISTINCT c FROM sbtest1 WHERE id BETWEEN 9791607 AND 9801606 ORDER BY c
	Unique  (cost=37112.77..37165.50 rows=10546 width=121)
	  ->  Sort  (cost=37112.77..37139.14 rows=10546 width=121)
	        Sort Key: c
	        ->  Bitmap Heap Scan on sbtest1  (cost=308.53..36408.07 rows=10546 width=121)
	              Recheck Cond: ((id >= 9791607) AND (id <= 9801606))
	              ->  Bitmap Index Scan on sbtest1_pkey  (cost=0.00..305.90 rows=10546 width=0)
	                    Index Cond: ((id >= 9791607) AND (id <= 9801606))

table 2 : explain SELECT DISTINCT c FROM sbtest2 WHERE id BETWEEN 6486654 AND 6496653 ORDER BY c
	Unique  (cost=33409.53..33456.62 rows=9418 width=121)
	  ->  Sort  (cost=33409.53..33433.07 rows=9418 width=121)
	        Sort Key: c
	        ->  Bitmap Heap Scan on sbtest2  (cost=276.97..32787.88 rows=9418 width=121)
	              Recheck Cond: ((id >= 6486654) AND (id <= 6496653))
	              ->  Bitmap Index Scan on sbtest2_pkey  (cost=0.00..274.62 rows=9418 width=0)
	                    Index Cond: ((id >= 6486654) AND (id <= 6496653))

table 3 : explain SELECT DISTINCT c FROM sbtest3 WHERE id BETWEEN 1998186 AND 2008185 ORDER BY c
	Unique  (cost=36154.22..36205.65 rows=10287 width=121)
	  ->  Sort  (cost=36154.22..36179.94 rows=10287 width=121)
	        Sort Key: c
	        ->  Bitmap Heap Scan on sbtest3  (cost=297.88..35468.67 rows=10287 width=121)
	              Recheck Cond: ((id >= 1998186) AND (id <= 2008185))
	              ->  Bitmap Index Scan on sbtest3_pkey  (cost=0.00..295.31 rows=10287 width=0)
	                    Index Cond: ((id >= 1998186) AND (id <= 2008185))

table 4 : explain SELECT DISTINCT c FROM sbtest4 WHERE id BETWEEN 2337152 AND 2347151 ORDER BY c
	Unique  (cost=31082.56..31126.10 rows=8708 width=121)
	  ->  Sort  (cost=31082.56..31104.33 rows=8708 width=121)
	        Sort Key: c
	        ->  Bitmap Heap Scan on sbtest4  (cost=253.69..30512.70 rows=8708 width=121)
	              Recheck Cond: ((id >= 2337152) AND (id <= 2347151))
	              ->  Bitmap Index Scan on sbtest4_pkey  (cost=0.00..251.51 rows=8708 width=0)
	                    Index Cond: ((id >= 2337152) AND (id <= 2347151))

table 5 : explain SELECT DISTINCT c FROM sbtest5 WHERE id BETWEEN 4679071 AND 4689070 ORDER BY c
	Unique  (cost=33476.31..33523.49 rows=9436 width=121)
	  ->  Sort  (cost=33476.31..33499.90 rows=9436 width=121)
	        Sort Key: c
	        ->  Bitmap Heap Scan on sbtest5  (cost=277.15..32853.35 rows=9436 width=121)
	              Recheck Cond: ((id >= 4679071) AND (id <= 4689070))
	              ->  Bitmap Index Scan on sbtest5_pkey  (cost=0.00..274.80 rows=9436 width=0)
	                    Index Cond: ((id >= 4679071) AND (id <= 4689070))

table 6 : explain SELECT DISTINCT c FROM sbtest6 WHERE id BETWEEN 5599770 AND 5609769 ORDER BY c
	Unique  (cost=36585.31..36637.32 rows=10403 width=121)
	  ->  Sort  (cost=36585.31..36611.32 rows=10403 width=121)
	        Sort Key: c
	        ->  Bitmap Heap Scan on sbtest6  (cost=307.07..35891.18 rows=10403 width=121)
	              Recheck Cond: ((id >= 5599770) AND (id <= 5609769))
	              ->  Bitmap Index Scan on sbtest6_pkey  (cost=0.00..304.46 rows=10403 width=0)
	                    Index Cond: ((id >= 5599770) AND (id <= 5609769))

table 7 : explain SELECT DISTINCT c FROM sbtest7 WHERE id BETWEEN 7321296 AND 7331295 ORDER BY c
	Unique  (cost=38137.25..38191.82 rows=10913 width=121)
	  ->  Sort  (cost=38137.25..38164.53 rows=10913 width=121)
	        Sort Key: c
	        ->  Bitmap Heap Scan on sbtest7  (cost=324.29..37405.33 rows=10913 width=121)
	              Recheck Cond: ((id >= 7321296) AND (id <= 7331295))
	              ->  Bitmap Index Scan on sbtest7_pkey  (cost=0.00..321.56 rows=10913 width=0)
	                    Index Cond: ((id >= 7321296) AND (id <= 7331295))

table 8 : explain SELECT DISTINCT c FROM sbtest8 WHERE id BETWEEN 9113213 AND 9123212 ORDER BY c
	Unique  (cost=34881.65..34930.99 rows=9868 width=121)
	  ->  Sort  (cost=34881.65..34906.32 rows=9868 width=121)
	        Sort Key: c
	        ->  Bitmap Heap Scan on sbtest8  (cost=293.58..34226.98 rows=9868 width=121)
	              Recheck Cond: ((id >= 9113213) AND (id <= 9123212))
	              ->  Bitmap Index Scan on sbtest8_pkey  (cost=0.00..291.12 rows=9868 width=0)
	                    Index Cond: ((id >= 9113213) AND (id <= 9123212))

for: sum_ranges
table 1 : explain SELECT SUM(k) FROM sbtest1 WHERE id BETWEEN 3690256 AND 3700255
	Aggregate  (cost=34139.40..34139.41 rows=1 width=8)
	  ->  Bitmap Heap Scan on sbtest1  (cost=285.09..34114.85 rows=9820 width=4)
	        Recheck Cond: ((id >= 3690256) AND (id <= 3700255))
	        ->  Bitmap Index Scan on sbtest1_pkey  (cost=0.00..282.63 rows=9820 width=0)
	              Index Cond: ((id >= 3690256) AND (id <= 3700255))

table 2 : explain SELECT SUM(k) FROM sbtest2 WHERE id BETWEEN 1015433 AND 1025432
	Aggregate  (cost=35286.92..35286.93 rows=1 width=8)
	  ->  Bitmap Heap Scan on sbtest2  (cost=300.97..35261.42 rows=10199 width=4)
	        Recheck Cond: ((id >= 1015433) AND (id <= 1025432))
	        ->  Bitmap Index Scan on sbtest2_pkey  (cost=0.00..298.43 rows=10199 width=0)
	              Index Cond: ((id >= 1015433) AND (id <= 1025432))

table 3 : explain SELECT SUM(k) FROM sbtest3 WHERE id BETWEEN 4516070 AND 4526069
	Aggregate  (cost=33495.46..33495.47 rows=1 width=8)
	  ->  Bitmap Heap Scan on sbtest3  (cost=279.37..33471.33 rows=9652 width=4)
	        Recheck Cond: ((id >= 4516070) AND (id <= 4526069))
	        ->  Bitmap Index Scan on sbtest3_pkey  (cost=0.00..276.95 rows=9652 width=0)
	              Index Cond: ((id >= 4516070) AND (id <= 4526069))

table 4 : explain SELECT SUM(k) FROM sbtest4 WHERE id BETWEEN 2743056 AND 2753055
	Aggregate  (cost=34358.36..34358.37 rows=1 width=8)
	  ->  Bitmap Heap Scan on sbtest4  (cost=289.97..34333.59 rows=9906 width=4)
	        Recheck Cond: ((id >= 2743056) AND (id <= 2753055))
	        ->  Bitmap Index Scan on sbtest4_pkey  (cost=0.00..287.50 rows=9906 width=0)
	              Index Cond: ((id >= 2743056) AND (id <= 2753055))

table 5 : explain SELECT SUM(k) FROM sbtest5 WHERE id BETWEEN 983679 AND 993678
	Aggregate  (cost=34263.73..34263.74 rows=1 width=8)
	  ->  Bitmap Heap Scan on sbtest5  (cost=289.63..34239.05 rows=9873 width=4)
	        Recheck Cond: ((id >= 983679) AND (id <= 993678))
	        ->  Bitmap Index Scan on sbtest5_pkey  (cost=0.00..287.17 rows=9873 width=0)
	              Index Cond: ((id >= 983679) AND (id <= 993678))

table 6 : explain SELECT SUM(k) FROM sbtest6 WHERE id BETWEEN 2874455 AND 2884454
	Aggregate  (cost=33998.26..33998.27 rows=1 width=8)
	  ->  Bitmap Heap Scan on sbtest6  (cost=288.82..33973.77 rows=9794 width=4)
	        Recheck Cond: ((id >= 2874455) AND (id <= 2884454))
	        ->  Bitmap Index Scan on sbtest6_pkey  (cost=0.00..286.38 rows=9794 width=0)
	              Index Cond: ((id >= 2874455) AND (id <= 2884454))

table 7 : explain SELECT SUM(k) FROM sbtest7 WHERE id BETWEEN 7707701 AND 7717700
	Aggregate  (cost=38669.84..38669.85 rows=1 width=8)
	  ->  Bitmap Heap Scan on sbtest7  (cost=336.39..38641.56 rows=11313 width=4)
	        Recheck Cond: ((id >= 7707701) AND (id <= 7717700))
	        ->  Bitmap Index Scan on sbtest7_pkey  (cost=0.00..333.56 rows=11313 width=0)
	              Index Cond: ((id >= 7707701) AND (id <= 7717700))

table 8 : explain SELECT SUM(k) FROM sbtest8 WHERE id BETWEEN 7217285 AND 7227284
	Aggregate  (cost=35116.99..35117.00 rows=1 width=8)
	  ->  Bitmap Heap Scan on sbtest8  (cost=300.39..35091.63 rows=10142 width=4)
	        Recheck Cond: ((id >= 7217285) AND (id <= 7227284))
	        ->  Bitmap Index Scan on sbtest8_pkey  (cost=0.00..297.86 rows=10142 width=0)
	              Index Cond: ((id >= 7217285) AND (id <= 7227284))

for: distinct_ranges
table 1 : explain SELECT DISTINCT c FROM sbtest1 WHERE id BETWEEN 2853475 AND 2863474 ORDER BY c
	Unique  (cost=35477.93..35528.13 rows=10039 width=121)
	  ->  Sort  (cost=35477.93..35503.03 rows=10039 width=121)
	        Sort Key: c
	        ->  Bitmap Heap Scan on sbtest1  (cost=295.33..34810.68 rows=10039 width=121)
	              Recheck Cond: ((id >= 2853475) AND (id <= 2863474))
	              ->  Bitmap Index Scan on sbtest1_pkey  (cost=0.00..292.82 rows=10039 width=0)
	                    Index Cond: ((id >= 2853475) AND (id <= 2863474))

table 2 : explain SELECT DISTINCT c FROM sbtest2 WHERE id BETWEEN 5539874 AND 5549873 ORDER BY c
	Unique  (cost=35583.56..35634.00 rows=10088 width=121)
	  ->  Sort  (cost=35583.56..35608.78 rows=10088 width=121)
	        Sort Key: c
	        ->  Bitmap Heap Scan on sbtest2  (cost=299.84..34912.69 rows=10088 width=121)
	              Recheck Cond: ((id >= 5539874) AND (id <= 5549873))
	              ->  Bitmap Index Scan on sbtest2_pkey  (cost=0.00..297.31 rows=10088 width=0)
	                    Index Cond: ((id >= 5539874) AND (id <= 5549873))

table 3 : explain SELECT DISTINCT c FROM sbtest3 WHERE id BETWEEN 223809 AND 233808 ORDER BY c
	Unique  (cost=36966.97..37019.68 rows=10542 width=121)
	  ->  Sort  (cost=36966.97..36993.32 rows=10542 width=121)
	        Sort Key: c
	        ->  Bitmap Heap Scan on sbtest3  (cost=304.49..36262.56 rows=10542 width=121)
	              Recheck Cond: ((id >= 223809) AND (id <= 233808))
	              ->  Bitmap Index Scan on sbtest3_pkey  (cost=0.00..301.86 rows=10542 width=0)
	                    Index Cond: ((id >= 223809) AND (id <= 233808))

table 4 : explain SELECT DISTINCT c FROM sbtest4 WHERE id BETWEEN 8935284 AND 8945283 ORDER BY c
	Unique  (cost=36796.09..36848.43 rows=10468 width=121)
	  ->  Sort  (cost=36796.09..36822.26 rows=10468 width=121)
	        Sort Key: c
	        ->  Bitmap Heap Scan on sbtest4  (cost=303.73..36097.16 rows=10468 width=121)
	              Recheck Cond: ((id >= 8935284) AND (id <= 8945283))
	              ->  Bitmap Index Scan on sbtest4_pkey  (cost=0.00..301.12 rows=10468 width=0)
	                    Index Cond: ((id >= 8935284) AND (id <= 8945283))

table 5 : explain SELECT DISTINCT c FROM sbtest5 WHERE id BETWEEN 4062528 AND 4072527 ORDER BY c
	Unique  (cost=35434.84..35485.04 rows=10040 width=121)
	  ->  Sort  (cost=35434.84..35459.94 rows=10040 width=121)
	        Sort Key: c
	        ->  Bitmap Heap Scan on sbtest5  (cost=295.34..34767.51 rows=10040 width=121)
	              Recheck Cond: ((id >= 4062528) AND (id <= 4072527))
	              ->  Bitmap Index Scan on sbtest5_pkey  (cost=0.00..292.83 rows=10040 width=0)
	                    Index Cond: ((id >= 4062528) AND (id <= 4072527))

table 6 : explain SELECT DISTINCT c FROM sbtest6 WHERE id BETWEEN 868807 AND 878806 ORDER BY c
	Unique  (cost=35934.95..35985.96 rows=10201 width=121)
	  ->  Sort  (cost=35934.95..35960.46 rows=10201 width=121)
	        Sort Key: c
	        ->  Bitmap Heap Scan on sbtest6  (cost=301.00..35255.75 rows=10201 width=121)
	              Recheck Cond: ((id >= 868807) AND (id <= 878806))
	              ->  Bitmap Index Scan on sbtest6_pkey  (cost=0.00..298.44 rows=10201 width=0)
	                    Index Cond: ((id >= 868807) AND (id <= 878806))

table 7 : explain SELECT DISTINCT c FROM sbtest7 WHERE id BETWEEN 7813603 AND 7823602 ORDER BY c
	Unique  (cost=37892.23..37946.41 rows=10836 width=121)
	  ->  Sort  (cost=37892.23..37919.32 rows=10836 width=121)
	        Sort Key: c
	        ->  Bitmap Heap Scan on sbtest7  (cost=323.50..37166.03 rows=10836 width=121)
	              Recheck Cond: ((id >= 7813603) AND (id <= 7823602))
	              ->  Bitmap Index Scan on sbtest7_pkey  (cost=0.00..320.80 rows=10836 width=0)
	                    Index Cond: ((id >= 7813603) AND (id <= 7823602))

table 8 : explain SELECT DISTINCT c FROM sbtest8 WHERE id BETWEEN 1847536 AND 1857535 ORDER BY c
	Unique  (cost=34203.47..34251.76 rows=9658 width=121)
	  ->  Sort  (cost=34203.47..34227.61 rows=9658 width=121)
	        Sort Key: c
	        ->  Bitmap Heap Scan on sbtest8  (cost=287.43..33564.23 rows=9658 width=121)
	              Recheck Cond: ((id >= 1847536) AND (id <= 1857535))
	              ->  Bitmap Index Scan on sbtest8_pkey  (cost=0.00..285.01 rows=9658 width=0)
	                    Index Cond: ((id >= 1847536) AND (id <= 1857535))

for: sum_ranges
table 1 : explain SELECT SUM(k) FROM sbtest1 WHERE id BETWEEN 8064098 AND 8074097
	Aggregate  (cost=34881.16..34881.17 rows=1 width=8)
	  ->  Bitmap Heap Scan on sbtest1  (cost=295.48..34856.02 rows=10053 width=4)
	        Recheck Cond: ((id >= 8064098) AND (id <= 8074097))
	        ->  Bitmap Index Scan on sbtest1_pkey  (cost=0.00..292.96 rows=10053 width=0)
	              Index Cond: ((id >= 8064098) AND (id <= 8074097))

table 2 : explain SELECT SUM(k) FROM sbtest2 WHERE id BETWEEN 1587829 AND 1597828
	Aggregate  (cost=31667.10..31667.11 rows=1 width=8)
	  ->  Bitmap Heap Scan on sbtest2  (cost=269.29..31644.45 rows=9059 width=4)
	        Recheck Cond: ((id >= 1587829) AND (id <= 1597828))
	        ->  Bitmap Index Scan on sbtest2_pkey  (cost=0.00..267.03 rows=9059 width=0)
	              Index Cond: ((id >= 1587829) AND (id <= 1597828))

table 3 : explain SELECT SUM(k) FROM sbtest3 WHERE id BETWEEN 8367177 AND 8377176
	Aggregate  (cost=35181.24..35181.25 rows=1 width=8)
	  ->  Bitmap Heap Scan on sbtest3  (cost=292.86..35155.77 rows=10188 width=4)
	        Recheck Cond: ((id >= 8367177) AND (id <= 8377176))
	        ->  Bitmap Index Scan on sbtest3_pkey  (cost=0.00..290.31 rows=10188 width=0)
	              Index Cond: ((id >= 8367177) AND (id <= 8377176))

table 4 : explain SELECT SUM(k) FROM sbtest4 WHERE id BETWEEN 8700219 AND 8710218
	Aggregate  (cost=36654.70..36654.71 rows=1 width=8)
	  ->  Bitmap Heap Scan on sbtest4  (cost=309.46..36628.10 rows=10637 width=4)
	        Recheck Cond: ((id >= 8700219) AND (id <= 8710218))
	        ->  Bitmap Index Scan on sbtest4_pkey  (cost=0.00..306.81 rows=10637 width=0)
	              Index Cond: ((id >= 8700219) AND (id <= 8710218))

table 5 : explain SELECT SUM(k) FROM sbtest5 WHERE id BETWEEN 7795057 AND 7805056
	Aggregate  (cost=35209.81..35209.82 rows=1 width=8)
	  ->  Bitmap Heap Scan on sbtest5  (cost=296.71..35184.38 rows=10173 width=4)
	        Recheck Cond: ((id >= 7795057) AND (id <= 7805056))
	        ->  Bitmap Index Scan on sbtest5_pkey  (cost=0.00..294.17 rows=10173 width=0)
	              Index Cond: ((id >= 7795057) AND (id <= 7805056))

table 6 : explain SELECT SUM(k) FROM sbtest6 WHERE id BETWEEN 4229804 AND 4239803
	Aggregate  (cost=32920.79..32920.80 rows=1 width=8)
	  ->  Bitmap Heap Scan on sbtest6  (cost=277.35..32897.15 rows=9455 width=4)
	        Recheck Cond: ((id >= 4229804) AND (id <= 4239803))
	        ->  Bitmap Index Scan on sbtest6_pkey  (cost=0.00..274.99 rows=9455 width=0)
	              Index Cond: ((id >= 4229804) AND (id <= 4239803))

table 7 : explain SELECT SUM(k) FROM sbtest7 WHERE id BETWEEN 9640532 AND 9650531
	Aggregate  (cost=32532.71..32532.72 rows=1 width=8)
	  ->  Bitmap Heap Scan on sbtest7  (cost=280.28..32509.34 rows=9351 width=4)
	        Recheck Cond: ((id >= 9640532) AND (id <= 9650531))
	        ->  Bitmap Index Scan on sbtest7_pkey  (cost=0.00..277.94 rows=9351 width=0)
	              Index Cond: ((id >= 9640532) AND (id <= 9650531))

table 8 : explain SELECT SUM(k) FROM sbtest8 WHERE id BETWEEN 7295481 AND 7305480
	Aggregate  (cost=37431.22..37431.23 rows=1 width=8)
	  ->  Bitmap Heap Scan on sbtest8  (cost=323.96..37404.02 rows=10880 width=4)
	        Recheck Cond: ((id >= 7295481) AND (id <= 7305480))
	        ->  Bitmap Index Scan on sbtest8_pkey  (cost=0.00..321.24 rows=10880 width=0)
	              Index Cond: ((id >= 7295481) AND (id <= 7305480))

for: order_ranges
table 1 : explain SELECT c FROM sbtest1 WHERE id BETWEEN 8592593 AND 8602592 ORDER BY c
	Sort  (cost=34146.93..34171.00 rows=9628 width=121)
	  Sort Key: c
	  ->  Bitmap Heap Scan on sbtest1  (cost=283.12..33509.89 rows=9628 width=121)
	        Recheck Cond: ((id >= 8592593) AND (id <= 8602592))
	        ->  Bitmap Index Scan on sbtest1_pkey  (cost=0.00..280.71 rows=9628 width=0)
	              Index Cond: ((id >= 8592593) AND (id <= 8602592))

table 2 : explain SELECT c FROM sbtest2 WHERE id BETWEEN 3789342 AND 3799341 ORDER BY c
	Sort  (cost=34498.65..34523.04 rows=9753 width=121)
	  Sort Key: c
	  ->  Bitmap Heap Scan on sbtest2  (cost=288.40..33852.44 rows=9753 width=121)
	        Recheck Cond: ((id >= 3789342) AND (id <= 3799341))
	        ->  Bitmap Index Scan on sbtest2_pkey  (cost=0.00..285.96 rows=9753 width=0)
	              Index Cond: ((id >= 3789342) AND (id <= 3799341))

table 3 : explain SELECT c FROM sbtest3 WHERE id BETWEEN 1432831 AND 1442830 ORDER BY c
	Sort  (cost=33734.49..33758.33 rows=9537 width=121)
	  Sort Key: c
	  ->  Bitmap Heap Scan on sbtest3  (cost=274.19..33104.12 rows=9537 width=121)
	        Recheck Cond: ((id >= 1432831) AND (id <= 1442830))
	        ->  Bitmap Index Scan on sbtest3_pkey  (cost=0.00..271.81 rows=9537 width=0)
	              Index Cond: ((id >= 1432831) AND (id <= 1442830))

table 4 : explain SELECT c FROM sbtest4 WHERE id BETWEEN 4303432 AND 4313431 ORDER BY c
	Sort  (cost=33180.49..33203.86 rows=9349 width=121)
	  Sort Key: c
	  ->  Bitmap Heap Scan on sbtest4  (cost=272.26..32563.90 rows=9349 width=121)
	        Recheck Cond: ((id >= 4303432) AND (id <= 4313431))
	        ->  Bitmap Index Scan on sbtest4_pkey  (cost=0.00..269.93 rows=9349 width=0)
	              Index Cond: ((id >= 4303432) AND (id <= 4313431))

table 5 : explain SELECT c FROM sbtest5 WHERE id BETWEEN 3909094 AND 3919093 ORDER BY c
	Sort  (cost=37898.92..37925.94 rows=10808 width=121)
	  Sort Key: c
	  ->  Bitmap Heap Scan on sbtest5  (cost=315.22..37174.80 rows=10808 width=121)
	        Recheck Cond: ((id >= 3909094) AND (id <= 3919093))
	        ->  Bitmap Index Scan on sbtest5_pkey  (cost=0.00..312.51 rows=10808 width=0)
	              Index Cond: ((id >= 3909094) AND (id <= 3919093))

table 6 : explain SELECT c FROM sbtest6 WHERE id BETWEEN 9944372 AND 9954371 ORDER BY c
	Sort  (cost=36297.95..36323.74 rows=10315 width=121)
	  Sort Key: c
	  ->  Bitmap Heap Scan on sbtest6  (cost=302.16..35610.33 rows=10315 width=121)
	        Recheck Cond: ((id >= 9944372) AND (id <= 9954371))
	        ->  Bitmap Index Scan on sbtest6_pkey  (cost=0.00..299.58 rows=10315 width=0)
	              Index Cond: ((id >= 9944372) AND (id <= 9954371))

table 7 : explain SELECT c FROM sbtest7 WHERE id BETWEEN 6313722 AND 6323721 ORDER BY c
	Sort  (cost=32479.49..32502.38 rows=9153 width=121)
	  Sort Key: c
	  ->  Bitmap Heap Scan on sbtest7  (cost=274.25..31877.22 rows=9153 width=121)
	        Recheck Cond: ((id >= 6313722) AND (id <= 6323721))
	        ->  Bitmap Index Scan on sbtest7_pkey  (cost=0.00..271.96 rows=9153 width=0)
	              Index Cond: ((id >= 6313722) AND (id <= 6323721))

table 8 : explain SELECT c FROM sbtest8 WHERE id BETWEEN 2052690 AND 2062689 ORDER BY c
	Sort  (cost=36626.20..36652.22 rows=10408 width=121)
	  Sort Key: c
	  ->  Bitmap Heap Scan on sbtest8  (cost=311.12..35931.71 rows=10408 width=121)
	        Recheck Cond: ((id >= 2052690) AND (id <= 2062689))
	        ->  Bitmap Index Scan on sbtest8_pkey  (cost=0.00..308.51 rows=10408 width=0)
	              Index Cond: ((id >= 2052690) AND (id <= 2062689))

for: distinct_ranges
table 1 : explain SELECT DISTINCT c FROM sbtest1 WHERE id BETWEEN 1710238 AND 1720237 ORDER BY c
	Unique  (cost=33395.70..33442.69 rows=9398 width=121)
	  ->  Sort  (cost=33395.70..33419.19 rows=9398 width=121)
	        Sort Key: c
	        ->  Bitmap Heap Scan on sbtest1  (cost=276.76..32775.51 rows=9398 width=121)
	              Recheck Cond: ((id >= 1710238) AND (id <= 1720237))
	              ->  Bitmap Index Scan on sbtest1_pkey  (cost=0.00..274.42 rows=9398 width=0)
	                    Index Cond: ((id >= 1710238) AND (id <= 1720237))

table 2 : explain SELECT DISTINCT c FROM sbtest2 WHERE id BETWEEN 4624834 AND 4634833 ORDER BY c
	Unique  (cost=34165.78..34214.04 rows=9651 width=121)
	  ->  Sort  (cost=34165.78..34189.91 rows=9651 width=121)
	        Sort Key: c
	        ->  Bitmap Heap Scan on sbtest2  (cost=283.36..33527.06 rows=9651 width=121)
	              Recheck Cond: ((id >= 4624834) AND (id <= 4634833))
	              ->  Bitmap Index Scan on sbtest2_pkey  (cost=0.00..280.94 rows=9651 width=0)
	                    Index Cond: ((id >= 4624834) AND (id <= 4634833))

table 3 : explain SELECT DISTINCT c FROM sbtest3 WHERE id BETWEEN 7716573 AND 7726572 ORDER BY c
	Unique  (cost=35609.83..35660.42 rows=10118 width=121)
	  ->  Sort  (cost=35609.83..35635.13 rows=10118 width=121)
	        Sort Key: c
	        ->  Bitmap Heap Scan on sbtest3  (cost=292.14..34936.75 rows=10118 width=121)
	              Recheck Cond: ((id >= 7716573) AND (id <= 7726572))
	              ->  Bitmap Index Scan on sbtest3_pkey  (cost=0.00..289.62 rows=10118 width=0)
	                    Index Cond: ((id >= 7716573) AND (id <= 7726572))

table 4 : explain SELECT DISTINCT c FROM sbtest4 WHERE id BETWEEN 9042436 AND 9052435 ORDER BY c
	Unique  (cost=33701.04..33748.58 rows=9509 width=121)
	  ->  Sort  (cost=33701.04..33724.81 rows=9509 width=121)
	        Sort Key: c
	        ->  Bitmap Heap Scan on sbtest4  (cost=277.90..33072.73 rows=9509 width=121)
	              Recheck Cond: ((id >= 9042436) AND (id <= 9052435))
	              ->  Bitmap Index Scan on sbtest4_pkey  (cost=0.00..275.53 rows=9509 width=0)
	                    Index Cond: ((id >= 9042436) AND (id <= 9052435))

table 5 : explain SELECT DISTINCT c FROM sbtest5 WHERE id BETWEEN 8144073 AND 8154072 ORDER BY c
	Unique  (cost=36958.16..37010.73 rows=10514 width=121)
	  ->  Sort  (cost=36958.16..36984.44 rows=10514 width=121)
	        Sort Key: c
	        ->  Bitmap Heap Scan on sbtest5  (cost=308.20..36255.82 rows=10514 width=121)
	              Recheck Cond: ((id >= 8144073) AND (id <= 8154072))
	              ->  Bitmap Index Scan on sbtest5_pkey  (cost=0.00..305.57 rows=10514 width=0)
	                    Index Cond: ((id >= 8144073) AND (id <= 8154072))

table 6 : explain SELECT DISTINCT c FROM sbtest6 WHERE id BETWEEN 6286736 AND 6296735 ORDER BY c
	Unique  (cost=33658.77..33706.25 rows=9497 width=121)
	  ->  Sort  (cost=33658.77..33682.51 rows=9497 width=121)
	        Sort Key: c
	        ->  Bitmap Heap Scan on sbtest6  (cost=281.78..33031.33 rows=9497 width=121)
	              Recheck Cond: ((id >= 6286736) AND (id <= 6296735))
	              ->  Bitmap Index Scan on sbtest6_pkey  (cost=0.00..279.41 rows=9497 width=0)
	                    Index Cond: ((id >= 6286736) AND (id <= 6296735))

table 7 : explain SELECT DISTINCT c FROM sbtest7 WHERE id BETWEEN 5512158 AND 5522157 ORDER BY c
	Unique  (cost=36355.82..36407.59 rows=10354 width=121)
	  ->  Sort  (cost=36355.82..36381.70 rows=10354 width=121)
	        Sort Key: c
	        ->  Bitmap Heap Scan on sbtest7  (cost=306.56..35665.32 rows=10354 width=121)
	              Recheck Cond: ((id >= 5512158) AND (id <= 5522157))
	              ->  Bitmap Index Scan on sbtest7_pkey  (cost=0.00..303.98 rows=10354 width=0)
	                    Index Cond: ((id >= 5512158) AND (id <= 5522157))

table 8 : explain SELECT DISTINCT c FROM sbtest8 WHERE id BETWEEN 986923 AND 996922 ORDER BY c
	Unique  (cost=36332.06..36383.65 rows=10318 width=121)
	  ->  Sort  (cost=36332.06..36357.85 rows=10318 width=121)
	        Sort Key: c
	        ->  Bitmap Heap Scan on sbtest8  (cost=306.19..35644.21 rows=10318 width=121)
	              Recheck Cond: ((id >= 986923) AND (id <= 996922))
	              ->  Bitmap Index Scan on sbtest8_pkey  (cost=0.00..303.62 rows=10318 width=0)
	                    Index Cond: ((id >= 986923) AND (id <= 996922))

for: order_ranges
table 1 : explain SELECT c FROM sbtest1 WHERE id BETWEEN 7408396 AND 7418395 ORDER BY c
	Sort  (cost=37317.14..37343.66 rows=10610 width=121)
	  Sort Key: c
	  ->  Bitmap Heap Scan on sbtest1  (cost=309.19..36607.69 rows=10610 width=121)
	        Recheck Cond: ((id >= 7408396) AND (id <= 7418395))
	        ->  Bitmap Index Scan on sbtest1_pkey  (cost=0.00..306.54 rows=10610 width=0)
	              Index Cond: ((id >= 7408396) AND (id <= 7418395))

table 2 : explain SELECT c FROM sbtest2 WHERE id BETWEEN 4218452 AND 4228451 ORDER BY c
	Sort  (cost=35304.89..35329.90 rows=10002 width=121)
	  Sort Key: c
	  ->  Bitmap Heap Scan on sbtest2  (cost=294.96..34640.36 rows=10002 width=121)
	        Recheck Cond: ((id >= 4218452) AND (id <= 4228451))
	        ->  Bitmap Index Scan on sbtest2_pkey  (cost=0.00..292.45 rows=10002 width=0)
	              Index Cond: ((id >= 4218452) AND (id <= 4228451))

table 3 : explain SELECT c FROM sbtest3 WHERE id BETWEEN 7832537 AND 7842536 ORDER BY c
	Sort  (cost=35784.62..35810.06 rows=10173 width=121)
	  Sort Key: c
	  ->  Bitmap Heap Scan on sbtest3  (cost=292.71..35107.49 rows=10173 width=121)
	        Recheck Cond: ((id >= 7832537) AND (id <= 7842536))
	        ->  Bitmap Index Scan on sbtest3_pkey  (cost=0.00..290.17 rows=10173 width=0)
	              Index Cond: ((id >= 7832537) AND (id <= 7842536))

table 4 : explain SELECT c FROM sbtest4 WHERE id BETWEEN 3338739 AND 3348738 ORDER BY c
	Sort  (cost=34333.47..34357.73 rows=9703 width=121)
	  Sort Key: c
	  ->  Bitmap Heap Scan on sbtest4  (cost=283.89..33690.93 rows=9703 width=121)
	        Recheck Cond: ((id >= 3338739) AND (id <= 3348738))
	        ->  Bitmap Index Scan on sbtest4_pkey  (cost=0.00..281.46 rows=9703 width=0)
	              Index Cond: ((id >= 3338739) AND (id <= 3348738))

table 5 : explain SELECT c FROM sbtest5 WHERE id BETWEEN 9751072 AND 9761071 ORDER BY c
	Sort  (cost=33592.95..33616.63 rows=9472 width=121)
	  Sort Key: c
	  ->  Bitmap Heap Scan on sbtest5  (cost=277.52..32967.35 rows=9472 width=121)
	        Recheck Cond: ((id >= 9751072) AND (id <= 9761071))
	        ->  Bitmap Index Scan on sbtest5_pkey  (cost=0.00..275.16 rows=9472 width=0)
	              Index Cond: ((id >= 9751072) AND (id <= 9761071))

table 6 : explain SELECT c FROM sbtest6 WHERE id BETWEEN 4725221 AND 4735220 ORDER BY c
	Sort  (cost=32626.87..32649.82 rows=9180 width=121)
	  Sort Key: c
	  ->  Bitmap Heap Scan on sbtest6  (cost=270.53..32022.63 rows=9180 width=121)
	        Recheck Cond: ((id >= 4725221) AND (id <= 4735220))
	        ->  Bitmap Index Scan on sbtest6_pkey  (cost=0.00..268.24 rows=9180 width=0)
	              Index Cond: ((id >= 4725221) AND (id <= 4735220))

table 7 : explain SELECT c FROM sbtest7 WHERE id BETWEEN 8235390 AND 8245389 ORDER BY c
	Sort  (cost=39507.27..39535.63 rows=11346 width=121)
	  Sort Key: c
	  ->  Bitmap Heap Scan on sbtest7  (cost=336.73..38743.12 rows=11346 width=121)
	        Recheck Cond: ((id >= 8235390) AND (id <= 8245389))
	        ->  Bitmap Index Scan on sbtest7_pkey  (cost=0.00..333.90 rows=11346 width=0)
	              Index Cond: ((id >= 8235390) AND (id <= 8245389))

table 8 : explain SELECT c FROM sbtest8 WHERE id BETWEEN 4462819 AND 4472818 ORDER BY c
	Sort  (cost=35982.01..36007.53 rows=10208 width=121)
	  Sort Key: c
	  ->  Bitmap Heap Scan on sbtest8  (cost=305.07..35302.29 rows=10208 width=121)
	        Recheck Cond: ((id >= 4462819) AND (id <= 4472818))
	        ->  Bitmap Index Scan on sbtest8_pkey  (cost=0.00..302.51 rows=10208 width=0)
	              Index Cond: ((id >= 4462819) AND (id <= 4472818))

for: sum_ranges
table 1 : explain SELECT SUM(k) FROM sbtest1 WHERE id BETWEEN 9136383 AND 9146382
	Aggregate  (cost=37047.01..37047.02 rows=1 width=8)
	  ->  Bitmap Heap Scan on sbtest1  (cost=314.54..37020.15 rows=10742 width=4)
	        Recheck Cond: ((id >= 9136383) AND (id <= 9146382))
	        ->  Bitmap Index Scan on sbtest1_pkey  (cost=0.00..311.86 rows=10742 width=0)
	              Index Cond: ((id >= 9136383) AND (id <= 9146382))

table 2 : explain SELECT SUM(k) FROM sbtest2 WHERE id BETWEEN 3651383 AND 3661382
	Aggregate  (cost=36080.95..36080.96 rows=1 width=8)
	  ->  Bitmap Heap Scan on sbtest2  (cost=307.57..36054.82 rows=10452 width=4)
	        Recheck Cond: ((id >= 3651383) AND (id <= 3661382))
	        ->  Bitmap Index Scan on sbtest2_pkey  (cost=0.00..304.95 rows=10452 width=0)
	              Index Cond: ((id >= 3651383) AND (id <= 3661382))

table 3 : explain SELECT SUM(k) FROM sbtest3 WHERE id BETWEEN 1583132 AND 1593131
	Aggregate  (cost=34826.57..34826.58 rows=1 width=8)
	  ->  Bitmap Heap Scan on sbtest3  (cost=291.70..34801.39 rows=10075 width=4)
	        Recheck Cond: ((id >= 1583132) AND (id <= 1593131))
	        ->  Bitmap Index Scan on sbtest3_pkey  (cost=0.00..289.19 rows=10075 width=0)
	              Index Cond: ((id >= 1583132) AND (id <= 1593131))

table 4 : explain SELECT SUM(k) FROM sbtest4 WHERE id BETWEEN 9668273 AND 9678272
	Aggregate  (cost=33389.38..33389.39 rows=1 width=8)
	  ->  Bitmap Heap Scan on sbtest4  (cost=278.85..33365.38 rows=9601 width=4)
	        Recheck Cond: ((id >= 9668273) AND (id <= 9678272))
	        ->  Bitmap Index Scan on sbtest4_pkey  (cost=0.00..276.44 rows=9601 width=0)
	              Index Cond: ((id >= 9668273) AND (id <= 9678272))

table 5 : explain SELECT SUM(k) FROM sbtest5 WHERE id BETWEEN 2363573 AND 2373572
	Aggregate  (cost=33483.44..33483.45 rows=1 width=8)
	  ->  Bitmap Heap Scan on sbtest5  (cost=283.11..33459.38 rows=9627 width=4)
	        Recheck Cond: ((id >= 2363573) AND (id <= 2373572))
	        ->  Bitmap Index Scan on sbtest5_pkey  (cost=0.00..280.70 rows=9627 width=0)
	              Index Cond: ((id >= 2363573) AND (id <= 2373572))

table 6 : explain SELECT SUM(k) FROM sbtest6 WHERE id BETWEEN 6360495 AND 6370494
	Aggregate  (cost=38404.53..38404.54 rows=1 width=8)
	  ->  Bitmap Heap Scan on sbtest6  (cost=331.25..38376.53 rows=11201 width=4)
	        Recheck Cond: ((id >= 6360495) AND (id <= 6370494))
	        ->  Bitmap Index Scan on sbtest6_pkey  (cost=0.00..328.44 rows=11201 width=0)
	              Index Cond: ((id >= 6360495) AND (id <= 6370494))

table 7 : explain SELECT SUM(k) FROM sbtest7 WHERE id BETWEEN 2334172 AND 2344171
	Aggregate  (cost=29848.03..29848.04 rows=1 width=8)
	  ->  Bitmap Heap Scan on sbtest7  (cost=255.68..29826.75 rows=8512 width=4)
	        Recheck Cond: ((id >= 2334172) AND (id <= 2344171))
	        ->  Bitmap Index Scan on sbtest7_pkey  (cost=0.00..253.56 rows=8512 width=0)
	              Index Cond: ((id >= 2334172) AND (id <= 2344171))

table 8 : explain SELECT SUM(k) FROM sbtest8 WHERE id BETWEEN 1227470 AND 1237469
	Aggregate  (cost=35136.38..35136.39 rows=1 width=8)
	  ->  Bitmap Heap Scan on sbtest8  (cost=300.45..35111.01 rows=10148 width=4)
	        Recheck Cond: ((id >= 1227470) AND (id <= 1237469))
	        ->  Bitmap Index Scan on sbtest8_pkey  (cost=0.00..297.92 rows=10148 width=0)
	              Index Cond: ((id >= 1227470) AND (id <= 1237469))

for: distinct_ranges
table 1 : explain SELECT DISTINCT c FROM sbtest1 WHERE id BETWEEN 6834405 AND 6844404 ORDER BY c
	Unique  (cost=31546.94..31591.11 rows=8834 width=121)
	  ->  Sort  (cost=31546.94..31569.03 rows=8834 width=121)
	        Sort Key: c
	        ->  Bitmap Heap Scan on sbtest1  (cost=258.98..30967.92 rows=8834 width=121)
	              Recheck Cond: ((id >= 6834405) AND (id <= 6844404))
	              ->  Bitmap Index Scan on sbtest1_pkey  (cost=0.00..256.78 rows=8834 width=0)
	                    Index Cond: ((id >= 6834405) AND (id <= 6844404))

table 2 : explain SELECT DISTINCT c FROM sbtest2 WHERE id BETWEEN 9885158 AND 9895157 ORDER BY c
	Unique  (cost=33839.84..33887.59 rows=9550 width=121)
	  ->  Sort  (cost=33839.84..33863.71 rows=9550 width=121)
	        Sort Key: c
	        ->  Bitmap Heap Scan on sbtest2  (cost=282.32..33208.52 rows=9550 width=121)
	              Recheck Cond: ((id >= 9885158) AND (id <= 9895157))
	              ->  Bitmap Index Scan on sbtest2_pkey  (cost=0.00..279.94 rows=9550 width=0)
	                    Index Cond: ((id >= 9885158) AND (id <= 9895157))

table 3 : explain SELECT DISTINCT c FROM sbtest3 WHERE id BETWEEN 7283203 AND 7293202 ORDER BY c
	Unique  (cost=36815.89..36868.36 rows=10494 width=121)
	  ->  Sort  (cost=36815.89..36842.12 rows=10494 width=121)
	        Sort Key: c
	        ->  Bitmap Heap Scan on sbtest3  (cost=304.00..36115.03 rows=10494 width=121)
	              Recheck Cond: ((id >= 7283203) AND (id <= 7293202))
	              ->  Bitmap Index Scan on sbtest3_pkey  (cost=0.00..301.38 rows=10494 width=0)
	                    Index Cond: ((id >= 7283203) AND (id <= 7293202))

table 4 : explain SELECT DISTINCT c FROM sbtest4 WHERE id BETWEEN 3841742 AND 3851741 ORDER BY c
	Unique  (cost=35504.94..35555.27 rows=10065 width=121)
	  ->  Sort  (cost=35504.94..35530.11 rows=10065 width=121)
	        Sort Key: c
	        ->  Bitmap Heap Scan on sbtest4  (cost=295.60..34835.77 rows=10065 width=121)
	              Recheck Cond: ((id >= 3841742) AND (id <= 3851741))
	              ->  Bitmap Index Scan on sbtest4_pkey  (cost=0.00..293.08 rows=10065 width=0)
	                    Index Cond: ((id >= 3841742) AND (id <= 3851741))

table 5 : explain SELECT DISTINCT c FROM sbtest5 WHERE id BETWEEN 9612993 AND 9622992 ORDER BY c
	Unique  (cost=35864.82..35915.69 rows=10174 width=121)
	  ->  Sort  (cost=35864.82..35890.26 rows=10174 width=121)
	        Sort Key: c
	        ->  Bitmap Heap Scan on sbtest5  (cost=296.72..35187.61 rows=10174 width=121)
	              Recheck Cond: ((id >= 9612993) AND (id <= 9622992))
	              ->  Bitmap Index Scan on sbtest5_pkey  (cost=0.00..294.18 rows=10174 width=0)
	                    Index Cond: ((id >= 9612993) AND (id <= 9622992))

table 6 : explain SELECT DISTINCT c FROM sbtest6 WHERE id BETWEEN 4163134 AND 4173133 ORDER BY c
	Unique  (cost=32850.64..32896.88 rows=9249 width=121)
	  ->  Sort  (cost=32850.64..32873.76 rows=9249 width=121)
	        Sort Key: c
	        ->  Bitmap Heap Scan on sbtest6  (cost=271.24..32241.36 rows=9249 width=121)
	              Recheck Cond: ((id >= 4163134) AND (id <= 4173133))
	              ->  Bitmap Index Scan on sbtest6_pkey  (cost=0.00..268.93 rows=9249 width=0)
	                    Index Cond: ((id >= 4163134) AND (id <= 4173133))

table 7 : explain SELECT DISTINCT c FROM sbtest7 WHERE id BETWEEN 9193644 AND 9203643 ORDER BY c
	Unique  (cost=34003.37..34051.48 rows=9622 width=121)
	  ->  Sort  (cost=34003.37..34027.42 rows=9622 width=121)
	        Sort Key: c
	        ->  Bitmap Heap Scan on sbtest7  (cost=287.06..33366.77 rows=9622 width=121)
	              Recheck Cond: ((id >= 9193644) AND (id <= 9203643))
	              ->  Bitmap Index Scan on sbtest7_pkey  (cost=0.00..284.66 rows=9622 width=0)
	                    Index Cond: ((id >= 9193644) AND (id <= 9203643))

table 8 : explain SELECT DISTINCT c FROM sbtest8 WHERE id BETWEEN 2576606 AND 2586605 ORDER BY c
	Unique  (cost=36431.04..36482.78 rows=10349 width=121)
	  ->  Sort  (cost=36431.04..36456.91 rows=10349 width=121)
	        Sort Key: c
	        ->  Bitmap Heap Scan on sbtest8  (cost=306.51..35740.90 rows=10349 width=121)
	              Recheck Cond: ((id >= 2576606) AND (id <= 2586605))
	              ->  Bitmap Index Scan on sbtest8_pkey  (cost=0.00..303.93 rows=10349 width=0)
	                    Index Cond: ((id >= 2576606) AND (id <= 2586605))

for: sum_ranges
table 1 : explain SELECT SUM(k) FROM sbtest1 WHERE id BETWEEN 1694472 AND 1704471
	Aggregate  (cost=33651.25..33651.26 rows=1 width=8)
	  ->  Bitmap Heap Scan on sbtest1  (cost=283.50..33627.09 rows=9665 width=4)
	        Recheck Cond: ((id >= 1694472) AND (id <= 1704471))
	        ->  Bitmap Index Scan on sbtest1_pkey  (cost=0.00..281.08 rows=9665 width=0)
	              Index Cond: ((id >= 1694472) AND (id <= 1704471))

table 2 : explain SELECT SUM(k) FROM sbtest2 WHERE id BETWEEN 9750824 AND 9760823
	Aggregate  (cost=37870.77..37870.78 rows=1 width=8)
	  ->  Bitmap Heap Scan on sbtest2  (cost=325.44..37843.20 rows=11025 width=4)
	        Recheck Cond: ((id >= 9750824) AND (id <= 9760823))
	        ->  Bitmap Index Scan on sbtest2_pkey  (cost=0.00..322.69 rows=11025 width=0)
	              Index Cond: ((id >= 9750824) AND (id <= 9760823))

table 3 : explain SELECT SUM(k) FROM sbtest3 WHERE id BETWEEN 893104 AND 903103
	Aggregate  (cost=32887.51..32887.52 rows=1 width=8)
	  ->  Bitmap Heap Scan on sbtest3  (cost=273.41..32863.86 rows=9461 width=4)
	        Recheck Cond: ((id >= 893104) AND (id <= 903103))
	        ->  Bitmap Index Scan on sbtest3_pkey  (cost=0.00..271.05 rows=9461 width=0)
	              Index Cond: ((id >= 893104) AND (id <= 903103))

table 4 : explain SELECT SUM(k) FROM sbtest4 WHERE id BETWEEN 5657845 AND 5667844
	Aggregate  (cost=35665.83..35665.84 rows=1 width=8)
	  ->  Bitmap Heap Scan on sbtest4  (cost=302.23..35640.03 rows=10321 width=4)
	        Recheck Cond: ((id >= 5657845) AND (id <= 5667844))
	        ->  Bitmap Index Scan on sbtest4_pkey  (cost=0.00..299.65 rows=10321 width=0)
	              Index Cond: ((id >= 5657845) AND (id <= 5667844))

table 5 : explain SELECT SUM(k) FROM sbtest5 WHERE id BETWEEN 6817630 AND 6827629
	Aggregate  (cost=34480.93..34480.94 rows=1 width=8)
	  ->  Bitmap Heap Scan on sbtest5  (cost=290.34..34456.08 rows=9942 width=4)
	        Recheck Cond: ((id >= 6817630) AND (id <= 6827629))
	        ->  Bitmap Index Scan on sbtest5_pkey  (cost=0.00..287.86 rows=9942 width=0)
	              Index Cond: ((id >= 6817630) AND (id <= 6827629))

table 6 : explain SELECT SUM(k) FROM sbtest6 WHERE id BETWEEN 3671448 AND 3681447
	Aggregate  (cost=32441.52..32441.53 rows=1 width=8)
	  ->  Bitmap Heap Scan on sbtest6  (cost=275.80..32418.26 rows=9304 width=4)
	        Recheck Cond: ((id >= 3671448) AND (id <= 3681447))
	        ->  Bitmap Index Scan on sbtest6_pkey  (cost=0.00..273.48 rows=9304 width=0)
	              Index Cond: ((id >= 3671448) AND (id <= 3681447))

table 7 : explain SELECT SUM(k) FROM sbtest7 WHERE id BETWEEN 5767136 AND 5777135
	Aggregate  (cost=32747.33..32747.34 rows=1 width=8)
	  ->  Bitmap Heap Scan on sbtest7  (cost=280.98..32723.78 rows=9419 width=4)
	        Recheck Cond: ((id >= 5767136) AND (id <= 5777135))
	        ->  Bitmap Index Scan on sbtest7_pkey  (cost=0.00..278.62 rows=9419 width=0)
	              Index Cond: ((id >= 5767136) AND (id <= 5777135))

table 8 : explain SELECT SUM(k) FROM sbtest8 WHERE id BETWEEN 398485 AND 408484
	Aggregate  (cost=36611.91..36611.92 rows=1 width=8)
	  ->  Bitmap Heap Scan on sbtest8  (cost=317.26..36585.37 rows=10617 width=4)
	        Recheck Cond: ((id >= 398485) AND (id <= 408484))
	        ->  Bitmap Index Scan on sbtest8_pkey  (cost=0.00..314.61 rows=10617 width=0)
	              Index Cond: ((id >= 398485) AND (id <= 408484))

for: sum_ranges
table 1 : explain SELECT SUM(k) FROM sbtest1 WHERE id BETWEEN 9642759 AND 9652758
	Aggregate  (cost=35713.87..35713.88 rows=1 width=8)
	  ->  Bitmap Heap Scan on sbtest1  (cost=302.18..35688.07 rows=10317 width=4)
	        Recheck Cond: ((id >= 9642759) AND (id <= 9652758))
	        ->  Bitmap Index Scan on sbtest1_pkey  (cost=0.00..299.61 rows=10317 width=0)
	              Index Cond: ((id >= 9642759) AND (id <= 9652758))

table 2 : explain SELECT SUM(k) FROM sbtest2 WHERE id BETWEEN 7645927 AND 7655926
	Aggregate  (cost=36918.37..36918.38 rows=1 width=8)
	  ->  Bitmap Heap Scan on sbtest2  (cost=318.30..36891.58 rows=10719 width=4)
	        Recheck Cond: ((id >= 7645927) AND (id <= 7655926))
	        ->  Bitmap Index Scan on sbtest2_pkey  (cost=0.00..315.62 rows=10719 width=0)
	              Index Cond: ((id >= 7645927) AND (id <= 7655926))

table 3 : explain SELECT SUM(k) FROM sbtest3 WHERE id BETWEEN 2509224 AND 2519223
	Aggregate  (cost=32190.09..32190.10 rows=1 width=8)
	  ->  Bitmap Heap Scan on sbtest3  (cost=267.16..32166.98 rows=9241 width=4)
	        Recheck Cond: ((id >= 2509224) AND (id <= 2519223))
	        ->  Bitmap Index Scan on sbtest3_pkey  (cost=0.00..264.84 rows=9241 width=0)
	              Index Cond: ((id >= 2509224) AND (id <= 2519223))

table 4 : explain SELECT SUM(k) FROM sbtest4 WHERE id BETWEEN 6995775 AND 7005774
	Aggregate  (cost=34825.36..34825.37 rows=1 width=8)
	  ->  Bitmap Heap Scan on sbtest4  (cost=295.49..34800.23 rows=10054 width=4)
	        Recheck Cond: ((id >= 6995775) AND (id <= 7005774))
	        ->  Bitmap Index Scan on sbtest4_pkey  (cost=0.00..292.98 rows=10054 width=0)
	              Index Cond: ((id >= 6995775) AND (id <= 7005774))

table 5 : explain SELECT SUM(k) FROM sbtest5 WHERE id BETWEEN 229835 AND 239834
	Aggregate  (cost=35604.55..35604.56 rows=1 width=8)
	  ->  Bitmap Heap Scan on sbtest5  (cost=301.99..35578.81 rows=10298 width=4)
	        Recheck Cond: ((id >= 229835) AND (id <= 239834))
	        ->  Bitmap Index Scan on sbtest5_pkey  (cost=0.00..299.42 rows=10298 width=0)
	              Index Cond: ((id >= 229835) AND (id <= 239834))

table 6 : explain SELECT SUM(k) FROM sbtest6 WHERE id BETWEEN 7130614 AND 7140613
	Aggregate  (cost=34166.90..34166.91 rows=1 width=8)
	  ->  Bitmap Heap Scan on sbtest6  (cost=289.38..34142.28 rows=9848 width=4)
	        Recheck Cond: ((id >= 7130614) AND (id <= 7140613))
	        ->  Bitmap Index Scan on sbtest6_pkey  (cost=0.00..286.92 rows=9848 width=0)
	              Index Cond: ((id >= 7130614) AND (id <= 7140613))

table 7 : explain SELECT SUM(k) FROM sbtest7 WHERE id BETWEEN 999525 AND 1009524
	Aggregate  (cost=34911.64..34911.65 rows=1 width=8)
	  ->  Bitmap Heap Scan on sbtest7  (cost=300.01..34886.37 rows=10105 width=4)
	        Recheck Cond: ((id >= 999525) AND (id <= 1009524))
	        ->  Bitmap Index Scan on sbtest7_pkey  (cost=0.00..297.49 rows=10105 width=0)
	              Index Cond: ((id >= 999525) AND (id <= 1009524))

table 8 : explain SELECT SUM(k) FROM sbtest8 WHERE id BETWEEN 2447465 AND 2457464
	Aggregate  (cost=37071.23..37071.24 rows=1 width=8)
	  ->  Bitmap Heap Scan on sbtest8  (cost=318.78..37044.32 rows=10765 width=4)
	        Recheck Cond: ((id >= 2447465) AND (id <= 2457464))
	        ->  Bitmap Index Scan on sbtest8_pkey  (cost=0.00..316.08 rows=10765 width=0)
	              Index Cond: ((id >= 2447465) AND (id <= 2457464))

for: order_ranges
table 1 : explain SELECT c FROM sbtest1 WHERE id BETWEEN 4692031 AND 4702030 ORDER BY c
	Sort  (cost=34659.58..34684.05 rows=9787 width=121)
	  Sort Key: c
	  ->  Bitmap Heap Scan on sbtest1  (cost=284.75..34010.87 rows=9787 width=121)
	        Recheck Cond: ((id >= 4692031) AND (id <= 4702030))
	        ->  Bitmap Index Scan on sbtest1_pkey  (cost=0.00..282.31 rows=9787 width=0)
	              Index Cond: ((id >= 4692031) AND (id <= 4702030))

table 2 : explain SELECT c FROM sbtest2 WHERE id BETWEEN 1955955 AND 1965954 ORDER BY c
	Sort  (cost=31991.42..32013.88 rows=8984 width=121)
	  Sort Key: c
	  ->  Bitmap Heap Scan on sbtest2  (cost=264.52..31401.48 rows=8984 width=121)
	        Recheck Cond: ((id >= 1955955) AND (id <= 1965954))
	        ->  Bitmap Index Scan on sbtest2_pkey  (cost=0.00..262.28 rows=8984 width=0)
	              Index Cond: ((id >= 1955955) AND (id <= 1965954))

table 3 : explain SELECT c FROM sbtest3 WHERE id BETWEEN 3054063 AND 3064062 ORDER BY c
	Sort  (cost=34199.67..34223.87 rows=9680 width=121)
	  Sort Key: c
	  ->  Bitmap Heap Scan on sbtest3  (cost=279.66..33558.82 rows=9680 width=121)
	        Recheck Cond: ((id >= 3054063) AND (id <= 3064062))
	        ->  Bitmap Index Scan on sbtest3_pkey  (cost=0.00..277.24 rows=9680 width=0)
	              Index Cond: ((id >= 3054063) AND (id <= 3064062))

table 4 : explain SELECT c FROM sbtest4 WHERE id BETWEEN 3766996 AND 3776995 ORDER BY c
	Sort  (cost=39111.04..39139.02 rows=11193 width=121)
	  Sort Key: c
	  ->  Bitmap Heap Scan on sbtest4  (cost=327.16..38358.29 rows=11193 width=121)
	        Recheck Cond: ((id >= 3766996) AND (id <= 3776995))
	        ->  Bitmap Index Scan on sbtest4_pkey  (cost=0.00..324.37 rows=11193 width=0)
	              Index Cond: ((id >= 3766996) AND (id <= 3776995))

table 5 : explain SELECT c FROM sbtest5 WHERE id BETWEEN 6952840 AND 6962839 ORDER BY c
	Sort  (cost=33919.29..33943.23 rows=9573 width=121)
	  Sort Key: c
	  ->  Bitmap Heap Scan on sbtest5  (cost=278.56..33286.29 rows=9573 width=121)
	        Recheck Cond: ((id >= 6952840) AND (id <= 6962839))
	        ->  Bitmap Index Scan on sbtest5_pkey  (cost=0.00..276.17 rows=9573 width=0)
	              Index Cond: ((id >= 6952840) AND (id <= 6962839))

table 6 : explain SELECT c FROM sbtest6 WHERE id BETWEEN 251949 AND 261948 ORDER BY c
	Sort  (cost=37602.16..37628.96 rows=10722 width=121)
	  Sort Key: c
	  ->  Bitmap Heap Scan on sbtest6  (cost=314.34..36884.41 rows=10722 width=121)
	        Recheck Cond: ((id >= 251949) AND (id <= 261948))
	        ->  Bitmap Index Scan on sbtest6_pkey  (cost=0.00..311.66 rows=10722 width=0)
	              Index Cond: ((id >= 251949) AND (id <= 261948))

table 7 : explain SELECT c FROM sbtest7 WHERE id BETWEEN 4201459 AND 4211458 ORDER BY c
	Sort  (cost=34825.01..34849.71 rows=9877 width=121)
	  Sort Key: c
	  ->  Bitmap Heap Scan on sbtest7  (cost=293.67..34169.68 rows=9877 width=121)
	        Recheck Cond: ((id >= 4201459) AND (id <= 4211458))
	        ->  Bitmap Index Scan on sbtest7_pkey  (cost=0.00..291.20 rows=9877 width=0)
	              Index Cond: ((id >= 4201459) AND (id <= 4211458))

table 8 : explain SELECT c FROM sbtest8 WHERE id BETWEEN 372605 AND 382604 ORDER BY c
	Sort  (cost=35601.08..35626.30 rows=10090 width=121)
	  Sort Key: c
	  ->  Bitmap Heap Scan on sbtest8  (cost=299.86..34930.06 rows=10090 width=121)
	        Recheck Cond: ((id >= 372605) AND (id <= 382604))
	        ->  Bitmap Index Scan on sbtest8_pkey  (cost=0.00..297.33 rows=10090 width=0)
	              Index Cond: ((id >= 372605) AND (id <= 382604))

for: order_ranges
table 1 : explain SELECT c FROM sbtest1 WHERE id BETWEEN 8955471 AND 8965470 ORDER BY c
	Sort  (cost=39289.71..39317.78 rows=11228 width=121)
	  Sort Key: c
	  ->  Bitmap Heap Scan on sbtest1  (cost=327.52..38534.35 rows=11228 width=121)
	        Recheck Cond: ((id >= 8955471) AND (id <= 8965470))
	        ->  Bitmap Index Scan on sbtest1_pkey  (cost=0.00..324.71 rows=11228 width=0)
	              Index Cond: ((id >= 8955471) AND (id <= 8965470))

table 2 : explain SELECT c FROM sbtest2 WHERE id BETWEEN 775722 AND 785721 ORDER BY c
	Sort  (cost=33613.46..33637.16 rows=9480 width=121)
	  Sort Key: c
	  ->  Bitmap Heap Scan on sbtest2  (cost=281.61..32987.27 rows=9480 width=121)
	        Recheck Cond: ((id >= 775722) AND (id <= 785721))
	        ->  Bitmap Index Scan on sbtest2_pkey  (cost=0.00..279.24 rows=9480 width=0)
	              Index Cond: ((id >= 775722) AND (id <= 785721))

table 3 : explain SELECT c FROM sbtest3 WHERE id BETWEEN 5207655 AND 5217654 ORDER BY c
	Sort  (cost=34193.05..34217.24 rows=9678 width=121)
	  Sort Key: c
	  ->  Bitmap Heap Scan on sbtest3  (cost=279.63..33552.34 rows=9678 width=121)
	        Recheck Cond: ((id >= 5207655) AND (id <= 5217654))
	        ->  Bitmap Index Scan on sbtest3_pkey  (cost=0.00..277.21 rows=9678 width=0)
	              Index Cond: ((id >= 5207655) AND (id <= 5217654))

table 4 : explain SELECT c FROM sbtest4 WHERE id BETWEEN 8955580 AND 8965579 ORDER BY c
	Sort  (cost=36796.09..36822.26 rows=10468 width=121)
	  Sort Key: c
	  ->  Bitmap Heap Scan on sbtest4  (cost=303.73..36097.16 rows=10468 width=121)
	        Recheck Cond: ((id >= 8955580) AND (id <= 8965579))
	        ->  Bitmap Index Scan on sbtest4_pkey  (cost=0.00..301.12 rows=10468 width=0)
	              Index Cond: ((id >= 8955580) AND (id <= 8965579))

table 5 : explain SELECT c FROM sbtest5 WHERE id BETWEEN 4213082 AND 4223081 ORDER BY c
	Sort  (cost=34617.95..34642.42 rows=9788 width=121)
	  Sort Key: c
	  ->  Bitmap Heap Scan on sbtest5  (cost=284.76..33969.16 rows=9788 width=121)
	        Recheck Cond: ((id >= 4213082) AND (id <= 4223081))
	        ->  Bitmap Index Scan on sbtest5_pkey  (cost=0.00..282.31 rows=9788 width=0)
	              Index Cond: ((id >= 4213082) AND (id <= 4223081))

table 6 : explain SELECT c FROM sbtest6 WHERE id BETWEEN 8053678 AND 8063677 ORDER BY c
	Sort  (cost=34526.87..34551.29 rows=9765 width=121)
	  Sort Key: c
	  ->  Bitmap Heap Scan on sbtest6  (cost=288.53..33879.78 rows=9765 width=121)
	        Recheck Cond: ((id >= 8053678) AND (id <= 8063677))
	        ->  Bitmap Index Scan on sbtest6_pkey  (cost=0.00..286.08 rows=9765 width=0)
	              Index Cond: ((id >= 8053678) AND (id <= 8063677))

table 7 : explain SELECT c FROM sbtest7 WHERE id BETWEEN 113062 AND 123061 ORDER BY c
	Sort  (cost=34785.38..34810.05 rows=9865 width=121)
	  Sort Key: c
	  ->  Bitmap Heap Scan on sbtest7  (cost=293.55..34130.94 rows=9865 width=121)
	        Recheck Cond: ((id >= 113062) AND (id <= 123061))
	        ->  Bitmap Index Scan on sbtest7_pkey  (cost=0.00..291.08 rows=9865 width=0)
	              Index Cond: ((id >= 113062) AND (id <= 123061))

table 8 : explain SELECT c FROM sbtest8 WHERE id BETWEEN 2802465 AND 2812464 ORDER BY c
	Sort  (cost=35362.81..35387.85 rows=10016 width=121)
	  Sort Key: c
	  ->  Bitmap Heap Scan on sbtest8  (cost=299.10..34697.24 rows=10016 width=121)
	        Recheck Cond: ((id >= 2802465) AND (id <= 2812464))
	        ->  Bitmap Index Scan on sbtest8_pkey  (cost=0.00..296.59 rows=10016 width=0)
	              Index Cond: ((id >= 2802465) AND (id <= 2812464))

explain: for point_selects :: explain SELECT c FROM sbtest%u WHERE id=%u
for: distinct_ranges
table 1 : explain SELECT DISTINCT c FROM sbtest1 WHERE id BETWEEN 1863550 AND 1873549 ORDER BY c
	Unique  (cost=36263.43..36314.84 rows=10282 width=121)
	  ->  Sort  (cost=36263.43..36289.14 rows=10282 width=121)
	        Sort Key: c
	        ->  Bitmap Heap Scan on sbtest1  (cost=301.83..35578.25 rows=10282 width=121)
	              Recheck Cond: ((id >= 1863550) AND (id <= 1873549))
	              ->  Bitmap Index Scan on sbtest1_pkey  (cost=0.00..299.25 rows=10282 width=0)
	                    Index Cond: ((id >= 1863550) AND (id <= 1873549))

table 2 : explain SELECT DISTINCT c FROM sbtest2 WHERE id BETWEEN 9160 AND 19159 ORDER BY c
	Unique  (cost=33359.47..33406.48 rows=9402 width=121)
	  ->  Sort  (cost=33359.47..33382.98 rows=9402 width=121)
	        Sort Key: c
	        ->  Bitmap Heap Scan on sbtest2  (cost=276.81..32739.00 rows=9402 width=121)
	              Recheck Cond: ((id >= 9160) AND (id <= 19159))
	              ->  Bitmap Index Scan on sbtest2_pkey  (cost=0.00..274.45 rows=9402 width=0)
	                    Index Cond: ((id >= 9160) AND (id <= 19159))

table 3 : explain SELECT DISTINCT c FROM sbtest3 WHERE id BETWEEN 3994924 AND 4004923 ORDER BY c
	Unique  (cost=34869.31..34918.75 rows=9888 width=121)
	  ->  Sort  (cost=34869.31..34894.03 rows=9888 width=121)
	        Sort Key: c
	        ->  Bitmap Heap Scan on sbtest3  (cost=285.79..34213.17 rows=9888 width=121)
	              Recheck Cond: ((id >= 3994924) AND (id <= 4004923))
	              ->  Bitmap Index Scan on sbtest3_pkey  (cost=0.00..283.31 rows=9888 width=0)
	                    Index Cond: ((id >= 3994924) AND (id <= 4004923))

table 4 : explain SELECT DISTINCT c FROM sbtest4 WHERE id BETWEEN 3261834 AND 3271833 ORDER BY c
	Unique  (cost=34848.56..34897.87 rows=9862 width=121)
	  ->  Sort  (cost=34848.56..34873.21 rows=9862 width=121)
	        Sort Key: c
	        ->  Bitmap Heap Scan on sbtest4  (cost=289.52..34194.33 rows=9862 width=121)
	              Recheck Cond: ((id >= 3261834) AND (id <= 3271833))
	              ->  Bitmap Index Scan on sbtest4_pkey  (cost=0.00..287.06 rows=9862 width=0)
	                    Index Cond: ((id >= 3261834) AND (id <= 3271833))

table 5 : explain SELECT DISTINCT c FROM sbtest5 WHERE id BETWEEN 9305404 AND 9315403 ORDER BY c
	Unique  (cost=32768.09..32814.19 rows=9219 width=121)
	  ->  Sort  (cost=32768.09..32791.14 rows=9219 width=121)
	        Sort Key: c
	        ->  Bitmap Heap Scan on sbtest5  (cost=270.93..32161.00 rows=9219 width=121)
	              Recheck Cond: ((id >= 9305404) AND (id <= 9315403))
	              ->  Bitmap Index Scan on sbtest5_pkey  (cost=0.00..268.62 rows=9219 width=0)
	                    Index Cond: ((id >= 9305404) AND (id <= 9315403))

table 6 : explain SELECT DISTINCT c FROM sbtest6 WHERE id BETWEEN 3055976 AND 3065975 ORDER BY c
	Unique  (cost=34998.32..35047.87 rows=9910 width=121)
	  ->  Sort  (cost=34998.32..35023.10 rows=9910 width=121)
	        Sort Key: c
	        ->  Bitmap Heap Scan on sbtest6  (cost=294.01..34340.56 rows=9910 width=121)
	              Recheck Cond: ((id >= 3055976) AND (id <= 3065975))
	              ->  Bitmap Index Scan on sbtest6_pkey  (cost=0.00..291.54 rows=9910 width=0)
	                    Index Cond: ((id >= 3055976) AND (id <= 3065975))

table 7 : explain SELECT DISTINCT c FROM sbtest7 WHERE id BETWEEN 9955657 AND 9965656 ORDER BY c
	Unique  (cost=35723.31..35774.09 rows=10157 width=121)
	  ->  Sort  (cost=35723.31..35748.70 rows=10157 width=121)
	        Sort Key: c
	        ->  Bitmap Heap Scan on sbtest7  (cost=300.54..35047.35 rows=10157 width=121)
	              Recheck Cond: ((id >= 9955657) AND (id <= 9965656))
	              ->  Bitmap Index Scan on sbtest7_pkey  (cost=0.00..298.00 rows=10157 width=0)
	                    Index Cond: ((id >= 9955657) AND (id <= 9965656))

table 8 : explain SELECT DISTINCT c FROM sbtest8 WHERE id BETWEEN 7697818 AND 7707817 ORDER BY c
	Unique  (cost=36071.21..36122.39 rows=10236 width=121)
	  ->  Sort  (cost=36071.21..36096.80 rows=10236 width=121)
	        Sort Key: c
	        ->  Bitmap Heap Scan on sbtest8  (cost=305.35..35389.42 rows=10236 width=121)
	              Recheck Cond: ((id >= 7697818) AND (id <= 7707817))
	              ->  Bitmap Index Scan on sbtest8_pkey  (cost=0.00..302.80 rows=10236 width=0)
	                    Index Cond: ((id >= 7697818) AND (id <= 7707817))

for: distinct_ranges
table 1 : explain SELECT DISTINCT c FROM sbtest1 WHERE id BETWEEN 3095960 AND 3105959 ORDER BY c
	Unique  (cost=35241.63..35291.46 rows=9966 width=121)
	  ->  Sort  (cost=35241.63..35266.54 rows=9966 width=121)
	        Sort Key: c
	        ->  Bitmap Heap Scan on sbtest1  (cost=290.59..34579.74 rows=9966 width=121)
	              Recheck Cond: ((id >= 3095960) AND (id <= 3105959))
	              ->  Bitmap Index Scan on sbtest1_pkey  (cost=0.00..288.09 rows=9966 width=0)
	                    Index Cond: ((id >= 3095960) AND (id <= 3105959))

table 2 : explain SELECT DISTINCT c FROM sbtest2 WHERE id BETWEEN 4097518 AND 4107517 ORDER BY c
	Unique  (cost=33022.57..33069.06 rows=9298 width=121)
	  ->  Sort  (cost=33022.57..33045.82 rows=9298 width=121)
	        Sort Key: c
	        ->  Bitmap Heap Scan on sbtest2  (cost=275.74..32409.71 rows=9298 width=121)
	              Recheck Cond: ((id >= 4097518) AND (id <= 4107517))
	              ->  Bitmap Index Scan on sbtest2_pkey  (cost=0.00..273.42 rows=9298 width=0)
	                    Index Cond: ((id >= 4097518) AND (id <= 4107517))

table 3 : explain SELECT DISTINCT c FROM sbtest3 WHERE id BETWEEN 4437201 AND 4447200 ORDER BY c
	Unique  (cost=34438.35..34487.12 rows=9755 width=121)
	  ->  Sort  (cost=34438.35..34462.73 rows=9755 width=121)
	        Sort Key: c
	        ->  Bitmap Heap Scan on sbtest3  (cost=280.42..33791.98 rows=9755 width=121)
	              Recheck Cond: ((id >= 4437201) AND (id <= 4447200))
	              ->  Bitmap Index Scan on sbtest3_pkey  (cost=0.00..277.99 rows=9755 width=0)
	                    Index Cond: ((id >= 4437201) AND (id <= 4447200))

table 4 : explain SELECT DISTINCT c FROM sbtest4 WHERE id BETWEEN 173581 AND 183580 ORDER BY c
	Unique  (cost=37070.00..37122.76 rows=10553 width=121)
	  ->  Sort  (cost=37070.00..37096.38 rows=10553 width=121)
	        Sort Key: c
	        ->  Bitmap Heap Scan on sbtest4  (cost=308.60..36364.78 rows=10553 width=121)
	              Recheck Cond: ((id >= 173581) AND (id <= 183580))
	              ->  Bitmap Index Scan on sbtest4_pkey  (cost=0.00..305.96 rows=10553 width=0)
	                    Index Cond: ((id >= 173581) AND (id <= 183580))

table 5 : explain SELECT DISTINCT c FROM sbtest5 WHERE id BETWEEN 7229621 AND 7239620 ORDER BY c
	Unique  (cost=40134.64..40192.20 rows=11511 width=121)
	  ->  Sort  (cost=40134.64..40163.42 rows=11511 width=121)
	        Sort Key: c
	        ->  Bitmap Heap Scan on sbtest5  (cost=338.42..39358.19 rows=11511 width=121)
	              Recheck Cond: ((id >= 7229621) AND (id <= 7239620))
	              ->  Bitmap Index Scan on sbtest5_pkey  (cost=0.00..335.55 rows=11511 width=0)
	                    Index Cond: ((id >= 7229621) AND (id <= 7239620))

table 6 : explain SELECT DISTINCT c FROM sbtest6 WHERE id BETWEEN 4357372 AND 4367371 ORDER BY c
	Unique  (cost=32880.75..32927.05 rows=9259 width=121)
	  ->  Sort  (cost=32880.75..32903.90 rows=9259 width=121)
	        Sort Key: c
	        ->  Bitmap Heap Scan on sbtest6  (cost=271.34..32270.74 rows=9259 width=121)
	              Recheck Cond: ((id >= 4357372) AND (id <= 4367371))
	              ->  Bitmap Index Scan on sbtest6_pkey  (cost=0.00..269.03 rows=9259 width=0)
	                    Index Cond: ((id >= 4357372) AND (id <= 4367371))

table 7 : explain SELECT DISTINCT c FROM sbtest7 WHERE id BETWEEN 7878947 AND 7888946 ORDER BY c
	Unique  (cost=38669.92..38725.33 rows=11081 width=121)
	  ->  Sort  (cost=38669.92..38697.62 rows=11081 width=121)
	        Sort Key: c
	        ->  Bitmap Heap Scan on sbtest7  (cost=330.02..37925.51 rows=11081 width=121)
	              Recheck Cond: ((id >= 7878947) AND (id <= 7888946))
	              ->  Bitmap Index Scan on sbtest7_pkey  (cost=0.00..327.25 rows=11081 width=0)
	                    Index Cond: ((id >= 7878947) AND (id <= 7888946))

table 8 : explain SELECT DISTINCT c FROM sbtest8 WHERE id BETWEEN 5860892 AND 5870891 ORDER BY c
	Unique  (cost=36034.91..36086.04 rows=10225 width=121)
	  ->  Sort  (cost=36034.91..36060.47 rows=10225 width=121)
	        Sort Key: c
	        ->  Bitmap Heap Scan on sbtest8  (cost=305.24..35353.94 rows=10225 width=121)
	              Recheck Cond: ((id >= 5860892) AND (id <= 5870891))
	              ->  Bitmap Index Scan on sbtest8_pkey  (cost=0.00..302.69 rows=10225 width=0)
	                    Index Cond: ((id >= 5860892) AND (id <= 5870891))

for: distinct_ranges
table 1 : explain SELECT DISTINCT c FROM sbtest1 WHERE id BETWEEN 6748933 AND 6758932 ORDER BY c
	Unique  (cost=31647.82..31692.15 rows=8865 width=121)
	  ->  Sort  (cost=31647.82..31669.99 rows=8865 width=121)
	        Sort Key: c
	        ->  Bitmap Heap Scan on sbtest1  (cost=259.30..31066.55 rows=8865 width=121)
	              Recheck Cond: ((id >= 6748933) AND (id <= 6758932))
	              ->  Bitmap Index Scan on sbtest1_pkey  (cost=0.00..257.08 rows=8865 width=0)
	                    Index Cond: ((id >= 6748933) AND (id <= 6758932))

table 2 : explain SELECT DISTINCT c FROM sbtest2 WHERE id BETWEEN 4531907 AND 4541906 ORDER BY c
	Unique  (cost=34531.82..34580.64 rows=9763 width=121)
	  ->  Sort  (cost=34531.82..34556.23 rows=9763 width=121)
	        Sort Key: c
	        ->  Bitmap Heap Scan on sbtest2  (cost=288.51..33884.87 rows=9763 width=121)
	              Recheck Cond: ((id >= 4531907) AND (id <= 4541906))
	              ->  Bitmap Index Scan on sbtest2_pkey  (cost=0.00..286.06 rows=9763 width=0)
	                    Index Cond: ((id >= 4531907) AND (id <= 4541906))

table 3 : explain SELECT DISTINCT c FROM sbtest3 WHERE id BETWEEN 6943486 AND 6953485 ORDER BY c
	Unique  (cost=33285.81..33332.80 rows=9398 width=121)
	  ->  Sort  (cost=33285.81..33309.30 rows=9398 width=121)
	        Sort Key: c
	        ->  Bitmap Heap Scan on sbtest3  (cost=272.76..32665.63 rows=9398 width=121)
	              Recheck Cond: ((id >= 6943486) AND (id <= 6953485))
	              ->  Bitmap Index Scan on sbtest3_pkey  (cost=0.00..270.42 rows=9398 width=0)
	                    Index Cond: ((id >= 6943486) AND (id <= 6953485))

table 4 : explain SELECT DISTINCT c FROM sbtest4 WHERE id BETWEEN 5442800 AND 5452799 ORDER BY c
	Unique  (cost=32471.83..32517.49 rows=9132 width=121)
	  ->  Sort  (cost=32471.83..32494.66 rows=9132 width=121)
	        Sort Key: c
	        ->  Bitmap Heap Scan on sbtest4  (cost=266.04..31871.09 rows=9132 width=121)
	              Recheck Cond: ((id >= 5442800) AND (id <= 5452799))
	              ->  Bitmap Index Scan on sbtest4_pkey  (cost=0.00..263.75 rows=9132 width=0)
	                    Index Cond: ((id >= 5442800) AND (id <= 5452799))

table 5 : explain SELECT DISTINCT c FROM sbtest5 WHERE id BETWEEN 9010036 AND 9020035 ORDER BY c
	Unique  (cost=35444.76..35494.98 rows=10043 width=121)
	  ->  Sort  (cost=35444.76..35469.87 rows=10043 width=121)
	        Sort Key: c
	        ->  Bitmap Heap Scan on sbtest5  (cost=295.38..34777.21 rows=10043 width=121)
	              Recheck Cond: ((id >= 9010036) AND (id <= 9020035))
	              ->  Bitmap Index Scan on sbtest5_pkey  (cost=0.00..292.87 rows=10043 width=0)
	                    Index Cond: ((id >= 9010036) AND (id <= 9020035))

table 6 : explain SELECT DISTINCT c FROM sbtest6 WHERE id BETWEEN 6852234 AND 6862233 ORDER BY c
	Unique  (cost=35872.18..35923.08 rows=10181 width=121)
	  ->  Sort  (cost=35872.18..35897.63 rows=10181 width=121)
	        Sort Key: c
	        ->  Bitmap Heap Scan on sbtest6  (cost=300.79..35194.45 rows=10181 width=121)
	              Recheck Cond: ((id >= 6852234) AND (id <= 6862233))
	              ->  Bitmap Index Scan on sbtest6_pkey  (cost=0.00..298.25 rows=10181 width=0)
	                    Index Cond: ((id >= 6852234) AND (id <= 6862233))

table 7 : explain SELECT DISTINCT c FROM sbtest7 WHERE id BETWEEN 3127908 AND 3137907 ORDER BY c
	Unique  (cost=33774.54..33822.29 rows=9551 width=121)
	  ->  Sort  (cost=33774.54..33798.41 rows=9551 width=121)
	        Sort Key: c
	        ->  Bitmap Heap Scan on sbtest7  (cost=286.33..33143.15 rows=9551 width=121)
	              Recheck Cond: ((id >= 3127908) AND (id <= 3137907))
	              ->  Bitmap Index Scan on sbtest7_pkey  (cost=0.00..283.94 rows=9551 width=0)
	                    Index Cond: ((id >= 3127908) AND (id <= 3137907))

table 8 : explain SELECT DISTINCT c FROM sbtest8 WHERE id BETWEEN 6346988 AND 6356987 ORDER BY c
	Unique  (cost=33500.42..33547.63 rows=9442 width=121)
	  ->  Sort  (cost=33500.42..33524.02 rows=9442 width=121)
	        Sort Key: c
	        ->  Bitmap Heap Scan on sbtest8  (cost=281.22..32877.02 rows=9442 width=121)
	              Recheck Cond: ((id >= 6346988) AND (id <= 6356987))
	              ->  Bitmap Index Scan on sbtest8_pkey  (cost=0.00..278.86 rows=9442 width=0)
	                    Index Cond: ((id >= 6346988) AND (id <= 6356987))

for: order_ranges
table 1 : explain SELECT c FROM sbtest1 WHERE id BETWEEN 7533955 AND 7543954 ORDER BY c
	Sort  (cost=37531.93..37558.62 rows=10676 width=121)
	  Sort Key: c
	  ->  Bitmap Heap Scan on sbtest1  (cost=313.86..36817.59 rows=10676 width=121)
	        Recheck Cond: ((id >= 7533955) AND (id <= 7543954))
	        ->  Bitmap Index Scan on sbtest1_pkey  (cost=0.00..311.19 rows=10676 width=0)
	              Index Cond: ((id >= 7533955) AND (id <= 7543954))

table 2 : explain SELECT c FROM sbtest2 WHERE id BETWEEN 5233005 AND 5243004 ORDER BY c
	Sort  (cost=36844.79..36870.99 rows=10481 width=121)
	  Sort Key: c
	  ->  Bitmap Heap Scan on sbtest2  (cost=307.87..36144.89 rows=10481 width=121)
	        Recheck Cond: ((id >= 5233005) AND (id <= 5243004))
	        ->  Bitmap Index Scan on sbtest2_pkey  (cost=0.00..305.25 rows=10481 width=0)
	              Index Cond: ((id >= 5233005) AND (id <= 5243004))

table 3 : explain SELECT c FROM sbtest3 WHERE id BETWEEN 7840145 AND 7850144 ORDER BY c
	Sort  (cost=35784.62..35810.06 rows=10173 width=121)
	  Sort Key: c
	  ->  Bitmap Heap Scan on sbtest3  (cost=292.71..35107.49 rows=10173 width=121)
	        Recheck Cond: ((id >= 7840145) AND (id <= 7850144))
	        ->  Bitmap Index Scan on sbtest3_pkey  (cost=0.00..290.17 rows=10173 width=0)
	              Index Cond: ((id >= 7840145) AND (id <= 7850144))

table 4 : explain SELECT c FROM sbtest4 WHERE id BETWEEN 5295276 AND 5305275 ORDER BY c
	Sort  (cost=33220.48..33243.88 rows=9361 width=121)
	  Sort Key: c
	  ->  Bitmap Heap Scan on sbtest4  (cost=272.39..32603.01 rows=9361 width=121)
	        Recheck Cond: ((id >= 5295276) AND (id <= 5305275))
	        ->  Bitmap Index Scan on sbtest4_pkey  (cost=0.00..270.05 rows=9361 width=0)
	              Index Cond: ((id >= 5295276) AND (id <= 5305275))

table 5 : explain SELECT c FROM sbtest5 WHERE id BETWEEN 9416778 AND 9426777 ORDER BY c
	Sort  (cost=35593.63..35618.85 rows=10089 width=121)
	  Sort Key: c
	  ->  Bitmap Heap Scan on sbtest5  (cost=295.85..34922.69 rows=10089 width=121)
	        Recheck Cond: ((id >= 9416778) AND (id <= 9426777))
	        ->  Bitmap Index Scan on sbtest5_pkey  (cost=0.00..293.32 rows=10089 width=0)
	              Index Cond: ((id >= 9416778) AND (id <= 9426777))

table 6 : explain SELECT c FROM sbtest6 WHERE id BETWEEN 1561757 AND 1571756 ORDER BY c
	Sort  (cost=35415.42..35440.52 rows=10040 width=121)
	  Sort Key: c
	  ->  Bitmap Heap Scan on sbtest6  (cost=295.34..34748.08 rows=10040 width=121)
	        Recheck Cond: ((id >= 1561757) AND (id <= 1571756))
	        ->  Bitmap Index Scan on sbtest6_pkey  (cost=0.00..292.83 rows=10040 width=0)
	              Index Cond: ((id >= 1561757) AND (id <= 1571756))

table 7 : explain SELECT c FROM sbtest7 WHERE id BETWEEN 8706492 AND 8716491 ORDER BY c
	Sort  (cost=34149.26..34173.43 rows=9668 width=121)
	  Sort Key: c
	  ->  Bitmap Heap Scan on sbtest7  (cost=287.53..33509.28 rows=9668 width=121)
	        Recheck Cond: ((id >= 8706492) AND (id <= 8716491))
	        ->  Bitmap Index Scan on sbtest7_pkey  (cost=0.00..285.12 rows=9668 width=0)
	              Index Cond: ((id >= 8706492) AND (id <= 8716491))

table 8 : explain SELECT c FROM sbtest8 WHERE id BETWEEN 3016879 AND 3026878 ORDER BY c
	Sort  (cost=35911.89..35937.35 rows=10187 width=121)
	  Sort Key: c
	  ->  Bitmap Heap Scan on sbtest8  (cost=300.85..35233.71 rows=10187 width=121)
	        Recheck Cond: ((id >= 3016879) AND (id <= 3026878))
	        ->  Bitmap Index Scan on sbtest8_pkey  (cost=0.00..298.31 rows=10187 width=0)
	              Index Cond: ((id >= 3016879) AND (id <= 3026878))

for: distinct_ranges
table 1 : explain SELECT DISTINCT c FROM sbtest1 WHERE id BETWEEN 940057 AND 950056 ORDER BY c
	Unique  (cost=36660.02..36712.05 rows=10406 width=121)
	  ->  Sort  (cost=36660.02..36686.04 rows=10406 width=121)
	        Sort Key: c
	        ->  Bitmap Heap Scan on sbtest1  (cost=303.10..35965.68 rows=10406 width=121)
	              Recheck Cond: ((id >= 940057) AND (id <= 950056))
	              ->  Bitmap Index Scan on sbtest1_pkey  (cost=0.00..300.50 rows=10406 width=0)
	                    Index Cond: ((id >= 940057) AND (id <= 950056))

table 2 : explain SELECT DISTINCT c FROM sbtest2 WHERE id BETWEEN 2529391 AND 2539390 ORDER BY c
	Unique  (cost=36062.74..36113.93 rows=10238 width=121)
	  ->  Sort  (cost=36062.74..36088.34 rows=10238 width=121)
	        Sort Key: c
	        ->  Bitmap Heap Scan on sbtest2  (cost=301.37..35380.81 rows=10238 width=121)
	              Recheck Cond: ((id >= 2529391) AND (id <= 2539390))
	              ->  Bitmap Index Scan on sbtest2_pkey  (cost=0.00..298.81 rows=10238 width=0)
	                    Index Cond: ((id >= 2529391) AND (id <= 2539390))

table 3 : explain SELECT DISTINCT c FROM sbtest3 WHERE id BETWEEN 4147590 AND 4157589 ORDER BY c
	Unique  (cost=37281.89..37335.09 rows=10641 width=121)
	  ->  Sort  (cost=37281.89..37308.49 rows=10641 width=121)
	        Sort Key: c
	        ->  Bitmap Heap Scan on sbtest3  (cost=305.51..36570.15 rows=10641 width=121)
	              Recheck Cond: ((id >= 4147590) AND (id <= 4157589))
	              ->  Bitmap Index Scan on sbtest3_pkey  (cost=0.00..302.84 rows=10641 width=0)
	                    Index Cond: ((id >= 4147590) AND (id <= 4157589))

table 4 : explain SELECT DISTINCT c FROM sbtest4 WHERE id BETWEEN 8084267 AND 8094266 ORDER BY c
	Unique  (cost=33877.37..33925.19 rows=9563 width=121)
	  ->  Sort  (cost=33877.37..33901.28 rows=9563 width=121)
	        Sort Key: c
	        ->  Bitmap Heap Scan on sbtest4  (cost=278.46..33245.10 rows=9563 width=121)
	              Recheck Cond: ((id >= 8084267) AND (id <= 8094266))
	              ->  Bitmap Index Scan on sbtest4_pkey  (cost=0.00..276.06 rows=9563 width=0)
	                    Index Cond: ((id >= 8084267) AND (id <= 8094266))

table 5 : explain SELECT DISTINCT c FROM sbtest5 WHERE id BETWEEN 6514649 AND 6524648 ORDER BY c
	Unique  (cost=32309.21..32354.60 rows=9079 width=121)
	  ->  Sort  (cost=32309.21..32331.91 rows=9079 width=121)
	        Sort Key: c
	        ->  Bitmap Heap Scan on sbtest5  (cost=265.49..31712.34 rows=9079 width=121)
	              Recheck Cond: ((id >= 6514649) AND (id <= 6524648))
	              ->  Bitmap Index Scan on sbtest5_pkey  (cost=0.00..263.23 rows=9079 width=0)
	                    Index Cond: ((id >= 6514649) AND (id <= 6524648))

table 6 : explain SELECT DISTINCT c FROM sbtest6 WHERE id BETWEEN 4307773 AND 4317772 ORDER BY c
	Unique  (cost=32880.75..32927.05 rows=9259 width=121)
	  ->  Sort  (cost=32880.75..32903.90 rows=9259 width=121)
	        Sort Key: c
	        ->  Bitmap Heap Scan on sbtest6  (cost=271.34..32270.74 rows=9259 width=121)
	              Recheck Cond: ((id >= 4307773) AND (id <= 4317772))
	              ->  Bitmap Index Scan on sbtest6_pkey  (cost=0.00..269.03 rows=9259 width=0)
	                    Index Cond: ((id >= 4307773) AND (id <= 4317772))

table 7 : explain SELECT DISTINCT c FROM sbtest7 WHERE id BETWEEN 3119801 AND 3129800 ORDER BY c
	Unique  (cost=34294.97..34343.54 rows=9713 width=121)
	  ->  Sort  (cost=34294.97..34319.25 rows=9713 width=121)
	        Sort Key: c
	        ->  Bitmap Heap Scan on sbtest7  (cost=287.99..33651.69 rows=9713 width=121)
	              Recheck Cond: ((id >= 3119801) AND (id <= 3129800))
	              ->  Bitmap Index Scan on sbtest7_pkey  (cost=0.00..285.56 rows=9713 width=0)
	                    Index Cond: ((id >= 3119801) AND (id <= 3129800))

table 8 : explain SELECT DISTINCT c FROM sbtest8 WHERE id BETWEEN 7141526 AND 7151525 ORDER BY c
	Unique  (cost=36157.09..36208.40 rows=10263 width=121)
	  ->  Sort  (cost=36157.09..36182.74 rows=10263 width=121)
	        Sort Key: c
	        ->  Bitmap Heap Scan on sbtest8  (cost=305.63..35473.31 rows=10263 width=121)
	              Recheck Cond: ((id >= 7141526) AND (id <= 7151525))
	              ->  Bitmap Index Scan on sbtest8_pkey  (cost=0.00..303.06 rows=10263 width=0)
	                    Index Cond: ((id >= 7141526) AND (id <= 7151525))

for: order_ranges
table 1 : explain SELECT c FROM sbtest1 WHERE id BETWEEN 6974511 AND 6984510 ORDER BY c
	Sort  (cost=35215.10..35239.99 rows=9958 width=121)
	  Sort Key: c
	  ->  Bitmap Heap Scan on sbtest1  (cost=290.50..34553.80 rows=9958 width=121)
	        Recheck Cond: ((id >= 6974511) AND (id <= 6984510))
	        ->  Bitmap Index Scan on sbtest1_pkey  (cost=0.00..288.01 rows=9958 width=0)
	              Index Cond: ((id >= 6974511) AND (id <= 6984510))

table 2 : explain SELECT c FROM sbtest2 WHERE id BETWEEN 5629591 AND 5639590 ORDER BY c
	Sort  (cost=37930.70..37957.75 rows=10820 width=121)
	  Sort Key: c
	  ->  Bitmap Heap Scan on sbtest2  (cost=319.34..37205.68 rows=10820 width=121)
	        Recheck Cond: ((id >= 5629591) AND (id <= 5639590))
	        ->  Bitmap Index Scan on sbtest2_pkey  (cost=0.00..316.63 rows=10820 width=0)
	              Index Cond: ((id >= 5629591) AND (id <= 5639590))

table 3 : explain SELECT c FROM sbtest3 WHERE id BETWEEN 7486507 AND 7496506 ORDER BY c
	Sort  (cost=39127.37..39155.43 rows=11222 width=121)
	  Sort Key: c
	  ->  Bitmap Heap Scan on sbtest3  (cost=323.46..38372.47 rows=11222 width=121)
	        Recheck Cond: ((id >= 7486507) AND (id <= 7496506))
	        ->  Bitmap Index Scan on sbtest3_pkey  (cost=0.00..320.66 rows=11222 width=0)
	              Index Cond: ((id >= 7486507) AND (id <= 7496506))

table 4 : explain SELECT c FROM sbtest4 WHERE id BETWEEN 804372 AND 814371 ORDER BY c
	Sort  (cost=34788.83..34813.44 rows=9843 width=121)
	  Sort Key: c
	  ->  Bitmap Heap Scan on sbtest4  (cost=289.33..34136.00 rows=9843 width=121)
	        Recheck Cond: ((id >= 804372) AND (id <= 814371))
	        ->  Bitmap Index Scan on sbtest4_pkey  (cost=0.00..286.87 rows=9843 width=0)
	              Index Cond: ((id >= 804372) AND (id <= 814371))

table 5 : explain SELECT c FROM sbtest5 WHERE id BETWEEN 4000411 AND 4010410 ORDER BY c
	Sort  (cost=35729.31..35754.64 rows=10132 width=121)
	  Sort Key: c
	  ->  Bitmap Heap Scan on sbtest5  (cost=296.29..35055.19 rows=10132 width=121)
	        Recheck Cond: ((id >= 4000411) AND (id <= 4010410))
	        ->  Bitmap Index Scan on sbtest5_pkey  (cost=0.00..293.75 rows=10132 width=0)
	              Index Cond: ((id >= 4000411) AND (id <= 4010410))

table 6 : explain SELECT c FROM sbtest6 WHERE id BETWEEN 8086263 AND 8096262 ORDER BY c
	Sort  (cost=34526.87..34551.29 rows=9765 width=121)
	  Sort Key: c
	  ->  Bitmap Heap Scan on sbtest6  (cost=288.53..33879.78 rows=9765 width=121)
	        Recheck Cond: ((id >= 8086263) AND (id <= 8096262))
	        ->  Bitmap Index Scan on sbtest6_pkey  (cost=0.00..286.08 rows=9765 width=0)
	              Index Cond: ((id >= 8086263) AND (id <= 8096262))

table 7 : explain SELECT c FROM sbtest7 WHERE id BETWEEN 831754 AND 841753 ORDER BY c
	Sort  (cost=34056.45..34080.55 rows=9639 width=121)
	  Sort Key: c
	  ->  Bitmap Heap Scan on sbtest7  (cost=287.23..33418.61 rows=9639 width=121)
	        Recheck Cond: ((id >= 831754) AND (id <= 841753))
	        ->  Bitmap Index Scan on sbtest7_pkey  (cost=0.00..284.82 rows=9639 width=0)
	              Index Cond: ((id >= 831754) AND (id <= 841753))

table 8 : explain SELECT c FROM sbtest8 WHERE id BETWEEN 6289191 AND 6299190 ORDER BY c
	Sort  (cost=33500.42..33524.02 rows=9442 width=121)
	  Sort Key: c
	  ->  Bitmap Heap Scan on sbtest8  (cost=281.22..32877.02 rows=9442 width=121)
	        Recheck Cond: ((id >= 6289191) AND (id <= 6299190))
	        ->  Bitmap Index Scan on sbtest8_pkey  (cost=0.00..278.86 rows=9442 width=0)
	              Index Cond: ((id >= 6289191) AND (id <= 6299190))

for: distinct_ranges
table 1 : explain SELECT DISTINCT c FROM sbtest1 WHERE id BETWEEN 5905150 AND 5915149 ORDER BY c
	Unique  (cost=33749.56..33797.10 rows=9507 width=121)
	  ->  Sort  (cost=33749.56..33773.33 rows=9507 width=121)
	        Sort Key: c
	        ->  Bitmap Heap Scan on sbtest1  (cost=277.88..33121.40 rows=9507 width=121)
	              Recheck Cond: ((id >= 5905150) AND (id <= 5915149))
	              ->  Bitmap Index Scan on sbtest1_pkey  (cost=0.00..275.50 rows=9507 width=0)
	                    Index Cond: ((id >= 5905150) AND (id <= 5915149))

table 2 : explain SELECT DISTINCT c FROM sbtest2 WHERE id BETWEEN 6669448 AND 6679447 ORDER BY c
	Unique  (cost=33809.82..33857.52 rows=9540 width=121)
	  ->  Sort  (cost=33809.82..33833.67 rows=9540 width=121)
	        Sort Key: c
	        ->  Bitmap Heap Scan on sbtest2  (cost=282.22..33179.23 rows=9540 width=121)
	              Recheck Cond: ((id >= 6669448) AND (id <= 6679447))
	              ->  Bitmap Index Scan on sbtest2_pkey  (cost=0.00..279.83 rows=9540 width=0)
	                    Index Cond: ((id >= 6669448) AND (id <= 6679447))

table 3 : explain SELECT DISTINCT c FROM sbtest3 WHERE id BETWEEN 9261789 AND 9271788 ORDER BY c
	Unique  (cost=33893.90..33941.83 rows=9587 width=121)
	  ->  Sort  (cost=33893.90..33917.86 rows=9587 width=121)
	        Sort Key: c
	        ->  Bitmap Heap Scan on sbtest3  (cost=274.70..33259.87 rows=9587 width=121)
	              Recheck Cond: ((id >= 9261789) AND (id <= 9271788))
	              ->  Bitmap Index Scan on sbtest3_pkey  (cost=0.00..272.31 rows=9587 width=0)
	                    Index Cond: ((id >= 9261789) AND (id <= 9271788))

table 4 : explain SELECT DISTINCT c FROM sbtest4 WHERE id BETWEEN 8971448 AND 8981447 ORDER BY c
	Unique  (cost=36796.09..36848.43 rows=10468 width=121)
	  ->  Sort  (cost=36796.09..36822.26 rows=10468 width=121)
	        Sort Key: c
	        ->  Bitmap Heap Scan on sbtest4  (cost=303.73..36097.16 rows=10468 width=121)
	              Recheck Cond: ((id >= 8971448) AND (id <= 8981447))
	              ->  Bitmap Index Scan on sbtest4_pkey  (cost=0.00..301.12 rows=10468 width=0)
	                    Index Cond: ((id >= 8971448) AND (id <= 8981447))

table 5 : explain SELECT DISTINCT c FROM sbtest5 WHERE id BETWEEN 3806968 AND 3816967 ORDER BY c
	Unique  (cost=34063.01..34111.09 rows=9616 width=121)
	  ->  Sort  (cost=34063.01..34087.05 rows=9616 width=121)
	        Sort Key: c
	        ->  Bitmap Heap Scan on sbtest5  (cost=283.00..33426.85 rows=9616 width=121)
	              Recheck Cond: ((id >= 3806968) AND (id <= 3816967))
	              ->  Bitmap Index Scan on sbtest5_pkey  (cost=0.00..280.59 rows=9616 width=0)
	                    Index Cond: ((id >= 3806968) AND (id <= 3816967))

table 6 : explain SELECT DISTINCT c FROM sbtest6 WHERE id BETWEEN 6332962 AND 6342961 ORDER BY c
	Unique  (cost=38861.27..38916.85 rows=11117 width=121)
	  ->  Sort  (cost=38861.27..38889.06 rows=11117 width=121)
	        Sort Key: c
	        ->  Bitmap Heap Scan on sbtest6  (cost=326.38..38114.18 rows=11117 width=121)
	              Recheck Cond: ((id >= 6332962) AND (id <= 6342961))
	              ->  Bitmap Index Scan on sbtest6_pkey  (cost=0.00..323.61 rows=11117 width=0)
	                    Index Cond: ((id >= 6332962) AND (id <= 6342961))

table 7 : explain SELECT DISTINCT c FROM sbtest7 WHERE id BETWEEN 3388207 AND 3398206 ORDER BY c
	Unique  (cost=34288.35..34336.91 rows=9711 width=121)
	  ->  Sort  (cost=34288.35..34312.63 rows=9711 width=121)
	        Sort Key: c
	        ->  Bitmap Heap Scan on sbtest7  (cost=287.97..33645.22 rows=9711 width=121)
	              Recheck Cond: ((id >= 3388207) AND (id <= 3398206))
	              ->  Bitmap Index Scan on sbtest7_pkey  (cost=0.00..285.55 rows=9711 width=0)
	                    Index Cond: ((id >= 3388207) AND (id <= 3398206))

table 8 : explain SELECT DISTINCT c FROM sbtest8 WHERE id BETWEEN 9076241 AND 9086240 ORDER BY c
	Unique  (cost=34881.65..34930.99 rows=9868 width=121)
	  ->  Sort  (cost=34881.65..34906.32 rows=9868 width=121)
	        Sort Key: c
	        ->  Bitmap Heap Scan on sbtest8  (cost=293.58..34226.98 rows=9868 width=121)
	              Recheck Cond: ((id >= 9076241) AND (id <= 9086240))
	              ->  Bitmap Index Scan on sbtest8_pkey  (cost=0.00..291.12 rows=9868 width=0)
	                    Index Cond: ((id >= 9076241) AND (id <= 9086240))

for: order_ranges
table 1 : explain SELECT c FROM sbtest1 WHERE id BETWEEN 9929676 AND 9939675 ORDER BY c
	Sort  (cost=37089.72..37116.06 rows=10539 width=121)
	  Sort Key: c
	  ->  Bitmap Heap Scan on sbtest1  (cost=308.46..36385.53 rows=10539 width=121)
	        Recheck Cond: ((id >= 9929676) AND (id <= 9939675))
	        ->  Bitmap Index Scan on sbtest1_pkey  (cost=0.00..305.82 rows=10539 width=0)
	              Index Cond: ((id >= 9929676) AND (id <= 9939675))

table 2 : explain SELECT c FROM sbtest2 WHERE id BETWEEN 5606811 AND 5616810 ORDER BY c
	Sort  (cost=35583.56..35608.78 rows=10088 width=121)
	  Sort Key: c
	  ->  Bitmap Heap Scan on sbtest2  (cost=299.84..34912.69 rows=10088 width=121)
	        Recheck Cond: ((id >= 5606811) AND (id <= 5616810))
	        ->  Bitmap Index Scan on sbtest2_pkey  (cost=0.00..297.31 rows=10088 width=0)
	              Index Cond: ((id >= 5606811) AND (id <= 5616810))

table 3 : explain SELECT c FROM sbtest3 WHERE id BETWEEN 2246280 AND 2256279 ORDER BY c
	Sort  (cost=35378.87..35403.99 rows=10046 width=121)
	  Sort Key: c
	  ->  Bitmap Heap Scan on sbtest3  (cost=291.41..34711.10 rows=10046 width=121)
	        Recheck Cond: ((id >= 2246280) AND (id <= 2256279))
	        ->  Bitmap Index Scan on sbtest3_pkey  (cost=0.00..288.90 rows=10046 width=0)
	              Index Cond: ((id >= 2246280) AND (id <= 2256279))

table 4 : explain SELECT c FROM sbtest4 WHERE id BETWEEN 8452731 AND 8462730 ORDER BY c
	Sort  (cost=34619.02..34643.50 rows=9792 width=121)
	  Sort Key: c
	  ->  Bitmap Heap Scan on sbtest4  (cost=284.80..33969.94 rows=9792 width=121)
	        Recheck Cond: ((id >= 8452731) AND (id <= 8462730))
	        ->  Bitmap Index Scan on sbtest4_pkey  (cost=0.00..282.36 rows=9792 width=0)
	              Index Cond: ((id >= 8452731) AND (id <= 8462730))

table 5 : explain SELECT c FROM sbtest5 WHERE id BETWEEN 3472312 AND 3482311 ORDER BY c
	Sort  (cost=38030.22..38057.35 rows=10850 width=121)
	  Sort Key: c
	  ->  Bitmap Heap Scan on sbtest5  (cost=315.65..37302.98 rows=10850 width=121)
	        Recheck Cond: ((id >= 3472312) AND (id <= 3482311))
	        ->  Bitmap Index Scan on sbtest5_pkey  (cost=0.00..312.94 rows=10850 width=0)
	              Index Cond: ((id >= 3472312) AND (id <= 3482311))

table 6 : explain SELECT c FROM sbtest6 WHERE id BETWEEN 8336129 AND 8346128 ORDER BY c
	Sort  (cost=36506.32..36532.26 rows=10379 width=121)
	  Sort Key: c
	  ->  Bitmap Heap Scan on sbtest6  (cost=306.82..35813.96 rows=10379 width=121)
	        Recheck Cond: ((id >= 8336129) AND (id <= 8346128))
	        ->  Bitmap Index Scan on sbtest6_pkey  (cost=0.00..304.23 rows=10379 width=0)
	              Index Cond: ((id >= 8336129) AND (id <= 8346128))

table 7 : explain SELECT c FROM sbtest7 WHERE id BETWEEN 6830611 AND 6840610 ORDER BY c
	Sort  (cost=36158.52..36184.25 rows=10292 width=121)
	  Sort Key: c
	  ->  Bitmap Heap Scan on sbtest7  (cost=305.93..35472.60 rows=10292 width=121)
	        Recheck Cond: ((id >= 6830611) AND (id <= 6840610))
	        ->  Bitmap Index Scan on sbtest7_pkey  (cost=0.00..303.36 rows=10292 width=0)
	              Index Cond: ((id >= 6830611) AND (id <= 6840610))

table 8 : explain SELECT c FROM sbtest8 WHERE id BETWEEN 7098255 AND 7108254 ORDER BY c
	Sort  (cost=36157.09..36182.74 rows=10263 width=121)
	  Sort Key: c
	  ->  Bitmap Heap Scan on sbtest8  (cost=305.63..35473.31 rows=10263 width=121)
	        Recheck Cond: ((id >= 7098255) AND (id <= 7108254))
	        ->  Bitmap Index Scan on sbtest8_pkey  (cost=0.00..303.06 rows=10263 width=0)
	              Index Cond: ((id >= 7098255) AND (id <= 7108254))

for point_selects
table 1 : explain SELECT c FROM sbtest1 WHERE id=4895952
	Index Scan using sbtest1_pkey on sbtest1  (cost=0.43..8.45 rows=1 width=121)
	  Index Cond: (id = 4895952)

table 2 : explain SELECT c FROM sbtest2 WHERE id=4157090
	Index Scan using sbtest2_pkey on sbtest2  (cost=0.43..8.45 rows=1 width=121)
	  Index Cond: (id = 4157090)

table 3 : explain SELECT c FROM sbtest3 WHERE id=2952734
	Index Scan using sbtest3_pkey on sbtest3  (cost=0.43..8.45 rows=1 width=121)
	  Index Cond: (id = 2952734)

table 4 : explain SELECT c FROM sbtest4 WHERE id=990475
	Index Scan using sbtest4_pkey on sbtest4  (cost=0.43..8.45 rows=1 width=121)
	  Index Cond: (id = 990475)

table 5 : explain SELECT c FROM sbtest5 WHERE id=588544
	Index Scan using sbtest5_pkey on sbtest5  (cost=0.43..8.45 rows=1 width=121)
	  Index Cond: (id = 588544)

table 6 : explain SELECT c FROM sbtest6 WHERE id=114793
	Index Scan using sbtest6_pkey on sbtest6  (cost=0.43..8.45 rows=1 width=121)
	  Index Cond: (id = 114793)

table 7 : explain SELECT c FROM sbtest7 WHERE id=5792141
	Index Scan using sbtest7_pkey on sbtest7  (cost=0.43..8.45 rows=1 width=121)
	  Index Cond: (id = 5792141)

table 8 : explain SELECT c FROM sbtest8 WHERE id=9906478
	Index Scan using sbtest8_pkey on sbtest8  (cost=0.43..8.45 rows=1 width=121)
	  Index Cond: (id = 9906478)

for: simple_ranges
table 1 : explain SELECT c FROM sbtest1 WHERE id BETWEEN 8172201 AND 8182200
	Bitmap Heap Scan on sbtest1  (cost=309.25..36623.80 rows=10616 width=121)
	  Recheck Cond: ((id >= 8172201) AND (id <= 8182200))
	  ->  Bitmap Index Scan on sbtest1_pkey  (cost=0.00..306.59 rows=10616 width=0)
	        Index Cond: ((id >= 8172201) AND (id <= 8182200))

table 2 : explain SELECT c FROM sbtest2 WHERE id BETWEEN 1745369 AND 1755368
	Bitmap Heap Scan on sbtest2  (cost=324.99..37705.76 rows=10981 width=121)
	  Recheck Cond: ((id >= 1745369) AND (id <= 1755368))
	  ->  Bitmap Index Scan on sbtest2_pkey  (cost=0.00..322.25 rows=10981 width=0)
	        Index Cond: ((id >= 1745369) AND (id <= 1755368))

table 3 : explain SELECT c FROM sbtest3 WHERE id BETWEEN 6685678 AND 6695677
	Bitmap Heap Scan on sbtest3  (cost=316.44..37463.64 rows=10927 width=121)
	  Recheck Cond: ((id >= 6685678) AND (id <= 6695677))
	  ->  Bitmap Index Scan on sbtest3_pkey  (cost=0.00..313.70 rows=10927 width=0)
	        Index Cond: ((id >= 6685678) AND (id <= 6695677))

table 4 : explain SELECT c FROM sbtest4 WHERE id BETWEEN 937404 AND 947403
	Bitmap Heap Scan on sbtest4  (cost=283.25..33492.84 rows=9640 width=121)
	  Recheck Cond: ((id >= 937404) AND (id <= 947403))
	  ->  Bitmap Index Scan on sbtest4_pkey  (cost=0.00..280.83 rows=9640 width=0)
	        Index Cond: ((id >= 937404) AND (id <= 947403))

table 5 : explain SELECT c FROM sbtest5 WHERE id BETWEEN 7086745 AND 7096744
	Bitmap Heap Scan on sbtest5  (cost=277.91..33087.81 rows=9510 width=121)
	  Recheck Cond: ((id >= 7086745) AND (id <= 7096744))
	  ->  Bitmap Index Scan on sbtest5_pkey  (cost=0.00..275.54 rows=9510 width=0)
	        Index Cond: ((id >= 7086745) AND (id <= 7096744))

table 6 : explain SELECT c FROM sbtest6 WHERE id BETWEEN 8995066 AND 9005065
	Bitmap Heap Scan on sbtest6  (cost=301.52..35413.76 rows=10252 width=121)
	  Recheck Cond: ((id >= 8995066) AND (id <= 9005065))
	  ->  Bitmap Index Scan on sbtest6_pkey  (cost=0.00..298.95 rows=10252 width=0)
	        Index Cond: ((id >= 8995066) AND (id <= 9005065))

table 7 : explain SELECT c FROM sbtest7 WHERE id BETWEEN 9226316 AND 9236315
	Bitmap Heap Scan on sbtest7  (cost=286.44..33172.35 rows=9561 width=121)
	  Recheck Cond: ((id >= 9226316) AND (id <= 9236315))
	  ->  Bitmap Index Scan on sbtest7_pkey  (cost=0.00..284.05 rows=9561 width=0)
	        Index Cond: ((id >= 9226316) AND (id <= 9236315))

table 8 : explain SELECT c FROM sbtest8 WHERE id BETWEEN 132720 AND 142719
	Bitmap Heap Scan on sbtest8  (cost=293.72..34269.10 rows=9881 width=121)
	  Recheck Cond: ((id >= 132720) AND (id <= 142719))
	  ->  Bitmap Index Scan on sbtest8_pkey  (cost=0.00..291.25 rows=9881 width=0)
	        Index Cond: ((id >= 132720) AND (id <= 142719))

for: order_ranges
table 1 : explain SELECT c FROM sbtest1 WHERE id BETWEEN 8850901 AND 8860900 ORDER BY c
	Sort  (cost=33254.72..33278.11 rows=9356 width=121)
	  Sort Key: c
	  ->  Bitmap Heap Scan on sbtest1  (cost=272.33..32637.61 rows=9356 width=121)
	        Recheck Cond: ((id >= 8850901) AND (id <= 8860900))
	        ->  Bitmap Index Scan on sbtest1_pkey  (cost=0.00..270.00 rows=9356 width=0)
	              Index Cond: ((id >= 8850901) AND (id <= 8860900))

table 2 : explain SELECT c FROM sbtest2 WHERE id BETWEEN 14527 AND 24526 ORDER BY c
	Sort  (cost=33359.47..33382.98 rows=9402 width=121)
	  Sort Key: c
	  ->  Bitmap Heap Scan on sbtest2  (cost=276.81..32739.00 rows=9402 width=121)
	        Recheck Cond: ((id >= 14527) AND (id <= 24526))
	        ->  Bitmap Index Scan on sbtest2_pkey  (cost=0.00..274.45 rows=9402 width=0)
	              Index Cond: ((id >= 14527) AND (id <= 24526))

table 3 : explain SELECT c FROM sbtest3 WHERE id BETWEEN 3915815 AND 3925814 ORDER BY c
	Sort  (cost=36154.22..36179.94 rows=10287 width=121)
	  Sort Key: c
	  ->  Bitmap Heap Scan on sbtest3  (cost=297.88..35468.67 rows=10287 width=121)
	        Recheck Cond: ((id >= 3915815) AND (id <= 3925814))
	        ->  Bitmap Index Scan on sbtest3_pkey  (cost=0.00..295.31 rows=10287 width=0)
	              Index Cond: ((id >= 3915815) AND (id <= 3925814))

table 4 : explain SELECT c FROM sbtest4 WHERE id BETWEEN 4777257 AND 4787256 ORDER BY c
	Sort  (cost=32850.08..32873.19 rows=9247 width=121)
	  Sort Key: c
	  ->  Bitmap Heap Scan on sbtest4  (cost=271.22..32240.94 rows=9247 width=121)
	        Recheck Cond: ((id >= 4777257) AND (id <= 4787256))
	        ->  Bitmap Index Scan on sbtest4_pkey  (cost=0.00..268.91 rows=9247 width=0)
	              Index Cond: ((id >= 4777257) AND (id <= 4787256))

table 5 : explain SELECT c FROM sbtest5 WHERE id BETWEEN 5318137 AND 5328136 ORDER BY c
	Sort  (cost=36192.52..36218.21 rows=10275 width=121)
	  Sort Key: c
	  ->  Bitmap Heap Scan on sbtest5  (cost=301.75..35507.86 rows=10275 width=121)
	        Recheck Cond: ((id >= 5318137) AND (id <= 5328136))
	        ->  Bitmap Index Scan on sbtest5_pkey  (cost=0.00..299.19 rows=10275 width=0)
	              Index Cond: ((id >= 5318137) AND (id <= 5328136))

table 6 : explain SELECT c FROM sbtest6 WHERE id BETWEEN 4352374 AND 4362373 ORDER BY c
	Sort  (cost=32880.75..32903.90 rows=9259 width=121)
	  Sort Key: c
	  ->  Bitmap Heap Scan on sbtest6  (cost=271.34..32270.74 rows=9259 width=121)
	        Recheck Cond: ((id >= 4352374) AND (id <= 4362373))
	        ->  Bitmap Index Scan on sbtest6_pkey  (cost=0.00..269.03 rows=9259 width=0)
	              Index Cond: ((id >= 4352374) AND (id <= 4362373))

table 7 : explain SELECT c FROM sbtest7 WHERE id BETWEEN 3652860 AND 3662859 ORDER BY c
	Sort  (cost=37371.18..37397.86 rows=10672 width=121)
	  Sort Key: c
	  ->  Bitmap Heap Scan on sbtest7  (cost=317.82..36657.14 rows=10672 width=121)
	        Recheck Cond: ((id >= 3652860) AND (id <= 3662859))
	        ->  Bitmap Index Scan on sbtest7_pkey  (cost=0.00..315.16 rows=10672 width=0)
	              Index Cond: ((id >= 3652860) AND (id <= 3662859))

table 8 : explain SELECT c FROM sbtest8 WHERE id BETWEEN 3528074 AND 3538073 ORDER BY c
	Sort  (cost=32524.16..32547.02 rows=9144 width=121)
	  Sort Key: c
	  ->  Bitmap Heap Scan on sbtest8  (cost=270.16..31922.54 rows=9144 width=121)
	        Recheck Cond: ((id >= 3528074) AND (id <= 3538073))
	        ->  Bitmap Index Scan on sbtest8_pkey  (cost=0.00..267.88 rows=9144 width=0)
	              Index Cond: ((id >= 3528074) AND (id <= 3538073))

for: distinct_ranges
table 1 : explain SELECT DISTINCT c FROM sbtest1 WHERE id BETWEEN 875005 AND 885004 ORDER BY c
	Unique  (cost=35049.14..35098.68 rows=9907 width=121)
	  ->  Sort  (cost=35049.14..35073.91 rows=9907 width=121)
	        Sort Key: c
	        ->  Bitmap Heap Scan on sbtest1  (cost=289.98..34391.60 rows=9907 width=121)
	              Recheck Cond: ((id >= 875005) AND (id <= 885004))
	              ->  Bitmap Index Scan on sbtest1_pkey  (cost=0.00..287.50 rows=9907 width=0)
	                    Index Cond: ((id >= 875005) AND (id <= 885004))

table 2 : explain SELECT DISTINCT c FROM sbtest2 WHERE id BETWEEN 4253727 AND 4263726 ORDER BY c
	Unique  (cost=35304.89..35354.90 rows=10002 width=121)
	  ->  Sort  (cost=35304.89..35329.90 rows=10002 width=121)
	        Sort Key: c
	        ->  Bitmap Heap Scan on sbtest2  (cost=294.96..34640.36 rows=10002 width=121)
	              Recheck Cond: ((id >= 4253727) AND (id <= 4263726))
	              ->  Bitmap Index Scan on sbtest2_pkey  (cost=0.00..292.45 rows=10002 width=0)
	                    Index Cond: ((id >= 4253727) AND (id <= 4263726))

table 3 : explain SELECT DISTINCT c FROM sbtest3 WHERE id BETWEEN 5547932 AND 5557931 ORDER BY c
	Unique  (cost=32982.24..33028.76 rows=9305 width=121)
	  ->  Sort  (cost=32982.24..33005.50 rows=9305 width=121)
	        Sort Key: c
	        ->  Bitmap Heap Scan on sbtest3  (cost=267.81..32368.86 rows=9305 width=121)
	              Recheck Cond: ((id >= 5547932) AND (id <= 5557931))
	              ->  Bitmap Index Scan on sbtest3_pkey  (cost=0.00..265.49 rows=9305 width=0)
	                    Index Cond: ((id >= 5547932) AND (id <= 5557931))

table 4 : explain SELECT DISTINCT c FROM sbtest4 WHERE id BETWEEN 5140847 AND 5150846 ORDER BY c
	Unique  (cost=37323.13..37376.29 rows=10632 width=121)
	  ->  Sort  (cost=37323.13..37349.71 rows=10632 width=121)
	        Sort Key: c
	        ->  Bitmap Heap Scan on sbtest4  (cost=309.41..36612.06 rows=10632 width=121)
	              Recheck Cond: ((id >= 5140847) AND (id <= 5150846))
	              ->  Bitmap Index Scan on sbtest4_pkey  (cost=0.00..306.75 rows=10632 width=0)
	                    Index Cond: ((id >= 5140847) AND (id <= 5150846))

table 5 : explain SELECT DISTINCT c FROM sbtest5 WHERE id BETWEEN 738032 AND 748031 ORDER BY c
	Unique  (cost=37419.48..37472.77 rows=10658 width=121)
	  ->  Sort  (cost=37419.48..37446.13 rows=10658 width=121)
	        Sort Key: c
	        ->  Bitmap Heap Scan on sbtest5  (cost=313.68..36706.48 rows=10658 width=121)
	              Recheck Cond: ((id >= 738032) AND (id <= 748031))
	              ->  Bitmap Index Scan on sbtest5_pkey  (cost=0.00..311.01 rows=10658 width=0)
	                    Index Cond: ((id >= 738032) AND (id <= 748031))

table 6 : explain SELECT DISTINCT c FROM sbtest6 WHERE id BETWEEN 7310120 AND 7320119 ORDER BY c
	Unique  (cost=36050.48..36101.66 rows=10237 width=121)
	  ->  Sort  (cost=36050.48..36076.07 rows=10237 width=121)
	        Sort Key: c
	        ->  Bitmap Heap Scan on sbtest6  (cost=301.36..35368.62 rows=10237 width=121)
	              Recheck Cond: ((id >= 7310120) AND (id <= 7320119))
	              ->  Bitmap Index Scan on sbtest6_pkey  (cost=0.00..298.81 rows=10237 width=0)
	                    Index Cond: ((id >= 7310120) AND (id <= 7320119))

table 7 : explain SELECT DISTINCT c FROM sbtest7 WHERE id BETWEEN 2994770 AND 3004769 ORDER BY c
	Unique  (cost=35720.02..35770.80 rows=10156 width=121)
	  ->  Sort  (cost=35720.02..35745.41 rows=10156 width=121)
	        Sort Key: c
	        ->  Bitmap Heap Scan on sbtest7  (cost=300.53..35044.13 rows=10156 width=121)
	              Recheck Cond: ((id >= 2994770) AND (id <= 3004769))
	              ->  Bitmap Index Scan on sbtest7_pkey  (cost=0.00..298.00 rows=10156 width=0)
	                    Index Cond: ((id >= 2994770) AND (id <= 3004769))

table 8 : explain SELECT DISTINCT c FROM sbtest8 WHERE id BETWEEN 186168 AND 196167 ORDER BY c
	Unique  (cost=34924.73..34974.13 rows=9881 width=121)
	  ->  Sort  (cost=34924.73..34949.43 rows=9881 width=121)
	        Sort Key: c
	        ->  Bitmap Heap Scan on sbtest8  (cost=293.72..34269.10 rows=9881 width=121)
	              Recheck Cond: ((id >= 186168) AND (id <= 196167))
	              ->  Bitmap Index Scan on sbtest8_pkey  (cost=0.00..291.25 rows=9881 width=0)
	                    Index Cond: ((id >= 186168) AND (id <= 196167))

for: distinct_ranges
table 1 : explain SELECT DISTINCT c FROM sbtest1 WHERE id BETWEEN 4624318 AND 4634317 ORDER BY c
	Unique  (cost=36243.61..36294.99 rows=10276 width=121)
	  ->  Sort  (cost=36243.61..36269.30 rows=10276 width=121)
	        Sort Key: c
	        ->  Bitmap Heap Scan on sbtest1  (cost=301.76..35558.87 rows=10276 width=121)
	              Recheck Cond: ((id >= 4624318) AND (id <= 4634317))
	              ->  Bitmap Index Scan on sbtest1_pkey  (cost=0.00..299.19 rows=10276 width=0)
	                    Index Cond: ((id >= 4624318) AND (id <= 4634317))

table 2 : explain SELECT DISTINCT c FROM sbtest2 WHERE id BETWEEN 5221042 AND 5231041 ORDER BY c
	Unique  (cost=37684.64..37738.36 rows=10743 width=121)
	  ->  Sort  (cost=37684.64..37711.50 rows=10743 width=121)
	        Sort Key: c
	        ->  Bitmap Heap Scan on sbtest2  (cost=318.55..36965.34 rows=10743 width=121)
	              Recheck Cond: ((id >= 5221042) AND (id <= 5231041))
	              ->  Bitmap Index Scan on sbtest2_pkey  (cost=0.00..315.87 rows=10743 width=0)
	                    Index Cond: ((id >= 5221042) AND (id <= 5231041))

table 3 : explain SELECT DISTINCT c FROM sbtest3 WHERE id BETWEEN 5806744 AND 5816743 ORDER BY c
	Unique  (cost=34544.32..34593.26 rows=9788 width=121)
	  ->  Sort  (cost=34544.32..34568.79 rows=9788 width=121)
	        Sort Key: c
	        ->  Bitmap Heap Scan on sbtest3  (cost=280.76..33895.54 rows=9788 width=121)
	              Recheck Cond: ((id >= 5806744) AND (id <= 5816743))
	              ->  Bitmap Index Scan on sbtest3_pkey  (cost=0.00..278.31 rows=9788 width=0)
	                    Index Cond: ((id >= 5806744) AND (id <= 5816743))

table 4 : explain SELECT DISTINCT c FROM sbtest4 WHERE id BETWEEN 4771328 AND 4781327 ORDER BY c
	Unique  (cost=32850.08..32896.31 rows=9247 width=121)
	  ->  Sort  (cost=32850.08..32873.19 rows=9247 width=121)
	        Sort Key: c
	        ->  Bitmap Heap Scan on sbtest4  (cost=271.22..32240.94 rows=9247 width=121)
	              Recheck Cond: ((id >= 4771328) AND (id <= 4781327))
	              ->  Bitmap Index Scan on sbtest4_pkey  (cost=0.00..268.91 rows=9247 width=0)
	                    Index Cond: ((id >= 4771328) AND (id <= 4781327))

table 5 : explain SELECT DISTINCT c FROM sbtest5 WHERE id BETWEEN 6161247 AND 6171246 ORDER BY c
	Unique  (cost=35159.23..35209.01 rows=9955 width=121)
	  ->  Sort  (cost=35159.23..35184.12 rows=9955 width=121)
	        Sort Key: c
	        ->  Bitmap Heap Scan on sbtest5  (cost=290.47..34498.16 rows=9955 width=121)
	              Recheck Cond: ((id >= 6161247) AND (id <= 6171246))
	              ->  Bitmap Index Scan on sbtest5_pkey  (cost=0.00..287.99 rows=9955 width=0)
	                    Index Cond: ((id >= 6161247) AND (id <= 6171246))

table 6 : explain SELECT DISTINCT c FROM sbtest6 WHERE id BETWEEN 4686707 AND 4696706 ORDER BY c
	Unique  (cost=34477.04..34525.79 rows=9749 width=121)
	  ->  Sort  (cost=34477.04..34501.41 rows=9749 width=121)
	        Sort Key: c
	        ->  Bitmap Heap Scan on sbtest6  (cost=288.36..33831.12 rows=9749 width=121)
	              Recheck Cond: ((id >= 4686707) AND (id <= 4696706))
	              ->  Bitmap Index Scan on sbtest6_pkey  (cost=0.00..285.93 rows=9749 width=0)
	                    Index Cond: ((id >= 4686707) AND (id <= 4696706))

table 7 : explain SELECT DISTINCT c FROM sbtest7 WHERE id BETWEEN 7132135 AND 7142134 ORDER BY c
	Unique  (cost=37502.12..37555.68 rows=10713 width=121)
	  ->  Sort  (cost=37502.12..37528.90 rows=10713 width=121)
	        Sort Key: c
	        ->  Bitmap Heap Scan on sbtest7  (cost=318.24..36785.04 rows=10713 width=121)
	              Recheck Cond: ((id >= 7132135) AND (id <= 7142134))
	              ->  Bitmap Index Scan on sbtest7_pkey  (cost=0.00..315.56 rows=10713 width=0)
	                    Index Cond: ((id >= 7132135) AND (id <= 7142134))

table 8 : explain SELECT DISTINCT c FROM sbtest8 WHERE id BETWEEN 6770198 AND 6780197 ORDER BY c
	Unique  (cost=33202.91..33249.66 rows=9351 width=121)
	  ->  Sort  (cost=33202.91..33226.28 rows=9351 width=121)
	        Sort Key: c
	        ->  Bitmap Heap Scan on sbtest8  (cost=276.28..32586.17 rows=9351 width=121)
	              Recheck Cond: ((id >= 6770198) AND (id <= 6780197))
	              ->  Bitmap Index Scan on sbtest8_pkey  (cost=0.00..273.94 rows=9351 width=0)
	                    Index Cond: ((id >= 6770198) AND (id <= 6780197))

for: sum_ranges
table 1 : explain SELECT SUM(k) FROM sbtest1 WHERE id BETWEEN 6567326 AND 6577325
	Aggregate  (cost=31108.44..31108.45 rows=1 width=8)
	  ->  Bitmap Heap Scan on sbtest1  (cost=259.36..31086.27 rows=8871 width=4)
	        Recheck Cond: ((id >= 6567326) AND (id <= 6577325))
	        ->  Bitmap Index Scan on sbtest1_pkey  (cost=0.00..257.15 rows=8871 width=0)
	              Index Cond: ((id >= 6567326) AND (id <= 6577325))

table 2 : explain SELECT SUM(k) FROM sbtest2 WHERE id BETWEEN 4597094 AND 4607093
	Aggregate  (cost=33909.28..33909.29 rows=1 width=8)
	  ->  Bitmap Heap Scan on sbtest2  (cost=288.51..33884.87 rows=9763 width=4)
	        Recheck Cond: ((id >= 4597094) AND (id <= 4607093))
	        ->  Bitmap Index Scan on sbtest2_pkey  (cost=0.00..286.06 rows=9763 width=0)
	              Index Cond: ((id >= 4597094) AND (id <= 4607093))

table 3 : explain SELECT SUM(k) FROM sbtest3 WHERE id BETWEEN 5577308 AND 5587307
	Aggregate  (cost=32392.12..32392.13 rows=1 width=8)
	  ->  Bitmap Heap Scan on sbtest3  (cost=267.81..32368.86 rows=9305 width=4)
	        Recheck Cond: ((id >= 5577308) AND (id <= 5587307))
	        ->  Bitmap Index Scan on sbtest3_pkey  (cost=0.00..265.49 rows=9305 width=0)
	              Index Cond: ((id >= 5577308) AND (id <= 5587307))

table 4 : explain SELECT SUM(k) FROM sbtest4 WHERE id BETWEEN 2927005 AND 2937004
	Aggregate  (cost=33965.22..33965.23 rows=1 width=8)
	  ->  Bitmap Heap Scan on sbtest4  (cost=284.71..33940.76 rows=9783 width=4)
	        Recheck Cond: ((id >= 2927005) AND (id <= 2937004))
	        ->  Bitmap Index Scan on sbtest4_pkey  (cost=0.00..282.26 rows=9783 width=0)
	              Index Cond: ((id >= 2927005) AND (id <= 2937004))

table 5 : explain SELECT SUM(k) FROM sbtest5 WHERE id BETWEEN 3437450 AND 3447449
	Aggregate  (cost=37330.10..37330.11 rows=1 width=8)
	  ->  Bitmap Heap Scan on sbtest5  (cost=315.65..37302.98 rows=10850 width=4)
	        Recheck Cond: ((id >= 3437450) AND (id <= 3447449))
	        ->  Bitmap Index Scan on sbtest5_pkey  (cost=0.00..312.94 rows=10850 width=0)
	              Index Cond: ((id >= 3437450) AND (id <= 3447449))

table 6 : explain SELECT SUM(k) FROM sbtest6 WHERE id BETWEEN 1699640 AND 1709639
	Aggregate  (cost=33748.36..33748.37 rows=1 width=8)
	  ->  Bitmap Heap Scan on sbtest6  (cost=288.01..33724.07 rows=9715 width=4)
	        Recheck Cond: ((id >= 1699640) AND (id <= 1709639))
	        ->  Bitmap Index Scan on sbtest6_pkey  (cost=0.00..285.58 rows=9715 width=0)
	              Index Cond: ((id >= 1699640) AND (id <= 1709639))

table 7 : explain SELECT SUM(k) FROM sbtest7 WHERE id BETWEEN 6304694 AND 6314693
	Aggregate  (cost=31900.11..31900.12 rows=1 width=8)
	  ->  Bitmap Heap Scan on sbtest7  (cost=274.25..31877.22 rows=9153 width=4)
	        Recheck Cond: ((id >= 6304694) AND (id <= 6314693))
	        ->  Bitmap Index Scan on sbtest7_pkey  (cost=0.00..271.96 rows=9153 width=0)
	              Index Cond: ((id >= 6304694) AND (id <= 6314693))

table 8 : explain SELECT SUM(k) FROM sbtest8 WHERE id BETWEEN 1766004 AND 1776003
	Aggregate  (cost=37347.88..37347.89 rows=1 width=8)
	  ->  Bitmap Heap Scan on sbtest8  (cost=323.68..37320.74 rows=10853 width=4)
	        Recheck Cond: ((id >= 1766004) AND (id <= 1776003))
	        ->  Bitmap Index Scan on sbtest8_pkey  (cost=0.00..320.96 rows=10853 width=0)
	              Index Cond: ((id >= 1766004) AND (id <= 1776003))

for: distinct_ranges
table 1 : explain SELECT DISTINCT c FROM sbtest1 WHERE id BETWEEN 6296564 AND 6306563 ORDER BY c
	Unique  (cost=33064.11..33110.59 rows=9297 width=121)
	  ->  Sort  (cost=33064.11..33087.35 rows=9297 width=121)
	        Sort Key: c
	        ->  Bitmap Heap Scan on sbtest1  (cost=271.73..32451.32 rows=9297 width=121)
	              Recheck Cond: ((id >= 6296564) AND (id <= 6306563))
	              ->  Bitmap Index Scan on sbtest1_pkey  (cost=0.00..269.41 rows=9297 width=0)
	                    Index Cond: ((id >= 6296564) AND (id <= 6306563))

table 2 : explain SELECT DISTINCT c FROM sbtest2 WHERE id BETWEEN 343798 AND 353797 ORDER BY c
	Unique  (cost=35712.49..35763.13 rows=10128 width=121)
	  ->  Sort  (cost=35712.49..35737.81 rows=10128 width=121)
	        Sort Key: c
	        ->  Bitmap Heap Scan on sbtest2  (cost=300.25..35038.67 rows=10128 width=121)
	              Recheck Cond: ((id >= 343798) AND (id <= 353797))
	              ->  Bitmap Index Scan on sbtest2_pkey  (cost=0.00..297.71 rows=10128 width=0)
	                    Index Cond: ((id >= 343798) AND (id <= 353797))

table 3 : explain SELECT DISTINCT c FROM sbtest3 WHERE id BETWEEN 1066267 AND 1076266 ORDER BY c
	Unique  (cost=32351.52..32397.08 rows=9112 width=121)
	  ->  Sort  (cost=32351.52..32374.30 rows=9112 width=121)
	        Sort Key: c
	        ->  Bitmap Heap Scan on sbtest3  (cost=261.83..31752.24 rows=9112 width=121)
	              Recheck Cond: ((id >= 1066267) AND (id <= 1076266))
	              ->  Bitmap Index Scan on sbtest3_pkey  (cost=0.00..259.56 rows=9112 width=0)
	                    Index Cond: ((id >= 1066267) AND (id <= 1076266))

table 4 : explain SELECT DISTINCT c FROM sbtest4 WHERE id BETWEEN 8280748 AND 8290747 ORDER BY c
	Unique  (cost=35752.98..35803.70 rows=10143 width=121)
	  ->  Sort  (cost=35752.98..35778.34 rows=10143 width=121)
	        Sort Key: c
	        ->  Bitmap Heap Scan on sbtest4  (cost=296.40..35078.06 rows=10143 width=121)
	              Recheck Cond: ((id >= 8280748) AND (id <= 8290747))
	              ->  Bitmap Index Scan on sbtest4_pkey  (cost=0.00..293.87 rows=10143 width=0)
	                    Index Cond: ((id >= 8280748) AND (id <= 8290747))

table 5 : explain SELECT DISTINCT c FROM sbtest5 WHERE id BETWEEN 2950988 AND 2960987 ORDER BY c
	Unique  (cost=33646.21..33693.65 rows=9488 width=121)
	  ->  Sort  (cost=33646.21..33669.93 rows=9488 width=121)
	        Sort Key: c
	        ->  Bitmap Heap Scan on sbtest5  (cost=277.69..33019.44 rows=9488 width=121)
	              Recheck Cond: ((id >= 2950988) AND (id <= 2960987))
	              ->  Bitmap Index Scan on sbtest5_pkey  (cost=0.00..275.31 rows=9488 width=0)
	                    Index Cond: ((id >= 2950988) AND (id <= 2960987))

table 6 : explain SELECT DISTINCT c FROM sbtest6 WHERE id BETWEEN 3314056 AND 3324055 ORDER BY c
	Unique  (cost=37516.79..37570.27 rows=10695 width=121)
	  ->  Sort  (cost=37516.79..37543.53 rows=10695 width=121)
	        Sort Key: c
	        ->  Bitmap Heap Scan on sbtest6  (cost=314.06..36801.05 rows=10695 width=121)
	              Recheck Cond: ((id >= 3314056) AND (id <= 3324055))
	              ->  Bitmap Index Scan on sbtest6_pkey  (cost=0.00..311.38 rows=10695 width=0)
	                    Index Cond: ((id >= 3314056) AND (id <= 3324055))

table 7 : explain SELECT DISTINCT c FROM sbtest7 WHERE id BETWEEN 3420248 AND 3430247 ORDER BY c
	Unique  (cost=34288.35..34336.91 rows=9711 width=121)
	  ->  Sort  (cost=34288.35..34312.63 rows=9711 width=121)
	        Sort Key: c
	        ->  Bitmap Heap Scan on sbtest7  (cost=287.97..33645.22 rows=9711 width=121)
	              Recheck Cond: ((id >= 3420248) AND (id <= 3430247))
	              ->  Bitmap Index Scan on sbtest7_pkey  (cost=0.00..285.55 rows=9711 width=0)
	                    Index Cond: ((id >= 3420248) AND (id <= 3430247))

table 8 : explain SELECT DISTINCT c FROM sbtest8 WHERE id BETWEEN 3015733 AND 3025732 ORDER BY c
	Unique  (cost=35911.89..35962.82 rows=10187 width=121)
	  ->  Sort  (cost=35911.89..35937.35 rows=10187 width=121)
	        Sort Key: c
	        ->  Bitmap Heap Scan on sbtest8  (cost=300.85..35233.71 rows=10187 width=121)
	              Recheck Cond: ((id >= 3015733) AND (id <= 3025732))
	              ->  Bitmap Index Scan on sbtest8_pkey  (cost=0.00..298.31 rows=10187 width=0)
	                    Index Cond: ((id >= 3015733) AND (id <= 3025732))

for: order_ranges
table 1 : explain SELECT c FROM sbtest1 WHERE id BETWEEN 4952402 AND 4962401 ORDER BY c
	Sort  (cost=34426.70..34450.99 rows=9715 width=121)
	  Sort Key: c
	  ->  Bitmap Heap Scan on sbtest1  (cost=284.01..33783.28 rows=9715 width=121)
	        Recheck Cond: ((id >= 4952402) AND (id <= 4962401))
	        ->  Bitmap Index Scan on sbtest1_pkey  (cost=0.00..281.58 rows=9715 width=0)
	              Index Cond: ((id >= 4952402) AND (id <= 4962401))

table 2 : explain SELECT c FROM sbtest2 WHERE id BETWEEN 7288022 AND 7298021 ORDER BY c
	Sort  (cost=35301.58..35326.59 rows=10001 width=121)
	  Sort Key: c
	  ->  Bitmap Heap Scan on sbtest2  (cost=294.95..34637.12 rows=10001 width=121)
	        Recheck Cond: ((id >= 7288022) AND (id <= 7298021))
	        ->  Bitmap Index Scan on sbtest2_pkey  (cost=0.00..292.44 rows=10001 width=0)
	              Index Cond: ((id >= 7288022) AND (id <= 7298021))

table 3 : explain SELECT c FROM sbtest3 WHERE id BETWEEN 6543180 AND 6553179 ORDER BY c
	Sort  (cost=35801.09..35826.53 rows=10178 width=121)
	  Sort Key: c
	  ->  Bitmap Heap Scan on sbtest3  (cost=292.76..35123.58 rows=10178 width=121)
	        Recheck Cond: ((id >= 6543180) AND (id <= 6553179))
	        ->  Bitmap Index Scan on sbtest3_pkey  (cost=0.00..290.21 rows=10178 width=0)
	              Index Cond: ((id >= 6543180) AND (id <= 6553179))

table 4 : explain SELECT c FROM sbtest4 WHERE id BETWEEN 5124687 AND 5134686 ORDER BY c
	Sort  (cost=37323.13..37349.71 rows=10632 width=121)
	  Sort Key: c
	  ->  Bitmap Heap Scan on sbtest4  (cost=309.41..36612.06 rows=10632 width=121)
	        Recheck Cond: ((id >= 5124687) AND (id <= 5134686))
	        ->  Bitmap Index Scan on sbtest4_pkey  (cost=0.00..306.75 rows=10632 width=0)
	              Index Cond: ((id >= 5124687) AND (id <= 5134686))

table 5 : explain SELECT c FROM sbtest5 WHERE id BETWEEN 6464211 AND 6474210 ORDER BY c
	Sort  (cost=35222.22..35247.16 rows=9975 width=121)
	  Sort Key: c
	  ->  Bitmap Heap Scan on sbtest5  (cost=290.68..34559.67 rows=9975 width=121)
	        Recheck Cond: ((id >= 6464211) AND (id <= 6474210))
	        ->  Bitmap Index Scan on sbtest5_pkey  (cost=0.00..288.19 rows=9975 width=0)
	              Index Cond: ((id >= 6464211) AND (id <= 6474210))

table 6 : explain SELECT c FROM sbtest6 WHERE id BETWEEN 753272 AND 763271 ORDER BY c
	Sort  (cost=38452.51..38479.98 rows=10988 width=121)
	  Sort Key: c
	  ->  Bitmap Heap Scan on sbtest6  (cost=325.06..37715.01 rows=10988 width=121)
	        Recheck Cond: ((id >= 753272) AND (id <= 763271))
	        ->  Bitmap Index Scan on sbtest6_pkey  (cost=0.00..322.31 rows=10988 width=0)
	              Index Cond: ((id >= 753272) AND (id <= 763271))

table 7 : explain SELECT c FROM sbtest7 WHERE id BETWEEN 8071326 AND 8081325 ORDER BY c
	Sort  (cost=37453.06..37479.81 rows=10698 width=121)
	  Sort Key: c
	  ->  Bitmap Heap Scan on sbtest7  (cost=318.09..36737.10 rows=10698 width=121)
	        Recheck Cond: ((id >= 8071326) AND (id <= 8081325))
	        ->  Bitmap Index Scan on sbtest7_pkey  (cost=0.00..315.42 rows=10698 width=0)
	              Index Cond: ((id >= 8071326) AND (id <= 8081325))

table 8 : explain SELECT c FROM sbtest8 WHERE id BETWEEN 7082453 AND 7092452 ORDER BY c
	Sort  (cost=36157.09..36182.74 rows=10263 width=121)
	  Sort Key: c
	  ->  Bitmap Heap Scan on sbtest8  (cost=305.63..35473.31 rows=10263 width=121)
	        Recheck Cond: ((id >= 7082453) AND (id <= 7092452))
	        ->  Bitmap Index Scan on sbtest8_pkey  (cost=0.00..303.06 rows=10263 width=0)
	              Index Cond: ((id >= 7082453) AND (id <= 7092452))

for: distinct_ranges
table 1 : explain SELECT DISTINCT c FROM sbtest1 WHERE id BETWEEN 1812029 AND 1822028 ORDER BY c
	Unique  (cost=36263.43..36314.84 rows=10282 width=121)
	  ->  Sort  (cost=36263.43..36289.14 rows=10282 width=121)
	        Sort Key: c
	        ->  Bitmap Heap Scan on sbtest1  (cost=301.83..35578.25 rows=10282 width=121)
	              Recheck Cond: ((id >= 1812029) AND (id <= 1822028))
	              ->  Bitmap Index Scan on sbtest1_pkey  (cost=0.00..299.25 rows=10282 width=0)
	                    Index Cond: ((id >= 1812029) AND (id <= 1822028))

table 2 : explain SELECT DISTINCT c FROM sbtest2 WHERE id BETWEEN 264897 AND 274896 ORDER BY c
	Unique  (cost=36844.79..36897.19 rows=10481 width=121)
	  ->  Sort  (cost=36844.79..36870.99 rows=10481 width=121)
	        Sort Key: c
	        ->  Bitmap Heap Scan on sbtest2  (cost=307.87..36144.89 rows=10481 width=121)
	              Recheck Cond: ((id >= 264897) AND (id <= 274896))
	              ->  Bitmap Index Scan on sbtest2_pkey  (cost=0.00..305.25 rows=10481 width=0)
	                    Index Cond: ((id >= 264897) AND (id <= 274896))

table 3 : explain SELECT DISTINCT c FROM sbtest3 WHERE id BETWEEN 3519550 AND 3529549 ORDER BY c
	Unique  (cost=34295.81..34344.36 rows=9710 width=121)
	  ->  Sort  (cost=34295.81..34320.09 rows=9710 width=121)
	        Sort Key: c
	        ->  Bitmap Heap Scan on sbtest3  (cost=279.96..33652.75 rows=9710 width=121)
	              Recheck Cond: ((id >= 3519550) AND (id <= 3529549))
	              ->  Bitmap Index Scan on sbtest3_pkey  (cost=0.00..277.54 rows=9710 width=0)
	                    Index Cond: ((id >= 3519550) AND (id <= 3529549))

table 4 : explain SELECT DISTINCT c FROM sbtest4 WHERE id BETWEEN 7723301 AND 7733300 ORDER BY c
	Unique  (cost=36631.37..36683.45 rows=10416 width=121)
	  ->  Sort  (cost=36631.37..36657.41 rows=10416 width=121)
	        Sort Key: c
	        ->  Bitmap Heap Scan on sbtest4  (cost=303.20..35936.28 rows=10416 width=121)
	              Recheck Cond: ((id >= 7723301) AND (id <= 7733300))
	              ->  Bitmap Index Scan on sbtest4_pkey  (cost=0.00..300.59 rows=10416 width=0)
	                    Index Cond: ((id >= 7723301) AND (id <= 7733300))

table 5 : explain SELECT DISTINCT c FROM sbtest5 WHERE id BETWEEN 4466332 AND 4476331 ORDER BY c
	Unique  (cost=36657.67..36709.78 rows=10421 width=121)
	  ->  Sort  (cost=36657.67..36683.72 rows=10421 width=121)
	        Sort Key: c
	        ->  Bitmap Heap Scan on sbtest5  (cost=303.25..35962.22 rows=10421 width=121)
	              Recheck Cond: ((id >= 4466332) AND (id <= 4476331))
	              ->  Bitmap Index Scan on sbtest5_pkey  (cost=0.00..300.65 rows=10421 width=0)
	                    Index Cond: ((id >= 4466332) AND (id <= 4476331))

table 6 : explain SELECT DISTINCT c FROM sbtest6 WHERE id BETWEEN 6146297 AND 6156296 ORDER BY c
	Unique  (cost=34314.32..34362.81 rows=9698 width=121)
	  ->  Sort  (cost=34314.32..34338.57 rows=9698 width=121)
	        Sort Key: c
	        ->  Bitmap Heap Scan on sbtest6  (cost=287.84..33672.14 rows=9698 width=121)
	              Recheck Cond: ((id >= 6146297) AND (id <= 6156296))
	              ->  Bitmap Index Scan on sbtest6_pkey  (cost=0.00..285.42 rows=9698 width=0)
	                    Index Cond: ((id >= 6146297) AND (id <= 6156296))

table 7 : explain SELECT DISTINCT c FROM sbtest7 WHERE id BETWEEN 5845574 AND 5855573 ORDER BY c
	Unique  (cost=33358.78..33405.89 rows=9423 width=121)
	  ->  Sort  (cost=33358.78..33382.33 rows=9423 width=121)
	        Sort Key: c
	        ->  Bitmap Heap Scan on sbtest7  (cost=281.02..32736.77 rows=9423 width=121)
	              Recheck Cond: ((id >= 5845574) AND (id <= 5855573))
	              ->  Bitmap Index Scan on sbtest7_pkey  (cost=0.00..278.67 rows=9423 width=0)
	                    Index Cond: ((id >= 5845574) AND (id <= 5855573))

table 8 : explain SELECT DISTINCT c FROM sbtest8 WHERE id BETWEEN 1125490 AND 1135489 ORDER BY c
	Unique  (cost=34755.51..34804.65 rows=9828 width=121)
	  ->  Sort  (cost=34755.51..34780.08 rows=9828 width=121)
	        Sort Key: c
	        ->  Bitmap Heap Scan on sbtest8  (cost=293.17..34103.78 rows=9828 width=121)
	              Recheck Cond: ((id >= 1125490) AND (id <= 1135489))
	              ->  Bitmap Index Scan on sbtest8_pkey  (cost=0.00..290.71 rows=9828 width=0)
	                    Index Cond: ((id >= 1125490) AND (id <= 1135489))

Threads started!

Warming up for 5 seconds...

SQL statistics:
    queries performed:
        read:                            3926278
        write:                           0
        other:                           560924
        total:                           4487202
    transactions:                        280482 (445.15 per sec.)
    queries:                             4487202 (7121.53 per sec.)
    ignored errors:                      0      (0.00 per sec.)
    reconnects:                          0      (0.00 per sec.)

Throughput:
    events/s (eps):                      445.1461
    time elapsed:                        630.0900s
    total number of events:              280482

Latency (ms):
         min:                                   40.99
         avg:                                   89.86
         max:                                  104.12
         95th percentile:                       92.42
         sum:                             25202769.33

Threads fairness:
    events (avg/stddev):           7012.0500/18.25
    execution time (avg/stddev):   630.0692/0.03

