LUA_PATH=/home/mdcallag/git/mytools/bench/sysbench.lua/lua/?.lua /home/mdcallag/git/mytools/bench/sysbench.lua/lua/sysbench --db-driver=pgsql --range-size=1000 --table-size=10000000 --tables=8 --threads=40 --events=0 --warmup-time=5 --time=630 --pgsql_conn_id=true /home/mdcallag/git/mytools/bench/sysbench.lua/lua/oltp_read_only.lua run --pgsql-user=root --pgsql-password=pw --pgsql-host=127.0.0.1 --pgsql-db=ib --rand-type=uniform --simple-ranges=0 --sum-ranges=0 --order-ranges=1 --distinct-ranges=0
48 CPUs
sysbench 1.1.0-9072687 (using bundled LuaJIT 2.1.0-beta3)

Running the test with following options:
Number of threads: 40
Warmup time: 5s
Initializing random number generator from current time


Initializing worker threads...

explain: for point_selects :: explain SELECT c FROM sbtest%u WHERE id=%u
explain: for point_selects :: explain SELECT c FROM sbtest%u WHERE id=%u
explain: for point_selects :: explain SELECT c FROM sbtest%u WHERE id=%u
explain: for point_selects :: explain SELECT c FROM sbtest%u WHERE id=%u
explain: for point_selects :: explain SELECT c FROM sbtest%u WHERE id=%u
explain: for point_selects :: explain SELECT c FROM sbtest%u WHERE id=%u
for point_selects
table 1 : explain SELECT c FROM sbtest1 WHERE id=1344319
	Index Scan using sbtest1_pkey on sbtest1  (cost=0.43..8.45 rows=1 width=121)
	  Index Cond: (id = 1344319)

table 2 : explain SELECT c FROM sbtest2 WHERE id=6063347
	Index Scan using sbtest2_pkey on sbtest2  (cost=0.43..8.45 rows=1 width=121)
	  Index Cond: (id = 6063347)

table 3 : explain SELECT c FROM sbtest3 WHERE id=1605661
	Index Scan using sbtest3_pkey on sbtest3  (cost=0.43..8.45 rows=1 width=121)
	  Index Cond: (id = 1605661)

table 4 : explain SELECT c FROM sbtest4 WHERE id=7649450
	Index Scan using sbtest4_pkey on sbtest4  (cost=0.43..8.45 rows=1 width=121)
	  Index Cond: (id = 7649450)

table 5 : explain SELECT c FROM sbtest5 WHERE id=6623300
	Index Scan using sbtest5_pkey on sbtest5  (cost=0.43..8.45 rows=1 width=121)
	  Index Cond: (id = 6623300)

table 6 : explain SELECT c FROM sbtest6 WHERE id=6772995
	Index Scan using sbtest6_pkey on sbtest6  (cost=0.43..8.45 rows=1 width=121)
	  Index Cond: (id = 6772995)

table 7 : explain SELECT c FROM sbtest7 WHERE id=1629363
	Index Scan using sbtest7_pkey on sbtest7  (cost=0.43..8.45 rows=1 width=121)
	  Index Cond: (id = 1629363)

table 8 : explain SELECT c FROM sbtest8 WHERE id=3856274
	Index Scan using sbtest8_pkey on sbtest8  (cost=0.43..8.45 rows=1 width=121)
	  Index Cond: (id = 3856274)

for point_selects
table 1 : explain SELECT c FROM sbtest1 WHERE id=145885
	Index Scan using sbtest1_pkey on sbtest1  (cost=0.43..8.45 rows=1 width=121)
	  Index Cond: (id = 145885)

table 2 : explain SELECT c FROM sbtest2 WHERE id=9425595
	Index Scan using sbtest2_pkey on sbtest2  (cost=0.43..8.45 rows=1 width=121)
	  Index Cond: (id = 9425595)

table 3 : explain SELECT c FROM sbtest3 WHERE id=5778536
	Index Scan using sbtest3_pkey on sbtest3  (cost=0.43..8.45 rows=1 width=121)
	  Index Cond: (id = 5778536)

table 4 : explain SELECT c FROM sbtest4 WHERE id=3035481
	Index Scan using sbtest4_pkey on sbtest4  (cost=0.43..8.45 rows=1 width=121)
	  Index Cond: (id = 3035481)

table 5 : explain SELECT c FROM sbtest5 WHERE id=9392850
	Index Scan using sbtest5_pkey on sbtest5  (cost=0.43..8.45 rows=1 width=121)
	  Index Cond: (id = 9392850)

table 6 : explain SELECT c FROM sbtest6 WHERE id=8270487
	Index Scan using sbtest6_pkey on sbtest6  (cost=0.43..8.45 rows=1 width=121)
	  Index Cond: (id = 8270487)

table 7 : explain SELECT c FROM sbtest7 WHERE id=3396410
	Index Scan using sbtest7_pkey on sbtest7  (cost=0.43..8.45 rows=1 width=121)
	  Index Cond: (id = 3396410)

table 8 : explain SELECT c FROM sbtest8 WHERE id=8182620
	Index Scan using sbtest8_pkey on sbtest8  (cost=0.43..8.45 rows=1 width=121)
	  Index Cond: (id = 8182620)

for point_selects
table 1 : explain SELECT c FROM sbtest1 WHERE id=3187488
	Index Scan using sbtest1_pkey on sbtest1  (cost=0.43..8.45 rows=1 width=121)
	  Index Cond: (id = 3187488)

table 2 : explain SELECT c FROM sbtest2 WHERE id=2910167
	Index Scan using sbtest2_pkey on sbtest2  (cost=0.43..8.45 rows=1 width=121)
	  Index Cond: (id = 2910167)

table 3 : explain SELECT c FROM sbtest3 WHERE id=949256
	Index Scan using sbtest3_pkey on sbtest3  (cost=0.43..8.45 rows=1 width=121)
	  Index Cond: (id = 949256)

table 4 : explain SELECT c FROM sbtest4 WHERE id=7838419
	Index Scan using sbtest4_pkey on sbtest4  (cost=0.43..8.45 rows=1 width=121)
	  Index Cond: (id = 7838419)

table 5 : explain SELECT c FROM sbtest5 WHERE id=7031177
	Index Scan using sbtest5_pkey on sbtest5  (cost=0.43..8.45 rows=1 width=121)
	  Index Cond: (id = 7031177)

table 6 : explain SELECT c FROM sbtest6 WHERE id=4863245
	Index Scan using sbtest6_pkey on sbtest6  (cost=0.43..8.45 rows=1 width=121)
	  Index Cond: (id = 4863245)

table 7 : explain SELECT c FROM sbtest7 WHERE id=4529990
	Index Scan using sbtest7_pkey on sbtest7  (cost=0.43..8.45 rows=1 width=121)
	  Index Cond: (id = 4529990)

table 8 : explain SELECT c FROM sbtest8 WHERE id=906608
	Index Scan using sbtest8_pkey on sbtest8  (cost=0.43..8.45 rows=1 width=121)
	  Index Cond: (id = 906608)

for point_selects
table 1 : explain SELECT c FROM sbtest1 WHERE id=4081578
	Index Scan using sbtest1_pkey on sbtest1  (cost=0.43..8.45 rows=1 width=121)
	  Index Cond: (id = 4081578)

table 2 : explain SELECT c FROM sbtest2 WHERE id=2433309
	Index Scan using sbtest2_pkey on sbtest2  (cost=0.43..8.45 rows=1 width=121)
	  Index Cond: (id = 2433309)

table 3 : explain SELECT c FROM sbtest3 WHERE id=4817349
	Index Scan using sbtest3_pkey on sbtest3  (cost=0.43..8.45 rows=1 width=121)
	  Index Cond: (id = 4817349)

table 4 : explain SELECT c FROM sbtest4 WHERE id=3958531
	Index Scan using sbtest4_pkey on sbtest4  (cost=0.43..8.45 rows=1 width=121)
	  Index Cond: (id = 3958531)

table 5 : explain SELECT c FROM sbtest5 WHERE id=1303316
	Index Scan using sbtest5_pkey on sbtest5  (cost=0.43..8.45 rows=1 width=121)
	  Index Cond: (id = 1303316)

table 6 : explain SELECT c FROM sbtest6 WHERE id=5843081
	Index Scan using sbtest6_pkey on sbtest6  (cost=0.43..8.45 rows=1 width=121)
	  Index Cond: (id = 5843081)

table 7 : explain SELECT c FROM sbtest7 WHERE id=2448210
	Index Scan using sbtest7_pkey on sbtest7  (cost=0.43..8.45 rows=1 width=121)
	  Index Cond: (id = 2448210)

table 8 : explain SELECT c FROM sbtest8 WHERE id=7337248
	Index Scan using sbtest8_pkey on sbtest8  (cost=0.43..8.45 rows=1 width=121)
	  Index Cond: (id = 7337248)

for point_selects
table 1 : explain SELECT c FROM sbtest1 WHERE id=4851552
	Index Scan using sbtest1_pkey on sbtest1  (cost=0.43..8.45 rows=1 width=121)
	  Index Cond: (id = 4851552)

table 2 : explain SELECT c FROM sbtest2 WHERE id=1375143
	Index Scan using sbtest2_pkey on sbtest2  (cost=0.43..8.45 rows=1 width=121)
	  Index Cond: (id = 1375143)

table 3 : explain SELECT c FROM sbtest3 WHERE id=9544002
	Index Scan using sbtest3_pkey on sbtest3  (cost=0.43..8.45 rows=1 width=121)
	  Index Cond: (id = 9544002)

table 4 : explain SELECT c FROM sbtest4 WHERE id=2125129
	Index Scan using sbtest4_pkey on sbtest4  (cost=0.43..8.45 rows=1 width=121)
	  Index Cond: (id = 2125129)

table 5 : explain SELECT c FROM sbtest5 WHERE id=9958921
	Index Scan using sbtest5_pkey on sbtest5  (cost=0.43..8.45 rows=1 width=121)
	  Index Cond: (id = 9958921)

table 6 : explain SELECT c FROM sbtest6 WHERE id=4657855
	Index Scan using sbtest6_pkey on sbtest6  (cost=0.43..8.45 rows=1 width=121)
	  Index Cond: (id = 4657855)

table 7 : explain SELECT c FROM sbtest7 WHERE id=1072591
	Index Scan using sbtest7_pkey on sbtest7  (cost=0.43..8.45 rows=1 width=121)
	  Index Cond: (id = 1072591)

table 8 : explain SELECT c FROM sbtest8 WHERE id=1982033
	Index Scan using sbtest8_pkey on sbtest8  (cost=0.43..8.45 rows=1 width=121)
	  Index Cond: (id = 1982033)

explain: for point_selects :: explain SELECT c FROM sbtest%u WHERE id=%u
for: simple_ranges
table 1 : explain SELECT c FROM sbtest1 WHERE id BETWEEN 6435968 AND 6436967
	Bitmap Heap Scan on sbtest1  (cost=30.25..3716.63 rows=958 width=121)
	  Recheck Cond: ((id >= 6435968) AND (id <= 6436967))
	  ->  Bitmap Index Scan on sbtest1_pkey  (cost=0.00..30.01 rows=958 width=0)
	        Index Cond: ((id >= 6435968) AND (id <= 6436967))

table 2 : explain SELECT c FROM sbtest2 WHERE id BETWEEN 2018811 AND 2019810
	Bitmap Heap Scan on sbtest2  (cost=30.05..3639.61 rows=938 width=121)
	  Recheck Cond: ((id >= 2018811) AND (id <= 2019810))
	  ->  Bitmap Index Scan on sbtest2_pkey  (cost=0.00..29.82 rows=938 width=0)
	        Index Cond: ((id >= 2018811) AND (id <= 2019810))

table 3 : explain SELECT c FROM sbtest3 WHERE id BETWEEN 3801349 AND 3802348
	Bitmap Heap Scan on sbtest3  (cost=30.29..3724.98 rows=961 width=121)
	  Recheck Cond: ((id >= 3801349) AND (id <= 3802348))
	  ->  Bitmap Index Scan on sbtest3_pkey  (cost=0.00..30.04 rows=961 width=0)
	        Index Cond: ((id >= 3801349) AND (id <= 3802348))

table 4 : explain SELECT c FROM sbtest4 WHERE id BETWEEN 2733427 AND 2734426
	Bitmap Heap Scan on sbtest4  (cost=30.59..3839.77 rows=991 width=121)
	  Recheck Cond: ((id >= 2733427) AND (id <= 2734426))
	  ->  Bitmap Index Scan on sbtest4_pkey  (cost=0.00..30.34 rows=991 width=0)
	        Index Cond: ((id >= 2733427) AND (id <= 2734426))

table 5 : explain SELECT c FROM sbtest5 WHERE id BETWEEN 4053621 AND 4054620
	Bitmap Heap Scan on sbtest5  (cost=30.73..3889.12 rows=1004 width=121)
	  Recheck Cond: ((id >= 4053621) AND (id <= 4054620))
	  ->  Bitmap Index Scan on sbtest5_pkey  (cost=0.00..30.47 rows=1004 width=0)
	        Index Cond: ((id >= 4053621) AND (id <= 4054620))

table 6 : explain SELECT c FROM sbtest6 WHERE id BETWEEN 3609719 AND 3610718
	Bitmap Heap Scan on sbtest6  (cost=29.97..3609.10 rows=930 width=121)
	  Recheck Cond: ((id >= 3609719) AND (id <= 3610718))
	  ->  Bitmap Index Scan on sbtest6_pkey  (cost=0.00..29.73 rows=930 width=0)
	        Index Cond: ((id >= 3609719) AND (id <= 3610718))

table 7 : explain SELECT c FROM sbtest7 WHERE id BETWEEN 8078772 AND 8079771
	Bitmap Heap Scan on sbtest7  (cost=35.40..4139.19 rows=1070 width=121)
	  Recheck Cond: ((id >= 8078772) AND (id <= 8079771))
	  ->  Bitmap Index Scan on sbtest7_pkey  (cost=0.00..35.14 rows=1070 width=0)
	        Index Cond: ((id >= 8078772) AND (id <= 8079771))

table 8 : explain SELECT c FROM sbtest8 WHERE id BETWEEN 7509889 AND 7510888
	Bitmap Heap Scan on sbtest8  (cost=35.77..4277.33 rows=1106 width=121)
	  Recheck Cond: ((id >= 7509889) AND (id <= 7510888))
	  ->  Bitmap Index Scan on sbtest8_pkey  (cost=0.00..35.50 rows=1106 width=0)
	        Index Cond: ((id >= 7509889) AND (id <= 7510888))

for: simple_ranges
table 1 : explain SELECT c FROM sbtest1 WHERE id BETWEEN 4827191 AND 4828190
	Bitmap Heap Scan on sbtest1  (cost=35.66..4237.42 rows=1095 width=121)
	  Recheck Cond: ((id >= 4827191) AND (id <= 4828190))
	  ->  Bitmap Index Scan on sbtest1_pkey  (cost=0.00..35.39 rows=1095 width=0)
	        Index Cond: ((id >= 4827191) AND (id <= 4828190))

table 2 : explain SELECT c FROM sbtest2 WHERE id BETWEEN 8630658 AND 8631657
	Bitmap Heap Scan on sbtest2  (cost=30.79..3911.51 rows=1010 width=121)
	  Recheck Cond: ((id >= 8630658) AND (id <= 8631657))
	  ->  Bitmap Index Scan on sbtest2_pkey  (cost=0.00..30.54 rows=1010 width=0)
	        Index Cond: ((id >= 8630658) AND (id <= 8631657))

table 3 : explain SELECT c FROM sbtest3 WHERE id BETWEEN 3673758 AND 3674757
	Bitmap Heap Scan on sbtest3  (cost=31.01..3992.73 rows=1032 width=121)
	  Recheck Cond: ((id >= 3673758) AND (id <= 3674757))
	  ->  Bitmap Index Scan on sbtest3_pkey  (cost=0.00..30.75 rows=1032 width=0)
	        Index Cond: ((id >= 3673758) AND (id <= 3674757))

table 4 : explain SELECT c FROM sbtest4 WHERE id BETWEEN 4964288 AND 4965287
	Bitmap Heap Scan on sbtest4  (cost=31.04..4005.71 rows=1035 width=121)
	  Recheck Cond: ((id >= 4964288) AND (id <= 4965287))
	  ->  Bitmap Index Scan on sbtest4_pkey  (cost=0.00..30.79 rows=1035 width=0)
	        Index Cond: ((id >= 4964288) AND (id <= 4965287))

table 5 : explain SELECT c FROM sbtest5 WHERE id BETWEEN 4757074 AND 4758073
	Bitmap Heap Scan on sbtest5  (cost=30.79..3911.76 rows=1010 width=121)
	  Recheck Cond: ((id >= 4757074) AND (id <= 4758073))
	  ->  Bitmap Index Scan on sbtest5_pkey  (cost=0.00..30.54 rows=1010 width=0)
	        Index Cond: ((id >= 4757074) AND (id <= 4758073))

table 6 : explain SELECT c FROM sbtest6 WHERE id BETWEEN 1728987 AND 1729986
	Bitmap Heap Scan on sbtest6  (cost=30.39..3764.04 rows=971 width=121)
	  Recheck Cond: ((id >= 1728987) AND (id <= 1729986))
	  ->  Bitmap Index Scan on sbtest6_pkey  (cost=0.00..30.14 rows=971 width=0)
	        Index Cond: ((id >= 1728987) AND (id <= 1729986))

table 7 : explain SELECT c FROM sbtest7 WHERE id BETWEEN 2177149 AND 2178148
	Bitmap Heap Scan on sbtest7  (cost=30.84..3928.14 rows=1015 width=121)
	  Recheck Cond: ((id >= 2177149) AND (id <= 2178148))
	  ->  Bitmap Index Scan on sbtest7_pkey  (cost=0.00..30.58 rows=1015 width=0)
	        Index Cond: ((id >= 2177149) AND (id <= 2178148))

table 8 : explain SELECT c FROM sbtest8 WHERE id BETWEEN 712001 AND 713000
	Bitmap Heap Scan on sbtest8  (cost=30.04..3636.05 rows=937 width=121)
	  Recheck Cond: ((id >= 712001) AND (id <= 713000))
	  ->  Bitmap Index Scan on sbtest8_pkey  (cost=0.00..29.80 rows=937 width=0)
	        Index Cond: ((id >= 712001) AND (id <= 713000))

for point_selects
table 1 : explain SELECT c FROM sbtest1 WHERE id=4024071
	Index Scan using sbtest1_pkey on sbtest1  (cost=0.43..8.45 rows=1 width=121)
	  Index Cond: (id = 4024071)

table 2 : explain SELECT c FROM sbtest2 WHERE id=7335047
	Index Scan using sbtest2_pkey on sbtest2  (cost=0.43..8.45 rows=1 width=121)
	  Index Cond: (id = 7335047)

table 3 : explain SELECT c FROM sbtest3 WHERE id=688177
	Index Scan using sbtest3_pkey on sbtest3  (cost=0.43..8.45 rows=1 width=121)
	  Index Cond: (id = 688177)

table 4 : explain SELECT c FROM sbtest4 WHERE id=2924805
	Index Scan using sbtest4_pkey on sbtest4  (cost=0.43..8.45 rows=1 width=121)
	  Index Cond: (id = 2924805)

table 5 : explain SELECT c FROM sbtest5 WHERE id=4849049
	Index Scan using sbtest5_pkey on sbtest5  (cost=0.43..8.45 rows=1 width=121)
	  Index Cond: (id = 4849049)

table 6 : explain SELECT c FROM sbtest6 WHERE id=2166936
	Index Scan using sbtest6_pkey on sbtest6  (cost=0.43..8.45 rows=1 width=121)
	  Index Cond: (id = 2166936)

table 7 : explain SELECT c FROM sbtest7 WHERE id=4401126
	Index Scan using sbtest7_pkey on sbtest7  (cost=0.43..8.45 rows=1 width=121)
	  Index Cond: (id = 4401126)

table 8 : explain SELECT c FROM sbtest8 WHERE id=9854151
	Index Scan using sbtest8_pkey on sbtest8  (cost=0.43..8.45 rows=1 width=121)
	  Index Cond: (id = 9854151)

for: simple_ranges
table 1 : explain SELECT c FROM sbtest1 WHERE id BETWEEN 5802776 AND 5803775
	Bitmap Heap Scan on sbtest1  (cost=30.87..3943.25 rows=1018 width=121)
	  Recheck Cond: ((id >= 5802776) AND (id <= 5803775))
	  ->  Bitmap Index Scan on sbtest1_pkey  (cost=0.00..30.61 rows=1018 width=0)
	        Index Cond: ((id >= 5802776) AND (id <= 5803775))

table 2 : explain SELECT c FROM sbtest2 WHERE id BETWEEN 7724315 AND 7725314
	Bitmap Heap Scan on sbtest2  (cost=30.79..3911.51 rows=1010 width=121)
	  Recheck Cond: ((id >= 7724315) AND (id <= 7725314))
	  ->  Bitmap Index Scan on sbtest2_pkey  (cost=0.00..30.54 rows=1010 width=0)
	        Index Cond: ((id >= 7724315) AND (id <= 7725314))

table 3 : explain SELECT c FROM sbtest3 WHERE id BETWEEN 3845413 AND 3846412
	Bitmap Heap Scan on sbtest3  (cost=30.98..3981.43 rows=1029 width=121)
	  Recheck Cond: ((id >= 3845413) AND (id <= 3846412))
	  ->  Bitmap Index Scan on sbtest3_pkey  (cost=0.00..30.72 rows=1029 width=0)
	        Index Cond: ((id >= 3845413) AND (id <= 3846412))

table 4 : explain SELECT c FROM sbtest4 WHERE id BETWEEN 7456299 AND 7457298
	Bitmap Heap Scan on sbtest4  (cost=30.44..3783.14 rows=976 width=121)
	  Recheck Cond: ((id >= 7456299) AND (id <= 7457298))
	  ->  Bitmap Index Scan on sbtest4_pkey  (cost=0.00..30.19 rows=976 width=0)
	        Index Cond: ((id >= 7456299) AND (id <= 7457298))

table 5 : explain SELECT c FROM sbtest5 WHERE id BETWEEN 3180904 AND 3181903
	Bitmap Heap Scan on sbtest5  (cost=30.50..3806.08 rows=982 width=121)
	  Recheck Cond: ((id >= 3180904) AND (id <= 3181903))
	  ->  Bitmap Index Scan on sbtest5_pkey  (cost=0.00..30.25 rows=982 width=0)
	        Index Cond: ((id >= 3180904) AND (id <= 3181903))

table 6 : explain SELECT c FROM sbtest6 WHERE id BETWEEN 2307105 AND 2308104
	Bitmap Heap Scan on sbtest6  (cost=30.42..3775.37 rows=974 width=121)
	  Recheck Cond: ((id >= 2307105) AND (id <= 2308104))
	  ->  Bitmap Index Scan on sbtest6_pkey  (cost=0.00..30.18 rows=974 width=0)
	        Index Cond: ((id >= 2307105) AND (id <= 2308104))

table 7 : explain SELECT c FROM sbtest7 WHERE id BETWEEN 1727884 AND 1728883
	Bitmap Heap Scan on sbtest7  (cost=30.45..3784.87 rows=977 width=121)
	  Recheck Cond: ((id >= 1727884) AND (id <= 1728883))
	  ->  Bitmap Index Scan on sbtest7_pkey  (cost=0.00..30.20 rows=977 width=0)
	        Index Cond: ((id >= 1727884) AND (id <= 1728883))

table 8 : explain SELECT c FROM sbtest8 WHERE id BETWEEN 3976173 AND 3977172
	Bitmap Heap Scan on sbtest8  (cost=30.12..3666.30 rows=945 width=121)
	  Recheck Cond: ((id >= 3976173) AND (id <= 3977172))
	  ->  Bitmap Index Scan on sbtest8_pkey  (cost=0.00..29.89 rows=945 width=0)
	        Index Cond: ((id >= 3976173) AND (id <= 3977172))

for: simple_ranges
table 1 : explain SELECT c FROM sbtest1 WHERE id BETWEEN 1220438 AND 1221437
	Bitmap Heap Scan on sbtest1  (cost=30.46..3792.22 rows=978 width=121)
	  Recheck Cond: ((id >= 1220438) AND (id <= 1221437))
	  ->  Bitmap Index Scan on sbtest1_pkey  (cost=0.00..30.21 rows=978 width=0)
	        Index Cond: ((id >= 1220438) AND (id <= 1221437))

table 2 : explain SELECT c FROM sbtest2 WHERE id BETWEEN 1090644 AND 1091643
	Bitmap Heap Scan on sbtest2  (cost=30.89..3949.22 rows=1020 width=121)
	  Recheck Cond: ((id >= 1090644) AND (id <= 1091643))
	  ->  Bitmap Index Scan on sbtest2_pkey  (cost=0.00..30.64 rows=1020 width=0)
	        Index Cond: ((id >= 1090644) AND (id <= 1091643))

table 3 : explain SELECT c FROM sbtest3 WHERE id BETWEEN 3190167 AND 3191166
	Bitmap Heap Scan on sbtest3  (cost=29.84..3562.50 rows=918 width=121)
	  Recheck Cond: ((id >= 3190167) AND (id <= 3191166))
	  ->  Bitmap Index Scan on sbtest3_pkey  (cost=0.00..29.61 rows=918 width=0)
	        Index Cond: ((id >= 3190167) AND (id <= 3191166))

table 4 : explain SELECT c FROM sbtest4 WHERE id BETWEEN 2946266 AND 2947265
	Bitmap Heap Scan on sbtest4  (cost=30.46..3790.69 rows=978 width=121)
	  Recheck Cond: ((id >= 2946266) AND (id <= 2947265))
	  ->  Bitmap Index Scan on sbtest4_pkey  (cost=0.00..30.21 rows=978 width=0)
	        Index Cond: ((id >= 2946266) AND (id <= 2947265))

table 5 : explain SELECT c FROM sbtest5 WHERE id BETWEEN 3779588 AND 3780587
	Bitmap Heap Scan on sbtest5  (cost=31.25..4081.38 rows=1055 width=121)
	  Recheck Cond: ((id >= 3779588) AND (id <= 3780587))
	  ->  Bitmap Index Scan on sbtest5_pkey  (cost=0.00..30.98 rows=1055 width=0)
	        Index Cond: ((id >= 3779588) AND (id <= 3780587))

table 6 : explain SELECT c FROM sbtest6 WHERE id BETWEEN 4704677 AND 4705676
	Bitmap Heap Scan on sbtest6  (cost=29.84..3563.71 rows=918 width=121)
	  Recheck Cond: ((id >= 4704677) AND (id <= 4705676))
	  ->  Bitmap Index Scan on sbtest6_pkey  (cost=0.00..29.61 rows=918 width=0)
	        Index Cond: ((id >= 4704677) AND (id <= 4705676))

table 7 : explain SELECT c FROM sbtest7 WHERE id BETWEEN 5674103 AND 5675102
	Bitmap Heap Scan on sbtest7  (cost=30.16..3679.18 rows=949 width=121)
	  Recheck Cond: ((id >= 5674103) AND (id <= 5675102))
	  ->  Bitmap Index Scan on sbtest7_pkey  (cost=0.00..29.93 rows=949 width=0)
	        Index Cond: ((id >= 5674103) AND (id <= 5675102))

table 8 : explain SELECT c FROM sbtest8 WHERE id BETWEEN 5560419 AND 5561418
	Bitmap Heap Scan on sbtest8  (cost=30.61..3847.61 rows=993 width=121)
	  Recheck Cond: ((id >= 5560419) AND (id <= 5561418))
	  ->  Bitmap Index Scan on sbtest8_pkey  (cost=0.00..30.36 rows=993 width=0)
	        Index Cond: ((id >= 5560419) AND (id <= 5561418))

for: simple_ranges
table 1 : explain SELECT c FROM sbtest1 WHERE id BETWEEN 8068738 AND 8069737
	Bitmap Heap Scan on sbtest1  (cost=30.74..3894.19 rows=1005 width=121)
	  Recheck Cond: ((id >= 8068738) AND (id <= 8069737))
	  ->  Bitmap Index Scan on sbtest1_pkey  (cost=0.00..30.48 rows=1005 width=0)
	        Index Cond: ((id >= 8068738) AND (id <= 8069737))

table 2 : explain SELECT c FROM sbtest2 WHERE id BETWEEN 5617278 AND 5618277
	Bitmap Heap Scan on sbtest2  (cost=30.78..3907.74 rows=1009 width=121)
	  Recheck Cond: ((id >= 5617278) AND (id <= 5618277))
	  ->  Bitmap Index Scan on sbtest2_pkey  (cost=0.00..30.52 rows=1009 width=0)
	        Index Cond: ((id >= 5617278) AND (id <= 5618277))

table 3 : explain SELECT c FROM sbtest3 WHERE id BETWEEN 4655030 AND 4656029
	Bitmap Heap Scan on sbtest3  (cost=30.54..3819.33 rows=986 width=121)
	  Recheck Cond: ((id >= 4655030) AND (id <= 4656029))
	  ->  Bitmap Index Scan on sbtest3_pkey  (cost=0.00..30.29 rows=986 width=0)
	        Index Cond: ((id >= 4655030) AND (id <= 4656029))

table 4 : explain SELECT c FROM sbtest4 WHERE id BETWEEN 8261141 AND 8262140
	Bitmap Heap Scan on sbtest4  (cost=30.83..3926.54 rows=1014 width=121)
	  Recheck Cond: ((id >= 8261141) AND (id <= 8262140))
	  ->  Bitmap Index Scan on sbtest4_pkey  (cost=0.00..30.57 rows=1014 width=0)
	        Index Cond: ((id >= 8261141) AND (id <= 8262140))

table 5 : explain SELECT c FROM sbtest5 WHERE id BETWEEN 6240919 AND 6241918
	Bitmap Heap Scan on sbtest5  (cost=30.32..3738.10 rows=964 width=121)
	  Recheck Cond: ((id >= 6240919) AND (id <= 6241918))
	  ->  Bitmap Index Scan on sbtest5_pkey  (cost=0.00..30.07 rows=964 width=0)
	        Index Cond: ((id >= 6240919) AND (id <= 6241918))

table 6 : explain SELECT c FROM sbtest6 WHERE id BETWEEN 9595448 AND 9596447
	Bitmap Heap Scan on sbtest6  (cost=35.27..4092.35 rows=1057 width=121)
	  Recheck Cond: ((id >= 9595448) AND (id <= 9596447))
	  ->  Bitmap Index Scan on sbtest6_pkey  (cost=0.00..35.01 rows=1057 width=0)
	        Index Cond: ((id >= 9595448) AND (id <= 9596447))

table 7 : explain SELECT c FROM sbtest7 WHERE id BETWEEN 8183440 AND 8184439
	Bitmap Heap Scan on sbtest7  (cost=35.40..4139.19 rows=1070 width=121)
	  Recheck Cond: ((id >= 8183440) AND (id <= 8184439))
	  ->  Bitmap Index Scan on sbtest7_pkey  (cost=0.00..35.14 rows=1070 width=0)
	        Index Cond: ((id >= 8183440) AND (id <= 8184439))

table 8 : explain SELECT c FROM sbtest8 WHERE id BETWEEN 3908585 AND 3909584
	Bitmap Heap Scan on sbtest8  (cost=30.12..3666.30 rows=945 width=121)
	  Recheck Cond: ((id >= 3908585) AND (id <= 3909584))
	  ->  Bitmap Index Scan on sbtest8_pkey  (cost=0.00..29.89 rows=945 width=0)
	        Index Cond: ((id >= 3908585) AND (id <= 3909584))

explain: for point_selects :: explain SELECT c FROM sbtest%u WHERE id=%u
explain: for point_selects :: explain SELECT c FROM sbtest%u WHERE id=%u
for point_selects
table 1 : explain SELECT c FROM sbtest1 WHERE id=9762078
	Index Scan using sbtest1_pkey on sbtest1  (cost=0.43..8.45 rows=1 width=121)
	  Index Cond: (id = 9762078)

table 2 : explain SELECT c FROM sbtest2 WHERE id=2933870
	Index Scan using sbtest2_pkey on sbtest2  (cost=0.43..8.45 rows=1 width=121)
	  Index Cond: (id = 2933870)

table 3 : explain SELECT c FROM sbtest3 WHERE id=9872157
	Index Scan using sbtest3_pkey on sbtest3  (cost=0.43..8.45 rows=1 width=121)
	  Index Cond: (id = 9872157)

table 4 : explain SELECT c FROM sbtest4 WHERE id=3477865
	Index Scan using sbtest4_pkey on sbtest4  (cost=0.43..8.45 rows=1 width=121)
	  Index Cond: (id = 3477865)

table 5 : explain SELECT c FROM sbtest5 WHERE id=6638993
	Index Scan using sbtest5_pkey on sbtest5  (cost=0.43..8.45 rows=1 width=121)
	  Index Cond: (id = 6638993)

table 6 : explain SELECT c FROM sbtest6 WHERE id=8677948
	Index Scan using sbtest6_pkey on sbtest6  (cost=0.43..8.45 rows=1 width=121)
	  Index Cond: (id = 8677948)

table 7 : explain SELECT c FROM sbtest7 WHERE id=5570602
	Index Scan using sbtest7_pkey on sbtest7  (cost=0.43..8.45 rows=1 width=121)
	  Index Cond: (id = 5570602)

table 8 : explain SELECT c FROM sbtest8 WHERE id=821243
	Index Scan using sbtest8_pkey on sbtest8  (cost=0.43..8.45 rows=1 width=121)
	  Index Cond: (id = 821243)

for: simple_ranges
table 1 : explain SELECT c FROM sbtest1 WHERE id BETWEEN 2314714 AND 2315713
	Bitmap Heap Scan on sbtest1  (cost=35.90..4327.72 rows=1119 width=121)
	  Recheck Cond: ((id >= 2314714) AND (id <= 2315713))
	  ->  Bitmap Index Scan on sbtest1_pkey  (cost=0.00..35.62 rows=1119 width=0)
	        Index Cond: ((id >= 2314714) AND (id <= 2315713))

table 2 : explain SELECT c FROM sbtest2 WHERE id BETWEEN 4784403 AND 4785402
	Bitmap Heap Scan on sbtest2  (cost=30.95..3971.85 rows=1026 width=121)
	  Recheck Cond: ((id >= 4784403) AND (id <= 4785402))
	  ->  Bitmap Index Scan on sbtest2_pkey  (cost=0.00..30.69 rows=1026 width=0)
	        Index Cond: ((id >= 4784403) AND (id <= 4785402))

table 3 : explain SELECT c FROM sbtest3 WHERE id BETWEEN 5067464 AND 5068463
	Bitmap Heap Scan on sbtest3  (cost=31.18..4052.98 rows=1048 width=121)
	  Recheck Cond: ((id >= 5067464) AND (id <= 5068463))
	  ->  Bitmap Index Scan on sbtest3_pkey  (cost=0.00..30.91 rows=1048 width=0)
	        Index Cond: ((id >= 5067464) AND (id <= 5068463))

table 4 : explain SELECT c FROM sbtest4 WHERE id BETWEEN 2586286 AND 2587285
	Bitmap Heap Scan on sbtest4  (cost=35.47..4167.88 rows=1077 width=121)
	  Recheck Cond: ((id >= 2586286) AND (id <= 2587285))
	  ->  Bitmap Index Scan on sbtest4_pkey  (cost=0.00..35.20 rows=1077 width=0)
	        Index Cond: ((id >= 2586286) AND (id <= 2587285))

table 5 : explain SELECT c FROM sbtest5 WHERE id BETWEEN 6554154 AND 6555153
	Bitmap Heap Scan on sbtest5  (cost=29.74..3526.32 rows=908 width=121)
	  Recheck Cond: ((id >= 6554154) AND (id <= 6555153))
	  ->  Bitmap Index Scan on sbtest5_pkey  (cost=0.00..29.51 rows=908 width=0)
	        Index Cond: ((id >= 6554154) AND (id <= 6555153))

table 6 : explain SELECT c FROM sbtest6 WHERE id BETWEEN 9481821 AND 9482820
	Bitmap Heap Scan on sbtest6  (cost=35.29..4099.88 rows=1059 width=121)
	  Recheck Cond: ((id >= 9481821) AND (id <= 9482820))
	  ->  Bitmap Index Scan on sbtest6_pkey  (cost=0.00..35.03 rows=1059 width=0)
	        Index Cond: ((id >= 9481821) AND (id <= 9482820))

table 7 : explain SELECT c FROM sbtest7 WHERE id BETWEEN 4907786 AND 4908785
	Bitmap Heap Scan on sbtest7  (cost=35.21..4067.71 rows=1051 width=121)
	  Recheck Cond: ((id >= 4907786) AND (id <= 4908785))
	  ->  Bitmap Index Scan on sbtest7_pkey  (cost=0.00..34.95 rows=1051 width=0)
	        Index Cond: ((id >= 4907786) AND (id <= 4908785))

table 8 : explain SELECT c FROM sbtest8 WHERE id BETWEEN 9588310 AND 9589309
	Bitmap Heap Scan on sbtest8  (cost=31.06..4013.57 rows=1037 width=121)
	  Recheck Cond: ((id >= 9588310) AND (id <= 9589309))
	  ->  Bitmap Index Scan on sbtest8_pkey  (cost=0.00..30.80 rows=1037 width=0)
	        Index Cond: ((id >= 9588310) AND (id <= 9589309))

for: sum_ranges
table 1 : explain SELECT SUM(k) FROM sbtest1 WHERE id BETWEEN 310352 AND 311351
	Aggregate  (cost=3824.91..3824.92 rows=1 width=8)
	  ->  Bitmap Heap Scan on sbtest1  (cost=30.54..3822.44 rows=986 width=4)
	        Recheck Cond: ((id >= 310352) AND (id <= 311351))
	        ->  Bitmap Index Scan on sbtest1_pkey  (cost=0.00..30.29 rows=986 width=0)
	              Index Cond: ((id >= 310352) AND (id <= 311351))

table 2 : explain SELECT SUM(k) FROM sbtest2 WHERE id BETWEEN 989023 AND 990022
	Aggregate  (cost=3668.43..3668.44 rows=1 width=8)
	  ->  Bitmap Heap Scan on sbtest2  (cost=30.12..3666.07 rows=945 width=4)
	        Recheck Cond: ((id >= 989023) AND (id <= 990022))
	        ->  Bitmap Index Scan on sbtest2_pkey  (cost=0.00..29.89 rows=945 width=0)
	              Index Cond: ((id >= 989023) AND (id <= 990022))

table 3 : explain SELECT SUM(k) FROM sbtest3 WHERE id BETWEEN 3669749 AND 3670748
	Aggregate  (cost=3995.31..3995.32 rows=1 width=8)
	  ->  Bitmap Heap Scan on sbtest3  (cost=31.01..3992.73 rows=1032 width=4)
	        Recheck Cond: ((id >= 3669749) AND (id <= 3670748))
	        ->  Bitmap Index Scan on sbtest3_pkey  (cost=0.00..30.75 rows=1032 width=0)
	              Index Cond: ((id >= 3669749) AND (id <= 3670748))

table 4 : explain SELECT SUM(k) FROM sbtest4 WHERE id BETWEEN 1337638 AND 1338637
	Aggregate  (cost=4076.16..4076.17 rows=1 width=8)
	  ->  Bitmap Heap Scan on sbtest4  (cost=31.23..4073.52 rows=1053 width=4)
	        Recheck Cond: ((id >= 1337638) AND (id <= 1338637))
	        ->  Bitmap Index Scan on sbtest4_pkey  (cost=0.00..30.96 rows=1053 width=0)
	              Index Cond: ((id >= 1337638) AND (id <= 1338637))

table 5 : explain SELECT SUM(k) FROM sbtest5 WHERE id BETWEEN 7553065 AND 7554064
	Aggregate  (cost=3816.09..3816.10 rows=1 width=8)
	  ->  Bitmap Heap Scan on sbtest5  (cost=30.52..3813.63 rows=984 width=4)
	        Recheck Cond: ((id >= 7553065) AND (id <= 7554064))
	        ->  Bitmap Index Scan on sbtest5_pkey  (cost=0.00..30.27 rows=984 width=0)
	              Index Cond: ((id >= 7553065) AND (id <= 7554064))

table 6 : explain SELECT SUM(k) FROM sbtest6 WHERE id BETWEEN 4681364 AND 4682363
	Aggregate  (cost=3781.59..3781.60 rows=1 width=8)
	  ->  Bitmap Heap Scan on sbtest6  (cost=30.43..3779.15 rows=975 width=4)
	        Recheck Cond: ((id >= 4681364) AND (id <= 4682363))
	        ->  Bitmap Index Scan on sbtest6_pkey  (cost=0.00..30.18 rows=975 width=0)
	              Index Cond: ((id >= 4681364) AND (id <= 4682363))

table 7 : explain SELECT SUM(k) FROM sbtest7 WHERE id BETWEEN 1969223 AND 1970222
	Aggregate  (cost=3764.65..3764.66 rows=1 width=8)
	  ->  Bitmap Heap Scan on sbtest7  (cost=30.39..3762.23 rows=971 width=4)
	        Recheck Cond: ((id >= 1969223) AND (id <= 1970222))
	        ->  Bitmap Index Scan on sbtest7_pkey  (cost=0.00..30.14 rows=971 width=0)
	              Index Cond: ((id >= 1969223) AND (id <= 1970222))

table 8 : explain SELECT SUM(k) FROM sbtest8 WHERE id BETWEEN 7761108 AND 7762107
	Aggregate  (cost=3936.93..3936.94 rows=1 width=8)
	  ->  Bitmap Heap Scan on sbtest8  (cost=30.85..3934.39 rows=1016 width=4)
	        Recheck Cond: ((id >= 7761108) AND (id <= 7762107))
	        ->  Bitmap Index Scan on sbtest8_pkey  (cost=0.00..30.59 rows=1016 width=0)
	              Index Cond: ((id >= 7761108) AND (id <= 7762107))

explain: for point_selects :: explain SELECT c FROM sbtest%u WHERE id=%u
explain: for point_selects :: explain SELECT c FROM sbtest%u WHERE id=%u
explain: for point_selects :: explain SELECT c FROM sbtest%u WHERE id=%u
for: simple_ranges
table 1 : explain SELECT c FROM sbtest1 WHERE id BETWEEN 1124163 AND 1125162
	Bitmap Heap Scan on sbtest1  (cost=31.15..4045.08 rows=1045 width=121)
	  Recheck Cond: ((id >= 1124163) AND (id <= 1125162))
	  ->  Bitmap Index Scan on sbtest1_pkey  (cost=0.00..30.89 rows=1045 width=0)
	        Index Cond: ((id >= 1124163) AND (id <= 1125162))

table 2 : explain SELECT c FROM sbtest2 WHERE id BETWEEN 9051134 AND 9052133
	Bitmap Heap Scan on sbtest2  (cost=29.89..3579.09 rows=922 width=121)
	  Recheck Cond: ((id >= 9051134) AND (id <= 9052133))
	  ->  Bitmap Index Scan on sbtest2_pkey  (cost=0.00..29.65 rows=922 width=0)
	        Index Cond: ((id >= 9051134) AND (id <= 9052133))

table 3 : explain SELECT c FROM sbtest3 WHERE id BETWEEN 1904064 AND 1905063
	Bitmap Heap Scan on sbtest3  (cost=30.58..3834.42 rows=990 width=121)
	  Recheck Cond: ((id >= 1904064) AND (id <= 1905063))
	  ->  Bitmap Index Scan on sbtest3_pkey  (cost=0.00..30.33 rows=990 width=0)
	        Index Cond: ((id >= 1904064) AND (id <= 1905063))

table 4 : explain SELECT c FROM sbtest4 WHERE id BETWEEN 7982241 AND 7983240
	Bitmap Heap Scan on sbtest4  (cost=30.78..3907.68 rows=1009 width=121)
	  Recheck Cond: ((id >= 7982241) AND (id <= 7983240))
	  ->  Bitmap Index Scan on sbtest4_pkey  (cost=0.00..30.52 rows=1009 width=0)
	        Index Cond: ((id >= 7982241) AND (id <= 7983240))

table 5 : explain SELECT c FROM sbtest5 WHERE id BETWEEN 9183527 AND 9184526
	Bitmap Heap Scan on sbtest5  (cost=30.00..3620.92 rows=933 width=121)
	  Recheck Cond: ((id >= 9183527) AND (id <= 9184526))
	  ->  Bitmap Index Scan on sbtest5_pkey  (cost=0.00..29.76 rows=933 width=0)
	        Index Cond: ((id >= 9183527) AND (id <= 9184526))

table 6 : explain SELECT c FROM sbtest6 WHERE id BETWEEN 8269642 AND 8270641
	Bitmap Heap Scan on sbtest6  (cost=30.49..3801.80 rows=981 width=121)
	  Recheck Cond: ((id >= 8269642) AND (id <= 8270641))
	  ->  Bitmap Index Scan on sbtest6_pkey  (cost=0.00..30.25 rows=981 width=0)
	        Index Cond: ((id >= 8269642) AND (id <= 8270641))

table 7 : explain SELECT c FROM sbtest7 WHERE id BETWEEN 6687567 AND 6688566
	Bitmap Heap Scan on sbtest7  (cost=30.98..3980.88 rows=1029 width=121)
	  Recheck Cond: ((id >= 6687567) AND (id <= 6688566))
	  ->  Bitmap Index Scan on sbtest7_pkey  (cost=0.00..30.72 rows=1029 width=0)
	        Index Cond: ((id >= 6687567) AND (id <= 6688566))

table 8 : explain SELECT c FROM sbtest8 WHERE id BETWEEN 497939 AND 498938
	Bitmap Heap Scan on sbtest8  (cost=30.14..3673.86 rows=947 width=121)
	  Recheck Cond: ((id >= 497939) AND (id <= 498938))
	  ->  Bitmap Index Scan on sbtest8_pkey  (cost=0.00..29.90 rows=947 width=0)
	        Index Cond: ((id >= 497939) AND (id <= 498938))

for: sum_ranges
table 1 : explain SELECT SUM(k) FROM sbtest1 WHERE id BETWEEN 6776369 AND 6777368
	Aggregate  (cost=3450.09..3450.10 rows=1 width=8)
	  ->  Bitmap Heap Scan on sbtest1  (cost=29.53..3447.87 rows=887 width=4)
	        Recheck Cond: ((id >= 6776369) AND (id <= 6777368))
	        ->  Bitmap Index Scan on sbtest1_pkey  (cost=0.00..29.30 rows=887 width=0)
	              Index Cond: ((id >= 6776369) AND (id <= 6777368))

table 2 : explain SELECT SUM(k) FROM sbtest2 WHERE id BETWEEN 6661906 AND 6662905
	Aggregate  (cost=3702.47..3702.48 rows=1 width=8)
	  ->  Bitmap Heap Scan on sbtest2  (cost=30.21..3700.09 rows=954 width=4)
	        Recheck Cond: ((id >= 6661906) AND (id <= 6662905))
	        ->  Bitmap Index Scan on sbtest2_pkey  (cost=0.00..29.97 rows=954 width=0)
	              Index Cond: ((id >= 6661906) AND (id <= 6662905))

table 3 : explain SELECT SUM(k) FROM sbtest3 WHERE id BETWEEN 9071421 AND 9072420
	Aggregate  (cost=3810.47..3810.48 rows=1 width=8)
	  ->  Bitmap Heap Scan on sbtest3  (cost=30.51..3808.01 rows=983 width=4)
	        Recheck Cond: ((id >= 9071421) AND (id <= 9072420))
	        ->  Bitmap Index Scan on sbtest3_pkey  (cost=0.00..30.26 rows=983 width=0)
	              Index Cond: ((id >= 9071421) AND (id <= 9072420))

table 4 : explain SELECT SUM(k) FROM sbtest4 WHERE id BETWEEN 5897046 AND 5898045
	Aggregate  (cost=3793.13..3793.14 rows=1 width=8)
	  ->  Bitmap Heap Scan on sbtest4  (cost=30.46..3790.69 rows=978 width=4)
	        Recheck Cond: ((id >= 5897046) AND (id <= 5898045))
	        ->  Bitmap Index Scan on sbtest4_pkey  (cost=0.00..30.21 rows=978 width=0)
	              Index Cond: ((id >= 5897046) AND (id <= 5898045))

table 5 : explain SELECT SUM(k) FROM sbtest5 WHERE id BETWEEN 2152106 AND 2153105
	Aggregate  (cost=4197.27..4197.28 rows=1 width=8)
	  ->  Bitmap Heap Scan on sbtest5  (cost=35.55..4194.56 rows=1084 width=4)
	        Recheck Cond: ((id >= 2152106) AND (id <= 2153105))
	        ->  Bitmap Index Scan on sbtest5_pkey  (cost=0.00..35.28 rows=1084 width=0)
	              Index Cond: ((id >= 2152106) AND (id <= 2153105))

table 6 : explain SELECT SUM(k) FROM sbtest6 WHERE id BETWEEN 4751863 AND 4752862
	Aggregate  (cost=3566.01..3566.02 rows=1 width=8)
	  ->  Bitmap Heap Scan on sbtest6  (cost=29.84..3563.71 rows=918 width=4)
	        Recheck Cond: ((id >= 4751863) AND (id <= 4752862))
	        ->  Bitmap Index Scan on sbtest6_pkey  (cost=0.00..29.61 rows=918 width=0)
	              Index Cond: ((id >= 4751863) AND (id <= 4752862))

table 7 : explain SELECT SUM(k) FROM sbtest7 WHERE id BETWEEN 957759 AND 958758
	Aggregate  (cost=3908.05..3908.06 rows=1 width=8)
	  ->  Bitmap Heap Scan on sbtest7  (cost=30.78..3905.53 rows=1009 width=4)
	        Recheck Cond: ((id >= 957759) AND (id <= 958758))
	        ->  Bitmap Index Scan on sbtest7_pkey  (cost=0.00..30.52 rows=1009 width=0)
	              Index Cond: ((id >= 957759) AND (id <= 958758))

table 8 : explain SELECT SUM(k) FROM sbtest8 WHERE id BETWEEN 5397771 AND 5398770
	Aggregate  (cost=4035.24..4035.25 rows=1 width=8)
	  ->  Bitmap Heap Scan on sbtest8  (cost=35.11..4032.64 rows=1041 width=4)
	        Recheck Cond: ((id >= 5397771) AND (id <= 5398770))
	        ->  Bitmap Index Scan on sbtest8_pkey  (cost=0.00..34.84 rows=1041 width=0)
	              Index Cond: ((id >= 5397771) AND (id <= 5398770))

for: sum_ranges
table 1 : explain SELECT SUM(k) FROM sbtest1 WHERE id BETWEEN 1937633 AND 1938632
	Aggregate  (cost=3957.12..3957.13 rows=1 width=8)
	  ->  Bitmap Heap Scan on sbtest1  (cost=30.90..3954.57 rows=1021 width=4)
	        Recheck Cond: ((id >= 1937633) AND (id <= 1938632))
	        ->  Bitmap Index Scan on sbtest1_pkey  (cost=0.00..30.64 rows=1021 width=0)
	              Index Cond: ((id >= 1937633) AND (id <= 1938632))

table 2 : explain SELECT SUM(k) FROM sbtest2 WHERE id BETWEEN 7296833 AND 7297832
	Aggregate  (cost=3876.29..3876.30 rows=1 width=8)
	  ->  Bitmap Heap Scan on sbtest2  (cost=30.68..3873.79 rows=1000 width=4)
	        Recheck Cond: ((id >= 7296833) AND (id <= 7297832))
	        ->  Bitmap Index Scan on sbtest2_pkey  (cost=0.00..30.43 rows=1000 width=0)
	              Index Cond: ((id >= 7296833) AND (id <= 7297832))

table 3 : explain SELECT SUM(k) FROM sbtest3 WHERE id BETWEEN 4693042 AND 4694041
	Aggregate  (cost=3821.80..3821.81 rows=1 width=8)
	  ->  Bitmap Heap Scan on sbtest3  (cost=30.54..3819.33 rows=986 width=4)
	        Recheck Cond: ((id >= 4693042) AND (id <= 4694041))
	        ->  Bitmap Index Scan on sbtest3_pkey  (cost=0.00..30.29 rows=986 width=0)
	              Index Cond: ((id >= 4693042) AND (id <= 4694041))

table 4 : explain SELECT SUM(k) FROM sbtest4 WHERE id BETWEEN 1381442 AND 1382441
	Aggregate  (cost=4076.16..4076.17 rows=1 width=8)
	  ->  Bitmap Heap Scan on sbtest4  (cost=31.23..4073.52 rows=1053 width=4)
	        Recheck Cond: ((id >= 1381442) AND (id <= 1382441))
	        ->  Bitmap Index Scan on sbtest4_pkey  (cost=0.00..30.96 rows=1053 width=0)
	              Index Cond: ((id >= 1381442) AND (id <= 1382441))

table 5 : explain SELECT SUM(k) FROM sbtest5 WHERE id BETWEEN 1671048 AND 1672047
	Aggregate  (cost=3691.35..3691.36 rows=1 width=8)
	  ->  Bitmap Heap Scan on sbtest5  (cost=30.18..3688.97 rows=951 width=4)
	        Recheck Cond: ((id >= 1671048) AND (id <= 1672047))
	        ->  Bitmap Index Scan on sbtest5_pkey  (cost=0.00..29.94 rows=951 width=0)
	              Index Cond: ((id >= 1671048) AND (id <= 1672047))

table 6 : explain SELECT SUM(k) FROM sbtest6 WHERE id BETWEEN 4779478 AND 4780477
	Aggregate  (cost=3566.01..3566.02 rows=1 width=8)
	  ->  Bitmap Heap Scan on sbtest6  (cost=29.84..3563.71 rows=918 width=4)
	        Recheck Cond: ((id >= 4779478) AND (id <= 4780477))
	        ->  Bitmap Index Scan on sbtest6_pkey  (cost=0.00..29.61 rows=918 width=0)
	              Index Cond: ((id >= 4779478) AND (id <= 4780477))

table 7 : explain SELECT SUM(k) FROM sbtest7 WHERE id BETWEEN 1326707 AND 1327706
	Aggregate  (cost=3915.60..3915.61 rows=1 width=8)
	  ->  Bitmap Heap Scan on sbtest7  (cost=30.80..3913.07 rows=1011 width=4)
	        Recheck Cond: ((id >= 1326707) AND (id <= 1327706))
	        ->  Bitmap Index Scan on sbtest7_pkey  (cost=0.00..30.54 rows=1011 width=0)
	              Index Cond: ((id >= 1326707) AND (id <= 1327706))

table 8 : explain SELECT SUM(k) FROM sbtest8 WHERE id BETWEEN 7331072 AND 7332071
	Aggregate  (cost=4212.34..4212.35 rows=1 width=8)
	  ->  Bitmap Heap Scan on sbtest8  (cost=35.59..4209.62 rows=1088 width=4)
	        Recheck Cond: ((id >= 7331072) AND (id <= 7332071))
	        ->  Bitmap Index Scan on sbtest8_pkey  (cost=0.00..35.32 rows=1088 width=0)
	              Index Cond: ((id >= 7331072) AND (id <= 7332071))

for: sum_ranges
table 1 : explain SELECT SUM(k) FROM sbtest1 WHERE id BETWEEN 1889990 AND 1890989
	Aggregate  (cost=3983.55..3983.56 rows=1 width=8)
	  ->  Bitmap Heap Scan on sbtest1  (cost=30.97..3980.98 rows=1028 width=4)
	        Recheck Cond: ((id >= 1889990) AND (id <= 1890989))
	        ->  Bitmap Index Scan on sbtest1_pkey  (cost=0.00..30.71 rows=1028 width=0)
	              Index Cond: ((id >= 1889990) AND (id <= 1890989))

table 2 : explain SELECT SUM(k) FROM sbtest2 WHERE id BETWEEN 3273155 AND 3274154
	Aggregate  (cost=3838.52..3838.53 rows=1 width=8)
	  ->  Bitmap Heap Scan on sbtest2  (cost=30.58..3836.05 rows=990 width=4)
	        Recheck Cond: ((id >= 3273155) AND (id <= 3274154))
	        ->  Bitmap Index Scan on sbtest2_pkey  (cost=0.00..30.33 rows=990 width=0)
	              Index Cond: ((id >= 3273155) AND (id <= 3274154))

table 3 : explain SELECT SUM(k) FROM sbtest3 WHERE id BETWEEN 7741911 AND 7742910
	Aggregate  (cost=3919.90..3919.91 rows=1 width=8)
	  ->  Bitmap Heap Scan on sbtest3  (cost=30.81..3917.37 rows=1012 width=4)
	        Recheck Cond: ((id >= 7741911) AND (id <= 7742910))
	        ->  Bitmap Index Scan on sbtest3_pkey  (cost=0.00..30.55 rows=1012 width=0)
	              Index Cond: ((id >= 7741911) AND (id <= 7742910))

table 4 : explain SELECT SUM(k) FROM sbtest4 WHERE id BETWEEN 225595 AND 226594
	Aggregate  (cost=4008.30..4008.31 rows=1 width=8)
	  ->  Bitmap Heap Scan on sbtest4  (cost=31.04..4005.71 rows=1035 width=4)
	        Recheck Cond: ((id >= 225595) AND (id <= 226594))
	        ->  Bitmap Index Scan on sbtest4_pkey  (cost=0.00..30.79 rows=1035 width=0)
	              Index Cond: ((id >= 225595) AND (id <= 226594))

table 5 : explain SELECT SUM(k) FROM sbtest5 WHERE id BETWEEN 2951909 AND 2952908
	Aggregate  (cost=3683.79..3683.80 rows=1 width=8)
	  ->  Bitmap Heap Scan on sbtest5  (cost=30.16..3681.41 rows=949 width=4)
	        Recheck Cond: ((id >= 2951909) AND (id <= 2952908))
	        ->  Bitmap Index Scan on sbtest5_pkey  (cost=0.00..29.93 rows=949 width=0)
	              Index Cond: ((id >= 2951909) AND (id <= 2952908))

table 6 : explain SELECT SUM(k) FROM sbtest6 WHERE id BETWEEN 3166355 AND 3167354
	Aggregate  (cost=3630.35..3630.36 rows=1 width=8)
	  ->  Bitmap Heap Scan on sbtest6  (cost=30.02..3628.01 rows=935 width=4)
	        Recheck Cond: ((id >= 3166355) AND (id <= 3167354))
	        ->  Bitmap Index Scan on sbtest6_pkey  (cost=0.00..29.79 rows=935 width=0)
	              Index Cond: ((id >= 3166355) AND (id <= 3167354))

table 7 : explain SELECT SUM(k) FROM sbtest7 WHERE id BETWEEN 9819178 AND 9820177
	Aggregate  (cost=3692.89..3692.90 rows=1 width=8)
	  ->  Bitmap Heap Scan on sbtest7  (cost=30.19..3690.51 rows=952 width=4)
	        Recheck Cond: ((id >= 9819178) AND (id <= 9820177))
	        ->  Bitmap Index Scan on sbtest7_pkey  (cost=0.00..29.95 rows=952 width=0)
	              Index Cond: ((id >= 9819178) AND (id <= 9820177))

table 8 : explain SELECT SUM(k) FROM sbtest8 WHERE id BETWEEN 1332272 AND 1333271
	Aggregate  (cost=4223.64..4223.65 rows=1 width=8)
	  ->  Bitmap Heap Scan on sbtest8  (cost=35.62..4220.91 rows=1091 width=4)
	        Recheck Cond: ((id >= 1332272) AND (id <= 1333271))
	        ->  Bitmap Index Scan on sbtest8_pkey  (cost=0.00..35.34 rows=1091 width=0)
	              Index Cond: ((id >= 1332272) AND (id <= 1333271))

for: sum_ranges
table 1 : explain SELECT SUM(k) FROM sbtest1 WHERE id BETWEEN 2661556 AND 2662555
	Aggregate  (cost=3968.45..3968.46 rows=1 width=8)
	  ->  Bitmap Heap Scan on sbtest1  (cost=30.93..3965.89 rows=1024 width=4)
	        Recheck Cond: ((id >= 2661556) AND (id <= 2662555))
	        ->  Bitmap Index Scan on sbtest1_pkey  (cost=0.00..30.68 rows=1024 width=0)
	              Index Cond: ((id >= 2661556) AND (id <= 2662555))

table 2 : explain SELECT SUM(k) FROM sbtest2 WHERE id BETWEEN 7240946 AND 7241945
	Aggregate  (cost=3876.29..3876.30 rows=1 width=8)
	  ->  Bitmap Heap Scan on sbtest2  (cost=30.68..3873.79 rows=1000 width=4)
	        Recheck Cond: ((id >= 7240946) AND (id <= 7241945))
	        ->  Bitmap Index Scan on sbtest2_pkey  (cost=0.00..30.43 rows=1000 width=0)
	              Index Cond: ((id >= 7240946) AND (id <= 7241945))

table 3 : explain SELECT SUM(k) FROM sbtest3 WHERE id BETWEEN 6507466 AND 6508465
	Aggregate  (cost=3799.14..3799.15 rows=1 width=8)
	  ->  Bitmap Heap Scan on sbtest3  (cost=30.48..3796.69 rows=980 width=4)
	        Recheck Cond: ((id >= 6507466) AND (id <= 6508465))
	        ->  Bitmap Index Scan on sbtest3_pkey  (cost=0.00..30.23 rows=980 width=0)
	              Index Cond: ((id >= 6507466) AND (id <= 6508465))

table 4 : explain SELECT SUM(k) FROM sbtest4 WHERE id BETWEEN 8007585 AND 8008584
	Aggregate  (cost=3709.98..3709.99 rows=1 width=8)
	  ->  Bitmap Heap Scan on sbtest4  (cost=30.23..3707.59 rows=956 width=4)
	        Recheck Cond: ((id >= 8007585) AND (id <= 8008584))
	        ->  Bitmap Index Scan on sbtest4_pkey  (cost=0.00..30.00 rows=956 width=0)
	              Index Cond: ((id >= 8007585) AND (id <= 8008584))

table 5 : explain SELECT SUM(k) FROM sbtest5 WHERE id BETWEEN 7727362 AND 7728361
	Aggregate  (cost=3895.41..3895.42 rows=1 width=8)
	  ->  Bitmap Heap Scan on sbtest5  (cost=30.74..3892.89 rows=1005 width=4)
	        Recheck Cond: ((id >= 7727362) AND (id <= 7728361))
	        ->  Bitmap Index Scan on sbtest5_pkey  (cost=0.00..30.48 rows=1005 width=0)
	              Index Cond: ((id >= 7727362) AND (id <= 7728361))

table 6 : explain SELECT SUM(k) FROM sbtest6 WHERE id BETWEEN 5124719 AND 5125718
	Aggregate  (cost=3520.57..3520.58 rows=1 width=8)
	  ->  Bitmap Heap Scan on sbtest6  (cost=29.72..3518.30 rows=906 width=4)
	        Recheck Cond: ((id >= 5124719) AND (id <= 5125718))
	        ->  Bitmap Index Scan on sbtest6_pkey  (cost=0.00..29.50 rows=906 width=0)
	              Index Cond: ((id >= 5124719) AND (id <= 5125718))

table 7 : explain SELECT SUM(k) FROM sbtest7 WHERE id BETWEEN 828206 AND 829205
	Aggregate  (cost=3738.22..3738.23 rows=1 width=8)
	  ->  Bitmap Heap Scan on sbtest7  (cost=30.32..3735.81 rows=964 width=4)
	        Recheck Cond: ((id >= 828206) AND (id <= 829205))
	        ->  Bitmap Index Scan on sbtest7_pkey  (cost=0.00..30.07 rows=964 width=0)
	              Index Cond: ((id >= 828206) AND (id <= 829205))

table 8 : explain SELECT SUM(k) FROM sbtest8 WHERE id BETWEEN 3775947 AND 3776946
	Aggregate  (cost=4054.10..4054.11 rows=1 width=8)
	  ->  Bitmap Heap Scan on sbtest8  (cost=35.16..4051.48 rows=1046 width=4)
	        Recheck Cond: ((id >= 3775947) AND (id <= 3776946))
	        ->  Bitmap Index Scan on sbtest8_pkey  (cost=0.00..34.90 rows=1046 width=0)
	              Index Cond: ((id >= 3775947) AND (id <= 3776946))

explain: for point_selects :: explain SELECT c FROM sbtest%u WHERE id=%u
explain: for point_selects :: explain SELECT c FROM sbtest%u WHERE id=%u
for: order_ranges
table 1 : explain SELECT c FROM sbtest1 WHERE id BETWEEN 720937 AND 721936 ORDER BY c
	Sort  (cost=3944.30..3946.81 rows=1005 width=121)
	  Sort Key: c
	  ->  Bitmap Heap Scan on sbtest1  (cost=30.74..3894.19 rows=1005 width=121)
	        Recheck Cond: ((id >= 720937) AND (id <= 721936))
	        ->  Bitmap Index Scan on sbtest1_pkey  (cost=0.00..30.48 rows=1005 width=0)
	              Index Cond: ((id >= 720937) AND (id <= 721936))

table 2 : explain SELECT c FROM sbtest2 WHERE id BETWEEN 9827605 AND 9828604 ORDER BY c
	Sort  (cost=3751.14..3753.52 rows=955 width=121)
	  Sort Key: c
	  ->  Bitmap Heap Scan on sbtest2  (cost=30.22..3703.87 rows=955 width=121)
	        Recheck Cond: ((id >= 9827605) AND (id <= 9828604))
	        ->  Bitmap Index Scan on sbtest2_pkey  (cost=0.00..29.98 rows=955 width=0)
	              Index Cond: ((id >= 9827605) AND (id <= 9828604))

table 3 : explain SELECT c FROM sbtest3 WHERE id BETWEEN 9417139 AND 9418138 ORDER BY c
	Sort  (cost=3592.33..3594.61 rows=914 width=121)
	  Sort Key: c
	  ->  Bitmap Heap Scan on sbtest3  (cost=29.80..3547.38 rows=914 width=121)
	        Recheck Cond: ((id >= 9417139) AND (id <= 9418138))
	        ->  Bitmap Index Scan on sbtest3_pkey  (cost=0.00..29.57 rows=914 width=0)
	              Index Cond: ((id >= 9417139) AND (id <= 9418138))

table 4 : explain SELECT c FROM sbtest4 WHERE id BETWEEN 6593177 AND 6594176 ORDER BY c
	Sort  (cost=4241.23..4243.94 rows=1082 width=121)
	  Sort Key: c
	  ->  Bitmap Heap Scan on sbtest4  (cost=35.53..4186.70 rows=1082 width=121)
	        Recheck Cond: ((id >= 6593177) AND (id <= 6594176))
	        ->  Bitmap Index Scan on sbtest4_pkey  (cost=0.00..35.26 rows=1082 width=0)
	              Index Cond: ((id >= 6593177) AND (id <= 6594176))

table 5 : explain SELECT c FROM sbtest5 WHERE id BETWEEN 9561330 AND 9562329 ORDER BY c
	Sort  (cost=3617.03..3619.33 rows=920 width=121)
	  Sort Key: c
	  ->  Bitmap Heap Scan on sbtest5  (cost=29.87..3571.74 rows=920 width=121)
	        Recheck Cond: ((id >= 9561330) AND (id <= 9562329))
	        ->  Bitmap Index Scan on sbtest5_pkey  (cost=0.00..29.64 rows=920 width=0)
	              Index Cond: ((id >= 9561330) AND (id <= 9562329))

table 6 : explain SELECT c FROM sbtest6 WHERE id BETWEEN 5863008 AND 5864007 ORDER BY c
	Sort  (cost=4122.32..4124.95 rows=1052 width=121)
	  Sort Key: c
	  ->  Bitmap Heap Scan on sbtest6  (cost=31.22..4069.52 rows=1052 width=121)
	        Recheck Cond: ((id >= 5863008) AND (id <= 5864007))
	        ->  Bitmap Index Scan on sbtest6_pkey  (cost=0.00..30.95 rows=1052 width=0)
	              Index Cond: ((id >= 5863008) AND (id <= 5864007))

table 7 : explain SELECT c FROM sbtest7 WHERE id BETWEEN 5602851 AND 5603850 ORDER BY c
	Sort  (cost=3994.13..3996.67 rows=1019 width=121)
	  Sort Key: c
	  ->  Bitmap Heap Scan on sbtest7  (cost=30.88..3943.21 rows=1019 width=121)
	        Recheck Cond: ((id >= 5602851) AND (id <= 5603850))
	        ->  Bitmap Index Scan on sbtest7_pkey  (cost=0.00..30.62 rows=1019 width=0)
	              Index Cond: ((id >= 5602851) AND (id <= 5603850))

table 8 : explain SELECT c FROM sbtest8 WHERE id BETWEEN 2895639 AND 2896638 ORDER BY c
	Sort  (cost=3697.65..3700.00 rows=941 width=121)
	  Sort Key: c
	  ->  Bitmap Heap Scan on sbtest8  (cost=30.08..3651.17 rows=941 width=121)
	        Recheck Cond: ((id >= 2895639) AND (id <= 2896638))
	        ->  Bitmap Index Scan on sbtest8_pkey  (cost=0.00..29.84 rows=941 width=0)
	              Index Cond: ((id >= 2895639) AND (id <= 2896638))

for: sum_ranges
table 1 : explain SELECT SUM(k) FROM sbtest1 WHERE id BETWEEN 1997416 AND 1998415
	Aggregate  (cost=3957.12..3957.13 rows=1 width=8)
	  ->  Bitmap Heap Scan on sbtest1  (cost=30.90..3954.57 rows=1021 width=4)
	        Recheck Cond: ((id >= 1997416) AND (id <= 1998415))
	        ->  Bitmap Index Scan on sbtest1_pkey  (cost=0.00..30.64 rows=1021 width=0)
	              Index Cond: ((id >= 1997416) AND (id <= 1998415))

table 2 : explain SELECT SUM(k) FROM sbtest2 WHERE id BETWEEN 8487784 AND 8488783
	Aggregate  (cost=3974.41..3974.42 rows=1 width=8)
	  ->  Bitmap Heap Scan on sbtest2  (cost=30.95..3971.85 rows=1026 width=4)
	        Recheck Cond: ((id >= 8487784) AND (id <= 8488783))
	        ->  Bitmap Index Scan on sbtest2_pkey  (cost=0.00..30.69 rows=1026 width=0)
	              Index Cond: ((id >= 8487784) AND (id <= 8488783))

table 3 : explain SELECT SUM(k) FROM sbtest3 WHERE id BETWEEN 3922829 AND 3923828
	Aggregate  (cost=3984.00..3984.01 rows=1 width=8)
	  ->  Bitmap Heap Scan on sbtest3  (cost=30.98..3981.43 rows=1029 width=4)
	        Recheck Cond: ((id >= 3922829) AND (id <= 3923828))
	        ->  Bitmap Index Scan on sbtest3_pkey  (cost=0.00..30.72 rows=1029 width=0)
	              Index Cond: ((id >= 3922829) AND (id <= 3923828))

table 4 : explain SELECT SUM(k) FROM sbtest4 WHERE id BETWEEN 1429639 AND 1430638
	Aggregate  (cost=3906.43..3906.44 rows=1 width=8)
	  ->  Bitmap Heap Scan on sbtest4  (cost=30.77..3903.91 rows=1008 width=4)
	        Recheck Cond: ((id >= 1429639) AND (id <= 1430638))
	        ->  Bitmap Index Scan on sbtest4_pkey  (cost=0.00..30.51 rows=1008 width=0)
	              Index Cond: ((id >= 1429639) AND (id <= 1430638))

table 5 : explain SELECT SUM(k) FROM sbtest5 WHERE id BETWEEN 5201284 AND 5202283
	Aggregate  (cost=3661.09..3661.10 rows=1 width=8)
	  ->  Bitmap Heap Scan on sbtest5  (cost=30.10..3658.73 rows=943 width=4)
	        Recheck Cond: ((id >= 5201284) AND (id <= 5202283))
	        ->  Bitmap Index Scan on sbtest5_pkey  (cost=0.00..29.86 rows=943 width=0)
	              Index Cond: ((id >= 5201284) AND (id <= 5202283))

table 6 : explain SELECT SUM(k) FROM sbtest6 WHERE id BETWEEN 2999268 AND 3000267
	Aggregate  (cost=3842.02..3842.03 rows=1 width=8)
	  ->  Bitmap Heap Scan on sbtest6  (cost=30.59..3839.55 rows=991 width=4)
	        Recheck Cond: ((id >= 2999268) AND (id <= 3000267))
	        ->  Bitmap Index Scan on sbtest6_pkey  (cost=0.00..30.34 rows=991 width=0)
	              Index Cond: ((id >= 2999268) AND (id <= 3000267))

table 7 : explain SELECT SUM(k) FROM sbtest7 WHERE id BETWEEN 4882059 AND 4883058
	Aggregate  (cost=4070.33..4070.34 rows=1 width=8)
	  ->  Bitmap Heap Scan on sbtest7  (cost=35.21..4067.71 rows=1051 width=4)
	        Recheck Cond: ((id >= 4882059) AND (id <= 4883058))
	        ->  Bitmap Index Scan on sbtest7_pkey  (cost=0.00..34.95 rows=1051 width=0)
	              Index Cond: ((id >= 4882059) AND (id <= 4883058))

table 8 : explain SELECT SUM(k) FROM sbtest8 WHERE id BETWEEN 96380 AND 97379
	Aggregate  (cost=3778.31..3778.32 rows=1 width=8)
	  ->  Bitmap Heap Scan on sbtest8  (cost=30.42..3775.88 rows=974 width=4)
	        Recheck Cond: ((id >= 96380) AND (id <= 97379))
	        ->  Bitmap Index Scan on sbtest8_pkey  (cost=0.00..30.18 rows=974 width=0)
	              Index Cond: ((id >= 96380) AND (id <= 97379))

for point_selects
table 1 : explain SELECT c FROM sbtest1 WHERE id=9802209
	Index Scan using sbtest1_pkey on sbtest1  (cost=0.43..8.45 rows=1 width=121)
	  Index Cond: (id = 9802209)

table 2 : explain SELECT c FROM sbtest2 WHERE id=9138077
	Index Scan using sbtest2_pkey on sbtest2  (cost=0.43..8.45 rows=1 width=121)
	  Index Cond: (id = 9138077)

table 3 : explain SELECT c FROM sbtest3 WHERE id=4409099
	Index Scan using sbtest3_pkey on sbtest3  (cost=0.43..8.45 rows=1 width=121)
	  Index Cond: (id = 4409099)

table 4 : explain SELECT c FROM sbtest4 WHERE id=1792353
	Index Scan using sbtest4_pkey on sbtest4  (cost=0.43..8.45 rows=1 width=121)
	  Index Cond: (id = 1792353)

table 5 : explain SELECT c FROM sbtest5 WHERE id=4010009
	Index Scan using sbtest5_pkey on sbtest5  (cost=0.43..8.45 rows=1 width=121)
	  Index Cond: (id = 4010009)

table 6 : explain SELECT c FROM sbtest6 WHERE id=776852
	Index Scan using sbtest6_pkey on sbtest6  (cost=0.43..8.45 rows=1 width=121)
	  Index Cond: (id = 776852)

table 7 : explain SELECT c FROM sbtest7 WHERE id=5951517
	Index Scan using sbtest7_pkey on sbtest7  (cost=0.43..8.45 rows=1 width=121)
	  Index Cond: (id = 5951517)

table 8 : explain SELECT c FROM sbtest8 WHERE id=717165
	Index Scan using sbtest8_pkey on sbtest8  (cost=0.43..8.45 rows=1 width=121)
	  Index Cond: (id = 717165)

for: order_ranges
table 1 : explain SELECT c FROM sbtest1 WHERE id BETWEEN 3178634 AND 3179633 ORDER BY c
	Sort  (cost=3936.64..3939.14 rows=1003 width=121)
	  Sort Key: c
	  ->  Bitmap Heap Scan on sbtest1  (cost=30.72..3886.64 rows=1003 width=121)
	        Recheck Cond: ((id >= 3178634) AND (id <= 3179633))
	        ->  Bitmap Index Scan on sbtest1_pkey  (cost=0.00..30.46 rows=1003 width=0)
	              Index Cond: ((id >= 3178634) AND (id <= 3179633))

table 2 : explain SELECT c FROM sbtest2 WHERE id BETWEEN 7709193 AND 7710192 ORDER BY c
	Sort  (cost=3961.91..3964.44 rows=1010 width=121)
	  Sort Key: c
	  ->  Bitmap Heap Scan on sbtest2  (cost=30.79..3911.51 rows=1010 width=121)
	        Recheck Cond: ((id >= 7709193) AND (id <= 7710192))
	        ->  Bitmap Index Scan on sbtest2_pkey  (cost=0.00..30.54 rows=1010 width=0)
	              Index Cond: ((id >= 7709193) AND (id <= 7710192))

table 3 : explain SELECT c FROM sbtest3 WHERE id BETWEEN 7033871 AND 7034870 ORDER BY c
	Sort  (cost=3964.06..3966.59 rows=1011 width=121)
	  Sort Key: c
	  ->  Bitmap Heap Scan on sbtest3  (cost=30.80..3913.60 rows=1011 width=121)
	        Recheck Cond: ((id >= 7033871) AND (id <= 7034870))
	        ->  Bitmap Index Scan on sbtest3_pkey  (cost=0.00..30.54 rows=1011 width=0)
	              Index Cond: ((id >= 7033871) AND (id <= 7034870))

table 4 : explain SELECT c FROM sbtest4 WHERE id BETWEEN 1771734 AND 1772733 ORDER BY c
	Sort  (cost=3908.24..3910.73 rows=996 width=121)
	  Sort Key: c
	  ->  Bitmap Heap Scan on sbtest4  (cost=30.64..3858.63 rows=996 width=121)
	        Recheck Cond: ((id >= 1771734) AND (id <= 1772733))
	        ->  Bitmap Index Scan on sbtest4_pkey  (cost=0.00..30.39 rows=996 width=0)
	              Index Cond: ((id >= 1771734) AND (id <= 1772733))

table 5 : explain SELECT c FROM sbtest5 WHERE id BETWEEN 618182 AND 619181 ORDER BY c
	Sort  (cost=3916.19..3918.69 rows=998 width=121)
	  Sort Key: c
	  ->  Bitmap Heap Scan on sbtest5  (cost=30.66..3866.48 rows=998 width=121)
	        Recheck Cond: ((id >= 618182) AND (id <= 619181))
	        ->  Bitmap Index Scan on sbtest5_pkey  (cost=0.00..30.41 rows=998 width=0)
	              Index Cond: ((id >= 618182) AND (id <= 619181))

table 6 : explain SELECT c FROM sbtest6 WHERE id BETWEEN 2272816 AND 2273815 ORDER BY c
	Sort  (cost=3823.72..3826.16 rows=974 width=121)
	  Sort Key: c
	  ->  Bitmap Heap Scan on sbtest6  (cost=30.42..3775.37 rows=974 width=121)
	        Recheck Cond: ((id >= 2272816) AND (id <= 2273815))
	        ->  Bitmap Index Scan on sbtest6_pkey  (cost=0.00..30.18 rows=974 width=0)
	              Index Cond: ((id >= 2272816) AND (id <= 2273815))

table 7 : explain SELECT c FROM sbtest7 WHERE id BETWEEN 4850253 AND 4851252 ORDER BY c
	Sort  (cost=4120.45..4123.08 rows=1051 width=121)
	  Sort Key: c
	  ->  Bitmap Heap Scan on sbtest7  (cost=35.21..4067.71 rows=1051 width=121)
	        Recheck Cond: ((id >= 4850253) AND (id <= 4851252))
	        ->  Bitmap Index Scan on sbtest7_pkey  (cost=0.00..34.95 rows=1051 width=0)
	              Index Cond: ((id >= 4850253) AND (id <= 4851252))

table 8 : explain SELECT c FROM sbtest8 WHERE id BETWEEN 1394804 AND 1395803 ORDER BY c
	Sort  (cost=4275.96..4278.68 rows=1091 width=121)
	  Sort Key: c
	  ->  Bitmap Heap Scan on sbtest8  (cost=35.62..4220.91 rows=1091 width=121)
	        Recheck Cond: ((id >= 1394804) AND (id <= 1395803))
	        ->  Bitmap Index Scan on sbtest8_pkey  (cost=0.00..35.34 rows=1091 width=0)
	              Index Cond: ((id >= 1394804) AND (id <= 1395803))

for: order_ranges
table 1 : explain SELECT c FROM sbtest1 WHERE id BETWEEN 5482928 AND 5483927 ORDER BY c
	Sort  (cost=3921.31..3923.81 rows=999 width=121)
	  Sort Key: c
	  ->  Bitmap Heap Scan on sbtest1  (cost=30.67..3871.54 rows=999 width=121)
	        Recheck Cond: ((id >= 5482928) AND (id <= 5483927))
	        ->  Bitmap Index Scan on sbtest1_pkey  (cost=0.00..30.43 rows=999 width=0)
	              Index Cond: ((id >= 5482928) AND (id <= 5483927))

table 2 : explain SELECT c FROM sbtest2 WHERE id BETWEEN 1243776 AND 1244775 ORDER BY c
	Sort  (cost=4076.73..4079.33 rows=1040 width=121)
	  Sort Key: c
	  ->  Bitmap Heap Scan on sbtest2  (cost=31.09..4024.61 rows=1040 width=121)
	        Recheck Cond: ((id >= 1243776) AND (id <= 1244775))
	        ->  Bitmap Index Scan on sbtest2_pkey  (cost=0.00..30.83 rows=1040 width=0)
	              Index Cond: ((id >= 1243776) AND (id <= 1244775))

table 3 : explain SELECT c FROM sbtest3 WHERE id BETWEEN 8616608 AND 8617607 ORDER BY c
	Sort  (cost=3933.44..3935.95 rows=1003 width=121)
	  Sort Key: c
	  ->  Bitmap Heap Scan on sbtest3  (cost=30.72..3883.44 rows=1003 width=121)
	        Recheck Cond: ((id >= 8616608) AND (id <= 8617607))
	        ->  Bitmap Index Scan on sbtest3_pkey  (cost=0.00..30.46 rows=1003 width=0)
	              Index Cond: ((id >= 8616608) AND (id <= 8617607))

table 4 : explain SELECT c FROM sbtest4 WHERE id BETWEEN 7536709 AND 7537708 ORDER BY c
	Sort  (cost=3988.65..3991.19 rows=1017 width=121)
	  Sort Key: c
	  ->  Bitmap Heap Scan on sbtest4  (cost=30.86..3937.85 rows=1017 width=121)
	        Recheck Cond: ((id >= 7536709) AND (id <= 7537708))
	        ->  Bitmap Index Scan on sbtest4_pkey  (cost=0.00..30.61 rows=1017 width=0)
	              Index Cond: ((id >= 7536709) AND (id <= 7537708))

table 5 : explain SELECT c FROM sbtest5 WHERE id BETWEEN 5853736 AND 5854735 ORDER BY c
	Sort  (cost=4126.71..4129.34 rows=1053 width=121)
	  Sort Key: c
	  ->  Bitmap Heap Scan on sbtest5  (cost=31.23..4073.85 rows=1053 width=121)
	        Recheck Cond: ((id >= 5853736) AND (id <= 5854735))
	        ->  Bitmap Index Scan on sbtest5_pkey  (cost=0.00..30.96 rows=1053 width=0)
	              Index Cond: ((id >= 5853736) AND (id <= 5854735))

table 6 : explain SELECT c FROM sbtest6 WHERE id BETWEEN 8970226 AND 8971225 ORDER BY c
	Sort  (cost=4019.04..4021.60 rows=1025 width=121)
	  Sort Key: c
	  ->  Bitmap Heap Scan on sbtest6  (cost=30.94..3967.79 rows=1025 width=121)
	        Recheck Cond: ((id >= 8970226) AND (id <= 8971225))
	        ->  Bitmap Index Scan on sbtest6_pkey  (cost=0.00..30.68 rows=1025 width=0)
	              Index Cond: ((id >= 8970226) AND (id <= 8971225))

table 7 : explain SELECT c FROM sbtest7 WHERE id BETWEEN 5754573 AND 5755572 ORDER BY c
	Sort  (cost=3699.27..3701.63 rows=942 width=121)
	  Sort Key: c
	  ->  Bitmap Heap Scan on sbtest7  (cost=30.09..3652.74 rows=942 width=121)
	        Recheck Cond: ((id >= 5754573) AND (id <= 5755572))
	        ->  Bitmap Index Scan on sbtest7_pkey  (cost=0.00..29.86 rows=942 width=0)
	              Index Cond: ((id >= 5754573) AND (id <= 5755572))

table 8 : explain SELECT c FROM sbtest8 WHERE id BETWEEN 3406986 AND 3407985 ORDER BY c
	Sort  (cost=3908.54..3911.03 rows=996 width=121)
	  Sort Key: c
	  ->  Bitmap Heap Scan on sbtest8  (cost=30.64..3858.94 rows=996 width=121)
	        Recheck Cond: ((id >= 3406986) AND (id <= 3407985))
	        ->  Bitmap Index Scan on sbtest8_pkey  (cost=0.00..30.39 rows=996 width=0)
	              Index Cond: ((id >= 3406986) AND (id <= 3407985))

for point_selects
table 1 : explain SELECT c FROM sbtest1 WHERE id=8039636
	Index Scan using sbtest1_pkey on sbtest1  (cost=0.43..8.45 rows=1 width=121)
	  Index Cond: (id = 8039636)

table 2 : explain SELECT c FROM sbtest2 WHERE id=5484270
	Index Scan using sbtest2_pkey on sbtest2  (cost=0.43..8.45 rows=1 width=121)
	  Index Cond: (id = 5484270)

table 3 : explain SELECT c FROM sbtest3 WHERE id=9344314
	Index Scan using sbtest3_pkey on sbtest3  (cost=0.43..8.45 rows=1 width=121)
	  Index Cond: (id = 9344314)

table 4 : explain SELECT c FROM sbtest4 WHERE id=1574524
	Index Scan using sbtest4_pkey on sbtest4  (cost=0.43..8.45 rows=1 width=121)
	  Index Cond: (id = 1574524)

table 5 : explain SELECT c FROM sbtest5 WHERE id=6610486
	Index Scan using sbtest5_pkey on sbtest5  (cost=0.43..8.45 rows=1 width=121)
	  Index Cond: (id = 6610486)

table 6 : explain SELECT c FROM sbtest6 WHERE id=166843
	Index Scan using sbtest6_pkey on sbtest6  (cost=0.43..8.45 rows=1 width=121)
	  Index Cond: (id = 166843)

table 7 : explain SELECT c FROM sbtest7 WHERE id=2373592
	Index Scan using sbtest7_pkey on sbtest7  (cost=0.43..8.45 rows=1 width=121)
	  Index Cond: (id = 2373592)

table 8 : explain SELECT c FROM sbtest8 WHERE id=4528799
	Index Scan using sbtest8_pkey on sbtest8  (cost=0.43..8.45 rows=1 width=121)
	  Index Cond: (id = 4528799)
for: simple_ranges
table 1 : explain SELECT c FROM sbtest1 WHERE id BETWEEN 6089361 AND 6090360
	Bitmap Heap Scan on sbtest1  (cost=30.51..3811.11 rows=983 width=121)
	  Recheck Cond: ((id >= 6089361) AND (id <= 6090360))
	  ->  Bitmap Index Scan on sbtest1_pkey  (cost=0.00..30.26 rows=983 width=0)
	        Index Cond: ((id >= 6089361) AND (id <= 6090360))

table 2 : explain SELECT c FROM sbtest2 WHERE id BETWEEN 763793 AND 764792
	Bitmap Heap Scan on sbtest2  (cost=30.15..3677.41 rows=948 width=121)
	  Recheck Cond: ((id >= 763793) AND (id <= 764792))
	  ->  Bitmap Index Scan on sbtest2_pkey  (cost=0.00..29.91 rows=948 width=0)
	        Index Cond: ((id >= 763793) AND (id <= 764792))

table 3 : explain SELECT c FROM sbtest3 WHERE id BETWEEN 320983 AND 321982
	Bitmap Heap Scan on sbtest3  (cost=29.73..3520.90 rows=907 width=121)
	  Recheck Cond: ((id >= 320983) AND (id <= 321982))
	  ->  Bitmap Index Scan on sbtest3_pkey  (cost=0.00..29.50 rows=907 width=0)
	        Index Cond: ((id >= 320983) AND (id <= 321982))

table 4 : explain SELECT c FROM sbtest4 WHERE id BETWEEN 9125645 AND 9126644
	Bitmap Heap Scan on sbtest4  (cost=30.12..3666.02 rows=945 width=121)
	  Recheck Cond: ((id >= 9125645) AND (id <= 9126644))
	  ->  Bitmap Index Scan on sbtest4_pkey  (cost=0.00..29.89 rows=945 width=0)
	        Index Cond: ((id >= 9125645) AND (id <= 9126644))

table 5 : explain SELECT c FROM sbtest5 WHERE id BETWEEN 2660854 AND 2661853
	Bitmap Heap Scan on sbtest5  (cost=31.27..4088.91 rows=1057 width=121)
	  Recheck Cond: ((id >= 2660854) AND (id <= 2661853))
	  ->  Bitmap Index Scan on sbtest5_pkey  (cost=0.00..31.00 rows=1057 width=0)
	        Index Cond: ((id >= 2660854) AND (id <= 2661853))

table 6 : explain SELECT c FROM sbtest6 WHERE id BETWEEN 7464609 AND 7465608
	Bitmap Heap Scan on sbtest6  (cost=30.35..3748.94 rows=967 width=121)
	  Recheck Cond: ((id >= 7464609) AND (id <= 7465608))
	  ->  Bitmap Index Scan on sbtest6_pkey  (cost=0.00..30.11 rows=967 width=0)
	        Index Cond: ((id >= 7464609) AND (id <= 7465608))

table 7 : explain SELECT c FROM sbtest7 WHERE id BETWEEN 2311277 AND 2312276
	Bitmap Heap Scan on sbtest7  (cost=29.16..3308.44 rows=851 width=121)
	  Recheck Cond: ((id >= 2311277) AND (id <= 2312276))
	  ->  Bitmap Index Scan on sbtest7_pkey  (cost=0.00..28.94 rows=851 width=0)
	        Index Cond: ((id >= 2311277) AND (id <= 2312276))

table 8 : explain SELECT c FROM sbtest8 WHERE id BETWEEN 3888124 AND 3889123
	Bitmap Heap Scan on sbtest8  (cost=30.48..3798.54 rows=980 width=121)
	  Recheck Cond: ((id >= 3888124) AND (id <= 3889123))
	  ->  Bitmap Index Scan on sbtest8_pkey  (cost=0.00..30.23 rows=980 width=0)
	        Index Cond: ((id >= 3888124) AND (id <= 3889123))


for point_selects
table 1 : explain SELECT c FROM sbtest1 WHERE id=4224291
	Index Scan using sbtest1_pkey on sbtest1  (cost=0.43..8.45 rows=1 width=121)
	  Index Cond: (id = 4224291)

table 2 : explain SELECT c FROM sbtest2 WHERE id=8725820
	Index Scan using sbtest2_pkey on sbtest2  (cost=0.43..8.45 rows=1 width=121)
	  Index Cond: (id = 8725820)

table 3 : explain SELECT c FROM sbtest3 WHERE id=5409927
	Index Scan using sbtest3_pkey on sbtest3  (cost=0.43..8.45 rows=1 width=121)
	  Index Cond: (id = 5409927)

table 4 : explain SELECT c FROM sbtest4 WHERE id=2553978
	Index Scan using sbtest4_pkey on sbtest4  (cost=0.43..8.45 rows=1 width=121)
	  Index Cond: (id = 2553978)

table 5 : explain SELECT c FROM sbtest5 WHERE id=5033946
	Index Scan using sbtest5_pkey on sbtest5  (cost=0.43..8.45 rows=1 width=121)
	  Index Cond: (id = 5033946)

table 6 : explain SELECT c FROM sbtest6 WHERE id=3999858
	Index Scan using sbtest6_pkey on sbtest6  (cost=0.43..8.45 rows=1 width=121)
	  Index Cond: (id = 3999858)

table 7 : explain SELECT c FROM sbtest7 WHERE id=5263594
	Index Scan using sbtest7_pkey on sbtest7  (cost=0.43..8.45 rows=1 width=121)
	  Index Cond: (id = 5263594)

table 8 : explain SELECT c FROM sbtest8 WHERE id=1658703
	Index Scan using sbtest8_pkey on sbtest8  (cost=0.43..8.45 rows=1 width=121)
	  Index Cond: (id = 1658703)

for: order_ranges
table 1 : explain SELECT c FROM sbtest1 WHERE id BETWEEN 2238118 AND 2239117 ORDER BY c
	Sort  (cost=4181.66..4184.32 rows=1067 width=121)
	  Sort Key: c
	  ->  Bitmap Heap Scan on sbtest1  (cost=31.37..4127.99 rows=1067 width=121)
	        Recheck Cond: ((id >= 2238118) AND (id <= 2239117))
	        ->  Bitmap Index Scan on sbtest1_pkey  (cost=0.00..31.11 rows=1067 width=0)
	              Index Cond: ((id >= 2238118) AND (id <= 2239117))

table 2 : explain SELECT c FROM sbtest2 WHERE id BETWEEN 3328503 AND 3329502 ORDER BY c
	Sort  (cost=3781.82..3784.22 rows=963 width=121)
	  Sort Key: c
	  ->  Bitmap Heap Scan on sbtest2  (cost=30.31..3734.09 rows=963 width=121)
	        Recheck Cond: ((id >= 3328503) AND (id <= 3329502))
	        ->  Bitmap Index Scan on sbtest2_pkey  (cost=0.00..30.07 rows=963 width=0)
	              Index Cond: ((id >= 3328503) AND (id <= 3329502))

table 3 : explain SELECT c FROM sbtest3 WHERE id BETWEEN 3640680 AND 3641679 ORDER BY c
	Sort  (cost=3741.93..3744.31 rows=953 width=121)
	  Sort Key: c
	  ->  Bitmap Heap Scan on sbtest3  (cost=30.20..3694.77 rows=953 width=121)
	        Recheck Cond: ((id >= 3640680) AND (id <= 3641679))
	        ->  Bitmap Index Scan on sbtest3_pkey  (cost=0.00..29.96 rows=953 width=0)
	              Index Cond: ((id >= 3640680) AND (id <= 3641679))

table 4 : explain SELECT c FROM sbtest4 WHERE id BETWEEN 8053022 AND 8054021 ORDER BY c
	Sort  (cost=3754.92..3757.31 rows=956 width=121)
	  Sort Key: c
	  ->  Bitmap Heap Scan on sbtest4  (cost=30.23..3707.59 rows=956 width=121)
	        Recheck Cond: ((id >= 8053022) AND (id <= 8054021))
	        ->  Bitmap Index Scan on sbtest4_pkey  (cost=0.00..30.00 rows=956 width=0)
	              Index Cond: ((id >= 8053022) AND (id <= 8054021))

table 5 : explain SELECT c FROM sbtest5 WHERE id BETWEEN 6360053 AND 6361052 ORDER BY c
	Sort  (cost=3985.13..3987.67 rows=1016 width=121)
	  Sort Key: c
	  ->  Bitmap Heap Scan on sbtest5  (cost=30.85..3934.39 rows=1016 width=121)
	        Recheck Cond: ((id >= 6360053) AND (id <= 6361052))
	        ->  Bitmap Index Scan on sbtest5_pkey  (cost=0.00..30.59 rows=1016 width=0)
	              Index Cond: ((id >= 6360053) AND (id <= 6361052))

table 6 : explain SELECT c FROM sbtest6 WHERE id BETWEEN 3357174 AND 3358173 ORDER BY c
	Sort  (cost=4191.31..4193.98 rows=1069 width=121)
	  Sort Key: c
	  ->  Bitmap Heap Scan on sbtest6  (cost=35.39..4137.53 rows=1069 width=121)
	        Recheck Cond: ((id >= 3357174) AND (id <= 3358173))
	        ->  Bitmap Index Scan on sbtest6_pkey  (cost=0.00..35.12 rows=1069 width=0)
	              Index Cond: ((id >= 3357174) AND (id <= 3358173))

table 7 : explain SELECT c FROM sbtest7 WHERE id BETWEEN 1182871 AND 1183870 ORDER BY c
	Sort  (cost=3963.53..3966.05 rows=1011 width=121)
	  Sort Key: c
	  ->  Bitmap Heap Scan on sbtest7  (cost=30.80..3913.07 rows=1011 width=121)
	        Recheck Cond: ((id >= 1182871) AND (id <= 1183870))
	        ->  Bitmap Index Scan on sbtest7_pkey  (cost=0.00..30.54 rows=1011 width=0)
	              Index Cond: ((id >= 1182871) AND (id <= 1183870))

table 8 : explain SELECT c FROM sbtest8 WHERE id BETWEEN 7023888 AND 7024887 ORDER BY c
	Sort  (cost=3820.39..3822.82 rows=973 width=121)
	  Sort Key: c
	  ->  Bitmap Heap Scan on sbtest8  (cost=30.41..3772.10 rows=973 width=121)
	        Recheck Cond: ((id >= 7023888) AND (id <= 7024887))
	        ->  Bitmap Index Scan on sbtest8_pkey  (cost=0.00..30.16 rows=973 width=0)
	              Index Cond: ((id >= 7023888) AND (id <= 7024887))

for: distinct_ranges
table 1 : explain SELECT DISTINCT c FROM sbtest1 WHERE id BETWEEN 727099 AND 728098 ORDER BY c
	Unique  (cost=3944.30..3949.33 rows=1005 width=121)
	  ->  Sort  (cost=3944.30..3946.81 rows=1005 width=121)
	        Sort Key: c
	        ->  Bitmap Heap Scan on sbtest1  (cost=30.74..3894.19 rows=1005 width=121)
	              Recheck Cond: ((id >= 727099) AND (id <= 728098))
	              ->  Bitmap Index Scan on sbtest1_pkey  (cost=0.00..30.48 rows=1005 width=0)
	                    Index Cond: ((id >= 727099) AND (id <= 728098))

table 2 : explain SELECT DISTINCT c FROM sbtest2 WHERE id BETWEEN 9861729 AND 9862728 ORDER BY c
	Unique  (cost=3751.14..3755.91 rows=955 width=121)
	  ->  Sort  (cost=3751.14..3753.52 rows=955 width=121)
	        Sort Key: c
	        ->  Bitmap Heap Scan on sbtest2  (cost=30.22..3703.87 rows=955 width=121)
	              Recheck Cond: ((id >= 9861729) AND (id <= 9862728))
	              ->  Bitmap Index Scan on sbtest2_pkey  (cost=0.00..29.98 rows=955 width=0)
	                    Index Cond: ((id >= 9861729) AND (id <= 9862728))

table 3 : explain SELECT DISTINCT c FROM sbtest3 WHERE id BETWEEN 5373404 AND 5374403 ORDER BY c
	Unique  (cost=4029.09..4034.23 rows=1028 width=121)
	  ->  Sort  (cost=4029.09..4031.66 rows=1028 width=121)
	        Sort Key: c
	        ->  Bitmap Heap Scan on sbtest3  (cost=30.97..3977.66 rows=1028 width=121)
	              Recheck Cond: ((id >= 5373404) AND (id <= 5374403))
	              ->  Bitmap Index Scan on sbtest3_pkey  (cost=0.00..30.71 rows=1028 width=0)
	                    Index Cond: ((id >= 5373404) AND (id <= 5374403))

table 4 : explain SELECT DISTINCT c FROM sbtest4 WHERE id BETWEEN 6159921 AND 6160920 ORDER BY c
	Unique  (cost=3977.17..3982.24 rows=1014 width=121)
	  ->  Sort  (cost=3977.17..3979.70 rows=1014 width=121)
	        Sort Key: c
	        ->  Bitmap Heap Scan on sbtest4  (cost=30.83..3926.54 rows=1014 width=121)
	              Recheck Cond: ((id >= 6159921) AND (id <= 6160920))
	              ->  Bitmap Index Scan on sbtest4_pkey  (cost=0.00..30.57 rows=1014 width=0)
	                    Index Cond: ((id >= 6159921) AND (id <= 6160920))

table 5 : explain SELECT DISTINCT c FROM sbtest5 WHERE id BETWEEN 1189641 AND 1190640 ORDER BY c
	Unique  (cost=3935.35..3940.36 rows=1003 width=121)
	  ->  Sort  (cost=3935.35..3937.85 rows=1003 width=121)
	        Sort Key: c
	        ->  Bitmap Heap Scan on sbtest5  (cost=30.72..3885.35 rows=1003 width=121)
	              Recheck Cond: ((id >= 1189641) AND (id <= 1190640))
	              ->  Bitmap Index Scan on sbtest5_pkey  (cost=0.00..30.46 rows=1003 width=0)
	                    Index Cond: ((id >= 1189641) AND (id <= 1190640))

table 6 : explain SELECT DISTINCT c FROM sbtest6 WHERE id BETWEEN 2988221 AND 2989220 ORDER BY c
	Unique  (cost=3888.86..3893.82 rows=991 width=121)
	  ->  Sort  (cost=3888.86..3891.34 rows=991 width=121)
	        Sort Key: c
	        ->  Bitmap Heap Scan on sbtest6  (cost=30.59..3839.55 rows=991 width=121)
	              Recheck Cond: ((id >= 2988221) AND (id <= 2989220))
	              ->  Bitmap Index Scan on sbtest6_pkey  (cost=0.00..30.34 rows=991 width=0)
	                    Index Cond: ((id >= 2988221) AND (id <= 2989220))

table 7 : explain SELECT DISTINCT c FROM sbtest7 WHERE id BETWEEN 651792 AND 652791 ORDER BY c
	Unique  (cost=4062.95..4068.14 rows=1037 width=121)
	  ->  Sort  (cost=4062.95..4065.54 rows=1037 width=121)
	        Sort Key: c
	        ->  Bitmap Heap Scan on sbtest7  (cost=31.06..4011.01 rows=1037 width=121)
	              Recheck Cond: ((id >= 651792) AND (id <= 652791))
	              ->  Bitmap Index Scan on sbtest7_pkey  (cost=0.00..30.80 rows=1037 width=0)
	                    Index Cond: ((id >= 651792) AND (id <= 652791))

table 8 : explain SELECT DISTINCT c FROM sbtest8 WHERE id BETWEEN 6210084 AND 6211083 ORDER BY c
	Unique  (cost=3835.73..3840.61 rows=977 width=121)
	  ->  Sort  (cost=3835.73..3838.17 rows=977 width=121)
	        Sort Key: c
	        ->  Bitmap Heap Scan on sbtest8  (cost=30.45..3787.21 rows=977 width=121)
	              Recheck Cond: ((id >= 6210084) AND (id <= 6211083))
	              ->  Bitmap Index Scan on sbtest8_pkey  (cost=0.00..30.20 rows=977 width=0)
	                    Index Cond: ((id >= 6210084) AND (id <= 6211083))

for point_selects
table 1 : explain SELECT c FROM sbtest1 WHERE id=1421651
	Index Scan using sbtest1_pkey on sbtest1  (cost=0.43..8.45 rows=1 width=121)
	  Index Cond: (id = 1421651)

table 2 : explain SELECT c FROM sbtest2 WHERE id=8085218
	Index Scan using sbtest2_pkey on sbtest2  (cost=0.43..8.45 rows=1 width=121)
	  Index Cond: (id = 8085218)

table 3 : explain SELECT c FROM sbtest3 WHERE id=3894387
	Index Scan using sbtest3_pkey on sbtest3  (cost=0.43..8.45 rows=1 width=121)
	  Index Cond: (id = 3894387)

table 4 : explain SELECT c FROM sbtest4 WHERE id=6083483
	Index Scan using sbtest4_pkey on sbtest4  (cost=0.43..8.45 rows=1 width=121)
	  Index Cond: (id = 6083483)

table 5 : explain SELECT c FROM sbtest5 WHERE id=8831528
	Index Scan using sbtest5_pkey on sbtest5  (cost=0.43..8.45 rows=1 width=121)
	  Index Cond: (id = 8831528)

table 6 : explain SELECT c FROM sbtest6 WHERE id=8930446
	Index Scan using sbtest6_pkey on sbtest6  (cost=0.43..8.45 rows=1 width=121)
	  Index Cond: (id = 8930446)

table 7 : explain SELECT c FROM sbtest7 WHERE id=400345
	Index Scan using sbtest7_pkey on sbtest7  (cost=0.43..8.45 rows=1 width=121)
	  Index Cond: (id = 400345)

table 8 : explain SELECT c FROM sbtest8 WHERE id=3603080
	Index Scan using sbtest8_pkey on sbtest8  (cost=0.43..8.45 rows=1 width=121)
	  Index Cond: (id = 3603080)

for: order_ranges
table 1 : explain SELECT c FROM sbtest1 WHERE id BETWEEN 4075552 AND 4076551 ORDER BY c
	Sort  (cost=3683.46..3685.80 rows=937 width=121)
	  Sort Key: c
	  ->  Bitmap Heap Scan on sbtest1  (cost=30.04..3637.21 rows=937 width=121)
	        Recheck Cond: ((id >= 4075552) AND (id <= 4076551))
	        ->  Bitmap Index Scan on sbtest1_pkey  (cost=0.00..29.80 rows=937 width=0)
	              Index Cond: ((id >= 4075552) AND (id <= 4076551))

table 2 : explain SELECT c FROM sbtest2 WHERE id BETWEEN 9069713 AND 9070712 ORDER BY c
	Sort  (cost=3624.49..3626.80 rows=922 width=121)
	  Sort Key: c
	  ->  Bitmap Heap Scan on sbtest2  (cost=29.89..3579.09 rows=922 width=121)
	        Recheck Cond: ((id >= 9069713) AND (id <= 9070712))
	        ->  Bitmap Index Scan on sbtest2_pkey  (cost=0.00..29.65 rows=922 width=0)
	              Index Cond: ((id >= 9069713) AND (id <= 9070712))

table 3 : explain SELECT c FROM sbtest3 WHERE id BETWEEN 7070785 AND 7071784 ORDER BY c
	Sort  (cost=3964.06..3966.59 rows=1011 width=121)
	  Sort Key: c
	  ->  Bitmap Heap Scan on sbtest3  (cost=30.80..3913.60 rows=1011 width=121)
	        Recheck Cond: ((id >= 7070785) AND (id <= 7071784))
	        ->  Bitmap Index Scan on sbtest3_pkey  (cost=0.00..30.54 rows=1011 width=0)
	              Index Cond: ((id >= 7070785) AND (id <= 7071784))

table 4 : explain SELECT c FROM sbtest4 WHERE id BETWEEN 7181121 AND 7182120 ORDER BY c
	Sort  (cost=3843.10..3845.55 rows=979 width=121)
	  Sort Key: c
	  ->  Bitmap Heap Scan on sbtest4  (cost=30.47..3794.47 rows=979 width=121)
	        Recheck Cond: ((id >= 7181121) AND (id <= 7182120))
	        ->  Bitmap Index Scan on sbtest4_pkey  (cost=0.00..30.22 rows=979 width=0)
	              Index Cond: ((id >= 7181121) AND (id <= 7182120))

table 5 : explain SELECT c FROM sbtest5 WHERE id BETWEEN 6108507 AND 6109506 ORDER BY c
	Sort  (cost=3904.70..3907.19 rows=995 width=121)
	  Sort Key: c
	  ->  Bitmap Heap Scan on sbtest5  (cost=30.63..3855.16 rows=995 width=121)
	        Recheck Cond: ((id >= 6108507) AND (id <= 6109506))
	        ->  Bitmap Index Scan on sbtest5_pkey  (cost=0.00..30.39 rows=995 width=0)
	              Index Cond: ((id >= 6108507) AND (id <= 6109506))

table 6 : explain SELECT c FROM sbtest6 WHERE id BETWEEN 4836684 AND 4837683 ORDER BY c
	Sort  (cost=3497.48..3499.71 rows=889 width=121)
	  Sort Key: c
	  ->  Bitmap Heap Scan on sbtest6  (cost=29.55..3453.94 rows=889 width=121)
	        Recheck Cond: ((id >= 4836684) AND (id <= 4837683))
	        ->  Bitmap Index Scan on sbtest6_pkey  (cost=0.00..29.32 rows=889 width=0)
	              Index Cond: ((id >= 4836684) AND (id <= 4837683))

table 7 : explain SELECT c FROM sbtest7 WHERE id BETWEEN 9510878 AND 9511877 ORDER BY c
	Sort  (cost=4173.93..4176.60 rows=1065 width=121)
	  Sort Key: c
	  ->  Bitmap Heap Scan on sbtest7  (cost=35.35..4120.38 rows=1065 width=121)
	        Recheck Cond: ((id >= 9510878) AND (id <= 9511877))
	        ->  Bitmap Index Scan on sbtest7_pkey  (cost=0.00..35.09 rows=1065 width=0)
	              Index Cond: ((id >= 9510878) AND (id <= 9511877))

table 8 : explain SELECT c FROM sbtest8 WHERE id BETWEEN 266356 AND 267355 ORDER BY c
	Sort  (cost=4436.38..4439.21 rows=1134 width=121)
	  Sort Key: c
	  ->  Bitmap Heap Scan on sbtest8  (cost=36.06..4378.84 rows=1134 width=121)
	        Recheck Cond: ((id >= 266356) AND (id <= 267355))
	        ->  Bitmap Index Scan on sbtest8_pkey  (cost=0.00..35.78 rows=1134 width=0)
	              Index Cond: ((id >= 266356) AND (id <= 267355))

for point_selects
table 1 : explain SELECT c FROM sbtest1 WHERE id=9114729
	Index Scan using sbtest1_pkey on sbtest1  (cost=0.43..8.45 rows=1 width=121)
	  Index Cond: (id = 9114729)

table 2 : explain SELECT c FROM sbtest2 WHERE id=7586466
	Index Scan using sbtest2_pkey on sbtest2  (cost=0.43..8.45 rows=1 width=121)
	  Index Cond: (id = 7586466)

table 3 : explain SELECT c FROM sbtest3 WHERE id=3348059
	Index Scan using sbtest3_pkey on sbtest3  (cost=0.43..8.45 rows=1 width=121)
	  Index Cond: (id = 3348059)

table 4 : explain SELECT c FROM sbtest4 WHERE id=9562182
	Index Scan using sbtest4_pkey on sbtest4  (cost=0.43..8.45 rows=1 width=121)
	  Index Cond: (id = 9562182)

table 5 : explain SELECT c FROM sbtest5 WHERE id=9365036
	Index Scan using sbtest5_pkey on sbtest5  (cost=0.43..8.45 rows=1 width=121)
	  Index Cond: (id = 9365036)

table 6 : explain SELECT c FROM sbtest6 WHERE id=2948854
	Index Scan using sbtest6_pkey on sbtest6  (cost=0.43..8.45 rows=1 width=121)
	  Index Cond: (id = 2948854)

table 7 : explain SELECT c FROM sbtest7 WHERE id=929891
	Index Scan using sbtest7_pkey on sbtest7  (cost=0.43..8.45 rows=1 width=121)
	  Index Cond: (id = 929891)

table 8 : explain SELECT c FROM sbtest8 WHERE id=3796588
	Index Scan using sbtest8_pkey on sbtest8  (cost=0.43..8.45 rows=1 width=121)
	  Index Cond: (id = 3796588)

for: distinct_ranges
table 1 : explain SELECT DISTINCT c FROM sbtest1 WHERE id BETWEEN 7171036 AND 7172035 ORDER BY c
	Unique  (cost=4120.45..4125.70 rows=1051 width=121)
	  ->  Sort  (cost=4120.45..4123.07 rows=1051 width=121)
	        Sort Key: c
	        ->  Bitmap Heap Scan on sbtest1  (cost=31.21..4067.70 rows=1051 width=121)
	              Recheck Cond: ((id >= 7171036) AND (id <= 7172035))
	              ->  Bitmap Index Scan on sbtest1_pkey  (cost=0.00..30.94 rows=1051 width=0)
	                    Index Cond: ((id >= 7171036) AND (id <= 7172035))

table 2 : explain SELECT DISTINCT c FROM sbtest2 WHERE id BETWEEN 8698305 AND 8699304 ORDER BY c
	Unique  (cost=4049.95..4055.11 rows=1033 width=121)
	  ->  Sort  (cost=4049.95..4052.53 rows=1033 width=121)
	        Sort Key: c
	        ->  Bitmap Heap Scan on sbtest2  (cost=31.02..3998.23 rows=1033 width=121)
	              Recheck Cond: ((id >= 8698305) AND (id <= 8699304))
	              ->  Bitmap Index Scan on sbtest2_pkey  (cost=0.00..30.76 rows=1033 width=0)
	                    Index Cond: ((id >= 8698305) AND (id <= 8699304))

table 3 : explain SELECT DISTINCT c FROM sbtest3 WHERE id BETWEEN 1674099 AND 1675098 ORDER BY c
	Unique  (cost=4048.21..4053.38 rows=1033 width=121)
	  ->  Sort  (cost=4048.21..4050.79 rows=1033 width=121)
	        Sort Key: c
	        ->  Bitmap Heap Scan on sbtest3  (cost=31.02..3996.50 rows=1033 width=121)
	              Recheck Cond: ((id >= 1674099) AND (id <= 1675098))
	              ->  Bitmap Index Scan on sbtest3_pkey  (cost=0.00..30.76 rows=1033 width=0)
	                    Index Cond: ((id >= 1674099) AND (id <= 1675098))

table 4 : explain SELECT DISTINCT c FROM sbtest4 WHERE id BETWEEN 7231272 AND 7232271 ORDER BY c
	Unique  (cost=3800.93..3805.77 rows=968 width=121)
	  ->  Sort  (cost=3800.93..3803.35 rows=968 width=121)
	        Sort Key: c
	        ->  Bitmap Heap Scan on sbtest4  (cost=30.36..3752.92 rows=968 width=121)
	              Recheck Cond: ((id >= 7231272) AND (id <= 7232271))
	              ->  Bitmap Index Scan on sbtest4_pkey  (cost=0.00..30.11 rows=968 width=0)
	                    Index Cond: ((id >= 7231272) AND (id <= 7232271))

table 5 : explain SELECT DISTINCT c FROM sbtest5 WHERE id BETWEEN 3540124 AND 3541123 ORDER BY c
	Unique  (cost=3931.52..3936.53 rows=1002 width=121)
	  ->  Sort  (cost=3931.52..3934.02 rows=1002 width=121)
	        Sort Key: c
	        ->  Bitmap Heap Scan on sbtest5  (cost=30.71..3881.57 rows=1002 width=121)
	              Recheck Cond: ((id >= 3540124) AND (id <= 3541123))
	              ->  Bitmap Index Scan on sbtest5_pkey  (cost=0.00..30.45 rows=1002 width=0)
	                    Index Cond: ((id >= 3540124) AND (id <= 3541123))

table 6 : explain SELECT DISTINCT c FROM sbtest6 WHERE id BETWEEN 5654873 AND 5655872 ORDER BY c
	Unique  (cost=3984.60..3989.68 rows=1016 width=121)
	  ->  Sort  (cost=3984.60..3987.14 rows=1016 width=121)
	        Sort Key: c
	        ->  Bitmap Heap Scan on sbtest6  (cost=30.85..3933.85 rows=1016 width=121)
	              Recheck Cond: ((id >= 5654873) AND (id <= 5655872))
	              ->  Bitmap Index Scan on sbtest6_pkey  (cost=0.00..30.59 rows=1016 width=0)
	                    Index Cond: ((id >= 5654873) AND (id <= 5655872))

table 7 : explain SELECT DISTINCT c FROM sbtest7 WHERE id BETWEEN 9536608 AND 9537607 ORDER BY c
	Unique  (cost=4173.93..4179.26 rows=1065 width=121)
	  ->  Sort  (cost=4173.93..4176.60 rows=1065 width=121)
	        Sort Key: c
	        ->  Bitmap Heap Scan on sbtest7  (cost=35.35..4120.38 rows=1065 width=121)
	              Recheck Cond: ((id >= 9536608) AND (id <= 9537607))
	              ->  Bitmap Index Scan on sbtest7_pkey  (cost=0.00..35.09 rows=1065 width=0)
	                    Index Cond: ((id >= 9536608) AND (id <= 9537607))

table 8 : explain SELECT DISTINCT c FROM sbtest8 WHERE id BETWEEN 4403056 AND 4404055 ORDER BY c
	Unique  (cost=4004.28..4009.38 rows=1021 width=121)
	  ->  Sort  (cost=4004.28..4006.83 rows=1021 width=121)
	        Sort Key: c
	        ->  Bitmap Heap Scan on sbtest8  (cost=30.90..3953.25 rows=1021 width=121)
	              Recheck Cond: ((id >= 4403056) AND (id <= 4404055))
	              ->  Bitmap Index Scan on sbtest8_pkey  (cost=0.00..30.64 rows=1021 width=0)
	                    Index Cond: ((id >= 4403056) AND (id <= 4404055))

for: order_ranges
table 1 : explain SELECT c FROM sbtest1 WHERE id BETWEEN 1612292 AND 1613291 ORDER BY c
	Sort  (cost=3986.45..3988.99 rows=1016 width=121)
	  Sort Key: c
	  ->  Bitmap Heap Scan on sbtest1  (cost=30.85..3935.70 rows=1016 width=121)
	        Recheck Cond: ((id >= 1612292) AND (id <= 1613291))
	        ->  Bitmap Index Scan on sbtest1_pkey  (cost=0.00..30.59 rows=1016 width=0)
	              Index Cond: ((id >= 1612292) AND (id <= 1613291))

table 2 : explain SELECT c FROM sbtest2 WHERE id BETWEEN 9426945 AND 9427944 ORDER BY c
	Sort  (cost=3908.29..3910.78 rows=996 width=121)
	  Sort Key: c
	  ->  Bitmap Heap Scan on sbtest2  (cost=30.64..3858.69 rows=996 width=121)
	        Recheck Cond: ((id >= 9426945) AND (id <= 9427944))
	        ->  Bitmap Index Scan on sbtest2_pkey  (cost=0.00..30.39 rows=996 width=0)
	              Index Cond: ((id >= 9426945) AND (id <= 9427944))

table 3 : explain SELECT c FROM sbtest3 WHERE id BETWEEN 1994489 AND 1995488 ORDER BY c
	Sort  (cost=4185.79..4188.46 rows=1069 width=121)
	  Sort Key: c
	  ->  Bitmap Heap Scan on sbtest3  (cost=31.39..4132.01 rows=1069 width=121)
	        Recheck Cond: ((id >= 1994489) AND (id <= 1995488))
	        ->  Bitmap Index Scan on sbtest3_pkey  (cost=0.00..31.12 rows=1069 width=0)
	              Index Cond: ((id >= 1994489) AND (id <= 1995488))

table 4 : explain SELECT c FROM sbtest4 WHERE id BETWEEN 4877550 AND 4878549 ORDER BY c
	Sort  (cost=3977.17..3979.70 rows=1014 width=121)
	  Sort Key: c
	  ->  Bitmap Heap Scan on sbtest4  (cost=30.83..3926.54 rows=1014 width=121)
	        Recheck Cond: ((id >= 4877550) AND (id <= 4878549))
	        ->  Bitmap Index Scan on sbtest4_pkey  (cost=0.00..30.57 rows=1014 width=0)
	              Index Cond: ((id >= 4877550) AND (id <= 4878549))

table 5 : explain SELECT c FROM sbtest5 WHERE id BETWEEN 43076 AND 44075 ORDER BY c
	Sort  (cost=4119.06..4121.69 rows=1051 width=121)
	  Sort Key: c
	  ->  Bitmap Heap Scan on sbtest5  (cost=31.21..4066.31 rows=1051 width=121)
	        Recheck Cond: ((id >= 43076) AND (id <= 44075))
	        ->  Bitmap Index Scan on sbtest5_pkey  (cost=0.00..30.94 rows=1051 width=0)
	              Index Cond: ((id >= 43076) AND (id <= 44075))

table 6 : explain SELECT c FROM sbtest6 WHERE id BETWEEN 6860144 AND 6861143 ORDER BY c
	Sort  (cost=3992.25..3994.80 rows=1018 width=121)
	  Sort Key: c
	  ->  Bitmap Heap Scan on sbtest6  (cost=30.87..3941.39 rows=1018 width=121)
	        Recheck Cond: ((id >= 6860144) AND (id <= 6861143))
	        ->  Bitmap Index Scan on sbtest6_pkey  (cost=0.00..30.61 rows=1018 width=0)
	              Index Cond: ((id >= 6860144) AND (id <= 6861143))

table 7 : explain SELECT c FROM sbtest7 WHERE id BETWEEN 4756621 AND 4757620 ORDER BY c
	Sort  (cost=3909.96..3912.45 rows=997 width=121)
	  Sort Key: c
	  ->  Bitmap Heap Scan on sbtest7  (cost=30.65..3860.30 rows=997 width=121)
	        Recheck Cond: ((id >= 4756621) AND (id <= 4757620))
	        ->  Bitmap Index Scan on sbtest7_pkey  (cost=0.00..30.40 rows=997 width=0)
	              Index Cond: ((id >= 4756621) AND (id <= 4757620))

table 8 : explain SELECT c FROM sbtest8 WHERE id BETWEEN 4911654 AND 4912653 ORDER BY c
	Sort  (cost=4306.51..4309.26 rows=1099 width=121)
	  Sort Key: c
	  ->  Bitmap Heap Scan on sbtest8  (cost=35.70..4251.00 rows=1099 width=121)
	        Recheck Cond: ((id >= 4911654) AND (id <= 4912653))
	        ->  Bitmap Index Scan on sbtest8_pkey  (cost=0.00..35.43 rows=1099 width=0)
	              Index Cond: ((id >= 4911654) AND (id <= 4912653))

for: distinct_ranges
table 1 : explain SELECT DISTINCT c FROM sbtest1 WHERE id BETWEEN 6957015 AND 6958014 ORDER BY c
	Unique  (cost=3909.81..3914.79 rows=996 width=121)
	  ->  Sort  (cost=3909.81..3912.30 rows=996 width=121)
	        Sort Key: c
	        ->  Bitmap Heap Scan on sbtest1  (cost=30.64..3860.21 rows=996 width=121)
	              Recheck Cond: ((id >= 6957015) AND (id <= 6958014))
	              ->  Bitmap Index Scan on sbtest1_pkey  (cost=0.00..30.39 rows=996 width=0)
	                    Index Cond: ((id >= 6957015) AND (id <= 6958014))

table 2 : explain SELECT DISTINCT c FROM sbtest2 WHERE id BETWEEN 9156493 AND 9157492 ORDER BY c
	Unique  (cost=3754.97..3759.75 rows=956 width=121)
	  ->  Sort  (cost=3754.97..3757.36 rows=956 width=121)
	        Sort Key: c
	        ->  Bitmap Heap Scan on sbtest2  (cost=30.23..3707.64 rows=956 width=121)
	              Recheck Cond: ((id >= 9156493) AND (id <= 9157492))
	              ->  Bitmap Index Scan on sbtest2_pkey  (cost=0.00..30.00 rows=956 width=0)
	                    Index Cond: ((id >= 9156493) AND (id <= 9157492))

table 3 : explain SELECT DISTINCT c FROM sbtest3 WHERE id BETWEEN 1895164 AND 1896163 ORDER BY c
	Unique  (cost=3883.68..3888.63 rows=990 width=121)
	  ->  Sort  (cost=3883.68..3886.15 rows=990 width=121)
	        Sort Key: c
	        ->  Bitmap Heap Scan on sbtest3  (cost=30.58..3834.42 rows=990 width=121)
	              Recheck Cond: ((id >= 1895164) AND (id <= 1896163))
	              ->  Bitmap Index Scan on sbtest3_pkey  (cost=0.00..30.33 rows=990 width=0)
	                    Index Cond: ((id >= 1895164) AND (id <= 1896163))

table 4 : explain SELECT DISTINCT c FROM sbtest4 WHERE id BETWEEN 772071 AND 773070 ORDER BY c
	Unique  (cost=4080.49..4085.70 rows=1041 width=121)
	  ->  Sort  (cost=4080.49..4083.09 rows=1041 width=121)
	        Sort Key: c
	        ->  Bitmap Heap Scan on sbtest4  (cost=31.11..4028.32 rows=1041 width=121)
	              Recheck Cond: ((id >= 772071) AND (id <= 773070))
	              ->  Bitmap Index Scan on sbtest4_pkey  (cost=0.00..30.84 rows=1041 width=0)
	                    Index Cond: ((id >= 772071) AND (id <= 773070))

table 5 : explain SELECT DISTINCT c FROM sbtest5 WHERE id BETWEEN 214324 AND 215323 ORDER BY c
	Unique  (cost=4038.72..4043.87 rows=1030 width=121)
	  ->  Sort  (cost=4038.72..4041.29 rows=1030 width=121)
	        Sort Key: c
	        ->  Bitmap Heap Scan on sbtest5  (cost=30.99..3987.18 rows=1030 width=121)
	              Recheck Cond: ((id >= 214324) AND (id <= 215323))
	              ->  Bitmap Index Scan on sbtest5_pkey  (cost=0.00..30.73 rows=1030 width=0)
	                    Index Cond: ((id >= 214324) AND (id <= 215323))

table 6 : explain SELECT DISTINCT c FROM sbtest6 WHERE id BETWEEN 5599626 AND 5600625 ORDER BY c
	Unique  (cost=4076.43..4081.63 rows=1040 width=121)
	  ->  Sort  (cost=4076.43..4079.03 rows=1040 width=121)
	        Sort Key: c
	        ->  Bitmap Heap Scan on sbtest6  (cost=31.09..4024.31 rows=1040 width=121)
	              Recheck Cond: ((id >= 5599626) AND (id <= 5600625))
	              ->  Bitmap Index Scan on sbtest6_pkey  (cost=0.00..30.83 rows=1040 width=0)
	                    Index Cond: ((id >= 5599626) AND (id <= 5600625))

table 7 : explain SELECT DISTINCT c FROM sbtest7 WHERE id BETWEEN 3676144 AND 3677143 ORDER BY c
	Unique  (cost=4181.57..4186.91 rows=1067 width=121)
	  ->  Sort  (cost=4181.57..4184.24 rows=1067 width=121)
	        Sort Key: c
	        ->  Bitmap Heap Scan on sbtest7  (cost=35.37..4127.91 rows=1067 width=121)
	              Recheck Cond: ((id >= 3676144) AND (id <= 3677143))
	              ->  Bitmap Index Scan on sbtest7_pkey  (cost=0.00..35.11 rows=1067 width=0)
	                    Index Cond: ((id >= 3676144) AND (id <= 3677143))

table 8 : explain SELECT DISTINCT c FROM sbtest8 WHERE id BETWEEN 5414584 AND 5415583 ORDER BY c
	Unique  (cost=4084.81..4090.02 rows=1041 width=121)
	  ->  Sort  (cost=4084.81..4087.42 rows=1041 width=121)
	        Sort Key: c
	        ->  Bitmap Heap Scan on sbtest8  (cost=35.11..4032.64 rows=1041 width=121)
	              Recheck Cond: ((id >= 5414584) AND (id <= 5415583))
	              ->  Bitmap Index Scan on sbtest8_pkey  (cost=0.00..34.84 rows=1041 width=0)
	                    Index Cond: ((id >= 5414584) AND (id <= 5415583))

for: distinct_ranges
table 1 : explain SELECT DISTINCT c FROM sbtest1 WHERE id BETWEEN 7277478 AND 7278477 ORDER BY c
	Unique  (cost=3760.23..3765.02 rows=957 width=121)
	  ->  Sort  (cost=3760.23..3762.63 rows=957 width=121)
	        Sort Key: c
	        ->  Bitmap Heap Scan on sbtest1  (cost=30.24..3712.85 rows=957 width=121)
	              Recheck Cond: ((id >= 7277478) AND (id <= 7278477))
	              ->  Bitmap Index Scan on sbtest1_pkey  (cost=0.00..30.00 rows=957 width=0)
	                    Index Cond: ((id >= 7277478) AND (id <= 7278477))

table 2 : explain SELECT DISTINCT c FROM sbtest2 WHERE id BETWEEN 1754615 AND 1755614 ORDER BY c
	Unique  (cost=4302.41..4307.90 rows=1098 width=121)
	  ->  Sort  (cost=4302.41..4305.16 rows=1098 width=121)
	        Sort Key: c
	        ->  Bitmap Heap Scan on sbtest2  (cost=35.69..4246.96 rows=1098 width=121)
	              Recheck Cond: ((id >= 1754615) AND (id <= 1755614))
	              ->  Bitmap Index Scan on sbtest2_pkey  (cost=0.00..35.42 rows=1098 width=0)
	                    Index Cond: ((id >= 1754615) AND (id <= 1755614))

table 3 : explain SELECT DISTINCT c FROM sbtest3 WHERE id BETWEEN 6035973 AND 6036972 ORDER BY c
	Unique  (cost=4422.65..4428.31 rows=1131 width=121)
	  ->  Sort  (cost=4422.65..4425.48 rows=1131 width=121)
	        Sort Key: c
	        ->  Bitmap Heap Scan on sbtest3  (cost=36.03..4365.29 rows=1131 width=121)
	              Recheck Cond: ((id >= 6035973) AND (id <= 6036972))
	              ->  Bitmap Index Scan on sbtest3_pkey  (cost=0.00..35.75 rows=1131 width=0)
	                    Index Cond: ((id >= 6035973) AND (id <= 6036972))

table 4 : explain SELECT DISTINCT c FROM sbtest4 WHERE id BETWEEN 8962421 AND 8963420 ORDER BY c
	Unique  (cost=4103.44..4108.68 rows=1047 width=121)
	  ->  Sort  (cost=4103.44..4106.06 rows=1047 width=121)
	        Sort Key: c
	        ->  Bitmap Heap Scan on sbtest4  (cost=31.17..4050.92 rows=1047 width=121)
	              Recheck Cond: ((id >= 8962421) AND (id <= 8963420))
	              ->  Bitmap Index Scan on sbtest4_pkey  (cost=0.00..30.90 rows=1047 width=0)
	                    Index Cond: ((id >= 8962421) AND (id <= 8963420))

table 5 : explain SELECT DISTINCT c FROM sbtest5 WHERE id BETWEEN 2715559 AND 2716558 ORDER BY c
	Unique  (cost=3828.06..3832.93 rows=975 width=121)
	  ->  Sort  (cost=3828.06..3830.49 rows=975 width=121)
	        Sort Key: c
	        ->  Bitmap Heap Scan on sbtest5  (cost=30.43..3779.65 rows=975 width=121)
	              Recheck Cond: ((id >= 2715559) AND (id <= 2716558))
	              ->  Bitmap Index Scan on sbtest5_pkey  (cost=0.00..30.18 rows=975 width=0)
	                    Index Cond: ((id >= 2715559) AND (id <= 2716558))

table 6 : explain SELECT DISTINCT c FROM sbtest6 WHERE id BETWEEN 7115465 AND 7116464 ORDER BY c
	Unique  (cost=3846.72..3851.62 rows=980 width=121)
	  ->  Sort  (cost=3846.72..3849.17 rows=980 width=121)
	        Sort Key: c
	        ->  Bitmap Heap Scan on sbtest6  (cost=30.48..3798.03 rows=980 width=121)
	              Recheck Cond: ((id >= 7115465) AND (id <= 7116464))
	              ->  Bitmap Index Scan on sbtest6_pkey  (cost=0.00..30.23 rows=980 width=0)
	                    Index Cond: ((id >= 7115465) AND (id <= 7116464))

table 7 : explain SELECT DISTINCT c FROM sbtest7 WHERE id BETWEEN 6821547 AND 6822546 ORDER BY c
	Unique  (cost=4032.37..4037.51 rows=1029 width=121)
	  ->  Sort  (cost=4032.37..4034.94 rows=1029 width=121)
	        Sort Key: c
	        ->  Bitmap Heap Scan on sbtest7  (cost=30.98..3980.88 rows=1029 width=121)
	              Recheck Cond: ((id >= 6821547) AND (id <= 6822546))
	              ->  Bitmap Index Scan on sbtest7_pkey  (cost=0.00..30.72 rows=1029 width=0)
	                    Index Cond: ((id >= 6821547) AND (id <= 6822546))

table 8 : explain SELECT DISTINCT c FROM sbtest8 WHERE id BETWEEN 9437945 AND 9438944 ORDER BY c
	Unique  (cost=3586.30..3590.86 rows=912 width=121)
	  ->  Sort  (cost=3586.30..3588.58 rows=912 width=121)
	        Sort Key: c
	        ->  Bitmap Heap Scan on sbtest8  (cost=29.78..3541.47 rows=912 width=121)
	              Recheck Cond: ((id >= 9437945) AND (id <= 9438944))
	              ->  Bitmap Index Scan on sbtest8_pkey  (cost=0.00..29.55 rows=912 width=0)
	                    Index Cond: ((id >= 9437945) AND (id <= 9438944))

for point_selects
table 1 : explain SELECT c FROM sbtest1 WHERE id=2228494
	Index Scan using sbtest1_pkey on sbtest1  (cost=0.43..8.45 rows=1 width=121)
	  Index Cond: (id = 2228494)

table 2 : explain SELECT c FROM sbtest2 WHERE id=5573653
	Index Scan using sbtest2_pkey on sbtest2  (cost=0.43..8.45 rows=1 width=121)
	  Index Cond: (id = 5573653)

table 3 : explain SELECT c FROM sbtest3 WHERE id=5758815
	Index Scan using sbtest3_pkey on sbtest3  (cost=0.43..8.45 rows=1 width=121)
	  Index Cond: (id = 5758815)

table 4 : explain SELECT c FROM sbtest4 WHERE id=4000193
	Index Scan using sbtest4_pkey on sbtest4  (cost=0.43..8.45 rows=1 width=121)
	  Index Cond: (id = 4000193)

table 5 : explain SELECT c FROM sbtest5 WHERE id=2658563
	Index Scan using sbtest5_pkey on sbtest5  (cost=0.43..8.45 rows=1 width=121)
	  Index Cond: (id = 2658563)

table 6 : explain SELECT c FROM sbtest6 WHERE id=6776439
	Index Scan using sbtest6_pkey on sbtest6  (cost=0.43..8.45 rows=1 width=121)
	  Index Cond: (id = 6776439)

table 7 : explain SELECT c FROM sbtest7 WHERE id=5821340
	Index Scan using sbtest7_pkey on sbtest7  (cost=0.43..8.45 rows=1 width=121)
	  Index Cond: (id = 5821340)

table 8 : explain SELECT c FROM sbtest8 WHERE id=343021
	Index Scan using sbtest8_pkey on sbtest8  (cost=0.43..8.45 rows=1 width=121)
	  Index Cond: (id = 343021)

for point_selects
table 1 : explain SELECT c FROM sbtest1 WHERE id=2329906
	Index Scan using sbtest1_pkey on sbtest1  (cost=0.43..8.45 rows=1 width=121)
	  Index Cond: (id = 2329906)

table 2 : explain SELECT c FROM sbtest2 WHERE id=1456409
	Index Scan using sbtest2_pkey on sbtest2  (cost=0.43..8.45 rows=1 width=121)
	  Index Cond: (id = 1456409)

table 3 : explain SELECT c FROM sbtest3 WHERE id=7053636
	Index Scan using sbtest3_pkey on sbtest3  (cost=0.43..8.45 rows=1 width=121)
	  Index Cond: (id = 7053636)

table 4 : explain SELECT c FROM sbtest4 WHERE id=2721740
	Index Scan using sbtest4_pkey on sbtest4  (cost=0.43..8.45 rows=1 width=121)
	  Index Cond: (id = 2721740)

table 5 : explain SELECT c FROM sbtest5 WHERE id=8423451
	Index Scan using sbtest5_pkey on sbtest5  (cost=0.43..8.45 rows=1 width=121)
	  Index Cond: (id = 8423451)

table 6 : explain SELECT c FROM sbtest6 WHERE id=5454879
	Index Scan using sbtest6_pkey on sbtest6  (cost=0.43..8.45 rows=1 width=121)
	  Index Cond: (id = 5454879)

table 7 : explain SELECT c FROM sbtest7 WHERE id=9443313
	Index Scan using sbtest7_pkey on sbtest7  (cost=0.43..8.45 rows=1 width=121)
	  Index Cond: (id = 9443313)

table 8 : explain SELECT c FROM sbtest8 WHERE id=8853907
	Index Scan using sbtest8_pkey on sbtest8  (cost=0.43..8.45 rows=1 width=121)
	  Index Cond: (id = 8853907)

for: sum_ranges
table 1 : explain SELECT SUM(k) FROM sbtest1 WHERE id BETWEEN 7541038 AND 7542037
	Aggregate  (cost=4138.43..4138.44 rows=1 width=8)
	  ->  Bitmap Heap Scan on sbtest1  (cost=35.38..4135.76 rows=1068 width=4)
	        Recheck Cond: ((id >= 7541038) AND (id <= 7542037))
	        ->  Bitmap Index Scan on sbtest1_pkey  (cost=0.00..35.12 rows=1068 width=0)
	              Index Cond: ((id >= 7541038) AND (id <= 7542037))

table 2 : explain SELECT SUM(k) FROM sbtest2 WHERE id BETWEEN 8460950 AND 8461949
	Aggregate  (cost=3974.41..3974.42 rows=1 width=8)
	  ->  Bitmap Heap Scan on sbtest2  (cost=30.95..3971.85 rows=1026 width=4)
	        Recheck Cond: ((id >= 8460950) AND (id <= 8461949))
	        ->  Bitmap Index Scan on sbtest2_pkey  (cost=0.00..30.69 rows=1026 width=0)
	              Index Cond: ((id >= 8460950) AND (id <= 8461949))

table 3 : explain SELECT SUM(k) FROM sbtest3 WHERE id BETWEEN 8294435 AND 8295434
	Aggregate  (cost=3946.30..3946.31 rows=1 width=8)
	  ->  Bitmap Heap Scan on sbtest3  (cost=30.88..3943.75 rows=1019 width=4)
	        Recheck Cond: ((id >= 8294435) AND (id <= 8295434))
	        ->  Bitmap Index Scan on sbtest3_pkey  (cost=0.00..30.62 rows=1019 width=0)
	              Index Cond: ((id >= 8294435) AND (id <= 8295434))

table 4 : explain SELECT SUM(k) FROM sbtest4 WHERE id BETWEEN 44203 AND 45202
	Aggregate  (cost=4023.38..4023.39 rows=1 width=8)
	  ->  Bitmap Heap Scan on sbtest4  (cost=31.08..4020.78 rows=1039 width=4)
	        Recheck Cond: ((id >= 44203) AND (id <= 45202))
	        ->  Bitmap Index Scan on sbtest4_pkey  (cost=0.00..30.82 rows=1039 width=0)
	              Index Cond: ((id >= 44203) AND (id <= 45202))

table 5 : explain SELECT SUM(k) FROM sbtest5 WHERE id BETWEEN 6845239 AND 6846238
	Aggregate  (cost=3853.87..3853.88 rows=1 width=8)
	  ->  Bitmap Heap Scan on sbtest5  (cost=30.62..3851.38 rows=994 width=4)
	        Recheck Cond: ((id >= 6845239) AND (id <= 6846238))
	        ->  Bitmap Index Scan on sbtest5_pkey  (cost=0.00..30.37 rows=994 width=0)
	              Index Cond: ((id >= 6845239) AND (id <= 6846238))

table 6 : explain SELECT SUM(k) FROM sbtest6 WHERE id BETWEEN 8061694 AND 8062693
	Aggregate  (cost=3785.36..3785.37 rows=1 width=8)
	  ->  Bitmap Heap Scan on sbtest6  (cost=30.44..3782.92 rows=976 width=4)
	        Recheck Cond: ((id >= 8061694) AND (id <= 8062693))
	        ->  Bitmap Index Scan on sbtest6_pkey  (cost=0.00..30.19 rows=976 width=0)
	              Index Cond: ((id >= 8061694) AND (id <= 8062693))

table 7 : explain SELECT SUM(k) FROM sbtest7 WHERE id BETWEEN 7415331 AND 7416330
	Aggregate  (cost=4040.20..4040.21 rows=1 width=8)
	  ->  Bitmap Heap Scan on sbtest7  (cost=35.13..4037.60 rows=1043 width=4)
	        Recheck Cond: ((id >= 7415331) AND (id <= 7416330))
	        ->  Bitmap Index Scan on sbtest7_pkey  (cost=0.00..34.87 rows=1043 width=0)
	              Index Cond: ((id >= 7415331) AND (id <= 7416330))

table 8 : explain SELECT SUM(k) FROM sbtest8 WHERE id BETWEEN 2333298 AND 2334297
	Aggregate  (cost=3970.89..3970.90 rows=1 width=8)
	  ->  Bitmap Heap Scan on sbtest8  (cost=30.94..3968.33 rows=1025 width=4)
	        Recheck Cond: ((id >= 2333298) AND (id <= 2334297))
	        ->  Bitmap Index Scan on sbtest8_pkey  (cost=0.00..30.68 rows=1025 width=0)
	              Index Cond: ((id >= 2333298) AND (id <= 2334297))

explain: for point_selects :: explain SELECT c FROM sbtest%u WHERE id=%u
for: sum_ranges
table 1 : explain SELECT SUM(k) FROM sbtest1 WHERE id BETWEEN 1243567 AND 1244566
	Aggregate  (cost=3794.67..3794.68 rows=1 width=8)
	  ->  Bitmap Heap Scan on sbtest1  (cost=30.46..3792.22 rows=978 width=4)
	        Recheck Cond: ((id >= 1243567) AND (id <= 1244566))
	        ->  Bitmap Index Scan on sbtest1_pkey  (cost=0.00..30.21 rows=978 width=0)
	              Index Cond: ((id >= 1243567) AND (id <= 1244566))

table 2 : explain SELECT SUM(k) FROM sbtest2 WHERE id BETWEEN 5754203 AND 5755202
	Aggregate  (cost=4426.49..4426.50 rows=1 width=8)
	  ->  Bitmap Heap Scan on sbtest2  (cost=36.18..4423.62 rows=1146 width=4)
	        Recheck Cond: ((id >= 5754203) AND (id <= 5755202))
	        ->  Bitmap Index Scan on sbtest2_pkey  (cost=0.00..35.90 rows=1146 width=0)
	              Index Cond: ((id >= 5754203) AND (id <= 5755202))

table 3 : explain SELECT SUM(k) FROM sbtest3 WHERE id BETWEEN 6708075 AND 6709074
	Aggregate  (cost=4228.99..4229.00 rows=1 width=8)
	  ->  Bitmap Heap Scan on sbtest3  (cost=35.64..4226.26 rows=1093 width=4)
	        Recheck Cond: ((id >= 6708075) AND (id <= 6709074))
	        ->  Bitmap Index Scan on sbtest3_pkey  (cost=0.00..35.37 rows=1093 width=0)
	              Index Cond: ((id >= 6708075) AND (id <= 6709074))

table 4 : explain SELECT SUM(k) FROM sbtest4 WHERE id BETWEEN 3063774 AND 3064773
	Aggregate  (cost=3721.32..3721.33 rows=1 width=8)
	  ->  Bitmap Heap Scan on sbtest4  (cost=30.26..3718.93 rows=959 width=4)
	        Recheck Cond: ((id >= 3063774) AND (id <= 3064773))
	        ->  Bitmap Index Scan on sbtest4_pkey  (cost=0.00..30.02 rows=959 width=0)
	              Index Cond: ((id >= 3063774) AND (id <= 3064773))

table 5 : explain SELECT SUM(k) FROM sbtest5 WHERE id BETWEEN 3662944 AND 3663943
	Aggregate  (cost=3638.39..3638.40 rows=1 width=8)
	  ->  Bitmap Heap Scan on sbtest5  (cost=30.04..3636.04 rows=937 width=4)
	        Recheck Cond: ((id >= 3662944) AND (id <= 3663943))
	        ->  Bitmap Index Scan on sbtest5_pkey  (cost=0.00..29.80 rows=937 width=0)
	              Index Cond: ((id >= 3662944) AND (id <= 3663943))

table 6 : explain SELECT SUM(k) FROM sbtest6 WHERE id BETWEEN 3211982 AND 3212981
	Aggregate  (cost=3838.25..3838.26 rows=1 width=8)
	  ->  Bitmap Heap Scan on sbtest6  (cost=30.58..3835.77 rows=990 width=4)
	        Recheck Cond: ((id >= 3211982) AND (id <= 3212981))
	        ->  Bitmap Index Scan on sbtest6_pkey  (cost=0.00..30.33 rows=990 width=0)
	              Index Cond: ((id >= 3211982) AND (id <= 3212981))

table 7 : explain SELECT SUM(k) FROM sbtest7 WHERE id BETWEEN 7907605 AND 7908604
	Aggregate  (cost=4284.79..4284.80 rows=1 width=8)
	  ->  Bitmap Heap Scan on sbtest7  (cost=35.79..4282.02 rows=1108 width=4)
	        Recheck Cond: ((id >= 7907605) AND (id <= 7908604))
	        ->  Bitmap Index Scan on sbtest7_pkey  (cost=0.00..35.52 rows=1108 width=0)
	              Index Cond: ((id >= 7907605) AND (id <= 7908604))

table 8 : explain SELECT SUM(k) FROM sbtest8 WHERE id BETWEEN 3499881 AND 3500880
	Aggregate  (cost=3551.32..3551.33 rows=1 width=8)
	  ->  Bitmap Heap Scan on sbtest8  (cost=29.80..3549.04 rows=914 width=4)
	        Recheck Cond: ((id >= 3499881) AND (id <= 3500880))
	        ->  Bitmap Index Scan on sbtest8_pkey  (cost=0.00..29.57 rows=914 width=0)
	              Index Cond: ((id >= 3499881) AND (id <= 3500880))

for: simple_ranges
table 1 : explain SELECT c FROM sbtest1 WHERE id BETWEEN 6288977 AND 6289976
	Bitmap Heap Scan on sbtest1  (cost=29.85..3569.09 rows=919 width=121)
	  Recheck Cond: ((id >= 6288977) AND (id <= 6289976))
	  ->  Bitmap Index Scan on sbtest1_pkey  (cost=0.00..29.62 rows=919 width=0)
	        Index Cond: ((id >= 6288977) AND (id <= 6289976))

table 2 : explain SELECT c FROM sbtest2 WHERE id BETWEEN 9736289 AND 9737288
	Bitmap Heap Scan on sbtest2  (cost=35.73..4262.00 rows=1102 width=121)
	  Recheck Cond: ((id >= 9736289) AND (id <= 9737288))
	  ->  Bitmap Index Scan on sbtest2_pkey  (cost=0.00..35.45 rows=1102 width=0)
	        Index Cond: ((id >= 9736289) AND (id <= 9737288))

table 3 : explain SELECT c FROM sbtest3 WHERE id BETWEEN 3585522 AND 3586521
	Bitmap Heap Scan on sbtest3  (cost=30.20..3694.77 rows=953 width=121)
	  Recheck Cond: ((id >= 3585522) AND (id <= 3586521))
	  ->  Bitmap Index Scan on sbtest3_pkey  (cost=0.00..29.96 rows=953 width=0)
	        Index Cond: ((id >= 3585522) AND (id <= 3586521))

table 4 : explain SELECT c FROM sbtest4 WHERE id BETWEEN 7049869 AND 7050868
	Bitmap Heap Scan on sbtest4  (cost=30.03..3631.99 rows=936 width=121)
	  Recheck Cond: ((id >= 7049869) AND (id <= 7050868))
	  ->  Bitmap Index Scan on sbtest4_pkey  (cost=0.00..29.79 rows=936 width=0)
	        Index Cond: ((id >= 7049869) AND (id <= 7050868))

table 5 : explain SELECT c FROM sbtest5 WHERE id BETWEEN 9810871 AND 9811870
	Bitmap Heap Scan on sbtest5  (cost=30.73..3889.12 rows=1004 width=121)
	  Recheck Cond: ((id >= 9810871) AND (id <= 9811870))
	  ->  Bitmap Index Scan on sbtest5_pkey  (cost=0.00..30.47 rows=1004 width=0)
	        Index Cond: ((id >= 9810871) AND (id <= 9811870))

table 6 : explain SELECT c FROM sbtest6 WHERE id BETWEEN 956101 AND 957100
	Bitmap Heap Scan on sbtest6  (cost=35.41..4145.06 rows=1071 width=121)
	  Recheck Cond: ((id >= 956101) AND (id <= 957100))
	  ->  Bitmap Index Scan on sbtest6_pkey  (cost=0.00..35.15 rows=1071 width=0)
	        Index Cond: ((id >= 956101) AND (id <= 957100))

table 7 : explain SELECT c FROM sbtest7 WHERE id BETWEEN 1097839 AND 1098838
	Bitmap Heap Scan on sbtest7  (cost=30.82..3920.61 rows=1013 width=121)
	  Recheck Cond: ((id >= 1097839) AND (id <= 1098838))
	  ->  Bitmap Index Scan on sbtest7_pkey  (cost=0.00..30.57 rows=1013 width=0)
	        Index Cond: ((id >= 1097839) AND (id <= 1098838))

table 8 : explain SELECT c FROM sbtest8 WHERE id BETWEEN 1152682 AND 1153681
	Bitmap Heap Scan on sbtest8  (cost=30.51..3809.86 rows=983 width=121)
	  Recheck Cond: ((id >= 1152682) AND (id <= 1153681))
	  ->  Bitmap Index Scan on sbtest8_pkey  (cost=0.00..30.26 rows=983 width=0)
	        Index Cond: ((id >= 1152682) AND (id <= 1153681))

for: simple_ranges
table 1 : explain SELECT c FROM sbtest1 WHERE id BETWEEN 4083389 AND 4084388
	Bitmap Heap Scan on sbtest1  (cost=30.04..3637.21 rows=937 width=121)
	  Recheck Cond: ((id >= 4083389) AND (id <= 4084388))
	  ->  Bitmap Index Scan on sbtest1_pkey  (cost=0.00..29.80 rows=937 width=0)
	        Index Cond: ((id >= 4083389) AND (id <= 4084388))

table 2 : explain SELECT c FROM sbtest2 WHERE id BETWEEN 7873037 AND 7874036
	Bitmap Heap Scan on sbtest2  (cost=29.98..3613.13 rows=931 width=121)
	  Recheck Cond: ((id >= 7873037) AND (id <= 7874036))
	  ->  Bitmap Index Scan on sbtest2_pkey  (cost=0.00..29.75 rows=931 width=0)
	        Index Cond: ((id >= 7873037) AND (id <= 7874036))

table 3 : explain SELECT c FROM sbtest3 WHERE id BETWEEN 7421298 AND 7422297
	Bitmap Heap Scan on sbtest3  (cost=36.21..4432.85 rows=1149 width=121)
	  Recheck Cond: ((id >= 7421298) AND (id <= 7422297))
	  ->  Bitmap Index Scan on sbtest3_pkey  (cost=0.00..35.93 rows=1149 width=0)
	        Index Cond: ((id >= 7421298) AND (id <= 7422297))

table 4 : explain SELECT c FROM sbtest4 WHERE id BETWEEN 7042575 AND 7043574
	Bitmap Heap Scan on sbtest4  (cost=30.03..3631.99 rows=936 width=121)
	  Recheck Cond: ((id >= 7042575) AND (id <= 7043574))
	  ->  Bitmap Index Scan on sbtest4_pkey  (cost=0.00..29.79 rows=936 width=0)
	        Index Cond: ((id >= 7042575) AND (id <= 7043574))

table 5 : explain SELECT c FROM sbtest5 WHERE id BETWEEN 2373715 AND 2374714
	Bitmap Heap Scan on sbtest5  (cost=30.31..3734.32 rows=963 width=121)
	  Recheck Cond: ((id >= 2373715) AND (id <= 2374714))
	  ->  Bitmap Index Scan on sbtest5_pkey  (cost=0.00..30.07 rows=963 width=0)
	        Index Cond: ((id >= 2373715) AND (id <= 2374714))

table 6 : explain SELECT c FROM sbtest6 WHERE id BETWEEN 9923540 AND 9924539
	Bitmap Heap Scan on sbtest6  (cost=31.00..3990.40 rows=1031 width=121)
	  Recheck Cond: ((id >= 9923540) AND (id <= 9924539))
	  ->  Bitmap Index Scan on sbtest6_pkey  (cost=0.00..30.75 rows=1031 width=0)
	        Index Cond: ((id >= 9923540) AND (id <= 9924539))

table 7 : explain SELECT c FROM sbtest7 WHERE id BETWEEN 6099580 AND 6100579
	Bitmap Heap Scan on sbtest7  (cost=30.42..3773.55 rows=974 width=121)
	  Recheck Cond: ((id >= 6099580) AND (id <= 6100579))
	  ->  Bitmap Index Scan on sbtest7_pkey  (cost=0.00..30.18 rows=974 width=0)
	        Index Cond: ((id >= 6099580) AND (id <= 6100579))

table 8 : explain SELECT c FROM sbtest8 WHERE id BETWEEN 5072722 AND 5073721
	Bitmap Heap Scan on sbtest8  (cost=30.38..3760.77 rows=970 width=121)
	  Recheck Cond: ((id >= 5072722) AND (id <= 5073721))
	  ->  Bitmap Index Scan on sbtest8_pkey  (cost=0.00..30.14 rows=970 width=0)
	        Index Cond: ((id >= 5072722) AND (id <= 5073721))

for: simple_ranges
table 1 : explain SELECT c FROM sbtest1 WHERE id BETWEEN 4490747 AND 4491746
	Bitmap Heap Scan on sbtest1  (cost=30.66..3867.76 rows=998 width=121)
	  Recheck Cond: ((id >= 4490747) AND (id <= 4491746))
	  ->  Bitmap Index Scan on sbtest1_pkey  (cost=0.00..30.41 rows=998 width=0)
	        Index Cond: ((id >= 4490747) AND (id <= 4491746))

table 2 : explain SELECT c FROM sbtest2 WHERE id BETWEEN 895502 AND 896501
	Bitmap Heap Scan on sbtest2  (cost=30.42..3775.64 rows=974 width=121)
	  Recheck Cond: ((id >= 895502) AND (id <= 896501))
	  ->  Bitmap Index Scan on sbtest2_pkey  (cost=0.00..30.18 rows=974 width=0)
	        Index Cond: ((id >= 895502) AND (id <= 896501))

table 3 : explain SELECT c FROM sbtest3 WHERE id BETWEEN 3299035 AND 3300034
	Bitmap Heap Scan on sbtest3  (cost=29.59..3467.93 rows=893 width=121)
	  Recheck Cond: ((id >= 3299035) AND (id <= 3300034))
	  ->  Bitmap Index Scan on sbtest3_pkey  (cost=0.00..29.36 rows=893 width=0)
	        Index Cond: ((id >= 3299035) AND (id <= 3300034))

table 4 : explain SELECT c FROM sbtest4 WHERE id BETWEEN 1260251 AND 1261250
	Bitmap Heap Scan on sbtest4  (cost=29.99..3616.86 rows=932 width=121)
	  Recheck Cond: ((id >= 1260251) AND (id <= 1261250))
	  ->  Bitmap Index Scan on sbtest4_pkey  (cost=0.00..29.75 rows=932 width=0)
	        Index Cond: ((id >= 1260251) AND (id <= 1261250))

table 5 : explain SELECT c FROM sbtest5 WHERE id BETWEEN 6756268 AND 6757267
	Bitmap Heap Scan on sbtest5  (cost=30.64..3858.93 rows=996 width=121)
	  Recheck Cond: ((id >= 6756268) AND (id <= 6757267))
	  ->  Bitmap Index Scan on sbtest5_pkey  (cost=0.00..30.39 rows=996 width=0)
	        Index Cond: ((id >= 6756268) AND (id <= 6757267))

table 6 : explain SELECT c FROM sbtest6 WHERE id BETWEEN 2141088 AND 2142087
	Bitmap Heap Scan on sbtest6  (cost=30.35..3748.94 rows=967 width=121)
	  Recheck Cond: ((id >= 2141088) AND (id <= 2142087))
	  ->  Bitmap Index Scan on sbtest6_pkey  (cost=0.00..30.11 rows=967 width=0)
	        Index Cond: ((id >= 2141088) AND (id <= 2142087))

table 7 : explain SELECT c FROM sbtest7 WHERE id BETWEEN 9532114 AND 9533113
	Bitmap Heap Scan on sbtest7  (cost=35.35..4120.38 rows=1065 width=121)
	  Recheck Cond: ((id >= 9532114) AND (id <= 9533113))
	  ->  Bitmap Index Scan on sbtest7_pkey  (cost=0.00..35.09 rows=1065 width=0)
	        Index Cond: ((id >= 9532114) AND (id <= 9533113))

table 8 : explain SELECT c FROM sbtest8 WHERE id BETWEEN 4167653 AND 4168652
	Bitmap Heap Scan on sbtest8  (cost=30.92..3960.79 rows=1023 width=121)
	  Recheck Cond: ((id >= 4167653) AND (id <= 4168652))
	  ->  Bitmap Index Scan on sbtest8_pkey  (cost=0.00..30.66 rows=1023 width=0)
	        Index Cond: ((id >= 4167653) AND (id <= 4168652))

for: simple_ranges
table 1 : explain SELECT c FROM sbtest1 WHERE id BETWEEN 7387883 AND 7388882
	Bitmap Heap Scan on sbtest1  (cost=31.31..4105.38 rows=1061 width=121)
	  Recheck Cond: ((id >= 7387883) AND (id <= 7388882))
	  ->  Bitmap Index Scan on sbtest1_pkey  (cost=0.00..31.04 rows=1061 width=0)
	        Index Cond: ((id >= 7387883) AND (id <= 7388882))

table 2 : explain SELECT c FROM sbtest2 WHERE id BETWEEN 7736008 AND 7737007
	Bitmap Heap Scan on sbtest2  (cost=30.79..3911.51 rows=1010 width=121)
	  Recheck Cond: ((id >= 7736008) AND (id <= 7737007))
	  ->  Bitmap Index Scan on sbtest2_pkey  (cost=0.00..30.54 rows=1010 width=0)
	        Index Cond: ((id >= 7736008) AND (id <= 7737007))

table 3 : explain SELECT c FROM sbtest3 WHERE id BETWEEN 862408 AND 863407
	Bitmap Heap Scan on sbtest3  (cost=29.82..3554.94 rows=916 width=121)
	  Recheck Cond: ((id >= 862408) AND (id <= 863407))
	  ->  Bitmap Index Scan on sbtest3_pkey  (cost=0.00..29.59 rows=916 width=0)
	        Index Cond: ((id >= 862408) AND (id <= 863407))

table 4 : explain SELECT c FROM sbtest4 WHERE id BETWEEN 8989774 AND 8990773
	Bitmap Heap Scan on sbtest4  (cost=31.17..4050.92 rows=1047 width=121)
	  Recheck Cond: ((id >= 8989774) AND (id <= 8990773))
	  ->  Bitmap Index Scan on sbtest4_pkey  (cost=0.00..30.90 rows=1047 width=0)
	        Index Cond: ((id >= 8989774) AND (id <= 8990773))

table 5 : explain SELECT c FROM sbtest5 WHERE id BETWEEN 7194720 AND 7195719
	Bitmap Heap Scan on sbtest5  (cost=30.16..3681.41 rows=949 width=121)
	  Recheck Cond: ((id >= 7194720) AND (id <= 7195719))
	  ->  Bitmap Index Scan on sbtest5_pkey  (cost=0.00..29.93 rows=949 width=0)
	        Index Cond: ((id >= 7194720) AND (id <= 7195719))

table 6 : explain SELECT c FROM sbtest6 WHERE id BETWEEN 98531 AND 99530
	Bitmap Heap Scan on sbtest6  (cost=30.58..3835.77 rows=990 width=121)
	  Recheck Cond: ((id >= 98531) AND (id <= 99530))
	  ->  Bitmap Index Scan on sbtest6_pkey  (cost=0.00..30.33 rows=990 width=0)
	        Index Cond: ((id >= 98531) AND (id <= 99530))

table 7 : explain SELECT c FROM sbtest7 WHERE id BETWEEN 3821486 AND 3822485
	Bitmap Heap Scan on sbtest7  (cost=35.38..4131.67 rows=1068 width=121)
	  Recheck Cond: ((id >= 3821486) AND (id <= 3822485))
	  ->  Bitmap Index Scan on sbtest7_pkey  (cost=0.00..35.12 rows=1068 width=0)
	        Index Cond: ((id >= 3821486) AND (id <= 3822485))

table 8 : explain SELECT c FROM sbtest8 WHERE id BETWEEN 4185897 AND 4186896
	Bitmap Heap Scan on sbtest8  (cost=30.92..3960.79 rows=1023 width=121)
	  Recheck Cond: ((id >= 4185897) AND (id <= 4186896))
	  ->  Bitmap Index Scan on sbtest8_pkey  (cost=0.00..30.66 rows=1023 width=0)
	        Index Cond: ((id >= 4185897) AND (id <= 4186896))

for: order_ranges
table 1 : explain SELECT c FROM sbtest1 WHERE id BETWEEN 7617861 AND 7618860 ORDER BY c
	Sort  (cost=4024.75..4027.31 rows=1026 width=121)
	  Sort Key: c
	  ->  Bitmap Heap Scan on sbtest1  (cost=30.95..3973.43 rows=1026 width=121)
	        Recheck Cond: ((id >= 7617861) AND (id <= 7618860))
	        ->  Bitmap Index Scan on sbtest1_pkey  (cost=0.00..30.69 rows=1026 width=0)
	              Index Cond: ((id >= 7617861) AND (id <= 7618860))

table 2 : explain SELECT c FROM sbtest2 WHERE id BETWEEN 6417928 AND 6418927 ORDER BY c
	Sort  (cost=3597.61..3599.90 rows=915 width=121)
	  Sort Key: c
	  ->  Bitmap Heap Scan on sbtest2  (cost=29.81..3552.61 rows=915 width=121)
	        Recheck Cond: ((id >= 6417928) AND (id <= 6418927))
	        ->  Bitmap Index Scan on sbtest2_pkey  (cost=0.00..29.58 rows=915 width=0)
	              Index Cond: ((id >= 6417928) AND (id <= 6418927))

table 3 : explain SELECT c FROM sbtest3 WHERE id BETWEEN 7416159 AND 7417158 ORDER BY c
	Sort  (cost=4491.26..4494.13 rows=1149 width=121)
	  Sort Key: c
	  ->  Bitmap Heap Scan on sbtest3  (cost=36.21..4432.85 rows=1149 width=121)
	        Recheck Cond: ((id >= 7416159) AND (id <= 7417158))
	        ->  Bitmap Index Scan on sbtest3_pkey  (cost=0.00..35.93 rows=1149 width=0)
	              Index Cond: ((id >= 7416159) AND (id <= 7417158))

table 4 : explain SELECT c FROM sbtest4 WHERE id BETWEEN 8597166 AND 8598165 ORDER BY c
	Sort  (cost=3739.57..3741.95 rows=952 width=121)
	  Sort Key: c
	  ->  Bitmap Heap Scan on sbtest4  (cost=30.19..3692.47 rows=952 width=121)
	        Recheck Cond: ((id >= 8597166) AND (id <= 8598165))
	        ->  Bitmap Index Scan on sbtest4_pkey  (cost=0.00..29.95 rows=952 width=0)
	              Index Cond: ((id >= 8597166) AND (id <= 8598165))

table 5 : explain SELECT c FROM sbtest5 WHERE id BETWEEN 2905218 AND 2906217 ORDER BY c
	Sort  (cost=3728.34..3730.71 rows=949 width=121)
	  Sort Key: c
	  ->  Bitmap Heap Scan on sbtest5  (cost=30.16..3681.41 rows=949 width=121)
	        Recheck Cond: ((id >= 2905218) AND (id <= 2906217))
	        ->  Bitmap Index Scan on sbtest5_pkey  (cost=0.00..29.93 rows=949 width=0)
	              Index Cond: ((id >= 2905218) AND (id <= 2906217))

table 6 : explain SELECT c FROM sbtest6 WHERE id BETWEEN 2005057 AND 2006056 ORDER BY c
	Sort  (cost=4302.09..4304.83 rows=1098 width=121)
	  Sort Key: c
	  ->  Bitmap Heap Scan on sbtest6  (cost=35.69..4246.64 rows=1098 width=121)
	        Recheck Cond: ((id >= 2005057) AND (id <= 2006056))
	        ->  Bitmap Index Scan on sbtest6_pkey  (cost=0.00..35.42 rows=1098 width=0)
	              Index Cond: ((id >= 2005057) AND (id <= 2006056))

table 7 : explain SELECT c FROM sbtest7 WHERE id BETWEEN 175945 AND 176944 ORDER BY c
	Sort  (cost=3867.85..3870.31 rows=986 width=121)
	  Sort Key: c
	  ->  Bitmap Heap Scan on sbtest7  (cost=30.54..3818.82 rows=986 width=121)
	        Recheck Cond: ((id >= 175945) AND (id <= 176944))
	        ->  Bitmap Index Scan on sbtest7_pkey  (cost=0.00..30.29 rows=986 width=0)
	              Index Cond: ((id >= 175945) AND (id <= 176944))

table 8 : explain SELECT c FROM sbtest8 WHERE id BETWEEN 887847 AND 888846 ORDER BY c
	Sort  (cost=4134.54..4137.17 rows=1054 width=121)
	  Sort Key: c
	  ->  Bitmap Heap Scan on sbtest8  (cost=35.24..4081.62 rows=1054 width=121)
	        Recheck Cond: ((id >= 887847) AND (id <= 888846))
	        ->  Bitmap Index Scan on sbtest8_pkey  (cost=0.00..34.98 rows=1054 width=0)
	              Index Cond: ((id >= 887847) AND (id <= 888846))

for: distinct_ranges
table 1 : explain SELECT DISTINCT c FROM sbtest1 WHERE id BETWEEN 332879 AND 333878 ORDER BY c
	Unique  (cost=3871.47..3876.40 rows=986 width=121)
	  ->  Sort  (cost=3871.47..3873.94 rows=986 width=121)
	        Sort Key: c
	        ->  Bitmap Heap Scan on sbtest1  (cost=30.54..3822.44 rows=986 width=121)
	              Recheck Cond: ((id >= 332879) AND (id <= 333878))
	              ->  Bitmap Index Scan on sbtest1_pkey  (cost=0.00..30.29 rows=986 width=0)
	                    Index Cond: ((id >= 332879) AND (id <= 333878))

table 2 : explain SELECT DISTINCT c FROM sbtest2 WHERE id BETWEEN 1541744 AND 1542743 ORDER BY c
	Unique  (cost=3563.04..3567.57 rows=906 width=121)
	  ->  Sort  (cost=3563.04..3565.31 rows=906 width=121)
	        Sort Key: c
	        ->  Bitmap Heap Scan on sbtest2  (cost=29.72..3518.54 rows=906 width=121)
	              Recheck Cond: ((id >= 1541744) AND (id <= 1542743))
	              ->  Bitmap Index Scan on sbtest2_pkey  (cost=0.00..29.50 rows=906 width=0)
	                    Index Cond: ((id >= 1541744) AND (id <= 1542743))

table 3 : explain SELECT DISTINCT c FROM sbtest3 WHERE id BETWEEN 846843 AND 847842 ORDER BY c
	Unique  (cost=3600.00..3604.58 rows=916 width=121)
	  ->  Sort  (cost=3600.00..3602.29 rows=916 width=121)
	        Sort Key: c
	        ->  Bitmap Heap Scan on sbtest3  (cost=29.82..3554.94 rows=916 width=121)
	              Recheck Cond: ((id >= 846843) AND (id <= 847842))
	              ->  Bitmap Index Scan on sbtest3_pkey  (cost=0.00..29.59 rows=916 width=0)
	                    Index Cond: ((id >= 846843) AND (id <= 847842))

table 4 : explain SELECT DISTINCT c FROM sbtest4 WHERE id BETWEEN 6933202 AND 6934201 ORDER BY c
	Unique  (cost=3942.71..3947.73 rows=1005 width=121)
	  ->  Sort  (cost=3942.71..3945.22 rows=1005 width=121)
	        Sort Key: c
	        ->  Bitmap Heap Scan on sbtest4  (cost=30.74..3892.59 rows=1005 width=121)
	              Recheck Cond: ((id >= 6933202) AND (id <= 6934201))
	              ->  Bitmap Index Scan on sbtest4_pkey  (cost=0.00..30.48 rows=1005 width=0)
	                    Index Cond: ((id >= 6933202) AND (id <= 6934201))

table 5 : explain SELECT DISTINCT c FROM sbtest5 WHERE id BETWEEN 5145091 AND 5146090 ORDER BY c
	Unique  (cost=3705.32..3710.03 rows=943 width=121)
	  ->  Sort  (cost=3705.32..3707.68 rows=943 width=121)
	        Sort Key: c
	        ->  Bitmap Heap Scan on sbtest5  (cost=30.10..3658.73 rows=943 width=121)
	              Recheck Cond: ((id >= 5145091) AND (id <= 5146090))
	              ->  Bitmap Index Scan on sbtest5_pkey  (cost=0.00..29.86 rows=943 width=0)
	                    Index Cond: ((id >= 5145091) AND (id <= 5146090))

table 6 : explain SELECT DISTINCT c FROM sbtest6 WHERE id BETWEEN 158366 AND 159365 ORDER BY c
	Unique  (cost=4305.91..4311.40 rows=1099 width=121)
	  ->  Sort  (cost=4305.91..4308.65 rows=1099 width=121)
	        Sort Key: c
	        ->  Bitmap Heap Scan on sbtest6  (cost=35.70..4250.40 rows=1099 width=121)
	              Recheck Cond: ((id >= 158366) AND (id <= 159365))
	              ->  Bitmap Index Scan on sbtest6_pkey  (cost=0.00..35.43 rows=1099 width=0)
	                    Index Cond: ((id >= 158366) AND (id <= 159365))

table 7 : explain SELECT DISTINCT c FROM sbtest7 WHERE id BETWEEN 7736594 AND 7737593 ORDER BY c
	Unique  (cost=4422.02..4427.68 rows=1131 width=121)
	  ->  Sort  (cost=4422.02..4424.85 rows=1131 width=121)
	        Sort Key: c
	        ->  Bitmap Heap Scan on sbtest7  (cost=36.03..4364.66 rows=1131 width=121)
	              Recheck Cond: ((id >= 7736594) AND (id <= 7737593))
	              ->  Bitmap Index Scan on sbtest7_pkey  (cost=0.00..35.75 rows=1131 width=0)
	                    Index Cond: ((id >= 7736594) AND (id <= 7737593))

table 8 : explain SELECT DISTINCT c FROM sbtest8 WHERE id BETWEEN 4460155 AND 4461154 ORDER BY c
	Unique  (cost=4004.28..4009.38 rows=1021 width=121)
	  ->  Sort  (cost=4004.28..4006.83 rows=1021 width=121)
	        Sort Key: c
	        ->  Bitmap Heap Scan on sbtest8  (cost=30.90..3953.25 rows=1021 width=121)
	              Recheck Cond: ((id >= 4460155) AND (id <= 4461154))
	              ->  Bitmap Index Scan on sbtest8_pkey  (cost=0.00..30.64 rows=1021 width=0)
	                    Index Cond: ((id >= 4460155) AND (id <= 4461154))

for: simple_ranges
table 1 : explain SELECT c FROM sbtest1 WHERE id BETWEEN 7611528 AND 7612527
	Bitmap Heap Scan on sbtest1  (cost=30.95..3973.43 rows=1026 width=121)
	  Recheck Cond: ((id >= 7611528) AND (id <= 7612527))
	  ->  Bitmap Index Scan on sbtest1_pkey  (cost=0.00..30.69 rows=1026 width=0)
	        Index Cond: ((id >= 7611528) AND (id <= 7612527))

table 2 : explain SELECT c FROM sbtest2 WHERE id BETWEEN 2677575 AND 2678574
	Bitmap Heap Scan on sbtest2  (cost=35.90..4325.91 rows=1119 width=121)
	  Recheck Cond: ((id >= 2677575) AND (id <= 2678574))
	  ->  Bitmap Index Scan on sbtest2_pkey  (cost=0.00..35.62 rows=1119 width=0)
	        Index Cond: ((id >= 2677575) AND (id <= 2678574))

table 3 : explain SELECT c FROM sbtest3 WHERE id BETWEEN 5627875 AND 5628874
	Bitmap Heap Scan on sbtest3  (cost=29.98..3611.65 rows=931 width=121)
	  Recheck Cond: ((id >= 5627875) AND (id <= 5628874))
	  ->  Bitmap Index Scan on sbtest3_pkey  (cost=0.00..29.75 rows=931 width=0)
	        Index Cond: ((id >= 5627875) AND (id <= 5628874))

table 4 : explain SELECT c FROM sbtest4 WHERE id BETWEEN 9844118 AND 9845117
	Bitmap Heap Scan on sbtest4  (cost=30.58..3835.99 rows=990 width=121)
	  Recheck Cond: ((id >= 9844118) AND (id <= 9845117))
	  ->  Bitmap Index Scan on sbtest4_pkey  (cost=0.00..30.33 rows=990 width=0)
	        Index Cond: ((id >= 9844118) AND (id <= 9845117))

table 5 : explain SELECT c FROM sbtest5 WHERE id BETWEEN 4053604 AND 4054603
	Bitmap Heap Scan on sbtest5  (cost=30.73..3889.12 rows=1004 width=121)
	  Recheck Cond: ((id >= 4053604) AND (id <= 4054603))
	  ->  Bitmap Index Scan on sbtest5_pkey  (cost=0.00..30.47 rows=1004 width=0)
	        Index Cond: ((id >= 4053604) AND (id <= 4054603))

table 6 : explain SELECT c FROM sbtest6 WHERE id BETWEEN 429311 AND 430310
	Bitmap Heap Scan on sbtest6  (cost=30.24..3711.16 rows=957 width=121)
	  Recheck Cond: ((id >= 429311) AND (id <= 430310))
	  ->  Bitmap Index Scan on sbtest6_pkey  (cost=0.00..30.00 rows=957 width=0)
	        Index Cond: ((id >= 429311) AND (id <= 430310))

table 7 : explain SELECT c FROM sbtest7 WHERE id BETWEEN 4029686 AND 4030685
	Bitmap Heap Scan on sbtest7  (cost=30.63..3852.76 rows=995 width=121)
	  Recheck Cond: ((id >= 4029686) AND (id <= 4030685))
	  ->  Bitmap Index Scan on sbtest7_pkey  (cost=0.00..30.39 rows=995 width=0)
	        Index Cond: ((id >= 4029686) AND (id <= 4030685))

table 8 : explain SELECT c FROM sbtest8 WHERE id BETWEEN 1668536 AND 1669535
	Bitmap Heap Scan on sbtest8  (cost=30.44..3783.43 rows=976 width=121)
	  Recheck Cond: ((id >= 1668536) AND (id <= 1669535))
	  ->  Bitmap Index Scan on sbtest8_pkey  (cost=0.00..30.19 rows=976 width=0)
	        Index Cond: ((id >= 1668536) AND (id <= 1669535))

for: distinct_ranges
table 1 : explain SELECT DISTINCT c FROM sbtest1 WHERE id BETWEEN 4570383 AND 4571382 ORDER BY c
	Unique  (cost=3917.48..3922.47 rows=998 width=121)
	  ->  Sort  (cost=3917.48..3919.97 rows=998 width=121)
	        Sort Key: c
	        ->  Bitmap Heap Scan on sbtest1  (cost=30.66..3867.76 rows=998 width=121)
	              Recheck Cond: ((id >= 4570383) AND (id <= 4571382))
	              ->  Bitmap Index Scan on sbtest1_pkey  (cost=0.00..30.41 rows=998 width=0)
	                    Index Cond: ((id >= 4570383) AND (id <= 4571382))

table 2 : explain SELECT DISTINCT c FROM sbtest2 WHERE id BETWEEN 8844622 AND 8845621 ORDER BY c
	Unique  (cost=3705.10..3709.81 rows=943 width=121)
	  ->  Sort  (cost=3705.10..3707.46 rows=943 width=121)
	        Sort Key: c
	        ->  Bitmap Heap Scan on sbtest2  (cost=30.10..3658.51 rows=943 width=121)
	              Recheck Cond: ((id >= 8844622) AND (id <= 8845621))
	              ->  Bitmap Index Scan on sbtest2_pkey  (cost=0.00..29.86 rows=943 width=0)
	                    Index Cond: ((id >= 8844622) AND (id <= 8845621))

table 3 : explain SELECT DISTINCT c FROM sbtest3 WHERE id BETWEEN 7703313 AND 7704312 ORDER BY c
	Unique  (cost=3967.89..3972.95 rows=1012 width=121)
	  ->  Sort  (cost=3967.89..3970.42 rows=1012 width=121)
	        Sort Key: c
	        ->  Bitmap Heap Scan on sbtest3  (cost=30.81..3917.37 rows=1012 width=121)
	              Recheck Cond: ((id >= 7703313) AND (id <= 7704312))
	              ->  Bitmap Index Scan on sbtest3_pkey  (cost=0.00..30.55 rows=1012 width=0)
	                    Index Cond: ((id >= 7703313) AND (id <= 7704312))

table 4 : explain SELECT DISTINCT c FROM sbtest4 WHERE id BETWEEN 8780714 AND 8781713 ORDER BY c
	Unique  (cost=4191.55..4196.90 rows=1069 width=121)
	  ->  Sort  (cost=4191.55..4194.23 rows=1069 width=121)
	        Sort Key: c
	        ->  Bitmap Heap Scan on sbtest4  (cost=35.39..4137.77 rows=1069 width=121)
	              Recheck Cond: ((id >= 8780714) AND (id <= 8781713))
	              ->  Bitmap Index Scan on sbtest4_pkey  (cost=0.00..35.12 rows=1069 width=0)
	                    Index Cond: ((id >= 8780714) AND (id <= 8781713))

table 5 : explain SELECT DISTINCT c FROM sbtest5 WHERE id BETWEEN 3698112 AND 3699111 ORDER BY c
	Unique  (cost=3682.29..3686.98 rows=937 width=121)
	  ->  Sort  (cost=3682.29..3684.64 rows=937 width=121)
	        Sort Key: c
	        ->  Bitmap Heap Scan on sbtest5  (cost=30.04..3636.04 rows=937 width=121)
	              Recheck Cond: ((id >= 3698112) AND (id <= 3699111))
	              ->  Bitmap Index Scan on sbtest5_pkey  (cost=0.00..29.80 rows=937 width=0)
	                    Index Cond: ((id >= 3698112) AND (id <= 3699111))

table 6 : explain SELECT DISTINCT c FROM sbtest6 WHERE id BETWEEN 63013 AND 64012 ORDER BY c
	Unique  (cost=3885.03..3889.98 rows=990 width=121)
	  ->  Sort  (cost=3885.03..3887.51 rows=990 width=121)
	        Sort Key: c
	        ->  Bitmap Heap Scan on sbtest6  (cost=30.58..3835.77 rows=990 width=121)
	              Recheck Cond: ((id >= 63013) AND (id <= 64012))
	              ->  Bitmap Index Scan on sbtest6_pkey  (cost=0.00..30.33 rows=990 width=0)
	                    Index Cond: ((id >= 63013) AND (id <= 64012))

table 7 : explain SELECT DISTINCT c FROM sbtest7 WHERE id BETWEEN 4538465 AND 4539464 ORDER BY c
	Unique  (cost=4017.07..4022.20 rows=1025 width=121)
	  ->  Sort  (cost=4017.07..4019.63 rows=1025 width=121)
	        Sort Key: c
	        ->  Bitmap Heap Scan on sbtest7  (cost=30.94..3965.81 rows=1025 width=121)
	              Recheck Cond: ((id >= 4538465) AND (id <= 4539464))
	              ->  Bitmap Index Scan on sbtest7_pkey  (cost=0.00..30.68 rows=1025 width=0)
	                    Index Cond: ((id >= 4538465) AND (id <= 4539464))

table 8 : explain SELECT DISTINCT c FROM sbtest8 WHERE id BETWEEN 3175141 AND 3176140 ORDER BY c
	Unique  (cost=3912.37..3917.35 rows=997 width=121)
	  ->  Sort  (cost=3912.37..3914.86 rows=997 width=121)
	        Sort Key: c
	        ->  Bitmap Heap Scan on sbtest8  (cost=30.65..3862.71 rows=997 width=121)
	              Recheck Cond: ((id >= 3175141) AND (id <= 3176140))
	              ->  Bitmap Index Scan on sbtest8_pkey  (cost=0.00..30.40 rows=997 width=0)
	                    Index Cond: ((id >= 3175141) AND (id <= 3176140))

explain: for point_selects :: explain SELECT c FROM sbtest%u WHERE id=%u
explain: for point_selects :: explain SELECT c FROM sbtest%u WHERE id=%u
for point_selects
table 1 : explain SELECT c FROM sbtest1 WHERE id=5590175
	Index Scan using sbtest1_pkey on sbtest1  (cost=0.43..8.45 rows=1 width=121)
	  Index Cond: (id = 5590175)

table 2 : explain SELECT c FROM sbtest2 WHERE id=956311
	Index Scan using sbtest2_pkey on sbtest2  (cost=0.43..8.45 rows=1 width=121)
	  Index Cond: (id = 956311)

table 3 : explain SELECT c FROM sbtest3 WHERE id=9891035
	Index Scan using sbtest3_pkey on sbtest3  (cost=0.43..8.45 rows=1 width=121)
	  Index Cond: (id = 9891035)

table 4 : explain SELECT c FROM sbtest4 WHERE id=8218759
	Index Scan using sbtest4_pkey on sbtest4  (cost=0.43..8.45 rows=1 width=121)
	  Index Cond: (id = 8218759)

table 5 : explain SELECT c FROM sbtest5 WHERE id=2380408
	Index Scan using sbtest5_pkey on sbtest5  (cost=0.43..8.45 rows=1 width=121)
	  Index Cond: (id = 2380408)

table 6 : explain SELECT c FROM sbtest6 WHERE id=498950
	Index Scan using sbtest6_pkey on sbtest6  (cost=0.43..8.45 rows=1 width=121)
	  Index Cond: (id = 498950)

table 7 : explain SELECT c FROM sbtest7 WHERE id=9214908
	Index Scan using sbtest7_pkey on sbtest7  (cost=0.43..8.45 rows=1 width=121)
	  Index Cond: (id = 9214908)

table 8 : explain SELECT c FROM sbtest8 WHERE id=9718892
	Index Scan using sbtest8_pkey on sbtest8  (cost=0.43..8.45 rows=1 width=121)
	  Index Cond: (id = 9718892)

for: order_ranges
table 1 : explain SELECT c FROM sbtest1 WHERE id BETWEEN 9718303 AND 9719302 ORDER BY c
	Sort  (cost=4135.75..4138.39 rows=1055 width=121)
	  Sort Key: c
	  ->  Bitmap Heap Scan on sbtest1  (cost=31.25..4082.77 rows=1055 width=121)
	        Recheck Cond: ((id >= 9718303) AND (id <= 9719302))
	        ->  Bitmap Index Scan on sbtest1_pkey  (cost=0.00..30.98 rows=1055 width=0)
	              Index Cond: ((id >= 9718303) AND (id <= 9719302))

table 2 : explain SELECT c FROM sbtest2 WHERE id BETWEEN 4819846 AND 4820845 ORDER BY c
	Sort  (cost=4023.16..4025.73 rows=1026 width=121)
	  Sort Key: c
	  ->  Bitmap Heap Scan on sbtest2  (cost=30.95..3971.85 rows=1026 width=121)
	        Recheck Cond: ((id >= 4819846) AND (id <= 4820845))
	        ->  Bitmap Index Scan on sbtest2_pkey  (cost=0.00..30.69 rows=1026 width=0)
	              Index Cond: ((id >= 4819846) AND (id <= 4820845))

table 3 : explain SELECT c FROM sbtest3 WHERE id BETWEEN 6363165 AND 6364164 ORDER BY c
	Sort  (cost=3492.49..3494.71 rows=888 width=121)
	  Sort Key: c
	  ->  Bitmap Heap Scan on sbtest3  (cost=29.54..3449.00 rows=888 width=121)
	        Recheck Cond: ((id >= 6363165) AND (id <= 6364164))
	        ->  Bitmap Index Scan on sbtest3_pkey  (cost=0.00..29.32 rows=888 width=0)
	              Index Cond: ((id >= 6363165) AND (id <= 6364164))

table 4 : explain SELECT c FROM sbtest4 WHERE id BETWEEN 9146132 AND 9147131 ORDER BY c
	Sort  (cost=3712.72..3715.08 rows=945 width=121)
	  Sort Key: c
	  ->  Bitmap Heap Scan on sbtest4  (cost=30.12..3666.02 rows=945 width=121)
	        Recheck Cond: ((id >= 9146132) AND (id <= 9147131))
	        ->  Bitmap Index Scan on sbtest4_pkey  (cost=0.00..29.89 rows=945 width=0)
	              Index Cond: ((id >= 9146132) AND (id <= 9147131))

table 5 : explain SELECT c FROM sbtest5 WHERE id BETWEEN 9025616 AND 9026615 ORDER BY c
	Sort  (cost=3939.18..3941.69 rows=1004 width=121)
	  Sort Key: c
	  ->  Bitmap Heap Scan on sbtest5  (cost=30.73..3889.12 rows=1004 width=121)
	        Recheck Cond: ((id >= 9025616) AND (id <= 9026615))
	        ->  Bitmap Index Scan on sbtest5_pkey  (cost=0.00..30.47 rows=1004 width=0)
	              Index Cond: ((id >= 9025616) AND (id <= 9026615))

table 6 : explain SELECT c FROM sbtest6 WHERE id BETWEEN 6253794 AND 6254793 ORDER BY c
	Sort  (cost=3731.70..3734.07 rows=950 width=121)
	  Sort Key: c
	  ->  Bitmap Heap Scan on sbtest6  (cost=30.17..3684.71 rows=950 width=121)
	        Recheck Cond: ((id >= 6253794) AND (id <= 6254793))
	        ->  Bitmap Index Scan on sbtest6_pkey  (cost=0.00..29.93 rows=950 width=0)
	              Index Cond: ((id >= 6253794) AND (id <= 6254793))

table 7 : explain SELECT c FROM sbtest7 WHERE id BETWEEN 6460618 AND 6461617 ORDER BY c
	Sort  (cost=3890.82..3893.30 rows=992 width=121)
	  Sort Key: c
	  ->  Bitmap Heap Scan on sbtest7  (cost=30.60..3841.44 rows=992 width=121)
	        Recheck Cond: ((id >= 6460618) AND (id <= 6461617))
	        ->  Bitmap Index Scan on sbtest7_pkey  (cost=0.00..30.36 rows=992 width=0)
	              Index Cond: ((id >= 6460618) AND (id <= 6461617))

table 8 : explain SELECT c FROM sbtest8 WHERE id BETWEEN 4862256 AND 4863255 ORDER BY c
	Sort  (cost=4023.42..4025.98 rows=1026 width=121)
	  Sort Key: c
	  ->  Bitmap Heap Scan on sbtest8  (cost=30.95..3972.10 rows=1026 width=121)
	        Recheck Cond: ((id >= 4862256) AND (id <= 4863255))
	        ->  Bitmap Index Scan on sbtest8_pkey  (cost=0.00..30.69 rows=1026 width=0)
	              Index Cond: ((id >= 4862256) AND (id <= 4863255))

for: distinct_ranges
table 1 : explain SELECT DISTINCT c FROM sbtest1 WHERE id BETWEEN 594505 AND 595504 ORDER BY c
	Unique  (cost=3664.26..3668.92 rows=932 width=121)
	  ->  Sort  (cost=3664.26..3666.59 rows=932 width=121)
	        Sort Key: c
	        ->  Bitmap Heap Scan on sbtest1  (cost=29.99..3618.29 rows=932 width=121)
	              Recheck Cond: ((id >= 594505) AND (id <= 595504))
	              ->  Bitmap Index Scan on sbtest1_pkey  (cost=0.00..29.75 rows=932 width=0)
	                    Index Cond: ((id >= 594505) AND (id <= 595504))

table 2 : explain SELECT DISTINCT c FROM sbtest2 WHERE id BETWEEN 900089 AND 901088 ORDER BY c
	Unique  (cost=3823.99..3828.86 rows=974 width=121)
	  ->  Sort  (cost=3823.99..3826.42 rows=974 width=121)
	        Sort Key: c
	        ->  Bitmap Heap Scan on sbtest2  (cost=30.42..3775.64 rows=974 width=121)
	              Recheck Cond: ((id >= 900089) AND (id <= 901088))
	              ->  Bitmap Index Scan on sbtest2_pkey  (cost=0.00..30.18 rows=974 width=0)
	                    Index Cond: ((id >= 900089) AND (id <= 901088))

table 3 : explain SELECT DISTINCT c FROM sbtest3 WHERE id BETWEEN 2577956 AND 2578955 ORDER BY c
	Unique  (cost=3630.70..3635.32 rows=924 width=121)
	  ->  Sort  (cost=3630.70..3633.01 rows=924 width=121)
	        Sort Key: c
	        ->  Bitmap Heap Scan on sbtest3  (cost=29.91..3585.19 rows=924 width=121)
	              Recheck Cond: ((id >= 2577956) AND (id <= 2578955))
	              ->  Bitmap Index Scan on sbtest3_pkey  (cost=0.00..29.68 rows=924 width=0)
	                    Index Cond: ((id >= 2577956) AND (id <= 2578955))

table 4 : explain SELECT DISTINCT c FROM sbtest4 WHERE id BETWEEN 1896721 AND 1897720 ORDER BY c
	Unique  (cost=3881.42..3886.36 rows=989 width=121)
	  ->  Sort  (cost=3881.42..3883.89 rows=989 width=121)
	        Sort Key: c
	        ->  Bitmap Heap Scan on sbtest4  (cost=30.57..3832.22 rows=989 width=121)
	              Recheck Cond: ((id >= 1896721) AND (id <= 1897720))
	              ->  Bitmap Index Scan on sbtest4_pkey  (cost=0.00..30.32 rows=989 width=0)
	                    Index Cond: ((id >= 1896721) AND (id <= 1897720))

table 5 : explain SELECT DISTINCT c FROM sbtest5 WHERE id BETWEEN 2853138 AND 2854137 ORDER BY c
	Unique  (cost=3601.66..3606.24 rows=916 width=121)
	  ->  Sort  (cost=3601.66..3603.95 rows=916 width=121)
	        Sort Key: c
	        ->  Bitmap Heap Scan on sbtest5  (cost=29.82..3556.60 rows=916 width=121)
	              Recheck Cond: ((id >= 2853138) AND (id <= 2854137))
	              ->  Bitmap Index Scan on sbtest5_pkey  (cost=0.00..29.59 rows=916 width=0)
	                    Index Cond: ((id >= 2853138) AND (id <= 2854137))

table 6 : explain SELECT DISTINCT c FROM sbtest6 WHERE id BETWEEN 2925422 AND 2926421 ORDER BY c
	Unique  (cost=4176.02..4181.35 rows=1065 width=121)
	  ->  Sort  (cost=4176.02..4178.68 rows=1065 width=121)
	        Sort Key: c
	        ->  Bitmap Heap Scan on sbtest6  (cost=35.35..4122.47 rows=1065 width=121)
	              Recheck Cond: ((id >= 2925422) AND (id <= 2926421))
	              ->  Bitmap Index Scan on sbtest6_pkey  (cost=0.00..35.09 rows=1065 width=0)
	                    Index Cond: ((id >= 2925422) AND (id <= 2926421))

table 7 : explain SELECT DISTINCT c FROM sbtest7 WHERE id BETWEEN 3782699 AND 3783698 ORDER BY c
	Unique  (cost=4185.39..4190.73 rows=1068 width=121)
	  ->  Sort  (cost=4185.39..4188.06 rows=1068 width=121)
	        Sort Key: c
	        ->  Bitmap Heap Scan on sbtest7  (cost=35.38..4131.67 rows=1068 width=121)
	              Recheck Cond: ((id >= 3782699) AND (id <= 3783698))
	              ->  Bitmap Index Scan on sbtest7_pkey  (cost=0.00..35.12 rows=1068 width=0)
	                    Index Cond: ((id >= 3782699) AND (id <= 3783698))

table 8 : explain SELECT DISTINCT c FROM sbtest8 WHERE id BETWEEN 5095622 AND 5096621 ORDER BY c
	Unique  (cost=3916.20..3921.19 rows=998 width=121)
	  ->  Sort  (cost=3916.20..3918.69 rows=998 width=121)
	        Sort Key: c
	        ->  Bitmap Heap Scan on sbtest8  (cost=30.66..3866.48 rows=998 width=121)
	              Recheck Cond: ((id >= 5095622) AND (id <= 5096621))
	              ->  Bitmap Index Scan on sbtest8_pkey  (cost=0.00..30.41 rows=998 width=0)
	                    Index Cond: ((id >= 5095622) AND (id <= 5096621))

for: sum_ranges
table 1 : explain SELECT SUM(k) FROM sbtest1 WHERE id BETWEEN 9874219 AND 9875218
	Aggregate  (cost=4013.74..4013.75 rows=1 width=8)
	  ->  Bitmap Heap Scan on sbtest1  (cost=31.05..4011.15 rows=1036 width=4)
	        Recheck Cond: ((id >= 9874219) AND (id <= 9875218))
	        ->  Bitmap Index Scan on sbtest1_pkey  (cost=0.00..30.79 rows=1036 width=0)
	              Index Cond: ((id >= 9874219) AND (id <= 9875218))

table 2 : explain SELECT SUM(k) FROM sbtest2 WHERE id BETWEEN 6954074 AND 6955073
	Aggregate  (cost=3679.78..3679.79 rows=1 width=8)
	  ->  Bitmap Heap Scan on sbtest2  (cost=30.15..3677.41 rows=948 width=4)
	        Recheck Cond: ((id >= 6954074) AND (id <= 6955073))
	        ->  Bitmap Index Scan on sbtest2_pkey  (cost=0.00..29.91 rows=948 width=0)
	              Index Cond: ((id >= 6954074) AND (id <= 6955073))

table 3 : explain SELECT SUM(k) FROM sbtest3 WHERE id BETWEEN 2227074 AND 2228073
	Aggregate  (cost=3893.50..3893.51 rows=1 width=8)
	  ->  Bitmap Heap Scan on sbtest3  (cost=30.74..3890.98 rows=1005 width=4)
	        Recheck Cond: ((id >= 2227074) AND (id <= 2228073))
	        ->  Bitmap Index Scan on sbtest3_pkey  (cost=0.00..30.48 rows=1005 width=0)
	              Index Cond: ((id >= 2227074) AND (id <= 2228073))

table 4 : explain SELECT SUM(k) FROM sbtest4 WHERE id BETWEEN 6441807 AND 6442806
	Aggregate  (cost=4324.88..4324.89 rows=1 width=8)
	  ->  Bitmap Heap Scan on sbtest4  (cost=35.89..4322.09 rows=1118 width=4)
	        Recheck Cond: ((id >= 6441807) AND (id <= 6442806))
	        ->  Bitmap Index Scan on sbtest4_pkey  (cost=0.00..35.62 rows=1118 width=0)
	              Index Cond: ((id >= 6441807) AND (id <= 6442806))

table 5 : explain SELECT SUM(k) FROM sbtest5 WHERE id BETWEEN 2778971 AND 2779970
	Aggregate  (cost=3782.09..3782.10 rows=1 width=8)
	  ->  Bitmap Heap Scan on sbtest5  (cost=30.43..3779.65 rows=975 width=4)
	        Recheck Cond: ((id >= 2778971) AND (id <= 2779970))
	        ->  Bitmap Index Scan on sbtest5_pkey  (cost=0.00..30.18 rows=975 width=0)
	              Index Cond: ((id >= 2778971) AND (id <= 2779970))

table 6 : explain SELECT SUM(k) FROM sbtest6 WHERE id BETWEEN 4144281 AND 4145280
	Aggregate  (cost=3592.50..3592.51 rows=1 width=8)
	  ->  Bitmap Heap Scan on sbtest6  (cost=29.92..3590.19 rows=925 width=4)
	        Recheck Cond: ((id >= 4144281) AND (id <= 4145280))
	        ->  Bitmap Index Scan on sbtest6_pkey  (cost=0.00..29.68 rows=925 width=0)
	              Index Cond: ((id >= 4144281) AND (id <= 4145280))

table 7 : explain SELECT SUM(k) FROM sbtest7 WHERE id BETWEEN 9374901 AND 9375900
	Aggregate  (cost=4055.27..4055.28 rows=1 width=8)
	  ->  Bitmap Heap Scan on sbtest7  (cost=35.17..4052.65 rows=1047 width=4)
	        Recheck Cond: ((id >= 9374901) AND (id <= 9375900))
	        ->  Bitmap Index Scan on sbtest7_pkey  (cost=0.00..34.91 rows=1047 width=0)
	              Index Cond: ((id >= 9374901) AND (id <= 9375900))

table 8 : explain SELECT SUM(k) FROM sbtest8 WHERE id BETWEEN 6047357 AND 6048356
	Aggregate  (cost=3551.32..3551.33 rows=1 width=8)
	  ->  Bitmap Heap Scan on sbtest8  (cost=29.80..3549.04 rows=914 width=4)
	        Recheck Cond: ((id >= 6047357) AND (id <= 6048356))
	        ->  Bitmap Index Scan on sbtest8_pkey  (cost=0.00..29.57 rows=914 width=0)
	              Index Cond: ((id >= 6047357) AND (id <= 6048356))

for: sum_ranges
table 1 : explain SELECT SUM(k) FROM sbtest1 WHERE id BETWEEN 4309073 AND 4310072
	Aggregate  (cost=3881.59..3881.60 rows=1 width=8)
	  ->  Bitmap Heap Scan on sbtest1  (cost=30.70..3879.09 rows=1001 width=4)
	        Recheck Cond: ((id >= 4309073) AND (id <= 4310072))
	        ->  Bitmap Index Scan on sbtest1_pkey  (cost=0.00..30.44 rows=1001 width=0)
	              Index Cond: ((id >= 4309073) AND (id <= 4310072))

table 2 : explain SELECT SUM(k) FROM sbtest2 WHERE id BETWEEN 5042537 AND 5043536
	Aggregate  (cost=3687.34..3687.35 rows=1 width=8)
	  ->  Bitmap Heap Scan on sbtest2  (cost=30.17..3684.97 rows=950 width=4)
	        Recheck Cond: ((id >= 5042537) AND (id <= 5043536))
	        ->  Bitmap Index Scan on sbtest2_pkey  (cost=0.00..29.93 rows=950 width=0)
	              Index Cond: ((id >= 5042537) AND (id <= 5043536))

table 3 : explain SELECT SUM(k) FROM sbtest3 WHERE id BETWEEN 404953 AND 405952
	Aggregate  (cost=3901.04..3901.05 rows=1 width=8)
	  ->  Bitmap Heap Scan on sbtest3  (cost=30.76..3898.52 rows=1007 width=4)
	        Recheck Cond: ((id >= 404953) AND (id <= 405952))
	        ->  Bitmap Index Scan on sbtest3_pkey  (cost=0.00..30.50 rows=1007 width=0)
	              Index Cond: ((id >= 404953) AND (id <= 405952))

table 4 : explain SELECT SUM(k) FROM sbtest4 WHERE id BETWEEN 4026744 AND 4027743
	Aggregate  (cost=4257.16..4257.17 rows=1 width=8)
	  ->  Bitmap Heap Scan on sbtest4  (cost=35.71..4254.41 rows=1100 width=4)
	        Recheck Cond: ((id >= 4026744) AND (id <= 4027743))
	        ->  Bitmap Index Scan on sbtest4_pkey  (cost=0.00..35.44 rows=1100 width=0)
	              Index Cond: ((id >= 4026744) AND (id <= 4027743))

table 5 : explain SELECT SUM(k) FROM sbtest5 WHERE id BETWEEN 2776222 AND 2777221
	Aggregate  (cost=3782.09..3782.10 rows=1 width=8)
	  ->  Bitmap Heap Scan on sbtest5  (cost=30.43..3779.65 rows=975 width=4)
	        Recheck Cond: ((id >= 2776222) AND (id <= 2777221))
	        ->  Bitmap Index Scan on sbtest5_pkey  (cost=0.00..30.18 rows=975 width=0)
	              Index Cond: ((id >= 2776222) AND (id <= 2777221))

table 6 : explain SELECT SUM(k) FROM sbtest6 WHERE id BETWEEN 2059960 AND 2060959
	Aggregate  (cost=3751.35..3751.36 rows=1 width=8)
	  ->  Bitmap Heap Scan on sbtest6  (cost=30.35..3748.94 rows=967 width=4)
	        Recheck Cond: ((id >= 2059960) AND (id <= 2060959))
	        ->  Bitmap Index Scan on sbtest6_pkey  (cost=0.00..30.11 rows=967 width=0)
	              Index Cond: ((id >= 2059960) AND (id <= 2060959))

table 7 : explain SELECT SUM(k) FROM sbtest7 WHERE id BETWEEN 551348 AND 552347
	Aggregate  (cost=3892.97..3892.98 rows=1 width=8)
	  ->  Bitmap Heap Scan on sbtest7  (cost=30.74..3890.46 rows=1005 width=4)
	        Recheck Cond: ((id >= 551348) AND (id <= 552347))
	        ->  Bitmap Index Scan on sbtest7_pkey  (cost=0.00..30.48 rows=1005 width=0)
	              Index Cond: ((id >= 551348) AND (id <= 552347))

table 8 : explain SELECT SUM(k) FROM sbtest8 WHERE id BETWEEN 7447952 AND 7448951
	Aggregate  (cost=4016.16..4016.17 rows=1 width=8)
	  ->  Bitmap Heap Scan on sbtest8  (cost=31.06..4013.57 rows=1037 width=4)
	        Recheck Cond: ((id >= 7447952) AND (id <= 7448951))
	        ->  Bitmap Index Scan on sbtest8_pkey  (cost=0.00..30.80 rows=1037 width=0)
	              Index Cond: ((id >= 7447952) AND (id <= 7448951))

for: sum_ranges
table 1 : explain SELECT SUM(k) FROM sbtest1 WHERE id BETWEEN 4976650 AND 4977649
	Aggregate  (cost=3771.98..3771.99 rows=1 width=8)
	  ->  Bitmap Heap Scan on sbtest1  (cost=30.40..3769.55 rows=972 width=4)
	        Recheck Cond: ((id >= 4976650) AND (id <= 4977649))
	        ->  Bitmap Index Scan on sbtest1_pkey  (cost=0.00..30.15 rows=972 width=0)
	              Index Cond: ((id >= 4976650) AND (id <= 4977649))

table 2 : explain SELECT SUM(k) FROM sbtest2 WHERE id BETWEEN 4474539 AND 4475538
	Aggregate  (cost=3376.78..3376.79 rows=1 width=8)
	  ->  Bitmap Heap Scan on sbtest2  (cost=29.33..3374.61 rows=868 width=4)
	        Recheck Cond: ((id >= 4474539) AND (id <= 4475538))
	        ->  Bitmap Index Scan on sbtest2_pkey  (cost=0.00..29.11 rows=868 width=0)
	              Index Cond: ((id >= 4474539) AND (id <= 4475538))

table 3 : explain SELECT SUM(k) FROM sbtest3 WHERE id BETWEEN 7278188 AND 7279187
	Aggregate  (cost=4059.37..4059.38 rows=1 width=8)
	  ->  Bitmap Heap Scan on sbtest3  (cost=31.19..4056.74 rows=1049 width=4)
	        Recheck Cond: ((id >= 7278188) AND (id <= 7279187))
	        ->  Bitmap Index Scan on sbtest3_pkey  (cost=0.00..30.93 rows=1049 width=0)
	              Index Cond: ((id >= 7278188) AND (id <= 7279187))

table 4 : explain SELECT SUM(k) FROM sbtest4 WHERE id BETWEEN 7955164 AND 7956163
	Aggregate  (cost=3910.20..3910.21 rows=1 width=8)
	  ->  Bitmap Heap Scan on sbtest4  (cost=30.78..3907.68 rows=1009 width=4)
	        Recheck Cond: ((id >= 7955164) AND (id <= 7956163))
	        ->  Bitmap Index Scan on sbtest4_pkey  (cost=0.00..30.52 rows=1009 width=0)
	              Index Cond: ((id >= 7955164) AND (id <= 7956163))

table 5 : explain SELECT SUM(k) FROM sbtest5 WHERE id BETWEEN 5124018 AND 5125017
	Aggregate  (cost=3661.09..3661.10 rows=1 width=8)
	  ->  Bitmap Heap Scan on sbtest5  (cost=30.10..3658.73 rows=943 width=4)
	        Recheck Cond: ((id >= 5124018) AND (id <= 5125017))
	        ->  Bitmap Index Scan on sbtest5_pkey  (cost=0.00..29.86 rows=943 width=0)
	              Index Cond: ((id >= 5124018) AND (id <= 5125017))

table 6 : explain SELECT SUM(k) FROM sbtest6 WHERE id BETWEEN 2758364 AND 2759363
	Aggregate  (cost=3531.93..3531.94 rows=1 width=8)
	  ->  Bitmap Heap Scan on sbtest6  (cost=29.75..3529.66 rows=909 width=4)
	        Recheck Cond: ((id >= 2758364) AND (id <= 2759363))
	        ->  Bitmap Index Scan on sbtest6_pkey  (cost=0.00..29.52 rows=909 width=0)
	              Index Cond: ((id >= 2758364) AND (id <= 2759363))

table 7 : explain SELECT SUM(k) FROM sbtest7 WHERE id BETWEEN 7181763 AND 7182762
	Aggregate  (cost=3964.61..3964.62 rows=1 width=8)
	  ->  Bitmap Heap Scan on sbtest7  (cost=30.93..3962.05 rows=1024 width=4)
	        Recheck Cond: ((id >= 7181763) AND (id <= 7182762))
	        ->  Bitmap Index Scan on sbtest7_pkey  (cost=0.00..30.68 rows=1024 width=0)
	              Index Cond: ((id >= 7181763) AND (id <= 7182762))

table 8 : explain SELECT SUM(k) FROM sbtest8 WHERE id BETWEEN 5512338 AND 5513337
	Aggregate  (cost=3850.10..3850.11 rows=1 width=8)
	  ->  Bitmap Heap Scan on sbtest8  (cost=30.61..3847.61 rows=993 width=4)
	        Recheck Cond: ((id >= 5512338) AND (id <= 5513337))
	        ->  Bitmap Index Scan on sbtest8_pkey  (cost=0.00..30.36 rows=993 width=0)
	              Index Cond: ((id >= 5512338) AND (id <= 5513337))

for: simple_ranges
table 1 : explain SELECT c FROM sbtest1 WHERE id BETWEEN 9433290 AND 9434289
	Bitmap Heap Scan on sbtest1  (cost=30.87..3943.25 rows=1018 width=121)
	  Recheck Cond: ((id >= 9433290) AND (id <= 9434289))
	  ->  Bitmap Index Scan on sbtest1_pkey  (cost=0.00..30.61 rows=1018 width=0)
	        Index Cond: ((id >= 9433290) AND (id <= 9434289))

table 2 : explain SELECT c FROM sbtest2 WHERE id BETWEEN 2694315 AND 2695314
	Bitmap Heap Scan on sbtest2  (cost=35.90..4325.91 rows=1119 width=121)
	  Recheck Cond: ((id >= 2694315) AND (id <= 2695314))
	  ->  Bitmap Index Scan on sbtest2_pkey  (cost=0.00..35.62 rows=1119 width=0)
	        Index Cond: ((id >= 2694315) AND (id <= 2695314))

table 3 : explain SELECT c FROM sbtest3 WHERE id BETWEEN 5902201 AND 5903200
	Bitmap Heap Scan on sbtest3  (cost=31.27..4086.86 rows=1057 width=121)
	  Recheck Cond: ((id >= 5902201) AND (id <= 5903200))
	  ->  Bitmap Index Scan on sbtest3_pkey  (cost=0.00..31.00 rows=1057 width=0)
	        Index Cond: ((id >= 5902201) AND (id <= 5903200))

table 4 : explain SELECT c FROM sbtest4 WHERE id BETWEEN 8688069 AND 8689068
	Bitmap Heap Scan on sbtest4  (cost=31.16..4047.16 rows=1046 width=121)
	  Recheck Cond: ((id >= 8688069) AND (id <= 8689068))
	  ->  Bitmap Index Scan on sbtest4_pkey  (cost=0.00..30.89 rows=1046 width=0)
	        Index Cond: ((id >= 8688069) AND (id <= 8689068))

table 5 : explain SELECT c FROM sbtest5 WHERE id BETWEEN 988789 AND 989788
	Bitmap Heap Scan on sbtest5  (cost=30.48..3798.53 rows=980 width=121)
	  Recheck Cond: ((id >= 988789) AND (id <= 989788))
	  ->  Bitmap Index Scan on sbtest5_pkey  (cost=0.00..30.23 rows=980 width=0)
	        Index Cond: ((id >= 988789) AND (id <= 989788))

table 6 : explain SELECT c FROM sbtest6 WHERE id BETWEEN 8673521 AND 8674520
	Bitmap Heap Scan on sbtest6  (cost=30.70..3877.28 rows=1001 width=121)
	  Recheck Cond: ((id >= 8673521) AND (id <= 8674520))
	  ->  Bitmap Index Scan on sbtest6_pkey  (cost=0.00..30.44 rows=1001 width=0)
	        Index Cond: ((id >= 8673521) AND (id <= 8674520))

table 7 : explain SELECT c FROM sbtest7 WHERE id BETWEEN 9499270 AND 9500269
	Bitmap Heap Scan on sbtest7  (cost=35.35..4120.38 rows=1065 width=121)
	  Recheck Cond: ((id >= 9499270) AND (id <= 9500269))
	  ->  Bitmap Index Scan on sbtest7_pkey  (cost=0.00..35.09 rows=1065 width=0)
	        Index Cond: ((id >= 9499270) AND (id <= 9500269))

table 8 : explain SELECT c FROM sbtest8 WHERE id BETWEEN 7767122 AND 7768121
	Bitmap Heap Scan on sbtest8  (cost=30.85..3934.39 rows=1016 width=121)
	  Recheck Cond: ((id >= 7767122) AND (id <= 7768121))
	  ->  Bitmap Index Scan on sbtest8_pkey  (cost=0.00..30.59 rows=1016 width=0)
	        Index Cond: ((id >= 7767122) AND (id <= 7768121))

for: order_ranges
table 1 : explain SELECT c FROM sbtest1 WHERE id BETWEEN 943861 AND 944860 ORDER BY c
	Sort  (cost=4082.17..4084.78 rows=1041 width=121)
	  Sort Key: c
	  ->  Bitmap Heap Scan on sbtest1  (cost=31.11..4030.00 rows=1041 width=121)
	        Recheck Cond: ((id >= 943861) AND (id <= 944860))
	        ->  Bitmap Index Scan on sbtest1_pkey  (cost=0.00..30.84 rows=1041 width=0)
	              Index Cond: ((id >= 943861) AND (id <= 944860))

table 2 : explain SELECT c FROM sbtest2 WHERE id BETWEEN 6114358 AND 6115357 ORDER BY c
	Sort  (cost=4149.57..4152.21 rows=1058 width=121)
	  Sort Key: c
	  ->  Bitmap Heap Scan on sbtest2  (cost=35.28..4096.42 rows=1058 width=121)
	        Recheck Cond: ((id >= 6114358) AND (id <= 6115357))
	        ->  Bitmap Index Scan on sbtest2_pkey  (cost=0.00..35.02 rows=1058 width=0)
	              Index Cond: ((id >= 6114358) AND (id <= 6115357))

table 3 : explain SELECT c FROM sbtest3 WHERE id BETWEEN 1845841 AND 1846840 ORDER BY c
	Sort  (cost=3883.68..3886.15 rows=990 width=121)
	  Sort Key: c
	  ->  Bitmap Heap Scan on sbtest3  (cost=30.58..3834.42 rows=990 width=121)
	        Recheck Cond: ((id >= 1845841) AND (id <= 1846840))
	        ->  Bitmap Index Scan on sbtest3_pkey  (cost=0.00..30.33 rows=990 width=0)
	              Index Cond: ((id >= 1845841) AND (id <= 1846840))

table 4 : explain SELECT c FROM sbtest4 WHERE id BETWEEN 3645562 AND 3646561 ORDER BY c
	Sort  (cost=3823.93..3826.37 rows=974 width=121)
	  Sort Key: c
	  ->  Bitmap Heap Scan on sbtest4  (cost=30.42..3775.59 rows=974 width=121)
	        Recheck Cond: ((id >= 3645562) AND (id <= 3646561))
	        ->  Bitmap Index Scan on sbtest4_pkey  (cost=0.00..30.18 rows=974 width=0)
	              Index Cond: ((id >= 3645562) AND (id <= 3646561))

table 5 : explain SELECT c FROM sbtest5 WHERE id BETWEEN 4351439 AND 4352438 ORDER BY c
	Sort  (cost=3931.52..3934.02 rows=1002 width=121)
	  Sort Key: c
	  ->  Bitmap Heap Scan on sbtest5  (cost=30.71..3881.57 rows=1002 width=121)
	        Recheck Cond: ((id >= 4351439) AND (id <= 4352438))
	        ->  Bitmap Index Scan on sbtest5_pkey  (cost=0.00..30.45 rows=1002 width=0)
	              Index Cond: ((id >= 4351439) AND (id <= 4352438))

table 6 : explain SELECT c FROM sbtest6 WHERE id BETWEEN 4301150 AND 4302149 ORDER BY c
	Sort  (cost=3639.60..3641.92 rows=926 width=121)
	  Sort Key: c
	  ->  Bitmap Heap Scan on sbtest6  (cost=29.93..3593.97 rows=926 width=121)
	        Recheck Cond: ((id >= 4301150) AND (id <= 4302149))
	        ->  Bitmap Index Scan on sbtest6_pkey  (cost=0.00..29.69 rows=926 width=0)
	              Index Cond: ((id >= 4301150) AND (id <= 4302149))

table 7 : explain SELECT c FROM sbtest7 WHERE id BETWEEN 2560308 AND 2561307 ORDER BY c
	Sort  (cost=4292.27..4295.01 rows=1096 width=121)
	  Sort Key: c
	  ->  Bitmap Heap Scan on sbtest7  (cost=35.67..4236.94 rows=1096 width=121)
	        Recheck Cond: ((id >= 2560308) AND (id <= 2561307))
	        ->  Bitmap Index Scan on sbtest7_pkey  (cost=0.00..35.40 rows=1096 width=0)
	              Index Cond: ((id >= 2560308) AND (id <= 2561307))

table 8 : explain SELECT c FROM sbtest8 WHERE id BETWEEN 1622986 AND 1623985 ORDER BY c
	Sort  (cost=3831.89..3834.33 rows=976 width=121)
	  Sort Key: c
	  ->  Bitmap Heap Scan on sbtest8  (cost=30.44..3783.43 rows=976 width=121)
	        Recheck Cond: ((id >= 1622986) AND (id <= 1623985))
	        ->  Bitmap Index Scan on sbtest8_pkey  (cost=0.00..30.19 rows=976 width=0)
	              Index Cond: ((id >= 1622986) AND (id <= 1623985))

explain: for point_selects :: explain SELECT c FROM sbtest%u WHERE id=%u
explain: for point_selects :: explain SELECT c FROM sbtest%u WHERE id=%u
for: sum_ranges
table 1 : explain SELECT SUM(k) FROM sbtest1 WHERE id BETWEEN 3863372 AND 3864371
	Aggregate  (cost=3775.76..3775.77 rows=1 width=8)
	  ->  Bitmap Heap Scan on sbtest1  (cost=30.41..3773.33 rows=973 width=4)
	        Recheck Cond: ((id >= 3863372) AND (id <= 3864371))
	        ->  Bitmap Index Scan on sbtest1_pkey  (cost=0.00..30.16 rows=973 width=0)
	              Index Cond: ((id >= 3863372) AND (id <= 3864371))

table 2 : explain SELECT SUM(k) FROM sbtest2 WHERE id BETWEEN 6979300 AND 6980299
	Aggregate  (cost=3679.78..3679.79 rows=1 width=8)
	  ->  Bitmap Heap Scan on sbtest2  (cost=30.15..3677.41 rows=948 width=4)
	        Recheck Cond: ((id >= 6979300) AND (id <= 6980299))
	        ->  Bitmap Index Scan on sbtest2_pkey  (cost=0.00..29.91 rows=948 width=0)
	              Index Cond: ((id >= 6979300) AND (id <= 6980299))

table 3 : explain SELECT SUM(k) FROM sbtest3 WHERE id BETWEEN 1543737 AND 1544736
	Aggregate  (cost=3901.04..3901.05 rows=1 width=8)
	  ->  Bitmap Heap Scan on sbtest3  (cost=30.76..3898.52 rows=1007 width=4)
	        Recheck Cond: ((id >= 1543737) AND (id <= 1544736))
	        ->  Bitmap Index Scan on sbtest3_pkey  (cost=0.00..30.50 rows=1007 width=0)
	              Index Cond: ((id >= 1543737) AND (id <= 1544736))

table 4 : explain SELECT SUM(k) FROM sbtest4 WHERE id BETWEEN 4364329 AND 4365328
	Aggregate  (cost=4110.07..4110.08 rows=1 width=8)
	  ->  Bitmap Heap Scan on sbtest4  (cost=31.32..4107.42 rows=1062 width=4)
	        Recheck Cond: ((id >= 4364329) AND (id <= 4365328))
	        ->  Bitmap Index Scan on sbtest4_pkey  (cost=0.00..31.05 rows=1062 width=0)
	              Index Cond: ((id >= 4364329) AND (id <= 4365328))

table 5 : explain SELECT SUM(k) FROM sbtest5 WHERE id BETWEEN 751565 AND 752564
	Aggregate  (cost=4129.47..4129.48 rows=1 width=8)
	  ->  Bitmap Heap Scan on sbtest5  (cost=35.36..4126.81 rows=1066 width=4)
	        Recheck Cond: ((id >= 751565) AND (id <= 752564))
	        ->  Bitmap Index Scan on sbtest5_pkey  (cost=0.00..35.09 rows=1066 width=0)
	              Index Cond: ((id >= 751565) AND (id <= 752564))

table 6 : explain SELECT SUM(k) FROM sbtest6 WHERE id BETWEEN 9052888 AND 9053887
	Aggregate  (cost=4121.36..4121.37 rows=1 width=8)
	  ->  Bitmap Heap Scan on sbtest6  (cost=35.34..4118.70 rows=1064 width=4)
	        Recheck Cond: ((id >= 9052888) AND (id <= 9053887))
	        ->  Bitmap Index Scan on sbtest6_pkey  (cost=0.00..35.08 rows=1064 width=0)
	              Index Cond: ((id >= 9052888) AND (id <= 9053887))

table 7 : explain SELECT SUM(k) FROM sbtest7 WHERE id BETWEEN 4421296 AND 4422295
	Aggregate  (cost=4123.05..4123.06 rows=1 width=8)
	  ->  Bitmap Heap Scan on sbtest7  (cost=35.35..4120.38 rows=1065 width=4)
	        Recheck Cond: ((id >= 4421296) AND (id <= 4422295))
	        ->  Bitmap Index Scan on sbtest7_pkey  (cost=0.00..35.09 rows=1065 width=0)
	              Index Cond: ((id >= 4421296) AND (id <= 4422295))

table 8 : explain SELECT SUM(k) FROM sbtest8 WHERE id BETWEEN 2363473 AND 2364472
	Aggregate  (cost=3970.89..3970.90 rows=1 width=8)
	  ->  Bitmap Heap Scan on sbtest8  (cost=30.94..3968.33 rows=1025 width=4)
	        Recheck Cond: ((id >= 2363473) AND (id <= 2364472))
	        ->  Bitmap Index Scan on sbtest8_pkey  (cost=0.00..30.68 rows=1025 width=0)
	              Index Cond: ((id >= 2363473) AND (id <= 2364472))

for: sum_ranges
table 1 : explain SELECT SUM(k) FROM sbtest1 WHERE id BETWEEN 3713188 AND 3714187
	Aggregate  (cost=3809.79..3809.80 rows=1 width=8)
	  ->  Bitmap Heap Scan on sbtest1  (cost=30.50..3807.33 rows=982 width=4)
	        Recheck Cond: ((id >= 3713188) AND (id <= 3714187))
	        ->  Bitmap Index Scan on sbtest1_pkey  (cost=0.00..30.25 rows=982 width=0)
	              Index Cond: ((id >= 3713188) AND (id <= 3714187))

table 2 : explain SELECT SUM(k) FROM sbtest2 WHERE id BETWEEN 38525 AND 39524
	Aggregate  (cost=3649.52..3649.53 rows=1 width=8)
	  ->  Bitmap Heap Scan on sbtest2  (cost=30.07..3647.17 rows=940 width=4)
	        Recheck Cond: ((id >= 38525) AND (id <= 39524))
	        ->  Bitmap Index Scan on sbtest2_pkey  (cost=0.00..29.83 rows=940 width=0)
	              Index Cond: ((id >= 38525) AND (id <= 39524))

table 3 : explain SELECT SUM(k) FROM sbtest3 WHERE id BETWEEN 8891579 AND 8892578
	Aggregate  (cost=3885.95..3885.96 rows=1 width=8)
	  ->  Bitmap Heap Scan on sbtest3  (cost=30.72..3883.44 rows=1003 width=4)
	        Recheck Cond: ((id >= 8891579) AND (id <= 8892578))
	        ->  Bitmap Index Scan on sbtest3_pkey  (cost=0.00..30.46 rows=1003 width=0)
	              Index Cond: ((id >= 8891579) AND (id <= 8892578))

table 4 : explain SELECT SUM(k) FROM sbtest4 WHERE id BETWEEN 9727462 AND 9728461
	Aggregate  (cost=3830.91..3830.92 rows=1 width=8)
	  ->  Bitmap Heap Scan on sbtest4  (cost=30.56..3828.44 rows=988 width=4)
	        Recheck Cond: ((id >= 9727462) AND (id <= 9728461))
	        ->  Bitmap Index Scan on sbtest4_pkey  (cost=0.00..30.32 rows=988 width=0)
	              Index Cond: ((id >= 9727462) AND (id <= 9728461))

table 5 : explain SELECT SUM(k) FROM sbtest5 WHERE id BETWEEN 1355536 AND 1356535
	Aggregate  (cost=3838.76..3838.77 rows=1 width=8)
	  ->  Bitmap Heap Scan on sbtest5  (cost=30.58..3836.29 rows=990 width=4)
	        Recheck Cond: ((id >= 1355536) AND (id <= 1356535))
	        ->  Bitmap Index Scan on sbtest5_pkey  (cost=0.00..30.33 rows=990 width=0)
	              Index Cond: ((id >= 1355536) AND (id <= 1356535))

table 6 : explain SELECT SUM(k) FROM sbtest6 WHERE id BETWEEN 3611139 AND 3612138
	Aggregate  (cost=3611.43..3611.44 rows=1 width=8)
	  ->  Bitmap Heap Scan on sbtest6  (cost=29.97..3609.10 rows=930 width=4)
	        Recheck Cond: ((id >= 3611139) AND (id <= 3612138))
	        ->  Bitmap Index Scan on sbtest6_pkey  (cost=0.00..29.73 rows=930 width=0)
	              Index Cond: ((id >= 3611139) AND (id <= 3612138))

table 7 : explain SELECT SUM(k) FROM sbtest7 WHERE id BETWEEN 4197876 AND 4198875
	Aggregate  (cost=3828.83..3828.84 rows=1 width=8)
	  ->  Bitmap Heap Scan on sbtest7  (cost=30.56..3826.36 rows=988 width=4)
	        Recheck Cond: ((id >= 4197876) AND (id <= 4198875))
	        ->  Bitmap Index Scan on sbtest7_pkey  (cost=0.00..30.32 rows=988 width=0)
	              Index Cond: ((id >= 4197876) AND (id <= 4198875))

table 8 : explain SELECT SUM(k) FROM sbtest8 WHERE id BETWEEN 1610883 AND 1611882
	Aggregate  (cost=3785.87..3785.88 rows=1 width=8)
	  ->  Bitmap Heap Scan on sbtest8  (cost=30.44..3783.43 rows=976 width=4)
	        Recheck Cond: ((id >= 1610883) AND (id <= 1611882))
	        ->  Bitmap Index Scan on sbtest8_pkey  (cost=0.00..30.19 rows=976 width=0)
	              Index Cond: ((id >= 1610883) AND (id <= 1611882))

explain: for point_selects :: explain SELECT c FROM sbtest%u WHERE id=%u
for: order_ranges
table 1 : explain SELECT c FROM sbtest1 WHERE id BETWEEN 108333 AND 109332 ORDER BY c
	Sort  (cost=3994.11..3996.65 rows=1018 width=121)
	  Sort Key: c
	  ->  Bitmap Heap Scan on sbtest1  (cost=30.87..3943.25 rows=1018 width=121)
	        Recheck Cond: ((id >= 108333) AND (id <= 109332))
	        ->  Bitmap Index Scan on sbtest1_pkey  (cost=0.00..30.61 rows=1018 width=0)
	              Index Cond: ((id >= 108333) AND (id <= 109332))

table 2 : explain SELECT c FROM sbtest2 WHERE id BETWEEN 116489 AND 117488 ORDER BY c
	Sort  (cost=3831.66..3834.10 rows=976 width=121)
	  Sort Key: c
	  ->  Bitmap Heap Scan on sbtest2  (cost=30.44..3783.19 rows=976 width=121)
	        Recheck Cond: ((id >= 116489) AND (id <= 117488))
	        ->  Bitmap Index Scan on sbtest2_pkey  (cost=0.00..30.19 rows=976 width=0)
	              Index Cond: ((id >= 116489) AND (id <= 117488))

table 3 : explain SELECT c FROM sbtest3 WHERE id BETWEEN 416800 AND 417799 ORDER BY c
	Sort  (cost=3948.75..3951.27 rows=1007 width=121)
	  Sort Key: c
	  ->  Bitmap Heap Scan on sbtest3  (cost=30.76..3898.52 rows=1007 width=121)
	        Recheck Cond: ((id >= 416800) AND (id <= 417799))
	        ->  Bitmap Index Scan on sbtest3_pkey  (cost=0.00..30.50 rows=1007 width=0)
	              Index Cond: ((id >= 416800) AND (id <= 417799))

table 4 : explain SELECT c FROM sbtest4 WHERE id BETWEEN 402828 AND 403827 ORDER BY c
	Sort  (cost=4118.74..4121.37 rows=1051 width=121)
	  Sort Key: c
	  ->  Bitmap Heap Scan on sbtest4  (cost=31.21..4065.99 rows=1051 width=121)
	        Recheck Cond: ((id >= 402828) AND (id <= 403827))
	        ->  Bitmap Index Scan on sbtest4_pkey  (cost=0.00..30.94 rows=1051 width=0)
	              Index Cond: ((id >= 402828) AND (id <= 403827))

table 5 : explain SELECT c FROM sbtest5 WHERE id BETWEEN 5361155 AND 5362154 ORDER BY c
	Sort  (cost=4031.07..4033.64 rows=1028 width=121)
	  Sort Key: c
	  ->  Bitmap Heap Scan on sbtest5  (cost=30.97..3979.64 rows=1028 width=121)
	        Recheck Cond: ((id >= 5361155) AND (id <= 5362154))
	        ->  Bitmap Index Scan on sbtest5_pkey  (cost=0.00..30.71 rows=1028 width=0)
	              Index Cond: ((id >= 5361155) AND (id <= 5362154))

table 6 : explain SELECT c FROM sbtest6 WHERE id BETWEEN 6841598 AND 6842597 ORDER BY c
	Sort  (cost=3992.25..3994.80 rows=1018 width=121)
	  Sort Key: c
	  ->  Bitmap Heap Scan on sbtest6  (cost=30.87..3941.39 rows=1018 width=121)
	        Recheck Cond: ((id >= 6841598) AND (id <= 6842597))
	        ->  Bitmap Index Scan on sbtest6_pkey  (cost=0.00..30.61 rows=1018 width=0)
	              Index Cond: ((id >= 6841598) AND (id <= 6842597))

table 7 : explain SELECT c FROM sbtest7 WHERE id BETWEEN 5047284 AND 5048283 ORDER BY c
	Sort  (cost=4204.48..4207.17 rows=1073 width=121)
	  Sort Key: c
	  ->  Bitmap Heap Scan on sbtest7  (cost=35.43..4150.47 rows=1073 width=121)
	        Recheck Cond: ((id >= 5047284) AND (id <= 5048283))
	        ->  Bitmap Index Scan on sbtest7_pkey  (cost=0.00..35.17 rows=1073 width=0)
	              Index Cond: ((id >= 5047284) AND (id <= 5048283))

table 8 : explain SELECT c FROM sbtest8 WHERE id BETWEEN 7107498 AND 7108497 ORDER BY c
	Sort  (cost=4023.42..4025.98 rows=1026 width=121)
	  Sort Key: c
	  ->  Bitmap Heap Scan on sbtest8  (cost=30.95..3972.10 rows=1026 width=121)
	        Recheck Cond: ((id >= 7107498) AND (id <= 7108497))
	        ->  Bitmap Index Scan on sbtest8_pkey  (cost=0.00..30.69 rows=1026 width=0)
	              Index Cond: ((id >= 7107498) AND (id <= 7108497))

for: distinct_ranges
table 1 : explain SELECT DISTINCT c FROM sbtest1 WHERE id BETWEEN 3486372 AND 3487371 ORDER BY c
	Unique  (cost=3499.00..3503.44 rows=889 width=121)
	  ->  Sort  (cost=3499.00..3501.22 rows=889 width=121)
	        Sort Key: c
	        ->  Bitmap Heap Scan on sbtest1  (cost=29.55..3455.45 rows=889 width=121)
	              Recheck Cond: ((id >= 3486372) AND (id <= 3487371))
	              ->  Bitmap Index Scan on sbtest1_pkey  (cost=0.00..29.32 rows=889 width=0)
	                    Index Cond: ((id >= 3486372) AND (id <= 3487371))

table 2 : explain SELECT DISTINCT c FROM sbtest2 WHERE id BETWEEN 8155446 AND 8156445 ORDER BY c
	Unique  (cost=3716.61..3721.34 rows=946 width=121)
	  ->  Sort  (cost=3716.61..3718.97 rows=946 width=121)
	        Sort Key: c
	        ->  Bitmap Heap Scan on sbtest2  (cost=30.13..3669.85 rows=946 width=121)
	              Recheck Cond: ((id >= 8155446) AND (id <= 8156445))
	              ->  Bitmap Index Scan on sbtest2_pkey  (cost=0.00..29.89 rows=946 width=0)
	                    Index Cond: ((id >= 8155446) AND (id <= 8156445))

table 3 : explain SELECT DISTINCT c FROM sbtest3 WHERE id BETWEEN 8356431 AND 8357430 ORDER BY c
	Unique  (cost=3994.67..3999.76 rows=1019 width=121)
	  ->  Sort  (cost=3994.67..3997.21 rows=1019 width=121)
	        Sort Key: c
	        ->  Bitmap Heap Scan on sbtest3  (cost=30.88..3943.75 rows=1019 width=121)
	              Recheck Cond: ((id >= 8356431) AND (id <= 8357430))
	              ->  Bitmap Index Scan on sbtest3_pkey  (cost=0.00..30.62 rows=1019 width=0)
	                    Index Cond: ((id >= 8356431) AND (id <= 8357430))

table 4 : explain SELECT DISTINCT c FROM sbtest4 WHERE id BETWEEN 5973714 AND 5974713 ORDER BY c
	Unique  (cost=4214.48..4219.86 rows=1075 width=121)
	  ->  Sort  (cost=4214.48..4217.17 rows=1075 width=121)
	        Sort Key: c
	        ->  Bitmap Heap Scan on sbtest4  (cost=35.45..4160.36 rows=1075 width=121)
	              Recheck Cond: ((id >= 5973714) AND (id <= 5974713))
	              ->  Bitmap Index Scan on sbtest4_pkey  (cost=0.00..35.19 rows=1075 width=0)
	                    Index Cond: ((id >= 5973714) AND (id <= 5974713))

table 5 : explain SELECT DISTINCT c FROM sbtest5 WHERE id BETWEEN 273725 AND 274724 ORDER BY c
	Unique  (cost=4038.72..4043.87 rows=1030 width=121)
	  ->  Sort  (cost=4038.72..4041.29 rows=1030 width=121)
	        Sort Key: c
	        ->  Bitmap Heap Scan on sbtest5  (cost=30.99..3987.18 rows=1030 width=121)
	              Recheck Cond: ((id >= 273725) AND (id <= 274724))
	              ->  Bitmap Index Scan on sbtest5_pkey  (cost=0.00..30.73 rows=1030 width=0)
	                    Index Cond: ((id >= 273725) AND (id <= 274724))

table 6 : explain SELECT DISTINCT c FROM sbtest6 WHERE id BETWEEN 3206818 AND 3207817 ORDER BY c
	Unique  (cost=3885.03..3889.98 rows=990 width=121)
	  ->  Sort  (cost=3885.03..3887.51 rows=990 width=121)
	        Sort Key: c
	        ->  Bitmap Heap Scan on sbtest6  (cost=30.58..3835.77 rows=990 width=121)
	              Recheck Cond: ((id >= 3206818) AND (id <= 3207817))
	              ->  Bitmap Index Scan on sbtest6_pkey  (cost=0.00..30.33 rows=990 width=0)
	                    Index Cond: ((id >= 3206818) AND (id <= 3207817))

table 7 : explain SELECT DISTINCT c FROM sbtest7 WHERE id BETWEEN 2670382 AND 2671381 ORDER BY c
	Unique  (cost=4131.92..4137.19 rows=1054 width=121)
	  ->  Sort  (cost=4131.92..4134.55 rows=1054 width=121)
	        Sort Key: c
	        ->  Bitmap Heap Scan on sbtest7  (cost=35.24..4079.00 rows=1054 width=121)
	              Recheck Cond: ((id >= 2670382) AND (id <= 2671381))
	              ->  Bitmap Index Scan on sbtest7_pkey  (cost=0.00..34.98 rows=1054 width=0)
	                    Index Cond: ((id >= 2670382) AND (id <= 2671381))

table 8 : explain SELECT DISTINCT c FROM sbtest8 WHERE id BETWEEN 1128001 AND 1129000 ORDER BY c
	Unique  (cost=3858.72..3863.64 rows=983 width=121)
	  ->  Sort  (cost=3858.72..3861.18 rows=983 width=121)
	        Sort Key: c
	        ->  Bitmap Heap Scan on sbtest8  (cost=30.51..3809.86 rows=983 width=121)
	              Recheck Cond: ((id >= 1128001) AND (id <= 1129000))
	              ->  Bitmap Index Scan on sbtest8_pkey  (cost=0.00..30.26 rows=983 width=0)
	                    Index Cond: ((id >= 1128001) AND (id <= 1129000))

for: distinct_ranges
table 1 : explain SELECT DISTINCT c FROM sbtest1 WHERE id BETWEEN 7945622 AND 7946621 ORDER BY c
	Unique  (cost=3917.48..3922.47 rows=998 width=121)
	  ->  Sort  (cost=3917.48..3919.97 rows=998 width=121)
	        Sort Key: c
	        ->  Bitmap Heap Scan on sbtest1  (cost=30.66..3867.76 rows=998 width=121)
	              Recheck Cond: ((id >= 7945622) AND (id <= 7946621))
	              ->  Bitmap Index Scan on sbtest1_pkey  (cost=0.00..30.41 rows=998 width=0)
	                    Index Cond: ((id >= 7945622) AND (id <= 7946621))

table 2 : explain SELECT DISTINCT c FROM sbtest2 WHERE id BETWEEN 7162584 AND 7163583 ORDER BY c
	Unique  (cost=3881.48..3886.42 rows=989 width=121)
	  ->  Sort  (cost=3881.48..3883.95 rows=989 width=121)
	        Sort Key: c
	        ->  Bitmap Heap Scan on sbtest2  (cost=30.57..3832.27 rows=989 width=121)
	              Recheck Cond: ((id >= 7162584) AND (id <= 7163583))
	              ->  Bitmap Index Scan on sbtest2_pkey  (cost=0.00..30.32 rows=989 width=0)
	                    Index Cond: ((id >= 7162584) AND (id <= 7163583))

table 3 : explain SELECT DISTINCT c FROM sbtest3 WHERE id BETWEEN 1047078 AND 1048077 ORDER BY c
	Unique  (cost=3580.81..3585.37 rows=911 width=121)
	  ->  Sort  (cost=3580.81..3583.09 rows=911 width=121)
	        Sort Key: c
	        ->  Bitmap Heap Scan on sbtest3  (cost=29.77..3536.03 rows=911 width=121)
	              Recheck Cond: ((id >= 1047078) AND (id <= 1048077))
	              ->  Bitmap Index Scan on sbtest3_pkey  (cost=0.00..29.54 rows=911 width=0)
	                    Index Cond: ((id >= 1047078) AND (id <= 1048077))

table 4 : explain SELECT DISTINCT c FROM sbtest4 WHERE id BETWEEN 9407072 AND 9408071 ORDER BY c
	Unique  (cost=4122.56..4127.82 rows=1052 width=121)
	  ->  Sort  (cost=4122.56..4125.19 rows=1052 width=121)
	        Sort Key: c
	        ->  Bitmap Heap Scan on sbtest4  (cost=31.22..4069.76 rows=1052 width=121)
	              Recheck Cond: ((id >= 9407072) AND (id <= 9408071))
	              ->  Bitmap Index Scan on sbtest4_pkey  (cost=0.00..30.95 rows=1052 width=0)
	                    Index Cond: ((id >= 9407072) AND (id <= 9408071))

table 5 : explain SELECT DISTINCT c FROM sbtest5 WHERE id BETWEEN 397819 AND 398818 ORDER BY c
	Unique  (cost=4188.06..4193.40 rows=1068 width=121)
	  ->  Sort  (cost=4188.06..4190.73 rows=1068 width=121)
	        Sort Key: c
	        ->  Bitmap Heap Scan on sbtest5  (cost=35.38..4134.34 rows=1068 width=121)
	              Recheck Cond: ((id >= 397819) AND (id <= 398818))
	              ->  Bitmap Index Scan on sbtest5_pkey  (cost=0.00..35.12 rows=1068 width=0)
	                    Index Cond: ((id >= 397819) AND (id <= 398818))

table 6 : explain SELECT DISTINCT c FROM sbtest6 WHERE id BETWEEN 2491660 AND 2492659 ORDER BY c
	Unique  (cost=4118.50..4123.75 rows=1051 width=121)
	  ->  Sort  (cost=4118.50..4121.13 rows=1051 width=121)
	        Sort Key: c
	        ->  Bitmap Heap Scan on sbtest6  (cost=31.21..4065.75 rows=1051 width=121)
	              Recheck Cond: ((id >= 2491660) AND (id <= 2492659))
	              ->  Bitmap Index Scan on sbtest6_pkey  (cost=0.00..30.94 rows=1051 width=0)
	                    Index Cond: ((id >= 2491660) AND (id <= 2492659))

table 7 : explain SELECT DISTINCT c FROM sbtest7 WHERE id BETWEEN 2285138 AND 2286137 ORDER BY c
	Unique  (cost=3955.87..3960.92 rows=1009 width=121)
	  ->  Sort  (cost=3955.87..3958.40 rows=1009 width=121)
	        Sort Key: c
	        ->  Bitmap Heap Scan on sbtest7  (cost=30.78..3905.53 rows=1009 width=121)
	              Recheck Cond: ((id >= 2285138) AND (id <= 2286137))
	              ->  Bitmap Index Scan on sbtest7_pkey  (cost=0.00..30.52 rows=1009 width=0)
	                    Index Cond: ((id >= 2285138) AND (id <= 2286137))

table 8 : explain SELECT DISTINCT c FROM sbtest8 WHERE id BETWEEN 3200521 AND 3201520 ORDER BY c
	Unique  (cost=4004.28..4009.38 rows=1021 width=121)
	  ->  Sort  (cost=4004.28..4006.83 rows=1021 width=121)
	        Sort Key: c
	        ->  Bitmap Heap Scan on sbtest8  (cost=30.90..3953.25 rows=1021 width=121)
	              Recheck Cond: ((id >= 3200521) AND (id <= 3201520))
	              ->  Bitmap Index Scan on sbtest8_pkey  (cost=0.00..30.64 rows=1021 width=0)
	                    Index Cond: ((id >= 3200521) AND (id <= 3201520))

for: sum_ranges
table 1 : explain SELECT SUM(k) FROM sbtest1 WHERE id BETWEEN 7916313 AND 7917312
	Aggregate  (cost=4059.01..4059.02 rows=1 width=8)
	  ->  Bitmap Heap Scan on sbtest1  (cost=31.18..4056.39 rows=1048 width=4)
	        Recheck Cond: ((id >= 7916313) AND (id <= 7917312))
	        ->  Bitmap Index Scan on sbtest1_pkey  (cost=0.00..30.91 rows=1048 width=0)
	              Index Cond: ((id >= 7916313) AND (id <= 7917312))

table 2 : explain SELECT SUM(k) FROM sbtest2 WHERE id BETWEEN 9669195 AND 9670194
	Aggregate  (cost=3895.16..3895.17 rows=1 width=8)
	  ->  Bitmap Heap Scan on sbtest2  (cost=30.74..3892.65 rows=1005 width=4)
	        Recheck Cond: ((id >= 9669195) AND (id <= 9670194))
	        ->  Bitmap Index Scan on sbtest2_pkey  (cost=0.00..30.48 rows=1005 width=0)
	              Index Cond: ((id >= 9669195) AND (id <= 9670194))

table 3 : explain SELECT SUM(k) FROM sbtest3 WHERE id BETWEEN 7938657 AND 7939656
	Aggregate  (cost=3999.08..3999.09 rows=1 width=8)
	  ->  Bitmap Heap Scan on sbtest3  (cost=31.02..3996.50 rows=1033 width=4)
	        Recheck Cond: ((id >= 7938657) AND (id <= 7939656))
	        ->  Bitmap Index Scan on sbtest3_pkey  (cost=0.00..30.76 rows=1033 width=0)
	              Index Cond: ((id >= 7938657) AND (id <= 7939656))

table 4 : explain SELECT SUM(k) FROM sbtest4 WHERE id BETWEEN 41087 AND 42086
	Aggregate  (cost=4023.38..4023.39 rows=1 width=8)
	  ->  Bitmap Heap Scan on sbtest4  (cost=31.08..4020.78 rows=1039 width=4)
	        Recheck Cond: ((id >= 41087) AND (id <= 42086))
	        ->  Bitmap Index Scan on sbtest4_pkey  (cost=0.00..30.82 rows=1039 width=0)
	              Index Cond: ((id >= 41087) AND (id <= 42086))

table 5 : explain SELECT SUM(k) FROM sbtest5 WHERE id BETWEEN 6426357 AND 6427356
	Aggregate  (cost=3868.97..3868.98 rows=1 width=8)
	  ->  Bitmap Heap Scan on sbtest5  (cost=30.66..3866.48 rows=998 width=4)
	        Recheck Cond: ((id >= 6426357) AND (id <= 6427356))
	        ->  Bitmap Index Scan on sbtest5_pkey  (cost=0.00..30.41 rows=998 width=0)
	              Index Cond: ((id >= 6426357) AND (id <= 6427356))

table 6 : explain SELECT SUM(k) FROM sbtest6 WHERE id BETWEEN 2295093 AND 2296092
	Aggregate  (cost=3777.81..3777.82 rows=1 width=8)
	  ->  Bitmap Heap Scan on sbtest6  (cost=30.42..3775.37 rows=974 width=4)
	        Recheck Cond: ((id >= 2295093) AND (id <= 2296092))
	        ->  Bitmap Index Scan on sbtest6_pkey  (cost=0.00..30.18 rows=974 width=0)
	              Index Cond: ((id >= 2295093) AND (id <= 2296092))

table 7 : explain SELECT SUM(k) FROM sbtest7 WHERE id BETWEEN 2692494 AND 2693493
	Aggregate  (cost=4081.63..4081.64 rows=1 width=8)
	  ->  Bitmap Heap Scan on sbtest7  (cost=35.24..4079.00 rows=1054 width=4)
	        Recheck Cond: ((id >= 2692494) AND (id <= 2693493))
	        ->  Bitmap Index Scan on sbtest7_pkey  (cost=0.00..34.98 rows=1054 width=0)
	              Index Cond: ((id >= 2692494) AND (id <= 2693493))

table 8 : explain SELECT SUM(k) FROM sbtest8 WHERE id BETWEEN 2942467 AND 2943466
	Aggregate  (cost=3653.53..3653.54 rows=1 width=8)
	  ->  Bitmap Heap Scan on sbtest8  (cost=30.08..3651.17 rows=941 width=4)
	        Recheck Cond: ((id >= 2942467) AND (id <= 2943466))
	        ->  Bitmap Index Scan on sbtest8_pkey  (cost=0.00..29.84 rows=941 width=0)
	              Index Cond: ((id >= 2942467) AND (id <= 2943466))

for: distinct_ranges
table 1 : explain SELECT DISTINCT c FROM sbtest1 WHERE id BETWEEN 8710642 AND 8711641 ORDER BY c
	Unique  (cost=3798.60..3803.44 rows=967 width=121)
	  ->  Sort  (cost=3798.60..3801.02 rows=967 width=121)
	        Sort Key: c
	        ->  Bitmap Heap Scan on sbtest1  (cost=30.35..3750.65 rows=967 width=121)
	              Recheck Cond: ((id >= 8710642) AND (id <= 8711641))
	              ->  Bitmap Index Scan on sbtest1_pkey  (cost=0.00..30.11 rows=967 width=0)
	                    Index Cond: ((id >= 8710642) AND (id <= 8711641))

table 2 : explain SELECT DISTINCT c FROM sbtest2 WHERE id BETWEEN 2401960 AND 2402959 ORDER BY c
	Unique  (cost=4168.68..4174.00 rows=1063 width=121)
	  ->  Sort  (cost=4168.68..4171.34 rows=1063 width=121)
	        Sort Key: c
	        ->  Bitmap Heap Scan on sbtest2  (cost=35.33..4115.25 rows=1063 width=121)
	              Recheck Cond: ((id >= 2401960) AND (id <= 2402959))
	              ->  Bitmap Index Scan on sbtest2_pkey  (cost=0.00..35.07 rows=1063 width=0)
	                    Index Cond: ((id >= 2401960) AND (id <= 2402959))

table 3 : explain SELECT DISTINCT c FROM sbtest3 WHERE id BETWEEN 2462750 AND 2463749 ORDER BY c
	Unique  (cost=4415.03..4420.67 rows=1129 width=121)
	  ->  Sort  (cost=4415.03..4417.85 rows=1129 width=121)
	        Sort Key: c
	        ->  Bitmap Heap Scan on sbtest3  (cost=36.01..4357.78 rows=1129 width=121)
	              Recheck Cond: ((id >= 2462750) AND (id <= 2463749))
	              ->  Bitmap Index Scan on sbtest3_pkey  (cost=0.00..35.73 rows=1129 width=0)
	                    Index Cond: ((id >= 2462750) AND (id <= 2463749))

table 4 : explain SELECT DISTINCT c FROM sbtest4 WHERE id BETWEEN 1023052 AND 1024051 ORDER BY c
	Unique  (cost=3770.26..3775.06 rows=960 width=121)
	  ->  Sort  (cost=3770.26..3772.66 rows=960 width=121)
	        Sort Key: c
	        ->  Bitmap Heap Scan on sbtest4  (cost=30.27..3722.70 rows=960 width=121)
	              Recheck Cond: ((id >= 1023052) AND (id <= 1024051))
	              ->  Bitmap Index Scan on sbtest4_pkey  (cost=0.00..30.04 rows=960 width=0)
	                    Index Cond: ((id >= 1023052) AND (id <= 1024051))

table 5 : explain SELECT DISTINCT c FROM sbtest5 WHERE id BETWEEN 4959938 AND 4960937 ORDER BY c
	Unique  (cost=3655.42..3660.07 rows=930 width=121)
	  ->  Sort  (cost=3655.42..3657.75 rows=930 width=121)
	        Sort Key: c
	        ->  Bitmap Heap Scan on sbtest5  (cost=29.97..3609.57 rows=930 width=121)
	              Recheck Cond: ((id >= 4959938) AND (id <= 4960937))
	              ->  Bitmap Index Scan on sbtest5_pkey  (cost=0.00..29.73 rows=930 width=0)
	                    Index Cond: ((id >= 4959938) AND (id <= 4960937))

table 6 : explain SELECT DISTINCT c FROM sbtest6 WHERE id BETWEEN 2668890 AND 2669889 ORDER BY c
	Unique  (cost=3992.25..3997.34 rows=1018 width=121)
	  ->  Sort  (cost=3992.25..3994.80 rows=1018 width=121)
	        Sort Key: c
	        ->  Bitmap Heap Scan on sbtest6  (cost=30.87..3941.39 rows=1018 width=121)
	              Recheck Cond: ((id >= 2668890) AND (id <= 2669889))
	              ->  Bitmap Index Scan on sbtest6_pkey  (cost=0.00..30.61 rows=1018 width=0)
	                    Index Cond: ((id >= 2668890) AND (id <= 2669889))

table 7 : explain SELECT DISTINCT c FROM sbtest7 WHERE id BETWEEN 7159160 AND 7160159 ORDER BY c
	Unique  (cost=4196.85..4202.20 rows=1071 width=121)
	  ->  Sort  (cost=4196.85..4199.52 rows=1071 width=121)
	        Sort Key: c
	        ->  Bitmap Heap Scan on sbtest7  (cost=35.41..4142.95 rows=1071 width=121)
	              Recheck Cond: ((id >= 7159160) AND (id <= 7160159))
	              ->  Bitmap Index Scan on sbtest7_pkey  (cost=0.00..35.15 rows=1071 width=0)
	                    Index Cond: ((id >= 7159160) AND (id <= 7160159))

table 8 : explain SELECT DISTINCT c FROM sbtest8 WHERE id BETWEEN 5254035 AND 5255034 ORDER BY c
	Unique  (cost=3743.69..3748.46 rows=953 width=121)
	  ->  Sort  (cost=3743.69..3746.07 rows=953 width=121)
	        Sort Key: c
	        ->  Bitmap Heap Scan on sbtest8  (cost=30.20..3696.54 rows=953 width=121)
	              Recheck Cond: ((id >= 5254035) AND (id <= 5255034))
	              ->  Bitmap Index Scan on sbtest8_pkey  (cost=0.00..29.96 rows=953 width=0)
	                    Index Cond: ((id >= 5254035) AND (id <= 5255034))

for: order_ranges
table 1 : explain SELECT c FROM sbtest1 WHERE id BETWEEN 6505836 AND 6506835 ORDER BY c
	Sort  (cost=3764.07..3766.47 rows=958 width=121)
	  Sort Key: c
	  ->  Bitmap Heap Scan on sbtest1  (cost=30.25..3716.63 rows=958 width=121)
	        Recheck Cond: ((id >= 6505836) AND (id <= 6506835))
	        ->  Bitmap Index Scan on sbtest1_pkey  (cost=0.00..30.01 rows=958 width=0)
	              Index Cond: ((id >= 6505836) AND (id <= 6506835))

table 2 : explain SELECT c FROM sbtest2 WHERE id BETWEEN 9535326 AND 9536325 ORDER BY c
	Sort  (cost=3866.15..3868.61 rows=985 width=121)
	  Sort Key: c
	  ->  Bitmap Heap Scan on sbtest2  (cost=30.53..3817.17 rows=985 width=121)
	        Recheck Cond: ((id >= 9535326) AND (id <= 9536325))
	        ->  Bitmap Index Scan on sbtest2_pkey  (cost=0.00..30.29 rows=985 width=0)
	              Index Cond: ((id >= 9535326) AND (id <= 9536325))

table 3 : explain SELECT c FROM sbtest3 WHERE id BETWEEN 1599751 AND 1600750 ORDER BY c
	Sort  (cost=3948.75..3951.27 rows=1007 width=121)
	  Sort Key: c
	  ->  Bitmap Heap Scan on sbtest3  (cost=30.76..3898.52 rows=1007 width=121)
	        Recheck Cond: ((id >= 1599751) AND (id <= 1600750))
	        ->  Bitmap Index Scan on sbtest3_pkey  (cost=0.00..30.50 rows=1007 width=0)
	              Index Cond: ((id >= 1599751) AND (id <= 1600750))

table 4 : explain SELECT c FROM sbtest4 WHERE id BETWEEN 1240754 AND 1241753 ORDER BY c
	Sort  (cost=3662.83..3665.16 rows=932 width=121)
	  Sort Key: c
	  ->  Bitmap Heap Scan on sbtest4  (cost=29.99..3616.86 rows=932 width=121)
	        Recheck Cond: ((id >= 1240754) AND (id <= 1241753))
	        ->  Bitmap Index Scan on sbtest4_pkey  (cost=0.00..29.75 rows=932 width=0)
	              Index Cond: ((id >= 1240754) AND (id <= 1241753))

table 5 : explain SELECT c FROM sbtest5 WHERE id BETWEEN 261494 AND 262493 ORDER BY c
	Sort  (cost=4038.72..4041.29 rows=1030 width=121)
	  Sort Key: c
	  ->  Bitmap Heap Scan on sbtest5  (cost=30.99..3987.18 rows=1030 width=121)
	        Recheck Cond: ((id >= 261494) AND (id <= 262493))
	        ->  Bitmap Index Scan on sbtest5_pkey  (cost=0.00..30.73 rows=1030 width=0)
	              Index Cond: ((id >= 261494) AND (id <= 262493))

table 6 : explain SELECT c FROM sbtest6 WHERE id BETWEEN 7675738 AND 7676737 ORDER BY c
	Sort  (cost=4030.52..4033.09 rows=1028 width=121)
	  Sort Key: c
	  ->  Bitmap Heap Scan on sbtest6  (cost=30.97..3979.09 rows=1028 width=121)
	        Recheck Cond: ((id >= 7675738) AND (id <= 7676737))
	        ->  Bitmap Index Scan on sbtest6_pkey  (cost=0.00..30.71 rows=1028 width=0)
	              Index Cond: ((id >= 7675738) AND (id <= 7676737))

table 7 : explain SELECT c FROM sbtest7 WHERE id BETWEEN 7729157 AND 7730156 ORDER BY c
	Sort  (cost=4422.02..4424.85 rows=1131 width=121)
	  Sort Key: c
	  ->  Bitmap Heap Scan on sbtest7  (cost=36.03..4364.66 rows=1131 width=121)
	        Recheck Cond: ((id >= 7729157) AND (id <= 7730156))
	        ->  Bitmap Index Scan on sbtest7_pkey  (cost=0.00..35.75 rows=1131 width=0)
	              Index Cond: ((id >= 7729157) AND (id <= 7730156))

table 8 : explain SELECT c FROM sbtest8 WHERE id BETWEEN 9941892 AND 9942891 ORDER BY c
	Sort  (cost=3724.51..3726.88 rows=948 width=121)
	  Sort Key: c
	  ->  Bitmap Heap Scan on sbtest8  (cost=30.15..3677.64 rows=948 width=121)
	        Recheck Cond: ((id >= 9941892) AND (id <= 9942891))
	        ->  Bitmap Index Scan on sbtest8_pkey  (cost=0.00..29.91 rows=948 width=0)
	              Index Cond: ((id >= 9941892) AND (id <= 9942891))

for point_selects
table 1 : explain SELECT c FROM sbtest1 WHERE id=7106274
	Index Scan using sbtest1_pkey on sbtest1  (cost=0.43..8.45 rows=1 width=121)
	  Index Cond: (id = 7106274)

table 2 : explain SELECT c FROM sbtest2 WHERE id=6918695
	Index Scan using sbtest2_pkey on sbtest2  (cost=0.43..8.45 rows=1 width=121)
	  Index Cond: (id = 6918695)

table 3 : explain SELECT c FROM sbtest3 WHERE id=4004413
	Index Scan using sbtest3_pkey on sbtest3  (cost=0.43..8.45 rows=1 width=121)
	  Index Cond: (id = 4004413)

table 4 : explain SELECT c FROM sbtest4 WHERE id=4055353
	Index Scan using sbtest4_pkey on sbtest4  (cost=0.43..8.45 rows=1 width=121)
	  Index Cond: (id = 4055353)

table 5 : explain SELECT c FROM sbtest5 WHERE id=8520073
	Index Scan using sbtest5_pkey on sbtest5  (cost=0.43..8.45 rows=1 width=121)
	  Index Cond: (id = 8520073)

table 6 : explain SELECT c FROM sbtest6 WHERE id=6939206
	Index Scan using sbtest6_pkey on sbtest6  (cost=0.43..8.45 rows=1 width=121)
	  Index Cond: (id = 6939206)

table 7 : explain SELECT c FROM sbtest7 WHERE id=4376630
	Index Scan using sbtest7_pkey on sbtest7  (cost=0.43..8.45 rows=1 width=121)
	  Index Cond: (id = 4376630)

table 8 : explain SELECT c FROM sbtest8 WHERE id=6993678
	Index Scan using sbtest8_pkey on sbtest8  (cost=0.43..8.45 rows=1 width=121)
	  Index Cond: (id = 6993678)

explain: for point_selects :: explain SELECT c FROM sbtest%u WHERE id=%u
for: order_ranges
table 1 : explain SELECT c FROM sbtest1 WHERE id BETWEEN 696965 AND 697964 ORDER BY c
	Sort  (cost=3921.31..3923.81 rows=999 width=121)
	  Sort Key: c
	  ->  Bitmap Heap Scan on sbtest1  (cost=30.67..3871.54 rows=999 width=121)
	        Recheck Cond: ((id >= 696965) AND (id <= 697964))
	        ->  Bitmap Index Scan on sbtest1_pkey  (cost=0.00..30.43 rows=999 width=0)
	              Index Cond: ((id >= 696965) AND (id <= 697964))

table 2 : explain SELECT c FROM sbtest2 WHERE id BETWEEN 2325813 AND 2326812 ORDER BY c
	Sort  (cost=3628.33..3630.64 rows=923 width=121)
	  Sort Key: c
	  ->  Bitmap Heap Scan on sbtest2  (cost=29.90..3582.87 rows=923 width=121)
	        Recheck Cond: ((id >= 2325813) AND (id <= 2326812))
	        ->  Bitmap Index Scan on sbtest2_pkey  (cost=0.00..29.66 rows=923 width=0)
	              Index Cond: ((id >= 2325813) AND (id <= 2326812))

table 3 : explain SELECT c FROM sbtest3 WHERE id BETWEEN 1231158 AND 1232157 ORDER BY c
	Sort  (cost=3665.23..3667.57 rows=933 width=121)
	  Sort Key: c
	  ->  Bitmap Heap Scan on sbtest3  (cost=30.00..3619.21 rows=933 width=121)
	        Recheck Cond: ((id >= 1231158) AND (id <= 1232157))
	        ->  Bitmap Index Scan on sbtest3_pkey  (cost=0.00..29.76 rows=933 width=0)
	              Index Cond: ((id >= 1231158) AND (id <= 1232157))

table 4 : explain SELECT c FROM sbtest4 WHERE id BETWEEN 6826886 AND 6827885 ORDER BY c
	Sort  (cost=4099.62..4102.23 rows=1046 width=121)
	  Sort Key: c
	  ->  Bitmap Heap Scan on sbtest4  (cost=31.16..4047.16 rows=1046 width=121)
	        Recheck Cond: ((id >= 6826886) AND (id <= 6827885))
	        ->  Bitmap Index Scan on sbtest4_pkey  (cost=0.00..30.89 rows=1046 width=0)
	              Index Cond: ((id >= 6826886) AND (id <= 6827885))

table 5 : explain SELECT c FROM sbtest5 WHERE id BETWEEN 336406 AND 337405 ORDER BY c
	Sort  (cost=3943.01..3945.52 rows=1005 width=121)
	  Sort Key: c
	  ->  Bitmap Heap Scan on sbtest5  (cost=30.74..3892.89 rows=1005 width=121)
	        Recheck Cond: ((id >= 336406) AND (id <= 337405))
	        ->  Bitmap Index Scan on sbtest5_pkey  (cost=0.00..30.48 rows=1005 width=0)
	              Index Cond: ((id >= 336406) AND (id <= 337405))

table 6 : explain SELECT c FROM sbtest6 WHERE id BETWEEN 2057781 AND 2058780 ORDER BY c
	Sort  (cost=4302.09..4304.83 rows=1098 width=121)
	  Sort Key: c
	  ->  Bitmap Heap Scan on sbtest6  (cost=35.69..4246.64 rows=1098 width=121)
	        Recheck Cond: ((id >= 2057781) AND (id <= 2058780))
	        ->  Bitmap Index Scan on sbtest6_pkey  (cost=0.00..35.42 rows=1098 width=0)
	              Index Cond: ((id >= 2057781) AND (id <= 2058780))

table 7 : explain SELECT c FROM sbtest7 WHERE id BETWEEN 9982594 AND 9983593 ORDER BY c
	Sort  (cost=3982.65..3985.19 rows=1016 width=121)
	  Sort Key: c
	  ->  Bitmap Heap Scan on sbtest7  (cost=30.85..3931.91 rows=1016 width=121)
	        Recheck Cond: ((id >= 9982594) AND (id <= 9983593))
	        ->  Bitmap Index Scan on sbtest7_pkey  (cost=0.00..30.59 rows=1016 width=0)
	              Index Cond: ((id >= 9982594) AND (id <= 9983593))

table 8 : explain SELECT c FROM sbtest8 WHERE id BETWEEN 6963466 AND 6964465 ORDER BY c
	Sort  (cost=3992.79..3995.34 rows=1018 width=121)
	  Sort Key: c
	  ->  Bitmap Heap Scan on sbtest8  (cost=30.87..3941.93 rows=1018 width=121)
	        Recheck Cond: ((id >= 6963466) AND (id <= 6964465))
	        ->  Bitmap Index Scan on sbtest8_pkey  (cost=0.00..30.61 rows=1018 width=0)
	              Index Cond: ((id >= 6963466) AND (id <= 6964465))

for point_selects
table 1 : explain SELECT c FROM sbtest1 WHERE id=5853183
	Index Scan using sbtest1_pkey on sbtest1  (cost=0.43..8.45 rows=1 width=121)
	  Index Cond: (id = 5853183)

table 2 : explain SELECT c FROM sbtest2 WHERE id=2003134
	Index Scan using sbtest2_pkey on sbtest2  (cost=0.43..8.45 rows=1 width=121)
	  Index Cond: (id = 2003134)

table 3 : explain SELECT c FROM sbtest3 WHERE id=7463923
	Index Scan using sbtest3_pkey on sbtest3  (cost=0.43..8.45 rows=1 width=121)
	  Index Cond: (id = 7463923)

table 4 : explain SELECT c FROM sbtest4 WHERE id=9402262
	Index Scan using sbtest4_pkey on sbtest4  (cost=0.43..8.45 rows=1 width=121)
	  Index Cond: (id = 9402262)

table 5 : explain SELECT c FROM sbtest5 WHERE id=5515314
	Index Scan using sbtest5_pkey on sbtest5  (cost=0.43..8.45 rows=1 width=121)
	  Index Cond: (id = 5515314)

table 6 : explain SELECT c FROM sbtest6 WHERE id=5452833
	Index Scan using sbtest6_pkey on sbtest6  (cost=0.43..8.45 rows=1 width=121)
	  Index Cond: (id = 5452833)

table 7 : explain SELECT c FROM sbtest7 WHERE id=9751113
	Index Scan using sbtest7_pkey on sbtest7  (cost=0.43..8.45 rows=1 width=121)
	  Index Cond: (id = 9751113)

table 8 : explain SELECT c FROM sbtest8 WHERE id=2846315
	Index Scan using sbtest8_pkey on sbtest8  (cost=0.43..8.45 rows=1 width=121)
	  Index Cond: (id = 2846315)

for: simple_ranges
table 1 : explain SELECT c FROM sbtest1 WHERE id BETWEEN 9289187 AND 9290186
	Bitmap Heap Scan on sbtest1  (cost=30.83..3928.16 rows=1014 width=121)
	  Recheck Cond: ((id >= 9289187) AND (id <= 9290186))
	  ->  Bitmap Index Scan on sbtest1_pkey  (cost=0.00..30.57 rows=1014 width=0)
	        Index Cond: ((id >= 9289187) AND (id <= 9290186))

table 2 : explain SELECT c FROM sbtest2 WHERE id BETWEEN 6810255 AND 6811254
	Bitmap Heap Scan on sbtest2  (cost=31.08..4020.84 rows=1039 width=121)
	  Recheck Cond: ((id >= 6810255) AND (id <= 6811254))
	  ->  Bitmap Index Scan on sbtest2_pkey  (cost=0.00..30.82 rows=1039 width=0)
	        Index Cond: ((id >= 6810255) AND (id <= 6811254))

table 3 : explain SELECT c FROM sbtest3 WHERE id BETWEEN 9046302 AND 9047301
	Bitmap Heap Scan on sbtest3  (cost=30.51..3808.01 rows=983 width=121)
	  Recheck Cond: ((id >= 9046302) AND (id <= 9047301))
	  ->  Bitmap Index Scan on sbtest3_pkey  (cost=0.00..30.26 rows=983 width=0)
	        Index Cond: ((id >= 9046302) AND (id <= 9047301))

table 4 : explain SELECT c FROM sbtest4 WHERE id BETWEEN 3190414 AND 3191413
	Bitmap Heap Scan on sbtest4  (cost=30.52..3813.34 rows=984 width=121)
	  Recheck Cond: ((id >= 3190414) AND (id <= 3191413))
	  ->  Bitmap Index Scan on sbtest4_pkey  (cost=0.00..30.27 rows=984 width=0)
	        Index Cond: ((id >= 3190414) AND (id <= 3191413))

table 5 : explain SELECT c FROM sbtest5 WHERE id BETWEEN 7536835 AND 7537834
	Bitmap Heap Scan on sbtest5  (cost=30.52..3813.63 rows=984 width=121)
	  Recheck Cond: ((id >= 7536835) AND (id <= 7537834))
	  ->  Bitmap Index Scan on sbtest5_pkey  (cost=0.00..30.27 rows=984 width=0)
	        Index Cond: ((id >= 7536835) AND (id <= 7537834))

table 6 : explain SELECT c FROM sbtest6 WHERE id BETWEEN 294296 AND 295295
	Bitmap Heap Scan on sbtest6  (cost=30.88..3945.17 rows=1019 width=121)
	  Recheck Cond: ((id >= 294296) AND (id <= 295295))
	  ->  Bitmap Index Scan on sbtest6_pkey  (cost=0.00..30.62 rows=1019 width=0)
	        Index Cond: ((id >= 294296) AND (id <= 295295))

table 7 : explain SELECT c FROM sbtest7 WHERE id BETWEEN 7823460 AND 7824459
	Bitmap Heap Scan on sbtest7  (cost=35.55..4191.83 rows=1084 width=121)
	  Recheck Cond: ((id >= 7823460) AND (id <= 7824459))
	  ->  Bitmap Index Scan on sbtest7_pkey  (cost=0.00..35.28 rows=1084 width=0)
	        Index Cond: ((id >= 7823460) AND (id <= 7824459))

table 8 : explain SELECT c FROM sbtest8 WHERE id BETWEEN 4199484 AND 4200483
	Bitmap Heap Scan on sbtest8  (cost=30.92..3960.79 rows=1023 width=121)
	  Recheck Cond: ((id >= 4199484) AND (id <= 4200483))
	  ->  Bitmap Index Scan on sbtest8_pkey  (cost=0.00..30.66 rows=1023 width=0)
	        Index Cond: ((id >= 4199484) AND (id <= 4200483))

for: order_ranges
table 1 : explain SELECT c FROM sbtest1 WHERE id BETWEEN 1377243 AND 1378242 ORDER BY c
	Sort  (cost=3951.97..3954.48 rows=1007 width=121)
	  Sort Key: c
	  ->  Bitmap Heap Scan on sbtest1  (cost=30.76..3901.74 rows=1007 width=121)
	        Recheck Cond: ((id >= 1377243) AND (id <= 1378242))
	        ->  Bitmap Index Scan on sbtest1_pkey  (cost=0.00..30.50 rows=1007 width=0)
	              Index Cond: ((id >= 1377243) AND (id <= 1378242))

table 2 : explain SELECT c FROM sbtest2 WHERE id BETWEEN 328893 AND 329892 ORDER BY c
	Sort  (cost=3973.40..3975.93 rows=1013 width=121)
	  Sort Key: c
	  ->  Bitmap Heap Scan on sbtest2  (cost=30.82..3922.83 rows=1013 width=121)
	        Recheck Cond: ((id >= 328893) AND (id <= 329892))
	        ->  Bitmap Index Scan on sbtest2_pkey  (cost=0.00..30.57 rows=1013 width=0)
	              Index Cond: ((id >= 328893) AND (id <= 329892))

table 3 : explain SELECT c FROM sbtest3 WHERE id BETWEEN 4693704 AND 4694703 ORDER BY c
	Sort  (cost=3868.36..3870.83 rows=986 width=121)
	  Sort Key: c
	  ->  Bitmap Heap Scan on sbtest3  (cost=30.54..3819.33 rows=986 width=121)
	        Recheck Cond: ((id >= 4693704) AND (id <= 4694703))
	        ->  Bitmap Index Scan on sbtest3_pkey  (cost=0.00..30.29 rows=986 width=0)
	              Index Cond: ((id >= 4693704) AND (id <= 4694703))

table 4 : explain SELECT c FROM sbtest4 WHERE id BETWEEN 9370866 AND 9371865 ORDER BY c
	Sort  (cost=3739.57..3741.95 rows=952 width=121)
	  Sort Key: c
	  ->  Bitmap Heap Scan on sbtest4  (cost=30.19..3692.47 rows=952 width=121)
	        Recheck Cond: ((id >= 9370866) AND (id <= 9371865))
	        ->  Bitmap Index Scan on sbtest4_pkey  (cost=0.00..29.95 rows=952 width=0)
	              Index Cond: ((id >= 9370866) AND (id <= 9371865))

table 5 : explain SELECT c FROM sbtest5 WHERE id BETWEEN 5991344 AND 5992343 ORDER BY c
	Sort  (cost=3916.19..3918.69 rows=998 width=121)
	  Sort Key: c
	  ->  Bitmap Heap Scan on sbtest5  (cost=30.66..3866.48 rows=998 width=121)
	        Recheck Cond: ((id >= 5991344) AND (id <= 5992343))
	        ->  Bitmap Index Scan on sbtest5_pkey  (cost=0.00..30.41 rows=998 width=0)
	              Index Cond: ((id >= 5991344) AND (id <= 5992343))

table 6 : explain SELECT c FROM sbtest6 WHERE id BETWEEN 6232441 AND 6233440 ORDER BY c
	Sort  (cost=3731.70..3734.07 rows=950 width=121)
	  Sort Key: c
	  ->  Bitmap Heap Scan on sbtest6  (cost=30.17..3684.71 rows=950 width=121)
	        Recheck Cond: ((id >= 6232441) AND (id <= 6233440))
	        ->  Bitmap Index Scan on sbtest6_pkey  (cost=0.00..29.93 rows=950 width=0)
	              Index Cond: ((id >= 6232441) AND (id <= 6233440))

table 7 : explain SELECT c FROM sbtest7 WHERE id BETWEEN 1506622 AND 1507621 ORDER BY c
	Sort  (cost=4238.84..4241.55 rows=1082 width=121)
	  Sort Key: c
	  ->  Bitmap Heap Scan on sbtest7  (cost=35.53..4184.31 rows=1082 width=121)
	        Recheck Cond: ((id >= 1506622) AND (id <= 1507621))
	        ->  Bitmap Index Scan on sbtest7_pkey  (cost=0.00..35.26 rows=1082 width=0)
	              Index Cond: ((id >= 1506622) AND (id <= 1507621))

table 8 : explain SELECT c FROM sbtest8 WHERE id BETWEEN 6878783 AND 6879782 ORDER BY c
	Sort  (cost=3992.79..3995.34 rows=1018 width=121)
	  Sort Key: c
	  ->  Bitmap Heap Scan on sbtest8  (cost=30.87..3941.93 rows=1018 width=121)
	        Recheck Cond: ((id >= 6878783) AND (id <= 6879782))
	        ->  Bitmap Index Scan on sbtest8_pkey  (cost=0.00..30.61 rows=1018 width=0)
	              Index Cond: ((id >= 6878783) AND (id <= 6879782))

for: order_ranges
table 1 : explain SELECT c FROM sbtest1 WHERE id BETWEEN 6764845 AND 6765844 ORDER BY c
	Sort  (cost=3491.30..3493.52 rows=887 width=121)
	  Sort Key: c
	  ->  Bitmap Heap Scan on sbtest1  (cost=29.53..3447.87 rows=887 width=121)
	        Recheck Cond: ((id >= 6764845) AND (id <= 6765844))
	        ->  Bitmap Index Scan on sbtest1_pkey  (cost=0.00..29.30 rows=887 width=0)
	              Index Cond: ((id >= 6764845) AND (id <= 6765844))

table 2 : explain SELECT c FROM sbtest2 WHERE id BETWEEN 792153 AND 793152 ORDER BY c
	Sort  (cost=3724.28..3726.65 rows=948 width=121)
	  Sort Key: c
	  ->  Bitmap Heap Scan on sbtest2  (cost=30.15..3677.41 rows=948 width=121)
	        Recheck Cond: ((id >= 792153) AND (id <= 793152))
	        ->  Bitmap Index Scan on sbtest2_pkey  (cost=0.00..29.91 rows=948 width=0)
	              Index Cond: ((id >= 792153) AND (id <= 793152))

table 3 : explain SELECT c FROM sbtest3 WHERE id BETWEEN 1584221 AND 1585220 ORDER BY c
	Sort  (cost=3948.75..3951.27 rows=1007 width=121)
	  Sort Key: c
	  ->  Bitmap Heap Scan on sbtest3  (cost=30.76..3898.52 rows=1007 width=121)
	        Recheck Cond: ((id >= 1584221) AND (id <= 1585220))
	        ->  Bitmap Index Scan on sbtest3_pkey  (cost=0.00..30.50 rows=1007 width=0)
	              Index Cond: ((id >= 1584221) AND (id <= 1585220))

table 4 : explain SELECT c FROM sbtest4 WHERE id BETWEEN 8721141 AND 8722140 ORDER BY c
	Sort  (cost=4191.55..4194.23 rows=1069 width=121)
	  Sort Key: c
	  ->  Bitmap Heap Scan on sbtest4  (cost=35.39..4137.77 rows=1069 width=121)
	        Recheck Cond: ((id >= 8721141) AND (id <= 8722140))
	        ->  Bitmap Index Scan on sbtest4_pkey  (cost=0.00..35.12 rows=1069 width=0)
	              Index Cond: ((id >= 8721141) AND (id <= 8722140))

table 5 : explain SELECT c FROM sbtest5 WHERE id BETWEEN 6615564 AND 6616563 ORDER BY c
	Sort  (cost=4080.81..4083.41 rows=1041 width=121)
	  Sort Key: c
	  ->  Bitmap Heap Scan on sbtest5  (cost=31.11..4028.64 rows=1041 width=121)
	        Recheck Cond: ((id >= 6615564) AND (id <= 6616563))
	        ->  Bitmap Index Scan on sbtest5_pkey  (cost=0.00..30.84 rows=1041 width=0)
	              Index Cond: ((id >= 6615564) AND (id <= 6616563))

table 6 : explain SELECT c FROM sbtest6 WHERE id BETWEEN 6711180 AND 6712179 ORDER BY c
	Sort  (cost=4026.70..4029.26 rows=1027 width=121)
	  Sort Key: c
	  ->  Bitmap Heap Scan on sbtest6  (cost=30.96..3975.32 rows=1027 width=121)
	        Recheck Cond: ((id >= 6711180) AND (id <= 6712179))
	        ->  Bitmap Index Scan on sbtest6_pkey  (cost=0.00..30.70 rows=1027 width=0)
	              Index Cond: ((id >= 6711180) AND (id <= 6712179))

table 7 : explain SELECT c FROM sbtest7 WHERE id BETWEEN 6167507 AND 6168506 ORDER BY c
	Sort  (cost=3668.59..3670.93 rows=934 width=121)
	  Sort Key: c
	  ->  Bitmap Heap Scan on sbtest7  (cost=30.01..3622.51 rows=934 width=121)
	        Recheck Cond: ((id >= 6167507) AND (id <= 6168506))
	        ->  Bitmap Index Scan on sbtest7_pkey  (cost=0.00..29.77 rows=934 width=0)
	              Index Cond: ((id >= 6167507) AND (id <= 6168506))

table 8 : explain SELECT c FROM sbtest8 WHERE id BETWEEN 5475351 AND 5476350 ORDER BY c
	Sort  (cost=4084.81..4087.42 rows=1041 width=121)
	  Sort Key: c
	  ->  Bitmap Heap Scan on sbtest8  (cost=35.11..4032.64 rows=1041 width=121)
	        Recheck Cond: ((id >= 5475351) AND (id <= 5476350))
	        ->  Bitmap Index Scan on sbtest8_pkey  (cost=0.00..34.84 rows=1041 width=0)
	              Index Cond: ((id >= 5475351) AND (id <= 5476350))

for: simple_ranges
table 1 : explain SELECT c FROM sbtest1 WHERE id BETWEEN 6869327 AND 6870326
	Bitmap Heap Scan on sbtest1  (cost=29.45..3421.34 rows=880 width=121)
	  Recheck Cond: ((id >= 6869327) AND (id <= 6870326))
	  ->  Bitmap Index Scan on sbtest1_pkey  (cost=0.00..29.23 rows=880 width=0)
	        Index Cond: ((id >= 6869327) AND (id <= 6870326))

table 2 : explain SELECT c FROM sbtest2 WHERE id BETWEEN 9882665 AND 9883664
	Bitmap Heap Scan on sbtest2  (cost=30.22..3703.87 rows=955 width=121)
	  Recheck Cond: ((id >= 9882665) AND (id <= 9883664))
	  ->  Bitmap Index Scan on sbtest2_pkey  (cost=0.00..29.98 rows=955 width=0)
	        Index Cond: ((id >= 9882665) AND (id <= 9883664))

table 3 : explain SELECT c FROM sbtest3 WHERE id BETWEEN 5257808 AND 5258807
	Bitmap Heap Scan on sbtest3  (cost=31.16..4045.45 rows=1046 width=121)
	  Recheck Cond: ((id >= 5257808) AND (id <= 5258807))
	  ->  Bitmap Index Scan on sbtest3_pkey  (cost=0.00..30.89 rows=1046 width=0)
	        Index Cond: ((id >= 5257808) AND (id <= 5258807))

table 4 : explain SELECT c FROM sbtest4 WHERE id BETWEEN 7599626 AND 7600625
	Bitmap Heap Scan on sbtest4  (cost=30.86..3937.85 rows=1017 width=121)
	  Recheck Cond: ((id >= 7599626) AND (id <= 7600625))
	  ->  Bitmap Index Scan on sbtest4_pkey  (cost=0.00..30.61 rows=1017 width=0)
	        Index Cond: ((id >= 7599626) AND (id <= 7600625))

table 5 : explain SELECT c FROM sbtest5 WHERE id BETWEEN 5683621 AND 5684620
	Bitmap Heap Scan on sbtest5  (cost=29.95..3602.00 rows=928 width=121)
	  Recheck Cond: ((id >= 5683621) AND (id <= 5684620))
	  ->  Bitmap Index Scan on sbtest5_pkey  (cost=0.00..29.71 rows=928 width=0)
	        Index Cond: ((id >= 5683621) AND (id <= 5684620))

table 6 : explain SELECT c FROM sbtest6 WHERE id BETWEEN 4050271 AND 4051270
	Bitmap Heap Scan on sbtest6  (cost=31.06..4013.01 rows=1037 width=121)
	  Recheck Cond: ((id >= 4050271) AND (id <= 4051270))
	  ->  Bitmap Index Scan on sbtest6_pkey  (cost=0.00..30.80 rows=1037 width=0)
	        Index Cond: ((id >= 4050271) AND (id <= 4051270))

table 7 : explain SELECT c FROM sbtest7 WHERE id BETWEEN 5345212 AND 5346211
	Bitmap Heap Scan on sbtest7  (cost=29.55..3452.35 rows=889 width=121)
	  Recheck Cond: ((id >= 5345212) AND (id <= 5346211))
	  ->  Bitmap Index Scan on sbtest7_pkey  (cost=0.00..29.32 rows=889 width=0)
	        Index Cond: ((id >= 5345212) AND (id <= 5346211))

table 8 : explain SELECT c FROM sbtest8 WHERE id BETWEEN 2408551 AND 2409550
	Bitmap Heap Scan on sbtest8  (cost=35.46..4164.46 rows=1076 width=121)
	  Recheck Cond: ((id >= 2408551) AND (id <= 2409550))
	  ->  Bitmap Index Scan on sbtest8_pkey  (cost=0.00..35.20 rows=1076 width=0)
	        Index Cond: ((id >= 2408551) AND (id <= 2409550))

explain: for point_selects :: explain SELECT c FROM sbtest%u WHERE id=%u
for: distinct_ranges
table 1 : explain SELECT DISTINCT c FROM sbtest1 WHERE id BETWEEN 6710879 AND 6711878 ORDER BY c
	Unique  (cost=3863.81..3868.73 rows=984 width=121)
	  ->  Sort  (cost=3863.81..3866.27 rows=984 width=121)
	        Sort Key: c
	        ->  Bitmap Heap Scan on sbtest1  (cost=30.52..3814.89 rows=984 width=121)
	              Recheck Cond: ((id >= 6710879) AND (id <= 6711878))
	              ->  Bitmap Index Scan on sbtest1_pkey  (cost=0.00..30.27 rows=984 width=0)
	                    Index Cond: ((id >= 6710879) AND (id <= 6711878))

table 2 : explain SELECT DISTINCT c FROM sbtest2 WHERE id BETWEEN 3302100 AND 3303099 ORDER BY c
	Unique  (cost=3885.31..3890.26 rows=990 width=121)
	  ->  Sort  (cost=3885.31..3887.78 rows=990 width=121)
	        Sort Key: c
	        ->  Bitmap Heap Scan on sbtest2  (cost=30.58..3836.05 rows=990 width=121)
	              Recheck Cond: ((id >= 3302100) AND (id <= 3303099))
	              ->  Bitmap Index Scan on sbtest2_pkey  (cost=0.00..30.33 rows=990 width=0)
	                    Index Cond: ((id >= 3302100) AND (id <= 3303099))

table 3 : explain SELECT DISTINCT c FROM sbtest3 WHERE id BETWEEN 7937950 AND 7938949 ORDER BY c
	Unique  (cost=4048.21..4053.38 rows=1033 width=121)
	  ->  Sort  (cost=4048.21..4050.79 rows=1033 width=121)
	        Sort Key: c
	        ->  Bitmap Heap Scan on sbtest3  (cost=31.02..3996.50 rows=1033 width=121)
	              Recheck Cond: ((id >= 7937950) AND (id <= 7938949))
	              ->  Bitmap Index Scan on sbtest3_pkey  (cost=0.00..30.76 rows=1033 width=0)
	                    Index Cond: ((id >= 7937950) AND (id <= 7938949))

table 4 : explain SELECT DISTINCT c FROM sbtest4 WHERE id BETWEEN 6466972 AND 6467971 ORDER BY c
	Unique  (cost=4378.70..4384.29 rows=1118 width=121)
	  ->  Sort  (cost=4378.70..4381.49 rows=1118 width=121)
	        Sort Key: c
	        ->  Bitmap Heap Scan on sbtest4  (cost=35.89..4322.09 rows=1118 width=121)
	              Recheck Cond: ((id >= 6466972) AND (id <= 6467971))
	              ->  Bitmap Index Scan on sbtest4_pkey  (cost=0.00..35.62 rows=1118 width=0)
	                    Index Cond: ((id >= 6466972) AND (id <= 6467971))

table 5 : explain SELECT DISTINCT c FROM sbtest5 WHERE id BETWEEN 5974433 AND 5975432 ORDER BY c
	Unique  (cost=4275.95..4281.41 rows=1091 width=121)
	  ->  Sort  (cost=4275.95..4278.68 rows=1091 width=121)
	        Sort Key: c
	        ->  Bitmap Heap Scan on sbtest5  (cost=35.62..4220.90 rows=1091 width=121)
	              Recheck Cond: ((id >= 5974433) AND (id <= 5975432))
	              ->  Bitmap Index Scan on sbtest5_pkey  (cost=0.00..35.34 rows=1091 width=0)
	                    Index Cond: ((id >= 5974433) AND (id <= 5975432))

table 6 : explain SELECT DISTINCT c FROM sbtest6 WHERE id BETWEEN 8223903 AND 8224902 ORDER BY c
	Unique  (cost=4007.56..4012.67 rows=1022 width=121)
	  ->  Sort  (cost=4007.56..4010.12 rows=1022 width=121)
	        Sort Key: c
	        ->  Bitmap Heap Scan on sbtest6  (cost=30.91..3956.48 rows=1022 width=121)
	              Recheck Cond: ((id >= 8223903) AND (id <= 8224902))
	              ->  Bitmap Index Scan on sbtest6_pkey  (cost=0.00..30.65 rows=1022 width=0)
	                    Index Cond: ((id >= 8223903) AND (id <= 8224902))

table 7 : explain SELECT DISTINCT c FROM sbtest7 WHERE id BETWEEN 1340410 AND 1341409 ORDER BY c
	Unique  (cost=3963.53..3968.58 rows=1011 width=121)
	  ->  Sort  (cost=3963.53..3966.05 rows=1011 width=121)
	        Sort Key: c
	        ->  Bitmap Heap Scan on sbtest7  (cost=30.80..3913.07 rows=1011 width=121)
	              Recheck Cond: ((id >= 1340410) AND (id <= 1341409))
	              ->  Bitmap Index Scan on sbtest7_pkey  (cost=0.00..30.54 rows=1011 width=0)
	                    Index Cond: ((id >= 1340410) AND (id <= 1341409))

table 8 : explain SELECT DISTINCT c FROM sbtest8 WHERE id BETWEEN 7383605 AND 7384604 ORDER BY c
	Unique  (cost=4065.51..4070.70 rows=1037 width=121)
	  ->  Sort  (cost=4065.51..4068.10 rows=1037 width=121)
	        Sort Key: c
	        ->  Bitmap Heap Scan on sbtest8  (cost=31.06..4013.57 rows=1037 width=121)
	              Recheck Cond: ((id >= 7383605) AND (id <= 7384604))
	              ->  Bitmap Index Scan on sbtest8_pkey  (cost=0.00..30.80 rows=1037 width=0)
	                    Index Cond: ((id >= 7383605) AND (id <= 7384604))

for: distinct_ranges
table 1 : explain SELECT DISTINCT c FROM sbtest1 WHERE id BETWEEN 3855273 AND 3856272 ORDER BY c
	Unique  (cost=3821.62..3826.49 rows=973 width=121)
	  ->  Sort  (cost=3821.62..3824.05 rows=973 width=121)
	        Sort Key: c
	        ->  Bitmap Heap Scan on sbtest1  (cost=30.41..3773.33 rows=973 width=121)
	              Recheck Cond: ((id >= 3855273) AND (id <= 3856272))
	              ->  Bitmap Index Scan on sbtest1_pkey  (cost=0.00..30.16 rows=973 width=0)
	                    Index Cond: ((id >= 3855273) AND (id <= 3856272))

table 2 : explain SELECT DISTINCT c FROM sbtest2 WHERE id BETWEEN 1355922 AND 1356921 ORDER BY c
	Unique  (cost=3551.52..3556.03 rows=903 width=121)
	  ->  Sort  (cost=3551.52..3553.78 rows=903 width=121)
	        Sort Key: c
	        ->  Bitmap Heap Scan on sbtest2  (cost=29.69..3507.19 rows=903 width=121)
	              Recheck Cond: ((id >= 1355922) AND (id <= 1356921))
	              ->  Bitmap Index Scan on sbtest2_pkey  (cost=0.00..29.46 rows=903 width=0)
	                    Index Cond: ((id >= 1355922) AND (id <= 1356921))

table 3 : explain SELECT DISTINCT c FROM sbtest3 WHERE id BETWEEN 5836955 AND 5837954 ORDER BY c
	Unique  (cost=3841.55..3846.45 rows=979 width=121)
	  ->  Sort  (cost=3841.55..3844.00 rows=979 width=121)
	        Sort Key: c
	        ->  Bitmap Heap Scan on sbtest3  (cost=30.47..3792.92 rows=979 width=121)
	              Recheck Cond: ((id >= 5836955) AND (id <= 5837954))
	              ->  Bitmap Index Scan on sbtest3_pkey  (cost=0.00..30.22 rows=979 width=0)
	                    Index Cond: ((id >= 5836955) AND (id <= 5837954))

table 4 : explain SELECT DISTINCT c FROM sbtest4 WHERE id BETWEEN 3269761 AND 3270760 ORDER BY c
	Unique  (cost=3869.92..3874.85 rows=986 width=121)
	  ->  Sort  (cost=3869.92..3872.39 rows=986 width=121)
	        Sort Key: c
	        ->  Bitmap Heap Scan on sbtest4  (cost=30.54..3820.89 rows=986 width=121)
	              Recheck Cond: ((id >= 3269761) AND (id <= 3270760))
	              ->  Bitmap Index Scan on sbtest4_pkey  (cost=0.00..30.29 rows=986 width=0)
	                    Index Cond: ((id >= 3269761) AND (id <= 3270760))

table 5 : explain SELECT DISTINCT c FROM sbtest5 WHERE id BETWEEN 3559333 AND 3560332 ORDER BY c
	Unique  (cost=3931.52..3936.53 rows=1002 width=121)
	  ->  Sort  (cost=3931.52..3934.02 rows=1002 width=121)
	        Sort Key: c
	        ->  Bitmap Heap Scan on sbtest5  (cost=30.71..3881.57 rows=1002 width=121)
	              Recheck Cond: ((id >= 3559333) AND (id <= 3560332))
	              ->  Bitmap Index Scan on sbtest5_pkey  (cost=0.00..30.45 rows=1002 width=0)
	                    Index Cond: ((id >= 3559333) AND (id <= 3560332))

table 6 : explain SELECT DISTINCT c FROM sbtest6 WHERE id BETWEEN 4098048 AND 4099047 ORDER BY c
	Unique  (cost=3635.76..3640.39 rows=925 width=121)
	  ->  Sort  (cost=3635.76..3638.08 rows=925 width=121)
	        Sort Key: c
	        ->  Bitmap Heap Scan on sbtest6  (cost=29.92..3590.19 rows=925 width=121)
	              Recheck Cond: ((id >= 4098048) AND (id <= 4099047))
	              ->  Bitmap Index Scan on sbtest6_pkey  (cost=0.00..29.68 rows=925 width=0)
	                    Index Cond: ((id >= 4098048) AND (id <= 4099047))

table 7 : explain SELECT DISTINCT c FROM sbtest7 WHERE id BETWEEN 522447 AND 523446 ORDER BY c
	Unique  (cost=3940.57..3945.59 rows=1005 width=121)
	  ->  Sort  (cost=3940.57..3943.08 rows=1005 width=121)
	        Sort Key: c
	        ->  Bitmap Heap Scan on sbtest7  (cost=30.74..3890.46 rows=1005 width=121)
	              Recheck Cond: ((id >= 522447) AND (id <= 523446))
	              ->  Bitmap Index Scan on sbtest7_pkey  (cost=0.00..30.48 rows=1005 width=0)
	                    Index Cond: ((id >= 522447) AND (id <= 523446))

table 8 : explain SELECT DISTINCT c FROM sbtest8 WHERE id BETWEEN 7465205 AND 7466204 ORDER BY c
	Unique  (cost=4333.24..4338.77 rows=1106 width=121)
	  ->  Sort  (cost=4333.24..4336.01 rows=1106 width=121)
	        Sort Key: c
	        ->  Bitmap Heap Scan on sbtest8  (cost=35.77..4277.33 rows=1106 width=121)
	              Recheck Cond: ((id >= 7465205) AND (id <= 7466204))
	              ->  Bitmap Index Scan on sbtest8_pkey  (cost=0.00..35.50 rows=1106 width=0)
	                    Index Cond: ((id >= 7465205) AND (id <= 7466204))

explain: for point_selects :: explain SELECT c FROM sbtest%u WHERE id=%u
for: simple_ranges
table 1 : explain SELECT c FROM sbtest1 WHERE id BETWEEN 730909 AND 731908
	Bitmap Heap Scan on sbtest1  (cost=30.74..3894.19 rows=1005 width=121)
	  Recheck Cond: ((id >= 730909) AND (id <= 731908))
	  ->  Bitmap Index Scan on sbtest1_pkey  (cost=0.00..30.48 rows=1005 width=0)
	        Index Cond: ((id >= 730909) AND (id <= 731908))

table 2 : explain SELECT c FROM sbtest2 WHERE id BETWEEN 4046804 AND 4047803
	Bitmap Heap Scan on sbtest2  (cost=35.63..4224.39 rows=1092 width=121)
	  Recheck Cond: ((id >= 4046804) AND (id <= 4047803))
	  ->  Bitmap Index Scan on sbtest2_pkey  (cost=0.00..35.36 rows=1092 width=0)
	        Index Cond: ((id >= 4046804) AND (id <= 4047803))

table 3 : explain SELECT c FROM sbtest3 WHERE id BETWEEN 7615677 AND 7616676
	Bitmap Heap Scan on sbtest3  (cost=30.44..3781.60 rows=976 width=121)
	  Recheck Cond: ((id >= 7615677) AND (id <= 7616676))
	  ->  Bitmap Index Scan on sbtest3_pkey  (cost=0.00..30.19 rows=976 width=0)
	        Index Cond: ((id >= 7615677) AND (id <= 7616676))

table 4 : explain SELECT c FROM sbtest4 WHERE id BETWEEN 2491579 AND 2492578
	Bitmap Heap Scan on sbtest4  (cost=31.00..3990.63 rows=1031 width=121)
	  Recheck Cond: ((id >= 2491579) AND (id <= 2492578))
	  ->  Bitmap Index Scan on sbtest4_pkey  (cost=0.00..30.75 rows=1031 width=0)
	        Index Cond: ((id >= 2491579) AND (id <= 2492578))

table 5 : explain SELECT c FROM sbtest5 WHERE id BETWEEN 3209335 AND 3210334
	Bitmap Heap Scan on sbtest5  (cost=30.50..3806.08 rows=982 width=121)
	  Recheck Cond: ((id >= 3209335) AND (id <= 3210334))
	  ->  Bitmap Index Scan on sbtest5_pkey  (cost=0.00..30.25 rows=982 width=0)
	        Index Cond: ((id >= 3209335) AND (id <= 3210334))

table 6 : explain SELECT c FROM sbtest6 WHERE id BETWEEN 1278481 AND 1279480
	Bitmap Heap Scan on sbtest6  (cost=35.83..4299.27 rows=1112 width=121)
	  Recheck Cond: ((id >= 1278481) AND (id <= 1279480))
	  ->  Bitmap Index Scan on sbtest6_pkey  (cost=0.00..35.56 rows=1112 width=0)
	        Index Cond: ((id >= 1278481) AND (id <= 1279480))

table 7 : explain SELECT c FROM sbtest7 WHERE id BETWEEN 3463492 AND 3464491
	Bitmap Heap Scan on sbtest7  (cost=35.23..4075.23 rows=1053 width=121)
	  Recheck Cond: ((id >= 3463492) AND (id <= 3464491))
	  ->  Bitmap Index Scan on sbtest7_pkey  (cost=0.00..34.97 rows=1053 width=0)
	        Index Cond: ((id >= 3463492) AND (id <= 3464491))

table 8 : explain SELECT c FROM sbtest8 WHERE id BETWEEN 4913175 AND 4914174
	Bitmap Heap Scan on sbtest8  (cost=35.70..4251.00 rows=1099 width=121)
	  Recheck Cond: ((id >= 4913175) AND (id <= 4914174))
	  ->  Bitmap Index Scan on sbtest8_pkey  (cost=0.00..35.43 rows=1099 width=0)
	        Index Cond: ((id >= 4913175) AND (id <= 4914174))

for point_selects
table 1 : explain SELECT c FROM sbtest1 WHERE id=4698288
	Index Scan using sbtest1_pkey on sbtest1  (cost=0.43..8.45 rows=1 width=121)
	  Index Cond: (id = 4698288)

table 2 : explain SELECT c FROM sbtest2 WHERE id=6309522
	Index Scan using sbtest2_pkey on sbtest2  (cost=0.43..8.45 rows=1 width=121)
	  Index Cond: (id = 6309522)

table 3 : explain SELECT c FROM sbtest3 WHERE id=8128285
	Index Scan using sbtest3_pkey on sbtest3  (cost=0.43..8.45 rows=1 width=121)
	  Index Cond: (id = 8128285)

table 4 : explain SELECT c FROM sbtest4 WHERE id=7686231
	Index Scan using sbtest4_pkey on sbtest4  (cost=0.43..8.45 rows=1 width=121)
	  Index Cond: (id = 7686231)

table 5 : explain SELECT c FROM sbtest5 WHERE id=4783562
	Index Scan using sbtest5_pkey on sbtest5  (cost=0.43..8.45 rows=1 width=121)
	  Index Cond: (id = 4783562)

table 6 : explain SELECT c FROM sbtest6 WHERE id=2073580
	Index Scan using sbtest6_pkey on sbtest6  (cost=0.43..8.45 rows=1 width=121)
	  Index Cond: (id = 2073580)

table 7 : explain SELECT c FROM sbtest7 WHERE id=5546227
	Index Scan using sbtest7_pkey on sbtest7  (cost=0.43..8.45 rows=1 width=121)
	  Index Cond: (id = 5546227)

table 8 : explain SELECT c FROM sbtest8 WHERE id=7157503
	Index Scan using sbtest8_pkey on sbtest8  (cost=0.43..8.45 rows=1 width=121)
	  Index Cond: (id = 7157503)

for: sum_ranges
table 1 : explain SELECT SUM(k) FROM sbtest1 WHERE id BETWEEN 5642712 AND 5643711
	Aggregate  (cost=3586.53..3586.54 rows=1 width=8)
	  ->  Bitmap Heap Scan on sbtest1  (cost=29.90..3584.23 rows=923 width=4)
	        Recheck Cond: ((id >= 5642712) AND (id <= 5643711))
	        ->  Bitmap Index Scan on sbtest1_pkey  (cost=0.00..29.66 rows=923 width=0)
	              Index Cond: ((id >= 5642712) AND (id <= 5643711))

table 2 : explain SELECT SUM(k) FROM sbtest2 WHERE id BETWEEN 8236523 AND 8237522
	Aggregate  (cost=3985.73..3985.74 rows=1 width=8)
	  ->  Bitmap Heap Scan on sbtest2  (cost=30.98..3983.15 rows=1029 width=4)
	        Recheck Cond: ((id >= 8236523) AND (id <= 8237522))
	        ->  Bitmap Index Scan on sbtest2_pkey  (cost=0.00..30.72 rows=1029 width=0)
	              Index Cond: ((id >= 8236523) AND (id <= 8237522))

table 3 : explain SELECT SUM(k) FROM sbtest3 WHERE id BETWEEN 3296044 AND 3297043
	Aggregate  (cost=3470.16..3470.17 rows=1 width=8)
	  ->  Bitmap Heap Scan on sbtest3  (cost=29.59..3467.93 rows=893 width=4)
	        Recheck Cond: ((id >= 3296044) AND (id <= 3297043))
	        ->  Bitmap Index Scan on sbtest3_pkey  (cost=0.00..29.36 rows=893 width=0)
	              Index Cond: ((id >= 3296044) AND (id <= 3297043))

table 4 : explain SELECT SUM(k) FROM sbtest4 WHERE id BETWEEN 5812092 AND 5813091
	Aggregate  (cost=3683.51..3683.52 rows=1 width=8)
	  ->  Bitmap Heap Scan on sbtest4  (cost=30.16..3681.14 rows=949 width=4)
	        Recheck Cond: ((id >= 5812092) AND (id <= 5813091))
	        ->  Bitmap Index Scan on sbtest4_pkey  (cost=0.00..29.93 rows=949 width=0)
	              Index Cond: ((id >= 5812092) AND (id <= 5813091))

table 5 : explain SELECT SUM(k) FROM sbtest5 WHERE id BETWEEN 602533 AND 603532
	Aggregate  (cost=3868.97..3868.98 rows=1 width=8)
	  ->  Bitmap Heap Scan on sbtest5  (cost=30.66..3866.48 rows=998 width=4)
	        Recheck Cond: ((id >= 602533) AND (id <= 603532))
	        ->  Bitmap Index Scan on sbtest5_pkey  (cost=0.00..30.41 rows=998 width=0)
	              Index Cond: ((id >= 602533) AND (id <= 603532))

table 6 : explain SELECT SUM(k) FROM sbtest6 WHERE id BETWEEN 1350583 AND 1351582
	Aggregate  (cost=4302.05..4302.06 rows=1 width=8)
	  ->  Bitmap Heap Scan on sbtest6  (cost=35.83..4299.27 rows=1112 width=4)
	        Recheck Cond: ((id >= 1350583) AND (id <= 1351582))
	        ->  Bitmap Index Scan on sbtest6_pkey  (cost=0.00..35.56 rows=1112 width=0)
	              Index Cond: ((id >= 1350583) AND (id <= 1351582))

table 7 : explain SELECT SUM(k) FROM sbtest7 WHERE id BETWEEN 9069517 AND 9070516
	Aggregate  (cost=3945.76..3945.77 rows=1 width=8)
	  ->  Bitmap Heap Scan on sbtest7  (cost=30.88..3943.21 rows=1019 width=4)
	        Recheck Cond: ((id >= 9069517) AND (id <= 9070516))
	        ->  Bitmap Index Scan on sbtest7_pkey  (cost=0.00..30.62 rows=1019 width=0)
	              Index Cond: ((id >= 9069517) AND (id <= 9070516))

table 8 : explain SELECT SUM(k) FROM sbtest8 WHERE id BETWEEN 6033035 AND 6034034
	Aggregate  (cost=3551.32..3551.33 rows=1 width=8)
	  ->  Bitmap Heap Scan on sbtest8  (cost=29.80..3549.04 rows=914 width=4)
	        Recheck Cond: ((id >= 6033035) AND (id <= 6034034))
	        ->  Bitmap Index Scan on sbtest8_pkey  (cost=0.00..29.57 rows=914 width=0)
	              Index Cond: ((id >= 6033035) AND (id <= 6034034))

for point_selects
table 1 : explain SELECT c FROM sbtest1 WHERE id=1647426
	Index Scan using sbtest1_pkey on sbtest1  (cost=0.43..8.45 rows=1 width=121)
	  Index Cond: (id = 1647426)

table 2 : explain SELECT c FROM sbtest2 WHERE id=6170444
	Index Scan using sbtest2_pkey on sbtest2  (cost=0.43..8.45 rows=1 width=121)
	  Index Cond: (id = 6170444)

table 3 : explain SELECT c FROM sbtest3 WHERE id=7543764
	Index Scan using sbtest3_pkey on sbtest3  (cost=0.43..8.45 rows=1 width=121)
	  Index Cond: (id = 7543764)

table 4 : explain SELECT c FROM sbtest4 WHERE id=8826509
	Index Scan using sbtest4_pkey on sbtest4  (cost=0.43..8.45 rows=1 width=121)
	  Index Cond: (id = 8826509)

table 5 : explain SELECT c FROM sbtest5 WHERE id=6388067
	Index Scan using sbtest5_pkey on sbtest5  (cost=0.43..8.45 rows=1 width=121)
	  Index Cond: (id = 6388067)

table 6 : explain SELECT c FROM sbtest6 WHERE id=7255945
	Index Scan using sbtest6_pkey on sbtest6  (cost=0.43..8.45 rows=1 width=121)
	  Index Cond: (id = 7255945)

table 7 : explain SELECT c FROM sbtest7 WHERE id=4820132
	Index Scan using sbtest7_pkey on sbtest7  (cost=0.43..8.45 rows=1 width=121)
	  Index Cond: (id = 4820132)

table 8 : explain SELECT c FROM sbtest8 WHERE id=7186925
	Index Scan using sbtest8_pkey on sbtest8  (cost=0.43..8.45 rows=1 width=121)
	  Index Cond: (id = 7186925)

for point_selects
table 1 : explain SELECT c FROM sbtest1 WHERE id=3344711
	Index Scan using sbtest1_pkey on sbtest1  (cost=0.43..8.45 rows=1 width=121)
	  Index Cond: (id = 3344711)

table 2 : explain SELECT c FROM sbtest2 WHERE id=2681528
	Index Scan using sbtest2_pkey on sbtest2  (cost=0.43..8.45 rows=1 width=121)
	  Index Cond: (id = 2681528)

table 3 : explain SELECT c FROM sbtest3 WHERE id=431951
	Index Scan using sbtest3_pkey on sbtest3  (cost=0.43..8.45 rows=1 width=121)
	  Index Cond: (id = 431951)

table 4 : explain SELECT c FROM sbtest4 WHERE id=1060362
	Index Scan using sbtest4_pkey on sbtest4  (cost=0.43..8.45 rows=1 width=121)
	  Index Cond: (id = 1060362)

table 5 : explain SELECT c FROM sbtest5 WHERE id=9529114
	Index Scan using sbtest5_pkey on sbtest5  (cost=0.43..8.45 rows=1 width=121)
	  Index Cond: (id = 9529114)

table 6 : explain SELECT c FROM sbtest6 WHERE id=7954462
	Index Scan using sbtest6_pkey on sbtest6  (cost=0.43..8.45 rows=1 width=121)
	  Index Cond: (id = 7954462)

table 7 : explain SELECT c FROM sbtest7 WHERE id=2024521
	Index Scan using sbtest7_pkey on sbtest7  (cost=0.43..8.45 rows=1 width=121)
	  Index Cond: (id = 2024521)

table 8 : explain SELECT c FROM sbtest8 WHERE id=9370439
	Index Scan using sbtest8_pkey on sbtest8  (cost=0.43..8.45 rows=1 width=121)
	  Index Cond: (id = 9370439)

for: sum_ranges
table 1 : explain SELECT SUM(k) FROM sbtest1 WHERE id BETWEEN 6241990 AND 6242989
	Aggregate  (cost=3571.38..3571.39 rows=1 width=8)
	  ->  Bitmap Heap Scan on sbtest1  (cost=29.85..3569.09 rows=919 width=4)
	        Recheck Cond: ((id >= 6241990) AND (id <= 6242989))
	        ->  Bitmap Index Scan on sbtest1_pkey  (cost=0.00..29.62 rows=919 width=0)
	              Index Cond: ((id >= 6241990) AND (id <= 6242989))

table 2 : explain SELECT SUM(k) FROM sbtest2 WHERE id BETWEEN 6073342 AND 6074341
	Aggregate  (cost=4309.91..4309.92 rows=1 width=8)
	  ->  Bitmap Heap Scan on sbtest2  (cost=35.85..4307.12 rows=1114 width=4)
	        Recheck Cond: ((id >= 6073342) AND (id <= 6074341))
	        ->  Bitmap Index Scan on sbtest2_pkey  (cost=0.00..35.58 rows=1114 width=0)
	              Index Cond: ((id >= 6073342) AND (id <= 6074341))

table 3 : explain SELECT SUM(k) FROM sbtest3 WHERE id BETWEEN 5514015 AND 5515014
	Aggregate  (cost=3678.25..3678.26 rows=1 width=8)
	  ->  Bitmap Heap Scan on sbtest3  (cost=30.15..3675.88 rows=948 width=4)
	        Recheck Cond: ((id >= 5514015) AND (id <= 5515014))
	        ->  Bitmap Index Scan on sbtest3_pkey  (cost=0.00..29.91 rows=948 width=0)
	              Index Cond: ((id >= 5514015) AND (id <= 5515014))

table 4 : explain SELECT SUM(k) FROM sbtest4 WHERE id BETWEEN 3697129 AND 3698128
	Aggregate  (cost=3778.02..3778.03 rows=1 width=8)
	  ->  Bitmap Heap Scan on sbtest4  (cost=30.42..3775.59 rows=974 width=4)
	        Recheck Cond: ((id >= 3697129) AND (id <= 3698128))
	        ->  Bitmap Index Scan on sbtest4_pkey  (cost=0.00..30.18 rows=974 width=0)
	              Index Cond: ((id >= 3697129) AND (id <= 3698128))

table 5 : explain SELECT SUM(k) FROM sbtest5 WHERE id BETWEEN 6856402 AND 6857401
	Aggregate  (cost=3853.87..3853.88 rows=1 width=8)
	  ->  Bitmap Heap Scan on sbtest5  (cost=30.62..3851.38 rows=994 width=4)
	        Recheck Cond: ((id >= 6856402) AND (id <= 6857401))
	        ->  Bitmap Index Scan on sbtest5_pkey  (cost=0.00..30.37 rows=994 width=0)
	              Index Cond: ((id >= 6856402) AND (id <= 6857401))

table 6 : explain SELECT SUM(k) FROM sbtest6 WHERE id BETWEEN 9537762 AND 9538761
	Aggregate  (cost=4094.99..4095.00 rows=1 width=8)
	  ->  Bitmap Heap Scan on sbtest6  (cost=35.27..4092.35 rows=1057 width=4)
	        Recheck Cond: ((id >= 9537762) AND (id <= 9538761))
	        ->  Bitmap Index Scan on sbtest6_pkey  (cost=0.00..35.01 rows=1057 width=0)
	              Index Cond: ((id >= 9537762) AND (id <= 9538761))

table 7 : explain SELECT SUM(k) FROM sbtest7 WHERE id BETWEEN 8191986 AND 8192985
	Aggregate  (cost=4141.86..4141.87 rows=1 width=8)
	  ->  Bitmap Heap Scan on sbtest7  (cost=35.40..4139.19 rows=1070 width=4)
	        Recheck Cond: ((id >= 8191986) AND (id <= 8192985))
	        ->  Bitmap Index Scan on sbtest7_pkey  (cost=0.00..35.14 rows=1070 width=0)
	              Index Cond: ((id >= 8191986) AND (id <= 8192985))

table 8 : explain SELECT SUM(k) FROM sbtest8 WHERE id BETWEEN 3527007 AND 3528006
	Aggregate  (cost=3551.32..3551.33 rows=1 width=8)
	  ->  Bitmap Heap Scan on sbtest8  (cost=29.80..3549.04 rows=914 width=4)
	        Recheck Cond: ((id >= 3527007) AND (id <= 3528006))
	        ->  Bitmap Index Scan on sbtest8_pkey  (cost=0.00..29.57 rows=914 width=0)
	              Index Cond: ((id >= 3527007) AND (id <= 3528006))

for: distinct_ranges
table 1 : explain SELECT DISTINCT c FROM sbtest1 WHERE id BETWEEN 9548143 AND 9549142 ORDER BY c
	Unique  (cost=4200.95..4206.31 rows=1071 width=121)
	  ->  Sort  (cost=4200.95..4203.63 rows=1071 width=121)
	        Sort Key: c
	        ->  Bitmap Heap Scan on sbtest1  (cost=35.41..4147.06 rows=1071 width=121)
	              Recheck Cond: ((id >= 9548143) AND (id <= 9549142))
	              ->  Bitmap Index Scan on sbtest1_pkey  (cost=0.00..35.15 rows=1071 width=0)
	                    Index Cond: ((id >= 9548143) AND (id <= 9549142))

table 2 : explain SELECT DISTINCT c FROM sbtest2 WHERE id BETWEEN 76755 AND 77754 ORDER BY c
	Unique  (cost=3693.59..3698.29 rows=940 width=121)
	  ->  Sort  (cost=3693.59..3695.94 rows=940 width=121)
	        Sort Key: c
	        ->  Bitmap Heap Scan on sbtest2  (cost=30.07..3647.17 rows=940 width=121)
	              Recheck Cond: ((id >= 76755) AND (id <= 77754))
	              ->  Bitmap Index Scan on sbtest2_pkey  (cost=0.00..29.83 rows=940 width=0)
	                    Index Cond: ((id >= 76755) AND (id <= 77754))

table 3 : explain SELECT DISTINCT c FROM sbtest3 WHERE id BETWEEN 8215474 AND 8216473 ORDER BY c
	Unique  (cost=3830.06..3834.94 rows=976 width=121)
	  ->  Sort  (cost=3830.06..3832.50 rows=976 width=121)
	        Sort Key: c
	        ->  Bitmap Heap Scan on sbtest3  (cost=30.44..3781.60 rows=976 width=121)
	              Recheck Cond: ((id >= 8215474) AND (id <= 8216473))
	              ->  Bitmap Index Scan on sbtest3_pkey  (cost=0.00..30.19 rows=976 width=0)
	                    Index Cond: ((id >= 8215474) AND (id <= 8216473))

table 4 : explain SELECT DISTINCT c FROM sbtest4 WHERE id BETWEEN 6799460 AND 6800459 ORDER BY c
	Unique  (cost=3977.17..3982.24 rows=1014 width=121)
	  ->  Sort  (cost=3977.17..3979.70 rows=1014 width=121)
	        Sort Key: c
	        ->  Bitmap Heap Scan on sbtest4  (cost=30.83..3926.54 rows=1014 width=121)
	              Recheck Cond: ((id >= 6799460) AND (id <= 6800459))
	              ->  Bitmap Index Scan on sbtest4_pkey  (cost=0.00..30.57 rows=1014 width=0)
	                    Index Cond: ((id >= 6799460) AND (id <= 6800459))

table 5 : explain SELECT DISTINCT c FROM sbtest5 WHERE id BETWEEN 6334777 AND 6335776 ORDER BY c
	Unique  (cost=3985.13..3990.21 rows=1016 width=121)
	  ->  Sort  (cost=3985.13..3987.67 rows=1016 width=121)
	        Sort Key: c
	        ->  Bitmap Heap Scan on sbtest5  (cost=30.85..3934.39 rows=1016 width=121)
	              Recheck Cond: ((id >= 6334777) AND (id <= 6335776))
	              ->  Bitmap Index Scan on sbtest5_pkey  (cost=0.00..30.59 rows=1016 width=0)
	                    Index Cond: ((id >= 6334777) AND (id <= 6335776))

table 6 : explain SELECT DISTINCT c FROM sbtest6 WHERE id BETWEEN 1978278 AND 1979277 ORDER BY c
	Unique  (cost=4302.09..4307.58 rows=1098 width=121)
	  ->  Sort  (cost=4302.09..4304.83 rows=1098 width=121)
	        Sort Key: c
	        ->  Bitmap Heap Scan on sbtest6  (cost=35.69..4246.64 rows=1098 width=121)
	              Recheck Cond: ((id >= 1978278) AND (id <= 1979277))
	              ->  Bitmap Index Scan on sbtest6_pkey  (cost=0.00..35.42 rows=1098 width=0)
	                    Index Cond: ((id >= 1978278) AND (id <= 1979277))

table 7 : explain SELECT DISTINCT c FROM sbtest7 WHERE id BETWEEN 8841423 AND 8842422 ORDER BY c
	Unique  (cost=3844.87..3849.77 rows=980 width=121)
	  ->  Sort  (cost=3844.87..3847.32 rows=980 width=121)
	        Sort Key: c
	        ->  Bitmap Heap Scan on sbtest7  (cost=30.48..3796.18 rows=980 width=121)
	              Recheck Cond: ((id >= 8841423) AND (id <= 8842422))
	              ->  Bitmap Index Scan on sbtest7_pkey  (cost=0.00..30.23 rows=980 width=0)
	                    Index Cond: ((id >= 8841423) AND (id <= 8842422))

table 8 : explain SELECT DISTINCT c FROM sbtest8 WHERE id BETWEEN 8898332 AND 8899331 ORDER BY c
	Unique  (cost=3943.01..3948.04 rows=1005 width=121)
	  ->  Sort  (cost=3943.01..3945.52 rows=1005 width=121)
	        Sort Key: c
	        ->  Bitmap Heap Scan on sbtest8  (cost=30.74..3892.90 rows=1005 width=121)
	              Recheck Cond: ((id >= 8898332) AND (id <= 8899331))
	              ->  Bitmap Index Scan on sbtest8_pkey  (cost=0.00..30.48 rows=1005 width=0)
	                    Index Cond: ((id >= 8898332) AND (id <= 8899331))

for: distinct_ranges
table 1 : explain SELECT DISTINCT c FROM sbtest1 WHERE id BETWEEN 8575077 AND 8576076 ORDER BY c
	Unique  (cost=3783.26..3788.07 rows=963 width=121)
	  ->  Sort  (cost=3783.26..3785.67 rows=963 width=121)
	        Sort Key: c
	        ->  Bitmap Heap Scan on sbtest1  (cost=30.31..3735.53 rows=963 width=121)
	              Recheck Cond: ((id >= 8575077) AND (id <= 8576076))
	              ->  Bitmap Index Scan on sbtest1_pkey  (cost=0.00..30.07 rows=963 width=0)
	                    Index Cond: ((id >= 8575077) AND (id <= 8576076))

table 2 : explain SELECT DISTINCT c FROM sbtest2 WHERE id BETWEEN 7488254 AND 7489253 ORDER BY c
	Unique  (cost=3908.29..3913.27 rows=996 width=121)
	  ->  Sort  (cost=3908.29..3910.78 rows=996 width=121)
	        Sort Key: c
	        ->  Bitmap Heap Scan on sbtest2  (cost=30.64..3858.69 rows=996 width=121)
	              Recheck Cond: ((id >= 7488254) AND (id <= 7489253))
	              ->  Bitmap Index Scan on sbtest2_pkey  (cost=0.00..30.39 rows=996 width=0)
	                    Index Cond: ((id >= 7488254) AND (id <= 7489253))

table 3 : explain SELECT DISTINCT c FROM sbtest3 WHERE id BETWEEN 9879940 AND 9880939 ORDER BY c
	Unique  (cost=3994.67..3999.76 rows=1019 width=121)
	  ->  Sort  (cost=3994.67..3997.21 rows=1019 width=121)
	        Sort Key: c
	        ->  Bitmap Heap Scan on sbtest3  (cost=30.88..3943.75 rows=1019 width=121)
	              Recheck Cond: ((id >= 9879940) AND (id <= 9880939))
	              ->  Bitmap Index Scan on sbtest3_pkey  (cost=0.00..30.62 rows=1019 width=0)
	                    Index Cond: ((id >= 9879940) AND (id <= 9880939))

table 4 : explain SELECT DISTINCT c FROM sbtest4 WHERE id BETWEEN 1959322 AND 1960321 ORDER BY c
	Unique  (cost=3881.42..3886.36 rows=989 width=121)
	  ->  Sort  (cost=3881.42..3883.89 rows=989 width=121)
	        Sort Key: c
	        ->  Bitmap Heap Scan on sbtest4  (cost=30.57..3832.22 rows=989 width=121)
	              Recheck Cond: ((id >= 1959322) AND (id <= 1960321))
	              ->  Bitmap Index Scan on sbtest4_pkey  (cost=0.00..30.32 rows=989 width=0)
	                    Index Cond: ((id >= 1959322) AND (id <= 1960321))

table 5 : explain SELECT DISTINCT c FROM sbtest5 WHERE id BETWEEN 6266961 AND 6267960 ORDER BY c
	Unique  (cost=3785.88..3790.70 rows=964 width=121)
	  ->  Sort  (cost=3785.88..3788.29 rows=964 width=121)
	        Sort Key: c
	        ->  Bitmap Heap Scan on sbtest5  (cost=30.32..3738.10 rows=964 width=121)
	              Recheck Cond: ((id >= 6266961) AND (id <= 6267960))
	              ->  Bitmap Index Scan on sbtest5_pkey  (cost=0.00..30.07 rows=964 width=0)
	                    Index Cond: ((id >= 6266961) AND (id <= 6267960))

table 6 : explain SELECT DISTINCT c FROM sbtest6 WHERE id BETWEEN 5755783 AND 5756782 ORDER BY c
	Unique  (cost=4260.08..4265.52 rows=1087 width=121)
	  ->  Sort  (cost=4260.08..4262.80 rows=1087 width=121)
	        Sort Key: c
	        ->  Bitmap Heap Scan on sbtest6  (cost=35.58..4205.26 rows=1087 width=121)
	              Recheck Cond: ((id >= 5755783) AND (id <= 5756782))
	              ->  Bitmap Index Scan on sbtest6_pkey  (cost=0.00..35.31 rows=1087 width=0)
	                    Index Cond: ((id >= 5755783) AND (id <= 5756782))

table 7 : explain SELECT DISTINCT c FROM sbtest7 WHERE id BETWEEN 1703839 AND 1704838 ORDER BY c
	Unique  (cost=3833.39..3838.27 rows=977 width=121)
	  ->  Sort  (cost=3833.39..3835.83 rows=977 width=121)
	        Sort Key: c
	        ->  Bitmap Heap Scan on sbtest7  (cost=30.45..3784.87 rows=977 width=121)
	              Recheck Cond: ((id >= 1703839) AND (id <= 1704838))
	              ->  Bitmap Index Scan on sbtest7_pkey  (cost=0.00..30.20 rows=977 width=0)
	                    Index Cond: ((id >= 1703839) AND (id <= 1704838))

table 8 : explain SELECT DISTINCT c FROM sbtest8 WHERE id BETWEEN 9001633 AND 9002632 ORDER BY c
	Unique  (cost=3851.06..3855.96 rows=981 width=121)
	  ->  Sort  (cost=3851.06..3853.51 rows=981 width=121)
	        Sort Key: c
	        ->  Bitmap Heap Scan on sbtest8  (cost=30.49..3802.31 rows=981 width=121)
	              Recheck Cond: ((id >= 9001633) AND (id <= 9002632))
	              ->  Bitmap Index Scan on sbtest8_pkey  (cost=0.00..30.25 rows=981 width=0)
	                    Index Cond: ((id >= 9001633) AND (id <= 9002632))

explain: for point_selects :: explain SELECT c FROM sbtest%u WHERE id=%u
for point_selects
table 1 : explain SELECT c FROM sbtest1 WHERE id=9444194
	Index Scan using sbtest1_pkey on sbtest1  (cost=0.43..8.45 rows=1 width=121)
	  Index Cond: (id = 9444194)

table 2 : explain SELECT c FROM sbtest2 WHERE id=467168
	Index Scan using sbtest2_pkey on sbtest2  (cost=0.43..8.45 rows=1 width=121)
	  Index Cond: (id = 467168)

table 3 : explain SELECT c FROM sbtest3 WHERE id=3441181
	Index Scan using sbtest3_pkey on sbtest3  (cost=0.43..8.45 rows=1 width=121)
	  Index Cond: (id = 3441181)

table 4 : explain SELECT c FROM sbtest4 WHERE id=6827062
	Index Scan using sbtest4_pkey on sbtest4  (cost=0.43..8.45 rows=1 width=121)
	  Index Cond: (id = 6827062)

table 5 : explain SELECT c FROM sbtest5 WHERE id=2511016
	Index Scan using sbtest5_pkey on sbtest5  (cost=0.43..8.45 rows=1 width=121)
	  Index Cond: (id = 2511016)

table 6 : explain SELECT c FROM sbtest6 WHERE id=5811547
	Index Scan using sbtest6_pkey on sbtest6  (cost=0.43..8.45 rows=1 width=121)
	  Index Cond: (id = 5811547)

table 7 : explain SELECT c FROM sbtest7 WHERE id=6097515
	Index Scan using sbtest7_pkey on sbtest7  (cost=0.43..8.45 rows=1 width=121)
	  Index Cond: (id = 6097515)

table 8 : explain SELECT c FROM sbtest8 WHERE id=3722664
	Index Scan using sbtest8_pkey on sbtest8  (cost=0.43..8.45 rows=1 width=121)
	  Index Cond: (id = 3722664)

for: simple_ranges
table 1 : explain SELECT c FROM sbtest1 WHERE id BETWEEN 8569630 AND 8570629
	Bitmap Heap Scan on sbtest1  (cost=30.31..3735.53 rows=963 width=121)
	  Recheck Cond: ((id >= 8569630) AND (id <= 8570629))
	  ->  Bitmap Index Scan on sbtest1_pkey  (cost=0.00..30.07 rows=963 width=0)
	        Index Cond: ((id >= 8569630) AND (id <= 8570629))

table 2 : explain SELECT c FROM sbtest2 WHERE id BETWEEN 8543584 AND 8544583
	Bitmap Heap Scan on sbtest2  (cost=30.86..3937.91 rows=1017 width=121)
	  Recheck Cond: ((id >= 8543584) AND (id <= 8544583))
	  ->  Bitmap Index Scan on sbtest2_pkey  (cost=0.00..30.61 rows=1017 width=0)
	        Index Cond: ((id >= 8543584) AND (id <= 8544583))

table 3 : explain SELECT c FROM sbtest3 WHERE id BETWEEN 247042 AND 248041
	Bitmap Heap Scan on sbtest3  (cost=31.24..4075.56 rows=1054 width=121)
	  Recheck Cond: ((id >= 247042) AND (id <= 248041))
	  ->  Bitmap Index Scan on sbtest3_pkey  (cost=0.00..30.97 rows=1054 width=0)
	        Index Cond: ((id >= 247042) AND (id <= 248041))

table 4 : explain SELECT c FROM sbtest4 WHERE id BETWEEN 191880 AND 192879
	Bitmap Heap Scan on sbtest4  (cost=31.04..4005.71 rows=1035 width=121)
	  Recheck Cond: ((id >= 191880) AND (id <= 192879))
	  ->  Bitmap Index Scan on sbtest4_pkey  (cost=0.00..30.79 rows=1035 width=0)
	        Index Cond: ((id >= 191880) AND (id <= 192879))

table 5 : explain SELECT c FROM sbtest5 WHERE id BETWEEN 6204658 AND 6205657
	Bitmap Heap Scan on sbtest5  (cost=30.32..3738.10 rows=964 width=121)
	  Recheck Cond: ((id >= 6204658) AND (id <= 6205657))
	  ->  Bitmap Index Scan on sbtest5_pkey  (cost=0.00..30.07 rows=964 width=0)
	        Index Cond: ((id >= 6204658) AND (id <= 6205657))

table 6 : explain SELECT c FROM sbtest6 WHERE id BETWEEN 7411704 AND 7412703
	Bitmap Heap Scan on sbtest6  (cost=30.10..3658.25 rows=943 width=121)
	  Recheck Cond: ((id >= 7411704) AND (id <= 7412703))
	  ->  Bitmap Index Scan on sbtest6_pkey  (cost=0.00..29.86 rows=943 width=0)
	        Index Cond: ((id >= 7411704) AND (id <= 7412703))

table 7 : explain SELECT c FROM sbtest7 WHERE id BETWEEN 2203910 AND 2204909
	Bitmap Heap Scan on sbtest7  (cost=30.78..3905.53 rows=1009 width=121)
	  Recheck Cond: ((id >= 2203910) AND (id <= 2204909))
	  ->  Bitmap Index Scan on sbtest7_pkey  (cost=0.00..30.52 rows=1009 width=0)
	        Index Cond: ((id >= 2203910) AND (id <= 2204909))

table 8 : explain SELECT c FROM sbtest8 WHERE id BETWEEN 4518466 AND 4519465
	Bitmap Heap Scan on sbtest8  (cost=30.39..3764.55 rows=971 width=121)
	  Recheck Cond: ((id >= 4518466) AND (id <= 4519465))
	  ->  Bitmap Index Scan on sbtest8_pkey  (cost=0.00..30.14 rows=971 width=0)
	        Index Cond: ((id >= 4518466) AND (id <= 4519465))

for: order_ranges
table 1 : explain SELECT c FROM sbtest1 WHERE id BETWEEN 6312070 AND 6313069 ORDER BY c
	Sort  (cost=3694.98..3697.33 rows=940 width=121)
	  Sort Key: c
	  ->  Bitmap Heap Scan on sbtest1  (cost=30.07..3648.56 rows=940 width=121)
	        Recheck Cond: ((id >= 6312070) AND (id <= 6313069))
	        ->  Bitmap Index Scan on sbtest1_pkey  (cost=0.00..29.83 rows=940 width=0)
	              Index Cond: ((id >= 6312070) AND (id <= 6313069))

table 2 : explain SELECT c FROM sbtest2 WHERE id BETWEEN 8074842 AND 8075841 ORDER BY c
	Sort  (cost=4310.05..4312.80 rows=1100 width=121)
	  Sort Key: c
	  ->  Bitmap Heap Scan on sbtest2  (cost=35.71..4254.48 rows=1100 width=121)
	        Recheck Cond: ((id >= 8074842) AND (id <= 8075841))
	        ->  Bitmap Index Scan on sbtest2_pkey  (cost=0.00..35.44 rows=1100 width=0)
	              Index Cond: ((id >= 8074842) AND (id <= 8075841))

table 3 : explain SELECT c FROM sbtest3 WHERE id BETWEEN 8621487 AND 8622486 ORDER BY c
	Sort  (cost=3933.44..3935.95 rows=1003 width=121)
	  Sort Key: c
	  ->  Bitmap Heap Scan on sbtest3  (cost=30.72..3883.44 rows=1003 width=121)
	        Recheck Cond: ((id >= 8621487) AND (id <= 8622486))
	        ->  Bitmap Index Scan on sbtest3_pkey  (cost=0.00..30.46 rows=1003 width=0)
	              Index Cond: ((id >= 8621487) AND (id <= 8622486))

table 4 : explain SELECT c FROM sbtest4 WHERE id BETWEEN 4486845 AND 4487844 ORDER BY c
	Sort  (cost=4371.06..4373.85 rows=1116 width=121)
	  Sort Key: c
	  ->  Bitmap Heap Scan on sbtest4  (cost=35.87..4314.57 rows=1116 width=121)
	        Recheck Cond: ((id >= 4486845) AND (id <= 4487844))
	        ->  Bitmap Index Scan on sbtest4_pkey  (cost=0.00..35.59 rows=1116 width=0)
	              Index Cond: ((id >= 4486845) AND (id <= 4487844))

table 5 : explain SELECT c FROM sbtest5 WHERE id BETWEEN 7886004 AND 7887003 ORDER BY c
	Sort  (cost=3843.39..3845.84 rows=979 width=121)
	  Sort Key: c
	  ->  Bitmap Heap Scan on sbtest5  (cost=30.47..3794.76 rows=979 width=121)
	        Recheck Cond: ((id >= 7886004) AND (id <= 7887003))
	        ->  Bitmap Index Scan on sbtest5_pkey  (cost=0.00..30.22 rows=979 width=0)
	              Index Cond: ((id >= 7886004) AND (id <= 7887003))

table 6 : explain SELECT c FROM sbtest6 WHERE id BETWEEN 5079283 AND 5080282 ORDER BY c
	Sort  (cost=3562.80..3565.07 rows=906 width=121)
	  Sort Key: c
	  ->  Bitmap Heap Scan on sbtest6  (cost=29.72..3518.30 rows=906 width=121)
	        Recheck Cond: ((id >= 5079283) AND (id <= 5080282))
	        ->  Bitmap Index Scan on sbtest6_pkey  (cost=0.00..29.50 rows=906 width=0)
	              Index Cond: ((id >= 5079283) AND (id <= 5080282))

table 7 : explain SELECT c FROM sbtest7 WHERE id BETWEEN 8020083 AND 8021082 ORDER BY c
	Sort  (cost=3971.18..3973.71 rows=1013 width=121)
	  Sort Key: c
	  ->  Bitmap Heap Scan on sbtest7  (cost=30.82..3920.61 rows=1013 width=121)
	        Recheck Cond: ((id >= 8020083) AND (id <= 8021082))
	        ->  Bitmap Index Scan on sbtest7_pkey  (cost=0.00..30.57 rows=1013 width=0)
	              Index Cond: ((id >= 8020083) AND (id <= 8021082))

table 8 : explain SELECT c FROM sbtest8 WHERE id BETWEEN 5808508 AND 5809507 ORDER BY c
	Sort  (cost=4011.93..4014.49 rows=1023 width=121)
	  Sort Key: c
	  ->  Bitmap Heap Scan on sbtest8  (cost=30.92..3960.79 rows=1023 width=121)
	        Recheck Cond: ((id >= 5808508) AND (id <= 5809507))
	        ->  Bitmap Index Scan on sbtest8_pkey  (cost=0.00..30.66 rows=1023 width=0)
	              Index Cond: ((id >= 5808508) AND (id <= 5809507))

for: sum_ranges
table 1 : explain SELECT SUM(k) FROM sbtest1 WHERE id BETWEEN 6715930 AND 6716929
	Aggregate  (cost=3817.35..3817.36 rows=1 width=8)
	  ->  Bitmap Heap Scan on sbtest1  (cost=30.52..3814.89 rows=984 width=4)
	        Recheck Cond: ((id >= 6715930) AND (id <= 6716929))
	        ->  Bitmap Index Scan on sbtest1_pkey  (cost=0.00..30.27 rows=984 width=0)
	              Index Cond: ((id >= 6715930) AND (id <= 6716929))

table 2 : explain SELECT SUM(k) FROM sbtest2 WHERE id BETWEEN 6003037 AND 6004036
	Aggregate  (cost=4309.91..4309.92 rows=1 width=8)
	  ->  Bitmap Heap Scan on sbtest2  (cost=35.85..4307.12 rows=1114 width=4)
	        Recheck Cond: ((id >= 6003037) AND (id <= 6004036))
	        ->  Bitmap Index Scan on sbtest2_pkey  (cost=0.00..35.58 rows=1114 width=0)
	              Index Cond: ((id >= 6003037) AND (id <= 6004036))

table 3 : explain SELECT SUM(k) FROM sbtest3 WHERE id BETWEEN 305605 AND 306604
	Aggregate  (cost=3523.17..3523.18 rows=1 width=8)
	  ->  Bitmap Heap Scan on sbtest3  (cost=29.73..3520.90 rows=907 width=4)
	        Recheck Cond: ((id >= 305605) AND (id <= 306604))
	        ->  Bitmap Index Scan on sbtest3_pkey  (cost=0.00..29.50 rows=907 width=0)
	              Index Cond: ((id >= 305605) AND (id <= 306604))

table 4 : explain SELECT SUM(k) FROM sbtest4 WHERE id BETWEEN 4790908 AND 4791907
	Aggregate  (cost=3592.70..3592.71 rows=1 width=8)
	  ->  Bitmap Heap Scan on sbtest4  (cost=29.92..3590.39 rows=925 width=4)
	        Recheck Cond: ((id >= 4790908) AND (id <= 4791907))
	        ->  Bitmap Index Scan on sbtest4_pkey  (cost=0.00..29.68 rows=925 width=0)
	              Index Cond: ((id >= 4790908) AND (id <= 4791907))

table 5 : explain SELECT SUM(k) FROM sbtest5 WHERE id BETWEEN 7529421 AND 7530420
	Aggregate  (cost=3816.09..3816.10 rows=1 width=8)
	  ->  Bitmap Heap Scan on sbtest5  (cost=30.52..3813.63 rows=984 width=4)
	        Recheck Cond: ((id >= 7529421) AND (id <= 7530420))
	        ->  Bitmap Index Scan on sbtest5_pkey  (cost=0.00..30.27 rows=984 width=0)
	              Index Cond: ((id >= 7529421) AND (id <= 7530420))

table 6 : explain SELECT SUM(k) FROM sbtest6 WHERE id BETWEEN 3853418 AND 3854417
	Aggregate  (cost=4068.38..4068.39 rows=1 width=8)
	  ->  Bitmap Heap Scan on sbtest6  (cost=31.21..4065.75 rows=1051 width=4)
	        Recheck Cond: ((id >= 3853418) AND (id <= 3854417))
	        ->  Bitmap Index Scan on sbtest6_pkey  (cost=0.00..30.94 rows=1051 width=0)
	              Index Cond: ((id >= 3853418) AND (id <= 3854417))

table 7 : explain SELECT SUM(k) FROM sbtest7 WHERE id BETWEEN 7472108 AND 7473107
	Aggregate  (cost=3692.89..3692.90 rows=1 width=8)
	  ->  Bitmap Heap Scan on sbtest7  (cost=30.19..3690.51 rows=952 width=4)
	        Recheck Cond: ((id >= 7472108) AND (id <= 7473107))
	        ->  Bitmap Index Scan on sbtest7_pkey  (cost=0.00..29.95 rows=952 width=0)
	              Index Cond: ((id >= 7472108) AND (id <= 7473107))

table 8 : explain SELECT SUM(k) FROM sbtest8 WHERE id BETWEEN 9608748 AND 9609747
	Aggregate  (cost=4016.16..4016.17 rows=1 width=8)
	  ->  Bitmap Heap Scan on sbtest8  (cost=31.06..4013.57 rows=1037 width=4)
	        Recheck Cond: ((id >= 9608748) AND (id <= 9609747))
	        ->  Bitmap Index Scan on sbtest8_pkey  (cost=0.00..30.80 rows=1037 width=0)
	              Index Cond: ((id >= 9608748) AND (id <= 9609747))

explain: for point_selects :: explain SELECT c FROM sbtest%u WHERE id=%u
for: order_ranges
table 1 : explain SELECT c FROM sbtest1 WHERE id BETWEEN 3092979 AND 3093978 ORDER BY c
	Sort  (cost=3913.64..3916.14 rows=997 width=121)
	  Sort Key: c
	  ->  Bitmap Heap Scan on sbtest1  (cost=30.65..3863.98 rows=997 width=121)
	        Recheck Cond: ((id >= 3092979) AND (id <= 3093978))
	        ->  Bitmap Index Scan on sbtest1_pkey  (cost=0.00..30.40 rows=997 width=0)
	              Index Cond: ((id >= 3092979) AND (id <= 3093978))

table 2 : explain SELECT c FROM sbtest2 WHERE id BETWEEN 6219483 AND 6220482 ORDER BY c
	Sort  (cost=4229.83..4232.53 rows=1079 width=121)
	  Sort Key: c
	  ->  Bitmap Heap Scan on sbtest2  (cost=35.49..4175.48 rows=1079 width=121)
	        Recheck Cond: ((id >= 6219483) AND (id <= 6220482))
	        ->  Bitmap Index Scan on sbtest2_pkey  (cost=0.00..35.23 rows=1079 width=0)
	              Index Cond: ((id >= 6219483) AND (id <= 6220482))

table 3 : explain SELECT c FROM sbtest3 WHERE id BETWEEN 1184451 AND 1185450 ORDER BY c
	Sort  (cost=3937.27..3939.78 rows=1004 width=121)
	  Sort Key: c
	  ->  Bitmap Heap Scan on sbtest3  (cost=30.73..3887.21 rows=1004 width=121)
	        Recheck Cond: ((id >= 1184451) AND (id <= 1185450))
	        ->  Bitmap Index Scan on sbtest3_pkey  (cost=0.00..30.47 rows=1004 width=0)
	              Index Cond: ((id >= 1184451) AND (id <= 1185450))

table 4 : explain SELECT c FROM sbtest4 WHERE id BETWEEN 8835851 AND 8836850 ORDER BY c
	Sort  (cost=3885.25..3887.72 rows=990 width=121)
	  Sort Key: c
	  ->  Bitmap Heap Scan on sbtest4  (cost=30.58..3835.99 rows=990 width=121)
	        Recheck Cond: ((id >= 8835851) AND (id <= 8836850))
	        ->  Bitmap Index Scan on sbtest4_pkey  (cost=0.00..30.33 rows=990 width=0)
	              Index Cond: ((id >= 8835851) AND (id <= 8836850))

table 5 : explain SELECT c FROM sbtest5 WHERE id BETWEEN 9669886 AND 9670885 ORDER BY c
	Sort  (cost=3988.96..3991.50 rows=1017 width=121)
	  Sort Key: c
	  ->  Bitmap Heap Scan on sbtest5  (cost=30.86..3938.16 rows=1017 width=121)
	        Recheck Cond: ((id >= 9669886) AND (id <= 9670885))
	        ->  Bitmap Index Scan on sbtest5_pkey  (cost=0.00..30.61 rows=1017 width=0)
	              Index Cond: ((id >= 9669886) AND (id <= 9670885))

table 6 : explain SELECT c FROM sbtest6 WHERE id BETWEEN 84063 AND 85062 ORDER BY c
	Sort  (cost=3885.03..3887.51 rows=990 width=121)
	  Sort Key: c
	  ->  Bitmap Heap Scan on sbtest6  (cost=30.58..3835.77 rows=990 width=121)
	        Recheck Cond: ((id >= 84063) AND (id <= 85062))
	        ->  Bitmap Index Scan on sbtest6_pkey  (cost=0.00..30.33 rows=990 width=0)
	              Index Cond: ((id >= 84063) AND (id <= 85062))

table 7 : explain SELECT c FROM sbtest7 WHERE id BETWEEN 3558055 AND 3559054 ORDER BY c
	Sort  (cost=3844.87..3847.32 rows=980 width=121)
	  Sort Key: c
	  ->  Bitmap Heap Scan on sbtest7  (cost=30.48..3796.18 rows=980 width=121)
	        Recheck Cond: ((id >= 3558055) AND (id <= 3559054))
	        ->  Bitmap Index Scan on sbtest7_pkey  (cost=0.00..30.23 rows=980 width=0)
	              Index Cond: ((id >= 3558055) AND (id <= 3559054))

table 8 : explain SELECT c FROM sbtest8 WHERE id BETWEEN 3113641 AND 3114640 ORDER BY c
	Sort  (cost=3912.37..3914.86 rows=997 width=121)
	  Sort Key: c
	  ->  Bitmap Heap Scan on sbtest8  (cost=30.65..3862.71 rows=997 width=121)
	        Recheck Cond: ((id >= 3113641) AND (id <= 3114640))
	        ->  Bitmap Index Scan on sbtest8_pkey  (cost=0.00..30.40 rows=997 width=0)
	              Index Cond: ((id >= 3113641) AND (id <= 3114640))

explain: for point_selects :: explain SELECT c FROM sbtest%u WHERE id=%u
explain: for point_selects :: explain SELECT c FROM sbtest%u WHERE id=%u
for: simple_ranges
table 1 : explain SELECT c FROM sbtest1 WHERE id BETWEEN 9853465 AND 9854464
	Bitmap Heap Scan on sbtest1  (cost=31.05..4011.15 rows=1036 width=121)
	  Recheck Cond: ((id >= 9853465) AND (id <= 9854464))
	  ->  Bitmap Index Scan on sbtest1_pkey  (cost=0.00..30.79 rows=1036 width=0)
	        Index Cond: ((id >= 9853465) AND (id <= 9854464))

table 2 : explain SELECT c FROM sbtest2 WHERE id BETWEEN 2891270 AND 2892269
	Bitmap Heap Scan on sbtest2  (cost=30.53..3817.17 rows=985 width=121)
	  Recheck Cond: ((id >= 2891270) AND (id <= 2892269))
	  ->  Bitmap Index Scan on sbtest2_pkey  (cost=0.00..30.29 rows=985 width=0)
	        Index Cond: ((id >= 2891270) AND (id <= 2892269))

table 3 : explain SELECT c FROM sbtest3 WHERE id BETWEEN 4547194 AND 4548193
	Bitmap Heap Scan on sbtest3  (cost=31.30..4098.15 rows=1060 width=121)
	  Recheck Cond: ((id >= 4547194) AND (id <= 4548193))
	  ->  Bitmap Index Scan on sbtest3_pkey  (cost=0.00..31.04 rows=1060 width=0)
	        Index Cond: ((id >= 4547194) AND (id <= 4548193))

table 4 : explain SELECT c FROM sbtest4 WHERE id BETWEEN 64776 AND 65775
	Bitmap Heap Scan on sbtest4  (cost=31.08..4020.78 rows=1039 width=121)
	  Recheck Cond: ((id >= 64776) AND (id <= 65775))
	  ->  Bitmap Index Scan on sbtest4_pkey  (cost=0.00..30.82 rows=1039 width=0)
	        Index Cond: ((id >= 64776) AND (id <= 65775))

table 5 : explain SELECT c FROM sbtest5 WHERE id BETWEEN 656256 AND 657255
	Bitmap Heap Scan on sbtest5  (cost=30.66..3866.48 rows=998 width=121)
	  Recheck Cond: ((id >= 656256) AND (id <= 657255))
	  ->  Bitmap Index Scan on sbtest5_pkey  (cost=0.00..30.41 rows=998 width=0)
	        Index Cond: ((id >= 656256) AND (id <= 657255))

table 6 : explain SELECT c FROM sbtest6 WHERE id BETWEEN 9081079 AND 9082078
	Bitmap Heap Scan on sbtest6  (cost=35.34..4118.70 rows=1064 width=121)
	  Recheck Cond: ((id >= 9081079) AND (id <= 9082078))
	  ->  Bitmap Index Scan on sbtest6_pkey  (cost=0.00..35.08 rows=1064 width=0)
	        Index Cond: ((id >= 9081079) AND (id <= 9082078))

table 7 : explain SELECT c FROM sbtest7 WHERE id BETWEEN 9366729 AND 9367728
	Bitmap Heap Scan on sbtest7  (cost=35.17..4052.65 rows=1047 width=121)
	  Recheck Cond: ((id >= 9366729) AND (id <= 9367728))
	  ->  Bitmap Index Scan on sbtest7_pkey  (cost=0.00..34.91 rows=1047 width=0)
	        Index Cond: ((id >= 9366729) AND (id <= 9367728))

table 8 : explain SELECT c FROM sbtest8 WHERE id BETWEEN 6535546 AND 6536545
	Bitmap Heap Scan on sbtest8  (cost=31.03..4002.26 rows=1034 width=121)
	  Recheck Cond: ((id >= 6535546) AND (id <= 6536545))
	  ->  Bitmap Index Scan on sbtest8_pkey  (cost=0.00..30.77 rows=1034 width=0)
	        Index Cond: ((id >= 6535546) AND (id <= 6536545))

explain: for point_selects :: explain SELECT c FROM sbtest%u WHERE id=%u
for: distinct_ranges
table 1 : explain SELECT DISTINCT c FROM sbtest1 WHERE id BETWEEN 9308780 AND 9309779 ORDER BY c
	Unique  (cost=3978.78..3983.85 rows=1014 width=121)
	  ->  Sort  (cost=3978.78..3981.32 rows=1014 width=121)
	        Sort Key: c
	        ->  Bitmap Heap Scan on sbtest1  (cost=30.83..3928.16 rows=1014 width=121)
	              Recheck Cond: ((id >= 9308780) AND (id <= 9309779))
	              ->  Bitmap Index Scan on sbtest1_pkey  (cost=0.00..30.57 rows=1014 width=0)
	                    Index Cond: ((id >= 9308780) AND (id <= 9309779))

table 2 : explain SELECT DISTINCT c FROM sbtest2 WHERE id BETWEEN 9476132 AND 9477131 ORDER BY c
	Unique  (cost=3908.29..3913.27 rows=996 width=121)
	  ->  Sort  (cost=3908.29..3910.78 rows=996 width=121)
	        Sort Key: c
	        ->  Bitmap Heap Scan on sbtest2  (cost=30.64..3858.69 rows=996 width=121)
	              Recheck Cond: ((id >= 9476132) AND (id <= 9477131))
	              ->  Bitmap Index Scan on sbtest2_pkey  (cost=0.00..30.39 rows=996 width=0)
	                    Index Cond: ((id >= 9476132) AND (id <= 9477131))

table 3 : explain SELECT DISTINCT c FROM sbtest3 WHERE id BETWEEN 2780217 AND 2781216 ORDER BY c
	Unique  (cost=3845.38..3850.28 rows=980 width=121)
	  ->  Sort  (cost=3845.38..3847.83 rows=980 width=121)
	        Sort Key: c
	        ->  Bitmap Heap Scan on sbtest3  (cost=30.48..3796.69 rows=980 width=121)
	              Recheck Cond: ((id >= 2780217) AND (id <= 2781216))
	              ->  Bitmap Index Scan on sbtest3_pkey  (cost=0.00..30.23 rows=980 width=0)
	                    Index Cond: ((id >= 2780217) AND (id <= 2781216))

table 4 : explain SELECT DISTINCT c FROM sbtest4 WHERE id BETWEEN 6942943 AND 6943942 ORDER BY c
	Unique  (cost=3942.71..3947.73 rows=1005 width=121)
	  ->  Sort  (cost=3942.71..3945.22 rows=1005 width=121)
	        Sort Key: c
	        ->  Bitmap Heap Scan on sbtest4  (cost=30.74..3892.59 rows=1005 width=121)
	              Recheck Cond: ((id >= 6942943) AND (id <= 6943942))
	              ->  Bitmap Index Scan on sbtest4_pkey  (cost=0.00..30.48 rows=1005 width=0)
	                    Index Cond: ((id >= 6942943) AND (id <= 6943942))

table 5 : explain SELECT DISTINCT c FROM sbtest5 WHERE id BETWEEN 5396622 AND 5397621 ORDER BY c
	Unique  (cost=3969.81..3974.87 rows=1012 width=121)
	  ->  Sort  (cost=3969.81..3972.34 rows=1012 width=121)
	        Sort Key: c
	        ->  Bitmap Heap Scan on sbtest5  (cost=30.81..3919.30 rows=1012 width=121)
	              Recheck Cond: ((id >= 5396622) AND (id <= 5397621))
	              ->  Bitmap Index Scan on sbtest5_pkey  (cost=0.00..30.55 rows=1012 width=0)
	                    Index Cond: ((id >= 5396622) AND (id <= 5397621))

table 6 : explain SELECT DISTINCT c FROM sbtest6 WHERE id BETWEEN 997694 AND 998693 ORDER BY c
	Unique  (cost=3796.89..3801.72 rows=967 width=121)
	  ->  Sort  (cost=3796.89..3799.30 rows=967 width=121)
	        Sort Key: c
	        ->  Bitmap Heap Scan on sbtest6  (cost=30.35..3748.94 rows=967 width=121)
	              Recheck Cond: ((id >= 997694) AND (id <= 998693))
	              ->  Bitmap Index Scan on sbtest6_pkey  (cost=0.00..30.11 rows=967 width=0)
	                    Index Cond: ((id >= 997694) AND (id <= 998693))

table 7 : explain SELECT DISTINCT c FROM sbtest7 WHERE id BETWEEN 9332313 AND 9333312 ORDER BY c
	Unique  (cost=4105.17..4110.40 rows=1047 width=121)
	  ->  Sort  (cost=4105.17..4107.79 rows=1047 width=121)
	        Sort Key: c
	        ->  Bitmap Heap Scan on sbtest7  (cost=35.17..4052.65 rows=1047 width=121)
	              Recheck Cond: ((id >= 9332313) AND (id <= 9333312))
	              ->  Bitmap Index Scan on sbtest7_pkey  (cost=0.00..34.91 rows=1047 width=0)
	                    Index Cond: ((id >= 9332313) AND (id <= 9333312))

table 8 : explain SELECT DISTINCT c FROM sbtest8 WHERE id BETWEEN 8766709 AND 8767708 ORDER BY c
	Unique  (cost=4130.71..4135.98 rows=1053 width=121)
	  ->  Sort  (cost=4130.71..4133.35 rows=1053 width=121)
	        Sort Key: c
	        ->  Bitmap Heap Scan on sbtest8  (cost=35.23..4077.85 rows=1053 width=121)
	              Recheck Cond: ((id >= 8766709) AND (id <= 8767708))
	              ->  Bitmap Index Scan on sbtest8_pkey  (cost=0.00..34.97 rows=1053 width=0)
	                    Index Cond: ((id >= 8766709) AND (id <= 8767708))

for: sum_ranges
table 1 : explain SELECT SUM(k) FROM sbtest1 WHERE id BETWEEN 8129598 AND 8130597
	Aggregate  (cost=3896.70..3896.71 rows=1 width=8)
	  ->  Bitmap Heap Scan on sbtest1  (cost=30.74..3894.19 rows=1005 width=4)
	        Recheck Cond: ((id >= 8129598) AND (id <= 8130597))
	        ->  Bitmap Index Scan on sbtest1_pkey  (cost=0.00..30.48 rows=1005 width=0)
	              Index Cond: ((id >= 8129598) AND (id <= 8130597))

table 2 : explain SELECT SUM(k) FROM sbtest2 WHERE id BETWEEN 5948470 AND 5949469
	Aggregate  (cost=3796.97..3796.98 rows=1 width=8)
	  ->  Bitmap Heap Scan on sbtest2  (cost=30.47..3794.52 rows=979 width=4)
	        Recheck Cond: ((id >= 5948470) AND (id <= 5949469))
	        ->  Bitmap Index Scan on sbtest2_pkey  (cost=0.00..30.22 rows=979 width=0)
	              Index Cond: ((id >= 5948470) AND (id <= 5949469))

table 3 : explain SELECT SUM(k) FROM sbtest3 WHERE id BETWEEN 8847687 AND 8848686
	Aggregate  (cost=3897.27..3897.28 rows=1 width=8)
	  ->  Bitmap Heap Scan on sbtest3  (cost=30.75..3894.75 rows=1006 width=4)
	        Recheck Cond: ((id >= 8847687) AND (id <= 8848686))
	        ->  Bitmap Index Scan on sbtest3_pkey  (cost=0.00..30.50 rows=1006 width=0)
	              Index Cond: ((id >= 8847687) AND (id <= 8848686))

table 4 : explain SELECT SUM(k) FROM sbtest4 WHERE id BETWEEN 9340988 AND 9341987
	Aggregate  (cost=3694.85..3694.86 rows=1 width=8)
	  ->  Bitmap Heap Scan on sbtest4  (cost=30.19..3692.47 rows=952 width=4)
	        Recheck Cond: ((id >= 9340988) AND (id <= 9341987))
	        ->  Bitmap Index Scan on sbtest4_pkey  (cost=0.00..29.95 rows=952 width=0)
	              Index Cond: ((id >= 9340988) AND (id <= 9341987))

table 5 : explain SELECT SUM(k) FROM sbtest5 WHERE id BETWEEN 1021761 AND 1022760
	Aggregate  (cost=3668.65..3668.66 rows=1 width=8)
	  ->  Bitmap Heap Scan on sbtest5  (cost=30.12..3666.29 rows=945 width=4)
	        Recheck Cond: ((id >= 1021761) AND (id <= 1022760))
	        ->  Bitmap Index Scan on sbtest5_pkey  (cost=0.00..29.89 rows=945 width=0)
	              Index Cond: ((id >= 1021761) AND (id <= 1022760))

table 6 : explain SELECT SUM(k) FROM sbtest6 WHERE id BETWEEN 8488400 AND 8489399
	Aggregate  (cost=4034.46..4034.47 rows=1 width=8)
	  ->  Bitmap Heap Scan on sbtest6  (cost=31.12..4031.85 rows=1042 width=4)
	        Recheck Cond: ((id >= 8488400) AND (id <= 8489399))
	        ->  Bitmap Index Scan on sbtest6_pkey  (cost=0.00..30.86 rows=1042 width=0)
	              Index Cond: ((id >= 8488400) AND (id <= 8489399))

table 7 : explain SELECT SUM(k) FROM sbtest7 WHERE id BETWEEN 3405589 AND 3406588
	Aggregate  (cost=3764.65..3764.66 rows=1 width=8)
	  ->  Bitmap Heap Scan on sbtest7  (cost=30.39..3762.23 rows=971 width=4)
	        Recheck Cond: ((id >= 3405589) AND (id <= 3406588))
	        ->  Bitmap Index Scan on sbtest7_pkey  (cost=0.00..30.14 rows=971 width=0)
	              Index Cond: ((id >= 3405589) AND (id <= 3406588))

table 8 : explain SELECT SUM(k) FROM sbtest8 WHERE id BETWEEN 461533 AND 462532
	Aggregate  (cost=4114.41..4114.42 rows=1 width=8)
	  ->  Bitmap Heap Scan on sbtest8  (cost=35.32..4111.75 rows=1062 width=4)
	        Recheck Cond: ((id >= 461533) AND (id <= 462532))
	        ->  Bitmap Index Scan on sbtest8_pkey  (cost=0.00..35.06 rows=1062 width=0)
	              Index Cond: ((id >= 461533) AND (id <= 462532))

for point_selects
table 1 : explain SELECT c FROM sbtest1 WHERE id=1331587
	Index Scan using sbtest1_pkey on sbtest1  (cost=0.43..8.45 rows=1 width=121)
	  Index Cond: (id = 1331587)

table 2 : explain SELECT c FROM sbtest2 WHERE id=2566514
	Index Scan using sbtest2_pkey on sbtest2  (cost=0.43..8.45 rows=1 width=121)
	  Index Cond: (id = 2566514)

table 3 : explain SELECT c FROM sbtest3 WHERE id=6517802
	Index Scan using sbtest3_pkey on sbtest3  (cost=0.43..8.45 rows=1 width=121)
	  Index Cond: (id = 6517802)

table 4 : explain SELECT c FROM sbtest4 WHERE id=8728595
	Index Scan using sbtest4_pkey on sbtest4  (cost=0.43..8.45 rows=1 width=121)
	  Index Cond: (id = 8728595)

table 5 : explain SELECT c FROM sbtest5 WHERE id=3571599
	Index Scan using sbtest5_pkey on sbtest5  (cost=0.43..8.45 rows=1 width=121)
	  Index Cond: (id = 3571599)

table 6 : explain SELECT c FROM sbtest6 WHERE id=2856971
	Index Scan using sbtest6_pkey on sbtest6  (cost=0.43..8.45 rows=1 width=121)
	  Index Cond: (id = 2856971)

table 7 : explain SELECT c FROM sbtest7 WHERE id=1455112
	Index Scan using sbtest7_pkey on sbtest7  (cost=0.43..8.45 rows=1 width=121)
	  Index Cond: (id = 1455112)

table 8 : explain SELECT c FROM sbtest8 WHERE id=2883010
	Index Scan using sbtest8_pkey on sbtest8  (cost=0.43..8.45 rows=1 width=121)
	  Index Cond: (id = 2883010)

explain: for point_selects :: explain SELECT c FROM sbtest%u WHERE id=%u
for: order_ranges
table 1 : explain SELECT c FROM sbtest1 WHERE id BETWEEN 3329938 AND 3330937 ORDER BY c
	Sort  (cost=3852.30..3854.75 rows=981 width=121)
	  Sort Key: c
	  ->  Bitmap Heap Scan on sbtest1  (cost=30.49..3803.56 rows=981 width=121)
	        Recheck Cond: ((id >= 3329938) AND (id <= 3330937))
	        ->  Bitmap Index Scan on sbtest1_pkey  (cost=0.00..30.25 rows=981 width=0)
	              Index Cond: ((id >= 3329938) AND (id <= 3330937))

table 2 : explain SELECT c FROM sbtest2 WHERE id BETWEEN 3369458 AND 3370457 ORDER BY c
	Sort  (cost=3781.82..3784.22 rows=963 width=121)
	  Sort Key: c
	  ->  Bitmap Heap Scan on sbtest2  (cost=30.31..3734.09 rows=963 width=121)
	        Recheck Cond: ((id >= 3369458) AND (id <= 3370457))
	        ->  Bitmap Index Scan on sbtest2_pkey  (cost=0.00..30.07 rows=963 width=0)
	              Index Cond: ((id >= 3369458) AND (id <= 3370457))

table 3 : explain SELECT c FROM sbtest3 WHERE id BETWEEN 8252611 AND 8253610 ORDER BY c
	Sort  (cost=3830.06..3832.50 rows=976 width=121)
	  Sort Key: c
	  ->  Bitmap Heap Scan on sbtest3  (cost=30.44..3781.60 rows=976 width=121)
	        Recheck Cond: ((id >= 8252611) AND (id <= 8253610))
	        ->  Bitmap Index Scan on sbtest3_pkey  (cost=0.00..30.19 rows=976 width=0)
	              Index Cond: ((id >= 8252611) AND (id <= 8253610))

table 4 : explain SELECT c FROM sbtest4 WHERE id BETWEEN 1991758 AND 1992757 ORDER BY c
	Sort  (cost=3958.02..3960.55 rows=1009 width=121)
	  Sort Key: c
	  ->  Bitmap Heap Scan on sbtest4  (cost=30.78..3907.68 rows=1009 width=121)
	        Recheck Cond: ((id >= 1991758) AND (id <= 1992757))
	        ->  Bitmap Index Scan on sbtest4_pkey  (cost=0.00..30.52 rows=1009 width=0)
	              Index Cond: ((id >= 1991758) AND (id <= 1992757))

table 5 : explain SELECT c FROM sbtest5 WHERE id BETWEEN 2567842 AND 2568841 ORDER BY c
	Sort  (cost=3916.19..3918.69 rows=998 width=121)
	  Sort Key: c
	  ->  Bitmap Heap Scan on sbtest5  (cost=30.66..3866.48 rows=998 width=121)
	        Recheck Cond: ((id >= 2567842) AND (id <= 2568841))
	        ->  Bitmap Index Scan on sbtest5_pkey  (cost=0.00..30.41 rows=998 width=0)
	              Index Cond: ((id >= 2567842) AND (id <= 2568841))

table 6 : explain SELECT c FROM sbtest6 WHERE id BETWEEN 8460868 AND 8461867 ORDER BY c
	Sort  (cost=4084.08..4086.69 rows=1042 width=121)
	  Sort Key: c
	  ->  Bitmap Heap Scan on sbtest6  (cost=31.12..4031.85 rows=1042 width=121)
	        Recheck Cond: ((id >= 8460868) AND (id <= 8461867))
	        ->  Bitmap Index Scan on sbtest6_pkey  (cost=0.00..30.86 rows=1042 width=0)
	              Index Cond: ((id >= 8460868) AND (id <= 8461867))

table 7 : explain SELECT c FROM sbtest7 WHERE id BETWEEN 1869958 AND 1870957 ORDER BY c
	Sort  (cost=3936.74..3939.25 rows=1004 width=121)
	  Sort Key: c
	  ->  Bitmap Heap Scan on sbtest7  (cost=30.73..3886.69 rows=1004 width=121)
	        Recheck Cond: ((id >= 1869958) AND (id <= 1870957))
	        ->  Bitmap Index Scan on sbtest7_pkey  (cost=0.00..30.47 rows=1004 width=0)
	              Index Cond: ((id >= 1869958) AND (id <= 1870957))

table 8 : explain SELECT c FROM sbtest8 WHERE id BETWEEN 7160672 AND 7161671 ORDER BY c
	Sort  (cost=4023.42..4025.98 rows=1026 width=121)
	  Sort Key: c
	  ->  Bitmap Heap Scan on sbtest8  (cost=30.95..3972.10 rows=1026 width=121)
	        Recheck Cond: ((id >= 7160672) AND (id <= 7161671))
	        ->  Bitmap Index Scan on sbtest8_pkey  (cost=0.00..30.69 rows=1026 width=0)
	              Index Cond: ((id >= 7160672) AND (id <= 7161671))

for: simple_ranges
table 1 : explain SELECT c FROM sbtest1 WHERE id BETWEEN 4738501 AND 4739500
	Bitmap Heap Scan on sbtest1  (cost=30.47..3796.00 rows=979 width=121)
	  Recheck Cond: ((id >= 4738501) AND (id <= 4739500))
	  ->  Bitmap Index Scan on sbtest1_pkey  (cost=0.00..30.22 rows=979 width=0)
	        Index Cond: ((id >= 4738501) AND (id <= 4739500))

table 2 : explain SELECT c FROM sbtest2 WHERE id BETWEEN 4294352 AND 4295351
	Bitmap Heap Scan on sbtest2  (cost=30.68..3873.79 rows=1000 width=121)
	  Recheck Cond: ((id >= 4294352) AND (id <= 4295351))
	  ->  Bitmap Index Scan on sbtest2_pkey  (cost=0.00..30.43 rows=1000 width=0)
	        Index Cond: ((id >= 4294352) AND (id <= 4295351))

table 3 : explain SELECT c FROM sbtest3 WHERE id BETWEEN 1971506 AND 1972505
	Bitmap Heap Scan on sbtest3  (cost=31.39..4132.01 rows=1069 width=121)
	  Recheck Cond: ((id >= 1971506) AND (id <= 1972505))
	  ->  Bitmap Index Scan on sbtest3_pkey  (cost=0.00..31.12 rows=1069 width=0)
	        Index Cond: ((id >= 1971506) AND (id <= 1972505))

table 4 : explain SELECT c FROM sbtest4 WHERE id BETWEEN 8013800 AND 8014799
	Bitmap Heap Scan on sbtest4  (cost=30.23..3707.59 rows=956 width=121)
	  Recheck Cond: ((id >= 8013800) AND (id <= 8014799))
	  ->  Bitmap Index Scan on sbtest4_pkey  (cost=0.00..30.00 rows=956 width=0)
	        Index Cond: ((id >= 8013800) AND (id <= 8014799))

table 5 : explain SELECT c FROM sbtest5 WHERE id BETWEEN 7612132 AND 7613131
	Bitmap Heap Scan on sbtest5  (cost=30.85..3934.39 rows=1016 width=121)
	  Recheck Cond: ((id >= 7612132) AND (id <= 7613131))
	  ->  Bitmap Index Scan on sbtest5_pkey  (cost=0.00..30.59 rows=1016 width=0)
	        Index Cond: ((id >= 7612132) AND (id <= 7613131))

table 6 : explain SELECT c FROM sbtest6 WHERE id BETWEEN 8373710 AND 8374709
	Bitmap Heap Scan on sbtest6  (cost=31.07..4016.78 rows=1038 width=121)
	  Recheck Cond: ((id >= 8373710) AND (id <= 8374709))
	  ->  Bitmap Index Scan on sbtest6_pkey  (cost=0.00..30.82 rows=1038 width=0)
	        Index Cond: ((id >= 8373710) AND (id <= 8374709))

table 7 : explain SELECT c FROM sbtest7 WHERE id BETWEEN 893588 AND 894587
	Bitmap Heap Scan on sbtest7  (cost=30.32..3735.81 rows=964 width=121)
	  Recheck Cond: ((id >= 893588) AND (id <= 894587))
	  ->  Bitmap Index Scan on sbtest7_pkey  (cost=0.00..30.07 rows=964 width=0)
	        Index Cond: ((id >= 893588) AND (id <= 894587))

table 8 : explain SELECT c FROM sbtest8 WHERE id BETWEEN 1814929 AND 1815928
	Bitmap Heap Scan on sbtest8  (cost=30.34..3745.66 rows=966 width=121)
	  Recheck Cond: ((id >= 1814929) AND (id <= 1815928))
	  ->  Bitmap Index Scan on sbtest8_pkey  (cost=0.00..30.09 rows=966 width=0)
	        Index Cond: ((id >= 1814929) AND (id <= 1815928))

for: simple_ranges
table 1 : explain SELECT c FROM sbtest1 WHERE id BETWEEN 8912439 AND 8913438
	Bitmap Heap Scan on sbtest1  (cost=30.03..3633.42 rows=936 width=121)
	  Recheck Cond: ((id >= 8912439) AND (id <= 8913438))
	  ->  Bitmap Index Scan on sbtest1_pkey  (cost=0.00..29.79 rows=936 width=0)
	        Index Cond: ((id >= 8912439) AND (id <= 8913438))

table 2 : explain SELECT c FROM sbtest2 WHERE id BETWEEN 7356778 AND 7357777
	Bitmap Heap Scan on sbtest2  (cost=35.22..4073.82 rows=1052 width=121)
	  Recheck Cond: ((id >= 7356778) AND (id <= 7357777))
	  ->  Bitmap Index Scan on sbtest2_pkey  (cost=0.00..34.95 rows=1052 width=0)
	        Index Cond: ((id >= 7356778) AND (id <= 7357777))

table 3 : explain SELECT c FROM sbtest3 WHERE id BETWEEN 2527579 AND 2528578
	Bitmap Heap Scan on sbtest3  (cost=29.91..3585.19 rows=924 width=121)
	  Recheck Cond: ((id >= 2527579) AND (id <= 2528578))
	  ->  Bitmap Index Scan on sbtest3_pkey  (cost=0.00..29.68 rows=924 width=0)
	        Index Cond: ((id >= 2527579) AND (id <= 2528578))

table 4 : explain SELECT c FROM sbtest4 WHERE id BETWEEN 3540430 AND 3541429
	Bitmap Heap Scan on sbtest4  (cost=30.16..3681.14 rows=949 width=121)
	  Recheck Cond: ((id >= 3540430) AND (id <= 3541429))
	  ->  Bitmap Index Scan on sbtest4_pkey  (cost=0.00..29.93 rows=949 width=0)
	        Index Cond: ((id >= 3540430) AND (id <= 3541429))

table 5 : explain SELECT c FROM sbtest5 WHERE id BETWEEN 5219870 AND 5220869
	Bitmap Heap Scan on sbtest5  (cost=31.19..4058.78 rows=1049 width=121)
	  Recheck Cond: ((id >= 5219870) AND (id <= 5220869))
	  ->  Bitmap Index Scan on sbtest5_pkey  (cost=0.00..30.93 rows=1049 width=0)
	        Index Cond: ((id >= 5219870) AND (id <= 5220869))

table 6 : explain SELECT c FROM sbtest6 WHERE id BETWEEN 7193007 AND 7194006
	Bitmap Heap Scan on sbtest6  (cost=30.53..3816.90 rows=985 width=121)
	  Recheck Cond: ((id >= 7193007) AND (id <= 7194006))
	  ->  Bitmap Index Scan on sbtest6_pkey  (cost=0.00..30.29 rows=985 width=0)
	        Index Cond: ((id >= 7193007) AND (id <= 7194006))

table 7 : explain SELECT c FROM sbtest7 WHERE id BETWEEN 207483 AND 208482
	Bitmap Heap Scan on sbtest7  (cost=30.43..3777.32 rows=975 width=121)
	  Recheck Cond: ((id >= 207483) AND (id <= 208482))
	  ->  Bitmap Index Scan on sbtest7_pkey  (cost=0.00..30.18 rows=975 width=0)
	        Index Cond: ((id >= 207483) AND (id <= 208482))

table 8 : explain SELECT c FROM sbtest8 WHERE id BETWEEN 3423736 AND 3424735
	Bitmap Heap Scan on sbtest8  (cost=30.64..3858.94 rows=996 width=121)
	  Recheck Cond: ((id >= 3423736) AND (id <= 3424735))
	  ->  Bitmap Index Scan on sbtest8_pkey  (cost=0.00..30.39 rows=996 width=0)
	        Index Cond: ((id >= 3423736) AND (id <= 3424735))

for: distinct_ranges
table 1 : explain SELECT DISTINCT c FROM sbtest1 WHERE id BETWEEN 3895563 AND 3896562 ORDER BY c
	Unique  (cost=3748.72..3753.49 rows=954 width=121)
	  ->  Sort  (cost=3748.72..3751.11 rows=954 width=121)
	        Sort Key: c
	        ->  Bitmap Heap Scan on sbtest1  (cost=30.21..3701.51 rows=954 width=121)
	              Recheck Cond: ((id >= 3895563) AND (id <= 3896562))
	              ->  Bitmap Index Scan on sbtest1_pkey  (cost=0.00..29.97 rows=954 width=0)
	                    Index Cond: ((id >= 3895563) AND (id <= 3896562))

table 2 : explain SELECT DISTINCT c FROM sbtest2 WHERE id BETWEEN 7310167 AND 7311166 ORDER BY c
	Unique  (cost=4126.63..4131.89 rows=1052 width=121)
	  ->  Sort  (cost=4126.63..4129.26 rows=1052 width=121)
	        Sort Key: c
	        ->  Bitmap Heap Scan on sbtest2  (cost=35.22..4073.82 rows=1052 width=121)
	              Recheck Cond: ((id >= 7310167) AND (id <= 7311166))
	              ->  Bitmap Index Scan on sbtest2_pkey  (cost=0.00..34.95 rows=1052 width=0)
	                    Index Cond: ((id >= 7310167) AND (id <= 7311166))

table 3 : explain SELECT DISTINCT c FROM sbtest3 WHERE id BETWEEN 9927539 AND 9928538 ORDER BY c
	Unique  (cost=4052.03..4057.20 rows=1034 width=121)
	  ->  Sort  (cost=4052.03..4054.62 rows=1034 width=121)
	        Sort Key: c
	        ->  Bitmap Heap Scan on sbtest3  (cost=31.03..4000.26 rows=1034 width=121)
	              Recheck Cond: ((id >= 9927539) AND (id <= 9928538))
	              ->  Bitmap Index Scan on sbtest3_pkey  (cost=0.00..30.77 rows=1034 width=0)
	                    Index Cond: ((id >= 9927539) AND (id <= 9928538))

table 4 : explain SELECT DISTINCT c FROM sbtest4 WHERE id BETWEEN 4012169 AND 4013168 ORDER BY c
	Unique  (cost=3651.32..3655.96 rows=929 width=121)
	  ->  Sort  (cost=3651.32..3653.64 rows=929 width=121)
	        Sort Key: c
	        ->  Bitmap Heap Scan on sbtest4  (cost=29.96..3605.52 rows=929 width=121)
	              Recheck Cond: ((id >= 4012169) AND (id <= 4013168))
	              ->  Bitmap Index Scan on sbtest4_pkey  (cost=0.00..29.72 rows=929 width=0)
	                    Index Cond: ((id >= 4012169) AND (id <= 4013168))

table 5 : explain SELECT DISTINCT c FROM sbtest5 WHERE id BETWEEN 5087965 AND 5088964 ORDER BY c
	Unique  (cost=4042.55..4047.70 rows=1031 width=121)
	  ->  Sort  (cost=4042.55..4045.12 rows=1031 width=121)
	        Sort Key: c
	        ->  Bitmap Heap Scan on sbtest5  (cost=31.00..3990.95 rows=1031 width=121)
	              Recheck Cond: ((id >= 5087965) AND (id <= 5088964))
	              ->  Bitmap Index Scan on sbtest5_pkey  (cost=0.00..30.75 rows=1031 width=0)
	                    Index Cond: ((id >= 5087965) AND (id <= 5088964))

table 6 : explain SELECT DISTINCT c FROM sbtest6 WHERE id BETWEEN 3095004 AND 3096003 ORDER BY c
	Unique  (cost=3674.15..3678.82 rows=935 width=121)
	  ->  Sort  (cost=3674.15..3676.48 rows=935 width=121)
	        Sort Key: c
	        ->  Bitmap Heap Scan on sbtest6  (cost=30.02..3628.01 rows=935 width=121)
	              Recheck Cond: ((id >= 3095004) AND (id <= 3096003))
	              ->  Bitmap Index Scan on sbtest6_pkey  (cost=0.00..29.79 rows=935 width=0)
	                    Index Cond: ((id >= 3095004) AND (id <= 3096003))

table 7 : explain SELECT DISTINCT c FROM sbtest7 WHERE id BETWEEN 9521527 AND 9522526 ORDER BY c
	Unique  (cost=4173.93..4179.26 rows=1065 width=121)
	  ->  Sort  (cost=4173.93..4176.60 rows=1065 width=121)
	        Sort Key: c
	        ->  Bitmap Heap Scan on sbtest7  (cost=35.35..4120.38 rows=1065 width=121)
	              Recheck Cond: ((id >= 9521527) AND (id <= 9522526))
	              ->  Bitmap Index Scan on sbtest7_pkey  (cost=0.00..35.09 rows=1065 width=0)
	                    Index Cond: ((id >= 9521527) AND (id <= 9522526))

table 8 : explain SELECT DISTINCT c FROM sbtest8 WHERE id BETWEEN 3830272 AND 3831271 ORDER BY c
	Unique  (cost=3847.23..3852.13 rows=980 width=121)
	  ->  Sort  (cost=3847.23..3849.68 rows=980 width=121)
	        Sort Key: c
	        ->  Bitmap Heap Scan on sbtest8  (cost=30.48..3798.54 rows=980 width=121)
	              Recheck Cond: ((id >= 3830272) AND (id <= 3831271))
	              ->  Bitmap Index Scan on sbtest8_pkey  (cost=0.00..30.23 rows=980 width=0)
	                    Index Cond: ((id >= 3830272) AND (id <= 3831271))

for point_selects
table 1 : explain SELECT c FROM sbtest1 WHERE id=515291
	Index Scan using sbtest1_pkey on sbtest1  (cost=0.43..8.45 rows=1 width=121)
	  Index Cond: (id = 515291)

table 2 : explain SELECT c FROM sbtest2 WHERE id=786603
	Index Scan using sbtest2_pkey on sbtest2  (cost=0.43..8.45 rows=1 width=121)
	  Index Cond: (id = 786603)

table 3 : explain SELECT c FROM sbtest3 WHERE id=3438928
	Index Scan using sbtest3_pkey on sbtest3  (cost=0.43..8.45 rows=1 width=121)
	  Index Cond: (id = 3438928)

table 4 : explain SELECT c FROM sbtest4 WHERE id=6254192
	Index Scan using sbtest4_pkey on sbtest4  (cost=0.43..8.45 rows=1 width=121)
	  Index Cond: (id = 6254192)

table 5 : explain SELECT c FROM sbtest5 WHERE id=3441676
	Index Scan using sbtest5_pkey on sbtest5  (cost=0.43..8.45 rows=1 width=121)
	  Index Cond: (id = 3441676)

table 6 : explain SELECT c FROM sbtest6 WHERE id=4516722
	Index Scan using sbtest6_pkey on sbtest6  (cost=0.43..8.45 rows=1 width=121)
	  Index Cond: (id = 4516722)

table 7 : explain SELECT c FROM sbtest7 WHERE id=6013164
	Index Scan using sbtest7_pkey on sbtest7  (cost=0.43..8.45 rows=1 width=121)
	  Index Cond: (id = 6013164)

table 8 : explain SELECT c FROM sbtest8 WHERE id=1477533
	Index Scan using sbtest8_pkey on sbtest8  (cost=0.43..8.45 rows=1 width=121)
	  Index Cond: (id = 1477533)

for: sum_ranges
table 1 : explain SELECT SUM(k) FROM sbtest1 WHERE id BETWEEN 6540816 AND 6541815
	Aggregate  (cost=3450.09..3450.10 rows=1 width=8)
	  ->  Bitmap Heap Scan on sbtest1  (cost=29.53..3447.87 rows=887 width=4)
	        Recheck Cond: ((id >= 6540816) AND (id <= 6541815))
	        ->  Bitmap Index Scan on sbtest1_pkey  (cost=0.00..29.30 rows=887 width=0)
	              Index Cond: ((id >= 6540816) AND (id <= 6541815))

table 2 : explain SELECT SUM(k) FROM sbtest2 WHERE id BETWEEN 3453321 AND 3454320
	Aggregate  (cost=3872.51..3872.52 rows=1 width=8)
	  ->  Bitmap Heap Scan on sbtest2  (cost=30.67..3870.01 rows=999 width=4)
	        Recheck Cond: ((id >= 3453321) AND (id <= 3454320))
	        ->  Bitmap Index Scan on sbtest2_pkey  (cost=0.00..30.43 rows=999 width=0)
	              Index Cond: ((id >= 3453321) AND (id <= 3454320))

table 3 : explain SELECT SUM(k) FROM sbtest3 WHERE id BETWEEN 5243129 AND 5244128
	Aggregate  (cost=4048.06..4048.07 rows=1 width=8)
	  ->  Bitmap Heap Scan on sbtest3  (cost=31.16..4045.45 rows=1046 width=4)
	        Recheck Cond: ((id >= 5243129) AND (id <= 5244128))
	        ->  Bitmap Index Scan on sbtest3_pkey  (cost=0.00..30.89 rows=1046 width=0)
	              Index Cond: ((id >= 5243129) AND (id <= 5244128))

table 4 : explain SELECT SUM(k) FROM sbtest4 WHERE id BETWEEN 3777443 AND 3778442
	Aggregate  (cost=4328.64..4328.65 rows=1 width=8)
	  ->  Bitmap Heap Scan on sbtest4  (cost=35.90..4325.85 rows=1119 width=4)
	        Recheck Cond: ((id >= 3777443) AND (id <= 3778442))
	        ->  Bitmap Index Scan on sbtest4_pkey  (cost=0.00..35.62 rows=1119 width=0)
	              Index Cond: ((id >= 3777443) AND (id <= 3778442))

table 5 : explain SELECT SUM(k) FROM sbtest5 WHERE id BETWEEN 6351773 AND 6352772
	Aggregate  (cost=3936.93..3936.94 rows=1 width=8)
	  ->  Bitmap Heap Scan on sbtest5  (cost=30.85..3934.39 rows=1016 width=4)
	        Recheck Cond: ((id >= 6351773) AND (id <= 6352772))
	        ->  Bitmap Index Scan on sbtest5_pkey  (cost=0.00..30.59 rows=1016 width=0)
	              Index Cond: ((id >= 6351773) AND (id <= 6352772))

table 6 : explain SELECT SUM(k) FROM sbtest6 WHERE id BETWEEN 4344096 AND 4345095
	Aggregate  (cost=3596.29..3596.30 rows=1 width=8)
	  ->  Bitmap Heap Scan on sbtest6  (cost=29.93..3593.97 rows=926 width=4)
	        Recheck Cond: ((id >= 4344096) AND (id <= 4345095))
	        ->  Bitmap Index Scan on sbtest6_pkey  (cost=0.00..29.69 rows=926 width=0)
	              Index Cond: ((id >= 4344096) AND (id <= 4345095))

table 7 : explain SELECT SUM(k) FROM sbtest7 WHERE id BETWEEN 6826528 AND 6827527
	Aggregate  (cost=3983.45..3983.46 rows=1 width=8)
	  ->  Bitmap Heap Scan on sbtest7  (cost=30.98..3980.88 rows=1029 width=4)
	        Recheck Cond: ((id >= 6826528) AND (id <= 6827527))
	        ->  Bitmap Index Scan on sbtest7_pkey  (cost=0.00..30.72 rows=1029 width=0)
	              Index Cond: ((id >= 6826528) AND (id <= 6827527))

table 8 : explain SELECT SUM(k) FROM sbtest8 WHERE id BETWEEN 8752018 AND 8753017
	Aggregate  (cost=4152.08..4152.09 rows=1 width=8)
	  ->  Bitmap Heap Scan on sbtest8  (cost=35.42..4149.40 rows=1072 width=4)
	        Recheck Cond: ((id >= 8752018) AND (id <= 8753017))
	        ->  Bitmap Index Scan on sbtest8_pkey  (cost=0.00..35.16 rows=1072 width=0)
	              Index Cond: ((id >= 8752018) AND (id <= 8753017))

for: simple_ranges
table 1 : explain SELECT c FROM sbtest1 WHERE id BETWEEN 8364045 AND 8365044
	Bitmap Heap Scan on sbtest1  (cost=30.27..3724.19 rows=960 width=121)
	  Recheck Cond: ((id >= 8364045) AND (id <= 8365044))
	  ->  Bitmap Index Scan on sbtest1_pkey  (cost=0.00..30.04 rows=960 width=0)
	        Index Cond: ((id >= 8364045) AND (id <= 8365044))

table 2 : explain SELECT c FROM sbtest2 WHERE id BETWEEN 9237310 AND 9238309
	Bitmap Heap Scan on sbtest2  (cost=30.67..3870.01 rows=999 width=121)
	  Recheck Cond: ((id >= 9237310) AND (id <= 9238309))
	  ->  Bitmap Index Scan on sbtest2_pkey  (cost=0.00..30.43 rows=999 width=0)
	        Index Cond: ((id >= 9237310) AND (id <= 9238309))

table 3 : explain SELECT c FROM sbtest3 WHERE id BETWEEN 7921337 AND 7922336
	Bitmap Heap Scan on sbtest3  (cost=31.02..3996.50 rows=1033 width=121)
	  Recheck Cond: ((id >= 7921337) AND (id <= 7922336))
	  ->  Bitmap Index Scan on sbtest3_pkey  (cost=0.00..30.76 rows=1033 width=0)
	        Index Cond: ((id >= 7921337) AND (id <= 7922336))

table 4 : explain SELECT c FROM sbtest4 WHERE id BETWEEN 6548846 AND 6549845
	Bitmap Heap Scan on sbtest4  (cost=35.53..4186.70 rows=1082 width=121)
	  Recheck Cond: ((id >= 6548846) AND (id <= 6549845))
	  ->  Bitmap Index Scan on sbtest4_pkey  (cost=0.00..35.26 rows=1082 width=0)
	        Index Cond: ((id >= 6548846) AND (id <= 6549845))

table 5 : explain SELECT c FROM sbtest5 WHERE id BETWEEN 7567395 AND 7568394
	Bitmap Heap Scan on sbtest5  (cost=30.52..3813.63 rows=984 width=121)
	  Recheck Cond: ((id >= 7567395) AND (id <= 7568394))
	  ->  Bitmap Index Scan on sbtest5_pkey  (cost=0.00..30.27 rows=984 width=0)
	        Index Cond: ((id >= 7567395) AND (id <= 7568394))

table 6 : explain SELECT c FROM sbtest6 WHERE id BETWEEN 1118663 AND 1119662
	Bitmap Heap Scan on sbtest6  (cost=30.73..3888.60 rows=1004 width=121)
	  Recheck Cond: ((id >= 1118663) AND (id <= 1119662))
	  ->  Bitmap Index Scan on sbtest6_pkey  (cost=0.00..30.47 rows=1004 width=0)
	        Index Cond: ((id >= 1118663) AND (id <= 1119662))

table 7 : explain SELECT c FROM sbtest7 WHERE id BETWEEN 5022499 AND 5023498
	Bitmap Heap Scan on sbtest7  (cost=30.21..3698.06 rows=954 width=121)
	  Recheck Cond: ((id >= 5022499) AND (id <= 5023498))
	  ->  Bitmap Index Scan on sbtest7_pkey  (cost=0.00..29.97 rows=954 width=0)
	        Index Cond: ((id >= 5022499) AND (id <= 5023498))

table 8 : explain SELECT c FROM sbtest8 WHERE id BETWEEN 8931605 AND 8932604
	Bitmap Heap Scan on sbtest8  (cost=30.74..3892.90 rows=1005 width=121)
	  Recheck Cond: ((id >= 8931605) AND (id <= 8932604))
	  ->  Bitmap Index Scan on sbtest8_pkey  (cost=0.00..30.48 rows=1005 width=0)
	        Index Cond: ((id >= 8931605) AND (id <= 8932604))

for: order_ranges
table 1 : explain SELECT c FROM sbtest1 WHERE id BETWEEN 8546276 AND 8547275 ORDER BY c
	Sort  (cost=3783.26..3785.67 rows=963 width=121)
	  Sort Key: c
	  ->  Bitmap Heap Scan on sbtest1  (cost=30.31..3735.53 rows=963 width=121)
	        Recheck Cond: ((id >= 8546276) AND (id <= 8547275))
	        ->  Bitmap Index Scan on sbtest1_pkey  (cost=0.00..30.07 rows=963 width=0)
	              Index Cond: ((id >= 8546276) AND (id <= 8547275))

table 2 : explain SELECT c FROM sbtest2 WHERE id BETWEEN 6803368 AND 6804367 ORDER BY c
	Sort  (cost=4072.90..4075.50 rows=1039 width=121)
	  Sort Key: c
	  ->  Bitmap Heap Scan on sbtest2  (cost=31.08..4020.84 rows=1039 width=121)
	        Recheck Cond: ((id >= 6803368) AND (id <= 6804367))
	        ->  Bitmap Index Scan on sbtest2_pkey  (cost=0.00..30.82 rows=1039 width=0)
	              Index Cond: ((id >= 6803368) AND (id <= 6804367))

table 3 : explain SELECT c FROM sbtest3 WHERE id BETWEEN 3610773 AND 3611772 ORDER BY c
	Sort  (cost=3741.93..3744.31 rows=953 width=121)
	  Sort Key: c
	  ->  Bitmap Heap Scan on sbtest3  (cost=30.20..3694.77 rows=953 width=121)
	        Recheck Cond: ((id >= 3610773) AND (id <= 3611772))
	        ->  Bitmap Index Scan on sbtest3_pkey  (cost=0.00..29.96 rows=953 width=0)
	              Index Cond: ((id >= 3610773) AND (id <= 3611772))

table 4 : explain SELECT c FROM sbtest4 WHERE id BETWEEN 1321271 AND 1322270 ORDER BY c
	Sort  (cost=4126.39..4129.02 rows=1053 width=121)
	  Sort Key: c
	  ->  Bitmap Heap Scan on sbtest4  (cost=31.23..4073.52 rows=1053 width=121)
	        Recheck Cond: ((id >= 1321271) AND (id <= 1322270))
	        ->  Bitmap Index Scan on sbtest4_pkey  (cost=0.00..30.96 rows=1053 width=0)
	              Index Cond: ((id >= 1321271) AND (id <= 1322270))

table 5 : explain SELECT c FROM sbtest5 WHERE id BETWEEN 4205857 AND 4206856 ORDER BY c
	Sort  (cost=3843.39..3845.84 rows=979 width=121)
	  Sort Key: c
	  ->  Bitmap Heap Scan on sbtest5  (cost=30.47..3794.76 rows=979 width=121)
	        Recheck Cond: ((id >= 4205857) AND (id <= 4206856))
	        ->  Bitmap Index Scan on sbtest5_pkey  (cost=0.00..30.22 rows=979 width=0)
	              Index Cond: ((id >= 4205857) AND (id <= 4206856))

table 6 : explain SELECT c FROM sbtest6 WHERE id BETWEEN 7966603 AND 7967602 ORDER BY c
	Sort  (cost=4057.30..4059.89 rows=1035 width=121)
	  Sort Key: c
	  ->  Bitmap Heap Scan on sbtest6  (cost=31.04..4005.47 rows=1035 width=121)
	        Recheck Cond: ((id >= 7966603) AND (id <= 7967602))
	        ->  Bitmap Index Scan on sbtest6_pkey  (cost=0.00..30.79 rows=1035 width=0)
	              Index Cond: ((id >= 7966603) AND (id <= 7967602))

table 7 : explain SELECT c FROM sbtest7 WHERE id BETWEEN 3633621 AND 3634620 ORDER BY c
	Sort  (cost=3844.87..3847.32 rows=980 width=121)
	  Sort Key: c
	  ->  Bitmap Heap Scan on sbtest7  (cost=30.48..3796.18 rows=980 width=121)
	        Recheck Cond: ((id >= 3633621) AND (id <= 3634620))
	        ->  Bitmap Index Scan on sbtest7_pkey  (cost=0.00..30.23 rows=980 width=0)
	              Index Cond: ((id >= 3633621) AND (id <= 3634620))

table 8 : explain SELECT c FROM sbtest8 WHERE id BETWEEN 2948901 AND 2949900 ORDER BY c
	Sort  (cost=3697.65..3700.00 rows=941 width=121)
	  Sort Key: c
	  ->  Bitmap Heap Scan on sbtest8  (cost=30.08..3651.17 rows=941 width=121)
	        Recheck Cond: ((id >= 2948901) AND (id <= 2949900))
	        ->  Bitmap Index Scan on sbtest8_pkey  (cost=0.00..29.84 rows=941 width=0)
	              Index Cond: ((id >= 2948901) AND (id <= 2949900))

explain: for point_selects :: explain SELECT c FROM sbtest%u WHERE id=%u
for point_selects
table 1 : explain SELECT c FROM sbtest1 WHERE id=382331
	Index Scan using sbtest1_pkey on sbtest1  (cost=0.43..8.45 rows=1 width=121)
	  Index Cond: (id = 382331)

table 2 : explain SELECT c FROM sbtest2 WHERE id=3738518
	Index Scan using sbtest2_pkey on sbtest2  (cost=0.43..8.45 rows=1 width=121)
	  Index Cond: (id = 3738518)

table 3 : explain SELECT c FROM sbtest3 WHERE id=7590311
	Index Scan using sbtest3_pkey on sbtest3  (cost=0.43..8.45 rows=1 width=121)
	  Index Cond: (id = 7590311)

table 4 : explain SELECT c FROM sbtest4 WHERE id=2197546
	Index Scan using sbtest4_pkey on sbtest4  (cost=0.43..8.45 rows=1 width=121)
	  Index Cond: (id = 2197546)

table 5 : explain SELECT c FROM sbtest5 WHERE id=1834995
	Index Scan using sbtest5_pkey on sbtest5  (cost=0.43..8.45 rows=1 width=121)
	  Index Cond: (id = 1834995)

table 6 : explain SELECT c FROM sbtest6 WHERE id=7209697
	Index Scan using sbtest6_pkey on sbtest6  (cost=0.43..8.45 rows=1 width=121)
	  Index Cond: (id = 7209697)

table 7 : explain SELECT c FROM sbtest7 WHERE id=3739394
	Index Scan using sbtest7_pkey on sbtest7  (cost=0.43..8.45 rows=1 width=121)
	  Index Cond: (id = 3739394)

table 8 : explain SELECT c FROM sbtest8 WHERE id=4282703
	Index Scan using sbtest8_pkey on sbtest8  (cost=0.43..8.45 rows=1 width=121)
	  Index Cond: (id = 4282703)

for point_selects
table 1 : explain SELECT c FROM sbtest1 WHERE id=8933279
	Index Scan using sbtest1_pkey on sbtest1  (cost=0.43..8.45 rows=1 width=121)
	  Index Cond: (id = 8933279)

table 2 : explain SELECT c FROM sbtest2 WHERE id=2059981
	Index Scan using sbtest2_pkey on sbtest2  (cost=0.43..8.45 rows=1 width=121)
	  Index Cond: (id = 2059981)

table 3 : explain SELECT c FROM sbtest3 WHERE id=6946954
	Index Scan using sbtest3_pkey on sbtest3  (cost=0.43..8.45 rows=1 width=121)
	  Index Cond: (id = 6946954)

table 4 : explain SELECT c FROM sbtest4 WHERE id=8162148
	Index Scan using sbtest4_pkey on sbtest4  (cost=0.43..8.45 rows=1 width=121)
	  Index Cond: (id = 8162148)

table 5 : explain SELECT c FROM sbtest5 WHERE id=8758754
	Index Scan using sbtest5_pkey on sbtest5  (cost=0.43..8.45 rows=1 width=121)
	  Index Cond: (id = 8758754)

table 6 : explain SELECT c FROM sbtest6 WHERE id=6568389
	Index Scan using sbtest6_pkey on sbtest6  (cost=0.43..8.45 rows=1 width=121)
	  Index Cond: (id = 6568389)

table 7 : explain SELECT c FROM sbtest7 WHERE id=5227189
	Index Scan using sbtest7_pkey on sbtest7  (cost=0.43..8.45 rows=1 width=121)
	  Index Cond: (id = 5227189)

table 8 : explain SELECT c FROM sbtest8 WHERE id=1167958
	Index Scan using sbtest8_pkey on sbtest8  (cost=0.43..8.45 rows=1 width=121)
	  Index Cond: (id = 1167958)

for: distinct_ranges
table 1 : explain SELECT DISTINCT c FROM sbtest1 WHERE id BETWEEN 6632001 AND 6633000 ORDER BY c
	Unique  (cost=3863.81..3868.73 rows=984 width=121)
	  ->  Sort  (cost=3863.81..3866.27 rows=984 width=121)
	        Sort Key: c
	        ->  Bitmap Heap Scan on sbtest1  (cost=30.52..3814.89 rows=984 width=121)
	              Recheck Cond: ((id >= 6632001) AND (id <= 6633000))
	              ->  Bitmap Index Scan on sbtest1_pkey  (cost=0.00..30.27 rows=984 width=0)
	                    Index Cond: ((id >= 6632001) AND (id <= 6633000))

table 2 : explain SELECT DISTINCT c FROM sbtest2 WHERE id BETWEEN 8820192 AND 8821191 ORDER BY c
	Unique  (cost=3705.10..3709.81 rows=943 width=121)
	  ->  Sort  (cost=3705.10..3707.46 rows=943 width=121)
	        Sort Key: c
	        ->  Bitmap Heap Scan on sbtest2  (cost=30.10..3658.51 rows=943 width=121)
	              Recheck Cond: ((id >= 8820192) AND (id <= 8821191))
	              ->  Bitmap Index Scan on sbtest2_pkey  (cost=0.00..29.86 rows=943 width=0)
	                    Index Cond: ((id >= 8820192) AND (id <= 8821191))

table 3 : explain SELECT DISTINCT c FROM sbtest3 WHERE id BETWEEN 2615347 AND 2616346 ORDER BY c
	Unique  (cost=4082.62..4087.83 rows=1042 width=121)
	  ->  Sort  (cost=4082.62..4085.23 rows=1042 width=121)
	        Sort Key: c
	        ->  Bitmap Heap Scan on sbtest3  (cost=31.12..4030.39 rows=1042 width=121)
	              Recheck Cond: ((id >= 2615347) AND (id <= 2616346))
	              ->  Bitmap Index Scan on sbtest3_pkey  (cost=0.00..30.86 rows=1042 width=0)
	                    Index Cond: ((id >= 2615347) AND (id <= 2616346))

table 4 : explain SELECT DISTINCT c FROM sbtest4 WHERE id BETWEEN 4855738 AND 4856737 ORDER BY c
	Unique  (cost=3977.17..3982.24 rows=1014 width=121)
	  ->  Sort  (cost=3977.17..3979.70 rows=1014 width=121)
	        Sort Key: c
	        ->  Bitmap Heap Scan on sbtest4  (cost=30.83..3926.54 rows=1014 width=121)
	              Recheck Cond: ((id >= 4855738) AND (id <= 4856737))
	              ->  Bitmap Index Scan on sbtest4_pkey  (cost=0.00..30.57 rows=1014 width=0)
	                    Index Cond: ((id >= 4855738) AND (id <= 4856737))

table 5 : explain SELECT DISTINCT c FROM sbtest5 WHERE id BETWEEN 4872687 AND 4873686 ORDER BY c
	Unique  (cost=3874.05..3878.98 rows=987 width=121)
	  ->  Sort  (cost=3874.05..3876.52 rows=987 width=121)
	        Sort Key: c
	        ->  Bitmap Heap Scan on sbtest5  (cost=30.55..3824.96 rows=987 width=121)
	              Recheck Cond: ((id >= 4872687) AND (id <= 4873686))
	              ->  Bitmap Index Scan on sbtest5_pkey  (cost=0.00..30.30 rows=987 width=0)
	                    Index Cond: ((id >= 4872687) AND (id <= 4873686))

table 6 : explain SELECT DISTINCT c FROM sbtest6 WHERE id BETWEEN 4947249 AND 4948248 ORDER BY c
	Unique  (cost=4122.32..4127.58 rows=1052 width=121)
	  ->  Sort  (cost=4122.32..4124.95 rows=1052 width=121)
	        Sort Key: c
	        ->  Bitmap Heap Scan on sbtest6  (cost=31.22..4069.52 rows=1052 width=121)
	              Recheck Cond: ((id >= 4947249) AND (id <= 4948248))
	              ->  Bitmap Index Scan on sbtest6_pkey  (cost=0.00..30.95 rows=1052 width=0)
	                    Index Cond: ((id >= 4947249) AND (id <= 4948248))

table 7 : explain SELECT DISTINCT c FROM sbtest7 WHERE id BETWEEN 7425264 AND 7426263 ORDER BY c
	Unique  (cost=4089.88..4095.10 rows=1043 width=121)
	  ->  Sort  (cost=4089.88..4092.49 rows=1043 width=121)
	        Sort Key: c
	        ->  Bitmap Heap Scan on sbtest7  (cost=35.13..4037.60 rows=1043 width=121)
	              Recheck Cond: ((id >= 7425264) AND (id <= 7426263))
	              ->  Bitmap Index Scan on sbtest7_pkey  (cost=0.00..34.87 rows=1043 width=0)
	                    Index Cond: ((id >= 7425264) AND (id <= 7426263))

table 8 : explain SELECT DISTINCT c FROM sbtest8 WHERE id BETWEEN 5024574 AND 5025573 ORDER BY c
	Unique  (cost=3808.89..3813.74 rows=970 width=121)
	  ->  Sort  (cost=3808.89..3811.32 rows=970 width=121)
	        Sort Key: c
	        ->  Bitmap Heap Scan on sbtest8  (cost=30.38..3760.77 rows=970 width=121)
	              Recheck Cond: ((id >= 5024574) AND (id <= 5025573))
	              ->  Bitmap Index Scan on sbtest8_pkey  (cost=0.00..30.14 rows=970 width=0)
	                    Index Cond: ((id >= 5024574) AND (id <= 5025573))

explain: for point_selects :: explain SELECT c FROM sbtest%u WHERE id=%u
for: simple_ranges
table 1 : explain SELECT c FROM sbtest1 WHERE id BETWEEN 901817 AND 902816
	Bitmap Heap Scan on sbtest1  (cost=30.59..3841.33 rows=991 width=121)
	  Recheck Cond: ((id >= 901817) AND (id <= 902816))
	  ->  Bitmap Index Scan on sbtest1_pkey  (cost=0.00..30.34 rows=991 width=0)
	        Index Cond: ((id >= 901817) AND (id <= 902816))

table 2 : explain SELECT c FROM sbtest2 WHERE id BETWEEN 53370 AND 54369
	Bitmap Heap Scan on sbtest2  (cost=30.07..3647.17 rows=940 width=121)
	  Recheck Cond: ((id >= 53370) AND (id <= 54369))
	  ->  Bitmap Index Scan on sbtest2_pkey  (cost=0.00..29.83 rows=940 width=0)
	        Index Cond: ((id >= 53370) AND (id <= 54369))

table 3 : explain SELECT c FROM sbtest3 WHERE id BETWEEN 5199169 AND 5200168
	Bitmap Heap Scan on sbtest3  (cost=30.36..3751.41 rows=968 width=121)
	  Recheck Cond: ((id >= 5199169) AND (id <= 5200168))
	  ->  Bitmap Index Scan on sbtest3_pkey  (cost=0.00..30.11 rows=968 width=0)
	        Index Cond: ((id >= 5199169) AND (id <= 5200168))

table 4 : explain SELECT c FROM sbtest4 WHERE id BETWEEN 1760503 AND 1761502
	Bitmap Heap Scan on sbtest4  (cost=30.64..3858.63 rows=996 width=121)
	  Recheck Cond: ((id >= 1760503) AND (id <= 1761502))
	  ->  Bitmap Index Scan on sbtest4_pkey  (cost=0.00..30.39 rows=996 width=0)
	        Index Cond: ((id >= 1760503) AND (id <= 1761502))

table 5 : explain SELECT c FROM sbtest5 WHERE id BETWEEN 3210144 AND 3211143
	Bitmap Heap Scan on sbtest5  (cost=30.50..3806.08 rows=982 width=121)
	  Recheck Cond: ((id >= 3210144) AND (id <= 3211143))
	  ->  Bitmap Index Scan on sbtest5_pkey  (cost=0.00..30.25 rows=982 width=0)
	        Index Cond: ((id >= 3210144) AND (id <= 3211143))

table 6 : explain SELECT c FROM sbtest6 WHERE id BETWEEN 4179001 AND 4180000
	Bitmap Heap Scan on sbtest6  (cost=29.92..3590.19 rows=925 width=121)
	  Recheck Cond: ((id >= 4179001) AND (id <= 4180000))
	  ->  Bitmap Index Scan on sbtest6_pkey  (cost=0.00..29.68 rows=925 width=0)
	        Index Cond: ((id >= 4179001) AND (id <= 4180000))

table 7 : explain SELECT c FROM sbtest7 WHERE id BETWEEN 946650 AND 947649
	Bitmap Heap Scan on sbtest7  (cost=30.78..3905.53 rows=1009 width=121)
	  Recheck Cond: ((id >= 946650) AND (id <= 947649))
	  ->  Bitmap Index Scan on sbtest7_pkey  (cost=0.00..30.52 rows=1009 width=0)
	        Index Cond: ((id >= 946650) AND (id <= 947649))

table 8 : explain SELECT c FROM sbtest8 WHERE id BETWEEN 3533860 AND 3534859
	Bitmap Heap Scan on sbtest8  (cost=29.80..3549.04 rows=914 width=121)
	  Recheck Cond: ((id >= 3533860) AND (id <= 3534859))
	  ->  Bitmap Index Scan on sbtest8_pkey  (cost=0.00..29.57 rows=914 width=0)
	        Index Cond: ((id >= 3533860) AND (id <= 3534859))

for: order_ranges
table 1 : explain SELECT c FROM sbtest1 WHERE id BETWEEN 2048645 AND 2049644 ORDER BY c
	Sort  (cost=4032.40..4034.97 rows=1028 width=121)
	  Sort Key: c
	  ->  Bitmap Heap Scan on sbtest1  (cost=30.97..3980.98 rows=1028 width=121)
	        Recheck Cond: ((id >= 2048645) AND (id <= 2049644))
	        ->  Bitmap Index Scan on sbtest1_pkey  (cost=0.00..30.71 rows=1028 width=0)
	              Index Cond: ((id >= 2048645) AND (id <= 2049644))

table 2 : explain SELECT c FROM sbtest2 WHERE id BETWEEN 6009667 AND 6010666 ORDER BY c
	Sort  (cost=4363.50..4366.28 rows=1114 width=121)
	  Sort Key: c
	  ->  Bitmap Heap Scan on sbtest2  (cost=35.85..4307.12 rows=1114 width=121)
	        Recheck Cond: ((id >= 6009667) AND (id <= 6010666))
	        ->  Bitmap Index Scan on sbtest2_pkey  (cost=0.00..35.58 rows=1114 width=0)
	              Index Cond: ((id >= 6009667) AND (id <= 6010666))

table 3 : explain SELECT c FROM sbtest3 WHERE id BETWEEN 286131 AND 287130 ORDER BY c
	Sort  (cost=3565.46..3567.72 rows=907 width=121)
	  Sort Key: c
	  ->  Bitmap Heap Scan on sbtest3  (cost=29.73..3520.90 rows=907 width=121)
	        Recheck Cond: ((id >= 286131) AND (id <= 287130))
	        ->  Bitmap Index Scan on sbtest3_pkey  (cost=0.00..29.50 rows=907 width=0)
	              Index Cond: ((id >= 286131) AND (id <= 287130))

table 4 : explain SELECT c FROM sbtest4 WHERE id BETWEEN 5344884 AND 5345883 ORDER BY c
	Sort  (cost=3835.43..3837.88 rows=977 width=121)
	  Sort Key: c
	  ->  Bitmap Heap Scan on sbtest4  (cost=30.45..3786.91 rows=977 width=121)
	        Recheck Cond: ((id >= 5344884) AND (id <= 5345883))
	        ->  Bitmap Index Scan on sbtest4_pkey  (cost=0.00..30.20 rows=977 width=0)
	              Index Cond: ((id >= 5344884) AND (id <= 5345883))

table 5 : explain SELECT c FROM sbtest5 WHERE id BETWEEN 3569217 AND 3570216 ORDER BY c
	Sort  (cost=3931.52..3934.02 rows=1002 width=121)
	  Sort Key: c
	  ->  Bitmap Heap Scan on sbtest5  (cost=30.71..3881.57 rows=1002 width=121)
	        Recheck Cond: ((id >= 3569217) AND (id <= 3570216))
	        ->  Bitmap Index Scan on sbtest5_pkey  (cost=0.00..30.45 rows=1002 width=0)
	              Index Cond: ((id >= 3569217) AND (id <= 3570216))

table 6 : explain SELECT c FROM sbtest6 WHERE id BETWEEN 4464506 AND 4465505 ORDER BY c
	Sort  (cost=4011.39..4013.95 rows=1023 width=121)
	  Sort Key: c
	  ->  Bitmap Heap Scan on sbtest6  (cost=30.92..3960.25 rows=1023 width=121)
	        Recheck Cond: ((id >= 4464506) AND (id <= 4465505))
	        ->  Bitmap Index Scan on sbtest6_pkey  (cost=0.00..30.66 rows=1023 width=0)
	              Index Cond: ((id >= 4464506) AND (id <= 4465505))

table 7 : explain SELECT c FROM sbtest7 WHERE id BETWEEN 6189504 AND 6190503 ORDER BY c
	Sort  (cost=3668.59..3670.93 rows=934 width=121)
	  Sort Key: c
	  ->  Bitmap Heap Scan on sbtest7  (cost=30.01..3622.51 rows=934 width=121)
	        Recheck Cond: ((id >= 6189504) AND (id <= 6190503))
	        ->  Bitmap Index Scan on sbtest7_pkey  (cost=0.00..29.77 rows=934 width=0)
	              Index Cond: ((id >= 6189504) AND (id <= 6190503))

table 8 : explain SELECT c FROM sbtest8 WHERE id BETWEEN 6489702 AND 6490701 ORDER BY c
	Sort  (cost=4054.03..4056.62 rows=1034 width=121)
	  Sort Key: c
	  ->  Bitmap Heap Scan on sbtest8  (cost=31.03..4002.26 rows=1034 width=121)
	        Recheck Cond: ((id >= 6489702) AND (id <= 6490701))
	        ->  Bitmap Index Scan on sbtest8_pkey  (cost=0.00..30.77 rows=1034 width=0)
	              Index Cond: ((id >= 6489702) AND (id <= 6490701))

explain: for point_selects :: explain SELECT c FROM sbtest%u WHERE id=%u
for: simple_ranges
table 1 : explain SELECT c FROM sbtest1 WHERE id BETWEEN 3125649 AND 3126648
	Bitmap Heap Scan on sbtest1  (cost=30.65..3863.98 rows=997 width=121)
	  Recheck Cond: ((id >= 3125649) AND (id <= 3126648))
	  ->  Bitmap Index Scan on sbtest1_pkey  (cost=0.00..30.40 rows=997 width=0)
	        Index Cond: ((id >= 3125649) AND (id <= 3126648))

table 2 : explain SELECT c FROM sbtest2 WHERE id BETWEEN 4204698 AND 4205697
	Bitmap Heap Scan on sbtest2  (cost=30.68..3873.79 rows=1000 width=121)
	  Recheck Cond: ((id >= 4204698) AND (id <= 4205697))
	  ->  Bitmap Index Scan on sbtest2_pkey  (cost=0.00..30.43 rows=1000 width=0)
	        Index Cond: ((id >= 4204698) AND (id <= 4205697))

table 3 : explain SELECT c FROM sbtest3 WHERE id BETWEEN 7554968 AND 7555967
	Bitmap Heap Scan on sbtest3  (cost=31.09..4022.86 rows=1040 width=121)
	  Recheck Cond: ((id >= 7554968) AND (id <= 7555967))
	  ->  Bitmap Index Scan on sbtest3_pkey  (cost=0.00..30.83 rows=1040 width=0)
	        Index Cond: ((id >= 7554968) AND (id <= 7555967))

table 4 : explain SELECT c FROM sbtest4 WHERE id BETWEEN 9836042 AND 9837041
	Bitmap Heap Scan on sbtest4  (cost=30.58..3835.99 rows=990 width=121)
	  Recheck Cond: ((id >= 9836042) AND (id <= 9837041))
	  ->  Bitmap Index Scan on sbtest4_pkey  (cost=0.00..30.33 rows=990 width=0)
	        Index Cond: ((id >= 9836042) AND (id <= 9837041))

table 5 : explain SELECT c FROM sbtest5 WHERE id BETWEEN 2038439 AND 2039438
	Bitmap Heap Scan on sbtest5  (cost=31.05..4009.79 rows=1036 width=121)
	  Recheck Cond: ((id >= 2038439) AND (id <= 2039438))
	  ->  Bitmap Index Scan on sbtest5_pkey  (cost=0.00..30.79 rows=1036 width=0)
	        Index Cond: ((id >= 2038439) AND (id <= 2039438))

table 6 : explain SELECT c FROM sbtest6 WHERE id BETWEEN 3421748 AND 3422747
	Bitmap Heap Scan on sbtest6  (cost=30.64..3858.41 rows=996 width=121)
	  Recheck Cond: ((id >= 3421748) AND (id <= 3422747))
	  ->  Bitmap Index Scan on sbtest6_pkey  (cost=0.00..30.39 rows=996 width=0)
	        Index Cond: ((id >= 3421748) AND (id <= 3422747))

table 7 : explain SELECT c FROM sbtest7 WHERE id BETWEEN 8004530 AND 8005529
	Bitmap Heap Scan on sbtest7  (cost=30.82..3920.61 rows=1013 width=121)
	  Recheck Cond: ((id >= 8004530) AND (id <= 8005529))
	  ->  Bitmap Index Scan on sbtest7_pkey  (cost=0.00..30.57 rows=1013 width=0)
	        Index Cond: ((id >= 8004530) AND (id <= 8005529))

table 8 : explain SELECT c FROM sbtest8 WHERE id BETWEEN 4173161 AND 4174160
	Bitmap Heap Scan on sbtest8  (cost=30.92..3960.79 rows=1023 width=121)
	  Recheck Cond: ((id >= 4173161) AND (id <= 4174160))
	  ->  Bitmap Index Scan on sbtest8_pkey  (cost=0.00..30.66 rows=1023 width=0)
	        Index Cond: ((id >= 4173161) AND (id <= 4174160))

explain: for point_selects :: explain SELECT c FROM sbtest%u WHERE id=%u
for: simple_ranges
table 1 : explain SELECT c FROM sbtest1 WHERE id BETWEEN 3625840 AND 3626839
	Bitmap Heap Scan on sbtest1  (cost=30.90..3954.57 rows=1021 width=121)
	  Recheck Cond: ((id >= 3625840) AND (id <= 3626839))
	  ->  Bitmap Index Scan on sbtest1_pkey  (cost=0.00..30.64 rows=1021 width=0)
	        Index Cond: ((id >= 3625840) AND (id <= 3626839))

table 2 : explain SELECT c FROM sbtest2 WHERE id BETWEEN 2470713 AND 2471712
	Bitmap Heap Scan on sbtest2  (cost=30.51..3809.62 rows=983 width=121)
	  Recheck Cond: ((id >= 2470713) AND (id <= 2471712))
	  ->  Bitmap Index Scan on sbtest2_pkey  (cost=0.00..30.26 rows=983 width=0)
	        Index Cond: ((id >= 2470713) AND (id <= 2471712))

table 3 : explain SELECT c FROM sbtest3 WHERE id BETWEEN 9334646 AND 9335645
	Bitmap Heap Scan on sbtest3  (cost=30.00..3619.21 rows=933 width=121)
	  Recheck Cond: ((id >= 9334646) AND (id <= 9335645))
	  ->  Bitmap Index Scan on sbtest3_pkey  (cost=0.00..29.76 rows=933 width=0)
	        Index Cond: ((id >= 9334646) AND (id <= 9335645))

table 4 : explain SELECT c FROM sbtest4 WHERE id BETWEEN 7843854 AND 7844853
	Bitmap Heap Scan on sbtest4  (cost=30.83..3926.54 rows=1014 width=121)
	  Recheck Cond: ((id >= 7843854) AND (id <= 7844853))
	  ->  Bitmap Index Scan on sbtest4_pkey  (cost=0.00..30.57 rows=1014 width=0)
	        Index Cond: ((id >= 7843854) AND (id <= 7844853))

table 5 : explain SELECT c FROM sbtest5 WHERE id BETWEEN 6891980 AND 6892979
	Bitmap Heap Scan on sbtest5  (cost=30.62..3851.38 rows=994 width=121)
	  Recheck Cond: ((id >= 6891980) AND (id <= 6892979))
	  ->  Bitmap Index Scan on sbtest5_pkey  (cost=0.00..30.37 rows=994 width=0)
	        Index Cond: ((id >= 6891980) AND (id <= 6892979))

table 6 : explain SELECT c FROM sbtest6 WHERE id BETWEEN 3165243 AND 3166242
	Bitmap Heap Scan on sbtest6  (cost=30.02..3628.01 rows=935 width=121)
	  Recheck Cond: ((id >= 3165243) AND (id <= 3166242))
	  ->  Bitmap Index Scan on sbtest6_pkey  (cost=0.00..29.79 rows=935 width=0)
	        Index Cond: ((id >= 3165243) AND (id <= 3166242))

table 7 : explain SELECT c FROM sbtest7 WHERE id BETWEEN 2432385 AND 2433384
	Bitmap Heap Scan on sbtest7  (cost=30.15..3675.40 rows=948 width=121)
	  Recheck Cond: ((id >= 2432385) AND (id <= 2433384))
	  ->  Bitmap Index Scan on sbtest7_pkey  (cost=0.00..29.91 rows=948 width=0)
	        Index Cond: ((id >= 2432385) AND (id <= 2433384))

table 8 : explain SELECT c FROM sbtest8 WHERE id BETWEEN 6760016 AND 6761015
	Bitmap Heap Scan on sbtest8  (cost=30.02..3628.48 rows=935 width=121)
	  Recheck Cond: ((id >= 6760016) AND (id <= 6761015))
	  ->  Bitmap Index Scan on sbtest8_pkey  (cost=0.00..29.79 rows=935 width=0)
	        Index Cond: ((id >= 6760016) AND (id <= 6761015))

for: sum_ranges
table 1 : explain SELECT SUM(k) FROM sbtest1 WHERE id BETWEEN 6590928 AND 6591927
	Aggregate  (cost=3450.09..3450.10 rows=1 width=8)
	  ->  Bitmap Heap Scan on sbtest1  (cost=29.53..3447.87 rows=887 width=4)
	        Recheck Cond: ((id >= 6590928) AND (id <= 6591927))
	        ->  Bitmap Index Scan on sbtest1_pkey  (cost=0.00..29.30 rows=887 width=0)
	              Index Cond: ((id >= 6590928) AND (id <= 6591927))

table 2 : explain SELECT SUM(k) FROM sbtest2 WHERE id BETWEEN 842788 AND 843787
	Aggregate  (cost=3778.08..3778.09 rows=1 width=8)
	  ->  Bitmap Heap Scan on sbtest2  (cost=30.42..3775.64 rows=974 width=4)
	        Recheck Cond: ((id >= 842788) AND (id <= 843787))
	        ->  Bitmap Index Scan on sbtest2_pkey  (cost=0.00..30.18 rows=974 width=0)
	              Index Cond: ((id >= 842788) AND (id <= 843787))

table 3 : explain SELECT SUM(k) FROM sbtest3 WHERE id BETWEEN 458506 AND 459505
	Aggregate  (cost=3901.04..3901.05 rows=1 width=8)
	  ->  Bitmap Heap Scan on sbtest3  (cost=30.76..3898.52 rows=1007 width=4)
	        Recheck Cond: ((id >= 458506) AND (id <= 459505))
	        ->  Bitmap Index Scan on sbtest3_pkey  (cost=0.00..30.50 rows=1007 width=0)
	              Index Cond: ((id >= 458506) AND (id <= 459505))

table 4 : explain SELECT SUM(k) FROM sbtest4 WHERE id BETWEEN 8726582 AND 8727581
	Aggregate  (cost=4140.44..4140.45 rows=1 width=8)
	  ->  Bitmap Heap Scan on sbtest4  (cost=35.39..4137.77 rows=1069 width=4)
	        Recheck Cond: ((id >= 8726582) AND (id <= 8727581))
	        ->  Bitmap Index Scan on sbtest4_pkey  (cost=0.00..35.12 rows=1069 width=0)
	              Index Cond: ((id >= 8726582) AND (id <= 8727581))

table 5 : explain SELECT SUM(k) FROM sbtest5 WHERE id BETWEEN 1652087 AND 1653086
	Aggregate  (cost=3691.35..3691.36 rows=1 width=8)
	  ->  Bitmap Heap Scan on sbtest5  (cost=30.18..3688.97 rows=951 width=4)
	        Recheck Cond: ((id >= 1652087) AND (id <= 1653086))
	        ->  Bitmap Index Scan on sbtest5_pkey  (cost=0.00..29.94 rows=951 width=0)
	              Index Cond: ((id >= 1652087) AND (id <= 1653086))

table 6 : explain SELECT SUM(k) FROM sbtest6 WHERE id BETWEEN 258866 AND 259865
	Aggregate  (cost=4151.50..4151.51 rows=1 width=8)
	  ->  Bitmap Heap Scan on sbtest6  (cost=35.42..4148.82 rows=1072 width=4)
	        Recheck Cond: ((id >= 258866) AND (id <= 259865))
	        ->  Bitmap Index Scan on sbtest6_pkey  (cost=0.00..35.16 rows=1072 width=0)
	              Index Cond: ((id >= 258866) AND (id <= 259865))

table 7 : explain SELECT SUM(k) FROM sbtest7 WHERE id BETWEEN 26119 AND 27118
	Aggregate  (cost=4006.06..4006.07 rows=1 width=8)
	  ->  Bitmap Heap Scan on sbtest7  (cost=31.04..4003.48 rows=1035 width=4)
	        Recheck Cond: ((id >= 26119) AND (id <= 27118))
	        ->  Bitmap Index Scan on sbtest7_pkey  (cost=0.00..30.79 rows=1035 width=0)
	              Index Cond: ((id >= 26119) AND (id <= 27118))

table 8 : explain SELECT SUM(k) FROM sbtest8 WHERE id BETWEEN 1452580 AND 1453579
	Aggregate  (cost=3740.51..3740.52 rows=1 width=8)
	  ->  Bitmap Heap Scan on sbtest8  (cost=30.32..3738.10 rows=964 width=4)
	        Recheck Cond: ((id >= 1452580) AND (id <= 1453579))
	        ->  Bitmap Index Scan on sbtest8_pkey  (cost=0.00..30.07 rows=964 width=0)
	              Index Cond: ((id >= 1452580) AND (id <= 1453579))

for: sum_ranges
table 1 : explain SELECT SUM(k) FROM sbtest1 WHERE id BETWEEN 4923162 AND 4924161
	Aggregate  (cost=3771.98..3771.99 rows=1 width=8)
	  ->  Bitmap Heap Scan on sbtest1  (cost=30.40..3769.55 rows=972 width=4)
	        Recheck Cond: ((id >= 4923162) AND (id <= 4924161))
	        ->  Bitmap Index Scan on sbtest1_pkey  (cost=0.00..30.15 rows=972 width=0)
	              Index Cond: ((id >= 4923162) AND (id <= 4924161))

table 2 : explain SELECT SUM(k) FROM sbtest2 WHERE id BETWEEN 391790 AND 392789
	Aggregate  (cost=3925.36..3925.37 rows=1 width=8)
	  ->  Bitmap Heap Scan on sbtest2  (cost=30.82..3922.83 rows=1013 width=4)
	        Recheck Cond: ((id >= 391790) AND (id <= 392789))
	        ->  Bitmap Index Scan on sbtest2_pkey  (cost=0.00..30.57 rows=1013 width=0)
	              Index Cond: ((id >= 391790) AND (id <= 392789))

table 3 : explain SELECT SUM(k) FROM sbtest3 WHERE id BETWEEN 1731430 AND 1732429
	Aggregate  (cost=4319.24..4319.25 rows=1 width=8)
	  ->  Bitmap Heap Scan on sbtest3  (cost=35.88..4316.45 rows=1117 width=4)
	        Recheck Cond: ((id >= 1731430) AND (id <= 1732429))
	        ->  Bitmap Index Scan on sbtest3_pkey  (cost=0.00..35.61 rows=1117 width=0)
	              Index Cond: ((id >= 1731430) AND (id <= 1732429))

table 4 : explain SELECT SUM(k) FROM sbtest4 WHERE id BETWEEN 7410148 AND 7411147
	Aggregate  (cost=4072.39..4072.40 rows=1 width=8)
	  ->  Bitmap Heap Scan on sbtest4  (cost=31.22..4069.76 rows=1052 width=4)
	        Recheck Cond: ((id >= 7410148) AND (id <= 7411147))
	        ->  Bitmap Index Scan on sbtest4_pkey  (cost=0.00..30.95 rows=1052 width=0)
	              Index Cond: ((id >= 7410148) AND (id <= 7411147))

table 5 : explain SELECT SUM(k) FROM sbtest5 WHERE id BETWEEN 8687178 AND 8688177
	Aggregate  (cost=4276.33..4276.34 rows=1 width=8)
	  ->  Bitmap Heap Scan on sbtest5  (cost=35.76..4273.56 rows=1105 width=4)
	        Recheck Cond: ((id >= 8687178) AND (id <= 8688177))
	        ->  Bitmap Index Scan on sbtest5_pkey  (cost=0.00..35.48 rows=1105 width=0)
	              Index Cond: ((id >= 8687178) AND (id <= 8688177))

table 6 : explain SELECT SUM(k) FROM sbtest6 WHERE id BETWEEN 4713865 AND 4714864
	Aggregate  (cost=3566.01..3566.02 rows=1 width=8)
	  ->  Bitmap Heap Scan on sbtest6  (cost=29.84..3563.71 rows=918 width=4)
	        Recheck Cond: ((id >= 4713865) AND (id <= 4714864))
	        ->  Bitmap Index Scan on sbtest6_pkey  (cost=0.00..29.61 rows=918 width=0)
	              Index Cond: ((id >= 4713865) AND (id <= 4714864))

table 7 : explain SELECT SUM(k) FROM sbtest7 WHERE id BETWEEN 9700936 AND 9701935
	Aggregate  (cost=3772.21..3772.22 rows=1 width=8)
	  ->  Bitmap Heap Scan on sbtest7  (cost=30.41..3769.77 rows=973 width=4)
	        Recheck Cond: ((id >= 9700936) AND (id <= 9701935))
	        ->  Bitmap Index Scan on sbtest7_pkey  (cost=0.00..30.16 rows=973 width=0)
	              Index Cond: ((id >= 9700936) AND (id <= 9701935))

table 8 : explain SELECT SUM(k) FROM sbtest8 WHERE id BETWEEN 2437094 AND 2438093
	Aggregate  (cost=4167.15..4167.16 rows=1 width=8)
	  ->  Bitmap Heap Scan on sbtest8  (cost=35.46..4164.46 rows=1076 width=4)
	        Recheck Cond: ((id >= 2437094) AND (id <= 2438093))
	        ->  Bitmap Index Scan on sbtest8_pkey  (cost=0.00..35.20 rows=1076 width=0)
	              Index Cond: ((id >= 2437094) AND (id <= 2438093))

for: distinct_ranges
table 1 : explain SELECT DISTINCT c FROM sbtest1 WHERE id BETWEEN 2767088 AND 2768087 ORDER BY c
	Unique  (cost=3955.80..3960.84 rows=1008 width=121)
	  ->  Sort  (cost=3955.80..3958.32 rows=1008 width=121)
	        Sort Key: c
	        ->  Bitmap Heap Scan on sbtest1  (cost=30.77..3905.51 rows=1008 width=121)
	              Recheck Cond: ((id >= 2767088) AND (id <= 2768087))
	              ->  Bitmap Index Scan on sbtest1_pkey  (cost=0.00..30.51 rows=1008 width=0)
	                    Index Cond: ((id >= 2767088) AND (id <= 2768087))

table 2 : explain SELECT DISTINCT c FROM sbtest2 WHERE id BETWEEN 7551478 AND 7552477 ORDER BY c
	Unique  (cost=3712.77..3717.50 rows=945 width=121)
	  ->  Sort  (cost=3712.77..3715.14 rows=945 width=121)
	        Sort Key: c
	        ->  Bitmap Heap Scan on sbtest2  (cost=30.12..3666.07 rows=945 width=121)
	              Recheck Cond: ((id >= 7551478) AND (id <= 7552477))
	              ->  Bitmap Index Scan on sbtest2_pkey  (cost=0.00..29.89 rows=945 width=0)
	                    Index Cond: ((id >= 7551478) AND (id <= 7552477))

table 3 : explain SELECT DISTINCT c FROM sbtest3 WHERE id BETWEEN 4213752 AND 4214751 ORDER BY c
	Unique  (cost=4166.69..4172.01 rows=1064 width=121)
	  ->  Sort  (cost=4166.69..4169.35 rows=1064 width=121)
	        Sort Key: c
	        ->  Bitmap Heap Scan on sbtest3  (cost=31.34..4113.20 rows=1064 width=121)
	              Recheck Cond: ((id >= 4213752) AND (id <= 4214751))
	              ->  Bitmap Index Scan on sbtest3_pkey  (cost=0.00..31.07 rows=1064 width=0)
	                    Index Cond: ((id >= 4213752) AND (id <= 4214751))

table 4 : explain SELECT DISTINCT c FROM sbtest4 WHERE id BETWEEN 3044276 AND 3045275 ORDER BY c
	Unique  (cost=3766.42..3771.22 rows=959 width=121)
	  ->  Sort  (cost=3766.42..3768.82 rows=959 width=121)
	        Sort Key: c
	        ->  Bitmap Heap Scan on sbtest4  (cost=30.26..3718.93 rows=959 width=121)
	              Recheck Cond: ((id >= 3044276) AND (id <= 3045275))
	              ->  Bitmap Index Scan on sbtest4_pkey  (cost=0.00..30.02 rows=959 width=0)
	                    Index Cond: ((id >= 3044276) AND (id <= 3045275))

table 5 : explain SELECT DISTINCT c FROM sbtest5 WHERE id BETWEEN 6753216 AND 6754215 ORDER BY c
	Unique  (cost=3908.53..3913.51 rows=996 width=121)
	  ->  Sort  (cost=3908.53..3911.02 rows=996 width=121)
	        Sort Key: c
	        ->  Bitmap Heap Scan on sbtest5  (cost=30.64..3858.93 rows=996 width=121)
	              Recheck Cond: ((id >= 6753216) AND (id <= 6754215))
	              ->  Bitmap Index Scan on sbtest5_pkey  (cost=0.00..30.39 rows=996 width=0)
	                    Index Cond: ((id >= 6753216) AND (id <= 6754215))

table 6 : explain SELECT DISTINCT c FROM sbtest6 WHERE id BETWEEN 3034379 AND 3035378 ORDER BY c
	Unique  (cost=3888.86..3893.82 rows=991 width=121)
	  ->  Sort  (cost=3888.86..3891.34 rows=991 width=121)
	        Sort Key: c
	        ->  Bitmap Heap Scan on sbtest6  (cost=30.59..3839.55 rows=991 width=121)
	              Recheck Cond: ((id >= 3034379) AND (id <= 3035378))
	              ->  Bitmap Index Scan on sbtest6_pkey  (cost=0.00..30.34 rows=991 width=0)
	                    Index Cond: ((id >= 3034379) AND (id <= 3035378))

table 7 : explain SELECT DISTINCT c FROM sbtest7 WHERE id BETWEEN 1025220 AND 1026219 ORDER BY c
	Unique  (cost=3971.18..3976.24 rows=1013 width=121)
	  ->  Sort  (cost=3971.18..3973.71 rows=1013 width=121)
	        Sort Key: c
	        ->  Bitmap Heap Scan on sbtest7  (cost=30.82..3920.61 rows=1013 width=121)
	              Recheck Cond: ((id >= 1025220) AND (id <= 1026219))
	              ->  Bitmap Index Scan on sbtest7_pkey  (cost=0.00..30.57 rows=1013 width=0)
	                    Index Cond: ((id >= 1025220) AND (id <= 1026219))

table 8 : explain SELECT DISTINCT c FROM sbtest8 WHERE id BETWEEN 6959647 AND 6960646 ORDER BY c
	Unique  (cost=3992.79..3997.88 rows=1018 width=121)
	  ->  Sort  (cost=3992.79..3995.34 rows=1018 width=121)
	        Sort Key: c
	        ->  Bitmap Heap Scan on sbtest8  (cost=30.87..3941.93 rows=1018 width=121)
	              Recheck Cond: ((id >= 6959647) AND (id <= 6960646))
	              ->  Bitmap Index Scan on sbtest8_pkey  (cost=0.00..30.61 rows=1018 width=0)
	                    Index Cond: ((id >= 6959647) AND (id <= 6960646))

for point_selects
table 1 : explain SELECT c FROM sbtest1 WHERE id=8708790
	Index Scan using sbtest1_pkey on sbtest1  (cost=0.43..8.45 rows=1 width=121)
	  Index Cond: (id = 8708790)

table 2 : explain SELECT c FROM sbtest2 WHERE id=5475784
	Index Scan using sbtest2_pkey on sbtest2  (cost=0.43..8.45 rows=1 width=121)
	  Index Cond: (id = 5475784)

table 3 : explain SELECT c FROM sbtest3 WHERE id=6142594
	Index Scan using sbtest3_pkey on sbtest3  (cost=0.43..8.45 rows=1 width=121)
	  Index Cond: (id = 6142594)

table 4 : explain SELECT c FROM sbtest4 WHERE id=9357751
	Index Scan using sbtest4_pkey on sbtest4  (cost=0.43..8.45 rows=1 width=121)
	  Index Cond: (id = 9357751)

table 5 : explain SELECT c FROM sbtest5 WHERE id=4541690
	Index Scan using sbtest5_pkey on sbtest5  (cost=0.43..8.45 rows=1 width=121)
	  Index Cond: (id = 4541690)

table 6 : explain SELECT c FROM sbtest6 WHERE id=6402729
	Index Scan using sbtest6_pkey on sbtest6  (cost=0.43..8.45 rows=1 width=121)
	  Index Cond: (id = 6402729)

table 7 : explain SELECT c FROM sbtest7 WHERE id=5547167
	Index Scan using sbtest7_pkey on sbtest7  (cost=0.43..8.45 rows=1 width=121)
	  Index Cond: (id = 5547167)

table 8 : explain SELECT c FROM sbtest8 WHERE id=7387940
	Index Scan using sbtest8_pkey on sbtest8  (cost=0.43..8.45 rows=1 width=121)
	  Index Cond: (id = 7387940)

for point_selects
table 1 : explain SELECT c FROM sbtest1 WHERE id=326080
	Index Scan using sbtest1_pkey on sbtest1  (cost=0.43..8.45 rows=1 width=121)
	  Index Cond: (id = 326080)

table 2 : explain SELECT c FROM sbtest2 WHERE id=770842
	Index Scan using sbtest2_pkey on sbtest2  (cost=0.43..8.45 rows=1 width=121)
	  Index Cond: (id = 770842)

table 3 : explain SELECT c FROM sbtest3 WHERE id=4780027
	Index Scan using sbtest3_pkey on sbtest3  (cost=0.43..8.45 rows=1 width=121)
	  Index Cond: (id = 4780027)

table 4 : explain SELECT c FROM sbtest4 WHERE id=4253213
	Index Scan using sbtest4_pkey on sbtest4  (cost=0.43..8.45 rows=1 width=121)
	  Index Cond: (id = 4253213)

table 5 : explain SELECT c FROM sbtest5 WHERE id=7723345
	Index Scan using sbtest5_pkey on sbtest5  (cost=0.43..8.45 rows=1 width=121)
	  Index Cond: (id = 7723345)

table 6 : explain SELECT c FROM sbtest6 WHERE id=810303
	Index Scan using sbtest6_pkey on sbtest6  (cost=0.43..8.45 rows=1 width=121)
	  Index Cond: (id = 810303)

table 7 : explain SELECT c FROM sbtest7 WHERE id=8237412
	Index Scan using sbtest7_pkey on sbtest7  (cost=0.43..8.45 rows=1 width=121)
	  Index Cond: (id = 8237412)

table 8 : explain SELECT c FROM sbtest8 WHERE id=4137984
	Index Scan using sbtest8_pkey on sbtest8  (cost=0.43..8.45 rows=1 width=121)
	  Index Cond: (id = 4137984)

explain: for point_selects :: explain SELECT c FROM sbtest%u WHERE id=%u
for point_selects
table 1 : explain SELECT c FROM sbtest1 WHERE id=3665510
	Index Scan using sbtest1_pkey on sbtest1  (cost=0.43..8.45 rows=1 width=121)
	  Index Cond: (id = 3665510)

table 2 : explain SELECT c FROM sbtest2 WHERE id=812871
	Index Scan using sbtest2_pkey on sbtest2  (cost=0.43..8.45 rows=1 width=121)
	  Index Cond: (id = 812871)

table 3 : explain SELECT c FROM sbtest3 WHERE id=9991216
	Index Scan using sbtest3_pkey on sbtest3  (cost=0.43..8.45 rows=1 width=121)
	  Index Cond: (id = 9991216)

table 4 : explain SELECT c FROM sbtest4 WHERE id=7019483
	Index Scan using sbtest4_pkey on sbtest4  (cost=0.43..8.45 rows=1 width=121)
	  Index Cond: (id = 7019483)

table 5 : explain SELECT c FROM sbtest5 WHERE id=4723939
	Index Scan using sbtest5_pkey on sbtest5  (cost=0.43..8.45 rows=1 width=121)
	  Index Cond: (id = 4723939)

table 6 : explain SELECT c FROM sbtest6 WHERE id=3618619
	Index Scan using sbtest6_pkey on sbtest6  (cost=0.43..8.45 rows=1 width=121)
	  Index Cond: (id = 3618619)

table 7 : explain SELECT c FROM sbtest7 WHERE id=2353496
	Index Scan using sbtest7_pkey on sbtest7  (cost=0.43..8.45 rows=1 width=121)
	  Index Cond: (id = 2353496)

table 8 : explain SELECT c FROM sbtest8 WHERE id=5787908
	Index Scan using sbtest8_pkey on sbtest8  (cost=0.43..8.45 rows=1 width=121)
	  Index Cond: (id = 5787908)

for point_selects
table 1 : explain SELECT c FROM sbtest1 WHERE id=4284671
	Index Scan using sbtest1_pkey on sbtest1  (cost=0.43..8.45 rows=1 width=121)
	  Index Cond: (id = 4284671)

table 2 : explain SELECT c FROM sbtest2 WHERE id=2455666
	Index Scan using sbtest2_pkey on sbtest2  (cost=0.43..8.45 rows=1 width=121)
	  Index Cond: (id = 2455666)

table 3 : explain SELECT c FROM sbtest3 WHERE id=4415722
	Index Scan using sbtest3_pkey on sbtest3  (cost=0.43..8.45 rows=1 width=121)
	  Index Cond: (id = 4415722)

table 4 : explain SELECT c FROM sbtest4 WHERE id=1862491
	Index Scan using sbtest4_pkey on sbtest4  (cost=0.43..8.45 rows=1 width=121)
	  Index Cond: (id = 1862491)

table 5 : explain SELECT c FROM sbtest5 WHERE id=8668817
	Index Scan using sbtest5_pkey on sbtest5  (cost=0.43..8.45 rows=1 width=121)
	  Index Cond: (id = 8668817)

table 6 : explain SELECT c FROM sbtest6 WHERE id=5940824
	Index Scan using sbtest6_pkey on sbtest6  (cost=0.43..8.45 rows=1 width=121)
	  Index Cond: (id = 5940824)

table 7 : explain SELECT c FROM sbtest7 WHERE id=6921236
	Index Scan using sbtest7_pkey on sbtest7  (cost=0.43..8.45 rows=1 width=121)
	  Index Cond: (id = 6921236)

table 8 : explain SELECT c FROM sbtest8 WHERE id=339684
	Index Scan using sbtest8_pkey on sbtest8  (cost=0.43..8.45 rows=1 width=121)
	  Index Cond: (id = 339684)

for point_selects
table 1 : explain SELECT c FROM sbtest1 WHERE id=1125041
	Index Scan using sbtest1_pkey on sbtest1  (cost=0.43..8.45 rows=1 width=121)
	  Index Cond: (id = 1125041)

table 2 : explain SELECT c FROM sbtest2 WHERE id=7618228
	Index Scan using sbtest2_pkey on sbtest2  (cost=0.43..8.45 rows=1 width=121)
	  Index Cond: (id = 7618228)

table 3 : explain SELECT c FROM sbtest3 WHERE id=415513
	Index Scan using sbtest3_pkey on sbtest3  (cost=0.43..8.45 rows=1 width=121)
	  Index Cond: (id = 415513)

table 4 : explain SELECT c FROM sbtest4 WHERE id=5348555
	Index Scan using sbtest4_pkey on sbtest4  (cost=0.43..8.45 rows=1 width=121)
	  Index Cond: (id = 5348555)

table 5 : explain SELECT c FROM sbtest5 WHERE id=1056468
	Index Scan using sbtest5_pkey on sbtest5  (cost=0.43..8.45 rows=1 width=121)
	  Index Cond: (id = 1056468)

table 6 : explain SELECT c FROM sbtest6 WHERE id=8697961
	Index Scan using sbtest6_pkey on sbtest6  (cost=0.43..8.45 rows=1 width=121)
	  Index Cond: (id = 8697961)

table 7 : explain SELECT c FROM sbtest7 WHERE id=979065
	Index Scan using sbtest7_pkey on sbtest7  (cost=0.43..8.45 rows=1 width=121)
	  Index Cond: (id = 979065)

table 8 : explain SELECT c FROM sbtest8 WHERE id=2660438
	Index Scan using sbtest8_pkey on sbtest8  (cost=0.43..8.45 rows=1 width=121)
	  Index Cond: (id = 2660438)

for: order_ranges
table 1 : explain SELECT c FROM sbtest1 WHERE id BETWEEN 4514386 AND 4515385 ORDER BY c
	Sort  (cost=3917.48..3919.97 rows=998 width=121)
	  Sort Key: c
	  ->  Bitmap Heap Scan on sbtest1  (cost=30.66..3867.76 rows=998 width=121)
	        Recheck Cond: ((id >= 4514386) AND (id <= 4515385))
	        ->  Bitmap Index Scan on sbtest1_pkey  (cost=0.00..30.41 rows=998 width=0)
	              Index Cond: ((id >= 4514386) AND (id <= 4515385))

table 2 : explain SELECT c FROM sbtest2 WHERE id BETWEEN 7702725 AND 7703724 ORDER BY c
	Sort  (cost=3961.91..3964.44 rows=1010 width=121)
	  Sort Key: c
	  ->  Bitmap Heap Scan on sbtest2  (cost=30.79..3911.51 rows=1010 width=121)
	        Recheck Cond: ((id >= 7702725) AND (id <= 7703724))
	        ->  Bitmap Index Scan on sbtest2_pkey  (cost=0.00..30.54 rows=1010 width=0)
	              Index Cond: ((id >= 7702725) AND (id <= 7703724))

table 3 : explain SELECT c FROM sbtest3 WHERE id BETWEEN 3326731 AND 3327730 ORDER BY c
	Sort  (cost=3630.70..3633.01 rows=924 width=121)
	  Sort Key: c
	  ->  Bitmap Heap Scan on sbtest3  (cost=29.91..3585.19 rows=924 width=121)
	        Recheck Cond: ((id >= 3326731) AND (id <= 3327730))
	        ->  Bitmap Index Scan on sbtest3_pkey  (cost=0.00..29.68 rows=924 width=0)
	              Index Cond: ((id >= 3326731) AND (id <= 3327730))

table 4 : explain SELECT c FROM sbtest4 WHERE id BETWEEN 5054546 AND 5055545 ORDER BY c
	Sort  (cost=3931.22..3933.72 rows=1002 width=121)
	  Sort Key: c
	  ->  Bitmap Heap Scan on sbtest4  (cost=30.71..3881.27 rows=1002 width=121)
	        Recheck Cond: ((id >= 5054546) AND (id <= 5055545))
	        ->  Bitmap Index Scan on sbtest4_pkey  (cost=0.00..30.45 rows=1002 width=0)
	              Index Cond: ((id >= 5054546) AND (id <= 5055545))

table 5 : explain SELECT c FROM sbtest5 WHERE id BETWEEN 9443849 AND 9444848 ORDER BY c
	Sort  (cost=3958.33..3960.85 rows=1009 width=121)
	  Sort Key: c
	  ->  Bitmap Heap Scan on sbtest5  (cost=30.78..3907.98 rows=1009 width=121)
	        Recheck Cond: ((id >= 9443849) AND (id <= 9444848))
	        ->  Bitmap Index Scan on sbtest5_pkey  (cost=0.00..30.52 rows=1009 width=0)
	              Index Cond: ((id >= 9443849) AND (id <= 9444848))

table 6 : explain SELECT c FROM sbtest6 WHERE id BETWEEN 4241262 AND 4242261 ORDER BY c
	Sort  (cost=3716.35..3718.72 rows=946 width=121)
	  Sort Key: c
	  ->  Bitmap Heap Scan on sbtest6  (cost=30.13..3669.59 rows=946 width=121)
	        Recheck Cond: ((id >= 4241262) AND (id <= 4242261))
	        ->  Bitmap Index Scan on sbtest6_pkey  (cost=0.00..29.89 rows=946 width=0)
	              Index Cond: ((id >= 4241262) AND (id <= 4242261))

table 7 : explain SELECT c FROM sbtest7 WHERE id BETWEEN 9977861 AND 9978860 ORDER BY c
	Sort  (cost=3982.65..3985.19 rows=1016 width=121)
	  Sort Key: c
	  ->  Bitmap Heap Scan on sbtest7  (cost=30.85..3931.91 rows=1016 width=121)
	        Recheck Cond: ((id >= 9977861) AND (id <= 9978860))
	        ->  Bitmap Index Scan on sbtest7_pkey  (cost=0.00..30.59 rows=1016 width=0)
	              Index Cond: ((id >= 9977861) AND (id <= 9978860))

table 8 : explain SELECT c FROM sbtest8 WHERE id BETWEEN 4475261 AND 4476260 ORDER BY c
	Sort  (cost=4004.28..4006.83 rows=1021 width=121)
	  Sort Key: c
	  ->  Bitmap Heap Scan on sbtest8  (cost=30.90..3953.25 rows=1021 width=121)
	        Recheck Cond: ((id >= 4475261) AND (id <= 4476260))
	        ->  Bitmap Index Scan on sbtest8_pkey  (cost=0.00..30.64 rows=1021 width=0)
	              Index Cond: ((id >= 4475261) AND (id <= 4476260))

for: sum_ranges
table 1 : explain SELECT SUM(k) FROM sbtest1 WHERE id BETWEEN 2721548 AND 2722547
	Aggregate  (cost=3908.03..3908.04 rows=1 width=8)
	  ->  Bitmap Heap Scan on sbtest1  (cost=30.77..3905.51 rows=1008 width=4)
	        Recheck Cond: ((id >= 2721548) AND (id <= 2722547))
	        ->  Bitmap Index Scan on sbtest1_pkey  (cost=0.00..30.51 rows=1008 width=0)
	              Index Cond: ((id >= 2721548) AND (id <= 2722547))

table 2 : explain SELECT SUM(k) FROM sbtest2 WHERE id BETWEEN 9603708 AND 9604707
	Aggregate  (cost=3895.16..3895.17 rows=1 width=8)
	  ->  Bitmap Heap Scan on sbtest2  (cost=30.74..3892.65 rows=1005 width=4)
	        Recheck Cond: ((id >= 9603708) AND (id <= 9604707))
	        ->  Bitmap Index Scan on sbtest2_pkey  (cost=0.00..30.48 rows=1005 width=0)
	              Index Cond: ((id >= 9603708) AND (id <= 9604707))

table 3 : explain SELECT SUM(k) FROM sbtest3 WHERE id BETWEEN 680337 AND 681336
	Aggregate  (cost=3678.25..3678.26 rows=1 width=8)
	  ->  Bitmap Heap Scan on sbtest3  (cost=30.15..3675.88 rows=948 width=4)
	        Recheck Cond: ((id >= 680337) AND (id <= 681336))
	        ->  Bitmap Index Scan on sbtest3_pkey  (cost=0.00..29.91 rows=948 width=0)
	              Index Cond: ((id >= 680337) AND (id <= 681336))

table 4 : explain SELECT SUM(k) FROM sbtest4 WHERE id BETWEEN 2508655 AND 2509654
	Aggregate  (cost=4170.58..4170.59 rows=1 width=8)
	  ->  Bitmap Heap Scan on sbtest4  (cost=35.47..4167.88 rows=1077 width=4)
	        Recheck Cond: ((id >= 2508655) AND (id <= 2509654))
	        ->  Bitmap Index Scan on sbtest4_pkey  (cost=0.00..35.20 rows=1077 width=0)
	              Index Cond: ((id >= 2508655) AND (id <= 2509654))

table 5 : explain SELECT SUM(k) FROM sbtest5 WHERE id BETWEEN 5860616 AND 5861615
	Aggregate  (cost=4076.48..4076.49 rows=1 width=8)
	  ->  Bitmap Heap Scan on sbtest5  (cost=31.23..4073.85 rows=1053 width=4)
	        Recheck Cond: ((id >= 5860616) AND (id <= 5861615))
	        ->  Bitmap Index Scan on sbtest5_pkey  (cost=0.00..30.96 rows=1053 width=0)
	              Index Cond: ((id >= 5860616) AND (id <= 5861615))

table 6 : explain SELECT SUM(k) FROM sbtest6 WHERE id BETWEEN 6143683 AND 6144682
	Aggregate  (cost=3762.69..3762.70 rows=1 width=8)
	  ->  Bitmap Heap Scan on sbtest6  (cost=30.38..3760.27 rows=970 width=4)
	        Recheck Cond: ((id >= 6143683) AND (id <= 6144682))
	        ->  Bitmap Index Scan on sbtest6_pkey  (cost=0.00..30.14 rows=970 width=0)
	              Index Cond: ((id >= 6143683) AND (id <= 6144682))

table 7 : explain SELECT SUM(k) FROM sbtest7 WHERE id BETWEEN 9996329 AND 9997328
	Aggregate  (cost=3934.45..3934.46 rows=1 width=8)
	  ->  Bitmap Heap Scan on sbtest7  (cost=30.85..3931.91 rows=1016 width=4)
	        Recheck Cond: ((id >= 9996329) AND (id <= 9997328))
	        ->  Bitmap Index Scan on sbtest7_pkey  (cost=0.00..30.59 rows=1016 width=0)
	              Index Cond: ((id >= 9996329) AND (id <= 9997328))

table 8 : explain SELECT SUM(k) FROM sbtest8 WHERE id BETWEEN 7836197 AND 7837196
	Aggregate  (cost=3936.93..3936.94 rows=1 width=8)
	  ->  Bitmap Heap Scan on sbtest8  (cost=30.85..3934.39 rows=1016 width=4)
	        Recheck Cond: ((id >= 7836197) AND (id <= 7837196))
	        ->  Bitmap Index Scan on sbtest8_pkey  (cost=0.00..30.59 rows=1016 width=0)
	              Index Cond: ((id >= 7836197) AND (id <= 7837196))

explain: for point_selects :: explain SELECT c FROM sbtest%u WHERE id=%u
explain: for point_selects :: explain SELECT c FROM sbtest%u WHERE id=%u
for: sum_ranges
table 1 : explain SELECT SUM(k) FROM sbtest1 WHERE id BETWEEN 4858785 AND 4859784
	Aggregate  (cost=4240.16..4240.17 rows=1 width=8)
	  ->  Bitmap Heap Scan on sbtest1  (cost=35.66..4237.42 rows=1095 width=4)
	        Recheck Cond: ((id >= 4858785) AND (id <= 4859784))
	        ->  Bitmap Index Scan on sbtest1_pkey  (cost=0.00..35.39 rows=1095 width=0)
	              Index Cond: ((id >= 4858785) AND (id <= 4859784))

table 2 : explain SELECT SUM(k) FROM sbtest2 WHERE id BETWEEN 8371587 AND 8372586
	Aggregate  (cost=4046.06..4046.07 rows=1 width=8)
	  ->  Bitmap Heap Scan on sbtest2  (cost=31.15..4043.45 rows=1045 width=4)
	        Recheck Cond: ((id >= 8371587) AND (id <= 8372586))
	        ->  Bitmap Index Scan on sbtest2_pkey  (cost=0.00..30.89 rows=1045 width=0)
	              Index Cond: ((id >= 8371587) AND (id <= 8372586))

table 3 : explain SELECT SUM(k) FROM sbtest3 WHERE id BETWEEN 9960711 AND 9961710
	Aggregate  (cost=4002.85..4002.86 rows=1 width=8)
	  ->  Bitmap Heap Scan on sbtest3  (cost=31.03..4000.26 rows=1034 width=4)
	        Recheck Cond: ((id >= 9960711) AND (id <= 9961710))
	        ->  Bitmap Index Scan on sbtest3_pkey  (cost=0.00..30.77 rows=1034 width=0)
	              Index Cond: ((id >= 9960711) AND (id <= 9961710))

table 4 : explain SELECT SUM(k) FROM sbtest4 WHERE id BETWEEN 4539464 AND 4540463
	Aggregate  (cost=3520.76..3520.77 rows=1 width=8)
	  ->  Bitmap Heap Scan on sbtest4  (cost=29.72..3518.49 rows=906 width=4)
	        Recheck Cond: ((id >= 4539464) AND (id <= 4540463))
	        ->  Bitmap Index Scan on sbtest4_pkey  (cost=0.00..29.50 rows=906 width=0)
	              Index Cond: ((id >= 4539464) AND (id <= 4540463))

table 5 : explain SELECT SUM(k) FROM sbtest5 WHERE id BETWEEN 4201617 AND 4202616
	Aggregate  (cost=3763.19..3763.20 rows=1 width=8)
	  ->  Bitmap Heap Scan on sbtest5  (cost=30.38..3760.76 rows=970 width=4)
	        Recheck Cond: ((id >= 4201617) AND (id <= 4202616))
	        ->  Bitmap Index Scan on sbtest5_pkey  (cost=0.00..30.14 rows=970 width=0)
	              Index Cond: ((id >= 4201617) AND (id <= 4202616))

table 6 : explain SELECT SUM(k) FROM sbtest6 WHERE id BETWEEN 7499349 AND 7500348
	Aggregate  (cost=3751.35..3751.36 rows=1 width=8)
	  ->  Bitmap Heap Scan on sbtest6  (cost=30.35..3748.94 rows=967 width=4)
	        Recheck Cond: ((id >= 7499349) AND (id <= 7500348))
	        ->  Bitmap Index Scan on sbtest6_pkey  (cost=0.00..30.11 rows=967 width=0)
	              Index Cond: ((id >= 7499349) AND (id <= 7500348))

table 7 : explain SELECT SUM(k) FROM sbtest7 WHERE id BETWEEN 5417948 AND 5418947
	Aggregate  (cost=3454.57..3454.58 rows=1 width=8)
	  ->  Bitmap Heap Scan on sbtest7  (cost=29.55..3452.35 rows=889 width=4)
	        Recheck Cond: ((id >= 5417948) AND (id <= 5418947))
	        ->  Bitmap Index Scan on sbtest7_pkey  (cost=0.00..29.32 rows=889 width=0)
	              Index Cond: ((id >= 5417948) AND (id <= 5418947))

table 8 : explain SELECT SUM(k) FROM sbtest8 WHERE id BETWEEN 9081761 AND 9082760
	Aggregate  (cost=3827.43..3827.44 rows=1 width=8)
	  ->  Bitmap Heap Scan on sbtest8  (cost=30.55..3824.97 rows=987 width=4)
	        Recheck Cond: ((id >= 9081761) AND (id <= 9082760))
	        ->  Bitmap Index Scan on sbtest8_pkey  (cost=0.00..30.30 rows=987 width=0)
	              Index Cond: ((id >= 9081761) AND (id <= 9082760))

for: order_ranges
table 1 : explain SELECT c FROM sbtest1 WHERE id BETWEEN 4992518 AND 4993517 ORDER BY c
	Sort  (cost=4361.47..4364.25 rows=1113 width=121)
	  Sort Key: c
	  ->  Bitmap Heap Scan on sbtest1  (cost=35.84..4305.15 rows=1113 width=121)
	        Recheck Cond: ((id >= 4992518) AND (id <= 4993517))
	        ->  Bitmap Index Scan on sbtest1_pkey  (cost=0.00..35.57 rows=1113 width=0)
	              Index Cond: ((id >= 4992518) AND (id <= 4993517))

table 2 : explain SELECT c FROM sbtest2 WHERE id BETWEEN 4830129 AND 4831128 ORDER BY c
	Sort  (cost=4023.16..4025.73 rows=1026 width=121)
	  Sort Key: c
	  ->  Bitmap Heap Scan on sbtest2  (cost=30.95..3971.85 rows=1026 width=121)
	        Recheck Cond: ((id >= 4830129) AND (id <= 4831128))
	        ->  Bitmap Index Scan on sbtest2_pkey  (cost=0.00..30.69 rows=1026 width=0)
	              Index Cond: ((id >= 4830129) AND (id <= 4831128))

table 3 : explain SELECT c FROM sbtest3 WHERE id BETWEEN 6853901 AND 6854900 ORDER BY c
	Sort  (cost=4563.64..4566.56 rows=1168 width=121)
	  Sort Key: c
	  ->  Bitmap Heap Scan on sbtest3  (cost=36.41..4504.13 rows=1168 width=121)
	        Recheck Cond: ((id >= 6853901) AND (id <= 6854900))
	        ->  Bitmap Index Scan on sbtest3_pkey  (cost=0.00..36.12 rows=1168 width=0)
	              Index Cond: ((id >= 6853901) AND (id <= 6854900))

table 4 : explain SELECT c FROM sbtest4 WHERE id BETWEEN 4635168 AND 4636167 ORDER BY c
	Sort  (cost=3954.19..3956.71 rows=1008 width=121)
	  Sort Key: c
	  ->  Bitmap Heap Scan on sbtest4  (cost=30.77..3903.91 rows=1008 width=121)
	        Recheck Cond: ((id >= 4635168) AND (id <= 4636167))
	        ->  Bitmap Index Scan on sbtest4_pkey  (cost=0.00..30.51 rows=1008 width=0)
	              Index Cond: ((id >= 4635168) AND (id <= 4636167))

table 5 : explain SELECT c FROM sbtest5 WHERE id BETWEEN 7834876 AND 7835875 ORDER BY c
	Sort  (cost=3988.96..3991.50 rows=1017 width=121)
	  Sort Key: c
	  ->  Bitmap Heap Scan on sbtest5  (cost=30.86..3938.16 rows=1017 width=121)
	        Recheck Cond: ((id >= 7834876) AND (id <= 7835875))
	        ->  Bitmap Index Scan on sbtest5_pkey  (cost=0.00..30.61 rows=1017 width=0)
	              Index Cond: ((id >= 7834876) AND (id <= 7835875))

table 6 : explain SELECT c FROM sbtest6 WHERE id BETWEEN 7665091 AND 7666090 ORDER BY c
	Sort  (cost=4030.52..4033.09 rows=1028 width=121)
	  Sort Key: c
	  ->  Bitmap Heap Scan on sbtest6  (cost=30.97..3979.09 rows=1028 width=121)
	        Recheck Cond: ((id >= 7665091) AND (id <= 7666090))
	        ->  Bitmap Index Scan on sbtest6_pkey  (cost=0.00..30.71 rows=1028 width=0)
	              Index Cond: ((id >= 7665091) AND (id <= 7666090))

table 7 : explain SELECT c FROM sbtest7 WHERE id BETWEEN 3620878 AND 3621877 ORDER BY c
	Sort  (cost=3844.87..3847.32 rows=980 width=121)
	  Sort Key: c
	  ->  Bitmap Heap Scan on sbtest7  (cost=30.48..3796.18 rows=980 width=121)
	        Recheck Cond: ((id >= 3620878) AND (id <= 3621877))
	        ->  Bitmap Index Scan on sbtest7_pkey  (cost=0.00..30.23 rows=980 width=0)
	              Index Cond: ((id >= 3620878) AND (id <= 3621877))

table 8 : explain SELECT c FROM sbtest8 WHERE id BETWEEN 1948058 AND 1949057 ORDER BY c
	Sort  (cost=3877.89..3880.36 rows=988 width=121)
	  Sort Key: c
	  ->  Bitmap Heap Scan on sbtest8  (cost=30.56..3828.74 rows=988 width=121)
	        Recheck Cond: ((id >= 1948058) AND (id <= 1949057))
	        ->  Bitmap Index Scan on sbtest8_pkey  (cost=0.00..30.32 rows=988 width=0)
	              Index Cond: ((id >= 1948058) AND (id <= 1949057))

for: simple_ranges
table 1 : explain SELECT c FROM sbtest1 WHERE id BETWEEN 2973277 AND 2974276
	Bitmap Heap Scan on sbtest1  (cost=30.54..3822.44 rows=986 width=121)
	  Recheck Cond: ((id >= 2973277) AND (id <= 2974276))
	  ->  Bitmap Index Scan on sbtest1_pkey  (cost=0.00..30.29 rows=986 width=0)
	        Index Cond: ((id >= 2973277) AND (id <= 2974276))

table 2 : explain SELECT c FROM sbtest2 WHERE id BETWEEN 4963738 AND 4964737
	Bitmap Heap Scan on sbtest2  (cost=30.87..3941.68 rows=1018 width=121)
	  Recheck Cond: ((id >= 4963738) AND (id <= 4964737))
	  ->  Bitmap Index Scan on sbtest2_pkey  (cost=0.00..30.61 rows=1018 width=0)
	        Index Cond: ((id >= 4963738) AND (id <= 4964737))

table 3 : explain SELECT c FROM sbtest3 WHERE id BETWEEN 9102616 AND 9103615
	Bitmap Heap Scan on sbtest3  (cost=31.13..4034.15 rows=1043 width=121)
	  Recheck Cond: ((id >= 9102616) AND (id <= 9103615))
	  ->  Bitmap Index Scan on sbtest3_pkey  (cost=0.00..30.86 rows=1043 width=0)
	        Index Cond: ((id >= 9102616) AND (id <= 9103615))

table 4 : explain SELECT c FROM sbtest4 WHERE id BETWEEN 5980551 AND 5981550
	Bitmap Heap Scan on sbtest4  (cost=35.45..4160.36 rows=1075 width=121)
	  Recheck Cond: ((id >= 5980551) AND (id <= 5981550))
	  ->  Bitmap Index Scan on sbtest4_pkey  (cost=0.00..35.19 rows=1075 width=0)
	        Index Cond: ((id >= 5980551) AND (id <= 5981550))

table 5 : explain SELECT c FROM sbtest5 WHERE id BETWEEN 4173315 AND 4174314
	Bitmap Heap Scan on sbtest5  (cost=30.38..3760.76 rows=970 width=121)
	  Recheck Cond: ((id >= 4173315) AND (id <= 4174314))
	  ->  Bitmap Index Scan on sbtest5_pkey  (cost=0.00..30.14 rows=970 width=0)
	        Index Cond: ((id >= 4173315) AND (id <= 4174314))

table 6 : explain SELECT c FROM sbtest6 WHERE id BETWEEN 1110859 AND 1111858
	Bitmap Heap Scan on sbtest6  (cost=30.73..3888.60 rows=1004 width=121)
	  Recheck Cond: ((id >= 1110859) AND (id <= 1111858))
	  ->  Bitmap Index Scan on sbtest6_pkey  (cost=0.00..30.47 rows=1004 width=0)
	        Index Cond: ((id >= 1110859) AND (id <= 1111858))

table 7 : explain SELECT c FROM sbtest7 WHERE id BETWEEN 2449485 AND 2450484
	Bitmap Heap Scan on sbtest7  (cost=30.15..3675.40 rows=948 width=121)
	  Recheck Cond: ((id >= 2449485) AND (id <= 2450484))
	  ->  Bitmap Index Scan on sbtest7_pkey  (cost=0.00..29.91 rows=948 width=0)
	        Index Cond: ((id >= 2449485) AND (id <= 2450484))

table 8 : explain SELECT c FROM sbtest8 WHERE id BETWEEN 8635784 AND 8636783
	Bitmap Heap Scan on sbtest8  (cost=30.90..3953.25 rows=1021 width=121)
	  Recheck Cond: ((id >= 8635784) AND (id <= 8636783))
	  ->  Bitmap Index Scan on sbtest8_pkey  (cost=0.00..30.64 rows=1021 width=0)
	        Index Cond: ((id >= 8635784) AND (id <= 8636783))

for point_selects
table 1 : explain SELECT c FROM sbtest1 WHERE id=211355
	Index Scan using sbtest1_pkey on sbtest1  (cost=0.43..8.45 rows=1 width=121)
	  Index Cond: (id = 211355)

table 2 : explain SELECT c FROM sbtest2 WHERE id=8812342
	Index Scan using sbtest2_pkey on sbtest2  (cost=0.43..8.45 rows=1 width=121)
	  Index Cond: (id = 8812342)

table 3 : explain SELECT c FROM sbtest3 WHERE id=8190266
	Index Scan using sbtest3_pkey on sbtest3  (cost=0.43..8.45 rows=1 width=121)
	  Index Cond: (id = 8190266)

table 4 : explain SELECT c FROM sbtest4 WHERE id=1798531
	Index Scan using sbtest4_pkey on sbtest4  (cost=0.43..8.45 rows=1 width=121)
	  Index Cond: (id = 1798531)

table 5 : explain SELECT c FROM sbtest5 WHERE id=5563565
	Index Scan using sbtest5_pkey on sbtest5  (cost=0.43..8.45 rows=1 width=121)
	  Index Cond: (id = 5563565)

table 6 : explain SELECT c FROM sbtest6 WHERE id=5241338
	Index Scan using sbtest6_pkey on sbtest6  (cost=0.43..8.45 rows=1 width=121)
	  Index Cond: (id = 5241338)

table 7 : explain SELECT c FROM sbtest7 WHERE id=3937743
	Index Scan using sbtest7_pkey on sbtest7  (cost=0.43..8.45 rows=1 width=121)
	  Index Cond: (id = 3937743)

table 8 : explain SELECT c FROM sbtest8 WHERE id=6121654
	Index Scan using sbtest8_pkey on sbtest8  (cost=0.43..8.45 rows=1 width=121)
	  Index Cond: (id = 6121654)

for: sum_ranges
table 1 : explain SELECT SUM(k) FROM sbtest1 WHERE id BETWEEN 24578 AND 25577
	Aggregate  (cost=3628.19..3628.20 rows=1 width=8)
	  ->  Bitmap Heap Scan on sbtest1  (cost=30.01..3625.86 rows=934 width=4)
	        Recheck Cond: ((id >= 24578) AND (id <= 25577))
	        ->  Bitmap Index Scan on sbtest1_pkey  (cost=0.00..29.77 rows=934 width=0)
	              Index Cond: ((id >= 24578) AND (id <= 25577))

table 2 : explain SELECT SUM(k) FROM sbtest2 WHERE id BETWEEN 1220799 AND 1221798
	Aggregate  (cost=4027.21..4027.22 rows=1 width=8)
	  ->  Bitmap Heap Scan on sbtest2  (cost=31.09..4024.61 rows=1040 width=4)
	        Recheck Cond: ((id >= 1220799) AND (id <= 1221798))
	        ->  Bitmap Index Scan on sbtest2_pkey  (cost=0.00..30.83 rows=1040 width=0)
	              Index Cond: ((id >= 1220799) AND (id <= 1221798))

table 3 : explain SELECT SUM(k) FROM sbtest3 WHERE id BETWEEN 7509594 AND 7510593
	Aggregate  (cost=4025.46..4025.47 rows=1 width=8)
	  ->  Bitmap Heap Scan on sbtest3  (cost=31.09..4022.86 rows=1040 width=4)
	        Recheck Cond: ((id >= 7509594) AND (id <= 7510593))
	        ->  Bitmap Index Scan on sbtest3_pkey  (cost=0.00..30.83 rows=1040 width=0)
	              Index Cond: ((id >= 7509594) AND (id <= 7510593))

table 4 : explain SELECT SUM(k) FROM sbtest4 WHERE id BETWEEN 9727696 AND 9728695
	Aggregate  (cost=3830.91..3830.92 rows=1 width=8)
	  ->  Bitmap Heap Scan on sbtest4  (cost=30.56..3828.44 rows=988 width=4)
	        Recheck Cond: ((id >= 9727696) AND (id <= 9728695))
	        ->  Bitmap Index Scan on sbtest4_pkey  (cost=0.00..30.32 rows=988 width=0)
	              Index Cond: ((id >= 9727696) AND (id <= 9728695))

table 5 : explain SELECT SUM(k) FROM sbtest5 WHERE id BETWEEN 9067171 AND 9068170
	Aggregate  (cost=3944.48..3944.49 rows=1 width=8)
	  ->  Bitmap Heap Scan on sbtest5  (cost=30.87..3941.93 rows=1018 width=4)
	        Recheck Cond: ((id >= 9067171) AND (id <= 9068170))
	        ->  Bitmap Index Scan on sbtest5_pkey  (cost=0.00..30.61 rows=1018 width=0)
	              Index Cond: ((id >= 9067171) AND (id <= 9068170))

table 6 : explain SELECT SUM(k) FROM sbtest6 WHERE id BETWEEN 1331157 AND 1332156
	Aggregate  (cost=4302.05..4302.06 rows=1 width=8)
	  ->  Bitmap Heap Scan on sbtest6  (cost=35.83..4299.27 rows=1112 width=4)
	        Recheck Cond: ((id >= 1331157) AND (id <= 1332156))
	        ->  Bitmap Index Scan on sbtest6_pkey  (cost=0.00..35.56 rows=1112 width=0)
	              Index Cond: ((id >= 1331157) AND (id <= 1332156))

table 7 : explain SELECT SUM(k) FROM sbtest7 WHERE id BETWEEN 4809047 AND 4810046
	Aggregate  (cost=3862.79..3862.80 rows=1 width=8)
	  ->  Bitmap Heap Scan on sbtest7  (cost=30.65..3860.30 rows=997 width=4)
	        Recheck Cond: ((id >= 4809047) AND (id <= 4810046))
	        ->  Bitmap Index Scan on sbtest7_pkey  (cost=0.00..30.40 rows=997 width=0)
	              Index Cond: ((id >= 4809047) AND (id <= 4810046))

table 8 : explain SELECT SUM(k) FROM sbtest8 WHERE id BETWEEN 7734468 AND 7735467
	Aggregate  (cost=3967.12..3967.13 rows=1 width=8)
	  ->  Bitmap Heap Scan on sbtest8  (cost=30.93..3964.56 rows=1024 width=4)
	        Recheck Cond: ((id >= 7734468) AND (id <= 7735467))
	        ->  Bitmap Index Scan on sbtest8_pkey  (cost=0.00..30.68 rows=1024 width=0)
	              Index Cond: ((id >= 7734468) AND (id <= 7735467))

for: sum_ranges
table 1 : explain SELECT SUM(k) FROM sbtest1 WHERE id BETWEEN 6562792 AND 6563791
	Aggregate  (cost=3450.09..3450.10 rows=1 width=8)
	  ->  Bitmap Heap Scan on sbtest1  (cost=29.53..3447.87 rows=887 width=4)
	        Recheck Cond: ((id >= 6562792) AND (id <= 6563791))
	        ->  Bitmap Index Scan on sbtest1_pkey  (cost=0.00..29.30 rows=887 width=0)
	              Index Cond: ((id >= 6562792) AND (id <= 6563791))

table 2 : explain SELECT SUM(k) FROM sbtest2 WHERE id BETWEEN 2417804 AND 2418803
	Aggregate  (cost=4117.90..4117.91 rows=1 width=8)
	  ->  Bitmap Heap Scan on sbtest2  (cost=35.33..4115.25 rows=1063 width=4)
	        Recheck Cond: ((id >= 2417804) AND (id <= 2418803))
	        ->  Bitmap Index Scan on sbtest2_pkey  (cost=0.00..35.07 rows=1063 width=0)
	              Index Cond: ((id >= 2417804) AND (id <= 2418803))

table 3 : explain SELECT SUM(k) FROM sbtest3 WHERE id BETWEEN 6794875 AND 6795874
	Aggregate  (cost=3874.63..3874.64 rows=1 width=8)
	  ->  Bitmap Heap Scan on sbtest3  (cost=30.68..3872.13 rows=1000 width=4)
	        Recheck Cond: ((id >= 6794875) AND (id <= 6795874))
	        ->  Bitmap Index Scan on sbtest3_pkey  (cost=0.00..30.43 rows=1000 width=0)
	              Index Cond: ((id >= 6794875) AND (id <= 6795874))

table 4 : explain SELECT SUM(k) FROM sbtest4 WHERE id BETWEEN 2403582 AND 2404581
	Aggregate  (cost=3388.11..3388.12 rows=1 width=8)
	  ->  Bitmap Heap Scan on sbtest4  (cost=29.36..3385.93 rows=871 width=4)
	        Recheck Cond: ((id >= 2403582) AND (id <= 2404581))
	        ->  Bitmap Index Scan on sbtest4_pkey  (cost=0.00..29.14 rows=871 width=0)
	              Index Cond: ((id >= 2403582) AND (id <= 2404581))

table 5 : explain SELECT SUM(k) FROM sbtest5 WHERE id BETWEEN 1120952 AND 1121951
	Aggregate  (cost=4182.21..4182.22 rows=1 width=8)
	  ->  Bitmap Heap Scan on sbtest5  (cost=35.51..4179.51 rows=1080 width=4)
	        Recheck Cond: ((id >= 1120952) AND (id <= 1121951))
	        ->  Bitmap Index Scan on sbtest5_pkey  (cost=0.00..35.23 rows=1080 width=0)
	              Index Cond: ((id >= 1120952) AND (id <= 1121951))

table 6 : explain SELECT SUM(k) FROM sbtest6 WHERE id BETWEEN 6219490 AND 6220489
	Aggregate  (cost=3762.69..3762.70 rows=1 width=8)
	  ->  Bitmap Heap Scan on sbtest6  (cost=30.38..3760.27 rows=970 width=4)
	        Recheck Cond: ((id >= 6219490) AND (id <= 6220489))
	        ->  Bitmap Index Scan on sbtest6_pkey  (cost=0.00..30.14 rows=970 width=0)
	              Index Cond: ((id >= 6219490) AND (id <= 6220489))

table 7 : explain SELECT SUM(k) FROM sbtest7 WHERE id BETWEEN 2508306 AND 2509305
	Aggregate  (cost=3677.77..3677.78 rows=1 width=8)
	  ->  Bitmap Heap Scan on sbtest7  (cost=30.15..3675.40 rows=948 width=4)
	        Recheck Cond: ((id >= 2508306) AND (id <= 2509305))
	        ->  Bitmap Index Scan on sbtest7_pkey  (cost=0.00..29.91 rows=948 width=0)
	              Index Cond: ((id >= 2508306) AND (id <= 2509305))

table 8 : explain SELECT SUM(k) FROM sbtest8 WHERE id BETWEEN 1646162 AND 1647161
	Aggregate  (cost=3785.87..3785.88 rows=1 width=8)
	  ->  Bitmap Heap Scan on sbtest8  (cost=30.44..3783.43 rows=976 width=4)
	        Recheck Cond: ((id >= 1646162) AND (id <= 1647161))
	        ->  Bitmap Index Scan on sbtest8_pkey  (cost=0.00..30.19 rows=976 width=0)
	              Index Cond: ((id >= 1646162) AND (id <= 1647161))

explain: for point_selects :: explain SELECT c FROM sbtest%u WHERE id=%u
for point_selects
table 1 : explain SELECT c FROM sbtest1 WHERE id=5505690
	Index Scan using sbtest1_pkey on sbtest1  (cost=0.43..8.45 rows=1 width=121)
	  Index Cond: (id = 5505690)

table 2 : explain SELECT c FROM sbtest2 WHERE id=6056491
	Index Scan using sbtest2_pkey on sbtest2  (cost=0.43..8.45 rows=1 width=121)
	  Index Cond: (id = 6056491)

table 3 : explain SELECT c FROM sbtest3 WHERE id=1418386
	Index Scan using sbtest3_pkey on sbtest3  (cost=0.43..8.45 rows=1 width=121)
	  Index Cond: (id = 1418386)

table 4 : explain SELECT c FROM sbtest4 WHERE id=3132265
	Index Scan using sbtest4_pkey on sbtest4  (cost=0.43..8.45 rows=1 width=121)
	  Index Cond: (id = 3132265)

table 5 : explain SELECT c FROM sbtest5 WHERE id=1324961
	Index Scan using sbtest5_pkey on sbtest5  (cost=0.43..8.45 rows=1 width=121)
	  Index Cond: (id = 1324961)

table 6 : explain SELECT c FROM sbtest6 WHERE id=1862040
	Index Scan using sbtest6_pkey on sbtest6  (cost=0.43..8.45 rows=1 width=121)
	  Index Cond: (id = 1862040)

table 7 : explain SELECT c FROM sbtest7 WHERE id=7252544
	Index Scan using sbtest7_pkey on sbtest7  (cost=0.43..8.45 rows=1 width=121)
	  Index Cond: (id = 7252544)

table 8 : explain SELECT c FROM sbtest8 WHERE id=4948294
	Index Scan using sbtest8_pkey on sbtest8  (cost=0.43..8.45 rows=1 width=121)
	  Index Cond: (id = 4948294)

for: simple_ranges
table 1 : explain SELECT c FROM sbtest1 WHERE id BETWEEN 3850246 AND 3851245
	Bitmap Heap Scan on sbtest1  (cost=30.41..3773.33 rows=973 width=121)
	  Recheck Cond: ((id >= 3850246) AND (id <= 3851245))
	  ->  Bitmap Index Scan on sbtest1_pkey  (cost=0.00..30.16 rows=973 width=0)
	        Index Cond: ((id >= 3850246) AND (id <= 3851245))

table 2 : explain SELECT c FROM sbtest2 WHERE id BETWEEN 7473041 AND 7474040
	Bitmap Heap Scan on sbtest2  (cost=30.64..3858.69 rows=996 width=121)
	  Recheck Cond: ((id >= 7473041) AND (id <= 7474040))
	  ->  Bitmap Index Scan on sbtest2_pkey  (cost=0.00..30.39 rows=996 width=0)
	        Index Cond: ((id >= 7473041) AND (id <= 7474040))

table 3 : explain SELECT c FROM sbtest3 WHERE id BETWEEN 4188369 AND 4189368
	Bitmap Heap Scan on sbtest3  (cost=31.34..4113.20 rows=1064 width=121)
	  Recheck Cond: ((id >= 4188369) AND (id <= 4189368))
	  ->  Bitmap Index Scan on sbtest3_pkey  (cost=0.00..31.07 rows=1064 width=0)
	        Index Cond: ((id >= 4188369) AND (id <= 4189368))

table 4 : explain SELECT c FROM sbtest4 WHERE id BETWEEN 2721637 AND 2722636
	Bitmap Heap Scan on sbtest4  (cost=30.59..3839.77 rows=991 width=121)
	  Recheck Cond: ((id >= 2721637) AND (id <= 2722636))
	  ->  Bitmap Index Scan on sbtest4_pkey  (cost=0.00..30.34 rows=991 width=0)
	        Index Cond: ((id >= 2721637) AND (id <= 2722636))

table 5 : explain SELECT c FROM sbtest5 WHERE id BETWEEN 6392568 AND 6393567
	Bitmap Heap Scan on sbtest5  (cost=30.66..3866.48 rows=998 width=121)
	  Recheck Cond: ((id >= 6392568) AND (id <= 6393567))
	  ->  Bitmap Index Scan on sbtest5_pkey  (cost=0.00..30.41 rows=998 width=0)
	        Index Cond: ((id >= 6392568) AND (id <= 6393567))

table 6 : explain SELECT c FROM sbtest6 WHERE id BETWEEN 5577912 AND 5578911
	Bitmap Heap Scan on sbtest6  (cost=31.09..4024.31 rows=1040 width=121)
	  Recheck Cond: ((id >= 5577912) AND (id <= 5578911))
	  ->  Bitmap Index Scan on sbtest6_pkey  (cost=0.00..30.83 rows=1040 width=0)
	        Index Cond: ((id >= 5577912) AND (id <= 5578911))

table 7 : explain SELECT c FROM sbtest7 WHERE id BETWEEN 127264 AND 128263
	Bitmap Heap Scan on sbtest7  (cost=30.54..3818.82 rows=986 width=121)
	  Recheck Cond: ((id >= 127264) AND (id <= 128263))
	  ->  Bitmap Index Scan on sbtest7_pkey  (cost=0.00..30.29 rows=986 width=0)
	        Index Cond: ((id >= 127264) AND (id <= 128263))

table 8 : explain SELECT c FROM sbtest8 WHERE id BETWEEN 4232523 AND 4233522
	Bitmap Heap Scan on sbtest8  (cost=36.07..4382.60 rows=1135 width=121)
	  Recheck Cond: ((id >= 4232523) AND (id <= 4233522))
	  ->  Bitmap Index Scan on sbtest8_pkey  (cost=0.00..35.79 rows=1135 width=0)
	        Index Cond: ((id >= 4232523) AND (id <= 4233522))

for: simple_ranges
table 1 : explain SELECT c FROM sbtest1 WHERE id BETWEEN 274700 AND 275699
	Bitmap Heap Scan on sbtest1  (cost=30.22..3705.29 rows=955 width=121)
	  Recheck Cond: ((id >= 274700) AND (id <= 275699))
	  ->  Bitmap Index Scan on sbtest1_pkey  (cost=0.00..29.98 rows=955 width=0)
	        Index Cond: ((id >= 274700) AND (id <= 275699))

table 2 : explain SELECT c FROM sbtest2 WHERE id BETWEEN 4167399 AND 4168398
	Bitmap Heap Scan on sbtest2  (cost=29.97..3609.35 rows=930 width=121)
	  Recheck Cond: ((id >= 4167399) AND (id <= 4168398))
	  ->  Bitmap Index Scan on sbtest2_pkey  (cost=0.00..29.73 rows=930 width=0)
	        Index Cond: ((id >= 4167399) AND (id <= 4168398))

table 3 : explain SELECT c FROM sbtest3 WHERE id BETWEEN 8551395 AND 8552394
	Bitmap Heap Scan on sbtest3  (cost=31.47..4162.10 rows=1077 width=121)
	  Recheck Cond: ((id >= 8551395) AND (id <= 8552394))
	  ->  Bitmap Index Scan on sbtest3_pkey  (cost=0.00..31.20 rows=1077 width=0)
	        Index Cond: ((id >= 8551395) AND (id <= 8552394))

table 4 : explain SELECT c FROM sbtest4 WHERE id BETWEEN 1493311 AND 1494310
	Bitmap Heap Scan on sbtest4  (cost=30.77..3903.91 rows=1008 width=121)
	  Recheck Cond: ((id >= 1493311) AND (id <= 1494310))
	  ->  Bitmap Index Scan on sbtest4_pkey  (cost=0.00..30.51 rows=1008 width=0)
	        Index Cond: ((id >= 1493311) AND (id <= 1494310))

table 5 : explain SELECT c FROM sbtest5 WHERE id BETWEEN 7809302 AND 7810301
	Bitmap Heap Scan on sbtest5  (cost=30.86..3938.16 rows=1017 width=121)
	  Recheck Cond: ((id >= 7809302) AND (id <= 7810301))
	  ->  Bitmap Index Scan on sbtest5_pkey  (cost=0.00..30.61 rows=1017 width=0)
	        Index Cond: ((id >= 7809302) AND (id <= 7810301))

table 6 : explain SELECT c FROM sbtest6 WHERE id BETWEEN 6645492 AND 6646491
	Bitmap Heap Scan on sbtest6  (cost=30.96..3975.32 rows=1027 width=121)
	  Recheck Cond: ((id >= 6645492) AND (id <= 6646491))
	  ->  Bitmap Index Scan on sbtest6_pkey  (cost=0.00..30.70 rows=1027 width=0)
	        Index Cond: ((id >= 6645492) AND (id <= 6646491))

table 7 : explain SELECT c FROM sbtest7 WHERE id BETWEEN 538156 AND 539155
	Bitmap Heap Scan on sbtest7  (cost=30.74..3890.46 rows=1005 width=121)
	  Recheck Cond: ((id >= 538156) AND (id <= 539155))
	  ->  Bitmap Index Scan on sbtest7_pkey  (cost=0.00..30.48 rows=1005 width=0)
	        Index Cond: ((id >= 538156) AND (id <= 539155))

table 8 : explain SELECT c FROM sbtest8 WHERE id BETWEEN 5389804 AND 5390803
	Bitmap Heap Scan on sbtest8  (cost=30.34..3745.66 rows=966 width=121)
	  Recheck Cond: ((id >= 5389804) AND (id <= 5390803))
	  ->  Bitmap Index Scan on sbtest8_pkey  (cost=0.00..30.09 rows=966 width=0)
	        Index Cond: ((id >= 5389804) AND (id <= 5390803))

explain: for point_selects :: explain SELECT c FROM sbtest%u WHERE id=%u
explain: for point_selects :: explain SELECT c FROM sbtest%u WHERE id=%u
for: distinct_ranges
table 1 : explain SELECT DISTINCT c FROM sbtest1 WHERE id BETWEEN 8647475 AND 8648474 ORDER BY c
	Unique  (cost=3798.60..3803.44 rows=967 width=121)
	  ->  Sort  (cost=3798.60..3801.02 rows=967 width=121)
	        Sort Key: c
	        ->  Bitmap Heap Scan on sbtest1  (cost=30.35..3750.65 rows=967 width=121)
	              Recheck Cond: ((id >= 8647475) AND (id <= 8648474))
	              ->  Bitmap Index Scan on sbtest1_pkey  (cost=0.00..30.11 rows=967 width=0)
	                    Index Cond: ((id >= 8647475) AND (id <= 8648474))

table 2 : explain SELECT DISTINCT c FROM sbtest2 WHERE id BETWEEN 7858045 AND 7859044 ORDER BY c
	Unique  (cost=3659.05..3663.70 rows=931 width=121)
	  ->  Sort  (cost=3659.05..3661.37 rows=931 width=121)
	        Sort Key: c
	        ->  Bitmap Heap Scan on sbtest2  (cost=29.98..3613.13 rows=931 width=121)
	              Recheck Cond: ((id >= 7858045) AND (id <= 7859044))
	              ->  Bitmap Index Scan on sbtest2_pkey  (cost=0.00..29.75 rows=931 width=0)
	                    Index Cond: ((id >= 7858045) AND (id <= 7859044))

table 3 : explain SELECT DISTINCT c FROM sbtest3 WHERE id BETWEEN 8242565 AND 8243564 ORDER BY c
	Unique  (cost=3830.06..3834.94 rows=976 width=121)
	  ->  Sort  (cost=3830.06..3832.50 rows=976 width=121)
	        Sort Key: c
	        ->  Bitmap Heap Scan on sbtest3  (cost=30.44..3781.60 rows=976 width=121)
	              Recheck Cond: ((id >= 8242565) AND (id <= 8243564))
	              ->  Bitmap Index Scan on sbtest3_pkey  (cost=0.00..30.19 rows=976 width=0)
	                    Index Cond: ((id >= 8242565) AND (id <= 8243564))

table 4 : explain SELECT DISTINCT c FROM sbtest4 WHERE id BETWEEN 1562214 AND 1563213 ORDER BY c
	Unique  (cost=3988.65..3993.74 rows=1017 width=121)
	  ->  Sort  (cost=3988.65..3991.19 rows=1017 width=121)
	        Sort Key: c
	        ->  Bitmap Heap Scan on sbtest4  (cost=30.86..3937.85 rows=1017 width=121)
	              Recheck Cond: ((id >= 1562214) AND (id <= 1563213))
	              ->  Bitmap Index Scan on sbtest4_pkey  (cost=0.00..30.61 rows=1017 width=0)
	                    Index Cond: ((id >= 1562214) AND (id <= 1563213))

table 5 : explain SELECT DISTINCT c FROM sbtest5 WHERE id BETWEEN 8935819 AND 8936818 ORDER BY c
	Unique  (cost=3866.38..3871.31 rows=985 width=121)
	  ->  Sort  (cost=3866.38..3868.85 rows=985 width=121)
	        Sort Key: c
	        ->  Bitmap Heap Scan on sbtest5  (cost=30.53..3817.41 rows=985 width=121)
	              Recheck Cond: ((id >= 8935819) AND (id <= 8936818))
	              ->  Bitmap Index Scan on sbtest5_pkey  (cost=0.00..30.29 rows=985 width=0)
	                    Index Cond: ((id >= 8935819) AND (id <= 8936818))

table 6 : explain SELECT DISTINCT c FROM sbtest6 WHERE id BETWEEN 4552070 AND 4553069 ORDER BY c
	Unique  (cost=3731.70..3736.45 rows=950 width=121)
	  ->  Sort  (cost=3731.70..3734.07 rows=950 width=121)
	        Sort Key: c
	        ->  Bitmap Heap Scan on sbtest6  (cost=30.17..3684.71 rows=950 width=121)
	              Recheck Cond: ((id >= 4552070) AND (id <= 4553069))
	              ->  Bitmap Index Scan on sbtest6_pkey  (cost=0.00..29.93 rows=950 width=0)
	                    Index Cond: ((id >= 4552070) AND (id <= 4553069))

table 7 : explain SELECT DISTINCT c FROM sbtest7 WHERE id BETWEEN 7739710 AND 7740709 ORDER BY c
	Unique  (cost=4422.02..4427.68 rows=1131 width=121)
	  ->  Sort  (cost=4422.02..4424.85 rows=1131 width=121)
	        Sort Key: c
	        ->  Bitmap Heap Scan on sbtest7  (cost=36.03..4364.66 rows=1131 width=121)
	              Recheck Cond: ((id >= 7739710) AND (id <= 7740709))
	              ->  Bitmap Index Scan on sbtest7_pkey  (cost=0.00..35.75 rows=1131 width=0)
	                    Index Cond: ((id >= 7739710) AND (id <= 7740709))

table 8 : explain SELECT DISTINCT c FROM sbtest8 WHERE id BETWEEN 8793215 AND 8794214 ORDER BY c
	Unique  (cost=4130.71..4135.98 rows=1053 width=121)
	  ->  Sort  (cost=4130.71..4133.35 rows=1053 width=121)
	        Sort Key: c
	        ->  Bitmap Heap Scan on sbtest8  (cost=35.23..4077.85 rows=1053 width=121)
	              Recheck Cond: ((id >= 8793215) AND (id <= 8794214))
	              ->  Bitmap Index Scan on sbtest8_pkey  (cost=0.00..34.97 rows=1053 width=0)
	                    Index Cond: ((id >= 8793215) AND (id <= 8794214))

for: order_ranges
table 1 : explain SELECT c FROM sbtest1 WHERE id BETWEEN 6378123 AND 6379122 ORDER BY c
	Sort  (cost=3694.98..3697.33 rows=940 width=121)
	  Sort Key: c
	  ->  Bitmap Heap Scan on sbtest1  (cost=30.07..3648.56 rows=940 width=121)
	        Recheck Cond: ((id >= 6378123) AND (id <= 6379122))
	        ->  Bitmap Index Scan on sbtest1_pkey  (cost=0.00..29.83 rows=940 width=0)
	              Index Cond: ((id >= 6378123) AND (id <= 6379122))

table 2 : explain SELECT c FROM sbtest2 WHERE id BETWEEN 2077451 AND 2078450 ORDER BY c
	Sort  (cost=3685.91..3688.26 rows=938 width=121)
	  Sort Key: c
	  ->  Bitmap Heap Scan on sbtest2  (cost=30.05..3639.61 rows=938 width=121)
	        Recheck Cond: ((id >= 2077451) AND (id <= 2078450))
	        ->  Bitmap Index Scan on sbtest2_pkey  (cost=0.00..29.82 rows=938 width=0)
	              Index Cond: ((id >= 2077451) AND (id <= 2078450))

table 3 : explain SELECT c FROM sbtest3 WHERE id BETWEEN 774370 AND 775369 ORDER BY c
	Sort  (cost=3864.53..3867.00 rows=985 width=121)
	  Sort Key: c
	  ->  Bitmap Heap Scan on sbtest3  (cost=30.53..3815.56 rows=985 width=121)
	        Recheck Cond: ((id >= 774370) AND (id <= 775369))
	        ->  Bitmap Index Scan on sbtest3_pkey  (cost=0.00..30.29 rows=985 width=0)
	              Index Cond: ((id >= 774370) AND (id <= 775369))

table 4 : explain SELECT c FROM sbtest4 WHERE id BETWEEN 2045207 AND 2046206 ORDER BY c
	Sort  (cost=3958.02..3960.55 rows=1009 width=121)
	  Sort Key: c
	  ->  Bitmap Heap Scan on sbtest4  (cost=30.78..3907.68 rows=1009 width=121)
	        Recheck Cond: ((id >= 2045207) AND (id <= 2046206))
	        ->  Bitmap Index Scan on sbtest4_pkey  (cost=0.00..30.52 rows=1009 width=0)
	              Index Cond: ((id >= 2045207) AND (id <= 2046206))

table 5 : explain SELECT c FROM sbtest5 WHERE id BETWEEN 1409917 AND 1410916 ORDER BY c
	Sort  (cost=4138.18..4140.82 rows=1056 width=121)
	  Sort Key: c
	  ->  Bitmap Heap Scan on sbtest5  (cost=31.26..4085.15 rows=1056 width=121)
	        Recheck Cond: ((id >= 1409917) AND (id <= 1410916))
	        ->  Bitmap Index Scan on sbtest5_pkey  (cost=0.00..31.00 rows=1056 width=0)
	              Index Cond: ((id >= 1409917) AND (id <= 1410916))

table 6 : explain SELECT c FROM sbtest6 WHERE id BETWEEN 693820 AND 694819 ORDER BY c
	Sort  (cost=4305.91..4308.65 rows=1099 width=121)
	  Sort Key: c
	  ->  Bitmap Heap Scan on sbtest6  (cost=35.70..4250.40 rows=1099 width=121)
	        Recheck Cond: ((id >= 693820) AND (id <= 694819))
	        ->  Bitmap Index Scan on sbtest6_pkey  (cost=0.00..35.43 rows=1099 width=0)
	              Index Cond: ((id >= 693820) AND (id <= 694819))

table 7 : explain SELECT c FROM sbtest7 WHERE id BETWEEN 7951147 AND 7952146 ORDER BY c
	Sort  (cost=3971.18..3973.71 rows=1013 width=121)
	  Sort Key: c
	  ->  Bitmap Heap Scan on sbtest7  (cost=30.82..3920.61 rows=1013 width=121)
	        Recheck Cond: ((id >= 7951147) AND (id <= 7952146))
	        ->  Bitmap Index Scan on sbtest7_pkey  (cost=0.00..30.57 rows=1013 width=0)
	              Index Cond: ((id >= 7951147) AND (id <= 7952146))

table 8 : explain SELECT c FROM sbtest8 WHERE id BETWEEN 9733175 AND 9734174 ORDER BY c
	Sort  (cost=3766.71..3769.10 rows=959 width=121)
	  Sort Key: c
	  ->  Bitmap Heap Scan on sbtest8  (cost=30.26..3719.21 rows=959 width=121)
	        Recheck Cond: ((id >= 9733175) AND (id <= 9734174))
	        ->  Bitmap Index Scan on sbtest8_pkey  (cost=0.00..30.02 rows=959 width=0)
	              Index Cond: ((id >= 9733175) AND (id <= 9734174))

for: simple_ranges
table 1 : explain SELECT c FROM sbtest1 WHERE id BETWEEN 2189201 AND 2190200
	Bitmap Heap Scan on sbtest1  (cost=30.18..3690.16 rows=951 width=121)
	  Recheck Cond: ((id >= 2189201) AND (id <= 2190200))
	  ->  Bitmap Index Scan on sbtest1_pkey  (cost=0.00..29.94 rows=951 width=0)
	        Index Cond: ((id >= 2189201) AND (id <= 2190200))

table 2 : explain SELECT c FROM sbtest2 WHERE id BETWEEN 3249855 AND 3250854
	Bitmap Heap Scan on sbtest2  (cost=30.58..3836.05 rows=990 width=121)
	  Recheck Cond: ((id >= 3249855) AND (id <= 3250854))
	  ->  Bitmap Index Scan on sbtest2_pkey  (cost=0.00..30.33 rows=990 width=0)
	        Index Cond: ((id >= 3249855) AND (id <= 3250854))

table 3 : explain SELECT c FROM sbtest3 WHERE id BETWEEN 1961874 AND 1962873
	Bitmap Heap Scan on sbtest3  (cost=31.39..4132.01 rows=1069 width=121)
	  Recheck Cond: ((id >= 1961874) AND (id <= 1962873))
	  ->  Bitmap Index Scan on sbtest3_pkey  (cost=0.00..31.12 rows=1069 width=0)
	        Index Cond: ((id >= 1961874) AND (id <= 1962873))

table 4 : explain SELECT c FROM sbtest4 WHERE id BETWEEN 2318697 AND 2319696
	Bitmap Heap Scan on sbtest4  (cost=29.36..3385.93 rows=871 width=121)
	  Recheck Cond: ((id >= 2318697) AND (id <= 2319696))
	  ->  Bitmap Index Scan on sbtest4_pkey  (cost=0.00..29.14 rows=871 width=0)
	        Index Cond: ((id >= 2318697) AND (id <= 2319696))

table 5 : explain SELECT c FROM sbtest5 WHERE id BETWEEN 5461006 AND 5462005
	Bitmap Heap Scan on sbtest5  (cost=30.81..3919.30 rows=1012 width=121)
	  Recheck Cond: ((id >= 5461006) AND (id <= 5462005))
	  ->  Bitmap Index Scan on sbtest5_pkey  (cost=0.00..30.55 rows=1012 width=0)
	        Index Cond: ((id >= 5461006) AND (id <= 5462005))

table 6 : explain SELECT c FROM sbtest6 WHERE id BETWEEN 8848880 AND 8849879
	Bitmap Heap Scan on sbtest6  (cost=35.59..4209.02 rows=1088 width=121)
	  Recheck Cond: ((id >= 8848880) AND (id <= 8849879))
	  ->  Bitmap Index Scan on sbtest6_pkey  (cost=0.00..35.32 rows=1088 width=0)
	        Index Cond: ((id >= 8848880) AND (id <= 8849879))

table 7 : explain SELECT c FROM sbtest7 WHERE id BETWEEN 4965224 AND 4966223
	Bitmap Heap Scan on sbtest7  (cost=30.21..3698.06 rows=954 width=121)
	  Recheck Cond: ((id >= 4965224) AND (id <= 4966223))
	  ->  Bitmap Index Scan on sbtest7_pkey  (cost=0.00..29.97 rows=954 width=0)
	        Index Cond: ((id >= 4965224) AND (id <= 4966223))

table 8 : explain SELECT c FROM sbtest8 WHERE id BETWEEN 1706509 AND 1707508
	Bitmap Heap Scan on sbtest8  (cost=35.56..4198.33 rows=1085 width=121)
	  Recheck Cond: ((id >= 1706509) AND (id <= 1707508))
	  ->  Bitmap Index Scan on sbtest8_pkey  (cost=0.00..35.29 rows=1085 width=0)
	        Index Cond: ((id >= 1706509) AND (id <= 1707508))

for: distinct_ranges
table 1 : explain SELECT DISTINCT c FROM sbtest1 WHERE id BETWEEN 7602478 AND 7603477 ORDER BY c
	Unique  (cost=4024.75..4029.88 rows=1026 width=121)
	  ->  Sort  (cost=4024.75..4027.31 rows=1026 width=121)
	        Sort Key: c
	        ->  Bitmap Heap Scan on sbtest1  (cost=30.95..3973.43 rows=1026 width=121)
	              Recheck Cond: ((id >= 7602478) AND (id <= 7603477))
	              ->  Bitmap Index Scan on sbtest1_pkey  (cost=0.00..30.69 rows=1026 width=0)
	                    Index Cond: ((id >= 7602478) AND (id <= 7603477))

table 2 : explain SELECT DISTINCT c FROM sbtest2 WHERE id BETWEEN 7314153 AND 7315152 ORDER BY c
	Unique  (cost=4126.63..4131.89 rows=1052 width=121)
	  ->  Sort  (cost=4126.63..4129.26 rows=1052 width=121)
	        Sort Key: c
	        ->  Bitmap Heap Scan on sbtest2  (cost=35.22..4073.82 rows=1052 width=121)
	              Recheck Cond: ((id >= 7314153) AND (id <= 7315152))
	              ->  Bitmap Index Scan on sbtest2_pkey  (cost=0.00..34.95 rows=1052 width=0)
	                    Index Cond: ((id >= 7314153) AND (id <= 7315152))

table 3 : explain SELECT DISTINCT c FROM sbtest3 WHERE id BETWEEN 5790048 AND 5791047 ORDER BY c
	Unique  (cost=3841.55..3846.45 rows=979 width=121)
	  ->  Sort  (cost=3841.55..3844.00 rows=979 width=121)
	        Sort Key: c
	        ->  Bitmap Heap Scan on sbtest3  (cost=30.47..3792.92 rows=979 width=121)
	              Recheck Cond: ((id >= 5790048) AND (id <= 5791047))
	              ->  Bitmap Index Scan on sbtest3_pkey  (cost=0.00..30.22 rows=979 width=0)
	                    Index Cond: ((id >= 5790048) AND (id <= 5791047))

table 4 : explain SELECT DISTINCT c FROM sbtest4 WHERE id BETWEEN 8122768 AND 8123767 ORDER BY c
	Unique  (cost=4011.62..4016.73 rows=1023 width=121)
	  ->  Sort  (cost=4011.62..4014.18 rows=1023 width=121)
	        Sort Key: c
	        ->  Bitmap Heap Scan on sbtest4  (cost=30.92..3960.47 rows=1023 width=121)
	              Recheck Cond: ((id >= 8122768) AND (id <= 8123767))
	              ->  Bitmap Index Scan on sbtest4_pkey  (cost=0.00..30.66 rows=1023 width=0)
	                    Index Cond: ((id >= 8122768) AND (id <= 8123767))

table 5 : explain SELECT DISTINCT c FROM sbtest5 WHERE id BETWEEN 2711827 AND 2712826 ORDER BY c
	Unique  (cost=3828.06..3832.93 rows=975 width=121)
	  ->  Sort  (cost=3828.06..3830.49 rows=975 width=121)
	        Sort Key: c
	        ->  Bitmap Heap Scan on sbtest5  (cost=30.43..3779.65 rows=975 width=121)
	              Recheck Cond: ((id >= 2711827) AND (id <= 2712826))
	              ->  Bitmap Index Scan on sbtest5_pkey  (cost=0.00..30.18 rows=975 width=0)
	                    Index Cond: ((id >= 2711827) AND (id <= 2712826))

table 6 : explain SELECT DISTINCT c FROM sbtest6 WHERE id BETWEEN 7435723 AND 7436722 ORDER BY c
	Unique  (cost=3796.89..3801.72 rows=967 width=121)
	  ->  Sort  (cost=3796.89..3799.30 rows=967 width=121)
	        Sort Key: c
	        ->  Bitmap Heap Scan on sbtest6  (cost=30.35..3748.94 rows=967 width=121)
	              Recheck Cond: ((id >= 7435723) AND (id <= 7436722))
	              ->  Bitmap Index Scan on sbtest6_pkey  (cost=0.00..30.11 rows=967 width=0)
	                    Index Cond: ((id >= 7435723) AND (id <= 7436722))

table 7 : explain SELECT DISTINCT c FROM sbtest7 WHERE id BETWEEN 9889143 AND 9890142 ORDER BY c
	Unique  (cost=3737.60..3742.36 rows=952 width=121)
	  ->  Sort  (cost=3737.60..3739.98 rows=952 width=121)
	        Sort Key: c
	        ->  Bitmap Heap Scan on sbtest7  (cost=30.19..3690.51 rows=952 width=121)
	              Recheck Cond: ((id >= 9889143) AND (id <= 9890142))
	              ->  Bitmap Index Scan on sbtest7_pkey  (cost=0.00..29.95 rows=952 width=0)
	                    Index Cond: ((id >= 9889143) AND (id <= 9890142))

table 8 : explain SELECT DISTINCT c FROM sbtest8 WHERE id BETWEEN 1965350 AND 1966349 ORDER BY c
	Unique  (cost=3877.89..3882.83 rows=988 width=121)
	  ->  Sort  (cost=3877.89..3880.36 rows=988 width=121)
	        Sort Key: c
	        ->  Bitmap Heap Scan on sbtest8  (cost=30.56..3828.74 rows=988 width=121)
	              Recheck Cond: ((id >= 1965350) AND (id <= 1966349))
	              ->  Bitmap Index Scan on sbtest8_pkey  (cost=0.00..30.32 rows=988 width=0)
	                    Index Cond: ((id >= 1965350) AND (id <= 1966349))

for: simple_ranges
table 1 : explain SELECT c FROM sbtest1 WHERE id BETWEEN 2810059 AND 2811058
	Bitmap Heap Scan on sbtest1  (cost=30.73..3890.41 rows=1004 width=121)
	  Recheck Cond: ((id >= 2810059) AND (id <= 2811058))
	  ->  Bitmap Index Scan on sbtest1_pkey  (cost=0.00..30.47 rows=1004 width=0)
	        Index Cond: ((id >= 2810059) AND (id <= 2811058))

table 2 : explain SELECT c FROM sbtest2 WHERE id BETWEEN 7157079 AND 7158078
	Bitmap Heap Scan on sbtest2  (cost=30.57..3832.27 rows=989 width=121)
	  Recheck Cond: ((id >= 7157079) AND (id <= 7158078))
	  ->  Bitmap Index Scan on sbtest2_pkey  (cost=0.00..30.32 rows=989 width=0)
	        Index Cond: ((id >= 7157079) AND (id <= 7158078))

table 3 : explain SELECT c FROM sbtest3 WHERE id BETWEEN 2092954 AND 2093953
	Bitmap Heap Scan on sbtest3  (cost=30.59..3838.19 rows=991 width=121)
	  Recheck Cond: ((id >= 2092954) AND (id <= 2093953))
	  ->  Bitmap Index Scan on sbtest3_pkey  (cost=0.00..30.34 rows=991 width=0)
	        Index Cond: ((id >= 2092954) AND (id <= 2093953))

table 4 : explain SELECT c FROM sbtest4 WHERE id BETWEEN 5139448 AND 5140447
	Bitmap Heap Scan on sbtest4  (cost=31.33..4111.18 rows=1063 width=121)
	  Recheck Cond: ((id >= 5139448) AND (id <= 5140447))
	  ->  Bitmap Index Scan on sbtest4_pkey  (cost=0.00..31.07 rows=1063 width=0)
	        Index Cond: ((id >= 5139448) AND (id <= 5140447))

table 5 : explain SELECT c FROM sbtest5 WHERE id BETWEEN 8292375 AND 8293374
	Bitmap Heap Scan on sbtest5  (cost=30.57..3832.51 rows=989 width=121)
	  Recheck Cond: ((id >= 8292375) AND (id <= 8293374))
	  ->  Bitmap Index Scan on sbtest5_pkey  (cost=0.00..30.32 rows=989 width=0)
	        Index Cond: ((id >= 8292375) AND (id <= 8293374))

table 6 : explain SELECT c FROM sbtest6 WHERE id BETWEEN 9473126 AND 9474125
	Bitmap Heap Scan on sbtest6  (cost=35.29..4099.88 rows=1059 width=121)
	  Recheck Cond: ((id >= 9473126) AND (id <= 9474125))
	  ->  Bitmap Index Scan on sbtest6_pkey  (cost=0.00..35.03 rows=1059 width=0)
	        Index Cond: ((id >= 9473126) AND (id <= 9474125))

table 7 : explain SELECT c FROM sbtest7 WHERE id BETWEEN 89276 AND 90275
	Bitmap Heap Scan on sbtest7  (cost=31.04..4003.48 rows=1035 width=121)
	  Recheck Cond: ((id >= 89276) AND (id <= 90275))
	  ->  Bitmap Index Scan on sbtest7_pkey  (cost=0.00..30.79 rows=1035 width=0)
	        Index Cond: ((id >= 89276) AND (id <= 90275))

table 8 : explain SELECT c FROM sbtest8 WHERE id BETWEEN 6635778 AND 6636777
	Bitmap Heap Scan on sbtest8  (cost=35.59..4209.62 rows=1088 width=121)
	  Recheck Cond: ((id >= 6635778) AND (id <= 6636777))
	  ->  Bitmap Index Scan on sbtest8_pkey  (cost=0.00..35.32 rows=1088 width=0)
	        Index Cond: ((id >= 6635778) AND (id <= 6636777))

for: simple_ranges
table 1 : explain SELECT c FROM sbtest1 WHERE id BETWEEN 2842264 AND 2843263
	Bitmap Heap Scan on sbtest1  (cost=30.73..3890.41 rows=1004 width=121)
	  Recheck Cond: ((id >= 2842264) AND (id <= 2843263))
	  ->  Bitmap Index Scan on sbtest1_pkey  (cost=0.00..30.47 rows=1004 width=0)
	        Index Cond: ((id >= 2842264) AND (id <= 2843263))

table 2 : explain SELECT c FROM sbtest2 WHERE id BETWEEN 6819614 AND 6820613
	Bitmap Heap Scan on sbtest2  (cost=31.08..4020.84 rows=1039 width=121)
	  Recheck Cond: ((id >= 6819614) AND (id <= 6820613))
	  ->  Bitmap Index Scan on sbtest2_pkey  (cost=0.00..30.82 rows=1039 width=0)
	        Index Cond: ((id >= 6819614) AND (id <= 6820613))

table 3 : explain SELECT c FROM sbtest3 WHERE id BETWEEN 105913 AND 106912
	Bitmap Heap Scan on sbtest3  (cost=31.19..4056.74 rows=1049 width=121)
	  Recheck Cond: ((id >= 105913) AND (id <= 106912))
	  ->  Bitmap Index Scan on sbtest3_pkey  (cost=0.00..30.93 rows=1049 width=0)
	        Index Cond: ((id >= 105913) AND (id <= 106912))

table 4 : explain SELECT c FROM sbtest4 WHERE id BETWEEN 3799043 AND 3800042
	Bitmap Heap Scan on sbtest4  (cost=35.90..4325.85 rows=1119 width=121)
	  Recheck Cond: ((id >= 3799043) AND (id <= 3800042))
	  ->  Bitmap Index Scan on sbtest4_pkey  (cost=0.00..35.62 rows=1119 width=0)
	        Index Cond: ((id >= 3799043) AND (id <= 3800042))

table 5 : explain SELECT c FROM sbtest5 WHERE id BETWEEN 746983 AND 747982
	Bitmap Heap Scan on sbtest5  (cost=35.36..4126.81 rows=1066 width=121)
	  Recheck Cond: ((id >= 746983) AND (id <= 747982))
	  ->  Bitmap Index Scan on sbtest5_pkey  (cost=0.00..35.09 rows=1066 width=0)
	        Index Cond: ((id >= 746983) AND (id <= 747982))

table 6 : explain SELECT c FROM sbtest6 WHERE id BETWEEN 8482789 AND 8483788
	Bitmap Heap Scan on sbtest6  (cost=31.12..4031.85 rows=1042 width=121)
	  Recheck Cond: ((id >= 8482789) AND (id <= 8483788))
	  ->  Bitmap Index Scan on sbtest6_pkey  (cost=0.00..30.86 rows=1042 width=0)
	        Index Cond: ((id >= 8482789) AND (id <= 8483788))

table 7 : explain SELECT c FROM sbtest7 WHERE id BETWEEN 3271318 AND 3272317
	Bitmap Heap Scan on sbtest7  (cost=30.29..3724.48 rows=961 width=121)
	  Recheck Cond: ((id >= 3271318) AND (id <= 3272317))
	  ->  Bitmap Index Scan on sbtest7_pkey  (cost=0.00..30.04 rows=961 width=0)
	        Index Cond: ((id >= 3271318) AND (id <= 3272317))

table 8 : explain SELECT c FROM sbtest8 WHERE id BETWEEN 4317820 AND 4318819
	Bitmap Heap Scan on sbtest8  (cost=30.65..3862.71 rows=997 width=121)
	  Recheck Cond: ((id >= 4317820) AND (id <= 4318819))
	  ->  Bitmap Index Scan on sbtest8_pkey  (cost=0.00..30.40 rows=997 width=0)
	        Index Cond: ((id >= 4317820) AND (id <= 4318819))

for: simple_ranges
table 1 : explain SELECT c FROM sbtest1 WHERE id BETWEEN 588522 AND 589521
	Bitmap Heap Scan on sbtest1  (cost=29.99..3618.29 rows=932 width=121)
	  Recheck Cond: ((id >= 588522) AND (id <= 589521))
	  ->  Bitmap Index Scan on sbtest1_pkey  (cost=0.00..29.75 rows=932 width=0)
	        Index Cond: ((id >= 588522) AND (id <= 589521))

table 2 : explain SELECT c FROM sbtest2 WHERE id BETWEEN 5875530 AND 5876529
	Bitmap Heap Scan on sbtest2  (cost=35.57..4201.82 rows=1086 width=121)
	  Recheck Cond: ((id >= 5875530) AND (id <= 5876529))
	  ->  Bitmap Index Scan on sbtest2_pkey  (cost=0.00..35.30 rows=1086 width=0)
	        Index Cond: ((id >= 5875530) AND (id <= 5876529))

table 3 : explain SELECT c FROM sbtest3 WHERE id BETWEEN 6765914 AND 6766913
	Bitmap Heap Scan on sbtest3  (cost=30.68..3872.13 rows=1000 width=121)
	  Recheck Cond: ((id >= 6765914) AND (id <= 6766913))
	  ->  Bitmap Index Scan on sbtest3_pkey  (cost=0.00..30.43 rows=1000 width=0)
	        Index Cond: ((id >= 6765914) AND (id <= 6766913))

table 4 : explain SELECT c FROM sbtest4 WHERE id BETWEEN 9213027 AND 9214026
	Bitmap Heap Scan on sbtest4  (cost=31.24..4077.29 rows=1054 width=121)
	  Recheck Cond: ((id >= 9213027) AND (id <= 9214026))
	  ->  Bitmap Index Scan on sbtest4_pkey  (cost=0.00..30.97 rows=1054 width=0)
	        Index Cond: ((id >= 9213027) AND (id <= 9214026))

table 5 : explain SELECT c FROM sbtest5 WHERE id BETWEEN 7568621 AND 7569620
	Bitmap Heap Scan on sbtest5  (cost=30.52..3813.63 rows=984 width=121)
	  Recheck Cond: ((id >= 7568621) AND (id <= 7569620))
	  ->  Bitmap Index Scan on sbtest5_pkey  (cost=0.00..30.27 rows=984 width=0)
	        Index Cond: ((id >= 7568621) AND (id <= 7569620))

table 6 : explain SELECT c FROM sbtest6 WHERE id BETWEEN 4441210 AND 4442209
	Bitmap Heap Scan on sbtest6  (cost=30.92..3960.25 rows=1023 width=121)
	  Recheck Cond: ((id >= 4441210) AND (id <= 4442209))
	  ->  Bitmap Index Scan on sbtest6_pkey  (cost=0.00..30.66 rows=1023 width=0)
	        Index Cond: ((id >= 4441210) AND (id <= 4442209))

table 7 : explain SELECT c FROM sbtest7 WHERE id BETWEEN 6767874 AND 6768873
	Bitmap Heap Scan on sbtest7  (cost=30.98..3980.88 rows=1029 width=121)
	  Recheck Cond: ((id >= 6767874) AND (id <= 6768873))
	  ->  Bitmap Index Scan on sbtest7_pkey  (cost=0.00..30.72 rows=1029 width=0)
	        Index Cond: ((id >= 6767874) AND (id <= 6768873))

table 8 : explain SELECT c FROM sbtest8 WHERE id BETWEEN 3993429 AND 3994428
	Bitmap Heap Scan on sbtest8  (cost=30.12..3666.30 rows=945 width=121)
	  Recheck Cond: ((id >= 3993429) AND (id <= 3994428))
	  ->  Bitmap Index Scan on sbtest8_pkey  (cost=0.00..29.89 rows=945 width=0)
	        Index Cond: ((id >= 3993429) AND (id <= 3994428))

for: sum_ranges
table 1 : explain SELECT SUM(k) FROM sbtest1 WHERE id BETWEEN 5582078 AND 5583077
	Aggregate  (cost=3586.53..3586.54 rows=1 width=8)
	  ->  Bitmap Heap Scan on sbtest1  (cost=29.90..3584.23 rows=923 width=4)
	        Recheck Cond: ((id >= 5582078) AND (id <= 5583077))
	        ->  Bitmap Index Scan on sbtest1_pkey  (cost=0.00..29.66 rows=923 width=0)
	              Index Cond: ((id >= 5582078) AND (id <= 5583077))

table 2 : explain SELECT SUM(k) FROM sbtest2 WHERE id BETWEEN 3495740 AND 3496739
	Aggregate  (cost=3872.51..3872.52 rows=1 width=8)
	  ->  Bitmap Heap Scan on sbtest2  (cost=30.67..3870.01 rows=999 width=4)
	        Recheck Cond: ((id >= 3495740) AND (id <= 3496739))
	        ->  Bitmap Index Scan on sbtest2_pkey  (cost=0.00..30.43 rows=999 width=0)
	              Index Cond: ((id >= 3495740) AND (id <= 3496739))

table 3 : explain SELECT SUM(k) FROM sbtest3 WHERE id BETWEEN 623654 AND 624653
	Aggregate  (cost=3678.25..3678.26 rows=1 width=8)
	  ->  Bitmap Heap Scan on sbtest3  (cost=30.15..3675.88 rows=948 width=4)
	        Recheck Cond: ((id >= 623654) AND (id <= 624653))
	        ->  Bitmap Index Scan on sbtest3_pkey  (cost=0.00..29.91 rows=948 width=0)
	              Index Cond: ((id >= 623654) AND (id <= 624653))

table 4 : explain SELECT SUM(k) FROM sbtest4 WHERE id BETWEEN 5828658 AND 5829657
	Aggregate  (cost=3683.51..3683.52 rows=1 width=8)
	  ->  Bitmap Heap Scan on sbtest4  (cost=30.16..3681.14 rows=949 width=4)
	        Recheck Cond: ((id >= 5828658) AND (id <= 5829657))
	        ->  Bitmap Index Scan on sbtest4_pkey  (cost=0.00..29.93 rows=949 width=0)
	              Index Cond: ((id >= 5828658) AND (id <= 5829657))

table 5 : explain SELECT SUM(k) FROM sbtest5 WHERE id BETWEEN 4441727 AND 4442726
	Aggregate  (cost=4035.01..4035.02 rows=1 width=8)
	  ->  Bitmap Heap Scan on sbtest5  (cost=31.12..4032.40 rows=1042 width=4)
	        Recheck Cond: ((id >= 4441727) AND (id <= 4442726))
	        ->  Bitmap Index Scan on sbtest5_pkey  (cost=0.00..30.86 rows=1042 width=0)
	              Index Cond: ((id >= 4441727) AND (id <= 4442726))

table 6 : explain SELECT SUM(k) FROM sbtest6 WHERE id BETWEEN 129186 AND 130185
	Aggregate  (cost=4253.14..4253.15 rows=1 width=8)
	  ->  Bitmap Heap Scan on sbtest6  (cost=35.70..4250.40 rows=1099 width=4)
	        Recheck Cond: ((id >= 129186) AND (id <= 130185))
	        ->  Bitmap Index Scan on sbtest6_pkey  (cost=0.00..35.43 rows=1099 width=0)
	              Index Cond: ((id >= 129186) AND (id <= 130185))

table 7 : explain SELECT SUM(k) FROM sbtest7 WHERE id BETWEEN 4312800 AND 4313799
	Aggregate  (cost=3685.33..3685.34 rows=1 width=8)
	  ->  Bitmap Heap Scan on sbtest7  (cost=30.17..3682.95 rows=950 width=4)
	        Recheck Cond: ((id >= 4312800) AND (id <= 4313799))
	        ->  Bitmap Index Scan on sbtest7_pkey  (cost=0.00..29.93 rows=950 width=0)
	              Index Cond: ((id >= 4312800) AND (id <= 4313799))

table 8 : explain SELECT SUM(k) FROM sbtest8 WHERE id BETWEEN 5094363 AND 5095362
	Aggregate  (cost=3868.98..3868.99 rows=1 width=8)
	  ->  Bitmap Heap Scan on sbtest8  (cost=30.66..3866.48 rows=998 width=4)
	        Recheck Cond: ((id >= 5094363) AND (id <= 5095362))
	        ->  Bitmap Index Scan on sbtest8_pkey  (cost=0.00..30.41 rows=998 width=0)
	              Index Cond: ((id >= 5094363) AND (id <= 5095362))

for: sum_ranges
table 1 : explain SELECT SUM(k) FROM sbtest1 WHERE id BETWEEN 1067043 AND 1068042
	Aggregate  (cost=3885.37..3885.38 rows=1 width=8)
	  ->  Bitmap Heap Scan on sbtest1  (cost=30.71..3882.86 rows=1002 width=4)
	        Recheck Cond: ((id >= 1067043) AND (id <= 1068042))
	        ->  Bitmap Index Scan on sbtest1_pkey  (cost=0.00..30.45 rows=1002 width=0)
	              Index Cond: ((id >= 1067043) AND (id <= 1068042))

table 2 : explain SELECT SUM(k) FROM sbtest2 WHERE id BETWEEN 6744743 AND 6745742
	Aggregate  (cost=3898.94..3898.95 rows=1 width=8)
	  ->  Bitmap Heap Scan on sbtest2  (cost=30.75..3896.42 rows=1006 width=4)
	        Recheck Cond: ((id >= 6744743) AND (id <= 6745742))
	        ->  Bitmap Index Scan on sbtest2_pkey  (cost=0.00..30.50 rows=1006 width=0)
	              Index Cond: ((id >= 6744743) AND (id <= 6745742))

table 3 : explain SELECT SUM(k) FROM sbtest3 WHERE id BETWEEN 1293207 AND 1294206
	Aggregate  (cost=3621.54..3621.55 rows=1 width=8)
	  ->  Bitmap Heap Scan on sbtest3  (cost=30.00..3619.21 rows=933 width=4)
	        Recheck Cond: ((id >= 1293207) AND (id <= 1294206))
	        ->  Bitmap Index Scan on sbtest3_pkey  (cost=0.00..29.76 rows=933 width=0)
	              Index Cond: ((id >= 1293207) AND (id <= 1294206))

table 4 : explain SELECT SUM(k) FROM sbtest4 WHERE id BETWEEN 6380975 AND 6381974
	Aggregate  (cost=4061.08..4061.09 rows=1 width=8)
	  ->  Bitmap Heap Scan on sbtest4  (cost=31.19..4058.46 rows=1049 width=4)
	        Recheck Cond: ((id >= 6380975) AND (id <= 6381974))
	        ->  Bitmap Index Scan on sbtest4_pkey  (cost=0.00..30.93 rows=1049 width=0)
	              Index Cond: ((id >= 6380975) AND (id <= 6381974))

table 5 : explain SELECT SUM(k) FROM sbtest5 WHERE id BETWEEN 4139814 AND 4140813
	Aggregate  (cost=3763.19..3763.20 rows=1 width=8)
	  ->  Bitmap Heap Scan on sbtest5  (cost=30.38..3760.76 rows=970 width=4)
	        Recheck Cond: ((id >= 4139814) AND (id <= 4140813))
	        ->  Bitmap Index Scan on sbtest5_pkey  (cost=0.00..30.14 rows=970 width=0)
	              Index Cond: ((id >= 4139814) AND (id <= 4140813))

table 6 : explain SELECT SUM(k) FROM sbtest6 WHERE id BETWEEN 5885067 AND 5886066
	Aggregate  (cost=4072.15..4072.16 rows=1 width=8)
	  ->  Bitmap Heap Scan on sbtest6  (cost=31.22..4069.52 rows=1052 width=4)
	        Recheck Cond: ((id >= 5885067) AND (id <= 5886066))
	        ->  Bitmap Index Scan on sbtest6_pkey  (cost=0.00..30.95 rows=1052 width=0)
	              Index Cond: ((id >= 5885067) AND (id <= 5886066))

table 7 : explain SELECT SUM(k) FROM sbtest7 WHERE id BETWEEN 648320 AND 649319
	Aggregate  (cost=4013.60..4013.61 rows=1 width=8)
	  ->  Bitmap Heap Scan on sbtest7  (cost=31.06..4011.01 rows=1037 width=4)
	        Recheck Cond: ((id >= 648320) AND (id <= 649319))
	        ->  Bitmap Index Scan on sbtest7_pkey  (cost=0.00..30.80 rows=1037 width=0)
	              Index Cond: ((id >= 648320) AND (id <= 649319))

table 8 : explain SELECT SUM(k) FROM sbtest8 WHERE id BETWEEN 5688275 AND 5689274
	Aggregate  (cost=3974.67..3974.68 rows=1 width=8)
	  ->  Bitmap Heap Scan on sbtest8  (cost=30.95..3972.10 rows=1026 width=4)
	        Recheck Cond: ((id >= 5688275) AND (id <= 5689274))
	        ->  Bitmap Index Scan on sbtest8_pkey  (cost=0.00..30.69 rows=1026 width=0)
	              Index Cond: ((id >= 5688275) AND (id <= 5689274))

for: sum_ranges
table 1 : explain SELECT SUM(k) FROM sbtest1 WHERE id BETWEEN 4994236 AND 4995235
	Aggregate  (cost=4307.94..4307.95 rows=1 width=8)
	  ->  Bitmap Heap Scan on sbtest1  (cost=35.84..4305.15 rows=1113 width=4)
	        Recheck Cond: ((id >= 4994236) AND (id <= 4995235))
	        ->  Bitmap Index Scan on sbtest1_pkey  (cost=0.00..35.57 rows=1113 width=0)
	              Index Cond: ((id >= 4994236) AND (id <= 4995235))

table 2 : explain SELECT SUM(k) FROM sbtest2 WHERE id BETWEEN 7882341 AND 7883340
	Aggregate  (cost=3615.46..3615.47 rows=1 width=8)
	  ->  Bitmap Heap Scan on sbtest2  (cost=29.98..3613.13 rows=931 width=4)
	        Recheck Cond: ((id >= 7882341) AND (id <= 7883340))
	        ->  Bitmap Index Scan on sbtest2_pkey  (cost=0.00..29.75 rows=931 width=0)
	              Index Cond: ((id >= 7882341) AND (id <= 7883340))

table 3 : explain SELECT SUM(k) FROM sbtest3 WHERE id BETWEEN 6958090 AND 6959089
	Aggregate  (cost=3648.01..3648.02 rows=1 width=8)
	  ->  Bitmap Heap Scan on sbtest3  (cost=30.07..3645.66 rows=940 width=4)
	        Recheck Cond: ((id >= 6958090) AND (id <= 6959089))
	        ->  Bitmap Index Scan on sbtest3_pkey  (cost=0.00..29.83 rows=940 width=0)
	              Index Cond: ((id >= 6958090) AND (id <= 6959089))

table 4 : explain SELECT SUM(k) FROM sbtest4 WHERE id BETWEEN 7141326 AND 7142325
	Aggregate  (cost=3796.91..3796.92 rows=1 width=8)
	  ->  Bitmap Heap Scan on sbtest4  (cost=30.47..3794.47 rows=979 width=4)
	        Recheck Cond: ((id >= 7141326) AND (id <= 7142325))
	        ->  Bitmap Index Scan on sbtest4_pkey  (cost=0.00..30.22 rows=979 width=0)
	              Index Cond: ((id >= 7141326) AND (id <= 7142325))

table 5 : explain SELECT SUM(k) FROM sbtest5 WHERE id BETWEEN 6440517 AND 6441516
	Aggregate  (cost=3868.97..3868.98 rows=1 width=8)
	  ->  Bitmap Heap Scan on sbtest5  (cost=30.66..3866.48 rows=998 width=4)
	        Recheck Cond: ((id >= 6440517) AND (id <= 6441516))
	        ->  Bitmap Index Scan on sbtest5_pkey  (cost=0.00..30.41 rows=998 width=0)
	              Index Cond: ((id >= 6440517) AND (id <= 6441516))

table 6 : explain SELECT SUM(k) FROM sbtest6 WHERE id BETWEEN 6858004 AND 6859003
	Aggregate  (cost=3943.94..3943.95 rows=1 width=8)
	  ->  Bitmap Heap Scan on sbtest6  (cost=30.87..3941.39 rows=1018 width=4)
	        Recheck Cond: ((id >= 6858004) AND (id <= 6859003))
	        ->  Bitmap Index Scan on sbtest6_pkey  (cost=0.00..30.61 rows=1018 width=0)
	              Index Cond: ((id >= 6858004) AND (id <= 6859003))

table 7 : explain SELECT SUM(k) FROM sbtest7 WHERE id BETWEEN 9542837 AND 9543836
	Aggregate  (cost=4123.05..4123.06 rows=1 width=8)
	  ->  Bitmap Heap Scan on sbtest7  (cost=35.35..4120.38 rows=1065 width=4)
	        Recheck Cond: ((id >= 9542837) AND (id <= 9543836))
	        ->  Bitmap Index Scan on sbtest7_pkey  (cost=0.00..35.09 rows=1065 width=0)
	              Index Cond: ((id >= 9542837) AND (id <= 9543836))

table 8 : explain SELECT SUM(k) FROM sbtest8 WHERE id BETWEEN 4336164 AND 4337163
	Aggregate  (cost=3865.20..3865.21 rows=1 width=8)
	  ->  Bitmap Heap Scan on sbtest8  (cost=30.65..3862.71 rows=997 width=4)
	        Recheck Cond: ((id >= 4336164) AND (id <= 4337163))
	        ->  Bitmap Index Scan on sbtest8_pkey  (cost=0.00..30.40 rows=997 width=0)
	              Index Cond: ((id >= 4336164) AND (id <= 4337163))

for point_selects
table 1 : explain SELECT c FROM sbtest1 WHERE id=7482491
	Index Scan using sbtest1_pkey on sbtest1  (cost=0.43..8.45 rows=1 width=121)
	  Index Cond: (id = 7482491)

table 2 : explain SELECT c FROM sbtest2 WHERE id=30
	Index Scan using sbtest2_pkey on sbtest2  (cost=0.43..8.45 rows=1 width=121)
	  Index Cond: (id = 30)

table 3 : explain SELECT c FROM sbtest3 WHERE id=4100055
	Index Scan using sbtest3_pkey on sbtest3  (cost=0.43..8.45 rows=1 width=121)
	  Index Cond: (id = 4100055)

table 4 : explain SELECT c FROM sbtest4 WHERE id=7887088
	Index Scan using sbtest4_pkey on sbtest4  (cost=0.43..8.45 rows=1 width=121)
	  Index Cond: (id = 7887088)

table 5 : explain SELECT c FROM sbtest5 WHERE id=6563980
	Index Scan using sbtest5_pkey on sbtest5  (cost=0.43..8.45 rows=1 width=121)
	  Index Cond: (id = 6563980)

table 6 : explain SELECT c FROM sbtest6 WHERE id=7172695
	Index Scan using sbtest6_pkey on sbtest6  (cost=0.43..8.45 rows=1 width=121)
	  Index Cond: (id = 7172695)

table 7 : explain SELECT c FROM sbtest7 WHERE id=3339036
	Index Scan using sbtest7_pkey on sbtest7  (cost=0.43..8.45 rows=1 width=121)
	  Index Cond: (id = 3339036)

table 8 : explain SELECT c FROM sbtest8 WHERE id=7095517
	Index Scan using sbtest8_pkey on sbtest8  (cost=0.43..8.45 rows=1 width=121)
	  Index Cond: (id = 7095517)

for point_selects
table 1 : explain SELECT c FROM sbtest1 WHERE id=9436132
	Index Scan using sbtest1_pkey on sbtest1  (cost=0.43..8.45 rows=1 width=121)
	  Index Cond: (id = 9436132)

table 2 : explain SELECT c FROM sbtest2 WHERE id=866656
	Index Scan using sbtest2_pkey on sbtest2  (cost=0.43..8.45 rows=1 width=121)
	  Index Cond: (id = 866656)

table 3 : explain SELECT c FROM sbtest3 WHERE id=4649743
	Index Scan using sbtest3_pkey on sbtest3  (cost=0.43..8.45 rows=1 width=121)
	  Index Cond: (id = 4649743)

table 4 : explain SELECT c FROM sbtest4 WHERE id=9378334
	Index Scan using sbtest4_pkey on sbtest4  (cost=0.43..8.45 rows=1 width=121)
	  Index Cond: (id = 9378334)

table 5 : explain SELECT c FROM sbtest5 WHERE id=4214828
	Index Scan using sbtest5_pkey on sbtest5  (cost=0.43..8.45 rows=1 width=121)
	  Index Cond: (id = 4214828)

table 6 : explain SELECT c FROM sbtest6 WHERE id=2936057
	Index Scan using sbtest6_pkey on sbtest6  (cost=0.43..8.45 rows=1 width=121)
	  Index Cond: (id = 2936057)

table 7 : explain SELECT c FROM sbtest7 WHERE id=4018323
	Index Scan using sbtest7_pkey on sbtest7  (cost=0.43..8.45 rows=1 width=121)
	  Index Cond: (id = 4018323)

table 8 : explain SELECT c FROM sbtest8 WHERE id=2662984
	Index Scan using sbtest8_pkey on sbtest8  (cost=0.43..8.45 rows=1 width=121)
	  Index Cond: (id = 2662984)

for point_selects
table 1 : explain SELECT c FROM sbtest1 WHERE id=6022154
	Index Scan using sbtest1_pkey on sbtest1  (cost=0.43..8.45 rows=1 width=121)
	  Index Cond: (id = 6022154)

table 2 : explain SELECT c FROM sbtest2 WHERE id=1684059
	Index Scan using sbtest2_pkey on sbtest2  (cost=0.43..8.45 rows=1 width=121)
	  Index Cond: (id = 1684059)

table 3 : explain SELECT c FROM sbtest3 WHERE id=9558503
	Index Scan using sbtest3_pkey on sbtest3  (cost=0.43..8.45 rows=1 width=121)
	  Index Cond: (id = 9558503)

table 4 : explain SELECT c FROM sbtest4 WHERE id=5980158
	Index Scan using sbtest4_pkey on sbtest4  (cost=0.43..8.45 rows=1 width=121)
	  Index Cond: (id = 5980158)

table 5 : explain SELECT c FROM sbtest5 WHERE id=9023001
	Index Scan using sbtest5_pkey on sbtest5  (cost=0.43..8.45 rows=1 width=121)
	  Index Cond: (id = 9023001)

table 6 : explain SELECT c FROM sbtest6 WHERE id=738792
	Index Scan using sbtest6_pkey on sbtest6  (cost=0.43..8.45 rows=1 width=121)
	  Index Cond: (id = 738792)

table 7 : explain SELECT c FROM sbtest7 WHERE id=8197734
	Index Scan using sbtest7_pkey on sbtest7  (cost=0.43..8.45 rows=1 width=121)
	  Index Cond: (id = 8197734)

table 8 : explain SELECT c FROM sbtest8 WHERE id=2764870
	Index Scan using sbtest8_pkey on sbtest8  (cost=0.43..8.45 rows=1 width=121)
	  Index Cond: (id = 2764870)

for: distinct_ranges
table 1 : explain SELECT DISTINCT c FROM sbtest1 WHERE id BETWEEN 8863090 AND 8864089 ORDER BY c
	Unique  (cost=3679.62..3684.30 rows=936 width=121)
	  ->  Sort  (cost=3679.62..3681.96 rows=936 width=121)
	        Sort Key: c
	        ->  Bitmap Heap Scan on sbtest1  (cost=30.03..3633.42 rows=936 width=121)
	              Recheck Cond: ((id >= 8863090) AND (id <= 8864089))
	              ->  Bitmap Index Scan on sbtest1_pkey  (cost=0.00..29.79 rows=936 width=0)
	                    Index Cond: ((id >= 8863090) AND (id <= 8864089))

table 2 : explain SELECT DISTINCT c FROM sbtest2 WHERE id BETWEEN 2550849 AND 2551848 ORDER BY c
	Unique  (cost=4015.51..4020.63 rows=1024 width=121)
	  ->  Sort  (cost=4015.51..4018.07 rows=1024 width=121)
	        Sort Key: c
	        ->  Bitmap Heap Scan on sbtest2  (cost=30.93..3964.31 rows=1024 width=121)
	              Recheck Cond: ((id >= 2550849) AND (id <= 2551848))
	              ->  Bitmap Index Scan on sbtest2_pkey  (cost=0.00..30.68 rows=1024 width=0)
	                    Index Cond: ((id >= 2550849) AND (id <= 2551848))

table 3 : explain SELECT DISTINCT c FROM sbtest3 WHERE id BETWEEN 5698 AND 6697 ORDER BY c
	Unique  (cost=4418.84..4424.49 rows=1130 width=121)
	  ->  Sort  (cost=4418.84..4421.66 rows=1130 width=121)
	        Sort Key: c
	        ->  Bitmap Heap Scan on sbtest3  (cost=36.02..4361.54 rows=1130 width=121)
	              Recheck Cond: ((id >= 5698) AND (id <= 6697))
	              ->  Bitmap Index Scan on sbtest3_pkey  (cost=0.00..35.73 rows=1130 width=0)
	                    Index Cond: ((id >= 5698) AND (id <= 6697))

table 4 : explain SELECT DISTINCT c FROM sbtest4 WHERE id BETWEEN 7562763 AND 7563762 ORDER BY c
	Unique  (cost=3988.65..3993.74 rows=1017 width=121)
	  ->  Sort  (cost=3988.65..3991.19 rows=1017 width=121)
	        Sort Key: c
	        ->  Bitmap Heap Scan on sbtest4  (cost=30.86..3937.85 rows=1017 width=121)
	              Recheck Cond: ((id >= 7562763) AND (id <= 7563762))
	              ->  Bitmap Index Scan on sbtest4_pkey  (cost=0.00..30.61 rows=1017 width=0)
	                    Index Cond: ((id >= 7562763) AND (id <= 7563762))

table 5 : explain SELECT DISTINCT c FROM sbtest5 WHERE id BETWEEN 1620068 AND 1621067 ORDER BY c
	Unique  (cost=3736.02..3740.77 rows=951 width=121)
	  ->  Sort  (cost=3736.02..3738.39 rows=951 width=121)
	        Sort Key: c
	        ->  Bitmap Heap Scan on sbtest5  (cost=30.18..3688.97 rows=951 width=121)
	              Recheck Cond: ((id >= 1620068) AND (id <= 1621067))
	              ->  Bitmap Index Scan on sbtest5_pkey  (cost=0.00..29.94 rows=951 width=0)
	                    Index Cond: ((id >= 1620068) AND (id <= 1621067))

table 6 : explain SELECT DISTINCT c FROM sbtest6 WHERE id BETWEEN 54943 AND 55942 ORDER BY c
	Unique  (cost=3885.03..3889.98 rows=990 width=121)
	  ->  Sort  (cost=3885.03..3887.51 rows=990 width=121)
	        Sort Key: c
	        ->  Bitmap Heap Scan on sbtest6  (cost=30.58..3835.77 rows=990 width=121)
	              Recheck Cond: ((id >= 54943) AND (id <= 55942))
	              ->  Bitmap Index Scan on sbtest6_pkey  (cost=0.00..30.33 rows=990 width=0)
	                    Index Cond: ((id >= 54943) AND (id <= 55942))

table 7 : explain SELECT DISTINCT c FROM sbtest7 WHERE id BETWEEN 1387723 AND 1388722 ORDER BY c
	Unique  (cost=3963.53..3968.58 rows=1011 width=121)
	  ->  Sort  (cost=3963.53..3966.05 rows=1011 width=121)
	        Sort Key: c
	        ->  Bitmap Heap Scan on sbtest7  (cost=30.80..3913.07 rows=1011 width=121)
	              Recheck Cond: ((id >= 1387723) AND (id <= 1388722))
	              ->  Bitmap Index Scan on sbtest7_pkey  (cost=0.00..30.54 rows=1011 width=0)
	                    Index Cond: ((id >= 1387723) AND (id <= 1388722))

table 8 : explain SELECT DISTINCT c FROM sbtest8 WHERE id BETWEEN 9036004 AND 9037003 ORDER BY c
	Unique  (cost=3851.06..3855.96 rows=981 width=121)
	  ->  Sort  (cost=3851.06..3853.51 rows=981 width=121)
	        Sort Key: c
	        ->  Bitmap Heap Scan on sbtest8  (cost=30.49..3802.31 rows=981 width=121)
	              Recheck Cond: ((id >= 9036004) AND (id <= 9037003))
	              ->  Bitmap Index Scan on sbtest8_pkey  (cost=0.00..30.25 rows=981 width=0)
	                    Index Cond: ((id >= 9036004) AND (id <= 9037003))

for point_selects
table 1 : explain SELECT c FROM sbtest1 WHERE id=3752479
	Index Scan using sbtest1_pkey on sbtest1  (cost=0.43..8.45 rows=1 width=121)
	  Index Cond: (id = 3752479)

table 2 : explain SELECT c FROM sbtest2 WHERE id=1937888
	Index Scan using sbtest2_pkey on sbtest2  (cost=0.43..8.45 rows=1 width=121)
	  Index Cond: (id = 1937888)

table 3 : explain SELECT c FROM sbtest3 WHERE id=7615779
	Index Scan using sbtest3_pkey on sbtest3  (cost=0.43..8.45 rows=1 width=121)
	  Index Cond: (id = 7615779)

table 4 : explain SELECT c FROM sbtest4 WHERE id=9756523
	Index Scan using sbtest4_pkey on sbtest4  (cost=0.43..8.45 rows=1 width=121)
	  Index Cond: (id = 9756523)

table 5 : explain SELECT c FROM sbtest5 WHERE id=4220784
	Index Scan using sbtest5_pkey on sbtest5  (cost=0.43..8.45 rows=1 width=121)
	  Index Cond: (id = 4220784)

table 6 : explain SELECT c FROM sbtest6 WHERE id=9998669
	Index Scan using sbtest6_pkey on sbtest6  (cost=0.43..8.45 rows=1 width=121)
	  Index Cond: (id = 9998669)

table 7 : explain SELECT c FROM sbtest7 WHERE id=8132700
	Index Scan using sbtest7_pkey on sbtest7  (cost=0.43..8.45 rows=1 width=121)
	  Index Cond: (id = 8132700)

table 8 : explain SELECT c FROM sbtest8 WHERE id=8240938
	Index Scan using sbtest8_pkey on sbtest8  (cost=0.43..8.45 rows=1 width=121)
	  Index Cond: (id = 8240938)

for: sum_ranges
table 1 : explain SELECT SUM(k) FROM sbtest1 WHERE id BETWEEN 3527933 AND 3528932
	Aggregate  (cost=4296.64..4296.65 rows=1 width=8)
	  ->  Bitmap Heap Scan on sbtest1  (cost=35.81..4293.87 rows=1110 width=4)
	        Recheck Cond: ((id >= 3527933) AND (id <= 3528932))
	        ->  Bitmap Index Scan on sbtest1_pkey  (cost=0.00..35.54 rows=1110 width=0)
	              Index Cond: ((id >= 3527933) AND (id <= 3528932))

table 2 : explain SELECT SUM(k) FROM sbtest2 WHERE id BETWEEN 996677 AND 997676
	Aggregate  (cost=3668.43..3668.44 rows=1 width=8)
	  ->  Bitmap Heap Scan on sbtest2  (cost=30.12..3666.07 rows=945 width=4)
	        Recheck Cond: ((id >= 996677) AND (id <= 997676))
	        ->  Bitmap Index Scan on sbtest2_pkey  (cost=0.00..29.89 rows=945 width=0)
	              Index Cond: ((id >= 996677) AND (id <= 997676))

table 3 : explain SELECT SUM(k) FROM sbtest3 WHERE id BETWEEN 1212064 AND 1213063
	Aggregate  (cost=3621.54..3621.55 rows=1 width=8)
	  ->  Bitmap Heap Scan on sbtest3  (cost=30.00..3619.21 rows=933 width=4)
	        Recheck Cond: ((id >= 1212064) AND (id <= 1213063))
	        ->  Bitmap Index Scan on sbtest3_pkey  (cost=0.00..29.76 rows=933 width=0)
	              Index Cond: ((id >= 1212064) AND (id <= 1213063))

table 4 : explain SELECT SUM(k) FROM sbtest4 WHERE id BETWEEN 730973 AND 731972
	Aggregate  (cost=4030.92..4030.93 rows=1 width=8)
	  ->  Bitmap Heap Scan on sbtest4  (cost=31.11..4028.32 rows=1041 width=4)
	        Recheck Cond: ((id >= 730973) AND (id <= 731972))
	        ->  Bitmap Index Scan on sbtest4_pkey  (cost=0.00..30.84 rows=1041 width=0)
	              Index Cond: ((id >= 730973) AND (id <= 731972))

table 5 : explain SELECT SUM(k) FROM sbtest5 WHERE id BETWEEN 2723621 AND 2724620
	Aggregate  (cost=3782.09..3782.10 rows=1 width=8)
	  ->  Bitmap Heap Scan on sbtest5  (cost=30.43..3779.65 rows=975 width=4)
	        Recheck Cond: ((id >= 2723621) AND (id <= 2724620))
	        ->  Bitmap Index Scan on sbtest5_pkey  (cost=0.00..30.18 rows=975 width=0)
	              Index Cond: ((id >= 2723621) AND (id <= 2724620))

table 6 : explain SELECT SUM(k) FROM sbtest6 WHERE id BETWEEN 2729127 AND 2730126
	Aggregate  (cost=3531.93..3531.94 rows=1 width=8)
	  ->  Bitmap Heap Scan on sbtest6  (cost=29.75..3529.66 rows=909 width=4)
	        Recheck Cond: ((id >= 2729127) AND (id <= 2730126))
	        ->  Bitmap Index Scan on sbtest6_pkey  (cost=0.00..29.52 rows=909 width=0)
	              Index Cond: ((id >= 2729127) AND (id <= 2730126))

table 7 : explain SELECT SUM(k) FROM sbtest7 WHERE id BETWEEN 1264705 AND 1265704
	Aggregate  (cost=3726.89..3726.90 rows=1 width=8)
	  ->  Bitmap Heap Scan on sbtest7  (cost=30.29..3724.48 rows=961 width=4)
	        Recheck Cond: ((id >= 1264705) AND (id <= 1265704))
	        ->  Bitmap Index Scan on sbtest7_pkey  (cost=0.00..30.04 rows=961 width=0)
	              Index Cond: ((id >= 1264705) AND (id <= 1265704))

table 8 : explain SELECT SUM(k) FROM sbtest8 WHERE id BETWEEN 5100212 AND 5101211
	Aggregate  (cost=3868.98..3868.99 rows=1 width=8)
	  ->  Bitmap Heap Scan on sbtest8  (cost=30.66..3866.48 rows=998 width=4)
	        Recheck Cond: ((id >= 5100212) AND (id <= 5101211))
	        ->  Bitmap Index Scan on sbtest8_pkey  (cost=0.00..30.41 rows=998 width=0)
	              Index Cond: ((id >= 5100212) AND (id <= 5101211))

explain: for point_selects :: explain SELECT c FROM sbtest%u WHERE id=%u
for: sum_ranges
table 1 : explain SELECT SUM(k) FROM sbtest1 WHERE id BETWEEN 5585152 AND 5586151
	Aggregate  (cost=3586.53..3586.54 rows=1 width=8)
	  ->  Bitmap Heap Scan on sbtest1  (cost=29.90..3584.23 rows=923 width=4)
	        Recheck Cond: ((id >= 5585152) AND (id <= 5586151))
	        ->  Bitmap Index Scan on sbtest1_pkey  (cost=0.00..29.66 rows=923 width=0)
	              Index Cond: ((id >= 5585152) AND (id <= 5586151))

table 2 : explain SELECT SUM(k) FROM sbtest2 WHERE id BETWEEN 8268611 AND 8269610
	Aggregate  (cost=3985.73..3985.74 rows=1 width=8)
	  ->  Bitmap Heap Scan on sbtest2  (cost=30.98..3983.15 rows=1029 width=4)
	        Recheck Cond: ((id >= 8268611) AND (id <= 8269610))
	        ->  Bitmap Index Scan on sbtest2_pkey  (cost=0.00..30.72 rows=1029 width=0)
	              Index Cond: ((id >= 8268611) AND (id <= 8269610))

table 3 : explain SELECT SUM(k) FROM sbtest3 WHERE id BETWEEN 5287764 AND 5288763
	Aggregate  (cost=4048.06..4048.07 rows=1 width=8)
	  ->  Bitmap Heap Scan on sbtest3  (cost=31.16..4045.45 rows=1046 width=4)
	        Recheck Cond: ((id >= 5287764) AND (id <= 5288763))
	        ->  Bitmap Index Scan on sbtest3_pkey  (cost=0.00..30.89 rows=1046 width=0)
	              Index Cond: ((id >= 5287764) AND (id <= 5288763))

table 4 : explain SELECT SUM(k) FROM sbtest4 WHERE id BETWEEN 669889 AND 670888
	Aggregate  (cost=3728.88..3728.89 rows=1 width=8)
	  ->  Bitmap Heap Scan on sbtest4  (cost=30.29..3726.48 rows=961 width=4)
	        Recheck Cond: ((id >= 669889) AND (id <= 670888))
	        ->  Bitmap Index Scan on sbtest4_pkey  (cost=0.00..30.04 rows=961 width=0)
	              Index Cond: ((id >= 669889) AND (id <= 670888))

table 5 : explain SELECT SUM(k) FROM sbtest5 WHERE id BETWEEN 4906289 AND 4907288
	Aggregate  (cost=3611.89..3611.90 rows=1 width=8)
	  ->  Bitmap Heap Scan on sbtest5  (cost=29.97..3609.57 rows=930 width=4)
	        Recheck Cond: ((id >= 4906289) AND (id <= 4907288))
	        ->  Bitmap Index Scan on sbtest5_pkey  (cost=0.00..29.73 rows=930 width=0)
	              Index Cond: ((id >= 4906289) AND (id <= 4907288))

table 6 : explain SELECT SUM(k) FROM sbtest6 WHERE id BETWEEN 1513079 AND 1514078
	Aggregate  (cost=4019.37..4019.38 rows=1 width=8)
	  ->  Bitmap Heap Scan on sbtest6  (cost=31.07..4016.78 rows=1038 width=4)
	        Recheck Cond: ((id >= 1513079) AND (id <= 1514078))
	        ->  Bitmap Index Scan on sbtest6_pkey  (cost=0.00..30.82 rows=1038 width=0)
	              Index Cond: ((id >= 1513079) AND (id <= 1514078))

table 7 : explain SELECT SUM(k) FROM sbtest7 WHERE id BETWEEN 8488395 AND 8489394
	Aggregate  (cost=3885.42..3885.43 rows=1 width=8)
	  ->  Bitmap Heap Scan on sbtest7  (cost=30.72..3882.92 rows=1003 width=4)
	        Recheck Cond: ((id >= 8488395) AND (id <= 8489394))
	        ->  Bitmap Index Scan on sbtest7_pkey  (cost=0.00..30.46 rows=1003 width=0)
	              Index Cond: ((id >= 8488395) AND (id <= 8489394))

table 8 : explain SELECT SUM(k) FROM sbtest8 WHERE id BETWEEN 2728613 AND 2729612
	Aggregate  (cost=3566.47..3566.48 rows=1 width=8)
	  ->  Bitmap Heap Scan on sbtest8  (cost=29.84..3564.17 rows=918 width=4)
	        Recheck Cond: ((id >= 2728613) AND (id <= 2729612))
	        ->  Bitmap Index Scan on sbtest8_pkey  (cost=0.00..29.61 rows=918 width=0)
	              Index Cond: ((id >= 2728613) AND (id <= 2729612))

for: simple_ranges
table 1 : explain SELECT c FROM sbtest1 WHERE id BETWEEN 8315398 AND 8316397
	Bitmap Heap Scan on sbtest1  (cost=30.94..3969.66 rows=1025 width=121)
	  Recheck Cond: ((id >= 8315398) AND (id <= 8316397))
	  ->  Bitmap Index Scan on sbtest1_pkey  (cost=0.00..30.68 rows=1025 width=0)
	        Index Cond: ((id >= 8315398) AND (id <= 8316397))

table 2 : explain SELECT c FROM sbtest2 WHERE id BETWEEN 8200398 AND 8201397
	Bitmap Heap Scan on sbtest2  (cost=30.63..3854.92 rows=995 width=121)
	  Recheck Cond: ((id >= 8200398) AND (id <= 8201397))
	  ->  Bitmap Index Scan on sbtest2_pkey  (cost=0.00..30.39 rows=995 width=0)
	        Index Cond: ((id >= 8200398) AND (id <= 8201397))

table 3 : explain SELECT c FROM sbtest3 WHERE id BETWEEN 8741114 AND 8742113
	Bitmap Heap Scan on sbtest3  (cost=30.29..3724.98 rows=961 width=121)
	  Recheck Cond: ((id >= 8741114) AND (id <= 8742113))
	  ->  Bitmap Index Scan on sbtest3_pkey  (cost=0.00..30.04 rows=961 width=0)
	        Index Cond: ((id >= 8741114) AND (id <= 8742113))

table 4 : explain SELECT c FROM sbtest4 WHERE id BETWEEN 8288246 AND 8289245
	Bitmap Heap Scan on sbtest4  (cost=30.83..3926.54 rows=1014 width=121)
	  Recheck Cond: ((id >= 8288246) AND (id <= 8289245))
	  ->  Bitmap Index Scan on sbtest4_pkey  (cost=0.00..30.57 rows=1014 width=0)
	        Index Cond: ((id >= 8288246) AND (id <= 8289245))

table 5 : explain SELECT c FROM sbtest5 WHERE id BETWEEN 4419619 AND 4420618
	Bitmap Heap Scan on sbtest5  (cost=31.12..4032.40 rows=1042 width=121)
	  Recheck Cond: ((id >= 4419619) AND (id <= 4420618))
	  ->  Bitmap Index Scan on sbtest5_pkey  (cost=0.00..30.86 rows=1042 width=0)
	        Index Cond: ((id >= 4419619) AND (id <= 4420618))

table 6 : explain SELECT c FROM sbtest6 WHERE id BETWEEN 5932056 AND 5933055
	Bitmap Heap Scan on sbtest6  (cost=30.52..3813.13 rows=984 width=121)
	  Recheck Cond: ((id >= 5932056) AND (id <= 5933055))
	  ->  Bitmap Index Scan on sbtest6_pkey  (cost=0.00..30.27 rows=984 width=0)
	        Index Cond: ((id >= 5932056) AND (id <= 5933055))

table 7 : explain SELECT c FROM sbtest7 WHERE id BETWEEN 6342491 AND 6343490
	Bitmap Heap Scan on sbtest7  (cost=29.81..3550.70 rows=915 width=121)
	  Recheck Cond: ((id >= 6342491) AND (id <= 6343490))
	  ->  Bitmap Index Scan on sbtest7_pkey  (cost=0.00..29.58 rows=915 width=0)
	        Index Cond: ((id >= 6342491) AND (id <= 6343490))

table 8 : explain SELECT c FROM sbtest8 WHERE id BETWEEN 7696848 AND 7697847
	Bitmap Heap Scan on sbtest8  (cost=30.93..3964.56 rows=1024 width=121)
	  Recheck Cond: ((id >= 7696848) AND (id <= 7697847))
	  ->  Bitmap Index Scan on sbtest8_pkey  (cost=0.00..30.68 rows=1024 width=0)
	        Index Cond: ((id >= 7696848) AND (id <= 7697847))

for: order_ranges
table 1 : explain SELECT c FROM sbtest1 WHERE id BETWEEN 7392957 AND 7393956 ORDER BY c
	Sort  (cost=4158.70..4161.36 rows=1061 width=121)
	  Sort Key: c
	  ->  Bitmap Heap Scan on sbtest1  (cost=31.31..4105.38 rows=1061 width=121)
	        Recheck Cond: ((id >= 7392957) AND (id <= 7393956))
	        ->  Bitmap Index Scan on sbtest1_pkey  (cost=0.00..31.04 rows=1061 width=0)
	              Index Cond: ((id >= 7392957) AND (id <= 7393956))

table 2 : explain SELECT c FROM sbtest2 WHERE id BETWEEN 8960102 AND 8961101 ORDER BY c
	Sort  (cost=4038.47..4041.04 rows=1030 width=121)
	  Sort Key: c
	  ->  Bitmap Heap Scan on sbtest2  (cost=30.99..3986.92 rows=1030 width=121)
	        Recheck Cond: ((id >= 8960102) AND (id <= 8961101))
	        ->  Bitmap Index Scan on sbtest2_pkey  (cost=0.00..30.73 rows=1030 width=0)
	              Index Cond: ((id >= 8960102) AND (id <= 8961101))

table 3 : explain SELECT c FROM sbtest3 WHERE id BETWEEN 2712293 AND 2713292 ORDER BY c
	Sort  (cost=3845.38..3847.83 rows=980 width=121)
	  Sort Key: c
	  ->  Bitmap Heap Scan on sbtest3  (cost=30.48..3796.69 rows=980 width=121)
	        Recheck Cond: ((id >= 2712293) AND (id <= 2713292))
	        ->  Bitmap Index Scan on sbtest3_pkey  (cost=0.00..30.23 rows=980 width=0)
	              Index Cond: ((id >= 2712293) AND (id <= 2713292))

table 4 : explain SELECT c FROM sbtest4 WHERE id BETWEEN 6039819 AND 6040818 ORDER BY c
	Sort  (cost=3428.46..3430.64 rows=871 width=121)
	  Sort Key: c
	  ->  Bitmap Heap Scan on sbtest4  (cost=29.36..3385.93 rows=871 width=121)
	        Recheck Cond: ((id >= 6039819) AND (id <= 6040818))
	        ->  Bitmap Index Scan on sbtest4_pkey  (cost=0.00..29.14 rows=871 width=0)
	              Index Cond: ((id >= 6039819) AND (id <= 6040818))

table 5 : explain SELECT c FROM sbtest5 WHERE id BETWEEN 5223205 AND 5224204 ORDER BY c
	Sort  (cost=4111.41..4114.03 rows=1049 width=121)
	  Sort Key: c
	  ->  Bitmap Heap Scan on sbtest5  (cost=31.19..4058.78 rows=1049 width=121)
	        Recheck Cond: ((id >= 5223205) AND (id <= 5224204))
	        ->  Bitmap Index Scan on sbtest5_pkey  (cost=0.00..30.93 rows=1049 width=0)
	              Index Cond: ((id >= 5223205) AND (id <= 5224204))

table 6 : explain SELECT c FROM sbtest6 WHERE id BETWEEN 4370156 AND 4371155 ORDER BY c
	Sort  (cost=3639.60..3641.92 rows=926 width=121)
	  Sort Key: c
	  ->  Bitmap Heap Scan on sbtest6  (cost=29.93..3593.97 rows=926 width=121)
	        Recheck Cond: ((id >= 4370156) AND (id <= 4371155))
	        ->  Bitmap Index Scan on sbtest6_pkey  (cost=0.00..29.69 rows=926 width=0)
	              Index Cond: ((id >= 4370156) AND (id <= 4371155))

table 7 : explain SELECT c FROM sbtest7 WHERE id BETWEEN 320622 AND 321621 ORDER BY c
	Sort  (cost=3630.24..3632.55 rows=924 width=121)
	  Sort Key: c
	  ->  Bitmap Heap Scan on sbtest7  (cost=29.91..3584.72 rows=924 width=121)
	        Recheck Cond: ((id >= 320622) AND (id <= 321621))
	        ->  Bitmap Index Scan on sbtest7_pkey  (cost=0.00..29.68 rows=924 width=0)
	              Index Cond: ((id >= 320622) AND (id <= 321621))

table 8 : explain SELECT c FROM sbtest8 WHERE id BETWEEN 1592977 AND 1593976 ORDER BY c
	Sort  (cost=4134.54..4137.17 rows=1054 width=121)
	  Sort Key: c
	  ->  Bitmap Heap Scan on sbtest8  (cost=35.24..4081.62 rows=1054 width=121)
	        Recheck Cond: ((id >= 1592977) AND (id <= 1593976))
	        ->  Bitmap Index Scan on sbtest8_pkey  (cost=0.00..34.98 rows=1054 width=0)
	              Index Cond: ((id >= 1592977) AND (id <= 1593976))

for: simple_ranges
table 1 : explain SELECT c FROM sbtest1 WHERE id BETWEEN 608966 AND 609965
	Bitmap Heap Scan on sbtest1  (cost=29.99..3618.29 rows=932 width=121)
	  Recheck Cond: ((id >= 608966) AND (id <= 609965))
	  ->  Bitmap Index Scan on sbtest1_pkey  (cost=0.00..29.75 rows=932 width=0)
	        Index Cond: ((id >= 608966) AND (id <= 609965))

table 2 : explain SELECT c FROM sbtest2 WHERE id BETWEEN 4066152 AND 4067151
	Bitmap Heap Scan on sbtest2  (cost=35.63..4224.39 rows=1092 width=121)
	  Recheck Cond: ((id >= 4066152) AND (id <= 4067151))
	  ->  Bitmap Index Scan on sbtest2_pkey  (cost=0.00..35.36 rows=1092 width=0)
	        Index Cond: ((id >= 4066152) AND (id <= 4067151))

table 3 : explain SELECT c FROM sbtest3 WHERE id BETWEEN 2573023 AND 2574022
	Bitmap Heap Scan on sbtest3  (cost=29.91..3585.19 rows=924 width=121)
	  Recheck Cond: ((id >= 2573023) AND (id <= 2574022))
	  ->  Bitmap Index Scan on sbtest3_pkey  (cost=0.00..29.68 rows=924 width=0)
	        Index Cond: ((id >= 2573023) AND (id <= 2574022))

table 4 : explain SELECT c FROM sbtest4 WHERE id BETWEEN 5020360 AND 5021359
	Bitmap Heap Scan on sbtest4  (cost=30.71..3881.27 rows=1002 width=121)
	  Recheck Cond: ((id >= 5020360) AND (id <= 5021359))
	  ->  Bitmap Index Scan on sbtest4_pkey  (cost=0.00..30.45 rows=1002 width=0)
	        Index Cond: ((id >= 5020360) AND (id <= 5021359))

table 5 : explain SELECT c FROM sbtest5 WHERE id BETWEEN 7703129 AND 7704128
	Bitmap Heap Scan on sbtest5  (cost=30.74..3892.89 rows=1005 width=121)
	  Recheck Cond: ((id >= 7703129) AND (id <= 7704128))
	  ->  Bitmap Index Scan on sbtest5_pkey  (cost=0.00..30.48 rows=1005 width=0)
	        Index Cond: ((id >= 7703129) AND (id <= 7704128))

table 6 : explain SELECT c FROM sbtest6 WHERE id BETWEEN 6134945 AND 6135944
	Bitmap Heap Scan on sbtest6  (cost=30.38..3760.27 rows=970 width=121)
	  Recheck Cond: ((id >= 6134945) AND (id <= 6135944))
	  ->  Bitmap Index Scan on sbtest6_pkey  (cost=0.00..30.14 rows=970 width=0)
	        Index Cond: ((id >= 6134945) AND (id <= 6135944))

table 7 : explain SELECT c FROM sbtest7 WHERE id BETWEEN 7441900 AND 7442899
	Bitmap Heap Scan on sbtest7  (cost=35.13..4037.60 rows=1043 width=121)
	  Recheck Cond: ((id >= 7441900) AND (id <= 7442899))
	  ->  Bitmap Index Scan on sbtest7_pkey  (cost=0.00..34.87 rows=1043 width=0)
	        Index Cond: ((id >= 7441900) AND (id <= 7442899))

table 8 : explain SELECT c FROM sbtest8 WHERE id BETWEEN 7218754 AND 7219753
	Bitmap Heap Scan on sbtest8  (cost=30.83..3926.85 rows=1014 width=121)
	  Recheck Cond: ((id >= 7218754) AND (id <= 7219753))
	  ->  Bitmap Index Scan on sbtest8_pkey  (cost=0.00..30.57 rows=1014 width=0)
	        Index Cond: ((id >= 7218754) AND (id <= 7219753))

for point_selects
table 1 : explain SELECT c FROM sbtest1 WHERE id=7097272
	Index Scan using sbtest1_pkey on sbtest1  (cost=0.43..8.45 rows=1 width=121)
	  Index Cond: (id = 7097272)

table 2 : explain SELECT c FROM sbtest2 WHERE id=4465386
	Index Scan using sbtest2_pkey on sbtest2  (cost=0.43..8.45 rows=1 width=121)
	  Index Cond: (id = 4465386)

table 3 : explain SELECT c FROM sbtest3 WHERE id=7936564
	Index Scan using sbtest3_pkey on sbtest3  (cost=0.43..8.45 rows=1 width=121)
	  Index Cond: (id = 7936564)

table 4 : explain SELECT c FROM sbtest4 WHERE id=8551151
	Index Scan using sbtest4_pkey on sbtest4  (cost=0.43..8.45 rows=1 width=121)
	  Index Cond: (id = 8551151)

table 5 : explain SELECT c FROM sbtest5 WHERE id=7157766
	Index Scan using sbtest5_pkey on sbtest5  (cost=0.43..8.45 rows=1 width=121)
	  Index Cond: (id = 7157766)

table 6 : explain SELECT c FROM sbtest6 WHERE id=614873
	Index Scan using sbtest6_pkey on sbtest6  (cost=0.43..8.45 rows=1 width=121)
	  Index Cond: (id = 614873)

table 7 : explain SELECT c FROM sbtest7 WHERE id=7692428
	Index Scan using sbtest7_pkey on sbtest7  (cost=0.43..8.45 rows=1 width=121)
	  Index Cond: (id = 7692428)

table 8 : explain SELECT c FROM sbtest8 WHERE id=9540463
	Index Scan using sbtest8_pkey on sbtest8  (cost=0.43..8.45 rows=1 width=121)
	  Index Cond: (id = 9540463)

for: order_ranges
table 1 : explain SELECT c FROM sbtest1 WHERE id BETWEEN 7468739 AND 7469738 ORDER BY c
	Sort  (cost=4189.48..4192.15 rows=1068 width=121)
	  Sort Key: c
	  ->  Bitmap Heap Scan on sbtest1  (cost=35.38..4135.76 rows=1068 width=121)
	        Recheck Cond: ((id >= 7468739) AND (id <= 7469738))
	        ->  Bitmap Index Scan on sbtest1_pkey  (cost=0.00..35.12 rows=1068 width=0)
	              Index Cond: ((id >= 7468739) AND (id <= 7469738))

table 2 : explain SELECT c FROM sbtest2 WHERE id BETWEEN 9057610 AND 9058609 ORDER BY c
	Sort  (cost=3624.49..3626.80 rows=922 width=121)
	  Sort Key: c
	  ->  Bitmap Heap Scan on sbtest2  (cost=29.89..3579.09 rows=922 width=121)
	        Recheck Cond: ((id >= 9057610) AND (id <= 9058609))
	        ->  Bitmap Index Scan on sbtest2_pkey  (cost=0.00..29.65 rows=922 width=0)
	              Index Cond: ((id >= 9057610) AND (id <= 9058609))

table 3 : explain SELECT c FROM sbtest3 WHERE id BETWEEN 5725851 AND 5726850 ORDER BY c
	Sort  (cost=3925.79..3928.29 rows=1001 width=121)
	  Sort Key: c
	  ->  Bitmap Heap Scan on sbtest3  (cost=30.70..3875.90 rows=1001 width=121)
	        Recheck Cond: ((id >= 5725851) AND (id <= 5726850))
	        ->  Bitmap Index Scan on sbtest3_pkey  (cost=0.00..30.44 rows=1001 width=0)
	              Index Cond: ((id >= 5725851) AND (id <= 5726850))

table 4 : explain SELECT c FROM sbtest4 WHERE id BETWEEN 4915207 AND 4916206 ORDER BY c
	Sort  (cost=3988.65..3991.19 rows=1017 width=121)
	  Sort Key: c
	  ->  Bitmap Heap Scan on sbtest4  (cost=30.86..3937.85 rows=1017 width=121)
	        Recheck Cond: ((id >= 4915207) AND (id <= 4916206))
	        ->  Bitmap Index Scan on sbtest4_pkey  (cost=0.00..30.61 rows=1017 width=0)
	              Index Cond: ((id >= 4915207) AND (id <= 4916206))

table 5 : explain SELECT c FROM sbtest5 WHERE id BETWEEN 7641641 AND 7642640 ORDER BY c
	Sort  (cost=3985.13..3987.67 rows=1016 width=121)
	  Sort Key: c
	  ->  Bitmap Heap Scan on sbtest5  (cost=30.85..3934.39 rows=1016 width=121)
	        Recheck Cond: ((id >= 7641641) AND (id <= 7642640))
	        ->  Bitmap Index Scan on sbtest5_pkey  (cost=0.00..30.59 rows=1016 width=0)
	              Index Cond: ((id >= 7641641) AND (id <= 7642640))

table 6 : explain SELECT c FROM sbtest6 WHERE id BETWEEN 3489500 AND 3490499 ORDER BY c
	Sort  (cost=3789.22..3791.63 rows=965 width=121)
	  Sort Key: c
	  ->  Bitmap Heap Scan on sbtest6  (cost=30.33..3741.38 rows=965 width=121)
	        Recheck Cond: ((id >= 3489500) AND (id <= 3490499))
	        ->  Bitmap Index Scan on sbtest6_pkey  (cost=0.00..30.08 rows=965 width=0)
	              Index Cond: ((id >= 3489500) AND (id <= 3490499))

table 7 : explain SELECT c FROM sbtest7 WHERE id BETWEEN 7050269 AND 7051268 ORDER BY c
	Sort  (cost=3791.25..3793.67 rows=966 width=121)
	  Sort Key: c
	  ->  Bitmap Heap Scan on sbtest7  (cost=30.34..3743.36 rows=966 width=121)
	        Recheck Cond: ((id >= 7050269) AND (id <= 7051268))
	        ->  Bitmap Index Scan on sbtest7_pkey  (cost=0.00..30.09 rows=966 width=0)
	              Index Cond: ((id >= 7050269) AND (id <= 7051268))

table 8 : explain SELECT c FROM sbtest8 WHERE id BETWEEN 4434779 AND 4435778 ORDER BY c
	Sort  (cost=4004.28..4006.83 rows=1021 width=121)
	  Sort Key: c
	  ->  Bitmap Heap Scan on sbtest8  (cost=30.90..3953.25 rows=1021 width=121)
	        Recheck Cond: ((id >= 4434779) AND (id <= 4435778))
	        ->  Bitmap Index Scan on sbtest8_pkey  (cost=0.00..30.64 rows=1021 width=0)
	              Index Cond: ((id >= 4434779) AND (id <= 4435778))

for point_selects
table 1 : explain SELECT c FROM sbtest1 WHERE id=4349050
	Index Scan using sbtest1_pkey on sbtest1  (cost=0.43..8.45 rows=1 width=121)
	  Index Cond: (id = 4349050)

table 2 : explain SELECT c FROM sbtest2 WHERE id=530065
	Index Scan using sbtest2_pkey on sbtest2  (cost=0.43..8.45 rows=1 width=121)
	  Index Cond: (id = 530065)

table 3 : explain SELECT c FROM sbtest3 WHERE id=8178115
	Index Scan using sbtest3_pkey on sbtest3  (cost=0.43..8.45 rows=1 width=121)
	  Index Cond: (id = 8178115)

table 4 : explain SELECT c FROM sbtest4 WHERE id=9398327
	Index Scan using sbtest4_pkey on sbtest4  (cost=0.43..8.45 rows=1 width=121)
	  Index Cond: (id = 9398327)

table 5 : explain SELECT c FROM sbtest5 WHERE id=2518219
	Index Scan using sbtest5_pkey on sbtest5  (cost=0.43..8.45 rows=1 width=121)
	  Index Cond: (id = 2518219)

table 6 : explain SELECT c FROM sbtest6 WHERE id=4149008
	Index Scan using sbtest6_pkey on sbtest6  (cost=0.43..8.45 rows=1 width=121)
	  Index Cond: (id = 4149008)

table 7 : explain SELECT c FROM sbtest7 WHERE id=3159429
	Index Scan using sbtest7_pkey on sbtest7  (cost=0.43..8.45 rows=1 width=121)
	  Index Cond: (id = 3159429)

table 8 : explain SELECT c FROM sbtest8 WHERE id=1502693
	Index Scan using sbtest8_pkey on sbtest8  (cost=0.43..8.45 rows=1 width=121)
	  Index Cond: (id = 1502693)

for point_selects
table 1 : explain SELECT c FROM sbtest1 WHERE id=3133018
	Index Scan using sbtest1_pkey on sbtest1  (cost=0.43..8.45 rows=1 width=121)
	  Index Cond: (id = 3133018)

table 2 : explain SELECT c FROM sbtest2 WHERE id=7443732
	Index Scan using sbtest2_pkey on sbtest2  (cost=0.43..8.45 rows=1 width=121)
	  Index Cond: (id = 7443732)

table 3 : explain SELECT c FROM sbtest3 WHERE id=309658
	Index Scan using sbtest3_pkey on sbtest3  (cost=0.43..8.45 rows=1 width=121)
	  Index Cond: (id = 309658)

table 4 : explain SELECT c FROM sbtest4 WHERE id=6168314
	Index Scan using sbtest4_pkey on sbtest4  (cost=0.43..8.45 rows=1 width=121)
	  Index Cond: (id = 6168314)

table 5 : explain SELECT c FROM sbtest5 WHERE id=6950642
	Index Scan using sbtest5_pkey on sbtest5  (cost=0.43..8.45 rows=1 width=121)
	  Index Cond: (id = 6950642)

table 6 : explain SELECT c FROM sbtest6 WHERE id=8730303
	Index Scan using sbtest6_pkey on sbtest6  (cost=0.43..8.45 rows=1 width=121)
	  Index Cond: (id = 8730303)

table 7 : explain SELECT c FROM sbtest7 WHERE id=4205082
	Index Scan using sbtest7_pkey on sbtest7  (cost=0.43..8.45 rows=1 width=121)
	  Index Cond: (id = 4205082)

table 8 : explain SELECT c FROM sbtest8 WHERE id=8894619
	Index Scan using sbtest8_pkey on sbtest8  (cost=0.43..8.45 rows=1 width=121)
	  Index Cond: (id = 8894619)

for: order_ranges
table 1 : explain SELECT c FROM sbtest1 WHERE id BETWEEN 2299112 AND 2300111 ORDER BY c
	Sort  (cost=4384.39..4387.18 rows=1119 width=121)
	  Sort Key: c
	  ->  Bitmap Heap Scan on sbtest1  (cost=35.90..4327.72 rows=1119 width=121)
	        Recheck Cond: ((id >= 2299112) AND (id <= 2300111))
	        ->  Bitmap Index Scan on sbtest1_pkey  (cost=0.00..35.62 rows=1119 width=0)
	              Index Cond: ((id >= 2299112) AND (id <= 2300111))

table 2 : explain SELECT c FROM sbtest2 WHERE id BETWEEN 2421175 AND 2422174 ORDER BY c
	Sort  (cost=3858.48..3860.94 rows=983 width=121)
	  Sort Key: c
	  ->  Bitmap Heap Scan on sbtest2  (cost=30.51..3809.62 rows=983 width=121)
	        Recheck Cond: ((id >= 2421175) AND (id <= 2422174))
	        ->  Bitmap Index Scan on sbtest2_pkey  (cost=0.00..30.26 rows=983 width=0)
	              Index Cond: ((id >= 2421175) AND (id <= 2422174))

table 3 : explain SELECT c FROM sbtest3 WHERE id BETWEEN 7547894 AND 7548893 ORDER BY c
	Sort  (cost=4074.97..4077.57 rows=1040 width=121)
	  Sort Key: c
	  ->  Bitmap Heap Scan on sbtest3  (cost=31.09..4022.86 rows=1040 width=121)
	        Recheck Cond: ((id >= 7547894) AND (id <= 7548893))
	        ->  Bitmap Index Scan on sbtest3_pkey  (cost=0.00..30.83 rows=1040 width=0)
	              Index Cond: ((id >= 7547894) AND (id <= 7548893))

table 4 : explain SELECT c FROM sbtest4 WHERE id BETWEEN 500654 AND 501653 ORDER BY c
	Sort  (cost=3843.10..3845.55 rows=979 width=121)
	  Sort Key: c
	  ->  Bitmap Heap Scan on sbtest4  (cost=30.47..3794.47 rows=979 width=121)
	        Recheck Cond: ((id >= 500654) AND (id <= 501653))
	        ->  Bitmap Index Scan on sbtest4_pkey  (cost=0.00..30.22 rows=979 width=0)
	              Index Cond: ((id >= 500654) AND (id <= 501653))

table 5 : explain SELECT c FROM sbtest5 WHERE id BETWEEN 6646647 AND 6647646 ORDER BY c
	Sort  (cost=4080.81..4083.41 rows=1041 width=121)
	  Sort Key: c
	  ->  Bitmap Heap Scan on sbtest5  (cost=31.11..4028.64 rows=1041 width=121)
	        Recheck Cond: ((id >= 6646647) AND (id <= 6647646))
	        ->  Bitmap Index Scan on sbtest5_pkey  (cost=0.00..30.84 rows=1041 width=0)
	              Index Cond: ((id >= 6646647) AND (id <= 6647646))

table 6 : explain SELECT c FROM sbtest6 WHERE id BETWEEN 3194611 AND 3195610 ORDER BY c
	Sort  (cost=3885.03..3887.51 rows=990 width=121)
	  Sort Key: c
	  ->  Bitmap Heap Scan on sbtest6  (cost=30.58..3835.77 rows=990 width=121)
	        Recheck Cond: ((id >= 3194611) AND (id <= 3195610))
	        ->  Bitmap Index Scan on sbtest6_pkey  (cost=0.00..30.33 rows=990 width=0)
	              Index Cond: ((id >= 3194611) AND (id <= 3195610))

table 7 : explain SELECT c FROM sbtest7 WHERE id BETWEEN 568227 AND 569226 ORDER BY c
	Sort  (cost=3940.57..3943.08 rows=1005 width=121)
	  Sort Key: c
	  ->  Bitmap Heap Scan on sbtest7  (cost=30.74..3890.46 rows=1005 width=121)
	        Recheck Cond: ((id >= 568227) AND (id <= 569226))
	        ->  Bitmap Index Scan on sbtest7_pkey  (cost=0.00..30.48 rows=1005 width=0)
	              Index Cond: ((id >= 568227) AND (id <= 569226))

table 8 : explain SELECT c FROM sbtest8 WHERE id BETWEEN 156782 AND 157781 ORDER BY c
	Sort  (cost=3877.89..3880.36 rows=988 width=121)
	  Sort Key: c
	  ->  Bitmap Heap Scan on sbtest8  (cost=30.56..3828.74 rows=988 width=121)
	        Recheck Cond: ((id >= 156782) AND (id <= 157781))
	        ->  Bitmap Index Scan on sbtest8_pkey  (cost=0.00..30.32 rows=988 width=0)
	              Index Cond: ((id >= 156782) AND (id <= 157781))

for: simple_ranges
table 1 : explain SELECT c FROM sbtest1 WHERE id BETWEEN 8092146 AND 8093145
	Bitmap Heap Scan on sbtest1  (cost=30.74..3894.19 rows=1005 width=121)
	  Recheck Cond: ((id >= 8092146) AND (id <= 8093145))
	  ->  Bitmap Index Scan on sbtest1_pkey  (cost=0.00..30.48 rows=1005 width=0)
	        Index Cond: ((id >= 8092146) AND (id <= 8093145))

table 2 : explain SELECT c FROM sbtest2 WHERE id BETWEEN 716583 AND 717582
	Bitmap Heap Scan on sbtest2  (cost=30.15..3677.41 rows=948 width=121)
	  Recheck Cond: ((id >= 716583) AND (id <= 717582))
	  ->  Bitmap Index Scan on sbtest2_pkey  (cost=0.00..29.91 rows=948 width=0)
	        Index Cond: ((id >= 716583) AND (id <= 717582))

table 3 : explain SELECT c FROM sbtest3 WHERE id BETWEEN 8564660 AND 8565659
	Bitmap Heap Scan on sbtest3  (cost=31.47..4162.10 rows=1077 width=121)
	  Recheck Cond: ((id >= 8564660) AND (id <= 8565659))
	  ->  Bitmap Index Scan on sbtest3_pkey  (cost=0.00..31.20 rows=1077 width=0)
	        Index Cond: ((id >= 8564660) AND (id <= 8565659))

table 4 : explain SELECT c FROM sbtest4 WHERE id BETWEEN 4651031 AND 4652030
	Bitmap Heap Scan on sbtest4  (cost=30.77..3903.91 rows=1008 width=121)
	  Recheck Cond: ((id >= 4651031) AND (id <= 4652030))
	  ->  Bitmap Index Scan on sbtest4_pkey  (cost=0.00..30.51 rows=1008 width=0)
	        Index Cond: ((id >= 4651031) AND (id <= 4652030))

table 5 : explain SELECT c FROM sbtest5 WHERE id BETWEEN 4806409 AND 4807408
	Bitmap Heap Scan on sbtest5  (cost=30.55..3824.96 rows=987 width=121)
	  Recheck Cond: ((id >= 4806409) AND (id <= 4807408))
	  ->  Bitmap Index Scan on sbtest5_pkey  (cost=0.00..30.30 rows=987 width=0)
	        Index Cond: ((id >= 4806409) AND (id <= 4807408))

table 6 : explain SELECT c FROM sbtest6 WHERE id BETWEEN 2888159 AND 2889158
	Bitmap Heap Scan on sbtest6  (cost=35.35..4122.47 rows=1065 width=121)
	  Recheck Cond: ((id >= 2888159) AND (id <= 2889158))
	  ->  Bitmap Index Scan on sbtest6_pkey  (cost=0.00..35.09 rows=1065 width=0)
	        Index Cond: ((id >= 2888159) AND (id <= 2889158))

table 7 : explain SELECT c FROM sbtest7 WHERE id BETWEEN 8763169 AND 8764168
	Bitmap Heap Scan on sbtest7  (cost=30.35..3747.13 rows=967 width=121)
	  Recheck Cond: ((id >= 8763169) AND (id <= 8764168))
	  ->  Bitmap Index Scan on sbtest7_pkey  (cost=0.00..30.11 rows=967 width=0)
	        Index Cond: ((id >= 8763169) AND (id <= 8764168))

table 8 : explain SELECT c FROM sbtest8 WHERE id BETWEEN 8524764 AND 8525763
	Bitmap Heap Scan on sbtest8  (cost=30.54..3821.19 rows=986 width=121)
	  Recheck Cond: ((id >= 8524764) AND (id <= 8525763))
	  ->  Bitmap Index Scan on sbtest8_pkey  (cost=0.00..30.29 rows=986 width=0)
	        Index Cond: ((id >= 8524764) AND (id <= 8525763))

for: order_ranges
table 1 : explain SELECT c FROM sbtest1 WHERE id BETWEEN 8510952 AND 8511951 ORDER BY c
	Sort  (cost=3790.93..3793.34 rows=965 width=121)
	  Sort Key: c
	  ->  Bitmap Heap Scan on sbtest1  (cost=30.33..3743.09 rows=965 width=121)
	        Recheck Cond: ((id >= 8510952) AND (id <= 8511951))
	        ->  Bitmap Index Scan on sbtest1_pkey  (cost=0.00..30.08 rows=965 width=0)
	              Index Cond: ((id >= 8510952) AND (id <= 8511951))

table 2 : explain SELECT c FROM sbtest2 WHERE id BETWEEN 6067144 AND 6068143 ORDER BY c
	Sort  (cost=4363.50..4366.28 rows=1114 width=121)
	  Sort Key: c
	  ->  Bitmap Heap Scan on sbtest2  (cost=35.85..4307.12 rows=1114 width=121)
	        Recheck Cond: ((id >= 6067144) AND (id <= 6068143))
	        ->  Bitmap Index Scan on sbtest2_pkey  (cost=0.00..35.58 rows=1114 width=0)
	              Index Cond: ((id >= 6067144) AND (id <= 6068143))

table 3 : explain SELECT c FROM sbtest3 WHERE id BETWEEN 2456769 AND 2457768 ORDER BY c
	Sort  (cost=4415.03..4417.85 rows=1129 width=121)
	  Sort Key: c
	  ->  Bitmap Heap Scan on sbtest3  (cost=36.01..4357.78 rows=1129 width=121)
	        Recheck Cond: ((id >= 2456769) AND (id <= 2457768))
	        ->  Bitmap Index Scan on sbtest3_pkey  (cost=0.00..35.73 rows=1129 width=0)
	              Index Cond: ((id >= 2456769) AND (id <= 2457768))

table 4 : explain SELECT c FROM sbtest4 WHERE id BETWEEN 519409 AND 520408 ORDER BY c
	Sort  (cost=3843.10..3845.55 rows=979 width=121)
	  Sort Key: c
	  ->  Bitmap Heap Scan on sbtest4  (cost=30.47..3794.47 rows=979 width=121)
	        Recheck Cond: ((id >= 519409) AND (id <= 520408))
	        ->  Bitmap Index Scan on sbtest4_pkey  (cost=0.00..30.22 rows=979 width=0)
	              Index Cond: ((id >= 519409) AND (id <= 520408))

table 5 : explain SELECT c FROM sbtest5 WHERE id BETWEEN 6874748 AND 6875747 ORDER BY c
	Sort  (cost=3900.87..3903.36 rows=994 width=121)
	  Sort Key: c
	  ->  Bitmap Heap Scan on sbtest5  (cost=30.62..3851.38 rows=994 width=121)
	        Recheck Cond: ((id >= 6874748) AND (id <= 6875747))
	        ->  Bitmap Index Scan on sbtest5_pkey  (cost=0.00..30.37 rows=994 width=0)
	              Index Cond: ((id >= 6874748) AND (id <= 6875747))

table 6 : explain SELECT c FROM sbtest6 WHERE id BETWEEN 8485396 AND 8486395 ORDER BY c
	Sort  (cost=4084.08..4086.69 rows=1042 width=121)
	  Sort Key: c
	  ->  Bitmap Heap Scan on sbtest6  (cost=31.12..4031.85 rows=1042 width=121)
	        Recheck Cond: ((id >= 8485396) AND (id <= 8486395))
	        ->  Bitmap Index Scan on sbtest6_pkey  (cost=0.00..30.86 rows=1042 width=0)
	              Index Cond: ((id >= 8485396) AND (id <= 8486395))

table 7 : explain SELECT c FROM sbtest7 WHERE id BETWEEN 4272933 AND 4273932 ORDER BY c
	Sort  (cost=3729.94..3732.31 rows=950 width=121)
	  Sort Key: c
	  ->  Bitmap Heap Scan on sbtest7  (cost=30.17..3682.95 rows=950 width=121)
	        Recheck Cond: ((id >= 4272933) AND (id <= 4273932))
	        ->  Bitmap Index Scan on sbtest7_pkey  (cost=0.00..29.93 rows=950 width=0)
	              Index Cond: ((id >= 4272933) AND (id <= 4273932))

table 8 : explain SELECT c FROM sbtest8 WHERE id BETWEEN 1560118 AND 1561117 ORDER BY c
	Sort  (cost=4134.54..4137.17 rows=1054 width=121)
	  Sort Key: c
	  ->  Bitmap Heap Scan on sbtest8  (cost=35.24..4081.62 rows=1054 width=121)
	        Recheck Cond: ((id >= 1560118) AND (id <= 1561117))
	        ->  Bitmap Index Scan on sbtest8_pkey  (cost=0.00..34.98 rows=1054 width=0)
	              Index Cond: ((id >= 1560118) AND (id <= 1561117))

for: order_ranges
table 1 : explain SELECT c FROM sbtest1 WHERE id BETWEEN 4582352 AND 4583351 ORDER BY c
	Sort  (cost=3917.48..3919.97 rows=998 width=121)
	  Sort Key: c
	  ->  Bitmap Heap Scan on sbtest1  (cost=30.66..3867.76 rows=998 width=121)
	        Recheck Cond: ((id >= 4582352) AND (id <= 4583351))
	        ->  Bitmap Index Scan on sbtest1_pkey  (cost=0.00..30.41 rows=998 width=0)
	              Index Cond: ((id >= 4582352) AND (id <= 4583351))

table 2 : explain SELECT c FROM sbtest2 WHERE id BETWEEN 8749102 AND 8750101 ORDER BY c
	Sort  (cost=4049.95..4052.53 rows=1033 width=121)
	  Sort Key: c
	  ->  Bitmap Heap Scan on sbtest2  (cost=31.02..3998.23 rows=1033 width=121)
	        Recheck Cond: ((id >= 8749102) AND (id <= 8750101))
	        ->  Bitmap Index Scan on sbtest2_pkey  (cost=0.00..30.76 rows=1033 width=0)
	              Index Cond: ((id >= 8749102) AND (id <= 8750101))

table 3 : explain SELECT c FROM sbtest3 WHERE id BETWEEN 3777853 AND 3778852 ORDER BY c
	Sort  (cost=3772.59..3774.99 rows=961 width=121)
	  Sort Key: c
	  ->  Bitmap Heap Scan on sbtest3  (cost=30.29..3724.98 rows=961 width=121)
	        Recheck Cond: ((id >= 3777853) AND (id <= 3778852))
	        ->  Bitmap Index Scan on sbtest3_pkey  (cost=0.00..30.04 rows=961 width=0)
	              Index Cond: ((id >= 3777853) AND (id <= 3778852))

table 4 : explain SELECT c FROM sbtest4 WHERE id BETWEEN 5526217 AND 5527216 ORDER BY c
	Sort  (cost=3789.43..3791.84 rows=965 width=121)
	  Sort Key: c
	  ->  Bitmap Heap Scan on sbtest4  (cost=30.33..3741.59 rows=965 width=121)
	        Recheck Cond: ((id >= 5526217) AND (id <= 5527216))
	        ->  Bitmap Index Scan on sbtest4_pkey  (cost=0.00..30.08 rows=965 width=0)
	              Index Cond: ((id >= 5526217) AND (id <= 5527216))

table 5 : explain SELECT c FROM sbtest5 WHERE id BETWEEN 4495821 AND 4496820 ORDER BY c
	Sort  (cost=4084.64..4087.24 rows=1042 width=121)
	  Sort Key: c
	  ->  Bitmap Heap Scan on sbtest5  (cost=31.12..4032.40 rows=1042 width=121)
	        Recheck Cond: ((id >= 4495821) AND (id <= 4496820))
	        ->  Bitmap Index Scan on sbtest5_pkey  (cost=0.00..30.86 rows=1042 width=0)
	              Index Cond: ((id >= 4495821) AND (id <= 4496820))

table 6 : explain SELECT c FROM sbtest6 WHERE id BETWEEN 1050322 AND 1051321 ORDER BY c
	Sort  (cost=3796.89..3799.30 rows=967 width=121)
	  Sort Key: c
	  ->  Bitmap Heap Scan on sbtest6  (cost=30.35..3748.94 rows=967 width=121)
	        Recheck Cond: ((id >= 1050322) AND (id <= 1051321))
	        ->  Bitmap Index Scan on sbtest6_pkey  (cost=0.00..30.11 rows=967 width=0)
	              Index Cond: ((id >= 1050322) AND (id <= 1051321))

table 7 : explain SELECT c FROM sbtest7 WHERE id BETWEEN 6247591 AND 6248590 ORDER BY c
	Sort  (cost=3668.59..3670.93 rows=934 width=121)
	  Sort Key: c
	  ->  Bitmap Heap Scan on sbtest7  (cost=30.01..3622.51 rows=934 width=121)
	        Recheck Cond: ((id >= 6247591) AND (id <= 6248590))
	        ->  Bitmap Index Scan on sbtest7_pkey  (cost=0.00..29.77 rows=934 width=0)
	              Index Cond: ((id >= 6247591) AND (id <= 6248590))

table 8 : explain SELECT c FROM sbtest8 WHERE id BETWEEN 6142139 AND 6143138 ORDER BY c
	Sort  (cost=3988.96..3991.51 rows=1017 width=121)
	  Sort Key: c
	  ->  Bitmap Heap Scan on sbtest8  (cost=30.86..3938.16 rows=1017 width=121)
	        Recheck Cond: ((id >= 6142139) AND (id <= 6143138))
	        ->  Bitmap Index Scan on sbtest8_pkey  (cost=0.00..30.61 rows=1017 width=0)
	              Index Cond: ((id >= 6142139) AND (id <= 6143138))

for: order_ranges
table 1 : explain SELECT c FROM sbtest1 WHERE id BETWEEN 6807767 AND 6808766 ORDER BY c
	Sort  (cost=3491.30..3493.52 rows=887 width=121)
	  Sort Key: c
	  ->  Bitmap Heap Scan on sbtest1  (cost=29.53..3447.87 rows=887 width=121)
	        Recheck Cond: ((id >= 6807767) AND (id <= 6808766))
	        ->  Bitmap Index Scan on sbtest1_pkey  (cost=0.00..29.30 rows=887 width=0)
	              Index Cond: ((id >= 6807767) AND (id <= 6808766))

table 2 : explain SELECT c FROM sbtest2 WHERE id BETWEEN 3612743 AND 3613742 ORDER BY c
	Sort  (cost=4038.47..4041.04 rows=1030 width=121)
	  Sort Key: c
	  ->  Bitmap Heap Scan on sbtest2  (cost=30.99..3986.92 rows=1030 width=121)
	        Recheck Cond: ((id >= 3612743) AND (id <= 3613742))
	        ->  Bitmap Index Scan on sbtest2_pkey  (cost=0.00..30.73 rows=1030 width=0)
	              Index Cond: ((id >= 3612743) AND (id <= 3613742))

table 3 : explain SELECT c FROM sbtest3 WHERE id BETWEEN 4310400 AND 4311399 ORDER BY c
	Sort  (cost=3872.19..3874.66 rows=987 width=121)
	  Sort Key: c
	  ->  Bitmap Heap Scan on sbtest3  (cost=30.55..3823.10 rows=987 width=121)
	        Recheck Cond: ((id >= 4310400) AND (id <= 4311399))
	        ->  Bitmap Index Scan on sbtest3_pkey  (cost=0.00..30.30 rows=987 width=0)
	              Index Cond: ((id >= 4310400) AND (id <= 4311399))

table 4 : explain SELECT c FROM sbtest4 WHERE id BETWEEN 4810116 AND 4811115 ORDER BY c
	Sort  (cost=3635.96..3638.27 rows=925 width=121)
	  Sort Key: c
	  ->  Bitmap Heap Scan on sbtest4  (cost=29.92..3590.39 rows=925 width=121)
	        Recheck Cond: ((id >= 4810116) AND (id <= 4811115))
	        ->  Bitmap Index Scan on sbtest4_pkey  (cost=0.00..29.68 rows=925 width=0)
	              Index Cond: ((id >= 4810116) AND (id <= 4811115))

table 5 : explain SELECT c FROM sbtest5 WHERE id BETWEEN 9475328 AND 9476327 ORDER BY c
	Sort  (cost=3958.33..3960.85 rows=1009 width=121)
	  Sort Key: c
	  ->  Bitmap Heap Scan on sbtest5  (cost=30.78..3907.98 rows=1009 width=121)
	        Recheck Cond: ((id >= 9475328) AND (id <= 9476327))
	        ->  Bitmap Index Scan on sbtest5_pkey  (cost=0.00..30.52 rows=1009 width=0)
	              Index Cond: ((id >= 9475328) AND (id <= 9476327))

table 6 : explain SELECT c FROM sbtest6 WHERE id BETWEEN 2231873 AND 2232872 ORDER BY c
	Sort  (cost=3816.05..3818.48 rows=972 width=121)
	  Sort Key: c
	  ->  Bitmap Heap Scan on sbtest6  (cost=30.40..3767.82 rows=972 width=121)
	        Recheck Cond: ((id >= 2231873) AND (id <= 2232872))
	        ->  Bitmap Index Scan on sbtest6_pkey  (cost=0.00..30.15 rows=972 width=0)
	              Index Cond: ((id >= 2231873) AND (id <= 2232872))

table 7 : explain SELECT c FROM sbtest7 WHERE id BETWEEN 1783136 AND 1784135 ORDER BY c
	Sort  (cost=3833.39..3835.83 rows=977 width=121)
	  Sort Key: c
	  ->  Bitmap Heap Scan on sbtest7  (cost=30.45..3784.87 rows=977 width=121)
	        Recheck Cond: ((id >= 1783136) AND (id <= 1784135))
	        ->  Bitmap Index Scan on sbtest7_pkey  (cost=0.00..30.20 rows=977 width=0)
	              Index Cond: ((id >= 1783136) AND (id <= 1784135))

table 8 : explain SELECT c FROM sbtest8 WHERE id BETWEEN 7735873 AND 7736872 ORDER BY c
	Sort  (cost=4015.76..4018.32 rows=1024 width=121)
	  Sort Key: c
	  ->  Bitmap Heap Scan on sbtest8  (cost=30.93..3964.56 rows=1024 width=121)
	        Recheck Cond: ((id >= 7735873) AND (id <= 7736872))
	        ->  Bitmap Index Scan on sbtest8_pkey  (cost=0.00..30.68 rows=1024 width=0)
	              Index Cond: ((id >= 7735873) AND (id <= 7736872))

for: order_ranges
table 1 : explain SELECT c FROM sbtest1 WHERE id BETWEEN 8953399 AND 8954398 ORDER BY c
	Sort  (cost=4399.66..4402.47 rows=1123 width=121)
	  Sort Key: c
	  ->  Bitmap Heap Scan on sbtest1  (cost=35.95..4342.76 rows=1123 width=121)
	        Recheck Cond: ((id >= 8953399) AND (id <= 8954398))
	        ->  Bitmap Index Scan on sbtest1_pkey  (cost=0.00..35.67 rows=1123 width=0)
	              Index Cond: ((id >= 8953399) AND (id <= 8954398))

table 2 : explain SELECT c FROM sbtest2 WHERE id BETWEEN 5124865 AND 5125864 ORDER BY c
	Sort  (cost=3731.96..3734.33 rows=950 width=121)
	  Sort Key: c
	  ->  Bitmap Heap Scan on sbtest2  (cost=30.17..3684.97 rows=950 width=121)
	        Recheck Cond: ((id >= 5124865) AND (id <= 5125864))
	        ->  Bitmap Index Scan on sbtest2_pkey  (cost=0.00..29.93 rows=950 width=0)
	              Index Cond: ((id >= 5124865) AND (id <= 5125864))

table 3 : explain SELECT c FROM sbtest3 WHERE id BETWEEN 5509226 AND 5510225 ORDER BY c
	Sort  (cost=3722.76..3725.13 rows=948 width=121)
	  Sort Key: c
	  ->  Bitmap Heap Scan on sbtest3  (cost=30.15..3675.88 rows=948 width=121)
	        Recheck Cond: ((id >= 5509226) AND (id <= 5510225))
	        ->  Bitmap Index Scan on sbtest3_pkey  (cost=0.00..29.91 rows=948 width=0)
	              Index Cond: ((id >= 5509226) AND (id <= 5510225))

table 4 : explain SELECT c FROM sbtest4 WHERE id BETWEEN 1882263 AND 1883262 ORDER BY c
	Sort  (cost=4218.30..4220.99 rows=1076 width=121)
	  Sort Key: c
	  ->  Bitmap Heap Scan on sbtest4  (cost=35.46..4164.12 rows=1076 width=121)
	        Recheck Cond: ((id >= 1882263) AND (id <= 1883262))
	        ->  Bitmap Index Scan on sbtest4_pkey  (cost=0.00..35.20 rows=1076 width=0)
	              Index Cond: ((id >= 1882263) AND (id <= 1883262))

table 5 : explain SELECT c FROM sbtest5 WHERE id BETWEEN 8409476 AND 8410475 ORDER BY c
	Sort  (cost=3797.38..3799.80 rows=967 width=121)
	  Sort Key: c
	  ->  Bitmap Heap Scan on sbtest5  (cost=30.35..3749.43 rows=967 width=121)
	        Recheck Cond: ((id >= 8409476) AND (id <= 8410475))
	        ->  Bitmap Index Scan on sbtest5_pkey  (cost=0.00..30.11 rows=967 width=0)
	              Index Cond: ((id >= 8409476) AND (id <= 8410475))

table 6 : explain SELECT c FROM sbtest6 WHERE id BETWEEN 3128696 AND 3129695 ORDER BY c
	Sort  (cost=3674.15..3676.48 rows=935 width=121)
	  Sort Key: c
	  ->  Bitmap Heap Scan on sbtest6  (cost=30.02..3628.01 rows=935 width=121)
	        Recheck Cond: ((id >= 3128696) AND (id <= 3129695))
	        ->  Bitmap Index Scan on sbtest6_pkey  (cost=0.00..29.79 rows=935 width=0)
	              Index Cond: ((id >= 3128696) AND (id <= 3129695))

table 7 : explain SELECT c FROM sbtest7 WHERE id BETWEEN 4385032 AND 4386031 ORDER BY c
	Sort  (cost=4173.93..4176.60 rows=1065 width=121)
	  Sort Key: c
	  ->  Bitmap Heap Scan on sbtest7  (cost=35.35..4120.38 rows=1065 width=121)
	        Recheck Cond: ((id >= 4385032) AND (id <= 4386031))
	        ->  Bitmap Index Scan on sbtest7_pkey  (cost=0.00..35.09 rows=1065 width=0)
	              Index Cond: ((id >= 4385032) AND (id <= 4386031))

table 8 : explain SELECT c FROM sbtest8 WHERE id BETWEEN 8516080 AND 8517079 ORDER BY c
	Sort  (cost=3870.22..3872.69 rows=986 width=121)
	  Sort Key: c
	  ->  Bitmap Heap Scan on sbtest8  (cost=30.54..3821.19 rows=986 width=121)
	        Recheck Cond: ((id >= 8516080) AND (id <= 8517079))
	        ->  Bitmap Index Scan on sbtest8_pkey  (cost=0.00..30.29 rows=986 width=0)
	              Index Cond: ((id >= 8516080) AND (id <= 8517079))

for: order_ranges
table 1 : explain SELECT c FROM sbtest1 WHERE id BETWEEN 4258197 AND 4259196 ORDER BY c
	Sort  (cost=4020.92..4023.48 rows=1025 width=121)
	  Sort Key: c
	  ->  Bitmap Heap Scan on sbtest1  (cost=30.94..3969.66 rows=1025 width=121)
	        Recheck Cond: ((id >= 4258197) AND (id <= 4259196))
	        ->  Bitmap Index Scan on sbtest1_pkey  (cost=0.00..30.68 rows=1025 width=0)
	              Index Cond: ((id >= 4258197) AND (id <= 4259196))

table 2 : explain SELECT c FROM sbtest2 WHERE id BETWEEN 498286 AND 499285 ORDER BY c
	Sort  (cost=3843.15..3845.60 rows=979 width=121)
	  Sort Key: c
	  ->  Bitmap Heap Scan on sbtest2  (cost=30.47..3794.52 rows=979 width=121)
	        Recheck Cond: ((id >= 498286) AND (id <= 499285))
	        ->  Bitmap Index Scan on sbtest2_pkey  (cost=0.00..30.22 rows=979 width=0)
	              Index Cond: ((id >= 498286) AND (id <= 499285))

table 3 : explain SELECT c FROM sbtest3 WHERE id BETWEEN 7426442 AND 7427441 ORDER BY c
	Sort  (cost=4491.26..4494.13 rows=1149 width=121)
	  Sort Key: c
	  ->  Bitmap Heap Scan on sbtest3  (cost=36.21..4432.85 rows=1149 width=121)
	        Recheck Cond: ((id >= 7426442) AND (id <= 7427441))
	        ->  Bitmap Index Scan on sbtest3_pkey  (cost=0.00..35.93 rows=1149 width=0)
	              Index Cond: ((id >= 7426442) AND (id <= 7427441))

table 4 : explain SELECT c FROM sbtest4 WHERE id BETWEEN 3427043 AND 3428042 ORDER BY c
	Sort  (cost=3639.80..3642.11 rows=926 width=121)
	  Sort Key: c
	  ->  Bitmap Heap Scan on sbtest4  (cost=29.93..3594.17 rows=926 width=121)
	        Recheck Cond: ((id >= 3427043) AND (id <= 3428042))
	        ->  Bitmap Index Scan on sbtest4_pkey  (cost=0.00..29.69 rows=926 width=0)
	              Index Cond: ((id >= 3427043) AND (id <= 3428042))

table 5 : explain SELECT c FROM sbtest5 WHERE id BETWEEN 4450862 AND 4451861 ORDER BY c
	Sort  (cost=4084.64..4087.24 rows=1042 width=121)
	  Sort Key: c
	  ->  Bitmap Heap Scan on sbtest5  (cost=31.12..4032.40 rows=1042 width=121)
	        Recheck Cond: ((id >= 4450862) AND (id <= 4451861))
	        ->  Bitmap Index Scan on sbtest5_pkey  (cost=0.00..30.86 rows=1042 width=0)
	              Index Cond: ((id >= 4450862) AND (id <= 4451861))

table 6 : explain SELECT c FROM sbtest6 WHERE id BETWEEN 4356102 AND 4357101 ORDER BY c
	Sort  (cost=3639.60..3641.92 rows=926 width=121)
	  Sort Key: c
	  ->  Bitmap Heap Scan on sbtest6  (cost=29.93..3593.97 rows=926 width=121)
	        Recheck Cond: ((id >= 4356102) AND (id <= 4357101))
	        ->  Bitmap Index Scan on sbtest6_pkey  (cost=0.00..29.69 rows=926 width=0)
	              Index Cond: ((id >= 4356102) AND (id <= 4357101))

table 7 : explain SELECT c FROM sbtest7 WHERE id BETWEEN 558390 AND 559389 ORDER BY c
	Sort  (cost=3940.57..3943.08 rows=1005 width=121)
	  Sort Key: c
	  ->  Bitmap Heap Scan on sbtest7  (cost=30.74..3890.46 rows=1005 width=121)
	        Recheck Cond: ((id >= 558390) AND (id <= 559389))
	        ->  Bitmap Index Scan on sbtest7_pkey  (cost=0.00..30.48 rows=1005 width=0)
	              Index Cond: ((id >= 558390) AND (id <= 559389))

table 8 : explain SELECT c FROM sbtest8 WHERE id BETWEEN 9522859 AND 9523858 ORDER BY c
	Sort  (cost=3574.78..3577.05 rows=909 width=121)
	  Sort Key: c
	  ->  Bitmap Heap Scan on sbtest8  (cost=29.75..3530.11 rows=909 width=121)
	        Recheck Cond: ((id >= 9522859) AND (id <= 9523858))
	        ->  Bitmap Index Scan on sbtest8_pkey  (cost=0.00..29.52 rows=909 width=0)
	              Index Cond: ((id >= 9522859) AND (id <= 9523858))

for: sum_ranges
table 1 : explain SELECT SUM(k) FROM sbtest1 WHERE id BETWEEN 186528 AND 187527
	Aggregate  (cost=3945.79..3945.80 rows=1 width=8)
	  ->  Bitmap Heap Scan on sbtest1  (cost=30.87..3943.25 rows=1018 width=4)
	        Recheck Cond: ((id >= 186528) AND (id <= 187527))
	        ->  Bitmap Index Scan on sbtest1_pkey  (cost=0.00..30.61 rows=1018 width=0)
	              Index Cond: ((id >= 186528) AND (id <= 187527))

table 2 : explain SELECT SUM(k) FROM sbtest2 WHERE id BETWEEN 8898590 AND 8899589
	Aggregate  (cost=3989.50..3989.51 rows=1 width=8)
	  ->  Bitmap Heap Scan on sbtest2  (cost=30.99..3986.92 rows=1030 width=4)
	        Recheck Cond: ((id >= 8898590) AND (id <= 8899589))
	        ->  Bitmap Index Scan on sbtest2_pkey  (cost=0.00..30.73 rows=1030 width=0)
	              Index Cond: ((id >= 8898590) AND (id <= 8899589))

table 3 : explain SELECT SUM(k) FROM sbtest3 WHERE id BETWEEN 5876354 AND 5877353
	Aggregate  (cost=4089.50..4089.51 rows=1 width=8)
	  ->  Bitmap Heap Scan on sbtest3  (cost=31.27..4086.86 rows=1057 width=4)
	        Recheck Cond: ((id >= 5876354) AND (id <= 5877353))
	        ->  Bitmap Index Scan on sbtest3_pkey  (cost=0.00..31.00 rows=1057 width=0)
	              Index Cond: ((id >= 5876354) AND (id <= 5877353))

table 4 : explain SELECT SUM(k) FROM sbtest4 WHERE id BETWEEN 8831659 AND 8832658
	Aggregate  (cost=3838.47..3838.48 rows=1 width=8)
	  ->  Bitmap Heap Scan on sbtest4  (cost=30.58..3835.99 rows=990 width=4)
	        Recheck Cond: ((id >= 8831659) AND (id <= 8832658))
	        ->  Bitmap Index Scan on sbtest4_pkey  (cost=0.00..30.33 rows=990 width=0)
	              Index Cond: ((id >= 8831659) AND (id <= 8832658))

table 5 : explain SELECT SUM(k) FROM sbtest5 WHERE id BETWEEN 554448 AND 555447
	Aggregate  (cost=3539.96..3539.97 rows=1 width=8)
	  ->  Bitmap Heap Scan on sbtest5  (cost=29.77..3537.68 rows=911 width=4)
	        Recheck Cond: ((id >= 554448) AND (id <= 555447))
	        ->  Bitmap Index Scan on sbtest5_pkey  (cost=0.00..29.54 rows=911 width=0)
	              Index Cond: ((id >= 554448) AND (id <= 555447))

table 6 : explain SELECT SUM(k) FROM sbtest6 WHERE id BETWEEN 6261492 AND 6262491
	Aggregate  (cost=3687.09..3687.10 rows=1 width=8)
	  ->  Bitmap Heap Scan on sbtest6  (cost=30.17..3684.71 rows=950 width=4)
	        Recheck Cond: ((id >= 6261492) AND (id <= 6262491))
	        ->  Bitmap Index Scan on sbtest6_pkey  (cost=0.00..29.93 rows=950 width=0)
	              Index Cond: ((id >= 6261492) AND (id <= 6262491))

table 7 : explain SELECT SUM(k) FROM sbtest7 WHERE id BETWEEN 5653454 AND 5654453
	Aggregate  (cost=3681.55..3681.56 rows=1 width=8)
	  ->  Bitmap Heap Scan on sbtest7  (cost=30.16..3679.18 rows=949 width=4)
	        Recheck Cond: ((id >= 5653454) AND (id <= 5654453))
	        ->  Bitmap Index Scan on sbtest7_pkey  (cost=0.00..29.93 rows=949 width=0)
	              Index Cond: ((id >= 5653454) AND (id <= 5654453))

table 8 : explain SELECT SUM(k) FROM sbtest8 WHERE id BETWEEN 6893847 AND 6894846
	Aggregate  (cost=3944.48..3944.49 rows=1 width=8)
	  ->  Bitmap Heap Scan on sbtest8  (cost=30.87..3941.93 rows=1018 width=4)
	        Recheck Cond: ((id >= 6893847) AND (id <= 6894846))
	        ->  Bitmap Index Scan on sbtest8_pkey  (cost=0.00..30.61 rows=1018 width=0)
	              Index Cond: ((id >= 6893847) AND (id <= 6894846))

for: sum_ranges
table 1 : explain SELECT SUM(k) FROM sbtest1 WHERE id BETWEEN 5114554 AND 5115553
	Aggregate  (cost=3870.26..3870.27 rows=1 width=8)
	  ->  Bitmap Heap Scan on sbtest1  (cost=30.66..3867.76 rows=998 width=4)
	        Recheck Cond: ((id >= 5114554) AND (id <= 5115553))
	        ->  Bitmap Index Scan on sbtest1_pkey  (cost=0.00..30.41 rows=998 width=0)
	              Index Cond: ((id >= 5114554) AND (id <= 5115553))

table 2 : explain SELECT SUM(k) FROM sbtest2 WHERE id BETWEEN 7514997 AND 7515996
	Aggregate  (cost=3668.43..3668.44 rows=1 width=8)
	  ->  Bitmap Heap Scan on sbtest2  (cost=30.12..3666.07 rows=945 width=4)
	        Recheck Cond: ((id >= 7514997) AND (id <= 7515996))
	        ->  Bitmap Index Scan on sbtest2_pkey  (cost=0.00..29.89 rows=945 width=0)
	              Index Cond: ((id >= 7514997) AND (id <= 7515996))

table 3 : explain SELECT SUM(k) FROM sbtest3 WHERE id BETWEEN 4463993 AND 4464992
	Aggregate  (cost=3742.49..3742.50 rows=1 width=8)
	  ->  Bitmap Heap Scan on sbtest3  (cost=30.33..3740.08 rows=965 width=4)
	        Recheck Cond: ((id >= 4463993) AND (id <= 4464992))
	        ->  Bitmap Index Scan on sbtest3_pkey  (cost=0.00..30.08 rows=965 width=0)
	              Index Cond: ((id >= 4463993) AND (id <= 4464992))

table 4 : explain SELECT SUM(k) FROM sbtest4 WHERE id BETWEEN 425761 AND 426760
	Aggregate  (cost=4068.62..4068.63 rows=1 width=8)
	  ->  Bitmap Heap Scan on sbtest4  (cost=31.21..4065.99 rows=1051 width=4)
	        Recheck Cond: ((id >= 425761) AND (id <= 426760))
	        ->  Bitmap Index Scan on sbtest4_pkey  (cost=0.00..30.94 rows=1051 width=0)
	              Index Cond: ((id >= 425761) AND (id <= 426760))

table 5 : explain SELECT SUM(k) FROM sbtest5 WHERE id BETWEEN 7719707 AND 7720706
	Aggregate  (cost=3895.41..3895.42 rows=1 width=8)
	  ->  Bitmap Heap Scan on sbtest5  (cost=30.74..3892.89 rows=1005 width=4)
	        Recheck Cond: ((id >= 7719707) AND (id <= 7720706))
	        ->  Bitmap Index Scan on sbtest5_pkey  (cost=0.00..30.48 rows=1005 width=0)
	              Index Cond: ((id >= 7719707) AND (id <= 7720706))

table 6 : explain SELECT SUM(k) FROM sbtest6 WHERE id BETWEEN 7485263 AND 7486262
	Aggregate  (cost=3751.35..3751.36 rows=1 width=8)
	  ->  Bitmap Heap Scan on sbtest6  (cost=30.35..3748.94 rows=967 width=4)
	        Recheck Cond: ((id >= 7485263) AND (id <= 7486262))
	        ->  Bitmap Index Scan on sbtest6_pkey  (cost=0.00..30.11 rows=967 width=0)
	              Index Cond: ((id >= 7485263) AND (id <= 7486262))

table 7 : explain SELECT SUM(k) FROM sbtest7 WHERE id BETWEEN 5099330 AND 5100329
	Aggregate  (cost=4153.15..4153.16 rows=1 width=8)
	  ->  Bitmap Heap Scan on sbtest7  (cost=35.43..4150.47 rows=1073 width=4)
	        Recheck Cond: ((id >= 5099330) AND (id <= 5100329))
	        ->  Bitmap Index Scan on sbtest7_pkey  (cost=0.00..35.17 rows=1073 width=0)
	              Index Cond: ((id >= 5099330) AND (id <= 5100329))

table 8 : explain SELECT SUM(k) FROM sbtest8 WHERE id BETWEEN 1189840 AND 1190839
	Aggregate  (cost=3812.32..3812.33 rows=1 width=8)
	  ->  Bitmap Heap Scan on sbtest8  (cost=30.51..3809.86 rows=983 width=4)
	        Recheck Cond: ((id >= 1189840) AND (id <= 1190839))
	        ->  Bitmap Index Scan on sbtest8_pkey  (cost=0.00..30.26 rows=983 width=0)
	              Index Cond: ((id >= 1189840) AND (id <= 1190839))

for: sum_ranges
table 1 : explain SELECT SUM(k) FROM sbtest1 WHERE id BETWEEN 9338822 AND 9339821
	Aggregate  (cost=3870.26..3870.27 rows=1 width=8)
	  ->  Bitmap Heap Scan on sbtest1  (cost=30.66..3867.76 rows=998 width=4)
	        Recheck Cond: ((id >= 9338822) AND (id <= 9339821))
	        ->  Bitmap Index Scan on sbtest1_pkey  (cost=0.00..30.41 rows=998 width=0)
	              Index Cond: ((id >= 9338822) AND (id <= 9339821))

table 2 : explain SELECT SUM(k) FROM sbtest2 WHERE id BETWEEN 5423146 AND 5424145
	Aggregate  (cost=3766.74..3766.75 rows=1 width=8)
	  ->  Bitmap Heap Scan on sbtest2  (cost=30.39..3764.31 rows=971 width=4)
	        Recheck Cond: ((id >= 5423146) AND (id <= 5424145))
	        ->  Bitmap Index Scan on sbtest2_pkey  (cost=0.00..30.14 rows=971 width=0)
	              Index Cond: ((id >= 5423146) AND (id <= 5424145))

table 3 : explain SELECT SUM(k) FROM sbtest3 WHERE id BETWEEN 1203263 AND 1204262
	Aggregate  (cost=3889.72..3889.73 rows=1 width=8)
	  ->  Bitmap Heap Scan on sbtest3  (cost=30.73..3887.21 rows=1004 width=4)
	        Recheck Cond: ((id >= 1203263) AND (id <= 1204262))
	        ->  Bitmap Index Scan on sbtest3_pkey  (cost=0.00..30.47 rows=1004 width=0)
	              Index Cond: ((id >= 1203263) AND (id <= 1204262))

table 4 : explain SELECT SUM(k) FROM sbtest4 WHERE id BETWEEN 4192385 AND 4193384
	Aggregate  (cost=3725.10..3725.11 rows=1 width=8)
	  ->  Bitmap Heap Scan on sbtest4  (cost=30.27..3722.70 rows=960 width=4)
	        Recheck Cond: ((id >= 4192385) AND (id <= 4193384))
	        ->  Bitmap Index Scan on sbtest4_pkey  (cost=0.00..30.04 rows=960 width=0)
	              Index Cond: ((id >= 4192385) AND (id <= 4193384))

table 5 : explain SELECT SUM(k) FROM sbtest5 WHERE id BETWEEN 7033030 AND 7034029
	Aggregate  (cost=3691.35..3691.36 rows=1 width=8)
	  ->  Bitmap Heap Scan on sbtest5  (cost=30.18..3688.97 rows=951 width=4)
	        Recheck Cond: ((id >= 7033030) AND (id <= 7034029))
	        ->  Bitmap Index Scan on sbtest5_pkey  (cost=0.00..29.94 rows=951 width=0)
	              Index Cond: ((id >= 7033030) AND (id <= 7034029))

table 6 : explain SELECT SUM(k) FROM sbtest6 WHERE id BETWEEN 6367307 AND 6368306
	Aggregate  (cost=4332.14..4332.15 rows=1 width=8)
	  ->  Bitmap Heap Scan on sbtest6  (cost=35.92..4329.34 rows=1120 width=4)
	        Recheck Cond: ((id >= 6367307) AND (id <= 6368306))
	        ->  Bitmap Index Scan on sbtest6_pkey  (cost=0.00..35.64 rows=1120 width=0)
	              Index Cond: ((id >= 6367307) AND (id <= 6368306))

table 7 : explain SELECT SUM(k) FROM sbtest7 WHERE id BETWEEN 4692231 AND 4693230
	Aggregate  (cost=3772.21..3772.22 rows=1 width=8)
	  ->  Bitmap Heap Scan on sbtest7  (cost=30.41..3769.77 rows=973 width=4)
	        Recheck Cond: ((id >= 4692231) AND (id <= 4693230))
	        ->  Bitmap Index Scan on sbtest7_pkey  (cost=0.00..30.16 rows=973 width=0)
	              Index Cond: ((id >= 4692231) AND (id <= 4693230))

table 8 : explain SELECT SUM(k) FROM sbtest8 WHERE id BETWEEN 2738285 AND 2739284
	Aggregate  (cost=3566.47..3566.48 rows=1 width=8)
	  ->  Bitmap Heap Scan on sbtest8  (cost=29.84..3564.17 rows=918 width=4)
	        Recheck Cond: ((id >= 2738285) AND (id <= 2739284))
	        ->  Bitmap Index Scan on sbtest8_pkey  (cost=0.00..29.61 rows=918 width=0)
	              Index Cond: ((id >= 2738285) AND (id <= 2739284))

for: distinct_ranges
table 1 : explain SELECT DISTINCT c FROM sbtest1 WHERE id BETWEEN 4095562 AND 4096561 ORDER BY c
	Unique  (cost=3687.30..3691.99 rows=938 width=121)
	  ->  Sort  (cost=3687.30..3689.64 rows=938 width=121)
	        Sort Key: c
	        ->  Bitmap Heap Scan on sbtest1  (cost=30.05..3640.99 rows=938 width=121)
	              Recheck Cond: ((id >= 4095562) AND (id <= 4096561))
	              ->  Bitmap Index Scan on sbtest1_pkey  (cost=0.00..29.82 rows=938 width=0)
	                    Index Cond: ((id >= 4095562) AND (id <= 4096561))

table 2 : explain SELECT DISTINCT c FROM sbtest2 WHERE id BETWEEN 9021426 AND 9022425 ORDER BY c
	Unique  (cost=3624.49..3629.10 rows=922 width=121)
	  ->  Sort  (cost=3624.49..3626.80 rows=922 width=121)
	        Sort Key: c
	        ->  Bitmap Heap Scan on sbtest2  (cost=29.89..3579.09 rows=922 width=121)
	              Recheck Cond: ((id >= 9021426) AND (id <= 9022425))
	              ->  Bitmap Index Scan on sbtest2_pkey  (cost=0.00..29.65 rows=922 width=0)
	                    Index Cond: ((id >= 9021426) AND (id <= 9022425))

table 3 : explain SELECT DISTINCT c FROM sbtest3 WHERE id BETWEEN 9088410 AND 9089409 ORDER BY c
	Unique  (cost=4086.44..4091.66 rows=1043 width=121)
	  ->  Sort  (cost=4086.44..4089.05 rows=1043 width=121)
	        Sort Key: c
	        ->  Bitmap Heap Scan on sbtest3  (cost=31.13..4034.15 rows=1043 width=121)
	              Recheck Cond: ((id >= 9088410) AND (id <= 9089409))
	              ->  Bitmap Index Scan on sbtest3_pkey  (cost=0.00..30.86 rows=1043 width=0)
	                    Index Cond: ((id >= 9088410) AND (id <= 9089409))

table 4 : explain SELECT DISTINCT c FROM sbtest4 WHERE id BETWEEN 1565243 AND 1566242 ORDER BY c
	Unique  (cost=3988.65..3993.74 rows=1017 width=121)
	  ->  Sort  (cost=3988.65..3991.19 rows=1017 width=121)
	        Sort Key: c
	        ->  Bitmap Heap Scan on sbtest4  (cost=30.86..3937.85 rows=1017 width=121)
	              Recheck Cond: ((id >= 1565243) AND (id <= 1566242))
	              ->  Bitmap Index Scan on sbtest4_pkey  (cost=0.00..30.61 rows=1017 width=0)
	                    Index Cond: ((id >= 1565243) AND (id <= 1566242))

table 5 : explain SELECT DISTINCT c FROM sbtest5 WHERE id BETWEEN 6142662 AND 6143661 ORDER BY c
	Unique  (cost=3904.70..3909.68 rows=995 width=121)
	  ->  Sort  (cost=3904.70..3907.19 rows=995 width=121)
	        Sort Key: c
	        ->  Bitmap Heap Scan on sbtest5  (cost=30.63..3855.16 rows=995 width=121)
	              Recheck Cond: ((id >= 6142662) AND (id <= 6143661))
	              ->  Bitmap Index Scan on sbtest5_pkey  (cost=0.00..30.39 rows=995 width=0)
	                    Index Cond: ((id >= 6142662) AND (id <= 6143661))

table 6 : explain SELECT DISTINCT c FROM sbtest6 WHERE id BETWEEN 7727888 AND 7728887 ORDER BY c
	Unique  (cost=3370.58..3374.86 rows=856 width=121)
	  ->  Sort  (cost=3370.58..3372.72 rows=856 width=121)
	        Sort Key: c
	        ->  Bitmap Heap Scan on sbtest6  (cost=29.21..3328.89 rows=856 width=121)
	              Recheck Cond: ((id >= 7727888) AND (id <= 7728887))
	              ->  Bitmap Index Scan on sbtest6_pkey  (cost=0.00..29.00 rows=856 width=0)
	                    Index Cond: ((id >= 7727888) AND (id <= 7728887))

table 7 : explain SELECT DISTINCT c FROM sbtest7 WHERE id BETWEEN 956955 AND 957954 ORDER BY c
	Unique  (cost=3955.87..3960.92 rows=1009 width=121)
	  ->  Sort  (cost=3955.87..3958.40 rows=1009 width=121)
	        Sort Key: c
	        ->  Bitmap Heap Scan on sbtest7  (cost=30.78..3905.53 rows=1009 width=121)
	              Recheck Cond: ((id >= 956955) AND (id <= 957954))
	              ->  Bitmap Index Scan on sbtest7_pkey  (cost=0.00..30.52 rows=1009 width=0)
	                    Index Cond: ((id >= 956955) AND (id <= 957954))

table 8 : explain SELECT DISTINCT c FROM sbtest8 WHERE id BETWEEN 3448282 AND 3449281 ORDER BY c
	Unique  (cost=3908.54..3913.52 rows=996 width=121)
	  ->  Sort  (cost=3908.54..3911.03 rows=996 width=121)
	        Sort Key: c
	        ->  Bitmap Heap Scan on sbtest8  (cost=30.64..3858.94 rows=996 width=121)
	              Recheck Cond: ((id >= 3448282) AND (id <= 3449281))
	              ->  Bitmap Index Scan on sbtest8_pkey  (cost=0.00..30.39 rows=996 width=0)
	                    Index Cond: ((id >= 3448282) AND (id <= 3449281))

for point_selects
table 1 : explain SELECT c FROM sbtest1 WHERE id=9259159
	Index Scan using sbtest1_pkey on sbtest1  (cost=0.43..8.45 rows=1 width=121)
	  Index Cond: (id = 9259159)

table 2 : explain SELECT c FROM sbtest2 WHERE id=2635826
	Index Scan using sbtest2_pkey on sbtest2  (cost=0.43..8.45 rows=1 width=121)
	  Index Cond: (id = 2635826)

table 3 : explain SELECT c FROM sbtest3 WHERE id=1433894
	Index Scan using sbtest3_pkey on sbtest3  (cost=0.43..8.45 rows=1 width=121)
	  Index Cond: (id = 1433894)

table 4 : explain SELECT c FROM sbtest4 WHERE id=6859125
	Index Scan using sbtest4_pkey on sbtest4  (cost=0.43..8.45 rows=1 width=121)
	  Index Cond: (id = 6859125)

table 5 : explain SELECT c FROM sbtest5 WHERE id=8759405
	Index Scan using sbtest5_pkey on sbtest5  (cost=0.43..8.45 rows=1 width=121)
	  Index Cond: (id = 8759405)

table 6 : explain SELECT c FROM sbtest6 WHERE id=4170135
	Index Scan using sbtest6_pkey on sbtest6  (cost=0.43..8.45 rows=1 width=121)
	  Index Cond: (id = 4170135)

table 7 : explain SELECT c FROM sbtest7 WHERE id=5320173
	Index Scan using sbtest7_pkey on sbtest7  (cost=0.43..8.45 rows=1 width=121)
	  Index Cond: (id = 5320173)

table 8 : explain SELECT c FROM sbtest8 WHERE id=6196037
	Index Scan using sbtest8_pkey on sbtest8  (cost=0.43..8.45 rows=1 width=121)
	  Index Cond: (id = 6196037)
for: sum_ranges
table 1 : explain SELECT SUM(k) FROM sbtest1 WHERE id BETWEEN 8879526 AND 8880525
	Aggregate  (cost=3635.76..3635.77 rows=1 width=8)
	  ->  Bitmap Heap Scan on sbtest1  (cost=30.03..3633.42 rows=936 width=4)
	        Recheck Cond: ((id >= 8879526) AND (id <= 8880525))
	        ->  Bitmap Index Scan on sbtest1_pkey  (cost=0.00..29.79 rows=936 width=0)
	              Index Cond: ((id >= 8879526) AND (id <= 8880525))

table 2 : explain SELECT SUM(k) FROM sbtest2 WHERE id BETWEEN 5541782 AND 5542781
	Aggregate  (cost=3910.26..3910.27 rows=1 width=8)
	  ->  Bitmap Heap Scan on sbtest2  (cost=30.78..3907.74 rows=1009 width=4)
	        Recheck Cond: ((id >= 5541782) AND (id <= 5542781))
	        ->  Bitmap Index Scan on sbtest2_pkey  (cost=0.00..30.52 rows=1009 width=0)
	              Index Cond: ((id >= 5541782) AND (id <= 5542781))

table 3 : explain SELECT SUM(k) FROM sbtest3 WHERE id BETWEEN 5202272 AND 5203271
	Aggregate  (cost=3753.83..3753.84 rows=1 width=8)
	  ->  Bitmap Heap Scan on sbtest3  (cost=30.36..3751.41 rows=968 width=4)
	        Recheck Cond: ((id >= 5202272) AND (id <= 5203271))
	        ->  Bitmap Index Scan on sbtest3_pkey  (cost=0.00..30.11 rows=968 width=0)
	              Index Cond: ((id >= 5202272) AND (id <= 5203271))

table 4 : explain SELECT SUM(k) FROM sbtest4 WHERE id BETWEEN 5187732 AND 5188731
	Aggregate  (cost=4113.84..4113.85 rows=1 width=8)
	  ->  Bitmap Heap Scan on sbtest4  (cost=31.33..4111.18 rows=1063 width=4)
	        Recheck Cond: ((id >= 5187732) AND (id <= 5188731))
	        ->  Bitmap Index Scan on sbtest4_pkey  (cost=0.00..31.07 rows=1063 width=0)
	              Index Cond: ((id >= 5187732) AND (id <= 5188731))

table 5 : explain SELECT SUM(k) FROM sbtest5 WHERE id BETWEEN 318958 AND 319957
	Aggregate  (cost=3895.41..3895.42 rows=1 width=8)
	  ->  Bitmap Heap Scan on sbtest5  (cost=30.74..3892.89 rows=1005 width=4)
	        Recheck Cond: ((id >= 318958) AND (id <= 319957))
	        ->  Bitmap Index Scan on sbtest5_pkey  (cost=0.00..30.48 rows=1005 width=0)
	              Index Cond: ((id >= 318958) AND (id <= 319957))

table 6 : explain SELECT SUM(k) FROM sbtest6 WHERE id BETWEEN 4183588 AND 4184587
	Aggregate  (cost=3671.96..3671.97 rows=1 width=8)
	  ->  Bitmap Heap Scan on sbtest6  (cost=30.13..3669.59 rows=946 width=4)
	        Recheck Cond: ((id >= 4183588) AND (id <= 4184587))
	        ->  Bitmap Index Scan on sbtest6_pkey  (cost=0.00..29.89 rows=946 width=0)
	              Index Cond: ((id >= 4183588) AND (id <= 4184587))

table 7 : explain SELECT SUM(k) FROM sbtest7 WHERE id BETWEEN 1266590 AND 1267589
	Aggregate  (cost=3726.89..3726.90 rows=1 width=8)
	  ->  Bitmap Heap Scan on sbtest7  (cost=30.29..3724.48 rows=961 width=4)
	        Recheck Cond: ((id >= 1266590) AND (id <= 1267589))
	        ->  Bitmap Index Scan on sbtest7_pkey  (cost=0.00..30.04 rows=961 width=0)
	              Index Cond: ((id >= 1266590) AND (id <= 1267589))

table 8 : explain SELECT SUM(k) FROM sbtest8 WHERE id BETWEEN 7894531 AND 7895530
	Aggregate  (cost=3831.21..3831.22 rows=1 width=8)
	  ->  Bitmap Heap Scan on sbtest8  (cost=30.56..3828.74 rows=988 width=4)
	        Recheck Cond: ((id >= 7894531) AND (id <= 7895530))
	        ->  Bitmap Index Scan on sbtest8_pkey  (cost=0.00..30.32 rows=988 width=0)
	              Index Cond: ((id >= 7894531) AND (id <= 7895530))


for: sum_ranges
table 1 : explain SELECT SUM(k) FROM sbtest1 WHERE id BETWEEN 2861587 AND 2862586
	Aggregate  (cost=3892.92..3892.93 rows=1 width=8)
	  ->  Bitmap Heap Scan on sbtest1  (cost=30.73..3890.41 rows=1004 width=4)
	        Recheck Cond: ((id >= 2861587) AND (id <= 2862586))
	        ->  Bitmap Index Scan on sbtest1_pkey  (cost=0.00..30.47 rows=1004 width=0)
	              Index Cond: ((id >= 2861587) AND (id <= 2862586))

table 2 : explain SELECT SUM(k) FROM sbtest2 WHERE id BETWEEN 1240419 AND 1241418
	Aggregate  (cost=4027.21..4027.22 rows=1 width=8)
	  ->  Bitmap Heap Scan on sbtest2  (cost=31.09..4024.61 rows=1040 width=4)
	        Recheck Cond: ((id >= 1240419) AND (id <= 1241418))
	        ->  Bitmap Index Scan on sbtest2_pkey  (cost=0.00..30.83 rows=1040 width=0)
	              Index Cond: ((id >= 1240419) AND (id <= 1241418))

table 3 : explain SELECT SUM(k) FROM sbtest3 WHERE id BETWEEN 2420239 AND 2421238
	Aggregate  (cost=4360.60..4360.61 rows=1 width=8)
	  ->  Bitmap Heap Scan on sbtest3  (cost=36.01..4357.78 rows=1129 width=4)
	        Recheck Cond: ((id >= 2420239) AND (id <= 2421238))
	        ->  Bitmap Index Scan on sbtest3_pkey  (cost=0.00..35.73 rows=1129 width=0)
	              Index Cond: ((id >= 2420239) AND (id <= 2421238))

table 4 : explain SELECT SUM(k) FROM sbtest4 WHERE id BETWEEN 409393 AND 410392
	Aggregate  (cost=4068.62..4068.63 rows=1 width=8)
	  ->  Bitmap Heap Scan on sbtest4  (cost=31.21..4065.99 rows=1051 width=4)
	        Recheck Cond: ((id >= 409393) AND (id <= 410392))
	        ->  Bitmap Index Scan on sbtest4_pkey  (cost=0.00..30.94 rows=1051 width=0)
	              Index Cond: ((id >= 409393) AND (id <= 410392))

table 5 : explain SELECT SUM(k) FROM sbtest5 WHERE id BETWEEN 3867690 AND 3868689
	Aggregate  (cost=3732.95..3732.96 rows=1 width=8)
	  ->  Bitmap Heap Scan on sbtest5  (cost=30.30..3730.54 rows=962 width=4)
	        Recheck Cond: ((id >= 3867690) AND (id <= 3868689))
	        ->  Bitmap Index Scan on sbtest5_pkey  (cost=0.00..30.05 rows=962 width=0)
	              Index Cond: ((id >= 3867690) AND (id <= 3868689))

table 6 : explain SELECT SUM(k) FROM sbtest6 WHERE id BETWEEN 6319277 AND 6320276
	Aggregate  (cost=3687.09..3687.10 rows=1 width=8)
	  ->  Bitmap Heap Scan on sbtest6  (cost=30.17..3684.71 rows=950 width=4)
	        Recheck Cond: ((id >= 6319277) AND (id <= 6320276))
	        ->  Bitmap Index Scan on sbtest6_pkey  (cost=0.00..29.93 rows=950 width=0)
	              Index Cond: ((id >= 6319277) AND (id <= 6320276))

table 7 : explain SELECT SUM(k) FROM sbtest7 WHERE id BETWEEN 1852376 AND 1853375
	Aggregate  (cost=3889.20..3889.21 rows=1 width=8)
	  ->  Bitmap Heap Scan on sbtest7  (cost=30.73..3886.69 rows=1004 width=4)
	        Recheck Cond: ((id >= 1852376) AND (id <= 1853375))
	        ->  Bitmap Index Scan on sbtest7_pkey  (cost=0.00..30.47 rows=1004 width=0)
	              Index Cond: ((id >= 1852376) AND (id <= 1853375))

table 8 : explain SELECT SUM(k) FROM sbtest8 WHERE id BETWEEN 838419 AND 839418
	Aggregate  (cost=4084.25..4084.26 rows=1 width=8)
	  ->  Bitmap Heap Scan on sbtest8  (cost=35.24..4081.62 rows=1054 width=4)
	        Recheck Cond: ((id >= 838419) AND (id <= 839418))
	        ->  Bitmap Index Scan on sbtest8_pkey  (cost=0.00..34.98 rows=1054 width=0)
	              Index Cond: ((id >= 838419) AND (id <= 839418))

for: distinct_ranges
table 1 : explain SELECT DISTINCT c FROM sbtest1 WHERE id BETWEEN 7445548 AND 7446547 ORDER BY c
	Unique  (cost=4158.70..4164.01 rows=1061 width=121)
	  ->  Sort  (cost=4158.70..4161.36 rows=1061 width=121)
	        Sort Key: c
	        ->  Bitmap Heap Scan on sbtest1  (cost=31.31..4105.38 rows=1061 width=121)
	              Recheck Cond: ((id >= 7445548) AND (id <= 7446547))
	              ->  Bitmap Index Scan on sbtest1_pkey  (cost=0.00..31.04 rows=1061 width=0)
	                    Index Cond: ((id >= 7445548) AND (id <= 7446547))

table 2 : explain SELECT DISTINCT c FROM sbtest2 WHERE id BETWEEN 454765 AND 455764 ORDER BY c
	Unique  (cost=3843.15..3848.05 rows=979 width=121)
	  ->  Sort  (cost=3843.15..3845.60 rows=979 width=121)
	        Sort Key: c
	        ->  Bitmap Heap Scan on sbtest2  (cost=30.47..3794.52 rows=979 width=121)
	              Recheck Cond: ((id >= 454765) AND (id <= 455764))
	              ->  Bitmap Index Scan on sbtest2_pkey  (cost=0.00..30.22 rows=979 width=0)
	                    Index Cond: ((id >= 454765) AND (id <= 455764))

table 3 : explain SELECT DISTINCT c FROM sbtest3 WHERE id BETWEEN 6258634 AND 6259633 ORDER BY c
	Unique  (cost=3515.54..3520.01 rows=894 width=121)
	  ->  Sort  (cost=3515.54..3517.77 rows=894 width=121)
	        Sort Key: c
	        ->  Bitmap Heap Scan on sbtest3  (cost=29.60..3471.71 rows=894 width=121)
	              Recheck Cond: ((id >= 6258634) AND (id <= 6259633))
	              ->  Bitmap Index Scan on sbtest3_pkey  (cost=0.00..29.37 rows=894 width=0)
	                    Index Cond: ((id >= 6258634) AND (id <= 6259633))

table 4 : explain SELECT DISTINCT c FROM sbtest4 WHERE id BETWEEN 6988480 AND 6989479 ORDER BY c
	Unique  (cost=3942.71..3947.73 rows=1005 width=121)
	  ->  Sort  (cost=3942.71..3945.22 rows=1005 width=121)
	        Sort Key: c
	        ->  Bitmap Heap Scan on sbtest4  (cost=30.74..3892.59 rows=1005 width=121)
	              Recheck Cond: ((id >= 6988480) AND (id <= 6989479))
	              ->  Bitmap Index Scan on sbtest4_pkey  (cost=0.00..30.48 rows=1005 width=0)
	                    Index Cond: ((id >= 6988480) AND (id <= 6989479))

table 5 : explain SELECT DISTINCT c FROM sbtest5 WHERE id BETWEEN 6681720 AND 6682719 ORDER BY c
	Unique  (cost=4080.81..4086.01 rows=1041 width=121)
	  ->  Sort  (cost=4080.81..4083.41 rows=1041 width=121)
	        Sort Key: c
	        ->  Bitmap Heap Scan on sbtest5  (cost=31.11..4028.64 rows=1041 width=121)
	              Recheck Cond: ((id >= 6681720) AND (id <= 6682719))
	              ->  Bitmap Index Scan on sbtest5_pkey  (cost=0.00..30.84 rows=1041 width=0)
	                    Index Cond: ((id >= 6681720) AND (id <= 6682719))

table 6 : explain SELECT DISTINCT c FROM sbtest6 WHERE id BETWEEN 7657978 AND 7658977 ORDER BY c
	Unique  (cost=4030.52..4035.66 rows=1028 width=121)
	  ->  Sort  (cost=4030.52..4033.09 rows=1028 width=121)
	        Sort Key: c
	        ->  Bitmap Heap Scan on sbtest6  (cost=30.97..3979.09 rows=1028 width=121)
	              Recheck Cond: ((id >= 7657978) AND (id <= 7658977))
	              ->  Bitmap Index Scan on sbtest6_pkey  (cost=0.00..30.71 rows=1028 width=0)
	                    Index Cond: ((id >= 7657978) AND (id <= 7658977))

table 7 : explain SELECT DISTINCT c FROM sbtest7 WHERE id BETWEEN 9455291 AND 9456290 ORDER BY c
	Unique  (cost=4227.39..4232.79 rows=1079 width=121)
	  ->  Sort  (cost=4227.39..4230.09 rows=1079 width=121)
	        Sort Key: c
	        ->  Bitmap Heap Scan on sbtest7  (cost=35.49..4173.03 rows=1079 width=121)
	              Recheck Cond: ((id >= 9455291) AND (id <= 9456290))
	              ->  Bitmap Index Scan on sbtest7_pkey  (cost=0.00..35.23 rows=1079 width=0)
	                    Index Cond: ((id >= 9455291) AND (id <= 9456290))

table 8 : explain SELECT DISTINCT c FROM sbtest8 WHERE id BETWEEN 9224785 AND 9225784 ORDER BY c
	Unique  (cost=3716.84..3721.57 rows=946 width=121)
	  ->  Sort  (cost=3716.84..3719.20 rows=946 width=121)
	        Sort Key: c
	        ->  Bitmap Heap Scan on sbtest8  (cost=30.13..3670.08 rows=946 width=121)
	              Recheck Cond: ((id >= 9224785) AND (id <= 9225784))
	              ->  Bitmap Index Scan on sbtest8_pkey  (cost=0.00..29.89 rows=946 width=0)
	                    Index Cond: ((id >= 9224785) AND (id <= 9225784))

for: distinct_ranges
table 1 : explain SELECT DISTINCT c FROM sbtest1 WHERE id BETWEEN 9732165 AND 9733164 ORDER BY c
	Unique  (cost=4135.75..4141.03 rows=1055 width=121)
	  ->  Sort  (cost=4135.75..4138.39 rows=1055 width=121)
	        Sort Key: c
	        ->  Bitmap Heap Scan on sbtest1  (cost=31.25..4082.77 rows=1055 width=121)
	              Recheck Cond: ((id >= 9732165) AND (id <= 9733164))
	              ->  Bitmap Index Scan on sbtest1_pkey  (cost=0.00..30.98 rows=1055 width=0)
	                    Index Cond: ((id >= 9732165) AND (id <= 9733164))

table 2 : explain SELECT DISTINCT c FROM sbtest2 WHERE id BETWEEN 3704567 AND 3705566 ORDER BY c
	Unique  (cost=4095.85..4101.08 rows=1045 width=121)
	  ->  Sort  (cost=4095.85..4098.47 rows=1045 width=121)
	        Sort Key: c
	        ->  Bitmap Heap Scan on sbtest2  (cost=31.15..4043.45 rows=1045 width=121)
	              Recheck Cond: ((id >= 3704567) AND (id <= 3705566))
	              ->  Bitmap Index Scan on sbtest2_pkey  (cost=0.00..30.89 rows=1045 width=0)
	                    Index Cond: ((id >= 3704567) AND (id <= 3705566))

table 3 : explain SELECT DISTINCT c FROM sbtest3 WHERE id BETWEEN 2339722 AND 2340721 ORDER BY c
	Unique  (cost=3688.25..3692.94 rows=939 width=121)
	  ->  Sort  (cost=3688.25..3690.59 rows=939 width=121)
	        Sort Key: c
	        ->  Bitmap Heap Scan on sbtest3  (cost=30.06..3641.88 rows=939 width=121)
	              Recheck Cond: ((id >= 2339722) AND (id <= 2340721))
	              ->  Bitmap Index Scan on sbtest3_pkey  (cost=0.00..29.82 rows=939 width=0)
	                    Index Cond: ((id >= 2339722) AND (id <= 2340721))

table 4 : explain SELECT DISTINCT c FROM sbtest4 WHERE id BETWEEN 985271 AND 986270 ORDER BY c
	Unique  (cost=3785.60..3790.42 rows=964 width=121)
	  ->  Sort  (cost=3785.60..3788.01 rows=964 width=121)
	        Sort Key: c
	        ->  Bitmap Heap Scan on sbtest4  (cost=30.32..3737.82 rows=964 width=121)
	              Recheck Cond: ((id >= 985271) AND (id <= 986270))
	              ->  Bitmap Index Scan on sbtest4_pkey  (cost=0.00..30.07 rows=964 width=0)
	                    Index Cond: ((id >= 985271) AND (id <= 986270))

table 5 : explain SELECT DISTINCT c FROM sbtest5 WHERE id BETWEEN 8897191 AND 8898190 ORDER BY c
	Unique  (cost=3866.38..3871.31 rows=985 width=121)
	  ->  Sort  (cost=3866.38..3868.85 rows=985 width=121)
	        Sort Key: c
	        ->  Bitmap Heap Scan on sbtest5  (cost=30.53..3817.41 rows=985 width=121)
	              Recheck Cond: ((id >= 8897191) AND (id <= 8898190))
	              ->  Bitmap Index Scan on sbtest5_pkey  (cost=0.00..30.29 rows=985 width=0)
	                    Index Cond: ((id >= 8897191) AND (id <= 8898190))

table 6 : explain SELECT DISTINCT c FROM sbtest6 WHERE id BETWEEN 6220676 AND 6221675 ORDER BY c
	Unique  (cost=3808.39..3813.24 rows=970 width=121)
	  ->  Sort  (cost=3808.39..3810.81 rows=970 width=121)
	        Sort Key: c
	        ->  Bitmap Heap Scan on sbtest6  (cost=30.38..3760.27 rows=970 width=121)
	              Recheck Cond: ((id >= 6220676) AND (id <= 6221675))
	              ->  Bitmap Index Scan on sbtest6_pkey  (cost=0.00..30.14 rows=970 width=0)
	                    Index Cond: ((id >= 6220676) AND (id <= 6221675))

table 7 : explain SELECT DISTINCT c FROM sbtest7 WHERE id BETWEEN 755120 AND 756119 ORDER BY c
	Unique  (cost=3978.83..3983.90 rows=1015 width=121)
	  ->  Sort  (cost=3978.83..3981.36 rows=1015 width=121)
	        Sort Key: c
	        ->  Bitmap Heap Scan on sbtest7  (cost=30.84..3928.14 rows=1015 width=121)
	              Recheck Cond: ((id >= 755120) AND (id <= 756119))
	              ->  Bitmap Index Scan on sbtest7_pkey  (cost=0.00..30.58 rows=1015 width=0)
	                    Index Cond: ((id >= 755120) AND (id <= 756119))

table 8 : explain SELECT DISTINCT c FROM sbtest8 WHERE id BETWEEN 1754245 AND 1755244 ORDER BY c
	Unique  (cost=4253.03..4258.46 rows=1085 width=121)
	  ->  Sort  (cost=4253.03..4255.75 rows=1085 width=121)
	        Sort Key: c
	        ->  Bitmap Heap Scan on sbtest8  (cost=35.56..4198.33 rows=1085 width=121)
	              Recheck Cond: ((id >= 1754245) AND (id <= 1755244))
	              ->  Bitmap Index Scan on sbtest8_pkey  (cost=0.00..35.29 rows=1085 width=0)
	                    Index Cond: ((id >= 1754245) AND (id <= 1755244))

for: distinct_ranges
table 1 : explain SELECT DISTINCT c FROM sbtest1 WHERE id BETWEEN 7803171 AND 7804170 ORDER BY c
	Unique  (cost=3921.31..3926.30 rows=999 width=121)
	  ->  Sort  (cost=3921.31..3923.81 rows=999 width=121)
	        Sort Key: c
	        ->  Bitmap Heap Scan on sbtest1  (cost=30.67..3871.54 rows=999 width=121)
	              Recheck Cond: ((id >= 7803171) AND (id <= 7804170))
	              ->  Bitmap Index Scan on sbtest1_pkey  (cost=0.00..30.43 rows=999 width=0)
	                    Index Cond: ((id >= 7803171) AND (id <= 7804170))

table 2 : explain SELECT DISTINCT c FROM sbtest2 WHERE id BETWEEN 1860820 AND 1861819 ORDER BY c
	Unique  (cost=3965.74..3970.79 rows=1011 width=121)
	  ->  Sort  (cost=3965.74..3968.27 rows=1011 width=121)
	        Sort Key: c
	        ->  Bitmap Heap Scan on sbtest2  (cost=30.80..3915.28 rows=1011 width=121)
	              Recheck Cond: ((id >= 1860820) AND (id <= 1861819))
	              ->  Bitmap Index Scan on sbtest2_pkey  (cost=0.00..30.54 rows=1011 width=0)
	                    Index Cond: ((id >= 1860820) AND (id <= 1861819))

table 3 : explain SELECT DISTINCT c FROM sbtest3 WHERE id BETWEEN 2842186 AND 2843185 ORDER BY c
	Unique  (cost=3849.21..3854.12 rows=981 width=121)
	  ->  Sort  (cost=3849.21..3851.67 rows=981 width=121)
	        Sort Key: c
	        ->  Bitmap Heap Scan on sbtest3  (cost=30.49..3800.47 rows=981 width=121)
	              Recheck Cond: ((id >= 2842186) AND (id <= 2843185))
	              ->  Bitmap Index Scan on sbtest3_pkey  (cost=0.00..30.25 rows=981 width=0)
	                    Index Cond: ((id >= 2842186) AND (id <= 2843185))

table 4 : explain SELECT DISTINCT c FROM sbtest4 WHERE id BETWEEN 2762376 AND 2763375 ORDER BY c
	Unique  (cost=3889.08..3894.04 rows=991 width=121)
	  ->  Sort  (cost=3889.08..3891.56 rows=991 width=121)
	        Sort Key: c
	        ->  Bitmap Heap Scan on sbtest4  (cost=30.59..3839.77 rows=991 width=121)
	              Recheck Cond: ((id >= 2762376) AND (id <= 2763375))
	              ->  Bitmap Index Scan on sbtest4_pkey  (cost=0.00..30.34 rows=991 width=0)
	                    Index Cond: ((id >= 2762376) AND (id <= 2763375))

table 5 : explain SELECT DISTINCT c FROM sbtest5 WHERE id BETWEEN 4543380 AND 4544379 ORDER BY c
	Unique  (cost=4607.95..4613.84 rows=1179 width=121)
	  ->  Sort  (cost=4607.95..4610.89 rows=1179 width=121)
	        Sort Key: c
	        ->  Bitmap Heap Scan on sbtest5  (cost=36.52..4547.80 rows=1179 width=121)
	              Recheck Cond: ((id >= 4543380) AND (id <= 4544379))
	              ->  Bitmap Index Scan on sbtest5_pkey  (cost=0.00..36.23 rows=1179 width=0)
	                    Index Cond: ((id >= 4543380) AND (id <= 4544379))

table 6 : explain SELECT DISTINCT c FROM sbtest6 WHERE id BETWEEN 2144754 AND 2145753 ORDER BY c
	Unique  (cost=3796.89..3801.72 rows=967 width=121)
	  ->  Sort  (cost=3796.89..3799.30 rows=967 width=121)
	        Sort Key: c
	        ->  Bitmap Heap Scan on sbtest6  (cost=30.35..3748.94 rows=967 width=121)
	              Recheck Cond: ((id >= 2144754) AND (id <= 2145753))
	              ->  Bitmap Index Scan on sbtest6_pkey  (cost=0.00..30.11 rows=967 width=0)
	                    Index Cond: ((id >= 2144754) AND (id <= 2145753))

table 7 : explain SELECT DISTINCT c FROM sbtest7 WHERE id BETWEEN 9065987 AND 9066986 ORDER BY c
	Unique  (cost=3994.13..3999.22 rows=1019 width=121)
	  ->  Sort  (cost=3994.13..3996.67 rows=1019 width=121)
	        Sort Key: c
	        ->  Bitmap Heap Scan on sbtest7  (cost=30.88..3943.21 rows=1019 width=121)
	              Recheck Cond: ((id >= 9065987) AND (id <= 9066986))
	              ->  Bitmap Index Scan on sbtest7_pkey  (cost=0.00..30.62 rows=1019 width=0)
	                    Index Cond: ((id >= 9065987) AND (id <= 9066986))

table 8 : explain SELECT DISTINCT c FROM sbtest8 WHERE id BETWEEN 5172071 AND 5173070 ORDER BY c
	Unique  (cost=3916.20..3921.19 rows=998 width=121)
	  ->  Sort  (cost=3916.20..3918.69 rows=998 width=121)
	        Sort Key: c
	        ->  Bitmap Heap Scan on sbtest8  (cost=30.66..3866.48 rows=998 width=121)
	              Recheck Cond: ((id >= 5172071) AND (id <= 5173070))
	              ->  Bitmap Index Scan on sbtest8_pkey  (cost=0.00..30.41 rows=998 width=0)
	                    Index Cond: ((id >= 5172071) AND (id <= 5173070))

for: simple_ranges
table 1 : explain SELECT c FROM sbtest1 WHERE id BETWEEN 6629838 AND 6630837
	Bitmap Heap Scan on sbtest1  (cost=30.52..3814.89 rows=984 width=121)
	  Recheck Cond: ((id >= 6629838) AND (id <= 6630837))
	  ->  Bitmap Index Scan on sbtest1_pkey  (cost=0.00..30.27 rows=984 width=0)
	        Index Cond: ((id >= 6629838) AND (id <= 6630837))

table 2 : explain SELECT c FROM sbtest2 WHERE id BETWEEN 8017798 AND 8018797
	Bitmap Heap Scan on sbtest2  (cost=35.71..4254.48 rows=1100 width=121)
	  Recheck Cond: ((id >= 8017798) AND (id <= 8018797))
	  ->  Bitmap Index Scan on sbtest2_pkey  (cost=0.00..35.44 rows=1100 width=0)
	        Index Cond: ((id >= 8017798) AND (id <= 8018797))

table 3 : explain SELECT c FROM sbtest3 WHERE id BETWEEN 4542688 AND 4543687
	Bitmap Heap Scan on sbtest3  (cost=31.01..3992.73 rows=1032 width=121)
	  Recheck Cond: ((id >= 4542688) AND (id <= 4543687))
	  ->  Bitmap Index Scan on sbtest3_pkey  (cost=0.00..30.75 rows=1032 width=0)
	        Index Cond: ((id >= 4542688) AND (id <= 4543687))

table 4 : explain SELECT c FROM sbtest4 WHERE id BETWEEN 637924 AND 638923
	Bitmap Heap Scan on sbtest4  (cost=30.29..3726.48 rows=961 width=121)
	  Recheck Cond: ((id >= 637924) AND (id <= 638923))
	  ->  Bitmap Index Scan on sbtest4_pkey  (cost=0.00..30.04 rows=961 width=0)
	        Index Cond: ((id >= 637924) AND (id <= 638923))

table 5 : explain SELECT c FROM sbtest5 WHERE id BETWEEN 9506973 AND 9507972
	Bitmap Heap Scan on sbtest5  (cost=29.87..3571.74 rows=920 width=121)
	  Recheck Cond: ((id >= 9506973) AND (id <= 9507972))
	  ->  Bitmap Index Scan on sbtest5_pkey  (cost=0.00..29.64 rows=920 width=0)
	        Index Cond: ((id >= 9506973) AND (id <= 9507972))

table 6 : explain SELECT c FROM sbtest6 WHERE id BETWEEN 3295908 AND 3296907
	Bitmap Heap Scan on sbtest6  (cost=35.39..4137.53 rows=1069 width=121)
	  Recheck Cond: ((id >= 3295908) AND (id <= 3296907))
	  ->  Bitmap Index Scan on sbtest6_pkey  (cost=0.00..35.12 rows=1069 width=0)
	        Index Cond: ((id >= 3295908) AND (id <= 3296907))

table 7 : explain SELECT c FROM sbtest7 WHERE id BETWEEN 7371361 AND 7372360
	Bitmap Heap Scan on sbtest7  (cost=35.13..4037.60 rows=1043 width=121)
	  Recheck Cond: ((id >= 7371361) AND (id <= 7372360))
	  ->  Bitmap Index Scan on sbtest7_pkey  (cost=0.00..34.87 rows=1043 width=0)
	        Index Cond: ((id >= 7371361) AND (id <= 7372360))

table 8 : explain SELECT c FROM sbtest8 WHERE id BETWEEN 8274393 AND 8275392
	Bitmap Heap Scan on sbtest8  (cost=30.50..3806.09 rows=982 width=121)
	  Recheck Cond: ((id >= 8274393) AND (id <= 8275392))
	  ->  Bitmap Index Scan on sbtest8_pkey  (cost=0.00..30.25 rows=982 width=0)
	        Index Cond: ((id >= 8274393) AND (id <= 8275392))

for: simple_ranges
table 1 : explain SELECT c FROM sbtest1 WHERE id BETWEEN 1742129 AND 1743128
	Bitmap Heap Scan on sbtest1  (cost=30.07..3648.56 rows=940 width=121)
	  Recheck Cond: ((id >= 1742129) AND (id <= 1743128))
	  ->  Bitmap Index Scan on sbtest1_pkey  (cost=0.00..29.83 rows=940 width=0)
	        Index Cond: ((id >= 1742129) AND (id <= 1743128))

table 2 : explain SELECT c FROM sbtest2 WHERE id BETWEEN 5584852 AND 5585851
	Bitmap Heap Scan on sbtest2  (cost=30.78..3907.74 rows=1009 width=121)
	  Recheck Cond: ((id >= 5584852) AND (id <= 5585851))
	  ->  Bitmap Index Scan on sbtest2_pkey  (cost=0.00..30.52 rows=1009 width=0)
	        Index Cond: ((id >= 5584852) AND (id <= 5585851))

table 3 : explain SELECT c FROM sbtest3 WHERE id BETWEEN 707803 AND 708802
	Bitmap Heap Scan on sbtest3  (cost=30.53..3815.56 rows=985 width=121)
	  Recheck Cond: ((id >= 707803) AND (id <= 708802))
	  ->  Bitmap Index Scan on sbtest3_pkey  (cost=0.00..30.29 rows=985 width=0)
	        Index Cond: ((id >= 707803) AND (id <= 708802))

table 4 : explain SELECT c FROM sbtest4 WHERE id BETWEEN 6820001 AND 6821000
	Bitmap Heap Scan on sbtest4  (cost=31.16..4047.16 rows=1046 width=121)
	  Recheck Cond: ((id >= 6820001) AND (id <= 6821000))
	  ->  Bitmap Index Scan on sbtest4_pkey  (cost=0.00..30.89 rows=1046 width=0)
	        Index Cond: ((id >= 6820001) AND (id <= 6821000))

table 5 : explain SELECT c FROM sbtest5 WHERE id BETWEEN 3077003 AND 3078002
	Bitmap Heap Scan on sbtest5  (cost=29.75..3530.11 rows=909 width=121)
	  Recheck Cond: ((id >= 3077003) AND (id <= 3078002))
	  ->  Bitmap Index Scan on sbtest5_pkey  (cost=0.00..29.52 rows=909 width=0)
	        Index Cond: ((id >= 3077003) AND (id <= 3078002))

table 6 : explain SELECT c FROM sbtest6 WHERE id BETWEEN 2414387 AND 2415386
	Bitmap Heap Scan on sbtest6  (cost=29.61..3476.66 rows=895 width=121)
	  Recheck Cond: ((id >= 2414387) AND (id <= 2415386))
	  ->  Bitmap Index Scan on sbtest6_pkey  (cost=0.00..29.39 rows=895 width=0)
	        Index Cond: ((id >= 2414387) AND (id <= 2415386))

table 7 : explain SELECT c FROM sbtest7 WHERE id BETWEEN 1175983 AND 1176982
	Bitmap Heap Scan on sbtest7  (cost=30.80..3913.07 rows=1011 width=121)
	  Recheck Cond: ((id >= 1175983) AND (id <= 1176982))
	  ->  Bitmap Index Scan on sbtest7_pkey  (cost=0.00..30.54 rows=1011 width=0)
	        Index Cond: ((id >= 1175983) AND (id <= 1176982))

table 8 : explain SELECT c FROM sbtest8 WHERE id BETWEEN 9066285 AND 9067284
	Bitmap Heap Scan on sbtest8  (cost=30.55..3824.97 rows=987 width=121)
	  Recheck Cond: ((id >= 9066285) AND (id <= 9067284))
	  ->  Bitmap Index Scan on sbtest8_pkey  (cost=0.00..30.30 rows=987 width=0)
	        Index Cond: ((id >= 9066285) AND (id <= 9067284))

for: order_ranges
table 1 : explain SELECT c FROM sbtest1 WHERE id BETWEEN 4198823 AND 4199822 ORDER BY c
	Sort  (cost=4020.92..4023.48 rows=1025 width=121)
	  Sort Key: c
	  ->  Bitmap Heap Scan on sbtest1  (cost=30.94..3969.66 rows=1025 width=121)
	        Recheck Cond: ((id >= 4198823) AND (id <= 4199822))
	        ->  Bitmap Index Scan on sbtest1_pkey  (cost=0.00..30.68 rows=1025 width=0)
	              Index Cond: ((id >= 4198823) AND (id <= 4199822))

table 2 : explain SELECT c FROM sbtest2 WHERE id BETWEEN 9571335 AND 9572334 ORDER BY c
	Sort  (cost=3866.15..3868.61 rows=985 width=121)
	  Sort Key: c
	  ->  Bitmap Heap Scan on sbtest2  (cost=30.53..3817.17 rows=985 width=121)
	        Recheck Cond: ((id >= 9571335) AND (id <= 9572334))
	        ->  Bitmap Index Scan on sbtest2_pkey  (cost=0.00..30.29 rows=985 width=0)
	              Index Cond: ((id >= 9571335) AND (id <= 9572334))

table 3 : explain SELECT c FROM sbtest3 WHERE id BETWEEN 828389 AND 829388 ORDER BY c
	Sort  (cost=3600.00..3602.29 rows=916 width=121)
	  Sort Key: c
	  ->  Bitmap Heap Scan on sbtest3  (cost=29.82..3554.94 rows=916 width=121)
	        Recheck Cond: ((id >= 828389) AND (id <= 829388))
	        ->  Bitmap Index Scan on sbtest3_pkey  (cost=0.00..29.59 rows=916 width=0)
	              Index Cond: ((id >= 828389) AND (id <= 829388))

table 4 : explain SELECT c FROM sbtest4 WHERE id BETWEEN 5516019 AND 5517018 ORDER BY c
	Sort  (cost=3589.88..3592.16 rows=913 width=121)
	  Sort Key: c
	  ->  Bitmap Heap Scan on sbtest4  (cost=29.79..3544.99 rows=913 width=121)
	        Recheck Cond: ((id >= 5516019) AND (id <= 5517018))
	        ->  Bitmap Index Scan on sbtest4_pkey  (cost=0.00..29.57 rows=913 width=0)
	              Index Cond: ((id >= 5516019) AND (id <= 5517018))

table 5 : explain SELECT c FROM sbtest5 WHERE id BETWEEN 3338441 AND 3339440 ORDER BY c
	Sort  (cost=3812.72..3815.15 rows=971 width=121)
	  Sort Key: c
	  ->  Bitmap Heap Scan on sbtest5  (cost=30.39..3764.54 rows=971 width=121)
	        Recheck Cond: ((id >= 3338441) AND (id <= 3339440))
	        ->  Bitmap Index Scan on sbtest5_pkey  (cost=0.00..30.14 rows=971 width=0)
	              Index Cond: ((id >= 3338441) AND (id <= 3339440))

table 6 : explain SELECT c FROM sbtest6 WHERE id BETWEEN 605210 AND 606209 ORDER BY c
	Sort  (cost=4149.26..4151.91 rows=1058 width=121)
	  Sort Key: c
	  ->  Bitmap Heap Scan on sbtest6  (cost=35.28..4096.11 rows=1058 width=121)
	        Recheck Cond: ((id >= 605210) AND (id <= 606209))
	        ->  Bitmap Index Scan on sbtest6_pkey  (cost=0.00..35.02 rows=1058 width=0)
	              Index Cond: ((id >= 605210) AND (id <= 606209))

table 7 : explain SELECT c FROM sbtest7 WHERE id BETWEEN 617580 AND 618579 ORDER BY c
	Sort  (cost=4062.95..4065.54 rows=1037 width=121)
	  Sort Key: c
	  ->  Bitmap Heap Scan on sbtest7  (cost=31.06..4011.01 rows=1037 width=121)
	        Recheck Cond: ((id >= 617580) AND (id <= 618579))
	        ->  Bitmap Index Scan on sbtest7_pkey  (cost=0.00..30.80 rows=1037 width=0)
	              Index Cond: ((id >= 617580) AND (id <= 618579))

table 8 : explain SELECT c FROM sbtest8 WHERE id BETWEEN 5309264 AND 5310263 ORDER BY c
	Sort  (cost=3793.55..3795.97 rows=966 width=121)
	  Sort Key: c
	  ->  Bitmap Heap Scan on sbtest8  (cost=30.34..3745.66 rows=966 width=121)
	        Recheck Cond: ((id >= 5309264) AND (id <= 5310263))
	        ->  Bitmap Index Scan on sbtest8_pkey  (cost=0.00..30.09 rows=966 width=0)
	              Index Cond: ((id >= 5309264) AND (id <= 5310263))

for: simple_ranges
table 1 : explain SELECT c FROM sbtest1 WHERE id BETWEEN 2363979 AND 2364978
	Bitmap Heap Scan on sbtest1  (cost=35.90..4327.72 rows=1119 width=121)
	  Recheck Cond: ((id >= 2363979) AND (id <= 2364978))
	  ->  Bitmap Index Scan on sbtest1_pkey  (cost=0.00..35.62 rows=1119 width=0)
	        Index Cond: ((id >= 2363979) AND (id <= 2364978))

table 2 : explain SELECT c FROM sbtest2 WHERE id BETWEEN 2074833 AND 2075832
	Bitmap Heap Scan on sbtest2  (cost=30.05..3639.61 rows=938 width=121)
	  Recheck Cond: ((id >= 2074833) AND (id <= 2075832))
	  ->  Bitmap Index Scan on sbtest2_pkey  (cost=0.00..29.82 rows=938 width=0)
	        Index Cond: ((id >= 2074833) AND (id <= 2075832))

table 3 : explain SELECT c FROM sbtest3 WHERE id BETWEEN 6355367 AND 6356366
	Bitmap Heap Scan on sbtest3  (cost=29.54..3449.00 rows=888 width=121)
	  Recheck Cond: ((id >= 6355367) AND (id <= 6356366))
	  ->  Bitmap Index Scan on sbtest3_pkey  (cost=0.00..29.32 rows=888 width=0)
	        Index Cond: ((id >= 6355367) AND (id <= 6356366))

table 4 : explain SELECT c FROM sbtest4 WHERE id BETWEEN 265423 AND 266422
	Bitmap Heap Scan on sbtest4  (cost=31.04..4005.71 rows=1035 width=121)
	  Recheck Cond: ((id >= 265423) AND (id <= 266422))
	  ->  Bitmap Index Scan on sbtest4_pkey  (cost=0.00..30.79 rows=1035 width=0)
	        Index Cond: ((id >= 265423) AND (id <= 266422))

table 5 : explain SELECT c FROM sbtest5 WHERE id BETWEEN 526606 AND 527605
	Bitmap Heap Scan on sbtest5  (cost=29.77..3537.68 rows=911 width=121)
	  Recheck Cond: ((id >= 526606) AND (id <= 527605))
	  ->  Bitmap Index Scan on sbtest5_pkey  (cost=0.00..29.54 rows=911 width=0)
	        Index Cond: ((id >= 526606) AND (id <= 527605))

table 6 : explain SELECT c FROM sbtest6 WHERE id BETWEEN 6092883 AND 6093882
	Bitmap Heap Scan on sbtest6  (cost=30.04..3635.57 rows=937 width=121)
	  Recheck Cond: ((id >= 6092883) AND (id <= 6093882))
	  ->  Bitmap Index Scan on sbtest6_pkey  (cost=0.00..29.80 rows=937 width=0)
	        Index Cond: ((id >= 6092883) AND (id <= 6093882))

table 7 : explain SELECT c FROM sbtest7 WHERE id BETWEEN 6288993 AND 6289992
	Bitmap Heap Scan on sbtest7  (cost=29.81..3550.70 rows=915 width=121)
	  Recheck Cond: ((id >= 6288993) AND (id <= 6289992))
	  ->  Bitmap Index Scan on sbtest7_pkey  (cost=0.00..29.58 rows=915 width=0)
	        Index Cond: ((id >= 6288993) AND (id <= 6289992))

table 8 : explain SELECT c FROM sbtest8 WHERE id BETWEEN 8733313 AND 8734312
	Bitmap Heap Scan on sbtest8  (cost=35.42..4149.40 rows=1072 width=121)
	  Recheck Cond: ((id >= 8733313) AND (id <= 8734312))
	  ->  Bitmap Index Scan on sbtest8_pkey  (cost=0.00..35.16 rows=1072 width=0)
	        Index Cond: ((id >= 8733313) AND (id <= 8734312))

for: simple_ranges
table 1 : explain SELECT c FROM sbtest1 WHERE id BETWEEN 4821280 AND 4822279
	Bitmap Heap Scan on sbtest1  (cost=35.66..4237.42 rows=1095 width=121)
	  Recheck Cond: ((id >= 4821280) AND (id <= 4822279))
	  ->  Bitmap Index Scan on sbtest1_pkey  (cost=0.00..35.39 rows=1095 width=0)
	        Index Cond: ((id >= 4821280) AND (id <= 4822279))

table 2 : explain SELECT c FROM sbtest2 WHERE id BETWEEN 6004147 AND 6005146
	Bitmap Heap Scan on sbtest2  (cost=35.85..4307.12 rows=1114 width=121)
	  Recheck Cond: ((id >= 6004147) AND (id <= 6005146))
	  ->  Bitmap Index Scan on sbtest2_pkey  (cost=0.00..35.58 rows=1114 width=0)
	        Index Cond: ((id >= 6004147) AND (id <= 6005146))

table 3 : explain SELECT c FROM sbtest3 WHERE id BETWEEN 6912749 AND 6913748
	Bitmap Heap Scan on sbtest3  (cost=36.41..4504.13 rows=1168 width=121)
	  Recheck Cond: ((id >= 6912749) AND (id <= 6913748))
	  ->  Bitmap Index Scan on sbtest3_pkey  (cost=0.00..36.12 rows=1168 width=0)
	        Index Cond: ((id >= 6912749) AND (id <= 6913748))

table 4 : explain SELECT c FROM sbtest4 WHERE id BETWEEN 3186761 AND 3187760
	Bitmap Heap Scan on sbtest4  (cost=30.52..3813.34 rows=984 width=121)
	  Recheck Cond: ((id >= 3186761) AND (id <= 3187760))
	  ->  Bitmap Index Scan on sbtest4_pkey  (cost=0.00..30.27 rows=984 width=0)
	        Index Cond: ((id >= 3186761) AND (id <= 3187760))

table 5 : explain SELECT c FROM sbtest5 WHERE id BETWEEN 9530752 AND 9531751
	Bitmap Heap Scan on sbtest5  (cost=29.87..3571.74 rows=920 width=121)
	  Recheck Cond: ((id >= 9530752) AND (id <= 9531751))
	  ->  Bitmap Index Scan on sbtest5_pkey  (cost=0.00..29.64 rows=920 width=0)
	        Index Cond: ((id >= 9530752) AND (id <= 9531751))

table 6 : explain SELECT c FROM sbtest6 WHERE id BETWEEN 7937107 AND 7938106
	Bitmap Heap Scan on sbtest6  (cost=31.04..4005.47 rows=1035 width=121)
	  Recheck Cond: ((id >= 7937107) AND (id <= 7938106))
	  ->  Bitmap Index Scan on sbtest6_pkey  (cost=0.00..30.79 rows=1035 width=0)
	        Index Cond: ((id >= 7937107) AND (id <= 7938106))

table 7 : explain SELECT c FROM sbtest7 WHERE id BETWEEN 8296774 AND 8297773
	Bitmap Heap Scan on sbtest7  (cost=36.06..4375.92 rows=1134 width=121)
	  Recheck Cond: ((id >= 8296774) AND (id <= 8297773))
	  ->  Bitmap Index Scan on sbtest7_pkey  (cost=0.00..35.78 rows=1134 width=0)
	        Index Cond: ((id >= 8296774) AND (id <= 8297773))

table 8 : explain SELECT c FROM sbtest8 WHERE id BETWEEN 9320319 AND 9321318
	Bitmap Heap Scan on sbtest8  (cost=30.64..3858.94 rows=996 width=121)
	  Recheck Cond: ((id >= 9320319) AND (id <= 9321318))
	  ->  Bitmap Index Scan on sbtest8_pkey  (cost=0.00..30.39 rows=996 width=0)
	        Index Cond: ((id >= 9320319) AND (id <= 9321318))

for: order_ranges
table 1 : explain SELECT c FROM sbtest1 WHERE id BETWEEN 6556735 AND 6557734 ORDER BY c
	Sort  (cost=3491.30..3493.52 rows=887 width=121)
	  Sort Key: c
	  ->  Bitmap Heap Scan on sbtest1  (cost=29.53..3447.87 rows=887 width=121)
	        Recheck Cond: ((id >= 6556735) AND (id <= 6557734))
	        ->  Bitmap Index Scan on sbtest1_pkey  (cost=0.00..29.30 rows=887 width=0)
	              Index Cond: ((id >= 6556735) AND (id <= 6557734))

table 2 : explain SELECT c FROM sbtest2 WHERE id BETWEEN 9207660 AND 9208659 ORDER BY c
	Sort  (cost=3919.78..3922.28 rows=999 width=121)
	  Sort Key: c
	  ->  Bitmap Heap Scan on sbtest2  (cost=30.67..3870.01 rows=999 width=121)
	        Recheck Cond: ((id >= 9207660) AND (id <= 9208659))
	        ->  Bitmap Index Scan on sbtest2_pkey  (cost=0.00..30.43 rows=999 width=0)
	              Index Cond: ((id >= 9207660) AND (id <= 9208659))

table 3 : explain SELECT c FROM sbtest3 WHERE id BETWEEN 617197 AND 618196 ORDER BY c
	Sort  (cost=3722.76..3725.13 rows=948 width=121)
	  Sort Key: c
	  ->  Bitmap Heap Scan on sbtest3  (cost=30.15..3675.88 rows=948 width=121)
	        Recheck Cond: ((id >= 617197) AND (id <= 618196))
	        ->  Bitmap Index Scan on sbtest3_pkey  (cost=0.00..29.91 rows=948 width=0)
	              Index Cond: ((id >= 617197) AND (id <= 618196))

table 4 : explain SELECT c FROM sbtest4 WHERE id BETWEEN 753762 AND 754761 ORDER BY c
	Sort  (cost=4080.49..4083.09 rows=1041 width=121)
	  Sort Key: c
	  ->  Bitmap Heap Scan on sbtest4  (cost=31.11..4028.32 rows=1041 width=121)
	        Recheck Cond: ((id >= 753762) AND (id <= 754761))
	        ->  Bitmap Index Scan on sbtest4_pkey  (cost=0.00..30.84 rows=1041 width=0)
	              Index Cond: ((id >= 753762) AND (id <= 754761))

table 5 : explain SELECT c FROM sbtest5 WHERE id BETWEEN 2117869 AND 2118868 ORDER BY c
	Sort  (cost=4249.21..4251.92 rows=1084 width=121)
	  Sort Key: c
	  ->  Bitmap Heap Scan on sbtest5  (cost=35.55..4194.56 rows=1084 width=121)
	        Recheck Cond: ((id >= 2117869) AND (id <= 2118868))
	        ->  Bitmap Index Scan on sbtest5_pkey  (cost=0.00..35.28 rows=1084 width=0)
	              Index Cond: ((id >= 2117869) AND (id <= 2118868))

table 6 : explain SELECT c FROM sbtest6 WHERE id BETWEEN 6385927 AND 6386926 ORDER BY c
	Sort  (cost=4386.07..4388.87 rows=1120 width=121)
	  Sort Key: c
	  ->  Bitmap Heap Scan on sbtest6  (cost=35.92..4329.34 rows=1120 width=121)
	        Recheck Cond: ((id >= 6385927) AND (id <= 6386926))
	        ->  Bitmap Index Scan on sbtest6_pkey  (cost=0.00..35.64 rows=1120 width=0)
	              Index Cond: ((id >= 6385927) AND (id <= 6386926))

table 7 : explain SELECT c FROM sbtest7 WHERE id BETWEEN 9632538 AND 9633537 ORDER BY c
	Sort  (cost=3672.43..3674.77 rows=935 width=121)
	  Sort Key: c
	  ->  Bitmap Heap Scan on sbtest7  (cost=30.02..3626.29 rows=935 width=121)
	        Recheck Cond: ((id >= 9632538) AND (id <= 9633537))
	        ->  Bitmap Index Scan on sbtest7_pkey  (cost=0.00..29.79 rows=935 width=0)
	              Index Cond: ((id >= 9632538) AND (id <= 9633537))

table 8 : explain SELECT c FROM sbtest8 WHERE id BETWEEN 2693790 AND 2694789 ORDER BY c
	Sort  (cost=3609.35..3611.64 rows=918 width=121)
	  Sort Key: c
	  ->  Bitmap Heap Scan on sbtest8  (cost=29.84..3564.17 rows=918 width=121)
	        Recheck Cond: ((id >= 2693790) AND (id <= 2694789))
	        ->  Bitmap Index Scan on sbtest8_pkey  (cost=0.00..29.61 rows=918 width=0)
	              Index Cond: ((id >= 2693790) AND (id <= 2694789))

for: distinct_ranges
table 1 : explain SELECT DISTINCT c FROM sbtest1 WHERE id BETWEEN 7726237 AND 7727236 ORDER BY c
	Unique  (cost=4120.45..4125.70 rows=1051 width=121)
	  ->  Sort  (cost=4120.45..4123.07 rows=1051 width=121)
	        Sort Key: c
	        ->  Bitmap Heap Scan on sbtest1  (cost=31.21..4067.70 rows=1051 width=121)
	              Recheck Cond: ((id >= 7726237) AND (id <= 7727236))
	              ->  Bitmap Index Scan on sbtest1_pkey  (cost=0.00..30.94 rows=1051 width=0)
	                    Index Cond: ((id >= 7726237) AND (id <= 7727236))

table 2 : explain SELECT DISTINCT c FROM sbtest2 WHERE id BETWEEN 5907056 AND 5908055 ORDER BY c
	Unique  (cost=3843.15..3848.05 rows=979 width=121)
	  ->  Sort  (cost=3843.15..3845.60 rows=979 width=121)
	        Sort Key: c
	        ->  Bitmap Heap Scan on sbtest2  (cost=30.47..3794.52 rows=979 width=121)
	              Recheck Cond: ((id >= 5907056) AND (id <= 5908055))
	              ->  Bitmap Index Scan on sbtest2_pkey  (cost=0.00..30.22 rows=979 width=0)
	                    Index Cond: ((id >= 5907056) AND (id <= 5908055))

table 3 : explain SELECT DISTINCT c FROM sbtest3 WHERE id BETWEEN 955949 AND 956948 ORDER BY c
	Unique  (cost=3787.92..3792.74 rows=965 width=121)
	  ->  Sort  (cost=3787.92..3790.33 rows=965 width=121)
	        Sort Key: c
	        ->  Bitmap Heap Scan on sbtest3  (cost=30.33..3740.08 rows=965 width=121)
	              Recheck Cond: ((id >= 955949) AND (id <= 956948))
	              ->  Bitmap Index Scan on sbtest3_pkey  (cost=0.00..30.08 rows=965 width=0)
	                    Index Cond: ((id >= 955949) AND (id <= 956948))

table 4 : explain SELECT DISTINCT c FROM sbtest4 WHERE id BETWEEN 6127229 AND 6128228 ORDER BY c
	Unique  (cost=3428.46..3432.82 rows=871 width=121)
	  ->  Sort  (cost=3428.46..3430.64 rows=871 width=121)
	        Sort Key: c
	        ->  Bitmap Heap Scan on sbtest4  (cost=29.36..3385.93 rows=871 width=121)
	              Recheck Cond: ((id >= 6127229) AND (id <= 6128228))
	              ->  Bitmap Index Scan on sbtest4_pkey  (cost=0.00..29.14 rows=871 width=0)
	                    Index Cond: ((id >= 6127229) AND (id <= 6128228))

table 5 : explain SELECT DISTINCT c FROM sbtest5 WHERE id BETWEEN 3797942 AND 3798941 ORDER BY c
	Unique  (cost=4134.36..4139.63 rows=1055 width=121)
	  ->  Sort  (cost=4134.36..4137.00 rows=1055 width=121)
	        Sort Key: c
	        ->  Bitmap Heap Scan on sbtest5  (cost=31.25..4081.38 rows=1055 width=121)
	              Recheck Cond: ((id >= 3797942) AND (id <= 3798941))
	              ->  Bitmap Index Scan on sbtest5_pkey  (cost=0.00..30.98 rows=1055 width=0)
	                    Index Cond: ((id >= 3797942) AND (id <= 3798941))

table 6 : explain SELECT DISTINCT c FROM sbtest6 WHERE id BETWEEN 8818063 AND 8819062 ORDER BY c
	Unique  (cost=4057.30..4062.48 rows=1035 width=121)
	  ->  Sort  (cost=4057.30..4059.89 rows=1035 width=121)
	        Sort Key: c
	        ->  Bitmap Heap Scan on sbtest6  (cost=31.04..4005.47 rows=1035 width=121)
	              Recheck Cond: ((id >= 8818063) AND (id <= 8819062))
	              ->  Bitmap Index Scan on sbtest6_pkey  (cost=0.00..30.79 rows=1035 width=0)
	                    Index Cond: ((id >= 8818063) AND (id <= 8819062))

table 7 : explain SELECT DISTINCT c FROM sbtest7 WHERE id BETWEEN 6651767 AND 6652766 ORDER BY c
	Unique  (cost=3921.44..3926.44 rows=1000 width=121)
	  ->  Sort  (cost=3921.44..3923.94 rows=1000 width=121)
	        Sort Key: c
	        ->  Bitmap Heap Scan on sbtest7  (cost=30.68..3871.61 rows=1000 width=121)
	              Recheck Cond: ((id >= 6651767) AND (id <= 6652766))
	              ->  Bitmap Index Scan on sbtest7_pkey  (cost=0.00..30.43 rows=1000 width=0)
	                    Index Cond: ((id >= 6651767) AND (id <= 6652766))

table 8 : explain SELECT DISTINCT c FROM sbtest8 WHERE id BETWEEN 2065147 AND 2066146 ORDER BY c
	Unique  (cost=4084.81..4090.02 rows=1041 width=121)
	  ->  Sort  (cost=4084.81..4087.42 rows=1041 width=121)
	        Sort Key: c
	        ->  Bitmap Heap Scan on sbtest8  (cost=35.11..4032.64 rows=1041 width=121)
	              Recheck Cond: ((id >= 2065147) AND (id <= 2066146))
	              ->  Bitmap Index Scan on sbtest8_pkey  (cost=0.00..34.84 rows=1041 width=0)
	                    Index Cond: ((id >= 2065147) AND (id <= 2066146))

for: distinct_ranges
table 1 : explain SELECT DISTINCT c FROM sbtest1 WHERE id BETWEEN 4320394 AND 4321393 ORDER BY c
	Unique  (cost=3928.97..3933.98 rows=1001 width=121)
	  ->  Sort  (cost=3928.97..3931.48 rows=1001 width=121)
	        Sort Key: c
	        ->  Bitmap Heap Scan on sbtest1  (cost=30.70..3879.09 rows=1001 width=121)
	              Recheck Cond: ((id >= 4320394) AND (id <= 4321393))
	              ->  Bitmap Index Scan on sbtest1_pkey  (cost=0.00..30.44 rows=1001 width=0)
	                    Index Cond: ((id >= 4320394) AND (id <= 4321393))

table 2 : explain SELECT DISTINCT c FROM sbtest2 WHERE id BETWEEN 8395790 AND 8396789 ORDER BY c
	Unique  (cost=4023.16..4028.29 rows=1026 width=121)
	  ->  Sort  (cost=4023.16..4025.73 rows=1026 width=121)
	        Sort Key: c
	        ->  Bitmap Heap Scan on sbtest2  (cost=30.95..3971.85 rows=1026 width=121)
	              Recheck Cond: ((id >= 8395790) AND (id <= 8396789))
	              ->  Bitmap Index Scan on sbtest2_pkey  (cost=0.00..30.69 rows=1026 width=0)
	                    Index Cond: ((id >= 8395790) AND (id <= 8396789))

table 3 : explain SELECT DISTINCT c FROM sbtest3 WHERE id BETWEEN 4950769 AND 4951768 ORDER BY c
	Unique  (cost=4338.66..4344.20 rows=1108 width=121)
	  ->  Sort  (cost=4338.66..4341.43 rows=1108 width=121)
	        Sort Key: c
	        ->  Bitmap Heap Scan on sbtest3  (cost=35.79..4282.63 rows=1108 width=121)
	              Recheck Cond: ((id >= 4950769) AND (id <= 4951768))
	              ->  Bitmap Index Scan on sbtest3_pkey  (cost=0.00..35.52 rows=1108 width=0)
	                    Index Cond: ((id >= 4950769) AND (id <= 4951768))

table 4 : explain SELECT DISTINCT c FROM sbtest4 WHERE id BETWEEN 4061121 AND 4062120 ORDER BY c
	Unique  (cost=4309.98..4315.48 rows=1100 width=121)
	  ->  Sort  (cost=4309.98..4312.73 rows=1100 width=121)
	        Sort Key: c
	        ->  Bitmap Heap Scan on sbtest4  (cost=35.71..4254.41 rows=1100 width=121)
	              Recheck Cond: ((id >= 4061121) AND (id <= 4062120))
	              ->  Bitmap Index Scan on sbtest4_pkey  (cost=0.00..35.44 rows=1100 width=0)
	                    Index Cond: ((id >= 4061121) AND (id <= 4062120))

table 5 : explain SELECT DISTINCT c FROM sbtest5 WHERE id BETWEEN 8940038 AND 8941037 ORDER BY c
	Unique  (cost=3866.38..3871.31 rows=985 width=121)
	  ->  Sort  (cost=3866.38..3868.85 rows=985 width=121)
	        Sort Key: c
	        ->  Bitmap Heap Scan on sbtest5  (cost=30.53..3817.41 rows=985 width=121)
	              Recheck Cond: ((id >= 8940038) AND (id <= 8941037))
	              ->  Bitmap Index Scan on sbtest5_pkey  (cost=0.00..30.29 rows=985 width=0)
	                    Index Cond: ((id >= 8940038) AND (id <= 8941037))

table 6 : explain SELECT DISTINCT c FROM sbtest6 WHERE id BETWEEN 8426153 AND 8427152 ORDER BY c
	Unique  (cost=4068.78..4073.97 rows=1038 width=121)
	  ->  Sort  (cost=4068.78..4071.38 rows=1038 width=121)
	        Sort Key: c
	        ->  Bitmap Heap Scan on sbtest6  (cost=31.07..4016.78 rows=1038 width=121)
	              Recheck Cond: ((id >= 8426153) AND (id <= 8427152))
	              ->  Bitmap Index Scan on sbtest6_pkey  (cost=0.00..30.82 rows=1038 width=0)
	                    Index Cond: ((id >= 8426153) AND (id <= 8427152))

table 7 : explain SELECT DISTINCT c FROM sbtest7 WHERE id BETWEEN 9320327 AND 9321326 ORDER BY c
	Unique  (cost=4105.17..4110.40 rows=1047 width=121)
	  ->  Sort  (cost=4105.17..4107.79 rows=1047 width=121)
	        Sort Key: c
	        ->  Bitmap Heap Scan on sbtest7  (cost=35.17..4052.65 rows=1047 width=121)
	              Recheck Cond: ((id >= 9320327) AND (id <= 9321326))
	              ->  Bitmap Index Scan on sbtest7_pkey  (cost=0.00..34.91 rows=1047 width=0)
	                    Index Cond: ((id >= 9320327) AND (id <= 9321326))

table 8 : explain SELECT DISTINCT c FROM sbtest8 WHERE id BETWEEN 9536127 AND 9537126 ORDER BY c
	Unique  (cost=3574.78..3579.33 rows=909 width=121)
	  ->  Sort  (cost=3574.78..3577.05 rows=909 width=121)
	        Sort Key: c
	        ->  Bitmap Heap Scan on sbtest8  (cost=29.75..3530.11 rows=909 width=121)
	              Recheck Cond: ((id >= 9536127) AND (id <= 9537126))
	              ->  Bitmap Index Scan on sbtest8_pkey  (cost=0.00..29.52 rows=909 width=0)
	                    Index Cond: ((id >= 9536127) AND (id <= 9537126))

for: order_ranges
table 1 : explain SELECT c FROM sbtest1 WHERE id BETWEEN 8486146 AND 8487145 ORDER BY c
	Sort  (cost=3790.93..3793.34 rows=965 width=121)
	  Sort Key: c
	  ->  Bitmap Heap Scan on sbtest1  (cost=30.33..3743.09 rows=965 width=121)
	        Recheck Cond: ((id >= 8486146) AND (id <= 8487145))
	        ->  Bitmap Index Scan on sbtest1_pkey  (cost=0.00..30.08 rows=965 width=0)
	              Index Cond: ((id >= 8486146) AND (id <= 8487145))

table 2 : explain SELECT c FROM sbtest2 WHERE id BETWEEN 3933893 AND 3934892 ORDER BY c
	Sort  (cost=4233.65..4236.35 rows=1080 width=121)
	  Sort Key: c
	  ->  Bitmap Heap Scan on sbtest2  (cost=35.51..4179.24 rows=1080 width=121)
	        Recheck Cond: ((id >= 3933893) AND (id <= 3934892))
	        ->  Bitmap Index Scan on sbtest2_pkey  (cost=0.00..35.23 rows=1080 width=0)
	              Index Cond: ((id >= 3933893) AND (id <= 3934892))

table 3 : explain SELECT c FROM sbtest3 WHERE id BETWEEN 2449631 AND 2450630 ORDER BY c
	Sort  (cost=4415.03..4417.85 rows=1129 width=121)
	  Sort Key: c
	  ->  Bitmap Heap Scan on sbtest3  (cost=36.01..4357.78 rows=1129 width=121)
	        Recheck Cond: ((id >= 2449631) AND (id <= 2450630))
	        ->  Bitmap Index Scan on sbtest3_pkey  (cost=0.00..35.73 rows=1129 width=0)
	              Index Cond: ((id >= 2449631) AND (id <= 2450630))

table 4 : explain SELECT c FROM sbtest4 WHERE id BETWEEN 1807268 AND 1808267 ORDER BY c
	Sort  (cost=4218.30..4220.99 rows=1076 width=121)
	  Sort Key: c
	  ->  Bitmap Heap Scan on sbtest4  (cost=35.46..4164.12 rows=1076 width=121)
	        Recheck Cond: ((id >= 1807268) AND (id <= 1808267))
	        ->  Bitmap Index Scan on sbtest4_pkey  (cost=0.00..35.20 rows=1076 width=0)
	              Index Cond: ((id >= 1807268) AND (id <= 1808267))

table 5 : explain SELECT c FROM sbtest5 WHERE id BETWEEN 8589226 AND 8590225 ORDER BY c
	Sort  (cost=4061.68..4064.27 rows=1036 width=121)
	  Sort Key: c
	  ->  Bitmap Heap Scan on sbtest5  (cost=31.05..4009.79 rows=1036 width=121)
	        Recheck Cond: ((id >= 8589226) AND (id <= 8590225))
	        ->  Bitmap Index Scan on sbtest5_pkey  (cost=0.00..30.79 rows=1036 width=0)
	              Index Cond: ((id >= 8589226) AND (id <= 8590225))

table 6 : explain SELECT c FROM sbtest6 WHERE id BETWEEN 5657147 AND 5658146 ORDER BY c
	Sort  (cost=3984.60..3987.14 rows=1016 width=121)
	  Sort Key: c
	  ->  Bitmap Heap Scan on sbtest6  (cost=30.85..3933.85 rows=1016 width=121)
	        Recheck Cond: ((id >= 5657147) AND (id <= 5658146))
	        ->  Bitmap Index Scan on sbtest6_pkey  (cost=0.00..30.59 rows=1016 width=0)
	              Index Cond: ((id >= 5657147) AND (id <= 5658146))

table 7 : explain SELECT c FROM sbtest7 WHERE id BETWEEN 9196930 AND 9197929 ORDER BY c
	Sort  (cost=3798.91..3801.33 rows=968 width=121)
	  Sort Key: c
	  ->  Bitmap Heap Scan on sbtest7  (cost=30.36..3750.91 rows=968 width=121)
	        Recheck Cond: ((id >= 9196930) AND (id <= 9197929))
	        ->  Bitmap Index Scan on sbtest7_pkey  (cost=0.00..30.11 rows=968 width=0)
	              Index Cond: ((id >= 9196930) AND (id <= 9197929))

table 8 : explain SELECT c FROM sbtest8 WHERE id BETWEEN 8769009 AND 8770008 ORDER BY c
	Sort  (cost=4130.71..4133.35 rows=1053 width=121)
	  Sort Key: c
	  ->  Bitmap Heap Scan on sbtest8  (cost=35.23..4077.85 rows=1053 width=121)
	        Recheck Cond: ((id >= 8769009) AND (id <= 8770008))
	        ->  Bitmap Index Scan on sbtest8_pkey  (cost=0.00..34.97 rows=1053 width=0)
	              Index Cond: ((id >= 8769009) AND (id <= 8770008))

for: order_ranges
table 1 : explain SELECT c FROM sbtest1 WHERE id BETWEEN 1788570 AND 1789569 ORDER BY c
	Sort  (cost=3694.98..3697.33 rows=940 width=121)
	  Sort Key: c
	  ->  Bitmap Heap Scan on sbtest1  (cost=30.07..3648.56 rows=940 width=121)
	        Recheck Cond: ((id >= 1788570) AND (id <= 1789569))
	        ->  Bitmap Index Scan on sbtest1_pkey  (cost=0.00..29.83 rows=940 width=0)
	              Index Cond: ((id >= 1788570) AND (id <= 1789569))

table 2 : explain SELECT c FROM sbtest2 WHERE id BETWEEN 750740 AND 751739 ORDER BY c
	Sort  (cost=3724.28..3726.65 rows=948 width=121)
	  Sort Key: c
	  ->  Bitmap Heap Scan on sbtest2  (cost=30.15..3677.41 rows=948 width=121)
	        Recheck Cond: ((id >= 750740) AND (id <= 751739))
	        ->  Bitmap Index Scan on sbtest2_pkey  (cost=0.00..29.91 rows=948 width=0)
	              Index Cond: ((id >= 750740) AND (id <= 751739))

table 3 : explain SELECT c FROM sbtest3 WHERE id BETWEEN 7545454 AND 7546453 ORDER BY c
	Sort  (cost=4074.97..4077.57 rows=1040 width=121)
	  Sort Key: c
	  ->  Bitmap Heap Scan on sbtest3  (cost=31.09..4022.86 rows=1040 width=121)
	        Recheck Cond: ((id >= 7545454) AND (id <= 7546453))
	        ->  Bitmap Index Scan on sbtest3_pkey  (cost=0.00..30.83 rows=1040 width=0)
	              Index Cond: ((id >= 7545454) AND (id <= 7546453))

table 4 : explain SELECT c FROM sbtest4 WHERE id BETWEEN 4442763 AND 4443762 ORDER BY c
	Sort  (cost=4371.06..4373.85 rows=1116 width=121)
	  Sort Key: c
	  ->  Bitmap Heap Scan on sbtest4  (cost=35.87..4314.57 rows=1116 width=121)
	        Recheck Cond: ((id >= 4442763) AND (id <= 4443762))
	        ->  Bitmap Index Scan on sbtest4_pkey  (cost=0.00..35.59 rows=1116 width=0)
	              Index Cond: ((id >= 4442763) AND (id <= 4443762))

table 5 : explain SELECT c FROM sbtest5 WHERE id BETWEEN 5867445 AND 5868444 ORDER BY c
	Sort  (cost=4126.71..4129.34 rows=1053 width=121)
	  Sort Key: c
	  ->  Bitmap Heap Scan on sbtest5  (cost=31.23..4073.85 rows=1053 width=121)
	        Recheck Cond: ((id >= 5867445) AND (id <= 5868444))
	        ->  Bitmap Index Scan on sbtest5_pkey  (cost=0.00..30.96 rows=1053 width=0)
	              Index Cond: ((id >= 5867445) AND (id <= 5868444))

table 6 : explain SELECT c FROM sbtest6 WHERE id BETWEEN 6992634 AND 6993633 ORDER BY c
	Sort  (cost=3823.72..3826.16 rows=974 width=121)
	  Sort Key: c
	  ->  Bitmap Heap Scan on sbtest6  (cost=30.42..3775.37 rows=974 width=121)
	        Recheck Cond: ((id >= 6992634) AND (id <= 6993633))
	        ->  Bitmap Index Scan on sbtest6_pkey  (cost=0.00..30.18 rows=974 width=0)
	              Index Cond: ((id >= 6992634) AND (id <= 6993633))

table 7 : explain SELECT c FROM sbtest7 WHERE id BETWEEN 4582709 AND 4583708 ORDER BY c
	Sort  (cost=4017.07..4019.63 rows=1025 width=121)
	  Sort Key: c
	  ->  Bitmap Heap Scan on sbtest7  (cost=30.94..3965.81 rows=1025 width=121)
	        Recheck Cond: ((id >= 4582709) AND (id <= 4583708))
	        ->  Bitmap Index Scan on sbtest7_pkey  (cost=0.00..30.68 rows=1025 width=0)
	              Index Cond: ((id >= 4582709) AND (id <= 4583708))

table 8 : explain SELECT c FROM sbtest8 WHERE id BETWEEN 6194816 AND 6195815 ORDER BY c
	Sort  (cost=3835.73..3838.17 rows=977 width=121)
	  Sort Key: c
	  ->  Bitmap Heap Scan on sbtest8  (cost=30.45..3787.21 rows=977 width=121)
	        Recheck Cond: ((id >= 6194816) AND (id <= 6195815))
	        ->  Bitmap Index Scan on sbtest8_pkey  (cost=0.00..30.20 rows=977 width=0)
	              Index Cond: ((id >= 6194816) AND (id <= 6195815))

for: simple_ranges
table 1 : explain SELECT c FROM sbtest1 WHERE id BETWEEN 105015 AND 106014
	Bitmap Heap Scan on sbtest1  (cost=30.01..3625.86 rows=934 width=121)
	  Recheck Cond: ((id >= 105015) AND (id <= 106014))
	  ->  Bitmap Index Scan on sbtest1_pkey  (cost=0.00..29.77 rows=934 width=0)
	        Index Cond: ((id >= 105015) AND (id <= 106014))

table 2 : explain SELECT c FROM sbtest2 WHERE id BETWEEN 4504247 AND 4505246
	Bitmap Heap Scan on sbtest2  (cost=29.33..3374.61 rows=868 width=121)
	  Recheck Cond: ((id >= 4504247) AND (id <= 4505246))
	  ->  Bitmap Index Scan on sbtest2_pkey  (cost=0.00..29.11 rows=868 width=0)
	        Index Cond: ((id >= 4504247) AND (id <= 4505246))

table 3 : explain SELECT c FROM sbtest3 WHERE id BETWEEN 9428233 AND 9429232
	Bitmap Heap Scan on sbtest3  (cost=29.80..3547.38 rows=914 width=121)
	  Recheck Cond: ((id >= 9428233) AND (id <= 9429232))
	  ->  Bitmap Index Scan on sbtest3_pkey  (cost=0.00..29.57 rows=914 width=0)
	        Index Cond: ((id >= 9428233) AND (id <= 9429232))

table 4 : explain SELECT c FROM sbtest4 WHERE id BETWEEN 8632708 AND 8633707
	Bitmap Heap Scan on sbtest4  (cost=31.16..4047.16 rows=1046 width=121)
	  Recheck Cond: ((id >= 8632708) AND (id <= 8633707))
	  ->  Bitmap Index Scan on sbtest4_pkey  (cost=0.00..30.89 rows=1046 width=0)
	        Index Cond: ((id >= 8632708) AND (id <= 8633707))

table 5 : explain SELECT c FROM sbtest5 WHERE id BETWEEN 6293383 AND 6294382
	Bitmap Heap Scan on sbtest5  (cost=30.85..3934.39 rows=1016 width=121)
	  Recheck Cond: ((id >= 6293383) AND (id <= 6294382))
	  ->  Bitmap Index Scan on sbtest5_pkey  (cost=0.00..30.59 rows=1016 width=0)
	        Index Cond: ((id >= 6293383) AND (id <= 6294382))

table 6 : explain SELECT c FROM sbtest6 WHERE id BETWEEN 5520408 AND 5521407
	Bitmap Heap Scan on sbtest6  (cost=29.55..3453.94 rows=889 width=121)
	  Recheck Cond: ((id >= 5520408) AND (id <= 5521407))
	  ->  Bitmap Index Scan on sbtest6_pkey  (cost=0.00..29.32 rows=889 width=0)
	        Index Cond: ((id >= 5520408) AND (id <= 5521407))

table 7 : explain SELECT c FROM sbtest7 WHERE id BETWEEN 9017152 AND 9018151
	Bitmap Heap Scan on sbtest7  (cost=30.88..3943.21 rows=1019 width=121)
	  Recheck Cond: ((id >= 9017152) AND (id <= 9018151))
	  ->  Bitmap Index Scan on sbtest7_pkey  (cost=0.00..30.62 rows=1019 width=0)
	        Index Cond: ((id >= 9017152) AND (id <= 9018151))

table 8 : explain SELECT c FROM sbtest8 WHERE id BETWEEN 2374883 AND 2375882
	Bitmap Heap Scan on sbtest8  (cost=30.94..3968.33 rows=1025 width=121)
	  Recheck Cond: ((id >= 2374883) AND (id <= 2375882))
	  ->  Bitmap Index Scan on sbtest8_pkey  (cost=0.00..30.68 rows=1025 width=0)
	        Index Cond: ((id >= 2374883) AND (id <= 2375882))

for: order_ranges
table 1 : explain SELECT c FROM sbtest1 WHERE id BETWEEN 7044609 AND 7045608 ORDER BY c
	Sort  (cost=3909.81..3912.30 rows=996 width=121)
	  Sort Key: c
	  ->  Bitmap Heap Scan on sbtest1  (cost=30.64..3860.21 rows=996 width=121)
	        Recheck Cond: ((id >= 7044609) AND (id <= 7045608))
	        ->  Bitmap Index Scan on sbtest1_pkey  (cost=0.00..30.39 rows=996 width=0)
	              Index Cond: ((id >= 7044609) AND (id <= 7045608))

table 2 : explain SELECT c FROM sbtest2 WHERE id BETWEEN 9762844 AND 9763843 ORDER BY c
	Sort  (cost=4317.69..4320.44 rows=1102 width=121)
	  Sort Key: c
	  ->  Bitmap Heap Scan on sbtest2  (cost=35.73..4262.00 rows=1102 width=121)
	        Recheck Cond: ((id >= 9762844) AND (id <= 9763843))
	        ->  Bitmap Index Scan on sbtest2_pkey  (cost=0.00..35.45 rows=1102 width=0)
	              Index Cond: ((id >= 9762844) AND (id <= 9763843))

table 3 : explain SELECT c FROM sbtest3 WHERE id BETWEEN 4645962 AND 4646961 ORDER BY c
	Sort  (cost=3868.36..3870.83 rows=986 width=121)
	  Sort Key: c
	  ->  Bitmap Heap Scan on sbtest3  (cost=30.54..3819.33 rows=986 width=121)
	        Recheck Cond: ((id >= 4645962) AND (id <= 4646961))
	        ->  Bitmap Index Scan on sbtest3_pkey  (cost=0.00..30.29 rows=986 width=0)
	              Index Cond: ((id >= 4645962) AND (id <= 4646961))

table 4 : explain SELECT c FROM sbtest4 WHERE id BETWEEN 3920205 AND 3921204 ORDER BY c
	Sort  (cost=3651.32..3653.64 rows=929 width=121)
	  Sort Key: c
	  ->  Bitmap Heap Scan on sbtest4  (cost=29.96..3605.52 rows=929 width=121)
	        Recheck Cond: ((id >= 3920205) AND (id <= 3921204))
	        ->  Bitmap Index Scan on sbtest4_pkey  (cost=0.00..29.72 rows=929 width=0)
	              Index Cond: ((id >= 3920205) AND (id <= 3921204))

table 5 : explain SELECT c FROM sbtest5 WHERE id BETWEEN 4017536 AND 4018535 ORDER BY c
	Sort  (cost=3939.18..3941.69 rows=1004 width=121)
	  Sort Key: c
	  ->  Bitmap Heap Scan on sbtest5  (cost=30.73..3889.12 rows=1004 width=121)
	        Recheck Cond: ((id >= 4017536) AND (id <= 4018535))
	        ->  Bitmap Index Scan on sbtest5_pkey  (cost=0.00..30.47 rows=1004 width=0)
	              Index Cond: ((id >= 4017536) AND (id <= 4018535))

table 6 : explain SELECT c FROM sbtest6 WHERE id BETWEEN 2475107 AND 2476106 ORDER BY c
	Sort  (cost=3520.54..3522.78 rows=895 width=121)
	  Sort Key: c
	  ->  Bitmap Heap Scan on sbtest6  (cost=29.61..3476.66 rows=895 width=121)
	        Recheck Cond: ((id >= 2475107) AND (id <= 2476106))
	        ->  Bitmap Index Scan on sbtest6_pkey  (cost=0.00..29.39 rows=895 width=0)
	              Index Cond: ((id >= 2475107) AND (id <= 2476106))

table 7 : explain SELECT c FROM sbtest7 WHERE id BETWEEN 3738214 AND 3739213 ORDER BY c
	Sort  (cost=4185.39..4188.06 rows=1068 width=121)
	  Sort Key: c
	  ->  Bitmap Heap Scan on sbtest7  (cost=35.38..4131.67 rows=1068 width=121)
	        Recheck Cond: ((id >= 3738214) AND (id <= 3739213))
	        ->  Bitmap Index Scan on sbtest7_pkey  (cost=0.00..35.12 rows=1068 width=0)
	              Index Cond: ((id >= 3738214) AND (id <= 3739213))

table 8 : explain SELECT c FROM sbtest8 WHERE id BETWEEN 6042925 AND 6043924 ORDER BY c
	Sort  (cost=3593.99..3596.27 rows=914 width=121)
	  Sort Key: c
	  ->  Bitmap Heap Scan on sbtest8  (cost=29.80..3549.04 rows=914 width=121)
	        Recheck Cond: ((id >= 6042925) AND (id <= 6043924))
	        ->  Bitmap Index Scan on sbtest8_pkey  (cost=0.00..29.57 rows=914 width=0)
	              Index Cond: ((id >= 6042925) AND (id <= 6043924))

for: sum_ranges
table 1 : explain SELECT SUM(k) FROM sbtest1 WHERE id BETWEEN 9822381 AND 9823380
	Aggregate  (cost=4013.74..4013.75 rows=1 width=8)
	  ->  Bitmap Heap Scan on sbtest1  (cost=31.05..4011.15 rows=1036 width=4)
	        Recheck Cond: ((id >= 9822381) AND (id <= 9823380))
	        ->  Bitmap Index Scan on sbtest1_pkey  (cost=0.00..30.79 rows=1036 width=0)
	              Index Cond: ((id >= 9822381) AND (id <= 9823380))

table 2 : explain SELECT SUM(k) FROM sbtest2 WHERE id BETWEEN 4939907 AND 4940906
	Aggregate  (cost=3944.23..3944.24 rows=1 width=8)
	  ->  Bitmap Heap Scan on sbtest2  (cost=30.87..3941.68 rows=1018 width=4)
	        Recheck Cond: ((id >= 4939907) AND (id <= 4940906))
	        ->  Bitmap Index Scan on sbtest2_pkey  (cost=0.00..30.61 rows=1018 width=0)
	              Index Cond: ((id >= 4939907) AND (id <= 4940906))

table 3 : explain SELECT SUM(k) FROM sbtest3 WHERE id BETWEEN 673014 AND 674013
	Aggregate  (cost=3678.25..3678.26 rows=1 width=8)
	  ->  Bitmap Heap Scan on sbtest3  (cost=30.15..3675.88 rows=948 width=4)
	        Recheck Cond: ((id >= 673014) AND (id <= 674013))
	        ->  Bitmap Index Scan on sbtest3_pkey  (cost=0.00..29.91 rows=948 width=0)
	              Index Cond: ((id >= 673014) AND (id <= 674013))

table 4 : explain SELECT SUM(k) FROM sbtest4 WHERE id BETWEEN 6850627 AND 6851626
	Aggregate  (cost=4049.77..4049.78 rows=1 width=8)
	  ->  Bitmap Heap Scan on sbtest4  (cost=31.16..4047.16 rows=1046 width=4)
	        Recheck Cond: ((id >= 6850627) AND (id <= 6851626))
	        ->  Bitmap Index Scan on sbtest4_pkey  (cost=0.00..30.89 rows=1046 width=0)
	              Index Cond: ((id >= 6850627) AND (id <= 6851626))

table 5 : explain SELECT SUM(k) FROM sbtest5 WHERE id BETWEEN 3139176 AND 3140175
	Aggregate  (cost=3808.54..3808.55 rows=1 width=8)
	  ->  Bitmap Heap Scan on sbtest5  (cost=30.50..3806.08 rows=982 width=4)
	        Recheck Cond: ((id >= 3139176) AND (id <= 3140175))
	        ->  Bitmap Index Scan on sbtest5_pkey  (cost=0.00..30.25 rows=982 width=0)
	              Index Cond: ((id >= 3139176) AND (id <= 3140175))

table 6 : explain SELECT SUM(k) FROM sbtest6 WHERE id BETWEEN 1899351 AND 1900350
	Aggregate  (cost=3634.13..3634.14 rows=1 width=8)
	  ->  Bitmap Heap Scan on sbtest6  (cost=30.03..3631.79 rows=936 width=4)
	        Recheck Cond: ((id >= 1899351) AND (id <= 1900350))
	        ->  Bitmap Index Scan on sbtest6_pkey  (cost=0.00..29.79 rows=936 width=0)
	              Index Cond: ((id >= 1899351) AND (id <= 1900350))

table 7 : explain SELECT SUM(k) FROM sbtest7 WHERE id BETWEEN 5176745 AND 5177744
	Aggregate  (cost=3704.22..3704.23 rows=1 width=8)
	  ->  Bitmap Heap Scan on sbtest7  (cost=30.22..3701.83 rows=955 width=4)
	        Recheck Cond: ((id >= 5176745) AND (id <= 5177744))
	        ->  Bitmap Index Scan on sbtest7_pkey  (cost=0.00..29.98 rows=955 width=0)
	              Index Cond: ((id >= 5176745) AND (id <= 5177744))

table 8 : explain SELECT SUM(k) FROM sbtest8 WHERE id BETWEEN 1745835 AND 1746834
	Aggregate  (cost=4201.04..4201.05 rows=1 width=8)
	  ->  Bitmap Heap Scan on sbtest8  (cost=35.56..4198.33 rows=1085 width=4)
	        Recheck Cond: ((id >= 1745835) AND (id <= 1746834))
	        ->  Bitmap Index Scan on sbtest8_pkey  (cost=0.00..35.29 rows=1085 width=0)
	              Index Cond: ((id >= 1745835) AND (id <= 1746834))

for: sum_ranges
table 1 : explain SELECT SUM(k) FROM sbtest1 WHERE id BETWEEN 7470627 AND 7471626
	Aggregate  (cost=4138.43..4138.44 rows=1 width=8)
	  ->  Bitmap Heap Scan on sbtest1  (cost=35.38..4135.76 rows=1068 width=4)
	        Recheck Cond: ((id >= 7470627) AND (id <= 7471626))
	        ->  Bitmap Index Scan on sbtest1_pkey  (cost=0.00..35.12 rows=1068 width=0)
	              Index Cond: ((id >= 7470627) AND (id <= 7471626))

table 2 : explain SELECT SUM(k) FROM sbtest2 WHERE id BETWEEN 1745625 AND 1746624
	Aggregate  (cost=4249.70..4249.71 rows=1 width=8)
	  ->  Bitmap Heap Scan on sbtest2  (cost=35.69..4246.96 rows=1098 width=4)
	        Recheck Cond: ((id >= 1745625) AND (id <= 1746624))
	        ->  Bitmap Index Scan on sbtest2_pkey  (cost=0.00..35.42 rows=1098 width=0)
	              Index Cond: ((id >= 1745625) AND (id <= 1746624))

table 3 : explain SELECT SUM(k) FROM sbtest3 WHERE id BETWEEN 1625490 AND 1626489
	Aggregate  (cost=3999.08..3999.09 rows=1 width=8)
	  ->  Bitmap Heap Scan on sbtest3  (cost=31.02..3996.50 rows=1033 width=4)
	        Recheck Cond: ((id >= 1625490) AND (id <= 1626489))
	        ->  Bitmap Index Scan on sbtest3_pkey  (cost=0.00..30.76 rows=1033 width=0)
	              Index Cond: ((id >= 1625490) AND (id <= 1626489))

table 4 : explain SELECT SUM(k) FROM sbtest4 WHERE id BETWEEN 2525322 AND 2526321
	Aggregate  (cost=4170.58..4170.59 rows=1 width=8)
	  ->  Bitmap Heap Scan on sbtest4  (cost=35.47..4167.88 rows=1077 width=4)
	        Recheck Cond: ((id >= 2525322) AND (id <= 2526321))
	        ->  Bitmap Index Scan on sbtest4_pkey  (cost=0.00..35.20 rows=1077 width=0)
	              Index Cond: ((id >= 2525322) AND (id <= 2526321))

table 5 : explain SELECT SUM(k) FROM sbtest5 WHERE id BETWEEN 6736024 AND 6737023
	Aggregate  (cost=3861.42..3861.43 rows=1 width=8)
	  ->  Bitmap Heap Scan on sbtest5  (cost=30.64..3858.93 rows=996 width=4)
	        Recheck Cond: ((id >= 6736024) AND (id <= 6737023))
	        ->  Bitmap Index Scan on sbtest5_pkey  (cost=0.00..30.39 rows=996 width=0)
	              Index Cond: ((id >= 6736024) AND (id <= 6737023))

table 6 : explain SELECT SUM(k) FROM sbtest6 WHERE id BETWEEN 5611149 AND 5612148
	Aggregate  (cost=4026.91..4026.92 rows=1 width=8)
	  ->  Bitmap Heap Scan on sbtest6  (cost=31.09..4024.31 rows=1040 width=4)
	        Recheck Cond: ((id >= 5611149) AND (id <= 5612148))
	        ->  Bitmap Index Scan on sbtest6_pkey  (cost=0.00..30.83 rows=1040 width=0)
	              Index Cond: ((id >= 5611149) AND (id <= 5612148))

table 7 : explain SELECT SUM(k) FROM sbtest7 WHERE id BETWEEN 6242820 AND 6243819
	Aggregate  (cost=3624.85..3624.86 rows=1 width=8)
	  ->  Bitmap Heap Scan on sbtest7  (cost=30.01..3622.51 rows=934 width=4)
	        Recheck Cond: ((id >= 6242820) AND (id <= 6243819))
	        ->  Bitmap Index Scan on sbtest7_pkey  (cost=0.00..29.77 rows=934 width=0)
	              Index Cond: ((id >= 6242820) AND (id <= 6243819))

table 8 : explain SELECT SUM(k) FROM sbtest8 WHERE id BETWEEN 3032043 AND 3033042
	Aggregate  (cost=3948.25..3948.26 rows=1 width=8)
	  ->  Bitmap Heap Scan on sbtest8  (cost=30.88..3945.71 rows=1019 width=4)
	        Recheck Cond: ((id >= 3032043) AND (id <= 3033042))
	        ->  Bitmap Index Scan on sbtest8_pkey  (cost=0.00..30.62 rows=1019 width=0)
	              Index Cond: ((id >= 3032043) AND (id <= 3033042))

for: distinct_ranges
table 1 : explain SELECT DISTINCT c FROM sbtest1 WHERE id BETWEEN 6348656 AND 6349655 ORDER BY c
	Unique  (cost=3694.98..3699.68 rows=940 width=121)
	  ->  Sort  (cost=3694.98..3697.33 rows=940 width=121)
	        Sort Key: c
	        ->  Bitmap Heap Scan on sbtest1  (cost=30.07..3648.56 rows=940 width=121)
	              Recheck Cond: ((id >= 6348656) AND (id <= 6349655))
	              ->  Bitmap Index Scan on sbtest1_pkey  (cost=0.00..29.83 rows=940 width=0)
	                    Index Cond: ((id >= 6348656) AND (id <= 6349655))

table 2 : explain SELECT DISTINCT c FROM sbtest2 WHERE id BETWEEN 9600669 AND 9601668 ORDER BY c
	Unique  (cost=3877.64..3882.58 rows=988 width=121)
	  ->  Sort  (cost=3877.64..3880.11 rows=988 width=121)
	        Sort Key: c
	        ->  Bitmap Heap Scan on sbtest2  (cost=30.56..3828.50 rows=988 width=121)
	              Recheck Cond: ((id >= 9600669) AND (id <= 9601668))
	              ->  Bitmap Index Scan on sbtest2_pkey  (cost=0.00..30.32 rows=988 width=0)
	                    Index Cond: ((id >= 9600669) AND (id <= 9601668))

table 3 : explain SELECT DISTINCT c FROM sbtest3 WHERE id BETWEEN 4427908 AND 4428907 ORDER BY c
	Unique  (cost=3952.58..3957.62 rows=1008 width=121)
	  ->  Sort  (cost=3952.58..3955.10 rows=1008 width=121)
	        Sort Key: c
	        ->  Bitmap Heap Scan on sbtest3  (cost=30.77..3902.29 rows=1008 width=121)
	              Recheck Cond: ((id >= 4427908) AND (id <= 4428907))
	              ->  Bitmap Index Scan on sbtest3_pkey  (cost=0.00..30.51 rows=1008 width=0)
	                    Index Cond: ((id >= 4427908) AND (id <= 4428907))

table 4 : explain SELECT DISTINCT c FROM sbtest4 WHERE id BETWEEN 7270642 AND 7271641 ORDER BY c
	Unique  (cost=3800.93..3805.77 rows=968 width=121)
	  ->  Sort  (cost=3800.93..3803.35 rows=968 width=121)
	        Sort Key: c
	        ->  Bitmap Heap Scan on sbtest4  (cost=30.36..3752.92 rows=968 width=121)
	              Recheck Cond: ((id >= 7270642) AND (id <= 7271641))
	              ->  Bitmap Index Scan on sbtest4_pkey  (cost=0.00..30.11 rows=968 width=0)
	                    Index Cond: ((id >= 7270642) AND (id <= 7271641))

table 5 : explain SELECT DISTINCT c FROM sbtest5 WHERE id BETWEEN 4414755 AND 4415754 ORDER BY c
	Unique  (cost=4084.64..4089.85 rows=1042 width=121)
	  ->  Sort  (cost=4084.64..4087.24 rows=1042 width=121)
	        Sort Key: c
	        ->  Bitmap Heap Scan on sbtest5  (cost=31.12..4032.40 rows=1042 width=121)
	              Recheck Cond: ((id >= 4414755) AND (id <= 4415754))
	              ->  Bitmap Index Scan on sbtest5_pkey  (cost=0.00..30.86 rows=1042 width=0)
	                    Index Cond: ((id >= 4414755) AND (id <= 4415754))

table 6 : explain SELECT DISTINCT c FROM sbtest6 WHERE id BETWEEN 100368 AND 101367 ORDER BY c
	Unique  (cost=4118.50..4123.75 rows=1051 width=121)
	  ->  Sort  (cost=4118.50..4121.13 rows=1051 width=121)
	        Sort Key: c
	        ->  Bitmap Heap Scan on sbtest6  (cost=31.21..4065.75 rows=1051 width=121)
	              Recheck Cond: ((id >= 100368) AND (id <= 101367))
	              ->  Bitmap Index Scan on sbtest6_pkey  (cost=0.00..30.94 rows=1051 width=0)
	                    Index Cond: ((id >= 100368) AND (id <= 101367))

table 7 : explain SELECT DISTINCT c FROM sbtest7 WHERE id BETWEEN 4400475 AND 4401474 ORDER BY c
	Unique  (cost=4173.93..4179.26 rows=1065 width=121)
	  ->  Sort  (cost=4173.93..4176.60 rows=1065 width=121)
	        Sort Key: c
	        ->  Bitmap Heap Scan on sbtest7  (cost=35.35..4120.38 rows=1065 width=121)
	              Recheck Cond: ((id >= 4400475) AND (id <= 4401474))
	              ->  Bitmap Index Scan on sbtest7_pkey  (cost=0.00..35.09 rows=1065 width=0)
	                    Index Cond: ((id >= 4400475) AND (id <= 4401474))

table 8 : explain SELECT DISTINCT c FROM sbtest8 WHERE id BETWEEN 458166 AND 459165 ORDER BY c
	Unique  (cost=4165.13..4170.44 rows=1062 width=121)
	  ->  Sort  (cost=4165.13..4167.78 rows=1062 width=121)
	        Sort Key: c
	        ->  Bitmap Heap Scan on sbtest8  (cost=35.32..4111.75 rows=1062 width=121)
	              Recheck Cond: ((id >= 458166) AND (id <= 459165))
	              ->  Bitmap Index Scan on sbtest8_pkey  (cost=0.00..35.06 rows=1062 width=0)
	                    Index Cond: ((id >= 458166) AND (id <= 459165))

for: distinct_ranges
table 1 : explain SELECT DISTINCT c FROM sbtest1 WHERE id BETWEEN 6266908 AND 6267907 ORDER BY c
	Unique  (cost=3614.32..3618.91 rows=919 width=121)
	  ->  Sort  (cost=3614.32..3616.62 rows=919 width=121)
	        Sort Key: c
	        ->  Bitmap Heap Scan on sbtest1  (cost=29.85..3569.09 rows=919 width=121)
	              Recheck Cond: ((id >= 6266908) AND (id <= 6267907))
	              ->  Bitmap Index Scan on sbtest1_pkey  (cost=0.00..29.62 rows=919 width=0)
	                    Index Cond: ((id >= 6266908) AND (id <= 6267907))

table 2 : explain SELECT DISTINCT c FROM sbtest2 WHERE id BETWEEN 9225728 AND 9226727 ORDER BY c
	Unique  (cost=3919.78..3924.78 rows=999 width=121)
	  ->  Sort  (cost=3919.78..3922.28 rows=999 width=121)
	        Sort Key: c
	        ->  Bitmap Heap Scan on sbtest2  (cost=30.67..3870.01 rows=999 width=121)
	              Recheck Cond: ((id >= 9225728) AND (id <= 9226727))
	              ->  Bitmap Index Scan on sbtest2_pkey  (cost=0.00..30.43 rows=999 width=0)
	                    Index Cond: ((id >= 9225728) AND (id <= 9226727))

table 3 : explain SELECT DISTINCT c FROM sbtest3 WHERE id BETWEEN 5758944 AND 5759943 ORDER BY c
	Unique  (cost=3841.55..3846.45 rows=979 width=121)
	  ->  Sort  (cost=3841.55..3844.00 rows=979 width=121)
	        Sort Key: c
	        ->  Bitmap Heap Scan on sbtest3  (cost=30.47..3792.92 rows=979 width=121)
	              Recheck Cond: ((id >= 5758944) AND (id <= 5759943))
	              ->  Bitmap Index Scan on sbtest3_pkey  (cost=0.00..30.22 rows=979 width=0)
	                    Index Cond: ((id >= 5758944) AND (id <= 5759943))

table 4 : explain SELECT DISTINCT c FROM sbtest4 WHERE id BETWEEN 7911863 AND 7912862 ORDER BY c
	Unique  (cost=3958.02..3963.07 rows=1009 width=121)
	  ->  Sort  (cost=3958.02..3960.55 rows=1009 width=121)
	        Sort Key: c
	        ->  Bitmap Heap Scan on sbtest4  (cost=30.78..3907.68 rows=1009 width=121)
	              Recheck Cond: ((id >= 7911863) AND (id <= 7912862))
	              ->  Bitmap Index Scan on sbtest4_pkey  (cost=0.00..30.52 rows=1009 width=0)
	                    Index Cond: ((id >= 7911863) AND (id <= 7912862))

table 5 : explain SELECT DISTINCT c FROM sbtest5 WHERE id BETWEEN 140263 AND 141262 ORDER BY c
	Unique  (cost=3988.96..3994.04 rows=1017 width=121)
	  ->  Sort  (cost=3988.96..3991.50 rows=1017 width=121)
	        Sort Key: c
	        ->  Bitmap Heap Scan on sbtest5  (cost=30.86..3938.16 rows=1017 width=121)
	              Recheck Cond: ((id >= 140263) AND (id <= 141262))
	              ->  Bitmap Index Scan on sbtest5_pkey  (cost=0.00..30.61 rows=1017 width=0)
	                    Index Cond: ((id >= 140263) AND (id <= 141262))

table 6 : explain SELECT DISTINCT c FROM sbtest6 WHERE id BETWEEN 9787709 AND 9788708 ORDER BY c
	Unique  (cost=3735.53..3740.29 rows=951 width=121)
	  ->  Sort  (cost=3735.53..3737.91 rows=951 width=121)
	        Sort Key: c
	        ->  Bitmap Heap Scan on sbtest6  (cost=30.18..3688.49 rows=951 width=121)
	              Recheck Cond: ((id >= 9787709) AND (id <= 9788708))
	              ->  Bitmap Index Scan on sbtest6_pkey  (cost=0.00..29.94 rows=951 width=0)
	                    Index Cond: ((id >= 9787709) AND (id <= 9788708))

table 7 : explain SELECT DISTINCT c FROM sbtest7 WHERE id BETWEEN 6594851 AND 6595850 ORDER BY c
	Unique  (cost=3921.44..3926.44 rows=1000 width=121)
	  ->  Sort  (cost=3921.44..3923.94 rows=1000 width=121)
	        Sort Key: c
	        ->  Bitmap Heap Scan on sbtest7  (cost=30.68..3871.61 rows=1000 width=121)
	              Recheck Cond: ((id >= 6594851) AND (id <= 6595850))
	              ->  Bitmap Index Scan on sbtest7_pkey  (cost=0.00..30.43 rows=1000 width=0)
	                    Index Cond: ((id >= 6594851) AND (id <= 6595850))

table 8 : explain SELECT DISTINCT c FROM sbtest8 WHERE id BETWEEN 1753352 AND 1754351 ORDER BY c
	Unique  (cost=4253.03..4258.46 rows=1085 width=121)
	  ->  Sort  (cost=4253.03..4255.75 rows=1085 width=121)
	        Sort Key: c
	        ->  Bitmap Heap Scan on sbtest8  (cost=35.56..4198.33 rows=1085 width=121)
	              Recheck Cond: ((id >= 1753352) AND (id <= 1754351))
	              ->  Bitmap Index Scan on sbtest8_pkey  (cost=0.00..35.29 rows=1085 width=0)
	                    Index Cond: ((id >= 1753352) AND (id <= 1754351))

for: distinct_ranges
table 1 : explain SELECT DISTINCT c FROM sbtest1 WHERE id BETWEEN 8000213 AND 8001212 ORDER BY c
	Unique  (cost=3917.48..3922.47 rows=998 width=121)
	  ->  Sort  (cost=3917.48..3919.97 rows=998 width=121)
	        Sort Key: c
	        ->  Bitmap Heap Scan on sbtest1  (cost=30.66..3867.76 rows=998 width=121)
	              Recheck Cond: ((id >= 8000213) AND (id <= 8001212))
	              ->  Bitmap Index Scan on sbtest1_pkey  (cost=0.00..30.41 rows=998 width=0)
	                    Index Cond: ((id >= 8000213) AND (id <= 8001212))

table 2 : explain SELECT DISTINCT c FROM sbtest2 WHERE id BETWEEN 8284828 AND 8285827 ORDER BY c
	Unique  (cost=4034.64..4039.79 rows=1029 width=121)
	  ->  Sort  (cost=4034.64..4037.21 rows=1029 width=121)
	        Sort Key: c
	        ->  Bitmap Heap Scan on sbtest2  (cost=30.98..3983.15 rows=1029 width=121)
	              Recheck Cond: ((id >= 8284828) AND (id <= 8285827))
	              ->  Bitmap Index Scan on sbtest2_pkey  (cost=0.00..30.72 rows=1029 width=0)
	                    Index Cond: ((id >= 8284828) AND (id <= 8285827))

table 3 : explain SELECT DISTINCT c FROM sbtest3 WHERE id BETWEEN 9458687 AND 9459686 ORDER BY c
	Unique  (cost=3592.33..3596.90 rows=914 width=121)
	  ->  Sort  (cost=3592.33..3594.61 rows=914 width=121)
	        Sort Key: c
	        ->  Bitmap Heap Scan on sbtest3  (cost=29.80..3547.38 rows=914 width=121)
	              Recheck Cond: ((id >= 9458687) AND (id <= 9459686))
	              ->  Bitmap Index Scan on sbtest3_pkey  (cost=0.00..29.57 rows=914 width=0)
	                    Index Cond: ((id >= 9458687) AND (id <= 9459686))

table 4 : explain SELECT DISTINCT c FROM sbtest4 WHERE id BETWEEN 9100110 AND 9101109 ORDER BY c
	Unique  (cost=3712.72..3717.44 rows=945 width=121)
	  ->  Sort  (cost=3712.72..3715.08 rows=945 width=121)
	        Sort Key: c
	        ->  Bitmap Heap Scan on sbtest4  (cost=30.12..3666.02 rows=945 width=121)
	              Recheck Cond: ((id >= 9100110) AND (id <= 9101109))
	              ->  Bitmap Index Scan on sbtest4_pkey  (cost=0.00..29.89 rows=945 width=0)
	                    Index Cond: ((id >= 9100110) AND (id <= 9101109))

table 5 : explain SELECT DISTINCT c FROM sbtest5 WHERE id BETWEEN 6254157 AND 6255156 ORDER BY c
	Unique  (cost=3785.88..3790.70 rows=964 width=121)
	  ->  Sort  (cost=3785.88..3788.29 rows=964 width=121)
	        Sort Key: c
	        ->  Bitmap Heap Scan on sbtest5  (cost=30.32..3738.10 rows=964 width=121)
	              Recheck Cond: ((id >= 6254157) AND (id <= 6255156))
	              ->  Bitmap Index Scan on sbtest5_pkey  (cost=0.00..30.07 rows=964 width=0)
	                    Index Cond: ((id >= 6254157) AND (id <= 6255156))

table 6 : explain SELECT DISTINCT c FROM sbtest6 WHERE id BETWEEN 5619404 AND 5620403 ORDER BY c
	Unique  (cost=4076.43..4081.63 rows=1040 width=121)
	  ->  Sort  (cost=4076.43..4079.03 rows=1040 width=121)
	        Sort Key: c
	        ->  Bitmap Heap Scan on sbtest6  (cost=31.09..4024.31 rows=1040 width=121)
	              Recheck Cond: ((id >= 5619404) AND (id <= 5620403))
	              ->  Bitmap Index Scan on sbtest6_pkey  (cost=0.00..30.83 rows=1040 width=0)
	                    Index Cond: ((id >= 5619404) AND (id <= 5620403))

table 7 : explain SELECT DISTINCT c FROM sbtest7 WHERE id BETWEEN 110744 AND 111743 ORDER BY c
	Unique  (cost=3867.85..3872.78 rows=986 width=121)
	  ->  Sort  (cost=3867.85..3870.31 rows=986 width=121)
	        Sort Key: c
	        ->  Bitmap Heap Scan on sbtest7  (cost=30.54..3818.82 rows=986 width=121)
	              Recheck Cond: ((id >= 110744) AND (id <= 111743))
	              ->  Bitmap Index Scan on sbtest7_pkey  (cost=0.00..30.29 rows=986 width=0)
	                    Index Cond: ((id >= 110744) AND (id <= 111743))

table 8 : explain SELECT DISTINCT c FROM sbtest8 WHERE id BETWEEN 8251994 AND 8252993 ORDER BY c
	Unique  (cost=3643.91..3648.54 rows=927 width=121)
	  ->  Sort  (cost=3643.91..3646.23 rows=927 width=121)
	        Sort Key: c
	        ->  Bitmap Heap Scan on sbtest8  (cost=29.94..3598.22 rows=927 width=121)
	              Recheck Cond: ((id >= 8251994) AND (id <= 8252993))
	              ->  Bitmap Index Scan on sbtest8_pkey  (cost=0.00..29.70 rows=927 width=0)
	                    Index Cond: ((id >= 8251994) AND (id <= 8252993))

for: distinct_ranges
table 1 : explain SELECT DISTINCT c FROM sbtest1 WHERE id BETWEEN 9607909 AND 9608908 ORDER BY c
	Unique  (cost=4200.95..4206.31 rows=1071 width=121)
	  ->  Sort  (cost=4200.95..4203.63 rows=1071 width=121)
	        Sort Key: c
	        ->  Bitmap Heap Scan on sbtest1  (cost=35.41..4147.06 rows=1071 width=121)
	              Recheck Cond: ((id >= 9607909) AND (id <= 9608908))
	              ->  Bitmap Index Scan on sbtest1_pkey  (cost=0.00..35.15 rows=1071 width=0)
	                    Index Cond: ((id >= 9607909) AND (id <= 9608908))

table 2 : explain SELECT DISTINCT c FROM sbtest2 WHERE id BETWEEN 6821725 AND 6822724 ORDER BY c
	Unique  (cost=4072.90..4078.10 rows=1039 width=121)
	  ->  Sort  (cost=4072.90..4075.50 rows=1039 width=121)
	        Sort Key: c
	        ->  Bitmap Heap Scan on sbtest2  (cost=31.08..4020.84 rows=1039 width=121)
	              Recheck Cond: ((id >= 6821725) AND (id <= 6822724))
	              ->  Bitmap Index Scan on sbtest2_pkey  (cost=0.00..30.82 rows=1039 width=0)
	                    Index Cond: ((id >= 6821725) AND (id <= 6822724))

table 3 : explain SELECT DISTINCT c FROM sbtest3 WHERE id BETWEEN 1944834 AND 1945833 ORDER BY c
	Unique  (cost=4185.79..4191.14 rows=1069 width=121)
	  ->  Sort  (cost=4185.79..4188.46 rows=1069 width=121)
	        Sort Key: c
	        ->  Bitmap Heap Scan on sbtest3  (cost=31.39..4132.01 rows=1069 width=121)
	              Recheck Cond: ((id >= 1944834) AND (id <= 1945833))
	              ->  Bitmap Index Scan on sbtest3_pkey  (cost=0.00..31.12 rows=1069 width=0)
	                    Index Cond: ((id >= 1944834) AND (id <= 1945833))

table 4 : explain SELECT DISTINCT c FROM sbtest4 WHERE id BETWEEN 1786182 AND 1787181 ORDER BY c
	Unique  (cost=3908.24..3913.22 rows=996 width=121)
	  ->  Sort  (cost=3908.24..3910.73 rows=996 width=121)
	        Sort Key: c
	        ->  Bitmap Heap Scan on sbtest4  (cost=30.64..3858.63 rows=996 width=121)
	              Recheck Cond: ((id >= 1786182) AND (id <= 1787181))
	              ->  Bitmap Index Scan on sbtest4_pkey  (cost=0.00..30.39 rows=996 width=0)
	                    Index Cond: ((id >= 1786182) AND (id <= 1787181))

table 5 : explain SELECT DISTINCT c FROM sbtest5 WHERE id BETWEEN 5624983 AND 5625982 ORDER BY c
	Unique  (cost=3647.74..3652.38 rows=928 width=121)
	  ->  Sort  (cost=3647.74..3650.06 rows=928 width=121)
	        Sort Key: c
	        ->  Bitmap Heap Scan on sbtest5  (cost=29.95..3602.00 rows=928 width=121)
	              Recheck Cond: ((id >= 5624983) AND (id <= 5625982))
	              ->  Bitmap Index Scan on sbtest5_pkey  (cost=0.00..29.71 rows=928 width=0)
	                    Index Cond: ((id >= 5624983) AND (id <= 5625982))

table 6 : explain SELECT DISTINCT c FROM sbtest6 WHERE id BETWEEN 1851760 AND 1852759 ORDER BY c
	Unique  (cost=4160.73..4166.04 rows=1061 width=121)
	  ->  Sort  (cost=4160.73..4163.38 rows=1061 width=121)
	        Sort Key: c
	        ->  Bitmap Heap Scan on sbtest6  (cost=35.31..4107.41 rows=1061 width=121)
	              Recheck Cond: ((id >= 1851760) AND (id <= 1852759))
	              ->  Bitmap Index Scan on sbtest6_pkey  (cost=0.00..35.05 rows=1061 width=0)
	                    Index Cond: ((id >= 1851760) AND (id <= 1852759))

table 7 : explain SELECT DISTINCT c FROM sbtest7 WHERE id BETWEEN 1211637 AND 1212636 ORDER BY c
	Unique  (cost=3772.09..3776.90 rows=961 width=121)
	  ->  Sort  (cost=3772.09..3774.50 rows=961 width=121)
	        Sort Key: c
	        ->  Bitmap Heap Scan on sbtest7  (cost=30.29..3724.48 rows=961 width=121)
	              Recheck Cond: ((id >= 1211637) AND (id <= 1212636))
	              ->  Bitmap Index Scan on sbtest7_pkey  (cost=0.00..30.04 rows=961 width=0)
	                    Index Cond: ((id >= 1211637) AND (id <= 1212636))

table 8 : explain SELECT DISTINCT c FROM sbtest8 WHERE id BETWEEN 4864259 AND 4865258 ORDER BY c
	Unique  (cost=4023.42..4028.55 rows=1026 width=121)
	  ->  Sort  (cost=4023.42..4025.98 rows=1026 width=121)
	        Sort Key: c
	        ->  Bitmap Heap Scan on sbtest8  (cost=30.95..3972.10 rows=1026 width=121)
	              Recheck Cond: ((id >= 4864259) AND (id <= 4865258))
	              ->  Bitmap Index Scan on sbtest8_pkey  (cost=0.00..30.69 rows=1026 width=0)
	                    Index Cond: ((id >= 4864259) AND (id <= 4865258))

for: distinct_ranges
table 1 : explain SELECT DISTINCT c FROM sbtest1 WHERE id BETWEEN 9908170 AND 9909169 ORDER BY c
	Unique  (cost=4131.92..4137.19 rows=1054 width=121)
	  ->  Sort  (cost=4131.92..4134.56 rows=1054 width=121)
	        Sort Key: c
	        ->  Bitmap Heap Scan on sbtest1  (cost=31.24..4079.00 rows=1054 width=121)
	              Recheck Cond: ((id >= 9908170) AND (id <= 9909169))
	              ->  Bitmap Index Scan on sbtest1_pkey  (cost=0.00..30.97 rows=1054 width=0)
	                    Index Cond: ((id >= 9908170) AND (id <= 9909169))

table 2 : explain SELECT DISTINCT c FROM sbtest2 WHERE id BETWEEN 8821906 AND 8822905 ORDER BY c
	Unique  (cost=3705.10..3709.81 rows=943 width=121)
	  ->  Sort  (cost=3705.10..3707.46 rows=943 width=121)
	        Sort Key: c
	        ->  Bitmap Heap Scan on sbtest2  (cost=30.10..3658.51 rows=943 width=121)
	              Recheck Cond: ((id >= 8821906) AND (id <= 8822905))
	              ->  Bitmap Index Scan on sbtest2_pkey  (cost=0.00..29.86 rows=943 width=0)
	                    Index Cond: ((id >= 8821906) AND (id <= 8822905))

table 3 : explain SELECT DISTINCT c FROM sbtest3 WHERE id BETWEEN 1235740 AND 1236739 ORDER BY c
	Unique  (cost=3665.23..3669.90 rows=933 width=121)
	  ->  Sort  (cost=3665.23..3667.57 rows=933 width=121)
	        Sort Key: c
	        ->  Bitmap Heap Scan on sbtest3  (cost=30.00..3619.21 rows=933 width=121)
	              Recheck Cond: ((id >= 1235740) AND (id <= 1236739))
	              ->  Bitmap Index Scan on sbtest3_pkey  (cost=0.00..29.76 rows=933 width=0)
	                    Index Cond: ((id >= 1235740) AND (id <= 1236739))

table 4 : explain SELECT DISTINCT c FROM sbtest4 WHERE id BETWEEN 7903700 AND 7904699 ORDER BY c
	Unique  (cost=3977.17..3982.24 rows=1014 width=121)
	  ->  Sort  (cost=3977.17..3979.70 rows=1014 width=121)
	        Sort Key: c
	        ->  Bitmap Heap Scan on sbtest4  (cost=30.83..3926.54 rows=1014 width=121)
	              Recheck Cond: ((id >= 7903700) AND (id <= 7904699))
	              ->  Bitmap Index Scan on sbtest4_pkey  (cost=0.00..30.57 rows=1014 width=0)
	                    Index Cond: ((id >= 7903700) AND (id <= 7904699))

table 5 : explain SELECT DISTINCT c FROM sbtest5 WHERE id BETWEEN 3850439 AND 3851438 ORDER BY c
	Unique  (cost=3778.21..3783.02 rows=962 width=121)
	  ->  Sort  (cost=3778.21..3780.61 rows=962 width=121)
	        Sort Key: c
	        ->  Bitmap Heap Scan on sbtest5  (cost=30.30..3730.54 rows=962 width=121)
	              Recheck Cond: ((id >= 3850439) AND (id <= 3851438))
	              ->  Bitmap Index Scan on sbtest5_pkey  (cost=0.00..30.05 rows=962 width=0)
	                    Index Cond: ((id >= 3850439) AND (id <= 3851438))

table 6 : explain SELECT DISTINCT c FROM sbtest6 WHERE id BETWEEN 2711243 AND 2712242 ORDER BY c
	Unique  (cost=3574.33..3578.87 rows=909 width=121)
	  ->  Sort  (cost=3574.33..3576.60 rows=909 width=121)
	        Sort Key: c
	        ->  Bitmap Heap Scan on sbtest6  (cost=29.75..3529.66 rows=909 width=121)
	              Recheck Cond: ((id >= 2711243) AND (id <= 2712242))
	              ->  Bitmap Index Scan on sbtest6_pkey  (cost=0.00..29.52 rows=909 width=0)
	                    Index Cond: ((id >= 2711243) AND (id <= 2712242))

table 7 : explain SELECT DISTINCT c FROM sbtest7 WHERE id BETWEEN 4667049 AND 4668048 ORDER BY c
	Unique  (cost=3818.07..3822.93 rows=973 width=121)
	  ->  Sort  (cost=3818.07..3820.50 rows=973 width=121)
	        Sort Key: c
	        ->  Bitmap Heap Scan on sbtest7  (cost=30.41..3769.77 rows=973 width=121)
	              Recheck Cond: ((id >= 4667049) AND (id <= 4668048))
	              ->  Bitmap Index Scan on sbtest7_pkey  (cost=0.00..30.16 rows=973 width=0)
	                    Index Cond: ((id >= 4667049) AND (id <= 4668048))

table 8 : explain SELECT DISTINCT c FROM sbtest8 WHERE id BETWEEN 2412450 AND 2413449 ORDER BY c
	Unique  (cost=4218.64..4224.02 rows=1076 width=121)
	  ->  Sort  (cost=4218.64..4221.33 rows=1076 width=121)
	        Sort Key: c
	        ->  Bitmap Heap Scan on sbtest8  (cost=35.46..4164.46 rows=1076 width=121)
	              Recheck Cond: ((id >= 2412450) AND (id <= 2413449))
	              ->  Bitmap Index Scan on sbtest8_pkey  (cost=0.00..35.20 rows=1076 width=0)
	                    Index Cond: ((id >= 2412450) AND (id <= 2413449))

for: sum_ranges
table 1 : explain SELECT SUM(k) FROM sbtest1 WHERE id BETWEEN 8351768 AND 8352767
	Aggregate  (cost=3726.59..3726.60 rows=1 width=8)
	  ->  Bitmap Heap Scan on sbtest1  (cost=30.27..3724.19 rows=960 width=4)
	        Recheck Cond: ((id >= 8351768) AND (id <= 8352767))
	        ->  Bitmap Index Scan on sbtest1_pkey  (cost=0.00..30.04 rows=960 width=0)
	              Index Cond: ((id >= 8351768) AND (id <= 8352767))

table 2 : explain SELECT SUM(k) FROM sbtest2 WHERE id BETWEEN 5741408 AND 5742407
	Aggregate  (cost=4426.49..4426.50 rows=1 width=8)
	  ->  Bitmap Heap Scan on sbtest2  (cost=36.18..4423.62 rows=1146 width=4)
	        Recheck Cond: ((id >= 5741408) AND (id <= 5742407))
	        ->  Bitmap Index Scan on sbtest2_pkey  (cost=0.00..35.90 rows=1146 width=0)
	              Index Cond: ((id >= 5741408) AND (id <= 5742407))

table 3 : explain SELECT SUM(k) FROM sbtest3 WHERE id BETWEEN 1717967 AND 1718966
	Aggregate  (cost=3999.08..3999.09 rows=1 width=8)
	  ->  Bitmap Heap Scan on sbtest3  (cost=31.02..3996.50 rows=1033 width=4)
	        Recheck Cond: ((id >= 1717967) AND (id <= 1718966))
	        ->  Bitmap Index Scan on sbtest3_pkey  (cost=0.00..30.76 rows=1033 width=0)
	              Index Cond: ((id >= 1717967) AND (id <= 1718966))

table 4 : explain SELECT SUM(k) FROM sbtest4 WHERE id BETWEEN 8413489 AND 8414488
	Aggregate  (cost=3796.91..3796.92 rows=1 width=8)
	  ->  Bitmap Heap Scan on sbtest4  (cost=30.47..3794.47 rows=979 width=4)
	        Recheck Cond: ((id >= 8413489) AND (id <= 8414488))
	        ->  Bitmap Index Scan on sbtest4_pkey  (cost=0.00..30.22 rows=979 width=0)
	              Index Cond: ((id >= 8413489) AND (id <= 8414488))

table 5 : explain SELECT SUM(k) FROM sbtest5 WHERE id BETWEEN 6975731 AND 6976730
	Aggregate  (cost=3714.04..3714.05 rows=1 width=8)
	  ->  Bitmap Heap Scan on sbtest5  (cost=30.24..3711.65 rows=957 width=4)
	        Recheck Cond: ((id >= 6975731) AND (id <= 6976730))
	        ->  Bitmap Index Scan on sbtest5_pkey  (cost=0.00..30.00 rows=957 width=0)
	              Index Cond: ((id >= 6975731) AND (id <= 6976730))

table 6 : explain SELECT SUM(k) FROM sbtest6 WHERE id BETWEEN 7117109 AND 7118108
	Aggregate  (cost=3800.48..3800.49 rows=1 width=8)
	  ->  Bitmap Heap Scan on sbtest6  (cost=30.48..3798.03 rows=980 width=4)
	        Recheck Cond: ((id >= 7117109) AND (id <= 7118108))
	        ->  Bitmap Index Scan on sbtest6_pkey  (cost=0.00..30.23 rows=980 width=0)
	              Index Cond: ((id >= 7117109) AND (id <= 7118108))

table 7 : explain SELECT SUM(k) FROM sbtest7 WHERE id BETWEEN 2391547 AND 2392546
	Aggregate  (cost=3310.57..3310.58 rows=1 width=8)
	  ->  Bitmap Heap Scan on sbtest7  (cost=29.16..3308.44 rows=851 width=4)
	        Recheck Cond: ((id >= 2391547) AND (id <= 2392546))
	        ->  Bitmap Index Scan on sbtest7_pkey  (cost=0.00..28.94 rows=851 width=0)
	              Index Cond: ((id >= 2391547) AND (id <= 2392546))

table 8 : explain SELECT SUM(k) FROM sbtest8 WHERE id BETWEEN 8894430 AND 8895429
	Aggregate  (cost=3895.41..3895.42 rows=1 width=8)
	  ->  Bitmap Heap Scan on sbtest8  (cost=30.74..3892.90 rows=1005 width=4)
	        Recheck Cond: ((id >= 8894430) AND (id <= 8895429))
	        ->  Bitmap Index Scan on sbtest8_pkey  (cost=0.00..30.48 rows=1005 width=0)
	              Index Cond: ((id >= 8894430) AND (id <= 8895429))

for: order_ranges
table 1 : explain SELECT c FROM sbtest1 WHERE id BETWEEN 5194875 AND 5195874 ORDER BY c
	Sort  (cost=3702.66..3705.01 rows=942 width=121)
	  Sort Key: c
	  ->  Bitmap Heap Scan on sbtest1  (cost=30.09..3656.12 rows=942 width=121)
	        Recheck Cond: ((id >= 5194875) AND (id <= 5195874))
	        ->  Bitmap Index Scan on sbtest1_pkey  (cost=0.00..29.86 rows=942 width=0)
	              Index Cond: ((id >= 5194875) AND (id <= 5195874))

table 2 : explain SELECT c FROM sbtest2 WHERE id BETWEEN 8753854 AND 8754853 ORDER BY c
	Sort  (cost=4049.95..4052.53 rows=1033 width=121)
	  Sort Key: c
	  ->  Bitmap Heap Scan on sbtest2  (cost=31.02..3998.23 rows=1033 width=121)
	        Recheck Cond: ((id >= 8753854) AND (id <= 8754853))
	        ->  Bitmap Index Scan on sbtest2_pkey  (cost=0.00..30.76 rows=1033 width=0)
	              Index Cond: ((id >= 8753854) AND (id <= 8754853))

table 3 : explain SELECT c FROM sbtest3 WHERE id BETWEEN 2118126 AND 2119125 ORDER BY c
	Sort  (cost=4009.97..4012.52 rows=1023 width=121)
	  Sort Key: c
	  ->  Bitmap Heap Scan on sbtest3  (cost=30.92..3958.82 rows=1023 width=121)
	        Recheck Cond: ((id >= 2118126) AND (id <= 2119125))
	        ->  Bitmap Index Scan on sbtest3_pkey  (cost=0.00..30.66 rows=1023 width=0)
	              Index Cond: ((id >= 2118126) AND (id <= 2119125))

table 4 : explain SELECT c FROM sbtest4 WHERE id BETWEEN 3550166 AND 3551165 ORDER BY c
	Sort  (cost=3728.07..3730.44 rows=949 width=121)
	  Sort Key: c
	  ->  Bitmap Heap Scan on sbtest4  (cost=30.16..3681.14 rows=949 width=121)
	        Recheck Cond: ((id >= 3550166) AND (id <= 3551165))
	        ->  Bitmap Index Scan on sbtest4_pkey  (cost=0.00..29.93 rows=949 width=0)
	              Index Cond: ((id >= 3550166) AND (id <= 3551165))

table 5 : explain SELECT c FROM sbtest5 WHERE id BETWEEN 4661054 AND 4662053 ORDER BY c
	Sort  (cost=3709.16..3711.52 rows=944 width=121)
	  Sort Key: c
	  ->  Bitmap Heap Scan on sbtest5  (cost=30.11..3662.51 rows=944 width=121)
	        Recheck Cond: ((id >= 4661054) AND (id <= 4662053))
	        ->  Bitmap Index Scan on sbtest5_pkey  (cost=0.00..29.87 rows=944 width=0)
	              Index Cond: ((id >= 4661054) AND (id <= 4662053))

table 6 : explain SELECT c FROM sbtest6 WHERE id BETWEEN 1665188 AND 1666187 ORDER BY c
	Sort  (cost=3812.22..3814.65 rows=971 width=121)
	  Sort Key: c
	  ->  Bitmap Heap Scan on sbtest6  (cost=30.39..3764.04 rows=971 width=121)
	        Recheck Cond: ((id >= 1665188) AND (id <= 1666187))
	        ->  Bitmap Index Scan on sbtest6_pkey  (cost=0.00..30.14 rows=971 width=0)
	              Index Cond: ((id >= 1665188) AND (id <= 1666187))

table 7 : explain SELECT c FROM sbtest7 WHERE id BETWEEN 195242 AND 196241 ORDER BY c
	Sort  (cost=3867.85..3870.31 rows=986 width=121)
	  Sort Key: c
	  ->  Bitmap Heap Scan on sbtest7  (cost=30.54..3818.82 rows=986 width=121)
	        Recheck Cond: ((id >= 195242) AND (id <= 196241))
	        ->  Bitmap Index Scan on sbtest7_pkey  (cost=0.00..30.29 rows=986 width=0)
	              Index Cond: ((id >= 195242) AND (id <= 196241))

table 8 : explain SELECT c FROM sbtest8 WHERE id BETWEEN 1594898 AND 1595897 ORDER BY c
	Sort  (cost=4134.54..4137.17 rows=1054 width=121)
	  Sort Key: c
	  ->  Bitmap Heap Scan on sbtest8  (cost=35.24..4081.62 rows=1054 width=121)
	        Recheck Cond: ((id >= 1594898) AND (id <= 1595897))
	        ->  Bitmap Index Scan on sbtest8_pkey  (cost=0.00..34.98 rows=1054 width=0)
	              Index Cond: ((id >= 1594898) AND (id <= 1595897))

for: distinct_ranges
table 1 : explain SELECT DISTINCT c FROM sbtest1 WHERE id BETWEEN 7858868 AND 7859867 ORDER BY c
	Unique  (cost=4108.97..4114.21 rows=1048 width=121)
	  ->  Sort  (cost=4108.97..4111.59 rows=1048 width=121)
	        Sort Key: c
	        ->  Bitmap Heap Scan on sbtest1  (cost=31.18..4056.39 rows=1048 width=121)
	              Recheck Cond: ((id >= 7858868) AND (id <= 7859867))
	              ->  Bitmap Index Scan on sbtest1_pkey  (cost=0.00..30.91 rows=1048 width=0)
	                    Index Cond: ((id >= 7858868) AND (id <= 7859867))

table 2 : explain SELECT DISTINCT c FROM sbtest2 WHERE id BETWEEN 8860859 AND 8861858 ORDER BY c
	Unique  (cost=3705.10..3709.81 rows=943 width=121)
	  ->  Sort  (cost=3705.10..3707.46 rows=943 width=121)
	        Sort Key: c
	        ->  Bitmap Heap Scan on sbtest2  (cost=30.10..3658.51 rows=943 width=121)
	              Recheck Cond: ((id >= 8860859) AND (id <= 8861858))
	              ->  Bitmap Index Scan on sbtest2_pkey  (cost=0.00..29.86 rows=943 width=0)
	                    Index Cond: ((id >= 8860859) AND (id <= 8861858))

table 3 : explain SELECT DISTINCT c FROM sbtest3 WHERE id BETWEEN 9379030 AND 9380029 ORDER BY c
	Unique  (cost=3665.23..3669.90 rows=933 width=121)
	  ->  Sort  (cost=3665.23..3667.57 rows=933 width=121)
	        Sort Key: c
	        ->  Bitmap Heap Scan on sbtest3  (cost=30.00..3619.21 rows=933 width=121)
	              Recheck Cond: ((id >= 9379030) AND (id <= 9380029))
	              ->  Bitmap Index Scan on sbtest3_pkey  (cost=0.00..29.76 rows=933 width=0)
	                    Index Cond: ((id >= 9379030) AND (id <= 9380029))

table 4 : explain SELECT DISTINCT c FROM sbtest4 WHERE id BETWEEN 449659 AND 450658 ORDER BY c
	Unique  (cost=4118.74..4123.99 rows=1051 width=121)
	  ->  Sort  (cost=4118.74..4121.37 rows=1051 width=121)
	        Sort Key: c
	        ->  Bitmap Heap Scan on sbtest4  (cost=31.21..4065.99 rows=1051 width=121)
	              Recheck Cond: ((id >= 449659) AND (id <= 450658))
	              ->  Bitmap Index Scan on sbtest4_pkey  (cost=0.00..30.94 rows=1051 width=0)
	                    Index Cond: ((id >= 449659) AND (id <= 450658))

table 5 : explain SELECT DISTINCT c FROM sbtest5 WHERE id BETWEEN 216612 AND 217611 ORDER BY c
	Unique  (cost=4038.72..4043.87 rows=1030 width=121)
	  ->  Sort  (cost=4038.72..4041.29 rows=1030 width=121)
	        Sort Key: c
	        ->  Bitmap Heap Scan on sbtest5  (cost=30.99..3987.18 rows=1030 width=121)
	              Recheck Cond: ((id >= 216612) AND (id <= 217611))
	              ->  Bitmap Index Scan on sbtest5_pkey  (cost=0.00..30.73 rows=1030 width=0)
	                    Index Cond: ((id >= 216612) AND (id <= 217611))

table 6 : explain SELECT DISTINCT c FROM sbtest6 WHERE id BETWEEN 1747447 AND 1748446 ORDER BY c
	Unique  (cost=3812.22..3817.08 rows=971 width=121)
	  ->  Sort  (cost=3812.22..3814.65 rows=971 width=121)
	        Sort Key: c
	        ->  Bitmap Heap Scan on sbtest6  (cost=30.39..3764.04 rows=971 width=121)
	              Recheck Cond: ((id >= 1747447) AND (id <= 1748446))
	              ->  Bitmap Index Scan on sbtest6_pkey  (cost=0.00..30.14 rows=971 width=0)
	                    Index Cond: ((id >= 1747447) AND (id <= 1748446))

table 7 : explain SELECT DISTINCT c FROM sbtest7 WHERE id BETWEEN 8098184 AND 8099183 ORDER BY c
	Unique  (cost=4193.03..4198.38 rows=1070 width=121)
	  ->  Sort  (cost=4193.03..4195.70 rows=1070 width=121)
	        Sort Key: c
	        ->  Bitmap Heap Scan on sbtest7  (cost=35.40..4139.19 rows=1070 width=121)
	              Recheck Cond: ((id >= 8098184) AND (id <= 8099183))
	              ->  Bitmap Index Scan on sbtest7_pkey  (cost=0.00..35.14 rows=1070 width=0)
	                    Index Cond: ((id >= 8098184) AND (id <= 8099183))

table 8 : explain SELECT DISTINCT c FROM sbtest8 WHERE id BETWEEN 2787236 AND 2788235 ORDER BY c
	Unique  (cost=3609.35..3613.94 rows=918 width=121)
	  ->  Sort  (cost=3609.35..3611.64 rows=918 width=121)
	        Sort Key: c
	        ->  Bitmap Heap Scan on sbtest8  (cost=29.84..3564.17 rows=918 width=121)
	              Recheck Cond: ((id >= 2787236) AND (id <= 2788235))
	              ->  Bitmap Index Scan on sbtest8_pkey  (cost=0.00..29.61 rows=918 width=0)
	                    Index Cond: ((id >= 2787236) AND (id <= 2788235))

for: distinct_ranges
table 1 : explain SELECT DISTINCT c FROM sbtest1 WHERE id BETWEEN 738129 AND 739128 ORDER BY c
	Unique  (cost=3944.30..3949.33 rows=1005 width=121)
	  ->  Sort  (cost=3944.30..3946.81 rows=1005 width=121)
	        Sort Key: c
	        ->  Bitmap Heap Scan on sbtest1  (cost=30.74..3894.19 rows=1005 width=121)
	              Recheck Cond: ((id >= 738129) AND (id <= 739128))
	              ->  Bitmap Index Scan on sbtest1_pkey  (cost=0.00..30.48 rows=1005 width=0)
	                    Index Cond: ((id >= 738129) AND (id <= 739128))

table 2 : explain SELECT DISTINCT c FROM sbtest2 WHERE id BETWEEN 2521467 AND 2522466 ORDER BY c
	Unique  (cost=3858.48..3863.40 rows=983 width=121)
	  ->  Sort  (cost=3858.48..3860.94 rows=983 width=121)
	        Sort Key: c
	        ->  Bitmap Heap Scan on sbtest2  (cost=30.51..3809.62 rows=983 width=121)
	              Recheck Cond: ((id >= 2521467) AND (id <= 2522466))
	              ->  Bitmap Index Scan on sbtest2_pkey  (cost=0.00..30.26 rows=983 width=0)
	                    Index Cond: ((id >= 2521467) AND (id <= 2522466))

table 3 : explain SELECT DISTINCT c FROM sbtest3 WHERE id BETWEEN 8989836 AND 8990835 ORDER BY c
	Unique  (cost=3856.87..3861.79 rows=983 width=121)
	  ->  Sort  (cost=3856.87..3859.33 rows=983 width=121)
	        Sort Key: c
	        ->  Bitmap Heap Scan on sbtest3  (cost=30.51..3808.01 rows=983 width=121)
	              Recheck Cond: ((id >= 8989836) AND (id <= 8990835))
	              ->  Bitmap Index Scan on sbtest3_pkey  (cost=0.00..30.26 rows=983 width=0)
	                    Index Cond: ((id >= 8989836) AND (id <= 8990835))

table 4 : explain SELECT DISTINCT c FROM sbtest4 WHERE id BETWEEN 9559677 AND 9560676 ORDER BY c
	Unique  (cost=3977.17..3982.24 rows=1014 width=121)
	  ->  Sort  (cost=3977.17..3979.70 rows=1014 width=121)
	        Sort Key: c
	        ->  Bitmap Heap Scan on sbtest4  (cost=30.83..3926.54 rows=1014 width=121)
	              Recheck Cond: ((id >= 9559677) AND (id <= 9560676))
	              ->  Bitmap Index Scan on sbtest4_pkey  (cost=0.00..30.57 rows=1014 width=0)
	                    Index Cond: ((id >= 9559677) AND (id <= 9560676))

table 5 : explain SELECT DISTINCT c FROM sbtest5 WHERE id BETWEEN 2128432 AND 2129431 ORDER BY c
	Unique  (cost=4249.21..4254.63 rows=1084 width=121)
	  ->  Sort  (cost=4249.21..4251.92 rows=1084 width=121)
	        Sort Key: c
	        ->  Bitmap Heap Scan on sbtest5  (cost=35.55..4194.56 rows=1084 width=121)
	              Recheck Cond: ((id >= 2128432) AND (id <= 2129431))
	              ->  Bitmap Index Scan on sbtest5_pkey  (cost=0.00..35.28 rows=1084 width=0)
	                    Index Cond: ((id >= 2128432) AND (id <= 2129431))

table 6 : explain SELECT DISTINCT c FROM sbtest6 WHERE id BETWEEN 4100825 AND 4101824 ORDER BY c
	Unique  (cost=3635.76..3640.39 rows=925 width=121)
	  ->  Sort  (cost=3635.76..3638.08 rows=925 width=121)
	        Sort Key: c
	        ->  Bitmap Heap Scan on sbtest6  (cost=29.92..3590.19 rows=925 width=121)
	              Recheck Cond: ((id >= 4100825) AND (id <= 4101824))
	              ->  Bitmap Index Scan on sbtest6_pkey  (cost=0.00..29.68 rows=925 width=0)
	                    Index Cond: ((id >= 4100825) AND (id <= 4101824))

table 7 : explain SELECT DISTINCT c FROM sbtest7 WHERE id BETWEEN 3005320 AND 3006319 ORDER BY c
	Unique  (cost=3982.65..3987.73 rows=1016 width=121)
	  ->  Sort  (cost=3982.65..3985.19 rows=1016 width=121)
	        Sort Key: c
	        ->  Bitmap Heap Scan on sbtest7  (cost=30.85..3931.91 rows=1016 width=121)
	              Recheck Cond: ((id >= 3005320) AND (id <= 3006319))
	              ->  Bitmap Index Scan on sbtest7_pkey  (cost=0.00..30.59 rows=1016 width=0)
	                    Index Cond: ((id >= 3005320) AND (id <= 3006319))

table 8 : explain SELECT DISTINCT c FROM sbtest8 WHERE id BETWEEN 5888733 AND 5889732 ORDER BY c
	Unique  (cost=4100.12..4105.34 rows=1045 width=121)
	  ->  Sort  (cost=4100.12..4102.73 rows=1045 width=121)
	        Sort Key: c
	        ->  Bitmap Heap Scan on sbtest8  (cost=35.15..4047.71 rows=1045 width=121)
	              Recheck Cond: ((id >= 5888733) AND (id <= 5889732))
	              ->  Bitmap Index Scan on sbtest8_pkey  (cost=0.00..34.89 rows=1045 width=0)
	                    Index Cond: ((id >= 5888733) AND (id <= 5889732))

for: order_ranges
table 1 : explain SELECT c FROM sbtest1 WHERE id BETWEEN 4826948 AND 4827947 ORDER BY c
	Sort  (cost=4292.70..4295.44 rows=1095 width=121)
	  Sort Key: c
	  ->  Bitmap Heap Scan on sbtest1  (cost=35.66..4237.42 rows=1095 width=121)
	        Recheck Cond: ((id >= 4826948) AND (id <= 4827947))
	        ->  Bitmap Index Scan on sbtest1_pkey  (cost=0.00..35.39 rows=1095 width=0)
	              Index Cond: ((id >= 4826948) AND (id <= 4827947))

table 2 : explain SELECT c FROM sbtest2 WHERE id BETWEEN 6751318 AND 6752317 ORDER BY c
	Sort  (cost=3946.59..3949.11 rows=1006 width=121)
	  Sort Key: c
	  ->  Bitmap Heap Scan on sbtest2  (cost=30.75..3896.42 rows=1006 width=121)
	        Recheck Cond: ((id >= 6751318) AND (id <= 6752317))
	        ->  Bitmap Index Scan on sbtest2_pkey  (cost=0.00..30.50 rows=1006 width=0)
	              Index Cond: ((id >= 6751318) AND (id <= 6752317))

table 3 : explain SELECT c FROM sbtest3 WHERE id BETWEEN 2802514 AND 2803513 ORDER BY c
	Sort  (cost=3849.21..3851.67 rows=981 width=121)
	  Sort Key: c
	  ->  Bitmap Heap Scan on sbtest3  (cost=30.49..3800.47 rows=981 width=121)
	        Recheck Cond: ((id >= 2802514) AND (id <= 2803513))
	        ->  Bitmap Index Scan on sbtest3_pkey  (cost=0.00..30.25 rows=981 width=0)
	              Index Cond: ((id >= 2802514) AND (id <= 2803513))

table 4 : explain SELECT c FROM sbtest4 WHERE id BETWEEN 6653451 AND 6654450 ORDER BY c
	Sort  (cost=3766.42..3768.82 rows=959 width=121)
	  Sort Key: c
	  ->  Bitmap Heap Scan on sbtest4  (cost=30.26..3718.93 rows=959 width=121)
	        Recheck Cond: ((id >= 6653451) AND (id <= 6654450))
	        ->  Bitmap Index Scan on sbtest4_pkey  (cost=0.00..30.02 rows=959 width=0)
	              Index Cond: ((id >= 6653451) AND (id <= 6654450))

table 5 : explain SELECT c FROM sbtest5 WHERE id BETWEEN 4909320 AND 4910319 ORDER BY c
	Sort  (cost=3655.42..3657.75 rows=930 width=121)
	  Sort Key: c
	  ->  Bitmap Heap Scan on sbtest5  (cost=29.97..3609.57 rows=930 width=121)
	        Recheck Cond: ((id >= 4909320) AND (id <= 4910319))
	        ->  Bitmap Index Scan on sbtest5_pkey  (cost=0.00..29.73 rows=930 width=0)
	              Index Cond: ((id >= 4909320) AND (id <= 4910319))

table 6 : explain SELECT c FROM sbtest6 WHERE id BETWEEN 928070 AND 929069 ORDER BY c
	Sort  (cost=4198.95..4201.63 rows=1071 width=121)
	  Sort Key: c
	  ->  Bitmap Heap Scan on sbtest6  (cost=35.41..4145.06 rows=1071 width=121)
	        Recheck Cond: ((id >= 928070) AND (id <= 929069))
	        ->  Bitmap Index Scan on sbtest6_pkey  (cost=0.00..35.15 rows=1071 width=0)
	              Index Cond: ((id >= 928070) AND (id <= 929069))

table 7 : explain SELECT c FROM sbtest7 WHERE id BETWEEN 1977952 AND 1978951 ORDER BY c
	Sort  (cost=3810.40..3812.83 rows=971 width=121)
	  Sort Key: c
	  ->  Bitmap Heap Scan on sbtest7  (cost=30.39..3762.23 rows=971 width=121)
	        Recheck Cond: ((id >= 1977952) AND (id <= 1978951))
	        ->  Bitmap Index Scan on sbtest7_pkey  (cost=0.00..30.14 rows=971 width=0)
	              Index Cond: ((id >= 1977952) AND (id <= 1978951))

table 8 : explain SELECT c FROM sbtest8 WHERE id BETWEEN 1256869 AND 1257868 ORDER BY c
	Sort  (cost=3981.31..3983.84 rows=1015 width=121)
	  Sort Key: c
	  ->  Bitmap Heap Scan on sbtest8  (cost=30.84..3930.62 rows=1015 width=121)
	        Recheck Cond: ((id >= 1256869) AND (id <= 1257868))
	        ->  Bitmap Index Scan on sbtest8_pkey  (cost=0.00..30.58 rows=1015 width=0)
	              Index Cond: ((id >= 1256869) AND (id <= 1257868))

for: sum_ranges
table 1 : explain SELECT SUM(k) FROM sbtest1 WHERE id BETWEEN 2704394 AND 2705393
	Aggregate  (cost=3908.03..3908.04 rows=1 width=8)
	  ->  Bitmap Heap Scan on sbtest1  (cost=30.77..3905.51 rows=1008 width=4)
	        Recheck Cond: ((id >= 2704394) AND (id <= 2705393))
	        ->  Bitmap Index Scan on sbtest1_pkey  (cost=0.00..30.51 rows=1008 width=0)
	              Index Cond: ((id >= 2704394) AND (id <= 2705393))

table 2 : explain SELECT SUM(k) FROM sbtest2 WHERE id BETWEEN 4575292 AND 4576291
	Aggregate  (cost=3785.63..3785.64 rows=1 width=8)
	  ->  Bitmap Heap Scan on sbtest2  (cost=30.44..3783.19 rows=976 width=4)
	        Recheck Cond: ((id >= 4575292) AND (id <= 4576291))
	        ->  Bitmap Index Scan on sbtest2_pkey  (cost=0.00..30.19 rows=976 width=0)
	              Index Cond: ((id >= 4575292) AND (id <= 4576291))

table 3 : explain SELECT SUM(k) FROM sbtest3 WHERE id BETWEEN 9976998 AND 9977997
	Aggregate  (cost=4002.85..4002.86 rows=1 width=8)
	  ->  Bitmap Heap Scan on sbtest3  (cost=31.03..4000.26 rows=1034 width=4)
	        Recheck Cond: ((id >= 9976998) AND (id <= 9977997))
	        ->  Bitmap Index Scan on sbtest3_pkey  (cost=0.00..30.77 rows=1034 width=0)
	              Index Cond: ((id >= 9976998) AND (id <= 9977997))

table 4 : explain SELECT SUM(k) FROM sbtest4 WHERE id BETWEEN 2094530 AND 2095529
	Aggregate  (cost=3728.88..3728.89 rows=1 width=8)
	  ->  Bitmap Heap Scan on sbtest4  (cost=30.29..3726.48 rows=961 width=4)
	        Recheck Cond: ((id >= 2094530) AND (id <= 2095529))
	        ->  Bitmap Index Scan on sbtest4_pkey  (cost=0.00..30.04 rows=961 width=0)
	              Index Cond: ((id >= 2094530) AND (id <= 2095529))

table 5 : explain SELECT SUM(k) FROM sbtest5 WHERE id BETWEEN 5140683 AND 5141682
	Aggregate  (cost=3661.09..3661.10 rows=1 width=8)
	  ->  Bitmap Heap Scan on sbtest5  (cost=30.10..3658.73 rows=943 width=4)
	        Recheck Cond: ((id >= 5140683) AND (id <= 5141682))
	        ->  Bitmap Index Scan on sbtest5_pkey  (cost=0.00..29.86 rows=943 width=0)
	              Index Cond: ((id >= 5140683) AND (id <= 5141682))

table 6 : explain SELECT SUM(k) FROM sbtest6 WHERE id BETWEEN 7385683 AND 7386682
	Aggregate  (cost=3660.61..3660.62 rows=1 width=8)
	  ->  Bitmap Heap Scan on sbtest6  (cost=30.10..3658.25 rows=943 width=4)
	        Recheck Cond: ((id >= 7385683) AND (id <= 7386682))
	        ->  Bitmap Index Scan on sbtest6_pkey  (cost=0.00..29.86 rows=943 width=0)
	              Index Cond: ((id >= 7385683) AND (id <= 7386682))

table 7 : explain SELECT SUM(k) FROM sbtest7 WHERE id BETWEEN 9833399 AND 9834398
	Aggregate  (cost=3692.89..3692.90 rows=1 width=8)
	  ->  Bitmap Heap Scan on sbtest7  (cost=30.19..3690.51 rows=952 width=4)
	        Recheck Cond: ((id >= 9833399) AND (id <= 9834398))
	        ->  Bitmap Index Scan on sbtest7_pkey  (cost=0.00..29.95 rows=952 width=0)
	              Index Cond: ((id >= 9833399) AND (id <= 9834398))

table 8 : explain SELECT SUM(k) FROM sbtest8 WHERE id BETWEEN 8915158 AND 8916157
	Aggregate  (cost=3895.41..3895.42 rows=1 width=8)
	  ->  Bitmap Heap Scan on sbtest8  (cost=30.74..3892.90 rows=1005 width=4)
	        Recheck Cond: ((id >= 8915158) AND (id <= 8916157))
	        ->  Bitmap Index Scan on sbtest8_pkey  (cost=0.00..30.48 rows=1005 width=0)
	              Index Cond: ((id >= 8915158) AND (id <= 8916157))

for: distinct_ranges
table 1 : explain SELECT DISTINCT c FROM sbtest1 WHERE id BETWEEN 3504729 AND 3505728 ORDER BY c
	Unique  (cost=4350.01..4355.56 rows=1110 width=121)
	  ->  Sort  (cost=4350.01..4352.79 rows=1110 width=121)
	        Sort Key: c
	        ->  Bitmap Heap Scan on sbtest1  (cost=35.81..4293.87 rows=1110 width=121)
	              Recheck Cond: ((id >= 3504729) AND (id <= 3505728))
	              ->  Bitmap Index Scan on sbtest1_pkey  (cost=0.00..35.54 rows=1110 width=0)
	                    Index Cond: ((id >= 3504729) AND (id <= 3505728))

table 2 : explain SELECT DISTINCT c FROM sbtest2 WHERE id BETWEEN 2753537 AND 2754536 ORDER BY c
	Unique  (cost=4095.85..4101.08 rows=1045 width=121)
	  ->  Sort  (cost=4095.85..4098.47 rows=1045 width=121)
	        Sort Key: c
	        ->  Bitmap Heap Scan on sbtest2  (cost=31.15..4043.45 rows=1045 width=121)
	              Recheck Cond: ((id >= 2753537) AND (id <= 2754536))
	              ->  Bitmap Index Scan on sbtest2_pkey  (cost=0.00..30.89 rows=1045 width=0)
	                    Index Cond: ((id >= 2753537) AND (id <= 2754536))

table 3 : explain SELECT DISTINCT c FROM sbtest3 WHERE id BETWEEN 3038188 AND 3039187 ORDER BY c
	Unique  (cost=3799.41..3804.25 rows=968 width=121)
	  ->  Sort  (cost=3799.41..3801.83 rows=968 width=121)
	        Sort Key: c
	        ->  Bitmap Heap Scan on sbtest3  (cost=30.36..3751.41 rows=968 width=121)
	              Recheck Cond: ((id >= 3038188) AND (id <= 3039187))
	              ->  Bitmap Index Scan on sbtest3_pkey  (cost=0.00..30.11 rows=968 width=0)
	                    Index Cond: ((id >= 3038188) AND (id <= 3039187))

table 4 : explain SELECT DISTINCT c FROM sbtest4 WHERE id BETWEEN 4320257 AND 4321256 ORDER BY c
	Unique  (cost=4160.80..4166.11 rows=1062 width=121)
	  ->  Sort  (cost=4160.80..4163.45 rows=1062 width=121)
	        Sort Key: c
	        ->  Bitmap Heap Scan on sbtest4  (cost=31.32..4107.42 rows=1062 width=121)
	              Recheck Cond: ((id >= 4320257) AND (id <= 4321256))
	              ->  Bitmap Index Scan on sbtest4_pkey  (cost=0.00..31.05 rows=1062 width=0)
	                    Index Cond: ((id >= 4320257) AND (id <= 4321256))

table 5 : explain SELECT DISTINCT c FROM sbtest5 WHERE id BETWEEN 884316 AND 885315 ORDER BY c
	Unique  (cost=3755.20..3759.98 rows=956 width=121)
	  ->  Sort  (cost=3755.20..3757.59 rows=956 width=121)
	        Sort Key: c
	        ->  Bitmap Heap Scan on sbtest5  (cost=30.23..3707.87 rows=956 width=121)
	              Recheck Cond: ((id >= 884316) AND (id <= 885315))
	              ->  Bitmap Index Scan on sbtest5_pkey  (cost=0.00..30.00 rows=956 width=0)
	                    Index Cond: ((id >= 884316) AND (id <= 885315))

table 6 : explain SELECT DISTINCT c FROM sbtest6 WHERE id BETWEEN 3934712 AND 3935711 ORDER BY c
	Unique  (cost=4156.91..4162.21 rows=1060 width=121)
	  ->  Sort  (cost=4156.91..4159.56 rows=1060 width=121)
	        Sort Key: c
	        ->  Bitmap Heap Scan on sbtest6  (cost=35.30..4103.64 rows=1060 width=121)
	              Recheck Cond: ((id >= 3934712) AND (id <= 3935711))
	              ->  Bitmap Index Scan on sbtest6_pkey  (cost=0.00..35.04 rows=1060 width=0)
	                    Index Cond: ((id >= 3934712) AND (id <= 3935711))

table 7 : explain SELECT DISTINCT c FROM sbtest7 WHERE id BETWEEN 6973210 AND 6974209 ORDER BY c
	Unique  (cost=3791.25..3796.08 rows=966 width=121)
	  ->  Sort  (cost=3791.25..3793.67 rows=966 width=121)
	        Sort Key: c
	        ->  Bitmap Heap Scan on sbtest7  (cost=30.34..3743.36 rows=966 width=121)
	              Recheck Cond: ((id >= 6973210) AND (id <= 6974209))
	              ->  Bitmap Index Scan on sbtest7_pkey  (cost=0.00..30.09 rows=966 width=0)
	                    Index Cond: ((id >= 6973210) AND (id <= 6974209))

table 8 : explain SELECT DISTINCT c FROM sbtest8 WHERE id BETWEEN 6045294 AND 6046293 ORDER BY c
	Unique  (cost=3593.99..3598.56 rows=914 width=121)
	  ->  Sort  (cost=3593.99..3596.27 rows=914 width=121)
	        Sort Key: c
	        ->  Bitmap Heap Scan on sbtest8  (cost=29.80..3549.04 rows=914 width=121)
	              Recheck Cond: ((id >= 6045294) AND (id <= 6046293))
	              ->  Bitmap Index Scan on sbtest8_pkey  (cost=0.00..29.57 rows=914 width=0)
	                    Index Cond: ((id >= 6045294) AND (id <= 6046293))

for: sum_ranges
table 1 : explain SELECT SUM(k) FROM sbtest1 WHERE id BETWEEN 231540 AND 232539
	Aggregate  (cost=3707.68..3707.69 rows=1 width=8)
	  ->  Bitmap Heap Scan on sbtest1  (cost=30.22..3705.29 rows=955 width=4)
	        Recheck Cond: ((id >= 231540) AND (id <= 232539))
	        ->  Bitmap Index Scan on sbtest1_pkey  (cost=0.00..29.98 rows=955 width=0)
	              Index Cond: ((id >= 231540) AND (id <= 232539))

table 2 : explain SELECT SUM(k) FROM sbtest2 WHERE id BETWEEN 7811605 AND 7812604
	Aggregate  (cost=3615.46..3615.47 rows=1 width=8)
	  ->  Bitmap Heap Scan on sbtest2  (cost=29.98..3613.13 rows=931 width=4)
	        Recheck Cond: ((id >= 7811605) AND (id <= 7812604))
	        ->  Bitmap Index Scan on sbtest2_pkey  (cost=0.00..29.75 rows=931 width=0)
	              Index Cond: ((id >= 7811605) AND (id <= 7812604))

table 3 : explain SELECT SUM(k) FROM sbtest3 WHERE id BETWEEN 1894287 AND 1895286
	Aggregate  (cost=3836.89..3836.90 rows=1 width=8)
	  ->  Bitmap Heap Scan on sbtest3  (cost=30.58..3834.42 rows=990 width=4)
	        Recheck Cond: ((id >= 1894287) AND (id <= 1895286))
	        ->  Bitmap Index Scan on sbtest3_pkey  (cost=0.00..30.33 rows=990 width=0)
	              Index Cond: ((id >= 1894287) AND (id <= 1895286))

table 4 : explain SELECT SUM(k) FROM sbtest4 WHERE id BETWEEN 8205426 AND 8206425
	Aggregate  (cost=3963.03..3963.04 rows=1 width=8)
	  ->  Bitmap Heap Scan on sbtest4  (cost=30.92..3960.47 rows=1023 width=4)
	        Recheck Cond: ((id >= 8205426) AND (id <= 8206425))
	        ->  Bitmap Index Scan on sbtest4_pkey  (cost=0.00..30.66 rows=1023 width=0)
	              Index Cond: ((id >= 8205426) AND (id <= 8206425))

table 5 : explain SELECT SUM(k) FROM sbtest5 WHERE id BETWEEN 8155263 AND 8156262
	Aggregate  (cost=4068.94..4068.95 rows=1 width=8)
	  ->  Bitmap Heap Scan on sbtest5  (cost=31.21..4066.31 rows=1051 width=4)
	        Recheck Cond: ((id >= 8155263) AND (id <= 8156262))
	        ->  Bitmap Index Scan on sbtest5_pkey  (cost=0.00..30.94 rows=1051 width=0)
	              Index Cond: ((id >= 8155263) AND (id <= 8156262))

table 6 : explain SELECT SUM(k) FROM sbtest6 WHERE id BETWEEN 3975767 AND 3976766
	Aggregate  (cost=4106.29..4106.30 rows=1 width=8)
	  ->  Bitmap Heap Scan on sbtest6  (cost=35.30..4103.64 rows=1060 width=4)
	        Recheck Cond: ((id >= 3975767) AND (id <= 3976766))
	        ->  Bitmap Index Scan on sbtest6_pkey  (cost=0.00..35.04 rows=1060 width=0)
	              Index Cond: ((id >= 3975767) AND (id <= 3976766))

table 7 : explain SELECT SUM(k) FROM sbtest7 WHERE id BETWEEN 8137556 AND 8138555
	Aggregate  (cost=4141.86..4141.87 rows=1 width=8)
	  ->  Bitmap Heap Scan on sbtest7  (cost=35.40..4139.19 rows=1070 width=4)
	        Recheck Cond: ((id >= 8137556) AND (id <= 8138555))
	        ->  Bitmap Index Scan on sbtest7_pkey  (cost=0.00..35.14 rows=1070 width=0)
	              Index Cond: ((id >= 8137556) AND (id <= 8138555))

table 8 : explain SELECT SUM(k) FROM sbtest8 WHERE id BETWEEN 194916 AND 195915
	Aggregate  (cost=3831.21..3831.22 rows=1 width=8)
	  ->  Bitmap Heap Scan on sbtest8  (cost=30.56..3828.74 rows=988 width=4)
	        Recheck Cond: ((id >= 194916) AND (id <= 195915))
	        ->  Bitmap Index Scan on sbtest8_pkey  (cost=0.00..30.32 rows=988 width=0)
	              Index Cond: ((id >= 194916) AND (id <= 195915))

for: distinct_ranges
table 1 : explain SELECT DISTINCT c FROM sbtest1 WHERE id BETWEEN 2053893 AND 2054892 ORDER BY c
	Unique  (cost=4032.40..4037.54 rows=1028 width=121)
	  ->  Sort  (cost=4032.40..4034.97 rows=1028 width=121)
	        Sort Key: c
	        ->  Bitmap Heap Scan on sbtest1  (cost=30.97..3980.98 rows=1028 width=121)
	              Recheck Cond: ((id >= 2053893) AND (id <= 2054892))
	              ->  Bitmap Index Scan on sbtest1_pkey  (cost=0.00..30.71 rows=1028 width=0)
	                    Index Cond: ((id >= 2053893) AND (id <= 2054892))

table 2 : explain SELECT DISTINCT c FROM sbtest2 WHERE id BETWEEN 2790759 AND 2791758 ORDER BY c
	Unique  (cost=4095.85..4101.08 rows=1045 width=121)
	  ->  Sort  (cost=4095.85..4098.47 rows=1045 width=121)
	        Sort Key: c
	        ->  Bitmap Heap Scan on sbtest2  (cost=31.15..4043.45 rows=1045 width=121)
	              Recheck Cond: ((id >= 2790759) AND (id <= 2791758))
	              ->  Bitmap Index Scan on sbtest2_pkey  (cost=0.00..30.89 rows=1045 width=0)
	                    Index Cond: ((id >= 2790759) AND (id <= 2791758))

table 3 : explain SELECT DISTINCT c FROM sbtest3 WHERE id BETWEEN 7580893 AND 7581892 ORDER BY c
	Unique  (cost=4074.97..4080.17 rows=1040 width=121)
	  ->  Sort  (cost=4074.97..4077.57 rows=1040 width=121)
	        Sort Key: c
	        ->  Bitmap Heap Scan on sbtest3  (cost=31.09..4022.86 rows=1040 width=121)
	              Recheck Cond: ((id >= 7580893) AND (id <= 7581892))
	              ->  Bitmap Index Scan on sbtest3_pkey  (cost=0.00..30.83 rows=1040 width=0)
	                    Index Cond: ((id >= 7580893) AND (id <= 7581892))

table 4 : explain SELECT DISTINCT c FROM sbtest4 WHERE id BETWEEN 5110537 AND 5111536 ORDER BY c
	Unique  (cost=3931.22..3936.23 rows=1002 width=121)
	  ->  Sort  (cost=3931.22..3933.72 rows=1002 width=121)
	        Sort Key: c
	        ->  Bitmap Heap Scan on sbtest4  (cost=30.71..3881.27 rows=1002 width=121)
	              Recheck Cond: ((id >= 5110537) AND (id <= 5111536))
	              ->  Bitmap Index Scan on sbtest4_pkey  (cost=0.00..30.45 rows=1002 width=0)
	                    Index Cond: ((id >= 5110537) AND (id <= 5111536))

table 5 : explain SELECT DISTINCT c FROM sbtest5 WHERE id BETWEEN 948497 AND 949496 ORDER BY c
	Unique  (cost=4004.27..4009.38 rows=1021 width=121)
	  ->  Sort  (cost=4004.27..4006.82 rows=1021 width=121)
	        Sort Key: c
	        ->  Bitmap Heap Scan on sbtest5  (cost=30.90..3953.24 rows=1021 width=121)
	              Recheck Cond: ((id >= 948497) AND (id <= 949496))
	              ->  Bitmap Index Scan on sbtest5_pkey  (cost=0.00..30.64 rows=1021 width=0)
	                    Index Cond: ((id >= 948497) AND (id <= 949496))

table 6 : explain SELECT DISTINCT c FROM sbtest6 WHERE id BETWEEN 8961395 AND 8962394 ORDER BY c
	Unique  (cost=4019.04..4024.17 rows=1025 width=121)
	  ->  Sort  (cost=4019.04..4021.60 rows=1025 width=121)
	        Sort Key: c
	        ->  Bitmap Heap Scan on sbtest6  (cost=30.94..3967.79 rows=1025 width=121)
	              Recheck Cond: ((id >= 8961395) AND (id <= 8962394))
	              ->  Bitmap Index Scan on sbtest6_pkey  (cost=0.00..30.68 rows=1025 width=0)
	                    Index Cond: ((id >= 8961395) AND (id <= 8962394))

table 7 : explain SELECT DISTINCT c FROM sbtest7 WHERE id BETWEEN 6474169 AND 6475168 ORDER BY c
	Unique  (cost=3890.82..3895.78 rows=992 width=121)
	  ->  Sort  (cost=3890.82..3893.30 rows=992 width=121)
	        Sort Key: c
	        ->  Bitmap Heap Scan on sbtest7  (cost=30.60..3841.44 rows=992 width=121)
	              Recheck Cond: ((id >= 6474169) AND (id <= 6475168))
	              ->  Bitmap Index Scan on sbtest7_pkey  (cost=0.00..30.36 rows=992 width=0)
	                    Index Cond: ((id >= 6474169) AND (id <= 6475168))

table 8 : explain SELECT DISTINCT c FROM sbtest8 WHERE id BETWEEN 9036183 AND 9037182 ORDER BY c
	Unique  (cost=3851.06..3855.96 rows=981 width=121)
	  ->  Sort  (cost=3851.06..3853.51 rows=981 width=121)
	        Sort Key: c
	        ->  Bitmap Heap Scan on sbtest8  (cost=30.49..3802.31 rows=981 width=121)
	              Recheck Cond: ((id >= 9036183) AND (id <= 9037182))
	              ->  Bitmap Index Scan on sbtest8_pkey  (cost=0.00..30.25 rows=981 width=0)
	                    Index Cond: ((id >= 9036183) AND (id <= 9037182))

for: distinct_ranges
table 1 : explain SELECT DISTINCT c FROM sbtest1 WHERE id BETWEEN 4326255 AND 4327254 ORDER BY c
	Unique  (cost=3928.97..3933.98 rows=1001 width=121)
	  ->  Sort  (cost=3928.97..3931.48 rows=1001 width=121)
	        Sort Key: c
	        ->  Bitmap Heap Scan on sbtest1  (cost=30.70..3879.09 rows=1001 width=121)
	              Recheck Cond: ((id >= 4326255) AND (id <= 4327254))
	              ->  Bitmap Index Scan on sbtest1_pkey  (cost=0.00..30.44 rows=1001 width=0)
	                    Index Cond: ((id >= 4326255) AND (id <= 4327254))

table 2 : explain SELECT DISTINCT c FROM sbtest2 WHERE id BETWEEN 8237756 AND 8238755 ORDER BY c
	Unique  (cost=4034.64..4039.79 rows=1029 width=121)
	  ->  Sort  (cost=4034.64..4037.21 rows=1029 width=121)
	        Sort Key: c
	        ->  Bitmap Heap Scan on sbtest2  (cost=30.98..3983.15 rows=1029 width=121)
	              Recheck Cond: ((id >= 8237756) AND (id <= 8238755))
	              ->  Bitmap Index Scan on sbtest2_pkey  (cost=0.00..30.72 rows=1029 width=0)
	                    Index Cond: ((id >= 8237756) AND (id <= 8238755))

table 3 : explain SELECT DISTINCT c FROM sbtest3 WHERE id BETWEEN 2232598 AND 2233597 ORDER BY c
	Unique  (cost=3941.10..3946.12 rows=1005 width=121)
	  ->  Sort  (cost=3941.10..3943.61 rows=1005 width=121)
	        Sort Key: c
	        ->  Bitmap Heap Scan on sbtest3  (cost=30.74..3890.98 rows=1005 width=121)
	              Recheck Cond: ((id >= 2232598) AND (id <= 2233597))
	              ->  Bitmap Index Scan on sbtest3_pkey  (cost=0.00..30.48 rows=1005 width=0)
	                    Index Cond: ((id >= 2232598) AND (id <= 2233597))

table 4 : explain SELECT DISTINCT c FROM sbtest4 WHERE id BETWEEN 1074512 AND 1075511 ORDER BY c
	Unique  (cost=3770.26..3775.06 rows=960 width=121)
	  ->  Sort  (cost=3770.26..3772.66 rows=960 width=121)
	        Sort Key: c
	        ->  Bitmap Heap Scan on sbtest4  (cost=30.27..3722.70 rows=960 width=121)
	              Recheck Cond: ((id >= 1074512) AND (id <= 1075511))
	              ->  Bitmap Index Scan on sbtest4_pkey  (cost=0.00..30.04 rows=960 width=0)
	                    Index Cond: ((id >= 1074512) AND (id <= 1075511))

table 5 : explain SELECT DISTINCT c FROM sbtest5 WHERE id BETWEEN 5139815 AND 5140814 ORDER BY c
	Unique  (cost=3705.32..3710.03 rows=943 width=121)
	  ->  Sort  (cost=3705.32..3707.68 rows=943 width=121)
	        Sort Key: c
	        ->  Bitmap Heap Scan on sbtest5  (cost=30.10..3658.73 rows=943 width=121)
	              Recheck Cond: ((id >= 5139815) AND (id <= 5140814))
	              ->  Bitmap Index Scan on sbtest5_pkey  (cost=0.00..29.86 rows=943 width=0)
	                    Index Cond: ((id >= 5139815) AND (id <= 5140814))

table 6 : explain SELECT DISTINCT c FROM sbtest6 WHERE id BETWEEN 4426202 AND 4427201 ORDER BY c
	Unique  (cost=4011.39..4016.50 rows=1023 width=121)
	  ->  Sort  (cost=4011.39..4013.95 rows=1023 width=121)
	        Sort Key: c
	        ->  Bitmap Heap Scan on sbtest6  (cost=30.92..3960.25 rows=1023 width=121)
	              Recheck Cond: ((id >= 4426202) AND (id <= 4427201))
	              ->  Bitmap Index Scan on sbtest6_pkey  (cost=0.00..30.66 rows=1023 width=0)
	                    Index Cond: ((id >= 4426202) AND (id <= 4427201))

table 7 : explain SELECT DISTINCT c FROM sbtest7 WHERE id BETWEEN 9167375 AND 9168374 ORDER BY c
	Unique  (cost=3798.91..3803.75 rows=968 width=121)
	  ->  Sort  (cost=3798.91..3801.33 rows=968 width=121)
	        Sort Key: c
	        ->  Bitmap Heap Scan on sbtest7  (cost=30.36..3750.91 rows=968 width=121)
	              Recheck Cond: ((id >= 9167375) AND (id <= 9168374))
	              ->  Bitmap Index Scan on sbtest7_pkey  (cost=0.00..30.11 rows=968 width=0)
	                    Index Cond: ((id >= 9167375) AND (id <= 9168374))

table 8 : explain SELECT DISTINCT c FROM sbtest8 WHERE id BETWEEN 4570417 AND 4571416 ORDER BY c
	Unique  (cost=3812.72..3817.58 rows=971 width=121)
	  ->  Sort  (cost=3812.72..3815.15 rows=971 width=121)
	        Sort Key: c
	        ->  Bitmap Heap Scan on sbtest8  (cost=30.39..3764.55 rows=971 width=121)
	              Recheck Cond: ((id >= 4570417) AND (id <= 4571416))
	              ->  Bitmap Index Scan on sbtest8_pkey  (cost=0.00..30.14 rows=971 width=0)
	                    Index Cond: ((id >= 4570417) AND (id <= 4571416))

for: order_ranges
table 1 : explain SELECT c FROM sbtest1 WHERE id BETWEEN 9436166 AND 9437165 ORDER BY c
	Sort  (cost=3994.11..3996.65 rows=1018 width=121)
	  Sort Key: c
	  ->  Bitmap Heap Scan on sbtest1  (cost=30.87..3943.25 rows=1018 width=121)
	        Recheck Cond: ((id >= 9436166) AND (id <= 9437165))
	        ->  Bitmap Index Scan on sbtest1_pkey  (cost=0.00..30.61 rows=1018 width=0)
	              Index Cond: ((id >= 9436166) AND (id <= 9437165))

table 2 : explain SELECT c FROM sbtest2 WHERE id BETWEEN 1842664 AND 1843663 ORDER BY c
	Sort  (cost=3965.74..3968.27 rows=1011 width=121)
	  Sort Key: c
	  ->  Bitmap Heap Scan on sbtest2  (cost=30.80..3915.28 rows=1011 width=121)
	        Recheck Cond: ((id >= 1842664) AND (id <= 1843663))
	        ->  Bitmap Index Scan on sbtest2_pkey  (cost=0.00..30.54 rows=1011 width=0)
	              Index Cond: ((id >= 1842664) AND (id <= 1843663))

table 3 : explain SELECT c FROM sbtest3 WHERE id BETWEEN 3865241 AND 3866240 ORDER BY c
	Sort  (cost=4032.92..4035.49 rows=1029 width=121)
	  Sort Key: c
	  ->  Bitmap Heap Scan on sbtest3  (cost=30.98..3981.43 rows=1029 width=121)
	        Recheck Cond: ((id >= 3865241) AND (id <= 3866240))
	        ->  Bitmap Index Scan on sbtest3_pkey  (cost=0.00..30.72 rows=1029 width=0)
	              Index Cond: ((id >= 3865241) AND (id <= 3866240))

table 4 : explain SELECT c FROM sbtest4 WHERE id BETWEEN 5657038 AND 5658037 ORDER BY c
	Sort  (cost=4046.06..4048.64 rows=1032 width=121)
	  Sort Key: c
	  ->  Bitmap Heap Scan on sbtest4  (cost=31.01..3994.40 rows=1032 width=121)
	        Recheck Cond: ((id >= 5657038) AND (id <= 5658037))
	        ->  Bitmap Index Scan on sbtest4_pkey  (cost=0.00..30.75 rows=1032 width=0)
	              Index Cond: ((id >= 5657038) AND (id <= 5658037))

table 5 : explain SELECT c FROM sbtest5 WHERE id BETWEEN 8366577 AND 8367576 ORDER BY c
	Sort  (cost=3881.71..3884.19 rows=989 width=121)
	  Sort Key: c
	  ->  Bitmap Heap Scan on sbtest5  (cost=30.57..3832.51 rows=989 width=121)
	        Recheck Cond: ((id >= 8366577) AND (id <= 8367576))
	        ->  Bitmap Index Scan on sbtest5_pkey  (cost=0.00..30.32 rows=989 width=0)
	              Index Cond: ((id >= 8366577) AND (id <= 8367576))

table 6 : explain SELECT c FROM sbtest6 WHERE id BETWEEN 7108002 AND 7109001 ORDER BY c
	Sort  (cost=3846.72..3849.17 rows=980 width=121)
	  Sort Key: c
	  ->  Bitmap Heap Scan on sbtest6  (cost=30.48..3798.03 rows=980 width=121)
	        Recheck Cond: ((id >= 7108002) AND (id <= 7109001))
	        ->  Bitmap Index Scan on sbtest6_pkey  (cost=0.00..30.23 rows=980 width=0)
	              Index Cond: ((id >= 7108002) AND (id <= 7109001))

table 7 : explain SELECT c FROM sbtest7 WHERE id BETWEEN 1843713 AND 1844712 ORDER BY c
	Sort  (cost=3936.74..3939.25 rows=1004 width=121)
	  Sort Key: c
	  ->  Bitmap Heap Scan on sbtest7  (cost=30.73..3886.69 rows=1004 width=121)
	        Recheck Cond: ((id >= 1843713) AND (id <= 1844712))
	        ->  Bitmap Index Scan on sbtest7_pkey  (cost=0.00..30.47 rows=1004 width=0)
	              Index Cond: ((id >= 1843713) AND (id <= 1844712))

table 8 : explain SELECT c FROM sbtest8 WHERE id BETWEEN 8213300 AND 8214299 ORDER BY c
	Sort  (cost=3643.91..3646.23 rows=927 width=121)
	  Sort Key: c
	  ->  Bitmap Heap Scan on sbtest8  (cost=29.94..3598.22 rows=927 width=121)
	        Recheck Cond: ((id >= 8213300) AND (id <= 8214299))
	        ->  Bitmap Index Scan on sbtest8_pkey  (cost=0.00..29.70 rows=927 width=0)
	              Index Cond: ((id >= 8213300) AND (id <= 8214299))

for: order_ranges
table 1 : explain SELECT c FROM sbtest1 WHERE id BETWEEN 3918240 AND 3919239 ORDER BY c
	Sort  (cost=3748.72..3751.11 rows=954 width=121)
	  Sort Key: c
	  ->  Bitmap Heap Scan on sbtest1  (cost=30.21..3701.51 rows=954 width=121)
	        Recheck Cond: ((id >= 3918240) AND (id <= 3919239))
	        ->  Bitmap Index Scan on sbtest1_pkey  (cost=0.00..29.97 rows=954 width=0)
	              Index Cond: ((id >= 3918240) AND (id <= 3919239))

table 2 : explain SELECT c FROM sbtest2 WHERE id BETWEEN 9996533 AND 9997532 ORDER BY c
	Sort  (cost=3774.15..3776.55 rows=961 width=121)
	  Sort Key: c
	  ->  Bitmap Heap Scan on sbtest2  (cost=30.29..3726.54 rows=961 width=121)
	        Recheck Cond: ((id >= 9996533) AND (id <= 9997532))
	        ->  Bitmap Index Scan on sbtest2_pkey  (cost=0.00..30.04 rows=961 width=0)
	              Index Cond: ((id >= 9996533) AND (id <= 9997532))

table 3 : explain SELECT c FROM sbtest3 WHERE id BETWEEN 7912102 AND 7913101 ORDER BY c
	Sort  (cost=4048.21..4050.79 rows=1033 width=121)
	  Sort Key: c
	  ->  Bitmap Heap Scan on sbtest3  (cost=31.02..3996.50 rows=1033 width=121)
	        Recheck Cond: ((id >= 7912102) AND (id <= 7913101))
	        ->  Bitmap Index Scan on sbtest3_pkey  (cost=0.00..30.76 rows=1033 width=0)
	              Index Cond: ((id >= 7912102) AND (id <= 7913101))

table 4 : explain SELECT c FROM sbtest4 WHERE id BETWEEN 5771845 AND 5772844 ORDER BY c
	Sort  (cost=3728.07..3730.44 rows=949 width=121)
	  Sort Key: c
	  ->  Bitmap Heap Scan on sbtest4  (cost=30.16..3681.14 rows=949 width=121)
	        Recheck Cond: ((id >= 5771845) AND (id <= 5772844))
	        ->  Bitmap Index Scan on sbtest4_pkey  (cost=0.00..29.93 rows=949 width=0)
	              Index Cond: ((id >= 5771845) AND (id <= 5772844))

table 5 : explain SELECT c FROM sbtest5 WHERE id BETWEEN 616298 AND 617297 ORDER BY c
	Sort  (cost=3916.19..3918.69 rows=998 width=121)
	  Sort Key: c
	  ->  Bitmap Heap Scan on sbtest5  (cost=30.66..3866.48 rows=998 width=121)
	        Recheck Cond: ((id >= 616298) AND (id <= 617297))
	        ->  Bitmap Index Scan on sbtest5_pkey  (cost=0.00..30.41 rows=998 width=0)
	              Index Cond: ((id >= 616298) AND (id <= 617297))

table 6 : explain SELECT c FROM sbtest6 WHERE id BETWEEN 7428384 AND 7429383 ORDER BY c
	Sort  (cost=3704.84..3707.20 rows=943 width=121)
	  Sort Key: c
	  ->  Bitmap Heap Scan on sbtest6  (cost=30.10..3658.25 rows=943 width=121)
	        Recheck Cond: ((id >= 7428384) AND (id <= 7429383))
	        ->  Bitmap Index Scan on sbtest6_pkey  (cost=0.00..29.86 rows=943 width=0)
	              Index Cond: ((id >= 7428384) AND (id <= 7429383))

table 7 : explain SELECT c FROM sbtest7 WHERE id BETWEEN 9801816 AND 9802815 ORDER BY c
	Sort  (cost=3737.60..3739.98 rows=952 width=121)
	  Sort Key: c
	  ->  Bitmap Heap Scan on sbtest7  (cost=30.19..3690.51 rows=952 width=121)
	        Recheck Cond: ((id >= 9801816) AND (id <= 9802815))
	        ->  Bitmap Index Scan on sbtest7_pkey  (cost=0.00..29.95 rows=952 width=0)
	              Index Cond: ((id >= 9801816) AND (id <= 9802815))

table 8 : explain SELECT c FROM sbtest8 WHERE id BETWEEN 8852014 AND 8853013 ORDER BY c
	Sort  (cost=4130.71..4133.35 rows=1053 width=121)
	  Sort Key: c
	  ->  Bitmap Heap Scan on sbtest8  (cost=35.23..4077.85 rows=1053 width=121)
	        Recheck Cond: ((id >= 8852014) AND (id <= 8853013))
	        ->  Bitmap Index Scan on sbtest8_pkey  (cost=0.00..34.97 rows=1053 width=0)
	              Index Cond: ((id >= 8852014) AND (id <= 8853013))

for: order_ranges
table 1 : explain SELECT c FROM sbtest1 WHERE id BETWEEN 5943028 AND 5944027 ORDER BY c
	Sort  (cost=3737.21..3739.58 rows=951 width=121)
	  Sort Key: c
	  ->  Bitmap Heap Scan on sbtest1  (cost=30.18..3690.16 rows=951 width=121)
	        Recheck Cond: ((id >= 5943028) AND (id <= 5944027))
	        ->  Bitmap Index Scan on sbtest1_pkey  (cost=0.00..29.94 rows=951 width=0)
	              Index Cond: ((id >= 5943028) AND (id <= 5944027))

table 2 : explain SELECT c FROM sbtest2 WHERE id BETWEEN 8186419 AND 8187418 ORDER BY c
	Sort  (cost=3716.61..3718.97 rows=946 width=121)
	  Sort Key: c
	  ->  Bitmap Heap Scan on sbtest2  (cost=30.13..3669.85 rows=946 width=121)
	        Recheck Cond: ((id >= 8186419) AND (id <= 8187418))
	        ->  Bitmap Index Scan on sbtest2_pkey  (cost=0.00..29.89 rows=946 width=0)
	              Index Cond: ((id >= 8186419) AND (id <= 8187418))

table 3 : explain SELECT c FROM sbtest3 WHERE id BETWEEN 8673715 AND 8674714 ORDER BY c
	Sort  (cost=3933.44..3935.95 rows=1003 width=121)
	  Sort Key: c
	  ->  Bitmap Heap Scan on sbtest3  (cost=30.72..3883.44 rows=1003 width=121)
	        Recheck Cond: ((id >= 8673715) AND (id <= 8674714))
	        ->  Bitmap Index Scan on sbtest3_pkey  (cost=0.00..30.46 rows=1003 width=0)
	              Index Cond: ((id >= 8673715) AND (id <= 8674714))

table 4 : explain SELECT c FROM sbtest4 WHERE id BETWEEN 2060521 AND 2061520 ORDER BY c
	Sort  (cost=3958.02..3960.55 rows=1009 width=121)
	  Sort Key: c
	  ->  Bitmap Heap Scan on sbtest4  (cost=30.78..3907.68 rows=1009 width=121)
	        Recheck Cond: ((id >= 2060521) AND (id <= 2061520))
	        ->  Bitmap Index Scan on sbtest4_pkey  (cost=0.00..30.52 rows=1009 width=0)
	              Index Cond: ((id >= 2060521) AND (id <= 2061520))

table 5 : explain SELECT c FROM sbtest5 WHERE id BETWEEN 5839661 AND 5840660 ORDER BY c
	Sort  (cost=4126.71..4129.34 rows=1053 width=121)
	  Sort Key: c
	  ->  Bitmap Heap Scan on sbtest5  (cost=31.23..4073.85 rows=1053 width=121)
	        Recheck Cond: ((id >= 5839661) AND (id <= 5840660))
	        ->  Bitmap Index Scan on sbtest5_pkey  (cost=0.00..30.96 rows=1053 width=0)
	              Index Cond: ((id >= 5839661) AND (id <= 5840660))

table 6 : explain SELECT c FROM sbtest6 WHERE id BETWEEN 1940291 AND 1941290 ORDER BY c
	Sort  (cost=3677.98..3680.32 rows=936 width=121)
	  Sort Key: c
	  ->  Bitmap Heap Scan on sbtest6  (cost=30.03..3631.79 rows=936 width=121)
	        Recheck Cond: ((id >= 1940291) AND (id <= 1941290))
	        ->  Bitmap Index Scan on sbtest6_pkey  (cost=0.00..29.79 rows=936 width=0)
	              Index Cond: ((id >= 1940291) AND (id <= 1941290))

table 7 : explain SELECT c FROM sbtest7 WHERE id BETWEEN 5786502 AND 5787501 ORDER BY c
	Sort  (cost=3699.27..3701.63 rows=942 width=121)
	  Sort Key: c
	  ->  Bitmap Heap Scan on sbtest7  (cost=30.09..3652.74 rows=942 width=121)
	        Recheck Cond: ((id >= 5786502) AND (id <= 5787501))
	        ->  Bitmap Index Scan on sbtest7_pkey  (cost=0.00..29.86 rows=942 width=0)
	              Index Cond: ((id >= 5786502) AND (id <= 5787501))

table 8 : explain SELECT c FROM sbtest8 WHERE id BETWEEN 7836901 AND 7837900 ORDER BY c
	Sort  (cost=3985.13..3987.67 rows=1016 width=121)
	  Sort Key: c
	  ->  Bitmap Heap Scan on sbtest8  (cost=30.85..3934.39 rows=1016 width=121)
	        Recheck Cond: ((id >= 7836901) AND (id <= 7837900))
	        ->  Bitmap Index Scan on sbtest8_pkey  (cost=0.00..30.59 rows=1016 width=0)
	              Index Cond: ((id >= 7836901) AND (id <= 7837900))

for: distinct_ranges
table 1 : explain SELECT DISTINCT c FROM sbtest1 WHERE id BETWEEN 965827 AND 966826 ORDER BY c
	Unique  (cost=4082.17..4087.38 rows=1041 width=121)
	  ->  Sort  (cost=4082.17..4084.78 rows=1041 width=121)
	        Sort Key: c
	        ->  Bitmap Heap Scan on sbtest1  (cost=31.11..4030.00 rows=1041 width=121)
	              Recheck Cond: ((id >= 965827) AND (id <= 966826))
	              ->  Bitmap Index Scan on sbtest1_pkey  (cost=0.00..30.84 rows=1041 width=0)
	                    Index Cond: ((id >= 965827) AND (id <= 966826))

table 2 : explain SELECT DISTINCT c FROM sbtest2 WHERE id BETWEEN 6135337 AND 6136336 ORDER BY c
	Unique  (cost=4149.57..4154.86 rows=1058 width=121)
	  ->  Sort  (cost=4149.57..4152.21 rows=1058 width=121)
	        Sort Key: c
	        ->  Bitmap Heap Scan on sbtest2  (cost=35.28..4096.42 rows=1058 width=121)
	              Recheck Cond: ((id >= 6135337) AND (id <= 6136336))
	              ->  Bitmap Index Scan on sbtest2_pkey  (cost=0.00..35.02 rows=1058 width=0)
	                    Index Cond: ((id >= 6135337) AND (id <= 6136336))

table 3 : explain SELECT DISTINCT c FROM sbtest3 WHERE id BETWEEN 4453000 AND 4453999 ORDER BY c
	Unique  (cost=3787.92..3792.74 rows=965 width=121)
	  ->  Sort  (cost=3787.92..3790.33 rows=965 width=121)
	        Sort Key: c
	        ->  Bitmap Heap Scan on sbtest3  (cost=30.33..3740.08 rows=965 width=121)
	              Recheck Cond: ((id >= 4453000) AND (id <= 4453999))
	              ->  Bitmap Index Scan on sbtest3_pkey  (cost=0.00..30.08 rows=965 width=0)
	                    Index Cond: ((id >= 4453000) AND (id <= 4453999))

table 4 : explain SELECT DISTINCT c FROM sbtest4 WHERE id BETWEEN 873300 AND 874299 ORDER BY c
	Unique  (cost=3862.26..3867.18 rows=984 width=121)
	  ->  Sort  (cost=3862.26..3864.72 rows=984 width=121)
	        Sort Key: c
	        ->  Bitmap Heap Scan on sbtest4  (cost=30.52..3813.34 rows=984 width=121)
	              Recheck Cond: ((id >= 873300) AND (id <= 874299))
	              ->  Bitmap Index Scan on sbtest4_pkey  (cost=0.00..30.27 rows=984 width=0)
	                    Index Cond: ((id >= 873300) AND (id <= 874299))

table 5 : explain SELECT DISTINCT c FROM sbtest5 WHERE id BETWEEN 2046556 AND 2047555 ORDER BY c
	Unique  (cost=4061.68..4066.86 rows=1036 width=121)
	  ->  Sort  (cost=4061.68..4064.27 rows=1036 width=121)
	        Sort Key: c
	        ->  Bitmap Heap Scan on sbtest5  (cost=31.05..4009.79 rows=1036 width=121)
	              Recheck Cond: ((id >= 2046556) AND (id <= 2047555))
	              ->  Bitmap Index Scan on sbtest5_pkey  (cost=0.00..30.79 rows=1036 width=0)
	                    Index Cond: ((id >= 2046556) AND (id <= 2047555))

table 6 : explain SELECT DISTINCT c FROM sbtest6 WHERE id BETWEEN 6271888 AND 6272887 ORDER BY c
	Unique  (cost=3731.70..3736.45 rows=950 width=121)
	  ->  Sort  (cost=3731.70..3734.07 rows=950 width=121)
	        Sort Key: c
	        ->  Bitmap Heap Scan on sbtest6  (cost=30.17..3684.71 rows=950 width=121)
	              Recheck Cond: ((id >= 6271888) AND (id <= 6272887))
	              ->  Bitmap Index Scan on sbtest6_pkey  (cost=0.00..29.93 rows=950 width=0)
	                    Index Cond: ((id >= 6271888) AND (id <= 6272887))

table 7 : explain SELECT DISTINCT c FROM sbtest7 WHERE id BETWEEN 7477090 AND 7478089 ORDER BY c
	Unique  (cost=3737.60..3742.36 rows=952 width=121)
	  ->  Sort  (cost=3737.60..3739.98 rows=952 width=121)
	        Sort Key: c
	        ->  Bitmap Heap Scan on sbtest7  (cost=30.19..3690.51 rows=952 width=121)
	              Recheck Cond: ((id >= 7477090) AND (id <= 7478089))
	              ->  Bitmap Index Scan on sbtest7_pkey  (cost=0.00..29.95 rows=952 width=0)
	                    Index Cond: ((id >= 7477090) AND (id <= 7478089))

table 8 : explain SELECT DISTINCT c FROM sbtest8 WHERE id BETWEEN 1725215 AND 1726214 ORDER BY c
	Unique  (cost=4253.03..4258.46 rows=1085 width=121)
	  ->  Sort  (cost=4253.03..4255.75 rows=1085 width=121)
	        Sort Key: c
	        ->  Bitmap Heap Scan on sbtest8  (cost=35.56..4198.33 rows=1085 width=121)
	              Recheck Cond: ((id >= 1725215) AND (id <= 1726214))
	              ->  Bitmap Index Scan on sbtest8_pkey  (cost=0.00..35.29 rows=1085 width=0)
	                    Index Cond: ((id >= 1725215) AND (id <= 1726214))

for: distinct_ranges
table 1 : explain SELECT DISTINCT c FROM sbtest1 WHERE id BETWEEN 8158572 AND 8159571 ORDER BY c
	Unique  (cost=4162.53..4167.84 rows=1062 width=121)
	  ->  Sort  (cost=4162.53..4165.19 rows=1062 width=121)
	        Sort Key: c
	        ->  Bitmap Heap Scan on sbtest1  (cost=31.32..4109.15 rows=1062 width=121)
	              Recheck Cond: ((id >= 8158572) AND (id <= 8159571))
	              ->  Bitmap Index Scan on sbtest1_pkey  (cost=0.00..31.05 rows=1062 width=0)
	                    Index Cond: ((id >= 8158572) AND (id <= 8159571))

table 2 : explain SELECT DISTINCT c FROM sbtest2 WHERE id BETWEEN 9559064 AND 9560063 ORDER BY c
	Unique  (cost=3866.15..3871.07 rows=985 width=121)
	  ->  Sort  (cost=3866.15..3868.61 rows=985 width=121)
	        Sort Key: c
	        ->  Bitmap Heap Scan on sbtest2  (cost=30.53..3817.17 rows=985 width=121)
	              Recheck Cond: ((id >= 9559064) AND (id <= 9560063))
	              ->  Bitmap Index Scan on sbtest2_pkey  (cost=0.00..30.29 rows=985 width=0)
	                    Index Cond: ((id >= 9559064) AND (id <= 9560063))

table 3 : explain SELECT DISTINCT c FROM sbtest3 WHERE id BETWEEN 654814 AND 655813 ORDER BY c
	Unique  (cost=3722.76..3727.50 rows=948 width=121)
	  ->  Sort  (cost=3722.76..3725.13 rows=948 width=121)
	        Sort Key: c
	        ->  Bitmap Heap Scan on sbtest3  (cost=30.15..3675.88 rows=948 width=121)
	              Recheck Cond: ((id >= 654814) AND (id <= 655813))
	              ->  Bitmap Index Scan on sbtest3_pkey  (cost=0.00..29.91 rows=948 width=0)
	                    Index Cond: ((id >= 654814) AND (id <= 655813))

table 4 : explain SELECT DISTINCT c FROM sbtest4 WHERE id BETWEEN 5300257 AND 5301256 ORDER BY c
	Unique  (cost=3678.18..3682.86 rows=936 width=121)
	  ->  Sort  (cost=3678.18..3680.52 rows=936 width=121)
	        Sort Key: c
	        ->  Bitmap Heap Scan on sbtest4  (cost=30.03..3631.99 rows=936 width=121)
	              Recheck Cond: ((id >= 5300257) AND (id <= 5301256))
	              ->  Bitmap Index Scan on sbtest4_pkey  (cost=0.00..29.79 rows=936 width=0)
	                    Index Cond: ((id >= 5300257) AND (id <= 5301256))

table 5 : explain SELECT DISTINCT c FROM sbtest5 WHERE id BETWEEN 6254921 AND 6255920 ORDER BY c
	Unique  (cost=3785.88..3790.70 rows=964 width=121)
	  ->  Sort  (cost=3785.88..3788.29 rows=964 width=121)
	        Sort Key: c
	        ->  Bitmap Heap Scan on sbtest5  (cost=30.32..3738.10 rows=964 width=121)
	              Recheck Cond: ((id >= 6254921) AND (id <= 6255920))
	              ->  Bitmap Index Scan on sbtest5_pkey  (cost=0.00..30.07 rows=964 width=0)
	                    Index Cond: ((id >= 6254921) AND (id <= 6255920))

table 6 : explain SELECT DISTINCT c FROM sbtest6 WHERE id BETWEEN 8154701 AND 8155700 ORDER BY c
	Unique  (cost=4007.56..4012.67 rows=1022 width=121)
	  ->  Sort  (cost=4007.56..4010.12 rows=1022 width=121)
	        Sort Key: c
	        ->  Bitmap Heap Scan on sbtest6  (cost=30.91..3956.48 rows=1022 width=121)
	              Recheck Cond: ((id >= 8154701) AND (id <= 8155700))
	              ->  Bitmap Index Scan on sbtest6_pkey  (cost=0.00..30.65 rows=1022 width=0)
	                    Index Cond: ((id >= 8154701) AND (id <= 8155700))

table 7 : explain SELECT DISTINCT c FROM sbtest7 WHERE id BETWEEN 4592855 AND 4593854 ORDER BY c
	Unique  (cost=4017.07..4022.20 rows=1025 width=121)
	  ->  Sort  (cost=4017.07..4019.63 rows=1025 width=121)
	        Sort Key: c
	        ->  Bitmap Heap Scan on sbtest7  (cost=30.94..3965.81 rows=1025 width=121)
	              Recheck Cond: ((id >= 4592855) AND (id <= 4593854))
	              ->  Bitmap Index Scan on sbtest7_pkey  (cost=0.00..30.68 rows=1025 width=0)
	                    Index Cond: ((id >= 4592855) AND (id <= 4593854))

table 8 : explain SELECT DISTINCT c FROM sbtest8 WHERE id BETWEEN 4886326 AND 4887325 ORDER BY c
	Unique  (cost=4023.42..4028.55 rows=1026 width=121)
	  ->  Sort  (cost=4023.42..4025.98 rows=1026 width=121)
	        Sort Key: c
	        ->  Bitmap Heap Scan on sbtest8  (cost=30.95..3972.10 rows=1026 width=121)
	              Recheck Cond: ((id >= 4886326) AND (id <= 4887325))
	              ->  Bitmap Index Scan on sbtest8_pkey  (cost=0.00..30.69 rows=1026 width=0)
	                    Index Cond: ((id >= 4886326) AND (id <= 4887325))

for: distinct_ranges
table 1 : explain SELECT DISTINCT c FROM sbtest1 WHERE id BETWEEN 7283773 AND 7284772 ORDER BY c
	Unique  (cost=3760.23..3765.02 rows=957 width=121)
	  ->  Sort  (cost=3760.23..3762.63 rows=957 width=121)
	        Sort Key: c
	        ->  Bitmap Heap Scan on sbtest1  (cost=30.24..3712.85 rows=957 width=121)
	              Recheck Cond: ((id >= 7283773) AND (id <= 7284772))
	              ->  Bitmap Index Scan on sbtest1_pkey  (cost=0.00..30.00 rows=957 width=0)
	                    Index Cond: ((id >= 7283773) AND (id <= 7284772))

table 2 : explain SELECT DISTINCT c FROM sbtest2 WHERE id BETWEEN 1614470 AND 1615469 ORDER BY c
	Unique  (cost=3563.04..3567.57 rows=906 width=121)
	  ->  Sort  (cost=3563.04..3565.31 rows=906 width=121)
	        Sort Key: c
	        ->  Bitmap Heap Scan on sbtest2  (cost=29.72..3518.54 rows=906 width=121)
	              Recheck Cond: ((id >= 1614470) AND (id <= 1615469))
	              ->  Bitmap Index Scan on sbtest2_pkey  (cost=0.00..29.50 rows=906 width=0)
	                    Index Cond: ((id >= 1614470) AND (id <= 1615469))

table 3 : explain SELECT DISTINCT c FROM sbtest3 WHERE id BETWEEN 378390 AND 379389 ORDER BY c
	Unique  (cost=3565.46..3569.99 rows=907 width=121)
	  ->  Sort  (cost=3565.46..3567.72 rows=907 width=121)
	        Sort Key: c
	        ->  Bitmap Heap Scan on sbtest3  (cost=29.73..3520.90 rows=907 width=121)
	              Recheck Cond: ((id >= 378390) AND (id <= 379389))
	              ->  Bitmap Index Scan on sbtest3_pkey  (cost=0.00..29.50 rows=907 width=0)
	                    Index Cond: ((id >= 378390) AND (id <= 379389))

table 4 : explain SELECT DISTINCT c FROM sbtest4 WHERE id BETWEEN 120496 AND 121495 ORDER BY c
	Unique  (cost=4134.03..4139.31 rows=1055 width=121)
	  ->  Sort  (cost=4134.03..4136.67 rows=1055 width=121)
	        Sort Key: c
	        ->  Bitmap Heap Scan on sbtest4  (cost=31.25..4081.06 rows=1055 width=121)
	              Recheck Cond: ((id >= 120496) AND (id <= 121495))
	              ->  Bitmap Index Scan on sbtest4_pkey  (cost=0.00..30.98 rows=1055 width=0)
	                    Index Cond: ((id >= 120496) AND (id <= 121495))

table 5 : explain SELECT DISTINCT c FROM sbtest5 WHERE id BETWEEN 6783784 AND 6784783 ORDER BY c
	Unique  (cost=3908.53..3913.51 rows=996 width=121)
	  ->  Sort  (cost=3908.53..3911.02 rows=996 width=121)
	        Sort Key: c
	        ->  Bitmap Heap Scan on sbtest5  (cost=30.64..3858.93 rows=996 width=121)
	              Recheck Cond: ((id >= 6783784) AND (id <= 6784783))
	              ->  Bitmap Index Scan on sbtest5_pkey  (cost=0.00..30.39 rows=996 width=0)
	                    Index Cond: ((id >= 6783784) AND (id <= 6784783))

table 6 : explain SELECT DISTINCT c FROM sbtest6 WHERE id BETWEEN 6163794 AND 6164793 ORDER BY c
	Unique  (cost=3808.39..3813.24 rows=970 width=121)
	  ->  Sort  (cost=3808.39..3810.81 rows=970 width=121)
	        Sort Key: c
	        ->  Bitmap Heap Scan on sbtest6  (cost=30.38..3760.27 rows=970 width=121)
	              Recheck Cond: ((id >= 6163794) AND (id <= 6164793))
	              ->  Bitmap Index Scan on sbtest6_pkey  (cost=0.00..30.14 rows=970 width=0)
	                    Index Cond: ((id >= 6163794) AND (id <= 6164793))

table 7 : explain SELECT DISTINCT c FROM sbtest7 WHERE id BETWEEN 664388 AND 665387 ORDER BY c
	Unique  (cost=4062.95..4068.14 rows=1037 width=121)
	  ->  Sort  (cost=4062.95..4065.54 rows=1037 width=121)
	        Sort Key: c
	        ->  Bitmap Heap Scan on sbtest7  (cost=31.06..4011.01 rows=1037 width=121)
	              Recheck Cond: ((id >= 664388) AND (id <= 665387))
	              ->  Bitmap Index Scan on sbtest7_pkey  (cost=0.00..30.80 rows=1037 width=0)
	                    Index Cond: ((id >= 664388) AND (id <= 665387))

table 8 : explain SELECT DISTINCT c FROM sbtest8 WHERE id BETWEEN 8497260 AND 8498259 ORDER BY c
	Unique  (cost=3870.22..3875.15 rows=986 width=121)
	  ->  Sort  (cost=3870.22..3872.69 rows=986 width=121)
	        Sort Key: c
	        ->  Bitmap Heap Scan on sbtest8  (cost=30.54..3821.19 rows=986 width=121)
	              Recheck Cond: ((id >= 8497260) AND (id <= 8498259))
	              ->  Bitmap Index Scan on sbtest8_pkey  (cost=0.00..30.29 rows=986 width=0)
	                    Index Cond: ((id >= 8497260) AND (id <= 8498259))

Threads started!

Warming up for 5 seconds...

SQL statistics:
    queries performed:
        read:                            90154186
        write:                           0
        other:                           16391698
        total:                           106545884
    transactions:                        8195869 (13009.16 per sec.)
    queries:                             106545884 (169118.45 per sec.)
    ignored errors:                      0      (0.00 per sec.)
    reconnects:                          0      (0.00 per sec.)

Throughput:
    events/s (eps):                      13009.1617
    time elapsed:                        630.0076s
    total number of events:              8195869

Latency (ms):
         min:                                    0.50
         avg:                                    3.07
         max:                                   26.88
         95th percentile:                        3.19
         sum:                             25190718.09

Threads fairness:
    events (avg/stddev):           204896.4750/444.32
    execution time (avg/stddev):   629.7680/0.01

