LUA_PATH=/home/mdcallag/git/mytools/bench/sysbench.lua/lua/?.lua /home/mdcallag/git/mytools/bench/sysbench.lua/lua/sysbench --db-driver=pgsql --range-size=100 --table-size=10000000 --tables=8 --threads=40 --events=0 --warmup-time=5 --time=630 --pgsql_conn_id=true /home/mdcallag/git/mytools/bench/sysbench.lua/lua/oltp_range_covered.lua run --pgsql-user=root --pgsql-password=pw --pgsql-host=127.0.0.1 --pgsql-db=ib --rand-type=uniform --random-points=100 --skip-trx --on-id=false --covered=false
48 CPUs
sysbench 1.1.0-9072687 (using bundled LuaJIT 2.1.0-beta3)

Running the test with following options:
Number of threads: 40
Warmup time: 5s
Initializing random number generator from current time


Initializing worker threads...

explain: for range-notcovered :: explain SELECT k, c FROM sbtest%d WHERE k BETWEEN 1736814 AND 1736914
explain: for range-notcovered :: explain SELECT k, c FROM sbtest%d WHERE k BETWEEN 7841640 AND 7841740
explain: for range-notcovered :: explain SELECT k, c FROM sbtest%d WHERE k BETWEEN 6491710 AND 6491810
explain: for range-notcovered :: explain SELECT k, c FROM sbtest%d WHERE k BETWEEN 6262062 AND 6262162
explain: for range-notcovered :: explain SELECT k, c FROM sbtest%d WHERE k BETWEEN 4250238 AND 4250338explain: for range-notcovered :: explain SELECT k, c FROM sbtest%d WHERE k BETWEEN 7743810 AND 7743910
explain: for range-notcovered :: explain SELECT k, c FROM sbtest%d WHERE k BETWEEN 7179680 AND 7179780
explain: for range-notcovered :: explain SELECT k, c FROM sbtest%d WHERE k BETWEEN 2327787 AND 2327887
explain: for range-notcovered :: explain SELECT k, c FROM sbtest%d WHERE k BETWEEN 6909611 AND 6909711
explain: for range-notcovered :: explain SELECT k, c FROM sbtest%d WHERE k BETWEEN 6676821 AND 6676921

explain: for range-notcovered :: explain SELECT k, c FROM sbtest%d WHERE k BETWEEN 3680246 AND 3680346
explain: for range-notcovered :: explain SELECT k, c FROM sbtest%d WHERE k BETWEEN 6927879 AND 6927979
explain: for range-notcovered :: explain SELECT k, c FROM sbtest%d WHERE k BETWEEN 5443553 AND 5443653
explain: for range-notcovered :: explain SELECT k, c FROM sbtest%d WHERE k BETWEEN 7216687 AND 7216787
explain: for range-notcovered :: explain SELECT k, c FROM sbtest%d WHERE k BETWEEN 5503157 AND 5503257
explain: for range-notcovered :: explain SELECT k, c FROM sbtest%d WHERE k BETWEEN 5813883 AND 5813983
explain: for range-notcovered :: explain SELECT k, c FROM sbtest%d WHERE k BETWEEN 7372991 AND 7373091
explain: for range-notcovered :: explain SELECT k, c FROM sbtest%d WHERE k BETWEEN 6568066 AND 6568166
explain: for range-notcovered :: explain SELECT k, c FROM sbtest%d WHERE k BETWEEN 2158070 AND 2158170
explain: for range-notcovered :: explain SELECT k, c FROM sbtest%d WHERE k BETWEEN 6378941 AND 6379041
explain: for range-notcovered :: explain SELECT k, c FROM sbtest%d WHERE k BETWEEN 5006439 AND 5006539
explain: for range-notcovered :: explain SELECT k, c FROM sbtest%d WHERE k BETWEEN 6814436 AND 6814536
explain: for range-notcovered :: explain SELECT k, c FROM sbtest%d WHERE k BETWEEN 3507413 AND 3507513
explain: for range-notcovered :: explain SELECT k, c FROM sbtest%d WHERE k BETWEEN 6789664 AND 6789764
explain: for range-notcovered :: explain SELECT k, c FROM sbtest%d WHERE k BETWEEN 4791999 AND 4792099
explain: for range-notcovered :: explain SELECT k, c FROM sbtest%d WHERE k BETWEEN 6148959 AND 6149059
explain: for range-notcovered :: explain SELECT k, c FROM sbtest%d WHERE k BETWEEN 2658640 AND 2658740
explain: for range-notcovered :: explain SELECT k, c FROM sbtest%d WHERE k BETWEEN 4243893 AND 4243993
explain: for range-notcovered :: explain SELECT k, c FROM sbtest%d WHERE k BETWEEN 4981137 AND 4981237
explain: for range-notcovered :: explain SELECT k, c FROM sbtest%d WHERE k BETWEEN 5603877 AND 5603977
explain: for range-notcovered :: explain SELECT k, c FROM sbtest%d WHERE k BETWEEN 1934489 AND 1934589
explain: for range-notcovered :: explain SELECT k, c FROM sbtest%d WHERE k BETWEEN 8262231 AND 8262331
for range-notcovered
table 1 : explain SELECT k, c FROM sbtest1 WHERE k BETWEEN 1736814 AND 1736914
	Bitmap Heap Scan on sbtest1  (cost=5.50..417.47 rows=104 width=125)
	  Recheck Cond: ((k >= 1736814) AND (k <= 1736914))
	  ->  Bitmap Index Scan on k_1  (cost=0.00..5.47 rows=104 width=0)
	        Index Cond: ((k >= 1736814) AND (k <= 1736914))

table 2 : explain SELECT k, c FROM sbtest2 WHERE k BETWEEN 1736814 AND 1736914
	Bitmap Heap Scan on sbtest2  (cost=5.48..409.53 rows=102 width=125)
	  Recheck Cond: ((k >= 1736814) AND (k <= 1736914))
	  ->  Bitmap Index Scan on k_2  (cost=0.00..5.45 rows=102 width=0)
	        Index Cond: ((k >= 1736814) AND (k <= 1736914))

table 3 : explain SELECT k, c FROM sbtest3 WHERE k BETWEEN 1736814 AND 1736914
	Bitmap Heap Scan on sbtest3  (cost=5.59..452.84 rows=113 width=125)
	  Recheck Cond: ((k >= 1736814) AND (k <= 1736914))
	  ->  Bitmap Index Scan on k_3  (cost=0.00..5.56 rows=113 width=0)
	        Index Cond: ((k >= 1736814) AND (k <= 1736914))

table 4 : explain SELECT k, c FROM sbtest4 WHERE k BETWEEN 1736814 AND 1736914
	Bitmap Heap Scan on sbtest4  (cost=5.50..417.42 rows=104 width=125)
	  Recheck Cond: ((k >= 1736814) AND (k <= 1736914))
	  ->  Bitmap Index Scan on k_4  (cost=0.00..5.47 rows=104 width=0)
	        Index Cond: ((k >= 1736814) AND (k <= 1736914))

table 5 : explain SELECT k, c FROM sbtest5 WHERE k BETWEEN 1736814 AND 1736914
	Bitmap Heap Scan on sbtest5  (cost=5.59..452.91 rows=113 width=125)
	  Recheck Cond: ((k >= 1736814) AND (k <= 1736914))
	  ->  Bitmap Index Scan on k_5  (cost=0.00..5.56 rows=113 width=0)
	        Index Cond: ((k >= 1736814) AND (k <= 1736914))

table 6 : explain SELECT k, c FROM sbtest6 WHERE k BETWEEN 1736814 AND 1736914
	Bitmap Heap Scan on sbtest6  (cost=5.49..413.47 rows=103 width=125)
	  Recheck Cond: ((k >= 1736814) AND (k <= 1736914))
	  ->  Bitmap Index Scan on k_6  (cost=0.00..5.46 rows=103 width=0)
	        Index Cond: ((k >= 1736814) AND (k <= 1736914))

table 7 : explain SELECT k, c FROM sbtest7 WHERE k BETWEEN 1736814 AND 1736914
	Bitmap Heap Scan on sbtest7  (cost=5.41..381.85 rows=95 width=125)
	  Recheck Cond: ((k >= 1736814) AND (k <= 1736914))
	  ->  Bitmap Index Scan on k_7  (cost=0.00..5.38 rows=95 width=0)
	        Index Cond: ((k >= 1736814) AND (k <= 1736914))

table 8 : explain SELECT k, c FROM sbtest8 WHERE k BETWEEN 1736814 AND 1736914
	Bitmap Heap Scan on sbtest8  (cost=5.46..401.65 rows=100 width=125)
	  Recheck Cond: ((k >= 1736814) AND (k <= 1736914))
	  ->  Bitmap Index Scan on k_8  (cost=0.00..5.43 rows=100 width=0)
	        Index Cond: ((k >= 1736814) AND (k <= 1736914))

explain: for range-notcovered :: explain SELECT k, c FROM sbtest%d WHERE k BETWEEN 1736814 AND 1736914
for range-notcovered
table 1 : explain SELECT k, c FROM sbtest1 WHERE k BETWEEN 7841640 AND 7841740
	Bitmap Heap Scan on sbtest1  (cost=5.51..421.42 rows=105 width=125)
	  Recheck Cond: ((k >= 7841640) AND (k <= 7841740))
	  ->  Bitmap Index Scan on k_1  (cost=0.00..5.48 rows=105 width=0)
	        Index Cond: ((k >= 7841640) AND (k <= 7841740))

table 2 : explain SELECT k, c FROM sbtest2 WHERE k BETWEEN 7841640 AND 7841740
	Bitmap Heap Scan on sbtest2  (cost=5.52..425.31 rows=106 width=125)
	  Recheck Cond: ((k >= 7841640) AND (k <= 7841740))
	  ->  Bitmap Index Scan on k_2  (cost=0.00..5.50 rows=106 width=0)
	        Index Cond: ((k >= 7841640) AND (k <= 7841740))

table 3 : explain SELECT k, c FROM sbtest3 WHERE k BETWEEN 7841640 AND 7841740
	Bitmap Heap Scan on sbtest3  (cost=5.44..393.70 rows=98 width=125)
	  Recheck Cond: ((k >= 7841640) AND (k <= 7841740))
	  ->  Bitmap Index Scan on k_3  (cost=0.00..5.42 rows=98 width=0)
	        Index Cond: ((k >= 7841640) AND (k <= 7841740))

table 4 : explain SELECT k, c FROM sbtest4 WHERE k BETWEEN 7841640 AND 7841740
	Bitmap Heap Scan on sbtest4  (cost=5.45..397.70 rows=99 width=125)
	  Recheck Cond: ((k >= 7841640) AND (k <= 7841740))
	  ->  Bitmap Index Scan on k_4  (cost=0.00..5.42 rows=99 width=0)
	        Index Cond: ((k >= 7841640) AND (k <= 7841740))

table 5 : explain SELECT k, c FROM sbtest5 WHERE k BETWEEN 7841640 AND 7841740
	Bitmap Heap Scan on sbtest5  (cost=5.48..409.54 rows=102 width=125)
	  Recheck Cond: ((k >= 7841640) AND (k <= 7841740))
	  ->  Bitmap Index Scan on k_5  (cost=0.00..5.45 rows=102 width=0)
	        Index Cond: ((k >= 7841640) AND (k <= 7841740))

table 6 : explain SELECT k, c FROM sbtest6 WHERE k BETWEEN 7841640 AND 7841740
	Bitmap Heap Scan on sbtest6  (cost=5.42..385.85 rows=96 width=125)
	  Recheck Cond: ((k >= 7841640) AND (k <= 7841740))
	  ->  Bitmap Index Scan on k_6  (cost=0.00..5.39 rows=96 width=0)
	        Index Cond: ((k >= 7841640) AND (k <= 7841740))

table 7 : explain SELECT k, c FROM sbtest7 WHERE k BETWEEN 7841640 AND 7841740
	Bitmap Heap Scan on sbtest7  (cost=5.38..370.00 rows=92 width=125)
	  Recheck Cond: ((k >= 7841640) AND (k <= 7841740))
	  ->  Bitmap Index Scan on k_7  (cost=0.00..5.35 rows=92 width=0)
	        Index Cond: ((k >= 7841640) AND (k <= 7841740))

table 8 : explain SELECT k, c FROM sbtest8 WHERE k BETWEEN 7841640 AND 7841740
	Bitmap Heap Scan on sbtest8  (cost=5.48..409.54 rows=102 width=125)
	  Recheck Cond: ((k >= 7841640) AND (k <= 7841740))
	  ->  Bitmap Index Scan on k_8  (cost=0.00..5.45 rows=102 width=0)
	        Index Cond: ((k >= 7841640) AND (k <= 7841740))

explain: for range-notcovered :: explain SELECT k, c FROM sbtest%d WHERE k BETWEEN 7813504 AND 7813604
explain: for range-notcovered :: explain SELECT k, c FROM sbtest%d WHERE k BETWEEN 7841640 AND 7841740
for range-notcovered
table 1 : explain SELECT k, c FROM sbtest1 WHERE k BETWEEN 7743810 AND 7743910
	Bitmap Heap Scan on sbtest1  (cost=5.40..378.01 rows=94 width=125)
	  Recheck Cond: ((k >= 7743810) AND (k <= 7743910))
	  ->  Bitmap Index Scan on k_1  (cost=0.00..5.38 rows=94 width=0)
	        Index Cond: ((k >= 7743810) AND (k <= 7743910))

table 2 : explain SELECT k, c FROM sbtest2 WHERE k BETWEEN 7743810 AND 7743910
	Bitmap Heap Scan on sbtest2  (cost=5.47..405.59 rows=101 width=125)
	  Recheck Cond: ((k >= 7743810) AND (k <= 7743910))
	  ->  Bitmap Index Scan on k_2  (cost=0.00..5.44 rows=101 width=0)
	        Index Cond: ((k >= 7743810) AND (k <= 7743910))

table 3 : explain SELECT k, c FROM sbtest3 WHERE k BETWEEN 7743810 AND 7743910
	Bitmap Heap Scan on sbtest3  (cost=5.41..381.86 rows=95 width=125)
	  Recheck Cond: ((k >= 7743810) AND (k <= 7743910))
	  ->  Bitmap Index Scan on k_3  (cost=0.00..5.38 rows=95 width=0)
	        Index Cond: ((k >= 7743810) AND (k <= 7743910))

table 4 : explain SELECT k, c FROM sbtest4 WHERE k BETWEEN 7743810 AND 7743910
	Bitmap Heap Scan on sbtest4  (cost=5.46..401.64 rows=100 width=125)
	  Recheck Cond: ((k >= 7743810) AND (k <= 7743910))
	  ->  Bitmap Index Scan on k_4  (cost=0.00..5.43 rows=100 width=0)
	        Index Cond: ((k >= 7743810) AND (k <= 7743910))

table 5 : explain SELECT k, c FROM sbtest5 WHERE k BETWEEN 7743810 AND 7743910
	Bitmap Heap Scan on sbtest5  (cost=5.47..405.60 rows=101 width=125)
	  Recheck Cond: ((k >= 7743810) AND (k <= 7743910))
	  ->  Bitmap Index Scan on k_5  (cost=0.00..5.44 rows=101 width=0)
	        Index Cond: ((k >= 7743810) AND (k <= 7743910))

table 6 : explain SELECT k, c FROM sbtest6 WHERE k BETWEEN 7743810 AND 7743910
	Bitmap Heap Scan on sbtest6  (cost=5.44..393.74 rows=98 width=125)
	  Recheck Cond: ((k >= 7743810) AND (k <= 7743910))
	  ->  Bitmap Index Scan on k_6  (cost=0.00..5.42 rows=98 width=0)
	        Index Cond: ((k >= 7743810) AND (k <= 7743910))

table 7 : explain SELECT k, c FROM sbtest7 WHERE k BETWEEN 7743810 AND 7743910
	Bitmap Heap Scan on sbtest7  (cost=5.50..417.35 rows=104 width=125)
	  Recheck Cond: ((k >= 7743810) AND (k <= 7743910))
	  ->  Bitmap Index Scan on k_7  (cost=0.00..5.47 rows=104 width=0)
	        Index Cond: ((k >= 7743810) AND (k <= 7743910))

table 8 : explain SELECT k, c FROM sbtest8 WHERE k BETWEEN 7743810 AND 7743910
	Bitmap Heap Scan on sbtest8  (cost=5.48..409.54 rows=102 width=125)
	  Recheck Cond: ((k >= 7743810) AND (k <= 7743910))
	  ->  Bitmap Index Scan on k_8  (cost=0.00..5.45 rows=102 width=0)
	        Index Cond: ((k >= 7743810) AND (k <= 7743910))

explain: for range-notcovered :: explain SELECT k, c FROM sbtest%d WHERE k BETWEEN 8712676 AND 8712776
for range-notcovered
table 1 : explain SELECT k, c FROM sbtest1 WHERE k BETWEEN 6676821 AND 6676921
	Bitmap Heap Scan on sbtest1  (cost=5.44..393.80 rows=98 width=125)
	  Recheck Cond: ((k >= 6676821) AND (k <= 6676921))
	  ->  Bitmap Index Scan on k_1  (cost=0.00..5.42 rows=98 width=0)
	        Index Cond: ((k >= 6676821) AND (k <= 6676921))

table 2 : explain SELECT k, c FROM sbtest2 WHERE k BETWEEN 6676821 AND 6676921
	Bitmap Heap Scan on sbtest2  (cost=5.45..397.70 rows=99 width=125)
	  Recheck Cond: ((k >= 6676821) AND (k <= 6676921))
	  ->  Bitmap Index Scan on k_2  (cost=0.00..5.42 rows=99 width=0)
	        Index Cond: ((k >= 6676821) AND (k <= 6676921))

table 3 : explain SELECT k, c FROM sbtest3 WHERE k BETWEEN 6676821 AND 6676921
	Bitmap Heap Scan on sbtest3  (cost=5.50..417.37 rows=104 width=125)
	  Recheck Cond: ((k >= 6676821) AND (k <= 6676921))
	  ->  Bitmap Index Scan on k_3  (cost=0.00..5.47 rows=104 width=0)
	        Index Cond: ((k >= 6676821) AND (k <= 6676921))

table 4 : explain SELECT k, c FROM sbtest4 WHERE k BETWEEN 6676821 AND 6676921
	Bitmap Heap Scan on sbtest4  (cost=5.43..389.80 rows=97 width=125)
	  Recheck Cond: ((k >= 6676821) AND (k <= 6676921))
	  ->  Bitmap Index Scan on k_4  (cost=0.00..5.40 rows=97 width=0)
	        Index Cond: ((k >= 6676821) AND (k <= 6676921))

table 5 : explain SELECT k, c FROM sbtest5 WHERE k BETWEEN 6676821 AND 6676921
	Bitmap Heap Scan on sbtest5  (cost=5.42..385.86 rows=96 width=125)
	  Recheck Cond: ((k >= 6676821) AND (k <= 6676921))
	  ->  Bitmap Index Scan on k_5  (cost=0.00..5.39 rows=96 width=0)
	        Index Cond: ((k >= 6676821) AND (k <= 6676921))

table 6 : explain SELECT k, c FROM sbtest6 WHERE k BETWEEN 6676821 AND 6676921
	Bitmap Heap Scan on sbtest6  (cost=5.55..437.13 rows=109 width=125)
	  Recheck Cond: ((k >= 6676821) AND (k <= 6676921))
	  ->  Bitmap Index Scan on k_6  (cost=0.00..5.52 rows=109 width=0)
	        Index Cond: ((k >= 6676821) AND (k <= 6676921))

table 7 : explain SELECT k, c FROM sbtest7 WHERE k BETWEEN 6676821 AND 6676921
	Bitmap Heap Scan on sbtest7  (cost=5.38..370.00 rows=92 width=125)
	  Recheck Cond: ((k >= 6676821) AND (k <= 6676921))
	  ->  Bitmap Index Scan on k_7  (cost=0.00..5.35 rows=92 width=0)
	        Index Cond: ((k >= 6676821) AND (k <= 6676921))

table 8 : explain SELECT k, c FROM sbtest8 WHERE k BETWEEN 6676821 AND 6676921
	Bitmap Heap Scan on sbtest8  (cost=5.57..445.03 rows=111 width=125)
	  Recheck Cond: ((k >= 6676821) AND (k <= 6676921))
	  ->  Bitmap Index Scan on k_8  (cost=0.00..5.54 rows=111 width=0)
	        Index Cond: ((k >= 6676821) AND (k <= 6676921))

for range-notcovered
table 1 : explain SELECT k, c FROM sbtest1 WHERE k BETWEEN 6909611 AND 6909711
	Bitmap Heap Scan on sbtest1  (cost=5.46..401.69 rows=100 width=125)
	  Recheck Cond: ((k >= 6909611) AND (k <= 6909711))
	  ->  Bitmap Index Scan on k_1  (cost=0.00..5.43 rows=100 width=0)
	        Index Cond: ((k >= 6909611) AND (k <= 6909711))

table 2 : explain SELECT k, c FROM sbtest2 WHERE k BETWEEN 6909611 AND 6909711
	Bitmap Heap Scan on sbtest2  (cost=5.52..425.31 rows=106 width=125)
	  Recheck Cond: ((k >= 6909611) AND (k <= 6909711))
	  ->  Bitmap Index Scan on k_2  (cost=0.00..5.50 rows=106 width=0)
	        Index Cond: ((k >= 6909611) AND (k <= 6909711))

table 3 : explain SELECT k, c FROM sbtest3 WHERE k BETWEEN 6909611 AND 6909711
	Bitmap Heap Scan on sbtest3  (cost=5.57..444.96 rows=111 width=125)
	  Recheck Cond: ((k >= 6909611) AND (k <= 6909711))
	  ->  Bitmap Index Scan on k_3  (cost=0.00..5.54 rows=111 width=0)
	        Index Cond: ((k >= 6909611) AND (k <= 6909711))

table 4 : explain SELECT k, c FROM sbtest4 WHERE k BETWEEN 6909611 AND 6909711
	Bitmap Heap Scan on sbtest4  (cost=5.44..393.75 rows=98 width=125)
	  Recheck Cond: ((k >= 6909611) AND (k <= 6909711))
	  ->  Bitmap Index Scan on k_4  (cost=0.00..5.42 rows=98 width=0)
	        Index Cond: ((k >= 6909611) AND (k <= 6909711))

table 5 : explain SELECT k, c FROM sbtest5 WHERE k BETWEEN 6909611 AND 6909711
	Bitmap Heap Scan on sbtest5  (cost=5.42..385.86 rows=96 width=125)
	  Recheck Cond: ((k >= 6909611) AND (k <= 6909711))
	  ->  Bitmap Index Scan on k_5  (cost=0.00..5.39 rows=96 width=0)
	        Index Cond: ((k >= 6909611) AND (k <= 6909711))

table 6 : explain SELECT k, c FROM sbtest6 WHERE k BETWEEN 6909611 AND 6909711
	Bitmap Heap Scan on sbtest6  (cost=5.42..385.85 rows=96 width=125)
	  Recheck Cond: ((k >= 6909611) AND (k <= 6909711))
	  ->  Bitmap Index Scan on k_6  (cost=0.00..5.39 rows=96 width=0)
	        Index Cond: ((k >= 6909611) AND (k <= 6909711))

table 7 : explain SELECT k, c FROM sbtest7 WHERE k BETWEEN 6909611 AND 6909711
	Bitmap Heap Scan on sbtest7  (cost=5.47..405.52 rows=101 width=125)
	  Recheck Cond: ((k >= 6909611) AND (k <= 6909711))
	  ->  Bitmap Index Scan on k_7  (cost=0.00..5.44 rows=101 width=0)
	        Index Cond: ((k >= 6909611) AND (k <= 6909711))

table 8 : explain SELECT k, c FROM sbtest8 WHERE k BETWEEN 6909611 AND 6909711
	Bitmap Heap Scan on sbtest8  (cost=5.50..417.43 rows=104 width=125)
	  Recheck Cond: ((k >= 6909611) AND (k <= 6909711))
	  ->  Bitmap Index Scan on k_8  (cost=0.00..5.47 rows=104 width=0)
	        Index Cond: ((k >= 6909611) AND (k <= 6909711))

explain: for range-notcovered :: explain SELECT k, c FROM sbtest%d WHERE k BETWEEN 7743810 AND 7743910
for range-notcovered
table 1 : explain SELECT k, c FROM sbtest1 WHERE k BETWEEN 6491710 AND 6491810
	Bitmap Heap Scan on sbtest1  (cost=5.42..385.90 rows=96 width=125)
	  Recheck Cond: ((k >= 6491710) AND (k <= 6491810))
	  ->  Bitmap Index Scan on k_1  (cost=0.00..5.39 rows=96 width=0)
	        Index Cond: ((k >= 6491710) AND (k <= 6491810))

table 2 : explain SELECT k, c FROM sbtest2 WHERE k BETWEEN 6491710 AND 6491810
	Bitmap Heap Scan on sbtest2  (cost=5.58..448.96 rows=112 width=125)
	  Recheck Cond: ((k >= 6491710) AND (k <= 6491810))
	  ->  Bitmap Index Scan on k_2  (cost=0.00..5.55 rows=112 width=0)
	        Index Cond: ((k >= 6491710) AND (k <= 6491810))

table 3 : explain SELECT k, c FROM sbtest3 WHERE k BETWEEN 6491710 AND 6491810
	Bitmap Heap Scan on sbtest3  (cost=5.47..405.53 rows=101 width=125)
	  Recheck Cond: ((k >= 6491710) AND (k <= 6491810))
	  ->  Bitmap Index Scan on k_3  (cost=0.00..5.44 rows=101 width=0)
	        Index Cond: ((k >= 6491710) AND (k <= 6491810))

table 4 : explain SELECT k, c FROM sbtest4 WHERE k BETWEEN 6491710 AND 6491810
	Bitmap Heap Scan on sbtest4  (cost=5.46..401.64 rows=100 width=125)
	  Recheck Cond: ((k >= 6491710) AND (k <= 6491810))
	  ->  Bitmap Index Scan on k_4  (cost=0.00..5.43 rows=100 width=0)
	        Index Cond: ((k >= 6491710) AND (k <= 6491810))

table 5 : explain SELECT k, c FROM sbtest5 WHERE k BETWEEN 6491710 AND 6491810
	Bitmap Heap Scan on sbtest5  (cost=5.39..374.02 rows=93 width=125)
	  Recheck Cond: ((k >= 6491710) AND (k <= 6491810))
	  ->  Bitmap Index Scan on k_5  (cost=0.00..5.36 rows=93 width=0)
	        Index Cond: ((k >= 6491710) AND (k <= 6491810))

table 6 : explain SELECT k, c FROM sbtest6 WHERE k BETWEEN 6491710 AND 6491810
	Bitmap Heap Scan on sbtest6  (cost=5.43..389.80 rows=97 width=125)
	  Recheck Cond: ((k >= 6491710) AND (k <= 6491810))
	  ->  Bitmap Index Scan on k_6  (cost=0.00..5.40 rows=97 width=0)
	        Index Cond: ((k >= 6491710) AND (k <= 6491810))

table 7 : explain SELECT k, c FROM sbtest7 WHERE k BETWEEN 6491710 AND 6491810
	Bitmap Heap Scan on sbtest7  (cost=5.48..409.46 rows=102 width=125)
	  Recheck Cond: ((k >= 6491710) AND (k <= 6491810))
	  ->  Bitmap Index Scan on k_7  (cost=0.00..5.45 rows=102 width=0)
	        Index Cond: ((k >= 6491710) AND (k <= 6491810))

table 8 : explain SELECT k, c FROM sbtest8 WHERE k BETWEEN 6491710 AND 6491810
	Bitmap Heap Scan on sbtest8  (cost=5.50..417.43 rows=104 width=125)
	  Recheck Cond: ((k >= 6491710) AND (k <= 6491810))
	  ->  Bitmap Index Scan on k_8  (cost=0.00..5.47 rows=104 width=0)
	        Index Cond: ((k >= 6491710) AND (k <= 6491810))
for range-notcovered
table 1 : explain SELECT k, c FROM sbtest1 WHERE k BETWEEN 4250238 AND 4250338
	Bitmap Heap Scan on sbtest1  (cost=5.51..421.42 rows=105 width=125)
	  Recheck Cond: ((k >= 4250238) AND (k <= 4250338))
	  ->  Bitmap Index Scan on k_1  (cost=0.00..5.48 rows=105 width=0)
	        Index Cond: ((k >= 4250238) AND (k <= 4250338))

table 2 : explain SELECT k, c FROM sbtest2 WHERE k BETWEEN 4250238 AND 4250338
	Bitmap Heap Scan on sbtest2  (cost=5.45..397.70 rows=99 width=125)
	  Recheck Cond: ((k >= 4250238) AND (k <= 4250338))
	  ->  Bitmap Index Scan on k_2  (cost=0.00..5.42 rows=99 width=0)
	        Index Cond: ((k >= 4250238) AND (k <= 4250338))

table 3 : explain SELECT k, c FROM sbtest3 WHERE k BETWEEN 4250238 AND 4250338
	Bitmap Heap Scan on sbtest3  (cost=5.57..444.96 rows=111 width=125)
	  Recheck Cond: ((k >= 4250238) AND (k <= 4250338))
	  ->  Bitmap Index Scan on k_3  (cost=0.00..5.54 rows=111 width=0)
	        Index Cond: ((k >= 4250238) AND (k <= 4250338))

table 4 : explain SELECT k, c FROM sbtest4 WHERE k BETWEEN 4250238 AND 4250338
	Bitmap Heap Scan on sbtest4  (cost=5.57..445.02 rows=111 width=125)
	  Recheck Cond: ((k >= 4250238) AND (k <= 4250338))
	  ->  Bitmap Index Scan on k_4  (cost=0.00..5.54 rows=111 width=0)
	        Index Cond: ((k >= 4250238) AND (k <= 4250338))

table 5 : explain SELECT k, c FROM sbtest5 WHERE k BETWEEN 4250238 AND 4250338
	Bitmap Heap Scan on sbtest5  (cost=5.53..429.26 rows=107 width=125)
	  Recheck Cond: ((k >= 4250238) AND (k <= 4250338))
	  ->  Bitmap Index Scan on k_5  (cost=0.00..5.50 rows=107 width=0)
	        Index Cond: ((k >= 4250238) AND (k <= 4250338))

table 6 : explain SELECT k, c FROM sbtest6 WHERE k BETWEEN 4250238 AND 4250338
	Bitmap Heap Scan on sbtest6  (cost=5.42..385.85 rows=96 width=125)
	  Recheck Cond: ((k >= 4250238) AND (k <= 4250338))
	  ->  Bitmap Index Scan on k_6  (cost=0.00..5.39 rows=96 width=0)
	        Index Cond: ((k >= 4250238) AND (k <= 4250338))

table 7 : explain SELECT k, c FROM sbtest7 WHERE k BETWEEN 4250238 AND 4250338
	Bitmap Heap Scan on sbtest7  (cost=5.47..405.52 rows=101 width=125)
	  Recheck Cond: ((k >= 4250238) AND (k <= 4250338))
	  ->  Bitmap Index Scan on k_7  (cost=0.00..5.44 rows=101 width=0)
	        Index Cond: ((k >= 4250238) AND (k <= 4250338))

table 8 : explain SELECT k, c FROM sbtest8 WHERE k BETWEEN 4250238 AND 4250338
	Bitmap Heap Scan on sbtest8  (cost=5.53..429.26 rows=107 width=125)
	  Recheck Cond: ((k >= 4250238) AND (k <= 4250338))
	  ->  Bitmap Index Scan on k_8  (cost=0.00..5.50 rows=107 width=0)
	        Index Cond: ((k >= 4250238) AND (k <= 4250338))
for range-notcovered
table 1 : explain SELECT k, c FROM sbtest1 WHERE k BETWEEN 2327787 AND 2327887
	Bitmap Heap Scan on sbtest1  (cost=5.37..366.16 rows=91 width=125)
	  Recheck Cond: ((k >= 2327787) AND (k <= 2327887))
	  ->  Bitmap Index Scan on k_1  (cost=0.00..5.34 rows=91 width=0)
	        Index Cond: ((k >= 2327787) AND (k <= 2327887))

table 2 : explain SELECT k, c FROM sbtest2 WHERE k BETWEEN 2327787 AND 2327887
	Bitmap Heap Scan on sbtest2  (cost=5.44..393.75 rows=98 width=125)
	  Recheck Cond: ((k >= 2327787) AND (k <= 2327887))
	  ->  Bitmap Index Scan on k_2  (cost=0.00..5.42 rows=98 width=0)
	        Index Cond: ((k >= 2327787) AND (k <= 2327887))

table 3 : explain SELECT k, c FROM sbtest3 WHERE k BETWEEN 2327787 AND 2327887
	Bitmap Heap Scan on sbtest3  (cost=5.57..444.96 rows=111 width=125)
	  Recheck Cond: ((k >= 2327787) AND (k <= 2327887))
	  ->  Bitmap Index Scan on k_3  (cost=0.00..5.54 rows=111 width=0)
	        Index Cond: ((k >= 2327787) AND (k <= 2327887))

table 4 : explain SELECT k, c FROM sbtest4 WHERE k BETWEEN 2327787 AND 2327887
	Bitmap Heap Scan on sbtest4  (cost=5.58..448.96 rows=112 width=125)
	  Recheck Cond: ((k >= 2327787) AND (k <= 2327887))
	  ->  Bitmap Index Scan on k_4  (cost=0.00..5.55 rows=112 width=0)
	        Index Cond: ((k >= 2327787) AND (k <= 2327887))

table 5 : explain SELECT k, c FROM sbtest5 WHERE k BETWEEN 2327787 AND 2327887
	Bitmap Heap Scan on sbtest5  (cost=5.52..425.32 rows=106 width=125)
	  Recheck Cond: ((k >= 2327787) AND (k <= 2327887))
	  ->  Bitmap Index Scan on k_5  (cost=0.00..5.50 rows=106 width=0)
	        Index Cond: ((k >= 2327787) AND (k <= 2327887))

table 6 : explain SELECT k, c FROM sbtest6 WHERE k BETWEEN 2327787 AND 2327887
	Bitmap Heap Scan on sbtest6  (cost=5.38..370.06 rows=92 width=125)
	  Recheck Cond: ((k >= 2327787) AND (k <= 2327887))
	  ->  Bitmap Index Scan on k_6  (cost=0.00..5.35 rows=92 width=0)
	        Index Cond: ((k >= 2327787) AND (k <= 2327887))

table 7 : explain SELECT k, c FROM sbtest7 WHERE k BETWEEN 2327787 AND 2327887
	Bitmap Heap Scan on sbtest7  (cost=5.45..397.63 rows=99 width=125)
	  Recheck Cond: ((k >= 2327787) AND (k <= 2327887))
	  ->  Bitmap Index Scan on k_7  (cost=0.00..5.42 rows=99 width=0)
	        Index Cond: ((k >= 2327787) AND (k <= 2327887))

table 8 : explain SELECT k, c FROM sbtest8 WHERE k BETWEEN 2327787 AND 2327887
	Bitmap Heap Scan on sbtest8  (cost=5.55..437.14 rows=109 width=125)
	  Recheck Cond: ((k >= 2327787) AND (k <= 2327887))
	  ->  Bitmap Index Scan on k_8  (cost=0.00..5.52 rows=109 width=0)
	        Index Cond: ((k >= 2327787) AND (k <= 2327887))


for range-notcovered
table 1 : explain SELECT k, c FROM sbtest1 WHERE k BETWEEN 7179680 AND 7179780
	Bitmap Heap Scan on sbtest1  (cost=5.38..370.11 rows=92 width=125)
	  Recheck Cond: ((k >= 7179680) AND (k <= 7179780))
	  ->  Bitmap Index Scan on k_1  (cost=0.00..5.35 rows=92 width=0)
	        Index Cond: ((k >= 7179680) AND (k <= 7179780))

table 2 : explain SELECT k, c FROM sbtest2 WHERE k BETWEEN 7179680 AND 7179780
	Bitmap Heap Scan on sbtest2  (cost=5.48..409.53 rows=102 width=125)
	  Recheck Cond: ((k >= 7179680) AND (k <= 7179780))
	  ->  Bitmap Index Scan on k_2  (cost=0.00..5.45 rows=102 width=0)
	        Index Cond: ((k >= 7179680) AND (k <= 7179780))

table 3 : explain SELECT k, c FROM sbtest3 WHERE k BETWEEN 7179680 AND 7179780
	Bitmap Heap Scan on sbtest3  (cost=5.47..405.53 rows=101 width=125)
	  Recheck Cond: ((k >= 7179680) AND (k <= 7179780))
	  ->  Bitmap Index Scan on k_3  (cost=0.00..5.44 rows=101 width=0)
	        Index Cond: ((k >= 7179680) AND (k <= 7179780))

table 4 : explain SELECT k, c FROM sbtest4 WHERE k BETWEEN 7179680 AND 7179780
	Bitmap Heap Scan on sbtest4  (cost=5.53..429.25 rows=107 width=125)
	  Recheck Cond: ((k >= 7179680) AND (k <= 7179780))
	  ->  Bitmap Index Scan on k_4  (cost=0.00..5.50 rows=107 width=0)
	        Index Cond: ((k >= 7179680) AND (k <= 7179780))

table 5 : explain SELECT k, c FROM sbtest5 WHERE k BETWEEN 7179680 AND 7179780
	Bitmap Heap Scan on sbtest5  (cost=5.43..389.81 rows=97 width=125)
	  Recheck Cond: ((k >= 7179680) AND (k <= 7179780))
	  ->  Bitmap Index Scan on k_5  (cost=0.00..5.40 rows=97 width=0)
	        Index Cond: ((k >= 7179680) AND (k <= 7179780))

table 6 : explain SELECT k, c FROM sbtest6 WHERE k BETWEEN 7179680 AND 7179780
	Bitmap Heap Scan on sbtest6  (cost=5.45..397.69 rows=99 width=125)
	  Recheck Cond: ((k >= 7179680) AND (k <= 7179780))
	  ->  Bitmap Index Scan on k_6  (cost=0.00..5.42 rows=99 width=0)
	        Index Cond: ((k >= 7179680) AND (k <= 7179780))

table 7 : explain SELECT k, c FROM sbtest7 WHERE k BETWEEN 7179680 AND 7179780
	Bitmap Heap Scan on sbtest7  (cost=5.43..389.74 rows=97 width=125)
	  Recheck Cond: ((k >= 7179680) AND (k <= 7179780))
	  ->  Bitmap Index Scan on k_7  (cost=0.00..5.40 rows=97 width=0)
	        Index Cond: ((k >= 7179680) AND (k <= 7179780))

table 8 : explain SELECT k, c FROM sbtest8 WHERE k BETWEEN 7179680 AND 7179780
	Bitmap Heap Scan on sbtest8  (cost=5.50..417.43 rows=104 width=125)
	  Recheck Cond: ((k >= 7179680) AND (k <= 7179780))
	  ->  Bitmap Index Scan on k_8  (cost=0.00..5.47 rows=104 width=0)
	        Index Cond: ((k >= 7179680) AND (k <= 7179780))


for range-notcovered
table 1 : explain SELECT k, c FROM sbtest1 WHERE k BETWEEN 6262062 AND 6262162
	Bitmap Heap Scan on sbtest1  (cost=5.36..362.21 rows=90 width=125)
	  Recheck Cond: ((k >= 6262062) AND (k <= 6262162))
	  ->  Bitmap Index Scan on k_1  (cost=0.00..5.33 rows=90 width=0)
	        Index Cond: ((k >= 6262062) AND (k <= 6262162))

table 2 : explain SELECT k, c FROM sbtest2 WHERE k BETWEEN 6262062 AND 6262162
	Bitmap Heap Scan on sbtest2  (cost=5.44..393.75 rows=98 width=125)
	  Recheck Cond: ((k >= 6262062) AND (k <= 6262162))
	  ->  Bitmap Index Scan on k_2  (cost=0.00..5.42 rows=98 width=0)
	        Index Cond: ((k >= 6262062) AND (k <= 6262162))

table 3 : explain SELECT k, c FROM sbtest3 WHERE k BETWEEN 6262062 AND 6262162
	Bitmap Heap Scan on sbtest3  (cost=5.49..413.42 rows=103 width=125)
	  Recheck Cond: ((k >= 6262062) AND (k <= 6262162))
	  ->  Bitmap Index Scan on k_3  (cost=0.00..5.46 rows=103 width=0)
	        Index Cond: ((k >= 6262062) AND (k <= 6262162))

table 4 : explain SELECT k, c FROM sbtest4 WHERE k BETWEEN 6262062 AND 6262162
	Bitmap Heap Scan on sbtest4  (cost=5.49..413.48 rows=103 width=125)
	  Recheck Cond: ((k >= 6262062) AND (k <= 6262162))
	  ->  Bitmap Index Scan on k_4  (cost=0.00..5.46 rows=103 width=0)
	        Index Cond: ((k >= 6262062) AND (k <= 6262162))

table 5 : explain SELECT k, c FROM sbtest5 WHERE k BETWEEN 6262062 AND 6262162
	Bitmap Heap Scan on sbtest5  (cost=5.51..421.37 rows=105 width=125)
	  Recheck Cond: ((k >= 6262062) AND (k <= 6262162))
	  ->  Bitmap Index Scan on k_5  (cost=0.00..5.48 rows=105 width=0)
	        Index Cond: ((k >= 6262062) AND (k <= 6262162))

table 6 : explain SELECT k, c FROM sbtest6 WHERE k BETWEEN 6262062 AND 6262162
	Bitmap Heap Scan on sbtest6  (cost=5.53..429.24 rows=107 width=125)
	  Recheck Cond: ((k >= 6262062) AND (k <= 6262162))
	  ->  Bitmap Index Scan on k_6  (cost=0.00..5.50 rows=107 width=0)
	        Index Cond: ((k >= 6262062) AND (k <= 6262162))

table 7 : explain SELECT k, c FROM sbtest7 WHERE k BETWEEN 6262062 AND 6262162
	Bitmap Heap Scan on sbtest7  (cost=5.52..425.23 rows=106 width=125)
	  Recheck Cond: ((k >= 6262062) AND (k <= 6262162))
	  ->  Bitmap Index Scan on k_7  (cost=0.00..5.50 rows=106 width=0)
	        Index Cond: ((k >= 6262062) AND (k <= 6262162))

table 8 : explain SELECT k, c FROM sbtest8 WHERE k BETWEEN 6262062 AND 6262162
	Bitmap Heap Scan on sbtest8  (cost=5.56..441.09 rows=110 width=125)
	  Recheck Cond: ((k >= 6262062) AND (k <= 6262162))
	  ->  Bitmap Index Scan on k_8  (cost=0.00..5.53 rows=110 width=0)
	        Index Cond: ((k >= 6262062) AND (k <= 6262162))

explain: for range-notcovered :: explain SELECT k, c FROM sbtest%d WHERE k BETWEEN 6676821 AND 6676921
explain: for range-notcovered :: explain SELECT k, c FROM sbtest%d WHERE k BETWEEN 6491710 AND 6491810
explain: for range-notcovered :: explain SELECT k, c FROM sbtest%d WHERE k BETWEEN 6909611 AND 6909711
explain: for range-notcovered :: explain SELECT k, c FROM sbtest%d WHERE k BETWEEN 4873456 AND 4873556
explain: for range-notcovered :: explain SELECT k, c FROM sbtest%d WHERE k BETWEEN 4250238 AND 4250338
explain: for range-notcovered :: explain SELECT k, c FROM sbtest%d WHERE k BETWEEN 6262062 AND 6262162
explain: for range-notcovered :: explain SELECT k, c FROM sbtest%d WHERE k BETWEEN 8510416 AND 8510516
explain: for range-notcovered :: explain SELECT k, c FROM sbtest%d WHERE k BETWEEN 7179680 AND 7179780
explain: for range-notcovered :: explain SELECT k, c FROM sbtest%d WHERE k BETWEEN 2327787 AND 2327887
for range-notcovered
table 1 : explain SELECT k, c FROM sbtest1 WHERE k BETWEEN 7216687 AND 7216787
	Bitmap Heap Scan on sbtest1  (cost=5.49..413.53 rows=103 width=125)
	  Recheck Cond: ((k >= 7216687) AND (k <= 7216787))
	  ->  Bitmap Index Scan on k_1  (cost=0.00..5.46 rows=103 width=0)
	        Index Cond: ((k >= 7216687) AND (k <= 7216787))

table 2 : explain SELECT k, c FROM sbtest2 WHERE k BETWEEN 7216687 AND 7216787
	Bitmap Heap Scan on sbtest2  (cost=5.41..381.91 rows=95 width=125)
	  Recheck Cond: ((k >= 7216687) AND (k <= 7216787))
	  ->  Bitmap Index Scan on k_2  (cost=0.00..5.38 rows=95 width=0)
	        Index Cond: ((k >= 7216687) AND (k <= 7216787))

table 3 : explain SELECT k, c FROM sbtest3 WHERE k BETWEEN 7216687 AND 7216787
	Bitmap Heap Scan on sbtest3  (cost=5.47..405.53 rows=101 width=125)
	  Recheck Cond: ((k >= 7216687) AND (k <= 7216787))
	  ->  Bitmap Index Scan on k_3  (cost=0.00..5.44 rows=101 width=0)
	        Index Cond: ((k >= 7216687) AND (k <= 7216787))

table 4 : explain SELECT k, c FROM sbtest4 WHERE k BETWEEN 7216687 AND 7216787
	Bitmap Heap Scan on sbtest4  (cost=5.53..429.25 rows=107 width=125)
	  Recheck Cond: ((k >= 7216687) AND (k <= 7216787))
	  ->  Bitmap Index Scan on k_4  (cost=0.00..5.50 rows=107 width=0)
	        Index Cond: ((k >= 7216687) AND (k <= 7216787))

table 5 : explain SELECT k, c FROM sbtest5 WHERE k BETWEEN 7216687 AND 7216787
	Bitmap Heap Scan on sbtest5  (cost=5.48..409.54 rows=102 width=125)
	  Recheck Cond: ((k >= 7216687) AND (k <= 7216787))
	  ->  Bitmap Index Scan on k_5  (cost=0.00..5.45 rows=102 width=0)
	        Index Cond: ((k >= 7216687) AND (k <= 7216787))

table 6 : explain SELECT k, c FROM sbtest6 WHERE k BETWEEN 7216687 AND 7216787
	Bitmap Heap Scan on sbtest6  (cost=5.45..397.69 rows=99 width=125)
	  Recheck Cond: ((k >= 7216687) AND (k <= 7216787))
	  ->  Bitmap Index Scan on k_6  (cost=0.00..5.42 rows=99 width=0)
	        Index Cond: ((k >= 7216687) AND (k <= 7216787))

table 7 : explain SELECT k, c FROM sbtest7 WHERE k BETWEEN 7216687 AND 7216787
	Bitmap Heap Scan on sbtest7  (cost=5.51..421.29 rows=105 width=125)
	  Recheck Cond: ((k >= 7216687) AND (k <= 7216787))
	  ->  Bitmap Index Scan on k_7  (cost=0.00..5.48 rows=105 width=0)
	        Index Cond: ((k >= 7216687) AND (k <= 7216787))

table 8 : explain SELECT k, c FROM sbtest8 WHERE k BETWEEN 7216687 AND 7216787
	Bitmap Heap Scan on sbtest8  (cost=5.56..441.09 rows=110 width=125)
	  Recheck Cond: ((k >= 7216687) AND (k <= 7216787))
	  ->  Bitmap Index Scan on k_8  (cost=0.00..5.53 rows=110 width=0)
	        Index Cond: ((k >= 7216687) AND (k <= 7216787))

for range-notcovered
table 1 : explain SELECT k, c FROM sbtest1 WHERE k BETWEEN 6927879 AND 6927979
	Bitmap Heap Scan on sbtest1  (cost=5.46..401.69 rows=100 width=125)
	  Recheck Cond: ((k >= 6927879) AND (k <= 6927979))
	  ->  Bitmap Index Scan on k_1  (cost=0.00..5.43 rows=100 width=0)
	        Index Cond: ((k >= 6927879) AND (k <= 6927979))

table 2 : explain SELECT k, c FROM sbtest2 WHERE k BETWEEN 6927879 AND 6927979
	Bitmap Heap Scan on sbtest2  (cost=5.52..425.31 rows=106 width=125)
	  Recheck Cond: ((k >= 6927879) AND (k <= 6927979))
	  ->  Bitmap Index Scan on k_2  (cost=0.00..5.50 rows=106 width=0)
	        Index Cond: ((k >= 6927879) AND (k <= 6927979))

table 3 : explain SELECT k, c FROM sbtest3 WHERE k BETWEEN 6927879 AND 6927979
	Bitmap Heap Scan on sbtest3  (cost=5.57..444.96 rows=111 width=125)
	  Recheck Cond: ((k >= 6927879) AND (k <= 6927979))
	  ->  Bitmap Index Scan on k_3  (cost=0.00..5.54 rows=111 width=0)
	        Index Cond: ((k >= 6927879) AND (k <= 6927979))

table 4 : explain SELECT k, c FROM sbtest4 WHERE k BETWEEN 6927879 AND 6927979
	Bitmap Heap Scan on sbtest4  (cost=5.44..393.75 rows=98 width=125)
	  Recheck Cond: ((k >= 6927879) AND (k <= 6927979))
	  ->  Bitmap Index Scan on k_4  (cost=0.00..5.42 rows=98 width=0)
	        Index Cond: ((k >= 6927879) AND (k <= 6927979))

table 5 : explain SELECT k, c FROM sbtest5 WHERE k BETWEEN 6927879 AND 6927979
	Bitmap Heap Scan on sbtest5  (cost=5.56..441.09 rows=110 width=125)
	  Recheck Cond: ((k >= 6927879) AND (k <= 6927979))
	  ->  Bitmap Index Scan on k_5  (cost=0.00..5.53 rows=110 width=0)
	        Index Cond: ((k >= 6927879) AND (k <= 6927979))

table 6 : explain SELECT k, c FROM sbtest6 WHERE k BETWEEN 6927879 AND 6927979
	Bitmap Heap Scan on sbtest6  (cost=5.42..385.85 rows=96 width=125)
	  Recheck Cond: ((k >= 6927879) AND (k <= 6927979))
	  ->  Bitmap Index Scan on k_6  (cost=0.00..5.39 rows=96 width=0)
	        Index Cond: ((k >= 6927879) AND (k <= 6927979))

table 7 : explain SELECT k, c FROM sbtest7 WHERE k BETWEEN 6927879 AND 6927979
	Bitmap Heap Scan on sbtest7  (cost=5.47..405.52 rows=101 width=125)
	  Recheck Cond: ((k >= 6927879) AND (k <= 6927979))
	  ->  Bitmap Index Scan on k_7  (cost=0.00..5.44 rows=101 width=0)
	        Index Cond: ((k >= 6927879) AND (k <= 6927979))

table 8 : explain SELECT k, c FROM sbtest8 WHERE k BETWEEN 6927879 AND 6927979
	Bitmap Heap Scan on sbtest8  (cost=5.50..417.43 rows=104 width=125)
	  Recheck Cond: ((k >= 6927879) AND (k <= 6927979))
	  ->  Bitmap Index Scan on k_8  (cost=0.00..5.47 rows=104 width=0)
	        Index Cond: ((k >= 6927879) AND (k <= 6927979))

for range-notcovered
table 1 : explain SELECT k, c FROM sbtest1 WHERE k BETWEEN 3680246 AND 3680346
	Bitmap Heap Scan on sbtest1  (cost=5.47..405.64 rows=101 width=125)
	  Recheck Cond: ((k >= 3680246) AND (k <= 3680346))
	  ->  Bitmap Index Scan on k_1  (cost=0.00..5.44 rows=101 width=0)
	        Index Cond: ((k >= 3680246) AND (k <= 3680346))

table 2 : explain SELECT k, c FROM sbtest2 WHERE k BETWEEN 3680246 AND 3680346
	Bitmap Heap Scan on sbtest2  (cost=5.48..409.53 rows=102 width=125)
	  Recheck Cond: ((k >= 3680246) AND (k <= 3680346))
	  ->  Bitmap Index Scan on k_2  (cost=0.00..5.45 rows=102 width=0)
	        Index Cond: ((k >= 3680246) AND (k <= 3680346))

table 3 : explain SELECT k, c FROM sbtest3 WHERE k BETWEEN 3680246 AND 3680346
	Bitmap Heap Scan on sbtest3  (cost=5.43..389.75 rows=97 width=125)
	  Recheck Cond: ((k >= 3680246) AND (k <= 3680346))
	  ->  Bitmap Index Scan on k_3  (cost=0.00..5.40 rows=97 width=0)
	        Index Cond: ((k >= 3680246) AND (k <= 3680346))

table 4 : explain SELECT k, c FROM sbtest4 WHERE k BETWEEN 3680246 AND 3680346
	Bitmap Heap Scan on sbtest4  (cost=5.48..409.53 rows=102 width=125)
	  Recheck Cond: ((k >= 3680246) AND (k <= 3680346))
	  ->  Bitmap Index Scan on k_4  (cost=0.00..5.45 rows=102 width=0)
	        Index Cond: ((k >= 3680246) AND (k <= 3680346))

table 5 : explain SELECT k, c FROM sbtest5 WHERE k BETWEEN 3680246 AND 3680346
	Bitmap Heap Scan on sbtest5  (cost=5.46..401.65 rows=100 width=125)
	  Recheck Cond: ((k >= 3680246) AND (k <= 3680346))
	  ->  Bitmap Index Scan on k_5  (cost=0.00..5.43 rows=100 width=0)
	        Index Cond: ((k >= 3680246) AND (k <= 3680346))

table 6 : explain SELECT k, c FROM sbtest6 WHERE k BETWEEN 3680246 AND 3680346
	Bitmap Heap Scan on sbtest6  (cost=5.41..381.90 rows=95 width=125)
	  Recheck Cond: ((k >= 3680246) AND (k <= 3680346))
	  ->  Bitmap Index Scan on k_6  (cost=0.00..5.38 rows=95 width=0)
	        Index Cond: ((k >= 3680246) AND (k <= 3680346))

table 7 : explain SELECT k, c FROM sbtest7 WHERE k BETWEEN 3680246 AND 3680346
	Bitmap Heap Scan on sbtest7  (cost=5.46..401.57 rows=100 width=125)
	  Recheck Cond: ((k >= 3680246) AND (k <= 3680346))
	  ->  Bitmap Index Scan on k_7  (cost=0.00..5.43 rows=100 width=0)
	        Index Cond: ((k >= 3680246) AND (k <= 3680346))

table 8 : explain SELECT k, c FROM sbtest8 WHERE k BETWEEN 3680246 AND 3680346
	Bitmap Heap Scan on sbtest8  (cost=5.41..381.92 rows=95 width=125)
	  Recheck Cond: ((k >= 3680246) AND (k <= 3680346))
	  ->  Bitmap Index Scan on k_8  (cost=0.00..5.38 rows=95 width=0)
	        Index Cond: ((k >= 3680246) AND (k <= 3680346))

for range-notcovered
table 1 : explain SELECT k, c FROM sbtest1 WHERE k BETWEEN 5443553 AND 5443653
	Bitmap Heap Scan on sbtest1  (cost=5.48..409.58 rows=102 width=125)
	  Recheck Cond: ((k >= 5443553) AND (k <= 5443653))
	  ->  Bitmap Index Scan on k_1  (cost=0.00..5.45 rows=102 width=0)
	        Index Cond: ((k >= 5443553) AND (k <= 5443653))

table 2 : explain SELECT k, c FROM sbtest2 WHERE k BETWEEN 5443553 AND 5443653
	Bitmap Heap Scan on sbtest2  (cost=5.39..374.01 rows=93 width=125)
	  Recheck Cond: ((k >= 5443553) AND (k <= 5443653))
	  ->  Bitmap Index Scan on k_2  (cost=0.00..5.36 rows=93 width=0)
	        Index Cond: ((k >= 5443553) AND (k <= 5443653))

table 3 : explain SELECT k, c FROM sbtest3 WHERE k BETWEEN 5443553 AND 5443653
	Bitmap Heap Scan on sbtest3  (cost=5.58..448.90 rows=112 width=125)
	  Recheck Cond: ((k >= 5443553) AND (k <= 5443653))
	  ->  Bitmap Index Scan on k_3  (cost=0.00..5.55 rows=112 width=0)
	        Index Cond: ((k >= 5443553) AND (k <= 5443653))

table 4 : explain SELECT k, c FROM sbtest4 WHERE k BETWEEN 5443553 AND 5443653
	Bitmap Heap Scan on sbtest4  (cost=5.52..425.31 rows=106 width=125)
	  Recheck Cond: ((k >= 5443553) AND (k <= 5443653))
	  ->  Bitmap Index Scan on k_4  (cost=0.00..5.50 rows=106 width=0)
	        Index Cond: ((k >= 5443553) AND (k <= 5443653))

table 5 : explain SELECT k, c FROM sbtest5 WHERE k BETWEEN 5443553 AND 5443653
	Bitmap Heap Scan on sbtest5  (cost=5.54..433.20 rows=108 width=125)
	  Recheck Cond: ((k >= 5443553) AND (k <= 5443653))
	  ->  Bitmap Index Scan on k_5  (cost=0.00..5.51 rows=108 width=0)
	        Index Cond: ((k >= 5443553) AND (k <= 5443653))

table 6 : explain SELECT k, c FROM sbtest6 WHERE k BETWEEN 5443553 AND 5443653
	Bitmap Heap Scan on sbtest6  (cost=5.57..445.01 rows=111 width=125)
	  Recheck Cond: ((k >= 5443553) AND (k <= 5443653))
	  ->  Bitmap Index Scan on k_6  (cost=0.00..5.54 rows=111 width=0)
	        Index Cond: ((k >= 5443553) AND (k <= 5443653))

table 7 : explain SELECT k, c FROM sbtest7 WHERE k BETWEEN 5443553 AND 5443653
	Bitmap Heap Scan on sbtest7  (cost=5.46..401.57 rows=100 width=125)
	  Recheck Cond: ((k >= 5443553) AND (k <= 5443653))
	  ->  Bitmap Index Scan on k_7  (cost=0.00..5.43 rows=100 width=0)
	        Index Cond: ((k >= 5443553) AND (k <= 5443653))

table 8 : explain SELECT k, c FROM sbtest8 WHERE k BETWEEN 5443553 AND 5443653
	Bitmap Heap Scan on sbtest8  (cost=5.46..401.65 rows=100 width=125)
	  Recheck Cond: ((k >= 5443553) AND (k <= 5443653))
	  ->  Bitmap Index Scan on k_8  (cost=0.00..5.43 rows=100 width=0)
	        Index Cond: ((k >= 5443553) AND (k <= 5443653))

explain: for range-notcovered :: explain SELECT k, c FROM sbtest%d WHERE k BETWEEN 7216687 AND 7216787
explain: for range-notcovered :: explain SELECT k, c FROM sbtest%d WHERE k BETWEEN 6927879 AND 6927979
explain: for range-notcovered :: explain SELECT k, c FROM sbtest%d WHERE k BETWEEN 3680246 AND 3680346explain: for range-notcovered :: explain SELECT k, c FROM sbtest%d WHERE k BETWEEN 5330250 AND 5330350

explain: for range-notcovered :: explain SELECT k, c FROM sbtest%d WHERE k BETWEEN 5443553 AND 5443653
explain: for range-notcovered :: explain SELECT k, c FROM sbtest%d WHERE k BETWEEN 2646947 AND 2647047
for range-notcovered
table 1 : explain SELECT k, c FROM sbtest1 WHERE k BETWEEN 1736814 AND 1736914
	Bitmap Heap Scan on sbtest1  (cost=5.50..417.47 rows=104 width=125)
	  Recheck Cond: ((k >= 1736814) AND (k <= 1736914))
	  ->  Bitmap Index Scan on k_1  (cost=0.00..5.47 rows=104 width=0)
	        Index Cond: ((k >= 1736814) AND (k <= 1736914))

table 2 : explain SELECT k, c FROM sbtest2 WHERE k BETWEEN 1736814 AND 1736914
	Bitmap Heap Scan on sbtest2  (cost=5.48..409.53 rows=102 width=125)
	  Recheck Cond: ((k >= 1736814) AND (k <= 1736914))
	  ->  Bitmap Index Scan on k_2  (cost=0.00..5.45 rows=102 width=0)
	        Index Cond: ((k >= 1736814) AND (k <= 1736914))

table 3 : explain SELECT k, c FROM sbtest3 WHERE k BETWEEN 1736814 AND 1736914
	Bitmap Heap Scan on sbtest3  (cost=5.59..452.84 rows=113 width=125)
	  Recheck Cond: ((k >= 1736814) AND (k <= 1736914))
	  ->  Bitmap Index Scan on k_3  (cost=0.00..5.56 rows=113 width=0)
	        Index Cond: ((k >= 1736814) AND (k <= 1736914))

table 4 : explain SELECT k, c FROM sbtest4 WHERE k BETWEEN 1736814 AND 1736914
	Bitmap Heap Scan on sbtest4  (cost=5.50..417.42 rows=104 width=125)
	  Recheck Cond: ((k >= 1736814) AND (k <= 1736914))
	  ->  Bitmap Index Scan on k_4  (cost=0.00..5.47 rows=104 width=0)
	        Index Cond: ((k >= 1736814) AND (k <= 1736914))

table 5 : explain SELECT k, c FROM sbtest5 WHERE k BETWEEN 1736814 AND 1736914
	Bitmap Heap Scan on sbtest5  (cost=5.59..452.91 rows=113 width=125)
	  Recheck Cond: ((k >= 1736814) AND (k <= 1736914))
	  ->  Bitmap Index Scan on k_5  (cost=0.00..5.56 rows=113 width=0)
	        Index Cond: ((k >= 1736814) AND (k <= 1736914))

table 6 : explain SELECT k, c FROM sbtest6 WHERE k BETWEEN 1736814 AND 1736914
	Bitmap Heap Scan on sbtest6  (cost=5.49..413.47 rows=103 width=125)
	  Recheck Cond: ((k >= 1736814) AND (k <= 1736914))
	  ->  Bitmap Index Scan on k_6  (cost=0.00..5.46 rows=103 width=0)
	        Index Cond: ((k >= 1736814) AND (k <= 1736914))

table 7 : explain SELECT k, c FROM sbtest7 WHERE k BETWEEN 1736814 AND 1736914
	Bitmap Heap Scan on sbtest7  (cost=5.41..381.85 rows=95 width=125)
	  Recheck Cond: ((k >= 1736814) AND (k <= 1736914))
	  ->  Bitmap Index Scan on k_7  (cost=0.00..5.38 rows=95 width=0)
	        Index Cond: ((k >= 1736814) AND (k <= 1736914))

table 8 : explain SELECT k, c FROM sbtest8 WHERE k BETWEEN 1736814 AND 1736914
	Bitmap Heap Scan on sbtest8  (cost=5.46..401.65 rows=100 width=125)
	  Recheck Cond: ((k >= 1736814) AND (k <= 1736914))
	  ->  Bitmap Index Scan on k_8  (cost=0.00..5.43 rows=100 width=0)
	        Index Cond: ((k >= 1736814) AND (k <= 1736914))

for range-notcovered
table 1 : explain SELECT k, c FROM sbtest1 WHERE k BETWEEN 5503157 AND 5503257
	Bitmap Heap Scan on sbtest1  (cost=5.49..413.53 rows=103 width=125)
	  Recheck Cond: ((k >= 5503157) AND (k <= 5503257))
	  ->  Bitmap Index Scan on k_1  (cost=0.00..5.46 rows=103 width=0)
	        Index Cond: ((k >= 5503157) AND (k <= 5503257))

table 2 : explain SELECT k, c FROM sbtest2 WHERE k BETWEEN 5503157 AND 5503257
	Bitmap Heap Scan on sbtest2  (cost=5.56..441.08 rows=110 width=125)
	  Recheck Cond: ((k >= 5503157) AND (k <= 5503257))
	  ->  Bitmap Index Scan on k_2  (cost=0.00..5.53 rows=110 width=0)
	        Index Cond: ((k >= 5503157) AND (k <= 5503257))

table 3 : explain SELECT k, c FROM sbtest3 WHERE k BETWEEN 5503157 AND 5503257
	Bitmap Heap Scan on sbtest3  (cost=5.41..381.86 rows=95 width=125)
	  Recheck Cond: ((k >= 5503157) AND (k <= 5503257))
	  ->  Bitmap Index Scan on k_3  (cost=0.00..5.38 rows=95 width=0)
	        Index Cond: ((k >= 5503157) AND (k <= 5503257))

table 4 : explain SELECT k, c FROM sbtest4 WHERE k BETWEEN 5503157 AND 5503257
	Bitmap Heap Scan on sbtest4  (cost=5.41..381.91 rows=95 width=125)
	  Recheck Cond: ((k >= 5503157) AND (k <= 5503257))
	  ->  Bitmap Index Scan on k_4  (cost=0.00..5.38 rows=95 width=0)
	        Index Cond: ((k >= 5503157) AND (k <= 5503257))

table 5 : explain SELECT k, c FROM sbtest5 WHERE k BETWEEN 5503157 AND 5503257
	Bitmap Heap Scan on sbtest5  (cost=5.54..433.20 rows=108 width=125)
	  Recheck Cond: ((k >= 5503157) AND (k <= 5503257))
	  ->  Bitmap Index Scan on k_5  (cost=0.00..5.51 rows=108 width=0)
	        Index Cond: ((k >= 5503157) AND (k <= 5503257))

table 6 : explain SELECT k, c FROM sbtest6 WHERE k BETWEEN 5503157 AND 5503257
	Bitmap Heap Scan on sbtest6  (cost=5.57..445.01 rows=111 width=125)
	  Recheck Cond: ((k >= 5503157) AND (k <= 5503257))
	  ->  Bitmap Index Scan on k_6  (cost=0.00..5.54 rows=111 width=0)
	        Index Cond: ((k >= 5503157) AND (k <= 5503257))

table 7 : explain SELECT k, c FROM sbtest7 WHERE k BETWEEN 5503157 AND 5503257
	Bitmap Heap Scan on sbtest7  (cost=5.43..389.74 rows=97 width=125)
	  Recheck Cond: ((k >= 5503157) AND (k <= 5503257))
	  ->  Bitmap Index Scan on k_7  (cost=0.00..5.40 rows=97 width=0)
	        Index Cond: ((k >= 5503157) AND (k <= 5503257))

table 8 : explain SELECT k, c FROM sbtest8 WHERE k BETWEEN 5503157 AND 5503257
	Bitmap Heap Scan on sbtest8  (cost=5.46..401.65 rows=100 width=125)
	  Recheck Cond: ((k >= 5503157) AND (k <= 5503257))
	  ->  Bitmap Index Scan on k_8  (cost=0.00..5.43 rows=100 width=0)
	        Index Cond: ((k >= 5503157) AND (k <= 5503257))

explain: for range-notcovered :: explain SELECT k, c FROM sbtest%d WHERE k BETWEEN 1736814 AND 1736914
explain: for range-notcovered :: explain SELECT k, c FROM sbtest%d WHERE k BETWEEN 7378895 AND 7378995
explain: for range-notcovered :: explain SELECT k, c FROM sbtest%d WHERE k BETWEEN 5503157 AND 5503257
for range-notcovered
table 1 : explain SELECT k, c FROM sbtest1 WHERE k BETWEEN 5813883 AND 5813983
	Bitmap Heap Scan on sbtest1  (cost=5.58..449.02 rows=112 width=125)
	  Recheck Cond: ((k >= 5813883) AND (k <= 5813983))
	  ->  Bitmap Index Scan on k_1  (cost=0.00..5.55 rows=112 width=0)
	        Index Cond: ((k >= 5813883) AND (k <= 5813983))

table 2 : explain SELECT k, c FROM sbtest2 WHERE k BETWEEN 5813883 AND 5813983
	Bitmap Heap Scan on sbtest2  (cost=5.49..413.48 rows=103 width=125)
	  Recheck Cond: ((k >= 5813883) AND (k <= 5813983))
	  ->  Bitmap Index Scan on k_2  (cost=0.00..5.46 rows=103 width=0)
	        Index Cond: ((k >= 5813883) AND (k <= 5813983))

table 3 : explain SELECT k, c FROM sbtest3 WHERE k BETWEEN 5813883 AND 5813983
	Bitmap Heap Scan on sbtest3  (cost=5.39..373.97 rows=93 width=125)
	  Recheck Cond: ((k >= 5813883) AND (k <= 5813983))
	  ->  Bitmap Index Scan on k_3  (cost=0.00..5.36 rows=93 width=0)
	        Index Cond: ((k >= 5813883) AND (k <= 5813983))

table 4 : explain SELECT k, c FROM sbtest4 WHERE k BETWEEN 5813883 AND 5813983
	Bitmap Heap Scan on sbtest4  (cost=5.46..401.64 rows=100 width=125)
	  Recheck Cond: ((k >= 5813883) AND (k <= 5813983))
	  ->  Bitmap Index Scan on k_4  (cost=0.00..5.43 rows=100 width=0)
	        Index Cond: ((k >= 5813883) AND (k <= 5813983))

table 5 : explain SELECT k, c FROM sbtest5 WHERE k BETWEEN 5813883 AND 5813983
	Bitmap Heap Scan on sbtest5  (cost=5.40..377.97 rows=94 width=125)
	  Recheck Cond: ((k >= 5813883) AND (k <= 5813983))
	  ->  Bitmap Index Scan on k_5  (cost=0.00..5.38 rows=94 width=0)
	        Index Cond: ((k >= 5813883) AND (k <= 5813983))

table 6 : explain SELECT k, c FROM sbtest6 WHERE k BETWEEN 5813883 AND 5813983
	Bitmap Heap Scan on sbtest6  (cost=5.36..362.16 rows=90 width=125)
	  Recheck Cond: ((k >= 5813883) AND (k <= 5813983))
	  ->  Bitmap Index Scan on k_6  (cost=0.00..5.33 rows=90 width=0)
	        Index Cond: ((k >= 5813883) AND (k <= 5813983))

table 7 : explain SELECT k, c FROM sbtest7 WHERE k BETWEEN 5813883 AND 5813983
	Bitmap Heap Scan on sbtest7  (cost=5.50..417.35 rows=104 width=125)
	  Recheck Cond: ((k >= 5813883) AND (k <= 5813983))
	  ->  Bitmap Index Scan on k_7  (cost=0.00..5.47 rows=104 width=0)
	        Index Cond: ((k >= 5813883) AND (k <= 5813983))

table 8 : explain SELECT k, c FROM sbtest8 WHERE k BETWEEN 5813883 AND 5813983
	Bitmap Heap Scan on sbtest8  (cost=5.36..362.17 rows=90 width=125)
	  Recheck Cond: ((k >= 5813883) AND (k <= 5813983))
	  ->  Bitmap Index Scan on k_8  (cost=0.00..5.33 rows=90 width=0)
	        Index Cond: ((k >= 5813883) AND (k <= 5813983))

for range-notcovered
table 1 : explain SELECT k, c FROM sbtest1 WHERE k BETWEEN 7372991 AND 7373091
	Bitmap Heap Scan on sbtest1  (cost=5.42..385.90 rows=96 width=125)
	  Recheck Cond: ((k >= 7372991) AND (k <= 7373091))
	  ->  Bitmap Index Scan on k_1  (cost=0.00..5.39 rows=96 width=0)
	        Index Cond: ((k >= 7372991) AND (k <= 7373091))

table 2 : explain SELECT k, c FROM sbtest2 WHERE k BETWEEN 7372991 AND 7373091
	Bitmap Heap Scan on sbtest2  (cost=5.43..389.80 rows=97 width=125)
	  Recheck Cond: ((k >= 7372991) AND (k <= 7373091))
	  ->  Bitmap Index Scan on k_2  (cost=0.00..5.40 rows=97 width=0)
	        Index Cond: ((k >= 7372991) AND (k <= 7373091))

table 3 : explain SELECT k, c FROM sbtest3 WHERE k BETWEEN 7372991 AND 7373091
	Bitmap Heap Scan on sbtest3  (cost=5.43..389.75 rows=97 width=125)
	  Recheck Cond: ((k >= 7372991) AND (k <= 7373091))
	  ->  Bitmap Index Scan on k_3  (cost=0.00..5.40 rows=97 width=0)
	        Index Cond: ((k >= 7372991) AND (k <= 7373091))

table 4 : explain SELECT k, c FROM sbtest4 WHERE k BETWEEN 7372991 AND 7373091
	Bitmap Heap Scan on sbtest4  (cost=5.40..377.96 rows=94 width=125)
	  Recheck Cond: ((k >= 7372991) AND (k <= 7373091))
	  ->  Bitmap Index Scan on k_4  (cost=0.00..5.38 rows=94 width=0)
	        Index Cond: ((k >= 7372991) AND (k <= 7373091))

table 5 : explain SELECT k, c FROM sbtest5 WHERE k BETWEEN 7372991 AND 7373091
	Bitmap Heap Scan on sbtest5  (cost=5.46..401.65 rows=100 width=125)
	  Recheck Cond: ((k >= 7372991) AND (k <= 7373091))
	  ->  Bitmap Index Scan on k_5  (cost=0.00..5.43 rows=100 width=0)
	        Index Cond: ((k >= 7372991) AND (k <= 7373091))

table 6 : explain SELECT k, c FROM sbtest6 WHERE k BETWEEN 7372991 AND 7373091
	Bitmap Heap Scan on sbtest6  (cost=5.52..425.30 rows=106 width=125)
	  Recheck Cond: ((k >= 7372991) AND (k <= 7373091))
	  ->  Bitmap Index Scan on k_6  (cost=0.00..5.50 rows=106 width=0)
	        Index Cond: ((k >= 7372991) AND (k <= 7373091))

table 7 : explain SELECT k, c FROM sbtest7 WHERE k BETWEEN 7372991 AND 7373091
	Bitmap Heap Scan on sbtest7  (cost=5.65..476.45 rows=119 width=125)
	  Recheck Cond: ((k >= 7372991) AND (k <= 7373091))
	  ->  Bitmap Index Scan on k_7  (cost=0.00..5.62 rows=119 width=0)
	        Index Cond: ((k >= 7372991) AND (k <= 7373091))

table 8 : explain SELECT k, c FROM sbtest8 WHERE k BETWEEN 7372991 AND 7373091
	Bitmap Heap Scan on sbtest8  (cost=5.43..389.81 rows=97 width=125)
	  Recheck Cond: ((k >= 7372991) AND (k <= 7373091))
	  ->  Bitmap Index Scan on k_8  (cost=0.00..5.40 rows=97 width=0)
	        Index Cond: ((k >= 7372991) AND (k <= 7373091))

for range-notcovered
table 1 : explain SELECT k, c FROM sbtest1 WHERE k BETWEEN 7841640 AND 7841740
	Bitmap Heap Scan on sbtest1  (cost=5.51..421.42 rows=105 width=125)
	  Recheck Cond: ((k >= 7841640) AND (k <= 7841740))
	  ->  Bitmap Index Scan on k_1  (cost=0.00..5.48 rows=105 width=0)
	        Index Cond: ((k >= 7841640) AND (k <= 7841740))

table 2 : explain SELECT k, c FROM sbtest2 WHERE k BETWEEN 7841640 AND 7841740
	Bitmap Heap Scan on sbtest2  (cost=5.52..425.31 rows=106 width=125)
	  Recheck Cond: ((k >= 7841640) AND (k <= 7841740))
	  ->  Bitmap Index Scan on k_2  (cost=0.00..5.50 rows=106 width=0)
	        Index Cond: ((k >= 7841640) AND (k <= 7841740))

table 3 : explain SELECT k, c FROM sbtest3 WHERE k BETWEEN 7841640 AND 7841740
	Bitmap Heap Scan on sbtest3  (cost=5.44..393.70 rows=98 width=125)
	  Recheck Cond: ((k >= 7841640) AND (k <= 7841740))
	  ->  Bitmap Index Scan on k_3  (cost=0.00..5.42 rows=98 width=0)
	        Index Cond: ((k >= 7841640) AND (k <= 7841740))

table 4 : explain SELECT k, c FROM sbtest4 WHERE k BETWEEN 7841640 AND 7841740
	Bitmap Heap Scan on sbtest4  (cost=5.45..397.70 rows=99 width=125)
	  Recheck Cond: ((k >= 7841640) AND (k <= 7841740))
	  ->  Bitmap Index Scan on k_4  (cost=0.00..5.42 rows=99 width=0)
	        Index Cond: ((k >= 7841640) AND (k <= 7841740))

table 5 : explain SELECT k, c FROM sbtest5 WHERE k BETWEEN 7841640 AND 7841740
	Bitmap Heap Scan on sbtest5  (cost=5.48..409.54 rows=102 width=125)
	  Recheck Cond: ((k >= 7841640) AND (k <= 7841740))
	  ->  Bitmap Index Scan on k_5  (cost=0.00..5.45 rows=102 width=0)
	        Index Cond: ((k >= 7841640) AND (k <= 7841740))

table 6 : explain SELECT k, c FROM sbtest6 WHERE k BETWEEN 7841640 AND 7841740
	Bitmap Heap Scan on sbtest6  (cost=5.42..385.85 rows=96 width=125)
	  Recheck Cond: ((k >= 7841640) AND (k <= 7841740))
	  ->  Bitmap Index Scan on k_6  (cost=0.00..5.39 rows=96 width=0)
	        Index Cond: ((k >= 7841640) AND (k <= 7841740))

table 7 : explain SELECT k, c FROM sbtest7 WHERE k BETWEEN 7841640 AND 7841740
	Bitmap Heap Scan on sbtest7  (cost=5.38..370.00 rows=92 width=125)
	  Recheck Cond: ((k >= 7841640) AND (k <= 7841740))
	  ->  Bitmap Index Scan on k_7  (cost=0.00..5.35 rows=92 width=0)
	        Index Cond: ((k >= 7841640) AND (k <= 7841740))

table 8 : explain SELECT k, c FROM sbtest8 WHERE k BETWEEN 7841640 AND 7841740
	Bitmap Heap Scan on sbtest8  (cost=5.48..409.54 rows=102 width=125)
	  Recheck Cond: ((k >= 7841640) AND (k <= 7841740))
	  ->  Bitmap Index Scan on k_8  (cost=0.00..5.45 rows=102 width=0)
	        Index Cond: ((k >= 7841640) AND (k <= 7841740))

for range-notcovered
table 1 : explain SELECT k, c FROM sbtest1 WHERE k BETWEEN 2158070 AND 2158170
	Bitmap Heap Scan on sbtest1  (cost=5.46..401.69 rows=100 width=125)
	  Recheck Cond: ((k >= 2158070) AND (k <= 2158170))
	  ->  Bitmap Index Scan on k_1  (cost=0.00..5.43 rows=100 width=0)
	        Index Cond: ((k >= 2158070) AND (k <= 2158170))

table 2 : explain SELECT k, c FROM sbtest2 WHERE k BETWEEN 2158070 AND 2158170
	Bitmap Heap Scan on sbtest2  (cost=5.53..429.25 rows=107 width=125)
	  Recheck Cond: ((k >= 2158070) AND (k <= 2158170))
	  ->  Bitmap Index Scan on k_2  (cost=0.00..5.50 rows=107 width=0)
	        Index Cond: ((k >= 2158070) AND (k <= 2158170))

table 3 : explain SELECT k, c FROM sbtest3 WHERE k BETWEEN 2158070 AND 2158170
	Bitmap Heap Scan on sbtest3  (cost=5.53..429.19 rows=107 width=125)
	  Recheck Cond: ((k >= 2158070) AND (k <= 2158170))
	  ->  Bitmap Index Scan on k_3  (cost=0.00..5.50 rows=107 width=0)
	        Index Cond: ((k >= 2158070) AND (k <= 2158170))

table 4 : explain SELECT k, c FROM sbtest4 WHERE k BETWEEN 2158070 AND 2158170
	Bitmap Heap Scan on sbtest4  (cost=5.51..421.36 rows=105 width=125)
	  Recheck Cond: ((k >= 2158070) AND (k <= 2158170))
	  ->  Bitmap Index Scan on k_4  (cost=0.00..5.48 rows=105 width=0)
	        Index Cond: ((k >= 2158070) AND (k <= 2158170))

table 5 : explain SELECT k, c FROM sbtest5 WHERE k BETWEEN 2158070 AND 2158170
	Bitmap Heap Scan on sbtest5  (cost=5.45..397.70 rows=99 width=125)
	  Recheck Cond: ((k >= 2158070) AND (k <= 2158170))
	  ->  Bitmap Index Scan on k_5  (cost=0.00..5.42 rows=99 width=0)
	        Index Cond: ((k >= 2158070) AND (k <= 2158170))

table 6 : explain SELECT k, c FROM sbtest6 WHERE k BETWEEN 2158070 AND 2158170
	Bitmap Heap Scan on sbtest6  (cost=5.45..397.69 rows=99 width=125)
	  Recheck Cond: ((k >= 2158070) AND (k <= 2158170))
	  ->  Bitmap Index Scan on k_6  (cost=0.00..5.42 rows=99 width=0)
	        Index Cond: ((k >= 2158070) AND (k <= 2158170))

table 7 : explain SELECT k, c FROM sbtest7 WHERE k BETWEEN 2158070 AND 2158170
	Bitmap Heap Scan on sbtest7  (cost=5.45..397.63 rows=99 width=125)
	  Recheck Cond: ((k >= 2158070) AND (k <= 2158170))
	  ->  Bitmap Index Scan on k_7  (cost=0.00..5.42 rows=99 width=0)
	        Index Cond: ((k >= 2158070) AND (k <= 2158170))

table 8 : explain SELECT k, c FROM sbtest8 WHERE k BETWEEN 2158070 AND 2158170
	Bitmap Heap Scan on sbtest8  (cost=5.52..425.32 rows=106 width=125)
	  Recheck Cond: ((k >= 2158070) AND (k <= 2158170))
	  ->  Bitmap Index Scan on k_8  (cost=0.00..5.50 rows=106 width=0)
	        Index Cond: ((k >= 2158070) AND (k <= 2158170))

explain: for range-notcovered :: explain SELECT k, c FROM sbtest%d WHERE k BETWEEN 5813883 AND 5813983
explain: for range-notcovered :: explain SELECT k, c FROM sbtest%d WHERE k BETWEEN 7372991 AND 7373091
explain: for range-notcovered :: explain SELECT k, c FROM sbtest%d WHERE k BETWEEN 7841640 AND 7841740
explain: for range-notcovered :: explain SELECT k, c FROM sbtest%d WHERE k BETWEEN 2158070 AND 2158170
for range-notcovered
table 1 : explain SELECT k, c FROM sbtest1 WHERE k BETWEEN 7743810 AND 7743910
	Bitmap Heap Scan on sbtest1  (cost=5.40..378.01 rows=94 width=125)
	  Recheck Cond: ((k >= 7743810) AND (k <= 7743910))
	  ->  Bitmap Index Scan on k_1  (cost=0.00..5.38 rows=94 width=0)
	        Index Cond: ((k >= 7743810) AND (k <= 7743910))

table 2 : explain SELECT k, c FROM sbtest2 WHERE k BETWEEN 7743810 AND 7743910
	Bitmap Heap Scan on sbtest2  (cost=5.47..405.59 rows=101 width=125)
	  Recheck Cond: ((k >= 7743810) AND (k <= 7743910))
	  ->  Bitmap Index Scan on k_2  (cost=0.00..5.44 rows=101 width=0)
	        Index Cond: ((k >= 7743810) AND (k <= 7743910))

table 3 : explain SELECT k, c FROM sbtest3 WHERE k BETWEEN 7743810 AND 7743910
	Bitmap Heap Scan on sbtest3  (cost=5.41..381.86 rows=95 width=125)
	  Recheck Cond: ((k >= 7743810) AND (k <= 7743910))
	  ->  Bitmap Index Scan on k_3  (cost=0.00..5.38 rows=95 width=0)
	        Index Cond: ((k >= 7743810) AND (k <= 7743910))

table 4 : explain SELECT k, c FROM sbtest4 WHERE k BETWEEN 7743810 AND 7743910
	Bitmap Heap Scan on sbtest4  (cost=5.46..401.64 rows=100 width=125)
	  Recheck Cond: ((k >= 7743810) AND (k <= 7743910))
	  ->  Bitmap Index Scan on k_4  (cost=0.00..5.43 rows=100 width=0)
	        Index Cond: ((k >= 7743810) AND (k <= 7743910))

table 5 : explain SELECT k, c FROM sbtest5 WHERE k BETWEEN 7743810 AND 7743910
	Bitmap Heap Scan on sbtest5  (cost=5.47..405.60 rows=101 width=125)
	  Recheck Cond: ((k >= 7743810) AND (k <= 7743910))
	  ->  Bitmap Index Scan on k_5  (cost=0.00..5.44 rows=101 width=0)
	        Index Cond: ((k >= 7743810) AND (k <= 7743910))

table 6 : explain SELECT k, c FROM sbtest6 WHERE k BETWEEN 7743810 AND 7743910
	Bitmap Heap Scan on sbtest6  (cost=5.44..393.74 rows=98 width=125)
	  Recheck Cond: ((k >= 7743810) AND (k <= 7743910))
	  ->  Bitmap Index Scan on k_6  (cost=0.00..5.42 rows=98 width=0)
	        Index Cond: ((k >= 7743810) AND (k <= 7743910))

table 7 : explain SELECT k, c FROM sbtest7 WHERE k BETWEEN 7743810 AND 7743910
	Bitmap Heap Scan on sbtest7  (cost=5.50..417.35 rows=104 width=125)
	  Recheck Cond: ((k >= 7743810) AND (k <= 7743910))
	  ->  Bitmap Index Scan on k_7  (cost=0.00..5.47 rows=104 width=0)
	        Index Cond: ((k >= 7743810) AND (k <= 7743910))

table 8 : explain SELECT k, c FROM sbtest8 WHERE k BETWEEN 7743810 AND 7743910
	Bitmap Heap Scan on sbtest8  (cost=5.48..409.54 rows=102 width=125)
	  Recheck Cond: ((k >= 7743810) AND (k <= 7743910))
	  ->  Bitmap Index Scan on k_8  (cost=0.00..5.45 rows=102 width=0)
	        Index Cond: ((k >= 7743810) AND (k <= 7743910))

for range-notcovered
table 1 : explain SELECT k, c FROM sbtest1 WHERE k BETWEEN 6491710 AND 6491810
	Bitmap Heap Scan on sbtest1  (cost=5.42..385.90 rows=96 width=125)
	  Recheck Cond: ((k >= 6491710) AND (k <= 6491810))
	  ->  Bitmap Index Scan on k_1  (cost=0.00..5.39 rows=96 width=0)
	        Index Cond: ((k >= 6491710) AND (k <= 6491810))

table 2 : explain SELECT k, c FROM sbtest2 WHERE k BETWEEN 6491710 AND 6491810
	Bitmap Heap Scan on sbtest2  (cost=5.58..448.96 rows=112 width=125)
	  Recheck Cond: ((k >= 6491710) AND (k <= 6491810))
	  ->  Bitmap Index Scan on k_2  (cost=0.00..5.55 rows=112 width=0)
	        Index Cond: ((k >= 6491710) AND (k <= 6491810))

table 3 : explain SELECT k, c FROM sbtest3 WHERE k BETWEEN 6491710 AND 6491810
	Bitmap Heap Scan on sbtest3  (cost=5.47..405.53 rows=101 width=125)
	  Recheck Cond: ((k >= 6491710) AND (k <= 6491810))
	  ->  Bitmap Index Scan on k_3  (cost=0.00..5.44 rows=101 width=0)
	        Index Cond: ((k >= 6491710) AND (k <= 6491810))

table 4 : explain SELECT k, c FROM sbtest4 WHERE k BETWEEN 6491710 AND 6491810
	Bitmap Heap Scan on sbtest4  (cost=5.46..401.64 rows=100 width=125)
	  Recheck Cond: ((k >= 6491710) AND (k <= 6491810))
	  ->  Bitmap Index Scan on k_4  (cost=0.00..5.43 rows=100 width=0)
	        Index Cond: ((k >= 6491710) AND (k <= 6491810))

table 5 : explain SELECT k, c FROM sbtest5 WHERE k BETWEEN 6491710 AND 6491810
	Bitmap Heap Scan on sbtest5  (cost=5.39..374.02 rows=93 width=125)
	  Recheck Cond: ((k >= 6491710) AND (k <= 6491810))
	  ->  Bitmap Index Scan on k_5  (cost=0.00..5.36 rows=93 width=0)
	        Index Cond: ((k >= 6491710) AND (k <= 6491810))

table 6 : explain SELECT k, c FROM sbtest6 WHERE k BETWEEN 6491710 AND 6491810
	Bitmap Heap Scan on sbtest6  (cost=5.43..389.80 rows=97 width=125)
	  Recheck Cond: ((k >= 6491710) AND (k <= 6491810))
	  ->  Bitmap Index Scan on k_6  (cost=0.00..5.40 rows=97 width=0)
	        Index Cond: ((k >= 6491710) AND (k <= 6491810))

table 7 : explain SELECT k, c FROM sbtest7 WHERE k BETWEEN 6491710 AND 6491810
	Bitmap Heap Scan on sbtest7  (cost=5.48..409.46 rows=102 width=125)
	  Recheck Cond: ((k >= 6491710) AND (k <= 6491810))
	  ->  Bitmap Index Scan on k_7  (cost=0.00..5.45 rows=102 width=0)
	        Index Cond: ((k >= 6491710) AND (k <= 6491810))

table 8 : explain SELECT k, c FROM sbtest8 WHERE k BETWEEN 6491710 AND 6491810
	Bitmap Heap Scan on sbtest8  (cost=5.50..417.43 rows=104 width=125)
	  Recheck Cond: ((k >= 6491710) AND (k <= 6491810))
	  ->  Bitmap Index Scan on k_8  (cost=0.00..5.47 rows=104 width=0)
	        Index Cond: ((k >= 6491710) AND (k <= 6491810))

for range-notcovered
table 1 : explain SELECT k, c FROM sbtest1 WHERE k BETWEEN 6676821 AND 6676921
	Bitmap Heap Scan on sbtest1  (cost=5.44..393.80 rows=98 width=125)
	  Recheck Cond: ((k >= 6676821) AND (k <= 6676921))
	  ->  Bitmap Index Scan on k_1  (cost=0.00..5.42 rows=98 width=0)
	        Index Cond: ((k >= 6676821) AND (k <= 6676921))

table 2 : explain SELECT k, c FROM sbtest2 WHERE k BETWEEN 6676821 AND 6676921
	Bitmap Heap Scan on sbtest2  (cost=5.45..397.70 rows=99 width=125)
	  Recheck Cond: ((k >= 6676821) AND (k <= 6676921))
	  ->  Bitmap Index Scan on k_2  (cost=0.00..5.42 rows=99 width=0)
	        Index Cond: ((k >= 6676821) AND (k <= 6676921))

table 3 : explain SELECT k, c FROM sbtest3 WHERE k BETWEEN 6676821 AND 6676921
	Bitmap Heap Scan on sbtest3  (cost=5.50..417.37 rows=104 width=125)
	  Recheck Cond: ((k >= 6676821) AND (k <= 6676921))
	  ->  Bitmap Index Scan on k_3  (cost=0.00..5.47 rows=104 width=0)
	        Index Cond: ((k >= 6676821) AND (k <= 6676921))

table 4 : explain SELECT k, c FROM sbtest4 WHERE k BETWEEN 6676821 AND 6676921
	Bitmap Heap Scan on sbtest4  (cost=5.43..389.80 rows=97 width=125)
	  Recheck Cond: ((k >= 6676821) AND (k <= 6676921))
	  ->  Bitmap Index Scan on k_4  (cost=0.00..5.40 rows=97 width=0)
	        Index Cond: ((k >= 6676821) AND (k <= 6676921))

table 5 : explain SELECT k, c FROM sbtest5 WHERE k BETWEEN 6676821 AND 6676921
	Bitmap Heap Scan on sbtest5  (cost=5.42..385.86 rows=96 width=125)
	  Recheck Cond: ((k >= 6676821) AND (k <= 6676921))
	  ->  Bitmap Index Scan on k_5  (cost=0.00..5.39 rows=96 width=0)
	        Index Cond: ((k >= 6676821) AND (k <= 6676921))

table 6 : explain SELECT k, c FROM sbtest6 WHERE k BETWEEN 6676821 AND 6676921
	Bitmap Heap Scan on sbtest6  (cost=5.55..437.13 rows=109 width=125)
	  Recheck Cond: ((k >= 6676821) AND (k <= 6676921))
	  ->  Bitmap Index Scan on k_6  (cost=0.00..5.52 rows=109 width=0)
	        Index Cond: ((k >= 6676821) AND (k <= 6676921))

table 7 : explain SELECT k, c FROM sbtest7 WHERE k BETWEEN 6676821 AND 6676921
	Bitmap Heap Scan on sbtest7  (cost=5.38..370.00 rows=92 width=125)
	  Recheck Cond: ((k >= 6676821) AND (k <= 6676921))
	  ->  Bitmap Index Scan on k_7  (cost=0.00..5.35 rows=92 width=0)
	        Index Cond: ((k >= 6676821) AND (k <= 6676921))

table 8 : explain SELECT k, c FROM sbtest8 WHERE k BETWEEN 6676821 AND 6676921
	Bitmap Heap Scan on sbtest8  (cost=5.57..445.03 rows=111 width=125)
	  Recheck Cond: ((k >= 6676821) AND (k <= 6676921))
	  ->  Bitmap Index Scan on k_8  (cost=0.00..5.54 rows=111 width=0)
	        Index Cond: ((k >= 6676821) AND (k <= 6676921))

explain: for range-notcovered :: explain SELECT k, c FROM sbtest%d WHERE k BETWEEN 7743810 AND 7743910
for range-notcovered
table 1 : explain SELECT k, c FROM sbtest1 WHERE k BETWEEN 6568066 AND 6568166
	Bitmap Heap Scan on sbtest1  (cost=5.42..385.90 rows=96 width=125)
	  Recheck Cond: ((k >= 6568066) AND (k <= 6568166))
	  ->  Bitmap Index Scan on k_1  (cost=0.00..5.39 rows=96 width=0)
	        Index Cond: ((k >= 6568066) AND (k <= 6568166))

table 2 : explain SELECT k, c FROM sbtest2 WHERE k BETWEEN 6568066 AND 6568166
	Bitmap Heap Scan on sbtest2  (cost=5.58..448.96 rows=112 width=125)
	  Recheck Cond: ((k >= 6568066) AND (k <= 6568166))
	  ->  Bitmap Index Scan on k_2  (cost=0.00..5.55 rows=112 width=0)
	        Index Cond: ((k >= 6568066) AND (k <= 6568166))

table 3 : explain SELECT k, c FROM sbtest3 WHERE k BETWEEN 6568066 AND 6568166
	Bitmap Heap Scan on sbtest3  (cost=5.47..405.53 rows=101 width=125)
	  Recheck Cond: ((k >= 6568066) AND (k <= 6568166))
	  ->  Bitmap Index Scan on k_3  (cost=0.00..5.44 rows=101 width=0)
	        Index Cond: ((k >= 6568066) AND (k <= 6568166))

table 4 : explain SELECT k, c FROM sbtest4 WHERE k BETWEEN 6568066 AND 6568166
	Bitmap Heap Scan on sbtest4  (cost=5.59..452.90 rows=113 width=125)
	  Recheck Cond: ((k >= 6568066) AND (k <= 6568166))
	  ->  Bitmap Index Scan on k_4  (cost=0.00..5.56 rows=113 width=0)
	        Index Cond: ((k >= 6568066) AND (k <= 6568166))

table 5 : explain SELECT k, c FROM sbtest5 WHERE k BETWEEN 6568066 AND 6568166
	Bitmap Heap Scan on sbtest5  (cost=5.45..397.70 rows=99 width=125)
	  Recheck Cond: ((k >= 6568066) AND (k <= 6568166))
	  ->  Bitmap Index Scan on k_5  (cost=0.00..5.42 rows=99 width=0)
	        Index Cond: ((k >= 6568066) AND (k <= 6568166))

table 6 : explain SELECT k, c FROM sbtest6 WHERE k BETWEEN 6568066 AND 6568166
	Bitmap Heap Scan on sbtest6  (cost=5.42..385.85 rows=96 width=125)
	  Recheck Cond: ((k >= 6568066) AND (k <= 6568166))
	  ->  Bitmap Index Scan on k_6  (cost=0.00..5.39 rows=96 width=0)
	        Index Cond: ((k >= 6568066) AND (k <= 6568166))

table 7 : explain SELECT k, c FROM sbtest7 WHERE k BETWEEN 6568066 AND 6568166
	Bitmap Heap Scan on sbtest7  (cost=5.48..409.46 rows=102 width=125)
	  Recheck Cond: ((k >= 6568066) AND (k <= 6568166))
	  ->  Bitmap Index Scan on k_7  (cost=0.00..5.45 rows=102 width=0)
	        Index Cond: ((k >= 6568066) AND (k <= 6568166))

table 8 : explain SELECT k, c FROM sbtest8 WHERE k BETWEEN 6568066 AND 6568166
	Bitmap Heap Scan on sbtest8  (cost=5.49..413.49 rows=103 width=125)
	  Recheck Cond: ((k >= 6568066) AND (k <= 6568166))
	  ->  Bitmap Index Scan on k_8  (cost=0.00..5.46 rows=103 width=0)
	        Index Cond: ((k >= 6568066) AND (k <= 6568166))

explain: for range-notcovered :: explain SELECT k, c FROM sbtest%d WHERE k BETWEEN 6491710 AND 6491810
for range-notcovered
table 1 : explain SELECT k, c FROM sbtest1 WHERE k BETWEEN 6909611 AND 6909711
	Bitmap Heap Scan on sbtest1  (cost=5.46..401.69 rows=100 width=125)
	  Recheck Cond: ((k >= 6909611) AND (k <= 6909711))
	  ->  Bitmap Index Scan on k_1  (cost=0.00..5.43 rows=100 width=0)
	        Index Cond: ((k >= 6909611) AND (k <= 6909711))

table 2 : explain SELECT k, c FROM sbtest2 WHERE k BETWEEN 6909611 AND 6909711
	Bitmap Heap Scan on sbtest2  (cost=5.52..425.31 rows=106 width=125)
	  Recheck Cond: ((k >= 6909611) AND (k <= 6909711))
	  ->  Bitmap Index Scan on k_2  (cost=0.00..5.50 rows=106 width=0)
	        Index Cond: ((k >= 6909611) AND (k <= 6909711))

table 3 : explain SELECT k, c FROM sbtest3 WHERE k BETWEEN 6909611 AND 6909711
	Bitmap Heap Scan on sbtest3  (cost=5.57..444.96 rows=111 width=125)
	  Recheck Cond: ((k >= 6909611) AND (k <= 6909711))
	  ->  Bitmap Index Scan on k_3  (cost=0.00..5.54 rows=111 width=0)
	        Index Cond: ((k >= 6909611) AND (k <= 6909711))

table 4 : explain SELECT k, c FROM sbtest4 WHERE k BETWEEN 6909611 AND 6909711
	Bitmap Heap Scan on sbtest4  (cost=5.44..393.75 rows=98 width=125)
	  Recheck Cond: ((k >= 6909611) AND (k <= 6909711))
	  ->  Bitmap Index Scan on k_4  (cost=0.00..5.42 rows=98 width=0)
	        Index Cond: ((k >= 6909611) AND (k <= 6909711))

table 5 : explain SELECT k, c FROM sbtest5 WHERE k BETWEEN 6909611 AND 6909711
	Bitmap Heap Scan on sbtest5  (cost=5.42..385.86 rows=96 width=125)
	  Recheck Cond: ((k >= 6909611) AND (k <= 6909711))
	  ->  Bitmap Index Scan on k_5  (cost=0.00..5.39 rows=96 width=0)
	        Index Cond: ((k >= 6909611) AND (k <= 6909711))

table 6 : explain SELECT k, c FROM sbtest6 WHERE k BETWEEN 6909611 AND 6909711
	Bitmap Heap Scan on sbtest6  (cost=5.42..385.85 rows=96 width=125)
	  Recheck Cond: ((k >= 6909611) AND (k <= 6909711))
	  ->  Bitmap Index Scan on k_6  (cost=0.00..5.39 rows=96 width=0)
	        Index Cond: ((k >= 6909611) AND (k <= 6909711))

table 7 : explain SELECT k, c FROM sbtest7 WHERE k BETWEEN 6909611 AND 6909711
	Bitmap Heap Scan on sbtest7  (cost=5.47..405.52 rows=101 width=125)
	  Recheck Cond: ((k >= 6909611) AND (k <= 6909711))
	  ->  Bitmap Index Scan on k_7  (cost=0.00..5.44 rows=101 width=0)
	        Index Cond: ((k >= 6909611) AND (k <= 6909711))

table 8 : explain SELECT k, c FROM sbtest8 WHERE k BETWEEN 6909611 AND 6909711
	Bitmap Heap Scan on sbtest8  (cost=5.50..417.43 rows=104 width=125)
	  Recheck Cond: ((k >= 6909611) AND (k <= 6909711))
	  ->  Bitmap Index Scan on k_8  (cost=0.00..5.47 rows=104 width=0)
	        Index Cond: ((k >= 6909611) AND (k <= 6909711))

for range-notcovered
table 1 : explain SELECT k, c FROM sbtest1 WHERE k BETWEEN 4250238 AND 4250338
	Bitmap Heap Scan on sbtest1  (cost=5.51..421.42 rows=105 width=125)
	  Recheck Cond: ((k >= 4250238) AND (k <= 4250338))
	  ->  Bitmap Index Scan on k_1  (cost=0.00..5.48 rows=105 width=0)
	        Index Cond: ((k >= 4250238) AND (k <= 4250338))

table 2 : explain SELECT k, c FROM sbtest2 WHERE k BETWEEN 4250238 AND 4250338
	Bitmap Heap Scan on sbtest2  (cost=5.45..397.70 rows=99 width=125)
	  Recheck Cond: ((k >= 4250238) AND (k <= 4250338))
	  ->  Bitmap Index Scan on k_2  (cost=0.00..5.42 rows=99 width=0)
	        Index Cond: ((k >= 4250238) AND (k <= 4250338))

table 3 : explain SELECT k, c FROM sbtest3 WHERE k BETWEEN 4250238 AND 4250338
	Bitmap Heap Scan on sbtest3  (cost=5.57..444.96 rows=111 width=125)
	  Recheck Cond: ((k >= 4250238) AND (k <= 4250338))
	  ->  Bitmap Index Scan on k_3  (cost=0.00..5.54 rows=111 width=0)
	        Index Cond: ((k >= 4250238) AND (k <= 4250338))

table 4 : explain SELECT k, c FROM sbtest4 WHERE k BETWEEN 4250238 AND 4250338
	Bitmap Heap Scan on sbtest4  (cost=5.57..445.02 rows=111 width=125)
	  Recheck Cond: ((k >= 4250238) AND (k <= 4250338))
	  ->  Bitmap Index Scan on k_4  (cost=0.00..5.54 rows=111 width=0)
	        Index Cond: ((k >= 4250238) AND (k <= 4250338))

table 5 : explain SELECT k, c FROM sbtest5 WHERE k BETWEEN 4250238 AND 4250338
	Bitmap Heap Scan on sbtest5  (cost=5.53..429.26 rows=107 width=125)
	  Recheck Cond: ((k >= 4250238) AND (k <= 4250338))
	  ->  Bitmap Index Scan on k_5  (cost=0.00..5.50 rows=107 width=0)
	        Index Cond: ((k >= 4250238) AND (k <= 4250338))

table 6 : explain SELECT k, c FROM sbtest6 WHERE k BETWEEN 4250238 AND 4250338
	Bitmap Heap Scan on sbtest6  (cost=5.42..385.85 rows=96 width=125)
	  Recheck Cond: ((k >= 4250238) AND (k <= 4250338))
	  ->  Bitmap Index Scan on k_6  (cost=0.00..5.39 rows=96 width=0)
	        Index Cond: ((k >= 4250238) AND (k <= 4250338))

table 7 : explain SELECT k, c FROM sbtest7 WHERE k BETWEEN 4250238 AND 4250338
	Bitmap Heap Scan on sbtest7  (cost=5.47..405.52 rows=101 width=125)
	  Recheck Cond: ((k >= 4250238) AND (k <= 4250338))
	  ->  Bitmap Index Scan on k_7  (cost=0.00..5.44 rows=101 width=0)
	        Index Cond: ((k >= 4250238) AND (k <= 4250338))

table 8 : explain SELECT k, c FROM sbtest8 WHERE k BETWEEN 4250238 AND 4250338
	Bitmap Heap Scan on sbtest8  (cost=5.53..429.26 rows=107 width=125)
	  Recheck Cond: ((k >= 4250238) AND (k <= 4250338))
	  ->  Bitmap Index Scan on k_8  (cost=0.00..5.50 rows=107 width=0)
	        Index Cond: ((k >= 4250238) AND (k <= 4250338))
for range-notcovered
table 1 : explain SELECT k, c FROM sbtest1 WHERE k BETWEEN 2327787 AND 2327887
	Bitmap Heap Scan on sbtest1  (cost=5.37..366.16 rows=91 width=125)
	  Recheck Cond: ((k >= 2327787) AND (k <= 2327887))
	  ->  Bitmap Index Scan on k_1  (cost=0.00..5.34 rows=91 width=0)
	        Index Cond: ((k >= 2327787) AND (k <= 2327887))

table 2 : explain SELECT k, c FROM sbtest2 WHERE k BETWEEN 2327787 AND 2327887
	Bitmap Heap Scan on sbtest2  (cost=5.44..393.75 rows=98 width=125)
	  Recheck Cond: ((k >= 2327787) AND (k <= 2327887))
	  ->  Bitmap Index Scan on k_2  (cost=0.00..5.42 rows=98 width=0)
	        Index Cond: ((k >= 2327787) AND (k <= 2327887))

table 3 : explain SELECT k, c FROM sbtest3 WHERE k BETWEEN 2327787 AND 2327887
	Bitmap Heap Scan on sbtest3  (cost=5.57..444.96 rows=111 width=125)
	  Recheck Cond: ((k >= 2327787) AND (k <= 2327887))
	  ->  Bitmap Index Scan on k_3  (cost=0.00..5.54 rows=111 width=0)
	        Index Cond: ((k >= 2327787) AND (k <= 2327887))

table 4 : explain SELECT k, c FROM sbtest4 WHERE k BETWEEN 2327787 AND 2327887
	Bitmap Heap Scan on sbtest4  (cost=5.58..448.96 rows=112 width=125)
	  Recheck Cond: ((k >= 2327787) AND (k <= 2327887))
	  ->  Bitmap Index Scan on k_4  (cost=0.00..5.55 rows=112 width=0)
	        Index Cond: ((k >= 2327787) AND (k <= 2327887))

table 5 : explain SELECT k, c FROM sbtest5 WHERE k BETWEEN 2327787 AND 2327887
	Bitmap Heap Scan on sbtest5  (cost=5.52..425.32 rows=106 width=125)
	  Recheck Cond: ((k >= 2327787) AND (k <= 2327887))
	  ->  Bitmap Index Scan on k_5  (cost=0.00..5.50 rows=106 width=0)
	        Index Cond: ((k >= 2327787) AND (k <= 2327887))

table 6 : explain SELECT k, c FROM sbtest6 WHERE k BETWEEN 2327787 AND 2327887
	Bitmap Heap Scan on sbtest6  (cost=5.38..370.06 rows=92 width=125)
	  Recheck Cond: ((k >= 2327787) AND (k <= 2327887))
	  ->  Bitmap Index Scan on k_6  (cost=0.00..5.35 rows=92 width=0)
	        Index Cond: ((k >= 2327787) AND (k <= 2327887))

table 7 : explain SELECT k, c FROM sbtest7 WHERE k BETWEEN 2327787 AND 2327887
	Bitmap Heap Scan on sbtest7  (cost=5.45..397.63 rows=99 width=125)
	  Recheck Cond: ((k >= 2327787) AND (k <= 2327887))
	  ->  Bitmap Index Scan on k_7  (cost=0.00..5.42 rows=99 width=0)
	        Index Cond: ((k >= 2327787) AND (k <= 2327887))

table 8 : explain SELECT k, c FROM sbtest8 WHERE k BETWEEN 2327787 AND 2327887
	Bitmap Heap Scan on sbtest8  (cost=5.55..437.14 rows=109 width=125)
	  Recheck Cond: ((k >= 2327787) AND (k <= 2327887))
	  ->  Bitmap Index Scan on k_8  (cost=0.00..5.52 rows=109 width=0)
	        Index Cond: ((k >= 2327787) AND (k <= 2327887))

for range-notcovered
table 1 : explain SELECT k, c FROM sbtest1 WHERE k BETWEEN 6378941 AND 6379041
	Bitmap Heap Scan on sbtest1  (cost=5.53..429.30 rows=107 width=125)
	  Recheck Cond: ((k >= 6378941) AND (k <= 6379041))
	  ->  Bitmap Index Scan on k_1  (cost=0.00..5.50 rows=107 width=0)
	        Index Cond: ((k >= 6378941) AND (k <= 6379041))

table 2 : explain SELECT k, c FROM sbtest2 WHERE k BETWEEN 6378941 AND 6379041
	Bitmap Heap Scan on sbtest2  (cost=5.49..413.48 rows=103 width=125)
	  Recheck Cond: ((k >= 6378941) AND (k <= 6379041))
	  ->  Bitmap Index Scan on k_2  (cost=0.00..5.46 rows=103 width=0)
	        Index Cond: ((k >= 6378941) AND (k <= 6379041))

table 3 : explain SELECT k, c FROM sbtest3 WHERE k BETWEEN 6378941 AND 6379041
	Bitmap Heap Scan on sbtest3  (cost=5.55..437.08 rows=109 width=125)
	  Recheck Cond: ((k >= 6378941) AND (k <= 6379041))
	  ->  Bitmap Index Scan on k_3  (cost=0.00..5.52 rows=109 width=0)
	        Index Cond: ((k >= 6378941) AND (k <= 6379041))

table 4 : explain SELECT k, c FROM sbtest4 WHERE k BETWEEN 6378941 AND 6379041
	Bitmap Heap Scan on sbtest4  (cost=5.44..393.75 rows=98 width=125)
	  Recheck Cond: ((k >= 6378941) AND (k <= 6379041))
	  ->  Bitmap Index Scan on k_4  (cost=0.00..5.42 rows=98 width=0)
	        Index Cond: ((k >= 6378941) AND (k <= 6379041))

table 5 : explain SELECT k, c FROM sbtest5 WHERE k BETWEEN 6378941 AND 6379041
	Bitmap Heap Scan on sbtest5  (cost=5.39..374.02 rows=93 width=125)
	  Recheck Cond: ((k >= 6378941) AND (k <= 6379041))
	  ->  Bitmap Index Scan on k_5  (cost=0.00..5.36 rows=93 width=0)
	        Index Cond: ((k >= 6378941) AND (k <= 6379041))

table 6 : explain SELECT k, c FROM sbtest6 WHERE k BETWEEN 6378941 AND 6379041
	Bitmap Heap Scan on sbtest6  (cost=5.41..381.90 rows=95 width=125)
	  Recheck Cond: ((k >= 6378941) AND (k <= 6379041))
	  ->  Bitmap Index Scan on k_6  (cost=0.00..5.38 rows=95 width=0)
	        Index Cond: ((k >= 6378941) AND (k <= 6379041))

table 7 : explain SELECT k, c FROM sbtest7 WHERE k BETWEEN 6378941 AND 6379041
	Bitmap Heap Scan on sbtest7  (cost=5.45..397.63 rows=99 width=125)
	  Recheck Cond: ((k >= 6378941) AND (k <= 6379041))
	  ->  Bitmap Index Scan on k_7  (cost=0.00..5.42 rows=99 width=0)
	        Index Cond: ((k >= 6378941) AND (k <= 6379041))

table 8 : explain SELECT k, c FROM sbtest8 WHERE k BETWEEN 6378941 AND 6379041
	Bitmap Heap Scan on sbtest8  (cost=5.52..425.32 rows=106 width=125)
	  Recheck Cond: ((k >= 6378941) AND (k <= 6379041))
	  ->  Bitmap Index Scan on k_8  (cost=0.00..5.50 rows=106 width=0)
	        Index Cond: ((k >= 6378941) AND (k <= 6379041))
explain: for range-notcovered :: explain SELECT k, c FROM sbtest%d WHERE k BETWEEN 6568066 AND 6568166
for range-notcovered
table 1 : explain SELECT k, c FROM sbtest1 WHERE k BETWEEN 6262062 AND 6262162
	Bitmap Heap Scan on sbtest1  (cost=5.36..362.21 rows=90 width=125)
	  Recheck Cond: ((k >= 6262062) AND (k <= 6262162))
	  ->  Bitmap Index Scan on k_1  (cost=0.00..5.33 rows=90 width=0)
	        Index Cond: ((k >= 6262062) AND (k <= 6262162))

table 2 : explain SELECT k, c FROM sbtest2 WHERE k BETWEEN 6262062 AND 6262162
	Bitmap Heap Scan on sbtest2  (cost=5.44..393.75 rows=98 width=125)
	  Recheck Cond: ((k >= 6262062) AND (k <= 6262162))
	  ->  Bitmap Index Scan on k_2  (cost=0.00..5.42 rows=98 width=0)
	        Index Cond: ((k >= 6262062) AND (k <= 6262162))

table 3 : explain SELECT k, c FROM sbtest3 WHERE k BETWEEN 6262062 AND 6262162
	Bitmap Heap Scan on sbtest3  (cost=5.49..413.42 rows=103 width=125)
	  Recheck Cond: ((k >= 6262062) AND (k <= 6262162))
	  ->  Bitmap Index Scan on k_3  (cost=0.00..5.46 rows=103 width=0)
	        Index Cond: ((k >= 6262062) AND (k <= 6262162))

table 4 : explain SELECT k, c FROM sbtest4 WHERE k BETWEEN 6262062 AND 6262162
	Bitmap Heap Scan on sbtest4  (cost=5.49..413.48 rows=103 width=125)
	  Recheck Cond: ((k >= 6262062) AND (k <= 6262162))
	  ->  Bitmap Index Scan on k_4  (cost=0.00..5.46 rows=103 width=0)
	        Index Cond: ((k >= 6262062) AND (k <= 6262162))

table 5 : explain SELECT k, c FROM sbtest5 WHERE k BETWEEN 6262062 AND 6262162
	Bitmap Heap Scan on sbtest5  (cost=5.51..421.37 rows=105 width=125)
	  Recheck Cond: ((k >= 6262062) AND (k <= 6262162))
	  ->  Bitmap Index Scan on k_5  (cost=0.00..5.48 rows=105 width=0)
	        Index Cond: ((k >= 6262062) AND (k <= 6262162))

table 6 : explain SELECT k, c FROM sbtest6 WHERE k BETWEEN 6262062 AND 6262162
	Bitmap Heap Scan on sbtest6  (cost=5.53..429.24 rows=107 width=125)
	  Recheck Cond: ((k >= 6262062) AND (k <= 6262162))
	  ->  Bitmap Index Scan on k_6  (cost=0.00..5.50 rows=107 width=0)
	        Index Cond: ((k >= 6262062) AND (k <= 6262162))

table 7 : explain SELECT k, c FROM sbtest7 WHERE k BETWEEN 6262062 AND 6262162
	Bitmap Heap Scan on sbtest7  (cost=5.52..425.23 rows=106 width=125)
	  Recheck Cond: ((k >= 6262062) AND (k <= 6262162))
	  ->  Bitmap Index Scan on k_7  (cost=0.00..5.50 rows=106 width=0)
	        Index Cond: ((k >= 6262062) AND (k <= 6262162))

table 8 : explain SELECT k, c FROM sbtest8 WHERE k BETWEEN 6262062 AND 6262162
	Bitmap Heap Scan on sbtest8  (cost=5.56..441.09 rows=110 width=125)
	  Recheck Cond: ((k >= 6262062) AND (k <= 6262162))
	  ->  Bitmap Index Scan on k_8  (cost=0.00..5.53 rows=110 width=0)
	        Index Cond: ((k >= 6262062) AND (k <= 6262162))

for range-notcovered
table 1 : explain SELECT k, c FROM sbtest1 WHERE k BETWEEN 7179680 AND 7179780
	Bitmap Heap Scan on sbtest1  (cost=5.38..370.11 rows=92 width=125)
	  Recheck Cond: ((k >= 7179680) AND (k <= 7179780))
	  ->  Bitmap Index Scan on k_1  (cost=0.00..5.35 rows=92 width=0)
	        Index Cond: ((k >= 7179680) AND (k <= 7179780))

table 2 : explain SELECT k, c FROM sbtest2 WHERE k BETWEEN 7179680 AND 7179780
	Bitmap Heap Scan on sbtest2  (cost=5.48..409.53 rows=102 width=125)
	  Recheck Cond: ((k >= 7179680) AND (k <= 7179780))
	  ->  Bitmap Index Scan on k_2  (cost=0.00..5.45 rows=102 width=0)
	        Index Cond: ((k >= 7179680) AND (k <= 7179780))

table 3 : explain SELECT k, c FROM sbtest3 WHERE k BETWEEN 7179680 AND 7179780
	Bitmap Heap Scan on sbtest3  (cost=5.47..405.53 rows=101 width=125)
	  Recheck Cond: ((k >= 7179680) AND (k <= 7179780))
	  ->  Bitmap Index Scan on k_3  (cost=0.00..5.44 rows=101 width=0)
	        Index Cond: ((k >= 7179680) AND (k <= 7179780))

table 4 : explain SELECT k, c FROM sbtest4 WHERE k BETWEEN 7179680 AND 7179780
	Bitmap Heap Scan on sbtest4  (cost=5.53..429.25 rows=107 width=125)
	  Recheck Cond: ((k >= 7179680) AND (k <= 7179780))
	  ->  Bitmap Index Scan on k_4  (cost=0.00..5.50 rows=107 width=0)
	        Index Cond: ((k >= 7179680) AND (k <= 7179780))

table 5 : explain SELECT k, c FROM sbtest5 WHERE k BETWEEN 7179680 AND 7179780
	Bitmap Heap Scan on sbtest5  (cost=5.43..389.81 rows=97 width=125)
	  Recheck Cond: ((k >= 7179680) AND (k <= 7179780))
	  ->  Bitmap Index Scan on k_5  (cost=0.00..5.40 rows=97 width=0)
	        Index Cond: ((k >= 7179680) AND (k <= 7179780))

table 6 : explain SELECT k, c FROM sbtest6 WHERE k BETWEEN 7179680 AND 7179780
	Bitmap Heap Scan on sbtest6  (cost=5.45..397.69 rows=99 width=125)
	  Recheck Cond: ((k >= 7179680) AND (k <= 7179780))
	  ->  Bitmap Index Scan on k_6  (cost=0.00..5.42 rows=99 width=0)
	        Index Cond: ((k >= 7179680) AND (k <= 7179780))

table 7 : explain SELECT k, c FROM sbtest7 WHERE k BETWEEN 7179680 AND 7179780
	Bitmap Heap Scan on sbtest7  (cost=5.43..389.74 rows=97 width=125)
	  Recheck Cond: ((k >= 7179680) AND (k <= 7179780))
	  ->  Bitmap Index Scan on k_7  (cost=0.00..5.40 rows=97 width=0)
	        Index Cond: ((k >= 7179680) AND (k <= 7179780))

table 8 : explain SELECT k, c FROM sbtest8 WHERE k BETWEEN 7179680 AND 7179780
	Bitmap Heap Scan on sbtest8  (cost=5.50..417.43 rows=104 width=125)
	  Recheck Cond: ((k >= 7179680) AND (k <= 7179780))
	  ->  Bitmap Index Scan on k_8  (cost=0.00..5.47 rows=104 width=0)
	        Index Cond: ((k >= 7179680) AND (k <= 7179780))
for range-notcovered
table 1 : explain SELECT k, c FROM sbtest1 WHERE k BETWEEN 5006439 AND 5006539
	Bitmap Heap Scan on sbtest1  (cost=5.55..437.19 rows=109 width=125)
	  Recheck Cond: ((k >= 5006439) AND (k <= 5006539))
	  ->  Bitmap Index Scan on k_1  (cost=0.00..5.52 rows=109 width=0)
	        Index Cond: ((k >= 5006439) AND (k <= 5006539))

table 2 : explain SELECT k, c FROM sbtest2 WHERE k BETWEEN 5006439 AND 5006539
	Bitmap Heap Scan on sbtest2  (cost=5.57..445.02 rows=111 width=125)
	  Recheck Cond: ((k >= 5006439) AND (k <= 5006539))
	  ->  Bitmap Index Scan on k_2  (cost=0.00..5.54 rows=111 width=0)
	        Index Cond: ((k >= 5006439) AND (k <= 5006539))

table 3 : explain SELECT k, c FROM sbtest3 WHERE k BETWEEN 5006439 AND 5006539
	Bitmap Heap Scan on sbtest3  (cost=5.46..401.59 rows=100 width=125)
	  Recheck Cond: ((k >= 5006439) AND (k <= 5006539))
	  ->  Bitmap Index Scan on k_3  (cost=0.00..5.43 rows=100 width=0)
	        Index Cond: ((k >= 5006439) AND (k <= 5006539))

table 4 : explain SELECT k, c FROM sbtest4 WHERE k BETWEEN 5006439 AND 5006539
	Bitmap Heap Scan on sbtest4  (cost=5.47..405.59 rows=101 width=125)
	  Recheck Cond: ((k >= 5006439) AND (k <= 5006539))
	  ->  Bitmap Index Scan on k_4  (cost=0.00..5.44 rows=101 width=0)
	        Index Cond: ((k >= 5006439) AND (k <= 5006539))

table 5 : explain SELECT k, c FROM sbtest5 WHERE k BETWEEN 5006439 AND 5006539
	Bitmap Heap Scan on sbtest5  (cost=5.45..397.70 rows=99 width=125)
	  Recheck Cond: ((k >= 5006439) AND (k <= 5006539))
	  ->  Bitmap Index Scan on k_5  (cost=0.00..5.42 rows=99 width=0)
	        Index Cond: ((k >= 5006439) AND (k <= 5006539))

table 6 : explain SELECT k, c FROM sbtest6 WHERE k BETWEEN 5006439 AND 5006539
	Bitmap Heap Scan on sbtest6  (cost=5.50..417.41 rows=104 width=125)
	  Recheck Cond: ((k >= 5006439) AND (k <= 5006539))
	  ->  Bitmap Index Scan on k_6  (cost=0.00..5.47 rows=104 width=0)
	        Index Cond: ((k >= 5006439) AND (k <= 5006539))

table 7 : explain SELECT k, c FROM sbtest7 WHERE k BETWEEN 5006439 AND 5006539
	Bitmap Heap Scan on sbtest7  (cost=5.42..385.79 rows=96 width=125)
	  Recheck Cond: ((k >= 5006439) AND (k <= 5006539))
	  ->  Bitmap Index Scan on k_7  (cost=0.00..5.39 rows=96 width=0)
	        Index Cond: ((k >= 5006439) AND (k <= 5006539))

table 8 : explain SELECT k, c FROM sbtest8 WHERE k BETWEEN 5006439 AND 5006539
	Bitmap Heap Scan on sbtest8  (cost=5.39..374.02 rows=93 width=125)
	  Recheck Cond: ((k >= 5006439) AND (k <= 5006539))
	  ->  Bitmap Index Scan on k_8  (cost=0.00..5.36 rows=93 width=0)
	        Index Cond: ((k >= 5006439) AND (k <= 5006539))

explain: for range-notcovered :: explain SELECT k, c FROM sbtest%d WHERE k BETWEEN 6676821 AND 6676921
explain: for range-notcovered :: explain SELECT k, c FROM sbtest%d WHERE k BETWEEN 6909611 AND 6909711
explain: for range-notcovered :: explain SELECT k, c FROM sbtest%d WHERE k BETWEEN 2327787 AND 2327887explain: for range-notcovered :: explain SELECT k, c FROM sbtest%d WHERE k BETWEEN 4250238 AND 4250338


for range-notcovered
table 1 : explain SELECT k, c FROM sbtest1 WHERE k BETWEEN 7216687 AND 7216787
	Bitmap Heap Scan on sbtest1  (cost=5.49..413.53 rows=103 width=125)
	  Recheck Cond: ((k >= 7216687) AND (k <= 7216787))
	  ->  Bitmap Index Scan on k_1  (cost=0.00..5.46 rows=103 width=0)
	        Index Cond: ((k >= 7216687) AND (k <= 7216787))

table 2 : explain SELECT k, c FROM sbtest2 WHERE k BETWEEN 7216687 AND 7216787
	Bitmap Heap Scan on sbtest2  (cost=5.41..381.91 rows=95 width=125)
	  Recheck Cond: ((k >= 7216687) AND (k <= 7216787))
	  ->  Bitmap Index Scan on k_2  (cost=0.00..5.38 rows=95 width=0)
	        Index Cond: ((k >= 7216687) AND (k <= 7216787))

table 3 : explain SELECT k, c FROM sbtest3 WHERE k BETWEEN 7216687 AND 7216787
	Bitmap Heap Scan on sbtest3  (cost=5.47..405.53 rows=101 width=125)
	  Recheck Cond: ((k >= 7216687) AND (k <= 7216787))
	  ->  Bitmap Index Scan on k_3  (cost=0.00..5.44 rows=101 width=0)
	        Index Cond: ((k >= 7216687) AND (k <= 7216787))

table 4 : explain SELECT k, c FROM sbtest4 WHERE k BETWEEN 7216687 AND 7216787
	Bitmap Heap Scan on sbtest4  (cost=5.53..429.25 rows=107 width=125)
	  Recheck Cond: ((k >= 7216687) AND (k <= 7216787))
	  ->  Bitmap Index Scan on k_4  (cost=0.00..5.50 rows=107 width=0)
	        Index Cond: ((k >= 7216687) AND (k <= 7216787))

table 5 : explain SELECT k, c FROM sbtest5 WHERE k BETWEEN 7216687 AND 7216787
	Bitmap Heap Scan on sbtest5  (cost=5.48..409.54 rows=102 width=125)
	  Recheck Cond: ((k >= 7216687) AND (k <= 7216787))
	  ->  Bitmap Index Scan on k_5  (cost=0.00..5.45 rows=102 width=0)
	        Index Cond: ((k >= 7216687) AND (k <= 7216787))

table 6 : explain SELECT k, c FROM sbtest6 WHERE k BETWEEN 7216687 AND 7216787
	Bitmap Heap Scan on sbtest6  (cost=5.45..397.69 rows=99 width=125)
	  Recheck Cond: ((k >= 7216687) AND (k <= 7216787))
	  ->  Bitmap Index Scan on k_6  (cost=0.00..5.42 rows=99 width=0)
	        Index Cond: ((k >= 7216687) AND (k <= 7216787))

table 7 : explain SELECT k, c FROM sbtest7 WHERE k BETWEEN 7216687 AND 7216787
	Bitmap Heap Scan on sbtest7  (cost=5.51..421.29 rows=105 width=125)
	  Recheck Cond: ((k >= 7216687) AND (k <= 7216787))
	  ->  Bitmap Index Scan on k_7  (cost=0.00..5.48 rows=105 width=0)
	        Index Cond: ((k >= 7216687) AND (k <= 7216787))

table 8 : explain SELECT k, c FROM sbtest8 WHERE k BETWEEN 7216687 AND 7216787
	Bitmap Heap Scan on sbtest8  (cost=5.56..441.09 rows=110 width=125)
	  Recheck Cond: ((k >= 7216687) AND (k <= 7216787))
	  ->  Bitmap Index Scan on k_8  (cost=0.00..5.53 rows=110 width=0)
	        Index Cond: ((k >= 7216687) AND (k <= 7216787))

explain: for range-notcovered :: explain SELECT k, c FROM sbtest%d WHERE k BETWEEN 6262062 AND 6262162
for range-notcovered
table 1 : explain SELECT k, c FROM sbtest1 WHERE k BETWEEN 6814436 AND 6814536
	Bitmap Heap Scan on sbtest1  (cost=5.51..421.42 rows=105 width=125)
	  Recheck Cond: ((k >= 6814436) AND (k <= 6814536))
	  ->  Bitmap Index Scan on k_1  (cost=0.00..5.48 rows=105 width=0)
	        Index Cond: ((k >= 6814436) AND (k <= 6814536))

table 2 : explain SELECT k, c FROM sbtest2 WHERE k BETWEEN 6814436 AND 6814536
	Bitmap Heap Scan on sbtest2  (cost=5.36..362.17 rows=90 width=125)
	  Recheck Cond: ((k >= 6814436) AND (k <= 6814536))
	  ->  Bitmap Index Scan on k_2  (cost=0.00..5.33 rows=90 width=0)
	        Index Cond: ((k >= 6814436) AND (k <= 6814536))

table 3 : explain SELECT k, c FROM sbtest3 WHERE k BETWEEN 6814436 AND 6814536
	Bitmap Heap Scan on sbtest3  (cost=5.60..456.78 rows=114 width=125)
	  Recheck Cond: ((k >= 6814436) AND (k <= 6814536))
	  ->  Bitmap Index Scan on k_3  (cost=0.00..5.58 rows=114 width=0)
	        Index Cond: ((k >= 6814436) AND (k <= 6814536))

table 4 : explain SELECT k, c FROM sbtest4 WHERE k BETWEEN 6814436 AND 6814536
	Bitmap Heap Scan on sbtest4  (cost=5.46..401.64 rows=100 width=125)
	  Recheck Cond: ((k >= 6814436) AND (k <= 6814536))
	  ->  Bitmap Index Scan on k_4  (cost=0.00..5.43 rows=100 width=0)
	        Index Cond: ((k >= 6814436) AND (k <= 6814536))

table 5 : explain SELECT k, c FROM sbtest5 WHERE k BETWEEN 6814436 AND 6814536
	Bitmap Heap Scan on sbtest5  (cost=5.42..385.86 rows=96 width=125)
	  Recheck Cond: ((k >= 6814436) AND (k <= 6814536))
	  ->  Bitmap Index Scan on k_5  (cost=0.00..5.39 rows=96 width=0)
	        Index Cond: ((k >= 6814436) AND (k <= 6814536))

table 6 : explain SELECT k, c FROM sbtest6 WHERE k BETWEEN 6814436 AND 6814536
	Bitmap Heap Scan on sbtest6  (cost=5.55..437.13 rows=109 width=125)
	  Recheck Cond: ((k >= 6814436) AND (k <= 6814536))
	  ->  Bitmap Index Scan on k_6  (cost=0.00..5.52 rows=109 width=0)
	        Index Cond: ((k >= 6814436) AND (k <= 6814536))

table 7 : explain SELECT k, c FROM sbtest7 WHERE k BETWEEN 6814436 AND 6814536
	Bitmap Heap Scan on sbtest7  (cost=5.49..413.41 rows=103 width=125)
	  Recheck Cond: ((k >= 6814436) AND (k <= 6814536))
	  ->  Bitmap Index Scan on k_7  (cost=0.00..5.46 rows=103 width=0)
	        Index Cond: ((k >= 6814436) AND (k <= 6814536))

table 8 : explain SELECT k, c FROM sbtest8 WHERE k BETWEEN 6814436 AND 6814536
	Bitmap Heap Scan on sbtest8  (cost=5.47..405.60 rows=101 width=125)
	  Recheck Cond: ((k >= 6814436) AND (k <= 6814536))
	  ->  Bitmap Index Scan on k_8  (cost=0.00..5.44 rows=101 width=0)
	        Index Cond: ((k >= 6814436) AND (k <= 6814536))

for range-notcovered
table 1 : explain SELECT k, c FROM sbtest1 WHERE k BETWEEN 5443553 AND 5443653
	Bitmap Heap Scan on sbtest1  (cost=5.48..409.58 rows=102 width=125)
	  Recheck Cond: ((k >= 5443553) AND (k <= 5443653))
	  ->  Bitmap Index Scan on k_1  (cost=0.00..5.45 rows=102 width=0)
	        Index Cond: ((k >= 5443553) AND (k <= 5443653))

table 2 : explain SELECT k, c FROM sbtest2 WHERE k BETWEEN 5443553 AND 5443653
	Bitmap Heap Scan on sbtest2  (cost=5.39..374.01 rows=93 width=125)
	  Recheck Cond: ((k >= 5443553) AND (k <= 5443653))
	  ->  Bitmap Index Scan on k_2  (cost=0.00..5.36 rows=93 width=0)
	        Index Cond: ((k >= 5443553) AND (k <= 5443653))

table 3 : explain SELECT k, c FROM sbtest3 WHERE k BETWEEN 5443553 AND 5443653
	Bitmap Heap Scan on sbtest3  (cost=5.58..448.90 rows=112 width=125)
	  Recheck Cond: ((k >= 5443553) AND (k <= 5443653))
	  ->  Bitmap Index Scan on k_3  (cost=0.00..5.55 rows=112 width=0)
	        Index Cond: ((k >= 5443553) AND (k <= 5443653))

table 4 : explain SELECT k, c FROM sbtest4 WHERE k BETWEEN 5443553 AND 5443653
	Bitmap Heap Scan on sbtest4  (cost=5.52..425.31 rows=106 width=125)
	  Recheck Cond: ((k >= 5443553) AND (k <= 5443653))
	  ->  Bitmap Index Scan on k_4  (cost=0.00..5.50 rows=106 width=0)
	        Index Cond: ((k >= 5443553) AND (k <= 5443653))

table 5 : explain SELECT k, c FROM sbtest5 WHERE k BETWEEN 5443553 AND 5443653
	Bitmap Heap Scan on sbtest5  (cost=5.54..433.20 rows=108 width=125)
	  Recheck Cond: ((k >= 5443553) AND (k <= 5443653))
	  ->  Bitmap Index Scan on k_5  (cost=0.00..5.51 rows=108 width=0)
	        Index Cond: ((k >= 5443553) AND (k <= 5443653))

table 6 : explain SELECT k, c FROM sbtest6 WHERE k BETWEEN 5443553 AND 5443653
	Bitmap Heap Scan on sbtest6  (cost=5.57..445.01 rows=111 width=125)
	  Recheck Cond: ((k >= 5443553) AND (k <= 5443653))
	  ->  Bitmap Index Scan on k_6  (cost=0.00..5.54 rows=111 width=0)
	        Index Cond: ((k >= 5443553) AND (k <= 5443653))

table 7 : explain SELECT k, c FROM sbtest7 WHERE k BETWEEN 5443553 AND 5443653
	Bitmap Heap Scan on sbtest7  (cost=5.46..401.57 rows=100 width=125)
	  Recheck Cond: ((k >= 5443553) AND (k <= 5443653))
	  ->  Bitmap Index Scan on k_7  (cost=0.00..5.43 rows=100 width=0)
	        Index Cond: ((k >= 5443553) AND (k <= 5443653))

table 8 : explain SELECT k, c FROM sbtest8 WHERE k BETWEEN 5443553 AND 5443653
	Bitmap Heap Scan on sbtest8  (cost=5.46..401.65 rows=100 width=125)
	  Recheck Cond: ((k >= 5443553) AND (k <= 5443653))
	  ->  Bitmap Index Scan on k_8  (cost=0.00..5.43 rows=100 width=0)
	        Index Cond: ((k >= 5443553) AND (k <= 5443653))

for range-notcovered
table 1 : explain SELECT k, c FROM sbtest1 WHERE k BETWEEN 6927879 AND 6927979
	Bitmap Heap Scan on sbtest1  (cost=5.46..401.69 rows=100 width=125)
	  Recheck Cond: ((k >= 6927879) AND (k <= 6927979))
	  ->  Bitmap Index Scan on k_1  (cost=0.00..5.43 rows=100 width=0)
	        Index Cond: ((k >= 6927879) AND (k <= 6927979))

table 2 : explain SELECT k, c FROM sbtest2 WHERE k BETWEEN 6927879 AND 6927979
	Bitmap Heap Scan on sbtest2  (cost=5.52..425.31 rows=106 width=125)
	  Recheck Cond: ((k >= 6927879) AND (k <= 6927979))
	  ->  Bitmap Index Scan on k_2  (cost=0.00..5.50 rows=106 width=0)
	        Index Cond: ((k >= 6927879) AND (k <= 6927979))

table 3 : explain SELECT k, c FROM sbtest3 WHERE k BETWEEN 6927879 AND 6927979
	Bitmap Heap Scan on sbtest3  (cost=5.57..444.96 rows=111 width=125)
	  Recheck Cond: ((k >= 6927879) AND (k <= 6927979))
	  ->  Bitmap Index Scan on k_3  (cost=0.00..5.54 rows=111 width=0)
	        Index Cond: ((k >= 6927879) AND (k <= 6927979))

table 4 : explain SELECT k, c FROM sbtest4 WHERE k BETWEEN 6927879 AND 6927979
	Bitmap Heap Scan on sbtest4  (cost=5.44..393.75 rows=98 width=125)
	  Recheck Cond: ((k >= 6927879) AND (k <= 6927979))
	  ->  Bitmap Index Scan on k_4  (cost=0.00..5.42 rows=98 width=0)
	        Index Cond: ((k >= 6927879) AND (k <= 6927979))

table 5 : explain SELECT k, c FROM sbtest5 WHERE k BETWEEN 6927879 AND 6927979
	Bitmap Heap Scan on sbtest5  (cost=5.56..441.09 rows=110 width=125)
	  Recheck Cond: ((k >= 6927879) AND (k <= 6927979))
	  ->  Bitmap Index Scan on k_5  (cost=0.00..5.53 rows=110 width=0)
	        Index Cond: ((k >= 6927879) AND (k <= 6927979))

table 6 : explain SELECT k, c FROM sbtest6 WHERE k BETWEEN 6927879 AND 6927979
	Bitmap Heap Scan on sbtest6  (cost=5.42..385.85 rows=96 width=125)
	  Recheck Cond: ((k >= 6927879) AND (k <= 6927979))
	  ->  Bitmap Index Scan on k_6  (cost=0.00..5.39 rows=96 width=0)
	        Index Cond: ((k >= 6927879) AND (k <= 6927979))

table 7 : explain SELECT k, c FROM sbtest7 WHERE k BETWEEN 6927879 AND 6927979
	Bitmap Heap Scan on sbtest7  (cost=5.47..405.52 rows=101 width=125)
	  Recheck Cond: ((k >= 6927879) AND (k <= 6927979))
	  ->  Bitmap Index Scan on k_7  (cost=0.00..5.44 rows=101 width=0)
	        Index Cond: ((k >= 6927879) AND (k <= 6927979))

table 8 : explain SELECT k, c FROM sbtest8 WHERE k BETWEEN 6927879 AND 6927979
	Bitmap Heap Scan on sbtest8  (cost=5.50..417.43 rows=104 width=125)
	  Recheck Cond: ((k >= 6927879) AND (k <= 6927979))
	  ->  Bitmap Index Scan on k_8  (cost=0.00..5.47 rows=104 width=0)
	        Index Cond: ((k >= 6927879) AND (k <= 6927979))
explain: for range-notcovered :: explain SELECT k, c FROM sbtest%d WHERE k BETWEEN 7216687 AND 7216787

for range-notcovered
table 1 : explain SELECT k, c FROM sbtest1 WHERE k BETWEEN 3680246 AND 3680346
	Bitmap Heap Scan on sbtest1  (cost=5.47..405.64 rows=101 width=125)
	  Recheck Cond: ((k >= 3680246) AND (k <= 3680346))
	  ->  Bitmap Index Scan on k_1  (cost=0.00..5.44 rows=101 width=0)
	        Index Cond: ((k >= 3680246) AND (k <= 3680346))

table 2 : explain SELECT k, c FROM sbtest2 WHERE k BETWEEN 3680246 AND 3680346
	Bitmap Heap Scan on sbtest2  (cost=5.48..409.53 rows=102 width=125)
	  Recheck Cond: ((k >= 3680246) AND (k <= 3680346))
	  ->  Bitmap Index Scan on k_2  (cost=0.00..5.45 rows=102 width=0)
	        Index Cond: ((k >= 3680246) AND (k <= 3680346))

table 3 : explain SELECT k, c FROM sbtest3 WHERE k BETWEEN 3680246 AND 3680346
	Bitmap Heap Scan on sbtest3  (cost=5.43..389.75 rows=97 width=125)
	  Recheck Cond: ((k >= 3680246) AND (k <= 3680346))
	  ->  Bitmap Index Scan on k_3  (cost=0.00..5.40 rows=97 width=0)
	        Index Cond: ((k >= 3680246) AND (k <= 3680346))

table 4 : explain SELECT k, c FROM sbtest4 WHERE k BETWEEN 3680246 AND 3680346
	Bitmap Heap Scan on sbtest4  (cost=5.48..409.53 rows=102 width=125)
	  Recheck Cond: ((k >= 3680246) AND (k <= 3680346))
	  ->  Bitmap Index Scan on k_4  (cost=0.00..5.45 rows=102 width=0)
	        Index Cond: ((k >= 3680246) AND (k <= 3680346))

table 5 : explain SELECT k, c FROM sbtest5 WHERE k BETWEEN 3680246 AND 3680346
	Bitmap Heap Scan on sbtest5  (cost=5.46..401.65 rows=100 width=125)
	  Recheck Cond: ((k >= 3680246) AND (k <= 3680346))
	  ->  Bitmap Index Scan on k_5  (cost=0.00..5.43 rows=100 width=0)
	        Index Cond: ((k >= 3680246) AND (k <= 3680346))

table 6 : explain SELECT k, c FROM sbtest6 WHERE k BETWEEN 3680246 AND 3680346
	Bitmap Heap Scan on sbtest6  (cost=5.41..381.90 rows=95 width=125)
	  Recheck Cond: ((k >= 3680246) AND (k <= 3680346))
	  ->  Bitmap Index Scan on k_6  (cost=0.00..5.38 rows=95 width=0)
	        Index Cond: ((k >= 3680246) AND (k <= 3680346))

table 7 : explain SELECT k, c FROM sbtest7 WHERE k BETWEEN 3680246 AND 3680346
	Bitmap Heap Scan on sbtest7  (cost=5.46..401.57 rows=100 width=125)
	  Recheck Cond: ((k >= 3680246) AND (k <= 3680346))
	  ->  Bitmap Index Scan on k_7  (cost=0.00..5.43 rows=100 width=0)
	        Index Cond: ((k >= 3680246) AND (k <= 3680346))

table 8 : explain SELECT k, c FROM sbtest8 WHERE k BETWEEN 3680246 AND 3680346
	Bitmap Heap Scan on sbtest8  (cost=5.41..381.92 rows=95 width=125)
	  Recheck Cond: ((k >= 3680246) AND (k <= 3680346))
	  ->  Bitmap Index Scan on k_8  (cost=0.00..5.38 rows=95 width=0)
	        Index Cond: ((k >= 3680246) AND (k <= 3680346))

explain: for range-notcovered :: explain SELECT k, c FROM sbtest%d WHERE k BETWEEN 5006439 AND 5006539
for range-notcovered
table 1 : explain SELECT k, c FROM sbtest1 WHERE k BETWEEN 3507413 AND 3507513
	Bitmap Heap Scan on sbtest1  (cost=5.39..374.06 rows=93 width=125)
	  Recheck Cond: ((k >= 3507413) AND (k <= 3507513))
	  ->  Bitmap Index Scan on k_1  (cost=0.00..5.36 rows=93 width=0)
	        Index Cond: ((k >= 3507413) AND (k <= 3507513))

table 2 : explain SELECT k, c FROM sbtest2 WHERE k BETWEEN 3507413 AND 3507513
	Bitmap Heap Scan on sbtest2  (cost=5.48..409.53 rows=102 width=125)
	  Recheck Cond: ((k >= 3507413) AND (k <= 3507513))
	  ->  Bitmap Index Scan on k_2  (cost=0.00..5.45 rows=102 width=0)
	        Index Cond: ((k >= 3507413) AND (k <= 3507513))

table 3 : explain SELECT k, c FROM sbtest3 WHERE k BETWEEN 3507413 AND 3507513
	Bitmap Heap Scan on sbtest3  (cost=5.46..401.59 rows=100 width=125)
	  Recheck Cond: ((k >= 3507413) AND (k <= 3507513))
	  ->  Bitmap Index Scan on k_3  (cost=0.00..5.43 rows=100 width=0)
	        Index Cond: ((k >= 3507413) AND (k <= 3507513))

table 4 : explain SELECT k, c FROM sbtest4 WHERE k BETWEEN 3507413 AND 3507513
	Bitmap Heap Scan on sbtest4  (cost=5.46..401.64 rows=100 width=125)
	  Recheck Cond: ((k >= 3507413) AND (k <= 3507513))
	  ->  Bitmap Index Scan on k_4  (cost=0.00..5.43 rows=100 width=0)
	        Index Cond: ((k >= 3507413) AND (k <= 3507513))

table 5 : explain SELECT k, c FROM sbtest5 WHERE k BETWEEN 3507413 AND 3507513
	Bitmap Heap Scan on sbtest5  (cost=5.52..425.32 rows=106 width=125)
	  Recheck Cond: ((k >= 3507413) AND (k <= 3507513))
	  ->  Bitmap Index Scan on k_5  (cost=0.00..5.50 rows=106 width=0)
	        Index Cond: ((k >= 3507413) AND (k <= 3507513))

table 6 : explain SELECT k, c FROM sbtest6 WHERE k BETWEEN 3507413 AND 3507513
	Bitmap Heap Scan on sbtest6  (cost=5.55..437.13 rows=109 width=125)
	  Recheck Cond: ((k >= 3507413) AND (k <= 3507513))
	  ->  Bitmap Index Scan on k_6  (cost=0.00..5.52 rows=109 width=0)
	        Index Cond: ((k >= 3507413) AND (k <= 3507513))

table 7 : explain SELECT k, c FROM sbtest7 WHERE k BETWEEN 3507413 AND 3507513
	Bitmap Heap Scan on sbtest7  (cost=5.46..401.57 rows=100 width=125)
	  Recheck Cond: ((k >= 3507413) AND (k <= 3507513))
	  ->  Bitmap Index Scan on k_7  (cost=0.00..5.43 rows=100 width=0)
	        Index Cond: ((k >= 3507413) AND (k <= 3507513))

table 8 : explain SELECT k, c FROM sbtest8 WHERE k BETWEEN 3507413 AND 3507513
	Bitmap Heap Scan on sbtest8  (cost=5.53..429.26 rows=107 width=125)
	  Recheck Cond: ((k >= 3507413) AND (k <= 3507513))
	  ->  Bitmap Index Scan on k_8  (cost=0.00..5.50 rows=107 width=0)
	        Index Cond: ((k >= 3507413) AND (k <= 3507513))

explain: for range-notcovered :: explain SELECT k, c FROM sbtest%d WHERE k BETWEEN 7179680 AND 7179780
explain: for range-notcovered :: explain SELECT k, c FROM sbtest%d WHERE k BETWEEN 6378941 AND 6379041

for range-notcovered
table 1 : explain SELECT k, c FROM sbtest1 WHERE k BETWEEN 1736814 AND 1736914
	Bitmap Heap Scan on sbtest1  (cost=5.50..417.47 rows=104 width=125)
	  Recheck Cond: ((k >= 1736814) AND (k <= 1736914))
	  ->  Bitmap Index Scan on k_1  (cost=0.00..5.47 rows=104 width=0)
	        Index Cond: ((k >= 1736814) AND (k <= 1736914))

table 2 : explain SELECT k, c FROM sbtest2 WHERE k BETWEEN 1736814 AND 1736914
	Bitmap Heap Scan on sbtest2  (cost=5.48..409.53 rows=102 width=125)
	  Recheck Cond: ((k >= 1736814) AND (k <= 1736914))
	  ->  Bitmap Index Scan on k_2  (cost=0.00..5.45 rows=102 width=0)
	        Index Cond: ((k >= 1736814) AND (k <= 1736914))

table 3 : explain SELECT k, c FROM sbtest3 WHERE k BETWEEN 1736814 AND 1736914
	Bitmap Heap Scan on sbtest3  (cost=5.59..452.84 rows=113 width=125)
	  Recheck Cond: ((k >= 1736814) AND (k <= 1736914))
	  ->  Bitmap Index Scan on k_3  (cost=0.00..5.56 rows=113 width=0)
	        Index Cond: ((k >= 1736814) AND (k <= 1736914))

table 4 : explain SELECT k, c FROM sbtest4 WHERE k BETWEEN 1736814 AND 1736914
	Bitmap Heap Scan on sbtest4  (cost=5.50..417.42 rows=104 width=125)
	  Recheck Cond: ((k >= 1736814) AND (k <= 1736914))
	  ->  Bitmap Index Scan on k_4  (cost=0.00..5.47 rows=104 width=0)
	        Index Cond: ((k >= 1736814) AND (k <= 1736914))

table 5 : explain SELECT k, c FROM sbtest5 WHERE k BETWEEN 1736814 AND 1736914
	Bitmap Heap Scan on sbtest5  (cost=5.59..452.91 rows=113 width=125)
	  Recheck Cond: ((k >= 1736814) AND (k <= 1736914))
	  ->  Bitmap Index Scan on k_5  (cost=0.00..5.56 rows=113 width=0)
	        Index Cond: ((k >= 1736814) AND (k <= 1736914))

table 6 : explain SELECT k, c FROM sbtest6 WHERE k BETWEEN 1736814 AND 1736914
	Bitmap Heap Scan on sbtest6  (cost=5.49..413.47 rows=103 width=125)
	  Recheck Cond: ((k >= 1736814) AND (k <= 1736914))
	  ->  Bitmap Index Scan on k_6  (cost=0.00..5.46 rows=103 width=0)
	        Index Cond: ((k >= 1736814) AND (k <= 1736914))

table 7 : explain SELECT k, c FROM sbtest7 WHERE k BETWEEN 1736814 AND 1736914
	Bitmap Heap Scan on sbtest7  (cost=5.41..381.85 rows=95 width=125)
	  Recheck Cond: ((k >= 1736814) AND (k <= 1736914))
	  ->  Bitmap Index Scan on k_7  (cost=0.00..5.38 rows=95 width=0)
	        Index Cond: ((k >= 1736814) AND (k <= 1736914))

table 8 : explain SELECT k, c FROM sbtest8 WHERE k BETWEEN 1736814 AND 1736914
	Bitmap Heap Scan on sbtest8  (cost=5.46..401.65 rows=100 width=125)
	  Recheck Cond: ((k >= 1736814) AND (k <= 1736914))
	  ->  Bitmap Index Scan on k_8  (cost=0.00..5.43 rows=100 width=0)
	        Index Cond: ((k >= 1736814) AND (k <= 1736914))

explain: for range-notcovered :: explain SELECT k, c FROM sbtest%d WHERE k BETWEEN 3507413 AND 3507513explain: for range-notcovered :: explain SELECT k, c FROM sbtest%d WHERE k BETWEEN 5443553 AND 5443653for range-notcovered
table 1 : explain SELECT k, c FROM sbtest1 WHERE k BETWEEN 6789664 AND 6789764
	Bitmap Heap Scan on sbtest1  (cost=5.51..421.42 rows=105 width=125)
	  Recheck Cond: ((k >= 6789664) AND (k <= 6789764))
	  ->  Bitmap Index Scan on k_1  (cost=0.00..5.48 rows=105 width=0)
	        Index Cond: ((k >= 6789664) AND (k <= 6789764))

table 2 : explain SELECT k, c FROM sbtest2 WHERE k BETWEEN 6789664 AND 6789764
	Bitmap Heap Scan on sbtest2  (cost=5.36..362.17 rows=90 width=125)
	  Recheck Cond: ((k >= 6789664) AND (k <= 6789764))
	  ->  Bitmap Index Scan on k_2  (cost=0.00..5.33 rows=90 width=0)
	        Index Cond: ((k >= 6789664) AND (k <= 6789764))

table 3 : explain SELECT k, c FROM sbtest3 WHERE k BETWEEN 6789664 AND 6789764
	Bitmap Heap Scan on sbtest3  (cost=5.60..456.78 rows=114 width=125)
	  Recheck Cond: ((k >= 6789664) AND (k <= 6789764))
	  ->  Bitmap Index Scan on k_3  (cost=0.00..5.58 rows=114 width=0)
	        Index Cond: ((k >= 6789664) AND (k <= 6789764))

table 4 : explain SELECT k, c FROM sbtest4 WHERE k BETWEEN 6789664 AND 6789764
	Bitmap Heap Scan on sbtest4  (cost=5.46..401.64 rows=100 width=125)
	  Recheck Cond: ((k >= 6789664) AND (k <= 6789764))
	  ->  Bitmap Index Scan on k_4  (cost=0.00..5.43 rows=100 width=0)
	        Index Cond: ((k >= 6789664) AND (k <= 6789764))

table 5 : explain SELECT k, c FROM sbtest5 WHERE k BETWEEN 6789664 AND 6789764
	Bitmap Heap Scan on sbtest5  (cost=5.58..448.97 rows=112 width=125)
	  Recheck Cond: ((k >= 6789664) AND (k <= 6789764))
	  ->  Bitmap Index Scan on k_5  (cost=0.00..5.55 rows=112 width=0)
	        Index Cond: ((k >= 6789664) AND (k <= 6789764))

table 6 : explain SELECT k, c FROM sbtest6 WHERE k BETWEEN 6789664 AND 6789764
	Bitmap Heap Scan on sbtest6  (cost=5.55..437.13 rows=109 width=125)
	  Recheck Cond: ((k >= 6789664) AND (k <= 6789764))
	  ->  Bitmap Index Scan on k_6  (cost=0.00..5.52 rows=109 width=0)
	        Index Cond: ((k >= 6789664) AND (k <= 6789764))

table 7 : explain SELECT k, c FROM sbtest7 WHERE k BETWEEN 6789664 AND 6789764
	Bitmap Heap Scan on sbtest7  (cost=5.49..413.41 rows=103 width=125)
	  Recheck Cond: ((k >= 6789664) AND (k <= 6789764))
	  ->  Bitmap Index Scan on k_7  (cost=0.00..5.46 rows=103 width=0)
	        Index Cond: ((k >= 6789664) AND (k <= 6789764))

table 8 : explain SELECT k, c FROM sbtest8 WHERE k BETWEEN 6789664 AND 6789764
	Bitmap Heap Scan on sbtest8  (cost=5.56..441.09 rows=110 width=125)
	  Recheck Cond: ((k >= 6789664) AND (k <= 6789764))
	  ->  Bitmap Index Scan on k_8  (cost=0.00..5.53 rows=110 width=0)
	        Index Cond: ((k >= 6789664) AND (k <= 6789764))

explain: for range-notcovered :: explain SELECT k, c FROM sbtest%d WHERE k BETWEEN 6927879 AND 6927979

explain: for range-notcovered :: explain SELECT k, c FROM sbtest%d WHERE k BETWEEN 3680246 AND 3680346
explain: for range-notcovered :: explain SELECT k, c FROM sbtest%d WHERE k BETWEEN 6814436 AND 6814536

explain: for range-notcovered :: explain SELECT k, c FROM sbtest%d WHERE k BETWEEN 6789664 AND 6789764explain: for range-notcovered :: explain SELECT k, c FROM sbtest%d WHERE k BETWEEN 1736814 AND 1736914
for range-notcovered
table 1 : explain SELECT k, c FROM sbtest1 WHERE k BETWEEN 5813883 AND 5813983
	Bitmap Heap Scan on sbtest1  (cost=5.58..449.02 rows=112 width=125)
	  Recheck Cond: ((k >= 5813883) AND (k <= 5813983))
	  ->  Bitmap Index Scan on k_1  (cost=0.00..5.55 rows=112 width=0)
	        Index Cond: ((k >= 5813883) AND (k <= 5813983))

table 2 : explain SELECT k, c FROM sbtest2 WHERE k BETWEEN 5813883 AND 5813983
	Bitmap Heap Scan on sbtest2  (cost=5.49..413.48 rows=103 width=125)
	  Recheck Cond: ((k >= 5813883) AND (k <= 5813983))
	  ->  Bitmap Index Scan on k_2  (cost=0.00..5.46 rows=103 width=0)
	        Index Cond: ((k >= 5813883) AND (k <= 5813983))

table 3 : explain SELECT k, c FROM sbtest3 WHERE k BETWEEN 5813883 AND 5813983
	Bitmap Heap Scan on sbtest3  (cost=5.39..373.97 rows=93 width=125)
	  Recheck Cond: ((k >= 5813883) AND (k <= 5813983))
	  ->  Bitmap Index Scan on k_3  (cost=0.00..5.36 rows=93 width=0)
	        Index Cond: ((k >= 5813883) AND (k <= 5813983))

table 4 : explain SELECT k, c FROM sbtest4 WHERE k BETWEEN 5813883 AND 5813983
	Bitmap Heap Scan on sbtest4  (cost=5.46..401.64 rows=100 width=125)
	  Recheck Cond: ((k >= 5813883) AND (k <= 5813983))
	  ->  Bitmap Index Scan on k_4  (cost=0.00..5.43 rows=100 width=0)
	        Index Cond: ((k >= 5813883) AND (k <= 5813983))

table 5 : explain SELECT k, c FROM sbtest5 WHERE k BETWEEN 5813883 AND 5813983
	Bitmap Heap Scan on sbtest5  (cost=5.40..377.97 rows=94 width=125)
	  Recheck Cond: ((k >= 5813883) AND (k <= 5813983))
	  ->  Bitmap Index Scan on k_5  (cost=0.00..5.38 rows=94 width=0)
	        Index Cond: ((k >= 5813883) AND (k <= 5813983))

table 6 : explain SELECT k, c FROM sbtest6 WHERE k BETWEEN 5813883 AND 5813983
	Bitmap Heap Scan on sbtest6  (cost=5.36..362.16 rows=90 width=125)
	  Recheck Cond: ((k >= 5813883) AND (k <= 5813983))
	  ->  Bitmap Index Scan on k_6  (cost=0.00..5.33 rows=90 width=0)
	        Index Cond: ((k >= 5813883) AND (k <= 5813983))

table 7 : explain SELECT k, c FROM sbtest7 WHERE k BETWEEN 5813883 AND 5813983
	Bitmap Heap Scan on sbtest7  (cost=5.50..417.35 rows=104 width=125)
	  Recheck Cond: ((k >= 5813883) AND (k <= 5813983))
	  ->  Bitmap Index Scan on k_7  (cost=0.00..5.47 rows=104 width=0)
	        Index Cond: ((k >= 5813883) AND (k <= 5813983))

table 8 : explain SELECT k, c FROM sbtest8 WHERE k BETWEEN 5813883 AND 5813983
	Bitmap Heap Scan on sbtest8  (cost=5.36..362.17 rows=90 width=125)
	  Recheck Cond: ((k >= 5813883) AND (k <= 5813983))
	  ->  Bitmap Index Scan on k_8  (cost=0.00..5.33 rows=90 width=0)
	        Index Cond: ((k >= 5813883) AND (k <= 5813983))

for range-notcovered
table 1 : explain SELECT k, c FROM sbtest1 WHERE k BETWEEN 5503157 AND 5503257
	Bitmap Heap Scan on sbtest1  (cost=5.49..413.53 rows=103 width=125)
	  Recheck Cond: ((k >= 5503157) AND (k <= 5503257))
	  ->  Bitmap Index Scan on k_1  (cost=0.00..5.46 rows=103 width=0)
	        Index Cond: ((k >= 5503157) AND (k <= 5503257))

table 2 : explain SELECT k, c FROM sbtest2 WHERE k BETWEEN 5503157 AND 5503257
	Bitmap Heap Scan on sbtest2  (cost=5.56..441.08 rows=110 width=125)
	  Recheck Cond: ((k >= 5503157) AND (k <= 5503257))
	  ->  Bitmap Index Scan on k_2  (cost=0.00..5.53 rows=110 width=0)
	        Index Cond: ((k >= 5503157) AND (k <= 5503257))

table 3 : explain SELECT k, c FROM sbtest3 WHERE k BETWEEN 5503157 AND 5503257
	Bitmap Heap Scan on sbtest3  (cost=5.41..381.86 rows=95 width=125)
	  Recheck Cond: ((k >= 5503157) AND (k <= 5503257))
	  ->  Bitmap Index Scan on k_3  (cost=0.00..5.38 rows=95 width=0)
	        Index Cond: ((k >= 5503157) AND (k <= 5503257))

table 4 : explain SELECT k, c FROM sbtest4 WHERE k BETWEEN 5503157 AND 5503257
	Bitmap Heap Scan on sbtest4  (cost=5.41..381.91 rows=95 width=125)
	  Recheck Cond: ((k >= 5503157) AND (k <= 5503257))
	  ->  Bitmap Index Scan on k_4  (cost=0.00..5.38 rows=95 width=0)
	        Index Cond: ((k >= 5503157) AND (k <= 5503257))

table 5 : explain SELECT k, c FROM sbtest5 WHERE k BETWEEN 5503157 AND 5503257
	Bitmap Heap Scan on sbtest5  (cost=5.54..433.20 rows=108 width=125)
	  Recheck Cond: ((k >= 5503157) AND (k <= 5503257))
	  ->  Bitmap Index Scan on k_5  (cost=0.00..5.51 rows=108 width=0)
	        Index Cond: ((k >= 5503157) AND (k <= 5503257))

table 6 : explain SELECT k, c FROM sbtest6 WHERE k BETWEEN 5503157 AND 5503257
	Bitmap Heap Scan on sbtest6  (cost=5.57..445.01 rows=111 width=125)
	  Recheck Cond: ((k >= 5503157) AND (k <= 5503257))
	  ->  Bitmap Index Scan on k_6  (cost=0.00..5.54 rows=111 width=0)
	        Index Cond: ((k >= 5503157) AND (k <= 5503257))

table 7 : explain SELECT k, c FROM sbtest7 WHERE k BETWEEN 5503157 AND 5503257
	Bitmap Heap Scan on sbtest7  (cost=5.43..389.74 rows=97 width=125)
	  Recheck Cond: ((k >= 5503157) AND (k <= 5503257))
	  ->  Bitmap Index Scan on k_7  (cost=0.00..5.40 rows=97 width=0)
	        Index Cond: ((k >= 5503157) AND (k <= 5503257))

table 8 : explain SELECT k, c FROM sbtest8 WHERE k BETWEEN 5503157 AND 5503257
	Bitmap Heap Scan on sbtest8  (cost=5.46..401.65 rows=100 width=125)
	  Recheck Cond: ((k >= 5503157) AND (k <= 5503257))
	  ->  Bitmap Index Scan on k_8  (cost=0.00..5.43 rows=100 width=0)
	        Index Cond: ((k >= 5503157) AND (k <= 5503257))



for range-notcovered
table 1 : explain SELECT k, c FROM sbtest1 WHERE k BETWEEN 7372991 AND 7373091
	Bitmap Heap Scan on sbtest1  (cost=5.42..385.90 rows=96 width=125)
	  Recheck Cond: ((k >= 7372991) AND (k <= 7373091))
	  ->  Bitmap Index Scan on k_1  (cost=0.00..5.39 rows=96 width=0)
	        Index Cond: ((k >= 7372991) AND (k <= 7373091))

table 2 : explain SELECT k, c FROM sbtest2 WHERE k BETWEEN 7372991 AND 7373091
	Bitmap Heap Scan on sbtest2  (cost=5.43..389.80 rows=97 width=125)
	  Recheck Cond: ((k >= 7372991) AND (k <= 7373091))
	  ->  Bitmap Index Scan on k_2  (cost=0.00..5.40 rows=97 width=0)
	        Index Cond: ((k >= 7372991) AND (k <= 7373091))

table 3 : explain SELECT k, c FROM sbtest3 WHERE k BETWEEN 7372991 AND 7373091
	Bitmap Heap Scan on sbtest3  (cost=5.43..389.75 rows=97 width=125)
	  Recheck Cond: ((k >= 7372991) AND (k <= 7373091))
	  ->  Bitmap Index Scan on k_3  (cost=0.00..5.40 rows=97 width=0)
	        Index Cond: ((k >= 7372991) AND (k <= 7373091))

table 4 : explain SELECT k, c FROM sbtest4 WHERE k BETWEEN 7372991 AND 7373091
	Bitmap Heap Scan on sbtest4  (cost=5.40..377.96 rows=94 width=125)
	  Recheck Cond: ((k >= 7372991) AND (k <= 7373091))
	  ->  Bitmap Index Scan on k_4  (cost=0.00..5.38 rows=94 width=0)
	        Index Cond: ((k >= 7372991) AND (k <= 7373091))

table 5 : explain SELECT k, c FROM sbtest5 WHERE k BETWEEN 7372991 AND 7373091
	Bitmap Heap Scan on sbtest5  (cost=5.46..401.65 rows=100 width=125)
	  Recheck Cond: ((k >= 7372991) AND (k <= 7373091))
	  ->  Bitmap Index Scan on k_5  (cost=0.00..5.43 rows=100 width=0)
	        Index Cond: ((k >= 7372991) AND (k <= 7373091))

table 6 : explain SELECT k, c FROM sbtest6 WHERE k BETWEEN 7372991 AND 7373091
	Bitmap Heap Scan on sbtest6  (cost=5.52..425.30 rows=106 width=125)
	  Recheck Cond: ((k >= 7372991) AND (k <= 7373091))
	  ->  Bitmap Index Scan on k_6  (cost=0.00..5.50 rows=106 width=0)
	        Index Cond: ((k >= 7372991) AND (k <= 7373091))

table 7 : explain SELECT k, c FROM sbtest7 WHERE k BETWEEN 7372991 AND 7373091
	Bitmap Heap Scan on sbtest7  (cost=5.65..476.45 rows=119 width=125)
	  Recheck Cond: ((k >= 7372991) AND (k <= 7373091))
	  ->  Bitmap Index Scan on k_7  (cost=0.00..5.62 rows=119 width=0)
	        Index Cond: ((k >= 7372991) AND (k <= 7373091))

table 8 : explain SELECT k, c FROM sbtest8 WHERE k BETWEEN 7372991 AND 7373091
	Bitmap Heap Scan on sbtest8  (cost=5.43..389.81 rows=97 width=125)
	  Recheck Cond: ((k >= 7372991) AND (k <= 7373091))
	  ->  Bitmap Index Scan on k_8  (cost=0.00..5.40 rows=97 width=0)
	        Index Cond: ((k >= 7372991) AND (k <= 7373091))

for range-notcovered
table 1 : explain SELECT k, c FROM sbtest1 WHERE k BETWEEN 7841640 AND 7841740
	Bitmap Heap Scan on sbtest1  (cost=5.51..421.42 rows=105 width=125)
	  Recheck Cond: ((k >= 7841640) AND (k <= 7841740))
	  ->  Bitmap Index Scan on k_1  (cost=0.00..5.48 rows=105 width=0)
	        Index Cond: ((k >= 7841640) AND (k <= 7841740))

table 2 : explain SELECT k, c FROM sbtest2 WHERE k BETWEEN 7841640 AND 7841740
	Bitmap Heap Scan on sbtest2  (cost=5.52..425.31 rows=106 width=125)
	  Recheck Cond: ((k >= 7841640) AND (k <= 7841740))
	  ->  Bitmap Index Scan on k_2  (cost=0.00..5.50 rows=106 width=0)
	        Index Cond: ((k >= 7841640) AND (k <= 7841740))

table 3 : explain SELECT k, c FROM sbtest3 WHERE k BETWEEN 7841640 AND 7841740
	Bitmap Heap Scan on sbtest3  (cost=5.44..393.70 rows=98 width=125)
	  Recheck Cond: ((k >= 7841640) AND (k <= 7841740))
	  ->  Bitmap Index Scan on k_3  (cost=0.00..5.42 rows=98 width=0)
	        Index Cond: ((k >= 7841640) AND (k <= 7841740))

table 4 : explain SELECT k, c FROM sbtest4 WHERE k BETWEEN 7841640 AND 7841740
	Bitmap Heap Scan on sbtest4  (cost=5.45..397.70 rows=99 width=125)
	  Recheck Cond: ((k >= 7841640) AND (k <= 7841740))
	  ->  Bitmap Index Scan on k_4  (cost=0.00..5.42 rows=99 width=0)
	        Index Cond: ((k >= 7841640) AND (k <= 7841740))

table 5 : explain SELECT k, c FROM sbtest5 WHERE k BETWEEN 7841640 AND 7841740
	Bitmap Heap Scan on sbtest5  (cost=5.48..409.54 rows=102 width=125)
	  Recheck Cond: ((k >= 7841640) AND (k <= 7841740))
	  ->  Bitmap Index Scan on k_5  (cost=0.00..5.45 rows=102 width=0)
	        Index Cond: ((k >= 7841640) AND (k <= 7841740))

table 6 : explain SELECT k, c FROM sbtest6 WHERE k BETWEEN 7841640 AND 7841740
	Bitmap Heap Scan on sbtest6  (cost=5.42..385.85 rows=96 width=125)
	  Recheck Cond: ((k >= 7841640) AND (k <= 7841740))
	  ->  Bitmap Index Scan on k_6  (cost=0.00..5.39 rows=96 width=0)
	        Index Cond: ((k >= 7841640) AND (k <= 7841740))

table 7 : explain SELECT k, c FROM sbtest7 WHERE k BETWEEN 7841640 AND 7841740
	Bitmap Heap Scan on sbtest7  (cost=5.38..370.00 rows=92 width=125)
	  Recheck Cond: ((k >= 7841640) AND (k <= 7841740))
	  ->  Bitmap Index Scan on k_7  (cost=0.00..5.35 rows=92 width=0)
	        Index Cond: ((k >= 7841640) AND (k <= 7841740))

table 8 : explain SELECT k, c FROM sbtest8 WHERE k BETWEEN 7841640 AND 7841740
	Bitmap Heap Scan on sbtest8  (cost=5.48..409.54 rows=102 width=125)
	  Recheck Cond: ((k >= 7841640) AND (k <= 7841740))
	  ->  Bitmap Index Scan on k_8  (cost=0.00..5.45 rows=102 width=0)
	        Index Cond: ((k >= 7841640) AND (k <= 7841740))

explain: for range-notcovered :: explain SELECT k, c FROM sbtest%d WHERE k BETWEEN 5813883 AND 5813983
for range-notcovered
table 1 : explain SELECT k, c FROM sbtest1 WHERE k BETWEEN 6148959 AND 6149059
	Bitmap Heap Scan on sbtest1  (cost=5.49..413.53 rows=103 width=125)
	  Recheck Cond: ((k >= 6148959) AND (k <= 6149059))
	  ->  Bitmap Index Scan on k_1  (cost=0.00..5.46 rows=103 width=0)
	        Index Cond: ((k >= 6148959) AND (k <= 6149059))

table 2 : explain SELECT k, c FROM sbtest2 WHERE k BETWEEN 6148959 AND 6149059
	Bitmap Heap Scan on sbtest2  (cost=5.41..381.91 rows=95 width=125)
	  Recheck Cond: ((k >= 6148959) AND (k <= 6149059))
	  ->  Bitmap Index Scan on k_2  (cost=0.00..5.38 rows=95 width=0)
	        Index Cond: ((k >= 6148959) AND (k <= 6149059))

table 3 : explain SELECT k, c FROM sbtest3 WHERE k BETWEEN 6148959 AND 6149059
	Bitmap Heap Scan on sbtest3  (cost=5.50..417.37 rows=104 width=125)
	  Recheck Cond: ((k >= 6148959) AND (k <= 6149059))
	  ->  Bitmap Index Scan on k_3  (cost=0.00..5.47 rows=104 width=0)
	        Index Cond: ((k >= 6148959) AND (k <= 6149059))

table 4 : explain SELECT k, c FROM sbtest4 WHERE k BETWEEN 6148959 AND 6149059
	Bitmap Heap Scan on sbtest4  (cost=5.36..362.17 rows=90 width=125)
	  Recheck Cond: ((k >= 6148959) AND (k <= 6149059))
	  ->  Bitmap Index Scan on k_4  (cost=0.00..5.33 rows=90 width=0)
	        Index Cond: ((k >= 6148959) AND (k <= 6149059))

table 5 : explain SELECT k, c FROM sbtest5 WHERE k BETWEEN 6148959 AND 6149059
	Bitmap Heap Scan on sbtest5  (cost=5.55..437.14 rows=109 width=125)
	  Recheck Cond: ((k >= 6148959) AND (k <= 6149059))
	  ->  Bitmap Index Scan on k_5  (cost=0.00..5.52 rows=109 width=0)
	        Index Cond: ((k >= 6148959) AND (k <= 6149059))

table 6 : explain SELECT k, c FROM sbtest6 WHERE k BETWEEN 6148959 AND 6149059
	Bitmap Heap Scan on sbtest6  (cost=5.43..389.80 rows=97 width=125)
	  Recheck Cond: ((k >= 6148959) AND (k <= 6149059))
	  ->  Bitmap Index Scan on k_6  (cost=0.00..5.40 rows=97 width=0)
	        Index Cond: ((k >= 6148959) AND (k <= 6149059))

table 7 : explain SELECT k, c FROM sbtest7 WHERE k BETWEEN 6148959 AND 6149059
	Bitmap Heap Scan on sbtest7  (cost=5.51..421.29 rows=105 width=125)
	  Recheck Cond: ((k >= 6148959) AND (k <= 6149059))
	  ->  Bitmap Index Scan on k_7  (cost=0.00..5.48 rows=105 width=0)
	        Index Cond: ((k >= 6148959) AND (k <= 6149059))

table 8 : explain SELECT k, c FROM sbtest8 WHERE k BETWEEN 6148959 AND 6149059
	Bitmap Heap Scan on sbtest8  (cost=5.43..389.81 rows=97 width=125)
	  Recheck Cond: ((k >= 6148959) AND (k <= 6149059))
	  ->  Bitmap Index Scan on k_8  (cost=0.00..5.40 rows=97 width=0)
	        Index Cond: ((k >= 6148959) AND (k <= 6149059))

for range-notcovered
table 1 : explain SELECT k, c FROM sbtest1 WHERE k BETWEEN 4791999 AND 4792099
	Bitmap Heap Scan on sbtest1  (cost=5.50..417.47 rows=104 width=125)
	  Recheck Cond: ((k >= 4791999) AND (k <= 4792099))
	  ->  Bitmap Index Scan on k_1  (cost=0.00..5.47 rows=104 width=0)
	        Index Cond: ((k >= 4791999) AND (k <= 4792099))

table 2 : explain SELECT k, c FROM sbtest2 WHERE k BETWEEN 4791999 AND 4792099
	Bitmap Heap Scan on sbtest2  (cost=5.40..377.96 rows=94 width=125)
	  Recheck Cond: ((k >= 4791999) AND (k <= 4792099))
	  ->  Bitmap Index Scan on k_2  (cost=0.00..5.38 rows=94 width=0)
	        Index Cond: ((k >= 4791999) AND (k <= 4792099))

table 3 : explain SELECT k, c FROM sbtest3 WHERE k BETWEEN 4791999 AND 4792099
	Bitmap Heap Scan on sbtest3  (cost=5.49..413.42 rows=103 width=125)
	  Recheck Cond: ((k >= 4791999) AND (k <= 4792099))
	  ->  Bitmap Index Scan on k_3  (cost=0.00..5.46 rows=103 width=0)
	        Index Cond: ((k >= 4791999) AND (k <= 4792099))

table 4 : explain SELECT k, c FROM sbtest4 WHERE k BETWEEN 4791999 AND 4792099
	Bitmap Heap Scan on sbtest4  (cost=5.48..409.53 rows=102 width=125)
	  Recheck Cond: ((k >= 4791999) AND (k <= 4792099))
	  ->  Bitmap Index Scan on k_4  (cost=0.00..5.45 rows=102 width=0)
	        Index Cond: ((k >= 4791999) AND (k <= 4792099))

table 5 : explain SELECT k, c FROM sbtest5 WHERE k BETWEEN 4791999 AND 4792099
	Bitmap Heap Scan on sbtest5  (cost=5.36..362.17 rows=90 width=125)
	  Recheck Cond: ((k >= 4791999) AND (k <= 4792099))
	  ->  Bitmap Index Scan on k_5  (cost=0.00..5.33 rows=90 width=0)
	        Index Cond: ((k >= 4791999) AND (k <= 4792099))

table 6 : explain SELECT k, c FROM sbtest6 WHERE k BETWEEN 4791999 AND 4792099
	Bitmap Heap Scan on sbtest6  (cost=5.58..448.95 rows=112 width=125)
	  Recheck Cond: ((k >= 4791999) AND (k <= 4792099))
	  ->  Bitmap Index Scan on k_6  (cost=0.00..5.55 rows=112 width=0)
	        Index Cond: ((k >= 4791999) AND (k <= 4792099))

table 7 : explain SELECT k, c FROM sbtest7 WHERE k BETWEEN 4791999 AND 4792099
	Bitmap Heap Scan on sbtest7  (cost=5.50..417.35 rows=104 width=125)
	  Recheck Cond: ((k >= 4791999) AND (k <= 4792099))
	  ->  Bitmap Index Scan on k_7  (cost=0.00..5.47 rows=104 width=0)
	        Index Cond: ((k >= 4791999) AND (k <= 4792099))

table 8 : explain SELECT k, c FROM sbtest8 WHERE k BETWEEN 4791999 AND 4792099
	Bitmap Heap Scan on sbtest8  (cost=5.46..401.65 rows=100 width=125)
	  Recheck Cond: ((k >= 4791999) AND (k <= 4792099))
	  ->  Bitmap Index Scan on k_8  (cost=0.00..5.43 rows=100 width=0)
	        Index Cond: ((k >= 4791999) AND (k <= 4792099))

explain: for range-notcovered :: explain SELECT k, c FROM sbtest%d WHERE k BETWEEN 7841640 AND 7841740
for range-notcovered
table 1 : explain SELECT k, c FROM sbtest1 WHERE k BETWEEN 7743810 AND 7743910
	Bitmap Heap Scan on sbtest1  (cost=5.40..378.01 rows=94 width=125)
	  Recheck Cond: ((k >= 7743810) AND (k <= 7743910))
	  ->  Bitmap Index Scan on k_1  (cost=0.00..5.38 rows=94 width=0)
	        Index Cond: ((k >= 7743810) AND (k <= 7743910))

table 2 : explain SELECT k, c FROM sbtest2 WHERE k BETWEEN 7743810 AND 7743910
	Bitmap Heap Scan on sbtest2  (cost=5.47..405.59 rows=101 width=125)
	  Recheck Cond: ((k >= 7743810) AND (k <= 7743910))
	  ->  Bitmap Index Scan on k_2  (cost=0.00..5.44 rows=101 width=0)
	        Index Cond: ((k >= 7743810) AND (k <= 7743910))

table 3 : explain SELECT k, c FROM sbtest3 WHERE k BETWEEN 7743810 AND 7743910
	Bitmap Heap Scan on sbtest3  (cost=5.41..381.86 rows=95 width=125)
	  Recheck Cond: ((k >= 7743810) AND (k <= 7743910))
	  ->  Bitmap Index Scan on k_3  (cost=0.00..5.38 rows=95 width=0)
	        Index Cond: ((k >= 7743810) AND (k <= 7743910))

table 4 : explain SELECT k, c FROM sbtest4 WHERE k BETWEEN 7743810 AND 7743910
	Bitmap Heap Scan on sbtest4  (cost=5.46..401.64 rows=100 width=125)
	  Recheck Cond: ((k >= 7743810) AND (k <= 7743910))
	  ->  Bitmap Index Scan on k_4  (cost=0.00..5.43 rows=100 width=0)
	        Index Cond: ((k >= 7743810) AND (k <= 7743910))

table 5 : explain SELECT k, c FROM sbtest5 WHERE k BETWEEN 7743810 AND 7743910
	Bitmap Heap Scan on sbtest5  (cost=5.47..405.60 rows=101 width=125)
	  Recheck Cond: ((k >= 7743810) AND (k <= 7743910))
	  ->  Bitmap Index Scan on k_5  (cost=0.00..5.44 rows=101 width=0)
	        Index Cond: ((k >= 7743810) AND (k <= 7743910))

table 6 : explain SELECT k, c FROM sbtest6 WHERE k BETWEEN 7743810 AND 7743910
	Bitmap Heap Scan on sbtest6  (cost=5.44..393.74 rows=98 width=125)
	  Recheck Cond: ((k >= 7743810) AND (k <= 7743910))
	  ->  Bitmap Index Scan on k_6  (cost=0.00..5.42 rows=98 width=0)
	        Index Cond: ((k >= 7743810) AND (k <= 7743910))

table 7 : explain SELECT k, c FROM sbtest7 WHERE k BETWEEN 7743810 AND 7743910
	Bitmap Heap Scan on sbtest7  (cost=5.50..417.35 rows=104 width=125)
	  Recheck Cond: ((k >= 7743810) AND (k <= 7743910))
	  ->  Bitmap Index Scan on k_7  (cost=0.00..5.47 rows=104 width=0)
	        Index Cond: ((k >= 7743810) AND (k <= 7743910))

table 8 : explain SELECT k, c FROM sbtest8 WHERE k BETWEEN 7743810 AND 7743910
	Bitmap Heap Scan on sbtest8  (cost=5.48..409.54 rows=102 width=125)
	  Recheck Cond: ((k >= 7743810) AND (k <= 7743910))
	  ->  Bitmap Index Scan on k_8  (cost=0.00..5.45 rows=102 width=0)
	        Index Cond: ((k >= 7743810) AND (k <= 7743910))

for range-notcovered
table 1 : explain SELECT k, c FROM sbtest1 WHERE k BETWEEN 2158070 AND 2158170
	Bitmap Heap Scan on sbtest1  (cost=5.46..401.69 rows=100 width=125)
	  Recheck Cond: ((k >= 2158070) AND (k <= 2158170))
	  ->  Bitmap Index Scan on k_1  (cost=0.00..5.43 rows=100 width=0)
	        Index Cond: ((k >= 2158070) AND (k <= 2158170))

table 2 : explain SELECT k, c FROM sbtest2 WHERE k BETWEEN 2158070 AND 2158170
	Bitmap Heap Scan on sbtest2  (cost=5.53..429.25 rows=107 width=125)
	  Recheck Cond: ((k >= 2158070) AND (k <= 2158170))
	  ->  Bitmap Index Scan on k_2  (cost=0.00..5.50 rows=107 width=0)
	        Index Cond: ((k >= 2158070) AND (k <= 2158170))

table 3 : explain SELECT k, c FROM sbtest3 WHERE k BETWEEN 2158070 AND 2158170
	Bitmap Heap Scan on sbtest3  (cost=5.53..429.19 rows=107 width=125)
	  Recheck Cond: ((k >= 2158070) AND (k <= 2158170))
	  ->  Bitmap Index Scan on k_3  (cost=0.00..5.50 rows=107 width=0)
	        Index Cond: ((k >= 2158070) AND (k <= 2158170))

table 4 : explain SELECT k, c FROM sbtest4 WHERE k BETWEEN 2158070 AND 2158170
	Bitmap Heap Scan on sbtest4  (cost=5.51..421.36 rows=105 width=125)
	  Recheck Cond: ((k >= 2158070) AND (k <= 2158170))
	  ->  Bitmap Index Scan on k_4  (cost=0.00..5.48 rows=105 width=0)
	        Index Cond: ((k >= 2158070) AND (k <= 2158170))

table 5 : explain SELECT k, c FROM sbtest5 WHERE k BETWEEN 2158070 AND 2158170
	Bitmap Heap Scan on sbtest5  (cost=5.45..397.70 rows=99 width=125)
	  Recheck Cond: ((k >= 2158070) AND (k <= 2158170))
	  ->  Bitmap Index Scan on k_5  (cost=0.00..5.42 rows=99 width=0)
	        Index Cond: ((k >= 2158070) AND (k <= 2158170))

table 6 : explain SELECT k, c FROM sbtest6 WHERE k BETWEEN 2158070 AND 2158170
	Bitmap Heap Scan on sbtest6  (cost=5.45..397.69 rows=99 width=125)
	  Recheck Cond: ((k >= 2158070) AND (k <= 2158170))
	  ->  Bitmap Index Scan on k_6  (cost=0.00..5.42 rows=99 width=0)
	        Index Cond: ((k >= 2158070) AND (k <= 2158170))

table 7 : explain SELECT k, c FROM sbtest7 WHERE k BETWEEN 2158070 AND 2158170
	Bitmap Heap Scan on sbtest7  (cost=5.45..397.63 rows=99 width=125)
	  Recheck Cond: ((k >= 2158070) AND (k <= 2158170))
	  ->  Bitmap Index Scan on k_7  (cost=0.00..5.42 rows=99 width=0)
	        Index Cond: ((k >= 2158070) AND (k <= 2158170))

table 8 : explain SELECT k, c FROM sbtest8 WHERE k BETWEEN 2158070 AND 2158170
	Bitmap Heap Scan on sbtest8  (cost=5.52..425.32 rows=106 width=125)
	  Recheck Cond: ((k >= 2158070) AND (k <= 2158170))
	  ->  Bitmap Index Scan on k_8  (cost=0.00..5.50 rows=106 width=0)
	        Index Cond: ((k >= 2158070) AND (k <= 2158170))

explain: for range-notcovered :: explain SELECT k, c FROM sbtest%d WHERE k BETWEEN 7372991 AND 7373091
explain: for range-notcovered :: explain SELECT k, c FROM sbtest%d WHERE k BETWEEN 5503157 AND 5503257
explain: for range-notcovered :: explain SELECT k, c FROM sbtest%d WHERE k BETWEEN 6148959 AND 6149059for range-notcovered
table 1 : explain SELECT k, c FROM sbtest1 WHERE k BETWEEN 6491710 AND 6491810
	Bitmap Heap Scan on sbtest1  (cost=5.42..385.90 rows=96 width=125)
	  Recheck Cond: ((k >= 6491710) AND (k <= 6491810))
	  ->  Bitmap Index Scan on k_1  (cost=0.00..5.39 rows=96 width=0)
	        Index Cond: ((k >= 6491710) AND (k <= 6491810))

table 2 : explain SELECT k, c FROM sbtest2 WHERE k BETWEEN 6491710 AND 6491810
	Bitmap Heap Scan on sbtest2  (cost=5.58..448.96 rows=112 width=125)
	  Recheck Cond: ((k >= 6491710) AND (k <= 6491810))
	  ->  Bitmap Index Scan on k_2  (cost=0.00..5.55 rows=112 width=0)
	        Index Cond: ((k >= 6491710) AND (k <= 6491810))

table 3 : explain SELECT k, c FROM sbtest3 WHERE k BETWEEN 6491710 AND 6491810
	Bitmap Heap Scan on sbtest3  (cost=5.47..405.53 rows=101 width=125)
	  Recheck Cond: ((k >= 6491710) AND (k <= 6491810))
	  ->  Bitmap Index Scan on k_3  (cost=0.00..5.44 rows=101 width=0)
	        Index Cond: ((k >= 6491710) AND (k <= 6491810))

table 4 : explain SELECT k, c FROM sbtest4 WHERE k BETWEEN 6491710 AND 6491810
	Bitmap Heap Scan on sbtest4  (cost=5.46..401.64 rows=100 width=125)
	  Recheck Cond: ((k >= 6491710) AND (k <= 6491810))
	  ->  Bitmap Index Scan on k_4  (cost=0.00..5.43 rows=100 width=0)
	        Index Cond: ((k >= 6491710) AND (k <= 6491810))

table 5 : explain SELECT k, c FROM sbtest5 WHERE k BETWEEN 6491710 AND 6491810
	Bitmap Heap Scan on sbtest5  (cost=5.39..374.02 rows=93 width=125)
	  Recheck Cond: ((k >= 6491710) AND (k <= 6491810))
	  ->  Bitmap Index Scan on k_5  (cost=0.00..5.36 rows=93 width=0)
	        Index Cond: ((k >= 6491710) AND (k <= 6491810))

table 6 : explain SELECT k, c FROM sbtest6 WHERE k BETWEEN 6491710 AND 6491810
	Bitmap Heap Scan on sbtest6  (cost=5.43..389.80 rows=97 width=125)
	  Recheck Cond: ((k >= 6491710) AND (k <= 6491810))
	  ->  Bitmap Index Scan on k_6  (cost=0.00..5.40 rows=97 width=0)
	        Index Cond: ((k >= 6491710) AND (k <= 6491810))

table 7 : explain SELECT k, c FROM sbtest7 WHERE k BETWEEN 6491710 AND 6491810
	Bitmap Heap Scan on sbtest7  (cost=5.48..409.46 rows=102 width=125)
	  Recheck Cond: ((k >= 6491710) AND (k <= 6491810))
	  ->  Bitmap Index Scan on k_7  (cost=0.00..5.45 rows=102 width=0)
	        Index Cond: ((k >= 6491710) AND (k <= 6491810))

table 8 : explain SELECT k, c FROM sbtest8 WHERE k BETWEEN 6491710 AND 6491810
	Bitmap Heap Scan on sbtest8  (cost=5.50..417.43 rows=104 width=125)
	  Recheck Cond: ((k >= 6491710) AND (k <= 6491810))
	  ->  Bitmap Index Scan on k_8  (cost=0.00..5.47 rows=104 width=0)
	        Index Cond: ((k >= 6491710) AND (k <= 6491810))


explain: for range-notcovered :: explain SELECT k, c FROM sbtest%d WHERE k BETWEEN 7743810 AND 7743910
explain: for range-notcovered :: explain SELECT k, c FROM sbtest%d WHERE k BETWEEN 2158070 AND 2158170
explain: for range-notcovered :: explain SELECT k, c FROM sbtest%d WHERE k BETWEEN 6491710 AND 6491810
for range-notcovered
table 1 : explain SELECT k, c FROM sbtest1 WHERE k BETWEEN 6568066 AND 6568166
	Bitmap Heap Scan on sbtest1  (cost=5.42..385.90 rows=96 width=125)
	  Recheck Cond: ((k >= 6568066) AND (k <= 6568166))
	  ->  Bitmap Index Scan on k_1  (cost=0.00..5.39 rows=96 width=0)
	        Index Cond: ((k >= 6568066) AND (k <= 6568166))

table 2 : explain SELECT k, c FROM sbtest2 WHERE k BETWEEN 6568066 AND 6568166
	Bitmap Heap Scan on sbtest2  (cost=5.58..448.96 rows=112 width=125)
	  Recheck Cond: ((k >= 6568066) AND (k <= 6568166))
	  ->  Bitmap Index Scan on k_2  (cost=0.00..5.55 rows=112 width=0)
	        Index Cond: ((k >= 6568066) AND (k <= 6568166))

table 3 : explain SELECT k, c FROM sbtest3 WHERE k BETWEEN 6568066 AND 6568166
	Bitmap Heap Scan on sbtest3  (cost=5.47..405.53 rows=101 width=125)
	  Recheck Cond: ((k >= 6568066) AND (k <= 6568166))
	  ->  Bitmap Index Scan on k_3  (cost=0.00..5.44 rows=101 width=0)
	        Index Cond: ((k >= 6568066) AND (k <= 6568166))

table 4 : explain SELECT k, c FROM sbtest4 WHERE k BETWEEN 6568066 AND 6568166
	Bitmap Heap Scan on sbtest4  (cost=5.59..452.90 rows=113 width=125)
	  Recheck Cond: ((k >= 6568066) AND (k <= 6568166))
	  ->  Bitmap Index Scan on k_4  (cost=0.00..5.56 rows=113 width=0)
	        Index Cond: ((k >= 6568066) AND (k <= 6568166))

table 5 : explain SELECT k, c FROM sbtest5 WHERE k BETWEEN 6568066 AND 6568166
	Bitmap Heap Scan on sbtest5  (cost=5.45..397.70 rows=99 width=125)
	  Recheck Cond: ((k >= 6568066) AND (k <= 6568166))
	  ->  Bitmap Index Scan on k_5  (cost=0.00..5.42 rows=99 width=0)
	        Index Cond: ((k >= 6568066) AND (k <= 6568166))

table 6 : explain SELECT k, c FROM sbtest6 WHERE k BETWEEN 6568066 AND 6568166
	Bitmap Heap Scan on sbtest6  (cost=5.42..385.85 rows=96 width=125)
	  Recheck Cond: ((k >= 6568066) AND (k <= 6568166))
	  ->  Bitmap Index Scan on k_6  (cost=0.00..5.39 rows=96 width=0)
	        Index Cond: ((k >= 6568066) AND (k <= 6568166))

table 7 : explain SELECT k, c FROM sbtest7 WHERE k BETWEEN 6568066 AND 6568166
	Bitmap Heap Scan on sbtest7  (cost=5.48..409.46 rows=102 width=125)
	  Recheck Cond: ((k >= 6568066) AND (k <= 6568166))
	  ->  Bitmap Index Scan on k_7  (cost=0.00..5.45 rows=102 width=0)
	        Index Cond: ((k >= 6568066) AND (k <= 6568166))

table 8 : explain SELECT k, c FROM sbtest8 WHERE k BETWEEN 6568066 AND 6568166
	Bitmap Heap Scan on sbtest8  (cost=5.49..413.49 rows=103 width=125)
	  Recheck Cond: ((k >= 6568066) AND (k <= 6568166))
	  ->  Bitmap Index Scan on k_8  (cost=0.00..5.46 rows=103 width=0)
	        Index Cond: ((k >= 6568066) AND (k <= 6568166))

for range-notcovered
table 1 : explain SELECT k, c FROM sbtest1 WHERE k BETWEEN 4243893 AND 4243993
	Bitmap Heap Scan on sbtest1  (cost=5.51..421.42 rows=105 width=125)
	  Recheck Cond: ((k >= 4243893) AND (k <= 4243993))
	  ->  Bitmap Index Scan on k_1  (cost=0.00..5.48 rows=105 width=0)
	        Index Cond: ((k >= 4243893) AND (k <= 4243993))

table 2 : explain SELECT k, c FROM sbtest2 WHERE k BETWEEN 4243893 AND 4243993
	Bitmap Heap Scan on sbtest2  (cost=5.57..445.02 rows=111 width=125)
	  Recheck Cond: ((k >= 4243893) AND (k <= 4243993))
	  ->  Bitmap Index Scan on k_2  (cost=0.00..5.54 rows=111 width=0)
	        Index Cond: ((k >= 4243893) AND (k <= 4243993))

table 3 : explain SELECT k, c FROM sbtest3 WHERE k BETWEEN 4243893 AND 4243993
	Bitmap Heap Scan on sbtest3  (cost=5.57..444.96 rows=111 width=125)
	  Recheck Cond: ((k >= 4243893) AND (k <= 4243993))
	  ->  Bitmap Index Scan on k_3  (cost=0.00..5.54 rows=111 width=0)
	        Index Cond: ((k >= 4243893) AND (k <= 4243993))

table 4 : explain SELECT k, c FROM sbtest4 WHERE k BETWEEN 4243893 AND 4243993
	Bitmap Heap Scan on sbtest4  (cost=5.57..445.02 rows=111 width=125)
	  Recheck Cond: ((k >= 4243893) AND (k <= 4243993))
	  ->  Bitmap Index Scan on k_4  (cost=0.00..5.54 rows=111 width=0)
	        Index Cond: ((k >= 4243893) AND (k <= 4243993))

table 5 : explain SELECT k, c FROM sbtest5 WHERE k BETWEEN 4243893 AND 4243993
	Bitmap Heap Scan on sbtest5  (cost=5.53..429.26 rows=107 width=125)
	  Recheck Cond: ((k >= 4243893) AND (k <= 4243993))
	  ->  Bitmap Index Scan on k_5  (cost=0.00..5.50 rows=107 width=0)
	        Index Cond: ((k >= 4243893) AND (k <= 4243993))

table 6 : explain SELECT k, c FROM sbtest6 WHERE k BETWEEN 4243893 AND 4243993
	Bitmap Heap Scan on sbtest6  (cost=5.42..385.85 rows=96 width=125)
	  Recheck Cond: ((k >= 4243893) AND (k <= 4243993))
	  ->  Bitmap Index Scan on k_6  (cost=0.00..5.39 rows=96 width=0)
	        Index Cond: ((k >= 4243893) AND (k <= 4243993))

table 7 : explain SELECT k, c FROM sbtest7 WHERE k BETWEEN 4243893 AND 4243993
	Bitmap Heap Scan on sbtest7  (cost=5.47..405.52 rows=101 width=125)
	  Recheck Cond: ((k >= 4243893) AND (k <= 4243993))
	  ->  Bitmap Index Scan on k_7  (cost=0.00..5.44 rows=101 width=0)
	        Index Cond: ((k >= 4243893) AND (k <= 4243993))

table 8 : explain SELECT k, c FROM sbtest8 WHERE k BETWEEN 4243893 AND 4243993
	Bitmap Heap Scan on sbtest8  (cost=5.53..429.26 rows=107 width=125)
	  Recheck Cond: ((k >= 4243893) AND (k <= 4243993))
	  ->  Bitmap Index Scan on k_8  (cost=0.00..5.50 rows=107 width=0)
	        Index Cond: ((k >= 4243893) AND (k <= 4243993))

for range-notcovered
table 1 : explain SELECT k, c FROM sbtest1 WHERE k BETWEEN 4250238 AND 4250338
	Bitmap Heap Scan on sbtest1  (cost=5.51..421.42 rows=105 width=125)
	  Recheck Cond: ((k >= 4250238) AND (k <= 4250338))
	  ->  Bitmap Index Scan on k_1  (cost=0.00..5.48 rows=105 width=0)
	        Index Cond: ((k >= 4250238) AND (k <= 4250338))

table 2 : explain SELECT k, c FROM sbtest2 WHERE k BETWEEN 4250238 AND 4250338
	Bitmap Heap Scan on sbtest2  (cost=5.45..397.70 rows=99 width=125)
	  Recheck Cond: ((k >= 4250238) AND (k <= 4250338))
	  ->  Bitmap Index Scan on k_2  (cost=0.00..5.42 rows=99 width=0)
	        Index Cond: ((k >= 4250238) AND (k <= 4250338))

table 3 : explain SELECT k, c FROM sbtest3 WHERE k BETWEEN 4250238 AND 4250338
	Bitmap Heap Scan on sbtest3  (cost=5.57..444.96 rows=111 width=125)
	  Recheck Cond: ((k >= 4250238) AND (k <= 4250338))
	  ->  Bitmap Index Scan on k_3  (cost=0.00..5.54 rows=111 width=0)
	        Index Cond: ((k >= 4250238) AND (k <= 4250338))

table 4 : explain SELECT k, c FROM sbtest4 WHERE k BETWEEN 4250238 AND 4250338
	Bitmap Heap Scan on sbtest4  (cost=5.57..445.02 rows=111 width=125)
	  Recheck Cond: ((k >= 4250238) AND (k <= 4250338))
	  ->  Bitmap Index Scan on k_4  (cost=0.00..5.54 rows=111 width=0)
	        Index Cond: ((k >= 4250238) AND (k <= 4250338))

table 5 : explain SELECT k, c FROM sbtest5 WHERE k BETWEEN 4250238 AND 4250338
	Bitmap Heap Scan on sbtest5  (cost=5.53..429.26 rows=107 width=125)
	  Recheck Cond: ((k >= 4250238) AND (k <= 4250338))
	  ->  Bitmap Index Scan on k_5  (cost=0.00..5.50 rows=107 width=0)
	        Index Cond: ((k >= 4250238) AND (k <= 4250338))

table 6 : explain SELECT k, c FROM sbtest6 WHERE k BETWEEN 4250238 AND 4250338
	Bitmap Heap Scan on sbtest6  (cost=5.42..385.85 rows=96 width=125)
	  Recheck Cond: ((k >= 4250238) AND (k <= 4250338))
	  ->  Bitmap Index Scan on k_6  (cost=0.00..5.39 rows=96 width=0)
	        Index Cond: ((k >= 4250238) AND (k <= 4250338))

table 7 : explain SELECT k, c FROM sbtest7 WHERE k BETWEEN 4250238 AND 4250338
	Bitmap Heap Scan on sbtest7  (cost=5.47..405.52 rows=101 width=125)
	  Recheck Cond: ((k >= 4250238) AND (k <= 4250338))
	  ->  Bitmap Index Scan on k_7  (cost=0.00..5.44 rows=101 width=0)
	        Index Cond: ((k >= 4250238) AND (k <= 4250338))

table 8 : explain SELECT k, c FROM sbtest8 WHERE k BETWEEN 4250238 AND 4250338
	Bitmap Heap Scan on sbtest8  (cost=5.53..429.26 rows=107 width=125)
	  Recheck Cond: ((k >= 4250238) AND (k <= 4250338))
	  ->  Bitmap Index Scan on k_8  (cost=0.00..5.50 rows=107 width=0)
	        Index Cond: ((k >= 4250238) AND (k <= 4250338))

for range-notcovered
table 1 : explain SELECT k, c FROM sbtest1 WHERE k BETWEEN 2658640 AND 2658740
	Bitmap Heap Scan on sbtest1  (cost=5.61..460.84 rows=115 width=125)
	  Recheck Cond: ((k >= 2658640) AND (k <= 2658740))
	  ->  Bitmap Index Scan on k_1  (cost=0.00..5.58 rows=115 width=0)
	        Index Cond: ((k >= 2658640) AND (k <= 2658740))

table 2 : explain SELECT k, c FROM sbtest2 WHERE k BETWEEN 2658640 AND 2658740
	Bitmap Heap Scan on sbtest2  (cost=5.45..397.70 rows=99 width=125)
	  Recheck Cond: ((k >= 2658640) AND (k <= 2658740))
	  ->  Bitmap Index Scan on k_2  (cost=0.00..5.42 rows=99 width=0)
	        Index Cond: ((k >= 2658640) AND (k <= 2658740))

table 3 : explain SELECT k, c FROM sbtest3 WHERE k BETWEEN 2658640 AND 2658740
	Bitmap Heap Scan on sbtest3  (cost=5.55..437.08 rows=109 width=125)
	  Recheck Cond: ((k >= 2658640) AND (k <= 2658740))
	  ->  Bitmap Index Scan on k_3  (cost=0.00..5.52 rows=109 width=0)
	        Index Cond: ((k >= 2658640) AND (k <= 2658740))

table 4 : explain SELECT k, c FROM sbtest4 WHERE k BETWEEN 2658640 AND 2658740
	Bitmap Heap Scan on sbtest4  (cost=5.45..397.70 rows=99 width=125)
	  Recheck Cond: ((k >= 2658640) AND (k <= 2658740))
	  ->  Bitmap Index Scan on k_4  (cost=0.00..5.42 rows=99 width=0)
	        Index Cond: ((k >= 2658640) AND (k <= 2658740))

table 5 : explain SELECT k, c FROM sbtest5 WHERE k BETWEEN 2658640 AND 2658740
	Bitmap Heap Scan on sbtest5  (cost=5.38..370.07 rows=92 width=125)
	  Recheck Cond: ((k >= 2658640) AND (k <= 2658740))
	  ->  Bitmap Index Scan on k_5  (cost=0.00..5.35 rows=92 width=0)
	        Index Cond: ((k >= 2658640) AND (k <= 2658740))

table 6 : explain SELECT k, c FROM sbtest6 WHERE k BETWEEN 2658640 AND 2658740
	Bitmap Heap Scan on sbtest6  (cost=5.46..401.63 rows=100 width=125)
	  Recheck Cond: ((k >= 2658640) AND (k <= 2658740))
	  ->  Bitmap Index Scan on k_6  (cost=0.00..5.43 rows=100 width=0)
	        Index Cond: ((k >= 2658640) AND (k <= 2658740))

table 7 : explain SELECT k, c FROM sbtest7 WHERE k BETWEEN 2658640 AND 2658740
	Bitmap Heap Scan on sbtest7  (cost=5.49..413.41 rows=103 width=125)
	  Recheck Cond: ((k >= 2658640) AND (k <= 2658740))
	  ->  Bitmap Index Scan on k_7  (cost=0.00..5.46 rows=103 width=0)
	        Index Cond: ((k >= 2658640) AND (k <= 2658740))

table 8 : explain SELECT k, c FROM sbtest8 WHERE k BETWEEN 2658640 AND 2658740
	Bitmap Heap Scan on sbtest8  (cost=5.47..405.60 rows=101 width=125)
	  Recheck Cond: ((k >= 2658640) AND (k <= 2658740))
	  ->  Bitmap Index Scan on k_8  (cost=0.00..5.44 rows=101 width=0)
	        Index Cond: ((k >= 2658640) AND (k <= 2658740))

explain: for range-notcovered :: explain SELECT k, c FROM sbtest%d WHERE k BETWEEN 6568066 AND 6568166
for range-notcovered
table 1 : explain SELECT k, c FROM sbtest1 WHERE k BETWEEN 7216687 AND 7216787
	Bitmap Heap Scan on sbtest1  (cost=5.49..413.53 rows=103 width=125)
	  Recheck Cond: ((k >= 7216687) AND (k <= 7216787))
	  ->  Bitmap Index Scan on k_1  (cost=0.00..5.46 rows=103 width=0)
	        Index Cond: ((k >= 7216687) AND (k <= 7216787))

table 2 : explain SELECT k, c FROM sbtest2 WHERE k BETWEEN 7216687 AND 7216787
	Bitmap Heap Scan on sbtest2  (cost=5.41..381.91 rows=95 width=125)
	  Recheck Cond: ((k >= 7216687) AND (k <= 7216787))
	  ->  Bitmap Index Scan on k_2  (cost=0.00..5.38 rows=95 width=0)
	        Index Cond: ((k >= 7216687) AND (k <= 7216787))

table 3 : explain SELECT k, c FROM sbtest3 WHERE k BETWEEN 7216687 AND 7216787
	Bitmap Heap Scan on sbtest3  (cost=5.47..405.53 rows=101 width=125)
	  Recheck Cond: ((k >= 7216687) AND (k <= 7216787))
	  ->  Bitmap Index Scan on k_3  (cost=0.00..5.44 rows=101 width=0)
	        Index Cond: ((k >= 7216687) AND (k <= 7216787))

table 4 : explain SELECT k, c FROM sbtest4 WHERE k BETWEEN 7216687 AND 7216787
	Bitmap Heap Scan on sbtest4  (cost=5.53..429.25 rows=107 width=125)
	  Recheck Cond: ((k >= 7216687) AND (k <= 7216787))
	  ->  Bitmap Index Scan on k_4  (cost=0.00..5.50 rows=107 width=0)
	        Index Cond: ((k >= 7216687) AND (k <= 7216787))

table 5 : explain SELECT k, c FROM sbtest5 WHERE k BETWEEN 7216687 AND 7216787
	Bitmap Heap Scan on sbtest5  (cost=5.48..409.54 rows=102 width=125)
	  Recheck Cond: ((k >= 7216687) AND (k <= 7216787))
	  ->  Bitmap Index Scan on k_5  (cost=0.00..5.45 rows=102 width=0)
	        Index Cond: ((k >= 7216687) AND (k <= 7216787))

table 6 : explain SELECT k, c FROM sbtest6 WHERE k BETWEEN 7216687 AND 7216787
	Bitmap Heap Scan on sbtest6  (cost=5.45..397.69 rows=99 width=125)
	  Recheck Cond: ((k >= 7216687) AND (k <= 7216787))
	  ->  Bitmap Index Scan on k_6  (cost=0.00..5.42 rows=99 width=0)
	        Index Cond: ((k >= 7216687) AND (k <= 7216787))

table 7 : explain SELECT k, c FROM sbtest7 WHERE k BETWEEN 7216687 AND 7216787
	Bitmap Heap Scan on sbtest7  (cost=5.51..421.29 rows=105 width=125)
	  Recheck Cond: ((k >= 7216687) AND (k <= 7216787))
	  ->  Bitmap Index Scan on k_7  (cost=0.00..5.48 rows=105 width=0)
	        Index Cond: ((k >= 7216687) AND (k <= 7216787))

table 8 : explain SELECT k, c FROM sbtest8 WHERE k BETWEEN 7216687 AND 7216787
	Bitmap Heap Scan on sbtest8  (cost=5.56..441.09 rows=110 width=125)
	  Recheck Cond: ((k >= 7216687) AND (k <= 7216787))
	  ->  Bitmap Index Scan on k_8  (cost=0.00..5.53 rows=110 width=0)
	        Index Cond: ((k >= 7216687) AND (k <= 7216787))

explain: for range-notcovered :: explain SELECT k, c FROM sbtest%d WHERE k BETWEEN 4243893 AND 4243993
for range-notcovered
table 1 : explain SELECT k, c FROM sbtest1 WHERE k BETWEEN 2327787 AND 2327887
	Bitmap Heap Scan on sbtest1  (cost=5.37..366.16 rows=91 width=125)
	  Recheck Cond: ((k >= 2327787) AND (k <= 2327887))
	  ->  Bitmap Index Scan on k_1  (cost=0.00..5.34 rows=91 width=0)
	        Index Cond: ((k >= 2327787) AND (k <= 2327887))

table 2 : explain SELECT k, c FROM sbtest2 WHERE k BETWEEN 2327787 AND 2327887
	Bitmap Heap Scan on sbtest2  (cost=5.44..393.75 rows=98 width=125)
	  Recheck Cond: ((k >= 2327787) AND (k <= 2327887))
	  ->  Bitmap Index Scan on k_2  (cost=0.00..5.42 rows=98 width=0)
	        Index Cond: ((k >= 2327787) AND (k <= 2327887))

table 3 : explain SELECT k, c FROM sbtest3 WHERE k BETWEEN 2327787 AND 2327887
	Bitmap Heap Scan on sbtest3  (cost=5.57..444.96 rows=111 width=125)
	  Recheck Cond: ((k >= 2327787) AND (k <= 2327887))
	  ->  Bitmap Index Scan on k_3  (cost=0.00..5.54 rows=111 width=0)
	        Index Cond: ((k >= 2327787) AND (k <= 2327887))

table 4 : explain SELECT k, c FROM sbtest4 WHERE k BETWEEN 2327787 AND 2327887
	Bitmap Heap Scan on sbtest4  (cost=5.58..448.96 rows=112 width=125)
	  Recheck Cond: ((k >= 2327787) AND (k <= 2327887))
	  ->  Bitmap Index Scan on k_4  (cost=0.00..5.55 rows=112 width=0)
	        Index Cond: ((k >= 2327787) AND (k <= 2327887))

table 5 : explain SELECT k, c FROM sbtest5 WHERE k BETWEEN 2327787 AND 2327887
	Bitmap Heap Scan on sbtest5  (cost=5.52..425.32 rows=106 width=125)
	  Recheck Cond: ((k >= 2327787) AND (k <= 2327887))
	  ->  Bitmap Index Scan on k_5  (cost=0.00..5.50 rows=106 width=0)
	        Index Cond: ((k >= 2327787) AND (k <= 2327887))

table 6 : explain SELECT k, c FROM sbtest6 WHERE k BETWEEN 2327787 AND 2327887
	Bitmap Heap Scan on sbtest6  (cost=5.38..370.06 rows=92 width=125)
	  Recheck Cond: ((k >= 2327787) AND (k <= 2327887))
	  ->  Bitmap Index Scan on k_6  (cost=0.00..5.35 rows=92 width=0)
	        Index Cond: ((k >= 2327787) AND (k <= 2327887))

table 7 : explain SELECT k, c FROM sbtest7 WHERE k BETWEEN 2327787 AND 2327887
	Bitmap Heap Scan on sbtest7  (cost=5.45..397.63 rows=99 width=125)
	  Recheck Cond: ((k >= 2327787) AND (k <= 2327887))
	  ->  Bitmap Index Scan on k_7  (cost=0.00..5.42 rows=99 width=0)
	        Index Cond: ((k >= 2327787) AND (k <= 2327887))

table 8 : explain SELECT k, c FROM sbtest8 WHERE k BETWEEN 2327787 AND 2327887
	Bitmap Heap Scan on sbtest8  (cost=5.55..437.14 rows=109 width=125)
	  Recheck Cond: ((k >= 2327787) AND (k <= 2327887))
	  ->  Bitmap Index Scan on k_8  (cost=0.00..5.52 rows=109 width=0)
	        Index Cond: ((k >= 2327787) AND (k <= 2327887))
explain: for range-notcovered :: explain SELECT k, c FROM sbtest%d WHERE k BETWEEN 4791999 AND 4792099for range-notcovered
table 1 : explain SELECT k, c FROM sbtest1 WHERE k BETWEEN 6909611 AND 6909711
	Bitmap Heap Scan on sbtest1  (cost=5.46..401.69 rows=100 width=125)
	  Recheck Cond: ((k >= 6909611) AND (k <= 6909711))
	  ->  Bitmap Index Scan on k_1  (cost=0.00..5.43 rows=100 width=0)
	        Index Cond: ((k >= 6909611) AND (k <= 6909711))

table 2 : explain SELECT k, c FROM sbtest2 WHERE k BETWEEN 6909611 AND 6909711
	Bitmap Heap Scan on sbtest2  (cost=5.52..425.31 rows=106 width=125)
	  Recheck Cond: ((k >= 6909611) AND (k <= 6909711))
	  ->  Bitmap Index Scan on k_2  (cost=0.00..5.50 rows=106 width=0)
	        Index Cond: ((k >= 6909611) AND (k <= 6909711))

table 3 : explain SELECT k, c FROM sbtest3 WHERE k BETWEEN 6909611 AND 6909711
	Bitmap Heap Scan on sbtest3  (cost=5.57..444.96 rows=111 width=125)
	  Recheck Cond: ((k >= 6909611) AND (k <= 6909711))
	  ->  Bitmap Index Scan on k_3  (cost=0.00..5.54 rows=111 width=0)
	        Index Cond: ((k >= 6909611) AND (k <= 6909711))

table 4 : explain SELECT k, c FROM sbtest4 WHERE k BETWEEN 6909611 AND 6909711
	Bitmap Heap Scan on sbtest4  (cost=5.44..393.75 rows=98 width=125)
	  Recheck Cond: ((k >= 6909611) AND (k <= 6909711))
	  ->  Bitmap Index Scan on k_4  (cost=0.00..5.42 rows=98 width=0)
	        Index Cond: ((k >= 6909611) AND (k <= 6909711))

table 5 : explain SELECT k, c FROM sbtest5 WHERE k BETWEEN 6909611 AND 6909711
	Bitmap Heap Scan on sbtest5  (cost=5.42..385.86 rows=96 width=125)
	  Recheck Cond: ((k >= 6909611) AND (k <= 6909711))
	  ->  Bitmap Index Scan on k_5  (cost=0.00..5.39 rows=96 width=0)
	        Index Cond: ((k >= 6909611) AND (k <= 6909711))

table 6 : explain SELECT k, c FROM sbtest6 WHERE k BETWEEN 6909611 AND 6909711
	Bitmap Heap Scan on sbtest6  (cost=5.42..385.85 rows=96 width=125)
	  Recheck Cond: ((k >= 6909611) AND (k <= 6909711))
	  ->  Bitmap Index Scan on k_6  (cost=0.00..5.39 rows=96 width=0)
	        Index Cond: ((k >= 6909611) AND (k <= 6909711))

table 7 : explain SELECT k, c FROM sbtest7 WHERE k BETWEEN 6909611 AND 6909711
	Bitmap Heap Scan on sbtest7  (cost=5.47..405.52 rows=101 width=125)
	  Recheck Cond: ((k >= 6909611) AND (k <= 6909711))
	  ->  Bitmap Index Scan on k_7  (cost=0.00..5.44 rows=101 width=0)
	        Index Cond: ((k >= 6909611) AND (k <= 6909711))

table 8 : explain SELECT k, c FROM sbtest8 WHERE k BETWEEN 6909611 AND 6909711
	Bitmap Heap Scan on sbtest8  (cost=5.50..417.43 rows=104 width=125)
	  Recheck Cond: ((k >= 6909611) AND (k <= 6909711))
	  ->  Bitmap Index Scan on k_8  (cost=0.00..5.47 rows=104 width=0)
	        Index Cond: ((k >= 6909611) AND (k <= 6909711))

explain: for range-notcovered :: explain SELECT k, c FROM sbtest%d WHERE k BETWEEN 2658640 AND 2658740

for range-notcovered
table 1 : explain SELECT k, c FROM sbtest1 WHERE k BETWEEN 7179680 AND 7179780
	Bitmap Heap Scan on sbtest1  (cost=5.38..370.11 rows=92 width=125)
	  Recheck Cond: ((k >= 7179680) AND (k <= 7179780))
	  ->  Bitmap Index Scan on k_1  (cost=0.00..5.35 rows=92 width=0)
	        Index Cond: ((k >= 7179680) AND (k <= 7179780))

table 2 : explain SELECT k, c FROM sbtest2 WHERE k BETWEEN 7179680 AND 7179780
	Bitmap Heap Scan on sbtest2  (cost=5.48..409.53 rows=102 width=125)
	  Recheck Cond: ((k >= 7179680) AND (k <= 7179780))
	  ->  Bitmap Index Scan on k_2  (cost=0.00..5.45 rows=102 width=0)
	        Index Cond: ((k >= 7179680) AND (k <= 7179780))

table 3 : explain SELECT k, c FROM sbtest3 WHERE k BETWEEN 7179680 AND 7179780
	Bitmap Heap Scan on sbtest3  (cost=5.47..405.53 rows=101 width=125)
	  Recheck Cond: ((k >= 7179680) AND (k <= 7179780))
	  ->  Bitmap Index Scan on k_3  (cost=0.00..5.44 rows=101 width=0)
	        Index Cond: ((k >= 7179680) AND (k <= 7179780))

table 4 : explain SELECT k, c FROM sbtest4 WHERE k BETWEEN 7179680 AND 7179780
	Bitmap Heap Scan on sbtest4  (cost=5.53..429.25 rows=107 width=125)
	  Recheck Cond: ((k >= 7179680) AND (k <= 7179780))
	  ->  Bitmap Index Scan on k_4  (cost=0.00..5.50 rows=107 width=0)
	        Index Cond: ((k >= 7179680) AND (k <= 7179780))

table 5 : explain SELECT k, c FROM sbtest5 WHERE k BETWEEN 7179680 AND 7179780
	Bitmap Heap Scan on sbtest5  (cost=5.43..389.81 rows=97 width=125)
	  Recheck Cond: ((k >= 7179680) AND (k <= 7179780))
	  ->  Bitmap Index Scan on k_5  (cost=0.00..5.40 rows=97 width=0)
	        Index Cond: ((k >= 7179680) AND (k <= 7179780))

table 6 : explain SELECT k, c FROM sbtest6 WHERE k BETWEEN 7179680 AND 7179780
	Bitmap Heap Scan on sbtest6  (cost=5.45..397.69 rows=99 width=125)
	  Recheck Cond: ((k >= 7179680) AND (k <= 7179780))
	  ->  Bitmap Index Scan on k_6  (cost=0.00..5.42 rows=99 width=0)
	        Index Cond: ((k >= 7179680) AND (k <= 7179780))

table 7 : explain SELECT k, c FROM sbtest7 WHERE k BETWEEN 7179680 AND 7179780
	Bitmap Heap Scan on sbtest7  (cost=5.43..389.74 rows=97 width=125)
	  Recheck Cond: ((k >= 7179680) AND (k <= 7179780))
	  ->  Bitmap Index Scan on k_7  (cost=0.00..5.40 rows=97 width=0)
	        Index Cond: ((k >= 7179680) AND (k <= 7179780))

table 8 : explain SELECT k, c FROM sbtest8 WHERE k BETWEEN 7179680 AND 7179780
	Bitmap Heap Scan on sbtest8  (cost=5.50..417.43 rows=104 width=125)
	  Recheck Cond: ((k >= 7179680) AND (k <= 7179780))
	  ->  Bitmap Index Scan on k_8  (cost=0.00..5.47 rows=104 width=0)
	        Index Cond: ((k >= 7179680) AND (k <= 7179780))


explain: for range-notcovered :: explain SELECT k, c FROM sbtest%d WHERE k BETWEEN 4250238 AND 4250338
for range-notcovered
table 1 : explain SELECT k, c FROM sbtest1 WHERE k BETWEEN 5006439 AND 5006539
	Bitmap Heap Scan on sbtest1  (cost=5.55..437.19 rows=109 width=125)
	  Recheck Cond: ((k >= 5006439) AND (k <= 5006539))
	  ->  Bitmap Index Scan on k_1  (cost=0.00..5.52 rows=109 width=0)
	        Index Cond: ((k >= 5006439) AND (k <= 5006539))

table 2 : explain SELECT k, c FROM sbtest2 WHERE k BETWEEN 5006439 AND 5006539
	Bitmap Heap Scan on sbtest2  (cost=5.57..445.02 rows=111 width=125)
	  Recheck Cond: ((k >= 5006439) AND (k <= 5006539))
	  ->  Bitmap Index Scan on k_2  (cost=0.00..5.54 rows=111 width=0)
	        Index Cond: ((k >= 5006439) AND (k <= 5006539))

table 3 : explain SELECT k, c FROM sbtest3 WHERE k BETWEEN 5006439 AND 5006539
	Bitmap Heap Scan on sbtest3  (cost=5.46..401.59 rows=100 width=125)
	  Recheck Cond: ((k >= 5006439) AND (k <= 5006539))
	  ->  Bitmap Index Scan on k_3  (cost=0.00..5.43 rows=100 width=0)
	        Index Cond: ((k >= 5006439) AND (k <= 5006539))

table 4 : explain SELECT k, c FROM sbtest4 WHERE k BETWEEN 5006439 AND 5006539
	Bitmap Heap Scan on sbtest4  (cost=5.47..405.59 rows=101 width=125)
	  Recheck Cond: ((k >= 5006439) AND (k <= 5006539))
	  ->  Bitmap Index Scan on k_4  (cost=0.00..5.44 rows=101 width=0)
	        Index Cond: ((k >= 5006439) AND (k <= 5006539))

table 5 : explain SELECT k, c FROM sbtest5 WHERE k BETWEEN 5006439 AND 5006539
	Bitmap Heap Scan on sbtest5  (cost=5.45..397.70 rows=99 width=125)
	  Recheck Cond: ((k >= 5006439) AND (k <= 5006539))
	  ->  Bitmap Index Scan on k_5  (cost=0.00..5.42 rows=99 width=0)
	        Index Cond: ((k >= 5006439) AND (k <= 5006539))

table 6 : explain SELECT k, c FROM sbtest6 WHERE k BETWEEN 5006439 AND 5006539
	Bitmap Heap Scan on sbtest6  (cost=5.50..417.41 rows=104 width=125)
	  Recheck Cond: ((k >= 5006439) AND (k <= 5006539))
	  ->  Bitmap Index Scan on k_6  (cost=0.00..5.47 rows=104 width=0)
	        Index Cond: ((k >= 5006439) AND (k <= 5006539))

table 7 : explain SELECT k, c FROM sbtest7 WHERE k BETWEEN 5006439 AND 5006539
	Bitmap Heap Scan on sbtest7  (cost=5.42..385.79 rows=96 width=125)
	  Recheck Cond: ((k >= 5006439) AND (k <= 5006539))
	  ->  Bitmap Index Scan on k_7  (cost=0.00..5.39 rows=96 width=0)
	        Index Cond: ((k >= 5006439) AND (k <= 5006539))

table 8 : explain SELECT k, c FROM sbtest8 WHERE k BETWEEN 5006439 AND 5006539
	Bitmap Heap Scan on sbtest8  (cost=5.39..374.02 rows=93 width=125)
	  Recheck Cond: ((k >= 5006439) AND (k <= 5006539))
	  ->  Bitmap Index Scan on k_8  (cost=0.00..5.36 rows=93 width=0)
	        Index Cond: ((k >= 5006439) AND (k <= 5006539))

for range-notcovered
table 1 : explain SELECT k, c FROM sbtest1 WHERE k BETWEEN 6378941 AND 6379041
	Bitmap Heap Scan on sbtest1  (cost=5.53..429.30 rows=107 width=125)
	  Recheck Cond: ((k >= 6378941) AND (k <= 6379041))
	  ->  Bitmap Index Scan on k_1  (cost=0.00..5.50 rows=107 width=0)
	        Index Cond: ((k >= 6378941) AND (k <= 6379041))

table 2 : explain SELECT k, c FROM sbtest2 WHERE k BETWEEN 6378941 AND 6379041
	Bitmap Heap Scan on sbtest2  (cost=5.49..413.48 rows=103 width=125)
	  Recheck Cond: ((k >= 6378941) AND (k <= 6379041))
	  ->  Bitmap Index Scan on k_2  (cost=0.00..5.46 rows=103 width=0)
	        Index Cond: ((k >= 6378941) AND (k <= 6379041))

table 3 : explain SELECT k, c FROM sbtest3 WHERE k BETWEEN 6378941 AND 6379041
	Bitmap Heap Scan on sbtest3  (cost=5.55..437.08 rows=109 width=125)
	  Recheck Cond: ((k >= 6378941) AND (k <= 6379041))
	  ->  Bitmap Index Scan on k_3  (cost=0.00..5.52 rows=109 width=0)
	        Index Cond: ((k >= 6378941) AND (k <= 6379041))

table 4 : explain SELECT k, c FROM sbtest4 WHERE k BETWEEN 6378941 AND 6379041
	Bitmap Heap Scan on sbtest4  (cost=5.44..393.75 rows=98 width=125)
	  Recheck Cond: ((k >= 6378941) AND (k <= 6379041))
	  ->  Bitmap Index Scan on k_4  (cost=0.00..5.42 rows=98 width=0)
	        Index Cond: ((k >= 6378941) AND (k <= 6379041))

table 5 : explain SELECT k, c FROM sbtest5 WHERE k BETWEEN 6378941 AND 6379041
	Bitmap Heap Scan on sbtest5  (cost=5.39..374.02 rows=93 width=125)
	  Recheck Cond: ((k >= 6378941) AND (k <= 6379041))
	  ->  Bitmap Index Scan on k_5  (cost=0.00..5.36 rows=93 width=0)
	        Index Cond: ((k >= 6378941) AND (k <= 6379041))

table 6 : explain SELECT k, c FROM sbtest6 WHERE k BETWEEN 6378941 AND 6379041
	Bitmap Heap Scan on sbtest6  (cost=5.41..381.90 rows=95 width=125)
	  Recheck Cond: ((k >= 6378941) AND (k <= 6379041))
	  ->  Bitmap Index Scan on k_6  (cost=0.00..5.38 rows=95 width=0)
	        Index Cond: ((k >= 6378941) AND (k <= 6379041))

table 7 : explain SELECT k, c FROM sbtest7 WHERE k BETWEEN 6378941 AND 6379041
	Bitmap Heap Scan on sbtest7  (cost=5.45..397.63 rows=99 width=125)
	  Recheck Cond: ((k >= 6378941) AND (k <= 6379041))
	  ->  Bitmap Index Scan on k_7  (cost=0.00..5.42 rows=99 width=0)
	        Index Cond: ((k >= 6378941) AND (k <= 6379041))

table 8 : explain SELECT k, c FROM sbtest8 WHERE k BETWEEN 6378941 AND 6379041
	Bitmap Heap Scan on sbtest8  (cost=5.52..425.32 rows=106 width=125)
	  Recheck Cond: ((k >= 6378941) AND (k <= 6379041))
	  ->  Bitmap Index Scan on k_8  (cost=0.00..5.50 rows=106 width=0)
	        Index Cond: ((k >= 6378941) AND (k <= 6379041))

for range-notcovered
table 1 : explain SELECT k, c FROM sbtest1 WHERE k BETWEEN 6676821 AND 6676921
	Bitmap Heap Scan on sbtest1  (cost=5.44..393.80 rows=98 width=125)
	  Recheck Cond: ((k >= 6676821) AND (k <= 6676921))
	  ->  Bitmap Index Scan on k_1  (cost=0.00..5.42 rows=98 width=0)
	        Index Cond: ((k >= 6676821) AND (k <= 6676921))

table 2 : explain SELECT k, c FROM sbtest2 WHERE k BETWEEN 6676821 AND 6676921
	Bitmap Heap Scan on sbtest2  (cost=5.45..397.70 rows=99 width=125)
	  Recheck Cond: ((k >= 6676821) AND (k <= 6676921))
	  ->  Bitmap Index Scan on k_2  (cost=0.00..5.42 rows=99 width=0)
	        Index Cond: ((k >= 6676821) AND (k <= 6676921))

table 3 : explain SELECT k, c FROM sbtest3 WHERE k BETWEEN 6676821 AND 6676921
	Bitmap Heap Scan on sbtest3  (cost=5.50..417.37 rows=104 width=125)
	  Recheck Cond: ((k >= 6676821) AND (k <= 6676921))
	  ->  Bitmap Index Scan on k_3  (cost=0.00..5.47 rows=104 width=0)
	        Index Cond: ((k >= 6676821) AND (k <= 6676921))

table 4 : explain SELECT k, c FROM sbtest4 WHERE k BETWEEN 6676821 AND 6676921
	Bitmap Heap Scan on sbtest4  (cost=5.43..389.80 rows=97 width=125)
	  Recheck Cond: ((k >= 6676821) AND (k <= 6676921))
	  ->  Bitmap Index Scan on k_4  (cost=0.00..5.40 rows=97 width=0)
	        Index Cond: ((k >= 6676821) AND (k <= 6676921))

table 5 : explain SELECT k, c FROM sbtest5 WHERE k BETWEEN 6676821 AND 6676921
	Bitmap Heap Scan on sbtest5  (cost=5.42..385.86 rows=96 width=125)
	  Recheck Cond: ((k >= 6676821) AND (k <= 6676921))
	  ->  Bitmap Index Scan on k_5  (cost=0.00..5.39 rows=96 width=0)
	        Index Cond: ((k >= 6676821) AND (k <= 6676921))

table 6 : explain SELECT k, c FROM sbtest6 WHERE k BETWEEN 6676821 AND 6676921
	Bitmap Heap Scan on sbtest6  (cost=5.55..437.13 rows=109 width=125)
	  Recheck Cond: ((k >= 6676821) AND (k <= 6676921))
	  ->  Bitmap Index Scan on k_6  (cost=0.00..5.52 rows=109 width=0)
	        Index Cond: ((k >= 6676821) AND (k <= 6676921))

table 7 : explain SELECT k, c FROM sbtest7 WHERE k BETWEEN 6676821 AND 6676921
	Bitmap Heap Scan on sbtest7  (cost=5.38..370.00 rows=92 width=125)
	  Recheck Cond: ((k >= 6676821) AND (k <= 6676921))
	  ->  Bitmap Index Scan on k_7  (cost=0.00..5.35 rows=92 width=0)
	        Index Cond: ((k >= 6676821) AND (k <= 6676921))

table 8 : explain SELECT k, c FROM sbtest8 WHERE k BETWEEN 6676821 AND 6676921
	Bitmap Heap Scan on sbtest8  (cost=5.57..445.03 rows=111 width=125)
	  Recheck Cond: ((k >= 6676821) AND (k <= 6676921))
	  ->  Bitmap Index Scan on k_8  (cost=0.00..5.54 rows=111 width=0)
	        Index Cond: ((k >= 6676821) AND (k <= 6676921))

explain: for range-notcovered :: explain SELECT k, c FROM sbtest%d WHERE k BETWEEN 7216687 AND 7216787
explain: for range-notcovered :: explain SELECT k, c FROM sbtest%d WHERE k BETWEEN 5006439 AND 5006539
explain: for range-notcovered :: explain SELECT k, c FROM sbtest%d WHERE k BETWEEN 6378941 AND 6379041
for range-notcovered
table 1 : explain SELECT k, c FROM sbtest1 WHERE k BETWEEN 6927879 AND 6927979
	Bitmap Heap Scan on sbtest1  (cost=5.46..401.69 rows=100 width=125)
	  Recheck Cond: ((k >= 6927879) AND (k <= 6927979))
	  ->  Bitmap Index Scan on k_1  (cost=0.00..5.43 rows=100 width=0)
	        Index Cond: ((k >= 6927879) AND (k <= 6927979))

table 2 : explain SELECT k, c FROM sbtest2 WHERE k BETWEEN 6927879 AND 6927979
	Bitmap Heap Scan on sbtest2  (cost=5.52..425.31 rows=106 width=125)
	  Recheck Cond: ((k >= 6927879) AND (k <= 6927979))
	  ->  Bitmap Index Scan on k_2  (cost=0.00..5.50 rows=106 width=0)
	        Index Cond: ((k >= 6927879) AND (k <= 6927979))

table 3 : explain SELECT k, c FROM sbtest3 WHERE k BETWEEN 6927879 AND 6927979
	Bitmap Heap Scan on sbtest3  (cost=5.57..444.96 rows=111 width=125)
	  Recheck Cond: ((k >= 6927879) AND (k <= 6927979))
	  ->  Bitmap Index Scan on k_3  (cost=0.00..5.54 rows=111 width=0)
	        Index Cond: ((k >= 6927879) AND (k <= 6927979))

table 4 : explain SELECT k, c FROM sbtest4 WHERE k BETWEEN 6927879 AND 6927979
	Bitmap Heap Scan on sbtest4  (cost=5.44..393.75 rows=98 width=125)
	  Recheck Cond: ((k >= 6927879) AND (k <= 6927979))
	  ->  Bitmap Index Scan on k_4  (cost=0.00..5.42 rows=98 width=0)
	        Index Cond: ((k >= 6927879) AND (k <= 6927979))

table 5 : explain SELECT k, c FROM sbtest5 WHERE k BETWEEN 6927879 AND 6927979
	Bitmap Heap Scan on sbtest5  (cost=5.56..441.09 rows=110 width=125)
	  Recheck Cond: ((k >= 6927879) AND (k <= 6927979))
	  ->  Bitmap Index Scan on k_5  (cost=0.00..5.53 rows=110 width=0)
	        Index Cond: ((k >= 6927879) AND (k <= 6927979))

table 6 : explain SELECT k, c FROM sbtest6 WHERE k BETWEEN 6927879 AND 6927979
	Bitmap Heap Scan on sbtest6  (cost=5.42..385.85 rows=96 width=125)
	  Recheck Cond: ((k >= 6927879) AND (k <= 6927979))
	  ->  Bitmap Index Scan on k_6  (cost=0.00..5.39 rows=96 width=0)
	        Index Cond: ((k >= 6927879) AND (k <= 6927979))

table 7 : explain SELECT k, c FROM sbtest7 WHERE k BETWEEN 6927879 AND 6927979
	Bitmap Heap Scan on sbtest7  (cost=5.47..405.52 rows=101 width=125)
	  Recheck Cond: ((k >= 6927879) AND (k <= 6927979))
	  ->  Bitmap Index Scan on k_7  (cost=0.00..5.44 rows=101 width=0)
	        Index Cond: ((k >= 6927879) AND (k <= 6927979))

table 8 : explain SELECT k, c FROM sbtest8 WHERE k BETWEEN 6927879 AND 6927979
	Bitmap Heap Scan on sbtest8  (cost=5.50..417.43 rows=104 width=125)
	  Recheck Cond: ((k >= 6927879) AND (k <= 6927979))
	  ->  Bitmap Index Scan on k_8  (cost=0.00..5.47 rows=104 width=0)
	        Index Cond: ((k >= 6927879) AND (k <= 6927979))
for range-notcovered
table 1 : explain SELECT k, c FROM sbtest1 WHERE k BETWEEN 4981137 AND 4981237
	Bitmap Heap Scan on sbtest1  (cost=5.43..389.85 rows=97 width=125)
	  Recheck Cond: ((k >= 4981137) AND (k <= 4981237))
	  ->  Bitmap Index Scan on k_1  (cost=0.00..5.40 rows=97 width=0)
	        Index Cond: ((k >= 4981137) AND (k <= 4981237))

table 2 : explain SELECT k, c FROM sbtest2 WHERE k BETWEEN 4981137 AND 4981237
	Bitmap Heap Scan on sbtest2  (cost=5.57..445.02 rows=111 width=125)
	  Recheck Cond: ((k >= 4981137) AND (k <= 4981237))
	  ->  Bitmap Index Scan on k_2  (cost=0.00..5.54 rows=111 width=0)
	        Index Cond: ((k >= 4981137) AND (k <= 4981237))

table 3 : explain SELECT k, c FROM sbtest3 WHERE k BETWEEN 4981137 AND 4981237
	Bitmap Heap Scan on sbtest3  (cost=5.46..401.59 rows=100 width=125)
	  Recheck Cond: ((k >= 4981137) AND (k <= 4981237))
	  ->  Bitmap Index Scan on k_3  (cost=0.00..5.43 rows=100 width=0)
	        Index Cond: ((k >= 4981137) AND (k <= 4981237))

table 4 : explain SELECT k, c FROM sbtest4 WHERE k BETWEEN 4981137 AND 4981237
	Bitmap Heap Scan on sbtest4  (cost=5.48..409.53 rows=102 width=125)
	  Recheck Cond: ((k >= 4981137) AND (k <= 4981237))
	  ->  Bitmap Index Scan on k_4  (cost=0.00..5.45 rows=102 width=0)
	        Index Cond: ((k >= 4981137) AND (k <= 4981237))

table 5 : explain SELECT k, c FROM sbtest5 WHERE k BETWEEN 4981137 AND 4981237
	Bitmap Heap Scan on sbtest5  (cost=5.45..397.70 rows=99 width=125)
	  Recheck Cond: ((k >= 4981137) AND (k <= 4981237))
	  ->  Bitmap Index Scan on k_5  (cost=0.00..5.42 rows=99 width=0)
	        Index Cond: ((k >= 4981137) AND (k <= 4981237))

table 6 : explain SELECT k, c FROM sbtest6 WHERE k BETWEEN 4981137 AND 4981237
	Bitmap Heap Scan on sbtest6  (cost=5.49..413.47 rows=103 width=125)
	  Recheck Cond: ((k >= 4981137) AND (k <= 4981237))
	  ->  Bitmap Index Scan on k_6  (cost=0.00..5.46 rows=103 width=0)
	        Index Cond: ((k >= 4981137) AND (k <= 4981237))

table 7 : explain SELECT k, c FROM sbtest7 WHERE k BETWEEN 4981137 AND 4981237
	Bitmap Heap Scan on sbtest7  (cost=5.42..385.79 rows=96 width=125)
	  Recheck Cond: ((k >= 4981137) AND (k <= 4981237))
	  ->  Bitmap Index Scan on k_7  (cost=0.00..5.39 rows=96 width=0)
	        Index Cond: ((k >= 4981137) AND (k <= 4981237))

table 8 : explain SELECT k, c FROM sbtest8 WHERE k BETWEEN 4981137 AND 4981237
	Bitmap Heap Scan on sbtest8  (cost=5.39..374.02 rows=93 width=125)
	  Recheck Cond: ((k >= 4981137) AND (k <= 4981237))
	  ->  Bitmap Index Scan on k_8  (cost=0.00..5.36 rows=93 width=0)
	        Index Cond: ((k >= 4981137) AND (k <= 4981237))
for range-notcovered
table 1 : explain SELECT k, c FROM sbtest1 WHERE k BETWEEN 3680246 AND 3680346
	Bitmap Heap Scan on sbtest1  (cost=5.47..405.64 rows=101 width=125)
	  Recheck Cond: ((k >= 3680246) AND (k <= 3680346))
	  ->  Bitmap Index Scan on k_1  (cost=0.00..5.44 rows=101 width=0)
	        Index Cond: ((k >= 3680246) AND (k <= 3680346))

table 2 : explain SELECT k, c FROM sbtest2 WHERE k BETWEEN 3680246 AND 3680346
	Bitmap Heap Scan on sbtest2  (cost=5.48..409.53 rows=102 width=125)
	  Recheck Cond: ((k >= 3680246) AND (k <= 3680346))
	  ->  Bitmap Index Scan on k_2  (cost=0.00..5.45 rows=102 width=0)
	        Index Cond: ((k >= 3680246) AND (k <= 3680346))

table 3 : explain SELECT k, c FROM sbtest3 WHERE k BETWEEN 3680246 AND 3680346
	Bitmap Heap Scan on sbtest3  (cost=5.43..389.75 rows=97 width=125)
	  Recheck Cond: ((k >= 3680246) AND (k <= 3680346))
	  ->  Bitmap Index Scan on k_3  (cost=0.00..5.40 rows=97 width=0)
	        Index Cond: ((k >= 3680246) AND (k <= 3680346))

table 4 : explain SELECT k, c FROM sbtest4 WHERE k BETWEEN 3680246 AND 3680346
	Bitmap Heap Scan on sbtest4  (cost=5.48..409.53 rows=102 width=125)
	  Recheck Cond: ((k >= 3680246) AND (k <= 3680346))
	  ->  Bitmap Index Scan on k_4  (cost=0.00..5.45 rows=102 width=0)
	        Index Cond: ((k >= 3680246) AND (k <= 3680346))

table 5 : explain SELECT k, c FROM sbtest5 WHERE k BETWEEN 3680246 AND 3680346
	Bitmap Heap Scan on sbtest5  (cost=5.46..401.65 rows=100 width=125)
	  Recheck Cond: ((k >= 3680246) AND (k <= 3680346))
	  ->  Bitmap Index Scan on k_5  (cost=0.00..5.43 rows=100 width=0)
	        Index Cond: ((k >= 3680246) AND (k <= 3680346))

table 6 : explain SELECT k, c FROM sbtest6 WHERE k BETWEEN 3680246 AND 3680346
	Bitmap Heap Scan on sbtest6  (cost=5.41..381.90 rows=95 width=125)
	  Recheck Cond: ((k >= 3680246) AND (k <= 3680346))
	  ->  Bitmap Index Scan on k_6  (cost=0.00..5.38 rows=95 width=0)
	        Index Cond: ((k >= 3680246) AND (k <= 3680346))

table 7 : explain SELECT k, c FROM sbtest7 WHERE k BETWEEN 3680246 AND 3680346
	Bitmap Heap Scan on sbtest7  (cost=5.46..401.57 rows=100 width=125)
	  Recheck Cond: ((k >= 3680246) AND (k <= 3680346))
	  ->  Bitmap Index Scan on k_7  (cost=0.00..5.43 rows=100 width=0)
	        Index Cond: ((k >= 3680246) AND (k <= 3680346))

table 8 : explain SELECT k, c FROM sbtest8 WHERE k BETWEEN 3680246 AND 3680346
	Bitmap Heap Scan on sbtest8  (cost=5.41..381.92 rows=95 width=125)
	  Recheck Cond: ((k >= 3680246) AND (k <= 3680346))
	  ->  Bitmap Index Scan on k_8  (cost=0.00..5.38 rows=95 width=0)
	        Index Cond: ((k >= 3680246) AND (k <= 3680346))

for range-notcovered
table 1 : explain SELECT k, c FROM sbtest1 WHERE k BETWEEN 6262062 AND 6262162
	Bitmap Heap Scan on sbtest1  (cost=5.36..362.21 rows=90 width=125)
	  Recheck Cond: ((k >= 6262062) AND (k <= 6262162))
	  ->  Bitmap Index Scan on k_1  (cost=0.00..5.33 rows=90 width=0)
	        Index Cond: ((k >= 6262062) AND (k <= 6262162))

table 2 : explain SELECT k, c FROM sbtest2 WHERE k BETWEEN 6262062 AND 6262162
	Bitmap Heap Scan on sbtest2  (cost=5.44..393.75 rows=98 width=125)
	  Recheck Cond: ((k >= 6262062) AND (k <= 6262162))
	  ->  Bitmap Index Scan on k_2  (cost=0.00..5.42 rows=98 width=0)
	        Index Cond: ((k >= 6262062) AND (k <= 6262162))

table 3 : explain SELECT k, c FROM sbtest3 WHERE k BETWEEN 6262062 AND 6262162
	Bitmap Heap Scan on sbtest3  (cost=5.49..413.42 rows=103 width=125)
	  Recheck Cond: ((k >= 6262062) AND (k <= 6262162))
	  ->  Bitmap Index Scan on k_3  (cost=0.00..5.46 rows=103 width=0)
	        Index Cond: ((k >= 6262062) AND (k <= 6262162))

table 4 : explain SELECT k, c FROM sbtest4 WHERE k BETWEEN 6262062 AND 6262162
	Bitmap Heap Scan on sbtest4  (cost=5.49..413.48 rows=103 width=125)
	  Recheck Cond: ((k >= 6262062) AND (k <= 6262162))
	  ->  Bitmap Index Scan on k_4  (cost=0.00..5.46 rows=103 width=0)
	        Index Cond: ((k >= 6262062) AND (k <= 6262162))

table 5 : explain SELECT k, c FROM sbtest5 WHERE k BETWEEN 6262062 AND 6262162
	Bitmap Heap Scan on sbtest5  (cost=5.51..421.37 rows=105 width=125)
	  Recheck Cond: ((k >= 6262062) AND (k <= 6262162))
	  ->  Bitmap Index Scan on k_5  (cost=0.00..5.48 rows=105 width=0)
	        Index Cond: ((k >= 6262062) AND (k <= 6262162))

table 6 : explain SELECT k, c FROM sbtest6 WHERE k BETWEEN 6262062 AND 6262162
	Bitmap Heap Scan on sbtest6  (cost=5.53..429.24 rows=107 width=125)
	  Recheck Cond: ((k >= 6262062) AND (k <= 6262162))
	  ->  Bitmap Index Scan on k_6  (cost=0.00..5.50 rows=107 width=0)
	        Index Cond: ((k >= 6262062) AND (k <= 6262162))

table 7 : explain SELECT k, c FROM sbtest7 WHERE k BETWEEN 6262062 AND 6262162
	Bitmap Heap Scan on sbtest7  (cost=5.52..425.23 rows=106 width=125)
	  Recheck Cond: ((k >= 6262062) AND (k <= 6262162))
	  ->  Bitmap Index Scan on k_7  (cost=0.00..5.50 rows=106 width=0)
	        Index Cond: ((k >= 6262062) AND (k <= 6262162))

table 8 : explain SELECT k, c FROM sbtest8 WHERE k BETWEEN 6262062 AND 6262162
	Bitmap Heap Scan on sbtest8  (cost=5.56..441.09 rows=110 width=125)
	  Recheck Cond: ((k >= 6262062) AND (k <= 6262162))
	  ->  Bitmap Index Scan on k_8  (cost=0.00..5.53 rows=110 width=0)
	        Index Cond: ((k >= 6262062) AND (k <= 6262162))
for range-notcovered
table 1 : explain SELECT k, c FROM sbtest1 WHERE k BETWEEN 6814436 AND 6814536
	Bitmap Heap Scan on sbtest1  (cost=5.51..421.42 rows=105 width=125)
	  Recheck Cond: ((k >= 6814436) AND (k <= 6814536))
	  ->  Bitmap Index Scan on k_1  (cost=0.00..5.48 rows=105 width=0)
	        Index Cond: ((k >= 6814436) AND (k <= 6814536))

table 2 : explain SELECT k, c FROM sbtest2 WHERE k BETWEEN 6814436 AND 6814536
	Bitmap Heap Scan on sbtest2  (cost=5.36..362.17 rows=90 width=125)
	  Recheck Cond: ((k >= 6814436) AND (k <= 6814536))
	  ->  Bitmap Index Scan on k_2  (cost=0.00..5.33 rows=90 width=0)
	        Index Cond: ((k >= 6814436) AND (k <= 6814536))

table 3 : explain SELECT k, c FROM sbtest3 WHERE k BETWEEN 6814436 AND 6814536
	Bitmap Heap Scan on sbtest3  (cost=5.60..456.78 rows=114 width=125)
	  Recheck Cond: ((k >= 6814436) AND (k <= 6814536))
	  ->  Bitmap Index Scan on k_3  (cost=0.00..5.58 rows=114 width=0)
	        Index Cond: ((k >= 6814436) AND (k <= 6814536))

table 4 : explain SELECT k, c FROM sbtest4 WHERE k BETWEEN 6814436 AND 6814536
	Bitmap Heap Scan on sbtest4  (cost=5.46..401.64 rows=100 width=125)
	  Recheck Cond: ((k >= 6814436) AND (k <= 6814536))
	  ->  Bitmap Index Scan on k_4  (cost=0.00..5.43 rows=100 width=0)
	        Index Cond: ((k >= 6814436) AND (k <= 6814536))

table 5 : explain SELECT k, c FROM sbtest5 WHERE k BETWEEN 6814436 AND 6814536
	Bitmap Heap Scan on sbtest5  (cost=5.42..385.86 rows=96 width=125)
	  Recheck Cond: ((k >= 6814436) AND (k <= 6814536))
	  ->  Bitmap Index Scan on k_5  (cost=0.00..5.39 rows=96 width=0)
	        Index Cond: ((k >= 6814436) AND (k <= 6814536))

table 6 : explain SELECT k, c FROM sbtest6 WHERE k BETWEEN 6814436 AND 6814536
	Bitmap Heap Scan on sbtest6  (cost=5.55..437.13 rows=109 width=125)
	  Recheck Cond: ((k >= 6814436) AND (k <= 6814536))
	  ->  Bitmap Index Scan on k_6  (cost=0.00..5.52 rows=109 width=0)
	        Index Cond: ((k >= 6814436) AND (k <= 6814536))

table 7 : explain SELECT k, c FROM sbtest7 WHERE k BETWEEN 6814436 AND 6814536
	Bitmap Heap Scan on sbtest7  (cost=5.49..413.41 rows=103 width=125)
	  Recheck Cond: ((k >= 6814436) AND (k <= 6814536))
	  ->  Bitmap Index Scan on k_7  (cost=0.00..5.46 rows=103 width=0)
	        Index Cond: ((k >= 6814436) AND (k <= 6814536))

table 8 : explain SELECT k, c FROM sbtest8 WHERE k BETWEEN 6814436 AND 6814536
	Bitmap Heap Scan on sbtest8  (cost=5.47..405.60 rows=101 width=125)
	  Recheck Cond: ((k >= 6814436) AND (k <= 6814536))
	  ->  Bitmap Index Scan on k_8  (cost=0.00..5.44 rows=101 width=0)
	        Index Cond: ((k >= 6814436) AND (k <= 6814536))



explain: for range-notcovered :: explain SELECT k, c FROM sbtest%d WHERE k BETWEEN 6909611 AND 6909711
explain: for range-notcovered :: explain SELECT k, c FROM sbtest%d WHERE k BETWEEN 6676821 AND 6676921for range-notcovered
table 1 : explain SELECT k, c FROM sbtest1 WHERE k BETWEEN 7841640 AND 7841740
	Bitmap Heap Scan on sbtest1  (cost=5.51..421.42 rows=105 width=125)
	  Recheck Cond: ((k >= 7841640) AND (k <= 7841740))
	  ->  Bitmap Index Scan on k_1  (cost=0.00..5.48 rows=105 width=0)
	        Index Cond: ((k >= 7841640) AND (k <= 7841740))

table 2 : explain SELECT k, c FROM sbtest2 WHERE k BETWEEN 7841640 AND 7841740
	Bitmap Heap Scan on sbtest2  (cost=5.52..425.31 rows=106 width=125)
	  Recheck Cond: ((k >= 7841640) AND (k <= 7841740))
	  ->  Bitmap Index Scan on k_2  (cost=0.00..5.50 rows=106 width=0)
	        Index Cond: ((k >= 7841640) AND (k <= 7841740))

table 3 : explain SELECT k, c FROM sbtest3 WHERE k BETWEEN 7841640 AND 7841740
	Bitmap Heap Scan on sbtest3  (cost=5.44..393.70 rows=98 width=125)
	  Recheck Cond: ((k >= 7841640) AND (k <= 7841740))
	  ->  Bitmap Index Scan on k_3  (cost=0.00..5.42 rows=98 width=0)
	        Index Cond: ((k >= 7841640) AND (k <= 7841740))

table 4 : explain SELECT k, c FROM sbtest4 WHERE k BETWEEN 7841640 AND 7841740
	Bitmap Heap Scan on sbtest4  (cost=5.45..397.70 rows=99 width=125)
	  Recheck Cond: ((k >= 7841640) AND (k <= 7841740))
	  ->  Bitmap Index Scan on k_4  (cost=0.00..5.42 rows=99 width=0)
	        Index Cond: ((k >= 7841640) AND (k <= 7841740))

table 5 : explain SELECT k, c FROM sbtest5 WHERE k BETWEEN 7841640 AND 7841740
	Bitmap Heap Scan on sbtest5  (cost=5.48..409.54 rows=102 width=125)
	  Recheck Cond: ((k >= 7841640) AND (k <= 7841740))
	  ->  Bitmap Index Scan on k_5  (cost=0.00..5.45 rows=102 width=0)
	        Index Cond: ((k >= 7841640) AND (k <= 7841740))

table 6 : explain SELECT k, c FROM sbtest6 WHERE k BETWEEN 7841640 AND 7841740
	Bitmap Heap Scan on sbtest6  (cost=5.42..385.85 rows=96 width=125)
	  Recheck Cond: ((k >= 7841640) AND (k <= 7841740))
	  ->  Bitmap Index Scan on k_6  (cost=0.00..5.39 rows=96 width=0)
	        Index Cond: ((k >= 7841640) AND (k <= 7841740))

table 7 : explain SELECT k, c FROM sbtest7 WHERE k BETWEEN 7841640 AND 7841740
	Bitmap Heap Scan on sbtest7  (cost=5.38..370.00 rows=92 width=125)
	  Recheck Cond: ((k >= 7841640) AND (k <= 7841740))
	  ->  Bitmap Index Scan on k_7  (cost=0.00..5.35 rows=92 width=0)
	        Index Cond: ((k >= 7841640) AND (k <= 7841740))

table 8 : explain SELECT k, c FROM sbtest8 WHERE k BETWEEN 7841640 AND 7841740
	Bitmap Heap Scan on sbtest8  (cost=5.48..409.54 rows=102 width=125)
	  Recheck Cond: ((k >= 7841640) AND (k <= 7841740))
	  ->  Bitmap Index Scan on k_8  (cost=0.00..5.45 rows=102 width=0)
	        Index Cond: ((k >= 7841640) AND (k <= 7841740))


explain: for range-notcovered :: explain SELECT k, c FROM sbtest%d WHERE k BETWEEN 6927879 AND 6927979
for range-notcovered
table 1 : explain SELECT k, c FROM sbtest1 WHERE k BETWEEN 3507413 AND 3507513
	Bitmap Heap Scan on sbtest1  (cost=5.39..374.06 rows=93 width=125)
	  Recheck Cond: ((k >= 3507413) AND (k <= 3507513))
	  ->  Bitmap Index Scan on k_1  (cost=0.00..5.36 rows=93 width=0)
	        Index Cond: ((k >= 3507413) AND (k <= 3507513))

table 2 : explain SELECT k, c FROM sbtest2 WHERE k BETWEEN 3507413 AND 3507513
	Bitmap Heap Scan on sbtest2  (cost=5.48..409.53 rows=102 width=125)
	  Recheck Cond: ((k >= 3507413) AND (k <= 3507513))
	  ->  Bitmap Index Scan on k_2  (cost=0.00..5.45 rows=102 width=0)
	        Index Cond: ((k >= 3507413) AND (k <= 3507513))

table 3 : explain SELECT k, c FROM sbtest3 WHERE k BETWEEN 3507413 AND 3507513
	Bitmap Heap Scan on sbtest3  (cost=5.46..401.59 rows=100 width=125)
	  Recheck Cond: ((k >= 3507413) AND (k <= 3507513))
	  ->  Bitmap Index Scan on k_3  (cost=0.00..5.43 rows=100 width=0)
	        Index Cond: ((k >= 3507413) AND (k <= 3507513))

table 4 : explain SELECT k, c FROM sbtest4 WHERE k BETWEEN 3507413 AND 3507513
	Bitmap Heap Scan on sbtest4  (cost=5.46..401.64 rows=100 width=125)
	  Recheck Cond: ((k >= 3507413) AND (k <= 3507513))
	  ->  Bitmap Index Scan on k_4  (cost=0.00..5.43 rows=100 width=0)
	        Index Cond: ((k >= 3507413) AND (k <= 3507513))

table 5 : explain SELECT k, c FROM sbtest5 WHERE k BETWEEN 3507413 AND 3507513
	Bitmap Heap Scan on sbtest5  (cost=5.52..425.32 rows=106 width=125)
	  Recheck Cond: ((k >= 3507413) AND (k <= 3507513))
	  ->  Bitmap Index Scan on k_5  (cost=0.00..5.50 rows=106 width=0)
	        Index Cond: ((k >= 3507413) AND (k <= 3507513))

table 6 : explain SELECT k, c FROM sbtest6 WHERE k BETWEEN 3507413 AND 3507513
	Bitmap Heap Scan on sbtest6  (cost=5.55..437.13 rows=109 width=125)
	  Recheck Cond: ((k >= 3507413) AND (k <= 3507513))
	  ->  Bitmap Index Scan on k_6  (cost=0.00..5.52 rows=109 width=0)
	        Index Cond: ((k >= 3507413) AND (k <= 3507513))

table 7 : explain SELECT k, c FROM sbtest7 WHERE k BETWEEN 3507413 AND 3507513
	Bitmap Heap Scan on sbtest7  (cost=5.46..401.57 rows=100 width=125)
	  Recheck Cond: ((k >= 3507413) AND (k <= 3507513))
	  ->  Bitmap Index Scan on k_7  (cost=0.00..5.43 rows=100 width=0)
	        Index Cond: ((k >= 3507413) AND (k <= 3507513))

table 8 : explain SELECT k, c FROM sbtest8 WHERE k BETWEEN 3507413 AND 3507513
	Bitmap Heap Scan on sbtest8  (cost=5.53..429.26 rows=107 width=125)
	  Recheck Cond: ((k >= 3507413) AND (k <= 3507513))
	  ->  Bitmap Index Scan on k_8  (cost=0.00..5.50 rows=107 width=0)
	        Index Cond: ((k >= 3507413) AND (k <= 3507513))


explain: for range-notcovered :: explain SELECT k, c FROM sbtest%d WHERE k BETWEEN 4981137 AND 4981237for range-notcovered
table 1 : explain SELECT k, c FROM sbtest1 WHERE k BETWEEN 5813883 AND 5813983
	Bitmap Heap Scan on sbtest1  (cost=5.58..449.02 rows=112 width=125)
	  Recheck Cond: ((k >= 5813883) AND (k <= 5813983))
	  ->  Bitmap Index Scan on k_1  (cost=0.00..5.55 rows=112 width=0)
	        Index Cond: ((k >= 5813883) AND (k <= 5813983))

table 2 : explain SELECT k, c FROM sbtest2 WHERE k BETWEEN 5813883 AND 5813983
	Bitmap Heap Scan on sbtest2  (cost=5.49..413.48 rows=103 width=125)
	  Recheck Cond: ((k >= 5813883) AND (k <= 5813983))
	  ->  Bitmap Index Scan on k_2  (cost=0.00..5.46 rows=103 width=0)
	        Index Cond: ((k >= 5813883) AND (k <= 5813983))

table 3 : explain SELECT k, c FROM sbtest3 WHERE k BETWEEN 5813883 AND 5813983
	Bitmap Heap Scan on sbtest3  (cost=5.39..373.97 rows=93 width=125)
	  Recheck Cond: ((k >= 5813883) AND (k <= 5813983))
	  ->  Bitmap Index Scan on k_3  (cost=0.00..5.36 rows=93 width=0)
	        Index Cond: ((k >= 5813883) AND (k <= 5813983))

table 4 : explain SELECT k, c FROM sbtest4 WHERE k BETWEEN 5813883 AND 5813983
	Bitmap Heap Scan on sbtest4  (cost=5.46..401.64 rows=100 width=125)
	  Recheck Cond: ((k >= 5813883) AND (k <= 5813983))
	  ->  Bitmap Index Scan on k_4  (cost=0.00..5.43 rows=100 width=0)
	        Index Cond: ((k >= 5813883) AND (k <= 5813983))

table 5 : explain SELECT k, c FROM sbtest5 WHERE k BETWEEN 5813883 AND 5813983
	Bitmap Heap Scan on sbtest5  (cost=5.40..377.97 rows=94 width=125)
	  Recheck Cond: ((k >= 5813883) AND (k <= 5813983))
	  ->  Bitmap Index Scan on k_5  (cost=0.00..5.38 rows=94 width=0)
	        Index Cond: ((k >= 5813883) AND (k <= 5813983))

table 6 : explain SELECT k, c FROM sbtest6 WHERE k BETWEEN 5813883 AND 5813983
	Bitmap Heap Scan on sbtest6  (cost=5.36..362.16 rows=90 width=125)
	  Recheck Cond: ((k >= 5813883) AND (k <= 5813983))
	  ->  Bitmap Index Scan on k_6  (cost=0.00..5.33 rows=90 width=0)
	        Index Cond: ((k >= 5813883) AND (k <= 5813983))

table 7 : explain SELECT k, c FROM sbtest7 WHERE k BETWEEN 5813883 AND 5813983
	Bitmap Heap Scan on sbtest7  (cost=5.50..417.35 rows=104 width=125)
	  Recheck Cond: ((k >= 5813883) AND (k <= 5813983))
	  ->  Bitmap Index Scan on k_7  (cost=0.00..5.47 rows=104 width=0)
	        Index Cond: ((k >= 5813883) AND (k <= 5813983))

table 8 : explain SELECT k, c FROM sbtest8 WHERE k BETWEEN 5813883 AND 5813983
	Bitmap Heap Scan on sbtest8  (cost=5.36..362.17 rows=90 width=125)
	  Recheck Cond: ((k >= 5813883) AND (k <= 5813983))
	  ->  Bitmap Index Scan on k_8  (cost=0.00..5.33 rows=90 width=0)
	        Index Cond: ((k >= 5813883) AND (k <= 5813983))
for range-notcovered
table 1 : explain SELECT k, c FROM sbtest1 WHERE k BETWEEN 5443553 AND 5443653
	Bitmap Heap Scan on sbtest1  (cost=5.48..409.58 rows=102 width=125)
	  Recheck Cond: ((k >= 5443553) AND (k <= 5443653))
	  ->  Bitmap Index Scan on k_1  (cost=0.00..5.45 rows=102 width=0)
	        Index Cond: ((k >= 5443553) AND (k <= 5443653))

table 2 : explain SELECT k, c FROM sbtest2 WHERE k BETWEEN 5443553 AND 5443653
	Bitmap Heap Scan on sbtest2  (cost=5.39..374.01 rows=93 width=125)
	  Recheck Cond: ((k >= 5443553) AND (k <= 5443653))
	  ->  Bitmap Index Scan on k_2  (cost=0.00..5.36 rows=93 width=0)
	        Index Cond: ((k >= 5443553) AND (k <= 5443653))

table 3 : explain SELECT k, c FROM sbtest3 WHERE k BETWEEN 5443553 AND 5443653
	Bitmap Heap Scan on sbtest3  (cost=5.58..448.90 rows=112 width=125)
	  Recheck Cond: ((k >= 5443553) AND (k <= 5443653))
	  ->  Bitmap Index Scan on k_3  (cost=0.00..5.55 rows=112 width=0)
	        Index Cond: ((k >= 5443553) AND (k <= 5443653))

table 4 : explain SELECT k, c FROM sbtest4 WHERE k BETWEEN 5443553 AND 5443653
	Bitmap Heap Scan on sbtest4  (cost=5.52..425.31 rows=106 width=125)
	  Recheck Cond: ((k >= 5443553) AND (k <= 5443653))
	  ->  Bitmap Index Scan on k_4  (cost=0.00..5.50 rows=106 width=0)
	        Index Cond: ((k >= 5443553) AND (k <= 5443653))

table 5 : explain SELECT k, c FROM sbtest5 WHERE k BETWEEN 5443553 AND 5443653
	Bitmap Heap Scan on sbtest5  (cost=5.54..433.20 rows=108 width=125)
	  Recheck Cond: ((k >= 5443553) AND (k <= 5443653))
	  ->  Bitmap Index Scan on k_5  (cost=0.00..5.51 rows=108 width=0)
	        Index Cond: ((k >= 5443553) AND (k <= 5443653))

table 6 : explain SELECT k, c FROM sbtest6 WHERE k BETWEEN 5443553 AND 5443653
	Bitmap Heap Scan on sbtest6  (cost=5.57..445.01 rows=111 width=125)
	  Recheck Cond: ((k >= 5443553) AND (k <= 5443653))
	  ->  Bitmap Index Scan on k_6  (cost=0.00..5.54 rows=111 width=0)
	        Index Cond: ((k >= 5443553) AND (k <= 5443653))

table 7 : explain SELECT k, c FROM sbtest7 WHERE k BETWEEN 5443553 AND 5443653
	Bitmap Heap Scan on sbtest7  (cost=5.46..401.57 rows=100 width=125)
	  Recheck Cond: ((k >= 5443553) AND (k <= 5443653))
	  ->  Bitmap Index Scan on k_7  (cost=0.00..5.43 rows=100 width=0)
	        Index Cond: ((k >= 5443553) AND (k <= 5443653))

table 8 : explain SELECT k, c FROM sbtest8 WHERE k BETWEEN 5443553 AND 5443653
	Bitmap Heap Scan on sbtest8  (cost=5.46..401.65 rows=100 width=125)
	  Recheck Cond: ((k >= 5443553) AND (k <= 5443653))
	  ->  Bitmap Index Scan on k_8  (cost=0.00..5.43 rows=100 width=0)
	        Index Cond: ((k >= 5443553) AND (k <= 5443653))

explain: for range-notcovered :: explain SELECT k, c FROM sbtest%d WHERE k BETWEEN 8376998 AND 8377098
explain: for range-notcovered :: explain SELECT k, c FROM sbtest%d WHERE k BETWEEN 3680246 AND 3680346
explain: for range-notcovered :: explain SELECT k, c FROM sbtest%d WHERE k BETWEEN 2327787 AND 2327887
explain: for range-notcovered :: explain SELECT k, c FROM sbtest%d WHERE k BETWEEN 7841640 AND 7841740

explain: for range-notcovered :: explain SELECT k, c FROM sbtest%d WHERE k BETWEEN 7179680 AND 7179780for range-notcovered
table 1 : explain SELECT k, c FROM sbtest1 WHERE k BETWEEN 8262231 AND 8262331
	Bitmap Heap Scan on sbtest1  (cost=5.50..417.47 rows=104 width=125)
	  Recheck Cond: ((k >= 8262231) AND (k <= 8262331))
	  ->  Bitmap Index Scan on k_1  (cost=0.00..5.47 rows=104 width=0)
	        Index Cond: ((k >= 8262231) AND (k <= 8262331))

table 2 : explain SELECT k, c FROM sbtest2 WHERE k BETWEEN 8262231 AND 8262331
	Bitmap Heap Scan on sbtest2  (cost=5.42..385.86 rows=96 width=125)
	  Recheck Cond: ((k >= 8262231) AND (k <= 8262331))
	  ->  Bitmap Index Scan on k_2  (cost=0.00..5.39 rows=96 width=0)
	        Index Cond: ((k >= 8262231) AND (k <= 8262331))

table 3 : explain SELECT k, c FROM sbtest3 WHERE k BETWEEN 8262231 AND 8262331
	Bitmap Heap Scan on sbtest3  (cost=5.51..421.31 rows=105 width=125)
	  Recheck Cond: ((k >= 8262231) AND (k <= 8262331))
	  ->  Bitmap Index Scan on k_3  (cost=0.00..5.48 rows=105 width=0)
	        Index Cond: ((k >= 8262231) AND (k <= 8262331))

table 4 : explain SELECT k, c FROM sbtest4 WHERE k BETWEEN 8262231 AND 8262331
	Bitmap Heap Scan on sbtest4  (cost=5.49..413.48 rows=103 width=125)
	  Recheck Cond: ((k >= 8262231) AND (k <= 8262331))
	  ->  Bitmap Index Scan on k_4  (cost=0.00..5.46 rows=103 width=0)
	        Index Cond: ((k >= 8262231) AND (k <= 8262331))

table 5 : explain SELECT k, c FROM sbtest5 WHERE k BETWEEN 8262231 AND 8262331
	Bitmap Heap Scan on sbtest5  (cost=5.53..429.26 rows=107 width=125)
	  Recheck Cond: ((k >= 8262231) AND (k <= 8262331))
	  ->  Bitmap Index Scan on k_5  (cost=0.00..5.50 rows=107 width=0)
	        Index Cond: ((k >= 8262231) AND (k <= 8262331))

table 6 : explain SELECT k, c FROM sbtest6 WHERE k BETWEEN 8262231 AND 8262331
	Bitmap Heap Scan on sbtest6  (cost=5.49..413.47 rows=103 width=125)
	  Recheck Cond: ((k >= 8262231) AND (k <= 8262331))
	  ->  Bitmap Index Scan on k_6  (cost=0.00..5.46 rows=103 width=0)
	        Index Cond: ((k >= 8262231) AND (k <= 8262331))

table 7 : explain SELECT k, c FROM sbtest7 WHERE k BETWEEN 8262231 AND 8262331
	Bitmap Heap Scan on sbtest7  (cost=5.47..405.52 rows=101 width=125)
	  Recheck Cond: ((k >= 8262231) AND (k <= 8262331))
	  ->  Bitmap Index Scan on k_7  (cost=0.00..5.44 rows=101 width=0)
	        Index Cond: ((k >= 8262231) AND (k <= 8262331))

table 8 : explain SELECT k, c FROM sbtest8 WHERE k BETWEEN 8262231 AND 8262331
	Bitmap Heap Scan on sbtest8  (cost=5.46..401.65 rows=100 width=125)
	  Recheck Cond: ((k >= 8262231) AND (k <= 8262331))
	  ->  Bitmap Index Scan on k_8  (cost=0.00..5.43 rows=100 width=0)
	        Index Cond: ((k >= 8262231) AND (k <= 8262331))

for range-notcovered
table 1 : explain SELECT k, c FROM sbtest1 WHERE k BETWEEN 6789664 AND 6789764
	Bitmap Heap Scan on sbtest1  (cost=5.51..421.42 rows=105 width=125)
	  Recheck Cond: ((k >= 6789664) AND (k <= 6789764))
	  ->  Bitmap Index Scan on k_1  (cost=0.00..5.48 rows=105 width=0)
	        Index Cond: ((k >= 6789664) AND (k <= 6789764))

table 2 : explain SELECT k, c FROM sbtest2 WHERE k BETWEEN 6789664 AND 6789764
	Bitmap Heap Scan on sbtest2  (cost=5.36..362.17 rows=90 width=125)
	  Recheck Cond: ((k >= 6789664) AND (k <= 6789764))
	  ->  Bitmap Index Scan on k_2  (cost=0.00..5.33 rows=90 width=0)
	        Index Cond: ((k >= 6789664) AND (k <= 6789764))

table 3 : explain SELECT k, c FROM sbtest3 WHERE k BETWEEN 6789664 AND 6789764
	Bitmap Heap Scan on sbtest3  (cost=5.60..456.78 rows=114 width=125)
	  Recheck Cond: ((k >= 6789664) AND (k <= 6789764))
	  ->  Bitmap Index Scan on k_3  (cost=0.00..5.58 rows=114 width=0)
	        Index Cond: ((k >= 6789664) AND (k <= 6789764))

table 4 : explain SELECT k, c FROM sbtest4 WHERE k BETWEEN 6789664 AND 6789764
	Bitmap Heap Scan on sbtest4  (cost=5.46..401.64 rows=100 width=125)
	  Recheck Cond: ((k >= 6789664) AND (k <= 6789764))
	  ->  Bitmap Index Scan on k_4  (cost=0.00..5.43 rows=100 width=0)
	        Index Cond: ((k >= 6789664) AND (k <= 6789764))

table 5 : explain SELECT k, c FROM sbtest5 WHERE k BETWEEN 6789664 AND 6789764
	Bitmap Heap Scan on sbtest5  (cost=5.58..448.97 rows=112 width=125)
	  Recheck Cond: ((k >= 6789664) AND (k <= 6789764))
	  ->  Bitmap Index Scan on k_5  (cost=0.00..5.55 rows=112 width=0)
	        Index Cond: ((k >= 6789664) AND (k <= 6789764))

table 6 : explain SELECT k, c FROM sbtest6 WHERE k BETWEEN 6789664 AND 6789764
	Bitmap Heap Scan on sbtest6  (cost=5.55..437.13 rows=109 width=125)
	  Recheck Cond: ((k >= 6789664) AND (k <= 6789764))
	  ->  Bitmap Index Scan on k_6  (cost=0.00..5.52 rows=109 width=0)
	        Index Cond: ((k >= 6789664) AND (k <= 6789764))

table 7 : explain SELECT k, c FROM sbtest7 WHERE k BETWEEN 6789664 AND 6789764
	Bitmap Heap Scan on sbtest7  (cost=5.49..413.41 rows=103 width=125)
	  Recheck Cond: ((k >= 6789664) AND (k <= 6789764))
	  ->  Bitmap Index Scan on k_7  (cost=0.00..5.46 rows=103 width=0)
	        Index Cond: ((k >= 6789664) AND (k <= 6789764))

table 8 : explain SELECT k, c FROM sbtest8 WHERE k BETWEEN 6789664 AND 6789764
	Bitmap Heap Scan on sbtest8  (cost=5.56..441.09 rows=110 width=125)
	  Recheck Cond: ((k >= 6789664) AND (k <= 6789764))
	  ->  Bitmap Index Scan on k_8  (cost=0.00..5.53 rows=110 width=0)
	        Index Cond: ((k >= 6789664) AND (k <= 6789764))

for range-notcovered
table 1 : explain SELECT k, c FROM sbtest1 WHERE k BETWEEN 5603877 AND 5603977
	Bitmap Heap Scan on sbtest1  (cost=5.57..445.08 rows=111 width=125)
	  Recheck Cond: ((k >= 5603877) AND (k <= 5603977))
	  ->  Bitmap Index Scan on k_1  (cost=0.00..5.54 rows=111 width=0)
	        Index Cond: ((k >= 5603877) AND (k <= 5603977))

table 2 : explain SELECT k, c FROM sbtest2 WHERE k BETWEEN 5603877 AND 5603977
	Bitmap Heap Scan on sbtest2  (cost=5.40..377.96 rows=94 width=125)
	  Recheck Cond: ((k >= 5603877) AND (k <= 5603977))
	  ->  Bitmap Index Scan on k_2  (cost=0.00..5.38 rows=94 width=0)
	        Index Cond: ((k >= 5603877) AND (k <= 5603977))

table 3 : explain SELECT k, c FROM sbtest3 WHERE k BETWEEN 5603877 AND 5603977
	Bitmap Heap Scan on sbtest3  (cost=5.53..429.19 rows=107 width=125)
	  Recheck Cond: ((k >= 5603877) AND (k <= 5603977))
	  ->  Bitmap Index Scan on k_3  (cost=0.00..5.50 rows=107 width=0)
	        Index Cond: ((k >= 5603877) AND (k <= 5603977))

table 4 : explain SELECT k, c FROM sbtest4 WHERE k BETWEEN 5603877 AND 5603977
	Bitmap Heap Scan on sbtest4  (cost=5.41..381.91 rows=95 width=125)
	  Recheck Cond: ((k >= 5603877) AND (k <= 5603977))
	  ->  Bitmap Index Scan on k_4  (cost=0.00..5.38 rows=95 width=0)
	        Index Cond: ((k >= 5603877) AND (k <= 5603977))

table 5 : explain SELECT k, c FROM sbtest5 WHERE k BETWEEN 5603877 AND 5603977
	Bitmap Heap Scan on sbtest5  (cost=5.52..425.32 rows=106 width=125)
	  Recheck Cond: ((k >= 5603877) AND (k <= 5603977))
	  ->  Bitmap Index Scan on k_5  (cost=0.00..5.50 rows=106 width=0)
	        Index Cond: ((k >= 5603877) AND (k <= 5603977))

table 6 : explain SELECT k, c FROM sbtest6 WHERE k BETWEEN 5603877 AND 5603977
	Bitmap Heap Scan on sbtest6  (cost=5.41..381.90 rows=95 width=125)
	  Recheck Cond: ((k >= 5603877) AND (k <= 5603977))
	  ->  Bitmap Index Scan on k_6  (cost=0.00..5.38 rows=95 width=0)
	        Index Cond: ((k >= 5603877) AND (k <= 5603977))

table 7 : explain SELECT k, c FROM sbtest7 WHERE k BETWEEN 5603877 AND 5603977
	Bitmap Heap Scan on sbtest7  (cost=5.43..389.74 rows=97 width=125)
	  Recheck Cond: ((k >= 5603877) AND (k <= 5603977))
	  ->  Bitmap Index Scan on k_7  (cost=0.00..5.40 rows=97 width=0)
	        Index Cond: ((k >= 5603877) AND (k <= 5603977))

table 8 : explain SELECT k, c FROM sbtest8 WHERE k BETWEEN 5603877 AND 5603977
	Bitmap Heap Scan on sbtest8  (cost=5.45..397.70 rows=99 width=125)
	  Recheck Cond: ((k >= 5603877) AND (k <= 5603977))
	  ->  Bitmap Index Scan on k_8  (cost=0.00..5.42 rows=99 width=0)
	        Index Cond: ((k >= 5603877) AND (k <= 5603977))

explain: for range-notcovered :: explain SELECT k, c FROM sbtest%d WHERE k BETWEEN 6262062 AND 6262162
for range-notcovered
table 1 : explain SELECT k, c FROM sbtest1 WHERE k BETWEEN 1934489 AND 1934589
	Bitmap Heap Scan on sbtest1  (cost=5.39..374.06 rows=93 width=125)
	  Recheck Cond: ((k >= 1934489) AND (k <= 1934589))
	  ->  Bitmap Index Scan on k_1  (cost=0.00..5.36 rows=93 width=0)
	        Index Cond: ((k >= 1934489) AND (k <= 1934589))

table 2 : explain SELECT k, c FROM sbtest2 WHERE k BETWEEN 1934489 AND 1934589
	Bitmap Heap Scan on sbtest2  (cost=5.55..437.14 rows=109 width=125)
	  Recheck Cond: ((k >= 1934489) AND (k <= 1934589))
	  ->  Bitmap Index Scan on k_2  (cost=0.00..5.52 rows=109 width=0)
	        Index Cond: ((k >= 1934489) AND (k <= 1934589))

table 3 : explain SELECT k, c FROM sbtest3 WHERE k BETWEEN 1934489 AND 1934589
	Bitmap Heap Scan on sbtest3  (cost=5.50..417.37 rows=104 width=125)
	  Recheck Cond: ((k >= 1934489) AND (k <= 1934589))
	  ->  Bitmap Index Scan on k_3  (cost=0.00..5.47 rows=104 width=0)
	        Index Cond: ((k >= 1934489) AND (k <= 1934589))

table 4 : explain SELECT k, c FROM sbtest4 WHERE k BETWEEN 1934489 AND 1934589
	Bitmap Heap Scan on sbtest4  (cost=5.38..370.06 rows=92 width=125)
	  Recheck Cond: ((k >= 1934489) AND (k <= 1934589))
	  ->  Bitmap Index Scan on k_4  (cost=0.00..5.35 rows=92 width=0)
	        Index Cond: ((k >= 1934489) AND (k <= 1934589))

table 5 : explain SELECT k, c FROM sbtest5 WHERE k BETWEEN 1934489 AND 1934589
	Bitmap Heap Scan on sbtest5  (cost=5.52..425.32 rows=106 width=125)
	  Recheck Cond: ((k >= 1934489) AND (k <= 1934589))
	  ->  Bitmap Index Scan on k_5  (cost=0.00..5.50 rows=106 width=0)
	        Index Cond: ((k >= 1934489) AND (k <= 1934589))

table 6 : explain SELECT k, c FROM sbtest6 WHERE k BETWEEN 1934489 AND 1934589
	Bitmap Heap Scan on sbtest6  (cost=5.49..413.47 rows=103 width=125)
	  Recheck Cond: ((k >= 1934489) AND (k <= 1934589))
	  ->  Bitmap Index Scan on k_6  (cost=0.00..5.46 rows=103 width=0)
	        Index Cond: ((k >= 1934489) AND (k <= 1934589))

table 7 : explain SELECT k, c FROM sbtest7 WHERE k BETWEEN 1934489 AND 1934589
	Bitmap Heap Scan on sbtest7  (cost=5.55..437.06 rows=109 width=125)
	  Recheck Cond: ((k >= 1934489) AND (k <= 1934589))
	  ->  Bitmap Index Scan on k_7  (cost=0.00..5.52 rows=109 width=0)
	        Index Cond: ((k >= 1934489) AND (k <= 1934589))

table 8 : explain SELECT k, c FROM sbtest8 WHERE k BETWEEN 1934489 AND 1934589
	Bitmap Heap Scan on sbtest8  (cost=5.51..421.37 rows=105 width=125)
	  Recheck Cond: ((k >= 1934489) AND (k <= 1934589))
	  ->  Bitmap Index Scan on k_8  (cost=0.00..5.48 rows=105 width=0)
	        Index Cond: ((k >= 1934489) AND (k <= 1934589))

explain: for range-notcovered :: explain SELECT k, c FROM sbtest%d WHERE k BETWEEN 5443553 AND 5443653
explain: for range-notcovered :: explain SELECT k, c FROM sbtest%d WHERE k BETWEEN 3507413 AND 3507513
for range-notcovered
table 1 : explain SELECT k, c FROM sbtest1 WHERE k BETWEEN 5503157 AND 5503257
	Bitmap Heap Scan on sbtest1  (cost=5.49..413.53 rows=103 width=125)
	  Recheck Cond: ((k >= 5503157) AND (k <= 5503257))
	  ->  Bitmap Index Scan on k_1  (cost=0.00..5.46 rows=103 width=0)
	        Index Cond: ((k >= 5503157) AND (k <= 5503257))

table 2 : explain SELECT k, c FROM sbtest2 WHERE k BETWEEN 5503157 AND 5503257
	Bitmap Heap Scan on sbtest2  (cost=5.56..441.08 rows=110 width=125)
	  Recheck Cond: ((k >= 5503157) AND (k <= 5503257))
	  ->  Bitmap Index Scan on k_2  (cost=0.00..5.53 rows=110 width=0)
	        Index Cond: ((k >= 5503157) AND (k <= 5503257))

table 3 : explain SELECT k, c FROM sbtest3 WHERE k BETWEEN 5503157 AND 5503257
	Bitmap Heap Scan on sbtest3  (cost=5.41..381.86 rows=95 width=125)
	  Recheck Cond: ((k >= 5503157) AND (k <= 5503257))
	  ->  Bitmap Index Scan on k_3  (cost=0.00..5.38 rows=95 width=0)
	        Index Cond: ((k >= 5503157) AND (k <= 5503257))

table 4 : explain SELECT k, c FROM sbtest4 WHERE k BETWEEN 5503157 AND 5503257
	Bitmap Heap Scan on sbtest4  (cost=5.41..381.91 rows=95 width=125)
	  Recheck Cond: ((k >= 5503157) AND (k <= 5503257))
	  ->  Bitmap Index Scan on k_4  (cost=0.00..5.38 rows=95 width=0)
	        Index Cond: ((k >= 5503157) AND (k <= 5503257))

table 5 : explain SELECT k, c FROM sbtest5 WHERE k BETWEEN 5503157 AND 5503257
	Bitmap Heap Scan on sbtest5  (cost=5.54..433.20 rows=108 width=125)
	  Recheck Cond: ((k >= 5503157) AND (k <= 5503257))
	  ->  Bitmap Index Scan on k_5  (cost=0.00..5.51 rows=108 width=0)
	        Index Cond: ((k >= 5503157) AND (k <= 5503257))

table 6 : explain SELECT k, c FROM sbtest6 WHERE k BETWEEN 5503157 AND 5503257
	Bitmap Heap Scan on sbtest6  (cost=5.57..445.01 rows=111 width=125)
	  Recheck Cond: ((k >= 5503157) AND (k <= 5503257))
	  ->  Bitmap Index Scan on k_6  (cost=0.00..5.54 rows=111 width=0)
	        Index Cond: ((k >= 5503157) AND (k <= 5503257))

table 7 : explain SELECT k, c FROM sbtest7 WHERE k BETWEEN 5503157 AND 5503257
	Bitmap Heap Scan on sbtest7  (cost=5.43..389.74 rows=97 width=125)
	  Recheck Cond: ((k >= 5503157) AND (k <= 5503257))
	  ->  Bitmap Index Scan on k_7  (cost=0.00..5.40 rows=97 width=0)
	        Index Cond: ((k >= 5503157) AND (k <= 5503257))

table 8 : explain SELECT k, c FROM sbtest8 WHERE k BETWEEN 5503157 AND 5503257
	Bitmap Heap Scan on sbtest8  (cost=5.46..401.65 rows=100 width=125)
	  Recheck Cond: ((k >= 5503157) AND (k <= 5503257))
	  ->  Bitmap Index Scan on k_8  (cost=0.00..5.43 rows=100 width=0)
	        Index Cond: ((k >= 5503157) AND (k <= 5503257))

explain: for range-notcovered :: explain SELECT k, c FROM sbtest%d WHERE k BETWEEN 5813883 AND 5813983
for range-notcovered
table 1 : explain SELECT k, c FROM sbtest1 WHERE k BETWEEN 1736814 AND 1736914
	Bitmap Heap Scan on sbtest1  (cost=5.50..417.47 rows=104 width=125)
	  Recheck Cond: ((k >= 1736814) AND (k <= 1736914))
	  ->  Bitmap Index Scan on k_1  (cost=0.00..5.47 rows=104 width=0)
	        Index Cond: ((k >= 1736814) AND (k <= 1736914))

table 2 : explain SELECT k, c FROM sbtest2 WHERE k BETWEEN 1736814 AND 1736914
	Bitmap Heap Scan on sbtest2  (cost=5.48..409.53 rows=102 width=125)
	  Recheck Cond: ((k >= 1736814) AND (k <= 1736914))
	  ->  Bitmap Index Scan on k_2  (cost=0.00..5.45 rows=102 width=0)
	        Index Cond: ((k >= 1736814) AND (k <= 1736914))

table 3 : explain SELECT k, c FROM sbtest3 WHERE k BETWEEN 1736814 AND 1736914
	Bitmap Heap Scan on sbtest3  (cost=5.59..452.84 rows=113 width=125)
	  Recheck Cond: ((k >= 1736814) AND (k <= 1736914))
	  ->  Bitmap Index Scan on k_3  (cost=0.00..5.56 rows=113 width=0)
	        Index Cond: ((k >= 1736814) AND (k <= 1736914))

table 4 : explain SELECT k, c FROM sbtest4 WHERE k BETWEEN 1736814 AND 1736914
	Bitmap Heap Scan on sbtest4  (cost=5.50..417.42 rows=104 width=125)
	  Recheck Cond: ((k >= 1736814) AND (k <= 1736914))
	  ->  Bitmap Index Scan on k_4  (cost=0.00..5.47 rows=104 width=0)
	        Index Cond: ((k >= 1736814) AND (k <= 1736914))

table 5 : explain SELECT k, c FROM sbtest5 WHERE k BETWEEN 1736814 AND 1736914
	Bitmap Heap Scan on sbtest5  (cost=5.59..452.91 rows=113 width=125)
	  Recheck Cond: ((k >= 1736814) AND (k <= 1736914))
	  ->  Bitmap Index Scan on k_5  (cost=0.00..5.56 rows=113 width=0)
	        Index Cond: ((k >= 1736814) AND (k <= 1736914))

table 6 : explain SELECT k, c FROM sbtest6 WHERE k BETWEEN 1736814 AND 1736914
	Bitmap Heap Scan on sbtest6  (cost=5.49..413.47 rows=103 width=125)
	  Recheck Cond: ((k >= 1736814) AND (k <= 1736914))
	  ->  Bitmap Index Scan on k_6  (cost=0.00..5.46 rows=103 width=0)
	        Index Cond: ((k >= 1736814) AND (k <= 1736914))

table 7 : explain SELECT k, c FROM sbtest7 WHERE k BETWEEN 1736814 AND 1736914
	Bitmap Heap Scan on sbtest7  (cost=5.41..381.85 rows=95 width=125)
	  Recheck Cond: ((k >= 1736814) AND (k <= 1736914))
	  ->  Bitmap Index Scan on k_7  (cost=0.00..5.38 rows=95 width=0)
	        Index Cond: ((k >= 1736814) AND (k <= 1736914))

table 8 : explain SELECT k, c FROM sbtest8 WHERE k BETWEEN 1736814 AND 1736914
	Bitmap Heap Scan on sbtest8  (cost=5.46..401.65 rows=100 width=125)
	  Recheck Cond: ((k >= 1736814) AND (k <= 1736914))
	  ->  Bitmap Index Scan on k_8  (cost=0.00..5.43 rows=100 width=0)
	        Index Cond: ((k >= 1736814) AND (k <= 1736914))

explain: for range-notcovered :: explain SELECT k, c FROM sbtest%d WHERE k BETWEEN 1934489 AND 1934589explain: for range-notcovered :: explain SELECT k, c FROM sbtest%d WHERE k BETWEEN 5603877 AND 5603977
explain: for range-notcovered :: explain SELECT k, c FROM sbtest%d WHERE k BETWEEN 8262231 AND 8262331

explain: for range-notcovered :: explain SELECT k, c FROM sbtest%d WHERE k BETWEEN 6814436 AND 6814536
for range-notcovered
table 1 : explain SELECT k, c FROM sbtest1 WHERE k BETWEEN 4243893 AND 4243993
	Bitmap Heap Scan on sbtest1  (cost=5.51..421.42 rows=105 width=125)
	  Recheck Cond: ((k >= 4243893) AND (k <= 4243993))
	  ->  Bitmap Index Scan on k_1  (cost=0.00..5.48 rows=105 width=0)
	        Index Cond: ((k >= 4243893) AND (k <= 4243993))

table 2 : explain SELECT k, c FROM sbtest2 WHERE k BETWEEN 4243893 AND 4243993
	Bitmap Heap Scan on sbtest2  (cost=5.57..445.02 rows=111 width=125)
	  Recheck Cond: ((k >= 4243893) AND (k <= 4243993))
	  ->  Bitmap Index Scan on k_2  (cost=0.00..5.54 rows=111 width=0)
	        Index Cond: ((k >= 4243893) AND (k <= 4243993))

table 3 : explain SELECT k, c FROM sbtest3 WHERE k BETWEEN 4243893 AND 4243993
	Bitmap Heap Scan on sbtest3  (cost=5.57..444.96 rows=111 width=125)
	  Recheck Cond: ((k >= 4243893) AND (k <= 4243993))
	  ->  Bitmap Index Scan on k_3  (cost=0.00..5.54 rows=111 width=0)
	        Index Cond: ((k >= 4243893) AND (k <= 4243993))

table 4 : explain SELECT k, c FROM sbtest4 WHERE k BETWEEN 4243893 AND 4243993
	Bitmap Heap Scan on sbtest4  (cost=5.57..445.02 rows=111 width=125)
	  Recheck Cond: ((k >= 4243893) AND (k <= 4243993))
	  ->  Bitmap Index Scan on k_4  (cost=0.00..5.54 rows=111 width=0)
	        Index Cond: ((k >= 4243893) AND (k <= 4243993))

table 5 : explain SELECT k, c FROM sbtest5 WHERE k BETWEEN 4243893 AND 4243993
	Bitmap Heap Scan on sbtest5  (cost=5.53..429.26 rows=107 width=125)
	  Recheck Cond: ((k >= 4243893) AND (k <= 4243993))
	  ->  Bitmap Index Scan on k_5  (cost=0.00..5.50 rows=107 width=0)
	        Index Cond: ((k >= 4243893) AND (k <= 4243993))

table 6 : explain SELECT k, c FROM sbtest6 WHERE k BETWEEN 4243893 AND 4243993
	Bitmap Heap Scan on sbtest6  (cost=5.42..385.85 rows=96 width=125)
	  Recheck Cond: ((k >= 4243893) AND (k <= 4243993))
	  ->  Bitmap Index Scan on k_6  (cost=0.00..5.39 rows=96 width=0)
	        Index Cond: ((k >= 4243893) AND (k <= 4243993))

table 7 : explain SELECT k, c FROM sbtest7 WHERE k BETWEEN 4243893 AND 4243993
	Bitmap Heap Scan on sbtest7  (cost=5.47..405.52 rows=101 width=125)
	  Recheck Cond: ((k >= 4243893) AND (k <= 4243993))
	  ->  Bitmap Index Scan on k_7  (cost=0.00..5.44 rows=101 width=0)
	        Index Cond: ((k >= 4243893) AND (k <= 4243993))

table 8 : explain SELECT k, c FROM sbtest8 WHERE k BETWEEN 4243893 AND 4243993
	Bitmap Heap Scan on sbtest8  (cost=5.53..429.26 rows=107 width=125)
	  Recheck Cond: ((k >= 4243893) AND (k <= 4243993))
	  ->  Bitmap Index Scan on k_8  (cost=0.00..5.50 rows=107 width=0)
	        Index Cond: ((k >= 4243893) AND (k <= 4243993))


for range-notcovered
table 1 : explain SELECT k, c FROM sbtest1 WHERE k BETWEEN 6148959 AND 6149059
	Bitmap Heap Scan on sbtest1  (cost=5.49..413.53 rows=103 width=125)
	  Recheck Cond: ((k >= 6148959) AND (k <= 6149059))
	  ->  Bitmap Index Scan on k_1  (cost=0.00..5.46 rows=103 width=0)
	        Index Cond: ((k >= 6148959) AND (k <= 6149059))

table 2 : explain SELECT k, c FROM sbtest2 WHERE k BETWEEN 6148959 AND 6149059
	Bitmap Heap Scan on sbtest2  (cost=5.41..381.91 rows=95 width=125)
	  Recheck Cond: ((k >= 6148959) AND (k <= 6149059))
	  ->  Bitmap Index Scan on k_2  (cost=0.00..5.38 rows=95 width=0)
	        Index Cond: ((k >= 6148959) AND (k <= 6149059))

table 3 : explain SELECT k, c FROM sbtest3 WHERE k BETWEEN 6148959 AND 6149059
	Bitmap Heap Scan on sbtest3  (cost=5.50..417.37 rows=104 width=125)
	  Recheck Cond: ((k >= 6148959) AND (k <= 6149059))
	  ->  Bitmap Index Scan on k_3  (cost=0.00..5.47 rows=104 width=0)
	        Index Cond: ((k >= 6148959) AND (k <= 6149059))

table 4 : explain SELECT k, c FROM sbtest4 WHERE k BETWEEN 6148959 AND 6149059
	Bitmap Heap Scan on sbtest4  (cost=5.36..362.17 rows=90 width=125)
	  Recheck Cond: ((k >= 6148959) AND (k <= 6149059))
	  ->  Bitmap Index Scan on k_4  (cost=0.00..5.33 rows=90 width=0)
	        Index Cond: ((k >= 6148959) AND (k <= 6149059))

table 5 : explain SELECT k, c FROM sbtest5 WHERE k BETWEEN 6148959 AND 6149059
	Bitmap Heap Scan on sbtest5  (cost=5.55..437.14 rows=109 width=125)
	  Recheck Cond: ((k >= 6148959) AND (k <= 6149059))
	  ->  Bitmap Index Scan on k_5  (cost=0.00..5.52 rows=109 width=0)
	        Index Cond: ((k >= 6148959) AND (k <= 6149059))

table 6 : explain SELECT k, c FROM sbtest6 WHERE k BETWEEN 6148959 AND 6149059
	Bitmap Heap Scan on sbtest6  (cost=5.43..389.80 rows=97 width=125)
	  Recheck Cond: ((k >= 6148959) AND (k <= 6149059))
	  ->  Bitmap Index Scan on k_6  (cost=0.00..5.40 rows=97 width=0)
	        Index Cond: ((k >= 6148959) AND (k <= 6149059))

table 7 : explain SELECT k, c FROM sbtest7 WHERE k BETWEEN 6148959 AND 6149059
	Bitmap Heap Scan on sbtest7  (cost=5.51..421.29 rows=105 width=125)
	  Recheck Cond: ((k >= 6148959) AND (k <= 6149059))
	  ->  Bitmap Index Scan on k_7  (cost=0.00..5.48 rows=105 width=0)
	        Index Cond: ((k >= 6148959) AND (k <= 6149059))

table 8 : explain SELECT k, c FROM sbtest8 WHERE k BETWEEN 6148959 AND 6149059
	Bitmap Heap Scan on sbtest8  (cost=5.43..389.81 rows=97 width=125)
	  Recheck Cond: ((k >= 6148959) AND (k <= 6149059))
	  ->  Bitmap Index Scan on k_8  (cost=0.00..5.40 rows=97 width=0)
	        Index Cond: ((k >= 6148959) AND (k <= 6149059))

explain: for range-notcovered :: explain SELECT k, c FROM sbtest%d WHERE k BETWEEN 5503157 AND 5503257for range-notcovered
table 1 : explain SELECT k, c FROM sbtest1 WHERE k BETWEEN 6491710 AND 6491810
	Bitmap Heap Scan on sbtest1  (cost=5.42..385.90 rows=96 width=125)
	  Recheck Cond: ((k >= 6491710) AND (k <= 6491810))
	  ->  Bitmap Index Scan on k_1  (cost=0.00..5.39 rows=96 width=0)
	        Index Cond: ((k >= 6491710) AND (k <= 6491810))

table 2 : explain SELECT k, c FROM sbtest2 WHERE k BETWEEN 6491710 AND 6491810
	Bitmap Heap Scan on sbtest2  (cost=5.58..448.96 rows=112 width=125)
	  Recheck Cond: ((k >= 6491710) AND (k <= 6491810))
	  ->  Bitmap Index Scan on k_2  (cost=0.00..5.55 rows=112 width=0)
	        Index Cond: ((k >= 6491710) AND (k <= 6491810))

table 3 : explain SELECT k, c FROM sbtest3 WHERE k BETWEEN 6491710 AND 6491810
	Bitmap Heap Scan on sbtest3  (cost=5.47..405.53 rows=101 width=125)
	  Recheck Cond: ((k >= 6491710) AND (k <= 6491810))
	  ->  Bitmap Index Scan on k_3  (cost=0.00..5.44 rows=101 width=0)
	        Index Cond: ((k >= 6491710) AND (k <= 6491810))

table 4 : explain SELECT k, c FROM sbtest4 WHERE k BETWEEN 6491710 AND 6491810
	Bitmap Heap Scan on sbtest4  (cost=5.46..401.64 rows=100 width=125)
	  Recheck Cond: ((k >= 6491710) AND (k <= 6491810))
	  ->  Bitmap Index Scan on k_4  (cost=0.00..5.43 rows=100 width=0)
	        Index Cond: ((k >= 6491710) AND (k <= 6491810))

table 5 : explain SELECT k, c FROM sbtest5 WHERE k BETWEEN 6491710 AND 6491810
	Bitmap Heap Scan on sbtest5  (cost=5.39..374.02 rows=93 width=125)
	  Recheck Cond: ((k >= 6491710) AND (k <= 6491810))
	  ->  Bitmap Index Scan on k_5  (cost=0.00..5.36 rows=93 width=0)
	        Index Cond: ((k >= 6491710) AND (k <= 6491810))

table 6 : explain SELECT k, c FROM sbtest6 WHERE k BETWEEN 6491710 AND 6491810
	Bitmap Heap Scan on sbtest6  (cost=5.43..389.80 rows=97 width=125)
	  Recheck Cond: ((k >= 6491710) AND (k <= 6491810))
	  ->  Bitmap Index Scan on k_6  (cost=0.00..5.40 rows=97 width=0)
	        Index Cond: ((k >= 6491710) AND (k <= 6491810))

table 7 : explain SELECT k, c FROM sbtest7 WHERE k BETWEEN 6491710 AND 6491810
	Bitmap Heap Scan on sbtest7  (cost=5.48..409.46 rows=102 width=125)
	  Recheck Cond: ((k >= 6491710) AND (k <= 6491810))
	  ->  Bitmap Index Scan on k_7  (cost=0.00..5.45 rows=102 width=0)
	        Index Cond: ((k >= 6491710) AND (k <= 6491810))

table 8 : explain SELECT k, c FROM sbtest8 WHERE k BETWEEN 6491710 AND 6491810
	Bitmap Heap Scan on sbtest8  (cost=5.50..417.43 rows=104 width=125)
	  Recheck Cond: ((k >= 6491710) AND (k <= 6491810))
	  ->  Bitmap Index Scan on k_8  (cost=0.00..5.47 rows=104 width=0)
	        Index Cond: ((k >= 6491710) AND (k <= 6491810))

for range-notcovered
table 1 : explain SELECT k, c FROM sbtest1 WHERE k BETWEEN 2158070 AND 2158170
	Bitmap Heap Scan on sbtest1  (cost=5.46..401.69 rows=100 width=125)
	  Recheck Cond: ((k >= 2158070) AND (k <= 2158170))
	  ->  Bitmap Index Scan on k_1  (cost=0.00..5.43 rows=100 width=0)
	        Index Cond: ((k >= 2158070) AND (k <= 2158170))

table 2 : explain SELECT k, c FROM sbtest2 WHERE k BETWEEN 2158070 AND 2158170
	Bitmap Heap Scan on sbtest2  (cost=5.53..429.25 rows=107 width=125)
	  Recheck Cond: ((k >= 2158070) AND (k <= 2158170))
	  ->  Bitmap Index Scan on k_2  (cost=0.00..5.50 rows=107 width=0)
	        Index Cond: ((k >= 2158070) AND (k <= 2158170))

table 3 : explain SELECT k, c FROM sbtest3 WHERE k BETWEEN 2158070 AND 2158170
	Bitmap Heap Scan on sbtest3  (cost=5.53..429.19 rows=107 width=125)
	  Recheck Cond: ((k >= 2158070) AND (k <= 2158170))
	  ->  Bitmap Index Scan on k_3  (cost=0.00..5.50 rows=107 width=0)
	        Index Cond: ((k >= 2158070) AND (k <= 2158170))

table 4 : explain SELECT k, c FROM sbtest4 WHERE k BETWEEN 2158070 AND 2158170
	Bitmap Heap Scan on sbtest4  (cost=5.51..421.36 rows=105 width=125)
	  Recheck Cond: ((k >= 2158070) AND (k <= 2158170))
	  ->  Bitmap Index Scan on k_4  (cost=0.00..5.48 rows=105 width=0)
	        Index Cond: ((k >= 2158070) AND (k <= 2158170))

table 5 : explain SELECT k, c FROM sbtest5 WHERE k BETWEEN 2158070 AND 2158170
	Bitmap Heap Scan on sbtest5  (cost=5.45..397.70 rows=99 width=125)
	  Recheck Cond: ((k >= 2158070) AND (k <= 2158170))
	  ->  Bitmap Index Scan on k_5  (cost=0.00..5.42 rows=99 width=0)
	        Index Cond: ((k >= 2158070) AND (k <= 2158170))

table 6 : explain SELECT k, c FROM sbtest6 WHERE k BETWEEN 2158070 AND 2158170
	Bitmap Heap Scan on sbtest6  (cost=5.45..397.69 rows=99 width=125)
	  Recheck Cond: ((k >= 2158070) AND (k <= 2158170))
	  ->  Bitmap Index Scan on k_6  (cost=0.00..5.42 rows=99 width=0)
	        Index Cond: ((k >= 2158070) AND (k <= 2158170))

table 7 : explain SELECT k, c FROM sbtest7 WHERE k BETWEEN 2158070 AND 2158170
	Bitmap Heap Scan on sbtest7  (cost=5.45..397.63 rows=99 width=125)
	  Recheck Cond: ((k >= 2158070) AND (k <= 2158170))
	  ->  Bitmap Index Scan on k_7  (cost=0.00..5.42 rows=99 width=0)
	        Index Cond: ((k >= 2158070) AND (k <= 2158170))

table 8 : explain SELECT k, c FROM sbtest8 WHERE k BETWEEN 2158070 AND 2158170
	Bitmap Heap Scan on sbtest8  (cost=5.52..425.32 rows=106 width=125)
	  Recheck Cond: ((k >= 2158070) AND (k <= 2158170))
	  ->  Bitmap Index Scan on k_8  (cost=0.00..5.50 rows=106 width=0)
	        Index Cond: ((k >= 2158070) AND (k <= 2158170))
explain: for range-notcovered :: explain SELECT k, c FROM sbtest%d WHERE k BETWEEN 4243893 AND 4243993
explain: for range-notcovered :: explain SELECT k, c FROM sbtest%d WHERE k BETWEEN 1736814 AND 1736914
for range-notcovered
table 1 : explain SELECT k, c FROM sbtest1 WHERE k BETWEEN 7743810 AND 7743910
	Bitmap Heap Scan on sbtest1  (cost=5.40..378.01 rows=94 width=125)
	  Recheck Cond: ((k >= 7743810) AND (k <= 7743910))
	  ->  Bitmap Index Scan on k_1  (cost=0.00..5.38 rows=94 width=0)
	        Index Cond: ((k >= 7743810) AND (k <= 7743910))

table 2 : explain SELECT k, c FROM sbtest2 WHERE k BETWEEN 7743810 AND 7743910
	Bitmap Heap Scan on sbtest2  (cost=5.47..405.59 rows=101 width=125)
	  Recheck Cond: ((k >= 7743810) AND (k <= 7743910))
	  ->  Bitmap Index Scan on k_2  (cost=0.00..5.44 rows=101 width=0)
	        Index Cond: ((k >= 7743810) AND (k <= 7743910))

table 3 : explain SELECT k, c FROM sbtest3 WHERE k BETWEEN 7743810 AND 7743910
	Bitmap Heap Scan on sbtest3  (cost=5.41..381.86 rows=95 width=125)
	  Recheck Cond: ((k >= 7743810) AND (k <= 7743910))
	  ->  Bitmap Index Scan on k_3  (cost=0.00..5.38 rows=95 width=0)
	        Index Cond: ((k >= 7743810) AND (k <= 7743910))

table 4 : explain SELECT k, c FROM sbtest4 WHERE k BETWEEN 7743810 AND 7743910
	Bitmap Heap Scan on sbtest4  (cost=5.46..401.64 rows=100 width=125)
	  Recheck Cond: ((k >= 7743810) AND (k <= 7743910))
	  ->  Bitmap Index Scan on k_4  (cost=0.00..5.43 rows=100 width=0)
	        Index Cond: ((k >= 7743810) AND (k <= 7743910))

table 5 : explain SELECT k, c FROM sbtest5 WHERE k BETWEEN 7743810 AND 7743910
	Bitmap Heap Scan on sbtest5  (cost=5.47..405.60 rows=101 width=125)
	  Recheck Cond: ((k >= 7743810) AND (k <= 7743910))
	  ->  Bitmap Index Scan on k_5  (cost=0.00..5.44 rows=101 width=0)
	        Index Cond: ((k >= 7743810) AND (k <= 7743910))

table 6 : explain SELECT k, c FROM sbtest6 WHERE k BETWEEN 7743810 AND 7743910
	Bitmap Heap Scan on sbtest6  (cost=5.44..393.74 rows=98 width=125)
	  Recheck Cond: ((k >= 7743810) AND (k <= 7743910))
	  ->  Bitmap Index Scan on k_6  (cost=0.00..5.42 rows=98 width=0)
	        Index Cond: ((k >= 7743810) AND (k <= 7743910))

table 7 : explain SELECT k, c FROM sbtest7 WHERE k BETWEEN 7743810 AND 7743910
	Bitmap Heap Scan on sbtest7  (cost=5.50..417.35 rows=104 width=125)
	  Recheck Cond: ((k >= 7743810) AND (k <= 7743910))
	  ->  Bitmap Index Scan on k_7  (cost=0.00..5.47 rows=104 width=0)
	        Index Cond: ((k >= 7743810) AND (k <= 7743910))

table 8 : explain SELECT k, c FROM sbtest8 WHERE k BETWEEN 7743810 AND 7743910
	Bitmap Heap Scan on sbtest8  (cost=5.48..409.54 rows=102 width=125)
	  Recheck Cond: ((k >= 7743810) AND (k <= 7743910))
	  ->  Bitmap Index Scan on k_8  (cost=0.00..5.45 rows=102 width=0)
	        Index Cond: ((k >= 7743810) AND (k <= 7743910))


for range-notcovered
table 1 : explain SELECT k, c FROM sbtest1 WHERE k BETWEEN 6568066 AND 6568166
	Bitmap Heap Scan on sbtest1  (cost=5.42..385.90 rows=96 width=125)
	  Recheck Cond: ((k >= 6568066) AND (k <= 6568166))
	  ->  Bitmap Index Scan on k_1  (cost=0.00..5.39 rows=96 width=0)
	        Index Cond: ((k >= 6568066) AND (k <= 6568166))

table 2 : explain SELECT k, c FROM sbtest2 WHERE k BETWEEN 6568066 AND 6568166
	Bitmap Heap Scan on sbtest2  (cost=5.58..448.96 rows=112 width=125)
	  Recheck Cond: ((k >= 6568066) AND (k <= 6568166))
	  ->  Bitmap Index Scan on k_2  (cost=0.00..5.55 rows=112 width=0)
	        Index Cond: ((k >= 6568066) AND (k <= 6568166))

table 3 : explain SELECT k, c FROM sbtest3 WHERE k BETWEEN 6568066 AND 6568166
	Bitmap Heap Scan on sbtest3  (cost=5.47..405.53 rows=101 width=125)
	  Recheck Cond: ((k >= 6568066) AND (k <= 6568166))
	  ->  Bitmap Index Scan on k_3  (cost=0.00..5.44 rows=101 width=0)
	        Index Cond: ((k >= 6568066) AND (k <= 6568166))

table 4 : explain SELECT k, c FROM sbtest4 WHERE k BETWEEN 6568066 AND 6568166
	Bitmap Heap Scan on sbtest4  (cost=5.59..452.90 rows=113 width=125)
	  Recheck Cond: ((k >= 6568066) AND (k <= 6568166))
	  ->  Bitmap Index Scan on k_4  (cost=0.00..5.56 rows=113 width=0)
	        Index Cond: ((k >= 6568066) AND (k <= 6568166))

table 5 : explain SELECT k, c FROM sbtest5 WHERE k BETWEEN 6568066 AND 6568166
	Bitmap Heap Scan on sbtest5  (cost=5.45..397.70 rows=99 width=125)
	  Recheck Cond: ((k >= 6568066) AND (k <= 6568166))
	  ->  Bitmap Index Scan on k_5  (cost=0.00..5.42 rows=99 width=0)
	        Index Cond: ((k >= 6568066) AND (k <= 6568166))

table 6 : explain SELECT k, c FROM sbtest6 WHERE k BETWEEN 6568066 AND 6568166
	Bitmap Heap Scan on sbtest6  (cost=5.42..385.85 rows=96 width=125)
	  Recheck Cond: ((k >= 6568066) AND (k <= 6568166))
	  ->  Bitmap Index Scan on k_6  (cost=0.00..5.39 rows=96 width=0)
	        Index Cond: ((k >= 6568066) AND (k <= 6568166))

table 7 : explain SELECT k, c FROM sbtest7 WHERE k BETWEEN 6568066 AND 6568166
	Bitmap Heap Scan on sbtest7  (cost=5.48..409.46 rows=102 width=125)
	  Recheck Cond: ((k >= 6568066) AND (k <= 6568166))
	  ->  Bitmap Index Scan on k_7  (cost=0.00..5.45 rows=102 width=0)
	        Index Cond: ((k >= 6568066) AND (k <= 6568166))

table 8 : explain SELECT k, c FROM sbtest8 WHERE k BETWEEN 6568066 AND 6568166
	Bitmap Heap Scan on sbtest8  (cost=5.49..413.49 rows=103 width=125)
	  Recheck Cond: ((k >= 6568066) AND (k <= 6568166))
	  ->  Bitmap Index Scan on k_8  (cost=0.00..5.46 rows=103 width=0)
	        Index Cond: ((k >= 6568066) AND (k <= 6568166))

explain: for range-notcovered :: explain SELECT k, c FROM sbtest%d WHERE k BETWEEN 6148959 AND 6149059for range-notcovered
table 1 : explain SELECT k, c FROM sbtest1 WHERE k BETWEEN 2658640 AND 2658740
	Bitmap Heap Scan on sbtest1  (cost=5.61..460.84 rows=115 width=125)
	  Recheck Cond: ((k >= 2658640) AND (k <= 2658740))
	  ->  Bitmap Index Scan on k_1  (cost=0.00..5.58 rows=115 width=0)
	        Index Cond: ((k >= 2658640) AND (k <= 2658740))

table 2 : explain SELECT k, c FROM sbtest2 WHERE k BETWEEN 2658640 AND 2658740
	Bitmap Heap Scan on sbtest2  (cost=5.45..397.70 rows=99 width=125)
	  Recheck Cond: ((k >= 2658640) AND (k <= 2658740))
	  ->  Bitmap Index Scan on k_2  (cost=0.00..5.42 rows=99 width=0)
	        Index Cond: ((k >= 2658640) AND (k <= 2658740))

table 3 : explain SELECT k, c FROM sbtest3 WHERE k BETWEEN 2658640 AND 2658740
	Bitmap Heap Scan on sbtest3  (cost=5.55..437.08 rows=109 width=125)
	  Recheck Cond: ((k >= 2658640) AND (k <= 2658740))
	  ->  Bitmap Index Scan on k_3  (cost=0.00..5.52 rows=109 width=0)
	        Index Cond: ((k >= 2658640) AND (k <= 2658740))

table 4 : explain SELECT k, c FROM sbtest4 WHERE k BETWEEN 2658640 AND 2658740
	Bitmap Heap Scan on sbtest4  (cost=5.45..397.70 rows=99 width=125)
	  Recheck Cond: ((k >= 2658640) AND (k <= 2658740))
	  ->  Bitmap Index Scan on k_4  (cost=0.00..5.42 rows=99 width=0)
	        Index Cond: ((k >= 2658640) AND (k <= 2658740))

table 5 : explain SELECT k, c FROM sbtest5 WHERE k BETWEEN 2658640 AND 2658740
	Bitmap Heap Scan on sbtest5  (cost=5.38..370.07 rows=92 width=125)
	  Recheck Cond: ((k >= 2658640) AND (k <= 2658740))
	  ->  Bitmap Index Scan on k_5  (cost=0.00..5.35 rows=92 width=0)
	        Index Cond: ((k >= 2658640) AND (k <= 2658740))

table 6 : explain SELECT k, c FROM sbtest6 WHERE k BETWEEN 2658640 AND 2658740
	Bitmap Heap Scan on sbtest6  (cost=5.46..401.63 rows=100 width=125)
	  Recheck Cond: ((k >= 2658640) AND (k <= 2658740))
	  ->  Bitmap Index Scan on k_6  (cost=0.00..5.43 rows=100 width=0)
	        Index Cond: ((k >= 2658640) AND (k <= 2658740))

table 7 : explain SELECT k, c FROM sbtest7 WHERE k BETWEEN 2658640 AND 2658740
	Bitmap Heap Scan on sbtest7  (cost=5.49..413.41 rows=103 width=125)
	  Recheck Cond: ((k >= 2658640) AND (k <= 2658740))
	  ->  Bitmap Index Scan on k_7  (cost=0.00..5.46 rows=103 width=0)
	        Index Cond: ((k >= 2658640) AND (k <= 2658740))

table 8 : explain SELECT k, c FROM sbtest8 WHERE k BETWEEN 2658640 AND 2658740
	Bitmap Heap Scan on sbtest8  (cost=5.47..405.60 rows=101 width=125)
	  Recheck Cond: ((k >= 2658640) AND (k <= 2658740))
	  ->  Bitmap Index Scan on k_8  (cost=0.00..5.44 rows=101 width=0)
	        Index Cond: ((k >= 2658640) AND (k <= 2658740))

explain: for range-notcovered :: explain SELECT k, c FROM sbtest%d WHERE k BETWEEN 6491710 AND 6491810
explain: for range-notcovered :: explain SELECT k, c FROM sbtest%d WHERE k BETWEEN 6789664 AND 6789764for range-notcovered
table 1 : explain SELECT k, c FROM sbtest1 WHERE k BETWEEN 4250238 AND 4250338
	Bitmap Heap Scan on sbtest1  (cost=5.51..421.42 rows=105 width=125)
	  Recheck Cond: ((k >= 4250238) AND (k <= 4250338))
	  ->  Bitmap Index Scan on k_1  (cost=0.00..5.48 rows=105 width=0)
	        Index Cond: ((k >= 4250238) AND (k <= 4250338))

table 2 : explain SELECT k, c FROM sbtest2 WHERE k BETWEEN 4250238 AND 4250338
	Bitmap Heap Scan on sbtest2  (cost=5.45..397.70 rows=99 width=125)
	  Recheck Cond: ((k >= 4250238) AND (k <= 4250338))
	  ->  Bitmap Index Scan on k_2  (cost=0.00..5.42 rows=99 width=0)
	        Index Cond: ((k >= 4250238) AND (k <= 4250338))

table 3 : explain SELECT k, c FROM sbtest3 WHERE k BETWEEN 4250238 AND 4250338
	Bitmap Heap Scan on sbtest3  (cost=5.57..444.96 rows=111 width=125)
	  Recheck Cond: ((k >= 4250238) AND (k <= 4250338))
	  ->  Bitmap Index Scan on k_3  (cost=0.00..5.54 rows=111 width=0)
	        Index Cond: ((k >= 4250238) AND (k <= 4250338))

table 4 : explain SELECT k, c FROM sbtest4 WHERE k BETWEEN 4250238 AND 4250338
	Bitmap Heap Scan on sbtest4  (cost=5.57..445.02 rows=111 width=125)
	  Recheck Cond: ((k >= 4250238) AND (k <= 4250338))
	  ->  Bitmap Index Scan on k_4  (cost=0.00..5.54 rows=111 width=0)
	        Index Cond: ((k >= 4250238) AND (k <= 4250338))

table 5 : explain SELECT k, c FROM sbtest5 WHERE k BETWEEN 4250238 AND 4250338
	Bitmap Heap Scan on sbtest5  (cost=5.53..429.26 rows=107 width=125)
	  Recheck Cond: ((k >= 4250238) AND (k <= 4250338))
	  ->  Bitmap Index Scan on k_5  (cost=0.00..5.50 rows=107 width=0)
	        Index Cond: ((k >= 4250238) AND (k <= 4250338))

table 6 : explain SELECT k, c FROM sbtest6 WHERE k BETWEEN 4250238 AND 4250338
	Bitmap Heap Scan on sbtest6  (cost=5.42..385.85 rows=96 width=125)
	  Recheck Cond: ((k >= 4250238) AND (k <= 4250338))
	  ->  Bitmap Index Scan on k_6  (cost=0.00..5.39 rows=96 width=0)
	        Index Cond: ((k >= 4250238) AND (k <= 4250338))

table 7 : explain SELECT k, c FROM sbtest7 WHERE k BETWEEN 4250238 AND 4250338
	Bitmap Heap Scan on sbtest7  (cost=5.47..405.52 rows=101 width=125)
	  Recheck Cond: ((k >= 4250238) AND (k <= 4250338))
	  ->  Bitmap Index Scan on k_7  (cost=0.00..5.44 rows=101 width=0)
	        Index Cond: ((k >= 4250238) AND (k <= 4250338))

table 8 : explain SELECT k, c FROM sbtest8 WHERE k BETWEEN 4250238 AND 4250338
	Bitmap Heap Scan on sbtest8  (cost=5.53..429.26 rows=107 width=125)
	  Recheck Cond: ((k >= 4250238) AND (k <= 4250338))
	  ->  Bitmap Index Scan on k_8  (cost=0.00..5.50 rows=107 width=0)
	        Index Cond: ((k >= 4250238) AND (k <= 4250338))

for range-notcovered
table 1 : explain SELECT k, c FROM sbtest1 WHERE k BETWEEN 8712676 AND 8712776
	Bitmap Heap Scan on sbtest1  (cost=5.44..393.80 rows=98 width=125)
	  Recheck Cond: ((k >= 8712676) AND (k <= 8712776))
	  ->  Bitmap Index Scan on k_1  (cost=0.00..5.42 rows=98 width=0)
	        Index Cond: ((k >= 8712676) AND (k <= 8712776))

table 2 : explain SELECT k, c FROM sbtest2 WHERE k BETWEEN 8712676 AND 8712776
	Bitmap Heap Scan on sbtest2  (cost=5.47..405.59 rows=101 width=125)
	  Recheck Cond: ((k >= 8712676) AND (k <= 8712776))
	  ->  Bitmap Index Scan on k_2  (cost=0.00..5.44 rows=101 width=0)
	        Index Cond: ((k >= 8712676) AND (k <= 8712776))

table 3 : explain SELECT k, c FROM sbtest3 WHERE k BETWEEN 8712676 AND 8712776
	Bitmap Heap Scan on sbtest3  (cost=5.50..417.37 rows=104 width=125)
	  Recheck Cond: ((k >= 8712676) AND (k <= 8712776))
	  ->  Bitmap Index Scan on k_3  (cost=0.00..5.47 rows=104 width=0)
	        Index Cond: ((k >= 8712676) AND (k <= 8712776))

table 4 : explain SELECT k, c FROM sbtest4 WHERE k BETWEEN 8712676 AND 8712776
	Bitmap Heap Scan on sbtest4  (cost=5.52..425.31 rows=106 width=125)
	  Recheck Cond: ((k >= 8712676) AND (k <= 8712776))
	  ->  Bitmap Index Scan on k_4  (cost=0.00..5.50 rows=106 width=0)
	        Index Cond: ((k >= 8712676) AND (k <= 8712776))

table 5 : explain SELECT k, c FROM sbtest5 WHERE k BETWEEN 8712676 AND 8712776
	Bitmap Heap Scan on sbtest5  (cost=5.43..389.81 rows=97 width=125)
	  Recheck Cond: ((k >= 8712676) AND (k <= 8712776))
	  ->  Bitmap Index Scan on k_5  (cost=0.00..5.40 rows=97 width=0)
	        Index Cond: ((k >= 8712676) AND (k <= 8712776))

table 6 : explain SELECT k, c FROM sbtest6 WHERE k BETWEEN 8712676 AND 8712776
	Bitmap Heap Scan on sbtest6  (cost=5.59..452.89 rows=113 width=125)
	  Recheck Cond: ((k >= 8712676) AND (k <= 8712776))
	  ->  Bitmap Index Scan on k_6  (cost=0.00..5.56 rows=113 width=0)
	        Index Cond: ((k >= 8712676) AND (k <= 8712776))

table 7 : explain SELECT k, c FROM sbtest7 WHERE k BETWEEN 8712676 AND 8712776
	Bitmap Heap Scan on sbtest7  (cost=5.49..413.41 rows=103 width=125)
	  Recheck Cond: ((k >= 8712676) AND (k <= 8712776))
	  ->  Bitmap Index Scan on k_7  (cost=0.00..5.46 rows=103 width=0)
	        Index Cond: ((k >= 8712676) AND (k <= 8712776))

table 8 : explain SELECT k, c FROM sbtest8 WHERE k BETWEEN 8712676 AND 8712776
	Bitmap Heap Scan on sbtest8  (cost=5.46..401.65 rows=100 width=125)
	  Recheck Cond: ((k >= 8712676) AND (k <= 8712776))
	  ->  Bitmap Index Scan on k_8  (cost=0.00..5.43 rows=100 width=0)
	        Index Cond: ((k >= 8712676) AND (k <= 8712776))

for range-notcovered
table 1 : explain SELECT k, c FROM sbtest1 WHERE k BETWEEN 6378941 AND 6379041
	Bitmap Heap Scan on sbtest1  (cost=5.53..429.30 rows=107 width=125)
	  Recheck Cond: ((k >= 6378941) AND (k <= 6379041))
	  ->  Bitmap Index Scan on k_1  (cost=0.00..5.50 rows=107 width=0)
	        Index Cond: ((k >= 6378941) AND (k <= 6379041))

table 2 : explain SELECT k, c FROM sbtest2 WHERE k BETWEEN 6378941 AND 6379041
	Bitmap Heap Scan on sbtest2  (cost=5.49..413.48 rows=103 width=125)
	  Recheck Cond: ((k >= 6378941) AND (k <= 6379041))
	  ->  Bitmap Index Scan on k_2  (cost=0.00..5.46 rows=103 width=0)
	        Index Cond: ((k >= 6378941) AND (k <= 6379041))

table 3 : explain SELECT k, c FROM sbtest3 WHERE k BETWEEN 6378941 AND 6379041
	Bitmap Heap Scan on sbtest3  (cost=5.55..437.08 rows=109 width=125)
	  Recheck Cond: ((k >= 6378941) AND (k <= 6379041))
	  ->  Bitmap Index Scan on k_3  (cost=0.00..5.52 rows=109 width=0)
	        Index Cond: ((k >= 6378941) AND (k <= 6379041))

table 4 : explain SELECT k, c FROM sbtest4 WHERE k BETWEEN 6378941 AND 6379041
	Bitmap Heap Scan on sbtest4  (cost=5.44..393.75 rows=98 width=125)
	  Recheck Cond: ((k >= 6378941) AND (k <= 6379041))
	  ->  Bitmap Index Scan on k_4  (cost=0.00..5.42 rows=98 width=0)
	        Index Cond: ((k >= 6378941) AND (k <= 6379041))

table 5 : explain SELECT k, c FROM sbtest5 WHERE k BETWEEN 6378941 AND 6379041
	Bitmap Heap Scan on sbtest5  (cost=5.39..374.02 rows=93 width=125)
	  Recheck Cond: ((k >= 6378941) AND (k <= 6379041))
	  ->  Bitmap Index Scan on k_5  (cost=0.00..5.36 rows=93 width=0)
	        Index Cond: ((k >= 6378941) AND (k <= 6379041))

table 6 : explain SELECT k, c FROM sbtest6 WHERE k BETWEEN 6378941 AND 6379041
	Bitmap Heap Scan on sbtest6  (cost=5.41..381.90 rows=95 width=125)
	  Recheck Cond: ((k >= 6378941) AND (k <= 6379041))
	  ->  Bitmap Index Scan on k_6  (cost=0.00..5.38 rows=95 width=0)
	        Index Cond: ((k >= 6378941) AND (k <= 6379041))

table 7 : explain SELECT k, c FROM sbtest7 WHERE k BETWEEN 6378941 AND 6379041
	Bitmap Heap Scan on sbtest7  (cost=5.45..397.63 rows=99 width=125)
	  Recheck Cond: ((k >= 6378941) AND (k <= 6379041))
	  ->  Bitmap Index Scan on k_7  (cost=0.00..5.42 rows=99 width=0)
	        Index Cond: ((k >= 6378941) AND (k <= 6379041))

table 8 : explain SELECT k, c FROM sbtest8 WHERE k BETWEEN 6378941 AND 6379041
	Bitmap Heap Scan on sbtest8  (cost=5.52..425.32 rows=106 width=125)
	  Recheck Cond: ((k >= 6378941) AND (k <= 6379041))
	  ->  Bitmap Index Scan on k_8  (cost=0.00..5.50 rows=106 width=0)
	        Index Cond: ((k >= 6378941) AND (k <= 6379041))

explain: for range-notcovered :: explain SELECT k, c FROM sbtest%d WHERE k BETWEEN 2658640 AND 2658740for range-notcovered
table 1 : explain SELECT k, c FROM sbtest1 WHERE k BETWEEN 4791999 AND 4792099
	Bitmap Heap Scan on sbtest1  (cost=5.50..417.47 rows=104 width=125)
	  Recheck Cond: ((k >= 4791999) AND (k <= 4792099))
	  ->  Bitmap Index Scan on k_1  (cost=0.00..5.47 rows=104 width=0)
	        Index Cond: ((k >= 4791999) AND (k <= 4792099))

table 2 : explain SELECT k, c FROM sbtest2 WHERE k BETWEEN 4791999 AND 4792099
	Bitmap Heap Scan on sbtest2  (cost=5.40..377.96 rows=94 width=125)
	  Recheck Cond: ((k >= 4791999) AND (k <= 4792099))
	  ->  Bitmap Index Scan on k_2  (cost=0.00..5.38 rows=94 width=0)
	        Index Cond: ((k >= 4791999) AND (k <= 4792099))

table 3 : explain SELECT k, c FROM sbtest3 WHERE k BETWEEN 4791999 AND 4792099
	Bitmap Heap Scan on sbtest3  (cost=5.49..413.42 rows=103 width=125)
	  Recheck Cond: ((k >= 4791999) AND (k <= 4792099))
	  ->  Bitmap Index Scan on k_3  (cost=0.00..5.46 rows=103 width=0)
	        Index Cond: ((k >= 4791999) AND (k <= 4792099))

table 4 : explain SELECT k, c FROM sbtest4 WHERE k BETWEEN 4791999 AND 4792099
	Bitmap Heap Scan on sbtest4  (cost=5.48..409.53 rows=102 width=125)
	  Recheck Cond: ((k >= 4791999) AND (k <= 4792099))
	  ->  Bitmap Index Scan on k_4  (cost=0.00..5.45 rows=102 width=0)
	        Index Cond: ((k >= 4791999) AND (k <= 4792099))

table 5 : explain SELECT k, c FROM sbtest5 WHERE k BETWEEN 4791999 AND 4792099
	Bitmap Heap Scan on sbtest5  (cost=5.36..362.17 rows=90 width=125)
	  Recheck Cond: ((k >= 4791999) AND (k <= 4792099))
	  ->  Bitmap Index Scan on k_5  (cost=0.00..5.33 rows=90 width=0)
	        Index Cond: ((k >= 4791999) AND (k <= 4792099))

table 6 : explain SELECT k, c FROM sbtest6 WHERE k BETWEEN 4791999 AND 4792099
	Bitmap Heap Scan on sbtest6  (cost=5.58..448.95 rows=112 width=125)
	  Recheck Cond: ((k >= 4791999) AND (k <= 4792099))
	  ->  Bitmap Index Scan on k_6  (cost=0.00..5.55 rows=112 width=0)
	        Index Cond: ((k >= 4791999) AND (k <= 4792099))

table 7 : explain SELECT k, c FROM sbtest7 WHERE k BETWEEN 4791999 AND 4792099
	Bitmap Heap Scan on sbtest7  (cost=5.50..417.35 rows=104 width=125)
	  Recheck Cond: ((k >= 4791999) AND (k <= 4792099))
	  ->  Bitmap Index Scan on k_7  (cost=0.00..5.47 rows=104 width=0)
	        Index Cond: ((k >= 4791999) AND (k <= 4792099))

table 8 : explain SELECT k, c FROM sbtest8 WHERE k BETWEEN 4791999 AND 4792099
	Bitmap Heap Scan on sbtest8  (cost=5.46..401.65 rows=100 width=125)
	  Recheck Cond: ((k >= 4791999) AND (k <= 4792099))
	  ->  Bitmap Index Scan on k_8  (cost=0.00..5.43 rows=100 width=0)
	        Index Cond: ((k >= 4791999) AND (k <= 4792099))

explain: for range-notcovered :: explain SELECT k, c FROM sbtest%d WHERE k BETWEEN 6568066 AND 6568166


explain: for range-notcovered :: explain SELECT k, c FROM sbtest%d WHERE k BETWEEN 2158070 AND 2158170
explain: for range-notcovered :: explain SELECT k, c FROM sbtest%d WHERE k BETWEEN 6378941 AND 6379041

explain: for range-notcovered :: explain SELECT k, c FROM sbtest%d WHERE k BETWEEN 7743810 AND 7743910

explain: for range-notcovered :: explain SELECT k, c FROM sbtest%d WHERE k BETWEEN 4250238 AND 4250338
for range-notcovered
table 1 : explain SELECT k, c FROM sbtest1 WHERE k BETWEEN 7372991 AND 7373091
	Bitmap Heap Scan on sbtest1  (cost=5.42..385.90 rows=96 width=125)
	  Recheck Cond: ((k >= 7372991) AND (k <= 7373091))
	  ->  Bitmap Index Scan on k_1  (cost=0.00..5.39 rows=96 width=0)
	        Index Cond: ((k >= 7372991) AND (k <= 7373091))

table 2 : explain SELECT k, c FROM sbtest2 WHERE k BETWEEN 7372991 AND 7373091
	Bitmap Heap Scan on sbtest2  (cost=5.43..389.80 rows=97 width=125)
	  Recheck Cond: ((k >= 7372991) AND (k <= 7373091))
	  ->  Bitmap Index Scan on k_2  (cost=0.00..5.40 rows=97 width=0)
	        Index Cond: ((k >= 7372991) AND (k <= 7373091))

table 3 : explain SELECT k, c FROM sbtest3 WHERE k BETWEEN 7372991 AND 7373091
	Bitmap Heap Scan on sbtest3  (cost=5.43..389.75 rows=97 width=125)
	  Recheck Cond: ((k >= 7372991) AND (k <= 7373091))
	  ->  Bitmap Index Scan on k_3  (cost=0.00..5.40 rows=97 width=0)
	        Index Cond: ((k >= 7372991) AND (k <= 7373091))

table 4 : explain SELECT k, c FROM sbtest4 WHERE k BETWEEN 7372991 AND 7373091
	Bitmap Heap Scan on sbtest4  (cost=5.40..377.96 rows=94 width=125)
	  Recheck Cond: ((k >= 7372991) AND (k <= 7373091))
	  ->  Bitmap Index Scan on k_4  (cost=0.00..5.38 rows=94 width=0)
	        Index Cond: ((k >= 7372991) AND (k <= 7373091))

table 5 : explain SELECT k, c FROM sbtest5 WHERE k BETWEEN 7372991 AND 7373091
	Bitmap Heap Scan on sbtest5  (cost=5.46..401.65 rows=100 width=125)
	  Recheck Cond: ((k >= 7372991) AND (k <= 7373091))
	  ->  Bitmap Index Scan on k_5  (cost=0.00..5.43 rows=100 width=0)
	        Index Cond: ((k >= 7372991) AND (k <= 7373091))

table 6 : explain SELECT k, c FROM sbtest6 WHERE k BETWEEN 7372991 AND 7373091
	Bitmap Heap Scan on sbtest6  (cost=5.52..425.30 rows=106 width=125)
	  Recheck Cond: ((k >= 7372991) AND (k <= 7373091))
	  ->  Bitmap Index Scan on k_6  (cost=0.00..5.50 rows=106 width=0)
	        Index Cond: ((k >= 7372991) AND (k <= 7373091))

table 7 : explain SELECT k, c FROM sbtest7 WHERE k BETWEEN 7372991 AND 7373091
	Bitmap Heap Scan on sbtest7  (cost=5.65..476.45 rows=119 width=125)
	  Recheck Cond: ((k >= 7372991) AND (k <= 7373091))
	  ->  Bitmap Index Scan on k_7  (cost=0.00..5.62 rows=119 width=0)
	        Index Cond: ((k >= 7372991) AND (k <= 7373091))

table 8 : explain SELECT k, c FROM sbtest8 WHERE k BETWEEN 7372991 AND 7373091
	Bitmap Heap Scan on sbtest8  (cost=5.43..389.81 rows=97 width=125)
	  Recheck Cond: ((k >= 7372991) AND (k <= 7373091))
	  ->  Bitmap Index Scan on k_8  (cost=0.00..5.40 rows=97 width=0)
	        Index Cond: ((k >= 7372991) AND (k <= 7373091))

for range-notcovered
table 1 : explain SELECT k, c FROM sbtest1 WHERE k BETWEEN 5006439 AND 5006539
	Bitmap Heap Scan on sbtest1  (cost=5.55..437.19 rows=109 width=125)
	  Recheck Cond: ((k >= 5006439) AND (k <= 5006539))
	  ->  Bitmap Index Scan on k_1  (cost=0.00..5.52 rows=109 width=0)
	        Index Cond: ((k >= 5006439) AND (k <= 5006539))

table 2 : explain SELECT k, c FROM sbtest2 WHERE k BETWEEN 5006439 AND 5006539
	Bitmap Heap Scan on sbtest2  (cost=5.57..445.02 rows=111 width=125)
	  Recheck Cond: ((k >= 5006439) AND (k <= 5006539))
	  ->  Bitmap Index Scan on k_2  (cost=0.00..5.54 rows=111 width=0)
	        Index Cond: ((k >= 5006439) AND (k <= 5006539))

table 3 : explain SELECT k, c FROM sbtest3 WHERE k BETWEEN 5006439 AND 5006539
	Bitmap Heap Scan on sbtest3  (cost=5.46..401.59 rows=100 width=125)
	  Recheck Cond: ((k >= 5006439) AND (k <= 5006539))
	  ->  Bitmap Index Scan on k_3  (cost=0.00..5.43 rows=100 width=0)
	        Index Cond: ((k >= 5006439) AND (k <= 5006539))

table 4 : explain SELECT k, c FROM sbtest4 WHERE k BETWEEN 5006439 AND 5006539
	Bitmap Heap Scan on sbtest4  (cost=5.47..405.59 rows=101 width=125)
	  Recheck Cond: ((k >= 5006439) AND (k <= 5006539))
	  ->  Bitmap Index Scan on k_4  (cost=0.00..5.44 rows=101 width=0)
	        Index Cond: ((k >= 5006439) AND (k <= 5006539))

table 5 : explain SELECT k, c FROM sbtest5 WHERE k BETWEEN 5006439 AND 5006539
	Bitmap Heap Scan on sbtest5  (cost=5.45..397.70 rows=99 width=125)
	  Recheck Cond: ((k >= 5006439) AND (k <= 5006539))
	  ->  Bitmap Index Scan on k_5  (cost=0.00..5.42 rows=99 width=0)
	        Index Cond: ((k >= 5006439) AND (k <= 5006539))

table 6 : explain SELECT k, c FROM sbtest6 WHERE k BETWEEN 5006439 AND 5006539
	Bitmap Heap Scan on sbtest6  (cost=5.50..417.41 rows=104 width=125)
	  Recheck Cond: ((k >= 5006439) AND (k <= 5006539))
	  ->  Bitmap Index Scan on k_6  (cost=0.00..5.47 rows=104 width=0)
	        Index Cond: ((k >= 5006439) AND (k <= 5006539))

table 7 : explain SELECT k, c FROM sbtest7 WHERE k BETWEEN 5006439 AND 5006539
	Bitmap Heap Scan on sbtest7  (cost=5.42..385.79 rows=96 width=125)
	  Recheck Cond: ((k >= 5006439) AND (k <= 5006539))
	  ->  Bitmap Index Scan on k_7  (cost=0.00..5.39 rows=96 width=0)
	        Index Cond: ((k >= 5006439) AND (k <= 5006539))

table 8 : explain SELECT k, c FROM sbtest8 WHERE k BETWEEN 5006439 AND 5006539
	Bitmap Heap Scan on sbtest8  (cost=5.39..374.02 rows=93 width=125)
	  Recheck Cond: ((k >= 5006439) AND (k <= 5006539))
	  ->  Bitmap Index Scan on k_8  (cost=0.00..5.36 rows=93 width=0)
	        Index Cond: ((k >= 5006439) AND (k <= 5006539))

for range-notcovered
table 1 : explain SELECT k, c FROM sbtest1 WHERE k BETWEEN 4873456 AND 4873556
	Bitmap Heap Scan on sbtest1  (cost=5.65..476.60 rows=119 width=125)
	  Recheck Cond: ((k >= 4873456) AND (k <= 4873556))
	  ->  Bitmap Index Scan on k_1  (cost=0.00..5.62 rows=119 width=0)
	        Index Cond: ((k >= 4873456) AND (k <= 4873556))

table 2 : explain SELECT k, c FROM sbtest2 WHERE k BETWEEN 4873456 AND 4873556
	Bitmap Heap Scan on sbtest2  (cost=5.48..409.53 rows=102 width=125)
	  Recheck Cond: ((k >= 4873456) AND (k <= 4873556))
	  ->  Bitmap Index Scan on k_2  (cost=0.00..5.45 rows=102 width=0)
	        Index Cond: ((k >= 4873456) AND (k <= 4873556))

table 3 : explain SELECT k, c FROM sbtest3 WHERE k BETWEEN 4873456 AND 4873556
	Bitmap Heap Scan on sbtest3  (cost=5.46..401.59 rows=100 width=125)
	  Recheck Cond: ((k >= 4873456) AND (k <= 4873556))
	  ->  Bitmap Index Scan on k_3  (cost=0.00..5.43 rows=100 width=0)
	        Index Cond: ((k >= 4873456) AND (k <= 4873556))

table 4 : explain SELECT k, c FROM sbtest4 WHERE k BETWEEN 4873456 AND 4873556
	Bitmap Heap Scan on sbtest4  (cost=5.53..429.25 rows=107 width=125)
	  Recheck Cond: ((k >= 4873456) AND (k <= 4873556))
	  ->  Bitmap Index Scan on k_4  (cost=0.00..5.50 rows=107 width=0)
	        Index Cond: ((k >= 4873456) AND (k <= 4873556))

table 5 : explain SELECT k, c FROM sbtest5 WHERE k BETWEEN 4873456 AND 4873556
	Bitmap Heap Scan on sbtest5  (cost=5.46..401.65 rows=100 width=125)
	  Recheck Cond: ((k >= 4873456) AND (k <= 4873556))
	  ->  Bitmap Index Scan on k_5  (cost=0.00..5.43 rows=100 width=0)
	        Index Cond: ((k >= 4873456) AND (k <= 4873556))

table 6 : explain SELECT k, c FROM sbtest6 WHERE k BETWEEN 4873456 AND 4873556
	Bitmap Heap Scan on sbtest6  (cost=5.50..417.41 rows=104 width=125)
	  Recheck Cond: ((k >= 4873456) AND (k <= 4873556))
	  ->  Bitmap Index Scan on k_6  (cost=0.00..5.47 rows=104 width=0)
	        Index Cond: ((k >= 4873456) AND (k <= 4873556))

table 7 : explain SELECT k, c FROM sbtest7 WHERE k BETWEEN 4873456 AND 4873556
	Bitmap Heap Scan on sbtest7  (cost=5.53..429.17 rows=107 width=125)
	  Recheck Cond: ((k >= 4873456) AND (k <= 4873556))
	  ->  Bitmap Index Scan on k_7  (cost=0.00..5.50 rows=107 width=0)
	        Index Cond: ((k >= 4873456) AND (k <= 4873556))

table 8 : explain SELECT k, c FROM sbtest8 WHERE k BETWEEN 4873456 AND 4873556
	Bitmap Heap Scan on sbtest8  (cost=5.59..452.91 rows=113 width=125)
	  Recheck Cond: ((k >= 4873456) AND (k <= 4873556))
	  ->  Bitmap Index Scan on k_8  (cost=0.00..5.56 rows=113 width=0)
	        Index Cond: ((k >= 4873456) AND (k <= 4873556))

for range-notcovered
table 1 : explain SELECT k, c FROM sbtest1 WHERE k BETWEEN 7216687 AND 7216787
	Bitmap Heap Scan on sbtest1  (cost=5.49..413.53 rows=103 width=125)
	  Recheck Cond: ((k >= 7216687) AND (k <= 7216787))
	  ->  Bitmap Index Scan on k_1  (cost=0.00..5.46 rows=103 width=0)
	        Index Cond: ((k >= 7216687) AND (k <= 7216787))

table 2 : explain SELECT k, c FROM sbtest2 WHERE k BETWEEN 7216687 AND 7216787
	Bitmap Heap Scan on sbtest2  (cost=5.41..381.91 rows=95 width=125)
	  Recheck Cond: ((k >= 7216687) AND (k <= 7216787))
	  ->  Bitmap Index Scan on k_2  (cost=0.00..5.38 rows=95 width=0)
	        Index Cond: ((k >= 7216687) AND (k <= 7216787))

table 3 : explain SELECT k, c FROM sbtest3 WHERE k BETWEEN 7216687 AND 7216787
	Bitmap Heap Scan on sbtest3  (cost=5.47..405.53 rows=101 width=125)
	  Recheck Cond: ((k >= 7216687) AND (k <= 7216787))
	  ->  Bitmap Index Scan on k_3  (cost=0.00..5.44 rows=101 width=0)
	        Index Cond: ((k >= 7216687) AND (k <= 7216787))

table 4 : explain SELECT k, c FROM sbtest4 WHERE k BETWEEN 7216687 AND 7216787
	Bitmap Heap Scan on sbtest4  (cost=5.53..429.25 rows=107 width=125)
	  Recheck Cond: ((k >= 7216687) AND (k <= 7216787))
	  ->  Bitmap Index Scan on k_4  (cost=0.00..5.50 rows=107 width=0)
	        Index Cond: ((k >= 7216687) AND (k <= 7216787))

table 5 : explain SELECT k, c FROM sbtest5 WHERE k BETWEEN 7216687 AND 7216787
	Bitmap Heap Scan on sbtest5  (cost=5.48..409.54 rows=102 width=125)
	  Recheck Cond: ((k >= 7216687) AND (k <= 7216787))
	  ->  Bitmap Index Scan on k_5  (cost=0.00..5.45 rows=102 width=0)
	        Index Cond: ((k >= 7216687) AND (k <= 7216787))

table 6 : explain SELECT k, c FROM sbtest6 WHERE k BETWEEN 7216687 AND 7216787
	Bitmap Heap Scan on sbtest6  (cost=5.45..397.69 rows=99 width=125)
	  Recheck Cond: ((k >= 7216687) AND (k <= 7216787))
	  ->  Bitmap Index Scan on k_6  (cost=0.00..5.42 rows=99 width=0)
	        Index Cond: ((k >= 7216687) AND (k <= 7216787))

table 7 : explain SELECT k, c FROM sbtest7 WHERE k BETWEEN 7216687 AND 7216787
	Bitmap Heap Scan on sbtest7  (cost=5.51..421.29 rows=105 width=125)
	  Recheck Cond: ((k >= 7216687) AND (k <= 7216787))
	  ->  Bitmap Index Scan on k_7  (cost=0.00..5.48 rows=105 width=0)
	        Index Cond: ((k >= 7216687) AND (k <= 7216787))

table 8 : explain SELECT k, c FROM sbtest8 WHERE k BETWEEN 7216687 AND 7216787
	Bitmap Heap Scan on sbtest8  (cost=5.56..441.09 rows=110 width=125)
	  Recheck Cond: ((k >= 7216687) AND (k <= 7216787))
	  ->  Bitmap Index Scan on k_8  (cost=0.00..5.53 rows=110 width=0)
	        Index Cond: ((k >= 7216687) AND (k <= 7216787))

explain: for range-notcovered :: explain SELECT k, c FROM sbtest%d WHERE k BETWEEN 8712676 AND 8712776explain: for range-notcovered :: explain SELECT k, c FROM sbtest%d WHERE k BETWEEN 4791999 AND 4792099
explain: for range-notcovered :: explain SELECT k, c FROM sbtest%d WHERE k BETWEEN 4873456 AND 4873556
for range-notcovered
table 1 : explain SELECT k, c FROM sbtest1 WHERE k BETWEEN 6927879 AND 6927979
	Bitmap Heap Scan on sbtest1  (cost=5.46..401.69 rows=100 width=125)
	  Recheck Cond: ((k >= 6927879) AND (k <= 6927979))
	  ->  Bitmap Index Scan on k_1  (cost=0.00..5.43 rows=100 width=0)
	        Index Cond: ((k >= 6927879) AND (k <= 6927979))

table 2 : explain SELECT k, c FROM sbtest2 WHERE k BETWEEN 6927879 AND 6927979
	Bitmap Heap Scan on sbtest2  (cost=5.52..425.31 rows=106 width=125)
	  Recheck Cond: ((k >= 6927879) AND (k <= 6927979))
	  ->  Bitmap Index Scan on k_2  (cost=0.00..5.50 rows=106 width=0)
	        Index Cond: ((k >= 6927879) AND (k <= 6927979))

table 3 : explain SELECT k, c FROM sbtest3 WHERE k BETWEEN 6927879 AND 6927979
	Bitmap Heap Scan on sbtest3  (cost=5.57..444.96 rows=111 width=125)
	  Recheck Cond: ((k >= 6927879) AND (k <= 6927979))
	  ->  Bitmap Index Scan on k_3  (cost=0.00..5.54 rows=111 width=0)
	        Index Cond: ((k >= 6927879) AND (k <= 6927979))

table 4 : explain SELECT k, c FROM sbtest4 WHERE k BETWEEN 6927879 AND 6927979
	Bitmap Heap Scan on sbtest4  (cost=5.44..393.75 rows=98 width=125)
	  Recheck Cond: ((k >= 6927879) AND (k <= 6927979))
	  ->  Bitmap Index Scan on k_4  (cost=0.00..5.42 rows=98 width=0)
	        Index Cond: ((k >= 6927879) AND (k <= 6927979))

table 5 : explain SELECT k, c FROM sbtest5 WHERE k BETWEEN 6927879 AND 6927979
	Bitmap Heap Scan on sbtest5  (cost=5.56..441.09 rows=110 width=125)
	  Recheck Cond: ((k >= 6927879) AND (k <= 6927979))
	  ->  Bitmap Index Scan on k_5  (cost=0.00..5.53 rows=110 width=0)
	        Index Cond: ((k >= 6927879) AND (k <= 6927979))

table 6 : explain SELECT k, c FROM sbtest6 WHERE k BETWEEN 6927879 AND 6927979
	Bitmap Heap Scan on sbtest6  (cost=5.42..385.85 rows=96 width=125)
	  Recheck Cond: ((k >= 6927879) AND (k <= 6927979))
	  ->  Bitmap Index Scan on k_6  (cost=0.00..5.39 rows=96 width=0)
	        Index Cond: ((k >= 6927879) AND (k <= 6927979))

table 7 : explain SELECT k, c FROM sbtest7 WHERE k BETWEEN 6927879 AND 6927979
	Bitmap Heap Scan on sbtest7  (cost=5.47..405.52 rows=101 width=125)
	  Recheck Cond: ((k >= 6927879) AND (k <= 6927979))
	  ->  Bitmap Index Scan on k_7  (cost=0.00..5.44 rows=101 width=0)
	        Index Cond: ((k >= 6927879) AND (k <= 6927979))

table 8 : explain SELECT k, c FROM sbtest8 WHERE k BETWEEN 6927879 AND 6927979
	Bitmap Heap Scan on sbtest8  (cost=5.50..417.43 rows=104 width=125)
	  Recheck Cond: ((k >= 6927879) AND (k <= 6927979))
	  ->  Bitmap Index Scan on k_8  (cost=0.00..5.47 rows=104 width=0)
	        Index Cond: ((k >= 6927879) AND (k <= 6927979))
for range-notcovered
table 1 : explain SELECT k, c FROM sbtest1 WHERE k BETWEEN 8510416 AND 8510516
	Bitmap Heap Scan on sbtest1  (cost=5.49..413.53 rows=103 width=125)
	  Recheck Cond: ((k >= 8510416) AND (k <= 8510516))
	  ->  Bitmap Index Scan on k_1  (cost=0.00..5.46 rows=103 width=0)
	        Index Cond: ((k >= 8510416) AND (k <= 8510516))

table 2 : explain SELECT k, c FROM sbtest2 WHERE k BETWEEN 8510416 AND 8510516
	Bitmap Heap Scan on sbtest2  (cost=5.49..413.48 rows=103 width=125)
	  Recheck Cond: ((k >= 8510416) AND (k <= 8510516))
	  ->  Bitmap Index Scan on k_2  (cost=0.00..5.46 rows=103 width=0)
	        Index Cond: ((k >= 8510416) AND (k <= 8510516))

table 3 : explain SELECT k, c FROM sbtest3 WHERE k BETWEEN 8510416 AND 8510516
	Bitmap Heap Scan on sbtest3  (cost=5.40..377.91 rows=94 width=125)
	  Recheck Cond: ((k >= 8510416) AND (k <= 8510516))
	  ->  Bitmap Index Scan on k_3  (cost=0.00..5.38 rows=94 width=0)
	        Index Cond: ((k >= 8510416) AND (k <= 8510516))

table 4 : explain SELECT k, c FROM sbtest4 WHERE k BETWEEN 8510416 AND 8510516
	Bitmap Heap Scan on sbtest4  (cost=5.55..437.13 rows=109 width=125)
	  Recheck Cond: ((k >= 8510416) AND (k <= 8510516))
	  ->  Bitmap Index Scan on k_4  (cost=0.00..5.52 rows=109 width=0)
	        Index Cond: ((k >= 8510416) AND (k <= 8510516))

table 5 : explain SELECT k, c FROM sbtest5 WHERE k BETWEEN 8510416 AND 8510516
	Bitmap Heap Scan on sbtest5  (cost=5.53..429.26 rows=107 width=125)
	  Recheck Cond: ((k >= 8510416) AND (k <= 8510516))
	  ->  Bitmap Index Scan on k_5  (cost=0.00..5.50 rows=107 width=0)
	        Index Cond: ((k >= 8510416) AND (k <= 8510516))

table 6 : explain SELECT k, c FROM sbtest6 WHERE k BETWEEN 8510416 AND 8510516
	Bitmap Heap Scan on sbtest6  (cost=5.45..397.69 rows=99 width=125)
	  Recheck Cond: ((k >= 8510416) AND (k <= 8510516))
	  ->  Bitmap Index Scan on k_6  (cost=0.00..5.42 rows=99 width=0)
	        Index Cond: ((k >= 8510416) AND (k <= 8510516))

table 7 : explain SELECT k, c FROM sbtest7 WHERE k BETWEEN 8510416 AND 8510516
	Bitmap Heap Scan on sbtest7  (cost=5.46..401.57 rows=100 width=125)
	  Recheck Cond: ((k >= 8510416) AND (k <= 8510516))
	  ->  Bitmap Index Scan on k_7  (cost=0.00..5.43 rows=100 width=0)
	        Index Cond: ((k >= 8510416) AND (k <= 8510516))

table 8 : explain SELECT k, c FROM sbtest8 WHERE k BETWEEN 8510416 AND 8510516
	Bitmap Heap Scan on sbtest8  (cost=5.47..405.60 rows=101 width=125)
	  Recheck Cond: ((k >= 8510416) AND (k <= 8510516))
	  ->  Bitmap Index Scan on k_8  (cost=0.00..5.44 rows=101 width=0)
	        Index Cond: ((k >= 8510416) AND (k <= 8510516))
for range-notcovered
table 1 : explain SELECT k, c FROM sbtest1 WHERE k BETWEEN 6676821 AND 6676921
	Bitmap Heap Scan on sbtest1  (cost=5.44..393.80 rows=98 width=125)
	  Recheck Cond: ((k >= 6676821) AND (k <= 6676921))
	  ->  Bitmap Index Scan on k_1  (cost=0.00..5.42 rows=98 width=0)
	        Index Cond: ((k >= 6676821) AND (k <= 6676921))

table 2 : explain SELECT k, c FROM sbtest2 WHERE k BETWEEN 6676821 AND 6676921
	Bitmap Heap Scan on sbtest2  (cost=5.45..397.70 rows=99 width=125)
	  Recheck Cond: ((k >= 6676821) AND (k <= 6676921))
	  ->  Bitmap Index Scan on k_2  (cost=0.00..5.42 rows=99 width=0)
	        Index Cond: ((k >= 6676821) AND (k <= 6676921))

table 3 : explain SELECT k, c FROM sbtest3 WHERE k BETWEEN 6676821 AND 6676921
	Bitmap Heap Scan on sbtest3  (cost=5.50..417.37 rows=104 width=125)
	  Recheck Cond: ((k >= 6676821) AND (k <= 6676921))
	  ->  Bitmap Index Scan on k_3  (cost=0.00..5.47 rows=104 width=0)
	        Index Cond: ((k >= 6676821) AND (k <= 6676921))

table 4 : explain SELECT k, c FROM sbtest4 WHERE k BETWEEN 6676821 AND 6676921
	Bitmap Heap Scan on sbtest4  (cost=5.43..389.80 rows=97 width=125)
	  Recheck Cond: ((k >= 6676821) AND (k <= 6676921))
	  ->  Bitmap Index Scan on k_4  (cost=0.00..5.40 rows=97 width=0)
	        Index Cond: ((k >= 6676821) AND (k <= 6676921))

table 5 : explain SELECT k, c FROM sbtest5 WHERE k BETWEEN 6676821 AND 6676921
	Bitmap Heap Scan on sbtest5  (cost=5.42..385.86 rows=96 width=125)
	  Recheck Cond: ((k >= 6676821) AND (k <= 6676921))
	  ->  Bitmap Index Scan on k_5  (cost=0.00..5.39 rows=96 width=0)
	        Index Cond: ((k >= 6676821) AND (k <= 6676921))

table 6 : explain SELECT k, c FROM sbtest6 WHERE k BETWEEN 6676821 AND 6676921
	Bitmap Heap Scan on sbtest6  (cost=5.55..437.13 rows=109 width=125)
	  Recheck Cond: ((k >= 6676821) AND (k <= 6676921))
	  ->  Bitmap Index Scan on k_6  (cost=0.00..5.52 rows=109 width=0)
	        Index Cond: ((k >= 6676821) AND (k <= 6676921))

table 7 : explain SELECT k, c FROM sbtest7 WHERE k BETWEEN 6676821 AND 6676921
	Bitmap Heap Scan on sbtest7  (cost=5.38..370.00 rows=92 width=125)
	  Recheck Cond: ((k >= 6676821) AND (k <= 6676921))
	  ->  Bitmap Index Scan on k_7  (cost=0.00..5.35 rows=92 width=0)
	        Index Cond: ((k >= 6676821) AND (k <= 6676921))

table 8 : explain SELECT k, c FROM sbtest8 WHERE k BETWEEN 6676821 AND 6676921
	Bitmap Heap Scan on sbtest8  (cost=5.57..445.03 rows=111 width=125)
	  Recheck Cond: ((k >= 6676821) AND (k <= 6676921))
	  ->  Bitmap Index Scan on k_8  (cost=0.00..5.54 rows=111 width=0)
	        Index Cond: ((k >= 6676821) AND (k <= 6676921))

for range-notcovered
table 1 : explain SELECT k, c FROM sbtest1 WHERE k BETWEEN 7841640 AND 7841740
	Bitmap Heap Scan on sbtest1  (cost=5.51..421.42 rows=105 width=125)
	  Recheck Cond: ((k >= 7841640) AND (k <= 7841740))
	  ->  Bitmap Index Scan on k_1  (cost=0.00..5.48 rows=105 width=0)
	        Index Cond: ((k >= 7841640) AND (k <= 7841740))

table 2 : explain SELECT k, c FROM sbtest2 WHERE k BETWEEN 7841640 AND 7841740
	Bitmap Heap Scan on sbtest2  (cost=5.52..425.31 rows=106 width=125)
	  Recheck Cond: ((k >= 7841640) AND (k <= 7841740))
	  ->  Bitmap Index Scan on k_2  (cost=0.00..5.50 rows=106 width=0)
	        Index Cond: ((k >= 7841640) AND (k <= 7841740))

table 3 : explain SELECT k, c FROM sbtest3 WHERE k BETWEEN 7841640 AND 7841740
	Bitmap Heap Scan on sbtest3  (cost=5.44..393.70 rows=98 width=125)
	  Recheck Cond: ((k >= 7841640) AND (k <= 7841740))
	  ->  Bitmap Index Scan on k_3  (cost=0.00..5.42 rows=98 width=0)
	        Index Cond: ((k >= 7841640) AND (k <= 7841740))

table 4 : explain SELECT k, c FROM sbtest4 WHERE k BETWEEN 7841640 AND 7841740
	Bitmap Heap Scan on sbtest4  (cost=5.45..397.70 rows=99 width=125)
	  Recheck Cond: ((k >= 7841640) AND (k <= 7841740))
	  ->  Bitmap Index Scan on k_4  (cost=0.00..5.42 rows=99 width=0)
	        Index Cond: ((k >= 7841640) AND (k <= 7841740))

table 5 : explain SELECT k, c FROM sbtest5 WHERE k BETWEEN 7841640 AND 7841740
	Bitmap Heap Scan on sbtest5  (cost=5.48..409.54 rows=102 width=125)
	  Recheck Cond: ((k >= 7841640) AND (k <= 7841740))
	  ->  Bitmap Index Scan on k_5  (cost=0.00..5.45 rows=102 width=0)
	        Index Cond: ((k >= 7841640) AND (k <= 7841740))

table 6 : explain SELECT k, c FROM sbtest6 WHERE k BETWEEN 7841640 AND 7841740
	Bitmap Heap Scan on sbtest6  (cost=5.42..385.85 rows=96 width=125)
	  Recheck Cond: ((k >= 7841640) AND (k <= 7841740))
	  ->  Bitmap Index Scan on k_6  (cost=0.00..5.39 rows=96 width=0)
	        Index Cond: ((k >= 7841640) AND (k <= 7841740))

table 7 : explain SELECT k, c FROM sbtest7 WHERE k BETWEEN 7841640 AND 7841740
	Bitmap Heap Scan on sbtest7  (cost=5.38..370.00 rows=92 width=125)
	  Recheck Cond: ((k >= 7841640) AND (k <= 7841740))
	  ->  Bitmap Index Scan on k_7  (cost=0.00..5.35 rows=92 width=0)
	        Index Cond: ((k >= 7841640) AND (k <= 7841740))

table 8 : explain SELECT k, c FROM sbtest8 WHERE k BETWEEN 7841640 AND 7841740
	Bitmap Heap Scan on sbtest8  (cost=5.48..409.54 rows=102 width=125)
	  Recheck Cond: ((k >= 7841640) AND (k <= 7841740))
	  ->  Bitmap Index Scan on k_8  (cost=0.00..5.45 rows=102 width=0)
	        Index Cond: ((k >= 7841640) AND (k <= 7841740))

for range-notcovered
table 1 : explain SELECT k, c FROM sbtest1 WHERE k BETWEEN 6909611 AND 6909711
	Bitmap Heap Scan on sbtest1  (cost=5.46..401.69 rows=100 width=125)
	  Recheck Cond: ((k >= 6909611) AND (k <= 6909711))
	  ->  Bitmap Index Scan on k_1  (cost=0.00..5.43 rows=100 width=0)
	        Index Cond: ((k >= 6909611) AND (k <= 6909711))

table 2 : explain SELECT k, c FROM sbtest2 WHERE k BETWEEN 6909611 AND 6909711
	Bitmap Heap Scan on sbtest2  (cost=5.52..425.31 rows=106 width=125)
	  Recheck Cond: ((k >= 6909611) AND (k <= 6909711))
	  ->  Bitmap Index Scan on k_2  (cost=0.00..5.50 rows=106 width=0)
	        Index Cond: ((k >= 6909611) AND (k <= 6909711))

table 3 : explain SELECT k, c FROM sbtest3 WHERE k BETWEEN 6909611 AND 6909711
	Bitmap Heap Scan on sbtest3  (cost=5.57..444.96 rows=111 width=125)
	  Recheck Cond: ((k >= 6909611) AND (k <= 6909711))
	  ->  Bitmap Index Scan on k_3  (cost=0.00..5.54 rows=111 width=0)
	        Index Cond: ((k >= 6909611) AND (k <= 6909711))

table 4 : explain SELECT k, c FROM sbtest4 WHERE k BETWEEN 6909611 AND 6909711
	Bitmap Heap Scan on sbtest4  (cost=5.44..393.75 rows=98 width=125)
	  Recheck Cond: ((k >= 6909611) AND (k <= 6909711))
	  ->  Bitmap Index Scan on k_4  (cost=0.00..5.42 rows=98 width=0)
	        Index Cond: ((k >= 6909611) AND (k <= 6909711))

table 5 : explain SELECT k, c FROM sbtest5 WHERE k BETWEEN 6909611 AND 6909711
	Bitmap Heap Scan on sbtest5  (cost=5.42..385.86 rows=96 width=125)
	  Recheck Cond: ((k >= 6909611) AND (k <= 6909711))
	  ->  Bitmap Index Scan on k_5  (cost=0.00..5.39 rows=96 width=0)
	        Index Cond: ((k >= 6909611) AND (k <= 6909711))

table 6 : explain SELECT k, c FROM sbtest6 WHERE k BETWEEN 6909611 AND 6909711
	Bitmap Heap Scan on sbtest6  (cost=5.42..385.85 rows=96 width=125)
	  Recheck Cond: ((k >= 6909611) AND (k <= 6909711))
	  ->  Bitmap Index Scan on k_6  (cost=0.00..5.39 rows=96 width=0)
	        Index Cond: ((k >= 6909611) AND (k <= 6909711))

table 7 : explain SELECT k, c FROM sbtest7 WHERE k BETWEEN 6909611 AND 6909711
	Bitmap Heap Scan on sbtest7  (cost=5.47..405.52 rows=101 width=125)
	  Recheck Cond: ((k >= 6909611) AND (k <= 6909711))
	  ->  Bitmap Index Scan on k_7  (cost=0.00..5.44 rows=101 width=0)
	        Index Cond: ((k >= 6909611) AND (k <= 6909711))

table 8 : explain SELECT k, c FROM sbtest8 WHERE k BETWEEN 6909611 AND 6909711
	Bitmap Heap Scan on sbtest8  (cost=5.50..417.43 rows=104 width=125)
	  Recheck Cond: ((k >= 6909611) AND (k <= 6909711))
	  ->  Bitmap Index Scan on k_8  (cost=0.00..5.47 rows=104 width=0)
	        Index Cond: ((k >= 6909611) AND (k <= 6909711))



explain: for range-notcovered :: explain SELECT k, c FROM sbtest%d WHERE k BETWEEN 7372991 AND 7373091explain: for range-notcovered :: explain SELECT k, c FROM sbtest%d WHERE k BETWEEN 6676821 AND 6676921
explain: for range-notcovered :: explain SELECT k, c FROM sbtest%d WHERE k BETWEEN 7841640 AND 7841740
explain: for range-notcovered :: explain SELECT k, c FROM sbtest%d WHERE k BETWEEN 6909611 AND 6909711
for range-notcovered
table 1 : explain SELECT k, c FROM sbtest1 WHERE k BETWEEN 4981137 AND 4981237
	Bitmap Heap Scan on sbtest1  (cost=5.43..389.85 rows=97 width=125)
	  Recheck Cond: ((k >= 4981137) AND (k <= 4981237))
	  ->  Bitmap Index Scan on k_1  (cost=0.00..5.40 rows=97 width=0)
	        Index Cond: ((k >= 4981137) AND (k <= 4981237))

table 2 : explain SELECT k, c FROM sbtest2 WHERE k BETWEEN 4981137 AND 4981237
	Bitmap Heap Scan on sbtest2  (cost=5.57..445.02 rows=111 width=125)
	  Recheck Cond: ((k >= 4981137) AND (k <= 4981237))
	  ->  Bitmap Index Scan on k_2  (cost=0.00..5.54 rows=111 width=0)
	        Index Cond: ((k >= 4981137) AND (k <= 4981237))

table 3 : explain SELECT k, c FROM sbtest3 WHERE k BETWEEN 4981137 AND 4981237
	Bitmap Heap Scan on sbtest3  (cost=5.46..401.59 rows=100 width=125)
	  Recheck Cond: ((k >= 4981137) AND (k <= 4981237))
	  ->  Bitmap Index Scan on k_3  (cost=0.00..5.43 rows=100 width=0)
	        Index Cond: ((k >= 4981137) AND (k <= 4981237))

table 4 : explain SELECT k, c FROM sbtest4 WHERE k BETWEEN 4981137 AND 4981237
	Bitmap Heap Scan on sbtest4  (cost=5.48..409.53 rows=102 width=125)
	  Recheck Cond: ((k >= 4981137) AND (k <= 4981237))
	  ->  Bitmap Index Scan on k_4  (cost=0.00..5.45 rows=102 width=0)
	        Index Cond: ((k >= 4981137) AND (k <= 4981237))

table 5 : explain SELECT k, c FROM sbtest5 WHERE k BETWEEN 4981137 AND 4981237
	Bitmap Heap Scan on sbtest5  (cost=5.45..397.70 rows=99 width=125)
	  Recheck Cond: ((k >= 4981137) AND (k <= 4981237))
	  ->  Bitmap Index Scan on k_5  (cost=0.00..5.42 rows=99 width=0)
	        Index Cond: ((k >= 4981137) AND (k <= 4981237))

table 6 : explain SELECT k, c FROM sbtest6 WHERE k BETWEEN 4981137 AND 4981237
	Bitmap Heap Scan on sbtest6  (cost=5.49..413.47 rows=103 width=125)
	  Recheck Cond: ((k >= 4981137) AND (k <= 4981237))
	  ->  Bitmap Index Scan on k_6  (cost=0.00..5.46 rows=103 width=0)
	        Index Cond: ((k >= 4981137) AND (k <= 4981237))

table 7 : explain SELECT k, c FROM sbtest7 WHERE k BETWEEN 4981137 AND 4981237
	Bitmap Heap Scan on sbtest7  (cost=5.42..385.79 rows=96 width=125)
	  Recheck Cond: ((k >= 4981137) AND (k <= 4981237))
	  ->  Bitmap Index Scan on k_7  (cost=0.00..5.39 rows=96 width=0)
	        Index Cond: ((k >= 4981137) AND (k <= 4981237))

table 8 : explain SELECT k, c FROM sbtest8 WHERE k BETWEEN 4981137 AND 4981237
	Bitmap Heap Scan on sbtest8  (cost=5.39..374.02 rows=93 width=125)
	  Recheck Cond: ((k >= 4981137) AND (k <= 4981237))
	  ->  Bitmap Index Scan on k_8  (cost=0.00..5.36 rows=93 width=0)
	        Index Cond: ((k >= 4981137) AND (k <= 4981237))

explain: for range-notcovered :: explain SELECT k, c FROM sbtest%d WHERE k BETWEEN 7216687 AND 7216787
for range-notcovered
table 1 : explain SELECT k, c FROM sbtest1 WHERE k BETWEEN 7179680 AND 7179780
	Bitmap Heap Scan on sbtest1  (cost=5.38..370.11 rows=92 width=125)
	  Recheck Cond: ((k >= 7179680) AND (k <= 7179780))
	  ->  Bitmap Index Scan on k_1  (cost=0.00..5.35 rows=92 width=0)
	        Index Cond: ((k >= 7179680) AND (k <= 7179780))

table 2 : explain SELECT k, c FROM sbtest2 WHERE k BETWEEN 7179680 AND 7179780
	Bitmap Heap Scan on sbtest2  (cost=5.48..409.53 rows=102 width=125)
	  Recheck Cond: ((k >= 7179680) AND (k <= 7179780))
	  ->  Bitmap Index Scan on k_2  (cost=0.00..5.45 rows=102 width=0)
	        Index Cond: ((k >= 7179680) AND (k <= 7179780))

table 3 : explain SELECT k, c FROM sbtest3 WHERE k BETWEEN 7179680 AND 7179780
	Bitmap Heap Scan on sbtest3  (cost=5.47..405.53 rows=101 width=125)
	  Recheck Cond: ((k >= 7179680) AND (k <= 7179780))
	  ->  Bitmap Index Scan on k_3  (cost=0.00..5.44 rows=101 width=0)
	        Index Cond: ((k >= 7179680) AND (k <= 7179780))

table 4 : explain SELECT k, c FROM sbtest4 WHERE k BETWEEN 7179680 AND 7179780
	Bitmap Heap Scan on sbtest4  (cost=5.53..429.25 rows=107 width=125)
	  Recheck Cond: ((k >= 7179680) AND (k <= 7179780))
	  ->  Bitmap Index Scan on k_4  (cost=0.00..5.50 rows=107 width=0)
	        Index Cond: ((k >= 7179680) AND (k <= 7179780))

table 5 : explain SELECT k, c FROM sbtest5 WHERE k BETWEEN 7179680 AND 7179780
	Bitmap Heap Scan on sbtest5  (cost=5.43..389.81 rows=97 width=125)
	  Recheck Cond: ((k >= 7179680) AND (k <= 7179780))
	  ->  Bitmap Index Scan on k_5  (cost=0.00..5.40 rows=97 width=0)
	        Index Cond: ((k >= 7179680) AND (k <= 7179780))

table 6 : explain SELECT k, c FROM sbtest6 WHERE k BETWEEN 7179680 AND 7179780
	Bitmap Heap Scan on sbtest6  (cost=5.45..397.69 rows=99 width=125)
	  Recheck Cond: ((k >= 7179680) AND (k <= 7179780))
	  ->  Bitmap Index Scan on k_6  (cost=0.00..5.42 rows=99 width=0)
	        Index Cond: ((k >= 7179680) AND (k <= 7179780))

table 7 : explain SELECT k, c FROM sbtest7 WHERE k BETWEEN 7179680 AND 7179780
	Bitmap Heap Scan on sbtest7  (cost=5.43..389.74 rows=97 width=125)
	  Recheck Cond: ((k >= 7179680) AND (k <= 7179780))
	  ->  Bitmap Index Scan on k_7  (cost=0.00..5.40 rows=97 width=0)
	        Index Cond: ((k >= 7179680) AND (k <= 7179780))

table 8 : explain SELECT k, c FROM sbtest8 WHERE k BETWEEN 7179680 AND 7179780
	Bitmap Heap Scan on sbtest8  (cost=5.50..417.43 rows=104 width=125)
	  Recheck Cond: ((k >= 7179680) AND (k <= 7179780))
	  ->  Bitmap Index Scan on k_8  (cost=0.00..5.47 rows=104 width=0)
	        Index Cond: ((k >= 7179680) AND (k <= 7179780))


for range-notcovered
table 1 : explain SELECT k, c FROM sbtest1 WHERE k BETWEEN 1934489 AND 1934589
	Bitmap Heap Scan on sbtest1  (cost=5.39..374.06 rows=93 width=125)
	  Recheck Cond: ((k >= 1934489) AND (k <= 1934589))
	  ->  Bitmap Index Scan on k_1  (cost=0.00..5.36 rows=93 width=0)
	        Index Cond: ((k >= 1934489) AND (k <= 1934589))

table 2 : explain SELECT k, c FROM sbtest2 WHERE k BETWEEN 1934489 AND 1934589
	Bitmap Heap Scan on sbtest2  (cost=5.55..437.14 rows=109 width=125)
	  Recheck Cond: ((k >= 1934489) AND (k <= 1934589))
	  ->  Bitmap Index Scan on k_2  (cost=0.00..5.52 rows=109 width=0)
	        Index Cond: ((k >= 1934489) AND (k <= 1934589))

table 3 : explain SELECT k, c FROM sbtest3 WHERE k BETWEEN 1934489 AND 1934589
	Bitmap Heap Scan on sbtest3  (cost=5.50..417.37 rows=104 width=125)
	  Recheck Cond: ((k >= 1934489) AND (k <= 1934589))
	  ->  Bitmap Index Scan on k_3  (cost=0.00..5.47 rows=104 width=0)
	        Index Cond: ((k >= 1934489) AND (k <= 1934589))

table 4 : explain SELECT k, c FROM sbtest4 WHERE k BETWEEN 1934489 AND 1934589
	Bitmap Heap Scan on sbtest4  (cost=5.38..370.06 rows=92 width=125)
	  Recheck Cond: ((k >= 1934489) AND (k <= 1934589))
	  ->  Bitmap Index Scan on k_4  (cost=0.00..5.35 rows=92 width=0)
	        Index Cond: ((k >= 1934489) AND (k <= 1934589))

table 5 : explain SELECT k, c FROM sbtest5 WHERE k BETWEEN 1934489 AND 1934589
	Bitmap Heap Scan on sbtest5  (cost=5.52..425.32 rows=106 width=125)
	  Recheck Cond: ((k >= 1934489) AND (k <= 1934589))
	  ->  Bitmap Index Scan on k_5  (cost=0.00..5.50 rows=106 width=0)
	        Index Cond: ((k >= 1934489) AND (k <= 1934589))

table 6 : explain SELECT k, c FROM sbtest6 WHERE k BETWEEN 1934489 AND 1934589
	Bitmap Heap Scan on sbtest6  (cost=5.49..413.47 rows=103 width=125)
	  Recheck Cond: ((k >= 1934489) AND (k <= 1934589))
	  ->  Bitmap Index Scan on k_6  (cost=0.00..5.46 rows=103 width=0)
	        Index Cond: ((k >= 1934489) AND (k <= 1934589))

table 7 : explain SELECT k, c FROM sbtest7 WHERE k BETWEEN 1934489 AND 1934589
	Bitmap Heap Scan on sbtest7  (cost=5.55..437.06 rows=109 width=125)
	  Recheck Cond: ((k >= 1934489) AND (k <= 1934589))
	  ->  Bitmap Index Scan on k_7  (cost=0.00..5.52 rows=109 width=0)
	        Index Cond: ((k >= 1934489) AND (k <= 1934589))

table 8 : explain SELECT k, c FROM sbtest8 WHERE k BETWEEN 1934489 AND 1934589
	Bitmap Heap Scan on sbtest8  (cost=5.51..421.37 rows=105 width=125)
	  Recheck Cond: ((k >= 1934489) AND (k <= 1934589))
	  ->  Bitmap Index Scan on k_8  (cost=0.00..5.48 rows=105 width=0)
	        Index Cond: ((k >= 1934489) AND (k <= 1934589))

for range-notcovered
table 1 : explain SELECT k, c FROM sbtest1 WHERE k BETWEEN 3507413 AND 3507513
	Bitmap Heap Scan on sbtest1  (cost=5.39..374.06 rows=93 width=125)
	  Recheck Cond: ((k >= 3507413) AND (k <= 3507513))
	  ->  Bitmap Index Scan on k_1  (cost=0.00..5.36 rows=93 width=0)
	        Index Cond: ((k >= 3507413) AND (k <= 3507513))

table 2 : explain SELECT k, c FROM sbtest2 WHERE k BETWEEN 3507413 AND 3507513
	Bitmap Heap Scan on sbtest2  (cost=5.48..409.53 rows=102 width=125)
	  Recheck Cond: ((k >= 3507413) AND (k <= 3507513))
	  ->  Bitmap Index Scan on k_2  (cost=0.00..5.45 rows=102 width=0)
	        Index Cond: ((k >= 3507413) AND (k <= 3507513))

table 3 : explain SELECT k, c FROM sbtest3 WHERE k BETWEEN 3507413 AND 3507513
	Bitmap Heap Scan on sbtest3  (cost=5.46..401.59 rows=100 width=125)
	  Recheck Cond: ((k >= 3507413) AND (k <= 3507513))
	  ->  Bitmap Index Scan on k_3  (cost=0.00..5.43 rows=100 width=0)
	        Index Cond: ((k >= 3507413) AND (k <= 3507513))

table 4 : explain SELECT k, c FROM sbtest4 WHERE k BETWEEN 3507413 AND 3507513
	Bitmap Heap Scan on sbtest4  (cost=5.46..401.64 rows=100 width=125)
	  Recheck Cond: ((k >= 3507413) AND (k <= 3507513))
	  ->  Bitmap Index Scan on k_4  (cost=0.00..5.43 rows=100 width=0)
	        Index Cond: ((k >= 3507413) AND (k <= 3507513))

table 5 : explain SELECT k, c FROM sbtest5 WHERE k BETWEEN 3507413 AND 3507513
	Bitmap Heap Scan on sbtest5  (cost=5.52..425.32 rows=106 width=125)
	  Recheck Cond: ((k >= 3507413) AND (k <= 3507513))
	  ->  Bitmap Index Scan on k_5  (cost=0.00..5.50 rows=106 width=0)
	        Index Cond: ((k >= 3507413) AND (k <= 3507513))

table 6 : explain SELECT k, c FROM sbtest6 WHERE k BETWEEN 3507413 AND 3507513
	Bitmap Heap Scan on sbtest6  (cost=5.55..437.13 rows=109 width=125)
	  Recheck Cond: ((k >= 3507413) AND (k <= 3507513))
	  ->  Bitmap Index Scan on k_6  (cost=0.00..5.52 rows=109 width=0)
	        Index Cond: ((k >= 3507413) AND (k <= 3507513))

table 7 : explain SELECT k, c FROM sbtest7 WHERE k BETWEEN 3507413 AND 3507513
	Bitmap Heap Scan on sbtest7  (cost=5.46..401.57 rows=100 width=125)
	  Recheck Cond: ((k >= 3507413) AND (k <= 3507513))
	  ->  Bitmap Index Scan on k_7  (cost=0.00..5.43 rows=100 width=0)
	        Index Cond: ((k >= 3507413) AND (k <= 3507513))

table 8 : explain SELECT k, c FROM sbtest8 WHERE k BETWEEN 3507413 AND 3507513
	Bitmap Heap Scan on sbtest8  (cost=5.53..429.26 rows=107 width=125)
	  Recheck Cond: ((k >= 3507413) AND (k <= 3507513))
	  ->  Bitmap Index Scan on k_8  (cost=0.00..5.50 rows=107 width=0)
	        Index Cond: ((k >= 3507413) AND (k <= 3507513))



explain: for range-notcovered :: explain SELECT k, c FROM sbtest%d WHERE k BETWEEN 7179680 AND 7179780explain: for range-notcovered :: explain SELECT k, c FROM sbtest%d WHERE k BETWEEN 6927879 AND 6927979for range-notcovered
table 1 : explain SELECT k, c FROM sbtest1 WHERE k BETWEEN 2327787 AND 2327887
	Bitmap Heap Scan on sbtest1  (cost=5.37..366.16 rows=91 width=125)
	  Recheck Cond: ((k >= 2327787) AND (k <= 2327887))
	  ->  Bitmap Index Scan on k_1  (cost=0.00..5.34 rows=91 width=0)
	        Index Cond: ((k >= 2327787) AND (k <= 2327887))

table 2 : explain SELECT k, c FROM sbtest2 WHERE k BETWEEN 2327787 AND 2327887
	Bitmap Heap Scan on sbtest2  (cost=5.44..393.75 rows=98 width=125)
	  Recheck Cond: ((k >= 2327787) AND (k <= 2327887))
	  ->  Bitmap Index Scan on k_2  (cost=0.00..5.42 rows=98 width=0)
	        Index Cond: ((k >= 2327787) AND (k <= 2327887))

table 3 : explain SELECT k, c FROM sbtest3 WHERE k BETWEEN 2327787 AND 2327887
	Bitmap Heap Scan on sbtest3  (cost=5.57..444.96 rows=111 width=125)
	  Recheck Cond: ((k >= 2327787) AND (k <= 2327887))
	  ->  Bitmap Index Scan on k_3  (cost=0.00..5.54 rows=111 width=0)
	        Index Cond: ((k >= 2327787) AND (k <= 2327887))

table 4 : explain SELECT k, c FROM sbtest4 WHERE k BETWEEN 2327787 AND 2327887
	Bitmap Heap Scan on sbtest4  (cost=5.58..448.96 rows=112 width=125)
	  Recheck Cond: ((k >= 2327787) AND (k <= 2327887))
	  ->  Bitmap Index Scan on k_4  (cost=0.00..5.55 rows=112 width=0)
	        Index Cond: ((k >= 2327787) AND (k <= 2327887))

table 5 : explain SELECT k, c FROM sbtest5 WHERE k BETWEEN 2327787 AND 2327887
	Bitmap Heap Scan on sbtest5  (cost=5.52..425.32 rows=106 width=125)
	  Recheck Cond: ((k >= 2327787) AND (k <= 2327887))
	  ->  Bitmap Index Scan on k_5  (cost=0.00..5.50 rows=106 width=0)
	        Index Cond: ((k >= 2327787) AND (k <= 2327887))

table 6 : explain SELECT k, c FROM sbtest6 WHERE k BETWEEN 2327787 AND 2327887
	Bitmap Heap Scan on sbtest6  (cost=5.38..370.06 rows=92 width=125)
	  Recheck Cond: ((k >= 2327787) AND (k <= 2327887))
	  ->  Bitmap Index Scan on k_6  (cost=0.00..5.35 rows=92 width=0)
	        Index Cond: ((k >= 2327787) AND (k <= 2327887))

table 7 : explain SELECT k, c FROM sbtest7 WHERE k BETWEEN 2327787 AND 2327887
	Bitmap Heap Scan on sbtest7  (cost=5.45..397.63 rows=99 width=125)
	  Recheck Cond: ((k >= 2327787) AND (k <= 2327887))
	  ->  Bitmap Index Scan on k_7  (cost=0.00..5.42 rows=99 width=0)
	        Index Cond: ((k >= 2327787) AND (k <= 2327887))

table 8 : explain SELECT k, c FROM sbtest8 WHERE k BETWEEN 2327787 AND 2327887
	Bitmap Heap Scan on sbtest8  (cost=5.55..437.14 rows=109 width=125)
	  Recheck Cond: ((k >= 2327787) AND (k <= 2327887))
	  ->  Bitmap Index Scan on k_8  (cost=0.00..5.52 rows=109 width=0)
	        Index Cond: ((k >= 2327787) AND (k <= 2327887))

explain: for range-notcovered :: explain SELECT k, c FROM sbtest%d WHERE k BETWEEN 5006439 AND 5006539
for range-notcovered
table 1 : explain SELECT k, c FROM sbtest1 WHERE k BETWEEN 2646947 AND 2647047
	Bitmap Heap Scan on sbtest1  (cost=5.61..460.84 rows=115 width=125)
	  Recheck Cond: ((k >= 2646947) AND (k <= 2647047))
	  ->  Bitmap Index Scan on k_1  (cost=0.00..5.58 rows=115 width=0)
	        Index Cond: ((k >= 2646947) AND (k <= 2647047))

table 2 : explain SELECT k, c FROM sbtest2 WHERE k BETWEEN 2646947 AND 2647047
	Bitmap Heap Scan on sbtest2  (cost=5.45..397.70 rows=99 width=125)
	  Recheck Cond: ((k >= 2646947) AND (k <= 2647047))
	  ->  Bitmap Index Scan on k_2  (cost=0.00..5.42 rows=99 width=0)
	        Index Cond: ((k >= 2646947) AND (k <= 2647047))

table 3 : explain SELECT k, c FROM sbtest3 WHERE k BETWEEN 2646947 AND 2647047
	Bitmap Heap Scan on sbtest3  (cost=5.43..389.75 rows=97 width=125)
	  Recheck Cond: ((k >= 2646947) AND (k <= 2647047))
	  ->  Bitmap Index Scan on k_3  (cost=0.00..5.40 rows=97 width=0)
	        Index Cond: ((k >= 2646947) AND (k <= 2647047))

table 4 : explain SELECT k, c FROM sbtest4 WHERE k BETWEEN 2646947 AND 2647047
	Bitmap Heap Scan on sbtest4  (cost=5.45..397.70 rows=99 width=125)
	  Recheck Cond: ((k >= 2646947) AND (k <= 2647047))
	  ->  Bitmap Index Scan on k_4  (cost=0.00..5.42 rows=99 width=0)
	        Index Cond: ((k >= 2646947) AND (k <= 2647047))

table 5 : explain SELECT k, c FROM sbtest5 WHERE k BETWEEN 2646947 AND 2647047
	Bitmap Heap Scan on sbtest5  (cost=5.38..370.07 rows=92 width=125)
	  Recheck Cond: ((k >= 2646947) AND (k <= 2647047))
	  ->  Bitmap Index Scan on k_5  (cost=0.00..5.35 rows=92 width=0)
	        Index Cond: ((k >= 2646947) AND (k <= 2647047))

table 6 : explain SELECT k, c FROM sbtest6 WHERE k BETWEEN 2646947 AND 2647047
	Bitmap Heap Scan on sbtest6  (cost=5.46..401.63 rows=100 width=125)
	  Recheck Cond: ((k >= 2646947) AND (k <= 2647047))
	  ->  Bitmap Index Scan on k_6  (cost=0.00..5.43 rows=100 width=0)
	        Index Cond: ((k >= 2646947) AND (k <= 2647047))

table 7 : explain SELECT k, c FROM sbtest7 WHERE k BETWEEN 2646947 AND 2647047
	Bitmap Heap Scan on sbtest7  (cost=5.49..413.41 rows=103 width=125)
	  Recheck Cond: ((k >= 2646947) AND (k <= 2647047))
	  ->  Bitmap Index Scan on k_7  (cost=0.00..5.46 rows=103 width=0)
	        Index Cond: ((k >= 2646947) AND (k <= 2647047))

table 8 : explain SELECT k, c FROM sbtest8 WHERE k BETWEEN 2646947 AND 2647047
	Bitmap Heap Scan on sbtest8  (cost=5.47..405.60 rows=101 width=125)
	  Recheck Cond: ((k >= 2646947) AND (k <= 2647047))
	  ->  Bitmap Index Scan on k_8  (cost=0.00..5.44 rows=101 width=0)
	        Index Cond: ((k >= 2646947) AND (k <= 2647047))
for range-notcovered
table 1 : explain SELECT k, c FROM sbtest1 WHERE k BETWEEN 1736814 AND 1736914
	Bitmap Heap Scan on sbtest1  (cost=5.50..417.47 rows=104 width=125)
	  Recheck Cond: ((k >= 1736814) AND (k <= 1736914))
	  ->  Bitmap Index Scan on k_1  (cost=0.00..5.47 rows=104 width=0)
	        Index Cond: ((k >= 1736814) AND (k <= 1736914))

table 2 : explain SELECT k, c FROM sbtest2 WHERE k BETWEEN 1736814 AND 1736914
	Bitmap Heap Scan on sbtest2  (cost=5.48..409.53 rows=102 width=125)
	  Recheck Cond: ((k >= 1736814) AND (k <= 1736914))
	  ->  Bitmap Index Scan on k_2  (cost=0.00..5.45 rows=102 width=0)
	        Index Cond: ((k >= 1736814) AND (k <= 1736914))

table 3 : explain SELECT k, c FROM sbtest3 WHERE k BETWEEN 1736814 AND 1736914
	Bitmap Heap Scan on sbtest3  (cost=5.59..452.84 rows=113 width=125)
	  Recheck Cond: ((k >= 1736814) AND (k <= 1736914))
	  ->  Bitmap Index Scan on k_3  (cost=0.00..5.56 rows=113 width=0)
	        Index Cond: ((k >= 1736814) AND (k <= 1736914))

table 4 : explain SELECT k, c FROM sbtest4 WHERE k BETWEEN 1736814 AND 1736914
	Bitmap Heap Scan on sbtest4  (cost=5.50..417.42 rows=104 width=125)
	  Recheck Cond: ((k >= 1736814) AND (k <= 1736914))
	  ->  Bitmap Index Scan on k_4  (cost=0.00..5.47 rows=104 width=0)
	        Index Cond: ((k >= 1736814) AND (k <= 1736914))

table 5 : explain SELECT k, c FROM sbtest5 WHERE k BETWEEN 1736814 AND 1736914
	Bitmap Heap Scan on sbtest5  (cost=5.59..452.91 rows=113 width=125)
	  Recheck Cond: ((k >= 1736814) AND (k <= 1736914))
	  ->  Bitmap Index Scan on k_5  (cost=0.00..5.56 rows=113 width=0)
	        Index Cond: ((k >= 1736814) AND (k <= 1736914))

table 6 : explain SELECT k, c FROM sbtest6 WHERE k BETWEEN 1736814 AND 1736914
	Bitmap Heap Scan on sbtest6  (cost=5.49..413.47 rows=103 width=125)
	  Recheck Cond: ((k >= 1736814) AND (k <= 1736914))
	  ->  Bitmap Index Scan on k_6  (cost=0.00..5.46 rows=103 width=0)
	        Index Cond: ((k >= 1736814) AND (k <= 1736914))

table 7 : explain SELECT k, c FROM sbtest7 WHERE k BETWEEN 1736814 AND 1736914
	Bitmap Heap Scan on sbtest7  (cost=5.41..381.85 rows=95 width=125)
	  Recheck Cond: ((k >= 1736814) AND (k <= 1736914))
	  ->  Bitmap Index Scan on k_7  (cost=0.00..5.38 rows=95 width=0)
	        Index Cond: ((k >= 1736814) AND (k <= 1736914))

table 8 : explain SELECT k, c FROM sbtest8 WHERE k BETWEEN 1736814 AND 1736914
	Bitmap Heap Scan on sbtest8  (cost=5.46..401.65 rows=100 width=125)
	  Recheck Cond: ((k >= 1736814) AND (k <= 1736914))
	  ->  Bitmap Index Scan on k_8  (cost=0.00..5.43 rows=100 width=0)
	        Index Cond: ((k >= 1736814) AND (k <= 1736914))

explain: for range-notcovered :: explain SELECT k, c FROM sbtest%d WHERE k BETWEEN 4981137 AND 4981237


for range-notcovered
table 1 : explain SELECT k, c FROM sbtest1 WHERE k BETWEEN 5330250 AND 5330350
	Bitmap Heap Scan on sbtest1  (cost=5.51..421.42 rows=105 width=125)
	  Recheck Cond: ((k >= 5330250) AND (k <= 5330350))
	  ->  Bitmap Index Scan on k_1  (cost=0.00..5.48 rows=105 width=0)
	        Index Cond: ((k >= 5330250) AND (k <= 5330350))

table 2 : explain SELECT k, c FROM sbtest2 WHERE k BETWEEN 5330250 AND 5330350
	Bitmap Heap Scan on sbtest2  (cost=5.46..401.64 rows=100 width=125)
	  Recheck Cond: ((k >= 5330250) AND (k <= 5330350))
	  ->  Bitmap Index Scan on k_2  (cost=0.00..5.43 rows=100 width=0)
	        Index Cond: ((k >= 5330250) AND (k <= 5330350))

table 3 : explain SELECT k, c FROM sbtest3 WHERE k BETWEEN 5330250 AND 5330350
	Bitmap Heap Scan on sbtest3  (cost=5.46..401.59 rows=100 width=125)
	  Recheck Cond: ((k >= 5330250) AND (k <= 5330350))
	  ->  Bitmap Index Scan on k_3  (cost=0.00..5.43 rows=100 width=0)
	        Index Cond: ((k >= 5330250) AND (k <= 5330350))

table 4 : explain SELECT k, c FROM sbtest4 WHERE k BETWEEN 5330250 AND 5330350
	Bitmap Heap Scan on sbtest4  (cost=5.57..445.02 rows=111 width=125)
	  Recheck Cond: ((k >= 5330250) AND (k <= 5330350))
	  ->  Bitmap Index Scan on k_4  (cost=0.00..5.54 rows=111 width=0)
	        Index Cond: ((k >= 5330250) AND (k <= 5330350))

table 5 : explain SELECT k, c FROM sbtest5 WHERE k BETWEEN 5330250 AND 5330350
	Bitmap Heap Scan on sbtest5  (cost=5.49..413.49 rows=103 width=125)
	  Recheck Cond: ((k >= 5330250) AND (k <= 5330350))
	  ->  Bitmap Index Scan on k_5  (cost=0.00..5.46 rows=103 width=0)
	        Index Cond: ((k >= 5330250) AND (k <= 5330350))

table 6 : explain SELECT k, c FROM sbtest6 WHERE k BETWEEN 5330250 AND 5330350
	Bitmap Heap Scan on sbtest6  (cost=5.46..401.63 rows=100 width=125)
	  Recheck Cond: ((k >= 5330250) AND (k <= 5330350))
	  ->  Bitmap Index Scan on k_6  (cost=0.00..5.43 rows=100 width=0)
	        Index Cond: ((k >= 5330250) AND (k <= 5330350))

table 7 : explain SELECT k, c FROM sbtest7 WHERE k BETWEEN 5330250 AND 5330350
	Bitmap Heap Scan on sbtest7  (cost=5.44..393.68 rows=98 width=125)
	  Recheck Cond: ((k >= 5330250) AND (k <= 5330350))
	  ->  Bitmap Index Scan on k_7  (cost=0.00..5.42 rows=98 width=0)
	        Index Cond: ((k >= 5330250) AND (k <= 5330350))

table 8 : explain SELECT k, c FROM sbtest8 WHERE k BETWEEN 5330250 AND 5330350
	Bitmap Heap Scan on sbtest8  (cost=5.48..409.54 rows=102 width=125)
	  Recheck Cond: ((k >= 5330250) AND (k <= 5330350))
	  ->  Bitmap Index Scan on k_8  (cost=0.00..5.45 rows=102 width=0)
	        Index Cond: ((k >= 5330250) AND (k <= 5330350))

explain: for range-notcovered :: explain SELECT k, c FROM sbtest%d WHERE k BETWEEN 1934489 AND 1934589

for range-notcovered
table 1 : explain SELECT k, c FROM sbtest1 WHERE k BETWEEN 4873456 AND 4873556
	Bitmap Heap Scan on sbtest1  (cost=5.65..476.60 rows=119 width=125)
	  Recheck Cond: ((k >= 4873456) AND (k <= 4873556))
	  ->  Bitmap Index Scan on k_1  (cost=0.00..5.62 rows=119 width=0)
	        Index Cond: ((k >= 4873456) AND (k <= 4873556))

table 2 : explain SELECT k, c FROM sbtest2 WHERE k BETWEEN 4873456 AND 4873556
	Bitmap Heap Scan on sbtest2  (cost=5.48..409.53 rows=102 width=125)
	  Recheck Cond: ((k >= 4873456) AND (k <= 4873556))
	  ->  Bitmap Index Scan on k_2  (cost=0.00..5.45 rows=102 width=0)
	        Index Cond: ((k >= 4873456) AND (k <= 4873556))

table 3 : explain SELECT k, c FROM sbtest3 WHERE k BETWEEN 4873456 AND 4873556
	Bitmap Heap Scan on sbtest3  (cost=5.46..401.59 rows=100 width=125)
	  Recheck Cond: ((k >= 4873456) AND (k <= 4873556))
	  ->  Bitmap Index Scan on k_3  (cost=0.00..5.43 rows=100 width=0)
	        Index Cond: ((k >= 4873456) AND (k <= 4873556))

table 4 : explain SELECT k, c FROM sbtest4 WHERE k BETWEEN 4873456 AND 4873556
	Bitmap Heap Scan on sbtest4  (cost=5.53..429.25 rows=107 width=125)
	  Recheck Cond: ((k >= 4873456) AND (k <= 4873556))
	  ->  Bitmap Index Scan on k_4  (cost=0.00..5.50 rows=107 width=0)
	        Index Cond: ((k >= 4873456) AND (k <= 4873556))

table 5 : explain SELECT k, c FROM sbtest5 WHERE k BETWEEN 4873456 AND 4873556
	Bitmap Heap Scan on sbtest5  (cost=5.46..401.65 rows=100 width=125)
	  Recheck Cond: ((k >= 4873456) AND (k <= 4873556))
	  ->  Bitmap Index Scan on k_5  (cost=0.00..5.43 rows=100 width=0)
	        Index Cond: ((k >= 4873456) AND (k <= 4873556))

table 6 : explain SELECT k, c FROM sbtest6 WHERE k BETWEEN 4873456 AND 4873556
	Bitmap Heap Scan on sbtest6  (cost=5.50..417.41 rows=104 width=125)
	  Recheck Cond: ((k >= 4873456) AND (k <= 4873556))
	  ->  Bitmap Index Scan on k_6  (cost=0.00..5.47 rows=104 width=0)
	        Index Cond: ((k >= 4873456) AND (k <= 4873556))

table 7 : explain SELECT k, c FROM sbtest7 WHERE k BETWEEN 4873456 AND 4873556
	Bitmap Heap Scan on sbtest7  (cost=5.53..429.17 rows=107 width=125)
	  Recheck Cond: ((k >= 4873456) AND (k <= 4873556))
	  ->  Bitmap Index Scan on k_7  (cost=0.00..5.50 rows=107 width=0)
	        Index Cond: ((k >= 4873456) AND (k <= 4873556))

table 8 : explain SELECT k, c FROM sbtest8 WHERE k BETWEEN 4873456 AND 4873556
	Bitmap Heap Scan on sbtest8  (cost=5.59..452.91 rows=113 width=125)
	  Recheck Cond: ((k >= 4873456) AND (k <= 4873556))
	  ->  Bitmap Index Scan on k_8  (cost=0.00..5.56 rows=113 width=0)
	        Index Cond: ((k >= 4873456) AND (k <= 4873556))

explain: for range-notcovered :: explain SELECT k, c FROM sbtest%d WHERE k BETWEEN 8510416 AND 8510516
for range-notcovered
table 1 : explain SELECT k, c FROM sbtest1 WHERE k BETWEEN 8262231 AND 8262331
	Bitmap Heap Scan on sbtest1  (cost=5.50..417.47 rows=104 width=125)
	  Recheck Cond: ((k >= 8262231) AND (k <= 8262331))
	  ->  Bitmap Index Scan on k_1  (cost=0.00..5.47 rows=104 width=0)
	        Index Cond: ((k >= 8262231) AND (k <= 8262331))

table 2 : explain SELECT k, c FROM sbtest2 WHERE k BETWEEN 8262231 AND 8262331
	Bitmap Heap Scan on sbtest2  (cost=5.42..385.86 rows=96 width=125)
	  Recheck Cond: ((k >= 8262231) AND (k <= 8262331))
	  ->  Bitmap Index Scan on k_2  (cost=0.00..5.39 rows=96 width=0)
	        Index Cond: ((k >= 8262231) AND (k <= 8262331))

table 3 : explain SELECT k, c FROM sbtest3 WHERE k BETWEEN 8262231 AND 8262331
	Bitmap Heap Scan on sbtest3  (cost=5.51..421.31 rows=105 width=125)
	  Recheck Cond: ((k >= 8262231) AND (k <= 8262331))
	  ->  Bitmap Index Scan on k_3  (cost=0.00..5.48 rows=105 width=0)
	        Index Cond: ((k >= 8262231) AND (k <= 8262331))

table 4 : explain SELECT k, c FROM sbtest4 WHERE k BETWEEN 8262231 AND 8262331
	Bitmap Heap Scan on sbtest4  (cost=5.49..413.48 rows=103 width=125)
	  Recheck Cond: ((k >= 8262231) AND (k <= 8262331))
	  ->  Bitmap Index Scan on k_4  (cost=0.00..5.46 rows=103 width=0)
	        Index Cond: ((k >= 8262231) AND (k <= 8262331))

table 5 : explain SELECT k, c FROM sbtest5 WHERE k BETWEEN 8262231 AND 8262331
	Bitmap Heap Scan on sbtest5  (cost=5.53..429.26 rows=107 width=125)
	  Recheck Cond: ((k >= 8262231) AND (k <= 8262331))
	  ->  Bitmap Index Scan on k_5  (cost=0.00..5.50 rows=107 width=0)
	        Index Cond: ((k >= 8262231) AND (k <= 8262331))

table 6 : explain SELECT k, c FROM sbtest6 WHERE k BETWEEN 8262231 AND 8262331
	Bitmap Heap Scan on sbtest6  (cost=5.49..413.47 rows=103 width=125)
	  Recheck Cond: ((k >= 8262231) AND (k <= 8262331))
	  ->  Bitmap Index Scan on k_6  (cost=0.00..5.46 rows=103 width=0)
	        Index Cond: ((k >= 8262231) AND (k <= 8262331))

table 7 : explain SELECT k, c FROM sbtest7 WHERE k BETWEEN 8262231 AND 8262331
	Bitmap Heap Scan on sbtest7  (cost=5.47..405.52 rows=101 width=125)
	  Recheck Cond: ((k >= 8262231) AND (k <= 8262331))
	  ->  Bitmap Index Scan on k_7  (cost=0.00..5.44 rows=101 width=0)
	        Index Cond: ((k >= 8262231) AND (k <= 8262331))

table 8 : explain SELECT k, c FROM sbtest8 WHERE k BETWEEN 8262231 AND 8262331
	Bitmap Heap Scan on sbtest8  (cost=5.46..401.65 rows=100 width=125)
	  Recheck Cond: ((k >= 8262231) AND (k <= 8262331))
	  ->  Bitmap Index Scan on k_8  (cost=0.00..5.43 rows=100 width=0)
	        Index Cond: ((k >= 8262231) AND (k <= 8262331))

for range-notcovered
table 1 : explain SELECT k, c FROM sbtest1 WHERE k BETWEEN 5603877 AND 5603977
	Bitmap Heap Scan on sbtest1  (cost=5.57..445.08 rows=111 width=125)
	  Recheck Cond: ((k >= 5603877) AND (k <= 5603977))
	  ->  Bitmap Index Scan on k_1  (cost=0.00..5.54 rows=111 width=0)
	        Index Cond: ((k >= 5603877) AND (k <= 5603977))

table 2 : explain SELECT k, c FROM sbtest2 WHERE k BETWEEN 5603877 AND 5603977
	Bitmap Heap Scan on sbtest2  (cost=5.40..377.96 rows=94 width=125)
	  Recheck Cond: ((k >= 5603877) AND (k <= 5603977))
	  ->  Bitmap Index Scan on k_2  (cost=0.00..5.38 rows=94 width=0)
	        Index Cond: ((k >= 5603877) AND (k <= 5603977))

table 3 : explain SELECT k, c FROM sbtest3 WHERE k BETWEEN 5603877 AND 5603977
	Bitmap Heap Scan on sbtest3  (cost=5.53..429.19 rows=107 width=125)
	  Recheck Cond: ((k >= 5603877) AND (k <= 5603977))
	  ->  Bitmap Index Scan on k_3  (cost=0.00..5.50 rows=107 width=0)
	        Index Cond: ((k >= 5603877) AND (k <= 5603977))

table 4 : explain SELECT k, c FROM sbtest4 WHERE k BETWEEN 5603877 AND 5603977
	Bitmap Heap Scan on sbtest4  (cost=5.41..381.91 rows=95 width=125)
	  Recheck Cond: ((k >= 5603877) AND (k <= 5603977))
	  ->  Bitmap Index Scan on k_4  (cost=0.00..5.38 rows=95 width=0)
	        Index Cond: ((k >= 5603877) AND (k <= 5603977))

table 5 : explain SELECT k, c FROM sbtest5 WHERE k BETWEEN 5603877 AND 5603977
	Bitmap Heap Scan on sbtest5  (cost=5.52..425.32 rows=106 width=125)
	  Recheck Cond: ((k >= 5603877) AND (k <= 5603977))
	  ->  Bitmap Index Scan on k_5  (cost=0.00..5.50 rows=106 width=0)
	        Index Cond: ((k >= 5603877) AND (k <= 5603977))

table 6 : explain SELECT k, c FROM sbtest6 WHERE k BETWEEN 5603877 AND 5603977
	Bitmap Heap Scan on sbtest6  (cost=5.41..381.90 rows=95 width=125)
	  Recheck Cond: ((k >= 5603877) AND (k <= 5603977))
	  ->  Bitmap Index Scan on k_6  (cost=0.00..5.38 rows=95 width=0)
	        Index Cond: ((k >= 5603877) AND (k <= 5603977))

table 7 : explain SELECT k, c FROM sbtest7 WHERE k BETWEEN 5603877 AND 5603977
	Bitmap Heap Scan on sbtest7  (cost=5.43..389.74 rows=97 width=125)
	  Recheck Cond: ((k >= 5603877) AND (k <= 5603977))
	  ->  Bitmap Index Scan on k_7  (cost=0.00..5.40 rows=97 width=0)
	        Index Cond: ((k >= 5603877) AND (k <= 5603977))

table 8 : explain SELECT k, c FROM sbtest8 WHERE k BETWEEN 5603877 AND 5603977
	Bitmap Heap Scan on sbtest8  (cost=5.45..397.70 rows=99 width=125)
	  Recheck Cond: ((k >= 5603877) AND (k <= 5603977))
	  ->  Bitmap Index Scan on k_8  (cost=0.00..5.42 rows=99 width=0)
	        Index Cond: ((k >= 5603877) AND (k <= 5603977))

for range-notcovered
table 1 : explain SELECT k, c FROM sbtest1 WHERE k BETWEEN 5813883 AND 5813983
	Bitmap Heap Scan on sbtest1  (cost=5.58..449.02 rows=112 width=125)
	  Recheck Cond: ((k >= 5813883) AND (k <= 5813983))
	  ->  Bitmap Index Scan on k_1  (cost=0.00..5.55 rows=112 width=0)
	        Index Cond: ((k >= 5813883) AND (k <= 5813983))

table 2 : explain SELECT k, c FROM sbtest2 WHERE k BETWEEN 5813883 AND 5813983
	Bitmap Heap Scan on sbtest2  (cost=5.49..413.48 rows=103 width=125)
	  Recheck Cond: ((k >= 5813883) AND (k <= 5813983))
	  ->  Bitmap Index Scan on k_2  (cost=0.00..5.46 rows=103 width=0)
	        Index Cond: ((k >= 5813883) AND (k <= 5813983))

table 3 : explain SELECT k, c FROM sbtest3 WHERE k BETWEEN 5813883 AND 5813983
	Bitmap Heap Scan on sbtest3  (cost=5.39..373.97 rows=93 width=125)
	  Recheck Cond: ((k >= 5813883) AND (k <= 5813983))
	  ->  Bitmap Index Scan on k_3  (cost=0.00..5.36 rows=93 width=0)
	        Index Cond: ((k >= 5813883) AND (k <= 5813983))

table 4 : explain SELECT k, c FROM sbtest4 WHERE k BETWEEN 5813883 AND 5813983
	Bitmap Heap Scan on sbtest4  (cost=5.46..401.64 rows=100 width=125)
	  Recheck Cond: ((k >= 5813883) AND (k <= 5813983))
	  ->  Bitmap Index Scan on k_4  (cost=0.00..5.43 rows=100 width=0)
	        Index Cond: ((k >= 5813883) AND (k <= 5813983))

table 5 : explain SELECT k, c FROM sbtest5 WHERE k BETWEEN 5813883 AND 5813983
	Bitmap Heap Scan on sbtest5  (cost=5.40..377.97 rows=94 width=125)
	  Recheck Cond: ((k >= 5813883) AND (k <= 5813983))
	  ->  Bitmap Index Scan on k_5  (cost=0.00..5.38 rows=94 width=0)
	        Index Cond: ((k >= 5813883) AND (k <= 5813983))

table 6 : explain SELECT k, c FROM sbtest6 WHERE k BETWEEN 5813883 AND 5813983
	Bitmap Heap Scan on sbtest6  (cost=5.36..362.16 rows=90 width=125)
	  Recheck Cond: ((k >= 5813883) AND (k <= 5813983))
	  ->  Bitmap Index Scan on k_6  (cost=0.00..5.33 rows=90 width=0)
	        Index Cond: ((k >= 5813883) AND (k <= 5813983))

table 7 : explain SELECT k, c FROM sbtest7 WHERE k BETWEEN 5813883 AND 5813983
	Bitmap Heap Scan on sbtest7  (cost=5.50..417.35 rows=104 width=125)
	  Recheck Cond: ((k >= 5813883) AND (k <= 5813983))
	  ->  Bitmap Index Scan on k_7  (cost=0.00..5.47 rows=104 width=0)
	        Index Cond: ((k >= 5813883) AND (k <= 5813983))

table 8 : explain SELECT k, c FROM sbtest8 WHERE k BETWEEN 5813883 AND 5813983
	Bitmap Heap Scan on sbtest8  (cost=5.36..362.17 rows=90 width=125)
	  Recheck Cond: ((k >= 5813883) AND (k <= 5813983))
	  ->  Bitmap Index Scan on k_8  (cost=0.00..5.33 rows=90 width=0)
	        Index Cond: ((k >= 5813883) AND (k <= 5813983))

explain: for range-notcovered :: explain SELECT k, c FROM sbtest%d WHERE k BETWEEN 2327787 AND 2327887
for range-notcovered
table 1 : explain SELECT k, c FROM sbtest1 WHERE k BETWEEN 7813504 AND 7813604
	Bitmap Heap Scan on sbtest1  (cost=5.51..421.42 rows=105 width=125)
	  Recheck Cond: ((k >= 7813504) AND (k <= 7813604))
	  ->  Bitmap Index Scan on k_1  (cost=0.00..5.48 rows=105 width=0)
	        Index Cond: ((k >= 7813504) AND (k <= 7813604))

table 2 : explain SELECT k, c FROM sbtest2 WHERE k BETWEEN 7813504 AND 7813604
	Bitmap Heap Scan on sbtest2  (cost=5.47..405.59 rows=101 width=125)
	  Recheck Cond: ((k >= 7813504) AND (k <= 7813604))
	  ->  Bitmap Index Scan on k_2  (cost=0.00..5.44 rows=101 width=0)
	        Index Cond: ((k >= 7813504) AND (k <= 7813604))

table 3 : explain SELECT k, c FROM sbtest3 WHERE k BETWEEN 7813504 AND 7813604
	Bitmap Heap Scan on sbtest3  (cost=5.44..393.70 rows=98 width=125)
	  Recheck Cond: ((k >= 7813504) AND (k <= 7813604))
	  ->  Bitmap Index Scan on k_3  (cost=0.00..5.42 rows=98 width=0)
	        Index Cond: ((k >= 7813504) AND (k <= 7813604))

table 4 : explain SELECT k, c FROM sbtest4 WHERE k BETWEEN 7813504 AND 7813604
	Bitmap Heap Scan on sbtest4  (cost=5.46..401.64 rows=100 width=125)
	  Recheck Cond: ((k >= 7813504) AND (k <= 7813604))
	  ->  Bitmap Index Scan on k_4  (cost=0.00..5.43 rows=100 width=0)
	        Index Cond: ((k >= 7813504) AND (k <= 7813604))

table 5 : explain SELECT k, c FROM sbtest5 WHERE k BETWEEN 7813504 AND 7813604
	Bitmap Heap Scan on sbtest5  (cost=5.48..409.54 rows=102 width=125)
	  Recheck Cond: ((k >= 7813504) AND (k <= 7813604))
	  ->  Bitmap Index Scan on k_5  (cost=0.00..5.45 rows=102 width=0)
	        Index Cond: ((k >= 7813504) AND (k <= 7813604))

table 6 : explain SELECT k, c FROM sbtest6 WHERE k BETWEEN 7813504 AND 7813604
	Bitmap Heap Scan on sbtest6  (cost=5.44..393.74 rows=98 width=125)
	  Recheck Cond: ((k >= 7813504) AND (k <= 7813604))
	  ->  Bitmap Index Scan on k_6  (cost=0.00..5.42 rows=98 width=0)
	        Index Cond: ((k >= 7813504) AND (k <= 7813604))

table 7 : explain SELECT k, c FROM sbtest7 WHERE k BETWEEN 7813504 AND 7813604
	Bitmap Heap Scan on sbtest7  (cost=5.38..370.00 rows=92 width=125)
	  Recheck Cond: ((k >= 7813504) AND (k <= 7813604))
	  ->  Bitmap Index Scan on k_7  (cost=0.00..5.35 rows=92 width=0)
	        Index Cond: ((k >= 7813504) AND (k <= 7813604))

table 8 : explain SELECT k, c FROM sbtest8 WHERE k BETWEEN 7813504 AND 7813604
	Bitmap Heap Scan on sbtest8  (cost=5.48..409.54 rows=102 width=125)
	  Recheck Cond: ((k >= 7813504) AND (k <= 7813604))
	  ->  Bitmap Index Scan on k_8  (cost=0.00..5.45 rows=102 width=0)
	        Index Cond: ((k >= 7813504) AND (k <= 7813604))
explain: for range-notcovered :: explain SELECT k, c FROM sbtest%d WHERE k BETWEEN 8262231 AND 8262331for range-notcovered
table 1 : explain SELECT k, c FROM sbtest1 WHERE k BETWEEN 6814436 AND 6814536
	Bitmap Heap Scan on sbtest1  (cost=5.51..421.42 rows=105 width=125)
	  Recheck Cond: ((k >= 6814436) AND (k <= 6814536))
	  ->  Bitmap Index Scan on k_1  (cost=0.00..5.48 rows=105 width=0)
	        Index Cond: ((k >= 6814436) AND (k <= 6814536))

table 2 : explain SELECT k, c FROM sbtest2 WHERE k BETWEEN 6814436 AND 6814536
	Bitmap Heap Scan on sbtest2  (cost=5.36..362.17 rows=90 width=125)
	  Recheck Cond: ((k >= 6814436) AND (k <= 6814536))
	  ->  Bitmap Index Scan on k_2  (cost=0.00..5.33 rows=90 width=0)
	        Index Cond: ((k >= 6814436) AND (k <= 6814536))

table 3 : explain SELECT k, c FROM sbtest3 WHERE k BETWEEN 6814436 AND 6814536
	Bitmap Heap Scan on sbtest3  (cost=5.60..456.78 rows=114 width=125)
	  Recheck Cond: ((k >= 6814436) AND (k <= 6814536))
	  ->  Bitmap Index Scan on k_3  (cost=0.00..5.58 rows=114 width=0)
	        Index Cond: ((k >= 6814436) AND (k <= 6814536))

table 4 : explain SELECT k, c FROM sbtest4 WHERE k BETWEEN 6814436 AND 6814536
	Bitmap Heap Scan on sbtest4  (cost=5.46..401.64 rows=100 width=125)
	  Recheck Cond: ((k >= 6814436) AND (k <= 6814536))
	  ->  Bitmap Index Scan on k_4  (cost=0.00..5.43 rows=100 width=0)
	        Index Cond: ((k >= 6814436) AND (k <= 6814536))

table 5 : explain SELECT k, c FROM sbtest5 WHERE k BETWEEN 6814436 AND 6814536
	Bitmap Heap Scan on sbtest5  (cost=5.42..385.86 rows=96 width=125)
	  Recheck Cond: ((k >= 6814436) AND (k <= 6814536))
	  ->  Bitmap Index Scan on k_5  (cost=0.00..5.39 rows=96 width=0)
	        Index Cond: ((k >= 6814436) AND (k <= 6814536))

table 6 : explain SELECT k, c FROM sbtest6 WHERE k BETWEEN 6814436 AND 6814536
	Bitmap Heap Scan on sbtest6  (cost=5.55..437.13 rows=109 width=125)
	  Recheck Cond: ((k >= 6814436) AND (k <= 6814536))
	  ->  Bitmap Index Scan on k_6  (cost=0.00..5.52 rows=109 width=0)
	        Index Cond: ((k >= 6814436) AND (k <= 6814536))

table 7 : explain SELECT k, c FROM sbtest7 WHERE k BETWEEN 6814436 AND 6814536
	Bitmap Heap Scan on sbtest7  (cost=5.49..413.41 rows=103 width=125)
	  Recheck Cond: ((k >= 6814436) AND (k <= 6814536))
	  ->  Bitmap Index Scan on k_7  (cost=0.00..5.46 rows=103 width=0)
	        Index Cond: ((k >= 6814436) AND (k <= 6814536))

table 8 : explain SELECT k, c FROM sbtest8 WHERE k BETWEEN 6814436 AND 6814536
	Bitmap Heap Scan on sbtest8  (cost=5.47..405.60 rows=101 width=125)
	  Recheck Cond: ((k >= 6814436) AND (k <= 6814536))
	  ->  Bitmap Index Scan on k_8  (cost=0.00..5.44 rows=101 width=0)
	        Index Cond: ((k >= 6814436) AND (k <= 6814536))

for range-notcovered
table 1 : explain SELECT k, c FROM sbtest1 WHERE k BETWEEN 6568066 AND 6568166
	Bitmap Heap Scan on sbtest1  (cost=5.42..385.90 rows=96 width=125)
	  Recheck Cond: ((k >= 6568066) AND (k <= 6568166))
	  ->  Bitmap Index Scan on k_1  (cost=0.00..5.39 rows=96 width=0)
	        Index Cond: ((k >= 6568066) AND (k <= 6568166))

table 2 : explain SELECT k, c FROM sbtest2 WHERE k BETWEEN 6568066 AND 6568166
	Bitmap Heap Scan on sbtest2  (cost=5.58..448.96 rows=112 width=125)
	  Recheck Cond: ((k >= 6568066) AND (k <= 6568166))
	  ->  Bitmap Index Scan on k_2  (cost=0.00..5.55 rows=112 width=0)
	        Index Cond: ((k >= 6568066) AND (k <= 6568166))

table 3 : explain SELECT k, c FROM sbtest3 WHERE k BETWEEN 6568066 AND 6568166
	Bitmap Heap Scan on sbtest3  (cost=5.47..405.53 rows=101 width=125)
	  Recheck Cond: ((k >= 6568066) AND (k <= 6568166))
	  ->  Bitmap Index Scan on k_3  (cost=0.00..5.44 rows=101 width=0)
	        Index Cond: ((k >= 6568066) AND (k <= 6568166))

table 4 : explain SELECT k, c FROM sbtest4 WHERE k BETWEEN 6568066 AND 6568166
	Bitmap Heap Scan on sbtest4  (cost=5.59..452.90 rows=113 width=125)
	  Recheck Cond: ((k >= 6568066) AND (k <= 6568166))
	  ->  Bitmap Index Scan on k_4  (cost=0.00..5.56 rows=113 width=0)
	        Index Cond: ((k >= 6568066) AND (k <= 6568166))

table 5 : explain SELECT k, c FROM sbtest5 WHERE k BETWEEN 6568066 AND 6568166
	Bitmap Heap Scan on sbtest5  (cost=5.45..397.70 rows=99 width=125)
	  Recheck Cond: ((k >= 6568066) AND (k <= 6568166))
	  ->  Bitmap Index Scan on k_5  (cost=0.00..5.42 rows=99 width=0)
	        Index Cond: ((k >= 6568066) AND (k <= 6568166))

table 6 : explain SELECT k, c FROM sbtest6 WHERE k BETWEEN 6568066 AND 6568166
	Bitmap Heap Scan on sbtest6  (cost=5.42..385.85 rows=96 width=125)
	  Recheck Cond: ((k >= 6568066) AND (k <= 6568166))
	  ->  Bitmap Index Scan on k_6  (cost=0.00..5.39 rows=96 width=0)
	        Index Cond: ((k >= 6568066) AND (k <= 6568166))

table 7 : explain SELECT k, c FROM sbtest7 WHERE k BETWEEN 6568066 AND 6568166
	Bitmap Heap Scan on sbtest7  (cost=5.48..409.46 rows=102 width=125)
	  Recheck Cond: ((k >= 6568066) AND (k <= 6568166))
	  ->  Bitmap Index Scan on k_7  (cost=0.00..5.45 rows=102 width=0)
	        Index Cond: ((k >= 6568066) AND (k <= 6568166))

table 8 : explain SELECT k, c FROM sbtest8 WHERE k BETWEEN 6568066 AND 6568166
	Bitmap Heap Scan on sbtest8  (cost=5.49..413.49 rows=103 width=125)
	  Recheck Cond: ((k >= 6568066) AND (k <= 6568166))
	  ->  Bitmap Index Scan on k_8  (cost=0.00..5.46 rows=103 width=0)
	        Index Cond: ((k >= 6568066) AND (k <= 6568166))

for range-notcovered
table 1 : explain SELECT k, c FROM sbtest1 WHERE k BETWEEN 6148959 AND 6149059
	Bitmap Heap Scan on sbtest1  (cost=5.49..413.53 rows=103 width=125)
	  Recheck Cond: ((k >= 6148959) AND (k <= 6149059))
	  ->  Bitmap Index Scan on k_1  (cost=0.00..5.46 rows=103 width=0)
	        Index Cond: ((k >= 6148959) AND (k <= 6149059))

table 2 : explain SELECT k, c FROM sbtest2 WHERE k BETWEEN 6148959 AND 6149059
	Bitmap Heap Scan on sbtest2  (cost=5.41..381.91 rows=95 width=125)
	  Recheck Cond: ((k >= 6148959) AND (k <= 6149059))
	  ->  Bitmap Index Scan on k_2  (cost=0.00..5.38 rows=95 width=0)
	        Index Cond: ((k >= 6148959) AND (k <= 6149059))

table 3 : explain SELECT k, c FROM sbtest3 WHERE k BETWEEN 6148959 AND 6149059
	Bitmap Heap Scan on sbtest3  (cost=5.50..417.37 rows=104 width=125)
	  Recheck Cond: ((k >= 6148959) AND (k <= 6149059))
	  ->  Bitmap Index Scan on k_3  (cost=0.00..5.47 rows=104 width=0)
	        Index Cond: ((k >= 6148959) AND (k <= 6149059))

table 4 : explain SELECT k, c FROM sbtest4 WHERE k BETWEEN 6148959 AND 6149059
	Bitmap Heap Scan on sbtest4  (cost=5.36..362.17 rows=90 width=125)
	  Recheck Cond: ((k >= 6148959) AND (k <= 6149059))
	  ->  Bitmap Index Scan on k_4  (cost=0.00..5.33 rows=90 width=0)
	        Index Cond: ((k >= 6148959) AND (k <= 6149059))

table 5 : explain SELECT k, c FROM sbtest5 WHERE k BETWEEN 6148959 AND 6149059
	Bitmap Heap Scan on sbtest5  (cost=5.55..437.14 rows=109 width=125)
	  Recheck Cond: ((k >= 6148959) AND (k <= 6149059))
	  ->  Bitmap Index Scan on k_5  (cost=0.00..5.52 rows=109 width=0)
	        Index Cond: ((k >= 6148959) AND (k <= 6149059))

table 6 : explain SELECT k, c FROM sbtest6 WHERE k BETWEEN 6148959 AND 6149059
	Bitmap Heap Scan on sbtest6  (cost=5.43..389.80 rows=97 width=125)
	  Recheck Cond: ((k >= 6148959) AND (k <= 6149059))
	  ->  Bitmap Index Scan on k_6  (cost=0.00..5.40 rows=97 width=0)
	        Index Cond: ((k >= 6148959) AND (k <= 6149059))

table 7 : explain SELECT k, c FROM sbtest7 WHERE k BETWEEN 6148959 AND 6149059
	Bitmap Heap Scan on sbtest7  (cost=5.51..421.29 rows=105 width=125)
	  Recheck Cond: ((k >= 6148959) AND (k <= 6149059))
	  ->  Bitmap Index Scan on k_7  (cost=0.00..5.48 rows=105 width=0)
	        Index Cond: ((k >= 6148959) AND (k <= 6149059))

table 8 : explain SELECT k, c FROM sbtest8 WHERE k BETWEEN 6148959 AND 6149059
	Bitmap Heap Scan on sbtest8  (cost=5.43..389.81 rows=97 width=125)
	  Recheck Cond: ((k >= 6148959) AND (k <= 6149059))
	  ->  Bitmap Index Scan on k_8  (cost=0.00..5.40 rows=97 width=0)
	        Index Cond: ((k >= 6148959) AND (k <= 6149059))

for range-notcovered
table 1 : explain SELECT k, c FROM sbtest1 WHERE k BETWEEN 7378895 AND 7378995
	Bitmap Heap Scan on sbtest1  (cost=5.42..385.90 rows=96 width=125)
	  Recheck Cond: ((k >= 7378895) AND (k <= 7378995))
	  ->  Bitmap Index Scan on k_1  (cost=0.00..5.39 rows=96 width=0)
	        Index Cond: ((k >= 7378895) AND (k <= 7378995))

table 2 : explain SELECT k, c FROM sbtest2 WHERE k BETWEEN 7378895 AND 7378995
	Bitmap Heap Scan on sbtest2  (cost=5.43..389.80 rows=97 width=125)
	  Recheck Cond: ((k >= 7378895) AND (k <= 7378995))
	  ->  Bitmap Index Scan on k_2  (cost=0.00..5.40 rows=97 width=0)
	        Index Cond: ((k >= 7378895) AND (k <= 7378995))

table 3 : explain SELECT k, c FROM sbtest3 WHERE k BETWEEN 7378895 AND 7378995
	Bitmap Heap Scan on sbtest3  (cost=5.43..389.75 rows=97 width=125)
	  Recheck Cond: ((k >= 7378895) AND (k <= 7378995))
	  ->  Bitmap Index Scan on k_3  (cost=0.00..5.40 rows=97 width=0)
	        Index Cond: ((k >= 7378895) AND (k <= 7378995))

table 4 : explain SELECT k, c FROM sbtest4 WHERE k BETWEEN 7378895 AND 7378995
	Bitmap Heap Scan on sbtest4  (cost=5.40..377.96 rows=94 width=125)
	  Recheck Cond: ((k >= 7378895) AND (k <= 7378995))
	  ->  Bitmap Index Scan on k_4  (cost=0.00..5.38 rows=94 width=0)
	        Index Cond: ((k >= 7378895) AND (k <= 7378995))

table 5 : explain SELECT k, c FROM sbtest5 WHERE k BETWEEN 7378895 AND 7378995
	Bitmap Heap Scan on sbtest5  (cost=5.46..401.65 rows=100 width=125)
	  Recheck Cond: ((k >= 7378895) AND (k <= 7378995))
	  ->  Bitmap Index Scan on k_5  (cost=0.00..5.43 rows=100 width=0)
	        Index Cond: ((k >= 7378895) AND (k <= 7378995))

table 6 : explain SELECT k, c FROM sbtest6 WHERE k BETWEEN 7378895 AND 7378995
	Bitmap Heap Scan on sbtest6  (cost=5.52..425.30 rows=106 width=125)
	  Recheck Cond: ((k >= 7378895) AND (k <= 7378995))
	  ->  Bitmap Index Scan on k_6  (cost=0.00..5.50 rows=106 width=0)
	        Index Cond: ((k >= 7378895) AND (k <= 7378995))

table 7 : explain SELECT k, c FROM sbtest7 WHERE k BETWEEN 7378895 AND 7378995
	Bitmap Heap Scan on sbtest7  (cost=5.48..409.46 rows=102 width=125)
	  Recheck Cond: ((k >= 7378895) AND (k <= 7378995))
	  ->  Bitmap Index Scan on k_7  (cost=0.00..5.45 rows=102 width=0)
	        Index Cond: ((k >= 7378895) AND (k <= 7378995))

table 8 : explain SELECT k, c FROM sbtest8 WHERE k BETWEEN 7378895 AND 7378995
	Bitmap Heap Scan on sbtest8  (cost=5.43..389.81 rows=97 width=125)
	  Recheck Cond: ((k >= 7378895) AND (k <= 7378995))
	  ->  Bitmap Index Scan on k_8  (cost=0.00..5.40 rows=97 width=0)
	        Index Cond: ((k >= 7378895) AND (k <= 7378995))

for range-notcovered
table 1 : explain SELECT k, c FROM sbtest1 WHERE k BETWEEN 5443553 AND 5443653
	Bitmap Heap Scan on sbtest1  (cost=5.48..409.58 rows=102 width=125)
	  Recheck Cond: ((k >= 5443553) AND (k <= 5443653))
	  ->  Bitmap Index Scan on k_1  (cost=0.00..5.45 rows=102 width=0)
	        Index Cond: ((k >= 5443553) AND (k <= 5443653))

table 2 : explain SELECT k, c FROM sbtest2 WHERE k BETWEEN 5443553 AND 5443653
	Bitmap Heap Scan on sbtest2  (cost=5.39..374.01 rows=93 width=125)
	  Recheck Cond: ((k >= 5443553) AND (k <= 5443653))
	  ->  Bitmap Index Scan on k_2  (cost=0.00..5.36 rows=93 width=0)
	        Index Cond: ((k >= 5443553) AND (k <= 5443653))

table 3 : explain SELECT k, c FROM sbtest3 WHERE k BETWEEN 5443553 AND 5443653
	Bitmap Heap Scan on sbtest3  (cost=5.58..448.90 rows=112 width=125)
	  Recheck Cond: ((k >= 5443553) AND (k <= 5443653))
	  ->  Bitmap Index Scan on k_3  (cost=0.00..5.55 rows=112 width=0)
	        Index Cond: ((k >= 5443553) AND (k <= 5443653))

table 4 : explain SELECT k, c FROM sbtest4 WHERE k BETWEEN 5443553 AND 5443653
	Bitmap Heap Scan on sbtest4  (cost=5.52..425.31 rows=106 width=125)
	  Recheck Cond: ((k >= 5443553) AND (k <= 5443653))
	  ->  Bitmap Index Scan on k_4  (cost=0.00..5.50 rows=106 width=0)
	        Index Cond: ((k >= 5443553) AND (k <= 5443653))

table 5 : explain SELECT k, c FROM sbtest5 WHERE k BETWEEN 5443553 AND 5443653
	Bitmap Heap Scan on sbtest5  (cost=5.54..433.20 rows=108 width=125)
	  Recheck Cond: ((k >= 5443553) AND (k <= 5443653))
	  ->  Bitmap Index Scan on k_5  (cost=0.00..5.51 rows=108 width=0)
	        Index Cond: ((k >= 5443553) AND (k <= 5443653))

table 6 : explain SELECT k, c FROM sbtest6 WHERE k BETWEEN 5443553 AND 5443653
	Bitmap Heap Scan on sbtest6  (cost=5.57..445.01 rows=111 width=125)
	  Recheck Cond: ((k >= 5443553) AND (k <= 5443653))
	  ->  Bitmap Index Scan on k_6  (cost=0.00..5.54 rows=111 width=0)
	        Index Cond: ((k >= 5443553) AND (k <= 5443653))

table 7 : explain SELECT k, c FROM sbtest7 WHERE k BETWEEN 5443553 AND 5443653
	Bitmap Heap Scan on sbtest7  (cost=5.46..401.57 rows=100 width=125)
	  Recheck Cond: ((k >= 5443553) AND (k <= 5443653))
	  ->  Bitmap Index Scan on k_7  (cost=0.00..5.43 rows=100 width=0)
	        Index Cond: ((k >= 5443553) AND (k <= 5443653))

table 8 : explain SELECT k, c FROM sbtest8 WHERE k BETWEEN 5443553 AND 5443653
	Bitmap Heap Scan on sbtest8  (cost=5.46..401.65 rows=100 width=125)
	  Recheck Cond: ((k >= 5443553) AND (k <= 5443653))
	  ->  Bitmap Index Scan on k_8  (cost=0.00..5.43 rows=100 width=0)
	        Index Cond: ((k >= 5443553) AND (k <= 5443653))

for range-notcovered
table 1 : explain SELECT k, c FROM sbtest1 WHERE k BETWEEN 3680246 AND 3680346
	Bitmap Heap Scan on sbtest1  (cost=5.47..405.64 rows=101 width=125)
	  Recheck Cond: ((k >= 3680246) AND (k <= 3680346))
	  ->  Bitmap Index Scan on k_1  (cost=0.00..5.44 rows=101 width=0)
	        Index Cond: ((k >= 3680246) AND (k <= 3680346))

table 2 : explain SELECT k, c FROM sbtest2 WHERE k BETWEEN 3680246 AND 3680346
	Bitmap Heap Scan on sbtest2  (cost=5.48..409.53 rows=102 width=125)
	  Recheck Cond: ((k >= 3680246) AND (k <= 3680346))
	  ->  Bitmap Index Scan on k_2  (cost=0.00..5.45 rows=102 width=0)
	        Index Cond: ((k >= 3680246) AND (k <= 3680346))

table 3 : explain SELECT k, c FROM sbtest3 WHERE k BETWEEN 3680246 AND 3680346
	Bitmap Heap Scan on sbtest3  (cost=5.43..389.75 rows=97 width=125)
	  Recheck Cond: ((k >= 3680246) AND (k <= 3680346))
	  ->  Bitmap Index Scan on k_3  (cost=0.00..5.40 rows=97 width=0)
	        Index Cond: ((k >= 3680246) AND (k <= 3680346))

table 4 : explain SELECT k, c FROM sbtest4 WHERE k BETWEEN 3680246 AND 3680346
	Bitmap Heap Scan on sbtest4  (cost=5.48..409.53 rows=102 width=125)
	  Recheck Cond: ((k >= 3680246) AND (k <= 3680346))
	  ->  Bitmap Index Scan on k_4  (cost=0.00..5.45 rows=102 width=0)
	        Index Cond: ((k >= 3680246) AND (k <= 3680346))

table 5 : explain SELECT k, c FROM sbtest5 WHERE k BETWEEN 3680246 AND 3680346
	Bitmap Heap Scan on sbtest5  (cost=5.46..401.65 rows=100 width=125)
	  Recheck Cond: ((k >= 3680246) AND (k <= 3680346))
	  ->  Bitmap Index Scan on k_5  (cost=0.00..5.43 rows=100 width=0)
	        Index Cond: ((k >= 3680246) AND (k <= 3680346))

table 6 : explain SELECT k, c FROM sbtest6 WHERE k BETWEEN 3680246 AND 3680346
	Bitmap Heap Scan on sbtest6  (cost=5.41..381.90 rows=95 width=125)
	  Recheck Cond: ((k >= 3680246) AND (k <= 3680346))
	  ->  Bitmap Index Scan on k_6  (cost=0.00..5.38 rows=95 width=0)
	        Index Cond: ((k >= 3680246) AND (k <= 3680346))

table 7 : explain SELECT k, c FROM sbtest7 WHERE k BETWEEN 3680246 AND 3680346
	Bitmap Heap Scan on sbtest7  (cost=5.46..401.57 rows=100 width=125)
	  Recheck Cond: ((k >= 3680246) AND (k <= 3680346))
	  ->  Bitmap Index Scan on k_7  (cost=0.00..5.43 rows=100 width=0)
	        Index Cond: ((k >= 3680246) AND (k <= 3680346))

table 8 : explain SELECT k, c FROM sbtest8 WHERE k BETWEEN 3680246 AND 3680346
	Bitmap Heap Scan on sbtest8  (cost=5.41..381.92 rows=95 width=125)
	  Recheck Cond: ((k >= 3680246) AND (k <= 3680346))
	  ->  Bitmap Index Scan on k_8  (cost=0.00..5.38 rows=95 width=0)
	        Index Cond: ((k >= 3680246) AND (k <= 3680346))
explain: for range-notcovered :: explain SELECT k, c FROM sbtest%d WHERE k BETWEEN 6568066 AND 6568166
explain: for range-notcovered :: explain SELECT k, c FROM sbtest%d WHERE k BETWEEN 6814436 AND 6814536
for range-notcovered
table 1 : explain SELECT k, c FROM sbtest1 WHERE k BETWEEN 6676821 AND 6676921
	Bitmap Heap Scan on sbtest1  (cost=5.44..393.80 rows=98 width=125)
	  Recheck Cond: ((k >= 6676821) AND (k <= 6676921))
	  ->  Bitmap Index Scan on k_1  (cost=0.00..5.42 rows=98 width=0)
	        Index Cond: ((k >= 6676821) AND (k <= 6676921))

table 2 : explain SELECT k, c FROM sbtest2 WHERE k BETWEEN 6676821 AND 6676921
	Bitmap Heap Scan on sbtest2  (cost=5.45..397.70 rows=99 width=125)
	  Recheck Cond: ((k >= 6676821) AND (k <= 6676921))
	  ->  Bitmap Index Scan on k_2  (cost=0.00..5.42 rows=99 width=0)
	        Index Cond: ((k >= 6676821) AND (k <= 6676921))

table 3 : explain SELECT k, c FROM sbtest3 WHERE k BETWEEN 6676821 AND 6676921
	Bitmap Heap Scan on sbtest3  (cost=5.50..417.37 rows=104 width=125)
	  Recheck Cond: ((k >= 6676821) AND (k <= 6676921))
	  ->  Bitmap Index Scan on k_3  (cost=0.00..5.47 rows=104 width=0)
	        Index Cond: ((k >= 6676821) AND (k <= 6676921))

table 4 : explain SELECT k, c FROM sbtest4 WHERE k BETWEEN 6676821 AND 6676921
	Bitmap Heap Scan on sbtest4  (cost=5.43..389.80 rows=97 width=125)
	  Recheck Cond: ((k >= 6676821) AND (k <= 6676921))
	  ->  Bitmap Index Scan on k_4  (cost=0.00..5.40 rows=97 width=0)
	        Index Cond: ((k >= 6676821) AND (k <= 6676921))

table 5 : explain SELECT k, c FROM sbtest5 WHERE k BETWEEN 6676821 AND 6676921
	Bitmap Heap Scan on sbtest5  (cost=5.42..385.86 rows=96 width=125)
	  Recheck Cond: ((k >= 6676821) AND (k <= 6676921))
	  ->  Bitmap Index Scan on k_5  (cost=0.00..5.39 rows=96 width=0)
	        Index Cond: ((k >= 6676821) AND (k <= 6676921))

table 6 : explain SELECT k, c FROM sbtest6 WHERE k BETWEEN 6676821 AND 6676921
	Bitmap Heap Scan on sbtest6  (cost=5.55..437.13 rows=109 width=125)
	  Recheck Cond: ((k >= 6676821) AND (k <= 6676921))
	  ->  Bitmap Index Scan on k_6  (cost=0.00..5.52 rows=109 width=0)
	        Index Cond: ((k >= 6676821) AND (k <= 6676921))

table 7 : explain SELECT k, c FROM sbtest7 WHERE k BETWEEN 6676821 AND 6676921
	Bitmap Heap Scan on sbtest7  (cost=5.38..370.00 rows=92 width=125)
	  Recheck Cond: ((k >= 6676821) AND (k <= 6676921))
	  ->  Bitmap Index Scan on k_7  (cost=0.00..5.35 rows=92 width=0)
	        Index Cond: ((k >= 6676821) AND (k <= 6676921))

table 8 : explain SELECT k, c FROM sbtest8 WHERE k BETWEEN 6676821 AND 6676921
	Bitmap Heap Scan on sbtest8  (cost=5.57..445.03 rows=111 width=125)
	  Recheck Cond: ((k >= 6676821) AND (k <= 6676921))
	  ->  Bitmap Index Scan on k_8  (cost=0.00..5.54 rows=111 width=0)
	        Index Cond: ((k >= 6676821) AND (k <= 6676921))

explain: for range-notcovered :: explain SELECT k, c FROM sbtest%d WHERE k BETWEEN 5330250 AND 5330350
explain: for range-notcovered :: explain SELECT k, c FROM sbtest%d WHERE k BETWEEN 4873456 AND 4873556for range-notcovered
table 1 : explain SELECT k, c FROM sbtest1 WHERE k BETWEEN 7216687 AND 7216787
	Bitmap Heap Scan on sbtest1  (cost=5.49..413.53 rows=103 width=125)
	  Recheck Cond: ((k >= 7216687) AND (k <= 7216787))
	  ->  Bitmap Index Scan on k_1  (cost=0.00..5.46 rows=103 width=0)
	        Index Cond: ((k >= 7216687) AND (k <= 7216787))

table 2 : explain SELECT k, c FROM sbtest2 WHERE k BETWEEN 7216687 AND 7216787
	Bitmap Heap Scan on sbtest2  (cost=5.41..381.91 rows=95 width=125)
	  Recheck Cond: ((k >= 7216687) AND (k <= 7216787))
	  ->  Bitmap Index Scan on k_2  (cost=0.00..5.38 rows=95 width=0)
	        Index Cond: ((k >= 7216687) AND (k <= 7216787))

table 3 : explain SELECT k, c FROM sbtest3 WHERE k BETWEEN 7216687 AND 7216787
	Bitmap Heap Scan on sbtest3  (cost=5.47..405.53 rows=101 width=125)
	  Recheck Cond: ((k >= 7216687) AND (k <= 7216787))
	  ->  Bitmap Index Scan on k_3  (cost=0.00..5.44 rows=101 width=0)
	        Index Cond: ((k >= 7216687) AND (k <= 7216787))

table 4 : explain SELECT k, c FROM sbtest4 WHERE k BETWEEN 7216687 AND 7216787
	Bitmap Heap Scan on sbtest4  (cost=5.53..429.25 rows=107 width=125)
	  Recheck Cond: ((k >= 7216687) AND (k <= 7216787))
	  ->  Bitmap Index Scan on k_4  (cost=0.00..5.50 rows=107 width=0)
	        Index Cond: ((k >= 7216687) AND (k <= 7216787))

table 5 : explain SELECT k, c FROM sbtest5 WHERE k BETWEEN 7216687 AND 7216787
	Bitmap Heap Scan on sbtest5  (cost=5.48..409.54 rows=102 width=125)
	  Recheck Cond: ((k >= 7216687) AND (k <= 7216787))
	  ->  Bitmap Index Scan on k_5  (cost=0.00..5.45 rows=102 width=0)
	        Index Cond: ((k >= 7216687) AND (k <= 7216787))

table 6 : explain SELECT k, c FROM sbtest6 WHERE k BETWEEN 7216687 AND 7216787
	Bitmap Heap Scan on sbtest6  (cost=5.45..397.69 rows=99 width=125)
	  Recheck Cond: ((k >= 7216687) AND (k <= 7216787))
	  ->  Bitmap Index Scan on k_6  (cost=0.00..5.42 rows=99 width=0)
	        Index Cond: ((k >= 7216687) AND (k <= 7216787))

table 7 : explain SELECT k, c FROM sbtest7 WHERE k BETWEEN 7216687 AND 7216787
	Bitmap Heap Scan on sbtest7  (cost=5.51..421.29 rows=105 width=125)
	  Recheck Cond: ((k >= 7216687) AND (k <= 7216787))
	  ->  Bitmap Index Scan on k_7  (cost=0.00..5.48 rows=105 width=0)
	        Index Cond: ((k >= 7216687) AND (k <= 7216787))

table 8 : explain SELECT k, c FROM sbtest8 WHERE k BETWEEN 7216687 AND 7216787
	Bitmap Heap Scan on sbtest8  (cost=5.56..441.09 rows=110 width=125)
	  Recheck Cond: ((k >= 7216687) AND (k <= 7216787))
	  ->  Bitmap Index Scan on k_8  (cost=0.00..5.53 rows=110 width=0)
	        Index Cond: ((k >= 7216687) AND (k <= 7216787))

for range-notcovered
table 1 : explain SELECT k, c FROM sbtest1 WHERE k BETWEEN 6378941 AND 6379041
	Bitmap Heap Scan on sbtest1  (cost=5.53..429.30 rows=107 width=125)
	  Recheck Cond: ((k >= 6378941) AND (k <= 6379041))
	  ->  Bitmap Index Scan on k_1  (cost=0.00..5.50 rows=107 width=0)
	        Index Cond: ((k >= 6378941) AND (k <= 6379041))

table 2 : explain SELECT k, c FROM sbtest2 WHERE k BETWEEN 6378941 AND 6379041
	Bitmap Heap Scan on sbtest2  (cost=5.49..413.48 rows=103 width=125)
	  Recheck Cond: ((k >= 6378941) AND (k <= 6379041))
	  ->  Bitmap Index Scan on k_2  (cost=0.00..5.46 rows=103 width=0)
	        Index Cond: ((k >= 6378941) AND (k <= 6379041))

table 3 : explain SELECT k, c FROM sbtest3 WHERE k BETWEEN 6378941 AND 6379041
	Bitmap Heap Scan on sbtest3  (cost=5.55..437.08 rows=109 width=125)
	  Recheck Cond: ((k >= 6378941) AND (k <= 6379041))
	  ->  Bitmap Index Scan on k_3  (cost=0.00..5.52 rows=109 width=0)
	        Index Cond: ((k >= 6378941) AND (k <= 6379041))

table 4 : explain SELECT k, c FROM sbtest4 WHERE k BETWEEN 6378941 AND 6379041
	Bitmap Heap Scan on sbtest4  (cost=5.44..393.75 rows=98 width=125)
	  Recheck Cond: ((k >= 6378941) AND (k <= 6379041))
	  ->  Bitmap Index Scan on k_4  (cost=0.00..5.42 rows=98 width=0)
	        Index Cond: ((k >= 6378941) AND (k <= 6379041))

table 5 : explain SELECT k, c FROM sbtest5 WHERE k BETWEEN 6378941 AND 6379041
	Bitmap Heap Scan on sbtest5  (cost=5.39..374.02 rows=93 width=125)
	  Recheck Cond: ((k >= 6378941) AND (k <= 6379041))
	  ->  Bitmap Index Scan on k_5  (cost=0.00..5.36 rows=93 width=0)
	        Index Cond: ((k >= 6378941) AND (k <= 6379041))

table 6 : explain SELECT k, c FROM sbtest6 WHERE k BETWEEN 6378941 AND 6379041
	Bitmap Heap Scan on sbtest6  (cost=5.41..381.90 rows=95 width=125)
	  Recheck Cond: ((k >= 6378941) AND (k <= 6379041))
	  ->  Bitmap Index Scan on k_6  (cost=0.00..5.38 rows=95 width=0)
	        Index Cond: ((k >= 6378941) AND (k <= 6379041))

table 7 : explain SELECT k, c FROM sbtest7 WHERE k BETWEEN 6378941 AND 6379041
	Bitmap Heap Scan on sbtest7  (cost=5.45..397.63 rows=99 width=125)
	  Recheck Cond: ((k >= 6378941) AND (k <= 6379041))
	  ->  Bitmap Index Scan on k_7  (cost=0.00..5.42 rows=99 width=0)
	        Index Cond: ((k >= 6378941) AND (k <= 6379041))

table 8 : explain SELECT k, c FROM sbtest8 WHERE k BETWEEN 6378941 AND 6379041
	Bitmap Heap Scan on sbtest8  (cost=5.52..425.32 rows=106 width=125)
	  Recheck Cond: ((k >= 6378941) AND (k <= 6379041))
	  ->  Bitmap Index Scan on k_8  (cost=0.00..5.50 rows=106 width=0)
	        Index Cond: ((k >= 6378941) AND (k <= 6379041))

explain: for range-notcovered :: explain SELECT k, c FROM sbtest%d WHERE k BETWEEN 5603877 AND 5603977explain: for range-notcovered :: explain SELECT k, c FROM sbtest%d WHERE k BETWEEN 6676821 AND 6676921for range-notcovered
table 1 : explain SELECT k, c FROM sbtest1 WHERE k BETWEEN 7841640 AND 7841740
	Bitmap Heap Scan on sbtest1  (cost=5.51..421.42 rows=105 width=125)
	  Recheck Cond: ((k >= 7841640) AND (k <= 7841740))
	  ->  Bitmap Index Scan on k_1  (cost=0.00..5.48 rows=105 width=0)
	        Index Cond: ((k >= 7841640) AND (k <= 7841740))

table 2 : explain SELECT k, c FROM sbtest2 WHERE k BETWEEN 7841640 AND 7841740
	Bitmap Heap Scan on sbtest2  (cost=5.52..425.31 rows=106 width=125)
	  Recheck Cond: ((k >= 7841640) AND (k <= 7841740))
	  ->  Bitmap Index Scan on k_2  (cost=0.00..5.50 rows=106 width=0)
	        Index Cond: ((k >= 7841640) AND (k <= 7841740))

table 3 : explain SELECT k, c FROM sbtest3 WHERE k BETWEEN 7841640 AND 7841740
	Bitmap Heap Scan on sbtest3  (cost=5.44..393.70 rows=98 width=125)
	  Recheck Cond: ((k >= 7841640) AND (k <= 7841740))
	  ->  Bitmap Index Scan on k_3  (cost=0.00..5.42 rows=98 width=0)
	        Index Cond: ((k >= 7841640) AND (k <= 7841740))

table 4 : explain SELECT k, c FROM sbtest4 WHERE k BETWEEN 7841640 AND 7841740
	Bitmap Heap Scan on sbtest4  (cost=5.45..397.70 rows=99 width=125)
	  Recheck Cond: ((k >= 7841640) AND (k <= 7841740))
	  ->  Bitmap Index Scan on k_4  (cost=0.00..5.42 rows=99 width=0)
	        Index Cond: ((k >= 7841640) AND (k <= 7841740))

table 5 : explain SELECT k, c FROM sbtest5 WHERE k BETWEEN 7841640 AND 7841740
	Bitmap Heap Scan on sbtest5  (cost=5.48..409.54 rows=102 width=125)
	  Recheck Cond: ((k >= 7841640) AND (k <= 7841740))
	  ->  Bitmap Index Scan on k_5  (cost=0.00..5.45 rows=102 width=0)
	        Index Cond: ((k >= 7841640) AND (k <= 7841740))

table 6 : explain SELECT k, c FROM sbtest6 WHERE k BETWEEN 7841640 AND 7841740
	Bitmap Heap Scan on sbtest6  (cost=5.42..385.85 rows=96 width=125)
	  Recheck Cond: ((k >= 7841640) AND (k <= 7841740))
	  ->  Bitmap Index Scan on k_6  (cost=0.00..5.39 rows=96 width=0)
	        Index Cond: ((k >= 7841640) AND (k <= 7841740))

table 7 : explain SELECT k, c FROM sbtest7 WHERE k BETWEEN 7841640 AND 7841740
	Bitmap Heap Scan on sbtest7  (cost=5.38..370.00 rows=92 width=125)
	  Recheck Cond: ((k >= 7841640) AND (k <= 7841740))
	  ->  Bitmap Index Scan on k_7  (cost=0.00..5.35 rows=92 width=0)
	        Index Cond: ((k >= 7841640) AND (k <= 7841740))

table 8 : explain SELECT k, c FROM sbtest8 WHERE k BETWEEN 7841640 AND 7841740
	Bitmap Heap Scan on sbtest8  (cost=5.48..409.54 rows=102 width=125)
	  Recheck Cond: ((k >= 7841640) AND (k <= 7841740))
	  ->  Bitmap Index Scan on k_8  (cost=0.00..5.45 rows=102 width=0)
	        Index Cond: ((k >= 7841640) AND (k <= 7841740))
for range-notcovered
table 1 : explain SELECT k, c FROM sbtest1 WHERE k BETWEEN 7372991 AND 7373091
	Bitmap Heap Scan on sbtest1  (cost=5.42..385.90 rows=96 width=125)
	  Recheck Cond: ((k >= 7372991) AND (k <= 7373091))
	  ->  Bitmap Index Scan on k_1  (cost=0.00..5.39 rows=96 width=0)
	        Index Cond: ((k >= 7372991) AND (k <= 7373091))

table 2 : explain SELECT k, c FROM sbtest2 WHERE k BETWEEN 7372991 AND 7373091
	Bitmap Heap Scan on sbtest2  (cost=5.43..389.80 rows=97 width=125)
	  Recheck Cond: ((k >= 7372991) AND (k <= 7373091))
	  ->  Bitmap Index Scan on k_2  (cost=0.00..5.40 rows=97 width=0)
	        Index Cond: ((k >= 7372991) AND (k <= 7373091))

table 3 : explain SELECT k, c FROM sbtest3 WHERE k BETWEEN 7372991 AND 7373091
	Bitmap Heap Scan on sbtest3  (cost=5.43..389.75 rows=97 width=125)
	  Recheck Cond: ((k >= 7372991) AND (k <= 7373091))
	  ->  Bitmap Index Scan on k_3  (cost=0.00..5.40 rows=97 width=0)
	        Index Cond: ((k >= 7372991) AND (k <= 7373091))

table 4 : explain SELECT k, c FROM sbtest4 WHERE k BETWEEN 7372991 AND 7373091
	Bitmap Heap Scan on sbtest4  (cost=5.40..377.96 rows=94 width=125)
	  Recheck Cond: ((k >= 7372991) AND (k <= 7373091))
	  ->  Bitmap Index Scan on k_4  (cost=0.00..5.38 rows=94 width=0)
	        Index Cond: ((k >= 7372991) AND (k <= 7373091))

table 5 : explain SELECT k, c FROM sbtest5 WHERE k BETWEEN 7372991 AND 7373091
	Bitmap Heap Scan on sbtest5  (cost=5.46..401.65 rows=100 width=125)
	  Recheck Cond: ((k >= 7372991) AND (k <= 7373091))
	  ->  Bitmap Index Scan on k_5  (cost=0.00..5.43 rows=100 width=0)
	        Index Cond: ((k >= 7372991) AND (k <= 7373091))

table 6 : explain SELECT k, c FROM sbtest6 WHERE k BETWEEN 7372991 AND 7373091
	Bitmap Heap Scan on sbtest6  (cost=5.52..425.30 rows=106 width=125)
	  Recheck Cond: ((k >= 7372991) AND (k <= 7373091))
	  ->  Bitmap Index Scan on k_6  (cost=0.00..5.50 rows=106 width=0)
	        Index Cond: ((k >= 7372991) AND (k <= 7373091))

table 7 : explain SELECT k, c FROM sbtest7 WHERE k BETWEEN 7372991 AND 7373091
	Bitmap Heap Scan on sbtest7  (cost=5.65..476.45 rows=119 width=125)
	  Recheck Cond: ((k >= 7372991) AND (k <= 7373091))
	  ->  Bitmap Index Scan on k_7  (cost=0.00..5.62 rows=119 width=0)
	        Index Cond: ((k >= 7372991) AND (k <= 7373091))

table 8 : explain SELECT k, c FROM sbtest8 WHERE k BETWEEN 7372991 AND 7373091
	Bitmap Heap Scan on sbtest8  (cost=5.43..389.81 rows=97 width=125)
	  Recheck Cond: ((k >= 7372991) AND (k <= 7373091))
	  ->  Bitmap Index Scan on k_8  (cost=0.00..5.40 rows=97 width=0)
	        Index Cond: ((k >= 7372991) AND (k <= 7373091))

for range-notcovered
table 1 : explain SELECT k, c FROM sbtest1 WHERE k BETWEEN 5503157 AND 5503257
	Bitmap Heap Scan on sbtest1  (cost=5.49..413.53 rows=103 width=125)
	  Recheck Cond: ((k >= 5503157) AND (k <= 5503257))
	  ->  Bitmap Index Scan on k_1  (cost=0.00..5.46 rows=103 width=0)
	        Index Cond: ((k >= 5503157) AND (k <= 5503257))

table 2 : explain SELECT k, c FROM sbtest2 WHERE k BETWEEN 5503157 AND 5503257
	Bitmap Heap Scan on sbtest2  (cost=5.56..441.08 rows=110 width=125)
	  Recheck Cond: ((k >= 5503157) AND (k <= 5503257))
	  ->  Bitmap Index Scan on k_2  (cost=0.00..5.53 rows=110 width=0)
	        Index Cond: ((k >= 5503157) AND (k <= 5503257))

table 3 : explain SELECT k, c FROM sbtest3 WHERE k BETWEEN 5503157 AND 5503257
	Bitmap Heap Scan on sbtest3  (cost=5.41..381.86 rows=95 width=125)
	  Recheck Cond: ((k >= 5503157) AND (k <= 5503257))
	  ->  Bitmap Index Scan on k_3  (cost=0.00..5.38 rows=95 width=0)
	        Index Cond: ((k >= 5503157) AND (k <= 5503257))

table 4 : explain SELECT k, c FROM sbtest4 WHERE k BETWEEN 5503157 AND 5503257
	Bitmap Heap Scan on sbtest4  (cost=5.41..381.91 rows=95 width=125)
	  Recheck Cond: ((k >= 5503157) AND (k <= 5503257))
	  ->  Bitmap Index Scan on k_4  (cost=0.00..5.38 rows=95 width=0)
	        Index Cond: ((k >= 5503157) AND (k <= 5503257))

table 5 : explain SELECT k, c FROM sbtest5 WHERE k BETWEEN 5503157 AND 5503257
	Bitmap Heap Scan on sbtest5  (cost=5.54..433.20 rows=108 width=125)
	  Recheck Cond: ((k >= 5503157) AND (k <= 5503257))
	  ->  Bitmap Index Scan on k_5  (cost=0.00..5.51 rows=108 width=0)
	        Index Cond: ((k >= 5503157) AND (k <= 5503257))

table 6 : explain SELECT k, c FROM sbtest6 WHERE k BETWEEN 5503157 AND 5503257
	Bitmap Heap Scan on sbtest6  (cost=5.57..445.01 rows=111 width=125)
	  Recheck Cond: ((k >= 5503157) AND (k <= 5503257))
	  ->  Bitmap Index Scan on k_6  (cost=0.00..5.54 rows=111 width=0)
	        Index Cond: ((k >= 5503157) AND (k <= 5503257))

table 7 : explain SELECT k, c FROM sbtest7 WHERE k BETWEEN 5503157 AND 5503257
	Bitmap Heap Scan on sbtest7  (cost=5.43..389.74 rows=97 width=125)
	  Recheck Cond: ((k >= 5503157) AND (k <= 5503257))
	  ->  Bitmap Index Scan on k_7  (cost=0.00..5.40 rows=97 width=0)
	        Index Cond: ((k >= 5503157) AND (k <= 5503257))

table 8 : explain SELECT k, c FROM sbtest8 WHERE k BETWEEN 5503157 AND 5503257
	Bitmap Heap Scan on sbtest8  (cost=5.46..401.65 rows=100 width=125)
	  Recheck Cond: ((k >= 5503157) AND (k <= 5503257))
	  ->  Bitmap Index Scan on k_8  (cost=0.00..5.43 rows=100 width=0)
	        Index Cond: ((k >= 5503157) AND (k <= 5503257))

for range-notcovered
table 1 : explain SELECT k, c FROM sbtest1 WHERE k BETWEEN 6262062 AND 6262162
	Bitmap Heap Scan on sbtest1  (cost=5.36..362.21 rows=90 width=125)
	  Recheck Cond: ((k >= 6262062) AND (k <= 6262162))
	  ->  Bitmap Index Scan on k_1  (cost=0.00..5.33 rows=90 width=0)
	        Index Cond: ((k >= 6262062) AND (k <= 6262162))

table 2 : explain SELECT k, c FROM sbtest2 WHERE k BETWEEN 6262062 AND 6262162
	Bitmap Heap Scan on sbtest2  (cost=5.44..393.75 rows=98 width=125)
	  Recheck Cond: ((k >= 6262062) AND (k <= 6262162))
	  ->  Bitmap Index Scan on k_2  (cost=0.00..5.42 rows=98 width=0)
	        Index Cond: ((k >= 6262062) AND (k <= 6262162))

table 3 : explain SELECT k, c FROM sbtest3 WHERE k BETWEEN 6262062 AND 6262162
	Bitmap Heap Scan on sbtest3  (cost=5.49..413.42 rows=103 width=125)
	  Recheck Cond: ((k >= 6262062) AND (k <= 6262162))
	  ->  Bitmap Index Scan on k_3  (cost=0.00..5.46 rows=103 width=0)
	        Index Cond: ((k >= 6262062) AND (k <= 6262162))

table 4 : explain SELECT k, c FROM sbtest4 WHERE k BETWEEN 6262062 AND 6262162
	Bitmap Heap Scan on sbtest4  (cost=5.49..413.48 rows=103 width=125)
	  Recheck Cond: ((k >= 6262062) AND (k <= 6262162))
	  ->  Bitmap Index Scan on k_4  (cost=0.00..5.46 rows=103 width=0)
	        Index Cond: ((k >= 6262062) AND (k <= 6262162))

table 5 : explain SELECT k, c FROM sbtest5 WHERE k BETWEEN 6262062 AND 6262162
	Bitmap Heap Scan on sbtest5  (cost=5.51..421.37 rows=105 width=125)
	  Recheck Cond: ((k >= 6262062) AND (k <= 6262162))
	  ->  Bitmap Index Scan on k_5  (cost=0.00..5.48 rows=105 width=0)
	        Index Cond: ((k >= 6262062) AND (k <= 6262162))

table 6 : explain SELECT k, c FROM sbtest6 WHERE k BETWEEN 6262062 AND 6262162
	Bitmap Heap Scan on sbtest6  (cost=5.53..429.24 rows=107 width=125)
	  Recheck Cond: ((k >= 6262062) AND (k <= 6262162))
	  ->  Bitmap Index Scan on k_6  (cost=0.00..5.50 rows=107 width=0)
	        Index Cond: ((k >= 6262062) AND (k <= 6262162))

table 7 : explain SELECT k, c FROM sbtest7 WHERE k BETWEEN 6262062 AND 6262162
	Bitmap Heap Scan on sbtest7  (cost=5.52..425.23 rows=106 width=125)
	  Recheck Cond: ((k >= 6262062) AND (k <= 6262162))
	  ->  Bitmap Index Scan on k_7  (cost=0.00..5.50 rows=106 width=0)
	        Index Cond: ((k >= 6262062) AND (k <= 6262162))

table 8 : explain SELECT k, c FROM sbtest8 WHERE k BETWEEN 6262062 AND 6262162
	Bitmap Heap Scan on sbtest8  (cost=5.56..441.09 rows=110 width=125)
	  Recheck Cond: ((k >= 6262062) AND (k <= 6262162))
	  ->  Bitmap Index Scan on k_8  (cost=0.00..5.53 rows=110 width=0)
	        Index Cond: ((k >= 6262062) AND (k <= 6262162))


explain: for range-notcovered :: explain SELECT k, c FROM sbtest%d WHERE k BETWEEN 1736814 AND 1736914for range-notcovered
table 1 : explain SELECT k, c FROM sbtest1 WHERE k BETWEEN 4250238 AND 4250338
	Bitmap Heap Scan on sbtest1  (cost=5.51..421.42 rows=105 width=125)
	  Recheck Cond: ((k >= 4250238) AND (k <= 4250338))
	  ->  Bitmap Index Scan on k_1  (cost=0.00..5.48 rows=105 width=0)
	        Index Cond: ((k >= 4250238) AND (k <= 4250338))

table 2 : explain SELECT k, c FROM sbtest2 WHERE k BETWEEN 4250238 AND 4250338
	Bitmap Heap Scan on sbtest2  (cost=5.45..397.70 rows=99 width=125)
	  Recheck Cond: ((k >= 4250238) AND (k <= 4250338))
	  ->  Bitmap Index Scan on k_2  (cost=0.00..5.42 rows=99 width=0)
	        Index Cond: ((k >= 4250238) AND (k <= 4250338))

table 3 : explain SELECT k, c FROM sbtest3 WHERE k BETWEEN 4250238 AND 4250338
	Bitmap Heap Scan on sbtest3  (cost=5.57..444.96 rows=111 width=125)
	  Recheck Cond: ((k >= 4250238) AND (k <= 4250338))
	  ->  Bitmap Index Scan on k_3  (cost=0.00..5.54 rows=111 width=0)
	        Index Cond: ((k >= 4250238) AND (k <= 4250338))

table 4 : explain SELECT k, c FROM sbtest4 WHERE k BETWEEN 4250238 AND 4250338
	Bitmap Heap Scan on sbtest4  (cost=5.57..445.02 rows=111 width=125)
	  Recheck Cond: ((k >= 4250238) AND (k <= 4250338))
	  ->  Bitmap Index Scan on k_4  (cost=0.00..5.54 rows=111 width=0)
	        Index Cond: ((k >= 4250238) AND (k <= 4250338))

table 5 : explain SELECT k, c FROM sbtest5 WHERE k BETWEEN 4250238 AND 4250338
	Bitmap Heap Scan on sbtest5  (cost=5.53..429.26 rows=107 width=125)
	  Recheck Cond: ((k >= 4250238) AND (k <= 4250338))
	  ->  Bitmap Index Scan on k_5  (cost=0.00..5.50 rows=107 width=0)
	        Index Cond: ((k >= 4250238) AND (k <= 4250338))

table 6 : explain SELECT k, c FROM sbtest6 WHERE k BETWEEN 4250238 AND 4250338
	Bitmap Heap Scan on sbtest6  (cost=5.42..385.85 rows=96 width=125)
	  Recheck Cond: ((k >= 4250238) AND (k <= 4250338))
	  ->  Bitmap Index Scan on k_6  (cost=0.00..5.39 rows=96 width=0)
	        Index Cond: ((k >= 4250238) AND (k <= 4250338))

table 7 : explain SELECT k, c FROM sbtest7 WHERE k BETWEEN 4250238 AND 4250338
	Bitmap Heap Scan on sbtest7  (cost=5.47..405.52 rows=101 width=125)
	  Recheck Cond: ((k >= 4250238) AND (k <= 4250338))
	  ->  Bitmap Index Scan on k_7  (cost=0.00..5.44 rows=101 width=0)
	        Index Cond: ((k >= 4250238) AND (k <= 4250338))

table 8 : explain SELECT k, c FROM sbtest8 WHERE k BETWEEN 4250238 AND 4250338
	Bitmap Heap Scan on sbtest8  (cost=5.53..429.26 rows=107 width=125)
	  Recheck Cond: ((k >= 4250238) AND (k <= 4250338))
	  ->  Bitmap Index Scan on k_8  (cost=0.00..5.50 rows=107 width=0)
	        Index Cond: ((k >= 4250238) AND (k <= 4250338))

for range-notcovered
table 1 : explain SELECT k, c FROM sbtest1 WHERE k BETWEEN 7743810 AND 7743910
	Bitmap Heap Scan on sbtest1  (cost=5.40..378.01 rows=94 width=125)
	  Recheck Cond: ((k >= 7743810) AND (k <= 7743910))
	  ->  Bitmap Index Scan on k_1  (cost=0.00..5.38 rows=94 width=0)
	        Index Cond: ((k >= 7743810) AND (k <= 7743910))

table 2 : explain SELECT k, c FROM sbtest2 WHERE k BETWEEN 7743810 AND 7743910
	Bitmap Heap Scan on sbtest2  (cost=5.47..405.59 rows=101 width=125)
	  Recheck Cond: ((k >= 7743810) AND (k <= 7743910))
	  ->  Bitmap Index Scan on k_2  (cost=0.00..5.44 rows=101 width=0)
	        Index Cond: ((k >= 7743810) AND (k <= 7743910))

table 3 : explain SELECT k, c FROM sbtest3 WHERE k BETWEEN 7743810 AND 7743910
	Bitmap Heap Scan on sbtest3  (cost=5.41..381.86 rows=95 width=125)
	  Recheck Cond: ((k >= 7743810) AND (k <= 7743910))
	  ->  Bitmap Index Scan on k_3  (cost=0.00..5.38 rows=95 width=0)
	        Index Cond: ((k >= 7743810) AND (k <= 7743910))

table 4 : explain SELECT k, c FROM sbtest4 WHERE k BETWEEN 7743810 AND 7743910
	Bitmap Heap Scan on sbtest4  (cost=5.46..401.64 rows=100 width=125)
	  Recheck Cond: ((k >= 7743810) AND (k <= 7743910))
	  ->  Bitmap Index Scan on k_4  (cost=0.00..5.43 rows=100 width=0)
	        Index Cond: ((k >= 7743810) AND (k <= 7743910))

table 5 : explain SELECT k, c FROM sbtest5 WHERE k BETWEEN 7743810 AND 7743910
	Bitmap Heap Scan on sbtest5  (cost=5.47..405.60 rows=101 width=125)
	  Recheck Cond: ((k >= 7743810) AND (k <= 7743910))
	  ->  Bitmap Index Scan on k_5  (cost=0.00..5.44 rows=101 width=0)
	        Index Cond: ((k >= 7743810) AND (k <= 7743910))

table 6 : explain SELECT k, c FROM sbtest6 WHERE k BETWEEN 7743810 AND 7743910
	Bitmap Heap Scan on sbtest6  (cost=5.44..393.74 rows=98 width=125)
	  Recheck Cond: ((k >= 7743810) AND (k <= 7743910))
	  ->  Bitmap Index Scan on k_6  (cost=0.00..5.42 rows=98 width=0)
	        Index Cond: ((k >= 7743810) AND (k <= 7743910))

table 7 : explain SELECT k, c FROM sbtest7 WHERE k BETWEEN 7743810 AND 7743910
	Bitmap Heap Scan on sbtest7  (cost=5.50..417.35 rows=104 width=125)
	  Recheck Cond: ((k >= 7743810) AND (k <= 7743910))
	  ->  Bitmap Index Scan on k_7  (cost=0.00..5.47 rows=104 width=0)
	        Index Cond: ((k >= 7743810) AND (k <= 7743910))

table 8 : explain SELECT k, c FROM sbtest8 WHERE k BETWEEN 7743810 AND 7743910
	Bitmap Heap Scan on sbtest8  (cost=5.48..409.54 rows=102 width=125)
	  Recheck Cond: ((k >= 7743810) AND (k <= 7743910))
	  ->  Bitmap Index Scan on k_8  (cost=0.00..5.45 rows=102 width=0)
	        Index Cond: ((k >= 7743810) AND (k <= 7743910))

explain: for range-notcovered :: explain SELECT k, c FROM sbtest%d WHERE k BETWEEN 5503157 AND 5503257
explain: for range-notcovered :: explain SELECT k, c FROM sbtest%d WHERE k BETWEEN 3507413 AND 3507513explain: for range-notcovered :: explain SELECT k, c FROM sbtest%d WHERE k BETWEEN 6262062 AND 6262162explain: for range-notcovered :: explain SELECT k, c FROM sbtest%d WHERE k BETWEEN 6148959 AND 6149059
for range-notcovered
table 1 : explain SELECT k, c FROM sbtest1 WHERE k BETWEEN 8712676 AND 8712776
	Bitmap Heap Scan on sbtest1  (cost=5.44..393.80 rows=98 width=125)
	  Recheck Cond: ((k >= 8712676) AND (k <= 8712776))
	  ->  Bitmap Index Scan on k_1  (cost=0.00..5.42 rows=98 width=0)
	        Index Cond: ((k >= 8712676) AND (k <= 8712776))

table 2 : explain SELECT k, c FROM sbtest2 WHERE k BETWEEN 8712676 AND 8712776
	Bitmap Heap Scan on sbtest2  (cost=5.47..405.59 rows=101 width=125)
	  Recheck Cond: ((k >= 8712676) AND (k <= 8712776))
	  ->  Bitmap Index Scan on k_2  (cost=0.00..5.44 rows=101 width=0)
	        Index Cond: ((k >= 8712676) AND (k <= 8712776))

table 3 : explain SELECT k, c FROM sbtest3 WHERE k BETWEEN 8712676 AND 8712776
	Bitmap Heap Scan on sbtest3  (cost=5.50..417.37 rows=104 width=125)
	  Recheck Cond: ((k >= 8712676) AND (k <= 8712776))
	  ->  Bitmap Index Scan on k_3  (cost=0.00..5.47 rows=104 width=0)
	        Index Cond: ((k >= 8712676) AND (k <= 8712776))

table 4 : explain SELECT k, c FROM sbtest4 WHERE k BETWEEN 8712676 AND 8712776
	Bitmap Heap Scan on sbtest4  (cost=5.52..425.31 rows=106 width=125)
	  Recheck Cond: ((k >= 8712676) AND (k <= 8712776))
	  ->  Bitmap Index Scan on k_4  (cost=0.00..5.50 rows=106 width=0)
	        Index Cond: ((k >= 8712676) AND (k <= 8712776))

table 5 : explain SELECT k, c FROM sbtest5 WHERE k BETWEEN 8712676 AND 8712776
	Bitmap Heap Scan on sbtest5  (cost=5.43..389.81 rows=97 width=125)
	  Recheck Cond: ((k >= 8712676) AND (k <= 8712776))
	  ->  Bitmap Index Scan on k_5  (cost=0.00..5.40 rows=97 width=0)
	        Index Cond: ((k >= 8712676) AND (k <= 8712776))

table 6 : explain SELECT k, c FROM sbtest6 WHERE k BETWEEN 8712676 AND 8712776
	Bitmap Heap Scan on sbtest6  (cost=5.59..452.89 rows=113 width=125)
	  Recheck Cond: ((k >= 8712676) AND (k <= 8712776))
	  ->  Bitmap Index Scan on k_6  (cost=0.00..5.56 rows=113 width=0)
	        Index Cond: ((k >= 8712676) AND (k <= 8712776))

table 7 : explain SELECT k, c FROM sbtest7 WHERE k BETWEEN 8712676 AND 8712776
	Bitmap Heap Scan on sbtest7  (cost=5.49..413.41 rows=103 width=125)
	  Recheck Cond: ((k >= 8712676) AND (k <= 8712776))
	  ->  Bitmap Index Scan on k_7  (cost=0.00..5.46 rows=103 width=0)
	        Index Cond: ((k >= 8712676) AND (k <= 8712776))

table 8 : explain SELECT k, c FROM sbtest8 WHERE k BETWEEN 8712676 AND 8712776
	Bitmap Heap Scan on sbtest8  (cost=5.46..401.65 rows=100 width=125)
	  Recheck Cond: ((k >= 8712676) AND (k <= 8712776))
	  ->  Bitmap Index Scan on k_8  (cost=0.00..5.43 rows=100 width=0)
	        Index Cond: ((k >= 8712676) AND (k <= 8712776))

explain: for range-notcovered :: explain SELECT k, c FROM sbtest%d WHERE k BETWEEN 2646947 AND 2647047explain: for range-notcovered :: explain SELECT k, c FROM sbtest%d WHERE k BETWEEN 3680246 AND 3680346


explain: for range-notcovered :: explain SELECT k, c FROM sbtest%d WHERE k BETWEEN 7743810 AND 7743910
for range-notcovered
table 1 : explain SELECT k, c FROM sbtest1 WHERE k BETWEEN 6491710 AND 6491810
	Bitmap Heap Scan on sbtest1  (cost=5.42..385.90 rows=96 width=125)
	  Recheck Cond: ((k >= 6491710) AND (k <= 6491810))
	  ->  Bitmap Index Scan on k_1  (cost=0.00..5.39 rows=96 width=0)
	        Index Cond: ((k >= 6491710) AND (k <= 6491810))

table 2 : explain SELECT k, c FROM sbtest2 WHERE k BETWEEN 6491710 AND 6491810
	Bitmap Heap Scan on sbtest2  (cost=5.58..448.96 rows=112 width=125)
	  Recheck Cond: ((k >= 6491710) AND (k <= 6491810))
	  ->  Bitmap Index Scan on k_2  (cost=0.00..5.55 rows=112 width=0)
	        Index Cond: ((k >= 6491710) AND (k <= 6491810))

table 3 : explain SELECT k, c FROM sbtest3 WHERE k BETWEEN 6491710 AND 6491810
	Bitmap Heap Scan on sbtest3  (cost=5.47..405.53 rows=101 width=125)
	  Recheck Cond: ((k >= 6491710) AND (k <= 6491810))
	  ->  Bitmap Index Scan on k_3  (cost=0.00..5.44 rows=101 width=0)
	        Index Cond: ((k >= 6491710) AND (k <= 6491810))

table 4 : explain SELECT k, c FROM sbtest4 WHERE k BETWEEN 6491710 AND 6491810
	Bitmap Heap Scan on sbtest4  (cost=5.46..401.64 rows=100 width=125)
	  Recheck Cond: ((k >= 6491710) AND (k <= 6491810))
	  ->  Bitmap Index Scan on k_4  (cost=0.00..5.43 rows=100 width=0)
	        Index Cond: ((k >= 6491710) AND (k <= 6491810))

table 5 : explain SELECT k, c FROM sbtest5 WHERE k BETWEEN 6491710 AND 6491810
	Bitmap Heap Scan on sbtest5  (cost=5.39..374.02 rows=93 width=125)
	  Recheck Cond: ((k >= 6491710) AND (k <= 6491810))
	  ->  Bitmap Index Scan on k_5  (cost=0.00..5.36 rows=93 width=0)
	        Index Cond: ((k >= 6491710) AND (k <= 6491810))

table 6 : explain SELECT k, c FROM sbtest6 WHERE k BETWEEN 6491710 AND 6491810
	Bitmap Heap Scan on sbtest6  (cost=5.43..389.80 rows=97 width=125)
	  Recheck Cond: ((k >= 6491710) AND (k <= 6491810))
	  ->  Bitmap Index Scan on k_6  (cost=0.00..5.40 rows=97 width=0)
	        Index Cond: ((k >= 6491710) AND (k <= 6491810))

table 7 : explain SELECT k, c FROM sbtest7 WHERE k BETWEEN 6491710 AND 6491810
	Bitmap Heap Scan on sbtest7  (cost=5.48..409.46 rows=102 width=125)
	  Recheck Cond: ((k >= 6491710) AND (k <= 6491810))
	  ->  Bitmap Index Scan on k_7  (cost=0.00..5.45 rows=102 width=0)
	        Index Cond: ((k >= 6491710) AND (k <= 6491810))

table 8 : explain SELECT k, c FROM sbtest8 WHERE k BETWEEN 6491710 AND 6491810
	Bitmap Heap Scan on sbtest8  (cost=5.50..417.43 rows=104 width=125)
	  Recheck Cond: ((k >= 6491710) AND (k <= 6491810))
	  ->  Bitmap Index Scan on k_8  (cost=0.00..5.47 rows=104 width=0)
	        Index Cond: ((k >= 6491710) AND (k <= 6491810))

for range-notcovered
table 1 : explain SELECT k, c FROM sbtest1 WHERE k BETWEEN 4791999 AND 4792099
	Bitmap Heap Scan on sbtest1  (cost=5.50..417.47 rows=104 width=125)
	  Recheck Cond: ((k >= 4791999) AND (k <= 4792099))
	  ->  Bitmap Index Scan on k_1  (cost=0.00..5.47 rows=104 width=0)
	        Index Cond: ((k >= 4791999) AND (k <= 4792099))

table 2 : explain SELECT k, c FROM sbtest2 WHERE k BETWEEN 4791999 AND 4792099
	Bitmap Heap Scan on sbtest2  (cost=5.40..377.96 rows=94 width=125)
	  Recheck Cond: ((k >= 4791999) AND (k <= 4792099))
	  ->  Bitmap Index Scan on k_2  (cost=0.00..5.38 rows=94 width=0)
	        Index Cond: ((k >= 4791999) AND (k <= 4792099))

table 3 : explain SELECT k, c FROM sbtest3 WHERE k BETWEEN 4791999 AND 4792099
	Bitmap Heap Scan on sbtest3  (cost=5.49..413.42 rows=103 width=125)
	  Recheck Cond: ((k >= 4791999) AND (k <= 4792099))
	  ->  Bitmap Index Scan on k_3  (cost=0.00..5.46 rows=103 width=0)
	        Index Cond: ((k >= 4791999) AND (k <= 4792099))

table 4 : explain SELECT k, c FROM sbtest4 WHERE k BETWEEN 4791999 AND 4792099
	Bitmap Heap Scan on sbtest4  (cost=5.48..409.53 rows=102 width=125)
	  Recheck Cond: ((k >= 4791999) AND (k <= 4792099))
	  ->  Bitmap Index Scan on k_4  (cost=0.00..5.45 rows=102 width=0)
	        Index Cond: ((k >= 4791999) AND (k <= 4792099))

table 5 : explain SELECT k, c FROM sbtest5 WHERE k BETWEEN 4791999 AND 4792099
	Bitmap Heap Scan on sbtest5  (cost=5.36..362.17 rows=90 width=125)
	  Recheck Cond: ((k >= 4791999) AND (k <= 4792099))
	  ->  Bitmap Index Scan on k_5  (cost=0.00..5.33 rows=90 width=0)
	        Index Cond: ((k >= 4791999) AND (k <= 4792099))

table 6 : explain SELECT k, c FROM sbtest6 WHERE k BETWEEN 4791999 AND 4792099
	Bitmap Heap Scan on sbtest6  (cost=5.58..448.95 rows=112 width=125)
	  Recheck Cond: ((k >= 4791999) AND (k <= 4792099))
	  ->  Bitmap Index Scan on k_6  (cost=0.00..5.55 rows=112 width=0)
	        Index Cond: ((k >= 4791999) AND (k <= 4792099))

table 7 : explain SELECT k, c FROM sbtest7 WHERE k BETWEEN 4791999 AND 4792099
	Bitmap Heap Scan on sbtest7  (cost=5.50..417.35 rows=104 width=125)
	  Recheck Cond: ((k >= 4791999) AND (k <= 4792099))
	  ->  Bitmap Index Scan on k_7  (cost=0.00..5.47 rows=104 width=0)
	        Index Cond: ((k >= 4791999) AND (k <= 4792099))

table 8 : explain SELECT k, c FROM sbtest8 WHERE k BETWEEN 4791999 AND 4792099
	Bitmap Heap Scan on sbtest8  (cost=5.46..401.65 rows=100 width=125)
	  Recheck Cond: ((k >= 4791999) AND (k <= 4792099))
	  ->  Bitmap Index Scan on k_8  (cost=0.00..5.43 rows=100 width=0)
	        Index Cond: ((k >= 4791999) AND (k <= 4792099))


explain: for range-notcovered :: explain SELECT k, c FROM sbtest%d WHERE k BETWEEN 5813883 AND 5813983
explain: for range-notcovered :: explain SELECT k, c FROM sbtest%d WHERE k BETWEEN 7813504 AND 7813604for range-notcovered
table 1 : explain SELECT k, c FROM sbtest1 WHERE k BETWEEN 6909611 AND 6909711
	Bitmap Heap Scan on sbtest1  (cost=5.46..401.69 rows=100 width=125)
	  Recheck Cond: ((k >= 6909611) AND (k <= 6909711))
	  ->  Bitmap Index Scan on k_1  (cost=0.00..5.43 rows=100 width=0)
	        Index Cond: ((k >= 6909611) AND (k <= 6909711))

table 2 : explain SELECT k, c FROM sbtest2 WHERE k BETWEEN 6909611 AND 6909711
	Bitmap Heap Scan on sbtest2  (cost=5.52..425.31 rows=106 width=125)
	  Recheck Cond: ((k >= 6909611) AND (k <= 6909711))
	  ->  Bitmap Index Scan on k_2  (cost=0.00..5.50 rows=106 width=0)
	        Index Cond: ((k >= 6909611) AND (k <= 6909711))

table 3 : explain SELECT k, c FROM sbtest3 WHERE k BETWEEN 6909611 AND 6909711
	Bitmap Heap Scan on sbtest3  (cost=5.57..444.96 rows=111 width=125)
	  Recheck Cond: ((k >= 6909611) AND (k <= 6909711))
	  ->  Bitmap Index Scan on k_3  (cost=0.00..5.54 rows=111 width=0)
	        Index Cond: ((k >= 6909611) AND (k <= 6909711))

table 4 : explain SELECT k, c FROM sbtest4 WHERE k BETWEEN 6909611 AND 6909711
	Bitmap Heap Scan on sbtest4  (cost=5.44..393.75 rows=98 width=125)
	  Recheck Cond: ((k >= 6909611) AND (k <= 6909711))
	  ->  Bitmap Index Scan on k_4  (cost=0.00..5.42 rows=98 width=0)
	        Index Cond: ((k >= 6909611) AND (k <= 6909711))

table 5 : explain SELECT k, c FROM sbtest5 WHERE k BETWEEN 6909611 AND 6909711
	Bitmap Heap Scan on sbtest5  (cost=5.42..385.86 rows=96 width=125)
	  Recheck Cond: ((k >= 6909611) AND (k <= 6909711))
	  ->  Bitmap Index Scan on k_5  (cost=0.00..5.39 rows=96 width=0)
	        Index Cond: ((k >= 6909611) AND (k <= 6909711))

table 6 : explain SELECT k, c FROM sbtest6 WHERE k BETWEEN 6909611 AND 6909711
	Bitmap Heap Scan on sbtest6  (cost=5.42..385.85 rows=96 width=125)
	  Recheck Cond: ((k >= 6909611) AND (k <= 6909711))
	  ->  Bitmap Index Scan on k_6  (cost=0.00..5.39 rows=96 width=0)
	        Index Cond: ((k >= 6909611) AND (k <= 6909711))

table 7 : explain SELECT k, c FROM sbtest7 WHERE k BETWEEN 6909611 AND 6909711
	Bitmap Heap Scan on sbtest7  (cost=5.47..405.52 rows=101 width=125)
	  Recheck Cond: ((k >= 6909611) AND (k <= 6909711))
	  ->  Bitmap Index Scan on k_7  (cost=0.00..5.44 rows=101 width=0)
	        Index Cond: ((k >= 6909611) AND (k <= 6909711))

table 8 : explain SELECT k, c FROM sbtest8 WHERE k BETWEEN 6909611 AND 6909711
	Bitmap Heap Scan on sbtest8  (cost=5.50..417.43 rows=104 width=125)
	  Recheck Cond: ((k >= 6909611) AND (k <= 6909711))
	  ->  Bitmap Index Scan on k_8  (cost=0.00..5.47 rows=104 width=0)
	        Index Cond: ((k >= 6909611) AND (k <= 6909711))

for range-notcovered
table 1 : explain SELECT k, c FROM sbtest1 WHERE k BETWEEN 4243893 AND 4243993
	Bitmap Heap Scan on sbtest1  (cost=5.51..421.42 rows=105 width=125)
	  Recheck Cond: ((k >= 4243893) AND (k <= 4243993))
	  ->  Bitmap Index Scan on k_1  (cost=0.00..5.48 rows=105 width=0)
	        Index Cond: ((k >= 4243893) AND (k <= 4243993))

table 2 : explain SELECT k, c FROM sbtest2 WHERE k BETWEEN 4243893 AND 4243993
	Bitmap Heap Scan on sbtest2  (cost=5.57..445.02 rows=111 width=125)
	  Recheck Cond: ((k >= 4243893) AND (k <= 4243993))
	  ->  Bitmap Index Scan on k_2  (cost=0.00..5.54 rows=111 width=0)
	        Index Cond: ((k >= 4243893) AND (k <= 4243993))

table 3 : explain SELECT k, c FROM sbtest3 WHERE k BETWEEN 4243893 AND 4243993
	Bitmap Heap Scan on sbtest3  (cost=5.57..444.96 rows=111 width=125)
	  Recheck Cond: ((k >= 4243893) AND (k <= 4243993))
	  ->  Bitmap Index Scan on k_3  (cost=0.00..5.54 rows=111 width=0)
	        Index Cond: ((k >= 4243893) AND (k <= 4243993))

table 4 : explain SELECT k, c FROM sbtest4 WHERE k BETWEEN 4243893 AND 4243993
	Bitmap Heap Scan on sbtest4  (cost=5.57..445.02 rows=111 width=125)
	  Recheck Cond: ((k >= 4243893) AND (k <= 4243993))
	  ->  Bitmap Index Scan on k_4  (cost=0.00..5.54 rows=111 width=0)
	        Index Cond: ((k >= 4243893) AND (k <= 4243993))

table 5 : explain SELECT k, c FROM sbtest5 WHERE k BETWEEN 4243893 AND 4243993
	Bitmap Heap Scan on sbtest5  (cost=5.53..429.26 rows=107 width=125)
	  Recheck Cond: ((k >= 4243893) AND (k <= 4243993))
	  ->  Bitmap Index Scan on k_5  (cost=0.00..5.50 rows=107 width=0)
	        Index Cond: ((k >= 4243893) AND (k <= 4243993))

table 6 : explain SELECT k, c FROM sbtest6 WHERE k BETWEEN 4243893 AND 4243993
	Bitmap Heap Scan on sbtest6  (cost=5.42..385.85 rows=96 width=125)
	  Recheck Cond: ((k >= 4243893) AND (k <= 4243993))
	  ->  Bitmap Index Scan on k_6  (cost=0.00..5.39 rows=96 width=0)
	        Index Cond: ((k >= 4243893) AND (k <= 4243993))

table 7 : explain SELECT k, c FROM sbtest7 WHERE k BETWEEN 4243893 AND 4243993
	Bitmap Heap Scan on sbtest7  (cost=5.47..405.52 rows=101 width=125)
	  Recheck Cond: ((k >= 4243893) AND (k <= 4243993))
	  ->  Bitmap Index Scan on k_7  (cost=0.00..5.44 rows=101 width=0)
	        Index Cond: ((k >= 4243893) AND (k <= 4243993))

table 8 : explain SELECT k, c FROM sbtest8 WHERE k BETWEEN 4243893 AND 4243993
	Bitmap Heap Scan on sbtest8  (cost=5.53..429.26 rows=107 width=125)
	  Recheck Cond: ((k >= 4243893) AND (k <= 4243993))
	  ->  Bitmap Index Scan on k_8  (cost=0.00..5.50 rows=107 width=0)
	        Index Cond: ((k >= 4243893) AND (k <= 4243993))

explain: for range-notcovered :: explain SELECT k, c FROM sbtest%d WHERE k BETWEEN 6378941 AND 6379041
explain: for range-notcovered :: explain SELECT k, c FROM sbtest%d WHERE k BETWEEN 4791999 AND 4792099
explain: for range-notcovered :: explain SELECT k, c FROM sbtest%d WHERE k BETWEEN 6491710 AND 6491810for range-notcovered
table 1 : explain SELECT k, c FROM sbtest1 WHERE k BETWEEN 6789664 AND 6789764
	Bitmap Heap Scan on sbtest1  (cost=5.51..421.42 rows=105 width=125)
	  Recheck Cond: ((k >= 6789664) AND (k <= 6789764))
	  ->  Bitmap Index Scan on k_1  (cost=0.00..5.48 rows=105 width=0)
	        Index Cond: ((k >= 6789664) AND (k <= 6789764))

table 2 : explain SELECT k, c FROM sbtest2 WHERE k BETWEEN 6789664 AND 6789764
	Bitmap Heap Scan on sbtest2  (cost=5.36..362.17 rows=90 width=125)
	  Recheck Cond: ((k >= 6789664) AND (k <= 6789764))
	  ->  Bitmap Index Scan on k_2  (cost=0.00..5.33 rows=90 width=0)
	        Index Cond: ((k >= 6789664) AND (k <= 6789764))

table 3 : explain SELECT k, c FROM sbtest3 WHERE k BETWEEN 6789664 AND 6789764
	Bitmap Heap Scan on sbtest3  (cost=5.60..456.78 rows=114 width=125)
	  Recheck Cond: ((k >= 6789664) AND (k <= 6789764))
	  ->  Bitmap Index Scan on k_3  (cost=0.00..5.58 rows=114 width=0)
	        Index Cond: ((k >= 6789664) AND (k <= 6789764))

table 4 : explain SELECT k, c FROM sbtest4 WHERE k BETWEEN 6789664 AND 6789764
	Bitmap Heap Scan on sbtest4  (cost=5.46..401.64 rows=100 width=125)
	  Recheck Cond: ((k >= 6789664) AND (k <= 6789764))
	  ->  Bitmap Index Scan on k_4  (cost=0.00..5.43 rows=100 width=0)
	        Index Cond: ((k >= 6789664) AND (k <= 6789764))

table 5 : explain SELECT k, c FROM sbtest5 WHERE k BETWEEN 6789664 AND 6789764
	Bitmap Heap Scan on sbtest5  (cost=5.58..448.97 rows=112 width=125)
	  Recheck Cond: ((k >= 6789664) AND (k <= 6789764))
	  ->  Bitmap Index Scan on k_5  (cost=0.00..5.55 rows=112 width=0)
	        Index Cond: ((k >= 6789664) AND (k <= 6789764))

table 6 : explain SELECT k, c FROM sbtest6 WHERE k BETWEEN 6789664 AND 6789764
	Bitmap Heap Scan on sbtest6  (cost=5.55..437.13 rows=109 width=125)
	  Recheck Cond: ((k >= 6789664) AND (k <= 6789764))
	  ->  Bitmap Index Scan on k_6  (cost=0.00..5.52 rows=109 width=0)
	        Index Cond: ((k >= 6789664) AND (k <= 6789764))

table 7 : explain SELECT k, c FROM sbtest7 WHERE k BETWEEN 6789664 AND 6789764
	Bitmap Heap Scan on sbtest7  (cost=5.49..413.41 rows=103 width=125)
	  Recheck Cond: ((k >= 6789664) AND (k <= 6789764))
	  ->  Bitmap Index Scan on k_7  (cost=0.00..5.46 rows=103 width=0)
	        Index Cond: ((k >= 6789664) AND (k <= 6789764))

table 8 : explain SELECT k, c FROM sbtest8 WHERE k BETWEEN 6789664 AND 6789764
	Bitmap Heap Scan on sbtest8  (cost=5.56..441.09 rows=110 width=125)
	  Recheck Cond: ((k >= 6789664) AND (k <= 6789764))
	  ->  Bitmap Index Scan on k_8  (cost=0.00..5.53 rows=110 width=0)
	        Index Cond: ((k >= 6789664) AND (k <= 6789764))


explain: for range-notcovered :: explain SELECT k, c FROM sbtest%d WHERE k BETWEEN 7378895 AND 7378995for range-notcovered
table 1 : explain SELECT k, c FROM sbtest1 WHERE k BETWEEN 6927879 AND 6927979
	Bitmap Heap Scan on sbtest1  (cost=5.46..401.69 rows=100 width=125)
	  Recheck Cond: ((k >= 6927879) AND (k <= 6927979))
	  ->  Bitmap Index Scan on k_1  (cost=0.00..5.43 rows=100 width=0)
	        Index Cond: ((k >= 6927879) AND (k <= 6927979))

table 2 : explain SELECT k, c FROM sbtest2 WHERE k BETWEEN 6927879 AND 6927979
	Bitmap Heap Scan on sbtest2  (cost=5.52..425.31 rows=106 width=125)
	  Recheck Cond: ((k >= 6927879) AND (k <= 6927979))
	  ->  Bitmap Index Scan on k_2  (cost=0.00..5.50 rows=106 width=0)
	        Index Cond: ((k >= 6927879) AND (k <= 6927979))

table 3 : explain SELECT k, c FROM sbtest3 WHERE k BETWEEN 6927879 AND 6927979
	Bitmap Heap Scan on sbtest3  (cost=5.57..444.96 rows=111 width=125)
	  Recheck Cond: ((k >= 6927879) AND (k <= 6927979))
	  ->  Bitmap Index Scan on k_3  (cost=0.00..5.54 rows=111 width=0)
	        Index Cond: ((k >= 6927879) AND (k <= 6927979))

table 4 : explain SELECT k, c FROM sbtest4 WHERE k BETWEEN 6927879 AND 6927979
	Bitmap Heap Scan on sbtest4  (cost=5.44..393.75 rows=98 width=125)
	  Recheck Cond: ((k >= 6927879) AND (k <= 6927979))
	  ->  Bitmap Index Scan on k_4  (cost=0.00..5.42 rows=98 width=0)
	        Index Cond: ((k >= 6927879) AND (k <= 6927979))

table 5 : explain SELECT k, c FROM sbtest5 WHERE k BETWEEN 6927879 AND 6927979
	Bitmap Heap Scan on sbtest5  (cost=5.56..441.09 rows=110 width=125)
	  Recheck Cond: ((k >= 6927879) AND (k <= 6927979))
	  ->  Bitmap Index Scan on k_5  (cost=0.00..5.53 rows=110 width=0)
	        Index Cond: ((k >= 6927879) AND (k <= 6927979))

table 6 : explain SELECT k, c FROM sbtest6 WHERE k BETWEEN 6927879 AND 6927979
	Bitmap Heap Scan on sbtest6  (cost=5.42..385.85 rows=96 width=125)
	  Recheck Cond: ((k >= 6927879) AND (k <= 6927979))
	  ->  Bitmap Index Scan on k_6  (cost=0.00..5.39 rows=96 width=0)
	        Index Cond: ((k >= 6927879) AND (k <= 6927979))

table 7 : explain SELECT k, c FROM sbtest7 WHERE k BETWEEN 6927879 AND 6927979
	Bitmap Heap Scan on sbtest7  (cost=5.47..405.52 rows=101 width=125)
	  Recheck Cond: ((k >= 6927879) AND (k <= 6927979))
	  ->  Bitmap Index Scan on k_7  (cost=0.00..5.44 rows=101 width=0)
	        Index Cond: ((k >= 6927879) AND (k <= 6927979))

table 8 : explain SELECT k, c FROM sbtest8 WHERE k BETWEEN 6927879 AND 6927979
	Bitmap Heap Scan on sbtest8  (cost=5.50..417.43 rows=104 width=125)
	  Recheck Cond: ((k >= 6927879) AND (k <= 6927979))
	  ->  Bitmap Index Scan on k_8  (cost=0.00..5.47 rows=104 width=0)
	        Index Cond: ((k >= 6927879) AND (k <= 6927979))
explain: for range-notcovered :: explain SELECT k, c FROM sbtest%d WHERE k BETWEEN 6909611 AND 6909711explain: for range-notcovered :: explain SELECT k, c FROM sbtest%d WHERE k BETWEEN 4250238 AND 4250338for range-notcovered
table 1 : explain SELECT k, c FROM sbtest1 WHERE k BETWEEN 5006439 AND 5006539
	Bitmap Heap Scan on sbtest1  (cost=5.55..437.19 rows=109 width=125)
	  Recheck Cond: ((k >= 5006439) AND (k <= 5006539))
	  ->  Bitmap Index Scan on k_1  (cost=0.00..5.52 rows=109 width=0)
	        Index Cond: ((k >= 5006439) AND (k <= 5006539))

table 2 : explain SELECT k, c FROM sbtest2 WHERE k BETWEEN 5006439 AND 5006539
	Bitmap Heap Scan on sbtest2  (cost=5.57..445.02 rows=111 width=125)
	  Recheck Cond: ((k >= 5006439) AND (k <= 5006539))
	  ->  Bitmap Index Scan on k_2  (cost=0.00..5.54 rows=111 width=0)
	        Index Cond: ((k >= 5006439) AND (k <= 5006539))

table 3 : explain SELECT k, c FROM sbtest3 WHERE k BETWEEN 5006439 AND 5006539
	Bitmap Heap Scan on sbtest3  (cost=5.46..401.59 rows=100 width=125)
	  Recheck Cond: ((k >= 5006439) AND (k <= 5006539))
	  ->  Bitmap Index Scan on k_3  (cost=0.00..5.43 rows=100 width=0)
	        Index Cond: ((k >= 5006439) AND (k <= 5006539))

table 4 : explain SELECT k, c FROM sbtest4 WHERE k BETWEEN 5006439 AND 5006539
	Bitmap Heap Scan on sbtest4  (cost=5.47..405.59 rows=101 width=125)
	  Recheck Cond: ((k >= 5006439) AND (k <= 5006539))
	  ->  Bitmap Index Scan on k_4  (cost=0.00..5.44 rows=101 width=0)
	        Index Cond: ((k >= 5006439) AND (k <= 5006539))

table 5 : explain SELECT k, c FROM sbtest5 WHERE k BETWEEN 5006439 AND 5006539
	Bitmap Heap Scan on sbtest5  (cost=5.45..397.70 rows=99 width=125)
	  Recheck Cond: ((k >= 5006439) AND (k <= 5006539))
	  ->  Bitmap Index Scan on k_5  (cost=0.00..5.42 rows=99 width=0)
	        Index Cond: ((k >= 5006439) AND (k <= 5006539))

table 6 : explain SELECT k, c FROM sbtest6 WHERE k BETWEEN 5006439 AND 5006539
	Bitmap Heap Scan on sbtest6  (cost=5.50..417.41 rows=104 width=125)
	  Recheck Cond: ((k >= 5006439) AND (k <= 5006539))
	  ->  Bitmap Index Scan on k_6  (cost=0.00..5.47 rows=104 width=0)
	        Index Cond: ((k >= 5006439) AND (k <= 5006539))

table 7 : explain SELECT k, c FROM sbtest7 WHERE k BETWEEN 5006439 AND 5006539
	Bitmap Heap Scan on sbtest7  (cost=5.42..385.79 rows=96 width=125)
	  Recheck Cond: ((k >= 5006439) AND (k <= 5006539))
	  ->  Bitmap Index Scan on k_7  (cost=0.00..5.39 rows=96 width=0)
	        Index Cond: ((k >= 5006439) AND (k <= 5006539))

table 8 : explain SELECT k, c FROM sbtest8 WHERE k BETWEEN 5006439 AND 5006539
	Bitmap Heap Scan on sbtest8  (cost=5.39..374.02 rows=93 width=125)
	  Recheck Cond: ((k >= 5006439) AND (k <= 5006539))
	  ->  Bitmap Index Scan on k_8  (cost=0.00..5.36 rows=93 width=0)
	        Index Cond: ((k >= 5006439) AND (k <= 5006539))

for range-notcovered
table 1 : explain SELECT k, c FROM sbtest1 WHERE k BETWEEN 2158070 AND 2158170
	Bitmap Heap Scan on sbtest1  (cost=5.46..401.69 rows=100 width=125)
	  Recheck Cond: ((k >= 2158070) AND (k <= 2158170))
	  ->  Bitmap Index Scan on k_1  (cost=0.00..5.43 rows=100 width=0)
	        Index Cond: ((k >= 2158070) AND (k <= 2158170))

table 2 : explain SELECT k, c FROM sbtest2 WHERE k BETWEEN 2158070 AND 2158170
	Bitmap Heap Scan on sbtest2  (cost=5.53..429.25 rows=107 width=125)
	  Recheck Cond: ((k >= 2158070) AND (k <= 2158170))
	  ->  Bitmap Index Scan on k_2  (cost=0.00..5.50 rows=107 width=0)
	        Index Cond: ((k >= 2158070) AND (k <= 2158170))

table 3 : explain SELECT k, c FROM sbtest3 WHERE k BETWEEN 2158070 AND 2158170
	Bitmap Heap Scan on sbtest3  (cost=5.53..429.19 rows=107 width=125)
	  Recheck Cond: ((k >= 2158070) AND (k <= 2158170))
	  ->  Bitmap Index Scan on k_3  (cost=0.00..5.50 rows=107 width=0)
	        Index Cond: ((k >= 2158070) AND (k <= 2158170))

table 4 : explain SELECT k, c FROM sbtest4 WHERE k BETWEEN 2158070 AND 2158170
	Bitmap Heap Scan on sbtest4  (cost=5.51..421.36 rows=105 width=125)
	  Recheck Cond: ((k >= 2158070) AND (k <= 2158170))
	  ->  Bitmap Index Scan on k_4  (cost=0.00..5.48 rows=105 width=0)
	        Index Cond: ((k >= 2158070) AND (k <= 2158170))

table 5 : explain SELECT k, c FROM sbtest5 WHERE k BETWEEN 2158070 AND 2158170
	Bitmap Heap Scan on sbtest5  (cost=5.45..397.70 rows=99 width=125)
	  Recheck Cond: ((k >= 2158070) AND (k <= 2158170))
	  ->  Bitmap Index Scan on k_5  (cost=0.00..5.42 rows=99 width=0)
	        Index Cond: ((k >= 2158070) AND (k <= 2158170))

table 6 : explain SELECT k, c FROM sbtest6 WHERE k BETWEEN 2158070 AND 2158170
	Bitmap Heap Scan on sbtest6  (cost=5.45..397.69 rows=99 width=125)
	  Recheck Cond: ((k >= 2158070) AND (k <= 2158170))
	  ->  Bitmap Index Scan on k_6  (cost=0.00..5.42 rows=99 width=0)
	        Index Cond: ((k >= 2158070) AND (k <= 2158170))

table 7 : explain SELECT k, c FROM sbtest7 WHERE k BETWEEN 2158070 AND 2158170
	Bitmap Heap Scan on sbtest7  (cost=5.45..397.63 rows=99 width=125)
	  Recheck Cond: ((k >= 2158070) AND (k <= 2158170))
	  ->  Bitmap Index Scan on k_7  (cost=0.00..5.42 rows=99 width=0)
	        Index Cond: ((k >= 2158070) AND (k <= 2158170))

table 8 : explain SELECT k, c FROM sbtest8 WHERE k BETWEEN 2158070 AND 2158170
	Bitmap Heap Scan on sbtest8  (cost=5.52..425.32 rows=106 width=125)
	  Recheck Cond: ((k >= 2158070) AND (k <= 2158170))
	  ->  Bitmap Index Scan on k_8  (cost=0.00..5.50 rows=106 width=0)
	        Index Cond: ((k >= 2158070) AND (k <= 2158170))

explain: for range-notcovered :: explain SELECT k, c FROM sbtest%d WHERE k BETWEEN 6789664 AND 6789764
explain: for range-notcovered :: explain SELECT k, c FROM sbtest%d WHERE k BETWEEN 8712676 AND 8712776

explain: for range-notcovered :: explain SELECT k, c FROM sbtest%d WHERE k BETWEEN 7216687 AND 7216787for range-notcovered
table 1 : explain SELECT k, c FROM sbtest1 WHERE k BETWEEN 7179680 AND 7179780
	Bitmap Heap Scan on sbtest1  (cost=5.38..370.11 rows=92 width=125)
	  Recheck Cond: ((k >= 7179680) AND (k <= 7179780))
	  ->  Bitmap Index Scan on k_1  (cost=0.00..5.35 rows=92 width=0)
	        Index Cond: ((k >= 7179680) AND (k <= 7179780))

table 2 : explain SELECT k, c FROM sbtest2 WHERE k BETWEEN 7179680 AND 7179780
	Bitmap Heap Scan on sbtest2  (cost=5.48..409.53 rows=102 width=125)
	  Recheck Cond: ((k >= 7179680) AND (k <= 7179780))
	  ->  Bitmap Index Scan on k_2  (cost=0.00..5.45 rows=102 width=0)
	        Index Cond: ((k >= 7179680) AND (k <= 7179780))

table 3 : explain SELECT k, c FROM sbtest3 WHERE k BETWEEN 7179680 AND 7179780
	Bitmap Heap Scan on sbtest3  (cost=5.47..405.53 rows=101 width=125)
	  Recheck Cond: ((k >= 7179680) AND (k <= 7179780))
	  ->  Bitmap Index Scan on k_3  (cost=0.00..5.44 rows=101 width=0)
	        Index Cond: ((k >= 7179680) AND (k <= 7179780))

table 4 : explain SELECT k, c FROM sbtest4 WHERE k BETWEEN 7179680 AND 7179780
	Bitmap Heap Scan on sbtest4  (cost=5.53..429.25 rows=107 width=125)
	  Recheck Cond: ((k >= 7179680) AND (k <= 7179780))
	  ->  Bitmap Index Scan on k_4  (cost=0.00..5.50 rows=107 width=0)
	        Index Cond: ((k >= 7179680) AND (k <= 7179780))

table 5 : explain SELECT k, c FROM sbtest5 WHERE k BETWEEN 7179680 AND 7179780
	Bitmap Heap Scan on sbtest5  (cost=5.43..389.81 rows=97 width=125)
	  Recheck Cond: ((k >= 7179680) AND (k <= 7179780))
	  ->  Bitmap Index Scan on k_5  (cost=0.00..5.40 rows=97 width=0)
	        Index Cond: ((k >= 7179680) AND (k <= 7179780))

table 6 : explain SELECT k, c FROM sbtest6 WHERE k BETWEEN 7179680 AND 7179780
	Bitmap Heap Scan on sbtest6  (cost=5.45..397.69 rows=99 width=125)
	  Recheck Cond: ((k >= 7179680) AND (k <= 7179780))
	  ->  Bitmap Index Scan on k_6  (cost=0.00..5.42 rows=99 width=0)
	        Index Cond: ((k >= 7179680) AND (k <= 7179780))

table 7 : explain SELECT k, c FROM sbtest7 WHERE k BETWEEN 7179680 AND 7179780
	Bitmap Heap Scan on sbtest7  (cost=5.43..389.74 rows=97 width=125)
	  Recheck Cond: ((k >= 7179680) AND (k <= 7179780))
	  ->  Bitmap Index Scan on k_7  (cost=0.00..5.40 rows=97 width=0)
	        Index Cond: ((k >= 7179680) AND (k <= 7179780))

table 8 : explain SELECT k, c FROM sbtest8 WHERE k BETWEEN 7179680 AND 7179780
	Bitmap Heap Scan on sbtest8  (cost=5.50..417.43 rows=104 width=125)
	  Recheck Cond: ((k >= 7179680) AND (k <= 7179780))
	  ->  Bitmap Index Scan on k_8  (cost=0.00..5.47 rows=104 width=0)
	        Index Cond: ((k >= 7179680) AND (k <= 7179780))

for range-notcovered
table 1 : explain SELECT k, c FROM sbtest1 WHERE k BETWEEN 2658640 AND 2658740
	Bitmap Heap Scan on sbtest1  (cost=5.61..460.84 rows=115 width=125)
	  Recheck Cond: ((k >= 2658640) AND (k <= 2658740))
	  ->  Bitmap Index Scan on k_1  (cost=0.00..5.58 rows=115 width=0)
	        Index Cond: ((k >= 2658640) AND (k <= 2658740))

table 2 : explain SELECT k, c FROM sbtest2 WHERE k BETWEEN 2658640 AND 2658740
	Bitmap Heap Scan on sbtest2  (cost=5.45..397.70 rows=99 width=125)
	  Recheck Cond: ((k >= 2658640) AND (k <= 2658740))
	  ->  Bitmap Index Scan on k_2  (cost=0.00..5.42 rows=99 width=0)
	        Index Cond: ((k >= 2658640) AND (k <= 2658740))

table 3 : explain SELECT k, c FROM sbtest3 WHERE k BETWEEN 2658640 AND 2658740
	Bitmap Heap Scan on sbtest3  (cost=5.55..437.08 rows=109 width=125)
	  Recheck Cond: ((k >= 2658640) AND (k <= 2658740))
	  ->  Bitmap Index Scan on k_3  (cost=0.00..5.52 rows=109 width=0)
	        Index Cond: ((k >= 2658640) AND (k <= 2658740))

table 4 : explain SELECT k, c FROM sbtest4 WHERE k BETWEEN 2658640 AND 2658740
	Bitmap Heap Scan on sbtest4  (cost=5.45..397.70 rows=99 width=125)
	  Recheck Cond: ((k >= 2658640) AND (k <= 2658740))
	  ->  Bitmap Index Scan on k_4  (cost=0.00..5.42 rows=99 width=0)
	        Index Cond: ((k >= 2658640) AND (k <= 2658740))

table 5 : explain SELECT k, c FROM sbtest5 WHERE k BETWEEN 2658640 AND 2658740
	Bitmap Heap Scan on sbtest5  (cost=5.38..370.07 rows=92 width=125)
	  Recheck Cond: ((k >= 2658640) AND (k <= 2658740))
	  ->  Bitmap Index Scan on k_5  (cost=0.00..5.35 rows=92 width=0)
	        Index Cond: ((k >= 2658640) AND (k <= 2658740))

table 6 : explain SELECT k, c FROM sbtest6 WHERE k BETWEEN 2658640 AND 2658740
	Bitmap Heap Scan on sbtest6  (cost=5.46..401.63 rows=100 width=125)
	  Recheck Cond: ((k >= 2658640) AND (k <= 2658740))
	  ->  Bitmap Index Scan on k_6  (cost=0.00..5.43 rows=100 width=0)
	        Index Cond: ((k >= 2658640) AND (k <= 2658740))

table 7 : explain SELECT k, c FROM sbtest7 WHERE k BETWEEN 2658640 AND 2658740
	Bitmap Heap Scan on sbtest7  (cost=5.49..413.41 rows=103 width=125)
	  Recheck Cond: ((k >= 2658640) AND (k <= 2658740))
	  ->  Bitmap Index Scan on k_7  (cost=0.00..5.46 rows=103 width=0)
	        Index Cond: ((k >= 2658640) AND (k <= 2658740))

table 8 : explain SELECT k, c FROM sbtest8 WHERE k BETWEEN 2658640 AND 2658740
	Bitmap Heap Scan on sbtest8  (cost=5.47..405.60 rows=101 width=125)
	  Recheck Cond: ((k >= 2658640) AND (k <= 2658740))
	  ->  Bitmap Index Scan on k_8  (cost=0.00..5.44 rows=101 width=0)
	        Index Cond: ((k >= 2658640) AND (k <= 2658740))
explain: for range-notcovered :: explain SELECT k, c FROM sbtest%d WHERE k BETWEEN 5006439 AND 5006539explain: for range-notcovered :: explain SELECT k, c FROM sbtest%d WHERE k BETWEEN 7372991 AND 7373091

explain: for range-notcovered :: explain SELECT k, c FROM sbtest%d WHERE k BETWEEN 2158070 AND 2158170
explain: for range-notcovered :: explain SELECT k, c FROM sbtest%d WHERE k BETWEEN 7841640 AND 7841740
explain: for range-notcovered :: explain SELECT k, c FROM sbtest%d WHERE k BETWEEN 7179680 AND 7179780
for range-notcovered
table 1 : explain SELECT k, c FROM sbtest1 WHERE k BETWEEN 4981137 AND 4981237
	Bitmap Heap Scan on sbtest1  (cost=5.43..389.85 rows=97 width=125)
	  Recheck Cond: ((k >= 4981137) AND (k <= 4981237))
	  ->  Bitmap Index Scan on k_1  (cost=0.00..5.40 rows=97 width=0)
	        Index Cond: ((k >= 4981137) AND (k <= 4981237))

table 2 : explain SELECT k, c FROM sbtest2 WHERE k BETWEEN 4981137 AND 4981237
	Bitmap Heap Scan on sbtest2  (cost=5.57..445.02 rows=111 width=125)
	  Recheck Cond: ((k >= 4981137) AND (k <= 4981237))
	  ->  Bitmap Index Scan on k_2  (cost=0.00..5.54 rows=111 width=0)
	        Index Cond: ((k >= 4981137) AND (k <= 4981237))

table 3 : explain SELECT k, c FROM sbtest3 WHERE k BETWEEN 4981137 AND 4981237
	Bitmap Heap Scan on sbtest3  (cost=5.46..401.59 rows=100 width=125)
	  Recheck Cond: ((k >= 4981137) AND (k <= 4981237))
	  ->  Bitmap Index Scan on k_3  (cost=0.00..5.43 rows=100 width=0)
	        Index Cond: ((k >= 4981137) AND (k <= 4981237))

table 4 : explain SELECT k, c FROM sbtest4 WHERE k BETWEEN 4981137 AND 4981237
	Bitmap Heap Scan on sbtest4  (cost=5.48..409.53 rows=102 width=125)
	  Recheck Cond: ((k >= 4981137) AND (k <= 4981237))
	  ->  Bitmap Index Scan on k_4  (cost=0.00..5.45 rows=102 width=0)
	        Index Cond: ((k >= 4981137) AND (k <= 4981237))

table 5 : explain SELECT k, c FROM sbtest5 WHERE k BETWEEN 4981137 AND 4981237
	Bitmap Heap Scan on sbtest5  (cost=5.45..397.70 rows=99 width=125)
	  Recheck Cond: ((k >= 4981137) AND (k <= 4981237))
	  ->  Bitmap Index Scan on k_5  (cost=0.00..5.42 rows=99 width=0)
	        Index Cond: ((k >= 4981137) AND (k <= 4981237))

table 6 : explain SELECT k, c FROM sbtest6 WHERE k BETWEEN 4981137 AND 4981237
	Bitmap Heap Scan on sbtest6  (cost=5.49..413.47 rows=103 width=125)
	  Recheck Cond: ((k >= 4981137) AND (k <= 4981237))
	  ->  Bitmap Index Scan on k_6  (cost=0.00..5.46 rows=103 width=0)
	        Index Cond: ((k >= 4981137) AND (k <= 4981237))

table 7 : explain SELECT k, c FROM sbtest7 WHERE k BETWEEN 4981137 AND 4981237
	Bitmap Heap Scan on sbtest7  (cost=5.42..385.79 rows=96 width=125)
	  Recheck Cond: ((k >= 4981137) AND (k <= 4981237))
	  ->  Bitmap Index Scan on k_7  (cost=0.00..5.39 rows=96 width=0)
	        Index Cond: ((k >= 4981137) AND (k <= 4981237))

table 8 : explain SELECT k, c FROM sbtest8 WHERE k BETWEEN 4981137 AND 4981237
	Bitmap Heap Scan on sbtest8  (cost=5.39..374.02 rows=93 width=125)
	  Recheck Cond: ((k >= 4981137) AND (k <= 4981237))
	  ->  Bitmap Index Scan on k_8  (cost=0.00..5.36 rows=93 width=0)
	        Index Cond: ((k >= 4981137) AND (k <= 4981237))

for range-notcovered
table 1 : explain SELECT k, c FROM sbtest1 WHERE k BETWEEN 1934489 AND 1934589
	Bitmap Heap Scan on sbtest1  (cost=5.39..374.06 rows=93 width=125)
	  Recheck Cond: ((k >= 1934489) AND (k <= 1934589))
	  ->  Bitmap Index Scan on k_1  (cost=0.00..5.36 rows=93 width=0)
	        Index Cond: ((k >= 1934489) AND (k <= 1934589))

table 2 : explain SELECT k, c FROM sbtest2 WHERE k BETWEEN 1934489 AND 1934589
	Bitmap Heap Scan on sbtest2  (cost=5.55..437.14 rows=109 width=125)
	  Recheck Cond: ((k >= 1934489) AND (k <= 1934589))
	  ->  Bitmap Index Scan on k_2  (cost=0.00..5.52 rows=109 width=0)
	        Index Cond: ((k >= 1934489) AND (k <= 1934589))

table 3 : explain SELECT k, c FROM sbtest3 WHERE k BETWEEN 1934489 AND 1934589
	Bitmap Heap Scan on sbtest3  (cost=5.50..417.37 rows=104 width=125)
	  Recheck Cond: ((k >= 1934489) AND (k <= 1934589))
	  ->  Bitmap Index Scan on k_3  (cost=0.00..5.47 rows=104 width=0)
	        Index Cond: ((k >= 1934489) AND (k <= 1934589))

table 4 : explain SELECT k, c FROM sbtest4 WHERE k BETWEEN 1934489 AND 1934589
	Bitmap Heap Scan on sbtest4  (cost=5.38..370.06 rows=92 width=125)
	  Recheck Cond: ((k >= 1934489) AND (k <= 1934589))
	  ->  Bitmap Index Scan on k_4  (cost=0.00..5.35 rows=92 width=0)
	        Index Cond: ((k >= 1934489) AND (k <= 1934589))

table 5 : explain SELECT k, c FROM sbtest5 WHERE k BETWEEN 1934489 AND 1934589
	Bitmap Heap Scan on sbtest5  (cost=5.52..425.32 rows=106 width=125)
	  Recheck Cond: ((k >= 1934489) AND (k <= 1934589))
	  ->  Bitmap Index Scan on k_5  (cost=0.00..5.50 rows=106 width=0)
	        Index Cond: ((k >= 1934489) AND (k <= 1934589))

table 6 : explain SELECT k, c FROM sbtest6 WHERE k BETWEEN 1934489 AND 1934589
	Bitmap Heap Scan on sbtest6  (cost=5.49..413.47 rows=103 width=125)
	  Recheck Cond: ((k >= 1934489) AND (k <= 1934589))
	  ->  Bitmap Index Scan on k_6  (cost=0.00..5.46 rows=103 width=0)
	        Index Cond: ((k >= 1934489) AND (k <= 1934589))

table 7 : explain SELECT k, c FROM sbtest7 WHERE k BETWEEN 1934489 AND 1934589
	Bitmap Heap Scan on sbtest7  (cost=5.55..437.06 rows=109 width=125)
	  Recheck Cond: ((k >= 1934489) AND (k <= 1934589))
	  ->  Bitmap Index Scan on k_7  (cost=0.00..5.52 rows=109 width=0)
	        Index Cond: ((k >= 1934489) AND (k <= 1934589))

table 8 : explain SELECT k, c FROM sbtest8 WHERE k BETWEEN 1934489 AND 1934589
	Bitmap Heap Scan on sbtest8  (cost=5.51..421.37 rows=105 width=125)
	  Recheck Cond: ((k >= 1934489) AND (k <= 1934589))
	  ->  Bitmap Index Scan on k_8  (cost=0.00..5.48 rows=105 width=0)
	        Index Cond: ((k >= 1934489) AND (k <= 1934589))




for range-notcovered
table 1 : explain SELECT k, c FROM sbtest1 WHERE k BETWEEN 2327787 AND 2327887
	Bitmap Heap Scan on sbtest1  (cost=5.37..366.16 rows=91 width=125)
	  Recheck Cond: ((k >= 2327787) AND (k <= 2327887))
	  ->  Bitmap Index Scan on k_1  (cost=0.00..5.34 rows=91 width=0)
	        Index Cond: ((k >= 2327787) AND (k <= 2327887))

table 2 : explain SELECT k, c FROM sbtest2 WHERE k BETWEEN 2327787 AND 2327887
	Bitmap Heap Scan on sbtest2  (cost=5.44..393.75 rows=98 width=125)
	  Recheck Cond: ((k >= 2327787) AND (k <= 2327887))
	  ->  Bitmap Index Scan on k_2  (cost=0.00..5.42 rows=98 width=0)
	        Index Cond: ((k >= 2327787) AND (k <= 2327887))

table 3 : explain SELECT k, c FROM sbtest3 WHERE k BETWEEN 2327787 AND 2327887
	Bitmap Heap Scan on sbtest3  (cost=5.57..444.96 rows=111 width=125)
	  Recheck Cond: ((k >= 2327787) AND (k <= 2327887))
	  ->  Bitmap Index Scan on k_3  (cost=0.00..5.54 rows=111 width=0)
	        Index Cond: ((k >= 2327787) AND (k <= 2327887))

table 4 : explain SELECT k, c FROM sbtest4 WHERE k BETWEEN 2327787 AND 2327887
	Bitmap Heap Scan on sbtest4  (cost=5.58..448.96 rows=112 width=125)
	  Recheck Cond: ((k >= 2327787) AND (k <= 2327887))
	  ->  Bitmap Index Scan on k_4  (cost=0.00..5.55 rows=112 width=0)
	        Index Cond: ((k >= 2327787) AND (k <= 2327887))

table 5 : explain SELECT k, c FROM sbtest5 WHERE k BETWEEN 2327787 AND 2327887
	Bitmap Heap Scan on sbtest5  (cost=5.52..425.32 rows=106 width=125)
	  Recheck Cond: ((k >= 2327787) AND (k <= 2327887))
	  ->  Bitmap Index Scan on k_5  (cost=0.00..5.50 rows=106 width=0)
	        Index Cond: ((k >= 2327787) AND (k <= 2327887))

table 6 : explain SELECT k, c FROM sbtest6 WHERE k BETWEEN 2327787 AND 2327887
	Bitmap Heap Scan on sbtest6  (cost=5.38..370.06 rows=92 width=125)
	  Recheck Cond: ((k >= 2327787) AND (k <= 2327887))
	  ->  Bitmap Index Scan on k_6  (cost=0.00..5.35 rows=92 width=0)
	        Index Cond: ((k >= 2327787) AND (k <= 2327887))

table 7 : explain SELECT k, c FROM sbtest7 WHERE k BETWEEN 2327787 AND 2327887
	Bitmap Heap Scan on sbtest7  (cost=5.45..397.63 rows=99 width=125)
	  Recheck Cond: ((k >= 2327787) AND (k <= 2327887))
	  ->  Bitmap Index Scan on k_7  (cost=0.00..5.42 rows=99 width=0)
	        Index Cond: ((k >= 2327787) AND (k <= 2327887))

table 8 : explain SELECT k, c FROM sbtest8 WHERE k BETWEEN 2327787 AND 2327887
	Bitmap Heap Scan on sbtest8  (cost=5.55..437.14 rows=109 width=125)
	  Recheck Cond: ((k >= 2327787) AND (k <= 2327887))
	  ->  Bitmap Index Scan on k_8  (cost=0.00..5.52 rows=109 width=0)
	        Index Cond: ((k >= 2327787) AND (k <= 2327887))

explain: for range-notcovered :: explain SELECT k, c FROM sbtest%d WHERE k BETWEEN 4243893 AND 4243993

explain: for range-notcovered :: explain SELECT k, c FROM sbtest%d WHERE k BETWEEN 4981137 AND 4981237

for range-notcovered
table 1 : explain SELECT k, c FROM sbtest1 WHERE k BETWEEN 6568066 AND 6568166
	Bitmap Heap Scan on sbtest1  (cost=5.42..385.90 rows=96 width=125)
	  Recheck Cond: ((k >= 6568066) AND (k <= 6568166))
	  ->  Bitmap Index Scan on k_1  (cost=0.00..5.39 rows=96 width=0)
	        Index Cond: ((k >= 6568066) AND (k <= 6568166))

table 2 : explain SELECT k, c FROM sbtest2 WHERE k BETWEEN 6568066 AND 6568166
	Bitmap Heap Scan on sbtest2  (cost=5.58..448.96 rows=112 width=125)
	  Recheck Cond: ((k >= 6568066) AND (k <= 6568166))
	  ->  Bitmap Index Scan on k_2  (cost=0.00..5.55 rows=112 width=0)
	        Index Cond: ((k >= 6568066) AND (k <= 6568166))

table 3 : explain SELECT k, c FROM sbtest3 WHERE k BETWEEN 6568066 AND 6568166
	Bitmap Heap Scan on sbtest3  (cost=5.47..405.53 rows=101 width=125)
	  Recheck Cond: ((k >= 6568066) AND (k <= 6568166))
	  ->  Bitmap Index Scan on k_3  (cost=0.00..5.44 rows=101 width=0)
	        Index Cond: ((k >= 6568066) AND (k <= 6568166))

table 4 : explain SELECT k, c FROM sbtest4 WHERE k BETWEEN 6568066 AND 6568166
	Bitmap Heap Scan on sbtest4  (cost=5.59..452.90 rows=113 width=125)
	  Recheck Cond: ((k >= 6568066) AND (k <= 6568166))
	  ->  Bitmap Index Scan on k_4  (cost=0.00..5.56 rows=113 width=0)
	        Index Cond: ((k >= 6568066) AND (k <= 6568166))

table 5 : explain SELECT k, c FROM sbtest5 WHERE k BETWEEN 6568066 AND 6568166
	Bitmap Heap Scan on sbtest5  (cost=5.45..397.70 rows=99 width=125)
	  Recheck Cond: ((k >= 6568066) AND (k <= 6568166))
	  ->  Bitmap Index Scan on k_5  (cost=0.00..5.42 rows=99 width=0)
	        Index Cond: ((k >= 6568066) AND (k <= 6568166))

table 6 : explain SELECT k, c FROM sbtest6 WHERE k BETWEEN 6568066 AND 6568166
	Bitmap Heap Scan on sbtest6  (cost=5.42..385.85 rows=96 width=125)
	  Recheck Cond: ((k >= 6568066) AND (k <= 6568166))
	  ->  Bitmap Index Scan on k_6  (cost=0.00..5.39 rows=96 width=0)
	        Index Cond: ((k >= 6568066) AND (k <= 6568166))

table 7 : explain SELECT k, c FROM sbtest7 WHERE k BETWEEN 6568066 AND 6568166
	Bitmap Heap Scan on sbtest7  (cost=5.48..409.46 rows=102 width=125)
	  Recheck Cond: ((k >= 6568066) AND (k <= 6568166))
	  ->  Bitmap Index Scan on k_7  (cost=0.00..5.45 rows=102 width=0)
	        Index Cond: ((k >= 6568066) AND (k <= 6568166))

table 8 : explain SELECT k, c FROM sbtest8 WHERE k BETWEEN 6568066 AND 6568166
	Bitmap Heap Scan on sbtest8  (cost=5.49..413.49 rows=103 width=125)
	  Recheck Cond: ((k >= 6568066) AND (k <= 6568166))
	  ->  Bitmap Index Scan on k_8  (cost=0.00..5.46 rows=103 width=0)
	        Index Cond: ((k >= 6568066) AND (k <= 6568166))


explain: for range-notcovered :: explain SELECT k, c FROM sbtest%d WHERE k BETWEEN 2327787 AND 2327887



explain: for range-notcovered :: explain SELECT k, c FROM sbtest%d WHERE k BETWEEN 6568066 AND 6568166
explain: for range-notcovered :: explain SELECT k, c FROM sbtest%d WHERE k BETWEEN 5443553 AND 5443653
for range-notcovered
table 1 : explain SELECT k, c FROM sbtest1 WHERE k BETWEEN 8510416 AND 8510516
	Bitmap Heap Scan on sbtest1  (cost=5.49..413.53 rows=103 width=125)
	  Recheck Cond: ((k >= 8510416) AND (k <= 8510516))
	  ->  Bitmap Index Scan on k_1  (cost=0.00..5.46 rows=103 width=0)
	        Index Cond: ((k >= 8510416) AND (k <= 8510516))

table 2 : explain SELECT k, c FROM sbtest2 WHERE k BETWEEN 8510416 AND 8510516
	Bitmap Heap Scan on sbtest2  (cost=5.49..413.48 rows=103 width=125)
	  Recheck Cond: ((k >= 8510416) AND (k <= 8510516))
	  ->  Bitmap Index Scan on k_2  (cost=0.00..5.46 rows=103 width=0)
	        Index Cond: ((k >= 8510416) AND (k <= 8510516))

table 3 : explain SELECT k, c FROM sbtest3 WHERE k BETWEEN 8510416 AND 8510516
	Bitmap Heap Scan on sbtest3  (cost=5.40..377.91 rows=94 width=125)
	  Recheck Cond: ((k >= 8510416) AND (k <= 8510516))
	  ->  Bitmap Index Scan on k_3  (cost=0.00..5.38 rows=94 width=0)
	        Index Cond: ((k >= 8510416) AND (k <= 8510516))

table 4 : explain SELECT k, c FROM sbtest4 WHERE k BETWEEN 8510416 AND 8510516
	Bitmap Heap Scan on sbtest4  (cost=5.55..437.13 rows=109 width=125)
	  Recheck Cond: ((k >= 8510416) AND (k <= 8510516))
	  ->  Bitmap Index Scan on k_4  (cost=0.00..5.52 rows=109 width=0)
	        Index Cond: ((k >= 8510416) AND (k <= 8510516))

table 5 : explain SELECT k, c FROM sbtest5 WHERE k BETWEEN 8510416 AND 8510516
	Bitmap Heap Scan on sbtest5  (cost=5.53..429.26 rows=107 width=125)
	  Recheck Cond: ((k >= 8510416) AND (k <= 8510516))
	  ->  Bitmap Index Scan on k_5  (cost=0.00..5.50 rows=107 width=0)
	        Index Cond: ((k >= 8510416) AND (k <= 8510516))

table 6 : explain SELECT k, c FROM sbtest6 WHERE k BETWEEN 8510416 AND 8510516
	Bitmap Heap Scan on sbtest6  (cost=5.45..397.69 rows=99 width=125)
	  Recheck Cond: ((k >= 8510416) AND (k <= 8510516))
	  ->  Bitmap Index Scan on k_6  (cost=0.00..5.42 rows=99 width=0)
	        Index Cond: ((k >= 8510416) AND (k <= 8510516))

table 7 : explain SELECT k, c FROM sbtest7 WHERE k BETWEEN 8510416 AND 8510516
	Bitmap Heap Scan on sbtest7  (cost=5.46..401.57 rows=100 width=125)
	  Recheck Cond: ((k >= 8510416) AND (k <= 8510516))
	  ->  Bitmap Index Scan on k_7  (cost=0.00..5.43 rows=100 width=0)
	        Index Cond: ((k >= 8510416) AND (k <= 8510516))

table 8 : explain SELECT k, c FROM sbtest8 WHERE k BETWEEN 8510416 AND 8510516
	Bitmap Heap Scan on sbtest8  (cost=5.47..405.60 rows=101 width=125)
	  Recheck Cond: ((k >= 8510416) AND (k <= 8510516))
	  ->  Bitmap Index Scan on k_8  (cost=0.00..5.44 rows=101 width=0)
	        Index Cond: ((k >= 8510416) AND (k <= 8510516))


for range-notcovered
table 1 : explain SELECT k, c FROM sbtest1 WHERE k BETWEEN 6814436 AND 6814536
	Bitmap Heap Scan on sbtest1  (cost=5.51..421.42 rows=105 width=125)
	  Recheck Cond: ((k >= 6814436) AND (k <= 6814536))
	  ->  Bitmap Index Scan on k_1  (cost=0.00..5.48 rows=105 width=0)
	        Index Cond: ((k >= 6814436) AND (k <= 6814536))

table 2 : explain SELECT k, c FROM sbtest2 WHERE k BETWEEN 6814436 AND 6814536
	Bitmap Heap Scan on sbtest2  (cost=5.36..362.17 rows=90 width=125)
	  Recheck Cond: ((k >= 6814436) AND (k <= 6814536))
	  ->  Bitmap Index Scan on k_2  (cost=0.00..5.33 rows=90 width=0)
	        Index Cond: ((k >= 6814436) AND (k <= 6814536))

table 3 : explain SELECT k, c FROM sbtest3 WHERE k BETWEEN 6814436 AND 6814536
	Bitmap Heap Scan on sbtest3  (cost=5.60..456.78 rows=114 width=125)
	  Recheck Cond: ((k >= 6814436) AND (k <= 6814536))
	  ->  Bitmap Index Scan on k_3  (cost=0.00..5.58 rows=114 width=0)
	        Index Cond: ((k >= 6814436) AND (k <= 6814536))

table 4 : explain SELECT k, c FROM sbtest4 WHERE k BETWEEN 6814436 AND 6814536
	Bitmap Heap Scan on sbtest4  (cost=5.46..401.64 rows=100 width=125)
	  Recheck Cond: ((k >= 6814436) AND (k <= 6814536))
	  ->  Bitmap Index Scan on k_4  (cost=0.00..5.43 rows=100 width=0)
	        Index Cond: ((k >= 6814436) AND (k <= 6814536))

table 5 : explain SELECT k, c FROM sbtest5 WHERE k BETWEEN 6814436 AND 6814536
	Bitmap Heap Scan on sbtest5  (cost=5.42..385.86 rows=96 width=125)
	  Recheck Cond: ((k >= 6814436) AND (k <= 6814536))
	  ->  Bitmap Index Scan on k_5  (cost=0.00..5.39 rows=96 width=0)
	        Index Cond: ((k >= 6814436) AND (k <= 6814536))

table 6 : explain SELECT k, c FROM sbtest6 WHERE k BETWEEN 6814436 AND 6814536
	Bitmap Heap Scan on sbtest6  (cost=5.55..437.13 rows=109 width=125)
	  Recheck Cond: ((k >= 6814436) AND (k <= 6814536))
	  ->  Bitmap Index Scan on k_6  (cost=0.00..5.52 rows=109 width=0)
	        Index Cond: ((k >= 6814436) AND (k <= 6814536))

table 7 : explain SELECT k, c FROM sbtest7 WHERE k BETWEEN 6814436 AND 6814536
	Bitmap Heap Scan on sbtest7  (cost=5.49..413.41 rows=103 width=125)
	  Recheck Cond: ((k >= 6814436) AND (k <= 6814536))
	  ->  Bitmap Index Scan on k_7  (cost=0.00..5.46 rows=103 width=0)
	        Index Cond: ((k >= 6814436) AND (k <= 6814536))

table 8 : explain SELECT k, c FROM sbtest8 WHERE k BETWEEN 6814436 AND 6814536
	Bitmap Heap Scan on sbtest8  (cost=5.47..405.60 rows=101 width=125)
	  Recheck Cond: ((k >= 6814436) AND (k <= 6814536))
	  ->  Bitmap Index Scan on k_8  (cost=0.00..5.44 rows=101 width=0)
	        Index Cond: ((k >= 6814436) AND (k <= 6814536))

explain: for range-notcovered :: explain SELECT k, c FROM sbtest%d WHERE k BETWEEN 1934489 AND 1934589

explain: for range-notcovered :: explain SELECT k, c FROM sbtest%d WHERE k BETWEEN 8510416 AND 8510516for range-notcovered
table 1 : explain SELECT k, c FROM sbtest1 WHERE k BETWEEN 6676821 AND 6676921
	Bitmap Heap Scan on sbtest1  (cost=5.44..393.80 rows=98 width=125)
	  Recheck Cond: ((k >= 6676821) AND (k <= 6676921))
	  ->  Bitmap Index Scan on k_1  (cost=0.00..5.42 rows=98 width=0)
	        Index Cond: ((k >= 6676821) AND (k <= 6676921))

table 2 : explain SELECT k, c FROM sbtest2 WHERE k BETWEEN 6676821 AND 6676921
	Bitmap Heap Scan on sbtest2  (cost=5.45..397.70 rows=99 width=125)
	  Recheck Cond: ((k >= 6676821) AND (k <= 6676921))
	  ->  Bitmap Index Scan on k_2  (cost=0.00..5.42 rows=99 width=0)
	        Index Cond: ((k >= 6676821) AND (k <= 6676921))

table 3 : explain SELECT k, c FROM sbtest3 WHERE k BETWEEN 6676821 AND 6676921
	Bitmap Heap Scan on sbtest3  (cost=5.50..417.37 rows=104 width=125)
	  Recheck Cond: ((k >= 6676821) AND (k <= 6676921))
	  ->  Bitmap Index Scan on k_3  (cost=0.00..5.47 rows=104 width=0)
	        Index Cond: ((k >= 6676821) AND (k <= 6676921))

table 4 : explain SELECT k, c FROM sbtest4 WHERE k BETWEEN 6676821 AND 6676921
	Bitmap Heap Scan on sbtest4  (cost=5.43..389.80 rows=97 width=125)
	  Recheck Cond: ((k >= 6676821) AND (k <= 6676921))
	  ->  Bitmap Index Scan on k_4  (cost=0.00..5.40 rows=97 width=0)
	        Index Cond: ((k >= 6676821) AND (k <= 6676921))

table 5 : explain SELECT k, c FROM sbtest5 WHERE k BETWEEN 6676821 AND 6676921
	Bitmap Heap Scan on sbtest5  (cost=5.42..385.86 rows=96 width=125)
	  Recheck Cond: ((k >= 6676821) AND (k <= 6676921))
	  ->  Bitmap Index Scan on k_5  (cost=0.00..5.39 rows=96 width=0)
	        Index Cond: ((k >= 6676821) AND (k <= 6676921))

table 6 : explain SELECT k, c FROM sbtest6 WHERE k BETWEEN 6676821 AND 6676921
	Bitmap Heap Scan on sbtest6  (cost=5.55..437.13 rows=109 width=125)
	  Recheck Cond: ((k >= 6676821) AND (k <= 6676921))
	  ->  Bitmap Index Scan on k_6  (cost=0.00..5.52 rows=109 width=0)
	        Index Cond: ((k >= 6676821) AND (k <= 6676921))

table 7 : explain SELECT k, c FROM sbtest7 WHERE k BETWEEN 6676821 AND 6676921
	Bitmap Heap Scan on sbtest7  (cost=5.38..370.00 rows=92 width=125)
	  Recheck Cond: ((k >= 6676821) AND (k <= 6676921))
	  ->  Bitmap Index Scan on k_7  (cost=0.00..5.35 rows=92 width=0)
	        Index Cond: ((k >= 6676821) AND (k <= 6676921))

table 8 : explain SELECT k, c FROM sbtest8 WHERE k BETWEEN 6676821 AND 6676921
	Bitmap Heap Scan on sbtest8  (cost=5.57..445.03 rows=111 width=125)
	  Recheck Cond: ((k >= 6676821) AND (k <= 6676921))
	  ->  Bitmap Index Scan on k_8  (cost=0.00..5.54 rows=111 width=0)
	        Index Cond: ((k >= 6676821) AND (k <= 6676921))



for range-notcovered
table 1 : explain SELECT k, c FROM sbtest1 WHERE k BETWEEN 5503157 AND 5503257
	Bitmap Heap Scan on sbtest1  (cost=5.49..413.53 rows=103 width=125)
	  Recheck Cond: ((k >= 5503157) AND (k <= 5503257))
	  ->  Bitmap Index Scan on k_1  (cost=0.00..5.46 rows=103 width=0)
	        Index Cond: ((k >= 5503157) AND (k <= 5503257))

table 2 : explain SELECT k, c FROM sbtest2 WHERE k BETWEEN 5503157 AND 5503257
	Bitmap Heap Scan on sbtest2  (cost=5.56..441.08 rows=110 width=125)
	  Recheck Cond: ((k >= 5503157) AND (k <= 5503257))
	  ->  Bitmap Index Scan on k_2  (cost=0.00..5.53 rows=110 width=0)
	        Index Cond: ((k >= 5503157) AND (k <= 5503257))

table 3 : explain SELECT k, c FROM sbtest3 WHERE k BETWEEN 5503157 AND 5503257
	Bitmap Heap Scan on sbtest3  (cost=5.41..381.86 rows=95 width=125)
	  Recheck Cond: ((k >= 5503157) AND (k <= 5503257))
	  ->  Bitmap Index Scan on k_3  (cost=0.00..5.38 rows=95 width=0)
	        Index Cond: ((k >= 5503157) AND (k <= 5503257))

table 4 : explain SELECT k, c FROM sbtest4 WHERE k BETWEEN 5503157 AND 5503257
	Bitmap Heap Scan on sbtest4  (cost=5.41..381.91 rows=95 width=125)
	  Recheck Cond: ((k >= 5503157) AND (k <= 5503257))
	  ->  Bitmap Index Scan on k_4  (cost=0.00..5.38 rows=95 width=0)
	        Index Cond: ((k >= 5503157) AND (k <= 5503257))

table 5 : explain SELECT k, c FROM sbtest5 WHERE k BETWEEN 5503157 AND 5503257
	Bitmap Heap Scan on sbtest5  (cost=5.54..433.20 rows=108 width=125)
	  Recheck Cond: ((k >= 5503157) AND (k <= 5503257))
	  ->  Bitmap Index Scan on k_5  (cost=0.00..5.51 rows=108 width=0)
	        Index Cond: ((k >= 5503157) AND (k <= 5503257))

table 6 : explain SELECT k, c FROM sbtest6 WHERE k BETWEEN 5503157 AND 5503257
	Bitmap Heap Scan on sbtest6  (cost=5.57..445.01 rows=111 width=125)
	  Recheck Cond: ((k >= 5503157) AND (k <= 5503257))
	  ->  Bitmap Index Scan on k_6  (cost=0.00..5.54 rows=111 width=0)
	        Index Cond: ((k >= 5503157) AND (k <= 5503257))

table 7 : explain SELECT k, c FROM sbtest7 WHERE k BETWEEN 5503157 AND 5503257
	Bitmap Heap Scan on sbtest7  (cost=5.43..389.74 rows=97 width=125)
	  Recheck Cond: ((k >= 5503157) AND (k <= 5503257))
	  ->  Bitmap Index Scan on k_7  (cost=0.00..5.40 rows=97 width=0)
	        Index Cond: ((k >= 5503157) AND (k <= 5503257))

table 8 : explain SELECT k, c FROM sbtest8 WHERE k BETWEEN 5503157 AND 5503257
	Bitmap Heap Scan on sbtest8  (cost=5.46..401.65 rows=100 width=125)
	  Recheck Cond: ((k >= 5503157) AND (k <= 5503257))
	  ->  Bitmap Index Scan on k_8  (cost=0.00..5.43 rows=100 width=0)
	        Index Cond: ((k >= 5503157) AND (k <= 5503257))

for range-notcovered
table 1 : explain SELECT k, c FROM sbtest1 WHERE k BETWEEN 5330250 AND 5330350
	Bitmap Heap Scan on sbtest1  (cost=5.51..421.42 rows=105 width=125)
	  Recheck Cond: ((k >= 5330250) AND (k <= 5330350))
	  ->  Bitmap Index Scan on k_1  (cost=0.00..5.48 rows=105 width=0)
	        Index Cond: ((k >= 5330250) AND (k <= 5330350))

table 2 : explain SELECT k, c FROM sbtest2 WHERE k BETWEEN 5330250 AND 5330350
	Bitmap Heap Scan on sbtest2  (cost=5.46..401.64 rows=100 width=125)
	  Recheck Cond: ((k >= 5330250) AND (k <= 5330350))
	  ->  Bitmap Index Scan on k_2  (cost=0.00..5.43 rows=100 width=0)
	        Index Cond: ((k >= 5330250) AND (k <= 5330350))

table 3 : explain SELECT k, c FROM sbtest3 WHERE k BETWEEN 5330250 AND 5330350
	Bitmap Heap Scan on sbtest3  (cost=5.46..401.59 rows=100 width=125)
	  Recheck Cond: ((k >= 5330250) AND (k <= 5330350))
	  ->  Bitmap Index Scan on k_3  (cost=0.00..5.43 rows=100 width=0)
	        Index Cond: ((k >= 5330250) AND (k <= 5330350))

table 4 : explain SELECT k, c FROM sbtest4 WHERE k BETWEEN 5330250 AND 5330350
	Bitmap Heap Scan on sbtest4  (cost=5.57..445.02 rows=111 width=125)
	  Recheck Cond: ((k >= 5330250) AND (k <= 5330350))
	  ->  Bitmap Index Scan on k_4  (cost=0.00..5.54 rows=111 width=0)
	        Index Cond: ((k >= 5330250) AND (k <= 5330350))

table 5 : explain SELECT k, c FROM sbtest5 WHERE k BETWEEN 5330250 AND 5330350
	Bitmap Heap Scan on sbtest5  (cost=5.49..413.49 rows=103 width=125)
	  Recheck Cond: ((k >= 5330250) AND (k <= 5330350))
	  ->  Bitmap Index Scan on k_5  (cost=0.00..5.46 rows=103 width=0)
	        Index Cond: ((k >= 5330250) AND (k <= 5330350))

table 6 : explain SELECT k, c FROM sbtest6 WHERE k BETWEEN 5330250 AND 5330350
	Bitmap Heap Scan on sbtest6  (cost=5.46..401.63 rows=100 width=125)
	  Recheck Cond: ((k >= 5330250) AND (k <= 5330350))
	  ->  Bitmap Index Scan on k_6  (cost=0.00..5.43 rows=100 width=0)
	        Index Cond: ((k >= 5330250) AND (k <= 5330350))

table 7 : explain SELECT k, c FROM sbtest7 WHERE k BETWEEN 5330250 AND 5330350
	Bitmap Heap Scan on sbtest7  (cost=5.44..393.68 rows=98 width=125)
	  Recheck Cond: ((k >= 5330250) AND (k <= 5330350))
	  ->  Bitmap Index Scan on k_7  (cost=0.00..5.42 rows=98 width=0)
	        Index Cond: ((k >= 5330250) AND (k <= 5330350))

table 8 : explain SELECT k, c FROM sbtest8 WHERE k BETWEEN 5330250 AND 5330350
	Bitmap Heap Scan on sbtest8  (cost=5.48..409.54 rows=102 width=125)
	  Recheck Cond: ((k >= 5330250) AND (k <= 5330350))
	  ->  Bitmap Index Scan on k_8  (cost=0.00..5.45 rows=102 width=0)
	        Index Cond: ((k >= 5330250) AND (k <= 5330350))


for range-notcovered
table 1 : explain SELECT k, c FROM sbtest1 WHERE k BETWEEN 3680246 AND 3680346
	Bitmap Heap Scan on sbtest1  (cost=5.47..405.64 rows=101 width=125)
	  Recheck Cond: ((k >= 3680246) AND (k <= 3680346))
	  ->  Bitmap Index Scan on k_1  (cost=0.00..5.44 rows=101 width=0)
	        Index Cond: ((k >= 3680246) AND (k <= 3680346))

table 2 : explain SELECT k, c FROM sbtest2 WHERE k BETWEEN 3680246 AND 3680346
	Bitmap Heap Scan on sbtest2  (cost=5.48..409.53 rows=102 width=125)
	  Recheck Cond: ((k >= 3680246) AND (k <= 3680346))
	  ->  Bitmap Index Scan on k_2  (cost=0.00..5.45 rows=102 width=0)
	        Index Cond: ((k >= 3680246) AND (k <= 3680346))

table 3 : explain SELECT k, c FROM sbtest3 WHERE k BETWEEN 3680246 AND 3680346
	Bitmap Heap Scan on sbtest3  (cost=5.43..389.75 rows=97 width=125)
	  Recheck Cond: ((k >= 3680246) AND (k <= 3680346))
	  ->  Bitmap Index Scan on k_3  (cost=0.00..5.40 rows=97 width=0)
	        Index Cond: ((k >= 3680246) AND (k <= 3680346))

table 4 : explain SELECT k, c FROM sbtest4 WHERE k BETWEEN 3680246 AND 3680346
	Bitmap Heap Scan on sbtest4  (cost=5.48..409.53 rows=102 width=125)
	  Recheck Cond: ((k >= 3680246) AND (k <= 3680346))
	  ->  Bitmap Index Scan on k_4  (cost=0.00..5.45 rows=102 width=0)
	        Index Cond: ((k >= 3680246) AND (k <= 3680346))

table 5 : explain SELECT k, c FROM sbtest5 WHERE k BETWEEN 3680246 AND 3680346
	Bitmap Heap Scan on sbtest5  (cost=5.46..401.65 rows=100 width=125)
	  Recheck Cond: ((k >= 3680246) AND (k <= 3680346))
	  ->  Bitmap Index Scan on k_5  (cost=0.00..5.43 rows=100 width=0)
	        Index Cond: ((k >= 3680246) AND (k <= 3680346))

table 6 : explain SELECT k, c FROM sbtest6 WHERE k BETWEEN 3680246 AND 3680346
	Bitmap Heap Scan on sbtest6  (cost=5.41..381.90 rows=95 width=125)
	  Recheck Cond: ((k >= 3680246) AND (k <= 3680346))
	  ->  Bitmap Index Scan on k_6  (cost=0.00..5.38 rows=95 width=0)
	        Index Cond: ((k >= 3680246) AND (k <= 3680346))

table 7 : explain SELECT k, c FROM sbtest7 WHERE k BETWEEN 3680246 AND 3680346
	Bitmap Heap Scan on sbtest7  (cost=5.46..401.57 rows=100 width=125)
	  Recheck Cond: ((k >= 3680246) AND (k <= 3680346))
	  ->  Bitmap Index Scan on k_7  (cost=0.00..5.43 rows=100 width=0)
	        Index Cond: ((k >= 3680246) AND (k <= 3680346))

table 8 : explain SELECT k, c FROM sbtest8 WHERE k BETWEEN 3680246 AND 3680346
	Bitmap Heap Scan on sbtest8  (cost=5.41..381.92 rows=95 width=125)
	  Recheck Cond: ((k >= 3680246) AND (k <= 3680346))
	  ->  Bitmap Index Scan on k_8  (cost=0.00..5.38 rows=95 width=0)
	        Index Cond: ((k >= 3680246) AND (k <= 3680346))

explain: for range-notcovered :: explain SELECT k, c FROM sbtest%d WHERE k BETWEEN 6814436 AND 6814536explain: for range-notcovered :: explain SELECT k, c FROM sbtest%d WHERE k BETWEEN 6676821 AND 6676921explain: for range-notcovered :: explain SELECT k, c FROM sbtest%d WHERE k BETWEEN 6927879 AND 6927979for range-notcovered
table 1 : explain SELECT k, c FROM sbtest1 WHERE k BETWEEN 6148959 AND 6149059
	Bitmap Heap Scan on sbtest1  (cost=5.49..413.53 rows=103 width=125)
	  Recheck Cond: ((k >= 6148959) AND (k <= 6149059))
	  ->  Bitmap Index Scan on k_1  (cost=0.00..5.46 rows=103 width=0)
	        Index Cond: ((k >= 6148959) AND (k <= 6149059))

table 2 : explain SELECT k, c FROM sbtest2 WHERE k BETWEEN 6148959 AND 6149059
	Bitmap Heap Scan on sbtest2  (cost=5.41..381.91 rows=95 width=125)
	  Recheck Cond: ((k >= 6148959) AND (k <= 6149059))
	  ->  Bitmap Index Scan on k_2  (cost=0.00..5.38 rows=95 width=0)
	        Index Cond: ((k >= 6148959) AND (k <= 6149059))

table 3 : explain SELECT k, c FROM sbtest3 WHERE k BETWEEN 6148959 AND 6149059
	Bitmap Heap Scan on sbtest3  (cost=5.50..417.37 rows=104 width=125)
	  Recheck Cond: ((k >= 6148959) AND (k <= 6149059))
	  ->  Bitmap Index Scan on k_3  (cost=0.00..5.47 rows=104 width=0)
	        Index Cond: ((k >= 6148959) AND (k <= 6149059))

table 4 : explain SELECT k, c FROM sbtest4 WHERE k BETWEEN 6148959 AND 6149059
	Bitmap Heap Scan on sbtest4  (cost=5.36..362.17 rows=90 width=125)
	  Recheck Cond: ((k >= 6148959) AND (k <= 6149059))
	  ->  Bitmap Index Scan on k_4  (cost=0.00..5.33 rows=90 width=0)
	        Index Cond: ((k >= 6148959) AND (k <= 6149059))

table 5 : explain SELECT k, c FROM sbtest5 WHERE k BETWEEN 6148959 AND 6149059
	Bitmap Heap Scan on sbtest5  (cost=5.55..437.14 rows=109 width=125)
	  Recheck Cond: ((k >= 6148959) AND (k <= 6149059))
	  ->  Bitmap Index Scan on k_5  (cost=0.00..5.52 rows=109 width=0)
	        Index Cond: ((k >= 6148959) AND (k <= 6149059))

table 6 : explain SELECT k, c FROM sbtest6 WHERE k BETWEEN 6148959 AND 6149059
	Bitmap Heap Scan on sbtest6  (cost=5.43..389.80 rows=97 width=125)
	  Recheck Cond: ((k >= 6148959) AND (k <= 6149059))
	  ->  Bitmap Index Scan on k_6  (cost=0.00..5.40 rows=97 width=0)
	        Index Cond: ((k >= 6148959) AND (k <= 6149059))

table 7 : explain SELECT k, c FROM sbtest7 WHERE k BETWEEN 6148959 AND 6149059
	Bitmap Heap Scan on sbtest7  (cost=5.51..421.29 rows=105 width=125)
	  Recheck Cond: ((k >= 6148959) AND (k <= 6149059))
	  ->  Bitmap Index Scan on k_7  (cost=0.00..5.48 rows=105 width=0)
	        Index Cond: ((k >= 6148959) AND (k <= 6149059))

table 8 : explain SELECT k, c FROM sbtest8 WHERE k BETWEEN 6148959 AND 6149059
	Bitmap Heap Scan on sbtest8  (cost=5.43..389.81 rows=97 width=125)
	  Recheck Cond: ((k >= 6148959) AND (k <= 6149059))
	  ->  Bitmap Index Scan on k_8  (cost=0.00..5.40 rows=97 width=0)
	        Index Cond: ((k >= 6148959) AND (k <= 6149059))
explain: for range-notcovered :: explain SELECT k, c FROM sbtest%d WHERE k BETWEEN 5330250 AND 5330350
for range-notcovered
table 1 : explain SELECT k, c FROM sbtest1 WHERE k BETWEEN 5813883 AND 5813983
	Bitmap Heap Scan on sbtest1  (cost=5.58..449.02 rows=112 width=125)
	  Recheck Cond: ((k >= 5813883) AND (k <= 5813983))
	  ->  Bitmap Index Scan on k_1  (cost=0.00..5.55 rows=112 width=0)
	        Index Cond: ((k >= 5813883) AND (k <= 5813983))

table 2 : explain SELECT k, c FROM sbtest2 WHERE k BETWEEN 5813883 AND 5813983
	Bitmap Heap Scan on sbtest2  (cost=5.49..413.48 rows=103 width=125)
	  Recheck Cond: ((k >= 5813883) AND (k <= 5813983))
	  ->  Bitmap Index Scan on k_2  (cost=0.00..5.46 rows=103 width=0)
	        Index Cond: ((k >= 5813883) AND (k <= 5813983))

table 3 : explain SELECT k, c FROM sbtest3 WHERE k BETWEEN 5813883 AND 5813983
	Bitmap Heap Scan on sbtest3  (cost=5.39..373.97 rows=93 width=125)
	  Recheck Cond: ((k >= 5813883) AND (k <= 5813983))
	  ->  Bitmap Index Scan on k_3  (cost=0.00..5.36 rows=93 width=0)
	        Index Cond: ((k >= 5813883) AND (k <= 5813983))

table 4 : explain SELECT k, c FROM sbtest4 WHERE k BETWEEN 5813883 AND 5813983
	Bitmap Heap Scan on sbtest4  (cost=5.46..401.64 rows=100 width=125)
	  Recheck Cond: ((k >= 5813883) AND (k <= 5813983))
	  ->  Bitmap Index Scan on k_4  (cost=0.00..5.43 rows=100 width=0)
	        Index Cond: ((k >= 5813883) AND (k <= 5813983))

table 5 : explain SELECT k, c FROM sbtest5 WHERE k BETWEEN 5813883 AND 5813983
	Bitmap Heap Scan on sbtest5  (cost=5.40..377.97 rows=94 width=125)
	  Recheck Cond: ((k >= 5813883) AND (k <= 5813983))
	  ->  Bitmap Index Scan on k_5  (cost=0.00..5.38 rows=94 width=0)
	        Index Cond: ((k >= 5813883) AND (k <= 5813983))

table 6 : explain SELECT k, c FROM sbtest6 WHERE k BETWEEN 5813883 AND 5813983
	Bitmap Heap Scan on sbtest6  (cost=5.36..362.16 rows=90 width=125)
	  Recheck Cond: ((k >= 5813883) AND (k <= 5813983))
	  ->  Bitmap Index Scan on k_6  (cost=0.00..5.33 rows=90 width=0)
	        Index Cond: ((k >= 5813883) AND (k <= 5813983))

table 7 : explain SELECT k, c FROM sbtest7 WHERE k BETWEEN 5813883 AND 5813983
	Bitmap Heap Scan on sbtest7  (cost=5.50..417.35 rows=104 width=125)
	  Recheck Cond: ((k >= 5813883) AND (k <= 5813983))
	  ->  Bitmap Index Scan on k_7  (cost=0.00..5.47 rows=104 width=0)
	        Index Cond: ((k >= 5813883) AND (k <= 5813983))

table 8 : explain SELECT k, c FROM sbtest8 WHERE k BETWEEN 5813883 AND 5813983
	Bitmap Heap Scan on sbtest8  (cost=5.36..362.17 rows=90 width=125)
	  Recheck Cond: ((k >= 5813883) AND (k <= 5813983))
	  ->  Bitmap Index Scan on k_8  (cost=0.00..5.33 rows=90 width=0)
	        Index Cond: ((k >= 5813883) AND (k <= 5813983))


explain: for range-notcovered :: explain SELECT k, c FROM sbtest%d WHERE k BETWEEN 3680246 AND 3680346
for range-notcovered
table 1 : explain SELECT k, c FROM sbtest1 WHERE k BETWEEN 4791999 AND 4792099
	Bitmap Heap Scan on sbtest1  (cost=5.50..417.47 rows=104 width=125)
	  Recheck Cond: ((k >= 4791999) AND (k <= 4792099))
	  ->  Bitmap Index Scan on k_1  (cost=0.00..5.47 rows=104 width=0)
	        Index Cond: ((k >= 4791999) AND (k <= 4792099))

table 2 : explain SELECT k, c FROM sbtest2 WHERE k BETWEEN 4791999 AND 4792099
	Bitmap Heap Scan on sbtest2  (cost=5.40..377.96 rows=94 width=125)
	  Recheck Cond: ((k >= 4791999) AND (k <= 4792099))
	  ->  Bitmap Index Scan on k_2  (cost=0.00..5.38 rows=94 width=0)
	        Index Cond: ((k >= 4791999) AND (k <= 4792099))

table 3 : explain SELECT k, c FROM sbtest3 WHERE k BETWEEN 4791999 AND 4792099
	Bitmap Heap Scan on sbtest3  (cost=5.49..413.42 rows=103 width=125)
	  Recheck Cond: ((k >= 4791999) AND (k <= 4792099))
	  ->  Bitmap Index Scan on k_3  (cost=0.00..5.46 rows=103 width=0)
	        Index Cond: ((k >= 4791999) AND (k <= 4792099))

table 4 : explain SELECT k, c FROM sbtest4 WHERE k BETWEEN 4791999 AND 4792099
	Bitmap Heap Scan on sbtest4  (cost=5.48..409.53 rows=102 width=125)
	  Recheck Cond: ((k >= 4791999) AND (k <= 4792099))
	  ->  Bitmap Index Scan on k_4  (cost=0.00..5.45 rows=102 width=0)
	        Index Cond: ((k >= 4791999) AND (k <= 4792099))

table 5 : explain SELECT k, c FROM sbtest5 WHERE k BETWEEN 4791999 AND 4792099
	Bitmap Heap Scan on sbtest5  (cost=5.36..362.17 rows=90 width=125)
	  Recheck Cond: ((k >= 4791999) AND (k <= 4792099))
	  ->  Bitmap Index Scan on k_5  (cost=0.00..5.33 rows=90 width=0)
	        Index Cond: ((k >= 4791999) AND (k <= 4792099))

table 6 : explain SELECT k, c FROM sbtest6 WHERE k BETWEEN 4791999 AND 4792099
	Bitmap Heap Scan on sbtest6  (cost=5.58..448.95 rows=112 width=125)
	  Recheck Cond: ((k >= 4791999) AND (k <= 4792099))
	  ->  Bitmap Index Scan on k_6  (cost=0.00..5.55 rows=112 width=0)
	        Index Cond: ((k >= 4791999) AND (k <= 4792099))

table 7 : explain SELECT k, c FROM sbtest7 WHERE k BETWEEN 4791999 AND 4792099
	Bitmap Heap Scan on sbtest7  (cost=5.50..417.35 rows=104 width=125)
	  Recheck Cond: ((k >= 4791999) AND (k <= 4792099))
	  ->  Bitmap Index Scan on k_7  (cost=0.00..5.47 rows=104 width=0)
	        Index Cond: ((k >= 4791999) AND (k <= 4792099))

table 8 : explain SELECT k, c FROM sbtest8 WHERE k BETWEEN 4791999 AND 4792099
	Bitmap Heap Scan on sbtest8  (cost=5.46..401.65 rows=100 width=125)
	  Recheck Cond: ((k >= 4791999) AND (k <= 4792099))
	  ->  Bitmap Index Scan on k_8  (cost=0.00..5.43 rows=100 width=0)
	        Index Cond: ((k >= 4791999) AND (k <= 4792099))



for range-notcovered
table 1 : explain SELECT k, c FROM sbtest1 WHERE k BETWEEN 4873456 AND 4873556
	Bitmap Heap Scan on sbtest1  (cost=5.65..476.60 rows=119 width=125)
	  Recheck Cond: ((k >= 4873456) AND (k <= 4873556))
	  ->  Bitmap Index Scan on k_1  (cost=0.00..5.62 rows=119 width=0)
	        Index Cond: ((k >= 4873456) AND (k <= 4873556))

table 2 : explain SELECT k, c FROM sbtest2 WHERE k BETWEEN 4873456 AND 4873556
	Bitmap Heap Scan on sbtest2  (cost=5.48..409.53 rows=102 width=125)
	  Recheck Cond: ((k >= 4873456) AND (k <= 4873556))
	  ->  Bitmap Index Scan on k_2  (cost=0.00..5.45 rows=102 width=0)
	        Index Cond: ((k >= 4873456) AND (k <= 4873556))

table 3 : explain SELECT k, c FROM sbtest3 WHERE k BETWEEN 4873456 AND 4873556
	Bitmap Heap Scan on sbtest3  (cost=5.46..401.59 rows=100 width=125)
	  Recheck Cond: ((k >= 4873456) AND (k <= 4873556))
	  ->  Bitmap Index Scan on k_3  (cost=0.00..5.43 rows=100 width=0)
	        Index Cond: ((k >= 4873456) AND (k <= 4873556))

table 4 : explain SELECT k, c FROM sbtest4 WHERE k BETWEEN 4873456 AND 4873556
	Bitmap Heap Scan on sbtest4  (cost=5.53..429.25 rows=107 width=125)
	  Recheck Cond: ((k >= 4873456) AND (k <= 4873556))
	  ->  Bitmap Index Scan on k_4  (cost=0.00..5.50 rows=107 width=0)
	        Index Cond: ((k >= 4873456) AND (k <= 4873556))

table 5 : explain SELECT k, c FROM sbtest5 WHERE k BETWEEN 4873456 AND 4873556
	Bitmap Heap Scan on sbtest5  (cost=5.46..401.65 rows=100 width=125)
	  Recheck Cond: ((k >= 4873456) AND (k <= 4873556))
	  ->  Bitmap Index Scan on k_5  (cost=0.00..5.43 rows=100 width=0)
	        Index Cond: ((k >= 4873456) AND (k <= 4873556))

table 6 : explain SELECT k, c FROM sbtest6 WHERE k BETWEEN 4873456 AND 4873556
	Bitmap Heap Scan on sbtest6  (cost=5.50..417.41 rows=104 width=125)
	  Recheck Cond: ((k >= 4873456) AND (k <= 4873556))
	  ->  Bitmap Index Scan on k_6  (cost=0.00..5.47 rows=104 width=0)
	        Index Cond: ((k >= 4873456) AND (k <= 4873556))

table 7 : explain SELECT k, c FROM sbtest7 WHERE k BETWEEN 4873456 AND 4873556
	Bitmap Heap Scan on sbtest7  (cost=5.53..429.17 rows=107 width=125)
	  Recheck Cond: ((k >= 4873456) AND (k <= 4873556))
	  ->  Bitmap Index Scan on k_7  (cost=0.00..5.50 rows=107 width=0)
	        Index Cond: ((k >= 4873456) AND (k <= 4873556))

table 8 : explain SELECT k, c FROM sbtest8 WHERE k BETWEEN 4873456 AND 4873556
	Bitmap Heap Scan on sbtest8  (cost=5.59..452.91 rows=113 width=125)
	  Recheck Cond: ((k >= 4873456) AND (k <= 4873556))
	  ->  Bitmap Index Scan on k_8  (cost=0.00..5.56 rows=113 width=0)
	        Index Cond: ((k >= 4873456) AND (k <= 4873556))

for range-notcovered
table 1 : explain SELECT k, c FROM sbtest1 WHERE k BETWEEN 8262231 AND 8262331
	Bitmap Heap Scan on sbtest1  (cost=5.50..417.47 rows=104 width=125)
	  Recheck Cond: ((k >= 8262231) AND (k <= 8262331))
	  ->  Bitmap Index Scan on k_1  (cost=0.00..5.47 rows=104 width=0)
	        Index Cond: ((k >= 8262231) AND (k <= 8262331))

table 2 : explain SELECT k, c FROM sbtest2 WHERE k BETWEEN 8262231 AND 8262331
	Bitmap Heap Scan on sbtest2  (cost=5.42..385.86 rows=96 width=125)
	  Recheck Cond: ((k >= 8262231) AND (k <= 8262331))
	  ->  Bitmap Index Scan on k_2  (cost=0.00..5.39 rows=96 width=0)
	        Index Cond: ((k >= 8262231) AND (k <= 8262331))

table 3 : explain SELECT k, c FROM sbtest3 WHERE k BETWEEN 8262231 AND 8262331
	Bitmap Heap Scan on sbtest3  (cost=5.51..421.31 rows=105 width=125)
	  Recheck Cond: ((k >= 8262231) AND (k <= 8262331))
	  ->  Bitmap Index Scan on k_3  (cost=0.00..5.48 rows=105 width=0)
	        Index Cond: ((k >= 8262231) AND (k <= 8262331))

table 4 : explain SELECT k, c FROM sbtest4 WHERE k BETWEEN 8262231 AND 8262331
	Bitmap Heap Scan on sbtest4  (cost=5.49..413.48 rows=103 width=125)
	  Recheck Cond: ((k >= 8262231) AND (k <= 8262331))
	  ->  Bitmap Index Scan on k_4  (cost=0.00..5.46 rows=103 width=0)
	        Index Cond: ((k >= 8262231) AND (k <= 8262331))

table 5 : explain SELECT k, c FROM sbtest5 WHERE k BETWEEN 8262231 AND 8262331
	Bitmap Heap Scan on sbtest5  (cost=5.53..429.26 rows=107 width=125)
	  Recheck Cond: ((k >= 8262231) AND (k <= 8262331))
	  ->  Bitmap Index Scan on k_5  (cost=0.00..5.50 rows=107 width=0)
	        Index Cond: ((k >= 8262231) AND (k <= 8262331))

table 6 : explain SELECT k, c FROM sbtest6 WHERE k BETWEEN 8262231 AND 8262331
	Bitmap Heap Scan on sbtest6  (cost=5.49..413.47 rows=103 width=125)
	  Recheck Cond: ((k >= 8262231) AND (k <= 8262331))
	  ->  Bitmap Index Scan on k_6  (cost=0.00..5.46 rows=103 width=0)
	        Index Cond: ((k >= 8262231) AND (k <= 8262331))

table 7 : explain SELECT k, c FROM sbtest7 WHERE k BETWEEN 8262231 AND 8262331
	Bitmap Heap Scan on sbtest7  (cost=5.47..405.52 rows=101 width=125)
	  Recheck Cond: ((k >= 8262231) AND (k <= 8262331))
	  ->  Bitmap Index Scan on k_7  (cost=0.00..5.44 rows=101 width=0)
	        Index Cond: ((k >= 8262231) AND (k <= 8262331))

table 8 : explain SELECT k, c FROM sbtest8 WHERE k BETWEEN 8262231 AND 8262331
	Bitmap Heap Scan on sbtest8  (cost=5.46..401.65 rows=100 width=125)
	  Recheck Cond: ((k >= 8262231) AND (k <= 8262331))
	  ->  Bitmap Index Scan on k_8  (cost=0.00..5.43 rows=100 width=0)
	        Index Cond: ((k >= 8262231) AND (k <= 8262331))

for range-notcovered
table 1 : explain SELECT k, c FROM sbtest1 WHERE k BETWEEN 6262062 AND 6262162
	Bitmap Heap Scan on sbtest1  (cost=5.36..362.21 rows=90 width=125)
	  Recheck Cond: ((k >= 6262062) AND (k <= 6262162))
	  ->  Bitmap Index Scan on k_1  (cost=0.00..5.33 rows=90 width=0)
	        Index Cond: ((k >= 6262062) AND (k <= 6262162))

table 2 : explain SELECT k, c FROM sbtest2 WHERE k BETWEEN 6262062 AND 6262162
	Bitmap Heap Scan on sbtest2  (cost=5.44..393.75 rows=98 width=125)
	  Recheck Cond: ((k >= 6262062) AND (k <= 6262162))
	  ->  Bitmap Index Scan on k_2  (cost=0.00..5.42 rows=98 width=0)
	        Index Cond: ((k >= 6262062) AND (k <= 6262162))

table 3 : explain SELECT k, c FROM sbtest3 WHERE k BETWEEN 6262062 AND 6262162
	Bitmap Heap Scan on sbtest3  (cost=5.49..413.42 rows=103 width=125)
	  Recheck Cond: ((k >= 6262062) AND (k <= 6262162))
	  ->  Bitmap Index Scan on k_3  (cost=0.00..5.46 rows=103 width=0)
	        Index Cond: ((k >= 6262062) AND (k <= 6262162))

table 4 : explain SELECT k, c FROM sbtest4 WHERE k BETWEEN 6262062 AND 6262162
	Bitmap Heap Scan on sbtest4  (cost=5.49..413.48 rows=103 width=125)
	  Recheck Cond: ((k >= 6262062) AND (k <= 6262162))
	  ->  Bitmap Index Scan on k_4  (cost=0.00..5.46 rows=103 width=0)
	        Index Cond: ((k >= 6262062) AND (k <= 6262162))

table 5 : explain SELECT k, c FROM sbtest5 WHERE k BETWEEN 6262062 AND 6262162
	Bitmap Heap Scan on sbtest5  (cost=5.51..421.37 rows=105 width=125)
	  Recheck Cond: ((k >= 6262062) AND (k <= 6262162))
	  ->  Bitmap Index Scan on k_5  (cost=0.00..5.48 rows=105 width=0)
	        Index Cond: ((k >= 6262062) AND (k <= 6262162))

table 6 : explain SELECT k, c FROM sbtest6 WHERE k BETWEEN 6262062 AND 6262162
	Bitmap Heap Scan on sbtest6  (cost=5.53..429.24 rows=107 width=125)
	  Recheck Cond: ((k >= 6262062) AND (k <= 6262162))
	  ->  Bitmap Index Scan on k_6  (cost=0.00..5.50 rows=107 width=0)
	        Index Cond: ((k >= 6262062) AND (k <= 6262162))

table 7 : explain SELECT k, c FROM sbtest7 WHERE k BETWEEN 6262062 AND 6262162
	Bitmap Heap Scan on sbtest7  (cost=5.52..425.23 rows=106 width=125)
	  Recheck Cond: ((k >= 6262062) AND (k <= 6262162))
	  ->  Bitmap Index Scan on k_7  (cost=0.00..5.50 rows=106 width=0)
	        Index Cond: ((k >= 6262062) AND (k <= 6262162))

table 8 : explain SELECT k, c FROM sbtest8 WHERE k BETWEEN 6262062 AND 6262162
	Bitmap Heap Scan on sbtest8  (cost=5.56..441.09 rows=110 width=125)
	  Recheck Cond: ((k >= 6262062) AND (k <= 6262162))
	  ->  Bitmap Index Scan on k_8  (cost=0.00..5.53 rows=110 width=0)
	        Index Cond: ((k >= 6262062) AND (k <= 6262162))

explain: for range-notcovered :: explain SELECT k, c FROM sbtest%d WHERE k BETWEEN 2658640 AND 2658740
for range-notcovered
table 1 : explain SELECT k, c FROM sbtest1 WHERE k BETWEEN 1736814 AND 1736914
	Bitmap Heap Scan on sbtest1  (cost=5.50..417.47 rows=104 width=125)
	  Recheck Cond: ((k >= 1736814) AND (k <= 1736914))
	  ->  Bitmap Index Scan on k_1  (cost=0.00..5.47 rows=104 width=0)
	        Index Cond: ((k >= 1736814) AND (k <= 1736914))

table 2 : explain SELECT k, c FROM sbtest2 WHERE k BETWEEN 1736814 AND 1736914
	Bitmap Heap Scan on sbtest2  (cost=5.48..409.53 rows=102 width=125)
	  Recheck Cond: ((k >= 1736814) AND (k <= 1736914))
	  ->  Bitmap Index Scan on k_2  (cost=0.00..5.45 rows=102 width=0)
	        Index Cond: ((k >= 1736814) AND (k <= 1736914))

table 3 : explain SELECT k, c FROM sbtest3 WHERE k BETWEEN 1736814 AND 1736914
	Bitmap Heap Scan on sbtest3  (cost=5.59..452.84 rows=113 width=125)
	  Recheck Cond: ((k >= 1736814) AND (k <= 1736914))
	  ->  Bitmap Index Scan on k_3  (cost=0.00..5.56 rows=113 width=0)
	        Index Cond: ((k >= 1736814) AND (k <= 1736914))

table 4 : explain SELECT k, c FROM sbtest4 WHERE k BETWEEN 1736814 AND 1736914
	Bitmap Heap Scan on sbtest4  (cost=5.50..417.42 rows=104 width=125)
	  Recheck Cond: ((k >= 1736814) AND (k <= 1736914))
	  ->  Bitmap Index Scan on k_4  (cost=0.00..5.47 rows=104 width=0)
	        Index Cond: ((k >= 1736814) AND (k <= 1736914))

table 5 : explain SELECT k, c FROM sbtest5 WHERE k BETWEEN 1736814 AND 1736914
	Bitmap Heap Scan on sbtest5  (cost=5.59..452.91 rows=113 width=125)
	  Recheck Cond: ((k >= 1736814) AND (k <= 1736914))
	  ->  Bitmap Index Scan on k_5  (cost=0.00..5.56 rows=113 width=0)
	        Index Cond: ((k >= 1736814) AND (k <= 1736914))

table 6 : explain SELECT k, c FROM sbtest6 WHERE k BETWEEN 1736814 AND 1736914
	Bitmap Heap Scan on sbtest6  (cost=5.49..413.47 rows=103 width=125)
	  Recheck Cond: ((k >= 1736814) AND (k <= 1736914))
	  ->  Bitmap Index Scan on k_6  (cost=0.00..5.46 rows=103 width=0)
	        Index Cond: ((k >= 1736814) AND (k <= 1736914))

table 7 : explain SELECT k, c FROM sbtest7 WHERE k BETWEEN 1736814 AND 1736914
	Bitmap Heap Scan on sbtest7  (cost=5.41..381.85 rows=95 width=125)
	  Recheck Cond: ((k >= 1736814) AND (k <= 1736914))
	  ->  Bitmap Index Scan on k_7  (cost=0.00..5.38 rows=95 width=0)
	        Index Cond: ((k >= 1736814) AND (k <= 1736914))

table 8 : explain SELECT k, c FROM sbtest8 WHERE k BETWEEN 1736814 AND 1736914
	Bitmap Heap Scan on sbtest8  (cost=5.46..401.65 rows=100 width=125)
	  Recheck Cond: ((k >= 1736814) AND (k <= 1736914))
	  ->  Bitmap Index Scan on k_8  (cost=0.00..5.43 rows=100 width=0)
	        Index Cond: ((k >= 1736814) AND (k <= 1736914))


explain: for range-notcovered :: explain SELECT k, c FROM sbtest%d WHERE k BETWEEN 8262231 AND 8262331
explain: for range-notcovered :: explain SELECT k, c FROM sbtest%d WHERE k BETWEEN 4791999 AND 4792099
explain: for range-notcovered :: explain SELECT k, c FROM sbtest%d WHERE k BETWEEN 5503157 AND 5503257
explain: for range-notcovered :: explain SELECT k, c FROM sbtest%d WHERE k BETWEEN 4873456 AND 4873556
explain: for range-notcovered :: explain SELECT k, c FROM sbtest%d WHERE k BETWEEN 6148959 AND 6149059explain: for range-notcovered :: explain SELECT k, c FROM sbtest%d WHERE k BETWEEN 5813883 AND 5813983
explain: for range-notcovered :: explain SELECT k, c FROM sbtest%d WHERE k BETWEEN 6262062 AND 6262162
for range-notcovered
table 1 : explain SELECT k, c FROM sbtest1 WHERE k BETWEEN 2158070 AND 2158170
	Bitmap Heap Scan on sbtest1  (cost=5.46..401.69 rows=100 width=125)
	  Recheck Cond: ((k >= 2158070) AND (k <= 2158170))
	  ->  Bitmap Index Scan on k_1  (cost=0.00..5.43 rows=100 width=0)
	        Index Cond: ((k >= 2158070) AND (k <= 2158170))

table 2 : explain SELECT k, c FROM sbtest2 WHERE k BETWEEN 2158070 AND 2158170
	Bitmap Heap Scan on sbtest2  (cost=5.53..429.25 rows=107 width=125)
	  Recheck Cond: ((k >= 2158070) AND (k <= 2158170))
	  ->  Bitmap Index Scan on k_2  (cost=0.00..5.50 rows=107 width=0)
	        Index Cond: ((k >= 2158070) AND (k <= 2158170))

table 3 : explain SELECT k, c FROM sbtest3 WHERE k BETWEEN 2158070 AND 2158170
	Bitmap Heap Scan on sbtest3  (cost=5.53..429.19 rows=107 width=125)
	  Recheck Cond: ((k >= 2158070) AND (k <= 2158170))
	  ->  Bitmap Index Scan on k_3  (cost=0.00..5.50 rows=107 width=0)
	        Index Cond: ((k >= 2158070) AND (k <= 2158170))

table 4 : explain SELECT k, c FROM sbtest4 WHERE k BETWEEN 2158070 AND 2158170
	Bitmap Heap Scan on sbtest4  (cost=5.51..421.36 rows=105 width=125)
	  Recheck Cond: ((k >= 2158070) AND (k <= 2158170))
	  ->  Bitmap Index Scan on k_4  (cost=0.00..5.48 rows=105 width=0)
	        Index Cond: ((k >= 2158070) AND (k <= 2158170))

table 5 : explain SELECT k, c FROM sbtest5 WHERE k BETWEEN 2158070 AND 2158170
	Bitmap Heap Scan on sbtest5  (cost=5.45..397.70 rows=99 width=125)
	  Recheck Cond: ((k >= 2158070) AND (k <= 2158170))
	  ->  Bitmap Index Scan on k_5  (cost=0.00..5.42 rows=99 width=0)
	        Index Cond: ((k >= 2158070) AND (k <= 2158170))

table 6 : explain SELECT k, c FROM sbtest6 WHERE k BETWEEN 2158070 AND 2158170
	Bitmap Heap Scan on sbtest6  (cost=5.45..397.69 rows=99 width=125)
	  Recheck Cond: ((k >= 2158070) AND (k <= 2158170))
	  ->  Bitmap Index Scan on k_6  (cost=0.00..5.42 rows=99 width=0)
	        Index Cond: ((k >= 2158070) AND (k <= 2158170))

table 7 : explain SELECT k, c FROM sbtest7 WHERE k BETWEEN 2158070 AND 2158170
	Bitmap Heap Scan on sbtest7  (cost=5.45..397.63 rows=99 width=125)
	  Recheck Cond: ((k >= 2158070) AND (k <= 2158170))
	  ->  Bitmap Index Scan on k_7  (cost=0.00..5.42 rows=99 width=0)
	        Index Cond: ((k >= 2158070) AND (k <= 2158170))

table 8 : explain SELECT k, c FROM sbtest8 WHERE k BETWEEN 2158070 AND 2158170
	Bitmap Heap Scan on sbtest8  (cost=5.52..425.32 rows=106 width=125)
	  Recheck Cond: ((k >= 2158070) AND (k <= 2158170))
	  ->  Bitmap Index Scan on k_8  (cost=0.00..5.50 rows=106 width=0)
	        Index Cond: ((k >= 2158070) AND (k <= 2158170))

for range-notcovered
table 1 : explain SELECT k, c FROM sbtest1 WHERE k BETWEEN 7841640 AND 7841740
	Bitmap Heap Scan on sbtest1  (cost=5.51..421.42 rows=105 width=125)
	  Recheck Cond: ((k >= 7841640) AND (k <= 7841740))
	  ->  Bitmap Index Scan on k_1  (cost=0.00..5.48 rows=105 width=0)
	        Index Cond: ((k >= 7841640) AND (k <= 7841740))

table 2 : explain SELECT k, c FROM sbtest2 WHERE k BETWEEN 7841640 AND 7841740
	Bitmap Heap Scan on sbtest2  (cost=5.52..425.31 rows=106 width=125)
	  Recheck Cond: ((k >= 7841640) AND (k <= 7841740))
	  ->  Bitmap Index Scan on k_2  (cost=0.00..5.50 rows=106 width=0)
	        Index Cond: ((k >= 7841640) AND (k <= 7841740))

table 3 : explain SELECT k, c FROM sbtest3 WHERE k BETWEEN 7841640 AND 7841740
	Bitmap Heap Scan on sbtest3  (cost=5.44..393.70 rows=98 width=125)
	  Recheck Cond: ((k >= 7841640) AND (k <= 7841740))
	  ->  Bitmap Index Scan on k_3  (cost=0.00..5.42 rows=98 width=0)
	        Index Cond: ((k >= 7841640) AND (k <= 7841740))

table 4 : explain SELECT k, c FROM sbtest4 WHERE k BETWEEN 7841640 AND 7841740
	Bitmap Heap Scan on sbtest4  (cost=5.45..397.70 rows=99 width=125)
	  Recheck Cond: ((k >= 7841640) AND (k <= 7841740))
	  ->  Bitmap Index Scan on k_4  (cost=0.00..5.42 rows=99 width=0)
	        Index Cond: ((k >= 7841640) AND (k <= 7841740))

table 5 : explain SELECT k, c FROM sbtest5 WHERE k BETWEEN 7841640 AND 7841740
	Bitmap Heap Scan on sbtest5  (cost=5.48..409.54 rows=102 width=125)
	  Recheck Cond: ((k >= 7841640) AND (k <= 7841740))
	  ->  Bitmap Index Scan on k_5  (cost=0.00..5.45 rows=102 width=0)
	        Index Cond: ((k >= 7841640) AND (k <= 7841740))

table 6 : explain SELECT k, c FROM sbtest6 WHERE k BETWEEN 7841640 AND 7841740
	Bitmap Heap Scan on sbtest6  (cost=5.42..385.85 rows=96 width=125)
	  Recheck Cond: ((k >= 7841640) AND (k <= 7841740))
	  ->  Bitmap Index Scan on k_6  (cost=0.00..5.39 rows=96 width=0)
	        Index Cond: ((k >= 7841640) AND (k <= 7841740))

table 7 : explain SELECT k, c FROM sbtest7 WHERE k BETWEEN 7841640 AND 7841740
	Bitmap Heap Scan on sbtest7  (cost=5.38..370.00 rows=92 width=125)
	  Recheck Cond: ((k >= 7841640) AND (k <= 7841740))
	  ->  Bitmap Index Scan on k_7  (cost=0.00..5.35 rows=92 width=0)
	        Index Cond: ((k >= 7841640) AND (k <= 7841740))

table 8 : explain SELECT k, c FROM sbtest8 WHERE k BETWEEN 7841640 AND 7841740
	Bitmap Heap Scan on sbtest8  (cost=5.48..409.54 rows=102 width=125)
	  Recheck Cond: ((k >= 7841640) AND (k <= 7841740))
	  ->  Bitmap Index Scan on k_8  (cost=0.00..5.45 rows=102 width=0)
	        Index Cond: ((k >= 7841640) AND (k <= 7841740))

explain: for range-notcovered :: explain SELECT k, c FROM sbtest%d WHERE k BETWEEN 1736814 AND 1736914for range-notcovered
table 1 : explain SELECT k, c FROM sbtest1 WHERE k BETWEEN 7372991 AND 7373091
	Bitmap Heap Scan on sbtest1  (cost=5.42..385.90 rows=96 width=125)
	  Recheck Cond: ((k >= 7372991) AND (k <= 7373091))
	  ->  Bitmap Index Scan on k_1  (cost=0.00..5.39 rows=96 width=0)
	        Index Cond: ((k >= 7372991) AND (k <= 7373091))

table 2 : explain SELECT k, c FROM sbtest2 WHERE k BETWEEN 7372991 AND 7373091
	Bitmap Heap Scan on sbtest2  (cost=5.43..389.80 rows=97 width=125)
	  Recheck Cond: ((k >= 7372991) AND (k <= 7373091))
	  ->  Bitmap Index Scan on k_2  (cost=0.00..5.40 rows=97 width=0)
	        Index Cond: ((k >= 7372991) AND (k <= 7373091))

table 3 : explain SELECT k, c FROM sbtest3 WHERE k BETWEEN 7372991 AND 7373091
	Bitmap Heap Scan on sbtest3  (cost=5.43..389.75 rows=97 width=125)
	  Recheck Cond: ((k >= 7372991) AND (k <= 7373091))
	  ->  Bitmap Index Scan on k_3  (cost=0.00..5.40 rows=97 width=0)
	        Index Cond: ((k >= 7372991) AND (k <= 7373091))

table 4 : explain SELECT k, c FROM sbtest4 WHERE k BETWEEN 7372991 AND 7373091
	Bitmap Heap Scan on sbtest4  (cost=5.40..377.96 rows=94 width=125)
	  Recheck Cond: ((k >= 7372991) AND (k <= 7373091))
	  ->  Bitmap Index Scan on k_4  (cost=0.00..5.38 rows=94 width=0)
	        Index Cond: ((k >= 7372991) AND (k <= 7373091))

table 5 : explain SELECT k, c FROM sbtest5 WHERE k BETWEEN 7372991 AND 7373091
	Bitmap Heap Scan on sbtest5  (cost=5.46..401.65 rows=100 width=125)
	  Recheck Cond: ((k >= 7372991) AND (k <= 7373091))
	  ->  Bitmap Index Scan on k_5  (cost=0.00..5.43 rows=100 width=0)
	        Index Cond: ((k >= 7372991) AND (k <= 7373091))

table 6 : explain SELECT k, c FROM sbtest6 WHERE k BETWEEN 7372991 AND 7373091
	Bitmap Heap Scan on sbtest6  (cost=5.52..425.30 rows=106 width=125)
	  Recheck Cond: ((k >= 7372991) AND (k <= 7373091))
	  ->  Bitmap Index Scan on k_6  (cost=0.00..5.50 rows=106 width=0)
	        Index Cond: ((k >= 7372991) AND (k <= 7373091))

table 7 : explain SELECT k, c FROM sbtest7 WHERE k BETWEEN 7372991 AND 7373091
	Bitmap Heap Scan on sbtest7  (cost=5.65..476.45 rows=119 width=125)
	  Recheck Cond: ((k >= 7372991) AND (k <= 7373091))
	  ->  Bitmap Index Scan on k_7  (cost=0.00..5.62 rows=119 width=0)
	        Index Cond: ((k >= 7372991) AND (k <= 7373091))

table 8 : explain SELECT k, c FROM sbtest8 WHERE k BETWEEN 7372991 AND 7373091
	Bitmap Heap Scan on sbtest8  (cost=5.43..389.81 rows=97 width=125)
	  Recheck Cond: ((k >= 7372991) AND (k <= 7373091))
	  ->  Bitmap Index Scan on k_8  (cost=0.00..5.40 rows=97 width=0)
	        Index Cond: ((k >= 7372991) AND (k <= 7373091))

for range-notcovered
table 1 : explain SELECT k, c FROM sbtest1 WHERE k BETWEEN 5603877 AND 5603977
	Bitmap Heap Scan on sbtest1  (cost=5.57..445.08 rows=111 width=125)
	  Recheck Cond: ((k >= 5603877) AND (k <= 5603977))
	  ->  Bitmap Index Scan on k_1  (cost=0.00..5.54 rows=111 width=0)
	        Index Cond: ((k >= 5603877) AND (k <= 5603977))

table 2 : explain SELECT k, c FROM sbtest2 WHERE k BETWEEN 5603877 AND 5603977
	Bitmap Heap Scan on sbtest2  (cost=5.40..377.96 rows=94 width=125)
	  Recheck Cond: ((k >= 5603877) AND (k <= 5603977))
	  ->  Bitmap Index Scan on k_2  (cost=0.00..5.38 rows=94 width=0)
	        Index Cond: ((k >= 5603877) AND (k <= 5603977))

table 3 : explain SELECT k, c FROM sbtest3 WHERE k BETWEEN 5603877 AND 5603977
	Bitmap Heap Scan on sbtest3  (cost=5.53..429.19 rows=107 width=125)
	  Recheck Cond: ((k >= 5603877) AND (k <= 5603977))
	  ->  Bitmap Index Scan on k_3  (cost=0.00..5.50 rows=107 width=0)
	        Index Cond: ((k >= 5603877) AND (k <= 5603977))

table 4 : explain SELECT k, c FROM sbtest4 WHERE k BETWEEN 5603877 AND 5603977
	Bitmap Heap Scan on sbtest4  (cost=5.41..381.91 rows=95 width=125)
	  Recheck Cond: ((k >= 5603877) AND (k <= 5603977))
	  ->  Bitmap Index Scan on k_4  (cost=0.00..5.38 rows=95 width=0)
	        Index Cond: ((k >= 5603877) AND (k <= 5603977))

table 5 : explain SELECT k, c FROM sbtest5 WHERE k BETWEEN 5603877 AND 5603977
	Bitmap Heap Scan on sbtest5  (cost=5.52..425.32 rows=106 width=125)
	  Recheck Cond: ((k >= 5603877) AND (k <= 5603977))
	  ->  Bitmap Index Scan on k_5  (cost=0.00..5.50 rows=106 width=0)
	        Index Cond: ((k >= 5603877) AND (k <= 5603977))

table 6 : explain SELECT k, c FROM sbtest6 WHERE k BETWEEN 5603877 AND 5603977
	Bitmap Heap Scan on sbtest6  (cost=5.41..381.90 rows=95 width=125)
	  Recheck Cond: ((k >= 5603877) AND (k <= 5603977))
	  ->  Bitmap Index Scan on k_6  (cost=0.00..5.38 rows=95 width=0)
	        Index Cond: ((k >= 5603877) AND (k <= 5603977))

table 7 : explain SELECT k, c FROM sbtest7 WHERE k BETWEEN 5603877 AND 5603977
	Bitmap Heap Scan on sbtest7  (cost=5.43..389.74 rows=97 width=125)
	  Recheck Cond: ((k >= 5603877) AND (k <= 5603977))
	  ->  Bitmap Index Scan on k_7  (cost=0.00..5.40 rows=97 width=0)
	        Index Cond: ((k >= 5603877) AND (k <= 5603977))

table 8 : explain SELECT k, c FROM sbtest8 WHERE k BETWEEN 5603877 AND 5603977
	Bitmap Heap Scan on sbtest8  (cost=5.45..397.70 rows=99 width=125)
	  Recheck Cond: ((k >= 5603877) AND (k <= 5603977))
	  ->  Bitmap Index Scan on k_8  (cost=0.00..5.42 rows=99 width=0)
	        Index Cond: ((k >= 5603877) AND (k <= 5603977))


explain: for range-notcovered :: explain SELECT k, c FROM sbtest%d WHERE k BETWEEN 2158070 AND 2158170
for range-notcovered
table 1 : explain SELECT k, c FROM sbtest1 WHERE k BETWEEN 7179680 AND 7179780
	Bitmap Heap Scan on sbtest1  (cost=5.38..370.11 rows=92 width=125)
	  Recheck Cond: ((k >= 7179680) AND (k <= 7179780))
	  ->  Bitmap Index Scan on k_1  (cost=0.00..5.35 rows=92 width=0)
	        Index Cond: ((k >= 7179680) AND (k <= 7179780))

table 2 : explain SELECT k, c FROM sbtest2 WHERE k BETWEEN 7179680 AND 7179780
	Bitmap Heap Scan on sbtest2  (cost=5.48..409.53 rows=102 width=125)
	  Recheck Cond: ((k >= 7179680) AND (k <= 7179780))
	  ->  Bitmap Index Scan on k_2  (cost=0.00..5.45 rows=102 width=0)
	        Index Cond: ((k >= 7179680) AND (k <= 7179780))

table 3 : explain SELECT k, c FROM sbtest3 WHERE k BETWEEN 7179680 AND 7179780
	Bitmap Heap Scan on sbtest3  (cost=5.47..405.53 rows=101 width=125)
	  Recheck Cond: ((k >= 7179680) AND (k <= 7179780))
	  ->  Bitmap Index Scan on k_3  (cost=0.00..5.44 rows=101 width=0)
	        Index Cond: ((k >= 7179680) AND (k <= 7179780))

table 4 : explain SELECT k, c FROM sbtest4 WHERE k BETWEEN 7179680 AND 7179780
	Bitmap Heap Scan on sbtest4  (cost=5.53..429.25 rows=107 width=125)
	  Recheck Cond: ((k >= 7179680) AND (k <= 7179780))
	  ->  Bitmap Index Scan on k_4  (cost=0.00..5.50 rows=107 width=0)
	        Index Cond: ((k >= 7179680) AND (k <= 7179780))

table 5 : explain SELECT k, c FROM sbtest5 WHERE k BETWEEN 7179680 AND 7179780
	Bitmap Heap Scan on sbtest5  (cost=5.43..389.81 rows=97 width=125)
	  Recheck Cond: ((k >= 7179680) AND (k <= 7179780))
	  ->  Bitmap Index Scan on k_5  (cost=0.00..5.40 rows=97 width=0)
	        Index Cond: ((k >= 7179680) AND (k <= 7179780))

table 6 : explain SELECT k, c FROM sbtest6 WHERE k BETWEEN 7179680 AND 7179780
	Bitmap Heap Scan on sbtest6  (cost=5.45..397.69 rows=99 width=125)
	  Recheck Cond: ((k >= 7179680) AND (k <= 7179780))
	  ->  Bitmap Index Scan on k_6  (cost=0.00..5.42 rows=99 width=0)
	        Index Cond: ((k >= 7179680) AND (k <= 7179780))

table 7 : explain SELECT k, c FROM sbtest7 WHERE k BETWEEN 7179680 AND 7179780
	Bitmap Heap Scan on sbtest7  (cost=5.43..389.74 rows=97 width=125)
	  Recheck Cond: ((k >= 7179680) AND (k <= 7179780))
	  ->  Bitmap Index Scan on k_7  (cost=0.00..5.40 rows=97 width=0)
	        Index Cond: ((k >= 7179680) AND (k <= 7179780))

table 8 : explain SELECT k, c FROM sbtest8 WHERE k BETWEEN 7179680 AND 7179780
	Bitmap Heap Scan on sbtest8  (cost=5.50..417.43 rows=104 width=125)
	  Recheck Cond: ((k >= 7179680) AND (k <= 7179780))
	  ->  Bitmap Index Scan on k_8  (cost=0.00..5.47 rows=104 width=0)
	        Index Cond: ((k >= 7179680) AND (k <= 7179780))
explain: for range-notcovered :: explain SELECT k, c FROM sbtest%d WHERE k BETWEEN 7372991 AND 7373091
for range-notcovered
table 1 : explain SELECT k, c FROM sbtest1 WHERE k BETWEEN 8376998 AND 8377098
	Bitmap Heap Scan on sbtest1  (cost=5.51..421.42 rows=105 width=125)
	  Recheck Cond: ((k >= 8376998) AND (k <= 8377098))
	  ->  Bitmap Index Scan on k_1  (cost=0.00..5.48 rows=105 width=0)
	        Index Cond: ((k >= 8376998) AND (k <= 8377098))

table 2 : explain SELECT k, c FROM sbtest2 WHERE k BETWEEN 8376998 AND 8377098
	Bitmap Heap Scan on sbtest2  (cost=5.53..429.25 rows=107 width=125)
	  Recheck Cond: ((k >= 8376998) AND (k <= 8377098))
	  ->  Bitmap Index Scan on k_2  (cost=0.00..5.50 rows=107 width=0)
	        Index Cond: ((k >= 8376998) AND (k <= 8377098))

table 3 : explain SELECT k, c FROM sbtest3 WHERE k BETWEEN 8376998 AND 8377098
	Bitmap Heap Scan on sbtest3  (cost=5.41..381.86 rows=95 width=125)
	  Recheck Cond: ((k >= 8376998) AND (k <= 8377098))
	  ->  Bitmap Index Scan on k_3  (cost=0.00..5.38 rows=95 width=0)
	        Index Cond: ((k >= 8376998) AND (k <= 8377098))

table 4 : explain SELECT k, c FROM sbtest4 WHERE k BETWEEN 8376998 AND 8377098
	Bitmap Heap Scan on sbtest4  (cost=5.51..421.36 rows=105 width=125)
	  Recheck Cond: ((k >= 8376998) AND (k <= 8377098))
	  ->  Bitmap Index Scan on k_4  (cost=0.00..5.48 rows=105 width=0)
	        Index Cond: ((k >= 8376998) AND (k <= 8377098))

table 5 : explain SELECT k, c FROM sbtest5 WHERE k BETWEEN 8376998 AND 8377098
	Bitmap Heap Scan on sbtest5  (cost=5.42..385.86 rows=96 width=125)
	  Recheck Cond: ((k >= 8376998) AND (k <= 8377098))
	  ->  Bitmap Index Scan on k_5  (cost=0.00..5.39 rows=96 width=0)
	        Index Cond: ((k >= 8376998) AND (k <= 8377098))

table 6 : explain SELECT k, c FROM sbtest6 WHERE k BETWEEN 8376998 AND 8377098
	Bitmap Heap Scan on sbtest6  (cost=5.50..417.41 rows=104 width=125)
	  Recheck Cond: ((k >= 8376998) AND (k <= 8377098))
	  ->  Bitmap Index Scan on k_6  (cost=0.00..5.47 rows=104 width=0)
	        Index Cond: ((k >= 8376998) AND (k <= 8377098))

table 7 : explain SELECT k, c FROM sbtest7 WHERE k BETWEEN 8376998 AND 8377098
	Bitmap Heap Scan on sbtest7  (cost=5.47..405.52 rows=101 width=125)
	  Recheck Cond: ((k >= 8376998) AND (k <= 8377098))
	  ->  Bitmap Index Scan on k_7  (cost=0.00..5.44 rows=101 width=0)
	        Index Cond: ((k >= 8376998) AND (k <= 8377098))

table 8 : explain SELECT k, c FROM sbtest8 WHERE k BETWEEN 8376998 AND 8377098
	Bitmap Heap Scan on sbtest8  (cost=5.47..405.60 rows=101 width=125)
	  Recheck Cond: ((k >= 8376998) AND (k <= 8377098))
	  ->  Bitmap Index Scan on k_8  (cost=0.00..5.44 rows=101 width=0)
	        Index Cond: ((k >= 8376998) AND (k <= 8377098))
for range-notcovered
table 1 : explain SELECT k, c FROM sbtest1 WHERE k BETWEEN 7813504 AND 7813604
	Bitmap Heap Scan on sbtest1  (cost=5.51..421.42 rows=105 width=125)
	  Recheck Cond: ((k >= 7813504) AND (k <= 7813604))
	  ->  Bitmap Index Scan on k_1  (cost=0.00..5.48 rows=105 width=0)
	        Index Cond: ((k >= 7813504) AND (k <= 7813604))

table 2 : explain SELECT k, c FROM sbtest2 WHERE k BETWEEN 7813504 AND 7813604
	Bitmap Heap Scan on sbtest2  (cost=5.47..405.59 rows=101 width=125)
	  Recheck Cond: ((k >= 7813504) AND (k <= 7813604))
	  ->  Bitmap Index Scan on k_2  (cost=0.00..5.44 rows=101 width=0)
	        Index Cond: ((k >= 7813504) AND (k <= 7813604))

table 3 : explain SELECT k, c FROM sbtest3 WHERE k BETWEEN 7813504 AND 7813604
	Bitmap Heap Scan on sbtest3  (cost=5.44..393.70 rows=98 width=125)
	  Recheck Cond: ((k >= 7813504) AND (k <= 7813604))
	  ->  Bitmap Index Scan on k_3  (cost=0.00..5.42 rows=98 width=0)
	        Index Cond: ((k >= 7813504) AND (k <= 7813604))

table 4 : explain SELECT k, c FROM sbtest4 WHERE k BETWEEN 7813504 AND 7813604
	Bitmap Heap Scan on sbtest4  (cost=5.46..401.64 rows=100 width=125)
	  Recheck Cond: ((k >= 7813504) AND (k <= 7813604))
	  ->  Bitmap Index Scan on k_4  (cost=0.00..5.43 rows=100 width=0)
	        Index Cond: ((k >= 7813504) AND (k <= 7813604))

table 5 : explain SELECT k, c FROM sbtest5 WHERE k BETWEEN 7813504 AND 7813604
	Bitmap Heap Scan on sbtest5  (cost=5.48..409.54 rows=102 width=125)
	  Recheck Cond: ((k >= 7813504) AND (k <= 7813604))
	  ->  Bitmap Index Scan on k_5  (cost=0.00..5.45 rows=102 width=0)
	        Index Cond: ((k >= 7813504) AND (k <= 7813604))

table 6 : explain SELECT k, c FROM sbtest6 WHERE k BETWEEN 7813504 AND 7813604
	Bitmap Heap Scan on sbtest6  (cost=5.44..393.74 rows=98 width=125)
	  Recheck Cond: ((k >= 7813504) AND (k <= 7813604))
	  ->  Bitmap Index Scan on k_6  (cost=0.00..5.42 rows=98 width=0)
	        Index Cond: ((k >= 7813504) AND (k <= 7813604))

table 7 : explain SELECT k, c FROM sbtest7 WHERE k BETWEEN 7813504 AND 7813604
	Bitmap Heap Scan on sbtest7  (cost=5.38..370.00 rows=92 width=125)
	  Recheck Cond: ((k >= 7813504) AND (k <= 7813604))
	  ->  Bitmap Index Scan on k_7  (cost=0.00..5.35 rows=92 width=0)
	        Index Cond: ((k >= 7813504) AND (k <= 7813604))

table 8 : explain SELECT k, c FROM sbtest8 WHERE k BETWEEN 7813504 AND 7813604
	Bitmap Heap Scan on sbtest8  (cost=5.48..409.54 rows=102 width=125)
	  Recheck Cond: ((k >= 7813504) AND (k <= 7813604))
	  ->  Bitmap Index Scan on k_8  (cost=0.00..5.45 rows=102 width=0)
	        Index Cond: ((k >= 7813504) AND (k <= 7813604))

for range-notcovered
table 1 : explain SELECT k, c FROM sbtest1 WHERE k BETWEEN 2646947 AND 2647047
	Bitmap Heap Scan on sbtest1  (cost=5.61..460.84 rows=115 width=125)
	  Recheck Cond: ((k >= 2646947) AND (k <= 2647047))
	  ->  Bitmap Index Scan on k_1  (cost=0.00..5.58 rows=115 width=0)
	        Index Cond: ((k >= 2646947) AND (k <= 2647047))

table 2 : explain SELECT k, c FROM sbtest2 WHERE k BETWEEN 2646947 AND 2647047
	Bitmap Heap Scan on sbtest2  (cost=5.45..397.70 rows=99 width=125)
	  Recheck Cond: ((k >= 2646947) AND (k <= 2647047))
	  ->  Bitmap Index Scan on k_2  (cost=0.00..5.42 rows=99 width=0)
	        Index Cond: ((k >= 2646947) AND (k <= 2647047))

table 3 : explain SELECT k, c FROM sbtest3 WHERE k BETWEEN 2646947 AND 2647047
	Bitmap Heap Scan on sbtest3  (cost=5.43..389.75 rows=97 width=125)
	  Recheck Cond: ((k >= 2646947) AND (k <= 2647047))
	  ->  Bitmap Index Scan on k_3  (cost=0.00..5.40 rows=97 width=0)
	        Index Cond: ((k >= 2646947) AND (k <= 2647047))

table 4 : explain SELECT k, c FROM sbtest4 WHERE k BETWEEN 2646947 AND 2647047
	Bitmap Heap Scan on sbtest4  (cost=5.45..397.70 rows=99 width=125)
	  Recheck Cond: ((k >= 2646947) AND (k <= 2647047))
	  ->  Bitmap Index Scan on k_4  (cost=0.00..5.42 rows=99 width=0)
	        Index Cond: ((k >= 2646947) AND (k <= 2647047))

table 5 : explain SELECT k, c FROM sbtest5 WHERE k BETWEEN 2646947 AND 2647047
	Bitmap Heap Scan on sbtest5  (cost=5.38..370.07 rows=92 width=125)
	  Recheck Cond: ((k >= 2646947) AND (k <= 2647047))
	  ->  Bitmap Index Scan on k_5  (cost=0.00..5.35 rows=92 width=0)
	        Index Cond: ((k >= 2646947) AND (k <= 2647047))

table 6 : explain SELECT k, c FROM sbtest6 WHERE k BETWEEN 2646947 AND 2647047
	Bitmap Heap Scan on sbtest6  (cost=5.46..401.63 rows=100 width=125)
	  Recheck Cond: ((k >= 2646947) AND (k <= 2647047))
	  ->  Bitmap Index Scan on k_6  (cost=0.00..5.43 rows=100 width=0)
	        Index Cond: ((k >= 2646947) AND (k <= 2647047))

table 7 : explain SELECT k, c FROM sbtest7 WHERE k BETWEEN 2646947 AND 2647047
	Bitmap Heap Scan on sbtest7  (cost=5.49..413.41 rows=103 width=125)
	  Recheck Cond: ((k >= 2646947) AND (k <= 2647047))
	  ->  Bitmap Index Scan on k_7  (cost=0.00..5.46 rows=103 width=0)
	        Index Cond: ((k >= 2646947) AND (k <= 2647047))

table 8 : explain SELECT k, c FROM sbtest8 WHERE k BETWEEN 2646947 AND 2647047
	Bitmap Heap Scan on sbtest8  (cost=5.47..405.60 rows=101 width=125)
	  Recheck Cond: ((k >= 2646947) AND (k <= 2647047))
	  ->  Bitmap Index Scan on k_8  (cost=0.00..5.44 rows=101 width=0)
	        Index Cond: ((k >= 2646947) AND (k <= 2647047))
for range-notcovered
table 1 : explain SELECT k, c FROM sbtest1 WHERE k BETWEEN 6378941 AND 6379041
	Bitmap Heap Scan on sbtest1  (cost=5.53..429.30 rows=107 width=125)
	  Recheck Cond: ((k >= 6378941) AND (k <= 6379041))
	  ->  Bitmap Index Scan on k_1  (cost=0.00..5.50 rows=107 width=0)
	        Index Cond: ((k >= 6378941) AND (k <= 6379041))

table 2 : explain SELECT k, c FROM sbtest2 WHERE k BETWEEN 6378941 AND 6379041
	Bitmap Heap Scan on sbtest2  (cost=5.49..413.48 rows=103 width=125)
	  Recheck Cond: ((k >= 6378941) AND (k <= 6379041))
	  ->  Bitmap Index Scan on k_2  (cost=0.00..5.46 rows=103 width=0)
	        Index Cond: ((k >= 6378941) AND (k <= 6379041))

table 3 : explain SELECT k, c FROM sbtest3 WHERE k BETWEEN 6378941 AND 6379041
	Bitmap Heap Scan on sbtest3  (cost=5.55..437.08 rows=109 width=125)
	  Recheck Cond: ((k >= 6378941) AND (k <= 6379041))
	  ->  Bitmap Index Scan on k_3  (cost=0.00..5.52 rows=109 width=0)
	        Index Cond: ((k >= 6378941) AND (k <= 6379041))

table 4 : explain SELECT k, c FROM sbtest4 WHERE k BETWEEN 6378941 AND 6379041
	Bitmap Heap Scan on sbtest4  (cost=5.44..393.75 rows=98 width=125)
	  Recheck Cond: ((k >= 6378941) AND (k <= 6379041))
	  ->  Bitmap Index Scan on k_4  (cost=0.00..5.42 rows=98 width=0)
	        Index Cond: ((k >= 6378941) AND (k <= 6379041))

table 5 : explain SELECT k, c FROM sbtest5 WHERE k BETWEEN 6378941 AND 6379041
	Bitmap Heap Scan on sbtest5  (cost=5.39..374.02 rows=93 width=125)
	  Recheck Cond: ((k >= 6378941) AND (k <= 6379041))
	  ->  Bitmap Index Scan on k_5  (cost=0.00..5.36 rows=93 width=0)
	        Index Cond: ((k >= 6378941) AND (k <= 6379041))

table 6 : explain SELECT k, c FROM sbtest6 WHERE k BETWEEN 6378941 AND 6379041
	Bitmap Heap Scan on sbtest6  (cost=5.41..381.90 rows=95 width=125)
	  Recheck Cond: ((k >= 6378941) AND (k <= 6379041))
	  ->  Bitmap Index Scan on k_6  (cost=0.00..5.38 rows=95 width=0)
	        Index Cond: ((k >= 6378941) AND (k <= 6379041))

table 7 : explain SELECT k, c FROM sbtest7 WHERE k BETWEEN 6378941 AND 6379041
	Bitmap Heap Scan on sbtest7  (cost=5.45..397.63 rows=99 width=125)
	  Recheck Cond: ((k >= 6378941) AND (k <= 6379041))
	  ->  Bitmap Index Scan on k_7  (cost=0.00..5.42 rows=99 width=0)
	        Index Cond: ((k >= 6378941) AND (k <= 6379041))

table 8 : explain SELECT k, c FROM sbtest8 WHERE k BETWEEN 6378941 AND 6379041
	Bitmap Heap Scan on sbtest8  (cost=5.52..425.32 rows=106 width=125)
	  Recheck Cond: ((k >= 6378941) AND (k <= 6379041))
	  ->  Bitmap Index Scan on k_8  (cost=0.00..5.50 rows=106 width=0)
	        Index Cond: ((k >= 6378941) AND (k <= 6379041))
for range-notcovered
table 1 : explain SELECT k, c FROM sbtest1 WHERE k BETWEEN 6909611 AND 6909711
	Bitmap Heap Scan on sbtest1  (cost=5.46..401.69 rows=100 width=125)
	  Recheck Cond: ((k >= 6909611) AND (k <= 6909711))
	  ->  Bitmap Index Scan on k_1  (cost=0.00..5.43 rows=100 width=0)
	        Index Cond: ((k >= 6909611) AND (k <= 6909711))

table 2 : explain SELECT k, c FROM sbtest2 WHERE k BETWEEN 6909611 AND 6909711
	Bitmap Heap Scan on sbtest2  (cost=5.52..425.31 rows=106 width=125)
	  Recheck Cond: ((k >= 6909611) AND (k <= 6909711))
	  ->  Bitmap Index Scan on k_2  (cost=0.00..5.50 rows=106 width=0)
	        Index Cond: ((k >= 6909611) AND (k <= 6909711))

table 3 : explain SELECT k, c FROM sbtest3 WHERE k BETWEEN 6909611 AND 6909711
	Bitmap Heap Scan on sbtest3  (cost=5.57..444.96 rows=111 width=125)
	  Recheck Cond: ((k >= 6909611) AND (k <= 6909711))
	  ->  Bitmap Index Scan on k_3  (cost=0.00..5.54 rows=111 width=0)
	        Index Cond: ((k >= 6909611) AND (k <= 6909711))

table 4 : explain SELECT k, c FROM sbtest4 WHERE k BETWEEN 6909611 AND 6909711
	Bitmap Heap Scan on sbtest4  (cost=5.44..393.75 rows=98 width=125)
	  Recheck Cond: ((k >= 6909611) AND (k <= 6909711))
	  ->  Bitmap Index Scan on k_4  (cost=0.00..5.42 rows=98 width=0)
	        Index Cond: ((k >= 6909611) AND (k <= 6909711))

table 5 : explain SELECT k, c FROM sbtest5 WHERE k BETWEEN 6909611 AND 6909711
	Bitmap Heap Scan on sbtest5  (cost=5.42..385.86 rows=96 width=125)
	  Recheck Cond: ((k >= 6909611) AND (k <= 6909711))
	  ->  Bitmap Index Scan on k_5  (cost=0.00..5.39 rows=96 width=0)
	        Index Cond: ((k >= 6909611) AND (k <= 6909711))

table 6 : explain SELECT k, c FROM sbtest6 WHERE k BETWEEN 6909611 AND 6909711
	Bitmap Heap Scan on sbtest6  (cost=5.42..385.85 rows=96 width=125)
	  Recheck Cond: ((k >= 6909611) AND (k <= 6909711))
	  ->  Bitmap Index Scan on k_6  (cost=0.00..5.39 rows=96 width=0)
	        Index Cond: ((k >= 6909611) AND (k <= 6909711))

table 7 : explain SELECT k, c FROM sbtest7 WHERE k BETWEEN 6909611 AND 6909711
	Bitmap Heap Scan on sbtest7  (cost=5.47..405.52 rows=101 width=125)
	  Recheck Cond: ((k >= 6909611) AND (k <= 6909711))
	  ->  Bitmap Index Scan on k_7  (cost=0.00..5.44 rows=101 width=0)
	        Index Cond: ((k >= 6909611) AND (k <= 6909711))

table 8 : explain SELECT k, c FROM sbtest8 WHERE k BETWEEN 6909611 AND 6909711
	Bitmap Heap Scan on sbtest8  (cost=5.50..417.43 rows=104 width=125)
	  Recheck Cond: ((k >= 6909611) AND (k <= 6909711))
	  ->  Bitmap Index Scan on k_8  (cost=0.00..5.47 rows=104 width=0)
	        Index Cond: ((k >= 6909611) AND (k <= 6909711))



for range-notcovered
table 1 : explain SELECT k, c FROM sbtest1 WHERE k BETWEEN 2327787 AND 2327887
	Bitmap Heap Scan on sbtest1  (cost=5.37..366.16 rows=91 width=125)
	  Recheck Cond: ((k >= 2327787) AND (k <= 2327887))
	  ->  Bitmap Index Scan on k_1  (cost=0.00..5.34 rows=91 width=0)
	        Index Cond: ((k >= 2327787) AND (k <= 2327887))

table 2 : explain SELECT k, c FROM sbtest2 WHERE k BETWEEN 2327787 AND 2327887
	Bitmap Heap Scan on sbtest2  (cost=5.44..393.75 rows=98 width=125)
	  Recheck Cond: ((k >= 2327787) AND (k <= 2327887))
	  ->  Bitmap Index Scan on k_2  (cost=0.00..5.42 rows=98 width=0)
	        Index Cond: ((k >= 2327787) AND (k <= 2327887))

table 3 : explain SELECT k, c FROM sbtest3 WHERE k BETWEEN 2327787 AND 2327887
	Bitmap Heap Scan on sbtest3  (cost=5.57..444.96 rows=111 width=125)
	  Recheck Cond: ((k >= 2327787) AND (k <= 2327887))
	  ->  Bitmap Index Scan on k_3  (cost=0.00..5.54 rows=111 width=0)
	        Index Cond: ((k >= 2327787) AND (k <= 2327887))

table 4 : explain SELECT k, c FROM sbtest4 WHERE k BETWEEN 2327787 AND 2327887
	Bitmap Heap Scan on sbtest4  (cost=5.58..448.96 rows=112 width=125)
	  Recheck Cond: ((k >= 2327787) AND (k <= 2327887))
	  ->  Bitmap Index Scan on k_4  (cost=0.00..5.55 rows=112 width=0)
	        Index Cond: ((k >= 2327787) AND (k <= 2327887))

table 5 : explain SELECT k, c FROM sbtest5 WHERE k BETWEEN 2327787 AND 2327887
	Bitmap Heap Scan on sbtest5  (cost=5.52..425.32 rows=106 width=125)
	  Recheck Cond: ((k >= 2327787) AND (k <= 2327887))
	  ->  Bitmap Index Scan on k_5  (cost=0.00..5.50 rows=106 width=0)
	        Index Cond: ((k >= 2327787) AND (k <= 2327887))

table 6 : explain SELECT k, c FROM sbtest6 WHERE k BETWEEN 2327787 AND 2327887
	Bitmap Heap Scan on sbtest6  (cost=5.38..370.06 rows=92 width=125)
	  Recheck Cond: ((k >= 2327787) AND (k <= 2327887))
	  ->  Bitmap Index Scan on k_6  (cost=0.00..5.35 rows=92 width=0)
	        Index Cond: ((k >= 2327787) AND (k <= 2327887))

table 7 : explain SELECT k, c FROM sbtest7 WHERE k BETWEEN 2327787 AND 2327887
	Bitmap Heap Scan on sbtest7  (cost=5.45..397.63 rows=99 width=125)
	  Recheck Cond: ((k >= 2327787) AND (k <= 2327887))
	  ->  Bitmap Index Scan on k_7  (cost=0.00..5.42 rows=99 width=0)
	        Index Cond: ((k >= 2327787) AND (k <= 2327887))

table 8 : explain SELECT k, c FROM sbtest8 WHERE k BETWEEN 2327787 AND 2327887
	Bitmap Heap Scan on sbtest8  (cost=5.55..437.14 rows=109 width=125)
	  Recheck Cond: ((k >= 2327787) AND (k <= 2327887))
	  ->  Bitmap Index Scan on k_8  (cost=0.00..5.52 rows=109 width=0)
	        Index Cond: ((k >= 2327787) AND (k <= 2327887))


for range-notcovered
table 1 : explain SELECT k, c FROM sbtest1 WHERE k BETWEEN 4981137 AND 4981237
	Bitmap Heap Scan on sbtest1  (cost=5.43..389.85 rows=97 width=125)
	  Recheck Cond: ((k >= 4981137) AND (k <= 4981237))
	  ->  Bitmap Index Scan on k_1  (cost=0.00..5.40 rows=97 width=0)
	        Index Cond: ((k >= 4981137) AND (k <= 4981237))

table 2 : explain SELECT k, c FROM sbtest2 WHERE k BETWEEN 4981137 AND 4981237
	Bitmap Heap Scan on sbtest2  (cost=5.57..445.02 rows=111 width=125)
	  Recheck Cond: ((k >= 4981137) AND (k <= 4981237))
	  ->  Bitmap Index Scan on k_2  (cost=0.00..5.54 rows=111 width=0)
	        Index Cond: ((k >= 4981137) AND (k <= 4981237))

table 3 : explain SELECT k, c FROM sbtest3 WHERE k BETWEEN 4981137 AND 4981237
	Bitmap Heap Scan on sbtest3  (cost=5.46..401.59 rows=100 width=125)
	  Recheck Cond: ((k >= 4981137) AND (k <= 4981237))
	  ->  Bitmap Index Scan on k_3  (cost=0.00..5.43 rows=100 width=0)
	        Index Cond: ((k >= 4981137) AND (k <= 4981237))

table 4 : explain SELECT k, c FROM sbtest4 WHERE k BETWEEN 4981137 AND 4981237
	Bitmap Heap Scan on sbtest4  (cost=5.48..409.53 rows=102 width=125)
	  Recheck Cond: ((k >= 4981137) AND (k <= 4981237))
	  ->  Bitmap Index Scan on k_4  (cost=0.00..5.45 rows=102 width=0)
	        Index Cond: ((k >= 4981137) AND (k <= 4981237))

table 5 : explain SELECT k, c FROM sbtest5 WHERE k BETWEEN 4981137 AND 4981237
	Bitmap Heap Scan on sbtest5  (cost=5.45..397.70 rows=99 width=125)
	  Recheck Cond: ((k >= 4981137) AND (k <= 4981237))
	  ->  Bitmap Index Scan on k_5  (cost=0.00..5.42 rows=99 width=0)
	        Index Cond: ((k >= 4981137) AND (k <= 4981237))

table 6 : explain SELECT k, c FROM sbtest6 WHERE k BETWEEN 4981137 AND 4981237
	Bitmap Heap Scan on sbtest6  (cost=5.49..413.47 rows=103 width=125)
	  Recheck Cond: ((k >= 4981137) AND (k <= 4981237))
	  ->  Bitmap Index Scan on k_6  (cost=0.00..5.46 rows=103 width=0)
	        Index Cond: ((k >= 4981137) AND (k <= 4981237))

table 7 : explain SELECT k, c FROM sbtest7 WHERE k BETWEEN 4981137 AND 4981237
	Bitmap Heap Scan on sbtest7  (cost=5.42..385.79 rows=96 width=125)
	  Recheck Cond: ((k >= 4981137) AND (k <= 4981237))
	  ->  Bitmap Index Scan on k_7  (cost=0.00..5.39 rows=96 width=0)
	        Index Cond: ((k >= 4981137) AND (k <= 4981237))

table 8 : explain SELECT k, c FROM sbtest8 WHERE k BETWEEN 4981137 AND 4981237
	Bitmap Heap Scan on sbtest8  (cost=5.39..374.02 rows=93 width=125)
	  Recheck Cond: ((k >= 4981137) AND (k <= 4981237))
	  ->  Bitmap Index Scan on k_8  (cost=0.00..5.36 rows=93 width=0)
	        Index Cond: ((k >= 4981137) AND (k <= 4981237))
for range-notcovered
table 1 : explain SELECT k, c FROM sbtest1 WHERE k BETWEEN 6491710 AND 6491810
	Bitmap Heap Scan on sbtest1  (cost=5.42..385.90 rows=96 width=125)
	  Recheck Cond: ((k >= 6491710) AND (k <= 6491810))
	  ->  Bitmap Index Scan on k_1  (cost=0.00..5.39 rows=96 width=0)
	        Index Cond: ((k >= 6491710) AND (k <= 6491810))

table 2 : explain SELECT k, c FROM sbtest2 WHERE k BETWEEN 6491710 AND 6491810
	Bitmap Heap Scan on sbtest2  (cost=5.58..448.96 rows=112 width=125)
	  Recheck Cond: ((k >= 6491710) AND (k <= 6491810))
	  ->  Bitmap Index Scan on k_2  (cost=0.00..5.55 rows=112 width=0)
	        Index Cond: ((k >= 6491710) AND (k <= 6491810))

table 3 : explain SELECT k, c FROM sbtest3 WHERE k BETWEEN 6491710 AND 6491810
	Bitmap Heap Scan on sbtest3  (cost=5.47..405.53 rows=101 width=125)
	  Recheck Cond: ((k >= 6491710) AND (k <= 6491810))
	  ->  Bitmap Index Scan on k_3  (cost=0.00..5.44 rows=101 width=0)
	        Index Cond: ((k >= 6491710) AND (k <= 6491810))

table 4 : explain SELECT k, c FROM sbtest4 WHERE k BETWEEN 6491710 AND 6491810
	Bitmap Heap Scan on sbtest4  (cost=5.46..401.64 rows=100 width=125)
	  Recheck Cond: ((k >= 6491710) AND (k <= 6491810))
	  ->  Bitmap Index Scan on k_4  (cost=0.00..5.43 rows=100 width=0)
	        Index Cond: ((k >= 6491710) AND (k <= 6491810))

table 5 : explain SELECT k, c FROM sbtest5 WHERE k BETWEEN 6491710 AND 6491810
	Bitmap Heap Scan on sbtest5  (cost=5.39..374.02 rows=93 width=125)
	  Recheck Cond: ((k >= 6491710) AND (k <= 6491810))
	  ->  Bitmap Index Scan on k_5  (cost=0.00..5.36 rows=93 width=0)
	        Index Cond: ((k >= 6491710) AND (k <= 6491810))

table 6 : explain SELECT k, c FROM sbtest6 WHERE k BETWEEN 6491710 AND 6491810
	Bitmap Heap Scan on sbtest6  (cost=5.43..389.80 rows=97 width=125)
	  Recheck Cond: ((k >= 6491710) AND (k <= 6491810))
	  ->  Bitmap Index Scan on k_6  (cost=0.00..5.40 rows=97 width=0)
	        Index Cond: ((k >= 6491710) AND (k <= 6491810))

table 7 : explain SELECT k, c FROM sbtest7 WHERE k BETWEEN 6491710 AND 6491810
	Bitmap Heap Scan on sbtest7  (cost=5.48..409.46 rows=102 width=125)
	  Recheck Cond: ((k >= 6491710) AND (k <= 6491810))
	  ->  Bitmap Index Scan on k_7  (cost=0.00..5.45 rows=102 width=0)
	        Index Cond: ((k >= 6491710) AND (k <= 6491810))

table 8 : explain SELECT k, c FROM sbtest8 WHERE k BETWEEN 6491710 AND 6491810
	Bitmap Heap Scan on sbtest8  (cost=5.50..417.43 rows=104 width=125)
	  Recheck Cond: ((k >= 6491710) AND (k <= 6491810))
	  ->  Bitmap Index Scan on k_8  (cost=0.00..5.47 rows=104 width=0)
	        Index Cond: ((k >= 6491710) AND (k <= 6491810))

explain: for range-notcovered :: explain SELECT k, c FROM sbtest%d WHERE k BETWEEN 7841640 AND 7841740explain: for range-notcovered :: explain SELECT k, c FROM sbtest%d WHERE k BETWEEN 6909611 AND 6909711
for range-notcovered
table 1 : explain SELECT k, c FROM sbtest1 WHERE k BETWEEN 3507413 AND 3507513
	Bitmap Heap Scan on sbtest1  (cost=5.39..374.06 rows=93 width=125)
	  Recheck Cond: ((k >= 3507413) AND (k <= 3507513))
	  ->  Bitmap Index Scan on k_1  (cost=0.00..5.36 rows=93 width=0)
	        Index Cond: ((k >= 3507413) AND (k <= 3507513))

table 2 : explain SELECT k, c FROM sbtest2 WHERE k BETWEEN 3507413 AND 3507513
	Bitmap Heap Scan on sbtest2  (cost=5.48..409.53 rows=102 width=125)
	  Recheck Cond: ((k >= 3507413) AND (k <= 3507513))
	  ->  Bitmap Index Scan on k_2  (cost=0.00..5.45 rows=102 width=0)
	        Index Cond: ((k >= 3507413) AND (k <= 3507513))

table 3 : explain SELECT k, c FROM sbtest3 WHERE k BETWEEN 3507413 AND 3507513
	Bitmap Heap Scan on sbtest3  (cost=5.46..401.59 rows=100 width=125)
	  Recheck Cond: ((k >= 3507413) AND (k <= 3507513))
	  ->  Bitmap Index Scan on k_3  (cost=0.00..5.43 rows=100 width=0)
	        Index Cond: ((k >= 3507413) AND (k <= 3507513))

table 4 : explain SELECT k, c FROM sbtest4 WHERE k BETWEEN 3507413 AND 3507513
	Bitmap Heap Scan on sbtest4  (cost=5.46..401.64 rows=100 width=125)
	  Recheck Cond: ((k >= 3507413) AND (k <= 3507513))
	  ->  Bitmap Index Scan on k_4  (cost=0.00..5.43 rows=100 width=0)
	        Index Cond: ((k >= 3507413) AND (k <= 3507513))

table 5 : explain SELECT k, c FROM sbtest5 WHERE k BETWEEN 3507413 AND 3507513
	Bitmap Heap Scan on sbtest5  (cost=5.52..425.32 rows=106 width=125)
	  Recheck Cond: ((k >= 3507413) AND (k <= 3507513))
	  ->  Bitmap Index Scan on k_5  (cost=0.00..5.50 rows=106 width=0)
	        Index Cond: ((k >= 3507413) AND (k <= 3507513))

table 6 : explain SELECT k, c FROM sbtest6 WHERE k BETWEEN 3507413 AND 3507513
	Bitmap Heap Scan on sbtest6  (cost=5.55..437.13 rows=109 width=125)
	  Recheck Cond: ((k >= 3507413) AND (k <= 3507513))
	  ->  Bitmap Index Scan on k_6  (cost=0.00..5.52 rows=109 width=0)
	        Index Cond: ((k >= 3507413) AND (k <= 3507513))

table 7 : explain SELECT k, c FROM sbtest7 WHERE k BETWEEN 3507413 AND 3507513
	Bitmap Heap Scan on sbtest7  (cost=5.46..401.57 rows=100 width=125)
	  Recheck Cond: ((k >= 3507413) AND (k <= 3507513))
	  ->  Bitmap Index Scan on k_7  (cost=0.00..5.43 rows=100 width=0)
	        Index Cond: ((k >= 3507413) AND (k <= 3507513))

table 8 : explain SELECT k, c FROM sbtest8 WHERE k BETWEEN 3507413 AND 3507513
	Bitmap Heap Scan on sbtest8  (cost=5.53..429.26 rows=107 width=125)
	  Recheck Cond: ((k >= 3507413) AND (k <= 3507513))
	  ->  Bitmap Index Scan on k_8  (cost=0.00..5.50 rows=107 width=0)
	        Index Cond: ((k >= 3507413) AND (k <= 3507513))

for range-notcovered
table 1 : explain SELECT k, c FROM sbtest1 WHERE k BETWEEN 7743810 AND 7743910
	Bitmap Heap Scan on sbtest1  (cost=5.40..378.01 rows=94 width=125)
	  Recheck Cond: ((k >= 7743810) AND (k <= 7743910))
	  ->  Bitmap Index Scan on k_1  (cost=0.00..5.38 rows=94 width=0)
	        Index Cond: ((k >= 7743810) AND (k <= 7743910))

table 2 : explain SELECT k, c FROM sbtest2 WHERE k BETWEEN 7743810 AND 7743910
	Bitmap Heap Scan on sbtest2  (cost=5.47..405.59 rows=101 width=125)
	  Recheck Cond: ((k >= 7743810) AND (k <= 7743910))
	  ->  Bitmap Index Scan on k_2  (cost=0.00..5.44 rows=101 width=0)
	        Index Cond: ((k >= 7743810) AND (k <= 7743910))

table 3 : explain SELECT k, c FROM sbtest3 WHERE k BETWEEN 7743810 AND 7743910
	Bitmap Heap Scan on sbtest3  (cost=5.41..381.86 rows=95 width=125)
	  Recheck Cond: ((k >= 7743810) AND (k <= 7743910))
	  ->  Bitmap Index Scan on k_3  (cost=0.00..5.38 rows=95 width=0)
	        Index Cond: ((k >= 7743810) AND (k <= 7743910))

table 4 : explain SELECT k, c FROM sbtest4 WHERE k BETWEEN 7743810 AND 7743910
	Bitmap Heap Scan on sbtest4  (cost=5.46..401.64 rows=100 width=125)
	  Recheck Cond: ((k >= 7743810) AND (k <= 7743910))
	  ->  Bitmap Index Scan on k_4  (cost=0.00..5.43 rows=100 width=0)
	        Index Cond: ((k >= 7743810) AND (k <= 7743910))

table 5 : explain SELECT k, c FROM sbtest5 WHERE k BETWEEN 7743810 AND 7743910
	Bitmap Heap Scan on sbtest5  (cost=5.47..405.60 rows=101 width=125)
	  Recheck Cond: ((k >= 7743810) AND (k <= 7743910))
	  ->  Bitmap Index Scan on k_5  (cost=0.00..5.44 rows=101 width=0)
	        Index Cond: ((k >= 7743810) AND (k <= 7743910))

table 6 : explain SELECT k, c FROM sbtest6 WHERE k BETWEEN 7743810 AND 7743910
	Bitmap Heap Scan on sbtest6  (cost=5.44..393.74 rows=98 width=125)
	  Recheck Cond: ((k >= 7743810) AND (k <= 7743910))
	  ->  Bitmap Index Scan on k_6  (cost=0.00..5.42 rows=98 width=0)
	        Index Cond: ((k >= 7743810) AND (k <= 7743910))

table 7 : explain SELECT k, c FROM sbtest7 WHERE k BETWEEN 7743810 AND 7743910
	Bitmap Heap Scan on sbtest7  (cost=5.50..417.35 rows=104 width=125)
	  Recheck Cond: ((k >= 7743810) AND (k <= 7743910))
	  ->  Bitmap Index Scan on k_7  (cost=0.00..5.47 rows=104 width=0)
	        Index Cond: ((k >= 7743810) AND (k <= 7743910))

table 8 : explain SELECT k, c FROM sbtest8 WHERE k BETWEEN 7743810 AND 7743910
	Bitmap Heap Scan on sbtest8  (cost=5.48..409.54 rows=102 width=125)
	  Recheck Cond: ((k >= 7743810) AND (k <= 7743910))
	  ->  Bitmap Index Scan on k_8  (cost=0.00..5.45 rows=102 width=0)
	        Index Cond: ((k >= 7743810) AND (k <= 7743910))
explain: for range-notcovered :: explain SELECT k, c FROM sbtest%d WHERE k BETWEEN 7179680 AND 7179780for range-notcovered
table 1 : explain SELECT k, c FROM sbtest1 WHERE k BETWEEN 6568066 AND 6568166
	Bitmap Heap Scan on sbtest1  (cost=5.42..385.90 rows=96 width=125)
	  Recheck Cond: ((k >= 6568066) AND (k <= 6568166))
	  ->  Bitmap Index Scan on k_1  (cost=0.00..5.39 rows=96 width=0)
	        Index Cond: ((k >= 6568066) AND (k <= 6568166))

table 2 : explain SELECT k, c FROM sbtest2 WHERE k BETWEEN 6568066 AND 6568166
	Bitmap Heap Scan on sbtest2  (cost=5.58..448.96 rows=112 width=125)
	  Recheck Cond: ((k >= 6568066) AND (k <= 6568166))
	  ->  Bitmap Index Scan on k_2  (cost=0.00..5.55 rows=112 width=0)
	        Index Cond: ((k >= 6568066) AND (k <= 6568166))

table 3 : explain SELECT k, c FROM sbtest3 WHERE k BETWEEN 6568066 AND 6568166
	Bitmap Heap Scan on sbtest3  (cost=5.47..405.53 rows=101 width=125)
	  Recheck Cond: ((k >= 6568066) AND (k <= 6568166))
	  ->  Bitmap Index Scan on k_3  (cost=0.00..5.44 rows=101 width=0)
	        Index Cond: ((k >= 6568066) AND (k <= 6568166))

table 4 : explain SELECT k, c FROM sbtest4 WHERE k BETWEEN 6568066 AND 6568166
	Bitmap Heap Scan on sbtest4  (cost=5.59..452.90 rows=113 width=125)
	  Recheck Cond: ((k >= 6568066) AND (k <= 6568166))
	  ->  Bitmap Index Scan on k_4  (cost=0.00..5.56 rows=113 width=0)
	        Index Cond: ((k >= 6568066) AND (k <= 6568166))

table 5 : explain SELECT k, c FROM sbtest5 WHERE k BETWEEN 6568066 AND 6568166
	Bitmap Heap Scan on sbtest5  (cost=5.45..397.70 rows=99 width=125)
	  Recheck Cond: ((k >= 6568066) AND (k <= 6568166))
	  ->  Bitmap Index Scan on k_5  (cost=0.00..5.42 rows=99 width=0)
	        Index Cond: ((k >= 6568066) AND (k <= 6568166))

table 6 : explain SELECT k, c FROM sbtest6 WHERE k BETWEEN 6568066 AND 6568166
	Bitmap Heap Scan on sbtest6  (cost=5.42..385.85 rows=96 width=125)
	  Recheck Cond: ((k >= 6568066) AND (k <= 6568166))
	  ->  Bitmap Index Scan on k_6  (cost=0.00..5.39 rows=96 width=0)
	        Index Cond: ((k >= 6568066) AND (k <= 6568166))

table 7 : explain SELECT k, c FROM sbtest7 WHERE k BETWEEN 6568066 AND 6568166
	Bitmap Heap Scan on sbtest7  (cost=5.48..409.46 rows=102 width=125)
	  Recheck Cond: ((k >= 6568066) AND (k <= 6568166))
	  ->  Bitmap Index Scan on k_7  (cost=0.00..5.45 rows=102 width=0)
	        Index Cond: ((k >= 6568066) AND (k <= 6568166))

table 8 : explain SELECT k, c FROM sbtest8 WHERE k BETWEEN 6568066 AND 6568166
	Bitmap Heap Scan on sbtest8  (cost=5.49..413.49 rows=103 width=125)
	  Recheck Cond: ((k >= 6568066) AND (k <= 6568166))
	  ->  Bitmap Index Scan on k_8  (cost=0.00..5.46 rows=103 width=0)
	        Index Cond: ((k >= 6568066) AND (k <= 6568166))
explain: for range-notcovered :: explain SELECT k, c FROM sbtest%d WHERE k BETWEEN 6491710 AND 6491810

explain: for range-notcovered :: explain SELECT k, c FROM sbtest%d WHERE k BETWEEN 5603877 AND 5603977
for range-notcovered
table 1 : explain SELECT k, c FROM sbtest1 WHERE k BETWEEN 5006439 AND 5006539
	Bitmap Heap Scan on sbtest1  (cost=5.55..437.19 rows=109 width=125)
	  Recheck Cond: ((k >= 5006439) AND (k <= 5006539))
	  ->  Bitmap Index Scan on k_1  (cost=0.00..5.52 rows=109 width=0)
	        Index Cond: ((k >= 5006439) AND (k <= 5006539))

table 2 : explain SELECT k, c FROM sbtest2 WHERE k BETWEEN 5006439 AND 5006539
	Bitmap Heap Scan on sbtest2  (cost=5.57..445.02 rows=111 width=125)
	  Recheck Cond: ((k >= 5006439) AND (k <= 5006539))
	  ->  Bitmap Index Scan on k_2  (cost=0.00..5.54 rows=111 width=0)
	        Index Cond: ((k >= 5006439) AND (k <= 5006539))

table 3 : explain SELECT k, c FROM sbtest3 WHERE k BETWEEN 5006439 AND 5006539
	Bitmap Heap Scan on sbtest3  (cost=5.46..401.59 rows=100 width=125)
	  Recheck Cond: ((k >= 5006439) AND (k <= 5006539))
	  ->  Bitmap Index Scan on k_3  (cost=0.00..5.43 rows=100 width=0)
	        Index Cond: ((k >= 5006439) AND (k <= 5006539))

table 4 : explain SELECT k, c FROM sbtest4 WHERE k BETWEEN 5006439 AND 5006539
	Bitmap Heap Scan on sbtest4  (cost=5.47..405.59 rows=101 width=125)
	  Recheck Cond: ((k >= 5006439) AND (k <= 5006539))
	  ->  Bitmap Index Scan on k_4  (cost=0.00..5.44 rows=101 width=0)
	        Index Cond: ((k >= 5006439) AND (k <= 5006539))

table 5 : explain SELECT k, c FROM sbtest5 WHERE k BETWEEN 5006439 AND 5006539
	Bitmap Heap Scan on sbtest5  (cost=5.45..397.70 rows=99 width=125)
	  Recheck Cond: ((k >= 5006439) AND (k <= 5006539))
	  ->  Bitmap Index Scan on k_5  (cost=0.00..5.42 rows=99 width=0)
	        Index Cond: ((k >= 5006439) AND (k <= 5006539))

table 6 : explain SELECT k, c FROM sbtest6 WHERE k BETWEEN 5006439 AND 5006539
	Bitmap Heap Scan on sbtest6  (cost=5.50..417.41 rows=104 width=125)
	  Recheck Cond: ((k >= 5006439) AND (k <= 5006539))
	  ->  Bitmap Index Scan on k_6  (cost=0.00..5.47 rows=104 width=0)
	        Index Cond: ((k >= 5006439) AND (k <= 5006539))

table 7 : explain SELECT k, c FROM sbtest7 WHERE k BETWEEN 5006439 AND 5006539
	Bitmap Heap Scan on sbtest7  (cost=5.42..385.79 rows=96 width=125)
	  Recheck Cond: ((k >= 5006439) AND (k <= 5006539))
	  ->  Bitmap Index Scan on k_7  (cost=0.00..5.39 rows=96 width=0)
	        Index Cond: ((k >= 5006439) AND (k <= 5006539))

table 8 : explain SELECT k, c FROM sbtest8 WHERE k BETWEEN 5006439 AND 5006539
	Bitmap Heap Scan on sbtest8  (cost=5.39..374.02 rows=93 width=125)
	  Recheck Cond: ((k >= 5006439) AND (k <= 5006539))
	  ->  Bitmap Index Scan on k_8  (cost=0.00..5.36 rows=93 width=0)
	        Index Cond: ((k >= 5006439) AND (k <= 5006539))

explain: for range-notcovered :: explain SELECT k, c FROM sbtest%d WHERE k BETWEEN 7813504 AND 7813604for range-notcovered
table 1 : explain SELECT k, c FROM sbtest1 WHERE k BETWEEN 5330250 AND 5330350
	Bitmap Heap Scan on sbtest1  (cost=5.51..421.42 rows=105 width=125)
	  Recheck Cond: ((k >= 5330250) AND (k <= 5330350))
	  ->  Bitmap Index Scan on k_1  (cost=0.00..5.48 rows=105 width=0)
	        Index Cond: ((k >= 5330250) AND (k <= 5330350))

table 2 : explain SELECT k, c FROM sbtest2 WHERE k BETWEEN 5330250 AND 5330350
	Bitmap Heap Scan on sbtest2  (cost=5.46..401.64 rows=100 width=125)
	  Recheck Cond: ((k >= 5330250) AND (k <= 5330350))
	  ->  Bitmap Index Scan on k_2  (cost=0.00..5.43 rows=100 width=0)
	        Index Cond: ((k >= 5330250) AND (k <= 5330350))

table 3 : explain SELECT k, c FROM sbtest3 WHERE k BETWEEN 5330250 AND 5330350
	Bitmap Heap Scan on sbtest3  (cost=5.46..401.59 rows=100 width=125)
	  Recheck Cond: ((k >= 5330250) AND (k <= 5330350))
	  ->  Bitmap Index Scan on k_3  (cost=0.00..5.43 rows=100 width=0)
	        Index Cond: ((k >= 5330250) AND (k <= 5330350))

table 4 : explain SELECT k, c FROM sbtest4 WHERE k BETWEEN 5330250 AND 5330350
	Bitmap Heap Scan on sbtest4  (cost=5.57..445.02 rows=111 width=125)
	  Recheck Cond: ((k >= 5330250) AND (k <= 5330350))
	  ->  Bitmap Index Scan on k_4  (cost=0.00..5.54 rows=111 width=0)
	        Index Cond: ((k >= 5330250) AND (k <= 5330350))

table 5 : explain SELECT k, c FROM sbtest5 WHERE k BETWEEN 5330250 AND 5330350
	Bitmap Heap Scan on sbtest5  (cost=5.49..413.49 rows=103 width=125)
	  Recheck Cond: ((k >= 5330250) AND (k <= 5330350))
	  ->  Bitmap Index Scan on k_5  (cost=0.00..5.46 rows=103 width=0)
	        Index Cond: ((k >= 5330250) AND (k <= 5330350))

table 6 : explain SELECT k, c FROM sbtest6 WHERE k BETWEEN 5330250 AND 5330350
	Bitmap Heap Scan on sbtest6  (cost=5.46..401.63 rows=100 width=125)
	  Recheck Cond: ((k >= 5330250) AND (k <= 5330350))
	  ->  Bitmap Index Scan on k_6  (cost=0.00..5.43 rows=100 width=0)
	        Index Cond: ((k >= 5330250) AND (k <= 5330350))

table 7 : explain SELECT k, c FROM sbtest7 WHERE k BETWEEN 5330250 AND 5330350
	Bitmap Heap Scan on sbtest7  (cost=5.44..393.68 rows=98 width=125)
	  Recheck Cond: ((k >= 5330250) AND (k <= 5330350))
	  ->  Bitmap Index Scan on k_7  (cost=0.00..5.42 rows=98 width=0)
	        Index Cond: ((k >= 5330250) AND (k <= 5330350))

table 8 : explain SELECT k, c FROM sbtest8 WHERE k BETWEEN 5330250 AND 5330350
	Bitmap Heap Scan on sbtest8  (cost=5.48..409.54 rows=102 width=125)
	  Recheck Cond: ((k >= 5330250) AND (k <= 5330350))
	  ->  Bitmap Index Scan on k_8  (cost=0.00..5.45 rows=102 width=0)
	        Index Cond: ((k >= 5330250) AND (k <= 5330350))

explain: for range-notcovered :: explain SELECT k, c FROM sbtest%d WHERE k BETWEEN 3507413 AND 3507513




for range-notcovered
table 1 : explain SELECT k, c FROM sbtest1 WHERE k BETWEEN 4250238 AND 4250338
	Bitmap Heap Scan on sbtest1  (cost=5.51..421.42 rows=105 width=125)
	  Recheck Cond: ((k >= 4250238) AND (k <= 4250338))
	  ->  Bitmap Index Scan on k_1  (cost=0.00..5.48 rows=105 width=0)
	        Index Cond: ((k >= 4250238) AND (k <= 4250338))

table 2 : explain SELECT k, c FROM sbtest2 WHERE k BETWEEN 4250238 AND 4250338
	Bitmap Heap Scan on sbtest2  (cost=5.45..397.70 rows=99 width=125)
	  Recheck Cond: ((k >= 4250238) AND (k <= 4250338))
	  ->  Bitmap Index Scan on k_2  (cost=0.00..5.42 rows=99 width=0)
	        Index Cond: ((k >= 4250238) AND (k <= 4250338))

table 3 : explain SELECT k, c FROM sbtest3 WHERE k BETWEEN 4250238 AND 4250338
	Bitmap Heap Scan on sbtest3  (cost=5.57..444.96 rows=111 width=125)
	  Recheck Cond: ((k >= 4250238) AND (k <= 4250338))
	  ->  Bitmap Index Scan on k_3  (cost=0.00..5.54 rows=111 width=0)
	        Index Cond: ((k >= 4250238) AND (k <= 4250338))

table 4 : explain SELECT k, c FROM sbtest4 WHERE k BETWEEN 4250238 AND 4250338
	Bitmap Heap Scan on sbtest4  (cost=5.57..445.02 rows=111 width=125)
	  Recheck Cond: ((k >= 4250238) AND (k <= 4250338))
	  ->  Bitmap Index Scan on k_4  (cost=0.00..5.54 rows=111 width=0)
	        Index Cond: ((k >= 4250238) AND (k <= 4250338))

table 5 : explain SELECT k, c FROM sbtest5 WHERE k BETWEEN 4250238 AND 4250338
	Bitmap Heap Scan on sbtest5  (cost=5.53..429.26 rows=107 width=125)
	  Recheck Cond: ((k >= 4250238) AND (k <= 4250338))
	  ->  Bitmap Index Scan on k_5  (cost=0.00..5.50 rows=107 width=0)
	        Index Cond: ((k >= 4250238) AND (k <= 4250338))

table 6 : explain SELECT k, c FROM sbtest6 WHERE k BETWEEN 4250238 AND 4250338
	Bitmap Heap Scan on sbtest6  (cost=5.42..385.85 rows=96 width=125)
	  Recheck Cond: ((k >= 4250238) AND (k <= 4250338))
	  ->  Bitmap Index Scan on k_6  (cost=0.00..5.39 rows=96 width=0)
	        Index Cond: ((k >= 4250238) AND (k <= 4250338))

table 7 : explain SELECT k, c FROM sbtest7 WHERE k BETWEEN 4250238 AND 4250338
	Bitmap Heap Scan on sbtest7  (cost=5.47..405.52 rows=101 width=125)
	  Recheck Cond: ((k >= 4250238) AND (k <= 4250338))
	  ->  Bitmap Index Scan on k_7  (cost=0.00..5.44 rows=101 width=0)
	        Index Cond: ((k >= 4250238) AND (k <= 4250338))

table 8 : explain SELECT k, c FROM sbtest8 WHERE k BETWEEN 4250238 AND 4250338
	Bitmap Heap Scan on sbtest8  (cost=5.53..429.26 rows=107 width=125)
	  Recheck Cond: ((k >= 4250238) AND (k <= 4250338))
	  ->  Bitmap Index Scan on k_8  (cost=0.00..5.50 rows=107 width=0)
	        Index Cond: ((k >= 4250238) AND (k <= 4250338))

for range-notcovered
table 1 : explain SELECT k, c FROM sbtest1 WHERE k BETWEEN 8510416 AND 8510516
	Bitmap Heap Scan on sbtest1  (cost=5.49..413.53 rows=103 width=125)
	  Recheck Cond: ((k >= 8510416) AND (k <= 8510516))
	  ->  Bitmap Index Scan on k_1  (cost=0.00..5.46 rows=103 width=0)
	        Index Cond: ((k >= 8510416) AND (k <= 8510516))

table 2 : explain SELECT k, c FROM sbtest2 WHERE k BETWEEN 8510416 AND 8510516
	Bitmap Heap Scan on sbtest2  (cost=5.49..413.48 rows=103 width=125)
	  Recheck Cond: ((k >= 8510416) AND (k <= 8510516))
	  ->  Bitmap Index Scan on k_2  (cost=0.00..5.46 rows=103 width=0)
	        Index Cond: ((k >= 8510416) AND (k <= 8510516))

table 3 : explain SELECT k, c FROM sbtest3 WHERE k BETWEEN 8510416 AND 8510516
	Bitmap Heap Scan on sbtest3  (cost=5.40..377.91 rows=94 width=125)
	  Recheck Cond: ((k >= 8510416) AND (k <= 8510516))
	  ->  Bitmap Index Scan on k_3  (cost=0.00..5.38 rows=94 width=0)
	        Index Cond: ((k >= 8510416) AND (k <= 8510516))

table 4 : explain SELECT k, c FROM sbtest4 WHERE k BETWEEN 8510416 AND 8510516
	Bitmap Heap Scan on sbtest4  (cost=5.55..437.13 rows=109 width=125)
	  Recheck Cond: ((k >= 8510416) AND (k <= 8510516))
	  ->  Bitmap Index Scan on k_4  (cost=0.00..5.52 rows=109 width=0)
	        Index Cond: ((k >= 8510416) AND (k <= 8510516))

table 5 : explain SELECT k, c FROM sbtest5 WHERE k BETWEEN 8510416 AND 8510516
	Bitmap Heap Scan on sbtest5  (cost=5.53..429.26 rows=107 width=125)
	  Recheck Cond: ((k >= 8510416) AND (k <= 8510516))
	  ->  Bitmap Index Scan on k_5  (cost=0.00..5.50 rows=107 width=0)
	        Index Cond: ((k >= 8510416) AND (k <= 8510516))

table 6 : explain SELECT k, c FROM sbtest6 WHERE k BETWEEN 8510416 AND 8510516
	Bitmap Heap Scan on sbtest6  (cost=5.45..397.69 rows=99 width=125)
	  Recheck Cond: ((k >= 8510416) AND (k <= 8510516))
	  ->  Bitmap Index Scan on k_6  (cost=0.00..5.42 rows=99 width=0)
	        Index Cond: ((k >= 8510416) AND (k <= 8510516))

table 7 : explain SELECT k, c FROM sbtest7 WHERE k BETWEEN 8510416 AND 8510516
	Bitmap Heap Scan on sbtest7  (cost=5.46..401.57 rows=100 width=125)
	  Recheck Cond: ((k >= 8510416) AND (k <= 8510516))
	  ->  Bitmap Index Scan on k_7  (cost=0.00..5.43 rows=100 width=0)
	        Index Cond: ((k >= 8510416) AND (k <= 8510516))

table 8 : explain SELECT k, c FROM sbtest8 WHERE k BETWEEN 8510416 AND 8510516
	Bitmap Heap Scan on sbtest8  (cost=5.47..405.60 rows=101 width=125)
	  Recheck Cond: ((k >= 8510416) AND (k <= 8510516))
	  ->  Bitmap Index Scan on k_8  (cost=0.00..5.44 rows=101 width=0)
	        Index Cond: ((k >= 8510416) AND (k <= 8510516))
explain: for range-notcovered :: explain SELECT k, c FROM sbtest%d WHERE k BETWEEN 8376998 AND 8377098
for range-notcovered
table 1 : explain SELECT k, c FROM sbtest1 WHERE k BETWEEN 6789664 AND 6789764
	Bitmap Heap Scan on sbtest1  (cost=5.51..421.42 rows=105 width=125)
	  Recheck Cond: ((k >= 6789664) AND (k <= 6789764))
	  ->  Bitmap Index Scan on k_1  (cost=0.00..5.48 rows=105 width=0)
	        Index Cond: ((k >= 6789664) AND (k <= 6789764))

table 2 : explain SELECT k, c FROM sbtest2 WHERE k BETWEEN 6789664 AND 6789764
	Bitmap Heap Scan on sbtest2  (cost=5.36..362.17 rows=90 width=125)
	  Recheck Cond: ((k >= 6789664) AND (k <= 6789764))
	  ->  Bitmap Index Scan on k_2  (cost=0.00..5.33 rows=90 width=0)
	        Index Cond: ((k >= 6789664) AND (k <= 6789764))

table 3 : explain SELECT k, c FROM sbtest3 WHERE k BETWEEN 6789664 AND 6789764
	Bitmap Heap Scan on sbtest3  (cost=5.60..456.78 rows=114 width=125)
	  Recheck Cond: ((k >= 6789664) AND (k <= 6789764))
	  ->  Bitmap Index Scan on k_3  (cost=0.00..5.58 rows=114 width=0)
	        Index Cond: ((k >= 6789664) AND (k <= 6789764))

table 4 : explain SELECT k, c FROM sbtest4 WHERE k BETWEEN 6789664 AND 6789764
	Bitmap Heap Scan on sbtest4  (cost=5.46..401.64 rows=100 width=125)
	  Recheck Cond: ((k >= 6789664) AND (k <= 6789764))
	  ->  Bitmap Index Scan on k_4  (cost=0.00..5.43 rows=100 width=0)
	        Index Cond: ((k >= 6789664) AND (k <= 6789764))

table 5 : explain SELECT k, c FROM sbtest5 WHERE k BETWEEN 6789664 AND 6789764
	Bitmap Heap Scan on sbtest5  (cost=5.58..448.97 rows=112 width=125)
	  Recheck Cond: ((k >= 6789664) AND (k <= 6789764))
	  ->  Bitmap Index Scan on k_5  (cost=0.00..5.55 rows=112 width=0)
	        Index Cond: ((k >= 6789664) AND (k <= 6789764))

table 6 : explain SELECT k, c FROM sbtest6 WHERE k BETWEEN 6789664 AND 6789764
	Bitmap Heap Scan on sbtest6  (cost=5.55..437.13 rows=109 width=125)
	  Recheck Cond: ((k >= 6789664) AND (k <= 6789764))
	  ->  Bitmap Index Scan on k_6  (cost=0.00..5.52 rows=109 width=0)
	        Index Cond: ((k >= 6789664) AND (k <= 6789764))

table 7 : explain SELECT k, c FROM sbtest7 WHERE k BETWEEN 6789664 AND 6789764
	Bitmap Heap Scan on sbtest7  (cost=5.49..413.41 rows=103 width=125)
	  Recheck Cond: ((k >= 6789664) AND (k <= 6789764))
	  ->  Bitmap Index Scan on k_7  (cost=0.00..5.46 rows=103 width=0)
	        Index Cond: ((k >= 6789664) AND (k <= 6789764))

table 8 : explain SELECT k, c FROM sbtest8 WHERE k BETWEEN 6789664 AND 6789764
	Bitmap Heap Scan on sbtest8  (cost=5.56..441.09 rows=110 width=125)
	  Recheck Cond: ((k >= 6789664) AND (k <= 6789764))
	  ->  Bitmap Index Scan on k_8  (cost=0.00..5.53 rows=110 width=0)
	        Index Cond: ((k >= 6789664) AND (k <= 6789764))
for range-notcovered
table 1 : explain SELECT k, c FROM sbtest1 WHERE k BETWEEN 7216687 AND 7216787
	Bitmap Heap Scan on sbtest1  (cost=5.49..413.53 rows=103 width=125)
	  Recheck Cond: ((k >= 7216687) AND (k <= 7216787))
	  ->  Bitmap Index Scan on k_1  (cost=0.00..5.46 rows=103 width=0)
	        Index Cond: ((k >= 7216687) AND (k <= 7216787))

table 2 : explain SELECT k, c FROM sbtest2 WHERE k BETWEEN 7216687 AND 7216787
	Bitmap Heap Scan on sbtest2  (cost=5.41..381.91 rows=95 width=125)
	  Recheck Cond: ((k >= 7216687) AND (k <= 7216787))
	  ->  Bitmap Index Scan on k_2  (cost=0.00..5.38 rows=95 width=0)
	        Index Cond: ((k >= 7216687) AND (k <= 7216787))

table 3 : explain SELECT k, c FROM sbtest3 WHERE k BETWEEN 7216687 AND 7216787
	Bitmap Heap Scan on sbtest3  (cost=5.47..405.53 rows=101 width=125)
	  Recheck Cond: ((k >= 7216687) AND (k <= 7216787))
	  ->  Bitmap Index Scan on k_3  (cost=0.00..5.44 rows=101 width=0)
	        Index Cond: ((k >= 7216687) AND (k <= 7216787))

table 4 : explain SELECT k, c FROM sbtest4 WHERE k BETWEEN 7216687 AND 7216787
	Bitmap Heap Scan on sbtest4  (cost=5.53..429.25 rows=107 width=125)
	  Recheck Cond: ((k >= 7216687) AND (k <= 7216787))
	  ->  Bitmap Index Scan on k_4  (cost=0.00..5.50 rows=107 width=0)
	        Index Cond: ((k >= 7216687) AND (k <= 7216787))

table 5 : explain SELECT k, c FROM sbtest5 WHERE k BETWEEN 7216687 AND 7216787
	Bitmap Heap Scan on sbtest5  (cost=5.48..409.54 rows=102 width=125)
	  Recheck Cond: ((k >= 7216687) AND (k <= 7216787))
	  ->  Bitmap Index Scan on k_5  (cost=0.00..5.45 rows=102 width=0)
	        Index Cond: ((k >= 7216687) AND (k <= 7216787))

table 6 : explain SELECT k, c FROM sbtest6 WHERE k BETWEEN 7216687 AND 7216787
	Bitmap Heap Scan on sbtest6  (cost=5.45..397.69 rows=99 width=125)
	  Recheck Cond: ((k >= 7216687) AND (k <= 7216787))
	  ->  Bitmap Index Scan on k_6  (cost=0.00..5.42 rows=99 width=0)
	        Index Cond: ((k >= 7216687) AND (k <= 7216787))

table 7 : explain SELECT k, c FROM sbtest7 WHERE k BETWEEN 7216687 AND 7216787
	Bitmap Heap Scan on sbtest7  (cost=5.51..421.29 rows=105 width=125)
	  Recheck Cond: ((k >= 7216687) AND (k <= 7216787))
	  ->  Bitmap Index Scan on k_7  (cost=0.00..5.48 rows=105 width=0)
	        Index Cond: ((k >= 7216687) AND (k <= 7216787))

table 8 : explain SELECT k, c FROM sbtest8 WHERE k BETWEEN 7216687 AND 7216787
	Bitmap Heap Scan on sbtest8  (cost=5.56..441.09 rows=110 width=125)
	  Recheck Cond: ((k >= 7216687) AND (k <= 7216787))
	  ->  Bitmap Index Scan on k_8  (cost=0.00..5.53 rows=110 width=0)
	        Index Cond: ((k >= 7216687) AND (k <= 7216787))


explain: for range-notcovered :: explain SELECT k, c FROM sbtest%d WHERE k BETWEEN 6378941 AND 6379041explain: for range-notcovered :: explain SELECT k, c FROM sbtest%d WHERE k BETWEEN 4981137 AND 4981237

explain: for range-notcovered :: explain SELECT k, c FROM sbtest%d WHERE k BETWEEN 5330250 AND 5330350
for range-notcovered
table 1 : explain SELECT k, c FROM sbtest1 WHERE k BETWEEN 4243893 AND 4243993
	Bitmap Heap Scan on sbtest1  (cost=5.51..421.42 rows=105 width=125)
	  Recheck Cond: ((k >= 4243893) AND (k <= 4243993))
	  ->  Bitmap Index Scan on k_1  (cost=0.00..5.48 rows=105 width=0)
	        Index Cond: ((k >= 4243893) AND (k <= 4243993))

table 2 : explain SELECT k, c FROM sbtest2 WHERE k BETWEEN 4243893 AND 4243993
	Bitmap Heap Scan on sbtest2  (cost=5.57..445.02 rows=111 width=125)
	  Recheck Cond: ((k >= 4243893) AND (k <= 4243993))
	  ->  Bitmap Index Scan on k_2  (cost=0.00..5.54 rows=111 width=0)
	        Index Cond: ((k >= 4243893) AND (k <= 4243993))

table 3 : explain SELECT k, c FROM sbtest3 WHERE k BETWEEN 4243893 AND 4243993
	Bitmap Heap Scan on sbtest3  (cost=5.57..444.96 rows=111 width=125)
	  Recheck Cond: ((k >= 4243893) AND (k <= 4243993))
	  ->  Bitmap Index Scan on k_3  (cost=0.00..5.54 rows=111 width=0)
	        Index Cond: ((k >= 4243893) AND (k <= 4243993))

table 4 : explain SELECT k, c FROM sbtest4 WHERE k BETWEEN 4243893 AND 4243993
	Bitmap Heap Scan on sbtest4  (cost=5.57..445.02 rows=111 width=125)
	  Recheck Cond: ((k >= 4243893) AND (k <= 4243993))
	  ->  Bitmap Index Scan on k_4  (cost=0.00..5.54 rows=111 width=0)
	        Index Cond: ((k >= 4243893) AND (k <= 4243993))

table 5 : explain SELECT k, c FROM sbtest5 WHERE k BETWEEN 4243893 AND 4243993
	Bitmap Heap Scan on sbtest5  (cost=5.53..429.26 rows=107 width=125)
	  Recheck Cond: ((k >= 4243893) AND (k <= 4243993))
	  ->  Bitmap Index Scan on k_5  (cost=0.00..5.50 rows=107 width=0)
	        Index Cond: ((k >= 4243893) AND (k <= 4243993))

table 6 : explain SELECT k, c FROM sbtest6 WHERE k BETWEEN 4243893 AND 4243993
	Bitmap Heap Scan on sbtest6  (cost=5.42..385.85 rows=96 width=125)
	  Recheck Cond: ((k >= 4243893) AND (k <= 4243993))
	  ->  Bitmap Index Scan on k_6  (cost=0.00..5.39 rows=96 width=0)
	        Index Cond: ((k >= 4243893) AND (k <= 4243993))

table 7 : explain SELECT k, c FROM sbtest7 WHERE k BETWEEN 4243893 AND 4243993
	Bitmap Heap Scan on sbtest7  (cost=5.47..405.52 rows=101 width=125)
	  Recheck Cond: ((k >= 4243893) AND (k <= 4243993))
	  ->  Bitmap Index Scan on k_7  (cost=0.00..5.44 rows=101 width=0)
	        Index Cond: ((k >= 4243893) AND (k <= 4243993))

table 8 : explain SELECT k, c FROM sbtest8 WHERE k BETWEEN 4243893 AND 4243993
	Bitmap Heap Scan on sbtest8  (cost=5.53..429.26 rows=107 width=125)
	  Recheck Cond: ((k >= 4243893) AND (k <= 4243993))
	  ->  Bitmap Index Scan on k_8  (cost=0.00..5.50 rows=107 width=0)
	        Index Cond: ((k >= 4243893) AND (k <= 4243993))

for range-notcovered
table 1 : explain SELECT k, c FROM sbtest1 WHERE k BETWEEN 6676821 AND 6676921
	Bitmap Heap Scan on sbtest1  (cost=5.44..393.80 rows=98 width=125)
	  Recheck Cond: ((k >= 6676821) AND (k <= 6676921))
	  ->  Bitmap Index Scan on k_1  (cost=0.00..5.42 rows=98 width=0)
	        Index Cond: ((k >= 6676821) AND (k <= 6676921))

table 2 : explain SELECT k, c FROM sbtest2 WHERE k BETWEEN 6676821 AND 6676921
	Bitmap Heap Scan on sbtest2  (cost=5.45..397.70 rows=99 width=125)
	  Recheck Cond: ((k >= 6676821) AND (k <= 6676921))
	  ->  Bitmap Index Scan on k_2  (cost=0.00..5.42 rows=99 width=0)
	        Index Cond: ((k >= 6676821) AND (k <= 6676921))

table 3 : explain SELECT k, c FROM sbtest3 WHERE k BETWEEN 6676821 AND 6676921
	Bitmap Heap Scan on sbtest3  (cost=5.50..417.37 rows=104 width=125)
	  Recheck Cond: ((k >= 6676821) AND (k <= 6676921))
	  ->  Bitmap Index Scan on k_3  (cost=0.00..5.47 rows=104 width=0)
	        Index Cond: ((k >= 6676821) AND (k <= 6676921))

table 4 : explain SELECT k, c FROM sbtest4 WHERE k BETWEEN 6676821 AND 6676921
	Bitmap Heap Scan on sbtest4  (cost=5.43..389.80 rows=97 width=125)
	  Recheck Cond: ((k >= 6676821) AND (k <= 6676921))
	  ->  Bitmap Index Scan on k_4  (cost=0.00..5.40 rows=97 width=0)
	        Index Cond: ((k >= 6676821) AND (k <= 6676921))

table 5 : explain SELECT k, c FROM sbtest5 WHERE k BETWEEN 6676821 AND 6676921
	Bitmap Heap Scan on sbtest5  (cost=5.42..385.86 rows=96 width=125)
	  Recheck Cond: ((k >= 6676821) AND (k <= 6676921))
	  ->  Bitmap Index Scan on k_5  (cost=0.00..5.39 rows=96 width=0)
	        Index Cond: ((k >= 6676821) AND (k <= 6676921))

table 6 : explain SELECT k, c FROM sbtest6 WHERE k BETWEEN 6676821 AND 6676921
	Bitmap Heap Scan on sbtest6  (cost=5.55..437.13 rows=109 width=125)
	  Recheck Cond: ((k >= 6676821) AND (k <= 6676921))
	  ->  Bitmap Index Scan on k_6  (cost=0.00..5.52 rows=109 width=0)
	        Index Cond: ((k >= 6676821) AND (k <= 6676921))

table 7 : explain SELECT k, c FROM sbtest7 WHERE k BETWEEN 6676821 AND 6676921
	Bitmap Heap Scan on sbtest7  (cost=5.38..370.00 rows=92 width=125)
	  Recheck Cond: ((k >= 6676821) AND (k <= 6676921))
	  ->  Bitmap Index Scan on k_7  (cost=0.00..5.35 rows=92 width=0)
	        Index Cond: ((k >= 6676821) AND (k <= 6676921))

table 8 : explain SELECT k, c FROM sbtest8 WHERE k BETWEEN 6676821 AND 6676921
	Bitmap Heap Scan on sbtest8  (cost=5.57..445.03 rows=111 width=125)
	  Recheck Cond: ((k >= 6676821) AND (k <= 6676921))
	  ->  Bitmap Index Scan on k_8  (cost=0.00..5.54 rows=111 width=0)
	        Index Cond: ((k >= 6676821) AND (k <= 6676921))

for range-notcovered
table 1 : explain SELECT k, c FROM sbtest1 WHERE k BETWEEN 3680246 AND 3680346
	Bitmap Heap Scan on sbtest1  (cost=5.47..405.64 rows=101 width=125)
	  Recheck Cond: ((k >= 3680246) AND (k <= 3680346))
	  ->  Bitmap Index Scan on k_1  (cost=0.00..5.44 rows=101 width=0)
	        Index Cond: ((k >= 3680246) AND (k <= 3680346))

table 2 : explain SELECT k, c FROM sbtest2 WHERE k BETWEEN 3680246 AND 3680346
	Bitmap Heap Scan on sbtest2  (cost=5.48..409.53 rows=102 width=125)
	  Recheck Cond: ((k >= 3680246) AND (k <= 3680346))
	  ->  Bitmap Index Scan on k_2  (cost=0.00..5.45 rows=102 width=0)
	        Index Cond: ((k >= 3680246) AND (k <= 3680346))

table 3 : explain SELECT k, c FROM sbtest3 WHERE k BETWEEN 3680246 AND 3680346
	Bitmap Heap Scan on sbtest3  (cost=5.43..389.75 rows=97 width=125)
	  Recheck Cond: ((k >= 3680246) AND (k <= 3680346))
	  ->  Bitmap Index Scan on k_3  (cost=0.00..5.40 rows=97 width=0)
	        Index Cond: ((k >= 3680246) AND (k <= 3680346))

table 4 : explain SELECT k, c FROM sbtest4 WHERE k BETWEEN 3680246 AND 3680346
	Bitmap Heap Scan on sbtest4  (cost=5.48..409.53 rows=102 width=125)
	  Recheck Cond: ((k >= 3680246) AND (k <= 3680346))
	  ->  Bitmap Index Scan on k_4  (cost=0.00..5.45 rows=102 width=0)
	        Index Cond: ((k >= 3680246) AND (k <= 3680346))

table 5 : explain SELECT k, c FROM sbtest5 WHERE k BETWEEN 3680246 AND 3680346
	Bitmap Heap Scan on sbtest5  (cost=5.46..401.65 rows=100 width=125)
	  Recheck Cond: ((k >= 3680246) AND (k <= 3680346))
	  ->  Bitmap Index Scan on k_5  (cost=0.00..5.43 rows=100 width=0)
	        Index Cond: ((k >= 3680246) AND (k <= 3680346))

table 6 : explain SELECT k, c FROM sbtest6 WHERE k BETWEEN 3680246 AND 3680346
	Bitmap Heap Scan on sbtest6  (cost=5.41..381.90 rows=95 width=125)
	  Recheck Cond: ((k >= 3680246) AND (k <= 3680346))
	  ->  Bitmap Index Scan on k_6  (cost=0.00..5.38 rows=95 width=0)
	        Index Cond: ((k >= 3680246) AND (k <= 3680346))

table 7 : explain SELECT k, c FROM sbtest7 WHERE k BETWEEN 3680246 AND 3680346
	Bitmap Heap Scan on sbtest7  (cost=5.46..401.57 rows=100 width=125)
	  Recheck Cond: ((k >= 3680246) AND (k <= 3680346))
	  ->  Bitmap Index Scan on k_7  (cost=0.00..5.43 rows=100 width=0)
	        Index Cond: ((k >= 3680246) AND (k <= 3680346))

table 8 : explain SELECT k, c FROM sbtest8 WHERE k BETWEEN 3680246 AND 3680346
	Bitmap Heap Scan on sbtest8  (cost=5.41..381.92 rows=95 width=125)
	  Recheck Cond: ((k >= 3680246) AND (k <= 3680346))
	  ->  Bitmap Index Scan on k_8  (cost=0.00..5.38 rows=95 width=0)
	        Index Cond: ((k >= 3680246) AND (k <= 3680346))


for range-notcovered
table 1 : explain SELECT k, c FROM sbtest1 WHERE k BETWEEN 8262231 AND 8262331
	Bitmap Heap Scan on sbtest1  (cost=5.50..417.47 rows=104 width=125)
	  Recheck Cond: ((k >= 8262231) AND (k <= 8262331))
	  ->  Bitmap Index Scan on k_1  (cost=0.00..5.47 rows=104 width=0)
	        Index Cond: ((k >= 8262231) AND (k <= 8262331))

table 2 : explain SELECT k, c FROM sbtest2 WHERE k BETWEEN 8262231 AND 8262331
	Bitmap Heap Scan on sbtest2  (cost=5.42..385.86 rows=96 width=125)
	  Recheck Cond: ((k >= 8262231) AND (k <= 8262331))
	  ->  Bitmap Index Scan on k_2  (cost=0.00..5.39 rows=96 width=0)
	        Index Cond: ((k >= 8262231) AND (k <= 8262331))

table 3 : explain SELECT k, c FROM sbtest3 WHERE k BETWEEN 8262231 AND 8262331
	Bitmap Heap Scan on sbtest3  (cost=5.51..421.31 rows=105 width=125)
	  Recheck Cond: ((k >= 8262231) AND (k <= 8262331))
	  ->  Bitmap Index Scan on k_3  (cost=0.00..5.48 rows=105 width=0)
	        Index Cond: ((k >= 8262231) AND (k <= 8262331))

table 4 : explain SELECT k, c FROM sbtest4 WHERE k BETWEEN 8262231 AND 8262331
	Bitmap Heap Scan on sbtest4  (cost=5.49..413.48 rows=103 width=125)
	  Recheck Cond: ((k >= 8262231) AND (k <= 8262331))
	  ->  Bitmap Index Scan on k_4  (cost=0.00..5.46 rows=103 width=0)
	        Index Cond: ((k >= 8262231) AND (k <= 8262331))

table 5 : explain SELECT k, c FROM sbtest5 WHERE k BETWEEN 8262231 AND 8262331
	Bitmap Heap Scan on sbtest5  (cost=5.53..429.26 rows=107 width=125)
	  Recheck Cond: ((k >= 8262231) AND (k <= 8262331))
	  ->  Bitmap Index Scan on k_5  (cost=0.00..5.50 rows=107 width=0)
	        Index Cond: ((k >= 8262231) AND (k <= 8262331))

table 6 : explain SELECT k, c FROM sbtest6 WHERE k BETWEEN 8262231 AND 8262331
	Bitmap Heap Scan on sbtest6  (cost=5.49..413.47 rows=103 width=125)
	  Recheck Cond: ((k >= 8262231) AND (k <= 8262331))
	  ->  Bitmap Index Scan on k_6  (cost=0.00..5.46 rows=103 width=0)
	        Index Cond: ((k >= 8262231) AND (k <= 8262331))

table 7 : explain SELECT k, c FROM sbtest7 WHERE k BETWEEN 8262231 AND 8262331
	Bitmap Heap Scan on sbtest7  (cost=5.47..405.52 rows=101 width=125)
	  Recheck Cond: ((k >= 8262231) AND (k <= 8262331))
	  ->  Bitmap Index Scan on k_7  (cost=0.00..5.44 rows=101 width=0)
	        Index Cond: ((k >= 8262231) AND (k <= 8262331))

table 8 : explain SELECT k, c FROM sbtest8 WHERE k BETWEEN 8262231 AND 8262331
	Bitmap Heap Scan on sbtest8  (cost=5.46..401.65 rows=100 width=125)
	  Recheck Cond: ((k >= 8262231) AND (k <= 8262331))
	  ->  Bitmap Index Scan on k_8  (cost=0.00..5.43 rows=100 width=0)
	        Index Cond: ((k >= 8262231) AND (k <= 8262331))

for range-notcovered
table 1 : explain SELECT k, c FROM sbtest1 WHERE k BETWEEN 6814436 AND 6814536
	Bitmap Heap Scan on sbtest1  (cost=5.51..421.42 rows=105 width=125)
	  Recheck Cond: ((k >= 6814436) AND (k <= 6814536))
	  ->  Bitmap Index Scan on k_1  (cost=0.00..5.48 rows=105 width=0)
	        Index Cond: ((k >= 6814436) AND (k <= 6814536))

table 2 : explain SELECT k, c FROM sbtest2 WHERE k BETWEEN 6814436 AND 6814536
	Bitmap Heap Scan on sbtest2  (cost=5.36..362.17 rows=90 width=125)
	  Recheck Cond: ((k >= 6814436) AND (k <= 6814536))
	  ->  Bitmap Index Scan on k_2  (cost=0.00..5.33 rows=90 width=0)
	        Index Cond: ((k >= 6814436) AND (k <= 6814536))

table 3 : explain SELECT k, c FROM sbtest3 WHERE k BETWEEN 6814436 AND 6814536
	Bitmap Heap Scan on sbtest3  (cost=5.60..456.78 rows=114 width=125)
	  Recheck Cond: ((k >= 6814436) AND (k <= 6814536))
	  ->  Bitmap Index Scan on k_3  (cost=0.00..5.58 rows=114 width=0)
	        Index Cond: ((k >= 6814436) AND (k <= 6814536))

table 4 : explain SELECT k, c FROM sbtest4 WHERE k BETWEEN 6814436 AND 6814536
	Bitmap Heap Scan on sbtest4  (cost=5.46..401.64 rows=100 width=125)
	  Recheck Cond: ((k >= 6814436) AND (k <= 6814536))
	  ->  Bitmap Index Scan on k_4  (cost=0.00..5.43 rows=100 width=0)
	        Index Cond: ((k >= 6814436) AND (k <= 6814536))

table 5 : explain SELECT k, c FROM sbtest5 WHERE k BETWEEN 6814436 AND 6814536
	Bitmap Heap Scan on sbtest5  (cost=5.42..385.86 rows=96 width=125)
	  Recheck Cond: ((k >= 6814436) AND (k <= 6814536))
	  ->  Bitmap Index Scan on k_5  (cost=0.00..5.39 rows=96 width=0)
	        Index Cond: ((k >= 6814436) AND (k <= 6814536))

table 6 : explain SELECT k, c FROM sbtest6 WHERE k BETWEEN 6814436 AND 6814536
	Bitmap Heap Scan on sbtest6  (cost=5.55..437.13 rows=109 width=125)
	  Recheck Cond: ((k >= 6814436) AND (k <= 6814536))
	  ->  Bitmap Index Scan on k_6  (cost=0.00..5.52 rows=109 width=0)
	        Index Cond: ((k >= 6814436) AND (k <= 6814536))

table 7 : explain SELECT k, c FROM sbtest7 WHERE k BETWEEN 6814436 AND 6814536
	Bitmap Heap Scan on sbtest7  (cost=5.49..413.41 rows=103 width=125)
	  Recheck Cond: ((k >= 6814436) AND (k <= 6814536))
	  ->  Bitmap Index Scan on k_7  (cost=0.00..5.46 rows=103 width=0)
	        Index Cond: ((k >= 6814436) AND (k <= 6814536))

table 8 : explain SELECT k, c FROM sbtest8 WHERE k BETWEEN 6814436 AND 6814536
	Bitmap Heap Scan on sbtest8  (cost=5.47..405.60 rows=101 width=125)
	  Recheck Cond: ((k >= 6814436) AND (k <= 6814536))
	  ->  Bitmap Index Scan on k_8  (cost=0.00..5.44 rows=101 width=0)
	        Index Cond: ((k >= 6814436) AND (k <= 6814536))

explain: for range-notcovered :: explain SELECT k, c FROM sbtest%d WHERE k BETWEEN 5006439 AND 5006539
explain: for range-notcovered :: explain SELECT k, c FROM sbtest%d WHERE k BETWEEN 6568066 AND 6568166for range-notcovered
table 1 : explain SELECT k, c FROM sbtest1 WHERE k BETWEEN 5813883 AND 5813983
	Bitmap Heap Scan on sbtest1  (cost=5.58..449.02 rows=112 width=125)
	  Recheck Cond: ((k >= 5813883) AND (k <= 5813983))
	  ->  Bitmap Index Scan on k_1  (cost=0.00..5.55 rows=112 width=0)
	        Index Cond: ((k >= 5813883) AND (k <= 5813983))

table 2 : explain SELECT k, c FROM sbtest2 WHERE k BETWEEN 5813883 AND 5813983
	Bitmap Heap Scan on sbtest2  (cost=5.49..413.48 rows=103 width=125)
	  Recheck Cond: ((k >= 5813883) AND (k <= 5813983))
	  ->  Bitmap Index Scan on k_2  (cost=0.00..5.46 rows=103 width=0)
	        Index Cond: ((k >= 5813883) AND (k <= 5813983))

table 3 : explain SELECT k, c FROM sbtest3 WHERE k BETWEEN 5813883 AND 5813983
	Bitmap Heap Scan on sbtest3  (cost=5.39..373.97 rows=93 width=125)
	  Recheck Cond: ((k >= 5813883) AND (k <= 5813983))
	  ->  Bitmap Index Scan on k_3  (cost=0.00..5.36 rows=93 width=0)
	        Index Cond: ((k >= 5813883) AND (k <= 5813983))

table 4 : explain SELECT k, c FROM sbtest4 WHERE k BETWEEN 5813883 AND 5813983
	Bitmap Heap Scan on sbtest4  (cost=5.46..401.64 rows=100 width=125)
	  Recheck Cond: ((k >= 5813883) AND (k <= 5813983))
	  ->  Bitmap Index Scan on k_4  (cost=0.00..5.43 rows=100 width=0)
	        Index Cond: ((k >= 5813883) AND (k <= 5813983))

table 5 : explain SELECT k, c FROM sbtest5 WHERE k BETWEEN 5813883 AND 5813983
	Bitmap Heap Scan on sbtest5  (cost=5.40..377.97 rows=94 width=125)
	  Recheck Cond: ((k >= 5813883) AND (k <= 5813983))
	  ->  Bitmap Index Scan on k_5  (cost=0.00..5.38 rows=94 width=0)
	        Index Cond: ((k >= 5813883) AND (k <= 5813983))

table 6 : explain SELECT k, c FROM sbtest6 WHERE k BETWEEN 5813883 AND 5813983
	Bitmap Heap Scan on sbtest6  (cost=5.36..362.16 rows=90 width=125)
	  Recheck Cond: ((k >= 5813883) AND (k <= 5813983))
	  ->  Bitmap Index Scan on k_6  (cost=0.00..5.33 rows=90 width=0)
	        Index Cond: ((k >= 5813883) AND (k <= 5813983))

table 7 : explain SELECT k, c FROM sbtest7 WHERE k BETWEEN 5813883 AND 5813983
	Bitmap Heap Scan on sbtest7  (cost=5.50..417.35 rows=104 width=125)
	  Recheck Cond: ((k >= 5813883) AND (k <= 5813983))
	  ->  Bitmap Index Scan on k_7  (cost=0.00..5.47 rows=104 width=0)
	        Index Cond: ((k >= 5813883) AND (k <= 5813983))

table 8 : explain SELECT k, c FROM sbtest8 WHERE k BETWEEN 5813883 AND 5813983
	Bitmap Heap Scan on sbtest8  (cost=5.36..362.17 rows=90 width=125)
	  Recheck Cond: ((k >= 5813883) AND (k <= 5813983))
	  ->  Bitmap Index Scan on k_8  (cost=0.00..5.33 rows=90 width=0)
	        Index Cond: ((k >= 5813883) AND (k <= 5813983))
explain: for range-notcovered :: explain SELECT k, c FROM sbtest%d WHERE k BETWEEN 6676821 AND 6676921for range-notcovered
table 1 : explain SELECT k, c FROM sbtest1 WHERE k BETWEEN 1736814 AND 1736914
	Bitmap Heap Scan on sbtest1  (cost=5.50..417.47 rows=104 width=125)
	  Recheck Cond: ((k >= 1736814) AND (k <= 1736914))
	  ->  Bitmap Index Scan on k_1  (cost=0.00..5.47 rows=104 width=0)
	        Index Cond: ((k >= 1736814) AND (k <= 1736914))

table 2 : explain SELECT k, c FROM sbtest2 WHERE k BETWEEN 1736814 AND 1736914
	Bitmap Heap Scan on sbtest2  (cost=5.48..409.53 rows=102 width=125)
	  Recheck Cond: ((k >= 1736814) AND (k <= 1736914))
	  ->  Bitmap Index Scan on k_2  (cost=0.00..5.45 rows=102 width=0)
	        Index Cond: ((k >= 1736814) AND (k <= 1736914))

table 3 : explain SELECT k, c FROM sbtest3 WHERE k BETWEEN 1736814 AND 1736914
	Bitmap Heap Scan on sbtest3  (cost=5.59..452.84 rows=113 width=125)
	  Recheck Cond: ((k >= 1736814) AND (k <= 1736914))
	  ->  Bitmap Index Scan on k_3  (cost=0.00..5.56 rows=113 width=0)
	        Index Cond: ((k >= 1736814) AND (k <= 1736914))

table 4 : explain SELECT k, c FROM sbtest4 WHERE k BETWEEN 1736814 AND 1736914
	Bitmap Heap Scan on sbtest4  (cost=5.50..417.42 rows=104 width=125)
	  Recheck Cond: ((k >= 1736814) AND (k <= 1736914))
	  ->  Bitmap Index Scan on k_4  (cost=0.00..5.47 rows=104 width=0)
	        Index Cond: ((k >= 1736814) AND (k <= 1736914))

table 5 : explain SELECT k, c FROM sbtest5 WHERE k BETWEEN 1736814 AND 1736914
	Bitmap Heap Scan on sbtest5  (cost=5.59..452.91 rows=113 width=125)
	  Recheck Cond: ((k >= 1736814) AND (k <= 1736914))
	  ->  Bitmap Index Scan on k_5  (cost=0.00..5.56 rows=113 width=0)
	        Index Cond: ((k >= 1736814) AND (k <= 1736914))

table 6 : explain SELECT k, c FROM sbtest6 WHERE k BETWEEN 1736814 AND 1736914
	Bitmap Heap Scan on sbtest6  (cost=5.49..413.47 rows=103 width=125)
	  Recheck Cond: ((k >= 1736814) AND (k <= 1736914))
	  ->  Bitmap Index Scan on k_6  (cost=0.00..5.46 rows=103 width=0)
	        Index Cond: ((k >= 1736814) AND (k <= 1736914))

table 7 : explain SELECT k, c FROM sbtest7 WHERE k BETWEEN 1736814 AND 1736914
	Bitmap Heap Scan on sbtest7  (cost=5.41..381.85 rows=95 width=125)
	  Recheck Cond: ((k >= 1736814) AND (k <= 1736914))
	  ->  Bitmap Index Scan on k_7  (cost=0.00..5.38 rows=95 width=0)
	        Index Cond: ((k >= 1736814) AND (k <= 1736914))

table 8 : explain SELECT k, c FROM sbtest8 WHERE k BETWEEN 1736814 AND 1736914
	Bitmap Heap Scan on sbtest8  (cost=5.46..401.65 rows=100 width=125)
	  Recheck Cond: ((k >= 1736814) AND (k <= 1736914))
	  ->  Bitmap Index Scan on k_8  (cost=0.00..5.43 rows=100 width=0)
	        Index Cond: ((k >= 1736814) AND (k <= 1736914))

for range-notcovered
table 1 : explain SELECT k, c FROM sbtest1 WHERE k BETWEEN 5443553 AND 5443653
	Bitmap Heap Scan on sbtest1  (cost=5.48..409.58 rows=102 width=125)
	  Recheck Cond: ((k >= 5443553) AND (k <= 5443653))
	  ->  Bitmap Index Scan on k_1  (cost=0.00..5.45 rows=102 width=0)
	        Index Cond: ((k >= 5443553) AND (k <= 5443653))

table 2 : explain SELECT k, c FROM sbtest2 WHERE k BETWEEN 5443553 AND 5443653
	Bitmap Heap Scan on sbtest2  (cost=5.39..374.01 rows=93 width=125)
	  Recheck Cond: ((k >= 5443553) AND (k <= 5443653))
	  ->  Bitmap Index Scan on k_2  (cost=0.00..5.36 rows=93 width=0)
	        Index Cond: ((k >= 5443553) AND (k <= 5443653))

table 3 : explain SELECT k, c FROM sbtest3 WHERE k BETWEEN 5443553 AND 5443653
	Bitmap Heap Scan on sbtest3  (cost=5.58..448.90 rows=112 width=125)
	  Recheck Cond: ((k >= 5443553) AND (k <= 5443653))
	  ->  Bitmap Index Scan on k_3  (cost=0.00..5.55 rows=112 width=0)
	        Index Cond: ((k >= 5443553) AND (k <= 5443653))

table 4 : explain SELECT k, c FROM sbtest4 WHERE k BETWEEN 5443553 AND 5443653
	Bitmap Heap Scan on sbtest4  (cost=5.52..425.31 rows=106 width=125)
	  Recheck Cond: ((k >= 5443553) AND (k <= 5443653))
	  ->  Bitmap Index Scan on k_4  (cost=0.00..5.50 rows=106 width=0)
	        Index Cond: ((k >= 5443553) AND (k <= 5443653))

table 5 : explain SELECT k, c FROM sbtest5 WHERE k BETWEEN 5443553 AND 5443653
	Bitmap Heap Scan on sbtest5  (cost=5.54..433.20 rows=108 width=125)
	  Recheck Cond: ((k >= 5443553) AND (k <= 5443653))
	  ->  Bitmap Index Scan on k_5  (cost=0.00..5.51 rows=108 width=0)
	        Index Cond: ((k >= 5443553) AND (k <= 5443653))

table 6 : explain SELECT k, c FROM sbtest6 WHERE k BETWEEN 5443553 AND 5443653
	Bitmap Heap Scan on sbtest6  (cost=5.57..445.01 rows=111 width=125)
	  Recheck Cond: ((k >= 5443553) AND (k <= 5443653))
	  ->  Bitmap Index Scan on k_6  (cost=0.00..5.54 rows=111 width=0)
	        Index Cond: ((k >= 5443553) AND (k <= 5443653))

table 7 : explain SELECT k, c FROM sbtest7 WHERE k BETWEEN 5443553 AND 5443653
	Bitmap Heap Scan on sbtest7  (cost=5.46..401.57 rows=100 width=125)
	  Recheck Cond: ((k >= 5443553) AND (k <= 5443653))
	  ->  Bitmap Index Scan on k_7  (cost=0.00..5.43 rows=100 width=0)
	        Index Cond: ((k >= 5443553) AND (k <= 5443653))

table 8 : explain SELECT k, c FROM sbtest8 WHERE k BETWEEN 5443553 AND 5443653
	Bitmap Heap Scan on sbtest8  (cost=5.46..401.65 rows=100 width=125)
	  Recheck Cond: ((k >= 5443553) AND (k <= 5443653))
	  ->  Bitmap Index Scan on k_8  (cost=0.00..5.43 rows=100 width=0)
	        Index Cond: ((k >= 5443553) AND (k <= 5443653))

for range-notcovered
table 1 : explain SELECT k, c FROM sbtest1 WHERE k BETWEEN 6262062 AND 6262162
	Bitmap Heap Scan on sbtest1  (cost=5.36..362.21 rows=90 width=125)
	  Recheck Cond: ((k >= 6262062) AND (k <= 6262162))
	  ->  Bitmap Index Scan on k_1  (cost=0.00..5.33 rows=90 width=0)
	        Index Cond: ((k >= 6262062) AND (k <= 6262162))

table 2 : explain SELECT k, c FROM sbtest2 WHERE k BETWEEN 6262062 AND 6262162
	Bitmap Heap Scan on sbtest2  (cost=5.44..393.75 rows=98 width=125)
	  Recheck Cond: ((k >= 6262062) AND (k <= 6262162))
	  ->  Bitmap Index Scan on k_2  (cost=0.00..5.42 rows=98 width=0)
	        Index Cond: ((k >= 6262062) AND (k <= 6262162))

table 3 : explain SELECT k, c FROM sbtest3 WHERE k BETWEEN 6262062 AND 6262162
	Bitmap Heap Scan on sbtest3  (cost=5.49..413.42 rows=103 width=125)
	  Recheck Cond: ((k >= 6262062) AND (k <= 6262162))
	  ->  Bitmap Index Scan on k_3  (cost=0.00..5.46 rows=103 width=0)
	        Index Cond: ((k >= 6262062) AND (k <= 6262162))

table 4 : explain SELECT k, c FROM sbtest4 WHERE k BETWEEN 6262062 AND 6262162
	Bitmap Heap Scan on sbtest4  (cost=5.49..413.48 rows=103 width=125)
	  Recheck Cond: ((k >= 6262062) AND (k <= 6262162))
	  ->  Bitmap Index Scan on k_4  (cost=0.00..5.46 rows=103 width=0)
	        Index Cond: ((k >= 6262062) AND (k <= 6262162))

table 5 : explain SELECT k, c FROM sbtest5 WHERE k BETWEEN 6262062 AND 6262162
	Bitmap Heap Scan on sbtest5  (cost=5.51..421.37 rows=105 width=125)
	  Recheck Cond: ((k >= 6262062) AND (k <= 6262162))
	  ->  Bitmap Index Scan on k_5  (cost=0.00..5.48 rows=105 width=0)
	        Index Cond: ((k >= 6262062) AND (k <= 6262162))

table 6 : explain SELECT k, c FROM sbtest6 WHERE k BETWEEN 6262062 AND 6262162
	Bitmap Heap Scan on sbtest6  (cost=5.53..429.24 rows=107 width=125)
	  Recheck Cond: ((k >= 6262062) AND (k <= 6262162))
	  ->  Bitmap Index Scan on k_6  (cost=0.00..5.50 rows=107 width=0)
	        Index Cond: ((k >= 6262062) AND (k <= 6262162))

table 7 : explain SELECT k, c FROM sbtest7 WHERE k BETWEEN 6262062 AND 6262162
	Bitmap Heap Scan on sbtest7  (cost=5.52..425.23 rows=106 width=125)
	  Recheck Cond: ((k >= 6262062) AND (k <= 6262162))
	  ->  Bitmap Index Scan on k_7  (cost=0.00..5.50 rows=106 width=0)
	        Index Cond: ((k >= 6262062) AND (k <= 6262162))

table 8 : explain SELECT k, c FROM sbtest8 WHERE k BETWEEN 6262062 AND 6262162
	Bitmap Heap Scan on sbtest8  (cost=5.56..441.09 rows=110 width=125)
	  Recheck Cond: ((k >= 6262062) AND (k <= 6262162))
	  ->  Bitmap Index Scan on k_8  (cost=0.00..5.53 rows=110 width=0)
	        Index Cond: ((k >= 6262062) AND (k <= 6262162))

explain: for range-notcovered :: explain SELECT k, c FROM sbtest%d WHERE k BETWEEN 4250238 AND 4250338
explain: for range-notcovered :: explain SELECT k, c FROM sbtest%d WHERE k BETWEEN 2327787 AND 2327887for range-notcovered
table 1 : explain SELECT k, c FROM sbtest1 WHERE k BETWEEN 1934489 AND 1934589
	Bitmap Heap Scan on sbtest1  (cost=5.39..374.06 rows=93 width=125)
	  Recheck Cond: ((k >= 1934489) AND (k <= 1934589))
	  ->  Bitmap Index Scan on k_1  (cost=0.00..5.36 rows=93 width=0)
	        Index Cond: ((k >= 1934489) AND (k <= 1934589))

table 2 : explain SELECT k, c FROM sbtest2 WHERE k BETWEEN 1934489 AND 1934589
	Bitmap Heap Scan on sbtest2  (cost=5.55..437.14 rows=109 width=125)
	  Recheck Cond: ((k >= 1934489) AND (k <= 1934589))
	  ->  Bitmap Index Scan on k_2  (cost=0.00..5.52 rows=109 width=0)
	        Index Cond: ((k >= 1934489) AND (k <= 1934589))

table 3 : explain SELECT k, c FROM sbtest3 WHERE k BETWEEN 1934489 AND 1934589
	Bitmap Heap Scan on sbtest3  (cost=5.50..417.37 rows=104 width=125)
	  Recheck Cond: ((k >= 1934489) AND (k <= 1934589))
	  ->  Bitmap Index Scan on k_3  (cost=0.00..5.47 rows=104 width=0)
	        Index Cond: ((k >= 1934489) AND (k <= 1934589))

table 4 : explain SELECT k, c FROM sbtest4 WHERE k BETWEEN 1934489 AND 1934589
	Bitmap Heap Scan on sbtest4  (cost=5.38..370.06 rows=92 width=125)
	  Recheck Cond: ((k >= 1934489) AND (k <= 1934589))
	  ->  Bitmap Index Scan on k_4  (cost=0.00..5.35 rows=92 width=0)
	        Index Cond: ((k >= 1934489) AND (k <= 1934589))

table 5 : explain SELECT k, c FROM sbtest5 WHERE k BETWEEN 1934489 AND 1934589
	Bitmap Heap Scan on sbtest5  (cost=5.52..425.32 rows=106 width=125)
	  Recheck Cond: ((k >= 1934489) AND (k <= 1934589))
	  ->  Bitmap Index Scan on k_5  (cost=0.00..5.50 rows=106 width=0)
	        Index Cond: ((k >= 1934489) AND (k <= 1934589))

table 6 : explain SELECT k, c FROM sbtest6 WHERE k BETWEEN 1934489 AND 1934589
	Bitmap Heap Scan on sbtest6  (cost=5.49..413.47 rows=103 width=125)
	  Recheck Cond: ((k >= 1934489) AND (k <= 1934589))
	  ->  Bitmap Index Scan on k_6  (cost=0.00..5.46 rows=103 width=0)
	        Index Cond: ((k >= 1934489) AND (k <= 1934589))

table 7 : explain SELECT k, c FROM sbtest7 WHERE k BETWEEN 1934489 AND 1934589
	Bitmap Heap Scan on sbtest7  (cost=5.55..437.06 rows=109 width=125)
	  Recheck Cond: ((k >= 1934489) AND (k <= 1934589))
	  ->  Bitmap Index Scan on k_7  (cost=0.00..5.52 rows=109 width=0)
	        Index Cond: ((k >= 1934489) AND (k <= 1934589))

table 8 : explain SELECT k, c FROM sbtest8 WHERE k BETWEEN 1934489 AND 1934589
	Bitmap Heap Scan on sbtest8  (cost=5.51..421.37 rows=105 width=125)
	  Recheck Cond: ((k >= 1934489) AND (k <= 1934589))
	  ->  Bitmap Index Scan on k_8  (cost=0.00..5.48 rows=105 width=0)
	        Index Cond: ((k >= 1934489) AND (k <= 1934589))
explain: for range-notcovered :: explain SELECT k, c FROM sbtest%d WHERE k BETWEEN 6789664 AND 6789764for range-notcovered
table 1 : explain SELECT k, c FROM sbtest1 WHERE k BETWEEN 7378895 AND 7378995
	Bitmap Heap Scan on sbtest1  (cost=5.42..385.90 rows=96 width=125)
	  Recheck Cond: ((k >= 7378895) AND (k <= 7378995))
	  ->  Bitmap Index Scan on k_1  (cost=0.00..5.39 rows=96 width=0)
	        Index Cond: ((k >= 7378895) AND (k <= 7378995))

table 2 : explain SELECT k, c FROM sbtest2 WHERE k BETWEEN 7378895 AND 7378995
	Bitmap Heap Scan on sbtest2  (cost=5.43..389.80 rows=97 width=125)
	  Recheck Cond: ((k >= 7378895) AND (k <= 7378995))
	  ->  Bitmap Index Scan on k_2  (cost=0.00..5.40 rows=97 width=0)
	        Index Cond: ((k >= 7378895) AND (k <= 7378995))

table 3 : explain SELECT k, c FROM sbtest3 WHERE k BETWEEN 7378895 AND 7378995
	Bitmap Heap Scan on sbtest3  (cost=5.43..389.75 rows=97 width=125)
	  Recheck Cond: ((k >= 7378895) AND (k <= 7378995))
	  ->  Bitmap Index Scan on k_3  (cost=0.00..5.40 rows=97 width=0)
	        Index Cond: ((k >= 7378895) AND (k <= 7378995))

table 4 : explain SELECT k, c FROM sbtest4 WHERE k BETWEEN 7378895 AND 7378995
	Bitmap Heap Scan on sbtest4  (cost=5.40..377.96 rows=94 width=125)
	  Recheck Cond: ((k >= 7378895) AND (k <= 7378995))
	  ->  Bitmap Index Scan on k_4  (cost=0.00..5.38 rows=94 width=0)
	        Index Cond: ((k >= 7378895) AND (k <= 7378995))

table 5 : explain SELECT k, c FROM sbtest5 WHERE k BETWEEN 7378895 AND 7378995
	Bitmap Heap Scan on sbtest5  (cost=5.46..401.65 rows=100 width=125)
	  Recheck Cond: ((k >= 7378895) AND (k <= 7378995))
	  ->  Bitmap Index Scan on k_5  (cost=0.00..5.43 rows=100 width=0)
	        Index Cond: ((k >= 7378895) AND (k <= 7378995))

table 6 : explain SELECT k, c FROM sbtest6 WHERE k BETWEEN 7378895 AND 7378995
	Bitmap Heap Scan on sbtest6  (cost=5.52..425.30 rows=106 width=125)
	  Recheck Cond: ((k >= 7378895) AND (k <= 7378995))
	  ->  Bitmap Index Scan on k_6  (cost=0.00..5.50 rows=106 width=0)
	        Index Cond: ((k >= 7378895) AND (k <= 7378995))

table 7 : explain SELECT k, c FROM sbtest7 WHERE k BETWEEN 7378895 AND 7378995
	Bitmap Heap Scan on sbtest7  (cost=5.48..409.46 rows=102 width=125)
	  Recheck Cond: ((k >= 7378895) AND (k <= 7378995))
	  ->  Bitmap Index Scan on k_7  (cost=0.00..5.45 rows=102 width=0)
	        Index Cond: ((k >= 7378895) AND (k <= 7378995))

table 8 : explain SELECT k, c FROM sbtest8 WHERE k BETWEEN 7378895 AND 7378995
	Bitmap Heap Scan on sbtest8  (cost=5.43..389.81 rows=97 width=125)
	  Recheck Cond: ((k >= 7378895) AND (k <= 7378995))
	  ->  Bitmap Index Scan on k_8  (cost=0.00..5.40 rows=97 width=0)
	        Index Cond: ((k >= 7378895) AND (k <= 7378995))


explain: for range-notcovered :: explain SELECT k, c FROM sbtest%d WHERE k BETWEEN 6262062 AND 6262162for range-notcovered
table 1 : explain SELECT k, c FROM sbtest1 WHERE k BETWEEN 6148959 AND 6149059
	Bitmap Heap Scan on sbtest1  (cost=5.49..413.53 rows=103 width=125)
	  Recheck Cond: ((k >= 6148959) AND (k <= 6149059))
	  ->  Bitmap Index Scan on k_1  (cost=0.00..5.46 rows=103 width=0)
	        Index Cond: ((k >= 6148959) AND (k <= 6149059))

table 2 : explain SELECT k, c FROM sbtest2 WHERE k BETWEEN 6148959 AND 6149059
	Bitmap Heap Scan on sbtest2  (cost=5.41..381.91 rows=95 width=125)
	  Recheck Cond: ((k >= 6148959) AND (k <= 6149059))
	  ->  Bitmap Index Scan on k_2  (cost=0.00..5.38 rows=95 width=0)
	        Index Cond: ((k >= 6148959) AND (k <= 6149059))

table 3 : explain SELECT k, c FROM sbtest3 WHERE k BETWEEN 6148959 AND 6149059
	Bitmap Heap Scan on sbtest3  (cost=5.50..417.37 rows=104 width=125)
	  Recheck Cond: ((k >= 6148959) AND (k <= 6149059))
	  ->  Bitmap Index Scan on k_3  (cost=0.00..5.47 rows=104 width=0)
	        Index Cond: ((k >= 6148959) AND (k <= 6149059))

table 4 : explain SELECT k, c FROM sbtest4 WHERE k BETWEEN 6148959 AND 6149059
	Bitmap Heap Scan on sbtest4  (cost=5.36..362.17 rows=90 width=125)
	  Recheck Cond: ((k >= 6148959) AND (k <= 6149059))
	  ->  Bitmap Index Scan on k_4  (cost=0.00..5.33 rows=90 width=0)
	        Index Cond: ((k >= 6148959) AND (k <= 6149059))

table 5 : explain SELECT k, c FROM sbtest5 WHERE k BETWEEN 6148959 AND 6149059
	Bitmap Heap Scan on sbtest5  (cost=5.55..437.14 rows=109 width=125)
	  Recheck Cond: ((k >= 6148959) AND (k <= 6149059))
	  ->  Bitmap Index Scan on k_5  (cost=0.00..5.52 rows=109 width=0)
	        Index Cond: ((k >= 6148959) AND (k <= 6149059))

table 6 : explain SELECT k, c FROM sbtest6 WHERE k BETWEEN 6148959 AND 6149059
	Bitmap Heap Scan on sbtest6  (cost=5.43..389.80 rows=97 width=125)
	  Recheck Cond: ((k >= 6148959) AND (k <= 6149059))
	  ->  Bitmap Index Scan on k_6  (cost=0.00..5.40 rows=97 width=0)
	        Index Cond: ((k >= 6148959) AND (k <= 6149059))

table 7 : explain SELECT k, c FROM sbtest7 WHERE k BETWEEN 6148959 AND 6149059
	Bitmap Heap Scan on sbtest7  (cost=5.51..421.29 rows=105 width=125)
	  Recheck Cond: ((k >= 6148959) AND (k <= 6149059))
	  ->  Bitmap Index Scan on k_7  (cost=0.00..5.48 rows=105 width=0)
	        Index Cond: ((k >= 6148959) AND (k <= 6149059))

table 8 : explain SELECT k, c FROM sbtest8 WHERE k BETWEEN 6148959 AND 6149059
	Bitmap Heap Scan on sbtest8  (cost=5.43..389.81 rows=97 width=125)
	  Recheck Cond: ((k >= 6148959) AND (k <= 6149059))
	  ->  Bitmap Index Scan on k_8  (cost=0.00..5.40 rows=97 width=0)
	        Index Cond: ((k >= 6148959) AND (k <= 6149059))
explain: for range-notcovered :: explain SELECT k, c FROM sbtest%d WHERE k BETWEEN 5443553 AND 5443653explain: for range-notcovered :: explain SELECT k, c FROM sbtest%d WHERE k BETWEEN 7743810 AND 7743910

for range-notcovered
table 1 : explain SELECT k, c FROM sbtest1 WHERE k BETWEEN 5503157 AND 5503257
	Bitmap Heap Scan on sbtest1  (cost=5.49..413.53 rows=103 width=125)
	  Recheck Cond: ((k >= 5503157) AND (k <= 5503257))
	  ->  Bitmap Index Scan on k_1  (cost=0.00..5.46 rows=103 width=0)
	        Index Cond: ((k >= 5503157) AND (k <= 5503257))

table 2 : explain SELECT k, c FROM sbtest2 WHERE k BETWEEN 5503157 AND 5503257
	Bitmap Heap Scan on sbtest2  (cost=5.56..441.08 rows=110 width=125)
	  Recheck Cond: ((k >= 5503157) AND (k <= 5503257))
	  ->  Bitmap Index Scan on k_2  (cost=0.00..5.53 rows=110 width=0)
	        Index Cond: ((k >= 5503157) AND (k <= 5503257))

table 3 : explain SELECT k, c FROM sbtest3 WHERE k BETWEEN 5503157 AND 5503257
	Bitmap Heap Scan on sbtest3  (cost=5.41..381.86 rows=95 width=125)
	  Recheck Cond: ((k >= 5503157) AND (k <= 5503257))
	  ->  Bitmap Index Scan on k_3  (cost=0.00..5.38 rows=95 width=0)
	        Index Cond: ((k >= 5503157) AND (k <= 5503257))

table 4 : explain SELECT k, c FROM sbtest4 WHERE k BETWEEN 5503157 AND 5503257
	Bitmap Heap Scan on sbtest4  (cost=5.41..381.91 rows=95 width=125)
	  Recheck Cond: ((k >= 5503157) AND (k <= 5503257))
	  ->  Bitmap Index Scan on k_4  (cost=0.00..5.38 rows=95 width=0)
	        Index Cond: ((k >= 5503157) AND (k <= 5503257))

table 5 : explain SELECT k, c FROM sbtest5 WHERE k BETWEEN 5503157 AND 5503257
	Bitmap Heap Scan on sbtest5  (cost=5.54..433.20 rows=108 width=125)
	  Recheck Cond: ((k >= 5503157) AND (k <= 5503257))
	  ->  Bitmap Index Scan on k_5  (cost=0.00..5.51 rows=108 width=0)
	        Index Cond: ((k >= 5503157) AND (k <= 5503257))

table 6 : explain SELECT k, c FROM sbtest6 WHERE k BETWEEN 5503157 AND 5503257
	Bitmap Heap Scan on sbtest6  (cost=5.57..445.01 rows=111 width=125)
	  Recheck Cond: ((k >= 5503157) AND (k <= 5503257))
	  ->  Bitmap Index Scan on k_6  (cost=0.00..5.54 rows=111 width=0)
	        Index Cond: ((k >= 5503157) AND (k <= 5503257))

table 7 : explain SELECT k, c FROM sbtest7 WHERE k BETWEEN 5503157 AND 5503257
	Bitmap Heap Scan on sbtest7  (cost=5.43..389.74 rows=97 width=125)
	  Recheck Cond: ((k >= 5503157) AND (k <= 5503257))
	  ->  Bitmap Index Scan on k_7  (cost=0.00..5.40 rows=97 width=0)
	        Index Cond: ((k >= 5503157) AND (k <= 5503257))

table 8 : explain SELECT k, c FROM sbtest8 WHERE k BETWEEN 5503157 AND 5503257
	Bitmap Heap Scan on sbtest8  (cost=5.46..401.65 rows=100 width=125)
	  Recheck Cond: ((k >= 5503157) AND (k <= 5503257))
	  ->  Bitmap Index Scan on k_8  (cost=0.00..5.43 rows=100 width=0)
	        Index Cond: ((k >= 5503157) AND (k <= 5503257))

for range-notcovered
table 1 : explain SELECT k, c FROM sbtest1 WHERE k BETWEEN 6927879 AND 6927979
	Bitmap Heap Scan on sbtest1  (cost=5.46..401.69 rows=100 width=125)
	  Recheck Cond: ((k >= 6927879) AND (k <= 6927979))
	  ->  Bitmap Index Scan on k_1  (cost=0.00..5.43 rows=100 width=0)
	        Index Cond: ((k >= 6927879) AND (k <= 6927979))

table 2 : explain SELECT k, c FROM sbtest2 WHERE k BETWEEN 6927879 AND 6927979
	Bitmap Heap Scan on sbtest2  (cost=5.52..425.31 rows=106 width=125)
	  Recheck Cond: ((k >= 6927879) AND (k <= 6927979))
	  ->  Bitmap Index Scan on k_2  (cost=0.00..5.50 rows=106 width=0)
	        Index Cond: ((k >= 6927879) AND (k <= 6927979))

table 3 : explain SELECT k, c FROM sbtest3 WHERE k BETWEEN 6927879 AND 6927979
	Bitmap Heap Scan on sbtest3  (cost=5.57..444.96 rows=111 width=125)
	  Recheck Cond: ((k >= 6927879) AND (k <= 6927979))
	  ->  Bitmap Index Scan on k_3  (cost=0.00..5.54 rows=111 width=0)
	        Index Cond: ((k >= 6927879) AND (k <= 6927979))

table 4 : explain SELECT k, c FROM sbtest4 WHERE k BETWEEN 6927879 AND 6927979
	Bitmap Heap Scan on sbtest4  (cost=5.44..393.75 rows=98 width=125)
	  Recheck Cond: ((k >= 6927879) AND (k <= 6927979))
	  ->  Bitmap Index Scan on k_4  (cost=0.00..5.42 rows=98 width=0)
	        Index Cond: ((k >= 6927879) AND (k <= 6927979))

table 5 : explain SELECT k, c FROM sbtest5 WHERE k BETWEEN 6927879 AND 6927979
	Bitmap Heap Scan on sbtest5  (cost=5.56..441.09 rows=110 width=125)
	  Recheck Cond: ((k >= 6927879) AND (k <= 6927979))
	  ->  Bitmap Index Scan on k_5  (cost=0.00..5.53 rows=110 width=0)
	        Index Cond: ((k >= 6927879) AND (k <= 6927979))

table 6 : explain SELECT k, c FROM sbtest6 WHERE k BETWEEN 6927879 AND 6927979
	Bitmap Heap Scan on sbtest6  (cost=5.42..385.85 rows=96 width=125)
	  Recheck Cond: ((k >= 6927879) AND (k <= 6927979))
	  ->  Bitmap Index Scan on k_6  (cost=0.00..5.39 rows=96 width=0)
	        Index Cond: ((k >= 6927879) AND (k <= 6927979))

table 7 : explain SELECT k, c FROM sbtest7 WHERE k BETWEEN 6927879 AND 6927979
	Bitmap Heap Scan on sbtest7  (cost=5.47..405.52 rows=101 width=125)
	  Recheck Cond: ((k >= 6927879) AND (k <= 6927979))
	  ->  Bitmap Index Scan on k_7  (cost=0.00..5.44 rows=101 width=0)
	        Index Cond: ((k >= 6927879) AND (k <= 6927979))

table 8 : explain SELECT k, c FROM sbtest8 WHERE k BETWEEN 6927879 AND 6927979
	Bitmap Heap Scan on sbtest8  (cost=5.50..417.43 rows=104 width=125)
	  Recheck Cond: ((k >= 6927879) AND (k <= 6927979))
	  ->  Bitmap Index Scan on k_8  (cost=0.00..5.47 rows=104 width=0)
	        Index Cond: ((k >= 6927879) AND (k <= 6927979))

explain: for range-notcovered :: explain SELECT k, c FROM sbtest%d WHERE k BETWEEN 7216687 AND 7216787
for range-notcovered
table 1 : explain SELECT k, c FROM sbtest1 WHERE k BETWEEN 8712676 AND 8712776
	Bitmap Heap Scan on sbtest1  (cost=5.44..393.80 rows=98 width=125)
	  Recheck Cond: ((k >= 8712676) AND (k <= 8712776))
	  ->  Bitmap Index Scan on k_1  (cost=0.00..5.42 rows=98 width=0)
	        Index Cond: ((k >= 8712676) AND (k <= 8712776))

table 2 : explain SELECT k, c FROM sbtest2 WHERE k BETWEEN 8712676 AND 8712776
	Bitmap Heap Scan on sbtest2  (cost=5.47..405.59 rows=101 width=125)
	  Recheck Cond: ((k >= 8712676) AND (k <= 8712776))
	  ->  Bitmap Index Scan on k_2  (cost=0.00..5.44 rows=101 width=0)
	        Index Cond: ((k >= 8712676) AND (k <= 8712776))

table 3 : explain SELECT k, c FROM sbtest3 WHERE k BETWEEN 8712676 AND 8712776
	Bitmap Heap Scan on sbtest3  (cost=5.50..417.37 rows=104 width=125)
	  Recheck Cond: ((k >= 8712676) AND (k <= 8712776))
	  ->  Bitmap Index Scan on k_3  (cost=0.00..5.47 rows=104 width=0)
	        Index Cond: ((k >= 8712676) AND (k <= 8712776))

table 4 : explain SELECT k, c FROM sbtest4 WHERE k BETWEEN 8712676 AND 8712776
	Bitmap Heap Scan on sbtest4  (cost=5.52..425.31 rows=106 width=125)
	  Recheck Cond: ((k >= 8712676) AND (k <= 8712776))
	  ->  Bitmap Index Scan on k_4  (cost=0.00..5.50 rows=106 width=0)
	        Index Cond: ((k >= 8712676) AND (k <= 8712776))

table 5 : explain SELECT k, c FROM sbtest5 WHERE k BETWEEN 8712676 AND 8712776
	Bitmap Heap Scan on sbtest5  (cost=5.43..389.81 rows=97 width=125)
	  Recheck Cond: ((k >= 8712676) AND (k <= 8712776))
	  ->  Bitmap Index Scan on k_5  (cost=0.00..5.40 rows=97 width=0)
	        Index Cond: ((k >= 8712676) AND (k <= 8712776))

table 6 : explain SELECT k, c FROM sbtest6 WHERE k BETWEEN 8712676 AND 8712776
	Bitmap Heap Scan on sbtest6  (cost=5.59..452.89 rows=113 width=125)
	  Recheck Cond: ((k >= 8712676) AND (k <= 8712776))
	  ->  Bitmap Index Scan on k_6  (cost=0.00..5.56 rows=113 width=0)
	        Index Cond: ((k >= 8712676) AND (k <= 8712776))

table 7 : explain SELECT k, c FROM sbtest7 WHERE k BETWEEN 8712676 AND 8712776
	Bitmap Heap Scan on sbtest7  (cost=5.49..413.41 rows=103 width=125)
	  Recheck Cond: ((k >= 8712676) AND (k <= 8712776))
	  ->  Bitmap Index Scan on k_7  (cost=0.00..5.46 rows=103 width=0)
	        Index Cond: ((k >= 8712676) AND (k <= 8712776))

table 8 : explain SELECT k, c FROM sbtest8 WHERE k BETWEEN 8712676 AND 8712776
	Bitmap Heap Scan on sbtest8  (cost=5.46..401.65 rows=100 width=125)
	  Recheck Cond: ((k >= 8712676) AND (k <= 8712776))
	  ->  Bitmap Index Scan on k_8  (cost=0.00..5.43 rows=100 width=0)
	        Index Cond: ((k >= 8712676) AND (k <= 8712776))

explain: for range-notcovered :: explain SELECT k, c FROM sbtest%d WHERE k BETWEEN 5503157 AND 5503257
explain: for range-notcovered :: explain SELECT k, c FROM sbtest%d WHERE k BETWEEN 6814436 AND 6814536explain: for range-notcovered :: explain SELECT k, c FROM sbtest%d WHERE k BETWEEN 6927879 AND 6927979
for range-notcovered
table 1 : explain SELECT k, c FROM sbtest1 WHERE k BETWEEN 4791999 AND 4792099
	Bitmap Heap Scan on sbtest1  (cost=5.50..417.47 rows=104 width=125)
	  Recheck Cond: ((k >= 4791999) AND (k <= 4792099))
	  ->  Bitmap Index Scan on k_1  (cost=0.00..5.47 rows=104 width=0)
	        Index Cond: ((k >= 4791999) AND (k <= 4792099))

table 2 : explain SELECT k, c FROM sbtest2 WHERE k BETWEEN 4791999 AND 4792099
	Bitmap Heap Scan on sbtest2  (cost=5.40..377.96 rows=94 width=125)
	  Recheck Cond: ((k >= 4791999) AND (k <= 4792099))
	  ->  Bitmap Index Scan on k_2  (cost=0.00..5.38 rows=94 width=0)
	        Index Cond: ((k >= 4791999) AND (k <= 4792099))

table 3 : explain SELECT k, c FROM sbtest3 WHERE k BETWEEN 4791999 AND 4792099
	Bitmap Heap Scan on sbtest3  (cost=5.49..413.42 rows=103 width=125)
	  Recheck Cond: ((k >= 4791999) AND (k <= 4792099))
	  ->  Bitmap Index Scan on k_3  (cost=0.00..5.46 rows=103 width=0)
	        Index Cond: ((k >= 4791999) AND (k <= 4792099))

table 4 : explain SELECT k, c FROM sbtest4 WHERE k BETWEEN 4791999 AND 4792099
	Bitmap Heap Scan on sbtest4  (cost=5.48..409.53 rows=102 width=125)
	  Recheck Cond: ((k >= 4791999) AND (k <= 4792099))
	  ->  Bitmap Index Scan on k_4  (cost=0.00..5.45 rows=102 width=0)
	        Index Cond: ((k >= 4791999) AND (k <= 4792099))

table 5 : explain SELECT k, c FROM sbtest5 WHERE k BETWEEN 4791999 AND 4792099
	Bitmap Heap Scan on sbtest5  (cost=5.36..362.17 rows=90 width=125)
	  Recheck Cond: ((k >= 4791999) AND (k <= 4792099))
	  ->  Bitmap Index Scan on k_5  (cost=0.00..5.33 rows=90 width=0)
	        Index Cond: ((k >= 4791999) AND (k <= 4792099))

table 6 : explain SELECT k, c FROM sbtest6 WHERE k BETWEEN 4791999 AND 4792099
	Bitmap Heap Scan on sbtest6  (cost=5.58..448.95 rows=112 width=125)
	  Recheck Cond: ((k >= 4791999) AND (k <= 4792099))
	  ->  Bitmap Index Scan on k_6  (cost=0.00..5.55 rows=112 width=0)
	        Index Cond: ((k >= 4791999) AND (k <= 4792099))

table 7 : explain SELECT k, c FROM sbtest7 WHERE k BETWEEN 4791999 AND 4792099
	Bitmap Heap Scan on sbtest7  (cost=5.50..417.35 rows=104 width=125)
	  Recheck Cond: ((k >= 4791999) AND (k <= 4792099))
	  ->  Bitmap Index Scan on k_7  (cost=0.00..5.47 rows=104 width=0)
	        Index Cond: ((k >= 4791999) AND (k <= 4792099))

table 8 : explain SELECT k, c FROM sbtest8 WHERE k BETWEEN 4791999 AND 4792099
	Bitmap Heap Scan on sbtest8  (cost=5.46..401.65 rows=100 width=125)
	  Recheck Cond: ((k >= 4791999) AND (k <= 4792099))
	  ->  Bitmap Index Scan on k_8  (cost=0.00..5.43 rows=100 width=0)
	        Index Cond: ((k >= 4791999) AND (k <= 4792099))

explain: for range-notcovered :: explain SELECT k, c FROM sbtest%d WHERE k BETWEEN 8712676 AND 8712776
for range-notcovered
table 1 : explain SELECT k, c FROM sbtest1 WHERE k BETWEEN 7372991 AND 7373091
	Bitmap Heap Scan on sbtest1  (cost=5.42..385.90 rows=96 width=125)
	  Recheck Cond: ((k >= 7372991) AND (k <= 7373091))
	  ->  Bitmap Index Scan on k_1  (cost=0.00..5.39 rows=96 width=0)
	        Index Cond: ((k >= 7372991) AND (k <= 7373091))

table 2 : explain SELECT k, c FROM sbtest2 WHERE k BETWEEN 7372991 AND 7373091
	Bitmap Heap Scan on sbtest2  (cost=5.43..389.80 rows=97 width=125)
	  Recheck Cond: ((k >= 7372991) AND (k <= 7373091))
	  ->  Bitmap Index Scan on k_2  (cost=0.00..5.40 rows=97 width=0)
	        Index Cond: ((k >= 7372991) AND (k <= 7373091))

table 3 : explain SELECT k, c FROM sbtest3 WHERE k BETWEEN 7372991 AND 7373091
	Bitmap Heap Scan on sbtest3  (cost=5.43..389.75 rows=97 width=125)
	  Recheck Cond: ((k >= 7372991) AND (k <= 7373091))
	  ->  Bitmap Index Scan on k_3  (cost=0.00..5.40 rows=97 width=0)
	        Index Cond: ((k >= 7372991) AND (k <= 7373091))

table 4 : explain SELECT k, c FROM sbtest4 WHERE k BETWEEN 7372991 AND 7373091
	Bitmap Heap Scan on sbtest4  (cost=5.40..377.96 rows=94 width=125)
	  Recheck Cond: ((k >= 7372991) AND (k <= 7373091))
	  ->  Bitmap Index Scan on k_4  (cost=0.00..5.38 rows=94 width=0)
	        Index Cond: ((k >= 7372991) AND (k <= 7373091))

table 5 : explain SELECT k, c FROM sbtest5 WHERE k BETWEEN 7372991 AND 7373091
	Bitmap Heap Scan on sbtest5  (cost=5.46..401.65 rows=100 width=125)
	  Recheck Cond: ((k >= 7372991) AND (k <= 7373091))
	  ->  Bitmap Index Scan on k_5  (cost=0.00..5.43 rows=100 width=0)
	        Index Cond: ((k >= 7372991) AND (k <= 7373091))

table 6 : explain SELECT k, c FROM sbtest6 WHERE k BETWEEN 7372991 AND 7373091
	Bitmap Heap Scan on sbtest6  (cost=5.52..425.30 rows=106 width=125)
	  Recheck Cond: ((k >= 7372991) AND (k <= 7373091))
	  ->  Bitmap Index Scan on k_6  (cost=0.00..5.50 rows=106 width=0)
	        Index Cond: ((k >= 7372991) AND (k <= 7373091))

table 7 : explain SELECT k, c FROM sbtest7 WHERE k BETWEEN 7372991 AND 7373091
	Bitmap Heap Scan on sbtest7  (cost=5.65..476.45 rows=119 width=125)
	  Recheck Cond: ((k >= 7372991) AND (k <= 7373091))
	  ->  Bitmap Index Scan on k_7  (cost=0.00..5.62 rows=119 width=0)
	        Index Cond: ((k >= 7372991) AND (k <= 7373091))

table 8 : explain SELECT k, c FROM sbtest8 WHERE k BETWEEN 7372991 AND 7373091
	Bitmap Heap Scan on sbtest8  (cost=5.43..389.81 rows=97 width=125)
	  Recheck Cond: ((k >= 7372991) AND (k <= 7373091))
	  ->  Bitmap Index Scan on k_8  (cost=0.00..5.40 rows=97 width=0)
	        Index Cond: ((k >= 7372991) AND (k <= 7373091))

for range-notcovered
table 1 : explain SELECT k, c FROM sbtest1 WHERE k BETWEEN 2658640 AND 2658740
	Bitmap Heap Scan on sbtest1  (cost=5.61..460.84 rows=115 width=125)
	  Recheck Cond: ((k >= 2658640) AND (k <= 2658740))
	  ->  Bitmap Index Scan on k_1  (cost=0.00..5.58 rows=115 width=0)
	        Index Cond: ((k >= 2658640) AND (k <= 2658740))

table 2 : explain SELECT k, c FROM sbtest2 WHERE k BETWEEN 2658640 AND 2658740
	Bitmap Heap Scan on sbtest2  (cost=5.45..397.70 rows=99 width=125)
	  Recheck Cond: ((k >= 2658640) AND (k <= 2658740))
	  ->  Bitmap Index Scan on k_2  (cost=0.00..5.42 rows=99 width=0)
	        Index Cond: ((k >= 2658640) AND (k <= 2658740))

table 3 : explain SELECT k, c FROM sbtest3 WHERE k BETWEEN 2658640 AND 2658740
	Bitmap Heap Scan on sbtest3  (cost=5.55..437.08 rows=109 width=125)
	  Recheck Cond: ((k >= 2658640) AND (k <= 2658740))
	  ->  Bitmap Index Scan on k_3  (cost=0.00..5.52 rows=109 width=0)
	        Index Cond: ((k >= 2658640) AND (k <= 2658740))

table 4 : explain SELECT k, c FROM sbtest4 WHERE k BETWEEN 2658640 AND 2658740
	Bitmap Heap Scan on sbtest4  (cost=5.45..397.70 rows=99 width=125)
	  Recheck Cond: ((k >= 2658640) AND (k <= 2658740))
	  ->  Bitmap Index Scan on k_4  (cost=0.00..5.42 rows=99 width=0)
	        Index Cond: ((k >= 2658640) AND (k <= 2658740))

table 5 : explain SELECT k, c FROM sbtest5 WHERE k BETWEEN 2658640 AND 2658740
	Bitmap Heap Scan on sbtest5  (cost=5.38..370.07 rows=92 width=125)
	  Recheck Cond: ((k >= 2658640) AND (k <= 2658740))
	  ->  Bitmap Index Scan on k_5  (cost=0.00..5.35 rows=92 width=0)
	        Index Cond: ((k >= 2658640) AND (k <= 2658740))

table 6 : explain SELECT k, c FROM sbtest6 WHERE k BETWEEN 2658640 AND 2658740
	Bitmap Heap Scan on sbtest6  (cost=5.46..401.63 rows=100 width=125)
	  Recheck Cond: ((k >= 2658640) AND (k <= 2658740))
	  ->  Bitmap Index Scan on k_6  (cost=0.00..5.43 rows=100 width=0)
	        Index Cond: ((k >= 2658640) AND (k <= 2658740))

table 7 : explain SELECT k, c FROM sbtest7 WHERE k BETWEEN 2658640 AND 2658740
	Bitmap Heap Scan on sbtest7  (cost=5.49..413.41 rows=103 width=125)
	  Recheck Cond: ((k >= 2658640) AND (k <= 2658740))
	  ->  Bitmap Index Scan on k_7  (cost=0.00..5.46 rows=103 width=0)
	        Index Cond: ((k >= 2658640) AND (k <= 2658740))

table 8 : explain SELECT k, c FROM sbtest8 WHERE k BETWEEN 2658640 AND 2658740
	Bitmap Heap Scan on sbtest8  (cost=5.47..405.60 rows=101 width=125)
	  Recheck Cond: ((k >= 2658640) AND (k <= 2658740))
	  ->  Bitmap Index Scan on k_8  (cost=0.00..5.44 rows=101 width=0)
	        Index Cond: ((k >= 2658640) AND (k <= 2658740))

explain: for range-notcovered :: explain SELECT k, c FROM sbtest%d WHERE k BETWEEN 4243893 AND 4243993
for range-notcovered
table 1 : explain SELECT k, c FROM sbtest1 WHERE k BETWEEN 6909611 AND 6909711
	Bitmap Heap Scan on sbtest1  (cost=5.46..401.69 rows=100 width=125)
	  Recheck Cond: ((k >= 6909611) AND (k <= 6909711))
	  ->  Bitmap Index Scan on k_1  (cost=0.00..5.43 rows=100 width=0)
	        Index Cond: ((k >= 6909611) AND (k <= 6909711))

table 2 : explain SELECT k, c FROM sbtest2 WHERE k BETWEEN 6909611 AND 6909711
	Bitmap Heap Scan on sbtest2  (cost=5.52..425.31 rows=106 width=125)
	  Recheck Cond: ((k >= 6909611) AND (k <= 6909711))
	  ->  Bitmap Index Scan on k_2  (cost=0.00..5.50 rows=106 width=0)
	        Index Cond: ((k >= 6909611) AND (k <= 6909711))

table 3 : explain SELECT k, c FROM sbtest3 WHERE k BETWEEN 6909611 AND 6909711
	Bitmap Heap Scan on sbtest3  (cost=5.57..444.96 rows=111 width=125)
	  Recheck Cond: ((k >= 6909611) AND (k <= 6909711))
	  ->  Bitmap Index Scan on k_3  (cost=0.00..5.54 rows=111 width=0)
	        Index Cond: ((k >= 6909611) AND (k <= 6909711))

table 4 : explain SELECT k, c FROM sbtest4 WHERE k BETWEEN 6909611 AND 6909711
	Bitmap Heap Scan on sbtest4  (cost=5.44..393.75 rows=98 width=125)
	  Recheck Cond: ((k >= 6909611) AND (k <= 6909711))
	  ->  Bitmap Index Scan on k_4  (cost=0.00..5.42 rows=98 width=0)
	        Index Cond: ((k >= 6909611) AND (k <= 6909711))

table 5 : explain SELECT k, c FROM sbtest5 WHERE k BETWEEN 6909611 AND 6909711
	Bitmap Heap Scan on sbtest5  (cost=5.42..385.86 rows=96 width=125)
	  Recheck Cond: ((k >= 6909611) AND (k <= 6909711))
	  ->  Bitmap Index Scan on k_5  (cost=0.00..5.39 rows=96 width=0)
	        Index Cond: ((k >= 6909611) AND (k <= 6909711))

table 6 : explain SELECT k, c FROM sbtest6 WHERE k BETWEEN 6909611 AND 6909711
	Bitmap Heap Scan on sbtest6  (cost=5.42..385.85 rows=96 width=125)
	  Recheck Cond: ((k >= 6909611) AND (k <= 6909711))
	  ->  Bitmap Index Scan on k_6  (cost=0.00..5.39 rows=96 width=0)
	        Index Cond: ((k >= 6909611) AND (k <= 6909711))

table 7 : explain SELECT k, c FROM sbtest7 WHERE k BETWEEN 6909611 AND 6909711
	Bitmap Heap Scan on sbtest7  (cost=5.47..405.52 rows=101 width=125)
	  Recheck Cond: ((k >= 6909611) AND (k <= 6909711))
	  ->  Bitmap Index Scan on k_7  (cost=0.00..5.44 rows=101 width=0)
	        Index Cond: ((k >= 6909611) AND (k <= 6909711))

table 8 : explain SELECT k, c FROM sbtest8 WHERE k BETWEEN 6909611 AND 6909711
	Bitmap Heap Scan on sbtest8  (cost=5.50..417.43 rows=104 width=125)
	  Recheck Cond: ((k >= 6909611) AND (k <= 6909711))
	  ->  Bitmap Index Scan on k_8  (cost=0.00..5.47 rows=104 width=0)
	        Index Cond: ((k >= 6909611) AND (k <= 6909711))

explain: for range-notcovered :: explain SELECT k, c FROM sbtest%d WHERE k BETWEEN 4791999 AND 4792099

explain: for range-notcovered :: explain SELECT k, c FROM sbtest%d WHERE k BETWEEN 2658640 AND 2658740
for range-notcovered
table 1 : explain SELECT k, c FROM sbtest1 WHERE k BETWEEN 2158070 AND 2158170
	Bitmap Heap Scan on sbtest1  (cost=5.46..401.69 rows=100 width=125)
	  Recheck Cond: ((k >= 2158070) AND (k <= 2158170))
	  ->  Bitmap Index Scan on k_1  (cost=0.00..5.43 rows=100 width=0)
	        Index Cond: ((k >= 2158070) AND (k <= 2158170))

table 2 : explain SELECT k, c FROM sbtest2 WHERE k BETWEEN 2158070 AND 2158170
	Bitmap Heap Scan on sbtest2  (cost=5.53..429.25 rows=107 width=125)
	  Recheck Cond: ((k >= 2158070) AND (k <= 2158170))
	  ->  Bitmap Index Scan on k_2  (cost=0.00..5.50 rows=107 width=0)
	        Index Cond: ((k >= 2158070) AND (k <= 2158170))

table 3 : explain SELECT k, c FROM sbtest3 WHERE k BETWEEN 2158070 AND 2158170
	Bitmap Heap Scan on sbtest3  (cost=5.53..429.19 rows=107 width=125)
	  Recheck Cond: ((k >= 2158070) AND (k <= 2158170))
	  ->  Bitmap Index Scan on k_3  (cost=0.00..5.50 rows=107 width=0)
	        Index Cond: ((k >= 2158070) AND (k <= 2158170))

table 4 : explain SELECT k, c FROM sbtest4 WHERE k BETWEEN 2158070 AND 2158170
	Bitmap Heap Scan on sbtest4  (cost=5.51..421.36 rows=105 width=125)
	  Recheck Cond: ((k >= 2158070) AND (k <= 2158170))
	  ->  Bitmap Index Scan on k_4  (cost=0.00..5.48 rows=105 width=0)
	        Index Cond: ((k >= 2158070) AND (k <= 2158170))

table 5 : explain SELECT k, c FROM sbtest5 WHERE k BETWEEN 2158070 AND 2158170
	Bitmap Heap Scan on sbtest5  (cost=5.45..397.70 rows=99 width=125)
	  Recheck Cond: ((k >= 2158070) AND (k <= 2158170))
	  ->  Bitmap Index Scan on k_5  (cost=0.00..5.42 rows=99 width=0)
	        Index Cond: ((k >= 2158070) AND (k <= 2158170))

table 6 : explain SELECT k, c FROM sbtest6 WHERE k BETWEEN 2158070 AND 2158170
	Bitmap Heap Scan on sbtest6  (cost=5.45..397.69 rows=99 width=125)
	  Recheck Cond: ((k >= 2158070) AND (k <= 2158170))
	  ->  Bitmap Index Scan on k_6  (cost=0.00..5.42 rows=99 width=0)
	        Index Cond: ((k >= 2158070) AND (k <= 2158170))

table 7 : explain SELECT k, c FROM sbtest7 WHERE k BETWEEN 2158070 AND 2158170
	Bitmap Heap Scan on sbtest7  (cost=5.45..397.63 rows=99 width=125)
	  Recheck Cond: ((k >= 2158070) AND (k <= 2158170))
	  ->  Bitmap Index Scan on k_7  (cost=0.00..5.42 rows=99 width=0)
	        Index Cond: ((k >= 2158070) AND (k <= 2158170))

table 8 : explain SELECT k, c FROM sbtest8 WHERE k BETWEEN 2158070 AND 2158170
	Bitmap Heap Scan on sbtest8  (cost=5.52..425.32 rows=106 width=125)
	  Recheck Cond: ((k >= 2158070) AND (k <= 2158170))
	  ->  Bitmap Index Scan on k_8  (cost=0.00..5.50 rows=106 width=0)
	        Index Cond: ((k >= 2158070) AND (k <= 2158170))





for range-notcovered
table 1 : explain SELECT k, c FROM sbtest1 WHERE k BETWEEN 4873456 AND 4873556
	Bitmap Heap Scan on sbtest1  (cost=5.65..476.60 rows=119 width=125)
	  Recheck Cond: ((k >= 4873456) AND (k <= 4873556))
	  ->  Bitmap Index Scan on k_1  (cost=0.00..5.62 rows=119 width=0)
	        Index Cond: ((k >= 4873456) AND (k <= 4873556))

table 2 : explain SELECT k, c FROM sbtest2 WHERE k BETWEEN 4873456 AND 4873556
	Bitmap Heap Scan on sbtest2  (cost=5.48..409.53 rows=102 width=125)
	  Recheck Cond: ((k >= 4873456) AND (k <= 4873556))
	  ->  Bitmap Index Scan on k_2  (cost=0.00..5.45 rows=102 width=0)
	        Index Cond: ((k >= 4873456) AND (k <= 4873556))

table 3 : explain SELECT k, c FROM sbtest3 WHERE k BETWEEN 4873456 AND 4873556
	Bitmap Heap Scan on sbtest3  (cost=5.46..401.59 rows=100 width=125)
	  Recheck Cond: ((k >= 4873456) AND (k <= 4873556))
	  ->  Bitmap Index Scan on k_3  (cost=0.00..5.43 rows=100 width=0)
	        Index Cond: ((k >= 4873456) AND (k <= 4873556))

table 4 : explain SELECT k, c FROM sbtest4 WHERE k BETWEEN 4873456 AND 4873556
	Bitmap Heap Scan on sbtest4  (cost=5.53..429.25 rows=107 width=125)
	  Recheck Cond: ((k >= 4873456) AND (k <= 4873556))
	  ->  Bitmap Index Scan on k_4  (cost=0.00..5.50 rows=107 width=0)
	        Index Cond: ((k >= 4873456) AND (k <= 4873556))

table 5 : explain SELECT k, c FROM sbtest5 WHERE k BETWEEN 4873456 AND 4873556
	Bitmap Heap Scan on sbtest5  (cost=5.46..401.65 rows=100 width=125)
	  Recheck Cond: ((k >= 4873456) AND (k <= 4873556))
	  ->  Bitmap Index Scan on k_5  (cost=0.00..5.43 rows=100 width=0)
	        Index Cond: ((k >= 4873456) AND (k <= 4873556))

table 6 : explain SELECT k, c FROM sbtest6 WHERE k BETWEEN 4873456 AND 4873556
	Bitmap Heap Scan on sbtest6  (cost=5.50..417.41 rows=104 width=125)
	  Recheck Cond: ((k >= 4873456) AND (k <= 4873556))
	  ->  Bitmap Index Scan on k_6  (cost=0.00..5.47 rows=104 width=0)
	        Index Cond: ((k >= 4873456) AND (k <= 4873556))

table 7 : explain SELECT k, c FROM sbtest7 WHERE k BETWEEN 4873456 AND 4873556
	Bitmap Heap Scan on sbtest7  (cost=5.53..429.17 rows=107 width=125)
	  Recheck Cond: ((k >= 4873456) AND (k <= 4873556))
	  ->  Bitmap Index Scan on k_7  (cost=0.00..5.50 rows=107 width=0)
	        Index Cond: ((k >= 4873456) AND (k <= 4873556))

table 8 : explain SELECT k, c FROM sbtest8 WHERE k BETWEEN 4873456 AND 4873556
	Bitmap Heap Scan on sbtest8  (cost=5.59..452.91 rows=113 width=125)
	  Recheck Cond: ((k >= 4873456) AND (k <= 4873556))
	  ->  Bitmap Index Scan on k_8  (cost=0.00..5.56 rows=113 width=0)
	        Index Cond: ((k >= 4873456) AND (k <= 4873556))

explain: for range-notcovered :: explain SELECT k, c FROM sbtest%d WHERE k BETWEEN 3680246 AND 3680346
for range-notcovered
table 1 : explain SELECT k, c FROM sbtest1 WHERE k BETWEEN 3507413 AND 3507513
	Bitmap Heap Scan on sbtest1  (cost=5.39..374.06 rows=93 width=125)
	  Recheck Cond: ((k >= 3507413) AND (k <= 3507513))
	  ->  Bitmap Index Scan on k_1  (cost=0.00..5.36 rows=93 width=0)
	        Index Cond: ((k >= 3507413) AND (k <= 3507513))

table 2 : explain SELECT k, c FROM sbtest2 WHERE k BETWEEN 3507413 AND 3507513
	Bitmap Heap Scan on sbtest2  (cost=5.48..409.53 rows=102 width=125)
	  Recheck Cond: ((k >= 3507413) AND (k <= 3507513))
	  ->  Bitmap Index Scan on k_2  (cost=0.00..5.45 rows=102 width=0)
	        Index Cond: ((k >= 3507413) AND (k <= 3507513))

table 3 : explain SELECT k, c FROM sbtest3 WHERE k BETWEEN 3507413 AND 3507513
	Bitmap Heap Scan on sbtest3  (cost=5.46..401.59 rows=100 width=125)
	  Recheck Cond: ((k >= 3507413) AND (k <= 3507513))
	  ->  Bitmap Index Scan on k_3  (cost=0.00..5.43 rows=100 width=0)
	        Index Cond: ((k >= 3507413) AND (k <= 3507513))

table 4 : explain SELECT k, c FROM sbtest4 WHERE k BETWEEN 3507413 AND 3507513
	Bitmap Heap Scan on sbtest4  (cost=5.46..401.64 rows=100 width=125)
	  Recheck Cond: ((k >= 3507413) AND (k <= 3507513))
	  ->  Bitmap Index Scan on k_4  (cost=0.00..5.43 rows=100 width=0)
	        Index Cond: ((k >= 3507413) AND (k <= 3507513))

table 5 : explain SELECT k, c FROM sbtest5 WHERE k BETWEEN 3507413 AND 3507513
	Bitmap Heap Scan on sbtest5  (cost=5.52..425.32 rows=106 width=125)
	  Recheck Cond: ((k >= 3507413) AND (k <= 3507513))
	  ->  Bitmap Index Scan on k_5  (cost=0.00..5.50 rows=106 width=0)
	        Index Cond: ((k >= 3507413) AND (k <= 3507513))

table 6 : explain SELECT k, c FROM sbtest6 WHERE k BETWEEN 3507413 AND 3507513
	Bitmap Heap Scan on sbtest6  (cost=5.55..437.13 rows=109 width=125)
	  Recheck Cond: ((k >= 3507413) AND (k <= 3507513))
	  ->  Bitmap Index Scan on k_6  (cost=0.00..5.52 rows=109 width=0)
	        Index Cond: ((k >= 3507413) AND (k <= 3507513))

table 7 : explain SELECT k, c FROM sbtest7 WHERE k BETWEEN 3507413 AND 3507513
	Bitmap Heap Scan on sbtest7  (cost=5.46..401.57 rows=100 width=125)
	  Recheck Cond: ((k >= 3507413) AND (k <= 3507513))
	  ->  Bitmap Index Scan on k_7  (cost=0.00..5.43 rows=100 width=0)
	        Index Cond: ((k >= 3507413) AND (k <= 3507513))

table 8 : explain SELECT k, c FROM sbtest8 WHERE k BETWEEN 3507413 AND 3507513
	Bitmap Heap Scan on sbtest8  (cost=5.53..429.26 rows=107 width=125)
	  Recheck Cond: ((k >= 3507413) AND (k <= 3507513))
	  ->  Bitmap Index Scan on k_8  (cost=0.00..5.50 rows=107 width=0)
	        Index Cond: ((k >= 3507413) AND (k <= 3507513))
for range-notcovered
table 1 : explain SELECT k, c FROM sbtest1 WHERE k BETWEEN 5330250 AND 5330350
	Bitmap Heap Scan on sbtest1  (cost=5.51..421.42 rows=105 width=125)
	  Recheck Cond: ((k >= 5330250) AND (k <= 5330350))
	  ->  Bitmap Index Scan on k_1  (cost=0.00..5.48 rows=105 width=0)
	        Index Cond: ((k >= 5330250) AND (k <= 5330350))

table 2 : explain SELECT k, c FROM sbtest2 WHERE k BETWEEN 5330250 AND 5330350
	Bitmap Heap Scan on sbtest2  (cost=5.46..401.64 rows=100 width=125)
	  Recheck Cond: ((k >= 5330250) AND (k <= 5330350))
	  ->  Bitmap Index Scan on k_2  (cost=0.00..5.43 rows=100 width=0)
	        Index Cond: ((k >= 5330250) AND (k <= 5330350))

table 3 : explain SELECT k, c FROM sbtest3 WHERE k BETWEEN 5330250 AND 5330350
	Bitmap Heap Scan on sbtest3  (cost=5.46..401.59 rows=100 width=125)
	  Recheck Cond: ((k >= 5330250) AND (k <= 5330350))
	  ->  Bitmap Index Scan on k_3  (cost=0.00..5.43 rows=100 width=0)
	        Index Cond: ((k >= 5330250) AND (k <= 5330350))

table 4 : explain SELECT k, c FROM sbtest4 WHERE k BETWEEN 5330250 AND 5330350
	Bitmap Heap Scan on sbtest4  (cost=5.57..445.02 rows=111 width=125)
	  Recheck Cond: ((k >= 5330250) AND (k <= 5330350))
	  ->  Bitmap Index Scan on k_4  (cost=0.00..5.54 rows=111 width=0)
	        Index Cond: ((k >= 5330250) AND (k <= 5330350))

table 5 : explain SELECT k, c FROM sbtest5 WHERE k BETWEEN 5330250 AND 5330350
	Bitmap Heap Scan on sbtest5  (cost=5.49..413.49 rows=103 width=125)
	  Recheck Cond: ((k >= 5330250) AND (k <= 5330350))
	  ->  Bitmap Index Scan on k_5  (cost=0.00..5.46 rows=103 width=0)
	        Index Cond: ((k >= 5330250) AND (k <= 5330350))

table 6 : explain SELECT k, c FROM sbtest6 WHERE k BETWEEN 5330250 AND 5330350
	Bitmap Heap Scan on sbtest6  (cost=5.46..401.63 rows=100 width=125)
	  Recheck Cond: ((k >= 5330250) AND (k <= 5330350))
	  ->  Bitmap Index Scan on k_6  (cost=0.00..5.43 rows=100 width=0)
	        Index Cond: ((k >= 5330250) AND (k <= 5330350))

table 7 : explain SELECT k, c FROM sbtest7 WHERE k BETWEEN 5330250 AND 5330350
	Bitmap Heap Scan on sbtest7  (cost=5.44..393.68 rows=98 width=125)
	  Recheck Cond: ((k >= 5330250) AND (k <= 5330350))
	  ->  Bitmap Index Scan on k_7  (cost=0.00..5.42 rows=98 width=0)
	        Index Cond: ((k >= 5330250) AND (k <= 5330350))

table 8 : explain SELECT k, c FROM sbtest8 WHERE k BETWEEN 5330250 AND 5330350
	Bitmap Heap Scan on sbtest8  (cost=5.48..409.54 rows=102 width=125)
	  Recheck Cond: ((k >= 5330250) AND (k <= 5330350))
	  ->  Bitmap Index Scan on k_8  (cost=0.00..5.45 rows=102 width=0)
	        Index Cond: ((k >= 5330250) AND (k <= 5330350))

explain: for range-notcovered :: explain SELECT k, c FROM sbtest%d WHERE k BETWEEN 2646947 AND 2647047

explain: for range-notcovered :: explain SELECT k, c FROM sbtest%d WHERE k BETWEEN 1736814 AND 1736914
explain: for range-notcovered :: explain SELECT k, c FROM sbtest%d WHERE k BETWEEN 4873456 AND 4873556

explain: for range-notcovered :: explain SELECT k, c FROM sbtest%d WHERE k BETWEEN 5330250 AND 5330350
for range-notcovered
table 1 : explain SELECT k, c FROM sbtest1 WHERE k BETWEEN 7179680 AND 7179780
	Bitmap Heap Scan on sbtest1  (cost=5.38..370.11 rows=92 width=125)
	  Recheck Cond: ((k >= 7179680) AND (k <= 7179780))
	  ->  Bitmap Index Scan on k_1  (cost=0.00..5.35 rows=92 width=0)
	        Index Cond: ((k >= 7179680) AND (k <= 7179780))

table 2 : explain SELECT k, c FROM sbtest2 WHERE k BETWEEN 7179680 AND 7179780
	Bitmap Heap Scan on sbtest2  (cost=5.48..409.53 rows=102 width=125)
	  Recheck Cond: ((k >= 7179680) AND (k <= 7179780))
	  ->  Bitmap Index Scan on k_2  (cost=0.00..5.45 rows=102 width=0)
	        Index Cond: ((k >= 7179680) AND (k <= 7179780))

table 3 : explain SELECT k, c FROM sbtest3 WHERE k BETWEEN 7179680 AND 7179780
	Bitmap Heap Scan on sbtest3  (cost=5.47..405.53 rows=101 width=125)
	  Recheck Cond: ((k >= 7179680) AND (k <= 7179780))
	  ->  Bitmap Index Scan on k_3  (cost=0.00..5.44 rows=101 width=0)
	        Index Cond: ((k >= 7179680) AND (k <= 7179780))

table 4 : explain SELECT k, c FROM sbtest4 WHERE k BETWEEN 7179680 AND 7179780
	Bitmap Heap Scan on sbtest4  (cost=5.53..429.25 rows=107 width=125)
	  Recheck Cond: ((k >= 7179680) AND (k <= 7179780))
	  ->  Bitmap Index Scan on k_4  (cost=0.00..5.50 rows=107 width=0)
	        Index Cond: ((k >= 7179680) AND (k <= 7179780))

table 5 : explain SELECT k, c FROM sbtest5 WHERE k BETWEEN 7179680 AND 7179780
	Bitmap Heap Scan on sbtest5  (cost=5.43..389.81 rows=97 width=125)
	  Recheck Cond: ((k >= 7179680) AND (k <= 7179780))
	  ->  Bitmap Index Scan on k_5  (cost=0.00..5.40 rows=97 width=0)
	        Index Cond: ((k >= 7179680) AND (k <= 7179780))

table 6 : explain SELECT k, c FROM sbtest6 WHERE k BETWEEN 7179680 AND 7179780
	Bitmap Heap Scan on sbtest6  (cost=5.45..397.69 rows=99 width=125)
	  Recheck Cond: ((k >= 7179680) AND (k <= 7179780))
	  ->  Bitmap Index Scan on k_6  (cost=0.00..5.42 rows=99 width=0)
	        Index Cond: ((k >= 7179680) AND (k <= 7179780))

table 7 : explain SELECT k, c FROM sbtest7 WHERE k BETWEEN 7179680 AND 7179780
	Bitmap Heap Scan on sbtest7  (cost=5.43..389.74 rows=97 width=125)
	  Recheck Cond: ((k >= 7179680) AND (k <= 7179780))
	  ->  Bitmap Index Scan on k_7  (cost=0.00..5.40 rows=97 width=0)
	        Index Cond: ((k >= 7179680) AND (k <= 7179780))

table 8 : explain SELECT k, c FROM sbtest8 WHERE k BETWEEN 7179680 AND 7179780
	Bitmap Heap Scan on sbtest8  (cost=5.50..417.43 rows=104 width=125)
	  Recheck Cond: ((k >= 7179680) AND (k <= 7179780))
	  ->  Bitmap Index Scan on k_8  (cost=0.00..5.47 rows=104 width=0)
	        Index Cond: ((k >= 7179680) AND (k <= 7179780))


explain: for range-notcovered :: explain SELECT k, c FROM sbtest%d WHERE k BETWEEN 7372991 AND 7373091
explain: for range-notcovered :: explain SELECT k, c FROM sbtest%d WHERE k BETWEEN 6909611 AND 6909711
explain: for range-notcovered :: explain SELECT k, c FROM sbtest%d WHERE k BETWEEN 7378895 AND 7378995
explain: for range-notcovered :: explain SELECT k, c FROM sbtest%d WHERE k BETWEEN 2158070 AND 2158170

for range-notcovered
table 1 : explain SELECT k, c FROM sbtest1 WHERE k BETWEEN 7813504 AND 7813604
	Bitmap Heap Scan on sbtest1  (cost=5.51..421.42 rows=105 width=125)
	  Recheck Cond: ((k >= 7813504) AND (k <= 7813604))
	  ->  Bitmap Index Scan on k_1  (cost=0.00..5.48 rows=105 width=0)
	        Index Cond: ((k >= 7813504) AND (k <= 7813604))

table 2 : explain SELECT k, c FROM sbtest2 WHERE k BETWEEN 7813504 AND 7813604
	Bitmap Heap Scan on sbtest2  (cost=5.47..405.59 rows=101 width=125)
	  Recheck Cond: ((k >= 7813504) AND (k <= 7813604))
	  ->  Bitmap Index Scan on k_2  (cost=0.00..5.44 rows=101 width=0)
	        Index Cond: ((k >= 7813504) AND (k <= 7813604))

table 3 : explain SELECT k, c FROM sbtest3 WHERE k BETWEEN 7813504 AND 7813604
	Bitmap Heap Scan on sbtest3  (cost=5.44..393.70 rows=98 width=125)
	  Recheck Cond: ((k >= 7813504) AND (k <= 7813604))
	  ->  Bitmap Index Scan on k_3  (cost=0.00..5.42 rows=98 width=0)
	        Index Cond: ((k >= 7813504) AND (k <= 7813604))

table 4 : explain SELECT k, c FROM sbtest4 WHERE k BETWEEN 7813504 AND 7813604
	Bitmap Heap Scan on sbtest4  (cost=5.46..401.64 rows=100 width=125)
	  Recheck Cond: ((k >= 7813504) AND (k <= 7813604))
	  ->  Bitmap Index Scan on k_4  (cost=0.00..5.43 rows=100 width=0)
	        Index Cond: ((k >= 7813504) AND (k <= 7813604))

table 5 : explain SELECT k, c FROM sbtest5 WHERE k BETWEEN 7813504 AND 7813604
	Bitmap Heap Scan on sbtest5  (cost=5.48..409.54 rows=102 width=125)
	  Recheck Cond: ((k >= 7813504) AND (k <= 7813604))
	  ->  Bitmap Index Scan on k_5  (cost=0.00..5.45 rows=102 width=0)
	        Index Cond: ((k >= 7813504) AND (k <= 7813604))

table 6 : explain SELECT k, c FROM sbtest6 WHERE k BETWEEN 7813504 AND 7813604
	Bitmap Heap Scan on sbtest6  (cost=5.44..393.74 rows=98 width=125)
	  Recheck Cond: ((k >= 7813504) AND (k <= 7813604))
	  ->  Bitmap Index Scan on k_6  (cost=0.00..5.42 rows=98 width=0)
	        Index Cond: ((k >= 7813504) AND (k <= 7813604))

table 7 : explain SELECT k, c FROM sbtest7 WHERE k BETWEEN 7813504 AND 7813604
	Bitmap Heap Scan on sbtest7  (cost=5.38..370.00 rows=92 width=125)
	  Recheck Cond: ((k >= 7813504) AND (k <= 7813604))
	  ->  Bitmap Index Scan on k_7  (cost=0.00..5.35 rows=92 width=0)
	        Index Cond: ((k >= 7813504) AND (k <= 7813604))

table 8 : explain SELECT k, c FROM sbtest8 WHERE k BETWEEN 7813504 AND 7813604
	Bitmap Heap Scan on sbtest8  (cost=5.48..409.54 rows=102 width=125)
	  Recheck Cond: ((k >= 7813504) AND (k <= 7813604))
	  ->  Bitmap Index Scan on k_8  (cost=0.00..5.45 rows=102 width=0)
	        Index Cond: ((k >= 7813504) AND (k <= 7813604))

explain: for range-notcovered :: explain SELECT k, c FROM sbtest%d WHERE k BETWEEN 5813883 AND 5813983

for range-notcovered
table 1 : explain SELECT k, c FROM sbtest1 WHERE k BETWEEN 5603877 AND 5603977
	Bitmap Heap Scan on sbtest1  (cost=5.57..445.08 rows=111 width=125)
	  Recheck Cond: ((k >= 5603877) AND (k <= 5603977))
	  ->  Bitmap Index Scan on k_1  (cost=0.00..5.54 rows=111 width=0)
	        Index Cond: ((k >= 5603877) AND (k <= 5603977))

table 2 : explain SELECT k, c FROM sbtest2 WHERE k BETWEEN 5603877 AND 5603977
	Bitmap Heap Scan on sbtest2  (cost=5.40..377.96 rows=94 width=125)
	  Recheck Cond: ((k >= 5603877) AND (k <= 5603977))
	  ->  Bitmap Index Scan on k_2  (cost=0.00..5.38 rows=94 width=0)
	        Index Cond: ((k >= 5603877) AND (k <= 5603977))

table 3 : explain SELECT k, c FROM sbtest3 WHERE k BETWEEN 5603877 AND 5603977
	Bitmap Heap Scan on sbtest3  (cost=5.53..429.19 rows=107 width=125)
	  Recheck Cond: ((k >= 5603877) AND (k <= 5603977))
	  ->  Bitmap Index Scan on k_3  (cost=0.00..5.50 rows=107 width=0)
	        Index Cond: ((k >= 5603877) AND (k <= 5603977))

table 4 : explain SELECT k, c FROM sbtest4 WHERE k BETWEEN 5603877 AND 5603977
	Bitmap Heap Scan on sbtest4  (cost=5.41..381.91 rows=95 width=125)
	  Recheck Cond: ((k >= 5603877) AND (k <= 5603977))
	  ->  Bitmap Index Scan on k_4  (cost=0.00..5.38 rows=95 width=0)
	        Index Cond: ((k >= 5603877) AND (k <= 5603977))

table 5 : explain SELECT k, c FROM sbtest5 WHERE k BETWEEN 5603877 AND 5603977
	Bitmap Heap Scan on sbtest5  (cost=5.52..425.32 rows=106 width=125)
	  Recheck Cond: ((k >= 5603877) AND (k <= 5603977))
	  ->  Bitmap Index Scan on k_5  (cost=0.00..5.50 rows=106 width=0)
	        Index Cond: ((k >= 5603877) AND (k <= 5603977))

table 6 : explain SELECT k, c FROM sbtest6 WHERE k BETWEEN 5603877 AND 5603977
	Bitmap Heap Scan on sbtest6  (cost=5.41..381.90 rows=95 width=125)
	  Recheck Cond: ((k >= 5603877) AND (k <= 5603977))
	  ->  Bitmap Index Scan on k_6  (cost=0.00..5.38 rows=95 width=0)
	        Index Cond: ((k >= 5603877) AND (k <= 5603977))

table 7 : explain SELECT k, c FROM sbtest7 WHERE k BETWEEN 5603877 AND 5603977
	Bitmap Heap Scan on sbtest7  (cost=5.43..389.74 rows=97 width=125)
	  Recheck Cond: ((k >= 5603877) AND (k <= 5603977))
	  ->  Bitmap Index Scan on k_7  (cost=0.00..5.40 rows=97 width=0)
	        Index Cond: ((k >= 5603877) AND (k <= 5603977))

table 8 : explain SELECT k, c FROM sbtest8 WHERE k BETWEEN 5603877 AND 5603977
	Bitmap Heap Scan on sbtest8  (cost=5.45..397.70 rows=99 width=125)
	  Recheck Cond: ((k >= 5603877) AND (k <= 5603977))
	  ->  Bitmap Index Scan on k_8  (cost=0.00..5.42 rows=99 width=0)
	        Index Cond: ((k >= 5603877) AND (k <= 5603977))

for range-notcovered
table 1 : explain SELECT k, c FROM sbtest1 WHERE k BETWEEN 7841640 AND 7841740
	Bitmap Heap Scan on sbtest1  (cost=5.51..421.42 rows=105 width=125)
	  Recheck Cond: ((k >= 7841640) AND (k <= 7841740))
	  ->  Bitmap Index Scan on k_1  (cost=0.00..5.48 rows=105 width=0)
	        Index Cond: ((k >= 7841640) AND (k <= 7841740))

table 2 : explain SELECT k, c FROM sbtest2 WHERE k BETWEEN 7841640 AND 7841740
	Bitmap Heap Scan on sbtest2  (cost=5.52..425.31 rows=106 width=125)
	  Recheck Cond: ((k >= 7841640) AND (k <= 7841740))
	  ->  Bitmap Index Scan on k_2  (cost=0.00..5.50 rows=106 width=0)
	        Index Cond: ((k >= 7841640) AND (k <= 7841740))

table 3 : explain SELECT k, c FROM sbtest3 WHERE k BETWEEN 7841640 AND 7841740
	Bitmap Heap Scan on sbtest3  (cost=5.44..393.70 rows=98 width=125)
	  Recheck Cond: ((k >= 7841640) AND (k <= 7841740))
	  ->  Bitmap Index Scan on k_3  (cost=0.00..5.42 rows=98 width=0)
	        Index Cond: ((k >= 7841640) AND (k <= 7841740))

table 4 : explain SELECT k, c FROM sbtest4 WHERE k BETWEEN 7841640 AND 7841740
	Bitmap Heap Scan on sbtest4  (cost=5.45..397.70 rows=99 width=125)
	  Recheck Cond: ((k >= 7841640) AND (k <= 7841740))
	  ->  Bitmap Index Scan on k_4  (cost=0.00..5.42 rows=99 width=0)
	        Index Cond: ((k >= 7841640) AND (k <= 7841740))

table 5 : explain SELECT k, c FROM sbtest5 WHERE k BETWEEN 7841640 AND 7841740
	Bitmap Heap Scan on sbtest5  (cost=5.48..409.54 rows=102 width=125)
	  Recheck Cond: ((k >= 7841640) AND (k <= 7841740))
	  ->  Bitmap Index Scan on k_5  (cost=0.00..5.45 rows=102 width=0)
	        Index Cond: ((k >= 7841640) AND (k <= 7841740))

table 6 : explain SELECT k, c FROM sbtest6 WHERE k BETWEEN 7841640 AND 7841740
	Bitmap Heap Scan on sbtest6  (cost=5.42..385.85 rows=96 width=125)
	  Recheck Cond: ((k >= 7841640) AND (k <= 7841740))
	  ->  Bitmap Index Scan on k_6  (cost=0.00..5.39 rows=96 width=0)
	        Index Cond: ((k >= 7841640) AND (k <= 7841740))

table 7 : explain SELECT k, c FROM sbtest7 WHERE k BETWEEN 7841640 AND 7841740
	Bitmap Heap Scan on sbtest7  (cost=5.38..370.00 rows=92 width=125)
	  Recheck Cond: ((k >= 7841640) AND (k <= 7841740))
	  ->  Bitmap Index Scan on k_7  (cost=0.00..5.35 rows=92 width=0)
	        Index Cond: ((k >= 7841640) AND (k <= 7841740))

table 8 : explain SELECT k, c FROM sbtest8 WHERE k BETWEEN 7841640 AND 7841740
	Bitmap Heap Scan on sbtest8  (cost=5.48..409.54 rows=102 width=125)
	  Recheck Cond: ((k >= 7841640) AND (k <= 7841740))
	  ->  Bitmap Index Scan on k_8  (cost=0.00..5.45 rows=102 width=0)
	        Index Cond: ((k >= 7841640) AND (k <= 7841740))
for range-notcovered
table 1 : explain SELECT k, c FROM sbtest1 WHERE k BETWEEN 6491710 AND 6491810
	Bitmap Heap Scan on sbtest1  (cost=5.42..385.90 rows=96 width=125)
	  Recheck Cond: ((k >= 6491710) AND (k <= 6491810))
	  ->  Bitmap Index Scan on k_1  (cost=0.00..5.39 rows=96 width=0)
	        Index Cond: ((k >= 6491710) AND (k <= 6491810))

table 2 : explain SELECT k, c FROM sbtest2 WHERE k BETWEEN 6491710 AND 6491810
	Bitmap Heap Scan on sbtest2  (cost=5.58..448.96 rows=112 width=125)
	  Recheck Cond: ((k >= 6491710) AND (k <= 6491810))
	  ->  Bitmap Index Scan on k_2  (cost=0.00..5.55 rows=112 width=0)
	        Index Cond: ((k >= 6491710) AND (k <= 6491810))

table 3 : explain SELECT k, c FROM sbtest3 WHERE k BETWEEN 6491710 AND 6491810
	Bitmap Heap Scan on sbtest3  (cost=5.47..405.53 rows=101 width=125)
	  Recheck Cond: ((k >= 6491710) AND (k <= 6491810))
	  ->  Bitmap Index Scan on k_3  (cost=0.00..5.44 rows=101 width=0)
	        Index Cond: ((k >= 6491710) AND (k <= 6491810))

table 4 : explain SELECT k, c FROM sbtest4 WHERE k BETWEEN 6491710 AND 6491810
	Bitmap Heap Scan on sbtest4  (cost=5.46..401.64 rows=100 width=125)
	  Recheck Cond: ((k >= 6491710) AND (k <= 6491810))
	  ->  Bitmap Index Scan on k_4  (cost=0.00..5.43 rows=100 width=0)
	        Index Cond: ((k >= 6491710) AND (k <= 6491810))

table 5 : explain SELECT k, c FROM sbtest5 WHERE k BETWEEN 6491710 AND 6491810
	Bitmap Heap Scan on sbtest5  (cost=5.39..374.02 rows=93 width=125)
	  Recheck Cond: ((k >= 6491710) AND (k <= 6491810))
	  ->  Bitmap Index Scan on k_5  (cost=0.00..5.36 rows=93 width=0)
	        Index Cond: ((k >= 6491710) AND (k <= 6491810))

table 6 : explain SELECT k, c FROM sbtest6 WHERE k BETWEEN 6491710 AND 6491810
	Bitmap Heap Scan on sbtest6  (cost=5.43..389.80 rows=97 width=125)
	  Recheck Cond: ((k >= 6491710) AND (k <= 6491810))
	  ->  Bitmap Index Scan on k_6  (cost=0.00..5.40 rows=97 width=0)
	        Index Cond: ((k >= 6491710) AND (k <= 6491810))

table 7 : explain SELECT k, c FROM sbtest7 WHERE k BETWEEN 6491710 AND 6491810
	Bitmap Heap Scan on sbtest7  (cost=5.48..409.46 rows=102 width=125)
	  Recheck Cond: ((k >= 6491710) AND (k <= 6491810))
	  ->  Bitmap Index Scan on k_7  (cost=0.00..5.45 rows=102 width=0)
	        Index Cond: ((k >= 6491710) AND (k <= 6491810))

table 8 : explain SELECT k, c FROM sbtest8 WHERE k BETWEEN 6491710 AND 6491810
	Bitmap Heap Scan on sbtest8  (cost=5.50..417.43 rows=104 width=125)
	  Recheck Cond: ((k >= 6491710) AND (k <= 6491810))
	  ->  Bitmap Index Scan on k_8  (cost=0.00..5.47 rows=104 width=0)
	        Index Cond: ((k >= 6491710) AND (k <= 6491810))


for range-notcovered
table 1 : explain SELECT k, c FROM sbtest1 WHERE k BETWEEN 8376998 AND 8377098
	Bitmap Heap Scan on sbtest1  (cost=5.51..421.42 rows=105 width=125)
	  Recheck Cond: ((k >= 8376998) AND (k <= 8377098))
	  ->  Bitmap Index Scan on k_1  (cost=0.00..5.48 rows=105 width=0)
	        Index Cond: ((k >= 8376998) AND (k <= 8377098))

table 2 : explain SELECT k, c FROM sbtest2 WHERE k BETWEEN 8376998 AND 8377098
	Bitmap Heap Scan on sbtest2  (cost=5.53..429.25 rows=107 width=125)
	  Recheck Cond: ((k >= 8376998) AND (k <= 8377098))
	  ->  Bitmap Index Scan on k_2  (cost=0.00..5.50 rows=107 width=0)
	        Index Cond: ((k >= 8376998) AND (k <= 8377098))

table 3 : explain SELECT k, c FROM sbtest3 WHERE k BETWEEN 8376998 AND 8377098
	Bitmap Heap Scan on sbtest3  (cost=5.41..381.86 rows=95 width=125)
	  Recheck Cond: ((k >= 8376998) AND (k <= 8377098))
	  ->  Bitmap Index Scan on k_3  (cost=0.00..5.38 rows=95 width=0)
	        Index Cond: ((k >= 8376998) AND (k <= 8377098))

table 4 : explain SELECT k, c FROM sbtest4 WHERE k BETWEEN 8376998 AND 8377098
	Bitmap Heap Scan on sbtest4  (cost=5.51..421.36 rows=105 width=125)
	  Recheck Cond: ((k >= 8376998) AND (k <= 8377098))
	  ->  Bitmap Index Scan on k_4  (cost=0.00..5.48 rows=105 width=0)
	        Index Cond: ((k >= 8376998) AND (k <= 8377098))

table 5 : explain SELECT k, c FROM sbtest5 WHERE k BETWEEN 8376998 AND 8377098
	Bitmap Heap Scan on sbtest5  (cost=5.42..385.86 rows=96 width=125)
	  Recheck Cond: ((k >= 8376998) AND (k <= 8377098))
	  ->  Bitmap Index Scan on k_5  (cost=0.00..5.39 rows=96 width=0)
	        Index Cond: ((k >= 8376998) AND (k <= 8377098))

table 6 : explain SELECT k, c FROM sbtest6 WHERE k BETWEEN 8376998 AND 8377098
	Bitmap Heap Scan on sbtest6  (cost=5.50..417.41 rows=104 width=125)
	  Recheck Cond: ((k >= 8376998) AND (k <= 8377098))
	  ->  Bitmap Index Scan on k_6  (cost=0.00..5.47 rows=104 width=0)
	        Index Cond: ((k >= 8376998) AND (k <= 8377098))

table 7 : explain SELECT k, c FROM sbtest7 WHERE k BETWEEN 8376998 AND 8377098
	Bitmap Heap Scan on sbtest7  (cost=5.47..405.52 rows=101 width=125)
	  Recheck Cond: ((k >= 8376998) AND (k <= 8377098))
	  ->  Bitmap Index Scan on k_7  (cost=0.00..5.44 rows=101 width=0)
	        Index Cond: ((k >= 8376998) AND (k <= 8377098))

table 8 : explain SELECT k, c FROM sbtest8 WHERE k BETWEEN 8376998 AND 8377098
	Bitmap Heap Scan on sbtest8  (cost=5.47..405.60 rows=101 width=125)
	  Recheck Cond: ((k >= 8376998) AND (k <= 8377098))
	  ->  Bitmap Index Scan on k_8  (cost=0.00..5.44 rows=101 width=0)
	        Index Cond: ((k >= 8376998) AND (k <= 8377098))

for range-notcovered
table 1 : explain SELECT k, c FROM sbtest1 WHERE k BETWEEN 4981137 AND 4981237
	Bitmap Heap Scan on sbtest1  (cost=5.43..389.85 rows=97 width=125)
	  Recheck Cond: ((k >= 4981137) AND (k <= 4981237))
	  ->  Bitmap Index Scan on k_1  (cost=0.00..5.40 rows=97 width=0)
	        Index Cond: ((k >= 4981137) AND (k <= 4981237))

table 2 : explain SELECT k, c FROM sbtest2 WHERE k BETWEEN 4981137 AND 4981237
	Bitmap Heap Scan on sbtest2  (cost=5.57..445.02 rows=111 width=125)
	  Recheck Cond: ((k >= 4981137) AND (k <= 4981237))
	  ->  Bitmap Index Scan on k_2  (cost=0.00..5.54 rows=111 width=0)
	        Index Cond: ((k >= 4981137) AND (k <= 4981237))

table 3 : explain SELECT k, c FROM sbtest3 WHERE k BETWEEN 4981137 AND 4981237
	Bitmap Heap Scan on sbtest3  (cost=5.46..401.59 rows=100 width=125)
	  Recheck Cond: ((k >= 4981137) AND (k <= 4981237))
	  ->  Bitmap Index Scan on k_3  (cost=0.00..5.43 rows=100 width=0)
	        Index Cond: ((k >= 4981137) AND (k <= 4981237))

table 4 : explain SELECT k, c FROM sbtest4 WHERE k BETWEEN 4981137 AND 4981237
	Bitmap Heap Scan on sbtest4  (cost=5.48..409.53 rows=102 width=125)
	  Recheck Cond: ((k >= 4981137) AND (k <= 4981237))
	  ->  Bitmap Index Scan on k_4  (cost=0.00..5.45 rows=102 width=0)
	        Index Cond: ((k >= 4981137) AND (k <= 4981237))

table 5 : explain SELECT k, c FROM sbtest5 WHERE k BETWEEN 4981137 AND 4981237
	Bitmap Heap Scan on sbtest5  (cost=5.45..397.70 rows=99 width=125)
	  Recheck Cond: ((k >= 4981137) AND (k <= 4981237))
	  ->  Bitmap Index Scan on k_5  (cost=0.00..5.42 rows=99 width=0)
	        Index Cond: ((k >= 4981137) AND (k <= 4981237))

table 6 : explain SELECT k, c FROM sbtest6 WHERE k BETWEEN 4981137 AND 4981237
	Bitmap Heap Scan on sbtest6  (cost=5.49..413.47 rows=103 width=125)
	  Recheck Cond: ((k >= 4981137) AND (k <= 4981237))
	  ->  Bitmap Index Scan on k_6  (cost=0.00..5.46 rows=103 width=0)
	        Index Cond: ((k >= 4981137) AND (k <= 4981237))

table 7 : explain SELECT k, c FROM sbtest7 WHERE k BETWEEN 4981137 AND 4981237
	Bitmap Heap Scan on sbtest7  (cost=5.42..385.79 rows=96 width=125)
	  Recheck Cond: ((k >= 4981137) AND (k <= 4981237))
	  ->  Bitmap Index Scan on k_7  (cost=0.00..5.39 rows=96 width=0)
	        Index Cond: ((k >= 4981137) AND (k <= 4981237))

table 8 : explain SELECT k, c FROM sbtest8 WHERE k BETWEEN 4981137 AND 4981237
	Bitmap Heap Scan on sbtest8  (cost=5.39..374.02 rows=93 width=125)
	  Recheck Cond: ((k >= 4981137) AND (k <= 4981237))
	  ->  Bitmap Index Scan on k_8  (cost=0.00..5.36 rows=93 width=0)
	        Index Cond: ((k >= 4981137) AND (k <= 4981237))

explain: for range-notcovered :: explain SELECT k, c FROM sbtest%d WHERE k BETWEEN 8510416 AND 8510516
explain: for range-notcovered :: explain SELECT k, c FROM sbtest%d WHERE k BETWEEN 7179680 AND 7179780explain: for range-notcovered :: explain SELECT k, c FROM sbtest%d WHERE k BETWEEN 6491710 AND 6491810
explain: for range-notcovered :: explain SELECT k, c FROM sbtest%d WHERE k BETWEEN 3507413 AND 3507513
explain: for range-notcovered :: explain SELECT k, c FROM sbtest%d WHERE k BETWEEN 7813504 AND 7813604
for range-notcovered
table 1 : explain SELECT k, c FROM sbtest1 WHERE k BETWEEN 4250238 AND 4250338
	Bitmap Heap Scan on sbtest1  (cost=5.51..421.42 rows=105 width=125)
	  Recheck Cond: ((k >= 4250238) AND (k <= 4250338))
	  ->  Bitmap Index Scan on k_1  (cost=0.00..5.48 rows=105 width=0)
	        Index Cond: ((k >= 4250238) AND (k <= 4250338))

table 2 : explain SELECT k, c FROM sbtest2 WHERE k BETWEEN 4250238 AND 4250338
	Bitmap Heap Scan on sbtest2  (cost=5.45..397.70 rows=99 width=125)
	  Recheck Cond: ((k >= 4250238) AND (k <= 4250338))
	  ->  Bitmap Index Scan on k_2  (cost=0.00..5.42 rows=99 width=0)
	        Index Cond: ((k >= 4250238) AND (k <= 4250338))

table 3 : explain SELECT k, c FROM sbtest3 WHERE k BETWEEN 4250238 AND 4250338
	Bitmap Heap Scan on sbtest3  (cost=5.57..444.96 rows=111 width=125)
	  Recheck Cond: ((k >= 4250238) AND (k <= 4250338))
	  ->  Bitmap Index Scan on k_3  (cost=0.00..5.54 rows=111 width=0)
	        Index Cond: ((k >= 4250238) AND (k <= 4250338))

table 4 : explain SELECT k, c FROM sbtest4 WHERE k BETWEEN 4250238 AND 4250338
	Bitmap Heap Scan on sbtest4  (cost=5.57..445.02 rows=111 width=125)
	  Recheck Cond: ((k >= 4250238) AND (k <= 4250338))
	  ->  Bitmap Index Scan on k_4  (cost=0.00..5.54 rows=111 width=0)
	        Index Cond: ((k >= 4250238) AND (k <= 4250338))

table 5 : explain SELECT k, c FROM sbtest5 WHERE k BETWEEN 4250238 AND 4250338
	Bitmap Heap Scan on sbtest5  (cost=5.53..429.26 rows=107 width=125)
	  Recheck Cond: ((k >= 4250238) AND (k <= 4250338))
	  ->  Bitmap Index Scan on k_5  (cost=0.00..5.50 rows=107 width=0)
	        Index Cond: ((k >= 4250238) AND (k <= 4250338))

table 6 : explain SELECT k, c FROM sbtest6 WHERE k BETWEEN 4250238 AND 4250338
	Bitmap Heap Scan on sbtest6  (cost=5.42..385.85 rows=96 width=125)
	  Recheck Cond: ((k >= 4250238) AND (k <= 4250338))
	  ->  Bitmap Index Scan on k_6  (cost=0.00..5.39 rows=96 width=0)
	        Index Cond: ((k >= 4250238) AND (k <= 4250338))

table 7 : explain SELECT k, c FROM sbtest7 WHERE k BETWEEN 4250238 AND 4250338
	Bitmap Heap Scan on sbtest7  (cost=5.47..405.52 rows=101 width=125)
	  Recheck Cond: ((k >= 4250238) AND (k <= 4250338))
	  ->  Bitmap Index Scan on k_7  (cost=0.00..5.44 rows=101 width=0)
	        Index Cond: ((k >= 4250238) AND (k <= 4250338))

table 8 : explain SELECT k, c FROM sbtest8 WHERE k BETWEEN 4250238 AND 4250338
	Bitmap Heap Scan on sbtest8  (cost=5.53..429.26 rows=107 width=125)
	  Recheck Cond: ((k >= 4250238) AND (k <= 4250338))
	  ->  Bitmap Index Scan on k_8  (cost=0.00..5.50 rows=107 width=0)
	        Index Cond: ((k >= 4250238) AND (k <= 4250338))

for range-notcovered
table 1 : explain SELECT k, c FROM sbtest1 WHERE k BETWEEN 5006439 AND 5006539
	Bitmap Heap Scan on sbtest1  (cost=5.55..437.19 rows=109 width=125)
	  Recheck Cond: ((k >= 5006439) AND (k <= 5006539))
	  ->  Bitmap Index Scan on k_1  (cost=0.00..5.52 rows=109 width=0)
	        Index Cond: ((k >= 5006439) AND (k <= 5006539))

table 2 : explain SELECT k, c FROM sbtest2 WHERE k BETWEEN 5006439 AND 5006539
	Bitmap Heap Scan on sbtest2  (cost=5.57..445.02 rows=111 width=125)
	  Recheck Cond: ((k >= 5006439) AND (k <= 5006539))
	  ->  Bitmap Index Scan on k_2  (cost=0.00..5.54 rows=111 width=0)
	        Index Cond: ((k >= 5006439) AND (k <= 5006539))

table 3 : explain SELECT k, c FROM sbtest3 WHERE k BETWEEN 5006439 AND 5006539
	Bitmap Heap Scan on sbtest3  (cost=5.46..401.59 rows=100 width=125)
	  Recheck Cond: ((k >= 5006439) AND (k <= 5006539))
	  ->  Bitmap Index Scan on k_3  (cost=0.00..5.43 rows=100 width=0)
	        Index Cond: ((k >= 5006439) AND (k <= 5006539))

table 4 : explain SELECT k, c FROM sbtest4 WHERE k BETWEEN 5006439 AND 5006539
	Bitmap Heap Scan on sbtest4  (cost=5.47..405.59 rows=101 width=125)
	  Recheck Cond: ((k >= 5006439) AND (k <= 5006539))
	  ->  Bitmap Index Scan on k_4  (cost=0.00..5.44 rows=101 width=0)
	        Index Cond: ((k >= 5006439) AND (k <= 5006539))

table 5 : explain SELECT k, c FROM sbtest5 WHERE k BETWEEN 5006439 AND 5006539
	Bitmap Heap Scan on sbtest5  (cost=5.45..397.70 rows=99 width=125)
	  Recheck Cond: ((k >= 5006439) AND (k <= 5006539))
	  ->  Bitmap Index Scan on k_5  (cost=0.00..5.42 rows=99 width=0)
	        Index Cond: ((k >= 5006439) AND (k <= 5006539))

table 6 : explain SELECT k, c FROM sbtest6 WHERE k BETWEEN 5006439 AND 5006539
	Bitmap Heap Scan on sbtest6  (cost=5.50..417.41 rows=104 width=125)
	  Recheck Cond: ((k >= 5006439) AND (k <= 5006539))
	  ->  Bitmap Index Scan on k_6  (cost=0.00..5.47 rows=104 width=0)
	        Index Cond: ((k >= 5006439) AND (k <= 5006539))

table 7 : explain SELECT k, c FROM sbtest7 WHERE k BETWEEN 5006439 AND 5006539
	Bitmap Heap Scan on sbtest7  (cost=5.42..385.79 rows=96 width=125)
	  Recheck Cond: ((k >= 5006439) AND (k <= 5006539))
	  ->  Bitmap Index Scan on k_7  (cost=0.00..5.39 rows=96 width=0)
	        Index Cond: ((k >= 5006439) AND (k <= 5006539))

table 8 : explain SELECT k, c FROM sbtest8 WHERE k BETWEEN 5006439 AND 5006539
	Bitmap Heap Scan on sbtest8  (cost=5.39..374.02 rows=93 width=125)
	  Recheck Cond: ((k >= 5006439) AND (k <= 5006539))
	  ->  Bitmap Index Scan on k_8  (cost=0.00..5.36 rows=93 width=0)
	        Index Cond: ((k >= 5006439) AND (k <= 5006539))


explain: for range-notcovered :: explain SELECT k, c FROM sbtest%d WHERE k BETWEEN 6148959 AND 6149059
for range-notcovered
table 1 : explain SELECT k, c FROM sbtest1 WHERE k BETWEEN 7216687 AND 7216787
	Bitmap Heap Scan on sbtest1  (cost=5.49..413.53 rows=103 width=125)
	  Recheck Cond: ((k >= 7216687) AND (k <= 7216787))
	  ->  Bitmap Index Scan on k_1  (cost=0.00..5.46 rows=103 width=0)
	        Index Cond: ((k >= 7216687) AND (k <= 7216787))

table 2 : explain SELECT k, c FROM sbtest2 WHERE k BETWEEN 7216687 AND 7216787
	Bitmap Heap Scan on sbtest2  (cost=5.41..381.91 rows=95 width=125)
	  Recheck Cond: ((k >= 7216687) AND (k <= 7216787))
	  ->  Bitmap Index Scan on k_2  (cost=0.00..5.38 rows=95 width=0)
	        Index Cond: ((k >= 7216687) AND (k <= 7216787))

table 3 : explain SELECT k, c FROM sbtest3 WHERE k BETWEEN 7216687 AND 7216787
	Bitmap Heap Scan on sbtest3  (cost=5.47..405.53 rows=101 width=125)
	  Recheck Cond: ((k >= 7216687) AND (k <= 7216787))
	  ->  Bitmap Index Scan on k_3  (cost=0.00..5.44 rows=101 width=0)
	        Index Cond: ((k >= 7216687) AND (k <= 7216787))

table 4 : explain SELECT k, c FROM sbtest4 WHERE k BETWEEN 7216687 AND 7216787
	Bitmap Heap Scan on sbtest4  (cost=5.53..429.25 rows=107 width=125)
	  Recheck Cond: ((k >= 7216687) AND (k <= 7216787))
	  ->  Bitmap Index Scan on k_4  (cost=0.00..5.50 rows=107 width=0)
	        Index Cond: ((k >= 7216687) AND (k <= 7216787))

table 5 : explain SELECT k, c FROM sbtest5 WHERE k BETWEEN 7216687 AND 7216787
	Bitmap Heap Scan on sbtest5  (cost=5.48..409.54 rows=102 width=125)
	  Recheck Cond: ((k >= 7216687) AND (k <= 7216787))
	  ->  Bitmap Index Scan on k_5  (cost=0.00..5.45 rows=102 width=0)
	        Index Cond: ((k >= 7216687) AND (k <= 7216787))

table 6 : explain SELECT k, c FROM sbtest6 WHERE k BETWEEN 7216687 AND 7216787
	Bitmap Heap Scan on sbtest6  (cost=5.45..397.69 rows=99 width=125)
	  Recheck Cond: ((k >= 7216687) AND (k <= 7216787))
	  ->  Bitmap Index Scan on k_6  (cost=0.00..5.42 rows=99 width=0)
	        Index Cond: ((k >= 7216687) AND (k <= 7216787))

table 7 : explain SELECT k, c FROM sbtest7 WHERE k BETWEEN 7216687 AND 7216787
	Bitmap Heap Scan on sbtest7  (cost=5.51..421.29 rows=105 width=125)
	  Recheck Cond: ((k >= 7216687) AND (k <= 7216787))
	  ->  Bitmap Index Scan on k_7  (cost=0.00..5.48 rows=105 width=0)
	        Index Cond: ((k >= 7216687) AND (k <= 7216787))

table 8 : explain SELECT k, c FROM sbtest8 WHERE k BETWEEN 7216687 AND 7216787
	Bitmap Heap Scan on sbtest8  (cost=5.56..441.09 rows=110 width=125)
	  Recheck Cond: ((k >= 7216687) AND (k <= 7216787))
	  ->  Bitmap Index Scan on k_8  (cost=0.00..5.53 rows=110 width=0)
	        Index Cond: ((k >= 7216687) AND (k <= 7216787))


explain: for range-notcovered :: explain SELECT k, c FROM sbtest%d WHERE k BETWEEN 8376998 AND 8377098for range-notcovered
table 1 : explain SELECT k, c FROM sbtest1 WHERE k BETWEEN 5503157 AND 5503257
	Bitmap Heap Scan on sbtest1  (cost=5.49..413.53 rows=103 width=125)
	  Recheck Cond: ((k >= 5503157) AND (k <= 5503257))
	  ->  Bitmap Index Scan on k_1  (cost=0.00..5.46 rows=103 width=0)
	        Index Cond: ((k >= 5503157) AND (k <= 5503257))

table 2 : explain SELECT k, c FROM sbtest2 WHERE k BETWEEN 5503157 AND 5503257
	Bitmap Heap Scan on sbtest2  (cost=5.56..441.08 rows=110 width=125)
	  Recheck Cond: ((k >= 5503157) AND (k <= 5503257))
	  ->  Bitmap Index Scan on k_2  (cost=0.00..5.53 rows=110 width=0)
	        Index Cond: ((k >= 5503157) AND (k <= 5503257))

table 3 : explain SELECT k, c FROM sbtest3 WHERE k BETWEEN 5503157 AND 5503257
	Bitmap Heap Scan on sbtest3  (cost=5.41..381.86 rows=95 width=125)
	  Recheck Cond: ((k >= 5503157) AND (k <= 5503257))
	  ->  Bitmap Index Scan on k_3  (cost=0.00..5.38 rows=95 width=0)
	        Index Cond: ((k >= 5503157) AND (k <= 5503257))

table 4 : explain SELECT k, c FROM sbtest4 WHERE k BETWEEN 5503157 AND 5503257
	Bitmap Heap Scan on sbtest4  (cost=5.41..381.91 rows=95 width=125)
	  Recheck Cond: ((k >= 5503157) AND (k <= 5503257))
	  ->  Bitmap Index Scan on k_4  (cost=0.00..5.38 rows=95 width=0)
	        Index Cond: ((k >= 5503157) AND (k <= 5503257))

table 5 : explain SELECT k, c FROM sbtest5 WHERE k BETWEEN 5503157 AND 5503257
	Bitmap Heap Scan on sbtest5  (cost=5.54..433.20 rows=108 width=125)
	  Recheck Cond: ((k >= 5503157) AND (k <= 5503257))
	  ->  Bitmap Index Scan on k_5  (cost=0.00..5.51 rows=108 width=0)
	        Index Cond: ((k >= 5503157) AND (k <= 5503257))

table 6 : explain SELECT k, c FROM sbtest6 WHERE k BETWEEN 5503157 AND 5503257
	Bitmap Heap Scan on sbtest6  (cost=5.57..445.01 rows=111 width=125)
	  Recheck Cond: ((k >= 5503157) AND (k <= 5503257))
	  ->  Bitmap Index Scan on k_6  (cost=0.00..5.54 rows=111 width=0)
	        Index Cond: ((k >= 5503157) AND (k <= 5503257))

table 7 : explain SELECT k, c FROM sbtest7 WHERE k BETWEEN 5503157 AND 5503257
	Bitmap Heap Scan on sbtest7  (cost=5.43..389.74 rows=97 width=125)
	  Recheck Cond: ((k >= 5503157) AND (k <= 5503257))
	  ->  Bitmap Index Scan on k_7  (cost=0.00..5.40 rows=97 width=0)
	        Index Cond: ((k >= 5503157) AND (k <= 5503257))

table 8 : explain SELECT k, c FROM sbtest8 WHERE k BETWEEN 5503157 AND 5503257
	Bitmap Heap Scan on sbtest8  (cost=5.46..401.65 rows=100 width=125)
	  Recheck Cond: ((k >= 5503157) AND (k <= 5503257))
	  ->  Bitmap Index Scan on k_8  (cost=0.00..5.43 rows=100 width=0)
	        Index Cond: ((k >= 5503157) AND (k <= 5503257))
explain: for range-notcovered :: explain SELECT k, c FROM sbtest%d WHERE k BETWEEN 5006439 AND 5006539explain: for range-notcovered :: explain SELECT k, c FROM sbtest%d WHERE k BETWEEN 4981137 AND 4981237
explain: for range-notcovered :: explain SELECT k, c FROM sbtest%d WHERE k BETWEEN 5603877 AND 5603977
for range-notcovered
table 1 : explain SELECT k, c FROM sbtest1 WHERE k BETWEEN 2327787 AND 2327887
	Bitmap Heap Scan on sbtest1  (cost=5.37..366.16 rows=91 width=125)
	  Recheck Cond: ((k >= 2327787) AND (k <= 2327887))
	  ->  Bitmap Index Scan on k_1  (cost=0.00..5.34 rows=91 width=0)
	        Index Cond: ((k >= 2327787) AND (k <= 2327887))

table 2 : explain SELECT k, c FROM sbtest2 WHERE k BETWEEN 2327787 AND 2327887
	Bitmap Heap Scan on sbtest2  (cost=5.44..393.75 rows=98 width=125)
	  Recheck Cond: ((k >= 2327787) AND (k <= 2327887))
	  ->  Bitmap Index Scan on k_2  (cost=0.00..5.42 rows=98 width=0)
	        Index Cond: ((k >= 2327787) AND (k <= 2327887))

table 3 : explain SELECT k, c FROM sbtest3 WHERE k BETWEEN 2327787 AND 2327887
	Bitmap Heap Scan on sbtest3  (cost=5.57..444.96 rows=111 width=125)
	  Recheck Cond: ((k >= 2327787) AND (k <= 2327887))
	  ->  Bitmap Index Scan on k_3  (cost=0.00..5.54 rows=111 width=0)
	        Index Cond: ((k >= 2327787) AND (k <= 2327887))

table 4 : explain SELECT k, c FROM sbtest4 WHERE k BETWEEN 2327787 AND 2327887
	Bitmap Heap Scan on sbtest4  (cost=5.58..448.96 rows=112 width=125)
	  Recheck Cond: ((k >= 2327787) AND (k <= 2327887))
	  ->  Bitmap Index Scan on k_4  (cost=0.00..5.55 rows=112 width=0)
	        Index Cond: ((k >= 2327787) AND (k <= 2327887))

table 5 : explain SELECT k, c FROM sbtest5 WHERE k BETWEEN 2327787 AND 2327887
	Bitmap Heap Scan on sbtest5  (cost=5.52..425.32 rows=106 width=125)
	  Recheck Cond: ((k >= 2327787) AND (k <= 2327887))
	  ->  Bitmap Index Scan on k_5  (cost=0.00..5.50 rows=106 width=0)
	        Index Cond: ((k >= 2327787) AND (k <= 2327887))

table 6 : explain SELECT k, c FROM sbtest6 WHERE k BETWEEN 2327787 AND 2327887
	Bitmap Heap Scan on sbtest6  (cost=5.38..370.06 rows=92 width=125)
	  Recheck Cond: ((k >= 2327787) AND (k <= 2327887))
	  ->  Bitmap Index Scan on k_6  (cost=0.00..5.35 rows=92 width=0)
	        Index Cond: ((k >= 2327787) AND (k <= 2327887))

table 7 : explain SELECT k, c FROM sbtest7 WHERE k BETWEEN 2327787 AND 2327887
	Bitmap Heap Scan on sbtest7  (cost=5.45..397.63 rows=99 width=125)
	  Recheck Cond: ((k >= 2327787) AND (k <= 2327887))
	  ->  Bitmap Index Scan on k_7  (cost=0.00..5.42 rows=99 width=0)
	        Index Cond: ((k >= 2327787) AND (k <= 2327887))

table 8 : explain SELECT k, c FROM sbtest8 WHERE k BETWEEN 2327787 AND 2327887
	Bitmap Heap Scan on sbtest8  (cost=5.55..437.14 rows=109 width=125)
	  Recheck Cond: ((k >= 2327787) AND (k <= 2327887))
	  ->  Bitmap Index Scan on k_8  (cost=0.00..5.52 rows=109 width=0)
	        Index Cond: ((k >= 2327787) AND (k <= 2327887))
explain: for range-notcovered :: explain SELECT k, c FROM sbtest%d WHERE k BETWEEN 7216687 AND 7216787

explain: for range-notcovered :: explain SELECT k, c FROM sbtest%d WHERE k BETWEEN 8262231 AND 8262331explain: for range-notcovered :: explain SELECT k, c FROM sbtest%d WHERE k BETWEEN 4250238 AND 4250338

for range-notcovered
table 1 : explain SELECT k, c FROM sbtest1 WHERE k BETWEEN 6378941 AND 6379041
	Bitmap Heap Scan on sbtest1  (cost=5.53..429.30 rows=107 width=125)
	  Recheck Cond: ((k >= 6378941) AND (k <= 6379041))
	  ->  Bitmap Index Scan on k_1  (cost=0.00..5.50 rows=107 width=0)
	        Index Cond: ((k >= 6378941) AND (k <= 6379041))

table 2 : explain SELECT k, c FROM sbtest2 WHERE k BETWEEN 6378941 AND 6379041
	Bitmap Heap Scan on sbtest2  (cost=5.49..413.48 rows=103 width=125)
	  Recheck Cond: ((k >= 6378941) AND (k <= 6379041))
	  ->  Bitmap Index Scan on k_2  (cost=0.00..5.46 rows=103 width=0)
	        Index Cond: ((k >= 6378941) AND (k <= 6379041))

table 3 : explain SELECT k, c FROM sbtest3 WHERE k BETWEEN 6378941 AND 6379041
	Bitmap Heap Scan on sbtest3  (cost=5.55..437.08 rows=109 width=125)
	  Recheck Cond: ((k >= 6378941) AND (k <= 6379041))
	  ->  Bitmap Index Scan on k_3  (cost=0.00..5.52 rows=109 width=0)
	        Index Cond: ((k >= 6378941) AND (k <= 6379041))

table 4 : explain SELECT k, c FROM sbtest4 WHERE k BETWEEN 6378941 AND 6379041
	Bitmap Heap Scan on sbtest4  (cost=5.44..393.75 rows=98 width=125)
	  Recheck Cond: ((k >= 6378941) AND (k <= 6379041))
	  ->  Bitmap Index Scan on k_4  (cost=0.00..5.42 rows=98 width=0)
	        Index Cond: ((k >= 6378941) AND (k <= 6379041))

table 5 : explain SELECT k, c FROM sbtest5 WHERE k BETWEEN 6378941 AND 6379041
	Bitmap Heap Scan on sbtest5  (cost=5.39..374.02 rows=93 width=125)
	  Recheck Cond: ((k >= 6378941) AND (k <= 6379041))
	  ->  Bitmap Index Scan on k_5  (cost=0.00..5.36 rows=93 width=0)
	        Index Cond: ((k >= 6378941) AND (k <= 6379041))

table 6 : explain SELECT k, c FROM sbtest6 WHERE k BETWEEN 6378941 AND 6379041
	Bitmap Heap Scan on sbtest6  (cost=5.41..381.90 rows=95 width=125)
	  Recheck Cond: ((k >= 6378941) AND (k <= 6379041))
	  ->  Bitmap Index Scan on k_6  (cost=0.00..5.38 rows=95 width=0)
	        Index Cond: ((k >= 6378941) AND (k <= 6379041))

table 7 : explain SELECT k, c FROM sbtest7 WHERE k BETWEEN 6378941 AND 6379041
	Bitmap Heap Scan on sbtest7  (cost=5.45..397.63 rows=99 width=125)
	  Recheck Cond: ((k >= 6378941) AND (k <= 6379041))
	  ->  Bitmap Index Scan on k_7  (cost=0.00..5.42 rows=99 width=0)
	        Index Cond: ((k >= 6378941) AND (k <= 6379041))

table 8 : explain SELECT k, c FROM sbtest8 WHERE k BETWEEN 6378941 AND 6379041
	Bitmap Heap Scan on sbtest8  (cost=5.52..425.32 rows=106 width=125)
	  Recheck Cond: ((k >= 6378941) AND (k <= 6379041))
	  ->  Bitmap Index Scan on k_8  (cost=0.00..5.50 rows=106 width=0)
	        Index Cond: ((k >= 6378941) AND (k <= 6379041))





for range-notcovered
table 1 : explain SELECT k, c FROM sbtest1 WHERE k BETWEEN 3680246 AND 3680346
	Bitmap Heap Scan on sbtest1  (cost=5.47..405.64 rows=101 width=125)
	  Recheck Cond: ((k >= 3680246) AND (k <= 3680346))
	  ->  Bitmap Index Scan on k_1  (cost=0.00..5.44 rows=101 width=0)
	        Index Cond: ((k >= 3680246) AND (k <= 3680346))

table 2 : explain SELECT k, c FROM sbtest2 WHERE k BETWEEN 3680246 AND 3680346
	Bitmap Heap Scan on sbtest2  (cost=5.48..409.53 rows=102 width=125)
	  Recheck Cond: ((k >= 3680246) AND (k <= 3680346))
	  ->  Bitmap Index Scan on k_2  (cost=0.00..5.45 rows=102 width=0)
	        Index Cond: ((k >= 3680246) AND (k <= 3680346))

table 3 : explain SELECT k, c FROM sbtest3 WHERE k BETWEEN 3680246 AND 3680346
	Bitmap Heap Scan on sbtest3  (cost=5.43..389.75 rows=97 width=125)
	  Recheck Cond: ((k >= 3680246) AND (k <= 3680346))
	  ->  Bitmap Index Scan on k_3  (cost=0.00..5.40 rows=97 width=0)
	        Index Cond: ((k >= 3680246) AND (k <= 3680346))

table 4 : explain SELECT k, c FROM sbtest4 WHERE k BETWEEN 3680246 AND 3680346
	Bitmap Heap Scan on sbtest4  (cost=5.48..409.53 rows=102 width=125)
	  Recheck Cond: ((k >= 3680246) AND (k <= 3680346))
	  ->  Bitmap Index Scan on k_4  (cost=0.00..5.45 rows=102 width=0)
	        Index Cond: ((k >= 3680246) AND (k <= 3680346))

table 5 : explain SELECT k, c FROM sbtest5 WHERE k BETWEEN 3680246 AND 3680346
	Bitmap Heap Scan on sbtest5  (cost=5.46..401.65 rows=100 width=125)
	  Recheck Cond: ((k >= 3680246) AND (k <= 3680346))
	  ->  Bitmap Index Scan on k_5  (cost=0.00..5.43 rows=100 width=0)
	        Index Cond: ((k >= 3680246) AND (k <= 3680346))

table 6 : explain SELECT k, c FROM sbtest6 WHERE k BETWEEN 3680246 AND 3680346
	Bitmap Heap Scan on sbtest6  (cost=5.41..381.90 rows=95 width=125)
	  Recheck Cond: ((k >= 3680246) AND (k <= 3680346))
	  ->  Bitmap Index Scan on k_6  (cost=0.00..5.38 rows=95 width=0)
	        Index Cond: ((k >= 3680246) AND (k <= 3680346))

table 7 : explain SELECT k, c FROM sbtest7 WHERE k BETWEEN 3680246 AND 3680346
	Bitmap Heap Scan on sbtest7  (cost=5.46..401.57 rows=100 width=125)
	  Recheck Cond: ((k >= 3680246) AND (k <= 3680346))
	  ->  Bitmap Index Scan on k_7  (cost=0.00..5.43 rows=100 width=0)
	        Index Cond: ((k >= 3680246) AND (k <= 3680346))

table 8 : explain SELECT k, c FROM sbtest8 WHERE k BETWEEN 3680246 AND 3680346
	Bitmap Heap Scan on sbtest8  (cost=5.41..381.92 rows=95 width=125)
	  Recheck Cond: ((k >= 3680246) AND (k <= 3680346))
	  ->  Bitmap Index Scan on k_8  (cost=0.00..5.38 rows=95 width=0)
	        Index Cond: ((k >= 3680246) AND (k <= 3680346))

for range-notcovered
table 1 : explain SELECT k, c FROM sbtest1 WHERE k BETWEEN 6789664 AND 6789764
	Bitmap Heap Scan on sbtest1  (cost=5.51..421.42 rows=105 width=125)
	  Recheck Cond: ((k >= 6789664) AND (k <= 6789764))
	  ->  Bitmap Index Scan on k_1  (cost=0.00..5.48 rows=105 width=0)
	        Index Cond: ((k >= 6789664) AND (k <= 6789764))

table 2 : explain SELECT k, c FROM sbtest2 WHERE k BETWEEN 6789664 AND 6789764
	Bitmap Heap Scan on sbtest2  (cost=5.36..362.17 rows=90 width=125)
	  Recheck Cond: ((k >= 6789664) AND (k <= 6789764))
	  ->  Bitmap Index Scan on k_2  (cost=0.00..5.33 rows=90 width=0)
	        Index Cond: ((k >= 6789664) AND (k <= 6789764))

table 3 : explain SELECT k, c FROM sbtest3 WHERE k BETWEEN 6789664 AND 6789764
	Bitmap Heap Scan on sbtest3  (cost=5.60..456.78 rows=114 width=125)
	  Recheck Cond: ((k >= 6789664) AND (k <= 6789764))
	  ->  Bitmap Index Scan on k_3  (cost=0.00..5.58 rows=114 width=0)
	        Index Cond: ((k >= 6789664) AND (k <= 6789764))

table 4 : explain SELECT k, c FROM sbtest4 WHERE k BETWEEN 6789664 AND 6789764
	Bitmap Heap Scan on sbtest4  (cost=5.46..401.64 rows=100 width=125)
	  Recheck Cond: ((k >= 6789664) AND (k <= 6789764))
	  ->  Bitmap Index Scan on k_4  (cost=0.00..5.43 rows=100 width=0)
	        Index Cond: ((k >= 6789664) AND (k <= 6789764))

table 5 : explain SELECT k, c FROM sbtest5 WHERE k BETWEEN 6789664 AND 6789764
	Bitmap Heap Scan on sbtest5  (cost=5.58..448.97 rows=112 width=125)
	  Recheck Cond: ((k >= 6789664) AND (k <= 6789764))
	  ->  Bitmap Index Scan on k_5  (cost=0.00..5.55 rows=112 width=0)
	        Index Cond: ((k >= 6789664) AND (k <= 6789764))

table 6 : explain SELECT k, c FROM sbtest6 WHERE k BETWEEN 6789664 AND 6789764
	Bitmap Heap Scan on sbtest6  (cost=5.55..437.13 rows=109 width=125)
	  Recheck Cond: ((k >= 6789664) AND (k <= 6789764))
	  ->  Bitmap Index Scan on k_6  (cost=0.00..5.52 rows=109 width=0)
	        Index Cond: ((k >= 6789664) AND (k <= 6789764))

table 7 : explain SELECT k, c FROM sbtest7 WHERE k BETWEEN 6789664 AND 6789764
	Bitmap Heap Scan on sbtest7  (cost=5.49..413.41 rows=103 width=125)
	  Recheck Cond: ((k >= 6789664) AND (k <= 6789764))
	  ->  Bitmap Index Scan on k_7  (cost=0.00..5.46 rows=103 width=0)
	        Index Cond: ((k >= 6789664) AND (k <= 6789764))

table 8 : explain SELECT k, c FROM sbtest8 WHERE k BETWEEN 6789664 AND 6789764
	Bitmap Heap Scan on sbtest8  (cost=5.56..441.09 rows=110 width=125)
	  Recheck Cond: ((k >= 6789664) AND (k <= 6789764))
	  ->  Bitmap Index Scan on k_8  (cost=0.00..5.53 rows=110 width=0)
	        Index Cond: ((k >= 6789664) AND (k <= 6789764))

explain: for range-notcovered :: explain SELECT k, c FROM sbtest%d WHERE k BETWEEN 5503157 AND 5503257
for range-notcovered
table 1 : explain SELECT k, c FROM sbtest1 WHERE k BETWEEN 4243893 AND 4243993
	Bitmap Heap Scan on sbtest1  (cost=5.51..421.42 rows=105 width=125)
	  Recheck Cond: ((k >= 4243893) AND (k <= 4243993))
	  ->  Bitmap Index Scan on k_1  (cost=0.00..5.48 rows=105 width=0)
	        Index Cond: ((k >= 4243893) AND (k <= 4243993))

table 2 : explain SELECT k, c FROM sbtest2 WHERE k BETWEEN 4243893 AND 4243993
	Bitmap Heap Scan on sbtest2  (cost=5.57..445.02 rows=111 width=125)
	  Recheck Cond: ((k >= 4243893) AND (k <= 4243993))
	  ->  Bitmap Index Scan on k_2  (cost=0.00..5.54 rows=111 width=0)
	        Index Cond: ((k >= 4243893) AND (k <= 4243993))

table 3 : explain SELECT k, c FROM sbtest3 WHERE k BETWEEN 4243893 AND 4243993
	Bitmap Heap Scan on sbtest3  (cost=5.57..444.96 rows=111 width=125)
	  Recheck Cond: ((k >= 4243893) AND (k <= 4243993))
	  ->  Bitmap Index Scan on k_3  (cost=0.00..5.54 rows=111 width=0)
	        Index Cond: ((k >= 4243893) AND (k <= 4243993))

table 4 : explain SELECT k, c FROM sbtest4 WHERE k BETWEEN 4243893 AND 4243993
	Bitmap Heap Scan on sbtest4  (cost=5.57..445.02 rows=111 width=125)
	  Recheck Cond: ((k >= 4243893) AND (k <= 4243993))
	  ->  Bitmap Index Scan on k_4  (cost=0.00..5.54 rows=111 width=0)
	        Index Cond: ((k >= 4243893) AND (k <= 4243993))

table 5 : explain SELECT k, c FROM sbtest5 WHERE k BETWEEN 4243893 AND 4243993
	Bitmap Heap Scan on sbtest5  (cost=5.53..429.26 rows=107 width=125)
	  Recheck Cond: ((k >= 4243893) AND (k <= 4243993))
	  ->  Bitmap Index Scan on k_5  (cost=0.00..5.50 rows=107 width=0)
	        Index Cond: ((k >= 4243893) AND (k <= 4243993))

table 6 : explain SELECT k, c FROM sbtest6 WHERE k BETWEEN 4243893 AND 4243993
	Bitmap Heap Scan on sbtest6  (cost=5.42..385.85 rows=96 width=125)
	  Recheck Cond: ((k >= 4243893) AND (k <= 4243993))
	  ->  Bitmap Index Scan on k_6  (cost=0.00..5.39 rows=96 width=0)
	        Index Cond: ((k >= 4243893) AND (k <= 4243993))

table 7 : explain SELECT k, c FROM sbtest7 WHERE k BETWEEN 4243893 AND 4243993
	Bitmap Heap Scan on sbtest7  (cost=5.47..405.52 rows=101 width=125)
	  Recheck Cond: ((k >= 4243893) AND (k <= 4243993))
	  ->  Bitmap Index Scan on k_7  (cost=0.00..5.44 rows=101 width=0)
	        Index Cond: ((k >= 4243893) AND (k <= 4243993))

table 8 : explain SELECT k, c FROM sbtest8 WHERE k BETWEEN 4243893 AND 4243993
	Bitmap Heap Scan on sbtest8  (cost=5.53..429.26 rows=107 width=125)
	  Recheck Cond: ((k >= 4243893) AND (k <= 4243993))
	  ->  Bitmap Index Scan on k_8  (cost=0.00..5.50 rows=107 width=0)
	        Index Cond: ((k >= 4243893) AND (k <= 4243993))

explain: for range-notcovered :: explain SELECT k, c FROM sbtest%d WHERE k BETWEEN 1934489 AND 1934589
explain: for range-notcovered :: explain SELECT k, c FROM sbtest%d WHERE k BETWEEN 3680246 AND 3680346explain: for range-notcovered :: explain SELECT k, c FROM sbtest%d WHERE k BETWEEN 6378941 AND 6379041
for range-notcovered
table 1 : explain SELECT k, c FROM sbtest1 WHERE k BETWEEN 6262062 AND 6262162
	Bitmap Heap Scan on sbtest1  (cost=5.36..362.21 rows=90 width=125)
	  Recheck Cond: ((k >= 6262062) AND (k <= 6262162))
	  ->  Bitmap Index Scan on k_1  (cost=0.00..5.33 rows=90 width=0)
	        Index Cond: ((k >= 6262062) AND (k <= 6262162))

table 2 : explain SELECT k, c FROM sbtest2 WHERE k BETWEEN 6262062 AND 6262162
	Bitmap Heap Scan on sbtest2  (cost=5.44..393.75 rows=98 width=125)
	  Recheck Cond: ((k >= 6262062) AND (k <= 6262162))
	  ->  Bitmap Index Scan on k_2  (cost=0.00..5.42 rows=98 width=0)
	        Index Cond: ((k >= 6262062) AND (k <= 6262162))

table 3 : explain SELECT k, c FROM sbtest3 WHERE k BETWEEN 6262062 AND 6262162
	Bitmap Heap Scan on sbtest3  (cost=5.49..413.42 rows=103 width=125)
	  Recheck Cond: ((k >= 6262062) AND (k <= 6262162))
	  ->  Bitmap Index Scan on k_3  (cost=0.00..5.46 rows=103 width=0)
	        Index Cond: ((k >= 6262062) AND (k <= 6262162))

table 4 : explain SELECT k, c FROM sbtest4 WHERE k BETWEEN 6262062 AND 6262162
	Bitmap Heap Scan on sbtest4  (cost=5.49..413.48 rows=103 width=125)
	  Recheck Cond: ((k >= 6262062) AND (k <= 6262162))
	  ->  Bitmap Index Scan on k_4  (cost=0.00..5.46 rows=103 width=0)
	        Index Cond: ((k >= 6262062) AND (k <= 6262162))

table 5 : explain SELECT k, c FROM sbtest5 WHERE k BETWEEN 6262062 AND 6262162
	Bitmap Heap Scan on sbtest5  (cost=5.51..421.37 rows=105 width=125)
	  Recheck Cond: ((k >= 6262062) AND (k <= 6262162))
	  ->  Bitmap Index Scan on k_5  (cost=0.00..5.48 rows=105 width=0)
	        Index Cond: ((k >= 6262062) AND (k <= 6262162))

table 6 : explain SELECT k, c FROM sbtest6 WHERE k BETWEEN 6262062 AND 6262162
	Bitmap Heap Scan on sbtest6  (cost=5.53..429.24 rows=107 width=125)
	  Recheck Cond: ((k >= 6262062) AND (k <= 6262162))
	  ->  Bitmap Index Scan on k_6  (cost=0.00..5.50 rows=107 width=0)
	        Index Cond: ((k >= 6262062) AND (k <= 6262162))

table 7 : explain SELECT k, c FROM sbtest7 WHERE k BETWEEN 6262062 AND 6262162
	Bitmap Heap Scan on sbtest7  (cost=5.52..425.23 rows=106 width=125)
	  Recheck Cond: ((k >= 6262062) AND (k <= 6262162))
	  ->  Bitmap Index Scan on k_7  (cost=0.00..5.50 rows=106 width=0)
	        Index Cond: ((k >= 6262062) AND (k <= 6262162))

table 8 : explain SELECT k, c FROM sbtest8 WHERE k BETWEEN 6262062 AND 6262162
	Bitmap Heap Scan on sbtest8  (cost=5.56..441.09 rows=110 width=125)
	  Recheck Cond: ((k >= 6262062) AND (k <= 6262162))
	  ->  Bitmap Index Scan on k_8  (cost=0.00..5.53 rows=110 width=0)
	        Index Cond: ((k >= 6262062) AND (k <= 6262162))


for range-notcovered
table 1 : explain SELECT k, c FROM sbtest1 WHERE k BETWEEN 4791999 AND 4792099
	Bitmap Heap Scan on sbtest1  (cost=5.50..417.47 rows=104 width=125)
	  Recheck Cond: ((k >= 4791999) AND (k <= 4792099))
	  ->  Bitmap Index Scan on k_1  (cost=0.00..5.47 rows=104 width=0)
	        Index Cond: ((k >= 4791999) AND (k <= 4792099))

table 2 : explain SELECT k, c FROM sbtest2 WHERE k BETWEEN 4791999 AND 4792099
	Bitmap Heap Scan on sbtest2  (cost=5.40..377.96 rows=94 width=125)
	  Recheck Cond: ((k >= 4791999) AND (k <= 4792099))
	  ->  Bitmap Index Scan on k_2  (cost=0.00..5.38 rows=94 width=0)
	        Index Cond: ((k >= 4791999) AND (k <= 4792099))

table 3 : explain SELECT k, c FROM sbtest3 WHERE k BETWEEN 4791999 AND 4792099
	Bitmap Heap Scan on sbtest3  (cost=5.49..413.42 rows=103 width=125)
	  Recheck Cond: ((k >= 4791999) AND (k <= 4792099))
	  ->  Bitmap Index Scan on k_3  (cost=0.00..5.46 rows=103 width=0)
	        Index Cond: ((k >= 4791999) AND (k <= 4792099))

table 4 : explain SELECT k, c FROM sbtest4 WHERE k BETWEEN 4791999 AND 4792099
	Bitmap Heap Scan on sbtest4  (cost=5.48..409.53 rows=102 width=125)
	  Recheck Cond: ((k >= 4791999) AND (k <= 4792099))
	  ->  Bitmap Index Scan on k_4  (cost=0.00..5.45 rows=102 width=0)
	        Index Cond: ((k >= 4791999) AND (k <= 4792099))

table 5 : explain SELECT k, c FROM sbtest5 WHERE k BETWEEN 4791999 AND 4792099
	Bitmap Heap Scan on sbtest5  (cost=5.36..362.17 rows=90 width=125)
	  Recheck Cond: ((k >= 4791999) AND (k <= 4792099))
	  ->  Bitmap Index Scan on k_5  (cost=0.00..5.33 rows=90 width=0)
	        Index Cond: ((k >= 4791999) AND (k <= 4792099))

table 6 : explain SELECT k, c FROM sbtest6 WHERE k BETWEEN 4791999 AND 4792099
	Bitmap Heap Scan on sbtest6  (cost=5.58..448.95 rows=112 width=125)
	  Recheck Cond: ((k >= 4791999) AND (k <= 4792099))
	  ->  Bitmap Index Scan on k_6  (cost=0.00..5.55 rows=112 width=0)
	        Index Cond: ((k >= 4791999) AND (k <= 4792099))

table 7 : explain SELECT k, c FROM sbtest7 WHERE k BETWEEN 4791999 AND 4792099
	Bitmap Heap Scan on sbtest7  (cost=5.50..417.35 rows=104 width=125)
	  Recheck Cond: ((k >= 4791999) AND (k <= 4792099))
	  ->  Bitmap Index Scan on k_7  (cost=0.00..5.47 rows=104 width=0)
	        Index Cond: ((k >= 4791999) AND (k <= 4792099))

table 8 : explain SELECT k, c FROM sbtest8 WHERE k BETWEEN 4791999 AND 4792099
	Bitmap Heap Scan on sbtest8  (cost=5.46..401.65 rows=100 width=125)
	  Recheck Cond: ((k >= 4791999) AND (k <= 4792099))
	  ->  Bitmap Index Scan on k_8  (cost=0.00..5.43 rows=100 width=0)
	        Index Cond: ((k >= 4791999) AND (k <= 4792099))

explain: for range-notcovered :: explain SELECT k, c FROM sbtest%d WHERE k BETWEEN 6789664 AND 6789764
for range-notcovered
table 1 : explain SELECT k, c FROM sbtest1 WHERE k BETWEEN 2658640 AND 2658740
	Bitmap Heap Scan on sbtest1  (cost=5.61..460.84 rows=115 width=125)
	  Recheck Cond: ((k >= 2658640) AND (k <= 2658740))
	  ->  Bitmap Index Scan on k_1  (cost=0.00..5.58 rows=115 width=0)
	        Index Cond: ((k >= 2658640) AND (k <= 2658740))

table 2 : explain SELECT k, c FROM sbtest2 WHERE k BETWEEN 2658640 AND 2658740
	Bitmap Heap Scan on sbtest2  (cost=5.45..397.70 rows=99 width=125)
	  Recheck Cond: ((k >= 2658640) AND (k <= 2658740))
	  ->  Bitmap Index Scan on k_2  (cost=0.00..5.42 rows=99 width=0)
	        Index Cond: ((k >= 2658640) AND (k <= 2658740))

table 3 : explain SELECT k, c FROM sbtest3 WHERE k BETWEEN 2658640 AND 2658740
	Bitmap Heap Scan on sbtest3  (cost=5.55..437.08 rows=109 width=125)
	  Recheck Cond: ((k >= 2658640) AND (k <= 2658740))
	  ->  Bitmap Index Scan on k_3  (cost=0.00..5.52 rows=109 width=0)
	        Index Cond: ((k >= 2658640) AND (k <= 2658740))

table 4 : explain SELECT k, c FROM sbtest4 WHERE k BETWEEN 2658640 AND 2658740
	Bitmap Heap Scan on sbtest4  (cost=5.45..397.70 rows=99 width=125)
	  Recheck Cond: ((k >= 2658640) AND (k <= 2658740))
	  ->  Bitmap Index Scan on k_4  (cost=0.00..5.42 rows=99 width=0)
	        Index Cond: ((k >= 2658640) AND (k <= 2658740))

table 5 : explain SELECT k, c FROM sbtest5 WHERE k BETWEEN 2658640 AND 2658740
	Bitmap Heap Scan on sbtest5  (cost=5.38..370.07 rows=92 width=125)
	  Recheck Cond: ((k >= 2658640) AND (k <= 2658740))
	  ->  Bitmap Index Scan on k_5  (cost=0.00..5.35 rows=92 width=0)
	        Index Cond: ((k >= 2658640) AND (k <= 2658740))

table 6 : explain SELECT k, c FROM sbtest6 WHERE k BETWEEN 2658640 AND 2658740
	Bitmap Heap Scan on sbtest6  (cost=5.46..401.63 rows=100 width=125)
	  Recheck Cond: ((k >= 2658640) AND (k <= 2658740))
	  ->  Bitmap Index Scan on k_6  (cost=0.00..5.43 rows=100 width=0)
	        Index Cond: ((k >= 2658640) AND (k <= 2658740))

table 7 : explain SELECT k, c FROM sbtest7 WHERE k BETWEEN 2658640 AND 2658740
	Bitmap Heap Scan on sbtest7  (cost=5.49..413.41 rows=103 width=125)
	  Recheck Cond: ((k >= 2658640) AND (k <= 2658740))
	  ->  Bitmap Index Scan on k_7  (cost=0.00..5.46 rows=103 width=0)
	        Index Cond: ((k >= 2658640) AND (k <= 2658740))

table 8 : explain SELECT k, c FROM sbtest8 WHERE k BETWEEN 2658640 AND 2658740
	Bitmap Heap Scan on sbtest8  (cost=5.47..405.60 rows=101 width=125)
	  Recheck Cond: ((k >= 2658640) AND (k <= 2658740))
	  ->  Bitmap Index Scan on k_8  (cost=0.00..5.44 rows=101 width=0)
	        Index Cond: ((k >= 2658640) AND (k <= 2658740))

explain: for range-notcovered :: explain SELECT k, c FROM sbtest%d WHERE k BETWEEN 4243893 AND 4243993explain: for range-notcovered :: explain SELECT k, c FROM sbtest%d WHERE k BETWEEN 2327787 AND 2327887
for range-notcovered
table 1 : explain SELECT k, c FROM sbtest1 WHERE k BETWEEN 4873456 AND 4873556
	Bitmap Heap Scan on sbtest1  (cost=5.65..476.60 rows=119 width=125)
	  Recheck Cond: ((k >= 4873456) AND (k <= 4873556))
	  ->  Bitmap Index Scan on k_1  (cost=0.00..5.62 rows=119 width=0)
	        Index Cond: ((k >= 4873456) AND (k <= 4873556))

table 2 : explain SELECT k, c FROM sbtest2 WHERE k BETWEEN 4873456 AND 4873556
	Bitmap Heap Scan on sbtest2  (cost=5.48..409.53 rows=102 width=125)
	  Recheck Cond: ((k >= 4873456) AND (k <= 4873556))
	  ->  Bitmap Index Scan on k_2  (cost=0.00..5.45 rows=102 width=0)
	        Index Cond: ((k >= 4873456) AND (k <= 4873556))

table 3 : explain SELECT k, c FROM sbtest3 WHERE k BETWEEN 4873456 AND 4873556
	Bitmap Heap Scan on sbtest3  (cost=5.46..401.59 rows=100 width=125)
	  Recheck Cond: ((k >= 4873456) AND (k <= 4873556))
	  ->  Bitmap Index Scan on k_3  (cost=0.00..5.43 rows=100 width=0)
	        Index Cond: ((k >= 4873456) AND (k <= 4873556))

table 4 : explain SELECT k, c FROM sbtest4 WHERE k BETWEEN 4873456 AND 4873556
	Bitmap Heap Scan on sbtest4  (cost=5.53..429.25 rows=107 width=125)
	  Recheck Cond: ((k >= 4873456) AND (k <= 4873556))
	  ->  Bitmap Index Scan on k_4  (cost=0.00..5.50 rows=107 width=0)
	        Index Cond: ((k >= 4873456) AND (k <= 4873556))

table 5 : explain SELECT k, c FROM sbtest5 WHERE k BETWEEN 4873456 AND 4873556
	Bitmap Heap Scan on sbtest5  (cost=5.46..401.65 rows=100 width=125)
	  Recheck Cond: ((k >= 4873456) AND (k <= 4873556))
	  ->  Bitmap Index Scan on k_5  (cost=0.00..5.43 rows=100 width=0)
	        Index Cond: ((k >= 4873456) AND (k <= 4873556))

table 6 : explain SELECT k, c FROM sbtest6 WHERE k BETWEEN 4873456 AND 4873556
	Bitmap Heap Scan on sbtest6  (cost=5.50..417.41 rows=104 width=125)
	  Recheck Cond: ((k >= 4873456) AND (k <= 4873556))
	  ->  Bitmap Index Scan on k_6  (cost=0.00..5.47 rows=104 width=0)
	        Index Cond: ((k >= 4873456) AND (k <= 4873556))

table 7 : explain SELECT k, c FROM sbtest7 WHERE k BETWEEN 4873456 AND 4873556
	Bitmap Heap Scan on sbtest7  (cost=5.53..429.17 rows=107 width=125)
	  Recheck Cond: ((k >= 4873456) AND (k <= 4873556))
	  ->  Bitmap Index Scan on k_7  (cost=0.00..5.50 rows=107 width=0)
	        Index Cond: ((k >= 4873456) AND (k <= 4873556))

table 8 : explain SELECT k, c FROM sbtest8 WHERE k BETWEEN 4873456 AND 4873556
	Bitmap Heap Scan on sbtest8  (cost=5.59..452.91 rows=113 width=125)
	  Recheck Cond: ((k >= 4873456) AND (k <= 4873556))
	  ->  Bitmap Index Scan on k_8  (cost=0.00..5.56 rows=113 width=0)
	        Index Cond: ((k >= 4873456) AND (k <= 4873556))

for range-notcovered
table 1 : explain SELECT k, c FROM sbtest1 WHERE k BETWEEN 6676821 AND 6676921
	Bitmap Heap Scan on sbtest1  (cost=5.44..393.80 rows=98 width=125)
	  Recheck Cond: ((k >= 6676821) AND (k <= 6676921))
	  ->  Bitmap Index Scan on k_1  (cost=0.00..5.42 rows=98 width=0)
	        Index Cond: ((k >= 6676821) AND (k <= 6676921))

table 2 : explain SELECT k, c FROM sbtest2 WHERE k BETWEEN 6676821 AND 6676921
	Bitmap Heap Scan on sbtest2  (cost=5.45..397.70 rows=99 width=125)
	  Recheck Cond: ((k >= 6676821) AND (k <= 6676921))
	  ->  Bitmap Index Scan on k_2  (cost=0.00..5.42 rows=99 width=0)
	        Index Cond: ((k >= 6676821) AND (k <= 6676921))

table 3 : explain SELECT k, c FROM sbtest3 WHERE k BETWEEN 6676821 AND 6676921
	Bitmap Heap Scan on sbtest3  (cost=5.50..417.37 rows=104 width=125)
	  Recheck Cond: ((k >= 6676821) AND (k <= 6676921))
	  ->  Bitmap Index Scan on k_3  (cost=0.00..5.47 rows=104 width=0)
	        Index Cond: ((k >= 6676821) AND (k <= 6676921))

table 4 : explain SELECT k, c FROM sbtest4 WHERE k BETWEEN 6676821 AND 6676921
	Bitmap Heap Scan on sbtest4  (cost=5.43..389.80 rows=97 width=125)
	  Recheck Cond: ((k >= 6676821) AND (k <= 6676921))
	  ->  Bitmap Index Scan on k_4  (cost=0.00..5.40 rows=97 width=0)
	        Index Cond: ((k >= 6676821) AND (k <= 6676921))

table 5 : explain SELECT k, c FROM sbtest5 WHERE k BETWEEN 6676821 AND 6676921
	Bitmap Heap Scan on sbtest5  (cost=5.42..385.86 rows=96 width=125)
	  Recheck Cond: ((k >= 6676821) AND (k <= 6676921))
	  ->  Bitmap Index Scan on k_5  (cost=0.00..5.39 rows=96 width=0)
	        Index Cond: ((k >= 6676821) AND (k <= 6676921))

table 6 : explain SELECT k, c FROM sbtest6 WHERE k BETWEEN 6676821 AND 6676921
	Bitmap Heap Scan on sbtest6  (cost=5.55..437.13 rows=109 width=125)
	  Recheck Cond: ((k >= 6676821) AND (k <= 6676921))
	  ->  Bitmap Index Scan on k_6  (cost=0.00..5.52 rows=109 width=0)
	        Index Cond: ((k >= 6676821) AND (k <= 6676921))

table 7 : explain SELECT k, c FROM sbtest7 WHERE k BETWEEN 6676821 AND 6676921
	Bitmap Heap Scan on sbtest7  (cost=5.38..370.00 rows=92 width=125)
	  Recheck Cond: ((k >= 6676821) AND (k <= 6676921))
	  ->  Bitmap Index Scan on k_7  (cost=0.00..5.35 rows=92 width=0)
	        Index Cond: ((k >= 6676821) AND (k <= 6676921))

table 8 : explain SELECT k, c FROM sbtest8 WHERE k BETWEEN 6676821 AND 6676921
	Bitmap Heap Scan on sbtest8  (cost=5.57..445.03 rows=111 width=125)
	  Recheck Cond: ((k >= 6676821) AND (k <= 6676921))
	  ->  Bitmap Index Scan on k_8  (cost=0.00..5.54 rows=111 width=0)
	        Index Cond: ((k >= 6676821) AND (k <= 6676921))
for range-notcovered
table 1 : explain SELECT k, c FROM sbtest1 WHERE k BETWEEN 1736814 AND 1736914
	Bitmap Heap Scan on sbtest1  (cost=5.50..417.47 rows=104 width=125)
	  Recheck Cond: ((k >= 1736814) AND (k <= 1736914))
	  ->  Bitmap Index Scan on k_1  (cost=0.00..5.47 rows=104 width=0)
	        Index Cond: ((k >= 1736814) AND (k <= 1736914))

table 2 : explain SELECT k, c FROM sbtest2 WHERE k BETWEEN 1736814 AND 1736914
	Bitmap Heap Scan on sbtest2  (cost=5.48..409.53 rows=102 width=125)
	  Recheck Cond: ((k >= 1736814) AND (k <= 1736914))
	  ->  Bitmap Index Scan on k_2  (cost=0.00..5.45 rows=102 width=0)
	        Index Cond: ((k >= 1736814) AND (k <= 1736914))

table 3 : explain SELECT k, c FROM sbtest3 WHERE k BETWEEN 1736814 AND 1736914
	Bitmap Heap Scan on sbtest3  (cost=5.59..452.84 rows=113 width=125)
	  Recheck Cond: ((k >= 1736814) AND (k <= 1736914))
	  ->  Bitmap Index Scan on k_3  (cost=0.00..5.56 rows=113 width=0)
	        Index Cond: ((k >= 1736814) AND (k <= 1736914))

table 4 : explain SELECT k, c FROM sbtest4 WHERE k BETWEEN 1736814 AND 1736914
	Bitmap Heap Scan on sbtest4  (cost=5.50..417.42 rows=104 width=125)
	  Recheck Cond: ((k >= 1736814) AND (k <= 1736914))
	  ->  Bitmap Index Scan on k_4  (cost=0.00..5.47 rows=104 width=0)
	        Index Cond: ((k >= 1736814) AND (k <= 1736914))

table 5 : explain SELECT k, c FROM sbtest5 WHERE k BETWEEN 1736814 AND 1736914
	Bitmap Heap Scan on sbtest5  (cost=5.59..452.91 rows=113 width=125)
	  Recheck Cond: ((k >= 1736814) AND (k <= 1736914))
	  ->  Bitmap Index Scan on k_5  (cost=0.00..5.56 rows=113 width=0)
	        Index Cond: ((k >= 1736814) AND (k <= 1736914))

table 6 : explain SELECT k, c FROM sbtest6 WHERE k BETWEEN 1736814 AND 1736914
	Bitmap Heap Scan on sbtest6  (cost=5.49..413.47 rows=103 width=125)
	  Recheck Cond: ((k >= 1736814) AND (k <= 1736914))
	  ->  Bitmap Index Scan on k_6  (cost=0.00..5.46 rows=103 width=0)
	        Index Cond: ((k >= 1736814) AND (k <= 1736914))

table 7 : explain SELECT k, c FROM sbtest7 WHERE k BETWEEN 1736814 AND 1736914
	Bitmap Heap Scan on sbtest7  (cost=5.41..381.85 rows=95 width=125)
	  Recheck Cond: ((k >= 1736814) AND (k <= 1736914))
	  ->  Bitmap Index Scan on k_7  (cost=0.00..5.38 rows=95 width=0)
	        Index Cond: ((k >= 1736814) AND (k <= 1736914))

table 8 : explain SELECT k, c FROM sbtest8 WHERE k BETWEEN 1736814 AND 1736914
	Bitmap Heap Scan on sbtest8  (cost=5.46..401.65 rows=100 width=125)
	  Recheck Cond: ((k >= 1736814) AND (k <= 1736914))
	  ->  Bitmap Index Scan on k_8  (cost=0.00..5.43 rows=100 width=0)
	        Index Cond: ((k >= 1736814) AND (k <= 1736914))

for range-notcovered
table 1 : explain SELECT k, c FROM sbtest1 WHERE k BETWEEN 6568066 AND 6568166
	Bitmap Heap Scan on sbtest1  (cost=5.42..385.90 rows=96 width=125)
	  Recheck Cond: ((k >= 6568066) AND (k <= 6568166))
	  ->  Bitmap Index Scan on k_1  (cost=0.00..5.39 rows=96 width=0)
	        Index Cond: ((k >= 6568066) AND (k <= 6568166))

table 2 : explain SELECT k, c FROM sbtest2 WHERE k BETWEEN 6568066 AND 6568166
	Bitmap Heap Scan on sbtest2  (cost=5.58..448.96 rows=112 width=125)
	  Recheck Cond: ((k >= 6568066) AND (k <= 6568166))
	  ->  Bitmap Index Scan on k_2  (cost=0.00..5.55 rows=112 width=0)
	        Index Cond: ((k >= 6568066) AND (k <= 6568166))

table 3 : explain SELECT k, c FROM sbtest3 WHERE k BETWEEN 6568066 AND 6568166
	Bitmap Heap Scan on sbtest3  (cost=5.47..405.53 rows=101 width=125)
	  Recheck Cond: ((k >= 6568066) AND (k <= 6568166))
	  ->  Bitmap Index Scan on k_3  (cost=0.00..5.44 rows=101 width=0)
	        Index Cond: ((k >= 6568066) AND (k <= 6568166))

table 4 : explain SELECT k, c FROM sbtest4 WHERE k BETWEEN 6568066 AND 6568166
	Bitmap Heap Scan on sbtest4  (cost=5.59..452.90 rows=113 width=125)
	  Recheck Cond: ((k >= 6568066) AND (k <= 6568166))
	  ->  Bitmap Index Scan on k_4  (cost=0.00..5.56 rows=113 width=0)
	        Index Cond: ((k >= 6568066) AND (k <= 6568166))

table 5 : explain SELECT k, c FROM sbtest5 WHERE k BETWEEN 6568066 AND 6568166
	Bitmap Heap Scan on sbtest5  (cost=5.45..397.70 rows=99 width=125)
	  Recheck Cond: ((k >= 6568066) AND (k <= 6568166))
	  ->  Bitmap Index Scan on k_5  (cost=0.00..5.42 rows=99 width=0)
	        Index Cond: ((k >= 6568066) AND (k <= 6568166))

table 6 : explain SELECT k, c FROM sbtest6 WHERE k BETWEEN 6568066 AND 6568166
	Bitmap Heap Scan on sbtest6  (cost=5.42..385.85 rows=96 width=125)
	  Recheck Cond: ((k >= 6568066) AND (k <= 6568166))
	  ->  Bitmap Index Scan on k_6  (cost=0.00..5.39 rows=96 width=0)
	        Index Cond: ((k >= 6568066) AND (k <= 6568166))

table 7 : explain SELECT k, c FROM sbtest7 WHERE k BETWEEN 6568066 AND 6568166
	Bitmap Heap Scan on sbtest7  (cost=5.48..409.46 rows=102 width=125)
	  Recheck Cond: ((k >= 6568066) AND (k <= 6568166))
	  ->  Bitmap Index Scan on k_7  (cost=0.00..5.45 rows=102 width=0)
	        Index Cond: ((k >= 6568066) AND (k <= 6568166))

table 8 : explain SELECT k, c FROM sbtest8 WHERE k BETWEEN 6568066 AND 6568166
	Bitmap Heap Scan on sbtest8  (cost=5.49..413.49 rows=103 width=125)
	  Recheck Cond: ((k >= 6568066) AND (k <= 6568166))
	  ->  Bitmap Index Scan on k_8  (cost=0.00..5.46 rows=103 width=0)
	        Index Cond: ((k >= 6568066) AND (k <= 6568166))
explain: for range-notcovered :: explain SELECT k, c FROM sbtest%d WHERE k BETWEEN 6262062 AND 6262162for range-notcovered
table 1 : explain SELECT k, c FROM sbtest1 WHERE k BETWEEN 6814436 AND 6814536
	Bitmap Heap Scan on sbtest1  (cost=5.51..421.42 rows=105 width=125)
	  Recheck Cond: ((k >= 6814436) AND (k <= 6814536))
	  ->  Bitmap Index Scan on k_1  (cost=0.00..5.48 rows=105 width=0)
	        Index Cond: ((k >= 6814436) AND (k <= 6814536))

table 2 : explain SELECT k, c FROM sbtest2 WHERE k BETWEEN 6814436 AND 6814536
	Bitmap Heap Scan on sbtest2  (cost=5.36..362.17 rows=90 width=125)
	  Recheck Cond: ((k >= 6814436) AND (k <= 6814536))
	  ->  Bitmap Index Scan on k_2  (cost=0.00..5.33 rows=90 width=0)
	        Index Cond: ((k >= 6814436) AND (k <= 6814536))

table 3 : explain SELECT k, c FROM sbtest3 WHERE k BETWEEN 6814436 AND 6814536
	Bitmap Heap Scan on sbtest3  (cost=5.60..456.78 rows=114 width=125)
	  Recheck Cond: ((k >= 6814436) AND (k <= 6814536))
	  ->  Bitmap Index Scan on k_3  (cost=0.00..5.58 rows=114 width=0)
	        Index Cond: ((k >= 6814436) AND (k <= 6814536))

table 4 : explain SELECT k, c FROM sbtest4 WHERE k BETWEEN 6814436 AND 6814536
	Bitmap Heap Scan on sbtest4  (cost=5.46..401.64 rows=100 width=125)
	  Recheck Cond: ((k >= 6814436) AND (k <= 6814536))
	  ->  Bitmap Index Scan on k_4  (cost=0.00..5.43 rows=100 width=0)
	        Index Cond: ((k >= 6814436) AND (k <= 6814536))

table 5 : explain SELECT k, c FROM sbtest5 WHERE k BETWEEN 6814436 AND 6814536
	Bitmap Heap Scan on sbtest5  (cost=5.42..385.86 rows=96 width=125)
	  Recheck Cond: ((k >= 6814436) AND (k <= 6814536))
	  ->  Bitmap Index Scan on k_5  (cost=0.00..5.39 rows=96 width=0)
	        Index Cond: ((k >= 6814436) AND (k <= 6814536))

table 6 : explain SELECT k, c FROM sbtest6 WHERE k BETWEEN 6814436 AND 6814536
	Bitmap Heap Scan on sbtest6  (cost=5.55..437.13 rows=109 width=125)
	  Recheck Cond: ((k >= 6814436) AND (k <= 6814536))
	  ->  Bitmap Index Scan on k_6  (cost=0.00..5.52 rows=109 width=0)
	        Index Cond: ((k >= 6814436) AND (k <= 6814536))

table 7 : explain SELECT k, c FROM sbtest7 WHERE k BETWEEN 6814436 AND 6814536
	Bitmap Heap Scan on sbtest7  (cost=5.49..413.41 rows=103 width=125)
	  Recheck Cond: ((k >= 6814436) AND (k <= 6814536))
	  ->  Bitmap Index Scan on k_7  (cost=0.00..5.46 rows=103 width=0)
	        Index Cond: ((k >= 6814436) AND (k <= 6814536))

table 8 : explain SELECT k, c FROM sbtest8 WHERE k BETWEEN 6814436 AND 6814536
	Bitmap Heap Scan on sbtest8  (cost=5.47..405.60 rows=101 width=125)
	  Recheck Cond: ((k >= 6814436) AND (k <= 6814536))
	  ->  Bitmap Index Scan on k_8  (cost=0.00..5.44 rows=101 width=0)
	        Index Cond: ((k >= 6814436) AND (k <= 6814536))

for range-notcovered
table 1 : explain SELECT k, c FROM sbtest1 WHERE k BETWEEN 5443553 AND 5443653
	Bitmap Heap Scan on sbtest1  (cost=5.48..409.58 rows=102 width=125)
	  Recheck Cond: ((k >= 5443553) AND (k <= 5443653))
	  ->  Bitmap Index Scan on k_1  (cost=0.00..5.45 rows=102 width=0)
	        Index Cond: ((k >= 5443553) AND (k <= 5443653))

table 2 : explain SELECT k, c FROM sbtest2 WHERE k BETWEEN 5443553 AND 5443653
	Bitmap Heap Scan on sbtest2  (cost=5.39..374.01 rows=93 width=125)
	  Recheck Cond: ((k >= 5443553) AND (k <= 5443653))
	  ->  Bitmap Index Scan on k_2  (cost=0.00..5.36 rows=93 width=0)
	        Index Cond: ((k >= 5443553) AND (k <= 5443653))

table 3 : explain SELECT k, c FROM sbtest3 WHERE k BETWEEN 5443553 AND 5443653
	Bitmap Heap Scan on sbtest3  (cost=5.58..448.90 rows=112 width=125)
	  Recheck Cond: ((k >= 5443553) AND (k <= 5443653))
	  ->  Bitmap Index Scan on k_3  (cost=0.00..5.55 rows=112 width=0)
	        Index Cond: ((k >= 5443553) AND (k <= 5443653))

table 4 : explain SELECT k, c FROM sbtest4 WHERE k BETWEEN 5443553 AND 5443653
	Bitmap Heap Scan on sbtest4  (cost=5.52..425.31 rows=106 width=125)
	  Recheck Cond: ((k >= 5443553) AND (k <= 5443653))
	  ->  Bitmap Index Scan on k_4  (cost=0.00..5.50 rows=106 width=0)
	        Index Cond: ((k >= 5443553) AND (k <= 5443653))

table 5 : explain SELECT k, c FROM sbtest5 WHERE k BETWEEN 5443553 AND 5443653
	Bitmap Heap Scan on sbtest5  (cost=5.54..433.20 rows=108 width=125)
	  Recheck Cond: ((k >= 5443553) AND (k <= 5443653))
	  ->  Bitmap Index Scan on k_5  (cost=0.00..5.51 rows=108 width=0)
	        Index Cond: ((k >= 5443553) AND (k <= 5443653))

table 6 : explain SELECT k, c FROM sbtest6 WHERE k BETWEEN 5443553 AND 5443653
	Bitmap Heap Scan on sbtest6  (cost=5.57..445.01 rows=111 width=125)
	  Recheck Cond: ((k >= 5443553) AND (k <= 5443653))
	  ->  Bitmap Index Scan on k_6  (cost=0.00..5.54 rows=111 width=0)
	        Index Cond: ((k >= 5443553) AND (k <= 5443653))

table 7 : explain SELECT k, c FROM sbtest7 WHERE k BETWEEN 5443553 AND 5443653
	Bitmap Heap Scan on sbtest7  (cost=5.46..401.57 rows=100 width=125)
	  Recheck Cond: ((k >= 5443553) AND (k <= 5443653))
	  ->  Bitmap Index Scan on k_7  (cost=0.00..5.43 rows=100 width=0)
	        Index Cond: ((k >= 5443553) AND (k <= 5443653))

table 8 : explain SELECT k, c FROM sbtest8 WHERE k BETWEEN 5443553 AND 5443653
	Bitmap Heap Scan on sbtest8  (cost=5.46..401.65 rows=100 width=125)
	  Recheck Cond: ((k >= 5443553) AND (k <= 5443653))
	  ->  Bitmap Index Scan on k_8  (cost=0.00..5.43 rows=100 width=0)
	        Index Cond: ((k >= 5443553) AND (k <= 5443653))
for range-notcovered
table 1 : explain SELECT k, c FROM sbtest1 WHERE k BETWEEN 2158070 AND 2158170
	Bitmap Heap Scan on sbtest1  (cost=5.46..401.69 rows=100 width=125)
	  Recheck Cond: ((k >= 2158070) AND (k <= 2158170))
	  ->  Bitmap Index Scan on k_1  (cost=0.00..5.43 rows=100 width=0)
	        Index Cond: ((k >= 2158070) AND (k <= 2158170))

table 2 : explain SELECT k, c FROM sbtest2 WHERE k BETWEEN 2158070 AND 2158170
	Bitmap Heap Scan on sbtest2  (cost=5.53..429.25 rows=107 width=125)
	  Recheck Cond: ((k >= 2158070) AND (k <= 2158170))
	  ->  Bitmap Index Scan on k_2  (cost=0.00..5.50 rows=107 width=0)
	        Index Cond: ((k >= 2158070) AND (k <= 2158170))

table 3 : explain SELECT k, c FROM sbtest3 WHERE k BETWEEN 2158070 AND 2158170
	Bitmap Heap Scan on sbtest3  (cost=5.53..429.19 rows=107 width=125)
	  Recheck Cond: ((k >= 2158070) AND (k <= 2158170))
	  ->  Bitmap Index Scan on k_3  (cost=0.00..5.50 rows=107 width=0)
	        Index Cond: ((k >= 2158070) AND (k <= 2158170))

table 4 : explain SELECT k, c FROM sbtest4 WHERE k BETWEEN 2158070 AND 2158170
	Bitmap Heap Scan on sbtest4  (cost=5.51..421.36 rows=105 width=125)
	  Recheck Cond: ((k >= 2158070) AND (k <= 2158170))
	  ->  Bitmap Index Scan on k_4  (cost=0.00..5.48 rows=105 width=0)
	        Index Cond: ((k >= 2158070) AND (k <= 2158170))

table 5 : explain SELECT k, c FROM sbtest5 WHERE k BETWEEN 2158070 AND 2158170
	Bitmap Heap Scan on sbtest5  (cost=5.45..397.70 rows=99 width=125)
	  Recheck Cond: ((k >= 2158070) AND (k <= 2158170))
	  ->  Bitmap Index Scan on k_5  (cost=0.00..5.42 rows=99 width=0)
	        Index Cond: ((k >= 2158070) AND (k <= 2158170))

table 6 : explain SELECT k, c FROM sbtest6 WHERE k BETWEEN 2158070 AND 2158170
	Bitmap Heap Scan on sbtest6  (cost=5.45..397.69 rows=99 width=125)
	  Recheck Cond: ((k >= 2158070) AND (k <= 2158170))
	  ->  Bitmap Index Scan on k_6  (cost=0.00..5.42 rows=99 width=0)
	        Index Cond: ((k >= 2158070) AND (k <= 2158170))

table 7 : explain SELECT k, c FROM sbtest7 WHERE k BETWEEN 2158070 AND 2158170
	Bitmap Heap Scan on sbtest7  (cost=5.45..397.63 rows=99 width=125)
	  Recheck Cond: ((k >= 2158070) AND (k <= 2158170))
	  ->  Bitmap Index Scan on k_7  (cost=0.00..5.42 rows=99 width=0)
	        Index Cond: ((k >= 2158070) AND (k <= 2158170))

table 8 : explain SELECT k, c FROM sbtest8 WHERE k BETWEEN 2158070 AND 2158170
	Bitmap Heap Scan on sbtest8  (cost=5.52..425.32 rows=106 width=125)
	  Recheck Cond: ((k >= 2158070) AND (k <= 2158170))
	  ->  Bitmap Index Scan on k_8  (cost=0.00..5.50 rows=106 width=0)
	        Index Cond: ((k >= 2158070) AND (k <= 2158170))

explain: for range-notcovered :: explain SELECT k, c FROM sbtest%d WHERE k BETWEEN 2658640 AND 2658740


for range-notcovered
table 1 : explain SELECT k, c FROM sbtest1 WHERE k BETWEEN 6927879 AND 6927979
	Bitmap Heap Scan on sbtest1  (cost=5.46..401.69 rows=100 width=125)
	  Recheck Cond: ((k >= 6927879) AND (k <= 6927979))
	  ->  Bitmap Index Scan on k_1  (cost=0.00..5.43 rows=100 width=0)
	        Index Cond: ((k >= 6927879) AND (k <= 6927979))

table 2 : explain SELECT k, c FROM sbtest2 WHERE k BETWEEN 6927879 AND 6927979
	Bitmap Heap Scan on sbtest2  (cost=5.52..425.31 rows=106 width=125)
	  Recheck Cond: ((k >= 6927879) AND (k <= 6927979))
	  ->  Bitmap Index Scan on k_2  (cost=0.00..5.50 rows=106 width=0)
	        Index Cond: ((k >= 6927879) AND (k <= 6927979))

table 3 : explain SELECT k, c FROM sbtest3 WHERE k BETWEEN 6927879 AND 6927979
	Bitmap Heap Scan on sbtest3  (cost=5.57..444.96 rows=111 width=125)
	  Recheck Cond: ((k >= 6927879) AND (k <= 6927979))
	  ->  Bitmap Index Scan on k_3  (cost=0.00..5.54 rows=111 width=0)
	        Index Cond: ((k >= 6927879) AND (k <= 6927979))

table 4 : explain SELECT k, c FROM sbtest4 WHERE k BETWEEN 6927879 AND 6927979
	Bitmap Heap Scan on sbtest4  (cost=5.44..393.75 rows=98 width=125)
	  Recheck Cond: ((k >= 6927879) AND (k <= 6927979))
	  ->  Bitmap Index Scan on k_4  (cost=0.00..5.42 rows=98 width=0)
	        Index Cond: ((k >= 6927879) AND (k <= 6927979))

table 5 : explain SELECT k, c FROM sbtest5 WHERE k BETWEEN 6927879 AND 6927979
	Bitmap Heap Scan on sbtest5  (cost=5.56..441.09 rows=110 width=125)
	  Recheck Cond: ((k >= 6927879) AND (k <= 6927979))
	  ->  Bitmap Index Scan on k_5  (cost=0.00..5.53 rows=110 width=0)
	        Index Cond: ((k >= 6927879) AND (k <= 6927979))

table 6 : explain SELECT k, c FROM sbtest6 WHERE k BETWEEN 6927879 AND 6927979
	Bitmap Heap Scan on sbtest6  (cost=5.42..385.85 rows=96 width=125)
	  Recheck Cond: ((k >= 6927879) AND (k <= 6927979))
	  ->  Bitmap Index Scan on k_6  (cost=0.00..5.39 rows=96 width=0)
	        Index Cond: ((k >= 6927879) AND (k <= 6927979))

table 7 : explain SELECT k, c FROM sbtest7 WHERE k BETWEEN 6927879 AND 6927979
	Bitmap Heap Scan on sbtest7  (cost=5.47..405.52 rows=101 width=125)
	  Recheck Cond: ((k >= 6927879) AND (k <= 6927979))
	  ->  Bitmap Index Scan on k_7  (cost=0.00..5.44 rows=101 width=0)
	        Index Cond: ((k >= 6927879) AND (k <= 6927979))

table 8 : explain SELECT k, c FROM sbtest8 WHERE k BETWEEN 6927879 AND 6927979
	Bitmap Heap Scan on sbtest8  (cost=5.50..417.43 rows=104 width=125)
	  Recheck Cond: ((k >= 6927879) AND (k <= 6927979))
	  ->  Bitmap Index Scan on k_8  (cost=0.00..5.47 rows=104 width=0)
	        Index Cond: ((k >= 6927879) AND (k <= 6927979))

for range-notcovered
table 1 : explain SELECT k, c FROM sbtest1 WHERE k BETWEEN 5813883 AND 5813983
	Bitmap Heap Scan on sbtest1  (cost=5.58..449.02 rows=112 width=125)
	  Recheck Cond: ((k >= 5813883) AND (k <= 5813983))
	  ->  Bitmap Index Scan on k_1  (cost=0.00..5.55 rows=112 width=0)
	        Index Cond: ((k >= 5813883) AND (k <= 5813983))

table 2 : explain SELECT k, c FROM sbtest2 WHERE k BETWEEN 5813883 AND 5813983
	Bitmap Heap Scan on sbtest2  (cost=5.49..413.48 rows=103 width=125)
	  Recheck Cond: ((k >= 5813883) AND (k <= 5813983))
	  ->  Bitmap Index Scan on k_2  (cost=0.00..5.46 rows=103 width=0)
	        Index Cond: ((k >= 5813883) AND (k <= 5813983))

table 3 : explain SELECT k, c FROM sbtest3 WHERE k BETWEEN 5813883 AND 5813983
	Bitmap Heap Scan on sbtest3  (cost=5.39..373.97 rows=93 width=125)
	  Recheck Cond: ((k >= 5813883) AND (k <= 5813983))
	  ->  Bitmap Index Scan on k_3  (cost=0.00..5.36 rows=93 width=0)
	        Index Cond: ((k >= 5813883) AND (k <= 5813983))

table 4 : explain SELECT k, c FROM sbtest4 WHERE k BETWEEN 5813883 AND 5813983
	Bitmap Heap Scan on sbtest4  (cost=5.46..401.64 rows=100 width=125)
	  Recheck Cond: ((k >= 5813883) AND (k <= 5813983))
	  ->  Bitmap Index Scan on k_4  (cost=0.00..5.43 rows=100 width=0)
	        Index Cond: ((k >= 5813883) AND (k <= 5813983))

table 5 : explain SELECT k, c FROM sbtest5 WHERE k BETWEEN 5813883 AND 5813983
	Bitmap Heap Scan on sbtest5  (cost=5.40..377.97 rows=94 width=125)
	  Recheck Cond: ((k >= 5813883) AND (k <= 5813983))
	  ->  Bitmap Index Scan on k_5  (cost=0.00..5.38 rows=94 width=0)
	        Index Cond: ((k >= 5813883) AND (k <= 5813983))

table 6 : explain SELECT k, c FROM sbtest6 WHERE k BETWEEN 5813883 AND 5813983
	Bitmap Heap Scan on sbtest6  (cost=5.36..362.16 rows=90 width=125)
	  Recheck Cond: ((k >= 5813883) AND (k <= 5813983))
	  ->  Bitmap Index Scan on k_6  (cost=0.00..5.33 rows=90 width=0)
	        Index Cond: ((k >= 5813883) AND (k <= 5813983))

table 7 : explain SELECT k, c FROM sbtest7 WHERE k BETWEEN 5813883 AND 5813983
	Bitmap Heap Scan on sbtest7  (cost=5.50..417.35 rows=104 width=125)
	  Recheck Cond: ((k >= 5813883) AND (k <= 5813983))
	  ->  Bitmap Index Scan on k_7  (cost=0.00..5.47 rows=104 width=0)
	        Index Cond: ((k >= 5813883) AND (k <= 5813983))

table 8 : explain SELECT k, c FROM sbtest8 WHERE k BETWEEN 5813883 AND 5813983
	Bitmap Heap Scan on sbtest8  (cost=5.36..362.17 rows=90 width=125)
	  Recheck Cond: ((k >= 5813883) AND (k <= 5813983))
	  ->  Bitmap Index Scan on k_8  (cost=0.00..5.33 rows=90 width=0)
	        Index Cond: ((k >= 5813883) AND (k <= 5813983))
for range-notcovered
table 1 : explain SELECT k, c FROM sbtest1 WHERE k BETWEEN 8712676 AND 8712776
	Bitmap Heap Scan on sbtest1  (cost=5.44..393.80 rows=98 width=125)
	  Recheck Cond: ((k >= 8712676) AND (k <= 8712776))
	  ->  Bitmap Index Scan on k_1  (cost=0.00..5.42 rows=98 width=0)
	        Index Cond: ((k >= 8712676) AND (k <= 8712776))

table 2 : explain SELECT k, c FROM sbtest2 WHERE k BETWEEN 8712676 AND 8712776
	Bitmap Heap Scan on sbtest2  (cost=5.47..405.59 rows=101 width=125)
	  Recheck Cond: ((k >= 8712676) AND (k <= 8712776))
	  ->  Bitmap Index Scan on k_2  (cost=0.00..5.44 rows=101 width=0)
	        Index Cond: ((k >= 8712676) AND (k <= 8712776))

table 3 : explain SELECT k, c FROM sbtest3 WHERE k BETWEEN 8712676 AND 8712776
	Bitmap Heap Scan on sbtest3  (cost=5.50..417.37 rows=104 width=125)
	  Recheck Cond: ((k >= 8712676) AND (k <= 8712776))
	  ->  Bitmap Index Scan on k_3  (cost=0.00..5.47 rows=104 width=0)
	        Index Cond: ((k >= 8712676) AND (k <= 8712776))

table 4 : explain SELECT k, c FROM sbtest4 WHERE k BETWEEN 8712676 AND 8712776
	Bitmap Heap Scan on sbtest4  (cost=5.52..425.31 rows=106 width=125)
	  Recheck Cond: ((k >= 8712676) AND (k <= 8712776))
	  ->  Bitmap Index Scan on k_4  (cost=0.00..5.50 rows=106 width=0)
	        Index Cond: ((k >= 8712676) AND (k <= 8712776))

table 5 : explain SELECT k, c FROM sbtest5 WHERE k BETWEEN 8712676 AND 8712776
	Bitmap Heap Scan on sbtest5  (cost=5.43..389.81 rows=97 width=125)
	  Recheck Cond: ((k >= 8712676) AND (k <= 8712776))
	  ->  Bitmap Index Scan on k_5  (cost=0.00..5.40 rows=97 width=0)
	        Index Cond: ((k >= 8712676) AND (k <= 8712776))

table 6 : explain SELECT k, c FROM sbtest6 WHERE k BETWEEN 8712676 AND 8712776
	Bitmap Heap Scan on sbtest6  (cost=5.59..452.89 rows=113 width=125)
	  Recheck Cond: ((k >= 8712676) AND (k <= 8712776))
	  ->  Bitmap Index Scan on k_6  (cost=0.00..5.56 rows=113 width=0)
	        Index Cond: ((k >= 8712676) AND (k <= 8712776))

table 7 : explain SELECT k, c FROM sbtest7 WHERE k BETWEEN 8712676 AND 8712776
	Bitmap Heap Scan on sbtest7  (cost=5.49..413.41 rows=103 width=125)
	  Recheck Cond: ((k >= 8712676) AND (k <= 8712776))
	  ->  Bitmap Index Scan on k_7  (cost=0.00..5.46 rows=103 width=0)
	        Index Cond: ((k >= 8712676) AND (k <= 8712776))

table 8 : explain SELECT k, c FROM sbtest8 WHERE k BETWEEN 8712676 AND 8712776
	Bitmap Heap Scan on sbtest8  (cost=5.46..401.65 rows=100 width=125)
	  Recheck Cond: ((k >= 8712676) AND (k <= 8712776))
	  ->  Bitmap Index Scan on k_8  (cost=0.00..5.43 rows=100 width=0)
	        Index Cond: ((k >= 8712676) AND (k <= 8712776))


for range-notcovered
table 1 : explain SELECT k, c FROM sbtest1 WHERE k BETWEEN 7743810 AND 7743910
	Bitmap Heap Scan on sbtest1  (cost=5.40..378.01 rows=94 width=125)
	  Recheck Cond: ((k >= 7743810) AND (k <= 7743910))
	  ->  Bitmap Index Scan on k_1  (cost=0.00..5.38 rows=94 width=0)
	        Index Cond: ((k >= 7743810) AND (k <= 7743910))

table 2 : explain SELECT k, c FROM sbtest2 WHERE k BETWEEN 7743810 AND 7743910
	Bitmap Heap Scan on sbtest2  (cost=5.47..405.59 rows=101 width=125)
	  Recheck Cond: ((k >= 7743810) AND (k <= 7743910))
	  ->  Bitmap Index Scan on k_2  (cost=0.00..5.44 rows=101 width=0)
	        Index Cond: ((k >= 7743810) AND (k <= 7743910))

table 3 : explain SELECT k, c FROM sbtest3 WHERE k BETWEEN 7743810 AND 7743910
	Bitmap Heap Scan on sbtest3  (cost=5.41..381.86 rows=95 width=125)
	  Recheck Cond: ((k >= 7743810) AND (k <= 7743910))
	  ->  Bitmap Index Scan on k_3  (cost=0.00..5.38 rows=95 width=0)
	        Index Cond: ((k >= 7743810) AND (k <= 7743910))

table 4 : explain SELECT k, c FROM sbtest4 WHERE k BETWEEN 7743810 AND 7743910
	Bitmap Heap Scan on sbtest4  (cost=5.46..401.64 rows=100 width=125)
	  Recheck Cond: ((k >= 7743810) AND (k <= 7743910))
	  ->  Bitmap Index Scan on k_4  (cost=0.00..5.43 rows=100 width=0)
	        Index Cond: ((k >= 7743810) AND (k <= 7743910))

table 5 : explain SELECT k, c FROM sbtest5 WHERE k BETWEEN 7743810 AND 7743910
	Bitmap Heap Scan on sbtest5  (cost=5.47..405.60 rows=101 width=125)
	  Recheck Cond: ((k >= 7743810) AND (k <= 7743910))
	  ->  Bitmap Index Scan on k_5  (cost=0.00..5.44 rows=101 width=0)
	        Index Cond: ((k >= 7743810) AND (k <= 7743910))

table 6 : explain SELECT k, c FROM sbtest6 WHERE k BETWEEN 7743810 AND 7743910
	Bitmap Heap Scan on sbtest6  (cost=5.44..393.74 rows=98 width=125)
	  Recheck Cond: ((k >= 7743810) AND (k <= 7743910))
	  ->  Bitmap Index Scan on k_6  (cost=0.00..5.42 rows=98 width=0)
	        Index Cond: ((k >= 7743810) AND (k <= 7743910))

table 7 : explain SELECT k, c FROM sbtest7 WHERE k BETWEEN 7743810 AND 7743910
	Bitmap Heap Scan on sbtest7  (cost=5.50..417.35 rows=104 width=125)
	  Recheck Cond: ((k >= 7743810) AND (k <= 7743910))
	  ->  Bitmap Index Scan on k_7  (cost=0.00..5.47 rows=104 width=0)
	        Index Cond: ((k >= 7743810) AND (k <= 7743910))

table 8 : explain SELECT k, c FROM sbtest8 WHERE k BETWEEN 7743810 AND 7743910
	Bitmap Heap Scan on sbtest8  (cost=5.48..409.54 rows=102 width=125)
	  Recheck Cond: ((k >= 7743810) AND (k <= 7743910))
	  ->  Bitmap Index Scan on k_8  (cost=0.00..5.45 rows=102 width=0)
	        Index Cond: ((k >= 7743810) AND (k <= 7743910))

for range-notcovered
table 1 : explain SELECT k, c FROM sbtest1 WHERE k BETWEEN 6909611 AND 6909711
	Bitmap Heap Scan on sbtest1  (cost=5.46..401.69 rows=100 width=125)
	  Recheck Cond: ((k >= 6909611) AND (k <= 6909711))
	  ->  Bitmap Index Scan on k_1  (cost=0.00..5.43 rows=100 width=0)
	        Index Cond: ((k >= 6909611) AND (k <= 6909711))

table 2 : explain SELECT k, c FROM sbtest2 WHERE k BETWEEN 6909611 AND 6909711
	Bitmap Heap Scan on sbtest2  (cost=5.52..425.31 rows=106 width=125)
	  Recheck Cond: ((k >= 6909611) AND (k <= 6909711))
	  ->  Bitmap Index Scan on k_2  (cost=0.00..5.50 rows=106 width=0)
	        Index Cond: ((k >= 6909611) AND (k <= 6909711))

table 3 : explain SELECT k, c FROM sbtest3 WHERE k BETWEEN 6909611 AND 6909711
	Bitmap Heap Scan on sbtest3  (cost=5.57..444.96 rows=111 width=125)
	  Recheck Cond: ((k >= 6909611) AND (k <= 6909711))
	  ->  Bitmap Index Scan on k_3  (cost=0.00..5.54 rows=111 width=0)
	        Index Cond: ((k >= 6909611) AND (k <= 6909711))

table 4 : explain SELECT k, c FROM sbtest4 WHERE k BETWEEN 6909611 AND 6909711
	Bitmap Heap Scan on sbtest4  (cost=5.44..393.75 rows=98 width=125)
	  Recheck Cond: ((k >= 6909611) AND (k <= 6909711))
	  ->  Bitmap Index Scan on k_4  (cost=0.00..5.42 rows=98 width=0)
	        Index Cond: ((k >= 6909611) AND (k <= 6909711))

table 5 : explain SELECT k, c FROM sbtest5 WHERE k BETWEEN 6909611 AND 6909711
	Bitmap Heap Scan on sbtest5  (cost=5.42..385.86 rows=96 width=125)
	  Recheck Cond: ((k >= 6909611) AND (k <= 6909711))
	  ->  Bitmap Index Scan on k_5  (cost=0.00..5.39 rows=96 width=0)
	        Index Cond: ((k >= 6909611) AND (k <= 6909711))

table 6 : explain SELECT k, c FROM sbtest6 WHERE k BETWEEN 6909611 AND 6909711
	Bitmap Heap Scan on sbtest6  (cost=5.42..385.85 rows=96 width=125)
	  Recheck Cond: ((k >= 6909611) AND (k <= 6909711))
	  ->  Bitmap Index Scan on k_6  (cost=0.00..5.39 rows=96 width=0)
	        Index Cond: ((k >= 6909611) AND (k <= 6909711))

table 7 : explain SELECT k, c FROM sbtest7 WHERE k BETWEEN 6909611 AND 6909711
	Bitmap Heap Scan on sbtest7  (cost=5.47..405.52 rows=101 width=125)
	  Recheck Cond: ((k >= 6909611) AND (k <= 6909711))
	  ->  Bitmap Index Scan on k_7  (cost=0.00..5.44 rows=101 width=0)
	        Index Cond: ((k >= 6909611) AND (k <= 6909711))

table 8 : explain SELECT k, c FROM sbtest8 WHERE k BETWEEN 6909611 AND 6909711
	Bitmap Heap Scan on sbtest8  (cost=5.50..417.43 rows=104 width=125)
	  Recheck Cond: ((k >= 6909611) AND (k <= 6909711))
	  ->  Bitmap Index Scan on k_8  (cost=0.00..5.47 rows=104 width=0)
	        Index Cond: ((k >= 6909611) AND (k <= 6909711))


explain: for range-notcovered :: explain SELECT k, c FROM sbtest%d WHERE k BETWEEN 4791999 AND 4792099
for range-notcovered
table 1 : explain SELECT k, c FROM sbtest1 WHERE k BETWEEN 7372991 AND 7373091
	Bitmap Heap Scan on sbtest1  (cost=5.42..385.90 rows=96 width=125)
	  Recheck Cond: ((k >= 7372991) AND (k <= 7373091))
	  ->  Bitmap Index Scan on k_1  (cost=0.00..5.39 rows=96 width=0)
	        Index Cond: ((k >= 7372991) AND (k <= 7373091))

table 2 : explain SELECT k, c FROM sbtest2 WHERE k BETWEEN 7372991 AND 7373091
	Bitmap Heap Scan on sbtest2  (cost=5.43..389.80 rows=97 width=125)
	  Recheck Cond: ((k >= 7372991) AND (k <= 7373091))
	  ->  Bitmap Index Scan on k_2  (cost=0.00..5.40 rows=97 width=0)
	        Index Cond: ((k >= 7372991) AND (k <= 7373091))

table 3 : explain SELECT k, c FROM sbtest3 WHERE k BETWEEN 7372991 AND 7373091
	Bitmap Heap Scan on sbtest3  (cost=5.43..389.75 rows=97 width=125)
	  Recheck Cond: ((k >= 7372991) AND (k <= 7373091))
	  ->  Bitmap Index Scan on k_3  (cost=0.00..5.40 rows=97 width=0)
	        Index Cond: ((k >= 7372991) AND (k <= 7373091))

table 4 : explain SELECT k, c FROM sbtest4 WHERE k BETWEEN 7372991 AND 7373091
	Bitmap Heap Scan on sbtest4  (cost=5.40..377.96 rows=94 width=125)
	  Recheck Cond: ((k >= 7372991) AND (k <= 7373091))
	  ->  Bitmap Index Scan on k_4  (cost=0.00..5.38 rows=94 width=0)
	        Index Cond: ((k >= 7372991) AND (k <= 7373091))

table 5 : explain SELECT k, c FROM sbtest5 WHERE k BETWEEN 7372991 AND 7373091
	Bitmap Heap Scan on sbtest5  (cost=5.46..401.65 rows=100 width=125)
	  Recheck Cond: ((k >= 7372991) AND (k <= 7373091))
	  ->  Bitmap Index Scan on k_5  (cost=0.00..5.43 rows=100 width=0)
	        Index Cond: ((k >= 7372991) AND (k <= 7373091))

table 6 : explain SELECT k, c FROM sbtest6 WHERE k BETWEEN 7372991 AND 7373091
	Bitmap Heap Scan on sbtest6  (cost=5.52..425.30 rows=106 width=125)
	  Recheck Cond: ((k >= 7372991) AND (k <= 7373091))
	  ->  Bitmap Index Scan on k_6  (cost=0.00..5.50 rows=106 width=0)
	        Index Cond: ((k >= 7372991) AND (k <= 7373091))

table 7 : explain SELECT k, c FROM sbtest7 WHERE k BETWEEN 7372991 AND 7373091
	Bitmap Heap Scan on sbtest7  (cost=5.65..476.45 rows=119 width=125)
	  Recheck Cond: ((k >= 7372991) AND (k <= 7373091))
	  ->  Bitmap Index Scan on k_7  (cost=0.00..5.62 rows=119 width=0)
	        Index Cond: ((k >= 7372991) AND (k <= 7373091))

table 8 : explain SELECT k, c FROM sbtest8 WHERE k BETWEEN 7372991 AND 7373091
	Bitmap Heap Scan on sbtest8  (cost=5.43..389.81 rows=97 width=125)
	  Recheck Cond: ((k >= 7372991) AND (k <= 7373091))
	  ->  Bitmap Index Scan on k_8  (cost=0.00..5.40 rows=97 width=0)
	        Index Cond: ((k >= 7372991) AND (k <= 7373091))


explain: for range-notcovered :: explain SELECT k, c FROM sbtest%d WHERE k BETWEEN 6814436 AND 6814536

for range-notcovered
table 1 : explain SELECT k, c FROM sbtest1 WHERE k BETWEEN 5330250 AND 5330350
	Bitmap Heap Scan on sbtest1  (cost=5.51..421.42 rows=105 width=125)
	  Recheck Cond: ((k >= 5330250) AND (k <= 5330350))
	  ->  Bitmap Index Scan on k_1  (cost=0.00..5.48 rows=105 width=0)
	        Index Cond: ((k >= 5330250) AND (k <= 5330350))

table 2 : explain SELECT k, c FROM sbtest2 WHERE k BETWEEN 5330250 AND 5330350
	Bitmap Heap Scan on sbtest2  (cost=5.46..401.64 rows=100 width=125)
	  Recheck Cond: ((k >= 5330250) AND (k <= 5330350))
	  ->  Bitmap Index Scan on k_2  (cost=0.00..5.43 rows=100 width=0)
	        Index Cond: ((k >= 5330250) AND (k <= 5330350))

table 3 : explain SELECT k, c FROM sbtest3 WHERE k BETWEEN 5330250 AND 5330350
	Bitmap Heap Scan on sbtest3  (cost=5.46..401.59 rows=100 width=125)
	  Recheck Cond: ((k >= 5330250) AND (k <= 5330350))
	  ->  Bitmap Index Scan on k_3  (cost=0.00..5.43 rows=100 width=0)
	        Index Cond: ((k >= 5330250) AND (k <= 5330350))

table 4 : explain SELECT k, c FROM sbtest4 WHERE k BETWEEN 5330250 AND 5330350
	Bitmap Heap Scan on sbtest4  (cost=5.57..445.02 rows=111 width=125)
	  Recheck Cond: ((k >= 5330250) AND (k <= 5330350))
	  ->  Bitmap Index Scan on k_4  (cost=0.00..5.54 rows=111 width=0)
	        Index Cond: ((k >= 5330250) AND (k <= 5330350))

table 5 : explain SELECT k, c FROM sbtest5 WHERE k BETWEEN 5330250 AND 5330350
	Bitmap Heap Scan on sbtest5  (cost=5.49..413.49 rows=103 width=125)
	  Recheck Cond: ((k >= 5330250) AND (k <= 5330350))
	  ->  Bitmap Index Scan on k_5  (cost=0.00..5.46 rows=103 width=0)
	        Index Cond: ((k >= 5330250) AND (k <= 5330350))

table 6 : explain SELECT k, c FROM sbtest6 WHERE k BETWEEN 5330250 AND 5330350
	Bitmap Heap Scan on sbtest6  (cost=5.46..401.63 rows=100 width=125)
	  Recheck Cond: ((k >= 5330250) AND (k <= 5330350))
	  ->  Bitmap Index Scan on k_6  (cost=0.00..5.43 rows=100 width=0)
	        Index Cond: ((k >= 5330250) AND (k <= 5330350))

table 7 : explain SELECT k, c FROM sbtest7 WHERE k BETWEEN 5330250 AND 5330350
	Bitmap Heap Scan on sbtest7  (cost=5.44..393.68 rows=98 width=125)
	  Recheck Cond: ((k >= 5330250) AND (k <= 5330350))
	  ->  Bitmap Index Scan on k_7  (cost=0.00..5.42 rows=98 width=0)
	        Index Cond: ((k >= 5330250) AND (k <= 5330350))

table 8 : explain SELECT k, c FROM sbtest8 WHERE k BETWEEN 5330250 AND 5330350
	Bitmap Heap Scan on sbtest8  (cost=5.48..409.54 rows=102 width=125)
	  Recheck Cond: ((k >= 5330250) AND (k <= 5330350))
	  ->  Bitmap Index Scan on k_8  (cost=0.00..5.45 rows=102 width=0)
	        Index Cond: ((k >= 5330250) AND (k <= 5330350))
explain: for range-notcovered :: explain SELECT k, c FROM sbtest%d WHERE k BETWEEN 7743810 AND 7743910for range-notcovered
table 1 : explain SELECT k, c FROM sbtest1 WHERE k BETWEEN 7179680 AND 7179780
	Bitmap Heap Scan on sbtest1  (cost=5.38..370.11 rows=92 width=125)
	  Recheck Cond: ((k >= 7179680) AND (k <= 7179780))
	  ->  Bitmap Index Scan on k_1  (cost=0.00..5.35 rows=92 width=0)
	        Index Cond: ((k >= 7179680) AND (k <= 7179780))

table 2 : explain SELECT k, c FROM sbtest2 WHERE k BETWEEN 7179680 AND 7179780
	Bitmap Heap Scan on sbtest2  (cost=5.48..409.53 rows=102 width=125)
	  Recheck Cond: ((k >= 7179680) AND (k <= 7179780))
	  ->  Bitmap Index Scan on k_2  (cost=0.00..5.45 rows=102 width=0)
	        Index Cond: ((k >= 7179680) AND (k <= 7179780))

table 3 : explain SELECT k, c FROM sbtest3 WHERE k BETWEEN 7179680 AND 7179780
	Bitmap Heap Scan on sbtest3  (cost=5.47..405.53 rows=101 width=125)
	  Recheck Cond: ((k >= 7179680) AND (k <= 7179780))
	  ->  Bitmap Index Scan on k_3  (cost=0.00..5.44 rows=101 width=0)
	        Index Cond: ((k >= 7179680) AND (k <= 7179780))

table 4 : explain SELECT k, c FROM sbtest4 WHERE k BETWEEN 7179680 AND 7179780
	Bitmap Heap Scan on sbtest4  (cost=5.53..429.25 rows=107 width=125)
	  Recheck Cond: ((k >= 7179680) AND (k <= 7179780))
	  ->  Bitmap Index Scan on k_4  (cost=0.00..5.50 rows=107 width=0)
	        Index Cond: ((k >= 7179680) AND (k <= 7179780))

table 5 : explain SELECT k, c FROM sbtest5 WHERE k BETWEEN 7179680 AND 7179780
	Bitmap Heap Scan on sbtest5  (cost=5.43..389.81 rows=97 width=125)
	  Recheck Cond: ((k >= 7179680) AND (k <= 7179780))
	  ->  Bitmap Index Scan on k_5  (cost=0.00..5.40 rows=97 width=0)
	        Index Cond: ((k >= 7179680) AND (k <= 7179780))

table 6 : explain SELECT k, c FROM sbtest6 WHERE k BETWEEN 7179680 AND 7179780
	Bitmap Heap Scan on sbtest6  (cost=5.45..397.69 rows=99 width=125)
	  Recheck Cond: ((k >= 7179680) AND (k <= 7179780))
	  ->  Bitmap Index Scan on k_6  (cost=0.00..5.42 rows=99 width=0)
	        Index Cond: ((k >= 7179680) AND (k <= 7179780))

table 7 : explain SELECT k, c FROM sbtest7 WHERE k BETWEEN 7179680 AND 7179780
	Bitmap Heap Scan on sbtest7  (cost=5.43..389.74 rows=97 width=125)
	  Recheck Cond: ((k >= 7179680) AND (k <= 7179780))
	  ->  Bitmap Index Scan on k_7  (cost=0.00..5.40 rows=97 width=0)
	        Index Cond: ((k >= 7179680) AND (k <= 7179780))

table 8 : explain SELECT k, c FROM sbtest8 WHERE k BETWEEN 7179680 AND 7179780
	Bitmap Heap Scan on sbtest8  (cost=5.50..417.43 rows=104 width=125)
	  Recheck Cond: ((k >= 7179680) AND (k <= 7179780))
	  ->  Bitmap Index Scan on k_8  (cost=0.00..5.47 rows=104 width=0)
	        Index Cond: ((k >= 7179680) AND (k <= 7179780))

explain: for range-notcovered :: explain SELECT k, c FROM sbtest%d WHERE k BETWEEN 6927879 AND 6927979
for range-notcovered
table 1 : explain SELECT k, c FROM sbtest1 WHERE k BETWEEN 2646947 AND 2647047
	Bitmap Heap Scan on sbtest1  (cost=5.61..460.84 rows=115 width=125)
	  Recheck Cond: ((k >= 2646947) AND (k <= 2647047))
	  ->  Bitmap Index Scan on k_1  (cost=0.00..5.58 rows=115 width=0)
	        Index Cond: ((k >= 2646947) AND (k <= 2647047))

table 2 : explain SELECT k, c FROM sbtest2 WHERE k BETWEEN 2646947 AND 2647047
	Bitmap Heap Scan on sbtest2  (cost=5.45..397.70 rows=99 width=125)
	  Recheck Cond: ((k >= 2646947) AND (k <= 2647047))
	  ->  Bitmap Index Scan on k_2  (cost=0.00..5.42 rows=99 width=0)
	        Index Cond: ((k >= 2646947) AND (k <= 2647047))

table 3 : explain SELECT k, c FROM sbtest3 WHERE k BETWEEN 2646947 AND 2647047
	Bitmap Heap Scan on sbtest3  (cost=5.43..389.75 rows=97 width=125)
	  Recheck Cond: ((k >= 2646947) AND (k <= 2647047))
	  ->  Bitmap Index Scan on k_3  (cost=0.00..5.40 rows=97 width=0)
	        Index Cond: ((k >= 2646947) AND (k <= 2647047))

table 4 : explain SELECT k, c FROM sbtest4 WHERE k BETWEEN 2646947 AND 2647047
	Bitmap Heap Scan on sbtest4  (cost=5.45..397.70 rows=99 width=125)
	  Recheck Cond: ((k >= 2646947) AND (k <= 2647047))
	  ->  Bitmap Index Scan on k_4  (cost=0.00..5.42 rows=99 width=0)
	        Index Cond: ((k >= 2646947) AND (k <= 2647047))

table 5 : explain SELECT k, c FROM sbtest5 WHERE k BETWEEN 2646947 AND 2647047
	Bitmap Heap Scan on sbtest5  (cost=5.38..370.07 rows=92 width=125)
	  Recheck Cond: ((k >= 2646947) AND (k <= 2647047))
	  ->  Bitmap Index Scan on k_5  (cost=0.00..5.35 rows=92 width=0)
	        Index Cond: ((k >= 2646947) AND (k <= 2647047))

table 6 : explain SELECT k, c FROM sbtest6 WHERE k BETWEEN 2646947 AND 2647047
	Bitmap Heap Scan on sbtest6  (cost=5.46..401.63 rows=100 width=125)
	  Recheck Cond: ((k >= 2646947) AND (k <= 2647047))
	  ->  Bitmap Index Scan on k_6  (cost=0.00..5.43 rows=100 width=0)
	        Index Cond: ((k >= 2646947) AND (k <= 2647047))

table 7 : explain SELECT k, c FROM sbtest7 WHERE k BETWEEN 2646947 AND 2647047
	Bitmap Heap Scan on sbtest7  (cost=5.49..413.41 rows=103 width=125)
	  Recheck Cond: ((k >= 2646947) AND (k <= 2647047))
	  ->  Bitmap Index Scan on k_7  (cost=0.00..5.46 rows=103 width=0)
	        Index Cond: ((k >= 2646947) AND (k <= 2647047))

table 8 : explain SELECT k, c FROM sbtest8 WHERE k BETWEEN 2646947 AND 2647047
	Bitmap Heap Scan on sbtest8  (cost=5.47..405.60 rows=101 width=125)
	  Recheck Cond: ((k >= 2646947) AND (k <= 2647047))
	  ->  Bitmap Index Scan on k_8  (cost=0.00..5.44 rows=101 width=0)
	        Index Cond: ((k >= 2646947) AND (k <= 2647047))

explain: for range-notcovered :: explain SELECT k, c FROM sbtest%d WHERE k BETWEEN 8712676 AND 8712776
explain: for range-notcovered :: explain SELECT k, c FROM sbtest%d WHERE k BETWEEN 5443553 AND 5443653
explain: for range-notcovered :: explain SELECT k, c FROM sbtest%d WHERE k BETWEEN 2158070 AND 2158170
for range-notcovered
table 1 : explain SELECT k, c FROM sbtest1 WHERE k BETWEEN 7378895 AND 7378995
	Bitmap Heap Scan on sbtest1  (cost=5.42..385.90 rows=96 width=125)
	  Recheck Cond: ((k >= 7378895) AND (k <= 7378995))
	  ->  Bitmap Index Scan on k_1  (cost=0.00..5.39 rows=96 width=0)
	        Index Cond: ((k >= 7378895) AND (k <= 7378995))

table 2 : explain SELECT k, c FROM sbtest2 WHERE k BETWEEN 7378895 AND 7378995
	Bitmap Heap Scan on sbtest2  (cost=5.43..389.80 rows=97 width=125)
	  Recheck Cond: ((k >= 7378895) AND (k <= 7378995))
	  ->  Bitmap Index Scan on k_2  (cost=0.00..5.40 rows=97 width=0)
	        Index Cond: ((k >= 7378895) AND (k <= 7378995))

table 3 : explain SELECT k, c FROM sbtest3 WHERE k BETWEEN 7378895 AND 7378995
	Bitmap Heap Scan on sbtest3  (cost=5.43..389.75 rows=97 width=125)
	  Recheck Cond: ((k >= 7378895) AND (k <= 7378995))
	  ->  Bitmap Index Scan on k_3  (cost=0.00..5.40 rows=97 width=0)
	        Index Cond: ((k >= 7378895) AND (k <= 7378995))

table 4 : explain SELECT k, c FROM sbtest4 WHERE k BETWEEN 7378895 AND 7378995
	Bitmap Heap Scan on sbtest4  (cost=5.40..377.96 rows=94 width=125)
	  Recheck Cond: ((k >= 7378895) AND (k <= 7378995))
	  ->  Bitmap Index Scan on k_4  (cost=0.00..5.38 rows=94 width=0)
	        Index Cond: ((k >= 7378895) AND (k <= 7378995))

table 5 : explain SELECT k, c FROM sbtest5 WHERE k BETWEEN 7378895 AND 7378995
	Bitmap Heap Scan on sbtest5  (cost=5.46..401.65 rows=100 width=125)
	  Recheck Cond: ((k >= 7378895) AND (k <= 7378995))
	  ->  Bitmap Index Scan on k_5  (cost=0.00..5.43 rows=100 width=0)
	        Index Cond: ((k >= 7378895) AND (k <= 7378995))

table 6 : explain SELECT k, c FROM sbtest6 WHERE k BETWEEN 7378895 AND 7378995
	Bitmap Heap Scan on sbtest6  (cost=5.52..425.30 rows=106 width=125)
	  Recheck Cond: ((k >= 7378895) AND (k <= 7378995))
	  ->  Bitmap Index Scan on k_6  (cost=0.00..5.50 rows=106 width=0)
	        Index Cond: ((k >= 7378895) AND (k <= 7378995))

table 7 : explain SELECT k, c FROM sbtest7 WHERE k BETWEEN 7378895 AND 7378995
	Bitmap Heap Scan on sbtest7  (cost=5.48..409.46 rows=102 width=125)
	  Recheck Cond: ((k >= 7378895) AND (k <= 7378995))
	  ->  Bitmap Index Scan on k_7  (cost=0.00..5.45 rows=102 width=0)
	        Index Cond: ((k >= 7378895) AND (k <= 7378995))

table 8 : explain SELECT k, c FROM sbtest8 WHERE k BETWEEN 7378895 AND 7378995
	Bitmap Heap Scan on sbtest8  (cost=5.43..389.81 rows=97 width=125)
	  Recheck Cond: ((k >= 7378895) AND (k <= 7378995))
	  ->  Bitmap Index Scan on k_8  (cost=0.00..5.40 rows=97 width=0)
	        Index Cond: ((k >= 7378895) AND (k <= 7378995))

for range-notcovered
table 1 : explain SELECT k, c FROM sbtest1 WHERE k BETWEEN 3507413 AND 3507513
	Bitmap Heap Scan on sbtest1  (cost=5.39..374.06 rows=93 width=125)
	  Recheck Cond: ((k >= 3507413) AND (k <= 3507513))
	  ->  Bitmap Index Scan on k_1  (cost=0.00..5.36 rows=93 width=0)
	        Index Cond: ((k >= 3507413) AND (k <= 3507513))

table 2 : explain SELECT k, c FROM sbtest2 WHERE k BETWEEN 3507413 AND 3507513
	Bitmap Heap Scan on sbtest2  (cost=5.48..409.53 rows=102 width=125)
	  Recheck Cond: ((k >= 3507413) AND (k <= 3507513))
	  ->  Bitmap Index Scan on k_2  (cost=0.00..5.45 rows=102 width=0)
	        Index Cond: ((k >= 3507413) AND (k <= 3507513))

table 3 : explain SELECT k, c FROM sbtest3 WHERE k BETWEEN 3507413 AND 3507513
	Bitmap Heap Scan on sbtest3  (cost=5.46..401.59 rows=100 width=125)
	  Recheck Cond: ((k >= 3507413) AND (k <= 3507513))
	  ->  Bitmap Index Scan on k_3  (cost=0.00..5.43 rows=100 width=0)
	        Index Cond: ((k >= 3507413) AND (k <= 3507513))

table 4 : explain SELECT k, c FROM sbtest4 WHERE k BETWEEN 3507413 AND 3507513
	Bitmap Heap Scan on sbtest4  (cost=5.46..401.64 rows=100 width=125)
	  Recheck Cond: ((k >= 3507413) AND (k <= 3507513))
	  ->  Bitmap Index Scan on k_4  (cost=0.00..5.43 rows=100 width=0)
	        Index Cond: ((k >= 3507413) AND (k <= 3507513))

table 5 : explain SELECT k, c FROM sbtest5 WHERE k BETWEEN 3507413 AND 3507513
	Bitmap Heap Scan on sbtest5  (cost=5.52..425.32 rows=106 width=125)
	  Recheck Cond: ((k >= 3507413) AND (k <= 3507513))
	  ->  Bitmap Index Scan on k_5  (cost=0.00..5.50 rows=106 width=0)
	        Index Cond: ((k >= 3507413) AND (k <= 3507513))

table 6 : explain SELECT k, c FROM sbtest6 WHERE k BETWEEN 3507413 AND 3507513
	Bitmap Heap Scan on sbtest6  (cost=5.55..437.13 rows=109 width=125)
	  Recheck Cond: ((k >= 3507413) AND (k <= 3507513))
	  ->  Bitmap Index Scan on k_6  (cost=0.00..5.52 rows=109 width=0)
	        Index Cond: ((k >= 3507413) AND (k <= 3507513))

table 7 : explain SELECT k, c FROM sbtest7 WHERE k BETWEEN 3507413 AND 3507513
	Bitmap Heap Scan on sbtest7  (cost=5.46..401.57 rows=100 width=125)
	  Recheck Cond: ((k >= 3507413) AND (k <= 3507513))
	  ->  Bitmap Index Scan on k_7  (cost=0.00..5.43 rows=100 width=0)
	        Index Cond: ((k >= 3507413) AND (k <= 3507513))

table 8 : explain SELECT k, c FROM sbtest8 WHERE k BETWEEN 3507413 AND 3507513
	Bitmap Heap Scan on sbtest8  (cost=5.53..429.26 rows=107 width=125)
	  Recheck Cond: ((k >= 3507413) AND (k <= 3507513))
	  ->  Bitmap Index Scan on k_8  (cost=0.00..5.50 rows=107 width=0)
	        Index Cond: ((k >= 3507413) AND (k <= 3507513))

for range-notcovered
table 1 : explain SELECT k, c FROM sbtest1 WHERE k BETWEEN 6491710 AND 6491810
	Bitmap Heap Scan on sbtest1  (cost=5.42..385.90 rows=96 width=125)
	  Recheck Cond: ((k >= 6491710) AND (k <= 6491810))
	  ->  Bitmap Index Scan on k_1  (cost=0.00..5.39 rows=96 width=0)
	        Index Cond: ((k >= 6491710) AND (k <= 6491810))

table 2 : explain SELECT k, c FROM sbtest2 WHERE k BETWEEN 6491710 AND 6491810
	Bitmap Heap Scan on sbtest2  (cost=5.58..448.96 rows=112 width=125)
	  Recheck Cond: ((k >= 6491710) AND (k <= 6491810))
	  ->  Bitmap Index Scan on k_2  (cost=0.00..5.55 rows=112 width=0)
	        Index Cond: ((k >= 6491710) AND (k <= 6491810))

table 3 : explain SELECT k, c FROM sbtest3 WHERE k BETWEEN 6491710 AND 6491810
	Bitmap Heap Scan on sbtest3  (cost=5.47..405.53 rows=101 width=125)
	  Recheck Cond: ((k >= 6491710) AND (k <= 6491810))
	  ->  Bitmap Index Scan on k_3  (cost=0.00..5.44 rows=101 width=0)
	        Index Cond: ((k >= 6491710) AND (k <= 6491810))

table 4 : explain SELECT k, c FROM sbtest4 WHERE k BETWEEN 6491710 AND 6491810
	Bitmap Heap Scan on sbtest4  (cost=5.46..401.64 rows=100 width=125)
	  Recheck Cond: ((k >= 6491710) AND (k <= 6491810))
	  ->  Bitmap Index Scan on k_4  (cost=0.00..5.43 rows=100 width=0)
	        Index Cond: ((k >= 6491710) AND (k <= 6491810))

table 5 : explain SELECT k, c FROM sbtest5 WHERE k BETWEEN 6491710 AND 6491810
	Bitmap Heap Scan on sbtest5  (cost=5.39..374.02 rows=93 width=125)
	  Recheck Cond: ((k >= 6491710) AND (k <= 6491810))
	  ->  Bitmap Index Scan on k_5  (cost=0.00..5.36 rows=93 width=0)
	        Index Cond: ((k >= 6491710) AND (k <= 6491810))

table 6 : explain SELECT k, c FROM sbtest6 WHERE k BETWEEN 6491710 AND 6491810
	Bitmap Heap Scan on sbtest6  (cost=5.43..389.80 rows=97 width=125)
	  Recheck Cond: ((k >= 6491710) AND (k <= 6491810))
	  ->  Bitmap Index Scan on k_6  (cost=0.00..5.40 rows=97 width=0)
	        Index Cond: ((k >= 6491710) AND (k <= 6491810))

table 7 : explain SELECT k, c FROM sbtest7 WHERE k BETWEEN 6491710 AND 6491810
	Bitmap Heap Scan on sbtest7  (cost=5.48..409.46 rows=102 width=125)
	  Recheck Cond: ((k >= 6491710) AND (k <= 6491810))
	  ->  Bitmap Index Scan on k_7  (cost=0.00..5.45 rows=102 width=0)
	        Index Cond: ((k >= 6491710) AND (k <= 6491810))

table 8 : explain SELECT k, c FROM sbtest8 WHERE k BETWEEN 6491710 AND 6491810
	Bitmap Heap Scan on sbtest8  (cost=5.50..417.43 rows=104 width=125)
	  Recheck Cond: ((k >= 6491710) AND (k <= 6491810))
	  ->  Bitmap Index Scan on k_8  (cost=0.00..5.47 rows=104 width=0)
	        Index Cond: ((k >= 6491710) AND (k <= 6491810))

explain: for range-notcovered :: explain SELECT k, c FROM sbtest%d WHERE k BETWEEN 6568066 AND 6568166for range-notcovered
table 1 : explain SELECT k, c FROM sbtest1 WHERE k BETWEEN 8262231 AND 8262331
	Bitmap Heap Scan on sbtest1  (cost=5.50..417.47 rows=104 width=125)
	  Recheck Cond: ((k >= 8262231) AND (k <= 8262331))
	  ->  Bitmap Index Scan on k_1  (cost=0.00..5.47 rows=104 width=0)
	        Index Cond: ((k >= 8262231) AND (k <= 8262331))

table 2 : explain SELECT k, c FROM sbtest2 WHERE k BETWEEN 8262231 AND 8262331
	Bitmap Heap Scan on sbtest2  (cost=5.42..385.86 rows=96 width=125)
	  Recheck Cond: ((k >= 8262231) AND (k <= 8262331))
	  ->  Bitmap Index Scan on k_2  (cost=0.00..5.39 rows=96 width=0)
	        Index Cond: ((k >= 8262231) AND (k <= 8262331))

table 3 : explain SELECT k, c FROM sbtest3 WHERE k BETWEEN 8262231 AND 8262331
	Bitmap Heap Scan on sbtest3  (cost=5.51..421.31 rows=105 width=125)
	  Recheck Cond: ((k >= 8262231) AND (k <= 8262331))
	  ->  Bitmap Index Scan on k_3  (cost=0.00..5.48 rows=105 width=0)
	        Index Cond: ((k >= 8262231) AND (k <= 8262331))

table 4 : explain SELECT k, c FROM sbtest4 WHERE k BETWEEN 8262231 AND 8262331
	Bitmap Heap Scan on sbtest4  (cost=5.49..413.48 rows=103 width=125)
	  Recheck Cond: ((k >= 8262231) AND (k <= 8262331))
	  ->  Bitmap Index Scan on k_4  (cost=0.00..5.46 rows=103 width=0)
	        Index Cond: ((k >= 8262231) AND (k <= 8262331))

table 5 : explain SELECT k, c FROM sbtest5 WHERE k BETWEEN 8262231 AND 8262331
	Bitmap Heap Scan on sbtest5  (cost=5.53..429.26 rows=107 width=125)
	  Recheck Cond: ((k >= 8262231) AND (k <= 8262331))
	  ->  Bitmap Index Scan on k_5  (cost=0.00..5.50 rows=107 width=0)
	        Index Cond: ((k >= 8262231) AND (k <= 8262331))

table 6 : explain SELECT k, c FROM sbtest6 WHERE k BETWEEN 8262231 AND 8262331
	Bitmap Heap Scan on sbtest6  (cost=5.49..413.47 rows=103 width=125)
	  Recheck Cond: ((k >= 8262231) AND (k <= 8262331))
	  ->  Bitmap Index Scan on k_6  (cost=0.00..5.46 rows=103 width=0)
	        Index Cond: ((k >= 8262231) AND (k <= 8262331))

table 7 : explain SELECT k, c FROM sbtest7 WHERE k BETWEEN 8262231 AND 8262331
	Bitmap Heap Scan on sbtest7  (cost=5.47..405.52 rows=101 width=125)
	  Recheck Cond: ((k >= 8262231) AND (k <= 8262331))
	  ->  Bitmap Index Scan on k_7  (cost=0.00..5.44 rows=101 width=0)
	        Index Cond: ((k >= 8262231) AND (k <= 8262331))

table 8 : explain SELECT k, c FROM sbtest8 WHERE k BETWEEN 8262231 AND 8262331
	Bitmap Heap Scan on sbtest8  (cost=5.46..401.65 rows=100 width=125)
	  Recheck Cond: ((k >= 8262231) AND (k <= 8262331))
	  ->  Bitmap Index Scan on k_8  (cost=0.00..5.43 rows=100 width=0)
	        Index Cond: ((k >= 8262231) AND (k <= 8262331))


for range-notcovered
table 1 : explain SELECT k, c FROM sbtest1 WHERE k BETWEEN 5006439 AND 5006539
	Bitmap Heap Scan on sbtest1  (cost=5.55..437.19 rows=109 width=125)
	  Recheck Cond: ((k >= 5006439) AND (k <= 5006539))
	  ->  Bitmap Index Scan on k_1  (cost=0.00..5.52 rows=109 width=0)
	        Index Cond: ((k >= 5006439) AND (k <= 5006539))

table 2 : explain SELECT k, c FROM sbtest2 WHERE k BETWEEN 5006439 AND 5006539
	Bitmap Heap Scan on sbtest2  (cost=5.57..445.02 rows=111 width=125)
	  Recheck Cond: ((k >= 5006439) AND (k <= 5006539))
	  ->  Bitmap Index Scan on k_2  (cost=0.00..5.54 rows=111 width=0)
	        Index Cond: ((k >= 5006439) AND (k <= 5006539))

table 3 : explain SELECT k, c FROM sbtest3 WHERE k BETWEEN 5006439 AND 5006539
	Bitmap Heap Scan on sbtest3  (cost=5.46..401.59 rows=100 width=125)
	  Recheck Cond: ((k >= 5006439) AND (k <= 5006539))
	  ->  Bitmap Index Scan on k_3  (cost=0.00..5.43 rows=100 width=0)
	        Index Cond: ((k >= 5006439) AND (k <= 5006539))

table 4 : explain SELECT k, c FROM sbtest4 WHERE k BETWEEN 5006439 AND 5006539
	Bitmap Heap Scan on sbtest4  (cost=5.47..405.59 rows=101 width=125)
	  Recheck Cond: ((k >= 5006439) AND (k <= 5006539))
	  ->  Bitmap Index Scan on k_4  (cost=0.00..5.44 rows=101 width=0)
	        Index Cond: ((k >= 5006439) AND (k <= 5006539))

table 5 : explain SELECT k, c FROM sbtest5 WHERE k BETWEEN 5006439 AND 5006539
	Bitmap Heap Scan on sbtest5  (cost=5.45..397.70 rows=99 width=125)
	  Recheck Cond: ((k >= 5006439) AND (k <= 5006539))
	  ->  Bitmap Index Scan on k_5  (cost=0.00..5.42 rows=99 width=0)
	        Index Cond: ((k >= 5006439) AND (k <= 5006539))

table 6 : explain SELECT k, c FROM sbtest6 WHERE k BETWEEN 5006439 AND 5006539
	Bitmap Heap Scan on sbtest6  (cost=5.50..417.41 rows=104 width=125)
	  Recheck Cond: ((k >= 5006439) AND (k <= 5006539))
	  ->  Bitmap Index Scan on k_6  (cost=0.00..5.47 rows=104 width=0)
	        Index Cond: ((k >= 5006439) AND (k <= 5006539))

table 7 : explain SELECT k, c FROM sbtest7 WHERE k BETWEEN 5006439 AND 5006539
	Bitmap Heap Scan on sbtest7  (cost=5.42..385.79 rows=96 width=125)
	  Recheck Cond: ((k >= 5006439) AND (k <= 5006539))
	  ->  Bitmap Index Scan on k_7  (cost=0.00..5.39 rows=96 width=0)
	        Index Cond: ((k >= 5006439) AND (k <= 5006539))

table 8 : explain SELECT k, c FROM sbtest8 WHERE k BETWEEN 5006439 AND 5006539
	Bitmap Heap Scan on sbtest8  (cost=5.39..374.02 rows=93 width=125)
	  Recheck Cond: ((k >= 5006439) AND (k <= 5006539))
	  ->  Bitmap Index Scan on k_8  (cost=0.00..5.36 rows=93 width=0)
	        Index Cond: ((k >= 5006439) AND (k <= 5006539))

explain: for range-notcovered :: explain SELECT k, c FROM sbtest%d WHERE k BETWEEN 3507413 AND 3507513for range-notcovered
table 1 : explain SELECT k, c FROM sbtest1 WHERE k BETWEEN 8376998 AND 8377098
	Bitmap Heap Scan on sbtest1  (cost=5.51..421.42 rows=105 width=125)
	  Recheck Cond: ((k >= 8376998) AND (k <= 8377098))
	  ->  Bitmap Index Scan on k_1  (cost=0.00..5.48 rows=105 width=0)
	        Index Cond: ((k >= 8376998) AND (k <= 8377098))

table 2 : explain SELECT k, c FROM sbtest2 WHERE k BETWEEN 8376998 AND 8377098
	Bitmap Heap Scan on sbtest2  (cost=5.53..429.25 rows=107 width=125)
	  Recheck Cond: ((k >= 8376998) AND (k <= 8377098))
	  ->  Bitmap Index Scan on k_2  (cost=0.00..5.50 rows=107 width=0)
	        Index Cond: ((k >= 8376998) AND (k <= 8377098))

table 3 : explain SELECT k, c FROM sbtest3 WHERE k BETWEEN 8376998 AND 8377098
	Bitmap Heap Scan on sbtest3  (cost=5.41..381.86 rows=95 width=125)
	  Recheck Cond: ((k >= 8376998) AND (k <= 8377098))
	  ->  Bitmap Index Scan on k_3  (cost=0.00..5.38 rows=95 width=0)
	        Index Cond: ((k >= 8376998) AND (k <= 8377098))

table 4 : explain SELECT k, c FROM sbtest4 WHERE k BETWEEN 8376998 AND 8377098
	Bitmap Heap Scan on sbtest4  (cost=5.51..421.36 rows=105 width=125)
	  Recheck Cond: ((k >= 8376998) AND (k <= 8377098))
	  ->  Bitmap Index Scan on k_4  (cost=0.00..5.48 rows=105 width=0)
	        Index Cond: ((k >= 8376998) AND (k <= 8377098))

table 5 : explain SELECT k, c FROM sbtest5 WHERE k BETWEEN 8376998 AND 8377098
	Bitmap Heap Scan on sbtest5  (cost=5.42..385.86 rows=96 width=125)
	  Recheck Cond: ((k >= 8376998) AND (k <= 8377098))
	  ->  Bitmap Index Scan on k_5  (cost=0.00..5.39 rows=96 width=0)
	        Index Cond: ((k >= 8376998) AND (k <= 8377098))

table 6 : explain SELECT k, c FROM sbtest6 WHERE k BETWEEN 8376998 AND 8377098
	Bitmap Heap Scan on sbtest6  (cost=5.50..417.41 rows=104 width=125)
	  Recheck Cond: ((k >= 8376998) AND (k <= 8377098))
	  ->  Bitmap Index Scan on k_6  (cost=0.00..5.47 rows=104 width=0)
	        Index Cond: ((k >= 8376998) AND (k <= 8377098))

table 7 : explain SELECT k, c FROM sbtest7 WHERE k BETWEEN 8376998 AND 8377098
	Bitmap Heap Scan on sbtest7  (cost=5.47..405.52 rows=101 width=125)
	  Recheck Cond: ((k >= 8376998) AND (k <= 8377098))
	  ->  Bitmap Index Scan on k_7  (cost=0.00..5.44 rows=101 width=0)
	        Index Cond: ((k >= 8376998) AND (k <= 8377098))

table 8 : explain SELECT k, c FROM sbtest8 WHERE k BETWEEN 8376998 AND 8377098
	Bitmap Heap Scan on sbtest8  (cost=5.47..405.60 rows=101 width=125)
	  Recheck Cond: ((k >= 8376998) AND (k <= 8377098))
	  ->  Bitmap Index Scan on k_8  (cost=0.00..5.44 rows=101 width=0)
	        Index Cond: ((k >= 8376998) AND (k <= 8377098))

explain: for range-notcovered :: explain SELECT k, c FROM sbtest%d WHERE k BETWEEN 7372991 AND 7373091explain: for range-notcovered :: explain SELECT k, c FROM sbtest%d WHERE k BETWEEN 8262231 AND 8262331
explain: for range-notcovered :: explain SELECT k, c FROM sbtest%d WHERE k BETWEEN 2646947 AND 2647047
for range-notcovered
table 1 : explain SELECT k, c FROM sbtest1 WHERE k BETWEEN 8510416 AND 8510516
	Bitmap Heap Scan on sbtest1  (cost=5.49..413.53 rows=103 width=125)
	  Recheck Cond: ((k >= 8510416) AND (k <= 8510516))
	  ->  Bitmap Index Scan on k_1  (cost=0.00..5.46 rows=103 width=0)
	        Index Cond: ((k >= 8510416) AND (k <= 8510516))

table 2 : explain SELECT k, c FROM sbtest2 WHERE k BETWEEN 8510416 AND 8510516
	Bitmap Heap Scan on sbtest2  (cost=5.49..413.48 rows=103 width=125)
	  Recheck Cond: ((k >= 8510416) AND (k <= 8510516))
	  ->  Bitmap Index Scan on k_2  (cost=0.00..5.46 rows=103 width=0)
	        Index Cond: ((k >= 8510416) AND (k <= 8510516))

table 3 : explain SELECT k, c FROM sbtest3 WHERE k BETWEEN 8510416 AND 8510516
	Bitmap Heap Scan on sbtest3  (cost=5.40..377.91 rows=94 width=125)
	  Recheck Cond: ((k >= 8510416) AND (k <= 8510516))
	  ->  Bitmap Index Scan on k_3  (cost=0.00..5.38 rows=94 width=0)
	        Index Cond: ((k >= 8510416) AND (k <= 8510516))

table 4 : explain SELECT k, c FROM sbtest4 WHERE k BETWEEN 8510416 AND 8510516
	Bitmap Heap Scan on sbtest4  (cost=5.55..437.13 rows=109 width=125)
	  Recheck Cond: ((k >= 8510416) AND (k <= 8510516))
	  ->  Bitmap Index Scan on k_4  (cost=0.00..5.52 rows=109 width=0)
	        Index Cond: ((k >= 8510416) AND (k <= 8510516))

table 5 : explain SELECT k, c FROM sbtest5 WHERE k BETWEEN 8510416 AND 8510516
	Bitmap Heap Scan on sbtest5  (cost=5.53..429.26 rows=107 width=125)
	  Recheck Cond: ((k >= 8510416) AND (k <= 8510516))
	  ->  Bitmap Index Scan on k_5  (cost=0.00..5.50 rows=107 width=0)
	        Index Cond: ((k >= 8510416) AND (k <= 8510516))

table 6 : explain SELECT k, c FROM sbtest6 WHERE k BETWEEN 8510416 AND 8510516
	Bitmap Heap Scan on sbtest6  (cost=5.45..397.69 rows=99 width=125)
	  Recheck Cond: ((k >= 8510416) AND (k <= 8510516))
	  ->  Bitmap Index Scan on k_6  (cost=0.00..5.42 rows=99 width=0)
	        Index Cond: ((k >= 8510416) AND (k <= 8510516))

table 7 : explain SELECT k, c FROM sbtest7 WHERE k BETWEEN 8510416 AND 8510516
	Bitmap Heap Scan on sbtest7  (cost=5.46..401.57 rows=100 width=125)
	  Recheck Cond: ((k >= 8510416) AND (k <= 8510516))
	  ->  Bitmap Index Scan on k_7  (cost=0.00..5.43 rows=100 width=0)
	        Index Cond: ((k >= 8510416) AND (k <= 8510516))

table 8 : explain SELECT k, c FROM sbtest8 WHERE k BETWEEN 8510416 AND 8510516
	Bitmap Heap Scan on sbtest8  (cost=5.47..405.60 rows=101 width=125)
	  Recheck Cond: ((k >= 8510416) AND (k <= 8510516))
	  ->  Bitmap Index Scan on k_8  (cost=0.00..5.44 rows=101 width=0)
	        Index Cond: ((k >= 8510416) AND (k <= 8510516))

explain: for range-notcovered :: explain SELECT k, c FROM sbtest%d WHERE k BETWEEN 7378895 AND 7378995
for range-notcovered
table 1 : explain SELECT k, c FROM sbtest1 WHERE k BETWEEN 4981137 AND 4981237
	Bitmap Heap Scan on sbtest1  (cost=5.43..389.85 rows=97 width=125)
	  Recheck Cond: ((k >= 4981137) AND (k <= 4981237))
	  ->  Bitmap Index Scan on k_1  (cost=0.00..5.40 rows=97 width=0)
	        Index Cond: ((k >= 4981137) AND (k <= 4981237))

table 2 : explain SELECT k, c FROM sbtest2 WHERE k BETWEEN 4981137 AND 4981237
	Bitmap Heap Scan on sbtest2  (cost=5.57..445.02 rows=111 width=125)
	  Recheck Cond: ((k >= 4981137) AND (k <= 4981237))
	  ->  Bitmap Index Scan on k_2  (cost=0.00..5.54 rows=111 width=0)
	        Index Cond: ((k >= 4981137) AND (k <= 4981237))

table 3 : explain SELECT k, c FROM sbtest3 WHERE k BETWEEN 4981137 AND 4981237
	Bitmap Heap Scan on sbtest3  (cost=5.46..401.59 rows=100 width=125)
	  Recheck Cond: ((k >= 4981137) AND (k <= 4981237))
	  ->  Bitmap Index Scan on k_3  (cost=0.00..5.43 rows=100 width=0)
	        Index Cond: ((k >= 4981137) AND (k <= 4981237))

table 4 : explain SELECT k, c FROM sbtest4 WHERE k BETWEEN 4981137 AND 4981237
	Bitmap Heap Scan on sbtest4  (cost=5.48..409.53 rows=102 width=125)
	  Recheck Cond: ((k >= 4981137) AND (k <= 4981237))
	  ->  Bitmap Index Scan on k_4  (cost=0.00..5.45 rows=102 width=0)
	        Index Cond: ((k >= 4981137) AND (k <= 4981237))

table 5 : explain SELECT k, c FROM sbtest5 WHERE k BETWEEN 4981137 AND 4981237
	Bitmap Heap Scan on sbtest5  (cost=5.45..397.70 rows=99 width=125)
	  Recheck Cond: ((k >= 4981137) AND (k <= 4981237))
	  ->  Bitmap Index Scan on k_5  (cost=0.00..5.42 rows=99 width=0)
	        Index Cond: ((k >= 4981137) AND (k <= 4981237))

table 6 : explain SELECT k, c FROM sbtest6 WHERE k BETWEEN 4981137 AND 4981237
	Bitmap Heap Scan on sbtest6  (cost=5.49..413.47 rows=103 width=125)
	  Recheck Cond: ((k >= 4981137) AND (k <= 4981237))
	  ->  Bitmap Index Scan on k_6  (cost=0.00..5.46 rows=103 width=0)
	        Index Cond: ((k >= 4981137) AND (k <= 4981237))

table 7 : explain SELECT k, c FROM sbtest7 WHERE k BETWEEN 4981137 AND 4981237
	Bitmap Heap Scan on sbtest7  (cost=5.42..385.79 rows=96 width=125)
	  Recheck Cond: ((k >= 4981137) AND (k <= 4981237))
	  ->  Bitmap Index Scan on k_7  (cost=0.00..5.39 rows=96 width=0)
	        Index Cond: ((k >= 4981137) AND (k <= 4981237))

table 8 : explain SELECT k, c FROM sbtest8 WHERE k BETWEEN 4981137 AND 4981237
	Bitmap Heap Scan on sbtest8  (cost=5.39..374.02 rows=93 width=125)
	  Recheck Cond: ((k >= 4981137) AND (k <= 4981237))
	  ->  Bitmap Index Scan on k_8  (cost=0.00..5.36 rows=93 width=0)
	        Index Cond: ((k >= 4981137) AND (k <= 4981237))

for range-notcovered
table 1 : explain SELECT k, c FROM sbtest1 WHERE k BETWEEN 7813504 AND 7813604
	Bitmap Heap Scan on sbtest1  (cost=5.51..421.42 rows=105 width=125)
	  Recheck Cond: ((k >= 7813504) AND (k <= 7813604))
	  ->  Bitmap Index Scan on k_1  (cost=0.00..5.48 rows=105 width=0)
	        Index Cond: ((k >= 7813504) AND (k <= 7813604))

table 2 : explain SELECT k, c FROM sbtest2 WHERE k BETWEEN 7813504 AND 7813604
	Bitmap Heap Scan on sbtest2  (cost=5.47..405.59 rows=101 width=125)
	  Recheck Cond: ((k >= 7813504) AND (k <= 7813604))
	  ->  Bitmap Index Scan on k_2  (cost=0.00..5.44 rows=101 width=0)
	        Index Cond: ((k >= 7813504) AND (k <= 7813604))

table 3 : explain SELECT k, c FROM sbtest3 WHERE k BETWEEN 7813504 AND 7813604
	Bitmap Heap Scan on sbtest3  (cost=5.44..393.70 rows=98 width=125)
	  Recheck Cond: ((k >= 7813504) AND (k <= 7813604))
	  ->  Bitmap Index Scan on k_3  (cost=0.00..5.42 rows=98 width=0)
	        Index Cond: ((k >= 7813504) AND (k <= 7813604))

table 4 : explain SELECT k, c FROM sbtest4 WHERE k BETWEEN 7813504 AND 7813604
	Bitmap Heap Scan on sbtest4  (cost=5.46..401.64 rows=100 width=125)
	  Recheck Cond: ((k >= 7813504) AND (k <= 7813604))
	  ->  Bitmap Index Scan on k_4  (cost=0.00..5.43 rows=100 width=0)
	        Index Cond: ((k >= 7813504) AND (k <= 7813604))

table 5 : explain SELECT k, c FROM sbtest5 WHERE k BETWEEN 7813504 AND 7813604
	Bitmap Heap Scan on sbtest5  (cost=5.48..409.54 rows=102 width=125)
	  Recheck Cond: ((k >= 7813504) AND (k <= 7813604))
	  ->  Bitmap Index Scan on k_5  (cost=0.00..5.45 rows=102 width=0)
	        Index Cond: ((k >= 7813504) AND (k <= 7813604))

table 6 : explain SELECT k, c FROM sbtest6 WHERE k BETWEEN 7813504 AND 7813604
	Bitmap Heap Scan on sbtest6  (cost=5.44..393.74 rows=98 width=125)
	  Recheck Cond: ((k >= 7813504) AND (k <= 7813604))
	  ->  Bitmap Index Scan on k_6  (cost=0.00..5.42 rows=98 width=0)
	        Index Cond: ((k >= 7813504) AND (k <= 7813604))

table 7 : explain SELECT k, c FROM sbtest7 WHERE k BETWEEN 7813504 AND 7813604
	Bitmap Heap Scan on sbtest7  (cost=5.38..370.00 rows=92 width=125)
	  Recheck Cond: ((k >= 7813504) AND (k <= 7813604))
	  ->  Bitmap Index Scan on k_7  (cost=0.00..5.35 rows=92 width=0)
	        Index Cond: ((k >= 7813504) AND (k <= 7813604))

table 8 : explain SELECT k, c FROM sbtest8 WHERE k BETWEEN 7813504 AND 7813604
	Bitmap Heap Scan on sbtest8  (cost=5.48..409.54 rows=102 width=125)
	  Recheck Cond: ((k >= 7813504) AND (k <= 7813604))
	  ->  Bitmap Index Scan on k_8  (cost=0.00..5.45 rows=102 width=0)
	        Index Cond: ((k >= 7813504) AND (k <= 7813604))

explain: for range-notcovered :: explain SELECT k, c FROM sbtest%d WHERE k BETWEEN 4873456 AND 4873556

for range-notcovered
table 1 : explain SELECT k, c FROM sbtest1 WHERE k BETWEEN 6148959 AND 6149059
	Bitmap Heap Scan on sbtest1  (cost=5.49..413.53 rows=103 width=125)
	  Recheck Cond: ((k >= 6148959) AND (k <= 6149059))
	  ->  Bitmap Index Scan on k_1  (cost=0.00..5.46 rows=103 width=0)
	        Index Cond: ((k >= 6148959) AND (k <= 6149059))

table 2 : explain SELECT k, c FROM sbtest2 WHERE k BETWEEN 6148959 AND 6149059
	Bitmap Heap Scan on sbtest2  (cost=5.41..381.91 rows=95 width=125)
	  Recheck Cond: ((k >= 6148959) AND (k <= 6149059))
	  ->  Bitmap Index Scan on k_2  (cost=0.00..5.38 rows=95 width=0)
	        Index Cond: ((k >= 6148959) AND (k <= 6149059))

table 3 : explain SELECT k, c FROM sbtest3 WHERE k BETWEEN 6148959 AND 6149059
	Bitmap Heap Scan on sbtest3  (cost=5.50..417.37 rows=104 width=125)
	  Recheck Cond: ((k >= 6148959) AND (k <= 6149059))
	  ->  Bitmap Index Scan on k_3  (cost=0.00..5.47 rows=104 width=0)
	        Index Cond: ((k >= 6148959) AND (k <= 6149059))

table 4 : explain SELECT k, c FROM sbtest4 WHERE k BETWEEN 6148959 AND 6149059
	Bitmap Heap Scan on sbtest4  (cost=5.36..362.17 rows=90 width=125)
	  Recheck Cond: ((k >= 6148959) AND (k <= 6149059))
	  ->  Bitmap Index Scan on k_4  (cost=0.00..5.33 rows=90 width=0)
	        Index Cond: ((k >= 6148959) AND (k <= 6149059))

table 5 : explain SELECT k, c FROM sbtest5 WHERE k BETWEEN 6148959 AND 6149059
	Bitmap Heap Scan on sbtest5  (cost=5.55..437.14 rows=109 width=125)
	  Recheck Cond: ((k >= 6148959) AND (k <= 6149059))
	  ->  Bitmap Index Scan on k_5  (cost=0.00..5.52 rows=109 width=0)
	        Index Cond: ((k >= 6148959) AND (k <= 6149059))

table 6 : explain SELECT k, c FROM sbtest6 WHERE k BETWEEN 6148959 AND 6149059
	Bitmap Heap Scan on sbtest6  (cost=5.43..389.80 rows=97 width=125)
	  Recheck Cond: ((k >= 6148959) AND (k <= 6149059))
	  ->  Bitmap Index Scan on k_6  (cost=0.00..5.40 rows=97 width=0)
	        Index Cond: ((k >= 6148959) AND (k <= 6149059))

table 7 : explain SELECT k, c FROM sbtest7 WHERE k BETWEEN 6148959 AND 6149059
	Bitmap Heap Scan on sbtest7  (cost=5.51..421.29 rows=105 width=125)
	  Recheck Cond: ((k >= 6148959) AND (k <= 6149059))
	  ->  Bitmap Index Scan on k_7  (cost=0.00..5.48 rows=105 width=0)
	        Index Cond: ((k >= 6148959) AND (k <= 6149059))

table 8 : explain SELECT k, c FROM sbtest8 WHERE k BETWEEN 6148959 AND 6149059
	Bitmap Heap Scan on sbtest8  (cost=5.43..389.81 rows=97 width=125)
	  Recheck Cond: ((k >= 6148959) AND (k <= 6149059))
	  ->  Bitmap Index Scan on k_8  (cost=0.00..5.40 rows=97 width=0)
	        Index Cond: ((k >= 6148959) AND (k <= 6149059))

for range-notcovered
table 1 : explain SELECT k, c FROM sbtest1 WHERE k BETWEEN 5603877 AND 5603977
	Bitmap Heap Scan on sbtest1  (cost=5.57..445.08 rows=111 width=125)
	  Recheck Cond: ((k >= 5603877) AND (k <= 5603977))
	  ->  Bitmap Index Scan on k_1  (cost=0.00..5.54 rows=111 width=0)
	        Index Cond: ((k >= 5603877) AND (k <= 5603977))

table 2 : explain SELECT k, c FROM sbtest2 WHERE k BETWEEN 5603877 AND 5603977
	Bitmap Heap Scan on sbtest2  (cost=5.40..377.96 rows=94 width=125)
	  Recheck Cond: ((k >= 5603877) AND (k <= 5603977))
	  ->  Bitmap Index Scan on k_2  (cost=0.00..5.38 rows=94 width=0)
	        Index Cond: ((k >= 5603877) AND (k <= 5603977))

table 3 : explain SELECT k, c FROM sbtest3 WHERE k BETWEEN 5603877 AND 5603977
	Bitmap Heap Scan on sbtest3  (cost=5.53..429.19 rows=107 width=125)
	  Recheck Cond: ((k >= 5603877) AND (k <= 5603977))
	  ->  Bitmap Index Scan on k_3  (cost=0.00..5.50 rows=107 width=0)
	        Index Cond: ((k >= 5603877) AND (k <= 5603977))

table 4 : explain SELECT k, c FROM sbtest4 WHERE k BETWEEN 5603877 AND 5603977
	Bitmap Heap Scan on sbtest4  (cost=5.41..381.91 rows=95 width=125)
	  Recheck Cond: ((k >= 5603877) AND (k <= 5603977))
	  ->  Bitmap Index Scan on k_4  (cost=0.00..5.38 rows=95 width=0)
	        Index Cond: ((k >= 5603877) AND (k <= 5603977))

table 5 : explain SELECT k, c FROM sbtest5 WHERE k BETWEEN 5603877 AND 5603977
	Bitmap Heap Scan on sbtest5  (cost=5.52..425.32 rows=106 width=125)
	  Recheck Cond: ((k >= 5603877) AND (k <= 5603977))
	  ->  Bitmap Index Scan on k_5  (cost=0.00..5.50 rows=106 width=0)
	        Index Cond: ((k >= 5603877) AND (k <= 5603977))

table 6 : explain SELECT k, c FROM sbtest6 WHERE k BETWEEN 5603877 AND 5603977
	Bitmap Heap Scan on sbtest6  (cost=5.41..381.90 rows=95 width=125)
	  Recheck Cond: ((k >= 5603877) AND (k <= 5603977))
	  ->  Bitmap Index Scan on k_6  (cost=0.00..5.38 rows=95 width=0)
	        Index Cond: ((k >= 5603877) AND (k <= 5603977))

table 7 : explain SELECT k, c FROM sbtest7 WHERE k BETWEEN 5603877 AND 5603977
	Bitmap Heap Scan on sbtest7  (cost=5.43..389.74 rows=97 width=125)
	  Recheck Cond: ((k >= 5603877) AND (k <= 5603977))
	  ->  Bitmap Index Scan on k_7  (cost=0.00..5.40 rows=97 width=0)
	        Index Cond: ((k >= 5603877) AND (k <= 5603977))

table 8 : explain SELECT k, c FROM sbtest8 WHERE k BETWEEN 5603877 AND 5603977
	Bitmap Heap Scan on sbtest8  (cost=5.45..397.70 rows=99 width=125)
	  Recheck Cond: ((k >= 5603877) AND (k <= 5603977))
	  ->  Bitmap Index Scan on k_8  (cost=0.00..5.42 rows=99 width=0)
	        Index Cond: ((k >= 5603877) AND (k <= 5603977))

for range-notcovered
table 1 : explain SELECT k, c FROM sbtest1 WHERE k BETWEEN 4250238 AND 4250338
	Bitmap Heap Scan on sbtest1  (cost=5.51..421.42 rows=105 width=125)
	  Recheck Cond: ((k >= 4250238) AND (k <= 4250338))
	  ->  Bitmap Index Scan on k_1  (cost=0.00..5.48 rows=105 width=0)
	        Index Cond: ((k >= 4250238) AND (k <= 4250338))

table 2 : explain SELECT k, c FROM sbtest2 WHERE k BETWEEN 4250238 AND 4250338
	Bitmap Heap Scan on sbtest2  (cost=5.45..397.70 rows=99 width=125)
	  Recheck Cond: ((k >= 4250238) AND (k <= 4250338))
	  ->  Bitmap Index Scan on k_2  (cost=0.00..5.42 rows=99 width=0)
	        Index Cond: ((k >= 4250238) AND (k <= 4250338))

table 3 : explain SELECT k, c FROM sbtest3 WHERE k BETWEEN 4250238 AND 4250338
	Bitmap Heap Scan on sbtest3  (cost=5.57..444.96 rows=111 width=125)
	  Recheck Cond: ((k >= 4250238) AND (k <= 4250338))
	  ->  Bitmap Index Scan on k_3  (cost=0.00..5.54 rows=111 width=0)
	        Index Cond: ((k >= 4250238) AND (k <= 4250338))

table 4 : explain SELECT k, c FROM sbtest4 WHERE k BETWEEN 4250238 AND 4250338
	Bitmap Heap Scan on sbtest4  (cost=5.57..445.02 rows=111 width=125)
	  Recheck Cond: ((k >= 4250238) AND (k <= 4250338))
	  ->  Bitmap Index Scan on k_4  (cost=0.00..5.54 rows=111 width=0)
	        Index Cond: ((k >= 4250238) AND (k <= 4250338))

table 5 : explain SELECT k, c FROM sbtest5 WHERE k BETWEEN 4250238 AND 4250338
	Bitmap Heap Scan on sbtest5  (cost=5.53..429.26 rows=107 width=125)
	  Recheck Cond: ((k >= 4250238) AND (k <= 4250338))
	  ->  Bitmap Index Scan on k_5  (cost=0.00..5.50 rows=107 width=0)
	        Index Cond: ((k >= 4250238) AND (k <= 4250338))

table 6 : explain SELECT k, c FROM sbtest6 WHERE k BETWEEN 4250238 AND 4250338
	Bitmap Heap Scan on sbtest6  (cost=5.42..385.85 rows=96 width=125)
	  Recheck Cond: ((k >= 4250238) AND (k <= 4250338))
	  ->  Bitmap Index Scan on k_6  (cost=0.00..5.39 rows=96 width=0)
	        Index Cond: ((k >= 4250238) AND (k <= 4250338))

table 7 : explain SELECT k, c FROM sbtest7 WHERE k BETWEEN 4250238 AND 4250338
	Bitmap Heap Scan on sbtest7  (cost=5.47..405.52 rows=101 width=125)
	  Recheck Cond: ((k >= 4250238) AND (k <= 4250338))
	  ->  Bitmap Index Scan on k_7  (cost=0.00..5.44 rows=101 width=0)
	        Index Cond: ((k >= 4250238) AND (k <= 4250338))

table 8 : explain SELECT k, c FROM sbtest8 WHERE k BETWEEN 4250238 AND 4250338
	Bitmap Heap Scan on sbtest8  (cost=5.53..429.26 rows=107 width=125)
	  Recheck Cond: ((k >= 4250238) AND (k <= 4250338))
	  ->  Bitmap Index Scan on k_8  (cost=0.00..5.50 rows=107 width=0)
	        Index Cond: ((k >= 4250238) AND (k <= 4250338))
for range-notcovered
table 1 : explain SELECT k, c FROM sbtest1 WHERE k BETWEEN 6378941 AND 6379041
	Bitmap Heap Scan on sbtest1  (cost=5.53..429.30 rows=107 width=125)
	  Recheck Cond: ((k >= 6378941) AND (k <= 6379041))
	  ->  Bitmap Index Scan on k_1  (cost=0.00..5.50 rows=107 width=0)
	        Index Cond: ((k >= 6378941) AND (k <= 6379041))

table 2 : explain SELECT k, c FROM sbtest2 WHERE k BETWEEN 6378941 AND 6379041
	Bitmap Heap Scan on sbtest2  (cost=5.49..413.48 rows=103 width=125)
	  Recheck Cond: ((k >= 6378941) AND (k <= 6379041))
	  ->  Bitmap Index Scan on k_2  (cost=0.00..5.46 rows=103 width=0)
	        Index Cond: ((k >= 6378941) AND (k <= 6379041))

table 3 : explain SELECT k, c FROM sbtest3 WHERE k BETWEEN 6378941 AND 6379041
	Bitmap Heap Scan on sbtest3  (cost=5.55..437.08 rows=109 width=125)
	  Recheck Cond: ((k >= 6378941) AND (k <= 6379041))
	  ->  Bitmap Index Scan on k_3  (cost=0.00..5.52 rows=109 width=0)
	        Index Cond: ((k >= 6378941) AND (k <= 6379041))

table 4 : explain SELECT k, c FROM sbtest4 WHERE k BETWEEN 6378941 AND 6379041
	Bitmap Heap Scan on sbtest4  (cost=5.44..393.75 rows=98 width=125)
	  Recheck Cond: ((k >= 6378941) AND (k <= 6379041))
	  ->  Bitmap Index Scan on k_4  (cost=0.00..5.42 rows=98 width=0)
	        Index Cond: ((k >= 6378941) AND (k <= 6379041))

table 5 : explain SELECT k, c FROM sbtest5 WHERE k BETWEEN 6378941 AND 6379041
	Bitmap Heap Scan on sbtest5  (cost=5.39..374.02 rows=93 width=125)
	  Recheck Cond: ((k >= 6378941) AND (k <= 6379041))
	  ->  Bitmap Index Scan on k_5  (cost=0.00..5.36 rows=93 width=0)
	        Index Cond: ((k >= 6378941) AND (k <= 6379041))

table 6 : explain SELECT k, c FROM sbtest6 WHERE k BETWEEN 6378941 AND 6379041
	Bitmap Heap Scan on sbtest6  (cost=5.41..381.90 rows=95 width=125)
	  Recheck Cond: ((k >= 6378941) AND (k <= 6379041))
	  ->  Bitmap Index Scan on k_6  (cost=0.00..5.38 rows=95 width=0)
	        Index Cond: ((k >= 6378941) AND (k <= 6379041))

table 7 : explain SELECT k, c FROM sbtest7 WHERE k BETWEEN 6378941 AND 6379041
	Bitmap Heap Scan on sbtest7  (cost=5.45..397.63 rows=99 width=125)
	  Recheck Cond: ((k >= 6378941) AND (k <= 6379041))
	  ->  Bitmap Index Scan on k_7  (cost=0.00..5.42 rows=99 width=0)
	        Index Cond: ((k >= 6378941) AND (k <= 6379041))

table 8 : explain SELECT k, c FROM sbtest8 WHERE k BETWEEN 6378941 AND 6379041
	Bitmap Heap Scan on sbtest8  (cost=5.52..425.32 rows=106 width=125)
	  Recheck Cond: ((k >= 6378941) AND (k <= 6379041))
	  ->  Bitmap Index Scan on k_8  (cost=0.00..5.50 rows=106 width=0)
	        Index Cond: ((k >= 6378941) AND (k <= 6379041))
explain: for range-notcovered :: explain SELECT k, c FROM sbtest%d WHERE k BETWEEN 5330250 AND 5330350
explain: for range-notcovered :: explain SELECT k, c FROM sbtest%d WHERE k BETWEEN 5813883 AND 5813983

explain: for range-notcovered :: explain SELECT k, c FROM sbtest%d WHERE k BETWEEN 5603877 AND 5603977

for range-notcovered
table 1 : explain SELECT k, c FROM sbtest1 WHERE k BETWEEN 6789664 AND 6789764
	Bitmap Heap Scan on sbtest1  (cost=5.51..421.42 rows=105 width=125)
	  Recheck Cond: ((k >= 6789664) AND (k <= 6789764))
	  ->  Bitmap Index Scan on k_1  (cost=0.00..5.48 rows=105 width=0)
	        Index Cond: ((k >= 6789664) AND (k <= 6789764))

table 2 : explain SELECT k, c FROM sbtest2 WHERE k BETWEEN 6789664 AND 6789764
	Bitmap Heap Scan on sbtest2  (cost=5.36..362.17 rows=90 width=125)
	  Recheck Cond: ((k >= 6789664) AND (k <= 6789764))
	  ->  Bitmap Index Scan on k_2  (cost=0.00..5.33 rows=90 width=0)
	        Index Cond: ((k >= 6789664) AND (k <= 6789764))

table 3 : explain SELECT k, c FROM sbtest3 WHERE k BETWEEN 6789664 AND 6789764
	Bitmap Heap Scan on sbtest3  (cost=5.60..456.78 rows=114 width=125)
	  Recheck Cond: ((k >= 6789664) AND (k <= 6789764))
	  ->  Bitmap Index Scan on k_3  (cost=0.00..5.58 rows=114 width=0)
	        Index Cond: ((k >= 6789664) AND (k <= 6789764))

table 4 : explain SELECT k, c FROM sbtest4 WHERE k BETWEEN 6789664 AND 6789764
	Bitmap Heap Scan on sbtest4  (cost=5.46..401.64 rows=100 width=125)
	  Recheck Cond: ((k >= 6789664) AND (k <= 6789764))
	  ->  Bitmap Index Scan on k_4  (cost=0.00..5.43 rows=100 width=0)
	        Index Cond: ((k >= 6789664) AND (k <= 6789764))

table 5 : explain SELECT k, c FROM sbtest5 WHERE k BETWEEN 6789664 AND 6789764
	Bitmap Heap Scan on sbtest5  (cost=5.58..448.97 rows=112 width=125)
	  Recheck Cond: ((k >= 6789664) AND (k <= 6789764))
	  ->  Bitmap Index Scan on k_5  (cost=0.00..5.55 rows=112 width=0)
	        Index Cond: ((k >= 6789664) AND (k <= 6789764))

table 6 : explain SELECT k, c FROM sbtest6 WHERE k BETWEEN 6789664 AND 6789764
	Bitmap Heap Scan on sbtest6  (cost=5.55..437.13 rows=109 width=125)
	  Recheck Cond: ((k >= 6789664) AND (k <= 6789764))
	  ->  Bitmap Index Scan on k_6  (cost=0.00..5.52 rows=109 width=0)
	        Index Cond: ((k >= 6789664) AND (k <= 6789764))

table 7 : explain SELECT k, c FROM sbtest7 WHERE k BETWEEN 6789664 AND 6789764
	Bitmap Heap Scan on sbtest7  (cost=5.49..413.41 rows=103 width=125)
	  Recheck Cond: ((k >= 6789664) AND (k <= 6789764))
	  ->  Bitmap Index Scan on k_7  (cost=0.00..5.46 rows=103 width=0)
	        Index Cond: ((k >= 6789664) AND (k <= 6789764))

table 8 : explain SELECT k, c FROM sbtest8 WHERE k BETWEEN 6789664 AND 6789764
	Bitmap Heap Scan on sbtest8  (cost=5.56..441.09 rows=110 width=125)
	  Recheck Cond: ((k >= 6789664) AND (k <= 6789764))
	  ->  Bitmap Index Scan on k_8  (cost=0.00..5.53 rows=110 width=0)
	        Index Cond: ((k >= 6789664) AND (k <= 6789764))

for range-notcovered
table 1 : explain SELECT k, c FROM sbtest1 WHERE k BETWEEN 2658640 AND 2658740
	Bitmap Heap Scan on sbtest1  (cost=5.61..460.84 rows=115 width=125)
	  Recheck Cond: ((k >= 2658640) AND (k <= 2658740))
	  ->  Bitmap Index Scan on k_1  (cost=0.00..5.58 rows=115 width=0)
	        Index Cond: ((k >= 2658640) AND (k <= 2658740))

table 2 : explain SELECT k, c FROM sbtest2 WHERE k BETWEEN 2658640 AND 2658740
	Bitmap Heap Scan on sbtest2  (cost=5.45..397.70 rows=99 width=125)
	  Recheck Cond: ((k >= 2658640) AND (k <= 2658740))
	  ->  Bitmap Index Scan on k_2  (cost=0.00..5.42 rows=99 width=0)
	        Index Cond: ((k >= 2658640) AND (k <= 2658740))

table 3 : explain SELECT k, c FROM sbtest3 WHERE k BETWEEN 2658640 AND 2658740
	Bitmap Heap Scan on sbtest3  (cost=5.55..437.08 rows=109 width=125)
	  Recheck Cond: ((k >= 2658640) AND (k <= 2658740))
	  ->  Bitmap Index Scan on k_3  (cost=0.00..5.52 rows=109 width=0)
	        Index Cond: ((k >= 2658640) AND (k <= 2658740))

table 4 : explain SELECT k, c FROM sbtest4 WHERE k BETWEEN 2658640 AND 2658740
	Bitmap Heap Scan on sbtest4  (cost=5.45..397.70 rows=99 width=125)
	  Recheck Cond: ((k >= 2658640) AND (k <= 2658740))
	  ->  Bitmap Index Scan on k_4  (cost=0.00..5.42 rows=99 width=0)
	        Index Cond: ((k >= 2658640) AND (k <= 2658740))

table 5 : explain SELECT k, c FROM sbtest5 WHERE k BETWEEN 2658640 AND 2658740
	Bitmap Heap Scan on sbtest5  (cost=5.38..370.07 rows=92 width=125)
	  Recheck Cond: ((k >= 2658640) AND (k <= 2658740))
	  ->  Bitmap Index Scan on k_5  (cost=0.00..5.35 rows=92 width=0)
	        Index Cond: ((k >= 2658640) AND (k <= 2658740))

table 6 : explain SELECT k, c FROM sbtest6 WHERE k BETWEEN 2658640 AND 2658740
	Bitmap Heap Scan on sbtest6  (cost=5.46..401.63 rows=100 width=125)
	  Recheck Cond: ((k >= 2658640) AND (k <= 2658740))
	  ->  Bitmap Index Scan on k_6  (cost=0.00..5.43 rows=100 width=0)
	        Index Cond: ((k >= 2658640) AND (k <= 2658740))

table 7 : explain SELECT k, c FROM sbtest7 WHERE k BETWEEN 2658640 AND 2658740
	Bitmap Heap Scan on sbtest7  (cost=5.49..413.41 rows=103 width=125)
	  Recheck Cond: ((k >= 2658640) AND (k <= 2658740))
	  ->  Bitmap Index Scan on k_7  (cost=0.00..5.46 rows=103 width=0)
	        Index Cond: ((k >= 2658640) AND (k <= 2658740))

table 8 : explain SELECT k, c FROM sbtest8 WHERE k BETWEEN 2658640 AND 2658740
	Bitmap Heap Scan on sbtest8  (cost=5.47..405.60 rows=101 width=125)
	  Recheck Cond: ((k >= 2658640) AND (k <= 2658740))
	  ->  Bitmap Index Scan on k_8  (cost=0.00..5.44 rows=101 width=0)
	        Index Cond: ((k >= 2658640) AND (k <= 2658740))

explain: for range-notcovered :: explain SELECT k, c FROM sbtest%d WHERE k BETWEEN 8510416 AND 8510516
for range-notcovered
table 1 : explain SELECT k, c FROM sbtest1 WHERE k BETWEEN 3680246 AND 3680346
	Bitmap Heap Scan on sbtest1  (cost=5.47..405.64 rows=101 width=125)
	  Recheck Cond: ((k >= 3680246) AND (k <= 3680346))
	  ->  Bitmap Index Scan on k_1  (cost=0.00..5.44 rows=101 width=0)
	        Index Cond: ((k >= 3680246) AND (k <= 3680346))

table 2 : explain SELECT k, c FROM sbtest2 WHERE k BETWEEN 3680246 AND 3680346
	Bitmap Heap Scan on sbtest2  (cost=5.48..409.53 rows=102 width=125)
	  Recheck Cond: ((k >= 3680246) AND (k <= 3680346))
	  ->  Bitmap Index Scan on k_2  (cost=0.00..5.45 rows=102 width=0)
	        Index Cond: ((k >= 3680246) AND (k <= 3680346))

table 3 : explain SELECT k, c FROM sbtest3 WHERE k BETWEEN 3680246 AND 3680346
	Bitmap Heap Scan on sbtest3  (cost=5.43..389.75 rows=97 width=125)
	  Recheck Cond: ((k >= 3680246) AND (k <= 3680346))
	  ->  Bitmap Index Scan on k_3  (cost=0.00..5.40 rows=97 width=0)
	        Index Cond: ((k >= 3680246) AND (k <= 3680346))

table 4 : explain SELECT k, c FROM sbtest4 WHERE k BETWEEN 3680246 AND 3680346
	Bitmap Heap Scan on sbtest4  (cost=5.48..409.53 rows=102 width=125)
	  Recheck Cond: ((k >= 3680246) AND (k <= 3680346))
	  ->  Bitmap Index Scan on k_4  (cost=0.00..5.45 rows=102 width=0)
	        Index Cond: ((k >= 3680246) AND (k <= 3680346))

table 5 : explain SELECT k, c FROM sbtest5 WHERE k BETWEEN 3680246 AND 3680346
	Bitmap Heap Scan on sbtest5  (cost=5.46..401.65 rows=100 width=125)
	  Recheck Cond: ((k >= 3680246) AND (k <= 3680346))
	  ->  Bitmap Index Scan on k_5  (cost=0.00..5.43 rows=100 width=0)
	        Index Cond: ((k >= 3680246) AND (k <= 3680346))

table 6 : explain SELECT k, c FROM sbtest6 WHERE k BETWEEN 3680246 AND 3680346
	Bitmap Heap Scan on sbtest6  (cost=5.41..381.90 rows=95 width=125)
	  Recheck Cond: ((k >= 3680246) AND (k <= 3680346))
	  ->  Bitmap Index Scan on k_6  (cost=0.00..5.38 rows=95 width=0)
	        Index Cond: ((k >= 3680246) AND (k <= 3680346))

table 7 : explain SELECT k, c FROM sbtest7 WHERE k BETWEEN 3680246 AND 3680346
	Bitmap Heap Scan on sbtest7  (cost=5.46..401.57 rows=100 width=125)
	  Recheck Cond: ((k >= 3680246) AND (k <= 3680346))
	  ->  Bitmap Index Scan on k_7  (cost=0.00..5.43 rows=100 width=0)
	        Index Cond: ((k >= 3680246) AND (k <= 3680346))

table 8 : explain SELECT k, c FROM sbtest8 WHERE k BETWEEN 3680246 AND 3680346
	Bitmap Heap Scan on sbtest8  (cost=5.41..381.92 rows=95 width=125)
	  Recheck Cond: ((k >= 3680246) AND (k <= 3680346))
	  ->  Bitmap Index Scan on k_8  (cost=0.00..5.38 rows=95 width=0)
	        Index Cond: ((k >= 3680246) AND (k <= 3680346))

explain: for range-notcovered :: explain SELECT k, c FROM sbtest%d WHERE k BETWEEN 7813504 AND 7813604

explain: for range-notcovered :: explain SELECT k, c FROM sbtest%d WHERE k BETWEEN 4981137 AND 4981237

explain: for range-notcovered :: explain SELECT k, c FROM sbtest%d WHERE k BETWEEN 2658640 AND 2658740
for range-notcovered
table 1 : explain SELECT k, c FROM sbtest1 WHERE k BETWEEN 4243893 AND 4243993
	Bitmap Heap Scan on sbtest1  (cost=5.51..421.42 rows=105 width=125)
	  Recheck Cond: ((k >= 4243893) AND (k <= 4243993))
	  ->  Bitmap Index Scan on k_1  (cost=0.00..5.48 rows=105 width=0)
	        Index Cond: ((k >= 4243893) AND (k <= 4243993))

table 2 : explain SELECT k, c FROM sbtest2 WHERE k BETWEEN 4243893 AND 4243993
	Bitmap Heap Scan on sbtest2  (cost=5.57..445.02 rows=111 width=125)
	  Recheck Cond: ((k >= 4243893) AND (k <= 4243993))
	  ->  Bitmap Index Scan on k_2  (cost=0.00..5.54 rows=111 width=0)
	        Index Cond: ((k >= 4243893) AND (k <= 4243993))

table 3 : explain SELECT k, c FROM sbtest3 WHERE k BETWEEN 4243893 AND 4243993
	Bitmap Heap Scan on sbtest3  (cost=5.57..444.96 rows=111 width=125)
	  Recheck Cond: ((k >= 4243893) AND (k <= 4243993))
	  ->  Bitmap Index Scan on k_3  (cost=0.00..5.54 rows=111 width=0)
	        Index Cond: ((k >= 4243893) AND (k <= 4243993))

table 4 : explain SELECT k, c FROM sbtest4 WHERE k BETWEEN 4243893 AND 4243993
	Bitmap Heap Scan on sbtest4  (cost=5.57..445.02 rows=111 width=125)
	  Recheck Cond: ((k >= 4243893) AND (k <= 4243993))
	  ->  Bitmap Index Scan on k_4  (cost=0.00..5.54 rows=111 width=0)
	        Index Cond: ((k >= 4243893) AND (k <= 4243993))

table 5 : explain SELECT k, c FROM sbtest5 WHERE k BETWEEN 4243893 AND 4243993
	Bitmap Heap Scan on sbtest5  (cost=5.53..429.26 rows=107 width=125)
	  Recheck Cond: ((k >= 4243893) AND (k <= 4243993))
	  ->  Bitmap Index Scan on k_5  (cost=0.00..5.50 rows=107 width=0)
	        Index Cond: ((k >= 4243893) AND (k <= 4243993))

table 6 : explain SELECT k, c FROM sbtest6 WHERE k BETWEEN 4243893 AND 4243993
	Bitmap Heap Scan on sbtest6  (cost=5.42..385.85 rows=96 width=125)
	  Recheck Cond: ((k >= 4243893) AND (k <= 4243993))
	  ->  Bitmap Index Scan on k_6  (cost=0.00..5.39 rows=96 width=0)
	        Index Cond: ((k >= 4243893) AND (k <= 4243993))

table 7 : explain SELECT k, c FROM sbtest7 WHERE k BETWEEN 4243893 AND 4243993
	Bitmap Heap Scan on sbtest7  (cost=5.47..405.52 rows=101 width=125)
	  Recheck Cond: ((k >= 4243893) AND (k <= 4243993))
	  ->  Bitmap Index Scan on k_7  (cost=0.00..5.44 rows=101 width=0)
	        Index Cond: ((k >= 4243893) AND (k <= 4243993))

table 8 : explain SELECT k, c FROM sbtest8 WHERE k BETWEEN 4243893 AND 4243993
	Bitmap Heap Scan on sbtest8  (cost=5.53..429.26 rows=107 width=125)
	  Recheck Cond: ((k >= 4243893) AND (k <= 4243993))
	  ->  Bitmap Index Scan on k_8  (cost=0.00..5.50 rows=107 width=0)
	        Index Cond: ((k >= 4243893) AND (k <= 4243993))

for range-notcovered
table 1 : explain SELECT k, c FROM sbtest1 WHERE k BETWEEN 7216687 AND 7216787
	Bitmap Heap Scan on sbtest1  (cost=5.49..413.53 rows=103 width=125)
	  Recheck Cond: ((k >= 7216687) AND (k <= 7216787))
	  ->  Bitmap Index Scan on k_1  (cost=0.00..5.46 rows=103 width=0)
	        Index Cond: ((k >= 7216687) AND (k <= 7216787))

table 2 : explain SELECT k, c FROM sbtest2 WHERE k BETWEEN 7216687 AND 7216787
	Bitmap Heap Scan on sbtest2  (cost=5.41..381.91 rows=95 width=125)
	  Recheck Cond: ((k >= 7216687) AND (k <= 7216787))
	  ->  Bitmap Index Scan on k_2  (cost=0.00..5.38 rows=95 width=0)
	        Index Cond: ((k >= 7216687) AND (k <= 7216787))

table 3 : explain SELECT k, c FROM sbtest3 WHERE k BETWEEN 7216687 AND 7216787
	Bitmap Heap Scan on sbtest3  (cost=5.47..405.53 rows=101 width=125)
	  Recheck Cond: ((k >= 7216687) AND (k <= 7216787))
	  ->  Bitmap Index Scan on k_3  (cost=0.00..5.44 rows=101 width=0)
	        Index Cond: ((k >= 7216687) AND (k <= 7216787))

table 4 : explain SELECT k, c FROM sbtest4 WHERE k BETWEEN 7216687 AND 7216787
	Bitmap Heap Scan on sbtest4  (cost=5.53..429.25 rows=107 width=125)
	  Recheck Cond: ((k >= 7216687) AND (k <= 7216787))
	  ->  Bitmap Index Scan on k_4  (cost=0.00..5.50 rows=107 width=0)
	        Index Cond: ((k >= 7216687) AND (k <= 7216787))

table 5 : explain SELECT k, c FROM sbtest5 WHERE k BETWEEN 7216687 AND 7216787
	Bitmap Heap Scan on sbtest5  (cost=5.48..409.54 rows=102 width=125)
	  Recheck Cond: ((k >= 7216687) AND (k <= 7216787))
	  ->  Bitmap Index Scan on k_5  (cost=0.00..5.45 rows=102 width=0)
	        Index Cond: ((k >= 7216687) AND (k <= 7216787))

table 6 : explain SELECT k, c FROM sbtest6 WHERE k BETWEEN 7216687 AND 7216787
	Bitmap Heap Scan on sbtest6  (cost=5.45..397.69 rows=99 width=125)
	  Recheck Cond: ((k >= 7216687) AND (k <= 7216787))
	  ->  Bitmap Index Scan on k_6  (cost=0.00..5.42 rows=99 width=0)
	        Index Cond: ((k >= 7216687) AND (k <= 7216787))

table 7 : explain SELECT k, c FROM sbtest7 WHERE k BETWEEN 7216687 AND 7216787
	Bitmap Heap Scan on sbtest7  (cost=5.51..421.29 rows=105 width=125)
	  Recheck Cond: ((k >= 7216687) AND (k <= 7216787))
	  ->  Bitmap Index Scan on k_7  (cost=0.00..5.48 rows=105 width=0)
	        Index Cond: ((k >= 7216687) AND (k <= 7216787))

table 8 : explain SELECT k, c FROM sbtest8 WHERE k BETWEEN 7216687 AND 7216787
	Bitmap Heap Scan on sbtest8  (cost=5.56..441.09 rows=110 width=125)
	  Recheck Cond: ((k >= 7216687) AND (k <= 7216787))
	  ->  Bitmap Index Scan on k_8  (cost=0.00..5.53 rows=110 width=0)
	        Index Cond: ((k >= 7216687) AND (k <= 7216787))

explain: for range-notcovered :: explain SELECT k, c FROM sbtest%d WHERE k BETWEEN 5006439 AND 5006539

explain: for range-notcovered :: explain SELECT k, c FROM sbtest%d WHERE k BETWEEN 6378941 AND 6379041for range-notcovered
table 1 : explain SELECT k, c FROM sbtest1 WHERE k BETWEEN 6814436 AND 6814536
	Bitmap Heap Scan on sbtest1  (cost=5.51..421.42 rows=105 width=125)
	  Recheck Cond: ((k >= 6814436) AND (k <= 6814536))
	  ->  Bitmap Index Scan on k_1  (cost=0.00..5.48 rows=105 width=0)
	        Index Cond: ((k >= 6814436) AND (k <= 6814536))

table 2 : explain SELECT k, c FROM sbtest2 WHERE k BETWEEN 6814436 AND 6814536
	Bitmap Heap Scan on sbtest2  (cost=5.36..362.17 rows=90 width=125)
	  Recheck Cond: ((k >= 6814436) AND (k <= 6814536))
	  ->  Bitmap Index Scan on k_2  (cost=0.00..5.33 rows=90 width=0)
	        Index Cond: ((k >= 6814436) AND (k <= 6814536))

table 3 : explain SELECT k, c FROM sbtest3 WHERE k BETWEEN 6814436 AND 6814536
	Bitmap Heap Scan on sbtest3  (cost=5.60..456.78 rows=114 width=125)
	  Recheck Cond: ((k >= 6814436) AND (k <= 6814536))
	  ->  Bitmap Index Scan on k_3  (cost=0.00..5.58 rows=114 width=0)
	        Index Cond: ((k >= 6814436) AND (k <= 6814536))

table 4 : explain SELECT k, c FROM sbtest4 WHERE k BETWEEN 6814436 AND 6814536
	Bitmap Heap Scan on sbtest4  (cost=5.46..401.64 rows=100 width=125)
	  Recheck Cond: ((k >= 6814436) AND (k <= 6814536))
	  ->  Bitmap Index Scan on k_4  (cost=0.00..5.43 rows=100 width=0)
	        Index Cond: ((k >= 6814436) AND (k <= 6814536))

table 5 : explain SELECT k, c FROM sbtest5 WHERE k BETWEEN 6814436 AND 6814536
	Bitmap Heap Scan on sbtest5  (cost=5.42..385.86 rows=96 width=125)
	  Recheck Cond: ((k >= 6814436) AND (k <= 6814536))
	  ->  Bitmap Index Scan on k_5  (cost=0.00..5.39 rows=96 width=0)
	        Index Cond: ((k >= 6814436) AND (k <= 6814536))

table 6 : explain SELECT k, c FROM sbtest6 WHERE k BETWEEN 6814436 AND 6814536
	Bitmap Heap Scan on sbtest6  (cost=5.55..437.13 rows=109 width=125)
	  Recheck Cond: ((k >= 6814436) AND (k <= 6814536))
	  ->  Bitmap Index Scan on k_6  (cost=0.00..5.52 rows=109 width=0)
	        Index Cond: ((k >= 6814436) AND (k <= 6814536))

table 7 : explain SELECT k, c FROM sbtest7 WHERE k BETWEEN 6814436 AND 6814536
	Bitmap Heap Scan on sbtest7  (cost=5.49..413.41 rows=103 width=125)
	  Recheck Cond: ((k >= 6814436) AND (k <= 6814536))
	  ->  Bitmap Index Scan on k_7  (cost=0.00..5.46 rows=103 width=0)
	        Index Cond: ((k >= 6814436) AND (k <= 6814536))

table 8 : explain SELECT k, c FROM sbtest8 WHERE k BETWEEN 6814436 AND 6814536
	Bitmap Heap Scan on sbtest8  (cost=5.47..405.60 rows=101 width=125)
	  Recheck Cond: ((k >= 6814436) AND (k <= 6814536))
	  ->  Bitmap Index Scan on k_8  (cost=0.00..5.44 rows=101 width=0)
	        Index Cond: ((k >= 6814436) AND (k <= 6814536))

explain: for range-notcovered :: explain SELECT k, c FROM sbtest%d WHERE k BETWEEN 6148959 AND 6149059
explain: for range-notcovered :: explain SELECT k, c FROM sbtest%d WHERE k BETWEEN 6789664 AND 6789764
explain: for range-notcovered :: explain SELECT k, c FROM sbtest%d WHERE k BETWEEN 4243893 AND 4243993
for range-notcovered
table 1 : explain SELECT k, c FROM sbtest1 WHERE k BETWEEN 6262062 AND 6262162
	Bitmap Heap Scan on sbtest1  (cost=5.36..362.21 rows=90 width=125)
	  Recheck Cond: ((k >= 6262062) AND (k <= 6262162))
	  ->  Bitmap Index Scan on k_1  (cost=0.00..5.33 rows=90 width=0)
	        Index Cond: ((k >= 6262062) AND (k <= 6262162))

table 2 : explain SELECT k, c FROM sbtest2 WHERE k BETWEEN 6262062 AND 6262162
	Bitmap Heap Scan on sbtest2  (cost=5.44..393.75 rows=98 width=125)
	  Recheck Cond: ((k >= 6262062) AND (k <= 6262162))
	  ->  Bitmap Index Scan on k_2  (cost=0.00..5.42 rows=98 width=0)
	        Index Cond: ((k >= 6262062) AND (k <= 6262162))

table 3 : explain SELECT k, c FROM sbtest3 WHERE k BETWEEN 6262062 AND 6262162
	Bitmap Heap Scan on sbtest3  (cost=5.49..413.42 rows=103 width=125)
	  Recheck Cond: ((k >= 6262062) AND (k <= 6262162))
	  ->  Bitmap Index Scan on k_3  (cost=0.00..5.46 rows=103 width=0)
	        Index Cond: ((k >= 6262062) AND (k <= 6262162))

table 4 : explain SELECT k, c FROM sbtest4 WHERE k BETWEEN 6262062 AND 6262162
	Bitmap Heap Scan on sbtest4  (cost=5.49..413.48 rows=103 width=125)
	  Recheck Cond: ((k >= 6262062) AND (k <= 6262162))
	  ->  Bitmap Index Scan on k_4  (cost=0.00..5.46 rows=103 width=0)
	        Index Cond: ((k >= 6262062) AND (k <= 6262162))

table 5 : explain SELECT k, c FROM sbtest5 WHERE k BETWEEN 6262062 AND 6262162
	Bitmap Heap Scan on sbtest5  (cost=5.51..421.37 rows=105 width=125)
	  Recheck Cond: ((k >= 6262062) AND (k <= 6262162))
	  ->  Bitmap Index Scan on k_5  (cost=0.00..5.48 rows=105 width=0)
	        Index Cond: ((k >= 6262062) AND (k <= 6262162))

table 6 : explain SELECT k, c FROM sbtest6 WHERE k BETWEEN 6262062 AND 6262162
	Bitmap Heap Scan on sbtest6  (cost=5.53..429.24 rows=107 width=125)
	  Recheck Cond: ((k >= 6262062) AND (k <= 6262162))
	  ->  Bitmap Index Scan on k_6  (cost=0.00..5.50 rows=107 width=0)
	        Index Cond: ((k >= 6262062) AND (k <= 6262162))

table 7 : explain SELECT k, c FROM sbtest7 WHERE k BETWEEN 6262062 AND 6262162
	Bitmap Heap Scan on sbtest7  (cost=5.52..425.23 rows=106 width=125)
	  Recheck Cond: ((k >= 6262062) AND (k <= 6262162))
	  ->  Bitmap Index Scan on k_7  (cost=0.00..5.50 rows=106 width=0)
	        Index Cond: ((k >= 6262062) AND (k <= 6262162))

table 8 : explain SELECT k, c FROM sbtest8 WHERE k BETWEEN 6262062 AND 6262162
	Bitmap Heap Scan on sbtest8  (cost=5.56..441.09 rows=110 width=125)
	  Recheck Cond: ((k >= 6262062) AND (k <= 6262162))
	  ->  Bitmap Index Scan on k_8  (cost=0.00..5.53 rows=110 width=0)
	        Index Cond: ((k >= 6262062) AND (k <= 6262162))

for range-notcovered
table 1 : explain SELECT k, c FROM sbtest1 WHERE k BETWEEN 4791999 AND 4792099
	Bitmap Heap Scan on sbtest1  (cost=5.50..417.47 rows=104 width=125)
	  Recheck Cond: ((k >= 4791999) AND (k <= 4792099))
	  ->  Bitmap Index Scan on k_1  (cost=0.00..5.47 rows=104 width=0)
	        Index Cond: ((k >= 4791999) AND (k <= 4792099))

table 2 : explain SELECT k, c FROM sbtest2 WHERE k BETWEEN 4791999 AND 4792099
	Bitmap Heap Scan on sbtest2  (cost=5.40..377.96 rows=94 width=125)
	  Recheck Cond: ((k >= 4791999) AND (k <= 4792099))
	  ->  Bitmap Index Scan on k_2  (cost=0.00..5.38 rows=94 width=0)
	        Index Cond: ((k >= 4791999) AND (k <= 4792099))

table 3 : explain SELECT k, c FROM sbtest3 WHERE k BETWEEN 4791999 AND 4792099
	Bitmap Heap Scan on sbtest3  (cost=5.49..413.42 rows=103 width=125)
	  Recheck Cond: ((k >= 4791999) AND (k <= 4792099))
	  ->  Bitmap Index Scan on k_3  (cost=0.00..5.46 rows=103 width=0)
	        Index Cond: ((k >= 4791999) AND (k <= 4792099))

table 4 : explain SELECT k, c FROM sbtest4 WHERE k BETWEEN 4791999 AND 4792099
	Bitmap Heap Scan on sbtest4  (cost=5.48..409.53 rows=102 width=125)
	  Recheck Cond: ((k >= 4791999) AND (k <= 4792099))
	  ->  Bitmap Index Scan on k_4  (cost=0.00..5.45 rows=102 width=0)
	        Index Cond: ((k >= 4791999) AND (k <= 4792099))

table 5 : explain SELECT k, c FROM sbtest5 WHERE k BETWEEN 4791999 AND 4792099
	Bitmap Heap Scan on sbtest5  (cost=5.36..362.17 rows=90 width=125)
	  Recheck Cond: ((k >= 4791999) AND (k <= 4792099))
	  ->  Bitmap Index Scan on k_5  (cost=0.00..5.33 rows=90 width=0)
	        Index Cond: ((k >= 4791999) AND (k <= 4792099))

table 6 : explain SELECT k, c FROM sbtest6 WHERE k BETWEEN 4791999 AND 4792099
	Bitmap Heap Scan on sbtest6  (cost=5.58..448.95 rows=112 width=125)
	  Recheck Cond: ((k >= 4791999) AND (k <= 4792099))
	  ->  Bitmap Index Scan on k_6  (cost=0.00..5.55 rows=112 width=0)
	        Index Cond: ((k >= 4791999) AND (k <= 4792099))

table 7 : explain SELECT k, c FROM sbtest7 WHERE k BETWEEN 4791999 AND 4792099
	Bitmap Heap Scan on sbtest7  (cost=5.50..417.35 rows=104 width=125)
	  Recheck Cond: ((k >= 4791999) AND (k <= 4792099))
	  ->  Bitmap Index Scan on k_7  (cost=0.00..5.47 rows=104 width=0)
	        Index Cond: ((k >= 4791999) AND (k <= 4792099))

table 8 : explain SELECT k, c FROM sbtest8 WHERE k BETWEEN 4791999 AND 4792099
	Bitmap Heap Scan on sbtest8  (cost=5.46..401.65 rows=100 width=125)
	  Recheck Cond: ((k >= 4791999) AND (k <= 4792099))
	  ->  Bitmap Index Scan on k_8  (cost=0.00..5.43 rows=100 width=0)
	        Index Cond: ((k >= 4791999) AND (k <= 4792099))

explain: for range-notcovered :: explain SELECT k, c FROM sbtest%d WHERE k BETWEEN 8376998 AND 8377098for range-notcovered
table 1 : explain SELECT k, c FROM sbtest1 WHERE k BETWEEN 1934489 AND 1934589
	Bitmap Heap Scan on sbtest1  (cost=5.39..374.06 rows=93 width=125)
	  Recheck Cond: ((k >= 1934489) AND (k <= 1934589))
	  ->  Bitmap Index Scan on k_1  (cost=0.00..5.36 rows=93 width=0)
	        Index Cond: ((k >= 1934489) AND (k <= 1934589))

table 2 : explain SELECT k, c FROM sbtest2 WHERE k BETWEEN 1934489 AND 1934589
	Bitmap Heap Scan on sbtest2  (cost=5.55..437.14 rows=109 width=125)
	  Recheck Cond: ((k >= 1934489) AND (k <= 1934589))
	  ->  Bitmap Index Scan on k_2  (cost=0.00..5.52 rows=109 width=0)
	        Index Cond: ((k >= 1934489) AND (k <= 1934589))

table 3 : explain SELECT k, c FROM sbtest3 WHERE k BETWEEN 1934489 AND 1934589
	Bitmap Heap Scan on sbtest3  (cost=5.50..417.37 rows=104 width=125)
	  Recheck Cond: ((k >= 1934489) AND (k <= 1934589))
	  ->  Bitmap Index Scan on k_3  (cost=0.00..5.47 rows=104 width=0)
	        Index Cond: ((k >= 1934489) AND (k <= 1934589))

table 4 : explain SELECT k, c FROM sbtest4 WHERE k BETWEEN 1934489 AND 1934589
	Bitmap Heap Scan on sbtest4  (cost=5.38..370.06 rows=92 width=125)
	  Recheck Cond: ((k >= 1934489) AND (k <= 1934589))
	  ->  Bitmap Index Scan on k_4  (cost=0.00..5.35 rows=92 width=0)
	        Index Cond: ((k >= 1934489) AND (k <= 1934589))

table 5 : explain SELECT k, c FROM sbtest5 WHERE k BETWEEN 1934489 AND 1934589
	Bitmap Heap Scan on sbtest5  (cost=5.52..425.32 rows=106 width=125)
	  Recheck Cond: ((k >= 1934489) AND (k <= 1934589))
	  ->  Bitmap Index Scan on k_5  (cost=0.00..5.50 rows=106 width=0)
	        Index Cond: ((k >= 1934489) AND (k <= 1934589))

table 6 : explain SELECT k, c FROM sbtest6 WHERE k BETWEEN 1934489 AND 1934589
	Bitmap Heap Scan on sbtest6  (cost=5.49..413.47 rows=103 width=125)
	  Recheck Cond: ((k >= 1934489) AND (k <= 1934589))
	  ->  Bitmap Index Scan on k_6  (cost=0.00..5.46 rows=103 width=0)
	        Index Cond: ((k >= 1934489) AND (k <= 1934589))

table 7 : explain SELECT k, c FROM sbtest7 WHERE k BETWEEN 1934489 AND 1934589
	Bitmap Heap Scan on sbtest7  (cost=5.55..437.06 rows=109 width=125)
	  Recheck Cond: ((k >= 1934489) AND (k <= 1934589))
	  ->  Bitmap Index Scan on k_7  (cost=0.00..5.52 rows=109 width=0)
	        Index Cond: ((k >= 1934489) AND (k <= 1934589))

table 8 : explain SELECT k, c FROM sbtest8 WHERE k BETWEEN 1934489 AND 1934589
	Bitmap Heap Scan on sbtest8  (cost=5.51..421.37 rows=105 width=125)
	  Recheck Cond: ((k >= 1934489) AND (k <= 1934589))
	  ->  Bitmap Index Scan on k_8  (cost=0.00..5.48 rows=105 width=0)
	        Index Cond: ((k >= 1934489) AND (k <= 1934589))

for range-notcovered
table 1 : explain SELECT k, c FROM sbtest1 WHERE k BETWEEN 2327787 AND 2327887
	Bitmap Heap Scan on sbtest1  (cost=5.37..366.16 rows=91 width=125)
	  Recheck Cond: ((k >= 2327787) AND (k <= 2327887))
	  ->  Bitmap Index Scan on k_1  (cost=0.00..5.34 rows=91 width=0)
	        Index Cond: ((k >= 2327787) AND (k <= 2327887))

table 2 : explain SELECT k, c FROM sbtest2 WHERE k BETWEEN 2327787 AND 2327887
	Bitmap Heap Scan on sbtest2  (cost=5.44..393.75 rows=98 width=125)
	  Recheck Cond: ((k >= 2327787) AND (k <= 2327887))
	  ->  Bitmap Index Scan on k_2  (cost=0.00..5.42 rows=98 width=0)
	        Index Cond: ((k >= 2327787) AND (k <= 2327887))

table 3 : explain SELECT k, c FROM sbtest3 WHERE k BETWEEN 2327787 AND 2327887
	Bitmap Heap Scan on sbtest3  (cost=5.57..444.96 rows=111 width=125)
	  Recheck Cond: ((k >= 2327787) AND (k <= 2327887))
	  ->  Bitmap Index Scan on k_3  (cost=0.00..5.54 rows=111 width=0)
	        Index Cond: ((k >= 2327787) AND (k <= 2327887))

table 4 : explain SELECT k, c FROM sbtest4 WHERE k BETWEEN 2327787 AND 2327887
	Bitmap Heap Scan on sbtest4  (cost=5.58..448.96 rows=112 width=125)
	  Recheck Cond: ((k >= 2327787) AND (k <= 2327887))
	  ->  Bitmap Index Scan on k_4  (cost=0.00..5.55 rows=112 width=0)
	        Index Cond: ((k >= 2327787) AND (k <= 2327887))

table 5 : explain SELECT k, c FROM sbtest5 WHERE k BETWEEN 2327787 AND 2327887
	Bitmap Heap Scan on sbtest5  (cost=5.52..425.32 rows=106 width=125)
	  Recheck Cond: ((k >= 2327787) AND (k <= 2327887))
	  ->  Bitmap Index Scan on k_5  (cost=0.00..5.50 rows=106 width=0)
	        Index Cond: ((k >= 2327787) AND (k <= 2327887))

table 6 : explain SELECT k, c FROM sbtest6 WHERE k BETWEEN 2327787 AND 2327887
	Bitmap Heap Scan on sbtest6  (cost=5.38..370.06 rows=92 width=125)
	  Recheck Cond: ((k >= 2327787) AND (k <= 2327887))
	  ->  Bitmap Index Scan on k_6  (cost=0.00..5.35 rows=92 width=0)
	        Index Cond: ((k >= 2327787) AND (k <= 2327887))

table 7 : explain SELECT k, c FROM sbtest7 WHERE k BETWEEN 2327787 AND 2327887
	Bitmap Heap Scan on sbtest7  (cost=5.45..397.63 rows=99 width=125)
	  Recheck Cond: ((k >= 2327787) AND (k <= 2327887))
	  ->  Bitmap Index Scan on k_7  (cost=0.00..5.42 rows=99 width=0)
	        Index Cond: ((k >= 2327787) AND (k <= 2327887))

table 8 : explain SELECT k, c FROM sbtest8 WHERE k BETWEEN 2327787 AND 2327887
	Bitmap Heap Scan on sbtest8  (cost=5.55..437.14 rows=109 width=125)
	  Recheck Cond: ((k >= 2327787) AND (k <= 2327887))
	  ->  Bitmap Index Scan on k_8  (cost=0.00..5.52 rows=109 width=0)
	        Index Cond: ((k >= 2327787) AND (k <= 2327887))

for range-notcovered
table 1 : explain SELECT k, c FROM sbtest1 WHERE k BETWEEN 5503157 AND 5503257
	Bitmap Heap Scan on sbtest1  (cost=5.49..413.53 rows=103 width=125)
	  Recheck Cond: ((k >= 5503157) AND (k <= 5503257))
	  ->  Bitmap Index Scan on k_1  (cost=0.00..5.46 rows=103 width=0)
	        Index Cond: ((k >= 5503157) AND (k <= 5503257))

table 2 : explain SELECT k, c FROM sbtest2 WHERE k BETWEEN 5503157 AND 5503257
	Bitmap Heap Scan on sbtest2  (cost=5.56..441.08 rows=110 width=125)
	  Recheck Cond: ((k >= 5503157) AND (k <= 5503257))
	  ->  Bitmap Index Scan on k_2  (cost=0.00..5.53 rows=110 width=0)
	        Index Cond: ((k >= 5503157) AND (k <= 5503257))

table 3 : explain SELECT k, c FROM sbtest3 WHERE k BETWEEN 5503157 AND 5503257
	Bitmap Heap Scan on sbtest3  (cost=5.41..381.86 rows=95 width=125)
	  Recheck Cond: ((k >= 5503157) AND (k <= 5503257))
	  ->  Bitmap Index Scan on k_3  (cost=0.00..5.38 rows=95 width=0)
	        Index Cond: ((k >= 5503157) AND (k <= 5503257))

table 4 : explain SELECT k, c FROM sbtest4 WHERE k BETWEEN 5503157 AND 5503257
	Bitmap Heap Scan on sbtest4  (cost=5.41..381.91 rows=95 width=125)
	  Recheck Cond: ((k >= 5503157) AND (k <= 5503257))
	  ->  Bitmap Index Scan on k_4  (cost=0.00..5.38 rows=95 width=0)
	        Index Cond: ((k >= 5503157) AND (k <= 5503257))

table 5 : explain SELECT k, c FROM sbtest5 WHERE k BETWEEN 5503157 AND 5503257
	Bitmap Heap Scan on sbtest5  (cost=5.54..433.20 rows=108 width=125)
	  Recheck Cond: ((k >= 5503157) AND (k <= 5503257))
	  ->  Bitmap Index Scan on k_5  (cost=0.00..5.51 rows=108 width=0)
	        Index Cond: ((k >= 5503157) AND (k <= 5503257))

table 6 : explain SELECT k, c FROM sbtest6 WHERE k BETWEEN 5503157 AND 5503257
	Bitmap Heap Scan on sbtest6  (cost=5.57..445.01 rows=111 width=125)
	  Recheck Cond: ((k >= 5503157) AND (k <= 5503257))
	  ->  Bitmap Index Scan on k_6  (cost=0.00..5.54 rows=111 width=0)
	        Index Cond: ((k >= 5503157) AND (k <= 5503257))

table 7 : explain SELECT k, c FROM sbtest7 WHERE k BETWEEN 5503157 AND 5503257
	Bitmap Heap Scan on sbtest7  (cost=5.43..389.74 rows=97 width=125)
	  Recheck Cond: ((k >= 5503157) AND (k <= 5503257))
	  ->  Bitmap Index Scan on k_7  (cost=0.00..5.40 rows=97 width=0)
	        Index Cond: ((k >= 5503157) AND (k <= 5503257))

table 8 : explain SELECT k, c FROM sbtest8 WHERE k BETWEEN 5503157 AND 5503257
	Bitmap Heap Scan on sbtest8  (cost=5.46..401.65 rows=100 width=125)
	  Recheck Cond: ((k >= 5503157) AND (k <= 5503257))
	  ->  Bitmap Index Scan on k_8  (cost=0.00..5.43 rows=100 width=0)
	        Index Cond: ((k >= 5503157) AND (k <= 5503257))

for range-notcovered
table 1 : explain SELECT k, c FROM sbtest1 WHERE k BETWEEN 8712676 AND 8712776
	Bitmap Heap Scan on sbtest1  (cost=5.44..393.80 rows=98 width=125)
	  Recheck Cond: ((k >= 8712676) AND (k <= 8712776))
	  ->  Bitmap Index Scan on k_1  (cost=0.00..5.42 rows=98 width=0)
	        Index Cond: ((k >= 8712676) AND (k <= 8712776))

table 2 : explain SELECT k, c FROM sbtest2 WHERE k BETWEEN 8712676 AND 8712776
	Bitmap Heap Scan on sbtest2  (cost=5.47..405.59 rows=101 width=125)
	  Recheck Cond: ((k >= 8712676) AND (k <= 8712776))
	  ->  Bitmap Index Scan on k_2  (cost=0.00..5.44 rows=101 width=0)
	        Index Cond: ((k >= 8712676) AND (k <= 8712776))

table 3 : explain SELECT k, c FROM sbtest3 WHERE k BETWEEN 8712676 AND 8712776
	Bitmap Heap Scan on sbtest3  (cost=5.50..417.37 rows=104 width=125)
	  Recheck Cond: ((k >= 8712676) AND (k <= 8712776))
	  ->  Bitmap Index Scan on k_3  (cost=0.00..5.47 rows=104 width=0)
	        Index Cond: ((k >= 8712676) AND (k <= 8712776))

table 4 : explain SELECT k, c FROM sbtest4 WHERE k BETWEEN 8712676 AND 8712776
	Bitmap Heap Scan on sbtest4  (cost=5.52..425.31 rows=106 width=125)
	  Recheck Cond: ((k >= 8712676) AND (k <= 8712776))
	  ->  Bitmap Index Scan on k_4  (cost=0.00..5.50 rows=106 width=0)
	        Index Cond: ((k >= 8712676) AND (k <= 8712776))

table 5 : explain SELECT k, c FROM sbtest5 WHERE k BETWEEN 8712676 AND 8712776
	Bitmap Heap Scan on sbtest5  (cost=5.43..389.81 rows=97 width=125)
	  Recheck Cond: ((k >= 8712676) AND (k <= 8712776))
	  ->  Bitmap Index Scan on k_5  (cost=0.00..5.40 rows=97 width=0)
	        Index Cond: ((k >= 8712676) AND (k <= 8712776))

table 6 : explain SELECT k, c FROM sbtest6 WHERE k BETWEEN 8712676 AND 8712776
	Bitmap Heap Scan on sbtest6  (cost=5.59..452.89 rows=113 width=125)
	  Recheck Cond: ((k >= 8712676) AND (k <= 8712776))
	  ->  Bitmap Index Scan on k_6  (cost=0.00..5.56 rows=113 width=0)
	        Index Cond: ((k >= 8712676) AND (k <= 8712776))

table 7 : explain SELECT k, c FROM sbtest7 WHERE k BETWEEN 8712676 AND 8712776
	Bitmap Heap Scan on sbtest7  (cost=5.49..413.41 rows=103 width=125)
	  Recheck Cond: ((k >= 8712676) AND (k <= 8712776))
	  ->  Bitmap Index Scan on k_7  (cost=0.00..5.46 rows=103 width=0)
	        Index Cond: ((k >= 8712676) AND (k <= 8712776))

table 8 : explain SELECT k, c FROM sbtest8 WHERE k BETWEEN 8712676 AND 8712776
	Bitmap Heap Scan on sbtest8  (cost=5.46..401.65 rows=100 width=125)
	  Recheck Cond: ((k >= 8712676) AND (k <= 8712776))
	  ->  Bitmap Index Scan on k_8  (cost=0.00..5.43 rows=100 width=0)
	        Index Cond: ((k >= 8712676) AND (k <= 8712776))
for range-notcovered
table 1 : explain SELECT k, c FROM sbtest1 WHERE k BETWEEN 7743810 AND 7743910
	Bitmap Heap Scan on sbtest1  (cost=5.40..378.01 rows=94 width=125)
	  Recheck Cond: ((k >= 7743810) AND (k <= 7743910))
	  ->  Bitmap Index Scan on k_1  (cost=0.00..5.38 rows=94 width=0)
	        Index Cond: ((k >= 7743810) AND (k <= 7743910))

table 2 : explain SELECT k, c FROM sbtest2 WHERE k BETWEEN 7743810 AND 7743910
	Bitmap Heap Scan on sbtest2  (cost=5.47..405.59 rows=101 width=125)
	  Recheck Cond: ((k >= 7743810) AND (k <= 7743910))
	  ->  Bitmap Index Scan on k_2  (cost=0.00..5.44 rows=101 width=0)
	        Index Cond: ((k >= 7743810) AND (k <= 7743910))

table 3 : explain SELECT k, c FROM sbtest3 WHERE k BETWEEN 7743810 AND 7743910
	Bitmap Heap Scan on sbtest3  (cost=5.41..381.86 rows=95 width=125)
	  Recheck Cond: ((k >= 7743810) AND (k <= 7743910))
	  ->  Bitmap Index Scan on k_3  (cost=0.00..5.38 rows=95 width=0)
	        Index Cond: ((k >= 7743810) AND (k <= 7743910))

table 4 : explain SELECT k, c FROM sbtest4 WHERE k BETWEEN 7743810 AND 7743910
	Bitmap Heap Scan on sbtest4  (cost=5.46..401.64 rows=100 width=125)
	  Recheck Cond: ((k >= 7743810) AND (k <= 7743910))
	  ->  Bitmap Index Scan on k_4  (cost=0.00..5.43 rows=100 width=0)
	        Index Cond: ((k >= 7743810) AND (k <= 7743910))

table 5 : explain SELECT k, c FROM sbtest5 WHERE k BETWEEN 7743810 AND 7743910
	Bitmap Heap Scan on sbtest5  (cost=5.47..405.60 rows=101 width=125)
	  Recheck Cond: ((k >= 7743810) AND (k <= 7743910))
	  ->  Bitmap Index Scan on k_5  (cost=0.00..5.44 rows=101 width=0)
	        Index Cond: ((k >= 7743810) AND (k <= 7743910))

table 6 : explain SELECT k, c FROM sbtest6 WHERE k BETWEEN 7743810 AND 7743910
	Bitmap Heap Scan on sbtest6  (cost=5.44..393.74 rows=98 width=125)
	  Recheck Cond: ((k >= 7743810) AND (k <= 7743910))
	  ->  Bitmap Index Scan on k_6  (cost=0.00..5.42 rows=98 width=0)
	        Index Cond: ((k >= 7743810) AND (k <= 7743910))

table 7 : explain SELECT k, c FROM sbtest7 WHERE k BETWEEN 7743810 AND 7743910
	Bitmap Heap Scan on sbtest7  (cost=5.50..417.35 rows=104 width=125)
	  Recheck Cond: ((k >= 7743810) AND (k <= 7743910))
	  ->  Bitmap Index Scan on k_7  (cost=0.00..5.47 rows=104 width=0)
	        Index Cond: ((k >= 7743810) AND (k <= 7743910))

table 8 : explain SELECT k, c FROM sbtest8 WHERE k BETWEEN 7743810 AND 7743910
	Bitmap Heap Scan on sbtest8  (cost=5.48..409.54 rows=102 width=125)
	  Recheck Cond: ((k >= 7743810) AND (k <= 7743910))
	  ->  Bitmap Index Scan on k_8  (cost=0.00..5.45 rows=102 width=0)
	        Index Cond: ((k >= 7743810) AND (k <= 7743910))
for range-notcovered
table 1 : explain SELECT k, c FROM sbtest1 WHERE k BETWEEN 6927879 AND 6927979
	Bitmap Heap Scan on sbtest1  (cost=5.46..401.69 rows=100 width=125)
	  Recheck Cond: ((k >= 6927879) AND (k <= 6927979))
	  ->  Bitmap Index Scan on k_1  (cost=0.00..5.43 rows=100 width=0)
	        Index Cond: ((k >= 6927879) AND (k <= 6927979))

table 2 : explain SELECT k, c FROM sbtest2 WHERE k BETWEEN 6927879 AND 6927979
	Bitmap Heap Scan on sbtest2  (cost=5.52..425.31 rows=106 width=125)
	  Recheck Cond: ((k >= 6927879) AND (k <= 6927979))
	  ->  Bitmap Index Scan on k_2  (cost=0.00..5.50 rows=106 width=0)
	        Index Cond: ((k >= 6927879) AND (k <= 6927979))

table 3 : explain SELECT k, c FROM sbtest3 WHERE k BETWEEN 6927879 AND 6927979
	Bitmap Heap Scan on sbtest3  (cost=5.57..444.96 rows=111 width=125)
	  Recheck Cond: ((k >= 6927879) AND (k <= 6927979))
	  ->  Bitmap Index Scan on k_3  (cost=0.00..5.54 rows=111 width=0)
	        Index Cond: ((k >= 6927879) AND (k <= 6927979))

table 4 : explain SELECT k, c FROM sbtest4 WHERE k BETWEEN 6927879 AND 6927979
	Bitmap Heap Scan on sbtest4  (cost=5.44..393.75 rows=98 width=125)
	  Recheck Cond: ((k >= 6927879) AND (k <= 6927979))
	  ->  Bitmap Index Scan on k_4  (cost=0.00..5.42 rows=98 width=0)
	        Index Cond: ((k >= 6927879) AND (k <= 6927979))

table 5 : explain SELECT k, c FROM sbtest5 WHERE k BETWEEN 6927879 AND 6927979
	Bitmap Heap Scan on sbtest5  (cost=5.56..441.09 rows=110 width=125)
	  Recheck Cond: ((k >= 6927879) AND (k <= 6927979))
	  ->  Bitmap Index Scan on k_5  (cost=0.00..5.53 rows=110 width=0)
	        Index Cond: ((k >= 6927879) AND (k <= 6927979))

table 6 : explain SELECT k, c FROM sbtest6 WHERE k BETWEEN 6927879 AND 6927979
	Bitmap Heap Scan on sbtest6  (cost=5.42..385.85 rows=96 width=125)
	  Recheck Cond: ((k >= 6927879) AND (k <= 6927979))
	  ->  Bitmap Index Scan on k_6  (cost=0.00..5.39 rows=96 width=0)
	        Index Cond: ((k >= 6927879) AND (k <= 6927979))

table 7 : explain SELECT k, c FROM sbtest7 WHERE k BETWEEN 6927879 AND 6927979
	Bitmap Heap Scan on sbtest7  (cost=5.47..405.52 rows=101 width=125)
	  Recheck Cond: ((k >= 6927879) AND (k <= 6927979))
	  ->  Bitmap Index Scan on k_7  (cost=0.00..5.44 rows=101 width=0)
	        Index Cond: ((k >= 6927879) AND (k <= 6927979))

table 8 : explain SELECT k, c FROM sbtest8 WHERE k BETWEEN 6927879 AND 6927979
	Bitmap Heap Scan on sbtest8  (cost=5.50..417.43 rows=104 width=125)
	  Recheck Cond: ((k >= 6927879) AND (k <= 6927979))
	  ->  Bitmap Index Scan on k_8  (cost=0.00..5.47 rows=104 width=0)
	        Index Cond: ((k >= 6927879) AND (k <= 6927979))

explain: for range-notcovered :: explain SELECT k, c FROM sbtest%d WHERE k BETWEEN 4791999 AND 4792099
explain: for range-notcovered :: explain SELECT k, c FROM sbtest%d WHERE k BETWEEN 6814436 AND 6814536




explain: for range-notcovered :: explain SELECT k, c FROM sbtest%d WHERE k BETWEEN 1934489 AND 1934589
for range-notcovered
table 1 : explain SELECT k, c FROM sbtest1 WHERE k BETWEEN 8262231 AND 8262331
	Bitmap Heap Scan on sbtest1  (cost=5.50..417.47 rows=104 width=125)
	  Recheck Cond: ((k >= 8262231) AND (k <= 8262331))
	  ->  Bitmap Index Scan on k_1  (cost=0.00..5.47 rows=104 width=0)
	        Index Cond: ((k >= 8262231) AND (k <= 8262331))

table 2 : explain SELECT k, c FROM sbtest2 WHERE k BETWEEN 8262231 AND 8262331
	Bitmap Heap Scan on sbtest2  (cost=5.42..385.86 rows=96 width=125)
	  Recheck Cond: ((k >= 8262231) AND (k <= 8262331))
	  ->  Bitmap Index Scan on k_2  (cost=0.00..5.39 rows=96 width=0)
	        Index Cond: ((k >= 8262231) AND (k <= 8262331))

table 3 : explain SELECT k, c FROM sbtest3 WHERE k BETWEEN 8262231 AND 8262331
	Bitmap Heap Scan on sbtest3  (cost=5.51..421.31 rows=105 width=125)
	  Recheck Cond: ((k >= 8262231) AND (k <= 8262331))
	  ->  Bitmap Index Scan on k_3  (cost=0.00..5.48 rows=105 width=0)
	        Index Cond: ((k >= 8262231) AND (k <= 8262331))

table 4 : explain SELECT k, c FROM sbtest4 WHERE k BETWEEN 8262231 AND 8262331
	Bitmap Heap Scan on sbtest4  (cost=5.49..413.48 rows=103 width=125)
	  Recheck Cond: ((k >= 8262231) AND (k <= 8262331))
	  ->  Bitmap Index Scan on k_4  (cost=0.00..5.46 rows=103 width=0)
	        Index Cond: ((k >= 8262231) AND (k <= 8262331))

table 5 : explain SELECT k, c FROM sbtest5 WHERE k BETWEEN 8262231 AND 8262331
	Bitmap Heap Scan on sbtest5  (cost=5.53..429.26 rows=107 width=125)
	  Recheck Cond: ((k >= 8262231) AND (k <= 8262331))
	  ->  Bitmap Index Scan on k_5  (cost=0.00..5.50 rows=107 width=0)
	        Index Cond: ((k >= 8262231) AND (k <= 8262331))

table 6 : explain SELECT k, c FROM sbtest6 WHERE k BETWEEN 8262231 AND 8262331
	Bitmap Heap Scan on sbtest6  (cost=5.49..413.47 rows=103 width=125)
	  Recheck Cond: ((k >= 8262231) AND (k <= 8262331))
	  ->  Bitmap Index Scan on k_6  (cost=0.00..5.46 rows=103 width=0)
	        Index Cond: ((k >= 8262231) AND (k <= 8262331))

table 7 : explain SELECT k, c FROM sbtest7 WHERE k BETWEEN 8262231 AND 8262331
	Bitmap Heap Scan on sbtest7  (cost=5.47..405.52 rows=101 width=125)
	  Recheck Cond: ((k >= 8262231) AND (k <= 8262331))
	  ->  Bitmap Index Scan on k_7  (cost=0.00..5.44 rows=101 width=0)
	        Index Cond: ((k >= 8262231) AND (k <= 8262331))

table 8 : explain SELECT k, c FROM sbtest8 WHERE k BETWEEN 8262231 AND 8262331
	Bitmap Heap Scan on sbtest8  (cost=5.46..401.65 rows=100 width=125)
	  Recheck Cond: ((k >= 8262231) AND (k <= 8262331))
	  ->  Bitmap Index Scan on k_8  (cost=0.00..5.43 rows=100 width=0)
	        Index Cond: ((k >= 8262231) AND (k <= 8262331))

explain: for range-notcovered :: explain SELECT k, c FROM sbtest%d WHERE k BETWEEN 8712676 AND 8712776
for range-notcovered
table 1 : explain SELECT k, c FROM sbtest1 WHERE k BETWEEN 7378895 AND 7378995
	Bitmap Heap Scan on sbtest1  (cost=5.42..385.90 rows=96 width=125)
	  Recheck Cond: ((k >= 7378895) AND (k <= 7378995))
	  ->  Bitmap Index Scan on k_1  (cost=0.00..5.39 rows=96 width=0)
	        Index Cond: ((k >= 7378895) AND (k <= 7378995))

table 2 : explain SELECT k, c FROM sbtest2 WHERE k BETWEEN 7378895 AND 7378995
	Bitmap Heap Scan on sbtest2  (cost=5.43..389.80 rows=97 width=125)
	  Recheck Cond: ((k >= 7378895) AND (k <= 7378995))
	  ->  Bitmap Index Scan on k_2  (cost=0.00..5.40 rows=97 width=0)
	        Index Cond: ((k >= 7378895) AND (k <= 7378995))

table 3 : explain SELECT k, c FROM sbtest3 WHERE k BETWEEN 7378895 AND 7378995
	Bitmap Heap Scan on sbtest3  (cost=5.43..389.75 rows=97 width=125)
	  Recheck Cond: ((k >= 7378895) AND (k <= 7378995))
	  ->  Bitmap Index Scan on k_3  (cost=0.00..5.40 rows=97 width=0)
	        Index Cond: ((k >= 7378895) AND (k <= 7378995))

table 4 : explain SELECT k, c FROM sbtest4 WHERE k BETWEEN 7378895 AND 7378995
	Bitmap Heap Scan on sbtest4  (cost=5.40..377.96 rows=94 width=125)
	  Recheck Cond: ((k >= 7378895) AND (k <= 7378995))
	  ->  Bitmap Index Scan on k_4  (cost=0.00..5.38 rows=94 width=0)
	        Index Cond: ((k >= 7378895) AND (k <= 7378995))

table 5 : explain SELECT k, c FROM sbtest5 WHERE k BETWEEN 7378895 AND 7378995
	Bitmap Heap Scan on sbtest5  (cost=5.46..401.65 rows=100 width=125)
	  Recheck Cond: ((k >= 7378895) AND (k <= 7378995))
	  ->  Bitmap Index Scan on k_5  (cost=0.00..5.43 rows=100 width=0)
	        Index Cond: ((k >= 7378895) AND (k <= 7378995))

table 6 : explain SELECT k, c FROM sbtest6 WHERE k BETWEEN 7378895 AND 7378995
	Bitmap Heap Scan on sbtest6  (cost=5.52..425.30 rows=106 width=125)
	  Recheck Cond: ((k >= 7378895) AND (k <= 7378995))
	  ->  Bitmap Index Scan on k_6  (cost=0.00..5.50 rows=106 width=0)
	        Index Cond: ((k >= 7378895) AND (k <= 7378995))

table 7 : explain SELECT k, c FROM sbtest7 WHERE k BETWEEN 7378895 AND 7378995
	Bitmap Heap Scan on sbtest7  (cost=5.48..409.46 rows=102 width=125)
	  Recheck Cond: ((k >= 7378895) AND (k <= 7378995))
	  ->  Bitmap Index Scan on k_7  (cost=0.00..5.45 rows=102 width=0)
	        Index Cond: ((k >= 7378895) AND (k <= 7378995))

table 8 : explain SELECT k, c FROM sbtest8 WHERE k BETWEEN 7378895 AND 7378995
	Bitmap Heap Scan on sbtest8  (cost=5.43..389.81 rows=97 width=125)
	  Recheck Cond: ((k >= 7378895) AND (k <= 7378995))
	  ->  Bitmap Index Scan on k_8  (cost=0.00..5.40 rows=97 width=0)
	        Index Cond: ((k >= 7378895) AND (k <= 7378995))

explain: for range-notcovered :: explain SELECT k, c FROM sbtest%d WHERE k BETWEEN 8262231 AND 8262331
for range-notcovered
table 1 : explain SELECT k, c FROM sbtest1 WHERE k BETWEEN 5443553 AND 5443653
	Bitmap Heap Scan on sbtest1  (cost=5.48..409.58 rows=102 width=125)
	  Recheck Cond: ((k >= 5443553) AND (k <= 5443653))
	  ->  Bitmap Index Scan on k_1  (cost=0.00..5.45 rows=102 width=0)
	        Index Cond: ((k >= 5443553) AND (k <= 5443653))

table 2 : explain SELECT k, c FROM sbtest2 WHERE k BETWEEN 5443553 AND 5443653
	Bitmap Heap Scan on sbtest2  (cost=5.39..374.01 rows=93 width=125)
	  Recheck Cond: ((k >= 5443553) AND (k <= 5443653))
	  ->  Bitmap Index Scan on k_2  (cost=0.00..5.36 rows=93 width=0)
	        Index Cond: ((k >= 5443553) AND (k <= 5443653))

table 3 : explain SELECT k, c FROM sbtest3 WHERE k BETWEEN 5443553 AND 5443653
	Bitmap Heap Scan on sbtest3  (cost=5.58..448.90 rows=112 width=125)
	  Recheck Cond: ((k >= 5443553) AND (k <= 5443653))
	  ->  Bitmap Index Scan on k_3  (cost=0.00..5.55 rows=112 width=0)
	        Index Cond: ((k >= 5443553) AND (k <= 5443653))

table 4 : explain SELECT k, c FROM sbtest4 WHERE k BETWEEN 5443553 AND 5443653
	Bitmap Heap Scan on sbtest4  (cost=5.52..425.31 rows=106 width=125)
	  Recheck Cond: ((k >= 5443553) AND (k <= 5443653))
	  ->  Bitmap Index Scan on k_4  (cost=0.00..5.50 rows=106 width=0)
	        Index Cond: ((k >= 5443553) AND (k <= 5443653))

table 5 : explain SELECT k, c FROM sbtest5 WHERE k BETWEEN 5443553 AND 5443653
	Bitmap Heap Scan on sbtest5  (cost=5.54..433.20 rows=108 width=125)
	  Recheck Cond: ((k >= 5443553) AND (k <= 5443653))
	  ->  Bitmap Index Scan on k_5  (cost=0.00..5.51 rows=108 width=0)
	        Index Cond: ((k >= 5443553) AND (k <= 5443653))

table 6 : explain SELECT k, c FROM sbtest6 WHERE k BETWEEN 5443553 AND 5443653
	Bitmap Heap Scan on sbtest6  (cost=5.57..445.01 rows=111 width=125)
	  Recheck Cond: ((k >= 5443553) AND (k <= 5443653))
	  ->  Bitmap Index Scan on k_6  (cost=0.00..5.54 rows=111 width=0)
	        Index Cond: ((k >= 5443553) AND (k <= 5443653))

table 7 : explain SELECT k, c FROM sbtest7 WHERE k BETWEEN 5443553 AND 5443653
	Bitmap Heap Scan on sbtest7  (cost=5.46..401.57 rows=100 width=125)
	  Recheck Cond: ((k >= 5443553) AND (k <= 5443653))
	  ->  Bitmap Index Scan on k_7  (cost=0.00..5.43 rows=100 width=0)
	        Index Cond: ((k >= 5443553) AND (k <= 5443653))

table 8 : explain SELECT k, c FROM sbtest8 WHERE k BETWEEN 5443553 AND 5443653
	Bitmap Heap Scan on sbtest8  (cost=5.46..401.65 rows=100 width=125)
	  Recheck Cond: ((k >= 5443553) AND (k <= 5443653))
	  ->  Bitmap Index Scan on k_8  (cost=0.00..5.43 rows=100 width=0)
	        Index Cond: ((k >= 5443553) AND (k <= 5443653))

explain: for range-notcovered :: explain SELECT k, c FROM sbtest%d WHERE k BETWEEN 7378895 AND 7378995
for range-notcovered
table 1 : explain SELECT k, c FROM sbtest1 WHERE k BETWEEN 3507413 AND 3507513
	Bitmap Heap Scan on sbtest1  (cost=5.39..374.06 rows=93 width=125)
	  Recheck Cond: ((k >= 3507413) AND (k <= 3507513))
	  ->  Bitmap Index Scan on k_1  (cost=0.00..5.36 rows=93 width=0)
	        Index Cond: ((k >= 3507413) AND (k <= 3507513))

table 2 : explain SELECT k, c FROM sbtest2 WHERE k BETWEEN 3507413 AND 3507513
	Bitmap Heap Scan on sbtest2  (cost=5.48..409.53 rows=102 width=125)
	  Recheck Cond: ((k >= 3507413) AND (k <= 3507513))
	  ->  Bitmap Index Scan on k_2  (cost=0.00..5.45 rows=102 width=0)
	        Index Cond: ((k >= 3507413) AND (k <= 3507513))

table 3 : explain SELECT k, c FROM sbtest3 WHERE k BETWEEN 3507413 AND 3507513
	Bitmap Heap Scan on sbtest3  (cost=5.46..401.59 rows=100 width=125)
	  Recheck Cond: ((k >= 3507413) AND (k <= 3507513))
	  ->  Bitmap Index Scan on k_3  (cost=0.00..5.43 rows=100 width=0)
	        Index Cond: ((k >= 3507413) AND (k <= 3507513))

table 4 : explain SELECT k, c FROM sbtest4 WHERE k BETWEEN 3507413 AND 3507513
	Bitmap Heap Scan on sbtest4  (cost=5.46..401.64 rows=100 width=125)
	  Recheck Cond: ((k >= 3507413) AND (k <= 3507513))
	  ->  Bitmap Index Scan on k_4  (cost=0.00..5.43 rows=100 width=0)
	        Index Cond: ((k >= 3507413) AND (k <= 3507513))

table 5 : explain SELECT k, c FROM sbtest5 WHERE k BETWEEN 3507413 AND 3507513
	Bitmap Heap Scan on sbtest5  (cost=5.52..425.32 rows=106 width=125)
	  Recheck Cond: ((k >= 3507413) AND (k <= 3507513))
	  ->  Bitmap Index Scan on k_5  (cost=0.00..5.50 rows=106 width=0)
	        Index Cond: ((k >= 3507413) AND (k <= 3507513))

table 6 : explain SELECT k, c FROM sbtest6 WHERE k BETWEEN 3507413 AND 3507513
	Bitmap Heap Scan on sbtest6  (cost=5.55..437.13 rows=109 width=125)
	  Recheck Cond: ((k >= 3507413) AND (k <= 3507513))
	  ->  Bitmap Index Scan on k_6  (cost=0.00..5.52 rows=109 width=0)
	        Index Cond: ((k >= 3507413) AND (k <= 3507513))

table 7 : explain SELECT k, c FROM sbtest7 WHERE k BETWEEN 3507413 AND 3507513
	Bitmap Heap Scan on sbtest7  (cost=5.46..401.57 rows=100 width=125)
	  Recheck Cond: ((k >= 3507413) AND (k <= 3507513))
	  ->  Bitmap Index Scan on k_7  (cost=0.00..5.43 rows=100 width=0)
	        Index Cond: ((k >= 3507413) AND (k <= 3507513))

table 8 : explain SELECT k, c FROM sbtest8 WHERE k BETWEEN 3507413 AND 3507513
	Bitmap Heap Scan on sbtest8  (cost=5.53..429.26 rows=107 width=125)
	  Recheck Cond: ((k >= 3507413) AND (k <= 3507513))
	  ->  Bitmap Index Scan on k_8  (cost=0.00..5.50 rows=107 width=0)
	        Index Cond: ((k >= 3507413) AND (k <= 3507513))

for range-notcovered
table 1 : explain SELECT k, c FROM sbtest1 WHERE k BETWEEN 2158070 AND 2158170
	Bitmap Heap Scan on sbtest1  (cost=5.46..401.69 rows=100 width=125)
	  Recheck Cond: ((k >= 2158070) AND (k <= 2158170))
	  ->  Bitmap Index Scan on k_1  (cost=0.00..5.43 rows=100 width=0)
	        Index Cond: ((k >= 2158070) AND (k <= 2158170))

table 2 : explain SELECT k, c FROM sbtest2 WHERE k BETWEEN 2158070 AND 2158170
	Bitmap Heap Scan on sbtest2  (cost=5.53..429.25 rows=107 width=125)
	  Recheck Cond: ((k >= 2158070) AND (k <= 2158170))
	  ->  Bitmap Index Scan on k_2  (cost=0.00..5.50 rows=107 width=0)
	        Index Cond: ((k >= 2158070) AND (k <= 2158170))

table 3 : explain SELECT k, c FROM sbtest3 WHERE k BETWEEN 2158070 AND 2158170
	Bitmap Heap Scan on sbtest3  (cost=5.53..429.19 rows=107 width=125)
	  Recheck Cond: ((k >= 2158070) AND (k <= 2158170))
	  ->  Bitmap Index Scan on k_3  (cost=0.00..5.50 rows=107 width=0)
	        Index Cond: ((k >= 2158070) AND (k <= 2158170))

table 4 : explain SELECT k, c FROM sbtest4 WHERE k BETWEEN 2158070 AND 2158170
	Bitmap Heap Scan on sbtest4  (cost=5.51..421.36 rows=105 width=125)
	  Recheck Cond: ((k >= 2158070) AND (k <= 2158170))
	  ->  Bitmap Index Scan on k_4  (cost=0.00..5.48 rows=105 width=0)
	        Index Cond: ((k >= 2158070) AND (k <= 2158170))

table 5 : explain SELECT k, c FROM sbtest5 WHERE k BETWEEN 2158070 AND 2158170
	Bitmap Heap Scan on sbtest5  (cost=5.45..397.70 rows=99 width=125)
	  Recheck Cond: ((k >= 2158070) AND (k <= 2158170))
	  ->  Bitmap Index Scan on k_5  (cost=0.00..5.42 rows=99 width=0)
	        Index Cond: ((k >= 2158070) AND (k <= 2158170))

table 6 : explain SELECT k, c FROM sbtest6 WHERE k BETWEEN 2158070 AND 2158170
	Bitmap Heap Scan on sbtest6  (cost=5.45..397.69 rows=99 width=125)
	  Recheck Cond: ((k >= 2158070) AND (k <= 2158170))
	  ->  Bitmap Index Scan on k_6  (cost=0.00..5.42 rows=99 width=0)
	        Index Cond: ((k >= 2158070) AND (k <= 2158170))

table 7 : explain SELECT k, c FROM sbtest7 WHERE k BETWEEN 2158070 AND 2158170
	Bitmap Heap Scan on sbtest7  (cost=5.45..397.63 rows=99 width=125)
	  Recheck Cond: ((k >= 2158070) AND (k <= 2158170))
	  ->  Bitmap Index Scan on k_7  (cost=0.00..5.42 rows=99 width=0)
	        Index Cond: ((k >= 2158070) AND (k <= 2158170))

table 8 : explain SELECT k, c FROM sbtest8 WHERE k BETWEEN 2158070 AND 2158170
	Bitmap Heap Scan on sbtest8  (cost=5.52..425.32 rows=106 width=125)
	  Recheck Cond: ((k >= 2158070) AND (k <= 2158170))
	  ->  Bitmap Index Scan on k_8  (cost=0.00..5.50 rows=106 width=0)
	        Index Cond: ((k >= 2158070) AND (k <= 2158170))

explain: for range-notcovered :: explain SELECT k, c FROM sbtest%d WHERE k BETWEEN 5443553 AND 5443653
for range-notcovered
table 1 : explain SELECT k, c FROM sbtest1 WHERE k BETWEEN 4873456 AND 4873556
	Bitmap Heap Scan on sbtest1  (cost=5.65..476.60 rows=119 width=125)
	  Recheck Cond: ((k >= 4873456) AND (k <= 4873556))
	  ->  Bitmap Index Scan on k_1  (cost=0.00..5.62 rows=119 width=0)
	        Index Cond: ((k >= 4873456) AND (k <= 4873556))

table 2 : explain SELECT k, c FROM sbtest2 WHERE k BETWEEN 4873456 AND 4873556
	Bitmap Heap Scan on sbtest2  (cost=5.48..409.53 rows=102 width=125)
	  Recheck Cond: ((k >= 4873456) AND (k <= 4873556))
	  ->  Bitmap Index Scan on k_2  (cost=0.00..5.45 rows=102 width=0)
	        Index Cond: ((k >= 4873456) AND (k <= 4873556))

table 3 : explain SELECT k, c FROM sbtest3 WHERE k BETWEEN 4873456 AND 4873556
	Bitmap Heap Scan on sbtest3  (cost=5.46..401.59 rows=100 width=125)
	  Recheck Cond: ((k >= 4873456) AND (k <= 4873556))
	  ->  Bitmap Index Scan on k_3  (cost=0.00..5.43 rows=100 width=0)
	        Index Cond: ((k >= 4873456) AND (k <= 4873556))

table 4 : explain SELECT k, c FROM sbtest4 WHERE k BETWEEN 4873456 AND 4873556
	Bitmap Heap Scan on sbtest4  (cost=5.53..429.25 rows=107 width=125)
	  Recheck Cond: ((k >= 4873456) AND (k <= 4873556))
	  ->  Bitmap Index Scan on k_4  (cost=0.00..5.50 rows=107 width=0)
	        Index Cond: ((k >= 4873456) AND (k <= 4873556))

table 5 : explain SELECT k, c FROM sbtest5 WHERE k BETWEEN 4873456 AND 4873556
	Bitmap Heap Scan on sbtest5  (cost=5.46..401.65 rows=100 width=125)
	  Recheck Cond: ((k >= 4873456) AND (k <= 4873556))
	  ->  Bitmap Index Scan on k_5  (cost=0.00..5.43 rows=100 width=0)
	        Index Cond: ((k >= 4873456) AND (k <= 4873556))

table 6 : explain SELECT k, c FROM sbtest6 WHERE k BETWEEN 4873456 AND 4873556
	Bitmap Heap Scan on sbtest6  (cost=5.50..417.41 rows=104 width=125)
	  Recheck Cond: ((k >= 4873456) AND (k <= 4873556))
	  ->  Bitmap Index Scan on k_6  (cost=0.00..5.47 rows=104 width=0)
	        Index Cond: ((k >= 4873456) AND (k <= 4873556))

table 7 : explain SELECT k, c FROM sbtest7 WHERE k BETWEEN 4873456 AND 4873556
	Bitmap Heap Scan on sbtest7  (cost=5.53..429.17 rows=107 width=125)
	  Recheck Cond: ((k >= 4873456) AND (k <= 4873556))
	  ->  Bitmap Index Scan on k_7  (cost=0.00..5.50 rows=107 width=0)
	        Index Cond: ((k >= 4873456) AND (k <= 4873556))

table 8 : explain SELECT k, c FROM sbtest8 WHERE k BETWEEN 4873456 AND 4873556
	Bitmap Heap Scan on sbtest8  (cost=5.59..452.91 rows=113 width=125)
	  Recheck Cond: ((k >= 4873456) AND (k <= 4873556))
	  ->  Bitmap Index Scan on k_8  (cost=0.00..5.56 rows=113 width=0)
	        Index Cond: ((k >= 4873456) AND (k <= 4873556))

for range-notcovered
table 1 : explain SELECT k, c FROM sbtest1 WHERE k BETWEEN 2646947 AND 2647047
	Bitmap Heap Scan on sbtest1  (cost=5.61..460.84 rows=115 width=125)
	  Recheck Cond: ((k >= 2646947) AND (k <= 2647047))
	  ->  Bitmap Index Scan on k_1  (cost=0.00..5.58 rows=115 width=0)
	        Index Cond: ((k >= 2646947) AND (k <= 2647047))

table 2 : explain SELECT k, c FROM sbtest2 WHERE k BETWEEN 2646947 AND 2647047
	Bitmap Heap Scan on sbtest2  (cost=5.45..397.70 rows=99 width=125)
	  Recheck Cond: ((k >= 2646947) AND (k <= 2647047))
	  ->  Bitmap Index Scan on k_2  (cost=0.00..5.42 rows=99 width=0)
	        Index Cond: ((k >= 2646947) AND (k <= 2647047))

table 3 : explain SELECT k, c FROM sbtest3 WHERE k BETWEEN 2646947 AND 2647047
	Bitmap Heap Scan on sbtest3  (cost=5.43..389.75 rows=97 width=125)
	  Recheck Cond: ((k >= 2646947) AND (k <= 2647047))
	  ->  Bitmap Index Scan on k_3  (cost=0.00..5.40 rows=97 width=0)
	        Index Cond: ((k >= 2646947) AND (k <= 2647047))

table 4 : explain SELECT k, c FROM sbtest4 WHERE k BETWEEN 2646947 AND 2647047
	Bitmap Heap Scan on sbtest4  (cost=5.45..397.70 rows=99 width=125)
	  Recheck Cond: ((k >= 2646947) AND (k <= 2647047))
	  ->  Bitmap Index Scan on k_4  (cost=0.00..5.42 rows=99 width=0)
	        Index Cond: ((k >= 2646947) AND (k <= 2647047))

table 5 : explain SELECT k, c FROM sbtest5 WHERE k BETWEEN 2646947 AND 2647047
	Bitmap Heap Scan on sbtest5  (cost=5.38..370.07 rows=92 width=125)
	  Recheck Cond: ((k >= 2646947) AND (k <= 2647047))
	  ->  Bitmap Index Scan on k_5  (cost=0.00..5.35 rows=92 width=0)
	        Index Cond: ((k >= 2646947) AND (k <= 2647047))

table 6 : explain SELECT k, c FROM sbtest6 WHERE k BETWEEN 2646947 AND 2647047
	Bitmap Heap Scan on sbtest6  (cost=5.46..401.63 rows=100 width=125)
	  Recheck Cond: ((k >= 2646947) AND (k <= 2647047))
	  ->  Bitmap Index Scan on k_6  (cost=0.00..5.43 rows=100 width=0)
	        Index Cond: ((k >= 2646947) AND (k <= 2647047))

table 7 : explain SELECT k, c FROM sbtest7 WHERE k BETWEEN 2646947 AND 2647047
	Bitmap Heap Scan on sbtest7  (cost=5.49..413.41 rows=103 width=125)
	  Recheck Cond: ((k >= 2646947) AND (k <= 2647047))
	  ->  Bitmap Index Scan on k_7  (cost=0.00..5.46 rows=103 width=0)
	        Index Cond: ((k >= 2646947) AND (k <= 2647047))

table 8 : explain SELECT k, c FROM sbtest8 WHERE k BETWEEN 2646947 AND 2647047
	Bitmap Heap Scan on sbtest8  (cost=5.47..405.60 rows=101 width=125)
	  Recheck Cond: ((k >= 2646947) AND (k <= 2647047))
	  ->  Bitmap Index Scan on k_8  (cost=0.00..5.44 rows=101 width=0)
	        Index Cond: ((k >= 2646947) AND (k <= 2647047))

for range-notcovered
table 1 : explain SELECT k, c FROM sbtest1 WHERE k BETWEEN 4981137 AND 4981237
	Bitmap Heap Scan on sbtest1  (cost=5.43..389.85 rows=97 width=125)
	  Recheck Cond: ((k >= 4981137) AND (k <= 4981237))
	  ->  Bitmap Index Scan on k_1  (cost=0.00..5.40 rows=97 width=0)
	        Index Cond: ((k >= 4981137) AND (k <= 4981237))

table 2 : explain SELECT k, c FROM sbtest2 WHERE k BETWEEN 4981137 AND 4981237
	Bitmap Heap Scan on sbtest2  (cost=5.57..445.02 rows=111 width=125)
	  Recheck Cond: ((k >= 4981137) AND (k <= 4981237))
	  ->  Bitmap Index Scan on k_2  (cost=0.00..5.54 rows=111 width=0)
	        Index Cond: ((k >= 4981137) AND (k <= 4981237))

table 3 : explain SELECT k, c FROM sbtest3 WHERE k BETWEEN 4981137 AND 4981237
	Bitmap Heap Scan on sbtest3  (cost=5.46..401.59 rows=100 width=125)
	  Recheck Cond: ((k >= 4981137) AND (k <= 4981237))
	  ->  Bitmap Index Scan on k_3  (cost=0.00..5.43 rows=100 width=0)
	        Index Cond: ((k >= 4981137) AND (k <= 4981237))

table 4 : explain SELECT k, c FROM sbtest4 WHERE k BETWEEN 4981137 AND 4981237
	Bitmap Heap Scan on sbtest4  (cost=5.48..409.53 rows=102 width=125)
	  Recheck Cond: ((k >= 4981137) AND (k <= 4981237))
	  ->  Bitmap Index Scan on k_4  (cost=0.00..5.45 rows=102 width=0)
	        Index Cond: ((k >= 4981137) AND (k <= 4981237))

table 5 : explain SELECT k, c FROM sbtest5 WHERE k BETWEEN 4981137 AND 4981237
	Bitmap Heap Scan on sbtest5  (cost=5.45..397.70 rows=99 width=125)
	  Recheck Cond: ((k >= 4981137) AND (k <= 4981237))
	  ->  Bitmap Index Scan on k_5  (cost=0.00..5.42 rows=99 width=0)
	        Index Cond: ((k >= 4981137) AND (k <= 4981237))

table 6 : explain SELECT k, c FROM sbtest6 WHERE k BETWEEN 4981137 AND 4981237
	Bitmap Heap Scan on sbtest6  (cost=5.49..413.47 rows=103 width=125)
	  Recheck Cond: ((k >= 4981137) AND (k <= 4981237))
	  ->  Bitmap Index Scan on k_6  (cost=0.00..5.46 rows=103 width=0)
	        Index Cond: ((k >= 4981137) AND (k <= 4981237))

table 7 : explain SELECT k, c FROM sbtest7 WHERE k BETWEEN 4981137 AND 4981237
	Bitmap Heap Scan on sbtest7  (cost=5.42..385.79 rows=96 width=125)
	  Recheck Cond: ((k >= 4981137) AND (k <= 4981237))
	  ->  Bitmap Index Scan on k_7  (cost=0.00..5.39 rows=96 width=0)
	        Index Cond: ((k >= 4981137) AND (k <= 4981237))

table 8 : explain SELECT k, c FROM sbtest8 WHERE k BETWEEN 4981137 AND 4981237
	Bitmap Heap Scan on sbtest8  (cost=5.39..374.02 rows=93 width=125)
	  Recheck Cond: ((k >= 4981137) AND (k <= 4981237))
	  ->  Bitmap Index Scan on k_8  (cost=0.00..5.36 rows=93 width=0)
	        Index Cond: ((k >= 4981137) AND (k <= 4981237))

for range-notcovered
table 1 : explain SELECT k, c FROM sbtest1 WHERE k BETWEEN 8510416 AND 8510516
	Bitmap Heap Scan on sbtest1  (cost=5.49..413.53 rows=103 width=125)
	  Recheck Cond: ((k >= 8510416) AND (k <= 8510516))
	  ->  Bitmap Index Scan on k_1  (cost=0.00..5.46 rows=103 width=0)
	        Index Cond: ((k >= 8510416) AND (k <= 8510516))

table 2 : explain SELECT k, c FROM sbtest2 WHERE k BETWEEN 8510416 AND 8510516
	Bitmap Heap Scan on sbtest2  (cost=5.49..413.48 rows=103 width=125)
	  Recheck Cond: ((k >= 8510416) AND (k <= 8510516))
	  ->  Bitmap Index Scan on k_2  (cost=0.00..5.46 rows=103 width=0)
	        Index Cond: ((k >= 8510416) AND (k <= 8510516))

table 3 : explain SELECT k, c FROM sbtest3 WHERE k BETWEEN 8510416 AND 8510516
	Bitmap Heap Scan on sbtest3  (cost=5.40..377.91 rows=94 width=125)
	  Recheck Cond: ((k >= 8510416) AND (k <= 8510516))
	  ->  Bitmap Index Scan on k_3  (cost=0.00..5.38 rows=94 width=0)
	        Index Cond: ((k >= 8510416) AND (k <= 8510516))

table 4 : explain SELECT k, c FROM sbtest4 WHERE k BETWEEN 8510416 AND 8510516
	Bitmap Heap Scan on sbtest4  (cost=5.55..437.13 rows=109 width=125)
	  Recheck Cond: ((k >= 8510416) AND (k <= 8510516))
	  ->  Bitmap Index Scan on k_4  (cost=0.00..5.52 rows=109 width=0)
	        Index Cond: ((k >= 8510416) AND (k <= 8510516))

table 5 : explain SELECT k, c FROM sbtest5 WHERE k BETWEEN 8510416 AND 8510516
	Bitmap Heap Scan on sbtest5  (cost=5.53..429.26 rows=107 width=125)
	  Recheck Cond: ((k >= 8510416) AND (k <= 8510516))
	  ->  Bitmap Index Scan on k_5  (cost=0.00..5.50 rows=107 width=0)
	        Index Cond: ((k >= 8510416) AND (k <= 8510516))

table 6 : explain SELECT k, c FROM sbtest6 WHERE k BETWEEN 8510416 AND 8510516
	Bitmap Heap Scan on sbtest6  (cost=5.45..397.69 rows=99 width=125)
	  Recheck Cond: ((k >= 8510416) AND (k <= 8510516))
	  ->  Bitmap Index Scan on k_6  (cost=0.00..5.42 rows=99 width=0)
	        Index Cond: ((k >= 8510416) AND (k <= 8510516))

table 7 : explain SELECT k, c FROM sbtest7 WHERE k BETWEEN 8510416 AND 8510516
	Bitmap Heap Scan on sbtest7  (cost=5.46..401.57 rows=100 width=125)
	  Recheck Cond: ((k >= 8510416) AND (k <= 8510516))
	  ->  Bitmap Index Scan on k_7  (cost=0.00..5.43 rows=100 width=0)
	        Index Cond: ((k >= 8510416) AND (k <= 8510516))

table 8 : explain SELECT k, c FROM sbtest8 WHERE k BETWEEN 8510416 AND 8510516
	Bitmap Heap Scan on sbtest8  (cost=5.47..405.60 rows=101 width=125)
	  Recheck Cond: ((k >= 8510416) AND (k <= 8510516))
	  ->  Bitmap Index Scan on k_8  (cost=0.00..5.44 rows=101 width=0)
	        Index Cond: ((k >= 8510416) AND (k <= 8510516))
for range-notcovered
table 1 : explain SELECT k, c FROM sbtest1 WHERE k BETWEEN 5603877 AND 5603977
	Bitmap Heap Scan on sbtest1  (cost=5.57..445.08 rows=111 width=125)
	  Recheck Cond: ((k >= 5603877) AND (k <= 5603977))
	  ->  Bitmap Index Scan on k_1  (cost=0.00..5.54 rows=111 width=0)
	        Index Cond: ((k >= 5603877) AND (k <= 5603977))

table 2 : explain SELECT k, c FROM sbtest2 WHERE k BETWEEN 5603877 AND 5603977
	Bitmap Heap Scan on sbtest2  (cost=5.40..377.96 rows=94 width=125)
	  Recheck Cond: ((k >= 5603877) AND (k <= 5603977))
	  ->  Bitmap Index Scan on k_2  (cost=0.00..5.38 rows=94 width=0)
	        Index Cond: ((k >= 5603877) AND (k <= 5603977))

table 3 : explain SELECT k, c FROM sbtest3 WHERE k BETWEEN 5603877 AND 5603977
	Bitmap Heap Scan on sbtest3  (cost=5.53..429.19 rows=107 width=125)
	  Recheck Cond: ((k >= 5603877) AND (k <= 5603977))
	  ->  Bitmap Index Scan on k_3  (cost=0.00..5.50 rows=107 width=0)
	        Index Cond: ((k >= 5603877) AND (k <= 5603977))

table 4 : explain SELECT k, c FROM sbtest4 WHERE k BETWEEN 5603877 AND 5603977
	Bitmap Heap Scan on sbtest4  (cost=5.41..381.91 rows=95 width=125)
	  Recheck Cond: ((k >= 5603877) AND (k <= 5603977))
	  ->  Bitmap Index Scan on k_4  (cost=0.00..5.38 rows=95 width=0)
	        Index Cond: ((k >= 5603877) AND (k <= 5603977))

table 5 : explain SELECT k, c FROM sbtest5 WHERE k BETWEEN 5603877 AND 5603977
	Bitmap Heap Scan on sbtest5  (cost=5.52..425.32 rows=106 width=125)
	  Recheck Cond: ((k >= 5603877) AND (k <= 5603977))
	  ->  Bitmap Index Scan on k_5  (cost=0.00..5.50 rows=106 width=0)
	        Index Cond: ((k >= 5603877) AND (k <= 5603977))

table 6 : explain SELECT k, c FROM sbtest6 WHERE k BETWEEN 5603877 AND 5603977
	Bitmap Heap Scan on sbtest6  (cost=5.41..381.90 rows=95 width=125)
	  Recheck Cond: ((k >= 5603877) AND (k <= 5603977))
	  ->  Bitmap Index Scan on k_6  (cost=0.00..5.38 rows=95 width=0)
	        Index Cond: ((k >= 5603877) AND (k <= 5603977))

table 7 : explain SELECT k, c FROM sbtest7 WHERE k BETWEEN 5603877 AND 5603977
	Bitmap Heap Scan on sbtest7  (cost=5.43..389.74 rows=97 width=125)
	  Recheck Cond: ((k >= 5603877) AND (k <= 5603977))
	  ->  Bitmap Index Scan on k_7  (cost=0.00..5.40 rows=97 width=0)
	        Index Cond: ((k >= 5603877) AND (k <= 5603977))

table 8 : explain SELECT k, c FROM sbtest8 WHERE k BETWEEN 5603877 AND 5603977
	Bitmap Heap Scan on sbtest8  (cost=5.45..397.70 rows=99 width=125)
	  Recheck Cond: ((k >= 5603877) AND (k <= 5603977))
	  ->  Bitmap Index Scan on k_8  (cost=0.00..5.42 rows=99 width=0)
	        Index Cond: ((k >= 5603877) AND (k <= 5603977))
explain: for range-notcovered :: explain SELECT k, c FROM sbtest%d WHERE k BETWEEN 3507413 AND 3507513for range-notcovered
table 1 : explain SELECT k, c FROM sbtest1 WHERE k BETWEEN 5813883 AND 5813983
	Bitmap Heap Scan on sbtest1  (cost=5.58..449.02 rows=112 width=125)
	  Recheck Cond: ((k >= 5813883) AND (k <= 5813983))
	  ->  Bitmap Index Scan on k_1  (cost=0.00..5.55 rows=112 width=0)
	        Index Cond: ((k >= 5813883) AND (k <= 5813983))

table 2 : explain SELECT k, c FROM sbtest2 WHERE k BETWEEN 5813883 AND 5813983
	Bitmap Heap Scan on sbtest2  (cost=5.49..413.48 rows=103 width=125)
	  Recheck Cond: ((k >= 5813883) AND (k <= 5813983))
	  ->  Bitmap Index Scan on k_2  (cost=0.00..5.46 rows=103 width=0)
	        Index Cond: ((k >= 5813883) AND (k <= 5813983))

table 3 : explain SELECT k, c FROM sbtest3 WHERE k BETWEEN 5813883 AND 5813983
	Bitmap Heap Scan on sbtest3  (cost=5.39..373.97 rows=93 width=125)
	  Recheck Cond: ((k >= 5813883) AND (k <= 5813983))
	  ->  Bitmap Index Scan on k_3  (cost=0.00..5.36 rows=93 width=0)
	        Index Cond: ((k >= 5813883) AND (k <= 5813983))

table 4 : explain SELECT k, c FROM sbtest4 WHERE k BETWEEN 5813883 AND 5813983
	Bitmap Heap Scan on sbtest4  (cost=5.46..401.64 rows=100 width=125)
	  Recheck Cond: ((k >= 5813883) AND (k <= 5813983))
	  ->  Bitmap Index Scan on k_4  (cost=0.00..5.43 rows=100 width=0)
	        Index Cond: ((k >= 5813883) AND (k <= 5813983))

table 5 : explain SELECT k, c FROM sbtest5 WHERE k BETWEEN 5813883 AND 5813983
	Bitmap Heap Scan on sbtest5  (cost=5.40..377.97 rows=94 width=125)
	  Recheck Cond: ((k >= 5813883) AND (k <= 5813983))
	  ->  Bitmap Index Scan on k_5  (cost=0.00..5.38 rows=94 width=0)
	        Index Cond: ((k >= 5813883) AND (k <= 5813983))

table 6 : explain SELECT k, c FROM sbtest6 WHERE k BETWEEN 5813883 AND 5813983
	Bitmap Heap Scan on sbtest6  (cost=5.36..362.16 rows=90 width=125)
	  Recheck Cond: ((k >= 5813883) AND (k <= 5813983))
	  ->  Bitmap Index Scan on k_6  (cost=0.00..5.33 rows=90 width=0)
	        Index Cond: ((k >= 5813883) AND (k <= 5813983))

table 7 : explain SELECT k, c FROM sbtest7 WHERE k BETWEEN 5813883 AND 5813983
	Bitmap Heap Scan on sbtest7  (cost=5.50..417.35 rows=104 width=125)
	  Recheck Cond: ((k >= 5813883) AND (k <= 5813983))
	  ->  Bitmap Index Scan on k_7  (cost=0.00..5.47 rows=104 width=0)
	        Index Cond: ((k >= 5813883) AND (k <= 5813983))

table 8 : explain SELECT k, c FROM sbtest8 WHERE k BETWEEN 5813883 AND 5813983
	Bitmap Heap Scan on sbtest8  (cost=5.36..362.17 rows=90 width=125)
	  Recheck Cond: ((k >= 5813883) AND (k <= 5813983))
	  ->  Bitmap Index Scan on k_8  (cost=0.00..5.33 rows=90 width=0)
	        Index Cond: ((k >= 5813883) AND (k <= 5813983))


for range-notcovered
table 1 : explain SELECT k, c FROM sbtest1 WHERE k BETWEEN 5330250 AND 5330350
	Bitmap Heap Scan on sbtest1  (cost=5.51..421.42 rows=105 width=125)
	  Recheck Cond: ((k >= 5330250) AND (k <= 5330350))
	  ->  Bitmap Index Scan on k_1  (cost=0.00..5.48 rows=105 width=0)
	        Index Cond: ((k >= 5330250) AND (k <= 5330350))

table 2 : explain SELECT k, c FROM sbtest2 WHERE k BETWEEN 5330250 AND 5330350
	Bitmap Heap Scan on sbtest2  (cost=5.46..401.64 rows=100 width=125)
	  Recheck Cond: ((k >= 5330250) AND (k <= 5330350))
	  ->  Bitmap Index Scan on k_2  (cost=0.00..5.43 rows=100 width=0)
	        Index Cond: ((k >= 5330250) AND (k <= 5330350))

table 3 : explain SELECT k, c FROM sbtest3 WHERE k BETWEEN 5330250 AND 5330350
	Bitmap Heap Scan on sbtest3  (cost=5.46..401.59 rows=100 width=125)
	  Recheck Cond: ((k >= 5330250) AND (k <= 5330350))
	  ->  Bitmap Index Scan on k_3  (cost=0.00..5.43 rows=100 width=0)
	        Index Cond: ((k >= 5330250) AND (k <= 5330350))

table 4 : explain SELECT k, c FROM sbtest4 WHERE k BETWEEN 5330250 AND 5330350
	Bitmap Heap Scan on sbtest4  (cost=5.57..445.02 rows=111 width=125)
	  Recheck Cond: ((k >= 5330250) AND (k <= 5330350))
	  ->  Bitmap Index Scan on k_4  (cost=0.00..5.54 rows=111 width=0)
	        Index Cond: ((k >= 5330250) AND (k <= 5330350))

table 5 : explain SELECT k, c FROM sbtest5 WHERE k BETWEEN 5330250 AND 5330350
	Bitmap Heap Scan on sbtest5  (cost=5.49..413.49 rows=103 width=125)
	  Recheck Cond: ((k >= 5330250) AND (k <= 5330350))
	  ->  Bitmap Index Scan on k_5  (cost=0.00..5.46 rows=103 width=0)
	        Index Cond: ((k >= 5330250) AND (k <= 5330350))

table 6 : explain SELECT k, c FROM sbtest6 WHERE k BETWEEN 5330250 AND 5330350
	Bitmap Heap Scan on sbtest6  (cost=5.46..401.63 rows=100 width=125)
	  Recheck Cond: ((k >= 5330250) AND (k <= 5330350))
	  ->  Bitmap Index Scan on k_6  (cost=0.00..5.43 rows=100 width=0)
	        Index Cond: ((k >= 5330250) AND (k <= 5330350))

table 7 : explain SELECT k, c FROM sbtest7 WHERE k BETWEEN 5330250 AND 5330350
	Bitmap Heap Scan on sbtest7  (cost=5.44..393.68 rows=98 width=125)
	  Recheck Cond: ((k >= 5330250) AND (k <= 5330350))
	  ->  Bitmap Index Scan on k_7  (cost=0.00..5.42 rows=98 width=0)
	        Index Cond: ((k >= 5330250) AND (k <= 5330350))

table 8 : explain SELECT k, c FROM sbtest8 WHERE k BETWEEN 5330250 AND 5330350
	Bitmap Heap Scan on sbtest8  (cost=5.48..409.54 rows=102 width=125)
	  Recheck Cond: ((k >= 5330250) AND (k <= 5330350))
	  ->  Bitmap Index Scan on k_8  (cost=0.00..5.45 rows=102 width=0)
	        Index Cond: ((k >= 5330250) AND (k <= 5330350))


for range-notcovered
table 1 : explain SELECT k, c FROM sbtest1 WHERE k BETWEEN 2658640 AND 2658740
	Bitmap Heap Scan on sbtest1  (cost=5.61..460.84 rows=115 width=125)
	  Recheck Cond: ((k >= 2658640) AND (k <= 2658740))
	  ->  Bitmap Index Scan on k_1  (cost=0.00..5.58 rows=115 width=0)
	        Index Cond: ((k >= 2658640) AND (k <= 2658740))

table 2 : explain SELECT k, c FROM sbtest2 WHERE k BETWEEN 2658640 AND 2658740
	Bitmap Heap Scan on sbtest2  (cost=5.45..397.70 rows=99 width=125)
	  Recheck Cond: ((k >= 2658640) AND (k <= 2658740))
	  ->  Bitmap Index Scan on k_2  (cost=0.00..5.42 rows=99 width=0)
	        Index Cond: ((k >= 2658640) AND (k <= 2658740))

table 3 : explain SELECT k, c FROM sbtest3 WHERE k BETWEEN 2658640 AND 2658740
	Bitmap Heap Scan on sbtest3  (cost=5.55..437.08 rows=109 width=125)
	  Recheck Cond: ((k >= 2658640) AND (k <= 2658740))
	  ->  Bitmap Index Scan on k_3  (cost=0.00..5.52 rows=109 width=0)
	        Index Cond: ((k >= 2658640) AND (k <= 2658740))

table 4 : explain SELECT k, c FROM sbtest4 WHERE k BETWEEN 2658640 AND 2658740
	Bitmap Heap Scan on sbtest4  (cost=5.45..397.70 rows=99 width=125)
	  Recheck Cond: ((k >= 2658640) AND (k <= 2658740))
	  ->  Bitmap Index Scan on k_4  (cost=0.00..5.42 rows=99 width=0)
	        Index Cond: ((k >= 2658640) AND (k <= 2658740))

table 5 : explain SELECT k, c FROM sbtest5 WHERE k BETWEEN 2658640 AND 2658740
	Bitmap Heap Scan on sbtest5  (cost=5.38..370.07 rows=92 width=125)
	  Recheck Cond: ((k >= 2658640) AND (k <= 2658740))
	  ->  Bitmap Index Scan on k_5  (cost=0.00..5.35 rows=92 width=0)
	        Index Cond: ((k >= 2658640) AND (k <= 2658740))

table 6 : explain SELECT k, c FROM sbtest6 WHERE k BETWEEN 2658640 AND 2658740
	Bitmap Heap Scan on sbtest6  (cost=5.46..401.63 rows=100 width=125)
	  Recheck Cond: ((k >= 2658640) AND (k <= 2658740))
	  ->  Bitmap Index Scan on k_6  (cost=0.00..5.43 rows=100 width=0)
	        Index Cond: ((k >= 2658640) AND (k <= 2658740))

table 7 : explain SELECT k, c FROM sbtest7 WHERE k BETWEEN 2658640 AND 2658740
	Bitmap Heap Scan on sbtest7  (cost=5.49..413.41 rows=103 width=125)
	  Recheck Cond: ((k >= 2658640) AND (k <= 2658740))
	  ->  Bitmap Index Scan on k_7  (cost=0.00..5.46 rows=103 width=0)
	        Index Cond: ((k >= 2658640) AND (k <= 2658740))

table 8 : explain SELECT k, c FROM sbtest8 WHERE k BETWEEN 2658640 AND 2658740
	Bitmap Heap Scan on sbtest8  (cost=5.47..405.60 rows=101 width=125)
	  Recheck Cond: ((k >= 2658640) AND (k <= 2658740))
	  ->  Bitmap Index Scan on k_8  (cost=0.00..5.44 rows=101 width=0)
	        Index Cond: ((k >= 2658640) AND (k <= 2658740))

explain: for range-notcovered :: explain SELECT k, c FROM sbtest%d WHERE k BETWEEN 4873456 AND 4873556
explain: for range-notcovered :: explain SELECT k, c FROM sbtest%d WHERE k BETWEEN 4981137 AND 4981237
explain: for range-notcovered :: explain SELECT k, c FROM sbtest%d WHERE k BETWEEN 2646947 AND 2647047for range-notcovered
table 1 : explain SELECT k, c FROM sbtest1 WHERE k BETWEEN 4243893 AND 4243993
	Bitmap Heap Scan on sbtest1  (cost=5.51..421.42 rows=105 width=125)
	  Recheck Cond: ((k >= 4243893) AND (k <= 4243993))
	  ->  Bitmap Index Scan on k_1  (cost=0.00..5.48 rows=105 width=0)
	        Index Cond: ((k >= 4243893) AND (k <= 4243993))

table 2 : explain SELECT k, c FROM sbtest2 WHERE k BETWEEN 4243893 AND 4243993
	Bitmap Heap Scan on sbtest2  (cost=5.57..445.02 rows=111 width=125)
	  Recheck Cond: ((k >= 4243893) AND (k <= 4243993))
	  ->  Bitmap Index Scan on k_2  (cost=0.00..5.54 rows=111 width=0)
	        Index Cond: ((k >= 4243893) AND (k <= 4243993))

table 3 : explain SELECT k, c FROM sbtest3 WHERE k BETWEEN 4243893 AND 4243993
	Bitmap Heap Scan on sbtest3  (cost=5.57..444.96 rows=111 width=125)
	  Recheck Cond: ((k >= 4243893) AND (k <= 4243993))
	  ->  Bitmap Index Scan on k_3  (cost=0.00..5.54 rows=111 width=0)
	        Index Cond: ((k >= 4243893) AND (k <= 4243993))

table 4 : explain SELECT k, c FROM sbtest4 WHERE k BETWEEN 4243893 AND 4243993
	Bitmap Heap Scan on sbtest4  (cost=5.57..445.02 rows=111 width=125)
	  Recheck Cond: ((k >= 4243893) AND (k <= 4243993))
	  ->  Bitmap Index Scan on k_4  (cost=0.00..5.54 rows=111 width=0)
	        Index Cond: ((k >= 4243893) AND (k <= 4243993))

table 5 : explain SELECT k, c FROM sbtest5 WHERE k BETWEEN 4243893 AND 4243993
	Bitmap Heap Scan on sbtest5  (cost=5.53..429.26 rows=107 width=125)
	  Recheck Cond: ((k >= 4243893) AND (k <= 4243993))
	  ->  Bitmap Index Scan on k_5  (cost=0.00..5.50 rows=107 width=0)
	        Index Cond: ((k >= 4243893) AND (k <= 4243993))

table 6 : explain SELECT k, c FROM sbtest6 WHERE k BETWEEN 4243893 AND 4243993
	Bitmap Heap Scan on sbtest6  (cost=5.42..385.85 rows=96 width=125)
	  Recheck Cond: ((k >= 4243893) AND (k <= 4243993))
	  ->  Bitmap Index Scan on k_6  (cost=0.00..5.39 rows=96 width=0)
	        Index Cond: ((k >= 4243893) AND (k <= 4243993))

table 7 : explain SELECT k, c FROM sbtest7 WHERE k BETWEEN 4243893 AND 4243993
	Bitmap Heap Scan on sbtest7  (cost=5.47..405.52 rows=101 width=125)
	  Recheck Cond: ((k >= 4243893) AND (k <= 4243993))
	  ->  Bitmap Index Scan on k_7  (cost=0.00..5.44 rows=101 width=0)
	        Index Cond: ((k >= 4243893) AND (k <= 4243993))

table 8 : explain SELECT k, c FROM sbtest8 WHERE k BETWEEN 4243893 AND 4243993
	Bitmap Heap Scan on sbtest8  (cost=5.53..429.26 rows=107 width=125)
	  Recheck Cond: ((k >= 4243893) AND (k <= 4243993))
	  ->  Bitmap Index Scan on k_8  (cost=0.00..5.50 rows=107 width=0)
	        Index Cond: ((k >= 4243893) AND (k <= 4243993))
explain: for range-notcovered :: explain SELECT k, c FROM sbtest%d WHERE k BETWEEN 5330250 AND 5330350explain: for range-notcovered :: explain SELECT k, c FROM sbtest%d WHERE k BETWEEN 2658640 AND 2658740
explain: for range-notcovered :: explain SELECT k, c FROM sbtest%d WHERE k BETWEEN 5603877 AND 5603977
for range-notcovered
table 1 : explain SELECT k, c FROM sbtest1 WHERE k BETWEEN 7813504 AND 7813604
	Bitmap Heap Scan on sbtest1  (cost=5.51..421.42 rows=105 width=125)
	  Recheck Cond: ((k >= 7813504) AND (k <= 7813604))
	  ->  Bitmap Index Scan on k_1  (cost=0.00..5.48 rows=105 width=0)
	        Index Cond: ((k >= 7813504) AND (k <= 7813604))

table 2 : explain SELECT k, c FROM sbtest2 WHERE k BETWEEN 7813504 AND 7813604
	Bitmap Heap Scan on sbtest2  (cost=5.47..405.59 rows=101 width=125)
	  Recheck Cond: ((k >= 7813504) AND (k <= 7813604))
	  ->  Bitmap Index Scan on k_2  (cost=0.00..5.44 rows=101 width=0)
	        Index Cond: ((k >= 7813504) AND (k <= 7813604))

table 3 : explain SELECT k, c FROM sbtest3 WHERE k BETWEEN 7813504 AND 7813604
	Bitmap Heap Scan on sbtest3  (cost=5.44..393.70 rows=98 width=125)
	  Recheck Cond: ((k >= 7813504) AND (k <= 7813604))
	  ->  Bitmap Index Scan on k_3  (cost=0.00..5.42 rows=98 width=0)
	        Index Cond: ((k >= 7813504) AND (k <= 7813604))

table 4 : explain SELECT k, c FROM sbtest4 WHERE k BETWEEN 7813504 AND 7813604
	Bitmap Heap Scan on sbtest4  (cost=5.46..401.64 rows=100 width=125)
	  Recheck Cond: ((k >= 7813504) AND (k <= 7813604))
	  ->  Bitmap Index Scan on k_4  (cost=0.00..5.43 rows=100 width=0)
	        Index Cond: ((k >= 7813504) AND (k <= 7813604))

table 5 : explain SELECT k, c FROM sbtest5 WHERE k BETWEEN 7813504 AND 7813604
	Bitmap Heap Scan on sbtest5  (cost=5.48..409.54 rows=102 width=125)
	  Recheck Cond: ((k >= 7813504) AND (k <= 7813604))
	  ->  Bitmap Index Scan on k_5  (cost=0.00..5.45 rows=102 width=0)
	        Index Cond: ((k >= 7813504) AND (k <= 7813604))

table 6 : explain SELECT k, c FROM sbtest6 WHERE k BETWEEN 7813504 AND 7813604
	Bitmap Heap Scan on sbtest6  (cost=5.44..393.74 rows=98 width=125)
	  Recheck Cond: ((k >= 7813504) AND (k <= 7813604))
	  ->  Bitmap Index Scan on k_6  (cost=0.00..5.42 rows=98 width=0)
	        Index Cond: ((k >= 7813504) AND (k <= 7813604))

table 7 : explain SELECT k, c FROM sbtest7 WHERE k BETWEEN 7813504 AND 7813604
	Bitmap Heap Scan on sbtest7  (cost=5.38..370.00 rows=92 width=125)
	  Recheck Cond: ((k >= 7813504) AND (k <= 7813604))
	  ->  Bitmap Index Scan on k_7  (cost=0.00..5.35 rows=92 width=0)
	        Index Cond: ((k >= 7813504) AND (k <= 7813604))

table 8 : explain SELECT k, c FROM sbtest8 WHERE k BETWEEN 7813504 AND 7813604
	Bitmap Heap Scan on sbtest8  (cost=5.48..409.54 rows=102 width=125)
	  Recheck Cond: ((k >= 7813504) AND (k <= 7813604))
	  ->  Bitmap Index Scan on k_8  (cost=0.00..5.45 rows=102 width=0)
	        Index Cond: ((k >= 7813504) AND (k <= 7813604))


for range-notcovered
table 1 : explain SELECT k, c FROM sbtest1 WHERE k BETWEEN 6568066 AND 6568166
	Bitmap Heap Scan on sbtest1  (cost=5.42..385.90 rows=96 width=125)
	  Recheck Cond: ((k >= 6568066) AND (k <= 6568166))
	  ->  Bitmap Index Scan on k_1  (cost=0.00..5.39 rows=96 width=0)
	        Index Cond: ((k >= 6568066) AND (k <= 6568166))

table 2 : explain SELECT k, c FROM sbtest2 WHERE k BETWEEN 6568066 AND 6568166
	Bitmap Heap Scan on sbtest2  (cost=5.58..448.96 rows=112 width=125)
	  Recheck Cond: ((k >= 6568066) AND (k <= 6568166))
	  ->  Bitmap Index Scan on k_2  (cost=0.00..5.55 rows=112 width=0)
	        Index Cond: ((k >= 6568066) AND (k <= 6568166))

table 3 : explain SELECT k, c FROM sbtest3 WHERE k BETWEEN 6568066 AND 6568166
	Bitmap Heap Scan on sbtest3  (cost=5.47..405.53 rows=101 width=125)
	  Recheck Cond: ((k >= 6568066) AND (k <= 6568166))
	  ->  Bitmap Index Scan on k_3  (cost=0.00..5.44 rows=101 width=0)
	        Index Cond: ((k >= 6568066) AND (k <= 6568166))

table 4 : explain SELECT k, c FROM sbtest4 WHERE k BETWEEN 6568066 AND 6568166
	Bitmap Heap Scan on sbtest4  (cost=5.59..452.90 rows=113 width=125)
	  Recheck Cond: ((k >= 6568066) AND (k <= 6568166))
	  ->  Bitmap Index Scan on k_4  (cost=0.00..5.56 rows=113 width=0)
	        Index Cond: ((k >= 6568066) AND (k <= 6568166))

table 5 : explain SELECT k, c FROM sbtest5 WHERE k BETWEEN 6568066 AND 6568166
	Bitmap Heap Scan on sbtest5  (cost=5.45..397.70 rows=99 width=125)
	  Recheck Cond: ((k >= 6568066) AND (k <= 6568166))
	  ->  Bitmap Index Scan on k_5  (cost=0.00..5.42 rows=99 width=0)
	        Index Cond: ((k >= 6568066) AND (k <= 6568166))

table 6 : explain SELECT k, c FROM sbtest6 WHERE k BETWEEN 6568066 AND 6568166
	Bitmap Heap Scan on sbtest6  (cost=5.42..385.85 rows=96 width=125)
	  Recheck Cond: ((k >= 6568066) AND (k <= 6568166))
	  ->  Bitmap Index Scan on k_6  (cost=0.00..5.39 rows=96 width=0)
	        Index Cond: ((k >= 6568066) AND (k <= 6568166))

table 7 : explain SELECT k, c FROM sbtest7 WHERE k BETWEEN 6568066 AND 6568166
	Bitmap Heap Scan on sbtest7  (cost=5.48..409.46 rows=102 width=125)
	  Recheck Cond: ((k >= 6568066) AND (k <= 6568166))
	  ->  Bitmap Index Scan on k_7  (cost=0.00..5.45 rows=102 width=0)
	        Index Cond: ((k >= 6568066) AND (k <= 6568166))

table 8 : explain SELECT k, c FROM sbtest8 WHERE k BETWEEN 6568066 AND 6568166
	Bitmap Heap Scan on sbtest8  (cost=5.49..413.49 rows=103 width=125)
	  Recheck Cond: ((k >= 6568066) AND (k <= 6568166))
	  ->  Bitmap Index Scan on k_8  (cost=0.00..5.46 rows=103 width=0)
	        Index Cond: ((k >= 6568066) AND (k <= 6568166))


for range-notcovered
table 1 : explain SELECT k, c FROM sbtest1 WHERE k BETWEEN 6789664 AND 6789764
	Bitmap Heap Scan on sbtest1  (cost=5.51..421.42 rows=105 width=125)
	  Recheck Cond: ((k >= 6789664) AND (k <= 6789764))
	  ->  Bitmap Index Scan on k_1  (cost=0.00..5.48 rows=105 width=0)
	        Index Cond: ((k >= 6789664) AND (k <= 6789764))

table 2 : explain SELECT k, c FROM sbtest2 WHERE k BETWEEN 6789664 AND 6789764
	Bitmap Heap Scan on sbtest2  (cost=5.36..362.17 rows=90 width=125)
	  Recheck Cond: ((k >= 6789664) AND (k <= 6789764))
	  ->  Bitmap Index Scan on k_2  (cost=0.00..5.33 rows=90 width=0)
	        Index Cond: ((k >= 6789664) AND (k <= 6789764))

table 3 : explain SELECT k, c FROM sbtest3 WHERE k BETWEEN 6789664 AND 6789764
	Bitmap Heap Scan on sbtest3  (cost=5.60..456.78 rows=114 width=125)
	  Recheck Cond: ((k >= 6789664) AND (k <= 6789764))
	  ->  Bitmap Index Scan on k_3  (cost=0.00..5.58 rows=114 width=0)
	        Index Cond: ((k >= 6789664) AND (k <= 6789764))

table 4 : explain SELECT k, c FROM sbtest4 WHERE k BETWEEN 6789664 AND 6789764
	Bitmap Heap Scan on sbtest4  (cost=5.46..401.64 rows=100 width=125)
	  Recheck Cond: ((k >= 6789664) AND (k <= 6789764))
	  ->  Bitmap Index Scan on k_4  (cost=0.00..5.43 rows=100 width=0)
	        Index Cond: ((k >= 6789664) AND (k <= 6789764))

table 5 : explain SELECT k, c FROM sbtest5 WHERE k BETWEEN 6789664 AND 6789764
	Bitmap Heap Scan on sbtest5  (cost=5.58..448.97 rows=112 width=125)
	  Recheck Cond: ((k >= 6789664) AND (k <= 6789764))
	  ->  Bitmap Index Scan on k_5  (cost=0.00..5.55 rows=112 width=0)
	        Index Cond: ((k >= 6789664) AND (k <= 6789764))

table 6 : explain SELECT k, c FROM sbtest6 WHERE k BETWEEN 6789664 AND 6789764
	Bitmap Heap Scan on sbtest6  (cost=5.55..437.13 rows=109 width=125)
	  Recheck Cond: ((k >= 6789664) AND (k <= 6789764))
	  ->  Bitmap Index Scan on k_6  (cost=0.00..5.52 rows=109 width=0)
	        Index Cond: ((k >= 6789664) AND (k <= 6789764))

table 7 : explain SELECT k, c FROM sbtest7 WHERE k BETWEEN 6789664 AND 6789764
	Bitmap Heap Scan on sbtest7  (cost=5.49..413.41 rows=103 width=125)
	  Recheck Cond: ((k >= 6789664) AND (k <= 6789764))
	  ->  Bitmap Index Scan on k_7  (cost=0.00..5.46 rows=103 width=0)
	        Index Cond: ((k >= 6789664) AND (k <= 6789764))

table 8 : explain SELECT k, c FROM sbtest8 WHERE k BETWEEN 6789664 AND 6789764
	Bitmap Heap Scan on sbtest8  (cost=5.56..441.09 rows=110 width=125)
	  Recheck Cond: ((k >= 6789664) AND (k <= 6789764))
	  ->  Bitmap Index Scan on k_8  (cost=0.00..5.53 rows=110 width=0)
	        Index Cond: ((k >= 6789664) AND (k <= 6789764))

explain: for range-notcovered :: explain SELECT k, c FROM sbtest%d WHERE k BETWEEN 7813504 AND 7813604
for range-notcovered
table 1 : explain SELECT k, c FROM sbtest1 WHERE k BETWEEN 6814436 AND 6814536
	Bitmap Heap Scan on sbtest1  (cost=5.51..421.42 rows=105 width=125)
	  Recheck Cond: ((k >= 6814436) AND (k <= 6814536))
	  ->  Bitmap Index Scan on k_1  (cost=0.00..5.48 rows=105 width=0)
	        Index Cond: ((k >= 6814436) AND (k <= 6814536))

table 2 : explain SELECT k, c FROM sbtest2 WHERE k BETWEEN 6814436 AND 6814536
	Bitmap Heap Scan on sbtest2  (cost=5.36..362.17 rows=90 width=125)
	  Recheck Cond: ((k >= 6814436) AND (k <= 6814536))
	  ->  Bitmap Index Scan on k_2  (cost=0.00..5.33 rows=90 width=0)
	        Index Cond: ((k >= 6814436) AND (k <= 6814536))

table 3 : explain SELECT k, c FROM sbtest3 WHERE k BETWEEN 6814436 AND 6814536
	Bitmap Heap Scan on sbtest3  (cost=5.60..456.78 rows=114 width=125)
	  Recheck Cond: ((k >= 6814436) AND (k <= 6814536))
	  ->  Bitmap Index Scan on k_3  (cost=0.00..5.58 rows=114 width=0)
	        Index Cond: ((k >= 6814436) AND (k <= 6814536))

table 4 : explain SELECT k, c FROM sbtest4 WHERE k BETWEEN 6814436 AND 6814536
	Bitmap Heap Scan on sbtest4  (cost=5.46..401.64 rows=100 width=125)
	  Recheck Cond: ((k >= 6814436) AND (k <= 6814536))
	  ->  Bitmap Index Scan on k_4  (cost=0.00..5.43 rows=100 width=0)
	        Index Cond: ((k >= 6814436) AND (k <= 6814536))

table 5 : explain SELECT k, c FROM sbtest5 WHERE k BETWEEN 6814436 AND 6814536
	Bitmap Heap Scan on sbtest5  (cost=5.42..385.86 rows=96 width=125)
	  Recheck Cond: ((k >= 6814436) AND (k <= 6814536))
	  ->  Bitmap Index Scan on k_5  (cost=0.00..5.39 rows=96 width=0)
	        Index Cond: ((k >= 6814436) AND (k <= 6814536))

table 6 : explain SELECT k, c FROM sbtest6 WHERE k BETWEEN 6814436 AND 6814536
	Bitmap Heap Scan on sbtest6  (cost=5.55..437.13 rows=109 width=125)
	  Recheck Cond: ((k >= 6814436) AND (k <= 6814536))
	  ->  Bitmap Index Scan on k_6  (cost=0.00..5.52 rows=109 width=0)
	        Index Cond: ((k >= 6814436) AND (k <= 6814536))

table 7 : explain SELECT k, c FROM sbtest7 WHERE k BETWEEN 6814436 AND 6814536
	Bitmap Heap Scan on sbtest7  (cost=5.49..413.41 rows=103 width=125)
	  Recheck Cond: ((k >= 6814436) AND (k <= 6814536))
	  ->  Bitmap Index Scan on k_7  (cost=0.00..5.46 rows=103 width=0)
	        Index Cond: ((k >= 6814436) AND (k <= 6814536))

table 8 : explain SELECT k, c FROM sbtest8 WHERE k BETWEEN 6814436 AND 6814536
	Bitmap Heap Scan on sbtest8  (cost=5.47..405.60 rows=101 width=125)
	  Recheck Cond: ((k >= 6814436) AND (k <= 6814536))
	  ->  Bitmap Index Scan on k_8  (cost=0.00..5.44 rows=101 width=0)
	        Index Cond: ((k >= 6814436) AND (k <= 6814536))

for range-notcovered
table 1 : explain SELECT k, c FROM sbtest1 WHERE k BETWEEN 5006439 AND 5006539
	Bitmap Heap Scan on sbtest1  (cost=5.55..437.19 rows=109 width=125)
	  Recheck Cond: ((k >= 5006439) AND (k <= 5006539))
	  ->  Bitmap Index Scan on k_1  (cost=0.00..5.52 rows=109 width=0)
	        Index Cond: ((k >= 5006439) AND (k <= 5006539))

table 2 : explain SELECT k, c FROM sbtest2 WHERE k BETWEEN 5006439 AND 5006539
	Bitmap Heap Scan on sbtest2  (cost=5.57..445.02 rows=111 width=125)
	  Recheck Cond: ((k >= 5006439) AND (k <= 5006539))
	  ->  Bitmap Index Scan on k_2  (cost=0.00..5.54 rows=111 width=0)
	        Index Cond: ((k >= 5006439) AND (k <= 5006539))

table 3 : explain SELECT k, c FROM sbtest3 WHERE k BETWEEN 5006439 AND 5006539
	Bitmap Heap Scan on sbtest3  (cost=5.46..401.59 rows=100 width=125)
	  Recheck Cond: ((k >= 5006439) AND (k <= 5006539))
	  ->  Bitmap Index Scan on k_3  (cost=0.00..5.43 rows=100 width=0)
	        Index Cond: ((k >= 5006439) AND (k <= 5006539))

table 4 : explain SELECT k, c FROM sbtest4 WHERE k BETWEEN 5006439 AND 5006539
	Bitmap Heap Scan on sbtest4  (cost=5.47..405.59 rows=101 width=125)
	  Recheck Cond: ((k >= 5006439) AND (k <= 5006539))
	  ->  Bitmap Index Scan on k_4  (cost=0.00..5.44 rows=101 width=0)
	        Index Cond: ((k >= 5006439) AND (k <= 5006539))

table 5 : explain SELECT k, c FROM sbtest5 WHERE k BETWEEN 5006439 AND 5006539
	Bitmap Heap Scan on sbtest5  (cost=5.45..397.70 rows=99 width=125)
	  Recheck Cond: ((k >= 5006439) AND (k <= 5006539))
	  ->  Bitmap Index Scan on k_5  (cost=0.00..5.42 rows=99 width=0)
	        Index Cond: ((k >= 5006439) AND (k <= 5006539))

table 6 : explain SELECT k, c FROM sbtest6 WHERE k BETWEEN 5006439 AND 5006539
	Bitmap Heap Scan on sbtest6  (cost=5.50..417.41 rows=104 width=125)
	  Recheck Cond: ((k >= 5006439) AND (k <= 5006539))
	  ->  Bitmap Index Scan on k_6  (cost=0.00..5.47 rows=104 width=0)
	        Index Cond: ((k >= 5006439) AND (k <= 5006539))

table 7 : explain SELECT k, c FROM sbtest7 WHERE k BETWEEN 5006439 AND 5006539
	Bitmap Heap Scan on sbtest7  (cost=5.42..385.79 rows=96 width=125)
	  Recheck Cond: ((k >= 5006439) AND (k <= 5006539))
	  ->  Bitmap Index Scan on k_7  (cost=0.00..5.39 rows=96 width=0)
	        Index Cond: ((k >= 5006439) AND (k <= 5006539))

table 8 : explain SELECT k, c FROM sbtest8 WHERE k BETWEEN 5006439 AND 5006539
	Bitmap Heap Scan on sbtest8  (cost=5.39..374.02 rows=93 width=125)
	  Recheck Cond: ((k >= 5006439) AND (k <= 5006539))
	  ->  Bitmap Index Scan on k_8  (cost=0.00..5.36 rows=93 width=0)
	        Index Cond: ((k >= 5006439) AND (k <= 5006539))

for range-notcovered
table 1 : explain SELECT k, c FROM sbtest1 WHERE k BETWEEN 6148959 AND 6149059
	Bitmap Heap Scan on sbtest1  (cost=5.49..413.53 rows=103 width=125)
	  Recheck Cond: ((k >= 6148959) AND (k <= 6149059))
	  ->  Bitmap Index Scan on k_1  (cost=0.00..5.46 rows=103 width=0)
	        Index Cond: ((k >= 6148959) AND (k <= 6149059))

table 2 : explain SELECT k, c FROM sbtest2 WHERE k BETWEEN 6148959 AND 6149059
	Bitmap Heap Scan on sbtest2  (cost=5.41..381.91 rows=95 width=125)
	  Recheck Cond: ((k >= 6148959) AND (k <= 6149059))
	  ->  Bitmap Index Scan on k_2  (cost=0.00..5.38 rows=95 width=0)
	        Index Cond: ((k >= 6148959) AND (k <= 6149059))

table 3 : explain SELECT k, c FROM sbtest3 WHERE k BETWEEN 6148959 AND 6149059
	Bitmap Heap Scan on sbtest3  (cost=5.50..417.37 rows=104 width=125)
	  Recheck Cond: ((k >= 6148959) AND (k <= 6149059))
	  ->  Bitmap Index Scan on k_3  (cost=0.00..5.47 rows=104 width=0)
	        Index Cond: ((k >= 6148959) AND (k <= 6149059))

table 4 : explain SELECT k, c FROM sbtest4 WHERE k BETWEEN 6148959 AND 6149059
	Bitmap Heap Scan on sbtest4  (cost=5.36..362.17 rows=90 width=125)
	  Recheck Cond: ((k >= 6148959) AND (k <= 6149059))
	  ->  Bitmap Index Scan on k_4  (cost=0.00..5.33 rows=90 width=0)
	        Index Cond: ((k >= 6148959) AND (k <= 6149059))

table 5 : explain SELECT k, c FROM sbtest5 WHERE k BETWEEN 6148959 AND 6149059
	Bitmap Heap Scan on sbtest5  (cost=5.55..437.14 rows=109 width=125)
	  Recheck Cond: ((k >= 6148959) AND (k <= 6149059))
	  ->  Bitmap Index Scan on k_5  (cost=0.00..5.52 rows=109 width=0)
	        Index Cond: ((k >= 6148959) AND (k <= 6149059))

table 6 : explain SELECT k, c FROM sbtest6 WHERE k BETWEEN 6148959 AND 6149059
	Bitmap Heap Scan on sbtest6  (cost=5.43..389.80 rows=97 width=125)
	  Recheck Cond: ((k >= 6148959) AND (k <= 6149059))
	  ->  Bitmap Index Scan on k_6  (cost=0.00..5.40 rows=97 width=0)
	        Index Cond: ((k >= 6148959) AND (k <= 6149059))

table 7 : explain SELECT k, c FROM sbtest7 WHERE k BETWEEN 6148959 AND 6149059
	Bitmap Heap Scan on sbtest7  (cost=5.51..421.29 rows=105 width=125)
	  Recheck Cond: ((k >= 6148959) AND (k <= 6149059))
	  ->  Bitmap Index Scan on k_7  (cost=0.00..5.48 rows=105 width=0)
	        Index Cond: ((k >= 6148959) AND (k <= 6149059))

table 8 : explain SELECT k, c FROM sbtest8 WHERE k BETWEEN 6148959 AND 6149059
	Bitmap Heap Scan on sbtest8  (cost=5.43..389.81 rows=97 width=125)
	  Recheck Cond: ((k >= 6148959) AND (k <= 6149059))
	  ->  Bitmap Index Scan on k_8  (cost=0.00..5.40 rows=97 width=0)
	        Index Cond: ((k >= 6148959) AND (k <= 6149059))

explain: for range-notcovered :: explain SELECT k, c FROM sbtest%d WHERE k BETWEEN 8510416 AND 8510516
for range-notcovered
table 1 : explain SELECT k, c FROM sbtest1 WHERE k BETWEEN 4791999 AND 4792099
	Bitmap Heap Scan on sbtest1  (cost=5.50..417.47 rows=104 width=125)
	  Recheck Cond: ((k >= 4791999) AND (k <= 4792099))
	  ->  Bitmap Index Scan on k_1  (cost=0.00..5.47 rows=104 width=0)
	        Index Cond: ((k >= 4791999) AND (k <= 4792099))

table 2 : explain SELECT k, c FROM sbtest2 WHERE k BETWEEN 4791999 AND 4792099
	Bitmap Heap Scan on sbtest2  (cost=5.40..377.96 rows=94 width=125)
	  Recheck Cond: ((k >= 4791999) AND (k <= 4792099))
	  ->  Bitmap Index Scan on k_2  (cost=0.00..5.38 rows=94 width=0)
	        Index Cond: ((k >= 4791999) AND (k <= 4792099))

table 3 : explain SELECT k, c FROM sbtest3 WHERE k BETWEEN 4791999 AND 4792099
	Bitmap Heap Scan on sbtest3  (cost=5.49..413.42 rows=103 width=125)
	  Recheck Cond: ((k >= 4791999) AND (k <= 4792099))
	  ->  Bitmap Index Scan on k_3  (cost=0.00..5.46 rows=103 width=0)
	        Index Cond: ((k >= 4791999) AND (k <= 4792099))

table 4 : explain SELECT k, c FROM sbtest4 WHERE k BETWEEN 4791999 AND 4792099
	Bitmap Heap Scan on sbtest4  (cost=5.48..409.53 rows=102 width=125)
	  Recheck Cond: ((k >= 4791999) AND (k <= 4792099))
	  ->  Bitmap Index Scan on k_4  (cost=0.00..5.45 rows=102 width=0)
	        Index Cond: ((k >= 4791999) AND (k <= 4792099))

table 5 : explain SELECT k, c FROM sbtest5 WHERE k BETWEEN 4791999 AND 4792099
	Bitmap Heap Scan on sbtest5  (cost=5.36..362.17 rows=90 width=125)
	  Recheck Cond: ((k >= 4791999) AND (k <= 4792099))
	  ->  Bitmap Index Scan on k_5  (cost=0.00..5.33 rows=90 width=0)
	        Index Cond: ((k >= 4791999) AND (k <= 4792099))

table 6 : explain SELECT k, c FROM sbtest6 WHERE k BETWEEN 4791999 AND 4792099
	Bitmap Heap Scan on sbtest6  (cost=5.58..448.95 rows=112 width=125)
	  Recheck Cond: ((k >= 4791999) AND (k <= 4792099))
	  ->  Bitmap Index Scan on k_6  (cost=0.00..5.55 rows=112 width=0)
	        Index Cond: ((k >= 4791999) AND (k <= 4792099))

table 7 : explain SELECT k, c FROM sbtest7 WHERE k BETWEEN 4791999 AND 4792099
	Bitmap Heap Scan on sbtest7  (cost=5.50..417.35 rows=104 width=125)
	  Recheck Cond: ((k >= 4791999) AND (k <= 4792099))
	  ->  Bitmap Index Scan on k_7  (cost=0.00..5.47 rows=104 width=0)
	        Index Cond: ((k >= 4791999) AND (k <= 4792099))

table 8 : explain SELECT k, c FROM sbtest8 WHERE k BETWEEN 4791999 AND 4792099
	Bitmap Heap Scan on sbtest8  (cost=5.46..401.65 rows=100 width=125)
	  Recheck Cond: ((k >= 4791999) AND (k <= 4792099))
	  ->  Bitmap Index Scan on k_8  (cost=0.00..5.43 rows=100 width=0)
	        Index Cond: ((k >= 4791999) AND (k <= 4792099))

for range-notcovered
table 1 : explain SELECT k, c FROM sbtest1 WHERE k BETWEEN 7372991 AND 7373091
	Bitmap Heap Scan on sbtest1  (cost=5.42..385.90 rows=96 width=125)
	  Recheck Cond: ((k >= 7372991) AND (k <= 7373091))
	  ->  Bitmap Index Scan on k_1  (cost=0.00..5.39 rows=96 width=0)
	        Index Cond: ((k >= 7372991) AND (k <= 7373091))

table 2 : explain SELECT k, c FROM sbtest2 WHERE k BETWEEN 7372991 AND 7373091
	Bitmap Heap Scan on sbtest2  (cost=5.43..389.80 rows=97 width=125)
	  Recheck Cond: ((k >= 7372991) AND (k <= 7373091))
	  ->  Bitmap Index Scan on k_2  (cost=0.00..5.40 rows=97 width=0)
	        Index Cond: ((k >= 7372991) AND (k <= 7373091))

table 3 : explain SELECT k, c FROM sbtest3 WHERE k BETWEEN 7372991 AND 7373091
	Bitmap Heap Scan on sbtest3  (cost=5.43..389.75 rows=97 width=125)
	  Recheck Cond: ((k >= 7372991) AND (k <= 7373091))
	  ->  Bitmap Index Scan on k_3  (cost=0.00..5.40 rows=97 width=0)
	        Index Cond: ((k >= 7372991) AND (k <= 7373091))

table 4 : explain SELECT k, c FROM sbtest4 WHERE k BETWEEN 7372991 AND 7373091
	Bitmap Heap Scan on sbtest4  (cost=5.40..377.96 rows=94 width=125)
	  Recheck Cond: ((k >= 7372991) AND (k <= 7373091))
	  ->  Bitmap Index Scan on k_4  (cost=0.00..5.38 rows=94 width=0)
	        Index Cond: ((k >= 7372991) AND (k <= 7373091))

table 5 : explain SELECT k, c FROM sbtest5 WHERE k BETWEEN 7372991 AND 7373091
	Bitmap Heap Scan on sbtest5  (cost=5.46..401.65 rows=100 width=125)
	  Recheck Cond: ((k >= 7372991) AND (k <= 7373091))
	  ->  Bitmap Index Scan on k_5  (cost=0.00..5.43 rows=100 width=0)
	        Index Cond: ((k >= 7372991) AND (k <= 7373091))

table 6 : explain SELECT k, c FROM sbtest6 WHERE k BETWEEN 7372991 AND 7373091
	Bitmap Heap Scan on sbtest6  (cost=5.52..425.30 rows=106 width=125)
	  Recheck Cond: ((k >= 7372991) AND (k <= 7373091))
	  ->  Bitmap Index Scan on k_6  (cost=0.00..5.50 rows=106 width=0)
	        Index Cond: ((k >= 7372991) AND (k <= 7373091))

table 7 : explain SELECT k, c FROM sbtest7 WHERE k BETWEEN 7372991 AND 7373091
	Bitmap Heap Scan on sbtest7  (cost=5.65..476.45 rows=119 width=125)
	  Recheck Cond: ((k >= 7372991) AND (k <= 7373091))
	  ->  Bitmap Index Scan on k_7  (cost=0.00..5.62 rows=119 width=0)
	        Index Cond: ((k >= 7372991) AND (k <= 7373091))

table 8 : explain SELECT k, c FROM sbtest8 WHERE k BETWEEN 7372991 AND 7373091
	Bitmap Heap Scan on sbtest8  (cost=5.43..389.81 rows=97 width=125)
	  Recheck Cond: ((k >= 7372991) AND (k <= 7373091))
	  ->  Bitmap Index Scan on k_8  (cost=0.00..5.40 rows=97 width=0)
	        Index Cond: ((k >= 7372991) AND (k <= 7373091))



for range-notcovered
table 1 : explain SELECT k, c FROM sbtest1 WHERE k BETWEEN 1934489 AND 1934589
	Bitmap Heap Scan on sbtest1  (cost=5.39..374.06 rows=93 width=125)
	  Recheck Cond: ((k >= 1934489) AND (k <= 1934589))
	  ->  Bitmap Index Scan on k_1  (cost=0.00..5.36 rows=93 width=0)
	        Index Cond: ((k >= 1934489) AND (k <= 1934589))

table 2 : explain SELECT k, c FROM sbtest2 WHERE k BETWEEN 1934489 AND 1934589
	Bitmap Heap Scan on sbtest2  (cost=5.55..437.14 rows=109 width=125)
	  Recheck Cond: ((k >= 1934489) AND (k <= 1934589))
	  ->  Bitmap Index Scan on k_2  (cost=0.00..5.52 rows=109 width=0)
	        Index Cond: ((k >= 1934489) AND (k <= 1934589))

table 3 : explain SELECT k, c FROM sbtest3 WHERE k BETWEEN 1934489 AND 1934589
	Bitmap Heap Scan on sbtest3  (cost=5.50..417.37 rows=104 width=125)
	  Recheck Cond: ((k >= 1934489) AND (k <= 1934589))
	  ->  Bitmap Index Scan on k_3  (cost=0.00..5.47 rows=104 width=0)
	        Index Cond: ((k >= 1934489) AND (k <= 1934589))

table 4 : explain SELECT k, c FROM sbtest4 WHERE k BETWEEN 1934489 AND 1934589
	Bitmap Heap Scan on sbtest4  (cost=5.38..370.06 rows=92 width=125)
	  Recheck Cond: ((k >= 1934489) AND (k <= 1934589))
	  ->  Bitmap Index Scan on k_4  (cost=0.00..5.35 rows=92 width=0)
	        Index Cond: ((k >= 1934489) AND (k <= 1934589))

table 5 : explain SELECT k, c FROM sbtest5 WHERE k BETWEEN 1934489 AND 1934589
	Bitmap Heap Scan on sbtest5  (cost=5.52..425.32 rows=106 width=125)
	  Recheck Cond: ((k >= 1934489) AND (k <= 1934589))
	  ->  Bitmap Index Scan on k_5  (cost=0.00..5.50 rows=106 width=0)
	        Index Cond: ((k >= 1934489) AND (k <= 1934589))

table 6 : explain SELECT k, c FROM sbtest6 WHERE k BETWEEN 1934489 AND 1934589
	Bitmap Heap Scan on sbtest6  (cost=5.49..413.47 rows=103 width=125)
	  Recheck Cond: ((k >= 1934489) AND (k <= 1934589))
	  ->  Bitmap Index Scan on k_6  (cost=0.00..5.46 rows=103 width=0)
	        Index Cond: ((k >= 1934489) AND (k <= 1934589))

table 7 : explain SELECT k, c FROM sbtest7 WHERE k BETWEEN 1934489 AND 1934589
	Bitmap Heap Scan on sbtest7  (cost=5.55..437.06 rows=109 width=125)
	  Recheck Cond: ((k >= 1934489) AND (k <= 1934589))
	  ->  Bitmap Index Scan on k_7  (cost=0.00..5.52 rows=109 width=0)
	        Index Cond: ((k >= 1934489) AND (k <= 1934589))

table 8 : explain SELECT k, c FROM sbtest8 WHERE k BETWEEN 1934489 AND 1934589
	Bitmap Heap Scan on sbtest8  (cost=5.51..421.37 rows=105 width=125)
	  Recheck Cond: ((k >= 1934489) AND (k <= 1934589))
	  ->  Bitmap Index Scan on k_8  (cost=0.00..5.48 rows=105 width=0)
	        Index Cond: ((k >= 1934489) AND (k <= 1934589))

for range-notcovered
table 1 : explain SELECT k, c FROM sbtest1 WHERE k BETWEEN 6378941 AND 6379041
	Bitmap Heap Scan on sbtest1  (cost=5.53..429.30 rows=107 width=125)
	  Recheck Cond: ((k >= 6378941) AND (k <= 6379041))
	  ->  Bitmap Index Scan on k_1  (cost=0.00..5.50 rows=107 width=0)
	        Index Cond: ((k >= 6378941) AND (k <= 6379041))

table 2 : explain SELECT k, c FROM sbtest2 WHERE k BETWEEN 6378941 AND 6379041
	Bitmap Heap Scan on sbtest2  (cost=5.49..413.48 rows=103 width=125)
	  Recheck Cond: ((k >= 6378941) AND (k <= 6379041))
	  ->  Bitmap Index Scan on k_2  (cost=0.00..5.46 rows=103 width=0)
	        Index Cond: ((k >= 6378941) AND (k <= 6379041))

table 3 : explain SELECT k, c FROM sbtest3 WHERE k BETWEEN 6378941 AND 6379041
	Bitmap Heap Scan on sbtest3  (cost=5.55..437.08 rows=109 width=125)
	  Recheck Cond: ((k >= 6378941) AND (k <= 6379041))
	  ->  Bitmap Index Scan on k_3  (cost=0.00..5.52 rows=109 width=0)
	        Index Cond: ((k >= 6378941) AND (k <= 6379041))

table 4 : explain SELECT k, c FROM sbtest4 WHERE k BETWEEN 6378941 AND 6379041
	Bitmap Heap Scan on sbtest4  (cost=5.44..393.75 rows=98 width=125)
	  Recheck Cond: ((k >= 6378941) AND (k <= 6379041))
	  ->  Bitmap Index Scan on k_4  (cost=0.00..5.42 rows=98 width=0)
	        Index Cond: ((k >= 6378941) AND (k <= 6379041))

table 5 : explain SELECT k, c FROM sbtest5 WHERE k BETWEEN 6378941 AND 6379041
	Bitmap Heap Scan on sbtest5  (cost=5.39..374.02 rows=93 width=125)
	  Recheck Cond: ((k >= 6378941) AND (k <= 6379041))
	  ->  Bitmap Index Scan on k_5  (cost=0.00..5.36 rows=93 width=0)
	        Index Cond: ((k >= 6378941) AND (k <= 6379041))

table 6 : explain SELECT k, c FROM sbtest6 WHERE k BETWEEN 6378941 AND 6379041
	Bitmap Heap Scan on sbtest6  (cost=5.41..381.90 rows=95 width=125)
	  Recheck Cond: ((k >= 6378941) AND (k <= 6379041))
	  ->  Bitmap Index Scan on k_6  (cost=0.00..5.38 rows=95 width=0)
	        Index Cond: ((k >= 6378941) AND (k <= 6379041))

table 7 : explain SELECT k, c FROM sbtest7 WHERE k BETWEEN 6378941 AND 6379041
	Bitmap Heap Scan on sbtest7  (cost=5.45..397.63 rows=99 width=125)
	  Recheck Cond: ((k >= 6378941) AND (k <= 6379041))
	  ->  Bitmap Index Scan on k_7  (cost=0.00..5.42 rows=99 width=0)
	        Index Cond: ((k >= 6378941) AND (k <= 6379041))

table 8 : explain SELECT k, c FROM sbtest8 WHERE k BETWEEN 6378941 AND 6379041
	Bitmap Heap Scan on sbtest8  (cost=5.52..425.32 rows=106 width=125)
	  Recheck Cond: ((k >= 6378941) AND (k <= 6379041))
	  ->  Bitmap Index Scan on k_8  (cost=0.00..5.50 rows=106 width=0)
	        Index Cond: ((k >= 6378941) AND (k <= 6379041))

explain: for range-notcovered :: explain SELECT k, c FROM sbtest%d WHERE k BETWEEN 6789664 AND 6789764
explain: for range-notcovered :: explain SELECT k, c FROM sbtest%d WHERE k BETWEEN 6148959 AND 6149059
explain: for range-notcovered :: explain SELECT k, c FROM sbtest%d WHERE k BETWEEN 4243893 AND 4243993
for range-notcovered
table 1 : explain SELECT k, c FROM sbtest1 WHERE k BETWEEN 7378895 AND 7378995
	Bitmap Heap Scan on sbtest1  (cost=5.42..385.90 rows=96 width=125)
	  Recheck Cond: ((k >= 7378895) AND (k <= 7378995))
	  ->  Bitmap Index Scan on k_1  (cost=0.00..5.39 rows=96 width=0)
	        Index Cond: ((k >= 7378895) AND (k <= 7378995))

table 2 : explain SELECT k, c FROM sbtest2 WHERE k BETWEEN 7378895 AND 7378995
	Bitmap Heap Scan on sbtest2  (cost=5.43..389.80 rows=97 width=125)
	  Recheck Cond: ((k >= 7378895) AND (k <= 7378995))
	  ->  Bitmap Index Scan on k_2  (cost=0.00..5.40 rows=97 width=0)
	        Index Cond: ((k >= 7378895) AND (k <= 7378995))

table 3 : explain SELECT k, c FROM sbtest3 WHERE k BETWEEN 7378895 AND 7378995
	Bitmap Heap Scan on sbtest3  (cost=5.43..389.75 rows=97 width=125)
	  Recheck Cond: ((k >= 7378895) AND (k <= 7378995))
	  ->  Bitmap Index Scan on k_3  (cost=0.00..5.40 rows=97 width=0)
	        Index Cond: ((k >= 7378895) AND (k <= 7378995))

table 4 : explain SELECT k, c FROM sbtest4 WHERE k BETWEEN 7378895 AND 7378995
	Bitmap Heap Scan on sbtest4  (cost=5.40..377.96 rows=94 width=125)
	  Recheck Cond: ((k >= 7378895) AND (k <= 7378995))
	  ->  Bitmap Index Scan on k_4  (cost=0.00..5.38 rows=94 width=0)
	        Index Cond: ((k >= 7378895) AND (k <= 7378995))

table 5 : explain SELECT k, c FROM sbtest5 WHERE k BETWEEN 7378895 AND 7378995
	Bitmap Heap Scan on sbtest5  (cost=5.46..401.65 rows=100 width=125)
	  Recheck Cond: ((k >= 7378895) AND (k <= 7378995))
	  ->  Bitmap Index Scan on k_5  (cost=0.00..5.43 rows=100 width=0)
	        Index Cond: ((k >= 7378895) AND (k <= 7378995))

table 6 : explain SELECT k, c FROM sbtest6 WHERE k BETWEEN 7378895 AND 7378995
	Bitmap Heap Scan on sbtest6  (cost=5.52..425.30 rows=106 width=125)
	  Recheck Cond: ((k >= 7378895) AND (k <= 7378995))
	  ->  Bitmap Index Scan on k_6  (cost=0.00..5.50 rows=106 width=0)
	        Index Cond: ((k >= 7378895) AND (k <= 7378995))

table 7 : explain SELECT k, c FROM sbtest7 WHERE k BETWEEN 7378895 AND 7378995
	Bitmap Heap Scan on sbtest7  (cost=5.48..409.46 rows=102 width=125)
	  Recheck Cond: ((k >= 7378895) AND (k <= 7378995))
	  ->  Bitmap Index Scan on k_7  (cost=0.00..5.45 rows=102 width=0)
	        Index Cond: ((k >= 7378895) AND (k <= 7378995))

table 8 : explain SELECT k, c FROM sbtest8 WHERE k BETWEEN 7378895 AND 7378995
	Bitmap Heap Scan on sbtest8  (cost=5.43..389.81 rows=97 width=125)
	  Recheck Cond: ((k >= 7378895) AND (k <= 7378995))
	  ->  Bitmap Index Scan on k_8  (cost=0.00..5.40 rows=97 width=0)
	        Index Cond: ((k >= 7378895) AND (k <= 7378995))

for range-notcovered
table 1 : explain SELECT k, c FROM sbtest1 WHERE k BETWEEN 8712676 AND 8712776
	Bitmap Heap Scan on sbtest1  (cost=5.44..393.80 rows=98 width=125)
	  Recheck Cond: ((k >= 8712676) AND (k <= 8712776))
	  ->  Bitmap Index Scan on k_1  (cost=0.00..5.42 rows=98 width=0)
	        Index Cond: ((k >= 8712676) AND (k <= 8712776))

table 2 : explain SELECT k, c FROM sbtest2 WHERE k BETWEEN 8712676 AND 8712776
	Bitmap Heap Scan on sbtest2  (cost=5.47..405.59 rows=101 width=125)
	  Recheck Cond: ((k >= 8712676) AND (k <= 8712776))
	  ->  Bitmap Index Scan on k_2  (cost=0.00..5.44 rows=101 width=0)
	        Index Cond: ((k >= 8712676) AND (k <= 8712776))

table 3 : explain SELECT k, c FROM sbtest3 WHERE k BETWEEN 8712676 AND 8712776
	Bitmap Heap Scan on sbtest3  (cost=5.50..417.37 rows=104 width=125)
	  Recheck Cond: ((k >= 8712676) AND (k <= 8712776))
	  ->  Bitmap Index Scan on k_3  (cost=0.00..5.47 rows=104 width=0)
	        Index Cond: ((k >= 8712676) AND (k <= 8712776))

table 4 : explain SELECT k, c FROM sbtest4 WHERE k BETWEEN 8712676 AND 8712776
	Bitmap Heap Scan on sbtest4  (cost=5.52..425.31 rows=106 width=125)
	  Recheck Cond: ((k >= 8712676) AND (k <= 8712776))
	  ->  Bitmap Index Scan on k_4  (cost=0.00..5.50 rows=106 width=0)
	        Index Cond: ((k >= 8712676) AND (k <= 8712776))

table 5 : explain SELECT k, c FROM sbtest5 WHERE k BETWEEN 8712676 AND 8712776
	Bitmap Heap Scan on sbtest5  (cost=5.43..389.81 rows=97 width=125)
	  Recheck Cond: ((k >= 8712676) AND (k <= 8712776))
	  ->  Bitmap Index Scan on k_5  (cost=0.00..5.40 rows=97 width=0)
	        Index Cond: ((k >= 8712676) AND (k <= 8712776))

table 6 : explain SELECT k, c FROM sbtest6 WHERE k BETWEEN 8712676 AND 8712776
	Bitmap Heap Scan on sbtest6  (cost=5.59..452.89 rows=113 width=125)
	  Recheck Cond: ((k >= 8712676) AND (k <= 8712776))
	  ->  Bitmap Index Scan on k_6  (cost=0.00..5.56 rows=113 width=0)
	        Index Cond: ((k >= 8712676) AND (k <= 8712776))

table 7 : explain SELECT k, c FROM sbtest7 WHERE k BETWEEN 8712676 AND 8712776
	Bitmap Heap Scan on sbtest7  (cost=5.49..413.41 rows=103 width=125)
	  Recheck Cond: ((k >= 8712676) AND (k <= 8712776))
	  ->  Bitmap Index Scan on k_7  (cost=0.00..5.46 rows=103 width=0)
	        Index Cond: ((k >= 8712676) AND (k <= 8712776))

table 8 : explain SELECT k, c FROM sbtest8 WHERE k BETWEEN 8712676 AND 8712776
	Bitmap Heap Scan on sbtest8  (cost=5.46..401.65 rows=100 width=125)
	  Recheck Cond: ((k >= 8712676) AND (k <= 8712776))
	  ->  Bitmap Index Scan on k_8  (cost=0.00..5.43 rows=100 width=0)
	        Index Cond: ((k >= 8712676) AND (k <= 8712776))
for range-notcovered
table 1 : explain SELECT k, c FROM sbtest1 WHERE k BETWEEN 8262231 AND 8262331
	Bitmap Heap Scan on sbtest1  (cost=5.50..417.47 rows=104 width=125)
	  Recheck Cond: ((k >= 8262231) AND (k <= 8262331))
	  ->  Bitmap Index Scan on k_1  (cost=0.00..5.47 rows=104 width=0)
	        Index Cond: ((k >= 8262231) AND (k <= 8262331))

table 2 : explain SELECT k, c FROM sbtest2 WHERE k BETWEEN 8262231 AND 8262331
	Bitmap Heap Scan on sbtest2  (cost=5.42..385.86 rows=96 width=125)
	  Recheck Cond: ((k >= 8262231) AND (k <= 8262331))
	  ->  Bitmap Index Scan on k_2  (cost=0.00..5.39 rows=96 width=0)
	        Index Cond: ((k >= 8262231) AND (k <= 8262331))

table 3 : explain SELECT k, c FROM sbtest3 WHERE k BETWEEN 8262231 AND 8262331
	Bitmap Heap Scan on sbtest3  (cost=5.51..421.31 rows=105 width=125)
	  Recheck Cond: ((k >= 8262231) AND (k <= 8262331))
	  ->  Bitmap Index Scan on k_3  (cost=0.00..5.48 rows=105 width=0)
	        Index Cond: ((k >= 8262231) AND (k <= 8262331))

table 4 : explain SELECT k, c FROM sbtest4 WHERE k BETWEEN 8262231 AND 8262331
	Bitmap Heap Scan on sbtest4  (cost=5.49..413.48 rows=103 width=125)
	  Recheck Cond: ((k >= 8262231) AND (k <= 8262331))
	  ->  Bitmap Index Scan on k_4  (cost=0.00..5.46 rows=103 width=0)
	        Index Cond: ((k >= 8262231) AND (k <= 8262331))

table 5 : explain SELECT k, c FROM sbtest5 WHERE k BETWEEN 8262231 AND 8262331
	Bitmap Heap Scan on sbtest5  (cost=5.53..429.26 rows=107 width=125)
	  Recheck Cond: ((k >= 8262231) AND (k <= 8262331))
	  ->  Bitmap Index Scan on k_5  (cost=0.00..5.50 rows=107 width=0)
	        Index Cond: ((k >= 8262231) AND (k <= 8262331))

table 6 : explain SELECT k, c FROM sbtest6 WHERE k BETWEEN 8262231 AND 8262331
	Bitmap Heap Scan on sbtest6  (cost=5.49..413.47 rows=103 width=125)
	  Recheck Cond: ((k >= 8262231) AND (k <= 8262331))
	  ->  Bitmap Index Scan on k_6  (cost=0.00..5.46 rows=103 width=0)
	        Index Cond: ((k >= 8262231) AND (k <= 8262331))

table 7 : explain SELECT k, c FROM sbtest7 WHERE k BETWEEN 8262231 AND 8262331
	Bitmap Heap Scan on sbtest7  (cost=5.47..405.52 rows=101 width=125)
	  Recheck Cond: ((k >= 8262231) AND (k <= 8262331))
	  ->  Bitmap Index Scan on k_7  (cost=0.00..5.44 rows=101 width=0)
	        Index Cond: ((k >= 8262231) AND (k <= 8262331))

table 8 : explain SELECT k, c FROM sbtest8 WHERE k BETWEEN 8262231 AND 8262331
	Bitmap Heap Scan on sbtest8  (cost=5.46..401.65 rows=100 width=125)
	  Recheck Cond: ((k >= 8262231) AND (k <= 8262331))
	  ->  Bitmap Index Scan on k_8  (cost=0.00..5.43 rows=100 width=0)
	        Index Cond: ((k >= 8262231) AND (k <= 8262331))

explain: for range-notcovered :: explain SELECT k, c FROM sbtest%d WHERE k BETWEEN 1934489 AND 1934589

explain: for range-notcovered :: explain SELECT k, c FROM sbtest%d WHERE k BETWEEN 7378895 AND 7378995
for range-notcovered
table 1 : explain SELECT k, c FROM sbtest1 WHERE k BETWEEN 8376998 AND 8377098
	Bitmap Heap Scan on sbtest1  (cost=5.51..421.42 rows=105 width=125)
	  Recheck Cond: ((k >= 8376998) AND (k <= 8377098))
	  ->  Bitmap Index Scan on k_1  (cost=0.00..5.48 rows=105 width=0)
	        Index Cond: ((k >= 8376998) AND (k <= 8377098))

table 2 : explain SELECT k, c FROM sbtest2 WHERE k BETWEEN 8376998 AND 8377098
	Bitmap Heap Scan on sbtest2  (cost=5.53..429.25 rows=107 width=125)
	  Recheck Cond: ((k >= 8376998) AND (k <= 8377098))
	  ->  Bitmap Index Scan on k_2  (cost=0.00..5.50 rows=107 width=0)
	        Index Cond: ((k >= 8376998) AND (k <= 8377098))

table 3 : explain SELECT k, c FROM sbtest3 WHERE k BETWEEN 8376998 AND 8377098
	Bitmap Heap Scan on sbtest3  (cost=5.41..381.86 rows=95 width=125)
	  Recheck Cond: ((k >= 8376998) AND (k <= 8377098))
	  ->  Bitmap Index Scan on k_3  (cost=0.00..5.38 rows=95 width=0)
	        Index Cond: ((k >= 8376998) AND (k <= 8377098))

table 4 : explain SELECT k, c FROM sbtest4 WHERE k BETWEEN 8376998 AND 8377098
	Bitmap Heap Scan on sbtest4  (cost=5.51..421.36 rows=105 width=125)
	  Recheck Cond: ((k >= 8376998) AND (k <= 8377098))
	  ->  Bitmap Index Scan on k_4  (cost=0.00..5.48 rows=105 width=0)
	        Index Cond: ((k >= 8376998) AND (k <= 8377098))

table 5 : explain SELECT k, c FROM sbtest5 WHERE k BETWEEN 8376998 AND 8377098
	Bitmap Heap Scan on sbtest5  (cost=5.42..385.86 rows=96 width=125)
	  Recheck Cond: ((k >= 8376998) AND (k <= 8377098))
	  ->  Bitmap Index Scan on k_5  (cost=0.00..5.39 rows=96 width=0)
	        Index Cond: ((k >= 8376998) AND (k <= 8377098))

table 6 : explain SELECT k, c FROM sbtest6 WHERE k BETWEEN 8376998 AND 8377098
	Bitmap Heap Scan on sbtest6  (cost=5.50..417.41 rows=104 width=125)
	  Recheck Cond: ((k >= 8376998) AND (k <= 8377098))
	  ->  Bitmap Index Scan on k_6  (cost=0.00..5.47 rows=104 width=0)
	        Index Cond: ((k >= 8376998) AND (k <= 8377098))

table 7 : explain SELECT k, c FROM sbtest7 WHERE k BETWEEN 8376998 AND 8377098
	Bitmap Heap Scan on sbtest7  (cost=5.47..405.52 rows=101 width=125)
	  Recheck Cond: ((k >= 8376998) AND (k <= 8377098))
	  ->  Bitmap Index Scan on k_7  (cost=0.00..5.44 rows=101 width=0)
	        Index Cond: ((k >= 8376998) AND (k <= 8377098))

table 8 : explain SELECT k, c FROM sbtest8 WHERE k BETWEEN 8376998 AND 8377098
	Bitmap Heap Scan on sbtest8  (cost=5.47..405.60 rows=101 width=125)
	  Recheck Cond: ((k >= 8376998) AND (k <= 8377098))
	  ->  Bitmap Index Scan on k_8  (cost=0.00..5.44 rows=101 width=0)
	        Index Cond: ((k >= 8376998) AND (k <= 8377098))

explain: for range-notcovered :: explain SELECT k, c FROM sbtest%d WHERE k BETWEEN 8262231 AND 8262331
explain: for range-notcovered :: explain SELECT k, c FROM sbtest%d WHERE k BETWEEN 8712676 AND 8712776
for range-notcovered
table 1 : explain SELECT k, c FROM sbtest1 WHERE k BETWEEN 5443553 AND 5443653
	Bitmap Heap Scan on sbtest1  (cost=5.48..409.58 rows=102 width=125)
	  Recheck Cond: ((k >= 5443553) AND (k <= 5443653))
	  ->  Bitmap Index Scan on k_1  (cost=0.00..5.45 rows=102 width=0)
	        Index Cond: ((k >= 5443553) AND (k <= 5443653))

table 2 : explain SELECT k, c FROM sbtest2 WHERE k BETWEEN 5443553 AND 5443653
	Bitmap Heap Scan on sbtest2  (cost=5.39..374.01 rows=93 width=125)
	  Recheck Cond: ((k >= 5443553) AND (k <= 5443653))
	  ->  Bitmap Index Scan on k_2  (cost=0.00..5.36 rows=93 width=0)
	        Index Cond: ((k >= 5443553) AND (k <= 5443653))

table 3 : explain SELECT k, c FROM sbtest3 WHERE k BETWEEN 5443553 AND 5443653
	Bitmap Heap Scan on sbtest3  (cost=5.58..448.90 rows=112 width=125)
	  Recheck Cond: ((k >= 5443553) AND (k <= 5443653))
	  ->  Bitmap Index Scan on k_3  (cost=0.00..5.55 rows=112 width=0)
	        Index Cond: ((k >= 5443553) AND (k <= 5443653))

table 4 : explain SELECT k, c FROM sbtest4 WHERE k BETWEEN 5443553 AND 5443653
	Bitmap Heap Scan on sbtest4  (cost=5.52..425.31 rows=106 width=125)
	  Recheck Cond: ((k >= 5443553) AND (k <= 5443653))
	  ->  Bitmap Index Scan on k_4  (cost=0.00..5.50 rows=106 width=0)
	        Index Cond: ((k >= 5443553) AND (k <= 5443653))

table 5 : explain SELECT k, c FROM sbtest5 WHERE k BETWEEN 5443553 AND 5443653
	Bitmap Heap Scan on sbtest5  (cost=5.54..433.20 rows=108 width=125)
	  Recheck Cond: ((k >= 5443553) AND (k <= 5443653))
	  ->  Bitmap Index Scan on k_5  (cost=0.00..5.51 rows=108 width=0)
	        Index Cond: ((k >= 5443553) AND (k <= 5443653))

table 6 : explain SELECT k, c FROM sbtest6 WHERE k BETWEEN 5443553 AND 5443653
	Bitmap Heap Scan on sbtest6  (cost=5.57..445.01 rows=111 width=125)
	  Recheck Cond: ((k >= 5443553) AND (k <= 5443653))
	  ->  Bitmap Index Scan on k_6  (cost=0.00..5.54 rows=111 width=0)
	        Index Cond: ((k >= 5443553) AND (k <= 5443653))

table 7 : explain SELECT k, c FROM sbtest7 WHERE k BETWEEN 5443553 AND 5443653
	Bitmap Heap Scan on sbtest7  (cost=5.46..401.57 rows=100 width=125)
	  Recheck Cond: ((k >= 5443553) AND (k <= 5443653))
	  ->  Bitmap Index Scan on k_7  (cost=0.00..5.43 rows=100 width=0)
	        Index Cond: ((k >= 5443553) AND (k <= 5443653))

table 8 : explain SELECT k, c FROM sbtest8 WHERE k BETWEEN 5443553 AND 5443653
	Bitmap Heap Scan on sbtest8  (cost=5.46..401.65 rows=100 width=125)
	  Recheck Cond: ((k >= 5443553) AND (k <= 5443653))
	  ->  Bitmap Index Scan on k_8  (cost=0.00..5.43 rows=100 width=0)
	        Index Cond: ((k >= 5443553) AND (k <= 5443653))

explain: for range-notcovered :: explain SELECT k, c FROM sbtest%d WHERE k BETWEEN 8376998 AND 8377098
for range-notcovered
table 1 : explain SELECT k, c FROM sbtest1 WHERE k BETWEEN 5330250 AND 5330350
	Bitmap Heap Scan on sbtest1  (cost=5.51..421.42 rows=105 width=125)
	  Recheck Cond: ((k >= 5330250) AND (k <= 5330350))
	  ->  Bitmap Index Scan on k_1  (cost=0.00..5.48 rows=105 width=0)
	        Index Cond: ((k >= 5330250) AND (k <= 5330350))

table 2 : explain SELECT k, c FROM sbtest2 WHERE k BETWEEN 5330250 AND 5330350
	Bitmap Heap Scan on sbtest2  (cost=5.46..401.64 rows=100 width=125)
	  Recheck Cond: ((k >= 5330250) AND (k <= 5330350))
	  ->  Bitmap Index Scan on k_2  (cost=0.00..5.43 rows=100 width=0)
	        Index Cond: ((k >= 5330250) AND (k <= 5330350))

table 3 : explain SELECT k, c FROM sbtest3 WHERE k BETWEEN 5330250 AND 5330350
	Bitmap Heap Scan on sbtest3  (cost=5.46..401.59 rows=100 width=125)
	  Recheck Cond: ((k >= 5330250) AND (k <= 5330350))
	  ->  Bitmap Index Scan on k_3  (cost=0.00..5.43 rows=100 width=0)
	        Index Cond: ((k >= 5330250) AND (k <= 5330350))

table 4 : explain SELECT k, c FROM sbtest4 WHERE k BETWEEN 5330250 AND 5330350
	Bitmap Heap Scan on sbtest4  (cost=5.57..445.02 rows=111 width=125)
	  Recheck Cond: ((k >= 5330250) AND (k <= 5330350))
	  ->  Bitmap Index Scan on k_4  (cost=0.00..5.54 rows=111 width=0)
	        Index Cond: ((k >= 5330250) AND (k <= 5330350))

table 5 : explain SELECT k, c FROM sbtest5 WHERE k BETWEEN 5330250 AND 5330350
	Bitmap Heap Scan on sbtest5  (cost=5.49..413.49 rows=103 width=125)
	  Recheck Cond: ((k >= 5330250) AND (k <= 5330350))
	  ->  Bitmap Index Scan on k_5  (cost=0.00..5.46 rows=103 width=0)
	        Index Cond: ((k >= 5330250) AND (k <= 5330350))

table 6 : explain SELECT k, c FROM sbtest6 WHERE k BETWEEN 5330250 AND 5330350
	Bitmap Heap Scan on sbtest6  (cost=5.46..401.63 rows=100 width=125)
	  Recheck Cond: ((k >= 5330250) AND (k <= 5330350))
	  ->  Bitmap Index Scan on k_6  (cost=0.00..5.43 rows=100 width=0)
	        Index Cond: ((k >= 5330250) AND (k <= 5330350))

table 7 : explain SELECT k, c FROM sbtest7 WHERE k BETWEEN 5330250 AND 5330350
	Bitmap Heap Scan on sbtest7  (cost=5.44..393.68 rows=98 width=125)
	  Recheck Cond: ((k >= 5330250) AND (k <= 5330350))
	  ->  Bitmap Index Scan on k_7  (cost=0.00..5.42 rows=98 width=0)
	        Index Cond: ((k >= 5330250) AND (k <= 5330350))

table 8 : explain SELECT k, c FROM sbtest8 WHERE k BETWEEN 5330250 AND 5330350
	Bitmap Heap Scan on sbtest8  (cost=5.48..409.54 rows=102 width=125)
	  Recheck Cond: ((k >= 5330250) AND (k <= 5330350))
	  ->  Bitmap Index Scan on k_8  (cost=0.00..5.45 rows=102 width=0)
	        Index Cond: ((k >= 5330250) AND (k <= 5330350))

for range-notcovered
table 1 : explain SELECT k, c FROM sbtest1 WHERE k BETWEEN 4981137 AND 4981237
	Bitmap Heap Scan on sbtest1  (cost=5.43..389.85 rows=97 width=125)
	  Recheck Cond: ((k >= 4981137) AND (k <= 4981237))
	  ->  Bitmap Index Scan on k_1  (cost=0.00..5.40 rows=97 width=0)
	        Index Cond: ((k >= 4981137) AND (k <= 4981237))

table 2 : explain SELECT k, c FROM sbtest2 WHERE k BETWEEN 4981137 AND 4981237
	Bitmap Heap Scan on sbtest2  (cost=5.57..445.02 rows=111 width=125)
	  Recheck Cond: ((k >= 4981137) AND (k <= 4981237))
	  ->  Bitmap Index Scan on k_2  (cost=0.00..5.54 rows=111 width=0)
	        Index Cond: ((k >= 4981137) AND (k <= 4981237))

table 3 : explain SELECT k, c FROM sbtest3 WHERE k BETWEEN 4981137 AND 4981237
	Bitmap Heap Scan on sbtest3  (cost=5.46..401.59 rows=100 width=125)
	  Recheck Cond: ((k >= 4981137) AND (k <= 4981237))
	  ->  Bitmap Index Scan on k_3  (cost=0.00..5.43 rows=100 width=0)
	        Index Cond: ((k >= 4981137) AND (k <= 4981237))

table 4 : explain SELECT k, c FROM sbtest4 WHERE k BETWEEN 4981137 AND 4981237
	Bitmap Heap Scan on sbtest4  (cost=5.48..409.53 rows=102 width=125)
	  Recheck Cond: ((k >= 4981137) AND (k <= 4981237))
	  ->  Bitmap Index Scan on k_4  (cost=0.00..5.45 rows=102 width=0)
	        Index Cond: ((k >= 4981137) AND (k <= 4981237))

table 5 : explain SELECT k, c FROM sbtest5 WHERE k BETWEEN 4981137 AND 4981237
	Bitmap Heap Scan on sbtest5  (cost=5.45..397.70 rows=99 width=125)
	  Recheck Cond: ((k >= 4981137) AND (k <= 4981237))
	  ->  Bitmap Index Scan on k_5  (cost=0.00..5.42 rows=99 width=0)
	        Index Cond: ((k >= 4981137) AND (k <= 4981237))

table 6 : explain SELECT k, c FROM sbtest6 WHERE k BETWEEN 4981137 AND 4981237
	Bitmap Heap Scan on sbtest6  (cost=5.49..413.47 rows=103 width=125)
	  Recheck Cond: ((k >= 4981137) AND (k <= 4981237))
	  ->  Bitmap Index Scan on k_6  (cost=0.00..5.46 rows=103 width=0)
	        Index Cond: ((k >= 4981137) AND (k <= 4981237))

table 7 : explain SELECT k, c FROM sbtest7 WHERE k BETWEEN 4981137 AND 4981237
	Bitmap Heap Scan on sbtest7  (cost=5.42..385.79 rows=96 width=125)
	  Recheck Cond: ((k >= 4981137) AND (k <= 4981237))
	  ->  Bitmap Index Scan on k_7  (cost=0.00..5.39 rows=96 width=0)
	        Index Cond: ((k >= 4981137) AND (k <= 4981237))

table 8 : explain SELECT k, c FROM sbtest8 WHERE k BETWEEN 4981137 AND 4981237
	Bitmap Heap Scan on sbtest8  (cost=5.39..374.02 rows=93 width=125)
	  Recheck Cond: ((k >= 4981137) AND (k <= 4981237))
	  ->  Bitmap Index Scan on k_8  (cost=0.00..5.36 rows=93 width=0)
	        Index Cond: ((k >= 4981137) AND (k <= 4981237))

for range-notcovered
table 1 : explain SELECT k, c FROM sbtest1 WHERE k BETWEEN 2658640 AND 2658740
	Bitmap Heap Scan on sbtest1  (cost=5.61..460.84 rows=115 width=125)
	  Recheck Cond: ((k >= 2658640) AND (k <= 2658740))
	  ->  Bitmap Index Scan on k_1  (cost=0.00..5.58 rows=115 width=0)
	        Index Cond: ((k >= 2658640) AND (k <= 2658740))

table 2 : explain SELECT k, c FROM sbtest2 WHERE k BETWEEN 2658640 AND 2658740
	Bitmap Heap Scan on sbtest2  (cost=5.45..397.70 rows=99 width=125)
	  Recheck Cond: ((k >= 2658640) AND (k <= 2658740))
	  ->  Bitmap Index Scan on k_2  (cost=0.00..5.42 rows=99 width=0)
	        Index Cond: ((k >= 2658640) AND (k <= 2658740))

table 3 : explain SELECT k, c FROM sbtest3 WHERE k BETWEEN 2658640 AND 2658740
	Bitmap Heap Scan on sbtest3  (cost=5.55..437.08 rows=109 width=125)
	  Recheck Cond: ((k >= 2658640) AND (k <= 2658740))
	  ->  Bitmap Index Scan on k_3  (cost=0.00..5.52 rows=109 width=0)
	        Index Cond: ((k >= 2658640) AND (k <= 2658740))

table 4 : explain SELECT k, c FROM sbtest4 WHERE k BETWEEN 2658640 AND 2658740
	Bitmap Heap Scan on sbtest4  (cost=5.45..397.70 rows=99 width=125)
	  Recheck Cond: ((k >= 2658640) AND (k <= 2658740))
	  ->  Bitmap Index Scan on k_4  (cost=0.00..5.42 rows=99 width=0)
	        Index Cond: ((k >= 2658640) AND (k <= 2658740))

table 5 : explain SELECT k, c FROM sbtest5 WHERE k BETWEEN 2658640 AND 2658740
	Bitmap Heap Scan on sbtest5  (cost=5.38..370.07 rows=92 width=125)
	  Recheck Cond: ((k >= 2658640) AND (k <= 2658740))
	  ->  Bitmap Index Scan on k_5  (cost=0.00..5.35 rows=92 width=0)
	        Index Cond: ((k >= 2658640) AND (k <= 2658740))

table 6 : explain SELECT k, c FROM sbtest6 WHERE k BETWEEN 2658640 AND 2658740
	Bitmap Heap Scan on sbtest6  (cost=5.46..401.63 rows=100 width=125)
	  Recheck Cond: ((k >= 2658640) AND (k <= 2658740))
	  ->  Bitmap Index Scan on k_6  (cost=0.00..5.43 rows=100 width=0)
	        Index Cond: ((k >= 2658640) AND (k <= 2658740))

table 7 : explain SELECT k, c FROM sbtest7 WHERE k BETWEEN 2658640 AND 2658740
	Bitmap Heap Scan on sbtest7  (cost=5.49..413.41 rows=103 width=125)
	  Recheck Cond: ((k >= 2658640) AND (k <= 2658740))
	  ->  Bitmap Index Scan on k_7  (cost=0.00..5.46 rows=103 width=0)
	        Index Cond: ((k >= 2658640) AND (k <= 2658740))

table 8 : explain SELECT k, c FROM sbtest8 WHERE k BETWEEN 2658640 AND 2658740
	Bitmap Heap Scan on sbtest8  (cost=5.47..405.60 rows=101 width=125)
	  Recheck Cond: ((k >= 2658640) AND (k <= 2658740))
	  ->  Bitmap Index Scan on k_8  (cost=0.00..5.44 rows=101 width=0)
	        Index Cond: ((k >= 2658640) AND (k <= 2658740))

for range-notcovered
table 1 : explain SELECT k, c FROM sbtest1 WHERE k BETWEEN 7813504 AND 7813604
	Bitmap Heap Scan on sbtest1  (cost=5.51..421.42 rows=105 width=125)
	  Recheck Cond: ((k >= 7813504) AND (k <= 7813604))
	  ->  Bitmap Index Scan on k_1  (cost=0.00..5.48 rows=105 width=0)
	        Index Cond: ((k >= 7813504) AND (k <= 7813604))

table 2 : explain SELECT k, c FROM sbtest2 WHERE k BETWEEN 7813504 AND 7813604
	Bitmap Heap Scan on sbtest2  (cost=5.47..405.59 rows=101 width=125)
	  Recheck Cond: ((k >= 7813504) AND (k <= 7813604))
	  ->  Bitmap Index Scan on k_2  (cost=0.00..5.44 rows=101 width=0)
	        Index Cond: ((k >= 7813504) AND (k <= 7813604))

table 3 : explain SELECT k, c FROM sbtest3 WHERE k BETWEEN 7813504 AND 7813604
	Bitmap Heap Scan on sbtest3  (cost=5.44..393.70 rows=98 width=125)
	  Recheck Cond: ((k >= 7813504) AND (k <= 7813604))
	  ->  Bitmap Index Scan on k_3  (cost=0.00..5.42 rows=98 width=0)
	        Index Cond: ((k >= 7813504) AND (k <= 7813604))

table 4 : explain SELECT k, c FROM sbtest4 WHERE k BETWEEN 7813504 AND 7813604
	Bitmap Heap Scan on sbtest4  (cost=5.46..401.64 rows=100 width=125)
	  Recheck Cond: ((k >= 7813504) AND (k <= 7813604))
	  ->  Bitmap Index Scan on k_4  (cost=0.00..5.43 rows=100 width=0)
	        Index Cond: ((k >= 7813504) AND (k <= 7813604))

table 5 : explain SELECT k, c FROM sbtest5 WHERE k BETWEEN 7813504 AND 7813604
	Bitmap Heap Scan on sbtest5  (cost=5.48..409.54 rows=102 width=125)
	  Recheck Cond: ((k >= 7813504) AND (k <= 7813604))
	  ->  Bitmap Index Scan on k_5  (cost=0.00..5.45 rows=102 width=0)
	        Index Cond: ((k >= 7813504) AND (k <= 7813604))

table 6 : explain SELECT k, c FROM sbtest6 WHERE k BETWEEN 7813504 AND 7813604
	Bitmap Heap Scan on sbtest6  (cost=5.44..393.74 rows=98 width=125)
	  Recheck Cond: ((k >= 7813504) AND (k <= 7813604))
	  ->  Bitmap Index Scan on k_6  (cost=0.00..5.42 rows=98 width=0)
	        Index Cond: ((k >= 7813504) AND (k <= 7813604))

table 7 : explain SELECT k, c FROM sbtest7 WHERE k BETWEEN 7813504 AND 7813604
	Bitmap Heap Scan on sbtest7  (cost=5.38..370.00 rows=92 width=125)
	  Recheck Cond: ((k >= 7813504) AND (k <= 7813604))
	  ->  Bitmap Index Scan on k_7  (cost=0.00..5.35 rows=92 width=0)
	        Index Cond: ((k >= 7813504) AND (k <= 7813604))

table 8 : explain SELECT k, c FROM sbtest8 WHERE k BETWEEN 7813504 AND 7813604
	Bitmap Heap Scan on sbtest8  (cost=5.48..409.54 rows=102 width=125)
	  Recheck Cond: ((k >= 7813504) AND (k <= 7813604))
	  ->  Bitmap Index Scan on k_8  (cost=0.00..5.45 rows=102 width=0)
	        Index Cond: ((k >= 7813504) AND (k <= 7813604))

explain: for range-notcovered :: explain SELECT k, c FROM sbtest%d WHERE k BETWEEN 5330250 AND 5330350
for range-notcovered
table 1 : explain SELECT k, c FROM sbtest1 WHERE k BETWEEN 4873456 AND 4873556
	Bitmap Heap Scan on sbtest1  (cost=5.65..476.60 rows=119 width=125)
	  Recheck Cond: ((k >= 4873456) AND (k <= 4873556))
	  ->  Bitmap Index Scan on k_1  (cost=0.00..5.62 rows=119 width=0)
	        Index Cond: ((k >= 4873456) AND (k <= 4873556))

table 2 : explain SELECT k, c FROM sbtest2 WHERE k BETWEEN 4873456 AND 4873556
	Bitmap Heap Scan on sbtest2  (cost=5.48..409.53 rows=102 width=125)
	  Recheck Cond: ((k >= 4873456) AND (k <= 4873556))
	  ->  Bitmap Index Scan on k_2  (cost=0.00..5.45 rows=102 width=0)
	        Index Cond: ((k >= 4873456) AND (k <= 4873556))

table 3 : explain SELECT k, c FROM sbtest3 WHERE k BETWEEN 4873456 AND 4873556
	Bitmap Heap Scan on sbtest3  (cost=5.46..401.59 rows=100 width=125)
	  Recheck Cond: ((k >= 4873456) AND (k <= 4873556))
	  ->  Bitmap Index Scan on k_3  (cost=0.00..5.43 rows=100 width=0)
	        Index Cond: ((k >= 4873456) AND (k <= 4873556))

table 4 : explain SELECT k, c FROM sbtest4 WHERE k BETWEEN 4873456 AND 4873556
	Bitmap Heap Scan on sbtest4  (cost=5.53..429.25 rows=107 width=125)
	  Recheck Cond: ((k >= 4873456) AND (k <= 4873556))
	  ->  Bitmap Index Scan on k_4  (cost=0.00..5.50 rows=107 width=0)
	        Index Cond: ((k >= 4873456) AND (k <= 4873556))

table 5 : explain SELECT k, c FROM sbtest5 WHERE k BETWEEN 4873456 AND 4873556
	Bitmap Heap Scan on sbtest5  (cost=5.46..401.65 rows=100 width=125)
	  Recheck Cond: ((k >= 4873456) AND (k <= 4873556))
	  ->  Bitmap Index Scan on k_5  (cost=0.00..5.43 rows=100 width=0)
	        Index Cond: ((k >= 4873456) AND (k <= 4873556))

table 6 : explain SELECT k, c FROM sbtest6 WHERE k BETWEEN 4873456 AND 4873556
	Bitmap Heap Scan on sbtest6  (cost=5.50..417.41 rows=104 width=125)
	  Recheck Cond: ((k >= 4873456) AND (k <= 4873556))
	  ->  Bitmap Index Scan on k_6  (cost=0.00..5.47 rows=104 width=0)
	        Index Cond: ((k >= 4873456) AND (k <= 4873556))

table 7 : explain SELECT k, c FROM sbtest7 WHERE k BETWEEN 4873456 AND 4873556
	Bitmap Heap Scan on sbtest7  (cost=5.53..429.17 rows=107 width=125)
	  Recheck Cond: ((k >= 4873456) AND (k <= 4873556))
	  ->  Bitmap Index Scan on k_7  (cost=0.00..5.50 rows=107 width=0)
	        Index Cond: ((k >= 4873456) AND (k <= 4873556))

table 8 : explain SELECT k, c FROM sbtest8 WHERE k BETWEEN 4873456 AND 4873556
	Bitmap Heap Scan on sbtest8  (cost=5.59..452.91 rows=113 width=125)
	  Recheck Cond: ((k >= 4873456) AND (k <= 4873556))
	  ->  Bitmap Index Scan on k_8  (cost=0.00..5.56 rows=113 width=0)
	        Index Cond: ((k >= 4873456) AND (k <= 4873556))

explain: for range-notcovered :: explain SELECT k, c FROM sbtest%d WHERE k BETWEEN 7813504 AND 7813604
explain: for range-notcovered :: explain SELECT k, c FROM sbtest%d WHERE k BETWEEN 4873456 AND 4873556
for range-notcovered
table 1 : explain SELECT k, c FROM sbtest1 WHERE k BETWEEN 2646947 AND 2647047
	Bitmap Heap Scan on sbtest1  (cost=5.61..460.84 rows=115 width=125)
	  Recheck Cond: ((k >= 2646947) AND (k <= 2647047))
	  ->  Bitmap Index Scan on k_1  (cost=0.00..5.58 rows=115 width=0)
	        Index Cond: ((k >= 2646947) AND (k <= 2647047))

table 2 : explain SELECT k, c FROM sbtest2 WHERE k BETWEEN 2646947 AND 2647047
	Bitmap Heap Scan on sbtest2  (cost=5.45..397.70 rows=99 width=125)
	  Recheck Cond: ((k >= 2646947) AND (k <= 2647047))
	  ->  Bitmap Index Scan on k_2  (cost=0.00..5.42 rows=99 width=0)
	        Index Cond: ((k >= 2646947) AND (k <= 2647047))

table 3 : explain SELECT k, c FROM sbtest3 WHERE k BETWEEN 2646947 AND 2647047
	Bitmap Heap Scan on sbtest3  (cost=5.43..389.75 rows=97 width=125)
	  Recheck Cond: ((k >= 2646947) AND (k <= 2647047))
	  ->  Bitmap Index Scan on k_3  (cost=0.00..5.40 rows=97 width=0)
	        Index Cond: ((k >= 2646947) AND (k <= 2647047))

table 4 : explain SELECT k, c FROM sbtest4 WHERE k BETWEEN 2646947 AND 2647047
	Bitmap Heap Scan on sbtest4  (cost=5.45..397.70 rows=99 width=125)
	  Recheck Cond: ((k >= 2646947) AND (k <= 2647047))
	  ->  Bitmap Index Scan on k_4  (cost=0.00..5.42 rows=99 width=0)
	        Index Cond: ((k >= 2646947) AND (k <= 2647047))

table 5 : explain SELECT k, c FROM sbtest5 WHERE k BETWEEN 2646947 AND 2647047
	Bitmap Heap Scan on sbtest5  (cost=5.38..370.07 rows=92 width=125)
	  Recheck Cond: ((k >= 2646947) AND (k <= 2647047))
	  ->  Bitmap Index Scan on k_5  (cost=0.00..5.35 rows=92 width=0)
	        Index Cond: ((k >= 2646947) AND (k <= 2647047))

table 6 : explain SELECT k, c FROM sbtest6 WHERE k BETWEEN 2646947 AND 2647047
	Bitmap Heap Scan on sbtest6  (cost=5.46..401.63 rows=100 width=125)
	  Recheck Cond: ((k >= 2646947) AND (k <= 2647047))
	  ->  Bitmap Index Scan on k_6  (cost=0.00..5.43 rows=100 width=0)
	        Index Cond: ((k >= 2646947) AND (k <= 2647047))

table 7 : explain SELECT k, c FROM sbtest7 WHERE k BETWEEN 2646947 AND 2647047
	Bitmap Heap Scan on sbtest7  (cost=5.49..413.41 rows=103 width=125)
	  Recheck Cond: ((k >= 2646947) AND (k <= 2647047))
	  ->  Bitmap Index Scan on k_7  (cost=0.00..5.46 rows=103 width=0)
	        Index Cond: ((k >= 2646947) AND (k <= 2647047))

table 8 : explain SELECT k, c FROM sbtest8 WHERE k BETWEEN 2646947 AND 2647047
	Bitmap Heap Scan on sbtest8  (cost=5.47..405.60 rows=101 width=125)
	  Recheck Cond: ((k >= 2646947) AND (k <= 2647047))
	  ->  Bitmap Index Scan on k_8  (cost=0.00..5.44 rows=101 width=0)
	        Index Cond: ((k >= 2646947) AND (k <= 2647047))

for range-notcovered
table 1 : explain SELECT k, c FROM sbtest1 WHERE k BETWEEN 3507413 AND 3507513
	Bitmap Heap Scan on sbtest1  (cost=5.39..374.06 rows=93 width=125)
	  Recheck Cond: ((k >= 3507413) AND (k <= 3507513))
	  ->  Bitmap Index Scan on k_1  (cost=0.00..5.36 rows=93 width=0)
	        Index Cond: ((k >= 3507413) AND (k <= 3507513))

table 2 : explain SELECT k, c FROM sbtest2 WHERE k BETWEEN 3507413 AND 3507513
	Bitmap Heap Scan on sbtest2  (cost=5.48..409.53 rows=102 width=125)
	  Recheck Cond: ((k >= 3507413) AND (k <= 3507513))
	  ->  Bitmap Index Scan on k_2  (cost=0.00..5.45 rows=102 width=0)
	        Index Cond: ((k >= 3507413) AND (k <= 3507513))

table 3 : explain SELECT k, c FROM sbtest3 WHERE k BETWEEN 3507413 AND 3507513
	Bitmap Heap Scan on sbtest3  (cost=5.46..401.59 rows=100 width=125)
	  Recheck Cond: ((k >= 3507413) AND (k <= 3507513))
	  ->  Bitmap Index Scan on k_3  (cost=0.00..5.43 rows=100 width=0)
	        Index Cond: ((k >= 3507413) AND (k <= 3507513))

table 4 : explain SELECT k, c FROM sbtest4 WHERE k BETWEEN 3507413 AND 3507513
	Bitmap Heap Scan on sbtest4  (cost=5.46..401.64 rows=100 width=125)
	  Recheck Cond: ((k >= 3507413) AND (k <= 3507513))
	  ->  Bitmap Index Scan on k_4  (cost=0.00..5.43 rows=100 width=0)
	        Index Cond: ((k >= 3507413) AND (k <= 3507513))

table 5 : explain SELECT k, c FROM sbtest5 WHERE k BETWEEN 3507413 AND 3507513
	Bitmap Heap Scan on sbtest5  (cost=5.52..425.32 rows=106 width=125)
	  Recheck Cond: ((k >= 3507413) AND (k <= 3507513))
	  ->  Bitmap Index Scan on k_5  (cost=0.00..5.50 rows=106 width=0)
	        Index Cond: ((k >= 3507413) AND (k <= 3507513))

table 6 : explain SELECT k, c FROM sbtest6 WHERE k BETWEEN 3507413 AND 3507513
	Bitmap Heap Scan on sbtest6  (cost=5.55..437.13 rows=109 width=125)
	  Recheck Cond: ((k >= 3507413) AND (k <= 3507513))
	  ->  Bitmap Index Scan on k_6  (cost=0.00..5.52 rows=109 width=0)
	        Index Cond: ((k >= 3507413) AND (k <= 3507513))

table 7 : explain SELECT k, c FROM sbtest7 WHERE k BETWEEN 3507413 AND 3507513
	Bitmap Heap Scan on sbtest7  (cost=5.46..401.57 rows=100 width=125)
	  Recheck Cond: ((k >= 3507413) AND (k <= 3507513))
	  ->  Bitmap Index Scan on k_7  (cost=0.00..5.43 rows=100 width=0)
	        Index Cond: ((k >= 3507413) AND (k <= 3507513))

table 8 : explain SELECT k, c FROM sbtest8 WHERE k BETWEEN 3507413 AND 3507513
	Bitmap Heap Scan on sbtest8  (cost=5.53..429.26 rows=107 width=125)
	  Recheck Cond: ((k >= 3507413) AND (k <= 3507513))
	  ->  Bitmap Index Scan on k_8  (cost=0.00..5.50 rows=107 width=0)
	        Index Cond: ((k >= 3507413) AND (k <= 3507513))

for range-notcovered
table 1 : explain SELECT k, c FROM sbtest1 WHERE k BETWEEN 4243893 AND 4243993
	Bitmap Heap Scan on sbtest1  (cost=5.51..421.42 rows=105 width=125)
	  Recheck Cond: ((k >= 4243893) AND (k <= 4243993))
	  ->  Bitmap Index Scan on k_1  (cost=0.00..5.48 rows=105 width=0)
	        Index Cond: ((k >= 4243893) AND (k <= 4243993))

table 2 : explain SELECT k, c FROM sbtest2 WHERE k BETWEEN 4243893 AND 4243993
	Bitmap Heap Scan on sbtest2  (cost=5.57..445.02 rows=111 width=125)
	  Recheck Cond: ((k >= 4243893) AND (k <= 4243993))
	  ->  Bitmap Index Scan on k_2  (cost=0.00..5.54 rows=111 width=0)
	        Index Cond: ((k >= 4243893) AND (k <= 4243993))

table 3 : explain SELECT k, c FROM sbtest3 WHERE k BETWEEN 4243893 AND 4243993
	Bitmap Heap Scan on sbtest3  (cost=5.57..444.96 rows=111 width=125)
	  Recheck Cond: ((k >= 4243893) AND (k <= 4243993))
	  ->  Bitmap Index Scan on k_3  (cost=0.00..5.54 rows=111 width=0)
	        Index Cond: ((k >= 4243893) AND (k <= 4243993))

table 4 : explain SELECT k, c FROM sbtest4 WHERE k BETWEEN 4243893 AND 4243993
	Bitmap Heap Scan on sbtest4  (cost=5.57..445.02 rows=111 width=125)
	  Recheck Cond: ((k >= 4243893) AND (k <= 4243993))
	  ->  Bitmap Index Scan on k_4  (cost=0.00..5.54 rows=111 width=0)
	        Index Cond: ((k >= 4243893) AND (k <= 4243993))

table 5 : explain SELECT k, c FROM sbtest5 WHERE k BETWEEN 4243893 AND 4243993
	Bitmap Heap Scan on sbtest5  (cost=5.53..429.26 rows=107 width=125)
	  Recheck Cond: ((k >= 4243893) AND (k <= 4243993))
	  ->  Bitmap Index Scan on k_5  (cost=0.00..5.50 rows=107 width=0)
	        Index Cond: ((k >= 4243893) AND (k <= 4243993))

table 6 : explain SELECT k, c FROM sbtest6 WHERE k BETWEEN 4243893 AND 4243993
	Bitmap Heap Scan on sbtest6  (cost=5.42..385.85 rows=96 width=125)
	  Recheck Cond: ((k >= 4243893) AND (k <= 4243993))
	  ->  Bitmap Index Scan on k_6  (cost=0.00..5.39 rows=96 width=0)
	        Index Cond: ((k >= 4243893) AND (k <= 4243993))

table 7 : explain SELECT k, c FROM sbtest7 WHERE k BETWEEN 4243893 AND 4243993
	Bitmap Heap Scan on sbtest7  (cost=5.47..405.52 rows=101 width=125)
	  Recheck Cond: ((k >= 4243893) AND (k <= 4243993))
	  ->  Bitmap Index Scan on k_7  (cost=0.00..5.44 rows=101 width=0)
	        Index Cond: ((k >= 4243893) AND (k <= 4243993))

table 8 : explain SELECT k, c FROM sbtest8 WHERE k BETWEEN 4243893 AND 4243993
	Bitmap Heap Scan on sbtest8  (cost=5.53..429.26 rows=107 width=125)
	  Recheck Cond: ((k >= 4243893) AND (k <= 4243993))
	  ->  Bitmap Index Scan on k_8  (cost=0.00..5.50 rows=107 width=0)
	        Index Cond: ((k >= 4243893) AND (k <= 4243993))

for range-notcovered
table 1 : explain SELECT k, c FROM sbtest1 WHERE k BETWEEN 6789664 AND 6789764
	Bitmap Heap Scan on sbtest1  (cost=5.51..421.42 rows=105 width=125)
	  Recheck Cond: ((k >= 6789664) AND (k <= 6789764))
	  ->  Bitmap Index Scan on k_1  (cost=0.00..5.48 rows=105 width=0)
	        Index Cond: ((k >= 6789664) AND (k <= 6789764))

table 2 : explain SELECT k, c FROM sbtest2 WHERE k BETWEEN 6789664 AND 6789764
	Bitmap Heap Scan on sbtest2  (cost=5.36..362.17 rows=90 width=125)
	  Recheck Cond: ((k >= 6789664) AND (k <= 6789764))
	  ->  Bitmap Index Scan on k_2  (cost=0.00..5.33 rows=90 width=0)
	        Index Cond: ((k >= 6789664) AND (k <= 6789764))

table 3 : explain SELECT k, c FROM sbtest3 WHERE k BETWEEN 6789664 AND 6789764
	Bitmap Heap Scan on sbtest3  (cost=5.60..456.78 rows=114 width=125)
	  Recheck Cond: ((k >= 6789664) AND (k <= 6789764))
	  ->  Bitmap Index Scan on k_3  (cost=0.00..5.58 rows=114 width=0)
	        Index Cond: ((k >= 6789664) AND (k <= 6789764))

table 4 : explain SELECT k, c FROM sbtest4 WHERE k BETWEEN 6789664 AND 6789764
	Bitmap Heap Scan on sbtest4  (cost=5.46..401.64 rows=100 width=125)
	  Recheck Cond: ((k >= 6789664) AND (k <= 6789764))
	  ->  Bitmap Index Scan on k_4  (cost=0.00..5.43 rows=100 width=0)
	        Index Cond: ((k >= 6789664) AND (k <= 6789764))

table 5 : explain SELECT k, c FROM sbtest5 WHERE k BETWEEN 6789664 AND 6789764
	Bitmap Heap Scan on sbtest5  (cost=5.58..448.97 rows=112 width=125)
	  Recheck Cond: ((k >= 6789664) AND (k <= 6789764))
	  ->  Bitmap Index Scan on k_5  (cost=0.00..5.55 rows=112 width=0)
	        Index Cond: ((k >= 6789664) AND (k <= 6789764))

table 6 : explain SELECT k, c FROM sbtest6 WHERE k BETWEEN 6789664 AND 6789764
	Bitmap Heap Scan on sbtest6  (cost=5.55..437.13 rows=109 width=125)
	  Recheck Cond: ((k >= 6789664) AND (k <= 6789764))
	  ->  Bitmap Index Scan on k_6  (cost=0.00..5.52 rows=109 width=0)
	        Index Cond: ((k >= 6789664) AND (k <= 6789764))

table 7 : explain SELECT k, c FROM sbtest7 WHERE k BETWEEN 6789664 AND 6789764
	Bitmap Heap Scan on sbtest7  (cost=5.49..413.41 rows=103 width=125)
	  Recheck Cond: ((k >= 6789664) AND (k <= 6789764))
	  ->  Bitmap Index Scan on k_7  (cost=0.00..5.46 rows=103 width=0)
	        Index Cond: ((k >= 6789664) AND (k <= 6789764))

table 8 : explain SELECT k, c FROM sbtest8 WHERE k BETWEEN 6789664 AND 6789764
	Bitmap Heap Scan on sbtest8  (cost=5.56..441.09 rows=110 width=125)
	  Recheck Cond: ((k >= 6789664) AND (k <= 6789764))
	  ->  Bitmap Index Scan on k_8  (cost=0.00..5.53 rows=110 width=0)
	        Index Cond: ((k >= 6789664) AND (k <= 6789764))

for range-notcovered
table 1 : explain SELECT k, c FROM sbtest1 WHERE k BETWEEN 6148959 AND 6149059
	Bitmap Heap Scan on sbtest1  (cost=5.49..413.53 rows=103 width=125)
	  Recheck Cond: ((k >= 6148959) AND (k <= 6149059))
	  ->  Bitmap Index Scan on k_1  (cost=0.00..5.46 rows=103 width=0)
	        Index Cond: ((k >= 6148959) AND (k <= 6149059))

table 2 : explain SELECT k, c FROM sbtest2 WHERE k BETWEEN 6148959 AND 6149059
	Bitmap Heap Scan on sbtest2  (cost=5.41..381.91 rows=95 width=125)
	  Recheck Cond: ((k >= 6148959) AND (k <= 6149059))
	  ->  Bitmap Index Scan on k_2  (cost=0.00..5.38 rows=95 width=0)
	        Index Cond: ((k >= 6148959) AND (k <= 6149059))

table 3 : explain SELECT k, c FROM sbtest3 WHERE k BETWEEN 6148959 AND 6149059
	Bitmap Heap Scan on sbtest3  (cost=5.50..417.37 rows=104 width=125)
	  Recheck Cond: ((k >= 6148959) AND (k <= 6149059))
	  ->  Bitmap Index Scan on k_3  (cost=0.00..5.47 rows=104 width=0)
	        Index Cond: ((k >= 6148959) AND (k <= 6149059))

table 4 : explain SELECT k, c FROM sbtest4 WHERE k BETWEEN 6148959 AND 6149059
	Bitmap Heap Scan on sbtest4  (cost=5.36..362.17 rows=90 width=125)
	  Recheck Cond: ((k >= 6148959) AND (k <= 6149059))
	  ->  Bitmap Index Scan on k_4  (cost=0.00..5.33 rows=90 width=0)
	        Index Cond: ((k >= 6148959) AND (k <= 6149059))

table 5 : explain SELECT k, c FROM sbtest5 WHERE k BETWEEN 6148959 AND 6149059
	Bitmap Heap Scan on sbtest5  (cost=5.55..437.14 rows=109 width=125)
	  Recheck Cond: ((k >= 6148959) AND (k <= 6149059))
	  ->  Bitmap Index Scan on k_5  (cost=0.00..5.52 rows=109 width=0)
	        Index Cond: ((k >= 6148959) AND (k <= 6149059))

table 6 : explain SELECT k, c FROM sbtest6 WHERE k BETWEEN 6148959 AND 6149059
	Bitmap Heap Scan on sbtest6  (cost=5.43..389.80 rows=97 width=125)
	  Recheck Cond: ((k >= 6148959) AND (k <= 6149059))
	  ->  Bitmap Index Scan on k_6  (cost=0.00..5.40 rows=97 width=0)
	        Index Cond: ((k >= 6148959) AND (k <= 6149059))

table 7 : explain SELECT k, c FROM sbtest7 WHERE k BETWEEN 6148959 AND 6149059
	Bitmap Heap Scan on sbtest7  (cost=5.51..421.29 rows=105 width=125)
	  Recheck Cond: ((k >= 6148959) AND (k <= 6149059))
	  ->  Bitmap Index Scan on k_7  (cost=0.00..5.48 rows=105 width=0)
	        Index Cond: ((k >= 6148959) AND (k <= 6149059))

table 8 : explain SELECT k, c FROM sbtest8 WHERE k BETWEEN 6148959 AND 6149059
	Bitmap Heap Scan on sbtest8  (cost=5.43..389.81 rows=97 width=125)
	  Recheck Cond: ((k >= 6148959) AND (k <= 6149059))
	  ->  Bitmap Index Scan on k_8  (cost=0.00..5.40 rows=97 width=0)
	        Index Cond: ((k >= 6148959) AND (k <= 6149059))

explain: for range-notcovered :: explain SELECT k, c FROM sbtest%d WHERE k BETWEEN 2646947 AND 2647047
for range-notcovered
table 1 : explain SELECT k, c FROM sbtest1 WHERE k BETWEEN 5603877 AND 5603977
	Bitmap Heap Scan on sbtest1  (cost=5.57..445.08 rows=111 width=125)
	  Recheck Cond: ((k >= 5603877) AND (k <= 5603977))
	  ->  Bitmap Index Scan on k_1  (cost=0.00..5.54 rows=111 width=0)
	        Index Cond: ((k >= 5603877) AND (k <= 5603977))

table 2 : explain SELECT k, c FROM sbtest2 WHERE k BETWEEN 5603877 AND 5603977
	Bitmap Heap Scan on sbtest2  (cost=5.40..377.96 rows=94 width=125)
	  Recheck Cond: ((k >= 5603877) AND (k <= 5603977))
	  ->  Bitmap Index Scan on k_2  (cost=0.00..5.38 rows=94 width=0)
	        Index Cond: ((k >= 5603877) AND (k <= 5603977))

table 3 : explain SELECT k, c FROM sbtest3 WHERE k BETWEEN 5603877 AND 5603977
	Bitmap Heap Scan on sbtest3  (cost=5.53..429.19 rows=107 width=125)
	  Recheck Cond: ((k >= 5603877) AND (k <= 5603977))
	  ->  Bitmap Index Scan on k_3  (cost=0.00..5.50 rows=107 width=0)
	        Index Cond: ((k >= 5603877) AND (k <= 5603977))

table 4 : explain SELECT k, c FROM sbtest4 WHERE k BETWEEN 5603877 AND 5603977
	Bitmap Heap Scan on sbtest4  (cost=5.41..381.91 rows=95 width=125)
	  Recheck Cond: ((k >= 5603877) AND (k <= 5603977))
	  ->  Bitmap Index Scan on k_4  (cost=0.00..5.38 rows=95 width=0)
	        Index Cond: ((k >= 5603877) AND (k <= 5603977))

table 5 : explain SELECT k, c FROM sbtest5 WHERE k BETWEEN 5603877 AND 5603977
	Bitmap Heap Scan on sbtest5  (cost=5.52..425.32 rows=106 width=125)
	  Recheck Cond: ((k >= 5603877) AND (k <= 5603977))
	  ->  Bitmap Index Scan on k_5  (cost=0.00..5.50 rows=106 width=0)
	        Index Cond: ((k >= 5603877) AND (k <= 5603977))

table 6 : explain SELECT k, c FROM sbtest6 WHERE k BETWEEN 5603877 AND 5603977
	Bitmap Heap Scan on sbtest6  (cost=5.41..381.90 rows=95 width=125)
	  Recheck Cond: ((k >= 5603877) AND (k <= 5603977))
	  ->  Bitmap Index Scan on k_6  (cost=0.00..5.38 rows=95 width=0)
	        Index Cond: ((k >= 5603877) AND (k <= 5603977))

table 7 : explain SELECT k, c FROM sbtest7 WHERE k BETWEEN 5603877 AND 5603977
	Bitmap Heap Scan on sbtest7  (cost=5.43..389.74 rows=97 width=125)
	  Recheck Cond: ((k >= 5603877) AND (k <= 5603977))
	  ->  Bitmap Index Scan on k_7  (cost=0.00..5.40 rows=97 width=0)
	        Index Cond: ((k >= 5603877) AND (k <= 5603977))

table 8 : explain SELECT k, c FROM sbtest8 WHERE k BETWEEN 5603877 AND 5603977
	Bitmap Heap Scan on sbtest8  (cost=5.45..397.70 rows=99 width=125)
	  Recheck Cond: ((k >= 5603877) AND (k <= 5603977))
	  ->  Bitmap Index Scan on k_8  (cost=0.00..5.42 rows=99 width=0)
	        Index Cond: ((k >= 5603877) AND (k <= 5603977))

for range-notcovered
table 1 : explain SELECT k, c FROM sbtest1 WHERE k BETWEEN 1934489 AND 1934589
	Bitmap Heap Scan on sbtest1  (cost=5.39..374.06 rows=93 width=125)
	  Recheck Cond: ((k >= 1934489) AND (k <= 1934589))
	  ->  Bitmap Index Scan on k_1  (cost=0.00..5.36 rows=93 width=0)
	        Index Cond: ((k >= 1934489) AND (k <= 1934589))

table 2 : explain SELECT k, c FROM sbtest2 WHERE k BETWEEN 1934489 AND 1934589
	Bitmap Heap Scan on sbtest2  (cost=5.55..437.14 rows=109 width=125)
	  Recheck Cond: ((k >= 1934489) AND (k <= 1934589))
	  ->  Bitmap Index Scan on k_2  (cost=0.00..5.52 rows=109 width=0)
	        Index Cond: ((k >= 1934489) AND (k <= 1934589))

table 3 : explain SELECT k, c FROM sbtest3 WHERE k BETWEEN 1934489 AND 1934589
	Bitmap Heap Scan on sbtest3  (cost=5.50..417.37 rows=104 width=125)
	  Recheck Cond: ((k >= 1934489) AND (k <= 1934589))
	  ->  Bitmap Index Scan on k_3  (cost=0.00..5.47 rows=104 width=0)
	        Index Cond: ((k >= 1934489) AND (k <= 1934589))

table 4 : explain SELECT k, c FROM sbtest4 WHERE k BETWEEN 1934489 AND 1934589
	Bitmap Heap Scan on sbtest4  (cost=5.38..370.06 rows=92 width=125)
	  Recheck Cond: ((k >= 1934489) AND (k <= 1934589))
	  ->  Bitmap Index Scan on k_4  (cost=0.00..5.35 rows=92 width=0)
	        Index Cond: ((k >= 1934489) AND (k <= 1934589))

table 5 : explain SELECT k, c FROM sbtest5 WHERE k BETWEEN 1934489 AND 1934589
	Bitmap Heap Scan on sbtest5  (cost=5.52..425.32 rows=106 width=125)
	  Recheck Cond: ((k >= 1934489) AND (k <= 1934589))
	  ->  Bitmap Index Scan on k_5  (cost=0.00..5.50 rows=106 width=0)
	        Index Cond: ((k >= 1934489) AND (k <= 1934589))

table 6 : explain SELECT k, c FROM sbtest6 WHERE k BETWEEN 1934489 AND 1934589
	Bitmap Heap Scan on sbtest6  (cost=5.49..413.47 rows=103 width=125)
	  Recheck Cond: ((k >= 1934489) AND (k <= 1934589))
	  ->  Bitmap Index Scan on k_6  (cost=0.00..5.46 rows=103 width=0)
	        Index Cond: ((k >= 1934489) AND (k <= 1934589))

table 7 : explain SELECT k, c FROM sbtest7 WHERE k BETWEEN 1934489 AND 1934589
	Bitmap Heap Scan on sbtest7  (cost=5.55..437.06 rows=109 width=125)
	  Recheck Cond: ((k >= 1934489) AND (k <= 1934589))
	  ->  Bitmap Index Scan on k_7  (cost=0.00..5.52 rows=109 width=0)
	        Index Cond: ((k >= 1934489) AND (k <= 1934589))

table 8 : explain SELECT k, c FROM sbtest8 WHERE k BETWEEN 1934489 AND 1934589
	Bitmap Heap Scan on sbtest8  (cost=5.51..421.37 rows=105 width=125)
	  Recheck Cond: ((k >= 1934489) AND (k <= 1934589))
	  ->  Bitmap Index Scan on k_8  (cost=0.00..5.48 rows=105 width=0)
	        Index Cond: ((k >= 1934489) AND (k <= 1934589))

for range-notcovered
table 1 : explain SELECT k, c FROM sbtest1 WHERE k BETWEEN 8262231 AND 8262331
	Bitmap Heap Scan on sbtest1  (cost=5.50..417.47 rows=104 width=125)
	  Recheck Cond: ((k >= 8262231) AND (k <= 8262331))
	  ->  Bitmap Index Scan on k_1  (cost=0.00..5.47 rows=104 width=0)
	        Index Cond: ((k >= 8262231) AND (k <= 8262331))

table 2 : explain SELECT k, c FROM sbtest2 WHERE k BETWEEN 8262231 AND 8262331
	Bitmap Heap Scan on sbtest2  (cost=5.42..385.86 rows=96 width=125)
	  Recheck Cond: ((k >= 8262231) AND (k <= 8262331))
	  ->  Bitmap Index Scan on k_2  (cost=0.00..5.39 rows=96 width=0)
	        Index Cond: ((k >= 8262231) AND (k <= 8262331))

table 3 : explain SELECT k, c FROM sbtest3 WHERE k BETWEEN 8262231 AND 8262331
	Bitmap Heap Scan on sbtest3  (cost=5.51..421.31 rows=105 width=125)
	  Recheck Cond: ((k >= 8262231) AND (k <= 8262331))
	  ->  Bitmap Index Scan on k_3  (cost=0.00..5.48 rows=105 width=0)
	        Index Cond: ((k >= 8262231) AND (k <= 8262331))

table 4 : explain SELECT k, c FROM sbtest4 WHERE k BETWEEN 8262231 AND 8262331
	Bitmap Heap Scan on sbtest4  (cost=5.49..413.48 rows=103 width=125)
	  Recheck Cond: ((k >= 8262231) AND (k <= 8262331))
	  ->  Bitmap Index Scan on k_4  (cost=0.00..5.46 rows=103 width=0)
	        Index Cond: ((k >= 8262231) AND (k <= 8262331))

table 5 : explain SELECT k, c FROM sbtest5 WHERE k BETWEEN 8262231 AND 8262331
	Bitmap Heap Scan on sbtest5  (cost=5.53..429.26 rows=107 width=125)
	  Recheck Cond: ((k >= 8262231) AND (k <= 8262331))
	  ->  Bitmap Index Scan on k_5  (cost=0.00..5.50 rows=107 width=0)
	        Index Cond: ((k >= 8262231) AND (k <= 8262331))

table 6 : explain SELECT k, c FROM sbtest6 WHERE k BETWEEN 8262231 AND 8262331
	Bitmap Heap Scan on sbtest6  (cost=5.49..413.47 rows=103 width=125)
	  Recheck Cond: ((k >= 8262231) AND (k <= 8262331))
	  ->  Bitmap Index Scan on k_6  (cost=0.00..5.46 rows=103 width=0)
	        Index Cond: ((k >= 8262231) AND (k <= 8262331))

table 7 : explain SELECT k, c FROM sbtest7 WHERE k BETWEEN 8262231 AND 8262331
	Bitmap Heap Scan on sbtest7  (cost=5.47..405.52 rows=101 width=125)
	  Recheck Cond: ((k >= 8262231) AND (k <= 8262331))
	  ->  Bitmap Index Scan on k_7  (cost=0.00..5.44 rows=101 width=0)
	        Index Cond: ((k >= 8262231) AND (k <= 8262331))

table 8 : explain SELECT k, c FROM sbtest8 WHERE k BETWEEN 8262231 AND 8262331
	Bitmap Heap Scan on sbtest8  (cost=5.46..401.65 rows=100 width=125)
	  Recheck Cond: ((k >= 8262231) AND (k <= 8262331))
	  ->  Bitmap Index Scan on k_8  (cost=0.00..5.43 rows=100 width=0)
	        Index Cond: ((k >= 8262231) AND (k <= 8262331))

for range-notcovered
table 1 : explain SELECT k, c FROM sbtest1 WHERE k BETWEEN 8510416 AND 8510516
	Bitmap Heap Scan on sbtest1  (cost=5.49..413.53 rows=103 width=125)
	  Recheck Cond: ((k >= 8510416) AND (k <= 8510516))
	  ->  Bitmap Index Scan on k_1  (cost=0.00..5.46 rows=103 width=0)
	        Index Cond: ((k >= 8510416) AND (k <= 8510516))

table 2 : explain SELECT k, c FROM sbtest2 WHERE k BETWEEN 8510416 AND 8510516
	Bitmap Heap Scan on sbtest2  (cost=5.49..413.48 rows=103 width=125)
	  Recheck Cond: ((k >= 8510416) AND (k <= 8510516))
	  ->  Bitmap Index Scan on k_2  (cost=0.00..5.46 rows=103 width=0)
	        Index Cond: ((k >= 8510416) AND (k <= 8510516))

table 3 : explain SELECT k, c FROM sbtest3 WHERE k BETWEEN 8510416 AND 8510516
	Bitmap Heap Scan on sbtest3  (cost=5.40..377.91 rows=94 width=125)
	  Recheck Cond: ((k >= 8510416) AND (k <= 8510516))
	  ->  Bitmap Index Scan on k_3  (cost=0.00..5.38 rows=94 width=0)
	        Index Cond: ((k >= 8510416) AND (k <= 8510516))

table 4 : explain SELECT k, c FROM sbtest4 WHERE k BETWEEN 8510416 AND 8510516
	Bitmap Heap Scan on sbtest4  (cost=5.55..437.13 rows=109 width=125)
	  Recheck Cond: ((k >= 8510416) AND (k <= 8510516))
	  ->  Bitmap Index Scan on k_4  (cost=0.00..5.52 rows=109 width=0)
	        Index Cond: ((k >= 8510416) AND (k <= 8510516))

table 5 : explain SELECT k, c FROM sbtest5 WHERE k BETWEEN 8510416 AND 8510516
	Bitmap Heap Scan on sbtest5  (cost=5.53..429.26 rows=107 width=125)
	  Recheck Cond: ((k >= 8510416) AND (k <= 8510516))
	  ->  Bitmap Index Scan on k_5  (cost=0.00..5.50 rows=107 width=0)
	        Index Cond: ((k >= 8510416) AND (k <= 8510516))

table 6 : explain SELECT k, c FROM sbtest6 WHERE k BETWEEN 8510416 AND 8510516
	Bitmap Heap Scan on sbtest6  (cost=5.45..397.69 rows=99 width=125)
	  Recheck Cond: ((k >= 8510416) AND (k <= 8510516))
	  ->  Bitmap Index Scan on k_6  (cost=0.00..5.42 rows=99 width=0)
	        Index Cond: ((k >= 8510416) AND (k <= 8510516))

table 7 : explain SELECT k, c FROM sbtest7 WHERE k BETWEEN 8510416 AND 8510516
	Bitmap Heap Scan on sbtest7  (cost=5.46..401.57 rows=100 width=125)
	  Recheck Cond: ((k >= 8510416) AND (k <= 8510516))
	  ->  Bitmap Index Scan on k_7  (cost=0.00..5.43 rows=100 width=0)
	        Index Cond: ((k >= 8510416) AND (k <= 8510516))

table 8 : explain SELECT k, c FROM sbtest8 WHERE k BETWEEN 8510416 AND 8510516
	Bitmap Heap Scan on sbtest8  (cost=5.47..405.60 rows=101 width=125)
	  Recheck Cond: ((k >= 8510416) AND (k <= 8510516))
	  ->  Bitmap Index Scan on k_8  (cost=0.00..5.44 rows=101 width=0)
	        Index Cond: ((k >= 8510416) AND (k <= 8510516))

for range-notcovered
table 1 : explain SELECT k, c FROM sbtest1 WHERE k BETWEEN 8712676 AND 8712776
	Bitmap Heap Scan on sbtest1  (cost=5.44..393.80 rows=98 width=125)
	  Recheck Cond: ((k >= 8712676) AND (k <= 8712776))
	  ->  Bitmap Index Scan on k_1  (cost=0.00..5.42 rows=98 width=0)
	        Index Cond: ((k >= 8712676) AND (k <= 8712776))

table 2 : explain SELECT k, c FROM sbtest2 WHERE k BETWEEN 8712676 AND 8712776
	Bitmap Heap Scan on sbtest2  (cost=5.47..405.59 rows=101 width=125)
	  Recheck Cond: ((k >= 8712676) AND (k <= 8712776))
	  ->  Bitmap Index Scan on k_2  (cost=0.00..5.44 rows=101 width=0)
	        Index Cond: ((k >= 8712676) AND (k <= 8712776))

table 3 : explain SELECT k, c FROM sbtest3 WHERE k BETWEEN 8712676 AND 8712776
	Bitmap Heap Scan on sbtest3  (cost=5.50..417.37 rows=104 width=125)
	  Recheck Cond: ((k >= 8712676) AND (k <= 8712776))
	  ->  Bitmap Index Scan on k_3  (cost=0.00..5.47 rows=104 width=0)
	        Index Cond: ((k >= 8712676) AND (k <= 8712776))

table 4 : explain SELECT k, c FROM sbtest4 WHERE k BETWEEN 8712676 AND 8712776
	Bitmap Heap Scan on sbtest4  (cost=5.52..425.31 rows=106 width=125)
	  Recheck Cond: ((k >= 8712676) AND (k <= 8712776))
	  ->  Bitmap Index Scan on k_4  (cost=0.00..5.50 rows=106 width=0)
	        Index Cond: ((k >= 8712676) AND (k <= 8712776))

table 5 : explain SELECT k, c FROM sbtest5 WHERE k BETWEEN 8712676 AND 8712776
	Bitmap Heap Scan on sbtest5  (cost=5.43..389.81 rows=97 width=125)
	  Recheck Cond: ((k >= 8712676) AND (k <= 8712776))
	  ->  Bitmap Index Scan on k_5  (cost=0.00..5.40 rows=97 width=0)
	        Index Cond: ((k >= 8712676) AND (k <= 8712776))

table 6 : explain SELECT k, c FROM sbtest6 WHERE k BETWEEN 8712676 AND 8712776
	Bitmap Heap Scan on sbtest6  (cost=5.59..452.89 rows=113 width=125)
	  Recheck Cond: ((k >= 8712676) AND (k <= 8712776))
	  ->  Bitmap Index Scan on k_6  (cost=0.00..5.56 rows=113 width=0)
	        Index Cond: ((k >= 8712676) AND (k <= 8712776))

table 7 : explain SELECT k, c FROM sbtest7 WHERE k BETWEEN 8712676 AND 8712776
	Bitmap Heap Scan on sbtest7  (cost=5.49..413.41 rows=103 width=125)
	  Recheck Cond: ((k >= 8712676) AND (k <= 8712776))
	  ->  Bitmap Index Scan on k_7  (cost=0.00..5.46 rows=103 width=0)
	        Index Cond: ((k >= 8712676) AND (k <= 8712776))

table 8 : explain SELECT k, c FROM sbtest8 WHERE k BETWEEN 8712676 AND 8712776
	Bitmap Heap Scan on sbtest8  (cost=5.46..401.65 rows=100 width=125)
	  Recheck Cond: ((k >= 8712676) AND (k <= 8712776))
	  ->  Bitmap Index Scan on k_8  (cost=0.00..5.43 rows=100 width=0)
	        Index Cond: ((k >= 8712676) AND (k <= 8712776))

explain: for range-notcovered :: explain SELECT k, c FROM sbtest%d WHERE k BETWEEN 5603877 AND 5603977
explain: for range-notcovered :: explain SELECT k, c FROM sbtest%d WHERE k BETWEEN 1934489 AND 1934589
explain: for range-notcovered :: explain SELECT k, c FROM sbtest%d WHERE k BETWEEN 8712676 AND 8712776
explain: for range-notcovered :: explain SELECT k, c FROM sbtest%d WHERE k BETWEEN 8510416 AND 8510516
for range-notcovered
table 1 : explain SELECT k, c FROM sbtest1 WHERE k BETWEEN 7378895 AND 7378995
	Bitmap Heap Scan on sbtest1  (cost=5.42..385.90 rows=96 width=125)
	  Recheck Cond: ((k >= 7378895) AND (k <= 7378995))
	  ->  Bitmap Index Scan on k_1  (cost=0.00..5.39 rows=96 width=0)
	        Index Cond: ((k >= 7378895) AND (k <= 7378995))

table 2 : explain SELECT k, c FROM sbtest2 WHERE k BETWEEN 7378895 AND 7378995
	Bitmap Heap Scan on sbtest2  (cost=5.43..389.80 rows=97 width=125)
	  Recheck Cond: ((k >= 7378895) AND (k <= 7378995))
	  ->  Bitmap Index Scan on k_2  (cost=0.00..5.40 rows=97 width=0)
	        Index Cond: ((k >= 7378895) AND (k <= 7378995))

table 3 : explain SELECT k, c FROM sbtest3 WHERE k BETWEEN 7378895 AND 7378995
	Bitmap Heap Scan on sbtest3  (cost=5.43..389.75 rows=97 width=125)
	  Recheck Cond: ((k >= 7378895) AND (k <= 7378995))
	  ->  Bitmap Index Scan on k_3  (cost=0.00..5.40 rows=97 width=0)
	        Index Cond: ((k >= 7378895) AND (k <= 7378995))

table 4 : explain SELECT k, c FROM sbtest4 WHERE k BETWEEN 7378895 AND 7378995
	Bitmap Heap Scan on sbtest4  (cost=5.40..377.96 rows=94 width=125)
	  Recheck Cond: ((k >= 7378895) AND (k <= 7378995))
	  ->  Bitmap Index Scan on k_4  (cost=0.00..5.38 rows=94 width=0)
	        Index Cond: ((k >= 7378895) AND (k <= 7378995))

table 5 : explain SELECT k, c FROM sbtest5 WHERE k BETWEEN 7378895 AND 7378995
	Bitmap Heap Scan on sbtest5  (cost=5.46..401.65 rows=100 width=125)
	  Recheck Cond: ((k >= 7378895) AND (k <= 7378995))
	  ->  Bitmap Index Scan on k_5  (cost=0.00..5.43 rows=100 width=0)
	        Index Cond: ((k >= 7378895) AND (k <= 7378995))

table 6 : explain SELECT k, c FROM sbtest6 WHERE k BETWEEN 7378895 AND 7378995
	Bitmap Heap Scan on sbtest6  (cost=5.52..425.30 rows=106 width=125)
	  Recheck Cond: ((k >= 7378895) AND (k <= 7378995))
	  ->  Bitmap Index Scan on k_6  (cost=0.00..5.50 rows=106 width=0)
	        Index Cond: ((k >= 7378895) AND (k <= 7378995))

table 7 : explain SELECT k, c FROM sbtest7 WHERE k BETWEEN 7378895 AND 7378995
	Bitmap Heap Scan on sbtest7  (cost=5.48..409.46 rows=102 width=125)
	  Recheck Cond: ((k >= 7378895) AND (k <= 7378995))
	  ->  Bitmap Index Scan on k_7  (cost=0.00..5.45 rows=102 width=0)
	        Index Cond: ((k >= 7378895) AND (k <= 7378995))

table 8 : explain SELECT k, c FROM sbtest8 WHERE k BETWEEN 7378895 AND 7378995
	Bitmap Heap Scan on sbtest8  (cost=5.43..389.81 rows=97 width=125)
	  Recheck Cond: ((k >= 7378895) AND (k <= 7378995))
	  ->  Bitmap Index Scan on k_8  (cost=0.00..5.40 rows=97 width=0)
	        Index Cond: ((k >= 7378895) AND (k <= 7378995))

for range-notcovered
table 1 : explain SELECT k, c FROM sbtest1 WHERE k BETWEEN 8376998 AND 8377098
	Bitmap Heap Scan on sbtest1  (cost=5.51..421.42 rows=105 width=125)
	  Recheck Cond: ((k >= 8376998) AND (k <= 8377098))
	  ->  Bitmap Index Scan on k_1  (cost=0.00..5.48 rows=105 width=0)
	        Index Cond: ((k >= 8376998) AND (k <= 8377098))

table 2 : explain SELECT k, c FROM sbtest2 WHERE k BETWEEN 8376998 AND 8377098
	Bitmap Heap Scan on sbtest2  (cost=5.53..429.25 rows=107 width=125)
	  Recheck Cond: ((k >= 8376998) AND (k <= 8377098))
	  ->  Bitmap Index Scan on k_2  (cost=0.00..5.50 rows=107 width=0)
	        Index Cond: ((k >= 8376998) AND (k <= 8377098))

table 3 : explain SELECT k, c FROM sbtest3 WHERE k BETWEEN 8376998 AND 8377098
	Bitmap Heap Scan on sbtest3  (cost=5.41..381.86 rows=95 width=125)
	  Recheck Cond: ((k >= 8376998) AND (k <= 8377098))
	  ->  Bitmap Index Scan on k_3  (cost=0.00..5.38 rows=95 width=0)
	        Index Cond: ((k >= 8376998) AND (k <= 8377098))

table 4 : explain SELECT k, c FROM sbtest4 WHERE k BETWEEN 8376998 AND 8377098
	Bitmap Heap Scan on sbtest4  (cost=5.51..421.36 rows=105 width=125)
	  Recheck Cond: ((k >= 8376998) AND (k <= 8377098))
	  ->  Bitmap Index Scan on k_4  (cost=0.00..5.48 rows=105 width=0)
	        Index Cond: ((k >= 8376998) AND (k <= 8377098))

table 5 : explain SELECT k, c FROM sbtest5 WHERE k BETWEEN 8376998 AND 8377098
	Bitmap Heap Scan on sbtest5  (cost=5.42..385.86 rows=96 width=125)
	  Recheck Cond: ((k >= 8376998) AND (k <= 8377098))
	  ->  Bitmap Index Scan on k_5  (cost=0.00..5.39 rows=96 width=0)
	        Index Cond: ((k >= 8376998) AND (k <= 8377098))

table 6 : explain SELECT k, c FROM sbtest6 WHERE k BETWEEN 8376998 AND 8377098
	Bitmap Heap Scan on sbtest6  (cost=5.50..417.41 rows=104 width=125)
	  Recheck Cond: ((k >= 8376998) AND (k <= 8377098))
	  ->  Bitmap Index Scan on k_6  (cost=0.00..5.47 rows=104 width=0)
	        Index Cond: ((k >= 8376998) AND (k <= 8377098))

table 7 : explain SELECT k, c FROM sbtest7 WHERE k BETWEEN 8376998 AND 8377098
	Bitmap Heap Scan on sbtest7  (cost=5.47..405.52 rows=101 width=125)
	  Recheck Cond: ((k >= 8376998) AND (k <= 8377098))
	  ->  Bitmap Index Scan on k_7  (cost=0.00..5.44 rows=101 width=0)
	        Index Cond: ((k >= 8376998) AND (k <= 8377098))

table 8 : explain SELECT k, c FROM sbtest8 WHERE k BETWEEN 8376998 AND 8377098
	Bitmap Heap Scan on sbtest8  (cost=5.47..405.60 rows=101 width=125)
	  Recheck Cond: ((k >= 8376998) AND (k <= 8377098))
	  ->  Bitmap Index Scan on k_8  (cost=0.00..5.44 rows=101 width=0)
	        Index Cond: ((k >= 8376998) AND (k <= 8377098))

explain: for range-notcovered :: explain SELECT k, c FROM sbtest%d WHERE k BETWEEN 8376998 AND 8377098
explain: for range-notcovered :: explain SELECT k, c FROM sbtest%d WHERE k BETWEEN 7378895 AND 7378995
for range-notcovered
table 1 : explain SELECT k, c FROM sbtest1 WHERE k BETWEEN 5330250 AND 5330350
	Bitmap Heap Scan on sbtest1  (cost=5.51..421.42 rows=105 width=125)
	  Recheck Cond: ((k >= 5330250) AND (k <= 5330350))
	  ->  Bitmap Index Scan on k_1  (cost=0.00..5.48 rows=105 width=0)
	        Index Cond: ((k >= 5330250) AND (k <= 5330350))

table 2 : explain SELECT k, c FROM sbtest2 WHERE k BETWEEN 5330250 AND 5330350
	Bitmap Heap Scan on sbtest2  (cost=5.46..401.64 rows=100 width=125)
	  Recheck Cond: ((k >= 5330250) AND (k <= 5330350))
	  ->  Bitmap Index Scan on k_2  (cost=0.00..5.43 rows=100 width=0)
	        Index Cond: ((k >= 5330250) AND (k <= 5330350))

table 3 : explain SELECT k, c FROM sbtest3 WHERE k BETWEEN 5330250 AND 5330350
	Bitmap Heap Scan on sbtest3  (cost=5.46..401.59 rows=100 width=125)
	  Recheck Cond: ((k >= 5330250) AND (k <= 5330350))
	  ->  Bitmap Index Scan on k_3  (cost=0.00..5.43 rows=100 width=0)
	        Index Cond: ((k >= 5330250) AND (k <= 5330350))

table 4 : explain SELECT k, c FROM sbtest4 WHERE k BETWEEN 5330250 AND 5330350
	Bitmap Heap Scan on sbtest4  (cost=5.57..445.02 rows=111 width=125)
	  Recheck Cond: ((k >= 5330250) AND (k <= 5330350))
	  ->  Bitmap Index Scan on k_4  (cost=0.00..5.54 rows=111 width=0)
	        Index Cond: ((k >= 5330250) AND (k <= 5330350))

table 5 : explain SELECT k, c FROM sbtest5 WHERE k BETWEEN 5330250 AND 5330350
	Bitmap Heap Scan on sbtest5  (cost=5.49..413.49 rows=103 width=125)
	  Recheck Cond: ((k >= 5330250) AND (k <= 5330350))
	  ->  Bitmap Index Scan on k_5  (cost=0.00..5.46 rows=103 width=0)
	        Index Cond: ((k >= 5330250) AND (k <= 5330350))

table 6 : explain SELECT k, c FROM sbtest6 WHERE k BETWEEN 5330250 AND 5330350
	Bitmap Heap Scan on sbtest6  (cost=5.46..401.63 rows=100 width=125)
	  Recheck Cond: ((k >= 5330250) AND (k <= 5330350))
	  ->  Bitmap Index Scan on k_6  (cost=0.00..5.43 rows=100 width=0)
	        Index Cond: ((k >= 5330250) AND (k <= 5330350))

table 7 : explain SELECT k, c FROM sbtest7 WHERE k BETWEEN 5330250 AND 5330350
	Bitmap Heap Scan on sbtest7  (cost=5.44..393.68 rows=98 width=125)
	  Recheck Cond: ((k >= 5330250) AND (k <= 5330350))
	  ->  Bitmap Index Scan on k_7  (cost=0.00..5.42 rows=98 width=0)
	        Index Cond: ((k >= 5330250) AND (k <= 5330350))

table 8 : explain SELECT k, c FROM sbtest8 WHERE k BETWEEN 5330250 AND 5330350
	Bitmap Heap Scan on sbtest8  (cost=5.48..409.54 rows=102 width=125)
	  Recheck Cond: ((k >= 5330250) AND (k <= 5330350))
	  ->  Bitmap Index Scan on k_8  (cost=0.00..5.45 rows=102 width=0)
	        Index Cond: ((k >= 5330250) AND (k <= 5330350))

for range-notcovered
table 1 : explain SELECT k, c FROM sbtest1 WHERE k BETWEEN 7813504 AND 7813604
	Bitmap Heap Scan on sbtest1  (cost=5.51..421.42 rows=105 width=125)
	  Recheck Cond: ((k >= 7813504) AND (k <= 7813604))
	  ->  Bitmap Index Scan on k_1  (cost=0.00..5.48 rows=105 width=0)
	        Index Cond: ((k >= 7813504) AND (k <= 7813604))

table 2 : explain SELECT k, c FROM sbtest2 WHERE k BETWEEN 7813504 AND 7813604
	Bitmap Heap Scan on sbtest2  (cost=5.47..405.59 rows=101 width=125)
	  Recheck Cond: ((k >= 7813504) AND (k <= 7813604))
	  ->  Bitmap Index Scan on k_2  (cost=0.00..5.44 rows=101 width=0)
	        Index Cond: ((k >= 7813504) AND (k <= 7813604))

table 3 : explain SELECT k, c FROM sbtest3 WHERE k BETWEEN 7813504 AND 7813604
	Bitmap Heap Scan on sbtest3  (cost=5.44..393.70 rows=98 width=125)
	  Recheck Cond: ((k >= 7813504) AND (k <= 7813604))
	  ->  Bitmap Index Scan on k_3  (cost=0.00..5.42 rows=98 width=0)
	        Index Cond: ((k >= 7813504) AND (k <= 7813604))

table 4 : explain SELECT k, c FROM sbtest4 WHERE k BETWEEN 7813504 AND 7813604
	Bitmap Heap Scan on sbtest4  (cost=5.46..401.64 rows=100 width=125)
	  Recheck Cond: ((k >= 7813504) AND (k <= 7813604))
	  ->  Bitmap Index Scan on k_4  (cost=0.00..5.43 rows=100 width=0)
	        Index Cond: ((k >= 7813504) AND (k <= 7813604))

table 5 : explain SELECT k, c FROM sbtest5 WHERE k BETWEEN 7813504 AND 7813604
	Bitmap Heap Scan on sbtest5  (cost=5.48..409.54 rows=102 width=125)
	  Recheck Cond: ((k >= 7813504) AND (k <= 7813604))
	  ->  Bitmap Index Scan on k_5  (cost=0.00..5.45 rows=102 width=0)
	        Index Cond: ((k >= 7813504) AND (k <= 7813604))

table 6 : explain SELECT k, c FROM sbtest6 WHERE k BETWEEN 7813504 AND 7813604
	Bitmap Heap Scan on sbtest6  (cost=5.44..393.74 rows=98 width=125)
	  Recheck Cond: ((k >= 7813504) AND (k <= 7813604))
	  ->  Bitmap Index Scan on k_6  (cost=0.00..5.42 rows=98 width=0)
	        Index Cond: ((k >= 7813504) AND (k <= 7813604))

table 7 : explain SELECT k, c FROM sbtest7 WHERE k BETWEEN 7813504 AND 7813604
	Bitmap Heap Scan on sbtest7  (cost=5.38..370.00 rows=92 width=125)
	  Recheck Cond: ((k >= 7813504) AND (k <= 7813604))
	  ->  Bitmap Index Scan on k_7  (cost=0.00..5.35 rows=92 width=0)
	        Index Cond: ((k >= 7813504) AND (k <= 7813604))

table 8 : explain SELECT k, c FROM sbtest8 WHERE k BETWEEN 7813504 AND 7813604
	Bitmap Heap Scan on sbtest8  (cost=5.48..409.54 rows=102 width=125)
	  Recheck Cond: ((k >= 7813504) AND (k <= 7813604))
	  ->  Bitmap Index Scan on k_8  (cost=0.00..5.45 rows=102 width=0)
	        Index Cond: ((k >= 7813504) AND (k <= 7813604))

explain: for range-notcovered :: explain SELECT k, c FROM sbtest%d WHERE k BETWEEN 7813504 AND 7813604
for range-notcovered
table 1 : explain SELECT k, c FROM sbtest1 WHERE k BETWEEN 4873456 AND 4873556
	Bitmap Heap Scan on sbtest1  (cost=5.65..476.60 rows=119 width=125)
	  Recheck Cond: ((k >= 4873456) AND (k <= 4873556))
	  ->  Bitmap Index Scan on k_1  (cost=0.00..5.62 rows=119 width=0)
	        Index Cond: ((k >= 4873456) AND (k <= 4873556))

table 2 : explain SELECT k, c FROM sbtest2 WHERE k BETWEEN 4873456 AND 4873556
	Bitmap Heap Scan on sbtest2  (cost=5.48..409.53 rows=102 width=125)
	  Recheck Cond: ((k >= 4873456) AND (k <= 4873556))
	  ->  Bitmap Index Scan on k_2  (cost=0.00..5.45 rows=102 width=0)
	        Index Cond: ((k >= 4873456) AND (k <= 4873556))

table 3 : explain SELECT k, c FROM sbtest3 WHERE k BETWEEN 4873456 AND 4873556
	Bitmap Heap Scan on sbtest3  (cost=5.46..401.59 rows=100 width=125)
	  Recheck Cond: ((k >= 4873456) AND (k <= 4873556))
	  ->  Bitmap Index Scan on k_3  (cost=0.00..5.43 rows=100 width=0)
	        Index Cond: ((k >= 4873456) AND (k <= 4873556))

table 4 : explain SELECT k, c FROM sbtest4 WHERE k BETWEEN 4873456 AND 4873556
	Bitmap Heap Scan on sbtest4  (cost=5.53..429.25 rows=107 width=125)
	  Recheck Cond: ((k >= 4873456) AND (k <= 4873556))
	  ->  Bitmap Index Scan on k_4  (cost=0.00..5.50 rows=107 width=0)
	        Index Cond: ((k >= 4873456) AND (k <= 4873556))

table 5 : explain SELECT k, c FROM sbtest5 WHERE k BETWEEN 4873456 AND 4873556
	Bitmap Heap Scan on sbtest5  (cost=5.46..401.65 rows=100 width=125)
	  Recheck Cond: ((k >= 4873456) AND (k <= 4873556))
	  ->  Bitmap Index Scan on k_5  (cost=0.00..5.43 rows=100 width=0)
	        Index Cond: ((k >= 4873456) AND (k <= 4873556))

table 6 : explain SELECT k, c FROM sbtest6 WHERE k BETWEEN 4873456 AND 4873556
	Bitmap Heap Scan on sbtest6  (cost=5.50..417.41 rows=104 width=125)
	  Recheck Cond: ((k >= 4873456) AND (k <= 4873556))
	  ->  Bitmap Index Scan on k_6  (cost=0.00..5.47 rows=104 width=0)
	        Index Cond: ((k >= 4873456) AND (k <= 4873556))

table 7 : explain SELECT k, c FROM sbtest7 WHERE k BETWEEN 4873456 AND 4873556
	Bitmap Heap Scan on sbtest7  (cost=5.53..429.17 rows=107 width=125)
	  Recheck Cond: ((k >= 4873456) AND (k <= 4873556))
	  ->  Bitmap Index Scan on k_7  (cost=0.00..5.50 rows=107 width=0)
	        Index Cond: ((k >= 4873456) AND (k <= 4873556))

table 8 : explain SELECT k, c FROM sbtest8 WHERE k BETWEEN 4873456 AND 4873556
	Bitmap Heap Scan on sbtest8  (cost=5.59..452.91 rows=113 width=125)
	  Recheck Cond: ((k >= 4873456) AND (k <= 4873556))
	  ->  Bitmap Index Scan on k_8  (cost=0.00..5.56 rows=113 width=0)
	        Index Cond: ((k >= 4873456) AND (k <= 4873556))

for range-notcovered
table 1 : explain SELECT k, c FROM sbtest1 WHERE k BETWEEN 2646947 AND 2647047
	Bitmap Heap Scan on sbtest1  (cost=5.61..460.84 rows=115 width=125)
	  Recheck Cond: ((k >= 2646947) AND (k <= 2647047))
	  ->  Bitmap Index Scan on k_1  (cost=0.00..5.58 rows=115 width=0)
	        Index Cond: ((k >= 2646947) AND (k <= 2647047))

table 2 : explain SELECT k, c FROM sbtest2 WHERE k BETWEEN 2646947 AND 2647047
	Bitmap Heap Scan on sbtest2  (cost=5.45..397.70 rows=99 width=125)
	  Recheck Cond: ((k >= 2646947) AND (k <= 2647047))
	  ->  Bitmap Index Scan on k_2  (cost=0.00..5.42 rows=99 width=0)
	        Index Cond: ((k >= 2646947) AND (k <= 2647047))

table 3 : explain SELECT k, c FROM sbtest3 WHERE k BETWEEN 2646947 AND 2647047
	Bitmap Heap Scan on sbtest3  (cost=5.43..389.75 rows=97 width=125)
	  Recheck Cond: ((k >= 2646947) AND (k <= 2647047))
	  ->  Bitmap Index Scan on k_3  (cost=0.00..5.40 rows=97 width=0)
	        Index Cond: ((k >= 2646947) AND (k <= 2647047))

table 4 : explain SELECT k, c FROM sbtest4 WHERE k BETWEEN 2646947 AND 2647047
	Bitmap Heap Scan on sbtest4  (cost=5.45..397.70 rows=99 width=125)
	  Recheck Cond: ((k >= 2646947) AND (k <= 2647047))
	  ->  Bitmap Index Scan on k_4  (cost=0.00..5.42 rows=99 width=0)
	        Index Cond: ((k >= 2646947) AND (k <= 2647047))

table 5 : explain SELECT k, c FROM sbtest5 WHERE k BETWEEN 2646947 AND 2647047
	Bitmap Heap Scan on sbtest5  (cost=5.38..370.07 rows=92 width=125)
	  Recheck Cond: ((k >= 2646947) AND (k <= 2647047))
	  ->  Bitmap Index Scan on k_5  (cost=0.00..5.35 rows=92 width=0)
	        Index Cond: ((k >= 2646947) AND (k <= 2647047))

table 6 : explain SELECT k, c FROM sbtest6 WHERE k BETWEEN 2646947 AND 2647047
	Bitmap Heap Scan on sbtest6  (cost=5.46..401.63 rows=100 width=125)
	  Recheck Cond: ((k >= 2646947) AND (k <= 2647047))
	  ->  Bitmap Index Scan on k_6  (cost=0.00..5.43 rows=100 width=0)
	        Index Cond: ((k >= 2646947) AND (k <= 2647047))

table 7 : explain SELECT k, c FROM sbtest7 WHERE k BETWEEN 2646947 AND 2647047
	Bitmap Heap Scan on sbtest7  (cost=5.49..413.41 rows=103 width=125)
	  Recheck Cond: ((k >= 2646947) AND (k <= 2647047))
	  ->  Bitmap Index Scan on k_7  (cost=0.00..5.46 rows=103 width=0)
	        Index Cond: ((k >= 2646947) AND (k <= 2647047))

table 8 : explain SELECT k, c FROM sbtest8 WHERE k BETWEEN 2646947 AND 2647047
	Bitmap Heap Scan on sbtest8  (cost=5.47..405.60 rows=101 width=125)
	  Recheck Cond: ((k >= 2646947) AND (k <= 2647047))
	  ->  Bitmap Index Scan on k_8  (cost=0.00..5.44 rows=101 width=0)
	        Index Cond: ((k >= 2646947) AND (k <= 2647047))

explain: for range-notcovered :: explain SELECT k, c FROM sbtest%d WHERE k BETWEEN 2646947 AND 2647047
for range-notcovered
table 1 : explain SELECT k, c FROM sbtest1 WHERE k BETWEEN 8712676 AND 8712776
	Bitmap Heap Scan on sbtest1  (cost=5.44..393.80 rows=98 width=125)
	  Recheck Cond: ((k >= 8712676) AND (k <= 8712776))
	  ->  Bitmap Index Scan on k_1  (cost=0.00..5.42 rows=98 width=0)
	        Index Cond: ((k >= 8712676) AND (k <= 8712776))

table 2 : explain SELECT k, c FROM sbtest2 WHERE k BETWEEN 8712676 AND 8712776
	Bitmap Heap Scan on sbtest2  (cost=5.47..405.59 rows=101 width=125)
	  Recheck Cond: ((k >= 8712676) AND (k <= 8712776))
	  ->  Bitmap Index Scan on k_2  (cost=0.00..5.44 rows=101 width=0)
	        Index Cond: ((k >= 8712676) AND (k <= 8712776))

table 3 : explain SELECT k, c FROM sbtest3 WHERE k BETWEEN 8712676 AND 8712776
	Bitmap Heap Scan on sbtest3  (cost=5.50..417.37 rows=104 width=125)
	  Recheck Cond: ((k >= 8712676) AND (k <= 8712776))
	  ->  Bitmap Index Scan on k_3  (cost=0.00..5.47 rows=104 width=0)
	        Index Cond: ((k >= 8712676) AND (k <= 8712776))

table 4 : explain SELECT k, c FROM sbtest4 WHERE k BETWEEN 8712676 AND 8712776
	Bitmap Heap Scan on sbtest4  (cost=5.52..425.31 rows=106 width=125)
	  Recheck Cond: ((k >= 8712676) AND (k <= 8712776))
	  ->  Bitmap Index Scan on k_4  (cost=0.00..5.50 rows=106 width=0)
	        Index Cond: ((k >= 8712676) AND (k <= 8712776))

table 5 : explain SELECT k, c FROM sbtest5 WHERE k BETWEEN 8712676 AND 8712776
	Bitmap Heap Scan on sbtest5  (cost=5.43..389.81 rows=97 width=125)
	  Recheck Cond: ((k >= 8712676) AND (k <= 8712776))
	  ->  Bitmap Index Scan on k_5  (cost=0.00..5.40 rows=97 width=0)
	        Index Cond: ((k >= 8712676) AND (k <= 8712776))

table 6 : explain SELECT k, c FROM sbtest6 WHERE k BETWEEN 8712676 AND 8712776
	Bitmap Heap Scan on sbtest6  (cost=5.59..452.89 rows=113 width=125)
	  Recheck Cond: ((k >= 8712676) AND (k <= 8712776))
	  ->  Bitmap Index Scan on k_6  (cost=0.00..5.56 rows=113 width=0)
	        Index Cond: ((k >= 8712676) AND (k <= 8712776))

table 7 : explain SELECT k, c FROM sbtest7 WHERE k BETWEEN 8712676 AND 8712776
	Bitmap Heap Scan on sbtest7  (cost=5.49..413.41 rows=103 width=125)
	  Recheck Cond: ((k >= 8712676) AND (k <= 8712776))
	  ->  Bitmap Index Scan on k_7  (cost=0.00..5.46 rows=103 width=0)
	        Index Cond: ((k >= 8712676) AND (k <= 8712776))

table 8 : explain SELECT k, c FROM sbtest8 WHERE k BETWEEN 8712676 AND 8712776
	Bitmap Heap Scan on sbtest8  (cost=5.46..401.65 rows=100 width=125)
	  Recheck Cond: ((k >= 8712676) AND (k <= 8712776))
	  ->  Bitmap Index Scan on k_8  (cost=0.00..5.43 rows=100 width=0)
	        Index Cond: ((k >= 8712676) AND (k <= 8712776))

for range-notcovered
table 1 : explain SELECT k, c FROM sbtest1 WHERE k BETWEEN 5603877 AND 5603977
	Bitmap Heap Scan on sbtest1  (cost=5.57..445.08 rows=111 width=125)
	  Recheck Cond: ((k >= 5603877) AND (k <= 5603977))
	  ->  Bitmap Index Scan on k_1  (cost=0.00..5.54 rows=111 width=0)
	        Index Cond: ((k >= 5603877) AND (k <= 5603977))

table 2 : explain SELECT k, c FROM sbtest2 WHERE k BETWEEN 5603877 AND 5603977
	Bitmap Heap Scan on sbtest2  (cost=5.40..377.96 rows=94 width=125)
	  Recheck Cond: ((k >= 5603877) AND (k <= 5603977))
	  ->  Bitmap Index Scan on k_2  (cost=0.00..5.38 rows=94 width=0)
	        Index Cond: ((k >= 5603877) AND (k <= 5603977))

table 3 : explain SELECT k, c FROM sbtest3 WHERE k BETWEEN 5603877 AND 5603977
	Bitmap Heap Scan on sbtest3  (cost=5.53..429.19 rows=107 width=125)
	  Recheck Cond: ((k >= 5603877) AND (k <= 5603977))
	  ->  Bitmap Index Scan on k_3  (cost=0.00..5.50 rows=107 width=0)
	        Index Cond: ((k >= 5603877) AND (k <= 5603977))

table 4 : explain SELECT k, c FROM sbtest4 WHERE k BETWEEN 5603877 AND 5603977
	Bitmap Heap Scan on sbtest4  (cost=5.41..381.91 rows=95 width=125)
	  Recheck Cond: ((k >= 5603877) AND (k <= 5603977))
	  ->  Bitmap Index Scan on k_4  (cost=0.00..5.38 rows=95 width=0)
	        Index Cond: ((k >= 5603877) AND (k <= 5603977))

table 5 : explain SELECT k, c FROM sbtest5 WHERE k BETWEEN 5603877 AND 5603977
	Bitmap Heap Scan on sbtest5  (cost=5.52..425.32 rows=106 width=125)
	  Recheck Cond: ((k >= 5603877) AND (k <= 5603977))
	  ->  Bitmap Index Scan on k_5  (cost=0.00..5.50 rows=106 width=0)
	        Index Cond: ((k >= 5603877) AND (k <= 5603977))

table 6 : explain SELECT k, c FROM sbtest6 WHERE k BETWEEN 5603877 AND 5603977
	Bitmap Heap Scan on sbtest6  (cost=5.41..381.90 rows=95 width=125)
	  Recheck Cond: ((k >= 5603877) AND (k <= 5603977))
	  ->  Bitmap Index Scan on k_6  (cost=0.00..5.38 rows=95 width=0)
	        Index Cond: ((k >= 5603877) AND (k <= 5603977))

table 7 : explain SELECT k, c FROM sbtest7 WHERE k BETWEEN 5603877 AND 5603977
	Bitmap Heap Scan on sbtest7  (cost=5.43..389.74 rows=97 width=125)
	  Recheck Cond: ((k >= 5603877) AND (k <= 5603977))
	  ->  Bitmap Index Scan on k_7  (cost=0.00..5.40 rows=97 width=0)
	        Index Cond: ((k >= 5603877) AND (k <= 5603977))

table 8 : explain SELECT k, c FROM sbtest8 WHERE k BETWEEN 5603877 AND 5603977
	Bitmap Heap Scan on sbtest8  (cost=5.45..397.70 rows=99 width=125)
	  Recheck Cond: ((k >= 5603877) AND (k <= 5603977))
	  ->  Bitmap Index Scan on k_8  (cost=0.00..5.42 rows=99 width=0)
	        Index Cond: ((k >= 5603877) AND (k <= 5603977))
for range-notcovered
table 1 : explain SELECT k, c FROM sbtest1 WHERE k BETWEEN 8510416 AND 8510516
	Bitmap Heap Scan on sbtest1  (cost=5.49..413.53 rows=103 width=125)
	  Recheck Cond: ((k >= 8510416) AND (k <= 8510516))
	  ->  Bitmap Index Scan on k_1  (cost=0.00..5.46 rows=103 width=0)
	        Index Cond: ((k >= 8510416) AND (k <= 8510516))

table 2 : explain SELECT k, c FROM sbtest2 WHERE k BETWEEN 8510416 AND 8510516
	Bitmap Heap Scan on sbtest2  (cost=5.49..413.48 rows=103 width=125)
	  Recheck Cond: ((k >= 8510416) AND (k <= 8510516))
	  ->  Bitmap Index Scan on k_2  (cost=0.00..5.46 rows=103 width=0)
	        Index Cond: ((k >= 8510416) AND (k <= 8510516))

table 3 : explain SELECT k, c FROM sbtest3 WHERE k BETWEEN 8510416 AND 8510516
	Bitmap Heap Scan on sbtest3  (cost=5.40..377.91 rows=94 width=125)
	  Recheck Cond: ((k >= 8510416) AND (k <= 8510516))
	  ->  Bitmap Index Scan on k_3  (cost=0.00..5.38 rows=94 width=0)
	        Index Cond: ((k >= 8510416) AND (k <= 8510516))

table 4 : explain SELECT k, c FROM sbtest4 WHERE k BETWEEN 8510416 AND 8510516
	Bitmap Heap Scan on sbtest4  (cost=5.55..437.13 rows=109 width=125)
	  Recheck Cond: ((k >= 8510416) AND (k <= 8510516))
	  ->  Bitmap Index Scan on k_4  (cost=0.00..5.52 rows=109 width=0)
	        Index Cond: ((k >= 8510416) AND (k <= 8510516))

table 5 : explain SELECT k, c FROM sbtest5 WHERE k BETWEEN 8510416 AND 8510516
	Bitmap Heap Scan on sbtest5  (cost=5.53..429.26 rows=107 width=125)
	  Recheck Cond: ((k >= 8510416) AND (k <= 8510516))
	  ->  Bitmap Index Scan on k_5  (cost=0.00..5.50 rows=107 width=0)
	        Index Cond: ((k >= 8510416) AND (k <= 8510516))

table 6 : explain SELECT k, c FROM sbtest6 WHERE k BETWEEN 8510416 AND 8510516
	Bitmap Heap Scan on sbtest6  (cost=5.45..397.69 rows=99 width=125)
	  Recheck Cond: ((k >= 8510416) AND (k <= 8510516))
	  ->  Bitmap Index Scan on k_6  (cost=0.00..5.42 rows=99 width=0)
	        Index Cond: ((k >= 8510416) AND (k <= 8510516))

table 7 : explain SELECT k, c FROM sbtest7 WHERE k BETWEEN 8510416 AND 8510516
	Bitmap Heap Scan on sbtest7  (cost=5.46..401.57 rows=100 width=125)
	  Recheck Cond: ((k >= 8510416) AND (k <= 8510516))
	  ->  Bitmap Index Scan on k_7  (cost=0.00..5.43 rows=100 width=0)
	        Index Cond: ((k >= 8510416) AND (k <= 8510516))

table 8 : explain SELECT k, c FROM sbtest8 WHERE k BETWEEN 8510416 AND 8510516
	Bitmap Heap Scan on sbtest8  (cost=5.47..405.60 rows=101 width=125)
	  Recheck Cond: ((k >= 8510416) AND (k <= 8510516))
	  ->  Bitmap Index Scan on k_8  (cost=0.00..5.44 rows=101 width=0)
	        Index Cond: ((k >= 8510416) AND (k <= 8510516))


for range-notcovered
table 1 : explain SELECT k, c FROM sbtest1 WHERE k BETWEEN 1934489 AND 1934589
	Bitmap Heap Scan on sbtest1  (cost=5.39..374.06 rows=93 width=125)
	  Recheck Cond: ((k >= 1934489) AND (k <= 1934589))
	  ->  Bitmap Index Scan on k_1  (cost=0.00..5.36 rows=93 width=0)
	        Index Cond: ((k >= 1934489) AND (k <= 1934589))

table 2 : explain SELECT k, c FROM sbtest2 WHERE k BETWEEN 1934489 AND 1934589
	Bitmap Heap Scan on sbtest2  (cost=5.55..437.14 rows=109 width=125)
	  Recheck Cond: ((k >= 1934489) AND (k <= 1934589))
	  ->  Bitmap Index Scan on k_2  (cost=0.00..5.52 rows=109 width=0)
	        Index Cond: ((k >= 1934489) AND (k <= 1934589))

table 3 : explain SELECT k, c FROM sbtest3 WHERE k BETWEEN 1934489 AND 1934589
	Bitmap Heap Scan on sbtest3  (cost=5.50..417.37 rows=104 width=125)
	  Recheck Cond: ((k >= 1934489) AND (k <= 1934589))
	  ->  Bitmap Index Scan on k_3  (cost=0.00..5.47 rows=104 width=0)
	        Index Cond: ((k >= 1934489) AND (k <= 1934589))

table 4 : explain SELECT k, c FROM sbtest4 WHERE k BETWEEN 1934489 AND 1934589
	Bitmap Heap Scan on sbtest4  (cost=5.38..370.06 rows=92 width=125)
	  Recheck Cond: ((k >= 1934489) AND (k <= 1934589))
	  ->  Bitmap Index Scan on k_4  (cost=0.00..5.35 rows=92 width=0)
	        Index Cond: ((k >= 1934489) AND (k <= 1934589))

table 5 : explain SELECT k, c FROM sbtest5 WHERE k BETWEEN 1934489 AND 1934589
	Bitmap Heap Scan on sbtest5  (cost=5.52..425.32 rows=106 width=125)
	  Recheck Cond: ((k >= 1934489) AND (k <= 1934589))
	  ->  Bitmap Index Scan on k_5  (cost=0.00..5.50 rows=106 width=0)
	        Index Cond: ((k >= 1934489) AND (k <= 1934589))

table 6 : explain SELECT k, c FROM sbtest6 WHERE k BETWEEN 1934489 AND 1934589
	Bitmap Heap Scan on sbtest6  (cost=5.49..413.47 rows=103 width=125)
	  Recheck Cond: ((k >= 1934489) AND (k <= 1934589))
	  ->  Bitmap Index Scan on k_6  (cost=0.00..5.46 rows=103 width=0)
	        Index Cond: ((k >= 1934489) AND (k <= 1934589))

table 7 : explain SELECT k, c FROM sbtest7 WHERE k BETWEEN 1934489 AND 1934589
	Bitmap Heap Scan on sbtest7  (cost=5.55..437.06 rows=109 width=125)
	  Recheck Cond: ((k >= 1934489) AND (k <= 1934589))
	  ->  Bitmap Index Scan on k_7  (cost=0.00..5.52 rows=109 width=0)
	        Index Cond: ((k >= 1934489) AND (k <= 1934589))

table 8 : explain SELECT k, c FROM sbtest8 WHERE k BETWEEN 1934489 AND 1934589
	Bitmap Heap Scan on sbtest8  (cost=5.51..421.37 rows=105 width=125)
	  Recheck Cond: ((k >= 1934489) AND (k <= 1934589))
	  ->  Bitmap Index Scan on k_8  (cost=0.00..5.48 rows=105 width=0)
	        Index Cond: ((k >= 1934489) AND (k <= 1934589))

explain: for range-notcovered :: explain SELECT k, c FROM sbtest%d WHERE k BETWEEN 8510416 AND 8510516
for range-notcovered
table 1 : explain SELECT k, c FROM sbtest1 WHERE k BETWEEN 7378895 AND 7378995
	Bitmap Heap Scan on sbtest1  (cost=5.42..385.90 rows=96 width=125)
	  Recheck Cond: ((k >= 7378895) AND (k <= 7378995))
	  ->  Bitmap Index Scan on k_1  (cost=0.00..5.39 rows=96 width=0)
	        Index Cond: ((k >= 7378895) AND (k <= 7378995))

table 2 : explain SELECT k, c FROM sbtest2 WHERE k BETWEEN 7378895 AND 7378995
	Bitmap Heap Scan on sbtest2  (cost=5.43..389.80 rows=97 width=125)
	  Recheck Cond: ((k >= 7378895) AND (k <= 7378995))
	  ->  Bitmap Index Scan on k_2  (cost=0.00..5.40 rows=97 width=0)
	        Index Cond: ((k >= 7378895) AND (k <= 7378995))

table 3 : explain SELECT k, c FROM sbtest3 WHERE k BETWEEN 7378895 AND 7378995
	Bitmap Heap Scan on sbtest3  (cost=5.43..389.75 rows=97 width=125)
	  Recheck Cond: ((k >= 7378895) AND (k <= 7378995))
	  ->  Bitmap Index Scan on k_3  (cost=0.00..5.40 rows=97 width=0)
	        Index Cond: ((k >= 7378895) AND (k <= 7378995))

table 4 : explain SELECT k, c FROM sbtest4 WHERE k BETWEEN 7378895 AND 7378995
	Bitmap Heap Scan on sbtest4  (cost=5.40..377.96 rows=94 width=125)
	  Recheck Cond: ((k >= 7378895) AND (k <= 7378995))
	  ->  Bitmap Index Scan on k_4  (cost=0.00..5.38 rows=94 width=0)
	        Index Cond: ((k >= 7378895) AND (k <= 7378995))

table 5 : explain SELECT k, c FROM sbtest5 WHERE k BETWEEN 7378895 AND 7378995
	Bitmap Heap Scan on sbtest5  (cost=5.46..401.65 rows=100 width=125)
	  Recheck Cond: ((k >= 7378895) AND (k <= 7378995))
	  ->  Bitmap Index Scan on k_5  (cost=0.00..5.43 rows=100 width=0)
	        Index Cond: ((k >= 7378895) AND (k <= 7378995))

table 6 : explain SELECT k, c FROM sbtest6 WHERE k BETWEEN 7378895 AND 7378995
	Bitmap Heap Scan on sbtest6  (cost=5.52..425.30 rows=106 width=125)
	  Recheck Cond: ((k >= 7378895) AND (k <= 7378995))
	  ->  Bitmap Index Scan on k_6  (cost=0.00..5.50 rows=106 width=0)
	        Index Cond: ((k >= 7378895) AND (k <= 7378995))

table 7 : explain SELECT k, c FROM sbtest7 WHERE k BETWEEN 7378895 AND 7378995
	Bitmap Heap Scan on sbtest7  (cost=5.48..409.46 rows=102 width=125)
	  Recheck Cond: ((k >= 7378895) AND (k <= 7378995))
	  ->  Bitmap Index Scan on k_7  (cost=0.00..5.45 rows=102 width=0)
	        Index Cond: ((k >= 7378895) AND (k <= 7378995))

table 8 : explain SELECT k, c FROM sbtest8 WHERE k BETWEEN 7378895 AND 7378995
	Bitmap Heap Scan on sbtest8  (cost=5.43..389.81 rows=97 width=125)
	  Recheck Cond: ((k >= 7378895) AND (k <= 7378995))
	  ->  Bitmap Index Scan on k_8  (cost=0.00..5.40 rows=97 width=0)
	        Index Cond: ((k >= 7378895) AND (k <= 7378995))

for range-notcovered
table 1 : explain SELECT k, c FROM sbtest1 WHERE k BETWEEN 8376998 AND 8377098
	Bitmap Heap Scan on sbtest1  (cost=5.51..421.42 rows=105 width=125)
	  Recheck Cond: ((k >= 8376998) AND (k <= 8377098))
	  ->  Bitmap Index Scan on k_1  (cost=0.00..5.48 rows=105 width=0)
	        Index Cond: ((k >= 8376998) AND (k <= 8377098))

table 2 : explain SELECT k, c FROM sbtest2 WHERE k BETWEEN 8376998 AND 8377098
	Bitmap Heap Scan on sbtest2  (cost=5.53..429.25 rows=107 width=125)
	  Recheck Cond: ((k >= 8376998) AND (k <= 8377098))
	  ->  Bitmap Index Scan on k_2  (cost=0.00..5.50 rows=107 width=0)
	        Index Cond: ((k >= 8376998) AND (k <= 8377098))

table 3 : explain SELECT k, c FROM sbtest3 WHERE k BETWEEN 8376998 AND 8377098
	Bitmap Heap Scan on sbtest3  (cost=5.41..381.86 rows=95 width=125)
	  Recheck Cond: ((k >= 8376998) AND (k <= 8377098))
	  ->  Bitmap Index Scan on k_3  (cost=0.00..5.38 rows=95 width=0)
	        Index Cond: ((k >= 8376998) AND (k <= 8377098))

table 4 : explain SELECT k, c FROM sbtest4 WHERE k BETWEEN 8376998 AND 8377098
	Bitmap Heap Scan on sbtest4  (cost=5.51..421.36 rows=105 width=125)
	  Recheck Cond: ((k >= 8376998) AND (k <= 8377098))
	  ->  Bitmap Index Scan on k_4  (cost=0.00..5.48 rows=105 width=0)
	        Index Cond: ((k >= 8376998) AND (k <= 8377098))

table 5 : explain SELECT k, c FROM sbtest5 WHERE k BETWEEN 8376998 AND 8377098
	Bitmap Heap Scan on sbtest5  (cost=5.42..385.86 rows=96 width=125)
	  Recheck Cond: ((k >= 8376998) AND (k <= 8377098))
	  ->  Bitmap Index Scan on k_5  (cost=0.00..5.39 rows=96 width=0)
	        Index Cond: ((k >= 8376998) AND (k <= 8377098))

table 6 : explain SELECT k, c FROM sbtest6 WHERE k BETWEEN 8376998 AND 8377098
	Bitmap Heap Scan on sbtest6  (cost=5.50..417.41 rows=104 width=125)
	  Recheck Cond: ((k >= 8376998) AND (k <= 8377098))
	  ->  Bitmap Index Scan on k_6  (cost=0.00..5.47 rows=104 width=0)
	        Index Cond: ((k >= 8376998) AND (k <= 8377098))

table 7 : explain SELECT k, c FROM sbtest7 WHERE k BETWEEN 8376998 AND 8377098
	Bitmap Heap Scan on sbtest7  (cost=5.47..405.52 rows=101 width=125)
	  Recheck Cond: ((k >= 8376998) AND (k <= 8377098))
	  ->  Bitmap Index Scan on k_7  (cost=0.00..5.44 rows=101 width=0)
	        Index Cond: ((k >= 8376998) AND (k <= 8377098))

table 8 : explain SELECT k, c FROM sbtest8 WHERE k BETWEEN 8376998 AND 8377098
	Bitmap Heap Scan on sbtest8  (cost=5.47..405.60 rows=101 width=125)
	  Recheck Cond: ((k >= 8376998) AND (k <= 8377098))
	  ->  Bitmap Index Scan on k_8  (cost=0.00..5.44 rows=101 width=0)
	        Index Cond: ((k >= 8376998) AND (k <= 8377098))

explain: for range-notcovered :: explain SELECT k, c FROM sbtest%d WHERE k BETWEEN 7378895 AND 7378995
explain: for range-notcovered :: explain SELECT k, c FROM sbtest%d WHERE k BETWEEN 8376998 AND 8377098
for range-notcovered
table 1 : explain SELECT k, c FROM sbtest1 WHERE k BETWEEN 7813504 AND 7813604
	Bitmap Heap Scan on sbtest1  (cost=5.51..421.42 rows=105 width=125)
	  Recheck Cond: ((k >= 7813504) AND (k <= 7813604))
	  ->  Bitmap Index Scan on k_1  (cost=0.00..5.48 rows=105 width=0)
	        Index Cond: ((k >= 7813504) AND (k <= 7813604))

table 2 : explain SELECT k, c FROM sbtest2 WHERE k BETWEEN 7813504 AND 7813604
	Bitmap Heap Scan on sbtest2  (cost=5.47..405.59 rows=101 width=125)
	  Recheck Cond: ((k >= 7813504) AND (k <= 7813604))
	  ->  Bitmap Index Scan on k_2  (cost=0.00..5.44 rows=101 width=0)
	        Index Cond: ((k >= 7813504) AND (k <= 7813604))

table 3 : explain SELECT k, c FROM sbtest3 WHERE k BETWEEN 7813504 AND 7813604
	Bitmap Heap Scan on sbtest3  (cost=5.44..393.70 rows=98 width=125)
	  Recheck Cond: ((k >= 7813504) AND (k <= 7813604))
	  ->  Bitmap Index Scan on k_3  (cost=0.00..5.42 rows=98 width=0)
	        Index Cond: ((k >= 7813504) AND (k <= 7813604))

table 4 : explain SELECT k, c FROM sbtest4 WHERE k BETWEEN 7813504 AND 7813604
	Bitmap Heap Scan on sbtest4  (cost=5.46..401.64 rows=100 width=125)
	  Recheck Cond: ((k >= 7813504) AND (k <= 7813604))
	  ->  Bitmap Index Scan on k_4  (cost=0.00..5.43 rows=100 width=0)
	        Index Cond: ((k >= 7813504) AND (k <= 7813604))

table 5 : explain SELECT k, c FROM sbtest5 WHERE k BETWEEN 7813504 AND 7813604
	Bitmap Heap Scan on sbtest5  (cost=5.48..409.54 rows=102 width=125)
	  Recheck Cond: ((k >= 7813504) AND (k <= 7813604))
	  ->  Bitmap Index Scan on k_5  (cost=0.00..5.45 rows=102 width=0)
	        Index Cond: ((k >= 7813504) AND (k <= 7813604))

table 6 : explain SELECT k, c FROM sbtest6 WHERE k BETWEEN 7813504 AND 7813604
	Bitmap Heap Scan on sbtest6  (cost=5.44..393.74 rows=98 width=125)
	  Recheck Cond: ((k >= 7813504) AND (k <= 7813604))
	  ->  Bitmap Index Scan on k_6  (cost=0.00..5.42 rows=98 width=0)
	        Index Cond: ((k >= 7813504) AND (k <= 7813604))

table 7 : explain SELECT k, c FROM sbtest7 WHERE k BETWEEN 7813504 AND 7813604
	Bitmap Heap Scan on sbtest7  (cost=5.38..370.00 rows=92 width=125)
	  Recheck Cond: ((k >= 7813504) AND (k <= 7813604))
	  ->  Bitmap Index Scan on k_7  (cost=0.00..5.35 rows=92 width=0)
	        Index Cond: ((k >= 7813504) AND (k <= 7813604))

table 8 : explain SELECT k, c FROM sbtest8 WHERE k BETWEEN 7813504 AND 7813604
	Bitmap Heap Scan on sbtest8  (cost=5.48..409.54 rows=102 width=125)
	  Recheck Cond: ((k >= 7813504) AND (k <= 7813604))
	  ->  Bitmap Index Scan on k_8  (cost=0.00..5.45 rows=102 width=0)
	        Index Cond: ((k >= 7813504) AND (k <= 7813604))

for range-notcovered
table 1 : explain SELECT k, c FROM sbtest1 WHERE k BETWEEN 2646947 AND 2647047
	Bitmap Heap Scan on sbtest1  (cost=5.61..460.84 rows=115 width=125)
	  Recheck Cond: ((k >= 2646947) AND (k <= 2647047))
	  ->  Bitmap Index Scan on k_1  (cost=0.00..5.58 rows=115 width=0)
	        Index Cond: ((k >= 2646947) AND (k <= 2647047))

table 2 : explain SELECT k, c FROM sbtest2 WHERE k BETWEEN 2646947 AND 2647047
	Bitmap Heap Scan on sbtest2  (cost=5.45..397.70 rows=99 width=125)
	  Recheck Cond: ((k >= 2646947) AND (k <= 2647047))
	  ->  Bitmap Index Scan on k_2  (cost=0.00..5.42 rows=99 width=0)
	        Index Cond: ((k >= 2646947) AND (k <= 2647047))

table 3 : explain SELECT k, c FROM sbtest3 WHERE k BETWEEN 2646947 AND 2647047
	Bitmap Heap Scan on sbtest3  (cost=5.43..389.75 rows=97 width=125)
	  Recheck Cond: ((k >= 2646947) AND (k <= 2647047))
	  ->  Bitmap Index Scan on k_3  (cost=0.00..5.40 rows=97 width=0)
	        Index Cond: ((k >= 2646947) AND (k <= 2647047))

table 4 : explain SELECT k, c FROM sbtest4 WHERE k BETWEEN 2646947 AND 2647047
	Bitmap Heap Scan on sbtest4  (cost=5.45..397.70 rows=99 width=125)
	  Recheck Cond: ((k >= 2646947) AND (k <= 2647047))
	  ->  Bitmap Index Scan on k_4  (cost=0.00..5.42 rows=99 width=0)
	        Index Cond: ((k >= 2646947) AND (k <= 2647047))

table 5 : explain SELECT k, c FROM sbtest5 WHERE k BETWEEN 2646947 AND 2647047
	Bitmap Heap Scan on sbtest5  (cost=5.38..370.07 rows=92 width=125)
	  Recheck Cond: ((k >= 2646947) AND (k <= 2647047))
	  ->  Bitmap Index Scan on k_5  (cost=0.00..5.35 rows=92 width=0)
	        Index Cond: ((k >= 2646947) AND (k <= 2647047))

table 6 : explain SELECT k, c FROM sbtest6 WHERE k BETWEEN 2646947 AND 2647047
	Bitmap Heap Scan on sbtest6  (cost=5.46..401.63 rows=100 width=125)
	  Recheck Cond: ((k >= 2646947) AND (k <= 2647047))
	  ->  Bitmap Index Scan on k_6  (cost=0.00..5.43 rows=100 width=0)
	        Index Cond: ((k >= 2646947) AND (k <= 2647047))

table 7 : explain SELECT k, c FROM sbtest7 WHERE k BETWEEN 2646947 AND 2647047
	Bitmap Heap Scan on sbtest7  (cost=5.49..413.41 rows=103 width=125)
	  Recheck Cond: ((k >= 2646947) AND (k <= 2647047))
	  ->  Bitmap Index Scan on k_7  (cost=0.00..5.46 rows=103 width=0)
	        Index Cond: ((k >= 2646947) AND (k <= 2647047))

table 8 : explain SELECT k, c FROM sbtest8 WHERE k BETWEEN 2646947 AND 2647047
	Bitmap Heap Scan on sbtest8  (cost=5.47..405.60 rows=101 width=125)
	  Recheck Cond: ((k >= 2646947) AND (k <= 2647047))
	  ->  Bitmap Index Scan on k_8  (cost=0.00..5.44 rows=101 width=0)
	        Index Cond: ((k >= 2646947) AND (k <= 2647047))

explain: for range-notcovered :: explain SELECT k, c FROM sbtest%d WHERE k BETWEEN 2646947 AND 2647047
for range-notcovered
table 1 : explain SELECT k, c FROM sbtest1 WHERE k BETWEEN 8510416 AND 8510516
	Bitmap Heap Scan on sbtest1  (cost=5.49..413.53 rows=103 width=125)
	  Recheck Cond: ((k >= 8510416) AND (k <= 8510516))
	  ->  Bitmap Index Scan on k_1  (cost=0.00..5.46 rows=103 width=0)
	        Index Cond: ((k >= 8510416) AND (k <= 8510516))

table 2 : explain SELECT k, c FROM sbtest2 WHERE k BETWEEN 8510416 AND 8510516
	Bitmap Heap Scan on sbtest2  (cost=5.49..413.48 rows=103 width=125)
	  Recheck Cond: ((k >= 8510416) AND (k <= 8510516))
	  ->  Bitmap Index Scan on k_2  (cost=0.00..5.46 rows=103 width=0)
	        Index Cond: ((k >= 8510416) AND (k <= 8510516))

table 3 : explain SELECT k, c FROM sbtest3 WHERE k BETWEEN 8510416 AND 8510516
	Bitmap Heap Scan on sbtest3  (cost=5.40..377.91 rows=94 width=125)
	  Recheck Cond: ((k >= 8510416) AND (k <= 8510516))
	  ->  Bitmap Index Scan on k_3  (cost=0.00..5.38 rows=94 width=0)
	        Index Cond: ((k >= 8510416) AND (k <= 8510516))

table 4 : explain SELECT k, c FROM sbtest4 WHERE k BETWEEN 8510416 AND 8510516
	Bitmap Heap Scan on sbtest4  (cost=5.55..437.13 rows=109 width=125)
	  Recheck Cond: ((k >= 8510416) AND (k <= 8510516))
	  ->  Bitmap Index Scan on k_4  (cost=0.00..5.52 rows=109 width=0)
	        Index Cond: ((k >= 8510416) AND (k <= 8510516))

table 5 : explain SELECT k, c FROM sbtest5 WHERE k BETWEEN 8510416 AND 8510516
	Bitmap Heap Scan on sbtest5  (cost=5.53..429.26 rows=107 width=125)
	  Recheck Cond: ((k >= 8510416) AND (k <= 8510516))
	  ->  Bitmap Index Scan on k_5  (cost=0.00..5.50 rows=107 width=0)
	        Index Cond: ((k >= 8510416) AND (k <= 8510516))

table 6 : explain SELECT k, c FROM sbtest6 WHERE k BETWEEN 8510416 AND 8510516
	Bitmap Heap Scan on sbtest6  (cost=5.45..397.69 rows=99 width=125)
	  Recheck Cond: ((k >= 8510416) AND (k <= 8510516))
	  ->  Bitmap Index Scan on k_6  (cost=0.00..5.42 rows=99 width=0)
	        Index Cond: ((k >= 8510416) AND (k <= 8510516))

table 7 : explain SELECT k, c FROM sbtest7 WHERE k BETWEEN 8510416 AND 8510516
	Bitmap Heap Scan on sbtest7  (cost=5.46..401.57 rows=100 width=125)
	  Recheck Cond: ((k >= 8510416) AND (k <= 8510516))
	  ->  Bitmap Index Scan on k_7  (cost=0.00..5.43 rows=100 width=0)
	        Index Cond: ((k >= 8510416) AND (k <= 8510516))

table 8 : explain SELECT k, c FROM sbtest8 WHERE k BETWEEN 8510416 AND 8510516
	Bitmap Heap Scan on sbtest8  (cost=5.47..405.60 rows=101 width=125)
	  Recheck Cond: ((k >= 8510416) AND (k <= 8510516))
	  ->  Bitmap Index Scan on k_8  (cost=0.00..5.44 rows=101 width=0)
	        Index Cond: ((k >= 8510416) AND (k <= 8510516))

for range-notcovered
table 1 : explain SELECT k, c FROM sbtest1 WHERE k BETWEEN 7378895 AND 7378995
	Bitmap Heap Scan on sbtest1  (cost=5.42..385.90 rows=96 width=125)
	  Recheck Cond: ((k >= 7378895) AND (k <= 7378995))
	  ->  Bitmap Index Scan on k_1  (cost=0.00..5.39 rows=96 width=0)
	        Index Cond: ((k >= 7378895) AND (k <= 7378995))

table 2 : explain SELECT k, c FROM sbtest2 WHERE k BETWEEN 7378895 AND 7378995
	Bitmap Heap Scan on sbtest2  (cost=5.43..389.80 rows=97 width=125)
	  Recheck Cond: ((k >= 7378895) AND (k <= 7378995))
	  ->  Bitmap Index Scan on k_2  (cost=0.00..5.40 rows=97 width=0)
	        Index Cond: ((k >= 7378895) AND (k <= 7378995))

table 3 : explain SELECT k, c FROM sbtest3 WHERE k BETWEEN 7378895 AND 7378995
	Bitmap Heap Scan on sbtest3  (cost=5.43..389.75 rows=97 width=125)
	  Recheck Cond: ((k >= 7378895) AND (k <= 7378995))
	  ->  Bitmap Index Scan on k_3  (cost=0.00..5.40 rows=97 width=0)
	        Index Cond: ((k >= 7378895) AND (k <= 7378995))

table 4 : explain SELECT k, c FROM sbtest4 WHERE k BETWEEN 7378895 AND 7378995
	Bitmap Heap Scan on sbtest4  (cost=5.40..377.96 rows=94 width=125)
	  Recheck Cond: ((k >= 7378895) AND (k <= 7378995))
	  ->  Bitmap Index Scan on k_4  (cost=0.00..5.38 rows=94 width=0)
	        Index Cond: ((k >= 7378895) AND (k <= 7378995))

table 5 : explain SELECT k, c FROM sbtest5 WHERE k BETWEEN 7378895 AND 7378995
	Bitmap Heap Scan on sbtest5  (cost=5.46..401.65 rows=100 width=125)
	  Recheck Cond: ((k >= 7378895) AND (k <= 7378995))
	  ->  Bitmap Index Scan on k_5  (cost=0.00..5.43 rows=100 width=0)
	        Index Cond: ((k >= 7378895) AND (k <= 7378995))

table 6 : explain SELECT k, c FROM sbtest6 WHERE k BETWEEN 7378895 AND 7378995
	Bitmap Heap Scan on sbtest6  (cost=5.52..425.30 rows=106 width=125)
	  Recheck Cond: ((k >= 7378895) AND (k <= 7378995))
	  ->  Bitmap Index Scan on k_6  (cost=0.00..5.50 rows=106 width=0)
	        Index Cond: ((k >= 7378895) AND (k <= 7378995))

table 7 : explain SELECT k, c FROM sbtest7 WHERE k BETWEEN 7378895 AND 7378995
	Bitmap Heap Scan on sbtest7  (cost=5.48..409.46 rows=102 width=125)
	  Recheck Cond: ((k >= 7378895) AND (k <= 7378995))
	  ->  Bitmap Index Scan on k_7  (cost=0.00..5.45 rows=102 width=0)
	        Index Cond: ((k >= 7378895) AND (k <= 7378995))

table 8 : explain SELECT k, c FROM sbtest8 WHERE k BETWEEN 7378895 AND 7378995
	Bitmap Heap Scan on sbtest8  (cost=5.43..389.81 rows=97 width=125)
	  Recheck Cond: ((k >= 7378895) AND (k <= 7378995))
	  ->  Bitmap Index Scan on k_8  (cost=0.00..5.40 rows=97 width=0)
	        Index Cond: ((k >= 7378895) AND (k <= 7378995))

for range-notcovered
table 1 : explain SELECT k, c FROM sbtest1 WHERE k BETWEEN 8376998 AND 8377098
	Bitmap Heap Scan on sbtest1  (cost=5.51..421.42 rows=105 width=125)
	  Recheck Cond: ((k >= 8376998) AND (k <= 8377098))
	  ->  Bitmap Index Scan on k_1  (cost=0.00..5.48 rows=105 width=0)
	        Index Cond: ((k >= 8376998) AND (k <= 8377098))

table 2 : explain SELECT k, c FROM sbtest2 WHERE k BETWEEN 8376998 AND 8377098
	Bitmap Heap Scan on sbtest2  (cost=5.53..429.25 rows=107 width=125)
	  Recheck Cond: ((k >= 8376998) AND (k <= 8377098))
	  ->  Bitmap Index Scan on k_2  (cost=0.00..5.50 rows=107 width=0)
	        Index Cond: ((k >= 8376998) AND (k <= 8377098))

table 3 : explain SELECT k, c FROM sbtest3 WHERE k BETWEEN 8376998 AND 8377098
	Bitmap Heap Scan on sbtest3  (cost=5.41..381.86 rows=95 width=125)
	  Recheck Cond: ((k >= 8376998) AND (k <= 8377098))
	  ->  Bitmap Index Scan on k_3  (cost=0.00..5.38 rows=95 width=0)
	        Index Cond: ((k >= 8376998) AND (k <= 8377098))

table 4 : explain SELECT k, c FROM sbtest4 WHERE k BETWEEN 8376998 AND 8377098
	Bitmap Heap Scan on sbtest4  (cost=5.51..421.36 rows=105 width=125)
	  Recheck Cond: ((k >= 8376998) AND (k <= 8377098))
	  ->  Bitmap Index Scan on k_4  (cost=0.00..5.48 rows=105 width=0)
	        Index Cond: ((k >= 8376998) AND (k <= 8377098))

table 5 : explain SELECT k, c FROM sbtest5 WHERE k BETWEEN 8376998 AND 8377098
	Bitmap Heap Scan on sbtest5  (cost=5.42..385.86 rows=96 width=125)
	  Recheck Cond: ((k >= 8376998) AND (k <= 8377098))
	  ->  Bitmap Index Scan on k_5  (cost=0.00..5.39 rows=96 width=0)
	        Index Cond: ((k >= 8376998) AND (k <= 8377098))

table 6 : explain SELECT k, c FROM sbtest6 WHERE k BETWEEN 8376998 AND 8377098
	Bitmap Heap Scan on sbtest6  (cost=5.50..417.41 rows=104 width=125)
	  Recheck Cond: ((k >= 8376998) AND (k <= 8377098))
	  ->  Bitmap Index Scan on k_6  (cost=0.00..5.47 rows=104 width=0)
	        Index Cond: ((k >= 8376998) AND (k <= 8377098))

table 7 : explain SELECT k, c FROM sbtest7 WHERE k BETWEEN 8376998 AND 8377098
	Bitmap Heap Scan on sbtest7  (cost=5.47..405.52 rows=101 width=125)
	  Recheck Cond: ((k >= 8376998) AND (k <= 8377098))
	  ->  Bitmap Index Scan on k_7  (cost=0.00..5.44 rows=101 width=0)
	        Index Cond: ((k >= 8376998) AND (k <= 8377098))

table 8 : explain SELECT k, c FROM sbtest8 WHERE k BETWEEN 8376998 AND 8377098
	Bitmap Heap Scan on sbtest8  (cost=5.47..405.60 rows=101 width=125)
	  Recheck Cond: ((k >= 8376998) AND (k <= 8377098))
	  ->  Bitmap Index Scan on k_8  (cost=0.00..5.44 rows=101 width=0)
	        Index Cond: ((k >= 8376998) AND (k <= 8377098))

explain: for range-notcovered :: explain SELECT k, c FROM sbtest%d WHERE k BETWEEN 8376998 AND 8377098
for range-notcovered
table 1 : explain SELECT k, c FROM sbtest1 WHERE k BETWEEN 2646947 AND 2647047
	Bitmap Heap Scan on sbtest1  (cost=5.61..460.84 rows=115 width=125)
	  Recheck Cond: ((k >= 2646947) AND (k <= 2647047))
	  ->  Bitmap Index Scan on k_1  (cost=0.00..5.58 rows=115 width=0)
	        Index Cond: ((k >= 2646947) AND (k <= 2647047))

table 2 : explain SELECT k, c FROM sbtest2 WHERE k BETWEEN 2646947 AND 2647047
	Bitmap Heap Scan on sbtest2  (cost=5.45..397.70 rows=99 width=125)
	  Recheck Cond: ((k >= 2646947) AND (k <= 2647047))
	  ->  Bitmap Index Scan on k_2  (cost=0.00..5.42 rows=99 width=0)
	        Index Cond: ((k >= 2646947) AND (k <= 2647047))

table 3 : explain SELECT k, c FROM sbtest3 WHERE k BETWEEN 2646947 AND 2647047
	Bitmap Heap Scan on sbtest3  (cost=5.43..389.75 rows=97 width=125)
	  Recheck Cond: ((k >= 2646947) AND (k <= 2647047))
	  ->  Bitmap Index Scan on k_3  (cost=0.00..5.40 rows=97 width=0)
	        Index Cond: ((k >= 2646947) AND (k <= 2647047))

table 4 : explain SELECT k, c FROM sbtest4 WHERE k BETWEEN 2646947 AND 2647047
	Bitmap Heap Scan on sbtest4  (cost=5.45..397.70 rows=99 width=125)
	  Recheck Cond: ((k >= 2646947) AND (k <= 2647047))
	  ->  Bitmap Index Scan on k_4  (cost=0.00..5.42 rows=99 width=0)
	        Index Cond: ((k >= 2646947) AND (k <= 2647047))

table 5 : explain SELECT k, c FROM sbtest5 WHERE k BETWEEN 2646947 AND 2647047
	Bitmap Heap Scan on sbtest5  (cost=5.38..370.07 rows=92 width=125)
	  Recheck Cond: ((k >= 2646947) AND (k <= 2647047))
	  ->  Bitmap Index Scan on k_5  (cost=0.00..5.35 rows=92 width=0)
	        Index Cond: ((k >= 2646947) AND (k <= 2647047))

table 6 : explain SELECT k, c FROM sbtest6 WHERE k BETWEEN 2646947 AND 2647047
	Bitmap Heap Scan on sbtest6  (cost=5.46..401.63 rows=100 width=125)
	  Recheck Cond: ((k >= 2646947) AND (k <= 2647047))
	  ->  Bitmap Index Scan on k_6  (cost=0.00..5.43 rows=100 width=0)
	        Index Cond: ((k >= 2646947) AND (k <= 2647047))

table 7 : explain SELECT k, c FROM sbtest7 WHERE k BETWEEN 2646947 AND 2647047
	Bitmap Heap Scan on sbtest7  (cost=5.49..413.41 rows=103 width=125)
	  Recheck Cond: ((k >= 2646947) AND (k <= 2647047))
	  ->  Bitmap Index Scan on k_7  (cost=0.00..5.46 rows=103 width=0)
	        Index Cond: ((k >= 2646947) AND (k <= 2647047))

table 8 : explain SELECT k, c FROM sbtest8 WHERE k BETWEEN 2646947 AND 2647047
	Bitmap Heap Scan on sbtest8  (cost=5.47..405.60 rows=101 width=125)
	  Recheck Cond: ((k >= 2646947) AND (k <= 2647047))
	  ->  Bitmap Index Scan on k_8  (cost=0.00..5.44 rows=101 width=0)
	        Index Cond: ((k >= 2646947) AND (k <= 2647047))

for range-notcovered
table 1 : explain SELECT k, c FROM sbtest1 WHERE k BETWEEN 8376998 AND 8377098
	Bitmap Heap Scan on sbtest1  (cost=5.51..421.42 rows=105 width=125)
	  Recheck Cond: ((k >= 8376998) AND (k <= 8377098))
	  ->  Bitmap Index Scan on k_1  (cost=0.00..5.48 rows=105 width=0)
	        Index Cond: ((k >= 8376998) AND (k <= 8377098))

table 2 : explain SELECT k, c FROM sbtest2 WHERE k BETWEEN 8376998 AND 8377098
	Bitmap Heap Scan on sbtest2  (cost=5.53..429.25 rows=107 width=125)
	  Recheck Cond: ((k >= 8376998) AND (k <= 8377098))
	  ->  Bitmap Index Scan on k_2  (cost=0.00..5.50 rows=107 width=0)
	        Index Cond: ((k >= 8376998) AND (k <= 8377098))

table 3 : explain SELECT k, c FROM sbtest3 WHERE k BETWEEN 8376998 AND 8377098
	Bitmap Heap Scan on sbtest3  (cost=5.41..381.86 rows=95 width=125)
	  Recheck Cond: ((k >= 8376998) AND (k <= 8377098))
	  ->  Bitmap Index Scan on k_3  (cost=0.00..5.38 rows=95 width=0)
	        Index Cond: ((k >= 8376998) AND (k <= 8377098))

table 4 : explain SELECT k, c FROM sbtest4 WHERE k BETWEEN 8376998 AND 8377098
	Bitmap Heap Scan on sbtest4  (cost=5.51..421.36 rows=105 width=125)
	  Recheck Cond: ((k >= 8376998) AND (k <= 8377098))
	  ->  Bitmap Index Scan on k_4  (cost=0.00..5.48 rows=105 width=0)
	        Index Cond: ((k >= 8376998) AND (k <= 8377098))

table 5 : explain SELECT k, c FROM sbtest5 WHERE k BETWEEN 8376998 AND 8377098
	Bitmap Heap Scan on sbtest5  (cost=5.42..385.86 rows=96 width=125)
	  Recheck Cond: ((k >= 8376998) AND (k <= 8377098))
	  ->  Bitmap Index Scan on k_5  (cost=0.00..5.39 rows=96 width=0)
	        Index Cond: ((k >= 8376998) AND (k <= 8377098))

table 6 : explain SELECT k, c FROM sbtest6 WHERE k BETWEEN 8376998 AND 8377098
	Bitmap Heap Scan on sbtest6  (cost=5.50..417.41 rows=104 width=125)
	  Recheck Cond: ((k >= 8376998) AND (k <= 8377098))
	  ->  Bitmap Index Scan on k_6  (cost=0.00..5.47 rows=104 width=0)
	        Index Cond: ((k >= 8376998) AND (k <= 8377098))

table 7 : explain SELECT k, c FROM sbtest7 WHERE k BETWEEN 8376998 AND 8377098
	Bitmap Heap Scan on sbtest7  (cost=5.47..405.52 rows=101 width=125)
	  Recheck Cond: ((k >= 8376998) AND (k <= 8377098))
	  ->  Bitmap Index Scan on k_7  (cost=0.00..5.44 rows=101 width=0)
	        Index Cond: ((k >= 8376998) AND (k <= 8377098))

table 8 : explain SELECT k, c FROM sbtest8 WHERE k BETWEEN 8376998 AND 8377098
	Bitmap Heap Scan on sbtest8  (cost=5.47..405.60 rows=101 width=125)
	  Recheck Cond: ((k >= 8376998) AND (k <= 8377098))
	  ->  Bitmap Index Scan on k_8  (cost=0.00..5.44 rows=101 width=0)
	        Index Cond: ((k >= 8376998) AND (k <= 8377098))

Threads started!

Warming up for 5 seconds...

SQL statistics:
    queries performed:
        read:                            100519046
        write:                           0
        other:                           0
        total:                           100519046
    transactions:                        100519046 (159552.44 per sec.)
    queries:                             100519046 (159552.44 per sec.)
    ignored errors:                      0      (0.00 per sec.)
    reconnects:                          0      (0.00 per sec.)

Throughput:
    events/s (eps):                      159552.4415
    time elapsed:                        630.0064s
    total number of events:              100519046

Latency (ms):
         min:                                    0.07
         avg:                                    0.25
         max:                                   24.28
         95th percentile:                        0.29
         sum:                             25155847.68

Threads fairness:
    events (avg/stddev):           2512973.3250/7122.88
    execution time (avg/stddev):   628.8962/0.05

