LUA_PATH=/home/mdcallag/git/mytools/bench/sysbench.lua/lua/?.lua /home/mdcallag/git/mytools/bench/sysbench.lua/lua/sysbench --db-driver=pgsql --range-size=100 --table-size=10000000 --tables=8 --threads=40 --events=0 --warmup-time=5 --time=60 --pgsql_conn_id=true /home/mdcallag/git/mytools/bench/sysbench.lua/lua/oltp_scan.lua run --pgsql-user=root --pgsql-password=pw --pgsql-host=127.0.0.1 --pgsql-db=ib --rand-type=uniform
48 CPUs
sysbench 1.1.0-9072687 (using bundled LuaJIT 2.1.0-beta3)

Running the test with following options:
Number of threads: 40
Warmup time: 5s
Initializing random number generator from current time


Initializing worker threads...

explain: for scan :: explain SELECT * from sbtest%d WHERE LENGTH(c) < 0
explain: for scan :: explain SELECT * from sbtest%d WHERE LENGTH(c) < 0
explain: for scan :: explain SELECT * from sbtest%d WHERE LENGTH(c) < 0
explain: for scan :: explain SELECT * from sbtest%d WHERE LENGTH(c) < 0
explain: for scan :: explain SELECT * from sbtest%d WHERE LENGTH(c) < 0
explain: for scan :: explain SELECT * from sbtest%d WHERE LENGTH(c) < 0
explain: for scan :: explain SELECT * from sbtest%d WHERE LENGTH(c) < 0
explain: for scan :: explain SELECT * from sbtest%d WHERE LENGTH(c) < 0
explain: for scan :: explain SELECT * from sbtest%d WHERE LENGTH(c) < 0
explain: for scan :: explain SELECT * from sbtest%d WHERE LENGTH(c) < 0
explain: for scan :: explain SELECT * from sbtest%d WHERE LENGTH(c) < 0
explain: for scan :: explain SELECT * from sbtest%d WHERE LENGTH(c) < 0
explain: for scan :: explain SELECT * from sbtest%d WHERE LENGTH(c) < 0
explain: for scan :: explain SELECT * from sbtest%d WHERE LENGTH(c) < 0
explain: for scan :: explain SELECT * from sbtest%d WHERE LENGTH(c) < 0
explain: for scan :: explain SELECT * from sbtest%d WHERE LENGTH(c) < 0
explain: for scan :: explain SELECT * from sbtest%d WHERE LENGTH(c) < 0
explain: for scan :: explain SELECT * from sbtest%d WHERE LENGTH(c) < 0
explain: for scan :: explain SELECT * from sbtest%d WHERE LENGTH(c) < 0
explain: for scan :: explain SELECT * from sbtest%d WHERE LENGTH(c) < 0
explain: for scan :: explain SELECT * from sbtest%d WHERE LENGTH(c) < 0
explain: for scan :: explain SELECT * from sbtest%d WHERE LENGTH(c) < 0
explain: for scan :: explain SELECT * from sbtest%d WHERE LENGTH(c) < 0
explain: for scan :: explain SELECT * from sbtest%d WHERE LENGTH(c) < 0
explain: for scan :: explain SELECT * from sbtest%d WHERE LENGTH(c) < 0
explain: for scan :: explain SELECT * from sbtest%d WHERE LENGTH(c) < 0
explain: for scan :: explain SELECT * from sbtest%d WHERE LENGTH(c) < 0
explain: for scan :: explain SELECT * from sbtest%d WHERE LENGTH(c) < 0
explain: for scan :: explain SELECT * from sbtest%d WHERE LENGTH(c) < 0
explain: for scan :: explain SELECT * from sbtest%d WHERE LENGTH(c) < 0
explain: for scan :: explain SELECT * from sbtest%d WHERE LENGTH(c) < 0
explain: for scan :: explain SELECT * from sbtest%d WHERE LENGTH(c) < 0
explain: for scan :: explain SELECT * from sbtest%d WHERE LENGTH(c) < 0
explain: for scan :: explain SELECT * from sbtest%d WHERE LENGTH(c) < 0
explain: for scan :: explain SELECT * from sbtest%d WHERE LENGTH(c) < 0
explain: for scan :: explain SELECT * from sbtest%d WHERE LENGTH(c) < 0
explain: for scan :: explain SELECT * from sbtest%d WHERE LENGTH(c) < 0
explain: for scan :: explain SELECT * from sbtest%d WHERE LENGTH(c) < 0
for scan
table 1 : explain SELECT * from sbtest1 WHERE LENGTH(c) < 0
	Seq Scan on sbtest1  (cost=0.00..474195.05 rows=3333912 width=190)
	  Filter: (length(c) < 0)

table 2 : explain SELECT * from sbtest2 WHERE LENGTH(c) < 0
	Seq Scan on sbtest2  (cost=0.00..468117.01 rows=3329156 width=190)
	  Filter: (length(c) < 0)

table 3 : explain SELECT * from sbtest3 WHERE LENGTH(c) < 0
	Seq Scan on sbtest3  (cost=0.00..461753.27 rows=3325006 width=190)
	  Filter: (length(c) < 0)

table 4 : explain SELECT * from sbtest4 WHERE LENGTH(c) < 0
	Seq Scan on sbtest4  (cost=0.00..467886.14 rows=3328936 width=190)
	  Filter: (length(c) < 0)

table 5 : explain SELECT * from sbtest5 WHERE LENGTH(c) < 0
	Seq Scan on sbtest5  (cost=0.00..469100.37 rows=3330653 width=190)
	  Filter: (length(c) < 0)

table 6 : explain SELECT * from sbtest6 WHERE LENGTH(c) < 0
	Seq Scan on sbtest6  (cost=0.00..467010.23 rows=3328094 width=190)
	  Filter: (length(c) < 0)

table 7 : explain SELECT * from sbtest7 WHERE LENGTH(c) < 0
	Seq Scan on sbtest7  (cost=0.00..460423.92 rows=3338243 width=190)
	  Filter: (length(c) < 0)

table 8 : explain SELECT * from sbtest8 WHERE LENGTH(c) < 0
	Seq Scan on sbtest8  (cost=0.00..469373.39 rows=3336342 width=190)
	  Filter: (length(c) < 0)

for scan
table 1 : explain SELECT * from sbtest1 WHERE LENGTH(c) < 0
	Seq Scan on sbtest1  (cost=0.00..474195.05 rows=3333912 width=190)
	  Filter: (length(c) < 0)

table 2 : explain SELECT * from sbtest2 WHERE LENGTH(c) < 0
	Seq Scan on sbtest2  (cost=0.00..468117.01 rows=3329156 width=190)
	  Filter: (length(c) < 0)

table 3 : explain SELECT * from sbtest3 WHERE LENGTH(c) < 0
	Seq Scan on sbtest3  (cost=0.00..461753.27 rows=3325006 width=190)
	  Filter: (length(c) < 0)

table 4 : explain SELECT * from sbtest4 WHERE LENGTH(c) < 0
	Seq Scan on sbtest4  (cost=0.00..467886.14 rows=3328936 width=190)
	  Filter: (length(c) < 0)

table 5 : explain SELECT * from sbtest5 WHERE LENGTH(c) < 0
	Seq Scan on sbtest5  (cost=0.00..469100.37 rows=3330653 width=190)
	  Filter: (length(c) < 0)

table 6 : explain SELECT * from sbtest6 WHERE LENGTH(c) < 0
	Seq Scan on sbtest6  (cost=0.00..467010.23 rows=3328094 width=190)
	  Filter: (length(c) < 0)

table 7 : explain SELECT * from sbtest7 WHERE LENGTH(c) < 0
	Seq Scan on sbtest7  (cost=0.00..460423.92 rows=3338243 width=190)
	  Filter: (length(c) < 0)

table 8 : explain SELECT * from sbtest8 WHERE LENGTH(c) < 0
	Seq Scan on sbtest8  (cost=0.00..469373.39 rows=3336342 width=190)
	  Filter: (length(c) < 0)

explain: for scan :: explain SELECT * from sbtest%d WHERE LENGTH(c) < 0
explain: for scan :: explain SELECT * from sbtest%d WHERE LENGTH(c) < 0
for scan
table 1 : explain SELECT * from sbtest1 WHERE LENGTH(c) < 0
	Seq Scan on sbtest1  (cost=0.00..474195.05 rows=3333912 width=190)
	  Filter: (length(c) < 0)

table 2 : explain SELECT * from sbtest2 WHERE LENGTH(c) < 0
	Seq Scan on sbtest2  (cost=0.00..468117.01 rows=3329156 width=190)
	  Filter: (length(c) < 0)

table 3 : explain SELECT * from sbtest3 WHERE LENGTH(c) < 0
	Seq Scan on sbtest3  (cost=0.00..461753.27 rows=3325006 width=190)
	  Filter: (length(c) < 0)

table 4 : explain SELECT * from sbtest4 WHERE LENGTH(c) < 0
	Seq Scan on sbtest4  (cost=0.00..467886.14 rows=3328936 width=190)
	  Filter: (length(c) < 0)

table 5 : explain SELECT * from sbtest5 WHERE LENGTH(c) < 0
	Seq Scan on sbtest5  (cost=0.00..469100.37 rows=3330653 width=190)
	  Filter: (length(c) < 0)

table 6 : explain SELECT * from sbtest6 WHERE LENGTH(c) < 0
	Seq Scan on sbtest6  (cost=0.00..467010.23 rows=3328094 width=190)
	  Filter: (length(c) < 0)

table 7 : explain SELECT * from sbtest7 WHERE LENGTH(c) < 0
	Seq Scan on sbtest7  (cost=0.00..460423.92 rows=3338243 width=190)
	  Filter: (length(c) < 0)

table 8 : explain SELECT * from sbtest8 WHERE LENGTH(c) < 0
	Seq Scan on sbtest8  (cost=0.00..469373.39 rows=3336342 width=190)
	  Filter: (length(c) < 0)

for scan
table 1 : explain SELECT * from sbtest1 WHERE LENGTH(c) < 0
	Seq Scan on sbtest1  (cost=0.00..474195.05 rows=3333912 width=190)
	  Filter: (length(c) < 0)

table 2 : explain SELECT * from sbtest2 WHERE LENGTH(c) < 0
	Seq Scan on sbtest2  (cost=0.00..468117.01 rows=3329156 width=190)
	  Filter: (length(c) < 0)

table 3 : explain SELECT * from sbtest3 WHERE LENGTH(c) < 0
	Seq Scan on sbtest3  (cost=0.00..461753.27 rows=3325006 width=190)
	  Filter: (length(c) < 0)

table 4 : explain SELECT * from sbtest4 WHERE LENGTH(c) < 0
	Seq Scan on sbtest4  (cost=0.00..467886.14 rows=3328936 width=190)
	  Filter: (length(c) < 0)

table 5 : explain SELECT * from sbtest5 WHERE LENGTH(c) < 0
	Seq Scan on sbtest5  (cost=0.00..469100.37 rows=3330653 width=190)
	  Filter: (length(c) < 0)

table 6 : explain SELECT * from sbtest6 WHERE LENGTH(c) < 0
	Seq Scan on sbtest6  (cost=0.00..467010.23 rows=3328094 width=190)
	  Filter: (length(c) < 0)

table 7 : explain SELECT * from sbtest7 WHERE LENGTH(c) < 0
	Seq Scan on sbtest7  (cost=0.00..460423.92 rows=3338243 width=190)
	  Filter: (length(c) < 0)

table 8 : explain SELECT * from sbtest8 WHERE LENGTH(c) < 0
	Seq Scan on sbtest8  (cost=0.00..469373.39 rows=3336342 width=190)
	  Filter: (length(c) < 0)

for scan
table 1 : explain SELECT * from sbtest1 WHERE LENGTH(c) < 0
	Seq Scan on sbtest1  (cost=0.00..474195.05 rows=3333912 width=190)
	  Filter: (length(c) < 0)

table 2 : explain SELECT * from sbtest2 WHERE LENGTH(c) < 0
	Seq Scan on sbtest2  (cost=0.00..468117.01 rows=3329156 width=190)
	  Filter: (length(c) < 0)

table 3 : explain SELECT * from sbtest3 WHERE LENGTH(c) < 0
	Seq Scan on sbtest3  (cost=0.00..461753.27 rows=3325006 width=190)
	  Filter: (length(c) < 0)

table 4 : explain SELECT * from sbtest4 WHERE LENGTH(c) < 0
	Seq Scan on sbtest4  (cost=0.00..467886.14 rows=3328936 width=190)
	  Filter: (length(c) < 0)

table 5 : explain SELECT * from sbtest5 WHERE LENGTH(c) < 0
	Seq Scan on sbtest5  (cost=0.00..469100.37 rows=3330653 width=190)
	  Filter: (length(c) < 0)

table 6 : explain SELECT * from sbtest6 WHERE LENGTH(c) < 0
	Seq Scan on sbtest6  (cost=0.00..467010.23 rows=3328094 width=190)
	  Filter: (length(c) < 0)

table 7 : explain SELECT * from sbtest7 WHERE LENGTH(c) < 0
	Seq Scan on sbtest7  (cost=0.00..460423.92 rows=3338243 width=190)
	  Filter: (length(c) < 0)

table 8 : explain SELECT * from sbtest8 WHERE LENGTH(c) < 0
	Seq Scan on sbtest8  (cost=0.00..469373.39 rows=3336342 width=190)
	  Filter: (length(c) < 0)

for scan
table 1 : explain SELECT * from sbtest1 WHERE LENGTH(c) < 0
	Seq Scan on sbtest1  (cost=0.00..474195.05 rows=3333912 width=190)
	  Filter: (length(c) < 0)

table 2 : explain SELECT * from sbtest2 WHERE LENGTH(c) < 0
	Seq Scan on sbtest2  (cost=0.00..468117.01 rows=3329156 width=190)
	  Filter: (length(c) < 0)

table 3 : explain SELECT * from sbtest3 WHERE LENGTH(c) < 0
	Seq Scan on sbtest3  (cost=0.00..461753.27 rows=3325006 width=190)
	  Filter: (length(c) < 0)

table 4 : explain SELECT * from sbtest4 WHERE LENGTH(c) < 0
	Seq Scan on sbtest4  (cost=0.00..467886.14 rows=3328936 width=190)
	  Filter: (length(c) < 0)

table 5 : explain SELECT * from sbtest5 WHERE LENGTH(c) < 0
	Seq Scan on sbtest5  (cost=0.00..469100.37 rows=3330653 width=190)
	  Filter: (length(c) < 0)

table 6 : explain SELECT * from sbtest6 WHERE LENGTH(c) < 0
	Seq Scan on sbtest6  (cost=0.00..467010.23 rows=3328094 width=190)
	  Filter: (length(c) < 0)

table 7 : explain SELECT * from sbtest7 WHERE LENGTH(c) < 0
	Seq Scan on sbtest7  (cost=0.00..460423.92 rows=3338243 width=190)
	  Filter: (length(c) < 0)

table 8 : explain SELECT * from sbtest8 WHERE LENGTH(c) < 0
	Seq Scan on sbtest8  (cost=0.00..469373.39 rows=3336342 width=190)
	  Filter: (length(c) < 0)

for scan
table 1 : explain SELECT * from sbtest1 WHERE LENGTH(c) < 0
	Seq Scan on sbtest1  (cost=0.00..474195.05 rows=3333912 width=190)
	  Filter: (length(c) < 0)

table 2 : explain SELECT * from sbtest2 WHERE LENGTH(c) < 0
	Seq Scan on sbtest2  (cost=0.00..468117.01 rows=3329156 width=190)
	  Filter: (length(c) < 0)

table 3 : explain SELECT * from sbtest3 WHERE LENGTH(c) < 0
	Seq Scan on sbtest3  (cost=0.00..461753.27 rows=3325006 width=190)
	  Filter: (length(c) < 0)

table 4 : explain SELECT * from sbtest4 WHERE LENGTH(c) < 0
	Seq Scan on sbtest4  (cost=0.00..467886.14 rows=3328936 width=190)
	  Filter: (length(c) < 0)

table 5 : explain SELECT * from sbtest5 WHERE LENGTH(c) < 0
	Seq Scan on sbtest5  (cost=0.00..469100.37 rows=3330653 width=190)
	  Filter: (length(c) < 0)

table 6 : explain SELECT * from sbtest6 WHERE LENGTH(c) < 0
	Seq Scan on sbtest6  (cost=0.00..467010.23 rows=3328094 width=190)
	  Filter: (length(c) < 0)

table 7 : explain SELECT * from sbtest7 WHERE LENGTH(c) < 0
	Seq Scan on sbtest7  (cost=0.00..460423.92 rows=3338243 width=190)
	  Filter: (length(c) < 0)

table 8 : explain SELECT * from sbtest8 WHERE LENGTH(c) < 0
	Seq Scan on sbtest8  (cost=0.00..469373.39 rows=3336342 width=190)
	  Filter: (length(c) < 0)

for scan
table 1 : explain SELECT * from sbtest1 WHERE LENGTH(c) < 0
	Seq Scan on sbtest1  (cost=0.00..474195.05 rows=3333912 width=190)
	  Filter: (length(c) < 0)

table 2 : explain SELECT * from sbtest2 WHERE LENGTH(c) < 0
	Seq Scan on sbtest2  (cost=0.00..468117.01 rows=3329156 width=190)
	  Filter: (length(c) < 0)

table 3 : explain SELECT * from sbtest3 WHERE LENGTH(c) < 0
	Seq Scan on sbtest3  (cost=0.00..461753.27 rows=3325006 width=190)
	  Filter: (length(c) < 0)

table 4 : explain SELECT * from sbtest4 WHERE LENGTH(c) < 0
	Seq Scan on sbtest4  (cost=0.00..467886.14 rows=3328936 width=190)
	  Filter: (length(c) < 0)

table 5 : explain SELECT * from sbtest5 WHERE LENGTH(c) < 0
	Seq Scan on sbtest5  (cost=0.00..469100.37 rows=3330653 width=190)
	  Filter: (length(c) < 0)

table 6 : explain SELECT * from sbtest6 WHERE LENGTH(c) < 0
	Seq Scan on sbtest6  (cost=0.00..467010.23 rows=3328094 width=190)
	  Filter: (length(c) < 0)

table 7 : explain SELECT * from sbtest7 WHERE LENGTH(c) < 0
	Seq Scan on sbtest7  (cost=0.00..460423.92 rows=3338243 width=190)
	  Filter: (length(c) < 0)

table 8 : explain SELECT * from sbtest8 WHERE LENGTH(c) < 0
	Seq Scan on sbtest8  (cost=0.00..469373.39 rows=3336342 width=190)
	  Filter: (length(c) < 0)

for scan
table 1 : explain SELECT * from sbtest1 WHERE LENGTH(c) < 0
	Seq Scan on sbtest1  (cost=0.00..474195.05 rows=3333912 width=190)
	  Filter: (length(c) < 0)

table 2 : explain SELECT * from sbtest2 WHERE LENGTH(c) < 0
	Seq Scan on sbtest2  (cost=0.00..468117.01 rows=3329156 width=190)
	  Filter: (length(c) < 0)

table 3 : explain SELECT * from sbtest3 WHERE LENGTH(c) < 0
	Seq Scan on sbtest3  (cost=0.00..461753.27 rows=3325006 width=190)
	  Filter: (length(c) < 0)

table 4 : explain SELECT * from sbtest4 WHERE LENGTH(c) < 0
	Seq Scan on sbtest4  (cost=0.00..467886.14 rows=3328936 width=190)
	  Filter: (length(c) < 0)

table 5 : explain SELECT * from sbtest5 WHERE LENGTH(c) < 0
	Seq Scan on sbtest5  (cost=0.00..469100.37 rows=3330653 width=190)
	  Filter: (length(c) < 0)

table 6 : explain SELECT * from sbtest6 WHERE LENGTH(c) < 0
	Seq Scan on sbtest6  (cost=0.00..467010.23 rows=3328094 width=190)
	  Filter: (length(c) < 0)

table 7 : explain SELECT * from sbtest7 WHERE LENGTH(c) < 0
	Seq Scan on sbtest7  (cost=0.00..460423.92 rows=3338243 width=190)
	  Filter: (length(c) < 0)

table 8 : explain SELECT * from sbtest8 WHERE LENGTH(c) < 0
	Seq Scan on sbtest8  (cost=0.00..469373.39 rows=3336342 width=190)
	  Filter: (length(c) < 0)

for scan
table 1 : explain SELECT * from sbtest1 WHERE LENGTH(c) < 0
	Seq Scan on sbtest1  (cost=0.00..474195.05 rows=3333912 width=190)
	  Filter: (length(c) < 0)

table 2 : explain SELECT * from sbtest2 WHERE LENGTH(c) < 0
	Seq Scan on sbtest2  (cost=0.00..468117.01 rows=3329156 width=190)
	  Filter: (length(c) < 0)

table 3 : explain SELECT * from sbtest3 WHERE LENGTH(c) < 0
	Seq Scan on sbtest3  (cost=0.00..461753.27 rows=3325006 width=190)
	  Filter: (length(c) < 0)

table 4 : explain SELECT * from sbtest4 WHERE LENGTH(c) < 0
	Seq Scan on sbtest4  (cost=0.00..467886.14 rows=3328936 width=190)
	  Filter: (length(c) < 0)

table 5 : explain SELECT * from sbtest5 WHERE LENGTH(c) < 0
	Seq Scan on sbtest5  (cost=0.00..469100.37 rows=3330653 width=190)
	  Filter: (length(c) < 0)

table 6 : explain SELECT * from sbtest6 WHERE LENGTH(c) < 0
	Seq Scan on sbtest6  (cost=0.00..467010.23 rows=3328094 width=190)
	  Filter: (length(c) < 0)

table 7 : explain SELECT * from sbtest7 WHERE LENGTH(c) < 0
	Seq Scan on sbtest7  (cost=0.00..460423.92 rows=3338243 width=190)
	  Filter: (length(c) < 0)

table 8 : explain SELECT * from sbtest8 WHERE LENGTH(c) < 0
	Seq Scan on sbtest8  (cost=0.00..469373.39 rows=3336342 width=190)
	  Filter: (length(c) < 0)

for scan
table 1 : explain SELECT * from sbtest1 WHERE LENGTH(c) < 0
	Seq Scan on sbtest1  (cost=0.00..474195.05 rows=3333912 width=190)
	  Filter: (length(c) < 0)

table 2 : explain SELECT * from sbtest2 WHERE LENGTH(c) < 0
	Seq Scan on sbtest2  (cost=0.00..468117.01 rows=3329156 width=190)
	  Filter: (length(c) < 0)

table 3 : explain SELECT * from sbtest3 WHERE LENGTH(c) < 0
	Seq Scan on sbtest3  (cost=0.00..461753.27 rows=3325006 width=190)
	  Filter: (length(c) < 0)

table 4 : explain SELECT * from sbtest4 WHERE LENGTH(c) < 0
	Seq Scan on sbtest4  (cost=0.00..467886.14 rows=3328936 width=190)
	  Filter: (length(c) < 0)

table 5 : explain SELECT * from sbtest5 WHERE LENGTH(c) < 0
	Seq Scan on sbtest5  (cost=0.00..469100.37 rows=3330653 width=190)
	  Filter: (length(c) < 0)

table 6 : explain SELECT * from sbtest6 WHERE LENGTH(c) < 0
	Seq Scan on sbtest6  (cost=0.00..467010.23 rows=3328094 width=190)
	  Filter: (length(c) < 0)

table 7 : explain SELECT * from sbtest7 WHERE LENGTH(c) < 0
	Seq Scan on sbtest7  (cost=0.00..460423.92 rows=3338243 width=190)
	  Filter: (length(c) < 0)

table 8 : explain SELECT * from sbtest8 WHERE LENGTH(c) < 0
	Seq Scan on sbtest8  (cost=0.00..469373.39 rows=3336342 width=190)
	  Filter: (length(c) < 0)

for scan
table 1 : explain SELECT * from sbtest1 WHERE LENGTH(c) < 0
	Seq Scan on sbtest1  (cost=0.00..474195.05 rows=3333912 width=190)
	  Filter: (length(c) < 0)

table 2 : explain SELECT * from sbtest2 WHERE LENGTH(c) < 0
	Seq Scan on sbtest2  (cost=0.00..468117.01 rows=3329156 width=190)
	  Filter: (length(c) < 0)

table 3 : explain SELECT * from sbtest3 WHERE LENGTH(c) < 0
	Seq Scan on sbtest3  (cost=0.00..461753.27 rows=3325006 width=190)
	  Filter: (length(c) < 0)

table 4 : explain SELECT * from sbtest4 WHERE LENGTH(c) < 0
	Seq Scan on sbtest4  (cost=0.00..467886.14 rows=3328936 width=190)
	  Filter: (length(c) < 0)

table 5 : explain SELECT * from sbtest5 WHERE LENGTH(c) < 0
	Seq Scan on sbtest5  (cost=0.00..469100.37 rows=3330653 width=190)
	  Filter: (length(c) < 0)

table 6 : explain SELECT * from sbtest6 WHERE LENGTH(c) < 0
	Seq Scan on sbtest6  (cost=0.00..467010.23 rows=3328094 width=190)
	  Filter: (length(c) < 0)

table 7 : explain SELECT * from sbtest7 WHERE LENGTH(c) < 0
	Seq Scan on sbtest7  (cost=0.00..460423.92 rows=3338243 width=190)
	  Filter: (length(c) < 0)

table 8 : explain SELECT * from sbtest8 WHERE LENGTH(c) < 0
	Seq Scan on sbtest8  (cost=0.00..469373.39 rows=3336342 width=190)
	  Filter: (length(c) < 0)

for scan
table 1 : explain SELECT * from sbtest1 WHERE LENGTH(c) < 0
	Seq Scan on sbtest1  (cost=0.00..474195.05 rows=3333912 width=190)
	  Filter: (length(c) < 0)

table 2 : explain SELECT * from sbtest2 WHERE LENGTH(c) < 0
	Seq Scan on sbtest2  (cost=0.00..468117.01 rows=3329156 width=190)
	  Filter: (length(c) < 0)

table 3 : explain SELECT * from sbtest3 WHERE LENGTH(c) < 0
	Seq Scan on sbtest3  (cost=0.00..461753.27 rows=3325006 width=190)
	  Filter: (length(c) < 0)

table 4 : explain SELECT * from sbtest4 WHERE LENGTH(c) < 0
	Seq Scan on sbtest4  (cost=0.00..467886.14 rows=3328936 width=190)
	  Filter: (length(c) < 0)

table 5 : explain SELECT * from sbtest5 WHERE LENGTH(c) < 0
	Seq Scan on sbtest5  (cost=0.00..469100.37 rows=3330653 width=190)
	  Filter: (length(c) < 0)

table 6 : explain SELECT * from sbtest6 WHERE LENGTH(c) < 0
	Seq Scan on sbtest6  (cost=0.00..467010.23 rows=3328094 width=190)
	  Filter: (length(c) < 0)

table 7 : explain SELECT * from sbtest7 WHERE LENGTH(c) < 0
	Seq Scan on sbtest7  (cost=0.00..460423.92 rows=3338243 width=190)
	  Filter: (length(c) < 0)

table 8 : explain SELECT * from sbtest8 WHERE LENGTH(c) < 0
	Seq Scan on sbtest8  (cost=0.00..469373.39 rows=3336342 width=190)
	  Filter: (length(c) < 0)

for scan
table 1 : explain SELECT * from sbtest1 WHERE LENGTH(c) < 0
	Seq Scan on sbtest1  (cost=0.00..474195.05 rows=3333912 width=190)
	  Filter: (length(c) < 0)

table 2 : explain SELECT * from sbtest2 WHERE LENGTH(c) < 0
	Seq Scan on sbtest2  (cost=0.00..468117.01 rows=3329156 width=190)
	  Filter: (length(c) < 0)

table 3 : explain SELECT * from sbtest3 WHERE LENGTH(c) < 0
	Seq Scan on sbtest3  (cost=0.00..461753.27 rows=3325006 width=190)
	  Filter: (length(c) < 0)

table 4 : explain SELECT * from sbtest4 WHERE LENGTH(c) < 0
	Seq Scan on sbtest4  (cost=0.00..467886.14 rows=3328936 width=190)
	  Filter: (length(c) < 0)

table 5 : explain SELECT * from sbtest5 WHERE LENGTH(c) < 0
	Seq Scan on sbtest5  (cost=0.00..469100.37 rows=3330653 width=190)
	  Filter: (length(c) < 0)

table 6 : explain SELECT * from sbtest6 WHERE LENGTH(c) < 0
	Seq Scan on sbtest6  (cost=0.00..467010.23 rows=3328094 width=190)
	  Filter: (length(c) < 0)

table 7 : explain SELECT * from sbtest7 WHERE LENGTH(c) < 0
	Seq Scan on sbtest7  (cost=0.00..460423.92 rows=3338243 width=190)
	  Filter: (length(c) < 0)

table 8 : explain SELECT * from sbtest8 WHERE LENGTH(c) < 0
	Seq Scan on sbtest8  (cost=0.00..469373.39 rows=3336342 width=190)
	  Filter: (length(c) < 0)

for scan
table 1 : explain SELECT * from sbtest1 WHERE LENGTH(c) < 0
	Seq Scan on sbtest1  (cost=0.00..474195.05 rows=3333912 width=190)
	  Filter: (length(c) < 0)

table 2 : explain SELECT * from sbtest2 WHERE LENGTH(c) < 0
	Seq Scan on sbtest2  (cost=0.00..468117.01 rows=3329156 width=190)
	  Filter: (length(c) < 0)

table 3 : explain SELECT * from sbtest3 WHERE LENGTH(c) < 0
	Seq Scan on sbtest3  (cost=0.00..461753.27 rows=3325006 width=190)
	  Filter: (length(c) < 0)

table 4 : explain SELECT * from sbtest4 WHERE LENGTH(c) < 0
	Seq Scan on sbtest4  (cost=0.00..467886.14 rows=3328936 width=190)
	  Filter: (length(c) < 0)

table 5 : explain SELECT * from sbtest5 WHERE LENGTH(c) < 0
	Seq Scan on sbtest5  (cost=0.00..469100.37 rows=3330653 width=190)
	  Filter: (length(c) < 0)

table 6 : explain SELECT * from sbtest6 WHERE LENGTH(c) < 0
	Seq Scan on sbtest6  (cost=0.00..467010.23 rows=3328094 width=190)
	  Filter: (length(c) < 0)

table 7 : explain SELECT * from sbtest7 WHERE LENGTH(c) < 0
	Seq Scan on sbtest7  (cost=0.00..460423.92 rows=3338243 width=190)
	  Filter: (length(c) < 0)

table 8 : explain SELECT * from sbtest8 WHERE LENGTH(c) < 0
	Seq Scan on sbtest8  (cost=0.00..469373.39 rows=3336342 width=190)
	  Filter: (length(c) < 0)

for scan
table 1 : explain SELECT * from sbtest1 WHERE LENGTH(c) < 0
	Seq Scan on sbtest1  (cost=0.00..474195.05 rows=3333912 width=190)
	  Filter: (length(c) < 0)

table 2 : explain SELECT * from sbtest2 WHERE LENGTH(c) < 0
	Seq Scan on sbtest2  (cost=0.00..468117.01 rows=3329156 width=190)
	  Filter: (length(c) < 0)

table 3 : explain SELECT * from sbtest3 WHERE LENGTH(c) < 0
	Seq Scan on sbtest3  (cost=0.00..461753.27 rows=3325006 width=190)
	  Filter: (length(c) < 0)

table 4 : explain SELECT * from sbtest4 WHERE LENGTH(c) < 0
	Seq Scan on sbtest4  (cost=0.00..467886.14 rows=3328936 width=190)
	  Filter: (length(c) < 0)

table 5 : explain SELECT * from sbtest5 WHERE LENGTH(c) < 0
	Seq Scan on sbtest5  (cost=0.00..469100.37 rows=3330653 width=190)
	  Filter: (length(c) < 0)

table 6 : explain SELECT * from sbtest6 WHERE LENGTH(c) < 0
	Seq Scan on sbtest6  (cost=0.00..467010.23 rows=3328094 width=190)
	  Filter: (length(c) < 0)

table 7 : explain SELECT * from sbtest7 WHERE LENGTH(c) < 0
	Seq Scan on sbtest7  (cost=0.00..460423.92 rows=3338243 width=190)
	  Filter: (length(c) < 0)

table 8 : explain SELECT * from sbtest8 WHERE LENGTH(c) < 0
	Seq Scan on sbtest8  (cost=0.00..469373.39 rows=3336342 width=190)
	  Filter: (length(c) < 0)

for scan
table 1 : explain SELECT * from sbtest1 WHERE LENGTH(c) < 0
	Seq Scan on sbtest1  (cost=0.00..474195.05 rows=3333912 width=190)
	  Filter: (length(c) < 0)

table 2 : explain SELECT * from sbtest2 WHERE LENGTH(c) < 0
	Seq Scan on sbtest2  (cost=0.00..468117.01 rows=3329156 width=190)
	  Filter: (length(c) < 0)

table 3 : explain SELECT * from sbtest3 WHERE LENGTH(c) < 0
	Seq Scan on sbtest3  (cost=0.00..461753.27 rows=3325006 width=190)
	  Filter: (length(c) < 0)

table 4 : explain SELECT * from sbtest4 WHERE LENGTH(c) < 0
	Seq Scan on sbtest4  (cost=0.00..467886.14 rows=3328936 width=190)
	  Filter: (length(c) < 0)

table 5 : explain SELECT * from sbtest5 WHERE LENGTH(c) < 0
	Seq Scan on sbtest5  (cost=0.00..469100.37 rows=3330653 width=190)
	  Filter: (length(c) < 0)

table 6 : explain SELECT * from sbtest6 WHERE LENGTH(c) < 0
	Seq Scan on sbtest6  (cost=0.00..467010.23 rows=3328094 width=190)
	  Filter: (length(c) < 0)

table 7 : explain SELECT * from sbtest7 WHERE LENGTH(c) < 0
	Seq Scan on sbtest7  (cost=0.00..460423.92 rows=3338243 width=190)
	  Filter: (length(c) < 0)

table 8 : explain SELECT * from sbtest8 WHERE LENGTH(c) < 0
	Seq Scan on sbtest8  (cost=0.00..469373.39 rows=3336342 width=190)
	  Filter: (length(c) < 0)

for scan
table 1 : explain SELECT * from sbtest1 WHERE LENGTH(c) < 0
	Seq Scan on sbtest1  (cost=0.00..474195.05 rows=3333912 width=190)
	  Filter: (length(c) < 0)

table 2 : explain SELECT * from sbtest2 WHERE LENGTH(c) < 0
	Seq Scan on sbtest2  (cost=0.00..468117.01 rows=3329156 width=190)
	  Filter: (length(c) < 0)

table 3 : explain SELECT * from sbtest3 WHERE LENGTH(c) < 0
	Seq Scan on sbtest3  (cost=0.00..461753.27 rows=3325006 width=190)
	  Filter: (length(c) < 0)

table 4 : explain SELECT * from sbtest4 WHERE LENGTH(c) < 0
	Seq Scan on sbtest4  (cost=0.00..467886.14 rows=3328936 width=190)
	  Filter: (length(c) < 0)

table 5 : explain SELECT * from sbtest5 WHERE LENGTH(c) < 0
	Seq Scan on sbtest5  (cost=0.00..469100.37 rows=3330653 width=190)
	  Filter: (length(c) < 0)

table 6 : explain SELECT * from sbtest6 WHERE LENGTH(c) < 0
	Seq Scan on sbtest6  (cost=0.00..467010.23 rows=3328094 width=190)
	  Filter: (length(c) < 0)

table 7 : explain SELECT * from sbtest7 WHERE LENGTH(c) < 0
	Seq Scan on sbtest7  (cost=0.00..460423.92 rows=3338243 width=190)
	  Filter: (length(c) < 0)

table 8 : explain SELECT * from sbtest8 WHERE LENGTH(c) < 0
	Seq Scan on sbtest8  (cost=0.00..469373.39 rows=3336342 width=190)
	  Filter: (length(c) < 0)

for scan
table 1 : explain SELECT * from sbtest1 WHERE LENGTH(c) < 0
	Seq Scan on sbtest1  (cost=0.00..474195.05 rows=3333912 width=190)
	  Filter: (length(c) < 0)

table 2 : explain SELECT * from sbtest2 WHERE LENGTH(c) < 0
	Seq Scan on sbtest2  (cost=0.00..468117.01 rows=3329156 width=190)
	  Filter: (length(c) < 0)

table 3 : explain SELECT * from sbtest3 WHERE LENGTH(c) < 0
	Seq Scan on sbtest3  (cost=0.00..461753.27 rows=3325006 width=190)
	  Filter: (length(c) < 0)

table 4 : explain SELECT * from sbtest4 WHERE LENGTH(c) < 0
	Seq Scan on sbtest4  (cost=0.00..467886.14 rows=3328936 width=190)
	  Filter: (length(c) < 0)

table 5 : explain SELECT * from sbtest5 WHERE LENGTH(c) < 0
	Seq Scan on sbtest5  (cost=0.00..469100.37 rows=3330653 width=190)
	  Filter: (length(c) < 0)

table 6 : explain SELECT * from sbtest6 WHERE LENGTH(c) < 0
	Seq Scan on sbtest6  (cost=0.00..467010.23 rows=3328094 width=190)
	  Filter: (length(c) < 0)

table 7 : explain SELECT * from sbtest7 WHERE LENGTH(c) < 0
	Seq Scan on sbtest7  (cost=0.00..460423.92 rows=3338243 width=190)
	  Filter: (length(c) < 0)

table 8 : explain SELECT * from sbtest8 WHERE LENGTH(c) < 0
	Seq Scan on sbtest8  (cost=0.00..469373.39 rows=3336342 width=190)
	  Filter: (length(c) < 0)

for scan
table 1 : explain SELECT * from sbtest1 WHERE LENGTH(c) < 0
	Seq Scan on sbtest1  (cost=0.00..474195.05 rows=3333912 width=190)
	  Filter: (length(c) < 0)

table 2 : explain SELECT * from sbtest2 WHERE LENGTH(c) < 0
	Seq Scan on sbtest2  (cost=0.00..468117.01 rows=3329156 width=190)
	  Filter: (length(c) < 0)

table 3 : explain SELECT * from sbtest3 WHERE LENGTH(c) < 0
	Seq Scan on sbtest3  (cost=0.00..461753.27 rows=3325006 width=190)
	  Filter: (length(c) < 0)

table 4 : explain SELECT * from sbtest4 WHERE LENGTH(c) < 0
	Seq Scan on sbtest4  (cost=0.00..467886.14 rows=3328936 width=190)
	  Filter: (length(c) < 0)

table 5 : explain SELECT * from sbtest5 WHERE LENGTH(c) < 0
	Seq Scan on sbtest5  (cost=0.00..469100.37 rows=3330653 width=190)
	  Filter: (length(c) < 0)

table 6 : explain SELECT * from sbtest6 WHERE LENGTH(c) < 0
	Seq Scan on sbtest6  (cost=0.00..467010.23 rows=3328094 width=190)
	  Filter: (length(c) < 0)

table 7 : explain SELECT * from sbtest7 WHERE LENGTH(c) < 0
	Seq Scan on sbtest7  (cost=0.00..460423.92 rows=3338243 width=190)
	  Filter: (length(c) < 0)

table 8 : explain SELECT * from sbtest8 WHERE LENGTH(c) < 0
	Seq Scan on sbtest8  (cost=0.00..469373.39 rows=3336342 width=190)
	  Filter: (length(c) < 0)

for scan
table 1 : explain SELECT * from sbtest1 WHERE LENGTH(c) < 0
	Seq Scan on sbtest1  (cost=0.00..474195.05 rows=3333912 width=190)
	  Filter: (length(c) < 0)

table 2 : explain SELECT * from sbtest2 WHERE LENGTH(c) < 0
	Seq Scan on sbtest2  (cost=0.00..468117.01 rows=3329156 width=190)
	  Filter: (length(c) < 0)

table 3 : explain SELECT * from sbtest3 WHERE LENGTH(c) < 0
	Seq Scan on sbtest3  (cost=0.00..461753.27 rows=3325006 width=190)
	  Filter: (length(c) < 0)

table 4 : explain SELECT * from sbtest4 WHERE LENGTH(c) < 0
	Seq Scan on sbtest4  (cost=0.00..467886.14 rows=3328936 width=190)
	  Filter: (length(c) < 0)

table 5 : explain SELECT * from sbtest5 WHERE LENGTH(c) < 0
	Seq Scan on sbtest5  (cost=0.00..469100.37 rows=3330653 width=190)
	  Filter: (length(c) < 0)

table 6 : explain SELECT * from sbtest6 WHERE LENGTH(c) < 0
	Seq Scan on sbtest6  (cost=0.00..467010.23 rows=3328094 width=190)
	  Filter: (length(c) < 0)

table 7 : explain SELECT * from sbtest7 WHERE LENGTH(c) < 0
	Seq Scan on sbtest7  (cost=0.00..460423.92 rows=3338243 width=190)
	  Filter: (length(c) < 0)

table 8 : explain SELECT * from sbtest8 WHERE LENGTH(c) < 0
	Seq Scan on sbtest8  (cost=0.00..469373.39 rows=3336342 width=190)
	  Filter: (length(c) < 0)

for scan
table 1 : explain SELECT * from sbtest1 WHERE LENGTH(c) < 0
	Seq Scan on sbtest1  (cost=0.00..474195.05 rows=3333912 width=190)
	  Filter: (length(c) < 0)

table 2 : explain SELECT * from sbtest2 WHERE LENGTH(c) < 0
	Seq Scan on sbtest2  (cost=0.00..468117.01 rows=3329156 width=190)
	  Filter: (length(c) < 0)

table 3 : explain SELECT * from sbtest3 WHERE LENGTH(c) < 0
	Seq Scan on sbtest3  (cost=0.00..461753.27 rows=3325006 width=190)
	  Filter: (length(c) < 0)

table 4 : explain SELECT * from sbtest4 WHERE LENGTH(c) < 0
	Seq Scan on sbtest4  (cost=0.00..467886.14 rows=3328936 width=190)
	  Filter: (length(c) < 0)

table 5 : explain SELECT * from sbtest5 WHERE LENGTH(c) < 0
	Seq Scan on sbtest5  (cost=0.00..469100.37 rows=3330653 width=190)
	  Filter: (length(c) < 0)

table 6 : explain SELECT * from sbtest6 WHERE LENGTH(c) < 0
	Seq Scan on sbtest6  (cost=0.00..467010.23 rows=3328094 width=190)
	  Filter: (length(c) < 0)

table 7 : explain SELECT * from sbtest7 WHERE LENGTH(c) < 0
	Seq Scan on sbtest7  (cost=0.00..460423.92 rows=3338243 width=190)
	  Filter: (length(c) < 0)

table 8 : explain SELECT * from sbtest8 WHERE LENGTH(c) < 0
	Seq Scan on sbtest8  (cost=0.00..469373.39 rows=3336342 width=190)
	  Filter: (length(c) < 0)

for scan
table 1 : explain SELECT * from sbtest1 WHERE LENGTH(c) < 0
	Seq Scan on sbtest1  (cost=0.00..474195.05 rows=3333912 width=190)
	  Filter: (length(c) < 0)

table 2 : explain SELECT * from sbtest2 WHERE LENGTH(c) < 0
	Seq Scan on sbtest2  (cost=0.00..468117.01 rows=3329156 width=190)
	  Filter: (length(c) < 0)

table 3 : explain SELECT * from sbtest3 WHERE LENGTH(c) < 0
	Seq Scan on sbtest3  (cost=0.00..461753.27 rows=3325006 width=190)
	  Filter: (length(c) < 0)

table 4 : explain SELECT * from sbtest4 WHERE LENGTH(c) < 0
	Seq Scan on sbtest4  (cost=0.00..467886.14 rows=3328936 width=190)
	  Filter: (length(c) < 0)

table 5 : explain SELECT * from sbtest5 WHERE LENGTH(c) < 0
	Seq Scan on sbtest5  (cost=0.00..469100.37 rows=3330653 width=190)
	  Filter: (length(c) < 0)

table 6 : explain SELECT * from sbtest6 WHERE LENGTH(c) < 0
	Seq Scan on sbtest6  (cost=0.00..467010.23 rows=3328094 width=190)
	  Filter: (length(c) < 0)

table 7 : explain SELECT * from sbtest7 WHERE LENGTH(c) < 0
	Seq Scan on sbtest7  (cost=0.00..460423.92 rows=3338243 width=190)
	  Filter: (length(c) < 0)

table 8 : explain SELECT * from sbtest8 WHERE LENGTH(c) < 0
	Seq Scan on sbtest8  (cost=0.00..469373.39 rows=3336342 width=190)
	  Filter: (length(c) < 0)

for scan
table 1 : explain SELECT * from sbtest1 WHERE LENGTH(c) < 0
	Seq Scan on sbtest1  (cost=0.00..474195.05 rows=3333912 width=190)
	  Filter: (length(c) < 0)

table 2 : explain SELECT * from sbtest2 WHERE LENGTH(c) < 0
	Seq Scan on sbtest2  (cost=0.00..468117.01 rows=3329156 width=190)
	  Filter: (length(c) < 0)

table 3 : explain SELECT * from sbtest3 WHERE LENGTH(c) < 0
	Seq Scan on sbtest3  (cost=0.00..461753.27 rows=3325006 width=190)
	  Filter: (length(c) < 0)

table 4 : explain SELECT * from sbtest4 WHERE LENGTH(c) < 0
	Seq Scan on sbtest4  (cost=0.00..467886.14 rows=3328936 width=190)
	  Filter: (length(c) < 0)

table 5 : explain SELECT * from sbtest5 WHERE LENGTH(c) < 0
	Seq Scan on sbtest5  (cost=0.00..469100.37 rows=3330653 width=190)
	  Filter: (length(c) < 0)

table 6 : explain SELECT * from sbtest6 WHERE LENGTH(c) < 0
	Seq Scan on sbtest6  (cost=0.00..467010.23 rows=3328094 width=190)
	  Filter: (length(c) < 0)

table 7 : explain SELECT * from sbtest7 WHERE LENGTH(c) < 0
	Seq Scan on sbtest7  (cost=0.00..460423.92 rows=3338243 width=190)
	  Filter: (length(c) < 0)

table 8 : explain SELECT * from sbtest8 WHERE LENGTH(c) < 0
	Seq Scan on sbtest8  (cost=0.00..469373.39 rows=3336342 width=190)
	  Filter: (length(c) < 0)

for scan
table 1 : explain SELECT * from sbtest1 WHERE LENGTH(c) < 0
	Seq Scan on sbtest1  (cost=0.00..474195.05 rows=3333912 width=190)
	  Filter: (length(c) < 0)

table 2 : explain SELECT * from sbtest2 WHERE LENGTH(c) < 0
	Seq Scan on sbtest2  (cost=0.00..468117.01 rows=3329156 width=190)
	  Filter: (length(c) < 0)

table 3 : explain SELECT * from sbtest3 WHERE LENGTH(c) < 0
	Seq Scan on sbtest3  (cost=0.00..461753.27 rows=3325006 width=190)
	  Filter: (length(c) < 0)

table 4 : explain SELECT * from sbtest4 WHERE LENGTH(c) < 0
	Seq Scan on sbtest4  (cost=0.00..467886.14 rows=3328936 width=190)
	  Filter: (length(c) < 0)

table 5 : explain SELECT * from sbtest5 WHERE LENGTH(c) < 0
	Seq Scan on sbtest5  (cost=0.00..469100.37 rows=3330653 width=190)
	  Filter: (length(c) < 0)

table 6 : explain SELECT * from sbtest6 WHERE LENGTH(c) < 0
	Seq Scan on sbtest6  (cost=0.00..467010.23 rows=3328094 width=190)
	  Filter: (length(c) < 0)

table 7 : explain SELECT * from sbtest7 WHERE LENGTH(c) < 0
	Seq Scan on sbtest7  (cost=0.00..460423.92 rows=3338243 width=190)
	  Filter: (length(c) < 0)

table 8 : explain SELECT * from sbtest8 WHERE LENGTH(c) < 0
	Seq Scan on sbtest8  (cost=0.00..469373.39 rows=3336342 width=190)
	  Filter: (length(c) < 0)

for scan
table 1 : explain SELECT * from sbtest1 WHERE LENGTH(c) < 0
	Seq Scan on sbtest1  (cost=0.00..474195.05 rows=3333912 width=190)
	  Filter: (length(c) < 0)

table 2 : explain SELECT * from sbtest2 WHERE LENGTH(c) < 0
	Seq Scan on sbtest2  (cost=0.00..468117.01 rows=3329156 width=190)
	  Filter: (length(c) < 0)

table 3 : explain SELECT * from sbtest3 WHERE LENGTH(c) < 0
	Seq Scan on sbtest3  (cost=0.00..461753.27 rows=3325006 width=190)
	  Filter: (length(c) < 0)

table 4 : explain SELECT * from sbtest4 WHERE LENGTH(c) < 0
	Seq Scan on sbtest4  (cost=0.00..467886.14 rows=3328936 width=190)
	  Filter: (length(c) < 0)

table 5 : explain SELECT * from sbtest5 WHERE LENGTH(c) < 0
	Seq Scan on sbtest5  (cost=0.00..469100.37 rows=3330653 width=190)
	  Filter: (length(c) < 0)

table 6 : explain SELECT * from sbtest6 WHERE LENGTH(c) < 0
	Seq Scan on sbtest6  (cost=0.00..467010.23 rows=3328094 width=190)
	  Filter: (length(c) < 0)

table 7 : explain SELECT * from sbtest7 WHERE LENGTH(c) < 0
	Seq Scan on sbtest7  (cost=0.00..460423.92 rows=3338243 width=190)
	  Filter: (length(c) < 0)

table 8 : explain SELECT * from sbtest8 WHERE LENGTH(c) < 0
	Seq Scan on sbtest8  (cost=0.00..469373.39 rows=3336342 width=190)
	  Filter: (length(c) < 0)

for scan
table 1 : explain SELECT * from sbtest1 WHERE LENGTH(c) < 0
	Seq Scan on sbtest1  (cost=0.00..474195.05 rows=3333912 width=190)
	  Filter: (length(c) < 0)

table 2 : explain SELECT * from sbtest2 WHERE LENGTH(c) < 0
	Seq Scan on sbtest2  (cost=0.00..468117.01 rows=3329156 width=190)
	  Filter: (length(c) < 0)

table 3 : explain SELECT * from sbtest3 WHERE LENGTH(c) < 0
	Seq Scan on sbtest3  (cost=0.00..461753.27 rows=3325006 width=190)
	  Filter: (length(c) < 0)

table 4 : explain SELECT * from sbtest4 WHERE LENGTH(c) < 0
	Seq Scan on sbtest4  (cost=0.00..467886.14 rows=3328936 width=190)
	  Filter: (length(c) < 0)

table 5 : explain SELECT * from sbtest5 WHERE LENGTH(c) < 0
	Seq Scan on sbtest5  (cost=0.00..469100.37 rows=3330653 width=190)
	  Filter: (length(c) < 0)

table 6 : explain SELECT * from sbtest6 WHERE LENGTH(c) < 0
	Seq Scan on sbtest6  (cost=0.00..467010.23 rows=3328094 width=190)
	  Filter: (length(c) < 0)

table 7 : explain SELECT * from sbtest7 WHERE LENGTH(c) < 0
	Seq Scan on sbtest7  (cost=0.00..460423.92 rows=3338243 width=190)
	  Filter: (length(c) < 0)

table 8 : explain SELECT * from sbtest8 WHERE LENGTH(c) < 0
	Seq Scan on sbtest8  (cost=0.00..469373.39 rows=3336342 width=190)
	  Filter: (length(c) < 0)

for scan
table 1 : explain SELECT * from sbtest1 WHERE LENGTH(c) < 0
	Seq Scan on sbtest1  (cost=0.00..474195.05 rows=3333912 width=190)
	  Filter: (length(c) < 0)

table 2 : explain SELECT * from sbtest2 WHERE LENGTH(c) < 0
	Seq Scan on sbtest2  (cost=0.00..468117.01 rows=3329156 width=190)
	  Filter: (length(c) < 0)

table 3 : explain SELECT * from sbtest3 WHERE LENGTH(c) < 0
	Seq Scan on sbtest3  (cost=0.00..461753.27 rows=3325006 width=190)
	  Filter: (length(c) < 0)

table 4 : explain SELECT * from sbtest4 WHERE LENGTH(c) < 0
	Seq Scan on sbtest4  (cost=0.00..467886.14 rows=3328936 width=190)
	  Filter: (length(c) < 0)

table 5 : explain SELECT * from sbtest5 WHERE LENGTH(c) < 0
	Seq Scan on sbtest5  (cost=0.00..469100.37 rows=3330653 width=190)
	  Filter: (length(c) < 0)

table 6 : explain SELECT * from sbtest6 WHERE LENGTH(c) < 0
	Seq Scan on sbtest6  (cost=0.00..467010.23 rows=3328094 width=190)
	  Filter: (length(c) < 0)

table 7 : explain SELECT * from sbtest7 WHERE LENGTH(c) < 0
	Seq Scan on sbtest7  (cost=0.00..460423.92 rows=3338243 width=190)
	  Filter: (length(c) < 0)

table 8 : explain SELECT * from sbtest8 WHERE LENGTH(c) < 0
	Seq Scan on sbtest8  (cost=0.00..469373.39 rows=3336342 width=190)
	  Filter: (length(c) < 0)

for scan
table 1 : explain SELECT * from sbtest1 WHERE LENGTH(c) < 0
	Seq Scan on sbtest1  (cost=0.00..474195.05 rows=3333912 width=190)
	  Filter: (length(c) < 0)

table 2 : explain SELECT * from sbtest2 WHERE LENGTH(c) < 0
	Seq Scan on sbtest2  (cost=0.00..468117.01 rows=3329156 width=190)
	  Filter: (length(c) < 0)

table 3 : explain SELECT * from sbtest3 WHERE LENGTH(c) < 0
	Seq Scan on sbtest3  (cost=0.00..461753.27 rows=3325006 width=190)
	  Filter: (length(c) < 0)

table 4 : explain SELECT * from sbtest4 WHERE LENGTH(c) < 0
	Seq Scan on sbtest4  (cost=0.00..467886.14 rows=3328936 width=190)
	  Filter: (length(c) < 0)

table 5 : explain SELECT * from sbtest5 WHERE LENGTH(c) < 0
	Seq Scan on sbtest5  (cost=0.00..469100.37 rows=3330653 width=190)
	  Filter: (length(c) < 0)

table 6 : explain SELECT * from sbtest6 WHERE LENGTH(c) < 0
	Seq Scan on sbtest6  (cost=0.00..467010.23 rows=3328094 width=190)
	  Filter: (length(c) < 0)

table 7 : explain SELECT * from sbtest7 WHERE LENGTH(c) < 0
	Seq Scan on sbtest7  (cost=0.00..460423.92 rows=3338243 width=190)
	  Filter: (length(c) < 0)

table 8 : explain SELECT * from sbtest8 WHERE LENGTH(c) < 0
	Seq Scan on sbtest8  (cost=0.00..469373.39 rows=3336342 width=190)
	  Filter: (length(c) < 0)

for scan
table 1 : explain SELECT * from sbtest1 WHERE LENGTH(c) < 0
	Seq Scan on sbtest1  (cost=0.00..474195.05 rows=3333912 width=190)
	  Filter: (length(c) < 0)

table 2 : explain SELECT * from sbtest2 WHERE LENGTH(c) < 0
	Seq Scan on sbtest2  (cost=0.00..468117.01 rows=3329156 width=190)
	  Filter: (length(c) < 0)

table 3 : explain SELECT * from sbtest3 WHERE LENGTH(c) < 0
	Seq Scan on sbtest3  (cost=0.00..461753.27 rows=3325006 width=190)
	  Filter: (length(c) < 0)

table 4 : explain SELECT * from sbtest4 WHERE LENGTH(c) < 0
	Seq Scan on sbtest4  (cost=0.00..467886.14 rows=3328936 width=190)
	  Filter: (length(c) < 0)

table 5 : explain SELECT * from sbtest5 WHERE LENGTH(c) < 0
	Seq Scan on sbtest5  (cost=0.00..469100.37 rows=3330653 width=190)
	  Filter: (length(c) < 0)

table 6 : explain SELECT * from sbtest6 WHERE LENGTH(c) < 0
	Seq Scan on sbtest6  (cost=0.00..467010.23 rows=3328094 width=190)
	  Filter: (length(c) < 0)

table 7 : explain SELECT * from sbtest7 WHERE LENGTH(c) < 0
	Seq Scan on sbtest7  (cost=0.00..460423.92 rows=3338243 width=190)
	  Filter: (length(c) < 0)

table 8 : explain SELECT * from sbtest8 WHERE LENGTH(c) < 0
	Seq Scan on sbtest8  (cost=0.00..469373.39 rows=3336342 width=190)
	  Filter: (length(c) < 0)

for scan
table 1 : explain SELECT * from sbtest1 WHERE LENGTH(c) < 0
	Seq Scan on sbtest1  (cost=0.00..474195.05 rows=3333912 width=190)
	  Filter: (length(c) < 0)

table 2 : explain SELECT * from sbtest2 WHERE LENGTH(c) < 0
	Seq Scan on sbtest2  (cost=0.00..468117.01 rows=3329156 width=190)
	  Filter: (length(c) < 0)

table 3 : explain SELECT * from sbtest3 WHERE LENGTH(c) < 0
	Seq Scan on sbtest3  (cost=0.00..461753.27 rows=3325006 width=190)
	  Filter: (length(c) < 0)

table 4 : explain SELECT * from sbtest4 WHERE LENGTH(c) < 0
	Seq Scan on sbtest4  (cost=0.00..467886.14 rows=3328936 width=190)
	  Filter: (length(c) < 0)

table 5 : explain SELECT * from sbtest5 WHERE LENGTH(c) < 0
	Seq Scan on sbtest5  (cost=0.00..469100.37 rows=3330653 width=190)
	  Filter: (length(c) < 0)

table 6 : explain SELECT * from sbtest6 WHERE LENGTH(c) < 0
	Seq Scan on sbtest6  (cost=0.00..467010.23 rows=3328094 width=190)
	  Filter: (length(c) < 0)

table 7 : explain SELECT * from sbtest7 WHERE LENGTH(c) < 0
	Seq Scan on sbtest7  (cost=0.00..460423.92 rows=3338243 width=190)
	  Filter: (length(c) < 0)

table 8 : explain SELECT * from sbtest8 WHERE LENGTH(c) < 0
	Seq Scan on sbtest8  (cost=0.00..469373.39 rows=3336342 width=190)
	  Filter: (length(c) < 0)

for scan
table 1 : explain SELECT * from sbtest1 WHERE LENGTH(c) < 0
	Seq Scan on sbtest1  (cost=0.00..474195.05 rows=3333912 width=190)
	  Filter: (length(c) < 0)

table 2 : explain SELECT * from sbtest2 WHERE LENGTH(c) < 0
	Seq Scan on sbtest2  (cost=0.00..468117.01 rows=3329156 width=190)
	  Filter: (length(c) < 0)

table 3 : explain SELECT * from sbtest3 WHERE LENGTH(c) < 0
	Seq Scan on sbtest3  (cost=0.00..461753.27 rows=3325006 width=190)
	  Filter: (length(c) < 0)

table 4 : explain SELECT * from sbtest4 WHERE LENGTH(c) < 0
	Seq Scan on sbtest4  (cost=0.00..467886.14 rows=3328936 width=190)
	  Filter: (length(c) < 0)

table 5 : explain SELECT * from sbtest5 WHERE LENGTH(c) < 0
	Seq Scan on sbtest5  (cost=0.00..469100.37 rows=3330653 width=190)
	  Filter: (length(c) < 0)

table 6 : explain SELECT * from sbtest6 WHERE LENGTH(c) < 0
	Seq Scan on sbtest6  (cost=0.00..467010.23 rows=3328094 width=190)
	  Filter: (length(c) < 0)

table 7 : explain SELECT * from sbtest7 WHERE LENGTH(c) < 0
	Seq Scan on sbtest7  (cost=0.00..460423.92 rows=3338243 width=190)
	  Filter: (length(c) < 0)

table 8 : explain SELECT * from sbtest8 WHERE LENGTH(c) < 0
	Seq Scan on sbtest8  (cost=0.00..469373.39 rows=3336342 width=190)
	  Filter: (length(c) < 0)

for scan
table 1 : explain SELECT * from sbtest1 WHERE LENGTH(c) < 0
	Seq Scan on sbtest1  (cost=0.00..474195.05 rows=3333912 width=190)
	  Filter: (length(c) < 0)

table 2 : explain SELECT * from sbtest2 WHERE LENGTH(c) < 0
	Seq Scan on sbtest2  (cost=0.00..468117.01 rows=3329156 width=190)
	  Filter: (length(c) < 0)

table 3 : explain SELECT * from sbtest3 WHERE LENGTH(c) < 0
	Seq Scan on sbtest3  (cost=0.00..461753.27 rows=3325006 width=190)
	  Filter: (length(c) < 0)

table 4 : explain SELECT * from sbtest4 WHERE LENGTH(c) < 0
	Seq Scan on sbtest4  (cost=0.00..467886.14 rows=3328936 width=190)
	  Filter: (length(c) < 0)

table 5 : explain SELECT * from sbtest5 WHERE LENGTH(c) < 0
	Seq Scan on sbtest5  (cost=0.00..469100.37 rows=3330653 width=190)
	  Filter: (length(c) < 0)

table 6 : explain SELECT * from sbtest6 WHERE LENGTH(c) < 0
	Seq Scan on sbtest6  (cost=0.00..467010.23 rows=3328094 width=190)
	  Filter: (length(c) < 0)

table 7 : explain SELECT * from sbtest7 WHERE LENGTH(c) < 0
	Seq Scan on sbtest7  (cost=0.00..460423.92 rows=3338243 width=190)
	  Filter: (length(c) < 0)

table 8 : explain SELECT * from sbtest8 WHERE LENGTH(c) < 0
	Seq Scan on sbtest8  (cost=0.00..469373.39 rows=3336342 width=190)
	  Filter: (length(c) < 0)

for scan
table 1 : explain SELECT * from sbtest1 WHERE LENGTH(c) < 0
	Seq Scan on sbtest1  (cost=0.00..474195.05 rows=3333912 width=190)
	  Filter: (length(c) < 0)

table 2 : explain SELECT * from sbtest2 WHERE LENGTH(c) < 0
	Seq Scan on sbtest2  (cost=0.00..468117.01 rows=3329156 width=190)
	  Filter: (length(c) < 0)

table 3 : explain SELECT * from sbtest3 WHERE LENGTH(c) < 0
	Seq Scan on sbtest3  (cost=0.00..461753.27 rows=3325006 width=190)
	  Filter: (length(c) < 0)

table 4 : explain SELECT * from sbtest4 WHERE LENGTH(c) < 0
	Seq Scan on sbtest4  (cost=0.00..467886.14 rows=3328936 width=190)
	  Filter: (length(c) < 0)

table 5 : explain SELECT * from sbtest5 WHERE LENGTH(c) < 0
	Seq Scan on sbtest5  (cost=0.00..469100.37 rows=3330653 width=190)
	  Filter: (length(c) < 0)

table 6 : explain SELECT * from sbtest6 WHERE LENGTH(c) < 0
	Seq Scan on sbtest6  (cost=0.00..467010.23 rows=3328094 width=190)
	  Filter: (length(c) < 0)

table 7 : explain SELECT * from sbtest7 WHERE LENGTH(c) < 0
	Seq Scan on sbtest7  (cost=0.00..460423.92 rows=3338243 width=190)
	  Filter: (length(c) < 0)

table 8 : explain SELECT * from sbtest8 WHERE LENGTH(c) < 0
	Seq Scan on sbtest8  (cost=0.00..469373.39 rows=3336342 width=190)
	  Filter: (length(c) < 0)

for scan
table 1 : explain SELECT * from sbtest1 WHERE LENGTH(c) < 0
	Seq Scan on sbtest1  (cost=0.00..474195.05 rows=3333912 width=190)
	  Filter: (length(c) < 0)

table 2 : explain SELECT * from sbtest2 WHERE LENGTH(c) < 0
	Seq Scan on sbtest2  (cost=0.00..468117.01 rows=3329156 width=190)
	  Filter: (length(c) < 0)

table 3 : explain SELECT * from sbtest3 WHERE LENGTH(c) < 0
	Seq Scan on sbtest3  (cost=0.00..461753.27 rows=3325006 width=190)
	  Filter: (length(c) < 0)

table 4 : explain SELECT * from sbtest4 WHERE LENGTH(c) < 0
	Seq Scan on sbtest4  (cost=0.00..467886.14 rows=3328936 width=190)
	  Filter: (length(c) < 0)

table 5 : explain SELECT * from sbtest5 WHERE LENGTH(c) < 0
	Seq Scan on sbtest5  (cost=0.00..469100.37 rows=3330653 width=190)
	  Filter: (length(c) < 0)

table 6 : explain SELECT * from sbtest6 WHERE LENGTH(c) < 0
	Seq Scan on sbtest6  (cost=0.00..467010.23 rows=3328094 width=190)
	  Filter: (length(c) < 0)

table 7 : explain SELECT * from sbtest7 WHERE LENGTH(c) < 0
	Seq Scan on sbtest7  (cost=0.00..460423.92 rows=3338243 width=190)
	  Filter: (length(c) < 0)

table 8 : explain SELECT * from sbtest8 WHERE LENGTH(c) < 0
	Seq Scan on sbtest8  (cost=0.00..469373.39 rows=3336342 width=190)
	  Filter: (length(c) < 0)

for scan
table 1 : explain SELECT * from sbtest1 WHERE LENGTH(c) < 0
	Seq Scan on sbtest1  (cost=0.00..474195.05 rows=3333912 width=190)
	  Filter: (length(c) < 0)

table 2 : explain SELECT * from sbtest2 WHERE LENGTH(c) < 0
	Seq Scan on sbtest2  (cost=0.00..468117.01 rows=3329156 width=190)
	  Filter: (length(c) < 0)

table 3 : explain SELECT * from sbtest3 WHERE LENGTH(c) < 0
	Seq Scan on sbtest3  (cost=0.00..461753.27 rows=3325006 width=190)
	  Filter: (length(c) < 0)

table 4 : explain SELECT * from sbtest4 WHERE LENGTH(c) < 0
	Seq Scan on sbtest4  (cost=0.00..467886.14 rows=3328936 width=190)
	  Filter: (length(c) < 0)

table 5 : explain SELECT * from sbtest5 WHERE LENGTH(c) < 0
	Seq Scan on sbtest5  (cost=0.00..469100.37 rows=3330653 width=190)
	  Filter: (length(c) < 0)

table 6 : explain SELECT * from sbtest6 WHERE LENGTH(c) < 0
	Seq Scan on sbtest6  (cost=0.00..467010.23 rows=3328094 width=190)
	  Filter: (length(c) < 0)

table 7 : explain SELECT * from sbtest7 WHERE LENGTH(c) < 0
	Seq Scan on sbtest7  (cost=0.00..460423.92 rows=3338243 width=190)
	  Filter: (length(c) < 0)

table 8 : explain SELECT * from sbtest8 WHERE LENGTH(c) < 0
	Seq Scan on sbtest8  (cost=0.00..469373.39 rows=3336342 width=190)
	  Filter: (length(c) < 0)

for scan
table 1 : explain SELECT * from sbtest1 WHERE LENGTH(c) < 0
	Seq Scan on sbtest1  (cost=0.00..474195.05 rows=3333912 width=190)
	  Filter: (length(c) < 0)

table 2 : explain SELECT * from sbtest2 WHERE LENGTH(c) < 0
	Seq Scan on sbtest2  (cost=0.00..468117.01 rows=3329156 width=190)
	  Filter: (length(c) < 0)

table 3 : explain SELECT * from sbtest3 WHERE LENGTH(c) < 0
	Seq Scan on sbtest3  (cost=0.00..461753.27 rows=3325006 width=190)
	  Filter: (length(c) < 0)

table 4 : explain SELECT * from sbtest4 WHERE LENGTH(c) < 0
	Seq Scan on sbtest4  (cost=0.00..467886.14 rows=3328936 width=190)
	  Filter: (length(c) < 0)

table 5 : explain SELECT * from sbtest5 WHERE LENGTH(c) < 0
	Seq Scan on sbtest5  (cost=0.00..469100.37 rows=3330653 width=190)
	  Filter: (length(c) < 0)

table 6 : explain SELECT * from sbtest6 WHERE LENGTH(c) < 0
	Seq Scan on sbtest6  (cost=0.00..467010.23 rows=3328094 width=190)
	  Filter: (length(c) < 0)

table 7 : explain SELECT * from sbtest7 WHERE LENGTH(c) < 0
	Seq Scan on sbtest7  (cost=0.00..460423.92 rows=3338243 width=190)
	  Filter: (length(c) < 0)

table 8 : explain SELECT * from sbtest8 WHERE LENGTH(c) < 0
	Seq Scan on sbtest8  (cost=0.00..469373.39 rows=3336342 width=190)
	  Filter: (length(c) < 0)

for scan
table 1 : explain SELECT * from sbtest1 WHERE LENGTH(c) < 0
	Seq Scan on sbtest1  (cost=0.00..474195.05 rows=3333912 width=190)
	  Filter: (length(c) < 0)

table 2 : explain SELECT * from sbtest2 WHERE LENGTH(c) < 0
	Seq Scan on sbtest2  (cost=0.00..468117.01 rows=3329156 width=190)
	  Filter: (length(c) < 0)

table 3 : explain SELECT * from sbtest3 WHERE LENGTH(c) < 0
	Seq Scan on sbtest3  (cost=0.00..461753.27 rows=3325006 width=190)
	  Filter: (length(c) < 0)

table 4 : explain SELECT * from sbtest4 WHERE LENGTH(c) < 0
	Seq Scan on sbtest4  (cost=0.00..467886.14 rows=3328936 width=190)
	  Filter: (length(c) < 0)

table 5 : explain SELECT * from sbtest5 WHERE LENGTH(c) < 0
	Seq Scan on sbtest5  (cost=0.00..469100.37 rows=3330653 width=190)
	  Filter: (length(c) < 0)

table 6 : explain SELECT * from sbtest6 WHERE LENGTH(c) < 0
	Seq Scan on sbtest6  (cost=0.00..467010.23 rows=3328094 width=190)
	  Filter: (length(c) < 0)

table 7 : explain SELECT * from sbtest7 WHERE LENGTH(c) < 0
	Seq Scan on sbtest7  (cost=0.00..460423.92 rows=3338243 width=190)
	  Filter: (length(c) < 0)

table 8 : explain SELECT * from sbtest8 WHERE LENGTH(c) < 0
	Seq Scan on sbtest8  (cost=0.00..469373.39 rows=3336342 width=190)
	  Filter: (length(c) < 0)

for scan
table 1 : explain SELECT * from sbtest1 WHERE LENGTH(c) < 0
	Seq Scan on sbtest1  (cost=0.00..474195.05 rows=3333912 width=190)
	  Filter: (length(c) < 0)

table 2 : explain SELECT * from sbtest2 WHERE LENGTH(c) < 0
	Seq Scan on sbtest2  (cost=0.00..468117.01 rows=3329156 width=190)
	  Filter: (length(c) < 0)

table 3 : explain SELECT * from sbtest3 WHERE LENGTH(c) < 0
	Seq Scan on sbtest3  (cost=0.00..461753.27 rows=3325006 width=190)
	  Filter: (length(c) < 0)

table 4 : explain SELECT * from sbtest4 WHERE LENGTH(c) < 0
	Seq Scan on sbtest4  (cost=0.00..467886.14 rows=3328936 width=190)
	  Filter: (length(c) < 0)

table 5 : explain SELECT * from sbtest5 WHERE LENGTH(c) < 0
	Seq Scan on sbtest5  (cost=0.00..469100.37 rows=3330653 width=190)
	  Filter: (length(c) < 0)

table 6 : explain SELECT * from sbtest6 WHERE LENGTH(c) < 0
	Seq Scan on sbtest6  (cost=0.00..467010.23 rows=3328094 width=190)
	  Filter: (length(c) < 0)

table 7 : explain SELECT * from sbtest7 WHERE LENGTH(c) < 0
	Seq Scan on sbtest7  (cost=0.00..460423.92 rows=3338243 width=190)
	  Filter: (length(c) < 0)

table 8 : explain SELECT * from sbtest8 WHERE LENGTH(c) < 0
	Seq Scan on sbtest8  (cost=0.00..469373.39 rows=3336342 width=190)
	  Filter: (length(c) < 0)

for scan
table 1 : explain SELECT * from sbtest1 WHERE LENGTH(c) < 0
	Seq Scan on sbtest1  (cost=0.00..474195.05 rows=3333912 width=190)
	  Filter: (length(c) < 0)

table 2 : explain SELECT * from sbtest2 WHERE LENGTH(c) < 0
	Seq Scan on sbtest2  (cost=0.00..468117.01 rows=3329156 width=190)
	  Filter: (length(c) < 0)

table 3 : explain SELECT * from sbtest3 WHERE LENGTH(c) < 0
	Seq Scan on sbtest3  (cost=0.00..461753.27 rows=3325006 width=190)
	  Filter: (length(c) < 0)

table 4 : explain SELECT * from sbtest4 WHERE LENGTH(c) < 0
	Seq Scan on sbtest4  (cost=0.00..467886.14 rows=3328936 width=190)
	  Filter: (length(c) < 0)

table 5 : explain SELECT * from sbtest5 WHERE LENGTH(c) < 0
	Seq Scan on sbtest5  (cost=0.00..469100.37 rows=3330653 width=190)
	  Filter: (length(c) < 0)

table 6 : explain SELECT * from sbtest6 WHERE LENGTH(c) < 0
	Seq Scan on sbtest6  (cost=0.00..467010.23 rows=3328094 width=190)
	  Filter: (length(c) < 0)

table 7 : explain SELECT * from sbtest7 WHERE LENGTH(c) < 0
	Seq Scan on sbtest7  (cost=0.00..460423.92 rows=3338243 width=190)
	  Filter: (length(c) < 0)

table 8 : explain SELECT * from sbtest8 WHERE LENGTH(c) < 0
	Seq Scan on sbtest8  (cost=0.00..469373.39 rows=3336342 width=190)
	  Filter: (length(c) < 0)

Threads started!

Warming up for 5 seconds...

SQL statistics:
    queries performed:
        read:                            690
        write:                           0
        other:                           0
        total:                           690
    transactions:                        690    (10.87 per sec.)
    queries:                             690    (10.87 per sec.)
    ignored errors:                      0      (0.00 per sec.)
    reconnects:                          0      (0.00 per sec.)

Throughput:
    events/s (eps):                      10.8679
    time elapsed:                        63.4900s
    total number of events:              690

Latency (ms):
         min:                                 3544.56
         avg:                                 3620.69
         max:                                 3794.06
         95th percentile:                     3639.94
         sum:                              2498275.28

Threads fairness:
    events (avg/stddev):           17.2500/0.43
    execution time (avg/stddev):   62.4569/1.13

