LUA_PATH=/home/mdcallag/git/mytools/bench/sysbench.lua/lua/?.lua /home/mdcallag/git/mytools/bench/sysbench.lua/lua/sysbench --db-driver=pgsql --range-size=100 --table-size=10000000 --tables=8 --threads=40 --events=0 --warmup-time=5 --time=630 --pgsql_conn_id=true /home/mdcallag/git/mytools/bench/sysbench.lua/lua/oltp_range_covered.lua run --pgsql-user=root --pgsql-password=pw --pgsql-host=127.0.0.1 --pgsql-db=ib --rand-type=uniform --random-points=100 --skip-trx
48 CPUs
sysbench 1.1.0-9072687 (using bundled LuaJIT 2.1.0-beta3)

Running the test with following options:
Number of threads: 40
Warmup time: 5s
Initializing random number generator from current time


Initializing worker threads...

explain: for range-covered :: explain SELECT id FROM sbtest%d WHERE id BETWEEN 7258401 AND 7258501
explain: for range-covered :: explain SELECT id FROM sbtest%d WHERE id BETWEEN 3969899 AND 3969999
explain: for range-covered :: explain SELECT id FROM sbtest%d WHERE id BETWEEN 4539753 AND 4539853
explain: for range-covered :: explain SELECT id FROM sbtest%d WHERE id BETWEEN 5403457 AND 5403557
explain: for range-covered :: explain SELECT id FROM sbtest%d WHERE id BETWEEN 3041492 AND 3041592
for range-covered
table 1 : explain SELECT id FROM sbtest1 WHERE id BETWEEN 7258401 AND 7258501
	Index Only Scan using sbtest1_pkey on sbtest1  (cost=0.43..6.37 rows=97 width=4)
	  Index Cond: ((id >= 7258401) AND (id <= 7258501))

table 2 : explain SELECT id FROM sbtest2 WHERE id BETWEEN 7258401 AND 7258501
	Index Only Scan using sbtest2_pkey on sbtest2  (cost=0.43..6.45 rows=101 width=4)
	  Index Cond: ((id >= 7258401) AND (id <= 7258501))

table 3 : explain SELECT id FROM sbtest3 WHERE id BETWEEN 7258401 AND 7258501
	Index Only Scan using sbtest3_pkey on sbtest3  (cost=0.43..6.56 rows=106 width=4)
	  Index Cond: ((id >= 7258401) AND (id <= 7258501))

table 4 : explain SELECT id FROM sbtest4 WHERE id BETWEEN 7258401 AND 7258501
	Index Only Scan using sbtest4_pkey on sbtest4  (cost=0.43..6.40 rows=98 width=4)
	  Index Cond: ((id >= 7258401) AND (id <= 7258501))

table 5 : explain SELECT id FROM sbtest5 WHERE id BETWEEN 7258401 AND 7258501
	Index Only Scan using sbtest5_pkey on sbtest5  (cost=0.43..6.75 rows=116 width=4)
	  Index Cond: ((id >= 7258401) AND (id <= 7258501))

table 6 : explain SELECT id FROM sbtest6 WHERE id BETWEEN 7258401 AND 7258501
	Index Only Scan using sbtest6_pkey on sbtest6  (cost=0.43..6.50 rows=103 width=4)
	  Index Cond: ((id >= 7258401) AND (id <= 7258501))

table 7 : explain SELECT id FROM sbtest7 WHERE id BETWEEN 7258401 AND 7258501
	Index Only Scan using sbtest7_pkey on sbtest7  (cost=0.43..6.50 rows=103 width=4)
	  Index Cond: ((id >= 7258401) AND (id <= 7258501))

table 8 : explain SELECT id FROM sbtest8 WHERE id BETWEEN 7258401 AND 7258501
	Index Only Scan using sbtest8_pkey on sbtest8  (cost=0.43..10.47 rows=102 width=4)
	  Index Cond: ((id >= 7258401) AND (id <= 7258501))

explain: for range-covered :: explain SELECT id FROM sbtest%d WHERE id BETWEEN 7258401 AND 7258501
for range-covered
table 1 : explain SELECT id FROM sbtest1 WHERE id BETWEEN 5403457 AND 5403557
	Index Only Scan using sbtest1_pkey on sbtest1  (cost=0.43..6.47 rows=102 width=4)
	  Index Cond: ((id >= 5403457) AND (id <= 5403557))

table 2 : explain SELECT id FROM sbtest2 WHERE id BETWEEN 5403457 AND 5403557
	Index Only Scan using sbtest2_pkey on sbtest2  (cost=0.43..6.50 rows=103 width=4)
	  Index Cond: ((id >= 5403457) AND (id <= 5403557))

table 3 : explain SELECT id FROM sbtest3 WHERE id BETWEEN 5403457 AND 5403557
	Index Only Scan using sbtest3_pkey on sbtest3  (cost=0.43..6.51 rows=104 width=4)
	  Index Cond: ((id >= 5403457) AND (id <= 5403557))

table 4 : explain SELECT id FROM sbtest4 WHERE id BETWEEN 5403457 AND 5403557
	Index Only Scan using sbtest4_pkey on sbtest4  (cost=0.43..6.42 rows=99 width=4)
	  Index Cond: ((id >= 5403457) AND (id <= 5403557))

table 5 : explain SELECT id FROM sbtest5 WHERE id BETWEEN 5403457 AND 5403557
	Index Only Scan using sbtest5_pkey on sbtest5  (cost=0.43..6.47 rows=102 width=4)
	  Index Cond: ((id >= 5403457) AND (id <= 5403557))

table 6 : explain SELECT id FROM sbtest6 WHERE id BETWEEN 5403457 AND 5403557
	Index Only Scan using sbtest6_pkey on sbtest6  (cost=0.43..6.61 rows=109 width=4)
	  Index Cond: ((id >= 5403457) AND (id <= 5403557))

table 7 : explain SELECT id FROM sbtest7 WHERE id BETWEEN 5403457 AND 5403557
	Index Only Scan using sbtest7_pkey on sbtest7  (cost=0.43..6.24 rows=90 width=4)
	  Index Cond: ((id >= 5403457) AND (id <= 5403557))

table 8 : explain SELECT id FROM sbtest8 WHERE id BETWEEN 5403457 AND 5403557
	Index Only Scan using sbtest8_pkey on sbtest8  (cost=0.43..10.54 rows=105 width=4)
	  Index Cond: ((id >= 5403457) AND (id <= 5403557))

for range-covered
table 1 : explain SELECT id FROM sbtest1 WHERE id BETWEEN 4539753 AND 4539853
	Index Only Scan using sbtest1_pkey on sbtest1  (cost=0.43..6.45 rows=101 width=4)
	  Index Cond: ((id >= 4539753) AND (id <= 4539853))

table 2 : explain SELECT id FROM sbtest2 WHERE id BETWEEN 4539753 AND 4539853
	Index Only Scan using sbtest2_pkey on sbtest2  (cost=0.43..6.42 rows=99 width=4)
	  Index Cond: ((id >= 4539753) AND (id <= 4539853))

table 3 : explain SELECT id FROM sbtest3 WHERE id BETWEEN 4539753 AND 4539853
	Index Only Scan using sbtest3_pkey on sbtest3  (cost=0.43..6.40 rows=98 width=4)
	  Index Cond: ((id >= 4539753) AND (id <= 4539853))

table 4 : explain SELECT id FROM sbtest4 WHERE id BETWEEN 4539753 AND 4539853
	Index Only Scan using sbtest4_pkey on sbtest4  (cost=0.43..6.27 rows=92 width=4)
	  Index Cond: ((id >= 4539753) AND (id <= 4539853))

table 5 : explain SELECT id FROM sbtest5 WHERE id BETWEEN 4539753 AND 4539853
	Index Only Scan using sbtest5_pkey on sbtest5  (cost=0.43..6.81 rows=119 width=4)
	  Index Cond: ((id >= 4539753) AND (id <= 4539853))

table 6 : explain SELECT id FROM sbtest6 WHERE id BETWEEN 4539753 AND 4539853
	Index Only Scan using sbtest6_pkey on sbtest6  (cost=0.43..6.35 rows=96 width=4)
	  Index Cond: ((id >= 4539753) AND (id <= 4539853))

table 7 : explain SELECT id FROM sbtest7 WHERE id BETWEEN 4539753 AND 4539853
	Index Only Scan using sbtest7_pkey on sbtest7  (cost=0.43..6.50 rows=103 width=4)
	  Index Cond: ((id >= 4539753) AND (id <= 4539853))

table 8 : explain SELECT id FROM sbtest8 WHERE id BETWEEN 4539753 AND 4539853
	Index Only Scan using sbtest8_pkey on sbtest8  (cost=0.43..10.40 rows=98 width=4)
	  Index Cond: ((id >= 4539753) AND (id <= 4539853))

for range-covered
table 1 : explain SELECT id FROM sbtest1 WHERE id BETWEEN 3969899 AND 3969999
	Index Only Scan using sbtest1_pkey on sbtest1  (cost=0.43..6.35 rows=96 width=4)
	  Index Cond: ((id >= 3969899) AND (id <= 3969999))

table 2 : explain SELECT id FROM sbtest2 WHERE id BETWEEN 3969899 AND 3969999
	Index Only Scan using sbtest2_pkey on sbtest2  (cost=0.43..6.61 rows=109 width=4)
	  Index Cond: ((id >= 3969899) AND (id <= 3969999))

table 3 : explain SELECT id FROM sbtest3 WHERE id BETWEEN 3969899 AND 3969999
	Index Only Scan using sbtest3_pkey on sbtest3  (cost=0.43..6.43 rows=100 width=4)
	  Index Cond: ((id >= 3969899) AND (id <= 3969999))

table 4 : explain SELECT id FROM sbtest4 WHERE id BETWEEN 3969899 AND 3969999
	Index Only Scan using sbtest4_pkey on sbtest4  (cost=0.43..6.32 rows=94 width=4)
	  Index Cond: ((id >= 3969899) AND (id <= 3969999))

table 5 : explain SELECT id FROM sbtest5 WHERE id BETWEEN 3969899 AND 3969999
	Index Only Scan using sbtest5_pkey on sbtest5  (cost=0.43..6.63 rows=110 width=4)
	  Index Cond: ((id >= 3969899) AND (id <= 3969999))

table 6 : explain SELECT id FROM sbtest6 WHERE id BETWEEN 3969899 AND 3969999
	Index Only Scan using sbtest6_pkey on sbtest6  (cost=0.43..6.58 rows=107 width=4)
	  Index Cond: ((id >= 3969899) AND (id <= 3969999))

table 7 : explain SELECT id FROM sbtest7 WHERE id BETWEEN 3969899 AND 3969999
	Index Only Scan using sbtest7_pkey on sbtest7  (cost=0.43..6.50 rows=103 width=4)
	  Index Cond: ((id >= 3969899) AND (id <= 3969999))

table 8 : explain SELECT id FROM sbtest8 WHERE id BETWEEN 3969899 AND 3969999
	Index Only Scan using sbtest8_pkey on sbtest8  (cost=0.43..10.33 rows=95 width=4)
	  Index Cond: ((id >= 3969899) AND (id <= 3969999))

explain: for range-covered :: explain SELECT id FROM sbtest%d WHERE id BETWEEN 5403457 AND 5403557
explain: for range-covered :: explain SELECT id FROM sbtest%d WHERE id BETWEEN 4539753 AND 4539853
explain: for range-covered :: explain SELECT id FROM sbtest%d WHERE id BETWEEN 3969899 AND 3969999
for range-covered
table 1 : explain SELECT id FROM sbtest1 WHERE id BETWEEN 7258401 AND 7258501
	Index Only Scan using sbtest1_pkey on sbtest1  (cost=0.43..6.37 rows=97 width=4)
	  Index Cond: ((id >= 7258401) AND (id <= 7258501))

table 2 : explain SELECT id FROM sbtest2 WHERE id BETWEEN 7258401 AND 7258501
	Index Only Scan using sbtest2_pkey on sbtest2  (cost=0.43..6.45 rows=101 width=4)
	  Index Cond: ((id >= 7258401) AND (id <= 7258501))

table 3 : explain SELECT id FROM sbtest3 WHERE id BETWEEN 7258401 AND 7258501
	Index Only Scan using sbtest3_pkey on sbtest3  (cost=0.43..6.56 rows=106 width=4)
	  Index Cond: ((id >= 7258401) AND (id <= 7258501))

table 4 : explain SELECT id FROM sbtest4 WHERE id BETWEEN 7258401 AND 7258501
	Index Only Scan using sbtest4_pkey on sbtest4  (cost=0.43..6.40 rows=98 width=4)
	  Index Cond: ((id >= 7258401) AND (id <= 7258501))

table 5 : explain SELECT id FROM sbtest5 WHERE id BETWEEN 7258401 AND 7258501
	Index Only Scan using sbtest5_pkey on sbtest5  (cost=0.43..6.75 rows=116 width=4)
	  Index Cond: ((id >= 7258401) AND (id <= 7258501))

table 6 : explain SELECT id FROM sbtest6 WHERE id BETWEEN 7258401 AND 7258501
	Index Only Scan using sbtest6_pkey on sbtest6  (cost=0.43..6.50 rows=103 width=4)
	  Index Cond: ((id >= 7258401) AND (id <= 7258501))

table 7 : explain SELECT id FROM sbtest7 WHERE id BETWEEN 7258401 AND 7258501
	Index Only Scan using sbtest7_pkey on sbtest7  (cost=0.43..6.50 rows=103 width=4)
	  Index Cond: ((id >= 7258401) AND (id <= 7258501))

table 8 : explain SELECT id FROM sbtest8 WHERE id BETWEEN 7258401 AND 7258501
	Index Only Scan using sbtest8_pkey on sbtest8  (cost=0.43..10.47 rows=102 width=4)
	  Index Cond: ((id >= 7258401) AND (id <= 7258501))

explain: for range-covered :: explain SELECT id FROM sbtest%d WHERE id BETWEEN 7258401 AND 7258501
for range-covered
table 1 : explain SELECT id FROM sbtest1 WHERE id BETWEEN 3041492 AND 3041592
	Index Only Scan using sbtest1_pkey on sbtest1  (cost=0.43..6.45 rows=101 width=4)
	  Index Cond: ((id >= 3041492) AND (id <= 3041592))

table 2 : explain SELECT id FROM sbtest2 WHERE id BETWEEN 3041492 AND 3041592
	Index Only Scan using sbtest2_pkey on sbtest2  (cost=0.43..6.40 rows=98 width=4)
	  Index Cond: ((id >= 3041492) AND (id <= 3041592))

table 3 : explain SELECT id FROM sbtest3 WHERE id BETWEEN 3041492 AND 3041592
	Index Only Scan using sbtest3_pkey on sbtest3  (cost=0.43..6.40 rows=98 width=4)
	  Index Cond: ((id >= 3041492) AND (id <= 3041592))

table 4 : explain SELECT id FROM sbtest4 WHERE id BETWEEN 3041492 AND 3041592
	Index Only Scan using sbtest4_pkey on sbtest4  (cost=0.43..6.37 rows=97 width=4)
	  Index Cond: ((id >= 3041492) AND (id <= 3041592))

table 5 : explain SELECT id FROM sbtest5 WHERE id BETWEEN 3041492 AND 3041592
	Index Only Scan using sbtest5_pkey on sbtest5  (cost=0.43..6.27 rows=92 width=4)
	  Index Cond: ((id >= 3041492) AND (id <= 3041592))

table 6 : explain SELECT id FROM sbtest6 WHERE id BETWEEN 3041492 AND 3041592
	Index Only Scan using sbtest6_pkey on sbtest6  (cost=0.43..6.43 rows=100 width=4)
	  Index Cond: ((id >= 3041492) AND (id <= 3041592))

table 7 : explain SELECT id FROM sbtest7 WHERE id BETWEEN 3041492 AND 3041592
	Index Only Scan using sbtest7_pkey on sbtest7  (cost=0.43..6.40 rows=98 width=4)
	  Index Cond: ((id >= 3041492) AND (id <= 3041592))

table 8 : explain SELECT id FROM sbtest8 WHERE id BETWEEN 3041492 AND 3041592
	Index Only Scan using sbtest8_pkey on sbtest8  (cost=0.43..10.50 rows=103 width=4)
	  Index Cond: ((id >= 3041492) AND (id <= 3041592))

explain: for range-covered :: explain SELECT id FROM sbtest%d WHERE id BETWEEN 3041492 AND 3041592
for range-covered
table 1 : explain SELECT id FROM sbtest1 WHERE id BETWEEN 5403457 AND 5403557
	Index Only Scan using sbtest1_pkey on sbtest1  (cost=0.43..6.47 rows=102 width=4)
	  Index Cond: ((id >= 5403457) AND (id <= 5403557))

table 2 : explain SELECT id FROM sbtest2 WHERE id BETWEEN 5403457 AND 5403557
	Index Only Scan using sbtest2_pkey on sbtest2  (cost=0.43..6.50 rows=103 width=4)
	  Index Cond: ((id >= 5403457) AND (id <= 5403557))

table 3 : explain SELECT id FROM sbtest3 WHERE id BETWEEN 5403457 AND 5403557
	Index Only Scan using sbtest3_pkey on sbtest3  (cost=0.43..6.51 rows=104 width=4)
	  Index Cond: ((id >= 5403457) AND (id <= 5403557))

table 4 : explain SELECT id FROM sbtest4 WHERE id BETWEEN 5403457 AND 5403557
	Index Only Scan using sbtest4_pkey on sbtest4  (cost=0.43..6.42 rows=99 width=4)
	  Index Cond: ((id >= 5403457) AND (id <= 5403557))

table 5 : explain SELECT id FROM sbtest5 WHERE id BETWEEN 5403457 AND 5403557
	Index Only Scan using sbtest5_pkey on sbtest5  (cost=0.43..6.47 rows=102 width=4)
	  Index Cond: ((id >= 5403457) AND (id <= 5403557))

table 6 : explain SELECT id FROM sbtest6 WHERE id BETWEEN 5403457 AND 5403557
	Index Only Scan using sbtest6_pkey on sbtest6  (cost=0.43..6.61 rows=109 width=4)
	  Index Cond: ((id >= 5403457) AND (id <= 5403557))

table 7 : explain SELECT id FROM sbtest7 WHERE id BETWEEN 5403457 AND 5403557
	Index Only Scan using sbtest7_pkey on sbtest7  (cost=0.43..6.24 rows=90 width=4)
	  Index Cond: ((id >= 5403457) AND (id <= 5403557))

table 8 : explain SELECT id FROM sbtest8 WHERE id BETWEEN 5403457 AND 5403557
	Index Only Scan using sbtest8_pkey on sbtest8  (cost=0.43..10.54 rows=105 width=4)
	  Index Cond: ((id >= 5403457) AND (id <= 5403557))

explain: for range-covered :: explain SELECT id FROM sbtest%d WHERE id BETWEEN 5403457 AND 5403557
for range-covered
table 1 : explain SELECT id FROM sbtest1 WHERE id BETWEEN 4539753 AND 4539853
	Index Only Scan using sbtest1_pkey on sbtest1  (cost=0.43..6.45 rows=101 width=4)
	  Index Cond: ((id >= 4539753) AND (id <= 4539853))

table 2 : explain SELECT id FROM sbtest2 WHERE id BETWEEN 4539753 AND 4539853
	Index Only Scan using sbtest2_pkey on sbtest2  (cost=0.43..6.42 rows=99 width=4)
	  Index Cond: ((id >= 4539753) AND (id <= 4539853))

table 3 : explain SELECT id FROM sbtest3 WHERE id BETWEEN 4539753 AND 4539853
	Index Only Scan using sbtest3_pkey on sbtest3  (cost=0.43..6.40 rows=98 width=4)
	  Index Cond: ((id >= 4539753) AND (id <= 4539853))

table 4 : explain SELECT id FROM sbtest4 WHERE id BETWEEN 4539753 AND 4539853
	Index Only Scan using sbtest4_pkey on sbtest4  (cost=0.43..6.27 rows=92 width=4)
	  Index Cond: ((id >= 4539753) AND (id <= 4539853))

table 5 : explain SELECT id FROM sbtest5 WHERE id BETWEEN 4539753 AND 4539853
	Index Only Scan using sbtest5_pkey on sbtest5  (cost=0.43..6.81 rows=119 width=4)
	  Index Cond: ((id >= 4539753) AND (id <= 4539853))

table 6 : explain SELECT id FROM sbtest6 WHERE id BETWEEN 4539753 AND 4539853
	Index Only Scan using sbtest6_pkey on sbtest6  (cost=0.43..6.35 rows=96 width=4)
	  Index Cond: ((id >= 4539753) AND (id <= 4539853))

table 7 : explain SELECT id FROM sbtest7 WHERE id BETWEEN 4539753 AND 4539853
	Index Only Scan using sbtest7_pkey on sbtest7  (cost=0.43..6.50 rows=103 width=4)
	  Index Cond: ((id >= 4539753) AND (id <= 4539853))

table 8 : explain SELECT id FROM sbtest8 WHERE id BETWEEN 4539753 AND 4539853
	Index Only Scan using sbtest8_pkey on sbtest8  (cost=0.43..10.40 rows=98 width=4)
	  Index Cond: ((id >= 4539753) AND (id <= 4539853))

explain: for range-covered :: explain SELECT id FROM sbtest%d WHERE id BETWEEN 4539753 AND 4539853
for range-covered
table 1 : explain SELECT id FROM sbtest1 WHERE id BETWEEN 7258401 AND 7258501
	Index Only Scan using sbtest1_pkey on sbtest1  (cost=0.43..6.37 rows=97 width=4)
	  Index Cond: ((id >= 7258401) AND (id <= 7258501))

table 2 : explain SELECT id FROM sbtest2 WHERE id BETWEEN 7258401 AND 7258501
	Index Only Scan using sbtest2_pkey on sbtest2  (cost=0.43..6.45 rows=101 width=4)
	  Index Cond: ((id >= 7258401) AND (id <= 7258501))

table 3 : explain SELECT id FROM sbtest3 WHERE id BETWEEN 7258401 AND 7258501
	Index Only Scan using sbtest3_pkey on sbtest3  (cost=0.43..6.56 rows=106 width=4)
	  Index Cond: ((id >= 7258401) AND (id <= 7258501))

table 4 : explain SELECT id FROM sbtest4 WHERE id BETWEEN 7258401 AND 7258501
	Index Only Scan using sbtest4_pkey on sbtest4  (cost=0.43..6.40 rows=98 width=4)
	  Index Cond: ((id >= 7258401) AND (id <= 7258501))

table 5 : explain SELECT id FROM sbtest5 WHERE id BETWEEN 7258401 AND 7258501
	Index Only Scan using sbtest5_pkey on sbtest5  (cost=0.43..6.75 rows=116 width=4)
	  Index Cond: ((id >= 7258401) AND (id <= 7258501))

table 6 : explain SELECT id FROM sbtest6 WHERE id BETWEEN 7258401 AND 7258501
	Index Only Scan using sbtest6_pkey on sbtest6  (cost=0.43..6.50 rows=103 width=4)
	  Index Cond: ((id >= 7258401) AND (id <= 7258501))

table 7 : explain SELECT id FROM sbtest7 WHERE id BETWEEN 7258401 AND 7258501
	Index Only Scan using sbtest7_pkey on sbtest7  (cost=0.43..6.50 rows=103 width=4)
	  Index Cond: ((id >= 7258401) AND (id <= 7258501))

table 8 : explain SELECT id FROM sbtest8 WHERE id BETWEEN 7258401 AND 7258501
	Index Only Scan using sbtest8_pkey on sbtest8  (cost=0.43..10.47 rows=102 width=4)
	  Index Cond: ((id >= 7258401) AND (id <= 7258501))

for range-covered
table 1 : explain SELECT id FROM sbtest1 WHERE id BETWEEN 3969899 AND 3969999
	Index Only Scan using sbtest1_pkey on sbtest1  (cost=0.43..6.35 rows=96 width=4)
	  Index Cond: ((id >= 3969899) AND (id <= 3969999))

table 2 : explain SELECT id FROM sbtest2 WHERE id BETWEEN 3969899 AND 3969999
	Index Only Scan using sbtest2_pkey on sbtest2  (cost=0.43..6.61 rows=109 width=4)
	  Index Cond: ((id >= 3969899) AND (id <= 3969999))

table 3 : explain SELECT id FROM sbtest3 WHERE id BETWEEN 3969899 AND 3969999
	Index Only Scan using sbtest3_pkey on sbtest3  (cost=0.43..6.43 rows=100 width=4)
	  Index Cond: ((id >= 3969899) AND (id <= 3969999))

table 4 : explain SELECT id FROM sbtest4 WHERE id BETWEEN 3969899 AND 3969999
	Index Only Scan using sbtest4_pkey on sbtest4  (cost=0.43..6.32 rows=94 width=4)
	  Index Cond: ((id >= 3969899) AND (id <= 3969999))

table 5 : explain SELECT id FROM sbtest5 WHERE id BETWEEN 3969899 AND 3969999
	Index Only Scan using sbtest5_pkey on sbtest5  (cost=0.43..6.63 rows=110 width=4)
	  Index Cond: ((id >= 3969899) AND (id <= 3969999))

table 6 : explain SELECT id FROM sbtest6 WHERE id BETWEEN 3969899 AND 3969999
	Index Only Scan using sbtest6_pkey on sbtest6  (cost=0.43..6.58 rows=107 width=4)
	  Index Cond: ((id >= 3969899) AND (id <= 3969999))

table 7 : explain SELECT id FROM sbtest7 WHERE id BETWEEN 3969899 AND 3969999
	Index Only Scan using sbtest7_pkey on sbtest7  (cost=0.43..6.50 rows=103 width=4)
	  Index Cond: ((id >= 3969899) AND (id <= 3969999))

table 8 : explain SELECT id FROM sbtest8 WHERE id BETWEEN 3969899 AND 3969999
	Index Only Scan using sbtest8_pkey on sbtest8  (cost=0.43..10.33 rows=95 width=4)
	  Index Cond: ((id >= 3969899) AND (id <= 3969999))

explain: for range-covered :: explain SELECT id FROM sbtest%d WHERE id BETWEEN 7258401 AND 7258501
explain: for range-covered :: explain SELECT id FROM sbtest%d WHERE id BETWEEN 3969899 AND 3969999
for range-covered
table 1 : explain SELECT id FROM sbtest1 WHERE id BETWEEN 3041492 AND 3041592
	Index Only Scan using sbtest1_pkey on sbtest1  (cost=0.43..6.45 rows=101 width=4)
	  Index Cond: ((id >= 3041492) AND (id <= 3041592))

table 2 : explain SELECT id FROM sbtest2 WHERE id BETWEEN 3041492 AND 3041592
	Index Only Scan using sbtest2_pkey on sbtest2  (cost=0.43..6.40 rows=98 width=4)
	  Index Cond: ((id >= 3041492) AND (id <= 3041592))

table 3 : explain SELECT id FROM sbtest3 WHERE id BETWEEN 3041492 AND 3041592
	Index Only Scan using sbtest3_pkey on sbtest3  (cost=0.43..6.40 rows=98 width=4)
	  Index Cond: ((id >= 3041492) AND (id <= 3041592))

table 4 : explain SELECT id FROM sbtest4 WHERE id BETWEEN 3041492 AND 3041592
	Index Only Scan using sbtest4_pkey on sbtest4  (cost=0.43..6.37 rows=97 width=4)
	  Index Cond: ((id >= 3041492) AND (id <= 3041592))

table 5 : explain SELECT id FROM sbtest5 WHERE id BETWEEN 3041492 AND 3041592
	Index Only Scan using sbtest5_pkey on sbtest5  (cost=0.43..6.27 rows=92 width=4)
	  Index Cond: ((id >= 3041492) AND (id <= 3041592))

table 6 : explain SELECT id FROM sbtest6 WHERE id BETWEEN 3041492 AND 3041592
	Index Only Scan using sbtest6_pkey on sbtest6  (cost=0.43..6.43 rows=100 width=4)
	  Index Cond: ((id >= 3041492) AND (id <= 3041592))

table 7 : explain SELECT id FROM sbtest7 WHERE id BETWEEN 3041492 AND 3041592
	Index Only Scan using sbtest7_pkey on sbtest7  (cost=0.43..6.40 rows=98 width=4)
	  Index Cond: ((id >= 3041492) AND (id <= 3041592))

table 8 : explain SELECT id FROM sbtest8 WHERE id BETWEEN 3041492 AND 3041592
	Index Only Scan using sbtest8_pkey on sbtest8  (cost=0.43..10.50 rows=103 width=4)
	  Index Cond: ((id >= 3041492) AND (id <= 3041592))

explain: for range-covered :: explain SELECT id FROM sbtest%d WHERE id BETWEEN 3041492 AND 3041592
for range-covered
table 1 : explain SELECT id FROM sbtest1 WHERE id BETWEEN 5403457 AND 5403557
	Index Only Scan using sbtest1_pkey on sbtest1  (cost=0.43..6.47 rows=102 width=4)
	  Index Cond: ((id >= 5403457) AND (id <= 5403557))

table 2 : explain SELECT id FROM sbtest2 WHERE id BETWEEN 5403457 AND 5403557
	Index Only Scan using sbtest2_pkey on sbtest2  (cost=0.43..6.50 rows=103 width=4)
	  Index Cond: ((id >= 5403457) AND (id <= 5403557))

table 3 : explain SELECT id FROM sbtest3 WHERE id BETWEEN 5403457 AND 5403557
	Index Only Scan using sbtest3_pkey on sbtest3  (cost=0.43..6.51 rows=104 width=4)
	  Index Cond: ((id >= 5403457) AND (id <= 5403557))

table 4 : explain SELECT id FROM sbtest4 WHERE id BETWEEN 5403457 AND 5403557
	Index Only Scan using sbtest4_pkey on sbtest4  (cost=0.43..6.42 rows=99 width=4)
	  Index Cond: ((id >= 5403457) AND (id <= 5403557))

table 5 : explain SELECT id FROM sbtest5 WHERE id BETWEEN 5403457 AND 5403557
	Index Only Scan using sbtest5_pkey on sbtest5  (cost=0.43..6.47 rows=102 width=4)
	  Index Cond: ((id >= 5403457) AND (id <= 5403557))

table 6 : explain SELECT id FROM sbtest6 WHERE id BETWEEN 5403457 AND 5403557
	Index Only Scan using sbtest6_pkey on sbtest6  (cost=0.43..6.61 rows=109 width=4)
	  Index Cond: ((id >= 5403457) AND (id <= 5403557))

table 7 : explain SELECT id FROM sbtest7 WHERE id BETWEEN 5403457 AND 5403557
	Index Only Scan using sbtest7_pkey on sbtest7  (cost=0.43..6.24 rows=90 width=4)
	  Index Cond: ((id >= 5403457) AND (id <= 5403557))

table 8 : explain SELECT id FROM sbtest8 WHERE id BETWEEN 5403457 AND 5403557
	Index Only Scan using sbtest8_pkey on sbtest8  (cost=0.43..10.54 rows=105 width=4)
	  Index Cond: ((id >= 5403457) AND (id <= 5403557))

for range-covered
table 1 : explain SELECT id FROM sbtest1 WHERE id BETWEEN 4539753 AND 4539853
	Index Only Scan using sbtest1_pkey on sbtest1  (cost=0.43..6.45 rows=101 width=4)
	  Index Cond: ((id >= 4539753) AND (id <= 4539853))

table 2 : explain SELECT id FROM sbtest2 WHERE id BETWEEN 4539753 AND 4539853
	Index Only Scan using sbtest2_pkey on sbtest2  (cost=0.43..6.42 rows=99 width=4)
	  Index Cond: ((id >= 4539753) AND (id <= 4539853))

table 3 : explain SELECT id FROM sbtest3 WHERE id BETWEEN 4539753 AND 4539853
	Index Only Scan using sbtest3_pkey on sbtest3  (cost=0.43..6.40 rows=98 width=4)
	  Index Cond: ((id >= 4539753) AND (id <= 4539853))

table 4 : explain SELECT id FROM sbtest4 WHERE id BETWEEN 4539753 AND 4539853
	Index Only Scan using sbtest4_pkey on sbtest4  (cost=0.43..6.27 rows=92 width=4)
	  Index Cond: ((id >= 4539753) AND (id <= 4539853))

table 5 : explain SELECT id FROM sbtest5 WHERE id BETWEEN 4539753 AND 4539853
	Index Only Scan using sbtest5_pkey on sbtest5  (cost=0.43..6.81 rows=119 width=4)
	  Index Cond: ((id >= 4539753) AND (id <= 4539853))

table 6 : explain SELECT id FROM sbtest6 WHERE id BETWEEN 4539753 AND 4539853
	Index Only Scan using sbtest6_pkey on sbtest6  (cost=0.43..6.35 rows=96 width=4)
	  Index Cond: ((id >= 4539753) AND (id <= 4539853))

table 7 : explain SELECT id FROM sbtest7 WHERE id BETWEEN 4539753 AND 4539853
	Index Only Scan using sbtest7_pkey on sbtest7  (cost=0.43..6.50 rows=103 width=4)
	  Index Cond: ((id >= 4539753) AND (id <= 4539853))

table 8 : explain SELECT id FROM sbtest8 WHERE id BETWEEN 4539753 AND 4539853
	Index Only Scan using sbtest8_pkey on sbtest8  (cost=0.43..10.40 rows=98 width=4)
	  Index Cond: ((id >= 4539753) AND (id <= 4539853))

explain: for range-covered :: explain SELECT id FROM sbtest%d WHERE id BETWEEN 5403457 AND 5403557
explain: for range-covered :: explain SELECT id FROM sbtest%d WHERE id BETWEEN 4539753 AND 4539853
for range-covered
table 1 : explain SELECT id FROM sbtest1 WHERE id BETWEEN 7258401 AND 7258501
	Index Only Scan using sbtest1_pkey on sbtest1  (cost=0.43..6.37 rows=97 width=4)
	  Index Cond: ((id >= 7258401) AND (id <= 7258501))

table 2 : explain SELECT id FROM sbtest2 WHERE id BETWEEN 7258401 AND 7258501
	Index Only Scan using sbtest2_pkey on sbtest2  (cost=0.43..6.45 rows=101 width=4)
	  Index Cond: ((id >= 7258401) AND (id <= 7258501))

table 3 : explain SELECT id FROM sbtest3 WHERE id BETWEEN 7258401 AND 7258501
	Index Only Scan using sbtest3_pkey on sbtest3  (cost=0.43..6.56 rows=106 width=4)
	  Index Cond: ((id >= 7258401) AND (id <= 7258501))

table 4 : explain SELECT id FROM sbtest4 WHERE id BETWEEN 7258401 AND 7258501
	Index Only Scan using sbtest4_pkey on sbtest4  (cost=0.43..6.40 rows=98 width=4)
	  Index Cond: ((id >= 7258401) AND (id <= 7258501))

table 5 : explain SELECT id FROM sbtest5 WHERE id BETWEEN 7258401 AND 7258501
	Index Only Scan using sbtest5_pkey on sbtest5  (cost=0.43..6.75 rows=116 width=4)
	  Index Cond: ((id >= 7258401) AND (id <= 7258501))

table 6 : explain SELECT id FROM sbtest6 WHERE id BETWEEN 7258401 AND 7258501
	Index Only Scan using sbtest6_pkey on sbtest6  (cost=0.43..6.50 rows=103 width=4)
	  Index Cond: ((id >= 7258401) AND (id <= 7258501))

table 7 : explain SELECT id FROM sbtest7 WHERE id BETWEEN 7258401 AND 7258501
	Index Only Scan using sbtest7_pkey on sbtest7  (cost=0.43..6.50 rows=103 width=4)
	  Index Cond: ((id >= 7258401) AND (id <= 7258501))

table 8 : explain SELECT id FROM sbtest8 WHERE id BETWEEN 7258401 AND 7258501
	Index Only Scan using sbtest8_pkey on sbtest8  (cost=0.43..10.47 rows=102 width=4)
	  Index Cond: ((id >= 7258401) AND (id <= 7258501))

for range-covered
table 1 : explain SELECT id FROM sbtest1 WHERE id BETWEEN 3969899 AND 3969999
	Index Only Scan using sbtest1_pkey on sbtest1  (cost=0.43..6.35 rows=96 width=4)
	  Index Cond: ((id >= 3969899) AND (id <= 3969999))

table 2 : explain SELECT id FROM sbtest2 WHERE id BETWEEN 3969899 AND 3969999
	Index Only Scan using sbtest2_pkey on sbtest2  (cost=0.43..6.61 rows=109 width=4)
	  Index Cond: ((id >= 3969899) AND (id <= 3969999))

table 3 : explain SELECT id FROM sbtest3 WHERE id BETWEEN 3969899 AND 3969999
	Index Only Scan using sbtest3_pkey on sbtest3  (cost=0.43..6.43 rows=100 width=4)
	  Index Cond: ((id >= 3969899) AND (id <= 3969999))

table 4 : explain SELECT id FROM sbtest4 WHERE id BETWEEN 3969899 AND 3969999
	Index Only Scan using sbtest4_pkey on sbtest4  (cost=0.43..6.32 rows=94 width=4)
	  Index Cond: ((id >= 3969899) AND (id <= 3969999))

table 5 : explain SELECT id FROM sbtest5 WHERE id BETWEEN 3969899 AND 3969999
	Index Only Scan using sbtest5_pkey on sbtest5  (cost=0.43..6.63 rows=110 width=4)
	  Index Cond: ((id >= 3969899) AND (id <= 3969999))

table 6 : explain SELECT id FROM sbtest6 WHERE id BETWEEN 3969899 AND 3969999
	Index Only Scan using sbtest6_pkey on sbtest6  (cost=0.43..6.58 rows=107 width=4)
	  Index Cond: ((id >= 3969899) AND (id <= 3969999))

table 7 : explain SELECT id FROM sbtest7 WHERE id BETWEEN 3969899 AND 3969999
	Index Only Scan using sbtest7_pkey on sbtest7  (cost=0.43..6.50 rows=103 width=4)
	  Index Cond: ((id >= 3969899) AND (id <= 3969999))

table 8 : explain SELECT id FROM sbtest8 WHERE id BETWEEN 3969899 AND 3969999
	Index Only Scan using sbtest8_pkey on sbtest8  (cost=0.43..10.33 rows=95 width=4)
	  Index Cond: ((id >= 3969899) AND (id <= 3969999))

explain: for range-covered :: explain SELECT id FROM sbtest%d WHERE id BETWEEN 7258401 AND 7258501
explain: for range-covered :: explain SELECT id FROM sbtest%d WHERE id BETWEEN 3969899 AND 3969999
for range-covered
table 1 : explain SELECT id FROM sbtest1 WHERE id BETWEEN 5403457 AND 5403557
	Index Only Scan using sbtest1_pkey on sbtest1  (cost=0.43..6.47 rows=102 width=4)
	  Index Cond: ((id >= 5403457) AND (id <= 5403557))

table 2 : explain SELECT id FROM sbtest2 WHERE id BETWEEN 5403457 AND 5403557
	Index Only Scan using sbtest2_pkey on sbtest2  (cost=0.43..6.50 rows=103 width=4)
	  Index Cond: ((id >= 5403457) AND (id <= 5403557))

table 3 : explain SELECT id FROM sbtest3 WHERE id BETWEEN 5403457 AND 5403557
	Index Only Scan using sbtest3_pkey on sbtest3  (cost=0.43..6.51 rows=104 width=4)
	  Index Cond: ((id >= 5403457) AND (id <= 5403557))

table 4 : explain SELECT id FROM sbtest4 WHERE id BETWEEN 5403457 AND 5403557
	Index Only Scan using sbtest4_pkey on sbtest4  (cost=0.43..6.42 rows=99 width=4)
	  Index Cond: ((id >= 5403457) AND (id <= 5403557))

table 5 : explain SELECT id FROM sbtest5 WHERE id BETWEEN 5403457 AND 5403557
	Index Only Scan using sbtest5_pkey on sbtest5  (cost=0.43..6.47 rows=102 width=4)
	  Index Cond: ((id >= 5403457) AND (id <= 5403557))

table 6 : explain SELECT id FROM sbtest6 WHERE id BETWEEN 5403457 AND 5403557
	Index Only Scan using sbtest6_pkey on sbtest6  (cost=0.43..6.61 rows=109 width=4)
	  Index Cond: ((id >= 5403457) AND (id <= 5403557))

table 7 : explain SELECT id FROM sbtest7 WHERE id BETWEEN 5403457 AND 5403557
	Index Only Scan using sbtest7_pkey on sbtest7  (cost=0.43..6.24 rows=90 width=4)
	  Index Cond: ((id >= 5403457) AND (id <= 5403557))

table 8 : explain SELECT id FROM sbtest8 WHERE id BETWEEN 5403457 AND 5403557
	Index Only Scan using sbtest8_pkey on sbtest8  (cost=0.43..10.54 rows=105 width=4)
	  Index Cond: ((id >= 5403457) AND (id <= 5403557))

explain: for range-covered :: explain SELECT id FROM sbtest%d WHERE id BETWEEN 5403457 AND 5403557
for range-covered
table 1 : explain SELECT id FROM sbtest1 WHERE id BETWEEN 4539753 AND 4539853
	Index Only Scan using sbtest1_pkey on sbtest1  (cost=0.43..6.45 rows=101 width=4)
	  Index Cond: ((id >= 4539753) AND (id <= 4539853))

table 2 : explain SELECT id FROM sbtest2 WHERE id BETWEEN 4539753 AND 4539853
	Index Only Scan using sbtest2_pkey on sbtest2  (cost=0.43..6.42 rows=99 width=4)
	  Index Cond: ((id >= 4539753) AND (id <= 4539853))

table 3 : explain SELECT id FROM sbtest3 WHERE id BETWEEN 4539753 AND 4539853
	Index Only Scan using sbtest3_pkey on sbtest3  (cost=0.43..6.40 rows=98 width=4)
	  Index Cond: ((id >= 4539753) AND (id <= 4539853))

table 4 : explain SELECT id FROM sbtest4 WHERE id BETWEEN 4539753 AND 4539853
	Index Only Scan using sbtest4_pkey on sbtest4  (cost=0.43..6.27 rows=92 width=4)
	  Index Cond: ((id >= 4539753) AND (id <= 4539853))

table 5 : explain SELECT id FROM sbtest5 WHERE id BETWEEN 4539753 AND 4539853
	Index Only Scan using sbtest5_pkey on sbtest5  (cost=0.43..6.81 rows=119 width=4)
	  Index Cond: ((id >= 4539753) AND (id <= 4539853))

table 6 : explain SELECT id FROM sbtest6 WHERE id BETWEEN 4539753 AND 4539853
	Index Only Scan using sbtest6_pkey on sbtest6  (cost=0.43..6.35 rows=96 width=4)
	  Index Cond: ((id >= 4539753) AND (id <= 4539853))

table 7 : explain SELECT id FROM sbtest7 WHERE id BETWEEN 4539753 AND 4539853
	Index Only Scan using sbtest7_pkey on sbtest7  (cost=0.43..6.50 rows=103 width=4)
	  Index Cond: ((id >= 4539753) AND (id <= 4539853))

table 8 : explain SELECT id FROM sbtest8 WHERE id BETWEEN 4539753 AND 4539853
	Index Only Scan using sbtest8_pkey on sbtest8  (cost=0.43..10.40 rows=98 width=4)
	  Index Cond: ((id >= 4539753) AND (id <= 4539853))

explain: for range-covered :: explain SELECT id FROM sbtest%d WHERE id BETWEEN 4539753 AND 4539853
for range-covered
table 1 : explain SELECT id FROM sbtest1 WHERE id BETWEEN 7258401 AND 7258501
	Index Only Scan using sbtest1_pkey on sbtest1  (cost=0.43..6.37 rows=97 width=4)
	  Index Cond: ((id >= 7258401) AND (id <= 7258501))

table 2 : explain SELECT id FROM sbtest2 WHERE id BETWEEN 7258401 AND 7258501
	Index Only Scan using sbtest2_pkey on sbtest2  (cost=0.43..6.45 rows=101 width=4)
	  Index Cond: ((id >= 7258401) AND (id <= 7258501))

table 3 : explain SELECT id FROM sbtest3 WHERE id BETWEEN 7258401 AND 7258501
	Index Only Scan using sbtest3_pkey on sbtest3  (cost=0.43..6.56 rows=106 width=4)
	  Index Cond: ((id >= 7258401) AND (id <= 7258501))

table 4 : explain SELECT id FROM sbtest4 WHERE id BETWEEN 7258401 AND 7258501
	Index Only Scan using sbtest4_pkey on sbtest4  (cost=0.43..6.40 rows=98 width=4)
	  Index Cond: ((id >= 7258401) AND (id <= 7258501))

table 5 : explain SELECT id FROM sbtest5 WHERE id BETWEEN 7258401 AND 7258501
	Index Only Scan using sbtest5_pkey on sbtest5  (cost=0.43..6.75 rows=116 width=4)
	  Index Cond: ((id >= 7258401) AND (id <= 7258501))

table 6 : explain SELECT id FROM sbtest6 WHERE id BETWEEN 7258401 AND 7258501
	Index Only Scan using sbtest6_pkey on sbtest6  (cost=0.43..6.50 rows=103 width=4)
	  Index Cond: ((id >= 7258401) AND (id <= 7258501))

table 7 : explain SELECT id FROM sbtest7 WHERE id BETWEEN 7258401 AND 7258501
	Index Only Scan using sbtest7_pkey on sbtest7  (cost=0.43..6.50 rows=103 width=4)
	  Index Cond: ((id >= 7258401) AND (id <= 7258501))

table 8 : explain SELECT id FROM sbtest8 WHERE id BETWEEN 7258401 AND 7258501
	Index Only Scan using sbtest8_pkey on sbtest8  (cost=0.43..10.47 rows=102 width=4)
	  Index Cond: ((id >= 7258401) AND (id <= 7258501))

for range-covered
table 1 : explain SELECT id FROM sbtest1 WHERE id BETWEEN 3969899 AND 3969999
	Index Only Scan using sbtest1_pkey on sbtest1  (cost=0.43..6.35 rows=96 width=4)
	  Index Cond: ((id >= 3969899) AND (id <= 3969999))

table 2 : explain SELECT id FROM sbtest2 WHERE id BETWEEN 3969899 AND 3969999
	Index Only Scan using sbtest2_pkey on sbtest2  (cost=0.43..6.61 rows=109 width=4)
	  Index Cond: ((id >= 3969899) AND (id <= 3969999))

table 3 : explain SELECT id FROM sbtest3 WHERE id BETWEEN 3969899 AND 3969999
	Index Only Scan using sbtest3_pkey on sbtest3  (cost=0.43..6.43 rows=100 width=4)
	  Index Cond: ((id >= 3969899) AND (id <= 3969999))

table 4 : explain SELECT id FROM sbtest4 WHERE id BETWEEN 3969899 AND 3969999
	Index Only Scan using sbtest4_pkey on sbtest4  (cost=0.43..6.32 rows=94 width=4)
	  Index Cond: ((id >= 3969899) AND (id <= 3969999))

table 5 : explain SELECT id FROM sbtest5 WHERE id BETWEEN 3969899 AND 3969999
	Index Only Scan using sbtest5_pkey on sbtest5  (cost=0.43..6.63 rows=110 width=4)
	  Index Cond: ((id >= 3969899) AND (id <= 3969999))

table 6 : explain SELECT id FROM sbtest6 WHERE id BETWEEN 3969899 AND 3969999
	Index Only Scan using sbtest6_pkey on sbtest6  (cost=0.43..6.58 rows=107 width=4)
	  Index Cond: ((id >= 3969899) AND (id <= 3969999))

table 7 : explain SELECT id FROM sbtest7 WHERE id BETWEEN 3969899 AND 3969999
	Index Only Scan using sbtest7_pkey on sbtest7  (cost=0.43..6.50 rows=103 width=4)
	  Index Cond: ((id >= 3969899) AND (id <= 3969999))

table 8 : explain SELECT id FROM sbtest8 WHERE id BETWEEN 3969899 AND 3969999
	Index Only Scan using sbtest8_pkey on sbtest8  (cost=0.43..10.33 rows=95 width=4)
	  Index Cond: ((id >= 3969899) AND (id <= 3969999))

explain: for range-covered :: explain SELECT id FROM sbtest%d WHERE id BETWEEN 7258401 AND 7258501
explain: for range-covered :: explain SELECT id FROM sbtest%d WHERE id BETWEEN 3969899 AND 3969999
for range-covered
table 1 : explain SELECT id FROM sbtest1 WHERE id BETWEEN 5403457 AND 5403557
	Index Only Scan using sbtest1_pkey on sbtest1  (cost=0.43..6.47 rows=102 width=4)
	  Index Cond: ((id >= 5403457) AND (id <= 5403557))

table 2 : explain SELECT id FROM sbtest2 WHERE id BETWEEN 5403457 AND 5403557
	Index Only Scan using sbtest2_pkey on sbtest2  (cost=0.43..6.50 rows=103 width=4)
	  Index Cond: ((id >= 5403457) AND (id <= 5403557))

table 3 : explain SELECT id FROM sbtest3 WHERE id BETWEEN 5403457 AND 5403557
	Index Only Scan using sbtest3_pkey on sbtest3  (cost=0.43..6.51 rows=104 width=4)
	  Index Cond: ((id >= 5403457) AND (id <= 5403557))

table 4 : explain SELECT id FROM sbtest4 WHERE id BETWEEN 5403457 AND 5403557
	Index Only Scan using sbtest4_pkey on sbtest4  (cost=0.43..6.42 rows=99 width=4)
	  Index Cond: ((id >= 5403457) AND (id <= 5403557))

table 5 : explain SELECT id FROM sbtest5 WHERE id BETWEEN 5403457 AND 5403557
	Index Only Scan using sbtest5_pkey on sbtest5  (cost=0.43..6.47 rows=102 width=4)
	  Index Cond: ((id >= 5403457) AND (id <= 5403557))

table 6 : explain SELECT id FROM sbtest6 WHERE id BETWEEN 5403457 AND 5403557
	Index Only Scan using sbtest6_pkey on sbtest6  (cost=0.43..6.61 rows=109 width=4)
	  Index Cond: ((id >= 5403457) AND (id <= 5403557))

table 7 : explain SELECT id FROM sbtest7 WHERE id BETWEEN 5403457 AND 5403557
	Index Only Scan using sbtest7_pkey on sbtest7  (cost=0.43..6.24 rows=90 width=4)
	  Index Cond: ((id >= 5403457) AND (id <= 5403557))

table 8 : explain SELECT id FROM sbtest8 WHERE id BETWEEN 5403457 AND 5403557
	Index Only Scan using sbtest8_pkey on sbtest8  (cost=0.43..10.54 rows=105 width=4)
	  Index Cond: ((id >= 5403457) AND (id <= 5403557))

for range-covered
table 1 : explain SELECT id FROM sbtest1 WHERE id BETWEEN 4539753 AND 4539853
	Index Only Scan using sbtest1_pkey on sbtest1  (cost=0.43..6.45 rows=101 width=4)
	  Index Cond: ((id >= 4539753) AND (id <= 4539853))

table 2 : explain SELECT id FROM sbtest2 WHERE id BETWEEN 4539753 AND 4539853
	Index Only Scan using sbtest2_pkey on sbtest2  (cost=0.43..6.42 rows=99 width=4)
	  Index Cond: ((id >= 4539753) AND (id <= 4539853))

table 3 : explain SELECT id FROM sbtest3 WHERE id BETWEEN 4539753 AND 4539853
	Index Only Scan using sbtest3_pkey on sbtest3  (cost=0.43..6.40 rows=98 width=4)
	  Index Cond: ((id >= 4539753) AND (id <= 4539853))

table 4 : explain SELECT id FROM sbtest4 WHERE id BETWEEN 4539753 AND 4539853
	Index Only Scan using sbtest4_pkey on sbtest4  (cost=0.43..6.27 rows=92 width=4)
	  Index Cond: ((id >= 4539753) AND (id <= 4539853))

table 5 : explain SELECT id FROM sbtest5 WHERE id BETWEEN 4539753 AND 4539853
	Index Only Scan using sbtest5_pkey on sbtest5  (cost=0.43..6.81 rows=119 width=4)
	  Index Cond: ((id >= 4539753) AND (id <= 4539853))

table 6 : explain SELECT id FROM sbtest6 WHERE id BETWEEN 4539753 AND 4539853
	Index Only Scan using sbtest6_pkey on sbtest6  (cost=0.43..6.35 rows=96 width=4)
	  Index Cond: ((id >= 4539753) AND (id <= 4539853))

table 7 : explain SELECT id FROM sbtest7 WHERE id BETWEEN 4539753 AND 4539853
	Index Only Scan using sbtest7_pkey on sbtest7  (cost=0.43..6.50 rows=103 width=4)
	  Index Cond: ((id >= 4539753) AND (id <= 4539853))

table 8 : explain SELECT id FROM sbtest8 WHERE id BETWEEN 4539753 AND 4539853
	Index Only Scan using sbtest8_pkey on sbtest8  (cost=0.43..10.40 rows=98 width=4)
	  Index Cond: ((id >= 4539753) AND (id <= 4539853))

explain: for range-covered :: explain SELECT id FROM sbtest%d WHERE id BETWEEN 5403457 AND 5403557
explain: for range-covered :: explain SELECT id FROM sbtest%d WHERE id BETWEEN 4539753 AND 4539853
for range-covered
table 1 : explain SELECT id FROM sbtest1 WHERE id BETWEEN 3969899 AND 3969999
	Index Only Scan using sbtest1_pkey on sbtest1  (cost=0.43..6.35 rows=96 width=4)
	  Index Cond: ((id >= 3969899) AND (id <= 3969999))

table 2 : explain SELECT id FROM sbtest2 WHERE id BETWEEN 3969899 AND 3969999
	Index Only Scan using sbtest2_pkey on sbtest2  (cost=0.43..6.61 rows=109 width=4)
	  Index Cond: ((id >= 3969899) AND (id <= 3969999))

table 3 : explain SELECT id FROM sbtest3 WHERE id BETWEEN 3969899 AND 3969999
	Index Only Scan using sbtest3_pkey on sbtest3  (cost=0.43..6.43 rows=100 width=4)
	  Index Cond: ((id >= 3969899) AND (id <= 3969999))

table 4 : explain SELECT id FROM sbtest4 WHERE id BETWEEN 3969899 AND 3969999
	Index Only Scan using sbtest4_pkey on sbtest4  (cost=0.43..6.32 rows=94 width=4)
	  Index Cond: ((id >= 3969899) AND (id <= 3969999))

table 5 : explain SELECT id FROM sbtest5 WHERE id BETWEEN 3969899 AND 3969999
	Index Only Scan using sbtest5_pkey on sbtest5  (cost=0.43..6.63 rows=110 width=4)
	  Index Cond: ((id >= 3969899) AND (id <= 3969999))

table 6 : explain SELECT id FROM sbtest6 WHERE id BETWEEN 3969899 AND 3969999
	Index Only Scan using sbtest6_pkey on sbtest6  (cost=0.43..6.58 rows=107 width=4)
	  Index Cond: ((id >= 3969899) AND (id <= 3969999))

table 7 : explain SELECT id FROM sbtest7 WHERE id BETWEEN 3969899 AND 3969999
	Index Only Scan using sbtest7_pkey on sbtest7  (cost=0.43..6.50 rows=103 width=4)
	  Index Cond: ((id >= 3969899) AND (id <= 3969999))

table 8 : explain SELECT id FROM sbtest8 WHERE id BETWEEN 3969899 AND 3969999
	Index Only Scan using sbtest8_pkey on sbtest8  (cost=0.43..10.33 rows=95 width=4)
	  Index Cond: ((id >= 3969899) AND (id <= 3969999))

for range-covered
table 1 : explain SELECT id FROM sbtest1 WHERE id BETWEEN 7258401 AND 7258501
	Index Only Scan using sbtest1_pkey on sbtest1  (cost=0.43..6.37 rows=97 width=4)
	  Index Cond: ((id >= 7258401) AND (id <= 7258501))

table 2 : explain SELECT id FROM sbtest2 WHERE id BETWEEN 7258401 AND 7258501
	Index Only Scan using sbtest2_pkey on sbtest2  (cost=0.43..6.45 rows=101 width=4)
	  Index Cond: ((id >= 7258401) AND (id <= 7258501))

table 3 : explain SELECT id FROM sbtest3 WHERE id BETWEEN 7258401 AND 7258501
	Index Only Scan using sbtest3_pkey on sbtest3  (cost=0.43..6.56 rows=106 width=4)
	  Index Cond: ((id >= 7258401) AND (id <= 7258501))

table 4 : explain SELECT id FROM sbtest4 WHERE id BETWEEN 7258401 AND 7258501
	Index Only Scan using sbtest4_pkey on sbtest4  (cost=0.43..6.40 rows=98 width=4)
	  Index Cond: ((id >= 7258401) AND (id <= 7258501))

table 5 : explain SELECT id FROM sbtest5 WHERE id BETWEEN 7258401 AND 7258501
	Index Only Scan using sbtest5_pkey on sbtest5  (cost=0.43..6.75 rows=116 width=4)
	  Index Cond: ((id >= 7258401) AND (id <= 7258501))

table 6 : explain SELECT id FROM sbtest6 WHERE id BETWEEN 7258401 AND 7258501
	Index Only Scan using sbtest6_pkey on sbtest6  (cost=0.43..6.50 rows=103 width=4)
	  Index Cond: ((id >= 7258401) AND (id <= 7258501))

table 7 : explain SELECT id FROM sbtest7 WHERE id BETWEEN 7258401 AND 7258501
	Index Only Scan using sbtest7_pkey on sbtest7  (cost=0.43..6.50 rows=103 width=4)
	  Index Cond: ((id >= 7258401) AND (id <= 7258501))

table 8 : explain SELECT id FROM sbtest8 WHERE id BETWEEN 7258401 AND 7258501
	Index Only Scan using sbtest8_pkey on sbtest8  (cost=0.43..10.47 rows=102 width=4)
	  Index Cond: ((id >= 7258401) AND (id <= 7258501))

explain: for range-covered :: explain SELECT id FROM sbtest%d WHERE id BETWEEN 3969899 AND 3969999
explain: for range-covered :: explain SELECT id FROM sbtest%d WHERE id BETWEEN 7258401 AND 7258501
for range-covered
table 1 : explain SELECT id FROM sbtest1 WHERE id BETWEEN 3041492 AND 3041592
	Index Only Scan using sbtest1_pkey on sbtest1  (cost=0.43..6.45 rows=101 width=4)
	  Index Cond: ((id >= 3041492) AND (id <= 3041592))

table 2 : explain SELECT id FROM sbtest2 WHERE id BETWEEN 3041492 AND 3041592
	Index Only Scan using sbtest2_pkey on sbtest2  (cost=0.43..6.40 rows=98 width=4)
	  Index Cond: ((id >= 3041492) AND (id <= 3041592))

table 3 : explain SELECT id FROM sbtest3 WHERE id BETWEEN 3041492 AND 3041592
	Index Only Scan using sbtest3_pkey on sbtest3  (cost=0.43..6.40 rows=98 width=4)
	  Index Cond: ((id >= 3041492) AND (id <= 3041592))

table 4 : explain SELECT id FROM sbtest4 WHERE id BETWEEN 3041492 AND 3041592
	Index Only Scan using sbtest4_pkey on sbtest4  (cost=0.43..6.37 rows=97 width=4)
	  Index Cond: ((id >= 3041492) AND (id <= 3041592))

table 5 : explain SELECT id FROM sbtest5 WHERE id BETWEEN 3041492 AND 3041592
	Index Only Scan using sbtest5_pkey on sbtest5  (cost=0.43..6.27 rows=92 width=4)
	  Index Cond: ((id >= 3041492) AND (id <= 3041592))

table 6 : explain SELECT id FROM sbtest6 WHERE id BETWEEN 3041492 AND 3041592
	Index Only Scan using sbtest6_pkey on sbtest6  (cost=0.43..6.43 rows=100 width=4)
	  Index Cond: ((id >= 3041492) AND (id <= 3041592))

table 7 : explain SELECT id FROM sbtest7 WHERE id BETWEEN 3041492 AND 3041592
	Index Only Scan using sbtest7_pkey on sbtest7  (cost=0.43..6.40 rows=98 width=4)
	  Index Cond: ((id >= 3041492) AND (id <= 3041592))

table 8 : explain SELECT id FROM sbtest8 WHERE id BETWEEN 3041492 AND 3041592
	Index Only Scan using sbtest8_pkey on sbtest8  (cost=0.43..10.50 rows=103 width=4)
	  Index Cond: ((id >= 3041492) AND (id <= 3041592))

explain: for range-covered :: explain SELECT id FROM sbtest%d WHERE id BETWEEN 3041492 AND 3041592
for range-covered
table 1 : explain SELECT id FROM sbtest1 WHERE id BETWEEN 5403457 AND 5403557
	Index Only Scan using sbtest1_pkey on sbtest1  (cost=0.43..6.47 rows=102 width=4)
	  Index Cond: ((id >= 5403457) AND (id <= 5403557))

table 2 : explain SELECT id FROM sbtest2 WHERE id BETWEEN 5403457 AND 5403557
	Index Only Scan using sbtest2_pkey on sbtest2  (cost=0.43..6.50 rows=103 width=4)
	  Index Cond: ((id >= 5403457) AND (id <= 5403557))

table 3 : explain SELECT id FROM sbtest3 WHERE id BETWEEN 5403457 AND 5403557
	Index Only Scan using sbtest3_pkey on sbtest3  (cost=0.43..6.51 rows=104 width=4)
	  Index Cond: ((id >= 5403457) AND (id <= 5403557))

table 4 : explain SELECT id FROM sbtest4 WHERE id BETWEEN 5403457 AND 5403557
	Index Only Scan using sbtest4_pkey on sbtest4  (cost=0.43..6.42 rows=99 width=4)
	  Index Cond: ((id >= 5403457) AND (id <= 5403557))

table 5 : explain SELECT id FROM sbtest5 WHERE id BETWEEN 5403457 AND 5403557
	Index Only Scan using sbtest5_pkey on sbtest5  (cost=0.43..6.47 rows=102 width=4)
	  Index Cond: ((id >= 5403457) AND (id <= 5403557))

table 6 : explain SELECT id FROM sbtest6 WHERE id BETWEEN 5403457 AND 5403557
	Index Only Scan using sbtest6_pkey on sbtest6  (cost=0.43..6.61 rows=109 width=4)
	  Index Cond: ((id >= 5403457) AND (id <= 5403557))

table 7 : explain SELECT id FROM sbtest7 WHERE id BETWEEN 5403457 AND 5403557
	Index Only Scan using sbtest7_pkey on sbtest7  (cost=0.43..6.24 rows=90 width=4)
	  Index Cond: ((id >= 5403457) AND (id <= 5403557))

table 8 : explain SELECT id FROM sbtest8 WHERE id BETWEEN 5403457 AND 5403557
	Index Only Scan using sbtest8_pkey on sbtest8  (cost=0.43..10.54 rows=105 width=4)
	  Index Cond: ((id >= 5403457) AND (id <= 5403557))

for range-covered
table 1 : explain SELECT id FROM sbtest1 WHERE id BETWEEN 4539753 AND 4539853
	Index Only Scan using sbtest1_pkey on sbtest1  (cost=0.43..6.45 rows=101 width=4)
	  Index Cond: ((id >= 4539753) AND (id <= 4539853))

table 2 : explain SELECT id FROM sbtest2 WHERE id BETWEEN 4539753 AND 4539853
	Index Only Scan using sbtest2_pkey on sbtest2  (cost=0.43..6.42 rows=99 width=4)
	  Index Cond: ((id >= 4539753) AND (id <= 4539853))

table 3 : explain SELECT id FROM sbtest3 WHERE id BETWEEN 4539753 AND 4539853
	Index Only Scan using sbtest3_pkey on sbtest3  (cost=0.43..6.40 rows=98 width=4)
	  Index Cond: ((id >= 4539753) AND (id <= 4539853))

table 4 : explain SELECT id FROM sbtest4 WHERE id BETWEEN 4539753 AND 4539853
	Index Only Scan using sbtest4_pkey on sbtest4  (cost=0.43..6.27 rows=92 width=4)
	  Index Cond: ((id >= 4539753) AND (id <= 4539853))

table 5 : explain SELECT id FROM sbtest5 WHERE id BETWEEN 4539753 AND 4539853
	Index Only Scan using sbtest5_pkey on sbtest5  (cost=0.43..6.81 rows=119 width=4)
	  Index Cond: ((id >= 4539753) AND (id <= 4539853))

table 6 : explain SELECT id FROM sbtest6 WHERE id BETWEEN 4539753 AND 4539853
	Index Only Scan using sbtest6_pkey on sbtest6  (cost=0.43..6.35 rows=96 width=4)
	  Index Cond: ((id >= 4539753) AND (id <= 4539853))

table 7 : explain SELECT id FROM sbtest7 WHERE id BETWEEN 4539753 AND 4539853
	Index Only Scan using sbtest7_pkey on sbtest7  (cost=0.43..6.50 rows=103 width=4)
	  Index Cond: ((id >= 4539753) AND (id <= 4539853))

table 8 : explain SELECT id FROM sbtest8 WHERE id BETWEEN 4539753 AND 4539853
	Index Only Scan using sbtest8_pkey on sbtest8  (cost=0.43..10.40 rows=98 width=4)
	  Index Cond: ((id >= 4539753) AND (id <= 4539853))

explain: for range-covered :: explain SELECT id FROM sbtest%d WHERE id BETWEEN 5403457 AND 5403557
explain: for range-covered :: explain SELECT id FROM sbtest%d WHERE id BETWEEN 4539753 AND 4539853
for range-covered
table 1 : explain SELECT id FROM sbtest1 WHERE id BETWEEN 7258401 AND 7258501
	Index Only Scan using sbtest1_pkey on sbtest1  (cost=0.43..6.37 rows=97 width=4)
	  Index Cond: ((id >= 7258401) AND (id <= 7258501))

table 2 : explain SELECT id FROM sbtest2 WHERE id BETWEEN 7258401 AND 7258501
	Index Only Scan using sbtest2_pkey on sbtest2  (cost=0.43..6.45 rows=101 width=4)
	  Index Cond: ((id >= 7258401) AND (id <= 7258501))

table 3 : explain SELECT id FROM sbtest3 WHERE id BETWEEN 7258401 AND 7258501
	Index Only Scan using sbtest3_pkey on sbtest3  (cost=0.43..6.56 rows=106 width=4)
	  Index Cond: ((id >= 7258401) AND (id <= 7258501))

table 4 : explain SELECT id FROM sbtest4 WHERE id BETWEEN 7258401 AND 7258501
	Index Only Scan using sbtest4_pkey on sbtest4  (cost=0.43..6.40 rows=98 width=4)
	  Index Cond: ((id >= 7258401) AND (id <= 7258501))

table 5 : explain SELECT id FROM sbtest5 WHERE id BETWEEN 7258401 AND 7258501
	Index Only Scan using sbtest5_pkey on sbtest5  (cost=0.43..6.75 rows=116 width=4)
	  Index Cond: ((id >= 7258401) AND (id <= 7258501))

table 6 : explain SELECT id FROM sbtest6 WHERE id BETWEEN 7258401 AND 7258501
	Index Only Scan using sbtest6_pkey on sbtest6  (cost=0.43..6.50 rows=103 width=4)
	  Index Cond: ((id >= 7258401) AND (id <= 7258501))

table 7 : explain SELECT id FROM sbtest7 WHERE id BETWEEN 7258401 AND 7258501
	Index Only Scan using sbtest7_pkey on sbtest7  (cost=0.43..6.50 rows=103 width=4)
	  Index Cond: ((id >= 7258401) AND (id <= 7258501))

table 8 : explain SELECT id FROM sbtest8 WHERE id BETWEEN 7258401 AND 7258501
	Index Only Scan using sbtest8_pkey on sbtest8  (cost=0.43..10.47 rows=102 width=4)
	  Index Cond: ((id >= 7258401) AND (id <= 7258501))

for range-covered
table 1 : explain SELECT id FROM sbtest1 WHERE id BETWEEN 3969899 AND 3969999
	Index Only Scan using sbtest1_pkey on sbtest1  (cost=0.43..6.35 rows=96 width=4)
	  Index Cond: ((id >= 3969899) AND (id <= 3969999))

table 2 : explain SELECT id FROM sbtest2 WHERE id BETWEEN 3969899 AND 3969999
	Index Only Scan using sbtest2_pkey on sbtest2  (cost=0.43..6.61 rows=109 width=4)
	  Index Cond: ((id >= 3969899) AND (id <= 3969999))

table 3 : explain SELECT id FROM sbtest3 WHERE id BETWEEN 3969899 AND 3969999
	Index Only Scan using sbtest3_pkey on sbtest3  (cost=0.43..6.43 rows=100 width=4)
	  Index Cond: ((id >= 3969899) AND (id <= 3969999))

table 4 : explain SELECT id FROM sbtest4 WHERE id BETWEEN 3969899 AND 3969999
	Index Only Scan using sbtest4_pkey on sbtest4  (cost=0.43..6.32 rows=94 width=4)
	  Index Cond: ((id >= 3969899) AND (id <= 3969999))

table 5 : explain SELECT id FROM sbtest5 WHERE id BETWEEN 3969899 AND 3969999
	Index Only Scan using sbtest5_pkey on sbtest5  (cost=0.43..6.63 rows=110 width=4)
	  Index Cond: ((id >= 3969899) AND (id <= 3969999))

table 6 : explain SELECT id FROM sbtest6 WHERE id BETWEEN 3969899 AND 3969999
	Index Only Scan using sbtest6_pkey on sbtest6  (cost=0.43..6.58 rows=107 width=4)
	  Index Cond: ((id >= 3969899) AND (id <= 3969999))

table 7 : explain SELECT id FROM sbtest7 WHERE id BETWEEN 3969899 AND 3969999
	Index Only Scan using sbtest7_pkey on sbtest7  (cost=0.43..6.50 rows=103 width=4)
	  Index Cond: ((id >= 3969899) AND (id <= 3969999))

table 8 : explain SELECT id FROM sbtest8 WHERE id BETWEEN 3969899 AND 3969999
	Index Only Scan using sbtest8_pkey on sbtest8  (cost=0.43..10.33 rows=95 width=4)
	  Index Cond: ((id >= 3969899) AND (id <= 3969999))

explain: for range-covered :: explain SELECT id FROM sbtest%d WHERE id BETWEEN 7258401 AND 7258501
explain: for range-covered :: explain SELECT id FROM sbtest%d WHERE id BETWEEN 3969899 AND 3969999
for range-covered
table 1 : explain SELECT id FROM sbtest1 WHERE id BETWEEN 3041492 AND 3041592
	Index Only Scan using sbtest1_pkey on sbtest1  (cost=0.43..6.45 rows=101 width=4)
	  Index Cond: ((id >= 3041492) AND (id <= 3041592))

table 2 : explain SELECT id FROM sbtest2 WHERE id BETWEEN 3041492 AND 3041592
	Index Only Scan using sbtest2_pkey on sbtest2  (cost=0.43..6.40 rows=98 width=4)
	  Index Cond: ((id >= 3041492) AND (id <= 3041592))

table 3 : explain SELECT id FROM sbtest3 WHERE id BETWEEN 3041492 AND 3041592
	Index Only Scan using sbtest3_pkey on sbtest3  (cost=0.43..6.40 rows=98 width=4)
	  Index Cond: ((id >= 3041492) AND (id <= 3041592))

table 4 : explain SELECT id FROM sbtest4 WHERE id BETWEEN 3041492 AND 3041592
	Index Only Scan using sbtest4_pkey on sbtest4  (cost=0.43..6.37 rows=97 width=4)
	  Index Cond: ((id >= 3041492) AND (id <= 3041592))

table 5 : explain SELECT id FROM sbtest5 WHERE id BETWEEN 3041492 AND 3041592
	Index Only Scan using sbtest5_pkey on sbtest5  (cost=0.43..6.27 rows=92 width=4)
	  Index Cond: ((id >= 3041492) AND (id <= 3041592))

table 6 : explain SELECT id FROM sbtest6 WHERE id BETWEEN 3041492 AND 3041592
	Index Only Scan using sbtest6_pkey on sbtest6  (cost=0.43..6.43 rows=100 width=4)
	  Index Cond: ((id >= 3041492) AND (id <= 3041592))

table 7 : explain SELECT id FROM sbtest7 WHERE id BETWEEN 3041492 AND 3041592
	Index Only Scan using sbtest7_pkey on sbtest7  (cost=0.43..6.40 rows=98 width=4)
	  Index Cond: ((id >= 3041492) AND (id <= 3041592))

table 8 : explain SELECT id FROM sbtest8 WHERE id BETWEEN 3041492 AND 3041592
	Index Only Scan using sbtest8_pkey on sbtest8  (cost=0.43..10.50 rows=103 width=4)
	  Index Cond: ((id >= 3041492) AND (id <= 3041592))

explain: for range-covered :: explain SELECT id FROM sbtest%d WHERE id BETWEEN 3041492 AND 3041592
for range-covered
table 1 : explain SELECT id FROM sbtest1 WHERE id BETWEEN 5403457 AND 5403557
	Index Only Scan using sbtest1_pkey on sbtest1  (cost=0.43..6.47 rows=102 width=4)
	  Index Cond: ((id >= 5403457) AND (id <= 5403557))

table 2 : explain SELECT id FROM sbtest2 WHERE id BETWEEN 5403457 AND 5403557
	Index Only Scan using sbtest2_pkey on sbtest2  (cost=0.43..6.50 rows=103 width=4)
	  Index Cond: ((id >= 5403457) AND (id <= 5403557))

table 3 : explain SELECT id FROM sbtest3 WHERE id BETWEEN 5403457 AND 5403557
	Index Only Scan using sbtest3_pkey on sbtest3  (cost=0.43..6.51 rows=104 width=4)
	  Index Cond: ((id >= 5403457) AND (id <= 5403557))

table 4 : explain SELECT id FROM sbtest4 WHERE id BETWEEN 5403457 AND 5403557
	Index Only Scan using sbtest4_pkey on sbtest4  (cost=0.43..6.42 rows=99 width=4)
	  Index Cond: ((id >= 5403457) AND (id <= 5403557))

table 5 : explain SELECT id FROM sbtest5 WHERE id BETWEEN 5403457 AND 5403557
	Index Only Scan using sbtest5_pkey on sbtest5  (cost=0.43..6.47 rows=102 width=4)
	  Index Cond: ((id >= 5403457) AND (id <= 5403557))

table 6 : explain SELECT id FROM sbtest6 WHERE id BETWEEN 5403457 AND 5403557
	Index Only Scan using sbtest6_pkey on sbtest6  (cost=0.43..6.61 rows=109 width=4)
	  Index Cond: ((id >= 5403457) AND (id <= 5403557))

table 7 : explain SELECT id FROM sbtest7 WHERE id BETWEEN 5403457 AND 5403557
	Index Only Scan using sbtest7_pkey on sbtest7  (cost=0.43..6.24 rows=90 width=4)
	  Index Cond: ((id >= 5403457) AND (id <= 5403557))

table 8 : explain SELECT id FROM sbtest8 WHERE id BETWEEN 5403457 AND 5403557
	Index Only Scan using sbtest8_pkey on sbtest8  (cost=0.43..10.54 rows=105 width=4)
	  Index Cond: ((id >= 5403457) AND (id <= 5403557))

for range-covered
table 1 : explain SELECT id FROM sbtest1 WHERE id BETWEEN 4539753 AND 4539853
	Index Only Scan using sbtest1_pkey on sbtest1  (cost=0.43..6.45 rows=101 width=4)
	  Index Cond: ((id >= 4539753) AND (id <= 4539853))

table 2 : explain SELECT id FROM sbtest2 WHERE id BETWEEN 4539753 AND 4539853
	Index Only Scan using sbtest2_pkey on sbtest2  (cost=0.43..6.42 rows=99 width=4)
	  Index Cond: ((id >= 4539753) AND (id <= 4539853))

table 3 : explain SELECT id FROM sbtest3 WHERE id BETWEEN 4539753 AND 4539853
	Index Only Scan using sbtest3_pkey on sbtest3  (cost=0.43..6.40 rows=98 width=4)
	  Index Cond: ((id >= 4539753) AND (id <= 4539853))

table 4 : explain SELECT id FROM sbtest4 WHERE id BETWEEN 4539753 AND 4539853
	Index Only Scan using sbtest4_pkey on sbtest4  (cost=0.43..6.27 rows=92 width=4)
	  Index Cond: ((id >= 4539753) AND (id <= 4539853))

table 5 : explain SELECT id FROM sbtest5 WHERE id BETWEEN 4539753 AND 4539853
	Index Only Scan using sbtest5_pkey on sbtest5  (cost=0.43..6.81 rows=119 width=4)
	  Index Cond: ((id >= 4539753) AND (id <= 4539853))

table 6 : explain SELECT id FROM sbtest6 WHERE id BETWEEN 4539753 AND 4539853
	Index Only Scan using sbtest6_pkey on sbtest6  (cost=0.43..6.35 rows=96 width=4)
	  Index Cond: ((id >= 4539753) AND (id <= 4539853))

table 7 : explain SELECT id FROM sbtest7 WHERE id BETWEEN 4539753 AND 4539853
	Index Only Scan using sbtest7_pkey on sbtest7  (cost=0.43..6.50 rows=103 width=4)
	  Index Cond: ((id >= 4539753) AND (id <= 4539853))

table 8 : explain SELECT id FROM sbtest8 WHERE id BETWEEN 4539753 AND 4539853
	Index Only Scan using sbtest8_pkey on sbtest8  (cost=0.43..10.40 rows=98 width=4)
	  Index Cond: ((id >= 4539753) AND (id <= 4539853))

explain: for range-covered :: explain SELECT id FROM sbtest%d WHERE id BETWEEN 5403457 AND 5403557
explain: for range-covered :: explain SELECT id FROM sbtest%d WHERE id BETWEEN 4539753 AND 4539853
for range-covered
table 1 : explain SELECT id FROM sbtest1 WHERE id BETWEEN 7258401 AND 7258501
	Index Only Scan using sbtest1_pkey on sbtest1  (cost=0.43..6.37 rows=97 width=4)
	  Index Cond: ((id >= 7258401) AND (id <= 7258501))

table 2 : explain SELECT id FROM sbtest2 WHERE id BETWEEN 7258401 AND 7258501
	Index Only Scan using sbtest2_pkey on sbtest2  (cost=0.43..6.45 rows=101 width=4)
	  Index Cond: ((id >= 7258401) AND (id <= 7258501))

table 3 : explain SELECT id FROM sbtest3 WHERE id BETWEEN 7258401 AND 7258501
	Index Only Scan using sbtest3_pkey on sbtest3  (cost=0.43..6.56 rows=106 width=4)
	  Index Cond: ((id >= 7258401) AND (id <= 7258501))

table 4 : explain SELECT id FROM sbtest4 WHERE id BETWEEN 7258401 AND 7258501
	Index Only Scan using sbtest4_pkey on sbtest4  (cost=0.43..6.40 rows=98 width=4)
	  Index Cond: ((id >= 7258401) AND (id <= 7258501))

table 5 : explain SELECT id FROM sbtest5 WHERE id BETWEEN 7258401 AND 7258501
	Index Only Scan using sbtest5_pkey on sbtest5  (cost=0.43..6.75 rows=116 width=4)
	  Index Cond: ((id >= 7258401) AND (id <= 7258501))

table 6 : explain SELECT id FROM sbtest6 WHERE id BETWEEN 7258401 AND 7258501
	Index Only Scan using sbtest6_pkey on sbtest6  (cost=0.43..6.50 rows=103 width=4)
	  Index Cond: ((id >= 7258401) AND (id <= 7258501))

table 7 : explain SELECT id FROM sbtest7 WHERE id BETWEEN 7258401 AND 7258501
	Index Only Scan using sbtest7_pkey on sbtest7  (cost=0.43..6.50 rows=103 width=4)
	  Index Cond: ((id >= 7258401) AND (id <= 7258501))

table 8 : explain SELECT id FROM sbtest8 WHERE id BETWEEN 7258401 AND 7258501
	Index Only Scan using sbtest8_pkey on sbtest8  (cost=0.43..10.47 rows=102 width=4)
	  Index Cond: ((id >= 7258401) AND (id <= 7258501))

for range-covered
table 1 : explain SELECT id FROM sbtest1 WHERE id BETWEEN 3969899 AND 3969999
	Index Only Scan using sbtest1_pkey on sbtest1  (cost=0.43..6.35 rows=96 width=4)
	  Index Cond: ((id >= 3969899) AND (id <= 3969999))

table 2 : explain SELECT id FROM sbtest2 WHERE id BETWEEN 3969899 AND 3969999
	Index Only Scan using sbtest2_pkey on sbtest2  (cost=0.43..6.61 rows=109 width=4)
	  Index Cond: ((id >= 3969899) AND (id <= 3969999))

table 3 : explain SELECT id FROM sbtest3 WHERE id BETWEEN 3969899 AND 3969999
	Index Only Scan using sbtest3_pkey on sbtest3  (cost=0.43..6.43 rows=100 width=4)
	  Index Cond: ((id >= 3969899) AND (id <= 3969999))

table 4 : explain SELECT id FROM sbtest4 WHERE id BETWEEN 3969899 AND 3969999
	Index Only Scan using sbtest4_pkey on sbtest4  (cost=0.43..6.32 rows=94 width=4)
	  Index Cond: ((id >= 3969899) AND (id <= 3969999))

table 5 : explain SELECT id FROM sbtest5 WHERE id BETWEEN 3969899 AND 3969999
	Index Only Scan using sbtest5_pkey on sbtest5  (cost=0.43..6.63 rows=110 width=4)
	  Index Cond: ((id >= 3969899) AND (id <= 3969999))

table 6 : explain SELECT id FROM sbtest6 WHERE id BETWEEN 3969899 AND 3969999
	Index Only Scan using sbtest6_pkey on sbtest6  (cost=0.43..6.58 rows=107 width=4)
	  Index Cond: ((id >= 3969899) AND (id <= 3969999))

table 7 : explain SELECT id FROM sbtest7 WHERE id BETWEEN 3969899 AND 3969999
	Index Only Scan using sbtest7_pkey on sbtest7  (cost=0.43..6.50 rows=103 width=4)
	  Index Cond: ((id >= 3969899) AND (id <= 3969999))

table 8 : explain SELECT id FROM sbtest8 WHERE id BETWEEN 3969899 AND 3969999
	Index Only Scan using sbtest8_pkey on sbtest8  (cost=0.43..10.33 rows=95 width=4)
	  Index Cond: ((id >= 3969899) AND (id <= 3969999))

for range-covered
table 1 : explain SELECT id FROM sbtest1 WHERE id BETWEEN 3041492 AND 3041592
	Index Only Scan using sbtest1_pkey on sbtest1  (cost=0.43..6.45 rows=101 width=4)
	  Index Cond: ((id >= 3041492) AND (id <= 3041592))

table 2 : explain SELECT id FROM sbtest2 WHERE id BETWEEN 3041492 AND 3041592
	Index Only Scan using sbtest2_pkey on sbtest2  (cost=0.43..6.40 rows=98 width=4)
	  Index Cond: ((id >= 3041492) AND (id <= 3041592))

table 3 : explain SELECT id FROM sbtest3 WHERE id BETWEEN 3041492 AND 3041592
	Index Only Scan using sbtest3_pkey on sbtest3  (cost=0.43..6.40 rows=98 width=4)
	  Index Cond: ((id >= 3041492) AND (id <= 3041592))

table 4 : explain SELECT id FROM sbtest4 WHERE id BETWEEN 3041492 AND 3041592
	Index Only Scan using sbtest4_pkey on sbtest4  (cost=0.43..6.37 rows=97 width=4)
	  Index Cond: ((id >= 3041492) AND (id <= 3041592))

table 5 : explain SELECT id FROM sbtest5 WHERE id BETWEEN 3041492 AND 3041592
	Index Only Scan using sbtest5_pkey on sbtest5  (cost=0.43..6.27 rows=92 width=4)
	  Index Cond: ((id >= 3041492) AND (id <= 3041592))

table 6 : explain SELECT id FROM sbtest6 WHERE id BETWEEN 3041492 AND 3041592
	Index Only Scan using sbtest6_pkey on sbtest6  (cost=0.43..6.43 rows=100 width=4)
	  Index Cond: ((id >= 3041492) AND (id <= 3041592))

table 7 : explain SELECT id FROM sbtest7 WHERE id BETWEEN 3041492 AND 3041592
	Index Only Scan using sbtest7_pkey on sbtest7  (cost=0.43..6.40 rows=98 width=4)
	  Index Cond: ((id >= 3041492) AND (id <= 3041592))

table 8 : explain SELECT id FROM sbtest8 WHERE id BETWEEN 3041492 AND 3041592
	Index Only Scan using sbtest8_pkey on sbtest8  (cost=0.43..10.50 rows=103 width=4)
	  Index Cond: ((id >= 3041492) AND (id <= 3041592))

explain: for range-covered :: explain SELECT id FROM sbtest%d WHERE id BETWEEN 3041492 AND 3041592
for range-covered
table 1 : explain SELECT id FROM sbtest1 WHERE id BETWEEN 5403457 AND 5403557
	Index Only Scan using sbtest1_pkey on sbtest1  (cost=0.43..6.47 rows=102 width=4)
	  Index Cond: ((id >= 5403457) AND (id <= 5403557))

table 2 : explain SELECT id FROM sbtest2 WHERE id BETWEEN 5403457 AND 5403557
	Index Only Scan using sbtest2_pkey on sbtest2  (cost=0.43..6.50 rows=103 width=4)
	  Index Cond: ((id >= 5403457) AND (id <= 5403557))

table 3 : explain SELECT id FROM sbtest3 WHERE id BETWEEN 5403457 AND 5403557
	Index Only Scan using sbtest3_pkey on sbtest3  (cost=0.43..6.51 rows=104 width=4)
	  Index Cond: ((id >= 5403457) AND (id <= 5403557))

table 4 : explain SELECT id FROM sbtest4 WHERE id BETWEEN 5403457 AND 5403557
	Index Only Scan using sbtest4_pkey on sbtest4  (cost=0.43..6.42 rows=99 width=4)
	  Index Cond: ((id >= 5403457) AND (id <= 5403557))

table 5 : explain SELECT id FROM sbtest5 WHERE id BETWEEN 5403457 AND 5403557
	Index Only Scan using sbtest5_pkey on sbtest5  (cost=0.43..6.47 rows=102 width=4)
	  Index Cond: ((id >= 5403457) AND (id <= 5403557))

table 6 : explain SELECT id FROM sbtest6 WHERE id BETWEEN 5403457 AND 5403557
	Index Only Scan using sbtest6_pkey on sbtest6  (cost=0.43..6.61 rows=109 width=4)
	  Index Cond: ((id >= 5403457) AND (id <= 5403557))

table 7 : explain SELECT id FROM sbtest7 WHERE id BETWEEN 5403457 AND 5403557
	Index Only Scan using sbtest7_pkey on sbtest7  (cost=0.43..6.24 rows=90 width=4)
	  Index Cond: ((id >= 5403457) AND (id <= 5403557))

table 8 : explain SELECT id FROM sbtest8 WHERE id BETWEEN 5403457 AND 5403557
	Index Only Scan using sbtest8_pkey on sbtest8  (cost=0.43..10.54 rows=105 width=4)
	  Index Cond: ((id >= 5403457) AND (id <= 5403557))

for range-covered
table 1 : explain SELECT id FROM sbtest1 WHERE id BETWEEN 4539753 AND 4539853
	Index Only Scan using sbtest1_pkey on sbtest1  (cost=0.43..6.45 rows=101 width=4)
	  Index Cond: ((id >= 4539753) AND (id <= 4539853))

table 2 : explain SELECT id FROM sbtest2 WHERE id BETWEEN 4539753 AND 4539853
	Index Only Scan using sbtest2_pkey on sbtest2  (cost=0.43..6.42 rows=99 width=4)
	  Index Cond: ((id >= 4539753) AND (id <= 4539853))

table 3 : explain SELECT id FROM sbtest3 WHERE id BETWEEN 4539753 AND 4539853
	Index Only Scan using sbtest3_pkey on sbtest3  (cost=0.43..6.40 rows=98 width=4)
	  Index Cond: ((id >= 4539753) AND (id <= 4539853))

table 4 : explain SELECT id FROM sbtest4 WHERE id BETWEEN 4539753 AND 4539853
	Index Only Scan using sbtest4_pkey on sbtest4  (cost=0.43..6.27 rows=92 width=4)
	  Index Cond: ((id >= 4539753) AND (id <= 4539853))

table 5 : explain SELECT id FROM sbtest5 WHERE id BETWEEN 4539753 AND 4539853
	Index Only Scan using sbtest5_pkey on sbtest5  (cost=0.43..6.81 rows=119 width=4)
	  Index Cond: ((id >= 4539753) AND (id <= 4539853))

table 6 : explain SELECT id FROM sbtest6 WHERE id BETWEEN 4539753 AND 4539853
	Index Only Scan using sbtest6_pkey on sbtest6  (cost=0.43..6.35 rows=96 width=4)
	  Index Cond: ((id >= 4539753) AND (id <= 4539853))

table 7 : explain SELECT id FROM sbtest7 WHERE id BETWEEN 4539753 AND 4539853
	Index Only Scan using sbtest7_pkey on sbtest7  (cost=0.43..6.50 rows=103 width=4)
	  Index Cond: ((id >= 4539753) AND (id <= 4539853))

table 8 : explain SELECT id FROM sbtest8 WHERE id BETWEEN 4539753 AND 4539853
	Index Only Scan using sbtest8_pkey on sbtest8  (cost=0.43..10.40 rows=98 width=4)
	  Index Cond: ((id >= 4539753) AND (id <= 4539853))

for range-covered
table 1 : explain SELECT id FROM sbtest1 WHERE id BETWEEN 3041492 AND 3041592
	Index Only Scan using sbtest1_pkey on sbtest1  (cost=0.43..6.45 rows=101 width=4)
	  Index Cond: ((id >= 3041492) AND (id <= 3041592))

table 2 : explain SELECT id FROM sbtest2 WHERE id BETWEEN 3041492 AND 3041592
	Index Only Scan using sbtest2_pkey on sbtest2  (cost=0.43..6.40 rows=98 width=4)
	  Index Cond: ((id >= 3041492) AND (id <= 3041592))

table 3 : explain SELECT id FROM sbtest3 WHERE id BETWEEN 3041492 AND 3041592
	Index Only Scan using sbtest3_pkey on sbtest3  (cost=0.43..6.40 rows=98 width=4)
	  Index Cond: ((id >= 3041492) AND (id <= 3041592))

table 4 : explain SELECT id FROM sbtest4 WHERE id BETWEEN 3041492 AND 3041592
	Index Only Scan using sbtest4_pkey on sbtest4  (cost=0.43..6.37 rows=97 width=4)
	  Index Cond: ((id >= 3041492) AND (id <= 3041592))

table 5 : explain SELECT id FROM sbtest5 WHERE id BETWEEN 3041492 AND 3041592
	Index Only Scan using sbtest5_pkey on sbtest5  (cost=0.43..6.27 rows=92 width=4)
	  Index Cond: ((id >= 3041492) AND (id <= 3041592))

table 6 : explain SELECT id FROM sbtest6 WHERE id BETWEEN 3041492 AND 3041592
	Index Only Scan using sbtest6_pkey on sbtest6  (cost=0.43..6.43 rows=100 width=4)
	  Index Cond: ((id >= 3041492) AND (id <= 3041592))

table 7 : explain SELECT id FROM sbtest7 WHERE id BETWEEN 3041492 AND 3041592
	Index Only Scan using sbtest7_pkey on sbtest7  (cost=0.43..6.40 rows=98 width=4)
	  Index Cond: ((id >= 3041492) AND (id <= 3041592))

table 8 : explain SELECT id FROM sbtest8 WHERE id BETWEEN 3041492 AND 3041592
	Index Only Scan using sbtest8_pkey on sbtest8  (cost=0.43..10.50 rows=103 width=4)
	  Index Cond: ((id >= 3041492) AND (id <= 3041592))

explain: for range-covered :: explain SELECT id FROM sbtest%d WHERE id BETWEEN 3041492 AND 3041592
for range-covered
table 1 : explain SELECT id FROM sbtest1 WHERE id BETWEEN 3041492 AND 3041592
	Index Only Scan using sbtest1_pkey on sbtest1  (cost=0.43..6.45 rows=101 width=4)
	  Index Cond: ((id >= 3041492) AND (id <= 3041592))

table 2 : explain SELECT id FROM sbtest2 WHERE id BETWEEN 3041492 AND 3041592
	Index Only Scan using sbtest2_pkey on sbtest2  (cost=0.43..6.40 rows=98 width=4)
	  Index Cond: ((id >= 3041492) AND (id <= 3041592))

table 3 : explain SELECT id FROM sbtest3 WHERE id BETWEEN 3041492 AND 3041592
	Index Only Scan using sbtest3_pkey on sbtest3  (cost=0.43..6.40 rows=98 width=4)
	  Index Cond: ((id >= 3041492) AND (id <= 3041592))

table 4 : explain SELECT id FROM sbtest4 WHERE id BETWEEN 3041492 AND 3041592
	Index Only Scan using sbtest4_pkey on sbtest4  (cost=0.43..6.37 rows=97 width=4)
	  Index Cond: ((id >= 3041492) AND (id <= 3041592))

table 5 : explain SELECT id FROM sbtest5 WHERE id BETWEEN 3041492 AND 3041592
	Index Only Scan using sbtest5_pkey on sbtest5  (cost=0.43..6.27 rows=92 width=4)
	  Index Cond: ((id >= 3041492) AND (id <= 3041592))

table 6 : explain SELECT id FROM sbtest6 WHERE id BETWEEN 3041492 AND 3041592
	Index Only Scan using sbtest6_pkey on sbtest6  (cost=0.43..6.43 rows=100 width=4)
	  Index Cond: ((id >= 3041492) AND (id <= 3041592))

table 7 : explain SELECT id FROM sbtest7 WHERE id BETWEEN 3041492 AND 3041592
	Index Only Scan using sbtest7_pkey on sbtest7  (cost=0.43..6.40 rows=98 width=4)
	  Index Cond: ((id >= 3041492) AND (id <= 3041592))

table 8 : explain SELECT id FROM sbtest8 WHERE id BETWEEN 3041492 AND 3041592
	Index Only Scan using sbtest8_pkey on sbtest8  (cost=0.43..10.50 rows=103 width=4)
	  Index Cond: ((id >= 3041492) AND (id <= 3041592))

explain: for range-covered :: explain SELECT id FROM sbtest%d WHERE id BETWEEN 3041492 AND 3041592
explain: for range-covered :: explain SELECT id FROM sbtest%d WHERE id BETWEEN 5606011 AND 5606111
explain: for range-covered :: explain SELECT id FROM sbtest%d WHERE id BETWEEN 4104764 AND 4104864
explain: for range-covered :: explain SELECT id FROM sbtest%d WHERE id BETWEEN 6728611 AND 6728711
explain: for range-covered :: explain SELECT id FROM sbtest%d WHERE id BETWEEN 9238850 AND 9238950
explain: for range-covered :: explain SELECT id FROM sbtest%d WHERE id BETWEEN 5647711 AND 5647811
explain: for range-covered :: explain SELECT id FROM sbtest%d WHERE id BETWEEN 3969899 AND 3969999
explain: for range-covered :: explain SELECT id FROM sbtest%d WHERE id BETWEEN 4059504 AND 4059604
explain: for range-covered :: explain SELECT id FROM sbtest%d WHERE id BETWEEN 2822485 AND 2822585
explain: for range-covered :: explain SELECT id FROM sbtest%d WHERE id BETWEEN 6930897 AND 6930997
for range-covered
table 1 : explain SELECT id FROM sbtest1 WHERE id BETWEEN 3969899 AND 3969999
	Index Only Scan using sbtest1_pkey on sbtest1  (cost=0.43..6.35 rows=96 width=4)
	  Index Cond: ((id >= 3969899) AND (id <= 3969999))

table 2 : explain SELECT id FROM sbtest2 WHERE id BETWEEN 3969899 AND 3969999
	Index Only Scan using sbtest2_pkey on sbtest2  (cost=0.43..6.61 rows=109 width=4)
	  Index Cond: ((id >= 3969899) AND (id <= 3969999))

table 3 : explain SELECT id FROM sbtest3 WHERE id BETWEEN 3969899 AND 3969999
	Index Only Scan using sbtest3_pkey on sbtest3  (cost=0.43..6.43 rows=100 width=4)
	  Index Cond: ((id >= 3969899) AND (id <= 3969999))

table 4 : explain SELECT id FROM sbtest4 WHERE id BETWEEN 3969899 AND 3969999
	Index Only Scan using sbtest4_pkey on sbtest4  (cost=0.43..6.32 rows=94 width=4)
	  Index Cond: ((id >= 3969899) AND (id <= 3969999))

table 5 : explain SELECT id FROM sbtest5 WHERE id BETWEEN 3969899 AND 3969999
	Index Only Scan using sbtest5_pkey on sbtest5  (cost=0.43..6.63 rows=110 width=4)
	  Index Cond: ((id >= 3969899) AND (id <= 3969999))

table 6 : explain SELECT id FROM sbtest6 WHERE id BETWEEN 3969899 AND 3969999
	Index Only Scan using sbtest6_pkey on sbtest6  (cost=0.43..6.58 rows=107 width=4)
	  Index Cond: ((id >= 3969899) AND (id <= 3969999))

table 7 : explain SELECT id FROM sbtest7 WHERE id BETWEEN 3969899 AND 3969999
	Index Only Scan using sbtest7_pkey on sbtest7  (cost=0.43..6.50 rows=103 width=4)
	  Index Cond: ((id >= 3969899) AND (id <= 3969999))

table 8 : explain SELECT id FROM sbtest8 WHERE id BETWEEN 3969899 AND 3969999
	Index Only Scan using sbtest8_pkey on sbtest8  (cost=0.43..10.33 rows=95 width=4)
	  Index Cond: ((id >= 3969899) AND (id <= 3969999))

explain: for range-covered :: explain SELECT id FROM sbtest%d WHERE id BETWEEN 6964180 AND 6964280
for range-covered
table 1 : explain SELECT id FROM sbtest1 WHERE id BETWEEN 4059504 AND 4059604
	Index Only Scan using sbtest1_pkey on sbtest1  (cost=0.43..6.33 rows=95 width=4)
	  Index Cond: ((id >= 4059504) AND (id <= 4059604))

table 2 : explain SELECT id FROM sbtest2 WHERE id BETWEEN 4059504 AND 4059604
	Index Only Scan using sbtest2_pkey on sbtest2  (cost=0.43..6.63 rows=110 width=4)
	  Index Cond: ((id >= 4059504) AND (id <= 4059604))

table 3 : explain SELECT id FROM sbtest3 WHERE id BETWEEN 4059504 AND 4059604
	Index Only Scan using sbtest3_pkey on sbtest3  (cost=0.43..6.33 rows=95 width=4)
	  Index Cond: ((id >= 4059504) AND (id <= 4059604))

table 4 : explain SELECT id FROM sbtest4 WHERE id BETWEEN 4059504 AND 4059604
	Index Only Scan using sbtest4_pkey on sbtest4  (cost=0.43..6.66 rows=111 width=4)
	  Index Cond: ((id >= 4059504) AND (id <= 4059604))

table 5 : explain SELECT id FROM sbtest5 WHERE id BETWEEN 4059504 AND 4059604
	Index Only Scan using sbtest5_pkey on sbtest5  (cost=0.43..6.45 rows=101 width=4)
	  Index Cond: ((id >= 4059504) AND (id <= 4059604))

table 6 : explain SELECT id FROM sbtest6 WHERE id BETWEEN 4059504 AND 4059604
	Index Only Scan using sbtest6_pkey on sbtest6  (cost=0.43..6.53 rows=105 width=4)
	  Index Cond: ((id >= 4059504) AND (id <= 4059604))

table 7 : explain SELECT id FROM sbtest7 WHERE id BETWEEN 4059504 AND 4059604
	Index Only Scan using sbtest7_pkey on sbtest7  (cost=0.43..6.45 rows=101 width=4)
	  Index Cond: ((id >= 4059504) AND (id <= 4059604))

table 8 : explain SELECT id FROM sbtest8 WHERE id BETWEEN 4059504 AND 4059604
	Index Only Scan using sbtest8_pkey on sbtest8  (cost=0.43..10.50 rows=103 width=4)
	  Index Cond: ((id >= 4059504) AND (id <= 4059604))

explain: for range-covered :: explain SELECT id FROM sbtest%d WHERE id BETWEEN 4059504 AND 4059604
for range-covered
table 1 : explain SELECT id FROM sbtest1 WHERE id BETWEEN 4059504 AND 4059604
	Index Only Scan using sbtest1_pkey on sbtest1  (cost=0.43..6.33 rows=95 width=4)
	  Index Cond: ((id >= 4059504) AND (id <= 4059604))

table 2 : explain SELECT id FROM sbtest2 WHERE id BETWEEN 4059504 AND 4059604
	Index Only Scan using sbtest2_pkey on sbtest2  (cost=0.43..6.63 rows=110 width=4)
	  Index Cond: ((id >= 4059504) AND (id <= 4059604))

table 3 : explain SELECT id FROM sbtest3 WHERE id BETWEEN 4059504 AND 4059604
	Index Only Scan using sbtest3_pkey on sbtest3  (cost=0.43..6.33 rows=95 width=4)
	  Index Cond: ((id >= 4059504) AND (id <= 4059604))

table 4 : explain SELECT id FROM sbtest4 WHERE id BETWEEN 4059504 AND 4059604
	Index Only Scan using sbtest4_pkey on sbtest4  (cost=0.43..6.66 rows=111 width=4)
	  Index Cond: ((id >= 4059504) AND (id <= 4059604))

table 5 : explain SELECT id FROM sbtest5 WHERE id BETWEEN 4059504 AND 4059604
	Index Only Scan using sbtest5_pkey on sbtest5  (cost=0.43..6.45 rows=101 width=4)
	  Index Cond: ((id >= 4059504) AND (id <= 4059604))

table 6 : explain SELECT id FROM sbtest6 WHERE id BETWEEN 4059504 AND 4059604
	Index Only Scan using sbtest6_pkey on sbtest6  (cost=0.43..6.53 rows=105 width=4)
	  Index Cond: ((id >= 4059504) AND (id <= 4059604))

table 7 : explain SELECT id FROM sbtest7 WHERE id BETWEEN 4059504 AND 4059604
	Index Only Scan using sbtest7_pkey on sbtest7  (cost=0.43..6.45 rows=101 width=4)
	  Index Cond: ((id >= 4059504) AND (id <= 4059604))

table 8 : explain SELECT id FROM sbtest8 WHERE id BETWEEN 4059504 AND 4059604
	Index Only Scan using sbtest8_pkey on sbtest8  (cost=0.43..10.50 rows=103 width=4)
	  Index Cond: ((id >= 4059504) AND (id <= 4059604))

explain: for range-covered :: explain SELECT id FROM sbtest%d WHERE id BETWEEN 4059504 AND 4059604
for range-covered
table 1 : explain SELECT id FROM sbtest1 WHERE id BETWEEN 4059504 AND 4059604
	Index Only Scan using sbtest1_pkey on sbtest1  (cost=0.43..6.33 rows=95 width=4)
	  Index Cond: ((id >= 4059504) AND (id <= 4059604))

table 2 : explain SELECT id FROM sbtest2 WHERE id BETWEEN 4059504 AND 4059604
	Index Only Scan using sbtest2_pkey on sbtest2  (cost=0.43..6.63 rows=110 width=4)
	  Index Cond: ((id >= 4059504) AND (id <= 4059604))

table 3 : explain SELECT id FROM sbtest3 WHERE id BETWEEN 4059504 AND 4059604
	Index Only Scan using sbtest3_pkey on sbtest3  (cost=0.43..6.33 rows=95 width=4)
	  Index Cond: ((id >= 4059504) AND (id <= 4059604))

table 4 : explain SELECT id FROM sbtest4 WHERE id BETWEEN 4059504 AND 4059604
	Index Only Scan using sbtest4_pkey on sbtest4  (cost=0.43..6.66 rows=111 width=4)
	  Index Cond: ((id >= 4059504) AND (id <= 4059604))

table 5 : explain SELECT id FROM sbtest5 WHERE id BETWEEN 4059504 AND 4059604
	Index Only Scan using sbtest5_pkey on sbtest5  (cost=0.43..6.45 rows=101 width=4)
	  Index Cond: ((id >= 4059504) AND (id <= 4059604))

table 6 : explain SELECT id FROM sbtest6 WHERE id BETWEEN 4059504 AND 4059604
	Index Only Scan using sbtest6_pkey on sbtest6  (cost=0.43..6.53 rows=105 width=4)
	  Index Cond: ((id >= 4059504) AND (id <= 4059604))

table 7 : explain SELECT id FROM sbtest7 WHERE id BETWEEN 4059504 AND 4059604
	Index Only Scan using sbtest7_pkey on sbtest7  (cost=0.43..6.45 rows=101 width=4)
	  Index Cond: ((id >= 4059504) AND (id <= 4059604))

table 8 : explain SELECT id FROM sbtest8 WHERE id BETWEEN 4059504 AND 4059604
	Index Only Scan using sbtest8_pkey on sbtest8  (cost=0.43..10.50 rows=103 width=4)
	  Index Cond: ((id >= 4059504) AND (id <= 4059604))

explain: for range-covered :: explain SELECT id FROM sbtest%d WHERE id BETWEEN 4059504 AND 4059604
for range-covered
table 1 : explain SELECT id FROM sbtest1 WHERE id BETWEEN 4059504 AND 4059604
	Index Only Scan using sbtest1_pkey on sbtest1  (cost=0.43..6.33 rows=95 width=4)
	  Index Cond: ((id >= 4059504) AND (id <= 4059604))

table 2 : explain SELECT id FROM sbtest2 WHERE id BETWEEN 4059504 AND 4059604
	Index Only Scan using sbtest2_pkey on sbtest2  (cost=0.43..6.63 rows=110 width=4)
	  Index Cond: ((id >= 4059504) AND (id <= 4059604))

table 3 : explain SELECT id FROM sbtest3 WHERE id BETWEEN 4059504 AND 4059604
	Index Only Scan using sbtest3_pkey on sbtest3  (cost=0.43..6.33 rows=95 width=4)
	  Index Cond: ((id >= 4059504) AND (id <= 4059604))

table 4 : explain SELECT id FROM sbtest4 WHERE id BETWEEN 4059504 AND 4059604
	Index Only Scan using sbtest4_pkey on sbtest4  (cost=0.43..6.66 rows=111 width=4)
	  Index Cond: ((id >= 4059504) AND (id <= 4059604))

table 5 : explain SELECT id FROM sbtest5 WHERE id BETWEEN 4059504 AND 4059604
	Index Only Scan using sbtest5_pkey on sbtest5  (cost=0.43..6.45 rows=101 width=4)
	  Index Cond: ((id >= 4059504) AND (id <= 4059604))

table 6 : explain SELECT id FROM sbtest6 WHERE id BETWEEN 4059504 AND 4059604
	Index Only Scan using sbtest6_pkey on sbtest6  (cost=0.43..6.53 rows=105 width=4)
	  Index Cond: ((id >= 4059504) AND (id <= 4059604))

table 7 : explain SELECT id FROM sbtest7 WHERE id BETWEEN 4059504 AND 4059604
	Index Only Scan using sbtest7_pkey on sbtest7  (cost=0.43..6.45 rows=101 width=4)
	  Index Cond: ((id >= 4059504) AND (id <= 4059604))

table 8 : explain SELECT id FROM sbtest8 WHERE id BETWEEN 4059504 AND 4059604
	Index Only Scan using sbtest8_pkey on sbtest8  (cost=0.43..10.50 rows=103 width=4)
	  Index Cond: ((id >= 4059504) AND (id <= 4059604))

explain: for range-covered :: explain SELECT id FROM sbtest%d WHERE id BETWEEN 4059504 AND 4059604
explain: for range-covered :: explain SELECT id FROM sbtest%d WHERE id BETWEEN 3420174 AND 3420274
for range-covered
table 1 : explain SELECT id FROM sbtest1 WHERE id BETWEEN 4059504 AND 4059604
	Index Only Scan using sbtest1_pkey on sbtest1  (cost=0.43..6.33 rows=95 width=4)
	  Index Cond: ((id >= 4059504) AND (id <= 4059604))

table 2 : explain SELECT id FROM sbtest2 WHERE id BETWEEN 4059504 AND 4059604
	Index Only Scan using sbtest2_pkey on sbtest2  (cost=0.43..6.63 rows=110 width=4)
	  Index Cond: ((id >= 4059504) AND (id <= 4059604))

table 3 : explain SELECT id FROM sbtest3 WHERE id BETWEEN 4059504 AND 4059604
	Index Only Scan using sbtest3_pkey on sbtest3  (cost=0.43..6.33 rows=95 width=4)
	  Index Cond: ((id >= 4059504) AND (id <= 4059604))

table 4 : explain SELECT id FROM sbtest4 WHERE id BETWEEN 4059504 AND 4059604
	Index Only Scan using sbtest4_pkey on sbtest4  (cost=0.43..6.66 rows=111 width=4)
	  Index Cond: ((id >= 4059504) AND (id <= 4059604))

table 5 : explain SELECT id FROM sbtest5 WHERE id BETWEEN 4059504 AND 4059604
	Index Only Scan using sbtest5_pkey on sbtest5  (cost=0.43..6.45 rows=101 width=4)
	  Index Cond: ((id >= 4059504) AND (id <= 4059604))

table 6 : explain SELECT id FROM sbtest6 WHERE id BETWEEN 4059504 AND 4059604
	Index Only Scan using sbtest6_pkey on sbtest6  (cost=0.43..6.53 rows=105 width=4)
	  Index Cond: ((id >= 4059504) AND (id <= 4059604))

table 7 : explain SELECT id FROM sbtest7 WHERE id BETWEEN 4059504 AND 4059604
	Index Only Scan using sbtest7_pkey on sbtest7  (cost=0.43..6.45 rows=101 width=4)
	  Index Cond: ((id >= 4059504) AND (id <= 4059604))

table 8 : explain SELECT id FROM sbtest8 WHERE id BETWEEN 4059504 AND 4059604
	Index Only Scan using sbtest8_pkey on sbtest8  (cost=0.43..10.50 rows=103 width=4)
	  Index Cond: ((id >= 4059504) AND (id <= 4059604))

explain: for range-covered :: explain SELECT id FROM sbtest%d WHERE id BETWEEN 4059504 AND 4059604
for range-covered
table 1 : explain SELECT id FROM sbtest1 WHERE id BETWEEN 4059504 AND 4059604
	Index Only Scan using sbtest1_pkey on sbtest1  (cost=0.43..6.33 rows=95 width=4)
	  Index Cond: ((id >= 4059504) AND (id <= 4059604))

table 2 : explain SELECT id FROM sbtest2 WHERE id BETWEEN 4059504 AND 4059604
	Index Only Scan using sbtest2_pkey on sbtest2  (cost=0.43..6.63 rows=110 width=4)
	  Index Cond: ((id >= 4059504) AND (id <= 4059604))

table 3 : explain SELECT id FROM sbtest3 WHERE id BETWEEN 4059504 AND 4059604
	Index Only Scan using sbtest3_pkey on sbtest3  (cost=0.43..6.33 rows=95 width=4)
	  Index Cond: ((id >= 4059504) AND (id <= 4059604))

table 4 : explain SELECT id FROM sbtest4 WHERE id BETWEEN 4059504 AND 4059604
	Index Only Scan using sbtest4_pkey on sbtest4  (cost=0.43..6.66 rows=111 width=4)
	  Index Cond: ((id >= 4059504) AND (id <= 4059604))

table 5 : explain SELECT id FROM sbtest5 WHERE id BETWEEN 4059504 AND 4059604
	Index Only Scan using sbtest5_pkey on sbtest5  (cost=0.43..6.45 rows=101 width=4)
	  Index Cond: ((id >= 4059504) AND (id <= 4059604))

table 6 : explain SELECT id FROM sbtest6 WHERE id BETWEEN 4059504 AND 4059604
	Index Only Scan using sbtest6_pkey on sbtest6  (cost=0.43..6.53 rows=105 width=4)
	  Index Cond: ((id >= 4059504) AND (id <= 4059604))

table 7 : explain SELECT id FROM sbtest7 WHERE id BETWEEN 4059504 AND 4059604
	Index Only Scan using sbtest7_pkey on sbtest7  (cost=0.43..6.45 rows=101 width=4)
	  Index Cond: ((id >= 4059504) AND (id <= 4059604))

table 8 : explain SELECT id FROM sbtest8 WHERE id BETWEEN 4059504 AND 4059604
	Index Only Scan using sbtest8_pkey on sbtest8  (cost=0.43..10.50 rows=103 width=4)
	  Index Cond: ((id >= 4059504) AND (id <= 4059604))

explain: for range-covered :: explain SELECT id FROM sbtest%d WHERE id BETWEEN 4059504 AND 4059604
for range-covered
table 1 : explain SELECT id FROM sbtest1 WHERE id BETWEEN 4059504 AND 4059604
	Index Only Scan using sbtest1_pkey on sbtest1  (cost=0.43..6.33 rows=95 width=4)
	  Index Cond: ((id >= 4059504) AND (id <= 4059604))

table 2 : explain SELECT id FROM sbtest2 WHERE id BETWEEN 4059504 AND 4059604
	Index Only Scan using sbtest2_pkey on sbtest2  (cost=0.43..6.63 rows=110 width=4)
	  Index Cond: ((id >= 4059504) AND (id <= 4059604))

table 3 : explain SELECT id FROM sbtest3 WHERE id BETWEEN 4059504 AND 4059604
	Index Only Scan using sbtest3_pkey on sbtest3  (cost=0.43..6.33 rows=95 width=4)
	  Index Cond: ((id >= 4059504) AND (id <= 4059604))

table 4 : explain SELECT id FROM sbtest4 WHERE id BETWEEN 4059504 AND 4059604
	Index Only Scan using sbtest4_pkey on sbtest4  (cost=0.43..6.66 rows=111 width=4)
	  Index Cond: ((id >= 4059504) AND (id <= 4059604))

table 5 : explain SELECT id FROM sbtest5 WHERE id BETWEEN 4059504 AND 4059604
	Index Only Scan using sbtest5_pkey on sbtest5  (cost=0.43..6.45 rows=101 width=4)
	  Index Cond: ((id >= 4059504) AND (id <= 4059604))

table 6 : explain SELECT id FROM sbtest6 WHERE id BETWEEN 4059504 AND 4059604
	Index Only Scan using sbtest6_pkey on sbtest6  (cost=0.43..6.53 rows=105 width=4)
	  Index Cond: ((id >= 4059504) AND (id <= 4059604))

table 7 : explain SELECT id FROM sbtest7 WHERE id BETWEEN 4059504 AND 4059604
	Index Only Scan using sbtest7_pkey on sbtest7  (cost=0.43..6.45 rows=101 width=4)
	  Index Cond: ((id >= 4059504) AND (id <= 4059604))

table 8 : explain SELECT id FROM sbtest8 WHERE id BETWEEN 4059504 AND 4059604
	Index Only Scan using sbtest8_pkey on sbtest8  (cost=0.43..10.50 rows=103 width=4)
	  Index Cond: ((id >= 4059504) AND (id <= 4059604))

explain: for range-covered :: explain SELECT id FROM sbtest%d WHERE id BETWEEN 4059504 AND 4059604
for range-covered
table 1 : explain SELECT id FROM sbtest1 WHERE id BETWEEN 3041492 AND 3041592
	Index Only Scan using sbtest1_pkey on sbtest1  (cost=0.43..6.45 rows=101 width=4)
	  Index Cond: ((id >= 3041492) AND (id <= 3041592))

table 2 : explain SELECT id FROM sbtest2 WHERE id BETWEEN 3041492 AND 3041592
	Index Only Scan using sbtest2_pkey on sbtest2  (cost=0.43..6.40 rows=98 width=4)
	  Index Cond: ((id >= 3041492) AND (id <= 3041592))

table 3 : explain SELECT id FROM sbtest3 WHERE id BETWEEN 3041492 AND 3041592
	Index Only Scan using sbtest3_pkey on sbtest3  (cost=0.43..6.40 rows=98 width=4)
	  Index Cond: ((id >= 3041492) AND (id <= 3041592))

table 4 : explain SELECT id FROM sbtest4 WHERE id BETWEEN 3041492 AND 3041592
	Index Only Scan using sbtest4_pkey on sbtest4  (cost=0.43..6.37 rows=97 width=4)
	  Index Cond: ((id >= 3041492) AND (id <= 3041592))

table 5 : explain SELECT id FROM sbtest5 WHERE id BETWEEN 3041492 AND 3041592
	Index Only Scan using sbtest5_pkey on sbtest5  (cost=0.43..6.27 rows=92 width=4)
	  Index Cond: ((id >= 3041492) AND (id <= 3041592))

table 6 : explain SELECT id FROM sbtest6 WHERE id BETWEEN 3041492 AND 3041592
	Index Only Scan using sbtest6_pkey on sbtest6  (cost=0.43..6.43 rows=100 width=4)
	  Index Cond: ((id >= 3041492) AND (id <= 3041592))

table 7 : explain SELECT id FROM sbtest7 WHERE id BETWEEN 3041492 AND 3041592
	Index Only Scan using sbtest7_pkey on sbtest7  (cost=0.43..6.40 rows=98 width=4)
	  Index Cond: ((id >= 3041492) AND (id <= 3041592))

table 8 : explain SELECT id FROM sbtest8 WHERE id BETWEEN 3041492 AND 3041592
	Index Only Scan using sbtest8_pkey on sbtest8  (cost=0.43..10.50 rows=103 width=4)
	  Index Cond: ((id >= 3041492) AND (id <= 3041592))

for range-covered
table 1 : explain SELECT id FROM sbtest1 WHERE id BETWEEN 5606011 AND 5606111
	Index Only Scan using sbtest1_pkey on sbtest1  (cost=0.43..6.29 rows=93 width=4)
	  Index Cond: ((id >= 5606011) AND (id <= 5606111))

table 2 : explain SELECT id FROM sbtest2 WHERE id BETWEEN 5606011 AND 5606111
	Index Only Scan using sbtest2_pkey on sbtest2  (cost=0.43..6.47 rows=102 width=4)
	  Index Cond: ((id >= 5606011) AND (id <= 5606111))

table 3 : explain SELECT id FROM sbtest3 WHERE id BETWEEN 5606011 AND 5606111
	Index Only Scan using sbtest3_pkey on sbtest3  (cost=0.43..6.32 rows=94 width=4)
	  Index Cond: ((id >= 5606011) AND (id <= 5606111))

table 4 : explain SELECT id FROM sbtest4 WHERE id BETWEEN 5606011 AND 5606111
	Index Only Scan using sbtest4_pkey on sbtest4  (cost=0.43..6.40 rows=98 width=4)
	  Index Cond: ((id >= 5606011) AND (id <= 5606111))

table 5 : explain SELECT id FROM sbtest5 WHERE id BETWEEN 5606011 AND 5606111
	Index Only Scan using sbtest5_pkey on sbtest5  (cost=0.43..6.32 rows=94 width=4)
	  Index Cond: ((id >= 5606011) AND (id <= 5606111))

table 6 : explain SELECT id FROM sbtest6 WHERE id BETWEEN 5606011 AND 5606111
	Index Only Scan using sbtest6_pkey on sbtest6  (cost=0.43..6.53 rows=105 width=4)
	  Index Cond: ((id >= 5606011) AND (id <= 5606111))

table 7 : explain SELECT id FROM sbtest7 WHERE id BETWEEN 5606011 AND 5606111
	Index Only Scan using sbtest7_pkey on sbtest7  (cost=0.43..6.50 rows=103 width=4)
	  Index Cond: ((id >= 5606011) AND (id <= 5606111))

table 8 : explain SELECT id FROM sbtest8 WHERE id BETWEEN 5606011 AND 5606111
	Index Only Scan using sbtest8_pkey on sbtest8  (cost=0.43..10.50 rows=103 width=4)
	  Index Cond: ((id >= 5606011) AND (id <= 5606111))

for range-covered
table 1 : explain SELECT id FROM sbtest1 WHERE id BETWEEN 4104764 AND 4104864
	Index Only Scan using sbtest1_pkey on sbtest1  (cost=0.43..6.51 rows=104 width=4)
	  Index Cond: ((id >= 4104764) AND (id <= 4104864))

table 2 : explain SELECT id FROM sbtest2 WHERE id BETWEEN 4104764 AND 4104864
	Index Only Scan using sbtest2_pkey on sbtest2  (cost=0.43..6.32 rows=94 width=4)
	  Index Cond: ((id >= 4104764) AND (id <= 4104864))

table 3 : explain SELECT id FROM sbtest3 WHERE id BETWEEN 4104764 AND 4104864
	Index Only Scan using sbtest3_pkey on sbtest3  (cost=0.43..6.33 rows=95 width=4)
	  Index Cond: ((id >= 4104764) AND (id <= 4104864))

table 4 : explain SELECT id FROM sbtest4 WHERE id BETWEEN 4104764 AND 4104864
	Index Only Scan using sbtest4_pkey on sbtest4  (cost=0.43..6.66 rows=111 width=4)
	  Index Cond: ((id >= 4104764) AND (id <= 4104864))

table 5 : explain SELECT id FROM sbtest5 WHERE id BETWEEN 4104764 AND 4104864
	Index Only Scan using sbtest5_pkey on sbtest5  (cost=0.43..6.40 rows=98 width=4)
	  Index Cond: ((id >= 4104764) AND (id <= 4104864))

table 6 : explain SELECT id FROM sbtest6 WHERE id BETWEEN 4104764 AND 4104864
	Index Only Scan using sbtest6_pkey on sbtest6  (cost=0.43..6.29 rows=93 width=4)
	  Index Cond: ((id >= 4104764) AND (id <= 4104864))

table 7 : explain SELECT id FROM sbtest7 WHERE id BETWEEN 4104764 AND 4104864
	Index Only Scan using sbtest7_pkey on sbtest7  (cost=0.43..6.45 rows=101 width=4)
	  Index Cond: ((id >= 4104764) AND (id <= 4104864))

table 8 : explain SELECT id FROM sbtest8 WHERE id BETWEEN 4104764 AND 4104864
	Index Only Scan using sbtest8_pkey on sbtest8  (cost=0.43..10.50 rows=103 width=4)
	  Index Cond: ((id >= 4104764) AND (id <= 4104864))

explain: for range-covered :: explain SELECT id FROM sbtest%d WHERE id BETWEEN 5606011 AND 5606111
explain: for range-covered :: explain SELECT id FROM sbtest%d WHERE id BETWEEN 4104764 AND 4104864
for range-covered
table 1 : explain SELECT id FROM sbtest1 WHERE id BETWEEN 6728611 AND 6728711
	Index Only Scan using sbtest1_pkey on sbtest1  (cost=0.43..6.24 rows=90 width=4)
	  Index Cond: ((id >= 6728611) AND (id <= 6728711))

table 2 : explain SELECT id FROM sbtest2 WHERE id BETWEEN 6728611 AND 6728711
	Index Only Scan using sbtest2_pkey on sbtest2  (cost=0.43..6.47 rows=102 width=4)
	  Index Cond: ((id >= 6728611) AND (id <= 6728711))

table 3 : explain SELECT id FROM sbtest3 WHERE id BETWEEN 6728611 AND 6728711
	Index Only Scan using sbtest3_pkey on sbtest3  (cost=0.43..6.63 rows=110 width=4)
	  Index Cond: ((id >= 6728611) AND (id <= 6728711))

table 4 : explain SELECT id FROM sbtest4 WHERE id BETWEEN 6728611 AND 6728711
	Index Only Scan using sbtest4_pkey on sbtest4  (cost=0.43..6.47 rows=102 width=4)
	  Index Cond: ((id >= 6728611) AND (id <= 6728711))

table 5 : explain SELECT id FROM sbtest5 WHERE id BETWEEN 6728611 AND 6728711
	Index Only Scan using sbtest5_pkey on sbtest5  (cost=0.43..6.45 rows=101 width=4)
	  Index Cond: ((id >= 6728611) AND (id <= 6728711))

table 6 : explain SELECT id FROM sbtest6 WHERE id BETWEEN 6728611 AND 6728711
	Index Only Scan using sbtest6_pkey on sbtest6  (cost=0.43..6.51 rows=104 width=4)
	  Index Cond: ((id >= 6728611) AND (id <= 6728711))

table 7 : explain SELECT id FROM sbtest7 WHERE id BETWEEN 6728611 AND 6728711
	Index Only Scan using sbtest7_pkey on sbtest7  (cost=0.43..6.51 rows=104 width=4)
	  Index Cond: ((id >= 6728611) AND (id <= 6728711))

table 8 : explain SELECT id FROM sbtest8 WHERE id BETWEEN 6728611 AND 6728711
	Index Only Scan using sbtest8_pkey on sbtest8  (cost=0.43..10.33 rows=95 width=4)
	  Index Cond: ((id >= 6728611) AND (id <= 6728711))

explain: for range-covered :: explain SELECT id FROM sbtest%d WHERE id BETWEEN 6728611 AND 6728711
for range-covered
table 1 : explain SELECT id FROM sbtest1 WHERE id BETWEEN 6964180 AND 6964280
	Index Only Scan using sbtest1_pkey on sbtest1  (cost=0.43..6.45 rows=101 width=4)
	  Index Cond: ((id >= 6964180) AND (id <= 6964280))

table 2 : explain SELECT id FROM sbtest2 WHERE id BETWEEN 6964180 AND 6964280
	Index Only Scan using sbtest2_pkey on sbtest2  (cost=0.43..6.35 rows=96 width=4)
	  Index Cond: ((id >= 6964180) AND (id <= 6964280))

table 3 : explain SELECT id FROM sbtest3 WHERE id BETWEEN 6964180 AND 6964280
	Index Only Scan using sbtest3_pkey on sbtest3  (cost=0.43..6.33 rows=95 width=4)
	  Index Cond: ((id >= 6964180) AND (id <= 6964280))

table 4 : explain SELECT id FROM sbtest4 WHERE id BETWEEN 6964180 AND 6964280
	Index Only Scan using sbtest4_pkey on sbtest4  (cost=0.43..6.47 rows=102 width=4)
	  Index Cond: ((id >= 6964180) AND (id <= 6964280))

table 5 : explain SELECT id FROM sbtest5 WHERE id BETWEEN 6964180 AND 6964280
	Index Only Scan using sbtest5_pkey on sbtest5  (cost=0.43..6.37 rows=97 width=4)
	  Index Cond: ((id >= 6964180) AND (id <= 6964280))

table 6 : explain SELECT id FROM sbtest6 WHERE id BETWEEN 6964180 AND 6964280
	Index Only Scan using sbtest6_pkey on sbtest6  (cost=0.43..6.40 rows=98 width=4)
	  Index Cond: ((id >= 6964180) AND (id <= 6964280))

table 7 : explain SELECT id FROM sbtest7 WHERE id BETWEEN 6964180 AND 6964280
	Index Only Scan using sbtest7_pkey on sbtest7  (cost=0.43..6.45 rows=101 width=4)
	  Index Cond: ((id >= 6964180) AND (id <= 6964280))

table 8 : explain SELECT id FROM sbtest8 WHERE id BETWEEN 6964180 AND 6964280
	Index Only Scan using sbtest8_pkey on sbtest8  (cost=0.43..10.50 rows=103 width=4)
	  Index Cond: ((id >= 6964180) AND (id <= 6964280))

explain: for range-covered :: explain SELECT id FROM sbtest%d WHERE id BETWEEN 6964180 AND 6964280
explain: for range-covered :: explain SELECT id FROM sbtest%d WHERE id BETWEEN 8134821 AND 8134921
for range-covered
table 1 : explain SELECT id FROM sbtest1 WHERE id BETWEEN 5606011 AND 5606111
	Index Only Scan using sbtest1_pkey on sbtest1  (cost=0.43..6.29 rows=93 width=4)
	  Index Cond: ((id >= 5606011) AND (id <= 5606111))

table 2 : explain SELECT id FROM sbtest2 WHERE id BETWEEN 5606011 AND 5606111
	Index Only Scan using sbtest2_pkey on sbtest2  (cost=0.43..6.47 rows=102 width=4)
	  Index Cond: ((id >= 5606011) AND (id <= 5606111))

table 3 : explain SELECT id FROM sbtest3 WHERE id BETWEEN 5606011 AND 5606111
	Index Only Scan using sbtest3_pkey on sbtest3  (cost=0.43..6.32 rows=94 width=4)
	  Index Cond: ((id >= 5606011) AND (id <= 5606111))

table 4 : explain SELECT id FROM sbtest4 WHERE id BETWEEN 5606011 AND 5606111
	Index Only Scan using sbtest4_pkey on sbtest4  (cost=0.43..6.40 rows=98 width=4)
	  Index Cond: ((id >= 5606011) AND (id <= 5606111))

table 5 : explain SELECT id FROM sbtest5 WHERE id BETWEEN 5606011 AND 5606111
	Index Only Scan using sbtest5_pkey on sbtest5  (cost=0.43..6.32 rows=94 width=4)
	  Index Cond: ((id >= 5606011) AND (id <= 5606111))

table 6 : explain SELECT id FROM sbtest6 WHERE id BETWEEN 5606011 AND 5606111
	Index Only Scan using sbtest6_pkey on sbtest6  (cost=0.43..6.53 rows=105 width=4)
	  Index Cond: ((id >= 5606011) AND (id <= 5606111))

table 7 : explain SELECT id FROM sbtest7 WHERE id BETWEEN 5606011 AND 5606111
	Index Only Scan using sbtest7_pkey on sbtest7  (cost=0.43..6.50 rows=103 width=4)
	  Index Cond: ((id >= 5606011) AND (id <= 5606111))

table 8 : explain SELECT id FROM sbtest8 WHERE id BETWEEN 5606011 AND 5606111
	Index Only Scan using sbtest8_pkey on sbtest8  (cost=0.43..10.50 rows=103 width=4)
	  Index Cond: ((id >= 5606011) AND (id <= 5606111))

explain: for range-covered :: explain SELECT id FROM sbtest%d WHERE id BETWEEN 5606011 AND 5606111
for range-covered
table 1 : explain SELECT id FROM sbtest1 WHERE id BETWEEN 5647711 AND 5647811
	Index Only Scan using sbtest1_pkey on sbtest1  (cost=0.43..6.29 rows=93 width=4)
	  Index Cond: ((id >= 5647711) AND (id <= 5647811))

table 2 : explain SELECT id FROM sbtest2 WHERE id BETWEEN 5647711 AND 5647811
	Index Only Scan using sbtest2_pkey on sbtest2  (cost=0.43..6.61 rows=109 width=4)
	  Index Cond: ((id >= 5647711) AND (id <= 5647811))

table 3 : explain SELECT id FROM sbtest3 WHERE id BETWEEN 5647711 AND 5647811
	Index Only Scan using sbtest3_pkey on sbtest3  (cost=0.43..6.45 rows=101 width=4)
	  Index Cond: ((id >= 5647711) AND (id <= 5647811))

table 4 : explain SELECT id FROM sbtest4 WHERE id BETWEEN 5647711 AND 5647811
	Index Only Scan using sbtest4_pkey on sbtest4  (cost=0.43..6.51 rows=104 width=4)
	  Index Cond: ((id >= 5647711) AND (id <= 5647811))

table 5 : explain SELECT id FROM sbtest5 WHERE id BETWEEN 5647711 AND 5647811
	Index Only Scan using sbtest5_pkey on sbtest5  (cost=0.43..6.32 rows=94 width=4)
	  Index Cond: ((id >= 5647711) AND (id <= 5647811))

table 6 : explain SELECT id FROM sbtest6 WHERE id BETWEEN 5647711 AND 5647811
	Index Only Scan using sbtest6_pkey on sbtest6  (cost=0.43..6.50 rows=103 width=4)
	  Index Cond: ((id >= 5647711) AND (id <= 5647811))

table 7 : explain SELECT id FROM sbtest7 WHERE id BETWEEN 5647711 AND 5647811
	Index Only Scan using sbtest7_pkey on sbtest7  (cost=0.43..6.35 rows=96 width=4)
	  Index Cond: ((id >= 5647711) AND (id <= 5647811))

table 8 : explain SELECT id FROM sbtest8 WHERE id BETWEEN 5647711 AND 5647811
	Index Only Scan using sbtest8_pkey on sbtest8  (cost=0.43..10.50 rows=103 width=4)
	  Index Cond: ((id >= 5647711) AND (id <= 5647811))

for range-covered
table 1 : explain SELECT id FROM sbtest1 WHERE id BETWEEN 2822485 AND 2822585
	Index Only Scan using sbtest1_pkey on sbtest1  (cost=0.43..6.45 rows=101 width=4)
	  Index Cond: ((id >= 2822485) AND (id <= 2822585))

table 2 : explain SELECT id FROM sbtest2 WHERE id BETWEEN 2822485 AND 2822585
	Index Only Scan using sbtest2_pkey on sbtest2  (cost=0.43..6.42 rows=99 width=4)
	  Index Cond: ((id >= 2822485) AND (id <= 2822585))

table 3 : explain SELECT id FROM sbtest3 WHERE id BETWEEN 2822485 AND 2822585
	Index Only Scan using sbtest3_pkey on sbtest3  (cost=0.43..6.42 rows=99 width=4)
	  Index Cond: ((id >= 2822485) AND (id <= 2822585))

table 4 : explain SELECT id FROM sbtest4 WHERE id BETWEEN 2822485 AND 2822585
	Index Only Scan using sbtest4_pkey on sbtest4  (cost=0.43..6.50 rows=103 width=4)
	  Index Cond: ((id >= 2822485) AND (id <= 2822585))

table 5 : explain SELECT id FROM sbtest5 WHERE id BETWEEN 2822485 AND 2822585
	Index Only Scan using sbtest5_pkey on sbtest5  (cost=0.43..6.29 rows=93 width=4)
	  Index Cond: ((id >= 2822485) AND (id <= 2822585))

table 6 : explain SELECT id FROM sbtest6 WHERE id BETWEEN 2822485 AND 2822585
	Index Only Scan using sbtest6_pkey on sbtest6  (cost=0.43..6.42 rows=99 width=4)
	  Index Cond: ((id >= 2822485) AND (id <= 2822585))

table 7 : explain SELECT id FROM sbtest7 WHERE id BETWEEN 2822485 AND 2822585
	Index Only Scan using sbtest7_pkey on sbtest7  (cost=0.43..6.32 rows=94 width=4)
	  Index Cond: ((id >= 2822485) AND (id <= 2822585))

table 8 : explain SELECT id FROM sbtest8 WHERE id BETWEEN 2822485 AND 2822585
	Index Only Scan using sbtest8_pkey on sbtest8  (cost=0.43..10.46 rows=101 width=4)
	  Index Cond: ((id >= 2822485) AND (id <= 2822585))

explain: for range-covered :: explain SELECT id FROM sbtest%d WHERE id BETWEEN 5647711 AND 5647811
explain: for range-covered :: explain SELECT id FROM sbtest%d WHERE id BETWEEN 2822485 AND 2822585
for range-covered
table 1 : explain SELECT id FROM sbtest1 WHERE id BETWEEN 4104764 AND 4104864
	Index Only Scan using sbtest1_pkey on sbtest1  (cost=0.43..6.51 rows=104 width=4)
	  Index Cond: ((id >= 4104764) AND (id <= 4104864))

table 2 : explain SELECT id FROM sbtest2 WHERE id BETWEEN 4104764 AND 4104864
	Index Only Scan using sbtest2_pkey on sbtest2  (cost=0.43..6.32 rows=94 width=4)
	  Index Cond: ((id >= 4104764) AND (id <= 4104864))

table 3 : explain SELECT id FROM sbtest3 WHERE id BETWEEN 4104764 AND 4104864
	Index Only Scan using sbtest3_pkey on sbtest3  (cost=0.43..6.33 rows=95 width=4)
	  Index Cond: ((id >= 4104764) AND (id <= 4104864))

table 4 : explain SELECT id FROM sbtest4 WHERE id BETWEEN 4104764 AND 4104864
	Index Only Scan using sbtest4_pkey on sbtest4  (cost=0.43..6.66 rows=111 width=4)
	  Index Cond: ((id >= 4104764) AND (id <= 4104864))

table 5 : explain SELECT id FROM sbtest5 WHERE id BETWEEN 4104764 AND 4104864
	Index Only Scan using sbtest5_pkey on sbtest5  (cost=0.43..6.40 rows=98 width=4)
	  Index Cond: ((id >= 4104764) AND (id <= 4104864))

table 6 : explain SELECT id FROM sbtest6 WHERE id BETWEEN 4104764 AND 4104864
	Index Only Scan using sbtest6_pkey on sbtest6  (cost=0.43..6.29 rows=93 width=4)
	  Index Cond: ((id >= 4104764) AND (id <= 4104864))

table 7 : explain SELECT id FROM sbtest7 WHERE id BETWEEN 4104764 AND 4104864
	Index Only Scan using sbtest7_pkey on sbtest7  (cost=0.43..6.45 rows=101 width=4)
	  Index Cond: ((id >= 4104764) AND (id <= 4104864))

table 8 : explain SELECT id FROM sbtest8 WHERE id BETWEEN 4104764 AND 4104864
	Index Only Scan using sbtest8_pkey on sbtest8  (cost=0.43..10.50 rows=103 width=4)
	  Index Cond: ((id >= 4104764) AND (id <= 4104864))

for range-covered
table 1 : explain SELECT id FROM sbtest1 WHERE id BETWEEN 6728611 AND 6728711
	Index Only Scan using sbtest1_pkey on sbtest1  (cost=0.43..6.24 rows=90 width=4)
	  Index Cond: ((id >= 6728611) AND (id <= 6728711))

table 2 : explain SELECT id FROM sbtest2 WHERE id BETWEEN 6728611 AND 6728711
	Index Only Scan using sbtest2_pkey on sbtest2  (cost=0.43..6.47 rows=102 width=4)
	  Index Cond: ((id >= 6728611) AND (id <= 6728711))

table 3 : explain SELECT id FROM sbtest3 WHERE id BETWEEN 6728611 AND 6728711
	Index Only Scan using sbtest3_pkey on sbtest3  (cost=0.43..6.63 rows=110 width=4)
	  Index Cond: ((id >= 6728611) AND (id <= 6728711))

table 4 : explain SELECT id FROM sbtest4 WHERE id BETWEEN 6728611 AND 6728711
	Index Only Scan using sbtest4_pkey on sbtest4  (cost=0.43..6.47 rows=102 width=4)
	  Index Cond: ((id >= 6728611) AND (id <= 6728711))

table 5 : explain SELECT id FROM sbtest5 WHERE id BETWEEN 6728611 AND 6728711
	Index Only Scan using sbtest5_pkey on sbtest5  (cost=0.43..6.45 rows=101 width=4)
	  Index Cond: ((id >= 6728611) AND (id <= 6728711))

table 6 : explain SELECT id FROM sbtest6 WHERE id BETWEEN 6728611 AND 6728711
	Index Only Scan using sbtest6_pkey on sbtest6  (cost=0.43..6.51 rows=104 width=4)
	  Index Cond: ((id >= 6728611) AND (id <= 6728711))

table 7 : explain SELECT id FROM sbtest7 WHERE id BETWEEN 6728611 AND 6728711
	Index Only Scan using sbtest7_pkey on sbtest7  (cost=0.43..6.51 rows=104 width=4)
	  Index Cond: ((id >= 6728611) AND (id <= 6728711))

table 8 : explain SELECT id FROM sbtest8 WHERE id BETWEEN 6728611 AND 6728711
	Index Only Scan using sbtest8_pkey on sbtest8  (cost=0.43..10.33 rows=95 width=4)
	  Index Cond: ((id >= 6728611) AND (id <= 6728711))

explain: for range-covered :: explain SELECT id FROM sbtest%d WHERE id BETWEEN 4104764 AND 4104864
for range-covered
table 1 : explain SELECT id FROM sbtest1 WHERE id BETWEEN 6930897 AND 6930997
	Index Only Scan using sbtest1_pkey on sbtest1  (cost=0.43..6.21 rows=89 width=4)
	  Index Cond: ((id >= 6930897) AND (id <= 6930997))

table 2 : explain SELECT id FROM sbtest2 WHERE id BETWEEN 6930897 AND 6930997
	Index Only Scan using sbtest2_pkey on sbtest2  (cost=0.43..6.35 rows=96 width=4)
	  Index Cond: ((id >= 6930897) AND (id <= 6930997))

table 3 : explain SELECT id FROM sbtest3 WHERE id BETWEEN 6930897 AND 6930997
	Index Only Scan using sbtest3_pkey on sbtest3  (cost=0.43..6.33 rows=95 width=4)
	  Index Cond: ((id >= 6930897) AND (id <= 6930997))

table 4 : explain SELECT id FROM sbtest4 WHERE id BETWEEN 6930897 AND 6930997
	Index Only Scan using sbtest4_pkey on sbtest4  (cost=0.43..6.47 rows=102 width=4)
	  Index Cond: ((id >= 6930897) AND (id <= 6930997))

table 5 : explain SELECT id FROM sbtest5 WHERE id BETWEEN 6930897 AND 6930997
	Index Only Scan using sbtest5_pkey on sbtest5  (cost=0.43..6.37 rows=97 width=4)
	  Index Cond: ((id >= 6930897) AND (id <= 6930997))

table 6 : explain SELECT id FROM sbtest6 WHERE id BETWEEN 6930897 AND 6930997
	Index Only Scan using sbtest6_pkey on sbtest6  (cost=0.43..6.40 rows=98 width=4)
	  Index Cond: ((id >= 6930897) AND (id <= 6930997))

table 7 : explain SELECT id FROM sbtest7 WHERE id BETWEEN 6930897 AND 6930997
	Index Only Scan using sbtest7_pkey on sbtest7  (cost=0.43..6.45 rows=101 width=4)
	  Index Cond: ((id >= 6930897) AND (id <= 6930997))

table 8 : explain SELECT id FROM sbtest8 WHERE id BETWEEN 6930897 AND 6930997
	Index Only Scan using sbtest8_pkey on sbtest8  (cost=0.43..10.50 rows=103 width=4)
	  Index Cond: ((id >= 6930897) AND (id <= 6930997))

explain: for range-covered :: explain SELECT id FROM sbtest%d WHERE id BETWEEN 6728611 AND 6728711
for range-covered
table 1 : explain SELECT id FROM sbtest1 WHERE id BETWEEN 4059504 AND 4059604
	Index Only Scan using sbtest1_pkey on sbtest1  (cost=0.43..6.33 rows=95 width=4)
	  Index Cond: ((id >= 4059504) AND (id <= 4059604))

table 2 : explain SELECT id FROM sbtest2 WHERE id BETWEEN 4059504 AND 4059604
	Index Only Scan using sbtest2_pkey on sbtest2  (cost=0.43..6.63 rows=110 width=4)
	  Index Cond: ((id >= 4059504) AND (id <= 4059604))

table 3 : explain SELECT id FROM sbtest3 WHERE id BETWEEN 4059504 AND 4059604
	Index Only Scan using sbtest3_pkey on sbtest3  (cost=0.43..6.33 rows=95 width=4)
	  Index Cond: ((id >= 4059504) AND (id <= 4059604))

table 4 : explain SELECT id FROM sbtest4 WHERE id BETWEEN 4059504 AND 4059604
	Index Only Scan using sbtest4_pkey on sbtest4  (cost=0.43..6.66 rows=111 width=4)
	  Index Cond: ((id >= 4059504) AND (id <= 4059604))

table 5 : explain SELECT id FROM sbtest5 WHERE id BETWEEN 4059504 AND 4059604
	Index Only Scan using sbtest5_pkey on sbtest5  (cost=0.43..6.45 rows=101 width=4)
	  Index Cond: ((id >= 4059504) AND (id <= 4059604))

table 6 : explain SELECT id FROM sbtest6 WHERE id BETWEEN 4059504 AND 4059604
	Index Only Scan using sbtest6_pkey on sbtest6  (cost=0.43..6.53 rows=105 width=4)
	  Index Cond: ((id >= 4059504) AND (id <= 4059604))

table 7 : explain SELECT id FROM sbtest7 WHERE id BETWEEN 4059504 AND 4059604
	Index Only Scan using sbtest7_pkey on sbtest7  (cost=0.43..6.45 rows=101 width=4)
	  Index Cond: ((id >= 4059504) AND (id <= 4059604))

table 8 : explain SELECT id FROM sbtest8 WHERE id BETWEEN 4059504 AND 4059604
	Index Only Scan using sbtest8_pkey on sbtest8  (cost=0.43..10.50 rows=103 width=4)
	  Index Cond: ((id >= 4059504) AND (id <= 4059604))

for range-covered
table 1 : explain SELECT id FROM sbtest1 WHERE id BETWEEN 9238850 AND 9238950
	Index Only Scan using sbtest1_pkey on sbtest1  (cost=0.43..6.47 rows=102 width=4)
	  Index Cond: ((id >= 9238850) AND (id <= 9238950))

table 2 : explain SELECT id FROM sbtest2 WHERE id BETWEEN 9238850 AND 9238950
	Index Only Scan using sbtest2_pkey on sbtest2  (cost=0.43..6.45 rows=101 width=4)
	  Index Cond: ((id >= 9238850) AND (id <= 9238950))

table 3 : explain SELECT id FROM sbtest3 WHERE id BETWEEN 9238850 AND 9238950
	Index Only Scan using sbtest3_pkey on sbtest3  (cost=0.43..6.37 rows=97 width=4)
	  Index Cond: ((id >= 9238850) AND (id <= 9238950))

table 4 : explain SELECT id FROM sbtest4 WHERE id BETWEEN 9238850 AND 9238950
	Index Only Scan using sbtest4_pkey on sbtest4  (cost=0.43..6.56 rows=106 width=4)
	  Index Cond: ((id >= 9238850) AND (id <= 9238950))

table 5 : explain SELECT id FROM sbtest5 WHERE id BETWEEN 9238850 AND 9238950
	Index Only Scan using sbtest5_pkey on sbtest5  (cost=0.43..6.32 rows=94 width=4)
	  Index Cond: ((id >= 9238850) AND (id <= 9238950))

table 6 : explain SELECT id FROM sbtest6 WHERE id BETWEEN 9238850 AND 9238950
	Index Only Scan using sbtest6_pkey on sbtest6  (cost=0.43..6.51 rows=104 width=4)
	  Index Cond: ((id >= 9238850) AND (id <= 9238950))

table 7 : explain SELECT id FROM sbtest7 WHERE id BETWEEN 9238850 AND 9238950
	Index Only Scan using sbtest7_pkey on sbtest7  (cost=0.43..6.37 rows=97 width=4)
	  Index Cond: ((id >= 9238850) AND (id <= 9238950))

table 8 : explain SELECT id FROM sbtest8 WHERE id BETWEEN 9238850 AND 9238950
	Index Only Scan using sbtest8_pkey on sbtest8  (cost=0.43..10.36 rows=96 width=4)
	  Index Cond: ((id >= 9238850) AND (id <= 9238950))

for range-covered
table 1 : explain SELECT id FROM sbtest1 WHERE id BETWEEN 5606011 AND 5606111
	Index Only Scan using sbtest1_pkey on sbtest1  (cost=0.43..6.29 rows=93 width=4)
	  Index Cond: ((id >= 5606011) AND (id <= 5606111))

table 2 : explain SELECT id FROM sbtest2 WHERE id BETWEEN 5606011 AND 5606111
	Index Only Scan using sbtest2_pkey on sbtest2  (cost=0.43..6.47 rows=102 width=4)
	  Index Cond: ((id >= 5606011) AND (id <= 5606111))

table 3 : explain SELECT id FROM sbtest3 WHERE id BETWEEN 5606011 AND 5606111
	Index Only Scan using sbtest3_pkey on sbtest3  (cost=0.43..6.32 rows=94 width=4)
	  Index Cond: ((id >= 5606011) AND (id <= 5606111))

table 4 : explain SELECT id FROM sbtest4 WHERE id BETWEEN 5606011 AND 5606111
	Index Only Scan using sbtest4_pkey on sbtest4  (cost=0.43..6.40 rows=98 width=4)
	  Index Cond: ((id >= 5606011) AND (id <= 5606111))

table 5 : explain SELECT id FROM sbtest5 WHERE id BETWEEN 5606011 AND 5606111
	Index Only Scan using sbtest5_pkey on sbtest5  (cost=0.43..6.32 rows=94 width=4)
	  Index Cond: ((id >= 5606011) AND (id <= 5606111))

table 6 : explain SELECT id FROM sbtest6 WHERE id BETWEEN 5606011 AND 5606111
	Index Only Scan using sbtest6_pkey on sbtest6  (cost=0.43..6.53 rows=105 width=4)
	  Index Cond: ((id >= 5606011) AND (id <= 5606111))

table 7 : explain SELECT id FROM sbtest7 WHERE id BETWEEN 5606011 AND 5606111
	Index Only Scan using sbtest7_pkey on sbtest7  (cost=0.43..6.50 rows=103 width=4)
	  Index Cond: ((id >= 5606011) AND (id <= 5606111))

table 8 : explain SELECT id FROM sbtest8 WHERE id BETWEEN 5606011 AND 5606111
	Index Only Scan using sbtest8_pkey on sbtest8  (cost=0.43..10.50 rows=103 width=4)
	  Index Cond: ((id >= 5606011) AND (id <= 5606111))

for range-covered
table 1 : explain SELECT id FROM sbtest1 WHERE id BETWEEN 6964180 AND 6964280
	Index Only Scan using sbtest1_pkey on sbtest1  (cost=0.43..6.45 rows=101 width=4)
	  Index Cond: ((id >= 6964180) AND (id <= 6964280))

table 2 : explain SELECT id FROM sbtest2 WHERE id BETWEEN 6964180 AND 6964280
	Index Only Scan using sbtest2_pkey on sbtest2  (cost=0.43..6.35 rows=96 width=4)
	  Index Cond: ((id >= 6964180) AND (id <= 6964280))

table 3 : explain SELECT id FROM sbtest3 WHERE id BETWEEN 6964180 AND 6964280
	Index Only Scan using sbtest3_pkey on sbtest3  (cost=0.43..6.33 rows=95 width=4)
	  Index Cond: ((id >= 6964180) AND (id <= 6964280))

table 4 : explain SELECT id FROM sbtest4 WHERE id BETWEEN 6964180 AND 6964280
	Index Only Scan using sbtest4_pkey on sbtest4  (cost=0.43..6.47 rows=102 width=4)
	  Index Cond: ((id >= 6964180) AND (id <= 6964280))

table 5 : explain SELECT id FROM sbtest5 WHERE id BETWEEN 6964180 AND 6964280
	Index Only Scan using sbtest5_pkey on sbtest5  (cost=0.43..6.37 rows=97 width=4)
	  Index Cond: ((id >= 6964180) AND (id <= 6964280))

table 6 : explain SELECT id FROM sbtest6 WHERE id BETWEEN 6964180 AND 6964280
	Index Only Scan using sbtest6_pkey on sbtest6  (cost=0.43..6.40 rows=98 width=4)
	  Index Cond: ((id >= 6964180) AND (id <= 6964280))

table 7 : explain SELECT id FROM sbtest7 WHERE id BETWEEN 6964180 AND 6964280
	Index Only Scan using sbtest7_pkey on sbtest7  (cost=0.43..6.45 rows=101 width=4)
	  Index Cond: ((id >= 6964180) AND (id <= 6964280))

table 8 : explain SELECT id FROM sbtest8 WHERE id BETWEEN 6964180 AND 6964280
	Index Only Scan using sbtest8_pkey on sbtest8  (cost=0.43..10.50 rows=103 width=4)
	  Index Cond: ((id >= 6964180) AND (id <= 6964280))

explain: for range-covered :: explain SELECT id FROM sbtest%d WHERE id BETWEEN 6930897 AND 6930997
explain: for range-covered :: explain SELECT id FROM sbtest%d WHERE id BETWEEN 5606011 AND 5606111
explain: for range-covered :: explain SELECT id FROM sbtest%d WHERE id BETWEEN 6964180 AND 6964280
explain: for range-covered :: explain SELECT id FROM sbtest%d WHERE id BETWEEN 9238850 AND 9238950
for range-covered
table 1 : explain SELECT id FROM sbtest1 WHERE id BETWEEN 2822485 AND 2822585
	Index Only Scan using sbtest1_pkey on sbtest1  (cost=0.43..6.45 rows=101 width=4)
	  Index Cond: ((id >= 2822485) AND (id <= 2822585))

table 2 : explain SELECT id FROM sbtest2 WHERE id BETWEEN 2822485 AND 2822585
	Index Only Scan using sbtest2_pkey on sbtest2  (cost=0.43..6.42 rows=99 width=4)
	  Index Cond: ((id >= 2822485) AND (id <= 2822585))

table 3 : explain SELECT id FROM sbtest3 WHERE id BETWEEN 2822485 AND 2822585
	Index Only Scan using sbtest3_pkey on sbtest3  (cost=0.43..6.42 rows=99 width=4)
	  Index Cond: ((id >= 2822485) AND (id <= 2822585))

table 4 : explain SELECT id FROM sbtest4 WHERE id BETWEEN 2822485 AND 2822585
	Index Only Scan using sbtest4_pkey on sbtest4  (cost=0.43..6.50 rows=103 width=4)
	  Index Cond: ((id >= 2822485) AND (id <= 2822585))

table 5 : explain SELECT id FROM sbtest5 WHERE id BETWEEN 2822485 AND 2822585
	Index Only Scan using sbtest5_pkey on sbtest5  (cost=0.43..6.29 rows=93 width=4)
	  Index Cond: ((id >= 2822485) AND (id <= 2822585))

table 6 : explain SELECT id FROM sbtest6 WHERE id BETWEEN 2822485 AND 2822585
	Index Only Scan using sbtest6_pkey on sbtest6  (cost=0.43..6.42 rows=99 width=4)
	  Index Cond: ((id >= 2822485) AND (id <= 2822585))

table 7 : explain SELECT id FROM sbtest7 WHERE id BETWEEN 2822485 AND 2822585
	Index Only Scan using sbtest7_pkey on sbtest7  (cost=0.43..6.32 rows=94 width=4)
	  Index Cond: ((id >= 2822485) AND (id <= 2822585))

table 8 : explain SELECT id FROM sbtest8 WHERE id BETWEEN 2822485 AND 2822585
	Index Only Scan using sbtest8_pkey on sbtest8  (cost=0.43..10.46 rows=101 width=4)
	  Index Cond: ((id >= 2822485) AND (id <= 2822585))

for range-covered
table 1 : explain SELECT id FROM sbtest1 WHERE id BETWEEN 5647711 AND 5647811
	Index Only Scan using sbtest1_pkey on sbtest1  (cost=0.43..6.29 rows=93 width=4)
	  Index Cond: ((id >= 5647711) AND (id <= 5647811))

table 2 : explain SELECT id FROM sbtest2 WHERE id BETWEEN 5647711 AND 5647811
	Index Only Scan using sbtest2_pkey on sbtest2  (cost=0.43..6.61 rows=109 width=4)
	  Index Cond: ((id >= 5647711) AND (id <= 5647811))

table 3 : explain SELECT id FROM sbtest3 WHERE id BETWEEN 5647711 AND 5647811
	Index Only Scan using sbtest3_pkey on sbtest3  (cost=0.43..6.45 rows=101 width=4)
	  Index Cond: ((id >= 5647711) AND (id <= 5647811))

table 4 : explain SELECT id FROM sbtest4 WHERE id BETWEEN 5647711 AND 5647811
	Index Only Scan using sbtest4_pkey on sbtest4  (cost=0.43..6.51 rows=104 width=4)
	  Index Cond: ((id >= 5647711) AND (id <= 5647811))

table 5 : explain SELECT id FROM sbtest5 WHERE id BETWEEN 5647711 AND 5647811
	Index Only Scan using sbtest5_pkey on sbtest5  (cost=0.43..6.32 rows=94 width=4)
	  Index Cond: ((id >= 5647711) AND (id <= 5647811))

table 6 : explain SELECT id FROM sbtest6 WHERE id BETWEEN 5647711 AND 5647811
	Index Only Scan using sbtest6_pkey on sbtest6  (cost=0.43..6.50 rows=103 width=4)
	  Index Cond: ((id >= 5647711) AND (id <= 5647811))

table 7 : explain SELECT id FROM sbtest7 WHERE id BETWEEN 5647711 AND 5647811
	Index Only Scan using sbtest7_pkey on sbtest7  (cost=0.43..6.35 rows=96 width=4)
	  Index Cond: ((id >= 5647711) AND (id <= 5647811))

table 8 : explain SELECT id FROM sbtest8 WHERE id BETWEEN 5647711 AND 5647811
	Index Only Scan using sbtest8_pkey on sbtest8  (cost=0.43..10.50 rows=103 width=4)
	  Index Cond: ((id >= 5647711) AND (id <= 5647811))

explain: for range-covered :: explain SELECT id FROM sbtest%d WHERE id BETWEEN 2822485 AND 2822585
explain: for range-covered :: explain SELECT id FROM sbtest%d WHERE id BETWEEN 5647711 AND 5647811
for range-covered
table 1 : explain SELECT id FROM sbtest1 WHERE id BETWEEN 4104764 AND 4104864
	Index Only Scan using sbtest1_pkey on sbtest1  (cost=0.43..6.51 rows=104 width=4)
	  Index Cond: ((id >= 4104764) AND (id <= 4104864))

table 2 : explain SELECT id FROM sbtest2 WHERE id BETWEEN 4104764 AND 4104864
	Index Only Scan using sbtest2_pkey on sbtest2  (cost=0.43..6.32 rows=94 width=4)
	  Index Cond: ((id >= 4104764) AND (id <= 4104864))

table 3 : explain SELECT id FROM sbtest3 WHERE id BETWEEN 4104764 AND 4104864
	Index Only Scan using sbtest3_pkey on sbtest3  (cost=0.43..6.33 rows=95 width=4)
	  Index Cond: ((id >= 4104764) AND (id <= 4104864))

table 4 : explain SELECT id FROM sbtest4 WHERE id BETWEEN 4104764 AND 4104864
	Index Only Scan using sbtest4_pkey on sbtest4  (cost=0.43..6.66 rows=111 width=4)
	  Index Cond: ((id >= 4104764) AND (id <= 4104864))

table 5 : explain SELECT id FROM sbtest5 WHERE id BETWEEN 4104764 AND 4104864
	Index Only Scan using sbtest5_pkey on sbtest5  (cost=0.43..6.40 rows=98 width=4)
	  Index Cond: ((id >= 4104764) AND (id <= 4104864))

table 6 : explain SELECT id FROM sbtest6 WHERE id BETWEEN 4104764 AND 4104864
	Index Only Scan using sbtest6_pkey on sbtest6  (cost=0.43..6.29 rows=93 width=4)
	  Index Cond: ((id >= 4104764) AND (id <= 4104864))

table 7 : explain SELECT id FROM sbtest7 WHERE id BETWEEN 4104764 AND 4104864
	Index Only Scan using sbtest7_pkey on sbtest7  (cost=0.43..6.45 rows=101 width=4)
	  Index Cond: ((id >= 4104764) AND (id <= 4104864))

table 8 : explain SELECT id FROM sbtest8 WHERE id BETWEEN 4104764 AND 4104864
	Index Only Scan using sbtest8_pkey on sbtest8  (cost=0.43..10.50 rows=103 width=4)
	  Index Cond: ((id >= 4104764) AND (id <= 4104864))

for range-covered
table 1 : explain SELECT id FROM sbtest1 WHERE id BETWEEN 6728611 AND 6728711
	Index Only Scan using sbtest1_pkey on sbtest1  (cost=0.43..6.24 rows=90 width=4)
	  Index Cond: ((id >= 6728611) AND (id <= 6728711))

table 2 : explain SELECT id FROM sbtest2 WHERE id BETWEEN 6728611 AND 6728711
	Index Only Scan using sbtest2_pkey on sbtest2  (cost=0.43..6.47 rows=102 width=4)
	  Index Cond: ((id >= 6728611) AND (id <= 6728711))

table 3 : explain SELECT id FROM sbtest3 WHERE id BETWEEN 6728611 AND 6728711
	Index Only Scan using sbtest3_pkey on sbtest3  (cost=0.43..6.63 rows=110 width=4)
	  Index Cond: ((id >= 6728611) AND (id <= 6728711))

table 4 : explain SELECT id FROM sbtest4 WHERE id BETWEEN 6728611 AND 6728711
	Index Only Scan using sbtest4_pkey on sbtest4  (cost=0.43..6.47 rows=102 width=4)
	  Index Cond: ((id >= 6728611) AND (id <= 6728711))

table 5 : explain SELECT id FROM sbtest5 WHERE id BETWEEN 6728611 AND 6728711
	Index Only Scan using sbtest5_pkey on sbtest5  (cost=0.43..6.45 rows=101 width=4)
	  Index Cond: ((id >= 6728611) AND (id <= 6728711))

table 6 : explain SELECT id FROM sbtest6 WHERE id BETWEEN 6728611 AND 6728711
	Index Only Scan using sbtest6_pkey on sbtest6  (cost=0.43..6.51 rows=104 width=4)
	  Index Cond: ((id >= 6728611) AND (id <= 6728711))

table 7 : explain SELECT id FROM sbtest7 WHERE id BETWEEN 6728611 AND 6728711
	Index Only Scan using sbtest7_pkey on sbtest7  (cost=0.43..6.51 rows=104 width=4)
	  Index Cond: ((id >= 6728611) AND (id <= 6728711))

table 8 : explain SELECT id FROM sbtest8 WHERE id BETWEEN 6728611 AND 6728711
	Index Only Scan using sbtest8_pkey on sbtest8  (cost=0.43..10.33 rows=95 width=4)
	  Index Cond: ((id >= 6728611) AND (id <= 6728711))

explain: for range-covered :: explain SELECT id FROM sbtest%d WHERE id BETWEEN 4104764 AND 4104864
explain: for range-covered :: explain SELECT id FROM sbtest%d WHERE id BETWEEN 6728611 AND 6728711
for range-covered
table 1 : explain SELECT id FROM sbtest1 WHERE id BETWEEN 5606011 AND 5606111
	Index Only Scan using sbtest1_pkey on sbtest1  (cost=0.43..6.29 rows=93 width=4)
	  Index Cond: ((id >= 5606011) AND (id <= 5606111))

table 2 : explain SELECT id FROM sbtest2 WHERE id BETWEEN 5606011 AND 5606111
	Index Only Scan using sbtest2_pkey on sbtest2  (cost=0.43..6.47 rows=102 width=4)
	  Index Cond: ((id >= 5606011) AND (id <= 5606111))

table 3 : explain SELECT id FROM sbtest3 WHERE id BETWEEN 5606011 AND 5606111
	Index Only Scan using sbtest3_pkey on sbtest3  (cost=0.43..6.32 rows=94 width=4)
	  Index Cond: ((id >= 5606011) AND (id <= 5606111))

table 4 : explain SELECT id FROM sbtest4 WHERE id BETWEEN 5606011 AND 5606111
	Index Only Scan using sbtest4_pkey on sbtest4  (cost=0.43..6.40 rows=98 width=4)
	  Index Cond: ((id >= 5606011) AND (id <= 5606111))

table 5 : explain SELECT id FROM sbtest5 WHERE id BETWEEN 5606011 AND 5606111
	Index Only Scan using sbtest5_pkey on sbtest5  (cost=0.43..6.32 rows=94 width=4)
	  Index Cond: ((id >= 5606011) AND (id <= 5606111))

table 6 : explain SELECT id FROM sbtest6 WHERE id BETWEEN 5606011 AND 5606111
	Index Only Scan using sbtest6_pkey on sbtest6  (cost=0.43..6.53 rows=105 width=4)
	  Index Cond: ((id >= 5606011) AND (id <= 5606111))

table 7 : explain SELECT id FROM sbtest7 WHERE id BETWEEN 5606011 AND 5606111
	Index Only Scan using sbtest7_pkey on sbtest7  (cost=0.43..6.50 rows=103 width=4)
	  Index Cond: ((id >= 5606011) AND (id <= 5606111))

table 8 : explain SELECT id FROM sbtest8 WHERE id BETWEEN 5606011 AND 5606111
	Index Only Scan using sbtest8_pkey on sbtest8  (cost=0.43..10.50 rows=103 width=4)
	  Index Cond: ((id >= 5606011) AND (id <= 5606111))

explain: for range-covered :: explain SELECT id FROM sbtest%d WHERE id BETWEEN 5606011 AND 5606111
for range-covered
table 1 : explain SELECT id FROM sbtest1 WHERE id BETWEEN 6964180 AND 6964280
	Index Only Scan using sbtest1_pkey on sbtest1  (cost=0.43..6.45 rows=101 width=4)
	  Index Cond: ((id >= 6964180) AND (id <= 6964280))

table 2 : explain SELECT id FROM sbtest2 WHERE id BETWEEN 6964180 AND 6964280
	Index Only Scan using sbtest2_pkey on sbtest2  (cost=0.43..6.35 rows=96 width=4)
	  Index Cond: ((id >= 6964180) AND (id <= 6964280))

table 3 : explain SELECT id FROM sbtest3 WHERE id BETWEEN 6964180 AND 6964280
	Index Only Scan using sbtest3_pkey on sbtest3  (cost=0.43..6.33 rows=95 width=4)
	  Index Cond: ((id >= 6964180) AND (id <= 6964280))

table 4 : explain SELECT id FROM sbtest4 WHERE id BETWEEN 6964180 AND 6964280
	Index Only Scan using sbtest4_pkey on sbtest4  (cost=0.43..6.47 rows=102 width=4)
	  Index Cond: ((id >= 6964180) AND (id <= 6964280))

table 5 : explain SELECT id FROM sbtest5 WHERE id BETWEEN 6964180 AND 6964280
	Index Only Scan using sbtest5_pkey on sbtest5  (cost=0.43..6.37 rows=97 width=4)
	  Index Cond: ((id >= 6964180) AND (id <= 6964280))

table 6 : explain SELECT id FROM sbtest6 WHERE id BETWEEN 6964180 AND 6964280
	Index Only Scan using sbtest6_pkey on sbtest6  (cost=0.43..6.40 rows=98 width=4)
	  Index Cond: ((id >= 6964180) AND (id <= 6964280))

table 7 : explain SELECT id FROM sbtest7 WHERE id BETWEEN 6964180 AND 6964280
	Index Only Scan using sbtest7_pkey on sbtest7  (cost=0.43..6.45 rows=101 width=4)
	  Index Cond: ((id >= 6964180) AND (id <= 6964280))

table 8 : explain SELECT id FROM sbtest8 WHERE id BETWEEN 6964180 AND 6964280
	Index Only Scan using sbtest8_pkey on sbtest8  (cost=0.43..10.50 rows=103 width=4)
	  Index Cond: ((id >= 6964180) AND (id <= 6964280))

for range-covered
table 1 : explain SELECT id FROM sbtest1 WHERE id BETWEEN 2822485 AND 2822585
	Index Only Scan using sbtest1_pkey on sbtest1  (cost=0.43..6.45 rows=101 width=4)
	  Index Cond: ((id >= 2822485) AND (id <= 2822585))

table 2 : explain SELECT id FROM sbtest2 WHERE id BETWEEN 2822485 AND 2822585
	Index Only Scan using sbtest2_pkey on sbtest2  (cost=0.43..6.42 rows=99 width=4)
	  Index Cond: ((id >= 2822485) AND (id <= 2822585))

table 3 : explain SELECT id FROM sbtest3 WHERE id BETWEEN 2822485 AND 2822585
	Index Only Scan using sbtest3_pkey on sbtest3  (cost=0.43..6.42 rows=99 width=4)
	  Index Cond: ((id >= 2822485) AND (id <= 2822585))

table 4 : explain SELECT id FROM sbtest4 WHERE id BETWEEN 2822485 AND 2822585
	Index Only Scan using sbtest4_pkey on sbtest4  (cost=0.43..6.50 rows=103 width=4)
	  Index Cond: ((id >= 2822485) AND (id <= 2822585))

table 5 : explain SELECT id FROM sbtest5 WHERE id BETWEEN 2822485 AND 2822585
	Index Only Scan using sbtest5_pkey on sbtest5  (cost=0.43..6.29 rows=93 width=4)
	  Index Cond: ((id >= 2822485) AND (id <= 2822585))

table 6 : explain SELECT id FROM sbtest6 WHERE id BETWEEN 2822485 AND 2822585
	Index Only Scan using sbtest6_pkey on sbtest6  (cost=0.43..6.42 rows=99 width=4)
	  Index Cond: ((id >= 2822485) AND (id <= 2822585))

table 7 : explain SELECT id FROM sbtest7 WHERE id BETWEEN 2822485 AND 2822585
	Index Only Scan using sbtest7_pkey on sbtest7  (cost=0.43..6.32 rows=94 width=4)
	  Index Cond: ((id >= 2822485) AND (id <= 2822585))

table 8 : explain SELECT id FROM sbtest8 WHERE id BETWEEN 2822485 AND 2822585
	Index Only Scan using sbtest8_pkey on sbtest8  (cost=0.43..10.46 rows=101 width=4)
	  Index Cond: ((id >= 2822485) AND (id <= 2822585))

explain: for range-covered :: explain SELECT id FROM sbtest%d WHERE id BETWEEN 6964180 AND 6964280
explain: for range-covered :: explain SELECT id FROM sbtest%d WHERE id BETWEEN 2822485 AND 2822585
for range-covered
table 1 : explain SELECT id FROM sbtest1 WHERE id BETWEEN 6728611 AND 6728711
	Index Only Scan using sbtest1_pkey on sbtest1  (cost=0.43..6.24 rows=90 width=4)
	  Index Cond: ((id >= 6728611) AND (id <= 6728711))

table 2 : explain SELECT id FROM sbtest2 WHERE id BETWEEN 6728611 AND 6728711
	Index Only Scan using sbtest2_pkey on sbtest2  (cost=0.43..6.47 rows=102 width=4)
	  Index Cond: ((id >= 6728611) AND (id <= 6728711))

table 3 : explain SELECT id FROM sbtest3 WHERE id BETWEEN 6728611 AND 6728711
	Index Only Scan using sbtest3_pkey on sbtest3  (cost=0.43..6.63 rows=110 width=4)
	  Index Cond: ((id >= 6728611) AND (id <= 6728711))

table 4 : explain SELECT id FROM sbtest4 WHERE id BETWEEN 6728611 AND 6728711
	Index Only Scan using sbtest4_pkey on sbtest4  (cost=0.43..6.47 rows=102 width=4)
	  Index Cond: ((id >= 6728611) AND (id <= 6728711))

table 5 : explain SELECT id FROM sbtest5 WHERE id BETWEEN 6728611 AND 6728711
	Index Only Scan using sbtest5_pkey on sbtest5  (cost=0.43..6.45 rows=101 width=4)
	  Index Cond: ((id >= 6728611) AND (id <= 6728711))

table 6 : explain SELECT id FROM sbtest6 WHERE id BETWEEN 6728611 AND 6728711
	Index Only Scan using sbtest6_pkey on sbtest6  (cost=0.43..6.51 rows=104 width=4)
	  Index Cond: ((id >= 6728611) AND (id <= 6728711))

table 7 : explain SELECT id FROM sbtest7 WHERE id BETWEEN 6728611 AND 6728711
	Index Only Scan using sbtest7_pkey on sbtest7  (cost=0.43..6.51 rows=104 width=4)
	  Index Cond: ((id >= 6728611) AND (id <= 6728711))

table 8 : explain SELECT id FROM sbtest8 WHERE id BETWEEN 6728611 AND 6728711
	Index Only Scan using sbtest8_pkey on sbtest8  (cost=0.43..10.33 rows=95 width=4)
	  Index Cond: ((id >= 6728611) AND (id <= 6728711))

explain: for range-covered :: explain SELECT id FROM sbtest%d WHERE id BETWEEN 5820029 AND 5820129
for range-covered
table 1 : explain SELECT id FROM sbtest1 WHERE id BETWEEN 5647711 AND 5647811
	Index Only Scan using sbtest1_pkey on sbtest1  (cost=0.43..6.29 rows=93 width=4)
	  Index Cond: ((id >= 5647711) AND (id <= 5647811))

table 2 : explain SELECT id FROM sbtest2 WHERE id BETWEEN 5647711 AND 5647811
	Index Only Scan using sbtest2_pkey on sbtest2  (cost=0.43..6.61 rows=109 width=4)
	  Index Cond: ((id >= 5647711) AND (id <= 5647811))

table 3 : explain SELECT id FROM sbtest3 WHERE id BETWEEN 5647711 AND 5647811
	Index Only Scan using sbtest3_pkey on sbtest3  (cost=0.43..6.45 rows=101 width=4)
	  Index Cond: ((id >= 5647711) AND (id <= 5647811))

table 4 : explain SELECT id FROM sbtest4 WHERE id BETWEEN 5647711 AND 5647811
	Index Only Scan using sbtest4_pkey on sbtest4  (cost=0.43..6.51 rows=104 width=4)
	  Index Cond: ((id >= 5647711) AND (id <= 5647811))

table 5 : explain SELECT id FROM sbtest5 WHERE id BETWEEN 5647711 AND 5647811
	Index Only Scan using sbtest5_pkey on sbtest5  (cost=0.43..6.32 rows=94 width=4)
	  Index Cond: ((id >= 5647711) AND (id <= 5647811))

table 6 : explain SELECT id FROM sbtest6 WHERE id BETWEEN 5647711 AND 5647811
	Index Only Scan using sbtest6_pkey on sbtest6  (cost=0.43..6.50 rows=103 width=4)
	  Index Cond: ((id >= 5647711) AND (id <= 5647811))

table 7 : explain SELECT id FROM sbtest7 WHERE id BETWEEN 5647711 AND 5647811
	Index Only Scan using sbtest7_pkey on sbtest7  (cost=0.43..6.35 rows=96 width=4)
	  Index Cond: ((id >= 5647711) AND (id <= 5647811))

table 8 : explain SELECT id FROM sbtest8 WHERE id BETWEEN 5647711 AND 5647811
	Index Only Scan using sbtest8_pkey on sbtest8  (cost=0.43..10.50 rows=103 width=4)
	  Index Cond: ((id >= 5647711) AND (id <= 5647811))

explain: for range-covered :: explain SELECT id FROM sbtest%d WHERE id BETWEEN 6728611 AND 6728711
explain: for range-covered :: explain SELECT id FROM sbtest%d WHERE id BETWEEN 5647711 AND 5647811
for range-covered
table 1 : explain SELECT id FROM sbtest1 WHERE id BETWEEN 4104764 AND 4104864
	Index Only Scan using sbtest1_pkey on sbtest1  (cost=0.43..6.51 rows=104 width=4)
	  Index Cond: ((id >= 4104764) AND (id <= 4104864))

table 2 : explain SELECT id FROM sbtest2 WHERE id BETWEEN 4104764 AND 4104864
	Index Only Scan using sbtest2_pkey on sbtest2  (cost=0.43..6.32 rows=94 width=4)
	  Index Cond: ((id >= 4104764) AND (id <= 4104864))

table 3 : explain SELECT id FROM sbtest3 WHERE id BETWEEN 4104764 AND 4104864
	Index Only Scan using sbtest3_pkey on sbtest3  (cost=0.43..6.33 rows=95 width=4)
	  Index Cond: ((id >= 4104764) AND (id <= 4104864))

table 4 : explain SELECT id FROM sbtest4 WHERE id BETWEEN 4104764 AND 4104864
	Index Only Scan using sbtest4_pkey on sbtest4  (cost=0.43..6.66 rows=111 width=4)
	  Index Cond: ((id >= 4104764) AND (id <= 4104864))

table 5 : explain SELECT id FROM sbtest5 WHERE id BETWEEN 4104764 AND 4104864
	Index Only Scan using sbtest5_pkey on sbtest5  (cost=0.43..6.40 rows=98 width=4)
	  Index Cond: ((id >= 4104764) AND (id <= 4104864))

table 6 : explain SELECT id FROM sbtest6 WHERE id BETWEEN 4104764 AND 4104864
	Index Only Scan using sbtest6_pkey on sbtest6  (cost=0.43..6.29 rows=93 width=4)
	  Index Cond: ((id >= 4104764) AND (id <= 4104864))

table 7 : explain SELECT id FROM sbtest7 WHERE id BETWEEN 4104764 AND 4104864
	Index Only Scan using sbtest7_pkey on sbtest7  (cost=0.43..6.45 rows=101 width=4)
	  Index Cond: ((id >= 4104764) AND (id <= 4104864))

table 8 : explain SELECT id FROM sbtest8 WHERE id BETWEEN 4104764 AND 4104864
	Index Only Scan using sbtest8_pkey on sbtest8  (cost=0.43..10.50 rows=103 width=4)
	  Index Cond: ((id >= 4104764) AND (id <= 4104864))

for range-covered
table 1 : explain SELECT id FROM sbtest1 WHERE id BETWEEN 5606011 AND 5606111
	Index Only Scan using sbtest1_pkey on sbtest1  (cost=0.43..6.29 rows=93 width=4)
	  Index Cond: ((id >= 5606011) AND (id <= 5606111))

table 2 : explain SELECT id FROM sbtest2 WHERE id BETWEEN 5606011 AND 5606111
	Index Only Scan using sbtest2_pkey on sbtest2  (cost=0.43..6.47 rows=102 width=4)
	  Index Cond: ((id >= 5606011) AND (id <= 5606111))

table 3 : explain SELECT id FROM sbtest3 WHERE id BETWEEN 5606011 AND 5606111
	Index Only Scan using sbtest3_pkey on sbtest3  (cost=0.43..6.32 rows=94 width=4)
	  Index Cond: ((id >= 5606011) AND (id <= 5606111))

table 4 : explain SELECT id FROM sbtest4 WHERE id BETWEEN 5606011 AND 5606111
	Index Only Scan using sbtest4_pkey on sbtest4  (cost=0.43..6.40 rows=98 width=4)
	  Index Cond: ((id >= 5606011) AND (id <= 5606111))

table 5 : explain SELECT id FROM sbtest5 WHERE id BETWEEN 5606011 AND 5606111
	Index Only Scan using sbtest5_pkey on sbtest5  (cost=0.43..6.32 rows=94 width=4)
	  Index Cond: ((id >= 5606011) AND (id <= 5606111))

table 6 : explain SELECT id FROM sbtest6 WHERE id BETWEEN 5606011 AND 5606111
	Index Only Scan using sbtest6_pkey on sbtest6  (cost=0.43..6.53 rows=105 width=4)
	  Index Cond: ((id >= 5606011) AND (id <= 5606111))

table 7 : explain SELECT id FROM sbtest7 WHERE id BETWEEN 5606011 AND 5606111
	Index Only Scan using sbtest7_pkey on sbtest7  (cost=0.43..6.50 rows=103 width=4)
	  Index Cond: ((id >= 5606011) AND (id <= 5606111))

table 8 : explain SELECT id FROM sbtest8 WHERE id BETWEEN 5606011 AND 5606111
	Index Only Scan using sbtest8_pkey on sbtest8  (cost=0.43..10.50 rows=103 width=4)
	  Index Cond: ((id >= 5606011) AND (id <= 5606111))

explain: for range-covered :: explain SELECT id FROM sbtest%d WHERE id BETWEEN 5606011 AND 5606111
explain: for range-covered :: explain SELECT id FROM sbtest%d WHERE id BETWEEN 4104764 AND 4104864
for range-covered
table 1 : explain SELECT id FROM sbtest1 WHERE id BETWEEN 2822485 AND 2822585
	Index Only Scan using sbtest1_pkey on sbtest1  (cost=0.43..6.45 rows=101 width=4)
	  Index Cond: ((id >= 2822485) AND (id <= 2822585))

table 2 : explain SELECT id FROM sbtest2 WHERE id BETWEEN 2822485 AND 2822585
	Index Only Scan using sbtest2_pkey on sbtest2  (cost=0.43..6.42 rows=99 width=4)
	  Index Cond: ((id >= 2822485) AND (id <= 2822585))

table 3 : explain SELECT id FROM sbtest3 WHERE id BETWEEN 2822485 AND 2822585
	Index Only Scan using sbtest3_pkey on sbtest3  (cost=0.43..6.42 rows=99 width=4)
	  Index Cond: ((id >= 2822485) AND (id <= 2822585))

table 4 : explain SELECT id FROM sbtest4 WHERE id BETWEEN 2822485 AND 2822585
	Index Only Scan using sbtest4_pkey on sbtest4  (cost=0.43..6.50 rows=103 width=4)
	  Index Cond: ((id >= 2822485) AND (id <= 2822585))

table 5 : explain SELECT id FROM sbtest5 WHERE id BETWEEN 2822485 AND 2822585
	Index Only Scan using sbtest5_pkey on sbtest5  (cost=0.43..6.29 rows=93 width=4)
	  Index Cond: ((id >= 2822485) AND (id <= 2822585))

table 6 : explain SELECT id FROM sbtest6 WHERE id BETWEEN 2822485 AND 2822585
	Index Only Scan using sbtest6_pkey on sbtest6  (cost=0.43..6.42 rows=99 width=4)
	  Index Cond: ((id >= 2822485) AND (id <= 2822585))

table 7 : explain SELECT id FROM sbtest7 WHERE id BETWEEN 2822485 AND 2822585
	Index Only Scan using sbtest7_pkey on sbtest7  (cost=0.43..6.32 rows=94 width=4)
	  Index Cond: ((id >= 2822485) AND (id <= 2822585))

table 8 : explain SELECT id FROM sbtest8 WHERE id BETWEEN 2822485 AND 2822585
	Index Only Scan using sbtest8_pkey on sbtest8  (cost=0.43..10.46 rows=101 width=4)
	  Index Cond: ((id >= 2822485) AND (id <= 2822585))

for range-covered
table 1 : explain SELECT id FROM sbtest1 WHERE id BETWEEN 6964180 AND 6964280
	Index Only Scan using sbtest1_pkey on sbtest1  (cost=0.43..6.45 rows=101 width=4)
	  Index Cond: ((id >= 6964180) AND (id <= 6964280))

table 2 : explain SELECT id FROM sbtest2 WHERE id BETWEEN 6964180 AND 6964280
	Index Only Scan using sbtest2_pkey on sbtest2  (cost=0.43..6.35 rows=96 width=4)
	  Index Cond: ((id >= 6964180) AND (id <= 6964280))

table 3 : explain SELECT id FROM sbtest3 WHERE id BETWEEN 6964180 AND 6964280
	Index Only Scan using sbtest3_pkey on sbtest3  (cost=0.43..6.33 rows=95 width=4)
	  Index Cond: ((id >= 6964180) AND (id <= 6964280))

table 4 : explain SELECT id FROM sbtest4 WHERE id BETWEEN 6964180 AND 6964280
	Index Only Scan using sbtest4_pkey on sbtest4  (cost=0.43..6.47 rows=102 width=4)
	  Index Cond: ((id >= 6964180) AND (id <= 6964280))

table 5 : explain SELECT id FROM sbtest5 WHERE id BETWEEN 6964180 AND 6964280
	Index Only Scan using sbtest5_pkey on sbtest5  (cost=0.43..6.37 rows=97 width=4)
	  Index Cond: ((id >= 6964180) AND (id <= 6964280))

table 6 : explain SELECT id FROM sbtest6 WHERE id BETWEEN 6964180 AND 6964280
	Index Only Scan using sbtest6_pkey on sbtest6  (cost=0.43..6.40 rows=98 width=4)
	  Index Cond: ((id >= 6964180) AND (id <= 6964280))

table 7 : explain SELECT id FROM sbtest7 WHERE id BETWEEN 6964180 AND 6964280
	Index Only Scan using sbtest7_pkey on sbtest7  (cost=0.43..6.45 rows=101 width=4)
	  Index Cond: ((id >= 6964180) AND (id <= 6964280))

table 8 : explain SELECT id FROM sbtest8 WHERE id BETWEEN 6964180 AND 6964280
	Index Only Scan using sbtest8_pkey on sbtest8  (cost=0.43..10.50 rows=103 width=4)
	  Index Cond: ((id >= 6964180) AND (id <= 6964280))

explain: for range-covered :: explain SELECT id FROM sbtest%d WHERE id BETWEEN 2822485 AND 2822585
explain: for range-covered :: explain SELECT id FROM sbtest%d WHERE id BETWEEN 6964180 AND 6964280
for range-covered
table 1 : explain SELECT id FROM sbtest1 WHERE id BETWEEN 6930897 AND 6930997
	Index Only Scan using sbtest1_pkey on sbtest1  (cost=0.43..6.21 rows=89 width=4)
	  Index Cond: ((id >= 6930897) AND (id <= 6930997))

table 2 : explain SELECT id FROM sbtest2 WHERE id BETWEEN 6930897 AND 6930997
	Index Only Scan using sbtest2_pkey on sbtest2  (cost=0.43..6.35 rows=96 width=4)
	  Index Cond: ((id >= 6930897) AND (id <= 6930997))

table 3 : explain SELECT id FROM sbtest3 WHERE id BETWEEN 6930897 AND 6930997
	Index Only Scan using sbtest3_pkey on sbtest3  (cost=0.43..6.33 rows=95 width=4)
	  Index Cond: ((id >= 6930897) AND (id <= 6930997))

table 4 : explain SELECT id FROM sbtest4 WHERE id BETWEEN 6930897 AND 6930997
	Index Only Scan using sbtest4_pkey on sbtest4  (cost=0.43..6.47 rows=102 width=4)
	  Index Cond: ((id >= 6930897) AND (id <= 6930997))

table 5 : explain SELECT id FROM sbtest5 WHERE id BETWEEN 6930897 AND 6930997
	Index Only Scan using sbtest5_pkey on sbtest5  (cost=0.43..6.37 rows=97 width=4)
	  Index Cond: ((id >= 6930897) AND (id <= 6930997))

table 6 : explain SELECT id FROM sbtest6 WHERE id BETWEEN 6930897 AND 6930997
	Index Only Scan using sbtest6_pkey on sbtest6  (cost=0.43..6.40 rows=98 width=4)
	  Index Cond: ((id >= 6930897) AND (id <= 6930997))

table 7 : explain SELECT id FROM sbtest7 WHERE id BETWEEN 6930897 AND 6930997
	Index Only Scan using sbtest7_pkey on sbtest7  (cost=0.43..6.45 rows=101 width=4)
	  Index Cond: ((id >= 6930897) AND (id <= 6930997))

table 8 : explain SELECT id FROM sbtest8 WHERE id BETWEEN 6930897 AND 6930997
	Index Only Scan using sbtest8_pkey on sbtest8  (cost=0.43..10.50 rows=103 width=4)
	  Index Cond: ((id >= 6930897) AND (id <= 6930997))

for range-covered
table 1 : explain SELECT id FROM sbtest1 WHERE id BETWEEN 6728611 AND 6728711
	Index Only Scan using sbtest1_pkey on sbtest1  (cost=0.43..6.24 rows=90 width=4)
	  Index Cond: ((id >= 6728611) AND (id <= 6728711))

table 2 : explain SELECT id FROM sbtest2 WHERE id BETWEEN 6728611 AND 6728711
	Index Only Scan using sbtest2_pkey on sbtest2  (cost=0.43..6.47 rows=102 width=4)
	  Index Cond: ((id >= 6728611) AND (id <= 6728711))

table 3 : explain SELECT id FROM sbtest3 WHERE id BETWEEN 6728611 AND 6728711
	Index Only Scan using sbtest3_pkey on sbtest3  (cost=0.43..6.63 rows=110 width=4)
	  Index Cond: ((id >= 6728611) AND (id <= 6728711))

table 4 : explain SELECT id FROM sbtest4 WHERE id BETWEEN 6728611 AND 6728711
	Index Only Scan using sbtest4_pkey on sbtest4  (cost=0.43..6.47 rows=102 width=4)
	  Index Cond: ((id >= 6728611) AND (id <= 6728711))

table 5 : explain SELECT id FROM sbtest5 WHERE id BETWEEN 6728611 AND 6728711
	Index Only Scan using sbtest5_pkey on sbtest5  (cost=0.43..6.45 rows=101 width=4)
	  Index Cond: ((id >= 6728611) AND (id <= 6728711))

table 6 : explain SELECT id FROM sbtest6 WHERE id BETWEEN 6728611 AND 6728711
	Index Only Scan using sbtest6_pkey on sbtest6  (cost=0.43..6.51 rows=104 width=4)
	  Index Cond: ((id >= 6728611) AND (id <= 6728711))

table 7 : explain SELECT id FROM sbtest7 WHERE id BETWEEN 6728611 AND 6728711
	Index Only Scan using sbtest7_pkey on sbtest7  (cost=0.43..6.51 rows=104 width=4)
	  Index Cond: ((id >= 6728611) AND (id <= 6728711))

table 8 : explain SELECT id FROM sbtest8 WHERE id BETWEEN 6728611 AND 6728711
	Index Only Scan using sbtest8_pkey on sbtest8  (cost=0.43..10.33 rows=95 width=4)
	  Index Cond: ((id >= 6728611) AND (id <= 6728711))

for range-covered
table 1 : explain SELECT id FROM sbtest1 WHERE id BETWEEN 5647711 AND 5647811
	Index Only Scan using sbtest1_pkey on sbtest1  (cost=0.43..6.29 rows=93 width=4)
	  Index Cond: ((id >= 5647711) AND (id <= 5647811))

table 2 : explain SELECT id FROM sbtest2 WHERE id BETWEEN 5647711 AND 5647811
	Index Only Scan using sbtest2_pkey on sbtest2  (cost=0.43..6.61 rows=109 width=4)
	  Index Cond: ((id >= 5647711) AND (id <= 5647811))

table 3 : explain SELECT id FROM sbtest3 WHERE id BETWEEN 5647711 AND 5647811
	Index Only Scan using sbtest3_pkey on sbtest3  (cost=0.43..6.45 rows=101 width=4)
	  Index Cond: ((id >= 5647711) AND (id <= 5647811))

table 4 : explain SELECT id FROM sbtest4 WHERE id BETWEEN 5647711 AND 5647811
	Index Only Scan using sbtest4_pkey on sbtest4  (cost=0.43..6.51 rows=104 width=4)
	  Index Cond: ((id >= 5647711) AND (id <= 5647811))

table 5 : explain SELECT id FROM sbtest5 WHERE id BETWEEN 5647711 AND 5647811
	Index Only Scan using sbtest5_pkey on sbtest5  (cost=0.43..6.32 rows=94 width=4)
	  Index Cond: ((id >= 5647711) AND (id <= 5647811))

table 6 : explain SELECT id FROM sbtest6 WHERE id BETWEEN 5647711 AND 5647811
	Index Only Scan using sbtest6_pkey on sbtest6  (cost=0.43..6.50 rows=103 width=4)
	  Index Cond: ((id >= 5647711) AND (id <= 5647811))

table 7 : explain SELECT id FROM sbtest7 WHERE id BETWEEN 5647711 AND 5647811
	Index Only Scan using sbtest7_pkey on sbtest7  (cost=0.43..6.35 rows=96 width=4)
	  Index Cond: ((id >= 5647711) AND (id <= 5647811))

table 8 : explain SELECT id FROM sbtest8 WHERE id BETWEEN 5647711 AND 5647811
	Index Only Scan using sbtest8_pkey on sbtest8  (cost=0.43..10.50 rows=103 width=4)
	  Index Cond: ((id >= 5647711) AND (id <= 5647811))

explain: for range-covered :: explain SELECT id FROM sbtest%d WHERE id BETWEEN 6930897 AND 6930997
explain: for range-covered :: explain SELECT id FROM sbtest%d WHERE id BETWEEN 6728611 AND 6728711
explain: for range-covered :: explain SELECT id FROM sbtest%d WHERE id BETWEEN 5647711 AND 5647811
for range-covered
table 1 : explain SELECT id FROM sbtest1 WHERE id BETWEEN 9238850 AND 9238950
	Index Only Scan using sbtest1_pkey on sbtest1  (cost=0.43..6.47 rows=102 width=4)
	  Index Cond: ((id >= 9238850) AND (id <= 9238950))

table 2 : explain SELECT id FROM sbtest2 WHERE id BETWEEN 9238850 AND 9238950
	Index Only Scan using sbtest2_pkey on sbtest2  (cost=0.43..6.45 rows=101 width=4)
	  Index Cond: ((id >= 9238850) AND (id <= 9238950))

table 3 : explain SELECT id FROM sbtest3 WHERE id BETWEEN 9238850 AND 9238950
	Index Only Scan using sbtest3_pkey on sbtest3  (cost=0.43..6.37 rows=97 width=4)
	  Index Cond: ((id >= 9238850) AND (id <= 9238950))

table 4 : explain SELECT id FROM sbtest4 WHERE id BETWEEN 9238850 AND 9238950
	Index Only Scan using sbtest4_pkey on sbtest4  (cost=0.43..6.56 rows=106 width=4)
	  Index Cond: ((id >= 9238850) AND (id <= 9238950))

table 5 : explain SELECT id FROM sbtest5 WHERE id BETWEEN 9238850 AND 9238950
	Index Only Scan using sbtest5_pkey on sbtest5  (cost=0.43..6.32 rows=94 width=4)
	  Index Cond: ((id >= 9238850) AND (id <= 9238950))

table 6 : explain SELECT id FROM sbtest6 WHERE id BETWEEN 9238850 AND 9238950
	Index Only Scan using sbtest6_pkey on sbtest6  (cost=0.43..6.51 rows=104 width=4)
	  Index Cond: ((id >= 9238850) AND (id <= 9238950))

table 7 : explain SELECT id FROM sbtest7 WHERE id BETWEEN 9238850 AND 9238950
	Index Only Scan using sbtest7_pkey on sbtest7  (cost=0.43..6.37 rows=97 width=4)
	  Index Cond: ((id >= 9238850) AND (id <= 9238950))

table 8 : explain SELECT id FROM sbtest8 WHERE id BETWEEN 9238850 AND 9238950
	Index Only Scan using sbtest8_pkey on sbtest8  (cost=0.43..10.36 rows=96 width=4)
	  Index Cond: ((id >= 9238850) AND (id <= 9238950))

explain: for range-covered :: explain SELECT id FROM sbtest%d WHERE id BETWEEN 9238850 AND 9238950
for range-covered
table 1 : explain SELECT id FROM sbtest1 WHERE id BETWEEN 5606011 AND 5606111
	Index Only Scan using sbtest1_pkey on sbtest1  (cost=0.43..6.29 rows=93 width=4)
	  Index Cond: ((id >= 5606011) AND (id <= 5606111))

table 2 : explain SELECT id FROM sbtest2 WHERE id BETWEEN 5606011 AND 5606111
	Index Only Scan using sbtest2_pkey on sbtest2  (cost=0.43..6.47 rows=102 width=4)
	  Index Cond: ((id >= 5606011) AND (id <= 5606111))

table 3 : explain SELECT id FROM sbtest3 WHERE id BETWEEN 5606011 AND 5606111
	Index Only Scan using sbtest3_pkey on sbtest3  (cost=0.43..6.32 rows=94 width=4)
	  Index Cond: ((id >= 5606011) AND (id <= 5606111))

table 4 : explain SELECT id FROM sbtest4 WHERE id BETWEEN 5606011 AND 5606111
	Index Only Scan using sbtest4_pkey on sbtest4  (cost=0.43..6.40 rows=98 width=4)
	  Index Cond: ((id >= 5606011) AND (id <= 5606111))

table 5 : explain SELECT id FROM sbtest5 WHERE id BETWEEN 5606011 AND 5606111
	Index Only Scan using sbtest5_pkey on sbtest5  (cost=0.43..6.32 rows=94 width=4)
	  Index Cond: ((id >= 5606011) AND (id <= 5606111))

table 6 : explain SELECT id FROM sbtest6 WHERE id BETWEEN 5606011 AND 5606111
	Index Only Scan using sbtest6_pkey on sbtest6  (cost=0.43..6.53 rows=105 width=4)
	  Index Cond: ((id >= 5606011) AND (id <= 5606111))

table 7 : explain SELECT id FROM sbtest7 WHERE id BETWEEN 5606011 AND 5606111
	Index Only Scan using sbtest7_pkey on sbtest7  (cost=0.43..6.50 rows=103 width=4)
	  Index Cond: ((id >= 5606011) AND (id <= 5606111))

table 8 : explain SELECT id FROM sbtest8 WHERE id BETWEEN 5606011 AND 5606111
	Index Only Scan using sbtest8_pkey on sbtest8  (cost=0.43..10.50 rows=103 width=4)
	  Index Cond: ((id >= 5606011) AND (id <= 5606111))

explain: for range-covered :: explain SELECT id FROM sbtest%d WHERE id BETWEEN 5606011 AND 5606111
for range-covered
table 1 : explain SELECT id FROM sbtest1 WHERE id BETWEEN 2822485 AND 2822585
	Index Only Scan using sbtest1_pkey on sbtest1  (cost=0.43..6.45 rows=101 width=4)
	  Index Cond: ((id >= 2822485) AND (id <= 2822585))

table 2 : explain SELECT id FROM sbtest2 WHERE id BETWEEN 2822485 AND 2822585
	Index Only Scan using sbtest2_pkey on sbtest2  (cost=0.43..6.42 rows=99 width=4)
	  Index Cond: ((id >= 2822485) AND (id <= 2822585))

table 3 : explain SELECT id FROM sbtest3 WHERE id BETWEEN 2822485 AND 2822585
	Index Only Scan using sbtest3_pkey on sbtest3  (cost=0.43..6.42 rows=99 width=4)
	  Index Cond: ((id >= 2822485) AND (id <= 2822585))

table 4 : explain SELECT id FROM sbtest4 WHERE id BETWEEN 2822485 AND 2822585
	Index Only Scan using sbtest4_pkey on sbtest4  (cost=0.43..6.50 rows=103 width=4)
	  Index Cond: ((id >= 2822485) AND (id <= 2822585))

table 5 : explain SELECT id FROM sbtest5 WHERE id BETWEEN 2822485 AND 2822585
	Index Only Scan using sbtest5_pkey on sbtest5  (cost=0.43..6.29 rows=93 width=4)
	  Index Cond: ((id >= 2822485) AND (id <= 2822585))

table 6 : explain SELECT id FROM sbtest6 WHERE id BETWEEN 2822485 AND 2822585
	Index Only Scan using sbtest6_pkey on sbtest6  (cost=0.43..6.42 rows=99 width=4)
	  Index Cond: ((id >= 2822485) AND (id <= 2822585))

table 7 : explain SELECT id FROM sbtest7 WHERE id BETWEEN 2822485 AND 2822585
	Index Only Scan using sbtest7_pkey on sbtest7  (cost=0.43..6.32 rows=94 width=4)
	  Index Cond: ((id >= 2822485) AND (id <= 2822585))

table 8 : explain SELECT id FROM sbtest8 WHERE id BETWEEN 2822485 AND 2822585
	Index Only Scan using sbtest8_pkey on sbtest8  (cost=0.43..10.46 rows=101 width=4)
	  Index Cond: ((id >= 2822485) AND (id <= 2822585))

for range-covered
table 1 : explain SELECT id FROM sbtest1 WHERE id BETWEEN 4104764 AND 4104864
	Index Only Scan using sbtest1_pkey on sbtest1  (cost=0.43..6.51 rows=104 width=4)
	  Index Cond: ((id >= 4104764) AND (id <= 4104864))

table 2 : explain SELECT id FROM sbtest2 WHERE id BETWEEN 4104764 AND 4104864
	Index Only Scan using sbtest2_pkey on sbtest2  (cost=0.43..6.32 rows=94 width=4)
	  Index Cond: ((id >= 4104764) AND (id <= 4104864))

table 3 : explain SELECT id FROM sbtest3 WHERE id BETWEEN 4104764 AND 4104864
	Index Only Scan using sbtest3_pkey on sbtest3  (cost=0.43..6.33 rows=95 width=4)
	  Index Cond: ((id >= 4104764) AND (id <= 4104864))

table 4 : explain SELECT id FROM sbtest4 WHERE id BETWEEN 4104764 AND 4104864
	Index Only Scan using sbtest4_pkey on sbtest4  (cost=0.43..6.66 rows=111 width=4)
	  Index Cond: ((id >= 4104764) AND (id <= 4104864))

table 5 : explain SELECT id FROM sbtest5 WHERE id BETWEEN 4104764 AND 4104864
	Index Only Scan using sbtest5_pkey on sbtest5  (cost=0.43..6.40 rows=98 width=4)
	  Index Cond: ((id >= 4104764) AND (id <= 4104864))

table 6 : explain SELECT id FROM sbtest6 WHERE id BETWEEN 4104764 AND 4104864
	Index Only Scan using sbtest6_pkey on sbtest6  (cost=0.43..6.29 rows=93 width=4)
	  Index Cond: ((id >= 4104764) AND (id <= 4104864))

table 7 : explain SELECT id FROM sbtest7 WHERE id BETWEEN 4104764 AND 4104864
	Index Only Scan using sbtest7_pkey on sbtest7  (cost=0.43..6.45 rows=101 width=4)
	  Index Cond: ((id >= 4104764) AND (id <= 4104864))

table 8 : explain SELECT id FROM sbtest8 WHERE id BETWEEN 4104764 AND 4104864
	Index Only Scan using sbtest8_pkey on sbtest8  (cost=0.43..10.50 rows=103 width=4)
	  Index Cond: ((id >= 4104764) AND (id <= 4104864))

explain: for range-covered :: explain SELECT id FROM sbtest%d WHERE id BETWEEN 2822485 AND 2822585
explain: for range-covered :: explain SELECT id FROM sbtest%d WHERE id BETWEEN 4104764 AND 4104864
for range-covered
table 1 : explain SELECT id FROM sbtest1 WHERE id BETWEEN 6964180 AND 6964280
	Index Only Scan using sbtest1_pkey on sbtest1  (cost=0.43..6.45 rows=101 width=4)
	  Index Cond: ((id >= 6964180) AND (id <= 6964280))

table 2 : explain SELECT id FROM sbtest2 WHERE id BETWEEN 6964180 AND 6964280
	Index Only Scan using sbtest2_pkey on sbtest2  (cost=0.43..6.35 rows=96 width=4)
	  Index Cond: ((id >= 6964180) AND (id <= 6964280))

table 3 : explain SELECT id FROM sbtest3 WHERE id BETWEEN 6964180 AND 6964280
	Index Only Scan using sbtest3_pkey on sbtest3  (cost=0.43..6.33 rows=95 width=4)
	  Index Cond: ((id >= 6964180) AND (id <= 6964280))

table 4 : explain SELECT id FROM sbtest4 WHERE id BETWEEN 6964180 AND 6964280
	Index Only Scan using sbtest4_pkey on sbtest4  (cost=0.43..6.47 rows=102 width=4)
	  Index Cond: ((id >= 6964180) AND (id <= 6964280))

table 5 : explain SELECT id FROM sbtest5 WHERE id BETWEEN 6964180 AND 6964280
	Index Only Scan using sbtest5_pkey on sbtest5  (cost=0.43..6.37 rows=97 width=4)
	  Index Cond: ((id >= 6964180) AND (id <= 6964280))

table 6 : explain SELECT id FROM sbtest6 WHERE id BETWEEN 6964180 AND 6964280
	Index Only Scan using sbtest6_pkey on sbtest6  (cost=0.43..6.40 rows=98 width=4)
	  Index Cond: ((id >= 6964180) AND (id <= 6964280))

table 7 : explain SELECT id FROM sbtest7 WHERE id BETWEEN 6964180 AND 6964280
	Index Only Scan using sbtest7_pkey on sbtest7  (cost=0.43..6.45 rows=101 width=4)
	  Index Cond: ((id >= 6964180) AND (id <= 6964280))

table 8 : explain SELECT id FROM sbtest8 WHERE id BETWEEN 6964180 AND 6964280
	Index Only Scan using sbtest8_pkey on sbtest8  (cost=0.43..10.50 rows=103 width=4)
	  Index Cond: ((id >= 6964180) AND (id <= 6964280))

for range-covered
table 1 : explain SELECT id FROM sbtest1 WHERE id BETWEEN 5647711 AND 5647811
	Index Only Scan using sbtest1_pkey on sbtest1  (cost=0.43..6.29 rows=93 width=4)
	  Index Cond: ((id >= 5647711) AND (id <= 5647811))

table 2 : explain SELECT id FROM sbtest2 WHERE id BETWEEN 5647711 AND 5647811
	Index Only Scan using sbtest2_pkey on sbtest2  (cost=0.43..6.61 rows=109 width=4)
	  Index Cond: ((id >= 5647711) AND (id <= 5647811))

table 3 : explain SELECT id FROM sbtest3 WHERE id BETWEEN 5647711 AND 5647811
	Index Only Scan using sbtest3_pkey on sbtest3  (cost=0.43..6.45 rows=101 width=4)
	  Index Cond: ((id >= 5647711) AND (id <= 5647811))

table 4 : explain SELECT id FROM sbtest4 WHERE id BETWEEN 5647711 AND 5647811
	Index Only Scan using sbtest4_pkey on sbtest4  (cost=0.43..6.51 rows=104 width=4)
	  Index Cond: ((id >= 5647711) AND (id <= 5647811))

table 5 : explain SELECT id FROM sbtest5 WHERE id BETWEEN 5647711 AND 5647811
	Index Only Scan using sbtest5_pkey on sbtest5  (cost=0.43..6.32 rows=94 width=4)
	  Index Cond: ((id >= 5647711) AND (id <= 5647811))

table 6 : explain SELECT id FROM sbtest6 WHERE id BETWEEN 5647711 AND 5647811
	Index Only Scan using sbtest6_pkey on sbtest6  (cost=0.43..6.50 rows=103 width=4)
	  Index Cond: ((id >= 5647711) AND (id <= 5647811))

table 7 : explain SELECT id FROM sbtest7 WHERE id BETWEEN 5647711 AND 5647811
	Index Only Scan using sbtest7_pkey on sbtest7  (cost=0.43..6.35 rows=96 width=4)
	  Index Cond: ((id >= 5647711) AND (id <= 5647811))

table 8 : explain SELECT id FROM sbtest8 WHERE id BETWEEN 5647711 AND 5647811
	Index Only Scan using sbtest8_pkey on sbtest8  (cost=0.43..10.50 rows=103 width=4)
	  Index Cond: ((id >= 5647711) AND (id <= 5647811))

explain: for range-covered :: explain SELECT id FROM sbtest%d WHERE id BETWEEN 6964180 AND 6964280
for range-covered
table 1 : explain SELECT id FROM sbtest1 WHERE id BETWEEN 6728611 AND 6728711
	Index Only Scan using sbtest1_pkey on sbtest1  (cost=0.43..6.24 rows=90 width=4)
	  Index Cond: ((id >= 6728611) AND (id <= 6728711))

table 2 : explain SELECT id FROM sbtest2 WHERE id BETWEEN 6728611 AND 6728711
	Index Only Scan using sbtest2_pkey on sbtest2  (cost=0.43..6.47 rows=102 width=4)
	  Index Cond: ((id >= 6728611) AND (id <= 6728711))

table 3 : explain SELECT id FROM sbtest3 WHERE id BETWEEN 6728611 AND 6728711
	Index Only Scan using sbtest3_pkey on sbtest3  (cost=0.43..6.63 rows=110 width=4)
	  Index Cond: ((id >= 6728611) AND (id <= 6728711))

table 4 : explain SELECT id FROM sbtest4 WHERE id BETWEEN 6728611 AND 6728711
	Index Only Scan using sbtest4_pkey on sbtest4  (cost=0.43..6.47 rows=102 width=4)
	  Index Cond: ((id >= 6728611) AND (id <= 6728711))

table 5 : explain SELECT id FROM sbtest5 WHERE id BETWEEN 6728611 AND 6728711
	Index Only Scan using sbtest5_pkey on sbtest5  (cost=0.43..6.45 rows=101 width=4)
	  Index Cond: ((id >= 6728611) AND (id <= 6728711))

table 6 : explain SELECT id FROM sbtest6 WHERE id BETWEEN 6728611 AND 6728711
	Index Only Scan using sbtest6_pkey on sbtest6  (cost=0.43..6.51 rows=104 width=4)
	  Index Cond: ((id >= 6728611) AND (id <= 6728711))

table 7 : explain SELECT id FROM sbtest7 WHERE id BETWEEN 6728611 AND 6728711
	Index Only Scan using sbtest7_pkey on sbtest7  (cost=0.43..6.51 rows=104 width=4)
	  Index Cond: ((id >= 6728611) AND (id <= 6728711))

table 8 : explain SELECT id FROM sbtest8 WHERE id BETWEEN 6728611 AND 6728711
	Index Only Scan using sbtest8_pkey on sbtest8  (cost=0.43..10.33 rows=95 width=4)
	  Index Cond: ((id >= 6728611) AND (id <= 6728711))

explain: for range-covered :: explain SELECT id FROM sbtest%d WHERE id BETWEEN 5647711 AND 5647811
explain: for range-covered :: explain SELECT id FROM sbtest%d WHERE id BETWEEN 6728611 AND 6728711
for range-covered
table 1 : explain SELECT id FROM sbtest1 WHERE id BETWEEN 5606011 AND 5606111
	Index Only Scan using sbtest1_pkey on sbtest1  (cost=0.43..6.29 rows=93 width=4)
	  Index Cond: ((id >= 5606011) AND (id <= 5606111))

table 2 : explain SELECT id FROM sbtest2 WHERE id BETWEEN 5606011 AND 5606111
	Index Only Scan using sbtest2_pkey on sbtest2  (cost=0.43..6.47 rows=102 width=4)
	  Index Cond: ((id >= 5606011) AND (id <= 5606111))

table 3 : explain SELECT id FROM sbtest3 WHERE id BETWEEN 5606011 AND 5606111
	Index Only Scan using sbtest3_pkey on sbtest3  (cost=0.43..6.32 rows=94 width=4)
	  Index Cond: ((id >= 5606011) AND (id <= 5606111))

table 4 : explain SELECT id FROM sbtest4 WHERE id BETWEEN 5606011 AND 5606111
	Index Only Scan using sbtest4_pkey on sbtest4  (cost=0.43..6.40 rows=98 width=4)
	  Index Cond: ((id >= 5606011) AND (id <= 5606111))

table 5 : explain SELECT id FROM sbtest5 WHERE id BETWEEN 5606011 AND 5606111
	Index Only Scan using sbtest5_pkey on sbtest5  (cost=0.43..6.32 rows=94 width=4)
	  Index Cond: ((id >= 5606011) AND (id <= 5606111))

table 6 : explain SELECT id FROM sbtest6 WHERE id BETWEEN 5606011 AND 5606111
	Index Only Scan using sbtest6_pkey on sbtest6  (cost=0.43..6.53 rows=105 width=4)
	  Index Cond: ((id >= 5606011) AND (id <= 5606111))

table 7 : explain SELECT id FROM sbtest7 WHERE id BETWEEN 5606011 AND 5606111
	Index Only Scan using sbtest7_pkey on sbtest7  (cost=0.43..6.50 rows=103 width=4)
	  Index Cond: ((id >= 5606011) AND (id <= 5606111))

table 8 : explain SELECT id FROM sbtest8 WHERE id BETWEEN 5606011 AND 5606111
	Index Only Scan using sbtest8_pkey on sbtest8  (cost=0.43..10.50 rows=103 width=4)
	  Index Cond: ((id >= 5606011) AND (id <= 5606111))

explain: for range-covered :: explain SELECT id FROM sbtest%d WHERE id BETWEEN 5606011 AND 5606111
for range-covered
table 1 : explain SELECT id FROM sbtest1 WHERE id BETWEEN 2822485 AND 2822585
	Index Only Scan using sbtest1_pkey on sbtest1  (cost=0.43..6.45 rows=101 width=4)
	  Index Cond: ((id >= 2822485) AND (id <= 2822585))

table 2 : explain SELECT id FROM sbtest2 WHERE id BETWEEN 2822485 AND 2822585
	Index Only Scan using sbtest2_pkey on sbtest2  (cost=0.43..6.42 rows=99 width=4)
	  Index Cond: ((id >= 2822485) AND (id <= 2822585))

table 3 : explain SELECT id FROM sbtest3 WHERE id BETWEEN 2822485 AND 2822585
	Index Only Scan using sbtest3_pkey on sbtest3  (cost=0.43..6.42 rows=99 width=4)
	  Index Cond: ((id >= 2822485) AND (id <= 2822585))

table 4 : explain SELECT id FROM sbtest4 WHERE id BETWEEN 2822485 AND 2822585
	Index Only Scan using sbtest4_pkey on sbtest4  (cost=0.43..6.50 rows=103 width=4)
	  Index Cond: ((id >= 2822485) AND (id <= 2822585))

table 5 : explain SELECT id FROM sbtest5 WHERE id BETWEEN 2822485 AND 2822585
	Index Only Scan using sbtest5_pkey on sbtest5  (cost=0.43..6.29 rows=93 width=4)
	  Index Cond: ((id >= 2822485) AND (id <= 2822585))

table 6 : explain SELECT id FROM sbtest6 WHERE id BETWEEN 2822485 AND 2822585
	Index Only Scan using sbtest6_pkey on sbtest6  (cost=0.43..6.42 rows=99 width=4)
	  Index Cond: ((id >= 2822485) AND (id <= 2822585))

table 7 : explain SELECT id FROM sbtest7 WHERE id BETWEEN 2822485 AND 2822585
	Index Only Scan using sbtest7_pkey on sbtest7  (cost=0.43..6.32 rows=94 width=4)
	  Index Cond: ((id >= 2822485) AND (id <= 2822585))

table 8 : explain SELECT id FROM sbtest8 WHERE id BETWEEN 2822485 AND 2822585
	Index Only Scan using sbtest8_pkey on sbtest8  (cost=0.43..10.46 rows=101 width=4)
	  Index Cond: ((id >= 2822485) AND (id <= 2822585))

for range-covered
table 1 : explain SELECT id FROM sbtest1 WHERE id BETWEEN 4104764 AND 4104864
	Index Only Scan using sbtest1_pkey on sbtest1  (cost=0.43..6.51 rows=104 width=4)
	  Index Cond: ((id >= 4104764) AND (id <= 4104864))

table 2 : explain SELECT id FROM sbtest2 WHERE id BETWEEN 4104764 AND 4104864
	Index Only Scan using sbtest2_pkey on sbtest2  (cost=0.43..6.32 rows=94 width=4)
	  Index Cond: ((id >= 4104764) AND (id <= 4104864))

table 3 : explain SELECT id FROM sbtest3 WHERE id BETWEEN 4104764 AND 4104864
	Index Only Scan using sbtest3_pkey on sbtest3  (cost=0.43..6.33 rows=95 width=4)
	  Index Cond: ((id >= 4104764) AND (id <= 4104864))

table 4 : explain SELECT id FROM sbtest4 WHERE id BETWEEN 4104764 AND 4104864
	Index Only Scan using sbtest4_pkey on sbtest4  (cost=0.43..6.66 rows=111 width=4)
	  Index Cond: ((id >= 4104764) AND (id <= 4104864))

table 5 : explain SELECT id FROM sbtest5 WHERE id BETWEEN 4104764 AND 4104864
	Index Only Scan using sbtest5_pkey on sbtest5  (cost=0.43..6.40 rows=98 width=4)
	  Index Cond: ((id >= 4104764) AND (id <= 4104864))

table 6 : explain SELECT id FROM sbtest6 WHERE id BETWEEN 4104764 AND 4104864
	Index Only Scan using sbtest6_pkey on sbtest6  (cost=0.43..6.29 rows=93 width=4)
	  Index Cond: ((id >= 4104764) AND (id <= 4104864))

table 7 : explain SELECT id FROM sbtest7 WHERE id BETWEEN 4104764 AND 4104864
	Index Only Scan using sbtest7_pkey on sbtest7  (cost=0.43..6.45 rows=101 width=4)
	  Index Cond: ((id >= 4104764) AND (id <= 4104864))

table 8 : explain SELECT id FROM sbtest8 WHERE id BETWEEN 4104764 AND 4104864
	Index Only Scan using sbtest8_pkey on sbtest8  (cost=0.43..10.50 rows=103 width=4)
	  Index Cond: ((id >= 4104764) AND (id <= 4104864))

explain: for range-covered :: explain SELECT id FROM sbtest%d WHERE id BETWEEN 2822485 AND 2822585
explain: for range-covered :: explain SELECT id FROM sbtest%d WHERE id BETWEEN 4104764 AND 4104864
for range-covered
table 1 : explain SELECT id FROM sbtest1 WHERE id BETWEEN 6930897 AND 6930997
	Index Only Scan using sbtest1_pkey on sbtest1  (cost=0.43..6.21 rows=89 width=4)
	  Index Cond: ((id >= 6930897) AND (id <= 6930997))

table 2 : explain SELECT id FROM sbtest2 WHERE id BETWEEN 6930897 AND 6930997
	Index Only Scan using sbtest2_pkey on sbtest2  (cost=0.43..6.35 rows=96 width=4)
	  Index Cond: ((id >= 6930897) AND (id <= 6930997))

table 3 : explain SELECT id FROM sbtest3 WHERE id BETWEEN 6930897 AND 6930997
	Index Only Scan using sbtest3_pkey on sbtest3  (cost=0.43..6.33 rows=95 width=4)
	  Index Cond: ((id >= 6930897) AND (id <= 6930997))

table 4 : explain SELECT id FROM sbtest4 WHERE id BETWEEN 6930897 AND 6930997
	Index Only Scan using sbtest4_pkey on sbtest4  (cost=0.43..6.47 rows=102 width=4)
	  Index Cond: ((id >= 6930897) AND (id <= 6930997))

table 5 : explain SELECT id FROM sbtest5 WHERE id BETWEEN 6930897 AND 6930997
	Index Only Scan using sbtest5_pkey on sbtest5  (cost=0.43..6.37 rows=97 width=4)
	  Index Cond: ((id >= 6930897) AND (id <= 6930997))

table 6 : explain SELECT id FROM sbtest6 WHERE id BETWEEN 6930897 AND 6930997
	Index Only Scan using sbtest6_pkey on sbtest6  (cost=0.43..6.40 rows=98 width=4)
	  Index Cond: ((id >= 6930897) AND (id <= 6930997))

table 7 : explain SELECT id FROM sbtest7 WHERE id BETWEEN 6930897 AND 6930997
	Index Only Scan using sbtest7_pkey on sbtest7  (cost=0.43..6.45 rows=101 width=4)
	  Index Cond: ((id >= 6930897) AND (id <= 6930997))

table 8 : explain SELECT id FROM sbtest8 WHERE id BETWEEN 6930897 AND 6930997
	Index Only Scan using sbtest8_pkey on sbtest8  (cost=0.43..10.50 rows=103 width=4)
	  Index Cond: ((id >= 6930897) AND (id <= 6930997))

explain: for range-covered :: explain SELECT id FROM sbtest%d WHERE id BETWEEN 6930897 AND 6930997
for range-covered
table 1 : explain SELECT id FROM sbtest1 WHERE id BETWEEN 6964180 AND 6964280
	Index Only Scan using sbtest1_pkey on sbtest1  (cost=0.43..6.45 rows=101 width=4)
	  Index Cond: ((id >= 6964180) AND (id <= 6964280))

table 2 : explain SELECT id FROM sbtest2 WHERE id BETWEEN 6964180 AND 6964280
	Index Only Scan using sbtest2_pkey on sbtest2  (cost=0.43..6.35 rows=96 width=4)
	  Index Cond: ((id >= 6964180) AND (id <= 6964280))

table 3 : explain SELECT id FROM sbtest3 WHERE id BETWEEN 6964180 AND 6964280
	Index Only Scan using sbtest3_pkey on sbtest3  (cost=0.43..6.33 rows=95 width=4)
	  Index Cond: ((id >= 6964180) AND (id <= 6964280))

table 4 : explain SELECT id FROM sbtest4 WHERE id BETWEEN 6964180 AND 6964280
	Index Only Scan using sbtest4_pkey on sbtest4  (cost=0.43..6.47 rows=102 width=4)
	  Index Cond: ((id >= 6964180) AND (id <= 6964280))

table 5 : explain SELECT id FROM sbtest5 WHERE id BETWEEN 6964180 AND 6964280
	Index Only Scan using sbtest5_pkey on sbtest5  (cost=0.43..6.37 rows=97 width=4)
	  Index Cond: ((id >= 6964180) AND (id <= 6964280))

table 6 : explain SELECT id FROM sbtest6 WHERE id BETWEEN 6964180 AND 6964280
	Index Only Scan using sbtest6_pkey on sbtest6  (cost=0.43..6.40 rows=98 width=4)
	  Index Cond: ((id >= 6964180) AND (id <= 6964280))

table 7 : explain SELECT id FROM sbtest7 WHERE id BETWEEN 6964180 AND 6964280
	Index Only Scan using sbtest7_pkey on sbtest7  (cost=0.43..6.45 rows=101 width=4)
	  Index Cond: ((id >= 6964180) AND (id <= 6964280))

table 8 : explain SELECT id FROM sbtest8 WHERE id BETWEEN 6964180 AND 6964280
	Index Only Scan using sbtest8_pkey on sbtest8  (cost=0.43..10.50 rows=103 width=4)
	  Index Cond: ((id >= 6964180) AND (id <= 6964280))

for range-covered
table 1 : explain SELECT id FROM sbtest1 WHERE id BETWEEN 6728611 AND 6728711
	Index Only Scan using sbtest1_pkey on sbtest1  (cost=0.43..6.24 rows=90 width=4)
	  Index Cond: ((id >= 6728611) AND (id <= 6728711))

table 2 : explain SELECT id FROM sbtest2 WHERE id BETWEEN 6728611 AND 6728711
	Index Only Scan using sbtest2_pkey on sbtest2  (cost=0.43..6.47 rows=102 width=4)
	  Index Cond: ((id >= 6728611) AND (id <= 6728711))

table 3 : explain SELECT id FROM sbtest3 WHERE id BETWEEN 6728611 AND 6728711
	Index Only Scan using sbtest3_pkey on sbtest3  (cost=0.43..6.63 rows=110 width=4)
	  Index Cond: ((id >= 6728611) AND (id <= 6728711))

table 4 : explain SELECT id FROM sbtest4 WHERE id BETWEEN 6728611 AND 6728711
	Index Only Scan using sbtest4_pkey on sbtest4  (cost=0.43..6.47 rows=102 width=4)
	  Index Cond: ((id >= 6728611) AND (id <= 6728711))

table 5 : explain SELECT id FROM sbtest5 WHERE id BETWEEN 6728611 AND 6728711
	Index Only Scan using sbtest5_pkey on sbtest5  (cost=0.43..6.45 rows=101 width=4)
	  Index Cond: ((id >= 6728611) AND (id <= 6728711))

table 6 : explain SELECT id FROM sbtest6 WHERE id BETWEEN 6728611 AND 6728711
	Index Only Scan using sbtest6_pkey on sbtest6  (cost=0.43..6.51 rows=104 width=4)
	  Index Cond: ((id >= 6728611) AND (id <= 6728711))

table 7 : explain SELECT id FROM sbtest7 WHERE id BETWEEN 6728611 AND 6728711
	Index Only Scan using sbtest7_pkey on sbtest7  (cost=0.43..6.51 rows=104 width=4)
	  Index Cond: ((id >= 6728611) AND (id <= 6728711))

table 8 : explain SELECT id FROM sbtest8 WHERE id BETWEEN 6728611 AND 6728711
	Index Only Scan using sbtest8_pkey on sbtest8  (cost=0.43..10.33 rows=95 width=4)
	  Index Cond: ((id >= 6728611) AND (id <= 6728711))

explain: for range-covered :: explain SELECT id FROM sbtest%d WHERE id BETWEEN 6964180 AND 6964280
explain: for range-covered :: explain SELECT id FROM sbtest%d WHERE id BETWEEN 6728611 AND 6728711
for range-covered
table 1 : explain SELECT id FROM sbtest1 WHERE id BETWEEN 9238850 AND 9238950
	Index Only Scan using sbtest1_pkey on sbtest1  (cost=0.43..6.47 rows=102 width=4)
	  Index Cond: ((id >= 9238850) AND (id <= 9238950))

table 2 : explain SELECT id FROM sbtest2 WHERE id BETWEEN 9238850 AND 9238950
	Index Only Scan using sbtest2_pkey on sbtest2  (cost=0.43..6.45 rows=101 width=4)
	  Index Cond: ((id >= 9238850) AND (id <= 9238950))

table 3 : explain SELECT id FROM sbtest3 WHERE id BETWEEN 9238850 AND 9238950
	Index Only Scan using sbtest3_pkey on sbtest3  (cost=0.43..6.37 rows=97 width=4)
	  Index Cond: ((id >= 9238850) AND (id <= 9238950))

table 4 : explain SELECT id FROM sbtest4 WHERE id BETWEEN 9238850 AND 9238950
	Index Only Scan using sbtest4_pkey on sbtest4  (cost=0.43..6.56 rows=106 width=4)
	  Index Cond: ((id >= 9238850) AND (id <= 9238950))

table 5 : explain SELECT id FROM sbtest5 WHERE id BETWEEN 9238850 AND 9238950
	Index Only Scan using sbtest5_pkey on sbtest5  (cost=0.43..6.32 rows=94 width=4)
	  Index Cond: ((id >= 9238850) AND (id <= 9238950))

table 6 : explain SELECT id FROM sbtest6 WHERE id BETWEEN 9238850 AND 9238950
	Index Only Scan using sbtest6_pkey on sbtest6  (cost=0.43..6.51 rows=104 width=4)
	  Index Cond: ((id >= 9238850) AND (id <= 9238950))

table 7 : explain SELECT id FROM sbtest7 WHERE id BETWEEN 9238850 AND 9238950
	Index Only Scan using sbtest7_pkey on sbtest7  (cost=0.43..6.37 rows=97 width=4)
	  Index Cond: ((id >= 9238850) AND (id <= 9238950))

table 8 : explain SELECT id FROM sbtest8 WHERE id BETWEEN 9238850 AND 9238950
	Index Only Scan using sbtest8_pkey on sbtest8  (cost=0.43..10.36 rows=96 width=4)
	  Index Cond: ((id >= 9238850) AND (id <= 9238950))

for range-covered
table 1 : explain SELECT id FROM sbtest1 WHERE id BETWEEN 5647711 AND 5647811
	Index Only Scan using sbtest1_pkey on sbtest1  (cost=0.43..6.29 rows=93 width=4)
	  Index Cond: ((id >= 5647711) AND (id <= 5647811))

table 2 : explain SELECT id FROM sbtest2 WHERE id BETWEEN 5647711 AND 5647811
	Index Only Scan using sbtest2_pkey on sbtest2  (cost=0.43..6.61 rows=109 width=4)
	  Index Cond: ((id >= 5647711) AND (id <= 5647811))

table 3 : explain SELECT id FROM sbtest3 WHERE id BETWEEN 5647711 AND 5647811
	Index Only Scan using sbtest3_pkey on sbtest3  (cost=0.43..6.45 rows=101 width=4)
	  Index Cond: ((id >= 5647711) AND (id <= 5647811))

table 4 : explain SELECT id FROM sbtest4 WHERE id BETWEEN 5647711 AND 5647811
	Index Only Scan using sbtest4_pkey on sbtest4  (cost=0.43..6.51 rows=104 width=4)
	  Index Cond: ((id >= 5647711) AND (id <= 5647811))

table 5 : explain SELECT id FROM sbtest5 WHERE id BETWEEN 5647711 AND 5647811
	Index Only Scan using sbtest5_pkey on sbtest5  (cost=0.43..6.32 rows=94 width=4)
	  Index Cond: ((id >= 5647711) AND (id <= 5647811))

table 6 : explain SELECT id FROM sbtest6 WHERE id BETWEEN 5647711 AND 5647811
	Index Only Scan using sbtest6_pkey on sbtest6  (cost=0.43..6.50 rows=103 width=4)
	  Index Cond: ((id >= 5647711) AND (id <= 5647811))

table 7 : explain SELECT id FROM sbtest7 WHERE id BETWEEN 5647711 AND 5647811
	Index Only Scan using sbtest7_pkey on sbtest7  (cost=0.43..6.35 rows=96 width=4)
	  Index Cond: ((id >= 5647711) AND (id <= 5647811))

table 8 : explain SELECT id FROM sbtest8 WHERE id BETWEEN 5647711 AND 5647811
	Index Only Scan using sbtest8_pkey on sbtest8  (cost=0.43..10.50 rows=103 width=4)
	  Index Cond: ((id >= 5647711) AND (id <= 5647811))

explain: for range-covered :: explain SELECT id FROM sbtest%d WHERE id BETWEEN 9238850 AND 9238950
explain: for range-covered :: explain SELECT id FROM sbtest%d WHERE id BETWEEN 5647711 AND 5647811
for range-covered
table 1 : explain SELECT id FROM sbtest1 WHERE id BETWEEN 5606011 AND 5606111
	Index Only Scan using sbtest1_pkey on sbtest1  (cost=0.43..6.29 rows=93 width=4)
	  Index Cond: ((id >= 5606011) AND (id <= 5606111))

table 2 : explain SELECT id FROM sbtest2 WHERE id BETWEEN 5606011 AND 5606111
	Index Only Scan using sbtest2_pkey on sbtest2  (cost=0.43..6.47 rows=102 width=4)
	  Index Cond: ((id >= 5606011) AND (id <= 5606111))

table 3 : explain SELECT id FROM sbtest3 WHERE id BETWEEN 5606011 AND 5606111
	Index Only Scan using sbtest3_pkey on sbtest3  (cost=0.43..6.32 rows=94 width=4)
	  Index Cond: ((id >= 5606011) AND (id <= 5606111))

table 4 : explain SELECT id FROM sbtest4 WHERE id BETWEEN 5606011 AND 5606111
	Index Only Scan using sbtest4_pkey on sbtest4  (cost=0.43..6.40 rows=98 width=4)
	  Index Cond: ((id >= 5606011) AND (id <= 5606111))

table 5 : explain SELECT id FROM sbtest5 WHERE id BETWEEN 5606011 AND 5606111
	Index Only Scan using sbtest5_pkey on sbtest5  (cost=0.43..6.32 rows=94 width=4)
	  Index Cond: ((id >= 5606011) AND (id <= 5606111))

table 6 : explain SELECT id FROM sbtest6 WHERE id BETWEEN 5606011 AND 5606111
	Index Only Scan using sbtest6_pkey on sbtest6  (cost=0.43..6.53 rows=105 width=4)
	  Index Cond: ((id >= 5606011) AND (id <= 5606111))

table 7 : explain SELECT id FROM sbtest7 WHERE id BETWEEN 5606011 AND 5606111
	Index Only Scan using sbtest7_pkey on sbtest7  (cost=0.43..6.50 rows=103 width=4)
	  Index Cond: ((id >= 5606011) AND (id <= 5606111))

table 8 : explain SELECT id FROM sbtest8 WHERE id BETWEEN 5606011 AND 5606111
	Index Only Scan using sbtest8_pkey on sbtest8  (cost=0.43..10.50 rows=103 width=4)
	  Index Cond: ((id >= 5606011) AND (id <= 5606111))

for range-covered
table 1 : explain SELECT id FROM sbtest1 WHERE id BETWEEN 4104764 AND 4104864
	Index Only Scan using sbtest1_pkey on sbtest1  (cost=0.43..6.51 rows=104 width=4)
	  Index Cond: ((id >= 4104764) AND (id <= 4104864))

table 2 : explain SELECT id FROM sbtest2 WHERE id BETWEEN 4104764 AND 4104864
	Index Only Scan using sbtest2_pkey on sbtest2  (cost=0.43..6.32 rows=94 width=4)
	  Index Cond: ((id >= 4104764) AND (id <= 4104864))

table 3 : explain SELECT id FROM sbtest3 WHERE id BETWEEN 4104764 AND 4104864
	Index Only Scan using sbtest3_pkey on sbtest3  (cost=0.43..6.33 rows=95 width=4)
	  Index Cond: ((id >= 4104764) AND (id <= 4104864))

table 4 : explain SELECT id FROM sbtest4 WHERE id BETWEEN 4104764 AND 4104864
	Index Only Scan using sbtest4_pkey on sbtest4  (cost=0.43..6.66 rows=111 width=4)
	  Index Cond: ((id >= 4104764) AND (id <= 4104864))

table 5 : explain SELECT id FROM sbtest5 WHERE id BETWEEN 4104764 AND 4104864
	Index Only Scan using sbtest5_pkey on sbtest5  (cost=0.43..6.40 rows=98 width=4)
	  Index Cond: ((id >= 4104764) AND (id <= 4104864))

table 6 : explain SELECT id FROM sbtest6 WHERE id BETWEEN 4104764 AND 4104864
	Index Only Scan using sbtest6_pkey on sbtest6  (cost=0.43..6.29 rows=93 width=4)
	  Index Cond: ((id >= 4104764) AND (id <= 4104864))

table 7 : explain SELECT id FROM sbtest7 WHERE id BETWEEN 4104764 AND 4104864
	Index Only Scan using sbtest7_pkey on sbtest7  (cost=0.43..6.45 rows=101 width=4)
	  Index Cond: ((id >= 4104764) AND (id <= 4104864))

table 8 : explain SELECT id FROM sbtest8 WHERE id BETWEEN 4104764 AND 4104864
	Index Only Scan using sbtest8_pkey on sbtest8  (cost=0.43..10.50 rows=103 width=4)
	  Index Cond: ((id >= 4104764) AND (id <= 4104864))

explain: for range-covered :: explain SELECT id FROM sbtest%d WHERE id BETWEEN 4104764 AND 4104864
explain: for range-covered :: explain SELECT id FROM sbtest%d WHERE id BETWEEN 3885072 AND 3885172
for range-covered
table 1 : explain SELECT id FROM sbtest1 WHERE id BETWEEN 6728611 AND 6728711
	Index Only Scan using sbtest1_pkey on sbtest1  (cost=0.43..6.24 rows=90 width=4)
	  Index Cond: ((id >= 6728611) AND (id <= 6728711))

table 2 : explain SELECT id FROM sbtest2 WHERE id BETWEEN 6728611 AND 6728711
	Index Only Scan using sbtest2_pkey on sbtest2  (cost=0.43..6.47 rows=102 width=4)
	  Index Cond: ((id >= 6728611) AND (id <= 6728711))

table 3 : explain SELECT id FROM sbtest3 WHERE id BETWEEN 6728611 AND 6728711
	Index Only Scan using sbtest3_pkey on sbtest3  (cost=0.43..6.63 rows=110 width=4)
	  Index Cond: ((id >= 6728611) AND (id <= 6728711))

table 4 : explain SELECT id FROM sbtest4 WHERE id BETWEEN 6728611 AND 6728711
	Index Only Scan using sbtest4_pkey on sbtest4  (cost=0.43..6.47 rows=102 width=4)
	  Index Cond: ((id >= 6728611) AND (id <= 6728711))

table 5 : explain SELECT id FROM sbtest5 WHERE id BETWEEN 6728611 AND 6728711
	Index Only Scan using sbtest5_pkey on sbtest5  (cost=0.43..6.45 rows=101 width=4)
	  Index Cond: ((id >= 6728611) AND (id <= 6728711))

table 6 : explain SELECT id FROM sbtest6 WHERE id BETWEEN 6728611 AND 6728711
	Index Only Scan using sbtest6_pkey on sbtest6  (cost=0.43..6.51 rows=104 width=4)
	  Index Cond: ((id >= 6728611) AND (id <= 6728711))

table 7 : explain SELECT id FROM sbtest7 WHERE id BETWEEN 6728611 AND 6728711
	Index Only Scan using sbtest7_pkey on sbtest7  (cost=0.43..6.51 rows=104 width=4)
	  Index Cond: ((id >= 6728611) AND (id <= 6728711))

table 8 : explain SELECT id FROM sbtest8 WHERE id BETWEEN 6728611 AND 6728711
	Index Only Scan using sbtest8_pkey on sbtest8  (cost=0.43..10.33 rows=95 width=4)
	  Index Cond: ((id >= 6728611) AND (id <= 6728711))

for range-covered
table 1 : explain SELECT id FROM sbtest1 WHERE id BETWEEN 6964180 AND 6964280
	Index Only Scan using sbtest1_pkey on sbtest1  (cost=0.43..6.45 rows=101 width=4)
	  Index Cond: ((id >= 6964180) AND (id <= 6964280))

table 2 : explain SELECT id FROM sbtest2 WHERE id BETWEEN 6964180 AND 6964280
	Index Only Scan using sbtest2_pkey on sbtest2  (cost=0.43..6.35 rows=96 width=4)
	  Index Cond: ((id >= 6964180) AND (id <= 6964280))

table 3 : explain SELECT id FROM sbtest3 WHERE id BETWEEN 6964180 AND 6964280
	Index Only Scan using sbtest3_pkey on sbtest3  (cost=0.43..6.33 rows=95 width=4)
	  Index Cond: ((id >= 6964180) AND (id <= 6964280))

table 4 : explain SELECT id FROM sbtest4 WHERE id BETWEEN 6964180 AND 6964280
	Index Only Scan using sbtest4_pkey on sbtest4  (cost=0.43..6.47 rows=102 width=4)
	  Index Cond: ((id >= 6964180) AND (id <= 6964280))

table 5 : explain SELECT id FROM sbtest5 WHERE id BETWEEN 6964180 AND 6964280
	Index Only Scan using sbtest5_pkey on sbtest5  (cost=0.43..6.37 rows=97 width=4)
	  Index Cond: ((id >= 6964180) AND (id <= 6964280))

table 6 : explain SELECT id FROM sbtest6 WHERE id BETWEEN 6964180 AND 6964280
	Index Only Scan using sbtest6_pkey on sbtest6  (cost=0.43..6.40 rows=98 width=4)
	  Index Cond: ((id >= 6964180) AND (id <= 6964280))

table 7 : explain SELECT id FROM sbtest7 WHERE id BETWEEN 6964180 AND 6964280
	Index Only Scan using sbtest7_pkey on sbtest7  (cost=0.43..6.45 rows=101 width=4)
	  Index Cond: ((id >= 6964180) AND (id <= 6964280))

table 8 : explain SELECT id FROM sbtest8 WHERE id BETWEEN 6964180 AND 6964280
	Index Only Scan using sbtest8_pkey on sbtest8  (cost=0.43..10.50 rows=103 width=4)
	  Index Cond: ((id >= 6964180) AND (id <= 6964280))

explain: for range-covered :: explain SELECT id FROM sbtest%d WHERE id BETWEEN 6964180 AND 6964280
for range-covered
table 1 : explain SELECT id FROM sbtest1 WHERE id BETWEEN 5647711 AND 5647811
	Index Only Scan using sbtest1_pkey on sbtest1  (cost=0.43..6.29 rows=93 width=4)
	  Index Cond: ((id >= 5647711) AND (id <= 5647811))

table 2 : explain SELECT id FROM sbtest2 WHERE id BETWEEN 5647711 AND 5647811
	Index Only Scan using sbtest2_pkey on sbtest2  (cost=0.43..6.61 rows=109 width=4)
	  Index Cond: ((id >= 5647711) AND (id <= 5647811))

table 3 : explain SELECT id FROM sbtest3 WHERE id BETWEEN 5647711 AND 5647811
	Index Only Scan using sbtest3_pkey on sbtest3  (cost=0.43..6.45 rows=101 width=4)
	  Index Cond: ((id >= 5647711) AND (id <= 5647811))

table 4 : explain SELECT id FROM sbtest4 WHERE id BETWEEN 5647711 AND 5647811
	Index Only Scan using sbtest4_pkey on sbtest4  (cost=0.43..6.51 rows=104 width=4)
	  Index Cond: ((id >= 5647711) AND (id <= 5647811))

table 5 : explain SELECT id FROM sbtest5 WHERE id BETWEEN 5647711 AND 5647811
	Index Only Scan using sbtest5_pkey on sbtest5  (cost=0.43..6.32 rows=94 width=4)
	  Index Cond: ((id >= 5647711) AND (id <= 5647811))

table 6 : explain SELECT id FROM sbtest6 WHERE id BETWEEN 5647711 AND 5647811
	Index Only Scan using sbtest6_pkey on sbtest6  (cost=0.43..6.50 rows=103 width=4)
	  Index Cond: ((id >= 5647711) AND (id <= 5647811))

table 7 : explain SELECT id FROM sbtest7 WHERE id BETWEEN 5647711 AND 5647811
	Index Only Scan using sbtest7_pkey on sbtest7  (cost=0.43..6.35 rows=96 width=4)
	  Index Cond: ((id >= 5647711) AND (id <= 5647811))

table 8 : explain SELECT id FROM sbtest8 WHERE id BETWEEN 5647711 AND 5647811
	Index Only Scan using sbtest8_pkey on sbtest8  (cost=0.43..10.50 rows=103 width=4)
	  Index Cond: ((id >= 5647711) AND (id <= 5647811))

explain: for range-covered :: explain SELECT id FROM sbtest%d WHERE id BETWEEN 5647711 AND 5647811
for range-covered
table 1 : explain SELECT id FROM sbtest1 WHERE id BETWEEN 6930897 AND 6930997
	Index Only Scan using sbtest1_pkey on sbtest1  (cost=0.43..6.21 rows=89 width=4)
	  Index Cond: ((id >= 6930897) AND (id <= 6930997))

table 2 : explain SELECT id FROM sbtest2 WHERE id BETWEEN 6930897 AND 6930997
	Index Only Scan using sbtest2_pkey on sbtest2  (cost=0.43..6.35 rows=96 width=4)
	  Index Cond: ((id >= 6930897) AND (id <= 6930997))

table 3 : explain SELECT id FROM sbtest3 WHERE id BETWEEN 6930897 AND 6930997
	Index Only Scan using sbtest3_pkey on sbtest3  (cost=0.43..6.33 rows=95 width=4)
	  Index Cond: ((id >= 6930897) AND (id <= 6930997))

table 4 : explain SELECT id FROM sbtest4 WHERE id BETWEEN 6930897 AND 6930997
	Index Only Scan using sbtest4_pkey on sbtest4  (cost=0.43..6.47 rows=102 width=4)
	  Index Cond: ((id >= 6930897) AND (id <= 6930997))

table 5 : explain SELECT id FROM sbtest5 WHERE id BETWEEN 6930897 AND 6930997
	Index Only Scan using sbtest5_pkey on sbtest5  (cost=0.43..6.37 rows=97 width=4)
	  Index Cond: ((id >= 6930897) AND (id <= 6930997))

table 6 : explain SELECT id FROM sbtest6 WHERE id BETWEEN 6930897 AND 6930997
	Index Only Scan using sbtest6_pkey on sbtest6  (cost=0.43..6.40 rows=98 width=4)
	  Index Cond: ((id >= 6930897) AND (id <= 6930997))

table 7 : explain SELECT id FROM sbtest7 WHERE id BETWEEN 6930897 AND 6930997
	Index Only Scan using sbtest7_pkey on sbtest7  (cost=0.43..6.45 rows=101 width=4)
	  Index Cond: ((id >= 6930897) AND (id <= 6930997))

table 8 : explain SELECT id FROM sbtest8 WHERE id BETWEEN 6930897 AND 6930997
	Index Only Scan using sbtest8_pkey on sbtest8  (cost=0.43..10.50 rows=103 width=4)
	  Index Cond: ((id >= 6930897) AND (id <= 6930997))

explain: for range-covered :: explain SELECT id FROM sbtest%d WHERE id BETWEEN 6930897 AND 6930997
for range-covered
table 1 : explain SELECT id FROM sbtest1 WHERE id BETWEEN 9238850 AND 9238950
	Index Only Scan using sbtest1_pkey on sbtest1  (cost=0.43..6.47 rows=102 width=4)
	  Index Cond: ((id >= 9238850) AND (id <= 9238950))

table 2 : explain SELECT id FROM sbtest2 WHERE id BETWEEN 9238850 AND 9238950
	Index Only Scan using sbtest2_pkey on sbtest2  (cost=0.43..6.45 rows=101 width=4)
	  Index Cond: ((id >= 9238850) AND (id <= 9238950))

table 3 : explain SELECT id FROM sbtest3 WHERE id BETWEEN 9238850 AND 9238950
	Index Only Scan using sbtest3_pkey on sbtest3  (cost=0.43..6.37 rows=97 width=4)
	  Index Cond: ((id >= 9238850) AND (id <= 9238950))

table 4 : explain SELECT id FROM sbtest4 WHERE id BETWEEN 9238850 AND 9238950
	Index Only Scan using sbtest4_pkey on sbtest4  (cost=0.43..6.56 rows=106 width=4)
	  Index Cond: ((id >= 9238850) AND (id <= 9238950))

table 5 : explain SELECT id FROM sbtest5 WHERE id BETWEEN 9238850 AND 9238950
	Index Only Scan using sbtest5_pkey on sbtest5  (cost=0.43..6.32 rows=94 width=4)
	  Index Cond: ((id >= 9238850) AND (id <= 9238950))

table 6 : explain SELECT id FROM sbtest6 WHERE id BETWEEN 9238850 AND 9238950
	Index Only Scan using sbtest6_pkey on sbtest6  (cost=0.43..6.51 rows=104 width=4)
	  Index Cond: ((id >= 9238850) AND (id <= 9238950))

table 7 : explain SELECT id FROM sbtest7 WHERE id BETWEEN 9238850 AND 9238950
	Index Only Scan using sbtest7_pkey on sbtest7  (cost=0.43..6.37 rows=97 width=4)
	  Index Cond: ((id >= 9238850) AND (id <= 9238950))

table 8 : explain SELECT id FROM sbtest8 WHERE id BETWEEN 9238850 AND 9238950
	Index Only Scan using sbtest8_pkey on sbtest8  (cost=0.43..10.36 rows=96 width=4)
	  Index Cond: ((id >= 9238850) AND (id <= 9238950))

explain: for range-covered :: explain SELECT id FROM sbtest%d WHERE id BETWEEN 9238850 AND 9238950
for range-covered
table 1 : explain SELECT id FROM sbtest1 WHERE id BETWEEN 8134821 AND 8134921
	Index Only Scan using sbtest1_pkey on sbtest1  (cost=0.43..6.58 rows=107 width=4)
	  Index Cond: ((id >= 8134821) AND (id <= 8134921))

table 2 : explain SELECT id FROM sbtest2 WHERE id BETWEEN 8134821 AND 8134921
	Index Only Scan using sbtest2_pkey on sbtest2  (cost=0.43..6.35 rows=96 width=4)
	  Index Cond: ((id >= 8134821) AND (id <= 8134921))

table 3 : explain SELECT id FROM sbtest3 WHERE id BETWEEN 8134821 AND 8134921
	Index Only Scan using sbtest3_pkey on sbtest3  (cost=0.43..6.50 rows=103 width=4)
	  Index Cond: ((id >= 8134821) AND (id <= 8134921))

table 4 : explain SELECT id FROM sbtest4 WHERE id BETWEEN 8134821 AND 8134921
	Index Only Scan using sbtest4_pkey on sbtest4  (cost=0.43..6.50 rows=103 width=4)
	  Index Cond: ((id >= 8134821) AND (id <= 8134921))

table 5 : explain SELECT id FROM sbtest5 WHERE id BETWEEN 8134821 AND 8134921
	Index Only Scan using sbtest5_pkey on sbtest5  (cost=0.43..6.56 rows=106 width=4)
	  Index Cond: ((id >= 8134821) AND (id <= 8134921))

table 6 : explain SELECT id FROM sbtest6 WHERE id BETWEEN 8134821 AND 8134921
	Index Only Scan using sbtest6_pkey on sbtest6  (cost=0.43..6.50 rows=103 width=4)
	  Index Cond: ((id >= 8134821) AND (id <= 8134921))

table 7 : explain SELECT id FROM sbtest7 WHERE id BETWEEN 8134821 AND 8134921
	Index Only Scan using sbtest7_pkey on sbtest7  (cost=0.43..6.59 rows=108 width=4)
	  Index Cond: ((id >= 8134821) AND (id <= 8134921))

table 8 : explain SELECT id FROM sbtest8 WHERE id BETWEEN 8134821 AND 8134921
	Index Only Scan using sbtest8_pkey on sbtest8  (cost=0.43..10.58 rows=107 width=4)
	  Index Cond: ((id >= 8134821) AND (id <= 8134921))

explain: for range-covered :: explain SELECT id FROM sbtest%d WHERE id BETWEEN 8134821 AND 8134921
for range-covered
table 1 : explain SELECT id FROM sbtest1 WHERE id BETWEEN 5647711 AND 5647811
	Index Only Scan using sbtest1_pkey on sbtest1  (cost=0.43..6.29 rows=93 width=4)
	  Index Cond: ((id >= 5647711) AND (id <= 5647811))

table 2 : explain SELECT id FROM sbtest2 WHERE id BETWEEN 5647711 AND 5647811
	Index Only Scan using sbtest2_pkey on sbtest2  (cost=0.43..6.61 rows=109 width=4)
	  Index Cond: ((id >= 5647711) AND (id <= 5647811))

table 3 : explain SELECT id FROM sbtest3 WHERE id BETWEEN 5647711 AND 5647811
	Index Only Scan using sbtest3_pkey on sbtest3  (cost=0.43..6.45 rows=101 width=4)
	  Index Cond: ((id >= 5647711) AND (id <= 5647811))

table 4 : explain SELECT id FROM sbtest4 WHERE id BETWEEN 5647711 AND 5647811
	Index Only Scan using sbtest4_pkey on sbtest4  (cost=0.43..6.51 rows=104 width=4)
	  Index Cond: ((id >= 5647711) AND (id <= 5647811))

table 5 : explain SELECT id FROM sbtest5 WHERE id BETWEEN 5647711 AND 5647811
	Index Only Scan using sbtest5_pkey on sbtest5  (cost=0.43..6.32 rows=94 width=4)
	  Index Cond: ((id >= 5647711) AND (id <= 5647811))

table 6 : explain SELECT id FROM sbtest6 WHERE id BETWEEN 5647711 AND 5647811
	Index Only Scan using sbtest6_pkey on sbtest6  (cost=0.43..6.50 rows=103 width=4)
	  Index Cond: ((id >= 5647711) AND (id <= 5647811))

table 7 : explain SELECT id FROM sbtest7 WHERE id BETWEEN 5647711 AND 5647811
	Index Only Scan using sbtest7_pkey on sbtest7  (cost=0.43..6.35 rows=96 width=4)
	  Index Cond: ((id >= 5647711) AND (id <= 5647811))

table 8 : explain SELECT id FROM sbtest8 WHERE id BETWEEN 5647711 AND 5647811
	Index Only Scan using sbtest8_pkey on sbtest8  (cost=0.43..10.50 rows=103 width=4)
	  Index Cond: ((id >= 5647711) AND (id <= 5647811))

for range-covered
table 1 : explain SELECT id FROM sbtest1 WHERE id BETWEEN 4104764 AND 4104864
	Index Only Scan using sbtest1_pkey on sbtest1  (cost=0.43..6.51 rows=104 width=4)
	  Index Cond: ((id >= 4104764) AND (id <= 4104864))

table 2 : explain SELECT id FROM sbtest2 WHERE id BETWEEN 4104764 AND 4104864
	Index Only Scan using sbtest2_pkey on sbtest2  (cost=0.43..6.32 rows=94 width=4)
	  Index Cond: ((id >= 4104764) AND (id <= 4104864))

table 3 : explain SELECT id FROM sbtest3 WHERE id BETWEEN 4104764 AND 4104864
	Index Only Scan using sbtest3_pkey on sbtest3  (cost=0.43..6.33 rows=95 width=4)
	  Index Cond: ((id >= 4104764) AND (id <= 4104864))

table 4 : explain SELECT id FROM sbtest4 WHERE id BETWEEN 4104764 AND 4104864
	Index Only Scan using sbtest4_pkey on sbtest4  (cost=0.43..6.66 rows=111 width=4)
	  Index Cond: ((id >= 4104764) AND (id <= 4104864))

table 5 : explain SELECT id FROM sbtest5 WHERE id BETWEEN 4104764 AND 4104864
	Index Only Scan using sbtest5_pkey on sbtest5  (cost=0.43..6.40 rows=98 width=4)
	  Index Cond: ((id >= 4104764) AND (id <= 4104864))

table 6 : explain SELECT id FROM sbtest6 WHERE id BETWEEN 4104764 AND 4104864
	Index Only Scan using sbtest6_pkey on sbtest6  (cost=0.43..6.29 rows=93 width=4)
	  Index Cond: ((id >= 4104764) AND (id <= 4104864))

table 7 : explain SELECT id FROM sbtest7 WHERE id BETWEEN 4104764 AND 4104864
	Index Only Scan using sbtest7_pkey on sbtest7  (cost=0.43..6.45 rows=101 width=4)
	  Index Cond: ((id >= 4104764) AND (id <= 4104864))

table 8 : explain SELECT id FROM sbtest8 WHERE id BETWEEN 4104764 AND 4104864
	Index Only Scan using sbtest8_pkey on sbtest8  (cost=0.43..10.50 rows=103 width=4)
	  Index Cond: ((id >= 4104764) AND (id <= 4104864))

for range-covered
table 1 : explain SELECT id FROM sbtest1 WHERE id BETWEEN 5820029 AND 5820129
	Index Only Scan using sbtest1_pkey on sbtest1  (cost=0.43..6.50 rows=103 width=4)
	  Index Cond: ((id >= 5820029) AND (id <= 5820129))

table 2 : explain SELECT id FROM sbtest2 WHERE id BETWEEN 5820029 AND 5820129
	Index Only Scan using sbtest2_pkey on sbtest2  (cost=0.43..6.63 rows=110 width=4)
	  Index Cond: ((id >= 5820029) AND (id <= 5820129))

table 3 : explain SELECT id FROM sbtest3 WHERE id BETWEEN 5820029 AND 5820129
	Index Only Scan using sbtest3_pkey on sbtest3  (cost=0.43..6.42 rows=99 width=4)
	  Index Cond: ((id >= 5820029) AND (id <= 5820129))

table 4 : explain SELECT id FROM sbtest4 WHERE id BETWEEN 5820029 AND 5820129
	Index Only Scan using sbtest4_pkey on sbtest4  (cost=0.43..6.35 rows=96 width=4)
	  Index Cond: ((id >= 5820029) AND (id <= 5820129))

table 5 : explain SELECT id FROM sbtest5 WHERE id BETWEEN 5820029 AND 5820129
	Index Only Scan using sbtest5_pkey on sbtest5  (cost=0.43..6.56 rows=106 width=4)
	  Index Cond: ((id >= 5820029) AND (id <= 5820129))

table 6 : explain SELECT id FROM sbtest6 WHERE id BETWEEN 5820029 AND 5820129
	Index Only Scan using sbtest6_pkey on sbtest6  (cost=0.43..6.63 rows=110 width=4)
	  Index Cond: ((id >= 5820029) AND (id <= 5820129))

table 7 : explain SELECT id FROM sbtest7 WHERE id BETWEEN 5820029 AND 5820129
	Index Only Scan using sbtest7_pkey on sbtest7  (cost=0.43..6.33 rows=95 width=4)
	  Index Cond: ((id >= 5820029) AND (id <= 5820129))

table 8 : explain SELECT id FROM sbtest8 WHERE id BETWEEN 5820029 AND 5820129
	Index Only Scan using sbtest8_pkey on sbtest8  (cost=0.43..10.50 rows=103 width=4)
	  Index Cond: ((id >= 5820029) AND (id <= 5820129))

for range-covered
table 1 : explain SELECT id FROM sbtest1 WHERE id BETWEEN 3420174 AND 3420274
	Index Only Scan using sbtest1_pkey on sbtest1  (cost=0.43..6.24 rows=90 width=4)
	  Index Cond: ((id >= 3420174) AND (id <= 3420274))

table 2 : explain SELECT id FROM sbtest2 WHERE id BETWEEN 3420174 AND 3420274
	Index Only Scan using sbtest2_pkey on sbtest2  (cost=0.43..6.45 rows=101 width=4)
	  Index Cond: ((id >= 3420174) AND (id <= 3420274))

table 3 : explain SELECT id FROM sbtest3 WHERE id BETWEEN 3420174 AND 3420274
	Index Only Scan using sbtest3_pkey on sbtest3  (cost=0.43..6.29 rows=93 width=4)
	  Index Cond: ((id >= 3420174) AND (id <= 3420274))

table 4 : explain SELECT id FROM sbtest4 WHERE id BETWEEN 3420174 AND 3420274
	Index Only Scan using sbtest4_pkey on sbtest4  (cost=0.43..6.32 rows=94 width=4)
	  Index Cond: ((id >= 3420174) AND (id <= 3420274))

table 5 : explain SELECT id FROM sbtest5 WHERE id BETWEEN 3420174 AND 3420274
	Index Only Scan using sbtest5_pkey on sbtest5  (cost=0.43..6.61 rows=109 width=4)
	  Index Cond: ((id >= 3420174) AND (id <= 3420274))

table 6 : explain SELECT id FROM sbtest6 WHERE id BETWEEN 3420174 AND 3420274
	Index Only Scan using sbtest6_pkey on sbtest6  (cost=0.43..6.45 rows=101 width=4)
	  Index Cond: ((id >= 3420174) AND (id <= 3420274))

table 7 : explain SELECT id FROM sbtest7 WHERE id BETWEEN 3420174 AND 3420274
	Index Only Scan using sbtest7_pkey on sbtest7  (cost=0.43..6.40 rows=98 width=4)
	  Index Cond: ((id >= 3420174) AND (id <= 3420274))

table 8 : explain SELECT id FROM sbtest8 WHERE id BETWEEN 3420174 AND 3420274
	Index Only Scan using sbtest8_pkey on sbtest8  (cost=0.43..10.46 rows=101 width=4)
	  Index Cond: ((id >= 3420174) AND (id <= 3420274))

explain: for range-covered :: explain SELECT id FROM sbtest%d WHERE id BETWEEN 5820029 AND 5820129
for range-covered
table 1 : explain SELECT id FROM sbtest1 WHERE id BETWEEN 6930897 AND 6930997
	Index Only Scan using sbtest1_pkey on sbtest1  (cost=0.43..6.21 rows=89 width=4)
	  Index Cond: ((id >= 6930897) AND (id <= 6930997))

table 2 : explain SELECT id FROM sbtest2 WHERE id BETWEEN 6930897 AND 6930997
	Index Only Scan using sbtest2_pkey on sbtest2  (cost=0.43..6.35 rows=96 width=4)
	  Index Cond: ((id >= 6930897) AND (id <= 6930997))

table 3 : explain SELECT id FROM sbtest3 WHERE id BETWEEN 6930897 AND 6930997
	Index Only Scan using sbtest3_pkey on sbtest3  (cost=0.43..6.33 rows=95 width=4)
	  Index Cond: ((id >= 6930897) AND (id <= 6930997))

table 4 : explain SELECT id FROM sbtest4 WHERE id BETWEEN 6930897 AND 6930997
	Index Only Scan using sbtest4_pkey on sbtest4  (cost=0.43..6.47 rows=102 width=4)
	  Index Cond: ((id >= 6930897) AND (id <= 6930997))

table 5 : explain SELECT id FROM sbtest5 WHERE id BETWEEN 6930897 AND 6930997
	Index Only Scan using sbtest5_pkey on sbtest5  (cost=0.43..6.37 rows=97 width=4)
	  Index Cond: ((id >= 6930897) AND (id <= 6930997))

table 6 : explain SELECT id FROM sbtest6 WHERE id BETWEEN 6930897 AND 6930997
	Index Only Scan using sbtest6_pkey on sbtest6  (cost=0.43..6.40 rows=98 width=4)
	  Index Cond: ((id >= 6930897) AND (id <= 6930997))

table 7 : explain SELECT id FROM sbtest7 WHERE id BETWEEN 6930897 AND 6930997
	Index Only Scan using sbtest7_pkey on sbtest7  (cost=0.43..6.45 rows=101 width=4)
	  Index Cond: ((id >= 6930897) AND (id <= 6930997))

table 8 : explain SELECT id FROM sbtest8 WHERE id BETWEEN 6930897 AND 6930997
	Index Only Scan using sbtest8_pkey on sbtest8  (cost=0.43..10.50 rows=103 width=4)
	  Index Cond: ((id >= 6930897) AND (id <= 6930997))

explain: for range-covered :: explain SELECT id FROM sbtest%d WHERE id BETWEEN 3420174 AND 3420274
explain: for range-covered :: explain SELECT id FROM sbtest%d WHERE id BETWEEN 6930897 AND 6930997
for range-covered
table 1 : explain SELECT id FROM sbtest1 WHERE id BETWEEN 9238850 AND 9238950
	Index Only Scan using sbtest1_pkey on sbtest1  (cost=0.43..6.47 rows=102 width=4)
	  Index Cond: ((id >= 9238850) AND (id <= 9238950))

table 2 : explain SELECT id FROM sbtest2 WHERE id BETWEEN 9238850 AND 9238950
	Index Only Scan using sbtest2_pkey on sbtest2  (cost=0.43..6.45 rows=101 width=4)
	  Index Cond: ((id >= 9238850) AND (id <= 9238950))

table 3 : explain SELECT id FROM sbtest3 WHERE id BETWEEN 9238850 AND 9238950
	Index Only Scan using sbtest3_pkey on sbtest3  (cost=0.43..6.37 rows=97 width=4)
	  Index Cond: ((id >= 9238850) AND (id <= 9238950))

table 4 : explain SELECT id FROM sbtest4 WHERE id BETWEEN 9238850 AND 9238950
	Index Only Scan using sbtest4_pkey on sbtest4  (cost=0.43..6.56 rows=106 width=4)
	  Index Cond: ((id >= 9238850) AND (id <= 9238950))

table 5 : explain SELECT id FROM sbtest5 WHERE id BETWEEN 9238850 AND 9238950
	Index Only Scan using sbtest5_pkey on sbtest5  (cost=0.43..6.32 rows=94 width=4)
	  Index Cond: ((id >= 9238850) AND (id <= 9238950))

table 6 : explain SELECT id FROM sbtest6 WHERE id BETWEEN 9238850 AND 9238950
	Index Only Scan using sbtest6_pkey on sbtest6  (cost=0.43..6.51 rows=104 width=4)
	  Index Cond: ((id >= 9238850) AND (id <= 9238950))

table 7 : explain SELECT id FROM sbtest7 WHERE id BETWEEN 9238850 AND 9238950
	Index Only Scan using sbtest7_pkey on sbtest7  (cost=0.43..6.37 rows=97 width=4)
	  Index Cond: ((id >= 9238850) AND (id <= 9238950))

table 8 : explain SELECT id FROM sbtest8 WHERE id BETWEEN 9238850 AND 9238950
	Index Only Scan using sbtest8_pkey on sbtest8  (cost=0.43..10.36 rows=96 width=4)
	  Index Cond: ((id >= 9238850) AND (id <= 9238950))

explain: for range-covered :: explain SELECT id FROM sbtest%d WHERE id BETWEEN 9238850 AND 9238950
for range-covered
table 1 : explain SELECT id FROM sbtest1 WHERE id BETWEEN 3420174 AND 3420274
	Index Only Scan using sbtest1_pkey on sbtest1  (cost=0.43..6.24 rows=90 width=4)
	  Index Cond: ((id >= 3420174) AND (id <= 3420274))

table 2 : explain SELECT id FROM sbtest2 WHERE id BETWEEN 3420174 AND 3420274
	Index Only Scan using sbtest2_pkey on sbtest2  (cost=0.43..6.45 rows=101 width=4)
	  Index Cond: ((id >= 3420174) AND (id <= 3420274))

table 3 : explain SELECT id FROM sbtest3 WHERE id BETWEEN 3420174 AND 3420274
	Index Only Scan using sbtest3_pkey on sbtest3  (cost=0.43..6.29 rows=93 width=4)
	  Index Cond: ((id >= 3420174) AND (id <= 3420274))

table 4 : explain SELECT id FROM sbtest4 WHERE id BETWEEN 3420174 AND 3420274
	Index Only Scan using sbtest4_pkey on sbtest4  (cost=0.43..6.32 rows=94 width=4)
	  Index Cond: ((id >= 3420174) AND (id <= 3420274))

table 5 : explain SELECT id FROM sbtest5 WHERE id BETWEEN 3420174 AND 3420274
	Index Only Scan using sbtest5_pkey on sbtest5  (cost=0.43..6.61 rows=109 width=4)
	  Index Cond: ((id >= 3420174) AND (id <= 3420274))

table 6 : explain SELECT id FROM sbtest6 WHERE id BETWEEN 3420174 AND 3420274
	Index Only Scan using sbtest6_pkey on sbtest6  (cost=0.43..6.45 rows=101 width=4)
	  Index Cond: ((id >= 3420174) AND (id <= 3420274))

table 7 : explain SELECT id FROM sbtest7 WHERE id BETWEEN 3420174 AND 3420274
	Index Only Scan using sbtest7_pkey on sbtest7  (cost=0.43..6.40 rows=98 width=4)
	  Index Cond: ((id >= 3420174) AND (id <= 3420274))

table 8 : explain SELECT id FROM sbtest8 WHERE id BETWEEN 3420174 AND 3420274
	Index Only Scan using sbtest8_pkey on sbtest8  (cost=0.43..10.46 rows=101 width=4)
	  Index Cond: ((id >= 3420174) AND (id <= 3420274))

explain: for range-covered :: explain SELECT id FROM sbtest%d WHERE id BETWEEN 9000970 AND 9001070
explain: for range-covered :: explain SELECT id FROM sbtest%d WHERE id BETWEEN 3420174 AND 3420274
for range-covered
table 1 : explain SELECT id FROM sbtest1 WHERE id BETWEEN 6964180 AND 6964280
	Index Only Scan using sbtest1_pkey on sbtest1  (cost=0.43..6.45 rows=101 width=4)
	  Index Cond: ((id >= 6964180) AND (id <= 6964280))

table 2 : explain SELECT id FROM sbtest2 WHERE id BETWEEN 6964180 AND 6964280
	Index Only Scan using sbtest2_pkey on sbtest2  (cost=0.43..6.35 rows=96 width=4)
	  Index Cond: ((id >= 6964180) AND (id <= 6964280))

table 3 : explain SELECT id FROM sbtest3 WHERE id BETWEEN 6964180 AND 6964280
	Index Only Scan using sbtest3_pkey on sbtest3  (cost=0.43..6.33 rows=95 width=4)
	  Index Cond: ((id >= 6964180) AND (id <= 6964280))

table 4 : explain SELECT id FROM sbtest4 WHERE id BETWEEN 6964180 AND 6964280
	Index Only Scan using sbtest4_pkey on sbtest4  (cost=0.43..6.47 rows=102 width=4)
	  Index Cond: ((id >= 6964180) AND (id <= 6964280))

table 5 : explain SELECT id FROM sbtest5 WHERE id BETWEEN 6964180 AND 6964280
	Index Only Scan using sbtest5_pkey on sbtest5  (cost=0.43..6.37 rows=97 width=4)
	  Index Cond: ((id >= 6964180) AND (id <= 6964280))

table 6 : explain SELECT id FROM sbtest6 WHERE id BETWEEN 6964180 AND 6964280
	Index Only Scan using sbtest6_pkey on sbtest6  (cost=0.43..6.40 rows=98 width=4)
	  Index Cond: ((id >= 6964180) AND (id <= 6964280))

table 7 : explain SELECT id FROM sbtest7 WHERE id BETWEEN 6964180 AND 6964280
	Index Only Scan using sbtest7_pkey on sbtest7  (cost=0.43..6.45 rows=101 width=4)
	  Index Cond: ((id >= 6964180) AND (id <= 6964280))

table 8 : explain SELECT id FROM sbtest8 WHERE id BETWEEN 6964180 AND 6964280
	Index Only Scan using sbtest8_pkey on sbtest8  (cost=0.43..10.50 rows=103 width=4)
	  Index Cond: ((id >= 6964180) AND (id <= 6964280))

for range-covered
table 1 : explain SELECT id FROM sbtest1 WHERE id BETWEEN 5820029 AND 5820129
	Index Only Scan using sbtest1_pkey on sbtest1  (cost=0.43..6.50 rows=103 width=4)
	  Index Cond: ((id >= 5820029) AND (id <= 5820129))

table 2 : explain SELECT id FROM sbtest2 WHERE id BETWEEN 5820029 AND 5820129
	Index Only Scan using sbtest2_pkey on sbtest2  (cost=0.43..6.63 rows=110 width=4)
	  Index Cond: ((id >= 5820029) AND (id <= 5820129))

table 3 : explain SELECT id FROM sbtest3 WHERE id BETWEEN 5820029 AND 5820129
	Index Only Scan using sbtest3_pkey on sbtest3  (cost=0.43..6.42 rows=99 width=4)
	  Index Cond: ((id >= 5820029) AND (id <= 5820129))

table 4 : explain SELECT id FROM sbtest4 WHERE id BETWEEN 5820029 AND 5820129
	Index Only Scan using sbtest4_pkey on sbtest4  (cost=0.43..6.35 rows=96 width=4)
	  Index Cond: ((id >= 5820029) AND (id <= 5820129))

table 5 : explain SELECT id FROM sbtest5 WHERE id BETWEEN 5820029 AND 5820129
	Index Only Scan using sbtest5_pkey on sbtest5  (cost=0.43..6.56 rows=106 width=4)
	  Index Cond: ((id >= 5820029) AND (id <= 5820129))

table 6 : explain SELECT id FROM sbtest6 WHERE id BETWEEN 5820029 AND 5820129
	Index Only Scan using sbtest6_pkey on sbtest6  (cost=0.43..6.63 rows=110 width=4)
	  Index Cond: ((id >= 5820029) AND (id <= 5820129))

table 7 : explain SELECT id FROM sbtest7 WHERE id BETWEEN 5820029 AND 5820129
	Index Only Scan using sbtest7_pkey on sbtest7  (cost=0.43..6.33 rows=95 width=4)
	  Index Cond: ((id >= 5820029) AND (id <= 5820129))

table 8 : explain SELECT id FROM sbtest8 WHERE id BETWEEN 5820029 AND 5820129
	Index Only Scan using sbtest8_pkey on sbtest8  (cost=0.43..10.50 rows=103 width=4)
	  Index Cond: ((id >= 5820029) AND (id <= 5820129))

explain: for range-covered :: explain SELECT id FROM sbtest%d WHERE id BETWEEN 5820029 AND 5820129
for range-covered
table 1 : explain SELECT id FROM sbtest1 WHERE id BETWEEN 8134821 AND 8134921
	Index Only Scan using sbtest1_pkey on sbtest1  (cost=0.43..6.58 rows=107 width=4)
	  Index Cond: ((id >= 8134821) AND (id <= 8134921))

table 2 : explain SELECT id FROM sbtest2 WHERE id BETWEEN 8134821 AND 8134921
	Index Only Scan using sbtest2_pkey on sbtest2  (cost=0.43..6.35 rows=96 width=4)
	  Index Cond: ((id >= 8134821) AND (id <= 8134921))

table 3 : explain SELECT id FROM sbtest3 WHERE id BETWEEN 8134821 AND 8134921
	Index Only Scan using sbtest3_pkey on sbtest3  (cost=0.43..6.50 rows=103 width=4)
	  Index Cond: ((id >= 8134821) AND (id <= 8134921))

table 4 : explain SELECT id FROM sbtest4 WHERE id BETWEEN 8134821 AND 8134921
	Index Only Scan using sbtest4_pkey on sbtest4  (cost=0.43..6.50 rows=103 width=4)
	  Index Cond: ((id >= 8134821) AND (id <= 8134921))

table 5 : explain SELECT id FROM sbtest5 WHERE id BETWEEN 8134821 AND 8134921
	Index Only Scan using sbtest5_pkey on sbtest5  (cost=0.43..6.56 rows=106 width=4)
	  Index Cond: ((id >= 8134821) AND (id <= 8134921))

table 6 : explain SELECT id FROM sbtest6 WHERE id BETWEEN 8134821 AND 8134921
	Index Only Scan using sbtest6_pkey on sbtest6  (cost=0.43..6.50 rows=103 width=4)
	  Index Cond: ((id >= 8134821) AND (id <= 8134921))

table 7 : explain SELECT id FROM sbtest7 WHERE id BETWEEN 8134821 AND 8134921
	Index Only Scan using sbtest7_pkey on sbtest7  (cost=0.43..6.59 rows=108 width=4)
	  Index Cond: ((id >= 8134821) AND (id <= 8134921))

table 8 : explain SELECT id FROM sbtest8 WHERE id BETWEEN 8134821 AND 8134921
	Index Only Scan using sbtest8_pkey on sbtest8  (cost=0.43..10.58 rows=107 width=4)
	  Index Cond: ((id >= 8134821) AND (id <= 8134921))

for range-covered
table 1 : explain SELECT id FROM sbtest1 WHERE id BETWEEN 6930897 AND 6930997
	Index Only Scan using sbtest1_pkey on sbtest1  (cost=0.43..6.21 rows=89 width=4)
	  Index Cond: ((id >= 6930897) AND (id <= 6930997))

table 2 : explain SELECT id FROM sbtest2 WHERE id BETWEEN 6930897 AND 6930997
	Index Only Scan using sbtest2_pkey on sbtest2  (cost=0.43..6.35 rows=96 width=4)
	  Index Cond: ((id >= 6930897) AND (id <= 6930997))

table 3 : explain SELECT id FROM sbtest3 WHERE id BETWEEN 6930897 AND 6930997
	Index Only Scan using sbtest3_pkey on sbtest3  (cost=0.43..6.33 rows=95 width=4)
	  Index Cond: ((id >= 6930897) AND (id <= 6930997))

table 4 : explain SELECT id FROM sbtest4 WHERE id BETWEEN 6930897 AND 6930997
	Index Only Scan using sbtest4_pkey on sbtest4  (cost=0.43..6.47 rows=102 width=4)
	  Index Cond: ((id >= 6930897) AND (id <= 6930997))

table 5 : explain SELECT id FROM sbtest5 WHERE id BETWEEN 6930897 AND 6930997
	Index Only Scan using sbtest5_pkey on sbtest5  (cost=0.43..6.37 rows=97 width=4)
	  Index Cond: ((id >= 6930897) AND (id <= 6930997))

table 6 : explain SELECT id FROM sbtest6 WHERE id BETWEEN 6930897 AND 6930997
	Index Only Scan using sbtest6_pkey on sbtest6  (cost=0.43..6.40 rows=98 width=4)
	  Index Cond: ((id >= 6930897) AND (id <= 6930997))

table 7 : explain SELECT id FROM sbtest7 WHERE id BETWEEN 6930897 AND 6930997
	Index Only Scan using sbtest7_pkey on sbtest7  (cost=0.43..6.45 rows=101 width=4)
	  Index Cond: ((id >= 6930897) AND (id <= 6930997))

table 8 : explain SELECT id FROM sbtest8 WHERE id BETWEEN 6930897 AND 6930997
	Index Only Scan using sbtest8_pkey on sbtest8  (cost=0.43..10.50 rows=103 width=4)
	  Index Cond: ((id >= 6930897) AND (id <= 6930997))

for range-covered
table 1 : explain SELECT id FROM sbtest1 WHERE id BETWEEN 3420174 AND 3420274
	Index Only Scan using sbtest1_pkey on sbtest1  (cost=0.43..6.24 rows=90 width=4)
	  Index Cond: ((id >= 3420174) AND (id <= 3420274))

table 2 : explain SELECT id FROM sbtest2 WHERE id BETWEEN 3420174 AND 3420274
	Index Only Scan using sbtest2_pkey on sbtest2  (cost=0.43..6.45 rows=101 width=4)
	  Index Cond: ((id >= 3420174) AND (id <= 3420274))

table 3 : explain SELECT id FROM sbtest3 WHERE id BETWEEN 3420174 AND 3420274
	Index Only Scan using sbtest3_pkey on sbtest3  (cost=0.43..6.29 rows=93 width=4)
	  Index Cond: ((id >= 3420174) AND (id <= 3420274))

table 4 : explain SELECT id FROM sbtest4 WHERE id BETWEEN 3420174 AND 3420274
	Index Only Scan using sbtest4_pkey on sbtest4  (cost=0.43..6.32 rows=94 width=4)
	  Index Cond: ((id >= 3420174) AND (id <= 3420274))

table 5 : explain SELECT id FROM sbtest5 WHERE id BETWEEN 3420174 AND 3420274
	Index Only Scan using sbtest5_pkey on sbtest5  (cost=0.43..6.61 rows=109 width=4)
	  Index Cond: ((id >= 3420174) AND (id <= 3420274))

table 6 : explain SELECT id FROM sbtest6 WHERE id BETWEEN 3420174 AND 3420274
	Index Only Scan using sbtest6_pkey on sbtest6  (cost=0.43..6.45 rows=101 width=4)
	  Index Cond: ((id >= 3420174) AND (id <= 3420274))

table 7 : explain SELECT id FROM sbtest7 WHERE id BETWEEN 3420174 AND 3420274
	Index Only Scan using sbtest7_pkey on sbtest7  (cost=0.43..6.40 rows=98 width=4)
	  Index Cond: ((id >= 3420174) AND (id <= 3420274))

table 8 : explain SELECT id FROM sbtest8 WHERE id BETWEEN 3420174 AND 3420274
	Index Only Scan using sbtest8_pkey on sbtest8  (cost=0.43..10.46 rows=101 width=4)
	  Index Cond: ((id >= 3420174) AND (id <= 3420274))

explain: for range-covered :: explain SELECT id FROM sbtest%d WHERE id BETWEEN 8134821 AND 8134921
explain: for range-covered :: explain SELECT id FROM sbtest%d WHERE id BETWEEN 3420174 AND 3420274
explain: for range-covered :: explain SELECT id FROM sbtest%d WHERE id BETWEEN 6930897 AND 6930997
for range-covered
table 1 : explain SELECT id FROM sbtest1 WHERE id BETWEEN 9238850 AND 9238950
	Index Only Scan using sbtest1_pkey on sbtest1  (cost=0.43..6.47 rows=102 width=4)
	  Index Cond: ((id >= 9238850) AND (id <= 9238950))

table 2 : explain SELECT id FROM sbtest2 WHERE id BETWEEN 9238850 AND 9238950
	Index Only Scan using sbtest2_pkey on sbtest2  (cost=0.43..6.45 rows=101 width=4)
	  Index Cond: ((id >= 9238850) AND (id <= 9238950))

table 3 : explain SELECT id FROM sbtest3 WHERE id BETWEEN 9238850 AND 9238950
	Index Only Scan using sbtest3_pkey on sbtest3  (cost=0.43..6.37 rows=97 width=4)
	  Index Cond: ((id >= 9238850) AND (id <= 9238950))

table 4 : explain SELECT id FROM sbtest4 WHERE id BETWEEN 9238850 AND 9238950
	Index Only Scan using sbtest4_pkey on sbtest4  (cost=0.43..6.56 rows=106 width=4)
	  Index Cond: ((id >= 9238850) AND (id <= 9238950))

table 5 : explain SELECT id FROM sbtest5 WHERE id BETWEEN 9238850 AND 9238950
	Index Only Scan using sbtest5_pkey on sbtest5  (cost=0.43..6.32 rows=94 width=4)
	  Index Cond: ((id >= 9238850) AND (id <= 9238950))

table 6 : explain SELECT id FROM sbtest6 WHERE id BETWEEN 9238850 AND 9238950
	Index Only Scan using sbtest6_pkey on sbtest6  (cost=0.43..6.51 rows=104 width=4)
	  Index Cond: ((id >= 9238850) AND (id <= 9238950))

table 7 : explain SELECT id FROM sbtest7 WHERE id BETWEEN 9238850 AND 9238950
	Index Only Scan using sbtest7_pkey on sbtest7  (cost=0.43..6.37 rows=97 width=4)
	  Index Cond: ((id >= 9238850) AND (id <= 9238950))

table 8 : explain SELECT id FROM sbtest8 WHERE id BETWEEN 9238850 AND 9238950
	Index Only Scan using sbtest8_pkey on sbtest8  (cost=0.43..10.36 rows=96 width=4)
	  Index Cond: ((id >= 9238850) AND (id <= 9238950))

explain: for range-covered :: explain SELECT id FROM sbtest%d WHERE id BETWEEN 9238850 AND 9238950
for range-covered
table 1 : explain SELECT id FROM sbtest1 WHERE id BETWEEN 3420174 AND 3420274
	Index Only Scan using sbtest1_pkey on sbtest1  (cost=0.43..6.24 rows=90 width=4)
	  Index Cond: ((id >= 3420174) AND (id <= 3420274))

table 2 : explain SELECT id FROM sbtest2 WHERE id BETWEEN 3420174 AND 3420274
	Index Only Scan using sbtest2_pkey on sbtest2  (cost=0.43..6.45 rows=101 width=4)
	  Index Cond: ((id >= 3420174) AND (id <= 3420274))

table 3 : explain SELECT id FROM sbtest3 WHERE id BETWEEN 3420174 AND 3420274
	Index Only Scan using sbtest3_pkey on sbtest3  (cost=0.43..6.29 rows=93 width=4)
	  Index Cond: ((id >= 3420174) AND (id <= 3420274))

table 4 : explain SELECT id FROM sbtest4 WHERE id BETWEEN 3420174 AND 3420274
	Index Only Scan using sbtest4_pkey on sbtest4  (cost=0.43..6.32 rows=94 width=4)
	  Index Cond: ((id >= 3420174) AND (id <= 3420274))

table 5 : explain SELECT id FROM sbtest5 WHERE id BETWEEN 3420174 AND 3420274
	Index Only Scan using sbtest5_pkey on sbtest5  (cost=0.43..6.61 rows=109 width=4)
	  Index Cond: ((id >= 3420174) AND (id <= 3420274))

table 6 : explain SELECT id FROM sbtest6 WHERE id BETWEEN 3420174 AND 3420274
	Index Only Scan using sbtest6_pkey on sbtest6  (cost=0.43..6.45 rows=101 width=4)
	  Index Cond: ((id >= 3420174) AND (id <= 3420274))

table 7 : explain SELECT id FROM sbtest7 WHERE id BETWEEN 3420174 AND 3420274
	Index Only Scan using sbtest7_pkey on sbtest7  (cost=0.43..6.40 rows=98 width=4)
	  Index Cond: ((id >= 3420174) AND (id <= 3420274))

table 8 : explain SELECT id FROM sbtest8 WHERE id BETWEEN 3420174 AND 3420274
	Index Only Scan using sbtest8_pkey on sbtest8  (cost=0.43..10.46 rows=101 width=4)
	  Index Cond: ((id >= 3420174) AND (id <= 3420274))

explain: for range-covered :: explain SELECT id FROM sbtest%d WHERE id BETWEEN 3420174 AND 3420274
explain: for range-covered :: explain SELECT id FROM sbtest%d WHERE id BETWEEN 4470562 AND 4470662
for range-covered
table 1 : explain SELECT id FROM sbtest1 WHERE id BETWEEN 3885072 AND 3885172
	Index Only Scan using sbtest1_pkey on sbtest1  (cost=0.43..6.35 rows=96 width=4)
	  Index Cond: ((id >= 3885072) AND (id <= 3885172))

table 2 : explain SELECT id FROM sbtest2 WHERE id BETWEEN 3885072 AND 3885172
	Index Only Scan using sbtest2_pkey on sbtest2  (cost=0.43..6.53 rows=105 width=4)
	  Index Cond: ((id >= 3885072) AND (id <= 3885172))

table 3 : explain SELECT id FROM sbtest3 WHERE id BETWEEN 3885072 AND 3885172
	Index Only Scan using sbtest3_pkey on sbtest3  (cost=0.43..6.51 rows=104 width=4)
	  Index Cond: ((id >= 3885072) AND (id <= 3885172))

table 4 : explain SELECT id FROM sbtest4 WHERE id BETWEEN 3885072 AND 3885172
	Index Only Scan using sbtest4_pkey on sbtest4  (cost=0.43..6.47 rows=102 width=4)
	  Index Cond: ((id >= 3885072) AND (id <= 3885172))

table 5 : explain SELECT id FROM sbtest5 WHERE id BETWEEN 3885072 AND 3885172
	Index Only Scan using sbtest5_pkey on sbtest5  (cost=0.43..6.37 rows=97 width=4)
	  Index Cond: ((id >= 3885072) AND (id <= 3885172))

table 6 : explain SELECT id FROM sbtest6 WHERE id BETWEEN 3885072 AND 3885172
	Index Only Scan using sbtest6_pkey on sbtest6  (cost=0.43..6.58 rows=107 width=4)
	  Index Cond: ((id >= 3885072) AND (id <= 3885172))

table 7 : explain SELECT id FROM sbtest7 WHERE id BETWEEN 3885072 AND 3885172
	Index Only Scan using sbtest7_pkey on sbtest7  (cost=0.43..6.40 rows=98 width=4)
	  Index Cond: ((id >= 3885072) AND (id <= 3885172))

table 8 : explain SELECT id FROM sbtest8 WHERE id BETWEEN 3885072 AND 3885172
	Index Only Scan using sbtest8_pkey on sbtest8  (cost=0.43..10.42 rows=99 width=4)
	  Index Cond: ((id >= 3885072) AND (id <= 3885172))

for range-covered
table 1 : explain SELECT id FROM sbtest1 WHERE id BETWEEN 5820029 AND 5820129
	Index Only Scan using sbtest1_pkey on sbtest1  (cost=0.43..6.50 rows=103 width=4)
	  Index Cond: ((id >= 5820029) AND (id <= 5820129))

table 2 : explain SELECT id FROM sbtest2 WHERE id BETWEEN 5820029 AND 5820129
	Index Only Scan using sbtest2_pkey on sbtest2  (cost=0.43..6.63 rows=110 width=4)
	  Index Cond: ((id >= 5820029) AND (id <= 5820129))

table 3 : explain SELECT id FROM sbtest3 WHERE id BETWEEN 5820029 AND 5820129
	Index Only Scan using sbtest3_pkey on sbtest3  (cost=0.43..6.42 rows=99 width=4)
	  Index Cond: ((id >= 5820029) AND (id <= 5820129))

table 4 : explain SELECT id FROM sbtest4 WHERE id BETWEEN 5820029 AND 5820129
	Index Only Scan using sbtest4_pkey on sbtest4  (cost=0.43..6.35 rows=96 width=4)
	  Index Cond: ((id >= 5820029) AND (id <= 5820129))

table 5 : explain SELECT id FROM sbtest5 WHERE id BETWEEN 5820029 AND 5820129
	Index Only Scan using sbtest5_pkey on sbtest5  (cost=0.43..6.56 rows=106 width=4)
	  Index Cond: ((id >= 5820029) AND (id <= 5820129))

table 6 : explain SELECT id FROM sbtest6 WHERE id BETWEEN 5820029 AND 5820129
	Index Only Scan using sbtest6_pkey on sbtest6  (cost=0.43..6.63 rows=110 width=4)
	  Index Cond: ((id >= 5820029) AND (id <= 5820129))

table 7 : explain SELECT id FROM sbtest7 WHERE id BETWEEN 5820029 AND 5820129
	Index Only Scan using sbtest7_pkey on sbtest7  (cost=0.43..6.33 rows=95 width=4)
	  Index Cond: ((id >= 5820029) AND (id <= 5820129))

table 8 : explain SELECT id FROM sbtest8 WHERE id BETWEEN 5820029 AND 5820129
	Index Only Scan using sbtest8_pkey on sbtest8  (cost=0.43..10.50 rows=103 width=4)
	  Index Cond: ((id >= 5820029) AND (id <= 5820129))

explain: for range-covered :: explain SELECT id FROM sbtest%d WHERE id BETWEEN 3885072 AND 3885172
explain: for range-covered :: explain SELECT id FROM sbtest%d WHERE id BETWEEN 5820029 AND 5820129
for range-covered
table 1 : explain SELECT id FROM sbtest1 WHERE id BETWEEN 8134821 AND 8134921
	Index Only Scan using sbtest1_pkey on sbtest1  (cost=0.43..6.58 rows=107 width=4)
	  Index Cond: ((id >= 8134821) AND (id <= 8134921))

table 2 : explain SELECT id FROM sbtest2 WHERE id BETWEEN 8134821 AND 8134921
	Index Only Scan using sbtest2_pkey on sbtest2  (cost=0.43..6.35 rows=96 width=4)
	  Index Cond: ((id >= 8134821) AND (id <= 8134921))

table 3 : explain SELECT id FROM sbtest3 WHERE id BETWEEN 8134821 AND 8134921
	Index Only Scan using sbtest3_pkey on sbtest3  (cost=0.43..6.50 rows=103 width=4)
	  Index Cond: ((id >= 8134821) AND (id <= 8134921))

table 4 : explain SELECT id FROM sbtest4 WHERE id BETWEEN 8134821 AND 8134921
	Index Only Scan using sbtest4_pkey on sbtest4  (cost=0.43..6.50 rows=103 width=4)
	  Index Cond: ((id >= 8134821) AND (id <= 8134921))

table 5 : explain SELECT id FROM sbtest5 WHERE id BETWEEN 8134821 AND 8134921
	Index Only Scan using sbtest5_pkey on sbtest5  (cost=0.43..6.56 rows=106 width=4)
	  Index Cond: ((id >= 8134821) AND (id <= 8134921))

table 6 : explain SELECT id FROM sbtest6 WHERE id BETWEEN 8134821 AND 8134921
	Index Only Scan using sbtest6_pkey on sbtest6  (cost=0.43..6.50 rows=103 width=4)
	  Index Cond: ((id >= 8134821) AND (id <= 8134921))

table 7 : explain SELECT id FROM sbtest7 WHERE id BETWEEN 8134821 AND 8134921
	Index Only Scan using sbtest7_pkey on sbtest7  (cost=0.43..6.59 rows=108 width=4)
	  Index Cond: ((id >= 8134821) AND (id <= 8134921))

table 8 : explain SELECT id FROM sbtest8 WHERE id BETWEEN 8134821 AND 8134921
	Index Only Scan using sbtest8_pkey on sbtest8  (cost=0.43..10.58 rows=107 width=4)
	  Index Cond: ((id >= 8134821) AND (id <= 8134921))

for range-covered
table 1 : explain SELECT id FROM sbtest1 WHERE id BETWEEN 6930897 AND 6930997
	Index Only Scan using sbtest1_pkey on sbtest1  (cost=0.43..6.21 rows=89 width=4)
	  Index Cond: ((id >= 6930897) AND (id <= 6930997))

table 2 : explain SELECT id FROM sbtest2 WHERE id BETWEEN 6930897 AND 6930997
	Index Only Scan using sbtest2_pkey on sbtest2  (cost=0.43..6.35 rows=96 width=4)
	  Index Cond: ((id >= 6930897) AND (id <= 6930997))

table 3 : explain SELECT id FROM sbtest3 WHERE id BETWEEN 6930897 AND 6930997
	Index Only Scan using sbtest3_pkey on sbtest3  (cost=0.43..6.33 rows=95 width=4)
	  Index Cond: ((id >= 6930897) AND (id <= 6930997))

table 4 : explain SELECT id FROM sbtest4 WHERE id BETWEEN 6930897 AND 6930997
	Index Only Scan using sbtest4_pkey on sbtest4  (cost=0.43..6.47 rows=102 width=4)
	  Index Cond: ((id >= 6930897) AND (id <= 6930997))

table 5 : explain SELECT id FROM sbtest5 WHERE id BETWEEN 6930897 AND 6930997
	Index Only Scan using sbtest5_pkey on sbtest5  (cost=0.43..6.37 rows=97 width=4)
	  Index Cond: ((id >= 6930897) AND (id <= 6930997))

table 6 : explain SELECT id FROM sbtest6 WHERE id BETWEEN 6930897 AND 6930997
	Index Only Scan using sbtest6_pkey on sbtest6  (cost=0.43..6.40 rows=98 width=4)
	  Index Cond: ((id >= 6930897) AND (id <= 6930997))

table 7 : explain SELECT id FROM sbtest7 WHERE id BETWEEN 6930897 AND 6930997
	Index Only Scan using sbtest7_pkey on sbtest7  (cost=0.43..6.45 rows=101 width=4)
	  Index Cond: ((id >= 6930897) AND (id <= 6930997))

table 8 : explain SELECT id FROM sbtest8 WHERE id BETWEEN 6930897 AND 6930997
	Index Only Scan using sbtest8_pkey on sbtest8  (cost=0.43..10.50 rows=103 width=4)
	  Index Cond: ((id >= 6930897) AND (id <= 6930997))

explain: for range-covered :: explain SELECT id FROM sbtest%d WHERE id BETWEEN 8134821 AND 8134921
explain: for range-covered :: explain SELECT id FROM sbtest%d WHERE id BETWEEN 6930897 AND 6930997
explain: for range-covered :: explain SELECT id FROM sbtest%d WHERE id BETWEEN 3742278 AND 3742378
for range-covered
table 1 : explain SELECT id FROM sbtest1 WHERE id BETWEEN 3420174 AND 3420274
	Index Only Scan using sbtest1_pkey on sbtest1  (cost=0.43..6.24 rows=90 width=4)
	  Index Cond: ((id >= 3420174) AND (id <= 3420274))

table 2 : explain SELECT id FROM sbtest2 WHERE id BETWEEN 3420174 AND 3420274
	Index Only Scan using sbtest2_pkey on sbtest2  (cost=0.43..6.45 rows=101 width=4)
	  Index Cond: ((id >= 3420174) AND (id <= 3420274))

table 3 : explain SELECT id FROM sbtest3 WHERE id BETWEEN 3420174 AND 3420274
	Index Only Scan using sbtest3_pkey on sbtest3  (cost=0.43..6.29 rows=93 width=4)
	  Index Cond: ((id >= 3420174) AND (id <= 3420274))

table 4 : explain SELECT id FROM sbtest4 WHERE id BETWEEN 3420174 AND 3420274
	Index Only Scan using sbtest4_pkey on sbtest4  (cost=0.43..6.32 rows=94 width=4)
	  Index Cond: ((id >= 3420174) AND (id <= 3420274))

table 5 : explain SELECT id FROM sbtest5 WHERE id BETWEEN 3420174 AND 3420274
	Index Only Scan using sbtest5_pkey on sbtest5  (cost=0.43..6.61 rows=109 width=4)
	  Index Cond: ((id >= 3420174) AND (id <= 3420274))

table 6 : explain SELECT id FROM sbtest6 WHERE id BETWEEN 3420174 AND 3420274
	Index Only Scan using sbtest6_pkey on sbtest6  (cost=0.43..6.45 rows=101 width=4)
	  Index Cond: ((id >= 3420174) AND (id <= 3420274))

table 7 : explain SELECT id FROM sbtest7 WHERE id BETWEEN 3420174 AND 3420274
	Index Only Scan using sbtest7_pkey on sbtest7  (cost=0.43..6.40 rows=98 width=4)
	  Index Cond: ((id >= 3420174) AND (id <= 3420274))

table 8 : explain SELECT id FROM sbtest8 WHERE id BETWEEN 3420174 AND 3420274
	Index Only Scan using sbtest8_pkey on sbtest8  (cost=0.43..10.46 rows=101 width=4)
	  Index Cond: ((id >= 3420174) AND (id <= 3420274))

for range-covered
table 1 : explain SELECT id FROM sbtest1 WHERE id BETWEEN 3885072 AND 3885172
	Index Only Scan using sbtest1_pkey on sbtest1  (cost=0.43..6.35 rows=96 width=4)
	  Index Cond: ((id >= 3885072) AND (id <= 3885172))

table 2 : explain SELECT id FROM sbtest2 WHERE id BETWEEN 3885072 AND 3885172
	Index Only Scan using sbtest2_pkey on sbtest2  (cost=0.43..6.53 rows=105 width=4)
	  Index Cond: ((id >= 3885072) AND (id <= 3885172))

table 3 : explain SELECT id FROM sbtest3 WHERE id BETWEEN 3885072 AND 3885172
	Index Only Scan using sbtest3_pkey on sbtest3  (cost=0.43..6.51 rows=104 width=4)
	  Index Cond: ((id >= 3885072) AND (id <= 3885172))

table 4 : explain SELECT id FROM sbtest4 WHERE id BETWEEN 3885072 AND 3885172
	Index Only Scan using sbtest4_pkey on sbtest4  (cost=0.43..6.47 rows=102 width=4)
	  Index Cond: ((id >= 3885072) AND (id <= 3885172))

table 5 : explain SELECT id FROM sbtest5 WHERE id BETWEEN 3885072 AND 3885172
	Index Only Scan using sbtest5_pkey on sbtest5  (cost=0.43..6.37 rows=97 width=4)
	  Index Cond: ((id >= 3885072) AND (id <= 3885172))

table 6 : explain SELECT id FROM sbtest6 WHERE id BETWEEN 3885072 AND 3885172
	Index Only Scan using sbtest6_pkey on sbtest6  (cost=0.43..6.58 rows=107 width=4)
	  Index Cond: ((id >= 3885072) AND (id <= 3885172))

table 7 : explain SELECT id FROM sbtest7 WHERE id BETWEEN 3885072 AND 3885172
	Index Only Scan using sbtest7_pkey on sbtest7  (cost=0.43..6.40 rows=98 width=4)
	  Index Cond: ((id >= 3885072) AND (id <= 3885172))

table 8 : explain SELECT id FROM sbtest8 WHERE id BETWEEN 3885072 AND 3885172
	Index Only Scan using sbtest8_pkey on sbtest8  (cost=0.43..10.42 rows=99 width=4)
	  Index Cond: ((id >= 3885072) AND (id <= 3885172))

for range-covered
table 1 : explain SELECT id FROM sbtest1 WHERE id BETWEEN 9238850 AND 9238950
	Index Only Scan using sbtest1_pkey on sbtest1  (cost=0.43..6.47 rows=102 width=4)
	  Index Cond: ((id >= 9238850) AND (id <= 9238950))

table 2 : explain SELECT id FROM sbtest2 WHERE id BETWEEN 9238850 AND 9238950
	Index Only Scan using sbtest2_pkey on sbtest2  (cost=0.43..6.45 rows=101 width=4)
	  Index Cond: ((id >= 9238850) AND (id <= 9238950))

table 3 : explain SELECT id FROM sbtest3 WHERE id BETWEEN 9238850 AND 9238950
	Index Only Scan using sbtest3_pkey on sbtest3  (cost=0.43..6.37 rows=97 width=4)
	  Index Cond: ((id >= 9238850) AND (id <= 9238950))

table 4 : explain SELECT id FROM sbtest4 WHERE id BETWEEN 9238850 AND 9238950
	Index Only Scan using sbtest4_pkey on sbtest4  (cost=0.43..6.56 rows=106 width=4)
	  Index Cond: ((id >= 9238850) AND (id <= 9238950))

table 5 : explain SELECT id FROM sbtest5 WHERE id BETWEEN 9238850 AND 9238950
	Index Only Scan using sbtest5_pkey on sbtest5  (cost=0.43..6.32 rows=94 width=4)
	  Index Cond: ((id >= 9238850) AND (id <= 9238950))

table 6 : explain SELECT id FROM sbtest6 WHERE id BETWEEN 9238850 AND 9238950
	Index Only Scan using sbtest6_pkey on sbtest6  (cost=0.43..6.51 rows=104 width=4)
	  Index Cond: ((id >= 9238850) AND (id <= 9238950))

table 7 : explain SELECT id FROM sbtest7 WHERE id BETWEEN 9238850 AND 9238950
	Index Only Scan using sbtest7_pkey on sbtest7  (cost=0.43..6.37 rows=97 width=4)
	  Index Cond: ((id >= 9238850) AND (id <= 9238950))

table 8 : explain SELECT id FROM sbtest8 WHERE id BETWEEN 9238850 AND 9238950
	Index Only Scan using sbtest8_pkey on sbtest8  (cost=0.43..10.36 rows=96 width=4)
	  Index Cond: ((id >= 9238850) AND (id <= 9238950))

explain: for range-covered :: explain SELECT id FROM sbtest%d WHERE id BETWEEN 3420174 AND 3420274
explain: for range-covered :: explain SELECT id FROM sbtest%d WHERE id BETWEEN 3885072 AND 3885172
explain: for range-covered :: explain SELECT id FROM sbtest%d WHERE id BETWEEN 9238850 AND 9238950
for range-covered
table 1 : explain SELECT id FROM sbtest1 WHERE id BETWEEN 9000970 AND 9001070
	Index Only Scan using sbtest1_pkey on sbtest1  (cost=0.43..6.69 rows=113 width=4)
	  Index Cond: ((id >= 9000970) AND (id <= 9001070))

table 2 : explain SELECT id FROM sbtest2 WHERE id BETWEEN 9000970 AND 9001070
	Index Only Scan using sbtest2_pkey on sbtest2  (cost=0.43..6.29 rows=93 width=4)
	  Index Cond: ((id >= 9000970) AND (id <= 9001070))

table 3 : explain SELECT id FROM sbtest3 WHERE id BETWEEN 9000970 AND 9001070
	Index Only Scan using sbtest3_pkey on sbtest3  (cost=0.43..6.42 rows=99 width=4)
	  Index Cond: ((id >= 9000970) AND (id <= 9001070))

table 4 : explain SELECT id FROM sbtest4 WHERE id BETWEEN 9000970 AND 9001070
	Index Only Scan using sbtest4_pkey on sbtest4  (cost=0.43..6.35 rows=96 width=4)
	  Index Cond: ((id >= 9000970) AND (id <= 9001070))

table 5 : explain SELECT id FROM sbtest5 WHERE id BETWEEN 9000970 AND 9001070
	Index Only Scan using sbtest5_pkey on sbtest5  (cost=0.43..6.45 rows=101 width=4)
	  Index Cond: ((id >= 9000970) AND (id <= 9001070))

table 6 : explain SELECT id FROM sbtest6 WHERE id BETWEEN 9000970 AND 9001070
	Index Only Scan using sbtest6_pkey on sbtest6  (cost=0.43..6.51 rows=104 width=4)
	  Index Cond: ((id >= 9000970) AND (id <= 9001070))

table 7 : explain SELECT id FROM sbtest7 WHERE id BETWEEN 9000970 AND 9001070
	Index Only Scan using sbtest7_pkey on sbtest7  (cost=0.43..6.50 rows=103 width=4)
	  Index Cond: ((id >= 9000970) AND (id <= 9001070))

table 8 : explain SELECT id FROM sbtest8 WHERE id BETWEEN 9000970 AND 9001070
	Index Only Scan using sbtest8_pkey on sbtest8  (cost=0.43..10.42 rows=99 width=4)
	  Index Cond: ((id >= 9000970) AND (id <= 9001070))

explain: for range-covered :: explain SELECT id FROM sbtest%d WHERE id BETWEEN 9000970 AND 9001070
explain: for range-covered :: explain SELECT id FROM sbtest%d WHERE id BETWEEN 5998842 AND 5998942
for range-covered
table 1 : explain SELECT id FROM sbtest1 WHERE id BETWEEN 5820029 AND 5820129
	Index Only Scan using sbtest1_pkey on sbtest1  (cost=0.43..6.50 rows=103 width=4)
	  Index Cond: ((id >= 5820029) AND (id <= 5820129))

table 2 : explain SELECT id FROM sbtest2 WHERE id BETWEEN 5820029 AND 5820129
	Index Only Scan using sbtest2_pkey on sbtest2  (cost=0.43..6.63 rows=110 width=4)
	  Index Cond: ((id >= 5820029) AND (id <= 5820129))

table 3 : explain SELECT id FROM sbtest3 WHERE id BETWEEN 5820029 AND 5820129
	Index Only Scan using sbtest3_pkey on sbtest3  (cost=0.43..6.42 rows=99 width=4)
	  Index Cond: ((id >= 5820029) AND (id <= 5820129))

table 4 : explain SELECT id FROM sbtest4 WHERE id BETWEEN 5820029 AND 5820129
	Index Only Scan using sbtest4_pkey on sbtest4  (cost=0.43..6.35 rows=96 width=4)
	  Index Cond: ((id >= 5820029) AND (id <= 5820129))

table 5 : explain SELECT id FROM sbtest5 WHERE id BETWEEN 5820029 AND 5820129
	Index Only Scan using sbtest5_pkey on sbtest5  (cost=0.43..6.56 rows=106 width=4)
	  Index Cond: ((id >= 5820029) AND (id <= 5820129))

table 6 : explain SELECT id FROM sbtest6 WHERE id BETWEEN 5820029 AND 5820129
	Index Only Scan using sbtest6_pkey on sbtest6  (cost=0.43..6.63 rows=110 width=4)
	  Index Cond: ((id >= 5820029) AND (id <= 5820129))

table 7 : explain SELECT id FROM sbtest7 WHERE id BETWEEN 5820029 AND 5820129
	Index Only Scan using sbtest7_pkey on sbtest7  (cost=0.43..6.33 rows=95 width=4)
	  Index Cond: ((id >= 5820029) AND (id <= 5820129))

table 8 : explain SELECT id FROM sbtest8 WHERE id BETWEEN 5820029 AND 5820129
	Index Only Scan using sbtest8_pkey on sbtest8  (cost=0.43..10.50 rows=103 width=4)
	  Index Cond: ((id >= 5820029) AND (id <= 5820129))

for range-covered
table 1 : explain SELECT id FROM sbtest1 WHERE id BETWEEN 3885072 AND 3885172
	Index Only Scan using sbtest1_pkey on sbtest1  (cost=0.43..6.35 rows=96 width=4)
	  Index Cond: ((id >= 3885072) AND (id <= 3885172))

table 2 : explain SELECT id FROM sbtest2 WHERE id BETWEEN 3885072 AND 3885172
	Index Only Scan using sbtest2_pkey on sbtest2  (cost=0.43..6.53 rows=105 width=4)
	  Index Cond: ((id >= 3885072) AND (id <= 3885172))

table 3 : explain SELECT id FROM sbtest3 WHERE id BETWEEN 3885072 AND 3885172
	Index Only Scan using sbtest3_pkey on sbtest3  (cost=0.43..6.51 rows=104 width=4)
	  Index Cond: ((id >= 3885072) AND (id <= 3885172))

table 4 : explain SELECT id FROM sbtest4 WHERE id BETWEEN 3885072 AND 3885172
	Index Only Scan using sbtest4_pkey on sbtest4  (cost=0.43..6.47 rows=102 width=4)
	  Index Cond: ((id >= 3885072) AND (id <= 3885172))

table 5 : explain SELECT id FROM sbtest5 WHERE id BETWEEN 3885072 AND 3885172
	Index Only Scan using sbtest5_pkey on sbtest5  (cost=0.43..6.37 rows=97 width=4)
	  Index Cond: ((id >= 3885072) AND (id <= 3885172))

table 6 : explain SELECT id FROM sbtest6 WHERE id BETWEEN 3885072 AND 3885172
	Index Only Scan using sbtest6_pkey on sbtest6  (cost=0.43..6.58 rows=107 width=4)
	  Index Cond: ((id >= 3885072) AND (id <= 3885172))

table 7 : explain SELECT id FROM sbtest7 WHERE id BETWEEN 3885072 AND 3885172
	Index Only Scan using sbtest7_pkey on sbtest7  (cost=0.43..6.40 rows=98 width=4)
	  Index Cond: ((id >= 3885072) AND (id <= 3885172))

table 8 : explain SELECT id FROM sbtest8 WHERE id BETWEEN 3885072 AND 3885172
	Index Only Scan using sbtest8_pkey on sbtest8  (cost=0.43..10.42 rows=99 width=4)
	  Index Cond: ((id >= 3885072) AND (id <= 3885172))

explain: for range-covered :: explain SELECT id FROM sbtest%d WHERE id BETWEEN 3885072 AND 3885172
explain: for range-covered :: explain SELECT id FROM sbtest%d WHERE id BETWEEN 5820029 AND 5820129
for range-covered
table 1 : explain SELECT id FROM sbtest1 WHERE id BETWEEN 9000970 AND 9001070
	Index Only Scan using sbtest1_pkey on sbtest1  (cost=0.43..6.69 rows=113 width=4)
	  Index Cond: ((id >= 9000970) AND (id <= 9001070))

table 2 : explain SELECT id FROM sbtest2 WHERE id BETWEEN 9000970 AND 9001070
	Index Only Scan using sbtest2_pkey on sbtest2  (cost=0.43..6.29 rows=93 width=4)
	  Index Cond: ((id >= 9000970) AND (id <= 9001070))

table 3 : explain SELECT id FROM sbtest3 WHERE id BETWEEN 9000970 AND 9001070
	Index Only Scan using sbtest3_pkey on sbtest3  (cost=0.43..6.42 rows=99 width=4)
	  Index Cond: ((id >= 9000970) AND (id <= 9001070))

table 4 : explain SELECT id FROM sbtest4 WHERE id BETWEEN 9000970 AND 9001070
	Index Only Scan using sbtest4_pkey on sbtest4  (cost=0.43..6.35 rows=96 width=4)
	  Index Cond: ((id >= 9000970) AND (id <= 9001070))

table 5 : explain SELECT id FROM sbtest5 WHERE id BETWEEN 9000970 AND 9001070
	Index Only Scan using sbtest5_pkey on sbtest5  (cost=0.43..6.45 rows=101 width=4)
	  Index Cond: ((id >= 9000970) AND (id <= 9001070))

table 6 : explain SELECT id FROM sbtest6 WHERE id BETWEEN 9000970 AND 9001070
	Index Only Scan using sbtest6_pkey on sbtest6  (cost=0.43..6.51 rows=104 width=4)
	  Index Cond: ((id >= 9000970) AND (id <= 9001070))

table 7 : explain SELECT id FROM sbtest7 WHERE id BETWEEN 9000970 AND 9001070
	Index Only Scan using sbtest7_pkey on sbtest7  (cost=0.43..6.50 rows=103 width=4)
	  Index Cond: ((id >= 9000970) AND (id <= 9001070))

table 8 : explain SELECT id FROM sbtest8 WHERE id BETWEEN 9000970 AND 9001070
	Index Only Scan using sbtest8_pkey on sbtest8  (cost=0.43..10.42 rows=99 width=4)
	  Index Cond: ((id >= 9000970) AND (id <= 9001070))

explain: for range-covered :: explain SELECT id FROM sbtest%d WHERE id BETWEEN 9000970 AND 9001070
for range-covered
table 1 : explain SELECT id FROM sbtest1 WHERE id BETWEEN 3420174 AND 3420274
	Index Only Scan using sbtest1_pkey on sbtest1  (cost=0.43..6.24 rows=90 width=4)
	  Index Cond: ((id >= 3420174) AND (id <= 3420274))

table 2 : explain SELECT id FROM sbtest2 WHERE id BETWEEN 3420174 AND 3420274
	Index Only Scan using sbtest2_pkey on sbtest2  (cost=0.43..6.45 rows=101 width=4)
	  Index Cond: ((id >= 3420174) AND (id <= 3420274))

table 3 : explain SELECT id FROM sbtest3 WHERE id BETWEEN 3420174 AND 3420274
	Index Only Scan using sbtest3_pkey on sbtest3  (cost=0.43..6.29 rows=93 width=4)
	  Index Cond: ((id >= 3420174) AND (id <= 3420274))

table 4 : explain SELECT id FROM sbtest4 WHERE id BETWEEN 3420174 AND 3420274
	Index Only Scan using sbtest4_pkey on sbtest4  (cost=0.43..6.32 rows=94 width=4)
	  Index Cond: ((id >= 3420174) AND (id <= 3420274))

table 5 : explain SELECT id FROM sbtest5 WHERE id BETWEEN 3420174 AND 3420274
	Index Only Scan using sbtest5_pkey on sbtest5  (cost=0.43..6.61 rows=109 width=4)
	  Index Cond: ((id >= 3420174) AND (id <= 3420274))

table 6 : explain SELECT id FROM sbtest6 WHERE id BETWEEN 3420174 AND 3420274
	Index Only Scan using sbtest6_pkey on sbtest6  (cost=0.43..6.45 rows=101 width=4)
	  Index Cond: ((id >= 3420174) AND (id <= 3420274))

table 7 : explain SELECT id FROM sbtest7 WHERE id BETWEEN 3420174 AND 3420274
	Index Only Scan using sbtest7_pkey on sbtest7  (cost=0.43..6.40 rows=98 width=4)
	  Index Cond: ((id >= 3420174) AND (id <= 3420274))

table 8 : explain SELECT id FROM sbtest8 WHERE id BETWEEN 3420174 AND 3420274
	Index Only Scan using sbtest8_pkey on sbtest8  (cost=0.43..10.46 rows=101 width=4)
	  Index Cond: ((id >= 3420174) AND (id <= 3420274))

for range-covered
table 1 : explain SELECT id FROM sbtest1 WHERE id BETWEEN 8134821 AND 8134921
	Index Only Scan using sbtest1_pkey on sbtest1  (cost=0.43..6.58 rows=107 width=4)
	  Index Cond: ((id >= 8134821) AND (id <= 8134921))

table 2 : explain SELECT id FROM sbtest2 WHERE id BETWEEN 8134821 AND 8134921
	Index Only Scan using sbtest2_pkey on sbtest2  (cost=0.43..6.35 rows=96 width=4)
	  Index Cond: ((id >= 8134821) AND (id <= 8134921))

table 3 : explain SELECT id FROM sbtest3 WHERE id BETWEEN 8134821 AND 8134921
	Index Only Scan using sbtest3_pkey on sbtest3  (cost=0.43..6.50 rows=103 width=4)
	  Index Cond: ((id >= 8134821) AND (id <= 8134921))

table 4 : explain SELECT id FROM sbtest4 WHERE id BETWEEN 8134821 AND 8134921
	Index Only Scan using sbtest4_pkey on sbtest4  (cost=0.43..6.50 rows=103 width=4)
	  Index Cond: ((id >= 8134821) AND (id <= 8134921))

table 5 : explain SELECT id FROM sbtest5 WHERE id BETWEEN 8134821 AND 8134921
	Index Only Scan using sbtest5_pkey on sbtest5  (cost=0.43..6.56 rows=106 width=4)
	  Index Cond: ((id >= 8134821) AND (id <= 8134921))

table 6 : explain SELECT id FROM sbtest6 WHERE id BETWEEN 8134821 AND 8134921
	Index Only Scan using sbtest6_pkey on sbtest6  (cost=0.43..6.50 rows=103 width=4)
	  Index Cond: ((id >= 8134821) AND (id <= 8134921))

table 7 : explain SELECT id FROM sbtest7 WHERE id BETWEEN 8134821 AND 8134921
	Index Only Scan using sbtest7_pkey on sbtest7  (cost=0.43..6.59 rows=108 width=4)
	  Index Cond: ((id >= 8134821) AND (id <= 8134921))

table 8 : explain SELECT id FROM sbtest8 WHERE id BETWEEN 8134821 AND 8134921
	Index Only Scan using sbtest8_pkey on sbtest8  (cost=0.43..10.58 rows=107 width=4)
	  Index Cond: ((id >= 8134821) AND (id <= 8134921))

explain: for range-covered :: explain SELECT id FROM sbtest%d WHERE id BETWEEN 3420174 AND 3420274
explain: for range-covered :: explain SELECT id FROM sbtest%d WHERE id BETWEEN 8134821 AND 8134921
for range-covered
table 1 : explain SELECT id FROM sbtest1 WHERE id BETWEEN 6930897 AND 6930997
	Index Only Scan using sbtest1_pkey on sbtest1  (cost=0.43..6.21 rows=89 width=4)
	  Index Cond: ((id >= 6930897) AND (id <= 6930997))

table 2 : explain SELECT id FROM sbtest2 WHERE id BETWEEN 6930897 AND 6930997
	Index Only Scan using sbtest2_pkey on sbtest2  (cost=0.43..6.35 rows=96 width=4)
	  Index Cond: ((id >= 6930897) AND (id <= 6930997))

table 3 : explain SELECT id FROM sbtest3 WHERE id BETWEEN 6930897 AND 6930997
	Index Only Scan using sbtest3_pkey on sbtest3  (cost=0.43..6.33 rows=95 width=4)
	  Index Cond: ((id >= 6930897) AND (id <= 6930997))

table 4 : explain SELECT id FROM sbtest4 WHERE id BETWEEN 6930897 AND 6930997
	Index Only Scan using sbtest4_pkey on sbtest4  (cost=0.43..6.47 rows=102 width=4)
	  Index Cond: ((id >= 6930897) AND (id <= 6930997))

table 5 : explain SELECT id FROM sbtest5 WHERE id BETWEEN 6930897 AND 6930997
	Index Only Scan using sbtest5_pkey on sbtest5  (cost=0.43..6.37 rows=97 width=4)
	  Index Cond: ((id >= 6930897) AND (id <= 6930997))

table 6 : explain SELECT id FROM sbtest6 WHERE id BETWEEN 6930897 AND 6930997
	Index Only Scan using sbtest6_pkey on sbtest6  (cost=0.43..6.40 rows=98 width=4)
	  Index Cond: ((id >= 6930897) AND (id <= 6930997))

table 7 : explain SELECT id FROM sbtest7 WHERE id BETWEEN 6930897 AND 6930997
	Index Only Scan using sbtest7_pkey on sbtest7  (cost=0.43..6.45 rows=101 width=4)
	  Index Cond: ((id >= 6930897) AND (id <= 6930997))

table 8 : explain SELECT id FROM sbtest8 WHERE id BETWEEN 6930897 AND 6930997
	Index Only Scan using sbtest8_pkey on sbtest8  (cost=0.43..10.50 rows=103 width=4)
	  Index Cond: ((id >= 6930897) AND (id <= 6930997))

for range-covered
table 1 : explain SELECT id FROM sbtest1 WHERE id BETWEEN 3885072 AND 3885172
	Index Only Scan using sbtest1_pkey on sbtest1  (cost=0.43..6.35 rows=96 width=4)
	  Index Cond: ((id >= 3885072) AND (id <= 3885172))

table 2 : explain SELECT id FROM sbtest2 WHERE id BETWEEN 3885072 AND 3885172
	Index Only Scan using sbtest2_pkey on sbtest2  (cost=0.43..6.53 rows=105 width=4)
	  Index Cond: ((id >= 3885072) AND (id <= 3885172))

table 3 : explain SELECT id FROM sbtest3 WHERE id BETWEEN 3885072 AND 3885172
	Index Only Scan using sbtest3_pkey on sbtest3  (cost=0.43..6.51 rows=104 width=4)
	  Index Cond: ((id >= 3885072) AND (id <= 3885172))

table 4 : explain SELECT id FROM sbtest4 WHERE id BETWEEN 3885072 AND 3885172
	Index Only Scan using sbtest4_pkey on sbtest4  (cost=0.43..6.47 rows=102 width=4)
	  Index Cond: ((id >= 3885072) AND (id <= 3885172))

table 5 : explain SELECT id FROM sbtest5 WHERE id BETWEEN 3885072 AND 3885172
	Index Only Scan using sbtest5_pkey on sbtest5  (cost=0.43..6.37 rows=97 width=4)
	  Index Cond: ((id >= 3885072) AND (id <= 3885172))

table 6 : explain SELECT id FROM sbtest6 WHERE id BETWEEN 3885072 AND 3885172
	Index Only Scan using sbtest6_pkey on sbtest6  (cost=0.43..6.58 rows=107 width=4)
	  Index Cond: ((id >= 3885072) AND (id <= 3885172))

table 7 : explain SELECT id FROM sbtest7 WHERE id BETWEEN 3885072 AND 3885172
	Index Only Scan using sbtest7_pkey on sbtest7  (cost=0.43..6.40 rows=98 width=4)
	  Index Cond: ((id >= 3885072) AND (id <= 3885172))

table 8 : explain SELECT id FROM sbtest8 WHERE id BETWEEN 3885072 AND 3885172
	Index Only Scan using sbtest8_pkey on sbtest8  (cost=0.43..10.42 rows=99 width=4)
	  Index Cond: ((id >= 3885072) AND (id <= 3885172))

for range-covered
table 1 : explain SELECT id FROM sbtest1 WHERE id BETWEEN 4470562 AND 4470662
	Index Only Scan using sbtest1_pkey on sbtest1  (cost=0.43..6.51 rows=104 width=4)
	  Index Cond: ((id >= 4470562) AND (id <= 4470662))

table 2 : explain SELECT id FROM sbtest2 WHERE id BETWEEN 4470562 AND 4470662
	Index Only Scan using sbtest2_pkey on sbtest2  (cost=0.43..6.19 rows=88 width=4)
	  Index Cond: ((id >= 4470562) AND (id <= 4470662))

table 3 : explain SELECT id FROM sbtest3 WHERE id BETWEEN 4470562 AND 4470662
	Index Only Scan using sbtest3_pkey on sbtest3  (cost=0.43..6.40 rows=98 width=4)
	  Index Cond: ((id >= 4470562) AND (id <= 4470662))

table 4 : explain SELECT id FROM sbtest4 WHERE id BETWEEN 4470562 AND 4470662
	Index Only Scan using sbtest4_pkey on sbtest4  (cost=0.43..6.69 rows=113 width=4)
	  Index Cond: ((id >= 4470562) AND (id <= 4470662))

table 5 : explain SELECT id FROM sbtest5 WHERE id BETWEEN 4470562 AND 4470662
	Index Only Scan using sbtest5_pkey on sbtest5  (cost=0.43..6.53 rows=105 width=4)
	  Index Cond: ((id >= 4470562) AND (id <= 4470662))

table 6 : explain SELECT id FROM sbtest6 WHERE id BETWEEN 4470562 AND 4470662
	Index Only Scan using sbtest6_pkey on sbtest6  (cost=0.43..6.50 rows=103 width=4)
	  Index Cond: ((id >= 4470562) AND (id <= 4470662))

table 7 : explain SELECT id FROM sbtest7 WHERE id BETWEEN 4470562 AND 4470662
	Index Only Scan using sbtest7_pkey on sbtest7  (cost=0.43..6.42 rows=99 width=4)
	  Index Cond: ((id >= 4470562) AND (id <= 4470662))

table 8 : explain SELECT id FROM sbtest8 WHERE id BETWEEN 4470562 AND 4470662
	Index Only Scan using sbtest8_pkey on sbtest8  (cost=0.43..10.50 rows=103 width=4)
	  Index Cond: ((id >= 4470562) AND (id <= 4470662))

explain: for range-covered :: explain SELECT id FROM sbtest%d WHERE id BETWEEN 3885072 AND 3885172
explain: for range-covered :: explain SELECT id FROM sbtest%d WHERE id BETWEEN 4470562 AND 4470662
for range-covered
table 1 : explain SELECT id FROM sbtest1 WHERE id BETWEEN 9000970 AND 9001070
	Index Only Scan using sbtest1_pkey on sbtest1  (cost=0.43..6.69 rows=113 width=4)
	  Index Cond: ((id >= 9000970) AND (id <= 9001070))

table 2 : explain SELECT id FROM sbtest2 WHERE id BETWEEN 9000970 AND 9001070
	Index Only Scan using sbtest2_pkey on sbtest2  (cost=0.43..6.29 rows=93 width=4)
	  Index Cond: ((id >= 9000970) AND (id <= 9001070))

table 3 : explain SELECT id FROM sbtest3 WHERE id BETWEEN 9000970 AND 9001070
	Index Only Scan using sbtest3_pkey on sbtest3  (cost=0.43..6.42 rows=99 width=4)
	  Index Cond: ((id >= 9000970) AND (id <= 9001070))

table 4 : explain SELECT id FROM sbtest4 WHERE id BETWEEN 9000970 AND 9001070
	Index Only Scan using sbtest4_pkey on sbtest4  (cost=0.43..6.35 rows=96 width=4)
	  Index Cond: ((id >= 9000970) AND (id <= 9001070))

table 5 : explain SELECT id FROM sbtest5 WHERE id BETWEEN 9000970 AND 9001070
	Index Only Scan using sbtest5_pkey on sbtest5  (cost=0.43..6.45 rows=101 width=4)
	  Index Cond: ((id >= 9000970) AND (id <= 9001070))

table 6 : explain SELECT id FROM sbtest6 WHERE id BETWEEN 9000970 AND 9001070
	Index Only Scan using sbtest6_pkey on sbtest6  (cost=0.43..6.51 rows=104 width=4)
	  Index Cond: ((id >= 9000970) AND (id <= 9001070))

table 7 : explain SELECT id FROM sbtest7 WHERE id BETWEEN 9000970 AND 9001070
	Index Only Scan using sbtest7_pkey on sbtest7  (cost=0.43..6.50 rows=103 width=4)
	  Index Cond: ((id >= 9000970) AND (id <= 9001070))

table 8 : explain SELECT id FROM sbtest8 WHERE id BETWEEN 9000970 AND 9001070
	Index Only Scan using sbtest8_pkey on sbtest8  (cost=0.43..10.42 rows=99 width=4)
	  Index Cond: ((id >= 9000970) AND (id <= 9001070))

explain: for range-covered :: explain SELECT id FROM sbtest%d WHERE id BETWEEN 9000970 AND 9001070
for range-covered
table 1 : explain SELECT id FROM sbtest1 WHERE id BETWEEN 9238850 AND 9238950
	Index Only Scan using sbtest1_pkey on sbtest1  (cost=0.43..6.47 rows=102 width=4)
	  Index Cond: ((id >= 9238850) AND (id <= 9238950))

table 2 : explain SELECT id FROM sbtest2 WHERE id BETWEEN 9238850 AND 9238950
	Index Only Scan using sbtest2_pkey on sbtest2  (cost=0.43..6.45 rows=101 width=4)
	  Index Cond: ((id >= 9238850) AND (id <= 9238950))

table 3 : explain SELECT id FROM sbtest3 WHERE id BETWEEN 9238850 AND 9238950
	Index Only Scan using sbtest3_pkey on sbtest3  (cost=0.43..6.37 rows=97 width=4)
	  Index Cond: ((id >= 9238850) AND (id <= 9238950))

table 4 : explain SELECT id FROM sbtest4 WHERE id BETWEEN 9238850 AND 9238950
	Index Only Scan using sbtest4_pkey on sbtest4  (cost=0.43..6.56 rows=106 width=4)
	  Index Cond: ((id >= 9238850) AND (id <= 9238950))

table 5 : explain SELECT id FROM sbtest5 WHERE id BETWEEN 9238850 AND 9238950
	Index Only Scan using sbtest5_pkey on sbtest5  (cost=0.43..6.32 rows=94 width=4)
	  Index Cond: ((id >= 9238850) AND (id <= 9238950))

table 6 : explain SELECT id FROM sbtest6 WHERE id BETWEEN 9238850 AND 9238950
	Index Only Scan using sbtest6_pkey on sbtest6  (cost=0.43..6.51 rows=104 width=4)
	  Index Cond: ((id >= 9238850) AND (id <= 9238950))

table 7 : explain SELECT id FROM sbtest7 WHERE id BETWEEN 9238850 AND 9238950
	Index Only Scan using sbtest7_pkey on sbtest7  (cost=0.43..6.37 rows=97 width=4)
	  Index Cond: ((id >= 9238850) AND (id <= 9238950))

table 8 : explain SELECT id FROM sbtest8 WHERE id BETWEEN 9238850 AND 9238950
	Index Only Scan using sbtest8_pkey on sbtest8  (cost=0.43..10.36 rows=96 width=4)
	  Index Cond: ((id >= 9238850) AND (id <= 9238950))

for range-covered
table 1 : explain SELECT id FROM sbtest1 WHERE id BETWEEN 3420174 AND 3420274
	Index Only Scan using sbtest1_pkey on sbtest1  (cost=0.43..6.24 rows=90 width=4)
	  Index Cond: ((id >= 3420174) AND (id <= 3420274))

table 2 : explain SELECT id FROM sbtest2 WHERE id BETWEEN 3420174 AND 3420274
	Index Only Scan using sbtest2_pkey on sbtest2  (cost=0.43..6.45 rows=101 width=4)
	  Index Cond: ((id >= 3420174) AND (id <= 3420274))

table 3 : explain SELECT id FROM sbtest3 WHERE id BETWEEN 3420174 AND 3420274
	Index Only Scan using sbtest3_pkey on sbtest3  (cost=0.43..6.29 rows=93 width=4)
	  Index Cond: ((id >= 3420174) AND (id <= 3420274))

table 4 : explain SELECT id FROM sbtest4 WHERE id BETWEEN 3420174 AND 3420274
	Index Only Scan using sbtest4_pkey on sbtest4  (cost=0.43..6.32 rows=94 width=4)
	  Index Cond: ((id >= 3420174) AND (id <= 3420274))

table 5 : explain SELECT id FROM sbtest5 WHERE id BETWEEN 3420174 AND 3420274
	Index Only Scan using sbtest5_pkey on sbtest5  (cost=0.43..6.61 rows=109 width=4)
	  Index Cond: ((id >= 3420174) AND (id <= 3420274))

table 6 : explain SELECT id FROM sbtest6 WHERE id BETWEEN 3420174 AND 3420274
	Index Only Scan using sbtest6_pkey on sbtest6  (cost=0.43..6.45 rows=101 width=4)
	  Index Cond: ((id >= 3420174) AND (id <= 3420274))

table 7 : explain SELECT id FROM sbtest7 WHERE id BETWEEN 3420174 AND 3420274
	Index Only Scan using sbtest7_pkey on sbtest7  (cost=0.43..6.40 rows=98 width=4)
	  Index Cond: ((id >= 3420174) AND (id <= 3420274))

table 8 : explain SELECT id FROM sbtest8 WHERE id BETWEEN 3420174 AND 3420274
	Index Only Scan using sbtest8_pkey on sbtest8  (cost=0.43..10.46 rows=101 width=4)
	  Index Cond: ((id >= 3420174) AND (id <= 3420274))

explain: for range-covered :: explain SELECT id FROM sbtest%d WHERE id BETWEEN 3420174 AND 3420274
for range-covered
table 1 : explain SELECT id FROM sbtest1 WHERE id BETWEEN 3885072 AND 3885172
	Index Only Scan using sbtest1_pkey on sbtest1  (cost=0.43..6.35 rows=96 width=4)
	  Index Cond: ((id >= 3885072) AND (id <= 3885172))

table 2 : explain SELECT id FROM sbtest2 WHERE id BETWEEN 3885072 AND 3885172
	Index Only Scan using sbtest2_pkey on sbtest2  (cost=0.43..6.53 rows=105 width=4)
	  Index Cond: ((id >= 3885072) AND (id <= 3885172))

table 3 : explain SELECT id FROM sbtest3 WHERE id BETWEEN 3885072 AND 3885172
	Index Only Scan using sbtest3_pkey on sbtest3  (cost=0.43..6.51 rows=104 width=4)
	  Index Cond: ((id >= 3885072) AND (id <= 3885172))

table 4 : explain SELECT id FROM sbtest4 WHERE id BETWEEN 3885072 AND 3885172
	Index Only Scan using sbtest4_pkey on sbtest4  (cost=0.43..6.47 rows=102 width=4)
	  Index Cond: ((id >= 3885072) AND (id <= 3885172))

table 5 : explain SELECT id FROM sbtest5 WHERE id BETWEEN 3885072 AND 3885172
	Index Only Scan using sbtest5_pkey on sbtest5  (cost=0.43..6.37 rows=97 width=4)
	  Index Cond: ((id >= 3885072) AND (id <= 3885172))

table 6 : explain SELECT id FROM sbtest6 WHERE id BETWEEN 3885072 AND 3885172
	Index Only Scan using sbtest6_pkey on sbtest6  (cost=0.43..6.58 rows=107 width=4)
	  Index Cond: ((id >= 3885072) AND (id <= 3885172))

table 7 : explain SELECT id FROM sbtest7 WHERE id BETWEEN 3885072 AND 3885172
	Index Only Scan using sbtest7_pkey on sbtest7  (cost=0.43..6.40 rows=98 width=4)
	  Index Cond: ((id >= 3885072) AND (id <= 3885172))

table 8 : explain SELECT id FROM sbtest8 WHERE id BETWEEN 3885072 AND 3885172
	Index Only Scan using sbtest8_pkey on sbtest8  (cost=0.43..10.42 rows=99 width=4)
	  Index Cond: ((id >= 3885072) AND (id <= 3885172))

for range-covered
table 1 : explain SELECT id FROM sbtest1 WHERE id BETWEEN 5820029 AND 5820129
	Index Only Scan using sbtest1_pkey on sbtest1  (cost=0.43..6.50 rows=103 width=4)
	  Index Cond: ((id >= 5820029) AND (id <= 5820129))

table 2 : explain SELECT id FROM sbtest2 WHERE id BETWEEN 5820029 AND 5820129
	Index Only Scan using sbtest2_pkey on sbtest2  (cost=0.43..6.63 rows=110 width=4)
	  Index Cond: ((id >= 5820029) AND (id <= 5820129))

table 3 : explain SELECT id FROM sbtest3 WHERE id BETWEEN 5820029 AND 5820129
	Index Only Scan using sbtest3_pkey on sbtest3  (cost=0.43..6.42 rows=99 width=4)
	  Index Cond: ((id >= 5820029) AND (id <= 5820129))

table 4 : explain SELECT id FROM sbtest4 WHERE id BETWEEN 5820029 AND 5820129
	Index Only Scan using sbtest4_pkey on sbtest4  (cost=0.43..6.35 rows=96 width=4)
	  Index Cond: ((id >= 5820029) AND (id <= 5820129))

table 5 : explain SELECT id FROM sbtest5 WHERE id BETWEEN 5820029 AND 5820129
	Index Only Scan using sbtest5_pkey on sbtest5  (cost=0.43..6.56 rows=106 width=4)
	  Index Cond: ((id >= 5820029) AND (id <= 5820129))

table 6 : explain SELECT id FROM sbtest6 WHERE id BETWEEN 5820029 AND 5820129
	Index Only Scan using sbtest6_pkey on sbtest6  (cost=0.43..6.63 rows=110 width=4)
	  Index Cond: ((id >= 5820029) AND (id <= 5820129))

table 7 : explain SELECT id FROM sbtest7 WHERE id BETWEEN 5820029 AND 5820129
	Index Only Scan using sbtest7_pkey on sbtest7  (cost=0.43..6.33 rows=95 width=4)
	  Index Cond: ((id >= 5820029) AND (id <= 5820129))

table 8 : explain SELECT id FROM sbtest8 WHERE id BETWEEN 5820029 AND 5820129
	Index Only Scan using sbtest8_pkey on sbtest8  (cost=0.43..10.50 rows=103 width=4)
	  Index Cond: ((id >= 5820029) AND (id <= 5820129))

explain: for range-covered :: explain SELECT id FROM sbtest%d WHERE id BETWEEN 3885072 AND 3885172
for range-covered
table 1 : explain SELECT id FROM sbtest1 WHERE id BETWEEN 4470562 AND 4470662
	Index Only Scan using sbtest1_pkey on sbtest1  (cost=0.43..6.51 rows=104 width=4)
	  Index Cond: ((id >= 4470562) AND (id <= 4470662))

table 2 : explain SELECT id FROM sbtest2 WHERE id BETWEEN 4470562 AND 4470662
	Index Only Scan using sbtest2_pkey on sbtest2  (cost=0.43..6.19 rows=88 width=4)
	  Index Cond: ((id >= 4470562) AND (id <= 4470662))

table 3 : explain SELECT id FROM sbtest3 WHERE id BETWEEN 4470562 AND 4470662
	Index Only Scan using sbtest3_pkey on sbtest3  (cost=0.43..6.40 rows=98 width=4)
	  Index Cond: ((id >= 4470562) AND (id <= 4470662))

table 4 : explain SELECT id FROM sbtest4 WHERE id BETWEEN 4470562 AND 4470662
	Index Only Scan using sbtest4_pkey on sbtest4  (cost=0.43..6.69 rows=113 width=4)
	  Index Cond: ((id >= 4470562) AND (id <= 4470662))

table 5 : explain SELECT id FROM sbtest5 WHERE id BETWEEN 4470562 AND 4470662
	Index Only Scan using sbtest5_pkey on sbtest5  (cost=0.43..6.53 rows=105 width=4)
	  Index Cond: ((id >= 4470562) AND (id <= 4470662))

table 6 : explain SELECT id FROM sbtest6 WHERE id BETWEEN 4470562 AND 4470662
	Index Only Scan using sbtest6_pkey on sbtest6  (cost=0.43..6.50 rows=103 width=4)
	  Index Cond: ((id >= 4470562) AND (id <= 4470662))

table 7 : explain SELECT id FROM sbtest7 WHERE id BETWEEN 4470562 AND 4470662
	Index Only Scan using sbtest7_pkey on sbtest7  (cost=0.43..6.42 rows=99 width=4)
	  Index Cond: ((id >= 4470562) AND (id <= 4470662))

table 8 : explain SELECT id FROM sbtest8 WHERE id BETWEEN 4470562 AND 4470662
	Index Only Scan using sbtest8_pkey on sbtest8  (cost=0.43..10.50 rows=103 width=4)
	  Index Cond: ((id >= 4470562) AND (id <= 4470662))

explain: for range-covered :: explain SELECT id FROM sbtest%d WHERE id BETWEEN 5820029 AND 5820129
for range-covered
table 1 : explain SELECT id FROM sbtest1 WHERE id BETWEEN 9000970 AND 9001070
	Index Only Scan using sbtest1_pkey on sbtest1  (cost=0.43..6.69 rows=113 width=4)
	  Index Cond: ((id >= 9000970) AND (id <= 9001070))

table 2 : explain SELECT id FROM sbtest2 WHERE id BETWEEN 9000970 AND 9001070
	Index Only Scan using sbtest2_pkey on sbtest2  (cost=0.43..6.29 rows=93 width=4)
	  Index Cond: ((id >= 9000970) AND (id <= 9001070))

table 3 : explain SELECT id FROM sbtest3 WHERE id BETWEEN 9000970 AND 9001070
	Index Only Scan using sbtest3_pkey on sbtest3  (cost=0.43..6.42 rows=99 width=4)
	  Index Cond: ((id >= 9000970) AND (id <= 9001070))

table 4 : explain SELECT id FROM sbtest4 WHERE id BETWEEN 9000970 AND 9001070
	Index Only Scan using sbtest4_pkey on sbtest4  (cost=0.43..6.35 rows=96 width=4)
	  Index Cond: ((id >= 9000970) AND (id <= 9001070))

table 5 : explain SELECT id FROM sbtest5 WHERE id BETWEEN 9000970 AND 9001070
	Index Only Scan using sbtest5_pkey on sbtest5  (cost=0.43..6.45 rows=101 width=4)
	  Index Cond: ((id >= 9000970) AND (id <= 9001070))

table 6 : explain SELECT id FROM sbtest6 WHERE id BETWEEN 9000970 AND 9001070
	Index Only Scan using sbtest6_pkey on sbtest6  (cost=0.43..6.51 rows=104 width=4)
	  Index Cond: ((id >= 9000970) AND (id <= 9001070))

table 7 : explain SELECT id FROM sbtest7 WHERE id BETWEEN 9000970 AND 9001070
	Index Only Scan using sbtest7_pkey on sbtest7  (cost=0.43..6.50 rows=103 width=4)
	  Index Cond: ((id >= 9000970) AND (id <= 9001070))

table 8 : explain SELECT id FROM sbtest8 WHERE id BETWEEN 9000970 AND 9001070
	Index Only Scan using sbtest8_pkey on sbtest8  (cost=0.43..10.42 rows=99 width=4)
	  Index Cond: ((id >= 9000970) AND (id <= 9001070))

for range-covered
table 1 : explain SELECT id FROM sbtest1 WHERE id BETWEEN 3742278 AND 3742378
	Index Only Scan using sbtest1_pkey on sbtest1  (cost=0.43..6.42 rows=99 width=4)
	  Index Cond: ((id >= 3742278) AND (id <= 3742378))

table 2 : explain SELECT id FROM sbtest2 WHERE id BETWEEN 3742278 AND 3742378
	Index Only Scan using sbtest2_pkey on sbtest2  (cost=0.43..6.42 rows=99 width=4)
	  Index Cond: ((id >= 3742278) AND (id <= 3742378))

table 3 : explain SELECT id FROM sbtest3 WHERE id BETWEEN 3742278 AND 3742378
	Index Only Scan using sbtest3_pkey on sbtest3  (cost=0.43..6.37 rows=97 width=4)
	  Index Cond: ((id >= 3742278) AND (id <= 3742378))

table 4 : explain SELECT id FROM sbtest4 WHERE id BETWEEN 3742278 AND 3742378
	Index Only Scan using sbtest4_pkey on sbtest4  (cost=0.43..6.69 rows=113 width=4)
	  Index Cond: ((id >= 3742278) AND (id <= 3742378))

table 5 : explain SELECT id FROM sbtest5 WHERE id BETWEEN 3742278 AND 3742378
	Index Only Scan using sbtest5_pkey on sbtest5  (cost=0.43..6.56 rows=106 width=4)
	  Index Cond: ((id >= 3742278) AND (id <= 3742378))

table 6 : explain SELECT id FROM sbtest6 WHERE id BETWEEN 3742278 AND 3742378
	Index Only Scan using sbtest6_pkey on sbtest6  (cost=0.43..6.47 rows=102 width=4)
	  Index Cond: ((id >= 3742278) AND (id <= 3742378))

table 7 : explain SELECT id FROM sbtest7 WHERE id BETWEEN 3742278 AND 3742378
	Index Only Scan using sbtest7_pkey on sbtest7  (cost=0.43..6.59 rows=108 width=4)
	  Index Cond: ((id >= 3742278) AND (id <= 3742378))

table 8 : explain SELECT id FROM sbtest8 WHERE id BETWEEN 3742278 AND 3742378
	Index Only Scan using sbtest8_pkey on sbtest8  (cost=0.43..10.56 rows=106 width=4)
	  Index Cond: ((id >= 3742278) AND (id <= 3742378))

explain: for range-covered :: explain SELECT id FROM sbtest%d WHERE id BETWEEN 4470562 AND 4470662
explain: for range-covered :: explain SELECT id FROM sbtest%d WHERE id BETWEEN 9000970 AND 9001070
explain: for range-covered :: explain SELECT id FROM sbtest%d WHERE id BETWEEN 3742278 AND 3742378
for range-covered
table 1 : explain SELECT id FROM sbtest1 WHERE id BETWEEN 3420174 AND 3420274
	Index Only Scan using sbtest1_pkey on sbtest1  (cost=0.43..6.24 rows=90 width=4)
	  Index Cond: ((id >= 3420174) AND (id <= 3420274))

table 2 : explain SELECT id FROM sbtest2 WHERE id BETWEEN 3420174 AND 3420274
	Index Only Scan using sbtest2_pkey on sbtest2  (cost=0.43..6.45 rows=101 width=4)
	  Index Cond: ((id >= 3420174) AND (id <= 3420274))

table 3 : explain SELECT id FROM sbtest3 WHERE id BETWEEN 3420174 AND 3420274
	Index Only Scan using sbtest3_pkey on sbtest3  (cost=0.43..6.29 rows=93 width=4)
	  Index Cond: ((id >= 3420174) AND (id <= 3420274))

table 4 : explain SELECT id FROM sbtest4 WHERE id BETWEEN 3420174 AND 3420274
	Index Only Scan using sbtest4_pkey on sbtest4  (cost=0.43..6.32 rows=94 width=4)
	  Index Cond: ((id >= 3420174) AND (id <= 3420274))

table 5 : explain SELECT id FROM sbtest5 WHERE id BETWEEN 3420174 AND 3420274
	Index Only Scan using sbtest5_pkey on sbtest5  (cost=0.43..6.61 rows=109 width=4)
	  Index Cond: ((id >= 3420174) AND (id <= 3420274))

table 6 : explain SELECT id FROM sbtest6 WHERE id BETWEEN 3420174 AND 3420274
	Index Only Scan using sbtest6_pkey on sbtest6  (cost=0.43..6.45 rows=101 width=4)
	  Index Cond: ((id >= 3420174) AND (id <= 3420274))

table 7 : explain SELECT id FROM sbtest7 WHERE id BETWEEN 3420174 AND 3420274
	Index Only Scan using sbtest7_pkey on sbtest7  (cost=0.43..6.40 rows=98 width=4)
	  Index Cond: ((id >= 3420174) AND (id <= 3420274))

table 8 : explain SELECT id FROM sbtest8 WHERE id BETWEEN 3420174 AND 3420274
	Index Only Scan using sbtest8_pkey on sbtest8  (cost=0.43..10.46 rows=101 width=4)
	  Index Cond: ((id >= 3420174) AND (id <= 3420274))

for range-covered
table 1 : explain SELECT id FROM sbtest1 WHERE id BETWEEN 8134821 AND 8134921
	Index Only Scan using sbtest1_pkey on sbtest1  (cost=0.43..6.58 rows=107 width=4)
	  Index Cond: ((id >= 8134821) AND (id <= 8134921))

table 2 : explain SELECT id FROM sbtest2 WHERE id BETWEEN 8134821 AND 8134921
	Index Only Scan using sbtest2_pkey on sbtest2  (cost=0.43..6.35 rows=96 width=4)
	  Index Cond: ((id >= 8134821) AND (id <= 8134921))

table 3 : explain SELECT id FROM sbtest3 WHERE id BETWEEN 8134821 AND 8134921
	Index Only Scan using sbtest3_pkey on sbtest3  (cost=0.43..6.50 rows=103 width=4)
	  Index Cond: ((id >= 8134821) AND (id <= 8134921))

table 4 : explain SELECT id FROM sbtest4 WHERE id BETWEEN 8134821 AND 8134921
	Index Only Scan using sbtest4_pkey on sbtest4  (cost=0.43..6.50 rows=103 width=4)
	  Index Cond: ((id >= 8134821) AND (id <= 8134921))

table 5 : explain SELECT id FROM sbtest5 WHERE id BETWEEN 8134821 AND 8134921
	Index Only Scan using sbtest5_pkey on sbtest5  (cost=0.43..6.56 rows=106 width=4)
	  Index Cond: ((id >= 8134821) AND (id <= 8134921))

table 6 : explain SELECT id FROM sbtest6 WHERE id BETWEEN 8134821 AND 8134921
	Index Only Scan using sbtest6_pkey on sbtest6  (cost=0.43..6.50 rows=103 width=4)
	  Index Cond: ((id >= 8134821) AND (id <= 8134921))

table 7 : explain SELECT id FROM sbtest7 WHERE id BETWEEN 8134821 AND 8134921
	Index Only Scan using sbtest7_pkey on sbtest7  (cost=0.43..6.59 rows=108 width=4)
	  Index Cond: ((id >= 8134821) AND (id <= 8134921))

table 8 : explain SELECT id FROM sbtest8 WHERE id BETWEEN 8134821 AND 8134921
	Index Only Scan using sbtest8_pkey on sbtest8  (cost=0.43..10.58 rows=107 width=4)
	  Index Cond: ((id >= 8134821) AND (id <= 8134921))

explain: for range-covered :: explain SELECT id FROM sbtest%d WHERE id BETWEEN 8134821 AND 8134921
for range-covered
table 1 : explain SELECT id FROM sbtest1 WHERE id BETWEEN 5998842 AND 5998942
	Index Only Scan using sbtest1_pkey on sbtest1  (cost=0.43..6.42 rows=99 width=4)
	  Index Cond: ((id >= 5998842) AND (id <= 5998942))

table 2 : explain SELECT id FROM sbtest2 WHERE id BETWEEN 5998842 AND 5998942
	Index Only Scan using sbtest2_pkey on sbtest2  (cost=0.43..6.67 rows=112 width=4)
	  Index Cond: ((id >= 5998842) AND (id <= 5998942))

table 3 : explain SELECT id FROM sbtest3 WHERE id BETWEEN 5998842 AND 5998942
	Index Only Scan using sbtest3_pkey on sbtest3  (cost=0.43..6.56 rows=106 width=4)
	  Index Cond: ((id >= 5998842) AND (id <= 5998942))

table 4 : explain SELECT id FROM sbtest4 WHERE id BETWEEN 5998842 AND 5998942
	Index Only Scan using sbtest4_pkey on sbtest4  (cost=0.43..6.61 rows=109 width=4)
	  Index Cond: ((id >= 5998842) AND (id <= 5998942))

table 5 : explain SELECT id FROM sbtest5 WHERE id BETWEEN 5998842 AND 5998942
	Index Only Scan using sbtest5_pkey on sbtest5  (cost=0.43..6.45 rows=101 width=4)
	  Index Cond: ((id >= 5998842) AND (id <= 5998942))

table 6 : explain SELECT id FROM sbtest6 WHERE id BETWEEN 5998842 AND 5998942
	Index Only Scan using sbtest6_pkey on sbtest6  (cost=0.43..6.42 rows=99 width=4)
	  Index Cond: ((id >= 5998842) AND (id <= 5998942))

table 7 : explain SELECT id FROM sbtest7 WHERE id BETWEEN 5998842 AND 5998942
	Index Only Scan using sbtest7_pkey on sbtest7  (cost=0.43..6.45 rows=101 width=4)
	  Index Cond: ((id >= 5998842) AND (id <= 5998942))

table 8 : explain SELECT id FROM sbtest8 WHERE id BETWEEN 5998842 AND 5998942
	Index Only Scan using sbtest8_pkey on sbtest8  (cost=0.43..10.28 rows=92 width=4)
	  Index Cond: ((id >= 5998842) AND (id <= 5998942))

explain: for range-covered :: explain SELECT id FROM sbtest%d WHERE id BETWEEN 5998842 AND 5998942
for range-covered
table 1 : explain SELECT id FROM sbtest1 WHERE id BETWEEN 4470562 AND 4470662
	Index Only Scan using sbtest1_pkey on sbtest1  (cost=0.43..6.51 rows=104 width=4)
	  Index Cond: ((id >= 4470562) AND (id <= 4470662))

table 2 : explain SELECT id FROM sbtest2 WHERE id BETWEEN 4470562 AND 4470662
	Index Only Scan using sbtest2_pkey on sbtest2  (cost=0.43..6.19 rows=88 width=4)
	  Index Cond: ((id >= 4470562) AND (id <= 4470662))

table 3 : explain SELECT id FROM sbtest3 WHERE id BETWEEN 4470562 AND 4470662
	Index Only Scan using sbtest3_pkey on sbtest3  (cost=0.43..6.40 rows=98 width=4)
	  Index Cond: ((id >= 4470562) AND (id <= 4470662))

table 4 : explain SELECT id FROM sbtest4 WHERE id BETWEEN 4470562 AND 4470662
	Index Only Scan using sbtest4_pkey on sbtest4  (cost=0.43..6.69 rows=113 width=4)
	  Index Cond: ((id >= 4470562) AND (id <= 4470662))

table 5 : explain SELECT id FROM sbtest5 WHERE id BETWEEN 4470562 AND 4470662
	Index Only Scan using sbtest5_pkey on sbtest5  (cost=0.43..6.53 rows=105 width=4)
	  Index Cond: ((id >= 4470562) AND (id <= 4470662))

table 6 : explain SELECT id FROM sbtest6 WHERE id BETWEEN 4470562 AND 4470662
	Index Only Scan using sbtest6_pkey on sbtest6  (cost=0.43..6.50 rows=103 width=4)
	  Index Cond: ((id >= 4470562) AND (id <= 4470662))

table 7 : explain SELECT id FROM sbtest7 WHERE id BETWEEN 4470562 AND 4470662
	Index Only Scan using sbtest7_pkey on sbtest7  (cost=0.43..6.42 rows=99 width=4)
	  Index Cond: ((id >= 4470562) AND (id <= 4470662))

table 8 : explain SELECT id FROM sbtest8 WHERE id BETWEEN 4470562 AND 4470662
	Index Only Scan using sbtest8_pkey on sbtest8  (cost=0.43..10.50 rows=103 width=4)
	  Index Cond: ((id >= 4470562) AND (id <= 4470662))

for range-covered
table 1 : explain SELECT id FROM sbtest1 WHERE id BETWEEN 9000970 AND 9001070
	Index Only Scan using sbtest1_pkey on sbtest1  (cost=0.43..6.69 rows=113 width=4)
	  Index Cond: ((id >= 9000970) AND (id <= 9001070))

table 2 : explain SELECT id FROM sbtest2 WHERE id BETWEEN 9000970 AND 9001070
	Index Only Scan using sbtest2_pkey on sbtest2  (cost=0.43..6.29 rows=93 width=4)
	  Index Cond: ((id >= 9000970) AND (id <= 9001070))

table 3 : explain SELECT id FROM sbtest3 WHERE id BETWEEN 9000970 AND 9001070
	Index Only Scan using sbtest3_pkey on sbtest3  (cost=0.43..6.42 rows=99 width=4)
	  Index Cond: ((id >= 9000970) AND (id <= 9001070))

table 4 : explain SELECT id FROM sbtest4 WHERE id BETWEEN 9000970 AND 9001070
	Index Only Scan using sbtest4_pkey on sbtest4  (cost=0.43..6.35 rows=96 width=4)
	  Index Cond: ((id >= 9000970) AND (id <= 9001070))

table 5 : explain SELECT id FROM sbtest5 WHERE id BETWEEN 9000970 AND 9001070
	Index Only Scan using sbtest5_pkey on sbtest5  (cost=0.43..6.45 rows=101 width=4)
	  Index Cond: ((id >= 9000970) AND (id <= 9001070))

table 6 : explain SELECT id FROM sbtest6 WHERE id BETWEEN 9000970 AND 9001070
	Index Only Scan using sbtest6_pkey on sbtest6  (cost=0.43..6.51 rows=104 width=4)
	  Index Cond: ((id >= 9000970) AND (id <= 9001070))

table 7 : explain SELECT id FROM sbtest7 WHERE id BETWEEN 9000970 AND 9001070
	Index Only Scan using sbtest7_pkey on sbtest7  (cost=0.43..6.50 rows=103 width=4)
	  Index Cond: ((id >= 9000970) AND (id <= 9001070))

table 8 : explain SELECT id FROM sbtest8 WHERE id BETWEEN 9000970 AND 9001070
	Index Only Scan using sbtest8_pkey on sbtest8  (cost=0.43..10.42 rows=99 width=4)
	  Index Cond: ((id >= 9000970) AND (id <= 9001070))

explain: for range-covered :: explain SELECT id FROM sbtest%d WHERE id BETWEEN 4470562 AND 4470662
explain: for range-covered :: explain SELECT id FROM sbtest%d WHERE id BETWEEN 9000970 AND 9001070
for range-covered
table 1 : explain SELECT id FROM sbtest1 WHERE id BETWEEN 3742278 AND 3742378
	Index Only Scan using sbtest1_pkey on sbtest1  (cost=0.43..6.42 rows=99 width=4)
	  Index Cond: ((id >= 3742278) AND (id <= 3742378))

table 2 : explain SELECT id FROM sbtest2 WHERE id BETWEEN 3742278 AND 3742378
	Index Only Scan using sbtest2_pkey on sbtest2  (cost=0.43..6.42 rows=99 width=4)
	  Index Cond: ((id >= 3742278) AND (id <= 3742378))

table 3 : explain SELECT id FROM sbtest3 WHERE id BETWEEN 3742278 AND 3742378
	Index Only Scan using sbtest3_pkey on sbtest3  (cost=0.43..6.37 rows=97 width=4)
	  Index Cond: ((id >= 3742278) AND (id <= 3742378))

table 4 : explain SELECT id FROM sbtest4 WHERE id BETWEEN 3742278 AND 3742378
	Index Only Scan using sbtest4_pkey on sbtest4  (cost=0.43..6.69 rows=113 width=4)
	  Index Cond: ((id >= 3742278) AND (id <= 3742378))

table 5 : explain SELECT id FROM sbtest5 WHERE id BETWEEN 3742278 AND 3742378
	Index Only Scan using sbtest5_pkey on sbtest5  (cost=0.43..6.56 rows=106 width=4)
	  Index Cond: ((id >= 3742278) AND (id <= 3742378))

table 6 : explain SELECT id FROM sbtest6 WHERE id BETWEEN 3742278 AND 3742378
	Index Only Scan using sbtest6_pkey on sbtest6  (cost=0.43..6.47 rows=102 width=4)
	  Index Cond: ((id >= 3742278) AND (id <= 3742378))

table 7 : explain SELECT id FROM sbtest7 WHERE id BETWEEN 3742278 AND 3742378
	Index Only Scan using sbtest7_pkey on sbtest7  (cost=0.43..6.59 rows=108 width=4)
	  Index Cond: ((id >= 3742278) AND (id <= 3742378))

table 8 : explain SELECT id FROM sbtest8 WHERE id BETWEEN 3742278 AND 3742378
	Index Only Scan using sbtest8_pkey on sbtest8  (cost=0.43..10.56 rows=106 width=4)
	  Index Cond: ((id >= 3742278) AND (id <= 3742378))

explain: for range-covered :: explain SELECT id FROM sbtest%d WHERE id BETWEEN 3742278 AND 3742378
for range-covered
table 1 : explain SELECT id FROM sbtest1 WHERE id BETWEEN 2822485 AND 2822585
	Index Only Scan using sbtest1_pkey on sbtest1  (cost=0.43..6.45 rows=101 width=4)
	  Index Cond: ((id >= 2822485) AND (id <= 2822585))

table 2 : explain SELECT id FROM sbtest2 WHERE id BETWEEN 2822485 AND 2822585
	Index Only Scan using sbtest2_pkey on sbtest2  (cost=0.43..6.42 rows=99 width=4)
	  Index Cond: ((id >= 2822485) AND (id <= 2822585))

table 3 : explain SELECT id FROM sbtest3 WHERE id BETWEEN 2822485 AND 2822585
	Index Only Scan using sbtest3_pkey on sbtest3  (cost=0.43..6.42 rows=99 width=4)
	  Index Cond: ((id >= 2822485) AND (id <= 2822585))

table 4 : explain SELECT id FROM sbtest4 WHERE id BETWEEN 2822485 AND 2822585
	Index Only Scan using sbtest4_pkey on sbtest4  (cost=0.43..6.50 rows=103 width=4)
	  Index Cond: ((id >= 2822485) AND (id <= 2822585))

table 5 : explain SELECT id FROM sbtest5 WHERE id BETWEEN 2822485 AND 2822585
	Index Only Scan using sbtest5_pkey on sbtest5  (cost=0.43..6.29 rows=93 width=4)
	  Index Cond: ((id >= 2822485) AND (id <= 2822585))

table 6 : explain SELECT id FROM sbtest6 WHERE id BETWEEN 2822485 AND 2822585
	Index Only Scan using sbtest6_pkey on sbtest6  (cost=0.43..6.42 rows=99 width=4)
	  Index Cond: ((id >= 2822485) AND (id <= 2822585))

table 7 : explain SELECT id FROM sbtest7 WHERE id BETWEEN 2822485 AND 2822585
	Index Only Scan using sbtest7_pkey on sbtest7  (cost=0.43..6.32 rows=94 width=4)
	  Index Cond: ((id >= 2822485) AND (id <= 2822585))

table 8 : explain SELECT id FROM sbtest8 WHERE id BETWEEN 2822485 AND 2822585
	Index Only Scan using sbtest8_pkey on sbtest8  (cost=0.43..10.46 rows=101 width=4)
	  Index Cond: ((id >= 2822485) AND (id <= 2822585))

explain: for range-covered :: explain SELECT id FROM sbtest%d WHERE id BETWEEN 2822485 AND 2822585
for range-covered
table 1 : explain SELECT id FROM sbtest1 WHERE id BETWEEN 5998842 AND 5998942
	Index Only Scan using sbtest1_pkey on sbtest1  (cost=0.43..6.42 rows=99 width=4)
	  Index Cond: ((id >= 5998842) AND (id <= 5998942))

table 2 : explain SELECT id FROM sbtest2 WHERE id BETWEEN 5998842 AND 5998942
	Index Only Scan using sbtest2_pkey on sbtest2  (cost=0.43..6.67 rows=112 width=4)
	  Index Cond: ((id >= 5998842) AND (id <= 5998942))

table 3 : explain SELECT id FROM sbtest3 WHERE id BETWEEN 5998842 AND 5998942
	Index Only Scan using sbtest3_pkey on sbtest3  (cost=0.43..6.56 rows=106 width=4)
	  Index Cond: ((id >= 5998842) AND (id <= 5998942))

table 4 : explain SELECT id FROM sbtest4 WHERE id BETWEEN 5998842 AND 5998942
	Index Only Scan using sbtest4_pkey on sbtest4  (cost=0.43..6.61 rows=109 width=4)
	  Index Cond: ((id >= 5998842) AND (id <= 5998942))

table 5 : explain SELECT id FROM sbtest5 WHERE id BETWEEN 5998842 AND 5998942
	Index Only Scan using sbtest5_pkey on sbtest5  (cost=0.43..6.45 rows=101 width=4)
	  Index Cond: ((id >= 5998842) AND (id <= 5998942))

table 6 : explain SELECT id FROM sbtest6 WHERE id BETWEEN 5998842 AND 5998942
	Index Only Scan using sbtest6_pkey on sbtest6  (cost=0.43..6.42 rows=99 width=4)
	  Index Cond: ((id >= 5998842) AND (id <= 5998942))

table 7 : explain SELECT id FROM sbtest7 WHERE id BETWEEN 5998842 AND 5998942
	Index Only Scan using sbtest7_pkey on sbtest7  (cost=0.43..6.45 rows=101 width=4)
	  Index Cond: ((id >= 5998842) AND (id <= 5998942))

table 8 : explain SELECT id FROM sbtest8 WHERE id BETWEEN 5998842 AND 5998942
	Index Only Scan using sbtest8_pkey on sbtest8  (cost=0.43..10.28 rows=92 width=4)
	  Index Cond: ((id >= 5998842) AND (id <= 5998942))

for range-covered
table 1 : explain SELECT id FROM sbtest1 WHERE id BETWEEN 5820029 AND 5820129
	Index Only Scan using sbtest1_pkey on sbtest1  (cost=0.43..6.50 rows=103 width=4)
	  Index Cond: ((id >= 5820029) AND (id <= 5820129))

table 2 : explain SELECT id FROM sbtest2 WHERE id BETWEEN 5820029 AND 5820129
	Index Only Scan using sbtest2_pkey on sbtest2  (cost=0.43..6.63 rows=110 width=4)
	  Index Cond: ((id >= 5820029) AND (id <= 5820129))

table 3 : explain SELECT id FROM sbtest3 WHERE id BETWEEN 5820029 AND 5820129
	Index Only Scan using sbtest3_pkey on sbtest3  (cost=0.43..6.42 rows=99 width=4)
	  Index Cond: ((id >= 5820029) AND (id <= 5820129))

table 4 : explain SELECT id FROM sbtest4 WHERE id BETWEEN 5820029 AND 5820129
	Index Only Scan using sbtest4_pkey on sbtest4  (cost=0.43..6.35 rows=96 width=4)
	  Index Cond: ((id >= 5820029) AND (id <= 5820129))

table 5 : explain SELECT id FROM sbtest5 WHERE id BETWEEN 5820029 AND 5820129
	Index Only Scan using sbtest5_pkey on sbtest5  (cost=0.43..6.56 rows=106 width=4)
	  Index Cond: ((id >= 5820029) AND (id <= 5820129))

table 6 : explain SELECT id FROM sbtest6 WHERE id BETWEEN 5820029 AND 5820129
	Index Only Scan using sbtest6_pkey on sbtest6  (cost=0.43..6.63 rows=110 width=4)
	  Index Cond: ((id >= 5820029) AND (id <= 5820129))

table 7 : explain SELECT id FROM sbtest7 WHERE id BETWEEN 5820029 AND 5820129
	Index Only Scan using sbtest7_pkey on sbtest7  (cost=0.43..6.33 rows=95 width=4)
	  Index Cond: ((id >= 5820029) AND (id <= 5820129))

table 8 : explain SELECT id FROM sbtest8 WHERE id BETWEEN 5820029 AND 5820129
	Index Only Scan using sbtest8_pkey on sbtest8  (cost=0.43..10.50 rows=103 width=4)
	  Index Cond: ((id >= 5820029) AND (id <= 5820129))

explain: for range-covered :: explain SELECT id FROM sbtest%d WHERE id BETWEEN 5998842 AND 5998942
for range-covered
table 1 : explain SELECT id FROM sbtest1 WHERE id BETWEEN 4470562 AND 4470662
	Index Only Scan using sbtest1_pkey on sbtest1  (cost=0.43..6.51 rows=104 width=4)
	  Index Cond: ((id >= 4470562) AND (id <= 4470662))

table 2 : explain SELECT id FROM sbtest2 WHERE id BETWEEN 4470562 AND 4470662
	Index Only Scan using sbtest2_pkey on sbtest2  (cost=0.43..6.19 rows=88 width=4)
	  Index Cond: ((id >= 4470562) AND (id <= 4470662))

table 3 : explain SELECT id FROM sbtest3 WHERE id BETWEEN 4470562 AND 4470662
	Index Only Scan using sbtest3_pkey on sbtest3  (cost=0.43..6.40 rows=98 width=4)
	  Index Cond: ((id >= 4470562) AND (id <= 4470662))

table 4 : explain SELECT id FROM sbtest4 WHERE id BETWEEN 4470562 AND 4470662
	Index Only Scan using sbtest4_pkey on sbtest4  (cost=0.43..6.69 rows=113 width=4)
	  Index Cond: ((id >= 4470562) AND (id <= 4470662))

table 5 : explain SELECT id FROM sbtest5 WHERE id BETWEEN 4470562 AND 4470662
	Index Only Scan using sbtest5_pkey on sbtest5  (cost=0.43..6.53 rows=105 width=4)
	  Index Cond: ((id >= 4470562) AND (id <= 4470662))

table 6 : explain SELECT id FROM sbtest6 WHERE id BETWEEN 4470562 AND 4470662
	Index Only Scan using sbtest6_pkey on sbtest6  (cost=0.43..6.50 rows=103 width=4)
	  Index Cond: ((id >= 4470562) AND (id <= 4470662))

table 7 : explain SELECT id FROM sbtest7 WHERE id BETWEEN 4470562 AND 4470662
	Index Only Scan using sbtest7_pkey on sbtest7  (cost=0.43..6.42 rows=99 width=4)
	  Index Cond: ((id >= 4470562) AND (id <= 4470662))

table 8 : explain SELECT id FROM sbtest8 WHERE id BETWEEN 4470562 AND 4470662
	Index Only Scan using sbtest8_pkey on sbtest8  (cost=0.43..10.50 rows=103 width=4)
	  Index Cond: ((id >= 4470562) AND (id <= 4470662))

explain: for range-covered :: explain SELECT id FROM sbtest%d WHERE id BETWEEN 4470562 AND 4470662
for range-covered
table 1 : explain SELECT id FROM sbtest1 WHERE id BETWEEN 9000970 AND 9001070
	Index Only Scan using sbtest1_pkey on sbtest1  (cost=0.43..6.69 rows=113 width=4)
	  Index Cond: ((id >= 9000970) AND (id <= 9001070))

table 2 : explain SELECT id FROM sbtest2 WHERE id BETWEEN 9000970 AND 9001070
	Index Only Scan using sbtest2_pkey on sbtest2  (cost=0.43..6.29 rows=93 width=4)
	  Index Cond: ((id >= 9000970) AND (id <= 9001070))

table 3 : explain SELECT id FROM sbtest3 WHERE id BETWEEN 9000970 AND 9001070
	Index Only Scan using sbtest3_pkey on sbtest3  (cost=0.43..6.42 rows=99 width=4)
	  Index Cond: ((id >= 9000970) AND (id <= 9001070))

table 4 : explain SELECT id FROM sbtest4 WHERE id BETWEEN 9000970 AND 9001070
	Index Only Scan using sbtest4_pkey on sbtest4  (cost=0.43..6.35 rows=96 width=4)
	  Index Cond: ((id >= 9000970) AND (id <= 9001070))

table 5 : explain SELECT id FROM sbtest5 WHERE id BETWEEN 9000970 AND 9001070
	Index Only Scan using sbtest5_pkey on sbtest5  (cost=0.43..6.45 rows=101 width=4)
	  Index Cond: ((id >= 9000970) AND (id <= 9001070))

table 6 : explain SELECT id FROM sbtest6 WHERE id BETWEEN 9000970 AND 9001070
	Index Only Scan using sbtest6_pkey on sbtest6  (cost=0.43..6.51 rows=104 width=4)
	  Index Cond: ((id >= 9000970) AND (id <= 9001070))

table 7 : explain SELECT id FROM sbtest7 WHERE id BETWEEN 9000970 AND 9001070
	Index Only Scan using sbtest7_pkey on sbtest7  (cost=0.43..6.50 rows=103 width=4)
	  Index Cond: ((id >= 9000970) AND (id <= 9001070))

table 8 : explain SELECT id FROM sbtest8 WHERE id BETWEEN 9000970 AND 9001070
	Index Only Scan using sbtest8_pkey on sbtest8  (cost=0.43..10.42 rows=99 width=4)
	  Index Cond: ((id >= 9000970) AND (id <= 9001070))

explain: for range-covered :: explain SELECT id FROM sbtest%d WHERE id BETWEEN 5820029 AND 5820129
explain: for range-covered :: explain SELECT id FROM sbtest%d WHERE id BETWEEN 9000970 AND 9001070
for range-covered
table 1 : explain SELECT id FROM sbtest1 WHERE id BETWEEN 3742278 AND 3742378
	Index Only Scan using sbtest1_pkey on sbtest1  (cost=0.43..6.42 rows=99 width=4)
	  Index Cond: ((id >= 3742278) AND (id <= 3742378))

table 2 : explain SELECT id FROM sbtest2 WHERE id BETWEEN 3742278 AND 3742378
	Index Only Scan using sbtest2_pkey on sbtest2  (cost=0.43..6.42 rows=99 width=4)
	  Index Cond: ((id >= 3742278) AND (id <= 3742378))

table 3 : explain SELECT id FROM sbtest3 WHERE id BETWEEN 3742278 AND 3742378
	Index Only Scan using sbtest3_pkey on sbtest3  (cost=0.43..6.37 rows=97 width=4)
	  Index Cond: ((id >= 3742278) AND (id <= 3742378))

table 4 : explain SELECT id FROM sbtest4 WHERE id BETWEEN 3742278 AND 3742378
	Index Only Scan using sbtest4_pkey on sbtest4  (cost=0.43..6.69 rows=113 width=4)
	  Index Cond: ((id >= 3742278) AND (id <= 3742378))

table 5 : explain SELECT id FROM sbtest5 WHERE id BETWEEN 3742278 AND 3742378
	Index Only Scan using sbtest5_pkey on sbtest5  (cost=0.43..6.56 rows=106 width=4)
	  Index Cond: ((id >= 3742278) AND (id <= 3742378))

table 6 : explain SELECT id FROM sbtest6 WHERE id BETWEEN 3742278 AND 3742378
	Index Only Scan using sbtest6_pkey on sbtest6  (cost=0.43..6.47 rows=102 width=4)
	  Index Cond: ((id >= 3742278) AND (id <= 3742378))

table 7 : explain SELECT id FROM sbtest7 WHERE id BETWEEN 3742278 AND 3742378
	Index Only Scan using sbtest7_pkey on sbtest7  (cost=0.43..6.59 rows=108 width=4)
	  Index Cond: ((id >= 3742278) AND (id <= 3742378))

table 8 : explain SELECT id FROM sbtest8 WHERE id BETWEEN 3742278 AND 3742378
	Index Only Scan using sbtest8_pkey on sbtest8  (cost=0.43..10.56 rows=106 width=4)
	  Index Cond: ((id >= 3742278) AND (id <= 3742378))

explain: for range-covered :: explain SELECT id FROM sbtest%d WHERE id BETWEEN 3742278 AND 3742378
for range-covered
table 1 : explain SELECT id FROM sbtest1 WHERE id BETWEEN 8134821 AND 8134921
	Index Only Scan using sbtest1_pkey on sbtest1  (cost=0.43..6.58 rows=107 width=4)
	  Index Cond: ((id >= 8134821) AND (id <= 8134921))

table 2 : explain SELECT id FROM sbtest2 WHERE id BETWEEN 8134821 AND 8134921
	Index Only Scan using sbtest2_pkey on sbtest2  (cost=0.43..6.35 rows=96 width=4)
	  Index Cond: ((id >= 8134821) AND (id <= 8134921))

table 3 : explain SELECT id FROM sbtest3 WHERE id BETWEEN 8134821 AND 8134921
	Index Only Scan using sbtest3_pkey on sbtest3  (cost=0.43..6.50 rows=103 width=4)
	  Index Cond: ((id >= 8134821) AND (id <= 8134921))

table 4 : explain SELECT id FROM sbtest4 WHERE id BETWEEN 8134821 AND 8134921
	Index Only Scan using sbtest4_pkey on sbtest4  (cost=0.43..6.50 rows=103 width=4)
	  Index Cond: ((id >= 8134821) AND (id <= 8134921))

table 5 : explain SELECT id FROM sbtest5 WHERE id BETWEEN 8134821 AND 8134921
	Index Only Scan using sbtest5_pkey on sbtest5  (cost=0.43..6.56 rows=106 width=4)
	  Index Cond: ((id >= 8134821) AND (id <= 8134921))

table 6 : explain SELECT id FROM sbtest6 WHERE id BETWEEN 8134821 AND 8134921
	Index Only Scan using sbtest6_pkey on sbtest6  (cost=0.43..6.50 rows=103 width=4)
	  Index Cond: ((id >= 8134821) AND (id <= 8134921))

table 7 : explain SELECT id FROM sbtest7 WHERE id BETWEEN 8134821 AND 8134921
	Index Only Scan using sbtest7_pkey on sbtest7  (cost=0.43..6.59 rows=108 width=4)
	  Index Cond: ((id >= 8134821) AND (id <= 8134921))

table 8 : explain SELECT id FROM sbtest8 WHERE id BETWEEN 8134821 AND 8134921
	Index Only Scan using sbtest8_pkey on sbtest8  (cost=0.43..10.58 rows=107 width=4)
	  Index Cond: ((id >= 8134821) AND (id <= 8134921))

explain: for range-covered :: explain SELECT id FROM sbtest%d WHERE id BETWEEN 8134821 AND 8134921
for range-covered
table 1 : explain SELECT id FROM sbtest1 WHERE id BETWEEN 2822485 AND 2822585
	Index Only Scan using sbtest1_pkey on sbtest1  (cost=0.43..6.45 rows=101 width=4)
	  Index Cond: ((id >= 2822485) AND (id <= 2822585))

table 2 : explain SELECT id FROM sbtest2 WHERE id BETWEEN 2822485 AND 2822585
	Index Only Scan using sbtest2_pkey on sbtest2  (cost=0.43..6.42 rows=99 width=4)
	  Index Cond: ((id >= 2822485) AND (id <= 2822585))

table 3 : explain SELECT id FROM sbtest3 WHERE id BETWEEN 2822485 AND 2822585
	Index Only Scan using sbtest3_pkey on sbtest3  (cost=0.43..6.42 rows=99 width=4)
	  Index Cond: ((id >= 2822485) AND (id <= 2822585))

table 4 : explain SELECT id FROM sbtest4 WHERE id BETWEEN 2822485 AND 2822585
	Index Only Scan using sbtest4_pkey on sbtest4  (cost=0.43..6.50 rows=103 width=4)
	  Index Cond: ((id >= 2822485) AND (id <= 2822585))

table 5 : explain SELECT id FROM sbtest5 WHERE id BETWEEN 2822485 AND 2822585
	Index Only Scan using sbtest5_pkey on sbtest5  (cost=0.43..6.29 rows=93 width=4)
	  Index Cond: ((id >= 2822485) AND (id <= 2822585))

table 6 : explain SELECT id FROM sbtest6 WHERE id BETWEEN 2822485 AND 2822585
	Index Only Scan using sbtest6_pkey on sbtest6  (cost=0.43..6.42 rows=99 width=4)
	  Index Cond: ((id >= 2822485) AND (id <= 2822585))

table 7 : explain SELECT id FROM sbtest7 WHERE id BETWEEN 2822485 AND 2822585
	Index Only Scan using sbtest7_pkey on sbtest7  (cost=0.43..6.32 rows=94 width=4)
	  Index Cond: ((id >= 2822485) AND (id <= 2822585))

table 8 : explain SELECT id FROM sbtest8 WHERE id BETWEEN 2822485 AND 2822585
	Index Only Scan using sbtest8_pkey on sbtest8  (cost=0.43..10.46 rows=101 width=4)
	  Index Cond: ((id >= 2822485) AND (id <= 2822585))

for range-covered
table 1 : explain SELECT id FROM sbtest1 WHERE id BETWEEN 5998842 AND 5998942
	Index Only Scan using sbtest1_pkey on sbtest1  (cost=0.43..6.42 rows=99 width=4)
	  Index Cond: ((id >= 5998842) AND (id <= 5998942))

table 2 : explain SELECT id FROM sbtest2 WHERE id BETWEEN 5998842 AND 5998942
	Index Only Scan using sbtest2_pkey on sbtest2  (cost=0.43..6.67 rows=112 width=4)
	  Index Cond: ((id >= 5998842) AND (id <= 5998942))

table 3 : explain SELECT id FROM sbtest3 WHERE id BETWEEN 5998842 AND 5998942
	Index Only Scan using sbtest3_pkey on sbtest3  (cost=0.43..6.56 rows=106 width=4)
	  Index Cond: ((id >= 5998842) AND (id <= 5998942))

table 4 : explain SELECT id FROM sbtest4 WHERE id BETWEEN 5998842 AND 5998942
	Index Only Scan using sbtest4_pkey on sbtest4  (cost=0.43..6.61 rows=109 width=4)
	  Index Cond: ((id >= 5998842) AND (id <= 5998942))

table 5 : explain SELECT id FROM sbtest5 WHERE id BETWEEN 5998842 AND 5998942
	Index Only Scan using sbtest5_pkey on sbtest5  (cost=0.43..6.45 rows=101 width=4)
	  Index Cond: ((id >= 5998842) AND (id <= 5998942))

table 6 : explain SELECT id FROM sbtest6 WHERE id BETWEEN 5998842 AND 5998942
	Index Only Scan using sbtest6_pkey on sbtest6  (cost=0.43..6.42 rows=99 width=4)
	  Index Cond: ((id >= 5998842) AND (id <= 5998942))

table 7 : explain SELECT id FROM sbtest7 WHERE id BETWEEN 5998842 AND 5998942
	Index Only Scan using sbtest7_pkey on sbtest7  (cost=0.43..6.45 rows=101 width=4)
	  Index Cond: ((id >= 5998842) AND (id <= 5998942))

table 8 : explain SELECT id FROM sbtest8 WHERE id BETWEEN 5998842 AND 5998942
	Index Only Scan using sbtest8_pkey on sbtest8  (cost=0.43..10.28 rows=92 width=4)
	  Index Cond: ((id >= 5998842) AND (id <= 5998942))

for range-covered
table 1 : explain SELECT id FROM sbtest1 WHERE id BETWEEN 4470562 AND 4470662
	Index Only Scan using sbtest1_pkey on sbtest1  (cost=0.43..6.51 rows=104 width=4)
	  Index Cond: ((id >= 4470562) AND (id <= 4470662))

table 2 : explain SELECT id FROM sbtest2 WHERE id BETWEEN 4470562 AND 4470662
	Index Only Scan using sbtest2_pkey on sbtest2  (cost=0.43..6.19 rows=88 width=4)
	  Index Cond: ((id >= 4470562) AND (id <= 4470662))

table 3 : explain SELECT id FROM sbtest3 WHERE id BETWEEN 4470562 AND 4470662
	Index Only Scan using sbtest3_pkey on sbtest3  (cost=0.43..6.40 rows=98 width=4)
	  Index Cond: ((id >= 4470562) AND (id <= 4470662))

table 4 : explain SELECT id FROM sbtest4 WHERE id BETWEEN 4470562 AND 4470662
	Index Only Scan using sbtest4_pkey on sbtest4  (cost=0.43..6.69 rows=113 width=4)
	  Index Cond: ((id >= 4470562) AND (id <= 4470662))

table 5 : explain SELECT id FROM sbtest5 WHERE id BETWEEN 4470562 AND 4470662
	Index Only Scan using sbtest5_pkey on sbtest5  (cost=0.43..6.53 rows=105 width=4)
	  Index Cond: ((id >= 4470562) AND (id <= 4470662))

table 6 : explain SELECT id FROM sbtest6 WHERE id BETWEEN 4470562 AND 4470662
	Index Only Scan using sbtest6_pkey on sbtest6  (cost=0.43..6.50 rows=103 width=4)
	  Index Cond: ((id >= 4470562) AND (id <= 4470662))

table 7 : explain SELECT id FROM sbtest7 WHERE id BETWEEN 4470562 AND 4470662
	Index Only Scan using sbtest7_pkey on sbtest7  (cost=0.43..6.42 rows=99 width=4)
	  Index Cond: ((id >= 4470562) AND (id <= 4470662))

table 8 : explain SELECT id FROM sbtest8 WHERE id BETWEEN 4470562 AND 4470662
	Index Only Scan using sbtest8_pkey on sbtest8  (cost=0.43..10.50 rows=103 width=4)
	  Index Cond: ((id >= 4470562) AND (id <= 4470662))

explain: for range-covered :: explain SELECT id FROM sbtest%d WHERE id BETWEEN 5998842 AND 5998942
explain: for range-covered :: explain SELECT id FROM sbtest%d WHERE id BETWEEN 4470562 AND 4470662
for range-covered
table 1 : explain SELECT id FROM sbtest1 WHERE id BETWEEN 9000970 AND 9001070
	Index Only Scan using sbtest1_pkey on sbtest1  (cost=0.43..6.69 rows=113 width=4)
	  Index Cond: ((id >= 9000970) AND (id <= 9001070))

table 2 : explain SELECT id FROM sbtest2 WHERE id BETWEEN 9000970 AND 9001070
	Index Only Scan using sbtest2_pkey on sbtest2  (cost=0.43..6.29 rows=93 width=4)
	  Index Cond: ((id >= 9000970) AND (id <= 9001070))

table 3 : explain SELECT id FROM sbtest3 WHERE id BETWEEN 9000970 AND 9001070
	Index Only Scan using sbtest3_pkey on sbtest3  (cost=0.43..6.42 rows=99 width=4)
	  Index Cond: ((id >= 9000970) AND (id <= 9001070))

table 4 : explain SELECT id FROM sbtest4 WHERE id BETWEEN 9000970 AND 9001070
	Index Only Scan using sbtest4_pkey on sbtest4  (cost=0.43..6.35 rows=96 width=4)
	  Index Cond: ((id >= 9000970) AND (id <= 9001070))

table 5 : explain SELECT id FROM sbtest5 WHERE id BETWEEN 9000970 AND 9001070
	Index Only Scan using sbtest5_pkey on sbtest5  (cost=0.43..6.45 rows=101 width=4)
	  Index Cond: ((id >= 9000970) AND (id <= 9001070))

table 6 : explain SELECT id FROM sbtest6 WHERE id BETWEEN 9000970 AND 9001070
	Index Only Scan using sbtest6_pkey on sbtest6  (cost=0.43..6.51 rows=104 width=4)
	  Index Cond: ((id >= 9000970) AND (id <= 9001070))

table 7 : explain SELECT id FROM sbtest7 WHERE id BETWEEN 9000970 AND 9001070
	Index Only Scan using sbtest7_pkey on sbtest7  (cost=0.43..6.50 rows=103 width=4)
	  Index Cond: ((id >= 9000970) AND (id <= 9001070))

table 8 : explain SELECT id FROM sbtest8 WHERE id BETWEEN 9000970 AND 9001070
	Index Only Scan using sbtest8_pkey on sbtest8  (cost=0.43..10.42 rows=99 width=4)
	  Index Cond: ((id >= 9000970) AND (id <= 9001070))

for range-covered
table 1 : explain SELECT id FROM sbtest1 WHERE id BETWEEN 3742278 AND 3742378
	Index Only Scan using sbtest1_pkey on sbtest1  (cost=0.43..6.42 rows=99 width=4)
	  Index Cond: ((id >= 3742278) AND (id <= 3742378))

table 2 : explain SELECT id FROM sbtest2 WHERE id BETWEEN 3742278 AND 3742378
	Index Only Scan using sbtest2_pkey on sbtest2  (cost=0.43..6.42 rows=99 width=4)
	  Index Cond: ((id >= 3742278) AND (id <= 3742378))

table 3 : explain SELECT id FROM sbtest3 WHERE id BETWEEN 3742278 AND 3742378
	Index Only Scan using sbtest3_pkey on sbtest3  (cost=0.43..6.37 rows=97 width=4)
	  Index Cond: ((id >= 3742278) AND (id <= 3742378))

table 4 : explain SELECT id FROM sbtest4 WHERE id BETWEEN 3742278 AND 3742378
	Index Only Scan using sbtest4_pkey on sbtest4  (cost=0.43..6.69 rows=113 width=4)
	  Index Cond: ((id >= 3742278) AND (id <= 3742378))

table 5 : explain SELECT id FROM sbtest5 WHERE id BETWEEN 3742278 AND 3742378
	Index Only Scan using sbtest5_pkey on sbtest5  (cost=0.43..6.56 rows=106 width=4)
	  Index Cond: ((id >= 3742278) AND (id <= 3742378))

table 6 : explain SELECT id FROM sbtest6 WHERE id BETWEEN 3742278 AND 3742378
	Index Only Scan using sbtest6_pkey on sbtest6  (cost=0.43..6.47 rows=102 width=4)
	  Index Cond: ((id >= 3742278) AND (id <= 3742378))

table 7 : explain SELECT id FROM sbtest7 WHERE id BETWEEN 3742278 AND 3742378
	Index Only Scan using sbtest7_pkey on sbtest7  (cost=0.43..6.59 rows=108 width=4)
	  Index Cond: ((id >= 3742278) AND (id <= 3742378))

table 8 : explain SELECT id FROM sbtest8 WHERE id BETWEEN 3742278 AND 3742378
	Index Only Scan using sbtest8_pkey on sbtest8  (cost=0.43..10.56 rows=106 width=4)
	  Index Cond: ((id >= 3742278) AND (id <= 3742378))

explain: for range-covered :: explain SELECT id FROM sbtest%d WHERE id BETWEEN 9000970 AND 9001070
explain: for range-covered :: explain SELECT id FROM sbtest%d WHERE id BETWEEN 3742278 AND 3742378
for range-covered
table 1 : explain SELECT id FROM sbtest1 WHERE id BETWEEN 3885072 AND 3885172
	Index Only Scan using sbtest1_pkey on sbtest1  (cost=0.43..6.35 rows=96 width=4)
	  Index Cond: ((id >= 3885072) AND (id <= 3885172))

table 2 : explain SELECT id FROM sbtest2 WHERE id BETWEEN 3885072 AND 3885172
	Index Only Scan using sbtest2_pkey on sbtest2  (cost=0.43..6.53 rows=105 width=4)
	  Index Cond: ((id >= 3885072) AND (id <= 3885172))

table 3 : explain SELECT id FROM sbtest3 WHERE id BETWEEN 3885072 AND 3885172
	Index Only Scan using sbtest3_pkey on sbtest3  (cost=0.43..6.51 rows=104 width=4)
	  Index Cond: ((id >= 3885072) AND (id <= 3885172))

table 4 : explain SELECT id FROM sbtest4 WHERE id BETWEEN 3885072 AND 3885172
	Index Only Scan using sbtest4_pkey on sbtest4  (cost=0.43..6.47 rows=102 width=4)
	  Index Cond: ((id >= 3885072) AND (id <= 3885172))

table 5 : explain SELECT id FROM sbtest5 WHERE id BETWEEN 3885072 AND 3885172
	Index Only Scan using sbtest5_pkey on sbtest5  (cost=0.43..6.37 rows=97 width=4)
	  Index Cond: ((id >= 3885072) AND (id <= 3885172))

table 6 : explain SELECT id FROM sbtest6 WHERE id BETWEEN 3885072 AND 3885172
	Index Only Scan using sbtest6_pkey on sbtest6  (cost=0.43..6.58 rows=107 width=4)
	  Index Cond: ((id >= 3885072) AND (id <= 3885172))

table 7 : explain SELECT id FROM sbtest7 WHERE id BETWEEN 3885072 AND 3885172
	Index Only Scan using sbtest7_pkey on sbtest7  (cost=0.43..6.40 rows=98 width=4)
	  Index Cond: ((id >= 3885072) AND (id <= 3885172))

table 8 : explain SELECT id FROM sbtest8 WHERE id BETWEEN 3885072 AND 3885172
	Index Only Scan using sbtest8_pkey on sbtest8  (cost=0.43..10.42 rows=99 width=4)
	  Index Cond: ((id >= 3885072) AND (id <= 3885172))

explain: for range-covered :: explain SELECT id FROM sbtest%d WHERE id BETWEEN 5754231 AND 5754331
explain: for range-covered :: explain SELECT id FROM sbtest%d WHERE id BETWEEN 3885072 AND 3885172
for range-covered
table 1 : explain SELECT id FROM sbtest1 WHERE id BETWEEN 5998842 AND 5998942
	Index Only Scan using sbtest1_pkey on sbtest1  (cost=0.43..6.42 rows=99 width=4)
	  Index Cond: ((id >= 5998842) AND (id <= 5998942))

table 2 : explain SELECT id FROM sbtest2 WHERE id BETWEEN 5998842 AND 5998942
	Index Only Scan using sbtest2_pkey on sbtest2  (cost=0.43..6.67 rows=112 width=4)
	  Index Cond: ((id >= 5998842) AND (id <= 5998942))

table 3 : explain SELECT id FROM sbtest3 WHERE id BETWEEN 5998842 AND 5998942
	Index Only Scan using sbtest3_pkey on sbtest3  (cost=0.43..6.56 rows=106 width=4)
	  Index Cond: ((id >= 5998842) AND (id <= 5998942))

table 4 : explain SELECT id FROM sbtest4 WHERE id BETWEEN 5998842 AND 5998942
	Index Only Scan using sbtest4_pkey on sbtest4  (cost=0.43..6.61 rows=109 width=4)
	  Index Cond: ((id >= 5998842) AND (id <= 5998942))

table 5 : explain SELECT id FROM sbtest5 WHERE id BETWEEN 5998842 AND 5998942
	Index Only Scan using sbtest5_pkey on sbtest5  (cost=0.43..6.45 rows=101 width=4)
	  Index Cond: ((id >= 5998842) AND (id <= 5998942))

table 6 : explain SELECT id FROM sbtest6 WHERE id BETWEEN 5998842 AND 5998942
	Index Only Scan using sbtest6_pkey on sbtest6  (cost=0.43..6.42 rows=99 width=4)
	  Index Cond: ((id >= 5998842) AND (id <= 5998942))

table 7 : explain SELECT id FROM sbtest7 WHERE id BETWEEN 5998842 AND 5998942
	Index Only Scan using sbtest7_pkey on sbtest7  (cost=0.43..6.45 rows=101 width=4)
	  Index Cond: ((id >= 5998842) AND (id <= 5998942))

table 8 : explain SELECT id FROM sbtest8 WHERE id BETWEEN 5998842 AND 5998942
	Index Only Scan using sbtest8_pkey on sbtest8  (cost=0.43..10.28 rows=92 width=4)
	  Index Cond: ((id >= 5998842) AND (id <= 5998942))

explain: for range-covered :: explain SELECT id FROM sbtest%d WHERE id BETWEEN 5998842 AND 5998942for range-covered
table 1 : explain SELECT id FROM sbtest1 WHERE id BETWEEN 5820029 AND 5820129
	Index Only Scan using sbtest1_pkey on sbtest1  (cost=0.43..6.50 rows=103 width=4)
	  Index Cond: ((id >= 5820029) AND (id <= 5820129))

table 2 : explain SELECT id FROM sbtest2 WHERE id BETWEEN 5820029 AND 5820129
	Index Only Scan using sbtest2_pkey on sbtest2  (cost=0.43..6.63 rows=110 width=4)
	  Index Cond: ((id >= 5820029) AND (id <= 5820129))

table 3 : explain SELECT id FROM sbtest3 WHERE id BETWEEN 5820029 AND 5820129
	Index Only Scan using sbtest3_pkey on sbtest3  (cost=0.43..6.42 rows=99 width=4)
	  Index Cond: ((id >= 5820029) AND (id <= 5820129))

table 4 : explain SELECT id FROM sbtest4 WHERE id BETWEEN 5820029 AND 5820129
	Index Only Scan using sbtest4_pkey on sbtest4  (cost=0.43..6.35 rows=96 width=4)
	  Index Cond: ((id >= 5820029) AND (id <= 5820129))

table 5 : explain SELECT id FROM sbtest5 WHERE id BETWEEN 5820029 AND 5820129
	Index Only Scan using sbtest5_pkey on sbtest5  (cost=0.43..6.56 rows=106 width=4)
	  Index Cond: ((id >= 5820029) AND (id <= 5820129))

table 6 : explain SELECT id FROM sbtest6 WHERE id BETWEEN 5820029 AND 5820129
	Index Only Scan using sbtest6_pkey on sbtest6  (cost=0.43..6.63 rows=110 width=4)
	  Index Cond: ((id >= 5820029) AND (id <= 5820129))

table 7 : explain SELECT id FROM sbtest7 WHERE id BETWEEN 5820029 AND 5820129
	Index Only Scan using sbtest7_pkey on sbtest7  (cost=0.43..6.33 rows=95 width=4)
	  Index Cond: ((id >= 5820029) AND (id <= 5820129))

table 8 : explain SELECT id FROM sbtest8 WHERE id BETWEEN 5820029 AND 5820129
	Index Only Scan using sbtest8_pkey on sbtest8  (cost=0.43..10.50 rows=103 width=4)
	  Index Cond: ((id >= 5820029) AND (id <= 5820129))

for range-covered
table 1 : explain SELECT id FROM sbtest1 WHERE id BETWEEN 4470562 AND 4470662
	Index Only Scan using sbtest1_pkey on sbtest1  (cost=0.43..6.51 rows=104 width=4)
	  Index Cond: ((id >= 4470562) AND (id <= 4470662))

table 2 : explain SELECT id FROM sbtest2 WHERE id BETWEEN 4470562 AND 4470662
	Index Only Scan using sbtest2_pkey on sbtest2  (cost=0.43..6.19 rows=88 width=4)
	  Index Cond: ((id >= 4470562) AND (id <= 4470662))

table 3 : explain SELECT id FROM sbtest3 WHERE id BETWEEN 4470562 AND 4470662
	Index Only Scan using sbtest3_pkey on sbtest3  (cost=0.43..6.40 rows=98 width=4)
	  Index Cond: ((id >= 4470562) AND (id <= 4470662))

table 4 : explain SELECT id FROM sbtest4 WHERE id BETWEEN 4470562 AND 4470662
	Index Only Scan using sbtest4_pkey on sbtest4  (cost=0.43..6.69 rows=113 width=4)
	  Index Cond: ((id >= 4470562) AND (id <= 4470662))

table 5 : explain SELECT id FROM sbtest5 WHERE id BETWEEN 4470562 AND 4470662
	Index Only Scan using sbtest5_pkey on sbtest5  (cost=0.43..6.53 rows=105 width=4)
	  Index Cond: ((id >= 4470562) AND (id <= 4470662))

table 6 : explain SELECT id FROM sbtest6 WHERE id BETWEEN 4470562 AND 4470662
	Index Only Scan using sbtest6_pkey on sbtest6  (cost=0.43..6.50 rows=103 width=4)
	  Index Cond: ((id >= 4470562) AND (id <= 4470662))

table 7 : explain SELECT id FROM sbtest7 WHERE id BETWEEN 4470562 AND 4470662
	Index Only Scan using sbtest7_pkey on sbtest7  (cost=0.43..6.42 rows=99 width=4)
	  Index Cond: ((id >= 4470562) AND (id <= 4470662))

table 8 : explain SELECT id FROM sbtest8 WHERE id BETWEEN 4470562 AND 4470662
	Index Only Scan using sbtest8_pkey on sbtest8  (cost=0.43..10.50 rows=103 width=4)
	  Index Cond: ((id >= 4470562) AND (id <= 4470662))


for range-covered
table 1 : explain SELECT id FROM sbtest1 WHERE id BETWEEN 9000970 AND 9001070
	Index Only Scan using sbtest1_pkey on sbtest1  (cost=0.43..6.69 rows=113 width=4)
	  Index Cond: ((id >= 9000970) AND (id <= 9001070))

table 2 : explain SELECT id FROM sbtest2 WHERE id BETWEEN 9000970 AND 9001070
	Index Only Scan using sbtest2_pkey on sbtest2  (cost=0.43..6.29 rows=93 width=4)
	  Index Cond: ((id >= 9000970) AND (id <= 9001070))

table 3 : explain SELECT id FROM sbtest3 WHERE id BETWEEN 9000970 AND 9001070
	Index Only Scan using sbtest3_pkey on sbtest3  (cost=0.43..6.42 rows=99 width=4)
	  Index Cond: ((id >= 9000970) AND (id <= 9001070))

table 4 : explain SELECT id FROM sbtest4 WHERE id BETWEEN 9000970 AND 9001070
	Index Only Scan using sbtest4_pkey on sbtest4  (cost=0.43..6.35 rows=96 width=4)
	  Index Cond: ((id >= 9000970) AND (id <= 9001070))

table 5 : explain SELECT id FROM sbtest5 WHERE id BETWEEN 9000970 AND 9001070
	Index Only Scan using sbtest5_pkey on sbtest5  (cost=0.43..6.45 rows=101 width=4)
	  Index Cond: ((id >= 9000970) AND (id <= 9001070))

table 6 : explain SELECT id FROM sbtest6 WHERE id BETWEEN 9000970 AND 9001070
	Index Only Scan using sbtest6_pkey on sbtest6  (cost=0.43..6.51 rows=104 width=4)
	  Index Cond: ((id >= 9000970) AND (id <= 9001070))

table 7 : explain SELECT id FROM sbtest7 WHERE id BETWEEN 9000970 AND 9001070
	Index Only Scan using sbtest7_pkey on sbtest7  (cost=0.43..6.50 rows=103 width=4)
	  Index Cond: ((id >= 9000970) AND (id <= 9001070))

table 8 : explain SELECT id FROM sbtest8 WHERE id BETWEEN 9000970 AND 9001070
	Index Only Scan using sbtest8_pkey on sbtest8  (cost=0.43..10.42 rows=99 width=4)
	  Index Cond: ((id >= 9000970) AND (id <= 9001070))

for range-covered
table 1 : explain SELECT id FROM sbtest1 WHERE id BETWEEN 3742278 AND 3742378
	Index Only Scan using sbtest1_pkey on sbtest1  (cost=0.43..6.42 rows=99 width=4)
	  Index Cond: ((id >= 3742278) AND (id <= 3742378))

table 2 : explain SELECT id FROM sbtest2 WHERE id BETWEEN 3742278 AND 3742378
	Index Only Scan using sbtest2_pkey on sbtest2  (cost=0.43..6.42 rows=99 width=4)
	  Index Cond: ((id >= 3742278) AND (id <= 3742378))

table 3 : explain SELECT id FROM sbtest3 WHERE id BETWEEN 3742278 AND 3742378
	Index Only Scan using sbtest3_pkey on sbtest3  (cost=0.43..6.37 rows=97 width=4)
	  Index Cond: ((id >= 3742278) AND (id <= 3742378))

table 4 : explain SELECT id FROM sbtest4 WHERE id BETWEEN 3742278 AND 3742378
	Index Only Scan using sbtest4_pkey on sbtest4  (cost=0.43..6.69 rows=113 width=4)
	  Index Cond: ((id >= 3742278) AND (id <= 3742378))

table 5 : explain SELECT id FROM sbtest5 WHERE id BETWEEN 3742278 AND 3742378
	Index Only Scan using sbtest5_pkey on sbtest5  (cost=0.43..6.56 rows=106 width=4)
	  Index Cond: ((id >= 3742278) AND (id <= 3742378))

table 6 : explain SELECT id FROM sbtest6 WHERE id BETWEEN 3742278 AND 3742378
	Index Only Scan using sbtest6_pkey on sbtest6  (cost=0.43..6.47 rows=102 width=4)
	  Index Cond: ((id >= 3742278) AND (id <= 3742378))

table 7 : explain SELECT id FROM sbtest7 WHERE id BETWEEN 3742278 AND 3742378
	Index Only Scan using sbtest7_pkey on sbtest7  (cost=0.43..6.59 rows=108 width=4)
	  Index Cond: ((id >= 3742278) AND (id <= 3742378))

table 8 : explain SELECT id FROM sbtest8 WHERE id BETWEEN 3742278 AND 3742378
	Index Only Scan using sbtest8_pkey on sbtest8  (cost=0.43..10.56 rows=106 width=4)
	  Index Cond: ((id >= 3742278) AND (id <= 3742378))

explain: for range-covered :: explain SELECT id FROM sbtest%d WHERE id BETWEEN 4470562 AND 4470662
explain: for range-covered :: explain SELECT id FROM sbtest%d WHERE id BETWEEN 3742278 AND 3742378
for range-covered
table 1 : explain SELECT id FROM sbtest1 WHERE id BETWEEN 3885072 AND 3885172
	Index Only Scan using sbtest1_pkey on sbtest1  (cost=0.43..6.35 rows=96 width=4)
	  Index Cond: ((id >= 3885072) AND (id <= 3885172))

table 2 : explain SELECT id FROM sbtest2 WHERE id BETWEEN 3885072 AND 3885172
	Index Only Scan using sbtest2_pkey on sbtest2  (cost=0.43..6.53 rows=105 width=4)
	  Index Cond: ((id >= 3885072) AND (id <= 3885172))

table 3 : explain SELECT id FROM sbtest3 WHERE id BETWEEN 3885072 AND 3885172
	Index Only Scan using sbtest3_pkey on sbtest3  (cost=0.43..6.51 rows=104 width=4)
	  Index Cond: ((id >= 3885072) AND (id <= 3885172))

table 4 : explain SELECT id FROM sbtest4 WHERE id BETWEEN 3885072 AND 3885172
	Index Only Scan using sbtest4_pkey on sbtest4  (cost=0.43..6.47 rows=102 width=4)
	  Index Cond: ((id >= 3885072) AND (id <= 3885172))

table 5 : explain SELECT id FROM sbtest5 WHERE id BETWEEN 3885072 AND 3885172
	Index Only Scan using sbtest5_pkey on sbtest5  (cost=0.43..6.37 rows=97 width=4)
	  Index Cond: ((id >= 3885072) AND (id <= 3885172))

table 6 : explain SELECT id FROM sbtest6 WHERE id BETWEEN 3885072 AND 3885172
	Index Only Scan using sbtest6_pkey on sbtest6  (cost=0.43..6.58 rows=107 width=4)
	  Index Cond: ((id >= 3885072) AND (id <= 3885172))

table 7 : explain SELECT id FROM sbtest7 WHERE id BETWEEN 3885072 AND 3885172
	Index Only Scan using sbtest7_pkey on sbtest7  (cost=0.43..6.40 rows=98 width=4)
	  Index Cond: ((id >= 3885072) AND (id <= 3885172))

table 8 : explain SELECT id FROM sbtest8 WHERE id BETWEEN 3885072 AND 3885172
	Index Only Scan using sbtest8_pkey on sbtest8  (cost=0.43..10.42 rows=99 width=4)
	  Index Cond: ((id >= 3885072) AND (id <= 3885172))

explain: for range-covered :: explain SELECT id FROM sbtest%d WHERE id BETWEEN 3885072 AND 3885172
for range-covered
table 1 : explain SELECT id FROM sbtest1 WHERE id BETWEEN 3742278 AND 3742378
	Index Only Scan using sbtest1_pkey on sbtest1  (cost=0.43..6.42 rows=99 width=4)
	  Index Cond: ((id >= 3742278) AND (id <= 3742378))

table 2 : explain SELECT id FROM sbtest2 WHERE id BETWEEN 3742278 AND 3742378
	Index Only Scan using sbtest2_pkey on sbtest2  (cost=0.43..6.42 rows=99 width=4)
	  Index Cond: ((id >= 3742278) AND (id <= 3742378))

table 3 : explain SELECT id FROM sbtest3 WHERE id BETWEEN 3742278 AND 3742378
	Index Only Scan using sbtest3_pkey on sbtest3  (cost=0.43..6.37 rows=97 width=4)
	  Index Cond: ((id >= 3742278) AND (id <= 3742378))

table 4 : explain SELECT id FROM sbtest4 WHERE id BETWEEN 3742278 AND 3742378
	Index Only Scan using sbtest4_pkey on sbtest4  (cost=0.43..6.69 rows=113 width=4)
	  Index Cond: ((id >= 3742278) AND (id <= 3742378))

table 5 : explain SELECT id FROM sbtest5 WHERE id BETWEEN 3742278 AND 3742378
	Index Only Scan using sbtest5_pkey on sbtest5  (cost=0.43..6.56 rows=106 width=4)
	  Index Cond: ((id >= 3742278) AND (id <= 3742378))

table 6 : explain SELECT id FROM sbtest6 WHERE id BETWEEN 3742278 AND 3742378
	Index Only Scan using sbtest6_pkey on sbtest6  (cost=0.43..6.47 rows=102 width=4)
	  Index Cond: ((id >= 3742278) AND (id <= 3742378))

table 7 : explain SELECT id FROM sbtest7 WHERE id BETWEEN 3742278 AND 3742378
	Index Only Scan using sbtest7_pkey on sbtest7  (cost=0.43..6.59 rows=108 width=4)
	  Index Cond: ((id >= 3742278) AND (id <= 3742378))

table 8 : explain SELECT id FROM sbtest8 WHERE id BETWEEN 3742278 AND 3742378
	Index Only Scan using sbtest8_pkey on sbtest8  (cost=0.43..10.56 rows=106 width=4)
	  Index Cond: ((id >= 3742278) AND (id <= 3742378))

explain: for range-covered :: explain SELECT id FROM sbtest%d WHERE id BETWEEN 5820029 AND 5820129
for range-covered
table 1 : explain SELECT id FROM sbtest1 WHERE id BETWEEN 5998842 AND 5998942
	Index Only Scan using sbtest1_pkey on sbtest1  (cost=0.43..6.42 rows=99 width=4)
	  Index Cond: ((id >= 5998842) AND (id <= 5998942))

table 2 : explain SELECT id FROM sbtest2 WHERE id BETWEEN 5998842 AND 5998942
	Index Only Scan using sbtest2_pkey on sbtest2  (cost=0.43..6.67 rows=112 width=4)
	  Index Cond: ((id >= 5998842) AND (id <= 5998942))

table 3 : explain SELECT id FROM sbtest3 WHERE id BETWEEN 5998842 AND 5998942
	Index Only Scan using sbtest3_pkey on sbtest3  (cost=0.43..6.56 rows=106 width=4)
	  Index Cond: ((id >= 5998842) AND (id <= 5998942))

table 4 : explain SELECT id FROM sbtest4 WHERE id BETWEEN 5998842 AND 5998942
	Index Only Scan using sbtest4_pkey on sbtest4  (cost=0.43..6.61 rows=109 width=4)
	  Index Cond: ((id >= 5998842) AND (id <= 5998942))

table 5 : explain SELECT id FROM sbtest5 WHERE id BETWEEN 5998842 AND 5998942
	Index Only Scan using sbtest5_pkey on sbtest5  (cost=0.43..6.45 rows=101 width=4)
	  Index Cond: ((id >= 5998842) AND (id <= 5998942))

table 6 : explain SELECT id FROM sbtest6 WHERE id BETWEEN 5998842 AND 5998942
	Index Only Scan using sbtest6_pkey on sbtest6  (cost=0.43..6.42 rows=99 width=4)
	  Index Cond: ((id >= 5998842) AND (id <= 5998942))

table 7 : explain SELECT id FROM sbtest7 WHERE id BETWEEN 5998842 AND 5998942
	Index Only Scan using sbtest7_pkey on sbtest7  (cost=0.43..6.45 rows=101 width=4)
	  Index Cond: ((id >= 5998842) AND (id <= 5998942))

table 8 : explain SELECT id FROM sbtest8 WHERE id BETWEEN 5998842 AND 5998942
	Index Only Scan using sbtest8_pkey on sbtest8  (cost=0.43..10.28 rows=92 width=4)
	  Index Cond: ((id >= 5998842) AND (id <= 5998942))

explain: for range-covered :: explain SELECT id FROM sbtest%d WHERE id BETWEEN 3742278 AND 3742378
for range-covered
table 1 : explain SELECT id FROM sbtest1 WHERE id BETWEEN 4470562 AND 4470662
	Index Only Scan using sbtest1_pkey on sbtest1  (cost=0.43..6.51 rows=104 width=4)
	  Index Cond: ((id >= 4470562) AND (id <= 4470662))

table 2 : explain SELECT id FROM sbtest2 WHERE id BETWEEN 4470562 AND 4470662
	Index Only Scan using sbtest2_pkey on sbtest2  (cost=0.43..6.19 rows=88 width=4)
	  Index Cond: ((id >= 4470562) AND (id <= 4470662))

table 3 : explain SELECT id FROM sbtest3 WHERE id BETWEEN 4470562 AND 4470662
	Index Only Scan using sbtest3_pkey on sbtest3  (cost=0.43..6.40 rows=98 width=4)
	  Index Cond: ((id >= 4470562) AND (id <= 4470662))

table 4 : explain SELECT id FROM sbtest4 WHERE id BETWEEN 4470562 AND 4470662
	Index Only Scan using sbtest4_pkey on sbtest4  (cost=0.43..6.69 rows=113 width=4)
	  Index Cond: ((id >= 4470562) AND (id <= 4470662))

table 5 : explain SELECT id FROM sbtest5 WHERE id BETWEEN 4470562 AND 4470662
	Index Only Scan using sbtest5_pkey on sbtest5  (cost=0.43..6.53 rows=105 width=4)
	  Index Cond: ((id >= 4470562) AND (id <= 4470662))

table 6 : explain SELECT id FROM sbtest6 WHERE id BETWEEN 4470562 AND 4470662
	Index Only Scan using sbtest6_pkey on sbtest6  (cost=0.43..6.50 rows=103 width=4)
	  Index Cond: ((id >= 4470562) AND (id <= 4470662))

table 7 : explain SELECT id FROM sbtest7 WHERE id BETWEEN 4470562 AND 4470662
	Index Only Scan using sbtest7_pkey on sbtest7  (cost=0.43..6.42 rows=99 width=4)
	  Index Cond: ((id >= 4470562) AND (id <= 4470662))

table 8 : explain SELECT id FROM sbtest8 WHERE id BETWEEN 4470562 AND 4470662
	Index Only Scan using sbtest8_pkey on sbtest8  (cost=0.43..10.50 rows=103 width=4)
	  Index Cond: ((id >= 4470562) AND (id <= 4470662))

explain: for range-covered :: explain SELECT id FROM sbtest%d WHERE id BETWEEN 5998842 AND 5998942
for range-covered
table 1 : explain SELECT id FROM sbtest1 WHERE id BETWEEN 3885072 AND 3885172
	Index Only Scan using sbtest1_pkey on sbtest1  (cost=0.43..6.35 rows=96 width=4)
	  Index Cond: ((id >= 3885072) AND (id <= 3885172))

table 2 : explain SELECT id FROM sbtest2 WHERE id BETWEEN 3885072 AND 3885172
	Index Only Scan using sbtest2_pkey on sbtest2  (cost=0.43..6.53 rows=105 width=4)
	  Index Cond: ((id >= 3885072) AND (id <= 3885172))

table 3 : explain SELECT id FROM sbtest3 WHERE id BETWEEN 3885072 AND 3885172
	Index Only Scan using sbtest3_pkey on sbtest3  (cost=0.43..6.51 rows=104 width=4)
	  Index Cond: ((id >= 3885072) AND (id <= 3885172))

table 4 : explain SELECT id FROM sbtest4 WHERE id BETWEEN 3885072 AND 3885172
	Index Only Scan using sbtest4_pkey on sbtest4  (cost=0.43..6.47 rows=102 width=4)
	  Index Cond: ((id >= 3885072) AND (id <= 3885172))

table 5 : explain SELECT id FROM sbtest5 WHERE id BETWEEN 3885072 AND 3885172
	Index Only Scan using sbtest5_pkey on sbtest5  (cost=0.43..6.37 rows=97 width=4)
	  Index Cond: ((id >= 3885072) AND (id <= 3885172))

table 6 : explain SELECT id FROM sbtest6 WHERE id BETWEEN 3885072 AND 3885172
	Index Only Scan using sbtest6_pkey on sbtest6  (cost=0.43..6.58 rows=107 width=4)
	  Index Cond: ((id >= 3885072) AND (id <= 3885172))

table 7 : explain SELECT id FROM sbtest7 WHERE id BETWEEN 3885072 AND 3885172
	Index Only Scan using sbtest7_pkey on sbtest7  (cost=0.43..6.40 rows=98 width=4)
	  Index Cond: ((id >= 3885072) AND (id <= 3885172))

table 8 : explain SELECT id FROM sbtest8 WHERE id BETWEEN 3885072 AND 3885172
	Index Only Scan using sbtest8_pkey on sbtest8  (cost=0.43..10.42 rows=99 width=4)
	  Index Cond: ((id >= 3885072) AND (id <= 3885172))

for range-covered
table 1 : explain SELECT id FROM sbtest1 WHERE id BETWEEN 8134821 AND 8134921
	Index Only Scan using sbtest1_pkey on sbtest1  (cost=0.43..6.58 rows=107 width=4)
	  Index Cond: ((id >= 8134821) AND (id <= 8134921))

table 2 : explain SELECT id FROM sbtest2 WHERE id BETWEEN 8134821 AND 8134921
	Index Only Scan using sbtest2_pkey on sbtest2  (cost=0.43..6.35 rows=96 width=4)
	  Index Cond: ((id >= 8134821) AND (id <= 8134921))

table 3 : explain SELECT id FROM sbtest3 WHERE id BETWEEN 8134821 AND 8134921
	Index Only Scan using sbtest3_pkey on sbtest3  (cost=0.43..6.50 rows=103 width=4)
	  Index Cond: ((id >= 8134821) AND (id <= 8134921))

table 4 : explain SELECT id FROM sbtest4 WHERE id BETWEEN 8134821 AND 8134921
	Index Only Scan using sbtest4_pkey on sbtest4  (cost=0.43..6.50 rows=103 width=4)
	  Index Cond: ((id >= 8134821) AND (id <= 8134921))

table 5 : explain SELECT id FROM sbtest5 WHERE id BETWEEN 8134821 AND 8134921
	Index Only Scan using sbtest5_pkey on sbtest5  (cost=0.43..6.56 rows=106 width=4)
	  Index Cond: ((id >= 8134821) AND (id <= 8134921))

table 6 : explain SELECT id FROM sbtest6 WHERE id BETWEEN 8134821 AND 8134921
	Index Only Scan using sbtest6_pkey on sbtest6  (cost=0.43..6.50 rows=103 width=4)
	  Index Cond: ((id >= 8134821) AND (id <= 8134921))

table 7 : explain SELECT id FROM sbtest7 WHERE id BETWEEN 8134821 AND 8134921
	Index Only Scan using sbtest7_pkey on sbtest7  (cost=0.43..6.59 rows=108 width=4)
	  Index Cond: ((id >= 8134821) AND (id <= 8134921))

table 8 : explain SELECT id FROM sbtest8 WHERE id BETWEEN 8134821 AND 8134921
	Index Only Scan using sbtest8_pkey on sbtest8  (cost=0.43..10.58 rows=107 width=4)
	  Index Cond: ((id >= 8134821) AND (id <= 8134921))

explain: for range-covered :: explain SELECT id FROM sbtest%d WHERE id BETWEEN 4470562 AND 4470662
explain: for range-covered :: explain SELECT id FROM sbtest%d WHERE id BETWEEN 8134821 AND 8134921
for range-covered
table 1 : explain SELECT id FROM sbtest1 WHERE id BETWEEN 3742278 AND 3742378
	Index Only Scan using sbtest1_pkey on sbtest1  (cost=0.43..6.42 rows=99 width=4)
	  Index Cond: ((id >= 3742278) AND (id <= 3742378))

table 2 : explain SELECT id FROM sbtest2 WHERE id BETWEEN 3742278 AND 3742378
	Index Only Scan using sbtest2_pkey on sbtest2  (cost=0.43..6.42 rows=99 width=4)
	  Index Cond: ((id >= 3742278) AND (id <= 3742378))

table 3 : explain SELECT id FROM sbtest3 WHERE id BETWEEN 3742278 AND 3742378
	Index Only Scan using sbtest3_pkey on sbtest3  (cost=0.43..6.37 rows=97 width=4)
	  Index Cond: ((id >= 3742278) AND (id <= 3742378))

table 4 : explain SELECT id FROM sbtest4 WHERE id BETWEEN 3742278 AND 3742378
	Index Only Scan using sbtest4_pkey on sbtest4  (cost=0.43..6.69 rows=113 width=4)
	  Index Cond: ((id >= 3742278) AND (id <= 3742378))

table 5 : explain SELECT id FROM sbtest5 WHERE id BETWEEN 3742278 AND 3742378
	Index Only Scan using sbtest5_pkey on sbtest5  (cost=0.43..6.56 rows=106 width=4)
	  Index Cond: ((id >= 3742278) AND (id <= 3742378))

table 6 : explain SELECT id FROM sbtest6 WHERE id BETWEEN 3742278 AND 3742378
	Index Only Scan using sbtest6_pkey on sbtest6  (cost=0.43..6.47 rows=102 width=4)
	  Index Cond: ((id >= 3742278) AND (id <= 3742378))

table 7 : explain SELECT id FROM sbtest7 WHERE id BETWEEN 3742278 AND 3742378
	Index Only Scan using sbtest7_pkey on sbtest7  (cost=0.43..6.59 rows=108 width=4)
	  Index Cond: ((id >= 3742278) AND (id <= 3742378))

table 8 : explain SELECT id FROM sbtest8 WHERE id BETWEEN 3742278 AND 3742378
	Index Only Scan using sbtest8_pkey on sbtest8  (cost=0.43..10.56 rows=106 width=4)
	  Index Cond: ((id >= 3742278) AND (id <= 3742378))

explain: for range-covered :: explain SELECT id FROM sbtest%d WHERE id BETWEEN 3742278 AND 3742378
for range-covered
table 1 : explain SELECT id FROM sbtest1 WHERE id BETWEEN 5998842 AND 5998942
	Index Only Scan using sbtest1_pkey on sbtest1  (cost=0.43..6.42 rows=99 width=4)
	  Index Cond: ((id >= 5998842) AND (id <= 5998942))

table 2 : explain SELECT id FROM sbtest2 WHERE id BETWEEN 5998842 AND 5998942
	Index Only Scan using sbtest2_pkey on sbtest2  (cost=0.43..6.67 rows=112 width=4)
	  Index Cond: ((id >= 5998842) AND (id <= 5998942))

table 3 : explain SELECT id FROM sbtest3 WHERE id BETWEEN 5998842 AND 5998942
	Index Only Scan using sbtest3_pkey on sbtest3  (cost=0.43..6.56 rows=106 width=4)
	  Index Cond: ((id >= 5998842) AND (id <= 5998942))

table 4 : explain SELECT id FROM sbtest4 WHERE id BETWEEN 5998842 AND 5998942
	Index Only Scan using sbtest4_pkey on sbtest4  (cost=0.43..6.61 rows=109 width=4)
	  Index Cond: ((id >= 5998842) AND (id <= 5998942))

table 5 : explain SELECT id FROM sbtest5 WHERE id BETWEEN 5998842 AND 5998942
	Index Only Scan using sbtest5_pkey on sbtest5  (cost=0.43..6.45 rows=101 width=4)
	  Index Cond: ((id >= 5998842) AND (id <= 5998942))

table 6 : explain SELECT id FROM sbtest6 WHERE id BETWEEN 5998842 AND 5998942
	Index Only Scan using sbtest6_pkey on sbtest6  (cost=0.43..6.42 rows=99 width=4)
	  Index Cond: ((id >= 5998842) AND (id <= 5998942))

table 7 : explain SELECT id FROM sbtest7 WHERE id BETWEEN 5998842 AND 5998942
	Index Only Scan using sbtest7_pkey on sbtest7  (cost=0.43..6.45 rows=101 width=4)
	  Index Cond: ((id >= 5998842) AND (id <= 5998942))

table 8 : explain SELECT id FROM sbtest8 WHERE id BETWEEN 5998842 AND 5998942
	Index Only Scan using sbtest8_pkey on sbtest8  (cost=0.43..10.28 rows=92 width=4)
	  Index Cond: ((id >= 5998842) AND (id <= 5998942))

explain: for range-covered :: explain SELECT id FROM sbtest%d WHERE id BETWEEN 5998842 AND 5998942
explain: for range-covered :: explain SELECT id FROM sbtest%d WHERE id BETWEEN 2982002 AND 2982102
for range-covered
table 1 : explain SELECT id FROM sbtest1 WHERE id BETWEEN 5754231 AND 5754331
	Index Only Scan using sbtest1_pkey on sbtest1  (cost=0.43..6.40 rows=98 width=4)
	  Index Cond: ((id >= 5754231) AND (id <= 5754331))

table 2 : explain SELECT id FROM sbtest2 WHERE id BETWEEN 5754231 AND 5754331
	Index Only Scan using sbtest2_pkey on sbtest2  (cost=0.43..6.75 rows=116 width=4)
	  Index Cond: ((id >= 5754231) AND (id <= 5754331))

table 3 : explain SELECT id FROM sbtest3 WHERE id BETWEEN 5754231 AND 5754331
	Index Only Scan using sbtest3_pkey on sbtest3  (cost=0.43..6.42 rows=99 width=4)
	  Index Cond: ((id >= 5754231) AND (id <= 5754331))

table 4 : explain SELECT id FROM sbtest4 WHERE id BETWEEN 5754231 AND 5754331
	Index Only Scan using sbtest4_pkey on sbtest4  (cost=0.43..6.35 rows=96 width=4)
	  Index Cond: ((id >= 5754231) AND (id <= 5754331))

table 5 : explain SELECT id FROM sbtest5 WHERE id BETWEEN 5754231 AND 5754331
	Index Only Scan using sbtest5_pkey on sbtest5  (cost=0.43..6.43 rows=100 width=4)
	  Index Cond: ((id >= 5754231) AND (id <= 5754331))

table 6 : explain SELECT id FROM sbtest6 WHERE id BETWEEN 5754231 AND 5754331
	Index Only Scan using sbtest6_pkey on sbtest6  (cost=0.43..6.63 rows=110 width=4)
	  Index Cond: ((id >= 5754231) AND (id <= 5754331))

table 7 : explain SELECT id FROM sbtest7 WHERE id BETWEEN 5754231 AND 5754331
	Index Only Scan using sbtest7_pkey on sbtest7  (cost=0.43..6.33 rows=95 width=4)
	  Index Cond: ((id >= 5754231) AND (id <= 5754331))

table 8 : explain SELECT id FROM sbtest8 WHERE id BETWEEN 5754231 AND 5754331
	Index Only Scan using sbtest8_pkey on sbtest8  (cost=0.43..10.51 rows=104 width=4)
	  Index Cond: ((id >= 5754231) AND (id <= 5754331))

explain: for range-covered :: explain SELECT id FROM sbtest%d WHERE id BETWEEN 5754231 AND 5754331
for range-covered
table 1 : explain SELECT id FROM sbtest1 WHERE id BETWEEN 3742278 AND 3742378
	Index Only Scan using sbtest1_pkey on sbtest1  (cost=0.43..6.42 rows=99 width=4)
	  Index Cond: ((id >= 3742278) AND (id <= 3742378))

table 2 : explain SELECT id FROM sbtest2 WHERE id BETWEEN 3742278 AND 3742378
	Index Only Scan using sbtest2_pkey on sbtest2  (cost=0.43..6.42 rows=99 width=4)
	  Index Cond: ((id >= 3742278) AND (id <= 3742378))

table 3 : explain SELECT id FROM sbtest3 WHERE id BETWEEN 3742278 AND 3742378
	Index Only Scan using sbtest3_pkey on sbtest3  (cost=0.43..6.37 rows=97 width=4)
	  Index Cond: ((id >= 3742278) AND (id <= 3742378))

table 4 : explain SELECT id FROM sbtest4 WHERE id BETWEEN 3742278 AND 3742378
	Index Only Scan using sbtest4_pkey on sbtest4  (cost=0.43..6.69 rows=113 width=4)
	  Index Cond: ((id >= 3742278) AND (id <= 3742378))

table 5 : explain SELECT id FROM sbtest5 WHERE id BETWEEN 3742278 AND 3742378
	Index Only Scan using sbtest5_pkey on sbtest5  (cost=0.43..6.56 rows=106 width=4)
	  Index Cond: ((id >= 3742278) AND (id <= 3742378))

table 6 : explain SELECT id FROM sbtest6 WHERE id BETWEEN 3742278 AND 3742378
	Index Only Scan using sbtest6_pkey on sbtest6  (cost=0.43..6.47 rows=102 width=4)
	  Index Cond: ((id >= 3742278) AND (id <= 3742378))

table 7 : explain SELECT id FROM sbtest7 WHERE id BETWEEN 3742278 AND 3742378
	Index Only Scan using sbtest7_pkey on sbtest7  (cost=0.43..6.59 rows=108 width=4)
	  Index Cond: ((id >= 3742278) AND (id <= 3742378))

table 8 : explain SELECT id FROM sbtest8 WHERE id BETWEEN 3742278 AND 3742378
	Index Only Scan using sbtest8_pkey on sbtest8  (cost=0.43..10.56 rows=106 width=4)
	  Index Cond: ((id >= 3742278) AND (id <= 3742378))

for range-covered
table 1 : explain SELECT id FROM sbtest1 WHERE id BETWEEN 5998842 AND 5998942
	Index Only Scan using sbtest1_pkey on sbtest1  (cost=0.43..6.42 rows=99 width=4)
	  Index Cond: ((id >= 5998842) AND (id <= 5998942))

table 2 : explain SELECT id FROM sbtest2 WHERE id BETWEEN 5998842 AND 5998942
	Index Only Scan using sbtest2_pkey on sbtest2  (cost=0.43..6.67 rows=112 width=4)
	  Index Cond: ((id >= 5998842) AND (id <= 5998942))

table 3 : explain SELECT id FROM sbtest3 WHERE id BETWEEN 5998842 AND 5998942
	Index Only Scan using sbtest3_pkey on sbtest3  (cost=0.43..6.56 rows=106 width=4)
	  Index Cond: ((id >= 5998842) AND (id <= 5998942))

table 4 : explain SELECT id FROM sbtest4 WHERE id BETWEEN 5998842 AND 5998942
	Index Only Scan using sbtest4_pkey on sbtest4  (cost=0.43..6.61 rows=109 width=4)
	  Index Cond: ((id >= 5998842) AND (id <= 5998942))

table 5 : explain SELECT id FROM sbtest5 WHERE id BETWEEN 5998842 AND 5998942
	Index Only Scan using sbtest5_pkey on sbtest5  (cost=0.43..6.45 rows=101 width=4)
	  Index Cond: ((id >= 5998842) AND (id <= 5998942))

table 6 : explain SELECT id FROM sbtest6 WHERE id BETWEEN 5998842 AND 5998942
	Index Only Scan using sbtest6_pkey on sbtest6  (cost=0.43..6.42 rows=99 width=4)
	  Index Cond: ((id >= 5998842) AND (id <= 5998942))

table 7 : explain SELECT id FROM sbtest7 WHERE id BETWEEN 5998842 AND 5998942
	Index Only Scan using sbtest7_pkey on sbtest7  (cost=0.43..6.45 rows=101 width=4)
	  Index Cond: ((id >= 5998842) AND (id <= 5998942))

table 8 : explain SELECT id FROM sbtest8 WHERE id BETWEEN 5998842 AND 5998942
	Index Only Scan using sbtest8_pkey on sbtest8  (cost=0.43..10.28 rows=92 width=4)
	  Index Cond: ((id >= 5998842) AND (id <= 5998942))

explain: for range-covered :: explain SELECT id FROM sbtest%d WHERE id BETWEEN 5998842 AND 5998942
explain: for range-covered :: explain SELECT id FROM sbtest%d WHERE id BETWEEN 7911489 AND 7911589
for range-covered
table 1 : explain SELECT id FROM sbtest1 WHERE id BETWEEN 5754231 AND 5754331
	Index Only Scan using sbtest1_pkey on sbtest1  (cost=0.43..6.40 rows=98 width=4)
	  Index Cond: ((id >= 5754231) AND (id <= 5754331))

table 2 : explain SELECT id FROM sbtest2 WHERE id BETWEEN 5754231 AND 5754331
	Index Only Scan using sbtest2_pkey on sbtest2  (cost=0.43..6.75 rows=116 width=4)
	  Index Cond: ((id >= 5754231) AND (id <= 5754331))

table 3 : explain SELECT id FROM sbtest3 WHERE id BETWEEN 5754231 AND 5754331
	Index Only Scan using sbtest3_pkey on sbtest3  (cost=0.43..6.42 rows=99 width=4)
	  Index Cond: ((id >= 5754231) AND (id <= 5754331))

table 4 : explain SELECT id FROM sbtest4 WHERE id BETWEEN 5754231 AND 5754331
	Index Only Scan using sbtest4_pkey on sbtest4  (cost=0.43..6.35 rows=96 width=4)
	  Index Cond: ((id >= 5754231) AND (id <= 5754331))

table 5 : explain SELECT id FROM sbtest5 WHERE id BETWEEN 5754231 AND 5754331
	Index Only Scan using sbtest5_pkey on sbtest5  (cost=0.43..6.43 rows=100 width=4)
	  Index Cond: ((id >= 5754231) AND (id <= 5754331))

table 6 : explain SELECT id FROM sbtest6 WHERE id BETWEEN 5754231 AND 5754331
	Index Only Scan using sbtest6_pkey on sbtest6  (cost=0.43..6.63 rows=110 width=4)
	  Index Cond: ((id >= 5754231) AND (id <= 5754331))

table 7 : explain SELECT id FROM sbtest7 WHERE id BETWEEN 5754231 AND 5754331
	Index Only Scan using sbtest7_pkey on sbtest7  (cost=0.43..6.33 rows=95 width=4)
	  Index Cond: ((id >= 5754231) AND (id <= 5754331))

table 8 : explain SELECT id FROM sbtest8 WHERE id BETWEEN 5754231 AND 5754331
	Index Only Scan using sbtest8_pkey on sbtest8  (cost=0.43..10.51 rows=104 width=4)
	  Index Cond: ((id >= 5754231) AND (id <= 5754331))

explain: for range-covered :: explain SELECT id FROM sbtest%d WHERE id BETWEEN 5754231 AND 5754331
for range-covered
table 1 : explain SELECT id FROM sbtest1 WHERE id BETWEEN 5820029 AND 5820129
	Index Only Scan using sbtest1_pkey on sbtest1  (cost=0.43..6.50 rows=103 width=4)
	  Index Cond: ((id >= 5820029) AND (id <= 5820129))

table 2 : explain SELECT id FROM sbtest2 WHERE id BETWEEN 5820029 AND 5820129
	Index Only Scan using sbtest2_pkey on sbtest2  (cost=0.43..6.63 rows=110 width=4)
	  Index Cond: ((id >= 5820029) AND (id <= 5820129))

table 3 : explain SELECT id FROM sbtest3 WHERE id BETWEEN 5820029 AND 5820129
	Index Only Scan using sbtest3_pkey on sbtest3  (cost=0.43..6.42 rows=99 width=4)
	  Index Cond: ((id >= 5820029) AND (id <= 5820129))

table 4 : explain SELECT id FROM sbtest4 WHERE id BETWEEN 5820029 AND 5820129
	Index Only Scan using sbtest4_pkey on sbtest4  (cost=0.43..6.35 rows=96 width=4)
	  Index Cond: ((id >= 5820029) AND (id <= 5820129))

table 5 : explain SELECT id FROM sbtest5 WHERE id BETWEEN 5820029 AND 5820129
	Index Only Scan using sbtest5_pkey on sbtest5  (cost=0.43..6.56 rows=106 width=4)
	  Index Cond: ((id >= 5820029) AND (id <= 5820129))

table 6 : explain SELECT id FROM sbtest6 WHERE id BETWEEN 5820029 AND 5820129
	Index Only Scan using sbtest6_pkey on sbtest6  (cost=0.43..6.63 rows=110 width=4)
	  Index Cond: ((id >= 5820029) AND (id <= 5820129))

table 7 : explain SELECT id FROM sbtest7 WHERE id BETWEEN 5820029 AND 5820129
	Index Only Scan using sbtest7_pkey on sbtest7  (cost=0.43..6.33 rows=95 width=4)
	  Index Cond: ((id >= 5820029) AND (id <= 5820129))

table 8 : explain SELECT id FROM sbtest8 WHERE id BETWEEN 5820029 AND 5820129
	Index Only Scan using sbtest8_pkey on sbtest8  (cost=0.43..10.50 rows=103 width=4)
	  Index Cond: ((id >= 5820029) AND (id <= 5820129))

explain: for range-covered :: explain SELECT id FROM sbtest%d WHERE id BETWEEN 5561366 AND 5561466
for range-covered
table 1 : explain SELECT id FROM sbtest1 WHERE id BETWEEN 5998842 AND 5998942
	Index Only Scan using sbtest1_pkey on sbtest1  (cost=0.43..6.42 rows=99 width=4)
	  Index Cond: ((id >= 5998842) AND (id <= 5998942))

table 2 : explain SELECT id FROM sbtest2 WHERE id BETWEEN 5998842 AND 5998942
	Index Only Scan using sbtest2_pkey on sbtest2  (cost=0.43..6.67 rows=112 width=4)
	  Index Cond: ((id >= 5998842) AND (id <= 5998942))

table 3 : explain SELECT id FROM sbtest3 WHERE id BETWEEN 5998842 AND 5998942
	Index Only Scan using sbtest3_pkey on sbtest3  (cost=0.43..6.56 rows=106 width=4)
	  Index Cond: ((id >= 5998842) AND (id <= 5998942))

table 4 : explain SELECT id FROM sbtest4 WHERE id BETWEEN 5998842 AND 5998942
	Index Only Scan using sbtest4_pkey on sbtest4  (cost=0.43..6.61 rows=109 width=4)
	  Index Cond: ((id >= 5998842) AND (id <= 5998942))

table 5 : explain SELECT id FROM sbtest5 WHERE id BETWEEN 5998842 AND 5998942
	Index Only Scan using sbtest5_pkey on sbtest5  (cost=0.43..6.45 rows=101 width=4)
	  Index Cond: ((id >= 5998842) AND (id <= 5998942))

table 6 : explain SELECT id FROM sbtest6 WHERE id BETWEEN 5998842 AND 5998942
	Index Only Scan using sbtest6_pkey on sbtest6  (cost=0.43..6.42 rows=99 width=4)
	  Index Cond: ((id >= 5998842) AND (id <= 5998942))

table 7 : explain SELECT id FROM sbtest7 WHERE id BETWEEN 5998842 AND 5998942
	Index Only Scan using sbtest7_pkey on sbtest7  (cost=0.43..6.45 rows=101 width=4)
	  Index Cond: ((id >= 5998842) AND (id <= 5998942))

table 8 : explain SELECT id FROM sbtest8 WHERE id BETWEEN 5998842 AND 5998942
	Index Only Scan using sbtest8_pkey on sbtest8  (cost=0.43..10.28 rows=92 width=4)
	  Index Cond: ((id >= 5998842) AND (id <= 5998942))

for range-covered
table 1 : explain SELECT id FROM sbtest1 WHERE id BETWEEN 4470562 AND 4470662
	Index Only Scan using sbtest1_pkey on sbtest1  (cost=0.43..6.51 rows=104 width=4)
	  Index Cond: ((id >= 4470562) AND (id <= 4470662))

table 2 : explain SELECT id FROM sbtest2 WHERE id BETWEEN 4470562 AND 4470662
	Index Only Scan using sbtest2_pkey on sbtest2  (cost=0.43..6.19 rows=88 width=4)
	  Index Cond: ((id >= 4470562) AND (id <= 4470662))

table 3 : explain SELECT id FROM sbtest3 WHERE id BETWEEN 4470562 AND 4470662
	Index Only Scan using sbtest3_pkey on sbtest3  (cost=0.43..6.40 rows=98 width=4)
	  Index Cond: ((id >= 4470562) AND (id <= 4470662))

table 4 : explain SELECT id FROM sbtest4 WHERE id BETWEEN 4470562 AND 4470662
	Index Only Scan using sbtest4_pkey on sbtest4  (cost=0.43..6.69 rows=113 width=4)
	  Index Cond: ((id >= 4470562) AND (id <= 4470662))

table 5 : explain SELECT id FROM sbtest5 WHERE id BETWEEN 4470562 AND 4470662
	Index Only Scan using sbtest5_pkey on sbtest5  (cost=0.43..6.53 rows=105 width=4)
	  Index Cond: ((id >= 4470562) AND (id <= 4470662))

table 6 : explain SELECT id FROM sbtest6 WHERE id BETWEEN 4470562 AND 4470662
	Index Only Scan using sbtest6_pkey on sbtest6  (cost=0.43..6.50 rows=103 width=4)
	  Index Cond: ((id >= 4470562) AND (id <= 4470662))

table 7 : explain SELECT id FROM sbtest7 WHERE id BETWEEN 4470562 AND 4470662
	Index Only Scan using sbtest7_pkey on sbtest7  (cost=0.43..6.42 rows=99 width=4)
	  Index Cond: ((id >= 4470562) AND (id <= 4470662))

table 8 : explain SELECT id FROM sbtest8 WHERE id BETWEEN 4470562 AND 4470662
	Index Only Scan using sbtest8_pkey on sbtest8  (cost=0.43..10.50 rows=103 width=4)
	  Index Cond: ((id >= 4470562) AND (id <= 4470662))

for range-covered
table 1 : explain SELECT id FROM sbtest1 WHERE id BETWEEN 5754231 AND 5754331
	Index Only Scan using sbtest1_pkey on sbtest1  (cost=0.43..6.40 rows=98 width=4)
	  Index Cond: ((id >= 5754231) AND (id <= 5754331))

table 2 : explain SELECT id FROM sbtest2 WHERE id BETWEEN 5754231 AND 5754331
	Index Only Scan using sbtest2_pkey on sbtest2  (cost=0.43..6.75 rows=116 width=4)
	  Index Cond: ((id >= 5754231) AND (id <= 5754331))

table 3 : explain SELECT id FROM sbtest3 WHERE id BETWEEN 5754231 AND 5754331
	Index Only Scan using sbtest3_pkey on sbtest3  (cost=0.43..6.42 rows=99 width=4)
	  Index Cond: ((id >= 5754231) AND (id <= 5754331))

table 4 : explain SELECT id FROM sbtest4 WHERE id BETWEEN 5754231 AND 5754331
	Index Only Scan using sbtest4_pkey on sbtest4  (cost=0.43..6.35 rows=96 width=4)
	  Index Cond: ((id >= 5754231) AND (id <= 5754331))

table 5 : explain SELECT id FROM sbtest5 WHERE id BETWEEN 5754231 AND 5754331
	Index Only Scan using sbtest5_pkey on sbtest5  (cost=0.43..6.43 rows=100 width=4)
	  Index Cond: ((id >= 5754231) AND (id <= 5754331))

table 6 : explain SELECT id FROM sbtest6 WHERE id BETWEEN 5754231 AND 5754331
	Index Only Scan using sbtest6_pkey on sbtest6  (cost=0.43..6.63 rows=110 width=4)
	  Index Cond: ((id >= 5754231) AND (id <= 5754331))

table 7 : explain SELECT id FROM sbtest7 WHERE id BETWEEN 5754231 AND 5754331
	Index Only Scan using sbtest7_pkey on sbtest7  (cost=0.43..6.33 rows=95 width=4)
	  Index Cond: ((id >= 5754231) AND (id <= 5754331))

table 8 : explain SELECT id FROM sbtest8 WHERE id BETWEEN 5754231 AND 5754331
	Index Only Scan using sbtest8_pkey on sbtest8  (cost=0.43..10.51 rows=104 width=4)
	  Index Cond: ((id >= 5754231) AND (id <= 5754331))

explain: for range-covered :: explain SELECT id FROM sbtest%d WHERE id BETWEEN 5754231 AND 5754331
for range-covered
table 1 : explain SELECT id FROM sbtest1 WHERE id BETWEEN 8134821 AND 8134921
	Index Only Scan using sbtest1_pkey on sbtest1  (cost=0.43..6.58 rows=107 width=4)
	  Index Cond: ((id >= 8134821) AND (id <= 8134921))

table 2 : explain SELECT id FROM sbtest2 WHERE id BETWEEN 8134821 AND 8134921
	Index Only Scan using sbtest2_pkey on sbtest2  (cost=0.43..6.35 rows=96 width=4)
	  Index Cond: ((id >= 8134821) AND (id <= 8134921))

table 3 : explain SELECT id FROM sbtest3 WHERE id BETWEEN 8134821 AND 8134921
	Index Only Scan using sbtest3_pkey on sbtest3  (cost=0.43..6.50 rows=103 width=4)
	  Index Cond: ((id >= 8134821) AND (id <= 8134921))

table 4 : explain SELECT id FROM sbtest4 WHERE id BETWEEN 8134821 AND 8134921
	Index Only Scan using sbtest4_pkey on sbtest4  (cost=0.43..6.50 rows=103 width=4)
	  Index Cond: ((id >= 8134821) AND (id <= 8134921))

table 5 : explain SELECT id FROM sbtest5 WHERE id BETWEEN 8134821 AND 8134921
	Index Only Scan using sbtest5_pkey on sbtest5  (cost=0.43..6.56 rows=106 width=4)
	  Index Cond: ((id >= 8134821) AND (id <= 8134921))

table 6 : explain SELECT id FROM sbtest6 WHERE id BETWEEN 8134821 AND 8134921
	Index Only Scan using sbtest6_pkey on sbtest6  (cost=0.43..6.50 rows=103 width=4)
	  Index Cond: ((id >= 8134821) AND (id <= 8134921))

table 7 : explain SELECT id FROM sbtest7 WHERE id BETWEEN 8134821 AND 8134921
	Index Only Scan using sbtest7_pkey on sbtest7  (cost=0.43..6.59 rows=108 width=4)
	  Index Cond: ((id >= 8134821) AND (id <= 8134921))

table 8 : explain SELECT id FROM sbtest8 WHERE id BETWEEN 8134821 AND 8134921
	Index Only Scan using sbtest8_pkey on sbtest8  (cost=0.43..10.58 rows=107 width=4)
	  Index Cond: ((id >= 8134821) AND (id <= 8134921))

for range-covered
table 1 : explain SELECT id FROM sbtest1 WHERE id BETWEEN 5754231 AND 5754331
	Index Only Scan using sbtest1_pkey on sbtest1  (cost=0.43..6.40 rows=98 width=4)
	  Index Cond: ((id >= 5754231) AND (id <= 5754331))

table 2 : explain SELECT id FROM sbtest2 WHERE id BETWEEN 5754231 AND 5754331
	Index Only Scan using sbtest2_pkey on sbtest2  (cost=0.43..6.75 rows=116 width=4)
	  Index Cond: ((id >= 5754231) AND (id <= 5754331))

table 3 : explain SELECT id FROM sbtest3 WHERE id BETWEEN 5754231 AND 5754331
	Index Only Scan using sbtest3_pkey on sbtest3  (cost=0.43..6.42 rows=99 width=4)
	  Index Cond: ((id >= 5754231) AND (id <= 5754331))

table 4 : explain SELECT id FROM sbtest4 WHERE id BETWEEN 5754231 AND 5754331
	Index Only Scan using sbtest4_pkey on sbtest4  (cost=0.43..6.35 rows=96 width=4)
	  Index Cond: ((id >= 5754231) AND (id <= 5754331))

table 5 : explain SELECT id FROM sbtest5 WHERE id BETWEEN 5754231 AND 5754331
	Index Only Scan using sbtest5_pkey on sbtest5  (cost=0.43..6.43 rows=100 width=4)
	  Index Cond: ((id >= 5754231) AND (id <= 5754331))

table 6 : explain SELECT id FROM sbtest6 WHERE id BETWEEN 5754231 AND 5754331
	Index Only Scan using sbtest6_pkey on sbtest6  (cost=0.43..6.63 rows=110 width=4)
	  Index Cond: ((id >= 5754231) AND (id <= 5754331))

table 7 : explain SELECT id FROM sbtest7 WHERE id BETWEEN 5754231 AND 5754331
	Index Only Scan using sbtest7_pkey on sbtest7  (cost=0.43..6.33 rows=95 width=4)
	  Index Cond: ((id >= 5754231) AND (id <= 5754331))

table 8 : explain SELECT id FROM sbtest8 WHERE id BETWEEN 5754231 AND 5754331
	Index Only Scan using sbtest8_pkey on sbtest8  (cost=0.43..10.51 rows=104 width=4)
	  Index Cond: ((id >= 5754231) AND (id <= 5754331))

explain: for range-covered :: explain SELECT id FROM sbtest%d WHERE id BETWEEN 5754231 AND 5754331
for range-covered
table 1 : explain SELECT id FROM sbtest1 WHERE id BETWEEN 2982002 AND 2982102
	Index Only Scan using sbtest1_pkey on sbtest1  (cost=0.43..6.45 rows=101 width=4)
	  Index Cond: ((id >= 2982002) AND (id <= 2982102))

table 2 : explain SELECT id FROM sbtest2 WHERE id BETWEEN 2982002 AND 2982102
	Index Only Scan using sbtest2_pkey on sbtest2  (cost=0.43..6.42 rows=99 width=4)
	  Index Cond: ((id >= 2982002) AND (id <= 2982102))

table 3 : explain SELECT id FROM sbtest3 WHERE id BETWEEN 2982002 AND 2982102
	Index Only Scan using sbtest3_pkey on sbtest3  (cost=0.43..6.43 rows=100 width=4)
	  Index Cond: ((id >= 2982002) AND (id <= 2982102))

table 4 : explain SELECT id FROM sbtest4 WHERE id BETWEEN 2982002 AND 2982102
	Index Only Scan using sbtest4_pkey on sbtest4  (cost=0.43..6.42 rows=99 width=4)
	  Index Cond: ((id >= 2982002) AND (id <= 2982102))

table 5 : explain SELECT id FROM sbtest5 WHERE id BETWEEN 2982002 AND 2982102
	Index Only Scan using sbtest5_pkey on sbtest5  (cost=0.43..6.35 rows=96 width=4)
	  Index Cond: ((id >= 2982002) AND (id <= 2982102))

table 6 : explain SELECT id FROM sbtest6 WHERE id BETWEEN 2982002 AND 2982102
	Index Only Scan using sbtest6_pkey on sbtest6  (cost=0.43..6.43 rows=100 width=4)
	  Index Cond: ((id >= 2982002) AND (id <= 2982102))

table 7 : explain SELECT id FROM sbtest7 WHERE id BETWEEN 2982002 AND 2982102
	Index Only Scan using sbtest7_pkey on sbtest7  (cost=0.43..6.50 rows=103 width=4)
	  Index Cond: ((id >= 2982002) AND (id <= 2982102))

table 8 : explain SELECT id FROM sbtest8 WHERE id BETWEEN 2982002 AND 2982102
	Index Only Scan using sbtest8_pkey on sbtest8  (cost=0.43..10.33 rows=95 width=4)
	  Index Cond: ((id >= 2982002) AND (id <= 2982102))

explain: for range-covered :: explain SELECT id FROM sbtest%d WHERE id BETWEEN 2982002 AND 2982102
for range-covered
table 1 : explain SELECT id FROM sbtest1 WHERE id BETWEEN 5754231 AND 5754331
	Index Only Scan using sbtest1_pkey on sbtest1  (cost=0.43..6.40 rows=98 width=4)
	  Index Cond: ((id >= 5754231) AND (id <= 5754331))

table 2 : explain SELECT id FROM sbtest2 WHERE id BETWEEN 5754231 AND 5754331
	Index Only Scan using sbtest2_pkey on sbtest2  (cost=0.43..6.75 rows=116 width=4)
	  Index Cond: ((id >= 5754231) AND (id <= 5754331))

table 3 : explain SELECT id FROM sbtest3 WHERE id BETWEEN 5754231 AND 5754331
	Index Only Scan using sbtest3_pkey on sbtest3  (cost=0.43..6.42 rows=99 width=4)
	  Index Cond: ((id >= 5754231) AND (id <= 5754331))

table 4 : explain SELECT id FROM sbtest4 WHERE id BETWEEN 5754231 AND 5754331
	Index Only Scan using sbtest4_pkey on sbtest4  (cost=0.43..6.35 rows=96 width=4)
	  Index Cond: ((id >= 5754231) AND (id <= 5754331))

table 5 : explain SELECT id FROM sbtest5 WHERE id BETWEEN 5754231 AND 5754331
	Index Only Scan using sbtest5_pkey on sbtest5  (cost=0.43..6.43 rows=100 width=4)
	  Index Cond: ((id >= 5754231) AND (id <= 5754331))

table 6 : explain SELECT id FROM sbtest6 WHERE id BETWEEN 5754231 AND 5754331
	Index Only Scan using sbtest6_pkey on sbtest6  (cost=0.43..6.63 rows=110 width=4)
	  Index Cond: ((id >= 5754231) AND (id <= 5754331))

table 7 : explain SELECT id FROM sbtest7 WHERE id BETWEEN 5754231 AND 5754331
	Index Only Scan using sbtest7_pkey on sbtest7  (cost=0.43..6.33 rows=95 width=4)
	  Index Cond: ((id >= 5754231) AND (id <= 5754331))

table 8 : explain SELECT id FROM sbtest8 WHERE id BETWEEN 5754231 AND 5754331
	Index Only Scan using sbtest8_pkey on sbtest8  (cost=0.43..10.51 rows=104 width=4)
	  Index Cond: ((id >= 5754231) AND (id <= 5754331))

explain: for range-covered :: explain SELECT id FROM sbtest%d WHERE id BETWEEN 5754231 AND 5754331
for range-covered
table 1 : explain SELECT id FROM sbtest1 WHERE id BETWEEN 7911489 AND 7911589
	Index Only Scan using sbtest1_pkey on sbtest1  (cost=0.43..6.56 rows=106 width=4)
	  Index Cond: ((id >= 7911489) AND (id <= 7911589))

table 2 : explain SELECT id FROM sbtest2 WHERE id BETWEEN 7911489 AND 7911589
	Index Only Scan using sbtest2_pkey on sbtest2  (cost=0.43..6.37 rows=97 width=4)
	  Index Cond: ((id >= 7911489) AND (id <= 7911589))

table 3 : explain SELECT id FROM sbtest3 WHERE id BETWEEN 7911489 AND 7911589
	Index Only Scan using sbtest3_pkey on sbtest3  (cost=0.43..6.51 rows=104 width=4)
	  Index Cond: ((id >= 7911489) AND (id <= 7911589))

table 4 : explain SELECT id FROM sbtest4 WHERE id BETWEEN 7911489 AND 7911589
	Index Only Scan using sbtest4_pkey on sbtest4  (cost=0.43..6.47 rows=102 width=4)
	  Index Cond: ((id >= 7911489) AND (id <= 7911589))

table 5 : explain SELECT id FROM sbtest5 WHERE id BETWEEN 7911489 AND 7911589
	Index Only Scan using sbtest5_pkey on sbtest5  (cost=0.43..6.42 rows=99 width=4)
	  Index Cond: ((id >= 7911489) AND (id <= 7911589))

table 6 : explain SELECT id FROM sbtest6 WHERE id BETWEEN 7911489 AND 7911589
	Index Only Scan using sbtest6_pkey on sbtest6  (cost=0.43..6.50 rows=103 width=4)
	  Index Cond: ((id >= 7911489) AND (id <= 7911589))

table 7 : explain SELECT id FROM sbtest7 WHERE id BETWEEN 7911489 AND 7911589
	Index Only Scan using sbtest7_pkey on sbtest7  (cost=0.43..6.67 rows=112 width=4)
	  Index Cond: ((id >= 7911489) AND (id <= 7911589))

table 8 : explain SELECT id FROM sbtest8 WHERE id BETWEEN 7911489 AND 7911589
	Index Only Scan using sbtest8_pkey on sbtest8  (cost=0.43..10.44 rows=100 width=4)
	  Index Cond: ((id >= 7911489) AND (id <= 7911589))

explain: for range-covered :: explain SELECT id FROM sbtest%d WHERE id BETWEEN 7911489 AND 7911589
for range-covered
table 1 : explain SELECT id FROM sbtest1 WHERE id BETWEEN 2982002 AND 2982102
	Index Only Scan using sbtest1_pkey on sbtest1  (cost=0.43..6.45 rows=101 width=4)
	  Index Cond: ((id >= 2982002) AND (id <= 2982102))

table 2 : explain SELECT id FROM sbtest2 WHERE id BETWEEN 2982002 AND 2982102
	Index Only Scan using sbtest2_pkey on sbtest2  (cost=0.43..6.42 rows=99 width=4)
	  Index Cond: ((id >= 2982002) AND (id <= 2982102))

table 3 : explain SELECT id FROM sbtest3 WHERE id BETWEEN 2982002 AND 2982102
	Index Only Scan using sbtest3_pkey on sbtest3  (cost=0.43..6.43 rows=100 width=4)
	  Index Cond: ((id >= 2982002) AND (id <= 2982102))

table 4 : explain SELECT id FROM sbtest4 WHERE id BETWEEN 2982002 AND 2982102
	Index Only Scan using sbtest4_pkey on sbtest4  (cost=0.43..6.42 rows=99 width=4)
	  Index Cond: ((id >= 2982002) AND (id <= 2982102))

table 5 : explain SELECT id FROM sbtest5 WHERE id BETWEEN 2982002 AND 2982102
	Index Only Scan using sbtest5_pkey on sbtest5  (cost=0.43..6.35 rows=96 width=4)
	  Index Cond: ((id >= 2982002) AND (id <= 2982102))

table 6 : explain SELECT id FROM sbtest6 WHERE id BETWEEN 2982002 AND 2982102
	Index Only Scan using sbtest6_pkey on sbtest6  (cost=0.43..6.43 rows=100 width=4)
	  Index Cond: ((id >= 2982002) AND (id <= 2982102))

table 7 : explain SELECT id FROM sbtest7 WHERE id BETWEEN 2982002 AND 2982102
	Index Only Scan using sbtest7_pkey on sbtest7  (cost=0.43..6.50 rows=103 width=4)
	  Index Cond: ((id >= 2982002) AND (id <= 2982102))

table 8 : explain SELECT id FROM sbtest8 WHERE id BETWEEN 2982002 AND 2982102
	Index Only Scan using sbtest8_pkey on sbtest8  (cost=0.43..10.33 rows=95 width=4)
	  Index Cond: ((id >= 2982002) AND (id <= 2982102))

explain: for range-covered :: explain SELECT id FROM sbtest%d WHERE id BETWEEN 2982002 AND 2982102
for range-covered
table 1 : explain SELECT id FROM sbtest1 WHERE id BETWEEN 5561366 AND 5561466
	Index Only Scan using sbtest1_pkey on sbtest1  (cost=0.43..6.45 rows=101 width=4)
	  Index Cond: ((id >= 5561366) AND (id <= 5561466))

table 2 : explain SELECT id FROM sbtest2 WHERE id BETWEEN 5561366 AND 5561466
	Index Only Scan using sbtest2_pkey on sbtest2  (cost=0.43..6.47 rows=102 width=4)
	  Index Cond: ((id >= 5561366) AND (id <= 5561466))

table 3 : explain SELECT id FROM sbtest3 WHERE id BETWEEN 5561366 AND 5561466
	Index Only Scan using sbtest3_pkey on sbtest3  (cost=0.43..6.32 rows=94 width=4)
	  Index Cond: ((id >= 5561366) AND (id <= 5561466))

table 4 : explain SELECT id FROM sbtest4 WHERE id BETWEEN 5561366 AND 5561466
	Index Only Scan using sbtest4_pkey on sbtest4  (cost=0.43..6.40 rows=98 width=4)
	  Index Cond: ((id >= 5561366) AND (id <= 5561466))

table 5 : explain SELECT id FROM sbtest5 WHERE id BETWEEN 5561366 AND 5561466
	Index Only Scan using sbtest5_pkey on sbtest5  (cost=0.43..6.50 rows=103 width=4)
	  Index Cond: ((id >= 5561366) AND (id <= 5561466))

table 6 : explain SELECT id FROM sbtest6 WHERE id BETWEEN 5561366 AND 5561466
	Index Only Scan using sbtest6_pkey on sbtest6  (cost=0.43..6.53 rows=105 width=4)
	  Index Cond: ((id >= 5561366) AND (id <= 5561466))

table 7 : explain SELECT id FROM sbtest7 WHERE id BETWEEN 5561366 AND 5561466
	Index Only Scan using sbtest7_pkey on sbtest7  (cost=0.43..6.50 rows=103 width=4)
	  Index Cond: ((id >= 5561366) AND (id <= 5561466))

table 8 : explain SELECT id FROM sbtest8 WHERE id BETWEEN 5561366 AND 5561466
	Index Only Scan using sbtest8_pkey on sbtest8  (cost=0.43..10.44 rows=100 width=4)
	  Index Cond: ((id >= 5561366) AND (id <= 5561466))

explain: for range-covered :: explain SELECT id FROM sbtest%d WHERE id BETWEEN 5561366 AND 5561466
for range-covered
table 1 : explain SELECT id FROM sbtest1 WHERE id BETWEEN 5754231 AND 5754331
	Index Only Scan using sbtest1_pkey on sbtest1  (cost=0.43..6.40 rows=98 width=4)
	  Index Cond: ((id >= 5754231) AND (id <= 5754331))

table 2 : explain SELECT id FROM sbtest2 WHERE id BETWEEN 5754231 AND 5754331
	Index Only Scan using sbtest2_pkey on sbtest2  (cost=0.43..6.75 rows=116 width=4)
	  Index Cond: ((id >= 5754231) AND (id <= 5754331))

table 3 : explain SELECT id FROM sbtest3 WHERE id BETWEEN 5754231 AND 5754331
	Index Only Scan using sbtest3_pkey on sbtest3  (cost=0.43..6.42 rows=99 width=4)
	  Index Cond: ((id >= 5754231) AND (id <= 5754331))

table 4 : explain SELECT id FROM sbtest4 WHERE id BETWEEN 5754231 AND 5754331
	Index Only Scan using sbtest4_pkey on sbtest4  (cost=0.43..6.35 rows=96 width=4)
	  Index Cond: ((id >= 5754231) AND (id <= 5754331))

table 5 : explain SELECT id FROM sbtest5 WHERE id BETWEEN 5754231 AND 5754331
	Index Only Scan using sbtest5_pkey on sbtest5  (cost=0.43..6.43 rows=100 width=4)
	  Index Cond: ((id >= 5754231) AND (id <= 5754331))

table 6 : explain SELECT id FROM sbtest6 WHERE id BETWEEN 5754231 AND 5754331
	Index Only Scan using sbtest6_pkey on sbtest6  (cost=0.43..6.63 rows=110 width=4)
	  Index Cond: ((id >= 5754231) AND (id <= 5754331))

table 7 : explain SELECT id FROM sbtest7 WHERE id BETWEEN 5754231 AND 5754331
	Index Only Scan using sbtest7_pkey on sbtest7  (cost=0.43..6.33 rows=95 width=4)
	  Index Cond: ((id >= 5754231) AND (id <= 5754331))

table 8 : explain SELECT id FROM sbtest8 WHERE id BETWEEN 5754231 AND 5754331
	Index Only Scan using sbtest8_pkey on sbtest8  (cost=0.43..10.51 rows=104 width=4)
	  Index Cond: ((id >= 5754231) AND (id <= 5754331))

explain: for range-covered :: explain SELECT id FROM sbtest%d WHERE id BETWEEN 5754231 AND 5754331
explain: for range-covered :: explain SELECT id FROM sbtest%d WHERE id BETWEEN 6720582 AND 6720682
for range-covered
table 1 : explain SELECT id FROM sbtest1 WHERE id BETWEEN 7911489 AND 7911589
	Index Only Scan using sbtest1_pkey on sbtest1  (cost=0.43..6.56 rows=106 width=4)
	  Index Cond: ((id >= 7911489) AND (id <= 7911589))

table 2 : explain SELECT id FROM sbtest2 WHERE id BETWEEN 7911489 AND 7911589
	Index Only Scan using sbtest2_pkey on sbtest2  (cost=0.43..6.37 rows=97 width=4)
	  Index Cond: ((id >= 7911489) AND (id <= 7911589))

table 3 : explain SELECT id FROM sbtest3 WHERE id BETWEEN 7911489 AND 7911589
	Index Only Scan using sbtest3_pkey on sbtest3  (cost=0.43..6.51 rows=104 width=4)
	  Index Cond: ((id >= 7911489) AND (id <= 7911589))

table 4 : explain SELECT id FROM sbtest4 WHERE id BETWEEN 7911489 AND 7911589
	Index Only Scan using sbtest4_pkey on sbtest4  (cost=0.43..6.47 rows=102 width=4)
	  Index Cond: ((id >= 7911489) AND (id <= 7911589))

table 5 : explain SELECT id FROM sbtest5 WHERE id BETWEEN 7911489 AND 7911589
	Index Only Scan using sbtest5_pkey on sbtest5  (cost=0.43..6.42 rows=99 width=4)
	  Index Cond: ((id >= 7911489) AND (id <= 7911589))

table 6 : explain SELECT id FROM sbtest6 WHERE id BETWEEN 7911489 AND 7911589
	Index Only Scan using sbtest6_pkey on sbtest6  (cost=0.43..6.50 rows=103 width=4)
	  Index Cond: ((id >= 7911489) AND (id <= 7911589))

table 7 : explain SELECT id FROM sbtest7 WHERE id BETWEEN 7911489 AND 7911589
	Index Only Scan using sbtest7_pkey on sbtest7  (cost=0.43..6.67 rows=112 width=4)
	  Index Cond: ((id >= 7911489) AND (id <= 7911589))

table 8 : explain SELECT id FROM sbtest8 WHERE id BETWEEN 7911489 AND 7911589
	Index Only Scan using sbtest8_pkey on sbtest8  (cost=0.43..10.44 rows=100 width=4)
	  Index Cond: ((id >= 7911489) AND (id <= 7911589))

explain: for range-covered :: explain SELECT id FROM sbtest%d WHERE id BETWEEN 7911489 AND 7911589
for range-covered
table 1 : explain SELECT id FROM sbtest1 WHERE id BETWEEN 5561366 AND 5561466
	Index Only Scan using sbtest1_pkey on sbtest1  (cost=0.43..6.45 rows=101 width=4)
	  Index Cond: ((id >= 5561366) AND (id <= 5561466))

table 2 : explain SELECT id FROM sbtest2 WHERE id BETWEEN 5561366 AND 5561466
	Index Only Scan using sbtest2_pkey on sbtest2  (cost=0.43..6.47 rows=102 width=4)
	  Index Cond: ((id >= 5561366) AND (id <= 5561466))

table 3 : explain SELECT id FROM sbtest3 WHERE id BETWEEN 5561366 AND 5561466
	Index Only Scan using sbtest3_pkey on sbtest3  (cost=0.43..6.32 rows=94 width=4)
	  Index Cond: ((id >= 5561366) AND (id <= 5561466))

table 4 : explain SELECT id FROM sbtest4 WHERE id BETWEEN 5561366 AND 5561466
	Index Only Scan using sbtest4_pkey on sbtest4  (cost=0.43..6.40 rows=98 width=4)
	  Index Cond: ((id >= 5561366) AND (id <= 5561466))

table 5 : explain SELECT id FROM sbtest5 WHERE id BETWEEN 5561366 AND 5561466
	Index Only Scan using sbtest5_pkey on sbtest5  (cost=0.43..6.50 rows=103 width=4)
	  Index Cond: ((id >= 5561366) AND (id <= 5561466))

table 6 : explain SELECT id FROM sbtest6 WHERE id BETWEEN 5561366 AND 5561466
	Index Only Scan using sbtest6_pkey on sbtest6  (cost=0.43..6.53 rows=105 width=4)
	  Index Cond: ((id >= 5561366) AND (id <= 5561466))

table 7 : explain SELECT id FROM sbtest7 WHERE id BETWEEN 5561366 AND 5561466
	Index Only Scan using sbtest7_pkey on sbtest7  (cost=0.43..6.50 rows=103 width=4)
	  Index Cond: ((id >= 5561366) AND (id <= 5561466))

table 8 : explain SELECT id FROM sbtest8 WHERE id BETWEEN 5561366 AND 5561466
	Index Only Scan using sbtest8_pkey on sbtest8  (cost=0.43..10.44 rows=100 width=4)
	  Index Cond: ((id >= 5561366) AND (id <= 5561466))

explain: for range-covered :: explain SELECT id FROM sbtest%d WHERE id BETWEEN 5561366 AND 5561466
for range-covered
table 1 : explain SELECT id FROM sbtest1 WHERE id BETWEEN 2982002 AND 2982102
	Index Only Scan using sbtest1_pkey on sbtest1  (cost=0.43..6.45 rows=101 width=4)
	  Index Cond: ((id >= 2982002) AND (id <= 2982102))

table 2 : explain SELECT id FROM sbtest2 WHERE id BETWEEN 2982002 AND 2982102
	Index Only Scan using sbtest2_pkey on sbtest2  (cost=0.43..6.42 rows=99 width=4)
	  Index Cond: ((id >= 2982002) AND (id <= 2982102))

table 3 : explain SELECT id FROM sbtest3 WHERE id BETWEEN 2982002 AND 2982102
	Index Only Scan using sbtest3_pkey on sbtest3  (cost=0.43..6.43 rows=100 width=4)
	  Index Cond: ((id >= 2982002) AND (id <= 2982102))

table 4 : explain SELECT id FROM sbtest4 WHERE id BETWEEN 2982002 AND 2982102
	Index Only Scan using sbtest4_pkey on sbtest4  (cost=0.43..6.42 rows=99 width=4)
	  Index Cond: ((id >= 2982002) AND (id <= 2982102))

table 5 : explain SELECT id FROM sbtest5 WHERE id BETWEEN 2982002 AND 2982102
	Index Only Scan using sbtest5_pkey on sbtest5  (cost=0.43..6.35 rows=96 width=4)
	  Index Cond: ((id >= 2982002) AND (id <= 2982102))

table 6 : explain SELECT id FROM sbtest6 WHERE id BETWEEN 2982002 AND 2982102
	Index Only Scan using sbtest6_pkey on sbtest6  (cost=0.43..6.43 rows=100 width=4)
	  Index Cond: ((id >= 2982002) AND (id <= 2982102))

table 7 : explain SELECT id FROM sbtest7 WHERE id BETWEEN 2982002 AND 2982102
	Index Only Scan using sbtest7_pkey on sbtest7  (cost=0.43..6.50 rows=103 width=4)
	  Index Cond: ((id >= 2982002) AND (id <= 2982102))

table 8 : explain SELECT id FROM sbtest8 WHERE id BETWEEN 2982002 AND 2982102
	Index Only Scan using sbtest8_pkey on sbtest8  (cost=0.43..10.33 rows=95 width=4)
	  Index Cond: ((id >= 2982002) AND (id <= 2982102))

for range-covered
table 1 : explain SELECT id FROM sbtest1 WHERE id BETWEEN 5754231 AND 5754331
	Index Only Scan using sbtest1_pkey on sbtest1  (cost=0.43..6.40 rows=98 width=4)
	  Index Cond: ((id >= 5754231) AND (id <= 5754331))

table 2 : explain SELECT id FROM sbtest2 WHERE id BETWEEN 5754231 AND 5754331
	Index Only Scan using sbtest2_pkey on sbtest2  (cost=0.43..6.75 rows=116 width=4)
	  Index Cond: ((id >= 5754231) AND (id <= 5754331))

table 3 : explain SELECT id FROM sbtest3 WHERE id BETWEEN 5754231 AND 5754331
	Index Only Scan using sbtest3_pkey on sbtest3  (cost=0.43..6.42 rows=99 width=4)
	  Index Cond: ((id >= 5754231) AND (id <= 5754331))

table 4 : explain SELECT id FROM sbtest4 WHERE id BETWEEN 5754231 AND 5754331
	Index Only Scan using sbtest4_pkey on sbtest4  (cost=0.43..6.35 rows=96 width=4)
	  Index Cond: ((id >= 5754231) AND (id <= 5754331))

table 5 : explain SELECT id FROM sbtest5 WHERE id BETWEEN 5754231 AND 5754331
	Index Only Scan using sbtest5_pkey on sbtest5  (cost=0.43..6.43 rows=100 width=4)
	  Index Cond: ((id >= 5754231) AND (id <= 5754331))

table 6 : explain SELECT id FROM sbtest6 WHERE id BETWEEN 5754231 AND 5754331
	Index Only Scan using sbtest6_pkey on sbtest6  (cost=0.43..6.63 rows=110 width=4)
	  Index Cond: ((id >= 5754231) AND (id <= 5754331))

table 7 : explain SELECT id FROM sbtest7 WHERE id BETWEEN 5754231 AND 5754331
	Index Only Scan using sbtest7_pkey on sbtest7  (cost=0.43..6.33 rows=95 width=4)
	  Index Cond: ((id >= 5754231) AND (id <= 5754331))

table 8 : explain SELECT id FROM sbtest8 WHERE id BETWEEN 5754231 AND 5754331
	Index Only Scan using sbtest8_pkey on sbtest8  (cost=0.43..10.51 rows=104 width=4)
	  Index Cond: ((id >= 5754231) AND (id <= 5754331))

explain: for range-covered :: explain SELECT id FROM sbtest%d WHERE id BETWEEN 2982002 AND 2982102
explain: for range-covered :: explain SELECT id FROM sbtest%d WHERE id BETWEEN 5754231 AND 5754331
for range-covered
table 1 : explain SELECT id FROM sbtest1 WHERE id BETWEEN 7911489 AND 7911589
	Index Only Scan using sbtest1_pkey on sbtest1  (cost=0.43..6.56 rows=106 width=4)
	  Index Cond: ((id >= 7911489) AND (id <= 7911589))

table 2 : explain SELECT id FROM sbtest2 WHERE id BETWEEN 7911489 AND 7911589
	Index Only Scan using sbtest2_pkey on sbtest2  (cost=0.43..6.37 rows=97 width=4)
	  Index Cond: ((id >= 7911489) AND (id <= 7911589))

table 3 : explain SELECT id FROM sbtest3 WHERE id BETWEEN 7911489 AND 7911589
	Index Only Scan using sbtest3_pkey on sbtest3  (cost=0.43..6.51 rows=104 width=4)
	  Index Cond: ((id >= 7911489) AND (id <= 7911589))

table 4 : explain SELECT id FROM sbtest4 WHERE id BETWEEN 7911489 AND 7911589
	Index Only Scan using sbtest4_pkey on sbtest4  (cost=0.43..6.47 rows=102 width=4)
	  Index Cond: ((id >= 7911489) AND (id <= 7911589))

table 5 : explain SELECT id FROM sbtest5 WHERE id BETWEEN 7911489 AND 7911589
	Index Only Scan using sbtest5_pkey on sbtest5  (cost=0.43..6.42 rows=99 width=4)
	  Index Cond: ((id >= 7911489) AND (id <= 7911589))

table 6 : explain SELECT id FROM sbtest6 WHERE id BETWEEN 7911489 AND 7911589
	Index Only Scan using sbtest6_pkey on sbtest6  (cost=0.43..6.50 rows=103 width=4)
	  Index Cond: ((id >= 7911489) AND (id <= 7911589))

table 7 : explain SELECT id FROM sbtest7 WHERE id BETWEEN 7911489 AND 7911589
	Index Only Scan using sbtest7_pkey on sbtest7  (cost=0.43..6.67 rows=112 width=4)
	  Index Cond: ((id >= 7911489) AND (id <= 7911589))

table 8 : explain SELECT id FROM sbtest8 WHERE id BETWEEN 7911489 AND 7911589
	Index Only Scan using sbtest8_pkey on sbtest8  (cost=0.43..10.44 rows=100 width=4)
	  Index Cond: ((id >= 7911489) AND (id <= 7911589))

explain: for range-covered :: explain SELECT id FROM sbtest%d WHERE id BETWEEN 7911489 AND 7911589
explain: for range-covered :: explain SELECT id FROM sbtest%d WHERE id BETWEEN 5027813 AND 5027913
for range-covered
table 1 : explain SELECT id FROM sbtest1 WHERE id BETWEEN 5561366 AND 5561466
	Index Only Scan using sbtest1_pkey on sbtest1  (cost=0.43..6.45 rows=101 width=4)
	  Index Cond: ((id >= 5561366) AND (id <= 5561466))

table 2 : explain SELECT id FROM sbtest2 WHERE id BETWEEN 5561366 AND 5561466
	Index Only Scan using sbtest2_pkey on sbtest2  (cost=0.43..6.47 rows=102 width=4)
	  Index Cond: ((id >= 5561366) AND (id <= 5561466))

table 3 : explain SELECT id FROM sbtest3 WHERE id BETWEEN 5561366 AND 5561466
	Index Only Scan using sbtest3_pkey on sbtest3  (cost=0.43..6.32 rows=94 width=4)
	  Index Cond: ((id >= 5561366) AND (id <= 5561466))

table 4 : explain SELECT id FROM sbtest4 WHERE id BETWEEN 5561366 AND 5561466
	Index Only Scan using sbtest4_pkey on sbtest4  (cost=0.43..6.40 rows=98 width=4)
	  Index Cond: ((id >= 5561366) AND (id <= 5561466))

table 5 : explain SELECT id FROM sbtest5 WHERE id BETWEEN 5561366 AND 5561466
	Index Only Scan using sbtest5_pkey on sbtest5  (cost=0.43..6.50 rows=103 width=4)
	  Index Cond: ((id >= 5561366) AND (id <= 5561466))

table 6 : explain SELECT id FROM sbtest6 WHERE id BETWEEN 5561366 AND 5561466
	Index Only Scan using sbtest6_pkey on sbtest6  (cost=0.43..6.53 rows=105 width=4)
	  Index Cond: ((id >= 5561366) AND (id <= 5561466))

table 7 : explain SELECT id FROM sbtest7 WHERE id BETWEEN 5561366 AND 5561466
	Index Only Scan using sbtest7_pkey on sbtest7  (cost=0.43..6.50 rows=103 width=4)
	  Index Cond: ((id >= 5561366) AND (id <= 5561466))

table 8 : explain SELECT id FROM sbtest8 WHERE id BETWEEN 5561366 AND 5561466
	Index Only Scan using sbtest8_pkey on sbtest8  (cost=0.43..10.44 rows=100 width=4)
	  Index Cond: ((id >= 5561366) AND (id <= 5561466))

explain: for range-covered :: explain SELECT id FROM sbtest%d WHERE id BETWEEN 5561366 AND 5561466
for range-covered
table 1 : explain SELECT id FROM sbtest1 WHERE id BETWEEN 2982002 AND 2982102
	Index Only Scan using sbtest1_pkey on sbtest1  (cost=0.43..6.45 rows=101 width=4)
	  Index Cond: ((id >= 2982002) AND (id <= 2982102))

table 2 : explain SELECT id FROM sbtest2 WHERE id BETWEEN 2982002 AND 2982102
	Index Only Scan using sbtest2_pkey on sbtest2  (cost=0.43..6.42 rows=99 width=4)
	  Index Cond: ((id >= 2982002) AND (id <= 2982102))

table 3 : explain SELECT id FROM sbtest3 WHERE id BETWEEN 2982002 AND 2982102
	Index Only Scan using sbtest3_pkey on sbtest3  (cost=0.43..6.43 rows=100 width=4)
	  Index Cond: ((id >= 2982002) AND (id <= 2982102))

table 4 : explain SELECT id FROM sbtest4 WHERE id BETWEEN 2982002 AND 2982102
	Index Only Scan using sbtest4_pkey on sbtest4  (cost=0.43..6.42 rows=99 width=4)
	  Index Cond: ((id >= 2982002) AND (id <= 2982102))

table 5 : explain SELECT id FROM sbtest5 WHERE id BETWEEN 2982002 AND 2982102
	Index Only Scan using sbtest5_pkey on sbtest5  (cost=0.43..6.35 rows=96 width=4)
	  Index Cond: ((id >= 2982002) AND (id <= 2982102))

table 6 : explain SELECT id FROM sbtest6 WHERE id BETWEEN 2982002 AND 2982102
	Index Only Scan using sbtest6_pkey on sbtest6  (cost=0.43..6.43 rows=100 width=4)
	  Index Cond: ((id >= 2982002) AND (id <= 2982102))

table 7 : explain SELECT id FROM sbtest7 WHERE id BETWEEN 2982002 AND 2982102
	Index Only Scan using sbtest7_pkey on sbtest7  (cost=0.43..6.50 rows=103 width=4)
	  Index Cond: ((id >= 2982002) AND (id <= 2982102))

table 8 : explain SELECT id FROM sbtest8 WHERE id BETWEEN 2982002 AND 2982102
	Index Only Scan using sbtest8_pkey on sbtest8  (cost=0.43..10.33 rows=95 width=4)
	  Index Cond: ((id >= 2982002) AND (id <= 2982102))

explain: for range-covered :: explain SELECT id FROM sbtest%d WHERE id BETWEEN 2982002 AND 2982102
for range-covered
table 1 : explain SELECT id FROM sbtest1 WHERE id BETWEEN 5754231 AND 5754331
	Index Only Scan using sbtest1_pkey on sbtest1  (cost=0.43..6.40 rows=98 width=4)
	  Index Cond: ((id >= 5754231) AND (id <= 5754331))

table 2 : explain SELECT id FROM sbtest2 WHERE id BETWEEN 5754231 AND 5754331
	Index Only Scan using sbtest2_pkey on sbtest2  (cost=0.43..6.75 rows=116 width=4)
	  Index Cond: ((id >= 5754231) AND (id <= 5754331))

table 3 : explain SELECT id FROM sbtest3 WHERE id BETWEEN 5754231 AND 5754331
	Index Only Scan using sbtest3_pkey on sbtest3  (cost=0.43..6.42 rows=99 width=4)
	  Index Cond: ((id >= 5754231) AND (id <= 5754331))

table 4 : explain SELECT id FROM sbtest4 WHERE id BETWEEN 5754231 AND 5754331
	Index Only Scan using sbtest4_pkey on sbtest4  (cost=0.43..6.35 rows=96 width=4)
	  Index Cond: ((id >= 5754231) AND (id <= 5754331))

table 5 : explain SELECT id FROM sbtest5 WHERE id BETWEEN 5754231 AND 5754331
	Index Only Scan using sbtest5_pkey on sbtest5  (cost=0.43..6.43 rows=100 width=4)
	  Index Cond: ((id >= 5754231) AND (id <= 5754331))

table 6 : explain SELECT id FROM sbtest6 WHERE id BETWEEN 5754231 AND 5754331
	Index Only Scan using sbtest6_pkey on sbtest6  (cost=0.43..6.63 rows=110 width=4)
	  Index Cond: ((id >= 5754231) AND (id <= 5754331))

table 7 : explain SELECT id FROM sbtest7 WHERE id BETWEEN 5754231 AND 5754331
	Index Only Scan using sbtest7_pkey on sbtest7  (cost=0.43..6.33 rows=95 width=4)
	  Index Cond: ((id >= 5754231) AND (id <= 5754331))

table 8 : explain SELECT id FROM sbtest8 WHERE id BETWEEN 5754231 AND 5754331
	Index Only Scan using sbtest8_pkey on sbtest8  (cost=0.43..10.51 rows=104 width=4)
	  Index Cond: ((id >= 5754231) AND (id <= 5754331))

explain: for range-covered :: explain SELECT id FROM sbtest%d WHERE id BETWEEN 4146363 AND 4146463
for range-covered
table 1 : explain SELECT id FROM sbtest1 WHERE id BETWEEN 7911489 AND 7911589
	Index Only Scan using sbtest1_pkey on sbtest1  (cost=0.43..6.56 rows=106 width=4)
	  Index Cond: ((id >= 7911489) AND (id <= 7911589))

table 2 : explain SELECT id FROM sbtest2 WHERE id BETWEEN 7911489 AND 7911589
	Index Only Scan using sbtest2_pkey on sbtest2  (cost=0.43..6.37 rows=97 width=4)
	  Index Cond: ((id >= 7911489) AND (id <= 7911589))

table 3 : explain SELECT id FROM sbtest3 WHERE id BETWEEN 7911489 AND 7911589
	Index Only Scan using sbtest3_pkey on sbtest3  (cost=0.43..6.51 rows=104 width=4)
	  Index Cond: ((id >= 7911489) AND (id <= 7911589))

table 4 : explain SELECT id FROM sbtest4 WHERE id BETWEEN 7911489 AND 7911589
	Index Only Scan using sbtest4_pkey on sbtest4  (cost=0.43..6.47 rows=102 width=4)
	  Index Cond: ((id >= 7911489) AND (id <= 7911589))

table 5 : explain SELECT id FROM sbtest5 WHERE id BETWEEN 7911489 AND 7911589
	Index Only Scan using sbtest5_pkey on sbtest5  (cost=0.43..6.42 rows=99 width=4)
	  Index Cond: ((id >= 7911489) AND (id <= 7911589))

table 6 : explain SELECT id FROM sbtest6 WHERE id BETWEEN 7911489 AND 7911589
	Index Only Scan using sbtest6_pkey on sbtest6  (cost=0.43..6.50 rows=103 width=4)
	  Index Cond: ((id >= 7911489) AND (id <= 7911589))

table 7 : explain SELECT id FROM sbtest7 WHERE id BETWEEN 7911489 AND 7911589
	Index Only Scan using sbtest7_pkey on sbtest7  (cost=0.43..6.67 rows=112 width=4)
	  Index Cond: ((id >= 7911489) AND (id <= 7911589))

table 8 : explain SELECT id FROM sbtest8 WHERE id BETWEEN 7911489 AND 7911589
	Index Only Scan using sbtest8_pkey on sbtest8  (cost=0.43..10.44 rows=100 width=4)
	  Index Cond: ((id >= 7911489) AND (id <= 7911589))

explain: for range-covered :: explain SELECT id FROM sbtest%d WHERE id BETWEEN 7911489 AND 7911589
for range-covered
table 1 : explain SELECT id FROM sbtest1 WHERE id BETWEEN 5561366 AND 5561466
	Index Only Scan using sbtest1_pkey on sbtest1  (cost=0.43..6.45 rows=101 width=4)
	  Index Cond: ((id >= 5561366) AND (id <= 5561466))

table 2 : explain SELECT id FROM sbtest2 WHERE id BETWEEN 5561366 AND 5561466
	Index Only Scan using sbtest2_pkey on sbtest2  (cost=0.43..6.47 rows=102 width=4)
	  Index Cond: ((id >= 5561366) AND (id <= 5561466))

table 3 : explain SELECT id FROM sbtest3 WHERE id BETWEEN 5561366 AND 5561466
	Index Only Scan using sbtest3_pkey on sbtest3  (cost=0.43..6.32 rows=94 width=4)
	  Index Cond: ((id >= 5561366) AND (id <= 5561466))

table 4 : explain SELECT id FROM sbtest4 WHERE id BETWEEN 5561366 AND 5561466
	Index Only Scan using sbtest4_pkey on sbtest4  (cost=0.43..6.40 rows=98 width=4)
	  Index Cond: ((id >= 5561366) AND (id <= 5561466))

table 5 : explain SELECT id FROM sbtest5 WHERE id BETWEEN 5561366 AND 5561466
	Index Only Scan using sbtest5_pkey on sbtest5  (cost=0.43..6.50 rows=103 width=4)
	  Index Cond: ((id >= 5561366) AND (id <= 5561466))

table 6 : explain SELECT id FROM sbtest6 WHERE id BETWEEN 5561366 AND 5561466
	Index Only Scan using sbtest6_pkey on sbtest6  (cost=0.43..6.53 rows=105 width=4)
	  Index Cond: ((id >= 5561366) AND (id <= 5561466))

table 7 : explain SELECT id FROM sbtest7 WHERE id BETWEEN 5561366 AND 5561466
	Index Only Scan using sbtest7_pkey on sbtest7  (cost=0.43..6.50 rows=103 width=4)
	  Index Cond: ((id >= 5561366) AND (id <= 5561466))

table 8 : explain SELECT id FROM sbtest8 WHERE id BETWEEN 5561366 AND 5561466
	Index Only Scan using sbtest8_pkey on sbtest8  (cost=0.43..10.44 rows=100 width=4)
	  Index Cond: ((id >= 5561366) AND (id <= 5561466))

explain: for range-covered :: explain SELECT id FROM sbtest%d WHERE id BETWEEN 5561366 AND 5561466
for range-covered
table 1 : explain SELECT id FROM sbtest1 WHERE id BETWEEN 2982002 AND 2982102
	Index Only Scan using sbtest1_pkey on sbtest1  (cost=0.43..6.45 rows=101 width=4)
	  Index Cond: ((id >= 2982002) AND (id <= 2982102))

table 2 : explain SELECT id FROM sbtest2 WHERE id BETWEEN 2982002 AND 2982102
	Index Only Scan using sbtest2_pkey on sbtest2  (cost=0.43..6.42 rows=99 width=4)
	  Index Cond: ((id >= 2982002) AND (id <= 2982102))

table 3 : explain SELECT id FROM sbtest3 WHERE id BETWEEN 2982002 AND 2982102
	Index Only Scan using sbtest3_pkey on sbtest3  (cost=0.43..6.43 rows=100 width=4)
	  Index Cond: ((id >= 2982002) AND (id <= 2982102))

table 4 : explain SELECT id FROM sbtest4 WHERE id BETWEEN 2982002 AND 2982102
	Index Only Scan using sbtest4_pkey on sbtest4  (cost=0.43..6.42 rows=99 width=4)
	  Index Cond: ((id >= 2982002) AND (id <= 2982102))

table 5 : explain SELECT id FROM sbtest5 WHERE id BETWEEN 2982002 AND 2982102
	Index Only Scan using sbtest5_pkey on sbtest5  (cost=0.43..6.35 rows=96 width=4)
	  Index Cond: ((id >= 2982002) AND (id <= 2982102))

table 6 : explain SELECT id FROM sbtest6 WHERE id BETWEEN 2982002 AND 2982102
	Index Only Scan using sbtest6_pkey on sbtest6  (cost=0.43..6.43 rows=100 width=4)
	  Index Cond: ((id >= 2982002) AND (id <= 2982102))

table 7 : explain SELECT id FROM sbtest7 WHERE id BETWEEN 2982002 AND 2982102
	Index Only Scan using sbtest7_pkey on sbtest7  (cost=0.43..6.50 rows=103 width=4)
	  Index Cond: ((id >= 2982002) AND (id <= 2982102))

table 8 : explain SELECT id FROM sbtest8 WHERE id BETWEEN 2982002 AND 2982102
	Index Only Scan using sbtest8_pkey on sbtest8  (cost=0.43..10.33 rows=95 width=4)
	  Index Cond: ((id >= 2982002) AND (id <= 2982102))

explain: for range-covered :: explain SELECT id FROM sbtest%d WHERE id BETWEEN 2982002 AND 2982102
for range-covered
table 1 : explain SELECT id FROM sbtest1 WHERE id BETWEEN 7911489 AND 7911589
	Index Only Scan using sbtest1_pkey on sbtest1  (cost=0.43..6.56 rows=106 width=4)
	  Index Cond: ((id >= 7911489) AND (id <= 7911589))

table 2 : explain SELECT id FROM sbtest2 WHERE id BETWEEN 7911489 AND 7911589
	Index Only Scan using sbtest2_pkey on sbtest2  (cost=0.43..6.37 rows=97 width=4)
	  Index Cond: ((id >= 7911489) AND (id <= 7911589))

table 3 : explain SELECT id FROM sbtest3 WHERE id BETWEEN 7911489 AND 7911589
	Index Only Scan using sbtest3_pkey on sbtest3  (cost=0.43..6.51 rows=104 width=4)
	  Index Cond: ((id >= 7911489) AND (id <= 7911589))

table 4 : explain SELECT id FROM sbtest4 WHERE id BETWEEN 7911489 AND 7911589
	Index Only Scan using sbtest4_pkey on sbtest4  (cost=0.43..6.47 rows=102 width=4)
	  Index Cond: ((id >= 7911489) AND (id <= 7911589))

table 5 : explain SELECT id FROM sbtest5 WHERE id BETWEEN 7911489 AND 7911589
	Index Only Scan using sbtest5_pkey on sbtest5  (cost=0.43..6.42 rows=99 width=4)
	  Index Cond: ((id >= 7911489) AND (id <= 7911589))

table 6 : explain SELECT id FROM sbtest6 WHERE id BETWEEN 7911489 AND 7911589
	Index Only Scan using sbtest6_pkey on sbtest6  (cost=0.43..6.50 rows=103 width=4)
	  Index Cond: ((id >= 7911489) AND (id <= 7911589))

table 7 : explain SELECT id FROM sbtest7 WHERE id BETWEEN 7911489 AND 7911589
	Index Only Scan using sbtest7_pkey on sbtest7  (cost=0.43..6.67 rows=112 width=4)
	  Index Cond: ((id >= 7911489) AND (id <= 7911589))

table 8 : explain SELECT id FROM sbtest8 WHERE id BETWEEN 7911489 AND 7911589
	Index Only Scan using sbtest8_pkey on sbtest8  (cost=0.43..10.44 rows=100 width=4)
	  Index Cond: ((id >= 7911489) AND (id <= 7911589))

explain: for range-covered :: explain SELECT id FROM sbtest%d WHERE id BETWEEN 7911489 AND 7911589
explain: for range-covered :: explain SELECT id FROM sbtest%d WHERE id BETWEEN 2073637 AND 2073737
for range-covered
table 1 : explain SELECT id FROM sbtest1 WHERE id BETWEEN 6720582 AND 6720682
	Index Only Scan using sbtest1_pkey on sbtest1  (cost=0.43..6.42 rows=99 width=4)
	  Index Cond: ((id >= 6720582) AND (id <= 6720682))

table 2 : explain SELECT id FROM sbtest2 WHERE id BETWEEN 6720582 AND 6720682
	Index Only Scan using sbtest2_pkey on sbtest2  (cost=0.43..6.47 rows=102 width=4)
	  Index Cond: ((id >= 6720582) AND (id <= 6720682))

table 3 : explain SELECT id FROM sbtest3 WHERE id BETWEEN 6720582 AND 6720682
	Index Only Scan using sbtest3_pkey on sbtest3  (cost=0.43..6.63 rows=110 width=4)
	  Index Cond: ((id >= 6720582) AND (id <= 6720682))

table 4 : explain SELECT id FROM sbtest4 WHERE id BETWEEN 6720582 AND 6720682
	Index Only Scan using sbtest4_pkey on sbtest4  (cost=0.43..6.47 rows=102 width=4)
	  Index Cond: ((id >= 6720582) AND (id <= 6720682))

table 5 : explain SELECT id FROM sbtest5 WHERE id BETWEEN 6720582 AND 6720682
	Index Only Scan using sbtest5_pkey on sbtest5  (cost=0.43..6.45 rows=101 width=4)
	  Index Cond: ((id >= 6720582) AND (id <= 6720682))

table 6 : explain SELECT id FROM sbtest6 WHERE id BETWEEN 6720582 AND 6720682
	Index Only Scan using sbtest6_pkey on sbtest6  (cost=0.43..6.51 rows=104 width=4)
	  Index Cond: ((id >= 6720582) AND (id <= 6720682))

table 7 : explain SELECT id FROM sbtest7 WHERE id BETWEEN 6720582 AND 6720682
	Index Only Scan using sbtest7_pkey on sbtest7  (cost=0.43..6.51 rows=104 width=4)
	  Index Cond: ((id >= 6720582) AND (id <= 6720682))

table 8 : explain SELECT id FROM sbtest8 WHERE id BETWEEN 6720582 AND 6720682
	Index Only Scan using sbtest8_pkey on sbtest8  (cost=0.43..10.33 rows=95 width=4)
	  Index Cond: ((id >= 6720582) AND (id <= 6720682))

for range-covered
table 1 : explain SELECT id FROM sbtest1 WHERE id BETWEEN 5561366 AND 5561466
	Index Only Scan using sbtest1_pkey on sbtest1  (cost=0.43..6.45 rows=101 width=4)
	  Index Cond: ((id >= 5561366) AND (id <= 5561466))

table 2 : explain SELECT id FROM sbtest2 WHERE id BETWEEN 5561366 AND 5561466
	Index Only Scan using sbtest2_pkey on sbtest2  (cost=0.43..6.47 rows=102 width=4)
	  Index Cond: ((id >= 5561366) AND (id <= 5561466))

table 3 : explain SELECT id FROM sbtest3 WHERE id BETWEEN 5561366 AND 5561466
	Index Only Scan using sbtest3_pkey on sbtest3  (cost=0.43..6.32 rows=94 width=4)
	  Index Cond: ((id >= 5561366) AND (id <= 5561466))

table 4 : explain SELECT id FROM sbtest4 WHERE id BETWEEN 5561366 AND 5561466
	Index Only Scan using sbtest4_pkey on sbtest4  (cost=0.43..6.40 rows=98 width=4)
	  Index Cond: ((id >= 5561366) AND (id <= 5561466))

table 5 : explain SELECT id FROM sbtest5 WHERE id BETWEEN 5561366 AND 5561466
	Index Only Scan using sbtest5_pkey on sbtest5  (cost=0.43..6.50 rows=103 width=4)
	  Index Cond: ((id >= 5561366) AND (id <= 5561466))

table 6 : explain SELECT id FROM sbtest6 WHERE id BETWEEN 5561366 AND 5561466
	Index Only Scan using sbtest6_pkey on sbtest6  (cost=0.43..6.53 rows=105 width=4)
	  Index Cond: ((id >= 5561366) AND (id <= 5561466))

table 7 : explain SELECT id FROM sbtest7 WHERE id BETWEEN 5561366 AND 5561466
	Index Only Scan using sbtest7_pkey on sbtest7  (cost=0.43..6.50 rows=103 width=4)
	  Index Cond: ((id >= 5561366) AND (id <= 5561466))

table 8 : explain SELECT id FROM sbtest8 WHERE id BETWEEN 5561366 AND 5561466
	Index Only Scan using sbtest8_pkey on sbtest8  (cost=0.43..10.44 rows=100 width=4)
	  Index Cond: ((id >= 5561366) AND (id <= 5561466))

explain: for range-covered :: explain SELECT id FROM sbtest%d WHERE id BETWEEN 6720582 AND 6720682
explain: for range-covered :: explain SELECT id FROM sbtest%d WHERE id BETWEEN 5561366 AND 5561466
for range-covered
table 1 : explain SELECT id FROM sbtest1 WHERE id BETWEEN 2982002 AND 2982102
	Index Only Scan using sbtest1_pkey on sbtest1  (cost=0.43..6.45 rows=101 width=4)
	  Index Cond: ((id >= 2982002) AND (id <= 2982102))

table 2 : explain SELECT id FROM sbtest2 WHERE id BETWEEN 2982002 AND 2982102
	Index Only Scan using sbtest2_pkey on sbtest2  (cost=0.43..6.42 rows=99 width=4)
	  Index Cond: ((id >= 2982002) AND (id <= 2982102))

table 3 : explain SELECT id FROM sbtest3 WHERE id BETWEEN 2982002 AND 2982102
	Index Only Scan using sbtest3_pkey on sbtest3  (cost=0.43..6.43 rows=100 width=4)
	  Index Cond: ((id >= 2982002) AND (id <= 2982102))

table 4 : explain SELECT id FROM sbtest4 WHERE id BETWEEN 2982002 AND 2982102
	Index Only Scan using sbtest4_pkey on sbtest4  (cost=0.43..6.42 rows=99 width=4)
	  Index Cond: ((id >= 2982002) AND (id <= 2982102))

table 5 : explain SELECT id FROM sbtest5 WHERE id BETWEEN 2982002 AND 2982102
	Index Only Scan using sbtest5_pkey on sbtest5  (cost=0.43..6.35 rows=96 width=4)
	  Index Cond: ((id >= 2982002) AND (id <= 2982102))

table 6 : explain SELECT id FROM sbtest6 WHERE id BETWEEN 2982002 AND 2982102
	Index Only Scan using sbtest6_pkey on sbtest6  (cost=0.43..6.43 rows=100 width=4)
	  Index Cond: ((id >= 2982002) AND (id <= 2982102))

table 7 : explain SELECT id FROM sbtest7 WHERE id BETWEEN 2982002 AND 2982102
	Index Only Scan using sbtest7_pkey on sbtest7  (cost=0.43..6.50 rows=103 width=4)
	  Index Cond: ((id >= 2982002) AND (id <= 2982102))

table 8 : explain SELECT id FROM sbtest8 WHERE id BETWEEN 2982002 AND 2982102
	Index Only Scan using sbtest8_pkey on sbtest8  (cost=0.43..10.33 rows=95 width=4)
	  Index Cond: ((id >= 2982002) AND (id <= 2982102))

explain: for range-covered :: explain SELECT id FROM sbtest%d WHERE id BETWEEN 2982002 AND 2982102
for range-covered
table 1 : explain SELECT id FROM sbtest1 WHERE id BETWEEN 7911489 AND 7911589
	Index Only Scan using sbtest1_pkey on sbtest1  (cost=0.43..6.56 rows=106 width=4)
	  Index Cond: ((id >= 7911489) AND (id <= 7911589))

table 2 : explain SELECT id FROM sbtest2 WHERE id BETWEEN 7911489 AND 7911589
	Index Only Scan using sbtest2_pkey on sbtest2  (cost=0.43..6.37 rows=97 width=4)
	  Index Cond: ((id >= 7911489) AND (id <= 7911589))

table 3 : explain SELECT id FROM sbtest3 WHERE id BETWEEN 7911489 AND 7911589
	Index Only Scan using sbtest3_pkey on sbtest3  (cost=0.43..6.51 rows=104 width=4)
	  Index Cond: ((id >= 7911489) AND (id <= 7911589))

table 4 : explain SELECT id FROM sbtest4 WHERE id BETWEEN 7911489 AND 7911589
	Index Only Scan using sbtest4_pkey on sbtest4  (cost=0.43..6.47 rows=102 width=4)
	  Index Cond: ((id >= 7911489) AND (id <= 7911589))

table 5 : explain SELECT id FROM sbtest5 WHERE id BETWEEN 7911489 AND 7911589
	Index Only Scan using sbtest5_pkey on sbtest5  (cost=0.43..6.42 rows=99 width=4)
	  Index Cond: ((id >= 7911489) AND (id <= 7911589))

table 6 : explain SELECT id FROM sbtest6 WHERE id BETWEEN 7911489 AND 7911589
	Index Only Scan using sbtest6_pkey on sbtest6  (cost=0.43..6.50 rows=103 width=4)
	  Index Cond: ((id >= 7911489) AND (id <= 7911589))

table 7 : explain SELECT id FROM sbtest7 WHERE id BETWEEN 7911489 AND 7911589
	Index Only Scan using sbtest7_pkey on sbtest7  (cost=0.43..6.67 rows=112 width=4)
	  Index Cond: ((id >= 7911489) AND (id <= 7911589))

table 8 : explain SELECT id FROM sbtest8 WHERE id BETWEEN 7911489 AND 7911589
	Index Only Scan using sbtest8_pkey on sbtest8  (cost=0.43..10.44 rows=100 width=4)
	  Index Cond: ((id >= 7911489) AND (id <= 7911589))

explain: for range-covered :: explain SELECT id FROM sbtest%d WHERE id BETWEEN 7911489 AND 7911589
for range-covered
table 1 : explain SELECT id FROM sbtest1 WHERE id BETWEEN 5027813 AND 5027913
	Index Only Scan using sbtest1_pkey on sbtest1  (cost=0.43..6.67 rows=112 width=4)
	  Index Cond: ((id >= 5027813) AND (id <= 5027913))

table 2 : explain SELECT id FROM sbtest2 WHERE id BETWEEN 5027813 AND 5027913
	Index Only Scan using sbtest2_pkey on sbtest2  (cost=0.43..6.50 rows=103 width=4)
	  Index Cond: ((id >= 5027813) AND (id <= 5027913))

table 3 : explain SELECT id FROM sbtest3 WHERE id BETWEEN 5027813 AND 5027913
	Index Only Scan using sbtest3_pkey on sbtest3  (cost=0.43..6.67 rows=112 width=4)
	  Index Cond: ((id >= 5027813) AND (id <= 5027913))

table 4 : explain SELECT id FROM sbtest4 WHERE id BETWEEN 5027813 AND 5027913
	Index Only Scan using sbtest4_pkey on sbtest4  (cost=0.43..6.45 rows=101 width=4)
	  Index Cond: ((id >= 5027813) AND (id <= 5027913))

table 5 : explain SELECT id FROM sbtest5 WHERE id BETWEEN 5027813 AND 5027913
	Index Only Scan using sbtest5_pkey on sbtest5  (cost=0.43..6.51 rows=104 width=4)
	  Index Cond: ((id >= 5027813) AND (id <= 5027913))

table 6 : explain SELECT id FROM sbtest6 WHERE id BETWEEN 5027813 AND 5027913
	Index Only Scan using sbtest6_pkey on sbtest6  (cost=0.43..6.27 rows=92 width=4)
	  Index Cond: ((id >= 5027813) AND (id <= 5027913))

table 7 : explain SELECT id FROM sbtest7 WHERE id BETWEEN 5027813 AND 5027913
	Index Only Scan using sbtest7_pkey on sbtest7  (cost=0.43..6.35 rows=96 width=4)
	  Index Cond: ((id >= 5027813) AND (id <= 5027913))

table 8 : explain SELECT id FROM sbtest8 WHERE id BETWEEN 5027813 AND 5027913
	Index Only Scan using sbtest8_pkey on sbtest8  (cost=0.43..10.40 rows=98 width=4)
	  Index Cond: ((id >= 5027813) AND (id <= 5027913))

explain: for range-covered :: explain SELECT id FROM sbtest%d WHERE id BETWEEN 5027813 AND 5027913
for range-covered
table 1 : explain SELECT id FROM sbtest1 WHERE id BETWEEN 2982002 AND 2982102
	Index Only Scan using sbtest1_pkey on sbtest1  (cost=0.43..6.45 rows=101 width=4)
	  Index Cond: ((id >= 2982002) AND (id <= 2982102))

table 2 : explain SELECT id FROM sbtest2 WHERE id BETWEEN 2982002 AND 2982102
	Index Only Scan using sbtest2_pkey on sbtest2  (cost=0.43..6.42 rows=99 width=4)
	  Index Cond: ((id >= 2982002) AND (id <= 2982102))

table 3 : explain SELECT id FROM sbtest3 WHERE id BETWEEN 2982002 AND 2982102
	Index Only Scan using sbtest3_pkey on sbtest3  (cost=0.43..6.43 rows=100 width=4)
	  Index Cond: ((id >= 2982002) AND (id <= 2982102))

table 4 : explain SELECT id FROM sbtest4 WHERE id BETWEEN 2982002 AND 2982102
	Index Only Scan using sbtest4_pkey on sbtest4  (cost=0.43..6.42 rows=99 width=4)
	  Index Cond: ((id >= 2982002) AND (id <= 2982102))

table 5 : explain SELECT id FROM sbtest5 WHERE id BETWEEN 2982002 AND 2982102
	Index Only Scan using sbtest5_pkey on sbtest5  (cost=0.43..6.35 rows=96 width=4)
	  Index Cond: ((id >= 2982002) AND (id <= 2982102))

table 6 : explain SELECT id FROM sbtest6 WHERE id BETWEEN 2982002 AND 2982102
	Index Only Scan using sbtest6_pkey on sbtest6  (cost=0.43..6.43 rows=100 width=4)
	  Index Cond: ((id >= 2982002) AND (id <= 2982102))

table 7 : explain SELECT id FROM sbtest7 WHERE id BETWEEN 2982002 AND 2982102
	Index Only Scan using sbtest7_pkey on sbtest7  (cost=0.43..6.50 rows=103 width=4)
	  Index Cond: ((id >= 2982002) AND (id <= 2982102))

table 8 : explain SELECT id FROM sbtest8 WHERE id BETWEEN 2982002 AND 2982102
	Index Only Scan using sbtest8_pkey on sbtest8  (cost=0.43..10.33 rows=95 width=4)
	  Index Cond: ((id >= 2982002) AND (id <= 2982102))

explain: for range-covered :: explain SELECT id FROM sbtest%d WHERE id BETWEEN 2982002 AND 2982102
for range-covered
table 1 : explain SELECT id FROM sbtest1 WHERE id BETWEEN 7911489 AND 7911589
	Index Only Scan using sbtest1_pkey on sbtest1  (cost=0.43..6.56 rows=106 width=4)
	  Index Cond: ((id >= 7911489) AND (id <= 7911589))

table 2 : explain SELECT id FROM sbtest2 WHERE id BETWEEN 7911489 AND 7911589
	Index Only Scan using sbtest2_pkey on sbtest2  (cost=0.43..6.37 rows=97 width=4)
	  Index Cond: ((id >= 7911489) AND (id <= 7911589))

table 3 : explain SELECT id FROM sbtest3 WHERE id BETWEEN 7911489 AND 7911589
	Index Only Scan using sbtest3_pkey on sbtest3  (cost=0.43..6.51 rows=104 width=4)
	  Index Cond: ((id >= 7911489) AND (id <= 7911589))

table 4 : explain SELECT id FROM sbtest4 WHERE id BETWEEN 7911489 AND 7911589
	Index Only Scan using sbtest4_pkey on sbtest4  (cost=0.43..6.47 rows=102 width=4)
	  Index Cond: ((id >= 7911489) AND (id <= 7911589))

table 5 : explain SELECT id FROM sbtest5 WHERE id BETWEEN 7911489 AND 7911589
	Index Only Scan using sbtest5_pkey on sbtest5  (cost=0.43..6.42 rows=99 width=4)
	  Index Cond: ((id >= 7911489) AND (id <= 7911589))

table 6 : explain SELECT id FROM sbtest6 WHERE id BETWEEN 7911489 AND 7911589
	Index Only Scan using sbtest6_pkey on sbtest6  (cost=0.43..6.50 rows=103 width=4)
	  Index Cond: ((id >= 7911489) AND (id <= 7911589))

table 7 : explain SELECT id FROM sbtest7 WHERE id BETWEEN 7911489 AND 7911589
	Index Only Scan using sbtest7_pkey on sbtest7  (cost=0.43..6.67 rows=112 width=4)
	  Index Cond: ((id >= 7911489) AND (id <= 7911589))

table 8 : explain SELECT id FROM sbtest8 WHERE id BETWEEN 7911489 AND 7911589
	Index Only Scan using sbtest8_pkey on sbtest8  (cost=0.43..10.44 rows=100 width=4)
	  Index Cond: ((id >= 7911489) AND (id <= 7911589))

explain: for range-covered :: explain SELECT id FROM sbtest%d WHERE id BETWEEN 7911489 AND 7911589
for range-covered
table 1 : explain SELECT id FROM sbtest1 WHERE id BETWEEN 4146363 AND 4146463
	Index Only Scan using sbtest1_pkey on sbtest1  (cost=0.43..6.51 rows=104 width=4)
	  Index Cond: ((id >= 4146363) AND (id <= 4146463))

table 2 : explain SELECT id FROM sbtest2 WHERE id BETWEEN 4146363 AND 4146463
	Index Only Scan using sbtest2_pkey on sbtest2  (cost=0.43..6.32 rows=94 width=4)
	  Index Cond: ((id >= 4146363) AND (id <= 4146463))

table 3 : explain SELECT id FROM sbtest3 WHERE id BETWEEN 4146363 AND 4146463
	Index Only Scan using sbtest3_pkey on sbtest3  (cost=0.43..6.58 rows=107 width=4)
	  Index Cond: ((id >= 4146363) AND (id <= 4146463))

table 4 : explain SELECT id FROM sbtest4 WHERE id BETWEEN 4146363 AND 4146463
	Index Only Scan using sbtest4_pkey on sbtest4  (cost=0.43..6.37 rows=97 width=4)
	  Index Cond: ((id >= 4146363) AND (id <= 4146463))

table 5 : explain SELECT id FROM sbtest5 WHERE id BETWEEN 4146363 AND 4146463
	Index Only Scan using sbtest5_pkey on sbtest5  (cost=0.43..6.40 rows=98 width=4)
	  Index Cond: ((id >= 4146363) AND (id <= 4146463))

table 6 : explain SELECT id FROM sbtest6 WHERE id BETWEEN 4146363 AND 4146463
	Index Only Scan using sbtest6_pkey on sbtest6  (cost=0.43..6.29 rows=93 width=4)
	  Index Cond: ((id >= 4146363) AND (id <= 4146463))

table 7 : explain SELECT id FROM sbtest7 WHERE id BETWEEN 4146363 AND 4146463
	Index Only Scan using sbtest7_pkey on sbtest7  (cost=0.43..6.43 rows=100 width=4)
	  Index Cond: ((id >= 4146363) AND (id <= 4146463))

table 8 : explain SELECT id FROM sbtest8 WHERE id BETWEEN 4146363 AND 4146463
	Index Only Scan using sbtest8_pkey on sbtest8  (cost=0.43..10.50 rows=103 width=4)
	  Index Cond: ((id >= 4146363) AND (id <= 4146463))

explain: for range-covered :: explain SELECT id FROM sbtest%d WHERE id BETWEEN 4146363 AND 4146463
for range-covered
table 1 : explain SELECT id FROM sbtest1 WHERE id BETWEEN 5561366 AND 5561466
	Index Only Scan using sbtest1_pkey on sbtest1  (cost=0.43..6.45 rows=101 width=4)
	  Index Cond: ((id >= 5561366) AND (id <= 5561466))

table 2 : explain SELECT id FROM sbtest2 WHERE id BETWEEN 5561366 AND 5561466
	Index Only Scan using sbtest2_pkey on sbtest2  (cost=0.43..6.47 rows=102 width=4)
	  Index Cond: ((id >= 5561366) AND (id <= 5561466))

table 3 : explain SELECT id FROM sbtest3 WHERE id BETWEEN 5561366 AND 5561466
	Index Only Scan using sbtest3_pkey on sbtest3  (cost=0.43..6.32 rows=94 width=4)
	  Index Cond: ((id >= 5561366) AND (id <= 5561466))

table 4 : explain SELECT id FROM sbtest4 WHERE id BETWEEN 5561366 AND 5561466
	Index Only Scan using sbtest4_pkey on sbtest4  (cost=0.43..6.40 rows=98 width=4)
	  Index Cond: ((id >= 5561366) AND (id <= 5561466))

table 5 : explain SELECT id FROM sbtest5 WHERE id BETWEEN 5561366 AND 5561466
	Index Only Scan using sbtest5_pkey on sbtest5  (cost=0.43..6.50 rows=103 width=4)
	  Index Cond: ((id >= 5561366) AND (id <= 5561466))

table 6 : explain SELECT id FROM sbtest6 WHERE id BETWEEN 5561366 AND 5561466
	Index Only Scan using sbtest6_pkey on sbtest6  (cost=0.43..6.53 rows=105 width=4)
	  Index Cond: ((id >= 5561366) AND (id <= 5561466))

table 7 : explain SELECT id FROM sbtest7 WHERE id BETWEEN 5561366 AND 5561466
	Index Only Scan using sbtest7_pkey on sbtest7  (cost=0.43..6.50 rows=103 width=4)
	  Index Cond: ((id >= 5561366) AND (id <= 5561466))

table 8 : explain SELECT id FROM sbtest8 WHERE id BETWEEN 5561366 AND 5561466
	Index Only Scan using sbtest8_pkey on sbtest8  (cost=0.43..10.44 rows=100 width=4)
	  Index Cond: ((id >= 5561366) AND (id <= 5561466))

for range-covered
table 1 : explain SELECT id FROM sbtest1 WHERE id BETWEEN 5027813 AND 5027913
	Index Only Scan using sbtest1_pkey on sbtest1  (cost=0.43..6.67 rows=112 width=4)
	  Index Cond: ((id >= 5027813) AND (id <= 5027913))

table 2 : explain SELECT id FROM sbtest2 WHERE id BETWEEN 5027813 AND 5027913
	Index Only Scan using sbtest2_pkey on sbtest2  (cost=0.43..6.50 rows=103 width=4)
	  Index Cond: ((id >= 5027813) AND (id <= 5027913))

table 3 : explain SELECT id FROM sbtest3 WHERE id BETWEEN 5027813 AND 5027913
	Index Only Scan using sbtest3_pkey on sbtest3  (cost=0.43..6.67 rows=112 width=4)
	  Index Cond: ((id >= 5027813) AND (id <= 5027913))

table 4 : explain SELECT id FROM sbtest4 WHERE id BETWEEN 5027813 AND 5027913
	Index Only Scan using sbtest4_pkey on sbtest4  (cost=0.43..6.45 rows=101 width=4)
	  Index Cond: ((id >= 5027813) AND (id <= 5027913))

table 5 : explain SELECT id FROM sbtest5 WHERE id BETWEEN 5027813 AND 5027913
	Index Only Scan using sbtest5_pkey on sbtest5  (cost=0.43..6.51 rows=104 width=4)
	  Index Cond: ((id >= 5027813) AND (id <= 5027913))

table 6 : explain SELECT id FROM sbtest6 WHERE id BETWEEN 5027813 AND 5027913
	Index Only Scan using sbtest6_pkey on sbtest6  (cost=0.43..6.27 rows=92 width=4)
	  Index Cond: ((id >= 5027813) AND (id <= 5027913))

table 7 : explain SELECT id FROM sbtest7 WHERE id BETWEEN 5027813 AND 5027913
	Index Only Scan using sbtest7_pkey on sbtest7  (cost=0.43..6.35 rows=96 width=4)
	  Index Cond: ((id >= 5027813) AND (id <= 5027913))

table 8 : explain SELECT id FROM sbtest8 WHERE id BETWEEN 5027813 AND 5027913
	Index Only Scan using sbtest8_pkey on sbtest8  (cost=0.43..10.40 rows=98 width=4)
	  Index Cond: ((id >= 5027813) AND (id <= 5027913))

for range-covered
table 1 : explain SELECT id FROM sbtest1 WHERE id BETWEEN 2982002 AND 2982102
	Index Only Scan using sbtest1_pkey on sbtest1  (cost=0.43..6.45 rows=101 width=4)
	  Index Cond: ((id >= 2982002) AND (id <= 2982102))

table 2 : explain SELECT id FROM sbtest2 WHERE id BETWEEN 2982002 AND 2982102
	Index Only Scan using sbtest2_pkey on sbtest2  (cost=0.43..6.42 rows=99 width=4)
	  Index Cond: ((id >= 2982002) AND (id <= 2982102))

table 3 : explain SELECT id FROM sbtest3 WHERE id BETWEEN 2982002 AND 2982102
	Index Only Scan using sbtest3_pkey on sbtest3  (cost=0.43..6.43 rows=100 width=4)
	  Index Cond: ((id >= 2982002) AND (id <= 2982102))

table 4 : explain SELECT id FROM sbtest4 WHERE id BETWEEN 2982002 AND 2982102
	Index Only Scan using sbtest4_pkey on sbtest4  (cost=0.43..6.42 rows=99 width=4)
	  Index Cond: ((id >= 2982002) AND (id <= 2982102))

table 5 : explain SELECT id FROM sbtest5 WHERE id BETWEEN 2982002 AND 2982102
	Index Only Scan using sbtest5_pkey on sbtest5  (cost=0.43..6.35 rows=96 width=4)
	  Index Cond: ((id >= 2982002) AND (id <= 2982102))

table 6 : explain SELECT id FROM sbtest6 WHERE id BETWEEN 2982002 AND 2982102
	Index Only Scan using sbtest6_pkey on sbtest6  (cost=0.43..6.43 rows=100 width=4)
	  Index Cond: ((id >= 2982002) AND (id <= 2982102))

table 7 : explain SELECT id FROM sbtest7 WHERE id BETWEEN 2982002 AND 2982102
	Index Only Scan using sbtest7_pkey on sbtest7  (cost=0.43..6.50 rows=103 width=4)
	  Index Cond: ((id >= 2982002) AND (id <= 2982102))

table 8 : explain SELECT id FROM sbtest8 WHERE id BETWEEN 2982002 AND 2982102
	Index Only Scan using sbtest8_pkey on sbtest8  (cost=0.43..10.33 rows=95 width=4)
	  Index Cond: ((id >= 2982002) AND (id <= 2982102))

explain: for range-covered :: explain SELECT id FROM sbtest%d WHERE id BETWEEN 5027813 AND 5027913
explain: for range-covered :: explain SELECT id FROM sbtest%d WHERE id BETWEEN 2742745 AND 2742845
for range-covered
table 1 : explain SELECT id FROM sbtest1 WHERE id BETWEEN 6720582 AND 6720682
	Index Only Scan using sbtest1_pkey on sbtest1  (cost=0.43..6.42 rows=99 width=4)
	  Index Cond: ((id >= 6720582) AND (id <= 6720682))

table 2 : explain SELECT id FROM sbtest2 WHERE id BETWEEN 6720582 AND 6720682
	Index Only Scan using sbtest2_pkey on sbtest2  (cost=0.43..6.47 rows=102 width=4)
	  Index Cond: ((id >= 6720582) AND (id <= 6720682))

table 3 : explain SELECT id FROM sbtest3 WHERE id BETWEEN 6720582 AND 6720682
	Index Only Scan using sbtest3_pkey on sbtest3  (cost=0.43..6.63 rows=110 width=4)
	  Index Cond: ((id >= 6720582) AND (id <= 6720682))

table 4 : explain SELECT id FROM sbtest4 WHERE id BETWEEN 6720582 AND 6720682
	Index Only Scan using sbtest4_pkey on sbtest4  (cost=0.43..6.47 rows=102 width=4)
	  Index Cond: ((id >= 6720582) AND (id <= 6720682))

table 5 : explain SELECT id FROM sbtest5 WHERE id BETWEEN 6720582 AND 6720682
	Index Only Scan using sbtest5_pkey on sbtest5  (cost=0.43..6.45 rows=101 width=4)
	  Index Cond: ((id >= 6720582) AND (id <= 6720682))

table 6 : explain SELECT id FROM sbtest6 WHERE id BETWEEN 6720582 AND 6720682
	Index Only Scan using sbtest6_pkey on sbtest6  (cost=0.43..6.51 rows=104 width=4)
	  Index Cond: ((id >= 6720582) AND (id <= 6720682))

table 7 : explain SELECT id FROM sbtest7 WHERE id BETWEEN 6720582 AND 6720682
	Index Only Scan using sbtest7_pkey on sbtest7  (cost=0.43..6.51 rows=104 width=4)
	  Index Cond: ((id >= 6720582) AND (id <= 6720682))

table 8 : explain SELECT id FROM sbtest8 WHERE id BETWEEN 6720582 AND 6720682
	Index Only Scan using sbtest8_pkey on sbtest8  (cost=0.43..10.33 rows=95 width=4)
	  Index Cond: ((id >= 6720582) AND (id <= 6720682))

explain: for range-covered :: explain SELECT id FROM sbtest%d WHERE id BETWEEN 5561366 AND 5561466
for range-covered
table 1 : explain SELECT id FROM sbtest1 WHERE id BETWEEN 7911489 AND 7911589
	Index Only Scan using sbtest1_pkey on sbtest1  (cost=0.43..6.56 rows=106 width=4)
	  Index Cond: ((id >= 7911489) AND (id <= 7911589))

table 2 : explain SELECT id FROM sbtest2 WHERE id BETWEEN 7911489 AND 7911589
	Index Only Scan using sbtest2_pkey on sbtest2  (cost=0.43..6.37 rows=97 width=4)
	  Index Cond: ((id >= 7911489) AND (id <= 7911589))

table 3 : explain SELECT id FROM sbtest3 WHERE id BETWEEN 7911489 AND 7911589
	Index Only Scan using sbtest3_pkey on sbtest3  (cost=0.43..6.51 rows=104 width=4)
	  Index Cond: ((id >= 7911489) AND (id <= 7911589))

table 4 : explain SELECT id FROM sbtest4 WHERE id BETWEEN 7911489 AND 7911589
	Index Only Scan using sbtest4_pkey on sbtest4  (cost=0.43..6.47 rows=102 width=4)
	  Index Cond: ((id >= 7911489) AND (id <= 7911589))

table 5 : explain SELECT id FROM sbtest5 WHERE id BETWEEN 7911489 AND 7911589
	Index Only Scan using sbtest5_pkey on sbtest5  (cost=0.43..6.42 rows=99 width=4)
	  Index Cond: ((id >= 7911489) AND (id <= 7911589))

table 6 : explain SELECT id FROM sbtest6 WHERE id BETWEEN 7911489 AND 7911589
	Index Only Scan using sbtest6_pkey on sbtest6  (cost=0.43..6.50 rows=103 width=4)
	  Index Cond: ((id >= 7911489) AND (id <= 7911589))

table 7 : explain SELECT id FROM sbtest7 WHERE id BETWEEN 7911489 AND 7911589
	Index Only Scan using sbtest7_pkey on sbtest7  (cost=0.43..6.67 rows=112 width=4)
	  Index Cond: ((id >= 7911489) AND (id <= 7911589))

table 8 : explain SELECT id FROM sbtest8 WHERE id BETWEEN 7911489 AND 7911589
	Index Only Scan using sbtest8_pkey on sbtest8  (cost=0.43..10.44 rows=100 width=4)
	  Index Cond: ((id >= 7911489) AND (id <= 7911589))

explain: for range-covered :: explain SELECT id FROM sbtest%d WHERE id BETWEEN 6720582 AND 6720682
for range-covered
table 1 : explain SELECT id FROM sbtest1 WHERE id BETWEEN 4146363 AND 4146463
	Index Only Scan using sbtest1_pkey on sbtest1  (cost=0.43..6.51 rows=104 width=4)
	  Index Cond: ((id >= 4146363) AND (id <= 4146463))

table 2 : explain SELECT id FROM sbtest2 WHERE id BETWEEN 4146363 AND 4146463
	Index Only Scan using sbtest2_pkey on sbtest2  (cost=0.43..6.32 rows=94 width=4)
	  Index Cond: ((id >= 4146363) AND (id <= 4146463))

table 3 : explain SELECT id FROM sbtest3 WHERE id BETWEEN 4146363 AND 4146463
	Index Only Scan using sbtest3_pkey on sbtest3  (cost=0.43..6.58 rows=107 width=4)
	  Index Cond: ((id >= 4146363) AND (id <= 4146463))

table 4 : explain SELECT id FROM sbtest4 WHERE id BETWEEN 4146363 AND 4146463
	Index Only Scan using sbtest4_pkey on sbtest4  (cost=0.43..6.37 rows=97 width=4)
	  Index Cond: ((id >= 4146363) AND (id <= 4146463))

table 5 : explain SELECT id FROM sbtest5 WHERE id BETWEEN 4146363 AND 4146463
	Index Only Scan using sbtest5_pkey on sbtest5  (cost=0.43..6.40 rows=98 width=4)
	  Index Cond: ((id >= 4146363) AND (id <= 4146463))

table 6 : explain SELECT id FROM sbtest6 WHERE id BETWEEN 4146363 AND 4146463
	Index Only Scan using sbtest6_pkey on sbtest6  (cost=0.43..6.29 rows=93 width=4)
	  Index Cond: ((id >= 4146363) AND (id <= 4146463))

table 7 : explain SELECT id FROM sbtest7 WHERE id BETWEEN 4146363 AND 4146463
	Index Only Scan using sbtest7_pkey on sbtest7  (cost=0.43..6.43 rows=100 width=4)
	  Index Cond: ((id >= 4146363) AND (id <= 4146463))

table 8 : explain SELECT id FROM sbtest8 WHERE id BETWEEN 4146363 AND 4146463
	Index Only Scan using sbtest8_pkey on sbtest8  (cost=0.43..10.50 rows=103 width=4)
	  Index Cond: ((id >= 4146363) AND (id <= 4146463))

explain: for range-covered :: explain SELECT id FROM sbtest%d WHERE id BETWEEN 4146363 AND 4146463
for range-covered
table 1 : explain SELECT id FROM sbtest1 WHERE id BETWEEN 2073637 AND 2073737
	Index Only Scan using sbtest1_pkey on sbtest1  (cost=0.43..6.51 rows=104 width=4)
	  Index Cond: ((id >= 2073637) AND (id <= 2073737))

table 2 : explain SELECT id FROM sbtest2 WHERE id BETWEEN 2073637 AND 2073737
	Index Only Scan using sbtest2_pkey on sbtest2  (cost=0.43..6.33 rows=95 width=4)
	  Index Cond: ((id >= 2073637) AND (id <= 2073737))

table 3 : explain SELECT id FROM sbtest3 WHERE id BETWEEN 2073637 AND 2073737
	Index Only Scan using sbtest3_pkey on sbtest3  (cost=0.43..6.43 rows=100 width=4)
	  Index Cond: ((id >= 2073637) AND (id <= 2073737))

table 4 : explain SELECT id FROM sbtest4 WHERE id BETWEEN 2073637 AND 2073737
	Index Only Scan using sbtest4_pkey on sbtest4  (cost=0.43..6.47 rows=102 width=4)
	  Index Cond: ((id >= 2073637) AND (id <= 2073737))

table 5 : explain SELECT id FROM sbtest5 WHERE id BETWEEN 2073637 AND 2073737
	Index Only Scan using sbtest5_pkey on sbtest5  (cost=0.43..6.53 rows=105 width=4)
	  Index Cond: ((id >= 2073637) AND (id <= 2073737))

table 6 : explain SELECT id FROM sbtest6 WHERE id BETWEEN 2073637 AND 2073737
	Index Only Scan using sbtest6_pkey on sbtest6  (cost=0.43..6.40 rows=98 width=4)
	  Index Cond: ((id >= 2073637) AND (id <= 2073737))

table 7 : explain SELECT id FROM sbtest7 WHERE id BETWEEN 2073637 AND 2073737
	Index Only Scan using sbtest7_pkey on sbtest7  (cost=0.43..6.33 rows=95 width=4)
	  Index Cond: ((id >= 2073637) AND (id <= 2073737))

table 8 : explain SELECT id FROM sbtest8 WHERE id BETWEEN 2073637 AND 2073737
	Index Only Scan using sbtest8_pkey on sbtest8  (cost=0.43..10.54 rows=105 width=4)
	  Index Cond: ((id >= 2073637) AND (id <= 2073737))

explain: for range-covered :: explain SELECT id FROM sbtest%d WHERE id BETWEEN 2073637 AND 2073737
for range-covered
table 1 : explain SELECT id FROM sbtest1 WHERE id BETWEEN 5027813 AND 5027913
	Index Only Scan using sbtest1_pkey on sbtest1  (cost=0.43..6.67 rows=112 width=4)
	  Index Cond: ((id >= 5027813) AND (id <= 5027913))

table 2 : explain SELECT id FROM sbtest2 WHERE id BETWEEN 5027813 AND 5027913
	Index Only Scan using sbtest2_pkey on sbtest2  (cost=0.43..6.50 rows=103 width=4)
	  Index Cond: ((id >= 5027813) AND (id <= 5027913))

table 3 : explain SELECT id FROM sbtest3 WHERE id BETWEEN 5027813 AND 5027913
	Index Only Scan using sbtest3_pkey on sbtest3  (cost=0.43..6.67 rows=112 width=4)
	  Index Cond: ((id >= 5027813) AND (id <= 5027913))

table 4 : explain SELECT id FROM sbtest4 WHERE id BETWEEN 5027813 AND 5027913
	Index Only Scan using sbtest4_pkey on sbtest4  (cost=0.43..6.45 rows=101 width=4)
	  Index Cond: ((id >= 5027813) AND (id <= 5027913))

table 5 : explain SELECT id FROM sbtest5 WHERE id BETWEEN 5027813 AND 5027913
	Index Only Scan using sbtest5_pkey on sbtest5  (cost=0.43..6.51 rows=104 width=4)
	  Index Cond: ((id >= 5027813) AND (id <= 5027913))

table 6 : explain SELECT id FROM sbtest6 WHERE id BETWEEN 5027813 AND 5027913
	Index Only Scan using sbtest6_pkey on sbtest6  (cost=0.43..6.27 rows=92 width=4)
	  Index Cond: ((id >= 5027813) AND (id <= 5027913))

table 7 : explain SELECT id FROM sbtest7 WHERE id BETWEEN 5027813 AND 5027913
	Index Only Scan using sbtest7_pkey on sbtest7  (cost=0.43..6.35 rows=96 width=4)
	  Index Cond: ((id >= 5027813) AND (id <= 5027913))

table 8 : explain SELECT id FROM sbtest8 WHERE id BETWEEN 5027813 AND 5027913
	Index Only Scan using sbtest8_pkey on sbtest8  (cost=0.43..10.40 rows=98 width=4)
	  Index Cond: ((id >= 5027813) AND (id <= 5027913))

explain: for range-covered :: explain SELECT id FROM sbtest%d WHERE id BETWEEN 5670426 AND 5670526
explain: for range-covered :: explain SELECT id FROM sbtest%d WHERE id BETWEEN 5027813 AND 5027913
for range-covered
table 1 : explain SELECT id FROM sbtest1 WHERE id BETWEEN 4146363 AND 4146463
	Index Only Scan using sbtest1_pkey on sbtest1  (cost=0.43..6.51 rows=104 width=4)
	  Index Cond: ((id >= 4146363) AND (id <= 4146463))

table 2 : explain SELECT id FROM sbtest2 WHERE id BETWEEN 4146363 AND 4146463
	Index Only Scan using sbtest2_pkey on sbtest2  (cost=0.43..6.32 rows=94 width=4)
	  Index Cond: ((id >= 4146363) AND (id <= 4146463))

table 3 : explain SELECT id FROM sbtest3 WHERE id BETWEEN 4146363 AND 4146463
	Index Only Scan using sbtest3_pkey on sbtest3  (cost=0.43..6.58 rows=107 width=4)
	  Index Cond: ((id >= 4146363) AND (id <= 4146463))

table 4 : explain SELECT id FROM sbtest4 WHERE id BETWEEN 4146363 AND 4146463
	Index Only Scan using sbtest4_pkey on sbtest4  (cost=0.43..6.37 rows=97 width=4)
	  Index Cond: ((id >= 4146363) AND (id <= 4146463))

table 5 : explain SELECT id FROM sbtest5 WHERE id BETWEEN 4146363 AND 4146463
	Index Only Scan using sbtest5_pkey on sbtest5  (cost=0.43..6.40 rows=98 width=4)
	  Index Cond: ((id >= 4146363) AND (id <= 4146463))

table 6 : explain SELECT id FROM sbtest6 WHERE id BETWEEN 4146363 AND 4146463
	Index Only Scan using sbtest6_pkey on sbtest6  (cost=0.43..6.29 rows=93 width=4)
	  Index Cond: ((id >= 4146363) AND (id <= 4146463))

table 7 : explain SELECT id FROM sbtest7 WHERE id BETWEEN 4146363 AND 4146463
	Index Only Scan using sbtest7_pkey on sbtest7  (cost=0.43..6.43 rows=100 width=4)
	  Index Cond: ((id >= 4146363) AND (id <= 4146463))

table 8 : explain SELECT id FROM sbtest8 WHERE id BETWEEN 4146363 AND 4146463
	Index Only Scan using sbtest8_pkey on sbtest8  (cost=0.43..10.50 rows=103 width=4)
	  Index Cond: ((id >= 4146363) AND (id <= 4146463))

explain: for range-covered :: explain SELECT id FROM sbtest%d WHERE id BETWEEN 4146363 AND 4146463
for range-covered
table 1 : explain SELECT id FROM sbtest1 WHERE id BETWEEN 2073637 AND 2073737
	Index Only Scan using sbtest1_pkey on sbtest1  (cost=0.43..6.51 rows=104 width=4)
	  Index Cond: ((id >= 2073637) AND (id <= 2073737))

table 2 : explain SELECT id FROM sbtest2 WHERE id BETWEEN 2073637 AND 2073737
	Index Only Scan using sbtest2_pkey on sbtest2  (cost=0.43..6.33 rows=95 width=4)
	  Index Cond: ((id >= 2073637) AND (id <= 2073737))

table 3 : explain SELECT id FROM sbtest3 WHERE id BETWEEN 2073637 AND 2073737
	Index Only Scan using sbtest3_pkey on sbtest3  (cost=0.43..6.43 rows=100 width=4)
	  Index Cond: ((id >= 2073637) AND (id <= 2073737))

table 4 : explain SELECT id FROM sbtest4 WHERE id BETWEEN 2073637 AND 2073737
	Index Only Scan using sbtest4_pkey on sbtest4  (cost=0.43..6.47 rows=102 width=4)
	  Index Cond: ((id >= 2073637) AND (id <= 2073737))

table 5 : explain SELECT id FROM sbtest5 WHERE id BETWEEN 2073637 AND 2073737
	Index Only Scan using sbtest5_pkey on sbtest5  (cost=0.43..6.53 rows=105 width=4)
	  Index Cond: ((id >= 2073637) AND (id <= 2073737))

table 6 : explain SELECT id FROM sbtest6 WHERE id BETWEEN 2073637 AND 2073737
	Index Only Scan using sbtest6_pkey on sbtest6  (cost=0.43..6.40 rows=98 width=4)
	  Index Cond: ((id >= 2073637) AND (id <= 2073737))

table 7 : explain SELECT id FROM sbtest7 WHERE id BETWEEN 2073637 AND 2073737
	Index Only Scan using sbtest7_pkey on sbtest7  (cost=0.43..6.33 rows=95 width=4)
	  Index Cond: ((id >= 2073637) AND (id <= 2073737))

table 8 : explain SELECT id FROM sbtest8 WHERE id BETWEEN 2073637 AND 2073737
	Index Only Scan using sbtest8_pkey on sbtest8  (cost=0.43..10.54 rows=105 width=4)
	  Index Cond: ((id >= 2073637) AND (id <= 2073737))

for range-covered
table 1 : explain SELECT id FROM sbtest1 WHERE id BETWEEN 5027813 AND 5027913
	Index Only Scan using sbtest1_pkey on sbtest1  (cost=0.43..6.67 rows=112 width=4)
	  Index Cond: ((id >= 5027813) AND (id <= 5027913))

table 2 : explain SELECT id FROM sbtest2 WHERE id BETWEEN 5027813 AND 5027913
	Index Only Scan using sbtest2_pkey on sbtest2  (cost=0.43..6.50 rows=103 width=4)
	  Index Cond: ((id >= 5027813) AND (id <= 5027913))

table 3 : explain SELECT id FROM sbtest3 WHERE id BETWEEN 5027813 AND 5027913
	Index Only Scan using sbtest3_pkey on sbtest3  (cost=0.43..6.67 rows=112 width=4)
	  Index Cond: ((id >= 5027813) AND (id <= 5027913))

table 4 : explain SELECT id FROM sbtest4 WHERE id BETWEEN 5027813 AND 5027913
	Index Only Scan using sbtest4_pkey on sbtest4  (cost=0.43..6.45 rows=101 width=4)
	  Index Cond: ((id >= 5027813) AND (id <= 5027913))

table 5 : explain SELECT id FROM sbtest5 WHERE id BETWEEN 5027813 AND 5027913
	Index Only Scan using sbtest5_pkey on sbtest5  (cost=0.43..6.51 rows=104 width=4)
	  Index Cond: ((id >= 5027813) AND (id <= 5027913))

table 6 : explain SELECT id FROM sbtest6 WHERE id BETWEEN 5027813 AND 5027913
	Index Only Scan using sbtest6_pkey on sbtest6  (cost=0.43..6.27 rows=92 width=4)
	  Index Cond: ((id >= 5027813) AND (id <= 5027913))

table 7 : explain SELECT id FROM sbtest7 WHERE id BETWEEN 5027813 AND 5027913
	Index Only Scan using sbtest7_pkey on sbtest7  (cost=0.43..6.35 rows=96 width=4)
	  Index Cond: ((id >= 5027813) AND (id <= 5027913))

table 8 : explain SELECT id FROM sbtest8 WHERE id BETWEEN 5027813 AND 5027913
	Index Only Scan using sbtest8_pkey on sbtest8  (cost=0.43..10.40 rows=98 width=4)
	  Index Cond: ((id >= 5027813) AND (id <= 5027913))

for range-covered
table 1 : explain SELECT id FROM sbtest1 WHERE id BETWEEN 5561366 AND 5561466
	Index Only Scan using sbtest1_pkey on sbtest1  (cost=0.43..6.45 rows=101 width=4)
	  Index Cond: ((id >= 5561366) AND (id <= 5561466))

table 2 : explain SELECT id FROM sbtest2 WHERE id BETWEEN 5561366 AND 5561466
	Index Only Scan using sbtest2_pkey on sbtest2  (cost=0.43..6.47 rows=102 width=4)
	  Index Cond: ((id >= 5561366) AND (id <= 5561466))

table 3 : explain SELECT id FROM sbtest3 WHERE id BETWEEN 5561366 AND 5561466
	Index Only Scan using sbtest3_pkey on sbtest3  (cost=0.43..6.32 rows=94 width=4)
	  Index Cond: ((id >= 5561366) AND (id <= 5561466))

table 4 : explain SELECT id FROM sbtest4 WHERE id BETWEEN 5561366 AND 5561466
	Index Only Scan using sbtest4_pkey on sbtest4  (cost=0.43..6.40 rows=98 width=4)
	  Index Cond: ((id >= 5561366) AND (id <= 5561466))

table 5 : explain SELECT id FROM sbtest5 WHERE id BETWEEN 5561366 AND 5561466
	Index Only Scan using sbtest5_pkey on sbtest5  (cost=0.43..6.50 rows=103 width=4)
	  Index Cond: ((id >= 5561366) AND (id <= 5561466))

table 6 : explain SELECT id FROM sbtest6 WHERE id BETWEEN 5561366 AND 5561466
	Index Only Scan using sbtest6_pkey on sbtest6  (cost=0.43..6.53 rows=105 width=4)
	  Index Cond: ((id >= 5561366) AND (id <= 5561466))

table 7 : explain SELECT id FROM sbtest7 WHERE id BETWEEN 5561366 AND 5561466
	Index Only Scan using sbtest7_pkey on sbtest7  (cost=0.43..6.50 rows=103 width=4)
	  Index Cond: ((id >= 5561366) AND (id <= 5561466))

table 8 : explain SELECT id FROM sbtest8 WHERE id BETWEEN 5561366 AND 5561466
	Index Only Scan using sbtest8_pkey on sbtest8  (cost=0.43..10.44 rows=100 width=4)
	  Index Cond: ((id >= 5561366) AND (id <= 5561466))

explain: for range-covered :: explain SELECT id FROM sbtest%d WHERE id BETWEEN 2073637 AND 2073737
explain: for range-covered :: explain SELECT id FROM sbtest%d WHERE id BETWEEN 5027813 AND 5027913
for range-covered
table 1 : explain SELECT id FROM sbtest1 WHERE id BETWEEN 6720582 AND 6720682
	Index Only Scan using sbtest1_pkey on sbtest1  (cost=0.43..6.42 rows=99 width=4)
	  Index Cond: ((id >= 6720582) AND (id <= 6720682))

table 2 : explain SELECT id FROM sbtest2 WHERE id BETWEEN 6720582 AND 6720682
	Index Only Scan using sbtest2_pkey on sbtest2  (cost=0.43..6.47 rows=102 width=4)
	  Index Cond: ((id >= 6720582) AND (id <= 6720682))

table 3 : explain SELECT id FROM sbtest3 WHERE id BETWEEN 6720582 AND 6720682
	Index Only Scan using sbtest3_pkey on sbtest3  (cost=0.43..6.63 rows=110 width=4)
	  Index Cond: ((id >= 6720582) AND (id <= 6720682))

table 4 : explain SELECT id FROM sbtest4 WHERE id BETWEEN 6720582 AND 6720682
	Index Only Scan using sbtest4_pkey on sbtest4  (cost=0.43..6.47 rows=102 width=4)
	  Index Cond: ((id >= 6720582) AND (id <= 6720682))

table 5 : explain SELECT id FROM sbtest5 WHERE id BETWEEN 6720582 AND 6720682
	Index Only Scan using sbtest5_pkey on sbtest5  (cost=0.43..6.45 rows=101 width=4)
	  Index Cond: ((id >= 6720582) AND (id <= 6720682))

table 6 : explain SELECT id FROM sbtest6 WHERE id BETWEEN 6720582 AND 6720682
	Index Only Scan using sbtest6_pkey on sbtest6  (cost=0.43..6.51 rows=104 width=4)
	  Index Cond: ((id >= 6720582) AND (id <= 6720682))

table 7 : explain SELECT id FROM sbtest7 WHERE id BETWEEN 6720582 AND 6720682
	Index Only Scan using sbtest7_pkey on sbtest7  (cost=0.43..6.51 rows=104 width=4)
	  Index Cond: ((id >= 6720582) AND (id <= 6720682))

table 8 : explain SELECT id FROM sbtest8 WHERE id BETWEEN 6720582 AND 6720682
	Index Only Scan using sbtest8_pkey on sbtest8  (cost=0.43..10.33 rows=95 width=4)
	  Index Cond: ((id >= 6720582) AND (id <= 6720682))

explain: for range-covered :: explain SELECT id FROM sbtest%d WHERE id BETWEEN 5561366 AND 5561466
explain: for range-covered :: explain SELECT id FROM sbtest%d WHERE id BETWEEN 6720582 AND 6720682
for range-covered
table 1 : explain SELECT id FROM sbtest1 WHERE id BETWEEN 4146363 AND 4146463
	Index Only Scan using sbtest1_pkey on sbtest1  (cost=0.43..6.51 rows=104 width=4)
	  Index Cond: ((id >= 4146363) AND (id <= 4146463))

table 2 : explain SELECT id FROM sbtest2 WHERE id BETWEEN 4146363 AND 4146463
	Index Only Scan using sbtest2_pkey on sbtest2  (cost=0.43..6.32 rows=94 width=4)
	  Index Cond: ((id >= 4146363) AND (id <= 4146463))

table 3 : explain SELECT id FROM sbtest3 WHERE id BETWEEN 4146363 AND 4146463
	Index Only Scan using sbtest3_pkey on sbtest3  (cost=0.43..6.58 rows=107 width=4)
	  Index Cond: ((id >= 4146363) AND (id <= 4146463))

table 4 : explain SELECT id FROM sbtest4 WHERE id BETWEEN 4146363 AND 4146463
	Index Only Scan using sbtest4_pkey on sbtest4  (cost=0.43..6.37 rows=97 width=4)
	  Index Cond: ((id >= 4146363) AND (id <= 4146463))

table 5 : explain SELECT id FROM sbtest5 WHERE id BETWEEN 4146363 AND 4146463
	Index Only Scan using sbtest5_pkey on sbtest5  (cost=0.43..6.40 rows=98 width=4)
	  Index Cond: ((id >= 4146363) AND (id <= 4146463))

table 6 : explain SELECT id FROM sbtest6 WHERE id BETWEEN 4146363 AND 4146463
	Index Only Scan using sbtest6_pkey on sbtest6  (cost=0.43..6.29 rows=93 width=4)
	  Index Cond: ((id >= 4146363) AND (id <= 4146463))

table 7 : explain SELECT id FROM sbtest7 WHERE id BETWEEN 4146363 AND 4146463
	Index Only Scan using sbtest7_pkey on sbtest7  (cost=0.43..6.43 rows=100 width=4)
	  Index Cond: ((id >= 4146363) AND (id <= 4146463))

table 8 : explain SELECT id FROM sbtest8 WHERE id BETWEEN 4146363 AND 4146463
	Index Only Scan using sbtest8_pkey on sbtest8  (cost=0.43..10.50 rows=103 width=4)
	  Index Cond: ((id >= 4146363) AND (id <= 4146463))

explain: for range-covered :: explain SELECT id FROM sbtest%d WHERE id BETWEEN 4146363 AND 4146463
for range-covered
table 1 : explain SELECT id FROM sbtest1 WHERE id BETWEEN 2073637 AND 2073737
	Index Only Scan using sbtest1_pkey on sbtest1  (cost=0.43..6.51 rows=104 width=4)
	  Index Cond: ((id >= 2073637) AND (id <= 2073737))

table 2 : explain SELECT id FROM sbtest2 WHERE id BETWEEN 2073637 AND 2073737
	Index Only Scan using sbtest2_pkey on sbtest2  (cost=0.43..6.33 rows=95 width=4)
	  Index Cond: ((id >= 2073637) AND (id <= 2073737))

table 3 : explain SELECT id FROM sbtest3 WHERE id BETWEEN 2073637 AND 2073737
	Index Only Scan using sbtest3_pkey on sbtest3  (cost=0.43..6.43 rows=100 width=4)
	  Index Cond: ((id >= 2073637) AND (id <= 2073737))

table 4 : explain SELECT id FROM sbtest4 WHERE id BETWEEN 2073637 AND 2073737
	Index Only Scan using sbtest4_pkey on sbtest4  (cost=0.43..6.47 rows=102 width=4)
	  Index Cond: ((id >= 2073637) AND (id <= 2073737))

table 5 : explain SELECT id FROM sbtest5 WHERE id BETWEEN 2073637 AND 2073737
	Index Only Scan using sbtest5_pkey on sbtest5  (cost=0.43..6.53 rows=105 width=4)
	  Index Cond: ((id >= 2073637) AND (id <= 2073737))

table 6 : explain SELECT id FROM sbtest6 WHERE id BETWEEN 2073637 AND 2073737
	Index Only Scan using sbtest6_pkey on sbtest6  (cost=0.43..6.40 rows=98 width=4)
	  Index Cond: ((id >= 2073637) AND (id <= 2073737))

table 7 : explain SELECT id FROM sbtest7 WHERE id BETWEEN 2073637 AND 2073737
	Index Only Scan using sbtest7_pkey on sbtest7  (cost=0.43..6.33 rows=95 width=4)
	  Index Cond: ((id >= 2073637) AND (id <= 2073737))

table 8 : explain SELECT id FROM sbtest8 WHERE id BETWEEN 2073637 AND 2073737
	Index Only Scan using sbtest8_pkey on sbtest8  (cost=0.43..10.54 rows=105 width=4)
	  Index Cond: ((id >= 2073637) AND (id <= 2073737))

for range-covered
table 1 : explain SELECT id FROM sbtest1 WHERE id BETWEEN 5027813 AND 5027913
	Index Only Scan using sbtest1_pkey on sbtest1  (cost=0.43..6.67 rows=112 width=4)
	  Index Cond: ((id >= 5027813) AND (id <= 5027913))

table 2 : explain SELECT id FROM sbtest2 WHERE id BETWEEN 5027813 AND 5027913
	Index Only Scan using sbtest2_pkey on sbtest2  (cost=0.43..6.50 rows=103 width=4)
	  Index Cond: ((id >= 5027813) AND (id <= 5027913))

table 3 : explain SELECT id FROM sbtest3 WHERE id BETWEEN 5027813 AND 5027913
	Index Only Scan using sbtest3_pkey on sbtest3  (cost=0.43..6.67 rows=112 width=4)
	  Index Cond: ((id >= 5027813) AND (id <= 5027913))

table 4 : explain SELECT id FROM sbtest4 WHERE id BETWEEN 5027813 AND 5027913
	Index Only Scan using sbtest4_pkey on sbtest4  (cost=0.43..6.45 rows=101 width=4)
	  Index Cond: ((id >= 5027813) AND (id <= 5027913))

table 5 : explain SELECT id FROM sbtest5 WHERE id BETWEEN 5027813 AND 5027913
	Index Only Scan using sbtest5_pkey on sbtest5  (cost=0.43..6.51 rows=104 width=4)
	  Index Cond: ((id >= 5027813) AND (id <= 5027913))

table 6 : explain SELECT id FROM sbtest6 WHERE id BETWEEN 5027813 AND 5027913
	Index Only Scan using sbtest6_pkey on sbtest6  (cost=0.43..6.27 rows=92 width=4)
	  Index Cond: ((id >= 5027813) AND (id <= 5027913))

table 7 : explain SELECT id FROM sbtest7 WHERE id BETWEEN 5027813 AND 5027913
	Index Only Scan using sbtest7_pkey on sbtest7  (cost=0.43..6.35 rows=96 width=4)
	  Index Cond: ((id >= 5027813) AND (id <= 5027913))

table 8 : explain SELECT id FROM sbtest8 WHERE id BETWEEN 5027813 AND 5027913
	Index Only Scan using sbtest8_pkey on sbtest8  (cost=0.43..10.40 rows=98 width=4)
	  Index Cond: ((id >= 5027813) AND (id <= 5027913))

explain: for range-covered :: explain SELECT id FROM sbtest%d WHERE id BETWEEN 2073637 AND 2073737explain: for range-covered :: explain SELECT id FROM sbtest%d WHERE id BETWEEN 5027813 AND 5027913

for range-covered
table 1 : explain SELECT id FROM sbtest1 WHERE id BETWEEN 2742745 AND 2742845
	Index Only Scan using sbtest1_pkey on sbtest1  (cost=0.43..6.47 rows=102 width=4)
	  Index Cond: ((id >= 2742745) AND (id <= 2742845))

table 2 : explain SELECT id FROM sbtest2 WHERE id BETWEEN 2742745 AND 2742845
	Index Only Scan using sbtest2_pkey on sbtest2  (cost=0.43..6.53 rows=105 width=4)
	  Index Cond: ((id >= 2742745) AND (id <= 2742845))

table 3 : explain SELECT id FROM sbtest3 WHERE id BETWEEN 2742745 AND 2742845
	Index Only Scan using sbtest3_pkey on sbtest3  (cost=0.43..6.42 rows=99 width=4)
	  Index Cond: ((id >= 2742745) AND (id <= 2742845))

table 4 : explain SELECT id FROM sbtest4 WHERE id BETWEEN 2742745 AND 2742845
	Index Only Scan using sbtest4_pkey on sbtest4  (cost=0.43..6.43 rows=100 width=4)
	  Index Cond: ((id >= 2742745) AND (id <= 2742845))

table 5 : explain SELECT id FROM sbtest5 WHERE id BETWEEN 2742745 AND 2742845
	Index Only Scan using sbtest5_pkey on sbtest5  (cost=0.43..6.42 rows=99 width=4)
	  Index Cond: ((id >= 2742745) AND (id <= 2742845))

table 6 : explain SELECT id FROM sbtest6 WHERE id BETWEEN 2742745 AND 2742845
	Index Only Scan using sbtest6_pkey on sbtest6  (cost=0.43..6.27 rows=92 width=4)
	  Index Cond: ((id >= 2742745) AND (id <= 2742845))

table 7 : explain SELECT id FROM sbtest7 WHERE id BETWEEN 2742745 AND 2742845
	Index Only Scan using sbtest7_pkey on sbtest7  (cost=0.43..6.27 rows=92 width=4)
	  Index Cond: ((id >= 2742745) AND (id <= 2742845))

table 8 : explain SELECT id FROM sbtest8 WHERE id BETWEEN 2742745 AND 2742845
	Index Only Scan using sbtest8_pkey on sbtest8  (cost=0.43..10.29 rows=93 width=4)
	  Index Cond: ((id >= 2742745) AND (id <= 2742845))

for range-covered
table 1 : explain SELECT id FROM sbtest1 WHERE id BETWEEN 4146363 AND 4146463
	Index Only Scan using sbtest1_pkey on sbtest1  (cost=0.43..6.51 rows=104 width=4)
	  Index Cond: ((id >= 4146363) AND (id <= 4146463))

table 2 : explain SELECT id FROM sbtest2 WHERE id BETWEEN 4146363 AND 4146463
	Index Only Scan using sbtest2_pkey on sbtest2  (cost=0.43..6.32 rows=94 width=4)
	  Index Cond: ((id >= 4146363) AND (id <= 4146463))

table 3 : explain SELECT id FROM sbtest3 WHERE id BETWEEN 4146363 AND 4146463
	Index Only Scan using sbtest3_pkey on sbtest3  (cost=0.43..6.58 rows=107 width=4)
	  Index Cond: ((id >= 4146363) AND (id <= 4146463))

table 4 : explain SELECT id FROM sbtest4 WHERE id BETWEEN 4146363 AND 4146463
	Index Only Scan using sbtest4_pkey on sbtest4  (cost=0.43..6.37 rows=97 width=4)
	  Index Cond: ((id >= 4146363) AND (id <= 4146463))

table 5 : explain SELECT id FROM sbtest5 WHERE id BETWEEN 4146363 AND 4146463
	Index Only Scan using sbtest5_pkey on sbtest5  (cost=0.43..6.40 rows=98 width=4)
	  Index Cond: ((id >= 4146363) AND (id <= 4146463))

table 6 : explain SELECT id FROM sbtest6 WHERE id BETWEEN 4146363 AND 4146463
	Index Only Scan using sbtest6_pkey on sbtest6  (cost=0.43..6.29 rows=93 width=4)
	  Index Cond: ((id >= 4146363) AND (id <= 4146463))

table 7 : explain SELECT id FROM sbtest7 WHERE id BETWEEN 4146363 AND 4146463
	Index Only Scan using sbtest7_pkey on sbtest7  (cost=0.43..6.43 rows=100 width=4)
	  Index Cond: ((id >= 4146363) AND (id <= 4146463))

table 8 : explain SELECT id FROM sbtest8 WHERE id BETWEEN 4146363 AND 4146463
	Index Only Scan using sbtest8_pkey on sbtest8  (cost=0.43..10.50 rows=103 width=4)
	  Index Cond: ((id >= 4146363) AND (id <= 4146463))

explain: for range-covered :: explain SELECT id FROM sbtest%d WHERE id BETWEEN 2742745 AND 2742845
explain: for range-covered :: explain SELECT id FROM sbtest%d WHERE id BETWEEN 4146363 AND 4146463
for range-covered
table 1 : explain SELECT id FROM sbtest1 WHERE id BETWEEN 2073637 AND 2073737
	Index Only Scan using sbtest1_pkey on sbtest1  (cost=0.43..6.51 rows=104 width=4)
	  Index Cond: ((id >= 2073637) AND (id <= 2073737))

table 2 : explain SELECT id FROM sbtest2 WHERE id BETWEEN 2073637 AND 2073737
	Index Only Scan using sbtest2_pkey on sbtest2  (cost=0.43..6.33 rows=95 width=4)
	  Index Cond: ((id >= 2073637) AND (id <= 2073737))

table 3 : explain SELECT id FROM sbtest3 WHERE id BETWEEN 2073637 AND 2073737
	Index Only Scan using sbtest3_pkey on sbtest3  (cost=0.43..6.43 rows=100 width=4)
	  Index Cond: ((id >= 2073637) AND (id <= 2073737))

table 4 : explain SELECT id FROM sbtest4 WHERE id BETWEEN 2073637 AND 2073737
	Index Only Scan using sbtest4_pkey on sbtest4  (cost=0.43..6.47 rows=102 width=4)
	  Index Cond: ((id >= 2073637) AND (id <= 2073737))

table 5 : explain SELECT id FROM sbtest5 WHERE id BETWEEN 2073637 AND 2073737
	Index Only Scan using sbtest5_pkey on sbtest5  (cost=0.43..6.53 rows=105 width=4)
	  Index Cond: ((id >= 2073637) AND (id <= 2073737))

table 6 : explain SELECT id FROM sbtest6 WHERE id BETWEEN 2073637 AND 2073737
	Index Only Scan using sbtest6_pkey on sbtest6  (cost=0.43..6.40 rows=98 width=4)
	  Index Cond: ((id >= 2073637) AND (id <= 2073737))

table 7 : explain SELECT id FROM sbtest7 WHERE id BETWEEN 2073637 AND 2073737
	Index Only Scan using sbtest7_pkey on sbtest7  (cost=0.43..6.33 rows=95 width=4)
	  Index Cond: ((id >= 2073637) AND (id <= 2073737))

table 8 : explain SELECT id FROM sbtest8 WHERE id BETWEEN 2073637 AND 2073737
	Index Only Scan using sbtest8_pkey on sbtest8  (cost=0.43..10.54 rows=105 width=4)
	  Index Cond: ((id >= 2073637) AND (id <= 2073737))

for range-covered
table 1 : explain SELECT id FROM sbtest1 WHERE id BETWEEN 5561366 AND 5561466
	Index Only Scan using sbtest1_pkey on sbtest1  (cost=0.43..6.45 rows=101 width=4)
	  Index Cond: ((id >= 5561366) AND (id <= 5561466))

table 2 : explain SELECT id FROM sbtest2 WHERE id BETWEEN 5561366 AND 5561466
	Index Only Scan using sbtest2_pkey on sbtest2  (cost=0.43..6.47 rows=102 width=4)
	  Index Cond: ((id >= 5561366) AND (id <= 5561466))

table 3 : explain SELECT id FROM sbtest3 WHERE id BETWEEN 5561366 AND 5561466
	Index Only Scan using sbtest3_pkey on sbtest3  (cost=0.43..6.32 rows=94 width=4)
	  Index Cond: ((id >= 5561366) AND (id <= 5561466))

table 4 : explain SELECT id FROM sbtest4 WHERE id BETWEEN 5561366 AND 5561466
	Index Only Scan using sbtest4_pkey on sbtest4  (cost=0.43..6.40 rows=98 width=4)
	  Index Cond: ((id >= 5561366) AND (id <= 5561466))

table 5 : explain SELECT id FROM sbtest5 WHERE id BETWEEN 5561366 AND 5561466
	Index Only Scan using sbtest5_pkey on sbtest5  (cost=0.43..6.50 rows=103 width=4)
	  Index Cond: ((id >= 5561366) AND (id <= 5561466))

table 6 : explain SELECT id FROM sbtest6 WHERE id BETWEEN 5561366 AND 5561466
	Index Only Scan using sbtest6_pkey on sbtest6  (cost=0.43..6.53 rows=105 width=4)
	  Index Cond: ((id >= 5561366) AND (id <= 5561466))

table 7 : explain SELECT id FROM sbtest7 WHERE id BETWEEN 5561366 AND 5561466
	Index Only Scan using sbtest7_pkey on sbtest7  (cost=0.43..6.50 rows=103 width=4)
	  Index Cond: ((id >= 5561366) AND (id <= 5561466))

table 8 : explain SELECT id FROM sbtest8 WHERE id BETWEEN 5561366 AND 5561466
	Index Only Scan using sbtest8_pkey on sbtest8  (cost=0.43..10.44 rows=100 width=4)
	  Index Cond: ((id >= 5561366) AND (id <= 5561466))

for range-covered
table 1 : explain SELECT id FROM sbtest1 WHERE id BETWEEN 5027813 AND 5027913
	Index Only Scan using sbtest1_pkey on sbtest1  (cost=0.43..6.67 rows=112 width=4)
	  Index Cond: ((id >= 5027813) AND (id <= 5027913))

table 2 : explain SELECT id FROM sbtest2 WHERE id BETWEEN 5027813 AND 5027913
	Index Only Scan using sbtest2_pkey on sbtest2  (cost=0.43..6.50 rows=103 width=4)
	  Index Cond: ((id >= 5027813) AND (id <= 5027913))

table 3 : explain SELECT id FROM sbtest3 WHERE id BETWEEN 5027813 AND 5027913
	Index Only Scan using sbtest3_pkey on sbtest3  (cost=0.43..6.67 rows=112 width=4)
	  Index Cond: ((id >= 5027813) AND (id <= 5027913))

table 4 : explain SELECT id FROM sbtest4 WHERE id BETWEEN 5027813 AND 5027913
	Index Only Scan using sbtest4_pkey on sbtest4  (cost=0.43..6.45 rows=101 width=4)
	  Index Cond: ((id >= 5027813) AND (id <= 5027913))

table 5 : explain SELECT id FROM sbtest5 WHERE id BETWEEN 5027813 AND 5027913
	Index Only Scan using sbtest5_pkey on sbtest5  (cost=0.43..6.51 rows=104 width=4)
	  Index Cond: ((id >= 5027813) AND (id <= 5027913))

table 6 : explain SELECT id FROM sbtest6 WHERE id BETWEEN 5027813 AND 5027913
	Index Only Scan using sbtest6_pkey on sbtest6  (cost=0.43..6.27 rows=92 width=4)
	  Index Cond: ((id >= 5027813) AND (id <= 5027913))

table 7 : explain SELECT id FROM sbtest7 WHERE id BETWEEN 5027813 AND 5027913
	Index Only Scan using sbtest7_pkey on sbtest7  (cost=0.43..6.35 rows=96 width=4)
	  Index Cond: ((id >= 5027813) AND (id <= 5027913))

table 8 : explain SELECT id FROM sbtest8 WHERE id BETWEEN 5027813 AND 5027913
	Index Only Scan using sbtest8_pkey on sbtest8  (cost=0.43..10.40 rows=98 width=4)
	  Index Cond: ((id >= 5027813) AND (id <= 5027913))

explain: for range-covered :: explain SELECT id FROM sbtest%d WHERE id BETWEEN 2073637 AND 2073737
explain: for range-covered :: explain SELECT id FROM sbtest%d WHERE id BETWEEN 5027813 AND 5027913
for range-covered
table 1 : explain SELECT id FROM sbtest1 WHERE id BETWEEN 5670426 AND 5670526
	Index Only Scan using sbtest1_pkey on sbtest1  (cost=0.43..6.29 rows=93 width=4)
	  Index Cond: ((id >= 5670426) AND (id <= 5670526))

table 2 : explain SELECT id FROM sbtest2 WHERE id BETWEEN 5670426 AND 5670526
	Index Only Scan using sbtest2_pkey on sbtest2  (cost=0.43..6.61 rows=109 width=4)
	  Index Cond: ((id >= 5670426) AND (id <= 5670526))

table 3 : explain SELECT id FROM sbtest3 WHERE id BETWEEN 5670426 AND 5670526
	Index Only Scan using sbtest3_pkey on sbtest3  (cost=0.43..6.45 rows=101 width=4)
	  Index Cond: ((id >= 5670426) AND (id <= 5670526))

table 4 : explain SELECT id FROM sbtest4 WHERE id BETWEEN 5670426 AND 5670526
	Index Only Scan using sbtest4_pkey on sbtest4  (cost=0.43..6.51 rows=104 width=4)
	  Index Cond: ((id >= 5670426) AND (id <= 5670526))

table 5 : explain SELECT id FROM sbtest5 WHERE id BETWEEN 5670426 AND 5670526
	Index Only Scan using sbtest5_pkey on sbtest5  (cost=0.43..6.32 rows=94 width=4)
	  Index Cond: ((id >= 5670426) AND (id <= 5670526))

table 6 : explain SELECT id FROM sbtest6 WHERE id BETWEEN 5670426 AND 5670526
	Index Only Scan using sbtest6_pkey on sbtest6  (cost=0.43..6.50 rows=103 width=4)
	  Index Cond: ((id >= 5670426) AND (id <= 5670526))

table 7 : explain SELECT id FROM sbtest7 WHERE id BETWEEN 5670426 AND 5670526
	Index Only Scan using sbtest7_pkey on sbtest7  (cost=0.43..6.35 rows=96 width=4)
	  Index Cond: ((id >= 5670426) AND (id <= 5670526))

table 8 : explain SELECT id FROM sbtest8 WHERE id BETWEEN 5670426 AND 5670526
	Index Only Scan using sbtest8_pkey on sbtest8  (cost=0.43..10.50 rows=103 width=4)
	  Index Cond: ((id >= 5670426) AND (id <= 5670526))

for range-covered
table 1 : explain SELECT id FROM sbtest1 WHERE id BETWEEN 6720582 AND 6720682
	Index Only Scan using sbtest1_pkey on sbtest1  (cost=0.43..6.42 rows=99 width=4)
	  Index Cond: ((id >= 6720582) AND (id <= 6720682))

table 2 : explain SELECT id FROM sbtest2 WHERE id BETWEEN 6720582 AND 6720682
	Index Only Scan using sbtest2_pkey on sbtest2  (cost=0.43..6.47 rows=102 width=4)
	  Index Cond: ((id >= 6720582) AND (id <= 6720682))

table 3 : explain SELECT id FROM sbtest3 WHERE id BETWEEN 6720582 AND 6720682
	Index Only Scan using sbtest3_pkey on sbtest3  (cost=0.43..6.63 rows=110 width=4)
	  Index Cond: ((id >= 6720582) AND (id <= 6720682))

table 4 : explain SELECT id FROM sbtest4 WHERE id BETWEEN 6720582 AND 6720682
	Index Only Scan using sbtest4_pkey on sbtest4  (cost=0.43..6.47 rows=102 width=4)
	  Index Cond: ((id >= 6720582) AND (id <= 6720682))

table 5 : explain SELECT id FROM sbtest5 WHERE id BETWEEN 6720582 AND 6720682
	Index Only Scan using sbtest5_pkey on sbtest5  (cost=0.43..6.45 rows=101 width=4)
	  Index Cond: ((id >= 6720582) AND (id <= 6720682))

table 6 : explain SELECT id FROM sbtest6 WHERE id BETWEEN 6720582 AND 6720682
	Index Only Scan using sbtest6_pkey on sbtest6  (cost=0.43..6.51 rows=104 width=4)
	  Index Cond: ((id >= 6720582) AND (id <= 6720682))

table 7 : explain SELECT id FROM sbtest7 WHERE id BETWEEN 6720582 AND 6720682
	Index Only Scan using sbtest7_pkey on sbtest7  (cost=0.43..6.51 rows=104 width=4)
	  Index Cond: ((id >= 6720582) AND (id <= 6720682))

table 8 : explain SELECT id FROM sbtest8 WHERE id BETWEEN 6720582 AND 6720682
	Index Only Scan using sbtest8_pkey on sbtest8  (cost=0.43..10.33 rows=95 width=4)
	  Index Cond: ((id >= 6720582) AND (id <= 6720682))

explain: for range-covered :: explain SELECT id FROM sbtest%d WHERE id BETWEEN 5670426 AND 5670526
explain: for range-covered :: explain SELECT id FROM sbtest%d WHERE id BETWEEN 6720582 AND 6720682
for range-covered
table 1 : explain SELECT id FROM sbtest1 WHERE id BETWEEN 2073637 AND 2073737
	Index Only Scan using sbtest1_pkey on sbtest1  (cost=0.43..6.51 rows=104 width=4)
	  Index Cond: ((id >= 2073637) AND (id <= 2073737))

table 2 : explain SELECT id FROM sbtest2 WHERE id BETWEEN 2073637 AND 2073737
	Index Only Scan using sbtest2_pkey on sbtest2  (cost=0.43..6.33 rows=95 width=4)
	  Index Cond: ((id >= 2073637) AND (id <= 2073737))

table 3 : explain SELECT id FROM sbtest3 WHERE id BETWEEN 2073637 AND 2073737
	Index Only Scan using sbtest3_pkey on sbtest3  (cost=0.43..6.43 rows=100 width=4)
	  Index Cond: ((id >= 2073637) AND (id <= 2073737))

table 4 : explain SELECT id FROM sbtest4 WHERE id BETWEEN 2073637 AND 2073737
	Index Only Scan using sbtest4_pkey on sbtest4  (cost=0.43..6.47 rows=102 width=4)
	  Index Cond: ((id >= 2073637) AND (id <= 2073737))

table 5 : explain SELECT id FROM sbtest5 WHERE id BETWEEN 2073637 AND 2073737
	Index Only Scan using sbtest5_pkey on sbtest5  (cost=0.43..6.53 rows=105 width=4)
	  Index Cond: ((id >= 2073637) AND (id <= 2073737))

table 6 : explain SELECT id FROM sbtest6 WHERE id BETWEEN 2073637 AND 2073737
	Index Only Scan using sbtest6_pkey on sbtest6  (cost=0.43..6.40 rows=98 width=4)
	  Index Cond: ((id >= 2073637) AND (id <= 2073737))

table 7 : explain SELECT id FROM sbtest7 WHERE id BETWEEN 2073637 AND 2073737
	Index Only Scan using sbtest7_pkey on sbtest7  (cost=0.43..6.33 rows=95 width=4)
	  Index Cond: ((id >= 2073637) AND (id <= 2073737))

table 8 : explain SELECT id FROM sbtest8 WHERE id BETWEEN 2073637 AND 2073737
	Index Only Scan using sbtest8_pkey on sbtest8  (cost=0.43..10.54 rows=105 width=4)
	  Index Cond: ((id >= 2073637) AND (id <= 2073737))

for range-covered
table 1 : explain SELECT id FROM sbtest1 WHERE id BETWEEN 5027813 AND 5027913
	Index Only Scan using sbtest1_pkey on sbtest1  (cost=0.43..6.67 rows=112 width=4)
	  Index Cond: ((id >= 5027813) AND (id <= 5027913))

table 2 : explain SELECT id FROM sbtest2 WHERE id BETWEEN 5027813 AND 5027913
	Index Only Scan using sbtest2_pkey on sbtest2  (cost=0.43..6.50 rows=103 width=4)
	  Index Cond: ((id >= 5027813) AND (id <= 5027913))

table 3 : explain SELECT id FROM sbtest3 WHERE id BETWEEN 5027813 AND 5027913
	Index Only Scan using sbtest3_pkey on sbtest3  (cost=0.43..6.67 rows=112 width=4)
	  Index Cond: ((id >= 5027813) AND (id <= 5027913))

table 4 : explain SELECT id FROM sbtest4 WHERE id BETWEEN 5027813 AND 5027913
	Index Only Scan using sbtest4_pkey on sbtest4  (cost=0.43..6.45 rows=101 width=4)
	  Index Cond: ((id >= 5027813) AND (id <= 5027913))

table 5 : explain SELECT id FROM sbtest5 WHERE id BETWEEN 5027813 AND 5027913
	Index Only Scan using sbtest5_pkey on sbtest5  (cost=0.43..6.51 rows=104 width=4)
	  Index Cond: ((id >= 5027813) AND (id <= 5027913))

table 6 : explain SELECT id FROM sbtest6 WHERE id BETWEEN 5027813 AND 5027913
	Index Only Scan using sbtest6_pkey on sbtest6  (cost=0.43..6.27 rows=92 width=4)
	  Index Cond: ((id >= 5027813) AND (id <= 5027913))

table 7 : explain SELECT id FROM sbtest7 WHERE id BETWEEN 5027813 AND 5027913
	Index Only Scan using sbtest7_pkey on sbtest7  (cost=0.43..6.35 rows=96 width=4)
	  Index Cond: ((id >= 5027813) AND (id <= 5027913))

table 8 : explain SELECT id FROM sbtest8 WHERE id BETWEEN 5027813 AND 5027913
	Index Only Scan using sbtest8_pkey on sbtest8  (cost=0.43..10.40 rows=98 width=4)
	  Index Cond: ((id >= 5027813) AND (id <= 5027913))

explain: for range-covered :: explain SELECT id FROM sbtest%d WHERE id BETWEEN 2073637 AND 2073737
explain: for range-covered :: explain SELECT id FROM sbtest%d WHERE id BETWEEN 5027813 AND 5027913
for range-covered
table 1 : explain SELECT id FROM sbtest1 WHERE id BETWEEN 5670426 AND 5670526
	Index Only Scan using sbtest1_pkey on sbtest1  (cost=0.43..6.29 rows=93 width=4)
	  Index Cond: ((id >= 5670426) AND (id <= 5670526))

table 2 : explain SELECT id FROM sbtest2 WHERE id BETWEEN 5670426 AND 5670526
	Index Only Scan using sbtest2_pkey on sbtest2  (cost=0.43..6.61 rows=109 width=4)
	  Index Cond: ((id >= 5670426) AND (id <= 5670526))

table 3 : explain SELECT id FROM sbtest3 WHERE id BETWEEN 5670426 AND 5670526
	Index Only Scan using sbtest3_pkey on sbtest3  (cost=0.43..6.45 rows=101 width=4)
	  Index Cond: ((id >= 5670426) AND (id <= 5670526))

table 4 : explain SELECT id FROM sbtest4 WHERE id BETWEEN 5670426 AND 5670526
	Index Only Scan using sbtest4_pkey on sbtest4  (cost=0.43..6.51 rows=104 width=4)
	  Index Cond: ((id >= 5670426) AND (id <= 5670526))

table 5 : explain SELECT id FROM sbtest5 WHERE id BETWEEN 5670426 AND 5670526
	Index Only Scan using sbtest5_pkey on sbtest5  (cost=0.43..6.32 rows=94 width=4)
	  Index Cond: ((id >= 5670426) AND (id <= 5670526))

table 6 : explain SELECT id FROM sbtest6 WHERE id BETWEEN 5670426 AND 5670526
	Index Only Scan using sbtest6_pkey on sbtest6  (cost=0.43..6.50 rows=103 width=4)
	  Index Cond: ((id >= 5670426) AND (id <= 5670526))

table 7 : explain SELECT id FROM sbtest7 WHERE id BETWEEN 5670426 AND 5670526
	Index Only Scan using sbtest7_pkey on sbtest7  (cost=0.43..6.35 rows=96 width=4)
	  Index Cond: ((id >= 5670426) AND (id <= 5670526))

table 8 : explain SELECT id FROM sbtest8 WHERE id BETWEEN 5670426 AND 5670526
	Index Only Scan using sbtest8_pkey on sbtest8  (cost=0.43..10.50 rows=103 width=4)
	  Index Cond: ((id >= 5670426) AND (id <= 5670526))

explain: for range-covered :: explain SELECT id FROM sbtest%d WHERE id BETWEEN 5670426 AND 5670526
for range-covered
table 1 : explain SELECT id FROM sbtest1 WHERE id BETWEEN 6720582 AND 6720682
	Index Only Scan using sbtest1_pkey on sbtest1  (cost=0.43..6.42 rows=99 width=4)
	  Index Cond: ((id >= 6720582) AND (id <= 6720682))

table 2 : explain SELECT id FROM sbtest2 WHERE id BETWEEN 6720582 AND 6720682
	Index Only Scan using sbtest2_pkey on sbtest2  (cost=0.43..6.47 rows=102 width=4)
	  Index Cond: ((id >= 6720582) AND (id <= 6720682))

table 3 : explain SELECT id FROM sbtest3 WHERE id BETWEEN 6720582 AND 6720682
	Index Only Scan using sbtest3_pkey on sbtest3  (cost=0.43..6.63 rows=110 width=4)
	  Index Cond: ((id >= 6720582) AND (id <= 6720682))

table 4 : explain SELECT id FROM sbtest4 WHERE id BETWEEN 6720582 AND 6720682
	Index Only Scan using sbtest4_pkey on sbtest4  (cost=0.43..6.47 rows=102 width=4)
	  Index Cond: ((id >= 6720582) AND (id <= 6720682))

table 5 : explain SELECT id FROM sbtest5 WHERE id BETWEEN 6720582 AND 6720682
	Index Only Scan using sbtest5_pkey on sbtest5  (cost=0.43..6.45 rows=101 width=4)
	  Index Cond: ((id >= 6720582) AND (id <= 6720682))

table 6 : explain SELECT id FROM sbtest6 WHERE id BETWEEN 6720582 AND 6720682
	Index Only Scan using sbtest6_pkey on sbtest6  (cost=0.43..6.51 rows=104 width=4)
	  Index Cond: ((id >= 6720582) AND (id <= 6720682))

table 7 : explain SELECT id FROM sbtest7 WHERE id BETWEEN 6720582 AND 6720682
	Index Only Scan using sbtest7_pkey on sbtest7  (cost=0.43..6.51 rows=104 width=4)
	  Index Cond: ((id >= 6720582) AND (id <= 6720682))

table 8 : explain SELECT id FROM sbtest8 WHERE id BETWEEN 6720582 AND 6720682
	Index Only Scan using sbtest8_pkey on sbtest8  (cost=0.43..10.33 rows=95 width=4)
	  Index Cond: ((id >= 6720582) AND (id <= 6720682))

for range-covered
table 1 : explain SELECT id FROM sbtest1 WHERE id BETWEEN 4146363 AND 4146463
	Index Only Scan using sbtest1_pkey on sbtest1  (cost=0.43..6.51 rows=104 width=4)
	  Index Cond: ((id >= 4146363) AND (id <= 4146463))

table 2 : explain SELECT id FROM sbtest2 WHERE id BETWEEN 4146363 AND 4146463
	Index Only Scan using sbtest2_pkey on sbtest2  (cost=0.43..6.32 rows=94 width=4)
	  Index Cond: ((id >= 4146363) AND (id <= 4146463))

table 3 : explain SELECT id FROM sbtest3 WHERE id BETWEEN 4146363 AND 4146463
	Index Only Scan using sbtest3_pkey on sbtest3  (cost=0.43..6.58 rows=107 width=4)
	  Index Cond: ((id >= 4146363) AND (id <= 4146463))

table 4 : explain SELECT id FROM sbtest4 WHERE id BETWEEN 4146363 AND 4146463
	Index Only Scan using sbtest4_pkey on sbtest4  (cost=0.43..6.37 rows=97 width=4)
	  Index Cond: ((id >= 4146363) AND (id <= 4146463))

table 5 : explain SELECT id FROM sbtest5 WHERE id BETWEEN 4146363 AND 4146463
	Index Only Scan using sbtest5_pkey on sbtest5  (cost=0.43..6.40 rows=98 width=4)
	  Index Cond: ((id >= 4146363) AND (id <= 4146463))

table 6 : explain SELECT id FROM sbtest6 WHERE id BETWEEN 4146363 AND 4146463
	Index Only Scan using sbtest6_pkey on sbtest6  (cost=0.43..6.29 rows=93 width=4)
	  Index Cond: ((id >= 4146363) AND (id <= 4146463))

table 7 : explain SELECT id FROM sbtest7 WHERE id BETWEEN 4146363 AND 4146463
	Index Only Scan using sbtest7_pkey on sbtest7  (cost=0.43..6.43 rows=100 width=4)
	  Index Cond: ((id >= 4146363) AND (id <= 4146463))

table 8 : explain SELECT id FROM sbtest8 WHERE id BETWEEN 4146363 AND 4146463
	Index Only Scan using sbtest8_pkey on sbtest8  (cost=0.43..10.50 rows=103 width=4)
	  Index Cond: ((id >= 4146363) AND (id <= 4146463))

explain: for range-covered :: explain SELECT id FROM sbtest%d WHERE id BETWEEN 6720582 AND 6720682
for range-covered
table 1 : explain SELECT id FROM sbtest1 WHERE id BETWEEN 2742745 AND 2742845
	Index Only Scan using sbtest1_pkey on sbtest1  (cost=0.43..6.47 rows=102 width=4)
	  Index Cond: ((id >= 2742745) AND (id <= 2742845))

table 2 : explain SELECT id FROM sbtest2 WHERE id BETWEEN 2742745 AND 2742845
	Index Only Scan using sbtest2_pkey on sbtest2  (cost=0.43..6.53 rows=105 width=4)
	  Index Cond: ((id >= 2742745) AND (id <= 2742845))

table 3 : explain SELECT id FROM sbtest3 WHERE id BETWEEN 2742745 AND 2742845
	Index Only Scan using sbtest3_pkey on sbtest3  (cost=0.43..6.42 rows=99 width=4)
	  Index Cond: ((id >= 2742745) AND (id <= 2742845))

table 4 : explain SELECT id FROM sbtest4 WHERE id BETWEEN 2742745 AND 2742845
	Index Only Scan using sbtest4_pkey on sbtest4  (cost=0.43..6.43 rows=100 width=4)
	  Index Cond: ((id >= 2742745) AND (id <= 2742845))

table 5 : explain SELECT id FROM sbtest5 WHERE id BETWEEN 2742745 AND 2742845
	Index Only Scan using sbtest5_pkey on sbtest5  (cost=0.43..6.42 rows=99 width=4)
	  Index Cond: ((id >= 2742745) AND (id <= 2742845))

table 6 : explain SELECT id FROM sbtest6 WHERE id BETWEEN 2742745 AND 2742845
	Index Only Scan using sbtest6_pkey on sbtest6  (cost=0.43..6.27 rows=92 width=4)
	  Index Cond: ((id >= 2742745) AND (id <= 2742845))

table 7 : explain SELECT id FROM sbtest7 WHERE id BETWEEN 2742745 AND 2742845
	Index Only Scan using sbtest7_pkey on sbtest7  (cost=0.43..6.27 rows=92 width=4)
	  Index Cond: ((id >= 2742745) AND (id <= 2742845))

table 8 : explain SELECT id FROM sbtest8 WHERE id BETWEEN 2742745 AND 2742845
	Index Only Scan using sbtest8_pkey on sbtest8  (cost=0.43..10.29 rows=93 width=4)
	  Index Cond: ((id >= 2742745) AND (id <= 2742845))

explain: for range-covered :: explain SELECT id FROM sbtest%d WHERE id BETWEEN 9586303 AND 9586403
explain: for range-covered :: explain SELECT id FROM sbtest%d WHERE id BETWEEN 4146363 AND 4146463
explain: for range-covered :: explain SELECT id FROM sbtest%d WHERE id BETWEEN 6409291 AND 6409391
for range-covered
table 1 : explain SELECT id FROM sbtest1 WHERE id BETWEEN 2073637 AND 2073737
	Index Only Scan using sbtest1_pkey on sbtest1  (cost=0.43..6.51 rows=104 width=4)
	  Index Cond: ((id >= 2073637) AND (id <= 2073737))

table 2 : explain SELECT id FROM sbtest2 WHERE id BETWEEN 2073637 AND 2073737
	Index Only Scan using sbtest2_pkey on sbtest2  (cost=0.43..6.33 rows=95 width=4)
	  Index Cond: ((id >= 2073637) AND (id <= 2073737))

table 3 : explain SELECT id FROM sbtest3 WHERE id BETWEEN 2073637 AND 2073737
	Index Only Scan using sbtest3_pkey on sbtest3  (cost=0.43..6.43 rows=100 width=4)
	  Index Cond: ((id >= 2073637) AND (id <= 2073737))

table 4 : explain SELECT id FROM sbtest4 WHERE id BETWEEN 2073637 AND 2073737
	Index Only Scan using sbtest4_pkey on sbtest4  (cost=0.43..6.47 rows=102 width=4)
	  Index Cond: ((id >= 2073637) AND (id <= 2073737))

table 5 : explain SELECT id FROM sbtest5 WHERE id BETWEEN 2073637 AND 2073737
	Index Only Scan using sbtest5_pkey on sbtest5  (cost=0.43..6.53 rows=105 width=4)
	  Index Cond: ((id >= 2073637) AND (id <= 2073737))

table 6 : explain SELECT id FROM sbtest6 WHERE id BETWEEN 2073637 AND 2073737
	Index Only Scan using sbtest6_pkey on sbtest6  (cost=0.43..6.40 rows=98 width=4)
	  Index Cond: ((id >= 2073637) AND (id <= 2073737))

table 7 : explain SELECT id FROM sbtest7 WHERE id BETWEEN 2073637 AND 2073737
	Index Only Scan using sbtest7_pkey on sbtest7  (cost=0.43..6.33 rows=95 width=4)
	  Index Cond: ((id >= 2073637) AND (id <= 2073737))

table 8 : explain SELECT id FROM sbtest8 WHERE id BETWEEN 2073637 AND 2073737
	Index Only Scan using sbtest8_pkey on sbtest8  (cost=0.43..10.54 rows=105 width=4)
	  Index Cond: ((id >= 2073637) AND (id <= 2073737))

for range-covered
table 1 : explain SELECT id FROM sbtest1 WHERE id BETWEEN 5027813 AND 5027913
	Index Only Scan using sbtest1_pkey on sbtest1  (cost=0.43..6.67 rows=112 width=4)
	  Index Cond: ((id >= 5027813) AND (id <= 5027913))

table 2 : explain SELECT id FROM sbtest2 WHERE id BETWEEN 5027813 AND 5027913
	Index Only Scan using sbtest2_pkey on sbtest2  (cost=0.43..6.50 rows=103 width=4)
	  Index Cond: ((id >= 5027813) AND (id <= 5027913))

table 3 : explain SELECT id FROM sbtest3 WHERE id BETWEEN 5027813 AND 5027913
	Index Only Scan using sbtest3_pkey on sbtest3  (cost=0.43..6.67 rows=112 width=4)
	  Index Cond: ((id >= 5027813) AND (id <= 5027913))

table 4 : explain SELECT id FROM sbtest4 WHERE id BETWEEN 5027813 AND 5027913
	Index Only Scan using sbtest4_pkey on sbtest4  (cost=0.43..6.45 rows=101 width=4)
	  Index Cond: ((id >= 5027813) AND (id <= 5027913))

table 5 : explain SELECT id FROM sbtest5 WHERE id BETWEEN 5027813 AND 5027913
	Index Only Scan using sbtest5_pkey on sbtest5  (cost=0.43..6.51 rows=104 width=4)
	  Index Cond: ((id >= 5027813) AND (id <= 5027913))

table 6 : explain SELECT id FROM sbtest6 WHERE id BETWEEN 5027813 AND 5027913
	Index Only Scan using sbtest6_pkey on sbtest6  (cost=0.43..6.27 rows=92 width=4)
	  Index Cond: ((id >= 5027813) AND (id <= 5027913))

table 7 : explain SELECT id FROM sbtest7 WHERE id BETWEEN 5027813 AND 5027913
	Index Only Scan using sbtest7_pkey on sbtest7  (cost=0.43..6.35 rows=96 width=4)
	  Index Cond: ((id >= 5027813) AND (id <= 5027913))

table 8 : explain SELECT id FROM sbtest8 WHERE id BETWEEN 5027813 AND 5027913
	Index Only Scan using sbtest8_pkey on sbtest8  (cost=0.43..10.40 rows=98 width=4)
	  Index Cond: ((id >= 5027813) AND (id <= 5027913))

explain: for range-covered :: explain SELECT id FROM sbtest%d WHERE id BETWEEN 2742745 AND 2742845
explain: for range-covered :: explain SELECT id FROM sbtest%d WHERE id BETWEEN 2073637 AND 2073737
for range-covered
table 1 : explain SELECT id FROM sbtest1 WHERE id BETWEEN 5670426 AND 5670526
	Index Only Scan using sbtest1_pkey on sbtest1  (cost=0.43..6.29 rows=93 width=4)
	  Index Cond: ((id >= 5670426) AND (id <= 5670526))

table 2 : explain SELECT id FROM sbtest2 WHERE id BETWEEN 5670426 AND 5670526
	Index Only Scan using sbtest2_pkey on sbtest2  (cost=0.43..6.61 rows=109 width=4)
	  Index Cond: ((id >= 5670426) AND (id <= 5670526))

table 3 : explain SELECT id FROM sbtest3 WHERE id BETWEEN 5670426 AND 5670526
	Index Only Scan using sbtest3_pkey on sbtest3  (cost=0.43..6.45 rows=101 width=4)
	  Index Cond: ((id >= 5670426) AND (id <= 5670526))

table 4 : explain SELECT id FROM sbtest4 WHERE id BETWEEN 5670426 AND 5670526
	Index Only Scan using sbtest4_pkey on sbtest4  (cost=0.43..6.51 rows=104 width=4)
	  Index Cond: ((id >= 5670426) AND (id <= 5670526))

table 5 : explain SELECT id FROM sbtest5 WHERE id BETWEEN 5670426 AND 5670526
	Index Only Scan using sbtest5_pkey on sbtest5  (cost=0.43..6.32 rows=94 width=4)
	  Index Cond: ((id >= 5670426) AND (id <= 5670526))

table 6 : explain SELECT id FROM sbtest6 WHERE id BETWEEN 5670426 AND 5670526
	Index Only Scan using sbtest6_pkey on sbtest6  (cost=0.43..6.50 rows=103 width=4)
	  Index Cond: ((id >= 5670426) AND (id <= 5670526))

table 7 : explain SELECT id FROM sbtest7 WHERE id BETWEEN 5670426 AND 5670526
	Index Only Scan using sbtest7_pkey on sbtest7  (cost=0.43..6.35 rows=96 width=4)
	  Index Cond: ((id >= 5670426) AND (id <= 5670526))

table 8 : explain SELECT id FROM sbtest8 WHERE id BETWEEN 5670426 AND 5670526
	Index Only Scan using sbtest8_pkey on sbtest8  (cost=0.43..10.50 rows=103 width=4)
	  Index Cond: ((id >= 5670426) AND (id <= 5670526))

explain: for range-covered :: explain SELECT id FROM sbtest%d WHERE id BETWEEN 5670426 AND 5670526
explain: for range-covered :: explain SELECT id FROM sbtest%d WHERE id BETWEEN 4267192 AND 4267292
for range-covered
table 1 : explain SELECT id FROM sbtest1 WHERE id BETWEEN 6720582 AND 6720682
	Index Only Scan using sbtest1_pkey on sbtest1  (cost=0.43..6.42 rows=99 width=4)
	  Index Cond: ((id >= 6720582) AND (id <= 6720682))

table 2 : explain SELECT id FROM sbtest2 WHERE id BETWEEN 6720582 AND 6720682
	Index Only Scan using sbtest2_pkey on sbtest2  (cost=0.43..6.47 rows=102 width=4)
	  Index Cond: ((id >= 6720582) AND (id <= 6720682))

table 3 : explain SELECT id FROM sbtest3 WHERE id BETWEEN 6720582 AND 6720682
	Index Only Scan using sbtest3_pkey on sbtest3  (cost=0.43..6.63 rows=110 width=4)
	  Index Cond: ((id >= 6720582) AND (id <= 6720682))

table 4 : explain SELECT id FROM sbtest4 WHERE id BETWEEN 6720582 AND 6720682
	Index Only Scan using sbtest4_pkey on sbtest4  (cost=0.43..6.47 rows=102 width=4)
	  Index Cond: ((id >= 6720582) AND (id <= 6720682))

table 5 : explain SELECT id FROM sbtest5 WHERE id BETWEEN 6720582 AND 6720682
	Index Only Scan using sbtest5_pkey on sbtest5  (cost=0.43..6.45 rows=101 width=4)
	  Index Cond: ((id >= 6720582) AND (id <= 6720682))

table 6 : explain SELECT id FROM sbtest6 WHERE id BETWEEN 6720582 AND 6720682
	Index Only Scan using sbtest6_pkey on sbtest6  (cost=0.43..6.51 rows=104 width=4)
	  Index Cond: ((id >= 6720582) AND (id <= 6720682))

table 7 : explain SELECT id FROM sbtest7 WHERE id BETWEEN 6720582 AND 6720682
	Index Only Scan using sbtest7_pkey on sbtest7  (cost=0.43..6.51 rows=104 width=4)
	  Index Cond: ((id >= 6720582) AND (id <= 6720682))

table 8 : explain SELECT id FROM sbtest8 WHERE id BETWEEN 6720582 AND 6720682
	Index Only Scan using sbtest8_pkey on sbtest8  (cost=0.43..10.33 rows=95 width=4)
	  Index Cond: ((id >= 6720582) AND (id <= 6720682))

explain: for range-covered :: explain SELECT id FROM sbtest%d WHERE id BETWEEN 6720582 AND 6720682
for range-covered
table 1 : explain SELECT id FROM sbtest1 WHERE id BETWEEN 2073637 AND 2073737
	Index Only Scan using sbtest1_pkey on sbtest1  (cost=0.43..6.51 rows=104 width=4)
	  Index Cond: ((id >= 2073637) AND (id <= 2073737))

table 2 : explain SELECT id FROM sbtest2 WHERE id BETWEEN 2073637 AND 2073737
	Index Only Scan using sbtest2_pkey on sbtest2  (cost=0.43..6.33 rows=95 width=4)
	  Index Cond: ((id >= 2073637) AND (id <= 2073737))

table 3 : explain SELECT id FROM sbtest3 WHERE id BETWEEN 2073637 AND 2073737
	Index Only Scan using sbtest3_pkey on sbtest3  (cost=0.43..6.43 rows=100 width=4)
	  Index Cond: ((id >= 2073637) AND (id <= 2073737))

table 4 : explain SELECT id FROM sbtest4 WHERE id BETWEEN 2073637 AND 2073737
	Index Only Scan using sbtest4_pkey on sbtest4  (cost=0.43..6.47 rows=102 width=4)
	  Index Cond: ((id >= 2073637) AND (id <= 2073737))

table 5 : explain SELECT id FROM sbtest5 WHERE id BETWEEN 2073637 AND 2073737
	Index Only Scan using sbtest5_pkey on sbtest5  (cost=0.43..6.53 rows=105 width=4)
	  Index Cond: ((id >= 2073637) AND (id <= 2073737))

table 6 : explain SELECT id FROM sbtest6 WHERE id BETWEEN 2073637 AND 2073737
	Index Only Scan using sbtest6_pkey on sbtest6  (cost=0.43..6.40 rows=98 width=4)
	  Index Cond: ((id >= 2073637) AND (id <= 2073737))

table 7 : explain SELECT id FROM sbtest7 WHERE id BETWEEN 2073637 AND 2073737
	Index Only Scan using sbtest7_pkey on sbtest7  (cost=0.43..6.33 rows=95 width=4)
	  Index Cond: ((id >= 2073637) AND (id <= 2073737))

table 8 : explain SELECT id FROM sbtest8 WHERE id BETWEEN 2073637 AND 2073737
	Index Only Scan using sbtest8_pkey on sbtest8  (cost=0.43..10.54 rows=105 width=4)
	  Index Cond: ((id >= 2073637) AND (id <= 2073737))

explain: for range-covered :: explain SELECT id FROM sbtest%d WHERE id BETWEEN 3152595 AND 3152695
for range-covered
table 1 : explain SELECT id FROM sbtest1 WHERE id BETWEEN 5670426 AND 5670526
	Index Only Scan using sbtest1_pkey on sbtest1  (cost=0.43..6.29 rows=93 width=4)
	  Index Cond: ((id >= 5670426) AND (id <= 5670526))

table 2 : explain SELECT id FROM sbtest2 WHERE id BETWEEN 5670426 AND 5670526
	Index Only Scan using sbtest2_pkey on sbtest2  (cost=0.43..6.61 rows=109 width=4)
	  Index Cond: ((id >= 5670426) AND (id <= 5670526))

table 3 : explain SELECT id FROM sbtest3 WHERE id BETWEEN 5670426 AND 5670526
	Index Only Scan using sbtest3_pkey on sbtest3  (cost=0.43..6.45 rows=101 width=4)
	  Index Cond: ((id >= 5670426) AND (id <= 5670526))

table 4 : explain SELECT id FROM sbtest4 WHERE id BETWEEN 5670426 AND 5670526
	Index Only Scan using sbtest4_pkey on sbtest4  (cost=0.43..6.51 rows=104 width=4)
	  Index Cond: ((id >= 5670426) AND (id <= 5670526))

table 5 : explain SELECT id FROM sbtest5 WHERE id BETWEEN 5670426 AND 5670526
	Index Only Scan using sbtest5_pkey on sbtest5  (cost=0.43..6.32 rows=94 width=4)
	  Index Cond: ((id >= 5670426) AND (id <= 5670526))

table 6 : explain SELECT id FROM sbtest6 WHERE id BETWEEN 5670426 AND 5670526
	Index Only Scan using sbtest6_pkey on sbtest6  (cost=0.43..6.50 rows=103 width=4)
	  Index Cond: ((id >= 5670426) AND (id <= 5670526))

table 7 : explain SELECT id FROM sbtest7 WHERE id BETWEEN 5670426 AND 5670526
	Index Only Scan using sbtest7_pkey on sbtest7  (cost=0.43..6.35 rows=96 width=4)
	  Index Cond: ((id >= 5670426) AND (id <= 5670526))

table 8 : explain SELECT id FROM sbtest8 WHERE id BETWEEN 5670426 AND 5670526
	Index Only Scan using sbtest8_pkey on sbtest8  (cost=0.43..10.50 rows=103 width=4)
	  Index Cond: ((id >= 5670426) AND (id <= 5670526))

explain: for range-covered :: explain SELECT id FROM sbtest%d WHERE id BETWEEN 5670426 AND 5670526
for range-covered
table 1 : explain SELECT id FROM sbtest1 WHERE id BETWEEN 6720582 AND 6720682
	Index Only Scan using sbtest1_pkey on sbtest1  (cost=0.43..6.42 rows=99 width=4)
	  Index Cond: ((id >= 6720582) AND (id <= 6720682))

table 2 : explain SELECT id FROM sbtest2 WHERE id BETWEEN 6720582 AND 6720682
	Index Only Scan using sbtest2_pkey on sbtest2  (cost=0.43..6.47 rows=102 width=4)
	  Index Cond: ((id >= 6720582) AND (id <= 6720682))

table 3 : explain SELECT id FROM sbtest3 WHERE id BETWEEN 6720582 AND 6720682
	Index Only Scan using sbtest3_pkey on sbtest3  (cost=0.43..6.63 rows=110 width=4)
	  Index Cond: ((id >= 6720582) AND (id <= 6720682))

table 4 : explain SELECT id FROM sbtest4 WHERE id BETWEEN 6720582 AND 6720682
	Index Only Scan using sbtest4_pkey on sbtest4  (cost=0.43..6.47 rows=102 width=4)
	  Index Cond: ((id >= 6720582) AND (id <= 6720682))

table 5 : explain SELECT id FROM sbtest5 WHERE id BETWEEN 6720582 AND 6720682
	Index Only Scan using sbtest5_pkey on sbtest5  (cost=0.43..6.45 rows=101 width=4)
	  Index Cond: ((id >= 6720582) AND (id <= 6720682))

table 6 : explain SELECT id FROM sbtest6 WHERE id BETWEEN 6720582 AND 6720682
	Index Only Scan using sbtest6_pkey on sbtest6  (cost=0.43..6.51 rows=104 width=4)
	  Index Cond: ((id >= 6720582) AND (id <= 6720682))

table 7 : explain SELECT id FROM sbtest7 WHERE id BETWEEN 6720582 AND 6720682
	Index Only Scan using sbtest7_pkey on sbtest7  (cost=0.43..6.51 rows=104 width=4)
	  Index Cond: ((id >= 6720582) AND (id <= 6720682))

table 8 : explain SELECT id FROM sbtest8 WHERE id BETWEEN 6720582 AND 6720682
	Index Only Scan using sbtest8_pkey on sbtest8  (cost=0.43..10.33 rows=95 width=4)
	  Index Cond: ((id >= 6720582) AND (id <= 6720682))

for range-covered
table 1 : explain SELECT id FROM sbtest1 WHERE id BETWEEN 4146363 AND 4146463
	Index Only Scan using sbtest1_pkey on sbtest1  (cost=0.43..6.51 rows=104 width=4)
	  Index Cond: ((id >= 4146363) AND (id <= 4146463))

table 2 : explain SELECT id FROM sbtest2 WHERE id BETWEEN 4146363 AND 4146463
	Index Only Scan using sbtest2_pkey on sbtest2  (cost=0.43..6.32 rows=94 width=4)
	  Index Cond: ((id >= 4146363) AND (id <= 4146463))

table 3 : explain SELECT id FROM sbtest3 WHERE id BETWEEN 4146363 AND 4146463
	Index Only Scan using sbtest3_pkey on sbtest3  (cost=0.43..6.58 rows=107 width=4)
	  Index Cond: ((id >= 4146363) AND (id <= 4146463))

table 4 : explain SELECT id FROM sbtest4 WHERE id BETWEEN 4146363 AND 4146463
	Index Only Scan using sbtest4_pkey on sbtest4  (cost=0.43..6.37 rows=97 width=4)
	  Index Cond: ((id >= 4146363) AND (id <= 4146463))

table 5 : explain SELECT id FROM sbtest5 WHERE id BETWEEN 4146363 AND 4146463
	Index Only Scan using sbtest5_pkey on sbtest5  (cost=0.43..6.40 rows=98 width=4)
	  Index Cond: ((id >= 4146363) AND (id <= 4146463))

table 6 : explain SELECT id FROM sbtest6 WHERE id BETWEEN 4146363 AND 4146463
	Index Only Scan using sbtest6_pkey on sbtest6  (cost=0.43..6.29 rows=93 width=4)
	  Index Cond: ((id >= 4146363) AND (id <= 4146463))

table 7 : explain SELECT id FROM sbtest7 WHERE id BETWEEN 4146363 AND 4146463
	Index Only Scan using sbtest7_pkey on sbtest7  (cost=0.43..6.43 rows=100 width=4)
	  Index Cond: ((id >= 4146363) AND (id <= 4146463))

table 8 : explain SELECT id FROM sbtest8 WHERE id BETWEEN 4146363 AND 4146463
	Index Only Scan using sbtest8_pkey on sbtest8  (cost=0.43..10.50 rows=103 width=4)
	  Index Cond: ((id >= 4146363) AND (id <= 4146463))

for range-covered
table 1 : explain SELECT id FROM sbtest1 WHERE id BETWEEN 2742745 AND 2742845
	Index Only Scan using sbtest1_pkey on sbtest1  (cost=0.43..6.47 rows=102 width=4)
	  Index Cond: ((id >= 2742745) AND (id <= 2742845))

table 2 : explain SELECT id FROM sbtest2 WHERE id BETWEEN 2742745 AND 2742845
	Index Only Scan using sbtest2_pkey on sbtest2  (cost=0.43..6.53 rows=105 width=4)
	  Index Cond: ((id >= 2742745) AND (id <= 2742845))

table 3 : explain SELECT id FROM sbtest3 WHERE id BETWEEN 2742745 AND 2742845
	Index Only Scan using sbtest3_pkey on sbtest3  (cost=0.43..6.42 rows=99 width=4)
	  Index Cond: ((id >= 2742745) AND (id <= 2742845))

table 4 : explain SELECT id FROM sbtest4 WHERE id BETWEEN 2742745 AND 2742845
	Index Only Scan using sbtest4_pkey on sbtest4  (cost=0.43..6.43 rows=100 width=4)
	  Index Cond: ((id >= 2742745) AND (id <= 2742845))

table 5 : explain SELECT id FROM sbtest5 WHERE id BETWEEN 2742745 AND 2742845
	Index Only Scan using sbtest5_pkey on sbtest5  (cost=0.43..6.42 rows=99 width=4)
	  Index Cond: ((id >= 2742745) AND (id <= 2742845))

table 6 : explain SELECT id FROM sbtest6 WHERE id BETWEEN 2742745 AND 2742845
	Index Only Scan using sbtest6_pkey on sbtest6  (cost=0.43..6.27 rows=92 width=4)
	  Index Cond: ((id >= 2742745) AND (id <= 2742845))

table 7 : explain SELECT id FROM sbtest7 WHERE id BETWEEN 2742745 AND 2742845
	Index Only Scan using sbtest7_pkey on sbtest7  (cost=0.43..6.27 rows=92 width=4)
	  Index Cond: ((id >= 2742745) AND (id <= 2742845))

table 8 : explain SELECT id FROM sbtest8 WHERE id BETWEEN 2742745 AND 2742845
	Index Only Scan using sbtest8_pkey on sbtest8  (cost=0.43..10.29 rows=93 width=4)
	  Index Cond: ((id >= 2742745) AND (id <= 2742845))

explain: for range-covered :: explain SELECT id FROM sbtest%d WHERE id BETWEEN 6720582 AND 6720682
explain: for range-covered :: explain SELECT id FROM sbtest%d WHERE id BETWEEN 4146363 AND 4146463
explain: for range-covered :: explain SELECT id FROM sbtest%d WHERE id BETWEEN 2742745 AND 2742845
explain: for range-covered :: explain SELECT id FROM sbtest%d WHERE id BETWEEN 2073637 AND 2073737
for range-covered
table 1 : explain SELECT id FROM sbtest1 WHERE id BETWEEN 5670426 AND 5670526
	Index Only Scan using sbtest1_pkey on sbtest1  (cost=0.43..6.29 rows=93 width=4)
	  Index Cond: ((id >= 5670426) AND (id <= 5670526))

table 2 : explain SELECT id FROM sbtest2 WHERE id BETWEEN 5670426 AND 5670526
	Index Only Scan using sbtest2_pkey on sbtest2  (cost=0.43..6.61 rows=109 width=4)
	  Index Cond: ((id >= 5670426) AND (id <= 5670526))

table 3 : explain SELECT id FROM sbtest3 WHERE id BETWEEN 5670426 AND 5670526
	Index Only Scan using sbtest3_pkey on sbtest3  (cost=0.43..6.45 rows=101 width=4)
	  Index Cond: ((id >= 5670426) AND (id <= 5670526))

table 4 : explain SELECT id FROM sbtest4 WHERE id BETWEEN 5670426 AND 5670526
	Index Only Scan using sbtest4_pkey on sbtest4  (cost=0.43..6.51 rows=104 width=4)
	  Index Cond: ((id >= 5670426) AND (id <= 5670526))

table 5 : explain SELECT id FROM sbtest5 WHERE id BETWEEN 5670426 AND 5670526
	Index Only Scan using sbtest5_pkey on sbtest5  (cost=0.43..6.32 rows=94 width=4)
	  Index Cond: ((id >= 5670426) AND (id <= 5670526))

table 6 : explain SELECT id FROM sbtest6 WHERE id BETWEEN 5670426 AND 5670526
	Index Only Scan using sbtest6_pkey on sbtest6  (cost=0.43..6.50 rows=103 width=4)
	  Index Cond: ((id >= 5670426) AND (id <= 5670526))

table 7 : explain SELECT id FROM sbtest7 WHERE id BETWEEN 5670426 AND 5670526
	Index Only Scan using sbtest7_pkey on sbtest7  (cost=0.43..6.35 rows=96 width=4)
	  Index Cond: ((id >= 5670426) AND (id <= 5670526))

table 8 : explain SELECT id FROM sbtest8 WHERE id BETWEEN 5670426 AND 5670526
	Index Only Scan using sbtest8_pkey on sbtest8  (cost=0.43..10.50 rows=103 width=4)
	  Index Cond: ((id >= 5670426) AND (id <= 5670526))

explain: for range-covered :: explain SELECT id FROM sbtest%d WHERE id BETWEEN 5670426 AND 5670526
for range-covered
table 1 : explain SELECT id FROM sbtest1 WHERE id BETWEEN 2742745 AND 2742845
	Index Only Scan using sbtest1_pkey on sbtest1  (cost=0.43..6.47 rows=102 width=4)
	  Index Cond: ((id >= 2742745) AND (id <= 2742845))

table 2 : explain SELECT id FROM sbtest2 WHERE id BETWEEN 2742745 AND 2742845
	Index Only Scan using sbtest2_pkey on sbtest2  (cost=0.43..6.53 rows=105 width=4)
	  Index Cond: ((id >= 2742745) AND (id <= 2742845))

table 3 : explain SELECT id FROM sbtest3 WHERE id BETWEEN 2742745 AND 2742845
	Index Only Scan using sbtest3_pkey on sbtest3  (cost=0.43..6.42 rows=99 width=4)
	  Index Cond: ((id >= 2742745) AND (id <= 2742845))

table 4 : explain SELECT id FROM sbtest4 WHERE id BETWEEN 2742745 AND 2742845
	Index Only Scan using sbtest4_pkey on sbtest4  (cost=0.43..6.43 rows=100 width=4)
	  Index Cond: ((id >= 2742745) AND (id <= 2742845))

table 5 : explain SELECT id FROM sbtest5 WHERE id BETWEEN 2742745 AND 2742845
	Index Only Scan using sbtest5_pkey on sbtest5  (cost=0.43..6.42 rows=99 width=4)
	  Index Cond: ((id >= 2742745) AND (id <= 2742845))

table 6 : explain SELECT id FROM sbtest6 WHERE id BETWEEN 2742745 AND 2742845
	Index Only Scan using sbtest6_pkey on sbtest6  (cost=0.43..6.27 rows=92 width=4)
	  Index Cond: ((id >= 2742745) AND (id <= 2742845))

table 7 : explain SELECT id FROM sbtest7 WHERE id BETWEEN 2742745 AND 2742845
	Index Only Scan using sbtest7_pkey on sbtest7  (cost=0.43..6.27 rows=92 width=4)
	  Index Cond: ((id >= 2742745) AND (id <= 2742845))

table 8 : explain SELECT id FROM sbtest8 WHERE id BETWEEN 2742745 AND 2742845
	Index Only Scan using sbtest8_pkey on sbtest8  (cost=0.43..10.29 rows=93 width=4)
	  Index Cond: ((id >= 2742745) AND (id <= 2742845))

explain: for range-covered :: explain SELECT id FROM sbtest%d WHERE id BETWEEN 2742745 AND 2742845
for range-covered
table 1 : explain SELECT id FROM sbtest1 WHERE id BETWEEN 2073637 AND 2073737
	Index Only Scan using sbtest1_pkey on sbtest1  (cost=0.43..6.51 rows=104 width=4)
	  Index Cond: ((id >= 2073637) AND (id <= 2073737))

table 2 : explain SELECT id FROM sbtest2 WHERE id BETWEEN 2073637 AND 2073737
	Index Only Scan using sbtest2_pkey on sbtest2  (cost=0.43..6.33 rows=95 width=4)
	  Index Cond: ((id >= 2073637) AND (id <= 2073737))

table 3 : explain SELECT id FROM sbtest3 WHERE id BETWEEN 2073637 AND 2073737
	Index Only Scan using sbtest3_pkey on sbtest3  (cost=0.43..6.43 rows=100 width=4)
	  Index Cond: ((id >= 2073637) AND (id <= 2073737))

table 4 : explain SELECT id FROM sbtest4 WHERE id BETWEEN 2073637 AND 2073737
	Index Only Scan using sbtest4_pkey on sbtest4  (cost=0.43..6.47 rows=102 width=4)
	  Index Cond: ((id >= 2073637) AND (id <= 2073737))

table 5 : explain SELECT id FROM sbtest5 WHERE id BETWEEN 2073637 AND 2073737
	Index Only Scan using sbtest5_pkey on sbtest5  (cost=0.43..6.53 rows=105 width=4)
	  Index Cond: ((id >= 2073637) AND (id <= 2073737))

table 6 : explain SELECT id FROM sbtest6 WHERE id BETWEEN 2073637 AND 2073737
	Index Only Scan using sbtest6_pkey on sbtest6  (cost=0.43..6.40 rows=98 width=4)
	  Index Cond: ((id >= 2073637) AND (id <= 2073737))

table 7 : explain SELECT id FROM sbtest7 WHERE id BETWEEN 2073637 AND 2073737
	Index Only Scan using sbtest7_pkey on sbtest7  (cost=0.43..6.33 rows=95 width=4)
	  Index Cond: ((id >= 2073637) AND (id <= 2073737))

table 8 : explain SELECT id FROM sbtest8 WHERE id BETWEEN 2073637 AND 2073737
	Index Only Scan using sbtest8_pkey on sbtest8  (cost=0.43..10.54 rows=105 width=4)
	  Index Cond: ((id >= 2073637) AND (id <= 2073737))

for range-covered
table 1 : explain SELECT id FROM sbtest1 WHERE id BETWEEN 5670426 AND 5670526
	Index Only Scan using sbtest1_pkey on sbtest1  (cost=0.43..6.29 rows=93 width=4)
	  Index Cond: ((id >= 5670426) AND (id <= 5670526))

table 2 : explain SELECT id FROM sbtest2 WHERE id BETWEEN 5670426 AND 5670526
	Index Only Scan using sbtest2_pkey on sbtest2  (cost=0.43..6.61 rows=109 width=4)
	  Index Cond: ((id >= 5670426) AND (id <= 5670526))

table 3 : explain SELECT id FROM sbtest3 WHERE id BETWEEN 5670426 AND 5670526
	Index Only Scan using sbtest3_pkey on sbtest3  (cost=0.43..6.45 rows=101 width=4)
	  Index Cond: ((id >= 5670426) AND (id <= 5670526))

table 4 : explain SELECT id FROM sbtest4 WHERE id BETWEEN 5670426 AND 5670526
	Index Only Scan using sbtest4_pkey on sbtest4  (cost=0.43..6.51 rows=104 width=4)
	  Index Cond: ((id >= 5670426) AND (id <= 5670526))

table 5 : explain SELECT id FROM sbtest5 WHERE id BETWEEN 5670426 AND 5670526
	Index Only Scan using sbtest5_pkey on sbtest5  (cost=0.43..6.32 rows=94 width=4)
	  Index Cond: ((id >= 5670426) AND (id <= 5670526))

table 6 : explain SELECT id FROM sbtest6 WHERE id BETWEEN 5670426 AND 5670526
	Index Only Scan using sbtest6_pkey on sbtest6  (cost=0.43..6.50 rows=103 width=4)
	  Index Cond: ((id >= 5670426) AND (id <= 5670526))

table 7 : explain SELECT id FROM sbtest7 WHERE id BETWEEN 5670426 AND 5670526
	Index Only Scan using sbtest7_pkey on sbtest7  (cost=0.43..6.35 rows=96 width=4)
	  Index Cond: ((id >= 5670426) AND (id <= 5670526))

table 8 : explain SELECT id FROM sbtest8 WHERE id BETWEEN 5670426 AND 5670526
	Index Only Scan using sbtest8_pkey on sbtest8  (cost=0.43..10.50 rows=103 width=4)
	  Index Cond: ((id >= 5670426) AND (id <= 5670526))

for range-covered
table 1 : explain SELECT id FROM sbtest1 WHERE id BETWEEN 9586303 AND 9586403
	Index Only Scan using sbtest1_pkey on sbtest1  (cost=0.43..6.59 rows=108 width=4)
	  Index Cond: ((id >= 9586303) AND (id <= 9586403))

table 2 : explain SELECT id FROM sbtest2 WHERE id BETWEEN 9586303 AND 9586403
	Index Only Scan using sbtest2_pkey on sbtest2  (cost=0.43..6.43 rows=100 width=4)
	  Index Cond: ((id >= 9586303) AND (id <= 9586403))

table 3 : explain SELECT id FROM sbtest3 WHERE id BETWEEN 9586303 AND 9586403
	Index Only Scan using sbtest3_pkey on sbtest3  (cost=0.43..6.47 rows=102 width=4)
	  Index Cond: ((id >= 9586303) AND (id <= 9586403))

table 4 : explain SELECT id FROM sbtest4 WHERE id BETWEEN 9586303 AND 9586403
	Index Only Scan using sbtest4_pkey on sbtest4  (cost=0.43..6.47 rows=102 width=4)
	  Index Cond: ((id >= 9586303) AND (id <= 9586403))

table 5 : explain SELECT id FROM sbtest5 WHERE id BETWEEN 9586303 AND 9586403
	Index Only Scan using sbtest5_pkey on sbtest5  (cost=0.43..6.40 rows=98 width=4)
	  Index Cond: ((id >= 9586303) AND (id <= 9586403))

table 6 : explain SELECT id FROM sbtest6 WHERE id BETWEEN 9586303 AND 9586403
	Index Only Scan using sbtest6_pkey on sbtest6  (cost=0.43..6.58 rows=107 width=4)
	  Index Cond: ((id >= 9586303) AND (id <= 9586403))

table 7 : explain SELECT id FROM sbtest7 WHERE id BETWEEN 9586303 AND 9586403
	Index Only Scan using sbtest7_pkey on sbtest7  (cost=0.43..6.33 rows=95 width=4)
	  Index Cond: ((id >= 9586303) AND (id <= 9586403))

table 8 : explain SELECT id FROM sbtest8 WHERE id BETWEEN 9586303 AND 9586403
	Index Only Scan using sbtest8_pkey on sbtest8  (cost=0.43..10.54 rows=105 width=4)
	  Index Cond: ((id >= 9586303) AND (id <= 9586403))

explain: for range-covered :: explain SELECT id FROM sbtest%d WHERE id BETWEEN 5670426 AND 5670526
explain: for range-covered :: explain SELECT id FROM sbtest%d WHERE id BETWEEN 9586303 AND 9586403for range-covered
table 1 : explain SELECT id FROM sbtest1 WHERE id BETWEEN 6409291 AND 6409391
	Index Only Scan using sbtest1_pkey on sbtest1  (cost=0.43..6.37 rows=97 width=4)
	  Index Cond: ((id >= 6409291) AND (id <= 6409391))

table 2 : explain SELECT id FROM sbtest2 WHERE id BETWEEN 6409291 AND 6409391
	Index Only Scan using sbtest2_pkey on sbtest2  (cost=0.43..6.27 rows=92 width=4)
	  Index Cond: ((id >= 6409291) AND (id <= 6409391))

table 3 : explain SELECT id FROM sbtest3 WHERE id BETWEEN 6409291 AND 6409391
	Index Only Scan using sbtest3_pkey on sbtest3  (cost=0.43..6.24 rows=90 width=4)
	  Index Cond: ((id >= 6409291) AND (id <= 6409391))

table 4 : explain SELECT id FROM sbtest4 WHERE id BETWEEN 6409291 AND 6409391
	Index Only Scan using sbtest4_pkey on sbtest4  (cost=0.43..6.56 rows=106 width=4)
	  Index Cond: ((id >= 6409291) AND (id <= 6409391))

table 5 : explain SELECT id FROM sbtest5 WHERE id BETWEEN 6409291 AND 6409391
	Index Only Scan using sbtest5_pkey on sbtest5  (cost=0.43..6.45 rows=101 width=4)
	  Index Cond: ((id >= 6409291) AND (id <= 6409391))

table 6 : explain SELECT id FROM sbtest6 WHERE id BETWEEN 6409291 AND 6409391
	Index Only Scan using sbtest6_pkey on sbtest6  (cost=0.43..6.69 rows=113 width=4)
	  Index Cond: ((id >= 6409291) AND (id <= 6409391))

table 7 : explain SELECT id FROM sbtest7 WHERE id BETWEEN 6409291 AND 6409391
	Index Only Scan using sbtest7_pkey on sbtest7  (cost=0.43..6.43 rows=100 width=4)
	  Index Cond: ((id >= 6409291) AND (id <= 6409391))

table 8 : explain SELECT id FROM sbtest8 WHERE id BETWEEN 6409291 AND 6409391
	Index Only Scan using sbtest8_pkey on sbtest8  (cost=0.43..10.60 rows=108 width=4)
	  Index Cond: ((id >= 6409291) AND (id <= 6409391))


explain: for range-covered :: explain SELECT id FROM sbtest%d WHERE id BETWEEN 6409291 AND 6409391
for range-covered
table 1 : explain SELECT id FROM sbtest1 WHERE id BETWEEN 6720582 AND 6720682
	Index Only Scan using sbtest1_pkey on sbtest1  (cost=0.43..6.42 rows=99 width=4)
	  Index Cond: ((id >= 6720582) AND (id <= 6720682))

table 2 : explain SELECT id FROM sbtest2 WHERE id BETWEEN 6720582 AND 6720682
	Index Only Scan using sbtest2_pkey on sbtest2  (cost=0.43..6.47 rows=102 width=4)
	  Index Cond: ((id >= 6720582) AND (id <= 6720682))

table 3 : explain SELECT id FROM sbtest3 WHERE id BETWEEN 6720582 AND 6720682
	Index Only Scan using sbtest3_pkey on sbtest3  (cost=0.43..6.63 rows=110 width=4)
	  Index Cond: ((id >= 6720582) AND (id <= 6720682))

table 4 : explain SELECT id FROM sbtest4 WHERE id BETWEEN 6720582 AND 6720682
	Index Only Scan using sbtest4_pkey on sbtest4  (cost=0.43..6.47 rows=102 width=4)
	  Index Cond: ((id >= 6720582) AND (id <= 6720682))

table 5 : explain SELECT id FROM sbtest5 WHERE id BETWEEN 6720582 AND 6720682
	Index Only Scan using sbtest5_pkey on sbtest5  (cost=0.43..6.45 rows=101 width=4)
	  Index Cond: ((id >= 6720582) AND (id <= 6720682))

table 6 : explain SELECT id FROM sbtest6 WHERE id BETWEEN 6720582 AND 6720682
	Index Only Scan using sbtest6_pkey on sbtest6  (cost=0.43..6.51 rows=104 width=4)
	  Index Cond: ((id >= 6720582) AND (id <= 6720682))

table 7 : explain SELECT id FROM sbtest7 WHERE id BETWEEN 6720582 AND 6720682
	Index Only Scan using sbtest7_pkey on sbtest7  (cost=0.43..6.51 rows=104 width=4)
	  Index Cond: ((id >= 6720582) AND (id <= 6720682))

table 8 : explain SELECT id FROM sbtest8 WHERE id BETWEEN 6720582 AND 6720682
	Index Only Scan using sbtest8_pkey on sbtest8  (cost=0.43..10.33 rows=95 width=4)
	  Index Cond: ((id >= 6720582) AND (id <= 6720682))

for range-covered
table 1 : explain SELECT id FROM sbtest1 WHERE id BETWEEN 2742745 AND 2742845
	Index Only Scan using sbtest1_pkey on sbtest1  (cost=0.43..6.47 rows=102 width=4)
	  Index Cond: ((id >= 2742745) AND (id <= 2742845))

table 2 : explain SELECT id FROM sbtest2 WHERE id BETWEEN 2742745 AND 2742845
	Index Only Scan using sbtest2_pkey on sbtest2  (cost=0.43..6.53 rows=105 width=4)
	  Index Cond: ((id >= 2742745) AND (id <= 2742845))

table 3 : explain SELECT id FROM sbtest3 WHERE id BETWEEN 2742745 AND 2742845
	Index Only Scan using sbtest3_pkey on sbtest3  (cost=0.43..6.42 rows=99 width=4)
	  Index Cond: ((id >= 2742745) AND (id <= 2742845))

table 4 : explain SELECT id FROM sbtest4 WHERE id BETWEEN 2742745 AND 2742845
	Index Only Scan using sbtest4_pkey on sbtest4  (cost=0.43..6.43 rows=100 width=4)
	  Index Cond: ((id >= 2742745) AND (id <= 2742845))

table 5 : explain SELECT id FROM sbtest5 WHERE id BETWEEN 2742745 AND 2742845
	Index Only Scan using sbtest5_pkey on sbtest5  (cost=0.43..6.42 rows=99 width=4)
	  Index Cond: ((id >= 2742745) AND (id <= 2742845))

table 6 : explain SELECT id FROM sbtest6 WHERE id BETWEEN 2742745 AND 2742845
	Index Only Scan using sbtest6_pkey on sbtest6  (cost=0.43..6.27 rows=92 width=4)
	  Index Cond: ((id >= 2742745) AND (id <= 2742845))

table 7 : explain SELECT id FROM sbtest7 WHERE id BETWEEN 2742745 AND 2742845
	Index Only Scan using sbtest7_pkey on sbtest7  (cost=0.43..6.27 rows=92 width=4)
	  Index Cond: ((id >= 2742745) AND (id <= 2742845))

table 8 : explain SELECT id FROM sbtest8 WHERE id BETWEEN 2742745 AND 2742845
	Index Only Scan using sbtest8_pkey on sbtest8  (cost=0.43..10.29 rows=93 width=4)
	  Index Cond: ((id >= 2742745) AND (id <= 2742845))

explain: for range-covered :: explain SELECT id FROM sbtest%d WHERE id BETWEEN 2742745 AND 2742845
for range-covered
table 1 : explain SELECT id FROM sbtest1 WHERE id BETWEEN 4146363 AND 4146463
	Index Only Scan using sbtest1_pkey on sbtest1  (cost=0.43..6.51 rows=104 width=4)
	  Index Cond: ((id >= 4146363) AND (id <= 4146463))

table 2 : explain SELECT id FROM sbtest2 WHERE id BETWEEN 4146363 AND 4146463
	Index Only Scan using sbtest2_pkey on sbtest2  (cost=0.43..6.32 rows=94 width=4)
	  Index Cond: ((id >= 4146363) AND (id <= 4146463))

table 3 : explain SELECT id FROM sbtest3 WHERE id BETWEEN 4146363 AND 4146463
	Index Only Scan using sbtest3_pkey on sbtest3  (cost=0.43..6.58 rows=107 width=4)
	  Index Cond: ((id >= 4146363) AND (id <= 4146463))

table 4 : explain SELECT id FROM sbtest4 WHERE id BETWEEN 4146363 AND 4146463
	Index Only Scan using sbtest4_pkey on sbtest4  (cost=0.43..6.37 rows=97 width=4)
	  Index Cond: ((id >= 4146363) AND (id <= 4146463))

table 5 : explain SELECT id FROM sbtest5 WHERE id BETWEEN 4146363 AND 4146463
	Index Only Scan using sbtest5_pkey on sbtest5  (cost=0.43..6.40 rows=98 width=4)
	  Index Cond: ((id >= 4146363) AND (id <= 4146463))

table 6 : explain SELECT id FROM sbtest6 WHERE id BETWEEN 4146363 AND 4146463
	Index Only Scan using sbtest6_pkey on sbtest6  (cost=0.43..6.29 rows=93 width=4)
	  Index Cond: ((id >= 4146363) AND (id <= 4146463))

table 7 : explain SELECT id FROM sbtest7 WHERE id BETWEEN 4146363 AND 4146463
	Index Only Scan using sbtest7_pkey on sbtest7  (cost=0.43..6.43 rows=100 width=4)
	  Index Cond: ((id >= 4146363) AND (id <= 4146463))

table 8 : explain SELECT id FROM sbtest8 WHERE id BETWEEN 4146363 AND 4146463
	Index Only Scan using sbtest8_pkey on sbtest8  (cost=0.43..10.50 rows=103 width=4)
	  Index Cond: ((id >= 4146363) AND (id <= 4146463))

explain: for range-covered :: explain SELECT id FROM sbtest%d WHERE id BETWEEN 5290863 AND 5290963
for range-covered
table 1 : explain SELECT id FROM sbtest1 WHERE id BETWEEN 5670426 AND 5670526
	Index Only Scan using sbtest1_pkey on sbtest1  (cost=0.43..6.29 rows=93 width=4)
	  Index Cond: ((id >= 5670426) AND (id <= 5670526))

table 2 : explain SELECT id FROM sbtest2 WHERE id BETWEEN 5670426 AND 5670526
	Index Only Scan using sbtest2_pkey on sbtest2  (cost=0.43..6.61 rows=109 width=4)
	  Index Cond: ((id >= 5670426) AND (id <= 5670526))

table 3 : explain SELECT id FROM sbtest3 WHERE id BETWEEN 5670426 AND 5670526
	Index Only Scan using sbtest3_pkey on sbtest3  (cost=0.43..6.45 rows=101 width=4)
	  Index Cond: ((id >= 5670426) AND (id <= 5670526))

table 4 : explain SELECT id FROM sbtest4 WHERE id BETWEEN 5670426 AND 5670526
	Index Only Scan using sbtest4_pkey on sbtest4  (cost=0.43..6.51 rows=104 width=4)
	  Index Cond: ((id >= 5670426) AND (id <= 5670526))

table 5 : explain SELECT id FROM sbtest5 WHERE id BETWEEN 5670426 AND 5670526
	Index Only Scan using sbtest5_pkey on sbtest5  (cost=0.43..6.32 rows=94 width=4)
	  Index Cond: ((id >= 5670426) AND (id <= 5670526))

table 6 : explain SELECT id FROM sbtest6 WHERE id BETWEEN 5670426 AND 5670526
	Index Only Scan using sbtest6_pkey on sbtest6  (cost=0.43..6.50 rows=103 width=4)
	  Index Cond: ((id >= 5670426) AND (id <= 5670526))

table 7 : explain SELECT id FROM sbtest7 WHERE id BETWEEN 5670426 AND 5670526
	Index Only Scan using sbtest7_pkey on sbtest7  (cost=0.43..6.35 rows=96 width=4)
	  Index Cond: ((id >= 5670426) AND (id <= 5670526))

table 8 : explain SELECT id FROM sbtest8 WHERE id BETWEEN 5670426 AND 5670526
	Index Only Scan using sbtest8_pkey on sbtest8  (cost=0.43..10.50 rows=103 width=4)
	  Index Cond: ((id >= 5670426) AND (id <= 5670526))

explain: for range-covered :: explain SELECT id FROM sbtest%d WHERE id BETWEEN 5670426 AND 5670526
for range-covered
table 1 : explain SELECT id FROM sbtest1 WHERE id BETWEEN 9586303 AND 9586403
	Index Only Scan using sbtest1_pkey on sbtest1  (cost=0.43..6.59 rows=108 width=4)
	  Index Cond: ((id >= 9586303) AND (id <= 9586403))

table 2 : explain SELECT id FROM sbtest2 WHERE id BETWEEN 9586303 AND 9586403
	Index Only Scan using sbtest2_pkey on sbtest2  (cost=0.43..6.43 rows=100 width=4)
	  Index Cond: ((id >= 9586303) AND (id <= 9586403))

table 3 : explain SELECT id FROM sbtest3 WHERE id BETWEEN 9586303 AND 9586403
	Index Only Scan using sbtest3_pkey on sbtest3  (cost=0.43..6.47 rows=102 width=4)
	  Index Cond: ((id >= 9586303) AND (id <= 9586403))

table 4 : explain SELECT id FROM sbtest4 WHERE id BETWEEN 9586303 AND 9586403
	Index Only Scan using sbtest4_pkey on sbtest4  (cost=0.43..6.47 rows=102 width=4)
	  Index Cond: ((id >= 9586303) AND (id <= 9586403))

table 5 : explain SELECT id FROM sbtest5 WHERE id BETWEEN 9586303 AND 9586403
	Index Only Scan using sbtest5_pkey on sbtest5  (cost=0.43..6.40 rows=98 width=4)
	  Index Cond: ((id >= 9586303) AND (id <= 9586403))

table 6 : explain SELECT id FROM sbtest6 WHERE id BETWEEN 9586303 AND 9586403
	Index Only Scan using sbtest6_pkey on sbtest6  (cost=0.43..6.58 rows=107 width=4)
	  Index Cond: ((id >= 9586303) AND (id <= 9586403))

table 7 : explain SELECT id FROM sbtest7 WHERE id BETWEEN 9586303 AND 9586403
	Index Only Scan using sbtest7_pkey on sbtest7  (cost=0.43..6.33 rows=95 width=4)
	  Index Cond: ((id >= 9586303) AND (id <= 9586403))

table 8 : explain SELECT id FROM sbtest8 WHERE id BETWEEN 9586303 AND 9586403
	Index Only Scan using sbtest8_pkey on sbtest8  (cost=0.43..10.54 rows=105 width=4)
	  Index Cond: ((id >= 9586303) AND (id <= 9586403))

for range-covered
table 1 : explain SELECT id FROM sbtest1 WHERE id BETWEEN 6409291 AND 6409391
	Index Only Scan using sbtest1_pkey on sbtest1  (cost=0.43..6.37 rows=97 width=4)
	  Index Cond: ((id >= 6409291) AND (id <= 6409391))

table 2 : explain SELECT id FROM sbtest2 WHERE id BETWEEN 6409291 AND 6409391
	Index Only Scan using sbtest2_pkey on sbtest2  (cost=0.43..6.27 rows=92 width=4)
	  Index Cond: ((id >= 6409291) AND (id <= 6409391))

table 3 : explain SELECT id FROM sbtest3 WHERE id BETWEEN 6409291 AND 6409391
	Index Only Scan using sbtest3_pkey on sbtest3  (cost=0.43..6.24 rows=90 width=4)
	  Index Cond: ((id >= 6409291) AND (id <= 6409391))

table 4 : explain SELECT id FROM sbtest4 WHERE id BETWEEN 6409291 AND 6409391
	Index Only Scan using sbtest4_pkey on sbtest4  (cost=0.43..6.56 rows=106 width=4)
	  Index Cond: ((id >= 6409291) AND (id <= 6409391))

table 5 : explain SELECT id FROM sbtest5 WHERE id BETWEEN 6409291 AND 6409391
	Index Only Scan using sbtest5_pkey on sbtest5  (cost=0.43..6.45 rows=101 width=4)
	  Index Cond: ((id >= 6409291) AND (id <= 6409391))

table 6 : explain SELECT id FROM sbtest6 WHERE id BETWEEN 6409291 AND 6409391
	Index Only Scan using sbtest6_pkey on sbtest6  (cost=0.43..6.69 rows=113 width=4)
	  Index Cond: ((id >= 6409291) AND (id <= 6409391))

table 7 : explain SELECT id FROM sbtest7 WHERE id BETWEEN 6409291 AND 6409391
	Index Only Scan using sbtest7_pkey on sbtest7  (cost=0.43..6.43 rows=100 width=4)
	  Index Cond: ((id >= 6409291) AND (id <= 6409391))

table 8 : explain SELECT id FROM sbtest8 WHERE id BETWEEN 6409291 AND 6409391
	Index Only Scan using sbtest8_pkey on sbtest8  (cost=0.43..10.60 rows=108 width=4)
	  Index Cond: ((id >= 6409291) AND (id <= 6409391))

explain: for range-covered :: explain SELECT id FROM sbtest%d WHERE id BETWEEN 9586303 AND 9586403
explain: for range-covered :: explain SELECT id FROM sbtest%d WHERE id BETWEEN 6409291 AND 6409391
for range-covered
table 1 : explain SELECT id FROM sbtest1 WHERE id BETWEEN 2742745 AND 2742845
	Index Only Scan using sbtest1_pkey on sbtest1  (cost=0.43..6.47 rows=102 width=4)
	  Index Cond: ((id >= 2742745) AND (id <= 2742845))

table 2 : explain SELECT id FROM sbtest2 WHERE id BETWEEN 2742745 AND 2742845
	Index Only Scan using sbtest2_pkey on sbtest2  (cost=0.43..6.53 rows=105 width=4)
	  Index Cond: ((id >= 2742745) AND (id <= 2742845))

table 3 : explain SELECT id FROM sbtest3 WHERE id BETWEEN 2742745 AND 2742845
	Index Only Scan using sbtest3_pkey on sbtest3  (cost=0.43..6.42 rows=99 width=4)
	  Index Cond: ((id >= 2742745) AND (id <= 2742845))

table 4 : explain SELECT id FROM sbtest4 WHERE id BETWEEN 2742745 AND 2742845
	Index Only Scan using sbtest4_pkey on sbtest4  (cost=0.43..6.43 rows=100 width=4)
	  Index Cond: ((id >= 2742745) AND (id <= 2742845))

table 5 : explain SELECT id FROM sbtest5 WHERE id BETWEEN 2742745 AND 2742845
	Index Only Scan using sbtest5_pkey on sbtest5  (cost=0.43..6.42 rows=99 width=4)
	  Index Cond: ((id >= 2742745) AND (id <= 2742845))

table 6 : explain SELECT id FROM sbtest6 WHERE id BETWEEN 2742745 AND 2742845
	Index Only Scan using sbtest6_pkey on sbtest6  (cost=0.43..6.27 rows=92 width=4)
	  Index Cond: ((id >= 2742745) AND (id <= 2742845))

table 7 : explain SELECT id FROM sbtest7 WHERE id BETWEEN 2742745 AND 2742845
	Index Only Scan using sbtest7_pkey on sbtest7  (cost=0.43..6.27 rows=92 width=4)
	  Index Cond: ((id >= 2742745) AND (id <= 2742845))

table 8 : explain SELECT id FROM sbtest8 WHERE id BETWEEN 2742745 AND 2742845
	Index Only Scan using sbtest8_pkey on sbtest8  (cost=0.43..10.29 rows=93 width=4)
	  Index Cond: ((id >= 2742745) AND (id <= 2742845))

explain: for range-covered :: explain SELECT id FROM sbtest%d WHERE id BETWEEN 2742745 AND 2742845
for range-covered
table 1 : explain SELECT id FROM sbtest1 WHERE id BETWEEN 5670426 AND 5670526
	Index Only Scan using sbtest1_pkey on sbtest1  (cost=0.43..6.29 rows=93 width=4)
	  Index Cond: ((id >= 5670426) AND (id <= 5670526))

table 2 : explain SELECT id FROM sbtest2 WHERE id BETWEEN 5670426 AND 5670526
	Index Only Scan using sbtest2_pkey on sbtest2  (cost=0.43..6.61 rows=109 width=4)
	  Index Cond: ((id >= 5670426) AND (id <= 5670526))

table 3 : explain SELECT id FROM sbtest3 WHERE id BETWEEN 5670426 AND 5670526
	Index Only Scan using sbtest3_pkey on sbtest3  (cost=0.43..6.45 rows=101 width=4)
	  Index Cond: ((id >= 5670426) AND (id <= 5670526))

table 4 : explain SELECT id FROM sbtest4 WHERE id BETWEEN 5670426 AND 5670526
	Index Only Scan using sbtest4_pkey on sbtest4  (cost=0.43..6.51 rows=104 width=4)
	  Index Cond: ((id >= 5670426) AND (id <= 5670526))

table 5 : explain SELECT id FROM sbtest5 WHERE id BETWEEN 5670426 AND 5670526
	Index Only Scan using sbtest5_pkey on sbtest5  (cost=0.43..6.32 rows=94 width=4)
	  Index Cond: ((id >= 5670426) AND (id <= 5670526))

table 6 : explain SELECT id FROM sbtest6 WHERE id BETWEEN 5670426 AND 5670526
	Index Only Scan using sbtest6_pkey on sbtest6  (cost=0.43..6.50 rows=103 width=4)
	  Index Cond: ((id >= 5670426) AND (id <= 5670526))

table 7 : explain SELECT id FROM sbtest7 WHERE id BETWEEN 5670426 AND 5670526
	Index Only Scan using sbtest7_pkey on sbtest7  (cost=0.43..6.35 rows=96 width=4)
	  Index Cond: ((id >= 5670426) AND (id <= 5670526))

table 8 : explain SELECT id FROM sbtest8 WHERE id BETWEEN 5670426 AND 5670526
	Index Only Scan using sbtest8_pkey on sbtest8  (cost=0.43..10.50 rows=103 width=4)
	  Index Cond: ((id >= 5670426) AND (id <= 5670526))

for range-covered
table 1 : explain SELECT id FROM sbtest1 WHERE id BETWEEN 9586303 AND 9586403
	Index Only Scan using sbtest1_pkey on sbtest1  (cost=0.43..6.59 rows=108 width=4)
	  Index Cond: ((id >= 9586303) AND (id <= 9586403))

table 2 : explain SELECT id FROM sbtest2 WHERE id BETWEEN 9586303 AND 9586403
	Index Only Scan using sbtest2_pkey on sbtest2  (cost=0.43..6.43 rows=100 width=4)
	  Index Cond: ((id >= 9586303) AND (id <= 9586403))

table 3 : explain SELECT id FROM sbtest3 WHERE id BETWEEN 9586303 AND 9586403
	Index Only Scan using sbtest3_pkey on sbtest3  (cost=0.43..6.47 rows=102 width=4)
	  Index Cond: ((id >= 9586303) AND (id <= 9586403))

table 4 : explain SELECT id FROM sbtest4 WHERE id BETWEEN 9586303 AND 9586403
	Index Only Scan using sbtest4_pkey on sbtest4  (cost=0.43..6.47 rows=102 width=4)
	  Index Cond: ((id >= 9586303) AND (id <= 9586403))

table 5 : explain SELECT id FROM sbtest5 WHERE id BETWEEN 9586303 AND 9586403
	Index Only Scan using sbtest5_pkey on sbtest5  (cost=0.43..6.40 rows=98 width=4)
	  Index Cond: ((id >= 9586303) AND (id <= 9586403))

table 6 : explain SELECT id FROM sbtest6 WHERE id BETWEEN 9586303 AND 9586403
	Index Only Scan using sbtest6_pkey on sbtest6  (cost=0.43..6.58 rows=107 width=4)
	  Index Cond: ((id >= 9586303) AND (id <= 9586403))

table 7 : explain SELECT id FROM sbtest7 WHERE id BETWEEN 9586303 AND 9586403
	Index Only Scan using sbtest7_pkey on sbtest7  (cost=0.43..6.33 rows=95 width=4)
	  Index Cond: ((id >= 9586303) AND (id <= 9586403))

table 8 : explain SELECT id FROM sbtest8 WHERE id BETWEEN 9586303 AND 9586403
	Index Only Scan using sbtest8_pkey on sbtest8  (cost=0.43..10.54 rows=105 width=4)
	  Index Cond: ((id >= 9586303) AND (id <= 9586403))

for range-covered
table 1 : explain SELECT id FROM sbtest1 WHERE id BETWEEN 6409291 AND 6409391
	Index Only Scan using sbtest1_pkey on sbtest1  (cost=0.43..6.37 rows=97 width=4)
	  Index Cond: ((id >= 6409291) AND (id <= 6409391))

table 2 : explain SELECT id FROM sbtest2 WHERE id BETWEEN 6409291 AND 6409391
	Index Only Scan using sbtest2_pkey on sbtest2  (cost=0.43..6.27 rows=92 width=4)
	  Index Cond: ((id >= 6409291) AND (id <= 6409391))

table 3 : explain SELECT id FROM sbtest3 WHERE id BETWEEN 6409291 AND 6409391
	Index Only Scan using sbtest3_pkey on sbtest3  (cost=0.43..6.24 rows=90 width=4)
	  Index Cond: ((id >= 6409291) AND (id <= 6409391))

table 4 : explain SELECT id FROM sbtest4 WHERE id BETWEEN 6409291 AND 6409391
	Index Only Scan using sbtest4_pkey on sbtest4  (cost=0.43..6.56 rows=106 width=4)
	  Index Cond: ((id >= 6409291) AND (id <= 6409391))

table 5 : explain SELECT id FROM sbtest5 WHERE id BETWEEN 6409291 AND 6409391
	Index Only Scan using sbtest5_pkey on sbtest5  (cost=0.43..6.45 rows=101 width=4)
	  Index Cond: ((id >= 6409291) AND (id <= 6409391))

table 6 : explain SELECT id FROM sbtest6 WHERE id BETWEEN 6409291 AND 6409391
	Index Only Scan using sbtest6_pkey on sbtest6  (cost=0.43..6.69 rows=113 width=4)
	  Index Cond: ((id >= 6409291) AND (id <= 6409391))

table 7 : explain SELECT id FROM sbtest7 WHERE id BETWEEN 6409291 AND 6409391
	Index Only Scan using sbtest7_pkey on sbtest7  (cost=0.43..6.43 rows=100 width=4)
	  Index Cond: ((id >= 6409291) AND (id <= 6409391))

table 8 : explain SELECT id FROM sbtest8 WHERE id BETWEEN 6409291 AND 6409391
	Index Only Scan using sbtest8_pkey on sbtest8  (cost=0.43..10.60 rows=108 width=4)
	  Index Cond: ((id >= 6409291) AND (id <= 6409391))

explain: for range-covered :: explain SELECT id FROM sbtest%d WHERE id BETWEEN 9586303 AND 9586403
explain: for range-covered :: explain SELECT id FROM sbtest%d WHERE id BETWEEN 6409291 AND 6409391
for range-covered
table 1 : explain SELECT id FROM sbtest1 WHERE id BETWEEN 2742745 AND 2742845
	Index Only Scan using sbtest1_pkey on sbtest1  (cost=0.43..6.47 rows=102 width=4)
	  Index Cond: ((id >= 2742745) AND (id <= 2742845))

table 2 : explain SELECT id FROM sbtest2 WHERE id BETWEEN 2742745 AND 2742845
	Index Only Scan using sbtest2_pkey on sbtest2  (cost=0.43..6.53 rows=105 width=4)
	  Index Cond: ((id >= 2742745) AND (id <= 2742845))

table 3 : explain SELECT id FROM sbtest3 WHERE id BETWEEN 2742745 AND 2742845
	Index Only Scan using sbtest3_pkey on sbtest3  (cost=0.43..6.42 rows=99 width=4)
	  Index Cond: ((id >= 2742745) AND (id <= 2742845))

table 4 : explain SELECT id FROM sbtest4 WHERE id BETWEEN 2742745 AND 2742845
	Index Only Scan using sbtest4_pkey on sbtest4  (cost=0.43..6.43 rows=100 width=4)
	  Index Cond: ((id >= 2742745) AND (id <= 2742845))

table 5 : explain SELECT id FROM sbtest5 WHERE id BETWEEN 2742745 AND 2742845
	Index Only Scan using sbtest5_pkey on sbtest5  (cost=0.43..6.42 rows=99 width=4)
	  Index Cond: ((id >= 2742745) AND (id <= 2742845))

table 6 : explain SELECT id FROM sbtest6 WHERE id BETWEEN 2742745 AND 2742845
	Index Only Scan using sbtest6_pkey on sbtest6  (cost=0.43..6.27 rows=92 width=4)
	  Index Cond: ((id >= 2742745) AND (id <= 2742845))

table 7 : explain SELECT id FROM sbtest7 WHERE id BETWEEN 2742745 AND 2742845
	Index Only Scan using sbtest7_pkey on sbtest7  (cost=0.43..6.27 rows=92 width=4)
	  Index Cond: ((id >= 2742745) AND (id <= 2742845))

table 8 : explain SELECT id FROM sbtest8 WHERE id BETWEEN 2742745 AND 2742845
	Index Only Scan using sbtest8_pkey on sbtest8  (cost=0.43..10.29 rows=93 width=4)
	  Index Cond: ((id >= 2742745) AND (id <= 2742845))

explain: for range-covered :: explain SELECT id FROM sbtest%d WHERE id BETWEEN 2742745 AND 2742845
for range-covered
table 1 : explain SELECT id FROM sbtest1 WHERE id BETWEEN 4267192 AND 4267292
	Index Only Scan using sbtest1_pkey on sbtest1  (cost=0.43..6.51 rows=104 width=4)
	  Index Cond: ((id >= 4267192) AND (id <= 4267292))

table 2 : explain SELECT id FROM sbtest2 WHERE id BETWEEN 4267192 AND 4267292
	Index Only Scan using sbtest2_pkey on sbtest2  (cost=0.43..6.45 rows=101 width=4)
	  Index Cond: ((id >= 4267192) AND (id <= 4267292))

table 3 : explain SELECT id FROM sbtest3 WHERE id BETWEEN 4267192 AND 4267292
	Index Only Scan using sbtest3_pkey on sbtest3  (cost=0.43..6.43 rows=100 width=4)
	  Index Cond: ((id >= 4267192) AND (id <= 4267292))

table 4 : explain SELECT id FROM sbtest4 WHERE id BETWEEN 4267192 AND 4267292
	Index Only Scan using sbtest4_pkey on sbtest4  (cost=0.43..6.32 rows=94 width=4)
	  Index Cond: ((id >= 4267192) AND (id <= 4267292))

table 5 : explain SELECT id FROM sbtest5 WHERE id BETWEEN 4267192 AND 4267292
	Index Only Scan using sbtest5_pkey on sbtest5  (cost=0.43..6.42 rows=99 width=4)
	  Index Cond: ((id >= 4267192) AND (id <= 4267292))

table 6 : explain SELECT id FROM sbtest6 WHERE id BETWEEN 4267192 AND 4267292
	Index Only Scan using sbtest6_pkey on sbtest6  (cost=0.43..6.35 rows=96 width=4)
	  Index Cond: ((id >= 4267192) AND (id <= 4267292))

table 7 : explain SELECT id FROM sbtest7 WHERE id BETWEEN 4267192 AND 4267292
	Index Only Scan using sbtest7_pkey on sbtest7  (cost=0.43..6.35 rows=96 width=4)
	  Index Cond: ((id >= 4267192) AND (id <= 4267292))

table 8 : explain SELECT id FROM sbtest8 WHERE id BETWEEN 4267192 AND 4267292
	Index Only Scan using sbtest8_pkey on sbtest8  (cost=0.43..10.74 rows=115 width=4)
	  Index Cond: ((id >= 4267192) AND (id <= 4267292))

for range-covered
table 1 : explain SELECT id FROM sbtest1 WHERE id BETWEEN 3152595 AND 3152695
	Index Only Scan using sbtest1_pkey on sbtest1  (cost=0.43..6.45 rows=101 width=4)
	  Index Cond: ((id >= 3152595) AND (id <= 3152695))

table 2 : explain SELECT id FROM sbtest2 WHERE id BETWEEN 3152595 AND 3152695
	Index Only Scan using sbtest2_pkey on sbtest2  (cost=0.43..6.42 rows=99 width=4)
	  Index Cond: ((id >= 3152595) AND (id <= 3152695))

table 3 : explain SELECT id FROM sbtest3 WHERE id BETWEEN 3152595 AND 3152695
	Index Only Scan using sbtest3_pkey on sbtest3  (cost=0.43..6.29 rows=93 width=4)
	  Index Cond: ((id >= 3152595) AND (id <= 3152695))

table 4 : explain SELECT id FROM sbtest4 WHERE id BETWEEN 3152595 AND 3152695
	Index Only Scan using sbtest4_pkey on sbtest4  (cost=0.43..6.42 rows=99 width=4)
	  Index Cond: ((id >= 3152595) AND (id <= 3152695))

table 5 : explain SELECT id FROM sbtest5 WHERE id BETWEEN 3152595 AND 3152695
	Index Only Scan using sbtest5_pkey on sbtest5  (cost=0.43..6.42 rows=99 width=4)
	  Index Cond: ((id >= 3152595) AND (id <= 3152695))

table 6 : explain SELECT id FROM sbtest6 WHERE id BETWEEN 3152595 AND 3152695
	Index Only Scan using sbtest6_pkey on sbtest6  (cost=0.43..6.32 rows=94 width=4)
	  Index Cond: ((id >= 3152595) AND (id <= 3152695))

table 7 : explain SELECT id FROM sbtest7 WHERE id BETWEEN 3152595 AND 3152695
	Index Only Scan using sbtest7_pkey on sbtest7  (cost=0.43..6.35 rows=96 width=4)
	  Index Cond: ((id >= 3152595) AND (id <= 3152695))

table 8 : explain SELECT id FROM sbtest8 WHERE id BETWEEN 3152595 AND 3152695
	Index Only Scan using sbtest8_pkey on sbtest8  (cost=0.43..10.46 rows=101 width=4)
	  Index Cond: ((id >= 3152595) AND (id <= 3152695))

explain: for range-covered :: explain SELECT id FROM sbtest%d WHERE id BETWEEN 4267192 AND 4267292
explain: for range-covered :: explain SELECT id FROM sbtest%d WHERE id BETWEEN 3152595 AND 3152695
for range-covered
table 1 : explain SELECT id FROM sbtest1 WHERE id BETWEEN 9586303 AND 9586403
	Index Only Scan using sbtest1_pkey on sbtest1  (cost=0.43..6.59 rows=108 width=4)
	  Index Cond: ((id >= 9586303) AND (id <= 9586403))

table 2 : explain SELECT id FROM sbtest2 WHERE id BETWEEN 9586303 AND 9586403
	Index Only Scan using sbtest2_pkey on sbtest2  (cost=0.43..6.43 rows=100 width=4)
	  Index Cond: ((id >= 9586303) AND (id <= 9586403))

table 3 : explain SELECT id FROM sbtest3 WHERE id BETWEEN 9586303 AND 9586403
	Index Only Scan using sbtest3_pkey on sbtest3  (cost=0.43..6.47 rows=102 width=4)
	  Index Cond: ((id >= 9586303) AND (id <= 9586403))

table 4 : explain SELECT id FROM sbtest4 WHERE id BETWEEN 9586303 AND 9586403
	Index Only Scan using sbtest4_pkey on sbtest4  (cost=0.43..6.47 rows=102 width=4)
	  Index Cond: ((id >= 9586303) AND (id <= 9586403))

table 5 : explain SELECT id FROM sbtest5 WHERE id BETWEEN 9586303 AND 9586403
	Index Only Scan using sbtest5_pkey on sbtest5  (cost=0.43..6.40 rows=98 width=4)
	  Index Cond: ((id >= 9586303) AND (id <= 9586403))

table 6 : explain SELECT id FROM sbtest6 WHERE id BETWEEN 9586303 AND 9586403
	Index Only Scan using sbtest6_pkey on sbtest6  (cost=0.43..6.58 rows=107 width=4)
	  Index Cond: ((id >= 9586303) AND (id <= 9586403))

table 7 : explain SELECT id FROM sbtest7 WHERE id BETWEEN 9586303 AND 9586403
	Index Only Scan using sbtest7_pkey on sbtest7  (cost=0.43..6.33 rows=95 width=4)
	  Index Cond: ((id >= 9586303) AND (id <= 9586403))

table 8 : explain SELECT id FROM sbtest8 WHERE id BETWEEN 9586303 AND 9586403
	Index Only Scan using sbtest8_pkey on sbtest8  (cost=0.43..10.54 rows=105 width=4)
	  Index Cond: ((id >= 9586303) AND (id <= 9586403))

for range-covered
table 1 : explain SELECT id FROM sbtest1 WHERE id BETWEEN 6409291 AND 6409391
	Index Only Scan using sbtest1_pkey on sbtest1  (cost=0.43..6.37 rows=97 width=4)
	  Index Cond: ((id >= 6409291) AND (id <= 6409391))

table 2 : explain SELECT id FROM sbtest2 WHERE id BETWEEN 6409291 AND 6409391
	Index Only Scan using sbtest2_pkey on sbtest2  (cost=0.43..6.27 rows=92 width=4)
	  Index Cond: ((id >= 6409291) AND (id <= 6409391))

table 3 : explain SELECT id FROM sbtest3 WHERE id BETWEEN 6409291 AND 6409391
	Index Only Scan using sbtest3_pkey on sbtest3  (cost=0.43..6.24 rows=90 width=4)
	  Index Cond: ((id >= 6409291) AND (id <= 6409391))

table 4 : explain SELECT id FROM sbtest4 WHERE id BETWEEN 6409291 AND 6409391
	Index Only Scan using sbtest4_pkey on sbtest4  (cost=0.43..6.56 rows=106 width=4)
	  Index Cond: ((id >= 6409291) AND (id <= 6409391))

table 5 : explain SELECT id FROM sbtest5 WHERE id BETWEEN 6409291 AND 6409391
	Index Only Scan using sbtest5_pkey on sbtest5  (cost=0.43..6.45 rows=101 width=4)
	  Index Cond: ((id >= 6409291) AND (id <= 6409391))

table 6 : explain SELECT id FROM sbtest6 WHERE id BETWEEN 6409291 AND 6409391
	Index Only Scan using sbtest6_pkey on sbtest6  (cost=0.43..6.69 rows=113 width=4)
	  Index Cond: ((id >= 6409291) AND (id <= 6409391))

table 7 : explain SELECT id FROM sbtest7 WHERE id BETWEEN 6409291 AND 6409391
	Index Only Scan using sbtest7_pkey on sbtest7  (cost=0.43..6.43 rows=100 width=4)
	  Index Cond: ((id >= 6409291) AND (id <= 6409391))

table 8 : explain SELECT id FROM sbtest8 WHERE id BETWEEN 6409291 AND 6409391
	Index Only Scan using sbtest8_pkey on sbtest8  (cost=0.43..10.60 rows=108 width=4)
	  Index Cond: ((id >= 6409291) AND (id <= 6409391))

explain: for range-covered :: explain SELECT id FROM sbtest%d WHERE id BETWEEN 9586303 AND 9586403
explain: for range-covered :: explain SELECT id FROM sbtest%d WHERE id BETWEEN 6409291 AND 6409391
for range-covered
table 1 : explain SELECT id FROM sbtest1 WHERE id BETWEEN 2742745 AND 2742845
	Index Only Scan using sbtest1_pkey on sbtest1  (cost=0.43..6.47 rows=102 width=4)
	  Index Cond: ((id >= 2742745) AND (id <= 2742845))

table 2 : explain SELECT id FROM sbtest2 WHERE id BETWEEN 2742745 AND 2742845
	Index Only Scan using sbtest2_pkey on sbtest2  (cost=0.43..6.53 rows=105 width=4)
	  Index Cond: ((id >= 2742745) AND (id <= 2742845))

table 3 : explain SELECT id FROM sbtest3 WHERE id BETWEEN 2742745 AND 2742845
	Index Only Scan using sbtest3_pkey on sbtest3  (cost=0.43..6.42 rows=99 width=4)
	  Index Cond: ((id >= 2742745) AND (id <= 2742845))

table 4 : explain SELECT id FROM sbtest4 WHERE id BETWEEN 2742745 AND 2742845
	Index Only Scan using sbtest4_pkey on sbtest4  (cost=0.43..6.43 rows=100 width=4)
	  Index Cond: ((id >= 2742745) AND (id <= 2742845))

table 5 : explain SELECT id FROM sbtest5 WHERE id BETWEEN 2742745 AND 2742845
	Index Only Scan using sbtest5_pkey on sbtest5  (cost=0.43..6.42 rows=99 width=4)
	  Index Cond: ((id >= 2742745) AND (id <= 2742845))

table 6 : explain SELECT id FROM sbtest6 WHERE id BETWEEN 2742745 AND 2742845
	Index Only Scan using sbtest6_pkey on sbtest6  (cost=0.43..6.27 rows=92 width=4)
	  Index Cond: ((id >= 2742745) AND (id <= 2742845))

table 7 : explain SELECT id FROM sbtest7 WHERE id BETWEEN 2742745 AND 2742845
	Index Only Scan using sbtest7_pkey on sbtest7  (cost=0.43..6.27 rows=92 width=4)
	  Index Cond: ((id >= 2742745) AND (id <= 2742845))

table 8 : explain SELECT id FROM sbtest8 WHERE id BETWEEN 2742745 AND 2742845
	Index Only Scan using sbtest8_pkey on sbtest8  (cost=0.43..10.29 rows=93 width=4)
	  Index Cond: ((id >= 2742745) AND (id <= 2742845))

for range-covered
table 1 : explain SELECT id FROM sbtest1 WHERE id BETWEEN 3152595 AND 3152695
	Index Only Scan using sbtest1_pkey on sbtest1  (cost=0.43..6.45 rows=101 width=4)
	  Index Cond: ((id >= 3152595) AND (id <= 3152695))

table 2 : explain SELECT id FROM sbtest2 WHERE id BETWEEN 3152595 AND 3152695
	Index Only Scan using sbtest2_pkey on sbtest2  (cost=0.43..6.42 rows=99 width=4)
	  Index Cond: ((id >= 3152595) AND (id <= 3152695))

table 3 : explain SELECT id FROM sbtest3 WHERE id BETWEEN 3152595 AND 3152695
	Index Only Scan using sbtest3_pkey on sbtest3  (cost=0.43..6.29 rows=93 width=4)
	  Index Cond: ((id >= 3152595) AND (id <= 3152695))

table 4 : explain SELECT id FROM sbtest4 WHERE id BETWEEN 3152595 AND 3152695
	Index Only Scan using sbtest4_pkey on sbtest4  (cost=0.43..6.42 rows=99 width=4)
	  Index Cond: ((id >= 3152595) AND (id <= 3152695))

table 5 : explain SELECT id FROM sbtest5 WHERE id BETWEEN 3152595 AND 3152695
	Index Only Scan using sbtest5_pkey on sbtest5  (cost=0.43..6.42 rows=99 width=4)
	  Index Cond: ((id >= 3152595) AND (id <= 3152695))

table 6 : explain SELECT id FROM sbtest6 WHERE id BETWEEN 3152595 AND 3152695
	Index Only Scan using sbtest6_pkey on sbtest6  (cost=0.43..6.32 rows=94 width=4)
	  Index Cond: ((id >= 3152595) AND (id <= 3152695))

table 7 : explain SELECT id FROM sbtest7 WHERE id BETWEEN 3152595 AND 3152695
	Index Only Scan using sbtest7_pkey on sbtest7  (cost=0.43..6.35 rows=96 width=4)
	  Index Cond: ((id >= 3152595) AND (id <= 3152695))

table 8 : explain SELECT id FROM sbtest8 WHERE id BETWEEN 3152595 AND 3152695
	Index Only Scan using sbtest8_pkey on sbtest8  (cost=0.43..10.46 rows=101 width=4)
	  Index Cond: ((id >= 3152595) AND (id <= 3152695))

for range-covered
table 1 : explain SELECT id FROM sbtest1 WHERE id BETWEEN 4267192 AND 4267292
	Index Only Scan using sbtest1_pkey on sbtest1  (cost=0.43..6.51 rows=104 width=4)
	  Index Cond: ((id >= 4267192) AND (id <= 4267292))

table 2 : explain SELECT id FROM sbtest2 WHERE id BETWEEN 4267192 AND 4267292
	Index Only Scan using sbtest2_pkey on sbtest2  (cost=0.43..6.45 rows=101 width=4)
	  Index Cond: ((id >= 4267192) AND (id <= 4267292))

table 3 : explain SELECT id FROM sbtest3 WHERE id BETWEEN 4267192 AND 4267292
	Index Only Scan using sbtest3_pkey on sbtest3  (cost=0.43..6.43 rows=100 width=4)
	  Index Cond: ((id >= 4267192) AND (id <= 4267292))

table 4 : explain SELECT id FROM sbtest4 WHERE id BETWEEN 4267192 AND 4267292
	Index Only Scan using sbtest4_pkey on sbtest4  (cost=0.43..6.32 rows=94 width=4)
	  Index Cond: ((id >= 4267192) AND (id <= 4267292))

table 5 : explain SELECT id FROM sbtest5 WHERE id BETWEEN 4267192 AND 4267292
	Index Only Scan using sbtest5_pkey on sbtest5  (cost=0.43..6.42 rows=99 width=4)
	  Index Cond: ((id >= 4267192) AND (id <= 4267292))

table 6 : explain SELECT id FROM sbtest6 WHERE id BETWEEN 4267192 AND 4267292
	Index Only Scan using sbtest6_pkey on sbtest6  (cost=0.43..6.35 rows=96 width=4)
	  Index Cond: ((id >= 4267192) AND (id <= 4267292))

table 7 : explain SELECT id FROM sbtest7 WHERE id BETWEEN 4267192 AND 4267292
	Index Only Scan using sbtest7_pkey on sbtest7  (cost=0.43..6.35 rows=96 width=4)
	  Index Cond: ((id >= 4267192) AND (id <= 4267292))

table 8 : explain SELECT id FROM sbtest8 WHERE id BETWEEN 4267192 AND 4267292
	Index Only Scan using sbtest8_pkey on sbtest8  (cost=0.43..10.74 rows=115 width=4)
	  Index Cond: ((id >= 4267192) AND (id <= 4267292))

for range-covered
table 1 : explain SELECT id FROM sbtest1 WHERE id BETWEEN 5290863 AND 5290963
	Index Only Scan using sbtest1_pkey on sbtest1  (cost=0.43..6.51 rows=104 width=4)
	  Index Cond: ((id >= 5290863) AND (id <= 5290963))

table 2 : explain SELECT id FROM sbtest2 WHERE id BETWEEN 5290863 AND 5290963
	Index Only Scan using sbtest2_pkey on sbtest2  (cost=0.43..6.56 rows=106 width=4)
	  Index Cond: ((id >= 5290863) AND (id <= 5290963))

table 3 : explain SELECT id FROM sbtest3 WHERE id BETWEEN 5290863 AND 5290963
	Index Only Scan using sbtest3_pkey on sbtest3  (cost=0.43..6.56 rows=106 width=4)
	  Index Cond: ((id >= 5290863) AND (id <= 5290963))

table 4 : explain SELECT id FROM sbtest4 WHERE id BETWEEN 5290863 AND 5290963
	Index Only Scan using sbtest4_pkey on sbtest4  (cost=0.43..6.33 rows=95 width=4)
	  Index Cond: ((id >= 5290863) AND (id <= 5290963))

table 5 : explain SELECT id FROM sbtest5 WHERE id BETWEEN 5290863 AND 5290963
	Index Only Scan using sbtest5_pkey on sbtest5  (cost=0.43..6.56 rows=106 width=4)
	  Index Cond: ((id >= 5290863) AND (id <= 5290963))

table 6 : explain SELECT id FROM sbtest6 WHERE id BETWEEN 5290863 AND 5290963
	Index Only Scan using sbtest6_pkey on sbtest6  (cost=0.43..6.37 rows=97 width=4)
	  Index Cond: ((id >= 5290863) AND (id <= 5290963))

table 7 : explain SELECT id FROM sbtest7 WHERE id BETWEEN 5290863 AND 5290963
	Index Only Scan using sbtest7_pkey on sbtest7  (cost=0.43..6.33 rows=95 width=4)
	  Index Cond: ((id >= 5290863) AND (id <= 5290963))

table 8 : explain SELECT id FROM sbtest8 WHERE id BETWEEN 5290863 AND 5290963
	Index Only Scan using sbtest8_pkey on sbtest8  (cost=0.43..10.40 rows=98 width=4)
	  Index Cond: ((id >= 5290863) AND (id <= 5290963))

explain: for range-covered :: explain SELECT id FROM sbtest%d WHERE id BETWEEN 3152595 AND 3152695
explain: for range-covered :: explain SELECT id FROM sbtest%d WHERE id BETWEEN 4267192 AND 4267292
explain: for range-covered :: explain SELECT id FROM sbtest%d WHERE id BETWEEN 5290863 AND 5290963
for range-covered
table 1 : explain SELECT id FROM sbtest1 WHERE id BETWEEN 9586303 AND 9586403
	Index Only Scan using sbtest1_pkey on sbtest1  (cost=0.43..6.59 rows=108 width=4)
	  Index Cond: ((id >= 9586303) AND (id <= 9586403))

table 2 : explain SELECT id FROM sbtest2 WHERE id BETWEEN 9586303 AND 9586403
	Index Only Scan using sbtest2_pkey on sbtest2  (cost=0.43..6.43 rows=100 width=4)
	  Index Cond: ((id >= 9586303) AND (id <= 9586403))

table 3 : explain SELECT id FROM sbtest3 WHERE id BETWEEN 9586303 AND 9586403
	Index Only Scan using sbtest3_pkey on sbtest3  (cost=0.43..6.47 rows=102 width=4)
	  Index Cond: ((id >= 9586303) AND (id <= 9586403))

table 4 : explain SELECT id FROM sbtest4 WHERE id BETWEEN 9586303 AND 9586403
	Index Only Scan using sbtest4_pkey on sbtest4  (cost=0.43..6.47 rows=102 width=4)
	  Index Cond: ((id >= 9586303) AND (id <= 9586403))

table 5 : explain SELECT id FROM sbtest5 WHERE id BETWEEN 9586303 AND 9586403
	Index Only Scan using sbtest5_pkey on sbtest5  (cost=0.43..6.40 rows=98 width=4)
	  Index Cond: ((id >= 9586303) AND (id <= 9586403))

table 6 : explain SELECT id FROM sbtest6 WHERE id BETWEEN 9586303 AND 9586403
	Index Only Scan using sbtest6_pkey on sbtest6  (cost=0.43..6.58 rows=107 width=4)
	  Index Cond: ((id >= 9586303) AND (id <= 9586403))

table 7 : explain SELECT id FROM sbtest7 WHERE id BETWEEN 9586303 AND 9586403
	Index Only Scan using sbtest7_pkey on sbtest7  (cost=0.43..6.33 rows=95 width=4)
	  Index Cond: ((id >= 9586303) AND (id <= 9586403))

table 8 : explain SELECT id FROM sbtest8 WHERE id BETWEEN 9586303 AND 9586403
	Index Only Scan using sbtest8_pkey on sbtest8  (cost=0.43..10.54 rows=105 width=4)
	  Index Cond: ((id >= 9586303) AND (id <= 9586403))

for range-covered
table 1 : explain SELECT id FROM sbtest1 WHERE id BETWEEN 6409291 AND 6409391
	Index Only Scan using sbtest1_pkey on sbtest1  (cost=0.43..6.37 rows=97 width=4)
	  Index Cond: ((id >= 6409291) AND (id <= 6409391))

table 2 : explain SELECT id FROM sbtest2 WHERE id BETWEEN 6409291 AND 6409391
	Index Only Scan using sbtest2_pkey on sbtest2  (cost=0.43..6.27 rows=92 width=4)
	  Index Cond: ((id >= 6409291) AND (id <= 6409391))

table 3 : explain SELECT id FROM sbtest3 WHERE id BETWEEN 6409291 AND 6409391
	Index Only Scan using sbtest3_pkey on sbtest3  (cost=0.43..6.24 rows=90 width=4)
	  Index Cond: ((id >= 6409291) AND (id <= 6409391))

table 4 : explain SELECT id FROM sbtest4 WHERE id BETWEEN 6409291 AND 6409391
	Index Only Scan using sbtest4_pkey on sbtest4  (cost=0.43..6.56 rows=106 width=4)
	  Index Cond: ((id >= 6409291) AND (id <= 6409391))

table 5 : explain SELECT id FROM sbtest5 WHERE id BETWEEN 6409291 AND 6409391
	Index Only Scan using sbtest5_pkey on sbtest5  (cost=0.43..6.45 rows=101 width=4)
	  Index Cond: ((id >= 6409291) AND (id <= 6409391))

table 6 : explain SELECT id FROM sbtest6 WHERE id BETWEEN 6409291 AND 6409391
	Index Only Scan using sbtest6_pkey on sbtest6  (cost=0.43..6.69 rows=113 width=4)
	  Index Cond: ((id >= 6409291) AND (id <= 6409391))

table 7 : explain SELECT id FROM sbtest7 WHERE id BETWEEN 6409291 AND 6409391
	Index Only Scan using sbtest7_pkey on sbtest7  (cost=0.43..6.43 rows=100 width=4)
	  Index Cond: ((id >= 6409291) AND (id <= 6409391))

table 8 : explain SELECT id FROM sbtest8 WHERE id BETWEEN 6409291 AND 6409391
	Index Only Scan using sbtest8_pkey on sbtest8  (cost=0.43..10.60 rows=108 width=4)
	  Index Cond: ((id >= 6409291) AND (id <= 6409391))

explain: for range-covered :: explain SELECT id FROM sbtest%d WHERE id BETWEEN 9586303 AND 9586403
explain: for range-covered :: explain SELECT id FROM sbtest%d WHERE id BETWEEN 6409291 AND 6409391
for range-covered
table 1 : explain SELECT id FROM sbtest1 WHERE id BETWEEN 4267192 AND 4267292
	Index Only Scan using sbtest1_pkey on sbtest1  (cost=0.43..6.51 rows=104 width=4)
	  Index Cond: ((id >= 4267192) AND (id <= 4267292))

table 2 : explain SELECT id FROM sbtest2 WHERE id BETWEEN 4267192 AND 4267292
	Index Only Scan using sbtest2_pkey on sbtest2  (cost=0.43..6.45 rows=101 width=4)
	  Index Cond: ((id >= 4267192) AND (id <= 4267292))

table 3 : explain SELECT id FROM sbtest3 WHERE id BETWEEN 4267192 AND 4267292
	Index Only Scan using sbtest3_pkey on sbtest3  (cost=0.43..6.43 rows=100 width=4)
	  Index Cond: ((id >= 4267192) AND (id <= 4267292))

table 4 : explain SELECT id FROM sbtest4 WHERE id BETWEEN 4267192 AND 4267292
	Index Only Scan using sbtest4_pkey on sbtest4  (cost=0.43..6.32 rows=94 width=4)
	  Index Cond: ((id >= 4267192) AND (id <= 4267292))

table 5 : explain SELECT id FROM sbtest5 WHERE id BETWEEN 4267192 AND 4267292
	Index Only Scan using sbtest5_pkey on sbtest5  (cost=0.43..6.42 rows=99 width=4)
	  Index Cond: ((id >= 4267192) AND (id <= 4267292))

table 6 : explain SELECT id FROM sbtest6 WHERE id BETWEEN 4267192 AND 4267292
	Index Only Scan using sbtest6_pkey on sbtest6  (cost=0.43..6.35 rows=96 width=4)
	  Index Cond: ((id >= 4267192) AND (id <= 4267292))

table 7 : explain SELECT id FROM sbtest7 WHERE id BETWEEN 4267192 AND 4267292
	Index Only Scan using sbtest7_pkey on sbtest7  (cost=0.43..6.35 rows=96 width=4)
	  Index Cond: ((id >= 4267192) AND (id <= 4267292))

table 8 : explain SELECT id FROM sbtest8 WHERE id BETWEEN 4267192 AND 4267292
	Index Only Scan using sbtest8_pkey on sbtest8  (cost=0.43..10.74 rows=115 width=4)
	  Index Cond: ((id >= 4267192) AND (id <= 4267292))

for range-covered
table 1 : explain SELECT id FROM sbtest1 WHERE id BETWEEN 3152595 AND 3152695
	Index Only Scan using sbtest1_pkey on sbtest1  (cost=0.43..6.45 rows=101 width=4)
	  Index Cond: ((id >= 3152595) AND (id <= 3152695))

table 2 : explain SELECT id FROM sbtest2 WHERE id BETWEEN 3152595 AND 3152695
	Index Only Scan using sbtest2_pkey on sbtest2  (cost=0.43..6.42 rows=99 width=4)
	  Index Cond: ((id >= 3152595) AND (id <= 3152695))

table 3 : explain SELECT id FROM sbtest3 WHERE id BETWEEN 3152595 AND 3152695
	Index Only Scan using sbtest3_pkey on sbtest3  (cost=0.43..6.29 rows=93 width=4)
	  Index Cond: ((id >= 3152595) AND (id <= 3152695))

table 4 : explain SELECT id FROM sbtest4 WHERE id BETWEEN 3152595 AND 3152695
	Index Only Scan using sbtest4_pkey on sbtest4  (cost=0.43..6.42 rows=99 width=4)
	  Index Cond: ((id >= 3152595) AND (id <= 3152695))

table 5 : explain SELECT id FROM sbtest5 WHERE id BETWEEN 3152595 AND 3152695
	Index Only Scan using sbtest5_pkey on sbtest5  (cost=0.43..6.42 rows=99 width=4)
	  Index Cond: ((id >= 3152595) AND (id <= 3152695))

table 6 : explain SELECT id FROM sbtest6 WHERE id BETWEEN 3152595 AND 3152695
	Index Only Scan using sbtest6_pkey on sbtest6  (cost=0.43..6.32 rows=94 width=4)
	  Index Cond: ((id >= 3152595) AND (id <= 3152695))

table 7 : explain SELECT id FROM sbtest7 WHERE id BETWEEN 3152595 AND 3152695
	Index Only Scan using sbtest7_pkey on sbtest7  (cost=0.43..6.35 rows=96 width=4)
	  Index Cond: ((id >= 3152595) AND (id <= 3152695))

table 8 : explain SELECT id FROM sbtest8 WHERE id BETWEEN 3152595 AND 3152695
	Index Only Scan using sbtest8_pkey on sbtest8  (cost=0.43..10.46 rows=101 width=4)
	  Index Cond: ((id >= 3152595) AND (id <= 3152695))

explain: for range-covered :: explain SELECT id FROM sbtest%d WHERE id BETWEEN 3152595 AND 3152695
for range-covered
table 1 : explain SELECT id FROM sbtest1 WHERE id BETWEEN 5290863 AND 5290963
	Index Only Scan using sbtest1_pkey on sbtest1  (cost=0.43..6.51 rows=104 width=4)
	  Index Cond: ((id >= 5290863) AND (id <= 5290963))

table 2 : explain SELECT id FROM sbtest2 WHERE id BETWEEN 5290863 AND 5290963
	Index Only Scan using sbtest2_pkey on sbtest2  (cost=0.43..6.56 rows=106 width=4)
	  Index Cond: ((id >= 5290863) AND (id <= 5290963))

table 3 : explain SELECT id FROM sbtest3 WHERE id BETWEEN 5290863 AND 5290963
	Index Only Scan using sbtest3_pkey on sbtest3  (cost=0.43..6.56 rows=106 width=4)
	  Index Cond: ((id >= 5290863) AND (id <= 5290963))

table 4 : explain SELECT id FROM sbtest4 WHERE id BETWEEN 5290863 AND 5290963
	Index Only Scan using sbtest4_pkey on sbtest4  (cost=0.43..6.33 rows=95 width=4)
	  Index Cond: ((id >= 5290863) AND (id <= 5290963))

table 5 : explain SELECT id FROM sbtest5 WHERE id BETWEEN 5290863 AND 5290963
	Index Only Scan using sbtest5_pkey on sbtest5  (cost=0.43..6.56 rows=106 width=4)
	  Index Cond: ((id >= 5290863) AND (id <= 5290963))

table 6 : explain SELECT id FROM sbtest6 WHERE id BETWEEN 5290863 AND 5290963
	Index Only Scan using sbtest6_pkey on sbtest6  (cost=0.43..6.37 rows=97 width=4)
	  Index Cond: ((id >= 5290863) AND (id <= 5290963))

table 7 : explain SELECT id FROM sbtest7 WHERE id BETWEEN 5290863 AND 5290963
	Index Only Scan using sbtest7_pkey on sbtest7  (cost=0.43..6.33 rows=95 width=4)
	  Index Cond: ((id >= 5290863) AND (id <= 5290963))

table 8 : explain SELECT id FROM sbtest8 WHERE id BETWEEN 5290863 AND 5290963
	Index Only Scan using sbtest8_pkey on sbtest8  (cost=0.43..10.40 rows=98 width=4)
	  Index Cond: ((id >= 5290863) AND (id <= 5290963))

explain: for range-covered :: explain SELECT id FROM sbtest%d WHERE id BETWEEN 5290863 AND 5290963
explain: for range-covered :: explain SELECT id FROM sbtest%d WHERE id BETWEEN 4267192 AND 4267292
for range-covered
table 1 : explain SELECT id FROM sbtest1 WHERE id BETWEEN 9586303 AND 9586403
	Index Only Scan using sbtest1_pkey on sbtest1  (cost=0.43..6.59 rows=108 width=4)
	  Index Cond: ((id >= 9586303) AND (id <= 9586403))

table 2 : explain SELECT id FROM sbtest2 WHERE id BETWEEN 9586303 AND 9586403
	Index Only Scan using sbtest2_pkey on sbtest2  (cost=0.43..6.43 rows=100 width=4)
	  Index Cond: ((id >= 9586303) AND (id <= 9586403))

table 3 : explain SELECT id FROM sbtest3 WHERE id BETWEEN 9586303 AND 9586403
	Index Only Scan using sbtest3_pkey on sbtest3  (cost=0.43..6.47 rows=102 width=4)
	  Index Cond: ((id >= 9586303) AND (id <= 9586403))

table 4 : explain SELECT id FROM sbtest4 WHERE id BETWEEN 9586303 AND 9586403
	Index Only Scan using sbtest4_pkey on sbtest4  (cost=0.43..6.47 rows=102 width=4)
	  Index Cond: ((id >= 9586303) AND (id <= 9586403))

table 5 : explain SELECT id FROM sbtest5 WHERE id BETWEEN 9586303 AND 9586403
	Index Only Scan using sbtest5_pkey on sbtest5  (cost=0.43..6.40 rows=98 width=4)
	  Index Cond: ((id >= 9586303) AND (id <= 9586403))

table 6 : explain SELECT id FROM sbtest6 WHERE id BETWEEN 9586303 AND 9586403
	Index Only Scan using sbtest6_pkey on sbtest6  (cost=0.43..6.58 rows=107 width=4)
	  Index Cond: ((id >= 9586303) AND (id <= 9586403))

table 7 : explain SELECT id FROM sbtest7 WHERE id BETWEEN 9586303 AND 9586403
	Index Only Scan using sbtest7_pkey on sbtest7  (cost=0.43..6.33 rows=95 width=4)
	  Index Cond: ((id >= 9586303) AND (id <= 9586403))

table 8 : explain SELECT id FROM sbtest8 WHERE id BETWEEN 9586303 AND 9586403
	Index Only Scan using sbtest8_pkey on sbtest8  (cost=0.43..10.54 rows=105 width=4)
	  Index Cond: ((id >= 9586303) AND (id <= 9586403))

for range-covered
table 1 : explain SELECT id FROM sbtest1 WHERE id BETWEEN 6409291 AND 6409391
	Index Only Scan using sbtest1_pkey on sbtest1  (cost=0.43..6.37 rows=97 width=4)
	  Index Cond: ((id >= 6409291) AND (id <= 6409391))

table 2 : explain SELECT id FROM sbtest2 WHERE id BETWEEN 6409291 AND 6409391
	Index Only Scan using sbtest2_pkey on sbtest2  (cost=0.43..6.27 rows=92 width=4)
	  Index Cond: ((id >= 6409291) AND (id <= 6409391))

table 3 : explain SELECT id FROM sbtest3 WHERE id BETWEEN 6409291 AND 6409391
	Index Only Scan using sbtest3_pkey on sbtest3  (cost=0.43..6.24 rows=90 width=4)
	  Index Cond: ((id >= 6409291) AND (id <= 6409391))

table 4 : explain SELECT id FROM sbtest4 WHERE id BETWEEN 6409291 AND 6409391
	Index Only Scan using sbtest4_pkey on sbtest4  (cost=0.43..6.56 rows=106 width=4)
	  Index Cond: ((id >= 6409291) AND (id <= 6409391))

table 5 : explain SELECT id FROM sbtest5 WHERE id BETWEEN 6409291 AND 6409391
	Index Only Scan using sbtest5_pkey on sbtest5  (cost=0.43..6.45 rows=101 width=4)
	  Index Cond: ((id >= 6409291) AND (id <= 6409391))

table 6 : explain SELECT id FROM sbtest6 WHERE id BETWEEN 6409291 AND 6409391
	Index Only Scan using sbtest6_pkey on sbtest6  (cost=0.43..6.69 rows=113 width=4)
	  Index Cond: ((id >= 6409291) AND (id <= 6409391))

table 7 : explain SELECT id FROM sbtest7 WHERE id BETWEEN 6409291 AND 6409391
	Index Only Scan using sbtest7_pkey on sbtest7  (cost=0.43..6.43 rows=100 width=4)
	  Index Cond: ((id >= 6409291) AND (id <= 6409391))

table 8 : explain SELECT id FROM sbtest8 WHERE id BETWEEN 6409291 AND 6409391
	Index Only Scan using sbtest8_pkey on sbtest8  (cost=0.43..10.60 rows=108 width=4)
	  Index Cond: ((id >= 6409291) AND (id <= 6409391))

explain: for range-covered :: explain SELECT id FROM sbtest%d WHERE id BETWEEN 9586303 AND 9586403
explain: for range-covered :: explain SELECT id FROM sbtest%d WHERE id BETWEEN 6409291 AND 6409391
for range-covered
table 1 : explain SELECT id FROM sbtest1 WHERE id BETWEEN 3152595 AND 3152695
	Index Only Scan using sbtest1_pkey on sbtest1  (cost=0.43..6.45 rows=101 width=4)
	  Index Cond: ((id >= 3152595) AND (id <= 3152695))

table 2 : explain SELECT id FROM sbtest2 WHERE id BETWEEN 3152595 AND 3152695
	Index Only Scan using sbtest2_pkey on sbtest2  (cost=0.43..6.42 rows=99 width=4)
	  Index Cond: ((id >= 3152595) AND (id <= 3152695))

table 3 : explain SELECT id FROM sbtest3 WHERE id BETWEEN 3152595 AND 3152695
	Index Only Scan using sbtest3_pkey on sbtest3  (cost=0.43..6.29 rows=93 width=4)
	  Index Cond: ((id >= 3152595) AND (id <= 3152695))

table 4 : explain SELECT id FROM sbtest4 WHERE id BETWEEN 3152595 AND 3152695
	Index Only Scan using sbtest4_pkey on sbtest4  (cost=0.43..6.42 rows=99 width=4)
	  Index Cond: ((id >= 3152595) AND (id <= 3152695))

table 5 : explain SELECT id FROM sbtest5 WHERE id BETWEEN 3152595 AND 3152695
	Index Only Scan using sbtest5_pkey on sbtest5  (cost=0.43..6.42 rows=99 width=4)
	  Index Cond: ((id >= 3152595) AND (id <= 3152695))

table 6 : explain SELECT id FROM sbtest6 WHERE id BETWEEN 3152595 AND 3152695
	Index Only Scan using sbtest6_pkey on sbtest6  (cost=0.43..6.32 rows=94 width=4)
	  Index Cond: ((id >= 3152595) AND (id <= 3152695))

table 7 : explain SELECT id FROM sbtest7 WHERE id BETWEEN 3152595 AND 3152695
	Index Only Scan using sbtest7_pkey on sbtest7  (cost=0.43..6.35 rows=96 width=4)
	  Index Cond: ((id >= 3152595) AND (id <= 3152695))

table 8 : explain SELECT id FROM sbtest8 WHERE id BETWEEN 3152595 AND 3152695
	Index Only Scan using sbtest8_pkey on sbtest8  (cost=0.43..10.46 rows=101 width=4)
	  Index Cond: ((id >= 3152595) AND (id <= 3152695))

explain: for range-covered :: explain SELECT id FROM sbtest%d WHERE id BETWEEN 3152595 AND 3152695
for range-covered
table 1 : explain SELECT id FROM sbtest1 WHERE id BETWEEN 5290863 AND 5290963
	Index Only Scan using sbtest1_pkey on sbtest1  (cost=0.43..6.51 rows=104 width=4)
	  Index Cond: ((id >= 5290863) AND (id <= 5290963))

table 2 : explain SELECT id FROM sbtest2 WHERE id BETWEEN 5290863 AND 5290963
	Index Only Scan using sbtest2_pkey on sbtest2  (cost=0.43..6.56 rows=106 width=4)
	  Index Cond: ((id >= 5290863) AND (id <= 5290963))

table 3 : explain SELECT id FROM sbtest3 WHERE id BETWEEN 5290863 AND 5290963
	Index Only Scan using sbtest3_pkey on sbtest3  (cost=0.43..6.56 rows=106 width=4)
	  Index Cond: ((id >= 5290863) AND (id <= 5290963))

table 4 : explain SELECT id FROM sbtest4 WHERE id BETWEEN 5290863 AND 5290963
	Index Only Scan using sbtest4_pkey on sbtest4  (cost=0.43..6.33 rows=95 width=4)
	  Index Cond: ((id >= 5290863) AND (id <= 5290963))

table 5 : explain SELECT id FROM sbtest5 WHERE id BETWEEN 5290863 AND 5290963
	Index Only Scan using sbtest5_pkey on sbtest5  (cost=0.43..6.56 rows=106 width=4)
	  Index Cond: ((id >= 5290863) AND (id <= 5290963))

table 6 : explain SELECT id FROM sbtest6 WHERE id BETWEEN 5290863 AND 5290963
	Index Only Scan using sbtest6_pkey on sbtest6  (cost=0.43..6.37 rows=97 width=4)
	  Index Cond: ((id >= 5290863) AND (id <= 5290963))

table 7 : explain SELECT id FROM sbtest7 WHERE id BETWEEN 5290863 AND 5290963
	Index Only Scan using sbtest7_pkey on sbtest7  (cost=0.43..6.33 rows=95 width=4)
	  Index Cond: ((id >= 5290863) AND (id <= 5290963))

table 8 : explain SELECT id FROM sbtest8 WHERE id BETWEEN 5290863 AND 5290963
	Index Only Scan using sbtest8_pkey on sbtest8  (cost=0.43..10.40 rows=98 width=4)
	  Index Cond: ((id >= 5290863) AND (id <= 5290963))

explain: for range-covered :: explain SELECT id FROM sbtest%d WHERE id BETWEEN 5290863 AND 5290963
for range-covered
table 1 : explain SELECT id FROM sbtest1 WHERE id BETWEEN 4267192 AND 4267292
	Index Only Scan using sbtest1_pkey on sbtest1  (cost=0.43..6.51 rows=104 width=4)
	  Index Cond: ((id >= 4267192) AND (id <= 4267292))

table 2 : explain SELECT id FROM sbtest2 WHERE id BETWEEN 4267192 AND 4267292
	Index Only Scan using sbtest2_pkey on sbtest2  (cost=0.43..6.45 rows=101 width=4)
	  Index Cond: ((id >= 4267192) AND (id <= 4267292))

table 3 : explain SELECT id FROM sbtest3 WHERE id BETWEEN 4267192 AND 4267292
	Index Only Scan using sbtest3_pkey on sbtest3  (cost=0.43..6.43 rows=100 width=4)
	  Index Cond: ((id >= 4267192) AND (id <= 4267292))

table 4 : explain SELECT id FROM sbtest4 WHERE id BETWEEN 4267192 AND 4267292
	Index Only Scan using sbtest4_pkey on sbtest4  (cost=0.43..6.32 rows=94 width=4)
	  Index Cond: ((id >= 4267192) AND (id <= 4267292))

table 5 : explain SELECT id FROM sbtest5 WHERE id BETWEEN 4267192 AND 4267292
	Index Only Scan using sbtest5_pkey on sbtest5  (cost=0.43..6.42 rows=99 width=4)
	  Index Cond: ((id >= 4267192) AND (id <= 4267292))

table 6 : explain SELECT id FROM sbtest6 WHERE id BETWEEN 4267192 AND 4267292
	Index Only Scan using sbtest6_pkey on sbtest6  (cost=0.43..6.35 rows=96 width=4)
	  Index Cond: ((id >= 4267192) AND (id <= 4267292))

table 7 : explain SELECT id FROM sbtest7 WHERE id BETWEEN 4267192 AND 4267292
	Index Only Scan using sbtest7_pkey on sbtest7  (cost=0.43..6.35 rows=96 width=4)
	  Index Cond: ((id >= 4267192) AND (id <= 4267292))

table 8 : explain SELECT id FROM sbtest8 WHERE id BETWEEN 4267192 AND 4267292
	Index Only Scan using sbtest8_pkey on sbtest8  (cost=0.43..10.74 rows=115 width=4)
	  Index Cond: ((id >= 4267192) AND (id <= 4267292))

explain: for range-covered :: explain SELECT id FROM sbtest%d WHERE id BETWEEN 4267192 AND 4267292
for range-covered
table 1 : explain SELECT id FROM sbtest1 WHERE id BETWEEN 9586303 AND 9586403
	Index Only Scan using sbtest1_pkey on sbtest1  (cost=0.43..6.59 rows=108 width=4)
	  Index Cond: ((id >= 9586303) AND (id <= 9586403))

table 2 : explain SELECT id FROM sbtest2 WHERE id BETWEEN 9586303 AND 9586403
	Index Only Scan using sbtest2_pkey on sbtest2  (cost=0.43..6.43 rows=100 width=4)
	  Index Cond: ((id >= 9586303) AND (id <= 9586403))

table 3 : explain SELECT id FROM sbtest3 WHERE id BETWEEN 9586303 AND 9586403
	Index Only Scan using sbtest3_pkey on sbtest3  (cost=0.43..6.47 rows=102 width=4)
	  Index Cond: ((id >= 9586303) AND (id <= 9586403))

table 4 : explain SELECT id FROM sbtest4 WHERE id BETWEEN 9586303 AND 9586403
	Index Only Scan using sbtest4_pkey on sbtest4  (cost=0.43..6.47 rows=102 width=4)
	  Index Cond: ((id >= 9586303) AND (id <= 9586403))

table 5 : explain SELECT id FROM sbtest5 WHERE id BETWEEN 9586303 AND 9586403
	Index Only Scan using sbtest5_pkey on sbtest5  (cost=0.43..6.40 rows=98 width=4)
	  Index Cond: ((id >= 9586303) AND (id <= 9586403))

table 6 : explain SELECT id FROM sbtest6 WHERE id BETWEEN 9586303 AND 9586403
	Index Only Scan using sbtest6_pkey on sbtest6  (cost=0.43..6.58 rows=107 width=4)
	  Index Cond: ((id >= 9586303) AND (id <= 9586403))

table 7 : explain SELECT id FROM sbtest7 WHERE id BETWEEN 9586303 AND 9586403
	Index Only Scan using sbtest7_pkey on sbtest7  (cost=0.43..6.33 rows=95 width=4)
	  Index Cond: ((id >= 9586303) AND (id <= 9586403))

table 8 : explain SELECT id FROM sbtest8 WHERE id BETWEEN 9586303 AND 9586403
	Index Only Scan using sbtest8_pkey on sbtest8  (cost=0.43..10.54 rows=105 width=4)
	  Index Cond: ((id >= 9586303) AND (id <= 9586403))
for range-covered
table 1 : explain SELECT id FROM sbtest1 WHERE id BETWEEN 6409291 AND 6409391
	Index Only Scan using sbtest1_pkey on sbtest1  (cost=0.43..6.37 rows=97 width=4)
	  Index Cond: ((id >= 6409291) AND (id <= 6409391))

table 2 : explain SELECT id FROM sbtest2 WHERE id BETWEEN 6409291 AND 6409391
	Index Only Scan using sbtest2_pkey on sbtest2  (cost=0.43..6.27 rows=92 width=4)
	  Index Cond: ((id >= 6409291) AND (id <= 6409391))

table 3 : explain SELECT id FROM sbtest3 WHERE id BETWEEN 6409291 AND 6409391
	Index Only Scan using sbtest3_pkey on sbtest3  (cost=0.43..6.24 rows=90 width=4)
	  Index Cond: ((id >= 6409291) AND (id <= 6409391))

table 4 : explain SELECT id FROM sbtest4 WHERE id BETWEEN 6409291 AND 6409391
	Index Only Scan using sbtest4_pkey on sbtest4  (cost=0.43..6.56 rows=106 width=4)
	  Index Cond: ((id >= 6409291) AND (id <= 6409391))

table 5 : explain SELECT id FROM sbtest5 WHERE id BETWEEN 6409291 AND 6409391
	Index Only Scan using sbtest5_pkey on sbtest5  (cost=0.43..6.45 rows=101 width=4)
	  Index Cond: ((id >= 6409291) AND (id <= 6409391))

table 6 : explain SELECT id FROM sbtest6 WHERE id BETWEEN 6409291 AND 6409391
	Index Only Scan using sbtest6_pkey on sbtest6  (cost=0.43..6.69 rows=113 width=4)
	  Index Cond: ((id >= 6409291) AND (id <= 6409391))

table 7 : explain SELECT id FROM sbtest7 WHERE id BETWEEN 6409291 AND 6409391
	Index Only Scan using sbtest7_pkey on sbtest7  (cost=0.43..6.43 rows=100 width=4)
	  Index Cond: ((id >= 6409291) AND (id <= 6409391))

table 8 : explain SELECT id FROM sbtest8 WHERE id BETWEEN 6409291 AND 6409391
	Index Only Scan using sbtest8_pkey on sbtest8  (cost=0.43..10.60 rows=108 width=4)
	  Index Cond: ((id >= 6409291) AND (id <= 6409391))
explain: for range-covered :: explain SELECT id FROM sbtest%d WHERE id BETWEEN 7828131 AND 7828231


explain: for range-covered :: explain SELECT id FROM sbtest%d WHERE id BETWEEN 6409291 AND 6409391
explain: for range-covered :: explain SELECT id FROM sbtest%d WHERE id BETWEEN 9586303 AND 9586403
for range-covered
table 1 : explain SELECT id FROM sbtest1 WHERE id BETWEEN 3152595 AND 3152695
	Index Only Scan using sbtest1_pkey on sbtest1  (cost=0.43..6.45 rows=101 width=4)
	  Index Cond: ((id >= 3152595) AND (id <= 3152695))

table 2 : explain SELECT id FROM sbtest2 WHERE id BETWEEN 3152595 AND 3152695
	Index Only Scan using sbtest2_pkey on sbtest2  (cost=0.43..6.42 rows=99 width=4)
	  Index Cond: ((id >= 3152595) AND (id <= 3152695))

table 3 : explain SELECT id FROM sbtest3 WHERE id BETWEEN 3152595 AND 3152695
	Index Only Scan using sbtest3_pkey on sbtest3  (cost=0.43..6.29 rows=93 width=4)
	  Index Cond: ((id >= 3152595) AND (id <= 3152695))

table 4 : explain SELECT id FROM sbtest4 WHERE id BETWEEN 3152595 AND 3152695
	Index Only Scan using sbtest4_pkey on sbtest4  (cost=0.43..6.42 rows=99 width=4)
	  Index Cond: ((id >= 3152595) AND (id <= 3152695))

table 5 : explain SELECT id FROM sbtest5 WHERE id BETWEEN 3152595 AND 3152695
	Index Only Scan using sbtest5_pkey on sbtest5  (cost=0.43..6.42 rows=99 width=4)
	  Index Cond: ((id >= 3152595) AND (id <= 3152695))

table 6 : explain SELECT id FROM sbtest6 WHERE id BETWEEN 3152595 AND 3152695
	Index Only Scan using sbtest6_pkey on sbtest6  (cost=0.43..6.32 rows=94 width=4)
	  Index Cond: ((id >= 3152595) AND (id <= 3152695))

table 7 : explain SELECT id FROM sbtest7 WHERE id BETWEEN 3152595 AND 3152695
	Index Only Scan using sbtest7_pkey on sbtest7  (cost=0.43..6.35 rows=96 width=4)
	  Index Cond: ((id >= 3152595) AND (id <= 3152695))

table 8 : explain SELECT id FROM sbtest8 WHERE id BETWEEN 3152595 AND 3152695
	Index Only Scan using sbtest8_pkey on sbtest8  (cost=0.43..10.46 rows=101 width=4)
	  Index Cond: ((id >= 3152595) AND (id <= 3152695))

explain: for range-covered :: explain SELECT id FROM sbtest%d WHERE id BETWEEN 3152595 AND 3152695
for range-covered
table 1 : explain SELECT id FROM sbtest1 WHERE id BETWEEN 5290863 AND 5290963
	Index Only Scan using sbtest1_pkey on sbtest1  (cost=0.43..6.51 rows=104 width=4)
	  Index Cond: ((id >= 5290863) AND (id <= 5290963))

table 2 : explain SELECT id FROM sbtest2 WHERE id BETWEEN 5290863 AND 5290963
	Index Only Scan using sbtest2_pkey on sbtest2  (cost=0.43..6.56 rows=106 width=4)
	  Index Cond: ((id >= 5290863) AND (id <= 5290963))

table 3 : explain SELECT id FROM sbtest3 WHERE id BETWEEN 5290863 AND 5290963
	Index Only Scan using sbtest3_pkey on sbtest3  (cost=0.43..6.56 rows=106 width=4)
	  Index Cond: ((id >= 5290863) AND (id <= 5290963))

table 4 : explain SELECT id FROM sbtest4 WHERE id BETWEEN 5290863 AND 5290963
	Index Only Scan using sbtest4_pkey on sbtest4  (cost=0.43..6.33 rows=95 width=4)
	  Index Cond: ((id >= 5290863) AND (id <= 5290963))

table 5 : explain SELECT id FROM sbtest5 WHERE id BETWEEN 5290863 AND 5290963
	Index Only Scan using sbtest5_pkey on sbtest5  (cost=0.43..6.56 rows=106 width=4)
	  Index Cond: ((id >= 5290863) AND (id <= 5290963))

table 6 : explain SELECT id FROM sbtest6 WHERE id BETWEEN 5290863 AND 5290963
	Index Only Scan using sbtest6_pkey on sbtest6  (cost=0.43..6.37 rows=97 width=4)
	  Index Cond: ((id >= 5290863) AND (id <= 5290963))

table 7 : explain SELECT id FROM sbtest7 WHERE id BETWEEN 5290863 AND 5290963
	Index Only Scan using sbtest7_pkey on sbtest7  (cost=0.43..6.33 rows=95 width=4)
	  Index Cond: ((id >= 5290863) AND (id <= 5290963))

table 8 : explain SELECT id FROM sbtest8 WHERE id BETWEEN 5290863 AND 5290963
	Index Only Scan using sbtest8_pkey on sbtest8  (cost=0.43..10.40 rows=98 width=4)
	  Index Cond: ((id >= 5290863) AND (id <= 5290963))

for range-covered
table 1 : explain SELECT id FROM sbtest1 WHERE id BETWEEN 4267192 AND 4267292
	Index Only Scan using sbtest1_pkey on sbtest1  (cost=0.43..6.51 rows=104 width=4)
	  Index Cond: ((id >= 4267192) AND (id <= 4267292))

table 2 : explain SELECT id FROM sbtest2 WHERE id BETWEEN 4267192 AND 4267292
	Index Only Scan using sbtest2_pkey on sbtest2  (cost=0.43..6.45 rows=101 width=4)
	  Index Cond: ((id >= 4267192) AND (id <= 4267292))

table 3 : explain SELECT id FROM sbtest3 WHERE id BETWEEN 4267192 AND 4267292
	Index Only Scan using sbtest3_pkey on sbtest3  (cost=0.43..6.43 rows=100 width=4)
	  Index Cond: ((id >= 4267192) AND (id <= 4267292))

table 4 : explain SELECT id FROM sbtest4 WHERE id BETWEEN 4267192 AND 4267292
	Index Only Scan using sbtest4_pkey on sbtest4  (cost=0.43..6.32 rows=94 width=4)
	  Index Cond: ((id >= 4267192) AND (id <= 4267292))

table 5 : explain SELECT id FROM sbtest5 WHERE id BETWEEN 4267192 AND 4267292
	Index Only Scan using sbtest5_pkey on sbtest5  (cost=0.43..6.42 rows=99 width=4)
	  Index Cond: ((id >= 4267192) AND (id <= 4267292))

table 6 : explain SELECT id FROM sbtest6 WHERE id BETWEEN 4267192 AND 4267292
	Index Only Scan using sbtest6_pkey on sbtest6  (cost=0.43..6.35 rows=96 width=4)
	  Index Cond: ((id >= 4267192) AND (id <= 4267292))

table 7 : explain SELECT id FROM sbtest7 WHERE id BETWEEN 4267192 AND 4267292
	Index Only Scan using sbtest7_pkey on sbtest7  (cost=0.43..6.35 rows=96 width=4)
	  Index Cond: ((id >= 4267192) AND (id <= 4267292))

table 8 : explain SELECT id FROM sbtest8 WHERE id BETWEEN 4267192 AND 4267292
	Index Only Scan using sbtest8_pkey on sbtest8  (cost=0.43..10.74 rows=115 width=4)
	  Index Cond: ((id >= 4267192) AND (id <= 4267292))

explain: for range-covered :: explain SELECT id FROM sbtest%d WHERE id BETWEEN 5290863 AND 5290963
explain: for range-covered :: explain SELECT id FROM sbtest%d WHERE id BETWEEN 4267192 AND 4267292
for range-covered
table 1 : explain SELECT id FROM sbtest1 WHERE id BETWEEN 6409291 AND 6409391
	Index Only Scan using sbtest1_pkey on sbtest1  (cost=0.43..6.37 rows=97 width=4)
	  Index Cond: ((id >= 6409291) AND (id <= 6409391))

table 2 : explain SELECT id FROM sbtest2 WHERE id BETWEEN 6409291 AND 6409391
	Index Only Scan using sbtest2_pkey on sbtest2  (cost=0.43..6.27 rows=92 width=4)
	  Index Cond: ((id >= 6409291) AND (id <= 6409391))

table 3 : explain SELECT id FROM sbtest3 WHERE id BETWEEN 6409291 AND 6409391
	Index Only Scan using sbtest3_pkey on sbtest3  (cost=0.43..6.24 rows=90 width=4)
	  Index Cond: ((id >= 6409291) AND (id <= 6409391))

table 4 : explain SELECT id FROM sbtest4 WHERE id BETWEEN 6409291 AND 6409391
	Index Only Scan using sbtest4_pkey on sbtest4  (cost=0.43..6.56 rows=106 width=4)
	  Index Cond: ((id >= 6409291) AND (id <= 6409391))

table 5 : explain SELECT id FROM sbtest5 WHERE id BETWEEN 6409291 AND 6409391
	Index Only Scan using sbtest5_pkey on sbtest5  (cost=0.43..6.45 rows=101 width=4)
	  Index Cond: ((id >= 6409291) AND (id <= 6409391))

table 6 : explain SELECT id FROM sbtest6 WHERE id BETWEEN 6409291 AND 6409391
	Index Only Scan using sbtest6_pkey on sbtest6  (cost=0.43..6.69 rows=113 width=4)
	  Index Cond: ((id >= 6409291) AND (id <= 6409391))

table 7 : explain SELECT id FROM sbtest7 WHERE id BETWEEN 6409291 AND 6409391
	Index Only Scan using sbtest7_pkey on sbtest7  (cost=0.43..6.43 rows=100 width=4)
	  Index Cond: ((id >= 6409291) AND (id <= 6409391))

table 8 : explain SELECT id FROM sbtest8 WHERE id BETWEEN 6409291 AND 6409391
	Index Only Scan using sbtest8_pkey on sbtest8  (cost=0.43..10.60 rows=108 width=4)
	  Index Cond: ((id >= 6409291) AND (id <= 6409391))

for range-covered
table 1 : explain SELECT id FROM sbtest1 WHERE id BETWEEN 9586303 AND 9586403
	Index Only Scan using sbtest1_pkey on sbtest1  (cost=0.43..6.59 rows=108 width=4)
	  Index Cond: ((id >= 9586303) AND (id <= 9586403))

table 2 : explain SELECT id FROM sbtest2 WHERE id BETWEEN 9586303 AND 9586403
	Index Only Scan using sbtest2_pkey on sbtest2  (cost=0.43..6.43 rows=100 width=4)
	  Index Cond: ((id >= 9586303) AND (id <= 9586403))

table 3 : explain SELECT id FROM sbtest3 WHERE id BETWEEN 9586303 AND 9586403
	Index Only Scan using sbtest3_pkey on sbtest3  (cost=0.43..6.47 rows=102 width=4)
	  Index Cond: ((id >= 9586303) AND (id <= 9586403))

table 4 : explain SELECT id FROM sbtest4 WHERE id BETWEEN 9586303 AND 9586403
	Index Only Scan using sbtest4_pkey on sbtest4  (cost=0.43..6.47 rows=102 width=4)
	  Index Cond: ((id >= 9586303) AND (id <= 9586403))

table 5 : explain SELECT id FROM sbtest5 WHERE id BETWEEN 9586303 AND 9586403
	Index Only Scan using sbtest5_pkey on sbtest5  (cost=0.43..6.40 rows=98 width=4)
	  Index Cond: ((id >= 9586303) AND (id <= 9586403))

table 6 : explain SELECT id FROM sbtest6 WHERE id BETWEEN 9586303 AND 9586403
	Index Only Scan using sbtest6_pkey on sbtest6  (cost=0.43..6.58 rows=107 width=4)
	  Index Cond: ((id >= 9586303) AND (id <= 9586403))

table 7 : explain SELECT id FROM sbtest7 WHERE id BETWEEN 9586303 AND 9586403
	Index Only Scan using sbtest7_pkey on sbtest7  (cost=0.43..6.33 rows=95 width=4)
	  Index Cond: ((id >= 9586303) AND (id <= 9586403))

table 8 : explain SELECT id FROM sbtest8 WHERE id BETWEEN 9586303 AND 9586403
	Index Only Scan using sbtest8_pkey on sbtest8  (cost=0.43..10.54 rows=105 width=4)
	  Index Cond: ((id >= 9586303) AND (id <= 9586403))

for range-covered
table 1 : explain SELECT id FROM sbtest1 WHERE id BETWEEN 3152595 AND 3152695
	Index Only Scan using sbtest1_pkey on sbtest1  (cost=0.43..6.45 rows=101 width=4)
	  Index Cond: ((id >= 3152595) AND (id <= 3152695))

table 2 : explain SELECT id FROM sbtest2 WHERE id BETWEEN 3152595 AND 3152695
	Index Only Scan using sbtest2_pkey on sbtest2  (cost=0.43..6.42 rows=99 width=4)
	  Index Cond: ((id >= 3152595) AND (id <= 3152695))

table 3 : explain SELECT id FROM sbtest3 WHERE id BETWEEN 3152595 AND 3152695
	Index Only Scan using sbtest3_pkey on sbtest3  (cost=0.43..6.29 rows=93 width=4)
	  Index Cond: ((id >= 3152595) AND (id <= 3152695))

table 4 : explain SELECT id FROM sbtest4 WHERE id BETWEEN 3152595 AND 3152695
	Index Only Scan using sbtest4_pkey on sbtest4  (cost=0.43..6.42 rows=99 width=4)
	  Index Cond: ((id >= 3152595) AND (id <= 3152695))

table 5 : explain SELECT id FROM sbtest5 WHERE id BETWEEN 3152595 AND 3152695
	Index Only Scan using sbtest5_pkey on sbtest5  (cost=0.43..6.42 rows=99 width=4)
	  Index Cond: ((id >= 3152595) AND (id <= 3152695))

table 6 : explain SELECT id FROM sbtest6 WHERE id BETWEEN 3152595 AND 3152695
	Index Only Scan using sbtest6_pkey on sbtest6  (cost=0.43..6.32 rows=94 width=4)
	  Index Cond: ((id >= 3152595) AND (id <= 3152695))

table 7 : explain SELECT id FROM sbtest7 WHERE id BETWEEN 3152595 AND 3152695
	Index Only Scan using sbtest7_pkey on sbtest7  (cost=0.43..6.35 rows=96 width=4)
	  Index Cond: ((id >= 3152595) AND (id <= 3152695))

table 8 : explain SELECT id FROM sbtest8 WHERE id BETWEEN 3152595 AND 3152695
	Index Only Scan using sbtest8_pkey on sbtest8  (cost=0.43..10.46 rows=101 width=4)
	  Index Cond: ((id >= 3152595) AND (id <= 3152695))

explain: for range-covered :: explain SELECT id FROM sbtest%d WHERE id BETWEEN 3152595 AND 3152695
for range-covered
table 1 : explain SELECT id FROM sbtest1 WHERE id BETWEEN 5290863 AND 5290963
	Index Only Scan using sbtest1_pkey on sbtest1  (cost=0.43..6.51 rows=104 width=4)
	  Index Cond: ((id >= 5290863) AND (id <= 5290963))

table 2 : explain SELECT id FROM sbtest2 WHERE id BETWEEN 5290863 AND 5290963
	Index Only Scan using sbtest2_pkey on sbtest2  (cost=0.43..6.56 rows=106 width=4)
	  Index Cond: ((id >= 5290863) AND (id <= 5290963))

table 3 : explain SELECT id FROM sbtest3 WHERE id BETWEEN 5290863 AND 5290963
	Index Only Scan using sbtest3_pkey on sbtest3  (cost=0.43..6.56 rows=106 width=4)
	  Index Cond: ((id >= 5290863) AND (id <= 5290963))

table 4 : explain SELECT id FROM sbtest4 WHERE id BETWEEN 5290863 AND 5290963
	Index Only Scan using sbtest4_pkey on sbtest4  (cost=0.43..6.33 rows=95 width=4)
	  Index Cond: ((id >= 5290863) AND (id <= 5290963))

table 5 : explain SELECT id FROM sbtest5 WHERE id BETWEEN 5290863 AND 5290963
	Index Only Scan using sbtest5_pkey on sbtest5  (cost=0.43..6.56 rows=106 width=4)
	  Index Cond: ((id >= 5290863) AND (id <= 5290963))

table 6 : explain SELECT id FROM sbtest6 WHERE id BETWEEN 5290863 AND 5290963
	Index Only Scan using sbtest6_pkey on sbtest6  (cost=0.43..6.37 rows=97 width=4)
	  Index Cond: ((id >= 5290863) AND (id <= 5290963))

table 7 : explain SELECT id FROM sbtest7 WHERE id BETWEEN 5290863 AND 5290963
	Index Only Scan using sbtest7_pkey on sbtest7  (cost=0.43..6.33 rows=95 width=4)
	  Index Cond: ((id >= 5290863) AND (id <= 5290963))

table 8 : explain SELECT id FROM sbtest8 WHERE id BETWEEN 5290863 AND 5290963
	Index Only Scan using sbtest8_pkey on sbtest8  (cost=0.43..10.40 rows=98 width=4)
	  Index Cond: ((id >= 5290863) AND (id <= 5290963))

explain: for range-covered :: explain SELECT id FROM sbtest%d WHERE id BETWEEN 5290863 AND 5290963
for range-covered
table 1 : explain SELECT id FROM sbtest1 WHERE id BETWEEN 4267192 AND 4267292
	Index Only Scan using sbtest1_pkey on sbtest1  (cost=0.43..6.51 rows=104 width=4)
	  Index Cond: ((id >= 4267192) AND (id <= 4267292))

table 2 : explain SELECT id FROM sbtest2 WHERE id BETWEEN 4267192 AND 4267292
	Index Only Scan using sbtest2_pkey on sbtest2  (cost=0.43..6.45 rows=101 width=4)
	  Index Cond: ((id >= 4267192) AND (id <= 4267292))

table 3 : explain SELECT id FROM sbtest3 WHERE id BETWEEN 4267192 AND 4267292
	Index Only Scan using sbtest3_pkey on sbtest3  (cost=0.43..6.43 rows=100 width=4)
	  Index Cond: ((id >= 4267192) AND (id <= 4267292))

table 4 : explain SELECT id FROM sbtest4 WHERE id BETWEEN 4267192 AND 4267292
	Index Only Scan using sbtest4_pkey on sbtest4  (cost=0.43..6.32 rows=94 width=4)
	  Index Cond: ((id >= 4267192) AND (id <= 4267292))

table 5 : explain SELECT id FROM sbtest5 WHERE id BETWEEN 4267192 AND 4267292
	Index Only Scan using sbtest5_pkey on sbtest5  (cost=0.43..6.42 rows=99 width=4)
	  Index Cond: ((id >= 4267192) AND (id <= 4267292))

table 6 : explain SELECT id FROM sbtest6 WHERE id BETWEEN 4267192 AND 4267292
	Index Only Scan using sbtest6_pkey on sbtest6  (cost=0.43..6.35 rows=96 width=4)
	  Index Cond: ((id >= 4267192) AND (id <= 4267292))

table 7 : explain SELECT id FROM sbtest7 WHERE id BETWEEN 4267192 AND 4267292
	Index Only Scan using sbtest7_pkey on sbtest7  (cost=0.43..6.35 rows=96 width=4)
	  Index Cond: ((id >= 4267192) AND (id <= 4267292))

table 8 : explain SELECT id FROM sbtest8 WHERE id BETWEEN 4267192 AND 4267292
	Index Only Scan using sbtest8_pkey on sbtest8  (cost=0.43..10.74 rows=115 width=4)
	  Index Cond: ((id >= 4267192) AND (id <= 4267292))

explain: for range-covered :: explain SELECT id FROM sbtest%d WHERE id BETWEEN 4267192 AND 4267292
for range-covered
table 1 : explain SELECT id FROM sbtest1 WHERE id BETWEEN 3152595 AND 3152695
	Index Only Scan using sbtest1_pkey on sbtest1  (cost=0.43..6.45 rows=101 width=4)
	  Index Cond: ((id >= 3152595) AND (id <= 3152695))

table 2 : explain SELECT id FROM sbtest2 WHERE id BETWEEN 3152595 AND 3152695
	Index Only Scan using sbtest2_pkey on sbtest2  (cost=0.43..6.42 rows=99 width=4)
	  Index Cond: ((id >= 3152595) AND (id <= 3152695))

table 3 : explain SELECT id FROM sbtest3 WHERE id BETWEEN 3152595 AND 3152695
	Index Only Scan using sbtest3_pkey on sbtest3  (cost=0.43..6.29 rows=93 width=4)
	  Index Cond: ((id >= 3152595) AND (id <= 3152695))

table 4 : explain SELECT id FROM sbtest4 WHERE id BETWEEN 3152595 AND 3152695
	Index Only Scan using sbtest4_pkey on sbtest4  (cost=0.43..6.42 rows=99 width=4)
	  Index Cond: ((id >= 3152595) AND (id <= 3152695))

table 5 : explain SELECT id FROM sbtest5 WHERE id BETWEEN 3152595 AND 3152695
	Index Only Scan using sbtest5_pkey on sbtest5  (cost=0.43..6.42 rows=99 width=4)
	  Index Cond: ((id >= 3152595) AND (id <= 3152695))

table 6 : explain SELECT id FROM sbtest6 WHERE id BETWEEN 3152595 AND 3152695
	Index Only Scan using sbtest6_pkey on sbtest6  (cost=0.43..6.32 rows=94 width=4)
	  Index Cond: ((id >= 3152595) AND (id <= 3152695))

table 7 : explain SELECT id FROM sbtest7 WHERE id BETWEEN 3152595 AND 3152695
	Index Only Scan using sbtest7_pkey on sbtest7  (cost=0.43..6.35 rows=96 width=4)
	  Index Cond: ((id >= 3152595) AND (id <= 3152695))

table 8 : explain SELECT id FROM sbtest8 WHERE id BETWEEN 3152595 AND 3152695
	Index Only Scan using sbtest8_pkey on sbtest8  (cost=0.43..10.46 rows=101 width=4)
	  Index Cond: ((id >= 3152595) AND (id <= 3152695))

explain: for range-covered :: explain SELECT id FROM sbtest%d WHERE id BETWEEN 3152595 AND 3152695
for range-covered
table 1 : explain SELECT id FROM sbtest1 WHERE id BETWEEN 5290863 AND 5290963
	Index Only Scan using sbtest1_pkey on sbtest1  (cost=0.43..6.51 rows=104 width=4)
	  Index Cond: ((id >= 5290863) AND (id <= 5290963))

table 2 : explain SELECT id FROM sbtest2 WHERE id BETWEEN 5290863 AND 5290963
	Index Only Scan using sbtest2_pkey on sbtest2  (cost=0.43..6.56 rows=106 width=4)
	  Index Cond: ((id >= 5290863) AND (id <= 5290963))

table 3 : explain SELECT id FROM sbtest3 WHERE id BETWEEN 5290863 AND 5290963
	Index Only Scan using sbtest3_pkey on sbtest3  (cost=0.43..6.56 rows=106 width=4)
	  Index Cond: ((id >= 5290863) AND (id <= 5290963))

table 4 : explain SELECT id FROM sbtest4 WHERE id BETWEEN 5290863 AND 5290963
	Index Only Scan using sbtest4_pkey on sbtest4  (cost=0.43..6.33 rows=95 width=4)
	  Index Cond: ((id >= 5290863) AND (id <= 5290963))

table 5 : explain SELECT id FROM sbtest5 WHERE id BETWEEN 5290863 AND 5290963
	Index Only Scan using sbtest5_pkey on sbtest5  (cost=0.43..6.56 rows=106 width=4)
	  Index Cond: ((id >= 5290863) AND (id <= 5290963))

table 6 : explain SELECT id FROM sbtest6 WHERE id BETWEEN 5290863 AND 5290963
	Index Only Scan using sbtest6_pkey on sbtest6  (cost=0.43..6.37 rows=97 width=4)
	  Index Cond: ((id >= 5290863) AND (id <= 5290963))

table 7 : explain SELECT id FROM sbtest7 WHERE id BETWEEN 5290863 AND 5290963
	Index Only Scan using sbtest7_pkey on sbtest7  (cost=0.43..6.33 rows=95 width=4)
	  Index Cond: ((id >= 5290863) AND (id <= 5290963))

table 8 : explain SELECT id FROM sbtest8 WHERE id BETWEEN 5290863 AND 5290963
	Index Only Scan using sbtest8_pkey on sbtest8  (cost=0.43..10.40 rows=98 width=4)
	  Index Cond: ((id >= 5290863) AND (id <= 5290963))

explain: for range-covered :: explain SELECT id FROM sbtest%d WHERE id BETWEEN 5290863 AND 5290963
for range-covered
table 1 : explain SELECT id FROM sbtest1 WHERE id BETWEEN 4267192 AND 4267292
	Index Only Scan using sbtest1_pkey on sbtest1  (cost=0.43..6.51 rows=104 width=4)
	  Index Cond: ((id >= 4267192) AND (id <= 4267292))

table 2 : explain SELECT id FROM sbtest2 WHERE id BETWEEN 4267192 AND 4267292
	Index Only Scan using sbtest2_pkey on sbtest2  (cost=0.43..6.45 rows=101 width=4)
	  Index Cond: ((id >= 4267192) AND (id <= 4267292))

table 3 : explain SELECT id FROM sbtest3 WHERE id BETWEEN 4267192 AND 4267292
	Index Only Scan using sbtest3_pkey on sbtest3  (cost=0.43..6.43 rows=100 width=4)
	  Index Cond: ((id >= 4267192) AND (id <= 4267292))

table 4 : explain SELECT id FROM sbtest4 WHERE id BETWEEN 4267192 AND 4267292
	Index Only Scan using sbtest4_pkey on sbtest4  (cost=0.43..6.32 rows=94 width=4)
	  Index Cond: ((id >= 4267192) AND (id <= 4267292))

table 5 : explain SELECT id FROM sbtest5 WHERE id BETWEEN 4267192 AND 4267292
	Index Only Scan using sbtest5_pkey on sbtest5  (cost=0.43..6.42 rows=99 width=4)
	  Index Cond: ((id >= 4267192) AND (id <= 4267292))

table 6 : explain SELECT id FROM sbtest6 WHERE id BETWEEN 4267192 AND 4267292
	Index Only Scan using sbtest6_pkey on sbtest6  (cost=0.43..6.35 rows=96 width=4)
	  Index Cond: ((id >= 4267192) AND (id <= 4267292))

table 7 : explain SELECT id FROM sbtest7 WHERE id BETWEEN 4267192 AND 4267292
	Index Only Scan using sbtest7_pkey on sbtest7  (cost=0.43..6.35 rows=96 width=4)
	  Index Cond: ((id >= 4267192) AND (id <= 4267292))

table 8 : explain SELECT id FROM sbtest8 WHERE id BETWEEN 4267192 AND 4267292
	Index Only Scan using sbtest8_pkey on sbtest8  (cost=0.43..10.74 rows=115 width=4)
	  Index Cond: ((id >= 4267192) AND (id <= 4267292))

explain: for range-covered :: explain SELECT id FROM sbtest%d WHERE id BETWEEN 4267192 AND 4267292
for range-covered
table 1 : explain SELECT id FROM sbtest1 WHERE id BETWEEN 3152595 AND 3152695
	Index Only Scan using sbtest1_pkey on sbtest1  (cost=0.43..6.45 rows=101 width=4)
	  Index Cond: ((id >= 3152595) AND (id <= 3152695))

table 2 : explain SELECT id FROM sbtest2 WHERE id BETWEEN 3152595 AND 3152695
	Index Only Scan using sbtest2_pkey on sbtest2  (cost=0.43..6.42 rows=99 width=4)
	  Index Cond: ((id >= 3152595) AND (id <= 3152695))

table 3 : explain SELECT id FROM sbtest3 WHERE id BETWEEN 3152595 AND 3152695
	Index Only Scan using sbtest3_pkey on sbtest3  (cost=0.43..6.29 rows=93 width=4)
	  Index Cond: ((id >= 3152595) AND (id <= 3152695))

table 4 : explain SELECT id FROM sbtest4 WHERE id BETWEEN 3152595 AND 3152695
	Index Only Scan using sbtest4_pkey on sbtest4  (cost=0.43..6.42 rows=99 width=4)
	  Index Cond: ((id >= 3152595) AND (id <= 3152695))

table 5 : explain SELECT id FROM sbtest5 WHERE id BETWEEN 3152595 AND 3152695
	Index Only Scan using sbtest5_pkey on sbtest5  (cost=0.43..6.42 rows=99 width=4)
	  Index Cond: ((id >= 3152595) AND (id <= 3152695))

table 6 : explain SELECT id FROM sbtest6 WHERE id BETWEEN 3152595 AND 3152695
	Index Only Scan using sbtest6_pkey on sbtest6  (cost=0.43..6.32 rows=94 width=4)
	  Index Cond: ((id >= 3152595) AND (id <= 3152695))

table 7 : explain SELECT id FROM sbtest7 WHERE id BETWEEN 3152595 AND 3152695
	Index Only Scan using sbtest7_pkey on sbtest7  (cost=0.43..6.35 rows=96 width=4)
	  Index Cond: ((id >= 3152595) AND (id <= 3152695))

table 8 : explain SELECT id FROM sbtest8 WHERE id BETWEEN 3152595 AND 3152695
	Index Only Scan using sbtest8_pkey on sbtest8  (cost=0.43..10.46 rows=101 width=4)
	  Index Cond: ((id >= 3152595) AND (id <= 3152695))

for range-covered
table 1 : explain SELECT id FROM sbtest1 WHERE id BETWEEN 5290863 AND 5290963
	Index Only Scan using sbtest1_pkey on sbtest1  (cost=0.43..6.51 rows=104 width=4)
	  Index Cond: ((id >= 5290863) AND (id <= 5290963))

table 2 : explain SELECT id FROM sbtest2 WHERE id BETWEEN 5290863 AND 5290963
	Index Only Scan using sbtest2_pkey on sbtest2  (cost=0.43..6.56 rows=106 width=4)
	  Index Cond: ((id >= 5290863) AND (id <= 5290963))

table 3 : explain SELECT id FROM sbtest3 WHERE id BETWEEN 5290863 AND 5290963
	Index Only Scan using sbtest3_pkey on sbtest3  (cost=0.43..6.56 rows=106 width=4)
	  Index Cond: ((id >= 5290863) AND (id <= 5290963))

table 4 : explain SELECT id FROM sbtest4 WHERE id BETWEEN 5290863 AND 5290963
	Index Only Scan using sbtest4_pkey on sbtest4  (cost=0.43..6.33 rows=95 width=4)
	  Index Cond: ((id >= 5290863) AND (id <= 5290963))

table 5 : explain SELECT id FROM sbtest5 WHERE id BETWEEN 5290863 AND 5290963
	Index Only Scan using sbtest5_pkey on sbtest5  (cost=0.43..6.56 rows=106 width=4)
	  Index Cond: ((id >= 5290863) AND (id <= 5290963))

table 6 : explain SELECT id FROM sbtest6 WHERE id BETWEEN 5290863 AND 5290963
	Index Only Scan using sbtest6_pkey on sbtest6  (cost=0.43..6.37 rows=97 width=4)
	  Index Cond: ((id >= 5290863) AND (id <= 5290963))

table 7 : explain SELECT id FROM sbtest7 WHERE id BETWEEN 5290863 AND 5290963
	Index Only Scan using sbtest7_pkey on sbtest7  (cost=0.43..6.33 rows=95 width=4)
	  Index Cond: ((id >= 5290863) AND (id <= 5290963))

table 8 : explain SELECT id FROM sbtest8 WHERE id BETWEEN 5290863 AND 5290963
	Index Only Scan using sbtest8_pkey on sbtest8  (cost=0.43..10.40 rows=98 width=4)
	  Index Cond: ((id >= 5290863) AND (id <= 5290963))

for range-covered
table 1 : explain SELECT id FROM sbtest1 WHERE id BETWEEN 7828131 AND 7828231
	Index Only Scan using sbtest1_pkey on sbtest1  (cost=0.43..6.45 rows=101 width=4)
	  Index Cond: ((id >= 7828131) AND (id <= 7828231))

table 2 : explain SELECT id FROM sbtest2 WHERE id BETWEEN 7828131 AND 7828231
	Index Only Scan using sbtest2_pkey on sbtest2  (cost=0.43..6.32 rows=94 width=4)
	  Index Cond: ((id >= 7828131) AND (id <= 7828231))

table 3 : explain SELECT id FROM sbtest3 WHERE id BETWEEN 7828131 AND 7828231
	Index Only Scan using sbtest3_pkey on sbtest3  (cost=0.43..6.50 rows=103 width=4)
	  Index Cond: ((id >= 7828131) AND (id <= 7828231))

table 4 : explain SELECT id FROM sbtest4 WHERE id BETWEEN 7828131 AND 7828231
	Index Only Scan using sbtest4_pkey on sbtest4  (cost=0.43..6.47 rows=102 width=4)
	  Index Cond: ((id >= 7828131) AND (id <= 7828231))

table 5 : explain SELECT id FROM sbtest5 WHERE id BETWEEN 7828131 AND 7828231
	Index Only Scan using sbtest5_pkey on sbtest5  (cost=0.43..6.50 rows=103 width=4)
	  Index Cond: ((id >= 7828131) AND (id <= 7828231))

table 6 : explain SELECT id FROM sbtest6 WHERE id BETWEEN 7828131 AND 7828231
	Index Only Scan using sbtest6_pkey on sbtest6  (cost=0.43..6.17 rows=87 width=4)
	  Index Cond: ((id >= 7828131) AND (id <= 7828231))

table 7 : explain SELECT id FROM sbtest7 WHERE id BETWEEN 7828131 AND 7828231
	Index Only Scan using sbtest7_pkey on sbtest7  (cost=0.43..6.61 rows=109 width=4)
	  Index Cond: ((id >= 7828131) AND (id <= 7828231))

table 8 : explain SELECT id FROM sbtest8 WHERE id BETWEEN 7828131 AND 7828231
	Index Only Scan using sbtest8_pkey on sbtest8  (cost=0.43..10.50 rows=103 width=4)
	  Index Cond: ((id >= 7828131) AND (id <= 7828231))

explain: for range-covered :: explain SELECT id FROM sbtest%d WHERE id BETWEEN 5290863 AND 5290963
explain: for range-covered :: explain SELECT id FROM sbtest%d WHERE id BETWEEN 7828131 AND 7828231
for range-covered
table 1 : explain SELECT id FROM sbtest1 WHERE id BETWEEN 4267192 AND 4267292
	Index Only Scan using sbtest1_pkey on sbtest1  (cost=0.43..6.51 rows=104 width=4)
	  Index Cond: ((id >= 4267192) AND (id <= 4267292))

table 2 : explain SELECT id FROM sbtest2 WHERE id BETWEEN 4267192 AND 4267292
	Index Only Scan using sbtest2_pkey on sbtest2  (cost=0.43..6.45 rows=101 width=4)
	  Index Cond: ((id >= 4267192) AND (id <= 4267292))

table 3 : explain SELECT id FROM sbtest3 WHERE id BETWEEN 4267192 AND 4267292
	Index Only Scan using sbtest3_pkey on sbtest3  (cost=0.43..6.43 rows=100 width=4)
	  Index Cond: ((id >= 4267192) AND (id <= 4267292))

table 4 : explain SELECT id FROM sbtest4 WHERE id BETWEEN 4267192 AND 4267292
	Index Only Scan using sbtest4_pkey on sbtest4  (cost=0.43..6.32 rows=94 width=4)
	  Index Cond: ((id >= 4267192) AND (id <= 4267292))

table 5 : explain SELECT id FROM sbtest5 WHERE id BETWEEN 4267192 AND 4267292
	Index Only Scan using sbtest5_pkey on sbtest5  (cost=0.43..6.42 rows=99 width=4)
	  Index Cond: ((id >= 4267192) AND (id <= 4267292))

table 6 : explain SELECT id FROM sbtest6 WHERE id BETWEEN 4267192 AND 4267292
	Index Only Scan using sbtest6_pkey on sbtest6  (cost=0.43..6.35 rows=96 width=4)
	  Index Cond: ((id >= 4267192) AND (id <= 4267292))

table 7 : explain SELECT id FROM sbtest7 WHERE id BETWEEN 4267192 AND 4267292
	Index Only Scan using sbtest7_pkey on sbtest7  (cost=0.43..6.35 rows=96 width=4)
	  Index Cond: ((id >= 4267192) AND (id <= 4267292))

table 8 : explain SELECT id FROM sbtest8 WHERE id BETWEEN 4267192 AND 4267292
	Index Only Scan using sbtest8_pkey on sbtest8  (cost=0.43..10.74 rows=115 width=4)
	  Index Cond: ((id >= 4267192) AND (id <= 4267292))

for range-covered
table 1 : explain SELECT id FROM sbtest1 WHERE id BETWEEN 5290863 AND 5290963
	Index Only Scan using sbtest1_pkey on sbtest1  (cost=0.43..6.51 rows=104 width=4)
	  Index Cond: ((id >= 5290863) AND (id <= 5290963))

table 2 : explain SELECT id FROM sbtest2 WHERE id BETWEEN 5290863 AND 5290963
	Index Only Scan using sbtest2_pkey on sbtest2  (cost=0.43..6.56 rows=106 width=4)
	  Index Cond: ((id >= 5290863) AND (id <= 5290963))

table 3 : explain SELECT id FROM sbtest3 WHERE id BETWEEN 5290863 AND 5290963
	Index Only Scan using sbtest3_pkey on sbtest3  (cost=0.43..6.56 rows=106 width=4)
	  Index Cond: ((id >= 5290863) AND (id <= 5290963))

table 4 : explain SELECT id FROM sbtest4 WHERE id BETWEEN 5290863 AND 5290963
	Index Only Scan using sbtest4_pkey on sbtest4  (cost=0.43..6.33 rows=95 width=4)
	  Index Cond: ((id >= 5290863) AND (id <= 5290963))

table 5 : explain SELECT id FROM sbtest5 WHERE id BETWEEN 5290863 AND 5290963
	Index Only Scan using sbtest5_pkey on sbtest5  (cost=0.43..6.56 rows=106 width=4)
	  Index Cond: ((id >= 5290863) AND (id <= 5290963))

table 6 : explain SELECT id FROM sbtest6 WHERE id BETWEEN 5290863 AND 5290963
	Index Only Scan using sbtest6_pkey on sbtest6  (cost=0.43..6.37 rows=97 width=4)
	  Index Cond: ((id >= 5290863) AND (id <= 5290963))

table 7 : explain SELECT id FROM sbtest7 WHERE id BETWEEN 5290863 AND 5290963
	Index Only Scan using sbtest7_pkey on sbtest7  (cost=0.43..6.33 rows=95 width=4)
	  Index Cond: ((id >= 5290863) AND (id <= 5290963))

table 8 : explain SELECT id FROM sbtest8 WHERE id BETWEEN 5290863 AND 5290963
	Index Only Scan using sbtest8_pkey on sbtest8  (cost=0.43..10.40 rows=98 width=4)
	  Index Cond: ((id >= 5290863) AND (id <= 5290963))

for range-covered
table 1 : explain SELECT id FROM sbtest1 WHERE id BETWEEN 7828131 AND 7828231
	Index Only Scan using sbtest1_pkey on sbtest1  (cost=0.43..6.45 rows=101 width=4)
	  Index Cond: ((id >= 7828131) AND (id <= 7828231))

table 2 : explain SELECT id FROM sbtest2 WHERE id BETWEEN 7828131 AND 7828231
	Index Only Scan using sbtest2_pkey on sbtest2  (cost=0.43..6.32 rows=94 width=4)
	  Index Cond: ((id >= 7828131) AND (id <= 7828231))

table 3 : explain SELECT id FROM sbtest3 WHERE id BETWEEN 7828131 AND 7828231
	Index Only Scan using sbtest3_pkey on sbtest3  (cost=0.43..6.50 rows=103 width=4)
	  Index Cond: ((id >= 7828131) AND (id <= 7828231))

table 4 : explain SELECT id FROM sbtest4 WHERE id BETWEEN 7828131 AND 7828231
	Index Only Scan using sbtest4_pkey on sbtest4  (cost=0.43..6.47 rows=102 width=4)
	  Index Cond: ((id >= 7828131) AND (id <= 7828231))

table 5 : explain SELECT id FROM sbtest5 WHERE id BETWEEN 7828131 AND 7828231
	Index Only Scan using sbtest5_pkey on sbtest5  (cost=0.43..6.50 rows=103 width=4)
	  Index Cond: ((id >= 7828131) AND (id <= 7828231))

table 6 : explain SELECT id FROM sbtest6 WHERE id BETWEEN 7828131 AND 7828231
	Index Only Scan using sbtest6_pkey on sbtest6  (cost=0.43..6.17 rows=87 width=4)
	  Index Cond: ((id >= 7828131) AND (id <= 7828231))

table 7 : explain SELECT id FROM sbtest7 WHERE id BETWEEN 7828131 AND 7828231
	Index Only Scan using sbtest7_pkey on sbtest7  (cost=0.43..6.61 rows=109 width=4)
	  Index Cond: ((id >= 7828131) AND (id <= 7828231))

table 8 : explain SELECT id FROM sbtest8 WHERE id BETWEEN 7828131 AND 7828231
	Index Only Scan using sbtest8_pkey on sbtest8  (cost=0.43..10.50 rows=103 width=4)
	  Index Cond: ((id >= 7828131) AND (id <= 7828231))

explain: for range-covered :: explain SELECT id FROM sbtest%d WHERE id BETWEEN 7828131 AND 7828231
for range-covered
table 1 : explain SELECT id FROM sbtest1 WHERE id BETWEEN 7828131 AND 7828231
	Index Only Scan using sbtest1_pkey on sbtest1  (cost=0.43..6.45 rows=101 width=4)
	  Index Cond: ((id >= 7828131) AND (id <= 7828231))

table 2 : explain SELECT id FROM sbtest2 WHERE id BETWEEN 7828131 AND 7828231
	Index Only Scan using sbtest2_pkey on sbtest2  (cost=0.43..6.32 rows=94 width=4)
	  Index Cond: ((id >= 7828131) AND (id <= 7828231))

table 3 : explain SELECT id FROM sbtest3 WHERE id BETWEEN 7828131 AND 7828231
	Index Only Scan using sbtest3_pkey on sbtest3  (cost=0.43..6.50 rows=103 width=4)
	  Index Cond: ((id >= 7828131) AND (id <= 7828231))

table 4 : explain SELECT id FROM sbtest4 WHERE id BETWEEN 7828131 AND 7828231
	Index Only Scan using sbtest4_pkey on sbtest4  (cost=0.43..6.47 rows=102 width=4)
	  Index Cond: ((id >= 7828131) AND (id <= 7828231))

table 5 : explain SELECT id FROM sbtest5 WHERE id BETWEEN 7828131 AND 7828231
	Index Only Scan using sbtest5_pkey on sbtest5  (cost=0.43..6.50 rows=103 width=4)
	  Index Cond: ((id >= 7828131) AND (id <= 7828231))

table 6 : explain SELECT id FROM sbtest6 WHERE id BETWEEN 7828131 AND 7828231
	Index Only Scan using sbtest6_pkey on sbtest6  (cost=0.43..6.17 rows=87 width=4)
	  Index Cond: ((id >= 7828131) AND (id <= 7828231))

table 7 : explain SELECT id FROM sbtest7 WHERE id BETWEEN 7828131 AND 7828231
	Index Only Scan using sbtest7_pkey on sbtest7  (cost=0.43..6.61 rows=109 width=4)
	  Index Cond: ((id >= 7828131) AND (id <= 7828231))

table 8 : explain SELECT id FROM sbtest8 WHERE id BETWEEN 7828131 AND 7828231
	Index Only Scan using sbtest8_pkey on sbtest8  (cost=0.43..10.50 rows=103 width=4)
	  Index Cond: ((id >= 7828131) AND (id <= 7828231))

explain: for range-covered :: explain SELECT id FROM sbtest%d WHERE id BETWEEN 7828131 AND 7828231
for range-covered
table 1 : explain SELECT id FROM sbtest1 WHERE id BETWEEN 7828131 AND 7828231
	Index Only Scan using sbtest1_pkey on sbtest1  (cost=0.43..6.45 rows=101 width=4)
	  Index Cond: ((id >= 7828131) AND (id <= 7828231))

table 2 : explain SELECT id FROM sbtest2 WHERE id BETWEEN 7828131 AND 7828231
	Index Only Scan using sbtest2_pkey on sbtest2  (cost=0.43..6.32 rows=94 width=4)
	  Index Cond: ((id >= 7828131) AND (id <= 7828231))

table 3 : explain SELECT id FROM sbtest3 WHERE id BETWEEN 7828131 AND 7828231
	Index Only Scan using sbtest3_pkey on sbtest3  (cost=0.43..6.50 rows=103 width=4)
	  Index Cond: ((id >= 7828131) AND (id <= 7828231))

table 4 : explain SELECT id FROM sbtest4 WHERE id BETWEEN 7828131 AND 7828231
	Index Only Scan using sbtest4_pkey on sbtest4  (cost=0.43..6.47 rows=102 width=4)
	  Index Cond: ((id >= 7828131) AND (id <= 7828231))

table 5 : explain SELECT id FROM sbtest5 WHERE id BETWEEN 7828131 AND 7828231
	Index Only Scan using sbtest5_pkey on sbtest5  (cost=0.43..6.50 rows=103 width=4)
	  Index Cond: ((id >= 7828131) AND (id <= 7828231))

table 6 : explain SELECT id FROM sbtest6 WHERE id BETWEEN 7828131 AND 7828231
	Index Only Scan using sbtest6_pkey on sbtest6  (cost=0.43..6.17 rows=87 width=4)
	  Index Cond: ((id >= 7828131) AND (id <= 7828231))

table 7 : explain SELECT id FROM sbtest7 WHERE id BETWEEN 7828131 AND 7828231
	Index Only Scan using sbtest7_pkey on sbtest7  (cost=0.43..6.61 rows=109 width=4)
	  Index Cond: ((id >= 7828131) AND (id <= 7828231))

table 8 : explain SELECT id FROM sbtest8 WHERE id BETWEEN 7828131 AND 7828231
	Index Only Scan using sbtest8_pkey on sbtest8  (cost=0.43..10.50 rows=103 width=4)
	  Index Cond: ((id >= 7828131) AND (id <= 7828231))

explain: for range-covered :: explain SELECT id FROM sbtest%d WHERE id BETWEEN 7828131 AND 7828231
for range-covered
table 1 : explain SELECT id FROM sbtest1 WHERE id BETWEEN 7828131 AND 7828231
	Index Only Scan using sbtest1_pkey on sbtest1  (cost=0.43..6.45 rows=101 width=4)
	  Index Cond: ((id >= 7828131) AND (id <= 7828231))

table 2 : explain SELECT id FROM sbtest2 WHERE id BETWEEN 7828131 AND 7828231
	Index Only Scan using sbtest2_pkey on sbtest2  (cost=0.43..6.32 rows=94 width=4)
	  Index Cond: ((id >= 7828131) AND (id <= 7828231))

table 3 : explain SELECT id FROM sbtest3 WHERE id BETWEEN 7828131 AND 7828231
	Index Only Scan using sbtest3_pkey on sbtest3  (cost=0.43..6.50 rows=103 width=4)
	  Index Cond: ((id >= 7828131) AND (id <= 7828231))

table 4 : explain SELECT id FROM sbtest4 WHERE id BETWEEN 7828131 AND 7828231
	Index Only Scan using sbtest4_pkey on sbtest4  (cost=0.43..6.47 rows=102 width=4)
	  Index Cond: ((id >= 7828131) AND (id <= 7828231))

table 5 : explain SELECT id FROM sbtest5 WHERE id BETWEEN 7828131 AND 7828231
	Index Only Scan using sbtest5_pkey on sbtest5  (cost=0.43..6.50 rows=103 width=4)
	  Index Cond: ((id >= 7828131) AND (id <= 7828231))

table 6 : explain SELECT id FROM sbtest6 WHERE id BETWEEN 7828131 AND 7828231
	Index Only Scan using sbtest6_pkey on sbtest6  (cost=0.43..6.17 rows=87 width=4)
	  Index Cond: ((id >= 7828131) AND (id <= 7828231))

table 7 : explain SELECT id FROM sbtest7 WHERE id BETWEEN 7828131 AND 7828231
	Index Only Scan using sbtest7_pkey on sbtest7  (cost=0.43..6.61 rows=109 width=4)
	  Index Cond: ((id >= 7828131) AND (id <= 7828231))

table 8 : explain SELECT id FROM sbtest8 WHERE id BETWEEN 7828131 AND 7828231
	Index Only Scan using sbtest8_pkey on sbtest8  (cost=0.43..10.50 rows=103 width=4)
	  Index Cond: ((id >= 7828131) AND (id <= 7828231))

explain: for range-covered :: explain SELECT id FROM sbtest%d WHERE id BETWEEN 7828131 AND 7828231
explain: for range-covered :: explain SELECT id FROM sbtest%d WHERE id BETWEEN 6255276 AND 6255376
for range-covered
table 1 : explain SELECT id FROM sbtest1 WHERE id BETWEEN 7828131 AND 7828231
	Index Only Scan using sbtest1_pkey on sbtest1  (cost=0.43..6.45 rows=101 width=4)
	  Index Cond: ((id >= 7828131) AND (id <= 7828231))

table 2 : explain SELECT id FROM sbtest2 WHERE id BETWEEN 7828131 AND 7828231
	Index Only Scan using sbtest2_pkey on sbtest2  (cost=0.43..6.32 rows=94 width=4)
	  Index Cond: ((id >= 7828131) AND (id <= 7828231))

table 3 : explain SELECT id FROM sbtest3 WHERE id BETWEEN 7828131 AND 7828231
	Index Only Scan using sbtest3_pkey on sbtest3  (cost=0.43..6.50 rows=103 width=4)
	  Index Cond: ((id >= 7828131) AND (id <= 7828231))

table 4 : explain SELECT id FROM sbtest4 WHERE id BETWEEN 7828131 AND 7828231
	Index Only Scan using sbtest4_pkey on sbtest4  (cost=0.43..6.47 rows=102 width=4)
	  Index Cond: ((id >= 7828131) AND (id <= 7828231))

table 5 : explain SELECT id FROM sbtest5 WHERE id BETWEEN 7828131 AND 7828231
	Index Only Scan using sbtest5_pkey on sbtest5  (cost=0.43..6.50 rows=103 width=4)
	  Index Cond: ((id >= 7828131) AND (id <= 7828231))

table 6 : explain SELECT id FROM sbtest6 WHERE id BETWEEN 7828131 AND 7828231
	Index Only Scan using sbtest6_pkey on sbtest6  (cost=0.43..6.17 rows=87 width=4)
	  Index Cond: ((id >= 7828131) AND (id <= 7828231))

table 7 : explain SELECT id FROM sbtest7 WHERE id BETWEEN 7828131 AND 7828231
	Index Only Scan using sbtest7_pkey on sbtest7  (cost=0.43..6.61 rows=109 width=4)
	  Index Cond: ((id >= 7828131) AND (id <= 7828231))

table 8 : explain SELECT id FROM sbtest8 WHERE id BETWEEN 7828131 AND 7828231
	Index Only Scan using sbtest8_pkey on sbtest8  (cost=0.43..10.50 rows=103 width=4)
	  Index Cond: ((id >= 7828131) AND (id <= 7828231))

explain: for range-covered :: explain SELECT id FROM sbtest%d WHERE id BETWEEN 7828131 AND 7828231
explain: for range-covered :: explain SELECT id FROM sbtest%d WHERE id BETWEEN 8652375 AND 8652475
for range-covered
table 1 : explain SELECT id FROM sbtest1 WHERE id BETWEEN 7828131 AND 7828231
	Index Only Scan using sbtest1_pkey on sbtest1  (cost=0.43..6.45 rows=101 width=4)
	  Index Cond: ((id >= 7828131) AND (id <= 7828231))

table 2 : explain SELECT id FROM sbtest2 WHERE id BETWEEN 7828131 AND 7828231
	Index Only Scan using sbtest2_pkey on sbtest2  (cost=0.43..6.32 rows=94 width=4)
	  Index Cond: ((id >= 7828131) AND (id <= 7828231))

table 3 : explain SELECT id FROM sbtest3 WHERE id BETWEEN 7828131 AND 7828231
	Index Only Scan using sbtest3_pkey on sbtest3  (cost=0.43..6.50 rows=103 width=4)
	  Index Cond: ((id >= 7828131) AND (id <= 7828231))

table 4 : explain SELECT id FROM sbtest4 WHERE id BETWEEN 7828131 AND 7828231
	Index Only Scan using sbtest4_pkey on sbtest4  (cost=0.43..6.47 rows=102 width=4)
	  Index Cond: ((id >= 7828131) AND (id <= 7828231))

table 5 : explain SELECT id FROM sbtest5 WHERE id BETWEEN 7828131 AND 7828231
	Index Only Scan using sbtest5_pkey on sbtest5  (cost=0.43..6.50 rows=103 width=4)
	  Index Cond: ((id >= 7828131) AND (id <= 7828231))

table 6 : explain SELECT id FROM sbtest6 WHERE id BETWEEN 7828131 AND 7828231
	Index Only Scan using sbtest6_pkey on sbtest6  (cost=0.43..6.17 rows=87 width=4)
	  Index Cond: ((id >= 7828131) AND (id <= 7828231))

table 7 : explain SELECT id FROM sbtest7 WHERE id BETWEEN 7828131 AND 7828231
	Index Only Scan using sbtest7_pkey on sbtest7  (cost=0.43..6.61 rows=109 width=4)
	  Index Cond: ((id >= 7828131) AND (id <= 7828231))

table 8 : explain SELECT id FROM sbtest8 WHERE id BETWEEN 7828131 AND 7828231
	Index Only Scan using sbtest8_pkey on sbtest8  (cost=0.43..10.50 rows=103 width=4)
	  Index Cond: ((id >= 7828131) AND (id <= 7828231))

explain: for range-covered :: explain SELECT id FROM sbtest%d WHERE id BETWEEN 7828131 AND 7828231
for range-covered
table 1 : explain SELECT id FROM sbtest1 WHERE id BETWEEN 7828131 AND 7828231
	Index Only Scan using sbtest1_pkey on sbtest1  (cost=0.43..6.45 rows=101 width=4)
	  Index Cond: ((id >= 7828131) AND (id <= 7828231))

table 2 : explain SELECT id FROM sbtest2 WHERE id BETWEEN 7828131 AND 7828231
	Index Only Scan using sbtest2_pkey on sbtest2  (cost=0.43..6.32 rows=94 width=4)
	  Index Cond: ((id >= 7828131) AND (id <= 7828231))

table 3 : explain SELECT id FROM sbtest3 WHERE id BETWEEN 7828131 AND 7828231
	Index Only Scan using sbtest3_pkey on sbtest3  (cost=0.43..6.50 rows=103 width=4)
	  Index Cond: ((id >= 7828131) AND (id <= 7828231))

table 4 : explain SELECT id FROM sbtest4 WHERE id BETWEEN 7828131 AND 7828231
	Index Only Scan using sbtest4_pkey on sbtest4  (cost=0.43..6.47 rows=102 width=4)
	  Index Cond: ((id >= 7828131) AND (id <= 7828231))

table 5 : explain SELECT id FROM sbtest5 WHERE id BETWEEN 7828131 AND 7828231
	Index Only Scan using sbtest5_pkey on sbtest5  (cost=0.43..6.50 rows=103 width=4)
	  Index Cond: ((id >= 7828131) AND (id <= 7828231))

table 6 : explain SELECT id FROM sbtest6 WHERE id BETWEEN 7828131 AND 7828231
	Index Only Scan using sbtest6_pkey on sbtest6  (cost=0.43..6.17 rows=87 width=4)
	  Index Cond: ((id >= 7828131) AND (id <= 7828231))

table 7 : explain SELECT id FROM sbtest7 WHERE id BETWEEN 7828131 AND 7828231
	Index Only Scan using sbtest7_pkey on sbtest7  (cost=0.43..6.61 rows=109 width=4)
	  Index Cond: ((id >= 7828131) AND (id <= 7828231))

table 8 : explain SELECT id FROM sbtest8 WHERE id BETWEEN 7828131 AND 7828231
	Index Only Scan using sbtest8_pkey on sbtest8  (cost=0.43..10.50 rows=103 width=4)
	  Index Cond: ((id >= 7828131) AND (id <= 7828231))

for range-covered
table 1 : explain SELECT id FROM sbtest1 WHERE id BETWEEN 6255276 AND 6255376
	Index Only Scan using sbtest1_pkey on sbtest1  (cost=0.43..6.29 rows=93 width=4)
	  Index Cond: ((id >= 6255276) AND (id <= 6255376))

table 2 : explain SELECT id FROM sbtest2 WHERE id BETWEEN 6255276 AND 6255376
	Index Only Scan using sbtest2_pkey on sbtest2  (cost=0.43..6.61 rows=109 width=4)
	  Index Cond: ((id >= 6255276) AND (id <= 6255376))

table 3 : explain SELECT id FROM sbtest3 WHERE id BETWEEN 6255276 AND 6255376
	Index Only Scan using sbtest3_pkey on sbtest3  (cost=0.43..6.24 rows=90 width=4)
	  Index Cond: ((id >= 6255276) AND (id <= 6255376))

table 4 : explain SELECT id FROM sbtest4 WHERE id BETWEEN 6255276 AND 6255376
	Index Only Scan using sbtest4_pkey on sbtest4  (cost=0.43..6.43 rows=100 width=4)
	  Index Cond: ((id >= 6255276) AND (id <= 6255376))

table 5 : explain SELECT id FROM sbtest5 WHERE id BETWEEN 6255276 AND 6255376
	Index Only Scan using sbtest5_pkey on sbtest5  (cost=0.43..6.37 rows=97 width=4)
	  Index Cond: ((id >= 6255276) AND (id <= 6255376))

table 6 : explain SELECT id FROM sbtest6 WHERE id BETWEEN 6255276 AND 6255376
	Index Only Scan using sbtest6_pkey on sbtest6  (cost=0.43..6.35 rows=96 width=4)
	  Index Cond: ((id >= 6255276) AND (id <= 6255376))

table 7 : explain SELECT id FROM sbtest7 WHERE id BETWEEN 6255276 AND 6255376
	Index Only Scan using sbtest7_pkey on sbtest7  (cost=0.43..6.32 rows=94 width=4)
	  Index Cond: ((id >= 6255276) AND (id <= 6255376))

table 8 : explain SELECT id FROM sbtest8 WHERE id BETWEEN 6255276 AND 6255376
	Index Only Scan using sbtest8_pkey on sbtest8  (cost=0.43..10.42 rows=99 width=4)
	  Index Cond: ((id >= 6255276) AND (id <= 6255376))

explain: for range-covered :: explain SELECT id FROM sbtest%d WHERE id BETWEEN 6255276 AND 6255376
for range-covered
table 1 : explain SELECT id FROM sbtest1 WHERE id BETWEEN 6255276 AND 6255376
	Index Only Scan using sbtest1_pkey on sbtest1  (cost=0.43..6.29 rows=93 width=4)
	  Index Cond: ((id >= 6255276) AND (id <= 6255376))

table 2 : explain SELECT id FROM sbtest2 WHERE id BETWEEN 6255276 AND 6255376
	Index Only Scan using sbtest2_pkey on sbtest2  (cost=0.43..6.61 rows=109 width=4)
	  Index Cond: ((id >= 6255276) AND (id <= 6255376))

table 3 : explain SELECT id FROM sbtest3 WHERE id BETWEEN 6255276 AND 6255376
	Index Only Scan using sbtest3_pkey on sbtest3  (cost=0.43..6.24 rows=90 width=4)
	  Index Cond: ((id >= 6255276) AND (id <= 6255376))

table 4 : explain SELECT id FROM sbtest4 WHERE id BETWEEN 6255276 AND 6255376
	Index Only Scan using sbtest4_pkey on sbtest4  (cost=0.43..6.43 rows=100 width=4)
	  Index Cond: ((id >= 6255276) AND (id <= 6255376))

table 5 : explain SELECT id FROM sbtest5 WHERE id BETWEEN 6255276 AND 6255376
	Index Only Scan using sbtest5_pkey on sbtest5  (cost=0.43..6.37 rows=97 width=4)
	  Index Cond: ((id >= 6255276) AND (id <= 6255376))

table 6 : explain SELECT id FROM sbtest6 WHERE id BETWEEN 6255276 AND 6255376
	Index Only Scan using sbtest6_pkey on sbtest6  (cost=0.43..6.35 rows=96 width=4)
	  Index Cond: ((id >= 6255276) AND (id <= 6255376))

table 7 : explain SELECT id FROM sbtest7 WHERE id BETWEEN 6255276 AND 6255376
	Index Only Scan using sbtest7_pkey on sbtest7  (cost=0.43..6.32 rows=94 width=4)
	  Index Cond: ((id >= 6255276) AND (id <= 6255376))

table 8 : explain SELECT id FROM sbtest8 WHERE id BETWEEN 6255276 AND 6255376
	Index Only Scan using sbtest8_pkey on sbtest8  (cost=0.43..10.42 rows=99 width=4)
	  Index Cond: ((id >= 6255276) AND (id <= 6255376))

explain: for range-covered :: explain SELECT id FROM sbtest%d WHERE id BETWEEN 6255276 AND 6255376
for range-covered
table 1 : explain SELECT id FROM sbtest1 WHERE id BETWEEN 8652375 AND 8652475
	Index Only Scan using sbtest1_pkey on sbtest1  (cost=0.43..6.40 rows=98 width=4)
	  Index Cond: ((id >= 8652375) AND (id <= 8652475))

table 2 : explain SELECT id FROM sbtest2 WHERE id BETWEEN 8652375 AND 8652475
	Index Only Scan using sbtest2_pkey on sbtest2  (cost=0.43..6.47 rows=102 width=4)
	  Index Cond: ((id >= 8652375) AND (id <= 8652475))

table 3 : explain SELECT id FROM sbtest3 WHERE id BETWEEN 8652375 AND 8652475
	Index Only Scan using sbtest3_pkey on sbtest3  (cost=0.43..6.45 rows=101 width=4)
	  Index Cond: ((id >= 8652375) AND (id <= 8652475))

table 4 : explain SELECT id FROM sbtest4 WHERE id BETWEEN 8652375 AND 8652475
	Index Only Scan using sbtest4_pkey on sbtest4  (cost=0.43..6.56 rows=106 width=4)
	  Index Cond: ((id >= 8652375) AND (id <= 8652475))

table 5 : explain SELECT id FROM sbtest5 WHERE id BETWEEN 8652375 AND 8652475
	Index Only Scan using sbtest5_pkey on sbtest5  (cost=0.43..6.53 rows=105 width=4)
	  Index Cond: ((id >= 8652375) AND (id <= 8652475))

table 6 : explain SELECT id FROM sbtest6 WHERE id BETWEEN 8652375 AND 8652475
	Index Only Scan using sbtest6_pkey on sbtest6  (cost=0.43..6.45 rows=101 width=4)
	  Index Cond: ((id >= 8652375) AND (id <= 8652475))

table 7 : explain SELECT id FROM sbtest7 WHERE id BETWEEN 8652375 AND 8652475
	Index Only Scan using sbtest7_pkey on sbtest7  (cost=0.43..6.56 rows=106 width=4)
	  Index Cond: ((id >= 8652375) AND (id <= 8652475))

table 8 : explain SELECT id FROM sbtest8 WHERE id BETWEEN 8652375 AND 8652475
	Index Only Scan using sbtest8_pkey on sbtest8  (cost=0.43..10.50 rows=103 width=4)
	  Index Cond: ((id >= 8652375) AND (id <= 8652475))

explain: for range-covered :: explain SELECT id FROM sbtest%d WHERE id BETWEEN 8652375 AND 8652475
for range-covered
table 1 : explain SELECT id FROM sbtest1 WHERE id BETWEEN 6255276 AND 6255376
	Index Only Scan using sbtest1_pkey on sbtest1  (cost=0.43..6.29 rows=93 width=4)
	  Index Cond: ((id >= 6255276) AND (id <= 6255376))

table 2 : explain SELECT id FROM sbtest2 WHERE id BETWEEN 6255276 AND 6255376
	Index Only Scan using sbtest2_pkey on sbtest2  (cost=0.43..6.61 rows=109 width=4)
	  Index Cond: ((id >= 6255276) AND (id <= 6255376))

table 3 : explain SELECT id FROM sbtest3 WHERE id BETWEEN 6255276 AND 6255376
	Index Only Scan using sbtest3_pkey on sbtest3  (cost=0.43..6.24 rows=90 width=4)
	  Index Cond: ((id >= 6255276) AND (id <= 6255376))

table 4 : explain SELECT id FROM sbtest4 WHERE id BETWEEN 6255276 AND 6255376
	Index Only Scan using sbtest4_pkey on sbtest4  (cost=0.43..6.43 rows=100 width=4)
	  Index Cond: ((id >= 6255276) AND (id <= 6255376))

table 5 : explain SELECT id FROM sbtest5 WHERE id BETWEEN 6255276 AND 6255376
	Index Only Scan using sbtest5_pkey on sbtest5  (cost=0.43..6.37 rows=97 width=4)
	  Index Cond: ((id >= 6255276) AND (id <= 6255376))

table 6 : explain SELECT id FROM sbtest6 WHERE id BETWEEN 6255276 AND 6255376
	Index Only Scan using sbtest6_pkey on sbtest6  (cost=0.43..6.35 rows=96 width=4)
	  Index Cond: ((id >= 6255276) AND (id <= 6255376))

table 7 : explain SELECT id FROM sbtest7 WHERE id BETWEEN 6255276 AND 6255376
	Index Only Scan using sbtest7_pkey on sbtest7  (cost=0.43..6.32 rows=94 width=4)
	  Index Cond: ((id >= 6255276) AND (id <= 6255376))

table 8 : explain SELECT id FROM sbtest8 WHERE id BETWEEN 6255276 AND 6255376
	Index Only Scan using sbtest8_pkey on sbtest8  (cost=0.43..10.42 rows=99 width=4)
	  Index Cond: ((id >= 6255276) AND (id <= 6255376))

explain: for range-covered :: explain SELECT id FROM sbtest%d WHERE id BETWEEN 6255276 AND 6255376
for range-covered
table 1 : explain SELECT id FROM sbtest1 WHERE id BETWEEN 8652375 AND 8652475
	Index Only Scan using sbtest1_pkey on sbtest1  (cost=0.43..6.40 rows=98 width=4)
	  Index Cond: ((id >= 8652375) AND (id <= 8652475))

table 2 : explain SELECT id FROM sbtest2 WHERE id BETWEEN 8652375 AND 8652475
	Index Only Scan using sbtest2_pkey on sbtest2  (cost=0.43..6.47 rows=102 width=4)
	  Index Cond: ((id >= 8652375) AND (id <= 8652475))

table 3 : explain SELECT id FROM sbtest3 WHERE id BETWEEN 8652375 AND 8652475
	Index Only Scan using sbtest3_pkey on sbtest3  (cost=0.43..6.45 rows=101 width=4)
	  Index Cond: ((id >= 8652375) AND (id <= 8652475))

table 4 : explain SELECT id FROM sbtest4 WHERE id BETWEEN 8652375 AND 8652475
	Index Only Scan using sbtest4_pkey on sbtest4  (cost=0.43..6.56 rows=106 width=4)
	  Index Cond: ((id >= 8652375) AND (id <= 8652475))

table 5 : explain SELECT id FROM sbtest5 WHERE id BETWEEN 8652375 AND 8652475
	Index Only Scan using sbtest5_pkey on sbtest5  (cost=0.43..6.53 rows=105 width=4)
	  Index Cond: ((id >= 8652375) AND (id <= 8652475))

table 6 : explain SELECT id FROM sbtest6 WHERE id BETWEEN 8652375 AND 8652475
	Index Only Scan using sbtest6_pkey on sbtest6  (cost=0.43..6.45 rows=101 width=4)
	  Index Cond: ((id >= 8652375) AND (id <= 8652475))

table 7 : explain SELECT id FROM sbtest7 WHERE id BETWEEN 8652375 AND 8652475
	Index Only Scan using sbtest7_pkey on sbtest7  (cost=0.43..6.56 rows=106 width=4)
	  Index Cond: ((id >= 8652375) AND (id <= 8652475))

table 8 : explain SELECT id FROM sbtest8 WHERE id BETWEEN 8652375 AND 8652475
	Index Only Scan using sbtest8_pkey on sbtest8  (cost=0.43..10.50 rows=103 width=4)
	  Index Cond: ((id >= 8652375) AND (id <= 8652475))

explain: for range-covered :: explain SELECT id FROM sbtest%d WHERE id BETWEEN 8652375 AND 8652475
for range-covered
table 1 : explain SELECT id FROM sbtest1 WHERE id BETWEEN 6255276 AND 6255376
	Index Only Scan using sbtest1_pkey on sbtest1  (cost=0.43..6.29 rows=93 width=4)
	  Index Cond: ((id >= 6255276) AND (id <= 6255376))

table 2 : explain SELECT id FROM sbtest2 WHERE id BETWEEN 6255276 AND 6255376
	Index Only Scan using sbtest2_pkey on sbtest2  (cost=0.43..6.61 rows=109 width=4)
	  Index Cond: ((id >= 6255276) AND (id <= 6255376))

table 3 : explain SELECT id FROM sbtest3 WHERE id BETWEEN 6255276 AND 6255376
	Index Only Scan using sbtest3_pkey on sbtest3  (cost=0.43..6.24 rows=90 width=4)
	  Index Cond: ((id >= 6255276) AND (id <= 6255376))

table 4 : explain SELECT id FROM sbtest4 WHERE id BETWEEN 6255276 AND 6255376
	Index Only Scan using sbtest4_pkey on sbtest4  (cost=0.43..6.43 rows=100 width=4)
	  Index Cond: ((id >= 6255276) AND (id <= 6255376))

table 5 : explain SELECT id FROM sbtest5 WHERE id BETWEEN 6255276 AND 6255376
	Index Only Scan using sbtest5_pkey on sbtest5  (cost=0.43..6.37 rows=97 width=4)
	  Index Cond: ((id >= 6255276) AND (id <= 6255376))

table 6 : explain SELECT id FROM sbtest6 WHERE id BETWEEN 6255276 AND 6255376
	Index Only Scan using sbtest6_pkey on sbtest6  (cost=0.43..6.35 rows=96 width=4)
	  Index Cond: ((id >= 6255276) AND (id <= 6255376))

table 7 : explain SELECT id FROM sbtest7 WHERE id BETWEEN 6255276 AND 6255376
	Index Only Scan using sbtest7_pkey on sbtest7  (cost=0.43..6.32 rows=94 width=4)
	  Index Cond: ((id >= 6255276) AND (id <= 6255376))

table 8 : explain SELECT id FROM sbtest8 WHERE id BETWEEN 6255276 AND 6255376
	Index Only Scan using sbtest8_pkey on sbtest8  (cost=0.43..10.42 rows=99 width=4)
	  Index Cond: ((id >= 6255276) AND (id <= 6255376))

explain: for range-covered :: explain SELECT id FROM sbtest%d WHERE id BETWEEN 6255276 AND 6255376
for range-covered
table 1 : explain SELECT id FROM sbtest1 WHERE id BETWEEN 8652375 AND 8652475
	Index Only Scan using sbtest1_pkey on sbtest1  (cost=0.43..6.40 rows=98 width=4)
	  Index Cond: ((id >= 8652375) AND (id <= 8652475))

table 2 : explain SELECT id FROM sbtest2 WHERE id BETWEEN 8652375 AND 8652475
	Index Only Scan using sbtest2_pkey on sbtest2  (cost=0.43..6.47 rows=102 width=4)
	  Index Cond: ((id >= 8652375) AND (id <= 8652475))

table 3 : explain SELECT id FROM sbtest3 WHERE id BETWEEN 8652375 AND 8652475
	Index Only Scan using sbtest3_pkey on sbtest3  (cost=0.43..6.45 rows=101 width=4)
	  Index Cond: ((id >= 8652375) AND (id <= 8652475))

table 4 : explain SELECT id FROM sbtest4 WHERE id BETWEEN 8652375 AND 8652475
	Index Only Scan using sbtest4_pkey on sbtest4  (cost=0.43..6.56 rows=106 width=4)
	  Index Cond: ((id >= 8652375) AND (id <= 8652475))

table 5 : explain SELECT id FROM sbtest5 WHERE id BETWEEN 8652375 AND 8652475
	Index Only Scan using sbtest5_pkey on sbtest5  (cost=0.43..6.53 rows=105 width=4)
	  Index Cond: ((id >= 8652375) AND (id <= 8652475))

table 6 : explain SELECT id FROM sbtest6 WHERE id BETWEEN 8652375 AND 8652475
	Index Only Scan using sbtest6_pkey on sbtest6  (cost=0.43..6.45 rows=101 width=4)
	  Index Cond: ((id >= 8652375) AND (id <= 8652475))

table 7 : explain SELECT id FROM sbtest7 WHERE id BETWEEN 8652375 AND 8652475
	Index Only Scan using sbtest7_pkey on sbtest7  (cost=0.43..6.56 rows=106 width=4)
	  Index Cond: ((id >= 8652375) AND (id <= 8652475))

table 8 : explain SELECT id FROM sbtest8 WHERE id BETWEEN 8652375 AND 8652475
	Index Only Scan using sbtest8_pkey on sbtest8  (cost=0.43..10.50 rows=103 width=4)
	  Index Cond: ((id >= 8652375) AND (id <= 8652475))

explain: for range-covered :: explain SELECT id FROM sbtest%d WHERE id BETWEEN 8652375 AND 8652475
for range-covered
table 1 : explain SELECT id FROM sbtest1 WHERE id BETWEEN 6255276 AND 6255376
	Index Only Scan using sbtest1_pkey on sbtest1  (cost=0.43..6.29 rows=93 width=4)
	  Index Cond: ((id >= 6255276) AND (id <= 6255376))

table 2 : explain SELECT id FROM sbtest2 WHERE id BETWEEN 6255276 AND 6255376
	Index Only Scan using sbtest2_pkey on sbtest2  (cost=0.43..6.61 rows=109 width=4)
	  Index Cond: ((id >= 6255276) AND (id <= 6255376))

table 3 : explain SELECT id FROM sbtest3 WHERE id BETWEEN 6255276 AND 6255376
	Index Only Scan using sbtest3_pkey on sbtest3  (cost=0.43..6.24 rows=90 width=4)
	  Index Cond: ((id >= 6255276) AND (id <= 6255376))

table 4 : explain SELECT id FROM sbtest4 WHERE id BETWEEN 6255276 AND 6255376
	Index Only Scan using sbtest4_pkey on sbtest4  (cost=0.43..6.43 rows=100 width=4)
	  Index Cond: ((id >= 6255276) AND (id <= 6255376))

table 5 : explain SELECT id FROM sbtest5 WHERE id BETWEEN 6255276 AND 6255376
	Index Only Scan using sbtest5_pkey on sbtest5  (cost=0.43..6.37 rows=97 width=4)
	  Index Cond: ((id >= 6255276) AND (id <= 6255376))

table 6 : explain SELECT id FROM sbtest6 WHERE id BETWEEN 6255276 AND 6255376
	Index Only Scan using sbtest6_pkey on sbtest6  (cost=0.43..6.35 rows=96 width=4)
	  Index Cond: ((id >= 6255276) AND (id <= 6255376))

table 7 : explain SELECT id FROM sbtest7 WHERE id BETWEEN 6255276 AND 6255376
	Index Only Scan using sbtest7_pkey on sbtest7  (cost=0.43..6.32 rows=94 width=4)
	  Index Cond: ((id >= 6255276) AND (id <= 6255376))

table 8 : explain SELECT id FROM sbtest8 WHERE id BETWEEN 6255276 AND 6255376
	Index Only Scan using sbtest8_pkey on sbtest8  (cost=0.43..10.42 rows=99 width=4)
	  Index Cond: ((id >= 6255276) AND (id <= 6255376))

explain: for range-covered :: explain SELECT id FROM sbtest%d WHERE id BETWEEN 6255276 AND 6255376
for range-covered
table 1 : explain SELECT id FROM sbtest1 WHERE id BETWEEN 8652375 AND 8652475
	Index Only Scan using sbtest1_pkey on sbtest1  (cost=0.43..6.40 rows=98 width=4)
	  Index Cond: ((id >= 8652375) AND (id <= 8652475))

table 2 : explain SELECT id FROM sbtest2 WHERE id BETWEEN 8652375 AND 8652475
	Index Only Scan using sbtest2_pkey on sbtest2  (cost=0.43..6.47 rows=102 width=4)
	  Index Cond: ((id >= 8652375) AND (id <= 8652475))

table 3 : explain SELECT id FROM sbtest3 WHERE id BETWEEN 8652375 AND 8652475
	Index Only Scan using sbtest3_pkey on sbtest3  (cost=0.43..6.45 rows=101 width=4)
	  Index Cond: ((id >= 8652375) AND (id <= 8652475))

table 4 : explain SELECT id FROM sbtest4 WHERE id BETWEEN 8652375 AND 8652475
	Index Only Scan using sbtest4_pkey on sbtest4  (cost=0.43..6.56 rows=106 width=4)
	  Index Cond: ((id >= 8652375) AND (id <= 8652475))

table 5 : explain SELECT id FROM sbtest5 WHERE id BETWEEN 8652375 AND 8652475
	Index Only Scan using sbtest5_pkey on sbtest5  (cost=0.43..6.53 rows=105 width=4)
	  Index Cond: ((id >= 8652375) AND (id <= 8652475))

table 6 : explain SELECT id FROM sbtest6 WHERE id BETWEEN 8652375 AND 8652475
	Index Only Scan using sbtest6_pkey on sbtest6  (cost=0.43..6.45 rows=101 width=4)
	  Index Cond: ((id >= 8652375) AND (id <= 8652475))

table 7 : explain SELECT id FROM sbtest7 WHERE id BETWEEN 8652375 AND 8652475
	Index Only Scan using sbtest7_pkey on sbtest7  (cost=0.43..6.56 rows=106 width=4)
	  Index Cond: ((id >= 8652375) AND (id <= 8652475))

table 8 : explain SELECT id FROM sbtest8 WHERE id BETWEEN 8652375 AND 8652475
	Index Only Scan using sbtest8_pkey on sbtest8  (cost=0.43..10.50 rows=103 width=4)
	  Index Cond: ((id >= 8652375) AND (id <= 8652475))

explain: for range-covered :: explain SELECT id FROM sbtest%d WHERE id BETWEEN 8652375 AND 8652475
for range-covered
table 1 : explain SELECT id FROM sbtest1 WHERE id BETWEEN 6255276 AND 6255376
	Index Only Scan using sbtest1_pkey on sbtest1  (cost=0.43..6.29 rows=93 width=4)
	  Index Cond: ((id >= 6255276) AND (id <= 6255376))

table 2 : explain SELECT id FROM sbtest2 WHERE id BETWEEN 6255276 AND 6255376
	Index Only Scan using sbtest2_pkey on sbtest2  (cost=0.43..6.61 rows=109 width=4)
	  Index Cond: ((id >= 6255276) AND (id <= 6255376))

table 3 : explain SELECT id FROM sbtest3 WHERE id BETWEEN 6255276 AND 6255376
	Index Only Scan using sbtest3_pkey on sbtest3  (cost=0.43..6.24 rows=90 width=4)
	  Index Cond: ((id >= 6255276) AND (id <= 6255376))

table 4 : explain SELECT id FROM sbtest4 WHERE id BETWEEN 6255276 AND 6255376
	Index Only Scan using sbtest4_pkey on sbtest4  (cost=0.43..6.43 rows=100 width=4)
	  Index Cond: ((id >= 6255276) AND (id <= 6255376))

table 5 : explain SELECT id FROM sbtest5 WHERE id BETWEEN 6255276 AND 6255376
	Index Only Scan using sbtest5_pkey on sbtest5  (cost=0.43..6.37 rows=97 width=4)
	  Index Cond: ((id >= 6255276) AND (id <= 6255376))

table 6 : explain SELECT id FROM sbtest6 WHERE id BETWEEN 6255276 AND 6255376
	Index Only Scan using sbtest6_pkey on sbtest6  (cost=0.43..6.35 rows=96 width=4)
	  Index Cond: ((id >= 6255276) AND (id <= 6255376))

table 7 : explain SELECT id FROM sbtest7 WHERE id BETWEEN 6255276 AND 6255376
	Index Only Scan using sbtest7_pkey on sbtest7  (cost=0.43..6.32 rows=94 width=4)
	  Index Cond: ((id >= 6255276) AND (id <= 6255376))

table 8 : explain SELECT id FROM sbtest8 WHERE id BETWEEN 6255276 AND 6255376
	Index Only Scan using sbtest8_pkey on sbtest8  (cost=0.43..10.42 rows=99 width=4)
	  Index Cond: ((id >= 6255276) AND (id <= 6255376))

explain: for range-covered :: explain SELECT id FROM sbtest%d WHERE id BETWEEN 6255276 AND 6255376
for range-covered
table 1 : explain SELECT id FROM sbtest1 WHERE id BETWEEN 8652375 AND 8652475
	Index Only Scan using sbtest1_pkey on sbtest1  (cost=0.43..6.40 rows=98 width=4)
	  Index Cond: ((id >= 8652375) AND (id <= 8652475))

table 2 : explain SELECT id FROM sbtest2 WHERE id BETWEEN 8652375 AND 8652475
	Index Only Scan using sbtest2_pkey on sbtest2  (cost=0.43..6.47 rows=102 width=4)
	  Index Cond: ((id >= 8652375) AND (id <= 8652475))

table 3 : explain SELECT id FROM sbtest3 WHERE id BETWEEN 8652375 AND 8652475
	Index Only Scan using sbtest3_pkey on sbtest3  (cost=0.43..6.45 rows=101 width=4)
	  Index Cond: ((id >= 8652375) AND (id <= 8652475))

table 4 : explain SELECT id FROM sbtest4 WHERE id BETWEEN 8652375 AND 8652475
	Index Only Scan using sbtest4_pkey on sbtest4  (cost=0.43..6.56 rows=106 width=4)
	  Index Cond: ((id >= 8652375) AND (id <= 8652475))

table 5 : explain SELECT id FROM sbtest5 WHERE id BETWEEN 8652375 AND 8652475
	Index Only Scan using sbtest5_pkey on sbtest5  (cost=0.43..6.53 rows=105 width=4)
	  Index Cond: ((id >= 8652375) AND (id <= 8652475))

table 6 : explain SELECT id FROM sbtest6 WHERE id BETWEEN 8652375 AND 8652475
	Index Only Scan using sbtest6_pkey on sbtest6  (cost=0.43..6.45 rows=101 width=4)
	  Index Cond: ((id >= 8652375) AND (id <= 8652475))

table 7 : explain SELECT id FROM sbtest7 WHERE id BETWEEN 8652375 AND 8652475
	Index Only Scan using sbtest7_pkey on sbtest7  (cost=0.43..6.56 rows=106 width=4)
	  Index Cond: ((id >= 8652375) AND (id <= 8652475))

table 8 : explain SELECT id FROM sbtest8 WHERE id BETWEEN 8652375 AND 8652475
	Index Only Scan using sbtest8_pkey on sbtest8  (cost=0.43..10.50 rows=103 width=4)
	  Index Cond: ((id >= 8652375) AND (id <= 8652475))

explain: for range-covered :: explain SELECT id FROM sbtest%d WHERE id BETWEEN 8652375 AND 8652475
for range-covered
table 1 : explain SELECT id FROM sbtest1 WHERE id BETWEEN 6255276 AND 6255376
	Index Only Scan using sbtest1_pkey on sbtest1  (cost=0.43..6.29 rows=93 width=4)
	  Index Cond: ((id >= 6255276) AND (id <= 6255376))

table 2 : explain SELECT id FROM sbtest2 WHERE id BETWEEN 6255276 AND 6255376
	Index Only Scan using sbtest2_pkey on sbtest2  (cost=0.43..6.61 rows=109 width=4)
	  Index Cond: ((id >= 6255276) AND (id <= 6255376))

table 3 : explain SELECT id FROM sbtest3 WHERE id BETWEEN 6255276 AND 6255376
	Index Only Scan using sbtest3_pkey on sbtest3  (cost=0.43..6.24 rows=90 width=4)
	  Index Cond: ((id >= 6255276) AND (id <= 6255376))

table 4 : explain SELECT id FROM sbtest4 WHERE id BETWEEN 6255276 AND 6255376
	Index Only Scan using sbtest4_pkey on sbtest4  (cost=0.43..6.43 rows=100 width=4)
	  Index Cond: ((id >= 6255276) AND (id <= 6255376))

table 5 : explain SELECT id FROM sbtest5 WHERE id BETWEEN 6255276 AND 6255376
	Index Only Scan using sbtest5_pkey on sbtest5  (cost=0.43..6.37 rows=97 width=4)
	  Index Cond: ((id >= 6255276) AND (id <= 6255376))

table 6 : explain SELECT id FROM sbtest6 WHERE id BETWEEN 6255276 AND 6255376
	Index Only Scan using sbtest6_pkey on sbtest6  (cost=0.43..6.35 rows=96 width=4)
	  Index Cond: ((id >= 6255276) AND (id <= 6255376))

table 7 : explain SELECT id FROM sbtest7 WHERE id BETWEEN 6255276 AND 6255376
	Index Only Scan using sbtest7_pkey on sbtest7  (cost=0.43..6.32 rows=94 width=4)
	  Index Cond: ((id >= 6255276) AND (id <= 6255376))

table 8 : explain SELECT id FROM sbtest8 WHERE id BETWEEN 6255276 AND 6255376
	Index Only Scan using sbtest8_pkey on sbtest8  (cost=0.43..10.42 rows=99 width=4)
	  Index Cond: ((id >= 6255276) AND (id <= 6255376))

explain: for range-covered :: explain SELECT id FROM sbtest%d WHERE id BETWEEN 6255276 AND 6255376
for range-covered
table 1 : explain SELECT id FROM sbtest1 WHERE id BETWEEN 8652375 AND 8652475
	Index Only Scan using sbtest1_pkey on sbtest1  (cost=0.43..6.40 rows=98 width=4)
	  Index Cond: ((id >= 8652375) AND (id <= 8652475))

table 2 : explain SELECT id FROM sbtest2 WHERE id BETWEEN 8652375 AND 8652475
	Index Only Scan using sbtest2_pkey on sbtest2  (cost=0.43..6.47 rows=102 width=4)
	  Index Cond: ((id >= 8652375) AND (id <= 8652475))

table 3 : explain SELECT id FROM sbtest3 WHERE id BETWEEN 8652375 AND 8652475
	Index Only Scan using sbtest3_pkey on sbtest3  (cost=0.43..6.45 rows=101 width=4)
	  Index Cond: ((id >= 8652375) AND (id <= 8652475))

table 4 : explain SELECT id FROM sbtest4 WHERE id BETWEEN 8652375 AND 8652475
	Index Only Scan using sbtest4_pkey on sbtest4  (cost=0.43..6.56 rows=106 width=4)
	  Index Cond: ((id >= 8652375) AND (id <= 8652475))

table 5 : explain SELECT id FROM sbtest5 WHERE id BETWEEN 8652375 AND 8652475
	Index Only Scan using sbtest5_pkey on sbtest5  (cost=0.43..6.53 rows=105 width=4)
	  Index Cond: ((id >= 8652375) AND (id <= 8652475))

table 6 : explain SELECT id FROM sbtest6 WHERE id BETWEEN 8652375 AND 8652475
	Index Only Scan using sbtest6_pkey on sbtest6  (cost=0.43..6.45 rows=101 width=4)
	  Index Cond: ((id >= 8652375) AND (id <= 8652475))

table 7 : explain SELECT id FROM sbtest7 WHERE id BETWEEN 8652375 AND 8652475
	Index Only Scan using sbtest7_pkey on sbtest7  (cost=0.43..6.56 rows=106 width=4)
	  Index Cond: ((id >= 8652375) AND (id <= 8652475))

table 8 : explain SELECT id FROM sbtest8 WHERE id BETWEEN 8652375 AND 8652475
	Index Only Scan using sbtest8_pkey on sbtest8  (cost=0.43..10.50 rows=103 width=4)
	  Index Cond: ((id >= 8652375) AND (id <= 8652475))

explain: for range-covered :: explain SELECT id FROM sbtest%d WHERE id BETWEEN 8652375 AND 8652475
for range-covered
table 1 : explain SELECT id FROM sbtest1 WHERE id BETWEEN 6255276 AND 6255376
	Index Only Scan using sbtest1_pkey on sbtest1  (cost=0.43..6.29 rows=93 width=4)
	  Index Cond: ((id >= 6255276) AND (id <= 6255376))

table 2 : explain SELECT id FROM sbtest2 WHERE id BETWEEN 6255276 AND 6255376
	Index Only Scan using sbtest2_pkey on sbtest2  (cost=0.43..6.61 rows=109 width=4)
	  Index Cond: ((id >= 6255276) AND (id <= 6255376))

table 3 : explain SELECT id FROM sbtest3 WHERE id BETWEEN 6255276 AND 6255376
	Index Only Scan using sbtest3_pkey on sbtest3  (cost=0.43..6.24 rows=90 width=4)
	  Index Cond: ((id >= 6255276) AND (id <= 6255376))

table 4 : explain SELECT id FROM sbtest4 WHERE id BETWEEN 6255276 AND 6255376
	Index Only Scan using sbtest4_pkey on sbtest4  (cost=0.43..6.43 rows=100 width=4)
	  Index Cond: ((id >= 6255276) AND (id <= 6255376))

table 5 : explain SELECT id FROM sbtest5 WHERE id BETWEEN 6255276 AND 6255376
	Index Only Scan using sbtest5_pkey on sbtest5  (cost=0.43..6.37 rows=97 width=4)
	  Index Cond: ((id >= 6255276) AND (id <= 6255376))

table 6 : explain SELECT id FROM sbtest6 WHERE id BETWEEN 6255276 AND 6255376
	Index Only Scan using sbtest6_pkey on sbtest6  (cost=0.43..6.35 rows=96 width=4)
	  Index Cond: ((id >= 6255276) AND (id <= 6255376))

table 7 : explain SELECT id FROM sbtest7 WHERE id BETWEEN 6255276 AND 6255376
	Index Only Scan using sbtest7_pkey on sbtest7  (cost=0.43..6.32 rows=94 width=4)
	  Index Cond: ((id >= 6255276) AND (id <= 6255376))

table 8 : explain SELECT id FROM sbtest8 WHERE id BETWEEN 6255276 AND 6255376
	Index Only Scan using sbtest8_pkey on sbtest8  (cost=0.43..10.42 rows=99 width=4)
	  Index Cond: ((id >= 6255276) AND (id <= 6255376))

for range-covered
table 1 : explain SELECT id FROM sbtest1 WHERE id BETWEEN 8652375 AND 8652475
	Index Only Scan using sbtest1_pkey on sbtest1  (cost=0.43..6.40 rows=98 width=4)
	  Index Cond: ((id >= 8652375) AND (id <= 8652475))

table 2 : explain SELECT id FROM sbtest2 WHERE id BETWEEN 8652375 AND 8652475
	Index Only Scan using sbtest2_pkey on sbtest2  (cost=0.43..6.47 rows=102 width=4)
	  Index Cond: ((id >= 8652375) AND (id <= 8652475))

table 3 : explain SELECT id FROM sbtest3 WHERE id BETWEEN 8652375 AND 8652475
	Index Only Scan using sbtest3_pkey on sbtest3  (cost=0.43..6.45 rows=101 width=4)
	  Index Cond: ((id >= 8652375) AND (id <= 8652475))

table 4 : explain SELECT id FROM sbtest4 WHERE id BETWEEN 8652375 AND 8652475
	Index Only Scan using sbtest4_pkey on sbtest4  (cost=0.43..6.56 rows=106 width=4)
	  Index Cond: ((id >= 8652375) AND (id <= 8652475))

table 5 : explain SELECT id FROM sbtest5 WHERE id BETWEEN 8652375 AND 8652475
	Index Only Scan using sbtest5_pkey on sbtest5  (cost=0.43..6.53 rows=105 width=4)
	  Index Cond: ((id >= 8652375) AND (id <= 8652475))

table 6 : explain SELECT id FROM sbtest6 WHERE id BETWEEN 8652375 AND 8652475
	Index Only Scan using sbtest6_pkey on sbtest6  (cost=0.43..6.45 rows=101 width=4)
	  Index Cond: ((id >= 8652375) AND (id <= 8652475))

table 7 : explain SELECT id FROM sbtest7 WHERE id BETWEEN 8652375 AND 8652475
	Index Only Scan using sbtest7_pkey on sbtest7  (cost=0.43..6.56 rows=106 width=4)
	  Index Cond: ((id >= 8652375) AND (id <= 8652475))

table 8 : explain SELECT id FROM sbtest8 WHERE id BETWEEN 8652375 AND 8652475
	Index Only Scan using sbtest8_pkey on sbtest8  (cost=0.43..10.50 rows=103 width=4)
	  Index Cond: ((id >= 8652375) AND (id <= 8652475))

explain: for range-covered :: explain SELECT id FROM sbtest%d WHERE id BETWEEN 8652375 AND 8652475
for range-covered
table 1 : explain SELECT id FROM sbtest1 WHERE id BETWEEN 8652375 AND 8652475
	Index Only Scan using sbtest1_pkey on sbtest1  (cost=0.43..6.40 rows=98 width=4)
	  Index Cond: ((id >= 8652375) AND (id <= 8652475))

table 2 : explain SELECT id FROM sbtest2 WHERE id BETWEEN 8652375 AND 8652475
	Index Only Scan using sbtest2_pkey on sbtest2  (cost=0.43..6.47 rows=102 width=4)
	  Index Cond: ((id >= 8652375) AND (id <= 8652475))

table 3 : explain SELECT id FROM sbtest3 WHERE id BETWEEN 8652375 AND 8652475
	Index Only Scan using sbtest3_pkey on sbtest3  (cost=0.43..6.45 rows=101 width=4)
	  Index Cond: ((id >= 8652375) AND (id <= 8652475))

table 4 : explain SELECT id FROM sbtest4 WHERE id BETWEEN 8652375 AND 8652475
	Index Only Scan using sbtest4_pkey on sbtest4  (cost=0.43..6.56 rows=106 width=4)
	  Index Cond: ((id >= 8652375) AND (id <= 8652475))

table 5 : explain SELECT id FROM sbtest5 WHERE id BETWEEN 8652375 AND 8652475
	Index Only Scan using sbtest5_pkey on sbtest5  (cost=0.43..6.53 rows=105 width=4)
	  Index Cond: ((id >= 8652375) AND (id <= 8652475))

table 6 : explain SELECT id FROM sbtest6 WHERE id BETWEEN 8652375 AND 8652475
	Index Only Scan using sbtest6_pkey on sbtest6  (cost=0.43..6.45 rows=101 width=4)
	  Index Cond: ((id >= 8652375) AND (id <= 8652475))

table 7 : explain SELECT id FROM sbtest7 WHERE id BETWEEN 8652375 AND 8652475
	Index Only Scan using sbtest7_pkey on sbtest7  (cost=0.43..6.56 rows=106 width=4)
	  Index Cond: ((id >= 8652375) AND (id <= 8652475))

table 8 : explain SELECT id FROM sbtest8 WHERE id BETWEEN 8652375 AND 8652475
	Index Only Scan using sbtest8_pkey on sbtest8  (cost=0.43..10.50 rows=103 width=4)
	  Index Cond: ((id >= 8652375) AND (id <= 8652475))

Threads started!

Warming up for 5 seconds...

SQL statistics:
    queries performed:
        read:                            254781907
        write:                           0
        other:                           0
        total:                           254781907
    transactions:                        254781907 (404411.93 per sec.)
    queries:                             254781907 (404411.93 per sec.)
    ignored errors:                      0      (0.00 per sec.)
    reconnects:                          0      (0.00 per sec.)

Throughput:
    events/s (eps):                      404411.9350
    time elapsed:                        630.0060s
    total number of events:              254781907

Latency (ms):
         min:                                    0.07
         avg:                                    0.10
         max:                                   24.11
         95th percentile:                        0.11
         sum:                             25117634.97

Threads fairness:
    events (avg/stddev):           6369542.5750/27631.04
    execution time (avg/stddev):   627.9409/0.04

