LUA_PATH=/home/mdcallag/git/mytools/bench/sysbench.lua/lua/?.lua /home/mdcallag/git/mytools/bench/sysbench.lua/lua/sysbench --db-driver=pgsql --range-size=100 --table-size=10000000 --tables=8 --threads=40 --events=0 --warmup-time=5 --time=630 --pgsql_conn_id=true /home/mdcallag/git/mytools/bench/sysbench.lua/lua/oltp_range_covered.lua run --pgsql-user=root --pgsql-password=pw --pgsql-host=127.0.0.1 --pgsql-db=ib --rand-type=uniform --random-points=100 --skip-trx --on-id=false --covered=false
48 CPUs
sysbench 1.1.0-9072687 (using bundled LuaJIT 2.1.0-beta3)

Running the test with following options:
Number of threads: 40
Warmup time: 5s
Initializing random number generator from current time


Initializing worker threads...

explain: for range-notcovered :: explain SELECT k, c FROM sbtest%d WHERE k BETWEEN 4898117 AND 4898217
for range-notcovered
table 1 : explain SELECT k, c FROM sbtest1 WHERE k BETWEEN 4898117 AND 4898217
	Bitmap Heap Scan on sbtest1  (cost=5.58..448.42 rows=112 width=125)
	  Recheck Cond: ((k >= 4898117) AND (k <= 4898217))
	  ->  Bitmap Index Scan on k_1  (cost=0.00..5.55 rows=112 width=0)
	        Index Cond: ((k >= 4898117) AND (k <= 4898217))

table 2 : explain SELECT k, c FROM sbtest2 WHERE k BETWEEN 4898117 AND 4898217
	Bitmap Heap Scan on sbtest2  (cost=5.40..377.55 rows=94 width=125)
	  Recheck Cond: ((k >= 4898117) AND (k <= 4898217))
	  ->  Bitmap Index Scan on k_2  (cost=0.00..5.38 rows=94 width=0)
	        Index Cond: ((k >= 4898117) AND (k <= 4898217))

table 3 : explain SELECT k, c FROM sbtest3 WHERE k BETWEEN 4898117 AND 4898217
	Bitmap Heap Scan on sbtest3  (cost=5.43..389.37 rows=97 width=125)
	  Recheck Cond: ((k >= 4898117) AND (k <= 4898217))
	  ->  Bitmap Index Scan on k_3  (cost=0.00..5.40 rows=97 width=0)
	        Index Cond: ((k >= 4898117) AND (k <= 4898217))

table 4 : explain SELECT k, c FROM sbtest4 WHERE k BETWEEN 4898117 AND 4898217
	Bitmap Heap Scan on sbtest4  (cost=5.50..416.94 rows=104 width=125)
	  Recheck Cond: ((k >= 4898117) AND (k <= 4898217))
	  ->  Bitmap Index Scan on k_4  (cost=0.00..5.47 rows=104 width=0)
	        Index Cond: ((k >= 4898117) AND (k <= 4898217))

table 5 : explain SELECT k, c FROM sbtest5 WHERE k BETWEEN 4898117 AND 4898217
	Bitmap Heap Scan on sbtest5  (cost=5.40..377.55 rows=94 width=125)
	  Recheck Cond: ((k >= 4898117) AND (k <= 4898217))
	  ->  Bitmap Index Scan on k_5  (cost=0.00..5.38 rows=94 width=0)
	        Index Cond: ((k >= 4898117) AND (k <= 4898217))

table 6 : explain SELECT k, c FROM sbtest6 WHERE k BETWEEN 4898117 AND 4898217
	Bitmap Heap Scan on sbtest6  (cost=5.53..428.75 rows=107 width=125)
	  Recheck Cond: ((k >= 4898117) AND (k <= 4898217))
	  ->  Bitmap Index Scan on k_6  (cost=0.00..5.50 rows=107 width=0)
	        Index Cond: ((k >= 4898117) AND (k <= 4898217))

table 7 : explain SELECT k, c FROM sbtest7 WHERE k BETWEEN 4898117 AND 4898217
	Bitmap Heap Scan on sbtest7  (cost=5.41..381.49 rows=95 width=125)
	  Recheck Cond: ((k >= 4898117) AND (k <= 4898217))
	  ->  Bitmap Index Scan on k_7  (cost=0.00..5.38 rows=95 width=0)
	        Index Cond: ((k >= 4898117) AND (k <= 4898217))

table 8 : explain SELECT k, c FROM sbtest8 WHERE k BETWEEN 4898117 AND 4898217
	Bitmap Heap Scan on sbtest8  (cost=5.53..428.75 rows=107 width=125)
	  Recheck Cond: ((k >= 4898117) AND (k <= 4898217))
	  ->  Bitmap Index Scan on k_8  (cost=0.00..5.50 rows=107 width=0)
	        Index Cond: ((k >= 4898117) AND (k <= 4898217))

explain: for range-notcovered :: explain SELECT k, c FROM sbtest%d WHERE k BETWEEN 4898117 AND 4898217
explain: for range-notcovered :: explain SELECT k, c FROM sbtest%d WHERE k BETWEEN 5898394 AND 5898494
explain: for range-notcovered :: explain SELECT k, c FROM sbtest%d WHERE k BETWEEN 2891309 AND 2891409
explain: for range-notcovered :: explain SELECT k, c FROM sbtest%d WHERE k BETWEEN 5691159 AND 5691259
explain: for range-notcovered :: explain SELECT k, c FROM sbtest%d WHERE k BETWEEN 1670590 AND 1670690
explain: for range-notcovered :: explain SELECT k, c FROM sbtest%d WHERE k BETWEEN 5585437 AND 5585537
explain: for range-notcovered :: explain SELECT k, c FROM sbtest%d WHERE k BETWEEN 5666615 AND 5666715
explain: for range-notcovered :: explain SELECT k, c FROM sbtest%d WHERE k BETWEEN 5700846 AND 5700946
for range-notcovered
table 1 : explain SELECT k, c FROM sbtest1 WHERE k BETWEEN 4898117 AND 4898217
	Bitmap Heap Scan on sbtest1  (cost=5.58..448.42 rows=112 width=125)
	  Recheck Cond: ((k >= 4898117) AND (k <= 4898217))
	  ->  Bitmap Index Scan on k_1  (cost=0.00..5.55 rows=112 width=0)
	        Index Cond: ((k >= 4898117) AND (k <= 4898217))

table 2 : explain SELECT k, c FROM sbtest2 WHERE k BETWEEN 4898117 AND 4898217
	Bitmap Heap Scan on sbtest2  (cost=5.40..377.55 rows=94 width=125)
	  Recheck Cond: ((k >= 4898117) AND (k <= 4898217))
	  ->  Bitmap Index Scan on k_2  (cost=0.00..5.38 rows=94 width=0)
	        Index Cond: ((k >= 4898117) AND (k <= 4898217))

table 3 : explain SELECT k, c FROM sbtest3 WHERE k BETWEEN 4898117 AND 4898217
	Bitmap Heap Scan on sbtest3  (cost=5.43..389.37 rows=97 width=125)
	  Recheck Cond: ((k >= 4898117) AND (k <= 4898217))
	  ->  Bitmap Index Scan on k_3  (cost=0.00..5.40 rows=97 width=0)
	        Index Cond: ((k >= 4898117) AND (k <= 4898217))

table 4 : explain SELECT k, c FROM sbtest4 WHERE k BETWEEN 4898117 AND 4898217
	Bitmap Heap Scan on sbtest4  (cost=5.50..416.94 rows=104 width=125)
	  Recheck Cond: ((k >= 4898117) AND (k <= 4898217))
	  ->  Bitmap Index Scan on k_4  (cost=0.00..5.47 rows=104 width=0)
	        Index Cond: ((k >= 4898117) AND (k <= 4898217))

table 5 : explain SELECT k, c FROM sbtest5 WHERE k BETWEEN 4898117 AND 4898217
	Bitmap Heap Scan on sbtest5  (cost=5.40..377.55 rows=94 width=125)
	  Recheck Cond: ((k >= 4898117) AND (k <= 4898217))
	  ->  Bitmap Index Scan on k_5  (cost=0.00..5.38 rows=94 width=0)
	        Index Cond: ((k >= 4898117) AND (k <= 4898217))

table 6 : explain SELECT k, c FROM sbtest6 WHERE k BETWEEN 4898117 AND 4898217
	Bitmap Heap Scan on sbtest6  (cost=5.53..428.75 rows=107 width=125)
	  Recheck Cond: ((k >= 4898117) AND (k <= 4898217))
	  ->  Bitmap Index Scan on k_6  (cost=0.00..5.50 rows=107 width=0)
	        Index Cond: ((k >= 4898117) AND (k <= 4898217))

table 7 : explain SELECT k, c FROM sbtest7 WHERE k BETWEEN 4898117 AND 4898217
	Bitmap Heap Scan on sbtest7  (cost=5.41..381.49 rows=95 width=125)
	  Recheck Cond: ((k >= 4898117) AND (k <= 4898217))
	  ->  Bitmap Index Scan on k_7  (cost=0.00..5.38 rows=95 width=0)
	        Index Cond: ((k >= 4898117) AND (k <= 4898217))

table 8 : explain SELECT k, c FROM sbtest8 WHERE k BETWEEN 4898117 AND 4898217
	Bitmap Heap Scan on sbtest8  (cost=5.53..428.75 rows=107 width=125)
	  Recheck Cond: ((k >= 4898117) AND (k <= 4898217))
	  ->  Bitmap Index Scan on k_8  (cost=0.00..5.50 rows=107 width=0)
	        Index Cond: ((k >= 4898117) AND (k <= 4898217))

explain: for range-notcovered :: explain SELECT k, c FROM sbtest%d WHERE k BETWEEN 4898117 AND 4898217
for range-notcovered
table 1 : explain SELECT k, c FROM sbtest1 WHERE k BETWEEN 4898117 AND 4898217
	Bitmap Heap Scan on sbtest1  (cost=5.58..448.42 rows=112 width=125)
	  Recheck Cond: ((k >= 4898117) AND (k <= 4898217))
	  ->  Bitmap Index Scan on k_1  (cost=0.00..5.55 rows=112 width=0)
	        Index Cond: ((k >= 4898117) AND (k <= 4898217))

table 2 : explain SELECT k, c FROM sbtest2 WHERE k BETWEEN 4898117 AND 4898217
	Bitmap Heap Scan on sbtest2  (cost=5.40..377.55 rows=94 width=125)
	  Recheck Cond: ((k >= 4898117) AND (k <= 4898217))
	  ->  Bitmap Index Scan on k_2  (cost=0.00..5.38 rows=94 width=0)
	        Index Cond: ((k >= 4898117) AND (k <= 4898217))

table 3 : explain SELECT k, c FROM sbtest3 WHERE k BETWEEN 4898117 AND 4898217
	Bitmap Heap Scan on sbtest3  (cost=5.43..389.37 rows=97 width=125)
	  Recheck Cond: ((k >= 4898117) AND (k <= 4898217))
	  ->  Bitmap Index Scan on k_3  (cost=0.00..5.40 rows=97 width=0)
	        Index Cond: ((k >= 4898117) AND (k <= 4898217))

table 4 : explain SELECT k, c FROM sbtest4 WHERE k BETWEEN 4898117 AND 4898217
	Bitmap Heap Scan on sbtest4  (cost=5.50..416.94 rows=104 width=125)
	  Recheck Cond: ((k >= 4898117) AND (k <= 4898217))
	  ->  Bitmap Index Scan on k_4  (cost=0.00..5.47 rows=104 width=0)
	        Index Cond: ((k >= 4898117) AND (k <= 4898217))

table 5 : explain SELECT k, c FROM sbtest5 WHERE k BETWEEN 4898117 AND 4898217
	Bitmap Heap Scan on sbtest5  (cost=5.40..377.55 rows=94 width=125)
	  Recheck Cond: ((k >= 4898117) AND (k <= 4898217))
	  ->  Bitmap Index Scan on k_5  (cost=0.00..5.38 rows=94 width=0)
	        Index Cond: ((k >= 4898117) AND (k <= 4898217))

table 6 : explain SELECT k, c FROM sbtest6 WHERE k BETWEEN 4898117 AND 4898217
	Bitmap Heap Scan on sbtest6  (cost=5.53..428.75 rows=107 width=125)
	  Recheck Cond: ((k >= 4898117) AND (k <= 4898217))
	  ->  Bitmap Index Scan on k_6  (cost=0.00..5.50 rows=107 width=0)
	        Index Cond: ((k >= 4898117) AND (k <= 4898217))

table 7 : explain SELECT k, c FROM sbtest7 WHERE k BETWEEN 4898117 AND 4898217
	Bitmap Heap Scan on sbtest7  (cost=5.41..381.49 rows=95 width=125)
	  Recheck Cond: ((k >= 4898117) AND (k <= 4898217))
	  ->  Bitmap Index Scan on k_7  (cost=0.00..5.38 rows=95 width=0)
	        Index Cond: ((k >= 4898117) AND (k <= 4898217))

table 8 : explain SELECT k, c FROM sbtest8 WHERE k BETWEEN 4898117 AND 4898217
	Bitmap Heap Scan on sbtest8  (cost=5.53..428.75 rows=107 width=125)
	  Recheck Cond: ((k >= 4898117) AND (k <= 4898217))
	  ->  Bitmap Index Scan on k_8  (cost=0.00..5.50 rows=107 width=0)
	        Index Cond: ((k >= 4898117) AND (k <= 4898217))

explain: for range-notcovered :: explain SELECT k, c FROM sbtest%d WHERE k BETWEEN 4898117 AND 4898217
explain: for range-notcovered :: explain SELECT k, c FROM sbtest%d WHERE k BETWEEN 5812701 AND 5812801
for range-notcovered
table 1 : explain SELECT k, c FROM sbtest1 WHERE k BETWEEN 1670590 AND 1670690
	Bitmap Heap Scan on sbtest1  (cost=5.40..377.55 rows=94 width=125)
	  Recheck Cond: ((k >= 1670590) AND (k <= 1670690))
	  ->  Bitmap Index Scan on k_1  (cost=0.00..5.38 rows=94 width=0)
	        Index Cond: ((k >= 1670590) AND (k <= 1670690))

table 2 : explain SELECT k, c FROM sbtest2 WHERE k BETWEEN 1670590 AND 1670690
	Bitmap Heap Scan on sbtest2  (cost=5.45..397.25 rows=99 width=125)
	  Recheck Cond: ((k >= 1670590) AND (k <= 1670690))
	  ->  Bitmap Index Scan on k_2  (cost=0.00..5.42 rows=99 width=0)
	        Index Cond: ((k >= 1670590) AND (k <= 1670690))

table 3 : explain SELECT k, c FROM sbtest3 WHERE k BETWEEN 1670590 AND 1670690
	Bitmap Heap Scan on sbtest3  (cost=5.52..424.81 rows=106 width=125)
	  Recheck Cond: ((k >= 1670590) AND (k <= 1670690))
	  ->  Bitmap Index Scan on k_3  (cost=0.00..5.50 rows=106 width=0)
	        Index Cond: ((k >= 1670590) AND (k <= 1670690))

table 4 : explain SELECT k, c FROM sbtest4 WHERE k BETWEEN 1670590 AND 1670690
	Bitmap Heap Scan on sbtest4  (cost=5.50..416.94 rows=104 width=125)
	  Recheck Cond: ((k >= 1670590) AND (k <= 1670690))
	  ->  Bitmap Index Scan on k_4  (cost=0.00..5.47 rows=104 width=0)
	        Index Cond: ((k >= 1670590) AND (k <= 1670690))

table 5 : explain SELECT k, c FROM sbtest5 WHERE k BETWEEN 1670590 AND 1670690
	Bitmap Heap Scan on sbtest5  (cost=5.46..401.19 rows=100 width=125)
	  Recheck Cond: ((k >= 1670590) AND (k <= 1670690))
	  ->  Bitmap Index Scan on k_5  (cost=0.00..5.43 rows=100 width=0)
	        Index Cond: ((k >= 1670590) AND (k <= 1670690))

table 6 : explain SELECT k, c FROM sbtest6 WHERE k BETWEEN 1670590 AND 1670690
	Bitmap Heap Scan on sbtest6  (cost=5.47..405.13 rows=101 width=125)
	  Recheck Cond: ((k >= 1670590) AND (k <= 1670690))
	  ->  Bitmap Index Scan on k_6  (cost=0.00..5.44 rows=101 width=0)
	        Index Cond: ((k >= 1670590) AND (k <= 1670690))

table 7 : explain SELECT k, c FROM sbtest7 WHERE k BETWEEN 1670590 AND 1670690
	Bitmap Heap Scan on sbtest7  (cost=5.47..405.13 rows=101 width=125)
	  Recheck Cond: ((k >= 1670590) AND (k <= 1670690))
	  ->  Bitmap Index Scan on k_7  (cost=0.00..5.44 rows=101 width=0)
	        Index Cond: ((k >= 1670590) AND (k <= 1670690))

table 8 : explain SELECT k, c FROM sbtest8 WHERE k BETWEEN 1670590 AND 1670690
	Bitmap Heap Scan on sbtest8  (cost=5.41..381.49 rows=95 width=125)
	  Recheck Cond: ((k >= 1670590) AND (k <= 1670690))
	  ->  Bitmap Index Scan on k_8  (cost=0.00..5.38 rows=95 width=0)
	        Index Cond: ((k >= 1670590) AND (k <= 1670690))

explain: for range-notcovered :: explain SELECT k, c FROM sbtest%d WHERE k BETWEEN 1670590 AND 1670690
for range-notcovered
table 1 : explain SELECT k, c FROM sbtest1 WHERE k BETWEEN 4898117 AND 4898217
	Bitmap Heap Scan on sbtest1  (cost=5.58..448.42 rows=112 width=125)
	  Recheck Cond: ((k >= 4898117) AND (k <= 4898217))
	  ->  Bitmap Index Scan on k_1  (cost=0.00..5.55 rows=112 width=0)
	        Index Cond: ((k >= 4898117) AND (k <= 4898217))

table 2 : explain SELECT k, c FROM sbtest2 WHERE k BETWEEN 4898117 AND 4898217
	Bitmap Heap Scan on sbtest2  (cost=5.40..377.55 rows=94 width=125)
	  Recheck Cond: ((k >= 4898117) AND (k <= 4898217))
	  ->  Bitmap Index Scan on k_2  (cost=0.00..5.38 rows=94 width=0)
	        Index Cond: ((k >= 4898117) AND (k <= 4898217))

table 3 : explain SELECT k, c FROM sbtest3 WHERE k BETWEEN 4898117 AND 4898217
	Bitmap Heap Scan on sbtest3  (cost=5.43..389.37 rows=97 width=125)
	  Recheck Cond: ((k >= 4898117) AND (k <= 4898217))
	  ->  Bitmap Index Scan on k_3  (cost=0.00..5.40 rows=97 width=0)
	        Index Cond: ((k >= 4898117) AND (k <= 4898217))

table 4 : explain SELECT k, c FROM sbtest4 WHERE k BETWEEN 4898117 AND 4898217
	Bitmap Heap Scan on sbtest4  (cost=5.50..416.94 rows=104 width=125)
	  Recheck Cond: ((k >= 4898117) AND (k <= 4898217))
	  ->  Bitmap Index Scan on k_4  (cost=0.00..5.47 rows=104 width=0)
	        Index Cond: ((k >= 4898117) AND (k <= 4898217))

table 5 : explain SELECT k, c FROM sbtest5 WHERE k BETWEEN 4898117 AND 4898217
	Bitmap Heap Scan on sbtest5  (cost=5.40..377.55 rows=94 width=125)
	  Recheck Cond: ((k >= 4898117) AND (k <= 4898217))
	  ->  Bitmap Index Scan on k_5  (cost=0.00..5.38 rows=94 width=0)
	        Index Cond: ((k >= 4898117) AND (k <= 4898217))

table 6 : explain SELECT k, c FROM sbtest6 WHERE k BETWEEN 4898117 AND 4898217
	Bitmap Heap Scan on sbtest6  (cost=5.53..428.75 rows=107 width=125)
	  Recheck Cond: ((k >= 4898117) AND (k <= 4898217))
	  ->  Bitmap Index Scan on k_6  (cost=0.00..5.50 rows=107 width=0)
	        Index Cond: ((k >= 4898117) AND (k <= 4898217))

table 7 : explain SELECT k, c FROM sbtest7 WHERE k BETWEEN 4898117 AND 4898217
	Bitmap Heap Scan on sbtest7  (cost=5.41..381.49 rows=95 width=125)
	  Recheck Cond: ((k >= 4898117) AND (k <= 4898217))
	  ->  Bitmap Index Scan on k_7  (cost=0.00..5.38 rows=95 width=0)
	        Index Cond: ((k >= 4898117) AND (k <= 4898217))

table 8 : explain SELECT k, c FROM sbtest8 WHERE k BETWEEN 4898117 AND 4898217
	Bitmap Heap Scan on sbtest8  (cost=5.53..428.75 rows=107 width=125)
	  Recheck Cond: ((k >= 4898117) AND (k <= 4898217))
	  ->  Bitmap Index Scan on k_8  (cost=0.00..5.50 rows=107 width=0)
	        Index Cond: ((k >= 4898117) AND (k <= 4898217))

explain: for range-notcovered :: explain SELECT k, c FROM sbtest%d WHERE k BETWEEN 4898117 AND 4898217
for range-notcovered
table 1 : explain SELECT k, c FROM sbtest1 WHERE k BETWEEN 1670590 AND 1670690
	Bitmap Heap Scan on sbtest1  (cost=5.40..377.55 rows=94 width=125)
	  Recheck Cond: ((k >= 1670590) AND (k <= 1670690))
	  ->  Bitmap Index Scan on k_1  (cost=0.00..5.38 rows=94 width=0)
	        Index Cond: ((k >= 1670590) AND (k <= 1670690))

table 2 : explain SELECT k, c FROM sbtest2 WHERE k BETWEEN 1670590 AND 1670690
	Bitmap Heap Scan on sbtest2  (cost=5.45..397.25 rows=99 width=125)
	  Recheck Cond: ((k >= 1670590) AND (k <= 1670690))
	  ->  Bitmap Index Scan on k_2  (cost=0.00..5.42 rows=99 width=0)
	        Index Cond: ((k >= 1670590) AND (k <= 1670690))

table 3 : explain SELECT k, c FROM sbtest3 WHERE k BETWEEN 1670590 AND 1670690
	Bitmap Heap Scan on sbtest3  (cost=5.52..424.81 rows=106 width=125)
	  Recheck Cond: ((k >= 1670590) AND (k <= 1670690))
	  ->  Bitmap Index Scan on k_3  (cost=0.00..5.50 rows=106 width=0)
	        Index Cond: ((k >= 1670590) AND (k <= 1670690))

table 4 : explain SELECT k, c FROM sbtest4 WHERE k BETWEEN 1670590 AND 1670690
	Bitmap Heap Scan on sbtest4  (cost=5.50..416.94 rows=104 width=125)
	  Recheck Cond: ((k >= 1670590) AND (k <= 1670690))
	  ->  Bitmap Index Scan on k_4  (cost=0.00..5.47 rows=104 width=0)
	        Index Cond: ((k >= 1670590) AND (k <= 1670690))

table 5 : explain SELECT k, c FROM sbtest5 WHERE k BETWEEN 1670590 AND 1670690
	Bitmap Heap Scan on sbtest5  (cost=5.46..401.19 rows=100 width=125)
	  Recheck Cond: ((k >= 1670590) AND (k <= 1670690))
	  ->  Bitmap Index Scan on k_5  (cost=0.00..5.43 rows=100 width=0)
	        Index Cond: ((k >= 1670590) AND (k <= 1670690))

table 6 : explain SELECT k, c FROM sbtest6 WHERE k BETWEEN 1670590 AND 1670690
	Bitmap Heap Scan on sbtest6  (cost=5.47..405.13 rows=101 width=125)
	  Recheck Cond: ((k >= 1670590) AND (k <= 1670690))
	  ->  Bitmap Index Scan on k_6  (cost=0.00..5.44 rows=101 width=0)
	        Index Cond: ((k >= 1670590) AND (k <= 1670690))

table 7 : explain SELECT k, c FROM sbtest7 WHERE k BETWEEN 1670590 AND 1670690
	Bitmap Heap Scan on sbtest7  (cost=5.47..405.13 rows=101 width=125)
	  Recheck Cond: ((k >= 1670590) AND (k <= 1670690))
	  ->  Bitmap Index Scan on k_7  (cost=0.00..5.44 rows=101 width=0)
	        Index Cond: ((k >= 1670590) AND (k <= 1670690))

table 8 : explain SELECT k, c FROM sbtest8 WHERE k BETWEEN 1670590 AND 1670690
	Bitmap Heap Scan on sbtest8  (cost=5.41..381.49 rows=95 width=125)
	  Recheck Cond: ((k >= 1670590) AND (k <= 1670690))
	  ->  Bitmap Index Scan on k_8  (cost=0.00..5.38 rows=95 width=0)
	        Index Cond: ((k >= 1670590) AND (k <= 1670690))

for range-notcovered
table 1 : explain SELECT k, c FROM sbtest1 WHERE k BETWEEN 4898117 AND 4898217
	Bitmap Heap Scan on sbtest1  (cost=5.58..448.42 rows=112 width=125)
	  Recheck Cond: ((k >= 4898117) AND (k <= 4898217))
	  ->  Bitmap Index Scan on k_1  (cost=0.00..5.55 rows=112 width=0)
	        Index Cond: ((k >= 4898117) AND (k <= 4898217))

table 2 : explain SELECT k, c FROM sbtest2 WHERE k BETWEEN 4898117 AND 4898217
	Bitmap Heap Scan on sbtest2  (cost=5.40..377.55 rows=94 width=125)
	  Recheck Cond: ((k >= 4898117) AND (k <= 4898217))
	  ->  Bitmap Index Scan on k_2  (cost=0.00..5.38 rows=94 width=0)
	        Index Cond: ((k >= 4898117) AND (k <= 4898217))

table 3 : explain SELECT k, c FROM sbtest3 WHERE k BETWEEN 4898117 AND 4898217
	Bitmap Heap Scan on sbtest3  (cost=5.43..389.37 rows=97 width=125)
	  Recheck Cond: ((k >= 4898117) AND (k <= 4898217))
	  ->  Bitmap Index Scan on k_3  (cost=0.00..5.40 rows=97 width=0)
	        Index Cond: ((k >= 4898117) AND (k <= 4898217))

table 4 : explain SELECT k, c FROM sbtest4 WHERE k BETWEEN 4898117 AND 4898217
	Bitmap Heap Scan on sbtest4  (cost=5.50..416.94 rows=104 width=125)
	  Recheck Cond: ((k >= 4898117) AND (k <= 4898217))
	  ->  Bitmap Index Scan on k_4  (cost=0.00..5.47 rows=104 width=0)
	        Index Cond: ((k >= 4898117) AND (k <= 4898217))

table 5 : explain SELECT k, c FROM sbtest5 WHERE k BETWEEN 4898117 AND 4898217
	Bitmap Heap Scan on sbtest5  (cost=5.40..377.55 rows=94 width=125)
	  Recheck Cond: ((k >= 4898117) AND (k <= 4898217))
	  ->  Bitmap Index Scan on k_5  (cost=0.00..5.38 rows=94 width=0)
	        Index Cond: ((k >= 4898117) AND (k <= 4898217))

table 6 : explain SELECT k, c FROM sbtest6 WHERE k BETWEEN 4898117 AND 4898217
	Bitmap Heap Scan on sbtest6  (cost=5.53..428.75 rows=107 width=125)
	  Recheck Cond: ((k >= 4898117) AND (k <= 4898217))
	  ->  Bitmap Index Scan on k_6  (cost=0.00..5.50 rows=107 width=0)
	        Index Cond: ((k >= 4898117) AND (k <= 4898217))

table 7 : explain SELECT k, c FROM sbtest7 WHERE k BETWEEN 4898117 AND 4898217
	Bitmap Heap Scan on sbtest7  (cost=5.41..381.49 rows=95 width=125)
	  Recheck Cond: ((k >= 4898117) AND (k <= 4898217))
	  ->  Bitmap Index Scan on k_7  (cost=0.00..5.38 rows=95 width=0)
	        Index Cond: ((k >= 4898117) AND (k <= 4898217))

table 8 : explain SELECT k, c FROM sbtest8 WHERE k BETWEEN 4898117 AND 4898217
	Bitmap Heap Scan on sbtest8  (cost=5.53..428.75 rows=107 width=125)
	  Recheck Cond: ((k >= 4898117) AND (k <= 4898217))
	  ->  Bitmap Index Scan on k_8  (cost=0.00..5.50 rows=107 width=0)
	        Index Cond: ((k >= 4898117) AND (k <= 4898217))

explain: for range-notcovered :: explain SELECT k, c FROM sbtest%d WHERE k BETWEEN 1670590 AND 1670690
explain: for range-notcovered :: explain SELECT k, c FROM sbtest%d WHERE k BETWEEN 4898117 AND 4898217
for range-notcovered
table 1 : explain SELECT k, c FROM sbtest1 WHERE k BETWEEN 5585437 AND 5585537
	Bitmap Heap Scan on sbtest1  (cost=5.50..416.94 rows=104 width=125)
	  Recheck Cond: ((k >= 5585437) AND (k <= 5585537))
	  ->  Bitmap Index Scan on k_1  (cost=0.00..5.47 rows=104 width=0)
	        Index Cond: ((k >= 5585437) AND (k <= 5585537))

table 2 : explain SELECT k, c FROM sbtest2 WHERE k BETWEEN 5585437 AND 5585537
	Bitmap Heap Scan on sbtest2  (cost=5.56..440.56 rows=110 width=125)
	  Recheck Cond: ((k >= 5585437) AND (k <= 5585537))
	  ->  Bitmap Index Scan on k_2  (cost=0.00..5.53 rows=110 width=0)
	        Index Cond: ((k >= 5585437) AND (k <= 5585537))

table 3 : explain SELECT k, c FROM sbtest3 WHERE k BETWEEN 5585437 AND 5585537
	Bitmap Heap Scan on sbtest3  (cost=5.50..416.94 rows=104 width=125)
	  Recheck Cond: ((k >= 5585437) AND (k <= 5585537))
	  ->  Bitmap Index Scan on k_3  (cost=0.00..5.47 rows=104 width=0)
	        Index Cond: ((k >= 5585437) AND (k <= 5585537))

table 4 : explain SELECT k, c FROM sbtest4 WHERE k BETWEEN 5585437 AND 5585537
	Bitmap Heap Scan on sbtest4  (cost=5.42..385.43 rows=96 width=125)
	  Recheck Cond: ((k >= 5585437) AND (k <= 5585537))
	  ->  Bitmap Index Scan on k_4  (cost=0.00..5.39 rows=96 width=0)
	        Index Cond: ((k >= 5585437) AND (k <= 5585537))

table 5 : explain SELECT k, c FROM sbtest5 WHERE k BETWEEN 5585437 AND 5585537
	Bitmap Heap Scan on sbtest5  (cost=5.49..413.00 rows=103 width=125)
	  Recheck Cond: ((k >= 5585437) AND (k <= 5585537))
	  ->  Bitmap Index Scan on k_5  (cost=0.00..5.46 rows=103 width=0)
	        Index Cond: ((k >= 5585437) AND (k <= 5585537))

table 6 : explain SELECT k, c FROM sbtest6 WHERE k BETWEEN 5585437 AND 5585537
	Bitmap Heap Scan on sbtest6  (cost=5.41..381.49 rows=95 width=125)
	  Recheck Cond: ((k >= 5585437) AND (k <= 5585537))
	  ->  Bitmap Index Scan on k_6  (cost=0.00..5.38 rows=95 width=0)
	        Index Cond: ((k >= 5585437) AND (k <= 5585537))

table 7 : explain SELECT k, c FROM sbtest7 WHERE k BETWEEN 5585437 AND 5585537
	Bitmap Heap Scan on sbtest7  (cost=5.51..420.88 rows=105 width=125)
	  Recheck Cond: ((k >= 5585437) AND (k <= 5585537))
	  ->  Bitmap Index Scan on k_7  (cost=0.00..5.48 rows=105 width=0)
	        Index Cond: ((k >= 5585437) AND (k <= 5585537))

table 8 : explain SELECT k, c FROM sbtest8 WHERE k BETWEEN 5585437 AND 5585537
	Bitmap Heap Scan on sbtest8  (cost=5.45..397.25 rows=99 width=125)
	  Recheck Cond: ((k >= 5585437) AND (k <= 5585537))
	  ->  Bitmap Index Scan on k_8  (cost=0.00..5.42 rows=99 width=0)
	        Index Cond: ((k >= 5585437) AND (k <= 5585537))

explain: for range-notcovered :: explain SELECT k, c FROM sbtest%d WHERE k BETWEEN 5585437 AND 5585537
for range-notcovered
table 1 : explain SELECT k, c FROM sbtest1 WHERE k BETWEEN 4898117 AND 4898217
	Bitmap Heap Scan on sbtest1  (cost=5.58..448.42 rows=112 width=125)
	  Recheck Cond: ((k >= 4898117) AND (k <= 4898217))
	  ->  Bitmap Index Scan on k_1  (cost=0.00..5.55 rows=112 width=0)
	        Index Cond: ((k >= 4898117) AND (k <= 4898217))

table 2 : explain SELECT k, c FROM sbtest2 WHERE k BETWEEN 4898117 AND 4898217
	Bitmap Heap Scan on sbtest2  (cost=5.40..377.55 rows=94 width=125)
	  Recheck Cond: ((k >= 4898117) AND (k <= 4898217))
	  ->  Bitmap Index Scan on k_2  (cost=0.00..5.38 rows=94 width=0)
	        Index Cond: ((k >= 4898117) AND (k <= 4898217))

table 3 : explain SELECT k, c FROM sbtest3 WHERE k BETWEEN 4898117 AND 4898217
	Bitmap Heap Scan on sbtest3  (cost=5.43..389.37 rows=97 width=125)
	  Recheck Cond: ((k >= 4898117) AND (k <= 4898217))
	  ->  Bitmap Index Scan on k_3  (cost=0.00..5.40 rows=97 width=0)
	        Index Cond: ((k >= 4898117) AND (k <= 4898217))

table 4 : explain SELECT k, c FROM sbtest4 WHERE k BETWEEN 4898117 AND 4898217
	Bitmap Heap Scan on sbtest4  (cost=5.50..416.94 rows=104 width=125)
	  Recheck Cond: ((k >= 4898117) AND (k <= 4898217))
	  ->  Bitmap Index Scan on k_4  (cost=0.00..5.47 rows=104 width=0)
	        Index Cond: ((k >= 4898117) AND (k <= 4898217))

table 5 : explain SELECT k, c FROM sbtest5 WHERE k BETWEEN 4898117 AND 4898217
	Bitmap Heap Scan on sbtest5  (cost=5.40..377.55 rows=94 width=125)
	  Recheck Cond: ((k >= 4898117) AND (k <= 4898217))
	  ->  Bitmap Index Scan on k_5  (cost=0.00..5.38 rows=94 width=0)
	        Index Cond: ((k >= 4898117) AND (k <= 4898217))

table 6 : explain SELECT k, c FROM sbtest6 WHERE k BETWEEN 4898117 AND 4898217
	Bitmap Heap Scan on sbtest6  (cost=5.53..428.75 rows=107 width=125)
	  Recheck Cond: ((k >= 4898117) AND (k <= 4898217))
	  ->  Bitmap Index Scan on k_6  (cost=0.00..5.50 rows=107 width=0)
	        Index Cond: ((k >= 4898117) AND (k <= 4898217))

table 7 : explain SELECT k, c FROM sbtest7 WHERE k BETWEEN 4898117 AND 4898217
	Bitmap Heap Scan on sbtest7  (cost=5.41..381.49 rows=95 width=125)
	  Recheck Cond: ((k >= 4898117) AND (k <= 4898217))
	  ->  Bitmap Index Scan on k_7  (cost=0.00..5.38 rows=95 width=0)
	        Index Cond: ((k >= 4898117) AND (k <= 4898217))

table 8 : explain SELECT k, c FROM sbtest8 WHERE k BETWEEN 4898117 AND 4898217
	Bitmap Heap Scan on sbtest8  (cost=5.53..428.75 rows=107 width=125)
	  Recheck Cond: ((k >= 4898117) AND (k <= 4898217))
	  ->  Bitmap Index Scan on k_8  (cost=0.00..5.50 rows=107 width=0)
	        Index Cond: ((k >= 4898117) AND (k <= 4898217))

for range-notcovered
table 1 : explain SELECT k, c FROM sbtest1 WHERE k BETWEEN 2891309 AND 2891409
	Bitmap Heap Scan on sbtest1  (cost=5.43..389.37 rows=97 width=125)
	  Recheck Cond: ((k >= 2891309) AND (k <= 2891409))
	  ->  Bitmap Index Scan on k_1  (cost=0.00..5.40 rows=97 width=0)
	        Index Cond: ((k >= 2891309) AND (k <= 2891409))

table 2 : explain SELECT k, c FROM sbtest2 WHERE k BETWEEN 2891309 AND 2891409
	Bitmap Heap Scan on sbtest2  (cost=5.39..373.61 rows=93 width=125)
	  Recheck Cond: ((k >= 2891309) AND (k <= 2891409))
	  ->  Bitmap Index Scan on k_2  (cost=0.00..5.36 rows=93 width=0)
	        Index Cond: ((k >= 2891309) AND (k <= 2891409))

table 3 : explain SELECT k, c FROM sbtest3 WHERE k BETWEEN 2891309 AND 2891409
	Bitmap Heap Scan on sbtest3  (cost=5.55..436.62 rows=109 width=125)
	  Recheck Cond: ((k >= 2891309) AND (k <= 2891409))
	  ->  Bitmap Index Scan on k_3  (cost=0.00..5.52 rows=109 width=0)
	        Index Cond: ((k >= 2891309) AND (k <= 2891409))

table 4 : explain SELECT k, c FROM sbtest4 WHERE k BETWEEN 2891309 AND 2891409
	Bitmap Heap Scan on sbtest4  (cost=5.55..436.62 rows=109 width=125)
	  Recheck Cond: ((k >= 2891309) AND (k <= 2891409))
	  ->  Bitmap Index Scan on k_4  (cost=0.00..5.52 rows=109 width=0)
	        Index Cond: ((k >= 2891309) AND (k <= 2891409))

table 5 : explain SELECT k, c FROM sbtest5 WHERE k BETWEEN 2891309 AND 2891409
	Bitmap Heap Scan on sbtest5  (cost=5.52..424.81 rows=106 width=125)
	  Recheck Cond: ((k >= 2891309) AND (k <= 2891409))
	  ->  Bitmap Index Scan on k_5  (cost=0.00..5.50 rows=106 width=0)
	        Index Cond: ((k >= 2891309) AND (k <= 2891409))

table 6 : explain SELECT k, c FROM sbtest6 WHERE k BETWEEN 2891309 AND 2891409
	Bitmap Heap Scan on sbtest6  (cost=5.46..401.19 rows=100 width=125)
	  Recheck Cond: ((k >= 2891309) AND (k <= 2891409))
	  ->  Bitmap Index Scan on k_6  (cost=0.00..5.43 rows=100 width=0)
	        Index Cond: ((k >= 2891309) AND (k <= 2891409))

table 7 : explain SELECT k, c FROM sbtest7 WHERE k BETWEEN 2891309 AND 2891409
	Bitmap Heap Scan on sbtest7  (cost=5.52..424.81 rows=106 width=125)
	  Recheck Cond: ((k >= 2891309) AND (k <= 2891409))
	  ->  Bitmap Index Scan on k_7  (cost=0.00..5.50 rows=106 width=0)
	        Index Cond: ((k >= 2891309) AND (k <= 2891409))

table 8 : explain SELECT k, c FROM sbtest8 WHERE k BETWEEN 2891309 AND 2891409
	Bitmap Heap Scan on sbtest8  (cost=5.48..409.07 rows=102 width=125)
	  Recheck Cond: ((k >= 2891309) AND (k <= 2891409))
	  ->  Bitmap Index Scan on k_8  (cost=0.00..5.45 rows=102 width=0)
	        Index Cond: ((k >= 2891309) AND (k <= 2891409))

explain: for range-notcovered :: explain SELECT k, c FROM sbtest%d WHERE k BETWEEN 4898117 AND 4898217
explain: for range-notcovered :: explain SELECT k, c FROM sbtest%d WHERE k BETWEEN 2891309 AND 2891409
for range-notcovered
table 1 : explain SELECT k, c FROM sbtest1 WHERE k BETWEEN 5898394 AND 5898494
	Bitmap Heap Scan on sbtest1  (cost=5.52..424.81 rows=106 width=125)
	  Recheck Cond: ((k >= 5898394) AND (k <= 5898494))
	  ->  Bitmap Index Scan on k_1  (cost=0.00..5.50 rows=106 width=0)
	        Index Cond: ((k >= 5898394) AND (k <= 5898494))

table 2 : explain SELECT k, c FROM sbtest2 WHERE k BETWEEN 5898394 AND 5898494
	Bitmap Heap Scan on sbtest2  (cost=5.53..428.75 rows=107 width=125)
	  Recheck Cond: ((k >= 5898394) AND (k <= 5898494))
	  ->  Bitmap Index Scan on k_2  (cost=0.00..5.50 rows=107 width=0)
	        Index Cond: ((k >= 5898394) AND (k <= 5898494))

table 3 : explain SELECT k, c FROM sbtest3 WHERE k BETWEEN 5898394 AND 5898494
	Bitmap Heap Scan on sbtest3  (cost=5.43..389.37 rows=97 width=125)
	  Recheck Cond: ((k >= 5898394) AND (k <= 5898494))
	  ->  Bitmap Index Scan on k_3  (cost=0.00..5.40 rows=97 width=0)
	        Index Cond: ((k >= 5898394) AND (k <= 5898494))

table 4 : explain SELECT k, c FROM sbtest4 WHERE k BETWEEN 5898394 AND 5898494
	Bitmap Heap Scan on sbtest4  (cost=5.50..416.94 rows=104 width=125)
	  Recheck Cond: ((k >= 5898394) AND (k <= 5898494))
	  ->  Bitmap Index Scan on k_4  (cost=0.00..5.47 rows=104 width=0)
	        Index Cond: ((k >= 5898394) AND (k <= 5898494))

table 5 : explain SELECT k, c FROM sbtest5 WHERE k BETWEEN 5898394 AND 5898494
	Bitmap Heap Scan on sbtest5  (cost=5.48..409.07 rows=102 width=125)
	  Recheck Cond: ((k >= 5898394) AND (k <= 5898494))
	  ->  Bitmap Index Scan on k_5  (cost=0.00..5.45 rows=102 width=0)
	        Index Cond: ((k >= 5898394) AND (k <= 5898494))

table 6 : explain SELECT k, c FROM sbtest6 WHERE k BETWEEN 5898394 AND 5898494
	Bitmap Heap Scan on sbtest6  (cost=5.54..432.69 rows=108 width=125)
	  Recheck Cond: ((k >= 5898394) AND (k <= 5898494))
	  ->  Bitmap Index Scan on k_6  (cost=0.00..5.51 rows=108 width=0)
	        Index Cond: ((k >= 5898394) AND (k <= 5898494))

table 7 : explain SELECT k, c FROM sbtest7 WHERE k BETWEEN 5898394 AND 5898494
	Bitmap Heap Scan on sbtest7  (cost=5.45..397.25 rows=99 width=125)
	  Recheck Cond: ((k >= 5898394) AND (k <= 5898494))
	  ->  Bitmap Index Scan on k_7  (cost=0.00..5.42 rows=99 width=0)
	        Index Cond: ((k >= 5898394) AND (k <= 5898494))

table 8 : explain SELECT k, c FROM sbtest8 WHERE k BETWEEN 5898394 AND 5898494
	Bitmap Heap Scan on sbtest8  (cost=5.44..393.31 rows=98 width=125)
	  Recheck Cond: ((k >= 5898394) AND (k <= 5898494))
	  ->  Bitmap Index Scan on k_8  (cost=0.00..5.42 rows=98 width=0)
	        Index Cond: ((k >= 5898394) AND (k <= 5898494))

explain: for range-notcovered :: explain SELECT k, c FROM sbtest%d WHERE k BETWEEN 5898394 AND 5898494
explain: for range-notcovered :: explain SELECT k, c FROM sbtest%d WHERE k BETWEEN 6125741 AND 6125841
for range-notcovered
table 1 : explain SELECT k, c FROM sbtest1 WHERE k BETWEEN 5585437 AND 5585537
	Bitmap Heap Scan on sbtest1  (cost=5.50..416.94 rows=104 width=125)
	  Recheck Cond: ((k >= 5585437) AND (k <= 5585537))
	  ->  Bitmap Index Scan on k_1  (cost=0.00..5.47 rows=104 width=0)
	        Index Cond: ((k >= 5585437) AND (k <= 5585537))

table 2 : explain SELECT k, c FROM sbtest2 WHERE k BETWEEN 5585437 AND 5585537
	Bitmap Heap Scan on sbtest2  (cost=5.56..440.56 rows=110 width=125)
	  Recheck Cond: ((k >= 5585437) AND (k <= 5585537))
	  ->  Bitmap Index Scan on k_2  (cost=0.00..5.53 rows=110 width=0)
	        Index Cond: ((k >= 5585437) AND (k <= 5585537))

table 3 : explain SELECT k, c FROM sbtest3 WHERE k BETWEEN 5585437 AND 5585537
	Bitmap Heap Scan on sbtest3  (cost=5.50..416.94 rows=104 width=125)
	  Recheck Cond: ((k >= 5585437) AND (k <= 5585537))
	  ->  Bitmap Index Scan on k_3  (cost=0.00..5.47 rows=104 width=0)
	        Index Cond: ((k >= 5585437) AND (k <= 5585537))

table 4 : explain SELECT k, c FROM sbtest4 WHERE k BETWEEN 5585437 AND 5585537
	Bitmap Heap Scan on sbtest4  (cost=5.42..385.43 rows=96 width=125)
	  Recheck Cond: ((k >= 5585437) AND (k <= 5585537))
	  ->  Bitmap Index Scan on k_4  (cost=0.00..5.39 rows=96 width=0)
	        Index Cond: ((k >= 5585437) AND (k <= 5585537))

table 5 : explain SELECT k, c FROM sbtest5 WHERE k BETWEEN 5585437 AND 5585537
	Bitmap Heap Scan on sbtest5  (cost=5.49..413.00 rows=103 width=125)
	  Recheck Cond: ((k >= 5585437) AND (k <= 5585537))
	  ->  Bitmap Index Scan on k_5  (cost=0.00..5.46 rows=103 width=0)
	        Index Cond: ((k >= 5585437) AND (k <= 5585537))

table 6 : explain SELECT k, c FROM sbtest6 WHERE k BETWEEN 5585437 AND 5585537
	Bitmap Heap Scan on sbtest6  (cost=5.41..381.49 rows=95 width=125)
	  Recheck Cond: ((k >= 5585437) AND (k <= 5585537))
	  ->  Bitmap Index Scan on k_6  (cost=0.00..5.38 rows=95 width=0)
	        Index Cond: ((k >= 5585437) AND (k <= 5585537))

table 7 : explain SELECT k, c FROM sbtest7 WHERE k BETWEEN 5585437 AND 5585537
	Bitmap Heap Scan on sbtest7  (cost=5.51..420.88 rows=105 width=125)
	  Recheck Cond: ((k >= 5585437) AND (k <= 5585537))
	  ->  Bitmap Index Scan on k_7  (cost=0.00..5.48 rows=105 width=0)
	        Index Cond: ((k >= 5585437) AND (k <= 5585537))

table 8 : explain SELECT k, c FROM sbtest8 WHERE k BETWEEN 5585437 AND 5585537
	Bitmap Heap Scan on sbtest8  (cost=5.45..397.25 rows=99 width=125)
	  Recheck Cond: ((k >= 5585437) AND (k <= 5585537))
	  ->  Bitmap Index Scan on k_8  (cost=0.00..5.42 rows=99 width=0)
	        Index Cond: ((k >= 5585437) AND (k <= 5585537))

for range-notcovered
table 1 : explain SELECT k, c FROM sbtest1 WHERE k BETWEEN 4898117 AND 4898217
	Bitmap Heap Scan on sbtest1  (cost=5.58..448.42 rows=112 width=125)
	  Recheck Cond: ((k >= 4898117) AND (k <= 4898217))
	  ->  Bitmap Index Scan on k_1  (cost=0.00..5.55 rows=112 width=0)
	        Index Cond: ((k >= 4898117) AND (k <= 4898217))

table 2 : explain SELECT k, c FROM sbtest2 WHERE k BETWEEN 4898117 AND 4898217
	Bitmap Heap Scan on sbtest2  (cost=5.40..377.55 rows=94 width=125)
	  Recheck Cond: ((k >= 4898117) AND (k <= 4898217))
	  ->  Bitmap Index Scan on k_2  (cost=0.00..5.38 rows=94 width=0)
	        Index Cond: ((k >= 4898117) AND (k <= 4898217))

table 3 : explain SELECT k, c FROM sbtest3 WHERE k BETWEEN 4898117 AND 4898217
	Bitmap Heap Scan on sbtest3  (cost=5.43..389.37 rows=97 width=125)
	  Recheck Cond: ((k >= 4898117) AND (k <= 4898217))
	  ->  Bitmap Index Scan on k_3  (cost=0.00..5.40 rows=97 width=0)
	        Index Cond: ((k >= 4898117) AND (k <= 4898217))

table 4 : explain SELECT k, c FROM sbtest4 WHERE k BETWEEN 4898117 AND 4898217
	Bitmap Heap Scan on sbtest4  (cost=5.50..416.94 rows=104 width=125)
	  Recheck Cond: ((k >= 4898117) AND (k <= 4898217))
	  ->  Bitmap Index Scan on k_4  (cost=0.00..5.47 rows=104 width=0)
	        Index Cond: ((k >= 4898117) AND (k <= 4898217))

table 5 : explain SELECT k, c FROM sbtest5 WHERE k BETWEEN 4898117 AND 4898217
	Bitmap Heap Scan on sbtest5  (cost=5.40..377.55 rows=94 width=125)
	  Recheck Cond: ((k >= 4898117) AND (k <= 4898217))
	  ->  Bitmap Index Scan on k_5  (cost=0.00..5.38 rows=94 width=0)
	        Index Cond: ((k >= 4898117) AND (k <= 4898217))

table 6 : explain SELECT k, c FROM sbtest6 WHERE k BETWEEN 4898117 AND 4898217
	Bitmap Heap Scan on sbtest6  (cost=5.53..428.75 rows=107 width=125)
	  Recheck Cond: ((k >= 4898117) AND (k <= 4898217))
	  ->  Bitmap Index Scan on k_6  (cost=0.00..5.50 rows=107 width=0)
	        Index Cond: ((k >= 4898117) AND (k <= 4898217))

table 7 : explain SELECT k, c FROM sbtest7 WHERE k BETWEEN 4898117 AND 4898217
	Bitmap Heap Scan on sbtest7  (cost=5.41..381.49 rows=95 width=125)
	  Recheck Cond: ((k >= 4898117) AND (k <= 4898217))
	  ->  Bitmap Index Scan on k_7  (cost=0.00..5.38 rows=95 width=0)
	        Index Cond: ((k >= 4898117) AND (k <= 4898217))

table 8 : explain SELECT k, c FROM sbtest8 WHERE k BETWEEN 4898117 AND 4898217
	Bitmap Heap Scan on sbtest8  (cost=5.53..428.75 rows=107 width=125)
	  Recheck Cond: ((k >= 4898117) AND (k <= 4898217))
	  ->  Bitmap Index Scan on k_8  (cost=0.00..5.50 rows=107 width=0)
	        Index Cond: ((k >= 4898117) AND (k <= 4898217))

explain: for range-notcovered :: explain SELECT k, c FROM sbtest%d WHERE k BETWEEN 5585437 AND 5585537
explain: for range-notcovered :: explain SELECT k, c FROM sbtest%d WHERE k BETWEEN 4898117 AND 4898217
for range-notcovered
table 1 : explain SELECT k, c FROM sbtest1 WHERE k BETWEEN 2891309 AND 2891409
	Bitmap Heap Scan on sbtest1  (cost=5.43..389.37 rows=97 width=125)
	  Recheck Cond: ((k >= 2891309) AND (k <= 2891409))
	  ->  Bitmap Index Scan on k_1  (cost=0.00..5.40 rows=97 width=0)
	        Index Cond: ((k >= 2891309) AND (k <= 2891409))

table 2 : explain SELECT k, c FROM sbtest2 WHERE k BETWEEN 2891309 AND 2891409
	Bitmap Heap Scan on sbtest2  (cost=5.39..373.61 rows=93 width=125)
	  Recheck Cond: ((k >= 2891309) AND (k <= 2891409))
	  ->  Bitmap Index Scan on k_2  (cost=0.00..5.36 rows=93 width=0)
	        Index Cond: ((k >= 2891309) AND (k <= 2891409))

table 3 : explain SELECT k, c FROM sbtest3 WHERE k BETWEEN 2891309 AND 2891409
	Bitmap Heap Scan on sbtest3  (cost=5.55..436.62 rows=109 width=125)
	  Recheck Cond: ((k >= 2891309) AND (k <= 2891409))
	  ->  Bitmap Index Scan on k_3  (cost=0.00..5.52 rows=109 width=0)
	        Index Cond: ((k >= 2891309) AND (k <= 2891409))

table 4 : explain SELECT k, c FROM sbtest4 WHERE k BETWEEN 2891309 AND 2891409
	Bitmap Heap Scan on sbtest4  (cost=5.55..436.62 rows=109 width=125)
	  Recheck Cond: ((k >= 2891309) AND (k <= 2891409))
	  ->  Bitmap Index Scan on k_4  (cost=0.00..5.52 rows=109 width=0)
	        Index Cond: ((k >= 2891309) AND (k <= 2891409))

table 5 : explain SELECT k, c FROM sbtest5 WHERE k BETWEEN 2891309 AND 2891409
	Bitmap Heap Scan on sbtest5  (cost=5.52..424.81 rows=106 width=125)
	  Recheck Cond: ((k >= 2891309) AND (k <= 2891409))
	  ->  Bitmap Index Scan on k_5  (cost=0.00..5.50 rows=106 width=0)
	        Index Cond: ((k >= 2891309) AND (k <= 2891409))

table 6 : explain SELECT k, c FROM sbtest6 WHERE k BETWEEN 2891309 AND 2891409
	Bitmap Heap Scan on sbtest6  (cost=5.46..401.19 rows=100 width=125)
	  Recheck Cond: ((k >= 2891309) AND (k <= 2891409))
	  ->  Bitmap Index Scan on k_6  (cost=0.00..5.43 rows=100 width=0)
	        Index Cond: ((k >= 2891309) AND (k <= 2891409))

table 7 : explain SELECT k, c FROM sbtest7 WHERE k BETWEEN 2891309 AND 2891409
	Bitmap Heap Scan on sbtest7  (cost=5.52..424.81 rows=106 width=125)
	  Recheck Cond: ((k >= 2891309) AND (k <= 2891409))
	  ->  Bitmap Index Scan on k_7  (cost=0.00..5.50 rows=106 width=0)
	        Index Cond: ((k >= 2891309) AND (k <= 2891409))

table 8 : explain SELECT k, c FROM sbtest8 WHERE k BETWEEN 2891309 AND 2891409
	Bitmap Heap Scan on sbtest8  (cost=5.48..409.07 rows=102 width=125)
	  Recheck Cond: ((k >= 2891309) AND (k <= 2891409))
	  ->  Bitmap Index Scan on k_8  (cost=0.00..5.45 rows=102 width=0)
	        Index Cond: ((k >= 2891309) AND (k <= 2891409))

for range-notcovered
table 1 : explain SELECT k, c FROM sbtest1 WHERE k BETWEEN 5898394 AND 5898494
	Bitmap Heap Scan on sbtest1  (cost=5.52..424.81 rows=106 width=125)
	  Recheck Cond: ((k >= 5898394) AND (k <= 5898494))
	  ->  Bitmap Index Scan on k_1  (cost=0.00..5.50 rows=106 width=0)
	        Index Cond: ((k >= 5898394) AND (k <= 5898494))

table 2 : explain SELECT k, c FROM sbtest2 WHERE k BETWEEN 5898394 AND 5898494
	Bitmap Heap Scan on sbtest2  (cost=5.53..428.75 rows=107 width=125)
	  Recheck Cond: ((k >= 5898394) AND (k <= 5898494))
	  ->  Bitmap Index Scan on k_2  (cost=0.00..5.50 rows=107 width=0)
	        Index Cond: ((k >= 5898394) AND (k <= 5898494))

table 3 : explain SELECT k, c FROM sbtest3 WHERE k BETWEEN 5898394 AND 5898494
	Bitmap Heap Scan on sbtest3  (cost=5.43..389.37 rows=97 width=125)
	  Recheck Cond: ((k >= 5898394) AND (k <= 5898494))
	  ->  Bitmap Index Scan on k_3  (cost=0.00..5.40 rows=97 width=0)
	        Index Cond: ((k >= 5898394) AND (k <= 5898494))

table 4 : explain SELECT k, c FROM sbtest4 WHERE k BETWEEN 5898394 AND 5898494
	Bitmap Heap Scan on sbtest4  (cost=5.50..416.94 rows=104 width=125)
	  Recheck Cond: ((k >= 5898394) AND (k <= 5898494))
	  ->  Bitmap Index Scan on k_4  (cost=0.00..5.47 rows=104 width=0)
	        Index Cond: ((k >= 5898394) AND (k <= 5898494))

table 5 : explain SELECT k, c FROM sbtest5 WHERE k BETWEEN 5898394 AND 5898494
	Bitmap Heap Scan on sbtest5  (cost=5.48..409.07 rows=102 width=125)
	  Recheck Cond: ((k >= 5898394) AND (k <= 5898494))
	  ->  Bitmap Index Scan on k_5  (cost=0.00..5.45 rows=102 width=0)
	        Index Cond: ((k >= 5898394) AND (k <= 5898494))

table 6 : explain SELECT k, c FROM sbtest6 WHERE k BETWEEN 5898394 AND 5898494
	Bitmap Heap Scan on sbtest6  (cost=5.54..432.69 rows=108 width=125)
	  Recheck Cond: ((k >= 5898394) AND (k <= 5898494))
	  ->  Bitmap Index Scan on k_6  (cost=0.00..5.51 rows=108 width=0)
	        Index Cond: ((k >= 5898394) AND (k <= 5898494))

table 7 : explain SELECT k, c FROM sbtest7 WHERE k BETWEEN 5898394 AND 5898494
	Bitmap Heap Scan on sbtest7  (cost=5.45..397.25 rows=99 width=125)
	  Recheck Cond: ((k >= 5898394) AND (k <= 5898494))
	  ->  Bitmap Index Scan on k_7  (cost=0.00..5.42 rows=99 width=0)
	        Index Cond: ((k >= 5898394) AND (k <= 5898494))

table 8 : explain SELECT k, c FROM sbtest8 WHERE k BETWEEN 5898394 AND 5898494
	Bitmap Heap Scan on sbtest8  (cost=5.44..393.31 rows=98 width=125)
	  Recheck Cond: ((k >= 5898394) AND (k <= 5898494))
	  ->  Bitmap Index Scan on k_8  (cost=0.00..5.42 rows=98 width=0)
	        Index Cond: ((k >= 5898394) AND (k <= 5898494))

explain: for range-notcovered :: explain SELECT k, c FROM sbtest%d WHERE k BETWEEN 5898394 AND 5898494
explain: for range-notcovered :: explain SELECT k, c FROM sbtest%d WHERE k BETWEEN 6261470 AND 6261570
for range-notcovered
table 1 : explain SELECT k, c FROM sbtest1 WHERE k BETWEEN 5585437 AND 5585537
	Bitmap Heap Scan on sbtest1  (cost=5.50..416.94 rows=104 width=125)
	  Recheck Cond: ((k >= 5585437) AND (k <= 5585537))
	  ->  Bitmap Index Scan on k_1  (cost=0.00..5.47 rows=104 width=0)
	        Index Cond: ((k >= 5585437) AND (k <= 5585537))

table 2 : explain SELECT k, c FROM sbtest2 WHERE k BETWEEN 5585437 AND 5585537
	Bitmap Heap Scan on sbtest2  (cost=5.56..440.56 rows=110 width=125)
	  Recheck Cond: ((k >= 5585437) AND (k <= 5585537))
	  ->  Bitmap Index Scan on k_2  (cost=0.00..5.53 rows=110 width=0)
	        Index Cond: ((k >= 5585437) AND (k <= 5585537))

table 3 : explain SELECT k, c FROM sbtest3 WHERE k BETWEEN 5585437 AND 5585537
	Bitmap Heap Scan on sbtest3  (cost=5.50..416.94 rows=104 width=125)
	  Recheck Cond: ((k >= 5585437) AND (k <= 5585537))
	  ->  Bitmap Index Scan on k_3  (cost=0.00..5.47 rows=104 width=0)
	        Index Cond: ((k >= 5585437) AND (k <= 5585537))

table 4 : explain SELECT k, c FROM sbtest4 WHERE k BETWEEN 5585437 AND 5585537
	Bitmap Heap Scan on sbtest4  (cost=5.42..385.43 rows=96 width=125)
	  Recheck Cond: ((k >= 5585437) AND (k <= 5585537))
	  ->  Bitmap Index Scan on k_4  (cost=0.00..5.39 rows=96 width=0)
	        Index Cond: ((k >= 5585437) AND (k <= 5585537))

table 5 : explain SELECT k, c FROM sbtest5 WHERE k BETWEEN 5585437 AND 5585537
	Bitmap Heap Scan on sbtest5  (cost=5.49..413.00 rows=103 width=125)
	  Recheck Cond: ((k >= 5585437) AND (k <= 5585537))
	  ->  Bitmap Index Scan on k_5  (cost=0.00..5.46 rows=103 width=0)
	        Index Cond: ((k >= 5585437) AND (k <= 5585537))

table 6 : explain SELECT k, c FROM sbtest6 WHERE k BETWEEN 5585437 AND 5585537
	Bitmap Heap Scan on sbtest6  (cost=5.41..381.49 rows=95 width=125)
	  Recheck Cond: ((k >= 5585437) AND (k <= 5585537))
	  ->  Bitmap Index Scan on k_6  (cost=0.00..5.38 rows=95 width=0)
	        Index Cond: ((k >= 5585437) AND (k <= 5585537))

table 7 : explain SELECT k, c FROM sbtest7 WHERE k BETWEEN 5585437 AND 5585537
	Bitmap Heap Scan on sbtest7  (cost=5.51..420.88 rows=105 width=125)
	  Recheck Cond: ((k >= 5585437) AND (k <= 5585537))
	  ->  Bitmap Index Scan on k_7  (cost=0.00..5.48 rows=105 width=0)
	        Index Cond: ((k >= 5585437) AND (k <= 5585537))

table 8 : explain SELECT k, c FROM sbtest8 WHERE k BETWEEN 5585437 AND 5585537
	Bitmap Heap Scan on sbtest8  (cost=5.45..397.25 rows=99 width=125)
	  Recheck Cond: ((k >= 5585437) AND (k <= 5585537))
	  ->  Bitmap Index Scan on k_8  (cost=0.00..5.42 rows=99 width=0)
	        Index Cond: ((k >= 5585437) AND (k <= 5585537))

for range-notcovered
table 1 : explain SELECT k, c FROM sbtest1 WHERE k BETWEEN 4898117 AND 4898217
	Bitmap Heap Scan on sbtest1  (cost=5.58..448.42 rows=112 width=125)
	  Recheck Cond: ((k >= 4898117) AND (k <= 4898217))
	  ->  Bitmap Index Scan on k_1  (cost=0.00..5.55 rows=112 width=0)
	        Index Cond: ((k >= 4898117) AND (k <= 4898217))

table 2 : explain SELECT k, c FROM sbtest2 WHERE k BETWEEN 4898117 AND 4898217
	Bitmap Heap Scan on sbtest2  (cost=5.40..377.55 rows=94 width=125)
	  Recheck Cond: ((k >= 4898117) AND (k <= 4898217))
	  ->  Bitmap Index Scan on k_2  (cost=0.00..5.38 rows=94 width=0)
	        Index Cond: ((k >= 4898117) AND (k <= 4898217))

table 3 : explain SELECT k, c FROM sbtest3 WHERE k BETWEEN 4898117 AND 4898217
	Bitmap Heap Scan on sbtest3  (cost=5.43..389.37 rows=97 width=125)
	  Recheck Cond: ((k >= 4898117) AND (k <= 4898217))
	  ->  Bitmap Index Scan on k_3  (cost=0.00..5.40 rows=97 width=0)
	        Index Cond: ((k >= 4898117) AND (k <= 4898217))

table 4 : explain SELECT k, c FROM sbtest4 WHERE k BETWEEN 4898117 AND 4898217
	Bitmap Heap Scan on sbtest4  (cost=5.50..416.94 rows=104 width=125)
	  Recheck Cond: ((k >= 4898117) AND (k <= 4898217))
	  ->  Bitmap Index Scan on k_4  (cost=0.00..5.47 rows=104 width=0)
	        Index Cond: ((k >= 4898117) AND (k <= 4898217))

table 5 : explain SELECT k, c FROM sbtest5 WHERE k BETWEEN 4898117 AND 4898217
	Bitmap Heap Scan on sbtest5  (cost=5.40..377.55 rows=94 width=125)
	  Recheck Cond: ((k >= 4898117) AND (k <= 4898217))
	  ->  Bitmap Index Scan on k_5  (cost=0.00..5.38 rows=94 width=0)
	        Index Cond: ((k >= 4898117) AND (k <= 4898217))

table 6 : explain SELECT k, c FROM sbtest6 WHERE k BETWEEN 4898117 AND 4898217
	Bitmap Heap Scan on sbtest6  (cost=5.53..428.75 rows=107 width=125)
	  Recheck Cond: ((k >= 4898117) AND (k <= 4898217))
	  ->  Bitmap Index Scan on k_6  (cost=0.00..5.50 rows=107 width=0)
	        Index Cond: ((k >= 4898117) AND (k <= 4898217))

table 7 : explain SELECT k, c FROM sbtest7 WHERE k BETWEEN 4898117 AND 4898217
	Bitmap Heap Scan on sbtest7  (cost=5.41..381.49 rows=95 width=125)
	  Recheck Cond: ((k >= 4898117) AND (k <= 4898217))
	  ->  Bitmap Index Scan on k_7  (cost=0.00..5.38 rows=95 width=0)
	        Index Cond: ((k >= 4898117) AND (k <= 4898217))

table 8 : explain SELECT k, c FROM sbtest8 WHERE k BETWEEN 4898117 AND 4898217
	Bitmap Heap Scan on sbtest8  (cost=5.53..428.75 rows=107 width=125)
	  Recheck Cond: ((k >= 4898117) AND (k <= 4898217))
	  ->  Bitmap Index Scan on k_8  (cost=0.00..5.50 rows=107 width=0)
	        Index Cond: ((k >= 4898117) AND (k <= 4898217))

explain: for range-notcovered :: explain SELECT k, c FROM sbtest%d WHERE k BETWEEN 5585437 AND 5585537
for range-notcovered
table 1 : explain SELECT k, c FROM sbtest1 WHERE k BETWEEN 5898394 AND 5898494
	Bitmap Heap Scan on sbtest1  (cost=5.52..424.81 rows=106 width=125)
	  Recheck Cond: ((k >= 5898394) AND (k <= 5898494))
	  ->  Bitmap Index Scan on k_1  (cost=0.00..5.50 rows=106 width=0)
	        Index Cond: ((k >= 5898394) AND (k <= 5898494))

table 2 : explain SELECT k, c FROM sbtest2 WHERE k BETWEEN 5898394 AND 5898494
	Bitmap Heap Scan on sbtest2  (cost=5.53..428.75 rows=107 width=125)
	  Recheck Cond: ((k >= 5898394) AND (k <= 5898494))
	  ->  Bitmap Index Scan on k_2  (cost=0.00..5.50 rows=107 width=0)
	        Index Cond: ((k >= 5898394) AND (k <= 5898494))

table 3 : explain SELECT k, c FROM sbtest3 WHERE k BETWEEN 5898394 AND 5898494
	Bitmap Heap Scan on sbtest3  (cost=5.43..389.37 rows=97 width=125)
	  Recheck Cond: ((k >= 5898394) AND (k <= 5898494))
	  ->  Bitmap Index Scan on k_3  (cost=0.00..5.40 rows=97 width=0)
	        Index Cond: ((k >= 5898394) AND (k <= 5898494))

table 4 : explain SELECT k, c FROM sbtest4 WHERE k BETWEEN 5898394 AND 5898494
	Bitmap Heap Scan on sbtest4  (cost=5.50..416.94 rows=104 width=125)
	  Recheck Cond: ((k >= 5898394) AND (k <= 5898494))
	  ->  Bitmap Index Scan on k_4  (cost=0.00..5.47 rows=104 width=0)
	        Index Cond: ((k >= 5898394) AND (k <= 5898494))

table 5 : explain SELECT k, c FROM sbtest5 WHERE k BETWEEN 5898394 AND 5898494
	Bitmap Heap Scan on sbtest5  (cost=5.48..409.07 rows=102 width=125)
	  Recheck Cond: ((k >= 5898394) AND (k <= 5898494))
	  ->  Bitmap Index Scan on k_5  (cost=0.00..5.45 rows=102 width=0)
	        Index Cond: ((k >= 5898394) AND (k <= 5898494))

table 6 : explain SELECT k, c FROM sbtest6 WHERE k BETWEEN 5898394 AND 5898494
	Bitmap Heap Scan on sbtest6  (cost=5.54..432.69 rows=108 width=125)
	  Recheck Cond: ((k >= 5898394) AND (k <= 5898494))
	  ->  Bitmap Index Scan on k_6  (cost=0.00..5.51 rows=108 width=0)
	        Index Cond: ((k >= 5898394) AND (k <= 5898494))

table 7 : explain SELECT k, c FROM sbtest7 WHERE k BETWEEN 5898394 AND 5898494
	Bitmap Heap Scan on sbtest7  (cost=5.45..397.25 rows=99 width=125)
	  Recheck Cond: ((k >= 5898394) AND (k <= 5898494))
	  ->  Bitmap Index Scan on k_7  (cost=0.00..5.42 rows=99 width=0)
	        Index Cond: ((k >= 5898394) AND (k <= 5898494))

table 8 : explain SELECT k, c FROM sbtest8 WHERE k BETWEEN 5898394 AND 5898494
	Bitmap Heap Scan on sbtest8  (cost=5.44..393.31 rows=98 width=125)
	  Recheck Cond: ((k >= 5898394) AND (k <= 5898494))
	  ->  Bitmap Index Scan on k_8  (cost=0.00..5.42 rows=98 width=0)
	        Index Cond: ((k >= 5898394) AND (k <= 5898494))

explain: for range-notcovered :: explain SELECT k, c FROM sbtest%d WHERE k BETWEEN 2891309 AND 2891409
explain: for range-notcovered :: explain SELECT k, c FROM sbtest%d WHERE k BETWEEN 5898394 AND 5898494
for range-notcovered
table 1 : explain SELECT k, c FROM sbtest1 WHERE k BETWEEN 5666615 AND 5666715
	Bitmap Heap Scan on sbtest1  (cost=5.51..420.88 rows=105 width=125)
	  Recheck Cond: ((k >= 5666615) AND (k <= 5666715))
	  ->  Bitmap Index Scan on k_1  (cost=0.00..5.48 rows=105 width=0)
	        Index Cond: ((k >= 5666615) AND (k <= 5666715))

table 2 : explain SELECT k, c FROM sbtest2 WHERE k BETWEEN 5666615 AND 5666715
	Bitmap Heap Scan on sbtest2  (cost=5.40..377.55 rows=94 width=125)
	  Recheck Cond: ((k >= 5666615) AND (k <= 5666715))
	  ->  Bitmap Index Scan on k_2  (cost=0.00..5.38 rows=94 width=0)
	        Index Cond: ((k >= 5666615) AND (k <= 5666715))

table 3 : explain SELECT k, c FROM sbtest3 WHERE k BETWEEN 5666615 AND 5666715
	Bitmap Heap Scan on sbtest3  (cost=5.47..405.13 rows=101 width=125)
	  Recheck Cond: ((k >= 5666615) AND (k <= 5666715))
	  ->  Bitmap Index Scan on k_3  (cost=0.00..5.44 rows=101 width=0)
	        Index Cond: ((k >= 5666615) AND (k <= 5666715))

table 4 : explain SELECT k, c FROM sbtest4 WHERE k BETWEEN 5666615 AND 5666715
	Bitmap Heap Scan on sbtest4  (cost=5.48..409.07 rows=102 width=125)
	  Recheck Cond: ((k >= 5666615) AND (k <= 5666715))
	  ->  Bitmap Index Scan on k_4  (cost=0.00..5.45 rows=102 width=0)
	        Index Cond: ((k >= 5666615) AND (k <= 5666715))

table 5 : explain SELECT k, c FROM sbtest5 WHERE k BETWEEN 5666615 AND 5666715
	Bitmap Heap Scan on sbtest5  (cost=5.42..385.43 rows=96 width=125)
	  Recheck Cond: ((k >= 5666615) AND (k <= 5666715))
	  ->  Bitmap Index Scan on k_5  (cost=0.00..5.39 rows=96 width=0)
	        Index Cond: ((k >= 5666615) AND (k <= 5666715))

table 6 : explain SELECT k, c FROM sbtest6 WHERE k BETWEEN 5666615 AND 5666715
	Bitmap Heap Scan on sbtest6  (cost=5.49..413.00 rows=103 width=125)
	  Recheck Cond: ((k >= 5666615) AND (k <= 5666715))
	  ->  Bitmap Index Scan on k_6  (cost=0.00..5.46 rows=103 width=0)
	        Index Cond: ((k >= 5666615) AND (k <= 5666715))

table 7 : explain SELECT k, c FROM sbtest7 WHERE k BETWEEN 5666615 AND 5666715
	Bitmap Heap Scan on sbtest7  (cost=5.48..409.07 rows=102 width=125)
	  Recheck Cond: ((k >= 5666615) AND (k <= 5666715))
	  ->  Bitmap Index Scan on k_7  (cost=0.00..5.45 rows=102 width=0)
	        Index Cond: ((k >= 5666615) AND (k <= 5666715))

table 8 : explain SELECT k, c FROM sbtest8 WHERE k BETWEEN 5666615 AND 5666715
	Bitmap Heap Scan on sbtest8  (cost=5.49..413.00 rows=103 width=125)
	  Recheck Cond: ((k >= 5666615) AND (k <= 5666715))
	  ->  Bitmap Index Scan on k_8  (cost=0.00..5.46 rows=103 width=0)
	        Index Cond: ((k >= 5666615) AND (k <= 5666715))

explain: for range-notcovered :: explain SELECT k, c FROM sbtest%d WHERE k BETWEEN 5666615 AND 5666715
for range-notcovered
table 1 : explain SELECT k, c FROM sbtest1 WHERE k BETWEEN 5585437 AND 5585537
	Bitmap Heap Scan on sbtest1  (cost=5.50..416.94 rows=104 width=125)
	  Recheck Cond: ((k >= 5585437) AND (k <= 5585537))
	  ->  Bitmap Index Scan on k_1  (cost=0.00..5.47 rows=104 width=0)
	        Index Cond: ((k >= 5585437) AND (k <= 5585537))

table 2 : explain SELECT k, c FROM sbtest2 WHERE k BETWEEN 5585437 AND 5585537
	Bitmap Heap Scan on sbtest2  (cost=5.56..440.56 rows=110 width=125)
	  Recheck Cond: ((k >= 5585437) AND (k <= 5585537))
	  ->  Bitmap Index Scan on k_2  (cost=0.00..5.53 rows=110 width=0)
	        Index Cond: ((k >= 5585437) AND (k <= 5585537))

table 3 : explain SELECT k, c FROM sbtest3 WHERE k BETWEEN 5585437 AND 5585537
	Bitmap Heap Scan on sbtest3  (cost=5.50..416.94 rows=104 width=125)
	  Recheck Cond: ((k >= 5585437) AND (k <= 5585537))
	  ->  Bitmap Index Scan on k_3  (cost=0.00..5.47 rows=104 width=0)
	        Index Cond: ((k >= 5585437) AND (k <= 5585537))

table 4 : explain SELECT k, c FROM sbtest4 WHERE k BETWEEN 5585437 AND 5585537
	Bitmap Heap Scan on sbtest4  (cost=5.42..385.43 rows=96 width=125)
	  Recheck Cond: ((k >= 5585437) AND (k <= 5585537))
	  ->  Bitmap Index Scan on k_4  (cost=0.00..5.39 rows=96 width=0)
	        Index Cond: ((k >= 5585437) AND (k <= 5585537))

table 5 : explain SELECT k, c FROM sbtest5 WHERE k BETWEEN 5585437 AND 5585537
	Bitmap Heap Scan on sbtest5  (cost=5.49..413.00 rows=103 width=125)
	  Recheck Cond: ((k >= 5585437) AND (k <= 5585537))
	  ->  Bitmap Index Scan on k_5  (cost=0.00..5.46 rows=103 width=0)
	        Index Cond: ((k >= 5585437) AND (k <= 5585537))

table 6 : explain SELECT k, c FROM sbtest6 WHERE k BETWEEN 5585437 AND 5585537
	Bitmap Heap Scan on sbtest6  (cost=5.41..381.49 rows=95 width=125)
	  Recheck Cond: ((k >= 5585437) AND (k <= 5585537))
	  ->  Bitmap Index Scan on k_6  (cost=0.00..5.38 rows=95 width=0)
	        Index Cond: ((k >= 5585437) AND (k <= 5585537))

table 7 : explain SELECT k, c FROM sbtest7 WHERE k BETWEEN 5585437 AND 5585537
	Bitmap Heap Scan on sbtest7  (cost=5.51..420.88 rows=105 width=125)
	  Recheck Cond: ((k >= 5585437) AND (k <= 5585537))
	  ->  Bitmap Index Scan on k_7  (cost=0.00..5.48 rows=105 width=0)
	        Index Cond: ((k >= 5585437) AND (k <= 5585537))

table 8 : explain SELECT k, c FROM sbtest8 WHERE k BETWEEN 5585437 AND 5585537
	Bitmap Heap Scan on sbtest8  (cost=5.45..397.25 rows=99 width=125)
	  Recheck Cond: ((k >= 5585437) AND (k <= 5585537))
	  ->  Bitmap Index Scan on k_8  (cost=0.00..5.42 rows=99 width=0)
	        Index Cond: ((k >= 5585437) AND (k <= 5585537))

explain: for range-notcovered :: explain SELECT k, c FROM sbtest%d WHERE k BETWEEN 5585437 AND 5585537
for range-notcovered
table 1 : explain SELECT k, c FROM sbtest1 WHERE k BETWEEN 2891309 AND 2891409
	Bitmap Heap Scan on sbtest1  (cost=5.43..389.37 rows=97 width=125)
	  Recheck Cond: ((k >= 2891309) AND (k <= 2891409))
	  ->  Bitmap Index Scan on k_1  (cost=0.00..5.40 rows=97 width=0)
	        Index Cond: ((k >= 2891309) AND (k <= 2891409))

table 2 : explain SELECT k, c FROM sbtest2 WHERE k BETWEEN 2891309 AND 2891409
	Bitmap Heap Scan on sbtest2  (cost=5.39..373.61 rows=93 width=125)
	  Recheck Cond: ((k >= 2891309) AND (k <= 2891409))
	  ->  Bitmap Index Scan on k_2  (cost=0.00..5.36 rows=93 width=0)
	        Index Cond: ((k >= 2891309) AND (k <= 2891409))

table 3 : explain SELECT k, c FROM sbtest3 WHERE k BETWEEN 2891309 AND 2891409
	Bitmap Heap Scan on sbtest3  (cost=5.55..436.62 rows=109 width=125)
	  Recheck Cond: ((k >= 2891309) AND (k <= 2891409))
	  ->  Bitmap Index Scan on k_3  (cost=0.00..5.52 rows=109 width=0)
	        Index Cond: ((k >= 2891309) AND (k <= 2891409))

table 4 : explain SELECT k, c FROM sbtest4 WHERE k BETWEEN 2891309 AND 2891409
	Bitmap Heap Scan on sbtest4  (cost=5.55..436.62 rows=109 width=125)
	  Recheck Cond: ((k >= 2891309) AND (k <= 2891409))
	  ->  Bitmap Index Scan on k_4  (cost=0.00..5.52 rows=109 width=0)
	        Index Cond: ((k >= 2891309) AND (k <= 2891409))

table 5 : explain SELECT k, c FROM sbtest5 WHERE k BETWEEN 2891309 AND 2891409
	Bitmap Heap Scan on sbtest5  (cost=5.52..424.81 rows=106 width=125)
	  Recheck Cond: ((k >= 2891309) AND (k <= 2891409))
	  ->  Bitmap Index Scan on k_5  (cost=0.00..5.50 rows=106 width=0)
	        Index Cond: ((k >= 2891309) AND (k <= 2891409))

table 6 : explain SELECT k, c FROM sbtest6 WHERE k BETWEEN 2891309 AND 2891409
	Bitmap Heap Scan on sbtest6  (cost=5.46..401.19 rows=100 width=125)
	  Recheck Cond: ((k >= 2891309) AND (k <= 2891409))
	  ->  Bitmap Index Scan on k_6  (cost=0.00..5.43 rows=100 width=0)
	        Index Cond: ((k >= 2891309) AND (k <= 2891409))

table 7 : explain SELECT k, c FROM sbtest7 WHERE k BETWEEN 2891309 AND 2891409
	Bitmap Heap Scan on sbtest7  (cost=5.52..424.81 rows=106 width=125)
	  Recheck Cond: ((k >= 2891309) AND (k <= 2891409))
	  ->  Bitmap Index Scan on k_7  (cost=0.00..5.50 rows=106 width=0)
	        Index Cond: ((k >= 2891309) AND (k <= 2891409))

table 8 : explain SELECT k, c FROM sbtest8 WHERE k BETWEEN 2891309 AND 2891409
	Bitmap Heap Scan on sbtest8  (cost=5.48..409.07 rows=102 width=125)
	  Recheck Cond: ((k >= 2891309) AND (k <= 2891409))
	  ->  Bitmap Index Scan on k_8  (cost=0.00..5.45 rows=102 width=0)
	        Index Cond: ((k >= 2891309) AND (k <= 2891409))

for range-notcovered
table 1 : explain SELECT k, c FROM sbtest1 WHERE k BETWEEN 5898394 AND 5898494
	Bitmap Heap Scan on sbtest1  (cost=5.52..424.81 rows=106 width=125)
	  Recheck Cond: ((k >= 5898394) AND (k <= 5898494))
	  ->  Bitmap Index Scan on k_1  (cost=0.00..5.50 rows=106 width=0)
	        Index Cond: ((k >= 5898394) AND (k <= 5898494))

table 2 : explain SELECT k, c FROM sbtest2 WHERE k BETWEEN 5898394 AND 5898494
	Bitmap Heap Scan on sbtest2  (cost=5.53..428.75 rows=107 width=125)
	  Recheck Cond: ((k >= 5898394) AND (k <= 5898494))
	  ->  Bitmap Index Scan on k_2  (cost=0.00..5.50 rows=107 width=0)
	        Index Cond: ((k >= 5898394) AND (k <= 5898494))

table 3 : explain SELECT k, c FROM sbtest3 WHERE k BETWEEN 5898394 AND 5898494
	Bitmap Heap Scan on sbtest3  (cost=5.43..389.37 rows=97 width=125)
	  Recheck Cond: ((k >= 5898394) AND (k <= 5898494))
	  ->  Bitmap Index Scan on k_3  (cost=0.00..5.40 rows=97 width=0)
	        Index Cond: ((k >= 5898394) AND (k <= 5898494))

table 4 : explain SELECT k, c FROM sbtest4 WHERE k BETWEEN 5898394 AND 5898494
	Bitmap Heap Scan on sbtest4  (cost=5.50..416.94 rows=104 width=125)
	  Recheck Cond: ((k >= 5898394) AND (k <= 5898494))
	  ->  Bitmap Index Scan on k_4  (cost=0.00..5.47 rows=104 width=0)
	        Index Cond: ((k >= 5898394) AND (k <= 5898494))

table 5 : explain SELECT k, c FROM sbtest5 WHERE k BETWEEN 5898394 AND 5898494
	Bitmap Heap Scan on sbtest5  (cost=5.48..409.07 rows=102 width=125)
	  Recheck Cond: ((k >= 5898394) AND (k <= 5898494))
	  ->  Bitmap Index Scan on k_5  (cost=0.00..5.45 rows=102 width=0)
	        Index Cond: ((k >= 5898394) AND (k <= 5898494))

table 6 : explain SELECT k, c FROM sbtest6 WHERE k BETWEEN 5898394 AND 5898494
	Bitmap Heap Scan on sbtest6  (cost=5.54..432.69 rows=108 width=125)
	  Recheck Cond: ((k >= 5898394) AND (k <= 5898494))
	  ->  Bitmap Index Scan on k_6  (cost=0.00..5.51 rows=108 width=0)
	        Index Cond: ((k >= 5898394) AND (k <= 5898494))

table 7 : explain SELECT k, c FROM sbtest7 WHERE k BETWEEN 5898394 AND 5898494
	Bitmap Heap Scan on sbtest7  (cost=5.45..397.25 rows=99 width=125)
	  Recheck Cond: ((k >= 5898394) AND (k <= 5898494))
	  ->  Bitmap Index Scan on k_7  (cost=0.00..5.42 rows=99 width=0)
	        Index Cond: ((k >= 5898394) AND (k <= 5898494))

table 8 : explain SELECT k, c FROM sbtest8 WHERE k BETWEEN 5898394 AND 5898494
	Bitmap Heap Scan on sbtest8  (cost=5.44..393.31 rows=98 width=125)
	  Recheck Cond: ((k >= 5898394) AND (k <= 5898494))
	  ->  Bitmap Index Scan on k_8  (cost=0.00..5.42 rows=98 width=0)
	        Index Cond: ((k >= 5898394) AND (k <= 5898494))

explain: for range-notcovered :: explain SELECT k, c FROM sbtest%d WHERE k BETWEEN 2891309 AND 2891409
explain: for range-notcovered :: explain SELECT k, c FROM sbtest%d WHERE k BETWEEN 5898394 AND 5898494
for range-notcovered
table 1 : explain SELECT k, c FROM sbtest1 WHERE k BETWEEN 5666615 AND 5666715
	Bitmap Heap Scan on sbtest1  (cost=5.51..420.88 rows=105 width=125)
	  Recheck Cond: ((k >= 5666615) AND (k <= 5666715))
	  ->  Bitmap Index Scan on k_1  (cost=0.00..5.48 rows=105 width=0)
	        Index Cond: ((k >= 5666615) AND (k <= 5666715))

table 2 : explain SELECT k, c FROM sbtest2 WHERE k BETWEEN 5666615 AND 5666715
	Bitmap Heap Scan on sbtest2  (cost=5.40..377.55 rows=94 width=125)
	  Recheck Cond: ((k >= 5666615) AND (k <= 5666715))
	  ->  Bitmap Index Scan on k_2  (cost=0.00..5.38 rows=94 width=0)
	        Index Cond: ((k >= 5666615) AND (k <= 5666715))

table 3 : explain SELECT k, c FROM sbtest3 WHERE k BETWEEN 5666615 AND 5666715
	Bitmap Heap Scan on sbtest3  (cost=5.47..405.13 rows=101 width=125)
	  Recheck Cond: ((k >= 5666615) AND (k <= 5666715))
	  ->  Bitmap Index Scan on k_3  (cost=0.00..5.44 rows=101 width=0)
	        Index Cond: ((k >= 5666615) AND (k <= 5666715))

table 4 : explain SELECT k, c FROM sbtest4 WHERE k BETWEEN 5666615 AND 5666715
	Bitmap Heap Scan on sbtest4  (cost=5.48..409.07 rows=102 width=125)
	  Recheck Cond: ((k >= 5666615) AND (k <= 5666715))
	  ->  Bitmap Index Scan on k_4  (cost=0.00..5.45 rows=102 width=0)
	        Index Cond: ((k >= 5666615) AND (k <= 5666715))

table 5 : explain SELECT k, c FROM sbtest5 WHERE k BETWEEN 5666615 AND 5666715
	Bitmap Heap Scan on sbtest5  (cost=5.42..385.43 rows=96 width=125)
	  Recheck Cond: ((k >= 5666615) AND (k <= 5666715))
	  ->  Bitmap Index Scan on k_5  (cost=0.00..5.39 rows=96 width=0)
	        Index Cond: ((k >= 5666615) AND (k <= 5666715))

table 6 : explain SELECT k, c FROM sbtest6 WHERE k BETWEEN 5666615 AND 5666715
	Bitmap Heap Scan on sbtest6  (cost=5.49..413.00 rows=103 width=125)
	  Recheck Cond: ((k >= 5666615) AND (k <= 5666715))
	  ->  Bitmap Index Scan on k_6  (cost=0.00..5.46 rows=103 width=0)
	        Index Cond: ((k >= 5666615) AND (k <= 5666715))

table 7 : explain SELECT k, c FROM sbtest7 WHERE k BETWEEN 5666615 AND 5666715
	Bitmap Heap Scan on sbtest7  (cost=5.48..409.07 rows=102 width=125)
	  Recheck Cond: ((k >= 5666615) AND (k <= 5666715))
	  ->  Bitmap Index Scan on k_7  (cost=0.00..5.45 rows=102 width=0)
	        Index Cond: ((k >= 5666615) AND (k <= 5666715))

table 8 : explain SELECT k, c FROM sbtest8 WHERE k BETWEEN 5666615 AND 5666715
	Bitmap Heap Scan on sbtest8  (cost=5.49..413.00 rows=103 width=125)
	  Recheck Cond: ((k >= 5666615) AND (k <= 5666715))
	  ->  Bitmap Index Scan on k_8  (cost=0.00..5.46 rows=103 width=0)
	        Index Cond: ((k >= 5666615) AND (k <= 5666715))

explain: for range-notcovered :: explain SELECT k, c FROM sbtest%d WHERE k BETWEEN 5666615 AND 5666715
for range-notcovered
table 1 : explain SELECT k, c FROM sbtest1 WHERE k BETWEEN 5585437 AND 5585537
	Bitmap Heap Scan on sbtest1  (cost=5.50..416.94 rows=104 width=125)
	  Recheck Cond: ((k >= 5585437) AND (k <= 5585537))
	  ->  Bitmap Index Scan on k_1  (cost=0.00..5.47 rows=104 width=0)
	        Index Cond: ((k >= 5585437) AND (k <= 5585537))

table 2 : explain SELECT k, c FROM sbtest2 WHERE k BETWEEN 5585437 AND 5585537
	Bitmap Heap Scan on sbtest2  (cost=5.56..440.56 rows=110 width=125)
	  Recheck Cond: ((k >= 5585437) AND (k <= 5585537))
	  ->  Bitmap Index Scan on k_2  (cost=0.00..5.53 rows=110 width=0)
	        Index Cond: ((k >= 5585437) AND (k <= 5585537))

table 3 : explain SELECT k, c FROM sbtest3 WHERE k BETWEEN 5585437 AND 5585537
	Bitmap Heap Scan on sbtest3  (cost=5.50..416.94 rows=104 width=125)
	  Recheck Cond: ((k >= 5585437) AND (k <= 5585537))
	  ->  Bitmap Index Scan on k_3  (cost=0.00..5.47 rows=104 width=0)
	        Index Cond: ((k >= 5585437) AND (k <= 5585537))

table 4 : explain SELECT k, c FROM sbtest4 WHERE k BETWEEN 5585437 AND 5585537
	Bitmap Heap Scan on sbtest4  (cost=5.42..385.43 rows=96 width=125)
	  Recheck Cond: ((k >= 5585437) AND (k <= 5585537))
	  ->  Bitmap Index Scan on k_4  (cost=0.00..5.39 rows=96 width=0)
	        Index Cond: ((k >= 5585437) AND (k <= 5585537))

table 5 : explain SELECT k, c FROM sbtest5 WHERE k BETWEEN 5585437 AND 5585537
	Bitmap Heap Scan on sbtest5  (cost=5.49..413.00 rows=103 width=125)
	  Recheck Cond: ((k >= 5585437) AND (k <= 5585537))
	  ->  Bitmap Index Scan on k_5  (cost=0.00..5.46 rows=103 width=0)
	        Index Cond: ((k >= 5585437) AND (k <= 5585537))

table 6 : explain SELECT k, c FROM sbtest6 WHERE k BETWEEN 5585437 AND 5585537
	Bitmap Heap Scan on sbtest6  (cost=5.41..381.49 rows=95 width=125)
	  Recheck Cond: ((k >= 5585437) AND (k <= 5585537))
	  ->  Bitmap Index Scan on k_6  (cost=0.00..5.38 rows=95 width=0)
	        Index Cond: ((k >= 5585437) AND (k <= 5585537))

table 7 : explain SELECT k, c FROM sbtest7 WHERE k BETWEEN 5585437 AND 5585537
	Bitmap Heap Scan on sbtest7  (cost=5.51..420.88 rows=105 width=125)
	  Recheck Cond: ((k >= 5585437) AND (k <= 5585537))
	  ->  Bitmap Index Scan on k_7  (cost=0.00..5.48 rows=105 width=0)
	        Index Cond: ((k >= 5585437) AND (k <= 5585537))

table 8 : explain SELECT k, c FROM sbtest8 WHERE k BETWEEN 5585437 AND 5585537
	Bitmap Heap Scan on sbtest8  (cost=5.45..397.25 rows=99 width=125)
	  Recheck Cond: ((k >= 5585437) AND (k <= 5585537))
	  ->  Bitmap Index Scan on k_8  (cost=0.00..5.42 rows=99 width=0)
	        Index Cond: ((k >= 5585437) AND (k <= 5585537))

explain: for range-notcovered :: explain SELECT k, c FROM sbtest%d WHERE k BETWEEN 5585437 AND 5585537
for range-notcovered
table 1 : explain SELECT k, c FROM sbtest1 WHERE k BETWEEN 6125741 AND 6125841
	Bitmap Heap Scan on sbtest1  (cost=5.47..405.13 rows=101 width=125)
	  Recheck Cond: ((k >= 6125741) AND (k <= 6125841))
	  ->  Bitmap Index Scan on k_1  (cost=0.00..5.44 rows=101 width=0)
	        Index Cond: ((k >= 6125741) AND (k <= 6125841))

table 2 : explain SELECT k, c FROM sbtest2 WHERE k BETWEEN 6125741 AND 6125841
	Bitmap Heap Scan on sbtest2  (cost=5.54..432.69 rows=108 width=125)
	  Recheck Cond: ((k >= 6125741) AND (k <= 6125841))
	  ->  Bitmap Index Scan on k_2  (cost=0.00..5.51 rows=108 width=0)
	        Index Cond: ((k >= 6125741) AND (k <= 6125841))

table 3 : explain SELECT k, c FROM sbtest3 WHERE k BETWEEN 6125741 AND 6125841
	Bitmap Heap Scan on sbtest3  (cost=5.46..401.19 rows=100 width=125)
	  Recheck Cond: ((k >= 6125741) AND (k <= 6125841))
	  ->  Bitmap Index Scan on k_3  (cost=0.00..5.43 rows=100 width=0)
	        Index Cond: ((k >= 6125741) AND (k <= 6125841))

table 4 : explain SELECT k, c FROM sbtest4 WHERE k BETWEEN 6125741 AND 6125841
	Bitmap Heap Scan on sbtest4  (cost=5.33..349.95 rows=87 width=125)
	  Recheck Cond: ((k >= 6125741) AND (k <= 6125841))
	  ->  Bitmap Index Scan on k_4  (cost=0.00..5.30 rows=87 width=0)
	        Index Cond: ((k >= 6125741) AND (k <= 6125841))

table 5 : explain SELECT k, c FROM sbtest5 WHERE k BETWEEN 6125741 AND 6125841
	Bitmap Heap Scan on sbtest5  (cost=5.42..385.43 rows=96 width=125)
	  Recheck Cond: ((k >= 6125741) AND (k <= 6125841))
	  ->  Bitmap Index Scan on k_5  (cost=0.00..5.39 rows=96 width=0)
	        Index Cond: ((k >= 6125741) AND (k <= 6125841))

table 6 : explain SELECT k, c FROM sbtest6 WHERE k BETWEEN 6125741 AND 6125841
	Bitmap Heap Scan on sbtest6  (cost=5.43..389.37 rows=97 width=125)
	  Recheck Cond: ((k >= 6125741) AND (k <= 6125841))
	  ->  Bitmap Index Scan on k_6  (cost=0.00..5.40 rows=97 width=0)
	        Index Cond: ((k >= 6125741) AND (k <= 6125841))

table 7 : explain SELECT k, c FROM sbtest7 WHERE k BETWEEN 6125741 AND 6125841
	Bitmap Heap Scan on sbtest7  (cost=5.42..385.43 rows=96 width=125)
	  Recheck Cond: ((k >= 6125741) AND (k <= 6125841))
	  ->  Bitmap Index Scan on k_7  (cost=0.00..5.39 rows=96 width=0)
	        Index Cond: ((k >= 6125741) AND (k <= 6125841))

table 8 : explain SELECT k, c FROM sbtest8 WHERE k BETWEEN 6125741 AND 6125841
	Bitmap Heap Scan on sbtest8  (cost=5.56..440.56 rows=110 width=125)
	  Recheck Cond: ((k >= 6125741) AND (k <= 6125841))
	  ->  Bitmap Index Scan on k_8  (cost=0.00..5.53 rows=110 width=0)
	        Index Cond: ((k >= 6125741) AND (k <= 6125841))

for range-notcovered
table 1 : explain SELECT k, c FROM sbtest1 WHERE k BETWEEN 5898394 AND 5898494
	Bitmap Heap Scan on sbtest1  (cost=5.52..424.81 rows=106 width=125)
	  Recheck Cond: ((k >= 5898394) AND (k <= 5898494))
	  ->  Bitmap Index Scan on k_1  (cost=0.00..5.50 rows=106 width=0)
	        Index Cond: ((k >= 5898394) AND (k <= 5898494))

table 2 : explain SELECT k, c FROM sbtest2 WHERE k BETWEEN 5898394 AND 5898494
	Bitmap Heap Scan on sbtest2  (cost=5.53..428.75 rows=107 width=125)
	  Recheck Cond: ((k >= 5898394) AND (k <= 5898494))
	  ->  Bitmap Index Scan on k_2  (cost=0.00..5.50 rows=107 width=0)
	        Index Cond: ((k >= 5898394) AND (k <= 5898494))

table 3 : explain SELECT k, c FROM sbtest3 WHERE k BETWEEN 5898394 AND 5898494
	Bitmap Heap Scan on sbtest3  (cost=5.43..389.37 rows=97 width=125)
	  Recheck Cond: ((k >= 5898394) AND (k <= 5898494))
	  ->  Bitmap Index Scan on k_3  (cost=0.00..5.40 rows=97 width=0)
	        Index Cond: ((k >= 5898394) AND (k <= 5898494))

table 4 : explain SELECT k, c FROM sbtest4 WHERE k BETWEEN 5898394 AND 5898494
	Bitmap Heap Scan on sbtest4  (cost=5.50..416.94 rows=104 width=125)
	  Recheck Cond: ((k >= 5898394) AND (k <= 5898494))
	  ->  Bitmap Index Scan on k_4  (cost=0.00..5.47 rows=104 width=0)
	        Index Cond: ((k >= 5898394) AND (k <= 5898494))

table 5 : explain SELECT k, c FROM sbtest5 WHERE k BETWEEN 5898394 AND 5898494
	Bitmap Heap Scan on sbtest5  (cost=5.48..409.07 rows=102 width=125)
	  Recheck Cond: ((k >= 5898394) AND (k <= 5898494))
	  ->  Bitmap Index Scan on k_5  (cost=0.00..5.45 rows=102 width=0)
	        Index Cond: ((k >= 5898394) AND (k <= 5898494))

table 6 : explain SELECT k, c FROM sbtest6 WHERE k BETWEEN 5898394 AND 5898494
	Bitmap Heap Scan on sbtest6  (cost=5.54..432.69 rows=108 width=125)
	  Recheck Cond: ((k >= 5898394) AND (k <= 5898494))
	  ->  Bitmap Index Scan on k_6  (cost=0.00..5.51 rows=108 width=0)
	        Index Cond: ((k >= 5898394) AND (k <= 5898494))

table 7 : explain SELECT k, c FROM sbtest7 WHERE k BETWEEN 5898394 AND 5898494
	Bitmap Heap Scan on sbtest7  (cost=5.45..397.25 rows=99 width=125)
	  Recheck Cond: ((k >= 5898394) AND (k <= 5898494))
	  ->  Bitmap Index Scan on k_7  (cost=0.00..5.42 rows=99 width=0)
	        Index Cond: ((k >= 5898394) AND (k <= 5898494))

table 8 : explain SELECT k, c FROM sbtest8 WHERE k BETWEEN 5898394 AND 5898494
	Bitmap Heap Scan on sbtest8  (cost=5.44..393.31 rows=98 width=125)
	  Recheck Cond: ((k >= 5898394) AND (k <= 5898494))
	  ->  Bitmap Index Scan on k_8  (cost=0.00..5.42 rows=98 width=0)
	        Index Cond: ((k >= 5898394) AND (k <= 5898494))

explain: for range-notcovered :: explain SELECT k, c FROM sbtest%d WHERE k BETWEEN 6125741 AND 6125841
for range-notcovered
table 1 : explain SELECT k, c FROM sbtest1 WHERE k BETWEEN 2891309 AND 2891409
	Bitmap Heap Scan on sbtest1  (cost=5.43..389.37 rows=97 width=125)
	  Recheck Cond: ((k >= 2891309) AND (k <= 2891409))
	  ->  Bitmap Index Scan on k_1  (cost=0.00..5.40 rows=97 width=0)
	        Index Cond: ((k >= 2891309) AND (k <= 2891409))

table 2 : explain SELECT k, c FROM sbtest2 WHERE k BETWEEN 2891309 AND 2891409
	Bitmap Heap Scan on sbtest2  (cost=5.39..373.61 rows=93 width=125)
	  Recheck Cond: ((k >= 2891309) AND (k <= 2891409))
	  ->  Bitmap Index Scan on k_2  (cost=0.00..5.36 rows=93 width=0)
	        Index Cond: ((k >= 2891309) AND (k <= 2891409))

table 3 : explain SELECT k, c FROM sbtest3 WHERE k BETWEEN 2891309 AND 2891409
	Bitmap Heap Scan on sbtest3  (cost=5.55..436.62 rows=109 width=125)
	  Recheck Cond: ((k >= 2891309) AND (k <= 2891409))
	  ->  Bitmap Index Scan on k_3  (cost=0.00..5.52 rows=109 width=0)
	        Index Cond: ((k >= 2891309) AND (k <= 2891409))

table 4 : explain SELECT k, c FROM sbtest4 WHERE k BETWEEN 2891309 AND 2891409
	Bitmap Heap Scan on sbtest4  (cost=5.55..436.62 rows=109 width=125)
	  Recheck Cond: ((k >= 2891309) AND (k <= 2891409))
	  ->  Bitmap Index Scan on k_4  (cost=0.00..5.52 rows=109 width=0)
	        Index Cond: ((k >= 2891309) AND (k <= 2891409))

table 5 : explain SELECT k, c FROM sbtest5 WHERE k BETWEEN 2891309 AND 2891409
	Bitmap Heap Scan on sbtest5  (cost=5.52..424.81 rows=106 width=125)
	  Recheck Cond: ((k >= 2891309) AND (k <= 2891409))
	  ->  Bitmap Index Scan on k_5  (cost=0.00..5.50 rows=106 width=0)
	        Index Cond: ((k >= 2891309) AND (k <= 2891409))

table 6 : explain SELECT k, c FROM sbtest6 WHERE k BETWEEN 2891309 AND 2891409
	Bitmap Heap Scan on sbtest6  (cost=5.46..401.19 rows=100 width=125)
	  Recheck Cond: ((k >= 2891309) AND (k <= 2891409))
	  ->  Bitmap Index Scan on k_6  (cost=0.00..5.43 rows=100 width=0)
	        Index Cond: ((k >= 2891309) AND (k <= 2891409))

table 7 : explain SELECT k, c FROM sbtest7 WHERE k BETWEEN 2891309 AND 2891409
	Bitmap Heap Scan on sbtest7  (cost=5.52..424.81 rows=106 width=125)
	  Recheck Cond: ((k >= 2891309) AND (k <= 2891409))
	  ->  Bitmap Index Scan on k_7  (cost=0.00..5.50 rows=106 width=0)
	        Index Cond: ((k >= 2891309) AND (k <= 2891409))

table 8 : explain SELECT k, c FROM sbtest8 WHERE k BETWEEN 2891309 AND 2891409
	Bitmap Heap Scan on sbtest8  (cost=5.48..409.07 rows=102 width=125)
	  Recheck Cond: ((k >= 2891309) AND (k <= 2891409))
	  ->  Bitmap Index Scan on k_8  (cost=0.00..5.45 rows=102 width=0)
	        Index Cond: ((k >= 2891309) AND (k <= 2891409))

explain: for range-notcovered :: explain SELECT k, c FROM sbtest%d WHERE k BETWEEN 5898394 AND 5898494
explain: for range-notcovered :: explain SELECT k, c FROM sbtest%d WHERE k BETWEEN 2891309 AND 2891409
for range-notcovered
table 1 : explain SELECT k, c FROM sbtest1 WHERE k BETWEEN 5666615 AND 5666715
	Bitmap Heap Scan on sbtest1  (cost=5.51..420.88 rows=105 width=125)
	  Recheck Cond: ((k >= 5666615) AND (k <= 5666715))
	  ->  Bitmap Index Scan on k_1  (cost=0.00..5.48 rows=105 width=0)
	        Index Cond: ((k >= 5666615) AND (k <= 5666715))

table 2 : explain SELECT k, c FROM sbtest2 WHERE k BETWEEN 5666615 AND 5666715
	Bitmap Heap Scan on sbtest2  (cost=5.40..377.55 rows=94 width=125)
	  Recheck Cond: ((k >= 5666615) AND (k <= 5666715))
	  ->  Bitmap Index Scan on k_2  (cost=0.00..5.38 rows=94 width=0)
	        Index Cond: ((k >= 5666615) AND (k <= 5666715))

table 3 : explain SELECT k, c FROM sbtest3 WHERE k BETWEEN 5666615 AND 5666715
	Bitmap Heap Scan on sbtest3  (cost=5.47..405.13 rows=101 width=125)
	  Recheck Cond: ((k >= 5666615) AND (k <= 5666715))
	  ->  Bitmap Index Scan on k_3  (cost=0.00..5.44 rows=101 width=0)
	        Index Cond: ((k >= 5666615) AND (k <= 5666715))

table 4 : explain SELECT k, c FROM sbtest4 WHERE k BETWEEN 5666615 AND 5666715
	Bitmap Heap Scan on sbtest4  (cost=5.48..409.07 rows=102 width=125)
	  Recheck Cond: ((k >= 5666615) AND (k <= 5666715))
	  ->  Bitmap Index Scan on k_4  (cost=0.00..5.45 rows=102 width=0)
	        Index Cond: ((k >= 5666615) AND (k <= 5666715))

table 5 : explain SELECT k, c FROM sbtest5 WHERE k BETWEEN 5666615 AND 5666715
	Bitmap Heap Scan on sbtest5  (cost=5.42..385.43 rows=96 width=125)
	  Recheck Cond: ((k >= 5666615) AND (k <= 5666715))
	  ->  Bitmap Index Scan on k_5  (cost=0.00..5.39 rows=96 width=0)
	        Index Cond: ((k >= 5666615) AND (k <= 5666715))

table 6 : explain SELECT k, c FROM sbtest6 WHERE k BETWEEN 5666615 AND 5666715
	Bitmap Heap Scan on sbtest6  (cost=5.49..413.00 rows=103 width=125)
	  Recheck Cond: ((k >= 5666615) AND (k <= 5666715))
	  ->  Bitmap Index Scan on k_6  (cost=0.00..5.46 rows=103 width=0)
	        Index Cond: ((k >= 5666615) AND (k <= 5666715))

table 7 : explain SELECT k, c FROM sbtest7 WHERE k BETWEEN 5666615 AND 5666715
	Bitmap Heap Scan on sbtest7  (cost=5.48..409.07 rows=102 width=125)
	  Recheck Cond: ((k >= 5666615) AND (k <= 5666715))
	  ->  Bitmap Index Scan on k_7  (cost=0.00..5.45 rows=102 width=0)
	        Index Cond: ((k >= 5666615) AND (k <= 5666715))

table 8 : explain SELECT k, c FROM sbtest8 WHERE k BETWEEN 5666615 AND 5666715
	Bitmap Heap Scan on sbtest8  (cost=5.49..413.00 rows=103 width=125)
	  Recheck Cond: ((k >= 5666615) AND (k <= 5666715))
	  ->  Bitmap Index Scan on k_8  (cost=0.00..5.46 rows=103 width=0)
	        Index Cond: ((k >= 5666615) AND (k <= 5666715))

explain: for range-notcovered :: explain SELECT k, c FROM sbtest%d WHERE k BETWEEN 5666615 AND 5666715
for range-notcovered
table 1 : explain SELECT k, c FROM sbtest1 WHERE k BETWEEN 5585437 AND 5585537
	Bitmap Heap Scan on sbtest1  (cost=5.50..416.94 rows=104 width=125)
	  Recheck Cond: ((k >= 5585437) AND (k <= 5585537))
	  ->  Bitmap Index Scan on k_1  (cost=0.00..5.47 rows=104 width=0)
	        Index Cond: ((k >= 5585437) AND (k <= 5585537))

table 2 : explain SELECT k, c FROM sbtest2 WHERE k BETWEEN 5585437 AND 5585537
	Bitmap Heap Scan on sbtest2  (cost=5.56..440.56 rows=110 width=125)
	  Recheck Cond: ((k >= 5585437) AND (k <= 5585537))
	  ->  Bitmap Index Scan on k_2  (cost=0.00..5.53 rows=110 width=0)
	        Index Cond: ((k >= 5585437) AND (k <= 5585537))

table 3 : explain SELECT k, c FROM sbtest3 WHERE k BETWEEN 5585437 AND 5585537
	Bitmap Heap Scan on sbtest3  (cost=5.50..416.94 rows=104 width=125)
	  Recheck Cond: ((k >= 5585437) AND (k <= 5585537))
	  ->  Bitmap Index Scan on k_3  (cost=0.00..5.47 rows=104 width=0)
	        Index Cond: ((k >= 5585437) AND (k <= 5585537))

table 4 : explain SELECT k, c FROM sbtest4 WHERE k BETWEEN 5585437 AND 5585537
	Bitmap Heap Scan on sbtest4  (cost=5.42..385.43 rows=96 width=125)
	  Recheck Cond: ((k >= 5585437) AND (k <= 5585537))
	  ->  Bitmap Index Scan on k_4  (cost=0.00..5.39 rows=96 width=0)
	        Index Cond: ((k >= 5585437) AND (k <= 5585537))

table 5 : explain SELECT k, c FROM sbtest5 WHERE k BETWEEN 5585437 AND 5585537
	Bitmap Heap Scan on sbtest5  (cost=5.49..413.00 rows=103 width=125)
	  Recheck Cond: ((k >= 5585437) AND (k <= 5585537))
	  ->  Bitmap Index Scan on k_5  (cost=0.00..5.46 rows=103 width=0)
	        Index Cond: ((k >= 5585437) AND (k <= 5585537))

table 6 : explain SELECT k, c FROM sbtest6 WHERE k BETWEEN 5585437 AND 5585537
	Bitmap Heap Scan on sbtest6  (cost=5.41..381.49 rows=95 width=125)
	  Recheck Cond: ((k >= 5585437) AND (k <= 5585537))
	  ->  Bitmap Index Scan on k_6  (cost=0.00..5.38 rows=95 width=0)
	        Index Cond: ((k >= 5585437) AND (k <= 5585537))

table 7 : explain SELECT k, c FROM sbtest7 WHERE k BETWEEN 5585437 AND 5585537
	Bitmap Heap Scan on sbtest7  (cost=5.51..420.88 rows=105 width=125)
	  Recheck Cond: ((k >= 5585437) AND (k <= 5585537))
	  ->  Bitmap Index Scan on k_7  (cost=0.00..5.48 rows=105 width=0)
	        Index Cond: ((k >= 5585437) AND (k <= 5585537))

table 8 : explain SELECT k, c FROM sbtest8 WHERE k BETWEEN 5585437 AND 5585537
	Bitmap Heap Scan on sbtest8  (cost=5.45..397.25 rows=99 width=125)
	  Recheck Cond: ((k >= 5585437) AND (k <= 5585537))
	  ->  Bitmap Index Scan on k_8  (cost=0.00..5.42 rows=99 width=0)
	        Index Cond: ((k >= 5585437) AND (k <= 5585537))

explain: for range-notcovered :: explain SELECT k, c FROM sbtest%d WHERE k BETWEEN 5585437 AND 5585537
for range-notcovered
table 1 : explain SELECT k, c FROM sbtest1 WHERE k BETWEEN 6261470 AND 6261570
	Bitmap Heap Scan on sbtest1  (cost=5.49..413.00 rows=103 width=125)
	  Recheck Cond: ((k >= 6261470) AND (k <= 6261570))
	  ->  Bitmap Index Scan on k_1  (cost=0.00..5.46 rows=103 width=0)
	        Index Cond: ((k >= 6261470) AND (k <= 6261570))

table 2 : explain SELECT k, c FROM sbtest2 WHERE k BETWEEN 6261470 AND 6261570
	Bitmap Heap Scan on sbtest2  (cost=5.51..420.88 rows=105 width=125)
	  Recheck Cond: ((k >= 6261470) AND (k <= 6261570))
	  ->  Bitmap Index Scan on k_2  (cost=0.00..5.48 rows=105 width=0)
	        Index Cond: ((k >= 6261470) AND (k <= 6261570))

table 3 : explain SELECT k, c FROM sbtest3 WHERE k BETWEEN 6261470 AND 6261570
	Bitmap Heap Scan on sbtest3  (cost=5.47..405.13 rows=101 width=125)
	  Recheck Cond: ((k >= 6261470) AND (k <= 6261570))
	  ->  Bitmap Index Scan on k_3  (cost=0.00..5.44 rows=101 width=0)
	        Index Cond: ((k >= 6261470) AND (k <= 6261570))

table 4 : explain SELECT k, c FROM sbtest4 WHERE k BETWEEN 6261470 AND 6261570
	Bitmap Heap Scan on sbtest4  (cost=5.55..436.62 rows=109 width=125)
	  Recheck Cond: ((k >= 6261470) AND (k <= 6261570))
	  ->  Bitmap Index Scan on k_4  (cost=0.00..5.52 rows=109 width=0)
	        Index Cond: ((k >= 6261470) AND (k <= 6261570))

table 5 : explain SELECT k, c FROM sbtest5 WHERE k BETWEEN 6261470 AND 6261570
	Bitmap Heap Scan on sbtest5  (cost=5.47..405.13 rows=101 width=125)
	  Recheck Cond: ((k >= 6261470) AND (k <= 6261570))
	  ->  Bitmap Index Scan on k_5  (cost=0.00..5.44 rows=101 width=0)
	        Index Cond: ((k >= 6261470) AND (k <= 6261570))

table 6 : explain SELECT k, c FROM sbtest6 WHERE k BETWEEN 6261470 AND 6261570
	Bitmap Heap Scan on sbtest6  (cost=5.55..436.62 rows=109 width=125)
	  Recheck Cond: ((k >= 6261470) AND (k <= 6261570))
	  ->  Bitmap Index Scan on k_6  (cost=0.00..5.52 rows=109 width=0)
	        Index Cond: ((k >= 6261470) AND (k <= 6261570))

table 7 : explain SELECT k, c FROM sbtest7 WHERE k BETWEEN 6261470 AND 6261570
	Bitmap Heap Scan on sbtest7  (cost=5.48..409.07 rows=102 width=125)
	  Recheck Cond: ((k >= 6261470) AND (k <= 6261570))
	  ->  Bitmap Index Scan on k_7  (cost=0.00..5.45 rows=102 width=0)
	        Index Cond: ((k >= 6261470) AND (k <= 6261570))

table 8 : explain SELECT k, c FROM sbtest8 WHERE k BETWEEN 6261470 AND 6261570
	Bitmap Heap Scan on sbtest8  (cost=5.40..377.55 rows=94 width=125)
	  Recheck Cond: ((k >= 6261470) AND (k <= 6261570))
	  ->  Bitmap Index Scan on k_8  (cost=0.00..5.38 rows=94 width=0)
	        Index Cond: ((k >= 6261470) AND (k <= 6261570))

for range-notcovered
table 1 : explain SELECT k, c FROM sbtest1 WHERE k BETWEEN 2891309 AND 2891409
	Bitmap Heap Scan on sbtest1  (cost=5.43..389.37 rows=97 width=125)
	  Recheck Cond: ((k >= 2891309) AND (k <= 2891409))
	  ->  Bitmap Index Scan on k_1  (cost=0.00..5.40 rows=97 width=0)
	        Index Cond: ((k >= 2891309) AND (k <= 2891409))

table 2 : explain SELECT k, c FROM sbtest2 WHERE k BETWEEN 2891309 AND 2891409
	Bitmap Heap Scan on sbtest2  (cost=5.39..373.61 rows=93 width=125)
	  Recheck Cond: ((k >= 2891309) AND (k <= 2891409))
	  ->  Bitmap Index Scan on k_2  (cost=0.00..5.36 rows=93 width=0)
	        Index Cond: ((k >= 2891309) AND (k <= 2891409))

table 3 : explain SELECT k, c FROM sbtest3 WHERE k BETWEEN 2891309 AND 2891409
	Bitmap Heap Scan on sbtest3  (cost=5.55..436.62 rows=109 width=125)
	  Recheck Cond: ((k >= 2891309) AND (k <= 2891409))
	  ->  Bitmap Index Scan on k_3  (cost=0.00..5.52 rows=109 width=0)
	        Index Cond: ((k >= 2891309) AND (k <= 2891409))

table 4 : explain SELECT k, c FROM sbtest4 WHERE k BETWEEN 2891309 AND 2891409
	Bitmap Heap Scan on sbtest4  (cost=5.55..436.62 rows=109 width=125)
	  Recheck Cond: ((k >= 2891309) AND (k <= 2891409))
	  ->  Bitmap Index Scan on k_4  (cost=0.00..5.52 rows=109 width=0)
	        Index Cond: ((k >= 2891309) AND (k <= 2891409))

table 5 : explain SELECT k, c FROM sbtest5 WHERE k BETWEEN 2891309 AND 2891409
	Bitmap Heap Scan on sbtest5  (cost=5.52..424.81 rows=106 width=125)
	  Recheck Cond: ((k >= 2891309) AND (k <= 2891409))
	  ->  Bitmap Index Scan on k_5  (cost=0.00..5.50 rows=106 width=0)
	        Index Cond: ((k >= 2891309) AND (k <= 2891409))

table 6 : explain SELECT k, c FROM sbtest6 WHERE k BETWEEN 2891309 AND 2891409
	Bitmap Heap Scan on sbtest6  (cost=5.46..401.19 rows=100 width=125)
	  Recheck Cond: ((k >= 2891309) AND (k <= 2891409))
	  ->  Bitmap Index Scan on k_6  (cost=0.00..5.43 rows=100 width=0)
	        Index Cond: ((k >= 2891309) AND (k <= 2891409))

table 7 : explain SELECT k, c FROM sbtest7 WHERE k BETWEEN 2891309 AND 2891409
	Bitmap Heap Scan on sbtest7  (cost=5.52..424.81 rows=106 width=125)
	  Recheck Cond: ((k >= 2891309) AND (k <= 2891409))
	  ->  Bitmap Index Scan on k_7  (cost=0.00..5.50 rows=106 width=0)
	        Index Cond: ((k >= 2891309) AND (k <= 2891409))

table 8 : explain SELECT k, c FROM sbtest8 WHERE k BETWEEN 2891309 AND 2891409
	Bitmap Heap Scan on sbtest8  (cost=5.48..409.07 rows=102 width=125)
	  Recheck Cond: ((k >= 2891309) AND (k <= 2891409))
	  ->  Bitmap Index Scan on k_8  (cost=0.00..5.45 rows=102 width=0)
	        Index Cond: ((k >= 2891309) AND (k <= 2891409))

for range-notcovered
table 1 : explain SELECT k, c FROM sbtest1 WHERE k BETWEEN 5898394 AND 5898494
	Bitmap Heap Scan on sbtest1  (cost=5.52..424.81 rows=106 width=125)
	  Recheck Cond: ((k >= 5898394) AND (k <= 5898494))
	  ->  Bitmap Index Scan on k_1  (cost=0.00..5.50 rows=106 width=0)
	        Index Cond: ((k >= 5898394) AND (k <= 5898494))

table 2 : explain SELECT k, c FROM sbtest2 WHERE k BETWEEN 5898394 AND 5898494
	Bitmap Heap Scan on sbtest2  (cost=5.53..428.75 rows=107 width=125)
	  Recheck Cond: ((k >= 5898394) AND (k <= 5898494))
	  ->  Bitmap Index Scan on k_2  (cost=0.00..5.50 rows=107 width=0)
	        Index Cond: ((k >= 5898394) AND (k <= 5898494))

table 3 : explain SELECT k, c FROM sbtest3 WHERE k BETWEEN 5898394 AND 5898494
	Bitmap Heap Scan on sbtest3  (cost=5.43..389.37 rows=97 width=125)
	  Recheck Cond: ((k >= 5898394) AND (k <= 5898494))
	  ->  Bitmap Index Scan on k_3  (cost=0.00..5.40 rows=97 width=0)
	        Index Cond: ((k >= 5898394) AND (k <= 5898494))

table 4 : explain SELECT k, c FROM sbtest4 WHERE k BETWEEN 5898394 AND 5898494
	Bitmap Heap Scan on sbtest4  (cost=5.50..416.94 rows=104 width=125)
	  Recheck Cond: ((k >= 5898394) AND (k <= 5898494))
	  ->  Bitmap Index Scan on k_4  (cost=0.00..5.47 rows=104 width=0)
	        Index Cond: ((k >= 5898394) AND (k <= 5898494))

table 5 : explain SELECT k, c FROM sbtest5 WHERE k BETWEEN 5898394 AND 5898494
	Bitmap Heap Scan on sbtest5  (cost=5.48..409.07 rows=102 width=125)
	  Recheck Cond: ((k >= 5898394) AND (k <= 5898494))
	  ->  Bitmap Index Scan on k_5  (cost=0.00..5.45 rows=102 width=0)
	        Index Cond: ((k >= 5898394) AND (k <= 5898494))

table 6 : explain SELECT k, c FROM sbtest6 WHERE k BETWEEN 5898394 AND 5898494
	Bitmap Heap Scan on sbtest6  (cost=5.54..432.69 rows=108 width=125)
	  Recheck Cond: ((k >= 5898394) AND (k <= 5898494))
	  ->  Bitmap Index Scan on k_6  (cost=0.00..5.51 rows=108 width=0)
	        Index Cond: ((k >= 5898394) AND (k <= 5898494))

table 7 : explain SELECT k, c FROM sbtest7 WHERE k BETWEEN 5898394 AND 5898494
	Bitmap Heap Scan on sbtest7  (cost=5.45..397.25 rows=99 width=125)
	  Recheck Cond: ((k >= 5898394) AND (k <= 5898494))
	  ->  Bitmap Index Scan on k_7  (cost=0.00..5.42 rows=99 width=0)
	        Index Cond: ((k >= 5898394) AND (k <= 5898494))

table 8 : explain SELECT k, c FROM sbtest8 WHERE k BETWEEN 5898394 AND 5898494
	Bitmap Heap Scan on sbtest8  (cost=5.44..393.31 rows=98 width=125)
	  Recheck Cond: ((k >= 5898394) AND (k <= 5898494))
	  ->  Bitmap Index Scan on k_8  (cost=0.00..5.42 rows=98 width=0)
	        Index Cond: ((k >= 5898394) AND (k <= 5898494))

explain: for range-notcovered :: explain SELECT k, c FROM sbtest%d WHERE k BETWEEN 6261470 AND 6261570
for range-notcovered
table 1 : explain SELECT k, c FROM sbtest1 WHERE k BETWEEN 6125741 AND 6125841
	Bitmap Heap Scan on sbtest1  (cost=5.47..405.13 rows=101 width=125)
	  Recheck Cond: ((k >= 6125741) AND (k <= 6125841))
	  ->  Bitmap Index Scan on k_1  (cost=0.00..5.44 rows=101 width=0)
	        Index Cond: ((k >= 6125741) AND (k <= 6125841))

table 2 : explain SELECT k, c FROM sbtest2 WHERE k BETWEEN 6125741 AND 6125841
	Bitmap Heap Scan on sbtest2  (cost=5.54..432.69 rows=108 width=125)
	  Recheck Cond: ((k >= 6125741) AND (k <= 6125841))
	  ->  Bitmap Index Scan on k_2  (cost=0.00..5.51 rows=108 width=0)
	        Index Cond: ((k >= 6125741) AND (k <= 6125841))

table 3 : explain SELECT k, c FROM sbtest3 WHERE k BETWEEN 6125741 AND 6125841
	Bitmap Heap Scan on sbtest3  (cost=5.46..401.19 rows=100 width=125)
	  Recheck Cond: ((k >= 6125741) AND (k <= 6125841))
	  ->  Bitmap Index Scan on k_3  (cost=0.00..5.43 rows=100 width=0)
	        Index Cond: ((k >= 6125741) AND (k <= 6125841))

table 4 : explain SELECT k, c FROM sbtest4 WHERE k BETWEEN 6125741 AND 6125841
	Bitmap Heap Scan on sbtest4  (cost=5.33..349.95 rows=87 width=125)
	  Recheck Cond: ((k >= 6125741) AND (k <= 6125841))
	  ->  Bitmap Index Scan on k_4  (cost=0.00..5.30 rows=87 width=0)
	        Index Cond: ((k >= 6125741) AND (k <= 6125841))

table 5 : explain SELECT k, c FROM sbtest5 WHERE k BETWEEN 6125741 AND 6125841
	Bitmap Heap Scan on sbtest5  (cost=5.42..385.43 rows=96 width=125)
	  Recheck Cond: ((k >= 6125741) AND (k <= 6125841))
	  ->  Bitmap Index Scan on k_5  (cost=0.00..5.39 rows=96 width=0)
	        Index Cond: ((k >= 6125741) AND (k <= 6125841))

table 6 : explain SELECT k, c FROM sbtest6 WHERE k BETWEEN 6125741 AND 6125841
	Bitmap Heap Scan on sbtest6  (cost=5.43..389.37 rows=97 width=125)
	  Recheck Cond: ((k >= 6125741) AND (k <= 6125841))
	  ->  Bitmap Index Scan on k_6  (cost=0.00..5.40 rows=97 width=0)
	        Index Cond: ((k >= 6125741) AND (k <= 6125841))

table 7 : explain SELECT k, c FROM sbtest7 WHERE k BETWEEN 6125741 AND 6125841
	Bitmap Heap Scan on sbtest7  (cost=5.42..385.43 rows=96 width=125)
	  Recheck Cond: ((k >= 6125741) AND (k <= 6125841))
	  ->  Bitmap Index Scan on k_7  (cost=0.00..5.39 rows=96 width=0)
	        Index Cond: ((k >= 6125741) AND (k <= 6125841))

table 8 : explain SELECT k, c FROM sbtest8 WHERE k BETWEEN 6125741 AND 6125841
	Bitmap Heap Scan on sbtest8  (cost=5.56..440.56 rows=110 width=125)
	  Recheck Cond: ((k >= 6125741) AND (k <= 6125841))
	  ->  Bitmap Index Scan on k_8  (cost=0.00..5.53 rows=110 width=0)
	        Index Cond: ((k >= 6125741) AND (k <= 6125841))

explain: for range-notcovered :: explain SELECT k, c FROM sbtest%d WHERE k BETWEEN 2891309 AND 2891409
explain: for range-notcovered :: explain SELECT k, c FROM sbtest%d WHERE k BETWEEN 5898394 AND 5898494
explain: for range-notcovered :: explain SELECT k, c FROM sbtest%d WHERE k BETWEEN 6125741 AND 6125841
for range-notcovered
table 1 : explain SELECT k, c FROM sbtest1 WHERE k BETWEEN 5666615 AND 5666715
	Bitmap Heap Scan on sbtest1  (cost=5.51..420.88 rows=105 width=125)
	  Recheck Cond: ((k >= 5666615) AND (k <= 5666715))
	  ->  Bitmap Index Scan on k_1  (cost=0.00..5.48 rows=105 width=0)
	        Index Cond: ((k >= 5666615) AND (k <= 5666715))

table 2 : explain SELECT k, c FROM sbtest2 WHERE k BETWEEN 5666615 AND 5666715
	Bitmap Heap Scan on sbtest2  (cost=5.40..377.55 rows=94 width=125)
	  Recheck Cond: ((k >= 5666615) AND (k <= 5666715))
	  ->  Bitmap Index Scan on k_2  (cost=0.00..5.38 rows=94 width=0)
	        Index Cond: ((k >= 5666615) AND (k <= 5666715))

table 3 : explain SELECT k, c FROM sbtest3 WHERE k BETWEEN 5666615 AND 5666715
	Bitmap Heap Scan on sbtest3  (cost=5.47..405.13 rows=101 width=125)
	  Recheck Cond: ((k >= 5666615) AND (k <= 5666715))
	  ->  Bitmap Index Scan on k_3  (cost=0.00..5.44 rows=101 width=0)
	        Index Cond: ((k >= 5666615) AND (k <= 5666715))

table 4 : explain SELECT k, c FROM sbtest4 WHERE k BETWEEN 5666615 AND 5666715
	Bitmap Heap Scan on sbtest4  (cost=5.48..409.07 rows=102 width=125)
	  Recheck Cond: ((k >= 5666615) AND (k <= 5666715))
	  ->  Bitmap Index Scan on k_4  (cost=0.00..5.45 rows=102 width=0)
	        Index Cond: ((k >= 5666615) AND (k <= 5666715))

table 5 : explain SELECT k, c FROM sbtest5 WHERE k BETWEEN 5666615 AND 5666715
	Bitmap Heap Scan on sbtest5  (cost=5.42..385.43 rows=96 width=125)
	  Recheck Cond: ((k >= 5666615) AND (k <= 5666715))
	  ->  Bitmap Index Scan on k_5  (cost=0.00..5.39 rows=96 width=0)
	        Index Cond: ((k >= 5666615) AND (k <= 5666715))

table 6 : explain SELECT k, c FROM sbtest6 WHERE k BETWEEN 5666615 AND 5666715
	Bitmap Heap Scan on sbtest6  (cost=5.49..413.00 rows=103 width=125)
	  Recheck Cond: ((k >= 5666615) AND (k <= 5666715))
	  ->  Bitmap Index Scan on k_6  (cost=0.00..5.46 rows=103 width=0)
	        Index Cond: ((k >= 5666615) AND (k <= 5666715))

table 7 : explain SELECT k, c FROM sbtest7 WHERE k BETWEEN 5666615 AND 5666715
	Bitmap Heap Scan on sbtest7  (cost=5.48..409.07 rows=102 width=125)
	  Recheck Cond: ((k >= 5666615) AND (k <= 5666715))
	  ->  Bitmap Index Scan on k_7  (cost=0.00..5.45 rows=102 width=0)
	        Index Cond: ((k >= 5666615) AND (k <= 5666715))

table 8 : explain SELECT k, c FROM sbtest8 WHERE k BETWEEN 5666615 AND 5666715
	Bitmap Heap Scan on sbtest8  (cost=5.49..413.00 rows=103 width=125)
	  Recheck Cond: ((k >= 5666615) AND (k <= 5666715))
	  ->  Bitmap Index Scan on k_8  (cost=0.00..5.46 rows=103 width=0)
	        Index Cond: ((k >= 5666615) AND (k <= 5666715))

explain: for range-notcovered :: explain SELECT k, c FROM sbtest%d WHERE k BETWEEN 5666615 AND 5666715
for range-notcovered
table 1 : explain SELECT k, c FROM sbtest1 WHERE k BETWEEN 5585437 AND 5585537
	Bitmap Heap Scan on sbtest1  (cost=5.50..416.94 rows=104 width=125)
	  Recheck Cond: ((k >= 5585437) AND (k <= 5585537))
	  ->  Bitmap Index Scan on k_1  (cost=0.00..5.47 rows=104 width=0)
	        Index Cond: ((k >= 5585437) AND (k <= 5585537))

table 2 : explain SELECT k, c FROM sbtest2 WHERE k BETWEEN 5585437 AND 5585537
	Bitmap Heap Scan on sbtest2  (cost=5.56..440.56 rows=110 width=125)
	  Recheck Cond: ((k >= 5585437) AND (k <= 5585537))
	  ->  Bitmap Index Scan on k_2  (cost=0.00..5.53 rows=110 width=0)
	        Index Cond: ((k >= 5585437) AND (k <= 5585537))

table 3 : explain SELECT k, c FROM sbtest3 WHERE k BETWEEN 5585437 AND 5585537
	Bitmap Heap Scan on sbtest3  (cost=5.50..416.94 rows=104 width=125)
	  Recheck Cond: ((k >= 5585437) AND (k <= 5585537))
	  ->  Bitmap Index Scan on k_3  (cost=0.00..5.47 rows=104 width=0)
	        Index Cond: ((k >= 5585437) AND (k <= 5585537))

table 4 : explain SELECT k, c FROM sbtest4 WHERE k BETWEEN 5585437 AND 5585537
	Bitmap Heap Scan on sbtest4  (cost=5.42..385.43 rows=96 width=125)
	  Recheck Cond: ((k >= 5585437) AND (k <= 5585537))
	  ->  Bitmap Index Scan on k_4  (cost=0.00..5.39 rows=96 width=0)
	        Index Cond: ((k >= 5585437) AND (k <= 5585537))

table 5 : explain SELECT k, c FROM sbtest5 WHERE k BETWEEN 5585437 AND 5585537
	Bitmap Heap Scan on sbtest5  (cost=5.49..413.00 rows=103 width=125)
	  Recheck Cond: ((k >= 5585437) AND (k <= 5585537))
	  ->  Bitmap Index Scan on k_5  (cost=0.00..5.46 rows=103 width=0)
	        Index Cond: ((k >= 5585437) AND (k <= 5585537))

table 6 : explain SELECT k, c FROM sbtest6 WHERE k BETWEEN 5585437 AND 5585537
	Bitmap Heap Scan on sbtest6  (cost=5.41..381.49 rows=95 width=125)
	  Recheck Cond: ((k >= 5585437) AND (k <= 5585537))
	  ->  Bitmap Index Scan on k_6  (cost=0.00..5.38 rows=95 width=0)
	        Index Cond: ((k >= 5585437) AND (k <= 5585537))

table 7 : explain SELECT k, c FROM sbtest7 WHERE k BETWEEN 5585437 AND 5585537
	Bitmap Heap Scan on sbtest7  (cost=5.51..420.88 rows=105 width=125)
	  Recheck Cond: ((k >= 5585437) AND (k <= 5585537))
	  ->  Bitmap Index Scan on k_7  (cost=0.00..5.48 rows=105 width=0)
	        Index Cond: ((k >= 5585437) AND (k <= 5585537))

table 8 : explain SELECT k, c FROM sbtest8 WHERE k BETWEEN 5585437 AND 5585537
	Bitmap Heap Scan on sbtest8  (cost=5.45..397.25 rows=99 width=125)
	  Recheck Cond: ((k >= 5585437) AND (k <= 5585537))
	  ->  Bitmap Index Scan on k_8  (cost=0.00..5.42 rows=99 width=0)
	        Index Cond: ((k >= 5585437) AND (k <= 5585537))

explain: for range-notcovered :: explain SELECT k, c FROM sbtest%d WHERE k BETWEEN 5585437 AND 5585537
for range-notcovered
table 1 : explain SELECT k, c FROM sbtest1 WHERE k BETWEEN 2891309 AND 2891409
	Bitmap Heap Scan on sbtest1  (cost=5.43..389.37 rows=97 width=125)
	  Recheck Cond: ((k >= 2891309) AND (k <= 2891409))
	  ->  Bitmap Index Scan on k_1  (cost=0.00..5.40 rows=97 width=0)
	        Index Cond: ((k >= 2891309) AND (k <= 2891409))

table 2 : explain SELECT k, c FROM sbtest2 WHERE k BETWEEN 2891309 AND 2891409
	Bitmap Heap Scan on sbtest2  (cost=5.39..373.61 rows=93 width=125)
	  Recheck Cond: ((k >= 2891309) AND (k <= 2891409))
	  ->  Bitmap Index Scan on k_2  (cost=0.00..5.36 rows=93 width=0)
	        Index Cond: ((k >= 2891309) AND (k <= 2891409))

table 3 : explain SELECT k, c FROM sbtest3 WHERE k BETWEEN 2891309 AND 2891409
	Bitmap Heap Scan on sbtest3  (cost=5.55..436.62 rows=109 width=125)
	  Recheck Cond: ((k >= 2891309) AND (k <= 2891409))
	  ->  Bitmap Index Scan on k_3  (cost=0.00..5.52 rows=109 width=0)
	        Index Cond: ((k >= 2891309) AND (k <= 2891409))

table 4 : explain SELECT k, c FROM sbtest4 WHERE k BETWEEN 2891309 AND 2891409
	Bitmap Heap Scan on sbtest4  (cost=5.55..436.62 rows=109 width=125)
	  Recheck Cond: ((k >= 2891309) AND (k <= 2891409))
	  ->  Bitmap Index Scan on k_4  (cost=0.00..5.52 rows=109 width=0)
	        Index Cond: ((k >= 2891309) AND (k <= 2891409))

table 5 : explain SELECT k, c FROM sbtest5 WHERE k BETWEEN 2891309 AND 2891409
	Bitmap Heap Scan on sbtest5  (cost=5.52..424.81 rows=106 width=125)
	  Recheck Cond: ((k >= 2891309) AND (k <= 2891409))
	  ->  Bitmap Index Scan on k_5  (cost=0.00..5.50 rows=106 width=0)
	        Index Cond: ((k >= 2891309) AND (k <= 2891409))

table 6 : explain SELECT k, c FROM sbtest6 WHERE k BETWEEN 2891309 AND 2891409
	Bitmap Heap Scan on sbtest6  (cost=5.46..401.19 rows=100 width=125)
	  Recheck Cond: ((k >= 2891309) AND (k <= 2891409))
	  ->  Bitmap Index Scan on k_6  (cost=0.00..5.43 rows=100 width=0)
	        Index Cond: ((k >= 2891309) AND (k <= 2891409))

table 7 : explain SELECT k, c FROM sbtest7 WHERE k BETWEEN 2891309 AND 2891409
	Bitmap Heap Scan on sbtest7  (cost=5.52..424.81 rows=106 width=125)
	  Recheck Cond: ((k >= 2891309) AND (k <= 2891409))
	  ->  Bitmap Index Scan on k_7  (cost=0.00..5.50 rows=106 width=0)
	        Index Cond: ((k >= 2891309) AND (k <= 2891409))

table 8 : explain SELECT k, c FROM sbtest8 WHERE k BETWEEN 2891309 AND 2891409
	Bitmap Heap Scan on sbtest8  (cost=5.48..409.07 rows=102 width=125)
	  Recheck Cond: ((k >= 2891309) AND (k <= 2891409))
	  ->  Bitmap Index Scan on k_8  (cost=0.00..5.45 rows=102 width=0)
	        Index Cond: ((k >= 2891309) AND (k <= 2891409))

for range-notcovered
table 1 : explain SELECT k, c FROM sbtest1 WHERE k BETWEEN 5898394 AND 5898494
	Bitmap Heap Scan on sbtest1  (cost=5.52..424.81 rows=106 width=125)
	  Recheck Cond: ((k >= 5898394) AND (k <= 5898494))
	  ->  Bitmap Index Scan on k_1  (cost=0.00..5.50 rows=106 width=0)
	        Index Cond: ((k >= 5898394) AND (k <= 5898494))

table 2 : explain SELECT k, c FROM sbtest2 WHERE k BETWEEN 5898394 AND 5898494
	Bitmap Heap Scan on sbtest2  (cost=5.53..428.75 rows=107 width=125)
	  Recheck Cond: ((k >= 5898394) AND (k <= 5898494))
	  ->  Bitmap Index Scan on k_2  (cost=0.00..5.50 rows=107 width=0)
	        Index Cond: ((k >= 5898394) AND (k <= 5898494))

table 3 : explain SELECT k, c FROM sbtest3 WHERE k BETWEEN 5898394 AND 5898494
	Bitmap Heap Scan on sbtest3  (cost=5.43..389.37 rows=97 width=125)
	  Recheck Cond: ((k >= 5898394) AND (k <= 5898494))
	  ->  Bitmap Index Scan on k_3  (cost=0.00..5.40 rows=97 width=0)
	        Index Cond: ((k >= 5898394) AND (k <= 5898494))

table 4 : explain SELECT k, c FROM sbtest4 WHERE k BETWEEN 5898394 AND 5898494
	Bitmap Heap Scan on sbtest4  (cost=5.50..416.94 rows=104 width=125)
	  Recheck Cond: ((k >= 5898394) AND (k <= 5898494))
	  ->  Bitmap Index Scan on k_4  (cost=0.00..5.47 rows=104 width=0)
	        Index Cond: ((k >= 5898394) AND (k <= 5898494))

table 5 : explain SELECT k, c FROM sbtest5 WHERE k BETWEEN 5898394 AND 5898494
	Bitmap Heap Scan on sbtest5  (cost=5.48..409.07 rows=102 width=125)
	  Recheck Cond: ((k >= 5898394) AND (k <= 5898494))
	  ->  Bitmap Index Scan on k_5  (cost=0.00..5.45 rows=102 width=0)
	        Index Cond: ((k >= 5898394) AND (k <= 5898494))

table 6 : explain SELECT k, c FROM sbtest6 WHERE k BETWEEN 5898394 AND 5898494
	Bitmap Heap Scan on sbtest6  (cost=5.54..432.69 rows=108 width=125)
	  Recheck Cond: ((k >= 5898394) AND (k <= 5898494))
	  ->  Bitmap Index Scan on k_6  (cost=0.00..5.51 rows=108 width=0)
	        Index Cond: ((k >= 5898394) AND (k <= 5898494))

table 7 : explain SELECT k, c FROM sbtest7 WHERE k BETWEEN 5898394 AND 5898494
	Bitmap Heap Scan on sbtest7  (cost=5.45..397.25 rows=99 width=125)
	  Recheck Cond: ((k >= 5898394) AND (k <= 5898494))
	  ->  Bitmap Index Scan on k_7  (cost=0.00..5.42 rows=99 width=0)
	        Index Cond: ((k >= 5898394) AND (k <= 5898494))

table 8 : explain SELECT k, c FROM sbtest8 WHERE k BETWEEN 5898394 AND 5898494
	Bitmap Heap Scan on sbtest8  (cost=5.44..393.31 rows=98 width=125)
	  Recheck Cond: ((k >= 5898394) AND (k <= 5898494))
	  ->  Bitmap Index Scan on k_8  (cost=0.00..5.42 rows=98 width=0)
	        Index Cond: ((k >= 5898394) AND (k <= 5898494))

for range-notcovered
table 1 : explain SELECT k, c FROM sbtest1 WHERE k BETWEEN 6261470 AND 6261570
	Bitmap Heap Scan on sbtest1  (cost=5.49..413.00 rows=103 width=125)
	  Recheck Cond: ((k >= 6261470) AND (k <= 6261570))
	  ->  Bitmap Index Scan on k_1  (cost=0.00..5.46 rows=103 width=0)
	        Index Cond: ((k >= 6261470) AND (k <= 6261570))

table 2 : explain SELECT k, c FROM sbtest2 WHERE k BETWEEN 6261470 AND 6261570
	Bitmap Heap Scan on sbtest2  (cost=5.51..420.88 rows=105 width=125)
	  Recheck Cond: ((k >= 6261470) AND (k <= 6261570))
	  ->  Bitmap Index Scan on k_2  (cost=0.00..5.48 rows=105 width=0)
	        Index Cond: ((k >= 6261470) AND (k <= 6261570))

table 3 : explain SELECT k, c FROM sbtest3 WHERE k BETWEEN 6261470 AND 6261570
	Bitmap Heap Scan on sbtest3  (cost=5.47..405.13 rows=101 width=125)
	  Recheck Cond: ((k >= 6261470) AND (k <= 6261570))
	  ->  Bitmap Index Scan on k_3  (cost=0.00..5.44 rows=101 width=0)
	        Index Cond: ((k >= 6261470) AND (k <= 6261570))

table 4 : explain SELECT k, c FROM sbtest4 WHERE k BETWEEN 6261470 AND 6261570
	Bitmap Heap Scan on sbtest4  (cost=5.55..436.62 rows=109 width=125)
	  Recheck Cond: ((k >= 6261470) AND (k <= 6261570))
	  ->  Bitmap Index Scan on k_4  (cost=0.00..5.52 rows=109 width=0)
	        Index Cond: ((k >= 6261470) AND (k <= 6261570))

table 5 : explain SELECT k, c FROM sbtest5 WHERE k BETWEEN 6261470 AND 6261570
	Bitmap Heap Scan on sbtest5  (cost=5.47..405.13 rows=101 width=125)
	  Recheck Cond: ((k >= 6261470) AND (k <= 6261570))
	  ->  Bitmap Index Scan on k_5  (cost=0.00..5.44 rows=101 width=0)
	        Index Cond: ((k >= 6261470) AND (k <= 6261570))

table 6 : explain SELECT k, c FROM sbtest6 WHERE k BETWEEN 6261470 AND 6261570
	Bitmap Heap Scan on sbtest6  (cost=5.55..436.62 rows=109 width=125)
	  Recheck Cond: ((k >= 6261470) AND (k <= 6261570))
	  ->  Bitmap Index Scan on k_6  (cost=0.00..5.52 rows=109 width=0)
	        Index Cond: ((k >= 6261470) AND (k <= 6261570))

table 7 : explain SELECT k, c FROM sbtest7 WHERE k BETWEEN 6261470 AND 6261570
	Bitmap Heap Scan on sbtest7  (cost=5.48..409.07 rows=102 width=125)
	  Recheck Cond: ((k >= 6261470) AND (k <= 6261570))
	  ->  Bitmap Index Scan on k_7  (cost=0.00..5.45 rows=102 width=0)
	        Index Cond: ((k >= 6261470) AND (k <= 6261570))

table 8 : explain SELECT k, c FROM sbtest8 WHERE k BETWEEN 6261470 AND 6261570
	Bitmap Heap Scan on sbtest8  (cost=5.40..377.55 rows=94 width=125)
	  Recheck Cond: ((k >= 6261470) AND (k <= 6261570))
	  ->  Bitmap Index Scan on k_8  (cost=0.00..5.38 rows=94 width=0)
	        Index Cond: ((k >= 6261470) AND (k <= 6261570))

explain: for range-notcovered :: explain SELECT k, c FROM sbtest%d WHERE k BETWEEN 5898394 AND 5898494for range-notcovered
table 1 : explain SELECT k, c FROM sbtest1 WHERE k BETWEEN 6125741 AND 6125841
	Bitmap Heap Scan on sbtest1  (cost=5.47..405.13 rows=101 width=125)
	  Recheck Cond: ((k >= 6125741) AND (k <= 6125841))
	  ->  Bitmap Index Scan on k_1  (cost=0.00..5.44 rows=101 width=0)
	        Index Cond: ((k >= 6125741) AND (k <= 6125841))

table 2 : explain SELECT k, c FROM sbtest2 WHERE k BETWEEN 6125741 AND 6125841
	Bitmap Heap Scan on sbtest2  (cost=5.54..432.69 rows=108 width=125)
	  Recheck Cond: ((k >= 6125741) AND (k <= 6125841))
	  ->  Bitmap Index Scan on k_2  (cost=0.00..5.51 rows=108 width=0)
	        Index Cond: ((k >= 6125741) AND (k <= 6125841))

table 3 : explain SELECT k, c FROM sbtest3 WHERE k BETWEEN 6125741 AND 6125841
	Bitmap Heap Scan on sbtest3  (cost=5.46..401.19 rows=100 width=125)
	  Recheck Cond: ((k >= 6125741) AND (k <= 6125841))
	  ->  Bitmap Index Scan on k_3  (cost=0.00..5.43 rows=100 width=0)
	        Index Cond: ((k >= 6125741) AND (k <= 6125841))

table 4 : explain SELECT k, c FROM sbtest4 WHERE k BETWEEN 6125741 AND 6125841
	Bitmap Heap Scan on sbtest4  (cost=5.33..349.95 rows=87 width=125)
	  Recheck Cond: ((k >= 6125741) AND (k <= 6125841))
	  ->  Bitmap Index Scan on k_4  (cost=0.00..5.30 rows=87 width=0)
	        Index Cond: ((k >= 6125741) AND (k <= 6125841))

table 5 : explain SELECT k, c FROM sbtest5 WHERE k BETWEEN 6125741 AND 6125841
	Bitmap Heap Scan on sbtest5  (cost=5.42..385.43 rows=96 width=125)
	  Recheck Cond: ((k >= 6125741) AND (k <= 6125841))
	  ->  Bitmap Index Scan on k_5  (cost=0.00..5.39 rows=96 width=0)
	        Index Cond: ((k >= 6125741) AND (k <= 6125841))

table 6 : explain SELECT k, c FROM sbtest6 WHERE k BETWEEN 6125741 AND 6125841
	Bitmap Heap Scan on sbtest6  (cost=5.43..389.37 rows=97 width=125)
	  Recheck Cond: ((k >= 6125741) AND (k <= 6125841))
	  ->  Bitmap Index Scan on k_6  (cost=0.00..5.40 rows=97 width=0)
	        Index Cond: ((k >= 6125741) AND (k <= 6125841))

table 7 : explain SELECT k, c FROM sbtest7 WHERE k BETWEEN 6125741 AND 6125841
	Bitmap Heap Scan on sbtest7  (cost=5.42..385.43 rows=96 width=125)
	  Recheck Cond: ((k >= 6125741) AND (k <= 6125841))
	  ->  Bitmap Index Scan on k_7  (cost=0.00..5.39 rows=96 width=0)
	        Index Cond: ((k >= 6125741) AND (k <= 6125841))

table 8 : explain SELECT k, c FROM sbtest8 WHERE k BETWEEN 6125741 AND 6125841
	Bitmap Heap Scan on sbtest8  (cost=5.56..440.56 rows=110 width=125)
	  Recheck Cond: ((k >= 6125741) AND (k <= 6125841))
	  ->  Bitmap Index Scan on k_8  (cost=0.00..5.53 rows=110 width=0)
	        Index Cond: ((k >= 6125741) AND (k <= 6125841))


explain: for range-notcovered :: explain SELECT k, c FROM sbtest%d WHERE k BETWEEN 2891309 AND 2891409explain: for range-notcovered :: explain SELECT k, c FROM sbtest%d WHERE k BETWEEN 6261470 AND 6261570

for range-notcovered
table 1 : explain SELECT k, c FROM sbtest1 WHERE k BETWEEN 5666615 AND 5666715
	Bitmap Heap Scan on sbtest1  (cost=5.51..420.88 rows=105 width=125)
	  Recheck Cond: ((k >= 5666615) AND (k <= 5666715))
	  ->  Bitmap Index Scan on k_1  (cost=0.00..5.48 rows=105 width=0)
	        Index Cond: ((k >= 5666615) AND (k <= 5666715))

table 2 : explain SELECT k, c FROM sbtest2 WHERE k BETWEEN 5666615 AND 5666715
	Bitmap Heap Scan on sbtest2  (cost=5.40..377.55 rows=94 width=125)
	  Recheck Cond: ((k >= 5666615) AND (k <= 5666715))
	  ->  Bitmap Index Scan on k_2  (cost=0.00..5.38 rows=94 width=0)
	        Index Cond: ((k >= 5666615) AND (k <= 5666715))

table 3 : explain SELECT k, c FROM sbtest3 WHERE k BETWEEN 5666615 AND 5666715
	Bitmap Heap Scan on sbtest3  (cost=5.47..405.13 rows=101 width=125)
	  Recheck Cond: ((k >= 5666615) AND (k <= 5666715))
	  ->  Bitmap Index Scan on k_3  (cost=0.00..5.44 rows=101 width=0)
	        Index Cond: ((k >= 5666615) AND (k <= 5666715))

table 4 : explain SELECT k, c FROM sbtest4 WHERE k BETWEEN 5666615 AND 5666715
	Bitmap Heap Scan on sbtest4  (cost=5.48..409.07 rows=102 width=125)
	  Recheck Cond: ((k >= 5666615) AND (k <= 5666715))
	  ->  Bitmap Index Scan on k_4  (cost=0.00..5.45 rows=102 width=0)
	        Index Cond: ((k >= 5666615) AND (k <= 5666715))

table 5 : explain SELECT k, c FROM sbtest5 WHERE k BETWEEN 5666615 AND 5666715
	Bitmap Heap Scan on sbtest5  (cost=5.42..385.43 rows=96 width=125)
	  Recheck Cond: ((k >= 5666615) AND (k <= 5666715))
	  ->  Bitmap Index Scan on k_5  (cost=0.00..5.39 rows=96 width=0)
	        Index Cond: ((k >= 5666615) AND (k <= 5666715))

table 6 : explain SELECT k, c FROM sbtest6 WHERE k BETWEEN 5666615 AND 5666715
	Bitmap Heap Scan on sbtest6  (cost=5.49..413.00 rows=103 width=125)
	  Recheck Cond: ((k >= 5666615) AND (k <= 5666715))
	  ->  Bitmap Index Scan on k_6  (cost=0.00..5.46 rows=103 width=0)
	        Index Cond: ((k >= 5666615) AND (k <= 5666715))

table 7 : explain SELECT k, c FROM sbtest7 WHERE k BETWEEN 5666615 AND 5666715
	Bitmap Heap Scan on sbtest7  (cost=5.48..409.07 rows=102 width=125)
	  Recheck Cond: ((k >= 5666615) AND (k <= 5666715))
	  ->  Bitmap Index Scan on k_7  (cost=0.00..5.45 rows=102 width=0)
	        Index Cond: ((k >= 5666615) AND (k <= 5666715))

table 8 : explain SELECT k, c FROM sbtest8 WHERE k BETWEEN 5666615 AND 5666715
	Bitmap Heap Scan on sbtest8  (cost=5.49..413.00 rows=103 width=125)
	  Recheck Cond: ((k >= 5666615) AND (k <= 5666715))
	  ->  Bitmap Index Scan on k_8  (cost=0.00..5.46 rows=103 width=0)
	        Index Cond: ((k >= 5666615) AND (k <= 5666715))

explain: for range-notcovered :: explain SELECT k, c FROM sbtest%d WHERE k BETWEEN 6125741 AND 6125841
explain: for range-notcovered :: explain SELECT k, c FROM sbtest%d WHERE k BETWEEN 5666615 AND 5666715
for range-notcovered
table 1 : explain SELECT k, c FROM sbtest1 WHERE k BETWEEN 5585437 AND 5585537
	Bitmap Heap Scan on sbtest1  (cost=5.50..416.94 rows=104 width=125)
	  Recheck Cond: ((k >= 5585437) AND (k <= 5585537))
	  ->  Bitmap Index Scan on k_1  (cost=0.00..5.47 rows=104 width=0)
	        Index Cond: ((k >= 5585437) AND (k <= 5585537))

table 2 : explain SELECT k, c FROM sbtest2 WHERE k BETWEEN 5585437 AND 5585537
	Bitmap Heap Scan on sbtest2  (cost=5.56..440.56 rows=110 width=125)
	  Recheck Cond: ((k >= 5585437) AND (k <= 5585537))
	  ->  Bitmap Index Scan on k_2  (cost=0.00..5.53 rows=110 width=0)
	        Index Cond: ((k >= 5585437) AND (k <= 5585537))

table 3 : explain SELECT k, c FROM sbtest3 WHERE k BETWEEN 5585437 AND 5585537
	Bitmap Heap Scan on sbtest3  (cost=5.50..416.94 rows=104 width=125)
	  Recheck Cond: ((k >= 5585437) AND (k <= 5585537))
	  ->  Bitmap Index Scan on k_3  (cost=0.00..5.47 rows=104 width=0)
	        Index Cond: ((k >= 5585437) AND (k <= 5585537))

table 4 : explain SELECT k, c FROM sbtest4 WHERE k BETWEEN 5585437 AND 5585537
	Bitmap Heap Scan on sbtest4  (cost=5.42..385.43 rows=96 width=125)
	  Recheck Cond: ((k >= 5585437) AND (k <= 5585537))
	  ->  Bitmap Index Scan on k_4  (cost=0.00..5.39 rows=96 width=0)
	        Index Cond: ((k >= 5585437) AND (k <= 5585537))

table 5 : explain SELECT k, c FROM sbtest5 WHERE k BETWEEN 5585437 AND 5585537
	Bitmap Heap Scan on sbtest5  (cost=5.49..413.00 rows=103 width=125)
	  Recheck Cond: ((k >= 5585437) AND (k <= 5585537))
	  ->  Bitmap Index Scan on k_5  (cost=0.00..5.46 rows=103 width=0)
	        Index Cond: ((k >= 5585437) AND (k <= 5585537))

table 6 : explain SELECT k, c FROM sbtest6 WHERE k BETWEEN 5585437 AND 5585537
	Bitmap Heap Scan on sbtest6  (cost=5.41..381.49 rows=95 width=125)
	  Recheck Cond: ((k >= 5585437) AND (k <= 5585537))
	  ->  Bitmap Index Scan on k_6  (cost=0.00..5.38 rows=95 width=0)
	        Index Cond: ((k >= 5585437) AND (k <= 5585537))

table 7 : explain SELECT k, c FROM sbtest7 WHERE k BETWEEN 5585437 AND 5585537
	Bitmap Heap Scan on sbtest7  (cost=5.51..420.88 rows=105 width=125)
	  Recheck Cond: ((k >= 5585437) AND (k <= 5585537))
	  ->  Bitmap Index Scan on k_7  (cost=0.00..5.48 rows=105 width=0)
	        Index Cond: ((k >= 5585437) AND (k <= 5585537))

table 8 : explain SELECT k, c FROM sbtest8 WHERE k BETWEEN 5585437 AND 5585537
	Bitmap Heap Scan on sbtest8  (cost=5.45..397.25 rows=99 width=125)
	  Recheck Cond: ((k >= 5585437) AND (k <= 5585537))
	  ->  Bitmap Index Scan on k_8  (cost=0.00..5.42 rows=99 width=0)
	        Index Cond: ((k >= 5585437) AND (k <= 5585537))

for range-notcovered
table 1 : explain SELECT k, c FROM sbtest1 WHERE k BETWEEN 2891309 AND 2891409
	Bitmap Heap Scan on sbtest1  (cost=5.43..389.37 rows=97 width=125)
	  Recheck Cond: ((k >= 2891309) AND (k <= 2891409))
	  ->  Bitmap Index Scan on k_1  (cost=0.00..5.40 rows=97 width=0)
	        Index Cond: ((k >= 2891309) AND (k <= 2891409))

table 2 : explain SELECT k, c FROM sbtest2 WHERE k BETWEEN 2891309 AND 2891409
	Bitmap Heap Scan on sbtest2  (cost=5.39..373.61 rows=93 width=125)
	  Recheck Cond: ((k >= 2891309) AND (k <= 2891409))
	  ->  Bitmap Index Scan on k_2  (cost=0.00..5.36 rows=93 width=0)
	        Index Cond: ((k >= 2891309) AND (k <= 2891409))

table 3 : explain SELECT k, c FROM sbtest3 WHERE k BETWEEN 2891309 AND 2891409
	Bitmap Heap Scan on sbtest3  (cost=5.55..436.62 rows=109 width=125)
	  Recheck Cond: ((k >= 2891309) AND (k <= 2891409))
	  ->  Bitmap Index Scan on k_3  (cost=0.00..5.52 rows=109 width=0)
	        Index Cond: ((k >= 2891309) AND (k <= 2891409))

table 4 : explain SELECT k, c FROM sbtest4 WHERE k BETWEEN 2891309 AND 2891409
	Bitmap Heap Scan on sbtest4  (cost=5.55..436.62 rows=109 width=125)
	  Recheck Cond: ((k >= 2891309) AND (k <= 2891409))
	  ->  Bitmap Index Scan on k_4  (cost=0.00..5.52 rows=109 width=0)
	        Index Cond: ((k >= 2891309) AND (k <= 2891409))

table 5 : explain SELECT k, c FROM sbtest5 WHERE k BETWEEN 2891309 AND 2891409
	Bitmap Heap Scan on sbtest5  (cost=5.52..424.81 rows=106 width=125)
	  Recheck Cond: ((k >= 2891309) AND (k <= 2891409))
	  ->  Bitmap Index Scan on k_5  (cost=0.00..5.50 rows=106 width=0)
	        Index Cond: ((k >= 2891309) AND (k <= 2891409))

table 6 : explain SELECT k, c FROM sbtest6 WHERE k BETWEEN 2891309 AND 2891409
	Bitmap Heap Scan on sbtest6  (cost=5.46..401.19 rows=100 width=125)
	  Recheck Cond: ((k >= 2891309) AND (k <= 2891409))
	  ->  Bitmap Index Scan on k_6  (cost=0.00..5.43 rows=100 width=0)
	        Index Cond: ((k >= 2891309) AND (k <= 2891409))

table 7 : explain SELECT k, c FROM sbtest7 WHERE k BETWEEN 2891309 AND 2891409
	Bitmap Heap Scan on sbtest7  (cost=5.52..424.81 rows=106 width=125)
	  Recheck Cond: ((k >= 2891309) AND (k <= 2891409))
	  ->  Bitmap Index Scan on k_7  (cost=0.00..5.50 rows=106 width=0)
	        Index Cond: ((k >= 2891309) AND (k <= 2891409))

table 8 : explain SELECT k, c FROM sbtest8 WHERE k BETWEEN 2891309 AND 2891409
	Bitmap Heap Scan on sbtest8  (cost=5.48..409.07 rows=102 width=125)
	  Recheck Cond: ((k >= 2891309) AND (k <= 2891409))
	  ->  Bitmap Index Scan on k_8  (cost=0.00..5.45 rows=102 width=0)
	        Index Cond: ((k >= 2891309) AND (k <= 2891409))

for range-notcovered
table 1 : explain SELECT k, c FROM sbtest1 WHERE k BETWEEN 5666615 AND 5666715
	Bitmap Heap Scan on sbtest1  (cost=5.51..420.88 rows=105 width=125)
	  Recheck Cond: ((k >= 5666615) AND (k <= 5666715))
	  ->  Bitmap Index Scan on k_1  (cost=0.00..5.48 rows=105 width=0)
	        Index Cond: ((k >= 5666615) AND (k <= 5666715))

table 2 : explain SELECT k, c FROM sbtest2 WHERE k BETWEEN 5666615 AND 5666715
	Bitmap Heap Scan on sbtest2  (cost=5.40..377.55 rows=94 width=125)
	  Recheck Cond: ((k >= 5666615) AND (k <= 5666715))
	  ->  Bitmap Index Scan on k_2  (cost=0.00..5.38 rows=94 width=0)
	        Index Cond: ((k >= 5666615) AND (k <= 5666715))

table 3 : explain SELECT k, c FROM sbtest3 WHERE k BETWEEN 5666615 AND 5666715
	Bitmap Heap Scan on sbtest3  (cost=5.47..405.13 rows=101 width=125)
	  Recheck Cond: ((k >= 5666615) AND (k <= 5666715))
	  ->  Bitmap Index Scan on k_3  (cost=0.00..5.44 rows=101 width=0)
	        Index Cond: ((k >= 5666615) AND (k <= 5666715))

table 4 : explain SELECT k, c FROM sbtest4 WHERE k BETWEEN 5666615 AND 5666715
	Bitmap Heap Scan on sbtest4  (cost=5.48..409.07 rows=102 width=125)
	  Recheck Cond: ((k >= 5666615) AND (k <= 5666715))
	  ->  Bitmap Index Scan on k_4  (cost=0.00..5.45 rows=102 width=0)
	        Index Cond: ((k >= 5666615) AND (k <= 5666715))

table 5 : explain SELECT k, c FROM sbtest5 WHERE k BETWEEN 5666615 AND 5666715
	Bitmap Heap Scan on sbtest5  (cost=5.42..385.43 rows=96 width=125)
	  Recheck Cond: ((k >= 5666615) AND (k <= 5666715))
	  ->  Bitmap Index Scan on k_5  (cost=0.00..5.39 rows=96 width=0)
	        Index Cond: ((k >= 5666615) AND (k <= 5666715))

table 6 : explain SELECT k, c FROM sbtest6 WHERE k BETWEEN 5666615 AND 5666715
	Bitmap Heap Scan on sbtest6  (cost=5.49..413.00 rows=103 width=125)
	  Recheck Cond: ((k >= 5666615) AND (k <= 5666715))
	  ->  Bitmap Index Scan on k_6  (cost=0.00..5.46 rows=103 width=0)
	        Index Cond: ((k >= 5666615) AND (k <= 5666715))

table 7 : explain SELECT k, c FROM sbtest7 WHERE k BETWEEN 5666615 AND 5666715
	Bitmap Heap Scan on sbtest7  (cost=5.48..409.07 rows=102 width=125)
	  Recheck Cond: ((k >= 5666615) AND (k <= 5666715))
	  ->  Bitmap Index Scan on k_7  (cost=0.00..5.45 rows=102 width=0)
	        Index Cond: ((k >= 5666615) AND (k <= 5666715))

table 8 : explain SELECT k, c FROM sbtest8 WHERE k BETWEEN 5666615 AND 5666715
	Bitmap Heap Scan on sbtest8  (cost=5.49..413.00 rows=103 width=125)
	  Recheck Cond: ((k >= 5666615) AND (k <= 5666715))
	  ->  Bitmap Index Scan on k_8  (cost=0.00..5.46 rows=103 width=0)
	        Index Cond: ((k >= 5666615) AND (k <= 5666715))

explain: for range-notcovered :: explain SELECT k, c FROM sbtest%d WHERE k BETWEEN 2891309 AND 2891409
for range-notcovered
table 1 : explain SELECT k, c FROM sbtest1 WHERE k BETWEEN 6261470 AND 6261570
	Bitmap Heap Scan on sbtest1  (cost=5.49..413.00 rows=103 width=125)
	  Recheck Cond: ((k >= 6261470) AND (k <= 6261570))
	  ->  Bitmap Index Scan on k_1  (cost=0.00..5.46 rows=103 width=0)
	        Index Cond: ((k >= 6261470) AND (k <= 6261570))

table 2 : explain SELECT k, c FROM sbtest2 WHERE k BETWEEN 6261470 AND 6261570
	Bitmap Heap Scan on sbtest2  (cost=5.51..420.88 rows=105 width=125)
	  Recheck Cond: ((k >= 6261470) AND (k <= 6261570))
	  ->  Bitmap Index Scan on k_2  (cost=0.00..5.48 rows=105 width=0)
	        Index Cond: ((k >= 6261470) AND (k <= 6261570))

table 3 : explain SELECT k, c FROM sbtest3 WHERE k BETWEEN 6261470 AND 6261570
	Bitmap Heap Scan on sbtest3  (cost=5.47..405.13 rows=101 width=125)
	  Recheck Cond: ((k >= 6261470) AND (k <= 6261570))
	  ->  Bitmap Index Scan on k_3  (cost=0.00..5.44 rows=101 width=0)
	        Index Cond: ((k >= 6261470) AND (k <= 6261570))

table 4 : explain SELECT k, c FROM sbtest4 WHERE k BETWEEN 6261470 AND 6261570
	Bitmap Heap Scan on sbtest4  (cost=5.55..436.62 rows=109 width=125)
	  Recheck Cond: ((k >= 6261470) AND (k <= 6261570))
	  ->  Bitmap Index Scan on k_4  (cost=0.00..5.52 rows=109 width=0)
	        Index Cond: ((k >= 6261470) AND (k <= 6261570))

table 5 : explain SELECT k, c FROM sbtest5 WHERE k BETWEEN 6261470 AND 6261570
	Bitmap Heap Scan on sbtest5  (cost=5.47..405.13 rows=101 width=125)
	  Recheck Cond: ((k >= 6261470) AND (k <= 6261570))
	  ->  Bitmap Index Scan on k_5  (cost=0.00..5.44 rows=101 width=0)
	        Index Cond: ((k >= 6261470) AND (k <= 6261570))

table 6 : explain SELECT k, c FROM sbtest6 WHERE k BETWEEN 6261470 AND 6261570
	Bitmap Heap Scan on sbtest6  (cost=5.55..436.62 rows=109 width=125)
	  Recheck Cond: ((k >= 6261470) AND (k <= 6261570))
	  ->  Bitmap Index Scan on k_6  (cost=0.00..5.52 rows=109 width=0)
	        Index Cond: ((k >= 6261470) AND (k <= 6261570))

table 7 : explain SELECT k, c FROM sbtest7 WHERE k BETWEEN 6261470 AND 6261570
	Bitmap Heap Scan on sbtest7  (cost=5.48..409.07 rows=102 width=125)
	  Recheck Cond: ((k >= 6261470) AND (k <= 6261570))
	  ->  Bitmap Index Scan on k_7  (cost=0.00..5.45 rows=102 width=0)
	        Index Cond: ((k >= 6261470) AND (k <= 6261570))

table 8 : explain SELECT k, c FROM sbtest8 WHERE k BETWEEN 6261470 AND 6261570
	Bitmap Heap Scan on sbtest8  (cost=5.40..377.55 rows=94 width=125)
	  Recheck Cond: ((k >= 6261470) AND (k <= 6261570))
	  ->  Bitmap Index Scan on k_8  (cost=0.00..5.38 rows=94 width=0)
	        Index Cond: ((k >= 6261470) AND (k <= 6261570))

explain: for range-notcovered :: explain SELECT k, c FROM sbtest%d WHERE k BETWEEN 6261470 AND 6261570
for range-notcovered
table 1 : explain SELECT k, c FROM sbtest1 WHERE k BETWEEN 1670590 AND 1670690
	Bitmap Heap Scan on sbtest1  (cost=5.40..377.55 rows=94 width=125)
	  Recheck Cond: ((k >= 1670590) AND (k <= 1670690))
	  ->  Bitmap Index Scan on k_1  (cost=0.00..5.38 rows=94 width=0)
	        Index Cond: ((k >= 1670590) AND (k <= 1670690))

table 2 : explain SELECT k, c FROM sbtest2 WHERE k BETWEEN 1670590 AND 1670690
	Bitmap Heap Scan on sbtest2  (cost=5.45..397.25 rows=99 width=125)
	  Recheck Cond: ((k >= 1670590) AND (k <= 1670690))
	  ->  Bitmap Index Scan on k_2  (cost=0.00..5.42 rows=99 width=0)
	        Index Cond: ((k >= 1670590) AND (k <= 1670690))

table 3 : explain SELECT k, c FROM sbtest3 WHERE k BETWEEN 1670590 AND 1670690
	Bitmap Heap Scan on sbtest3  (cost=5.52..424.81 rows=106 width=125)
	  Recheck Cond: ((k >= 1670590) AND (k <= 1670690))
	  ->  Bitmap Index Scan on k_3  (cost=0.00..5.50 rows=106 width=0)
	        Index Cond: ((k >= 1670590) AND (k <= 1670690))

table 4 : explain SELECT k, c FROM sbtest4 WHERE k BETWEEN 1670590 AND 1670690
	Bitmap Heap Scan on sbtest4  (cost=5.50..416.94 rows=104 width=125)
	  Recheck Cond: ((k >= 1670590) AND (k <= 1670690))
	  ->  Bitmap Index Scan on k_4  (cost=0.00..5.47 rows=104 width=0)
	        Index Cond: ((k >= 1670590) AND (k <= 1670690))

table 5 : explain SELECT k, c FROM sbtest5 WHERE k BETWEEN 1670590 AND 1670690
	Bitmap Heap Scan on sbtest5  (cost=5.46..401.19 rows=100 width=125)
	  Recheck Cond: ((k >= 1670590) AND (k <= 1670690))
	  ->  Bitmap Index Scan on k_5  (cost=0.00..5.43 rows=100 width=0)
	        Index Cond: ((k >= 1670590) AND (k <= 1670690))

table 6 : explain SELECT k, c FROM sbtest6 WHERE k BETWEEN 1670590 AND 1670690
	Bitmap Heap Scan on sbtest6  (cost=5.47..405.13 rows=101 width=125)
	  Recheck Cond: ((k >= 1670590) AND (k <= 1670690))
	  ->  Bitmap Index Scan on k_6  (cost=0.00..5.44 rows=101 width=0)
	        Index Cond: ((k >= 1670590) AND (k <= 1670690))

table 7 : explain SELECT k, c FROM sbtest7 WHERE k BETWEEN 1670590 AND 1670690
	Bitmap Heap Scan on sbtest7  (cost=5.47..405.13 rows=101 width=125)
	  Recheck Cond: ((k >= 1670590) AND (k <= 1670690))
	  ->  Bitmap Index Scan on k_7  (cost=0.00..5.44 rows=101 width=0)
	        Index Cond: ((k >= 1670590) AND (k <= 1670690))

table 8 : explain SELECT k, c FROM sbtest8 WHERE k BETWEEN 1670590 AND 1670690
	Bitmap Heap Scan on sbtest8  (cost=5.41..381.49 rows=95 width=125)
	  Recheck Cond: ((k >= 1670590) AND (k <= 1670690))
	  ->  Bitmap Index Scan on k_8  (cost=0.00..5.38 rows=95 width=0)
	        Index Cond: ((k >= 1670590) AND (k <= 1670690))

for range-notcovered
table 1 : explain SELECT k, c FROM sbtest1 WHERE k BETWEEN 5700846 AND 5700946
	Bitmap Heap Scan on sbtest1  (cost=5.40..377.55 rows=94 width=125)
	  Recheck Cond: ((k >= 5700846) AND (k <= 5700946))
	  ->  Bitmap Index Scan on k_1  (cost=0.00..5.38 rows=94 width=0)
	        Index Cond: ((k >= 5700846) AND (k <= 5700946))

table 2 : explain SELECT k, c FROM sbtest2 WHERE k BETWEEN 5700846 AND 5700946
	Bitmap Heap Scan on sbtest2  (cost=5.40..377.55 rows=94 width=125)
	  Recheck Cond: ((k >= 5700846) AND (k <= 5700946))
	  ->  Bitmap Index Scan on k_2  (cost=0.00..5.38 rows=94 width=0)
	        Index Cond: ((k >= 5700846) AND (k <= 5700946))

table 3 : explain SELECT k, c FROM sbtest3 WHERE k BETWEEN 5700846 AND 5700946
	Bitmap Heap Scan on sbtest3  (cost=5.47..405.13 rows=101 width=125)
	  Recheck Cond: ((k >= 5700846) AND (k <= 5700946))
	  ->  Bitmap Index Scan on k_3  (cost=0.00..5.44 rows=101 width=0)
	        Index Cond: ((k >= 5700846) AND (k <= 5700946))

table 4 : explain SELECT k, c FROM sbtest4 WHERE k BETWEEN 5700846 AND 5700946
	Bitmap Heap Scan on sbtest4  (cost=5.48..409.07 rows=102 width=125)
	  Recheck Cond: ((k >= 5700846) AND (k <= 5700946))
	  ->  Bitmap Index Scan on k_4  (cost=0.00..5.45 rows=102 width=0)
	        Index Cond: ((k >= 5700846) AND (k <= 5700946))

table 5 : explain SELECT k, c FROM sbtest5 WHERE k BETWEEN 5700846 AND 5700946
	Bitmap Heap Scan on sbtest5  (cost=5.42..385.43 rows=96 width=125)
	  Recheck Cond: ((k >= 5700846) AND (k <= 5700946))
	  ->  Bitmap Index Scan on k_5  (cost=0.00..5.39 rows=96 width=0)
	        Index Cond: ((k >= 5700846) AND (k <= 5700946))

table 6 : explain SELECT k, c FROM sbtest6 WHERE k BETWEEN 5700846 AND 5700946
	Bitmap Heap Scan on sbtest6  (cost=5.49..413.00 rows=103 width=125)
	  Recheck Cond: ((k >= 5700846) AND (k <= 5700946))
	  ->  Bitmap Index Scan on k_6  (cost=0.00..5.46 rows=103 width=0)
	        Index Cond: ((k >= 5700846) AND (k <= 5700946))

table 7 : explain SELECT k, c FROM sbtest7 WHERE k BETWEEN 5700846 AND 5700946
	Bitmap Heap Scan on sbtest7  (cost=5.56..440.56 rows=110 width=125)
	  Recheck Cond: ((k >= 5700846) AND (k <= 5700946))
	  ->  Bitmap Index Scan on k_7  (cost=0.00..5.53 rows=110 width=0)
	        Index Cond: ((k >= 5700846) AND (k <= 5700946))

table 8 : explain SELECT k, c FROM sbtest8 WHERE k BETWEEN 5700846 AND 5700946
	Bitmap Heap Scan on sbtest8  (cost=5.49..413.00 rows=103 width=125)
	  Recheck Cond: ((k >= 5700846) AND (k <= 5700946))
	  ->  Bitmap Index Scan on k_8  (cost=0.00..5.46 rows=103 width=0)
	        Index Cond: ((k >= 5700846) AND (k <= 5700946))

explain: for range-notcovered :: explain SELECT k, c FROM sbtest%d WHERE k BETWEEN 1670590 AND 1670690
explain: for range-notcovered :: explain SELECT k, c FROM sbtest%d WHERE k BETWEEN 5700846 AND 5700946
for range-notcovered
table 1 : explain SELECT k, c FROM sbtest1 WHERE k BETWEEN 5691159 AND 5691259
	Bitmap Heap Scan on sbtest1  (cost=5.40..377.55 rows=94 width=125)
	  Recheck Cond: ((k >= 5691159) AND (k <= 5691259))
	  ->  Bitmap Index Scan on k_1  (cost=0.00..5.38 rows=94 width=0)
	        Index Cond: ((k >= 5691159) AND (k <= 5691259))

table 2 : explain SELECT k, c FROM sbtest2 WHERE k BETWEEN 5691159 AND 5691259
	Bitmap Heap Scan on sbtest2  (cost=5.40..377.55 rows=94 width=125)
	  Recheck Cond: ((k >= 5691159) AND (k <= 5691259))
	  ->  Bitmap Index Scan on k_2  (cost=0.00..5.38 rows=94 width=0)
	        Index Cond: ((k >= 5691159) AND (k <= 5691259))

table 3 : explain SELECT k, c FROM sbtest3 WHERE k BETWEEN 5691159 AND 5691259
	Bitmap Heap Scan on sbtest3  (cost=5.47..405.13 rows=101 width=125)
	  Recheck Cond: ((k >= 5691159) AND (k <= 5691259))
	  ->  Bitmap Index Scan on k_3  (cost=0.00..5.44 rows=101 width=0)
	        Index Cond: ((k >= 5691159) AND (k <= 5691259))

table 4 : explain SELECT k, c FROM sbtest4 WHERE k BETWEEN 5691159 AND 5691259
	Bitmap Heap Scan on sbtest4  (cost=5.48..409.07 rows=102 width=125)
	  Recheck Cond: ((k >= 5691159) AND (k <= 5691259))
	  ->  Bitmap Index Scan on k_4  (cost=0.00..5.45 rows=102 width=0)
	        Index Cond: ((k >= 5691159) AND (k <= 5691259))

table 5 : explain SELECT k, c FROM sbtest5 WHERE k BETWEEN 5691159 AND 5691259
	Bitmap Heap Scan on sbtest5  (cost=5.42..385.43 rows=96 width=125)
	  Recheck Cond: ((k >= 5691159) AND (k <= 5691259))
	  ->  Bitmap Index Scan on k_5  (cost=0.00..5.39 rows=96 width=0)
	        Index Cond: ((k >= 5691159) AND (k <= 5691259))

table 6 : explain SELECT k, c FROM sbtest6 WHERE k BETWEEN 5691159 AND 5691259
	Bitmap Heap Scan on sbtest6  (cost=5.49..413.00 rows=103 width=125)
	  Recheck Cond: ((k >= 5691159) AND (k <= 5691259))
	  ->  Bitmap Index Scan on k_6  (cost=0.00..5.46 rows=103 width=0)
	        Index Cond: ((k >= 5691159) AND (k <= 5691259))

table 7 : explain SELECT k, c FROM sbtest7 WHERE k BETWEEN 5691159 AND 5691259
	Bitmap Heap Scan on sbtest7  (cost=5.56..440.56 rows=110 width=125)
	  Recheck Cond: ((k >= 5691159) AND (k <= 5691259))
	  ->  Bitmap Index Scan on k_7  (cost=0.00..5.53 rows=110 width=0)
	        Index Cond: ((k >= 5691159) AND (k <= 5691259))

table 8 : explain SELECT k, c FROM sbtest8 WHERE k BETWEEN 5691159 AND 5691259
	Bitmap Heap Scan on sbtest8  (cost=5.49..413.00 rows=103 width=125)
	  Recheck Cond: ((k >= 5691159) AND (k <= 5691259))
	  ->  Bitmap Index Scan on k_8  (cost=0.00..5.46 rows=103 width=0)
	        Index Cond: ((k >= 5691159) AND (k <= 5691259))

explain: for range-notcovered :: explain SELECT k, c FROM sbtest%d WHERE k BETWEEN 5691159 AND 5691259
for range-notcovered
table 1 : explain SELECT k, c FROM sbtest1 WHERE k BETWEEN 5700846 AND 5700946
	Bitmap Heap Scan on sbtest1  (cost=5.40..377.55 rows=94 width=125)
	  Recheck Cond: ((k >= 5700846) AND (k <= 5700946))
	  ->  Bitmap Index Scan on k_1  (cost=0.00..5.38 rows=94 width=0)
	        Index Cond: ((k >= 5700846) AND (k <= 5700946))

table 2 : explain SELECT k, c FROM sbtest2 WHERE k BETWEEN 5700846 AND 5700946
	Bitmap Heap Scan on sbtest2  (cost=5.40..377.55 rows=94 width=125)
	  Recheck Cond: ((k >= 5700846) AND (k <= 5700946))
	  ->  Bitmap Index Scan on k_2  (cost=0.00..5.38 rows=94 width=0)
	        Index Cond: ((k >= 5700846) AND (k <= 5700946))

table 3 : explain SELECT k, c FROM sbtest3 WHERE k BETWEEN 5700846 AND 5700946
	Bitmap Heap Scan on sbtest3  (cost=5.47..405.13 rows=101 width=125)
	  Recheck Cond: ((k >= 5700846) AND (k <= 5700946))
	  ->  Bitmap Index Scan on k_3  (cost=0.00..5.44 rows=101 width=0)
	        Index Cond: ((k >= 5700846) AND (k <= 5700946))

table 4 : explain SELECT k, c FROM sbtest4 WHERE k BETWEEN 5700846 AND 5700946
	Bitmap Heap Scan on sbtest4  (cost=5.48..409.07 rows=102 width=125)
	  Recheck Cond: ((k >= 5700846) AND (k <= 5700946))
	  ->  Bitmap Index Scan on k_4  (cost=0.00..5.45 rows=102 width=0)
	        Index Cond: ((k >= 5700846) AND (k <= 5700946))

table 5 : explain SELECT k, c FROM sbtest5 WHERE k BETWEEN 5700846 AND 5700946
	Bitmap Heap Scan on sbtest5  (cost=5.42..385.43 rows=96 width=125)
	  Recheck Cond: ((k >= 5700846) AND (k <= 5700946))
	  ->  Bitmap Index Scan on k_5  (cost=0.00..5.39 rows=96 width=0)
	        Index Cond: ((k >= 5700846) AND (k <= 5700946))

table 6 : explain SELECT k, c FROM sbtest6 WHERE k BETWEEN 5700846 AND 5700946
	Bitmap Heap Scan on sbtest6  (cost=5.49..413.00 rows=103 width=125)
	  Recheck Cond: ((k >= 5700846) AND (k <= 5700946))
	  ->  Bitmap Index Scan on k_6  (cost=0.00..5.46 rows=103 width=0)
	        Index Cond: ((k >= 5700846) AND (k <= 5700946))

table 7 : explain SELECT k, c FROM sbtest7 WHERE k BETWEEN 5700846 AND 5700946
	Bitmap Heap Scan on sbtest7  (cost=5.56..440.56 rows=110 width=125)
	  Recheck Cond: ((k >= 5700846) AND (k <= 5700946))
	  ->  Bitmap Index Scan on k_7  (cost=0.00..5.53 rows=110 width=0)
	        Index Cond: ((k >= 5700846) AND (k <= 5700946))

table 8 : explain SELECT k, c FROM sbtest8 WHERE k BETWEEN 5700846 AND 5700946
	Bitmap Heap Scan on sbtest8  (cost=5.49..413.00 rows=103 width=125)
	  Recheck Cond: ((k >= 5700846) AND (k <= 5700946))
	  ->  Bitmap Index Scan on k_8  (cost=0.00..5.46 rows=103 width=0)
	        Index Cond: ((k >= 5700846) AND (k <= 5700946))

explain: for range-notcovered :: explain SELECT k, c FROM sbtest%d WHERE k BETWEEN 5700846 AND 5700946
for range-notcovered
table 1 : explain SELECT k, c FROM sbtest1 WHERE k BETWEEN 1670590 AND 1670690
	Bitmap Heap Scan on sbtest1  (cost=5.40..377.55 rows=94 width=125)
	  Recheck Cond: ((k >= 1670590) AND (k <= 1670690))
	  ->  Bitmap Index Scan on k_1  (cost=0.00..5.38 rows=94 width=0)
	        Index Cond: ((k >= 1670590) AND (k <= 1670690))

table 2 : explain SELECT k, c FROM sbtest2 WHERE k BETWEEN 1670590 AND 1670690
	Bitmap Heap Scan on sbtest2  (cost=5.45..397.25 rows=99 width=125)
	  Recheck Cond: ((k >= 1670590) AND (k <= 1670690))
	  ->  Bitmap Index Scan on k_2  (cost=0.00..5.42 rows=99 width=0)
	        Index Cond: ((k >= 1670590) AND (k <= 1670690))

table 3 : explain SELECT k, c FROM sbtest3 WHERE k BETWEEN 1670590 AND 1670690
	Bitmap Heap Scan on sbtest3  (cost=5.52..424.81 rows=106 width=125)
	  Recheck Cond: ((k >= 1670590) AND (k <= 1670690))
	  ->  Bitmap Index Scan on k_3  (cost=0.00..5.50 rows=106 width=0)
	        Index Cond: ((k >= 1670590) AND (k <= 1670690))

table 4 : explain SELECT k, c FROM sbtest4 WHERE k BETWEEN 1670590 AND 1670690
	Bitmap Heap Scan on sbtest4  (cost=5.50..416.94 rows=104 width=125)
	  Recheck Cond: ((k >= 1670590) AND (k <= 1670690))
	  ->  Bitmap Index Scan on k_4  (cost=0.00..5.47 rows=104 width=0)
	        Index Cond: ((k >= 1670590) AND (k <= 1670690))

table 5 : explain SELECT k, c FROM sbtest5 WHERE k BETWEEN 1670590 AND 1670690
	Bitmap Heap Scan on sbtest5  (cost=5.46..401.19 rows=100 width=125)
	  Recheck Cond: ((k >= 1670590) AND (k <= 1670690))
	  ->  Bitmap Index Scan on k_5  (cost=0.00..5.43 rows=100 width=0)
	        Index Cond: ((k >= 1670590) AND (k <= 1670690))

table 6 : explain SELECT k, c FROM sbtest6 WHERE k BETWEEN 1670590 AND 1670690
	Bitmap Heap Scan on sbtest6  (cost=5.47..405.13 rows=101 width=125)
	  Recheck Cond: ((k >= 1670590) AND (k <= 1670690))
	  ->  Bitmap Index Scan on k_6  (cost=0.00..5.44 rows=101 width=0)
	        Index Cond: ((k >= 1670590) AND (k <= 1670690))

table 7 : explain SELECT k, c FROM sbtest7 WHERE k BETWEEN 1670590 AND 1670690
	Bitmap Heap Scan on sbtest7  (cost=5.47..405.13 rows=101 width=125)
	  Recheck Cond: ((k >= 1670590) AND (k <= 1670690))
	  ->  Bitmap Index Scan on k_7  (cost=0.00..5.44 rows=101 width=0)
	        Index Cond: ((k >= 1670590) AND (k <= 1670690))

table 8 : explain SELECT k, c FROM sbtest8 WHERE k BETWEEN 1670590 AND 1670690
	Bitmap Heap Scan on sbtest8  (cost=5.41..381.49 rows=95 width=125)
	  Recheck Cond: ((k >= 1670590) AND (k <= 1670690))
	  ->  Bitmap Index Scan on k_8  (cost=0.00..5.38 rows=95 width=0)
	        Index Cond: ((k >= 1670590) AND (k <= 1670690))

explain: for range-notcovered :: explain SELECT k, c FROM sbtest%d WHERE k BETWEEN 1670590 AND 1670690
for range-notcovered
table 1 : explain SELECT k, c FROM sbtest1 WHERE k BETWEEN 5898394 AND 5898494
	Bitmap Heap Scan on sbtest1  (cost=5.52..424.81 rows=106 width=125)
	  Recheck Cond: ((k >= 5898394) AND (k <= 5898494))
	  ->  Bitmap Index Scan on k_1  (cost=0.00..5.50 rows=106 width=0)
	        Index Cond: ((k >= 5898394) AND (k <= 5898494))

table 2 : explain SELECT k, c FROM sbtest2 WHERE k BETWEEN 5898394 AND 5898494
	Bitmap Heap Scan on sbtest2  (cost=5.53..428.75 rows=107 width=125)
	  Recheck Cond: ((k >= 5898394) AND (k <= 5898494))
	  ->  Bitmap Index Scan on k_2  (cost=0.00..5.50 rows=107 width=0)
	        Index Cond: ((k >= 5898394) AND (k <= 5898494))

table 3 : explain SELECT k, c FROM sbtest3 WHERE k BETWEEN 5898394 AND 5898494
	Bitmap Heap Scan on sbtest3  (cost=5.43..389.37 rows=97 width=125)
	  Recheck Cond: ((k >= 5898394) AND (k <= 5898494))
	  ->  Bitmap Index Scan on k_3  (cost=0.00..5.40 rows=97 width=0)
	        Index Cond: ((k >= 5898394) AND (k <= 5898494))

table 4 : explain SELECT k, c FROM sbtest4 WHERE k BETWEEN 5898394 AND 5898494
	Bitmap Heap Scan on sbtest4  (cost=5.50..416.94 rows=104 width=125)
	  Recheck Cond: ((k >= 5898394) AND (k <= 5898494))
	  ->  Bitmap Index Scan on k_4  (cost=0.00..5.47 rows=104 width=0)
	        Index Cond: ((k >= 5898394) AND (k <= 5898494))

table 5 : explain SELECT k, c FROM sbtest5 WHERE k BETWEEN 5898394 AND 5898494
	Bitmap Heap Scan on sbtest5  (cost=5.48..409.07 rows=102 width=125)
	  Recheck Cond: ((k >= 5898394) AND (k <= 5898494))
	  ->  Bitmap Index Scan on k_5  (cost=0.00..5.45 rows=102 width=0)
	        Index Cond: ((k >= 5898394) AND (k <= 5898494))

table 6 : explain SELECT k, c FROM sbtest6 WHERE k BETWEEN 5898394 AND 5898494
	Bitmap Heap Scan on sbtest6  (cost=5.54..432.69 rows=108 width=125)
	  Recheck Cond: ((k >= 5898394) AND (k <= 5898494))
	  ->  Bitmap Index Scan on k_6  (cost=0.00..5.51 rows=108 width=0)
	        Index Cond: ((k >= 5898394) AND (k <= 5898494))

table 7 : explain SELECT k, c FROM sbtest7 WHERE k BETWEEN 5898394 AND 5898494
	Bitmap Heap Scan on sbtest7  (cost=5.45..397.25 rows=99 width=125)
	  Recheck Cond: ((k >= 5898394) AND (k <= 5898494))
	  ->  Bitmap Index Scan on k_7  (cost=0.00..5.42 rows=99 width=0)
	        Index Cond: ((k >= 5898394) AND (k <= 5898494))

table 8 : explain SELECT k, c FROM sbtest8 WHERE k BETWEEN 5898394 AND 5898494
	Bitmap Heap Scan on sbtest8  (cost=5.44..393.31 rows=98 width=125)
	  Recheck Cond: ((k >= 5898394) AND (k <= 5898494))
	  ->  Bitmap Index Scan on k_8  (cost=0.00..5.42 rows=98 width=0)
	        Index Cond: ((k >= 5898394) AND (k <= 5898494))

for range-notcovered
table 1 : explain SELECT k, c FROM sbtest1 WHERE k BETWEEN 2891309 AND 2891409
	Bitmap Heap Scan on sbtest1  (cost=5.43..389.37 rows=97 width=125)
	  Recheck Cond: ((k >= 2891309) AND (k <= 2891409))
	  ->  Bitmap Index Scan on k_1  (cost=0.00..5.40 rows=97 width=0)
	        Index Cond: ((k >= 2891309) AND (k <= 2891409))

table 2 : explain SELECT k, c FROM sbtest2 WHERE k BETWEEN 2891309 AND 2891409
	Bitmap Heap Scan on sbtest2  (cost=5.39..373.61 rows=93 width=125)
	  Recheck Cond: ((k >= 2891309) AND (k <= 2891409))
	  ->  Bitmap Index Scan on k_2  (cost=0.00..5.36 rows=93 width=0)
	        Index Cond: ((k >= 2891309) AND (k <= 2891409))

table 3 : explain SELECT k, c FROM sbtest3 WHERE k BETWEEN 2891309 AND 2891409
	Bitmap Heap Scan on sbtest3  (cost=5.55..436.62 rows=109 width=125)
	  Recheck Cond: ((k >= 2891309) AND (k <= 2891409))
	  ->  Bitmap Index Scan on k_3  (cost=0.00..5.52 rows=109 width=0)
	        Index Cond: ((k >= 2891309) AND (k <= 2891409))

table 4 : explain SELECT k, c FROM sbtest4 WHERE k BETWEEN 2891309 AND 2891409
	Bitmap Heap Scan on sbtest4  (cost=5.55..436.62 rows=109 width=125)
	  Recheck Cond: ((k >= 2891309) AND (k <= 2891409))
	  ->  Bitmap Index Scan on k_4  (cost=0.00..5.52 rows=109 width=0)
	        Index Cond: ((k >= 2891309) AND (k <= 2891409))

table 5 : explain SELECT k, c FROM sbtest5 WHERE k BETWEEN 2891309 AND 2891409
	Bitmap Heap Scan on sbtest5  (cost=5.52..424.81 rows=106 width=125)
	  Recheck Cond: ((k >= 2891309) AND (k <= 2891409))
	  ->  Bitmap Index Scan on k_5  (cost=0.00..5.50 rows=106 width=0)
	        Index Cond: ((k >= 2891309) AND (k <= 2891409))

table 6 : explain SELECT k, c FROM sbtest6 WHERE k BETWEEN 2891309 AND 2891409
	Bitmap Heap Scan on sbtest6  (cost=5.46..401.19 rows=100 width=125)
	  Recheck Cond: ((k >= 2891309) AND (k <= 2891409))
	  ->  Bitmap Index Scan on k_6  (cost=0.00..5.43 rows=100 width=0)
	        Index Cond: ((k >= 2891309) AND (k <= 2891409))

table 7 : explain SELECT k, c FROM sbtest7 WHERE k BETWEEN 2891309 AND 2891409
	Bitmap Heap Scan on sbtest7  (cost=5.52..424.81 rows=106 width=125)
	  Recheck Cond: ((k >= 2891309) AND (k <= 2891409))
	  ->  Bitmap Index Scan on k_7  (cost=0.00..5.50 rows=106 width=0)
	        Index Cond: ((k >= 2891309) AND (k <= 2891409))

table 8 : explain SELECT k, c FROM sbtest8 WHERE k BETWEEN 2891309 AND 2891409
	Bitmap Heap Scan on sbtest8  (cost=5.48..409.07 rows=102 width=125)
	  Recheck Cond: ((k >= 2891309) AND (k <= 2891409))
	  ->  Bitmap Index Scan on k_8  (cost=0.00..5.45 rows=102 width=0)
	        Index Cond: ((k >= 2891309) AND (k <= 2891409))

explain: for range-notcovered :: explain SELECT k, c FROM sbtest%d WHERE k BETWEEN 5666615 AND 5666715
for range-notcovered
table 1 : explain SELECT k, c FROM sbtest1 WHERE k BETWEEN 6125741 AND 6125841
	Bitmap Heap Scan on sbtest1  (cost=5.47..405.13 rows=101 width=125)
	  Recheck Cond: ((k >= 6125741) AND (k <= 6125841))
	  ->  Bitmap Index Scan on k_1  (cost=0.00..5.44 rows=101 width=0)
	        Index Cond: ((k >= 6125741) AND (k <= 6125841))

table 2 : explain SELECT k, c FROM sbtest2 WHERE k BETWEEN 6125741 AND 6125841
	Bitmap Heap Scan on sbtest2  (cost=5.54..432.69 rows=108 width=125)
	  Recheck Cond: ((k >= 6125741) AND (k <= 6125841))
	  ->  Bitmap Index Scan on k_2  (cost=0.00..5.51 rows=108 width=0)
	        Index Cond: ((k >= 6125741) AND (k <= 6125841))

table 3 : explain SELECT k, c FROM sbtest3 WHERE k BETWEEN 6125741 AND 6125841
	Bitmap Heap Scan on sbtest3  (cost=5.46..401.19 rows=100 width=125)
	  Recheck Cond: ((k >= 6125741) AND (k <= 6125841))
	  ->  Bitmap Index Scan on k_3  (cost=0.00..5.43 rows=100 width=0)
	        Index Cond: ((k >= 6125741) AND (k <= 6125841))

table 4 : explain SELECT k, c FROM sbtest4 WHERE k BETWEEN 6125741 AND 6125841
	Bitmap Heap Scan on sbtest4  (cost=5.33..349.95 rows=87 width=125)
	  Recheck Cond: ((k >= 6125741) AND (k <= 6125841))
	  ->  Bitmap Index Scan on k_4  (cost=0.00..5.30 rows=87 width=0)
	        Index Cond: ((k >= 6125741) AND (k <= 6125841))

table 5 : explain SELECT k, c FROM sbtest5 WHERE k BETWEEN 6125741 AND 6125841
	Bitmap Heap Scan on sbtest5  (cost=5.42..385.43 rows=96 width=125)
	  Recheck Cond: ((k >= 6125741) AND (k <= 6125841))
	  ->  Bitmap Index Scan on k_5  (cost=0.00..5.39 rows=96 width=0)
	        Index Cond: ((k >= 6125741) AND (k <= 6125841))

table 6 : explain SELECT k, c FROM sbtest6 WHERE k BETWEEN 6125741 AND 6125841
	Bitmap Heap Scan on sbtest6  (cost=5.43..389.37 rows=97 width=125)
	  Recheck Cond: ((k >= 6125741) AND (k <= 6125841))
	  ->  Bitmap Index Scan on k_6  (cost=0.00..5.40 rows=97 width=0)
	        Index Cond: ((k >= 6125741) AND (k <= 6125841))

table 7 : explain SELECT k, c FROM sbtest7 WHERE k BETWEEN 6125741 AND 6125841
	Bitmap Heap Scan on sbtest7  (cost=5.42..385.43 rows=96 width=125)
	  Recheck Cond: ((k >= 6125741) AND (k <= 6125841))
	  ->  Bitmap Index Scan on k_7  (cost=0.00..5.39 rows=96 width=0)
	        Index Cond: ((k >= 6125741) AND (k <= 6125841))

table 8 : explain SELECT k, c FROM sbtest8 WHERE k BETWEEN 6125741 AND 6125841
	Bitmap Heap Scan on sbtest8  (cost=5.56..440.56 rows=110 width=125)
	  Recheck Cond: ((k >= 6125741) AND (k <= 6125841))
	  ->  Bitmap Index Scan on k_8  (cost=0.00..5.53 rows=110 width=0)
	        Index Cond: ((k >= 6125741) AND (k <= 6125841))

explain: for range-notcovered :: explain SELECT k, c FROM sbtest%d WHERE k BETWEEN 6125741 AND 6125841
for range-notcovered
table 1 : explain SELECT k, c FROM sbtest1 WHERE k BETWEEN 5691159 AND 5691259
	Bitmap Heap Scan on sbtest1  (cost=5.40..377.55 rows=94 width=125)
	  Recheck Cond: ((k >= 5691159) AND (k <= 5691259))
	  ->  Bitmap Index Scan on k_1  (cost=0.00..5.38 rows=94 width=0)
	        Index Cond: ((k >= 5691159) AND (k <= 5691259))

table 2 : explain SELECT k, c FROM sbtest2 WHERE k BETWEEN 5691159 AND 5691259
	Bitmap Heap Scan on sbtest2  (cost=5.40..377.55 rows=94 width=125)
	  Recheck Cond: ((k >= 5691159) AND (k <= 5691259))
	  ->  Bitmap Index Scan on k_2  (cost=0.00..5.38 rows=94 width=0)
	        Index Cond: ((k >= 5691159) AND (k <= 5691259))

table 3 : explain SELECT k, c FROM sbtest3 WHERE k BETWEEN 5691159 AND 5691259
	Bitmap Heap Scan on sbtest3  (cost=5.47..405.13 rows=101 width=125)
	  Recheck Cond: ((k >= 5691159) AND (k <= 5691259))
	  ->  Bitmap Index Scan on k_3  (cost=0.00..5.44 rows=101 width=0)
	        Index Cond: ((k >= 5691159) AND (k <= 5691259))

table 4 : explain SELECT k, c FROM sbtest4 WHERE k BETWEEN 5691159 AND 5691259
	Bitmap Heap Scan on sbtest4  (cost=5.48..409.07 rows=102 width=125)
	  Recheck Cond: ((k >= 5691159) AND (k <= 5691259))
	  ->  Bitmap Index Scan on k_4  (cost=0.00..5.45 rows=102 width=0)
	        Index Cond: ((k >= 5691159) AND (k <= 5691259))

table 5 : explain SELECT k, c FROM sbtest5 WHERE k BETWEEN 5691159 AND 5691259
	Bitmap Heap Scan on sbtest5  (cost=5.42..385.43 rows=96 width=125)
	  Recheck Cond: ((k >= 5691159) AND (k <= 5691259))
	  ->  Bitmap Index Scan on k_5  (cost=0.00..5.39 rows=96 width=0)
	        Index Cond: ((k >= 5691159) AND (k <= 5691259))

table 6 : explain SELECT k, c FROM sbtest6 WHERE k BETWEEN 5691159 AND 5691259
	Bitmap Heap Scan on sbtest6  (cost=5.49..413.00 rows=103 width=125)
	  Recheck Cond: ((k >= 5691159) AND (k <= 5691259))
	  ->  Bitmap Index Scan on k_6  (cost=0.00..5.46 rows=103 width=0)
	        Index Cond: ((k >= 5691159) AND (k <= 5691259))

table 7 : explain SELECT k, c FROM sbtest7 WHERE k BETWEEN 5691159 AND 5691259
	Bitmap Heap Scan on sbtest7  (cost=5.56..440.56 rows=110 width=125)
	  Recheck Cond: ((k >= 5691159) AND (k <= 5691259))
	  ->  Bitmap Index Scan on k_7  (cost=0.00..5.53 rows=110 width=0)
	        Index Cond: ((k >= 5691159) AND (k <= 5691259))

table 8 : explain SELECT k, c FROM sbtest8 WHERE k BETWEEN 5691159 AND 5691259
	Bitmap Heap Scan on sbtest8  (cost=5.49..413.00 rows=103 width=125)
	  Recheck Cond: ((k >= 5691159) AND (k <= 5691259))
	  ->  Bitmap Index Scan on k_8  (cost=0.00..5.46 rows=103 width=0)
	        Index Cond: ((k >= 5691159) AND (k <= 5691259))

explain: for range-notcovered :: explain SELECT k, c FROM sbtest%d WHERE k BETWEEN 5691159 AND 5691259
for range-notcovered
table 1 : explain SELECT k, c FROM sbtest1 WHERE k BETWEEN 6261470 AND 6261570
	Bitmap Heap Scan on sbtest1  (cost=5.49..413.00 rows=103 width=125)
	  Recheck Cond: ((k >= 6261470) AND (k <= 6261570))
	  ->  Bitmap Index Scan on k_1  (cost=0.00..5.46 rows=103 width=0)
	        Index Cond: ((k >= 6261470) AND (k <= 6261570))

table 2 : explain SELECT k, c FROM sbtest2 WHERE k BETWEEN 6261470 AND 6261570
	Bitmap Heap Scan on sbtest2  (cost=5.51..420.88 rows=105 width=125)
	  Recheck Cond: ((k >= 6261470) AND (k <= 6261570))
	  ->  Bitmap Index Scan on k_2  (cost=0.00..5.48 rows=105 width=0)
	        Index Cond: ((k >= 6261470) AND (k <= 6261570))

table 3 : explain SELECT k, c FROM sbtest3 WHERE k BETWEEN 6261470 AND 6261570
	Bitmap Heap Scan on sbtest3  (cost=5.47..405.13 rows=101 width=125)
	  Recheck Cond: ((k >= 6261470) AND (k <= 6261570))
	  ->  Bitmap Index Scan on k_3  (cost=0.00..5.44 rows=101 width=0)
	        Index Cond: ((k >= 6261470) AND (k <= 6261570))

table 4 : explain SELECT k, c FROM sbtest4 WHERE k BETWEEN 6261470 AND 6261570
	Bitmap Heap Scan on sbtest4  (cost=5.55..436.62 rows=109 width=125)
	  Recheck Cond: ((k >= 6261470) AND (k <= 6261570))
	  ->  Bitmap Index Scan on k_4  (cost=0.00..5.52 rows=109 width=0)
	        Index Cond: ((k >= 6261470) AND (k <= 6261570))

table 5 : explain SELECT k, c FROM sbtest5 WHERE k BETWEEN 6261470 AND 6261570
	Bitmap Heap Scan on sbtest5  (cost=5.47..405.13 rows=101 width=125)
	  Recheck Cond: ((k >= 6261470) AND (k <= 6261570))
	  ->  Bitmap Index Scan on k_5  (cost=0.00..5.44 rows=101 width=0)
	        Index Cond: ((k >= 6261470) AND (k <= 6261570))

table 6 : explain SELECT k, c FROM sbtest6 WHERE k BETWEEN 6261470 AND 6261570
	Bitmap Heap Scan on sbtest6  (cost=5.55..436.62 rows=109 width=125)
	  Recheck Cond: ((k >= 6261470) AND (k <= 6261570))
	  ->  Bitmap Index Scan on k_6  (cost=0.00..5.52 rows=109 width=0)
	        Index Cond: ((k >= 6261470) AND (k <= 6261570))

table 7 : explain SELECT k, c FROM sbtest7 WHERE k BETWEEN 6261470 AND 6261570
	Bitmap Heap Scan on sbtest7  (cost=5.48..409.07 rows=102 width=125)
	  Recheck Cond: ((k >= 6261470) AND (k <= 6261570))
	  ->  Bitmap Index Scan on k_7  (cost=0.00..5.45 rows=102 width=0)
	        Index Cond: ((k >= 6261470) AND (k <= 6261570))

table 8 : explain SELECT k, c FROM sbtest8 WHERE k BETWEEN 6261470 AND 6261570
	Bitmap Heap Scan on sbtest8  (cost=5.40..377.55 rows=94 width=125)
	  Recheck Cond: ((k >= 6261470) AND (k <= 6261570))
	  ->  Bitmap Index Scan on k_8  (cost=0.00..5.38 rows=94 width=0)
	        Index Cond: ((k >= 6261470) AND (k <= 6261570))

for range-notcovered
table 1 : explain SELECT k, c FROM sbtest1 WHERE k BETWEEN 5700846 AND 5700946
	Bitmap Heap Scan on sbtest1  (cost=5.40..377.55 rows=94 width=125)
	  Recheck Cond: ((k >= 5700846) AND (k <= 5700946))
	  ->  Bitmap Index Scan on k_1  (cost=0.00..5.38 rows=94 width=0)
	        Index Cond: ((k >= 5700846) AND (k <= 5700946))

table 2 : explain SELECT k, c FROM sbtest2 WHERE k BETWEEN 5700846 AND 5700946
	Bitmap Heap Scan on sbtest2  (cost=5.40..377.55 rows=94 width=125)
	  Recheck Cond: ((k >= 5700846) AND (k <= 5700946))
	  ->  Bitmap Index Scan on k_2  (cost=0.00..5.38 rows=94 width=0)
	        Index Cond: ((k >= 5700846) AND (k <= 5700946))

table 3 : explain SELECT k, c FROM sbtest3 WHERE k BETWEEN 5700846 AND 5700946
	Bitmap Heap Scan on sbtest3  (cost=5.47..405.13 rows=101 width=125)
	  Recheck Cond: ((k >= 5700846) AND (k <= 5700946))
	  ->  Bitmap Index Scan on k_3  (cost=0.00..5.44 rows=101 width=0)
	        Index Cond: ((k >= 5700846) AND (k <= 5700946))

table 4 : explain SELECT k, c FROM sbtest4 WHERE k BETWEEN 5700846 AND 5700946
	Bitmap Heap Scan on sbtest4  (cost=5.48..409.07 rows=102 width=125)
	  Recheck Cond: ((k >= 5700846) AND (k <= 5700946))
	  ->  Bitmap Index Scan on k_4  (cost=0.00..5.45 rows=102 width=0)
	        Index Cond: ((k >= 5700846) AND (k <= 5700946))

table 5 : explain SELECT k, c FROM sbtest5 WHERE k BETWEEN 5700846 AND 5700946
	Bitmap Heap Scan on sbtest5  (cost=5.42..385.43 rows=96 width=125)
	  Recheck Cond: ((k >= 5700846) AND (k <= 5700946))
	  ->  Bitmap Index Scan on k_5  (cost=0.00..5.39 rows=96 width=0)
	        Index Cond: ((k >= 5700846) AND (k <= 5700946))

table 6 : explain SELECT k, c FROM sbtest6 WHERE k BETWEEN 5700846 AND 5700946
	Bitmap Heap Scan on sbtest6  (cost=5.49..413.00 rows=103 width=125)
	  Recheck Cond: ((k >= 5700846) AND (k <= 5700946))
	  ->  Bitmap Index Scan on k_6  (cost=0.00..5.46 rows=103 width=0)
	        Index Cond: ((k >= 5700846) AND (k <= 5700946))

table 7 : explain SELECT k, c FROM sbtest7 WHERE k BETWEEN 5700846 AND 5700946
	Bitmap Heap Scan on sbtest7  (cost=5.56..440.56 rows=110 width=125)
	  Recheck Cond: ((k >= 5700846) AND (k <= 5700946))
	  ->  Bitmap Index Scan on k_7  (cost=0.00..5.53 rows=110 width=0)
	        Index Cond: ((k >= 5700846) AND (k <= 5700946))

table 8 : explain SELECT k, c FROM sbtest8 WHERE k BETWEEN 5700846 AND 5700946
	Bitmap Heap Scan on sbtest8  (cost=5.49..413.00 rows=103 width=125)
	  Recheck Cond: ((k >= 5700846) AND (k <= 5700946))
	  ->  Bitmap Index Scan on k_8  (cost=0.00..5.46 rows=103 width=0)
	        Index Cond: ((k >= 5700846) AND (k <= 5700946))

explain: for range-notcovered :: explain SELECT k, c FROM sbtest%d WHERE k BETWEEN 6261470 AND 6261570
explain: for range-notcovered :: explain SELECT k, c FROM sbtest%d WHERE k BETWEEN 5700846 AND 5700946
for range-notcovered
table 1 : explain SELECT k, c FROM sbtest1 WHERE k BETWEEN 5666615 AND 5666715
	Bitmap Heap Scan on sbtest1  (cost=5.51..420.88 rows=105 width=125)
	  Recheck Cond: ((k >= 5666615) AND (k <= 5666715))
	  ->  Bitmap Index Scan on k_1  (cost=0.00..5.48 rows=105 width=0)
	        Index Cond: ((k >= 5666615) AND (k <= 5666715))

table 2 : explain SELECT k, c FROM sbtest2 WHERE k BETWEEN 5666615 AND 5666715
	Bitmap Heap Scan on sbtest2  (cost=5.40..377.55 rows=94 width=125)
	  Recheck Cond: ((k >= 5666615) AND (k <= 5666715))
	  ->  Bitmap Index Scan on k_2  (cost=0.00..5.38 rows=94 width=0)
	        Index Cond: ((k >= 5666615) AND (k <= 5666715))

table 3 : explain SELECT k, c FROM sbtest3 WHERE k BETWEEN 5666615 AND 5666715
	Bitmap Heap Scan on sbtest3  (cost=5.47..405.13 rows=101 width=125)
	  Recheck Cond: ((k >= 5666615) AND (k <= 5666715))
	  ->  Bitmap Index Scan on k_3  (cost=0.00..5.44 rows=101 width=0)
	        Index Cond: ((k >= 5666615) AND (k <= 5666715))

table 4 : explain SELECT k, c FROM sbtest4 WHERE k BETWEEN 5666615 AND 5666715
	Bitmap Heap Scan on sbtest4  (cost=5.48..409.07 rows=102 width=125)
	  Recheck Cond: ((k >= 5666615) AND (k <= 5666715))
	  ->  Bitmap Index Scan on k_4  (cost=0.00..5.45 rows=102 width=0)
	        Index Cond: ((k >= 5666615) AND (k <= 5666715))

table 5 : explain SELECT k, c FROM sbtest5 WHERE k BETWEEN 5666615 AND 5666715
	Bitmap Heap Scan on sbtest5  (cost=5.42..385.43 rows=96 width=125)
	  Recheck Cond: ((k >= 5666615) AND (k <= 5666715))
	  ->  Bitmap Index Scan on k_5  (cost=0.00..5.39 rows=96 width=0)
	        Index Cond: ((k >= 5666615) AND (k <= 5666715))

table 6 : explain SELECT k, c FROM sbtest6 WHERE k BETWEEN 5666615 AND 5666715
	Bitmap Heap Scan on sbtest6  (cost=5.49..413.00 rows=103 width=125)
	  Recheck Cond: ((k >= 5666615) AND (k <= 5666715))
	  ->  Bitmap Index Scan on k_6  (cost=0.00..5.46 rows=103 width=0)
	        Index Cond: ((k >= 5666615) AND (k <= 5666715))

table 7 : explain SELECT k, c FROM sbtest7 WHERE k BETWEEN 5666615 AND 5666715
	Bitmap Heap Scan on sbtest7  (cost=5.48..409.07 rows=102 width=125)
	  Recheck Cond: ((k >= 5666615) AND (k <= 5666715))
	  ->  Bitmap Index Scan on k_7  (cost=0.00..5.45 rows=102 width=0)
	        Index Cond: ((k >= 5666615) AND (k <= 5666715))

table 8 : explain SELECT k, c FROM sbtest8 WHERE k BETWEEN 5666615 AND 5666715
	Bitmap Heap Scan on sbtest8  (cost=5.49..413.00 rows=103 width=125)
	  Recheck Cond: ((k >= 5666615) AND (k <= 5666715))
	  ->  Bitmap Index Scan on k_8  (cost=0.00..5.46 rows=103 width=0)
	        Index Cond: ((k >= 5666615) AND (k <= 5666715))

explain: for range-notcovered :: explain SELECT k, c FROM sbtest%d WHERE k BETWEEN 5666615 AND 5666715
for range-notcovered
table 1 : explain SELECT k, c FROM sbtest1 WHERE k BETWEEN 1670590 AND 1670690
	Bitmap Heap Scan on sbtest1  (cost=5.40..377.55 rows=94 width=125)
	  Recheck Cond: ((k >= 1670590) AND (k <= 1670690))
	  ->  Bitmap Index Scan on k_1  (cost=0.00..5.38 rows=94 width=0)
	        Index Cond: ((k >= 1670590) AND (k <= 1670690))

table 2 : explain SELECT k, c FROM sbtest2 WHERE k BETWEEN 1670590 AND 1670690
	Bitmap Heap Scan on sbtest2  (cost=5.45..397.25 rows=99 width=125)
	  Recheck Cond: ((k >= 1670590) AND (k <= 1670690))
	  ->  Bitmap Index Scan on k_2  (cost=0.00..5.42 rows=99 width=0)
	        Index Cond: ((k >= 1670590) AND (k <= 1670690))

table 3 : explain SELECT k, c FROM sbtest3 WHERE k BETWEEN 1670590 AND 1670690
	Bitmap Heap Scan on sbtest3  (cost=5.52..424.81 rows=106 width=125)
	  Recheck Cond: ((k >= 1670590) AND (k <= 1670690))
	  ->  Bitmap Index Scan on k_3  (cost=0.00..5.50 rows=106 width=0)
	        Index Cond: ((k >= 1670590) AND (k <= 1670690))

table 4 : explain SELECT k, c FROM sbtest4 WHERE k BETWEEN 1670590 AND 1670690
	Bitmap Heap Scan on sbtest4  (cost=5.50..416.94 rows=104 width=125)
	  Recheck Cond: ((k >= 1670590) AND (k <= 1670690))
	  ->  Bitmap Index Scan on k_4  (cost=0.00..5.47 rows=104 width=0)
	        Index Cond: ((k >= 1670590) AND (k <= 1670690))

table 5 : explain SELECT k, c FROM sbtest5 WHERE k BETWEEN 1670590 AND 1670690
	Bitmap Heap Scan on sbtest5  (cost=5.46..401.19 rows=100 width=125)
	  Recheck Cond: ((k >= 1670590) AND (k <= 1670690))
	  ->  Bitmap Index Scan on k_5  (cost=0.00..5.43 rows=100 width=0)
	        Index Cond: ((k >= 1670590) AND (k <= 1670690))

table 6 : explain SELECT k, c FROM sbtest6 WHERE k BETWEEN 1670590 AND 1670690
	Bitmap Heap Scan on sbtest6  (cost=5.47..405.13 rows=101 width=125)
	  Recheck Cond: ((k >= 1670590) AND (k <= 1670690))
	  ->  Bitmap Index Scan on k_6  (cost=0.00..5.44 rows=101 width=0)
	        Index Cond: ((k >= 1670590) AND (k <= 1670690))

table 7 : explain SELECT k, c FROM sbtest7 WHERE k BETWEEN 1670590 AND 1670690
	Bitmap Heap Scan on sbtest7  (cost=5.47..405.13 rows=101 width=125)
	  Recheck Cond: ((k >= 1670590) AND (k <= 1670690))
	  ->  Bitmap Index Scan on k_7  (cost=0.00..5.44 rows=101 width=0)
	        Index Cond: ((k >= 1670590) AND (k <= 1670690))

table 8 : explain SELECT k, c FROM sbtest8 WHERE k BETWEEN 1670590 AND 1670690
	Bitmap Heap Scan on sbtest8  (cost=5.41..381.49 rows=95 width=125)
	  Recheck Cond: ((k >= 1670590) AND (k <= 1670690))
	  ->  Bitmap Index Scan on k_8  (cost=0.00..5.38 rows=95 width=0)
	        Index Cond: ((k >= 1670590) AND (k <= 1670690))

explain: for range-notcovered :: explain SELECT k, c FROM sbtest%d WHERE k BETWEEN 1670590 AND 1670690
for range-notcovered
table 1 : explain SELECT k, c FROM sbtest1 WHERE k BETWEEN 6125741 AND 6125841
	Bitmap Heap Scan on sbtest1  (cost=5.47..405.13 rows=101 width=125)
	  Recheck Cond: ((k >= 6125741) AND (k <= 6125841))
	  ->  Bitmap Index Scan on k_1  (cost=0.00..5.44 rows=101 width=0)
	        Index Cond: ((k >= 6125741) AND (k <= 6125841))

table 2 : explain SELECT k, c FROM sbtest2 WHERE k BETWEEN 6125741 AND 6125841
	Bitmap Heap Scan on sbtest2  (cost=5.54..432.69 rows=108 width=125)
	  Recheck Cond: ((k >= 6125741) AND (k <= 6125841))
	  ->  Bitmap Index Scan on k_2  (cost=0.00..5.51 rows=108 width=0)
	        Index Cond: ((k >= 6125741) AND (k <= 6125841))

table 3 : explain SELECT k, c FROM sbtest3 WHERE k BETWEEN 6125741 AND 6125841
	Bitmap Heap Scan on sbtest3  (cost=5.46..401.19 rows=100 width=125)
	  Recheck Cond: ((k >= 6125741) AND (k <= 6125841))
	  ->  Bitmap Index Scan on k_3  (cost=0.00..5.43 rows=100 width=0)
	        Index Cond: ((k >= 6125741) AND (k <= 6125841))

table 4 : explain SELECT k, c FROM sbtest4 WHERE k BETWEEN 6125741 AND 6125841
	Bitmap Heap Scan on sbtest4  (cost=5.33..349.95 rows=87 width=125)
	  Recheck Cond: ((k >= 6125741) AND (k <= 6125841))
	  ->  Bitmap Index Scan on k_4  (cost=0.00..5.30 rows=87 width=0)
	        Index Cond: ((k >= 6125741) AND (k <= 6125841))

table 5 : explain SELECT k, c FROM sbtest5 WHERE k BETWEEN 6125741 AND 6125841
	Bitmap Heap Scan on sbtest5  (cost=5.42..385.43 rows=96 width=125)
	  Recheck Cond: ((k >= 6125741) AND (k <= 6125841))
	  ->  Bitmap Index Scan on k_5  (cost=0.00..5.39 rows=96 width=0)
	        Index Cond: ((k >= 6125741) AND (k <= 6125841))

table 6 : explain SELECT k, c FROM sbtest6 WHERE k BETWEEN 6125741 AND 6125841
	Bitmap Heap Scan on sbtest6  (cost=5.43..389.37 rows=97 width=125)
	  Recheck Cond: ((k >= 6125741) AND (k <= 6125841))
	  ->  Bitmap Index Scan on k_6  (cost=0.00..5.40 rows=97 width=0)
	        Index Cond: ((k >= 6125741) AND (k <= 6125841))

table 7 : explain SELECT k, c FROM sbtest7 WHERE k BETWEEN 6125741 AND 6125841
	Bitmap Heap Scan on sbtest7  (cost=5.42..385.43 rows=96 width=125)
	  Recheck Cond: ((k >= 6125741) AND (k <= 6125841))
	  ->  Bitmap Index Scan on k_7  (cost=0.00..5.39 rows=96 width=0)
	        Index Cond: ((k >= 6125741) AND (k <= 6125841))

table 8 : explain SELECT k, c FROM sbtest8 WHERE k BETWEEN 6125741 AND 6125841
	Bitmap Heap Scan on sbtest8  (cost=5.56..440.56 rows=110 width=125)
	  Recheck Cond: ((k >= 6125741) AND (k <= 6125841))
	  ->  Bitmap Index Scan on k_8  (cost=0.00..5.53 rows=110 width=0)
	        Index Cond: ((k >= 6125741) AND (k <= 6125841))

explain: for range-notcovered :: explain SELECT k, c FROM sbtest%d WHERE k BETWEEN 6125741 AND 6125841
for range-notcovered
table 1 : explain SELECT k, c FROM sbtest1 WHERE k BETWEEN 5691159 AND 5691259
	Bitmap Heap Scan on sbtest1  (cost=5.40..377.55 rows=94 width=125)
	  Recheck Cond: ((k >= 5691159) AND (k <= 5691259))
	  ->  Bitmap Index Scan on k_1  (cost=0.00..5.38 rows=94 width=0)
	        Index Cond: ((k >= 5691159) AND (k <= 5691259))

table 2 : explain SELECT k, c FROM sbtest2 WHERE k BETWEEN 5691159 AND 5691259
	Bitmap Heap Scan on sbtest2  (cost=5.40..377.55 rows=94 width=125)
	  Recheck Cond: ((k >= 5691159) AND (k <= 5691259))
	  ->  Bitmap Index Scan on k_2  (cost=0.00..5.38 rows=94 width=0)
	        Index Cond: ((k >= 5691159) AND (k <= 5691259))

table 3 : explain SELECT k, c FROM sbtest3 WHERE k BETWEEN 5691159 AND 5691259
	Bitmap Heap Scan on sbtest3  (cost=5.47..405.13 rows=101 width=125)
	  Recheck Cond: ((k >= 5691159) AND (k <= 5691259))
	  ->  Bitmap Index Scan on k_3  (cost=0.00..5.44 rows=101 width=0)
	        Index Cond: ((k >= 5691159) AND (k <= 5691259))

table 4 : explain SELECT k, c FROM sbtest4 WHERE k BETWEEN 5691159 AND 5691259
	Bitmap Heap Scan on sbtest4  (cost=5.48..409.07 rows=102 width=125)
	  Recheck Cond: ((k >= 5691159) AND (k <= 5691259))
	  ->  Bitmap Index Scan on k_4  (cost=0.00..5.45 rows=102 width=0)
	        Index Cond: ((k >= 5691159) AND (k <= 5691259))

table 5 : explain SELECT k, c FROM sbtest5 WHERE k BETWEEN 5691159 AND 5691259
	Bitmap Heap Scan on sbtest5  (cost=5.42..385.43 rows=96 width=125)
	  Recheck Cond: ((k >= 5691159) AND (k <= 5691259))
	  ->  Bitmap Index Scan on k_5  (cost=0.00..5.39 rows=96 width=0)
	        Index Cond: ((k >= 5691159) AND (k <= 5691259))

table 6 : explain SELECT k, c FROM sbtest6 WHERE k BETWEEN 5691159 AND 5691259
	Bitmap Heap Scan on sbtest6  (cost=5.49..413.00 rows=103 width=125)
	  Recheck Cond: ((k >= 5691159) AND (k <= 5691259))
	  ->  Bitmap Index Scan on k_6  (cost=0.00..5.46 rows=103 width=0)
	        Index Cond: ((k >= 5691159) AND (k <= 5691259))

table 7 : explain SELECT k, c FROM sbtest7 WHERE k BETWEEN 5691159 AND 5691259
	Bitmap Heap Scan on sbtest7  (cost=5.56..440.56 rows=110 width=125)
	  Recheck Cond: ((k >= 5691159) AND (k <= 5691259))
	  ->  Bitmap Index Scan on k_7  (cost=0.00..5.53 rows=110 width=0)
	        Index Cond: ((k >= 5691159) AND (k <= 5691259))

table 8 : explain SELECT k, c FROM sbtest8 WHERE k BETWEEN 5691159 AND 5691259
	Bitmap Heap Scan on sbtest8  (cost=5.49..413.00 rows=103 width=125)
	  Recheck Cond: ((k >= 5691159) AND (k <= 5691259))
	  ->  Bitmap Index Scan on k_8  (cost=0.00..5.46 rows=103 width=0)
	        Index Cond: ((k >= 5691159) AND (k <= 5691259))

for range-notcovered
table 1 : explain SELECT k, c FROM sbtest1 WHERE k BETWEEN 6261470 AND 6261570
	Bitmap Heap Scan on sbtest1  (cost=5.49..413.00 rows=103 width=125)
	  Recheck Cond: ((k >= 6261470) AND (k <= 6261570))
	  ->  Bitmap Index Scan on k_1  (cost=0.00..5.46 rows=103 width=0)
	        Index Cond: ((k >= 6261470) AND (k <= 6261570))

table 2 : explain SELECT k, c FROM sbtest2 WHERE k BETWEEN 6261470 AND 6261570
	Bitmap Heap Scan on sbtest2  (cost=5.51..420.88 rows=105 width=125)
	  Recheck Cond: ((k >= 6261470) AND (k <= 6261570))
	  ->  Bitmap Index Scan on k_2  (cost=0.00..5.48 rows=105 width=0)
	        Index Cond: ((k >= 6261470) AND (k <= 6261570))

table 3 : explain SELECT k, c FROM sbtest3 WHERE k BETWEEN 6261470 AND 6261570
	Bitmap Heap Scan on sbtest3  (cost=5.47..405.13 rows=101 width=125)
	  Recheck Cond: ((k >= 6261470) AND (k <= 6261570))
	  ->  Bitmap Index Scan on k_3  (cost=0.00..5.44 rows=101 width=0)
	        Index Cond: ((k >= 6261470) AND (k <= 6261570))

table 4 : explain SELECT k, c FROM sbtest4 WHERE k BETWEEN 6261470 AND 6261570
	Bitmap Heap Scan on sbtest4  (cost=5.55..436.62 rows=109 width=125)
	  Recheck Cond: ((k >= 6261470) AND (k <= 6261570))
	  ->  Bitmap Index Scan on k_4  (cost=0.00..5.52 rows=109 width=0)
	        Index Cond: ((k >= 6261470) AND (k <= 6261570))

table 5 : explain SELECT k, c FROM sbtest5 WHERE k BETWEEN 6261470 AND 6261570
	Bitmap Heap Scan on sbtest5  (cost=5.47..405.13 rows=101 width=125)
	  Recheck Cond: ((k >= 6261470) AND (k <= 6261570))
	  ->  Bitmap Index Scan on k_5  (cost=0.00..5.44 rows=101 width=0)
	        Index Cond: ((k >= 6261470) AND (k <= 6261570))

table 6 : explain SELECT k, c FROM sbtest6 WHERE k BETWEEN 6261470 AND 6261570
	Bitmap Heap Scan on sbtest6  (cost=5.55..436.62 rows=109 width=125)
	  Recheck Cond: ((k >= 6261470) AND (k <= 6261570))
	  ->  Bitmap Index Scan on k_6  (cost=0.00..5.52 rows=109 width=0)
	        Index Cond: ((k >= 6261470) AND (k <= 6261570))

table 7 : explain SELECT k, c FROM sbtest7 WHERE k BETWEEN 6261470 AND 6261570
	Bitmap Heap Scan on sbtest7  (cost=5.48..409.07 rows=102 width=125)
	  Recheck Cond: ((k >= 6261470) AND (k <= 6261570))
	  ->  Bitmap Index Scan on k_7  (cost=0.00..5.45 rows=102 width=0)
	        Index Cond: ((k >= 6261470) AND (k <= 6261570))

table 8 : explain SELECT k, c FROM sbtest8 WHERE k BETWEEN 6261470 AND 6261570
	Bitmap Heap Scan on sbtest8  (cost=5.40..377.55 rows=94 width=125)
	  Recheck Cond: ((k >= 6261470) AND (k <= 6261570))
	  ->  Bitmap Index Scan on k_8  (cost=0.00..5.38 rows=94 width=0)
	        Index Cond: ((k >= 6261470) AND (k <= 6261570))

explain: for range-notcovered :: explain SELECT k, c FROM sbtest%d WHERE k BETWEEN 5691159 AND 5691259
explain: for range-notcovered :: explain SELECT k, c FROM sbtest%d WHERE k BETWEEN 6261470 AND 6261570
for range-notcovered
table 1 : explain SELECT k, c FROM sbtest1 WHERE k BETWEEN 1670590 AND 1670690
	Bitmap Heap Scan on sbtest1  (cost=5.40..377.55 rows=94 width=125)
	  Recheck Cond: ((k >= 1670590) AND (k <= 1670690))
	  ->  Bitmap Index Scan on k_1  (cost=0.00..5.38 rows=94 width=0)
	        Index Cond: ((k >= 1670590) AND (k <= 1670690))

table 2 : explain SELECT k, c FROM sbtest2 WHERE k BETWEEN 1670590 AND 1670690
	Bitmap Heap Scan on sbtest2  (cost=5.45..397.25 rows=99 width=125)
	  Recheck Cond: ((k >= 1670590) AND (k <= 1670690))
	  ->  Bitmap Index Scan on k_2  (cost=0.00..5.42 rows=99 width=0)
	        Index Cond: ((k >= 1670590) AND (k <= 1670690))

table 3 : explain SELECT k, c FROM sbtest3 WHERE k BETWEEN 1670590 AND 1670690
	Bitmap Heap Scan on sbtest3  (cost=5.52..424.81 rows=106 width=125)
	  Recheck Cond: ((k >= 1670590) AND (k <= 1670690))
	  ->  Bitmap Index Scan on k_3  (cost=0.00..5.50 rows=106 width=0)
	        Index Cond: ((k >= 1670590) AND (k <= 1670690))

table 4 : explain SELECT k, c FROM sbtest4 WHERE k BETWEEN 1670590 AND 1670690
	Bitmap Heap Scan on sbtest4  (cost=5.50..416.94 rows=104 width=125)
	  Recheck Cond: ((k >= 1670590) AND (k <= 1670690))
	  ->  Bitmap Index Scan on k_4  (cost=0.00..5.47 rows=104 width=0)
	        Index Cond: ((k >= 1670590) AND (k <= 1670690))

table 5 : explain SELECT k, c FROM sbtest5 WHERE k BETWEEN 1670590 AND 1670690
	Bitmap Heap Scan on sbtest5  (cost=5.46..401.19 rows=100 width=125)
	  Recheck Cond: ((k >= 1670590) AND (k <= 1670690))
	  ->  Bitmap Index Scan on k_5  (cost=0.00..5.43 rows=100 width=0)
	        Index Cond: ((k >= 1670590) AND (k <= 1670690))

table 6 : explain SELECT k, c FROM sbtest6 WHERE k BETWEEN 1670590 AND 1670690
	Bitmap Heap Scan on sbtest6  (cost=5.47..405.13 rows=101 width=125)
	  Recheck Cond: ((k >= 1670590) AND (k <= 1670690))
	  ->  Bitmap Index Scan on k_6  (cost=0.00..5.44 rows=101 width=0)
	        Index Cond: ((k >= 1670590) AND (k <= 1670690))

table 7 : explain SELECT k, c FROM sbtest7 WHERE k BETWEEN 1670590 AND 1670690
	Bitmap Heap Scan on sbtest7  (cost=5.47..405.13 rows=101 width=125)
	  Recheck Cond: ((k >= 1670590) AND (k <= 1670690))
	  ->  Bitmap Index Scan on k_7  (cost=0.00..5.44 rows=101 width=0)
	        Index Cond: ((k >= 1670590) AND (k <= 1670690))

table 8 : explain SELECT k, c FROM sbtest8 WHERE k BETWEEN 1670590 AND 1670690
	Bitmap Heap Scan on sbtest8  (cost=5.41..381.49 rows=95 width=125)
	  Recheck Cond: ((k >= 1670590) AND (k <= 1670690))
	  ->  Bitmap Index Scan on k_8  (cost=0.00..5.38 rows=95 width=0)
	        Index Cond: ((k >= 1670590) AND (k <= 1670690))

explain: for range-notcovered :: explain SELECT k, c FROM sbtest%d WHERE k BETWEEN 1670590 AND 1670690
for range-notcovered
table 1 : explain SELECT k, c FROM sbtest1 WHERE k BETWEEN 5812701 AND 5812801
	Bitmap Heap Scan on sbtest1  (cost=5.49..413.00 rows=103 width=125)
	  Recheck Cond: ((k >= 5812701) AND (k <= 5812801))
	  ->  Bitmap Index Scan on k_1  (cost=0.00..5.46 rows=103 width=0)
	        Index Cond: ((k >= 5812701) AND (k <= 5812801))

table 2 : explain SELECT k, c FROM sbtest2 WHERE k BETWEEN 5812701 AND 5812801
	Bitmap Heap Scan on sbtest2  (cost=5.47..405.13 rows=101 width=125)
	  Recheck Cond: ((k >= 5812701) AND (k <= 5812801))
	  ->  Bitmap Index Scan on k_2  (cost=0.00..5.44 rows=101 width=0)
	        Index Cond: ((k >= 5812701) AND (k <= 5812801))

table 3 : explain SELECT k, c FROM sbtest3 WHERE k BETWEEN 5812701 AND 5812801
	Bitmap Heap Scan on sbtest3  (cost=5.43..389.37 rows=97 width=125)
	  Recheck Cond: ((k >= 5812701) AND (k <= 5812801))
	  ->  Bitmap Index Scan on k_3  (cost=0.00..5.40 rows=97 width=0)
	        Index Cond: ((k >= 5812701) AND (k <= 5812801))

table 4 : explain SELECT k, c FROM sbtest4 WHERE k BETWEEN 5812701 AND 5812801
	Bitmap Heap Scan on sbtest4  (cost=5.48..409.07 rows=102 width=125)
	  Recheck Cond: ((k >= 5812701) AND (k <= 5812801))
	  ->  Bitmap Index Scan on k_4  (cost=0.00..5.45 rows=102 width=0)
	        Index Cond: ((k >= 5812701) AND (k <= 5812801))

table 5 : explain SELECT k, c FROM sbtest5 WHERE k BETWEEN 5812701 AND 5812801
	Bitmap Heap Scan on sbtest5  (cost=5.50..416.94 rows=104 width=125)
	  Recheck Cond: ((k >= 5812701) AND (k <= 5812801))
	  ->  Bitmap Index Scan on k_5  (cost=0.00..5.47 rows=104 width=0)
	        Index Cond: ((k >= 5812701) AND (k <= 5812801))

table 6 : explain SELECT k, c FROM sbtest6 WHERE k BETWEEN 5812701 AND 5812801
	Bitmap Heap Scan on sbtest6  (cost=5.54..432.69 rows=108 width=125)
	  Recheck Cond: ((k >= 5812701) AND (k <= 5812801))
	  ->  Bitmap Index Scan on k_6  (cost=0.00..5.51 rows=108 width=0)
	        Index Cond: ((k >= 5812701) AND (k <= 5812801))

table 7 : explain SELECT k, c FROM sbtest7 WHERE k BETWEEN 5812701 AND 5812801
	Bitmap Heap Scan on sbtest7  (cost=5.50..416.94 rows=104 width=125)
	  Recheck Cond: ((k >= 5812701) AND (k <= 5812801))
	  ->  Bitmap Index Scan on k_7  (cost=0.00..5.47 rows=104 width=0)
	        Index Cond: ((k >= 5812701) AND (k <= 5812801))

table 8 : explain SELECT k, c FROM sbtest8 WHERE k BETWEEN 5812701 AND 5812801
	Bitmap Heap Scan on sbtest8  (cost=5.49..413.00 rows=103 width=125)
	  Recheck Cond: ((k >= 5812701) AND (k <= 5812801))
	  ->  Bitmap Index Scan on k_8  (cost=0.00..5.46 rows=103 width=0)
	        Index Cond: ((k >= 5812701) AND (k <= 5812801))

explain: for range-notcovered :: explain SELECT k, c FROM sbtest%d WHERE k BETWEEN 5812701 AND 5812801
for range-notcovered
table 1 : explain SELECT k, c FROM sbtest1 WHERE k BETWEEN 6261470 AND 6261570
	Bitmap Heap Scan on sbtest1  (cost=5.49..413.00 rows=103 width=125)
	  Recheck Cond: ((k >= 6261470) AND (k <= 6261570))
	  ->  Bitmap Index Scan on k_1  (cost=0.00..5.46 rows=103 width=0)
	        Index Cond: ((k >= 6261470) AND (k <= 6261570))

table 2 : explain SELECT k, c FROM sbtest2 WHERE k BETWEEN 6261470 AND 6261570
	Bitmap Heap Scan on sbtest2  (cost=5.51..420.88 rows=105 width=125)
	  Recheck Cond: ((k >= 6261470) AND (k <= 6261570))
	  ->  Bitmap Index Scan on k_2  (cost=0.00..5.48 rows=105 width=0)
	        Index Cond: ((k >= 6261470) AND (k <= 6261570))

table 3 : explain SELECT k, c FROM sbtest3 WHERE k BETWEEN 6261470 AND 6261570
	Bitmap Heap Scan on sbtest3  (cost=5.47..405.13 rows=101 width=125)
	  Recheck Cond: ((k >= 6261470) AND (k <= 6261570))
	  ->  Bitmap Index Scan on k_3  (cost=0.00..5.44 rows=101 width=0)
	        Index Cond: ((k >= 6261470) AND (k <= 6261570))

table 4 : explain SELECT k, c FROM sbtest4 WHERE k BETWEEN 6261470 AND 6261570
	Bitmap Heap Scan on sbtest4  (cost=5.55..436.62 rows=109 width=125)
	  Recheck Cond: ((k >= 6261470) AND (k <= 6261570))
	  ->  Bitmap Index Scan on k_4  (cost=0.00..5.52 rows=109 width=0)
	        Index Cond: ((k >= 6261470) AND (k <= 6261570))

table 5 : explain SELECT k, c FROM sbtest5 WHERE k BETWEEN 6261470 AND 6261570
	Bitmap Heap Scan on sbtest5  (cost=5.47..405.13 rows=101 width=125)
	  Recheck Cond: ((k >= 6261470) AND (k <= 6261570))
	  ->  Bitmap Index Scan on k_5  (cost=0.00..5.44 rows=101 width=0)
	        Index Cond: ((k >= 6261470) AND (k <= 6261570))

table 6 : explain SELECT k, c FROM sbtest6 WHERE k BETWEEN 6261470 AND 6261570
	Bitmap Heap Scan on sbtest6  (cost=5.55..436.62 rows=109 width=125)
	  Recheck Cond: ((k >= 6261470) AND (k <= 6261570))
	  ->  Bitmap Index Scan on k_6  (cost=0.00..5.52 rows=109 width=0)
	        Index Cond: ((k >= 6261470) AND (k <= 6261570))

table 7 : explain SELECT k, c FROM sbtest7 WHERE k BETWEEN 6261470 AND 6261570
	Bitmap Heap Scan on sbtest7  (cost=5.48..409.07 rows=102 width=125)
	  Recheck Cond: ((k >= 6261470) AND (k <= 6261570))
	  ->  Bitmap Index Scan on k_7  (cost=0.00..5.45 rows=102 width=0)
	        Index Cond: ((k >= 6261470) AND (k <= 6261570))

table 8 : explain SELECT k, c FROM sbtest8 WHERE k BETWEEN 6261470 AND 6261570
	Bitmap Heap Scan on sbtest8  (cost=5.40..377.55 rows=94 width=125)
	  Recheck Cond: ((k >= 6261470) AND (k <= 6261570))
	  ->  Bitmap Index Scan on k_8  (cost=0.00..5.38 rows=94 width=0)
	        Index Cond: ((k >= 6261470) AND (k <= 6261570))

explain: for range-notcovered :: explain SELECT k, c FROM sbtest%d WHERE k BETWEEN 6261470 AND 6261570
for range-notcovered
table 1 : explain SELECT k, c FROM sbtest1 WHERE k BETWEEN 5700846 AND 5700946
	Bitmap Heap Scan on sbtest1  (cost=5.40..377.55 rows=94 width=125)
	  Recheck Cond: ((k >= 5700846) AND (k <= 5700946))
	  ->  Bitmap Index Scan on k_1  (cost=0.00..5.38 rows=94 width=0)
	        Index Cond: ((k >= 5700846) AND (k <= 5700946))

table 2 : explain SELECT k, c FROM sbtest2 WHERE k BETWEEN 5700846 AND 5700946
	Bitmap Heap Scan on sbtest2  (cost=5.40..377.55 rows=94 width=125)
	  Recheck Cond: ((k >= 5700846) AND (k <= 5700946))
	  ->  Bitmap Index Scan on k_2  (cost=0.00..5.38 rows=94 width=0)
	        Index Cond: ((k >= 5700846) AND (k <= 5700946))

table 3 : explain SELECT k, c FROM sbtest3 WHERE k BETWEEN 5700846 AND 5700946
	Bitmap Heap Scan on sbtest3  (cost=5.47..405.13 rows=101 width=125)
	  Recheck Cond: ((k >= 5700846) AND (k <= 5700946))
	  ->  Bitmap Index Scan on k_3  (cost=0.00..5.44 rows=101 width=0)
	        Index Cond: ((k >= 5700846) AND (k <= 5700946))

table 4 : explain SELECT k, c FROM sbtest4 WHERE k BETWEEN 5700846 AND 5700946
	Bitmap Heap Scan on sbtest4  (cost=5.48..409.07 rows=102 width=125)
	  Recheck Cond: ((k >= 5700846) AND (k <= 5700946))
	  ->  Bitmap Index Scan on k_4  (cost=0.00..5.45 rows=102 width=0)
	        Index Cond: ((k >= 5700846) AND (k <= 5700946))

table 5 : explain SELECT k, c FROM sbtest5 WHERE k BETWEEN 5700846 AND 5700946
	Bitmap Heap Scan on sbtest5  (cost=5.42..385.43 rows=96 width=125)
	  Recheck Cond: ((k >= 5700846) AND (k <= 5700946))
	  ->  Bitmap Index Scan on k_5  (cost=0.00..5.39 rows=96 width=0)
	        Index Cond: ((k >= 5700846) AND (k <= 5700946))

table 6 : explain SELECT k, c FROM sbtest6 WHERE k BETWEEN 5700846 AND 5700946
	Bitmap Heap Scan on sbtest6  (cost=5.49..413.00 rows=103 width=125)
	  Recheck Cond: ((k >= 5700846) AND (k <= 5700946))
	  ->  Bitmap Index Scan on k_6  (cost=0.00..5.46 rows=103 width=0)
	        Index Cond: ((k >= 5700846) AND (k <= 5700946))

table 7 : explain SELECT k, c FROM sbtest7 WHERE k BETWEEN 5700846 AND 5700946
	Bitmap Heap Scan on sbtest7  (cost=5.56..440.56 rows=110 width=125)
	  Recheck Cond: ((k >= 5700846) AND (k <= 5700946))
	  ->  Bitmap Index Scan on k_7  (cost=0.00..5.53 rows=110 width=0)
	        Index Cond: ((k >= 5700846) AND (k <= 5700946))

table 8 : explain SELECT k, c FROM sbtest8 WHERE k BETWEEN 5700846 AND 5700946
	Bitmap Heap Scan on sbtest8  (cost=5.49..413.00 rows=103 width=125)
	  Recheck Cond: ((k >= 5700846) AND (k <= 5700946))
	  ->  Bitmap Index Scan on k_8  (cost=0.00..5.46 rows=103 width=0)
	        Index Cond: ((k >= 5700846) AND (k <= 5700946))

explain: for range-notcovered :: explain SELECT k, c FROM sbtest%d WHERE k BETWEEN 3637741 AND 3637841
for range-notcovered
table 1 : explain SELECT k, c FROM sbtest1 WHERE k BETWEEN 1670590 AND 1670690
	Bitmap Heap Scan on sbtest1  (cost=5.40..377.55 rows=94 width=125)
	  Recheck Cond: ((k >= 1670590) AND (k <= 1670690))
	  ->  Bitmap Index Scan on k_1  (cost=0.00..5.38 rows=94 width=0)
	        Index Cond: ((k >= 1670590) AND (k <= 1670690))

table 2 : explain SELECT k, c FROM sbtest2 WHERE k BETWEEN 1670590 AND 1670690
	Bitmap Heap Scan on sbtest2  (cost=5.45..397.25 rows=99 width=125)
	  Recheck Cond: ((k >= 1670590) AND (k <= 1670690))
	  ->  Bitmap Index Scan on k_2  (cost=0.00..5.42 rows=99 width=0)
	        Index Cond: ((k >= 1670590) AND (k <= 1670690))

table 3 : explain SELECT k, c FROM sbtest3 WHERE k BETWEEN 1670590 AND 1670690
	Bitmap Heap Scan on sbtest3  (cost=5.52..424.81 rows=106 width=125)
	  Recheck Cond: ((k >= 1670590) AND (k <= 1670690))
	  ->  Bitmap Index Scan on k_3  (cost=0.00..5.50 rows=106 width=0)
	        Index Cond: ((k >= 1670590) AND (k <= 1670690))

table 4 : explain SELECT k, c FROM sbtest4 WHERE k BETWEEN 1670590 AND 1670690
	Bitmap Heap Scan on sbtest4  (cost=5.50..416.94 rows=104 width=125)
	  Recheck Cond: ((k >= 1670590) AND (k <= 1670690))
	  ->  Bitmap Index Scan on k_4  (cost=0.00..5.47 rows=104 width=0)
	        Index Cond: ((k >= 1670590) AND (k <= 1670690))

table 5 : explain SELECT k, c FROM sbtest5 WHERE k BETWEEN 1670590 AND 1670690
	Bitmap Heap Scan on sbtest5  (cost=5.46..401.19 rows=100 width=125)
	  Recheck Cond: ((k >= 1670590) AND (k <= 1670690))
	  ->  Bitmap Index Scan on k_5  (cost=0.00..5.43 rows=100 width=0)
	        Index Cond: ((k >= 1670590) AND (k <= 1670690))

table 6 : explain SELECT k, c FROM sbtest6 WHERE k BETWEEN 1670590 AND 1670690
	Bitmap Heap Scan on sbtest6  (cost=5.47..405.13 rows=101 width=125)
	  Recheck Cond: ((k >= 1670590) AND (k <= 1670690))
	  ->  Bitmap Index Scan on k_6  (cost=0.00..5.44 rows=101 width=0)
	        Index Cond: ((k >= 1670590) AND (k <= 1670690))

table 7 : explain SELECT k, c FROM sbtest7 WHERE k BETWEEN 1670590 AND 1670690
	Bitmap Heap Scan on sbtest7  (cost=5.47..405.13 rows=101 width=125)
	  Recheck Cond: ((k >= 1670590) AND (k <= 1670690))
	  ->  Bitmap Index Scan on k_7  (cost=0.00..5.44 rows=101 width=0)
	        Index Cond: ((k >= 1670590) AND (k <= 1670690))

table 8 : explain SELECT k, c FROM sbtest8 WHERE k BETWEEN 1670590 AND 1670690
	Bitmap Heap Scan on sbtest8  (cost=5.41..381.49 rows=95 width=125)
	  Recheck Cond: ((k >= 1670590) AND (k <= 1670690))
	  ->  Bitmap Index Scan on k_8  (cost=0.00..5.38 rows=95 width=0)
	        Index Cond: ((k >= 1670590) AND (k <= 1670690))

explain: for range-notcovered :: explain SELECT k, c FROM sbtest%d WHERE k BETWEEN 5700846 AND 5700946
explain: for range-notcovered :: explain SELECT k, c FROM sbtest%d WHERE k BETWEEN 1670590 AND 1670690
for range-notcovered
table 1 : explain SELECT k, c FROM sbtest1 WHERE k BETWEEN 5812701 AND 5812801
	Bitmap Heap Scan on sbtest1  (cost=5.49..413.00 rows=103 width=125)
	  Recheck Cond: ((k >= 5812701) AND (k <= 5812801))
	  ->  Bitmap Index Scan on k_1  (cost=0.00..5.46 rows=103 width=0)
	        Index Cond: ((k >= 5812701) AND (k <= 5812801))

table 2 : explain SELECT k, c FROM sbtest2 WHERE k BETWEEN 5812701 AND 5812801
	Bitmap Heap Scan on sbtest2  (cost=5.47..405.13 rows=101 width=125)
	  Recheck Cond: ((k >= 5812701) AND (k <= 5812801))
	  ->  Bitmap Index Scan on k_2  (cost=0.00..5.44 rows=101 width=0)
	        Index Cond: ((k >= 5812701) AND (k <= 5812801))

table 3 : explain SELECT k, c FROM sbtest3 WHERE k BETWEEN 5812701 AND 5812801
	Bitmap Heap Scan on sbtest3  (cost=5.43..389.37 rows=97 width=125)
	  Recheck Cond: ((k >= 5812701) AND (k <= 5812801))
	  ->  Bitmap Index Scan on k_3  (cost=0.00..5.40 rows=97 width=0)
	        Index Cond: ((k >= 5812701) AND (k <= 5812801))

table 4 : explain SELECT k, c FROM sbtest4 WHERE k BETWEEN 5812701 AND 5812801
	Bitmap Heap Scan on sbtest4  (cost=5.48..409.07 rows=102 width=125)
	  Recheck Cond: ((k >= 5812701) AND (k <= 5812801))
	  ->  Bitmap Index Scan on k_4  (cost=0.00..5.45 rows=102 width=0)
	        Index Cond: ((k >= 5812701) AND (k <= 5812801))

table 5 : explain SELECT k, c FROM sbtest5 WHERE k BETWEEN 5812701 AND 5812801
	Bitmap Heap Scan on sbtest5  (cost=5.50..416.94 rows=104 width=125)
	  Recheck Cond: ((k >= 5812701) AND (k <= 5812801))
	  ->  Bitmap Index Scan on k_5  (cost=0.00..5.47 rows=104 width=0)
	        Index Cond: ((k >= 5812701) AND (k <= 5812801))

table 6 : explain SELECT k, c FROM sbtest6 WHERE k BETWEEN 5812701 AND 5812801
	Bitmap Heap Scan on sbtest6  (cost=5.54..432.69 rows=108 width=125)
	  Recheck Cond: ((k >= 5812701) AND (k <= 5812801))
	  ->  Bitmap Index Scan on k_6  (cost=0.00..5.51 rows=108 width=0)
	        Index Cond: ((k >= 5812701) AND (k <= 5812801))

table 7 : explain SELECT k, c FROM sbtest7 WHERE k BETWEEN 5812701 AND 5812801
	Bitmap Heap Scan on sbtest7  (cost=5.50..416.94 rows=104 width=125)
	  Recheck Cond: ((k >= 5812701) AND (k <= 5812801))
	  ->  Bitmap Index Scan on k_7  (cost=0.00..5.47 rows=104 width=0)
	        Index Cond: ((k >= 5812701) AND (k <= 5812801))

table 8 : explain SELECT k, c FROM sbtest8 WHERE k BETWEEN 5812701 AND 5812801
	Bitmap Heap Scan on sbtest8  (cost=5.49..413.00 rows=103 width=125)
	  Recheck Cond: ((k >= 5812701) AND (k <= 5812801))
	  ->  Bitmap Index Scan on k_8  (cost=0.00..5.46 rows=103 width=0)
	        Index Cond: ((k >= 5812701) AND (k <= 5812801))

explain: for range-notcovered :: explain SELECT k, c FROM sbtest%d WHERE k BETWEEN 5812701 AND 5812801
for range-notcovered
table 1 : explain SELECT k, c FROM sbtest1 WHERE k BETWEEN 5691159 AND 5691259
	Bitmap Heap Scan on sbtest1  (cost=5.40..377.55 rows=94 width=125)
	  Recheck Cond: ((k >= 5691159) AND (k <= 5691259))
	  ->  Bitmap Index Scan on k_1  (cost=0.00..5.38 rows=94 width=0)
	        Index Cond: ((k >= 5691159) AND (k <= 5691259))

table 2 : explain SELECT k, c FROM sbtest2 WHERE k BETWEEN 5691159 AND 5691259
	Bitmap Heap Scan on sbtest2  (cost=5.40..377.55 rows=94 width=125)
	  Recheck Cond: ((k >= 5691159) AND (k <= 5691259))
	  ->  Bitmap Index Scan on k_2  (cost=0.00..5.38 rows=94 width=0)
	        Index Cond: ((k >= 5691159) AND (k <= 5691259))

table 3 : explain SELECT k, c FROM sbtest3 WHERE k BETWEEN 5691159 AND 5691259
	Bitmap Heap Scan on sbtest3  (cost=5.47..405.13 rows=101 width=125)
	  Recheck Cond: ((k >= 5691159) AND (k <= 5691259))
	  ->  Bitmap Index Scan on k_3  (cost=0.00..5.44 rows=101 width=0)
	        Index Cond: ((k >= 5691159) AND (k <= 5691259))

table 4 : explain SELECT k, c FROM sbtest4 WHERE k BETWEEN 5691159 AND 5691259
	Bitmap Heap Scan on sbtest4  (cost=5.48..409.07 rows=102 width=125)
	  Recheck Cond: ((k >= 5691159) AND (k <= 5691259))
	  ->  Bitmap Index Scan on k_4  (cost=0.00..5.45 rows=102 width=0)
	        Index Cond: ((k >= 5691159) AND (k <= 5691259))

table 5 : explain SELECT k, c FROM sbtest5 WHERE k BETWEEN 5691159 AND 5691259
	Bitmap Heap Scan on sbtest5  (cost=5.42..385.43 rows=96 width=125)
	  Recheck Cond: ((k >= 5691159) AND (k <= 5691259))
	  ->  Bitmap Index Scan on k_5  (cost=0.00..5.39 rows=96 width=0)
	        Index Cond: ((k >= 5691159) AND (k <= 5691259))

table 6 : explain SELECT k, c FROM sbtest6 WHERE k BETWEEN 5691159 AND 5691259
	Bitmap Heap Scan on sbtest6  (cost=5.49..413.00 rows=103 width=125)
	  Recheck Cond: ((k >= 5691159) AND (k <= 5691259))
	  ->  Bitmap Index Scan on k_6  (cost=0.00..5.46 rows=103 width=0)
	        Index Cond: ((k >= 5691159) AND (k <= 5691259))

table 7 : explain SELECT k, c FROM sbtest7 WHERE k BETWEEN 5691159 AND 5691259
	Bitmap Heap Scan on sbtest7  (cost=5.56..440.56 rows=110 width=125)
	  Recheck Cond: ((k >= 5691159) AND (k <= 5691259))
	  ->  Bitmap Index Scan on k_7  (cost=0.00..5.53 rows=110 width=0)
	        Index Cond: ((k >= 5691159) AND (k <= 5691259))

table 8 : explain SELECT k, c FROM sbtest8 WHERE k BETWEEN 5691159 AND 5691259
	Bitmap Heap Scan on sbtest8  (cost=5.49..413.00 rows=103 width=125)
	  Recheck Cond: ((k >= 5691159) AND (k <= 5691259))
	  ->  Bitmap Index Scan on k_8  (cost=0.00..5.46 rows=103 width=0)
	        Index Cond: ((k >= 5691159) AND (k <= 5691259))

explain: for range-notcovered :: explain SELECT k, c FROM sbtest%d WHERE k BETWEEN 5691159 AND 5691259
for range-notcovered
table 1 : explain SELECT k, c FROM sbtest1 WHERE k BETWEEN 5666615 AND 5666715
	Bitmap Heap Scan on sbtest1  (cost=5.51..420.88 rows=105 width=125)
	  Recheck Cond: ((k >= 5666615) AND (k <= 5666715))
	  ->  Bitmap Index Scan on k_1  (cost=0.00..5.48 rows=105 width=0)
	        Index Cond: ((k >= 5666615) AND (k <= 5666715))

table 2 : explain SELECT k, c FROM sbtest2 WHERE k BETWEEN 5666615 AND 5666715
	Bitmap Heap Scan on sbtest2  (cost=5.40..377.55 rows=94 width=125)
	  Recheck Cond: ((k >= 5666615) AND (k <= 5666715))
	  ->  Bitmap Index Scan on k_2  (cost=0.00..5.38 rows=94 width=0)
	        Index Cond: ((k >= 5666615) AND (k <= 5666715))

table 3 : explain SELECT k, c FROM sbtest3 WHERE k BETWEEN 5666615 AND 5666715
	Bitmap Heap Scan on sbtest3  (cost=5.47..405.13 rows=101 width=125)
	  Recheck Cond: ((k >= 5666615) AND (k <= 5666715))
	  ->  Bitmap Index Scan on k_3  (cost=0.00..5.44 rows=101 width=0)
	        Index Cond: ((k >= 5666615) AND (k <= 5666715))

table 4 : explain SELECT k, c FROM sbtest4 WHERE k BETWEEN 5666615 AND 5666715
	Bitmap Heap Scan on sbtest4  (cost=5.48..409.07 rows=102 width=125)
	  Recheck Cond: ((k >= 5666615) AND (k <= 5666715))
	  ->  Bitmap Index Scan on k_4  (cost=0.00..5.45 rows=102 width=0)
	        Index Cond: ((k >= 5666615) AND (k <= 5666715))

table 5 : explain SELECT k, c FROM sbtest5 WHERE k BETWEEN 5666615 AND 5666715
	Bitmap Heap Scan on sbtest5  (cost=5.42..385.43 rows=96 width=125)
	  Recheck Cond: ((k >= 5666615) AND (k <= 5666715))
	  ->  Bitmap Index Scan on k_5  (cost=0.00..5.39 rows=96 width=0)
	        Index Cond: ((k >= 5666615) AND (k <= 5666715))

table 6 : explain SELECT k, c FROM sbtest6 WHERE k BETWEEN 5666615 AND 5666715
	Bitmap Heap Scan on sbtest6  (cost=5.49..413.00 rows=103 width=125)
	  Recheck Cond: ((k >= 5666615) AND (k <= 5666715))
	  ->  Bitmap Index Scan on k_6  (cost=0.00..5.46 rows=103 width=0)
	        Index Cond: ((k >= 5666615) AND (k <= 5666715))

table 7 : explain SELECT k, c FROM sbtest7 WHERE k BETWEEN 5666615 AND 5666715
	Bitmap Heap Scan on sbtest7  (cost=5.48..409.07 rows=102 width=125)
	  Recheck Cond: ((k >= 5666615) AND (k <= 5666715))
	  ->  Bitmap Index Scan on k_7  (cost=0.00..5.45 rows=102 width=0)
	        Index Cond: ((k >= 5666615) AND (k <= 5666715))

table 8 : explain SELECT k, c FROM sbtest8 WHERE k BETWEEN 5666615 AND 5666715
	Bitmap Heap Scan on sbtest8  (cost=5.49..413.00 rows=103 width=125)
	  Recheck Cond: ((k >= 5666615) AND (k <= 5666715))
	  ->  Bitmap Index Scan on k_8  (cost=0.00..5.46 rows=103 width=0)
	        Index Cond: ((k >= 5666615) AND (k <= 5666715))

for range-notcovered
table 1 : explain SELECT k, c FROM sbtest1 WHERE k BETWEEN 5812701 AND 5812801
	Bitmap Heap Scan on sbtest1  (cost=5.49..413.00 rows=103 width=125)
	  Recheck Cond: ((k >= 5812701) AND (k <= 5812801))
	  ->  Bitmap Index Scan on k_1  (cost=0.00..5.46 rows=103 width=0)
	        Index Cond: ((k >= 5812701) AND (k <= 5812801))

table 2 : explain SELECT k, c FROM sbtest2 WHERE k BETWEEN 5812701 AND 5812801
	Bitmap Heap Scan on sbtest2  (cost=5.47..405.13 rows=101 width=125)
	  Recheck Cond: ((k >= 5812701) AND (k <= 5812801))
	  ->  Bitmap Index Scan on k_2  (cost=0.00..5.44 rows=101 width=0)
	        Index Cond: ((k >= 5812701) AND (k <= 5812801))

table 3 : explain SELECT k, c FROM sbtest3 WHERE k BETWEEN 5812701 AND 5812801
	Bitmap Heap Scan on sbtest3  (cost=5.43..389.37 rows=97 width=125)
	  Recheck Cond: ((k >= 5812701) AND (k <= 5812801))
	  ->  Bitmap Index Scan on k_3  (cost=0.00..5.40 rows=97 width=0)
	        Index Cond: ((k >= 5812701) AND (k <= 5812801))

table 4 : explain SELECT k, c FROM sbtest4 WHERE k BETWEEN 5812701 AND 5812801
	Bitmap Heap Scan on sbtest4  (cost=5.48..409.07 rows=102 width=125)
	  Recheck Cond: ((k >= 5812701) AND (k <= 5812801))
	  ->  Bitmap Index Scan on k_4  (cost=0.00..5.45 rows=102 width=0)
	        Index Cond: ((k >= 5812701) AND (k <= 5812801))

table 5 : explain SELECT k, c FROM sbtest5 WHERE k BETWEEN 5812701 AND 5812801
	Bitmap Heap Scan on sbtest5  (cost=5.50..416.94 rows=104 width=125)
	  Recheck Cond: ((k >= 5812701) AND (k <= 5812801))
	  ->  Bitmap Index Scan on k_5  (cost=0.00..5.47 rows=104 width=0)
	        Index Cond: ((k >= 5812701) AND (k <= 5812801))

table 6 : explain SELECT k, c FROM sbtest6 WHERE k BETWEEN 5812701 AND 5812801
	Bitmap Heap Scan on sbtest6  (cost=5.54..432.69 rows=108 width=125)
	  Recheck Cond: ((k >= 5812701) AND (k <= 5812801))
	  ->  Bitmap Index Scan on k_6  (cost=0.00..5.51 rows=108 width=0)
	        Index Cond: ((k >= 5812701) AND (k <= 5812801))

table 7 : explain SELECT k, c FROM sbtest7 WHERE k BETWEEN 5812701 AND 5812801
	Bitmap Heap Scan on sbtest7  (cost=5.50..416.94 rows=104 width=125)
	  Recheck Cond: ((k >= 5812701) AND (k <= 5812801))
	  ->  Bitmap Index Scan on k_7  (cost=0.00..5.47 rows=104 width=0)
	        Index Cond: ((k >= 5812701) AND (k <= 5812801))

table 8 : explain SELECT k, c FROM sbtest8 WHERE k BETWEEN 5812701 AND 5812801
	Bitmap Heap Scan on sbtest8  (cost=5.49..413.00 rows=103 width=125)
	  Recheck Cond: ((k >= 5812701) AND (k <= 5812801))
	  ->  Bitmap Index Scan on k_8  (cost=0.00..5.46 rows=103 width=0)
	        Index Cond: ((k >= 5812701) AND (k <= 5812801))

explain: for range-notcovered :: explain SELECT k, c FROM sbtest%d WHERE k BETWEEN 5812701 AND 5812801
for range-notcovered
table 1 : explain SELECT k, c FROM sbtest1 WHERE k BETWEEN 6261470 AND 6261570
	Bitmap Heap Scan on sbtest1  (cost=5.49..413.00 rows=103 width=125)
	  Recheck Cond: ((k >= 6261470) AND (k <= 6261570))
	  ->  Bitmap Index Scan on k_1  (cost=0.00..5.46 rows=103 width=0)
	        Index Cond: ((k >= 6261470) AND (k <= 6261570))

table 2 : explain SELECT k, c FROM sbtest2 WHERE k BETWEEN 6261470 AND 6261570
	Bitmap Heap Scan on sbtest2  (cost=5.51..420.88 rows=105 width=125)
	  Recheck Cond: ((k >= 6261470) AND (k <= 6261570))
	  ->  Bitmap Index Scan on k_2  (cost=0.00..5.48 rows=105 width=0)
	        Index Cond: ((k >= 6261470) AND (k <= 6261570))

table 3 : explain SELECT k, c FROM sbtest3 WHERE k BETWEEN 6261470 AND 6261570
	Bitmap Heap Scan on sbtest3  (cost=5.47..405.13 rows=101 width=125)
	  Recheck Cond: ((k >= 6261470) AND (k <= 6261570))
	  ->  Bitmap Index Scan on k_3  (cost=0.00..5.44 rows=101 width=0)
	        Index Cond: ((k >= 6261470) AND (k <= 6261570))

table 4 : explain SELECT k, c FROM sbtest4 WHERE k BETWEEN 6261470 AND 6261570
	Bitmap Heap Scan on sbtest4  (cost=5.55..436.62 rows=109 width=125)
	  Recheck Cond: ((k >= 6261470) AND (k <= 6261570))
	  ->  Bitmap Index Scan on k_4  (cost=0.00..5.52 rows=109 width=0)
	        Index Cond: ((k >= 6261470) AND (k <= 6261570))

table 5 : explain SELECT k, c FROM sbtest5 WHERE k BETWEEN 6261470 AND 6261570
	Bitmap Heap Scan on sbtest5  (cost=5.47..405.13 rows=101 width=125)
	  Recheck Cond: ((k >= 6261470) AND (k <= 6261570))
	  ->  Bitmap Index Scan on k_5  (cost=0.00..5.44 rows=101 width=0)
	        Index Cond: ((k >= 6261470) AND (k <= 6261570))

table 6 : explain SELECT k, c FROM sbtest6 WHERE k BETWEEN 6261470 AND 6261570
	Bitmap Heap Scan on sbtest6  (cost=5.55..436.62 rows=109 width=125)
	  Recheck Cond: ((k >= 6261470) AND (k <= 6261570))
	  ->  Bitmap Index Scan on k_6  (cost=0.00..5.52 rows=109 width=0)
	        Index Cond: ((k >= 6261470) AND (k <= 6261570))

table 7 : explain SELECT k, c FROM sbtest7 WHERE k BETWEEN 6261470 AND 6261570
	Bitmap Heap Scan on sbtest7  (cost=5.48..409.07 rows=102 width=125)
	  Recheck Cond: ((k >= 6261470) AND (k <= 6261570))
	  ->  Bitmap Index Scan on k_7  (cost=0.00..5.45 rows=102 width=0)
	        Index Cond: ((k >= 6261470) AND (k <= 6261570))

table 8 : explain SELECT k, c FROM sbtest8 WHERE k BETWEEN 6261470 AND 6261570
	Bitmap Heap Scan on sbtest8  (cost=5.40..377.55 rows=94 width=125)
	  Recheck Cond: ((k >= 6261470) AND (k <= 6261570))
	  ->  Bitmap Index Scan on k_8  (cost=0.00..5.38 rows=94 width=0)
	        Index Cond: ((k >= 6261470) AND (k <= 6261570))

for range-notcovered
table 1 : explain SELECT k, c FROM sbtest1 WHERE k BETWEEN 1670590 AND 1670690
	Bitmap Heap Scan on sbtest1  (cost=5.40..377.55 rows=94 width=125)
	  Recheck Cond: ((k >= 1670590) AND (k <= 1670690))
	  ->  Bitmap Index Scan on k_1  (cost=0.00..5.38 rows=94 width=0)
	        Index Cond: ((k >= 1670590) AND (k <= 1670690))

table 2 : explain SELECT k, c FROM sbtest2 WHERE k BETWEEN 1670590 AND 1670690
	Bitmap Heap Scan on sbtest2  (cost=5.45..397.25 rows=99 width=125)
	  Recheck Cond: ((k >= 1670590) AND (k <= 1670690))
	  ->  Bitmap Index Scan on k_2  (cost=0.00..5.42 rows=99 width=0)
	        Index Cond: ((k >= 1670590) AND (k <= 1670690))

table 3 : explain SELECT k, c FROM sbtest3 WHERE k BETWEEN 1670590 AND 1670690
	Bitmap Heap Scan on sbtest3  (cost=5.52..424.81 rows=106 width=125)
	  Recheck Cond: ((k >= 1670590) AND (k <= 1670690))
	  ->  Bitmap Index Scan on k_3  (cost=0.00..5.50 rows=106 width=0)
	        Index Cond: ((k >= 1670590) AND (k <= 1670690))

table 4 : explain SELECT k, c FROM sbtest4 WHERE k BETWEEN 1670590 AND 1670690
	Bitmap Heap Scan on sbtest4  (cost=5.50..416.94 rows=104 width=125)
	  Recheck Cond: ((k >= 1670590) AND (k <= 1670690))
	  ->  Bitmap Index Scan on k_4  (cost=0.00..5.47 rows=104 width=0)
	        Index Cond: ((k >= 1670590) AND (k <= 1670690))

table 5 : explain SELECT k, c FROM sbtest5 WHERE k BETWEEN 1670590 AND 1670690
	Bitmap Heap Scan on sbtest5  (cost=5.46..401.19 rows=100 width=125)
	  Recheck Cond: ((k >= 1670590) AND (k <= 1670690))
	  ->  Bitmap Index Scan on k_5  (cost=0.00..5.43 rows=100 width=0)
	        Index Cond: ((k >= 1670590) AND (k <= 1670690))

table 6 : explain SELECT k, c FROM sbtest6 WHERE k BETWEEN 1670590 AND 1670690
	Bitmap Heap Scan on sbtest6  (cost=5.47..405.13 rows=101 width=125)
	  Recheck Cond: ((k >= 1670590) AND (k <= 1670690))
	  ->  Bitmap Index Scan on k_6  (cost=0.00..5.44 rows=101 width=0)
	        Index Cond: ((k >= 1670590) AND (k <= 1670690))

table 7 : explain SELECT k, c FROM sbtest7 WHERE k BETWEEN 1670590 AND 1670690
	Bitmap Heap Scan on sbtest7  (cost=5.47..405.13 rows=101 width=125)
	  Recheck Cond: ((k >= 1670590) AND (k <= 1670690))
	  ->  Bitmap Index Scan on k_7  (cost=0.00..5.44 rows=101 width=0)
	        Index Cond: ((k >= 1670590) AND (k <= 1670690))

table 8 : explain SELECT k, c FROM sbtest8 WHERE k BETWEEN 1670590 AND 1670690
	Bitmap Heap Scan on sbtest8  (cost=5.41..381.49 rows=95 width=125)
	  Recheck Cond: ((k >= 1670590) AND (k <= 1670690))
	  ->  Bitmap Index Scan on k_8  (cost=0.00..5.38 rows=95 width=0)
	        Index Cond: ((k >= 1670590) AND (k <= 1670690))

for range-notcovered
table 1 : explain SELECT k, c FROM sbtest1 WHERE k BETWEEN 5700846 AND 5700946
	Bitmap Heap Scan on sbtest1  (cost=5.40..377.55 rows=94 width=125)
	  Recheck Cond: ((k >= 5700846) AND (k <= 5700946))
	  ->  Bitmap Index Scan on k_1  (cost=0.00..5.38 rows=94 width=0)
	        Index Cond: ((k >= 5700846) AND (k <= 5700946))

table 2 : explain SELECT k, c FROM sbtest2 WHERE k BETWEEN 5700846 AND 5700946
	Bitmap Heap Scan on sbtest2  (cost=5.40..377.55 rows=94 width=125)
	  Recheck Cond: ((k >= 5700846) AND (k <= 5700946))
	  ->  Bitmap Index Scan on k_2  (cost=0.00..5.38 rows=94 width=0)
	        Index Cond: ((k >= 5700846) AND (k <= 5700946))

table 3 : explain SELECT k, c FROM sbtest3 WHERE k BETWEEN 5700846 AND 5700946
	Bitmap Heap Scan on sbtest3  (cost=5.47..405.13 rows=101 width=125)
	  Recheck Cond: ((k >= 5700846) AND (k <= 5700946))
	  ->  Bitmap Index Scan on k_3  (cost=0.00..5.44 rows=101 width=0)
	        Index Cond: ((k >= 5700846) AND (k <= 5700946))

table 4 : explain SELECT k, c FROM sbtest4 WHERE k BETWEEN 5700846 AND 5700946
	Bitmap Heap Scan on sbtest4  (cost=5.48..409.07 rows=102 width=125)
	  Recheck Cond: ((k >= 5700846) AND (k <= 5700946))
	  ->  Bitmap Index Scan on k_4  (cost=0.00..5.45 rows=102 width=0)
	        Index Cond: ((k >= 5700846) AND (k <= 5700946))

table 5 : explain SELECT k, c FROM sbtest5 WHERE k BETWEEN 5700846 AND 5700946
	Bitmap Heap Scan on sbtest5  (cost=5.42..385.43 rows=96 width=125)
	  Recheck Cond: ((k >= 5700846) AND (k <= 5700946))
	  ->  Bitmap Index Scan on k_5  (cost=0.00..5.39 rows=96 width=0)
	        Index Cond: ((k >= 5700846) AND (k <= 5700946))

table 6 : explain SELECT k, c FROM sbtest6 WHERE k BETWEEN 5700846 AND 5700946
	Bitmap Heap Scan on sbtest6  (cost=5.49..413.00 rows=103 width=125)
	  Recheck Cond: ((k >= 5700846) AND (k <= 5700946))
	  ->  Bitmap Index Scan on k_6  (cost=0.00..5.46 rows=103 width=0)
	        Index Cond: ((k >= 5700846) AND (k <= 5700946))

table 7 : explain SELECT k, c FROM sbtest7 WHERE k BETWEEN 5700846 AND 5700946
	Bitmap Heap Scan on sbtest7  (cost=5.56..440.56 rows=110 width=125)
	  Recheck Cond: ((k >= 5700846) AND (k <= 5700946))
	  ->  Bitmap Index Scan on k_7  (cost=0.00..5.53 rows=110 width=0)
	        Index Cond: ((k >= 5700846) AND (k <= 5700946))

table 8 : explain SELECT k, c FROM sbtest8 WHERE k BETWEEN 5700846 AND 5700946
	Bitmap Heap Scan on sbtest8  (cost=5.49..413.00 rows=103 width=125)
	  Recheck Cond: ((k >= 5700846) AND (k <= 5700946))
	  ->  Bitmap Index Scan on k_8  (cost=0.00..5.46 rows=103 width=0)
	        Index Cond: ((k >= 5700846) AND (k <= 5700946))

explain: for range-notcovered :: explain SELECT k, c FROM sbtest%d WHERE k BETWEEN 6261470 AND 6261570
explain: for range-notcovered :: explain SELECT k, c FROM sbtest%d WHERE k BETWEEN 5700846 AND 5700946
explain: for range-notcovered :: explain SELECT k, c FROM sbtest%d WHERE k BETWEEN 6337230 AND 6337330
for range-notcovered
table 1 : explain SELECT k, c FROM sbtest1 WHERE k BETWEEN 6125741 AND 6125841
	Bitmap Heap Scan on sbtest1  (cost=5.47..405.13 rows=101 width=125)
	  Recheck Cond: ((k >= 6125741) AND (k <= 6125841))
	  ->  Bitmap Index Scan on k_1  (cost=0.00..5.44 rows=101 width=0)
	        Index Cond: ((k >= 6125741) AND (k <= 6125841))

table 2 : explain SELECT k, c FROM sbtest2 WHERE k BETWEEN 6125741 AND 6125841
	Bitmap Heap Scan on sbtest2  (cost=5.54..432.69 rows=108 width=125)
	  Recheck Cond: ((k >= 6125741) AND (k <= 6125841))
	  ->  Bitmap Index Scan on k_2  (cost=0.00..5.51 rows=108 width=0)
	        Index Cond: ((k >= 6125741) AND (k <= 6125841))

table 3 : explain SELECT k, c FROM sbtest3 WHERE k BETWEEN 6125741 AND 6125841
	Bitmap Heap Scan on sbtest3  (cost=5.46..401.19 rows=100 width=125)
	  Recheck Cond: ((k >= 6125741) AND (k <= 6125841))
	  ->  Bitmap Index Scan on k_3  (cost=0.00..5.43 rows=100 width=0)
	        Index Cond: ((k >= 6125741) AND (k <= 6125841))

table 4 : explain SELECT k, c FROM sbtest4 WHERE k BETWEEN 6125741 AND 6125841
	Bitmap Heap Scan on sbtest4  (cost=5.33..349.95 rows=87 width=125)
	  Recheck Cond: ((k >= 6125741) AND (k <= 6125841))
	  ->  Bitmap Index Scan on k_4  (cost=0.00..5.30 rows=87 width=0)
	        Index Cond: ((k >= 6125741) AND (k <= 6125841))

table 5 : explain SELECT k, c FROM sbtest5 WHERE k BETWEEN 6125741 AND 6125841
	Bitmap Heap Scan on sbtest5  (cost=5.42..385.43 rows=96 width=125)
	  Recheck Cond: ((k >= 6125741) AND (k <= 6125841))
	  ->  Bitmap Index Scan on k_5  (cost=0.00..5.39 rows=96 width=0)
	        Index Cond: ((k >= 6125741) AND (k <= 6125841))

table 6 : explain SELECT k, c FROM sbtest6 WHERE k BETWEEN 6125741 AND 6125841
	Bitmap Heap Scan on sbtest6  (cost=5.43..389.37 rows=97 width=125)
	  Recheck Cond: ((k >= 6125741) AND (k <= 6125841))
	  ->  Bitmap Index Scan on k_6  (cost=0.00..5.40 rows=97 width=0)
	        Index Cond: ((k >= 6125741) AND (k <= 6125841))

table 7 : explain SELECT k, c FROM sbtest7 WHERE k BETWEEN 6125741 AND 6125841
	Bitmap Heap Scan on sbtest7  (cost=5.42..385.43 rows=96 width=125)
	  Recheck Cond: ((k >= 6125741) AND (k <= 6125841))
	  ->  Bitmap Index Scan on k_7  (cost=0.00..5.39 rows=96 width=0)
	        Index Cond: ((k >= 6125741) AND (k <= 6125841))

table 8 : explain SELECT k, c FROM sbtest8 WHERE k BETWEEN 6125741 AND 6125841
	Bitmap Heap Scan on sbtest8  (cost=5.56..440.56 rows=110 width=125)
	  Recheck Cond: ((k >= 6125741) AND (k <= 6125841))
	  ->  Bitmap Index Scan on k_8  (cost=0.00..5.53 rows=110 width=0)
	        Index Cond: ((k >= 6125741) AND (k <= 6125841))

explain: for range-notcovered :: explain SELECT k, c FROM sbtest%d WHERE k BETWEEN 6125741 AND 6125841
for range-notcovered
table 1 : explain SELECT k, c FROM sbtest1 WHERE k BETWEEN 6261470 AND 6261570
	Bitmap Heap Scan on sbtest1  (cost=5.49..413.00 rows=103 width=125)
	  Recheck Cond: ((k >= 6261470) AND (k <= 6261570))
	  ->  Bitmap Index Scan on k_1  (cost=0.00..5.46 rows=103 width=0)
	        Index Cond: ((k >= 6261470) AND (k <= 6261570))

table 2 : explain SELECT k, c FROM sbtest2 WHERE k BETWEEN 6261470 AND 6261570
	Bitmap Heap Scan on sbtest2  (cost=5.51..420.88 rows=105 width=125)
	  Recheck Cond: ((k >= 6261470) AND (k <= 6261570))
	  ->  Bitmap Index Scan on k_2  (cost=0.00..5.48 rows=105 width=0)
	        Index Cond: ((k >= 6261470) AND (k <= 6261570))

table 3 : explain SELECT k, c FROM sbtest3 WHERE k BETWEEN 6261470 AND 6261570
	Bitmap Heap Scan on sbtest3  (cost=5.47..405.13 rows=101 width=125)
	  Recheck Cond: ((k >= 6261470) AND (k <= 6261570))
	  ->  Bitmap Index Scan on k_3  (cost=0.00..5.44 rows=101 width=0)
	        Index Cond: ((k >= 6261470) AND (k <= 6261570))

table 4 : explain SELECT k, c FROM sbtest4 WHERE k BETWEEN 6261470 AND 6261570
	Bitmap Heap Scan on sbtest4  (cost=5.55..436.62 rows=109 width=125)
	  Recheck Cond: ((k >= 6261470) AND (k <= 6261570))
	  ->  Bitmap Index Scan on k_4  (cost=0.00..5.52 rows=109 width=0)
	        Index Cond: ((k >= 6261470) AND (k <= 6261570))

table 5 : explain SELECT k, c FROM sbtest5 WHERE k BETWEEN 6261470 AND 6261570
	Bitmap Heap Scan on sbtest5  (cost=5.47..405.13 rows=101 width=125)
	  Recheck Cond: ((k >= 6261470) AND (k <= 6261570))
	  ->  Bitmap Index Scan on k_5  (cost=0.00..5.44 rows=101 width=0)
	        Index Cond: ((k >= 6261470) AND (k <= 6261570))

table 6 : explain SELECT k, c FROM sbtest6 WHERE k BETWEEN 6261470 AND 6261570
	Bitmap Heap Scan on sbtest6  (cost=5.55..436.62 rows=109 width=125)
	  Recheck Cond: ((k >= 6261470) AND (k <= 6261570))
	  ->  Bitmap Index Scan on k_6  (cost=0.00..5.52 rows=109 width=0)
	        Index Cond: ((k >= 6261470) AND (k <= 6261570))

table 7 : explain SELECT k, c FROM sbtest7 WHERE k BETWEEN 6261470 AND 6261570
	Bitmap Heap Scan on sbtest7  (cost=5.48..409.07 rows=102 width=125)
	  Recheck Cond: ((k >= 6261470) AND (k <= 6261570))
	  ->  Bitmap Index Scan on k_7  (cost=0.00..5.45 rows=102 width=0)
	        Index Cond: ((k >= 6261470) AND (k <= 6261570))

table 8 : explain SELECT k, c FROM sbtest8 WHERE k BETWEEN 6261470 AND 6261570
	Bitmap Heap Scan on sbtest8  (cost=5.40..377.55 rows=94 width=125)
	  Recheck Cond: ((k >= 6261470) AND (k <= 6261570))
	  ->  Bitmap Index Scan on k_8  (cost=0.00..5.38 rows=94 width=0)
	        Index Cond: ((k >= 6261470) AND (k <= 6261570))

for range-notcovered
table 1 : explain SELECT k, c FROM sbtest1 WHERE k BETWEEN 5700846 AND 5700946
	Bitmap Heap Scan on sbtest1  (cost=5.40..377.55 rows=94 width=125)
	  Recheck Cond: ((k >= 5700846) AND (k <= 5700946))
	  ->  Bitmap Index Scan on k_1  (cost=0.00..5.38 rows=94 width=0)
	        Index Cond: ((k >= 5700846) AND (k <= 5700946))

table 2 : explain SELECT k, c FROM sbtest2 WHERE k BETWEEN 5700846 AND 5700946
	Bitmap Heap Scan on sbtest2  (cost=5.40..377.55 rows=94 width=125)
	  Recheck Cond: ((k >= 5700846) AND (k <= 5700946))
	  ->  Bitmap Index Scan on k_2  (cost=0.00..5.38 rows=94 width=0)
	        Index Cond: ((k >= 5700846) AND (k <= 5700946))

table 3 : explain SELECT k, c FROM sbtest3 WHERE k BETWEEN 5700846 AND 5700946
	Bitmap Heap Scan on sbtest3  (cost=5.47..405.13 rows=101 width=125)
	  Recheck Cond: ((k >= 5700846) AND (k <= 5700946))
	  ->  Bitmap Index Scan on k_3  (cost=0.00..5.44 rows=101 width=0)
	        Index Cond: ((k >= 5700846) AND (k <= 5700946))

table 4 : explain SELECT k, c FROM sbtest4 WHERE k BETWEEN 5700846 AND 5700946
	Bitmap Heap Scan on sbtest4  (cost=5.48..409.07 rows=102 width=125)
	  Recheck Cond: ((k >= 5700846) AND (k <= 5700946))
	  ->  Bitmap Index Scan on k_4  (cost=0.00..5.45 rows=102 width=0)
	        Index Cond: ((k >= 5700846) AND (k <= 5700946))

table 5 : explain SELECT k, c FROM sbtest5 WHERE k BETWEEN 5700846 AND 5700946
	Bitmap Heap Scan on sbtest5  (cost=5.42..385.43 rows=96 width=125)
	  Recheck Cond: ((k >= 5700846) AND (k <= 5700946))
	  ->  Bitmap Index Scan on k_5  (cost=0.00..5.39 rows=96 width=0)
	        Index Cond: ((k >= 5700846) AND (k <= 5700946))

table 6 : explain SELECT k, c FROM sbtest6 WHERE k BETWEEN 5700846 AND 5700946
	Bitmap Heap Scan on sbtest6  (cost=5.49..413.00 rows=103 width=125)
	  Recheck Cond: ((k >= 5700846) AND (k <= 5700946))
	  ->  Bitmap Index Scan on k_6  (cost=0.00..5.46 rows=103 width=0)
	        Index Cond: ((k >= 5700846) AND (k <= 5700946))

table 7 : explain SELECT k, c FROM sbtest7 WHERE k BETWEEN 5700846 AND 5700946
	Bitmap Heap Scan on sbtest7  (cost=5.56..440.56 rows=110 width=125)
	  Recheck Cond: ((k >= 5700846) AND (k <= 5700946))
	  ->  Bitmap Index Scan on k_7  (cost=0.00..5.53 rows=110 width=0)
	        Index Cond: ((k >= 5700846) AND (k <= 5700946))

table 8 : explain SELECT k, c FROM sbtest8 WHERE k BETWEEN 5700846 AND 5700946
	Bitmap Heap Scan on sbtest8  (cost=5.49..413.00 rows=103 width=125)
	  Recheck Cond: ((k >= 5700846) AND (k <= 5700946))
	  ->  Bitmap Index Scan on k_8  (cost=0.00..5.46 rows=103 width=0)
	        Index Cond: ((k >= 5700846) AND (k <= 5700946))

explain: for range-notcovered :: explain SELECT k, c FROM sbtest%d WHERE k BETWEEN 5700846 AND 5700946
for range-notcovered
table 1 : explain SELECT k, c FROM sbtest1 WHERE k BETWEEN 5691159 AND 5691259
	Bitmap Heap Scan on sbtest1  (cost=5.40..377.55 rows=94 width=125)
	  Recheck Cond: ((k >= 5691159) AND (k <= 5691259))
	  ->  Bitmap Index Scan on k_1  (cost=0.00..5.38 rows=94 width=0)
	        Index Cond: ((k >= 5691159) AND (k <= 5691259))

table 2 : explain SELECT k, c FROM sbtest2 WHERE k BETWEEN 5691159 AND 5691259
	Bitmap Heap Scan on sbtest2  (cost=5.40..377.55 rows=94 width=125)
	  Recheck Cond: ((k >= 5691159) AND (k <= 5691259))
	  ->  Bitmap Index Scan on k_2  (cost=0.00..5.38 rows=94 width=0)
	        Index Cond: ((k >= 5691159) AND (k <= 5691259))

table 3 : explain SELECT k, c FROM sbtest3 WHERE k BETWEEN 5691159 AND 5691259
	Bitmap Heap Scan on sbtest3  (cost=5.47..405.13 rows=101 width=125)
	  Recheck Cond: ((k >= 5691159) AND (k <= 5691259))
	  ->  Bitmap Index Scan on k_3  (cost=0.00..5.44 rows=101 width=0)
	        Index Cond: ((k >= 5691159) AND (k <= 5691259))

table 4 : explain SELECT k, c FROM sbtest4 WHERE k BETWEEN 5691159 AND 5691259
	Bitmap Heap Scan on sbtest4  (cost=5.48..409.07 rows=102 width=125)
	  Recheck Cond: ((k >= 5691159) AND (k <= 5691259))
	  ->  Bitmap Index Scan on k_4  (cost=0.00..5.45 rows=102 width=0)
	        Index Cond: ((k >= 5691159) AND (k <= 5691259))

table 5 : explain SELECT k, c FROM sbtest5 WHERE k BETWEEN 5691159 AND 5691259
	Bitmap Heap Scan on sbtest5  (cost=5.42..385.43 rows=96 width=125)
	  Recheck Cond: ((k >= 5691159) AND (k <= 5691259))
	  ->  Bitmap Index Scan on k_5  (cost=0.00..5.39 rows=96 width=0)
	        Index Cond: ((k >= 5691159) AND (k <= 5691259))

table 6 : explain SELECT k, c FROM sbtest6 WHERE k BETWEEN 5691159 AND 5691259
	Bitmap Heap Scan on sbtest6  (cost=5.49..413.00 rows=103 width=125)
	  Recheck Cond: ((k >= 5691159) AND (k <= 5691259))
	  ->  Bitmap Index Scan on k_6  (cost=0.00..5.46 rows=103 width=0)
	        Index Cond: ((k >= 5691159) AND (k <= 5691259))

table 7 : explain SELECT k, c FROM sbtest7 WHERE k BETWEEN 5691159 AND 5691259
	Bitmap Heap Scan on sbtest7  (cost=5.56..440.56 rows=110 width=125)
	  Recheck Cond: ((k >= 5691159) AND (k <= 5691259))
	  ->  Bitmap Index Scan on k_7  (cost=0.00..5.53 rows=110 width=0)
	        Index Cond: ((k >= 5691159) AND (k <= 5691259))

table 8 : explain SELECT k, c FROM sbtest8 WHERE k BETWEEN 5691159 AND 5691259
	Bitmap Heap Scan on sbtest8  (cost=5.49..413.00 rows=103 width=125)
	  Recheck Cond: ((k >= 5691159) AND (k <= 5691259))
	  ->  Bitmap Index Scan on k_8  (cost=0.00..5.46 rows=103 width=0)
	        Index Cond: ((k >= 5691159) AND (k <= 5691259))

explain: for range-notcovered :: explain SELECT k, c FROM sbtest%d WHERE k BETWEEN 5691159 AND 5691259
for range-notcovered
table 1 : explain SELECT k, c FROM sbtest1 WHERE k BETWEEN 6125741 AND 6125841
	Bitmap Heap Scan on sbtest1  (cost=5.47..405.13 rows=101 width=125)
	  Recheck Cond: ((k >= 6125741) AND (k <= 6125841))
	  ->  Bitmap Index Scan on k_1  (cost=0.00..5.44 rows=101 width=0)
	        Index Cond: ((k >= 6125741) AND (k <= 6125841))

table 2 : explain SELECT k, c FROM sbtest2 WHERE k BETWEEN 6125741 AND 6125841
	Bitmap Heap Scan on sbtest2  (cost=5.54..432.69 rows=108 width=125)
	  Recheck Cond: ((k >= 6125741) AND (k <= 6125841))
	  ->  Bitmap Index Scan on k_2  (cost=0.00..5.51 rows=108 width=0)
	        Index Cond: ((k >= 6125741) AND (k <= 6125841))

table 3 : explain SELECT k, c FROM sbtest3 WHERE k BETWEEN 6125741 AND 6125841
	Bitmap Heap Scan on sbtest3  (cost=5.46..401.19 rows=100 width=125)
	  Recheck Cond: ((k >= 6125741) AND (k <= 6125841))
	  ->  Bitmap Index Scan on k_3  (cost=0.00..5.43 rows=100 width=0)
	        Index Cond: ((k >= 6125741) AND (k <= 6125841))

table 4 : explain SELECT k, c FROM sbtest4 WHERE k BETWEEN 6125741 AND 6125841
	Bitmap Heap Scan on sbtest4  (cost=5.33..349.95 rows=87 width=125)
	  Recheck Cond: ((k >= 6125741) AND (k <= 6125841))
	  ->  Bitmap Index Scan on k_4  (cost=0.00..5.30 rows=87 width=0)
	        Index Cond: ((k >= 6125741) AND (k <= 6125841))

table 5 : explain SELECT k, c FROM sbtest5 WHERE k BETWEEN 6125741 AND 6125841
	Bitmap Heap Scan on sbtest5  (cost=5.42..385.43 rows=96 width=125)
	  Recheck Cond: ((k >= 6125741) AND (k <= 6125841))
	  ->  Bitmap Index Scan on k_5  (cost=0.00..5.39 rows=96 width=0)
	        Index Cond: ((k >= 6125741) AND (k <= 6125841))

table 6 : explain SELECT k, c FROM sbtest6 WHERE k BETWEEN 6125741 AND 6125841
	Bitmap Heap Scan on sbtest6  (cost=5.43..389.37 rows=97 width=125)
	  Recheck Cond: ((k >= 6125741) AND (k <= 6125841))
	  ->  Bitmap Index Scan on k_6  (cost=0.00..5.40 rows=97 width=0)
	        Index Cond: ((k >= 6125741) AND (k <= 6125841))

table 7 : explain SELECT k, c FROM sbtest7 WHERE k BETWEEN 6125741 AND 6125841
	Bitmap Heap Scan on sbtest7  (cost=5.42..385.43 rows=96 width=125)
	  Recheck Cond: ((k >= 6125741) AND (k <= 6125841))
	  ->  Bitmap Index Scan on k_7  (cost=0.00..5.39 rows=96 width=0)
	        Index Cond: ((k >= 6125741) AND (k <= 6125841))

table 8 : explain SELECT k, c FROM sbtest8 WHERE k BETWEEN 6125741 AND 6125841
	Bitmap Heap Scan on sbtest8  (cost=5.56..440.56 rows=110 width=125)
	  Recheck Cond: ((k >= 6125741) AND (k <= 6125841))
	  ->  Bitmap Index Scan on k_8  (cost=0.00..5.53 rows=110 width=0)
	        Index Cond: ((k >= 6125741) AND (k <= 6125841))

explain: for range-notcovered :: explain SELECT k, c FROM sbtest%d WHERE k BETWEEN 6125741 AND 6125841
for range-notcovered
table 1 : explain SELECT k, c FROM sbtest1 WHERE k BETWEEN 5700846 AND 5700946
	Bitmap Heap Scan on sbtest1  (cost=5.40..377.55 rows=94 width=125)
	  Recheck Cond: ((k >= 5700846) AND (k <= 5700946))
	  ->  Bitmap Index Scan on k_1  (cost=0.00..5.38 rows=94 width=0)
	        Index Cond: ((k >= 5700846) AND (k <= 5700946))

table 2 : explain SELECT k, c FROM sbtest2 WHERE k BETWEEN 5700846 AND 5700946
	Bitmap Heap Scan on sbtest2  (cost=5.40..377.55 rows=94 width=125)
	  Recheck Cond: ((k >= 5700846) AND (k <= 5700946))
	  ->  Bitmap Index Scan on k_2  (cost=0.00..5.38 rows=94 width=0)
	        Index Cond: ((k >= 5700846) AND (k <= 5700946))

table 3 : explain SELECT k, c FROM sbtest3 WHERE k BETWEEN 5700846 AND 5700946
	Bitmap Heap Scan on sbtest3  (cost=5.47..405.13 rows=101 width=125)
	  Recheck Cond: ((k >= 5700846) AND (k <= 5700946))
	  ->  Bitmap Index Scan on k_3  (cost=0.00..5.44 rows=101 width=0)
	        Index Cond: ((k >= 5700846) AND (k <= 5700946))

table 4 : explain SELECT k, c FROM sbtest4 WHERE k BETWEEN 5700846 AND 5700946
	Bitmap Heap Scan on sbtest4  (cost=5.48..409.07 rows=102 width=125)
	  Recheck Cond: ((k >= 5700846) AND (k <= 5700946))
	  ->  Bitmap Index Scan on k_4  (cost=0.00..5.45 rows=102 width=0)
	        Index Cond: ((k >= 5700846) AND (k <= 5700946))

table 5 : explain SELECT k, c FROM sbtest5 WHERE k BETWEEN 5700846 AND 5700946
	Bitmap Heap Scan on sbtest5  (cost=5.42..385.43 rows=96 width=125)
	  Recheck Cond: ((k >= 5700846) AND (k <= 5700946))
	  ->  Bitmap Index Scan on k_5  (cost=0.00..5.39 rows=96 width=0)
	        Index Cond: ((k >= 5700846) AND (k <= 5700946))

table 6 : explain SELECT k, c FROM sbtest6 WHERE k BETWEEN 5700846 AND 5700946
	Bitmap Heap Scan on sbtest6  (cost=5.49..413.00 rows=103 width=125)
	  Recheck Cond: ((k >= 5700846) AND (k <= 5700946))
	  ->  Bitmap Index Scan on k_6  (cost=0.00..5.46 rows=103 width=0)
	        Index Cond: ((k >= 5700846) AND (k <= 5700946))

table 7 : explain SELECT k, c FROM sbtest7 WHERE k BETWEEN 5700846 AND 5700946
	Bitmap Heap Scan on sbtest7  (cost=5.56..440.56 rows=110 width=125)
	  Recheck Cond: ((k >= 5700846) AND (k <= 5700946))
	  ->  Bitmap Index Scan on k_7  (cost=0.00..5.53 rows=110 width=0)
	        Index Cond: ((k >= 5700846) AND (k <= 5700946))

table 8 : explain SELECT k, c FROM sbtest8 WHERE k BETWEEN 5700846 AND 5700946
	Bitmap Heap Scan on sbtest8  (cost=5.49..413.00 rows=103 width=125)
	  Recheck Cond: ((k >= 5700846) AND (k <= 5700946))
	  ->  Bitmap Index Scan on k_8  (cost=0.00..5.46 rows=103 width=0)
	        Index Cond: ((k >= 5700846) AND (k <= 5700946))

explain: for range-notcovered :: explain SELECT k, c FROM sbtest%d WHERE k BETWEEN 5700846 AND 5700946
for range-notcovered
table 1 : explain SELECT k, c FROM sbtest1 WHERE k BETWEEN 5691159 AND 5691259
	Bitmap Heap Scan on sbtest1  (cost=5.40..377.55 rows=94 width=125)
	  Recheck Cond: ((k >= 5691159) AND (k <= 5691259))
	  ->  Bitmap Index Scan on k_1  (cost=0.00..5.38 rows=94 width=0)
	        Index Cond: ((k >= 5691159) AND (k <= 5691259))

table 2 : explain SELECT k, c FROM sbtest2 WHERE k BETWEEN 5691159 AND 5691259
	Bitmap Heap Scan on sbtest2  (cost=5.40..377.55 rows=94 width=125)
	  Recheck Cond: ((k >= 5691159) AND (k <= 5691259))
	  ->  Bitmap Index Scan on k_2  (cost=0.00..5.38 rows=94 width=0)
	        Index Cond: ((k >= 5691159) AND (k <= 5691259))

table 3 : explain SELECT k, c FROM sbtest3 WHERE k BETWEEN 5691159 AND 5691259
	Bitmap Heap Scan on sbtest3  (cost=5.47..405.13 rows=101 width=125)
	  Recheck Cond: ((k >= 5691159) AND (k <= 5691259))
	  ->  Bitmap Index Scan on k_3  (cost=0.00..5.44 rows=101 width=0)
	        Index Cond: ((k >= 5691159) AND (k <= 5691259))

table 4 : explain SELECT k, c FROM sbtest4 WHERE k BETWEEN 5691159 AND 5691259
	Bitmap Heap Scan on sbtest4  (cost=5.48..409.07 rows=102 width=125)
	  Recheck Cond: ((k >= 5691159) AND (k <= 5691259))
	  ->  Bitmap Index Scan on k_4  (cost=0.00..5.45 rows=102 width=0)
	        Index Cond: ((k >= 5691159) AND (k <= 5691259))

table 5 : explain SELECT k, c FROM sbtest5 WHERE k BETWEEN 5691159 AND 5691259
	Bitmap Heap Scan on sbtest5  (cost=5.42..385.43 rows=96 width=125)
	  Recheck Cond: ((k >= 5691159) AND (k <= 5691259))
	  ->  Bitmap Index Scan on k_5  (cost=0.00..5.39 rows=96 width=0)
	        Index Cond: ((k >= 5691159) AND (k <= 5691259))

table 6 : explain SELECT k, c FROM sbtest6 WHERE k BETWEEN 5691159 AND 5691259
	Bitmap Heap Scan on sbtest6  (cost=5.49..413.00 rows=103 width=125)
	  Recheck Cond: ((k >= 5691159) AND (k <= 5691259))
	  ->  Bitmap Index Scan on k_6  (cost=0.00..5.46 rows=103 width=0)
	        Index Cond: ((k >= 5691159) AND (k <= 5691259))

table 7 : explain SELECT k, c FROM sbtest7 WHERE k BETWEEN 5691159 AND 5691259
	Bitmap Heap Scan on sbtest7  (cost=5.56..440.56 rows=110 width=125)
	  Recheck Cond: ((k >= 5691159) AND (k <= 5691259))
	  ->  Bitmap Index Scan on k_7  (cost=0.00..5.53 rows=110 width=0)
	        Index Cond: ((k >= 5691159) AND (k <= 5691259))

table 8 : explain SELECT k, c FROM sbtest8 WHERE k BETWEEN 5691159 AND 5691259
	Bitmap Heap Scan on sbtest8  (cost=5.49..413.00 rows=103 width=125)
	  Recheck Cond: ((k >= 5691159) AND (k <= 5691259))
	  ->  Bitmap Index Scan on k_8  (cost=0.00..5.46 rows=103 width=0)
	        Index Cond: ((k >= 5691159) AND (k <= 5691259))

for range-notcovered
table 1 : explain SELECT k, c FROM sbtest1 WHERE k BETWEEN 6125741 AND 6125841
	Bitmap Heap Scan on sbtest1  (cost=5.47..405.13 rows=101 width=125)
	  Recheck Cond: ((k >= 6125741) AND (k <= 6125841))
	  ->  Bitmap Index Scan on k_1  (cost=0.00..5.44 rows=101 width=0)
	        Index Cond: ((k >= 6125741) AND (k <= 6125841))

table 2 : explain SELECT k, c FROM sbtest2 WHERE k BETWEEN 6125741 AND 6125841
	Bitmap Heap Scan on sbtest2  (cost=5.54..432.69 rows=108 width=125)
	  Recheck Cond: ((k >= 6125741) AND (k <= 6125841))
	  ->  Bitmap Index Scan on k_2  (cost=0.00..5.51 rows=108 width=0)
	        Index Cond: ((k >= 6125741) AND (k <= 6125841))

table 3 : explain SELECT k, c FROM sbtest3 WHERE k BETWEEN 6125741 AND 6125841
	Bitmap Heap Scan on sbtest3  (cost=5.46..401.19 rows=100 width=125)
	  Recheck Cond: ((k >= 6125741) AND (k <= 6125841))
	  ->  Bitmap Index Scan on k_3  (cost=0.00..5.43 rows=100 width=0)
	        Index Cond: ((k >= 6125741) AND (k <= 6125841))

table 4 : explain SELECT k, c FROM sbtest4 WHERE k BETWEEN 6125741 AND 6125841
	Bitmap Heap Scan on sbtest4  (cost=5.33..349.95 rows=87 width=125)
	  Recheck Cond: ((k >= 6125741) AND (k <= 6125841))
	  ->  Bitmap Index Scan on k_4  (cost=0.00..5.30 rows=87 width=0)
	        Index Cond: ((k >= 6125741) AND (k <= 6125841))

table 5 : explain SELECT k, c FROM sbtest5 WHERE k BETWEEN 6125741 AND 6125841
	Bitmap Heap Scan on sbtest5  (cost=5.42..385.43 rows=96 width=125)
	  Recheck Cond: ((k >= 6125741) AND (k <= 6125841))
	  ->  Bitmap Index Scan on k_5  (cost=0.00..5.39 rows=96 width=0)
	        Index Cond: ((k >= 6125741) AND (k <= 6125841))

table 6 : explain SELECT k, c FROM sbtest6 WHERE k BETWEEN 6125741 AND 6125841
	Bitmap Heap Scan on sbtest6  (cost=5.43..389.37 rows=97 width=125)
	  Recheck Cond: ((k >= 6125741) AND (k <= 6125841))
	  ->  Bitmap Index Scan on k_6  (cost=0.00..5.40 rows=97 width=0)
	        Index Cond: ((k >= 6125741) AND (k <= 6125841))

table 7 : explain SELECT k, c FROM sbtest7 WHERE k BETWEEN 6125741 AND 6125841
	Bitmap Heap Scan on sbtest7  (cost=5.42..385.43 rows=96 width=125)
	  Recheck Cond: ((k >= 6125741) AND (k <= 6125841))
	  ->  Bitmap Index Scan on k_7  (cost=0.00..5.39 rows=96 width=0)
	        Index Cond: ((k >= 6125741) AND (k <= 6125841))

table 8 : explain SELECT k, c FROM sbtest8 WHERE k BETWEEN 6125741 AND 6125841
	Bitmap Heap Scan on sbtest8  (cost=5.56..440.56 rows=110 width=125)
	  Recheck Cond: ((k >= 6125741) AND (k <= 6125841))
	  ->  Bitmap Index Scan on k_8  (cost=0.00..5.53 rows=110 width=0)
	        Index Cond: ((k >= 6125741) AND (k <= 6125841))

explain: for range-notcovered :: explain SELECT k, c FROM sbtest%d WHERE k BETWEEN 5691159 AND 5691259
for range-notcovered
table 1 : explain SELECT k, c FROM sbtest1 WHERE k BETWEEN 3637741 AND 3637841
	Bitmap Heap Scan on sbtest1  (cost=5.46..401.19 rows=100 width=125)
	  Recheck Cond: ((k >= 3637741) AND (k <= 3637841))
	  ->  Bitmap Index Scan on k_1  (cost=0.00..5.43 rows=100 width=0)
	        Index Cond: ((k >= 3637741) AND (k <= 3637841))

table 2 : explain SELECT k, c FROM sbtest2 WHERE k BETWEEN 3637741 AND 3637841
	Bitmap Heap Scan on sbtest2  (cost=5.41..381.49 rows=95 width=125)
	  Recheck Cond: ((k >= 3637741) AND (k <= 3637841))
	  ->  Bitmap Index Scan on k_2  (cost=0.00..5.38 rows=95 width=0)
	        Index Cond: ((k >= 3637741) AND (k <= 3637841))

table 3 : explain SELECT k, c FROM sbtest3 WHERE k BETWEEN 3637741 AND 3637841
	Bitmap Heap Scan on sbtest3  (cost=5.50..416.94 rows=104 width=125)
	  Recheck Cond: ((k >= 3637741) AND (k <= 3637841))
	  ->  Bitmap Index Scan on k_3  (cost=0.00..5.47 rows=104 width=0)
	        Index Cond: ((k >= 3637741) AND (k <= 3637841))

table 4 : explain SELECT k, c FROM sbtest4 WHERE k BETWEEN 3637741 AND 3637841
	Bitmap Heap Scan on sbtest4  (cost=5.47..405.13 rows=101 width=125)
	  Recheck Cond: ((k >= 3637741) AND (k <= 3637841))
	  ->  Bitmap Index Scan on k_4  (cost=0.00..5.44 rows=101 width=0)
	        Index Cond: ((k >= 3637741) AND (k <= 3637841))

table 5 : explain SELECT k, c FROM sbtest5 WHERE k BETWEEN 3637741 AND 3637841
	Bitmap Heap Scan on sbtest5  (cost=5.56..440.56 rows=110 width=125)
	  Recheck Cond: ((k >= 3637741) AND (k <= 3637841))
	  ->  Bitmap Index Scan on k_5  (cost=0.00..5.53 rows=110 width=0)
	        Index Cond: ((k >= 3637741) AND (k <= 3637841))

table 6 : explain SELECT k, c FROM sbtest6 WHERE k BETWEEN 3637741 AND 3637841
	Bitmap Heap Scan on sbtest6  (cost=5.55..436.62 rows=109 width=125)
	  Recheck Cond: ((k >= 3637741) AND (k <= 3637841))
	  ->  Bitmap Index Scan on k_6  (cost=0.00..5.52 rows=109 width=0)
	        Index Cond: ((k >= 3637741) AND (k <= 3637841))

table 7 : explain SELECT k, c FROM sbtest7 WHERE k BETWEEN 3637741 AND 3637841
	Bitmap Heap Scan on sbtest7  (cost=5.54..432.69 rows=108 width=125)
	  Recheck Cond: ((k >= 3637741) AND (k <= 3637841))
	  ->  Bitmap Index Scan on k_7  (cost=0.00..5.51 rows=108 width=0)
	        Index Cond: ((k >= 3637741) AND (k <= 3637841))

table 8 : explain SELECT k, c FROM sbtest8 WHERE k BETWEEN 3637741 AND 3637841
	Bitmap Heap Scan on sbtest8  (cost=5.41..381.49 rows=95 width=125)
	  Recheck Cond: ((k >= 3637741) AND (k <= 3637841))
	  ->  Bitmap Index Scan on k_8  (cost=0.00..5.38 rows=95 width=0)
	        Index Cond: ((k >= 3637741) AND (k <= 3637841))

explain: for range-notcovered :: explain SELECT k, c FROM sbtest%d WHERE k BETWEEN 3637741 AND 3637841
for range-notcovered
table 1 : explain SELECT k, c FROM sbtest1 WHERE k BETWEEN 5691159 AND 5691259
	Bitmap Heap Scan on sbtest1  (cost=5.40..377.55 rows=94 width=125)
	  Recheck Cond: ((k >= 5691159) AND (k <= 5691259))
	  ->  Bitmap Index Scan on k_1  (cost=0.00..5.38 rows=94 width=0)
	        Index Cond: ((k >= 5691159) AND (k <= 5691259))

table 2 : explain SELECT k, c FROM sbtest2 WHERE k BETWEEN 5691159 AND 5691259
	Bitmap Heap Scan on sbtest2  (cost=5.40..377.55 rows=94 width=125)
	  Recheck Cond: ((k >= 5691159) AND (k <= 5691259))
	  ->  Bitmap Index Scan on k_2  (cost=0.00..5.38 rows=94 width=0)
	        Index Cond: ((k >= 5691159) AND (k <= 5691259))

table 3 : explain SELECT k, c FROM sbtest3 WHERE k BETWEEN 5691159 AND 5691259
	Bitmap Heap Scan on sbtest3  (cost=5.47..405.13 rows=101 width=125)
	  Recheck Cond: ((k >= 5691159) AND (k <= 5691259))
	  ->  Bitmap Index Scan on k_3  (cost=0.00..5.44 rows=101 width=0)
	        Index Cond: ((k >= 5691159) AND (k <= 5691259))

table 4 : explain SELECT k, c FROM sbtest4 WHERE k BETWEEN 5691159 AND 5691259
	Bitmap Heap Scan on sbtest4  (cost=5.48..409.07 rows=102 width=125)
	  Recheck Cond: ((k >= 5691159) AND (k <= 5691259))
	  ->  Bitmap Index Scan on k_4  (cost=0.00..5.45 rows=102 width=0)
	        Index Cond: ((k >= 5691159) AND (k <= 5691259))

table 5 : explain SELECT k, c FROM sbtest5 WHERE k BETWEEN 5691159 AND 5691259
	Bitmap Heap Scan on sbtest5  (cost=5.42..385.43 rows=96 width=125)
	  Recheck Cond: ((k >= 5691159) AND (k <= 5691259))
	  ->  Bitmap Index Scan on k_5  (cost=0.00..5.39 rows=96 width=0)
	        Index Cond: ((k >= 5691159) AND (k <= 5691259))

table 6 : explain SELECT k, c FROM sbtest6 WHERE k BETWEEN 5691159 AND 5691259
	Bitmap Heap Scan on sbtest6  (cost=5.49..413.00 rows=103 width=125)
	  Recheck Cond: ((k >= 5691159) AND (k <= 5691259))
	  ->  Bitmap Index Scan on k_6  (cost=0.00..5.46 rows=103 width=0)
	        Index Cond: ((k >= 5691159) AND (k <= 5691259))

table 7 : explain SELECT k, c FROM sbtest7 WHERE k BETWEEN 5691159 AND 5691259
	Bitmap Heap Scan on sbtest7  (cost=5.56..440.56 rows=110 width=125)
	  Recheck Cond: ((k >= 5691159) AND (k <= 5691259))
	  ->  Bitmap Index Scan on k_7  (cost=0.00..5.53 rows=110 width=0)
	        Index Cond: ((k >= 5691159) AND (k <= 5691259))

table 8 : explain SELECT k, c FROM sbtest8 WHERE k BETWEEN 5691159 AND 5691259
	Bitmap Heap Scan on sbtest8  (cost=5.49..413.00 rows=103 width=125)
	  Recheck Cond: ((k >= 5691159) AND (k <= 5691259))
	  ->  Bitmap Index Scan on k_8  (cost=0.00..5.46 rows=103 width=0)
	        Index Cond: ((k >= 5691159) AND (k <= 5691259))

explain: for range-notcovered :: explain SELECT k, c FROM sbtest%d WHERE k BETWEEN 5691159 AND 5691259
for range-notcovered
table 1 : explain SELECT k, c FROM sbtest1 WHERE k BETWEEN 5812701 AND 5812801
	Bitmap Heap Scan on sbtest1  (cost=5.49..413.00 rows=103 width=125)
	  Recheck Cond: ((k >= 5812701) AND (k <= 5812801))
	  ->  Bitmap Index Scan on k_1  (cost=0.00..5.46 rows=103 width=0)
	        Index Cond: ((k >= 5812701) AND (k <= 5812801))

table 2 : explain SELECT k, c FROM sbtest2 WHERE k BETWEEN 5812701 AND 5812801
	Bitmap Heap Scan on sbtest2  (cost=5.47..405.13 rows=101 width=125)
	  Recheck Cond: ((k >= 5812701) AND (k <= 5812801))
	  ->  Bitmap Index Scan on k_2  (cost=0.00..5.44 rows=101 width=0)
	        Index Cond: ((k >= 5812701) AND (k <= 5812801))

table 3 : explain SELECT k, c FROM sbtest3 WHERE k BETWEEN 5812701 AND 5812801
	Bitmap Heap Scan on sbtest3  (cost=5.43..389.37 rows=97 width=125)
	  Recheck Cond: ((k >= 5812701) AND (k <= 5812801))
	  ->  Bitmap Index Scan on k_3  (cost=0.00..5.40 rows=97 width=0)
	        Index Cond: ((k >= 5812701) AND (k <= 5812801))

table 4 : explain SELECT k, c FROM sbtest4 WHERE k BETWEEN 5812701 AND 5812801
	Bitmap Heap Scan on sbtest4  (cost=5.48..409.07 rows=102 width=125)
	  Recheck Cond: ((k >= 5812701) AND (k <= 5812801))
	  ->  Bitmap Index Scan on k_4  (cost=0.00..5.45 rows=102 width=0)
	        Index Cond: ((k >= 5812701) AND (k <= 5812801))

table 5 : explain SELECT k, c FROM sbtest5 WHERE k BETWEEN 5812701 AND 5812801
	Bitmap Heap Scan on sbtest5  (cost=5.50..416.94 rows=104 width=125)
	  Recheck Cond: ((k >= 5812701) AND (k <= 5812801))
	  ->  Bitmap Index Scan on k_5  (cost=0.00..5.47 rows=104 width=0)
	        Index Cond: ((k >= 5812701) AND (k <= 5812801))

table 6 : explain SELECT k, c FROM sbtest6 WHERE k BETWEEN 5812701 AND 5812801
	Bitmap Heap Scan on sbtest6  (cost=5.54..432.69 rows=108 width=125)
	  Recheck Cond: ((k >= 5812701) AND (k <= 5812801))
	  ->  Bitmap Index Scan on k_6  (cost=0.00..5.51 rows=108 width=0)
	        Index Cond: ((k >= 5812701) AND (k <= 5812801))

table 7 : explain SELECT k, c FROM sbtest7 WHERE k BETWEEN 5812701 AND 5812801
	Bitmap Heap Scan on sbtest7  (cost=5.50..416.94 rows=104 width=125)
	  Recheck Cond: ((k >= 5812701) AND (k <= 5812801))
	  ->  Bitmap Index Scan on k_7  (cost=0.00..5.47 rows=104 width=0)
	        Index Cond: ((k >= 5812701) AND (k <= 5812801))

table 8 : explain SELECT k, c FROM sbtest8 WHERE k BETWEEN 5812701 AND 5812801
	Bitmap Heap Scan on sbtest8  (cost=5.49..413.00 rows=103 width=125)
	  Recheck Cond: ((k >= 5812701) AND (k <= 5812801))
	  ->  Bitmap Index Scan on k_8  (cost=0.00..5.46 rows=103 width=0)
	        Index Cond: ((k >= 5812701) AND (k <= 5812801))

explain: for range-notcovered :: explain SELECT k, c FROM sbtest%d WHERE k BETWEEN 5812701 AND 5812801
for range-notcovered
table 1 : explain SELECT k, c FROM sbtest1 WHERE k BETWEEN 3637741 AND 3637841
	Bitmap Heap Scan on sbtest1  (cost=5.46..401.19 rows=100 width=125)
	  Recheck Cond: ((k >= 3637741) AND (k <= 3637841))
	  ->  Bitmap Index Scan on k_1  (cost=0.00..5.43 rows=100 width=0)
	        Index Cond: ((k >= 3637741) AND (k <= 3637841))

table 2 : explain SELECT k, c FROM sbtest2 WHERE k BETWEEN 3637741 AND 3637841
	Bitmap Heap Scan on sbtest2  (cost=5.41..381.49 rows=95 width=125)
	  Recheck Cond: ((k >= 3637741) AND (k <= 3637841))
	  ->  Bitmap Index Scan on k_2  (cost=0.00..5.38 rows=95 width=0)
	        Index Cond: ((k >= 3637741) AND (k <= 3637841))

table 3 : explain SELECT k, c FROM sbtest3 WHERE k BETWEEN 3637741 AND 3637841
	Bitmap Heap Scan on sbtest3  (cost=5.50..416.94 rows=104 width=125)
	  Recheck Cond: ((k >= 3637741) AND (k <= 3637841))
	  ->  Bitmap Index Scan on k_3  (cost=0.00..5.47 rows=104 width=0)
	        Index Cond: ((k >= 3637741) AND (k <= 3637841))

table 4 : explain SELECT k, c FROM sbtest4 WHERE k BETWEEN 3637741 AND 3637841
	Bitmap Heap Scan on sbtest4  (cost=5.47..405.13 rows=101 width=125)
	  Recheck Cond: ((k >= 3637741) AND (k <= 3637841))
	  ->  Bitmap Index Scan on k_4  (cost=0.00..5.44 rows=101 width=0)
	        Index Cond: ((k >= 3637741) AND (k <= 3637841))

table 5 : explain SELECT k, c FROM sbtest5 WHERE k BETWEEN 3637741 AND 3637841
	Bitmap Heap Scan on sbtest5  (cost=5.56..440.56 rows=110 width=125)
	  Recheck Cond: ((k >= 3637741) AND (k <= 3637841))
	  ->  Bitmap Index Scan on k_5  (cost=0.00..5.53 rows=110 width=0)
	        Index Cond: ((k >= 3637741) AND (k <= 3637841))

table 6 : explain SELECT k, c FROM sbtest6 WHERE k BETWEEN 3637741 AND 3637841
	Bitmap Heap Scan on sbtest6  (cost=5.55..436.62 rows=109 width=125)
	  Recheck Cond: ((k >= 3637741) AND (k <= 3637841))
	  ->  Bitmap Index Scan on k_6  (cost=0.00..5.52 rows=109 width=0)
	        Index Cond: ((k >= 3637741) AND (k <= 3637841))

table 7 : explain SELECT k, c FROM sbtest7 WHERE k BETWEEN 3637741 AND 3637841
	Bitmap Heap Scan on sbtest7  (cost=5.54..432.69 rows=108 width=125)
	  Recheck Cond: ((k >= 3637741) AND (k <= 3637841))
	  ->  Bitmap Index Scan on k_7  (cost=0.00..5.51 rows=108 width=0)
	        Index Cond: ((k >= 3637741) AND (k <= 3637841))

table 8 : explain SELECT k, c FROM sbtest8 WHERE k BETWEEN 3637741 AND 3637841
	Bitmap Heap Scan on sbtest8  (cost=5.41..381.49 rows=95 width=125)
	  Recheck Cond: ((k >= 3637741) AND (k <= 3637841))
	  ->  Bitmap Index Scan on k_8  (cost=0.00..5.38 rows=95 width=0)
	        Index Cond: ((k >= 3637741) AND (k <= 3637841))

explain: for range-notcovered :: explain SELECT k, c FROM sbtest%d WHERE k BETWEEN 3637741 AND 3637841
for range-notcovered
table 1 : explain SELECT k, c FROM sbtest1 WHERE k BETWEEN 6337230 AND 6337330
	Bitmap Heap Scan on sbtest1  (cost=5.45..397.25 rows=99 width=125)
	  Recheck Cond: ((k >= 6337230) AND (k <= 6337330))
	  ->  Bitmap Index Scan on k_1  (cost=0.00..5.42 rows=99 width=0)
	        Index Cond: ((k >= 6337230) AND (k <= 6337330))

table 2 : explain SELECT k, c FROM sbtest2 WHERE k BETWEEN 6337230 AND 6337330
	Bitmap Heap Scan on sbtest2  (cost=5.54..432.69 rows=108 width=125)
	  Recheck Cond: ((k >= 6337230) AND (k <= 6337330))
	  ->  Bitmap Index Scan on k_2  (cost=0.00..5.51 rows=108 width=0)
	        Index Cond: ((k >= 6337230) AND (k <= 6337330))

table 3 : explain SELECT k, c FROM sbtest3 WHERE k BETWEEN 6337230 AND 6337330
	Bitmap Heap Scan on sbtest3  (cost=5.47..405.13 rows=101 width=125)
	  Recheck Cond: ((k >= 6337230) AND (k <= 6337330))
	  ->  Bitmap Index Scan on k_3  (cost=0.00..5.44 rows=101 width=0)
	        Index Cond: ((k >= 6337230) AND (k <= 6337330))

table 4 : explain SELECT k, c FROM sbtest4 WHERE k BETWEEN 6337230 AND 6337330
	Bitmap Heap Scan on sbtest4  (cost=5.42..385.43 rows=96 width=125)
	  Recheck Cond: ((k >= 6337230) AND (k <= 6337330))
	  ->  Bitmap Index Scan on k_4  (cost=0.00..5.39 rows=96 width=0)
	        Index Cond: ((k >= 6337230) AND (k <= 6337330))

table 5 : explain SELECT k, c FROM sbtest5 WHERE k BETWEEN 6337230 AND 6337330
	Bitmap Heap Scan on sbtest5  (cost=5.53..428.75 rows=107 width=125)
	  Recheck Cond: ((k >= 6337230) AND (k <= 6337330))
	  ->  Bitmap Index Scan on k_5  (cost=0.00..5.50 rows=107 width=0)
	        Index Cond: ((k >= 6337230) AND (k <= 6337330))

table 6 : explain SELECT k, c FROM sbtest6 WHERE k BETWEEN 6337230 AND 6337330
	Bitmap Heap Scan on sbtest6  (cost=5.55..436.62 rows=109 width=125)
	  Recheck Cond: ((k >= 6337230) AND (k <= 6337330))
	  ->  Bitmap Index Scan on k_6  (cost=0.00..5.52 rows=109 width=0)
	        Index Cond: ((k >= 6337230) AND (k <= 6337330))

table 7 : explain SELECT k, c FROM sbtest7 WHERE k BETWEEN 6337230 AND 6337330
	Bitmap Heap Scan on sbtest7  (cost=5.45..397.25 rows=99 width=125)
	  Recheck Cond: ((k >= 6337230) AND (k <= 6337330))
	  ->  Bitmap Index Scan on k_7  (cost=0.00..5.42 rows=99 width=0)
	        Index Cond: ((k >= 6337230) AND (k <= 6337330))

table 8 : explain SELECT k, c FROM sbtest8 WHERE k BETWEEN 6337230 AND 6337330
	Bitmap Heap Scan on sbtest8  (cost=5.44..393.31 rows=98 width=125)
	  Recheck Cond: ((k >= 6337230) AND (k <= 6337330))
	  ->  Bitmap Index Scan on k_8  (cost=0.00..5.42 rows=98 width=0)
	        Index Cond: ((k >= 6337230) AND (k <= 6337330))

explain: for range-notcovered :: explain SELECT k, c FROM sbtest%d WHERE k BETWEEN 6337230 AND 6337330
for range-notcovered
table 1 : explain SELECT k, c FROM sbtest1 WHERE k BETWEEN 5812701 AND 5812801
	Bitmap Heap Scan on sbtest1  (cost=5.49..413.00 rows=103 width=125)
	  Recheck Cond: ((k >= 5812701) AND (k <= 5812801))
	  ->  Bitmap Index Scan on k_1  (cost=0.00..5.46 rows=103 width=0)
	        Index Cond: ((k >= 5812701) AND (k <= 5812801))

table 2 : explain SELECT k, c FROM sbtest2 WHERE k BETWEEN 5812701 AND 5812801
	Bitmap Heap Scan on sbtest2  (cost=5.47..405.13 rows=101 width=125)
	  Recheck Cond: ((k >= 5812701) AND (k <= 5812801))
	  ->  Bitmap Index Scan on k_2  (cost=0.00..5.44 rows=101 width=0)
	        Index Cond: ((k >= 5812701) AND (k <= 5812801))

table 3 : explain SELECT k, c FROM sbtest3 WHERE k BETWEEN 5812701 AND 5812801
	Bitmap Heap Scan on sbtest3  (cost=5.43..389.37 rows=97 width=125)
	  Recheck Cond: ((k >= 5812701) AND (k <= 5812801))
	  ->  Bitmap Index Scan on k_3  (cost=0.00..5.40 rows=97 width=0)
	        Index Cond: ((k >= 5812701) AND (k <= 5812801))

table 4 : explain SELECT k, c FROM sbtest4 WHERE k BETWEEN 5812701 AND 5812801
	Bitmap Heap Scan on sbtest4  (cost=5.48..409.07 rows=102 width=125)
	  Recheck Cond: ((k >= 5812701) AND (k <= 5812801))
	  ->  Bitmap Index Scan on k_4  (cost=0.00..5.45 rows=102 width=0)
	        Index Cond: ((k >= 5812701) AND (k <= 5812801))

table 5 : explain SELECT k, c FROM sbtest5 WHERE k BETWEEN 5812701 AND 5812801
	Bitmap Heap Scan on sbtest5  (cost=5.50..416.94 rows=104 width=125)
	  Recheck Cond: ((k >= 5812701) AND (k <= 5812801))
	  ->  Bitmap Index Scan on k_5  (cost=0.00..5.47 rows=104 width=0)
	        Index Cond: ((k >= 5812701) AND (k <= 5812801))

table 6 : explain SELECT k, c FROM sbtest6 WHERE k BETWEEN 5812701 AND 5812801
	Bitmap Heap Scan on sbtest6  (cost=5.54..432.69 rows=108 width=125)
	  Recheck Cond: ((k >= 5812701) AND (k <= 5812801))
	  ->  Bitmap Index Scan on k_6  (cost=0.00..5.51 rows=108 width=0)
	        Index Cond: ((k >= 5812701) AND (k <= 5812801))

table 7 : explain SELECT k, c FROM sbtest7 WHERE k BETWEEN 5812701 AND 5812801
	Bitmap Heap Scan on sbtest7  (cost=5.50..416.94 rows=104 width=125)
	  Recheck Cond: ((k >= 5812701) AND (k <= 5812801))
	  ->  Bitmap Index Scan on k_7  (cost=0.00..5.47 rows=104 width=0)
	        Index Cond: ((k >= 5812701) AND (k <= 5812801))

table 8 : explain SELECT k, c FROM sbtest8 WHERE k BETWEEN 5812701 AND 5812801
	Bitmap Heap Scan on sbtest8  (cost=5.49..413.00 rows=103 width=125)
	  Recheck Cond: ((k >= 5812701) AND (k <= 5812801))
	  ->  Bitmap Index Scan on k_8  (cost=0.00..5.46 rows=103 width=0)
	        Index Cond: ((k >= 5812701) AND (k <= 5812801))

explain: for range-notcovered :: explain SELECT k, c FROM sbtest%d WHERE k BETWEEN 5812701 AND 5812801
for range-notcovered
table 1 : explain SELECT k, c FROM sbtest1 WHERE k BETWEEN 5691159 AND 5691259
	Bitmap Heap Scan on sbtest1  (cost=5.40..377.55 rows=94 width=125)
	  Recheck Cond: ((k >= 5691159) AND (k <= 5691259))
	  ->  Bitmap Index Scan on k_1  (cost=0.00..5.38 rows=94 width=0)
	        Index Cond: ((k >= 5691159) AND (k <= 5691259))

table 2 : explain SELECT k, c FROM sbtest2 WHERE k BETWEEN 5691159 AND 5691259
	Bitmap Heap Scan on sbtest2  (cost=5.40..377.55 rows=94 width=125)
	  Recheck Cond: ((k >= 5691159) AND (k <= 5691259))
	  ->  Bitmap Index Scan on k_2  (cost=0.00..5.38 rows=94 width=0)
	        Index Cond: ((k >= 5691159) AND (k <= 5691259))

table 3 : explain SELECT k, c FROM sbtest3 WHERE k BETWEEN 5691159 AND 5691259
	Bitmap Heap Scan on sbtest3  (cost=5.47..405.13 rows=101 width=125)
	  Recheck Cond: ((k >= 5691159) AND (k <= 5691259))
	  ->  Bitmap Index Scan on k_3  (cost=0.00..5.44 rows=101 width=0)
	        Index Cond: ((k >= 5691159) AND (k <= 5691259))

table 4 : explain SELECT k, c FROM sbtest4 WHERE k BETWEEN 5691159 AND 5691259
	Bitmap Heap Scan on sbtest4  (cost=5.48..409.07 rows=102 width=125)
	  Recheck Cond: ((k >= 5691159) AND (k <= 5691259))
	  ->  Bitmap Index Scan on k_4  (cost=0.00..5.45 rows=102 width=0)
	        Index Cond: ((k >= 5691159) AND (k <= 5691259))

table 5 : explain SELECT k, c FROM sbtest5 WHERE k BETWEEN 5691159 AND 5691259
	Bitmap Heap Scan on sbtest5  (cost=5.42..385.43 rows=96 width=125)
	  Recheck Cond: ((k >= 5691159) AND (k <= 5691259))
	  ->  Bitmap Index Scan on k_5  (cost=0.00..5.39 rows=96 width=0)
	        Index Cond: ((k >= 5691159) AND (k <= 5691259))

table 6 : explain SELECT k, c FROM sbtest6 WHERE k BETWEEN 5691159 AND 5691259
	Bitmap Heap Scan on sbtest6  (cost=5.49..413.00 rows=103 width=125)
	  Recheck Cond: ((k >= 5691159) AND (k <= 5691259))
	  ->  Bitmap Index Scan on k_6  (cost=0.00..5.46 rows=103 width=0)
	        Index Cond: ((k >= 5691159) AND (k <= 5691259))

table 7 : explain SELECT k, c FROM sbtest7 WHERE k BETWEEN 5691159 AND 5691259
	Bitmap Heap Scan on sbtest7  (cost=5.56..440.56 rows=110 width=125)
	  Recheck Cond: ((k >= 5691159) AND (k <= 5691259))
	  ->  Bitmap Index Scan on k_7  (cost=0.00..5.53 rows=110 width=0)
	        Index Cond: ((k >= 5691159) AND (k <= 5691259))

table 8 : explain SELECT k, c FROM sbtest8 WHERE k BETWEEN 5691159 AND 5691259
	Bitmap Heap Scan on sbtest8  (cost=5.49..413.00 rows=103 width=125)
	  Recheck Cond: ((k >= 5691159) AND (k <= 5691259))
	  ->  Bitmap Index Scan on k_8  (cost=0.00..5.46 rows=103 width=0)
	        Index Cond: ((k >= 5691159) AND (k <= 5691259))

for range-notcovered
table 1 : explain SELECT k, c FROM sbtest1 WHERE k BETWEEN 5700846 AND 5700946
	Bitmap Heap Scan on sbtest1  (cost=5.40..377.55 rows=94 width=125)
	  Recheck Cond: ((k >= 5700846) AND (k <= 5700946))
	  ->  Bitmap Index Scan on k_1  (cost=0.00..5.38 rows=94 width=0)
	        Index Cond: ((k >= 5700846) AND (k <= 5700946))

table 2 : explain SELECT k, c FROM sbtest2 WHERE k BETWEEN 5700846 AND 5700946
	Bitmap Heap Scan on sbtest2  (cost=5.40..377.55 rows=94 width=125)
	  Recheck Cond: ((k >= 5700846) AND (k <= 5700946))
	  ->  Bitmap Index Scan on k_2  (cost=0.00..5.38 rows=94 width=0)
	        Index Cond: ((k >= 5700846) AND (k <= 5700946))

table 3 : explain SELECT k, c FROM sbtest3 WHERE k BETWEEN 5700846 AND 5700946
	Bitmap Heap Scan on sbtest3  (cost=5.47..405.13 rows=101 width=125)
	  Recheck Cond: ((k >= 5700846) AND (k <= 5700946))
	  ->  Bitmap Index Scan on k_3  (cost=0.00..5.44 rows=101 width=0)
	        Index Cond: ((k >= 5700846) AND (k <= 5700946))

table 4 : explain SELECT k, c FROM sbtest4 WHERE k BETWEEN 5700846 AND 5700946
	Bitmap Heap Scan on sbtest4  (cost=5.48..409.07 rows=102 width=125)
	  Recheck Cond: ((k >= 5700846) AND (k <= 5700946))
	  ->  Bitmap Index Scan on k_4  (cost=0.00..5.45 rows=102 width=0)
	        Index Cond: ((k >= 5700846) AND (k <= 5700946))

table 5 : explain SELECT k, c FROM sbtest5 WHERE k BETWEEN 5700846 AND 5700946
	Bitmap Heap Scan on sbtest5  (cost=5.42..385.43 rows=96 width=125)
	  Recheck Cond: ((k >= 5700846) AND (k <= 5700946))
	  ->  Bitmap Index Scan on k_5  (cost=0.00..5.39 rows=96 width=0)
	        Index Cond: ((k >= 5700846) AND (k <= 5700946))

table 6 : explain SELECT k, c FROM sbtest6 WHERE k BETWEEN 5700846 AND 5700946
	Bitmap Heap Scan on sbtest6  (cost=5.49..413.00 rows=103 width=125)
	  Recheck Cond: ((k >= 5700846) AND (k <= 5700946))
	  ->  Bitmap Index Scan on k_6  (cost=0.00..5.46 rows=103 width=0)
	        Index Cond: ((k >= 5700846) AND (k <= 5700946))

table 7 : explain SELECT k, c FROM sbtest7 WHERE k BETWEEN 5700846 AND 5700946
	Bitmap Heap Scan on sbtest7  (cost=5.56..440.56 rows=110 width=125)
	  Recheck Cond: ((k >= 5700846) AND (k <= 5700946))
	  ->  Bitmap Index Scan on k_7  (cost=0.00..5.53 rows=110 width=0)
	        Index Cond: ((k >= 5700846) AND (k <= 5700946))

table 8 : explain SELECT k, c FROM sbtest8 WHERE k BETWEEN 5700846 AND 5700946
	Bitmap Heap Scan on sbtest8  (cost=5.49..413.00 rows=103 width=125)
	  Recheck Cond: ((k >= 5700846) AND (k <= 5700946))
	  ->  Bitmap Index Scan on k_8  (cost=0.00..5.46 rows=103 width=0)
	        Index Cond: ((k >= 5700846) AND (k <= 5700946))

for range-notcovered
table 1 : explain SELECT k, c FROM sbtest1 WHERE k BETWEEN 3637741 AND 3637841
	Bitmap Heap Scan on sbtest1  (cost=5.46..401.19 rows=100 width=125)
	  Recheck Cond: ((k >= 3637741) AND (k <= 3637841))
	  ->  Bitmap Index Scan on k_1  (cost=0.00..5.43 rows=100 width=0)
	        Index Cond: ((k >= 3637741) AND (k <= 3637841))

table 2 : explain SELECT k, c FROM sbtest2 WHERE k BETWEEN 3637741 AND 3637841
	Bitmap Heap Scan on sbtest2  (cost=5.41..381.49 rows=95 width=125)
	  Recheck Cond: ((k >= 3637741) AND (k <= 3637841))
	  ->  Bitmap Index Scan on k_2  (cost=0.00..5.38 rows=95 width=0)
	        Index Cond: ((k >= 3637741) AND (k <= 3637841))

table 3 : explain SELECT k, c FROM sbtest3 WHERE k BETWEEN 3637741 AND 3637841
	Bitmap Heap Scan on sbtest3  (cost=5.50..416.94 rows=104 width=125)
	  Recheck Cond: ((k >= 3637741) AND (k <= 3637841))
	  ->  Bitmap Index Scan on k_3  (cost=0.00..5.47 rows=104 width=0)
	        Index Cond: ((k >= 3637741) AND (k <= 3637841))

table 4 : explain SELECT k, c FROM sbtest4 WHERE k BETWEEN 3637741 AND 3637841
	Bitmap Heap Scan on sbtest4  (cost=5.47..405.13 rows=101 width=125)
	  Recheck Cond: ((k >= 3637741) AND (k <= 3637841))
	  ->  Bitmap Index Scan on k_4  (cost=0.00..5.44 rows=101 width=0)
	        Index Cond: ((k >= 3637741) AND (k <= 3637841))

table 5 : explain SELECT k, c FROM sbtest5 WHERE k BETWEEN 3637741 AND 3637841
	Bitmap Heap Scan on sbtest5  (cost=5.56..440.56 rows=110 width=125)
	  Recheck Cond: ((k >= 3637741) AND (k <= 3637841))
	  ->  Bitmap Index Scan on k_5  (cost=0.00..5.53 rows=110 width=0)
	        Index Cond: ((k >= 3637741) AND (k <= 3637841))

table 6 : explain SELECT k, c FROM sbtest6 WHERE k BETWEEN 3637741 AND 3637841
	Bitmap Heap Scan on sbtest6  (cost=5.55..436.62 rows=109 width=125)
	  Recheck Cond: ((k >= 3637741) AND (k <= 3637841))
	  ->  Bitmap Index Scan on k_6  (cost=0.00..5.52 rows=109 width=0)
	        Index Cond: ((k >= 3637741) AND (k <= 3637841))

table 7 : explain SELECT k, c FROM sbtest7 WHERE k BETWEEN 3637741 AND 3637841
	Bitmap Heap Scan on sbtest7  (cost=5.54..432.69 rows=108 width=125)
	  Recheck Cond: ((k >= 3637741) AND (k <= 3637841))
	  ->  Bitmap Index Scan on k_7  (cost=0.00..5.51 rows=108 width=0)
	        Index Cond: ((k >= 3637741) AND (k <= 3637841))

table 8 : explain SELECT k, c FROM sbtest8 WHERE k BETWEEN 3637741 AND 3637841
	Bitmap Heap Scan on sbtest8  (cost=5.41..381.49 rows=95 width=125)
	  Recheck Cond: ((k >= 3637741) AND (k <= 3637841))
	  ->  Bitmap Index Scan on k_8  (cost=0.00..5.38 rows=95 width=0)
	        Index Cond: ((k >= 3637741) AND (k <= 3637841))

explain: for range-notcovered :: explain SELECT k, c FROM sbtest%d WHERE k BETWEEN 3637741 AND 3637841
for range-notcovered
table 1 : explain SELECT k, c FROM sbtest1 WHERE k BETWEEN 6337230 AND 6337330
	Bitmap Heap Scan on sbtest1  (cost=5.45..397.25 rows=99 width=125)
	  Recheck Cond: ((k >= 6337230) AND (k <= 6337330))
	  ->  Bitmap Index Scan on k_1  (cost=0.00..5.42 rows=99 width=0)
	        Index Cond: ((k >= 6337230) AND (k <= 6337330))

table 2 : explain SELECT k, c FROM sbtest2 WHERE k BETWEEN 6337230 AND 6337330
	Bitmap Heap Scan on sbtest2  (cost=5.54..432.69 rows=108 width=125)
	  Recheck Cond: ((k >= 6337230) AND (k <= 6337330))
	  ->  Bitmap Index Scan on k_2  (cost=0.00..5.51 rows=108 width=0)
	        Index Cond: ((k >= 6337230) AND (k <= 6337330))

table 3 : explain SELECT k, c FROM sbtest3 WHERE k BETWEEN 6337230 AND 6337330
	Bitmap Heap Scan on sbtest3  (cost=5.47..405.13 rows=101 width=125)
	  Recheck Cond: ((k >= 6337230) AND (k <= 6337330))
	  ->  Bitmap Index Scan on k_3  (cost=0.00..5.44 rows=101 width=0)
	        Index Cond: ((k >= 6337230) AND (k <= 6337330))

table 4 : explain SELECT k, c FROM sbtest4 WHERE k BETWEEN 6337230 AND 6337330
	Bitmap Heap Scan on sbtest4  (cost=5.42..385.43 rows=96 width=125)
	  Recheck Cond: ((k >= 6337230) AND (k <= 6337330))
	  ->  Bitmap Index Scan on k_4  (cost=0.00..5.39 rows=96 width=0)
	        Index Cond: ((k >= 6337230) AND (k <= 6337330))

table 5 : explain SELECT k, c FROM sbtest5 WHERE k BETWEEN 6337230 AND 6337330
	Bitmap Heap Scan on sbtest5  (cost=5.53..428.75 rows=107 width=125)
	  Recheck Cond: ((k >= 6337230) AND (k <= 6337330))
	  ->  Bitmap Index Scan on k_5  (cost=0.00..5.50 rows=107 width=0)
	        Index Cond: ((k >= 6337230) AND (k <= 6337330))

table 6 : explain SELECT k, c FROM sbtest6 WHERE k BETWEEN 6337230 AND 6337330
	Bitmap Heap Scan on sbtest6  (cost=5.55..436.62 rows=109 width=125)
	  Recheck Cond: ((k >= 6337230) AND (k <= 6337330))
	  ->  Bitmap Index Scan on k_6  (cost=0.00..5.52 rows=109 width=0)
	        Index Cond: ((k >= 6337230) AND (k <= 6337330))

table 7 : explain SELECT k, c FROM sbtest7 WHERE k BETWEEN 6337230 AND 6337330
	Bitmap Heap Scan on sbtest7  (cost=5.45..397.25 rows=99 width=125)
	  Recheck Cond: ((k >= 6337230) AND (k <= 6337330))
	  ->  Bitmap Index Scan on k_7  (cost=0.00..5.42 rows=99 width=0)
	        Index Cond: ((k >= 6337230) AND (k <= 6337330))

table 8 : explain SELECT k, c FROM sbtest8 WHERE k BETWEEN 6337230 AND 6337330
	Bitmap Heap Scan on sbtest8  (cost=5.44..393.31 rows=98 width=125)
	  Recheck Cond: ((k >= 6337230) AND (k <= 6337330))
	  ->  Bitmap Index Scan on k_8  (cost=0.00..5.42 rows=98 width=0)
	        Index Cond: ((k >= 6337230) AND (k <= 6337330))

explain: for range-notcovered :: explain SELECT k, c FROM sbtest%d WHERE k BETWEEN 6337230 AND 6337330
for range-notcovered
table 1 : explain SELECT k, c FROM sbtest1 WHERE k BETWEEN 5812701 AND 5812801
	Bitmap Heap Scan on sbtest1  (cost=5.49..413.00 rows=103 width=125)
	  Recheck Cond: ((k >= 5812701) AND (k <= 5812801))
	  ->  Bitmap Index Scan on k_1  (cost=0.00..5.46 rows=103 width=0)
	        Index Cond: ((k >= 5812701) AND (k <= 5812801))

table 2 : explain SELECT k, c FROM sbtest2 WHERE k BETWEEN 5812701 AND 5812801
	Bitmap Heap Scan on sbtest2  (cost=5.47..405.13 rows=101 width=125)
	  Recheck Cond: ((k >= 5812701) AND (k <= 5812801))
	  ->  Bitmap Index Scan on k_2  (cost=0.00..5.44 rows=101 width=0)
	        Index Cond: ((k >= 5812701) AND (k <= 5812801))

table 3 : explain SELECT k, c FROM sbtest3 WHERE k BETWEEN 5812701 AND 5812801
	Bitmap Heap Scan on sbtest3  (cost=5.43..389.37 rows=97 width=125)
	  Recheck Cond: ((k >= 5812701) AND (k <= 5812801))
	  ->  Bitmap Index Scan on k_3  (cost=0.00..5.40 rows=97 width=0)
	        Index Cond: ((k >= 5812701) AND (k <= 5812801))

table 4 : explain SELECT k, c FROM sbtest4 WHERE k BETWEEN 5812701 AND 5812801
	Bitmap Heap Scan on sbtest4  (cost=5.48..409.07 rows=102 width=125)
	  Recheck Cond: ((k >= 5812701) AND (k <= 5812801))
	  ->  Bitmap Index Scan on k_4  (cost=0.00..5.45 rows=102 width=0)
	        Index Cond: ((k >= 5812701) AND (k <= 5812801))

table 5 : explain SELECT k, c FROM sbtest5 WHERE k BETWEEN 5812701 AND 5812801
	Bitmap Heap Scan on sbtest5  (cost=5.50..416.94 rows=104 width=125)
	  Recheck Cond: ((k >= 5812701) AND (k <= 5812801))
	  ->  Bitmap Index Scan on k_5  (cost=0.00..5.47 rows=104 width=0)
	        Index Cond: ((k >= 5812701) AND (k <= 5812801))

table 6 : explain SELECT k, c FROM sbtest6 WHERE k BETWEEN 5812701 AND 5812801
	Bitmap Heap Scan on sbtest6  (cost=5.54..432.69 rows=108 width=125)
	  Recheck Cond: ((k >= 5812701) AND (k <= 5812801))
	  ->  Bitmap Index Scan on k_6  (cost=0.00..5.51 rows=108 width=0)
	        Index Cond: ((k >= 5812701) AND (k <= 5812801))

table 7 : explain SELECT k, c FROM sbtest7 WHERE k BETWEEN 5812701 AND 5812801
	Bitmap Heap Scan on sbtest7  (cost=5.50..416.94 rows=104 width=125)
	  Recheck Cond: ((k >= 5812701) AND (k <= 5812801))
	  ->  Bitmap Index Scan on k_7  (cost=0.00..5.47 rows=104 width=0)
	        Index Cond: ((k >= 5812701) AND (k <= 5812801))

table 8 : explain SELECT k, c FROM sbtest8 WHERE k BETWEEN 5812701 AND 5812801
	Bitmap Heap Scan on sbtest8  (cost=5.49..413.00 rows=103 width=125)
	  Recheck Cond: ((k >= 5812701) AND (k <= 5812801))
	  ->  Bitmap Index Scan on k_8  (cost=0.00..5.46 rows=103 width=0)
	        Index Cond: ((k >= 5812701) AND (k <= 5812801))

explain: for range-notcovered :: explain SELECT k, c FROM sbtest%d WHERE k BETWEEN 6469467 AND 6469567
explain: for range-notcovered :: explain SELECT k, c FROM sbtest%d WHERE k BETWEEN 5812701 AND 5812801
for range-notcovered
table 1 : explain SELECT k, c FROM sbtest1 WHERE k BETWEEN 3637741 AND 3637841
	Bitmap Heap Scan on sbtest1  (cost=5.46..401.19 rows=100 width=125)
	  Recheck Cond: ((k >= 3637741) AND (k <= 3637841))
	  ->  Bitmap Index Scan on k_1  (cost=0.00..5.43 rows=100 width=0)
	        Index Cond: ((k >= 3637741) AND (k <= 3637841))

table 2 : explain SELECT k, c FROM sbtest2 WHERE k BETWEEN 3637741 AND 3637841
	Bitmap Heap Scan on sbtest2  (cost=5.41..381.49 rows=95 width=125)
	  Recheck Cond: ((k >= 3637741) AND (k <= 3637841))
	  ->  Bitmap Index Scan on k_2  (cost=0.00..5.38 rows=95 width=0)
	        Index Cond: ((k >= 3637741) AND (k <= 3637841))

table 3 : explain SELECT k, c FROM sbtest3 WHERE k BETWEEN 3637741 AND 3637841
	Bitmap Heap Scan on sbtest3  (cost=5.50..416.94 rows=104 width=125)
	  Recheck Cond: ((k >= 3637741) AND (k <= 3637841))
	  ->  Bitmap Index Scan on k_3  (cost=0.00..5.47 rows=104 width=0)
	        Index Cond: ((k >= 3637741) AND (k <= 3637841))

table 4 : explain SELECT k, c FROM sbtest4 WHERE k BETWEEN 3637741 AND 3637841
	Bitmap Heap Scan on sbtest4  (cost=5.47..405.13 rows=101 width=125)
	  Recheck Cond: ((k >= 3637741) AND (k <= 3637841))
	  ->  Bitmap Index Scan on k_4  (cost=0.00..5.44 rows=101 width=0)
	        Index Cond: ((k >= 3637741) AND (k <= 3637841))

table 5 : explain SELECT k, c FROM sbtest5 WHERE k BETWEEN 3637741 AND 3637841
	Bitmap Heap Scan on sbtest5  (cost=5.56..440.56 rows=110 width=125)
	  Recheck Cond: ((k >= 3637741) AND (k <= 3637841))
	  ->  Bitmap Index Scan on k_5  (cost=0.00..5.53 rows=110 width=0)
	        Index Cond: ((k >= 3637741) AND (k <= 3637841))

table 6 : explain SELECT k, c FROM sbtest6 WHERE k BETWEEN 3637741 AND 3637841
	Bitmap Heap Scan on sbtest6  (cost=5.55..436.62 rows=109 width=125)
	  Recheck Cond: ((k >= 3637741) AND (k <= 3637841))
	  ->  Bitmap Index Scan on k_6  (cost=0.00..5.52 rows=109 width=0)
	        Index Cond: ((k >= 3637741) AND (k <= 3637841))

table 7 : explain SELECT k, c FROM sbtest7 WHERE k BETWEEN 3637741 AND 3637841
	Bitmap Heap Scan on sbtest7  (cost=5.54..432.69 rows=108 width=125)
	  Recheck Cond: ((k >= 3637741) AND (k <= 3637841))
	  ->  Bitmap Index Scan on k_7  (cost=0.00..5.51 rows=108 width=0)
	        Index Cond: ((k >= 3637741) AND (k <= 3637841))

table 8 : explain SELECT k, c FROM sbtest8 WHERE k BETWEEN 3637741 AND 3637841
	Bitmap Heap Scan on sbtest8  (cost=5.41..381.49 rows=95 width=125)
	  Recheck Cond: ((k >= 3637741) AND (k <= 3637841))
	  ->  Bitmap Index Scan on k_8  (cost=0.00..5.38 rows=95 width=0)
	        Index Cond: ((k >= 3637741) AND (k <= 3637841))

explain: for range-notcovered :: explain SELECT k, c FROM sbtest%d WHERE k BETWEEN 3637741 AND 3637841
for range-notcovered
table 1 : explain SELECT k, c FROM sbtest1 WHERE k BETWEEN 6337230 AND 6337330
	Bitmap Heap Scan on sbtest1  (cost=5.45..397.25 rows=99 width=125)
	  Recheck Cond: ((k >= 6337230) AND (k <= 6337330))
	  ->  Bitmap Index Scan on k_1  (cost=0.00..5.42 rows=99 width=0)
	        Index Cond: ((k >= 6337230) AND (k <= 6337330))

table 2 : explain SELECT k, c FROM sbtest2 WHERE k BETWEEN 6337230 AND 6337330
	Bitmap Heap Scan on sbtest2  (cost=5.54..432.69 rows=108 width=125)
	  Recheck Cond: ((k >= 6337230) AND (k <= 6337330))
	  ->  Bitmap Index Scan on k_2  (cost=0.00..5.51 rows=108 width=0)
	        Index Cond: ((k >= 6337230) AND (k <= 6337330))

table 3 : explain SELECT k, c FROM sbtest3 WHERE k BETWEEN 6337230 AND 6337330
	Bitmap Heap Scan on sbtest3  (cost=5.47..405.13 rows=101 width=125)
	  Recheck Cond: ((k >= 6337230) AND (k <= 6337330))
	  ->  Bitmap Index Scan on k_3  (cost=0.00..5.44 rows=101 width=0)
	        Index Cond: ((k >= 6337230) AND (k <= 6337330))

table 4 : explain SELECT k, c FROM sbtest4 WHERE k BETWEEN 6337230 AND 6337330
	Bitmap Heap Scan on sbtest4  (cost=5.42..385.43 rows=96 width=125)
	  Recheck Cond: ((k >= 6337230) AND (k <= 6337330))
	  ->  Bitmap Index Scan on k_4  (cost=0.00..5.39 rows=96 width=0)
	        Index Cond: ((k >= 6337230) AND (k <= 6337330))

table 5 : explain SELECT k, c FROM sbtest5 WHERE k BETWEEN 6337230 AND 6337330
	Bitmap Heap Scan on sbtest5  (cost=5.53..428.75 rows=107 width=125)
	  Recheck Cond: ((k >= 6337230) AND (k <= 6337330))
	  ->  Bitmap Index Scan on k_5  (cost=0.00..5.50 rows=107 width=0)
	        Index Cond: ((k >= 6337230) AND (k <= 6337330))

table 6 : explain SELECT k, c FROM sbtest6 WHERE k BETWEEN 6337230 AND 6337330
	Bitmap Heap Scan on sbtest6  (cost=5.55..436.62 rows=109 width=125)
	  Recheck Cond: ((k >= 6337230) AND (k <= 6337330))
	  ->  Bitmap Index Scan on k_6  (cost=0.00..5.52 rows=109 width=0)
	        Index Cond: ((k >= 6337230) AND (k <= 6337330))

table 7 : explain SELECT k, c FROM sbtest7 WHERE k BETWEEN 6337230 AND 6337330
	Bitmap Heap Scan on sbtest7  (cost=5.45..397.25 rows=99 width=125)
	  Recheck Cond: ((k >= 6337230) AND (k <= 6337330))
	  ->  Bitmap Index Scan on k_7  (cost=0.00..5.42 rows=99 width=0)
	        Index Cond: ((k >= 6337230) AND (k <= 6337330))

table 8 : explain SELECT k, c FROM sbtest8 WHERE k BETWEEN 6337230 AND 6337330
	Bitmap Heap Scan on sbtest8  (cost=5.44..393.31 rows=98 width=125)
	  Recheck Cond: ((k >= 6337230) AND (k <= 6337330))
	  ->  Bitmap Index Scan on k_8  (cost=0.00..5.42 rows=98 width=0)
	        Index Cond: ((k >= 6337230) AND (k <= 6337330))

explain: for range-notcovered :: explain SELECT k, c FROM sbtest%d WHERE k BETWEEN 6337230 AND 6337330
for range-notcovered
table 1 : explain SELECT k, c FROM sbtest1 WHERE k BETWEEN 5812701 AND 5812801
	Bitmap Heap Scan on sbtest1  (cost=5.49..413.00 rows=103 width=125)
	  Recheck Cond: ((k >= 5812701) AND (k <= 5812801))
	  ->  Bitmap Index Scan on k_1  (cost=0.00..5.46 rows=103 width=0)
	        Index Cond: ((k >= 5812701) AND (k <= 5812801))

table 2 : explain SELECT k, c FROM sbtest2 WHERE k BETWEEN 5812701 AND 5812801
	Bitmap Heap Scan on sbtest2  (cost=5.47..405.13 rows=101 width=125)
	  Recheck Cond: ((k >= 5812701) AND (k <= 5812801))
	  ->  Bitmap Index Scan on k_2  (cost=0.00..5.44 rows=101 width=0)
	        Index Cond: ((k >= 5812701) AND (k <= 5812801))

table 3 : explain SELECT k, c FROM sbtest3 WHERE k BETWEEN 5812701 AND 5812801
	Bitmap Heap Scan on sbtest3  (cost=5.43..389.37 rows=97 width=125)
	  Recheck Cond: ((k >= 5812701) AND (k <= 5812801))
	  ->  Bitmap Index Scan on k_3  (cost=0.00..5.40 rows=97 width=0)
	        Index Cond: ((k >= 5812701) AND (k <= 5812801))

table 4 : explain SELECT k, c FROM sbtest4 WHERE k BETWEEN 5812701 AND 5812801
	Bitmap Heap Scan on sbtest4  (cost=5.48..409.07 rows=102 width=125)
	  Recheck Cond: ((k >= 5812701) AND (k <= 5812801))
	  ->  Bitmap Index Scan on k_4  (cost=0.00..5.45 rows=102 width=0)
	        Index Cond: ((k >= 5812701) AND (k <= 5812801))

table 5 : explain SELECT k, c FROM sbtest5 WHERE k BETWEEN 5812701 AND 5812801
	Bitmap Heap Scan on sbtest5  (cost=5.50..416.94 rows=104 width=125)
	  Recheck Cond: ((k >= 5812701) AND (k <= 5812801))
	  ->  Bitmap Index Scan on k_5  (cost=0.00..5.47 rows=104 width=0)
	        Index Cond: ((k >= 5812701) AND (k <= 5812801))

table 6 : explain SELECT k, c FROM sbtest6 WHERE k BETWEEN 5812701 AND 5812801
	Bitmap Heap Scan on sbtest6  (cost=5.54..432.69 rows=108 width=125)
	  Recheck Cond: ((k >= 5812701) AND (k <= 5812801))
	  ->  Bitmap Index Scan on k_6  (cost=0.00..5.51 rows=108 width=0)
	        Index Cond: ((k >= 5812701) AND (k <= 5812801))

table 7 : explain SELECT k, c FROM sbtest7 WHERE k BETWEEN 5812701 AND 5812801
	Bitmap Heap Scan on sbtest7  (cost=5.50..416.94 rows=104 width=125)
	  Recheck Cond: ((k >= 5812701) AND (k <= 5812801))
	  ->  Bitmap Index Scan on k_7  (cost=0.00..5.47 rows=104 width=0)
	        Index Cond: ((k >= 5812701) AND (k <= 5812801))

table 8 : explain SELECT k, c FROM sbtest8 WHERE k BETWEEN 5812701 AND 5812801
	Bitmap Heap Scan on sbtest8  (cost=5.49..413.00 rows=103 width=125)
	  Recheck Cond: ((k >= 5812701) AND (k <= 5812801))
	  ->  Bitmap Index Scan on k_8  (cost=0.00..5.46 rows=103 width=0)
	        Index Cond: ((k >= 5812701) AND (k <= 5812801))

for range-notcovered
table 1 : explain SELECT k, c FROM sbtest1 WHERE k BETWEEN 3637741 AND 3637841
	Bitmap Heap Scan on sbtest1  (cost=5.46..401.19 rows=100 width=125)
	  Recheck Cond: ((k >= 3637741) AND (k <= 3637841))
	  ->  Bitmap Index Scan on k_1  (cost=0.00..5.43 rows=100 width=0)
	        Index Cond: ((k >= 3637741) AND (k <= 3637841))

table 2 : explain SELECT k, c FROM sbtest2 WHERE k BETWEEN 3637741 AND 3637841
	Bitmap Heap Scan on sbtest2  (cost=5.41..381.49 rows=95 width=125)
	  Recheck Cond: ((k >= 3637741) AND (k <= 3637841))
	  ->  Bitmap Index Scan on k_2  (cost=0.00..5.38 rows=95 width=0)
	        Index Cond: ((k >= 3637741) AND (k <= 3637841))

table 3 : explain SELECT k, c FROM sbtest3 WHERE k BETWEEN 3637741 AND 3637841
	Bitmap Heap Scan on sbtest3  (cost=5.50..416.94 rows=104 width=125)
	  Recheck Cond: ((k >= 3637741) AND (k <= 3637841))
	  ->  Bitmap Index Scan on k_3  (cost=0.00..5.47 rows=104 width=0)
	        Index Cond: ((k >= 3637741) AND (k <= 3637841))

table 4 : explain SELECT k, c FROM sbtest4 WHERE k BETWEEN 3637741 AND 3637841
	Bitmap Heap Scan on sbtest4  (cost=5.47..405.13 rows=101 width=125)
	  Recheck Cond: ((k >= 3637741) AND (k <= 3637841))
	  ->  Bitmap Index Scan on k_4  (cost=0.00..5.44 rows=101 width=0)
	        Index Cond: ((k >= 3637741) AND (k <= 3637841))

table 5 : explain SELECT k, c FROM sbtest5 WHERE k BETWEEN 3637741 AND 3637841
	Bitmap Heap Scan on sbtest5  (cost=5.56..440.56 rows=110 width=125)
	  Recheck Cond: ((k >= 3637741) AND (k <= 3637841))
	  ->  Bitmap Index Scan on k_5  (cost=0.00..5.53 rows=110 width=0)
	        Index Cond: ((k >= 3637741) AND (k <= 3637841))

table 6 : explain SELECT k, c FROM sbtest6 WHERE k BETWEEN 3637741 AND 3637841
	Bitmap Heap Scan on sbtest6  (cost=5.55..436.62 rows=109 width=125)
	  Recheck Cond: ((k >= 3637741) AND (k <= 3637841))
	  ->  Bitmap Index Scan on k_6  (cost=0.00..5.52 rows=109 width=0)
	        Index Cond: ((k >= 3637741) AND (k <= 3637841))

table 7 : explain SELECT k, c FROM sbtest7 WHERE k BETWEEN 3637741 AND 3637841
	Bitmap Heap Scan on sbtest7  (cost=5.54..432.69 rows=108 width=125)
	  Recheck Cond: ((k >= 3637741) AND (k <= 3637841))
	  ->  Bitmap Index Scan on k_7  (cost=0.00..5.51 rows=108 width=0)
	        Index Cond: ((k >= 3637741) AND (k <= 3637841))

table 8 : explain SELECT k, c FROM sbtest8 WHERE k BETWEEN 3637741 AND 3637841
	Bitmap Heap Scan on sbtest8  (cost=5.41..381.49 rows=95 width=125)
	  Recheck Cond: ((k >= 3637741) AND (k <= 3637841))
	  ->  Bitmap Index Scan on k_8  (cost=0.00..5.38 rows=95 width=0)
	        Index Cond: ((k >= 3637741) AND (k <= 3637841))

explain: for range-notcovered :: explain SELECT k, c FROM sbtest%d WHERE k BETWEEN 5812701 AND 5812801
explain: for range-notcovered :: explain SELECT k, c FROM sbtest%d WHERE k BETWEEN 3637741 AND 3637841
for range-notcovered
table 1 : explain SELECT k, c FROM sbtest1 WHERE k BETWEEN 6337230 AND 6337330
	Bitmap Heap Scan on sbtest1  (cost=5.45..397.25 rows=99 width=125)
	  Recheck Cond: ((k >= 6337230) AND (k <= 6337330))
	  ->  Bitmap Index Scan on k_1  (cost=0.00..5.42 rows=99 width=0)
	        Index Cond: ((k >= 6337230) AND (k <= 6337330))

table 2 : explain SELECT k, c FROM sbtest2 WHERE k BETWEEN 6337230 AND 6337330
	Bitmap Heap Scan on sbtest2  (cost=5.54..432.69 rows=108 width=125)
	  Recheck Cond: ((k >= 6337230) AND (k <= 6337330))
	  ->  Bitmap Index Scan on k_2  (cost=0.00..5.51 rows=108 width=0)
	        Index Cond: ((k >= 6337230) AND (k <= 6337330))

table 3 : explain SELECT k, c FROM sbtest3 WHERE k BETWEEN 6337230 AND 6337330
	Bitmap Heap Scan on sbtest3  (cost=5.47..405.13 rows=101 width=125)
	  Recheck Cond: ((k >= 6337230) AND (k <= 6337330))
	  ->  Bitmap Index Scan on k_3  (cost=0.00..5.44 rows=101 width=0)
	        Index Cond: ((k >= 6337230) AND (k <= 6337330))

table 4 : explain SELECT k, c FROM sbtest4 WHERE k BETWEEN 6337230 AND 6337330
	Bitmap Heap Scan on sbtest4  (cost=5.42..385.43 rows=96 width=125)
	  Recheck Cond: ((k >= 6337230) AND (k <= 6337330))
	  ->  Bitmap Index Scan on k_4  (cost=0.00..5.39 rows=96 width=0)
	        Index Cond: ((k >= 6337230) AND (k <= 6337330))

table 5 : explain SELECT k, c FROM sbtest5 WHERE k BETWEEN 6337230 AND 6337330
	Bitmap Heap Scan on sbtest5  (cost=5.53..428.75 rows=107 width=125)
	  Recheck Cond: ((k >= 6337230) AND (k <= 6337330))
	  ->  Bitmap Index Scan on k_5  (cost=0.00..5.50 rows=107 width=0)
	        Index Cond: ((k >= 6337230) AND (k <= 6337330))

table 6 : explain SELECT k, c FROM sbtest6 WHERE k BETWEEN 6337230 AND 6337330
	Bitmap Heap Scan on sbtest6  (cost=5.55..436.62 rows=109 width=125)
	  Recheck Cond: ((k >= 6337230) AND (k <= 6337330))
	  ->  Bitmap Index Scan on k_6  (cost=0.00..5.52 rows=109 width=0)
	        Index Cond: ((k >= 6337230) AND (k <= 6337330))

table 7 : explain SELECT k, c FROM sbtest7 WHERE k BETWEEN 6337230 AND 6337330
	Bitmap Heap Scan on sbtest7  (cost=5.45..397.25 rows=99 width=125)
	  Recheck Cond: ((k >= 6337230) AND (k <= 6337330))
	  ->  Bitmap Index Scan on k_7  (cost=0.00..5.42 rows=99 width=0)
	        Index Cond: ((k >= 6337230) AND (k <= 6337330))

table 8 : explain SELECT k, c FROM sbtest8 WHERE k BETWEEN 6337230 AND 6337330
	Bitmap Heap Scan on sbtest8  (cost=5.44..393.31 rows=98 width=125)
	  Recheck Cond: ((k >= 6337230) AND (k <= 6337330))
	  ->  Bitmap Index Scan on k_8  (cost=0.00..5.42 rows=98 width=0)
	        Index Cond: ((k >= 6337230) AND (k <= 6337330))

explain: for range-notcovered :: explain SELECT k, c FROM sbtest%d WHERE k BETWEEN 6337230 AND 6337330
explain: for range-notcovered :: explain SELECT k, c FROM sbtest%d WHERE k BETWEEN 9138212 AND 9138312
explain: for range-notcovered :: explain SELECT k, c FROM sbtest%d WHERE k BETWEEN 2742762 AND 2742862
for range-notcovered
table 1 : explain SELECT k, c FROM sbtest1 WHERE k BETWEEN 3637741 AND 3637841
	Bitmap Heap Scan on sbtest1  (cost=5.46..401.19 rows=100 width=125)
	  Recheck Cond: ((k >= 3637741) AND (k <= 3637841))
	  ->  Bitmap Index Scan on k_1  (cost=0.00..5.43 rows=100 width=0)
	        Index Cond: ((k >= 3637741) AND (k <= 3637841))

table 2 : explain SELECT k, c FROM sbtest2 WHERE k BETWEEN 3637741 AND 3637841
	Bitmap Heap Scan on sbtest2  (cost=5.41..381.49 rows=95 width=125)
	  Recheck Cond: ((k >= 3637741) AND (k <= 3637841))
	  ->  Bitmap Index Scan on k_2  (cost=0.00..5.38 rows=95 width=0)
	        Index Cond: ((k >= 3637741) AND (k <= 3637841))

table 3 : explain SELECT k, c FROM sbtest3 WHERE k BETWEEN 3637741 AND 3637841
	Bitmap Heap Scan on sbtest3  (cost=5.50..416.94 rows=104 width=125)
	  Recheck Cond: ((k >= 3637741) AND (k <= 3637841))
	  ->  Bitmap Index Scan on k_3  (cost=0.00..5.47 rows=104 width=0)
	        Index Cond: ((k >= 3637741) AND (k <= 3637841))

table 4 : explain SELECT k, c FROM sbtest4 WHERE k BETWEEN 3637741 AND 3637841
	Bitmap Heap Scan on sbtest4  (cost=5.47..405.13 rows=101 width=125)
	  Recheck Cond: ((k >= 3637741) AND (k <= 3637841))
	  ->  Bitmap Index Scan on k_4  (cost=0.00..5.44 rows=101 width=0)
	        Index Cond: ((k >= 3637741) AND (k <= 3637841))

table 5 : explain SELECT k, c FROM sbtest5 WHERE k BETWEEN 3637741 AND 3637841
	Bitmap Heap Scan on sbtest5  (cost=5.56..440.56 rows=110 width=125)
	  Recheck Cond: ((k >= 3637741) AND (k <= 3637841))
	  ->  Bitmap Index Scan on k_5  (cost=0.00..5.53 rows=110 width=0)
	        Index Cond: ((k >= 3637741) AND (k <= 3637841))

table 6 : explain SELECT k, c FROM sbtest6 WHERE k BETWEEN 3637741 AND 3637841
	Bitmap Heap Scan on sbtest6  (cost=5.55..436.62 rows=109 width=125)
	  Recheck Cond: ((k >= 3637741) AND (k <= 3637841))
	  ->  Bitmap Index Scan on k_6  (cost=0.00..5.52 rows=109 width=0)
	        Index Cond: ((k >= 3637741) AND (k <= 3637841))

table 7 : explain SELECT k, c FROM sbtest7 WHERE k BETWEEN 3637741 AND 3637841
	Bitmap Heap Scan on sbtest7  (cost=5.54..432.69 rows=108 width=125)
	  Recheck Cond: ((k >= 3637741) AND (k <= 3637841))
	  ->  Bitmap Index Scan on k_7  (cost=0.00..5.51 rows=108 width=0)
	        Index Cond: ((k >= 3637741) AND (k <= 3637841))

table 8 : explain SELECT k, c FROM sbtest8 WHERE k BETWEEN 3637741 AND 3637841
	Bitmap Heap Scan on sbtest8  (cost=5.41..381.49 rows=95 width=125)
	  Recheck Cond: ((k >= 3637741) AND (k <= 3637841))
	  ->  Bitmap Index Scan on k_8  (cost=0.00..5.38 rows=95 width=0)
	        Index Cond: ((k >= 3637741) AND (k <= 3637841))

explain: for range-notcovered :: explain SELECT k, c FROM sbtest%d WHERE k BETWEEN 3637741 AND 3637841
explain: for range-notcovered :: explain SELECT k, c FROM sbtest%d WHERE k BETWEEN 2007202 AND 2007302
for range-notcovered
table 1 : explain SELECT k, c FROM sbtest1 WHERE k BETWEEN 6337230 AND 6337330
	Bitmap Heap Scan on sbtest1  (cost=5.45..397.25 rows=99 width=125)
	  Recheck Cond: ((k >= 6337230) AND (k <= 6337330))
	  ->  Bitmap Index Scan on k_1  (cost=0.00..5.42 rows=99 width=0)
	        Index Cond: ((k >= 6337230) AND (k <= 6337330))

table 2 : explain SELECT k, c FROM sbtest2 WHERE k BETWEEN 6337230 AND 6337330
	Bitmap Heap Scan on sbtest2  (cost=5.54..432.69 rows=108 width=125)
	  Recheck Cond: ((k >= 6337230) AND (k <= 6337330))
	  ->  Bitmap Index Scan on k_2  (cost=0.00..5.51 rows=108 width=0)
	        Index Cond: ((k >= 6337230) AND (k <= 6337330))

table 3 : explain SELECT k, c FROM sbtest3 WHERE k BETWEEN 6337230 AND 6337330
	Bitmap Heap Scan on sbtest3  (cost=5.47..405.13 rows=101 width=125)
	  Recheck Cond: ((k >= 6337230) AND (k <= 6337330))
	  ->  Bitmap Index Scan on k_3  (cost=0.00..5.44 rows=101 width=0)
	        Index Cond: ((k >= 6337230) AND (k <= 6337330))

table 4 : explain SELECT k, c FROM sbtest4 WHERE k BETWEEN 6337230 AND 6337330
	Bitmap Heap Scan on sbtest4  (cost=5.42..385.43 rows=96 width=125)
	  Recheck Cond: ((k >= 6337230) AND (k <= 6337330))
	  ->  Bitmap Index Scan on k_4  (cost=0.00..5.39 rows=96 width=0)
	        Index Cond: ((k >= 6337230) AND (k <= 6337330))

table 5 : explain SELECT k, c FROM sbtest5 WHERE k BETWEEN 6337230 AND 6337330
	Bitmap Heap Scan on sbtest5  (cost=5.53..428.75 rows=107 width=125)
	  Recheck Cond: ((k >= 6337230) AND (k <= 6337330))
	  ->  Bitmap Index Scan on k_5  (cost=0.00..5.50 rows=107 width=0)
	        Index Cond: ((k >= 6337230) AND (k <= 6337330))

table 6 : explain SELECT k, c FROM sbtest6 WHERE k BETWEEN 6337230 AND 6337330
	Bitmap Heap Scan on sbtest6  (cost=5.55..436.62 rows=109 width=125)
	  Recheck Cond: ((k >= 6337230) AND (k <= 6337330))
	  ->  Bitmap Index Scan on k_6  (cost=0.00..5.52 rows=109 width=0)
	        Index Cond: ((k >= 6337230) AND (k <= 6337330))

table 7 : explain SELECT k, c FROM sbtest7 WHERE k BETWEEN 6337230 AND 6337330
	Bitmap Heap Scan on sbtest7  (cost=5.45..397.25 rows=99 width=125)
	  Recheck Cond: ((k >= 6337230) AND (k <= 6337330))
	  ->  Bitmap Index Scan on k_7  (cost=0.00..5.42 rows=99 width=0)
	        Index Cond: ((k >= 6337230) AND (k <= 6337330))

table 8 : explain SELECT k, c FROM sbtest8 WHERE k BETWEEN 6337230 AND 6337330
	Bitmap Heap Scan on sbtest8  (cost=5.44..393.31 rows=98 width=125)
	  Recheck Cond: ((k >= 6337230) AND (k <= 6337330))
	  ->  Bitmap Index Scan on k_8  (cost=0.00..5.42 rows=98 width=0)
	        Index Cond: ((k >= 6337230) AND (k <= 6337330))

explain: for range-notcovered :: explain SELECT k, c FROM sbtest%d WHERE k BETWEEN 6337230 AND 6337330
explain: for range-notcovered :: explain SELECT k, c FROM sbtest%d WHERE k BETWEEN 3197503 AND 3197603
for range-notcovered
table 1 : explain SELECT k, c FROM sbtest1 WHERE k BETWEEN 3637741 AND 3637841
	Bitmap Heap Scan on sbtest1  (cost=5.46..401.19 rows=100 width=125)
	  Recheck Cond: ((k >= 3637741) AND (k <= 3637841))
	  ->  Bitmap Index Scan on k_1  (cost=0.00..5.43 rows=100 width=0)
	        Index Cond: ((k >= 3637741) AND (k <= 3637841))

table 2 : explain SELECT k, c FROM sbtest2 WHERE k BETWEEN 3637741 AND 3637841
	Bitmap Heap Scan on sbtest2  (cost=5.41..381.49 rows=95 width=125)
	  Recheck Cond: ((k >= 3637741) AND (k <= 3637841))
	  ->  Bitmap Index Scan on k_2  (cost=0.00..5.38 rows=95 width=0)
	        Index Cond: ((k >= 3637741) AND (k <= 3637841))

table 3 : explain SELECT k, c FROM sbtest3 WHERE k BETWEEN 3637741 AND 3637841
	Bitmap Heap Scan on sbtest3  (cost=5.50..416.94 rows=104 width=125)
	  Recheck Cond: ((k >= 3637741) AND (k <= 3637841))
	  ->  Bitmap Index Scan on k_3  (cost=0.00..5.47 rows=104 width=0)
	        Index Cond: ((k >= 3637741) AND (k <= 3637841))

table 4 : explain SELECT k, c FROM sbtest4 WHERE k BETWEEN 3637741 AND 3637841
	Bitmap Heap Scan on sbtest4  (cost=5.47..405.13 rows=101 width=125)
	  Recheck Cond: ((k >= 3637741) AND (k <= 3637841))
	  ->  Bitmap Index Scan on k_4  (cost=0.00..5.44 rows=101 width=0)
	        Index Cond: ((k >= 3637741) AND (k <= 3637841))

table 5 : explain SELECT k, c FROM sbtest5 WHERE k BETWEEN 3637741 AND 3637841
	Bitmap Heap Scan on sbtest5  (cost=5.56..440.56 rows=110 width=125)
	  Recheck Cond: ((k >= 3637741) AND (k <= 3637841))
	  ->  Bitmap Index Scan on k_5  (cost=0.00..5.53 rows=110 width=0)
	        Index Cond: ((k >= 3637741) AND (k <= 3637841))

table 6 : explain SELECT k, c FROM sbtest6 WHERE k BETWEEN 3637741 AND 3637841
	Bitmap Heap Scan on sbtest6  (cost=5.55..436.62 rows=109 width=125)
	  Recheck Cond: ((k >= 3637741) AND (k <= 3637841))
	  ->  Bitmap Index Scan on k_6  (cost=0.00..5.52 rows=109 width=0)
	        Index Cond: ((k >= 3637741) AND (k <= 3637841))

table 7 : explain SELECT k, c FROM sbtest7 WHERE k BETWEEN 3637741 AND 3637841
	Bitmap Heap Scan on sbtest7  (cost=5.54..432.69 rows=108 width=125)
	  Recheck Cond: ((k >= 3637741) AND (k <= 3637841))
	  ->  Bitmap Index Scan on k_7  (cost=0.00..5.51 rows=108 width=0)
	        Index Cond: ((k >= 3637741) AND (k <= 3637841))

table 8 : explain SELECT k, c FROM sbtest8 WHERE k BETWEEN 3637741 AND 3637841
	Bitmap Heap Scan on sbtest8  (cost=5.41..381.49 rows=95 width=125)
	  Recheck Cond: ((k >= 3637741) AND (k <= 3637841))
	  ->  Bitmap Index Scan on k_8  (cost=0.00..5.38 rows=95 width=0)
	        Index Cond: ((k >= 3637741) AND (k <= 3637841))

explain: for range-notcovered :: explain SELECT k, c FROM sbtest%d WHERE k BETWEEN 3637741 AND 3637841
for range-notcovered
table 1 : explain SELECT k, c FROM sbtest1 WHERE k BETWEEN 6337230 AND 6337330
	Bitmap Heap Scan on sbtest1  (cost=5.45..397.25 rows=99 width=125)
	  Recheck Cond: ((k >= 6337230) AND (k <= 6337330))
	  ->  Bitmap Index Scan on k_1  (cost=0.00..5.42 rows=99 width=0)
	        Index Cond: ((k >= 6337230) AND (k <= 6337330))

table 2 : explain SELECT k, c FROM sbtest2 WHERE k BETWEEN 6337230 AND 6337330
	Bitmap Heap Scan on sbtest2  (cost=5.54..432.69 rows=108 width=125)
	  Recheck Cond: ((k >= 6337230) AND (k <= 6337330))
	  ->  Bitmap Index Scan on k_2  (cost=0.00..5.51 rows=108 width=0)
	        Index Cond: ((k >= 6337230) AND (k <= 6337330))

table 3 : explain SELECT k, c FROM sbtest3 WHERE k BETWEEN 6337230 AND 6337330
	Bitmap Heap Scan on sbtest3  (cost=5.47..405.13 rows=101 width=125)
	  Recheck Cond: ((k >= 6337230) AND (k <= 6337330))
	  ->  Bitmap Index Scan on k_3  (cost=0.00..5.44 rows=101 width=0)
	        Index Cond: ((k >= 6337230) AND (k <= 6337330))

table 4 : explain SELECT k, c FROM sbtest4 WHERE k BETWEEN 6337230 AND 6337330
	Bitmap Heap Scan on sbtest4  (cost=5.42..385.43 rows=96 width=125)
	  Recheck Cond: ((k >= 6337230) AND (k <= 6337330))
	  ->  Bitmap Index Scan on k_4  (cost=0.00..5.39 rows=96 width=0)
	        Index Cond: ((k >= 6337230) AND (k <= 6337330))

table 5 : explain SELECT k, c FROM sbtest5 WHERE k BETWEEN 6337230 AND 6337330
	Bitmap Heap Scan on sbtest5  (cost=5.53..428.75 rows=107 width=125)
	  Recheck Cond: ((k >= 6337230) AND (k <= 6337330))
	  ->  Bitmap Index Scan on k_5  (cost=0.00..5.50 rows=107 width=0)
	        Index Cond: ((k >= 6337230) AND (k <= 6337330))

table 6 : explain SELECT k, c FROM sbtest6 WHERE k BETWEEN 6337230 AND 6337330
	Bitmap Heap Scan on sbtest6  (cost=5.55..436.62 rows=109 width=125)
	  Recheck Cond: ((k >= 6337230) AND (k <= 6337330))
	  ->  Bitmap Index Scan on k_6  (cost=0.00..5.52 rows=109 width=0)
	        Index Cond: ((k >= 6337230) AND (k <= 6337330))

table 7 : explain SELECT k, c FROM sbtest7 WHERE k BETWEEN 6337230 AND 6337330
	Bitmap Heap Scan on sbtest7  (cost=5.45..397.25 rows=99 width=125)
	  Recheck Cond: ((k >= 6337230) AND (k <= 6337330))
	  ->  Bitmap Index Scan on k_7  (cost=0.00..5.42 rows=99 width=0)
	        Index Cond: ((k >= 6337230) AND (k <= 6337330))

table 8 : explain SELECT k, c FROM sbtest8 WHERE k BETWEEN 6337230 AND 6337330
	Bitmap Heap Scan on sbtest8  (cost=5.44..393.31 rows=98 width=125)
	  Recheck Cond: ((k >= 6337230) AND (k <= 6337330))
	  ->  Bitmap Index Scan on k_8  (cost=0.00..5.42 rows=98 width=0)
	        Index Cond: ((k >= 6337230) AND (k <= 6337330))

explain: for range-notcovered :: explain SELECT k, c FROM sbtest%d WHERE k BETWEEN 6337230 AND 6337330
for range-notcovered
table 1 : explain SELECT k, c FROM sbtest1 WHERE k BETWEEN 5812701 AND 5812801
	Bitmap Heap Scan on sbtest1  (cost=5.49..413.00 rows=103 width=125)
	  Recheck Cond: ((k >= 5812701) AND (k <= 5812801))
	  ->  Bitmap Index Scan on k_1  (cost=0.00..5.46 rows=103 width=0)
	        Index Cond: ((k >= 5812701) AND (k <= 5812801))

table 2 : explain SELECT k, c FROM sbtest2 WHERE k BETWEEN 5812701 AND 5812801
	Bitmap Heap Scan on sbtest2  (cost=5.47..405.13 rows=101 width=125)
	  Recheck Cond: ((k >= 5812701) AND (k <= 5812801))
	  ->  Bitmap Index Scan on k_2  (cost=0.00..5.44 rows=101 width=0)
	        Index Cond: ((k >= 5812701) AND (k <= 5812801))

table 3 : explain SELECT k, c FROM sbtest3 WHERE k BETWEEN 5812701 AND 5812801
	Bitmap Heap Scan on sbtest3  (cost=5.43..389.37 rows=97 width=125)
	  Recheck Cond: ((k >= 5812701) AND (k <= 5812801))
	  ->  Bitmap Index Scan on k_3  (cost=0.00..5.40 rows=97 width=0)
	        Index Cond: ((k >= 5812701) AND (k <= 5812801))

table 4 : explain SELECT k, c FROM sbtest4 WHERE k BETWEEN 5812701 AND 5812801
	Bitmap Heap Scan on sbtest4  (cost=5.48..409.07 rows=102 width=125)
	  Recheck Cond: ((k >= 5812701) AND (k <= 5812801))
	  ->  Bitmap Index Scan on k_4  (cost=0.00..5.45 rows=102 width=0)
	        Index Cond: ((k >= 5812701) AND (k <= 5812801))

table 5 : explain SELECT k, c FROM sbtest5 WHERE k BETWEEN 5812701 AND 5812801
	Bitmap Heap Scan on sbtest5  (cost=5.50..416.94 rows=104 width=125)
	  Recheck Cond: ((k >= 5812701) AND (k <= 5812801))
	  ->  Bitmap Index Scan on k_5  (cost=0.00..5.47 rows=104 width=0)
	        Index Cond: ((k >= 5812701) AND (k <= 5812801))

table 6 : explain SELECT k, c FROM sbtest6 WHERE k BETWEEN 5812701 AND 5812801
	Bitmap Heap Scan on sbtest6  (cost=5.54..432.69 rows=108 width=125)
	  Recheck Cond: ((k >= 5812701) AND (k <= 5812801))
	  ->  Bitmap Index Scan on k_6  (cost=0.00..5.51 rows=108 width=0)
	        Index Cond: ((k >= 5812701) AND (k <= 5812801))

table 7 : explain SELECT k, c FROM sbtest7 WHERE k BETWEEN 5812701 AND 5812801
	Bitmap Heap Scan on sbtest7  (cost=5.50..416.94 rows=104 width=125)
	  Recheck Cond: ((k >= 5812701) AND (k <= 5812801))
	  ->  Bitmap Index Scan on k_7  (cost=0.00..5.47 rows=104 width=0)
	        Index Cond: ((k >= 5812701) AND (k <= 5812801))

table 8 : explain SELECT k, c FROM sbtest8 WHERE k BETWEEN 5812701 AND 5812801
	Bitmap Heap Scan on sbtest8  (cost=5.49..413.00 rows=103 width=125)
	  Recheck Cond: ((k >= 5812701) AND (k <= 5812801))
	  ->  Bitmap Index Scan on k_8  (cost=0.00..5.46 rows=103 width=0)
	        Index Cond: ((k >= 5812701) AND (k <= 5812801))

for range-notcovered
table 1 : explain SELECT k, c FROM sbtest1 WHERE k BETWEEN 6337230 AND 6337330
	Bitmap Heap Scan on sbtest1  (cost=5.45..397.25 rows=99 width=125)
	  Recheck Cond: ((k >= 6337230) AND (k <= 6337330))
	  ->  Bitmap Index Scan on k_1  (cost=0.00..5.42 rows=99 width=0)
	        Index Cond: ((k >= 6337230) AND (k <= 6337330))

table 2 : explain SELECT k, c FROM sbtest2 WHERE k BETWEEN 6337230 AND 6337330
	Bitmap Heap Scan on sbtest2  (cost=5.54..432.69 rows=108 width=125)
	  Recheck Cond: ((k >= 6337230) AND (k <= 6337330))
	  ->  Bitmap Index Scan on k_2  (cost=0.00..5.51 rows=108 width=0)
	        Index Cond: ((k >= 6337230) AND (k <= 6337330))

table 3 : explain SELECT k, c FROM sbtest3 WHERE k BETWEEN 6337230 AND 6337330
	Bitmap Heap Scan on sbtest3  (cost=5.47..405.13 rows=101 width=125)
	  Recheck Cond: ((k >= 6337230) AND (k <= 6337330))
	  ->  Bitmap Index Scan on k_3  (cost=0.00..5.44 rows=101 width=0)
	        Index Cond: ((k >= 6337230) AND (k <= 6337330))

table 4 : explain SELECT k, c FROM sbtest4 WHERE k BETWEEN 6337230 AND 6337330
	Bitmap Heap Scan on sbtest4  (cost=5.42..385.43 rows=96 width=125)
	  Recheck Cond: ((k >= 6337230) AND (k <= 6337330))
	  ->  Bitmap Index Scan on k_4  (cost=0.00..5.39 rows=96 width=0)
	        Index Cond: ((k >= 6337230) AND (k <= 6337330))

table 5 : explain SELECT k, c FROM sbtest5 WHERE k BETWEEN 6337230 AND 6337330
	Bitmap Heap Scan on sbtest5  (cost=5.53..428.75 rows=107 width=125)
	  Recheck Cond: ((k >= 6337230) AND (k <= 6337330))
	  ->  Bitmap Index Scan on k_5  (cost=0.00..5.50 rows=107 width=0)
	        Index Cond: ((k >= 6337230) AND (k <= 6337330))

table 6 : explain SELECT k, c FROM sbtest6 WHERE k BETWEEN 6337230 AND 6337330
	Bitmap Heap Scan on sbtest6  (cost=5.55..436.62 rows=109 width=125)
	  Recheck Cond: ((k >= 6337230) AND (k <= 6337330))
	  ->  Bitmap Index Scan on k_6  (cost=0.00..5.52 rows=109 width=0)
	        Index Cond: ((k >= 6337230) AND (k <= 6337330))

table 7 : explain SELECT k, c FROM sbtest7 WHERE k BETWEEN 6337230 AND 6337330
	Bitmap Heap Scan on sbtest7  (cost=5.45..397.25 rows=99 width=125)
	  Recheck Cond: ((k >= 6337230) AND (k <= 6337330))
	  ->  Bitmap Index Scan on k_7  (cost=0.00..5.42 rows=99 width=0)
	        Index Cond: ((k >= 6337230) AND (k <= 6337330))

table 8 : explain SELECT k, c FROM sbtest8 WHERE k BETWEEN 6337230 AND 6337330
	Bitmap Heap Scan on sbtest8  (cost=5.44..393.31 rows=98 width=125)
	  Recheck Cond: ((k >= 6337230) AND (k <= 6337330))
	  ->  Bitmap Index Scan on k_8  (cost=0.00..5.42 rows=98 width=0)
	        Index Cond: ((k >= 6337230) AND (k <= 6337330))

explain: for range-notcovered :: explain SELECT k, c FROM sbtest%d WHERE k BETWEEN 6337230 AND 6337330
for range-notcovered
table 1 : explain SELECT k, c FROM sbtest1 WHERE k BETWEEN 3637741 AND 3637841
	Bitmap Heap Scan on sbtest1  (cost=5.46..401.19 rows=100 width=125)
	  Recheck Cond: ((k >= 3637741) AND (k <= 3637841))
	  ->  Bitmap Index Scan on k_1  (cost=0.00..5.43 rows=100 width=0)
	        Index Cond: ((k >= 3637741) AND (k <= 3637841))

table 2 : explain SELECT k, c FROM sbtest2 WHERE k BETWEEN 3637741 AND 3637841
	Bitmap Heap Scan on sbtest2  (cost=5.41..381.49 rows=95 width=125)
	  Recheck Cond: ((k >= 3637741) AND (k <= 3637841))
	  ->  Bitmap Index Scan on k_2  (cost=0.00..5.38 rows=95 width=0)
	        Index Cond: ((k >= 3637741) AND (k <= 3637841))

table 3 : explain SELECT k, c FROM sbtest3 WHERE k BETWEEN 3637741 AND 3637841
	Bitmap Heap Scan on sbtest3  (cost=5.50..416.94 rows=104 width=125)
	  Recheck Cond: ((k >= 3637741) AND (k <= 3637841))
	  ->  Bitmap Index Scan on k_3  (cost=0.00..5.47 rows=104 width=0)
	        Index Cond: ((k >= 3637741) AND (k <= 3637841))

table 4 : explain SELECT k, c FROM sbtest4 WHERE k BETWEEN 3637741 AND 3637841
	Bitmap Heap Scan on sbtest4  (cost=5.47..405.13 rows=101 width=125)
	  Recheck Cond: ((k >= 3637741) AND (k <= 3637841))
	  ->  Bitmap Index Scan on k_4  (cost=0.00..5.44 rows=101 width=0)
	        Index Cond: ((k >= 3637741) AND (k <= 3637841))

table 5 : explain SELECT k, c FROM sbtest5 WHERE k BETWEEN 3637741 AND 3637841
	Bitmap Heap Scan on sbtest5  (cost=5.56..440.56 rows=110 width=125)
	  Recheck Cond: ((k >= 3637741) AND (k <= 3637841))
	  ->  Bitmap Index Scan on k_5  (cost=0.00..5.53 rows=110 width=0)
	        Index Cond: ((k >= 3637741) AND (k <= 3637841))

table 6 : explain SELECT k, c FROM sbtest6 WHERE k BETWEEN 3637741 AND 3637841
	Bitmap Heap Scan on sbtest6  (cost=5.55..436.62 rows=109 width=125)
	  Recheck Cond: ((k >= 3637741) AND (k <= 3637841))
	  ->  Bitmap Index Scan on k_6  (cost=0.00..5.52 rows=109 width=0)
	        Index Cond: ((k >= 3637741) AND (k <= 3637841))

table 7 : explain SELECT k, c FROM sbtest7 WHERE k BETWEEN 3637741 AND 3637841
	Bitmap Heap Scan on sbtest7  (cost=5.54..432.69 rows=108 width=125)
	  Recheck Cond: ((k >= 3637741) AND (k <= 3637841))
	  ->  Bitmap Index Scan on k_7  (cost=0.00..5.51 rows=108 width=0)
	        Index Cond: ((k >= 3637741) AND (k <= 3637841))

table 8 : explain SELECT k, c FROM sbtest8 WHERE k BETWEEN 3637741 AND 3637841
	Bitmap Heap Scan on sbtest8  (cost=5.41..381.49 rows=95 width=125)
	  Recheck Cond: ((k >= 3637741) AND (k <= 3637841))
	  ->  Bitmap Index Scan on k_8  (cost=0.00..5.38 rows=95 width=0)
	        Index Cond: ((k >= 3637741) AND (k <= 3637841))

for range-notcovered
table 1 : explain SELECT k, c FROM sbtest1 WHERE k BETWEEN 6469467 AND 6469567
	Bitmap Heap Scan on sbtest1  (cost=5.53..428.75 rows=107 width=125)
	  Recheck Cond: ((k >= 6469467) AND (k <= 6469567))
	  ->  Bitmap Index Scan on k_1  (cost=0.00..5.50 rows=107 width=0)
	        Index Cond: ((k >= 6469467) AND (k <= 6469567))

table 2 : explain SELECT k, c FROM sbtest2 WHERE k BETWEEN 6469467 AND 6469567
	Bitmap Heap Scan on sbtest2  (cost=5.44..393.31 rows=98 width=125)
	  Recheck Cond: ((k >= 6469467) AND (k <= 6469567))
	  ->  Bitmap Index Scan on k_2  (cost=0.00..5.42 rows=98 width=0)
	        Index Cond: ((k >= 6469467) AND (k <= 6469567))

table 3 : explain SELECT k, c FROM sbtest3 WHERE k BETWEEN 6469467 AND 6469567
	Bitmap Heap Scan on sbtest3  (cost=5.44..393.31 rows=98 width=125)
	  Recheck Cond: ((k >= 6469467) AND (k <= 6469567))
	  ->  Bitmap Index Scan on k_3  (cost=0.00..5.42 rows=98 width=0)
	        Index Cond: ((k >= 6469467) AND (k <= 6469567))

table 4 : explain SELECT k, c FROM sbtest4 WHERE k BETWEEN 6469467 AND 6469567
	Bitmap Heap Scan on sbtest4  (cost=5.56..440.56 rows=110 width=125)
	  Recheck Cond: ((k >= 6469467) AND (k <= 6469567))
	  ->  Bitmap Index Scan on k_4  (cost=0.00..5.53 rows=110 width=0)
	        Index Cond: ((k >= 6469467) AND (k <= 6469567))

table 5 : explain SELECT k, c FROM sbtest5 WHERE k BETWEEN 6469467 AND 6469567
	Bitmap Heap Scan on sbtest5  (cost=5.44..393.31 rows=98 width=125)
	  Recheck Cond: ((k >= 6469467) AND (k <= 6469567))
	  ->  Bitmap Index Scan on k_5  (cost=0.00..5.42 rows=98 width=0)
	        Index Cond: ((k >= 6469467) AND (k <= 6469567))

table 6 : explain SELECT k, c FROM sbtest6 WHERE k BETWEEN 6469467 AND 6469567
	Bitmap Heap Scan on sbtest6  (cost=5.42..385.43 rows=96 width=125)
	  Recheck Cond: ((k >= 6469467) AND (k <= 6469567))
	  ->  Bitmap Index Scan on k_6  (cost=0.00..5.39 rows=96 width=0)
	        Index Cond: ((k >= 6469467) AND (k <= 6469567))

table 7 : explain SELECT k, c FROM sbtest7 WHERE k BETWEEN 6469467 AND 6469567
	Bitmap Heap Scan on sbtest7  (cost=5.54..432.69 rows=108 width=125)
	  Recheck Cond: ((k >= 6469467) AND (k <= 6469567))
	  ->  Bitmap Index Scan on k_7  (cost=0.00..5.51 rows=108 width=0)
	        Index Cond: ((k >= 6469467) AND (k <= 6469567))

table 8 : explain SELECT k, c FROM sbtest8 WHERE k BETWEEN 6469467 AND 6469567
	Bitmap Heap Scan on sbtest8  (cost=5.46..401.19 rows=100 width=125)
	  Recheck Cond: ((k >= 6469467) AND (k <= 6469567))
	  ->  Bitmap Index Scan on k_8  (cost=0.00..5.43 rows=100 width=0)
	        Index Cond: ((k >= 6469467) AND (k <= 6469567))

explain: for range-notcovered :: explain SELECT k, c FROM sbtest%d WHERE k BETWEEN 6469467 AND 6469567
for range-notcovered
table 1 : explain SELECT k, c FROM sbtest1 WHERE k BETWEEN 6337230 AND 6337330
	Bitmap Heap Scan on sbtest1  (cost=5.45..397.25 rows=99 width=125)
	  Recheck Cond: ((k >= 6337230) AND (k <= 6337330))
	  ->  Bitmap Index Scan on k_1  (cost=0.00..5.42 rows=99 width=0)
	        Index Cond: ((k >= 6337230) AND (k <= 6337330))

table 2 : explain SELECT k, c FROM sbtest2 WHERE k BETWEEN 6337230 AND 6337330
	Bitmap Heap Scan on sbtest2  (cost=5.54..432.69 rows=108 width=125)
	  Recheck Cond: ((k >= 6337230) AND (k <= 6337330))
	  ->  Bitmap Index Scan on k_2  (cost=0.00..5.51 rows=108 width=0)
	        Index Cond: ((k >= 6337230) AND (k <= 6337330))

table 3 : explain SELECT k, c FROM sbtest3 WHERE k BETWEEN 6337230 AND 6337330
	Bitmap Heap Scan on sbtest3  (cost=5.47..405.13 rows=101 width=125)
	  Recheck Cond: ((k >= 6337230) AND (k <= 6337330))
	  ->  Bitmap Index Scan on k_3  (cost=0.00..5.44 rows=101 width=0)
	        Index Cond: ((k >= 6337230) AND (k <= 6337330))

table 4 : explain SELECT k, c FROM sbtest4 WHERE k BETWEEN 6337230 AND 6337330
	Bitmap Heap Scan on sbtest4  (cost=5.42..385.43 rows=96 width=125)
	  Recheck Cond: ((k >= 6337230) AND (k <= 6337330))
	  ->  Bitmap Index Scan on k_4  (cost=0.00..5.39 rows=96 width=0)
	        Index Cond: ((k >= 6337230) AND (k <= 6337330))

table 5 : explain SELECT k, c FROM sbtest5 WHERE k BETWEEN 6337230 AND 6337330
	Bitmap Heap Scan on sbtest5  (cost=5.53..428.75 rows=107 width=125)
	  Recheck Cond: ((k >= 6337230) AND (k <= 6337330))
	  ->  Bitmap Index Scan on k_5  (cost=0.00..5.50 rows=107 width=0)
	        Index Cond: ((k >= 6337230) AND (k <= 6337330))

table 6 : explain SELECT k, c FROM sbtest6 WHERE k BETWEEN 6337230 AND 6337330
	Bitmap Heap Scan on sbtest6  (cost=5.55..436.62 rows=109 width=125)
	  Recheck Cond: ((k >= 6337230) AND (k <= 6337330))
	  ->  Bitmap Index Scan on k_6  (cost=0.00..5.52 rows=109 width=0)
	        Index Cond: ((k >= 6337230) AND (k <= 6337330))

table 7 : explain SELECT k, c FROM sbtest7 WHERE k BETWEEN 6337230 AND 6337330
	Bitmap Heap Scan on sbtest7  (cost=5.45..397.25 rows=99 width=125)
	  Recheck Cond: ((k >= 6337230) AND (k <= 6337330))
	  ->  Bitmap Index Scan on k_7  (cost=0.00..5.42 rows=99 width=0)
	        Index Cond: ((k >= 6337230) AND (k <= 6337330))

table 8 : explain SELECT k, c FROM sbtest8 WHERE k BETWEEN 6337230 AND 6337330
	Bitmap Heap Scan on sbtest8  (cost=5.44..393.31 rows=98 width=125)
	  Recheck Cond: ((k >= 6337230) AND (k <= 6337330))
	  ->  Bitmap Index Scan on k_8  (cost=0.00..5.42 rows=98 width=0)
	        Index Cond: ((k >= 6337230) AND (k <= 6337330))

for range-notcovered
table 1 : explain SELECT k, c FROM sbtest1 WHERE k BETWEEN 2742762 AND 2742862
	Bitmap Heap Scan on sbtest1  (cost=5.40..377.55 rows=94 width=125)
	  Recheck Cond: ((k >= 2742762) AND (k <= 2742862))
	  ->  Bitmap Index Scan on k_1  (cost=0.00..5.38 rows=94 width=0)
	        Index Cond: ((k >= 2742762) AND (k <= 2742862))

table 2 : explain SELECT k, c FROM sbtest2 WHERE k BETWEEN 2742762 AND 2742862
	Bitmap Heap Scan on sbtest2  (cost=5.62..464.15 rows=116 width=125)
	  Recheck Cond: ((k >= 2742762) AND (k <= 2742862))
	  ->  Bitmap Index Scan on k_2  (cost=0.00..5.59 rows=116 width=0)
	        Index Cond: ((k >= 2742762) AND (k <= 2742862))

table 3 : explain SELECT k, c FROM sbtest3 WHERE k BETWEEN 2742762 AND 2742862
	Bitmap Heap Scan on sbtest3  (cost=5.57..444.49 rows=111 width=125)
	  Recheck Cond: ((k >= 2742762) AND (k <= 2742862))
	  ->  Bitmap Index Scan on k_3  (cost=0.00..5.54 rows=111 width=0)
	        Index Cond: ((k >= 2742762) AND (k <= 2742862))

table 4 : explain SELECT k, c FROM sbtest4 WHERE k BETWEEN 2742762 AND 2742862
	Bitmap Heap Scan on sbtest4  (cost=5.49..413.00 rows=103 width=125)
	  Recheck Cond: ((k >= 2742762) AND (k <= 2742862))
	  ->  Bitmap Index Scan on k_4  (cost=0.00..5.46 rows=103 width=0)
	        Index Cond: ((k >= 2742762) AND (k <= 2742862))

table 5 : explain SELECT k, c FROM sbtest5 WHERE k BETWEEN 2742762 AND 2742862
	Bitmap Heap Scan on sbtest5  (cost=5.44..393.31 rows=98 width=125)
	  Recheck Cond: ((k >= 2742762) AND (k <= 2742862))
	  ->  Bitmap Index Scan on k_5  (cost=0.00..5.42 rows=98 width=0)
	        Index Cond: ((k >= 2742762) AND (k <= 2742862))

table 6 : explain SELECT k, c FROM sbtest6 WHERE k BETWEEN 2742762 AND 2742862
	Bitmap Heap Scan on sbtest6  (cost=5.42..385.43 rows=96 width=125)
	  Recheck Cond: ((k >= 2742762) AND (k <= 2742862))
	  ->  Bitmap Index Scan on k_6  (cost=0.00..5.39 rows=96 width=0)
	        Index Cond: ((k >= 2742762) AND (k <= 2742862))

table 7 : explain SELECT k, c FROM sbtest7 WHERE k BETWEEN 2742762 AND 2742862
	Bitmap Heap Scan on sbtest7  (cost=5.51..420.88 rows=105 width=125)
	  Recheck Cond: ((k >= 2742762) AND (k <= 2742862))
	  ->  Bitmap Index Scan on k_7  (cost=0.00..5.48 rows=105 width=0)
	        Index Cond: ((k >= 2742762) AND (k <= 2742862))

table 8 : explain SELECT k, c FROM sbtest8 WHERE k BETWEEN 2742762 AND 2742862
	Bitmap Heap Scan on sbtest8  (cost=5.47..405.13 rows=101 width=125)
	  Recheck Cond: ((k >= 2742762) AND (k <= 2742862))
	  ->  Bitmap Index Scan on k_8  (cost=0.00..5.44 rows=101 width=0)
	        Index Cond: ((k >= 2742762) AND (k <= 2742862))

explain: for range-notcovered :: explain SELECT k, c FROM sbtest%d WHERE k BETWEEN 2742762 AND 2742862
for range-notcovered
table 1 : explain SELECT k, c FROM sbtest1 WHERE k BETWEEN 6469467 AND 6469567
	Bitmap Heap Scan on sbtest1  (cost=5.53..428.75 rows=107 width=125)
	  Recheck Cond: ((k >= 6469467) AND (k <= 6469567))
	  ->  Bitmap Index Scan on k_1  (cost=0.00..5.50 rows=107 width=0)
	        Index Cond: ((k >= 6469467) AND (k <= 6469567))

table 2 : explain SELECT k, c FROM sbtest2 WHERE k BETWEEN 6469467 AND 6469567
	Bitmap Heap Scan on sbtest2  (cost=5.44..393.31 rows=98 width=125)
	  Recheck Cond: ((k >= 6469467) AND (k <= 6469567))
	  ->  Bitmap Index Scan on k_2  (cost=0.00..5.42 rows=98 width=0)
	        Index Cond: ((k >= 6469467) AND (k <= 6469567))

table 3 : explain SELECT k, c FROM sbtest3 WHERE k BETWEEN 6469467 AND 6469567
	Bitmap Heap Scan on sbtest3  (cost=5.44..393.31 rows=98 width=125)
	  Recheck Cond: ((k >= 6469467) AND (k <= 6469567))
	  ->  Bitmap Index Scan on k_3  (cost=0.00..5.42 rows=98 width=0)
	        Index Cond: ((k >= 6469467) AND (k <= 6469567))

table 4 : explain SELECT k, c FROM sbtest4 WHERE k BETWEEN 6469467 AND 6469567
	Bitmap Heap Scan on sbtest4  (cost=5.56..440.56 rows=110 width=125)
	  Recheck Cond: ((k >= 6469467) AND (k <= 6469567))
	  ->  Bitmap Index Scan on k_4  (cost=0.00..5.53 rows=110 width=0)
	        Index Cond: ((k >= 6469467) AND (k <= 6469567))

table 5 : explain SELECT k, c FROM sbtest5 WHERE k BETWEEN 6469467 AND 6469567
	Bitmap Heap Scan on sbtest5  (cost=5.44..393.31 rows=98 width=125)
	  Recheck Cond: ((k >= 6469467) AND (k <= 6469567))
	  ->  Bitmap Index Scan on k_5  (cost=0.00..5.42 rows=98 width=0)
	        Index Cond: ((k >= 6469467) AND (k <= 6469567))

table 6 : explain SELECT k, c FROM sbtest6 WHERE k BETWEEN 6469467 AND 6469567
	Bitmap Heap Scan on sbtest6  (cost=5.42..385.43 rows=96 width=125)
	  Recheck Cond: ((k >= 6469467) AND (k <= 6469567))
	  ->  Bitmap Index Scan on k_6  (cost=0.00..5.39 rows=96 width=0)
	        Index Cond: ((k >= 6469467) AND (k <= 6469567))

table 7 : explain SELECT k, c FROM sbtest7 WHERE k BETWEEN 6469467 AND 6469567
	Bitmap Heap Scan on sbtest7  (cost=5.54..432.69 rows=108 width=125)
	  Recheck Cond: ((k >= 6469467) AND (k <= 6469567))
	  ->  Bitmap Index Scan on k_7  (cost=0.00..5.51 rows=108 width=0)
	        Index Cond: ((k >= 6469467) AND (k <= 6469567))

table 8 : explain SELECT k, c FROM sbtest8 WHERE k BETWEEN 6469467 AND 6469567
	Bitmap Heap Scan on sbtest8  (cost=5.46..401.19 rows=100 width=125)
	  Recheck Cond: ((k >= 6469467) AND (k <= 6469567))
	  ->  Bitmap Index Scan on k_8  (cost=0.00..5.43 rows=100 width=0)
	        Index Cond: ((k >= 6469467) AND (k <= 6469567))

explain: for range-notcovered :: explain SELECT k, c FROM sbtest%d WHERE k BETWEEN 6469467 AND 6469567
explain: for range-notcovered :: explain SELECT k, c FROM sbtest%d WHERE k BETWEEN 7628100 AND 7628200
for range-notcovered
table 1 : explain SELECT k, c FROM sbtest1 WHERE k BETWEEN 2007202 AND 2007302
	Bitmap Heap Scan on sbtest1  (cost=5.38..369.67 rows=92 width=125)
	  Recheck Cond: ((k >= 2007202) AND (k <= 2007302))
	  ->  Bitmap Index Scan on k_1  (cost=0.00..5.35 rows=92 width=0)
	        Index Cond: ((k >= 2007202) AND (k <= 2007302))

table 2 : explain SELECT k, c FROM sbtest2 WHERE k BETWEEN 2007202 AND 2007302
	Bitmap Heap Scan on sbtest2  (cost=5.45..397.25 rows=99 width=125)
	  Recheck Cond: ((k >= 2007202) AND (k <= 2007302))
	  ->  Bitmap Index Scan on k_2  (cost=0.00..5.42 rows=99 width=0)
	        Index Cond: ((k >= 2007202) AND (k <= 2007302))

table 3 : explain SELECT k, c FROM sbtest3 WHERE k BETWEEN 2007202 AND 2007302
	Bitmap Heap Scan on sbtest3  (cost=5.39..373.61 rows=93 width=125)
	  Recheck Cond: ((k >= 2007202) AND (k <= 2007302))
	  ->  Bitmap Index Scan on k_3  (cost=0.00..5.36 rows=93 width=0)
	        Index Cond: ((k >= 2007202) AND (k <= 2007302))

table 4 : explain SELECT k, c FROM sbtest4 WHERE k BETWEEN 2007202 AND 2007302
	Bitmap Heap Scan on sbtest4  (cost=5.60..456.29 rows=114 width=125)
	  Recheck Cond: ((k >= 2007202) AND (k <= 2007302))
	  ->  Bitmap Index Scan on k_4  (cost=0.00..5.58 rows=114 width=0)
	        Index Cond: ((k >= 2007202) AND (k <= 2007302))

table 5 : explain SELECT k, c FROM sbtest5 WHERE k BETWEEN 2007202 AND 2007302
	Bitmap Heap Scan on sbtest5  (cost=5.49..413.00 rows=103 width=125)
	  Recheck Cond: ((k >= 2007202) AND (k <= 2007302))
	  ->  Bitmap Index Scan on k_5  (cost=0.00..5.46 rows=103 width=0)
	        Index Cond: ((k >= 2007202) AND (k <= 2007302))

table 6 : explain SELECT k, c FROM sbtest6 WHERE k BETWEEN 2007202 AND 2007302
	Bitmap Heap Scan on sbtest6  (cost=5.50..416.94 rows=104 width=125)
	  Recheck Cond: ((k >= 2007202) AND (k <= 2007302))
	  ->  Bitmap Index Scan on k_6  (cost=0.00..5.47 rows=104 width=0)
	        Index Cond: ((k >= 2007202) AND (k <= 2007302))

table 7 : explain SELECT k, c FROM sbtest7 WHERE k BETWEEN 2007202 AND 2007302
	Bitmap Heap Scan on sbtest7  (cost=5.38..369.67 rows=92 width=125)
	  Recheck Cond: ((k >= 2007202) AND (k <= 2007302))
	  ->  Bitmap Index Scan on k_7  (cost=0.00..5.35 rows=92 width=0)
	        Index Cond: ((k >= 2007202) AND (k <= 2007302))

table 8 : explain SELECT k, c FROM sbtest8 WHERE k BETWEEN 2007202 AND 2007302
	Bitmap Heap Scan on sbtest8  (cost=5.41..381.49 rows=95 width=125)
	  Recheck Cond: ((k >= 2007202) AND (k <= 2007302))
	  ->  Bitmap Index Scan on k_8  (cost=0.00..5.38 rows=95 width=0)
	        Index Cond: ((k >= 2007202) AND (k <= 2007302))

explain: for range-notcovered :: explain SELECT k, c FROM sbtest%d WHERE k BETWEEN 2007202 AND 2007302
for range-notcovered
table 1 : explain SELECT k, c FROM sbtest1 WHERE k BETWEEN 2742762 AND 2742862
	Bitmap Heap Scan on sbtest1  (cost=5.40..377.55 rows=94 width=125)
	  Recheck Cond: ((k >= 2742762) AND (k <= 2742862))
	  ->  Bitmap Index Scan on k_1  (cost=0.00..5.38 rows=94 width=0)
	        Index Cond: ((k >= 2742762) AND (k <= 2742862))

table 2 : explain SELECT k, c FROM sbtest2 WHERE k BETWEEN 2742762 AND 2742862
	Bitmap Heap Scan on sbtest2  (cost=5.62..464.15 rows=116 width=125)
	  Recheck Cond: ((k >= 2742762) AND (k <= 2742862))
	  ->  Bitmap Index Scan on k_2  (cost=0.00..5.59 rows=116 width=0)
	        Index Cond: ((k >= 2742762) AND (k <= 2742862))

table 3 : explain SELECT k, c FROM sbtest3 WHERE k BETWEEN 2742762 AND 2742862
	Bitmap Heap Scan on sbtest3  (cost=5.57..444.49 rows=111 width=125)
	  Recheck Cond: ((k >= 2742762) AND (k <= 2742862))
	  ->  Bitmap Index Scan on k_3  (cost=0.00..5.54 rows=111 width=0)
	        Index Cond: ((k >= 2742762) AND (k <= 2742862))

table 4 : explain SELECT k, c FROM sbtest4 WHERE k BETWEEN 2742762 AND 2742862
	Bitmap Heap Scan on sbtest4  (cost=5.49..413.00 rows=103 width=125)
	  Recheck Cond: ((k >= 2742762) AND (k <= 2742862))
	  ->  Bitmap Index Scan on k_4  (cost=0.00..5.46 rows=103 width=0)
	        Index Cond: ((k >= 2742762) AND (k <= 2742862))

table 5 : explain SELECT k, c FROM sbtest5 WHERE k BETWEEN 2742762 AND 2742862
	Bitmap Heap Scan on sbtest5  (cost=5.44..393.31 rows=98 width=125)
	  Recheck Cond: ((k >= 2742762) AND (k <= 2742862))
	  ->  Bitmap Index Scan on k_5  (cost=0.00..5.42 rows=98 width=0)
	        Index Cond: ((k >= 2742762) AND (k <= 2742862))

table 6 : explain SELECT k, c FROM sbtest6 WHERE k BETWEEN 2742762 AND 2742862
	Bitmap Heap Scan on sbtest6  (cost=5.42..385.43 rows=96 width=125)
	  Recheck Cond: ((k >= 2742762) AND (k <= 2742862))
	  ->  Bitmap Index Scan on k_6  (cost=0.00..5.39 rows=96 width=0)
	        Index Cond: ((k >= 2742762) AND (k <= 2742862))

table 7 : explain SELECT k, c FROM sbtest7 WHERE k BETWEEN 2742762 AND 2742862
	Bitmap Heap Scan on sbtest7  (cost=5.51..420.88 rows=105 width=125)
	  Recheck Cond: ((k >= 2742762) AND (k <= 2742862))
	  ->  Bitmap Index Scan on k_7  (cost=0.00..5.48 rows=105 width=0)
	        Index Cond: ((k >= 2742762) AND (k <= 2742862))

table 8 : explain SELECT k, c FROM sbtest8 WHERE k BETWEEN 2742762 AND 2742862
	Bitmap Heap Scan on sbtest8  (cost=5.47..405.13 rows=101 width=125)
	  Recheck Cond: ((k >= 2742762) AND (k <= 2742862))
	  ->  Bitmap Index Scan on k_8  (cost=0.00..5.44 rows=101 width=0)
	        Index Cond: ((k >= 2742762) AND (k <= 2742862))

explain: for range-notcovered :: explain SELECT k, c FROM sbtest%d WHERE k BETWEEN 2742762 AND 2742862
for range-notcovered
table 1 : explain SELECT k, c FROM sbtest1 WHERE k BETWEEN 6469467 AND 6469567
	Bitmap Heap Scan on sbtest1  (cost=5.53..428.75 rows=107 width=125)
	  Recheck Cond: ((k >= 6469467) AND (k <= 6469567))
	  ->  Bitmap Index Scan on k_1  (cost=0.00..5.50 rows=107 width=0)
	        Index Cond: ((k >= 6469467) AND (k <= 6469567))

table 2 : explain SELECT k, c FROM sbtest2 WHERE k BETWEEN 6469467 AND 6469567
	Bitmap Heap Scan on sbtest2  (cost=5.44..393.31 rows=98 width=125)
	  Recheck Cond: ((k >= 6469467) AND (k <= 6469567))
	  ->  Bitmap Index Scan on k_2  (cost=0.00..5.42 rows=98 width=0)
	        Index Cond: ((k >= 6469467) AND (k <= 6469567))

table 3 : explain SELECT k, c FROM sbtest3 WHERE k BETWEEN 6469467 AND 6469567
	Bitmap Heap Scan on sbtest3  (cost=5.44..393.31 rows=98 width=125)
	  Recheck Cond: ((k >= 6469467) AND (k <= 6469567))
	  ->  Bitmap Index Scan on k_3  (cost=0.00..5.42 rows=98 width=0)
	        Index Cond: ((k >= 6469467) AND (k <= 6469567))

table 4 : explain SELECT k, c FROM sbtest4 WHERE k BETWEEN 6469467 AND 6469567
	Bitmap Heap Scan on sbtest4  (cost=5.56..440.56 rows=110 width=125)
	  Recheck Cond: ((k >= 6469467) AND (k <= 6469567))
	  ->  Bitmap Index Scan on k_4  (cost=0.00..5.53 rows=110 width=0)
	        Index Cond: ((k >= 6469467) AND (k <= 6469567))

table 5 : explain SELECT k, c FROM sbtest5 WHERE k BETWEEN 6469467 AND 6469567
	Bitmap Heap Scan on sbtest5  (cost=5.44..393.31 rows=98 width=125)
	  Recheck Cond: ((k >= 6469467) AND (k <= 6469567))
	  ->  Bitmap Index Scan on k_5  (cost=0.00..5.42 rows=98 width=0)
	        Index Cond: ((k >= 6469467) AND (k <= 6469567))

table 6 : explain SELECT k, c FROM sbtest6 WHERE k BETWEEN 6469467 AND 6469567
	Bitmap Heap Scan on sbtest6  (cost=5.42..385.43 rows=96 width=125)
	  Recheck Cond: ((k >= 6469467) AND (k <= 6469567))
	  ->  Bitmap Index Scan on k_6  (cost=0.00..5.39 rows=96 width=0)
	        Index Cond: ((k >= 6469467) AND (k <= 6469567))

table 7 : explain SELECT k, c FROM sbtest7 WHERE k BETWEEN 6469467 AND 6469567
	Bitmap Heap Scan on sbtest7  (cost=5.54..432.69 rows=108 width=125)
	  Recheck Cond: ((k >= 6469467) AND (k <= 6469567))
	  ->  Bitmap Index Scan on k_7  (cost=0.00..5.51 rows=108 width=0)
	        Index Cond: ((k >= 6469467) AND (k <= 6469567))

table 8 : explain SELECT k, c FROM sbtest8 WHERE k BETWEEN 6469467 AND 6469567
	Bitmap Heap Scan on sbtest8  (cost=5.46..401.19 rows=100 width=125)
	  Recheck Cond: ((k >= 6469467) AND (k <= 6469567))
	  ->  Bitmap Index Scan on k_8  (cost=0.00..5.43 rows=100 width=0)
	        Index Cond: ((k >= 6469467) AND (k <= 6469567))

explain: for range-notcovered :: explain SELECT k, c FROM sbtest%d WHERE k BETWEEN 6469467 AND 6469567
for range-notcovered
table 1 : explain SELECT k, c FROM sbtest1 WHERE k BETWEEN 3197503 AND 3197603
	Bitmap Heap Scan on sbtest1  (cost=5.47..405.13 rows=101 width=125)
	  Recheck Cond: ((k >= 3197503) AND (k <= 3197603))
	  ->  Bitmap Index Scan on k_1  (cost=0.00..5.44 rows=101 width=0)
	        Index Cond: ((k >= 3197503) AND (k <= 3197603))

table 2 : explain SELECT k, c FROM sbtest2 WHERE k BETWEEN 3197503 AND 3197603
	Bitmap Heap Scan on sbtest2  (cost=5.51..420.88 rows=105 width=125)
	  Recheck Cond: ((k >= 3197503) AND (k <= 3197603))
	  ->  Bitmap Index Scan on k_2  (cost=0.00..5.48 rows=105 width=0)
	        Index Cond: ((k >= 3197503) AND (k <= 3197603))

table 3 : explain SELECT k, c FROM sbtest3 WHERE k BETWEEN 3197503 AND 3197603
	Bitmap Heap Scan on sbtest3  (cost=5.51..420.88 rows=105 width=125)
	  Recheck Cond: ((k >= 3197503) AND (k <= 3197603))
	  ->  Bitmap Index Scan on k_3  (cost=0.00..5.48 rows=105 width=0)
	        Index Cond: ((k >= 3197503) AND (k <= 3197603))

table 4 : explain SELECT k, c FROM sbtest4 WHERE k BETWEEN 3197503 AND 3197603
	Bitmap Heap Scan on sbtest4  (cost=5.39..373.61 rows=93 width=125)
	  Recheck Cond: ((k >= 3197503) AND (k <= 3197603))
	  ->  Bitmap Index Scan on k_4  (cost=0.00..5.36 rows=93 width=0)
	        Index Cond: ((k >= 3197503) AND (k <= 3197603))

table 5 : explain SELECT k, c FROM sbtest5 WHERE k BETWEEN 3197503 AND 3197603
	Bitmap Heap Scan on sbtest5  (cost=5.43..389.37 rows=97 width=125)
	  Recheck Cond: ((k >= 3197503) AND (k <= 3197603))
	  ->  Bitmap Index Scan on k_5  (cost=0.00..5.40 rows=97 width=0)
	        Index Cond: ((k >= 3197503) AND (k <= 3197603))

table 6 : explain SELECT k, c FROM sbtest6 WHERE k BETWEEN 3197503 AND 3197603
	Bitmap Heap Scan on sbtest6  (cost=5.44..393.31 rows=98 width=125)
	  Recheck Cond: ((k >= 3197503) AND (k <= 3197603))
	  ->  Bitmap Index Scan on k_6  (cost=0.00..5.42 rows=98 width=0)
	        Index Cond: ((k >= 3197503) AND (k <= 3197603))

table 7 : explain SELECT k, c FROM sbtest7 WHERE k BETWEEN 3197503 AND 3197603
	Bitmap Heap Scan on sbtest7  (cost=5.41..381.49 rows=95 width=125)
	  Recheck Cond: ((k >= 3197503) AND (k <= 3197603))
	  ->  Bitmap Index Scan on k_7  (cost=0.00..5.38 rows=95 width=0)
	        Index Cond: ((k >= 3197503) AND (k <= 3197603))

table 8 : explain SELECT k, c FROM sbtest8 WHERE k BETWEEN 3197503 AND 3197603
	Bitmap Heap Scan on sbtest8  (cost=5.54..432.69 rows=108 width=125)
	  Recheck Cond: ((k >= 3197503) AND (k <= 3197603))
	  ->  Bitmap Index Scan on k_8  (cost=0.00..5.51 rows=108 width=0)
	        Index Cond: ((k >= 3197503) AND (k <= 3197603))

explain: for range-notcovered :: explain SELECT k, c FROM sbtest%d WHERE k BETWEEN 3197503 AND 3197603
for range-notcovered
table 1 : explain SELECT k, c FROM sbtest1 WHERE k BETWEEN 2007202 AND 2007302
	Bitmap Heap Scan on sbtest1  (cost=5.38..369.67 rows=92 width=125)
	  Recheck Cond: ((k >= 2007202) AND (k <= 2007302))
	  ->  Bitmap Index Scan on k_1  (cost=0.00..5.35 rows=92 width=0)
	        Index Cond: ((k >= 2007202) AND (k <= 2007302))

table 2 : explain SELECT k, c FROM sbtest2 WHERE k BETWEEN 2007202 AND 2007302
	Bitmap Heap Scan on sbtest2  (cost=5.45..397.25 rows=99 width=125)
	  Recheck Cond: ((k >= 2007202) AND (k <= 2007302))
	  ->  Bitmap Index Scan on k_2  (cost=0.00..5.42 rows=99 width=0)
	        Index Cond: ((k >= 2007202) AND (k <= 2007302))

table 3 : explain SELECT k, c FROM sbtest3 WHERE k BETWEEN 2007202 AND 2007302
	Bitmap Heap Scan on sbtest3  (cost=5.39..373.61 rows=93 width=125)
	  Recheck Cond: ((k >= 2007202) AND (k <= 2007302))
	  ->  Bitmap Index Scan on k_3  (cost=0.00..5.36 rows=93 width=0)
	        Index Cond: ((k >= 2007202) AND (k <= 2007302))

table 4 : explain SELECT k, c FROM sbtest4 WHERE k BETWEEN 2007202 AND 2007302
	Bitmap Heap Scan on sbtest4  (cost=5.60..456.29 rows=114 width=125)
	  Recheck Cond: ((k >= 2007202) AND (k <= 2007302))
	  ->  Bitmap Index Scan on k_4  (cost=0.00..5.58 rows=114 width=0)
	        Index Cond: ((k >= 2007202) AND (k <= 2007302))

table 5 : explain SELECT k, c FROM sbtest5 WHERE k BETWEEN 2007202 AND 2007302
	Bitmap Heap Scan on sbtest5  (cost=5.49..413.00 rows=103 width=125)
	  Recheck Cond: ((k >= 2007202) AND (k <= 2007302))
	  ->  Bitmap Index Scan on k_5  (cost=0.00..5.46 rows=103 width=0)
	        Index Cond: ((k >= 2007202) AND (k <= 2007302))

table 6 : explain SELECT k, c FROM sbtest6 WHERE k BETWEEN 2007202 AND 2007302
	Bitmap Heap Scan on sbtest6  (cost=5.50..416.94 rows=104 width=125)
	  Recheck Cond: ((k >= 2007202) AND (k <= 2007302))
	  ->  Bitmap Index Scan on k_6  (cost=0.00..5.47 rows=104 width=0)
	        Index Cond: ((k >= 2007202) AND (k <= 2007302))

table 7 : explain SELECT k, c FROM sbtest7 WHERE k BETWEEN 2007202 AND 2007302
	Bitmap Heap Scan on sbtest7  (cost=5.38..369.67 rows=92 width=125)
	  Recheck Cond: ((k >= 2007202) AND (k <= 2007302))
	  ->  Bitmap Index Scan on k_7  (cost=0.00..5.35 rows=92 width=0)
	        Index Cond: ((k >= 2007202) AND (k <= 2007302))

table 8 : explain SELECT k, c FROM sbtest8 WHERE k BETWEEN 2007202 AND 2007302
	Bitmap Heap Scan on sbtest8  (cost=5.41..381.49 rows=95 width=125)
	  Recheck Cond: ((k >= 2007202) AND (k <= 2007302))
	  ->  Bitmap Index Scan on k_8  (cost=0.00..5.38 rows=95 width=0)
	        Index Cond: ((k >= 2007202) AND (k <= 2007302))

explain: for range-notcovered :: explain SELECT k, c FROM sbtest%d WHERE k BETWEEN 2007202 AND 2007302
for range-notcovered
table 1 : explain SELECT k, c FROM sbtest1 WHERE k BETWEEN 2742762 AND 2742862
	Bitmap Heap Scan on sbtest1  (cost=5.40..377.55 rows=94 width=125)
	  Recheck Cond: ((k >= 2742762) AND (k <= 2742862))
	  ->  Bitmap Index Scan on k_1  (cost=0.00..5.38 rows=94 width=0)
	        Index Cond: ((k >= 2742762) AND (k <= 2742862))

table 2 : explain SELECT k, c FROM sbtest2 WHERE k BETWEEN 2742762 AND 2742862
	Bitmap Heap Scan on sbtest2  (cost=5.62..464.15 rows=116 width=125)
	  Recheck Cond: ((k >= 2742762) AND (k <= 2742862))
	  ->  Bitmap Index Scan on k_2  (cost=0.00..5.59 rows=116 width=0)
	        Index Cond: ((k >= 2742762) AND (k <= 2742862))

table 3 : explain SELECT k, c FROM sbtest3 WHERE k BETWEEN 2742762 AND 2742862
	Bitmap Heap Scan on sbtest3  (cost=5.57..444.49 rows=111 width=125)
	  Recheck Cond: ((k >= 2742762) AND (k <= 2742862))
	  ->  Bitmap Index Scan on k_3  (cost=0.00..5.54 rows=111 width=0)
	        Index Cond: ((k >= 2742762) AND (k <= 2742862))

table 4 : explain SELECT k, c FROM sbtest4 WHERE k BETWEEN 2742762 AND 2742862
	Bitmap Heap Scan on sbtest4  (cost=5.49..413.00 rows=103 width=125)
	  Recheck Cond: ((k >= 2742762) AND (k <= 2742862))
	  ->  Bitmap Index Scan on k_4  (cost=0.00..5.46 rows=103 width=0)
	        Index Cond: ((k >= 2742762) AND (k <= 2742862))

table 5 : explain SELECT k, c FROM sbtest5 WHERE k BETWEEN 2742762 AND 2742862
	Bitmap Heap Scan on sbtest5  (cost=5.44..393.31 rows=98 width=125)
	  Recheck Cond: ((k >= 2742762) AND (k <= 2742862))
	  ->  Bitmap Index Scan on k_5  (cost=0.00..5.42 rows=98 width=0)
	        Index Cond: ((k >= 2742762) AND (k <= 2742862))

table 6 : explain SELECT k, c FROM sbtest6 WHERE k BETWEEN 2742762 AND 2742862
	Bitmap Heap Scan on sbtest6  (cost=5.42..385.43 rows=96 width=125)
	  Recheck Cond: ((k >= 2742762) AND (k <= 2742862))
	  ->  Bitmap Index Scan on k_6  (cost=0.00..5.39 rows=96 width=0)
	        Index Cond: ((k >= 2742762) AND (k <= 2742862))

table 7 : explain SELECT k, c FROM sbtest7 WHERE k BETWEEN 2742762 AND 2742862
	Bitmap Heap Scan on sbtest7  (cost=5.51..420.88 rows=105 width=125)
	  Recheck Cond: ((k >= 2742762) AND (k <= 2742862))
	  ->  Bitmap Index Scan on k_7  (cost=0.00..5.48 rows=105 width=0)
	        Index Cond: ((k >= 2742762) AND (k <= 2742862))

table 8 : explain SELECT k, c FROM sbtest8 WHERE k BETWEEN 2742762 AND 2742862
	Bitmap Heap Scan on sbtest8  (cost=5.47..405.13 rows=101 width=125)
	  Recheck Cond: ((k >= 2742762) AND (k <= 2742862))
	  ->  Bitmap Index Scan on k_8  (cost=0.00..5.44 rows=101 width=0)
	        Index Cond: ((k >= 2742762) AND (k <= 2742862))

explain: for range-notcovered :: explain SELECT k, c FROM sbtest%d WHERE k BETWEEN 2742762 AND 2742862
for range-notcovered
table 1 : explain SELECT k, c FROM sbtest1 WHERE k BETWEEN 9138212 AND 9138312
	Bitmap Heap Scan on sbtest1  (cost=5.41..381.49 rows=95 width=125)
	  Recheck Cond: ((k >= 9138212) AND (k <= 9138312))
	  ->  Bitmap Index Scan on k_1  (cost=0.00..5.38 rows=95 width=0)
	        Index Cond: ((k >= 9138212) AND (k <= 9138312))

table 2 : explain SELECT k, c FROM sbtest2 WHERE k BETWEEN 9138212 AND 9138312
	Bitmap Heap Scan on sbtest2  (cost=5.56..440.56 rows=110 width=125)
	  Recheck Cond: ((k >= 9138212) AND (k <= 9138312))
	  ->  Bitmap Index Scan on k_2  (cost=0.00..5.53 rows=110 width=0)
	        Index Cond: ((k >= 9138212) AND (k <= 9138312))

table 3 : explain SELECT k, c FROM sbtest3 WHERE k BETWEEN 9138212 AND 9138312
	Bitmap Heap Scan on sbtest3  (cost=5.45..397.25 rows=99 width=125)
	  Recheck Cond: ((k >= 9138212) AND (k <= 9138312))
	  ->  Bitmap Index Scan on k_3  (cost=0.00..5.42 rows=99 width=0)
	        Index Cond: ((k >= 9138212) AND (k <= 9138312))

table 4 : explain SELECT k, c FROM sbtest4 WHERE k BETWEEN 9138212 AND 9138312
	Bitmap Heap Scan on sbtest4  (cost=5.42..385.43 rows=96 width=125)
	  Recheck Cond: ((k >= 9138212) AND (k <= 9138312))
	  ->  Bitmap Index Scan on k_4  (cost=0.00..5.39 rows=96 width=0)
	        Index Cond: ((k >= 9138212) AND (k <= 9138312))

table 5 : explain SELECT k, c FROM sbtest5 WHERE k BETWEEN 9138212 AND 9138312
	Bitmap Heap Scan on sbtest5  (cost=5.46..401.19 rows=100 width=125)
	  Recheck Cond: ((k >= 9138212) AND (k <= 9138312))
	  ->  Bitmap Index Scan on k_5  (cost=0.00..5.43 rows=100 width=0)
	        Index Cond: ((k >= 9138212) AND (k <= 9138312))

table 6 : explain SELECT k, c FROM sbtest6 WHERE k BETWEEN 9138212 AND 9138312
	Bitmap Heap Scan on sbtest6  (cost=5.48..409.07 rows=102 width=125)
	  Recheck Cond: ((k >= 9138212) AND (k <= 9138312))
	  ->  Bitmap Index Scan on k_6  (cost=0.00..5.45 rows=102 width=0)
	        Index Cond: ((k >= 9138212) AND (k <= 9138312))

table 7 : explain SELECT k, c FROM sbtest7 WHERE k BETWEEN 9138212 AND 9138312
	Bitmap Heap Scan on sbtest7  (cost=5.43..389.37 rows=97 width=125)
	  Recheck Cond: ((k >= 9138212) AND (k <= 9138312))
	  ->  Bitmap Index Scan on k_7  (cost=0.00..5.40 rows=97 width=0)
	        Index Cond: ((k >= 9138212) AND (k <= 9138312))

table 8 : explain SELECT k, c FROM sbtest8 WHERE k BETWEEN 9138212 AND 9138312
	Bitmap Heap Scan on sbtest8  (cost=5.41..381.49 rows=95 width=125)
	  Recheck Cond: ((k >= 9138212) AND (k <= 9138312))
	  ->  Bitmap Index Scan on k_8  (cost=0.00..5.38 rows=95 width=0)
	        Index Cond: ((k >= 9138212) AND (k <= 9138312))

explain: for range-notcovered :: explain SELECT k, c FROM sbtest%d WHERE k BETWEEN 9138212 AND 9138312
for range-notcovered
table 1 : explain SELECT k, c FROM sbtest1 WHERE k BETWEEN 6469467 AND 6469567
	Bitmap Heap Scan on sbtest1  (cost=5.53..428.75 rows=107 width=125)
	  Recheck Cond: ((k >= 6469467) AND (k <= 6469567))
	  ->  Bitmap Index Scan on k_1  (cost=0.00..5.50 rows=107 width=0)
	        Index Cond: ((k >= 6469467) AND (k <= 6469567))

table 2 : explain SELECT k, c FROM sbtest2 WHERE k BETWEEN 6469467 AND 6469567
	Bitmap Heap Scan on sbtest2  (cost=5.44..393.31 rows=98 width=125)
	  Recheck Cond: ((k >= 6469467) AND (k <= 6469567))
	  ->  Bitmap Index Scan on k_2  (cost=0.00..5.42 rows=98 width=0)
	        Index Cond: ((k >= 6469467) AND (k <= 6469567))

table 3 : explain SELECT k, c FROM sbtest3 WHERE k BETWEEN 6469467 AND 6469567
	Bitmap Heap Scan on sbtest3  (cost=5.44..393.31 rows=98 width=125)
	  Recheck Cond: ((k >= 6469467) AND (k <= 6469567))
	  ->  Bitmap Index Scan on k_3  (cost=0.00..5.42 rows=98 width=0)
	        Index Cond: ((k >= 6469467) AND (k <= 6469567))

table 4 : explain SELECT k, c FROM sbtest4 WHERE k BETWEEN 6469467 AND 6469567
	Bitmap Heap Scan on sbtest4  (cost=5.56..440.56 rows=110 width=125)
	  Recheck Cond: ((k >= 6469467) AND (k <= 6469567))
	  ->  Bitmap Index Scan on k_4  (cost=0.00..5.53 rows=110 width=0)
	        Index Cond: ((k >= 6469467) AND (k <= 6469567))

table 5 : explain SELECT k, c FROM sbtest5 WHERE k BETWEEN 6469467 AND 6469567
	Bitmap Heap Scan on sbtest5  (cost=5.44..393.31 rows=98 width=125)
	  Recheck Cond: ((k >= 6469467) AND (k <= 6469567))
	  ->  Bitmap Index Scan on k_5  (cost=0.00..5.42 rows=98 width=0)
	        Index Cond: ((k >= 6469467) AND (k <= 6469567))

table 6 : explain SELECT k, c FROM sbtest6 WHERE k BETWEEN 6469467 AND 6469567
	Bitmap Heap Scan on sbtest6  (cost=5.42..385.43 rows=96 width=125)
	  Recheck Cond: ((k >= 6469467) AND (k <= 6469567))
	  ->  Bitmap Index Scan on k_6  (cost=0.00..5.39 rows=96 width=0)
	        Index Cond: ((k >= 6469467) AND (k <= 6469567))

table 7 : explain SELECT k, c FROM sbtest7 WHERE k BETWEEN 6469467 AND 6469567
	Bitmap Heap Scan on sbtest7  (cost=5.54..432.69 rows=108 width=125)
	  Recheck Cond: ((k >= 6469467) AND (k <= 6469567))
	  ->  Bitmap Index Scan on k_7  (cost=0.00..5.51 rows=108 width=0)
	        Index Cond: ((k >= 6469467) AND (k <= 6469567))

table 8 : explain SELECT k, c FROM sbtest8 WHERE k BETWEEN 6469467 AND 6469567
	Bitmap Heap Scan on sbtest8  (cost=5.46..401.19 rows=100 width=125)
	  Recheck Cond: ((k >= 6469467) AND (k <= 6469567))
	  ->  Bitmap Index Scan on k_8  (cost=0.00..5.43 rows=100 width=0)
	        Index Cond: ((k >= 6469467) AND (k <= 6469567))

explain: for range-notcovered :: explain SELECT k, c FROM sbtest%d WHERE k BETWEEN 6469467 AND 6469567
for range-notcovered
table 1 : explain SELECT k, c FROM sbtest1 WHERE k BETWEEN 3197503 AND 3197603
	Bitmap Heap Scan on sbtest1  (cost=5.47..405.13 rows=101 width=125)
	  Recheck Cond: ((k >= 3197503) AND (k <= 3197603))
	  ->  Bitmap Index Scan on k_1  (cost=0.00..5.44 rows=101 width=0)
	        Index Cond: ((k >= 3197503) AND (k <= 3197603))

table 2 : explain SELECT k, c FROM sbtest2 WHERE k BETWEEN 3197503 AND 3197603
	Bitmap Heap Scan on sbtest2  (cost=5.51..420.88 rows=105 width=125)
	  Recheck Cond: ((k >= 3197503) AND (k <= 3197603))
	  ->  Bitmap Index Scan on k_2  (cost=0.00..5.48 rows=105 width=0)
	        Index Cond: ((k >= 3197503) AND (k <= 3197603))

table 3 : explain SELECT k, c FROM sbtest3 WHERE k BETWEEN 3197503 AND 3197603
	Bitmap Heap Scan on sbtest3  (cost=5.51..420.88 rows=105 width=125)
	  Recheck Cond: ((k >= 3197503) AND (k <= 3197603))
	  ->  Bitmap Index Scan on k_3  (cost=0.00..5.48 rows=105 width=0)
	        Index Cond: ((k >= 3197503) AND (k <= 3197603))

table 4 : explain SELECT k, c FROM sbtest4 WHERE k BETWEEN 3197503 AND 3197603
	Bitmap Heap Scan on sbtest4  (cost=5.39..373.61 rows=93 width=125)
	  Recheck Cond: ((k >= 3197503) AND (k <= 3197603))
	  ->  Bitmap Index Scan on k_4  (cost=0.00..5.36 rows=93 width=0)
	        Index Cond: ((k >= 3197503) AND (k <= 3197603))

table 5 : explain SELECT k, c FROM sbtest5 WHERE k BETWEEN 3197503 AND 3197603
	Bitmap Heap Scan on sbtest5  (cost=5.43..389.37 rows=97 width=125)
	  Recheck Cond: ((k >= 3197503) AND (k <= 3197603))
	  ->  Bitmap Index Scan on k_5  (cost=0.00..5.40 rows=97 width=0)
	        Index Cond: ((k >= 3197503) AND (k <= 3197603))

table 6 : explain SELECT k, c FROM sbtest6 WHERE k BETWEEN 3197503 AND 3197603
	Bitmap Heap Scan on sbtest6  (cost=5.44..393.31 rows=98 width=125)
	  Recheck Cond: ((k >= 3197503) AND (k <= 3197603))
	  ->  Bitmap Index Scan on k_6  (cost=0.00..5.42 rows=98 width=0)
	        Index Cond: ((k >= 3197503) AND (k <= 3197603))

table 7 : explain SELECT k, c FROM sbtest7 WHERE k BETWEEN 3197503 AND 3197603
	Bitmap Heap Scan on sbtest7  (cost=5.41..381.49 rows=95 width=125)
	  Recheck Cond: ((k >= 3197503) AND (k <= 3197603))
	  ->  Bitmap Index Scan on k_7  (cost=0.00..5.38 rows=95 width=0)
	        Index Cond: ((k >= 3197503) AND (k <= 3197603))

table 8 : explain SELECT k, c FROM sbtest8 WHERE k BETWEEN 3197503 AND 3197603
	Bitmap Heap Scan on sbtest8  (cost=5.54..432.69 rows=108 width=125)
	  Recheck Cond: ((k >= 3197503) AND (k <= 3197603))
	  ->  Bitmap Index Scan on k_8  (cost=0.00..5.51 rows=108 width=0)
	        Index Cond: ((k >= 3197503) AND (k <= 3197603))

for range-notcovered
table 1 : explain SELECT k, c FROM sbtest1 WHERE k BETWEEN 2007202 AND 2007302
	Bitmap Heap Scan on sbtest1  (cost=5.38..369.67 rows=92 width=125)
	  Recheck Cond: ((k >= 2007202) AND (k <= 2007302))
	  ->  Bitmap Index Scan on k_1  (cost=0.00..5.35 rows=92 width=0)
	        Index Cond: ((k >= 2007202) AND (k <= 2007302))

table 2 : explain SELECT k, c FROM sbtest2 WHERE k BETWEEN 2007202 AND 2007302
	Bitmap Heap Scan on sbtest2  (cost=5.45..397.25 rows=99 width=125)
	  Recheck Cond: ((k >= 2007202) AND (k <= 2007302))
	  ->  Bitmap Index Scan on k_2  (cost=0.00..5.42 rows=99 width=0)
	        Index Cond: ((k >= 2007202) AND (k <= 2007302))

table 3 : explain SELECT k, c FROM sbtest3 WHERE k BETWEEN 2007202 AND 2007302
	Bitmap Heap Scan on sbtest3  (cost=5.39..373.61 rows=93 width=125)
	  Recheck Cond: ((k >= 2007202) AND (k <= 2007302))
	  ->  Bitmap Index Scan on k_3  (cost=0.00..5.36 rows=93 width=0)
	        Index Cond: ((k >= 2007202) AND (k <= 2007302))

table 4 : explain SELECT k, c FROM sbtest4 WHERE k BETWEEN 2007202 AND 2007302
	Bitmap Heap Scan on sbtest4  (cost=5.60..456.29 rows=114 width=125)
	  Recheck Cond: ((k >= 2007202) AND (k <= 2007302))
	  ->  Bitmap Index Scan on k_4  (cost=0.00..5.58 rows=114 width=0)
	        Index Cond: ((k >= 2007202) AND (k <= 2007302))

table 5 : explain SELECT k, c FROM sbtest5 WHERE k BETWEEN 2007202 AND 2007302
	Bitmap Heap Scan on sbtest5  (cost=5.49..413.00 rows=103 width=125)
	  Recheck Cond: ((k >= 2007202) AND (k <= 2007302))
	  ->  Bitmap Index Scan on k_5  (cost=0.00..5.46 rows=103 width=0)
	        Index Cond: ((k >= 2007202) AND (k <= 2007302))

table 6 : explain SELECT k, c FROM sbtest6 WHERE k BETWEEN 2007202 AND 2007302
	Bitmap Heap Scan on sbtest6  (cost=5.50..416.94 rows=104 width=125)
	  Recheck Cond: ((k >= 2007202) AND (k <= 2007302))
	  ->  Bitmap Index Scan on k_6  (cost=0.00..5.47 rows=104 width=0)
	        Index Cond: ((k >= 2007202) AND (k <= 2007302))

table 7 : explain SELECT k, c FROM sbtest7 WHERE k BETWEEN 2007202 AND 2007302
	Bitmap Heap Scan on sbtest7  (cost=5.38..369.67 rows=92 width=125)
	  Recheck Cond: ((k >= 2007202) AND (k <= 2007302))
	  ->  Bitmap Index Scan on k_7  (cost=0.00..5.35 rows=92 width=0)
	        Index Cond: ((k >= 2007202) AND (k <= 2007302))

table 8 : explain SELECT k, c FROM sbtest8 WHERE k BETWEEN 2007202 AND 2007302
	Bitmap Heap Scan on sbtest8  (cost=5.41..381.49 rows=95 width=125)
	  Recheck Cond: ((k >= 2007202) AND (k <= 2007302))
	  ->  Bitmap Index Scan on k_8  (cost=0.00..5.38 rows=95 width=0)
	        Index Cond: ((k >= 2007202) AND (k <= 2007302))

explain: for range-notcovered :: explain SELECT k, c FROM sbtest%d WHERE k BETWEEN 3197503 AND 3197603
explain: for range-notcovered :: explain SELECT k, c FROM sbtest%d WHERE k BETWEEN 6375138 AND 6375238
explain: for range-notcovered :: explain SELECT k, c FROM sbtest%d WHERE k BETWEEN 2007202 AND 2007302
for range-notcovered
table 1 : explain SELECT k, c FROM sbtest1 WHERE k BETWEEN 2742762 AND 2742862
	Bitmap Heap Scan on sbtest1  (cost=5.40..377.55 rows=94 width=125)
	  Recheck Cond: ((k >= 2742762) AND (k <= 2742862))
	  ->  Bitmap Index Scan on k_1  (cost=0.00..5.38 rows=94 width=0)
	        Index Cond: ((k >= 2742762) AND (k <= 2742862))

table 2 : explain SELECT k, c FROM sbtest2 WHERE k BETWEEN 2742762 AND 2742862
	Bitmap Heap Scan on sbtest2  (cost=5.62..464.15 rows=116 width=125)
	  Recheck Cond: ((k >= 2742762) AND (k <= 2742862))
	  ->  Bitmap Index Scan on k_2  (cost=0.00..5.59 rows=116 width=0)
	        Index Cond: ((k >= 2742762) AND (k <= 2742862))

table 3 : explain SELECT k, c FROM sbtest3 WHERE k BETWEEN 2742762 AND 2742862
	Bitmap Heap Scan on sbtest3  (cost=5.57..444.49 rows=111 width=125)
	  Recheck Cond: ((k >= 2742762) AND (k <= 2742862))
	  ->  Bitmap Index Scan on k_3  (cost=0.00..5.54 rows=111 width=0)
	        Index Cond: ((k >= 2742762) AND (k <= 2742862))

table 4 : explain SELECT k, c FROM sbtest4 WHERE k BETWEEN 2742762 AND 2742862
	Bitmap Heap Scan on sbtest4  (cost=5.49..413.00 rows=103 width=125)
	  Recheck Cond: ((k >= 2742762) AND (k <= 2742862))
	  ->  Bitmap Index Scan on k_4  (cost=0.00..5.46 rows=103 width=0)
	        Index Cond: ((k >= 2742762) AND (k <= 2742862))

table 5 : explain SELECT k, c FROM sbtest5 WHERE k BETWEEN 2742762 AND 2742862
	Bitmap Heap Scan on sbtest5  (cost=5.44..393.31 rows=98 width=125)
	  Recheck Cond: ((k >= 2742762) AND (k <= 2742862))
	  ->  Bitmap Index Scan on k_5  (cost=0.00..5.42 rows=98 width=0)
	        Index Cond: ((k >= 2742762) AND (k <= 2742862))

table 6 : explain SELECT k, c FROM sbtest6 WHERE k BETWEEN 2742762 AND 2742862
	Bitmap Heap Scan on sbtest6  (cost=5.42..385.43 rows=96 width=125)
	  Recheck Cond: ((k >= 2742762) AND (k <= 2742862))
	  ->  Bitmap Index Scan on k_6  (cost=0.00..5.39 rows=96 width=0)
	        Index Cond: ((k >= 2742762) AND (k <= 2742862))

table 7 : explain SELECT k, c FROM sbtest7 WHERE k BETWEEN 2742762 AND 2742862
	Bitmap Heap Scan on sbtest7  (cost=5.51..420.88 rows=105 width=125)
	  Recheck Cond: ((k >= 2742762) AND (k <= 2742862))
	  ->  Bitmap Index Scan on k_7  (cost=0.00..5.48 rows=105 width=0)
	        Index Cond: ((k >= 2742762) AND (k <= 2742862))

table 8 : explain SELECT k, c FROM sbtest8 WHERE k BETWEEN 2742762 AND 2742862
	Bitmap Heap Scan on sbtest8  (cost=5.47..405.13 rows=101 width=125)
	  Recheck Cond: ((k >= 2742762) AND (k <= 2742862))
	  ->  Bitmap Index Scan on k_8  (cost=0.00..5.44 rows=101 width=0)
	        Index Cond: ((k >= 2742762) AND (k <= 2742862))

explain: for range-notcovered :: explain SELECT k, c FROM sbtest%d WHERE k BETWEEN 2742762 AND 2742862
for range-notcovered
table 1 : explain SELECT k, c FROM sbtest1 WHERE k BETWEEN 9138212 AND 9138312
	Bitmap Heap Scan on sbtest1  (cost=5.41..381.49 rows=95 width=125)
	  Recheck Cond: ((k >= 9138212) AND (k <= 9138312))
	  ->  Bitmap Index Scan on k_1  (cost=0.00..5.38 rows=95 width=0)
	        Index Cond: ((k >= 9138212) AND (k <= 9138312))

table 2 : explain SELECT k, c FROM sbtest2 WHERE k BETWEEN 9138212 AND 9138312
	Bitmap Heap Scan on sbtest2  (cost=5.56..440.56 rows=110 width=125)
	  Recheck Cond: ((k >= 9138212) AND (k <= 9138312))
	  ->  Bitmap Index Scan on k_2  (cost=0.00..5.53 rows=110 width=0)
	        Index Cond: ((k >= 9138212) AND (k <= 9138312))

table 3 : explain SELECT k, c FROM sbtest3 WHERE k BETWEEN 9138212 AND 9138312
	Bitmap Heap Scan on sbtest3  (cost=5.45..397.25 rows=99 width=125)
	  Recheck Cond: ((k >= 9138212) AND (k <= 9138312))
	  ->  Bitmap Index Scan on k_3  (cost=0.00..5.42 rows=99 width=0)
	        Index Cond: ((k >= 9138212) AND (k <= 9138312))

table 4 : explain SELECT k, c FROM sbtest4 WHERE k BETWEEN 9138212 AND 9138312
	Bitmap Heap Scan on sbtest4  (cost=5.42..385.43 rows=96 width=125)
	  Recheck Cond: ((k >= 9138212) AND (k <= 9138312))
	  ->  Bitmap Index Scan on k_4  (cost=0.00..5.39 rows=96 width=0)
	        Index Cond: ((k >= 9138212) AND (k <= 9138312))

table 5 : explain SELECT k, c FROM sbtest5 WHERE k BETWEEN 9138212 AND 9138312
	Bitmap Heap Scan on sbtest5  (cost=5.46..401.19 rows=100 width=125)
	  Recheck Cond: ((k >= 9138212) AND (k <= 9138312))
	  ->  Bitmap Index Scan on k_5  (cost=0.00..5.43 rows=100 width=0)
	        Index Cond: ((k >= 9138212) AND (k <= 9138312))

table 6 : explain SELECT k, c FROM sbtest6 WHERE k BETWEEN 9138212 AND 9138312
	Bitmap Heap Scan on sbtest6  (cost=5.48..409.07 rows=102 width=125)
	  Recheck Cond: ((k >= 9138212) AND (k <= 9138312))
	  ->  Bitmap Index Scan on k_6  (cost=0.00..5.45 rows=102 width=0)
	        Index Cond: ((k >= 9138212) AND (k <= 9138312))

table 7 : explain SELECT k, c FROM sbtest7 WHERE k BETWEEN 9138212 AND 9138312
	Bitmap Heap Scan on sbtest7  (cost=5.43..389.37 rows=97 width=125)
	  Recheck Cond: ((k >= 9138212) AND (k <= 9138312))
	  ->  Bitmap Index Scan on k_7  (cost=0.00..5.40 rows=97 width=0)
	        Index Cond: ((k >= 9138212) AND (k <= 9138312))

table 8 : explain SELECT k, c FROM sbtest8 WHERE k BETWEEN 9138212 AND 9138312
	Bitmap Heap Scan on sbtest8  (cost=5.41..381.49 rows=95 width=125)
	  Recheck Cond: ((k >= 9138212) AND (k <= 9138312))
	  ->  Bitmap Index Scan on k_8  (cost=0.00..5.38 rows=95 width=0)
	        Index Cond: ((k >= 9138212) AND (k <= 9138312))

explain: for range-notcovered :: explain SELECT k, c FROM sbtest%d WHERE k BETWEEN 9138212 AND 9138312
for range-notcovered
table 1 : explain SELECT k, c FROM sbtest1 WHERE k BETWEEN 6469467 AND 6469567
	Bitmap Heap Scan on sbtest1  (cost=5.53..428.75 rows=107 width=125)
	  Recheck Cond: ((k >= 6469467) AND (k <= 6469567))
	  ->  Bitmap Index Scan on k_1  (cost=0.00..5.50 rows=107 width=0)
	        Index Cond: ((k >= 6469467) AND (k <= 6469567))

table 2 : explain SELECT k, c FROM sbtest2 WHERE k BETWEEN 6469467 AND 6469567
	Bitmap Heap Scan on sbtest2  (cost=5.44..393.31 rows=98 width=125)
	  Recheck Cond: ((k >= 6469467) AND (k <= 6469567))
	  ->  Bitmap Index Scan on k_2  (cost=0.00..5.42 rows=98 width=0)
	        Index Cond: ((k >= 6469467) AND (k <= 6469567))

table 3 : explain SELECT k, c FROM sbtest3 WHERE k BETWEEN 6469467 AND 6469567
	Bitmap Heap Scan on sbtest3  (cost=5.44..393.31 rows=98 width=125)
	  Recheck Cond: ((k >= 6469467) AND (k <= 6469567))
	  ->  Bitmap Index Scan on k_3  (cost=0.00..5.42 rows=98 width=0)
	        Index Cond: ((k >= 6469467) AND (k <= 6469567))

table 4 : explain SELECT k, c FROM sbtest4 WHERE k BETWEEN 6469467 AND 6469567
	Bitmap Heap Scan on sbtest4  (cost=5.56..440.56 rows=110 width=125)
	  Recheck Cond: ((k >= 6469467) AND (k <= 6469567))
	  ->  Bitmap Index Scan on k_4  (cost=0.00..5.53 rows=110 width=0)
	        Index Cond: ((k >= 6469467) AND (k <= 6469567))

table 5 : explain SELECT k, c FROM sbtest5 WHERE k BETWEEN 6469467 AND 6469567
	Bitmap Heap Scan on sbtest5  (cost=5.44..393.31 rows=98 width=125)
	  Recheck Cond: ((k >= 6469467) AND (k <= 6469567))
	  ->  Bitmap Index Scan on k_5  (cost=0.00..5.42 rows=98 width=0)
	        Index Cond: ((k >= 6469467) AND (k <= 6469567))

table 6 : explain SELECT k, c FROM sbtest6 WHERE k BETWEEN 6469467 AND 6469567
	Bitmap Heap Scan on sbtest6  (cost=5.42..385.43 rows=96 width=125)
	  Recheck Cond: ((k >= 6469467) AND (k <= 6469567))
	  ->  Bitmap Index Scan on k_6  (cost=0.00..5.39 rows=96 width=0)
	        Index Cond: ((k >= 6469467) AND (k <= 6469567))

table 7 : explain SELECT k, c FROM sbtest7 WHERE k BETWEEN 6469467 AND 6469567
	Bitmap Heap Scan on sbtest7  (cost=5.54..432.69 rows=108 width=125)
	  Recheck Cond: ((k >= 6469467) AND (k <= 6469567))
	  ->  Bitmap Index Scan on k_7  (cost=0.00..5.51 rows=108 width=0)
	        Index Cond: ((k >= 6469467) AND (k <= 6469567))

table 8 : explain SELECT k, c FROM sbtest8 WHERE k BETWEEN 6469467 AND 6469567
	Bitmap Heap Scan on sbtest8  (cost=5.46..401.19 rows=100 width=125)
	  Recheck Cond: ((k >= 6469467) AND (k <= 6469567))
	  ->  Bitmap Index Scan on k_8  (cost=0.00..5.43 rows=100 width=0)
	        Index Cond: ((k >= 6469467) AND (k <= 6469567))

explain: for range-notcovered :: explain SELECT k, c FROM sbtest%d WHERE k BETWEEN 6469467 AND 6469567
for range-notcovered
table 1 : explain SELECT k, c FROM sbtest1 WHERE k BETWEEN 3197503 AND 3197603
	Bitmap Heap Scan on sbtest1  (cost=5.47..405.13 rows=101 width=125)
	  Recheck Cond: ((k >= 3197503) AND (k <= 3197603))
	  ->  Bitmap Index Scan on k_1  (cost=0.00..5.44 rows=101 width=0)
	        Index Cond: ((k >= 3197503) AND (k <= 3197603))

table 2 : explain SELECT k, c FROM sbtest2 WHERE k BETWEEN 3197503 AND 3197603
	Bitmap Heap Scan on sbtest2  (cost=5.51..420.88 rows=105 width=125)
	  Recheck Cond: ((k >= 3197503) AND (k <= 3197603))
	  ->  Bitmap Index Scan on k_2  (cost=0.00..5.48 rows=105 width=0)
	        Index Cond: ((k >= 3197503) AND (k <= 3197603))

table 3 : explain SELECT k, c FROM sbtest3 WHERE k BETWEEN 3197503 AND 3197603
	Bitmap Heap Scan on sbtest3  (cost=5.51..420.88 rows=105 width=125)
	  Recheck Cond: ((k >= 3197503) AND (k <= 3197603))
	  ->  Bitmap Index Scan on k_3  (cost=0.00..5.48 rows=105 width=0)
	        Index Cond: ((k >= 3197503) AND (k <= 3197603))

table 4 : explain SELECT k, c FROM sbtest4 WHERE k BETWEEN 3197503 AND 3197603
	Bitmap Heap Scan on sbtest4  (cost=5.39..373.61 rows=93 width=125)
	  Recheck Cond: ((k >= 3197503) AND (k <= 3197603))
	  ->  Bitmap Index Scan on k_4  (cost=0.00..5.36 rows=93 width=0)
	        Index Cond: ((k >= 3197503) AND (k <= 3197603))

table 5 : explain SELECT k, c FROM sbtest5 WHERE k BETWEEN 3197503 AND 3197603
	Bitmap Heap Scan on sbtest5  (cost=5.43..389.37 rows=97 width=125)
	  Recheck Cond: ((k >= 3197503) AND (k <= 3197603))
	  ->  Bitmap Index Scan on k_5  (cost=0.00..5.40 rows=97 width=0)
	        Index Cond: ((k >= 3197503) AND (k <= 3197603))

table 6 : explain SELECT k, c FROM sbtest6 WHERE k BETWEEN 3197503 AND 3197603
	Bitmap Heap Scan on sbtest6  (cost=5.44..393.31 rows=98 width=125)
	  Recheck Cond: ((k >= 3197503) AND (k <= 3197603))
	  ->  Bitmap Index Scan on k_6  (cost=0.00..5.42 rows=98 width=0)
	        Index Cond: ((k >= 3197503) AND (k <= 3197603))

table 7 : explain SELECT k, c FROM sbtest7 WHERE k BETWEEN 3197503 AND 3197603
	Bitmap Heap Scan on sbtest7  (cost=5.41..381.49 rows=95 width=125)
	  Recheck Cond: ((k >= 3197503) AND (k <= 3197603))
	  ->  Bitmap Index Scan on k_7  (cost=0.00..5.38 rows=95 width=0)
	        Index Cond: ((k >= 3197503) AND (k <= 3197603))

table 8 : explain SELECT k, c FROM sbtest8 WHERE k BETWEEN 3197503 AND 3197603
	Bitmap Heap Scan on sbtest8  (cost=5.54..432.69 rows=108 width=125)
	  Recheck Cond: ((k >= 3197503) AND (k <= 3197603))
	  ->  Bitmap Index Scan on k_8  (cost=0.00..5.51 rows=108 width=0)
	        Index Cond: ((k >= 3197503) AND (k <= 3197603))

for range-notcovered
table 1 : explain SELECT k, c FROM sbtest1 WHERE k BETWEEN 2007202 AND 2007302
	Bitmap Heap Scan on sbtest1  (cost=5.38..369.67 rows=92 width=125)
	  Recheck Cond: ((k >= 2007202) AND (k <= 2007302))
	  ->  Bitmap Index Scan on k_1  (cost=0.00..5.35 rows=92 width=0)
	        Index Cond: ((k >= 2007202) AND (k <= 2007302))

table 2 : explain SELECT k, c FROM sbtest2 WHERE k BETWEEN 2007202 AND 2007302
	Bitmap Heap Scan on sbtest2  (cost=5.45..397.25 rows=99 width=125)
	  Recheck Cond: ((k >= 2007202) AND (k <= 2007302))
	  ->  Bitmap Index Scan on k_2  (cost=0.00..5.42 rows=99 width=0)
	        Index Cond: ((k >= 2007202) AND (k <= 2007302))

table 3 : explain SELECT k, c FROM sbtest3 WHERE k BETWEEN 2007202 AND 2007302
	Bitmap Heap Scan on sbtest3  (cost=5.39..373.61 rows=93 width=125)
	  Recheck Cond: ((k >= 2007202) AND (k <= 2007302))
	  ->  Bitmap Index Scan on k_3  (cost=0.00..5.36 rows=93 width=0)
	        Index Cond: ((k >= 2007202) AND (k <= 2007302))

table 4 : explain SELECT k, c FROM sbtest4 WHERE k BETWEEN 2007202 AND 2007302
	Bitmap Heap Scan on sbtest4  (cost=5.60..456.29 rows=114 width=125)
	  Recheck Cond: ((k >= 2007202) AND (k <= 2007302))
	  ->  Bitmap Index Scan on k_4  (cost=0.00..5.58 rows=114 width=0)
	        Index Cond: ((k >= 2007202) AND (k <= 2007302))

table 5 : explain SELECT k, c FROM sbtest5 WHERE k BETWEEN 2007202 AND 2007302
	Bitmap Heap Scan on sbtest5  (cost=5.49..413.00 rows=103 width=125)
	  Recheck Cond: ((k >= 2007202) AND (k <= 2007302))
	  ->  Bitmap Index Scan on k_5  (cost=0.00..5.46 rows=103 width=0)
	        Index Cond: ((k >= 2007202) AND (k <= 2007302))

table 6 : explain SELECT k, c FROM sbtest6 WHERE k BETWEEN 2007202 AND 2007302
	Bitmap Heap Scan on sbtest6  (cost=5.50..416.94 rows=104 width=125)
	  Recheck Cond: ((k >= 2007202) AND (k <= 2007302))
	  ->  Bitmap Index Scan on k_6  (cost=0.00..5.47 rows=104 width=0)
	        Index Cond: ((k >= 2007202) AND (k <= 2007302))

table 7 : explain SELECT k, c FROM sbtest7 WHERE k BETWEEN 2007202 AND 2007302
	Bitmap Heap Scan on sbtest7  (cost=5.38..369.67 rows=92 width=125)
	  Recheck Cond: ((k >= 2007202) AND (k <= 2007302))
	  ->  Bitmap Index Scan on k_7  (cost=0.00..5.35 rows=92 width=0)
	        Index Cond: ((k >= 2007202) AND (k <= 2007302))

table 8 : explain SELECT k, c FROM sbtest8 WHERE k BETWEEN 2007202 AND 2007302
	Bitmap Heap Scan on sbtest8  (cost=5.41..381.49 rows=95 width=125)
	  Recheck Cond: ((k >= 2007202) AND (k <= 2007302))
	  ->  Bitmap Index Scan on k_8  (cost=0.00..5.38 rows=95 width=0)
	        Index Cond: ((k >= 2007202) AND (k <= 2007302))

explain: for range-notcovered :: explain SELECT k, c FROM sbtest%d WHERE k BETWEEN 3197503 AND 3197603
for range-notcovered
table 1 : explain SELECT k, c FROM sbtest1 WHERE k BETWEEN 2742762 AND 2742862
	Bitmap Heap Scan on sbtest1  (cost=5.40..377.55 rows=94 width=125)
	  Recheck Cond: ((k >= 2742762) AND (k <= 2742862))
	  ->  Bitmap Index Scan on k_1  (cost=0.00..5.38 rows=94 width=0)
	        Index Cond: ((k >= 2742762) AND (k <= 2742862))

table 2 : explain SELECT k, c FROM sbtest2 WHERE k BETWEEN 2742762 AND 2742862
	Bitmap Heap Scan on sbtest2  (cost=5.62..464.15 rows=116 width=125)
	  Recheck Cond: ((k >= 2742762) AND (k <= 2742862))
	  ->  Bitmap Index Scan on k_2  (cost=0.00..5.59 rows=116 width=0)
	        Index Cond: ((k >= 2742762) AND (k <= 2742862))

table 3 : explain SELECT k, c FROM sbtest3 WHERE k BETWEEN 2742762 AND 2742862
	Bitmap Heap Scan on sbtest3  (cost=5.57..444.49 rows=111 width=125)
	  Recheck Cond: ((k >= 2742762) AND (k <= 2742862))
	  ->  Bitmap Index Scan on k_3  (cost=0.00..5.54 rows=111 width=0)
	        Index Cond: ((k >= 2742762) AND (k <= 2742862))

table 4 : explain SELECT k, c FROM sbtest4 WHERE k BETWEEN 2742762 AND 2742862
	Bitmap Heap Scan on sbtest4  (cost=5.49..413.00 rows=103 width=125)
	  Recheck Cond: ((k >= 2742762) AND (k <= 2742862))
	  ->  Bitmap Index Scan on k_4  (cost=0.00..5.46 rows=103 width=0)
	        Index Cond: ((k >= 2742762) AND (k <= 2742862))

table 5 : explain SELECT k, c FROM sbtest5 WHERE k BETWEEN 2742762 AND 2742862
	Bitmap Heap Scan on sbtest5  (cost=5.44..393.31 rows=98 width=125)
	  Recheck Cond: ((k >= 2742762) AND (k <= 2742862))
	  ->  Bitmap Index Scan on k_5  (cost=0.00..5.42 rows=98 width=0)
	        Index Cond: ((k >= 2742762) AND (k <= 2742862))

table 6 : explain SELECT k, c FROM sbtest6 WHERE k BETWEEN 2742762 AND 2742862
	Bitmap Heap Scan on sbtest6  (cost=5.42..385.43 rows=96 width=125)
	  Recheck Cond: ((k >= 2742762) AND (k <= 2742862))
	  ->  Bitmap Index Scan on k_6  (cost=0.00..5.39 rows=96 width=0)
	        Index Cond: ((k >= 2742762) AND (k <= 2742862))

table 7 : explain SELECT k, c FROM sbtest7 WHERE k BETWEEN 2742762 AND 2742862
	Bitmap Heap Scan on sbtest7  (cost=5.51..420.88 rows=105 width=125)
	  Recheck Cond: ((k >= 2742762) AND (k <= 2742862))
	  ->  Bitmap Index Scan on k_7  (cost=0.00..5.48 rows=105 width=0)
	        Index Cond: ((k >= 2742762) AND (k <= 2742862))

table 8 : explain SELECT k, c FROM sbtest8 WHERE k BETWEEN 2742762 AND 2742862
	Bitmap Heap Scan on sbtest8  (cost=5.47..405.13 rows=101 width=125)
	  Recheck Cond: ((k >= 2742762) AND (k <= 2742862))
	  ->  Bitmap Index Scan on k_8  (cost=0.00..5.44 rows=101 width=0)
	        Index Cond: ((k >= 2742762) AND (k <= 2742862))

explain: for range-notcovered :: explain SELECT k, c FROM sbtest%d WHERE k BETWEEN 2007202 AND 2007302
explain: for range-notcovered :: explain SELECT k, c FROM sbtest%d WHERE k BETWEEN 2742762 AND 2742862
for range-notcovered
table 1 : explain SELECT k, c FROM sbtest1 WHERE k BETWEEN 9138212 AND 9138312
	Bitmap Heap Scan on sbtest1  (cost=5.41..381.49 rows=95 width=125)
	  Recheck Cond: ((k >= 9138212) AND (k <= 9138312))
	  ->  Bitmap Index Scan on k_1  (cost=0.00..5.38 rows=95 width=0)
	        Index Cond: ((k >= 9138212) AND (k <= 9138312))

table 2 : explain SELECT k, c FROM sbtest2 WHERE k BETWEEN 9138212 AND 9138312
	Bitmap Heap Scan on sbtest2  (cost=5.56..440.56 rows=110 width=125)
	  Recheck Cond: ((k >= 9138212) AND (k <= 9138312))
	  ->  Bitmap Index Scan on k_2  (cost=0.00..5.53 rows=110 width=0)
	        Index Cond: ((k >= 9138212) AND (k <= 9138312))

table 3 : explain SELECT k, c FROM sbtest3 WHERE k BETWEEN 9138212 AND 9138312
	Bitmap Heap Scan on sbtest3  (cost=5.45..397.25 rows=99 width=125)
	  Recheck Cond: ((k >= 9138212) AND (k <= 9138312))
	  ->  Bitmap Index Scan on k_3  (cost=0.00..5.42 rows=99 width=0)
	        Index Cond: ((k >= 9138212) AND (k <= 9138312))

table 4 : explain SELECT k, c FROM sbtest4 WHERE k BETWEEN 9138212 AND 9138312
	Bitmap Heap Scan on sbtest4  (cost=5.42..385.43 rows=96 width=125)
	  Recheck Cond: ((k >= 9138212) AND (k <= 9138312))
	  ->  Bitmap Index Scan on k_4  (cost=0.00..5.39 rows=96 width=0)
	        Index Cond: ((k >= 9138212) AND (k <= 9138312))

table 5 : explain SELECT k, c FROM sbtest5 WHERE k BETWEEN 9138212 AND 9138312
	Bitmap Heap Scan on sbtest5  (cost=5.46..401.19 rows=100 width=125)
	  Recheck Cond: ((k >= 9138212) AND (k <= 9138312))
	  ->  Bitmap Index Scan on k_5  (cost=0.00..5.43 rows=100 width=0)
	        Index Cond: ((k >= 9138212) AND (k <= 9138312))

table 6 : explain SELECT k, c FROM sbtest6 WHERE k BETWEEN 9138212 AND 9138312
	Bitmap Heap Scan on sbtest6  (cost=5.48..409.07 rows=102 width=125)
	  Recheck Cond: ((k >= 9138212) AND (k <= 9138312))
	  ->  Bitmap Index Scan on k_6  (cost=0.00..5.45 rows=102 width=0)
	        Index Cond: ((k >= 9138212) AND (k <= 9138312))

table 7 : explain SELECT k, c FROM sbtest7 WHERE k BETWEEN 9138212 AND 9138312
	Bitmap Heap Scan on sbtest7  (cost=5.43..389.37 rows=97 width=125)
	  Recheck Cond: ((k >= 9138212) AND (k <= 9138312))
	  ->  Bitmap Index Scan on k_7  (cost=0.00..5.40 rows=97 width=0)
	        Index Cond: ((k >= 9138212) AND (k <= 9138312))

table 8 : explain SELECT k, c FROM sbtest8 WHERE k BETWEEN 9138212 AND 9138312
	Bitmap Heap Scan on sbtest8  (cost=5.41..381.49 rows=95 width=125)
	  Recheck Cond: ((k >= 9138212) AND (k <= 9138312))
	  ->  Bitmap Index Scan on k_8  (cost=0.00..5.38 rows=95 width=0)
	        Index Cond: ((k >= 9138212) AND (k <= 9138312))

for range-notcovered
table 1 : explain SELECT k, c FROM sbtest1 WHERE k BETWEEN 6469467 AND 6469567
	Bitmap Heap Scan on sbtest1  (cost=5.53..428.75 rows=107 width=125)
	  Recheck Cond: ((k >= 6469467) AND (k <= 6469567))
	  ->  Bitmap Index Scan on k_1  (cost=0.00..5.50 rows=107 width=0)
	        Index Cond: ((k >= 6469467) AND (k <= 6469567))

table 2 : explain SELECT k, c FROM sbtest2 WHERE k BETWEEN 6469467 AND 6469567
	Bitmap Heap Scan on sbtest2  (cost=5.44..393.31 rows=98 width=125)
	  Recheck Cond: ((k >= 6469467) AND (k <= 6469567))
	  ->  Bitmap Index Scan on k_2  (cost=0.00..5.42 rows=98 width=0)
	        Index Cond: ((k >= 6469467) AND (k <= 6469567))

table 3 : explain SELECT k, c FROM sbtest3 WHERE k BETWEEN 6469467 AND 6469567
	Bitmap Heap Scan on sbtest3  (cost=5.44..393.31 rows=98 width=125)
	  Recheck Cond: ((k >= 6469467) AND (k <= 6469567))
	  ->  Bitmap Index Scan on k_3  (cost=0.00..5.42 rows=98 width=0)
	        Index Cond: ((k >= 6469467) AND (k <= 6469567))

table 4 : explain SELECT k, c FROM sbtest4 WHERE k BETWEEN 6469467 AND 6469567
	Bitmap Heap Scan on sbtest4  (cost=5.56..440.56 rows=110 width=125)
	  Recheck Cond: ((k >= 6469467) AND (k <= 6469567))
	  ->  Bitmap Index Scan on k_4  (cost=0.00..5.53 rows=110 width=0)
	        Index Cond: ((k >= 6469467) AND (k <= 6469567))

table 5 : explain SELECT k, c FROM sbtest5 WHERE k BETWEEN 6469467 AND 6469567
	Bitmap Heap Scan on sbtest5  (cost=5.44..393.31 rows=98 width=125)
	  Recheck Cond: ((k >= 6469467) AND (k <= 6469567))
	  ->  Bitmap Index Scan on k_5  (cost=0.00..5.42 rows=98 width=0)
	        Index Cond: ((k >= 6469467) AND (k <= 6469567))

table 6 : explain SELECT k, c FROM sbtest6 WHERE k BETWEEN 6469467 AND 6469567
	Bitmap Heap Scan on sbtest6  (cost=5.42..385.43 rows=96 width=125)
	  Recheck Cond: ((k >= 6469467) AND (k <= 6469567))
	  ->  Bitmap Index Scan on k_6  (cost=0.00..5.39 rows=96 width=0)
	        Index Cond: ((k >= 6469467) AND (k <= 6469567))

table 7 : explain SELECT k, c FROM sbtest7 WHERE k BETWEEN 6469467 AND 6469567
	Bitmap Heap Scan on sbtest7  (cost=5.54..432.69 rows=108 width=125)
	  Recheck Cond: ((k >= 6469467) AND (k <= 6469567))
	  ->  Bitmap Index Scan on k_7  (cost=0.00..5.51 rows=108 width=0)
	        Index Cond: ((k >= 6469467) AND (k <= 6469567))

table 8 : explain SELECT k, c FROM sbtest8 WHERE k BETWEEN 6469467 AND 6469567
	Bitmap Heap Scan on sbtest8  (cost=5.46..401.19 rows=100 width=125)
	  Recheck Cond: ((k >= 6469467) AND (k <= 6469567))
	  ->  Bitmap Index Scan on k_8  (cost=0.00..5.43 rows=100 width=0)
	        Index Cond: ((k >= 6469467) AND (k <= 6469567))

explain: for range-notcovered :: explain SELECT k, c FROM sbtest%d WHERE k BETWEEN 9138212 AND 9138312
for range-notcovered
table 1 : explain SELECT k, c FROM sbtest1 WHERE k BETWEEN 7628100 AND 7628200
	Bitmap Heap Scan on sbtest1  (cost=5.50..416.94 rows=104 width=125)
	  Recheck Cond: ((k >= 7628100) AND (k <= 7628200))
	  ->  Bitmap Index Scan on k_1  (cost=0.00..5.47 rows=104 width=0)
	        Index Cond: ((k >= 7628100) AND (k <= 7628200))

table 2 : explain SELECT k, c FROM sbtest2 WHERE k BETWEEN 7628100 AND 7628200
	Bitmap Heap Scan on sbtest2  (cost=5.45..397.25 rows=99 width=125)
	  Recheck Cond: ((k >= 7628100) AND (k <= 7628200))
	  ->  Bitmap Index Scan on k_2  (cost=0.00..5.42 rows=99 width=0)
	        Index Cond: ((k >= 7628100) AND (k <= 7628200))

table 3 : explain SELECT k, c FROM sbtest3 WHERE k BETWEEN 7628100 AND 7628200
	Bitmap Heap Scan on sbtest3  (cost=5.51..420.88 rows=105 width=125)
	  Recheck Cond: ((k >= 7628100) AND (k <= 7628200))
	  ->  Bitmap Index Scan on k_3  (cost=0.00..5.48 rows=105 width=0)
	        Index Cond: ((k >= 7628100) AND (k <= 7628200))

table 4 : explain SELECT k, c FROM sbtest4 WHERE k BETWEEN 7628100 AND 7628200
	Bitmap Heap Scan on sbtest4  (cost=5.56..440.56 rows=110 width=125)
	  Recheck Cond: ((k >= 7628100) AND (k <= 7628200))
	  ->  Bitmap Index Scan on k_4  (cost=0.00..5.53 rows=110 width=0)
	        Index Cond: ((k >= 7628100) AND (k <= 7628200))

table 5 : explain SELECT k, c FROM sbtest5 WHERE k BETWEEN 7628100 AND 7628200
	Bitmap Heap Scan on sbtest5  (cost=5.49..413.00 rows=103 width=125)
	  Recheck Cond: ((k >= 7628100) AND (k <= 7628200))
	  ->  Bitmap Index Scan on k_5  (cost=0.00..5.46 rows=103 width=0)
	        Index Cond: ((k >= 7628100) AND (k <= 7628200))

table 6 : explain SELECT k, c FROM sbtest6 WHERE k BETWEEN 7628100 AND 7628200
	Bitmap Heap Scan on sbtest6  (cost=5.46..401.19 rows=100 width=125)
	  Recheck Cond: ((k >= 7628100) AND (k <= 7628200))
	  ->  Bitmap Index Scan on k_6  (cost=0.00..5.43 rows=100 width=0)
	        Index Cond: ((k >= 7628100) AND (k <= 7628200))

table 7 : explain SELECT k, c FROM sbtest7 WHERE k BETWEEN 7628100 AND 7628200
	Bitmap Heap Scan on sbtest7  (cost=5.60..456.29 rows=114 width=125)
	  Recheck Cond: ((k >= 7628100) AND (k <= 7628200))
	  ->  Bitmap Index Scan on k_7  (cost=0.00..5.58 rows=114 width=0)
	        Index Cond: ((k >= 7628100) AND (k <= 7628200))

table 8 : explain SELECT k, c FROM sbtest8 WHERE k BETWEEN 7628100 AND 7628200
	Bitmap Heap Scan on sbtest8  (cost=5.53..428.75 rows=107 width=125)
	  Recheck Cond: ((k >= 7628100) AND (k <= 7628200))
	  ->  Bitmap Index Scan on k_8  (cost=0.00..5.50 rows=107 width=0)
	        Index Cond: ((k >= 7628100) AND (k <= 7628200))

explain: for range-notcovered :: explain SELECT k, c FROM sbtest%d WHERE k BETWEEN 6469467 AND 6469567
explain: for range-notcovered :: explain SELECT k, c FROM sbtest%d WHERE k BETWEEN 7628100 AND 7628200
for range-notcovered
table 1 : explain SELECT k, c FROM sbtest1 WHERE k BETWEEN 3197503 AND 3197603
	Bitmap Heap Scan on sbtest1  (cost=5.47..405.13 rows=101 width=125)
	  Recheck Cond: ((k >= 3197503) AND (k <= 3197603))
	  ->  Bitmap Index Scan on k_1  (cost=0.00..5.44 rows=101 width=0)
	        Index Cond: ((k >= 3197503) AND (k <= 3197603))

table 2 : explain SELECT k, c FROM sbtest2 WHERE k BETWEEN 3197503 AND 3197603
	Bitmap Heap Scan on sbtest2  (cost=5.51..420.88 rows=105 width=125)
	  Recheck Cond: ((k >= 3197503) AND (k <= 3197603))
	  ->  Bitmap Index Scan on k_2  (cost=0.00..5.48 rows=105 width=0)
	        Index Cond: ((k >= 3197503) AND (k <= 3197603))

table 3 : explain SELECT k, c FROM sbtest3 WHERE k BETWEEN 3197503 AND 3197603
	Bitmap Heap Scan on sbtest3  (cost=5.51..420.88 rows=105 width=125)
	  Recheck Cond: ((k >= 3197503) AND (k <= 3197603))
	  ->  Bitmap Index Scan on k_3  (cost=0.00..5.48 rows=105 width=0)
	        Index Cond: ((k >= 3197503) AND (k <= 3197603))

table 4 : explain SELECT k, c FROM sbtest4 WHERE k BETWEEN 3197503 AND 3197603
	Bitmap Heap Scan on sbtest4  (cost=5.39..373.61 rows=93 width=125)
	  Recheck Cond: ((k >= 3197503) AND (k <= 3197603))
	  ->  Bitmap Index Scan on k_4  (cost=0.00..5.36 rows=93 width=0)
	        Index Cond: ((k >= 3197503) AND (k <= 3197603))

table 5 : explain SELECT k, c FROM sbtest5 WHERE k BETWEEN 3197503 AND 3197603
	Bitmap Heap Scan on sbtest5  (cost=5.43..389.37 rows=97 width=125)
	  Recheck Cond: ((k >= 3197503) AND (k <= 3197603))
	  ->  Bitmap Index Scan on k_5  (cost=0.00..5.40 rows=97 width=0)
	        Index Cond: ((k >= 3197503) AND (k <= 3197603))

table 6 : explain SELECT k, c FROM sbtest6 WHERE k BETWEEN 3197503 AND 3197603
	Bitmap Heap Scan on sbtest6  (cost=5.44..393.31 rows=98 width=125)
	  Recheck Cond: ((k >= 3197503) AND (k <= 3197603))
	  ->  Bitmap Index Scan on k_6  (cost=0.00..5.42 rows=98 width=0)
	        Index Cond: ((k >= 3197503) AND (k <= 3197603))

table 7 : explain SELECT k, c FROM sbtest7 WHERE k BETWEEN 3197503 AND 3197603
	Bitmap Heap Scan on sbtest7  (cost=5.41..381.49 rows=95 width=125)
	  Recheck Cond: ((k >= 3197503) AND (k <= 3197603))
	  ->  Bitmap Index Scan on k_7  (cost=0.00..5.38 rows=95 width=0)
	        Index Cond: ((k >= 3197503) AND (k <= 3197603))

table 8 : explain SELECT k, c FROM sbtest8 WHERE k BETWEEN 3197503 AND 3197603
	Bitmap Heap Scan on sbtest8  (cost=5.54..432.69 rows=108 width=125)
	  Recheck Cond: ((k >= 3197503) AND (k <= 3197603))
	  ->  Bitmap Index Scan on k_8  (cost=0.00..5.51 rows=108 width=0)
	        Index Cond: ((k >= 3197503) AND (k <= 3197603))

for range-notcovered
table 1 : explain SELECT k, c FROM sbtest1 WHERE k BETWEEN 2742762 AND 2742862
	Bitmap Heap Scan on sbtest1  (cost=5.40..377.55 rows=94 width=125)
	  Recheck Cond: ((k >= 2742762) AND (k <= 2742862))
	  ->  Bitmap Index Scan on k_1  (cost=0.00..5.38 rows=94 width=0)
	        Index Cond: ((k >= 2742762) AND (k <= 2742862))

table 2 : explain SELECT k, c FROM sbtest2 WHERE k BETWEEN 2742762 AND 2742862
	Bitmap Heap Scan on sbtest2  (cost=5.62..464.15 rows=116 width=125)
	  Recheck Cond: ((k >= 2742762) AND (k <= 2742862))
	  ->  Bitmap Index Scan on k_2  (cost=0.00..5.59 rows=116 width=0)
	        Index Cond: ((k >= 2742762) AND (k <= 2742862))

table 3 : explain SELECT k, c FROM sbtest3 WHERE k BETWEEN 2742762 AND 2742862
	Bitmap Heap Scan on sbtest3  (cost=5.57..444.49 rows=111 width=125)
	  Recheck Cond: ((k >= 2742762) AND (k <= 2742862))
	  ->  Bitmap Index Scan on k_3  (cost=0.00..5.54 rows=111 width=0)
	        Index Cond: ((k >= 2742762) AND (k <= 2742862))

table 4 : explain SELECT k, c FROM sbtest4 WHERE k BETWEEN 2742762 AND 2742862
	Bitmap Heap Scan on sbtest4  (cost=5.49..413.00 rows=103 width=125)
	  Recheck Cond: ((k >= 2742762) AND (k <= 2742862))
	  ->  Bitmap Index Scan on k_4  (cost=0.00..5.46 rows=103 width=0)
	        Index Cond: ((k >= 2742762) AND (k <= 2742862))

table 5 : explain SELECT k, c FROM sbtest5 WHERE k BETWEEN 2742762 AND 2742862
	Bitmap Heap Scan on sbtest5  (cost=5.44..393.31 rows=98 width=125)
	  Recheck Cond: ((k >= 2742762) AND (k <= 2742862))
	  ->  Bitmap Index Scan on k_5  (cost=0.00..5.42 rows=98 width=0)
	        Index Cond: ((k >= 2742762) AND (k <= 2742862))

table 6 : explain SELECT k, c FROM sbtest6 WHERE k BETWEEN 2742762 AND 2742862
	Bitmap Heap Scan on sbtest6  (cost=5.42..385.43 rows=96 width=125)
	  Recheck Cond: ((k >= 2742762) AND (k <= 2742862))
	  ->  Bitmap Index Scan on k_6  (cost=0.00..5.39 rows=96 width=0)
	        Index Cond: ((k >= 2742762) AND (k <= 2742862))

table 7 : explain SELECT k, c FROM sbtest7 WHERE k BETWEEN 2742762 AND 2742862
	Bitmap Heap Scan on sbtest7  (cost=5.51..420.88 rows=105 width=125)
	  Recheck Cond: ((k >= 2742762) AND (k <= 2742862))
	  ->  Bitmap Index Scan on k_7  (cost=0.00..5.48 rows=105 width=0)
	        Index Cond: ((k >= 2742762) AND (k <= 2742862))

table 8 : explain SELECT k, c FROM sbtest8 WHERE k BETWEEN 2742762 AND 2742862
	Bitmap Heap Scan on sbtest8  (cost=5.47..405.13 rows=101 width=125)
	  Recheck Cond: ((k >= 2742762) AND (k <= 2742862))
	  ->  Bitmap Index Scan on k_8  (cost=0.00..5.44 rows=101 width=0)
	        Index Cond: ((k >= 2742762) AND (k <= 2742862))

for range-notcovered
table 1 : explain SELECT k, c FROM sbtest1 WHERE k BETWEEN 2007202 AND 2007302
	Bitmap Heap Scan on sbtest1  (cost=5.38..369.67 rows=92 width=125)
	  Recheck Cond: ((k >= 2007202) AND (k <= 2007302))
	  ->  Bitmap Index Scan on k_1  (cost=0.00..5.35 rows=92 width=0)
	        Index Cond: ((k >= 2007202) AND (k <= 2007302))

table 2 : explain SELECT k, c FROM sbtest2 WHERE k BETWEEN 2007202 AND 2007302
	Bitmap Heap Scan on sbtest2  (cost=5.45..397.25 rows=99 width=125)
	  Recheck Cond: ((k >= 2007202) AND (k <= 2007302))
	  ->  Bitmap Index Scan on k_2  (cost=0.00..5.42 rows=99 width=0)
	        Index Cond: ((k >= 2007202) AND (k <= 2007302))

table 3 : explain SELECT k, c FROM sbtest3 WHERE k BETWEEN 2007202 AND 2007302
	Bitmap Heap Scan on sbtest3  (cost=5.39..373.61 rows=93 width=125)
	  Recheck Cond: ((k >= 2007202) AND (k <= 2007302))
	  ->  Bitmap Index Scan on k_3  (cost=0.00..5.36 rows=93 width=0)
	        Index Cond: ((k >= 2007202) AND (k <= 2007302))

table 4 : explain SELECT k, c FROM sbtest4 WHERE k BETWEEN 2007202 AND 2007302
	Bitmap Heap Scan on sbtest4  (cost=5.60..456.29 rows=114 width=125)
	  Recheck Cond: ((k >= 2007202) AND (k <= 2007302))
	  ->  Bitmap Index Scan on k_4  (cost=0.00..5.58 rows=114 width=0)
	        Index Cond: ((k >= 2007202) AND (k <= 2007302))

table 5 : explain SELECT k, c FROM sbtest5 WHERE k BETWEEN 2007202 AND 2007302
	Bitmap Heap Scan on sbtest5  (cost=5.49..413.00 rows=103 width=125)
	  Recheck Cond: ((k >= 2007202) AND (k <= 2007302))
	  ->  Bitmap Index Scan on k_5  (cost=0.00..5.46 rows=103 width=0)
	        Index Cond: ((k >= 2007202) AND (k <= 2007302))

table 6 : explain SELECT k, c FROM sbtest6 WHERE k BETWEEN 2007202 AND 2007302
	Bitmap Heap Scan on sbtest6  (cost=5.50..416.94 rows=104 width=125)
	  Recheck Cond: ((k >= 2007202) AND (k <= 2007302))
	  ->  Bitmap Index Scan on k_6  (cost=0.00..5.47 rows=104 width=0)
	        Index Cond: ((k >= 2007202) AND (k <= 2007302))

table 7 : explain SELECT k, c FROM sbtest7 WHERE k BETWEEN 2007202 AND 2007302
	Bitmap Heap Scan on sbtest7  (cost=5.38..369.67 rows=92 width=125)
	  Recheck Cond: ((k >= 2007202) AND (k <= 2007302))
	  ->  Bitmap Index Scan on k_7  (cost=0.00..5.35 rows=92 width=0)
	        Index Cond: ((k >= 2007202) AND (k <= 2007302))

table 8 : explain SELECT k, c FROM sbtest8 WHERE k BETWEEN 2007202 AND 2007302
	Bitmap Heap Scan on sbtest8  (cost=5.41..381.49 rows=95 width=125)
	  Recheck Cond: ((k >= 2007202) AND (k <= 2007302))
	  ->  Bitmap Index Scan on k_8  (cost=0.00..5.38 rows=95 width=0)
	        Index Cond: ((k >= 2007202) AND (k <= 2007302))

explain: for range-notcovered :: explain SELECT k, c FROM sbtest%d WHERE k BETWEEN 3197503 AND 3197603
explain: for range-notcovered :: explain SELECT k, c FROM sbtest%d WHERE k BETWEEN 2742762 AND 2742862
explain: for range-notcovered :: explain SELECT k, c FROM sbtest%d WHERE k BETWEEN 2007202 AND 2007302
for range-notcovered
table 1 : explain SELECT k, c FROM sbtest1 WHERE k BETWEEN 6469467 AND 6469567
	Bitmap Heap Scan on sbtest1  (cost=5.53..428.75 rows=107 width=125)
	  Recheck Cond: ((k >= 6469467) AND (k <= 6469567))
	  ->  Bitmap Index Scan on k_1  (cost=0.00..5.50 rows=107 width=0)
	        Index Cond: ((k >= 6469467) AND (k <= 6469567))

table 2 : explain SELECT k, c FROM sbtest2 WHERE k BETWEEN 6469467 AND 6469567
	Bitmap Heap Scan on sbtest2  (cost=5.44..393.31 rows=98 width=125)
	  Recheck Cond: ((k >= 6469467) AND (k <= 6469567))
	  ->  Bitmap Index Scan on k_2  (cost=0.00..5.42 rows=98 width=0)
	        Index Cond: ((k >= 6469467) AND (k <= 6469567))

table 3 : explain SELECT k, c FROM sbtest3 WHERE k BETWEEN 6469467 AND 6469567
	Bitmap Heap Scan on sbtest3  (cost=5.44..393.31 rows=98 width=125)
	  Recheck Cond: ((k >= 6469467) AND (k <= 6469567))
	  ->  Bitmap Index Scan on k_3  (cost=0.00..5.42 rows=98 width=0)
	        Index Cond: ((k >= 6469467) AND (k <= 6469567))

table 4 : explain SELECT k, c FROM sbtest4 WHERE k BETWEEN 6469467 AND 6469567
	Bitmap Heap Scan on sbtest4  (cost=5.56..440.56 rows=110 width=125)
	  Recheck Cond: ((k >= 6469467) AND (k <= 6469567))
	  ->  Bitmap Index Scan on k_4  (cost=0.00..5.53 rows=110 width=0)
	        Index Cond: ((k >= 6469467) AND (k <= 6469567))

table 5 : explain SELECT k, c FROM sbtest5 WHERE k BETWEEN 6469467 AND 6469567
	Bitmap Heap Scan on sbtest5  (cost=5.44..393.31 rows=98 width=125)
	  Recheck Cond: ((k >= 6469467) AND (k <= 6469567))
	  ->  Bitmap Index Scan on k_5  (cost=0.00..5.42 rows=98 width=0)
	        Index Cond: ((k >= 6469467) AND (k <= 6469567))

table 6 : explain SELECT k, c FROM sbtest6 WHERE k BETWEEN 6469467 AND 6469567
	Bitmap Heap Scan on sbtest6  (cost=5.42..385.43 rows=96 width=125)
	  Recheck Cond: ((k >= 6469467) AND (k <= 6469567))
	  ->  Bitmap Index Scan on k_6  (cost=0.00..5.39 rows=96 width=0)
	        Index Cond: ((k >= 6469467) AND (k <= 6469567))

table 7 : explain SELECT k, c FROM sbtest7 WHERE k BETWEEN 6469467 AND 6469567
	Bitmap Heap Scan on sbtest7  (cost=5.54..432.69 rows=108 width=125)
	  Recheck Cond: ((k >= 6469467) AND (k <= 6469567))
	  ->  Bitmap Index Scan on k_7  (cost=0.00..5.51 rows=108 width=0)
	        Index Cond: ((k >= 6469467) AND (k <= 6469567))

table 8 : explain SELECT k, c FROM sbtest8 WHERE k BETWEEN 6469467 AND 6469567
	Bitmap Heap Scan on sbtest8  (cost=5.46..401.19 rows=100 width=125)
	  Recheck Cond: ((k >= 6469467) AND (k <= 6469567))
	  ->  Bitmap Index Scan on k_8  (cost=0.00..5.43 rows=100 width=0)
	        Index Cond: ((k >= 6469467) AND (k <= 6469567))

explain: for range-notcovered :: explain SELECT k, c FROM sbtest%d WHERE k BETWEEN 6905786 AND 6905886
explain: for range-notcovered :: explain SELECT k, c FROM sbtest%d WHERE k BETWEEN 6469467 AND 6469567
for range-notcovered
table 1 : explain SELECT k, c FROM sbtest1 WHERE k BETWEEN 7628100 AND 7628200
	Bitmap Heap Scan on sbtest1  (cost=5.50..416.94 rows=104 width=125)
	  Recheck Cond: ((k >= 7628100) AND (k <= 7628200))
	  ->  Bitmap Index Scan on k_1  (cost=0.00..5.47 rows=104 width=0)
	        Index Cond: ((k >= 7628100) AND (k <= 7628200))

table 2 : explain SELECT k, c FROM sbtest2 WHERE k BETWEEN 7628100 AND 7628200
	Bitmap Heap Scan on sbtest2  (cost=5.45..397.25 rows=99 width=125)
	  Recheck Cond: ((k >= 7628100) AND (k <= 7628200))
	  ->  Bitmap Index Scan on k_2  (cost=0.00..5.42 rows=99 width=0)
	        Index Cond: ((k >= 7628100) AND (k <= 7628200))

table 3 : explain SELECT k, c FROM sbtest3 WHERE k BETWEEN 7628100 AND 7628200
	Bitmap Heap Scan on sbtest3  (cost=5.51..420.88 rows=105 width=125)
	  Recheck Cond: ((k >= 7628100) AND (k <= 7628200))
	  ->  Bitmap Index Scan on k_3  (cost=0.00..5.48 rows=105 width=0)
	        Index Cond: ((k >= 7628100) AND (k <= 7628200))

table 4 : explain SELECT k, c FROM sbtest4 WHERE k BETWEEN 7628100 AND 7628200
	Bitmap Heap Scan on sbtest4  (cost=5.56..440.56 rows=110 width=125)
	  Recheck Cond: ((k >= 7628100) AND (k <= 7628200))
	  ->  Bitmap Index Scan on k_4  (cost=0.00..5.53 rows=110 width=0)
	        Index Cond: ((k >= 7628100) AND (k <= 7628200))

table 5 : explain SELECT k, c FROM sbtest5 WHERE k BETWEEN 7628100 AND 7628200
	Bitmap Heap Scan on sbtest5  (cost=5.49..413.00 rows=103 width=125)
	  Recheck Cond: ((k >= 7628100) AND (k <= 7628200))
	  ->  Bitmap Index Scan on k_5  (cost=0.00..5.46 rows=103 width=0)
	        Index Cond: ((k >= 7628100) AND (k <= 7628200))

table 6 : explain SELECT k, c FROM sbtest6 WHERE k BETWEEN 7628100 AND 7628200
	Bitmap Heap Scan on sbtest6  (cost=5.46..401.19 rows=100 width=125)
	  Recheck Cond: ((k >= 7628100) AND (k <= 7628200))
	  ->  Bitmap Index Scan on k_6  (cost=0.00..5.43 rows=100 width=0)
	        Index Cond: ((k >= 7628100) AND (k <= 7628200))

table 7 : explain SELECT k, c FROM sbtest7 WHERE k BETWEEN 7628100 AND 7628200
	Bitmap Heap Scan on sbtest7  (cost=5.60..456.29 rows=114 width=125)
	  Recheck Cond: ((k >= 7628100) AND (k <= 7628200))
	  ->  Bitmap Index Scan on k_7  (cost=0.00..5.58 rows=114 width=0)
	        Index Cond: ((k >= 7628100) AND (k <= 7628200))

table 8 : explain SELECT k, c FROM sbtest8 WHERE k BETWEEN 7628100 AND 7628200
	Bitmap Heap Scan on sbtest8  (cost=5.53..428.75 rows=107 width=125)
	  Recheck Cond: ((k >= 7628100) AND (k <= 7628200))
	  ->  Bitmap Index Scan on k_8  (cost=0.00..5.50 rows=107 width=0)
	        Index Cond: ((k >= 7628100) AND (k <= 7628200))

explain: for range-notcovered :: explain SELECT k, c FROM sbtest%d WHERE k BETWEEN 7628100 AND 7628200
for range-notcovered
table 1 : explain SELECT k, c FROM sbtest1 WHERE k BETWEEN 3197503 AND 3197603
	Bitmap Heap Scan on sbtest1  (cost=5.47..405.13 rows=101 width=125)
	  Recheck Cond: ((k >= 3197503) AND (k <= 3197603))
	  ->  Bitmap Index Scan on k_1  (cost=0.00..5.44 rows=101 width=0)
	        Index Cond: ((k >= 3197503) AND (k <= 3197603))

table 2 : explain SELECT k, c FROM sbtest2 WHERE k BETWEEN 3197503 AND 3197603
	Bitmap Heap Scan on sbtest2  (cost=5.51..420.88 rows=105 width=125)
	  Recheck Cond: ((k >= 3197503) AND (k <= 3197603))
	  ->  Bitmap Index Scan on k_2  (cost=0.00..5.48 rows=105 width=0)
	        Index Cond: ((k >= 3197503) AND (k <= 3197603))

table 3 : explain SELECT k, c FROM sbtest3 WHERE k BETWEEN 3197503 AND 3197603
	Bitmap Heap Scan on sbtest3  (cost=5.51..420.88 rows=105 width=125)
	  Recheck Cond: ((k >= 3197503) AND (k <= 3197603))
	  ->  Bitmap Index Scan on k_3  (cost=0.00..5.48 rows=105 width=0)
	        Index Cond: ((k >= 3197503) AND (k <= 3197603))

table 4 : explain SELECT k, c FROM sbtest4 WHERE k BETWEEN 3197503 AND 3197603
	Bitmap Heap Scan on sbtest4  (cost=5.39..373.61 rows=93 width=125)
	  Recheck Cond: ((k >= 3197503) AND (k <= 3197603))
	  ->  Bitmap Index Scan on k_4  (cost=0.00..5.36 rows=93 width=0)
	        Index Cond: ((k >= 3197503) AND (k <= 3197603))

table 5 : explain SELECT k, c FROM sbtest5 WHERE k BETWEEN 3197503 AND 3197603
	Bitmap Heap Scan on sbtest5  (cost=5.43..389.37 rows=97 width=125)
	  Recheck Cond: ((k >= 3197503) AND (k <= 3197603))
	  ->  Bitmap Index Scan on k_5  (cost=0.00..5.40 rows=97 width=0)
	        Index Cond: ((k >= 3197503) AND (k <= 3197603))

table 6 : explain SELECT k, c FROM sbtest6 WHERE k BETWEEN 3197503 AND 3197603
	Bitmap Heap Scan on sbtest6  (cost=5.44..393.31 rows=98 width=125)
	  Recheck Cond: ((k >= 3197503) AND (k <= 3197603))
	  ->  Bitmap Index Scan on k_6  (cost=0.00..5.42 rows=98 width=0)
	        Index Cond: ((k >= 3197503) AND (k <= 3197603))

table 7 : explain SELECT k, c FROM sbtest7 WHERE k BETWEEN 3197503 AND 3197603
	Bitmap Heap Scan on sbtest7  (cost=5.41..381.49 rows=95 width=125)
	  Recheck Cond: ((k >= 3197503) AND (k <= 3197603))
	  ->  Bitmap Index Scan on k_7  (cost=0.00..5.38 rows=95 width=0)
	        Index Cond: ((k >= 3197503) AND (k <= 3197603))

table 8 : explain SELECT k, c FROM sbtest8 WHERE k BETWEEN 3197503 AND 3197603
	Bitmap Heap Scan on sbtest8  (cost=5.54..432.69 rows=108 width=125)
	  Recheck Cond: ((k >= 3197503) AND (k <= 3197603))
	  ->  Bitmap Index Scan on k_8  (cost=0.00..5.51 rows=108 width=0)
	        Index Cond: ((k >= 3197503) AND (k <= 3197603))

for range-notcovered
table 1 : explain SELECT k, c FROM sbtest1 WHERE k BETWEEN 2742762 AND 2742862
	Bitmap Heap Scan on sbtest1  (cost=5.40..377.55 rows=94 width=125)
	  Recheck Cond: ((k >= 2742762) AND (k <= 2742862))
	  ->  Bitmap Index Scan on k_1  (cost=0.00..5.38 rows=94 width=0)
	        Index Cond: ((k >= 2742762) AND (k <= 2742862))

table 2 : explain SELECT k, c FROM sbtest2 WHERE k BETWEEN 2742762 AND 2742862
	Bitmap Heap Scan on sbtest2  (cost=5.62..464.15 rows=116 width=125)
	  Recheck Cond: ((k >= 2742762) AND (k <= 2742862))
	  ->  Bitmap Index Scan on k_2  (cost=0.00..5.59 rows=116 width=0)
	        Index Cond: ((k >= 2742762) AND (k <= 2742862))

table 3 : explain SELECT k, c FROM sbtest3 WHERE k BETWEEN 2742762 AND 2742862
	Bitmap Heap Scan on sbtest3  (cost=5.57..444.49 rows=111 width=125)
	  Recheck Cond: ((k >= 2742762) AND (k <= 2742862))
	  ->  Bitmap Index Scan on k_3  (cost=0.00..5.54 rows=111 width=0)
	        Index Cond: ((k >= 2742762) AND (k <= 2742862))

table 4 : explain SELECT k, c FROM sbtest4 WHERE k BETWEEN 2742762 AND 2742862
	Bitmap Heap Scan on sbtest4  (cost=5.49..413.00 rows=103 width=125)
	  Recheck Cond: ((k >= 2742762) AND (k <= 2742862))
	  ->  Bitmap Index Scan on k_4  (cost=0.00..5.46 rows=103 width=0)
	        Index Cond: ((k >= 2742762) AND (k <= 2742862))

table 5 : explain SELECT k, c FROM sbtest5 WHERE k BETWEEN 2742762 AND 2742862
	Bitmap Heap Scan on sbtest5  (cost=5.44..393.31 rows=98 width=125)
	  Recheck Cond: ((k >= 2742762) AND (k <= 2742862))
	  ->  Bitmap Index Scan on k_5  (cost=0.00..5.42 rows=98 width=0)
	        Index Cond: ((k >= 2742762) AND (k <= 2742862))

table 6 : explain SELECT k, c FROM sbtest6 WHERE k BETWEEN 2742762 AND 2742862
	Bitmap Heap Scan on sbtest6  (cost=5.42..385.43 rows=96 width=125)
	  Recheck Cond: ((k >= 2742762) AND (k <= 2742862))
	  ->  Bitmap Index Scan on k_6  (cost=0.00..5.39 rows=96 width=0)
	        Index Cond: ((k >= 2742762) AND (k <= 2742862))

table 7 : explain SELECT k, c FROM sbtest7 WHERE k BETWEEN 2742762 AND 2742862
	Bitmap Heap Scan on sbtest7  (cost=5.51..420.88 rows=105 width=125)
	  Recheck Cond: ((k >= 2742762) AND (k <= 2742862))
	  ->  Bitmap Index Scan on k_7  (cost=0.00..5.48 rows=105 width=0)
	        Index Cond: ((k >= 2742762) AND (k <= 2742862))

table 8 : explain SELECT k, c FROM sbtest8 WHERE k BETWEEN 2742762 AND 2742862
	Bitmap Heap Scan on sbtest8  (cost=5.47..405.13 rows=101 width=125)
	  Recheck Cond: ((k >= 2742762) AND (k <= 2742862))
	  ->  Bitmap Index Scan on k_8  (cost=0.00..5.44 rows=101 width=0)
	        Index Cond: ((k >= 2742762) AND (k <= 2742862))

for range-notcovered
table 1 : explain SELECT k, c FROM sbtest1 WHERE k BETWEEN 2007202 AND 2007302
	Bitmap Heap Scan on sbtest1  (cost=5.38..369.67 rows=92 width=125)
	  Recheck Cond: ((k >= 2007202) AND (k <= 2007302))
	  ->  Bitmap Index Scan on k_1  (cost=0.00..5.35 rows=92 width=0)
	        Index Cond: ((k >= 2007202) AND (k <= 2007302))

table 2 : explain SELECT k, c FROM sbtest2 WHERE k BETWEEN 2007202 AND 2007302
	Bitmap Heap Scan on sbtest2  (cost=5.45..397.25 rows=99 width=125)
	  Recheck Cond: ((k >= 2007202) AND (k <= 2007302))
	  ->  Bitmap Index Scan on k_2  (cost=0.00..5.42 rows=99 width=0)
	        Index Cond: ((k >= 2007202) AND (k <= 2007302))

table 3 : explain SELECT k, c FROM sbtest3 WHERE k BETWEEN 2007202 AND 2007302
	Bitmap Heap Scan on sbtest3  (cost=5.39..373.61 rows=93 width=125)
	  Recheck Cond: ((k >= 2007202) AND (k <= 2007302))
	  ->  Bitmap Index Scan on k_3  (cost=0.00..5.36 rows=93 width=0)
	        Index Cond: ((k >= 2007202) AND (k <= 2007302))

table 4 : explain SELECT k, c FROM sbtest4 WHERE k BETWEEN 2007202 AND 2007302
	Bitmap Heap Scan on sbtest4  (cost=5.60..456.29 rows=114 width=125)
	  Recheck Cond: ((k >= 2007202) AND (k <= 2007302))
	  ->  Bitmap Index Scan on k_4  (cost=0.00..5.58 rows=114 width=0)
	        Index Cond: ((k >= 2007202) AND (k <= 2007302))

table 5 : explain SELECT k, c FROM sbtest5 WHERE k BETWEEN 2007202 AND 2007302
	Bitmap Heap Scan on sbtest5  (cost=5.49..413.00 rows=103 width=125)
	  Recheck Cond: ((k >= 2007202) AND (k <= 2007302))
	  ->  Bitmap Index Scan on k_5  (cost=0.00..5.46 rows=103 width=0)
	        Index Cond: ((k >= 2007202) AND (k <= 2007302))

table 6 : explain SELECT k, c FROM sbtest6 WHERE k BETWEEN 2007202 AND 2007302
	Bitmap Heap Scan on sbtest6  (cost=5.50..416.94 rows=104 width=125)
	  Recheck Cond: ((k >= 2007202) AND (k <= 2007302))
	  ->  Bitmap Index Scan on k_6  (cost=0.00..5.47 rows=104 width=0)
	        Index Cond: ((k >= 2007202) AND (k <= 2007302))

table 7 : explain SELECT k, c FROM sbtest7 WHERE k BETWEEN 2007202 AND 2007302
	Bitmap Heap Scan on sbtest7  (cost=5.38..369.67 rows=92 width=125)
	  Recheck Cond: ((k >= 2007202) AND (k <= 2007302))
	  ->  Bitmap Index Scan on k_7  (cost=0.00..5.35 rows=92 width=0)
	        Index Cond: ((k >= 2007202) AND (k <= 2007302))

table 8 : explain SELECT k, c FROM sbtest8 WHERE k BETWEEN 2007202 AND 2007302
	Bitmap Heap Scan on sbtest8  (cost=5.41..381.49 rows=95 width=125)
	  Recheck Cond: ((k >= 2007202) AND (k <= 2007302))
	  ->  Bitmap Index Scan on k_8  (cost=0.00..5.38 rows=95 width=0)
	        Index Cond: ((k >= 2007202) AND (k <= 2007302))

explain: for range-notcovered :: explain SELECT k, c FROM sbtest%d WHERE k BETWEEN 3197503 AND 3197603
explain: for range-notcovered :: explain SELECT k, c FROM sbtest%d WHERE k BETWEEN 2742762 AND 2742862
explain: for range-notcovered :: explain SELECT k, c FROM sbtest%d WHERE k BETWEEN 2007202 AND 2007302
for range-notcovered
table 1 : explain SELECT k, c FROM sbtest1 WHERE k BETWEEN 9138212 AND 9138312
	Bitmap Heap Scan on sbtest1  (cost=5.41..381.49 rows=95 width=125)
	  Recheck Cond: ((k >= 9138212) AND (k <= 9138312))
	  ->  Bitmap Index Scan on k_1  (cost=0.00..5.38 rows=95 width=0)
	        Index Cond: ((k >= 9138212) AND (k <= 9138312))

table 2 : explain SELECT k, c FROM sbtest2 WHERE k BETWEEN 9138212 AND 9138312
	Bitmap Heap Scan on sbtest2  (cost=5.56..440.56 rows=110 width=125)
	  Recheck Cond: ((k >= 9138212) AND (k <= 9138312))
	  ->  Bitmap Index Scan on k_2  (cost=0.00..5.53 rows=110 width=0)
	        Index Cond: ((k >= 9138212) AND (k <= 9138312))

table 3 : explain SELECT k, c FROM sbtest3 WHERE k BETWEEN 9138212 AND 9138312
	Bitmap Heap Scan on sbtest3  (cost=5.45..397.25 rows=99 width=125)
	  Recheck Cond: ((k >= 9138212) AND (k <= 9138312))
	  ->  Bitmap Index Scan on k_3  (cost=0.00..5.42 rows=99 width=0)
	        Index Cond: ((k >= 9138212) AND (k <= 9138312))

table 4 : explain SELECT k, c FROM sbtest4 WHERE k BETWEEN 9138212 AND 9138312
	Bitmap Heap Scan on sbtest4  (cost=5.42..385.43 rows=96 width=125)
	  Recheck Cond: ((k >= 9138212) AND (k <= 9138312))
	  ->  Bitmap Index Scan on k_4  (cost=0.00..5.39 rows=96 width=0)
	        Index Cond: ((k >= 9138212) AND (k <= 9138312))

table 5 : explain SELECT k, c FROM sbtest5 WHERE k BETWEEN 9138212 AND 9138312
	Bitmap Heap Scan on sbtest5  (cost=5.46..401.19 rows=100 width=125)
	  Recheck Cond: ((k >= 9138212) AND (k <= 9138312))
	  ->  Bitmap Index Scan on k_5  (cost=0.00..5.43 rows=100 width=0)
	        Index Cond: ((k >= 9138212) AND (k <= 9138312))

table 6 : explain SELECT k, c FROM sbtest6 WHERE k BETWEEN 9138212 AND 9138312
	Bitmap Heap Scan on sbtest6  (cost=5.48..409.07 rows=102 width=125)
	  Recheck Cond: ((k >= 9138212) AND (k <= 9138312))
	  ->  Bitmap Index Scan on k_6  (cost=0.00..5.45 rows=102 width=0)
	        Index Cond: ((k >= 9138212) AND (k <= 9138312))

table 7 : explain SELECT k, c FROM sbtest7 WHERE k BETWEEN 9138212 AND 9138312
	Bitmap Heap Scan on sbtest7  (cost=5.43..389.37 rows=97 width=125)
	  Recheck Cond: ((k >= 9138212) AND (k <= 9138312))
	  ->  Bitmap Index Scan on k_7  (cost=0.00..5.40 rows=97 width=0)
	        Index Cond: ((k >= 9138212) AND (k <= 9138312))

table 8 : explain SELECT k, c FROM sbtest8 WHERE k BETWEEN 9138212 AND 9138312
	Bitmap Heap Scan on sbtest8  (cost=5.41..381.49 rows=95 width=125)
	  Recheck Cond: ((k >= 9138212) AND (k <= 9138312))
	  ->  Bitmap Index Scan on k_8  (cost=0.00..5.38 rows=95 width=0)
	        Index Cond: ((k >= 9138212) AND (k <= 9138312))

explain: for range-notcovered :: explain SELECT k, c FROM sbtest%d WHERE k BETWEEN 9138212 AND 9138312
for range-notcovered
table 1 : explain SELECT k, c FROM sbtest1 WHERE k BETWEEN 6469467 AND 6469567
	Bitmap Heap Scan on sbtest1  (cost=5.53..428.75 rows=107 width=125)
	  Recheck Cond: ((k >= 6469467) AND (k <= 6469567))
	  ->  Bitmap Index Scan on k_1  (cost=0.00..5.50 rows=107 width=0)
	        Index Cond: ((k >= 6469467) AND (k <= 6469567))

table 2 : explain SELECT k, c FROM sbtest2 WHERE k BETWEEN 6469467 AND 6469567
	Bitmap Heap Scan on sbtest2  (cost=5.44..393.31 rows=98 width=125)
	  Recheck Cond: ((k >= 6469467) AND (k <= 6469567))
	  ->  Bitmap Index Scan on k_2  (cost=0.00..5.42 rows=98 width=0)
	        Index Cond: ((k >= 6469467) AND (k <= 6469567))

table 3 : explain SELECT k, c FROM sbtest3 WHERE k BETWEEN 6469467 AND 6469567
	Bitmap Heap Scan on sbtest3  (cost=5.44..393.31 rows=98 width=125)
	  Recheck Cond: ((k >= 6469467) AND (k <= 6469567))
	  ->  Bitmap Index Scan on k_3  (cost=0.00..5.42 rows=98 width=0)
	        Index Cond: ((k >= 6469467) AND (k <= 6469567))

table 4 : explain SELECT k, c FROM sbtest4 WHERE k BETWEEN 6469467 AND 6469567
	Bitmap Heap Scan on sbtest4  (cost=5.56..440.56 rows=110 width=125)
	  Recheck Cond: ((k >= 6469467) AND (k <= 6469567))
	  ->  Bitmap Index Scan on k_4  (cost=0.00..5.53 rows=110 width=0)
	        Index Cond: ((k >= 6469467) AND (k <= 6469567))

table 5 : explain SELECT k, c FROM sbtest5 WHERE k BETWEEN 6469467 AND 6469567
	Bitmap Heap Scan on sbtest5  (cost=5.44..393.31 rows=98 width=125)
	  Recheck Cond: ((k >= 6469467) AND (k <= 6469567))
	  ->  Bitmap Index Scan on k_5  (cost=0.00..5.42 rows=98 width=0)
	        Index Cond: ((k >= 6469467) AND (k <= 6469567))

table 6 : explain SELECT k, c FROM sbtest6 WHERE k BETWEEN 6469467 AND 6469567
	Bitmap Heap Scan on sbtest6  (cost=5.42..385.43 rows=96 width=125)
	  Recheck Cond: ((k >= 6469467) AND (k <= 6469567))
	  ->  Bitmap Index Scan on k_6  (cost=0.00..5.39 rows=96 width=0)
	        Index Cond: ((k >= 6469467) AND (k <= 6469567))

table 7 : explain SELECT k, c FROM sbtest7 WHERE k BETWEEN 6469467 AND 6469567
	Bitmap Heap Scan on sbtest7  (cost=5.54..432.69 rows=108 width=125)
	  Recheck Cond: ((k >= 6469467) AND (k <= 6469567))
	  ->  Bitmap Index Scan on k_7  (cost=0.00..5.51 rows=108 width=0)
	        Index Cond: ((k >= 6469467) AND (k <= 6469567))

table 8 : explain SELECT k, c FROM sbtest8 WHERE k BETWEEN 6469467 AND 6469567
	Bitmap Heap Scan on sbtest8  (cost=5.46..401.19 rows=100 width=125)
	  Recheck Cond: ((k >= 6469467) AND (k <= 6469567))
	  ->  Bitmap Index Scan on k_8  (cost=0.00..5.43 rows=100 width=0)
	        Index Cond: ((k >= 6469467) AND (k <= 6469567))

for range-notcovered
table 1 : explain SELECT k, c FROM sbtest1 WHERE k BETWEEN 7628100 AND 7628200
	Bitmap Heap Scan on sbtest1  (cost=5.50..416.94 rows=104 width=125)
	  Recheck Cond: ((k >= 7628100) AND (k <= 7628200))
	  ->  Bitmap Index Scan on k_1  (cost=0.00..5.47 rows=104 width=0)
	        Index Cond: ((k >= 7628100) AND (k <= 7628200))

table 2 : explain SELECT k, c FROM sbtest2 WHERE k BETWEEN 7628100 AND 7628200
	Bitmap Heap Scan on sbtest2  (cost=5.45..397.25 rows=99 width=125)
	  Recheck Cond: ((k >= 7628100) AND (k <= 7628200))
	  ->  Bitmap Index Scan on k_2  (cost=0.00..5.42 rows=99 width=0)
	        Index Cond: ((k >= 7628100) AND (k <= 7628200))

table 3 : explain SELECT k, c FROM sbtest3 WHERE k BETWEEN 7628100 AND 7628200
	Bitmap Heap Scan on sbtest3  (cost=5.51..420.88 rows=105 width=125)
	  Recheck Cond: ((k >= 7628100) AND (k <= 7628200))
	  ->  Bitmap Index Scan on k_3  (cost=0.00..5.48 rows=105 width=0)
	        Index Cond: ((k >= 7628100) AND (k <= 7628200))

table 4 : explain SELECT k, c FROM sbtest4 WHERE k BETWEEN 7628100 AND 7628200
	Bitmap Heap Scan on sbtest4  (cost=5.56..440.56 rows=110 width=125)
	  Recheck Cond: ((k >= 7628100) AND (k <= 7628200))
	  ->  Bitmap Index Scan on k_4  (cost=0.00..5.53 rows=110 width=0)
	        Index Cond: ((k >= 7628100) AND (k <= 7628200))

table 5 : explain SELECT k, c FROM sbtest5 WHERE k BETWEEN 7628100 AND 7628200
	Bitmap Heap Scan on sbtest5  (cost=5.49..413.00 rows=103 width=125)
	  Recheck Cond: ((k >= 7628100) AND (k <= 7628200))
	  ->  Bitmap Index Scan on k_5  (cost=0.00..5.46 rows=103 width=0)
	        Index Cond: ((k >= 7628100) AND (k <= 7628200))

table 6 : explain SELECT k, c FROM sbtest6 WHERE k BETWEEN 7628100 AND 7628200
	Bitmap Heap Scan on sbtest6  (cost=5.46..401.19 rows=100 width=125)
	  Recheck Cond: ((k >= 7628100) AND (k <= 7628200))
	  ->  Bitmap Index Scan on k_6  (cost=0.00..5.43 rows=100 width=0)
	        Index Cond: ((k >= 7628100) AND (k <= 7628200))

table 7 : explain SELECT k, c FROM sbtest7 WHERE k BETWEEN 7628100 AND 7628200
	Bitmap Heap Scan on sbtest7  (cost=5.60..456.29 rows=114 width=125)
	  Recheck Cond: ((k >= 7628100) AND (k <= 7628200))
	  ->  Bitmap Index Scan on k_7  (cost=0.00..5.58 rows=114 width=0)
	        Index Cond: ((k >= 7628100) AND (k <= 7628200))

table 8 : explain SELECT k, c FROM sbtest8 WHERE k BETWEEN 7628100 AND 7628200
	Bitmap Heap Scan on sbtest8  (cost=5.53..428.75 rows=107 width=125)
	  Recheck Cond: ((k >= 7628100) AND (k <= 7628200))
	  ->  Bitmap Index Scan on k_8  (cost=0.00..5.50 rows=107 width=0)
	        Index Cond: ((k >= 7628100) AND (k <= 7628200))

explain: for range-notcovered :: explain SELECT k, c FROM sbtest%d WHERE k BETWEEN 7628100 AND 7628200
for range-notcovered
table 1 : explain SELECT k, c FROM sbtest1 WHERE k BETWEEN 6375138 AND 6375238
	Bitmap Heap Scan on sbtest1  (cost=5.45..397.25 rows=99 width=125)
	  Recheck Cond: ((k >= 6375138) AND (k <= 6375238))
	  ->  Bitmap Index Scan on k_1  (cost=0.00..5.42 rows=99 width=0)
	        Index Cond: ((k >= 6375138) AND (k <= 6375238))

table 2 : explain SELECT k, c FROM sbtest2 WHERE k BETWEEN 6375138 AND 6375238
	Bitmap Heap Scan on sbtest2  (cost=5.54..432.69 rows=108 width=125)
	  Recheck Cond: ((k >= 6375138) AND (k <= 6375238))
	  ->  Bitmap Index Scan on k_2  (cost=0.00..5.51 rows=108 width=0)
	        Index Cond: ((k >= 6375138) AND (k <= 6375238))

table 3 : explain SELECT k, c FROM sbtest3 WHERE k BETWEEN 6375138 AND 6375238
	Bitmap Heap Scan on sbtest3  (cost=5.53..428.75 rows=107 width=125)
	  Recheck Cond: ((k >= 6375138) AND (k <= 6375238))
	  ->  Bitmap Index Scan on k_3  (cost=0.00..5.50 rows=107 width=0)
	        Index Cond: ((k >= 6375138) AND (k <= 6375238))

table 4 : explain SELECT k, c FROM sbtest4 WHERE k BETWEEN 6375138 AND 6375238
	Bitmap Heap Scan on sbtest4  (cost=5.52..424.81 rows=106 width=125)
	  Recheck Cond: ((k >= 6375138) AND (k <= 6375238))
	  ->  Bitmap Index Scan on k_4  (cost=0.00..5.50 rows=106 width=0)
	        Index Cond: ((k >= 6375138) AND (k <= 6375238))

table 5 : explain SELECT k, c FROM sbtest5 WHERE k BETWEEN 6375138 AND 6375238
	Bitmap Heap Scan on sbtest5  (cost=5.53..428.75 rows=107 width=125)
	  Recheck Cond: ((k >= 6375138) AND (k <= 6375238))
	  ->  Bitmap Index Scan on k_5  (cost=0.00..5.50 rows=107 width=0)
	        Index Cond: ((k >= 6375138) AND (k <= 6375238))

table 6 : explain SELECT k, c FROM sbtest6 WHERE k BETWEEN 6375138 AND 6375238
	Bitmap Heap Scan on sbtest6  (cost=5.43..389.37 rows=97 width=125)
	  Recheck Cond: ((k >= 6375138) AND (k <= 6375238))
	  ->  Bitmap Index Scan on k_6  (cost=0.00..5.40 rows=97 width=0)
	        Index Cond: ((k >= 6375138) AND (k <= 6375238))

table 7 : explain SELECT k, c FROM sbtest7 WHERE k BETWEEN 6375138 AND 6375238
	Bitmap Heap Scan on sbtest7  (cost=5.45..397.25 rows=99 width=125)
	  Recheck Cond: ((k >= 6375138) AND (k <= 6375238))
	  ->  Bitmap Index Scan on k_7  (cost=0.00..5.42 rows=99 width=0)
	        Index Cond: ((k >= 6375138) AND (k <= 6375238))

table 8 : explain SELECT k, c FROM sbtest8 WHERE k BETWEEN 6375138 AND 6375238
	Bitmap Heap Scan on sbtest8  (cost=5.56..440.56 rows=110 width=125)
	  Recheck Cond: ((k >= 6375138) AND (k <= 6375238))
	  ->  Bitmap Index Scan on k_8  (cost=0.00..5.53 rows=110 width=0)
	        Index Cond: ((k >= 6375138) AND (k <= 6375238))

explain: for range-notcovered :: explain SELECT k, c FROM sbtest%d WHERE k BETWEEN 6375138 AND 6375238
for range-notcovered
table 1 : explain SELECT k, c FROM sbtest1 WHERE k BETWEEN 2742762 AND 2742862
	Bitmap Heap Scan on sbtest1  (cost=5.40..377.55 rows=94 width=125)
	  Recheck Cond: ((k >= 2742762) AND (k <= 2742862))
	  ->  Bitmap Index Scan on k_1  (cost=0.00..5.38 rows=94 width=0)
	        Index Cond: ((k >= 2742762) AND (k <= 2742862))

table 2 : explain SELECT k, c FROM sbtest2 WHERE k BETWEEN 2742762 AND 2742862
	Bitmap Heap Scan on sbtest2  (cost=5.62..464.15 rows=116 width=125)
	  Recheck Cond: ((k >= 2742762) AND (k <= 2742862))
	  ->  Bitmap Index Scan on k_2  (cost=0.00..5.59 rows=116 width=0)
	        Index Cond: ((k >= 2742762) AND (k <= 2742862))

table 3 : explain SELECT k, c FROM sbtest3 WHERE k BETWEEN 2742762 AND 2742862
	Bitmap Heap Scan on sbtest3  (cost=5.57..444.49 rows=111 width=125)
	  Recheck Cond: ((k >= 2742762) AND (k <= 2742862))
	  ->  Bitmap Index Scan on k_3  (cost=0.00..5.54 rows=111 width=0)
	        Index Cond: ((k >= 2742762) AND (k <= 2742862))

table 4 : explain SELECT k, c FROM sbtest4 WHERE k BETWEEN 2742762 AND 2742862
	Bitmap Heap Scan on sbtest4  (cost=5.49..413.00 rows=103 width=125)
	  Recheck Cond: ((k >= 2742762) AND (k <= 2742862))
	  ->  Bitmap Index Scan on k_4  (cost=0.00..5.46 rows=103 width=0)
	        Index Cond: ((k >= 2742762) AND (k <= 2742862))

table 5 : explain SELECT k, c FROM sbtest5 WHERE k BETWEEN 2742762 AND 2742862
	Bitmap Heap Scan on sbtest5  (cost=5.44..393.31 rows=98 width=125)
	  Recheck Cond: ((k >= 2742762) AND (k <= 2742862))
	  ->  Bitmap Index Scan on k_5  (cost=0.00..5.42 rows=98 width=0)
	        Index Cond: ((k >= 2742762) AND (k <= 2742862))

table 6 : explain SELECT k, c FROM sbtest6 WHERE k BETWEEN 2742762 AND 2742862
	Bitmap Heap Scan on sbtest6  (cost=5.42..385.43 rows=96 width=125)
	  Recheck Cond: ((k >= 2742762) AND (k <= 2742862))
	  ->  Bitmap Index Scan on k_6  (cost=0.00..5.39 rows=96 width=0)
	        Index Cond: ((k >= 2742762) AND (k <= 2742862))

table 7 : explain SELECT k, c FROM sbtest7 WHERE k BETWEEN 2742762 AND 2742862
	Bitmap Heap Scan on sbtest7  (cost=5.51..420.88 rows=105 width=125)
	  Recheck Cond: ((k >= 2742762) AND (k <= 2742862))
	  ->  Bitmap Index Scan on k_7  (cost=0.00..5.48 rows=105 width=0)
	        Index Cond: ((k >= 2742762) AND (k <= 2742862))

table 8 : explain SELECT k, c FROM sbtest8 WHERE k BETWEEN 2742762 AND 2742862
	Bitmap Heap Scan on sbtest8  (cost=5.47..405.13 rows=101 width=125)
	  Recheck Cond: ((k >= 2742762) AND (k <= 2742862))
	  ->  Bitmap Index Scan on k_8  (cost=0.00..5.44 rows=101 width=0)
	        Index Cond: ((k >= 2742762) AND (k <= 2742862))

for range-notcovered
table 1 : explain SELECT k, c FROM sbtest1 WHERE k BETWEEN 3197503 AND 3197603
	Bitmap Heap Scan on sbtest1  (cost=5.47..405.13 rows=101 width=125)
	  Recheck Cond: ((k >= 3197503) AND (k <= 3197603))
	  ->  Bitmap Index Scan on k_1  (cost=0.00..5.44 rows=101 width=0)
	        Index Cond: ((k >= 3197503) AND (k <= 3197603))

table 2 : explain SELECT k, c FROM sbtest2 WHERE k BETWEEN 3197503 AND 3197603
	Bitmap Heap Scan on sbtest2  (cost=5.51..420.88 rows=105 width=125)
	  Recheck Cond: ((k >= 3197503) AND (k <= 3197603))
	  ->  Bitmap Index Scan on k_2  (cost=0.00..5.48 rows=105 width=0)
	        Index Cond: ((k >= 3197503) AND (k <= 3197603))

table 3 : explain SELECT k, c FROM sbtest3 WHERE k BETWEEN 3197503 AND 3197603
	Bitmap Heap Scan on sbtest3  (cost=5.51..420.88 rows=105 width=125)
	  Recheck Cond: ((k >= 3197503) AND (k <= 3197603))
	  ->  Bitmap Index Scan on k_3  (cost=0.00..5.48 rows=105 width=0)
	        Index Cond: ((k >= 3197503) AND (k <= 3197603))

table 4 : explain SELECT k, c FROM sbtest4 WHERE k BETWEEN 3197503 AND 3197603
	Bitmap Heap Scan on sbtest4  (cost=5.39..373.61 rows=93 width=125)
	  Recheck Cond: ((k >= 3197503) AND (k <= 3197603))
	  ->  Bitmap Index Scan on k_4  (cost=0.00..5.36 rows=93 width=0)
	        Index Cond: ((k >= 3197503) AND (k <= 3197603))

table 5 : explain SELECT k, c FROM sbtest5 WHERE k BETWEEN 3197503 AND 3197603
	Bitmap Heap Scan on sbtest5  (cost=5.43..389.37 rows=97 width=125)
	  Recheck Cond: ((k >= 3197503) AND (k <= 3197603))
	  ->  Bitmap Index Scan on k_5  (cost=0.00..5.40 rows=97 width=0)
	        Index Cond: ((k >= 3197503) AND (k <= 3197603))

table 6 : explain SELECT k, c FROM sbtest6 WHERE k BETWEEN 3197503 AND 3197603
	Bitmap Heap Scan on sbtest6  (cost=5.44..393.31 rows=98 width=125)
	  Recheck Cond: ((k >= 3197503) AND (k <= 3197603))
	  ->  Bitmap Index Scan on k_6  (cost=0.00..5.42 rows=98 width=0)
	        Index Cond: ((k >= 3197503) AND (k <= 3197603))

table 7 : explain SELECT k, c FROM sbtest7 WHERE k BETWEEN 3197503 AND 3197603
	Bitmap Heap Scan on sbtest7  (cost=5.41..381.49 rows=95 width=125)
	  Recheck Cond: ((k >= 3197503) AND (k <= 3197603))
	  ->  Bitmap Index Scan on k_7  (cost=0.00..5.38 rows=95 width=0)
	        Index Cond: ((k >= 3197503) AND (k <= 3197603))

table 8 : explain SELECT k, c FROM sbtest8 WHERE k BETWEEN 3197503 AND 3197603
	Bitmap Heap Scan on sbtest8  (cost=5.54..432.69 rows=108 width=125)
	  Recheck Cond: ((k >= 3197503) AND (k <= 3197603))
	  ->  Bitmap Index Scan on k_8  (cost=0.00..5.51 rows=108 width=0)
	        Index Cond: ((k >= 3197503) AND (k <= 3197603))

for range-notcovered
table 1 : explain SELECT k, c FROM sbtest1 WHERE k BETWEEN 2007202 AND 2007302
	Bitmap Heap Scan on sbtest1  (cost=5.38..369.67 rows=92 width=125)
	  Recheck Cond: ((k >= 2007202) AND (k <= 2007302))
	  ->  Bitmap Index Scan on k_1  (cost=0.00..5.35 rows=92 width=0)
	        Index Cond: ((k >= 2007202) AND (k <= 2007302))

table 2 : explain SELECT k, c FROM sbtest2 WHERE k BETWEEN 2007202 AND 2007302
	Bitmap Heap Scan on sbtest2  (cost=5.45..397.25 rows=99 width=125)
	  Recheck Cond: ((k >= 2007202) AND (k <= 2007302))
	  ->  Bitmap Index Scan on k_2  (cost=0.00..5.42 rows=99 width=0)
	        Index Cond: ((k >= 2007202) AND (k <= 2007302))

table 3 : explain SELECT k, c FROM sbtest3 WHERE k BETWEEN 2007202 AND 2007302
	Bitmap Heap Scan on sbtest3  (cost=5.39..373.61 rows=93 width=125)
	  Recheck Cond: ((k >= 2007202) AND (k <= 2007302))
	  ->  Bitmap Index Scan on k_3  (cost=0.00..5.36 rows=93 width=0)
	        Index Cond: ((k >= 2007202) AND (k <= 2007302))

table 4 : explain SELECT k, c FROM sbtest4 WHERE k BETWEEN 2007202 AND 2007302
	Bitmap Heap Scan on sbtest4  (cost=5.60..456.29 rows=114 width=125)
	  Recheck Cond: ((k >= 2007202) AND (k <= 2007302))
	  ->  Bitmap Index Scan on k_4  (cost=0.00..5.58 rows=114 width=0)
	        Index Cond: ((k >= 2007202) AND (k <= 2007302))

table 5 : explain SELECT k, c FROM sbtest5 WHERE k BETWEEN 2007202 AND 2007302
	Bitmap Heap Scan on sbtest5  (cost=5.49..413.00 rows=103 width=125)
	  Recheck Cond: ((k >= 2007202) AND (k <= 2007302))
	  ->  Bitmap Index Scan on k_5  (cost=0.00..5.46 rows=103 width=0)
	        Index Cond: ((k >= 2007202) AND (k <= 2007302))

table 6 : explain SELECT k, c FROM sbtest6 WHERE k BETWEEN 2007202 AND 2007302
	Bitmap Heap Scan on sbtest6  (cost=5.50..416.94 rows=104 width=125)
	  Recheck Cond: ((k >= 2007202) AND (k <= 2007302))
	  ->  Bitmap Index Scan on k_6  (cost=0.00..5.47 rows=104 width=0)
	        Index Cond: ((k >= 2007202) AND (k <= 2007302))

table 7 : explain SELECT k, c FROM sbtest7 WHERE k BETWEEN 2007202 AND 2007302
	Bitmap Heap Scan on sbtest7  (cost=5.38..369.67 rows=92 width=125)
	  Recheck Cond: ((k >= 2007202) AND (k <= 2007302))
	  ->  Bitmap Index Scan on k_7  (cost=0.00..5.35 rows=92 width=0)
	        Index Cond: ((k >= 2007202) AND (k <= 2007302))

table 8 : explain SELECT k, c FROM sbtest8 WHERE k BETWEEN 2007202 AND 2007302
	Bitmap Heap Scan on sbtest8  (cost=5.41..381.49 rows=95 width=125)
	  Recheck Cond: ((k >= 2007202) AND (k <= 2007302))
	  ->  Bitmap Index Scan on k_8  (cost=0.00..5.38 rows=95 width=0)
	        Index Cond: ((k >= 2007202) AND (k <= 2007302))

explain: for range-notcovered :: explain SELECT k, c FROM sbtest%d WHERE k BETWEEN 3197503 AND 3197603
explain: for range-notcovered :: explain SELECT k, c FROM sbtest%d WHERE k BETWEEN 2007202 AND 2007302
for range-notcovered
table 1 : explain SELECT k, c FROM sbtest1 WHERE k BETWEEN 7628100 AND 7628200
	Bitmap Heap Scan on sbtest1  (cost=5.50..416.94 rows=104 width=125)
	  Recheck Cond: ((k >= 7628100) AND (k <= 7628200))
	  ->  Bitmap Index Scan on k_1  (cost=0.00..5.47 rows=104 width=0)
	        Index Cond: ((k >= 7628100) AND (k <= 7628200))

table 2 : explain SELECT k, c FROM sbtest2 WHERE k BETWEEN 7628100 AND 7628200
	Bitmap Heap Scan on sbtest2  (cost=5.45..397.25 rows=99 width=125)
	  Recheck Cond: ((k >= 7628100) AND (k <= 7628200))
	  ->  Bitmap Index Scan on k_2  (cost=0.00..5.42 rows=99 width=0)
	        Index Cond: ((k >= 7628100) AND (k <= 7628200))

table 3 : explain SELECT k, c FROM sbtest3 WHERE k BETWEEN 7628100 AND 7628200
	Bitmap Heap Scan on sbtest3  (cost=5.51..420.88 rows=105 width=125)
	  Recheck Cond: ((k >= 7628100) AND (k <= 7628200))
	  ->  Bitmap Index Scan on k_3  (cost=0.00..5.48 rows=105 width=0)
	        Index Cond: ((k >= 7628100) AND (k <= 7628200))

table 4 : explain SELECT k, c FROM sbtest4 WHERE k BETWEEN 7628100 AND 7628200
	Bitmap Heap Scan on sbtest4  (cost=5.56..440.56 rows=110 width=125)
	  Recheck Cond: ((k >= 7628100) AND (k <= 7628200))
	  ->  Bitmap Index Scan on k_4  (cost=0.00..5.53 rows=110 width=0)
	        Index Cond: ((k >= 7628100) AND (k <= 7628200))

table 5 : explain SELECT k, c FROM sbtest5 WHERE k BETWEEN 7628100 AND 7628200
	Bitmap Heap Scan on sbtest5  (cost=5.49..413.00 rows=103 width=125)
	  Recheck Cond: ((k >= 7628100) AND (k <= 7628200))
	  ->  Bitmap Index Scan on k_5  (cost=0.00..5.46 rows=103 width=0)
	        Index Cond: ((k >= 7628100) AND (k <= 7628200))

table 6 : explain SELECT k, c FROM sbtest6 WHERE k BETWEEN 7628100 AND 7628200
	Bitmap Heap Scan on sbtest6  (cost=5.46..401.19 rows=100 width=125)
	  Recheck Cond: ((k >= 7628100) AND (k <= 7628200))
	  ->  Bitmap Index Scan on k_6  (cost=0.00..5.43 rows=100 width=0)
	        Index Cond: ((k >= 7628100) AND (k <= 7628200))

table 7 : explain SELECT k, c FROM sbtest7 WHERE k BETWEEN 7628100 AND 7628200
	Bitmap Heap Scan on sbtest7  (cost=5.60..456.29 rows=114 width=125)
	  Recheck Cond: ((k >= 7628100) AND (k <= 7628200))
	  ->  Bitmap Index Scan on k_7  (cost=0.00..5.58 rows=114 width=0)
	        Index Cond: ((k >= 7628100) AND (k <= 7628200))

table 8 : explain SELECT k, c FROM sbtest8 WHERE k BETWEEN 7628100 AND 7628200
	Bitmap Heap Scan on sbtest8  (cost=5.53..428.75 rows=107 width=125)
	  Recheck Cond: ((k >= 7628100) AND (k <= 7628200))
	  ->  Bitmap Index Scan on k_8  (cost=0.00..5.50 rows=107 width=0)
	        Index Cond: ((k >= 7628100) AND (k <= 7628200))

explain: for range-notcovered :: explain SELECT k, c FROM sbtest%d WHERE k BETWEEN 7628100 AND 7628200
for range-notcovered
table 1 : explain SELECT k, c FROM sbtest1 WHERE k BETWEEN 6375138 AND 6375238
	Bitmap Heap Scan on sbtest1  (cost=5.45..397.25 rows=99 width=125)
	  Recheck Cond: ((k >= 6375138) AND (k <= 6375238))
	  ->  Bitmap Index Scan on k_1  (cost=0.00..5.42 rows=99 width=0)
	        Index Cond: ((k >= 6375138) AND (k <= 6375238))

table 2 : explain SELECT k, c FROM sbtest2 WHERE k BETWEEN 6375138 AND 6375238
	Bitmap Heap Scan on sbtest2  (cost=5.54..432.69 rows=108 width=125)
	  Recheck Cond: ((k >= 6375138) AND (k <= 6375238))
	  ->  Bitmap Index Scan on k_2  (cost=0.00..5.51 rows=108 width=0)
	        Index Cond: ((k >= 6375138) AND (k <= 6375238))

table 3 : explain SELECT k, c FROM sbtest3 WHERE k BETWEEN 6375138 AND 6375238
	Bitmap Heap Scan on sbtest3  (cost=5.53..428.75 rows=107 width=125)
	  Recheck Cond: ((k >= 6375138) AND (k <= 6375238))
	  ->  Bitmap Index Scan on k_3  (cost=0.00..5.50 rows=107 width=0)
	        Index Cond: ((k >= 6375138) AND (k <= 6375238))

table 4 : explain SELECT k, c FROM sbtest4 WHERE k BETWEEN 6375138 AND 6375238
	Bitmap Heap Scan on sbtest4  (cost=5.52..424.81 rows=106 width=125)
	  Recheck Cond: ((k >= 6375138) AND (k <= 6375238))
	  ->  Bitmap Index Scan on k_4  (cost=0.00..5.50 rows=106 width=0)
	        Index Cond: ((k >= 6375138) AND (k <= 6375238))

table 5 : explain SELECT k, c FROM sbtest5 WHERE k BETWEEN 6375138 AND 6375238
	Bitmap Heap Scan on sbtest5  (cost=5.53..428.75 rows=107 width=125)
	  Recheck Cond: ((k >= 6375138) AND (k <= 6375238))
	  ->  Bitmap Index Scan on k_5  (cost=0.00..5.50 rows=107 width=0)
	        Index Cond: ((k >= 6375138) AND (k <= 6375238))

table 6 : explain SELECT k, c FROM sbtest6 WHERE k BETWEEN 6375138 AND 6375238
	Bitmap Heap Scan on sbtest6  (cost=5.43..389.37 rows=97 width=125)
	  Recheck Cond: ((k >= 6375138) AND (k <= 6375238))
	  ->  Bitmap Index Scan on k_6  (cost=0.00..5.40 rows=97 width=0)
	        Index Cond: ((k >= 6375138) AND (k <= 6375238))

table 7 : explain SELECT k, c FROM sbtest7 WHERE k BETWEEN 6375138 AND 6375238
	Bitmap Heap Scan on sbtest7  (cost=5.45..397.25 rows=99 width=125)
	  Recheck Cond: ((k >= 6375138) AND (k <= 6375238))
	  ->  Bitmap Index Scan on k_7  (cost=0.00..5.42 rows=99 width=0)
	        Index Cond: ((k >= 6375138) AND (k <= 6375238))

table 8 : explain SELECT k, c FROM sbtest8 WHERE k BETWEEN 6375138 AND 6375238
	Bitmap Heap Scan on sbtest8  (cost=5.56..440.56 rows=110 width=125)
	  Recheck Cond: ((k >= 6375138) AND (k <= 6375238))
	  ->  Bitmap Index Scan on k_8  (cost=0.00..5.53 rows=110 width=0)
	        Index Cond: ((k >= 6375138) AND (k <= 6375238))

explain: for range-notcovered :: explain SELECT k, c FROM sbtest%d WHERE k BETWEEN 6375138 AND 6375238
for range-notcovered
table 1 : explain SELECT k, c FROM sbtest1 WHERE k BETWEEN 3197503 AND 3197603
	Bitmap Heap Scan on sbtest1  (cost=5.47..405.13 rows=101 width=125)
	  Recheck Cond: ((k >= 3197503) AND (k <= 3197603))
	  ->  Bitmap Index Scan on k_1  (cost=0.00..5.44 rows=101 width=0)
	        Index Cond: ((k >= 3197503) AND (k <= 3197603))

table 2 : explain SELECT k, c FROM sbtest2 WHERE k BETWEEN 3197503 AND 3197603
	Bitmap Heap Scan on sbtest2  (cost=5.51..420.88 rows=105 width=125)
	  Recheck Cond: ((k >= 3197503) AND (k <= 3197603))
	  ->  Bitmap Index Scan on k_2  (cost=0.00..5.48 rows=105 width=0)
	        Index Cond: ((k >= 3197503) AND (k <= 3197603))

table 3 : explain SELECT k, c FROM sbtest3 WHERE k BETWEEN 3197503 AND 3197603
	Bitmap Heap Scan on sbtest3  (cost=5.51..420.88 rows=105 width=125)
	  Recheck Cond: ((k >= 3197503) AND (k <= 3197603))
	  ->  Bitmap Index Scan on k_3  (cost=0.00..5.48 rows=105 width=0)
	        Index Cond: ((k >= 3197503) AND (k <= 3197603))

table 4 : explain SELECT k, c FROM sbtest4 WHERE k BETWEEN 3197503 AND 3197603
	Bitmap Heap Scan on sbtest4  (cost=5.39..373.61 rows=93 width=125)
	  Recheck Cond: ((k >= 3197503) AND (k <= 3197603))
	  ->  Bitmap Index Scan on k_4  (cost=0.00..5.36 rows=93 width=0)
	        Index Cond: ((k >= 3197503) AND (k <= 3197603))

table 5 : explain SELECT k, c FROM sbtest5 WHERE k BETWEEN 3197503 AND 3197603
	Bitmap Heap Scan on sbtest5  (cost=5.43..389.37 rows=97 width=125)
	  Recheck Cond: ((k >= 3197503) AND (k <= 3197603))
	  ->  Bitmap Index Scan on k_5  (cost=0.00..5.40 rows=97 width=0)
	        Index Cond: ((k >= 3197503) AND (k <= 3197603))

table 6 : explain SELECT k, c FROM sbtest6 WHERE k BETWEEN 3197503 AND 3197603
	Bitmap Heap Scan on sbtest6  (cost=5.44..393.31 rows=98 width=125)
	  Recheck Cond: ((k >= 3197503) AND (k <= 3197603))
	  ->  Bitmap Index Scan on k_6  (cost=0.00..5.42 rows=98 width=0)
	        Index Cond: ((k >= 3197503) AND (k <= 3197603))

table 7 : explain SELECT k, c FROM sbtest7 WHERE k BETWEEN 3197503 AND 3197603
	Bitmap Heap Scan on sbtest7  (cost=5.41..381.49 rows=95 width=125)
	  Recheck Cond: ((k >= 3197503) AND (k <= 3197603))
	  ->  Bitmap Index Scan on k_7  (cost=0.00..5.38 rows=95 width=0)
	        Index Cond: ((k >= 3197503) AND (k <= 3197603))

table 8 : explain SELECT k, c FROM sbtest8 WHERE k BETWEEN 3197503 AND 3197603
	Bitmap Heap Scan on sbtest8  (cost=5.54..432.69 rows=108 width=125)
	  Recheck Cond: ((k >= 3197503) AND (k <= 3197603))
	  ->  Bitmap Index Scan on k_8  (cost=0.00..5.51 rows=108 width=0)
	        Index Cond: ((k >= 3197503) AND (k <= 3197603))

for range-notcovered
table 1 : explain SELECT k, c FROM sbtest1 WHERE k BETWEEN 2007202 AND 2007302
	Bitmap Heap Scan on sbtest1  (cost=5.38..369.67 rows=92 width=125)
	  Recheck Cond: ((k >= 2007202) AND (k <= 2007302))
	  ->  Bitmap Index Scan on k_1  (cost=0.00..5.35 rows=92 width=0)
	        Index Cond: ((k >= 2007202) AND (k <= 2007302))

table 2 : explain SELECT k, c FROM sbtest2 WHERE k BETWEEN 2007202 AND 2007302
	Bitmap Heap Scan on sbtest2  (cost=5.45..397.25 rows=99 width=125)
	  Recheck Cond: ((k >= 2007202) AND (k <= 2007302))
	  ->  Bitmap Index Scan on k_2  (cost=0.00..5.42 rows=99 width=0)
	        Index Cond: ((k >= 2007202) AND (k <= 2007302))

table 3 : explain SELECT k, c FROM sbtest3 WHERE k BETWEEN 2007202 AND 2007302
	Bitmap Heap Scan on sbtest3  (cost=5.39..373.61 rows=93 width=125)
	  Recheck Cond: ((k >= 2007202) AND (k <= 2007302))
	  ->  Bitmap Index Scan on k_3  (cost=0.00..5.36 rows=93 width=0)
	        Index Cond: ((k >= 2007202) AND (k <= 2007302))

table 4 : explain SELECT k, c FROM sbtest4 WHERE k BETWEEN 2007202 AND 2007302
	Bitmap Heap Scan on sbtest4  (cost=5.60..456.29 rows=114 width=125)
	  Recheck Cond: ((k >= 2007202) AND (k <= 2007302))
	  ->  Bitmap Index Scan on k_4  (cost=0.00..5.58 rows=114 width=0)
	        Index Cond: ((k >= 2007202) AND (k <= 2007302))

table 5 : explain SELECT k, c FROM sbtest5 WHERE k BETWEEN 2007202 AND 2007302
	Bitmap Heap Scan on sbtest5  (cost=5.49..413.00 rows=103 width=125)
	  Recheck Cond: ((k >= 2007202) AND (k <= 2007302))
	  ->  Bitmap Index Scan on k_5  (cost=0.00..5.46 rows=103 width=0)
	        Index Cond: ((k >= 2007202) AND (k <= 2007302))

table 6 : explain SELECT k, c FROM sbtest6 WHERE k BETWEEN 2007202 AND 2007302
	Bitmap Heap Scan on sbtest6  (cost=5.50..416.94 rows=104 width=125)
	  Recheck Cond: ((k >= 2007202) AND (k <= 2007302))
	  ->  Bitmap Index Scan on k_6  (cost=0.00..5.47 rows=104 width=0)
	        Index Cond: ((k >= 2007202) AND (k <= 2007302))

table 7 : explain SELECT k, c FROM sbtest7 WHERE k BETWEEN 2007202 AND 2007302
	Bitmap Heap Scan on sbtest7  (cost=5.38..369.67 rows=92 width=125)
	  Recheck Cond: ((k >= 2007202) AND (k <= 2007302))
	  ->  Bitmap Index Scan on k_7  (cost=0.00..5.35 rows=92 width=0)
	        Index Cond: ((k >= 2007202) AND (k <= 2007302))

table 8 : explain SELECT k, c FROM sbtest8 WHERE k BETWEEN 2007202 AND 2007302
	Bitmap Heap Scan on sbtest8  (cost=5.41..381.49 rows=95 width=125)
	  Recheck Cond: ((k >= 2007202) AND (k <= 2007302))
	  ->  Bitmap Index Scan on k_8  (cost=0.00..5.38 rows=95 width=0)
	        Index Cond: ((k >= 2007202) AND (k <= 2007302))

explain: for range-notcovered :: explain SELECT k, c FROM sbtest%d WHERE k BETWEEN 3197503 AND 3197603
for range-notcovered
table 1 : explain SELECT k, c FROM sbtest1 WHERE k BETWEEN 9138212 AND 9138312
	Bitmap Heap Scan on sbtest1  (cost=5.41..381.49 rows=95 width=125)
	  Recheck Cond: ((k >= 9138212) AND (k <= 9138312))
	  ->  Bitmap Index Scan on k_1  (cost=0.00..5.38 rows=95 width=0)
	        Index Cond: ((k >= 9138212) AND (k <= 9138312))

table 2 : explain SELECT k, c FROM sbtest2 WHERE k BETWEEN 9138212 AND 9138312
	Bitmap Heap Scan on sbtest2  (cost=5.56..440.56 rows=110 width=125)
	  Recheck Cond: ((k >= 9138212) AND (k <= 9138312))
	  ->  Bitmap Index Scan on k_2  (cost=0.00..5.53 rows=110 width=0)
	        Index Cond: ((k >= 9138212) AND (k <= 9138312))

table 3 : explain SELECT k, c FROM sbtest3 WHERE k BETWEEN 9138212 AND 9138312
	Bitmap Heap Scan on sbtest3  (cost=5.45..397.25 rows=99 width=125)
	  Recheck Cond: ((k >= 9138212) AND (k <= 9138312))
	  ->  Bitmap Index Scan on k_3  (cost=0.00..5.42 rows=99 width=0)
	        Index Cond: ((k >= 9138212) AND (k <= 9138312))

table 4 : explain SELECT k, c FROM sbtest4 WHERE k BETWEEN 9138212 AND 9138312
	Bitmap Heap Scan on sbtest4  (cost=5.42..385.43 rows=96 width=125)
	  Recheck Cond: ((k >= 9138212) AND (k <= 9138312))
	  ->  Bitmap Index Scan on k_4  (cost=0.00..5.39 rows=96 width=0)
	        Index Cond: ((k >= 9138212) AND (k <= 9138312))

table 5 : explain SELECT k, c FROM sbtest5 WHERE k BETWEEN 9138212 AND 9138312
	Bitmap Heap Scan on sbtest5  (cost=5.46..401.19 rows=100 width=125)
	  Recheck Cond: ((k >= 9138212) AND (k <= 9138312))
	  ->  Bitmap Index Scan on k_5  (cost=0.00..5.43 rows=100 width=0)
	        Index Cond: ((k >= 9138212) AND (k <= 9138312))

table 6 : explain SELECT k, c FROM sbtest6 WHERE k BETWEEN 9138212 AND 9138312
	Bitmap Heap Scan on sbtest6  (cost=5.48..409.07 rows=102 width=125)
	  Recheck Cond: ((k >= 9138212) AND (k <= 9138312))
	  ->  Bitmap Index Scan on k_6  (cost=0.00..5.45 rows=102 width=0)
	        Index Cond: ((k >= 9138212) AND (k <= 9138312))

table 7 : explain SELECT k, c FROM sbtest7 WHERE k BETWEEN 9138212 AND 9138312
	Bitmap Heap Scan on sbtest7  (cost=5.43..389.37 rows=97 width=125)
	  Recheck Cond: ((k >= 9138212) AND (k <= 9138312))
	  ->  Bitmap Index Scan on k_7  (cost=0.00..5.40 rows=97 width=0)
	        Index Cond: ((k >= 9138212) AND (k <= 9138312))

table 8 : explain SELECT k, c FROM sbtest8 WHERE k BETWEEN 9138212 AND 9138312
	Bitmap Heap Scan on sbtest8  (cost=5.41..381.49 rows=95 width=125)
	  Recheck Cond: ((k >= 9138212) AND (k <= 9138312))
	  ->  Bitmap Index Scan on k_8  (cost=0.00..5.38 rows=95 width=0)
	        Index Cond: ((k >= 9138212) AND (k <= 9138312))

explain: for range-notcovered :: explain SELECT k, c FROM sbtest%d WHERE k BETWEEN 9138212 AND 9138312
for range-notcovered
table 1 : explain SELECT k, c FROM sbtest1 WHERE k BETWEEN 7628100 AND 7628200
	Bitmap Heap Scan on sbtest1  (cost=5.50..416.94 rows=104 width=125)
	  Recheck Cond: ((k >= 7628100) AND (k <= 7628200))
	  ->  Bitmap Index Scan on k_1  (cost=0.00..5.47 rows=104 width=0)
	        Index Cond: ((k >= 7628100) AND (k <= 7628200))

table 2 : explain SELECT k, c FROM sbtest2 WHERE k BETWEEN 7628100 AND 7628200
	Bitmap Heap Scan on sbtest2  (cost=5.45..397.25 rows=99 width=125)
	  Recheck Cond: ((k >= 7628100) AND (k <= 7628200))
	  ->  Bitmap Index Scan on k_2  (cost=0.00..5.42 rows=99 width=0)
	        Index Cond: ((k >= 7628100) AND (k <= 7628200))

table 3 : explain SELECT k, c FROM sbtest3 WHERE k BETWEEN 7628100 AND 7628200
	Bitmap Heap Scan on sbtest3  (cost=5.51..420.88 rows=105 width=125)
	  Recheck Cond: ((k >= 7628100) AND (k <= 7628200))
	  ->  Bitmap Index Scan on k_3  (cost=0.00..5.48 rows=105 width=0)
	        Index Cond: ((k >= 7628100) AND (k <= 7628200))

table 4 : explain SELECT k, c FROM sbtest4 WHERE k BETWEEN 7628100 AND 7628200
	Bitmap Heap Scan on sbtest4  (cost=5.56..440.56 rows=110 width=125)
	  Recheck Cond: ((k >= 7628100) AND (k <= 7628200))
	  ->  Bitmap Index Scan on k_4  (cost=0.00..5.53 rows=110 width=0)
	        Index Cond: ((k >= 7628100) AND (k <= 7628200))

table 5 : explain SELECT k, c FROM sbtest5 WHERE k BETWEEN 7628100 AND 7628200
	Bitmap Heap Scan on sbtest5  (cost=5.49..413.00 rows=103 width=125)
	  Recheck Cond: ((k >= 7628100) AND (k <= 7628200))
	  ->  Bitmap Index Scan on k_5  (cost=0.00..5.46 rows=103 width=0)
	        Index Cond: ((k >= 7628100) AND (k <= 7628200))

table 6 : explain SELECT k, c FROM sbtest6 WHERE k BETWEEN 7628100 AND 7628200
	Bitmap Heap Scan on sbtest6  (cost=5.46..401.19 rows=100 width=125)
	  Recheck Cond: ((k >= 7628100) AND (k <= 7628200))
	  ->  Bitmap Index Scan on k_6  (cost=0.00..5.43 rows=100 width=0)
	        Index Cond: ((k >= 7628100) AND (k <= 7628200))

table 7 : explain SELECT k, c FROM sbtest7 WHERE k BETWEEN 7628100 AND 7628200
	Bitmap Heap Scan on sbtest7  (cost=5.60..456.29 rows=114 width=125)
	  Recheck Cond: ((k >= 7628100) AND (k <= 7628200))
	  ->  Bitmap Index Scan on k_7  (cost=0.00..5.58 rows=114 width=0)
	        Index Cond: ((k >= 7628100) AND (k <= 7628200))

table 8 : explain SELECT k, c FROM sbtest8 WHERE k BETWEEN 7628100 AND 7628200
	Bitmap Heap Scan on sbtest8  (cost=5.53..428.75 rows=107 width=125)
	  Recheck Cond: ((k >= 7628100) AND (k <= 7628200))
	  ->  Bitmap Index Scan on k_8  (cost=0.00..5.50 rows=107 width=0)
	        Index Cond: ((k >= 7628100) AND (k <= 7628200))

explain: for range-notcovered :: explain SELECT k, c FROM sbtest%d WHERE k BETWEEN 7628100 AND 7628200
explain: for range-notcovered :: explain SELECT k, c FROM sbtest%d WHERE k BETWEEN 5511193 AND 5511293
for range-notcovered
table 1 : explain SELECT k, c FROM sbtest1 WHERE k BETWEEN 6375138 AND 6375238
	Bitmap Heap Scan on sbtest1  (cost=5.45..397.25 rows=99 width=125)
	  Recheck Cond: ((k >= 6375138) AND (k <= 6375238))
	  ->  Bitmap Index Scan on k_1  (cost=0.00..5.42 rows=99 width=0)
	        Index Cond: ((k >= 6375138) AND (k <= 6375238))

table 2 : explain SELECT k, c FROM sbtest2 WHERE k BETWEEN 6375138 AND 6375238
	Bitmap Heap Scan on sbtest2  (cost=5.54..432.69 rows=108 width=125)
	  Recheck Cond: ((k >= 6375138) AND (k <= 6375238))
	  ->  Bitmap Index Scan on k_2  (cost=0.00..5.51 rows=108 width=0)
	        Index Cond: ((k >= 6375138) AND (k <= 6375238))

table 3 : explain SELECT k, c FROM sbtest3 WHERE k BETWEEN 6375138 AND 6375238
	Bitmap Heap Scan on sbtest3  (cost=5.53..428.75 rows=107 width=125)
	  Recheck Cond: ((k >= 6375138) AND (k <= 6375238))
	  ->  Bitmap Index Scan on k_3  (cost=0.00..5.50 rows=107 width=0)
	        Index Cond: ((k >= 6375138) AND (k <= 6375238))

table 4 : explain SELECT k, c FROM sbtest4 WHERE k BETWEEN 6375138 AND 6375238
	Bitmap Heap Scan on sbtest4  (cost=5.52..424.81 rows=106 width=125)
	  Recheck Cond: ((k >= 6375138) AND (k <= 6375238))
	  ->  Bitmap Index Scan on k_4  (cost=0.00..5.50 rows=106 width=0)
	        Index Cond: ((k >= 6375138) AND (k <= 6375238))

table 5 : explain SELECT k, c FROM sbtest5 WHERE k BETWEEN 6375138 AND 6375238
	Bitmap Heap Scan on sbtest5  (cost=5.53..428.75 rows=107 width=125)
	  Recheck Cond: ((k >= 6375138) AND (k <= 6375238))
	  ->  Bitmap Index Scan on k_5  (cost=0.00..5.50 rows=107 width=0)
	        Index Cond: ((k >= 6375138) AND (k <= 6375238))

table 6 : explain SELECT k, c FROM sbtest6 WHERE k BETWEEN 6375138 AND 6375238
	Bitmap Heap Scan on sbtest6  (cost=5.43..389.37 rows=97 width=125)
	  Recheck Cond: ((k >= 6375138) AND (k <= 6375238))
	  ->  Bitmap Index Scan on k_6  (cost=0.00..5.40 rows=97 width=0)
	        Index Cond: ((k >= 6375138) AND (k <= 6375238))

table 7 : explain SELECT k, c FROM sbtest7 WHERE k BETWEEN 6375138 AND 6375238
	Bitmap Heap Scan on sbtest7  (cost=5.45..397.25 rows=99 width=125)
	  Recheck Cond: ((k >= 6375138) AND (k <= 6375238))
	  ->  Bitmap Index Scan on k_7  (cost=0.00..5.42 rows=99 width=0)
	        Index Cond: ((k >= 6375138) AND (k <= 6375238))

table 8 : explain SELECT k, c FROM sbtest8 WHERE k BETWEEN 6375138 AND 6375238
	Bitmap Heap Scan on sbtest8  (cost=5.56..440.56 rows=110 width=125)
	  Recheck Cond: ((k >= 6375138) AND (k <= 6375238))
	  ->  Bitmap Index Scan on k_8  (cost=0.00..5.53 rows=110 width=0)
	        Index Cond: ((k >= 6375138) AND (k <= 6375238))

explain: for range-notcovered :: explain SELECT k, c FROM sbtest%d WHERE k BETWEEN 6375138 AND 6375238
for range-notcovered
table 1 : explain SELECT k, c FROM sbtest1 WHERE k BETWEEN 3197503 AND 3197603
	Bitmap Heap Scan on sbtest1  (cost=5.47..405.13 rows=101 width=125)
	  Recheck Cond: ((k >= 3197503) AND (k <= 3197603))
	  ->  Bitmap Index Scan on k_1  (cost=0.00..5.44 rows=101 width=0)
	        Index Cond: ((k >= 3197503) AND (k <= 3197603))

table 2 : explain SELECT k, c FROM sbtest2 WHERE k BETWEEN 3197503 AND 3197603
	Bitmap Heap Scan on sbtest2  (cost=5.51..420.88 rows=105 width=125)
	  Recheck Cond: ((k >= 3197503) AND (k <= 3197603))
	  ->  Bitmap Index Scan on k_2  (cost=0.00..5.48 rows=105 width=0)
	        Index Cond: ((k >= 3197503) AND (k <= 3197603))

table 3 : explain SELECT k, c FROM sbtest3 WHERE k BETWEEN 3197503 AND 3197603
	Bitmap Heap Scan on sbtest3  (cost=5.51..420.88 rows=105 width=125)
	  Recheck Cond: ((k >= 3197503) AND (k <= 3197603))
	  ->  Bitmap Index Scan on k_3  (cost=0.00..5.48 rows=105 width=0)
	        Index Cond: ((k >= 3197503) AND (k <= 3197603))

table 4 : explain SELECT k, c FROM sbtest4 WHERE k BETWEEN 3197503 AND 3197603
	Bitmap Heap Scan on sbtest4  (cost=5.39..373.61 rows=93 width=125)
	  Recheck Cond: ((k >= 3197503) AND (k <= 3197603))
	  ->  Bitmap Index Scan on k_4  (cost=0.00..5.36 rows=93 width=0)
	        Index Cond: ((k >= 3197503) AND (k <= 3197603))

table 5 : explain SELECT k, c FROM sbtest5 WHERE k BETWEEN 3197503 AND 3197603
	Bitmap Heap Scan on sbtest5  (cost=5.43..389.37 rows=97 width=125)
	  Recheck Cond: ((k >= 3197503) AND (k <= 3197603))
	  ->  Bitmap Index Scan on k_5  (cost=0.00..5.40 rows=97 width=0)
	        Index Cond: ((k >= 3197503) AND (k <= 3197603))

table 6 : explain SELECT k, c FROM sbtest6 WHERE k BETWEEN 3197503 AND 3197603
	Bitmap Heap Scan on sbtest6  (cost=5.44..393.31 rows=98 width=125)
	  Recheck Cond: ((k >= 3197503) AND (k <= 3197603))
	  ->  Bitmap Index Scan on k_6  (cost=0.00..5.42 rows=98 width=0)
	        Index Cond: ((k >= 3197503) AND (k <= 3197603))

table 7 : explain SELECT k, c FROM sbtest7 WHERE k BETWEEN 3197503 AND 3197603
	Bitmap Heap Scan on sbtest7  (cost=5.41..381.49 rows=95 width=125)
	  Recheck Cond: ((k >= 3197503) AND (k <= 3197603))
	  ->  Bitmap Index Scan on k_7  (cost=0.00..5.38 rows=95 width=0)
	        Index Cond: ((k >= 3197503) AND (k <= 3197603))

table 8 : explain SELECT k, c FROM sbtest8 WHERE k BETWEEN 3197503 AND 3197603
	Bitmap Heap Scan on sbtest8  (cost=5.54..432.69 rows=108 width=125)
	  Recheck Cond: ((k >= 3197503) AND (k <= 3197603))
	  ->  Bitmap Index Scan on k_8  (cost=0.00..5.51 rows=108 width=0)
	        Index Cond: ((k >= 3197503) AND (k <= 3197603))

for range-notcovered
table 1 : explain SELECT k, c FROM sbtest1 WHERE k BETWEEN 9138212 AND 9138312
	Bitmap Heap Scan on sbtest1  (cost=5.41..381.49 rows=95 width=125)
	  Recheck Cond: ((k >= 9138212) AND (k <= 9138312))
	  ->  Bitmap Index Scan on k_1  (cost=0.00..5.38 rows=95 width=0)
	        Index Cond: ((k >= 9138212) AND (k <= 9138312))

table 2 : explain SELECT k, c FROM sbtest2 WHERE k BETWEEN 9138212 AND 9138312
	Bitmap Heap Scan on sbtest2  (cost=5.56..440.56 rows=110 width=125)
	  Recheck Cond: ((k >= 9138212) AND (k <= 9138312))
	  ->  Bitmap Index Scan on k_2  (cost=0.00..5.53 rows=110 width=0)
	        Index Cond: ((k >= 9138212) AND (k <= 9138312))

table 3 : explain SELECT k, c FROM sbtest3 WHERE k BETWEEN 9138212 AND 9138312
	Bitmap Heap Scan on sbtest3  (cost=5.45..397.25 rows=99 width=125)
	  Recheck Cond: ((k >= 9138212) AND (k <= 9138312))
	  ->  Bitmap Index Scan on k_3  (cost=0.00..5.42 rows=99 width=0)
	        Index Cond: ((k >= 9138212) AND (k <= 9138312))

table 4 : explain SELECT k, c FROM sbtest4 WHERE k BETWEEN 9138212 AND 9138312
	Bitmap Heap Scan on sbtest4  (cost=5.42..385.43 rows=96 width=125)
	  Recheck Cond: ((k >= 9138212) AND (k <= 9138312))
	  ->  Bitmap Index Scan on k_4  (cost=0.00..5.39 rows=96 width=0)
	        Index Cond: ((k >= 9138212) AND (k <= 9138312))

table 5 : explain SELECT k, c FROM sbtest5 WHERE k BETWEEN 9138212 AND 9138312
	Bitmap Heap Scan on sbtest5  (cost=5.46..401.19 rows=100 width=125)
	  Recheck Cond: ((k >= 9138212) AND (k <= 9138312))
	  ->  Bitmap Index Scan on k_5  (cost=0.00..5.43 rows=100 width=0)
	        Index Cond: ((k >= 9138212) AND (k <= 9138312))

table 6 : explain SELECT k, c FROM sbtest6 WHERE k BETWEEN 9138212 AND 9138312
	Bitmap Heap Scan on sbtest6  (cost=5.48..409.07 rows=102 width=125)
	  Recheck Cond: ((k >= 9138212) AND (k <= 9138312))
	  ->  Bitmap Index Scan on k_6  (cost=0.00..5.45 rows=102 width=0)
	        Index Cond: ((k >= 9138212) AND (k <= 9138312))

table 7 : explain SELECT k, c FROM sbtest7 WHERE k BETWEEN 9138212 AND 9138312
	Bitmap Heap Scan on sbtest7  (cost=5.43..389.37 rows=97 width=125)
	  Recheck Cond: ((k >= 9138212) AND (k <= 9138312))
	  ->  Bitmap Index Scan on k_7  (cost=0.00..5.40 rows=97 width=0)
	        Index Cond: ((k >= 9138212) AND (k <= 9138312))

table 8 : explain SELECT k, c FROM sbtest8 WHERE k BETWEEN 9138212 AND 9138312
	Bitmap Heap Scan on sbtest8  (cost=5.41..381.49 rows=95 width=125)
	  Recheck Cond: ((k >= 9138212) AND (k <= 9138312))
	  ->  Bitmap Index Scan on k_8  (cost=0.00..5.38 rows=95 width=0)
	        Index Cond: ((k >= 9138212) AND (k <= 9138312))

for range-notcovered
table 1 : explain SELECT k, c FROM sbtest1 WHERE k BETWEEN 7628100 AND 7628200
	Bitmap Heap Scan on sbtest1  (cost=5.50..416.94 rows=104 width=125)
	  Recheck Cond: ((k >= 7628100) AND (k <= 7628200))
	  ->  Bitmap Index Scan on k_1  (cost=0.00..5.47 rows=104 width=0)
	        Index Cond: ((k >= 7628100) AND (k <= 7628200))

table 2 : explain SELECT k, c FROM sbtest2 WHERE k BETWEEN 7628100 AND 7628200
	Bitmap Heap Scan on sbtest2  (cost=5.45..397.25 rows=99 width=125)
	  Recheck Cond: ((k >= 7628100) AND (k <= 7628200))
	  ->  Bitmap Index Scan on k_2  (cost=0.00..5.42 rows=99 width=0)
	        Index Cond: ((k >= 7628100) AND (k <= 7628200))

table 3 : explain SELECT k, c FROM sbtest3 WHERE k BETWEEN 7628100 AND 7628200
	Bitmap Heap Scan on sbtest3  (cost=5.51..420.88 rows=105 width=125)
	  Recheck Cond: ((k >= 7628100) AND (k <= 7628200))
	  ->  Bitmap Index Scan on k_3  (cost=0.00..5.48 rows=105 width=0)
	        Index Cond: ((k >= 7628100) AND (k <= 7628200))

table 4 : explain SELECT k, c FROM sbtest4 WHERE k BETWEEN 7628100 AND 7628200
	Bitmap Heap Scan on sbtest4  (cost=5.56..440.56 rows=110 width=125)
	  Recheck Cond: ((k >= 7628100) AND (k <= 7628200))
	  ->  Bitmap Index Scan on k_4  (cost=0.00..5.53 rows=110 width=0)
	        Index Cond: ((k >= 7628100) AND (k <= 7628200))

table 5 : explain SELECT k, c FROM sbtest5 WHERE k BETWEEN 7628100 AND 7628200
	Bitmap Heap Scan on sbtest5  (cost=5.49..413.00 rows=103 width=125)
	  Recheck Cond: ((k >= 7628100) AND (k <= 7628200))
	  ->  Bitmap Index Scan on k_5  (cost=0.00..5.46 rows=103 width=0)
	        Index Cond: ((k >= 7628100) AND (k <= 7628200))

table 6 : explain SELECT k, c FROM sbtest6 WHERE k BETWEEN 7628100 AND 7628200
	Bitmap Heap Scan on sbtest6  (cost=5.46..401.19 rows=100 width=125)
	  Recheck Cond: ((k >= 7628100) AND (k <= 7628200))
	  ->  Bitmap Index Scan on k_6  (cost=0.00..5.43 rows=100 width=0)
	        Index Cond: ((k >= 7628100) AND (k <= 7628200))

table 7 : explain SELECT k, c FROM sbtest7 WHERE k BETWEEN 7628100 AND 7628200
	Bitmap Heap Scan on sbtest7  (cost=5.60..456.29 rows=114 width=125)
	  Recheck Cond: ((k >= 7628100) AND (k <= 7628200))
	  ->  Bitmap Index Scan on k_7  (cost=0.00..5.58 rows=114 width=0)
	        Index Cond: ((k >= 7628100) AND (k <= 7628200))

table 8 : explain SELECT k, c FROM sbtest8 WHERE k BETWEEN 7628100 AND 7628200
	Bitmap Heap Scan on sbtest8  (cost=5.53..428.75 rows=107 width=125)
	  Recheck Cond: ((k >= 7628100) AND (k <= 7628200))
	  ->  Bitmap Index Scan on k_8  (cost=0.00..5.50 rows=107 width=0)
	        Index Cond: ((k >= 7628100) AND (k <= 7628200))

explain: for range-notcovered :: explain SELECT k, c FROM sbtest%d WHERE k BETWEEN 7628100 AND 7628200
explain: for range-notcovered :: explain SELECT k, c FROM sbtest%d WHERE k BETWEEN 9138212 AND 9138312
for range-notcovered
table 1 : explain SELECT k, c FROM sbtest1 WHERE k BETWEEN 6375138 AND 6375238
	Bitmap Heap Scan on sbtest1  (cost=5.45..397.25 rows=99 width=125)
	  Recheck Cond: ((k >= 6375138) AND (k <= 6375238))
	  ->  Bitmap Index Scan on k_1  (cost=0.00..5.42 rows=99 width=0)
	        Index Cond: ((k >= 6375138) AND (k <= 6375238))

table 2 : explain SELECT k, c FROM sbtest2 WHERE k BETWEEN 6375138 AND 6375238
	Bitmap Heap Scan on sbtest2  (cost=5.54..432.69 rows=108 width=125)
	  Recheck Cond: ((k >= 6375138) AND (k <= 6375238))
	  ->  Bitmap Index Scan on k_2  (cost=0.00..5.51 rows=108 width=0)
	        Index Cond: ((k >= 6375138) AND (k <= 6375238))

table 3 : explain SELECT k, c FROM sbtest3 WHERE k BETWEEN 6375138 AND 6375238
	Bitmap Heap Scan on sbtest3  (cost=5.53..428.75 rows=107 width=125)
	  Recheck Cond: ((k >= 6375138) AND (k <= 6375238))
	  ->  Bitmap Index Scan on k_3  (cost=0.00..5.50 rows=107 width=0)
	        Index Cond: ((k >= 6375138) AND (k <= 6375238))

table 4 : explain SELECT k, c FROM sbtest4 WHERE k BETWEEN 6375138 AND 6375238
	Bitmap Heap Scan on sbtest4  (cost=5.52..424.81 rows=106 width=125)
	  Recheck Cond: ((k >= 6375138) AND (k <= 6375238))
	  ->  Bitmap Index Scan on k_4  (cost=0.00..5.50 rows=106 width=0)
	        Index Cond: ((k >= 6375138) AND (k <= 6375238))

table 5 : explain SELECT k, c FROM sbtest5 WHERE k BETWEEN 6375138 AND 6375238
	Bitmap Heap Scan on sbtest5  (cost=5.53..428.75 rows=107 width=125)
	  Recheck Cond: ((k >= 6375138) AND (k <= 6375238))
	  ->  Bitmap Index Scan on k_5  (cost=0.00..5.50 rows=107 width=0)
	        Index Cond: ((k >= 6375138) AND (k <= 6375238))

table 6 : explain SELECT k, c FROM sbtest6 WHERE k BETWEEN 6375138 AND 6375238
	Bitmap Heap Scan on sbtest6  (cost=5.43..389.37 rows=97 width=125)
	  Recheck Cond: ((k >= 6375138) AND (k <= 6375238))
	  ->  Bitmap Index Scan on k_6  (cost=0.00..5.40 rows=97 width=0)
	        Index Cond: ((k >= 6375138) AND (k <= 6375238))

table 7 : explain SELECT k, c FROM sbtest7 WHERE k BETWEEN 6375138 AND 6375238
	Bitmap Heap Scan on sbtest7  (cost=5.45..397.25 rows=99 width=125)
	  Recheck Cond: ((k >= 6375138) AND (k <= 6375238))
	  ->  Bitmap Index Scan on k_7  (cost=0.00..5.42 rows=99 width=0)
	        Index Cond: ((k >= 6375138) AND (k <= 6375238))

table 8 : explain SELECT k, c FROM sbtest8 WHERE k BETWEEN 6375138 AND 6375238
	Bitmap Heap Scan on sbtest8  (cost=5.56..440.56 rows=110 width=125)
	  Recheck Cond: ((k >= 6375138) AND (k <= 6375238))
	  ->  Bitmap Index Scan on k_8  (cost=0.00..5.53 rows=110 width=0)
	        Index Cond: ((k >= 6375138) AND (k <= 6375238))

explain: for range-notcovered :: explain SELECT k, c FROM sbtest%d WHERE k BETWEEN 6375138 AND 6375238
explain: for range-notcovered :: explain SELECT k, c FROM sbtest%d WHERE k BETWEEN 5599280 AND 5599380
for range-notcovered
table 1 : explain SELECT k, c FROM sbtest1 WHERE k BETWEEN 7628100 AND 7628200
	Bitmap Heap Scan on sbtest1  (cost=5.50..416.94 rows=104 width=125)
	  Recheck Cond: ((k >= 7628100) AND (k <= 7628200))
	  ->  Bitmap Index Scan on k_1  (cost=0.00..5.47 rows=104 width=0)
	        Index Cond: ((k >= 7628100) AND (k <= 7628200))

table 2 : explain SELECT k, c FROM sbtest2 WHERE k BETWEEN 7628100 AND 7628200
	Bitmap Heap Scan on sbtest2  (cost=5.45..397.25 rows=99 width=125)
	  Recheck Cond: ((k >= 7628100) AND (k <= 7628200))
	  ->  Bitmap Index Scan on k_2  (cost=0.00..5.42 rows=99 width=0)
	        Index Cond: ((k >= 7628100) AND (k <= 7628200))

table 3 : explain SELECT k, c FROM sbtest3 WHERE k BETWEEN 7628100 AND 7628200
	Bitmap Heap Scan on sbtest3  (cost=5.51..420.88 rows=105 width=125)
	  Recheck Cond: ((k >= 7628100) AND (k <= 7628200))
	  ->  Bitmap Index Scan on k_3  (cost=0.00..5.48 rows=105 width=0)
	        Index Cond: ((k >= 7628100) AND (k <= 7628200))

table 4 : explain SELECT k, c FROM sbtest4 WHERE k BETWEEN 7628100 AND 7628200
	Bitmap Heap Scan on sbtest4  (cost=5.56..440.56 rows=110 width=125)
	  Recheck Cond: ((k >= 7628100) AND (k <= 7628200))
	  ->  Bitmap Index Scan on k_4  (cost=0.00..5.53 rows=110 width=0)
	        Index Cond: ((k >= 7628100) AND (k <= 7628200))

table 5 : explain SELECT k, c FROM sbtest5 WHERE k BETWEEN 7628100 AND 7628200
	Bitmap Heap Scan on sbtest5  (cost=5.49..413.00 rows=103 width=125)
	  Recheck Cond: ((k >= 7628100) AND (k <= 7628200))
	  ->  Bitmap Index Scan on k_5  (cost=0.00..5.46 rows=103 width=0)
	        Index Cond: ((k >= 7628100) AND (k <= 7628200))

table 6 : explain SELECT k, c FROM sbtest6 WHERE k BETWEEN 7628100 AND 7628200
	Bitmap Heap Scan on sbtest6  (cost=5.46..401.19 rows=100 width=125)
	  Recheck Cond: ((k >= 7628100) AND (k <= 7628200))
	  ->  Bitmap Index Scan on k_6  (cost=0.00..5.43 rows=100 width=0)
	        Index Cond: ((k >= 7628100) AND (k <= 7628200))

table 7 : explain SELECT k, c FROM sbtest7 WHERE k BETWEEN 7628100 AND 7628200
	Bitmap Heap Scan on sbtest7  (cost=5.60..456.29 rows=114 width=125)
	  Recheck Cond: ((k >= 7628100) AND (k <= 7628200))
	  ->  Bitmap Index Scan on k_7  (cost=0.00..5.58 rows=114 width=0)
	        Index Cond: ((k >= 7628100) AND (k <= 7628200))

table 8 : explain SELECT k, c FROM sbtest8 WHERE k BETWEEN 7628100 AND 7628200
	Bitmap Heap Scan on sbtest8  (cost=5.53..428.75 rows=107 width=125)
	  Recheck Cond: ((k >= 7628100) AND (k <= 7628200))
	  ->  Bitmap Index Scan on k_8  (cost=0.00..5.50 rows=107 width=0)
	        Index Cond: ((k >= 7628100) AND (k <= 7628200))

explain: for range-notcovered :: explain SELECT k, c FROM sbtest%d WHERE k BETWEEN 7628100 AND 7628200
for range-notcovered
table 1 : explain SELECT k, c FROM sbtest1 WHERE k BETWEEN 6375138 AND 6375238
	Bitmap Heap Scan on sbtest1  (cost=5.45..397.25 rows=99 width=125)
	  Recheck Cond: ((k >= 6375138) AND (k <= 6375238))
	  ->  Bitmap Index Scan on k_1  (cost=0.00..5.42 rows=99 width=0)
	        Index Cond: ((k >= 6375138) AND (k <= 6375238))

table 2 : explain SELECT k, c FROM sbtest2 WHERE k BETWEEN 6375138 AND 6375238
	Bitmap Heap Scan on sbtest2  (cost=5.54..432.69 rows=108 width=125)
	  Recheck Cond: ((k >= 6375138) AND (k <= 6375238))
	  ->  Bitmap Index Scan on k_2  (cost=0.00..5.51 rows=108 width=0)
	        Index Cond: ((k >= 6375138) AND (k <= 6375238))

table 3 : explain SELECT k, c FROM sbtest3 WHERE k BETWEEN 6375138 AND 6375238
	Bitmap Heap Scan on sbtest3  (cost=5.53..428.75 rows=107 width=125)
	  Recheck Cond: ((k >= 6375138) AND (k <= 6375238))
	  ->  Bitmap Index Scan on k_3  (cost=0.00..5.50 rows=107 width=0)
	        Index Cond: ((k >= 6375138) AND (k <= 6375238))

table 4 : explain SELECT k, c FROM sbtest4 WHERE k BETWEEN 6375138 AND 6375238
	Bitmap Heap Scan on sbtest4  (cost=5.52..424.81 rows=106 width=125)
	  Recheck Cond: ((k >= 6375138) AND (k <= 6375238))
	  ->  Bitmap Index Scan on k_4  (cost=0.00..5.50 rows=106 width=0)
	        Index Cond: ((k >= 6375138) AND (k <= 6375238))

table 5 : explain SELECT k, c FROM sbtest5 WHERE k BETWEEN 6375138 AND 6375238
	Bitmap Heap Scan on sbtest5  (cost=5.53..428.75 rows=107 width=125)
	  Recheck Cond: ((k >= 6375138) AND (k <= 6375238))
	  ->  Bitmap Index Scan on k_5  (cost=0.00..5.50 rows=107 width=0)
	        Index Cond: ((k >= 6375138) AND (k <= 6375238))

table 6 : explain SELECT k, c FROM sbtest6 WHERE k BETWEEN 6375138 AND 6375238
	Bitmap Heap Scan on sbtest6  (cost=5.43..389.37 rows=97 width=125)
	  Recheck Cond: ((k >= 6375138) AND (k <= 6375238))
	  ->  Bitmap Index Scan on k_6  (cost=0.00..5.40 rows=97 width=0)
	        Index Cond: ((k >= 6375138) AND (k <= 6375238))

table 7 : explain SELECT k, c FROM sbtest7 WHERE k BETWEEN 6375138 AND 6375238
	Bitmap Heap Scan on sbtest7  (cost=5.45..397.25 rows=99 width=125)
	  Recheck Cond: ((k >= 6375138) AND (k <= 6375238))
	  ->  Bitmap Index Scan on k_7  (cost=0.00..5.42 rows=99 width=0)
	        Index Cond: ((k >= 6375138) AND (k <= 6375238))

table 8 : explain SELECT k, c FROM sbtest8 WHERE k BETWEEN 6375138 AND 6375238
	Bitmap Heap Scan on sbtest8  (cost=5.56..440.56 rows=110 width=125)
	  Recheck Cond: ((k >= 6375138) AND (k <= 6375238))
	  ->  Bitmap Index Scan on k_8  (cost=0.00..5.53 rows=110 width=0)
	        Index Cond: ((k >= 6375138) AND (k <= 6375238))

explain: for range-notcovered :: explain SELECT k, c FROM sbtest%d WHERE k BETWEEN 6375138 AND 6375238
for range-notcovered
table 1 : explain SELECT k, c FROM sbtest1 WHERE k BETWEEN 9138212 AND 9138312
	Bitmap Heap Scan on sbtest1  (cost=5.41..381.49 rows=95 width=125)
	  Recheck Cond: ((k >= 9138212) AND (k <= 9138312))
	  ->  Bitmap Index Scan on k_1  (cost=0.00..5.38 rows=95 width=0)
	        Index Cond: ((k >= 9138212) AND (k <= 9138312))

table 2 : explain SELECT k, c FROM sbtest2 WHERE k BETWEEN 9138212 AND 9138312
	Bitmap Heap Scan on sbtest2  (cost=5.56..440.56 rows=110 width=125)
	  Recheck Cond: ((k >= 9138212) AND (k <= 9138312))
	  ->  Bitmap Index Scan on k_2  (cost=0.00..5.53 rows=110 width=0)
	        Index Cond: ((k >= 9138212) AND (k <= 9138312))

table 3 : explain SELECT k, c FROM sbtest3 WHERE k BETWEEN 9138212 AND 9138312
	Bitmap Heap Scan on sbtest3  (cost=5.45..397.25 rows=99 width=125)
	  Recheck Cond: ((k >= 9138212) AND (k <= 9138312))
	  ->  Bitmap Index Scan on k_3  (cost=0.00..5.42 rows=99 width=0)
	        Index Cond: ((k >= 9138212) AND (k <= 9138312))

table 4 : explain SELECT k, c FROM sbtest4 WHERE k BETWEEN 9138212 AND 9138312
	Bitmap Heap Scan on sbtest4  (cost=5.42..385.43 rows=96 width=125)
	  Recheck Cond: ((k >= 9138212) AND (k <= 9138312))
	  ->  Bitmap Index Scan on k_4  (cost=0.00..5.39 rows=96 width=0)
	        Index Cond: ((k >= 9138212) AND (k <= 9138312))

table 5 : explain SELECT k, c FROM sbtest5 WHERE k BETWEEN 9138212 AND 9138312
	Bitmap Heap Scan on sbtest5  (cost=5.46..401.19 rows=100 width=125)
	  Recheck Cond: ((k >= 9138212) AND (k <= 9138312))
	  ->  Bitmap Index Scan on k_5  (cost=0.00..5.43 rows=100 width=0)
	        Index Cond: ((k >= 9138212) AND (k <= 9138312))

table 6 : explain SELECT k, c FROM sbtest6 WHERE k BETWEEN 9138212 AND 9138312
	Bitmap Heap Scan on sbtest6  (cost=5.48..409.07 rows=102 width=125)
	  Recheck Cond: ((k >= 9138212) AND (k <= 9138312))
	  ->  Bitmap Index Scan on k_6  (cost=0.00..5.45 rows=102 width=0)
	        Index Cond: ((k >= 9138212) AND (k <= 9138312))

table 7 : explain SELECT k, c FROM sbtest7 WHERE k BETWEEN 9138212 AND 9138312
	Bitmap Heap Scan on sbtest7  (cost=5.43..389.37 rows=97 width=125)
	  Recheck Cond: ((k >= 9138212) AND (k <= 9138312))
	  ->  Bitmap Index Scan on k_7  (cost=0.00..5.40 rows=97 width=0)
	        Index Cond: ((k >= 9138212) AND (k <= 9138312))

table 8 : explain SELECT k, c FROM sbtest8 WHERE k BETWEEN 9138212 AND 9138312
	Bitmap Heap Scan on sbtest8  (cost=5.41..381.49 rows=95 width=125)
	  Recheck Cond: ((k >= 9138212) AND (k <= 9138312))
	  ->  Bitmap Index Scan on k_8  (cost=0.00..5.38 rows=95 width=0)
	        Index Cond: ((k >= 9138212) AND (k <= 9138312))

for range-notcovered
table 1 : explain SELECT k, c FROM sbtest1 WHERE k BETWEEN 7628100 AND 7628200
	Bitmap Heap Scan on sbtest1  (cost=5.50..416.94 rows=104 width=125)
	  Recheck Cond: ((k >= 7628100) AND (k <= 7628200))
	  ->  Bitmap Index Scan on k_1  (cost=0.00..5.47 rows=104 width=0)
	        Index Cond: ((k >= 7628100) AND (k <= 7628200))

table 2 : explain SELECT k, c FROM sbtest2 WHERE k BETWEEN 7628100 AND 7628200
	Bitmap Heap Scan on sbtest2  (cost=5.45..397.25 rows=99 width=125)
	  Recheck Cond: ((k >= 7628100) AND (k <= 7628200))
	  ->  Bitmap Index Scan on k_2  (cost=0.00..5.42 rows=99 width=0)
	        Index Cond: ((k >= 7628100) AND (k <= 7628200))

table 3 : explain SELECT k, c FROM sbtest3 WHERE k BETWEEN 7628100 AND 7628200
	Bitmap Heap Scan on sbtest3  (cost=5.51..420.88 rows=105 width=125)
	  Recheck Cond: ((k >= 7628100) AND (k <= 7628200))
	  ->  Bitmap Index Scan on k_3  (cost=0.00..5.48 rows=105 width=0)
	        Index Cond: ((k >= 7628100) AND (k <= 7628200))

table 4 : explain SELECT k, c FROM sbtest4 WHERE k BETWEEN 7628100 AND 7628200
	Bitmap Heap Scan on sbtest4  (cost=5.56..440.56 rows=110 width=125)
	  Recheck Cond: ((k >= 7628100) AND (k <= 7628200))
	  ->  Bitmap Index Scan on k_4  (cost=0.00..5.53 rows=110 width=0)
	        Index Cond: ((k >= 7628100) AND (k <= 7628200))

table 5 : explain SELECT k, c FROM sbtest5 WHERE k BETWEEN 7628100 AND 7628200
	Bitmap Heap Scan on sbtest5  (cost=5.49..413.00 rows=103 width=125)
	  Recheck Cond: ((k >= 7628100) AND (k <= 7628200))
	  ->  Bitmap Index Scan on k_5  (cost=0.00..5.46 rows=103 width=0)
	        Index Cond: ((k >= 7628100) AND (k <= 7628200))

table 6 : explain SELECT k, c FROM sbtest6 WHERE k BETWEEN 7628100 AND 7628200
	Bitmap Heap Scan on sbtest6  (cost=5.46..401.19 rows=100 width=125)
	  Recheck Cond: ((k >= 7628100) AND (k <= 7628200))
	  ->  Bitmap Index Scan on k_6  (cost=0.00..5.43 rows=100 width=0)
	        Index Cond: ((k >= 7628100) AND (k <= 7628200))

table 7 : explain SELECT k, c FROM sbtest7 WHERE k BETWEEN 7628100 AND 7628200
	Bitmap Heap Scan on sbtest7  (cost=5.60..456.29 rows=114 width=125)
	  Recheck Cond: ((k >= 7628100) AND (k <= 7628200))
	  ->  Bitmap Index Scan on k_7  (cost=0.00..5.58 rows=114 width=0)
	        Index Cond: ((k >= 7628100) AND (k <= 7628200))

table 8 : explain SELECT k, c FROM sbtest8 WHERE k BETWEEN 7628100 AND 7628200
	Bitmap Heap Scan on sbtest8  (cost=5.53..428.75 rows=107 width=125)
	  Recheck Cond: ((k >= 7628100) AND (k <= 7628200))
	  ->  Bitmap Index Scan on k_8  (cost=0.00..5.50 rows=107 width=0)
	        Index Cond: ((k >= 7628100) AND (k <= 7628200))

explain: for range-notcovered :: explain SELECT k, c FROM sbtest%d WHERE k BETWEEN 9138212 AND 9138312
explain: for range-notcovered :: explain SELECT k, c FROM sbtest%d WHERE k BETWEEN 6113201 AND 6113301
for range-notcovered
table 1 : explain SELECT k, c FROM sbtest1 WHERE k BETWEEN 6375138 AND 6375238
	Bitmap Heap Scan on sbtest1  (cost=5.45..397.25 rows=99 width=125)
	  Recheck Cond: ((k >= 6375138) AND (k <= 6375238))
	  ->  Bitmap Index Scan on k_1  (cost=0.00..5.42 rows=99 width=0)
	        Index Cond: ((k >= 6375138) AND (k <= 6375238))

table 2 : explain SELECT k, c FROM sbtest2 WHERE k BETWEEN 6375138 AND 6375238
	Bitmap Heap Scan on sbtest2  (cost=5.54..432.69 rows=108 width=125)
	  Recheck Cond: ((k >= 6375138) AND (k <= 6375238))
	  ->  Bitmap Index Scan on k_2  (cost=0.00..5.51 rows=108 width=0)
	        Index Cond: ((k >= 6375138) AND (k <= 6375238))

table 3 : explain SELECT k, c FROM sbtest3 WHERE k BETWEEN 6375138 AND 6375238
	Bitmap Heap Scan on sbtest3  (cost=5.53..428.75 rows=107 width=125)
	  Recheck Cond: ((k >= 6375138) AND (k <= 6375238))
	  ->  Bitmap Index Scan on k_3  (cost=0.00..5.50 rows=107 width=0)
	        Index Cond: ((k >= 6375138) AND (k <= 6375238))

table 4 : explain SELECT k, c FROM sbtest4 WHERE k BETWEEN 6375138 AND 6375238
	Bitmap Heap Scan on sbtest4  (cost=5.52..424.81 rows=106 width=125)
	  Recheck Cond: ((k >= 6375138) AND (k <= 6375238))
	  ->  Bitmap Index Scan on k_4  (cost=0.00..5.50 rows=106 width=0)
	        Index Cond: ((k >= 6375138) AND (k <= 6375238))

table 5 : explain SELECT k, c FROM sbtest5 WHERE k BETWEEN 6375138 AND 6375238
	Bitmap Heap Scan on sbtest5  (cost=5.53..428.75 rows=107 width=125)
	  Recheck Cond: ((k >= 6375138) AND (k <= 6375238))
	  ->  Bitmap Index Scan on k_5  (cost=0.00..5.50 rows=107 width=0)
	        Index Cond: ((k >= 6375138) AND (k <= 6375238))

table 6 : explain SELECT k, c FROM sbtest6 WHERE k BETWEEN 6375138 AND 6375238
	Bitmap Heap Scan on sbtest6  (cost=5.43..389.37 rows=97 width=125)
	  Recheck Cond: ((k >= 6375138) AND (k <= 6375238))
	  ->  Bitmap Index Scan on k_6  (cost=0.00..5.40 rows=97 width=0)
	        Index Cond: ((k >= 6375138) AND (k <= 6375238))

table 7 : explain SELECT k, c FROM sbtest7 WHERE k BETWEEN 6375138 AND 6375238
	Bitmap Heap Scan on sbtest7  (cost=5.45..397.25 rows=99 width=125)
	  Recheck Cond: ((k >= 6375138) AND (k <= 6375238))
	  ->  Bitmap Index Scan on k_7  (cost=0.00..5.42 rows=99 width=0)
	        Index Cond: ((k >= 6375138) AND (k <= 6375238))

table 8 : explain SELECT k, c FROM sbtest8 WHERE k BETWEEN 6375138 AND 6375238
	Bitmap Heap Scan on sbtest8  (cost=5.56..440.56 rows=110 width=125)
	  Recheck Cond: ((k >= 6375138) AND (k <= 6375238))
	  ->  Bitmap Index Scan on k_8  (cost=0.00..5.53 rows=110 width=0)
	        Index Cond: ((k >= 6375138) AND (k <= 6375238))

explain: for range-notcovered :: explain SELECT k, c FROM sbtest%d WHERE k BETWEEN 3271761 AND 3271861
explain: for range-notcovered :: explain SELECT k, c FROM sbtest%d WHERE k BETWEEN 7392854 AND 7392954
explain: for range-notcovered :: explain SELECT k, c FROM sbtest%d WHERE k BETWEEN 6375138 AND 6375238
for range-notcovered
table 1 : explain SELECT k, c FROM sbtest1 WHERE k BETWEEN 5511193 AND 5511293
	Bitmap Heap Scan on sbtest1  (cost=5.50..416.94 rows=104 width=125)
	  Recheck Cond: ((k >= 5511193) AND (k <= 5511293))
	  ->  Bitmap Index Scan on k_1  (cost=0.00..5.47 rows=104 width=0)
	        Index Cond: ((k >= 5511193) AND (k <= 5511293))

table 2 : explain SELECT k, c FROM sbtest2 WHERE k BETWEEN 5511193 AND 5511293
	Bitmap Heap Scan on sbtest2  (cost=5.44..393.31 rows=98 width=125)
	  Recheck Cond: ((k >= 5511193) AND (k <= 5511293))
	  ->  Bitmap Index Scan on k_2  (cost=0.00..5.42 rows=98 width=0)
	        Index Cond: ((k >= 5511193) AND (k <= 5511293))

table 3 : explain SELECT k, c FROM sbtest3 WHERE k BETWEEN 5511193 AND 5511293
	Bitmap Heap Scan on sbtest3  (cost=5.47..405.13 rows=101 width=125)
	  Recheck Cond: ((k >= 5511193) AND (k <= 5511293))
	  ->  Bitmap Index Scan on k_3  (cost=0.00..5.44 rows=101 width=0)
	        Index Cond: ((k >= 5511193) AND (k <= 5511293))

table 4 : explain SELECT k, c FROM sbtest4 WHERE k BETWEEN 5511193 AND 5511293
	Bitmap Heap Scan on sbtest4  (cost=5.35..357.84 rows=89 width=125)
	  Recheck Cond: ((k >= 5511193) AND (k <= 5511293))
	  ->  Bitmap Index Scan on k_4  (cost=0.00..5.32 rows=89 width=0)
	        Index Cond: ((k >= 5511193) AND (k <= 5511293))

table 5 : explain SELECT k, c FROM sbtest5 WHERE k BETWEEN 5511193 AND 5511293
	Bitmap Heap Scan on sbtest5  (cost=5.39..373.61 rows=93 width=125)
	  Recheck Cond: ((k >= 5511193) AND (k <= 5511293))
	  ->  Bitmap Index Scan on k_5  (cost=0.00..5.36 rows=93 width=0)
	        Index Cond: ((k >= 5511193) AND (k <= 5511293))

table 6 : explain SELECT k, c FROM sbtest6 WHERE k BETWEEN 5511193 AND 5511293
	Bitmap Heap Scan on sbtest6  (cost=5.41..381.49 rows=95 width=125)
	  Recheck Cond: ((k >= 5511193) AND (k <= 5511293))
	  ->  Bitmap Index Scan on k_6  (cost=0.00..5.38 rows=95 width=0)
	        Index Cond: ((k >= 5511193) AND (k <= 5511293))

table 7 : explain SELECT k, c FROM sbtest7 WHERE k BETWEEN 5511193 AND 5511293
	Bitmap Heap Scan on sbtest7  (cost=5.51..420.88 rows=105 width=125)
	  Recheck Cond: ((k >= 5511193) AND (k <= 5511293))
	  ->  Bitmap Index Scan on k_7  (cost=0.00..5.48 rows=105 width=0)
	        Index Cond: ((k >= 5511193) AND (k <= 5511293))

table 8 : explain SELECT k, c FROM sbtest8 WHERE k BETWEEN 5511193 AND 5511293
	Bitmap Heap Scan on sbtest8  (cost=5.41..381.49 rows=95 width=125)
	  Recheck Cond: ((k >= 5511193) AND (k <= 5511293))
	  ->  Bitmap Index Scan on k_8  (cost=0.00..5.38 rows=95 width=0)
	        Index Cond: ((k >= 5511193) AND (k <= 5511293))

explain: for range-notcovered :: explain SELECT k, c FROM sbtest%d WHERE k BETWEEN 5511193 AND 5511293
explain: for range-notcovered :: explain SELECT k, c FROM sbtest%d WHERE k BETWEEN 8496887 AND 8496987
for range-notcovered
table 1 : explain SELECT k, c FROM sbtest1 WHERE k BETWEEN 6375138 AND 6375238
	Bitmap Heap Scan on sbtest1  (cost=5.45..397.25 rows=99 width=125)
	  Recheck Cond: ((k >= 6375138) AND (k <= 6375238))
	  ->  Bitmap Index Scan on k_1  (cost=0.00..5.42 rows=99 width=0)
	        Index Cond: ((k >= 6375138) AND (k <= 6375238))

table 2 : explain SELECT k, c FROM sbtest2 WHERE k BETWEEN 6375138 AND 6375238
	Bitmap Heap Scan on sbtest2  (cost=5.54..432.69 rows=108 width=125)
	  Recheck Cond: ((k >= 6375138) AND (k <= 6375238))
	  ->  Bitmap Index Scan on k_2  (cost=0.00..5.51 rows=108 width=0)
	        Index Cond: ((k >= 6375138) AND (k <= 6375238))

table 3 : explain SELECT k, c FROM sbtest3 WHERE k BETWEEN 6375138 AND 6375238
	Bitmap Heap Scan on sbtest3  (cost=5.53..428.75 rows=107 width=125)
	  Recheck Cond: ((k >= 6375138) AND (k <= 6375238))
	  ->  Bitmap Index Scan on k_3  (cost=0.00..5.50 rows=107 width=0)
	        Index Cond: ((k >= 6375138) AND (k <= 6375238))

table 4 : explain SELECT k, c FROM sbtest4 WHERE k BETWEEN 6375138 AND 6375238
	Bitmap Heap Scan on sbtest4  (cost=5.52..424.81 rows=106 width=125)
	  Recheck Cond: ((k >= 6375138) AND (k <= 6375238))
	  ->  Bitmap Index Scan on k_4  (cost=0.00..5.50 rows=106 width=0)
	        Index Cond: ((k >= 6375138) AND (k <= 6375238))

table 5 : explain SELECT k, c FROM sbtest5 WHERE k BETWEEN 6375138 AND 6375238
	Bitmap Heap Scan on sbtest5  (cost=5.53..428.75 rows=107 width=125)
	  Recheck Cond: ((k >= 6375138) AND (k <= 6375238))
	  ->  Bitmap Index Scan on k_5  (cost=0.00..5.50 rows=107 width=0)
	        Index Cond: ((k >= 6375138) AND (k <= 6375238))

table 6 : explain SELECT k, c FROM sbtest6 WHERE k BETWEEN 6375138 AND 6375238
	Bitmap Heap Scan on sbtest6  (cost=5.43..389.37 rows=97 width=125)
	  Recheck Cond: ((k >= 6375138) AND (k <= 6375238))
	  ->  Bitmap Index Scan on k_6  (cost=0.00..5.40 rows=97 width=0)
	        Index Cond: ((k >= 6375138) AND (k <= 6375238))

table 7 : explain SELECT k, c FROM sbtest7 WHERE k BETWEEN 6375138 AND 6375238
	Bitmap Heap Scan on sbtest7  (cost=5.45..397.25 rows=99 width=125)
	  Recheck Cond: ((k >= 6375138) AND (k <= 6375238))
	  ->  Bitmap Index Scan on k_7  (cost=0.00..5.42 rows=99 width=0)
	        Index Cond: ((k >= 6375138) AND (k <= 6375238))

table 8 : explain SELECT k, c FROM sbtest8 WHERE k BETWEEN 6375138 AND 6375238
	Bitmap Heap Scan on sbtest8  (cost=5.56..440.56 rows=110 width=125)
	  Recheck Cond: ((k >= 6375138) AND (k <= 6375238))
	  ->  Bitmap Index Scan on k_8  (cost=0.00..5.53 rows=110 width=0)
	        Index Cond: ((k >= 6375138) AND (k <= 6375238))

explain: for range-notcovered :: explain SELECT k, c FROM sbtest%d WHERE k BETWEEN 6375138 AND 6375238
for range-notcovered
table 1 : explain SELECT k, c FROM sbtest1 WHERE k BETWEEN 9138212 AND 9138312
	Bitmap Heap Scan on sbtest1  (cost=5.41..381.49 rows=95 width=125)
	  Recheck Cond: ((k >= 9138212) AND (k <= 9138312))
	  ->  Bitmap Index Scan on k_1  (cost=0.00..5.38 rows=95 width=0)
	        Index Cond: ((k >= 9138212) AND (k <= 9138312))

table 2 : explain SELECT k, c FROM sbtest2 WHERE k BETWEEN 9138212 AND 9138312
	Bitmap Heap Scan on sbtest2  (cost=5.56..440.56 rows=110 width=125)
	  Recheck Cond: ((k >= 9138212) AND (k <= 9138312))
	  ->  Bitmap Index Scan on k_2  (cost=0.00..5.53 rows=110 width=0)
	        Index Cond: ((k >= 9138212) AND (k <= 9138312))

table 3 : explain SELECT k, c FROM sbtest3 WHERE k BETWEEN 9138212 AND 9138312
	Bitmap Heap Scan on sbtest3  (cost=5.45..397.25 rows=99 width=125)
	  Recheck Cond: ((k >= 9138212) AND (k <= 9138312))
	  ->  Bitmap Index Scan on k_3  (cost=0.00..5.42 rows=99 width=0)
	        Index Cond: ((k >= 9138212) AND (k <= 9138312))

table 4 : explain SELECT k, c FROM sbtest4 WHERE k BETWEEN 9138212 AND 9138312
	Bitmap Heap Scan on sbtest4  (cost=5.42..385.43 rows=96 width=125)
	  Recheck Cond: ((k >= 9138212) AND (k <= 9138312))
	  ->  Bitmap Index Scan on k_4  (cost=0.00..5.39 rows=96 width=0)
	        Index Cond: ((k >= 9138212) AND (k <= 9138312))

table 5 : explain SELECT k, c FROM sbtest5 WHERE k BETWEEN 9138212 AND 9138312
	Bitmap Heap Scan on sbtest5  (cost=5.46..401.19 rows=100 width=125)
	  Recheck Cond: ((k >= 9138212) AND (k <= 9138312))
	  ->  Bitmap Index Scan on k_5  (cost=0.00..5.43 rows=100 width=0)
	        Index Cond: ((k >= 9138212) AND (k <= 9138312))

table 6 : explain SELECT k, c FROM sbtest6 WHERE k BETWEEN 9138212 AND 9138312
	Bitmap Heap Scan on sbtest6  (cost=5.48..409.07 rows=102 width=125)
	  Recheck Cond: ((k >= 9138212) AND (k <= 9138312))
	  ->  Bitmap Index Scan on k_6  (cost=0.00..5.45 rows=102 width=0)
	        Index Cond: ((k >= 9138212) AND (k <= 9138312))

table 7 : explain SELECT k, c FROM sbtest7 WHERE k BETWEEN 9138212 AND 9138312
	Bitmap Heap Scan on sbtest7  (cost=5.43..389.37 rows=97 width=125)
	  Recheck Cond: ((k >= 9138212) AND (k <= 9138312))
	  ->  Bitmap Index Scan on k_7  (cost=0.00..5.40 rows=97 width=0)
	        Index Cond: ((k >= 9138212) AND (k <= 9138312))

table 8 : explain SELECT k, c FROM sbtest8 WHERE k BETWEEN 9138212 AND 9138312
	Bitmap Heap Scan on sbtest8  (cost=5.41..381.49 rows=95 width=125)
	  Recheck Cond: ((k >= 9138212) AND (k <= 9138312))
	  ->  Bitmap Index Scan on k_8  (cost=0.00..5.38 rows=95 width=0)
	        Index Cond: ((k >= 9138212) AND (k <= 9138312))

for range-notcovered
table 1 : explain SELECT k, c FROM sbtest1 WHERE k BETWEEN 5511193 AND 5511293
	Bitmap Heap Scan on sbtest1  (cost=5.50..416.94 rows=104 width=125)
	  Recheck Cond: ((k >= 5511193) AND (k <= 5511293))
	  ->  Bitmap Index Scan on k_1  (cost=0.00..5.47 rows=104 width=0)
	        Index Cond: ((k >= 5511193) AND (k <= 5511293))

table 2 : explain SELECT k, c FROM sbtest2 WHERE k BETWEEN 5511193 AND 5511293
	Bitmap Heap Scan on sbtest2  (cost=5.44..393.31 rows=98 width=125)
	  Recheck Cond: ((k >= 5511193) AND (k <= 5511293))
	  ->  Bitmap Index Scan on k_2  (cost=0.00..5.42 rows=98 width=0)
	        Index Cond: ((k >= 5511193) AND (k <= 5511293))

table 3 : explain SELECT k, c FROM sbtest3 WHERE k BETWEEN 5511193 AND 5511293
	Bitmap Heap Scan on sbtest3  (cost=5.47..405.13 rows=101 width=125)
	  Recheck Cond: ((k >= 5511193) AND (k <= 5511293))
	  ->  Bitmap Index Scan on k_3  (cost=0.00..5.44 rows=101 width=0)
	        Index Cond: ((k >= 5511193) AND (k <= 5511293))

table 4 : explain SELECT k, c FROM sbtest4 WHERE k BETWEEN 5511193 AND 5511293
	Bitmap Heap Scan on sbtest4  (cost=5.35..357.84 rows=89 width=125)
	  Recheck Cond: ((k >= 5511193) AND (k <= 5511293))
	  ->  Bitmap Index Scan on k_4  (cost=0.00..5.32 rows=89 width=0)
	        Index Cond: ((k >= 5511193) AND (k <= 5511293))

table 5 : explain SELECT k, c FROM sbtest5 WHERE k BETWEEN 5511193 AND 5511293
	Bitmap Heap Scan on sbtest5  (cost=5.39..373.61 rows=93 width=125)
	  Recheck Cond: ((k >= 5511193) AND (k <= 5511293))
	  ->  Bitmap Index Scan on k_5  (cost=0.00..5.36 rows=93 width=0)
	        Index Cond: ((k >= 5511193) AND (k <= 5511293))

table 6 : explain SELECT k, c FROM sbtest6 WHERE k BETWEEN 5511193 AND 5511293
	Bitmap Heap Scan on sbtest6  (cost=5.41..381.49 rows=95 width=125)
	  Recheck Cond: ((k >= 5511193) AND (k <= 5511293))
	  ->  Bitmap Index Scan on k_6  (cost=0.00..5.38 rows=95 width=0)
	        Index Cond: ((k >= 5511193) AND (k <= 5511293))

table 7 : explain SELECT k, c FROM sbtest7 WHERE k BETWEEN 5511193 AND 5511293
	Bitmap Heap Scan on sbtest7  (cost=5.51..420.88 rows=105 width=125)
	  Recheck Cond: ((k >= 5511193) AND (k <= 5511293))
	  ->  Bitmap Index Scan on k_7  (cost=0.00..5.48 rows=105 width=0)
	        Index Cond: ((k >= 5511193) AND (k <= 5511293))

table 8 : explain SELECT k, c FROM sbtest8 WHERE k BETWEEN 5511193 AND 5511293
	Bitmap Heap Scan on sbtest8  (cost=5.41..381.49 rows=95 width=125)
	  Recheck Cond: ((k >= 5511193) AND (k <= 5511293))
	  ->  Bitmap Index Scan on k_8  (cost=0.00..5.38 rows=95 width=0)
	        Index Cond: ((k >= 5511193) AND (k <= 5511293))

explain: for range-notcovered :: explain SELECT k, c FROM sbtest%d WHERE k BETWEEN 5511193 AND 5511293
for range-notcovered
table 1 : explain SELECT k, c FROM sbtest1 WHERE k BETWEEN 6375138 AND 6375238
	Bitmap Heap Scan on sbtest1  (cost=5.45..397.25 rows=99 width=125)
	  Recheck Cond: ((k >= 6375138) AND (k <= 6375238))
	  ->  Bitmap Index Scan on k_1  (cost=0.00..5.42 rows=99 width=0)
	        Index Cond: ((k >= 6375138) AND (k <= 6375238))

table 2 : explain SELECT k, c FROM sbtest2 WHERE k BETWEEN 6375138 AND 6375238
	Bitmap Heap Scan on sbtest2  (cost=5.54..432.69 rows=108 width=125)
	  Recheck Cond: ((k >= 6375138) AND (k <= 6375238))
	  ->  Bitmap Index Scan on k_2  (cost=0.00..5.51 rows=108 width=0)
	        Index Cond: ((k >= 6375138) AND (k <= 6375238))

table 3 : explain SELECT k, c FROM sbtest3 WHERE k BETWEEN 6375138 AND 6375238
	Bitmap Heap Scan on sbtest3  (cost=5.53..428.75 rows=107 width=125)
	  Recheck Cond: ((k >= 6375138) AND (k <= 6375238))
	  ->  Bitmap Index Scan on k_3  (cost=0.00..5.50 rows=107 width=0)
	        Index Cond: ((k >= 6375138) AND (k <= 6375238))

table 4 : explain SELECT k, c FROM sbtest4 WHERE k BETWEEN 6375138 AND 6375238
	Bitmap Heap Scan on sbtest4  (cost=5.52..424.81 rows=106 width=125)
	  Recheck Cond: ((k >= 6375138) AND (k <= 6375238))
	  ->  Bitmap Index Scan on k_4  (cost=0.00..5.50 rows=106 width=0)
	        Index Cond: ((k >= 6375138) AND (k <= 6375238))

table 5 : explain SELECT k, c FROM sbtest5 WHERE k BETWEEN 6375138 AND 6375238
	Bitmap Heap Scan on sbtest5  (cost=5.53..428.75 rows=107 width=125)
	  Recheck Cond: ((k >= 6375138) AND (k <= 6375238))
	  ->  Bitmap Index Scan on k_5  (cost=0.00..5.50 rows=107 width=0)
	        Index Cond: ((k >= 6375138) AND (k <= 6375238))

table 6 : explain SELECT k, c FROM sbtest6 WHERE k BETWEEN 6375138 AND 6375238
	Bitmap Heap Scan on sbtest6  (cost=5.43..389.37 rows=97 width=125)
	  Recheck Cond: ((k >= 6375138) AND (k <= 6375238))
	  ->  Bitmap Index Scan on k_6  (cost=0.00..5.40 rows=97 width=0)
	        Index Cond: ((k >= 6375138) AND (k <= 6375238))

table 7 : explain SELECT k, c FROM sbtest7 WHERE k BETWEEN 6375138 AND 6375238
	Bitmap Heap Scan on sbtest7  (cost=5.45..397.25 rows=99 width=125)
	  Recheck Cond: ((k >= 6375138) AND (k <= 6375238))
	  ->  Bitmap Index Scan on k_7  (cost=0.00..5.42 rows=99 width=0)
	        Index Cond: ((k >= 6375138) AND (k <= 6375238))

table 8 : explain SELECT k, c FROM sbtest8 WHERE k BETWEEN 6375138 AND 6375238
	Bitmap Heap Scan on sbtest8  (cost=5.56..440.56 rows=110 width=125)
	  Recheck Cond: ((k >= 6375138) AND (k <= 6375238))
	  ->  Bitmap Index Scan on k_8  (cost=0.00..5.53 rows=110 width=0)
	        Index Cond: ((k >= 6375138) AND (k <= 6375238))

for range-notcovered
table 1 : explain SELECT k, c FROM sbtest1 WHERE k BETWEEN 5599280 AND 5599380
	Bitmap Heap Scan on sbtest1  (cost=5.51..420.88 rows=105 width=125)
	  Recheck Cond: ((k >= 5599280) AND (k <= 5599380))
	  ->  Bitmap Index Scan on k_1  (cost=0.00..5.48 rows=105 width=0)
	        Index Cond: ((k >= 5599280) AND (k <= 5599380))

table 2 : explain SELECT k, c FROM sbtest2 WHERE k BETWEEN 5599280 AND 5599380
	Bitmap Heap Scan on sbtest2  (cost=5.56..440.56 rows=110 width=125)
	  Recheck Cond: ((k >= 5599280) AND (k <= 5599380))
	  ->  Bitmap Index Scan on k_2  (cost=0.00..5.53 rows=110 width=0)
	        Index Cond: ((k >= 5599280) AND (k <= 5599380))

table 3 : explain SELECT k, c FROM sbtest3 WHERE k BETWEEN 5599280 AND 5599380
	Bitmap Heap Scan on sbtest3  (cost=5.50..416.94 rows=104 width=125)
	  Recheck Cond: ((k >= 5599280) AND (k <= 5599380))
	  ->  Bitmap Index Scan on k_3  (cost=0.00..5.47 rows=104 width=0)
	        Index Cond: ((k >= 5599280) AND (k <= 5599380))

table 4 : explain SELECT k, c FROM sbtest4 WHERE k BETWEEN 5599280 AND 5599380
	Bitmap Heap Scan on sbtest4  (cost=5.42..385.43 rows=96 width=125)
	  Recheck Cond: ((k >= 5599280) AND (k <= 5599380))
	  ->  Bitmap Index Scan on k_4  (cost=0.00..5.39 rows=96 width=0)
	        Index Cond: ((k >= 5599280) AND (k <= 5599380))

table 5 : explain SELECT k, c FROM sbtest5 WHERE k BETWEEN 5599280 AND 5599380
	Bitmap Heap Scan on sbtest5  (cost=5.49..413.00 rows=103 width=125)
	  Recheck Cond: ((k >= 5599280) AND (k <= 5599380))
	  ->  Bitmap Index Scan on k_5  (cost=0.00..5.46 rows=103 width=0)
	        Index Cond: ((k >= 5599280) AND (k <= 5599380))

table 6 : explain SELECT k, c FROM sbtest6 WHERE k BETWEEN 5599280 AND 5599380
	Bitmap Heap Scan on sbtest6  (cost=5.41..381.49 rows=95 width=125)
	  Recheck Cond: ((k >= 5599280) AND (k <= 5599380))
	  ->  Bitmap Index Scan on k_6  (cost=0.00..5.38 rows=95 width=0)
	        Index Cond: ((k >= 5599280) AND (k <= 5599380))

table 7 : explain SELECT k, c FROM sbtest7 WHERE k BETWEEN 5599280 AND 5599380
	Bitmap Heap Scan on sbtest7  (cost=5.48..409.07 rows=102 width=125)
	  Recheck Cond: ((k >= 5599280) AND (k <= 5599380))
	  ->  Bitmap Index Scan on k_7  (cost=0.00..5.45 rows=102 width=0)
	        Index Cond: ((k >= 5599280) AND (k <= 5599380))

table 8 : explain SELECT k, c FROM sbtest8 WHERE k BETWEEN 5599280 AND 5599380
	Bitmap Heap Scan on sbtest8  (cost=5.45..397.25 rows=99 width=125)
	  Recheck Cond: ((k >= 5599280) AND (k <= 5599380))
	  ->  Bitmap Index Scan on k_8  (cost=0.00..5.42 rows=99 width=0)
	        Index Cond: ((k >= 5599280) AND (k <= 5599380))

explain: for range-notcovered :: explain SELECT k, c FROM sbtest%d WHERE k BETWEEN 5599280 AND 5599380
for range-notcovered
table 1 : explain SELECT k, c FROM sbtest1 WHERE k BETWEEN 5511193 AND 5511293
	Bitmap Heap Scan on sbtest1  (cost=5.50..416.94 rows=104 width=125)
	  Recheck Cond: ((k >= 5511193) AND (k <= 5511293))
	  ->  Bitmap Index Scan on k_1  (cost=0.00..5.47 rows=104 width=0)
	        Index Cond: ((k >= 5511193) AND (k <= 5511293))

table 2 : explain SELECT k, c FROM sbtest2 WHERE k BETWEEN 5511193 AND 5511293
	Bitmap Heap Scan on sbtest2  (cost=5.44..393.31 rows=98 width=125)
	  Recheck Cond: ((k >= 5511193) AND (k <= 5511293))
	  ->  Bitmap Index Scan on k_2  (cost=0.00..5.42 rows=98 width=0)
	        Index Cond: ((k >= 5511193) AND (k <= 5511293))

table 3 : explain SELECT k, c FROM sbtest3 WHERE k BETWEEN 5511193 AND 5511293
	Bitmap Heap Scan on sbtest3  (cost=5.47..405.13 rows=101 width=125)
	  Recheck Cond: ((k >= 5511193) AND (k <= 5511293))
	  ->  Bitmap Index Scan on k_3  (cost=0.00..5.44 rows=101 width=0)
	        Index Cond: ((k >= 5511193) AND (k <= 5511293))

table 4 : explain SELECT k, c FROM sbtest4 WHERE k BETWEEN 5511193 AND 5511293
	Bitmap Heap Scan on sbtest4  (cost=5.35..357.84 rows=89 width=125)
	  Recheck Cond: ((k >= 5511193) AND (k <= 5511293))
	  ->  Bitmap Index Scan on k_4  (cost=0.00..5.32 rows=89 width=0)
	        Index Cond: ((k >= 5511193) AND (k <= 5511293))

table 5 : explain SELECT k, c FROM sbtest5 WHERE k BETWEEN 5511193 AND 5511293
	Bitmap Heap Scan on sbtest5  (cost=5.39..373.61 rows=93 width=125)
	  Recheck Cond: ((k >= 5511193) AND (k <= 5511293))
	  ->  Bitmap Index Scan on k_5  (cost=0.00..5.36 rows=93 width=0)
	        Index Cond: ((k >= 5511193) AND (k <= 5511293))

table 6 : explain SELECT k, c FROM sbtest6 WHERE k BETWEEN 5511193 AND 5511293
	Bitmap Heap Scan on sbtest6  (cost=5.41..381.49 rows=95 width=125)
	  Recheck Cond: ((k >= 5511193) AND (k <= 5511293))
	  ->  Bitmap Index Scan on k_6  (cost=0.00..5.38 rows=95 width=0)
	        Index Cond: ((k >= 5511193) AND (k <= 5511293))

table 7 : explain SELECT k, c FROM sbtest7 WHERE k BETWEEN 5511193 AND 5511293
	Bitmap Heap Scan on sbtest7  (cost=5.51..420.88 rows=105 width=125)
	  Recheck Cond: ((k >= 5511193) AND (k <= 5511293))
	  ->  Bitmap Index Scan on k_7  (cost=0.00..5.48 rows=105 width=0)
	        Index Cond: ((k >= 5511193) AND (k <= 5511293))

table 8 : explain SELECT k, c FROM sbtest8 WHERE k BETWEEN 5511193 AND 5511293
	Bitmap Heap Scan on sbtest8  (cost=5.41..381.49 rows=95 width=125)
	  Recheck Cond: ((k >= 5511193) AND (k <= 5511293))
	  ->  Bitmap Index Scan on k_8  (cost=0.00..5.38 rows=95 width=0)
	        Index Cond: ((k >= 5511193) AND (k <= 5511293))

for range-notcovered
table 1 : explain SELECT k, c FROM sbtest1 WHERE k BETWEEN 6905786 AND 6905886
	Bitmap Heap Scan on sbtest1  (cost=5.47..405.13 rows=101 width=125)
	  Recheck Cond: ((k >= 6905786) AND (k <= 6905886))
	  ->  Bitmap Index Scan on k_1  (cost=0.00..5.44 rows=101 width=0)
	        Index Cond: ((k >= 6905786) AND (k <= 6905886))

table 2 : explain SELECT k, c FROM sbtest2 WHERE k BETWEEN 6905786 AND 6905886
	Bitmap Heap Scan on sbtest2  (cost=5.42..385.43 rows=96 width=125)
	  Recheck Cond: ((k >= 6905786) AND (k <= 6905886))
	  ->  Bitmap Index Scan on k_2  (cost=0.00..5.39 rows=96 width=0)
	        Index Cond: ((k >= 6905786) AND (k <= 6905886))

table 3 : explain SELECT k, c FROM sbtest3 WHERE k BETWEEN 6905786 AND 6905886
	Bitmap Heap Scan on sbtest3  (cost=5.45..397.25 rows=99 width=125)
	  Recheck Cond: ((k >= 6905786) AND (k <= 6905886))
	  ->  Bitmap Index Scan on k_3  (cost=0.00..5.42 rows=99 width=0)
	        Index Cond: ((k >= 6905786) AND (k <= 6905886))

table 4 : explain SELECT k, c FROM sbtest4 WHERE k BETWEEN 6905786 AND 6905886
	Bitmap Heap Scan on sbtest4  (cost=5.51..420.88 rows=105 width=125)
	  Recheck Cond: ((k >= 6905786) AND (k <= 6905886))
	  ->  Bitmap Index Scan on k_4  (cost=0.00..5.48 rows=105 width=0)
	        Index Cond: ((k >= 6905786) AND (k <= 6905886))

table 5 : explain SELECT k, c FROM sbtest5 WHERE k BETWEEN 6905786 AND 6905886
	Bitmap Heap Scan on sbtest5  (cost=5.46..401.19 rows=100 width=125)
	  Recheck Cond: ((k >= 6905786) AND (k <= 6905886))
	  ->  Bitmap Index Scan on k_5  (cost=0.00..5.43 rows=100 width=0)
	        Index Cond: ((k >= 6905786) AND (k <= 6905886))

table 6 : explain SELECT k, c FROM sbtest6 WHERE k BETWEEN 6905786 AND 6905886
	Bitmap Heap Scan on sbtest6  (cost=5.51..420.88 rows=105 width=125)
	  Recheck Cond: ((k >= 6905786) AND (k <= 6905886))
	  ->  Bitmap Index Scan on k_6  (cost=0.00..5.48 rows=105 width=0)
	        Index Cond: ((k >= 6905786) AND (k <= 6905886))

table 7 : explain SELECT k, c FROM sbtest7 WHERE k BETWEEN 6905786 AND 6905886
	Bitmap Heap Scan on sbtest7  (cost=5.56..440.56 rows=110 width=125)
	  Recheck Cond: ((k >= 6905786) AND (k <= 6905886))
	  ->  Bitmap Index Scan on k_7  (cost=0.00..5.53 rows=110 width=0)
	        Index Cond: ((k >= 6905786) AND (k <= 6905886))

table 8 : explain SELECT k, c FROM sbtest8 WHERE k BETWEEN 6905786 AND 6905886
	Bitmap Heap Scan on sbtest8  (cost=5.44..393.31 rows=98 width=125)
	  Recheck Cond: ((k >= 6905786) AND (k <= 6905886))
	  ->  Bitmap Index Scan on k_8  (cost=0.00..5.42 rows=98 width=0)
	        Index Cond: ((k >= 6905786) AND (k <= 6905886))

explain: for range-notcovered :: explain SELECT k, c FROM sbtest%d WHERE k BETWEEN 5511193 AND 5511293
explain: for range-notcovered :: explain SELECT k, c FROM sbtest%d WHERE k BETWEEN 6905786 AND 6905886
explain: for range-notcovered :: explain SELECT k, c FROM sbtest%d WHERE k BETWEEN 5267228 AND 5267328
for range-notcovered
table 1 : explain SELECT k, c FROM sbtest1 WHERE k BETWEEN 5599280 AND 5599380
	Bitmap Heap Scan on sbtest1  (cost=5.51..420.88 rows=105 width=125)
	  Recheck Cond: ((k >= 5599280) AND (k <= 5599380))
	  ->  Bitmap Index Scan on k_1  (cost=0.00..5.48 rows=105 width=0)
	        Index Cond: ((k >= 5599280) AND (k <= 5599380))

table 2 : explain SELECT k, c FROM sbtest2 WHERE k BETWEEN 5599280 AND 5599380
	Bitmap Heap Scan on sbtest2  (cost=5.56..440.56 rows=110 width=125)
	  Recheck Cond: ((k >= 5599280) AND (k <= 5599380))
	  ->  Bitmap Index Scan on k_2  (cost=0.00..5.53 rows=110 width=0)
	        Index Cond: ((k >= 5599280) AND (k <= 5599380))

table 3 : explain SELECT k, c FROM sbtest3 WHERE k BETWEEN 5599280 AND 5599380
	Bitmap Heap Scan on sbtest3  (cost=5.50..416.94 rows=104 width=125)
	  Recheck Cond: ((k >= 5599280) AND (k <= 5599380))
	  ->  Bitmap Index Scan on k_3  (cost=0.00..5.47 rows=104 width=0)
	        Index Cond: ((k >= 5599280) AND (k <= 5599380))

table 4 : explain SELECT k, c FROM sbtest4 WHERE k BETWEEN 5599280 AND 5599380
	Bitmap Heap Scan on sbtest4  (cost=5.42..385.43 rows=96 width=125)
	  Recheck Cond: ((k >= 5599280) AND (k <= 5599380))
	  ->  Bitmap Index Scan on k_4  (cost=0.00..5.39 rows=96 width=0)
	        Index Cond: ((k >= 5599280) AND (k <= 5599380))

table 5 : explain SELECT k, c FROM sbtest5 WHERE k BETWEEN 5599280 AND 5599380
	Bitmap Heap Scan on sbtest5  (cost=5.49..413.00 rows=103 width=125)
	  Recheck Cond: ((k >= 5599280) AND (k <= 5599380))
	  ->  Bitmap Index Scan on k_5  (cost=0.00..5.46 rows=103 width=0)
	        Index Cond: ((k >= 5599280) AND (k <= 5599380))

table 6 : explain SELECT k, c FROM sbtest6 WHERE k BETWEEN 5599280 AND 5599380
	Bitmap Heap Scan on sbtest6  (cost=5.41..381.49 rows=95 width=125)
	  Recheck Cond: ((k >= 5599280) AND (k <= 5599380))
	  ->  Bitmap Index Scan on k_6  (cost=0.00..5.38 rows=95 width=0)
	        Index Cond: ((k >= 5599280) AND (k <= 5599380))

table 7 : explain SELECT k, c FROM sbtest7 WHERE k BETWEEN 5599280 AND 5599380
	Bitmap Heap Scan on sbtest7  (cost=5.48..409.07 rows=102 width=125)
	  Recheck Cond: ((k >= 5599280) AND (k <= 5599380))
	  ->  Bitmap Index Scan on k_7  (cost=0.00..5.45 rows=102 width=0)
	        Index Cond: ((k >= 5599280) AND (k <= 5599380))

table 8 : explain SELECT k, c FROM sbtest8 WHERE k BETWEEN 5599280 AND 5599380
	Bitmap Heap Scan on sbtest8  (cost=5.45..397.25 rows=99 width=125)
	  Recheck Cond: ((k >= 5599280) AND (k <= 5599380))
	  ->  Bitmap Index Scan on k_8  (cost=0.00..5.42 rows=99 width=0)
	        Index Cond: ((k >= 5599280) AND (k <= 5599380))

explain: for range-notcovered :: explain SELECT k, c FROM sbtest%d WHERE k BETWEEN 5599280 AND 5599380
for range-notcovered
table 1 : explain SELECT k, c FROM sbtest1 WHERE k BETWEEN 6113201 AND 6113301
	Bitmap Heap Scan on sbtest1  (cost=5.47..405.13 rows=101 width=125)
	  Recheck Cond: ((k >= 6113201) AND (k <= 6113301))
	  ->  Bitmap Index Scan on k_1  (cost=0.00..5.44 rows=101 width=0)
	        Index Cond: ((k >= 6113201) AND (k <= 6113301))

table 2 : explain SELECT k, c FROM sbtest2 WHERE k BETWEEN 6113201 AND 6113301
	Bitmap Heap Scan on sbtest2  (cost=5.54..432.69 rows=108 width=125)
	  Recheck Cond: ((k >= 6113201) AND (k <= 6113301))
	  ->  Bitmap Index Scan on k_2  (cost=0.00..5.51 rows=108 width=0)
	        Index Cond: ((k >= 6113201) AND (k <= 6113301))

table 3 : explain SELECT k, c FROM sbtest3 WHERE k BETWEEN 6113201 AND 6113301
	Bitmap Heap Scan on sbtest3  (cost=5.46..401.19 rows=100 width=125)
	  Recheck Cond: ((k >= 6113201) AND (k <= 6113301))
	  ->  Bitmap Index Scan on k_3  (cost=0.00..5.43 rows=100 width=0)
	        Index Cond: ((k >= 6113201) AND (k <= 6113301))

table 4 : explain SELECT k, c FROM sbtest4 WHERE k BETWEEN 6113201 AND 6113301
	Bitmap Heap Scan on sbtest4  (cost=5.33..349.95 rows=87 width=125)
	  Recheck Cond: ((k >= 6113201) AND (k <= 6113301))
	  ->  Bitmap Index Scan on k_4  (cost=0.00..5.30 rows=87 width=0)
	        Index Cond: ((k >= 6113201) AND (k <= 6113301))

table 5 : explain SELECT k, c FROM sbtest5 WHERE k BETWEEN 6113201 AND 6113301
	Bitmap Heap Scan on sbtest5  (cost=5.46..401.19 rows=100 width=125)
	  Recheck Cond: ((k >= 6113201) AND (k <= 6113301))
	  ->  Bitmap Index Scan on k_5  (cost=0.00..5.43 rows=100 width=0)
	        Index Cond: ((k >= 6113201) AND (k <= 6113301))

table 6 : explain SELECT k, c FROM sbtest6 WHERE k BETWEEN 6113201 AND 6113301
	Bitmap Heap Scan on sbtest6  (cost=5.43..389.37 rows=97 width=125)
	  Recheck Cond: ((k >= 6113201) AND (k <= 6113301))
	  ->  Bitmap Index Scan on k_6  (cost=0.00..5.40 rows=97 width=0)
	        Index Cond: ((k >= 6113201) AND (k <= 6113301))

table 7 : explain SELECT k, c FROM sbtest7 WHERE k BETWEEN 6113201 AND 6113301
	Bitmap Heap Scan on sbtest7  (cost=5.42..385.43 rows=96 width=125)
	  Recheck Cond: ((k >= 6113201) AND (k <= 6113301))
	  ->  Bitmap Index Scan on k_7  (cost=0.00..5.39 rows=96 width=0)
	        Index Cond: ((k >= 6113201) AND (k <= 6113301))

table 8 : explain SELECT k, c FROM sbtest8 WHERE k BETWEEN 6113201 AND 6113301
	Bitmap Heap Scan on sbtest8  (cost=5.56..440.56 rows=110 width=125)
	  Recheck Cond: ((k >= 6113201) AND (k <= 6113301))
	  ->  Bitmap Index Scan on k_8  (cost=0.00..5.53 rows=110 width=0)
	        Index Cond: ((k >= 6113201) AND (k <= 6113301))

for range-notcovered
table 1 : explain SELECT k, c FROM sbtest1 WHERE k BETWEEN 5511193 AND 5511293
	Bitmap Heap Scan on sbtest1  (cost=5.50..416.94 rows=104 width=125)
	  Recheck Cond: ((k >= 5511193) AND (k <= 5511293))
	  ->  Bitmap Index Scan on k_1  (cost=0.00..5.47 rows=104 width=0)
	        Index Cond: ((k >= 5511193) AND (k <= 5511293))

table 2 : explain SELECT k, c FROM sbtest2 WHERE k BETWEEN 5511193 AND 5511293
	Bitmap Heap Scan on sbtest2  (cost=5.44..393.31 rows=98 width=125)
	  Recheck Cond: ((k >= 5511193) AND (k <= 5511293))
	  ->  Bitmap Index Scan on k_2  (cost=0.00..5.42 rows=98 width=0)
	        Index Cond: ((k >= 5511193) AND (k <= 5511293))

table 3 : explain SELECT k, c FROM sbtest3 WHERE k BETWEEN 5511193 AND 5511293
	Bitmap Heap Scan on sbtest3  (cost=5.47..405.13 rows=101 width=125)
	  Recheck Cond: ((k >= 5511193) AND (k <= 5511293))
	  ->  Bitmap Index Scan on k_3  (cost=0.00..5.44 rows=101 width=0)
	        Index Cond: ((k >= 5511193) AND (k <= 5511293))

table 4 : explain SELECT k, c FROM sbtest4 WHERE k BETWEEN 5511193 AND 5511293
	Bitmap Heap Scan on sbtest4  (cost=5.35..357.84 rows=89 width=125)
	  Recheck Cond: ((k >= 5511193) AND (k <= 5511293))
	  ->  Bitmap Index Scan on k_4  (cost=0.00..5.32 rows=89 width=0)
	        Index Cond: ((k >= 5511193) AND (k <= 5511293))

table 5 : explain SELECT k, c FROM sbtest5 WHERE k BETWEEN 5511193 AND 5511293
	Bitmap Heap Scan on sbtest5  (cost=5.39..373.61 rows=93 width=125)
	  Recheck Cond: ((k >= 5511193) AND (k <= 5511293))
	  ->  Bitmap Index Scan on k_5  (cost=0.00..5.36 rows=93 width=0)
	        Index Cond: ((k >= 5511193) AND (k <= 5511293))

table 6 : explain SELECT k, c FROM sbtest6 WHERE k BETWEEN 5511193 AND 5511293
	Bitmap Heap Scan on sbtest6  (cost=5.41..381.49 rows=95 width=125)
	  Recheck Cond: ((k >= 5511193) AND (k <= 5511293))
	  ->  Bitmap Index Scan on k_6  (cost=0.00..5.38 rows=95 width=0)
	        Index Cond: ((k >= 5511193) AND (k <= 5511293))

table 7 : explain SELECT k, c FROM sbtest7 WHERE k BETWEEN 5511193 AND 5511293
	Bitmap Heap Scan on sbtest7  (cost=5.51..420.88 rows=105 width=125)
	  Recheck Cond: ((k >= 5511193) AND (k <= 5511293))
	  ->  Bitmap Index Scan on k_7  (cost=0.00..5.48 rows=105 width=0)
	        Index Cond: ((k >= 5511193) AND (k <= 5511293))

table 8 : explain SELECT k, c FROM sbtest8 WHERE k BETWEEN 5511193 AND 5511293
	Bitmap Heap Scan on sbtest8  (cost=5.41..381.49 rows=95 width=125)
	  Recheck Cond: ((k >= 5511193) AND (k <= 5511293))
	  ->  Bitmap Index Scan on k_8  (cost=0.00..5.38 rows=95 width=0)
	        Index Cond: ((k >= 5511193) AND (k <= 5511293))

for range-notcovered
table 1 : explain SELECT k, c FROM sbtest1 WHERE k BETWEEN 6905786 AND 6905886
	Bitmap Heap Scan on sbtest1  (cost=5.47..405.13 rows=101 width=125)
	  Recheck Cond: ((k >= 6905786) AND (k <= 6905886))
	  ->  Bitmap Index Scan on k_1  (cost=0.00..5.44 rows=101 width=0)
	        Index Cond: ((k >= 6905786) AND (k <= 6905886))

table 2 : explain SELECT k, c FROM sbtest2 WHERE k BETWEEN 6905786 AND 6905886
	Bitmap Heap Scan on sbtest2  (cost=5.42..385.43 rows=96 width=125)
	  Recheck Cond: ((k >= 6905786) AND (k <= 6905886))
	  ->  Bitmap Index Scan on k_2  (cost=0.00..5.39 rows=96 width=0)
	        Index Cond: ((k >= 6905786) AND (k <= 6905886))

table 3 : explain SELECT k, c FROM sbtest3 WHERE k BETWEEN 6905786 AND 6905886
	Bitmap Heap Scan on sbtest3  (cost=5.45..397.25 rows=99 width=125)
	  Recheck Cond: ((k >= 6905786) AND (k <= 6905886))
	  ->  Bitmap Index Scan on k_3  (cost=0.00..5.42 rows=99 width=0)
	        Index Cond: ((k >= 6905786) AND (k <= 6905886))

table 4 : explain SELECT k, c FROM sbtest4 WHERE k BETWEEN 6905786 AND 6905886
	Bitmap Heap Scan on sbtest4  (cost=5.51..420.88 rows=105 width=125)
	  Recheck Cond: ((k >= 6905786) AND (k <= 6905886))
	  ->  Bitmap Index Scan on k_4  (cost=0.00..5.48 rows=105 width=0)
	        Index Cond: ((k >= 6905786) AND (k <= 6905886))

table 5 : explain SELECT k, c FROM sbtest5 WHERE k BETWEEN 6905786 AND 6905886
	Bitmap Heap Scan on sbtest5  (cost=5.46..401.19 rows=100 width=125)
	  Recheck Cond: ((k >= 6905786) AND (k <= 6905886))
	  ->  Bitmap Index Scan on k_5  (cost=0.00..5.43 rows=100 width=0)
	        Index Cond: ((k >= 6905786) AND (k <= 6905886))

table 6 : explain SELECT k, c FROM sbtest6 WHERE k BETWEEN 6905786 AND 6905886
	Bitmap Heap Scan on sbtest6  (cost=5.51..420.88 rows=105 width=125)
	  Recheck Cond: ((k >= 6905786) AND (k <= 6905886))
	  ->  Bitmap Index Scan on k_6  (cost=0.00..5.48 rows=105 width=0)
	        Index Cond: ((k >= 6905786) AND (k <= 6905886))

table 7 : explain SELECT k, c FROM sbtest7 WHERE k BETWEEN 6905786 AND 6905886
	Bitmap Heap Scan on sbtest7  (cost=5.56..440.56 rows=110 width=125)
	  Recheck Cond: ((k >= 6905786) AND (k <= 6905886))
	  ->  Bitmap Index Scan on k_7  (cost=0.00..5.53 rows=110 width=0)
	        Index Cond: ((k >= 6905786) AND (k <= 6905886))

table 8 : explain SELECT k, c FROM sbtest8 WHERE k BETWEEN 6905786 AND 6905886
	Bitmap Heap Scan on sbtest8  (cost=5.44..393.31 rows=98 width=125)
	  Recheck Cond: ((k >= 6905786) AND (k <= 6905886))
	  ->  Bitmap Index Scan on k_8  (cost=0.00..5.42 rows=98 width=0)
	        Index Cond: ((k >= 6905786) AND (k <= 6905886))

explain: for range-notcovered :: explain SELECT k, c FROM sbtest%d WHERE k BETWEEN 6113201 AND 6113301
for range-notcovered
table 1 : explain SELECT k, c FROM sbtest1 WHERE k BETWEEN 7392854 AND 7392954
	Bitmap Heap Scan on sbtest1  (cost=5.48..409.07 rows=102 width=125)
	  Recheck Cond: ((k >= 7392854) AND (k <= 7392954))
	  ->  Bitmap Index Scan on k_1  (cost=0.00..5.45 rows=102 width=0)
	        Index Cond: ((k >= 7392854) AND (k <= 7392954))

table 2 : explain SELECT k, c FROM sbtest2 WHERE k BETWEEN 7392854 AND 7392954
	Bitmap Heap Scan on sbtest2  (cost=5.47..405.13 rows=101 width=125)
	  Recheck Cond: ((k >= 7392854) AND (k <= 7392954))
	  ->  Bitmap Index Scan on k_2  (cost=0.00..5.44 rows=101 width=0)
	        Index Cond: ((k >= 7392854) AND (k <= 7392954))

table 3 : explain SELECT k, c FROM sbtest3 WHERE k BETWEEN 7392854 AND 7392954
	Bitmap Heap Scan on sbtest3  (cost=5.38..369.67 rows=92 width=125)
	  Recheck Cond: ((k >= 7392854) AND (k <= 7392954))
	  ->  Bitmap Index Scan on k_3  (cost=0.00..5.35 rows=92 width=0)
	        Index Cond: ((k >= 7392854) AND (k <= 7392954))

table 4 : explain SELECT k, c FROM sbtest4 WHERE k BETWEEN 7392854 AND 7392954
	Bitmap Heap Scan on sbtest4  (cost=5.54..432.69 rows=108 width=125)
	  Recheck Cond: ((k >= 7392854) AND (k <= 7392954))
	  ->  Bitmap Index Scan on k_4  (cost=0.00..5.51 rows=108 width=0)
	        Index Cond: ((k >= 7392854) AND (k <= 7392954))

table 5 : explain SELECT k, c FROM sbtest5 WHERE k BETWEEN 7392854 AND 7392954
	Bitmap Heap Scan on sbtest5  (cost=5.45..397.25 rows=99 width=125)
	  Recheck Cond: ((k >= 7392854) AND (k <= 7392954))
	  ->  Bitmap Index Scan on k_5  (cost=0.00..5.42 rows=99 width=0)
	        Index Cond: ((k >= 7392854) AND (k <= 7392954))

table 6 : explain SELECT k, c FROM sbtest6 WHERE k BETWEEN 7392854 AND 7392954
	Bitmap Heap Scan on sbtest6  (cost=5.55..436.62 rows=109 width=125)
	  Recheck Cond: ((k >= 7392854) AND (k <= 7392954))
	  ->  Bitmap Index Scan on k_6  (cost=0.00..5.52 rows=109 width=0)
	        Index Cond: ((k >= 7392854) AND (k <= 7392954))

table 7 : explain SELECT k, c FROM sbtest7 WHERE k BETWEEN 7392854 AND 7392954
	Bitmap Heap Scan on sbtest7  (cost=5.51..420.88 rows=105 width=125)
	  Recheck Cond: ((k >= 7392854) AND (k <= 7392954))
	  ->  Bitmap Index Scan on k_7  (cost=0.00..5.48 rows=105 width=0)
	        Index Cond: ((k >= 7392854) AND (k <= 7392954))

table 8 : explain SELECT k, c FROM sbtest8 WHERE k BETWEEN 7392854 AND 7392954
	Bitmap Heap Scan on sbtest8  (cost=5.59..452.36 rows=113 width=125)
	  Recheck Cond: ((k >= 7392854) AND (k <= 7392954))
	  ->  Bitmap Index Scan on k_8  (cost=0.00..5.56 rows=113 width=0)
	        Index Cond: ((k >= 7392854) AND (k <= 7392954))

explain: for range-notcovered :: explain SELECT k, c FROM sbtest%d WHERE k BETWEEN 5511193 AND 5511293
for range-notcovered
table 1 : explain SELECT k, c FROM sbtest1 WHERE k BETWEEN 3271761 AND 3271861
	Bitmap Heap Scan on sbtest1  (cost=5.53..428.75 rows=107 width=125)
	  Recheck Cond: ((k >= 3271761) AND (k <= 3271861))
	  ->  Bitmap Index Scan on k_1  (cost=0.00..5.50 rows=107 width=0)
	        Index Cond: ((k >= 3271761) AND (k <= 3271861))

table 2 : explain SELECT k, c FROM sbtest2 WHERE k BETWEEN 3271761 AND 3271861
	Bitmap Heap Scan on sbtest2  (cost=5.46..401.19 rows=100 width=125)
	  Recheck Cond: ((k >= 3271761) AND (k <= 3271861))
	  ->  Bitmap Index Scan on k_2  (cost=0.00..5.43 rows=100 width=0)
	        Index Cond: ((k >= 3271761) AND (k <= 3271861))

table 3 : explain SELECT k, c FROM sbtest3 WHERE k BETWEEN 3271761 AND 3271861
	Bitmap Heap Scan on sbtest3  (cost=5.50..416.94 rows=104 width=125)
	  Recheck Cond: ((k >= 3271761) AND (k <= 3271861))
	  ->  Bitmap Index Scan on k_3  (cost=0.00..5.47 rows=104 width=0)
	        Index Cond: ((k >= 3271761) AND (k <= 3271861))

table 4 : explain SELECT k, c FROM sbtest4 WHERE k BETWEEN 3271761 AND 3271861
	Bitmap Heap Scan on sbtest4  (cost=5.46..401.19 rows=100 width=125)
	  Recheck Cond: ((k >= 3271761) AND (k <= 3271861))
	  ->  Bitmap Index Scan on k_4  (cost=0.00..5.43 rows=100 width=0)
	        Index Cond: ((k >= 3271761) AND (k <= 3271861))

table 5 : explain SELECT k, c FROM sbtest5 WHERE k BETWEEN 3271761 AND 3271861
	Bitmap Heap Scan on sbtest5  (cost=5.57..444.49 rows=111 width=125)
	  Recheck Cond: ((k >= 3271761) AND (k <= 3271861))
	  ->  Bitmap Index Scan on k_5  (cost=0.00..5.54 rows=111 width=0)
	        Index Cond: ((k >= 3271761) AND (k <= 3271861))

table 6 : explain SELECT k, c FROM sbtest6 WHERE k BETWEEN 3271761 AND 3271861
	Bitmap Heap Scan on sbtest6  (cost=5.58..448.42 rows=112 width=125)
	  Recheck Cond: ((k >= 3271761) AND (k <= 3271861))
	  ->  Bitmap Index Scan on k_6  (cost=0.00..5.55 rows=112 width=0)
	        Index Cond: ((k >= 3271761) AND (k <= 3271861))

table 7 : explain SELECT k, c FROM sbtest7 WHERE k BETWEEN 3271761 AND 3271861
	Bitmap Heap Scan on sbtest7  (cost=5.49..413.00 rows=103 width=125)
	  Recheck Cond: ((k >= 3271761) AND (k <= 3271861))
	  ->  Bitmap Index Scan on k_7  (cost=0.00..5.46 rows=103 width=0)
	        Index Cond: ((k >= 3271761) AND (k <= 3271861))

table 8 : explain SELECT k, c FROM sbtest8 WHERE k BETWEEN 3271761 AND 3271861
	Bitmap Heap Scan on sbtest8  (cost=5.47..405.13 rows=101 width=125)
	  Recheck Cond: ((k >= 3271761) AND (k <= 3271861))
	  ->  Bitmap Index Scan on k_8  (cost=0.00..5.44 rows=101 width=0)
	        Index Cond: ((k >= 3271761) AND (k <= 3271861))
explain: for range-notcovered :: explain SELECT k, c FROM sbtest%d WHERE k BETWEEN 6905786 AND 6905886

explain: for range-notcovered :: explain SELECT k, c FROM sbtest%d WHERE k BETWEEN 7392854 AND 7392954
explain: for range-notcovered :: explain SELECT k, c FROM sbtest%d WHERE k BETWEEN 3271761 AND 3271861
for range-notcovered
table 1 : explain SELECT k, c FROM sbtest1 WHERE k BETWEEN 5599280 AND 5599380
	Bitmap Heap Scan on sbtest1  (cost=5.51..420.88 rows=105 width=125)
	  Recheck Cond: ((k >= 5599280) AND (k <= 5599380))
	  ->  Bitmap Index Scan on k_1  (cost=0.00..5.48 rows=105 width=0)
	        Index Cond: ((k >= 5599280) AND (k <= 5599380))

table 2 : explain SELECT k, c FROM sbtest2 WHERE k BETWEEN 5599280 AND 5599380
	Bitmap Heap Scan on sbtest2  (cost=5.56..440.56 rows=110 width=125)
	  Recheck Cond: ((k >= 5599280) AND (k <= 5599380))
	  ->  Bitmap Index Scan on k_2  (cost=0.00..5.53 rows=110 width=0)
	        Index Cond: ((k >= 5599280) AND (k <= 5599380))

table 3 : explain SELECT k, c FROM sbtest3 WHERE k BETWEEN 5599280 AND 5599380
	Bitmap Heap Scan on sbtest3  (cost=5.50..416.94 rows=104 width=125)
	  Recheck Cond: ((k >= 5599280) AND (k <= 5599380))
	  ->  Bitmap Index Scan on k_3  (cost=0.00..5.47 rows=104 width=0)
	        Index Cond: ((k >= 5599280) AND (k <= 5599380))

table 4 : explain SELECT k, c FROM sbtest4 WHERE k BETWEEN 5599280 AND 5599380
	Bitmap Heap Scan on sbtest4  (cost=5.42..385.43 rows=96 width=125)
	  Recheck Cond: ((k >= 5599280) AND (k <= 5599380))
	  ->  Bitmap Index Scan on k_4  (cost=0.00..5.39 rows=96 width=0)
	        Index Cond: ((k >= 5599280) AND (k <= 5599380))

table 5 : explain SELECT k, c FROM sbtest5 WHERE k BETWEEN 5599280 AND 5599380
	Bitmap Heap Scan on sbtest5  (cost=5.49..413.00 rows=103 width=125)
	  Recheck Cond: ((k >= 5599280) AND (k <= 5599380))
	  ->  Bitmap Index Scan on k_5  (cost=0.00..5.46 rows=103 width=0)
	        Index Cond: ((k >= 5599280) AND (k <= 5599380))

table 6 : explain SELECT k, c FROM sbtest6 WHERE k BETWEEN 5599280 AND 5599380
	Bitmap Heap Scan on sbtest6  (cost=5.41..381.49 rows=95 width=125)
	  Recheck Cond: ((k >= 5599280) AND (k <= 5599380))
	  ->  Bitmap Index Scan on k_6  (cost=0.00..5.38 rows=95 width=0)
	        Index Cond: ((k >= 5599280) AND (k <= 5599380))

table 7 : explain SELECT k, c FROM sbtest7 WHERE k BETWEEN 5599280 AND 5599380
	Bitmap Heap Scan on sbtest7  (cost=5.48..409.07 rows=102 width=125)
	  Recheck Cond: ((k >= 5599280) AND (k <= 5599380))
	  ->  Bitmap Index Scan on k_7  (cost=0.00..5.45 rows=102 width=0)
	        Index Cond: ((k >= 5599280) AND (k <= 5599380))

table 8 : explain SELECT k, c FROM sbtest8 WHERE k BETWEEN 5599280 AND 5599380
	Bitmap Heap Scan on sbtest8  (cost=5.45..397.25 rows=99 width=125)
	  Recheck Cond: ((k >= 5599280) AND (k <= 5599380))
	  ->  Bitmap Index Scan on k_8  (cost=0.00..5.42 rows=99 width=0)
	        Index Cond: ((k >= 5599280) AND (k <= 5599380))

explain: for range-notcovered :: explain SELECT k, c FROM sbtest%d WHERE k BETWEEN 5599280 AND 5599380
for range-notcovered
table 1 : explain SELECT k, c FROM sbtest1 WHERE k BETWEEN 8496887 AND 8496987
	Bitmap Heap Scan on sbtest1  (cost=5.40..377.55 rows=94 width=125)
	  Recheck Cond: ((k >= 8496887) AND (k <= 8496987))
	  ->  Bitmap Index Scan on k_1  (cost=0.00..5.38 rows=94 width=0)
	        Index Cond: ((k >= 8496887) AND (k <= 8496987))

table 2 : explain SELECT k, c FROM sbtest2 WHERE k BETWEEN 8496887 AND 8496987
	Bitmap Heap Scan on sbtest2  (cost=5.52..424.81 rows=106 width=125)
	  Recheck Cond: ((k >= 8496887) AND (k <= 8496987))
	  ->  Bitmap Index Scan on k_2  (cost=0.00..5.50 rows=106 width=0)
	        Index Cond: ((k >= 8496887) AND (k <= 8496987))

table 3 : explain SELECT k, c FROM sbtest3 WHERE k BETWEEN 8496887 AND 8496987
	Bitmap Heap Scan on sbtest3  (cost=5.43..389.37 rows=97 width=125)
	  Recheck Cond: ((k >= 8496887) AND (k <= 8496987))
	  ->  Bitmap Index Scan on k_3  (cost=0.00..5.40 rows=97 width=0)
	        Index Cond: ((k >= 8496887) AND (k <= 8496987))

table 4 : explain SELECT k, c FROM sbtest4 WHERE k BETWEEN 8496887 AND 8496987
	Bitmap Heap Scan on sbtest4  (cost=5.45..397.25 rows=99 width=125)
	  Recheck Cond: ((k >= 8496887) AND (k <= 8496987))
	  ->  Bitmap Index Scan on k_4  (cost=0.00..5.42 rows=99 width=0)
	        Index Cond: ((k >= 8496887) AND (k <= 8496987))

table 5 : explain SELECT k, c FROM sbtest5 WHERE k BETWEEN 8496887 AND 8496987
	Bitmap Heap Scan on sbtest5  (cost=5.45..397.25 rows=99 width=125)
	  Recheck Cond: ((k >= 8496887) AND (k <= 8496987))
	  ->  Bitmap Index Scan on k_5  (cost=0.00..5.42 rows=99 width=0)
	        Index Cond: ((k >= 8496887) AND (k <= 8496987))

table 6 : explain SELECT k, c FROM sbtest6 WHERE k BETWEEN 8496887 AND 8496987
	Bitmap Heap Scan on sbtest6  (cost=5.46..401.19 rows=100 width=125)
	  Recheck Cond: ((k >= 8496887) AND (k <= 8496987))
	  ->  Bitmap Index Scan on k_6  (cost=0.00..5.43 rows=100 width=0)
	        Index Cond: ((k >= 8496887) AND (k <= 8496987))

table 7 : explain SELECT k, c FROM sbtest7 WHERE k BETWEEN 8496887 AND 8496987
	Bitmap Heap Scan on sbtest7  (cost=5.44..393.31 rows=98 width=125)
	  Recheck Cond: ((k >= 8496887) AND (k <= 8496987))
	  ->  Bitmap Index Scan on k_7  (cost=0.00..5.42 rows=98 width=0)
	        Index Cond: ((k >= 8496887) AND (k <= 8496987))

table 8 : explain SELECT k, c FROM sbtest8 WHERE k BETWEEN 8496887 AND 8496987
	Bitmap Heap Scan on sbtest8  (cost=5.49..413.00 rows=103 width=125)
	  Recheck Cond: ((k >= 8496887) AND (k <= 8496987))
	  ->  Bitmap Index Scan on k_8  (cost=0.00..5.46 rows=103 width=0)
	        Index Cond: ((k >= 8496887) AND (k <= 8496987))

for range-notcovered
table 1 : explain SELECT k, c FROM sbtest1 WHERE k BETWEEN 5511193 AND 5511293
	Bitmap Heap Scan on sbtest1  (cost=5.50..416.94 rows=104 width=125)
	  Recheck Cond: ((k >= 5511193) AND (k <= 5511293))
	  ->  Bitmap Index Scan on k_1  (cost=0.00..5.47 rows=104 width=0)
	        Index Cond: ((k >= 5511193) AND (k <= 5511293))

table 2 : explain SELECT k, c FROM sbtest2 WHERE k BETWEEN 5511193 AND 5511293
	Bitmap Heap Scan on sbtest2  (cost=5.44..393.31 rows=98 width=125)
	  Recheck Cond: ((k >= 5511193) AND (k <= 5511293))
	  ->  Bitmap Index Scan on k_2  (cost=0.00..5.42 rows=98 width=0)
	        Index Cond: ((k >= 5511193) AND (k <= 5511293))

table 3 : explain SELECT k, c FROM sbtest3 WHERE k BETWEEN 5511193 AND 5511293
	Bitmap Heap Scan on sbtest3  (cost=5.47..405.13 rows=101 width=125)
	  Recheck Cond: ((k >= 5511193) AND (k <= 5511293))
	  ->  Bitmap Index Scan on k_3  (cost=0.00..5.44 rows=101 width=0)
	        Index Cond: ((k >= 5511193) AND (k <= 5511293))

table 4 : explain SELECT k, c FROM sbtest4 WHERE k BETWEEN 5511193 AND 5511293
	Bitmap Heap Scan on sbtest4  (cost=5.35..357.84 rows=89 width=125)
	  Recheck Cond: ((k >= 5511193) AND (k <= 5511293))
	  ->  Bitmap Index Scan on k_4  (cost=0.00..5.32 rows=89 width=0)
	        Index Cond: ((k >= 5511193) AND (k <= 5511293))

table 5 : explain SELECT k, c FROM sbtest5 WHERE k BETWEEN 5511193 AND 5511293
	Bitmap Heap Scan on sbtest5  (cost=5.39..373.61 rows=93 width=125)
	  Recheck Cond: ((k >= 5511193) AND (k <= 5511293))
	  ->  Bitmap Index Scan on k_5  (cost=0.00..5.36 rows=93 width=0)
	        Index Cond: ((k >= 5511193) AND (k <= 5511293))

table 6 : explain SELECT k, c FROM sbtest6 WHERE k BETWEEN 5511193 AND 5511293
	Bitmap Heap Scan on sbtest6  (cost=5.41..381.49 rows=95 width=125)
	  Recheck Cond: ((k >= 5511193) AND (k <= 5511293))
	  ->  Bitmap Index Scan on k_6  (cost=0.00..5.38 rows=95 width=0)
	        Index Cond: ((k >= 5511193) AND (k <= 5511293))

table 7 : explain SELECT k, c FROM sbtest7 WHERE k BETWEEN 5511193 AND 5511293
	Bitmap Heap Scan on sbtest7  (cost=5.51..420.88 rows=105 width=125)
	  Recheck Cond: ((k >= 5511193) AND (k <= 5511293))
	  ->  Bitmap Index Scan on k_7  (cost=0.00..5.48 rows=105 width=0)
	        Index Cond: ((k >= 5511193) AND (k <= 5511293))

table 8 : explain SELECT k, c FROM sbtest8 WHERE k BETWEEN 5511193 AND 5511293
	Bitmap Heap Scan on sbtest8  (cost=5.41..381.49 rows=95 width=125)
	  Recheck Cond: ((k >= 5511193) AND (k <= 5511293))
	  ->  Bitmap Index Scan on k_8  (cost=0.00..5.38 rows=95 width=0)
	        Index Cond: ((k >= 5511193) AND (k <= 5511293))

explain: for range-notcovered :: explain SELECT k, c FROM sbtest%d WHERE k BETWEEN 8496887 AND 8496987
for range-notcovered
table 1 : explain SELECT k, c FROM sbtest1 WHERE k BETWEEN 6113201 AND 6113301
	Bitmap Heap Scan on sbtest1  (cost=5.47..405.13 rows=101 width=125)
	  Recheck Cond: ((k >= 6113201) AND (k <= 6113301))
	  ->  Bitmap Index Scan on k_1  (cost=0.00..5.44 rows=101 width=0)
	        Index Cond: ((k >= 6113201) AND (k <= 6113301))

table 2 : explain SELECT k, c FROM sbtest2 WHERE k BETWEEN 6113201 AND 6113301
	Bitmap Heap Scan on sbtest2  (cost=5.54..432.69 rows=108 width=125)
	  Recheck Cond: ((k >= 6113201) AND (k <= 6113301))
	  ->  Bitmap Index Scan on k_2  (cost=0.00..5.51 rows=108 width=0)
	        Index Cond: ((k >= 6113201) AND (k <= 6113301))

table 3 : explain SELECT k, c FROM sbtest3 WHERE k BETWEEN 6113201 AND 6113301
	Bitmap Heap Scan on sbtest3  (cost=5.46..401.19 rows=100 width=125)
	  Recheck Cond: ((k >= 6113201) AND (k <= 6113301))
	  ->  Bitmap Index Scan on k_3  (cost=0.00..5.43 rows=100 width=0)
	        Index Cond: ((k >= 6113201) AND (k <= 6113301))

table 4 : explain SELECT k, c FROM sbtest4 WHERE k BETWEEN 6113201 AND 6113301
	Bitmap Heap Scan on sbtest4  (cost=5.33..349.95 rows=87 width=125)
	  Recheck Cond: ((k >= 6113201) AND (k <= 6113301))
	  ->  Bitmap Index Scan on k_4  (cost=0.00..5.30 rows=87 width=0)
	        Index Cond: ((k >= 6113201) AND (k <= 6113301))

table 5 : explain SELECT k, c FROM sbtest5 WHERE k BETWEEN 6113201 AND 6113301
	Bitmap Heap Scan on sbtest5  (cost=5.46..401.19 rows=100 width=125)
	  Recheck Cond: ((k >= 6113201) AND (k <= 6113301))
	  ->  Bitmap Index Scan on k_5  (cost=0.00..5.43 rows=100 width=0)
	        Index Cond: ((k >= 6113201) AND (k <= 6113301))

table 6 : explain SELECT k, c FROM sbtest6 WHERE k BETWEEN 6113201 AND 6113301
	Bitmap Heap Scan on sbtest6  (cost=5.43..389.37 rows=97 width=125)
	  Recheck Cond: ((k >= 6113201) AND (k <= 6113301))
	  ->  Bitmap Index Scan on k_6  (cost=0.00..5.40 rows=97 width=0)
	        Index Cond: ((k >= 6113201) AND (k <= 6113301))

table 7 : explain SELECT k, c FROM sbtest7 WHERE k BETWEEN 6113201 AND 6113301
	Bitmap Heap Scan on sbtest7  (cost=5.42..385.43 rows=96 width=125)
	  Recheck Cond: ((k >= 6113201) AND (k <= 6113301))
	  ->  Bitmap Index Scan on k_7  (cost=0.00..5.39 rows=96 width=0)
	        Index Cond: ((k >= 6113201) AND (k <= 6113301))

table 8 : explain SELECT k, c FROM sbtest8 WHERE k BETWEEN 6113201 AND 6113301
	Bitmap Heap Scan on sbtest8  (cost=5.56..440.56 rows=110 width=125)
	  Recheck Cond: ((k >= 6113201) AND (k <= 6113301))
	  ->  Bitmap Index Scan on k_8  (cost=0.00..5.53 rows=110 width=0)
	        Index Cond: ((k >= 6113201) AND (k <= 6113301))

explain: for range-notcovered :: explain SELECT k, c FROM sbtest%d WHERE k BETWEEN 5511193 AND 5511293
for range-notcovered
table 1 : explain SELECT k, c FROM sbtest1 WHERE k BETWEEN 6905786 AND 6905886
	Bitmap Heap Scan on sbtest1  (cost=5.47..405.13 rows=101 width=125)
	  Recheck Cond: ((k >= 6905786) AND (k <= 6905886))
	  ->  Bitmap Index Scan on k_1  (cost=0.00..5.44 rows=101 width=0)
	        Index Cond: ((k >= 6905786) AND (k <= 6905886))

table 2 : explain SELECT k, c FROM sbtest2 WHERE k BETWEEN 6905786 AND 6905886
	Bitmap Heap Scan on sbtest2  (cost=5.42..385.43 rows=96 width=125)
	  Recheck Cond: ((k >= 6905786) AND (k <= 6905886))
	  ->  Bitmap Index Scan on k_2  (cost=0.00..5.39 rows=96 width=0)
	        Index Cond: ((k >= 6905786) AND (k <= 6905886))

table 3 : explain SELECT k, c FROM sbtest3 WHERE k BETWEEN 6905786 AND 6905886
	Bitmap Heap Scan on sbtest3  (cost=5.45..397.25 rows=99 width=125)
	  Recheck Cond: ((k >= 6905786) AND (k <= 6905886))
	  ->  Bitmap Index Scan on k_3  (cost=0.00..5.42 rows=99 width=0)
	        Index Cond: ((k >= 6905786) AND (k <= 6905886))

table 4 : explain SELECT k, c FROM sbtest4 WHERE k BETWEEN 6905786 AND 6905886
	Bitmap Heap Scan on sbtest4  (cost=5.51..420.88 rows=105 width=125)
	  Recheck Cond: ((k >= 6905786) AND (k <= 6905886))
	  ->  Bitmap Index Scan on k_4  (cost=0.00..5.48 rows=105 width=0)
	        Index Cond: ((k >= 6905786) AND (k <= 6905886))

table 5 : explain SELECT k, c FROM sbtest5 WHERE k BETWEEN 6905786 AND 6905886
	Bitmap Heap Scan on sbtest5  (cost=5.46..401.19 rows=100 width=125)
	  Recheck Cond: ((k >= 6905786) AND (k <= 6905886))
	  ->  Bitmap Index Scan on k_5  (cost=0.00..5.43 rows=100 width=0)
	        Index Cond: ((k >= 6905786) AND (k <= 6905886))

table 6 : explain SELECT k, c FROM sbtest6 WHERE k BETWEEN 6905786 AND 6905886
	Bitmap Heap Scan on sbtest6  (cost=5.51..420.88 rows=105 width=125)
	  Recheck Cond: ((k >= 6905786) AND (k <= 6905886))
	  ->  Bitmap Index Scan on k_6  (cost=0.00..5.48 rows=105 width=0)
	        Index Cond: ((k >= 6905786) AND (k <= 6905886))

table 7 : explain SELECT k, c FROM sbtest7 WHERE k BETWEEN 6905786 AND 6905886
	Bitmap Heap Scan on sbtest7  (cost=5.56..440.56 rows=110 width=125)
	  Recheck Cond: ((k >= 6905786) AND (k <= 6905886))
	  ->  Bitmap Index Scan on k_7  (cost=0.00..5.53 rows=110 width=0)
	        Index Cond: ((k >= 6905786) AND (k <= 6905886))

table 8 : explain SELECT k, c FROM sbtest8 WHERE k BETWEEN 6905786 AND 6905886
	Bitmap Heap Scan on sbtest8  (cost=5.44..393.31 rows=98 width=125)
	  Recheck Cond: ((k >= 6905786) AND (k <= 6905886))
	  ->  Bitmap Index Scan on k_8  (cost=0.00..5.42 rows=98 width=0)
	        Index Cond: ((k >= 6905786) AND (k <= 6905886))

for range-notcovered
table 1 : explain SELECT k, c FROM sbtest1 WHERE k BETWEEN 7392854 AND 7392954
	Bitmap Heap Scan on sbtest1  (cost=5.48..409.07 rows=102 width=125)
	  Recheck Cond: ((k >= 7392854) AND (k <= 7392954))
	  ->  Bitmap Index Scan on k_1  (cost=0.00..5.45 rows=102 width=0)
	        Index Cond: ((k >= 7392854) AND (k <= 7392954))

table 2 : explain SELECT k, c FROM sbtest2 WHERE k BETWEEN 7392854 AND 7392954
	Bitmap Heap Scan on sbtest2  (cost=5.47..405.13 rows=101 width=125)
	  Recheck Cond: ((k >= 7392854) AND (k <= 7392954))
	  ->  Bitmap Index Scan on k_2  (cost=0.00..5.44 rows=101 width=0)
	        Index Cond: ((k >= 7392854) AND (k <= 7392954))

table 3 : explain SELECT k, c FROM sbtest3 WHERE k BETWEEN 7392854 AND 7392954
	Bitmap Heap Scan on sbtest3  (cost=5.38..369.67 rows=92 width=125)
	  Recheck Cond: ((k >= 7392854) AND (k <= 7392954))
	  ->  Bitmap Index Scan on k_3  (cost=0.00..5.35 rows=92 width=0)
	        Index Cond: ((k >= 7392854) AND (k <= 7392954))

table 4 : explain SELECT k, c FROM sbtest4 WHERE k BETWEEN 7392854 AND 7392954
	Bitmap Heap Scan on sbtest4  (cost=5.54..432.69 rows=108 width=125)
	  Recheck Cond: ((k >= 7392854) AND (k <= 7392954))
	  ->  Bitmap Index Scan on k_4  (cost=0.00..5.51 rows=108 width=0)
	        Index Cond: ((k >= 7392854) AND (k <= 7392954))

table 5 : explain SELECT k, c FROM sbtest5 WHERE k BETWEEN 7392854 AND 7392954
	Bitmap Heap Scan on sbtest5  (cost=5.45..397.25 rows=99 width=125)
	  Recheck Cond: ((k >= 7392854) AND (k <= 7392954))
	  ->  Bitmap Index Scan on k_5  (cost=0.00..5.42 rows=99 width=0)
	        Index Cond: ((k >= 7392854) AND (k <= 7392954))

table 6 : explain SELECT k, c FROM sbtest6 WHERE k BETWEEN 7392854 AND 7392954
	Bitmap Heap Scan on sbtest6  (cost=5.55..436.62 rows=109 width=125)
	  Recheck Cond: ((k >= 7392854) AND (k <= 7392954))
	  ->  Bitmap Index Scan on k_6  (cost=0.00..5.52 rows=109 width=0)
	        Index Cond: ((k >= 7392854) AND (k <= 7392954))

table 7 : explain SELECT k, c FROM sbtest7 WHERE k BETWEEN 7392854 AND 7392954
	Bitmap Heap Scan on sbtest7  (cost=5.51..420.88 rows=105 width=125)
	  Recheck Cond: ((k >= 7392854) AND (k <= 7392954))
	  ->  Bitmap Index Scan on k_7  (cost=0.00..5.48 rows=105 width=0)
	        Index Cond: ((k >= 7392854) AND (k <= 7392954))

table 8 : explain SELECT k, c FROM sbtest8 WHERE k BETWEEN 7392854 AND 7392954
	Bitmap Heap Scan on sbtest8  (cost=5.59..452.36 rows=113 width=125)
	  Recheck Cond: ((k >= 7392854) AND (k <= 7392954))
	  ->  Bitmap Index Scan on k_8  (cost=0.00..5.56 rows=113 width=0)
	        Index Cond: ((k >= 7392854) AND (k <= 7392954))

explain: for range-notcovered :: explain SELECT k, c FROM sbtest%d WHERE k BETWEEN 6113201 AND 6113301
explain: for range-notcovered :: explain SELECT k, c FROM sbtest%d WHERE k BETWEEN 6905786 AND 6905886
explain: for range-notcovered :: explain SELECT k, c FROM sbtest%d WHERE k BETWEEN 7390708 AND 7390808
for range-notcovered
table 1 : explain SELECT k, c FROM sbtest1 WHERE k BETWEEN 3271761 AND 3271861
	Bitmap Heap Scan on sbtest1  (cost=5.53..428.75 rows=107 width=125)
	  Recheck Cond: ((k >= 3271761) AND (k <= 3271861))
	  ->  Bitmap Index Scan on k_1  (cost=0.00..5.50 rows=107 width=0)
	        Index Cond: ((k >= 3271761) AND (k <= 3271861))

table 2 : explain SELECT k, c FROM sbtest2 WHERE k BETWEEN 3271761 AND 3271861
	Bitmap Heap Scan on sbtest2  (cost=5.46..401.19 rows=100 width=125)
	  Recheck Cond: ((k >= 3271761) AND (k <= 3271861))
	  ->  Bitmap Index Scan on k_2  (cost=0.00..5.43 rows=100 width=0)
	        Index Cond: ((k >= 3271761) AND (k <= 3271861))

table 3 : explain SELECT k, c FROM sbtest3 WHERE k BETWEEN 3271761 AND 3271861
	Bitmap Heap Scan on sbtest3  (cost=5.50..416.94 rows=104 width=125)
	  Recheck Cond: ((k >= 3271761) AND (k <= 3271861))
	  ->  Bitmap Index Scan on k_3  (cost=0.00..5.47 rows=104 width=0)
	        Index Cond: ((k >= 3271761) AND (k <= 3271861))

table 4 : explain SELECT k, c FROM sbtest4 WHERE k BETWEEN 3271761 AND 3271861
	Bitmap Heap Scan on sbtest4  (cost=5.46..401.19 rows=100 width=125)
	  Recheck Cond: ((k >= 3271761) AND (k <= 3271861))
	  ->  Bitmap Index Scan on k_4  (cost=0.00..5.43 rows=100 width=0)
	        Index Cond: ((k >= 3271761) AND (k <= 3271861))

table 5 : explain SELECT k, c FROM sbtest5 WHERE k BETWEEN 3271761 AND 3271861
	Bitmap Heap Scan on sbtest5  (cost=5.57..444.49 rows=111 width=125)
	  Recheck Cond: ((k >= 3271761) AND (k <= 3271861))
	  ->  Bitmap Index Scan on k_5  (cost=0.00..5.54 rows=111 width=0)
	        Index Cond: ((k >= 3271761) AND (k <= 3271861))

table 6 : explain SELECT k, c FROM sbtest6 WHERE k BETWEEN 3271761 AND 3271861
	Bitmap Heap Scan on sbtest6  (cost=5.58..448.42 rows=112 width=125)
	  Recheck Cond: ((k >= 3271761) AND (k <= 3271861))
	  ->  Bitmap Index Scan on k_6  (cost=0.00..5.55 rows=112 width=0)
	        Index Cond: ((k >= 3271761) AND (k <= 3271861))

table 7 : explain SELECT k, c FROM sbtest7 WHERE k BETWEEN 3271761 AND 3271861
	Bitmap Heap Scan on sbtest7  (cost=5.49..413.00 rows=103 width=125)
	  Recheck Cond: ((k >= 3271761) AND (k <= 3271861))
	  ->  Bitmap Index Scan on k_7  (cost=0.00..5.46 rows=103 width=0)
	        Index Cond: ((k >= 3271761) AND (k <= 3271861))

table 8 : explain SELECT k, c FROM sbtest8 WHERE k BETWEEN 3271761 AND 3271861
	Bitmap Heap Scan on sbtest8  (cost=5.47..405.13 rows=101 width=125)
	  Recheck Cond: ((k >= 3271761) AND (k <= 3271861))
	  ->  Bitmap Index Scan on k_8  (cost=0.00..5.44 rows=101 width=0)
	        Index Cond: ((k >= 3271761) AND (k <= 3271861))

explain: for range-notcovered :: explain SELECT k, c FROM sbtest%d WHERE k BETWEEN 7392854 AND 7392954
explain: for range-notcovered :: explain SELECT k, c FROM sbtest%d WHERE k BETWEEN 3271761 AND 3271861
for range-notcovered
table 1 : explain SELECT k, c FROM sbtest1 WHERE k BETWEEN 5599280 AND 5599380
	Bitmap Heap Scan on sbtest1  (cost=5.51..420.88 rows=105 width=125)
	  Recheck Cond: ((k >= 5599280) AND (k <= 5599380))
	  ->  Bitmap Index Scan on k_1  (cost=0.00..5.48 rows=105 width=0)
	        Index Cond: ((k >= 5599280) AND (k <= 5599380))

table 2 : explain SELECT k, c FROM sbtest2 WHERE k BETWEEN 5599280 AND 5599380
	Bitmap Heap Scan on sbtest2  (cost=5.56..440.56 rows=110 width=125)
	  Recheck Cond: ((k >= 5599280) AND (k <= 5599380))
	  ->  Bitmap Index Scan on k_2  (cost=0.00..5.53 rows=110 width=0)
	        Index Cond: ((k >= 5599280) AND (k <= 5599380))

table 3 : explain SELECT k, c FROM sbtest3 WHERE k BETWEEN 5599280 AND 5599380
	Bitmap Heap Scan on sbtest3  (cost=5.50..416.94 rows=104 width=125)
	  Recheck Cond: ((k >= 5599280) AND (k <= 5599380))
	  ->  Bitmap Index Scan on k_3  (cost=0.00..5.47 rows=104 width=0)
	        Index Cond: ((k >= 5599280) AND (k <= 5599380))

table 4 : explain SELECT k, c FROM sbtest4 WHERE k BETWEEN 5599280 AND 5599380
	Bitmap Heap Scan on sbtest4  (cost=5.42..385.43 rows=96 width=125)
	  Recheck Cond: ((k >= 5599280) AND (k <= 5599380))
	  ->  Bitmap Index Scan on k_4  (cost=0.00..5.39 rows=96 width=0)
	        Index Cond: ((k >= 5599280) AND (k <= 5599380))

table 5 : explain SELECT k, c FROM sbtest5 WHERE k BETWEEN 5599280 AND 5599380
	Bitmap Heap Scan on sbtest5  (cost=5.49..413.00 rows=103 width=125)
	  Recheck Cond: ((k >= 5599280) AND (k <= 5599380))
	  ->  Bitmap Index Scan on k_5  (cost=0.00..5.46 rows=103 width=0)
	        Index Cond: ((k >= 5599280) AND (k <= 5599380))

table 6 : explain SELECT k, c FROM sbtest6 WHERE k BETWEEN 5599280 AND 5599380
	Bitmap Heap Scan on sbtest6  (cost=5.41..381.49 rows=95 width=125)
	  Recheck Cond: ((k >= 5599280) AND (k <= 5599380))
	  ->  Bitmap Index Scan on k_6  (cost=0.00..5.38 rows=95 width=0)
	        Index Cond: ((k >= 5599280) AND (k <= 5599380))

table 7 : explain SELECT k, c FROM sbtest7 WHERE k BETWEEN 5599280 AND 5599380
	Bitmap Heap Scan on sbtest7  (cost=5.48..409.07 rows=102 width=125)
	  Recheck Cond: ((k >= 5599280) AND (k <= 5599380))
	  ->  Bitmap Index Scan on k_7  (cost=0.00..5.45 rows=102 width=0)
	        Index Cond: ((k >= 5599280) AND (k <= 5599380))

table 8 : explain SELECT k, c FROM sbtest8 WHERE k BETWEEN 5599280 AND 5599380
	Bitmap Heap Scan on sbtest8  (cost=5.45..397.25 rows=99 width=125)
	  Recheck Cond: ((k >= 5599280) AND (k <= 5599380))
	  ->  Bitmap Index Scan on k_8  (cost=0.00..5.42 rows=99 width=0)
	        Index Cond: ((k >= 5599280) AND (k <= 5599380))

explain: for range-notcovered :: explain SELECT k, c FROM sbtest%d WHERE k BETWEEN 5599280 AND 5599380
for range-notcovered
table 1 : explain SELECT k, c FROM sbtest1 WHERE k BETWEEN 8496887 AND 8496987
	Bitmap Heap Scan on sbtest1  (cost=5.40..377.55 rows=94 width=125)
	  Recheck Cond: ((k >= 8496887) AND (k <= 8496987))
	  ->  Bitmap Index Scan on k_1  (cost=0.00..5.38 rows=94 width=0)
	        Index Cond: ((k >= 8496887) AND (k <= 8496987))

table 2 : explain SELECT k, c FROM sbtest2 WHERE k BETWEEN 8496887 AND 8496987
	Bitmap Heap Scan on sbtest2  (cost=5.52..424.81 rows=106 width=125)
	  Recheck Cond: ((k >= 8496887) AND (k <= 8496987))
	  ->  Bitmap Index Scan on k_2  (cost=0.00..5.50 rows=106 width=0)
	        Index Cond: ((k >= 8496887) AND (k <= 8496987))

table 3 : explain SELECT k, c FROM sbtest3 WHERE k BETWEEN 8496887 AND 8496987
	Bitmap Heap Scan on sbtest3  (cost=5.43..389.37 rows=97 width=125)
	  Recheck Cond: ((k >= 8496887) AND (k <= 8496987))
	  ->  Bitmap Index Scan on k_3  (cost=0.00..5.40 rows=97 width=0)
	        Index Cond: ((k >= 8496887) AND (k <= 8496987))

table 4 : explain SELECT k, c FROM sbtest4 WHERE k BETWEEN 8496887 AND 8496987
	Bitmap Heap Scan on sbtest4  (cost=5.45..397.25 rows=99 width=125)
	  Recheck Cond: ((k >= 8496887) AND (k <= 8496987))
	  ->  Bitmap Index Scan on k_4  (cost=0.00..5.42 rows=99 width=0)
	        Index Cond: ((k >= 8496887) AND (k <= 8496987))

table 5 : explain SELECT k, c FROM sbtest5 WHERE k BETWEEN 8496887 AND 8496987
	Bitmap Heap Scan on sbtest5  (cost=5.45..397.25 rows=99 width=125)
	  Recheck Cond: ((k >= 8496887) AND (k <= 8496987))
	  ->  Bitmap Index Scan on k_5  (cost=0.00..5.42 rows=99 width=0)
	        Index Cond: ((k >= 8496887) AND (k <= 8496987))

table 6 : explain SELECT k, c FROM sbtest6 WHERE k BETWEEN 8496887 AND 8496987
	Bitmap Heap Scan on sbtest6  (cost=5.46..401.19 rows=100 width=125)
	  Recheck Cond: ((k >= 8496887) AND (k <= 8496987))
	  ->  Bitmap Index Scan on k_6  (cost=0.00..5.43 rows=100 width=0)
	        Index Cond: ((k >= 8496887) AND (k <= 8496987))

table 7 : explain SELECT k, c FROM sbtest7 WHERE k BETWEEN 8496887 AND 8496987
	Bitmap Heap Scan on sbtest7  (cost=5.44..393.31 rows=98 width=125)
	  Recheck Cond: ((k >= 8496887) AND (k <= 8496987))
	  ->  Bitmap Index Scan on k_7  (cost=0.00..5.42 rows=98 width=0)
	        Index Cond: ((k >= 8496887) AND (k <= 8496987))

table 8 : explain SELECT k, c FROM sbtest8 WHERE k BETWEEN 8496887 AND 8496987
	Bitmap Heap Scan on sbtest8  (cost=5.49..413.00 rows=103 width=125)
	  Recheck Cond: ((k >= 8496887) AND (k <= 8496987))
	  ->  Bitmap Index Scan on k_8  (cost=0.00..5.46 rows=103 width=0)
	        Index Cond: ((k >= 8496887) AND (k <= 8496987))

for range-notcovered
table 1 : explain SELECT k, c FROM sbtest1 WHERE k BETWEEN 5511193 AND 5511293
	Bitmap Heap Scan on sbtest1  (cost=5.50..416.94 rows=104 width=125)
	  Recheck Cond: ((k >= 5511193) AND (k <= 5511293))
	  ->  Bitmap Index Scan on k_1  (cost=0.00..5.47 rows=104 width=0)
	        Index Cond: ((k >= 5511193) AND (k <= 5511293))

table 2 : explain SELECT k, c FROM sbtest2 WHERE k BETWEEN 5511193 AND 5511293
	Bitmap Heap Scan on sbtest2  (cost=5.44..393.31 rows=98 width=125)
	  Recheck Cond: ((k >= 5511193) AND (k <= 5511293))
	  ->  Bitmap Index Scan on k_2  (cost=0.00..5.42 rows=98 width=0)
	        Index Cond: ((k >= 5511193) AND (k <= 5511293))

table 3 : explain SELECT k, c FROM sbtest3 WHERE k BETWEEN 5511193 AND 5511293
	Bitmap Heap Scan on sbtest3  (cost=5.47..405.13 rows=101 width=125)
	  Recheck Cond: ((k >= 5511193) AND (k <= 5511293))
	  ->  Bitmap Index Scan on k_3  (cost=0.00..5.44 rows=101 width=0)
	        Index Cond: ((k >= 5511193) AND (k <= 5511293))

table 4 : explain SELECT k, c FROM sbtest4 WHERE k BETWEEN 5511193 AND 5511293
	Bitmap Heap Scan on sbtest4  (cost=5.35..357.84 rows=89 width=125)
	  Recheck Cond: ((k >= 5511193) AND (k <= 5511293))
	  ->  Bitmap Index Scan on k_4  (cost=0.00..5.32 rows=89 width=0)
	        Index Cond: ((k >= 5511193) AND (k <= 5511293))

table 5 : explain SELECT k, c FROM sbtest5 WHERE k BETWEEN 5511193 AND 5511293
	Bitmap Heap Scan on sbtest5  (cost=5.39..373.61 rows=93 width=125)
	  Recheck Cond: ((k >= 5511193) AND (k <= 5511293))
	  ->  Bitmap Index Scan on k_5  (cost=0.00..5.36 rows=93 width=0)
	        Index Cond: ((k >= 5511193) AND (k <= 5511293))

table 6 : explain SELECT k, c FROM sbtest6 WHERE k BETWEEN 5511193 AND 5511293
	Bitmap Heap Scan on sbtest6  (cost=5.41..381.49 rows=95 width=125)
	  Recheck Cond: ((k >= 5511193) AND (k <= 5511293))
	  ->  Bitmap Index Scan on k_6  (cost=0.00..5.38 rows=95 width=0)
	        Index Cond: ((k >= 5511193) AND (k <= 5511293))

table 7 : explain SELECT k, c FROM sbtest7 WHERE k BETWEEN 5511193 AND 5511293
	Bitmap Heap Scan on sbtest7  (cost=5.51..420.88 rows=105 width=125)
	  Recheck Cond: ((k >= 5511193) AND (k <= 5511293))
	  ->  Bitmap Index Scan on k_7  (cost=0.00..5.48 rows=105 width=0)
	        Index Cond: ((k >= 5511193) AND (k <= 5511293))

table 8 : explain SELECT k, c FROM sbtest8 WHERE k BETWEEN 5511193 AND 5511293
	Bitmap Heap Scan on sbtest8  (cost=5.41..381.49 rows=95 width=125)
	  Recheck Cond: ((k >= 5511193) AND (k <= 5511293))
	  ->  Bitmap Index Scan on k_8  (cost=0.00..5.38 rows=95 width=0)
	        Index Cond: ((k >= 5511193) AND (k <= 5511293))

explain: for range-notcovered :: explain SELECT k, c FROM sbtest%d WHERE k BETWEEN 8496887 AND 8496987
explain: for range-notcovered :: explain SELECT k, c FROM sbtest%d WHERE k BETWEEN 5511193 AND 5511293
for range-notcovered
table 1 : explain SELECT k, c FROM sbtest1 WHERE k BETWEEN 6905786 AND 6905886
	Bitmap Heap Scan on sbtest1  (cost=5.47..405.13 rows=101 width=125)
	  Recheck Cond: ((k >= 6905786) AND (k <= 6905886))
	  ->  Bitmap Index Scan on k_1  (cost=0.00..5.44 rows=101 width=0)
	        Index Cond: ((k >= 6905786) AND (k <= 6905886))

table 2 : explain SELECT k, c FROM sbtest2 WHERE k BETWEEN 6905786 AND 6905886
	Bitmap Heap Scan on sbtest2  (cost=5.42..385.43 rows=96 width=125)
	  Recheck Cond: ((k >= 6905786) AND (k <= 6905886))
	  ->  Bitmap Index Scan on k_2  (cost=0.00..5.39 rows=96 width=0)
	        Index Cond: ((k >= 6905786) AND (k <= 6905886))

table 3 : explain SELECT k, c FROM sbtest3 WHERE k BETWEEN 6905786 AND 6905886
	Bitmap Heap Scan on sbtest3  (cost=5.45..397.25 rows=99 width=125)
	  Recheck Cond: ((k >= 6905786) AND (k <= 6905886))
	  ->  Bitmap Index Scan on k_3  (cost=0.00..5.42 rows=99 width=0)
	        Index Cond: ((k >= 6905786) AND (k <= 6905886))

table 4 : explain SELECT k, c FROM sbtest4 WHERE k BETWEEN 6905786 AND 6905886
	Bitmap Heap Scan on sbtest4  (cost=5.51..420.88 rows=105 width=125)
	  Recheck Cond: ((k >= 6905786) AND (k <= 6905886))
	  ->  Bitmap Index Scan on k_4  (cost=0.00..5.48 rows=105 width=0)
	        Index Cond: ((k >= 6905786) AND (k <= 6905886))

table 5 : explain SELECT k, c FROM sbtest5 WHERE k BETWEEN 6905786 AND 6905886
	Bitmap Heap Scan on sbtest5  (cost=5.46..401.19 rows=100 width=125)
	  Recheck Cond: ((k >= 6905786) AND (k <= 6905886))
	  ->  Bitmap Index Scan on k_5  (cost=0.00..5.43 rows=100 width=0)
	        Index Cond: ((k >= 6905786) AND (k <= 6905886))

table 6 : explain SELECT k, c FROM sbtest6 WHERE k BETWEEN 6905786 AND 6905886
	Bitmap Heap Scan on sbtest6  (cost=5.51..420.88 rows=105 width=125)
	  Recheck Cond: ((k >= 6905786) AND (k <= 6905886))
	  ->  Bitmap Index Scan on k_6  (cost=0.00..5.48 rows=105 width=0)
	        Index Cond: ((k >= 6905786) AND (k <= 6905886))

table 7 : explain SELECT k, c FROM sbtest7 WHERE k BETWEEN 6905786 AND 6905886
	Bitmap Heap Scan on sbtest7  (cost=5.56..440.56 rows=110 width=125)
	  Recheck Cond: ((k >= 6905786) AND (k <= 6905886))
	  ->  Bitmap Index Scan on k_7  (cost=0.00..5.53 rows=110 width=0)
	        Index Cond: ((k >= 6905786) AND (k <= 6905886))

table 8 : explain SELECT k, c FROM sbtest8 WHERE k BETWEEN 6905786 AND 6905886
	Bitmap Heap Scan on sbtest8  (cost=5.44..393.31 rows=98 width=125)
	  Recheck Cond: ((k >= 6905786) AND (k <= 6905886))
	  ->  Bitmap Index Scan on k_8  (cost=0.00..5.42 rows=98 width=0)
	        Index Cond: ((k >= 6905786) AND (k <= 6905886))

for range-notcovered
table 1 : explain SELECT k, c FROM sbtest1 WHERE k BETWEEN 6113201 AND 6113301
	Bitmap Heap Scan on sbtest1  (cost=5.47..405.13 rows=101 width=125)
	  Recheck Cond: ((k >= 6113201) AND (k <= 6113301))
	  ->  Bitmap Index Scan on k_1  (cost=0.00..5.44 rows=101 width=0)
	        Index Cond: ((k >= 6113201) AND (k <= 6113301))

table 2 : explain SELECT k, c FROM sbtest2 WHERE k BETWEEN 6113201 AND 6113301
	Bitmap Heap Scan on sbtest2  (cost=5.54..432.69 rows=108 width=125)
	  Recheck Cond: ((k >= 6113201) AND (k <= 6113301))
	  ->  Bitmap Index Scan on k_2  (cost=0.00..5.51 rows=108 width=0)
	        Index Cond: ((k >= 6113201) AND (k <= 6113301))

table 3 : explain SELECT k, c FROM sbtest3 WHERE k BETWEEN 6113201 AND 6113301
	Bitmap Heap Scan on sbtest3  (cost=5.46..401.19 rows=100 width=125)
	  Recheck Cond: ((k >= 6113201) AND (k <= 6113301))
	  ->  Bitmap Index Scan on k_3  (cost=0.00..5.43 rows=100 width=0)
	        Index Cond: ((k >= 6113201) AND (k <= 6113301))

table 4 : explain SELECT k, c FROM sbtest4 WHERE k BETWEEN 6113201 AND 6113301
	Bitmap Heap Scan on sbtest4  (cost=5.33..349.95 rows=87 width=125)
	  Recheck Cond: ((k >= 6113201) AND (k <= 6113301))
	  ->  Bitmap Index Scan on k_4  (cost=0.00..5.30 rows=87 width=0)
	        Index Cond: ((k >= 6113201) AND (k <= 6113301))

table 5 : explain SELECT k, c FROM sbtest5 WHERE k BETWEEN 6113201 AND 6113301
	Bitmap Heap Scan on sbtest5  (cost=5.46..401.19 rows=100 width=125)
	  Recheck Cond: ((k >= 6113201) AND (k <= 6113301))
	  ->  Bitmap Index Scan on k_5  (cost=0.00..5.43 rows=100 width=0)
	        Index Cond: ((k >= 6113201) AND (k <= 6113301))

table 6 : explain SELECT k, c FROM sbtest6 WHERE k BETWEEN 6113201 AND 6113301
	Bitmap Heap Scan on sbtest6  (cost=5.43..389.37 rows=97 width=125)
	  Recheck Cond: ((k >= 6113201) AND (k <= 6113301))
	  ->  Bitmap Index Scan on k_6  (cost=0.00..5.40 rows=97 width=0)
	        Index Cond: ((k >= 6113201) AND (k <= 6113301))

table 7 : explain SELECT k, c FROM sbtest7 WHERE k BETWEEN 6113201 AND 6113301
	Bitmap Heap Scan on sbtest7  (cost=5.42..385.43 rows=96 width=125)
	  Recheck Cond: ((k >= 6113201) AND (k <= 6113301))
	  ->  Bitmap Index Scan on k_7  (cost=0.00..5.39 rows=96 width=0)
	        Index Cond: ((k >= 6113201) AND (k <= 6113301))

table 8 : explain SELECT k, c FROM sbtest8 WHERE k BETWEEN 6113201 AND 6113301
	Bitmap Heap Scan on sbtest8  (cost=5.56..440.56 rows=110 width=125)
	  Recheck Cond: ((k >= 6113201) AND (k <= 6113301))
	  ->  Bitmap Index Scan on k_8  (cost=0.00..5.53 rows=110 width=0)
	        Index Cond: ((k >= 6113201) AND (k <= 6113301))

for range-notcovered
table 1 : explain SELECT k, c FROM sbtest1 WHERE k BETWEEN 7392854 AND 7392954
	Bitmap Heap Scan on sbtest1  (cost=5.48..409.07 rows=102 width=125)
	  Recheck Cond: ((k >= 7392854) AND (k <= 7392954))
	  ->  Bitmap Index Scan on k_1  (cost=0.00..5.45 rows=102 width=0)
	        Index Cond: ((k >= 7392854) AND (k <= 7392954))

table 2 : explain SELECT k, c FROM sbtest2 WHERE k BETWEEN 7392854 AND 7392954
	Bitmap Heap Scan on sbtest2  (cost=5.47..405.13 rows=101 width=125)
	  Recheck Cond: ((k >= 7392854) AND (k <= 7392954))
	  ->  Bitmap Index Scan on k_2  (cost=0.00..5.44 rows=101 width=0)
	        Index Cond: ((k >= 7392854) AND (k <= 7392954))

table 3 : explain SELECT k, c FROM sbtest3 WHERE k BETWEEN 7392854 AND 7392954
	Bitmap Heap Scan on sbtest3  (cost=5.38..369.67 rows=92 width=125)
	  Recheck Cond: ((k >= 7392854) AND (k <= 7392954))
	  ->  Bitmap Index Scan on k_3  (cost=0.00..5.35 rows=92 width=0)
	        Index Cond: ((k >= 7392854) AND (k <= 7392954))

table 4 : explain SELECT k, c FROM sbtest4 WHERE k BETWEEN 7392854 AND 7392954
	Bitmap Heap Scan on sbtest4  (cost=5.54..432.69 rows=108 width=125)
	  Recheck Cond: ((k >= 7392854) AND (k <= 7392954))
	  ->  Bitmap Index Scan on k_4  (cost=0.00..5.51 rows=108 width=0)
	        Index Cond: ((k >= 7392854) AND (k <= 7392954))

table 5 : explain SELECT k, c FROM sbtest5 WHERE k BETWEEN 7392854 AND 7392954
	Bitmap Heap Scan on sbtest5  (cost=5.45..397.25 rows=99 width=125)
	  Recheck Cond: ((k >= 7392854) AND (k <= 7392954))
	  ->  Bitmap Index Scan on k_5  (cost=0.00..5.42 rows=99 width=0)
	        Index Cond: ((k >= 7392854) AND (k <= 7392954))

table 6 : explain SELECT k, c FROM sbtest6 WHERE k BETWEEN 7392854 AND 7392954
	Bitmap Heap Scan on sbtest6  (cost=5.55..436.62 rows=109 width=125)
	  Recheck Cond: ((k >= 7392854) AND (k <= 7392954))
	  ->  Bitmap Index Scan on k_6  (cost=0.00..5.52 rows=109 width=0)
	        Index Cond: ((k >= 7392854) AND (k <= 7392954))

table 7 : explain SELECT k, c FROM sbtest7 WHERE k BETWEEN 7392854 AND 7392954
	Bitmap Heap Scan on sbtest7  (cost=5.51..420.88 rows=105 width=125)
	  Recheck Cond: ((k >= 7392854) AND (k <= 7392954))
	  ->  Bitmap Index Scan on k_7  (cost=0.00..5.48 rows=105 width=0)
	        Index Cond: ((k >= 7392854) AND (k <= 7392954))

table 8 : explain SELECT k, c FROM sbtest8 WHERE k BETWEEN 7392854 AND 7392954
	Bitmap Heap Scan on sbtest8  (cost=5.59..452.36 rows=113 width=125)
	  Recheck Cond: ((k >= 7392854) AND (k <= 7392954))
	  ->  Bitmap Index Scan on k_8  (cost=0.00..5.56 rows=113 width=0)
	        Index Cond: ((k >= 7392854) AND (k <= 7392954))

explain: for range-notcovered :: explain SELECT k, c FROM sbtest%d WHERE k BETWEEN 6905786 AND 6905886
for range-notcovered
table 1 : explain SELECT k, c FROM sbtest1 WHERE k BETWEEN 3271761 AND 3271861
	Bitmap Heap Scan on sbtest1  (cost=5.53..428.75 rows=107 width=125)
	  Recheck Cond: ((k >= 3271761) AND (k <= 3271861))
	  ->  Bitmap Index Scan on k_1  (cost=0.00..5.50 rows=107 width=0)
	        Index Cond: ((k >= 3271761) AND (k <= 3271861))

table 2 : explain SELECT k, c FROM sbtest2 WHERE k BETWEEN 3271761 AND 3271861
	Bitmap Heap Scan on sbtest2  (cost=5.46..401.19 rows=100 width=125)
	  Recheck Cond: ((k >= 3271761) AND (k <= 3271861))
	  ->  Bitmap Index Scan on k_2  (cost=0.00..5.43 rows=100 width=0)
	        Index Cond: ((k >= 3271761) AND (k <= 3271861))

table 3 : explain SELECT k, c FROM sbtest3 WHERE k BETWEEN 3271761 AND 3271861
	Bitmap Heap Scan on sbtest3  (cost=5.50..416.94 rows=104 width=125)
	  Recheck Cond: ((k >= 3271761) AND (k <= 3271861))
	  ->  Bitmap Index Scan on k_3  (cost=0.00..5.47 rows=104 width=0)
	        Index Cond: ((k >= 3271761) AND (k <= 3271861))

table 4 : explain SELECT k, c FROM sbtest4 WHERE k BETWEEN 3271761 AND 3271861
	Bitmap Heap Scan on sbtest4  (cost=5.46..401.19 rows=100 width=125)
	  Recheck Cond: ((k >= 3271761) AND (k <= 3271861))
	  ->  Bitmap Index Scan on k_4  (cost=0.00..5.43 rows=100 width=0)
	        Index Cond: ((k >= 3271761) AND (k <= 3271861))

table 5 : explain SELECT k, c FROM sbtest5 WHERE k BETWEEN 3271761 AND 3271861
	Bitmap Heap Scan on sbtest5  (cost=5.57..444.49 rows=111 width=125)
	  Recheck Cond: ((k >= 3271761) AND (k <= 3271861))
	  ->  Bitmap Index Scan on k_5  (cost=0.00..5.54 rows=111 width=0)
	        Index Cond: ((k >= 3271761) AND (k <= 3271861))

table 6 : explain SELECT k, c FROM sbtest6 WHERE k BETWEEN 3271761 AND 3271861
	Bitmap Heap Scan on sbtest6  (cost=5.58..448.42 rows=112 width=125)
	  Recheck Cond: ((k >= 3271761) AND (k <= 3271861))
	  ->  Bitmap Index Scan on k_6  (cost=0.00..5.55 rows=112 width=0)
	        Index Cond: ((k >= 3271761) AND (k <= 3271861))

table 7 : explain SELECT k, c FROM sbtest7 WHERE k BETWEEN 3271761 AND 3271861
	Bitmap Heap Scan on sbtest7  (cost=5.49..413.00 rows=103 width=125)
	  Recheck Cond: ((k >= 3271761) AND (k <= 3271861))
	  ->  Bitmap Index Scan on k_7  (cost=0.00..5.46 rows=103 width=0)
	        Index Cond: ((k >= 3271761) AND (k <= 3271861))

table 8 : explain SELECT k, c FROM sbtest8 WHERE k BETWEEN 3271761 AND 3271861
	Bitmap Heap Scan on sbtest8  (cost=5.47..405.13 rows=101 width=125)
	  Recheck Cond: ((k >= 3271761) AND (k <= 3271861))
	  ->  Bitmap Index Scan on k_8  (cost=0.00..5.44 rows=101 width=0)
	        Index Cond: ((k >= 3271761) AND (k <= 3271861))

explain: for range-notcovered :: explain SELECT k, c FROM sbtest%d WHERE k BETWEEN 6113201 AND 6113301
explain: for range-notcovered :: explain SELECT k, c FROM sbtest%d WHERE k BETWEEN 7392854 AND 7392954
explain: for range-notcovered :: explain SELECT k, c FROM sbtest%d WHERE k BETWEEN 3271761 AND 3271861
for range-notcovered
table 1 : explain SELECT k, c FROM sbtest1 WHERE k BETWEEN 5599280 AND 5599380
	Bitmap Heap Scan on sbtest1  (cost=5.51..420.88 rows=105 width=125)
	  Recheck Cond: ((k >= 5599280) AND (k <= 5599380))
	  ->  Bitmap Index Scan on k_1  (cost=0.00..5.48 rows=105 width=0)
	        Index Cond: ((k >= 5599280) AND (k <= 5599380))

table 2 : explain SELECT k, c FROM sbtest2 WHERE k BETWEEN 5599280 AND 5599380
	Bitmap Heap Scan on sbtest2  (cost=5.56..440.56 rows=110 width=125)
	  Recheck Cond: ((k >= 5599280) AND (k <= 5599380))
	  ->  Bitmap Index Scan on k_2  (cost=0.00..5.53 rows=110 width=0)
	        Index Cond: ((k >= 5599280) AND (k <= 5599380))

table 3 : explain SELECT k, c FROM sbtest3 WHERE k BETWEEN 5599280 AND 5599380
	Bitmap Heap Scan on sbtest3  (cost=5.50..416.94 rows=104 width=125)
	  Recheck Cond: ((k >= 5599280) AND (k <= 5599380))
	  ->  Bitmap Index Scan on k_3  (cost=0.00..5.47 rows=104 width=0)
	        Index Cond: ((k >= 5599280) AND (k <= 5599380))

table 4 : explain SELECT k, c FROM sbtest4 WHERE k BETWEEN 5599280 AND 5599380
	Bitmap Heap Scan on sbtest4  (cost=5.42..385.43 rows=96 width=125)
	  Recheck Cond: ((k >= 5599280) AND (k <= 5599380))
	  ->  Bitmap Index Scan on k_4  (cost=0.00..5.39 rows=96 width=0)
	        Index Cond: ((k >= 5599280) AND (k <= 5599380))

table 5 : explain SELECT k, c FROM sbtest5 WHERE k BETWEEN 5599280 AND 5599380
	Bitmap Heap Scan on sbtest5  (cost=5.49..413.00 rows=103 width=125)
	  Recheck Cond: ((k >= 5599280) AND (k <= 5599380))
	  ->  Bitmap Index Scan on k_5  (cost=0.00..5.46 rows=103 width=0)
	        Index Cond: ((k >= 5599280) AND (k <= 5599380))

table 6 : explain SELECT k, c FROM sbtest6 WHERE k BETWEEN 5599280 AND 5599380
	Bitmap Heap Scan on sbtest6  (cost=5.41..381.49 rows=95 width=125)
	  Recheck Cond: ((k >= 5599280) AND (k <= 5599380))
	  ->  Bitmap Index Scan on k_6  (cost=0.00..5.38 rows=95 width=0)
	        Index Cond: ((k >= 5599280) AND (k <= 5599380))

table 7 : explain SELECT k, c FROM sbtest7 WHERE k BETWEEN 5599280 AND 5599380
	Bitmap Heap Scan on sbtest7  (cost=5.48..409.07 rows=102 width=125)
	  Recheck Cond: ((k >= 5599280) AND (k <= 5599380))
	  ->  Bitmap Index Scan on k_7  (cost=0.00..5.45 rows=102 width=0)
	        Index Cond: ((k >= 5599280) AND (k <= 5599380))

table 8 : explain SELECT k, c FROM sbtest8 WHERE k BETWEEN 5599280 AND 5599380
	Bitmap Heap Scan on sbtest8  (cost=5.45..397.25 rows=99 width=125)
	  Recheck Cond: ((k >= 5599280) AND (k <= 5599380))
	  ->  Bitmap Index Scan on k_8  (cost=0.00..5.42 rows=99 width=0)
	        Index Cond: ((k >= 5599280) AND (k <= 5599380))

explain: for range-notcovered :: explain SELECT k, c FROM sbtest%d WHERE k BETWEEN 5599280 AND 5599380
for range-notcovered
table 1 : explain SELECT k, c FROM sbtest1 WHERE k BETWEEN 5511193 AND 5511293
	Bitmap Heap Scan on sbtest1  (cost=5.50..416.94 rows=104 width=125)
	  Recheck Cond: ((k >= 5511193) AND (k <= 5511293))
	  ->  Bitmap Index Scan on k_1  (cost=0.00..5.47 rows=104 width=0)
	        Index Cond: ((k >= 5511193) AND (k <= 5511293))

table 2 : explain SELECT k, c FROM sbtest2 WHERE k BETWEEN 5511193 AND 5511293
	Bitmap Heap Scan on sbtest2  (cost=5.44..393.31 rows=98 width=125)
	  Recheck Cond: ((k >= 5511193) AND (k <= 5511293))
	  ->  Bitmap Index Scan on k_2  (cost=0.00..5.42 rows=98 width=0)
	        Index Cond: ((k >= 5511193) AND (k <= 5511293))

table 3 : explain SELECT k, c FROM sbtest3 WHERE k BETWEEN 5511193 AND 5511293
	Bitmap Heap Scan on sbtest3  (cost=5.47..405.13 rows=101 width=125)
	  Recheck Cond: ((k >= 5511193) AND (k <= 5511293))
	  ->  Bitmap Index Scan on k_3  (cost=0.00..5.44 rows=101 width=0)
	        Index Cond: ((k >= 5511193) AND (k <= 5511293))

table 4 : explain SELECT k, c FROM sbtest4 WHERE k BETWEEN 5511193 AND 5511293
	Bitmap Heap Scan on sbtest4  (cost=5.35..357.84 rows=89 width=125)
	  Recheck Cond: ((k >= 5511193) AND (k <= 5511293))
	  ->  Bitmap Index Scan on k_4  (cost=0.00..5.32 rows=89 width=0)
	        Index Cond: ((k >= 5511193) AND (k <= 5511293))

table 5 : explain SELECT k, c FROM sbtest5 WHERE k BETWEEN 5511193 AND 5511293
	Bitmap Heap Scan on sbtest5  (cost=5.39..373.61 rows=93 width=125)
	  Recheck Cond: ((k >= 5511193) AND (k <= 5511293))
	  ->  Bitmap Index Scan on k_5  (cost=0.00..5.36 rows=93 width=0)
	        Index Cond: ((k >= 5511193) AND (k <= 5511293))

table 6 : explain SELECT k, c FROM sbtest6 WHERE k BETWEEN 5511193 AND 5511293
	Bitmap Heap Scan on sbtest6  (cost=5.41..381.49 rows=95 width=125)
	  Recheck Cond: ((k >= 5511193) AND (k <= 5511293))
	  ->  Bitmap Index Scan on k_6  (cost=0.00..5.38 rows=95 width=0)
	        Index Cond: ((k >= 5511193) AND (k <= 5511293))

table 7 : explain SELECT k, c FROM sbtest7 WHERE k BETWEEN 5511193 AND 5511293
	Bitmap Heap Scan on sbtest7  (cost=5.51..420.88 rows=105 width=125)
	  Recheck Cond: ((k >= 5511193) AND (k <= 5511293))
	  ->  Bitmap Index Scan on k_7  (cost=0.00..5.48 rows=105 width=0)
	        Index Cond: ((k >= 5511193) AND (k <= 5511293))

table 8 : explain SELECT k, c FROM sbtest8 WHERE k BETWEEN 5511193 AND 5511293
	Bitmap Heap Scan on sbtest8  (cost=5.41..381.49 rows=95 width=125)
	  Recheck Cond: ((k >= 5511193) AND (k <= 5511293))
	  ->  Bitmap Index Scan on k_8  (cost=0.00..5.38 rows=95 width=0)
	        Index Cond: ((k >= 5511193) AND (k <= 5511293))

for range-notcovered
table 1 : explain SELECT k, c FROM sbtest1 WHERE k BETWEEN 8496887 AND 8496987
	Bitmap Heap Scan on sbtest1  (cost=5.40..377.55 rows=94 width=125)
	  Recheck Cond: ((k >= 8496887) AND (k <= 8496987))
	  ->  Bitmap Index Scan on k_1  (cost=0.00..5.38 rows=94 width=0)
	        Index Cond: ((k >= 8496887) AND (k <= 8496987))

table 2 : explain SELECT k, c FROM sbtest2 WHERE k BETWEEN 8496887 AND 8496987
	Bitmap Heap Scan on sbtest2  (cost=5.52..424.81 rows=106 width=125)
	  Recheck Cond: ((k >= 8496887) AND (k <= 8496987))
	  ->  Bitmap Index Scan on k_2  (cost=0.00..5.50 rows=106 width=0)
	        Index Cond: ((k >= 8496887) AND (k <= 8496987))

table 3 : explain SELECT k, c FROM sbtest3 WHERE k BETWEEN 8496887 AND 8496987
	Bitmap Heap Scan on sbtest3  (cost=5.43..389.37 rows=97 width=125)
	  Recheck Cond: ((k >= 8496887) AND (k <= 8496987))
	  ->  Bitmap Index Scan on k_3  (cost=0.00..5.40 rows=97 width=0)
	        Index Cond: ((k >= 8496887) AND (k <= 8496987))

table 4 : explain SELECT k, c FROM sbtest4 WHERE k BETWEEN 8496887 AND 8496987
	Bitmap Heap Scan on sbtest4  (cost=5.45..397.25 rows=99 width=125)
	  Recheck Cond: ((k >= 8496887) AND (k <= 8496987))
	  ->  Bitmap Index Scan on k_4  (cost=0.00..5.42 rows=99 width=0)
	        Index Cond: ((k >= 8496887) AND (k <= 8496987))

table 5 : explain SELECT k, c FROM sbtest5 WHERE k BETWEEN 8496887 AND 8496987
	Bitmap Heap Scan on sbtest5  (cost=5.45..397.25 rows=99 width=125)
	  Recheck Cond: ((k >= 8496887) AND (k <= 8496987))
	  ->  Bitmap Index Scan on k_5  (cost=0.00..5.42 rows=99 width=0)
	        Index Cond: ((k >= 8496887) AND (k <= 8496987))

table 6 : explain SELECT k, c FROM sbtest6 WHERE k BETWEEN 8496887 AND 8496987
	Bitmap Heap Scan on sbtest6  (cost=5.46..401.19 rows=100 width=125)
	  Recheck Cond: ((k >= 8496887) AND (k <= 8496987))
	  ->  Bitmap Index Scan on k_6  (cost=0.00..5.43 rows=100 width=0)
	        Index Cond: ((k >= 8496887) AND (k <= 8496987))

table 7 : explain SELECT k, c FROM sbtest7 WHERE k BETWEEN 8496887 AND 8496987
	Bitmap Heap Scan on sbtest7  (cost=5.44..393.31 rows=98 width=125)
	  Recheck Cond: ((k >= 8496887) AND (k <= 8496987))
	  ->  Bitmap Index Scan on k_7  (cost=0.00..5.42 rows=98 width=0)
	        Index Cond: ((k >= 8496887) AND (k <= 8496987))

table 8 : explain SELECT k, c FROM sbtest8 WHERE k BETWEEN 8496887 AND 8496987
	Bitmap Heap Scan on sbtest8  (cost=5.49..413.00 rows=103 width=125)
	  Recheck Cond: ((k >= 8496887) AND (k <= 8496987))
	  ->  Bitmap Index Scan on k_8  (cost=0.00..5.46 rows=103 width=0)
	        Index Cond: ((k >= 8496887) AND (k <= 8496987))

explain: for range-notcovered :: explain SELECT k, c FROM sbtest%d WHERE k BETWEEN 5511193 AND 5511293
for range-notcovered
table 1 : explain SELECT k, c FROM sbtest1 WHERE k BETWEEN 6905786 AND 6905886
	Bitmap Heap Scan on sbtest1  (cost=5.47..405.13 rows=101 width=125)
	  Recheck Cond: ((k >= 6905786) AND (k <= 6905886))
	  ->  Bitmap Index Scan on k_1  (cost=0.00..5.44 rows=101 width=0)
	        Index Cond: ((k >= 6905786) AND (k <= 6905886))

table 2 : explain SELECT k, c FROM sbtest2 WHERE k BETWEEN 6905786 AND 6905886
	Bitmap Heap Scan on sbtest2  (cost=5.42..385.43 rows=96 width=125)
	  Recheck Cond: ((k >= 6905786) AND (k <= 6905886))
	  ->  Bitmap Index Scan on k_2  (cost=0.00..5.39 rows=96 width=0)
	        Index Cond: ((k >= 6905786) AND (k <= 6905886))

table 3 : explain SELECT k, c FROM sbtest3 WHERE k BETWEEN 6905786 AND 6905886
	Bitmap Heap Scan on sbtest3  (cost=5.45..397.25 rows=99 width=125)
	  Recheck Cond: ((k >= 6905786) AND (k <= 6905886))
	  ->  Bitmap Index Scan on k_3  (cost=0.00..5.42 rows=99 width=0)
	        Index Cond: ((k >= 6905786) AND (k <= 6905886))

table 4 : explain SELECT k, c FROM sbtest4 WHERE k BETWEEN 6905786 AND 6905886
	Bitmap Heap Scan on sbtest4  (cost=5.51..420.88 rows=105 width=125)
	  Recheck Cond: ((k >= 6905786) AND (k <= 6905886))
	  ->  Bitmap Index Scan on k_4  (cost=0.00..5.48 rows=105 width=0)
	        Index Cond: ((k >= 6905786) AND (k <= 6905886))

table 5 : explain SELECT k, c FROM sbtest5 WHERE k BETWEEN 6905786 AND 6905886
	Bitmap Heap Scan on sbtest5  (cost=5.46..401.19 rows=100 width=125)
	  Recheck Cond: ((k >= 6905786) AND (k <= 6905886))
	  ->  Bitmap Index Scan on k_5  (cost=0.00..5.43 rows=100 width=0)
	        Index Cond: ((k >= 6905786) AND (k <= 6905886))

table 6 : explain SELECT k, c FROM sbtest6 WHERE k BETWEEN 6905786 AND 6905886
	Bitmap Heap Scan on sbtest6  (cost=5.51..420.88 rows=105 width=125)
	  Recheck Cond: ((k >= 6905786) AND (k <= 6905886))
	  ->  Bitmap Index Scan on k_6  (cost=0.00..5.48 rows=105 width=0)
	        Index Cond: ((k >= 6905786) AND (k <= 6905886))

table 7 : explain SELECT k, c FROM sbtest7 WHERE k BETWEEN 6905786 AND 6905886
	Bitmap Heap Scan on sbtest7  (cost=5.56..440.56 rows=110 width=125)
	  Recheck Cond: ((k >= 6905786) AND (k <= 6905886))
	  ->  Bitmap Index Scan on k_7  (cost=0.00..5.53 rows=110 width=0)
	        Index Cond: ((k >= 6905786) AND (k <= 6905886))

table 8 : explain SELECT k, c FROM sbtest8 WHERE k BETWEEN 6905786 AND 6905886
	Bitmap Heap Scan on sbtest8  (cost=5.44..393.31 rows=98 width=125)
	  Recheck Cond: ((k >= 6905786) AND (k <= 6905886))
	  ->  Bitmap Index Scan on k_8  (cost=0.00..5.42 rows=98 width=0)
	        Index Cond: ((k >= 6905786) AND (k <= 6905886))

explain: for range-notcovered :: explain SELECT k, c FROM sbtest%d WHERE k BETWEEN 8496887 AND 8496987
explain: for range-notcovered :: explain SELECT k, c FROM sbtest%d WHERE k BETWEEN 6905786 AND 6905886
for range-notcovered
table 1 : explain SELECT k, c FROM sbtest1 WHERE k BETWEEN 6113201 AND 6113301
	Bitmap Heap Scan on sbtest1  (cost=5.47..405.13 rows=101 width=125)
	  Recheck Cond: ((k >= 6113201) AND (k <= 6113301))
	  ->  Bitmap Index Scan on k_1  (cost=0.00..5.44 rows=101 width=0)
	        Index Cond: ((k >= 6113201) AND (k <= 6113301))

table 2 : explain SELECT k, c FROM sbtest2 WHERE k BETWEEN 6113201 AND 6113301
	Bitmap Heap Scan on sbtest2  (cost=5.54..432.69 rows=108 width=125)
	  Recheck Cond: ((k >= 6113201) AND (k <= 6113301))
	  ->  Bitmap Index Scan on k_2  (cost=0.00..5.51 rows=108 width=0)
	        Index Cond: ((k >= 6113201) AND (k <= 6113301))

table 3 : explain SELECT k, c FROM sbtest3 WHERE k BETWEEN 6113201 AND 6113301
	Bitmap Heap Scan on sbtest3  (cost=5.46..401.19 rows=100 width=125)
	  Recheck Cond: ((k >= 6113201) AND (k <= 6113301))
	  ->  Bitmap Index Scan on k_3  (cost=0.00..5.43 rows=100 width=0)
	        Index Cond: ((k >= 6113201) AND (k <= 6113301))

table 4 : explain SELECT k, c FROM sbtest4 WHERE k BETWEEN 6113201 AND 6113301
	Bitmap Heap Scan on sbtest4  (cost=5.33..349.95 rows=87 width=125)
	  Recheck Cond: ((k >= 6113201) AND (k <= 6113301))
	  ->  Bitmap Index Scan on k_4  (cost=0.00..5.30 rows=87 width=0)
	        Index Cond: ((k >= 6113201) AND (k <= 6113301))

table 5 : explain SELECT k, c FROM sbtest5 WHERE k BETWEEN 6113201 AND 6113301
	Bitmap Heap Scan on sbtest5  (cost=5.46..401.19 rows=100 width=125)
	  Recheck Cond: ((k >= 6113201) AND (k <= 6113301))
	  ->  Bitmap Index Scan on k_5  (cost=0.00..5.43 rows=100 width=0)
	        Index Cond: ((k >= 6113201) AND (k <= 6113301))

table 6 : explain SELECT k, c FROM sbtest6 WHERE k BETWEEN 6113201 AND 6113301
	Bitmap Heap Scan on sbtest6  (cost=5.43..389.37 rows=97 width=125)
	  Recheck Cond: ((k >= 6113201) AND (k <= 6113301))
	  ->  Bitmap Index Scan on k_6  (cost=0.00..5.40 rows=97 width=0)
	        Index Cond: ((k >= 6113201) AND (k <= 6113301))

table 7 : explain SELECT k, c FROM sbtest7 WHERE k BETWEEN 6113201 AND 6113301
	Bitmap Heap Scan on sbtest7  (cost=5.42..385.43 rows=96 width=125)
	  Recheck Cond: ((k >= 6113201) AND (k <= 6113301))
	  ->  Bitmap Index Scan on k_7  (cost=0.00..5.39 rows=96 width=0)
	        Index Cond: ((k >= 6113201) AND (k <= 6113301))

table 8 : explain SELECT k, c FROM sbtest8 WHERE k BETWEEN 6113201 AND 6113301
	Bitmap Heap Scan on sbtest8  (cost=5.56..440.56 rows=110 width=125)
	  Recheck Cond: ((k >= 6113201) AND (k <= 6113301))
	  ->  Bitmap Index Scan on k_8  (cost=0.00..5.53 rows=110 width=0)
	        Index Cond: ((k >= 6113201) AND (k <= 6113301))

for range-notcovered
table 1 : explain SELECT k, c FROM sbtest1 WHERE k BETWEEN 5267228 AND 5267328
	Bitmap Heap Scan on sbtest1  (cost=5.50..416.94 rows=104 width=125)
	  Recheck Cond: ((k >= 5267228) AND (k <= 5267328))
	  ->  Bitmap Index Scan on k_1  (cost=0.00..5.47 rows=104 width=0)
	        Index Cond: ((k >= 5267228) AND (k <= 5267328))

table 2 : explain SELECT k, c FROM sbtest2 WHERE k BETWEEN 5267228 AND 5267328
	Bitmap Heap Scan on sbtest2  (cost=5.47..405.13 rows=101 width=125)
	  Recheck Cond: ((k >= 5267228) AND (k <= 5267328))
	  ->  Bitmap Index Scan on k_2  (cost=0.00..5.44 rows=101 width=0)
	        Index Cond: ((k >= 5267228) AND (k <= 5267328))

table 3 : explain SELECT k, c FROM sbtest3 WHERE k BETWEEN 5267228 AND 5267328
	Bitmap Heap Scan on sbtest3  (cost=5.50..416.94 rows=104 width=125)
	  Recheck Cond: ((k >= 5267228) AND (k <= 5267328))
	  ->  Bitmap Index Scan on k_3  (cost=0.00..5.47 rows=104 width=0)
	        Index Cond: ((k >= 5267228) AND (k <= 5267328))

table 4 : explain SELECT k, c FROM sbtest4 WHERE k BETWEEN 5267228 AND 5267328
	Bitmap Heap Scan on sbtest4  (cost=5.64..472.02 rows=118 width=125)
	  Recheck Cond: ((k >= 5267228) AND (k <= 5267328))
	  ->  Bitmap Index Scan on k_4  (cost=0.00..5.61 rows=118 width=0)
	        Index Cond: ((k >= 5267228) AND (k <= 5267328))

table 5 : explain SELECT k, c FROM sbtest5 WHERE k BETWEEN 5267228 AND 5267328
	Bitmap Heap Scan on sbtest5  (cost=5.54..432.69 rows=108 width=125)
	  Recheck Cond: ((k >= 5267228) AND (k <= 5267328))
	  ->  Bitmap Index Scan on k_5  (cost=0.00..5.51 rows=108 width=0)
	        Index Cond: ((k >= 5267228) AND (k <= 5267328))

table 6 : explain SELECT k, c FROM sbtest6 WHERE k BETWEEN 5267228 AND 5267328
	Bitmap Heap Scan on sbtest6  (cost=5.46..401.19 rows=100 width=125)
	  Recheck Cond: ((k >= 5267228) AND (k <= 5267328))
	  ->  Bitmap Index Scan on k_6  (cost=0.00..5.43 rows=100 width=0)
	        Index Cond: ((k >= 5267228) AND (k <= 5267328))

table 7 : explain SELECT k, c FROM sbtest7 WHERE k BETWEEN 5267228 AND 5267328
	Bitmap Heap Scan on sbtest7  (cost=5.52..424.81 rows=106 width=125)
	  Recheck Cond: ((k >= 5267228) AND (k <= 5267328))
	  ->  Bitmap Index Scan on k_7  (cost=0.00..5.50 rows=106 width=0)
	        Index Cond: ((k >= 5267228) AND (k <= 5267328))

table 8 : explain SELECT k, c FROM sbtest8 WHERE k BETWEEN 5267228 AND 5267328
	Bitmap Heap Scan on sbtest8  (cost=5.41..381.49 rows=95 width=125)
	  Recheck Cond: ((k >= 5267228) AND (k <= 5267328))
	  ->  Bitmap Index Scan on k_8  (cost=0.00..5.38 rows=95 width=0)
	        Index Cond: ((k >= 5267228) AND (k <= 5267328))

for range-notcovered
table 1 : explain SELECT k, c FROM sbtest1 WHERE k BETWEEN 7392854 AND 7392954
	Bitmap Heap Scan on sbtest1  (cost=5.48..409.07 rows=102 width=125)
	  Recheck Cond: ((k >= 7392854) AND (k <= 7392954))
	  ->  Bitmap Index Scan on k_1  (cost=0.00..5.45 rows=102 width=0)
	        Index Cond: ((k >= 7392854) AND (k <= 7392954))

table 2 : explain SELECT k, c FROM sbtest2 WHERE k BETWEEN 7392854 AND 7392954
	Bitmap Heap Scan on sbtest2  (cost=5.47..405.13 rows=101 width=125)
	  Recheck Cond: ((k >= 7392854) AND (k <= 7392954))
	  ->  Bitmap Index Scan on k_2  (cost=0.00..5.44 rows=101 width=0)
	        Index Cond: ((k >= 7392854) AND (k <= 7392954))

table 3 : explain SELECT k, c FROM sbtest3 WHERE k BETWEEN 7392854 AND 7392954
	Bitmap Heap Scan on sbtest3  (cost=5.38..369.67 rows=92 width=125)
	  Recheck Cond: ((k >= 7392854) AND (k <= 7392954))
	  ->  Bitmap Index Scan on k_3  (cost=0.00..5.35 rows=92 width=0)
	        Index Cond: ((k >= 7392854) AND (k <= 7392954))

table 4 : explain SELECT k, c FROM sbtest4 WHERE k BETWEEN 7392854 AND 7392954
	Bitmap Heap Scan on sbtest4  (cost=5.54..432.69 rows=108 width=125)
	  Recheck Cond: ((k >= 7392854) AND (k <= 7392954))
	  ->  Bitmap Index Scan on k_4  (cost=0.00..5.51 rows=108 width=0)
	        Index Cond: ((k >= 7392854) AND (k <= 7392954))

table 5 : explain SELECT k, c FROM sbtest5 WHERE k BETWEEN 7392854 AND 7392954
	Bitmap Heap Scan on sbtest5  (cost=5.45..397.25 rows=99 width=125)
	  Recheck Cond: ((k >= 7392854) AND (k <= 7392954))
	  ->  Bitmap Index Scan on k_5  (cost=0.00..5.42 rows=99 width=0)
	        Index Cond: ((k >= 7392854) AND (k <= 7392954))

table 6 : explain SELECT k, c FROM sbtest6 WHERE k BETWEEN 7392854 AND 7392954
	Bitmap Heap Scan on sbtest6  (cost=5.55..436.62 rows=109 width=125)
	  Recheck Cond: ((k >= 7392854) AND (k <= 7392954))
	  ->  Bitmap Index Scan on k_6  (cost=0.00..5.52 rows=109 width=0)
	        Index Cond: ((k >= 7392854) AND (k <= 7392954))

table 7 : explain SELECT k, c FROM sbtest7 WHERE k BETWEEN 7392854 AND 7392954
	Bitmap Heap Scan on sbtest7  (cost=5.51..420.88 rows=105 width=125)
	  Recheck Cond: ((k >= 7392854) AND (k <= 7392954))
	  ->  Bitmap Index Scan on k_7  (cost=0.00..5.48 rows=105 width=0)
	        Index Cond: ((k >= 7392854) AND (k <= 7392954))

table 8 : explain SELECT k, c FROM sbtest8 WHERE k BETWEEN 7392854 AND 7392954
	Bitmap Heap Scan on sbtest8  (cost=5.59..452.36 rows=113 width=125)
	  Recheck Cond: ((k >= 7392854) AND (k <= 7392954))
	  ->  Bitmap Index Scan on k_8  (cost=0.00..5.56 rows=113 width=0)
	        Index Cond: ((k >= 7392854) AND (k <= 7392954))

for range-notcovered
table 1 : explain SELECT k, c FROM sbtest1 WHERE k BETWEEN 3271761 AND 3271861
	Bitmap Heap Scan on sbtest1  (cost=5.53..428.75 rows=107 width=125)
	  Recheck Cond: ((k >= 3271761) AND (k <= 3271861))
	  ->  Bitmap Index Scan on k_1  (cost=0.00..5.50 rows=107 width=0)
	        Index Cond: ((k >= 3271761) AND (k <= 3271861))

table 2 : explain SELECT k, c FROM sbtest2 WHERE k BETWEEN 3271761 AND 3271861
	Bitmap Heap Scan on sbtest2  (cost=5.46..401.19 rows=100 width=125)
	  Recheck Cond: ((k >= 3271761) AND (k <= 3271861))
	  ->  Bitmap Index Scan on k_2  (cost=0.00..5.43 rows=100 width=0)
	        Index Cond: ((k >= 3271761) AND (k <= 3271861))

table 3 : explain SELECT k, c FROM sbtest3 WHERE k BETWEEN 3271761 AND 3271861
	Bitmap Heap Scan on sbtest3  (cost=5.50..416.94 rows=104 width=125)
	  Recheck Cond: ((k >= 3271761) AND (k <= 3271861))
	  ->  Bitmap Index Scan on k_3  (cost=0.00..5.47 rows=104 width=0)
	        Index Cond: ((k >= 3271761) AND (k <= 3271861))

table 4 : explain SELECT k, c FROM sbtest4 WHERE k BETWEEN 3271761 AND 3271861
	Bitmap Heap Scan on sbtest4  (cost=5.46..401.19 rows=100 width=125)
	  Recheck Cond: ((k >= 3271761) AND (k <= 3271861))
	  ->  Bitmap Index Scan on k_4  (cost=0.00..5.43 rows=100 width=0)
	        Index Cond: ((k >= 3271761) AND (k <= 3271861))

table 5 : explain SELECT k, c FROM sbtest5 WHERE k BETWEEN 3271761 AND 3271861
	Bitmap Heap Scan on sbtest5  (cost=5.57..444.49 rows=111 width=125)
	  Recheck Cond: ((k >= 3271761) AND (k <= 3271861))
	  ->  Bitmap Index Scan on k_5  (cost=0.00..5.54 rows=111 width=0)
	        Index Cond: ((k >= 3271761) AND (k <= 3271861))

table 6 : explain SELECT k, c FROM sbtest6 WHERE k BETWEEN 3271761 AND 3271861
	Bitmap Heap Scan on sbtest6  (cost=5.58..448.42 rows=112 width=125)
	  Recheck Cond: ((k >= 3271761) AND (k <= 3271861))
	  ->  Bitmap Index Scan on k_6  (cost=0.00..5.55 rows=112 width=0)
	        Index Cond: ((k >= 3271761) AND (k <= 3271861))

table 7 : explain SELECT k, c FROM sbtest7 WHERE k BETWEEN 3271761 AND 3271861
	Bitmap Heap Scan on sbtest7  (cost=5.49..413.00 rows=103 width=125)
	  Recheck Cond: ((k >= 3271761) AND (k <= 3271861))
	  ->  Bitmap Index Scan on k_7  (cost=0.00..5.46 rows=103 width=0)
	        Index Cond: ((k >= 3271761) AND (k <= 3271861))

table 8 : explain SELECT k, c FROM sbtest8 WHERE k BETWEEN 3271761 AND 3271861
	Bitmap Heap Scan on sbtest8  (cost=5.47..405.13 rows=101 width=125)
	  Recheck Cond: ((k >= 3271761) AND (k <= 3271861))
	  ->  Bitmap Index Scan on k_8  (cost=0.00..5.44 rows=101 width=0)
	        Index Cond: ((k >= 3271761) AND (k <= 3271861))

explain: for range-notcovered :: explain SELECT k, c FROM sbtest%d WHERE k BETWEEN 6113201 AND 6113301
explain: for range-notcovered :: explain SELECT k, c FROM sbtest%d WHERE k BETWEEN 5267228 AND 5267328
explain: for range-notcovered :: explain SELECT k, c FROM sbtest%d WHERE k BETWEEN 7392854 AND 7392954
explain: for range-notcovered :: explain SELECT k, c FROM sbtest%d WHERE k BETWEEN 3271761 AND 3271861
explain: for range-notcovered :: explain SELECT k, c FROM sbtest%d WHERE k BETWEEN 6024051 AND 6024151
for range-notcovered
table 1 : explain SELECT k, c FROM sbtest1 WHERE k BETWEEN 5599280 AND 5599380
	Bitmap Heap Scan on sbtest1  (cost=5.51..420.88 rows=105 width=125)
	  Recheck Cond: ((k >= 5599280) AND (k <= 5599380))
	  ->  Bitmap Index Scan on k_1  (cost=0.00..5.48 rows=105 width=0)
	        Index Cond: ((k >= 5599280) AND (k <= 5599380))

table 2 : explain SELECT k, c FROM sbtest2 WHERE k BETWEEN 5599280 AND 5599380
	Bitmap Heap Scan on sbtest2  (cost=5.56..440.56 rows=110 width=125)
	  Recheck Cond: ((k >= 5599280) AND (k <= 5599380))
	  ->  Bitmap Index Scan on k_2  (cost=0.00..5.53 rows=110 width=0)
	        Index Cond: ((k >= 5599280) AND (k <= 5599380))

table 3 : explain SELECT k, c FROM sbtest3 WHERE k BETWEEN 5599280 AND 5599380
	Bitmap Heap Scan on sbtest3  (cost=5.50..416.94 rows=104 width=125)
	  Recheck Cond: ((k >= 5599280) AND (k <= 5599380))
	  ->  Bitmap Index Scan on k_3  (cost=0.00..5.47 rows=104 width=0)
	        Index Cond: ((k >= 5599280) AND (k <= 5599380))

table 4 : explain SELECT k, c FROM sbtest4 WHERE k BETWEEN 5599280 AND 5599380
	Bitmap Heap Scan on sbtest4  (cost=5.42..385.43 rows=96 width=125)
	  Recheck Cond: ((k >= 5599280) AND (k <= 5599380))
	  ->  Bitmap Index Scan on k_4  (cost=0.00..5.39 rows=96 width=0)
	        Index Cond: ((k >= 5599280) AND (k <= 5599380))

table 5 : explain SELECT k, c FROM sbtest5 WHERE k BETWEEN 5599280 AND 5599380
	Bitmap Heap Scan on sbtest5  (cost=5.49..413.00 rows=103 width=125)
	  Recheck Cond: ((k >= 5599280) AND (k <= 5599380))
	  ->  Bitmap Index Scan on k_5  (cost=0.00..5.46 rows=103 width=0)
	        Index Cond: ((k >= 5599280) AND (k <= 5599380))

table 6 : explain SELECT k, c FROM sbtest6 WHERE k BETWEEN 5599280 AND 5599380
	Bitmap Heap Scan on sbtest6  (cost=5.41..381.49 rows=95 width=125)
	  Recheck Cond: ((k >= 5599280) AND (k <= 5599380))
	  ->  Bitmap Index Scan on k_6  (cost=0.00..5.38 rows=95 width=0)
	        Index Cond: ((k >= 5599280) AND (k <= 5599380))

table 7 : explain SELECT k, c FROM sbtest7 WHERE k BETWEEN 5599280 AND 5599380
	Bitmap Heap Scan on sbtest7  (cost=5.48..409.07 rows=102 width=125)
	  Recheck Cond: ((k >= 5599280) AND (k <= 5599380))
	  ->  Bitmap Index Scan on k_7  (cost=0.00..5.45 rows=102 width=0)
	        Index Cond: ((k >= 5599280) AND (k <= 5599380))

table 8 : explain SELECT k, c FROM sbtest8 WHERE k BETWEEN 5599280 AND 5599380
	Bitmap Heap Scan on sbtest8  (cost=5.45..397.25 rows=99 width=125)
	  Recheck Cond: ((k >= 5599280) AND (k <= 5599380))
	  ->  Bitmap Index Scan on k_8  (cost=0.00..5.42 rows=99 width=0)
	        Index Cond: ((k >= 5599280) AND (k <= 5599380))

explain: for range-notcovered :: explain SELECT k, c FROM sbtest%d WHERE k BETWEEN 5599280 AND 5599380
explain: for range-notcovered :: explain SELECT k, c FROM sbtest%d WHERE k BETWEEN 4468488 AND 4468588
explain: for range-notcovered :: explain SELECT k, c FROM sbtest%d WHERE k BETWEEN 7454061 AND 7454161
for range-notcovered
table 1 : explain SELECT k, c FROM sbtest1 WHERE k BETWEEN 5511193 AND 5511293
	Bitmap Heap Scan on sbtest1  (cost=5.50..416.94 rows=104 width=125)
	  Recheck Cond: ((k >= 5511193) AND (k <= 5511293))
	  ->  Bitmap Index Scan on k_1  (cost=0.00..5.47 rows=104 width=0)
	        Index Cond: ((k >= 5511193) AND (k <= 5511293))

table 2 : explain SELECT k, c FROM sbtest2 WHERE k BETWEEN 5511193 AND 5511293
	Bitmap Heap Scan on sbtest2  (cost=5.44..393.31 rows=98 width=125)
	  Recheck Cond: ((k >= 5511193) AND (k <= 5511293))
	  ->  Bitmap Index Scan on k_2  (cost=0.00..5.42 rows=98 width=0)
	        Index Cond: ((k >= 5511193) AND (k <= 5511293))

table 3 : explain SELECT k, c FROM sbtest3 WHERE k BETWEEN 5511193 AND 5511293
	Bitmap Heap Scan on sbtest3  (cost=5.47..405.13 rows=101 width=125)
	  Recheck Cond: ((k >= 5511193) AND (k <= 5511293))
	  ->  Bitmap Index Scan on k_3  (cost=0.00..5.44 rows=101 width=0)
	        Index Cond: ((k >= 5511193) AND (k <= 5511293))

table 4 : explain SELECT k, c FROM sbtest4 WHERE k BETWEEN 5511193 AND 5511293
	Bitmap Heap Scan on sbtest4  (cost=5.35..357.84 rows=89 width=125)
	  Recheck Cond: ((k >= 5511193) AND (k <= 5511293))
	  ->  Bitmap Index Scan on k_4  (cost=0.00..5.32 rows=89 width=0)
	        Index Cond: ((k >= 5511193) AND (k <= 5511293))

table 5 : explain SELECT k, c FROM sbtest5 WHERE k BETWEEN 5511193 AND 5511293
	Bitmap Heap Scan on sbtest5  (cost=5.39..373.61 rows=93 width=125)
	  Recheck Cond: ((k >= 5511193) AND (k <= 5511293))
	  ->  Bitmap Index Scan on k_5  (cost=0.00..5.36 rows=93 width=0)
	        Index Cond: ((k >= 5511193) AND (k <= 5511293))

table 6 : explain SELECT k, c FROM sbtest6 WHERE k BETWEEN 5511193 AND 5511293
	Bitmap Heap Scan on sbtest6  (cost=5.41..381.49 rows=95 width=125)
	  Recheck Cond: ((k >= 5511193) AND (k <= 5511293))
	  ->  Bitmap Index Scan on k_6  (cost=0.00..5.38 rows=95 width=0)
	        Index Cond: ((k >= 5511193) AND (k <= 5511293))

table 7 : explain SELECT k, c FROM sbtest7 WHERE k BETWEEN 5511193 AND 5511293
	Bitmap Heap Scan on sbtest7  (cost=5.51..420.88 rows=105 width=125)
	  Recheck Cond: ((k >= 5511193) AND (k <= 5511293))
	  ->  Bitmap Index Scan on k_7  (cost=0.00..5.48 rows=105 width=0)
	        Index Cond: ((k >= 5511193) AND (k <= 5511293))

table 8 : explain SELECT k, c FROM sbtest8 WHERE k BETWEEN 5511193 AND 5511293
	Bitmap Heap Scan on sbtest8  (cost=5.41..381.49 rows=95 width=125)
	  Recheck Cond: ((k >= 5511193) AND (k <= 5511293))
	  ->  Bitmap Index Scan on k_8  (cost=0.00..5.38 rows=95 width=0)
	        Index Cond: ((k >= 5511193) AND (k <= 5511293))

for range-notcovered
table 1 : explain SELECT k, c FROM sbtest1 WHERE k BETWEEN 6113201 AND 6113301
	Bitmap Heap Scan on sbtest1  (cost=5.47..405.13 rows=101 width=125)
	  Recheck Cond: ((k >= 6113201) AND (k <= 6113301))
	  ->  Bitmap Index Scan on k_1  (cost=0.00..5.44 rows=101 width=0)
	        Index Cond: ((k >= 6113201) AND (k <= 6113301))

table 2 : explain SELECT k, c FROM sbtest2 WHERE k BETWEEN 6113201 AND 6113301
	Bitmap Heap Scan on sbtest2  (cost=5.54..432.69 rows=108 width=125)
	  Recheck Cond: ((k >= 6113201) AND (k <= 6113301))
	  ->  Bitmap Index Scan on k_2  (cost=0.00..5.51 rows=108 width=0)
	        Index Cond: ((k >= 6113201) AND (k <= 6113301))

table 3 : explain SELECT k, c FROM sbtest3 WHERE k BETWEEN 6113201 AND 6113301
	Bitmap Heap Scan on sbtest3  (cost=5.46..401.19 rows=100 width=125)
	  Recheck Cond: ((k >= 6113201) AND (k <= 6113301))
	  ->  Bitmap Index Scan on k_3  (cost=0.00..5.43 rows=100 width=0)
	        Index Cond: ((k >= 6113201) AND (k <= 6113301))

table 4 : explain SELECT k, c FROM sbtest4 WHERE k BETWEEN 6113201 AND 6113301
	Bitmap Heap Scan on sbtest4  (cost=5.33..349.95 rows=87 width=125)
	  Recheck Cond: ((k >= 6113201) AND (k <= 6113301))
	  ->  Bitmap Index Scan on k_4  (cost=0.00..5.30 rows=87 width=0)
	        Index Cond: ((k >= 6113201) AND (k <= 6113301))

table 5 : explain SELECT k, c FROM sbtest5 WHERE k BETWEEN 6113201 AND 6113301
	Bitmap Heap Scan on sbtest5  (cost=5.46..401.19 rows=100 width=125)
	  Recheck Cond: ((k >= 6113201) AND (k <= 6113301))
	  ->  Bitmap Index Scan on k_5  (cost=0.00..5.43 rows=100 width=0)
	        Index Cond: ((k >= 6113201) AND (k <= 6113301))

table 6 : explain SELECT k, c FROM sbtest6 WHERE k BETWEEN 6113201 AND 6113301
	Bitmap Heap Scan on sbtest6  (cost=5.43..389.37 rows=97 width=125)
	  Recheck Cond: ((k >= 6113201) AND (k <= 6113301))
	  ->  Bitmap Index Scan on k_6  (cost=0.00..5.40 rows=97 width=0)
	        Index Cond: ((k >= 6113201) AND (k <= 6113301))

table 7 : explain SELECT k, c FROM sbtest7 WHERE k BETWEEN 6113201 AND 6113301
	Bitmap Heap Scan on sbtest7  (cost=5.42..385.43 rows=96 width=125)
	  Recheck Cond: ((k >= 6113201) AND (k <= 6113301))
	  ->  Bitmap Index Scan on k_7  (cost=0.00..5.39 rows=96 width=0)
	        Index Cond: ((k >= 6113201) AND (k <= 6113301))

table 8 : explain SELECT k, c FROM sbtest8 WHERE k BETWEEN 6113201 AND 6113301
	Bitmap Heap Scan on sbtest8  (cost=5.56..440.56 rows=110 width=125)
	  Recheck Cond: ((k >= 6113201) AND (k <= 6113301))
	  ->  Bitmap Index Scan on k_8  (cost=0.00..5.53 rows=110 width=0)
	        Index Cond: ((k >= 6113201) AND (k <= 6113301))

for range-notcovered
table 1 : explain SELECT k, c FROM sbtest1 WHERE k BETWEEN 7392854 AND 7392954
	Bitmap Heap Scan on sbtest1  (cost=5.48..409.07 rows=102 width=125)
	  Recheck Cond: ((k >= 7392854) AND (k <= 7392954))
	  ->  Bitmap Index Scan on k_1  (cost=0.00..5.45 rows=102 width=0)
	        Index Cond: ((k >= 7392854) AND (k <= 7392954))

table 2 : explain SELECT k, c FROM sbtest2 WHERE k BETWEEN 7392854 AND 7392954
	Bitmap Heap Scan on sbtest2  (cost=5.47..405.13 rows=101 width=125)
	  Recheck Cond: ((k >= 7392854) AND (k <= 7392954))
	  ->  Bitmap Index Scan on k_2  (cost=0.00..5.44 rows=101 width=0)
	        Index Cond: ((k >= 7392854) AND (k <= 7392954))

table 3 : explain SELECT k, c FROM sbtest3 WHERE k BETWEEN 7392854 AND 7392954
	Bitmap Heap Scan on sbtest3  (cost=5.38..369.67 rows=92 width=125)
	  Recheck Cond: ((k >= 7392854) AND (k <= 7392954))
	  ->  Bitmap Index Scan on k_3  (cost=0.00..5.35 rows=92 width=0)
	        Index Cond: ((k >= 7392854) AND (k <= 7392954))

table 4 : explain SELECT k, c FROM sbtest4 WHERE k BETWEEN 7392854 AND 7392954
	Bitmap Heap Scan on sbtest4  (cost=5.54..432.69 rows=108 width=125)
	  Recheck Cond: ((k >= 7392854) AND (k <= 7392954))
	  ->  Bitmap Index Scan on k_4  (cost=0.00..5.51 rows=108 width=0)
	        Index Cond: ((k >= 7392854) AND (k <= 7392954))

table 5 : explain SELECT k, c FROM sbtest5 WHERE k BETWEEN 7392854 AND 7392954
	Bitmap Heap Scan on sbtest5  (cost=5.45..397.25 rows=99 width=125)
	  Recheck Cond: ((k >= 7392854) AND (k <= 7392954))
	  ->  Bitmap Index Scan on k_5  (cost=0.00..5.42 rows=99 width=0)
	        Index Cond: ((k >= 7392854) AND (k <= 7392954))

table 6 : explain SELECT k, c FROM sbtest6 WHERE k BETWEEN 7392854 AND 7392954
	Bitmap Heap Scan on sbtest6  (cost=5.55..436.62 rows=109 width=125)
	  Recheck Cond: ((k >= 7392854) AND (k <= 7392954))
	  ->  Bitmap Index Scan on k_6  (cost=0.00..5.52 rows=109 width=0)
	        Index Cond: ((k >= 7392854) AND (k <= 7392954))

table 7 : explain SELECT k, c FROM sbtest7 WHERE k BETWEEN 7392854 AND 7392954
	Bitmap Heap Scan on sbtest7  (cost=5.51..420.88 rows=105 width=125)
	  Recheck Cond: ((k >= 7392854) AND (k <= 7392954))
	  ->  Bitmap Index Scan on k_7  (cost=0.00..5.48 rows=105 width=0)
	        Index Cond: ((k >= 7392854) AND (k <= 7392954))

table 8 : explain SELECT k, c FROM sbtest8 WHERE k BETWEEN 7392854 AND 7392954
	Bitmap Heap Scan on sbtest8  (cost=5.59..452.36 rows=113 width=125)
	  Recheck Cond: ((k >= 7392854) AND (k <= 7392954))
	  ->  Bitmap Index Scan on k_8  (cost=0.00..5.56 rows=113 width=0)
	        Index Cond: ((k >= 7392854) AND (k <= 7392954))

for range-notcovered
table 1 : explain SELECT k, c FROM sbtest1 WHERE k BETWEEN 3271761 AND 3271861
	Bitmap Heap Scan on sbtest1  (cost=5.53..428.75 rows=107 width=125)
	  Recheck Cond: ((k >= 3271761) AND (k <= 3271861))
	  ->  Bitmap Index Scan on k_1  (cost=0.00..5.50 rows=107 width=0)
	        Index Cond: ((k >= 3271761) AND (k <= 3271861))

table 2 : explain SELECT k, c FROM sbtest2 WHERE k BETWEEN 3271761 AND 3271861
	Bitmap Heap Scan on sbtest2  (cost=5.46..401.19 rows=100 width=125)
	  Recheck Cond: ((k >= 3271761) AND (k <= 3271861))
	  ->  Bitmap Index Scan on k_2  (cost=0.00..5.43 rows=100 width=0)
	        Index Cond: ((k >= 3271761) AND (k <= 3271861))

table 3 : explain SELECT k, c FROM sbtest3 WHERE k BETWEEN 3271761 AND 3271861
	Bitmap Heap Scan on sbtest3  (cost=5.50..416.94 rows=104 width=125)
	  Recheck Cond: ((k >= 3271761) AND (k <= 3271861))
	  ->  Bitmap Index Scan on k_3  (cost=0.00..5.47 rows=104 width=0)
	        Index Cond: ((k >= 3271761) AND (k <= 3271861))

table 4 : explain SELECT k, c FROM sbtest4 WHERE k BETWEEN 3271761 AND 3271861
	Bitmap Heap Scan on sbtest4  (cost=5.46..401.19 rows=100 width=125)
	  Recheck Cond: ((k >= 3271761) AND (k <= 3271861))
	  ->  Bitmap Index Scan on k_4  (cost=0.00..5.43 rows=100 width=0)
	        Index Cond: ((k >= 3271761) AND (k <= 3271861))

table 5 : explain SELECT k, c FROM sbtest5 WHERE k BETWEEN 3271761 AND 3271861
	Bitmap Heap Scan on sbtest5  (cost=5.57..444.49 rows=111 width=125)
	  Recheck Cond: ((k >= 3271761) AND (k <= 3271861))
	  ->  Bitmap Index Scan on k_5  (cost=0.00..5.54 rows=111 width=0)
	        Index Cond: ((k >= 3271761) AND (k <= 3271861))

table 6 : explain SELECT k, c FROM sbtest6 WHERE k BETWEEN 3271761 AND 3271861
	Bitmap Heap Scan on sbtest6  (cost=5.58..448.42 rows=112 width=125)
	  Recheck Cond: ((k >= 3271761) AND (k <= 3271861))
	  ->  Bitmap Index Scan on k_6  (cost=0.00..5.55 rows=112 width=0)
	        Index Cond: ((k >= 3271761) AND (k <= 3271861))

table 7 : explain SELECT k, c FROM sbtest7 WHERE k BETWEEN 3271761 AND 3271861
	Bitmap Heap Scan on sbtest7  (cost=5.49..413.00 rows=103 width=125)
	  Recheck Cond: ((k >= 3271761) AND (k <= 3271861))
	  ->  Bitmap Index Scan on k_7  (cost=0.00..5.46 rows=103 width=0)
	        Index Cond: ((k >= 3271761) AND (k <= 3271861))

table 8 : explain SELECT k, c FROM sbtest8 WHERE k BETWEEN 3271761 AND 3271861
	Bitmap Heap Scan on sbtest8  (cost=5.47..405.13 rows=101 width=125)
	  Recheck Cond: ((k >= 3271761) AND (k <= 3271861))
	  ->  Bitmap Index Scan on k_8  (cost=0.00..5.44 rows=101 width=0)
	        Index Cond: ((k >= 3271761) AND (k <= 3271861))

explain: for range-notcovered :: explain SELECT k, c FROM sbtest%d WHERE k BETWEEN 6113201 AND 6113301
for range-notcovered
table 1 : explain SELECT k, c FROM sbtest1 WHERE k BETWEEN 5267228 AND 5267328
	Bitmap Heap Scan on sbtest1  (cost=5.50..416.94 rows=104 width=125)
	  Recheck Cond: ((k >= 5267228) AND (k <= 5267328))
	  ->  Bitmap Index Scan on k_1  (cost=0.00..5.47 rows=104 width=0)
	        Index Cond: ((k >= 5267228) AND (k <= 5267328))

table 2 : explain SELECT k, c FROM sbtest2 WHERE k BETWEEN 5267228 AND 5267328
	Bitmap Heap Scan on sbtest2  (cost=5.47..405.13 rows=101 width=125)
	  Recheck Cond: ((k >= 5267228) AND (k <= 5267328))
	  ->  Bitmap Index Scan on k_2  (cost=0.00..5.44 rows=101 width=0)
	        Index Cond: ((k >= 5267228) AND (k <= 5267328))

table 3 : explain SELECT k, c FROM sbtest3 WHERE k BETWEEN 5267228 AND 5267328
	Bitmap Heap Scan on sbtest3  (cost=5.50..416.94 rows=104 width=125)
	  Recheck Cond: ((k >= 5267228) AND (k <= 5267328))
	  ->  Bitmap Index Scan on k_3  (cost=0.00..5.47 rows=104 width=0)
	        Index Cond: ((k >= 5267228) AND (k <= 5267328))

table 4 : explain SELECT k, c FROM sbtest4 WHERE k BETWEEN 5267228 AND 5267328
	Bitmap Heap Scan on sbtest4  (cost=5.64..472.02 rows=118 width=125)
	  Recheck Cond: ((k >= 5267228) AND (k <= 5267328))
	  ->  Bitmap Index Scan on k_4  (cost=0.00..5.61 rows=118 width=0)
	        Index Cond: ((k >= 5267228) AND (k <= 5267328))

table 5 : explain SELECT k, c FROM sbtest5 WHERE k BETWEEN 5267228 AND 5267328
	Bitmap Heap Scan on sbtest5  (cost=5.54..432.69 rows=108 width=125)
	  Recheck Cond: ((k >= 5267228) AND (k <= 5267328))
	  ->  Bitmap Index Scan on k_5  (cost=0.00..5.51 rows=108 width=0)
	        Index Cond: ((k >= 5267228) AND (k <= 5267328))

table 6 : explain SELECT k, c FROM sbtest6 WHERE k BETWEEN 5267228 AND 5267328
	Bitmap Heap Scan on sbtest6  (cost=5.46..401.19 rows=100 width=125)
	  Recheck Cond: ((k >= 5267228) AND (k <= 5267328))
	  ->  Bitmap Index Scan on k_6  (cost=0.00..5.43 rows=100 width=0)
	        Index Cond: ((k >= 5267228) AND (k <= 5267328))

table 7 : explain SELECT k, c FROM sbtest7 WHERE k BETWEEN 5267228 AND 5267328
	Bitmap Heap Scan on sbtest7  (cost=5.52..424.81 rows=106 width=125)
	  Recheck Cond: ((k >= 5267228) AND (k <= 5267328))
	  ->  Bitmap Index Scan on k_7  (cost=0.00..5.50 rows=106 width=0)
	        Index Cond: ((k >= 5267228) AND (k <= 5267328))

table 8 : explain SELECT k, c FROM sbtest8 WHERE k BETWEEN 5267228 AND 5267328
	Bitmap Heap Scan on sbtest8  (cost=5.41..381.49 rows=95 width=125)
	  Recheck Cond: ((k >= 5267228) AND (k <= 5267328))
	  ->  Bitmap Index Scan on k_8  (cost=0.00..5.38 rows=95 width=0)
	        Index Cond: ((k >= 5267228) AND (k <= 5267328))

explain: for range-notcovered :: explain SELECT k, c FROM sbtest%d WHERE k BETWEEN 7392854 AND 7392954
explain: for range-notcovered :: explain SELECT k, c FROM sbtest%d WHERE k BETWEEN 3271761 AND 3271861
explain: for range-notcovered :: explain SELECT k, c FROM sbtest%d WHERE k BETWEEN 5267228 AND 5267328
for range-notcovered
table 1 : explain SELECT k, c FROM sbtest1 WHERE k BETWEEN 5599280 AND 5599380
	Bitmap Heap Scan on sbtest1  (cost=5.51..420.88 rows=105 width=125)
	  Recheck Cond: ((k >= 5599280) AND (k <= 5599380))
	  ->  Bitmap Index Scan on k_1  (cost=0.00..5.48 rows=105 width=0)
	        Index Cond: ((k >= 5599280) AND (k <= 5599380))

table 2 : explain SELECT k, c FROM sbtest2 WHERE k BETWEEN 5599280 AND 5599380
	Bitmap Heap Scan on sbtest2  (cost=5.56..440.56 rows=110 width=125)
	  Recheck Cond: ((k >= 5599280) AND (k <= 5599380))
	  ->  Bitmap Index Scan on k_2  (cost=0.00..5.53 rows=110 width=0)
	        Index Cond: ((k >= 5599280) AND (k <= 5599380))

table 3 : explain SELECT k, c FROM sbtest3 WHERE k BETWEEN 5599280 AND 5599380
	Bitmap Heap Scan on sbtest3  (cost=5.50..416.94 rows=104 width=125)
	  Recheck Cond: ((k >= 5599280) AND (k <= 5599380))
	  ->  Bitmap Index Scan on k_3  (cost=0.00..5.47 rows=104 width=0)
	        Index Cond: ((k >= 5599280) AND (k <= 5599380))

table 4 : explain SELECT k, c FROM sbtest4 WHERE k BETWEEN 5599280 AND 5599380
	Bitmap Heap Scan on sbtest4  (cost=5.42..385.43 rows=96 width=125)
	  Recheck Cond: ((k >= 5599280) AND (k <= 5599380))
	  ->  Bitmap Index Scan on k_4  (cost=0.00..5.39 rows=96 width=0)
	        Index Cond: ((k >= 5599280) AND (k <= 5599380))

table 5 : explain SELECT k, c FROM sbtest5 WHERE k BETWEEN 5599280 AND 5599380
	Bitmap Heap Scan on sbtest5  (cost=5.49..413.00 rows=103 width=125)
	  Recheck Cond: ((k >= 5599280) AND (k <= 5599380))
	  ->  Bitmap Index Scan on k_5  (cost=0.00..5.46 rows=103 width=0)
	        Index Cond: ((k >= 5599280) AND (k <= 5599380))

table 6 : explain SELECT k, c FROM sbtest6 WHERE k BETWEEN 5599280 AND 5599380
	Bitmap Heap Scan on sbtest6  (cost=5.41..381.49 rows=95 width=125)
	  Recheck Cond: ((k >= 5599280) AND (k <= 5599380))
	  ->  Bitmap Index Scan on k_6  (cost=0.00..5.38 rows=95 width=0)
	        Index Cond: ((k >= 5599280) AND (k <= 5599380))

table 7 : explain SELECT k, c FROM sbtest7 WHERE k BETWEEN 5599280 AND 5599380
	Bitmap Heap Scan on sbtest7  (cost=5.48..409.07 rows=102 width=125)
	  Recheck Cond: ((k >= 5599280) AND (k <= 5599380))
	  ->  Bitmap Index Scan on k_7  (cost=0.00..5.45 rows=102 width=0)
	        Index Cond: ((k >= 5599280) AND (k <= 5599380))

table 8 : explain SELECT k, c FROM sbtest8 WHERE k BETWEEN 5599280 AND 5599380
	Bitmap Heap Scan on sbtest8  (cost=5.45..397.25 rows=99 width=125)
	  Recheck Cond: ((k >= 5599280) AND (k <= 5599380))
	  ->  Bitmap Index Scan on k_8  (cost=0.00..5.42 rows=99 width=0)
	        Index Cond: ((k >= 5599280) AND (k <= 5599380))

explain: for range-notcovered :: explain SELECT k, c FROM sbtest%d WHERE k BETWEEN 5599280 AND 5599380
for range-notcovered
table 1 : explain SELECT k, c FROM sbtest1 WHERE k BETWEEN 7390708 AND 7390808
	Bitmap Heap Scan on sbtest1  (cost=5.48..409.07 rows=102 width=125)
	  Recheck Cond: ((k >= 7390708) AND (k <= 7390808))
	  ->  Bitmap Index Scan on k_1  (cost=0.00..5.45 rows=102 width=0)
	        Index Cond: ((k >= 7390708) AND (k <= 7390808))

table 2 : explain SELECT k, c FROM sbtest2 WHERE k BETWEEN 7390708 AND 7390808
	Bitmap Heap Scan on sbtest2  (cost=5.47..405.13 rows=101 width=125)
	  Recheck Cond: ((k >= 7390708) AND (k <= 7390808))
	  ->  Bitmap Index Scan on k_2  (cost=0.00..5.44 rows=101 width=0)
	        Index Cond: ((k >= 7390708) AND (k <= 7390808))

table 3 : explain SELECT k, c FROM sbtest3 WHERE k BETWEEN 7390708 AND 7390808
	Bitmap Heap Scan on sbtest3  (cost=5.38..369.67 rows=92 width=125)
	  Recheck Cond: ((k >= 7390708) AND (k <= 7390808))
	  ->  Bitmap Index Scan on k_3  (cost=0.00..5.35 rows=92 width=0)
	        Index Cond: ((k >= 7390708) AND (k <= 7390808))

table 4 : explain SELECT k, c FROM sbtest4 WHERE k BETWEEN 7390708 AND 7390808
	Bitmap Heap Scan on sbtest4  (cost=5.54..432.69 rows=108 width=125)
	  Recheck Cond: ((k >= 7390708) AND (k <= 7390808))
	  ->  Bitmap Index Scan on k_4  (cost=0.00..5.51 rows=108 width=0)
	        Index Cond: ((k >= 7390708) AND (k <= 7390808))

table 5 : explain SELECT k, c FROM sbtest5 WHERE k BETWEEN 7390708 AND 7390808
	Bitmap Heap Scan on sbtest5  (cost=5.45..397.25 rows=99 width=125)
	  Recheck Cond: ((k >= 7390708) AND (k <= 7390808))
	  ->  Bitmap Index Scan on k_5  (cost=0.00..5.42 rows=99 width=0)
	        Index Cond: ((k >= 7390708) AND (k <= 7390808))

table 6 : explain SELECT k, c FROM sbtest6 WHERE k BETWEEN 7390708 AND 7390808
	Bitmap Heap Scan on sbtest6  (cost=5.55..436.62 rows=109 width=125)
	  Recheck Cond: ((k >= 7390708) AND (k <= 7390808))
	  ->  Bitmap Index Scan on k_6  (cost=0.00..5.52 rows=109 width=0)
	        Index Cond: ((k >= 7390708) AND (k <= 7390808))

table 7 : explain SELECT k, c FROM sbtest7 WHERE k BETWEEN 7390708 AND 7390808
	Bitmap Heap Scan on sbtest7  (cost=5.51..420.88 rows=105 width=125)
	  Recheck Cond: ((k >= 7390708) AND (k <= 7390808))
	  ->  Bitmap Index Scan on k_7  (cost=0.00..5.48 rows=105 width=0)
	        Index Cond: ((k >= 7390708) AND (k <= 7390808))

table 8 : explain SELECT k, c FROM sbtest8 WHERE k BETWEEN 7390708 AND 7390808
	Bitmap Heap Scan on sbtest8  (cost=5.59..452.36 rows=113 width=125)
	  Recheck Cond: ((k >= 7390708) AND (k <= 7390808))
	  ->  Bitmap Index Scan on k_8  (cost=0.00..5.56 rows=113 width=0)
	        Index Cond: ((k >= 7390708) AND (k <= 7390808))

for range-notcovered
table 1 : explain SELECT k, c FROM sbtest1 WHERE k BETWEEN 6905786 AND 6905886
	Bitmap Heap Scan on sbtest1  (cost=5.47..405.13 rows=101 width=125)
	  Recheck Cond: ((k >= 6905786) AND (k <= 6905886))
	  ->  Bitmap Index Scan on k_1  (cost=0.00..5.44 rows=101 width=0)
	        Index Cond: ((k >= 6905786) AND (k <= 6905886))

table 2 : explain SELECT k, c FROM sbtest2 WHERE k BETWEEN 6905786 AND 6905886
	Bitmap Heap Scan on sbtest2  (cost=5.42..385.43 rows=96 width=125)
	  Recheck Cond: ((k >= 6905786) AND (k <= 6905886))
	  ->  Bitmap Index Scan on k_2  (cost=0.00..5.39 rows=96 width=0)
	        Index Cond: ((k >= 6905786) AND (k <= 6905886))

table 3 : explain SELECT k, c FROM sbtest3 WHERE k BETWEEN 6905786 AND 6905886
	Bitmap Heap Scan on sbtest3  (cost=5.45..397.25 rows=99 width=125)
	  Recheck Cond: ((k >= 6905786) AND (k <= 6905886))
	  ->  Bitmap Index Scan on k_3  (cost=0.00..5.42 rows=99 width=0)
	        Index Cond: ((k >= 6905786) AND (k <= 6905886))

table 4 : explain SELECT k, c FROM sbtest4 WHERE k BETWEEN 6905786 AND 6905886
	Bitmap Heap Scan on sbtest4  (cost=5.51..420.88 rows=105 width=125)
	  Recheck Cond: ((k >= 6905786) AND (k <= 6905886))
	  ->  Bitmap Index Scan on k_4  (cost=0.00..5.48 rows=105 width=0)
	        Index Cond: ((k >= 6905786) AND (k <= 6905886))

table 5 : explain SELECT k, c FROM sbtest5 WHERE k BETWEEN 6905786 AND 6905886
	Bitmap Heap Scan on sbtest5  (cost=5.46..401.19 rows=100 width=125)
	  Recheck Cond: ((k >= 6905786) AND (k <= 6905886))
	  ->  Bitmap Index Scan on k_5  (cost=0.00..5.43 rows=100 width=0)
	        Index Cond: ((k >= 6905786) AND (k <= 6905886))

table 6 : explain SELECT k, c FROM sbtest6 WHERE k BETWEEN 6905786 AND 6905886
	Bitmap Heap Scan on sbtest6  (cost=5.51..420.88 rows=105 width=125)
	  Recheck Cond: ((k >= 6905786) AND (k <= 6905886))
	  ->  Bitmap Index Scan on k_6  (cost=0.00..5.48 rows=105 width=0)
	        Index Cond: ((k >= 6905786) AND (k <= 6905886))

table 7 : explain SELECT k, c FROM sbtest7 WHERE k BETWEEN 6905786 AND 6905886
	Bitmap Heap Scan on sbtest7  (cost=5.56..440.56 rows=110 width=125)
	  Recheck Cond: ((k >= 6905786) AND (k <= 6905886))
	  ->  Bitmap Index Scan on k_7  (cost=0.00..5.53 rows=110 width=0)
	        Index Cond: ((k >= 6905786) AND (k <= 6905886))

table 8 : explain SELECT k, c FROM sbtest8 WHERE k BETWEEN 6905786 AND 6905886
	Bitmap Heap Scan on sbtest8  (cost=5.44..393.31 rows=98 width=125)
	  Recheck Cond: ((k >= 6905786) AND (k <= 6905886))
	  ->  Bitmap Index Scan on k_8  (cost=0.00..5.42 rows=98 width=0)
	        Index Cond: ((k >= 6905786) AND (k <= 6905886))

explain: for range-notcovered :: explain SELECT k, c FROM sbtest%d WHERE k BETWEEN 7390708 AND 7390808
for range-notcovered
table 1 : explain SELECT k, c FROM sbtest1 WHERE k BETWEEN 6113201 AND 6113301
	Bitmap Heap Scan on sbtest1  (cost=5.47..405.13 rows=101 width=125)
	  Recheck Cond: ((k >= 6113201) AND (k <= 6113301))
	  ->  Bitmap Index Scan on k_1  (cost=0.00..5.44 rows=101 width=0)
	        Index Cond: ((k >= 6113201) AND (k <= 6113301))

table 2 : explain SELECT k, c FROM sbtest2 WHERE k BETWEEN 6113201 AND 6113301
	Bitmap Heap Scan on sbtest2  (cost=5.54..432.69 rows=108 width=125)
	  Recheck Cond: ((k >= 6113201) AND (k <= 6113301))
	  ->  Bitmap Index Scan on k_2  (cost=0.00..5.51 rows=108 width=0)
	        Index Cond: ((k >= 6113201) AND (k <= 6113301))

table 3 : explain SELECT k, c FROM sbtest3 WHERE k BETWEEN 6113201 AND 6113301
	Bitmap Heap Scan on sbtest3  (cost=5.46..401.19 rows=100 width=125)
	  Recheck Cond: ((k >= 6113201) AND (k <= 6113301))
	  ->  Bitmap Index Scan on k_3  (cost=0.00..5.43 rows=100 width=0)
	        Index Cond: ((k >= 6113201) AND (k <= 6113301))

table 4 : explain SELECT k, c FROM sbtest4 WHERE k BETWEEN 6113201 AND 6113301
	Bitmap Heap Scan on sbtest4  (cost=5.33..349.95 rows=87 width=125)
	  Recheck Cond: ((k >= 6113201) AND (k <= 6113301))
	  ->  Bitmap Index Scan on k_4  (cost=0.00..5.30 rows=87 width=0)
	        Index Cond: ((k >= 6113201) AND (k <= 6113301))

table 5 : explain SELECT k, c FROM sbtest5 WHERE k BETWEEN 6113201 AND 6113301
	Bitmap Heap Scan on sbtest5  (cost=5.46..401.19 rows=100 width=125)
	  Recheck Cond: ((k >= 6113201) AND (k <= 6113301))
	  ->  Bitmap Index Scan on k_5  (cost=0.00..5.43 rows=100 width=0)
	        Index Cond: ((k >= 6113201) AND (k <= 6113301))

table 6 : explain SELECT k, c FROM sbtest6 WHERE k BETWEEN 6113201 AND 6113301
	Bitmap Heap Scan on sbtest6  (cost=5.43..389.37 rows=97 width=125)
	  Recheck Cond: ((k >= 6113201) AND (k <= 6113301))
	  ->  Bitmap Index Scan on k_6  (cost=0.00..5.40 rows=97 width=0)
	        Index Cond: ((k >= 6113201) AND (k <= 6113301))

table 7 : explain SELECT k, c FROM sbtest7 WHERE k BETWEEN 6113201 AND 6113301
	Bitmap Heap Scan on sbtest7  (cost=5.42..385.43 rows=96 width=125)
	  Recheck Cond: ((k >= 6113201) AND (k <= 6113301))
	  ->  Bitmap Index Scan on k_7  (cost=0.00..5.39 rows=96 width=0)
	        Index Cond: ((k >= 6113201) AND (k <= 6113301))

table 8 : explain SELECT k, c FROM sbtest8 WHERE k BETWEEN 6113201 AND 6113301
	Bitmap Heap Scan on sbtest8  (cost=5.56..440.56 rows=110 width=125)
	  Recheck Cond: ((k >= 6113201) AND (k <= 6113301))
	  ->  Bitmap Index Scan on k_8  (cost=0.00..5.53 rows=110 width=0)
	        Index Cond: ((k >= 6113201) AND (k <= 6113301))

for range-notcovered
table 1 : explain SELECT k, c FROM sbtest1 WHERE k BETWEEN 3271761 AND 3271861
	Bitmap Heap Scan on sbtest1  (cost=5.53..428.75 rows=107 width=125)
	  Recheck Cond: ((k >= 3271761) AND (k <= 3271861))
	  ->  Bitmap Index Scan on k_1  (cost=0.00..5.50 rows=107 width=0)
	        Index Cond: ((k >= 3271761) AND (k <= 3271861))

table 2 : explain SELECT k, c FROM sbtest2 WHERE k BETWEEN 3271761 AND 3271861
	Bitmap Heap Scan on sbtest2  (cost=5.46..401.19 rows=100 width=125)
	  Recheck Cond: ((k >= 3271761) AND (k <= 3271861))
	  ->  Bitmap Index Scan on k_2  (cost=0.00..5.43 rows=100 width=0)
	        Index Cond: ((k >= 3271761) AND (k <= 3271861))

table 3 : explain SELECT k, c FROM sbtest3 WHERE k BETWEEN 3271761 AND 3271861
	Bitmap Heap Scan on sbtest3  (cost=5.50..416.94 rows=104 width=125)
	  Recheck Cond: ((k >= 3271761) AND (k <= 3271861))
	  ->  Bitmap Index Scan on k_3  (cost=0.00..5.47 rows=104 width=0)
	        Index Cond: ((k >= 3271761) AND (k <= 3271861))

table 4 : explain SELECT k, c FROM sbtest4 WHERE k BETWEEN 3271761 AND 3271861
	Bitmap Heap Scan on sbtest4  (cost=5.46..401.19 rows=100 width=125)
	  Recheck Cond: ((k >= 3271761) AND (k <= 3271861))
	  ->  Bitmap Index Scan on k_4  (cost=0.00..5.43 rows=100 width=0)
	        Index Cond: ((k >= 3271761) AND (k <= 3271861))

table 5 : explain SELECT k, c FROM sbtest5 WHERE k BETWEEN 3271761 AND 3271861
	Bitmap Heap Scan on sbtest5  (cost=5.57..444.49 rows=111 width=125)
	  Recheck Cond: ((k >= 3271761) AND (k <= 3271861))
	  ->  Bitmap Index Scan on k_5  (cost=0.00..5.54 rows=111 width=0)
	        Index Cond: ((k >= 3271761) AND (k <= 3271861))

table 6 : explain SELECT k, c FROM sbtest6 WHERE k BETWEEN 3271761 AND 3271861
	Bitmap Heap Scan on sbtest6  (cost=5.58..448.42 rows=112 width=125)
	  Recheck Cond: ((k >= 3271761) AND (k <= 3271861))
	  ->  Bitmap Index Scan on k_6  (cost=0.00..5.55 rows=112 width=0)
	        Index Cond: ((k >= 3271761) AND (k <= 3271861))

table 7 : explain SELECT k, c FROM sbtest7 WHERE k BETWEEN 3271761 AND 3271861
	Bitmap Heap Scan on sbtest7  (cost=5.49..413.00 rows=103 width=125)
	  Recheck Cond: ((k >= 3271761) AND (k <= 3271861))
	  ->  Bitmap Index Scan on k_7  (cost=0.00..5.46 rows=103 width=0)
	        Index Cond: ((k >= 3271761) AND (k <= 3271861))

table 8 : explain SELECT k, c FROM sbtest8 WHERE k BETWEEN 3271761 AND 3271861
	Bitmap Heap Scan on sbtest8  (cost=5.47..405.13 rows=101 width=125)
	  Recheck Cond: ((k >= 3271761) AND (k <= 3271861))
	  ->  Bitmap Index Scan on k_8  (cost=0.00..5.44 rows=101 width=0)
	        Index Cond: ((k >= 3271761) AND (k <= 3271861))
for range-notcovered
table 1 : explain SELECT k, c FROM sbtest1 WHERE k BETWEEN 7392854 AND 7392954
	Bitmap Heap Scan on sbtest1  (cost=5.48..409.07 rows=102 width=125)
	  Recheck Cond: ((k >= 7392854) AND (k <= 7392954))
	  ->  Bitmap Index Scan on k_1  (cost=0.00..5.45 rows=102 width=0)
	        Index Cond: ((k >= 7392854) AND (k <= 7392954))

table 2 : explain SELECT k, c FROM sbtest2 WHERE k BETWEEN 7392854 AND 7392954
	Bitmap Heap Scan on sbtest2  (cost=5.47..405.13 rows=101 width=125)
	  Recheck Cond: ((k >= 7392854) AND (k <= 7392954))
	  ->  Bitmap Index Scan on k_2  (cost=0.00..5.44 rows=101 width=0)
	        Index Cond: ((k >= 7392854) AND (k <= 7392954))

table 3 : explain SELECT k, c FROM sbtest3 WHERE k BETWEEN 7392854 AND 7392954
	Bitmap Heap Scan on sbtest3  (cost=5.38..369.67 rows=92 width=125)
	  Recheck Cond: ((k >= 7392854) AND (k <= 7392954))
	  ->  Bitmap Index Scan on k_3  (cost=0.00..5.35 rows=92 width=0)
	        Index Cond: ((k >= 7392854) AND (k <= 7392954))

table 4 : explain SELECT k, c FROM sbtest4 WHERE k BETWEEN 7392854 AND 7392954
	Bitmap Heap Scan on sbtest4  (cost=5.54..432.69 rows=108 width=125)
	  Recheck Cond: ((k >= 7392854) AND (k <= 7392954))
	  ->  Bitmap Index Scan on k_4  (cost=0.00..5.51 rows=108 width=0)
	        Index Cond: ((k >= 7392854) AND (k <= 7392954))

table 5 : explain SELECT k, c FROM sbtest5 WHERE k BETWEEN 7392854 AND 7392954
	Bitmap Heap Scan on sbtest5  (cost=5.45..397.25 rows=99 width=125)
	  Recheck Cond: ((k >= 7392854) AND (k <= 7392954))
	  ->  Bitmap Index Scan on k_5  (cost=0.00..5.42 rows=99 width=0)
	        Index Cond: ((k >= 7392854) AND (k <= 7392954))

table 6 : explain SELECT k, c FROM sbtest6 WHERE k BETWEEN 7392854 AND 7392954
	Bitmap Heap Scan on sbtest6  (cost=5.55..436.62 rows=109 width=125)
	  Recheck Cond: ((k >= 7392854) AND (k <= 7392954))
	  ->  Bitmap Index Scan on k_6  (cost=0.00..5.52 rows=109 width=0)
	        Index Cond: ((k >= 7392854) AND (k <= 7392954))

table 7 : explain SELECT k, c FROM sbtest7 WHERE k BETWEEN 7392854 AND 7392954
	Bitmap Heap Scan on sbtest7  (cost=5.51..420.88 rows=105 width=125)
	  Recheck Cond: ((k >= 7392854) AND (k <= 7392954))
	  ->  Bitmap Index Scan on k_7  (cost=0.00..5.48 rows=105 width=0)
	        Index Cond: ((k >= 7392854) AND (k <= 7392954))

table 8 : explain SELECT k, c FROM sbtest8 WHERE k BETWEEN 7392854 AND 7392954
	Bitmap Heap Scan on sbtest8  (cost=5.59..452.36 rows=113 width=125)
	  Recheck Cond: ((k >= 7392854) AND (k <= 7392954))
	  ->  Bitmap Index Scan on k_8  (cost=0.00..5.56 rows=113 width=0)
	        Index Cond: ((k >= 7392854) AND (k <= 7392954))


explain: for range-notcovered :: explain SELECT k, c FROM sbtest%d WHERE k BETWEEN 6113201 AND 6113301
explain: for range-notcovered :: explain SELECT k, c FROM sbtest%d WHERE k BETWEEN 6905786 AND 6905886
for range-notcovered
table 1 : explain SELECT k, c FROM sbtest1 WHERE k BETWEEN 8496887 AND 8496987
	Bitmap Heap Scan on sbtest1  (cost=5.40..377.55 rows=94 width=125)
	  Recheck Cond: ((k >= 8496887) AND (k <= 8496987))
	  ->  Bitmap Index Scan on k_1  (cost=0.00..5.38 rows=94 width=0)
	        Index Cond: ((k >= 8496887) AND (k <= 8496987))

table 2 : explain SELECT k, c FROM sbtest2 WHERE k BETWEEN 8496887 AND 8496987
	Bitmap Heap Scan on sbtest2  (cost=5.52..424.81 rows=106 width=125)
	  Recheck Cond: ((k >= 8496887) AND (k <= 8496987))
	  ->  Bitmap Index Scan on k_2  (cost=0.00..5.50 rows=106 width=0)
	        Index Cond: ((k >= 8496887) AND (k <= 8496987))

table 3 : explain SELECT k, c FROM sbtest3 WHERE k BETWEEN 8496887 AND 8496987
	Bitmap Heap Scan on sbtest3  (cost=5.43..389.37 rows=97 width=125)
	  Recheck Cond: ((k >= 8496887) AND (k <= 8496987))
	  ->  Bitmap Index Scan on k_3  (cost=0.00..5.40 rows=97 width=0)
	        Index Cond: ((k >= 8496887) AND (k <= 8496987))

table 4 : explain SELECT k, c FROM sbtest4 WHERE k BETWEEN 8496887 AND 8496987
	Bitmap Heap Scan on sbtest4  (cost=5.45..397.25 rows=99 width=125)
	  Recheck Cond: ((k >= 8496887) AND (k <= 8496987))
	  ->  Bitmap Index Scan on k_4  (cost=0.00..5.42 rows=99 width=0)
	        Index Cond: ((k >= 8496887) AND (k <= 8496987))

table 5 : explain SELECT k, c FROM sbtest5 WHERE k BETWEEN 8496887 AND 8496987
	Bitmap Heap Scan on sbtest5  (cost=5.45..397.25 rows=99 width=125)
	  Recheck Cond: ((k >= 8496887) AND (k <= 8496987))
	  ->  Bitmap Index Scan on k_5  (cost=0.00..5.42 rows=99 width=0)
	        Index Cond: ((k >= 8496887) AND (k <= 8496987))

table 6 : explain SELECT k, c FROM sbtest6 WHERE k BETWEEN 8496887 AND 8496987
	Bitmap Heap Scan on sbtest6  (cost=5.46..401.19 rows=100 width=125)
	  Recheck Cond: ((k >= 8496887) AND (k <= 8496987))
	  ->  Bitmap Index Scan on k_6  (cost=0.00..5.43 rows=100 width=0)
	        Index Cond: ((k >= 8496887) AND (k <= 8496987))

table 7 : explain SELECT k, c FROM sbtest7 WHERE k BETWEEN 8496887 AND 8496987
	Bitmap Heap Scan on sbtest7  (cost=5.44..393.31 rows=98 width=125)
	  Recheck Cond: ((k >= 8496887) AND (k <= 8496987))
	  ->  Bitmap Index Scan on k_7  (cost=0.00..5.42 rows=98 width=0)
	        Index Cond: ((k >= 8496887) AND (k <= 8496987))

table 8 : explain SELECT k, c FROM sbtest8 WHERE k BETWEEN 8496887 AND 8496987
	Bitmap Heap Scan on sbtest8  (cost=5.49..413.00 rows=103 width=125)
	  Recheck Cond: ((k >= 8496887) AND (k <= 8496987))
	  ->  Bitmap Index Scan on k_8  (cost=0.00..5.46 rows=103 width=0)
	        Index Cond: ((k >= 8496887) AND (k <= 8496987))

for range-notcovered
table 1 : explain SELECT k, c FROM sbtest1 WHERE k BETWEEN 5267228 AND 5267328
	Bitmap Heap Scan on sbtest1  (cost=5.50..416.94 rows=104 width=125)
	  Recheck Cond: ((k >= 5267228) AND (k <= 5267328))
	  ->  Bitmap Index Scan on k_1  (cost=0.00..5.47 rows=104 width=0)
	        Index Cond: ((k >= 5267228) AND (k <= 5267328))

table 2 : explain SELECT k, c FROM sbtest2 WHERE k BETWEEN 5267228 AND 5267328
	Bitmap Heap Scan on sbtest2  (cost=5.47..405.13 rows=101 width=125)
	  Recheck Cond: ((k >= 5267228) AND (k <= 5267328))
	  ->  Bitmap Index Scan on k_2  (cost=0.00..5.44 rows=101 width=0)
	        Index Cond: ((k >= 5267228) AND (k <= 5267328))

table 3 : explain SELECT k, c FROM sbtest3 WHERE k BETWEEN 5267228 AND 5267328
	Bitmap Heap Scan on sbtest3  (cost=5.50..416.94 rows=104 width=125)
	  Recheck Cond: ((k >= 5267228) AND (k <= 5267328))
	  ->  Bitmap Index Scan on k_3  (cost=0.00..5.47 rows=104 width=0)
	        Index Cond: ((k >= 5267228) AND (k <= 5267328))

table 4 : explain SELECT k, c FROM sbtest4 WHERE k BETWEEN 5267228 AND 5267328
	Bitmap Heap Scan on sbtest4  (cost=5.64..472.02 rows=118 width=125)
	  Recheck Cond: ((k >= 5267228) AND (k <= 5267328))
	  ->  Bitmap Index Scan on k_4  (cost=0.00..5.61 rows=118 width=0)
	        Index Cond: ((k >= 5267228) AND (k <= 5267328))

table 5 : explain SELECT k, c FROM sbtest5 WHERE k BETWEEN 5267228 AND 5267328
	Bitmap Heap Scan on sbtest5  (cost=5.54..432.69 rows=108 width=125)
	  Recheck Cond: ((k >= 5267228) AND (k <= 5267328))
	  ->  Bitmap Index Scan on k_5  (cost=0.00..5.51 rows=108 width=0)
	        Index Cond: ((k >= 5267228) AND (k <= 5267328))

table 6 : explain SELECT k, c FROM sbtest6 WHERE k BETWEEN 5267228 AND 5267328
	Bitmap Heap Scan on sbtest6  (cost=5.46..401.19 rows=100 width=125)
	  Recheck Cond: ((k >= 5267228) AND (k <= 5267328))
	  ->  Bitmap Index Scan on k_6  (cost=0.00..5.43 rows=100 width=0)
	        Index Cond: ((k >= 5267228) AND (k <= 5267328))

table 7 : explain SELECT k, c FROM sbtest7 WHERE k BETWEEN 5267228 AND 5267328
	Bitmap Heap Scan on sbtest7  (cost=5.52..424.81 rows=106 width=125)
	  Recheck Cond: ((k >= 5267228) AND (k <= 5267328))
	  ->  Bitmap Index Scan on k_7  (cost=0.00..5.50 rows=106 width=0)
	        Index Cond: ((k >= 5267228) AND (k <= 5267328))

table 8 : explain SELECT k, c FROM sbtest8 WHERE k BETWEEN 5267228 AND 5267328
	Bitmap Heap Scan on sbtest8  (cost=5.41..381.49 rows=95 width=125)
	  Recheck Cond: ((k >= 5267228) AND (k <= 5267328))
	  ->  Bitmap Index Scan on k_8  (cost=0.00..5.38 rows=95 width=0)
	        Index Cond: ((k >= 5267228) AND (k <= 5267328))

explain: for range-notcovered :: explain SELECT k, c FROM sbtest%d WHERE k BETWEEN 7392854 AND 7392954
for range-notcovered
table 1 : explain SELECT k, c FROM sbtest1 WHERE k BETWEEN 5599280 AND 5599380
	Bitmap Heap Scan on sbtest1  (cost=5.51..420.88 rows=105 width=125)
	  Recheck Cond: ((k >= 5599280) AND (k <= 5599380))
	  ->  Bitmap Index Scan on k_1  (cost=0.00..5.48 rows=105 width=0)
	        Index Cond: ((k >= 5599280) AND (k <= 5599380))

table 2 : explain SELECT k, c FROM sbtest2 WHERE k BETWEEN 5599280 AND 5599380
	Bitmap Heap Scan on sbtest2  (cost=5.56..440.56 rows=110 width=125)
	  Recheck Cond: ((k >= 5599280) AND (k <= 5599380))
	  ->  Bitmap Index Scan on k_2  (cost=0.00..5.53 rows=110 width=0)
	        Index Cond: ((k >= 5599280) AND (k <= 5599380))

table 3 : explain SELECT k, c FROM sbtest3 WHERE k BETWEEN 5599280 AND 5599380
	Bitmap Heap Scan on sbtest3  (cost=5.50..416.94 rows=104 width=125)
	  Recheck Cond: ((k >= 5599280) AND (k <= 5599380))
	  ->  Bitmap Index Scan on k_3  (cost=0.00..5.47 rows=104 width=0)
	        Index Cond: ((k >= 5599280) AND (k <= 5599380))

table 4 : explain SELECT k, c FROM sbtest4 WHERE k BETWEEN 5599280 AND 5599380
	Bitmap Heap Scan on sbtest4  (cost=5.42..385.43 rows=96 width=125)
	  Recheck Cond: ((k >= 5599280) AND (k <= 5599380))
	  ->  Bitmap Index Scan on k_4  (cost=0.00..5.39 rows=96 width=0)
	        Index Cond: ((k >= 5599280) AND (k <= 5599380))

table 5 : explain SELECT k, c FROM sbtest5 WHERE k BETWEEN 5599280 AND 5599380
	Bitmap Heap Scan on sbtest5  (cost=5.49..413.00 rows=103 width=125)
	  Recheck Cond: ((k >= 5599280) AND (k <= 5599380))
	  ->  Bitmap Index Scan on k_5  (cost=0.00..5.46 rows=103 width=0)
	        Index Cond: ((k >= 5599280) AND (k <= 5599380))

table 6 : explain SELECT k, c FROM sbtest6 WHERE k BETWEEN 5599280 AND 5599380
	Bitmap Heap Scan on sbtest6  (cost=5.41..381.49 rows=95 width=125)
	  Recheck Cond: ((k >= 5599280) AND (k <= 5599380))
	  ->  Bitmap Index Scan on k_6  (cost=0.00..5.38 rows=95 width=0)
	        Index Cond: ((k >= 5599280) AND (k <= 5599380))

table 7 : explain SELECT k, c FROM sbtest7 WHERE k BETWEEN 5599280 AND 5599380
	Bitmap Heap Scan on sbtest7  (cost=5.48..409.07 rows=102 width=125)
	  Recheck Cond: ((k >= 5599280) AND (k <= 5599380))
	  ->  Bitmap Index Scan on k_7  (cost=0.00..5.45 rows=102 width=0)
	        Index Cond: ((k >= 5599280) AND (k <= 5599380))

table 8 : explain SELECT k, c FROM sbtest8 WHERE k BETWEEN 5599280 AND 5599380
	Bitmap Heap Scan on sbtest8  (cost=5.45..397.25 rows=99 width=125)
	  Recheck Cond: ((k >= 5599280) AND (k <= 5599380))
	  ->  Bitmap Index Scan on k_8  (cost=0.00..5.42 rows=99 width=0)
	        Index Cond: ((k >= 5599280) AND (k <= 5599380))

explain: for range-notcovered :: explain SELECT k, c FROM sbtest%d WHERE k BETWEEN 3271761 AND 3271861
explain: for range-notcovered :: explain SELECT k, c FROM sbtest%d WHERE k BETWEEN 5267228 AND 5267328
explain: for range-notcovered :: explain SELECT k, c FROM sbtest%d WHERE k BETWEEN 8496887 AND 8496987
for range-notcovered
table 1 : explain SELECT k, c FROM sbtest1 WHERE k BETWEEN 7390708 AND 7390808
	Bitmap Heap Scan on sbtest1  (cost=5.48..409.07 rows=102 width=125)
	  Recheck Cond: ((k >= 7390708) AND (k <= 7390808))
	  ->  Bitmap Index Scan on k_1  (cost=0.00..5.45 rows=102 width=0)
	        Index Cond: ((k >= 7390708) AND (k <= 7390808))

table 2 : explain SELECT k, c FROM sbtest2 WHERE k BETWEEN 7390708 AND 7390808
	Bitmap Heap Scan on sbtest2  (cost=5.47..405.13 rows=101 width=125)
	  Recheck Cond: ((k >= 7390708) AND (k <= 7390808))
	  ->  Bitmap Index Scan on k_2  (cost=0.00..5.44 rows=101 width=0)
	        Index Cond: ((k >= 7390708) AND (k <= 7390808))

table 3 : explain SELECT k, c FROM sbtest3 WHERE k BETWEEN 7390708 AND 7390808
	Bitmap Heap Scan on sbtest3  (cost=5.38..369.67 rows=92 width=125)
	  Recheck Cond: ((k >= 7390708) AND (k <= 7390808))
	  ->  Bitmap Index Scan on k_3  (cost=0.00..5.35 rows=92 width=0)
	        Index Cond: ((k >= 7390708) AND (k <= 7390808))

table 4 : explain SELECT k, c FROM sbtest4 WHERE k BETWEEN 7390708 AND 7390808
	Bitmap Heap Scan on sbtest4  (cost=5.54..432.69 rows=108 width=125)
	  Recheck Cond: ((k >= 7390708) AND (k <= 7390808))
	  ->  Bitmap Index Scan on k_4  (cost=0.00..5.51 rows=108 width=0)
	        Index Cond: ((k >= 7390708) AND (k <= 7390808))

table 5 : explain SELECT k, c FROM sbtest5 WHERE k BETWEEN 7390708 AND 7390808
	Bitmap Heap Scan on sbtest5  (cost=5.45..397.25 rows=99 width=125)
	  Recheck Cond: ((k >= 7390708) AND (k <= 7390808))
	  ->  Bitmap Index Scan on k_5  (cost=0.00..5.42 rows=99 width=0)
	        Index Cond: ((k >= 7390708) AND (k <= 7390808))

table 6 : explain SELECT k, c FROM sbtest6 WHERE k BETWEEN 7390708 AND 7390808
	Bitmap Heap Scan on sbtest6  (cost=5.55..436.62 rows=109 width=125)
	  Recheck Cond: ((k >= 7390708) AND (k <= 7390808))
	  ->  Bitmap Index Scan on k_6  (cost=0.00..5.52 rows=109 width=0)
	        Index Cond: ((k >= 7390708) AND (k <= 7390808))

table 7 : explain SELECT k, c FROM sbtest7 WHERE k BETWEEN 7390708 AND 7390808
	Bitmap Heap Scan on sbtest7  (cost=5.51..420.88 rows=105 width=125)
	  Recheck Cond: ((k >= 7390708) AND (k <= 7390808))
	  ->  Bitmap Index Scan on k_7  (cost=0.00..5.48 rows=105 width=0)
	        Index Cond: ((k >= 7390708) AND (k <= 7390808))

table 8 : explain SELECT k, c FROM sbtest8 WHERE k BETWEEN 7390708 AND 7390808
	Bitmap Heap Scan on sbtest8  (cost=5.59..452.36 rows=113 width=125)
	  Recheck Cond: ((k >= 7390708) AND (k <= 7390808))
	  ->  Bitmap Index Scan on k_8  (cost=0.00..5.56 rows=113 width=0)
	        Index Cond: ((k >= 7390708) AND (k <= 7390808))

explain: for range-notcovered :: explain SELECT k, c FROM sbtest%d WHERE k BETWEEN 7390708 AND 7390808
for range-notcovered
table 1 : explain SELECT k, c FROM sbtest1 WHERE k BETWEEN 6113201 AND 6113301
	Bitmap Heap Scan on sbtest1  (cost=5.47..405.13 rows=101 width=125)
	  Recheck Cond: ((k >= 6113201) AND (k <= 6113301))
	  ->  Bitmap Index Scan on k_1  (cost=0.00..5.44 rows=101 width=0)
	        Index Cond: ((k >= 6113201) AND (k <= 6113301))

table 2 : explain SELECT k, c FROM sbtest2 WHERE k BETWEEN 6113201 AND 6113301
	Bitmap Heap Scan on sbtest2  (cost=5.54..432.69 rows=108 width=125)
	  Recheck Cond: ((k >= 6113201) AND (k <= 6113301))
	  ->  Bitmap Index Scan on k_2  (cost=0.00..5.51 rows=108 width=0)
	        Index Cond: ((k >= 6113201) AND (k <= 6113301))

table 3 : explain SELECT k, c FROM sbtest3 WHERE k BETWEEN 6113201 AND 6113301
	Bitmap Heap Scan on sbtest3  (cost=5.46..401.19 rows=100 width=125)
	  Recheck Cond: ((k >= 6113201) AND (k <= 6113301))
	  ->  Bitmap Index Scan on k_3  (cost=0.00..5.43 rows=100 width=0)
	        Index Cond: ((k >= 6113201) AND (k <= 6113301))

table 4 : explain SELECT k, c FROM sbtest4 WHERE k BETWEEN 6113201 AND 6113301
	Bitmap Heap Scan on sbtest4  (cost=5.33..349.95 rows=87 width=125)
	  Recheck Cond: ((k >= 6113201) AND (k <= 6113301))
	  ->  Bitmap Index Scan on k_4  (cost=0.00..5.30 rows=87 width=0)
	        Index Cond: ((k >= 6113201) AND (k <= 6113301))

table 5 : explain SELECT k, c FROM sbtest5 WHERE k BETWEEN 6113201 AND 6113301
	Bitmap Heap Scan on sbtest5  (cost=5.46..401.19 rows=100 width=125)
	  Recheck Cond: ((k >= 6113201) AND (k <= 6113301))
	  ->  Bitmap Index Scan on k_5  (cost=0.00..5.43 rows=100 width=0)
	        Index Cond: ((k >= 6113201) AND (k <= 6113301))

table 6 : explain SELECT k, c FROM sbtest6 WHERE k BETWEEN 6113201 AND 6113301
	Bitmap Heap Scan on sbtest6  (cost=5.43..389.37 rows=97 width=125)
	  Recheck Cond: ((k >= 6113201) AND (k <= 6113301))
	  ->  Bitmap Index Scan on k_6  (cost=0.00..5.40 rows=97 width=0)
	        Index Cond: ((k >= 6113201) AND (k <= 6113301))

table 7 : explain SELECT k, c FROM sbtest7 WHERE k BETWEEN 6113201 AND 6113301
	Bitmap Heap Scan on sbtest7  (cost=5.42..385.43 rows=96 width=125)
	  Recheck Cond: ((k >= 6113201) AND (k <= 6113301))
	  ->  Bitmap Index Scan on k_7  (cost=0.00..5.39 rows=96 width=0)
	        Index Cond: ((k >= 6113201) AND (k <= 6113301))

table 8 : explain SELECT k, c FROM sbtest8 WHERE k BETWEEN 6113201 AND 6113301
	Bitmap Heap Scan on sbtest8  (cost=5.56..440.56 rows=110 width=125)
	  Recheck Cond: ((k >= 6113201) AND (k <= 6113301))
	  ->  Bitmap Index Scan on k_8  (cost=0.00..5.53 rows=110 width=0)
	        Index Cond: ((k >= 6113201) AND (k <= 6113301))
for range-notcovered
table 1 : explain SELECT k, c FROM sbtest1 WHERE k BETWEEN 7392854 AND 7392954
	Bitmap Heap Scan on sbtest1  (cost=5.48..409.07 rows=102 width=125)
	  Recheck Cond: ((k >= 7392854) AND (k <= 7392954))
	  ->  Bitmap Index Scan on k_1  (cost=0.00..5.45 rows=102 width=0)
	        Index Cond: ((k >= 7392854) AND (k <= 7392954))

table 2 : explain SELECT k, c FROM sbtest2 WHERE k BETWEEN 7392854 AND 7392954
	Bitmap Heap Scan on sbtest2  (cost=5.47..405.13 rows=101 width=125)
	  Recheck Cond: ((k >= 7392854) AND (k <= 7392954))
	  ->  Bitmap Index Scan on k_2  (cost=0.00..5.44 rows=101 width=0)
	        Index Cond: ((k >= 7392854) AND (k <= 7392954))

table 3 : explain SELECT k, c FROM sbtest3 WHERE k BETWEEN 7392854 AND 7392954
	Bitmap Heap Scan on sbtest3  (cost=5.38..369.67 rows=92 width=125)
	  Recheck Cond: ((k >= 7392854) AND (k <= 7392954))
	  ->  Bitmap Index Scan on k_3  (cost=0.00..5.35 rows=92 width=0)
	        Index Cond: ((k >= 7392854) AND (k <= 7392954))

table 4 : explain SELECT k, c FROM sbtest4 WHERE k BETWEEN 7392854 AND 7392954
	Bitmap Heap Scan on sbtest4  (cost=5.54..432.69 rows=108 width=125)
	  Recheck Cond: ((k >= 7392854) AND (k <= 7392954))
	  ->  Bitmap Index Scan on k_4  (cost=0.00..5.51 rows=108 width=0)
	        Index Cond: ((k >= 7392854) AND (k <= 7392954))

table 5 : explain SELECT k, c FROM sbtest5 WHERE k BETWEEN 7392854 AND 7392954
	Bitmap Heap Scan on sbtest5  (cost=5.45..397.25 rows=99 width=125)
	  Recheck Cond: ((k >= 7392854) AND (k <= 7392954))
	  ->  Bitmap Index Scan on k_5  (cost=0.00..5.42 rows=99 width=0)
	        Index Cond: ((k >= 7392854) AND (k <= 7392954))

table 6 : explain SELECT k, c FROM sbtest6 WHERE k BETWEEN 7392854 AND 7392954
	Bitmap Heap Scan on sbtest6  (cost=5.55..436.62 rows=109 width=125)
	  Recheck Cond: ((k >= 7392854) AND (k <= 7392954))
	  ->  Bitmap Index Scan on k_6  (cost=0.00..5.52 rows=109 width=0)
	        Index Cond: ((k >= 7392854) AND (k <= 7392954))

table 7 : explain SELECT k, c FROM sbtest7 WHERE k BETWEEN 7392854 AND 7392954
	Bitmap Heap Scan on sbtest7  (cost=5.51..420.88 rows=105 width=125)
	  Recheck Cond: ((k >= 7392854) AND (k <= 7392954))
	  ->  Bitmap Index Scan on k_7  (cost=0.00..5.48 rows=105 width=0)
	        Index Cond: ((k >= 7392854) AND (k <= 7392954))

table 8 : explain SELECT k, c FROM sbtest8 WHERE k BETWEEN 7392854 AND 7392954
	Bitmap Heap Scan on sbtest8  (cost=5.59..452.36 rows=113 width=125)
	  Recheck Cond: ((k >= 7392854) AND (k <= 7392954))
	  ->  Bitmap Index Scan on k_8  (cost=0.00..5.56 rows=113 width=0)
	        Index Cond: ((k >= 7392854) AND (k <= 7392954))


for range-notcovered
table 1 : explain SELECT k, c FROM sbtest1 WHERE k BETWEEN 3271761 AND 3271861
	Bitmap Heap Scan on sbtest1  (cost=5.53..428.75 rows=107 width=125)
	  Recheck Cond: ((k >= 3271761) AND (k <= 3271861))
	  ->  Bitmap Index Scan on k_1  (cost=0.00..5.50 rows=107 width=0)
	        Index Cond: ((k >= 3271761) AND (k <= 3271861))

table 2 : explain SELECT k, c FROM sbtest2 WHERE k BETWEEN 3271761 AND 3271861
	Bitmap Heap Scan on sbtest2  (cost=5.46..401.19 rows=100 width=125)
	  Recheck Cond: ((k >= 3271761) AND (k <= 3271861))
	  ->  Bitmap Index Scan on k_2  (cost=0.00..5.43 rows=100 width=0)
	        Index Cond: ((k >= 3271761) AND (k <= 3271861))

table 3 : explain SELECT k, c FROM sbtest3 WHERE k BETWEEN 3271761 AND 3271861
	Bitmap Heap Scan on sbtest3  (cost=5.50..416.94 rows=104 width=125)
	  Recheck Cond: ((k >= 3271761) AND (k <= 3271861))
	  ->  Bitmap Index Scan on k_3  (cost=0.00..5.47 rows=104 width=0)
	        Index Cond: ((k >= 3271761) AND (k <= 3271861))

table 4 : explain SELECT k, c FROM sbtest4 WHERE k BETWEEN 3271761 AND 3271861
	Bitmap Heap Scan on sbtest4  (cost=5.46..401.19 rows=100 width=125)
	  Recheck Cond: ((k >= 3271761) AND (k <= 3271861))
	  ->  Bitmap Index Scan on k_4  (cost=0.00..5.43 rows=100 width=0)
	        Index Cond: ((k >= 3271761) AND (k <= 3271861))

table 5 : explain SELECT k, c FROM sbtest5 WHERE k BETWEEN 3271761 AND 3271861
	Bitmap Heap Scan on sbtest5  (cost=5.57..444.49 rows=111 width=125)
	  Recheck Cond: ((k >= 3271761) AND (k <= 3271861))
	  ->  Bitmap Index Scan on k_5  (cost=0.00..5.54 rows=111 width=0)
	        Index Cond: ((k >= 3271761) AND (k <= 3271861))

table 6 : explain SELECT k, c FROM sbtest6 WHERE k BETWEEN 3271761 AND 3271861
	Bitmap Heap Scan on sbtest6  (cost=5.58..448.42 rows=112 width=125)
	  Recheck Cond: ((k >= 3271761) AND (k <= 3271861))
	  ->  Bitmap Index Scan on k_6  (cost=0.00..5.55 rows=112 width=0)
	        Index Cond: ((k >= 3271761) AND (k <= 3271861))

table 7 : explain SELECT k, c FROM sbtest7 WHERE k BETWEEN 3271761 AND 3271861
	Bitmap Heap Scan on sbtest7  (cost=5.49..413.00 rows=103 width=125)
	  Recheck Cond: ((k >= 3271761) AND (k <= 3271861))
	  ->  Bitmap Index Scan on k_7  (cost=0.00..5.46 rows=103 width=0)
	        Index Cond: ((k >= 3271761) AND (k <= 3271861))

table 8 : explain SELECT k, c FROM sbtest8 WHERE k BETWEEN 3271761 AND 3271861
	Bitmap Heap Scan on sbtest8  (cost=5.47..405.13 rows=101 width=125)
	  Recheck Cond: ((k >= 3271761) AND (k <= 3271861))
	  ->  Bitmap Index Scan on k_8  (cost=0.00..5.44 rows=101 width=0)
	        Index Cond: ((k >= 3271761) AND (k <= 3271861))

explain: for range-notcovered :: explain SELECT k, c FROM sbtest%d WHERE k BETWEEN 7392854 AND 7392954
explain: for range-notcovered :: explain SELECT k, c FROM sbtest%d WHERE k BETWEEN 6113201 AND 6113301
for range-notcovered
table 1 : explain SELECT k, c FROM sbtest1 WHERE k BETWEEN 5267228 AND 5267328
	Bitmap Heap Scan on sbtest1  (cost=5.50..416.94 rows=104 width=125)
	  Recheck Cond: ((k >= 5267228) AND (k <= 5267328))
	  ->  Bitmap Index Scan on k_1  (cost=0.00..5.47 rows=104 width=0)
	        Index Cond: ((k >= 5267228) AND (k <= 5267328))

table 2 : explain SELECT k, c FROM sbtest2 WHERE k BETWEEN 5267228 AND 5267328
	Bitmap Heap Scan on sbtest2  (cost=5.47..405.13 rows=101 width=125)
	  Recheck Cond: ((k >= 5267228) AND (k <= 5267328))
	  ->  Bitmap Index Scan on k_2  (cost=0.00..5.44 rows=101 width=0)
	        Index Cond: ((k >= 5267228) AND (k <= 5267328))

table 3 : explain SELECT k, c FROM sbtest3 WHERE k BETWEEN 5267228 AND 5267328
	Bitmap Heap Scan on sbtest3  (cost=5.50..416.94 rows=104 width=125)
	  Recheck Cond: ((k >= 5267228) AND (k <= 5267328))
	  ->  Bitmap Index Scan on k_3  (cost=0.00..5.47 rows=104 width=0)
	        Index Cond: ((k >= 5267228) AND (k <= 5267328))

table 4 : explain SELECT k, c FROM sbtest4 WHERE k BETWEEN 5267228 AND 5267328
	Bitmap Heap Scan on sbtest4  (cost=5.64..472.02 rows=118 width=125)
	  Recheck Cond: ((k >= 5267228) AND (k <= 5267328))
	  ->  Bitmap Index Scan on k_4  (cost=0.00..5.61 rows=118 width=0)
	        Index Cond: ((k >= 5267228) AND (k <= 5267328))

table 5 : explain SELECT k, c FROM sbtest5 WHERE k BETWEEN 5267228 AND 5267328
	Bitmap Heap Scan on sbtest5  (cost=5.54..432.69 rows=108 width=125)
	  Recheck Cond: ((k >= 5267228) AND (k <= 5267328))
	  ->  Bitmap Index Scan on k_5  (cost=0.00..5.51 rows=108 width=0)
	        Index Cond: ((k >= 5267228) AND (k <= 5267328))

table 6 : explain SELECT k, c FROM sbtest6 WHERE k BETWEEN 5267228 AND 5267328
	Bitmap Heap Scan on sbtest6  (cost=5.46..401.19 rows=100 width=125)
	  Recheck Cond: ((k >= 5267228) AND (k <= 5267328))
	  ->  Bitmap Index Scan on k_6  (cost=0.00..5.43 rows=100 width=0)
	        Index Cond: ((k >= 5267228) AND (k <= 5267328))

table 7 : explain SELECT k, c FROM sbtest7 WHERE k BETWEEN 5267228 AND 5267328
	Bitmap Heap Scan on sbtest7  (cost=5.52..424.81 rows=106 width=125)
	  Recheck Cond: ((k >= 5267228) AND (k <= 5267328))
	  ->  Bitmap Index Scan on k_7  (cost=0.00..5.50 rows=106 width=0)
	        Index Cond: ((k >= 5267228) AND (k <= 5267328))

table 8 : explain SELECT k, c FROM sbtest8 WHERE k BETWEEN 5267228 AND 5267328
	Bitmap Heap Scan on sbtest8  (cost=5.41..381.49 rows=95 width=125)
	  Recheck Cond: ((k >= 5267228) AND (k <= 5267328))
	  ->  Bitmap Index Scan on k_8  (cost=0.00..5.38 rows=95 width=0)
	        Index Cond: ((k >= 5267228) AND (k <= 5267328))

explain: for range-notcovered :: explain SELECT k, c FROM sbtest%d WHERE k BETWEEN 3271761 AND 3271861
explain: for range-notcovered :: explain SELECT k, c FROM sbtest%d WHERE k BETWEEN 5267228 AND 5267328
for range-notcovered
table 1 : explain SELECT k, c FROM sbtest1 WHERE k BETWEEN 6905786 AND 6905886
	Bitmap Heap Scan on sbtest1  (cost=5.47..405.13 rows=101 width=125)
	  Recheck Cond: ((k >= 6905786) AND (k <= 6905886))
	  ->  Bitmap Index Scan on k_1  (cost=0.00..5.44 rows=101 width=0)
	        Index Cond: ((k >= 6905786) AND (k <= 6905886))

table 2 : explain SELECT k, c FROM sbtest2 WHERE k BETWEEN 6905786 AND 6905886
	Bitmap Heap Scan on sbtest2  (cost=5.42..385.43 rows=96 width=125)
	  Recheck Cond: ((k >= 6905786) AND (k <= 6905886))
	  ->  Bitmap Index Scan on k_2  (cost=0.00..5.39 rows=96 width=0)
	        Index Cond: ((k >= 6905786) AND (k <= 6905886))

table 3 : explain SELECT k, c FROM sbtest3 WHERE k BETWEEN 6905786 AND 6905886
	Bitmap Heap Scan on sbtest3  (cost=5.45..397.25 rows=99 width=125)
	  Recheck Cond: ((k >= 6905786) AND (k <= 6905886))
	  ->  Bitmap Index Scan on k_3  (cost=0.00..5.42 rows=99 width=0)
	        Index Cond: ((k >= 6905786) AND (k <= 6905886))

table 4 : explain SELECT k, c FROM sbtest4 WHERE k BETWEEN 6905786 AND 6905886
	Bitmap Heap Scan on sbtest4  (cost=5.51..420.88 rows=105 width=125)
	  Recheck Cond: ((k >= 6905786) AND (k <= 6905886))
	  ->  Bitmap Index Scan on k_4  (cost=0.00..5.48 rows=105 width=0)
	        Index Cond: ((k >= 6905786) AND (k <= 6905886))

table 5 : explain SELECT k, c FROM sbtest5 WHERE k BETWEEN 6905786 AND 6905886
	Bitmap Heap Scan on sbtest5  (cost=5.46..401.19 rows=100 width=125)
	  Recheck Cond: ((k >= 6905786) AND (k <= 6905886))
	  ->  Bitmap Index Scan on k_5  (cost=0.00..5.43 rows=100 width=0)
	        Index Cond: ((k >= 6905786) AND (k <= 6905886))

table 6 : explain SELECT k, c FROM sbtest6 WHERE k BETWEEN 6905786 AND 6905886
	Bitmap Heap Scan on sbtest6  (cost=5.51..420.88 rows=105 width=125)
	  Recheck Cond: ((k >= 6905786) AND (k <= 6905886))
	  ->  Bitmap Index Scan on k_6  (cost=0.00..5.48 rows=105 width=0)
	        Index Cond: ((k >= 6905786) AND (k <= 6905886))

table 7 : explain SELECT k, c FROM sbtest7 WHERE k BETWEEN 6905786 AND 6905886
	Bitmap Heap Scan on sbtest7  (cost=5.56..440.56 rows=110 width=125)
	  Recheck Cond: ((k >= 6905786) AND (k <= 6905886))
	  ->  Bitmap Index Scan on k_7  (cost=0.00..5.53 rows=110 width=0)
	        Index Cond: ((k >= 6905786) AND (k <= 6905886))

table 8 : explain SELECT k, c FROM sbtest8 WHERE k BETWEEN 6905786 AND 6905886
	Bitmap Heap Scan on sbtest8  (cost=5.44..393.31 rows=98 width=125)
	  Recheck Cond: ((k >= 6905786) AND (k <= 6905886))
	  ->  Bitmap Index Scan on k_8  (cost=0.00..5.42 rows=98 width=0)
	        Index Cond: ((k >= 6905786) AND (k <= 6905886))

for range-notcovered
table 1 : explain SELECT k, c FROM sbtest1 WHERE k BETWEEN 7390708 AND 7390808
	Bitmap Heap Scan on sbtest1  (cost=5.48..409.07 rows=102 width=125)
	  Recheck Cond: ((k >= 7390708) AND (k <= 7390808))
	  ->  Bitmap Index Scan on k_1  (cost=0.00..5.45 rows=102 width=0)
	        Index Cond: ((k >= 7390708) AND (k <= 7390808))

table 2 : explain SELECT k, c FROM sbtest2 WHERE k BETWEEN 7390708 AND 7390808
	Bitmap Heap Scan on sbtest2  (cost=5.47..405.13 rows=101 width=125)
	  Recheck Cond: ((k >= 7390708) AND (k <= 7390808))
	  ->  Bitmap Index Scan on k_2  (cost=0.00..5.44 rows=101 width=0)
	        Index Cond: ((k >= 7390708) AND (k <= 7390808))

table 3 : explain SELECT k, c FROM sbtest3 WHERE k BETWEEN 7390708 AND 7390808
	Bitmap Heap Scan on sbtest3  (cost=5.38..369.67 rows=92 width=125)
	  Recheck Cond: ((k >= 7390708) AND (k <= 7390808))
	  ->  Bitmap Index Scan on k_3  (cost=0.00..5.35 rows=92 width=0)
	        Index Cond: ((k >= 7390708) AND (k <= 7390808))

table 4 : explain SELECT k, c FROM sbtest4 WHERE k BETWEEN 7390708 AND 7390808
	Bitmap Heap Scan on sbtest4  (cost=5.54..432.69 rows=108 width=125)
	  Recheck Cond: ((k >= 7390708) AND (k <= 7390808))
	  ->  Bitmap Index Scan on k_4  (cost=0.00..5.51 rows=108 width=0)
	        Index Cond: ((k >= 7390708) AND (k <= 7390808))

table 5 : explain SELECT k, c FROM sbtest5 WHERE k BETWEEN 7390708 AND 7390808
	Bitmap Heap Scan on sbtest5  (cost=5.45..397.25 rows=99 width=125)
	  Recheck Cond: ((k >= 7390708) AND (k <= 7390808))
	  ->  Bitmap Index Scan on k_5  (cost=0.00..5.42 rows=99 width=0)
	        Index Cond: ((k >= 7390708) AND (k <= 7390808))

table 6 : explain SELECT k, c FROM sbtest6 WHERE k BETWEEN 7390708 AND 7390808
	Bitmap Heap Scan on sbtest6  (cost=5.55..436.62 rows=109 width=125)
	  Recheck Cond: ((k >= 7390708) AND (k <= 7390808))
	  ->  Bitmap Index Scan on k_6  (cost=0.00..5.52 rows=109 width=0)
	        Index Cond: ((k >= 7390708) AND (k <= 7390808))

table 7 : explain SELECT k, c FROM sbtest7 WHERE k BETWEEN 7390708 AND 7390808
	Bitmap Heap Scan on sbtest7  (cost=5.51..420.88 rows=105 width=125)
	  Recheck Cond: ((k >= 7390708) AND (k <= 7390808))
	  ->  Bitmap Index Scan on k_7  (cost=0.00..5.48 rows=105 width=0)
	        Index Cond: ((k >= 7390708) AND (k <= 7390808))

table 8 : explain SELECT k, c FROM sbtest8 WHERE k BETWEEN 7390708 AND 7390808
	Bitmap Heap Scan on sbtest8  (cost=5.59..452.36 rows=113 width=125)
	  Recheck Cond: ((k >= 7390708) AND (k <= 7390808))
	  ->  Bitmap Index Scan on k_8  (cost=0.00..5.56 rows=113 width=0)
	        Index Cond: ((k >= 7390708) AND (k <= 7390808))

explain: for range-notcovered :: explain SELECT k, c FROM sbtest%d WHERE k BETWEEN 6905786 AND 6905886
explain: for range-notcovered :: explain SELECT k, c FROM sbtest%d WHERE k BETWEEN 7390708 AND 7390808
for range-notcovered
table 1 : explain SELECT k, c FROM sbtest1 WHERE k BETWEEN 6024051 AND 6024151
	Bitmap Heap Scan on sbtest1  (cost=5.56..440.56 rows=110 width=125)
	  Recheck Cond: ((k >= 6024051) AND (k <= 6024151))
	  ->  Bitmap Index Scan on k_1  (cost=0.00..5.53 rows=110 width=0)
	        Index Cond: ((k >= 6024051) AND (k <= 6024151))

table 2 : explain SELECT k, c FROM sbtest2 WHERE k BETWEEN 6024051 AND 6024151
	Bitmap Heap Scan on sbtest2  (cost=5.63..468.09 rows=117 width=125)
	  Recheck Cond: ((k >= 6024051) AND (k <= 6024151))
	  ->  Bitmap Index Scan on k_2  (cost=0.00..5.60 rows=117 width=0)
	        Index Cond: ((k >= 6024051) AND (k <= 6024151))

table 3 : explain SELECT k, c FROM sbtest3 WHERE k BETWEEN 6024051 AND 6024151
	Bitmap Heap Scan on sbtest3  (cost=5.50..416.94 rows=104 width=125)
	  Recheck Cond: ((k >= 6024051) AND (k <= 6024151))
	  ->  Bitmap Index Scan on k_3  (cost=0.00..5.47 rows=104 width=0)
	        Index Cond: ((k >= 6024051) AND (k <= 6024151))

table 4 : explain SELECT k, c FROM sbtest4 WHERE k BETWEEN 6024051 AND 6024151
	Bitmap Heap Scan on sbtest4  (cost=5.51..420.88 rows=105 width=125)
	  Recheck Cond: ((k >= 6024051) AND (k <= 6024151))
	  ->  Bitmap Index Scan on k_4  (cost=0.00..5.48 rows=105 width=0)
	        Index Cond: ((k >= 6024051) AND (k <= 6024151))

table 5 : explain SELECT k, c FROM sbtest5 WHERE k BETWEEN 6024051 AND 6024151
	Bitmap Heap Scan on sbtest5  (cost=5.46..401.19 rows=100 width=125)
	  Recheck Cond: ((k >= 6024051) AND (k <= 6024151))
	  ->  Bitmap Index Scan on k_5  (cost=0.00..5.43 rows=100 width=0)
	        Index Cond: ((k >= 6024051) AND (k <= 6024151))

table 6 : explain SELECT k, c FROM sbtest6 WHERE k BETWEEN 6024051 AND 6024151
	Bitmap Heap Scan on sbtest6  (cost=5.68..483.81 rows=121 width=125)
	  Recheck Cond: ((k >= 6024051) AND (k <= 6024151))
	  ->  Bitmap Index Scan on k_6  (cost=0.00..5.64 rows=121 width=0)
	        Index Cond: ((k >= 6024051) AND (k <= 6024151))

table 7 : explain SELECT k, c FROM sbtest7 WHERE k BETWEEN 6024051 AND 6024151
	Bitmap Heap Scan on sbtest7  (cost=5.43..389.37 rows=97 width=125)
	  Recheck Cond: ((k >= 6024051) AND (k <= 6024151))
	  ->  Bitmap Index Scan on k_7  (cost=0.00..5.40 rows=97 width=0)
	        Index Cond: ((k >= 6024051) AND (k <= 6024151))

table 8 : explain SELECT k, c FROM sbtest8 WHERE k BETWEEN 6024051 AND 6024151
	Bitmap Heap Scan on sbtest8  (cost=5.41..381.49 rows=95 width=125)
	  Recheck Cond: ((k >= 6024051) AND (k <= 6024151))
	  ->  Bitmap Index Scan on k_8  (cost=0.00..5.38 rows=95 width=0)
	        Index Cond: ((k >= 6024051) AND (k <= 6024151))

for range-notcovered
table 1 : explain SELECT k, c FROM sbtest1 WHERE k BETWEEN 7392854 AND 7392954
	Bitmap Heap Scan on sbtest1  (cost=5.48..409.07 rows=102 width=125)
	  Recheck Cond: ((k >= 7392854) AND (k <= 7392954))
	  ->  Bitmap Index Scan on k_1  (cost=0.00..5.45 rows=102 width=0)
	        Index Cond: ((k >= 7392854) AND (k <= 7392954))

table 2 : explain SELECT k, c FROM sbtest2 WHERE k BETWEEN 7392854 AND 7392954
	Bitmap Heap Scan on sbtest2  (cost=5.47..405.13 rows=101 width=125)
	  Recheck Cond: ((k >= 7392854) AND (k <= 7392954))
	  ->  Bitmap Index Scan on k_2  (cost=0.00..5.44 rows=101 width=0)
	        Index Cond: ((k >= 7392854) AND (k <= 7392954))

table 3 : explain SELECT k, c FROM sbtest3 WHERE k BETWEEN 7392854 AND 7392954
	Bitmap Heap Scan on sbtest3  (cost=5.38..369.67 rows=92 width=125)
	  Recheck Cond: ((k >= 7392854) AND (k <= 7392954))
	  ->  Bitmap Index Scan on k_3  (cost=0.00..5.35 rows=92 width=0)
	        Index Cond: ((k >= 7392854) AND (k <= 7392954))

table 4 : explain SELECT k, c FROM sbtest4 WHERE k BETWEEN 7392854 AND 7392954
	Bitmap Heap Scan on sbtest4  (cost=5.54..432.69 rows=108 width=125)
	  Recheck Cond: ((k >= 7392854) AND (k <= 7392954))
	  ->  Bitmap Index Scan on k_4  (cost=0.00..5.51 rows=108 width=0)
	        Index Cond: ((k >= 7392854) AND (k <= 7392954))

table 5 : explain SELECT k, c FROM sbtest5 WHERE k BETWEEN 7392854 AND 7392954
	Bitmap Heap Scan on sbtest5  (cost=5.45..397.25 rows=99 width=125)
	  Recheck Cond: ((k >= 7392854) AND (k <= 7392954))
	  ->  Bitmap Index Scan on k_5  (cost=0.00..5.42 rows=99 width=0)
	        Index Cond: ((k >= 7392854) AND (k <= 7392954))

table 6 : explain SELECT k, c FROM sbtest6 WHERE k BETWEEN 7392854 AND 7392954
	Bitmap Heap Scan on sbtest6  (cost=5.55..436.62 rows=109 width=125)
	  Recheck Cond: ((k >= 7392854) AND (k <= 7392954))
	  ->  Bitmap Index Scan on k_6  (cost=0.00..5.52 rows=109 width=0)
	        Index Cond: ((k >= 7392854) AND (k <= 7392954))

table 7 : explain SELECT k, c FROM sbtest7 WHERE k BETWEEN 7392854 AND 7392954
	Bitmap Heap Scan on sbtest7  (cost=5.51..420.88 rows=105 width=125)
	  Recheck Cond: ((k >= 7392854) AND (k <= 7392954))
	  ->  Bitmap Index Scan on k_7  (cost=0.00..5.48 rows=105 width=0)
	        Index Cond: ((k >= 7392854) AND (k <= 7392954))

table 8 : explain SELECT k, c FROM sbtest8 WHERE k BETWEEN 7392854 AND 7392954
	Bitmap Heap Scan on sbtest8  (cost=5.59..452.36 rows=113 width=125)
	  Recheck Cond: ((k >= 7392854) AND (k <= 7392954))
	  ->  Bitmap Index Scan on k_8  (cost=0.00..5.56 rows=113 width=0)
	        Index Cond: ((k >= 7392854) AND (k <= 7392954))

for range-notcovered
table 1 : explain SELECT k, c FROM sbtest1 WHERE k BETWEEN 6113201 AND 6113301
	Bitmap Heap Scan on sbtest1  (cost=5.47..405.13 rows=101 width=125)
	  Recheck Cond: ((k >= 6113201) AND (k <= 6113301))
	  ->  Bitmap Index Scan on k_1  (cost=0.00..5.44 rows=101 width=0)
	        Index Cond: ((k >= 6113201) AND (k <= 6113301))

table 2 : explain SELECT k, c FROM sbtest2 WHERE k BETWEEN 6113201 AND 6113301
	Bitmap Heap Scan on sbtest2  (cost=5.54..432.69 rows=108 width=125)
	  Recheck Cond: ((k >= 6113201) AND (k <= 6113301))
	  ->  Bitmap Index Scan on k_2  (cost=0.00..5.51 rows=108 width=0)
	        Index Cond: ((k >= 6113201) AND (k <= 6113301))

table 3 : explain SELECT k, c FROM sbtest3 WHERE k BETWEEN 6113201 AND 6113301
	Bitmap Heap Scan on sbtest3  (cost=5.46..401.19 rows=100 width=125)
	  Recheck Cond: ((k >= 6113201) AND (k <= 6113301))
	  ->  Bitmap Index Scan on k_3  (cost=0.00..5.43 rows=100 width=0)
	        Index Cond: ((k >= 6113201) AND (k <= 6113301))

table 4 : explain SELECT k, c FROM sbtest4 WHERE k BETWEEN 6113201 AND 6113301
	Bitmap Heap Scan on sbtest4  (cost=5.33..349.95 rows=87 width=125)
	  Recheck Cond: ((k >= 6113201) AND (k <= 6113301))
	  ->  Bitmap Index Scan on k_4  (cost=0.00..5.30 rows=87 width=0)
	        Index Cond: ((k >= 6113201) AND (k <= 6113301))

table 5 : explain SELECT k, c FROM sbtest5 WHERE k BETWEEN 6113201 AND 6113301
	Bitmap Heap Scan on sbtest5  (cost=5.46..401.19 rows=100 width=125)
	  Recheck Cond: ((k >= 6113201) AND (k <= 6113301))
	  ->  Bitmap Index Scan on k_5  (cost=0.00..5.43 rows=100 width=0)
	        Index Cond: ((k >= 6113201) AND (k <= 6113301))

table 6 : explain SELECT k, c FROM sbtest6 WHERE k BETWEEN 6113201 AND 6113301
	Bitmap Heap Scan on sbtest6  (cost=5.43..389.37 rows=97 width=125)
	  Recheck Cond: ((k >= 6113201) AND (k <= 6113301))
	  ->  Bitmap Index Scan on k_6  (cost=0.00..5.40 rows=97 width=0)
	        Index Cond: ((k >= 6113201) AND (k <= 6113301))

table 7 : explain SELECT k, c FROM sbtest7 WHERE k BETWEEN 6113201 AND 6113301
	Bitmap Heap Scan on sbtest7  (cost=5.42..385.43 rows=96 width=125)
	  Recheck Cond: ((k >= 6113201) AND (k <= 6113301))
	  ->  Bitmap Index Scan on k_7  (cost=0.00..5.39 rows=96 width=0)
	        Index Cond: ((k >= 6113201) AND (k <= 6113301))

table 8 : explain SELECT k, c FROM sbtest8 WHERE k BETWEEN 6113201 AND 6113301
	Bitmap Heap Scan on sbtest8  (cost=5.56..440.56 rows=110 width=125)
	  Recheck Cond: ((k >= 6113201) AND (k <= 6113301))
	  ->  Bitmap Index Scan on k_8  (cost=0.00..5.53 rows=110 width=0)
	        Index Cond: ((k >= 6113201) AND (k <= 6113301))

for range-notcovered
table 1 : explain SELECT k, c FROM sbtest1 WHERE k BETWEEN 3271761 AND 3271861
	Bitmap Heap Scan on sbtest1  (cost=5.53..428.75 rows=107 width=125)
	  Recheck Cond: ((k >= 3271761) AND (k <= 3271861))
	  ->  Bitmap Index Scan on k_1  (cost=0.00..5.50 rows=107 width=0)
	        Index Cond: ((k >= 3271761) AND (k <= 3271861))

table 2 : explain SELECT k, c FROM sbtest2 WHERE k BETWEEN 3271761 AND 3271861
	Bitmap Heap Scan on sbtest2  (cost=5.46..401.19 rows=100 width=125)
	  Recheck Cond: ((k >= 3271761) AND (k <= 3271861))
	  ->  Bitmap Index Scan on k_2  (cost=0.00..5.43 rows=100 width=0)
	        Index Cond: ((k >= 3271761) AND (k <= 3271861))

table 3 : explain SELECT k, c FROM sbtest3 WHERE k BETWEEN 3271761 AND 3271861
	Bitmap Heap Scan on sbtest3  (cost=5.50..416.94 rows=104 width=125)
	  Recheck Cond: ((k >= 3271761) AND (k <= 3271861))
	  ->  Bitmap Index Scan on k_3  (cost=0.00..5.47 rows=104 width=0)
	        Index Cond: ((k >= 3271761) AND (k <= 3271861))

table 4 : explain SELECT k, c FROM sbtest4 WHERE k BETWEEN 3271761 AND 3271861
	Bitmap Heap Scan on sbtest4  (cost=5.46..401.19 rows=100 width=125)
	  Recheck Cond: ((k >= 3271761) AND (k <= 3271861))
	  ->  Bitmap Index Scan on k_4  (cost=0.00..5.43 rows=100 width=0)
	        Index Cond: ((k >= 3271761) AND (k <= 3271861))

table 5 : explain SELECT k, c FROM sbtest5 WHERE k BETWEEN 3271761 AND 3271861
	Bitmap Heap Scan on sbtest5  (cost=5.57..444.49 rows=111 width=125)
	  Recheck Cond: ((k >= 3271761) AND (k <= 3271861))
	  ->  Bitmap Index Scan on k_5  (cost=0.00..5.54 rows=111 width=0)
	        Index Cond: ((k >= 3271761) AND (k <= 3271861))

table 6 : explain SELECT k, c FROM sbtest6 WHERE k BETWEEN 3271761 AND 3271861
	Bitmap Heap Scan on sbtest6  (cost=5.58..448.42 rows=112 width=125)
	  Recheck Cond: ((k >= 3271761) AND (k <= 3271861))
	  ->  Bitmap Index Scan on k_6  (cost=0.00..5.55 rows=112 width=0)
	        Index Cond: ((k >= 3271761) AND (k <= 3271861))

table 7 : explain SELECT k, c FROM sbtest7 WHERE k BETWEEN 3271761 AND 3271861
	Bitmap Heap Scan on sbtest7  (cost=5.49..413.00 rows=103 width=125)
	  Recheck Cond: ((k >= 3271761) AND (k <= 3271861))
	  ->  Bitmap Index Scan on k_7  (cost=0.00..5.46 rows=103 width=0)
	        Index Cond: ((k >= 3271761) AND (k <= 3271861))

table 8 : explain SELECT k, c FROM sbtest8 WHERE k BETWEEN 3271761 AND 3271861
	Bitmap Heap Scan on sbtest8  (cost=5.47..405.13 rows=101 width=125)
	  Recheck Cond: ((k >= 3271761) AND (k <= 3271861))
	  ->  Bitmap Index Scan on k_8  (cost=0.00..5.44 rows=101 width=0)
	        Index Cond: ((k >= 3271761) AND (k <= 3271861))

explain: for range-notcovered :: explain SELECT k, c FROM sbtest%d WHERE k BETWEEN 6024051 AND 6024151
for range-notcovered
table 1 : explain SELECT k, c FROM sbtest1 WHERE k BETWEEN 5267228 AND 5267328
	Bitmap Heap Scan on sbtest1  (cost=5.50..416.94 rows=104 width=125)
	  Recheck Cond: ((k >= 5267228) AND (k <= 5267328))
	  ->  Bitmap Index Scan on k_1  (cost=0.00..5.47 rows=104 width=0)
	        Index Cond: ((k >= 5267228) AND (k <= 5267328))

table 2 : explain SELECT k, c FROM sbtest2 WHERE k BETWEEN 5267228 AND 5267328
	Bitmap Heap Scan on sbtest2  (cost=5.47..405.13 rows=101 width=125)
	  Recheck Cond: ((k >= 5267228) AND (k <= 5267328))
	  ->  Bitmap Index Scan on k_2  (cost=0.00..5.44 rows=101 width=0)
	        Index Cond: ((k >= 5267228) AND (k <= 5267328))

table 3 : explain SELECT k, c FROM sbtest3 WHERE k BETWEEN 5267228 AND 5267328
	Bitmap Heap Scan on sbtest3  (cost=5.50..416.94 rows=104 width=125)
	  Recheck Cond: ((k >= 5267228) AND (k <= 5267328))
	  ->  Bitmap Index Scan on k_3  (cost=0.00..5.47 rows=104 width=0)
	        Index Cond: ((k >= 5267228) AND (k <= 5267328))

table 4 : explain SELECT k, c FROM sbtest4 WHERE k BETWEEN 5267228 AND 5267328
	Bitmap Heap Scan on sbtest4  (cost=5.64..472.02 rows=118 width=125)
	  Recheck Cond: ((k >= 5267228) AND (k <= 5267328))
	  ->  Bitmap Index Scan on k_4  (cost=0.00..5.61 rows=118 width=0)
	        Index Cond: ((k >= 5267228) AND (k <= 5267328))

table 5 : explain SELECT k, c FROM sbtest5 WHERE k BETWEEN 5267228 AND 5267328
	Bitmap Heap Scan on sbtest5  (cost=5.54..432.69 rows=108 width=125)
	  Recheck Cond: ((k >= 5267228) AND (k <= 5267328))
	  ->  Bitmap Index Scan on k_5  (cost=0.00..5.51 rows=108 width=0)
	        Index Cond: ((k >= 5267228) AND (k <= 5267328))

table 6 : explain SELECT k, c FROM sbtest6 WHERE k BETWEEN 5267228 AND 5267328
	Bitmap Heap Scan on sbtest6  (cost=5.46..401.19 rows=100 width=125)
	  Recheck Cond: ((k >= 5267228) AND (k <= 5267328))
	  ->  Bitmap Index Scan on k_6  (cost=0.00..5.43 rows=100 width=0)
	        Index Cond: ((k >= 5267228) AND (k <= 5267328))

table 7 : explain SELECT k, c FROM sbtest7 WHERE k BETWEEN 5267228 AND 5267328
	Bitmap Heap Scan on sbtest7  (cost=5.52..424.81 rows=106 width=125)
	  Recheck Cond: ((k >= 5267228) AND (k <= 5267328))
	  ->  Bitmap Index Scan on k_7  (cost=0.00..5.50 rows=106 width=0)
	        Index Cond: ((k >= 5267228) AND (k <= 5267328))

table 8 : explain SELECT k, c FROM sbtest8 WHERE k BETWEEN 5267228 AND 5267328
	Bitmap Heap Scan on sbtest8  (cost=5.41..381.49 rows=95 width=125)
	  Recheck Cond: ((k >= 5267228) AND (k <= 5267328))
	  ->  Bitmap Index Scan on k_8  (cost=0.00..5.38 rows=95 width=0)
	        Index Cond: ((k >= 5267228) AND (k <= 5267328))

for range-notcovered
table 1 : explain SELECT k, c FROM sbtest1 WHERE k BETWEEN 8496887 AND 8496987
	Bitmap Heap Scan on sbtest1  (cost=5.40..377.55 rows=94 width=125)
	  Recheck Cond: ((k >= 8496887) AND (k <= 8496987))
	  ->  Bitmap Index Scan on k_1  (cost=0.00..5.38 rows=94 width=0)
	        Index Cond: ((k >= 8496887) AND (k <= 8496987))

table 2 : explain SELECT k, c FROM sbtest2 WHERE k BETWEEN 8496887 AND 8496987
	Bitmap Heap Scan on sbtest2  (cost=5.52..424.81 rows=106 width=125)
	  Recheck Cond: ((k >= 8496887) AND (k <= 8496987))
	  ->  Bitmap Index Scan on k_2  (cost=0.00..5.50 rows=106 width=0)
	        Index Cond: ((k >= 8496887) AND (k <= 8496987))

table 3 : explain SELECT k, c FROM sbtest3 WHERE k BETWEEN 8496887 AND 8496987
	Bitmap Heap Scan on sbtest3  (cost=5.43..389.37 rows=97 width=125)
	  Recheck Cond: ((k >= 8496887) AND (k <= 8496987))
	  ->  Bitmap Index Scan on k_3  (cost=0.00..5.40 rows=97 width=0)
	        Index Cond: ((k >= 8496887) AND (k <= 8496987))

table 4 : explain SELECT k, c FROM sbtest4 WHERE k BETWEEN 8496887 AND 8496987
	Bitmap Heap Scan on sbtest4  (cost=5.45..397.25 rows=99 width=125)
	  Recheck Cond: ((k >= 8496887) AND (k <= 8496987))
	  ->  Bitmap Index Scan on k_4  (cost=0.00..5.42 rows=99 width=0)
	        Index Cond: ((k >= 8496887) AND (k <= 8496987))

table 5 : explain SELECT k, c FROM sbtest5 WHERE k BETWEEN 8496887 AND 8496987
	Bitmap Heap Scan on sbtest5  (cost=5.45..397.25 rows=99 width=125)
	  Recheck Cond: ((k >= 8496887) AND (k <= 8496987))
	  ->  Bitmap Index Scan on k_5  (cost=0.00..5.42 rows=99 width=0)
	        Index Cond: ((k >= 8496887) AND (k <= 8496987))

table 6 : explain SELECT k, c FROM sbtest6 WHERE k BETWEEN 8496887 AND 8496987
	Bitmap Heap Scan on sbtest6  (cost=5.46..401.19 rows=100 width=125)
	  Recheck Cond: ((k >= 8496887) AND (k <= 8496987))
	  ->  Bitmap Index Scan on k_6  (cost=0.00..5.43 rows=100 width=0)
	        Index Cond: ((k >= 8496887) AND (k <= 8496987))

table 7 : explain SELECT k, c FROM sbtest7 WHERE k BETWEEN 8496887 AND 8496987
	Bitmap Heap Scan on sbtest7  (cost=5.44..393.31 rows=98 width=125)
	  Recheck Cond: ((k >= 8496887) AND (k <= 8496987))
	  ->  Bitmap Index Scan on k_7  (cost=0.00..5.42 rows=98 width=0)
	        Index Cond: ((k >= 8496887) AND (k <= 8496987))

table 8 : explain SELECT k, c FROM sbtest8 WHERE k BETWEEN 8496887 AND 8496987
	Bitmap Heap Scan on sbtest8  (cost=5.49..413.00 rows=103 width=125)
	  Recheck Cond: ((k >= 8496887) AND (k <= 8496987))
	  ->  Bitmap Index Scan on k_8  (cost=0.00..5.46 rows=103 width=0)
	        Index Cond: ((k >= 8496887) AND (k <= 8496987))

for range-notcovered
table 1 : explain SELECT k, c FROM sbtest1 WHERE k BETWEEN 4468488 AND 4468588
	Bitmap Heap Scan on sbtest1  (cost=5.52..424.81 rows=106 width=125)
	  Recheck Cond: ((k >= 4468488) AND (k <= 4468588))
	  ->  Bitmap Index Scan on k_1  (cost=0.00..5.50 rows=106 width=0)
	        Index Cond: ((k >= 4468488) AND (k <= 4468588))

table 2 : explain SELECT k, c FROM sbtest2 WHERE k BETWEEN 4468488 AND 4468588
	Bitmap Heap Scan on sbtest2  (cost=5.55..436.62 rows=109 width=125)
	  Recheck Cond: ((k >= 4468488) AND (k <= 4468588))
	  ->  Bitmap Index Scan on k_2  (cost=0.00..5.52 rows=109 width=0)
	        Index Cond: ((k >= 4468488) AND (k <= 4468588))

table 3 : explain SELECT k, c FROM sbtest3 WHERE k BETWEEN 4468488 AND 4468588
	Bitmap Heap Scan on sbtest3  (cost=5.38..369.67 rows=92 width=125)
	  Recheck Cond: ((k >= 4468488) AND (k <= 4468588))
	  ->  Bitmap Index Scan on k_3  (cost=0.00..5.35 rows=92 width=0)
	        Index Cond: ((k >= 4468488) AND (k <= 4468588))

table 4 : explain SELECT k, c FROM sbtest4 WHERE k BETWEEN 4468488 AND 4468588
	Bitmap Heap Scan on sbtest4  (cost=5.37..365.72 rows=91 width=125)
	  Recheck Cond: ((k >= 4468488) AND (k <= 4468588))
	  ->  Bitmap Index Scan on k_4  (cost=0.00..5.34 rows=91 width=0)
	        Index Cond: ((k >= 4468488) AND (k <= 4468588))

table 5 : explain SELECT k, c FROM sbtest5 WHERE k BETWEEN 4468488 AND 4468588
	Bitmap Heap Scan on sbtest5  (cost=5.47..405.13 rows=101 width=125)
	  Recheck Cond: ((k >= 4468488) AND (k <= 4468588))
	  ->  Bitmap Index Scan on k_5  (cost=0.00..5.44 rows=101 width=0)
	        Index Cond: ((k >= 4468488) AND (k <= 4468588))

table 6 : explain SELECT k, c FROM sbtest6 WHERE k BETWEEN 4468488 AND 4468588
	Bitmap Heap Scan on sbtest6  (cost=5.48..409.07 rows=102 width=125)
	  Recheck Cond: ((k >= 4468488) AND (k <= 4468588))
	  ->  Bitmap Index Scan on k_6  (cost=0.00..5.45 rows=102 width=0)
	        Index Cond: ((k >= 4468488) AND (k <= 4468588))

table 7 : explain SELECT k, c FROM sbtest7 WHERE k BETWEEN 4468488 AND 4468588
	Bitmap Heap Scan on sbtest7  (cost=5.50..416.94 rows=104 width=125)
	  Recheck Cond: ((k >= 4468488) AND (k <= 4468588))
	  ->  Bitmap Index Scan on k_7  (cost=0.00..5.47 rows=104 width=0)
	        Index Cond: ((k >= 4468488) AND (k <= 4468588))

table 8 : explain SELECT k, c FROM sbtest8 WHERE k BETWEEN 4468488 AND 4468588
	Bitmap Heap Scan on sbtest8  (cost=5.60..456.29 rows=114 width=125)
	  Recheck Cond: ((k >= 4468488) AND (k <= 4468588))
	  ->  Bitmap Index Scan on k_8  (cost=0.00..5.58 rows=114 width=0)
	        Index Cond: ((k >= 4468488) AND (k <= 4468588))

explain: for range-notcovered :: explain SELECT k, c FROM sbtest%d WHERE k BETWEEN 8496887 AND 8496987
explain: for range-notcovered :: explain SELECT k, c FROM sbtest%d WHERE k BETWEEN 5267228 AND 5267328
explain: for range-notcovered :: explain SELECT k, c FROM sbtest%d WHERE k BETWEEN 4468488 AND 4468588
for range-notcovered
table 1 : explain SELECT k, c FROM sbtest1 WHERE k BETWEEN 7454061 AND 7454161
	Bitmap Heap Scan on sbtest1  (cost=5.45..397.25 rows=99 width=125)
	  Recheck Cond: ((k >= 7454061) AND (k <= 7454161))
	  ->  Bitmap Index Scan on k_1  (cost=0.00..5.42 rows=99 width=0)
	        Index Cond: ((k >= 7454061) AND (k <= 7454161))

table 2 : explain SELECT k, c FROM sbtest2 WHERE k BETWEEN 7454061 AND 7454161
	Bitmap Heap Scan on sbtest2  (cost=5.45..397.25 rows=99 width=125)
	  Recheck Cond: ((k >= 7454061) AND (k <= 7454161))
	  ->  Bitmap Index Scan on k_2  (cost=0.00..5.42 rows=99 width=0)
	        Index Cond: ((k >= 7454061) AND (k <= 7454161))

table 3 : explain SELECT k, c FROM sbtest3 WHERE k BETWEEN 7454061 AND 7454161
	Bitmap Heap Scan on sbtest3  (cost=5.45..397.25 rows=99 width=125)
	  Recheck Cond: ((k >= 7454061) AND (k <= 7454161))
	  ->  Bitmap Index Scan on k_3  (cost=0.00..5.42 rows=99 width=0)
	        Index Cond: ((k >= 7454061) AND (k <= 7454161))

table 4 : explain SELECT k, c FROM sbtest4 WHERE k BETWEEN 7454061 AND 7454161
	Bitmap Heap Scan on sbtest4  (cost=5.54..432.69 rows=108 width=125)
	  Recheck Cond: ((k >= 7454061) AND (k <= 7454161))
	  ->  Bitmap Index Scan on k_4  (cost=0.00..5.51 rows=108 width=0)
	        Index Cond: ((k >= 7454061) AND (k <= 7454161))

table 5 : explain SELECT k, c FROM sbtest5 WHERE k BETWEEN 7454061 AND 7454161
	Bitmap Heap Scan on sbtest5  (cost=5.39..373.61 rows=93 width=125)
	  Recheck Cond: ((k >= 7454061) AND (k <= 7454161))
	  ->  Bitmap Index Scan on k_5  (cost=0.00..5.36 rows=93 width=0)
	        Index Cond: ((k >= 7454061) AND (k <= 7454161))

table 6 : explain SELECT k, c FROM sbtest6 WHERE k BETWEEN 7454061 AND 7454161
	Bitmap Heap Scan on sbtest6  (cost=5.53..428.75 rows=107 width=125)
	  Recheck Cond: ((k >= 7454061) AND (k <= 7454161))
	  ->  Bitmap Index Scan on k_6  (cost=0.00..5.50 rows=107 width=0)
	        Index Cond: ((k >= 7454061) AND (k <= 7454161))

table 7 : explain SELECT k, c FROM sbtest7 WHERE k BETWEEN 7454061 AND 7454161
	Bitmap Heap Scan on sbtest7  (cost=5.51..420.88 rows=105 width=125)
	  Recheck Cond: ((k >= 7454061) AND (k <= 7454161))
	  ->  Bitmap Index Scan on k_7  (cost=0.00..5.48 rows=105 width=0)
	        Index Cond: ((k >= 7454061) AND (k <= 7454161))

table 8 : explain SELECT k, c FROM sbtest8 WHERE k BETWEEN 7454061 AND 7454161
	Bitmap Heap Scan on sbtest8  (cost=5.44..393.31 rows=98 width=125)
	  Recheck Cond: ((k >= 7454061) AND (k <= 7454161))
	  ->  Bitmap Index Scan on k_8  (cost=0.00..5.42 rows=98 width=0)
	        Index Cond: ((k >= 7454061) AND (k <= 7454161))

explain: for range-notcovered :: explain SELECT k, c FROM sbtest%d WHERE k BETWEEN 7454061 AND 7454161
explain: for range-notcovered :: explain SELECT k, c FROM sbtest%d WHERE k BETWEEN 4689980 AND 4690080
for range-notcovered
table 1 : explain SELECT k, c FROM sbtest1 WHERE k BETWEEN 7390708 AND 7390808
	Bitmap Heap Scan on sbtest1  (cost=5.48..409.07 rows=102 width=125)
	  Recheck Cond: ((k >= 7390708) AND (k <= 7390808))
	  ->  Bitmap Index Scan on k_1  (cost=0.00..5.45 rows=102 width=0)
	        Index Cond: ((k >= 7390708) AND (k <= 7390808))

table 2 : explain SELECT k, c FROM sbtest2 WHERE k BETWEEN 7390708 AND 7390808
	Bitmap Heap Scan on sbtest2  (cost=5.47..405.13 rows=101 width=125)
	  Recheck Cond: ((k >= 7390708) AND (k <= 7390808))
	  ->  Bitmap Index Scan on k_2  (cost=0.00..5.44 rows=101 width=0)
	        Index Cond: ((k >= 7390708) AND (k <= 7390808))

table 3 : explain SELECT k, c FROM sbtest3 WHERE k BETWEEN 7390708 AND 7390808
	Bitmap Heap Scan on sbtest3  (cost=5.38..369.67 rows=92 width=125)
	  Recheck Cond: ((k >= 7390708) AND (k <= 7390808))
	  ->  Bitmap Index Scan on k_3  (cost=0.00..5.35 rows=92 width=0)
	        Index Cond: ((k >= 7390708) AND (k <= 7390808))

table 4 : explain SELECT k, c FROM sbtest4 WHERE k BETWEEN 7390708 AND 7390808
	Bitmap Heap Scan on sbtest4  (cost=5.54..432.69 rows=108 width=125)
	  Recheck Cond: ((k >= 7390708) AND (k <= 7390808))
	  ->  Bitmap Index Scan on k_4  (cost=0.00..5.51 rows=108 width=0)
	        Index Cond: ((k >= 7390708) AND (k <= 7390808))

table 5 : explain SELECT k, c FROM sbtest5 WHERE k BETWEEN 7390708 AND 7390808
	Bitmap Heap Scan on sbtest5  (cost=5.45..397.25 rows=99 width=125)
	  Recheck Cond: ((k >= 7390708) AND (k <= 7390808))
	  ->  Bitmap Index Scan on k_5  (cost=0.00..5.42 rows=99 width=0)
	        Index Cond: ((k >= 7390708) AND (k <= 7390808))

table 6 : explain SELECT k, c FROM sbtest6 WHERE k BETWEEN 7390708 AND 7390808
	Bitmap Heap Scan on sbtest6  (cost=5.55..436.62 rows=109 width=125)
	  Recheck Cond: ((k >= 7390708) AND (k <= 7390808))
	  ->  Bitmap Index Scan on k_6  (cost=0.00..5.52 rows=109 width=0)
	        Index Cond: ((k >= 7390708) AND (k <= 7390808))

table 7 : explain SELECT k, c FROM sbtest7 WHERE k BETWEEN 7390708 AND 7390808
	Bitmap Heap Scan on sbtest7  (cost=5.51..420.88 rows=105 width=125)
	  Recheck Cond: ((k >= 7390708) AND (k <= 7390808))
	  ->  Bitmap Index Scan on k_7  (cost=0.00..5.48 rows=105 width=0)
	        Index Cond: ((k >= 7390708) AND (k <= 7390808))

table 8 : explain SELECT k, c FROM sbtest8 WHERE k BETWEEN 7390708 AND 7390808
	Bitmap Heap Scan on sbtest8  (cost=5.59..452.36 rows=113 width=125)
	  Recheck Cond: ((k >= 7390708) AND (k <= 7390808))
	  ->  Bitmap Index Scan on k_8  (cost=0.00..5.56 rows=113 width=0)
	        Index Cond: ((k >= 7390708) AND (k <= 7390808))

explain: for range-notcovered :: explain SELECT k, c FROM sbtest%d WHERE k BETWEEN 7390708 AND 7390808
for range-notcovered
table 1 : explain SELECT k, c FROM sbtest1 WHERE k BETWEEN 6024051 AND 6024151
	Bitmap Heap Scan on sbtest1  (cost=5.56..440.56 rows=110 width=125)
	  Recheck Cond: ((k >= 6024051) AND (k <= 6024151))
	  ->  Bitmap Index Scan on k_1  (cost=0.00..5.53 rows=110 width=0)
	        Index Cond: ((k >= 6024051) AND (k <= 6024151))

table 2 : explain SELECT k, c FROM sbtest2 WHERE k BETWEEN 6024051 AND 6024151
	Bitmap Heap Scan on sbtest2  (cost=5.63..468.09 rows=117 width=125)
	  Recheck Cond: ((k >= 6024051) AND (k <= 6024151))
	  ->  Bitmap Index Scan on k_2  (cost=0.00..5.60 rows=117 width=0)
	        Index Cond: ((k >= 6024051) AND (k <= 6024151))

table 3 : explain SELECT k, c FROM sbtest3 WHERE k BETWEEN 6024051 AND 6024151
	Bitmap Heap Scan on sbtest3  (cost=5.50..416.94 rows=104 width=125)
	  Recheck Cond: ((k >= 6024051) AND (k <= 6024151))
	  ->  Bitmap Index Scan on k_3  (cost=0.00..5.47 rows=104 width=0)
	        Index Cond: ((k >= 6024051) AND (k <= 6024151))

table 4 : explain SELECT k, c FROM sbtest4 WHERE k BETWEEN 6024051 AND 6024151
	Bitmap Heap Scan on sbtest4  (cost=5.51..420.88 rows=105 width=125)
	  Recheck Cond: ((k >= 6024051) AND (k <= 6024151))
	  ->  Bitmap Index Scan on k_4  (cost=0.00..5.48 rows=105 width=0)
	        Index Cond: ((k >= 6024051) AND (k <= 6024151))

table 5 : explain SELECT k, c FROM sbtest5 WHERE k BETWEEN 6024051 AND 6024151
	Bitmap Heap Scan on sbtest5  (cost=5.46..401.19 rows=100 width=125)
	  Recheck Cond: ((k >= 6024051) AND (k <= 6024151))
	  ->  Bitmap Index Scan on k_5  (cost=0.00..5.43 rows=100 width=0)
	        Index Cond: ((k >= 6024051) AND (k <= 6024151))

table 6 : explain SELECT k, c FROM sbtest6 WHERE k BETWEEN 6024051 AND 6024151
	Bitmap Heap Scan on sbtest6  (cost=5.68..483.81 rows=121 width=125)
	  Recheck Cond: ((k >= 6024051) AND (k <= 6024151))
	  ->  Bitmap Index Scan on k_6  (cost=0.00..5.64 rows=121 width=0)
	        Index Cond: ((k >= 6024051) AND (k <= 6024151))

table 7 : explain SELECT k, c FROM sbtest7 WHERE k BETWEEN 6024051 AND 6024151
	Bitmap Heap Scan on sbtest7  (cost=5.43..389.37 rows=97 width=125)
	  Recheck Cond: ((k >= 6024051) AND (k <= 6024151))
	  ->  Bitmap Index Scan on k_7  (cost=0.00..5.40 rows=97 width=0)
	        Index Cond: ((k >= 6024051) AND (k <= 6024151))

table 8 : explain SELECT k, c FROM sbtest8 WHERE k BETWEEN 6024051 AND 6024151
	Bitmap Heap Scan on sbtest8  (cost=5.41..381.49 rows=95 width=125)
	  Recheck Cond: ((k >= 6024051) AND (k <= 6024151))
	  ->  Bitmap Index Scan on k_8  (cost=0.00..5.38 rows=95 width=0)
	        Index Cond: ((k >= 6024051) AND (k <= 6024151))

explain: for range-notcovered :: explain SELECT k, c FROM sbtest%d WHERE k BETWEEN 6024051 AND 6024151
for range-notcovered
table 1 : explain SELECT k, c FROM sbtest1 WHERE k BETWEEN 4468488 AND 4468588
	Bitmap Heap Scan on sbtest1  (cost=5.52..424.81 rows=106 width=125)
	  Recheck Cond: ((k >= 4468488) AND (k <= 4468588))
	  ->  Bitmap Index Scan on k_1  (cost=0.00..5.50 rows=106 width=0)
	        Index Cond: ((k >= 4468488) AND (k <= 4468588))

table 2 : explain SELECT k, c FROM sbtest2 WHERE k BETWEEN 4468488 AND 4468588
	Bitmap Heap Scan on sbtest2  (cost=5.55..436.62 rows=109 width=125)
	  Recheck Cond: ((k >= 4468488) AND (k <= 4468588))
	  ->  Bitmap Index Scan on k_2  (cost=0.00..5.52 rows=109 width=0)
	        Index Cond: ((k >= 4468488) AND (k <= 4468588))

table 3 : explain SELECT k, c FROM sbtest3 WHERE k BETWEEN 4468488 AND 4468588
	Bitmap Heap Scan on sbtest3  (cost=5.38..369.67 rows=92 width=125)
	  Recheck Cond: ((k >= 4468488) AND (k <= 4468588))
	  ->  Bitmap Index Scan on k_3  (cost=0.00..5.35 rows=92 width=0)
	        Index Cond: ((k >= 4468488) AND (k <= 4468588))

table 4 : explain SELECT k, c FROM sbtest4 WHERE k BETWEEN 4468488 AND 4468588
	Bitmap Heap Scan on sbtest4  (cost=5.37..365.72 rows=91 width=125)
	  Recheck Cond: ((k >= 4468488) AND (k <= 4468588))
	  ->  Bitmap Index Scan on k_4  (cost=0.00..5.34 rows=91 width=0)
	        Index Cond: ((k >= 4468488) AND (k <= 4468588))

table 5 : explain SELECT k, c FROM sbtest5 WHERE k BETWEEN 4468488 AND 4468588
	Bitmap Heap Scan on sbtest5  (cost=5.47..405.13 rows=101 width=125)
	  Recheck Cond: ((k >= 4468488) AND (k <= 4468588))
	  ->  Bitmap Index Scan on k_5  (cost=0.00..5.44 rows=101 width=0)
	        Index Cond: ((k >= 4468488) AND (k <= 4468588))

table 6 : explain SELECT k, c FROM sbtest6 WHERE k BETWEEN 4468488 AND 4468588
	Bitmap Heap Scan on sbtest6  (cost=5.48..409.07 rows=102 width=125)
	  Recheck Cond: ((k >= 4468488) AND (k <= 4468588))
	  ->  Bitmap Index Scan on k_6  (cost=0.00..5.45 rows=102 width=0)
	        Index Cond: ((k >= 4468488) AND (k <= 4468588))

table 7 : explain SELECT k, c FROM sbtest7 WHERE k BETWEEN 4468488 AND 4468588
	Bitmap Heap Scan on sbtest7  (cost=5.50..416.94 rows=104 width=125)
	  Recheck Cond: ((k >= 4468488) AND (k <= 4468588))
	  ->  Bitmap Index Scan on k_7  (cost=0.00..5.47 rows=104 width=0)
	        Index Cond: ((k >= 4468488) AND (k <= 4468588))

table 8 : explain SELECT k, c FROM sbtest8 WHERE k BETWEEN 4468488 AND 4468588
	Bitmap Heap Scan on sbtest8  (cost=5.60..456.29 rows=114 width=125)
	  Recheck Cond: ((k >= 4468488) AND (k <= 4468588))
	  ->  Bitmap Index Scan on k_8  (cost=0.00..5.58 rows=114 width=0)
	        Index Cond: ((k >= 4468488) AND (k <= 4468588))
for range-notcovered
table 1 : explain SELECT k, c FROM sbtest1 WHERE k BETWEEN 6905786 AND 6905886
	Bitmap Heap Scan on sbtest1  (cost=5.47..405.13 rows=101 width=125)
	  Recheck Cond: ((k >= 6905786) AND (k <= 6905886))
	  ->  Bitmap Index Scan on k_1  (cost=0.00..5.44 rows=101 width=0)
	        Index Cond: ((k >= 6905786) AND (k <= 6905886))

table 2 : explain SELECT k, c FROM sbtest2 WHERE k BETWEEN 6905786 AND 6905886
	Bitmap Heap Scan on sbtest2  (cost=5.42..385.43 rows=96 width=125)
	  Recheck Cond: ((k >= 6905786) AND (k <= 6905886))
	  ->  Bitmap Index Scan on k_2  (cost=0.00..5.39 rows=96 width=0)
	        Index Cond: ((k >= 6905786) AND (k <= 6905886))

table 3 : explain SELECT k, c FROM sbtest3 WHERE k BETWEEN 6905786 AND 6905886
	Bitmap Heap Scan on sbtest3  (cost=5.45..397.25 rows=99 width=125)
	  Recheck Cond: ((k >= 6905786) AND (k <= 6905886))
	  ->  Bitmap Index Scan on k_3  (cost=0.00..5.42 rows=99 width=0)
	        Index Cond: ((k >= 6905786) AND (k <= 6905886))

table 4 : explain SELECT k, c FROM sbtest4 WHERE k BETWEEN 6905786 AND 6905886
	Bitmap Heap Scan on sbtest4  (cost=5.51..420.88 rows=105 width=125)
	  Recheck Cond: ((k >= 6905786) AND (k <= 6905886))
	  ->  Bitmap Index Scan on k_4  (cost=0.00..5.48 rows=105 width=0)
	        Index Cond: ((k >= 6905786) AND (k <= 6905886))

table 5 : explain SELECT k, c FROM sbtest5 WHERE k BETWEEN 6905786 AND 6905886
	Bitmap Heap Scan on sbtest5  (cost=5.46..401.19 rows=100 width=125)
	  Recheck Cond: ((k >= 6905786) AND (k <= 6905886))
	  ->  Bitmap Index Scan on k_5  (cost=0.00..5.43 rows=100 width=0)
	        Index Cond: ((k >= 6905786) AND (k <= 6905886))

table 6 : explain SELECT k, c FROM sbtest6 WHERE k BETWEEN 6905786 AND 6905886
	Bitmap Heap Scan on sbtest6  (cost=5.51..420.88 rows=105 width=125)
	  Recheck Cond: ((k >= 6905786) AND (k <= 6905886))
	  ->  Bitmap Index Scan on k_6  (cost=0.00..5.48 rows=105 width=0)
	        Index Cond: ((k >= 6905786) AND (k <= 6905886))

table 7 : explain SELECT k, c FROM sbtest7 WHERE k BETWEEN 6905786 AND 6905886
	Bitmap Heap Scan on sbtest7  (cost=5.56..440.56 rows=110 width=125)
	  Recheck Cond: ((k >= 6905786) AND (k <= 6905886))
	  ->  Bitmap Index Scan on k_7  (cost=0.00..5.53 rows=110 width=0)
	        Index Cond: ((k >= 6905786) AND (k <= 6905886))

table 8 : explain SELECT k, c FROM sbtest8 WHERE k BETWEEN 6905786 AND 6905886
	Bitmap Heap Scan on sbtest8  (cost=5.44..393.31 rows=98 width=125)
	  Recheck Cond: ((k >= 6905786) AND (k <= 6905886))
	  ->  Bitmap Index Scan on k_8  (cost=0.00..5.42 rows=98 width=0)
	        Index Cond: ((k >= 6905786) AND (k <= 6905886))


explain: for range-notcovered :: explain SELECT k, c FROM sbtest%d WHERE k BETWEEN 4468488 AND 4468588
for range-notcovered
table 1 : explain SELECT k, c FROM sbtest1 WHERE k BETWEEN 5267228 AND 5267328
	Bitmap Heap Scan on sbtest1  (cost=5.50..416.94 rows=104 width=125)
	  Recheck Cond: ((k >= 5267228) AND (k <= 5267328))
	  ->  Bitmap Index Scan on k_1  (cost=0.00..5.47 rows=104 width=0)
	        Index Cond: ((k >= 5267228) AND (k <= 5267328))

table 2 : explain SELECT k, c FROM sbtest2 WHERE k BETWEEN 5267228 AND 5267328
	Bitmap Heap Scan on sbtest2  (cost=5.47..405.13 rows=101 width=125)
	  Recheck Cond: ((k >= 5267228) AND (k <= 5267328))
	  ->  Bitmap Index Scan on k_2  (cost=0.00..5.44 rows=101 width=0)
	        Index Cond: ((k >= 5267228) AND (k <= 5267328))

table 3 : explain SELECT k, c FROM sbtest3 WHERE k BETWEEN 5267228 AND 5267328
	Bitmap Heap Scan on sbtest3  (cost=5.50..416.94 rows=104 width=125)
	  Recheck Cond: ((k >= 5267228) AND (k <= 5267328))
	  ->  Bitmap Index Scan on k_3  (cost=0.00..5.47 rows=104 width=0)
	        Index Cond: ((k >= 5267228) AND (k <= 5267328))

table 4 : explain SELECT k, c FROM sbtest4 WHERE k BETWEEN 5267228 AND 5267328
	Bitmap Heap Scan on sbtest4  (cost=5.64..472.02 rows=118 width=125)
	  Recheck Cond: ((k >= 5267228) AND (k <= 5267328))
	  ->  Bitmap Index Scan on k_4  (cost=0.00..5.61 rows=118 width=0)
	        Index Cond: ((k >= 5267228) AND (k <= 5267328))

table 5 : explain SELECT k, c FROM sbtest5 WHERE k BETWEEN 5267228 AND 5267328
	Bitmap Heap Scan on sbtest5  (cost=5.54..432.69 rows=108 width=125)
	  Recheck Cond: ((k >= 5267228) AND (k <= 5267328))
	  ->  Bitmap Index Scan on k_5  (cost=0.00..5.51 rows=108 width=0)
	        Index Cond: ((k >= 5267228) AND (k <= 5267328))

table 6 : explain SELECT k, c FROM sbtest6 WHERE k BETWEEN 5267228 AND 5267328
	Bitmap Heap Scan on sbtest6  (cost=5.46..401.19 rows=100 width=125)
	  Recheck Cond: ((k >= 5267228) AND (k <= 5267328))
	  ->  Bitmap Index Scan on k_6  (cost=0.00..5.43 rows=100 width=0)
	        Index Cond: ((k >= 5267228) AND (k <= 5267328))

table 7 : explain SELECT k, c FROM sbtest7 WHERE k BETWEEN 5267228 AND 5267328
	Bitmap Heap Scan on sbtest7  (cost=5.52..424.81 rows=106 width=125)
	  Recheck Cond: ((k >= 5267228) AND (k <= 5267328))
	  ->  Bitmap Index Scan on k_7  (cost=0.00..5.50 rows=106 width=0)
	        Index Cond: ((k >= 5267228) AND (k <= 5267328))

table 8 : explain SELECT k, c FROM sbtest8 WHERE k BETWEEN 5267228 AND 5267328
	Bitmap Heap Scan on sbtest8  (cost=5.41..381.49 rows=95 width=125)
	  Recheck Cond: ((k >= 5267228) AND (k <= 5267328))
	  ->  Bitmap Index Scan on k_8  (cost=0.00..5.38 rows=95 width=0)
	        Index Cond: ((k >= 5267228) AND (k <= 5267328))

for range-notcovered
table 1 : explain SELECT k, c FROM sbtest1 WHERE k BETWEEN 7454061 AND 7454161
	Bitmap Heap Scan on sbtest1  (cost=5.45..397.25 rows=99 width=125)
	  Recheck Cond: ((k >= 7454061) AND (k <= 7454161))
	  ->  Bitmap Index Scan on k_1  (cost=0.00..5.42 rows=99 width=0)
	        Index Cond: ((k >= 7454061) AND (k <= 7454161))

table 2 : explain SELECT k, c FROM sbtest2 WHERE k BETWEEN 7454061 AND 7454161
	Bitmap Heap Scan on sbtest2  (cost=5.45..397.25 rows=99 width=125)
	  Recheck Cond: ((k >= 7454061) AND (k <= 7454161))
	  ->  Bitmap Index Scan on k_2  (cost=0.00..5.42 rows=99 width=0)
	        Index Cond: ((k >= 7454061) AND (k <= 7454161))

table 3 : explain SELECT k, c FROM sbtest3 WHERE k BETWEEN 7454061 AND 7454161
	Bitmap Heap Scan on sbtest3  (cost=5.45..397.25 rows=99 width=125)
	  Recheck Cond: ((k >= 7454061) AND (k <= 7454161))
	  ->  Bitmap Index Scan on k_3  (cost=0.00..5.42 rows=99 width=0)
	        Index Cond: ((k >= 7454061) AND (k <= 7454161))

table 4 : explain SELECT k, c FROM sbtest4 WHERE k BETWEEN 7454061 AND 7454161
	Bitmap Heap Scan on sbtest4  (cost=5.54..432.69 rows=108 width=125)
	  Recheck Cond: ((k >= 7454061) AND (k <= 7454161))
	  ->  Bitmap Index Scan on k_4  (cost=0.00..5.51 rows=108 width=0)
	        Index Cond: ((k >= 7454061) AND (k <= 7454161))

table 5 : explain SELECT k, c FROM sbtest5 WHERE k BETWEEN 7454061 AND 7454161
	Bitmap Heap Scan on sbtest5  (cost=5.39..373.61 rows=93 width=125)
	  Recheck Cond: ((k >= 7454061) AND (k <= 7454161))
	  ->  Bitmap Index Scan on k_5  (cost=0.00..5.36 rows=93 width=0)
	        Index Cond: ((k >= 7454061) AND (k <= 7454161))

table 6 : explain SELECT k, c FROM sbtest6 WHERE k BETWEEN 7454061 AND 7454161
	Bitmap Heap Scan on sbtest6  (cost=5.53..428.75 rows=107 width=125)
	  Recheck Cond: ((k >= 7454061) AND (k <= 7454161))
	  ->  Bitmap Index Scan on k_6  (cost=0.00..5.50 rows=107 width=0)
	        Index Cond: ((k >= 7454061) AND (k <= 7454161))

table 7 : explain SELECT k, c FROM sbtest7 WHERE k BETWEEN 7454061 AND 7454161
	Bitmap Heap Scan on sbtest7  (cost=5.51..420.88 rows=105 width=125)
	  Recheck Cond: ((k >= 7454061) AND (k <= 7454161))
	  ->  Bitmap Index Scan on k_7  (cost=0.00..5.48 rows=105 width=0)
	        Index Cond: ((k >= 7454061) AND (k <= 7454161))

table 8 : explain SELECT k, c FROM sbtest8 WHERE k BETWEEN 7454061 AND 7454161
	Bitmap Heap Scan on sbtest8  (cost=5.44..393.31 rows=98 width=125)
	  Recheck Cond: ((k >= 7454061) AND (k <= 7454161))
	  ->  Bitmap Index Scan on k_8  (cost=0.00..5.42 rows=98 width=0)
	        Index Cond: ((k >= 7454061) AND (k <= 7454161))

explain: for range-notcovered :: explain SELECT k, c FROM sbtest%d WHERE k BETWEEN 7454061 AND 7454161
explain: for range-notcovered :: explain SELECT k, c FROM sbtest%d WHERE k BETWEEN 5267228 AND 5267328
for range-notcovered
table 1 : explain SELECT k, c FROM sbtest1 WHERE k BETWEEN 7390708 AND 7390808
	Bitmap Heap Scan on sbtest1  (cost=5.48..409.07 rows=102 width=125)
	  Recheck Cond: ((k >= 7390708) AND (k <= 7390808))
	  ->  Bitmap Index Scan on k_1  (cost=0.00..5.45 rows=102 width=0)
	        Index Cond: ((k >= 7390708) AND (k <= 7390808))

table 2 : explain SELECT k, c FROM sbtest2 WHERE k BETWEEN 7390708 AND 7390808
	Bitmap Heap Scan on sbtest2  (cost=5.47..405.13 rows=101 width=125)
	  Recheck Cond: ((k >= 7390708) AND (k <= 7390808))
	  ->  Bitmap Index Scan on k_2  (cost=0.00..5.44 rows=101 width=0)
	        Index Cond: ((k >= 7390708) AND (k <= 7390808))

table 3 : explain SELECT k, c FROM sbtest3 WHERE k BETWEEN 7390708 AND 7390808
	Bitmap Heap Scan on sbtest3  (cost=5.38..369.67 rows=92 width=125)
	  Recheck Cond: ((k >= 7390708) AND (k <= 7390808))
	  ->  Bitmap Index Scan on k_3  (cost=0.00..5.35 rows=92 width=0)
	        Index Cond: ((k >= 7390708) AND (k <= 7390808))

table 4 : explain SELECT k, c FROM sbtest4 WHERE k BETWEEN 7390708 AND 7390808
	Bitmap Heap Scan on sbtest4  (cost=5.54..432.69 rows=108 width=125)
	  Recheck Cond: ((k >= 7390708) AND (k <= 7390808))
	  ->  Bitmap Index Scan on k_4  (cost=0.00..5.51 rows=108 width=0)
	        Index Cond: ((k >= 7390708) AND (k <= 7390808))

table 5 : explain SELECT k, c FROM sbtest5 WHERE k BETWEEN 7390708 AND 7390808
	Bitmap Heap Scan on sbtest5  (cost=5.45..397.25 rows=99 width=125)
	  Recheck Cond: ((k >= 7390708) AND (k <= 7390808))
	  ->  Bitmap Index Scan on k_5  (cost=0.00..5.42 rows=99 width=0)
	        Index Cond: ((k >= 7390708) AND (k <= 7390808))

table 6 : explain SELECT k, c FROM sbtest6 WHERE k BETWEEN 7390708 AND 7390808
	Bitmap Heap Scan on sbtest6  (cost=5.55..436.62 rows=109 width=125)
	  Recheck Cond: ((k >= 7390708) AND (k <= 7390808))
	  ->  Bitmap Index Scan on k_6  (cost=0.00..5.52 rows=109 width=0)
	        Index Cond: ((k >= 7390708) AND (k <= 7390808))

table 7 : explain SELECT k, c FROM sbtest7 WHERE k BETWEEN 7390708 AND 7390808
	Bitmap Heap Scan on sbtest7  (cost=5.51..420.88 rows=105 width=125)
	  Recheck Cond: ((k >= 7390708) AND (k <= 7390808))
	  ->  Bitmap Index Scan on k_7  (cost=0.00..5.48 rows=105 width=0)
	        Index Cond: ((k >= 7390708) AND (k <= 7390808))

table 8 : explain SELECT k, c FROM sbtest8 WHERE k BETWEEN 7390708 AND 7390808
	Bitmap Heap Scan on sbtest8  (cost=5.59..452.36 rows=113 width=125)
	  Recheck Cond: ((k >= 7390708) AND (k <= 7390808))
	  ->  Bitmap Index Scan on k_8  (cost=0.00..5.56 rows=113 width=0)
	        Index Cond: ((k >= 7390708) AND (k <= 7390808))

explain: for range-notcovered :: explain SELECT k, c FROM sbtest%d WHERE k BETWEEN 7390708 AND 7390808
explain: for range-notcovered :: explain SELECT k, c FROM sbtest%d WHERE k BETWEEN 6648890 AND 6648990
for range-notcovered
table 1 : explain SELECT k, c FROM sbtest1 WHERE k BETWEEN 8496887 AND 8496987
	Bitmap Heap Scan on sbtest1  (cost=5.40..377.55 rows=94 width=125)
	  Recheck Cond: ((k >= 8496887) AND (k <= 8496987))
	  ->  Bitmap Index Scan on k_1  (cost=0.00..5.38 rows=94 width=0)
	        Index Cond: ((k >= 8496887) AND (k <= 8496987))

table 2 : explain SELECT k, c FROM sbtest2 WHERE k BETWEEN 8496887 AND 8496987
	Bitmap Heap Scan on sbtest2  (cost=5.52..424.81 rows=106 width=125)
	  Recheck Cond: ((k >= 8496887) AND (k <= 8496987))
	  ->  Bitmap Index Scan on k_2  (cost=0.00..5.50 rows=106 width=0)
	        Index Cond: ((k >= 8496887) AND (k <= 8496987))

table 3 : explain SELECT k, c FROM sbtest3 WHERE k BETWEEN 8496887 AND 8496987
	Bitmap Heap Scan on sbtest3  (cost=5.43..389.37 rows=97 width=125)
	  Recheck Cond: ((k >= 8496887) AND (k <= 8496987))
	  ->  Bitmap Index Scan on k_3  (cost=0.00..5.40 rows=97 width=0)
	        Index Cond: ((k >= 8496887) AND (k <= 8496987))

table 4 : explain SELECT k, c FROM sbtest4 WHERE k BETWEEN 8496887 AND 8496987
	Bitmap Heap Scan on sbtest4  (cost=5.45..397.25 rows=99 width=125)
	  Recheck Cond: ((k >= 8496887) AND (k <= 8496987))
	  ->  Bitmap Index Scan on k_4  (cost=0.00..5.42 rows=99 width=0)
	        Index Cond: ((k >= 8496887) AND (k <= 8496987))

table 5 : explain SELECT k, c FROM sbtest5 WHERE k BETWEEN 8496887 AND 8496987
	Bitmap Heap Scan on sbtest5  (cost=5.45..397.25 rows=99 width=125)
	  Recheck Cond: ((k >= 8496887) AND (k <= 8496987))
	  ->  Bitmap Index Scan on k_5  (cost=0.00..5.42 rows=99 width=0)
	        Index Cond: ((k >= 8496887) AND (k <= 8496987))

table 6 : explain SELECT k, c FROM sbtest6 WHERE k BETWEEN 8496887 AND 8496987
	Bitmap Heap Scan on sbtest6  (cost=5.46..401.19 rows=100 width=125)
	  Recheck Cond: ((k >= 8496887) AND (k <= 8496987))
	  ->  Bitmap Index Scan on k_6  (cost=0.00..5.43 rows=100 width=0)
	        Index Cond: ((k >= 8496887) AND (k <= 8496987))

table 7 : explain SELECT k, c FROM sbtest7 WHERE k BETWEEN 8496887 AND 8496987
	Bitmap Heap Scan on sbtest7  (cost=5.44..393.31 rows=98 width=125)
	  Recheck Cond: ((k >= 8496887) AND (k <= 8496987))
	  ->  Bitmap Index Scan on k_7  (cost=0.00..5.42 rows=98 width=0)
	        Index Cond: ((k >= 8496887) AND (k <= 8496987))

table 8 : explain SELECT k, c FROM sbtest8 WHERE k BETWEEN 8496887 AND 8496987
	Bitmap Heap Scan on sbtest8  (cost=5.49..413.00 rows=103 width=125)
	  Recheck Cond: ((k >= 8496887) AND (k <= 8496987))
	  ->  Bitmap Index Scan on k_8  (cost=0.00..5.46 rows=103 width=0)
	        Index Cond: ((k >= 8496887) AND (k <= 8496987))

for range-notcovered
table 1 : explain SELECT k, c FROM sbtest1 WHERE k BETWEEN 6024051 AND 6024151
	Bitmap Heap Scan on sbtest1  (cost=5.56..440.56 rows=110 width=125)
	  Recheck Cond: ((k >= 6024051) AND (k <= 6024151))
	  ->  Bitmap Index Scan on k_1  (cost=0.00..5.53 rows=110 width=0)
	        Index Cond: ((k >= 6024051) AND (k <= 6024151))

table 2 : explain SELECT k, c FROM sbtest2 WHERE k BETWEEN 6024051 AND 6024151
	Bitmap Heap Scan on sbtest2  (cost=5.63..468.09 rows=117 width=125)
	  Recheck Cond: ((k >= 6024051) AND (k <= 6024151))
	  ->  Bitmap Index Scan on k_2  (cost=0.00..5.60 rows=117 width=0)
	        Index Cond: ((k >= 6024051) AND (k <= 6024151))

table 3 : explain SELECT k, c FROM sbtest3 WHERE k BETWEEN 6024051 AND 6024151
	Bitmap Heap Scan on sbtest3  (cost=5.50..416.94 rows=104 width=125)
	  Recheck Cond: ((k >= 6024051) AND (k <= 6024151))
	  ->  Bitmap Index Scan on k_3  (cost=0.00..5.47 rows=104 width=0)
	        Index Cond: ((k >= 6024051) AND (k <= 6024151))

table 4 : explain SELECT k, c FROM sbtest4 WHERE k BETWEEN 6024051 AND 6024151
	Bitmap Heap Scan on sbtest4  (cost=5.51..420.88 rows=105 width=125)
	  Recheck Cond: ((k >= 6024051) AND (k <= 6024151))
	  ->  Bitmap Index Scan on k_4  (cost=0.00..5.48 rows=105 width=0)
	        Index Cond: ((k >= 6024051) AND (k <= 6024151))

table 5 : explain SELECT k, c FROM sbtest5 WHERE k BETWEEN 6024051 AND 6024151
	Bitmap Heap Scan on sbtest5  (cost=5.46..401.19 rows=100 width=125)
	  Recheck Cond: ((k >= 6024051) AND (k <= 6024151))
	  ->  Bitmap Index Scan on k_5  (cost=0.00..5.43 rows=100 width=0)
	        Index Cond: ((k >= 6024051) AND (k <= 6024151))

table 6 : explain SELECT k, c FROM sbtest6 WHERE k BETWEEN 6024051 AND 6024151
	Bitmap Heap Scan on sbtest6  (cost=5.68..483.81 rows=121 width=125)
	  Recheck Cond: ((k >= 6024051) AND (k <= 6024151))
	  ->  Bitmap Index Scan on k_6  (cost=0.00..5.64 rows=121 width=0)
	        Index Cond: ((k >= 6024051) AND (k <= 6024151))

table 7 : explain SELECT k, c FROM sbtest7 WHERE k BETWEEN 6024051 AND 6024151
	Bitmap Heap Scan on sbtest7  (cost=5.43..389.37 rows=97 width=125)
	  Recheck Cond: ((k >= 6024051) AND (k <= 6024151))
	  ->  Bitmap Index Scan on k_7  (cost=0.00..5.40 rows=97 width=0)
	        Index Cond: ((k >= 6024051) AND (k <= 6024151))

table 8 : explain SELECT k, c FROM sbtest8 WHERE k BETWEEN 6024051 AND 6024151
	Bitmap Heap Scan on sbtest8  (cost=5.41..381.49 rows=95 width=125)
	  Recheck Cond: ((k >= 6024051) AND (k <= 6024151))
	  ->  Bitmap Index Scan on k_8  (cost=0.00..5.38 rows=95 width=0)
	        Index Cond: ((k >= 6024051) AND (k <= 6024151))

explain: for range-notcovered :: explain SELECT k, c FROM sbtest%d WHERE k BETWEEN 6024051 AND 6024151
for range-notcovered
table 1 : explain SELECT k, c FROM sbtest1 WHERE k BETWEEN 4468488 AND 4468588
	Bitmap Heap Scan on sbtest1  (cost=5.52..424.81 rows=106 width=125)
	  Recheck Cond: ((k >= 4468488) AND (k <= 4468588))
	  ->  Bitmap Index Scan on k_1  (cost=0.00..5.50 rows=106 width=0)
	        Index Cond: ((k >= 4468488) AND (k <= 4468588))

table 2 : explain SELECT k, c FROM sbtest2 WHERE k BETWEEN 4468488 AND 4468588
	Bitmap Heap Scan on sbtest2  (cost=5.55..436.62 rows=109 width=125)
	  Recheck Cond: ((k >= 4468488) AND (k <= 4468588))
	  ->  Bitmap Index Scan on k_2  (cost=0.00..5.52 rows=109 width=0)
	        Index Cond: ((k >= 4468488) AND (k <= 4468588))

table 3 : explain SELECT k, c FROM sbtest3 WHERE k BETWEEN 4468488 AND 4468588
	Bitmap Heap Scan on sbtest3  (cost=5.38..369.67 rows=92 width=125)
	  Recheck Cond: ((k >= 4468488) AND (k <= 4468588))
	  ->  Bitmap Index Scan on k_3  (cost=0.00..5.35 rows=92 width=0)
	        Index Cond: ((k >= 4468488) AND (k <= 4468588))

table 4 : explain SELECT k, c FROM sbtest4 WHERE k BETWEEN 4468488 AND 4468588
	Bitmap Heap Scan on sbtest4  (cost=5.37..365.72 rows=91 width=125)
	  Recheck Cond: ((k >= 4468488) AND (k <= 4468588))
	  ->  Bitmap Index Scan on k_4  (cost=0.00..5.34 rows=91 width=0)
	        Index Cond: ((k >= 4468488) AND (k <= 4468588))

table 5 : explain SELECT k, c FROM sbtest5 WHERE k BETWEEN 4468488 AND 4468588
	Bitmap Heap Scan on sbtest5  (cost=5.47..405.13 rows=101 width=125)
	  Recheck Cond: ((k >= 4468488) AND (k <= 4468588))
	  ->  Bitmap Index Scan on k_5  (cost=0.00..5.44 rows=101 width=0)
	        Index Cond: ((k >= 4468488) AND (k <= 4468588))

table 6 : explain SELECT k, c FROM sbtest6 WHERE k BETWEEN 4468488 AND 4468588
	Bitmap Heap Scan on sbtest6  (cost=5.48..409.07 rows=102 width=125)
	  Recheck Cond: ((k >= 4468488) AND (k <= 4468588))
	  ->  Bitmap Index Scan on k_6  (cost=0.00..5.45 rows=102 width=0)
	        Index Cond: ((k >= 4468488) AND (k <= 4468588))

table 7 : explain SELECT k, c FROM sbtest7 WHERE k BETWEEN 4468488 AND 4468588
	Bitmap Heap Scan on sbtest7  (cost=5.50..416.94 rows=104 width=125)
	  Recheck Cond: ((k >= 4468488) AND (k <= 4468588))
	  ->  Bitmap Index Scan on k_7  (cost=0.00..5.47 rows=104 width=0)
	        Index Cond: ((k >= 4468488) AND (k <= 4468588))

table 8 : explain SELECT k, c FROM sbtest8 WHERE k BETWEEN 4468488 AND 4468588
	Bitmap Heap Scan on sbtest8  (cost=5.60..456.29 rows=114 width=125)
	  Recheck Cond: ((k >= 4468488) AND (k <= 4468588))
	  ->  Bitmap Index Scan on k_8  (cost=0.00..5.58 rows=114 width=0)
	        Index Cond: ((k >= 4468488) AND (k <= 4468588))

explain: for range-notcovered :: explain SELECT k, c FROM sbtest%d WHERE k BETWEEN 4468488 AND 4468588
explain: for range-notcovered :: explain SELECT k, c FROM sbtest%d WHERE k BETWEEN 8496887 AND 8496987
for range-notcovered
table 1 : explain SELECT k, c FROM sbtest1 WHERE k BETWEEN 7454061 AND 7454161
	Bitmap Heap Scan on sbtest1  (cost=5.45..397.25 rows=99 width=125)
	  Recheck Cond: ((k >= 7454061) AND (k <= 7454161))
	  ->  Bitmap Index Scan on k_1  (cost=0.00..5.42 rows=99 width=0)
	        Index Cond: ((k >= 7454061) AND (k <= 7454161))

table 2 : explain SELECT k, c FROM sbtest2 WHERE k BETWEEN 7454061 AND 7454161
	Bitmap Heap Scan on sbtest2  (cost=5.45..397.25 rows=99 width=125)
	  Recheck Cond: ((k >= 7454061) AND (k <= 7454161))
	  ->  Bitmap Index Scan on k_2  (cost=0.00..5.42 rows=99 width=0)
	        Index Cond: ((k >= 7454061) AND (k <= 7454161))

table 3 : explain SELECT k, c FROM sbtest3 WHERE k BETWEEN 7454061 AND 7454161
	Bitmap Heap Scan on sbtest3  (cost=5.45..397.25 rows=99 width=125)
	  Recheck Cond: ((k >= 7454061) AND (k <= 7454161))
	  ->  Bitmap Index Scan on k_3  (cost=0.00..5.42 rows=99 width=0)
	        Index Cond: ((k >= 7454061) AND (k <= 7454161))

table 4 : explain SELECT k, c FROM sbtest4 WHERE k BETWEEN 7454061 AND 7454161
	Bitmap Heap Scan on sbtest4  (cost=5.54..432.69 rows=108 width=125)
	  Recheck Cond: ((k >= 7454061) AND (k <= 7454161))
	  ->  Bitmap Index Scan on k_4  (cost=0.00..5.51 rows=108 width=0)
	        Index Cond: ((k >= 7454061) AND (k <= 7454161))

table 5 : explain SELECT k, c FROM sbtest5 WHERE k BETWEEN 7454061 AND 7454161
	Bitmap Heap Scan on sbtest5  (cost=5.39..373.61 rows=93 width=125)
	  Recheck Cond: ((k >= 7454061) AND (k <= 7454161))
	  ->  Bitmap Index Scan on k_5  (cost=0.00..5.36 rows=93 width=0)
	        Index Cond: ((k >= 7454061) AND (k <= 7454161))

table 6 : explain SELECT k, c FROM sbtest6 WHERE k BETWEEN 7454061 AND 7454161
	Bitmap Heap Scan on sbtest6  (cost=5.53..428.75 rows=107 width=125)
	  Recheck Cond: ((k >= 7454061) AND (k <= 7454161))
	  ->  Bitmap Index Scan on k_6  (cost=0.00..5.50 rows=107 width=0)
	        Index Cond: ((k >= 7454061) AND (k <= 7454161))

table 7 : explain SELECT k, c FROM sbtest7 WHERE k BETWEEN 7454061 AND 7454161
	Bitmap Heap Scan on sbtest7  (cost=5.51..420.88 rows=105 width=125)
	  Recheck Cond: ((k >= 7454061) AND (k <= 7454161))
	  ->  Bitmap Index Scan on k_7  (cost=0.00..5.48 rows=105 width=0)
	        Index Cond: ((k >= 7454061) AND (k <= 7454161))

table 8 : explain SELECT k, c FROM sbtest8 WHERE k BETWEEN 7454061 AND 7454161
	Bitmap Heap Scan on sbtest8  (cost=5.44..393.31 rows=98 width=125)
	  Recheck Cond: ((k >= 7454061) AND (k <= 7454161))
	  ->  Bitmap Index Scan on k_8  (cost=0.00..5.42 rows=98 width=0)
	        Index Cond: ((k >= 7454061) AND (k <= 7454161))

explain: for range-notcovered :: explain SELECT k, c FROM sbtest%d WHERE k BETWEEN 7454061 AND 7454161
for range-notcovered
table 1 : explain SELECT k, c FROM sbtest1 WHERE k BETWEEN 7390708 AND 7390808
	Bitmap Heap Scan on sbtest1  (cost=5.48..409.07 rows=102 width=125)
	  Recheck Cond: ((k >= 7390708) AND (k <= 7390808))
	  ->  Bitmap Index Scan on k_1  (cost=0.00..5.45 rows=102 width=0)
	        Index Cond: ((k >= 7390708) AND (k <= 7390808))

table 2 : explain SELECT k, c FROM sbtest2 WHERE k BETWEEN 7390708 AND 7390808
	Bitmap Heap Scan on sbtest2  (cost=5.47..405.13 rows=101 width=125)
	  Recheck Cond: ((k >= 7390708) AND (k <= 7390808))
	  ->  Bitmap Index Scan on k_2  (cost=0.00..5.44 rows=101 width=0)
	        Index Cond: ((k >= 7390708) AND (k <= 7390808))

table 3 : explain SELECT k, c FROM sbtest3 WHERE k BETWEEN 7390708 AND 7390808
	Bitmap Heap Scan on sbtest3  (cost=5.38..369.67 rows=92 width=125)
	  Recheck Cond: ((k >= 7390708) AND (k <= 7390808))
	  ->  Bitmap Index Scan on k_3  (cost=0.00..5.35 rows=92 width=0)
	        Index Cond: ((k >= 7390708) AND (k <= 7390808))

table 4 : explain SELECT k, c FROM sbtest4 WHERE k BETWEEN 7390708 AND 7390808
	Bitmap Heap Scan on sbtest4  (cost=5.54..432.69 rows=108 width=125)
	  Recheck Cond: ((k >= 7390708) AND (k <= 7390808))
	  ->  Bitmap Index Scan on k_4  (cost=0.00..5.51 rows=108 width=0)
	        Index Cond: ((k >= 7390708) AND (k <= 7390808))

table 5 : explain SELECT k, c FROM sbtest5 WHERE k BETWEEN 7390708 AND 7390808
	Bitmap Heap Scan on sbtest5  (cost=5.45..397.25 rows=99 width=125)
	  Recheck Cond: ((k >= 7390708) AND (k <= 7390808))
	  ->  Bitmap Index Scan on k_5  (cost=0.00..5.42 rows=99 width=0)
	        Index Cond: ((k >= 7390708) AND (k <= 7390808))

table 6 : explain SELECT k, c FROM sbtest6 WHERE k BETWEEN 7390708 AND 7390808
	Bitmap Heap Scan on sbtest6  (cost=5.55..436.62 rows=109 width=125)
	  Recheck Cond: ((k >= 7390708) AND (k <= 7390808))
	  ->  Bitmap Index Scan on k_6  (cost=0.00..5.52 rows=109 width=0)
	        Index Cond: ((k >= 7390708) AND (k <= 7390808))

table 7 : explain SELECT k, c FROM sbtest7 WHERE k BETWEEN 7390708 AND 7390808
	Bitmap Heap Scan on sbtest7  (cost=5.51..420.88 rows=105 width=125)
	  Recheck Cond: ((k >= 7390708) AND (k <= 7390808))
	  ->  Bitmap Index Scan on k_7  (cost=0.00..5.48 rows=105 width=0)
	        Index Cond: ((k >= 7390708) AND (k <= 7390808))

table 8 : explain SELECT k, c FROM sbtest8 WHERE k BETWEEN 7390708 AND 7390808
	Bitmap Heap Scan on sbtest8  (cost=5.59..452.36 rows=113 width=125)
	  Recheck Cond: ((k >= 7390708) AND (k <= 7390808))
	  ->  Bitmap Index Scan on k_8  (cost=0.00..5.56 rows=113 width=0)
	        Index Cond: ((k >= 7390708) AND (k <= 7390808))

for range-notcovered
table 1 : explain SELECT k, c FROM sbtest1 WHERE k BETWEEN 5267228 AND 5267328
	Bitmap Heap Scan on sbtest1  (cost=5.50..416.94 rows=104 width=125)
	  Recheck Cond: ((k >= 5267228) AND (k <= 5267328))
	  ->  Bitmap Index Scan on k_1  (cost=0.00..5.47 rows=104 width=0)
	        Index Cond: ((k >= 5267228) AND (k <= 5267328))

table 2 : explain SELECT k, c FROM sbtest2 WHERE k BETWEEN 5267228 AND 5267328
	Bitmap Heap Scan on sbtest2  (cost=5.47..405.13 rows=101 width=125)
	  Recheck Cond: ((k >= 5267228) AND (k <= 5267328))
	  ->  Bitmap Index Scan on k_2  (cost=0.00..5.44 rows=101 width=0)
	        Index Cond: ((k >= 5267228) AND (k <= 5267328))

table 3 : explain SELECT k, c FROM sbtest3 WHERE k BETWEEN 5267228 AND 5267328
	Bitmap Heap Scan on sbtest3  (cost=5.50..416.94 rows=104 width=125)
	  Recheck Cond: ((k >= 5267228) AND (k <= 5267328))
	  ->  Bitmap Index Scan on k_3  (cost=0.00..5.47 rows=104 width=0)
	        Index Cond: ((k >= 5267228) AND (k <= 5267328))

table 4 : explain SELECT k, c FROM sbtest4 WHERE k BETWEEN 5267228 AND 5267328
	Bitmap Heap Scan on sbtest4  (cost=5.64..472.02 rows=118 width=125)
	  Recheck Cond: ((k >= 5267228) AND (k <= 5267328))
	  ->  Bitmap Index Scan on k_4  (cost=0.00..5.61 rows=118 width=0)
	        Index Cond: ((k >= 5267228) AND (k <= 5267328))

table 5 : explain SELECT k, c FROM sbtest5 WHERE k BETWEEN 5267228 AND 5267328
	Bitmap Heap Scan on sbtest5  (cost=5.54..432.69 rows=108 width=125)
	  Recheck Cond: ((k >= 5267228) AND (k <= 5267328))
	  ->  Bitmap Index Scan on k_5  (cost=0.00..5.51 rows=108 width=0)
	        Index Cond: ((k >= 5267228) AND (k <= 5267328))

table 6 : explain SELECT k, c FROM sbtest6 WHERE k BETWEEN 5267228 AND 5267328
	Bitmap Heap Scan on sbtest6  (cost=5.46..401.19 rows=100 width=125)
	  Recheck Cond: ((k >= 5267228) AND (k <= 5267328))
	  ->  Bitmap Index Scan on k_6  (cost=0.00..5.43 rows=100 width=0)
	        Index Cond: ((k >= 5267228) AND (k <= 5267328))

table 7 : explain SELECT k, c FROM sbtest7 WHERE k BETWEEN 5267228 AND 5267328
	Bitmap Heap Scan on sbtest7  (cost=5.52..424.81 rows=106 width=125)
	  Recheck Cond: ((k >= 5267228) AND (k <= 5267328))
	  ->  Bitmap Index Scan on k_7  (cost=0.00..5.50 rows=106 width=0)
	        Index Cond: ((k >= 5267228) AND (k <= 5267328))

table 8 : explain SELECT k, c FROM sbtest8 WHERE k BETWEEN 5267228 AND 5267328
	Bitmap Heap Scan on sbtest8  (cost=5.41..381.49 rows=95 width=125)
	  Recheck Cond: ((k >= 5267228) AND (k <= 5267328))
	  ->  Bitmap Index Scan on k_8  (cost=0.00..5.38 rows=95 width=0)
	        Index Cond: ((k >= 5267228) AND (k <= 5267328))

explain: for range-notcovered :: explain SELECT k, c FROM sbtest%d WHERE k BETWEEN 7390708 AND 7390808
explain: for range-notcovered :: explain SELECT k, c FROM sbtest%d WHERE k BETWEEN 5267228 AND 5267328
explain: for range-notcovered :: explain SELECT k, c FROM sbtest%d WHERE k BETWEEN 7185947 AND 7186047
for range-notcovered
table 1 : explain SELECT k, c FROM sbtest1 WHERE k BETWEEN 6024051 AND 6024151
	Bitmap Heap Scan on sbtest1  (cost=5.56..440.56 rows=110 width=125)
	  Recheck Cond: ((k >= 6024051) AND (k <= 6024151))
	  ->  Bitmap Index Scan on k_1  (cost=0.00..5.53 rows=110 width=0)
	        Index Cond: ((k >= 6024051) AND (k <= 6024151))

table 2 : explain SELECT k, c FROM sbtest2 WHERE k BETWEEN 6024051 AND 6024151
	Bitmap Heap Scan on sbtest2  (cost=5.63..468.09 rows=117 width=125)
	  Recheck Cond: ((k >= 6024051) AND (k <= 6024151))
	  ->  Bitmap Index Scan on k_2  (cost=0.00..5.60 rows=117 width=0)
	        Index Cond: ((k >= 6024051) AND (k <= 6024151))

table 3 : explain SELECT k, c FROM sbtest3 WHERE k BETWEEN 6024051 AND 6024151
	Bitmap Heap Scan on sbtest3  (cost=5.50..416.94 rows=104 width=125)
	  Recheck Cond: ((k >= 6024051) AND (k <= 6024151))
	  ->  Bitmap Index Scan on k_3  (cost=0.00..5.47 rows=104 width=0)
	        Index Cond: ((k >= 6024051) AND (k <= 6024151))

table 4 : explain SELECT k, c FROM sbtest4 WHERE k BETWEEN 6024051 AND 6024151
	Bitmap Heap Scan on sbtest4  (cost=5.51..420.88 rows=105 width=125)
	  Recheck Cond: ((k >= 6024051) AND (k <= 6024151))
	  ->  Bitmap Index Scan on k_4  (cost=0.00..5.48 rows=105 width=0)
	        Index Cond: ((k >= 6024051) AND (k <= 6024151))

table 5 : explain SELECT k, c FROM sbtest5 WHERE k BETWEEN 6024051 AND 6024151
	Bitmap Heap Scan on sbtest5  (cost=5.46..401.19 rows=100 width=125)
	  Recheck Cond: ((k >= 6024051) AND (k <= 6024151))
	  ->  Bitmap Index Scan on k_5  (cost=0.00..5.43 rows=100 width=0)
	        Index Cond: ((k >= 6024051) AND (k <= 6024151))

table 6 : explain SELECT k, c FROM sbtest6 WHERE k BETWEEN 6024051 AND 6024151
	Bitmap Heap Scan on sbtest6  (cost=5.68..483.81 rows=121 width=125)
	  Recheck Cond: ((k >= 6024051) AND (k <= 6024151))
	  ->  Bitmap Index Scan on k_6  (cost=0.00..5.64 rows=121 width=0)
	        Index Cond: ((k >= 6024051) AND (k <= 6024151))

table 7 : explain SELECT k, c FROM sbtest7 WHERE k BETWEEN 6024051 AND 6024151
	Bitmap Heap Scan on sbtest7  (cost=5.43..389.37 rows=97 width=125)
	  Recheck Cond: ((k >= 6024051) AND (k <= 6024151))
	  ->  Bitmap Index Scan on k_7  (cost=0.00..5.40 rows=97 width=0)
	        Index Cond: ((k >= 6024051) AND (k <= 6024151))

table 8 : explain SELECT k, c FROM sbtest8 WHERE k BETWEEN 6024051 AND 6024151
	Bitmap Heap Scan on sbtest8  (cost=5.41..381.49 rows=95 width=125)
	  Recheck Cond: ((k >= 6024051) AND (k <= 6024151))
	  ->  Bitmap Index Scan on k_8  (cost=0.00..5.38 rows=95 width=0)
	        Index Cond: ((k >= 6024051) AND (k <= 6024151))

explain: for range-notcovered :: explain SELECT k, c FROM sbtest%d WHERE k BETWEEN 6024051 AND 6024151
for range-notcovered
table 1 : explain SELECT k, c FROM sbtest1 WHERE k BETWEEN 7390708 AND 7390808
	Bitmap Heap Scan on sbtest1  (cost=5.48..409.07 rows=102 width=125)
	  Recheck Cond: ((k >= 7390708) AND (k <= 7390808))
	  ->  Bitmap Index Scan on k_1  (cost=0.00..5.45 rows=102 width=0)
	        Index Cond: ((k >= 7390708) AND (k <= 7390808))

table 2 : explain SELECT k, c FROM sbtest2 WHERE k BETWEEN 7390708 AND 7390808
	Bitmap Heap Scan on sbtest2  (cost=5.47..405.13 rows=101 width=125)
	  Recheck Cond: ((k >= 7390708) AND (k <= 7390808))
	  ->  Bitmap Index Scan on k_2  (cost=0.00..5.44 rows=101 width=0)
	        Index Cond: ((k >= 7390708) AND (k <= 7390808))

table 3 : explain SELECT k, c FROM sbtest3 WHERE k BETWEEN 7390708 AND 7390808
	Bitmap Heap Scan on sbtest3  (cost=5.38..369.67 rows=92 width=125)
	  Recheck Cond: ((k >= 7390708) AND (k <= 7390808))
	  ->  Bitmap Index Scan on k_3  (cost=0.00..5.35 rows=92 width=0)
	        Index Cond: ((k >= 7390708) AND (k <= 7390808))

table 4 : explain SELECT k, c FROM sbtest4 WHERE k BETWEEN 7390708 AND 7390808
	Bitmap Heap Scan on sbtest4  (cost=5.54..432.69 rows=108 width=125)
	  Recheck Cond: ((k >= 7390708) AND (k <= 7390808))
	  ->  Bitmap Index Scan on k_4  (cost=0.00..5.51 rows=108 width=0)
	        Index Cond: ((k >= 7390708) AND (k <= 7390808))

table 5 : explain SELECT k, c FROM sbtest5 WHERE k BETWEEN 7390708 AND 7390808
	Bitmap Heap Scan on sbtest5  (cost=5.45..397.25 rows=99 width=125)
	  Recheck Cond: ((k >= 7390708) AND (k <= 7390808))
	  ->  Bitmap Index Scan on k_5  (cost=0.00..5.42 rows=99 width=0)
	        Index Cond: ((k >= 7390708) AND (k <= 7390808))

table 6 : explain SELECT k, c FROM sbtest6 WHERE k BETWEEN 7390708 AND 7390808
	Bitmap Heap Scan on sbtest6  (cost=5.55..436.62 rows=109 width=125)
	  Recheck Cond: ((k >= 7390708) AND (k <= 7390808))
	  ->  Bitmap Index Scan on k_6  (cost=0.00..5.52 rows=109 width=0)
	        Index Cond: ((k >= 7390708) AND (k <= 7390808))

table 7 : explain SELECT k, c FROM sbtest7 WHERE k BETWEEN 7390708 AND 7390808
	Bitmap Heap Scan on sbtest7  (cost=5.51..420.88 rows=105 width=125)
	  Recheck Cond: ((k >= 7390708) AND (k <= 7390808))
	  ->  Bitmap Index Scan on k_7  (cost=0.00..5.48 rows=105 width=0)
	        Index Cond: ((k >= 7390708) AND (k <= 7390808))

table 8 : explain SELECT k, c FROM sbtest8 WHERE k BETWEEN 7390708 AND 7390808
	Bitmap Heap Scan on sbtest8  (cost=5.59..452.36 rows=113 width=125)
	  Recheck Cond: ((k >= 7390708) AND (k <= 7390808))
	  ->  Bitmap Index Scan on k_8  (cost=0.00..5.56 rows=113 width=0)
	        Index Cond: ((k >= 7390708) AND (k <= 7390808))

for range-notcovered
table 1 : explain SELECT k, c FROM sbtest1 WHERE k BETWEEN 7454061 AND 7454161
	Bitmap Heap Scan on sbtest1  (cost=5.45..397.25 rows=99 width=125)
	  Recheck Cond: ((k >= 7454061) AND (k <= 7454161))
	  ->  Bitmap Index Scan on k_1  (cost=0.00..5.42 rows=99 width=0)
	        Index Cond: ((k >= 7454061) AND (k <= 7454161))

table 2 : explain SELECT k, c FROM sbtest2 WHERE k BETWEEN 7454061 AND 7454161
	Bitmap Heap Scan on sbtest2  (cost=5.45..397.25 rows=99 width=125)
	  Recheck Cond: ((k >= 7454061) AND (k <= 7454161))
	  ->  Bitmap Index Scan on k_2  (cost=0.00..5.42 rows=99 width=0)
	        Index Cond: ((k >= 7454061) AND (k <= 7454161))

table 3 : explain SELECT k, c FROM sbtest3 WHERE k BETWEEN 7454061 AND 7454161
	Bitmap Heap Scan on sbtest3  (cost=5.45..397.25 rows=99 width=125)
	  Recheck Cond: ((k >= 7454061) AND (k <= 7454161))
	  ->  Bitmap Index Scan on k_3  (cost=0.00..5.42 rows=99 width=0)
	        Index Cond: ((k >= 7454061) AND (k <= 7454161))

table 4 : explain SELECT k, c FROM sbtest4 WHERE k BETWEEN 7454061 AND 7454161
	Bitmap Heap Scan on sbtest4  (cost=5.54..432.69 rows=108 width=125)
	  Recheck Cond: ((k >= 7454061) AND (k <= 7454161))
	  ->  Bitmap Index Scan on k_4  (cost=0.00..5.51 rows=108 width=0)
	        Index Cond: ((k >= 7454061) AND (k <= 7454161))

table 5 : explain SELECT k, c FROM sbtest5 WHERE k BETWEEN 7454061 AND 7454161
	Bitmap Heap Scan on sbtest5  (cost=5.39..373.61 rows=93 width=125)
	  Recheck Cond: ((k >= 7454061) AND (k <= 7454161))
	  ->  Bitmap Index Scan on k_5  (cost=0.00..5.36 rows=93 width=0)
	        Index Cond: ((k >= 7454061) AND (k <= 7454161))

table 6 : explain SELECT k, c FROM sbtest6 WHERE k BETWEEN 7454061 AND 7454161
	Bitmap Heap Scan on sbtest6  (cost=5.53..428.75 rows=107 width=125)
	  Recheck Cond: ((k >= 7454061) AND (k <= 7454161))
	  ->  Bitmap Index Scan on k_6  (cost=0.00..5.50 rows=107 width=0)
	        Index Cond: ((k >= 7454061) AND (k <= 7454161))

table 7 : explain SELECT k, c FROM sbtest7 WHERE k BETWEEN 7454061 AND 7454161
	Bitmap Heap Scan on sbtest7  (cost=5.51..420.88 rows=105 width=125)
	  Recheck Cond: ((k >= 7454061) AND (k <= 7454161))
	  ->  Bitmap Index Scan on k_7  (cost=0.00..5.48 rows=105 width=0)
	        Index Cond: ((k >= 7454061) AND (k <= 7454161))

table 8 : explain SELECT k, c FROM sbtest8 WHERE k BETWEEN 7454061 AND 7454161
	Bitmap Heap Scan on sbtest8  (cost=5.44..393.31 rows=98 width=125)
	  Recheck Cond: ((k >= 7454061) AND (k <= 7454161))
	  ->  Bitmap Index Scan on k_8  (cost=0.00..5.42 rows=98 width=0)
	        Index Cond: ((k >= 7454061) AND (k <= 7454161))
for range-notcovered
table 1 : explain SELECT k, c FROM sbtest1 WHERE k BETWEEN 5267228 AND 5267328
	Bitmap Heap Scan on sbtest1  (cost=5.50..416.94 rows=104 width=125)
	  Recheck Cond: ((k >= 5267228) AND (k <= 5267328))
	  ->  Bitmap Index Scan on k_1  (cost=0.00..5.47 rows=104 width=0)
	        Index Cond: ((k >= 5267228) AND (k <= 5267328))

table 2 : explain SELECT k, c FROM sbtest2 WHERE k BETWEEN 5267228 AND 5267328
	Bitmap Heap Scan on sbtest2  (cost=5.47..405.13 rows=101 width=125)
	  Recheck Cond: ((k >= 5267228) AND (k <= 5267328))
	  ->  Bitmap Index Scan on k_2  (cost=0.00..5.44 rows=101 width=0)
	        Index Cond: ((k >= 5267228) AND (k <= 5267328))

table 3 : explain SELECT k, c FROM sbtest3 WHERE k BETWEEN 5267228 AND 5267328
	Bitmap Heap Scan on sbtest3  (cost=5.50..416.94 rows=104 width=125)
	  Recheck Cond: ((k >= 5267228) AND (k <= 5267328))
	  ->  Bitmap Index Scan on k_3  (cost=0.00..5.47 rows=104 width=0)
	        Index Cond: ((k >= 5267228) AND (k <= 5267328))

table 4 : explain SELECT k, c FROM sbtest4 WHERE k BETWEEN 5267228 AND 5267328
	Bitmap Heap Scan on sbtest4  (cost=5.64..472.02 rows=118 width=125)
	  Recheck Cond: ((k >= 5267228) AND (k <= 5267328))
	  ->  Bitmap Index Scan on k_4  (cost=0.00..5.61 rows=118 width=0)
	        Index Cond: ((k >= 5267228) AND (k <= 5267328))

table 5 : explain SELECT k, c FROM sbtest5 WHERE k BETWEEN 5267228 AND 5267328
	Bitmap Heap Scan on sbtest5  (cost=5.54..432.69 rows=108 width=125)
	  Recheck Cond: ((k >= 5267228) AND (k <= 5267328))
	  ->  Bitmap Index Scan on k_5  (cost=0.00..5.51 rows=108 width=0)
	        Index Cond: ((k >= 5267228) AND (k <= 5267328))

table 6 : explain SELECT k, c FROM sbtest6 WHERE k BETWEEN 5267228 AND 5267328
	Bitmap Heap Scan on sbtest6  (cost=5.46..401.19 rows=100 width=125)
	  Recheck Cond: ((k >= 5267228) AND (k <= 5267328))
	  ->  Bitmap Index Scan on k_6  (cost=0.00..5.43 rows=100 width=0)
	        Index Cond: ((k >= 5267228) AND (k <= 5267328))

table 7 : explain SELECT k, c FROM sbtest7 WHERE k BETWEEN 5267228 AND 5267328
	Bitmap Heap Scan on sbtest7  (cost=5.52..424.81 rows=106 width=125)
	  Recheck Cond: ((k >= 5267228) AND (k <= 5267328))
	  ->  Bitmap Index Scan on k_7  (cost=0.00..5.50 rows=106 width=0)
	        Index Cond: ((k >= 5267228) AND (k <= 5267328))

table 8 : explain SELECT k, c FROM sbtest8 WHERE k BETWEEN 5267228 AND 5267328
	Bitmap Heap Scan on sbtest8  (cost=5.41..381.49 rows=95 width=125)
	  Recheck Cond: ((k >= 5267228) AND (k <= 5267328))
	  ->  Bitmap Index Scan on k_8  (cost=0.00..5.38 rows=95 width=0)
	        Index Cond: ((k >= 5267228) AND (k <= 5267328))


explain: for range-notcovered :: explain SELECT k, c FROM sbtest%d WHERE k BETWEEN 7390708 AND 7390808
explain: for range-notcovered :: explain SELECT k, c FROM sbtest%d WHERE k BETWEEN 7454061 AND 7454161
for range-notcovered
table 1 : explain SELECT k, c FROM sbtest1 WHERE k BETWEEN 4468488 AND 4468588
	Bitmap Heap Scan on sbtest1  (cost=5.52..424.81 rows=106 width=125)
	  Recheck Cond: ((k >= 4468488) AND (k <= 4468588))
	  ->  Bitmap Index Scan on k_1  (cost=0.00..5.50 rows=106 width=0)
	        Index Cond: ((k >= 4468488) AND (k <= 4468588))

table 2 : explain SELECT k, c FROM sbtest2 WHERE k BETWEEN 4468488 AND 4468588
	Bitmap Heap Scan on sbtest2  (cost=5.55..436.62 rows=109 width=125)
	  Recheck Cond: ((k >= 4468488) AND (k <= 4468588))
	  ->  Bitmap Index Scan on k_2  (cost=0.00..5.52 rows=109 width=0)
	        Index Cond: ((k >= 4468488) AND (k <= 4468588))

table 3 : explain SELECT k, c FROM sbtest3 WHERE k BETWEEN 4468488 AND 4468588
	Bitmap Heap Scan on sbtest3  (cost=5.38..369.67 rows=92 width=125)
	  Recheck Cond: ((k >= 4468488) AND (k <= 4468588))
	  ->  Bitmap Index Scan on k_3  (cost=0.00..5.35 rows=92 width=0)
	        Index Cond: ((k >= 4468488) AND (k <= 4468588))

table 4 : explain SELECT k, c FROM sbtest4 WHERE k BETWEEN 4468488 AND 4468588
	Bitmap Heap Scan on sbtest4  (cost=5.37..365.72 rows=91 width=125)
	  Recheck Cond: ((k >= 4468488) AND (k <= 4468588))
	  ->  Bitmap Index Scan on k_4  (cost=0.00..5.34 rows=91 width=0)
	        Index Cond: ((k >= 4468488) AND (k <= 4468588))

table 5 : explain SELECT k, c FROM sbtest5 WHERE k BETWEEN 4468488 AND 4468588
	Bitmap Heap Scan on sbtest5  (cost=5.47..405.13 rows=101 width=125)
	  Recheck Cond: ((k >= 4468488) AND (k <= 4468588))
	  ->  Bitmap Index Scan on k_5  (cost=0.00..5.44 rows=101 width=0)
	        Index Cond: ((k >= 4468488) AND (k <= 4468588))

table 6 : explain SELECT k, c FROM sbtest6 WHERE k BETWEEN 4468488 AND 4468588
	Bitmap Heap Scan on sbtest6  (cost=5.48..409.07 rows=102 width=125)
	  Recheck Cond: ((k >= 4468488) AND (k <= 4468588))
	  ->  Bitmap Index Scan on k_6  (cost=0.00..5.45 rows=102 width=0)
	        Index Cond: ((k >= 4468488) AND (k <= 4468588))

table 7 : explain SELECT k, c FROM sbtest7 WHERE k BETWEEN 4468488 AND 4468588
	Bitmap Heap Scan on sbtest7  (cost=5.50..416.94 rows=104 width=125)
	  Recheck Cond: ((k >= 4468488) AND (k <= 4468588))
	  ->  Bitmap Index Scan on k_7  (cost=0.00..5.47 rows=104 width=0)
	        Index Cond: ((k >= 4468488) AND (k <= 4468588))

table 8 : explain SELECT k, c FROM sbtest8 WHERE k BETWEEN 4468488 AND 4468588
	Bitmap Heap Scan on sbtest8  (cost=5.60..456.29 rows=114 width=125)
	  Recheck Cond: ((k >= 4468488) AND (k <= 4468588))
	  ->  Bitmap Index Scan on k_8  (cost=0.00..5.58 rows=114 width=0)
	        Index Cond: ((k >= 4468488) AND (k <= 4468588))

for range-notcovered
table 1 : explain SELECT k, c FROM sbtest1 WHERE k BETWEEN 4689980 AND 4690080
	Bitmap Heap Scan on sbtest1  (cost=5.43..389.37 rows=97 width=125)
	  Recheck Cond: ((k >= 4689980) AND (k <= 4690080))
	  ->  Bitmap Index Scan on k_1  (cost=0.00..5.40 rows=97 width=0)
	        Index Cond: ((k >= 4689980) AND (k <= 4690080))

table 2 : explain SELECT k, c FROM sbtest2 WHERE k BETWEEN 4689980 AND 4690080
	Bitmap Heap Scan on sbtest2  (cost=5.53..428.75 rows=107 width=125)
	  Recheck Cond: ((k >= 4689980) AND (k <= 4690080))
	  ->  Bitmap Index Scan on k_2  (cost=0.00..5.50 rows=107 width=0)
	        Index Cond: ((k >= 4689980) AND (k <= 4690080))

table 3 : explain SELECT k, c FROM sbtest3 WHERE k BETWEEN 4689980 AND 4690080
	Bitmap Heap Scan on sbtest3  (cost=5.38..369.67 rows=92 width=125)
	  Recheck Cond: ((k >= 4689980) AND (k <= 4690080))
	  ->  Bitmap Index Scan on k_3  (cost=0.00..5.35 rows=92 width=0)
	        Index Cond: ((k >= 4689980) AND (k <= 4690080))

table 4 : explain SELECT k, c FROM sbtest4 WHERE k BETWEEN 4689980 AND 4690080
	Bitmap Heap Scan on sbtest4  (cost=5.45..397.25 rows=99 width=125)
	  Recheck Cond: ((k >= 4689980) AND (k <= 4690080))
	  ->  Bitmap Index Scan on k_4  (cost=0.00..5.42 rows=99 width=0)
	        Index Cond: ((k >= 4689980) AND (k <= 4690080))

table 5 : explain SELECT k, c FROM sbtest5 WHERE k BETWEEN 4689980 AND 4690080
	Bitmap Heap Scan on sbtest5  (cost=5.53..428.75 rows=107 width=125)
	  Recheck Cond: ((k >= 4689980) AND (k <= 4690080))
	  ->  Bitmap Index Scan on k_5  (cost=0.00..5.50 rows=107 width=0)
	        Index Cond: ((k >= 4689980) AND (k <= 4690080))

table 6 : explain SELECT k, c FROM sbtest6 WHERE k BETWEEN 4689980 AND 4690080
	Bitmap Heap Scan on sbtest6  (cost=5.53..428.75 rows=107 width=125)
	  Recheck Cond: ((k >= 4689980) AND (k <= 4690080))
	  ->  Bitmap Index Scan on k_6  (cost=0.00..5.50 rows=107 width=0)
	        Index Cond: ((k >= 4689980) AND (k <= 4690080))

table 7 : explain SELECT k, c FROM sbtest7 WHERE k BETWEEN 4689980 AND 4690080
	Bitmap Heap Scan on sbtest7  (cost=5.46..401.19 rows=100 width=125)
	  Recheck Cond: ((k >= 4689980) AND (k <= 4690080))
	  ->  Bitmap Index Scan on k_7  (cost=0.00..5.43 rows=100 width=0)
	        Index Cond: ((k >= 4689980) AND (k <= 4690080))

table 8 : explain SELECT k, c FROM sbtest8 WHERE k BETWEEN 4689980 AND 4690080
	Bitmap Heap Scan on sbtest8  (cost=5.45..397.25 rows=99 width=125)
	  Recheck Cond: ((k >= 4689980) AND (k <= 4690080))
	  ->  Bitmap Index Scan on k_8  (cost=0.00..5.42 rows=99 width=0)
	        Index Cond: ((k >= 4689980) AND (k <= 4690080))

for range-notcovered
table 1 : explain SELECT k, c FROM sbtest1 WHERE k BETWEEN 6024051 AND 6024151
	Bitmap Heap Scan on sbtest1  (cost=5.56..440.56 rows=110 width=125)
	  Recheck Cond: ((k >= 6024051) AND (k <= 6024151))
	  ->  Bitmap Index Scan on k_1  (cost=0.00..5.53 rows=110 width=0)
	        Index Cond: ((k >= 6024051) AND (k <= 6024151))

table 2 : explain SELECT k, c FROM sbtest2 WHERE k BETWEEN 6024051 AND 6024151
	Bitmap Heap Scan on sbtest2  (cost=5.63..468.09 rows=117 width=125)
	  Recheck Cond: ((k >= 6024051) AND (k <= 6024151))
	  ->  Bitmap Index Scan on k_2  (cost=0.00..5.60 rows=117 width=0)
	        Index Cond: ((k >= 6024051) AND (k <= 6024151))

table 3 : explain SELECT k, c FROM sbtest3 WHERE k BETWEEN 6024051 AND 6024151
	Bitmap Heap Scan on sbtest3  (cost=5.50..416.94 rows=104 width=125)
	  Recheck Cond: ((k >= 6024051) AND (k <= 6024151))
	  ->  Bitmap Index Scan on k_3  (cost=0.00..5.47 rows=104 width=0)
	        Index Cond: ((k >= 6024051) AND (k <= 6024151))

table 4 : explain SELECT k, c FROM sbtest4 WHERE k BETWEEN 6024051 AND 6024151
	Bitmap Heap Scan on sbtest4  (cost=5.51..420.88 rows=105 width=125)
	  Recheck Cond: ((k >= 6024051) AND (k <= 6024151))
	  ->  Bitmap Index Scan on k_4  (cost=0.00..5.48 rows=105 width=0)
	        Index Cond: ((k >= 6024051) AND (k <= 6024151))

table 5 : explain SELECT k, c FROM sbtest5 WHERE k BETWEEN 6024051 AND 6024151
	Bitmap Heap Scan on sbtest5  (cost=5.46..401.19 rows=100 width=125)
	  Recheck Cond: ((k >= 6024051) AND (k <= 6024151))
	  ->  Bitmap Index Scan on k_5  (cost=0.00..5.43 rows=100 width=0)
	        Index Cond: ((k >= 6024051) AND (k <= 6024151))

table 6 : explain SELECT k, c FROM sbtest6 WHERE k BETWEEN 6024051 AND 6024151
	Bitmap Heap Scan on sbtest6  (cost=5.68..483.81 rows=121 width=125)
	  Recheck Cond: ((k >= 6024051) AND (k <= 6024151))
	  ->  Bitmap Index Scan on k_6  (cost=0.00..5.64 rows=121 width=0)
	        Index Cond: ((k >= 6024051) AND (k <= 6024151))

table 7 : explain SELECT k, c FROM sbtest7 WHERE k BETWEEN 6024051 AND 6024151
	Bitmap Heap Scan on sbtest7  (cost=5.43..389.37 rows=97 width=125)
	  Recheck Cond: ((k >= 6024051) AND (k <= 6024151))
	  ->  Bitmap Index Scan on k_7  (cost=0.00..5.40 rows=97 width=0)
	        Index Cond: ((k >= 6024051) AND (k <= 6024151))

table 8 : explain SELECT k, c FROM sbtest8 WHERE k BETWEEN 6024051 AND 6024151
	Bitmap Heap Scan on sbtest8  (cost=5.41..381.49 rows=95 width=125)
	  Recheck Cond: ((k >= 6024051) AND (k <= 6024151))
	  ->  Bitmap Index Scan on k_8  (cost=0.00..5.38 rows=95 width=0)
	        Index Cond: ((k >= 6024051) AND (k <= 6024151))

for range-notcovered
table 1 : explain SELECT k, c FROM sbtest1 WHERE k BETWEEN 8496887 AND 8496987
	Bitmap Heap Scan on sbtest1  (cost=5.40..377.55 rows=94 width=125)
	  Recheck Cond: ((k >= 8496887) AND (k <= 8496987))
	  ->  Bitmap Index Scan on k_1  (cost=0.00..5.38 rows=94 width=0)
	        Index Cond: ((k >= 8496887) AND (k <= 8496987))

table 2 : explain SELECT k, c FROM sbtest2 WHERE k BETWEEN 8496887 AND 8496987
	Bitmap Heap Scan on sbtest2  (cost=5.52..424.81 rows=106 width=125)
	  Recheck Cond: ((k >= 8496887) AND (k <= 8496987))
	  ->  Bitmap Index Scan on k_2  (cost=0.00..5.50 rows=106 width=0)
	        Index Cond: ((k >= 8496887) AND (k <= 8496987))

table 3 : explain SELECT k, c FROM sbtest3 WHERE k BETWEEN 8496887 AND 8496987
	Bitmap Heap Scan on sbtest3  (cost=5.43..389.37 rows=97 width=125)
	  Recheck Cond: ((k >= 8496887) AND (k <= 8496987))
	  ->  Bitmap Index Scan on k_3  (cost=0.00..5.40 rows=97 width=0)
	        Index Cond: ((k >= 8496887) AND (k <= 8496987))

table 4 : explain SELECT k, c FROM sbtest4 WHERE k BETWEEN 8496887 AND 8496987
	Bitmap Heap Scan on sbtest4  (cost=5.45..397.25 rows=99 width=125)
	  Recheck Cond: ((k >= 8496887) AND (k <= 8496987))
	  ->  Bitmap Index Scan on k_4  (cost=0.00..5.42 rows=99 width=0)
	        Index Cond: ((k >= 8496887) AND (k <= 8496987))

table 5 : explain SELECT k, c FROM sbtest5 WHERE k BETWEEN 8496887 AND 8496987
	Bitmap Heap Scan on sbtest5  (cost=5.45..397.25 rows=99 width=125)
	  Recheck Cond: ((k >= 8496887) AND (k <= 8496987))
	  ->  Bitmap Index Scan on k_5  (cost=0.00..5.42 rows=99 width=0)
	        Index Cond: ((k >= 8496887) AND (k <= 8496987))

table 6 : explain SELECT k, c FROM sbtest6 WHERE k BETWEEN 8496887 AND 8496987
	Bitmap Heap Scan on sbtest6  (cost=5.46..401.19 rows=100 width=125)
	  Recheck Cond: ((k >= 8496887) AND (k <= 8496987))
	  ->  Bitmap Index Scan on k_6  (cost=0.00..5.43 rows=100 width=0)
	        Index Cond: ((k >= 8496887) AND (k <= 8496987))

table 7 : explain SELECT k, c FROM sbtest7 WHERE k BETWEEN 8496887 AND 8496987
	Bitmap Heap Scan on sbtest7  (cost=5.44..393.31 rows=98 width=125)
	  Recheck Cond: ((k >= 8496887) AND (k <= 8496987))
	  ->  Bitmap Index Scan on k_7  (cost=0.00..5.42 rows=98 width=0)
	        Index Cond: ((k >= 8496887) AND (k <= 8496987))

table 8 : explain SELECT k, c FROM sbtest8 WHERE k BETWEEN 8496887 AND 8496987
	Bitmap Heap Scan on sbtest8  (cost=5.49..413.00 rows=103 width=125)
	  Recheck Cond: ((k >= 8496887) AND (k <= 8496987))
	  ->  Bitmap Index Scan on k_8  (cost=0.00..5.46 rows=103 width=0)
	        Index Cond: ((k >= 8496887) AND (k <= 8496987))

explain: for range-notcovered :: explain SELECT k, c FROM sbtest%d WHERE k BETWEEN 4689980 AND 4690080
explain: for range-notcovered :: explain SELECT k, c FROM sbtest%d WHERE k BETWEEN 6024051 AND 6024151
explain: for range-notcovered :: explain SELECT k, c FROM sbtest%d WHERE k BETWEEN 7868715 AND 7868815
explain: for range-notcovered :: explain SELECT k, c FROM sbtest%d WHERE k BETWEEN 4468488 AND 4468588
for range-notcovered
table 1 : explain SELECT k, c FROM sbtest1 WHERE k BETWEEN 7390708 AND 7390808
	Bitmap Heap Scan on sbtest1  (cost=5.48..409.07 rows=102 width=125)
	  Recheck Cond: ((k >= 7390708) AND (k <= 7390808))
	  ->  Bitmap Index Scan on k_1  (cost=0.00..5.45 rows=102 width=0)
	        Index Cond: ((k >= 7390708) AND (k <= 7390808))

table 2 : explain SELECT k, c FROM sbtest2 WHERE k BETWEEN 7390708 AND 7390808
	Bitmap Heap Scan on sbtest2  (cost=5.47..405.13 rows=101 width=125)
	  Recheck Cond: ((k >= 7390708) AND (k <= 7390808))
	  ->  Bitmap Index Scan on k_2  (cost=0.00..5.44 rows=101 width=0)
	        Index Cond: ((k >= 7390708) AND (k <= 7390808))

table 3 : explain SELECT k, c FROM sbtest3 WHERE k BETWEEN 7390708 AND 7390808
	Bitmap Heap Scan on sbtest3  (cost=5.38..369.67 rows=92 width=125)
	  Recheck Cond: ((k >= 7390708) AND (k <= 7390808))
	  ->  Bitmap Index Scan on k_3  (cost=0.00..5.35 rows=92 width=0)
	        Index Cond: ((k >= 7390708) AND (k <= 7390808))

table 4 : explain SELECT k, c FROM sbtest4 WHERE k BETWEEN 7390708 AND 7390808
	Bitmap Heap Scan on sbtest4  (cost=5.54..432.69 rows=108 width=125)
	  Recheck Cond: ((k >= 7390708) AND (k <= 7390808))
	  ->  Bitmap Index Scan on k_4  (cost=0.00..5.51 rows=108 width=0)
	        Index Cond: ((k >= 7390708) AND (k <= 7390808))

table 5 : explain SELECT k, c FROM sbtest5 WHERE k BETWEEN 7390708 AND 7390808
	Bitmap Heap Scan on sbtest5  (cost=5.45..397.25 rows=99 width=125)
	  Recheck Cond: ((k >= 7390708) AND (k <= 7390808))
	  ->  Bitmap Index Scan on k_5  (cost=0.00..5.42 rows=99 width=0)
	        Index Cond: ((k >= 7390708) AND (k <= 7390808))

table 6 : explain SELECT k, c FROM sbtest6 WHERE k BETWEEN 7390708 AND 7390808
	Bitmap Heap Scan on sbtest6  (cost=5.55..436.62 rows=109 width=125)
	  Recheck Cond: ((k >= 7390708) AND (k <= 7390808))
	  ->  Bitmap Index Scan on k_6  (cost=0.00..5.52 rows=109 width=0)
	        Index Cond: ((k >= 7390708) AND (k <= 7390808))

table 7 : explain SELECT k, c FROM sbtest7 WHERE k BETWEEN 7390708 AND 7390808
	Bitmap Heap Scan on sbtest7  (cost=5.51..420.88 rows=105 width=125)
	  Recheck Cond: ((k >= 7390708) AND (k <= 7390808))
	  ->  Bitmap Index Scan on k_7  (cost=0.00..5.48 rows=105 width=0)
	        Index Cond: ((k >= 7390708) AND (k <= 7390808))

table 8 : explain SELECT k, c FROM sbtest8 WHERE k BETWEEN 7390708 AND 7390808
	Bitmap Heap Scan on sbtest8  (cost=5.59..452.36 rows=113 width=125)
	  Recheck Cond: ((k >= 7390708) AND (k <= 7390808))
	  ->  Bitmap Index Scan on k_8  (cost=0.00..5.56 rows=113 width=0)
	        Index Cond: ((k >= 7390708) AND (k <= 7390808))

for range-notcovered
table 1 : explain SELECT k, c FROM sbtest1 WHERE k BETWEEN 7454061 AND 7454161
	Bitmap Heap Scan on sbtest1  (cost=5.45..397.25 rows=99 width=125)
	  Recheck Cond: ((k >= 7454061) AND (k <= 7454161))
	  ->  Bitmap Index Scan on k_1  (cost=0.00..5.42 rows=99 width=0)
	        Index Cond: ((k >= 7454061) AND (k <= 7454161))

table 2 : explain SELECT k, c FROM sbtest2 WHERE k BETWEEN 7454061 AND 7454161
	Bitmap Heap Scan on sbtest2  (cost=5.45..397.25 rows=99 width=125)
	  Recheck Cond: ((k >= 7454061) AND (k <= 7454161))
	  ->  Bitmap Index Scan on k_2  (cost=0.00..5.42 rows=99 width=0)
	        Index Cond: ((k >= 7454061) AND (k <= 7454161))

table 3 : explain SELECT k, c FROM sbtest3 WHERE k BETWEEN 7454061 AND 7454161
	Bitmap Heap Scan on sbtest3  (cost=5.45..397.25 rows=99 width=125)
	  Recheck Cond: ((k >= 7454061) AND (k <= 7454161))
	  ->  Bitmap Index Scan on k_3  (cost=0.00..5.42 rows=99 width=0)
	        Index Cond: ((k >= 7454061) AND (k <= 7454161))

table 4 : explain SELECT k, c FROM sbtest4 WHERE k BETWEEN 7454061 AND 7454161
	Bitmap Heap Scan on sbtest4  (cost=5.54..432.69 rows=108 width=125)
	  Recheck Cond: ((k >= 7454061) AND (k <= 7454161))
	  ->  Bitmap Index Scan on k_4  (cost=0.00..5.51 rows=108 width=0)
	        Index Cond: ((k >= 7454061) AND (k <= 7454161))

table 5 : explain SELECT k, c FROM sbtest5 WHERE k BETWEEN 7454061 AND 7454161
	Bitmap Heap Scan on sbtest5  (cost=5.39..373.61 rows=93 width=125)
	  Recheck Cond: ((k >= 7454061) AND (k <= 7454161))
	  ->  Bitmap Index Scan on k_5  (cost=0.00..5.36 rows=93 width=0)
	        Index Cond: ((k >= 7454061) AND (k <= 7454161))

table 6 : explain SELECT k, c FROM sbtest6 WHERE k BETWEEN 7454061 AND 7454161
	Bitmap Heap Scan on sbtest6  (cost=5.53..428.75 rows=107 width=125)
	  Recheck Cond: ((k >= 7454061) AND (k <= 7454161))
	  ->  Bitmap Index Scan on k_6  (cost=0.00..5.50 rows=107 width=0)
	        Index Cond: ((k >= 7454061) AND (k <= 7454161))

table 7 : explain SELECT k, c FROM sbtest7 WHERE k BETWEEN 7454061 AND 7454161
	Bitmap Heap Scan on sbtest7  (cost=5.51..420.88 rows=105 width=125)
	  Recheck Cond: ((k >= 7454061) AND (k <= 7454161))
	  ->  Bitmap Index Scan on k_7  (cost=0.00..5.48 rows=105 width=0)
	        Index Cond: ((k >= 7454061) AND (k <= 7454161))

table 8 : explain SELECT k, c FROM sbtest8 WHERE k BETWEEN 7454061 AND 7454161
	Bitmap Heap Scan on sbtest8  (cost=5.44..393.31 rows=98 width=125)
	  Recheck Cond: ((k >= 7454061) AND (k <= 7454161))
	  ->  Bitmap Index Scan on k_8  (cost=0.00..5.42 rows=98 width=0)
	        Index Cond: ((k >= 7454061) AND (k <= 7454161))

explain: for range-notcovered :: explain SELECT k, c FROM sbtest%d WHERE k BETWEEN 8496887 AND 8496987
explain: for range-notcovered :: explain SELECT k, c FROM sbtest%d WHERE k BETWEEN 7454061 AND 7454161
explain: for range-notcovered :: explain SELECT k, c FROM sbtest%d WHERE k BETWEEN 2849218 AND 2849318
for range-notcovered
table 1 : explain SELECT k, c FROM sbtest1 WHERE k BETWEEN 6024051 AND 6024151
	Bitmap Heap Scan on sbtest1  (cost=5.56..440.56 rows=110 width=125)
	  Recheck Cond: ((k >= 6024051) AND (k <= 6024151))
	  ->  Bitmap Index Scan on k_1  (cost=0.00..5.53 rows=110 width=0)
	        Index Cond: ((k >= 6024051) AND (k <= 6024151))

table 2 : explain SELECT k, c FROM sbtest2 WHERE k BETWEEN 6024051 AND 6024151
	Bitmap Heap Scan on sbtest2  (cost=5.63..468.09 rows=117 width=125)
	  Recheck Cond: ((k >= 6024051) AND (k <= 6024151))
	  ->  Bitmap Index Scan on k_2  (cost=0.00..5.60 rows=117 width=0)
	        Index Cond: ((k >= 6024051) AND (k <= 6024151))

table 3 : explain SELECT k, c FROM sbtest3 WHERE k BETWEEN 6024051 AND 6024151
	Bitmap Heap Scan on sbtest3  (cost=5.50..416.94 rows=104 width=125)
	  Recheck Cond: ((k >= 6024051) AND (k <= 6024151))
	  ->  Bitmap Index Scan on k_3  (cost=0.00..5.47 rows=104 width=0)
	        Index Cond: ((k >= 6024051) AND (k <= 6024151))

table 4 : explain SELECT k, c FROM sbtest4 WHERE k BETWEEN 6024051 AND 6024151
	Bitmap Heap Scan on sbtest4  (cost=5.51..420.88 rows=105 width=125)
	  Recheck Cond: ((k >= 6024051) AND (k <= 6024151))
	  ->  Bitmap Index Scan on k_4  (cost=0.00..5.48 rows=105 width=0)
	        Index Cond: ((k >= 6024051) AND (k <= 6024151))

table 5 : explain SELECT k, c FROM sbtest5 WHERE k BETWEEN 6024051 AND 6024151
	Bitmap Heap Scan on sbtest5  (cost=5.46..401.19 rows=100 width=125)
	  Recheck Cond: ((k >= 6024051) AND (k <= 6024151))
	  ->  Bitmap Index Scan on k_5  (cost=0.00..5.43 rows=100 width=0)
	        Index Cond: ((k >= 6024051) AND (k <= 6024151))

table 6 : explain SELECT k, c FROM sbtest6 WHERE k BETWEEN 6024051 AND 6024151
	Bitmap Heap Scan on sbtest6  (cost=5.68..483.81 rows=121 width=125)
	  Recheck Cond: ((k >= 6024051) AND (k <= 6024151))
	  ->  Bitmap Index Scan on k_6  (cost=0.00..5.64 rows=121 width=0)
	        Index Cond: ((k >= 6024051) AND (k <= 6024151))

table 7 : explain SELECT k, c FROM sbtest7 WHERE k BETWEEN 6024051 AND 6024151
	Bitmap Heap Scan on sbtest7  (cost=5.43..389.37 rows=97 width=125)
	  Recheck Cond: ((k >= 6024051) AND (k <= 6024151))
	  ->  Bitmap Index Scan on k_7  (cost=0.00..5.40 rows=97 width=0)
	        Index Cond: ((k >= 6024051) AND (k <= 6024151))

table 8 : explain SELECT k, c FROM sbtest8 WHERE k BETWEEN 6024051 AND 6024151
	Bitmap Heap Scan on sbtest8  (cost=5.41..381.49 rows=95 width=125)
	  Recheck Cond: ((k >= 6024051) AND (k <= 6024151))
	  ->  Bitmap Index Scan on k_8  (cost=0.00..5.38 rows=95 width=0)
	        Index Cond: ((k >= 6024051) AND (k <= 6024151))

for range-notcovered
table 1 : explain SELECT k, c FROM sbtest1 WHERE k BETWEEN 4689980 AND 4690080
	Bitmap Heap Scan on sbtest1  (cost=5.43..389.37 rows=97 width=125)
	  Recheck Cond: ((k >= 4689980) AND (k <= 4690080))
	  ->  Bitmap Index Scan on k_1  (cost=0.00..5.40 rows=97 width=0)
	        Index Cond: ((k >= 4689980) AND (k <= 4690080))

table 2 : explain SELECT k, c FROM sbtest2 WHERE k BETWEEN 4689980 AND 4690080
	Bitmap Heap Scan on sbtest2  (cost=5.53..428.75 rows=107 width=125)
	  Recheck Cond: ((k >= 4689980) AND (k <= 4690080))
	  ->  Bitmap Index Scan on k_2  (cost=0.00..5.50 rows=107 width=0)
	        Index Cond: ((k >= 4689980) AND (k <= 4690080))

table 3 : explain SELECT k, c FROM sbtest3 WHERE k BETWEEN 4689980 AND 4690080
	Bitmap Heap Scan on sbtest3  (cost=5.38..369.67 rows=92 width=125)
	  Recheck Cond: ((k >= 4689980) AND (k <= 4690080))
	  ->  Bitmap Index Scan on k_3  (cost=0.00..5.35 rows=92 width=0)
	        Index Cond: ((k >= 4689980) AND (k <= 4690080))

table 4 : explain SELECT k, c FROM sbtest4 WHERE k BETWEEN 4689980 AND 4690080
	Bitmap Heap Scan on sbtest4  (cost=5.45..397.25 rows=99 width=125)
	  Recheck Cond: ((k >= 4689980) AND (k <= 4690080))
	  ->  Bitmap Index Scan on k_4  (cost=0.00..5.42 rows=99 width=0)
	        Index Cond: ((k >= 4689980) AND (k <= 4690080))

table 5 : explain SELECT k, c FROM sbtest5 WHERE k BETWEEN 4689980 AND 4690080
	Bitmap Heap Scan on sbtest5  (cost=5.53..428.75 rows=107 width=125)
	  Recheck Cond: ((k >= 4689980) AND (k <= 4690080))
	  ->  Bitmap Index Scan on k_5  (cost=0.00..5.50 rows=107 width=0)
	        Index Cond: ((k >= 4689980) AND (k <= 4690080))

table 6 : explain SELECT k, c FROM sbtest6 WHERE k BETWEEN 4689980 AND 4690080
	Bitmap Heap Scan on sbtest6  (cost=5.53..428.75 rows=107 width=125)
	  Recheck Cond: ((k >= 4689980) AND (k <= 4690080))
	  ->  Bitmap Index Scan on k_6  (cost=0.00..5.50 rows=107 width=0)
	        Index Cond: ((k >= 4689980) AND (k <= 4690080))

table 7 : explain SELECT k, c FROM sbtest7 WHERE k BETWEEN 4689980 AND 4690080
	Bitmap Heap Scan on sbtest7  (cost=5.46..401.19 rows=100 width=125)
	  Recheck Cond: ((k >= 4689980) AND (k <= 4690080))
	  ->  Bitmap Index Scan on k_7  (cost=0.00..5.43 rows=100 width=0)
	        Index Cond: ((k >= 4689980) AND (k <= 4690080))

table 8 : explain SELECT k, c FROM sbtest8 WHERE k BETWEEN 4689980 AND 4690080
	Bitmap Heap Scan on sbtest8  (cost=5.45..397.25 rows=99 width=125)
	  Recheck Cond: ((k >= 4689980) AND (k <= 4690080))
	  ->  Bitmap Index Scan on k_8  (cost=0.00..5.42 rows=99 width=0)
	        Index Cond: ((k >= 4689980) AND (k <= 4690080))

explain: for range-notcovered :: explain SELECT k, c FROM sbtest%d WHERE k BETWEEN 4689980 AND 4690080
explain: for range-notcovered :: explain SELECT k, c FROM sbtest%d WHERE k BETWEEN 6024051 AND 6024151
for range-notcovered
table 1 : explain SELECT k, c FROM sbtest1 WHERE k BETWEEN 7454061 AND 7454161
	Bitmap Heap Scan on sbtest1  (cost=5.45..397.25 rows=99 width=125)
	  Recheck Cond: ((k >= 7454061) AND (k <= 7454161))
	  ->  Bitmap Index Scan on k_1  (cost=0.00..5.42 rows=99 width=0)
	        Index Cond: ((k >= 7454061) AND (k <= 7454161))

table 2 : explain SELECT k, c FROM sbtest2 WHERE k BETWEEN 7454061 AND 7454161
	Bitmap Heap Scan on sbtest2  (cost=5.45..397.25 rows=99 width=125)
	  Recheck Cond: ((k >= 7454061) AND (k <= 7454161))
	  ->  Bitmap Index Scan on k_2  (cost=0.00..5.42 rows=99 width=0)
	        Index Cond: ((k >= 7454061) AND (k <= 7454161))

table 3 : explain SELECT k, c FROM sbtest3 WHERE k BETWEEN 7454061 AND 7454161
	Bitmap Heap Scan on sbtest3  (cost=5.45..397.25 rows=99 width=125)
	  Recheck Cond: ((k >= 7454061) AND (k <= 7454161))
	  ->  Bitmap Index Scan on k_3  (cost=0.00..5.42 rows=99 width=0)
	        Index Cond: ((k >= 7454061) AND (k <= 7454161))

table 4 : explain SELECT k, c FROM sbtest4 WHERE k BETWEEN 7454061 AND 7454161
	Bitmap Heap Scan on sbtest4  (cost=5.54..432.69 rows=108 width=125)
	  Recheck Cond: ((k >= 7454061) AND (k <= 7454161))
	  ->  Bitmap Index Scan on k_4  (cost=0.00..5.51 rows=108 width=0)
	        Index Cond: ((k >= 7454061) AND (k <= 7454161))

table 5 : explain SELECT k, c FROM sbtest5 WHERE k BETWEEN 7454061 AND 7454161
	Bitmap Heap Scan on sbtest5  (cost=5.39..373.61 rows=93 width=125)
	  Recheck Cond: ((k >= 7454061) AND (k <= 7454161))
	  ->  Bitmap Index Scan on k_5  (cost=0.00..5.36 rows=93 width=0)
	        Index Cond: ((k >= 7454061) AND (k <= 7454161))

table 6 : explain SELECT k, c FROM sbtest6 WHERE k BETWEEN 7454061 AND 7454161
	Bitmap Heap Scan on sbtest6  (cost=5.53..428.75 rows=107 width=125)
	  Recheck Cond: ((k >= 7454061) AND (k <= 7454161))
	  ->  Bitmap Index Scan on k_6  (cost=0.00..5.50 rows=107 width=0)
	        Index Cond: ((k >= 7454061) AND (k <= 7454161))

table 7 : explain SELECT k, c FROM sbtest7 WHERE k BETWEEN 7454061 AND 7454161
	Bitmap Heap Scan on sbtest7  (cost=5.51..420.88 rows=105 width=125)
	  Recheck Cond: ((k >= 7454061) AND (k <= 7454161))
	  ->  Bitmap Index Scan on k_7  (cost=0.00..5.48 rows=105 width=0)
	        Index Cond: ((k >= 7454061) AND (k <= 7454161))

table 8 : explain SELECT k, c FROM sbtest8 WHERE k BETWEEN 7454061 AND 7454161
	Bitmap Heap Scan on sbtest8  (cost=5.44..393.31 rows=98 width=125)
	  Recheck Cond: ((k >= 7454061) AND (k <= 7454161))
	  ->  Bitmap Index Scan on k_8  (cost=0.00..5.42 rows=98 width=0)
	        Index Cond: ((k >= 7454061) AND (k <= 7454161))

explain: for range-notcovered :: explain SELECT k, c FROM sbtest%d WHERE k BETWEEN 7454061 AND 7454161
for range-notcovered
table 1 : explain SELECT k, c FROM sbtest1 WHERE k BETWEEN 6648890 AND 6648990
	Bitmap Heap Scan on sbtest1  (cost=5.47..405.13 rows=101 width=125)
	  Recheck Cond: ((k >= 6648890) AND (k <= 6648990))
	  ->  Bitmap Index Scan on k_1  (cost=0.00..5.44 rows=101 width=0)
	        Index Cond: ((k >= 6648890) AND (k <= 6648990))

table 2 : explain SELECT k, c FROM sbtest2 WHERE k BETWEEN 6648890 AND 6648990
	Bitmap Heap Scan on sbtest2  (cost=5.43..389.37 rows=97 width=125)
	  Recheck Cond: ((k >= 6648890) AND (k <= 6648990))
	  ->  Bitmap Index Scan on k_2  (cost=0.00..5.40 rows=97 width=0)
	        Index Cond: ((k >= 6648890) AND (k <= 6648990))

table 3 : explain SELECT k, c FROM sbtest3 WHERE k BETWEEN 6648890 AND 6648990
	Bitmap Heap Scan on sbtest3  (cost=5.49..413.00 rows=103 width=125)
	  Recheck Cond: ((k >= 6648890) AND (k <= 6648990))
	  ->  Bitmap Index Scan on k_3  (cost=0.00..5.46 rows=103 width=0)
	        Index Cond: ((k >= 6648890) AND (k <= 6648990))

table 4 : explain SELECT k, c FROM sbtest4 WHERE k BETWEEN 6648890 AND 6648990
	Bitmap Heap Scan on sbtest4  (cost=5.36..361.78 rows=90 width=125)
	  Recheck Cond: ((k >= 6648890) AND (k <= 6648990))
	  ->  Bitmap Index Scan on k_4  (cost=0.00..5.33 rows=90 width=0)
	        Index Cond: ((k >= 6648890) AND (k <= 6648990))

table 5 : explain SELECT k, c FROM sbtest5 WHERE k BETWEEN 6648890 AND 6648990
	Bitmap Heap Scan on sbtest5  (cost=5.48..409.07 rows=102 width=125)
	  Recheck Cond: ((k >= 6648890) AND (k <= 6648990))
	  ->  Bitmap Index Scan on k_5  (cost=0.00..5.45 rows=102 width=0)
	        Index Cond: ((k >= 6648890) AND (k <= 6648990))

table 6 : explain SELECT k, c FROM sbtest6 WHERE k BETWEEN 6648890 AND 6648990
	Bitmap Heap Scan on sbtest6  (cost=5.44..393.31 rows=98 width=125)
	  Recheck Cond: ((k >= 6648890) AND (k <= 6648990))
	  ->  Bitmap Index Scan on k_6  (cost=0.00..5.42 rows=98 width=0)
	        Index Cond: ((k >= 6648890) AND (k <= 6648990))

table 7 : explain SELECT k, c FROM sbtest7 WHERE k BETWEEN 6648890 AND 6648990
	Bitmap Heap Scan on sbtest7  (cost=5.50..416.94 rows=104 width=125)
	  Recheck Cond: ((k >= 6648890) AND (k <= 6648990))
	  ->  Bitmap Index Scan on k_7  (cost=0.00..5.47 rows=104 width=0)
	        Index Cond: ((k >= 6648890) AND (k <= 6648990))

table 8 : explain SELECT k, c FROM sbtest8 WHERE k BETWEEN 6648890 AND 6648990
	Bitmap Heap Scan on sbtest8  (cost=5.46..401.19 rows=100 width=125)
	  Recheck Cond: ((k >= 6648890) AND (k <= 6648990))
	  ->  Bitmap Index Scan on k_8  (cost=0.00..5.43 rows=100 width=0)
	        Index Cond: ((k >= 6648890) AND (k <= 6648990))

explain: for range-notcovered :: explain SELECT k, c FROM sbtest%d WHERE k BETWEEN 6648890 AND 6648990
for range-notcovered
table 1 : explain SELECT k, c FROM sbtest1 WHERE k BETWEEN 4468488 AND 4468588
	Bitmap Heap Scan on sbtest1  (cost=5.52..424.81 rows=106 width=125)
	  Recheck Cond: ((k >= 4468488) AND (k <= 4468588))
	  ->  Bitmap Index Scan on k_1  (cost=0.00..5.50 rows=106 width=0)
	        Index Cond: ((k >= 4468488) AND (k <= 4468588))

table 2 : explain SELECT k, c FROM sbtest2 WHERE k BETWEEN 4468488 AND 4468588
	Bitmap Heap Scan on sbtest2  (cost=5.55..436.62 rows=109 width=125)
	  Recheck Cond: ((k >= 4468488) AND (k <= 4468588))
	  ->  Bitmap Index Scan on k_2  (cost=0.00..5.52 rows=109 width=0)
	        Index Cond: ((k >= 4468488) AND (k <= 4468588))

table 3 : explain SELECT k, c FROM sbtest3 WHERE k BETWEEN 4468488 AND 4468588
	Bitmap Heap Scan on sbtest3  (cost=5.38..369.67 rows=92 width=125)
	  Recheck Cond: ((k >= 4468488) AND (k <= 4468588))
	  ->  Bitmap Index Scan on k_3  (cost=0.00..5.35 rows=92 width=0)
	        Index Cond: ((k >= 4468488) AND (k <= 4468588))

table 4 : explain SELECT k, c FROM sbtest4 WHERE k BETWEEN 4468488 AND 4468588
	Bitmap Heap Scan on sbtest4  (cost=5.37..365.72 rows=91 width=125)
	  Recheck Cond: ((k >= 4468488) AND (k <= 4468588))
	  ->  Bitmap Index Scan on k_4  (cost=0.00..5.34 rows=91 width=0)
	        Index Cond: ((k >= 4468488) AND (k <= 4468588))

table 5 : explain SELECT k, c FROM sbtest5 WHERE k BETWEEN 4468488 AND 4468588
	Bitmap Heap Scan on sbtest5  (cost=5.47..405.13 rows=101 width=125)
	  Recheck Cond: ((k >= 4468488) AND (k <= 4468588))
	  ->  Bitmap Index Scan on k_5  (cost=0.00..5.44 rows=101 width=0)
	        Index Cond: ((k >= 4468488) AND (k <= 4468588))

table 6 : explain SELECT k, c FROM sbtest6 WHERE k BETWEEN 4468488 AND 4468588
	Bitmap Heap Scan on sbtest6  (cost=5.48..409.07 rows=102 width=125)
	  Recheck Cond: ((k >= 4468488) AND (k <= 4468588))
	  ->  Bitmap Index Scan on k_6  (cost=0.00..5.45 rows=102 width=0)
	        Index Cond: ((k >= 4468488) AND (k <= 4468588))

table 7 : explain SELECT k, c FROM sbtest7 WHERE k BETWEEN 4468488 AND 4468588
	Bitmap Heap Scan on sbtest7  (cost=5.50..416.94 rows=104 width=125)
	  Recheck Cond: ((k >= 4468488) AND (k <= 4468588))
	  ->  Bitmap Index Scan on k_7  (cost=0.00..5.47 rows=104 width=0)
	        Index Cond: ((k >= 4468488) AND (k <= 4468588))

table 8 : explain SELECT k, c FROM sbtest8 WHERE k BETWEEN 4468488 AND 4468588
	Bitmap Heap Scan on sbtest8  (cost=5.60..456.29 rows=114 width=125)
	  Recheck Cond: ((k >= 4468488) AND (k <= 4468588))
	  ->  Bitmap Index Scan on k_8  (cost=0.00..5.58 rows=114 width=0)
	        Index Cond: ((k >= 4468488) AND (k <= 4468588))

for range-notcovered
table 1 : explain SELECT k, c FROM sbtest1 WHERE k BETWEEN 8496887 AND 8496987
	Bitmap Heap Scan on sbtest1  (cost=5.40..377.55 rows=94 width=125)
	  Recheck Cond: ((k >= 8496887) AND (k <= 8496987))
	  ->  Bitmap Index Scan on k_1  (cost=0.00..5.38 rows=94 width=0)
	        Index Cond: ((k >= 8496887) AND (k <= 8496987))

table 2 : explain SELECT k, c FROM sbtest2 WHERE k BETWEEN 8496887 AND 8496987
	Bitmap Heap Scan on sbtest2  (cost=5.52..424.81 rows=106 width=125)
	  Recheck Cond: ((k >= 8496887) AND (k <= 8496987))
	  ->  Bitmap Index Scan on k_2  (cost=0.00..5.50 rows=106 width=0)
	        Index Cond: ((k >= 8496887) AND (k <= 8496987))

table 3 : explain SELECT k, c FROM sbtest3 WHERE k BETWEEN 8496887 AND 8496987
	Bitmap Heap Scan on sbtest3  (cost=5.43..389.37 rows=97 width=125)
	  Recheck Cond: ((k >= 8496887) AND (k <= 8496987))
	  ->  Bitmap Index Scan on k_3  (cost=0.00..5.40 rows=97 width=0)
	        Index Cond: ((k >= 8496887) AND (k <= 8496987))

table 4 : explain SELECT k, c FROM sbtest4 WHERE k BETWEEN 8496887 AND 8496987
	Bitmap Heap Scan on sbtest4  (cost=5.45..397.25 rows=99 width=125)
	  Recheck Cond: ((k >= 8496887) AND (k <= 8496987))
	  ->  Bitmap Index Scan on k_4  (cost=0.00..5.42 rows=99 width=0)
	        Index Cond: ((k >= 8496887) AND (k <= 8496987))

table 5 : explain SELECT k, c FROM sbtest5 WHERE k BETWEEN 8496887 AND 8496987
	Bitmap Heap Scan on sbtest5  (cost=5.45..397.25 rows=99 width=125)
	  Recheck Cond: ((k >= 8496887) AND (k <= 8496987))
	  ->  Bitmap Index Scan on k_5  (cost=0.00..5.42 rows=99 width=0)
	        Index Cond: ((k >= 8496887) AND (k <= 8496987))

table 6 : explain SELECT k, c FROM sbtest6 WHERE k BETWEEN 8496887 AND 8496987
	Bitmap Heap Scan on sbtest6  (cost=5.46..401.19 rows=100 width=125)
	  Recheck Cond: ((k >= 8496887) AND (k <= 8496987))
	  ->  Bitmap Index Scan on k_6  (cost=0.00..5.43 rows=100 width=0)
	        Index Cond: ((k >= 8496887) AND (k <= 8496987))

table 7 : explain SELECT k, c FROM sbtest7 WHERE k BETWEEN 8496887 AND 8496987
	Bitmap Heap Scan on sbtest7  (cost=5.44..393.31 rows=98 width=125)
	  Recheck Cond: ((k >= 8496887) AND (k <= 8496987))
	  ->  Bitmap Index Scan on k_7  (cost=0.00..5.42 rows=98 width=0)
	        Index Cond: ((k >= 8496887) AND (k <= 8496987))

table 8 : explain SELECT k, c FROM sbtest8 WHERE k BETWEEN 8496887 AND 8496987
	Bitmap Heap Scan on sbtest8  (cost=5.49..413.00 rows=103 width=125)
	  Recheck Cond: ((k >= 8496887) AND (k <= 8496987))
	  ->  Bitmap Index Scan on k_8  (cost=0.00..5.46 rows=103 width=0)
	        Index Cond: ((k >= 8496887) AND (k <= 8496987))

for range-notcovered
table 1 : explain SELECT k, c FROM sbtest1 WHERE k BETWEEN 6024051 AND 6024151
	Bitmap Heap Scan on sbtest1  (cost=5.56..440.56 rows=110 width=125)
	  Recheck Cond: ((k >= 6024051) AND (k <= 6024151))
	  ->  Bitmap Index Scan on k_1  (cost=0.00..5.53 rows=110 width=0)
	        Index Cond: ((k >= 6024051) AND (k <= 6024151))

table 2 : explain SELECT k, c FROM sbtest2 WHERE k BETWEEN 6024051 AND 6024151
	Bitmap Heap Scan on sbtest2  (cost=5.63..468.09 rows=117 width=125)
	  Recheck Cond: ((k >= 6024051) AND (k <= 6024151))
	  ->  Bitmap Index Scan on k_2  (cost=0.00..5.60 rows=117 width=0)
	        Index Cond: ((k >= 6024051) AND (k <= 6024151))

table 3 : explain SELECT k, c FROM sbtest3 WHERE k BETWEEN 6024051 AND 6024151
	Bitmap Heap Scan on sbtest3  (cost=5.50..416.94 rows=104 width=125)
	  Recheck Cond: ((k >= 6024051) AND (k <= 6024151))
	  ->  Bitmap Index Scan on k_3  (cost=0.00..5.47 rows=104 width=0)
	        Index Cond: ((k >= 6024051) AND (k <= 6024151))

table 4 : explain SELECT k, c FROM sbtest4 WHERE k BETWEEN 6024051 AND 6024151
	Bitmap Heap Scan on sbtest4  (cost=5.51..420.88 rows=105 width=125)
	  Recheck Cond: ((k >= 6024051) AND (k <= 6024151))
	  ->  Bitmap Index Scan on k_4  (cost=0.00..5.48 rows=105 width=0)
	        Index Cond: ((k >= 6024051) AND (k <= 6024151))

table 5 : explain SELECT k, c FROM sbtest5 WHERE k BETWEEN 6024051 AND 6024151
	Bitmap Heap Scan on sbtest5  (cost=5.46..401.19 rows=100 width=125)
	  Recheck Cond: ((k >= 6024051) AND (k <= 6024151))
	  ->  Bitmap Index Scan on k_5  (cost=0.00..5.43 rows=100 width=0)
	        Index Cond: ((k >= 6024051) AND (k <= 6024151))

table 6 : explain SELECT k, c FROM sbtest6 WHERE k BETWEEN 6024051 AND 6024151
	Bitmap Heap Scan on sbtest6  (cost=5.68..483.81 rows=121 width=125)
	  Recheck Cond: ((k >= 6024051) AND (k <= 6024151))
	  ->  Bitmap Index Scan on k_6  (cost=0.00..5.64 rows=121 width=0)
	        Index Cond: ((k >= 6024051) AND (k <= 6024151))

table 7 : explain SELECT k, c FROM sbtest7 WHERE k BETWEEN 6024051 AND 6024151
	Bitmap Heap Scan on sbtest7  (cost=5.43..389.37 rows=97 width=125)
	  Recheck Cond: ((k >= 6024051) AND (k <= 6024151))
	  ->  Bitmap Index Scan on k_7  (cost=0.00..5.40 rows=97 width=0)
	        Index Cond: ((k >= 6024051) AND (k <= 6024151))

table 8 : explain SELECT k, c FROM sbtest8 WHERE k BETWEEN 6024051 AND 6024151
	Bitmap Heap Scan on sbtest8  (cost=5.41..381.49 rows=95 width=125)
	  Recheck Cond: ((k >= 6024051) AND (k <= 6024151))
	  ->  Bitmap Index Scan on k_8  (cost=0.00..5.38 rows=95 width=0)
	        Index Cond: ((k >= 6024051) AND (k <= 6024151))

explain: for range-notcovered :: explain SELECT k, c FROM sbtest%d WHERE k BETWEEN 4468488 AND 4468588
explain: for range-notcovered :: explain SELECT k, c FROM sbtest%d WHERE k BETWEEN 6024051 AND 6024151
for range-notcovered
table 1 : explain SELECT k, c FROM sbtest1 WHERE k BETWEEN 4689980 AND 4690080
	Bitmap Heap Scan on sbtest1  (cost=5.43..389.37 rows=97 width=125)
	  Recheck Cond: ((k >= 4689980) AND (k <= 4690080))
	  ->  Bitmap Index Scan on k_1  (cost=0.00..5.40 rows=97 width=0)
	        Index Cond: ((k >= 4689980) AND (k <= 4690080))

table 2 : explain SELECT k, c FROM sbtest2 WHERE k BETWEEN 4689980 AND 4690080
	Bitmap Heap Scan on sbtest2  (cost=5.53..428.75 rows=107 width=125)
	  Recheck Cond: ((k >= 4689980) AND (k <= 4690080))
	  ->  Bitmap Index Scan on k_2  (cost=0.00..5.50 rows=107 width=0)
	        Index Cond: ((k >= 4689980) AND (k <= 4690080))

table 3 : explain SELECT k, c FROM sbtest3 WHERE k BETWEEN 4689980 AND 4690080
	Bitmap Heap Scan on sbtest3  (cost=5.38..369.67 rows=92 width=125)
	  Recheck Cond: ((k >= 4689980) AND (k <= 4690080))
	  ->  Bitmap Index Scan on k_3  (cost=0.00..5.35 rows=92 width=0)
	        Index Cond: ((k >= 4689980) AND (k <= 4690080))

table 4 : explain SELECT k, c FROM sbtest4 WHERE k BETWEEN 4689980 AND 4690080
	Bitmap Heap Scan on sbtest4  (cost=5.45..397.25 rows=99 width=125)
	  Recheck Cond: ((k >= 4689980) AND (k <= 4690080))
	  ->  Bitmap Index Scan on k_4  (cost=0.00..5.42 rows=99 width=0)
	        Index Cond: ((k >= 4689980) AND (k <= 4690080))

table 5 : explain SELECT k, c FROM sbtest5 WHERE k BETWEEN 4689980 AND 4690080
	Bitmap Heap Scan on sbtest5  (cost=5.53..428.75 rows=107 width=125)
	  Recheck Cond: ((k >= 4689980) AND (k <= 4690080))
	  ->  Bitmap Index Scan on k_5  (cost=0.00..5.50 rows=107 width=0)
	        Index Cond: ((k >= 4689980) AND (k <= 4690080))

table 6 : explain SELECT k, c FROM sbtest6 WHERE k BETWEEN 4689980 AND 4690080
	Bitmap Heap Scan on sbtest6  (cost=5.53..428.75 rows=107 width=125)
	  Recheck Cond: ((k >= 4689980) AND (k <= 4690080))
	  ->  Bitmap Index Scan on k_6  (cost=0.00..5.50 rows=107 width=0)
	        Index Cond: ((k >= 4689980) AND (k <= 4690080))

table 7 : explain SELECT k, c FROM sbtest7 WHERE k BETWEEN 4689980 AND 4690080
	Bitmap Heap Scan on sbtest7  (cost=5.46..401.19 rows=100 width=125)
	  Recheck Cond: ((k >= 4689980) AND (k <= 4690080))
	  ->  Bitmap Index Scan on k_7  (cost=0.00..5.43 rows=100 width=0)
	        Index Cond: ((k >= 4689980) AND (k <= 4690080))

table 8 : explain SELECT k, c FROM sbtest8 WHERE k BETWEEN 4689980 AND 4690080
	Bitmap Heap Scan on sbtest8  (cost=5.45..397.25 rows=99 width=125)
	  Recheck Cond: ((k >= 4689980) AND (k <= 4690080))
	  ->  Bitmap Index Scan on k_8  (cost=0.00..5.42 rows=99 width=0)
	        Index Cond: ((k >= 4689980) AND (k <= 4690080))

for range-notcovered
table 1 : explain SELECT k, c FROM sbtest1 WHERE k BETWEEN 7454061 AND 7454161
	Bitmap Heap Scan on sbtest1  (cost=5.45..397.25 rows=99 width=125)
	  Recheck Cond: ((k >= 7454061) AND (k <= 7454161))
	  ->  Bitmap Index Scan on k_1  (cost=0.00..5.42 rows=99 width=0)
	        Index Cond: ((k >= 7454061) AND (k <= 7454161))

table 2 : explain SELECT k, c FROM sbtest2 WHERE k BETWEEN 7454061 AND 7454161
	Bitmap Heap Scan on sbtest2  (cost=5.45..397.25 rows=99 width=125)
	  Recheck Cond: ((k >= 7454061) AND (k <= 7454161))
	  ->  Bitmap Index Scan on k_2  (cost=0.00..5.42 rows=99 width=0)
	        Index Cond: ((k >= 7454061) AND (k <= 7454161))

table 3 : explain SELECT k, c FROM sbtest3 WHERE k BETWEEN 7454061 AND 7454161
	Bitmap Heap Scan on sbtest3  (cost=5.45..397.25 rows=99 width=125)
	  Recheck Cond: ((k >= 7454061) AND (k <= 7454161))
	  ->  Bitmap Index Scan on k_3  (cost=0.00..5.42 rows=99 width=0)
	        Index Cond: ((k >= 7454061) AND (k <= 7454161))

table 4 : explain SELECT k, c FROM sbtest4 WHERE k BETWEEN 7454061 AND 7454161
	Bitmap Heap Scan on sbtest4  (cost=5.54..432.69 rows=108 width=125)
	  Recheck Cond: ((k >= 7454061) AND (k <= 7454161))
	  ->  Bitmap Index Scan on k_4  (cost=0.00..5.51 rows=108 width=0)
	        Index Cond: ((k >= 7454061) AND (k <= 7454161))

table 5 : explain SELECT k, c FROM sbtest5 WHERE k BETWEEN 7454061 AND 7454161
	Bitmap Heap Scan on sbtest5  (cost=5.39..373.61 rows=93 width=125)
	  Recheck Cond: ((k >= 7454061) AND (k <= 7454161))
	  ->  Bitmap Index Scan on k_5  (cost=0.00..5.36 rows=93 width=0)
	        Index Cond: ((k >= 7454061) AND (k <= 7454161))

table 6 : explain SELECT k, c FROM sbtest6 WHERE k BETWEEN 7454061 AND 7454161
	Bitmap Heap Scan on sbtest6  (cost=5.53..428.75 rows=107 width=125)
	  Recheck Cond: ((k >= 7454061) AND (k <= 7454161))
	  ->  Bitmap Index Scan on k_6  (cost=0.00..5.50 rows=107 width=0)
	        Index Cond: ((k >= 7454061) AND (k <= 7454161))

table 7 : explain SELECT k, c FROM sbtest7 WHERE k BETWEEN 7454061 AND 7454161
	Bitmap Heap Scan on sbtest7  (cost=5.51..420.88 rows=105 width=125)
	  Recheck Cond: ((k >= 7454061) AND (k <= 7454161))
	  ->  Bitmap Index Scan on k_7  (cost=0.00..5.48 rows=105 width=0)
	        Index Cond: ((k >= 7454061) AND (k <= 7454161))

table 8 : explain SELECT k, c FROM sbtest8 WHERE k BETWEEN 7454061 AND 7454161
	Bitmap Heap Scan on sbtest8  (cost=5.44..393.31 rows=98 width=125)
	  Recheck Cond: ((k >= 7454061) AND (k <= 7454161))
	  ->  Bitmap Index Scan on k_8  (cost=0.00..5.42 rows=98 width=0)
	        Index Cond: ((k >= 7454061) AND (k <= 7454161))

explain: for range-notcovered :: explain SELECT k, c FROM sbtest%d WHERE k BETWEEN 4689980 AND 4690080
explain: for range-notcovered :: explain SELECT k, c FROM sbtest%d WHERE k BETWEEN 7454061 AND 7454161
for range-notcovered
table 1 : explain SELECT k, c FROM sbtest1 WHERE k BETWEEN 6648890 AND 6648990
	Bitmap Heap Scan on sbtest1  (cost=5.47..405.13 rows=101 width=125)
	  Recheck Cond: ((k >= 6648890) AND (k <= 6648990))
	  ->  Bitmap Index Scan on k_1  (cost=0.00..5.44 rows=101 width=0)
	        Index Cond: ((k >= 6648890) AND (k <= 6648990))

table 2 : explain SELECT k, c FROM sbtest2 WHERE k BETWEEN 6648890 AND 6648990
	Bitmap Heap Scan on sbtest2  (cost=5.43..389.37 rows=97 width=125)
	  Recheck Cond: ((k >= 6648890) AND (k <= 6648990))
	  ->  Bitmap Index Scan on k_2  (cost=0.00..5.40 rows=97 width=0)
	        Index Cond: ((k >= 6648890) AND (k <= 6648990))

table 3 : explain SELECT k, c FROM sbtest3 WHERE k BETWEEN 6648890 AND 6648990
	Bitmap Heap Scan on sbtest3  (cost=5.49..413.00 rows=103 width=125)
	  Recheck Cond: ((k >= 6648890) AND (k <= 6648990))
	  ->  Bitmap Index Scan on k_3  (cost=0.00..5.46 rows=103 width=0)
	        Index Cond: ((k >= 6648890) AND (k <= 6648990))

table 4 : explain SELECT k, c FROM sbtest4 WHERE k BETWEEN 6648890 AND 6648990
	Bitmap Heap Scan on sbtest4  (cost=5.36..361.78 rows=90 width=125)
	  Recheck Cond: ((k >= 6648890) AND (k <= 6648990))
	  ->  Bitmap Index Scan on k_4  (cost=0.00..5.33 rows=90 width=0)
	        Index Cond: ((k >= 6648890) AND (k <= 6648990))

table 5 : explain SELECT k, c FROM sbtest5 WHERE k BETWEEN 6648890 AND 6648990
	Bitmap Heap Scan on sbtest5  (cost=5.48..409.07 rows=102 width=125)
	  Recheck Cond: ((k >= 6648890) AND (k <= 6648990))
	  ->  Bitmap Index Scan on k_5  (cost=0.00..5.45 rows=102 width=0)
	        Index Cond: ((k >= 6648890) AND (k <= 6648990))

table 6 : explain SELECT k, c FROM sbtest6 WHERE k BETWEEN 6648890 AND 6648990
	Bitmap Heap Scan on sbtest6  (cost=5.44..393.31 rows=98 width=125)
	  Recheck Cond: ((k >= 6648890) AND (k <= 6648990))
	  ->  Bitmap Index Scan on k_6  (cost=0.00..5.42 rows=98 width=0)
	        Index Cond: ((k >= 6648890) AND (k <= 6648990))

table 7 : explain SELECT k, c FROM sbtest7 WHERE k BETWEEN 6648890 AND 6648990
	Bitmap Heap Scan on sbtest7  (cost=5.50..416.94 rows=104 width=125)
	  Recheck Cond: ((k >= 6648890) AND (k <= 6648990))
	  ->  Bitmap Index Scan on k_7  (cost=0.00..5.47 rows=104 width=0)
	        Index Cond: ((k >= 6648890) AND (k <= 6648990))

table 8 : explain SELECT k, c FROM sbtest8 WHERE k BETWEEN 6648890 AND 6648990
	Bitmap Heap Scan on sbtest8  (cost=5.46..401.19 rows=100 width=125)
	  Recheck Cond: ((k >= 6648890) AND (k <= 6648990))
	  ->  Bitmap Index Scan on k_8  (cost=0.00..5.43 rows=100 width=0)
	        Index Cond: ((k >= 6648890) AND (k <= 6648990))

explain: for range-notcovered :: explain SELECT k, c FROM sbtest%d WHERE k BETWEEN 6648890 AND 6648990
for range-notcovered
table 1 : explain SELECT k, c FROM sbtest1 WHERE k BETWEEN 7185947 AND 7186047
	Bitmap Heap Scan on sbtest1  (cost=5.48..409.07 rows=102 width=125)
	  Recheck Cond: ((k >= 7185947) AND (k <= 7186047))
	  ->  Bitmap Index Scan on k_1  (cost=0.00..5.45 rows=102 width=0)
	        Index Cond: ((k >= 7185947) AND (k <= 7186047))

table 2 : explain SELECT k, c FROM sbtest2 WHERE k BETWEEN 7185947 AND 7186047
	Bitmap Heap Scan on sbtest2  (cost=5.40..377.55 rows=94 width=125)
	  Recheck Cond: ((k >= 7185947) AND (k <= 7186047))
	  ->  Bitmap Index Scan on k_2  (cost=0.00..5.38 rows=94 width=0)
	        Index Cond: ((k >= 7185947) AND (k <= 7186047))

table 3 : explain SELECT k, c FROM sbtest3 WHERE k BETWEEN 7185947 AND 7186047
	Bitmap Heap Scan on sbtest3  (cost=5.48..409.07 rows=102 width=125)
	  Recheck Cond: ((k >= 7185947) AND (k <= 7186047))
	  ->  Bitmap Index Scan on k_3  (cost=0.00..5.45 rows=102 width=0)
	        Index Cond: ((k >= 7185947) AND (k <= 7186047))

table 4 : explain SELECT k, c FROM sbtest4 WHERE k BETWEEN 7185947 AND 7186047
	Bitmap Heap Scan on sbtest4  (cost=5.51..420.88 rows=105 width=125)
	  Recheck Cond: ((k >= 7185947) AND (k <= 7186047))
	  ->  Bitmap Index Scan on k_4  (cost=0.00..5.48 rows=105 width=0)
	        Index Cond: ((k >= 7185947) AND (k <= 7186047))

table 5 : explain SELECT k, c FROM sbtest5 WHERE k BETWEEN 7185947 AND 7186047
	Bitmap Heap Scan on sbtest5  (cost=5.46..401.19 rows=100 width=125)
	  Recheck Cond: ((k >= 7185947) AND (k <= 7186047))
	  ->  Bitmap Index Scan on k_5  (cost=0.00..5.43 rows=100 width=0)
	        Index Cond: ((k >= 7185947) AND (k <= 7186047))

table 6 : explain SELECT k, c FROM sbtest6 WHERE k BETWEEN 7185947 AND 7186047
	Bitmap Heap Scan on sbtest6  (cost=5.57..444.49 rows=111 width=125)
	  Recheck Cond: ((k >= 7185947) AND (k <= 7186047))
	  ->  Bitmap Index Scan on k_6  (cost=0.00..5.54 rows=111 width=0)
	        Index Cond: ((k >= 7185947) AND (k <= 7186047))

table 7 : explain SELECT k, c FROM sbtest7 WHERE k BETWEEN 7185947 AND 7186047
	Bitmap Heap Scan on sbtest7  (cost=5.42..385.43 rows=96 width=125)
	  Recheck Cond: ((k >= 7185947) AND (k <= 7186047))
	  ->  Bitmap Index Scan on k_7  (cost=0.00..5.39 rows=96 width=0)
	        Index Cond: ((k >= 7185947) AND (k <= 7186047))

table 8 : explain SELECT k, c FROM sbtest8 WHERE k BETWEEN 7185947 AND 7186047
	Bitmap Heap Scan on sbtest8  (cost=5.44..393.31 rows=98 width=125)
	  Recheck Cond: ((k >= 7185947) AND (k <= 7186047))
	  ->  Bitmap Index Scan on k_8  (cost=0.00..5.42 rows=98 width=0)
	        Index Cond: ((k >= 7185947) AND (k <= 7186047))

explain: for range-notcovered :: explain SELECT k, c FROM sbtest%d WHERE k BETWEEN 7185947 AND 7186047
for range-notcovered
table 1 : explain SELECT k, c FROM sbtest1 WHERE k BETWEEN 6024051 AND 6024151
	Bitmap Heap Scan on sbtest1  (cost=5.56..440.56 rows=110 width=125)
	  Recheck Cond: ((k >= 6024051) AND (k <= 6024151))
	  ->  Bitmap Index Scan on k_1  (cost=0.00..5.53 rows=110 width=0)
	        Index Cond: ((k >= 6024051) AND (k <= 6024151))

table 2 : explain SELECT k, c FROM sbtest2 WHERE k BETWEEN 6024051 AND 6024151
	Bitmap Heap Scan on sbtest2  (cost=5.63..468.09 rows=117 width=125)
	  Recheck Cond: ((k >= 6024051) AND (k <= 6024151))
	  ->  Bitmap Index Scan on k_2  (cost=0.00..5.60 rows=117 width=0)
	        Index Cond: ((k >= 6024051) AND (k <= 6024151))

table 3 : explain SELECT k, c FROM sbtest3 WHERE k BETWEEN 6024051 AND 6024151
	Bitmap Heap Scan on sbtest3  (cost=5.50..416.94 rows=104 width=125)
	  Recheck Cond: ((k >= 6024051) AND (k <= 6024151))
	  ->  Bitmap Index Scan on k_3  (cost=0.00..5.47 rows=104 width=0)
	        Index Cond: ((k >= 6024051) AND (k <= 6024151))

table 4 : explain SELECT k, c FROM sbtest4 WHERE k BETWEEN 6024051 AND 6024151
	Bitmap Heap Scan on sbtest4  (cost=5.51..420.88 rows=105 width=125)
	  Recheck Cond: ((k >= 6024051) AND (k <= 6024151))
	  ->  Bitmap Index Scan on k_4  (cost=0.00..5.48 rows=105 width=0)
	        Index Cond: ((k >= 6024051) AND (k <= 6024151))

table 5 : explain SELECT k, c FROM sbtest5 WHERE k BETWEEN 6024051 AND 6024151
	Bitmap Heap Scan on sbtest5  (cost=5.46..401.19 rows=100 width=125)
	  Recheck Cond: ((k >= 6024051) AND (k <= 6024151))
	  ->  Bitmap Index Scan on k_5  (cost=0.00..5.43 rows=100 width=0)
	        Index Cond: ((k >= 6024051) AND (k <= 6024151))

table 6 : explain SELECT k, c FROM sbtest6 WHERE k BETWEEN 6024051 AND 6024151
	Bitmap Heap Scan on sbtest6  (cost=5.68..483.81 rows=121 width=125)
	  Recheck Cond: ((k >= 6024051) AND (k <= 6024151))
	  ->  Bitmap Index Scan on k_6  (cost=0.00..5.64 rows=121 width=0)
	        Index Cond: ((k >= 6024051) AND (k <= 6024151))

table 7 : explain SELECT k, c FROM sbtest7 WHERE k BETWEEN 6024051 AND 6024151
	Bitmap Heap Scan on sbtest7  (cost=5.43..389.37 rows=97 width=125)
	  Recheck Cond: ((k >= 6024051) AND (k <= 6024151))
	  ->  Bitmap Index Scan on k_7  (cost=0.00..5.40 rows=97 width=0)
	        Index Cond: ((k >= 6024051) AND (k <= 6024151))

table 8 : explain SELECT k, c FROM sbtest8 WHERE k BETWEEN 6024051 AND 6024151
	Bitmap Heap Scan on sbtest8  (cost=5.41..381.49 rows=95 width=125)
	  Recheck Cond: ((k >= 6024051) AND (k <= 6024151))
	  ->  Bitmap Index Scan on k_8  (cost=0.00..5.38 rows=95 width=0)
	        Index Cond: ((k >= 6024051) AND (k <= 6024151))

for range-notcovered
table 1 : explain SELECT k, c FROM sbtest1 WHERE k BETWEEN 7454061 AND 7454161
	Bitmap Heap Scan on sbtest1  (cost=5.45..397.25 rows=99 width=125)
	  Recheck Cond: ((k >= 7454061) AND (k <= 7454161))
	  ->  Bitmap Index Scan on k_1  (cost=0.00..5.42 rows=99 width=0)
	        Index Cond: ((k >= 7454061) AND (k <= 7454161))

table 2 : explain SELECT k, c FROM sbtest2 WHERE k BETWEEN 7454061 AND 7454161
	Bitmap Heap Scan on sbtest2  (cost=5.45..397.25 rows=99 width=125)
	  Recheck Cond: ((k >= 7454061) AND (k <= 7454161))
	  ->  Bitmap Index Scan on k_2  (cost=0.00..5.42 rows=99 width=0)
	        Index Cond: ((k >= 7454061) AND (k <= 7454161))

table 3 : explain SELECT k, c FROM sbtest3 WHERE k BETWEEN 7454061 AND 7454161
	Bitmap Heap Scan on sbtest3  (cost=5.45..397.25 rows=99 width=125)
	  Recheck Cond: ((k >= 7454061) AND (k <= 7454161))
	  ->  Bitmap Index Scan on k_3  (cost=0.00..5.42 rows=99 width=0)
	        Index Cond: ((k >= 7454061) AND (k <= 7454161))

table 4 : explain SELECT k, c FROM sbtest4 WHERE k BETWEEN 7454061 AND 7454161
	Bitmap Heap Scan on sbtest4  (cost=5.54..432.69 rows=108 width=125)
	  Recheck Cond: ((k >= 7454061) AND (k <= 7454161))
	  ->  Bitmap Index Scan on k_4  (cost=0.00..5.51 rows=108 width=0)
	        Index Cond: ((k >= 7454061) AND (k <= 7454161))

table 5 : explain SELECT k, c FROM sbtest5 WHERE k BETWEEN 7454061 AND 7454161
	Bitmap Heap Scan on sbtest5  (cost=5.39..373.61 rows=93 width=125)
	  Recheck Cond: ((k >= 7454061) AND (k <= 7454161))
	  ->  Bitmap Index Scan on k_5  (cost=0.00..5.36 rows=93 width=0)
	        Index Cond: ((k >= 7454061) AND (k <= 7454161))

table 6 : explain SELECT k, c FROM sbtest6 WHERE k BETWEEN 7454061 AND 7454161
	Bitmap Heap Scan on sbtest6  (cost=5.53..428.75 rows=107 width=125)
	  Recheck Cond: ((k >= 7454061) AND (k <= 7454161))
	  ->  Bitmap Index Scan on k_6  (cost=0.00..5.50 rows=107 width=0)
	        Index Cond: ((k >= 7454061) AND (k <= 7454161))

table 7 : explain SELECT k, c FROM sbtest7 WHERE k BETWEEN 7454061 AND 7454161
	Bitmap Heap Scan on sbtest7  (cost=5.51..420.88 rows=105 width=125)
	  Recheck Cond: ((k >= 7454061) AND (k <= 7454161))
	  ->  Bitmap Index Scan on k_7  (cost=0.00..5.48 rows=105 width=0)
	        Index Cond: ((k >= 7454061) AND (k <= 7454161))

table 8 : explain SELECT k, c FROM sbtest8 WHERE k BETWEEN 7454061 AND 7454161
	Bitmap Heap Scan on sbtest8  (cost=5.44..393.31 rows=98 width=125)
	  Recheck Cond: ((k >= 7454061) AND (k <= 7454161))
	  ->  Bitmap Index Scan on k_8  (cost=0.00..5.42 rows=98 width=0)
	        Index Cond: ((k >= 7454061) AND (k <= 7454161))

for range-notcovered
table 1 : explain SELECT k, c FROM sbtest1 WHERE k BETWEEN 4689980 AND 4690080
	Bitmap Heap Scan on sbtest1  (cost=5.43..389.37 rows=97 width=125)
	  Recheck Cond: ((k >= 4689980) AND (k <= 4690080))
	  ->  Bitmap Index Scan on k_1  (cost=0.00..5.40 rows=97 width=0)
	        Index Cond: ((k >= 4689980) AND (k <= 4690080))

table 2 : explain SELECT k, c FROM sbtest2 WHERE k BETWEEN 4689980 AND 4690080
	Bitmap Heap Scan on sbtest2  (cost=5.53..428.75 rows=107 width=125)
	  Recheck Cond: ((k >= 4689980) AND (k <= 4690080))
	  ->  Bitmap Index Scan on k_2  (cost=0.00..5.50 rows=107 width=0)
	        Index Cond: ((k >= 4689980) AND (k <= 4690080))

table 3 : explain SELECT k, c FROM sbtest3 WHERE k BETWEEN 4689980 AND 4690080
	Bitmap Heap Scan on sbtest3  (cost=5.38..369.67 rows=92 width=125)
	  Recheck Cond: ((k >= 4689980) AND (k <= 4690080))
	  ->  Bitmap Index Scan on k_3  (cost=0.00..5.35 rows=92 width=0)
	        Index Cond: ((k >= 4689980) AND (k <= 4690080))

table 4 : explain SELECT k, c FROM sbtest4 WHERE k BETWEEN 4689980 AND 4690080
	Bitmap Heap Scan on sbtest4  (cost=5.45..397.25 rows=99 width=125)
	  Recheck Cond: ((k >= 4689980) AND (k <= 4690080))
	  ->  Bitmap Index Scan on k_4  (cost=0.00..5.42 rows=99 width=0)
	        Index Cond: ((k >= 4689980) AND (k <= 4690080))

table 5 : explain SELECT k, c FROM sbtest5 WHERE k BETWEEN 4689980 AND 4690080
	Bitmap Heap Scan on sbtest5  (cost=5.53..428.75 rows=107 width=125)
	  Recheck Cond: ((k >= 4689980) AND (k <= 4690080))
	  ->  Bitmap Index Scan on k_5  (cost=0.00..5.50 rows=107 width=0)
	        Index Cond: ((k >= 4689980) AND (k <= 4690080))

table 6 : explain SELECT k, c FROM sbtest6 WHERE k BETWEEN 4689980 AND 4690080
	Bitmap Heap Scan on sbtest6  (cost=5.53..428.75 rows=107 width=125)
	  Recheck Cond: ((k >= 4689980) AND (k <= 4690080))
	  ->  Bitmap Index Scan on k_6  (cost=0.00..5.50 rows=107 width=0)
	        Index Cond: ((k >= 4689980) AND (k <= 4690080))

table 7 : explain SELECT k, c FROM sbtest7 WHERE k BETWEEN 4689980 AND 4690080
	Bitmap Heap Scan on sbtest7  (cost=5.46..401.19 rows=100 width=125)
	  Recheck Cond: ((k >= 4689980) AND (k <= 4690080))
	  ->  Bitmap Index Scan on k_7  (cost=0.00..5.43 rows=100 width=0)
	        Index Cond: ((k >= 4689980) AND (k <= 4690080))

table 8 : explain SELECT k, c FROM sbtest8 WHERE k BETWEEN 4689980 AND 4690080
	Bitmap Heap Scan on sbtest8  (cost=5.45..397.25 rows=99 width=125)
	  Recheck Cond: ((k >= 4689980) AND (k <= 4690080))
	  ->  Bitmap Index Scan on k_8  (cost=0.00..5.42 rows=99 width=0)
	        Index Cond: ((k >= 4689980) AND (k <= 4690080))

explain: for range-notcovered :: explain SELECT k, c FROM sbtest%d WHERE k BETWEEN 4689980 AND 4690080
for range-notcovered
table 1 : explain SELECT k, c FROM sbtest1 WHERE k BETWEEN 4468488 AND 4468588
	Bitmap Heap Scan on sbtest1  (cost=5.52..424.81 rows=106 width=125)
	  Recheck Cond: ((k >= 4468488) AND (k <= 4468588))
	  ->  Bitmap Index Scan on k_1  (cost=0.00..5.50 rows=106 width=0)
	        Index Cond: ((k >= 4468488) AND (k <= 4468588))

table 2 : explain SELECT k, c FROM sbtest2 WHERE k BETWEEN 4468488 AND 4468588
	Bitmap Heap Scan on sbtest2  (cost=5.55..436.62 rows=109 width=125)
	  Recheck Cond: ((k >= 4468488) AND (k <= 4468588))
	  ->  Bitmap Index Scan on k_2  (cost=0.00..5.52 rows=109 width=0)
	        Index Cond: ((k >= 4468488) AND (k <= 4468588))

table 3 : explain SELECT k, c FROM sbtest3 WHERE k BETWEEN 4468488 AND 4468588
	Bitmap Heap Scan on sbtest3  (cost=5.38..369.67 rows=92 width=125)
	  Recheck Cond: ((k >= 4468488) AND (k <= 4468588))
	  ->  Bitmap Index Scan on k_3  (cost=0.00..5.35 rows=92 width=0)
	        Index Cond: ((k >= 4468488) AND (k <= 4468588))

table 4 : explain SELECT k, c FROM sbtest4 WHERE k BETWEEN 4468488 AND 4468588
	Bitmap Heap Scan on sbtest4  (cost=5.37..365.72 rows=91 width=125)
	  Recheck Cond: ((k >= 4468488) AND (k <= 4468588))
	  ->  Bitmap Index Scan on k_4  (cost=0.00..5.34 rows=91 width=0)
	        Index Cond: ((k >= 4468488) AND (k <= 4468588))

table 5 : explain SELECT k, c FROM sbtest5 WHERE k BETWEEN 4468488 AND 4468588
	Bitmap Heap Scan on sbtest5  (cost=5.47..405.13 rows=101 width=125)
	  Recheck Cond: ((k >= 4468488) AND (k <= 4468588))
	  ->  Bitmap Index Scan on k_5  (cost=0.00..5.44 rows=101 width=0)
	        Index Cond: ((k >= 4468488) AND (k <= 4468588))

table 6 : explain SELECT k, c FROM sbtest6 WHERE k BETWEEN 4468488 AND 4468588
	Bitmap Heap Scan on sbtest6  (cost=5.48..409.07 rows=102 width=125)
	  Recheck Cond: ((k >= 4468488) AND (k <= 4468588))
	  ->  Bitmap Index Scan on k_6  (cost=0.00..5.45 rows=102 width=0)
	        Index Cond: ((k >= 4468488) AND (k <= 4468588))

table 7 : explain SELECT k, c FROM sbtest7 WHERE k BETWEEN 4468488 AND 4468588
	Bitmap Heap Scan on sbtest7  (cost=5.50..416.94 rows=104 width=125)
	  Recheck Cond: ((k >= 4468488) AND (k <= 4468588))
	  ->  Bitmap Index Scan on k_7  (cost=0.00..5.47 rows=104 width=0)
	        Index Cond: ((k >= 4468488) AND (k <= 4468588))

table 8 : explain SELECT k, c FROM sbtest8 WHERE k BETWEEN 4468488 AND 4468588
	Bitmap Heap Scan on sbtest8  (cost=5.60..456.29 rows=114 width=125)
	  Recheck Cond: ((k >= 4468488) AND (k <= 4468588))
	  ->  Bitmap Index Scan on k_8  (cost=0.00..5.58 rows=114 width=0)
	        Index Cond: ((k >= 4468488) AND (k <= 4468588))

explain: for range-notcovered :: explain SELECT k, c FROM sbtest%d WHERE k BETWEEN 4468488 AND 4468588
for range-notcovered
table 1 : explain SELECT k, c FROM sbtest1 WHERE k BETWEEN 7868715 AND 7868815
	Bitmap Heap Scan on sbtest1  (cost=5.49..413.00 rows=103 width=125)
	  Recheck Cond: ((k >= 7868715) AND (k <= 7868815))
	  ->  Bitmap Index Scan on k_1  (cost=0.00..5.46 rows=103 width=0)
	        Index Cond: ((k >= 7868715) AND (k <= 7868815))

table 2 : explain SELECT k, c FROM sbtest2 WHERE k BETWEEN 7868715 AND 7868815
	Bitmap Heap Scan on sbtest2  (cost=5.50..416.94 rows=104 width=125)
	  Recheck Cond: ((k >= 7868715) AND (k <= 7868815))
	  ->  Bitmap Index Scan on k_2  (cost=0.00..5.47 rows=104 width=0)
	        Index Cond: ((k >= 7868715) AND (k <= 7868815))

table 3 : explain SELECT k, c FROM sbtest3 WHERE k BETWEEN 7868715 AND 7868815
	Bitmap Heap Scan on sbtest3  (cost=5.54..432.69 rows=108 width=125)
	  Recheck Cond: ((k >= 7868715) AND (k <= 7868815))
	  ->  Bitmap Index Scan on k_3  (cost=0.00..5.51 rows=108 width=0)
	        Index Cond: ((k >= 7868715) AND (k <= 7868815))

table 4 : explain SELECT k, c FROM sbtest4 WHERE k BETWEEN 7868715 AND 7868815
	Bitmap Heap Scan on sbtest4  (cost=5.40..377.55 rows=94 width=125)
	  Recheck Cond: ((k >= 7868715) AND (k <= 7868815))
	  ->  Bitmap Index Scan on k_4  (cost=0.00..5.38 rows=94 width=0)
	        Index Cond: ((k >= 7868715) AND (k <= 7868815))

table 5 : explain SELECT k, c FROM sbtest5 WHERE k BETWEEN 7868715 AND 7868815
	Bitmap Heap Scan on sbtest5  (cost=5.48..409.07 rows=102 width=125)
	  Recheck Cond: ((k >= 7868715) AND (k <= 7868815))
	  ->  Bitmap Index Scan on k_5  (cost=0.00..5.45 rows=102 width=0)
	        Index Cond: ((k >= 7868715) AND (k <= 7868815))

table 6 : explain SELECT k, c FROM sbtest6 WHERE k BETWEEN 7868715 AND 7868815
	Bitmap Heap Scan on sbtest6  (cost=5.52..424.81 rows=106 width=125)
	  Recheck Cond: ((k >= 7868715) AND (k <= 7868815))
	  ->  Bitmap Index Scan on k_6  (cost=0.00..5.50 rows=106 width=0)
	        Index Cond: ((k >= 7868715) AND (k <= 7868815))

table 7 : explain SELECT k, c FROM sbtest7 WHERE k BETWEEN 7868715 AND 7868815
	Bitmap Heap Scan on sbtest7  (cost=5.51..420.88 rows=105 width=125)
	  Recheck Cond: ((k >= 7868715) AND (k <= 7868815))
	  ->  Bitmap Index Scan on k_7  (cost=0.00..5.48 rows=105 width=0)
	        Index Cond: ((k >= 7868715) AND (k <= 7868815))

table 8 : explain SELECT k, c FROM sbtest8 WHERE k BETWEEN 7868715 AND 7868815
	Bitmap Heap Scan on sbtest8  (cost=5.53..428.75 rows=107 width=125)
	  Recheck Cond: ((k >= 7868715) AND (k <= 7868815))
	  ->  Bitmap Index Scan on k_8  (cost=0.00..5.50 rows=107 width=0)
	        Index Cond: ((k >= 7868715) AND (k <= 7868815))

explain: for range-notcovered :: explain SELECT k, c FROM sbtest%d WHERE k BETWEEN 7868715 AND 7868815
for range-notcovered
table 1 : explain SELECT k, c FROM sbtest1 WHERE k BETWEEN 6648890 AND 6648990
	Bitmap Heap Scan on sbtest1  (cost=5.47..405.13 rows=101 width=125)
	  Recheck Cond: ((k >= 6648890) AND (k <= 6648990))
	  ->  Bitmap Index Scan on k_1  (cost=0.00..5.44 rows=101 width=0)
	        Index Cond: ((k >= 6648890) AND (k <= 6648990))

table 2 : explain SELECT k, c FROM sbtest2 WHERE k BETWEEN 6648890 AND 6648990
	Bitmap Heap Scan on sbtest2  (cost=5.43..389.37 rows=97 width=125)
	  Recheck Cond: ((k >= 6648890) AND (k <= 6648990))
	  ->  Bitmap Index Scan on k_2  (cost=0.00..5.40 rows=97 width=0)
	        Index Cond: ((k >= 6648890) AND (k <= 6648990))

table 3 : explain SELECT k, c FROM sbtest3 WHERE k BETWEEN 6648890 AND 6648990
	Bitmap Heap Scan on sbtest3  (cost=5.49..413.00 rows=103 width=125)
	  Recheck Cond: ((k >= 6648890) AND (k <= 6648990))
	  ->  Bitmap Index Scan on k_3  (cost=0.00..5.46 rows=103 width=0)
	        Index Cond: ((k >= 6648890) AND (k <= 6648990))

table 4 : explain SELECT k, c FROM sbtest4 WHERE k BETWEEN 6648890 AND 6648990
	Bitmap Heap Scan on sbtest4  (cost=5.36..361.78 rows=90 width=125)
	  Recheck Cond: ((k >= 6648890) AND (k <= 6648990))
	  ->  Bitmap Index Scan on k_4  (cost=0.00..5.33 rows=90 width=0)
	        Index Cond: ((k >= 6648890) AND (k <= 6648990))

table 5 : explain SELECT k, c FROM sbtest5 WHERE k BETWEEN 6648890 AND 6648990
	Bitmap Heap Scan on sbtest5  (cost=5.48..409.07 rows=102 width=125)
	  Recheck Cond: ((k >= 6648890) AND (k <= 6648990))
	  ->  Bitmap Index Scan on k_5  (cost=0.00..5.45 rows=102 width=0)
	        Index Cond: ((k >= 6648890) AND (k <= 6648990))

table 6 : explain SELECT k, c FROM sbtest6 WHERE k BETWEEN 6648890 AND 6648990
	Bitmap Heap Scan on sbtest6  (cost=5.44..393.31 rows=98 width=125)
	  Recheck Cond: ((k >= 6648890) AND (k <= 6648990))
	  ->  Bitmap Index Scan on k_6  (cost=0.00..5.42 rows=98 width=0)
	        Index Cond: ((k >= 6648890) AND (k <= 6648990))

table 7 : explain SELECT k, c FROM sbtest7 WHERE k BETWEEN 6648890 AND 6648990
	Bitmap Heap Scan on sbtest7  (cost=5.50..416.94 rows=104 width=125)
	  Recheck Cond: ((k >= 6648890) AND (k <= 6648990))
	  ->  Bitmap Index Scan on k_7  (cost=0.00..5.47 rows=104 width=0)
	        Index Cond: ((k >= 6648890) AND (k <= 6648990))

table 8 : explain SELECT k, c FROM sbtest8 WHERE k BETWEEN 6648890 AND 6648990
	Bitmap Heap Scan on sbtest8  (cost=5.46..401.19 rows=100 width=125)
	  Recheck Cond: ((k >= 6648890) AND (k <= 6648990))
	  ->  Bitmap Index Scan on k_8  (cost=0.00..5.43 rows=100 width=0)
	        Index Cond: ((k >= 6648890) AND (k <= 6648990))

explain: for range-notcovered :: explain SELECT k, c FROM sbtest%d WHERE k BETWEEN 6648890 AND 6648990for range-notcovered
table 1 : explain SELECT k, c FROM sbtest1 WHERE k BETWEEN 7185947 AND 7186047
	Bitmap Heap Scan on sbtest1  (cost=5.48..409.07 rows=102 width=125)
	  Recheck Cond: ((k >= 7185947) AND (k <= 7186047))
	  ->  Bitmap Index Scan on k_1  (cost=0.00..5.45 rows=102 width=0)
	        Index Cond: ((k >= 7185947) AND (k <= 7186047))

table 2 : explain SELECT k, c FROM sbtest2 WHERE k BETWEEN 7185947 AND 7186047
	Bitmap Heap Scan on sbtest2  (cost=5.40..377.55 rows=94 width=125)
	  Recheck Cond: ((k >= 7185947) AND (k <= 7186047))
	  ->  Bitmap Index Scan on k_2  (cost=0.00..5.38 rows=94 width=0)
	        Index Cond: ((k >= 7185947) AND (k <= 7186047))

table 3 : explain SELECT k, c FROM sbtest3 WHERE k BETWEEN 7185947 AND 7186047
	Bitmap Heap Scan on sbtest3  (cost=5.48..409.07 rows=102 width=125)
	  Recheck Cond: ((k >= 7185947) AND (k <= 7186047))
	  ->  Bitmap Index Scan on k_3  (cost=0.00..5.45 rows=102 width=0)
	        Index Cond: ((k >= 7185947) AND (k <= 7186047))

table 4 : explain SELECT k, c FROM sbtest4 WHERE k BETWEEN 7185947 AND 7186047
	Bitmap Heap Scan on sbtest4  (cost=5.51..420.88 rows=105 width=125)
	  Recheck Cond: ((k >= 7185947) AND (k <= 7186047))
	  ->  Bitmap Index Scan on k_4  (cost=0.00..5.48 rows=105 width=0)
	        Index Cond: ((k >= 7185947) AND (k <= 7186047))

table 5 : explain SELECT k, c FROM sbtest5 WHERE k BETWEEN 7185947 AND 7186047
	Bitmap Heap Scan on sbtest5  (cost=5.46..401.19 rows=100 width=125)
	  Recheck Cond: ((k >= 7185947) AND (k <= 7186047))
	  ->  Bitmap Index Scan on k_5  (cost=0.00..5.43 rows=100 width=0)
	        Index Cond: ((k >= 7185947) AND (k <= 7186047))

table 6 : explain SELECT k, c FROM sbtest6 WHERE k BETWEEN 7185947 AND 7186047
	Bitmap Heap Scan on sbtest6  (cost=5.57..444.49 rows=111 width=125)
	  Recheck Cond: ((k >= 7185947) AND (k <= 7186047))
	  ->  Bitmap Index Scan on k_6  (cost=0.00..5.54 rows=111 width=0)
	        Index Cond: ((k >= 7185947) AND (k <= 7186047))

table 7 : explain SELECT k, c FROM sbtest7 WHERE k BETWEEN 7185947 AND 7186047
	Bitmap Heap Scan on sbtest7  (cost=5.42..385.43 rows=96 width=125)
	  Recheck Cond: ((k >= 7185947) AND (k <= 7186047))
	  ->  Bitmap Index Scan on k_7  (cost=0.00..5.39 rows=96 width=0)
	        Index Cond: ((k >= 7185947) AND (k <= 7186047))

table 8 : explain SELECT k, c FROM sbtest8 WHERE k BETWEEN 7185947 AND 7186047
	Bitmap Heap Scan on sbtest8  (cost=5.44..393.31 rows=98 width=125)
	  Recheck Cond: ((k >= 7185947) AND (k <= 7186047))
	  ->  Bitmap Index Scan on k_8  (cost=0.00..5.42 rows=98 width=0)
	        Index Cond: ((k >= 7185947) AND (k <= 7186047))


explain: for range-notcovered :: explain SELECT k, c FROM sbtest%d WHERE k BETWEEN 7185947 AND 7186047
for range-notcovered
table 1 : explain SELECT k, c FROM sbtest1 WHERE k BETWEEN 4689980 AND 4690080
	Bitmap Heap Scan on sbtest1  (cost=5.43..389.37 rows=97 width=125)
	  Recheck Cond: ((k >= 4689980) AND (k <= 4690080))
	  ->  Bitmap Index Scan on k_1  (cost=0.00..5.40 rows=97 width=0)
	        Index Cond: ((k >= 4689980) AND (k <= 4690080))

table 2 : explain SELECT k, c FROM sbtest2 WHERE k BETWEEN 4689980 AND 4690080
	Bitmap Heap Scan on sbtest2  (cost=5.53..428.75 rows=107 width=125)
	  Recheck Cond: ((k >= 4689980) AND (k <= 4690080))
	  ->  Bitmap Index Scan on k_2  (cost=0.00..5.50 rows=107 width=0)
	        Index Cond: ((k >= 4689980) AND (k <= 4690080))

table 3 : explain SELECT k, c FROM sbtest3 WHERE k BETWEEN 4689980 AND 4690080
	Bitmap Heap Scan on sbtest3  (cost=5.38..369.67 rows=92 width=125)
	  Recheck Cond: ((k >= 4689980) AND (k <= 4690080))
	  ->  Bitmap Index Scan on k_3  (cost=0.00..5.35 rows=92 width=0)
	        Index Cond: ((k >= 4689980) AND (k <= 4690080))

table 4 : explain SELECT k, c FROM sbtest4 WHERE k BETWEEN 4689980 AND 4690080
	Bitmap Heap Scan on sbtest4  (cost=5.45..397.25 rows=99 width=125)
	  Recheck Cond: ((k >= 4689980) AND (k <= 4690080))
	  ->  Bitmap Index Scan on k_4  (cost=0.00..5.42 rows=99 width=0)
	        Index Cond: ((k >= 4689980) AND (k <= 4690080))

table 5 : explain SELECT k, c FROM sbtest5 WHERE k BETWEEN 4689980 AND 4690080
	Bitmap Heap Scan on sbtest5  (cost=5.53..428.75 rows=107 width=125)
	  Recheck Cond: ((k >= 4689980) AND (k <= 4690080))
	  ->  Bitmap Index Scan on k_5  (cost=0.00..5.50 rows=107 width=0)
	        Index Cond: ((k >= 4689980) AND (k <= 4690080))

table 6 : explain SELECT k, c FROM sbtest6 WHERE k BETWEEN 4689980 AND 4690080
	Bitmap Heap Scan on sbtest6  (cost=5.53..428.75 rows=107 width=125)
	  Recheck Cond: ((k >= 4689980) AND (k <= 4690080))
	  ->  Bitmap Index Scan on k_6  (cost=0.00..5.50 rows=107 width=0)
	        Index Cond: ((k >= 4689980) AND (k <= 4690080))

table 7 : explain SELECT k, c FROM sbtest7 WHERE k BETWEEN 4689980 AND 4690080
	Bitmap Heap Scan on sbtest7  (cost=5.46..401.19 rows=100 width=125)
	  Recheck Cond: ((k >= 4689980) AND (k <= 4690080))
	  ->  Bitmap Index Scan on k_7  (cost=0.00..5.43 rows=100 width=0)
	        Index Cond: ((k >= 4689980) AND (k <= 4690080))

table 8 : explain SELECT k, c FROM sbtest8 WHERE k BETWEEN 4689980 AND 4690080
	Bitmap Heap Scan on sbtest8  (cost=5.45..397.25 rows=99 width=125)
	  Recheck Cond: ((k >= 4689980) AND (k <= 4690080))
	  ->  Bitmap Index Scan on k_8  (cost=0.00..5.42 rows=99 width=0)
	        Index Cond: ((k >= 4689980) AND (k <= 4690080))

explain: for range-notcovered :: explain SELECT k, c FROM sbtest%d WHERE k BETWEEN 4689980 AND 4690080
for range-notcovered
table 1 : explain SELECT k, c FROM sbtest1 WHERE k BETWEEN 4468488 AND 4468588
	Bitmap Heap Scan on sbtest1  (cost=5.52..424.81 rows=106 width=125)
	  Recheck Cond: ((k >= 4468488) AND (k <= 4468588))
	  ->  Bitmap Index Scan on k_1  (cost=0.00..5.50 rows=106 width=0)
	        Index Cond: ((k >= 4468488) AND (k <= 4468588))

table 2 : explain SELECT k, c FROM sbtest2 WHERE k BETWEEN 4468488 AND 4468588
	Bitmap Heap Scan on sbtest2  (cost=5.55..436.62 rows=109 width=125)
	  Recheck Cond: ((k >= 4468488) AND (k <= 4468588))
	  ->  Bitmap Index Scan on k_2  (cost=0.00..5.52 rows=109 width=0)
	        Index Cond: ((k >= 4468488) AND (k <= 4468588))

table 3 : explain SELECT k, c FROM sbtest3 WHERE k BETWEEN 4468488 AND 4468588
	Bitmap Heap Scan on sbtest3  (cost=5.38..369.67 rows=92 width=125)
	  Recheck Cond: ((k >= 4468488) AND (k <= 4468588))
	  ->  Bitmap Index Scan on k_3  (cost=0.00..5.35 rows=92 width=0)
	        Index Cond: ((k >= 4468488) AND (k <= 4468588))

table 4 : explain SELECT k, c FROM sbtest4 WHERE k BETWEEN 4468488 AND 4468588
	Bitmap Heap Scan on sbtest4  (cost=5.37..365.72 rows=91 width=125)
	  Recheck Cond: ((k >= 4468488) AND (k <= 4468588))
	  ->  Bitmap Index Scan on k_4  (cost=0.00..5.34 rows=91 width=0)
	        Index Cond: ((k >= 4468488) AND (k <= 4468588))

table 5 : explain SELECT k, c FROM sbtest5 WHERE k BETWEEN 4468488 AND 4468588
	Bitmap Heap Scan on sbtest5  (cost=5.47..405.13 rows=101 width=125)
	  Recheck Cond: ((k >= 4468488) AND (k <= 4468588))
	  ->  Bitmap Index Scan on k_5  (cost=0.00..5.44 rows=101 width=0)
	        Index Cond: ((k >= 4468488) AND (k <= 4468588))

table 6 : explain SELECT k, c FROM sbtest6 WHERE k BETWEEN 4468488 AND 4468588
	Bitmap Heap Scan on sbtest6  (cost=5.48..409.07 rows=102 width=125)
	  Recheck Cond: ((k >= 4468488) AND (k <= 4468588))
	  ->  Bitmap Index Scan on k_6  (cost=0.00..5.45 rows=102 width=0)
	        Index Cond: ((k >= 4468488) AND (k <= 4468588))

table 7 : explain SELECT k, c FROM sbtest7 WHERE k BETWEEN 4468488 AND 4468588
	Bitmap Heap Scan on sbtest7  (cost=5.50..416.94 rows=104 width=125)
	  Recheck Cond: ((k >= 4468488) AND (k <= 4468588))
	  ->  Bitmap Index Scan on k_7  (cost=0.00..5.47 rows=104 width=0)
	        Index Cond: ((k >= 4468488) AND (k <= 4468588))

table 8 : explain SELECT k, c FROM sbtest8 WHERE k BETWEEN 4468488 AND 4468588
	Bitmap Heap Scan on sbtest8  (cost=5.60..456.29 rows=114 width=125)
	  Recheck Cond: ((k >= 4468488) AND (k <= 4468588))
	  ->  Bitmap Index Scan on k_8  (cost=0.00..5.58 rows=114 width=0)
	        Index Cond: ((k >= 4468488) AND (k <= 4468588))

explain: for range-notcovered :: explain SELECT k, c FROM sbtest%d WHERE k BETWEEN 4468488 AND 4468588
for range-notcovered
table 1 : explain SELECT k, c FROM sbtest1 WHERE k BETWEEN 2849218 AND 2849318
	Bitmap Heap Scan on sbtest1  (cost=5.43..389.37 rows=97 width=125)
	  Recheck Cond: ((k >= 2849218) AND (k <= 2849318))
	  ->  Bitmap Index Scan on k_1  (cost=0.00..5.40 rows=97 width=0)
	        Index Cond: ((k >= 2849218) AND (k <= 2849318))

table 2 : explain SELECT k, c FROM sbtest2 WHERE k BETWEEN 2849218 AND 2849318
	Bitmap Heap Scan on sbtest2  (cost=5.39..373.61 rows=93 width=125)
	  Recheck Cond: ((k >= 2849218) AND (k <= 2849318))
	  ->  Bitmap Index Scan on k_2  (cost=0.00..5.36 rows=93 width=0)
	        Index Cond: ((k >= 2849218) AND (k <= 2849318))

table 3 : explain SELECT k, c FROM sbtest3 WHERE k BETWEEN 2849218 AND 2849318
	Bitmap Heap Scan on sbtest3  (cost=5.55..436.62 rows=109 width=125)
	  Recheck Cond: ((k >= 2849218) AND (k <= 2849318))
	  ->  Bitmap Index Scan on k_3  (cost=0.00..5.52 rows=109 width=0)
	        Index Cond: ((k >= 2849218) AND (k <= 2849318))

table 4 : explain SELECT k, c FROM sbtest4 WHERE k BETWEEN 2849218 AND 2849318
	Bitmap Heap Scan on sbtest4  (cost=5.41..381.49 rows=95 width=125)
	  Recheck Cond: ((k >= 2849218) AND (k <= 2849318))
	  ->  Bitmap Index Scan on k_4  (cost=0.00..5.38 rows=95 width=0)
	        Index Cond: ((k >= 2849218) AND (k <= 2849318))

table 5 : explain SELECT k, c FROM sbtest5 WHERE k BETWEEN 2849218 AND 2849318
	Bitmap Heap Scan on sbtest5  (cost=5.52..424.81 rows=106 width=125)
	  Recheck Cond: ((k >= 2849218) AND (k <= 2849318))
	  ->  Bitmap Index Scan on k_5  (cost=0.00..5.50 rows=106 width=0)
	        Index Cond: ((k >= 2849218) AND (k <= 2849318))

table 6 : explain SELECT k, c FROM sbtest6 WHERE k BETWEEN 2849218 AND 2849318
	Bitmap Heap Scan on sbtest6  (cost=5.46..401.19 rows=100 width=125)
	  Recheck Cond: ((k >= 2849218) AND (k <= 2849318))
	  ->  Bitmap Index Scan on k_6  (cost=0.00..5.43 rows=100 width=0)
	        Index Cond: ((k >= 2849218) AND (k <= 2849318))

table 7 : explain SELECT k, c FROM sbtest7 WHERE k BETWEEN 2849218 AND 2849318
	Bitmap Heap Scan on sbtest7  (cost=5.52..424.81 rows=106 width=125)
	  Recheck Cond: ((k >= 2849218) AND (k <= 2849318))
	  ->  Bitmap Index Scan on k_7  (cost=0.00..5.50 rows=106 width=0)
	        Index Cond: ((k >= 2849218) AND (k <= 2849318))

table 8 : explain SELECT k, c FROM sbtest8 WHERE k BETWEEN 2849218 AND 2849318
	Bitmap Heap Scan on sbtest8  (cost=5.48..409.07 rows=102 width=125)
	  Recheck Cond: ((k >= 2849218) AND (k <= 2849318))
	  ->  Bitmap Index Scan on k_8  (cost=0.00..5.45 rows=102 width=0)
	        Index Cond: ((k >= 2849218) AND (k <= 2849318))

for range-notcovered
table 1 : explain SELECT k, c FROM sbtest1 WHERE k BETWEEN 7868715 AND 7868815
	Bitmap Heap Scan on sbtest1  (cost=5.49..413.00 rows=103 width=125)
	  Recheck Cond: ((k >= 7868715) AND (k <= 7868815))
	  ->  Bitmap Index Scan on k_1  (cost=0.00..5.46 rows=103 width=0)
	        Index Cond: ((k >= 7868715) AND (k <= 7868815))

table 2 : explain SELECT k, c FROM sbtest2 WHERE k BETWEEN 7868715 AND 7868815
	Bitmap Heap Scan on sbtest2  (cost=5.50..416.94 rows=104 width=125)
	  Recheck Cond: ((k >= 7868715) AND (k <= 7868815))
	  ->  Bitmap Index Scan on k_2  (cost=0.00..5.47 rows=104 width=0)
	        Index Cond: ((k >= 7868715) AND (k <= 7868815))

table 3 : explain SELECT k, c FROM sbtest3 WHERE k BETWEEN 7868715 AND 7868815
	Bitmap Heap Scan on sbtest3  (cost=5.54..432.69 rows=108 width=125)
	  Recheck Cond: ((k >= 7868715) AND (k <= 7868815))
	  ->  Bitmap Index Scan on k_3  (cost=0.00..5.51 rows=108 width=0)
	        Index Cond: ((k >= 7868715) AND (k <= 7868815))

table 4 : explain SELECT k, c FROM sbtest4 WHERE k BETWEEN 7868715 AND 7868815
	Bitmap Heap Scan on sbtest4  (cost=5.40..377.55 rows=94 width=125)
	  Recheck Cond: ((k >= 7868715) AND (k <= 7868815))
	  ->  Bitmap Index Scan on k_4  (cost=0.00..5.38 rows=94 width=0)
	        Index Cond: ((k >= 7868715) AND (k <= 7868815))

table 5 : explain SELECT k, c FROM sbtest5 WHERE k BETWEEN 7868715 AND 7868815
	Bitmap Heap Scan on sbtest5  (cost=5.48..409.07 rows=102 width=125)
	  Recheck Cond: ((k >= 7868715) AND (k <= 7868815))
	  ->  Bitmap Index Scan on k_5  (cost=0.00..5.45 rows=102 width=0)
	        Index Cond: ((k >= 7868715) AND (k <= 7868815))

table 6 : explain SELECT k, c FROM sbtest6 WHERE k BETWEEN 7868715 AND 7868815
	Bitmap Heap Scan on sbtest6  (cost=5.52..424.81 rows=106 width=125)
	  Recheck Cond: ((k >= 7868715) AND (k <= 7868815))
	  ->  Bitmap Index Scan on k_6  (cost=0.00..5.50 rows=106 width=0)
	        Index Cond: ((k >= 7868715) AND (k <= 7868815))

table 7 : explain SELECT k, c FROM sbtest7 WHERE k BETWEEN 7868715 AND 7868815
	Bitmap Heap Scan on sbtest7  (cost=5.51..420.88 rows=105 width=125)
	  Recheck Cond: ((k >= 7868715) AND (k <= 7868815))
	  ->  Bitmap Index Scan on k_7  (cost=0.00..5.48 rows=105 width=0)
	        Index Cond: ((k >= 7868715) AND (k <= 7868815))

table 8 : explain SELECT k, c FROM sbtest8 WHERE k BETWEEN 7868715 AND 7868815
	Bitmap Heap Scan on sbtest8  (cost=5.53..428.75 rows=107 width=125)
	  Recheck Cond: ((k >= 7868715) AND (k <= 7868815))
	  ->  Bitmap Index Scan on k_8  (cost=0.00..5.50 rows=107 width=0)
	        Index Cond: ((k >= 7868715) AND (k <= 7868815))

explain: for range-notcovered :: explain SELECT k, c FROM sbtest%d WHERE k BETWEEN 2849218 AND 2849318
explain: for range-notcovered :: explain SELECT k, c FROM sbtest%d WHERE k BETWEEN 7868715 AND 7868815
for range-notcovered
table 1 : explain SELECT k, c FROM sbtest1 WHERE k BETWEEN 6648890 AND 6648990
	Bitmap Heap Scan on sbtest1  (cost=5.47..405.13 rows=101 width=125)
	  Recheck Cond: ((k >= 6648890) AND (k <= 6648990))
	  ->  Bitmap Index Scan on k_1  (cost=0.00..5.44 rows=101 width=0)
	        Index Cond: ((k >= 6648890) AND (k <= 6648990))

table 2 : explain SELECT k, c FROM sbtest2 WHERE k BETWEEN 6648890 AND 6648990
	Bitmap Heap Scan on sbtest2  (cost=5.43..389.37 rows=97 width=125)
	  Recheck Cond: ((k >= 6648890) AND (k <= 6648990))
	  ->  Bitmap Index Scan on k_2  (cost=0.00..5.40 rows=97 width=0)
	        Index Cond: ((k >= 6648890) AND (k <= 6648990))

table 3 : explain SELECT k, c FROM sbtest3 WHERE k BETWEEN 6648890 AND 6648990
	Bitmap Heap Scan on sbtest3  (cost=5.49..413.00 rows=103 width=125)
	  Recheck Cond: ((k >= 6648890) AND (k <= 6648990))
	  ->  Bitmap Index Scan on k_3  (cost=0.00..5.46 rows=103 width=0)
	        Index Cond: ((k >= 6648890) AND (k <= 6648990))

table 4 : explain SELECT k, c FROM sbtest4 WHERE k BETWEEN 6648890 AND 6648990
	Bitmap Heap Scan on sbtest4  (cost=5.36..361.78 rows=90 width=125)
	  Recheck Cond: ((k >= 6648890) AND (k <= 6648990))
	  ->  Bitmap Index Scan on k_4  (cost=0.00..5.33 rows=90 width=0)
	        Index Cond: ((k >= 6648890) AND (k <= 6648990))

table 5 : explain SELECT k, c FROM sbtest5 WHERE k BETWEEN 6648890 AND 6648990
	Bitmap Heap Scan on sbtest5  (cost=5.48..409.07 rows=102 width=125)
	  Recheck Cond: ((k >= 6648890) AND (k <= 6648990))
	  ->  Bitmap Index Scan on k_5  (cost=0.00..5.45 rows=102 width=0)
	        Index Cond: ((k >= 6648890) AND (k <= 6648990))

table 6 : explain SELECT k, c FROM sbtest6 WHERE k BETWEEN 6648890 AND 6648990
	Bitmap Heap Scan on sbtest6  (cost=5.44..393.31 rows=98 width=125)
	  Recheck Cond: ((k >= 6648890) AND (k <= 6648990))
	  ->  Bitmap Index Scan on k_6  (cost=0.00..5.42 rows=98 width=0)
	        Index Cond: ((k >= 6648890) AND (k <= 6648990))

table 7 : explain SELECT k, c FROM sbtest7 WHERE k BETWEEN 6648890 AND 6648990
	Bitmap Heap Scan on sbtest7  (cost=5.50..416.94 rows=104 width=125)
	  Recheck Cond: ((k >= 6648890) AND (k <= 6648990))
	  ->  Bitmap Index Scan on k_7  (cost=0.00..5.47 rows=104 width=0)
	        Index Cond: ((k >= 6648890) AND (k <= 6648990))

table 8 : explain SELECT k, c FROM sbtest8 WHERE k BETWEEN 6648890 AND 6648990
	Bitmap Heap Scan on sbtest8  (cost=5.46..401.19 rows=100 width=125)
	  Recheck Cond: ((k >= 6648890) AND (k <= 6648990))
	  ->  Bitmap Index Scan on k_8  (cost=0.00..5.43 rows=100 width=0)
	        Index Cond: ((k >= 6648890) AND (k <= 6648990))

for range-notcovered
table 1 : explain SELECT k, c FROM sbtest1 WHERE k BETWEEN 7185947 AND 7186047
	Bitmap Heap Scan on sbtest1  (cost=5.48..409.07 rows=102 width=125)
	  Recheck Cond: ((k >= 7185947) AND (k <= 7186047))
	  ->  Bitmap Index Scan on k_1  (cost=0.00..5.45 rows=102 width=0)
	        Index Cond: ((k >= 7185947) AND (k <= 7186047))

table 2 : explain SELECT k, c FROM sbtest2 WHERE k BETWEEN 7185947 AND 7186047
	Bitmap Heap Scan on sbtest2  (cost=5.40..377.55 rows=94 width=125)
	  Recheck Cond: ((k >= 7185947) AND (k <= 7186047))
	  ->  Bitmap Index Scan on k_2  (cost=0.00..5.38 rows=94 width=0)
	        Index Cond: ((k >= 7185947) AND (k <= 7186047))

table 3 : explain SELECT k, c FROM sbtest3 WHERE k BETWEEN 7185947 AND 7186047
	Bitmap Heap Scan on sbtest3  (cost=5.48..409.07 rows=102 width=125)
	  Recheck Cond: ((k >= 7185947) AND (k <= 7186047))
	  ->  Bitmap Index Scan on k_3  (cost=0.00..5.45 rows=102 width=0)
	        Index Cond: ((k >= 7185947) AND (k <= 7186047))

table 4 : explain SELECT k, c FROM sbtest4 WHERE k BETWEEN 7185947 AND 7186047
	Bitmap Heap Scan on sbtest4  (cost=5.51..420.88 rows=105 width=125)
	  Recheck Cond: ((k >= 7185947) AND (k <= 7186047))
	  ->  Bitmap Index Scan on k_4  (cost=0.00..5.48 rows=105 width=0)
	        Index Cond: ((k >= 7185947) AND (k <= 7186047))

table 5 : explain SELECT k, c FROM sbtest5 WHERE k BETWEEN 7185947 AND 7186047
	Bitmap Heap Scan on sbtest5  (cost=5.46..401.19 rows=100 width=125)
	  Recheck Cond: ((k >= 7185947) AND (k <= 7186047))
	  ->  Bitmap Index Scan on k_5  (cost=0.00..5.43 rows=100 width=0)
	        Index Cond: ((k >= 7185947) AND (k <= 7186047))

table 6 : explain SELECT k, c FROM sbtest6 WHERE k BETWEEN 7185947 AND 7186047
	Bitmap Heap Scan on sbtest6  (cost=5.57..444.49 rows=111 width=125)
	  Recheck Cond: ((k >= 7185947) AND (k <= 7186047))
	  ->  Bitmap Index Scan on k_6  (cost=0.00..5.54 rows=111 width=0)
	        Index Cond: ((k >= 7185947) AND (k <= 7186047))

table 7 : explain SELECT k, c FROM sbtest7 WHERE k BETWEEN 7185947 AND 7186047
	Bitmap Heap Scan on sbtest7  (cost=5.42..385.43 rows=96 width=125)
	  Recheck Cond: ((k >= 7185947) AND (k <= 7186047))
	  ->  Bitmap Index Scan on k_7  (cost=0.00..5.39 rows=96 width=0)
	        Index Cond: ((k >= 7185947) AND (k <= 7186047))

table 8 : explain SELECT k, c FROM sbtest8 WHERE k BETWEEN 7185947 AND 7186047
	Bitmap Heap Scan on sbtest8  (cost=5.44..393.31 rows=98 width=125)
	  Recheck Cond: ((k >= 7185947) AND (k <= 7186047))
	  ->  Bitmap Index Scan on k_8  (cost=0.00..5.42 rows=98 width=0)
	        Index Cond: ((k >= 7185947) AND (k <= 7186047))

explain: for range-notcovered :: explain SELECT k, c FROM sbtest%d WHERE k BETWEEN 6648890 AND 6648990
explain: for range-notcovered :: explain SELECT k, c FROM sbtest%d WHERE k BETWEEN 8712209 AND 8712309
explain: for range-notcovered :: explain SELECT k, c FROM sbtest%d WHERE k BETWEEN 7185947 AND 7186047
for range-notcovered
table 1 : explain SELECT k, c FROM sbtest1 WHERE k BETWEEN 4689980 AND 4690080
	Bitmap Heap Scan on sbtest1  (cost=5.43..389.37 rows=97 width=125)
	  Recheck Cond: ((k >= 4689980) AND (k <= 4690080))
	  ->  Bitmap Index Scan on k_1  (cost=0.00..5.40 rows=97 width=0)
	        Index Cond: ((k >= 4689980) AND (k <= 4690080))

table 2 : explain SELECT k, c FROM sbtest2 WHERE k BETWEEN 4689980 AND 4690080
	Bitmap Heap Scan on sbtest2  (cost=5.53..428.75 rows=107 width=125)
	  Recheck Cond: ((k >= 4689980) AND (k <= 4690080))
	  ->  Bitmap Index Scan on k_2  (cost=0.00..5.50 rows=107 width=0)
	        Index Cond: ((k >= 4689980) AND (k <= 4690080))

table 3 : explain SELECT k, c FROM sbtest3 WHERE k BETWEEN 4689980 AND 4690080
	Bitmap Heap Scan on sbtest3  (cost=5.38..369.67 rows=92 width=125)
	  Recheck Cond: ((k >= 4689980) AND (k <= 4690080))
	  ->  Bitmap Index Scan on k_3  (cost=0.00..5.35 rows=92 width=0)
	        Index Cond: ((k >= 4689980) AND (k <= 4690080))

table 4 : explain SELECT k, c FROM sbtest4 WHERE k BETWEEN 4689980 AND 4690080
	Bitmap Heap Scan on sbtest4  (cost=5.45..397.25 rows=99 width=125)
	  Recheck Cond: ((k >= 4689980) AND (k <= 4690080))
	  ->  Bitmap Index Scan on k_4  (cost=0.00..5.42 rows=99 width=0)
	        Index Cond: ((k >= 4689980) AND (k <= 4690080))

table 5 : explain SELECT k, c FROM sbtest5 WHERE k BETWEEN 4689980 AND 4690080
	Bitmap Heap Scan on sbtest5  (cost=5.53..428.75 rows=107 width=125)
	  Recheck Cond: ((k >= 4689980) AND (k <= 4690080))
	  ->  Bitmap Index Scan on k_5  (cost=0.00..5.50 rows=107 width=0)
	        Index Cond: ((k >= 4689980) AND (k <= 4690080))

table 6 : explain SELECT k, c FROM sbtest6 WHERE k BETWEEN 4689980 AND 4690080
	Bitmap Heap Scan on sbtest6  (cost=5.53..428.75 rows=107 width=125)
	  Recheck Cond: ((k >= 4689980) AND (k <= 4690080))
	  ->  Bitmap Index Scan on k_6  (cost=0.00..5.50 rows=107 width=0)
	        Index Cond: ((k >= 4689980) AND (k <= 4690080))

table 7 : explain SELECT k, c FROM sbtest7 WHERE k BETWEEN 4689980 AND 4690080
	Bitmap Heap Scan on sbtest7  (cost=5.46..401.19 rows=100 width=125)
	  Recheck Cond: ((k >= 4689980) AND (k <= 4690080))
	  ->  Bitmap Index Scan on k_7  (cost=0.00..5.43 rows=100 width=0)
	        Index Cond: ((k >= 4689980) AND (k <= 4690080))

table 8 : explain SELECT k, c FROM sbtest8 WHERE k BETWEEN 4689980 AND 4690080
	Bitmap Heap Scan on sbtest8  (cost=5.45..397.25 rows=99 width=125)
	  Recheck Cond: ((k >= 4689980) AND (k <= 4690080))
	  ->  Bitmap Index Scan on k_8  (cost=0.00..5.42 rows=99 width=0)
	        Index Cond: ((k >= 4689980) AND (k <= 4690080))

explain: for range-notcovered :: explain SELECT k, c FROM sbtest%d WHERE k BETWEEN 4689980 AND 4690080
explain: for range-notcovered :: explain SELECT k, c FROM sbtest%d WHERE k BETWEEN 5126552 AND 5126652
for range-notcovered
table 1 : explain SELECT k, c FROM sbtest1 WHERE k BETWEEN 4468488 AND 4468588
	Bitmap Heap Scan on sbtest1  (cost=5.52..424.81 rows=106 width=125)
	  Recheck Cond: ((k >= 4468488) AND (k <= 4468588))
	  ->  Bitmap Index Scan on k_1  (cost=0.00..5.50 rows=106 width=0)
	        Index Cond: ((k >= 4468488) AND (k <= 4468588))

table 2 : explain SELECT k, c FROM sbtest2 WHERE k BETWEEN 4468488 AND 4468588
	Bitmap Heap Scan on sbtest2  (cost=5.55..436.62 rows=109 width=125)
	  Recheck Cond: ((k >= 4468488) AND (k <= 4468588))
	  ->  Bitmap Index Scan on k_2  (cost=0.00..5.52 rows=109 width=0)
	        Index Cond: ((k >= 4468488) AND (k <= 4468588))

table 3 : explain SELECT k, c FROM sbtest3 WHERE k BETWEEN 4468488 AND 4468588
	Bitmap Heap Scan on sbtest3  (cost=5.38..369.67 rows=92 width=125)
	  Recheck Cond: ((k >= 4468488) AND (k <= 4468588))
	  ->  Bitmap Index Scan on k_3  (cost=0.00..5.35 rows=92 width=0)
	        Index Cond: ((k >= 4468488) AND (k <= 4468588))

table 4 : explain SELECT k, c FROM sbtest4 WHERE k BETWEEN 4468488 AND 4468588
	Bitmap Heap Scan on sbtest4  (cost=5.37..365.72 rows=91 width=125)
	  Recheck Cond: ((k >= 4468488) AND (k <= 4468588))
	  ->  Bitmap Index Scan on k_4  (cost=0.00..5.34 rows=91 width=0)
	        Index Cond: ((k >= 4468488) AND (k <= 4468588))

table 5 : explain SELECT k, c FROM sbtest5 WHERE k BETWEEN 4468488 AND 4468588
	Bitmap Heap Scan on sbtest5  (cost=5.47..405.13 rows=101 width=125)
	  Recheck Cond: ((k >= 4468488) AND (k <= 4468588))
	  ->  Bitmap Index Scan on k_5  (cost=0.00..5.44 rows=101 width=0)
	        Index Cond: ((k >= 4468488) AND (k <= 4468588))

table 6 : explain SELECT k, c FROM sbtest6 WHERE k BETWEEN 4468488 AND 4468588
	Bitmap Heap Scan on sbtest6  (cost=5.48..409.07 rows=102 width=125)
	  Recheck Cond: ((k >= 4468488) AND (k <= 4468588))
	  ->  Bitmap Index Scan on k_6  (cost=0.00..5.45 rows=102 width=0)
	        Index Cond: ((k >= 4468488) AND (k <= 4468588))

table 7 : explain SELECT k, c FROM sbtest7 WHERE k BETWEEN 4468488 AND 4468588
	Bitmap Heap Scan on sbtest7  (cost=5.50..416.94 rows=104 width=125)
	  Recheck Cond: ((k >= 4468488) AND (k <= 4468588))
	  ->  Bitmap Index Scan on k_7  (cost=0.00..5.47 rows=104 width=0)
	        Index Cond: ((k >= 4468488) AND (k <= 4468588))

table 8 : explain SELECT k, c FROM sbtest8 WHERE k BETWEEN 4468488 AND 4468588
	Bitmap Heap Scan on sbtest8  (cost=5.60..456.29 rows=114 width=125)
	  Recheck Cond: ((k >= 4468488) AND (k <= 4468588))
	  ->  Bitmap Index Scan on k_8  (cost=0.00..5.58 rows=114 width=0)
	        Index Cond: ((k >= 4468488) AND (k <= 4468588))

for range-notcovered
table 1 : explain SELECT k, c FROM sbtest1 WHERE k BETWEEN 2849218 AND 2849318
	Bitmap Heap Scan on sbtest1  (cost=5.43..389.37 rows=97 width=125)
	  Recheck Cond: ((k >= 2849218) AND (k <= 2849318))
	  ->  Bitmap Index Scan on k_1  (cost=0.00..5.40 rows=97 width=0)
	        Index Cond: ((k >= 2849218) AND (k <= 2849318))

table 2 : explain SELECT k, c FROM sbtest2 WHERE k BETWEEN 2849218 AND 2849318
	Bitmap Heap Scan on sbtest2  (cost=5.39..373.61 rows=93 width=125)
	  Recheck Cond: ((k >= 2849218) AND (k <= 2849318))
	  ->  Bitmap Index Scan on k_2  (cost=0.00..5.36 rows=93 width=0)
	        Index Cond: ((k >= 2849218) AND (k <= 2849318))

table 3 : explain SELECT k, c FROM sbtest3 WHERE k BETWEEN 2849218 AND 2849318
	Bitmap Heap Scan on sbtest3  (cost=5.55..436.62 rows=109 width=125)
	  Recheck Cond: ((k >= 2849218) AND (k <= 2849318))
	  ->  Bitmap Index Scan on k_3  (cost=0.00..5.52 rows=109 width=0)
	        Index Cond: ((k >= 2849218) AND (k <= 2849318))

table 4 : explain SELECT k, c FROM sbtest4 WHERE k BETWEEN 2849218 AND 2849318
	Bitmap Heap Scan on sbtest4  (cost=5.41..381.49 rows=95 width=125)
	  Recheck Cond: ((k >= 2849218) AND (k <= 2849318))
	  ->  Bitmap Index Scan on k_4  (cost=0.00..5.38 rows=95 width=0)
	        Index Cond: ((k >= 2849218) AND (k <= 2849318))

table 5 : explain SELECT k, c FROM sbtest5 WHERE k BETWEEN 2849218 AND 2849318
	Bitmap Heap Scan on sbtest5  (cost=5.52..424.81 rows=106 width=125)
	  Recheck Cond: ((k >= 2849218) AND (k <= 2849318))
	  ->  Bitmap Index Scan on k_5  (cost=0.00..5.50 rows=106 width=0)
	        Index Cond: ((k >= 2849218) AND (k <= 2849318))

table 6 : explain SELECT k, c FROM sbtest6 WHERE k BETWEEN 2849218 AND 2849318
	Bitmap Heap Scan on sbtest6  (cost=5.46..401.19 rows=100 width=125)
	  Recheck Cond: ((k >= 2849218) AND (k <= 2849318))
	  ->  Bitmap Index Scan on k_6  (cost=0.00..5.43 rows=100 width=0)
	        Index Cond: ((k >= 2849218) AND (k <= 2849318))

table 7 : explain SELECT k, c FROM sbtest7 WHERE k BETWEEN 2849218 AND 2849318
	Bitmap Heap Scan on sbtest7  (cost=5.52..424.81 rows=106 width=125)
	  Recheck Cond: ((k >= 2849218) AND (k <= 2849318))
	  ->  Bitmap Index Scan on k_7  (cost=0.00..5.50 rows=106 width=0)
	        Index Cond: ((k >= 2849218) AND (k <= 2849318))

table 8 : explain SELECT k, c FROM sbtest8 WHERE k BETWEEN 2849218 AND 2849318
	Bitmap Heap Scan on sbtest8  (cost=5.48..409.07 rows=102 width=125)
	  Recheck Cond: ((k >= 2849218) AND (k <= 2849318))
	  ->  Bitmap Index Scan on k_8  (cost=0.00..5.45 rows=102 width=0)
	        Index Cond: ((k >= 2849218) AND (k <= 2849318))

for range-notcovered
table 1 : explain SELECT k, c FROM sbtest1 WHERE k BETWEEN 7868715 AND 7868815
	Bitmap Heap Scan on sbtest1  (cost=5.49..413.00 rows=103 width=125)
	  Recheck Cond: ((k >= 7868715) AND (k <= 7868815))
	  ->  Bitmap Index Scan on k_1  (cost=0.00..5.46 rows=103 width=0)
	        Index Cond: ((k >= 7868715) AND (k <= 7868815))

table 2 : explain SELECT k, c FROM sbtest2 WHERE k BETWEEN 7868715 AND 7868815
	Bitmap Heap Scan on sbtest2  (cost=5.50..416.94 rows=104 width=125)
	  Recheck Cond: ((k >= 7868715) AND (k <= 7868815))
	  ->  Bitmap Index Scan on k_2  (cost=0.00..5.47 rows=104 width=0)
	        Index Cond: ((k >= 7868715) AND (k <= 7868815))

table 3 : explain SELECT k, c FROM sbtest3 WHERE k BETWEEN 7868715 AND 7868815
	Bitmap Heap Scan on sbtest3  (cost=5.54..432.69 rows=108 width=125)
	  Recheck Cond: ((k >= 7868715) AND (k <= 7868815))
	  ->  Bitmap Index Scan on k_3  (cost=0.00..5.51 rows=108 width=0)
	        Index Cond: ((k >= 7868715) AND (k <= 7868815))

table 4 : explain SELECT k, c FROM sbtest4 WHERE k BETWEEN 7868715 AND 7868815
	Bitmap Heap Scan on sbtest4  (cost=5.40..377.55 rows=94 width=125)
	  Recheck Cond: ((k >= 7868715) AND (k <= 7868815))
	  ->  Bitmap Index Scan on k_4  (cost=0.00..5.38 rows=94 width=0)
	        Index Cond: ((k >= 7868715) AND (k <= 7868815))

table 5 : explain SELECT k, c FROM sbtest5 WHERE k BETWEEN 7868715 AND 7868815
	Bitmap Heap Scan on sbtest5  (cost=5.48..409.07 rows=102 width=125)
	  Recheck Cond: ((k >= 7868715) AND (k <= 7868815))
	  ->  Bitmap Index Scan on k_5  (cost=0.00..5.45 rows=102 width=0)
	        Index Cond: ((k >= 7868715) AND (k <= 7868815))

table 6 : explain SELECT k, c FROM sbtest6 WHERE k BETWEEN 7868715 AND 7868815
	Bitmap Heap Scan on sbtest6  (cost=5.52..424.81 rows=106 width=125)
	  Recheck Cond: ((k >= 7868715) AND (k <= 7868815))
	  ->  Bitmap Index Scan on k_6  (cost=0.00..5.50 rows=106 width=0)
	        Index Cond: ((k >= 7868715) AND (k <= 7868815))

table 7 : explain SELECT k, c FROM sbtest7 WHERE k BETWEEN 7868715 AND 7868815
	Bitmap Heap Scan on sbtest7  (cost=5.51..420.88 rows=105 width=125)
	  Recheck Cond: ((k >= 7868715) AND (k <= 7868815))
	  ->  Bitmap Index Scan on k_7  (cost=0.00..5.48 rows=105 width=0)
	        Index Cond: ((k >= 7868715) AND (k <= 7868815))

table 8 : explain SELECT k, c FROM sbtest8 WHERE k BETWEEN 7868715 AND 7868815
	Bitmap Heap Scan on sbtest8  (cost=5.53..428.75 rows=107 width=125)
	  Recheck Cond: ((k >= 7868715) AND (k <= 7868815))
	  ->  Bitmap Index Scan on k_8  (cost=0.00..5.50 rows=107 width=0)
	        Index Cond: ((k >= 7868715) AND (k <= 7868815))

for range-notcovered
table 1 : explain SELECT k, c FROM sbtest1 WHERE k BETWEEN 6648890 AND 6648990
	Bitmap Heap Scan on sbtest1  (cost=5.47..405.13 rows=101 width=125)
	  Recheck Cond: ((k >= 6648890) AND (k <= 6648990))
	  ->  Bitmap Index Scan on k_1  (cost=0.00..5.44 rows=101 width=0)
	        Index Cond: ((k >= 6648890) AND (k <= 6648990))

table 2 : explain SELECT k, c FROM sbtest2 WHERE k BETWEEN 6648890 AND 6648990
	Bitmap Heap Scan on sbtest2  (cost=5.43..389.37 rows=97 width=125)
	  Recheck Cond: ((k >= 6648890) AND (k <= 6648990))
	  ->  Bitmap Index Scan on k_2  (cost=0.00..5.40 rows=97 width=0)
	        Index Cond: ((k >= 6648890) AND (k <= 6648990))

table 3 : explain SELECT k, c FROM sbtest3 WHERE k BETWEEN 6648890 AND 6648990
	Bitmap Heap Scan on sbtest3  (cost=5.49..413.00 rows=103 width=125)
	  Recheck Cond: ((k >= 6648890) AND (k <= 6648990))
	  ->  Bitmap Index Scan on k_3  (cost=0.00..5.46 rows=103 width=0)
	        Index Cond: ((k >= 6648890) AND (k <= 6648990))

table 4 : explain SELECT k, c FROM sbtest4 WHERE k BETWEEN 6648890 AND 6648990
	Bitmap Heap Scan on sbtest4  (cost=5.36..361.78 rows=90 width=125)
	  Recheck Cond: ((k >= 6648890) AND (k <= 6648990))
	  ->  Bitmap Index Scan on k_4  (cost=0.00..5.33 rows=90 width=0)
	        Index Cond: ((k >= 6648890) AND (k <= 6648990))

table 5 : explain SELECT k, c FROM sbtest5 WHERE k BETWEEN 6648890 AND 6648990
	Bitmap Heap Scan on sbtest5  (cost=5.48..409.07 rows=102 width=125)
	  Recheck Cond: ((k >= 6648890) AND (k <= 6648990))
	  ->  Bitmap Index Scan on k_5  (cost=0.00..5.45 rows=102 width=0)
	        Index Cond: ((k >= 6648890) AND (k <= 6648990))

table 6 : explain SELECT k, c FROM sbtest6 WHERE k BETWEEN 6648890 AND 6648990
	Bitmap Heap Scan on sbtest6  (cost=5.44..393.31 rows=98 width=125)
	  Recheck Cond: ((k >= 6648890) AND (k <= 6648990))
	  ->  Bitmap Index Scan on k_6  (cost=0.00..5.42 rows=98 width=0)
	        Index Cond: ((k >= 6648890) AND (k <= 6648990))

table 7 : explain SELECT k, c FROM sbtest7 WHERE k BETWEEN 6648890 AND 6648990
	Bitmap Heap Scan on sbtest7  (cost=5.50..416.94 rows=104 width=125)
	  Recheck Cond: ((k >= 6648890) AND (k <= 6648990))
	  ->  Bitmap Index Scan on k_7  (cost=0.00..5.47 rows=104 width=0)
	        Index Cond: ((k >= 6648890) AND (k <= 6648990))

table 8 : explain SELECT k, c FROM sbtest8 WHERE k BETWEEN 6648890 AND 6648990
	Bitmap Heap Scan on sbtest8  (cost=5.46..401.19 rows=100 width=125)
	  Recheck Cond: ((k >= 6648890) AND (k <= 6648990))
	  ->  Bitmap Index Scan on k_8  (cost=0.00..5.43 rows=100 width=0)
	        Index Cond: ((k >= 6648890) AND (k <= 6648990))

explain: for range-notcovered :: explain SELECT k, c FROM sbtest%d WHERE k BETWEEN 2849218 AND 2849318
explain: for range-notcovered :: explain SELECT k, c FROM sbtest%d WHERE k BETWEEN 7868715 AND 7868815explain: for range-notcovered :: explain SELECT k, c FROM sbtest%d WHERE k BETWEEN 6648890 AND 6648990

for range-notcovered
table 1 : explain SELECT k, c FROM sbtest1 WHERE k BETWEEN 7185947 AND 7186047
	Bitmap Heap Scan on sbtest1  (cost=5.48..409.07 rows=102 width=125)
	  Recheck Cond: ((k >= 7185947) AND (k <= 7186047))
	  ->  Bitmap Index Scan on k_1  (cost=0.00..5.45 rows=102 width=0)
	        Index Cond: ((k >= 7185947) AND (k <= 7186047))

table 2 : explain SELECT k, c FROM sbtest2 WHERE k BETWEEN 7185947 AND 7186047
	Bitmap Heap Scan on sbtest2  (cost=5.40..377.55 rows=94 width=125)
	  Recheck Cond: ((k >= 7185947) AND (k <= 7186047))
	  ->  Bitmap Index Scan on k_2  (cost=0.00..5.38 rows=94 width=0)
	        Index Cond: ((k >= 7185947) AND (k <= 7186047))

table 3 : explain SELECT k, c FROM sbtest3 WHERE k BETWEEN 7185947 AND 7186047
	Bitmap Heap Scan on sbtest3  (cost=5.48..409.07 rows=102 width=125)
	  Recheck Cond: ((k >= 7185947) AND (k <= 7186047))
	  ->  Bitmap Index Scan on k_3  (cost=0.00..5.45 rows=102 width=0)
	        Index Cond: ((k >= 7185947) AND (k <= 7186047))

table 4 : explain SELECT k, c FROM sbtest4 WHERE k BETWEEN 7185947 AND 7186047
	Bitmap Heap Scan on sbtest4  (cost=5.51..420.88 rows=105 width=125)
	  Recheck Cond: ((k >= 7185947) AND (k <= 7186047))
	  ->  Bitmap Index Scan on k_4  (cost=0.00..5.48 rows=105 width=0)
	        Index Cond: ((k >= 7185947) AND (k <= 7186047))

table 5 : explain SELECT k, c FROM sbtest5 WHERE k BETWEEN 7185947 AND 7186047
	Bitmap Heap Scan on sbtest5  (cost=5.46..401.19 rows=100 width=125)
	  Recheck Cond: ((k >= 7185947) AND (k <= 7186047))
	  ->  Bitmap Index Scan on k_5  (cost=0.00..5.43 rows=100 width=0)
	        Index Cond: ((k >= 7185947) AND (k <= 7186047))

table 6 : explain SELECT k, c FROM sbtest6 WHERE k BETWEEN 7185947 AND 7186047
	Bitmap Heap Scan on sbtest6  (cost=5.57..444.49 rows=111 width=125)
	  Recheck Cond: ((k >= 7185947) AND (k <= 7186047))
	  ->  Bitmap Index Scan on k_6  (cost=0.00..5.54 rows=111 width=0)
	        Index Cond: ((k >= 7185947) AND (k <= 7186047))

table 7 : explain SELECT k, c FROM sbtest7 WHERE k BETWEEN 7185947 AND 7186047
	Bitmap Heap Scan on sbtest7  (cost=5.42..385.43 rows=96 width=125)
	  Recheck Cond: ((k >= 7185947) AND (k <= 7186047))
	  ->  Bitmap Index Scan on k_7  (cost=0.00..5.39 rows=96 width=0)
	        Index Cond: ((k >= 7185947) AND (k <= 7186047))

table 8 : explain SELECT k, c FROM sbtest8 WHERE k BETWEEN 7185947 AND 7186047
	Bitmap Heap Scan on sbtest8  (cost=5.44..393.31 rows=98 width=125)
	  Recheck Cond: ((k >= 7185947) AND (k <= 7186047))
	  ->  Bitmap Index Scan on k_8  (cost=0.00..5.42 rows=98 width=0)
	        Index Cond: ((k >= 7185947) AND (k <= 7186047))

for range-notcovered
table 1 : explain SELECT k, c FROM sbtest1 WHERE k BETWEEN 4689980 AND 4690080
	Bitmap Heap Scan on sbtest1  (cost=5.43..389.37 rows=97 width=125)
	  Recheck Cond: ((k >= 4689980) AND (k <= 4690080))
	  ->  Bitmap Index Scan on k_1  (cost=0.00..5.40 rows=97 width=0)
	        Index Cond: ((k >= 4689980) AND (k <= 4690080))

table 2 : explain SELECT k, c FROM sbtest2 WHERE k BETWEEN 4689980 AND 4690080
	Bitmap Heap Scan on sbtest2  (cost=5.53..428.75 rows=107 width=125)
	  Recheck Cond: ((k >= 4689980) AND (k <= 4690080))
	  ->  Bitmap Index Scan on k_2  (cost=0.00..5.50 rows=107 width=0)
	        Index Cond: ((k >= 4689980) AND (k <= 4690080))

table 3 : explain SELECT k, c FROM sbtest3 WHERE k BETWEEN 4689980 AND 4690080
	Bitmap Heap Scan on sbtest3  (cost=5.38..369.67 rows=92 width=125)
	  Recheck Cond: ((k >= 4689980) AND (k <= 4690080))
	  ->  Bitmap Index Scan on k_3  (cost=0.00..5.35 rows=92 width=0)
	        Index Cond: ((k >= 4689980) AND (k <= 4690080))

table 4 : explain SELECT k, c FROM sbtest4 WHERE k BETWEEN 4689980 AND 4690080
	Bitmap Heap Scan on sbtest4  (cost=5.45..397.25 rows=99 width=125)
	  Recheck Cond: ((k >= 4689980) AND (k <= 4690080))
	  ->  Bitmap Index Scan on k_4  (cost=0.00..5.42 rows=99 width=0)
	        Index Cond: ((k >= 4689980) AND (k <= 4690080))

table 5 : explain SELECT k, c FROM sbtest5 WHERE k BETWEEN 4689980 AND 4690080
	Bitmap Heap Scan on sbtest5  (cost=5.53..428.75 rows=107 width=125)
	  Recheck Cond: ((k >= 4689980) AND (k <= 4690080))
	  ->  Bitmap Index Scan on k_5  (cost=0.00..5.50 rows=107 width=0)
	        Index Cond: ((k >= 4689980) AND (k <= 4690080))

table 6 : explain SELECT k, c FROM sbtest6 WHERE k BETWEEN 4689980 AND 4690080
	Bitmap Heap Scan on sbtest6  (cost=5.53..428.75 rows=107 width=125)
	  Recheck Cond: ((k >= 4689980) AND (k <= 4690080))
	  ->  Bitmap Index Scan on k_6  (cost=0.00..5.50 rows=107 width=0)
	        Index Cond: ((k >= 4689980) AND (k <= 4690080))

table 7 : explain SELECT k, c FROM sbtest7 WHERE k BETWEEN 4689980 AND 4690080
	Bitmap Heap Scan on sbtest7  (cost=5.46..401.19 rows=100 width=125)
	  Recheck Cond: ((k >= 4689980) AND (k <= 4690080))
	  ->  Bitmap Index Scan on k_7  (cost=0.00..5.43 rows=100 width=0)
	        Index Cond: ((k >= 4689980) AND (k <= 4690080))

table 8 : explain SELECT k, c FROM sbtest8 WHERE k BETWEEN 4689980 AND 4690080
	Bitmap Heap Scan on sbtest8  (cost=5.45..397.25 rows=99 width=125)
	  Recheck Cond: ((k >= 4689980) AND (k <= 4690080))
	  ->  Bitmap Index Scan on k_8  (cost=0.00..5.42 rows=99 width=0)
	        Index Cond: ((k >= 4689980) AND (k <= 4690080))

explain: for range-notcovered :: explain SELECT k, c FROM sbtest%d WHERE k BETWEEN 7185947 AND 7186047
explain: for range-notcovered :: explain SELECT k, c FROM sbtest%d WHERE k BETWEEN 4689980 AND 4690080
for range-notcovered
table 1 : explain SELECT k, c FROM sbtest1 WHERE k BETWEEN 2849218 AND 2849318
	Bitmap Heap Scan on sbtest1  (cost=5.43..389.37 rows=97 width=125)
	  Recheck Cond: ((k >= 2849218) AND (k <= 2849318))
	  ->  Bitmap Index Scan on k_1  (cost=0.00..5.40 rows=97 width=0)
	        Index Cond: ((k >= 2849218) AND (k <= 2849318))

table 2 : explain SELECT k, c FROM sbtest2 WHERE k BETWEEN 2849218 AND 2849318
	Bitmap Heap Scan on sbtest2  (cost=5.39..373.61 rows=93 width=125)
	  Recheck Cond: ((k >= 2849218) AND (k <= 2849318))
	  ->  Bitmap Index Scan on k_2  (cost=0.00..5.36 rows=93 width=0)
	        Index Cond: ((k >= 2849218) AND (k <= 2849318))

table 3 : explain SELECT k, c FROM sbtest3 WHERE k BETWEEN 2849218 AND 2849318
	Bitmap Heap Scan on sbtest3  (cost=5.55..436.62 rows=109 width=125)
	  Recheck Cond: ((k >= 2849218) AND (k <= 2849318))
	  ->  Bitmap Index Scan on k_3  (cost=0.00..5.52 rows=109 width=0)
	        Index Cond: ((k >= 2849218) AND (k <= 2849318))

table 4 : explain SELECT k, c FROM sbtest4 WHERE k BETWEEN 2849218 AND 2849318
	Bitmap Heap Scan on sbtest4  (cost=5.41..381.49 rows=95 width=125)
	  Recheck Cond: ((k >= 2849218) AND (k <= 2849318))
	  ->  Bitmap Index Scan on k_4  (cost=0.00..5.38 rows=95 width=0)
	        Index Cond: ((k >= 2849218) AND (k <= 2849318))

table 5 : explain SELECT k, c FROM sbtest5 WHERE k BETWEEN 2849218 AND 2849318
	Bitmap Heap Scan on sbtest5  (cost=5.52..424.81 rows=106 width=125)
	  Recheck Cond: ((k >= 2849218) AND (k <= 2849318))
	  ->  Bitmap Index Scan on k_5  (cost=0.00..5.50 rows=106 width=0)
	        Index Cond: ((k >= 2849218) AND (k <= 2849318))

table 6 : explain SELECT k, c FROM sbtest6 WHERE k BETWEEN 2849218 AND 2849318
	Bitmap Heap Scan on sbtest6  (cost=5.46..401.19 rows=100 width=125)
	  Recheck Cond: ((k >= 2849218) AND (k <= 2849318))
	  ->  Bitmap Index Scan on k_6  (cost=0.00..5.43 rows=100 width=0)
	        Index Cond: ((k >= 2849218) AND (k <= 2849318))

table 7 : explain SELECT k, c FROM sbtest7 WHERE k BETWEEN 2849218 AND 2849318
	Bitmap Heap Scan on sbtest7  (cost=5.52..424.81 rows=106 width=125)
	  Recheck Cond: ((k >= 2849218) AND (k <= 2849318))
	  ->  Bitmap Index Scan on k_7  (cost=0.00..5.50 rows=106 width=0)
	        Index Cond: ((k >= 2849218) AND (k <= 2849318))

table 8 : explain SELECT k, c FROM sbtest8 WHERE k BETWEEN 2849218 AND 2849318
	Bitmap Heap Scan on sbtest8  (cost=5.48..409.07 rows=102 width=125)
	  Recheck Cond: ((k >= 2849218) AND (k <= 2849318))
	  ->  Bitmap Index Scan on k_8  (cost=0.00..5.45 rows=102 width=0)
	        Index Cond: ((k >= 2849218) AND (k <= 2849318))

for range-notcovered
table 1 : explain SELECT k, c FROM sbtest1 WHERE k BETWEEN 6648890 AND 6648990
	Bitmap Heap Scan on sbtest1  (cost=5.47..405.13 rows=101 width=125)
	  Recheck Cond: ((k >= 6648890) AND (k <= 6648990))
	  ->  Bitmap Index Scan on k_1  (cost=0.00..5.44 rows=101 width=0)
	        Index Cond: ((k >= 6648890) AND (k <= 6648990))

table 2 : explain SELECT k, c FROM sbtest2 WHERE k BETWEEN 6648890 AND 6648990
	Bitmap Heap Scan on sbtest2  (cost=5.43..389.37 rows=97 width=125)
	  Recheck Cond: ((k >= 6648890) AND (k <= 6648990))
	  ->  Bitmap Index Scan on k_2  (cost=0.00..5.40 rows=97 width=0)
	        Index Cond: ((k >= 6648890) AND (k <= 6648990))

table 3 : explain SELECT k, c FROM sbtest3 WHERE k BETWEEN 6648890 AND 6648990
	Bitmap Heap Scan on sbtest3  (cost=5.49..413.00 rows=103 width=125)
	  Recheck Cond: ((k >= 6648890) AND (k <= 6648990))
	  ->  Bitmap Index Scan on k_3  (cost=0.00..5.46 rows=103 width=0)
	        Index Cond: ((k >= 6648890) AND (k <= 6648990))

table 4 : explain SELECT k, c FROM sbtest4 WHERE k BETWEEN 6648890 AND 6648990
	Bitmap Heap Scan on sbtest4  (cost=5.36..361.78 rows=90 width=125)
	  Recheck Cond: ((k >= 6648890) AND (k <= 6648990))
	  ->  Bitmap Index Scan on k_4  (cost=0.00..5.33 rows=90 width=0)
	        Index Cond: ((k >= 6648890) AND (k <= 6648990))

table 5 : explain SELECT k, c FROM sbtest5 WHERE k BETWEEN 6648890 AND 6648990
	Bitmap Heap Scan on sbtest5  (cost=5.48..409.07 rows=102 width=125)
	  Recheck Cond: ((k >= 6648890) AND (k <= 6648990))
	  ->  Bitmap Index Scan on k_5  (cost=0.00..5.45 rows=102 width=0)
	        Index Cond: ((k >= 6648890) AND (k <= 6648990))

table 6 : explain SELECT k, c FROM sbtest6 WHERE k BETWEEN 6648890 AND 6648990
	Bitmap Heap Scan on sbtest6  (cost=5.44..393.31 rows=98 width=125)
	  Recheck Cond: ((k >= 6648890) AND (k <= 6648990))
	  ->  Bitmap Index Scan on k_6  (cost=0.00..5.42 rows=98 width=0)
	        Index Cond: ((k >= 6648890) AND (k <= 6648990))

table 7 : explain SELECT k, c FROM sbtest7 WHERE k BETWEEN 6648890 AND 6648990
	Bitmap Heap Scan on sbtest7  (cost=5.50..416.94 rows=104 width=125)
	  Recheck Cond: ((k >= 6648890) AND (k <= 6648990))
	  ->  Bitmap Index Scan on k_7  (cost=0.00..5.47 rows=104 width=0)
	        Index Cond: ((k >= 6648890) AND (k <= 6648990))

table 8 : explain SELECT k, c FROM sbtest8 WHERE k BETWEEN 6648890 AND 6648990
	Bitmap Heap Scan on sbtest8  (cost=5.46..401.19 rows=100 width=125)
	  Recheck Cond: ((k >= 6648890) AND (k <= 6648990))
	  ->  Bitmap Index Scan on k_8  (cost=0.00..5.43 rows=100 width=0)
	        Index Cond: ((k >= 6648890) AND (k <= 6648990))

explain: for range-notcovered :: explain SELECT k, c FROM sbtest%d WHERE k BETWEEN 2849218 AND 2849318
explain: for range-notcovered :: explain SELECT k, c FROM sbtest%d WHERE k BETWEEN 6648890 AND 6648990
for range-notcovered
table 1 : explain SELECT k, c FROM sbtest1 WHERE k BETWEEN 7868715 AND 7868815
	Bitmap Heap Scan on sbtest1  (cost=5.49..413.00 rows=103 width=125)
	  Recheck Cond: ((k >= 7868715) AND (k <= 7868815))
	  ->  Bitmap Index Scan on k_1  (cost=0.00..5.46 rows=103 width=0)
	        Index Cond: ((k >= 7868715) AND (k <= 7868815))

table 2 : explain SELECT k, c FROM sbtest2 WHERE k BETWEEN 7868715 AND 7868815
	Bitmap Heap Scan on sbtest2  (cost=5.50..416.94 rows=104 width=125)
	  Recheck Cond: ((k >= 7868715) AND (k <= 7868815))
	  ->  Bitmap Index Scan on k_2  (cost=0.00..5.47 rows=104 width=0)
	        Index Cond: ((k >= 7868715) AND (k <= 7868815))

table 3 : explain SELECT k, c FROM sbtest3 WHERE k BETWEEN 7868715 AND 7868815
	Bitmap Heap Scan on sbtest3  (cost=5.54..432.69 rows=108 width=125)
	  Recheck Cond: ((k >= 7868715) AND (k <= 7868815))
	  ->  Bitmap Index Scan on k_3  (cost=0.00..5.51 rows=108 width=0)
	        Index Cond: ((k >= 7868715) AND (k <= 7868815))

table 4 : explain SELECT k, c FROM sbtest4 WHERE k BETWEEN 7868715 AND 7868815
	Bitmap Heap Scan on sbtest4  (cost=5.40..377.55 rows=94 width=125)
	  Recheck Cond: ((k >= 7868715) AND (k <= 7868815))
	  ->  Bitmap Index Scan on k_4  (cost=0.00..5.38 rows=94 width=0)
	        Index Cond: ((k >= 7868715) AND (k <= 7868815))

table 5 : explain SELECT k, c FROM sbtest5 WHERE k BETWEEN 7868715 AND 7868815
	Bitmap Heap Scan on sbtest5  (cost=5.48..409.07 rows=102 width=125)
	  Recheck Cond: ((k >= 7868715) AND (k <= 7868815))
	  ->  Bitmap Index Scan on k_5  (cost=0.00..5.45 rows=102 width=0)
	        Index Cond: ((k >= 7868715) AND (k <= 7868815))

table 6 : explain SELECT k, c FROM sbtest6 WHERE k BETWEEN 7868715 AND 7868815
	Bitmap Heap Scan on sbtest6  (cost=5.52..424.81 rows=106 width=125)
	  Recheck Cond: ((k >= 7868715) AND (k <= 7868815))
	  ->  Bitmap Index Scan on k_6  (cost=0.00..5.50 rows=106 width=0)
	        Index Cond: ((k >= 7868715) AND (k <= 7868815))

table 7 : explain SELECT k, c FROM sbtest7 WHERE k BETWEEN 7868715 AND 7868815
	Bitmap Heap Scan on sbtest7  (cost=5.51..420.88 rows=105 width=125)
	  Recheck Cond: ((k >= 7868715) AND (k <= 7868815))
	  ->  Bitmap Index Scan on k_7  (cost=0.00..5.48 rows=105 width=0)
	        Index Cond: ((k >= 7868715) AND (k <= 7868815))

table 8 : explain SELECT k, c FROM sbtest8 WHERE k BETWEEN 7868715 AND 7868815
	Bitmap Heap Scan on sbtest8  (cost=5.53..428.75 rows=107 width=125)
	  Recheck Cond: ((k >= 7868715) AND (k <= 7868815))
	  ->  Bitmap Index Scan on k_8  (cost=0.00..5.50 rows=107 width=0)
	        Index Cond: ((k >= 7868715) AND (k <= 7868815))

explain: for range-notcovered :: explain SELECT k, c FROM sbtest%d WHERE k BETWEEN 7868715 AND 7868815
for range-notcovered
table 1 : explain SELECT k, c FROM sbtest1 WHERE k BETWEEN 4689980 AND 4690080
	Bitmap Heap Scan on sbtest1  (cost=5.43..389.37 rows=97 width=125)
	  Recheck Cond: ((k >= 4689980) AND (k <= 4690080))
	  ->  Bitmap Index Scan on k_1  (cost=0.00..5.40 rows=97 width=0)
	        Index Cond: ((k >= 4689980) AND (k <= 4690080))

table 2 : explain SELECT k, c FROM sbtest2 WHERE k BETWEEN 4689980 AND 4690080
	Bitmap Heap Scan on sbtest2  (cost=5.53..428.75 rows=107 width=125)
	  Recheck Cond: ((k >= 4689980) AND (k <= 4690080))
	  ->  Bitmap Index Scan on k_2  (cost=0.00..5.50 rows=107 width=0)
	        Index Cond: ((k >= 4689980) AND (k <= 4690080))

table 3 : explain SELECT k, c FROM sbtest3 WHERE k BETWEEN 4689980 AND 4690080
	Bitmap Heap Scan on sbtest3  (cost=5.38..369.67 rows=92 width=125)
	  Recheck Cond: ((k >= 4689980) AND (k <= 4690080))
	  ->  Bitmap Index Scan on k_3  (cost=0.00..5.35 rows=92 width=0)
	        Index Cond: ((k >= 4689980) AND (k <= 4690080))

table 4 : explain SELECT k, c FROM sbtest4 WHERE k BETWEEN 4689980 AND 4690080
	Bitmap Heap Scan on sbtest4  (cost=5.45..397.25 rows=99 width=125)
	  Recheck Cond: ((k >= 4689980) AND (k <= 4690080))
	  ->  Bitmap Index Scan on k_4  (cost=0.00..5.42 rows=99 width=0)
	        Index Cond: ((k >= 4689980) AND (k <= 4690080))

table 5 : explain SELECT k, c FROM sbtest5 WHERE k BETWEEN 4689980 AND 4690080
	Bitmap Heap Scan on sbtest5  (cost=5.53..428.75 rows=107 width=125)
	  Recheck Cond: ((k >= 4689980) AND (k <= 4690080))
	  ->  Bitmap Index Scan on k_5  (cost=0.00..5.50 rows=107 width=0)
	        Index Cond: ((k >= 4689980) AND (k <= 4690080))

table 6 : explain SELECT k, c FROM sbtest6 WHERE k BETWEEN 4689980 AND 4690080
	Bitmap Heap Scan on sbtest6  (cost=5.53..428.75 rows=107 width=125)
	  Recheck Cond: ((k >= 4689980) AND (k <= 4690080))
	  ->  Bitmap Index Scan on k_6  (cost=0.00..5.50 rows=107 width=0)
	        Index Cond: ((k >= 4689980) AND (k <= 4690080))

table 7 : explain SELECT k, c FROM sbtest7 WHERE k BETWEEN 4689980 AND 4690080
	Bitmap Heap Scan on sbtest7  (cost=5.46..401.19 rows=100 width=125)
	  Recheck Cond: ((k >= 4689980) AND (k <= 4690080))
	  ->  Bitmap Index Scan on k_7  (cost=0.00..5.43 rows=100 width=0)
	        Index Cond: ((k >= 4689980) AND (k <= 4690080))

table 8 : explain SELECT k, c FROM sbtest8 WHERE k BETWEEN 4689980 AND 4690080
	Bitmap Heap Scan on sbtest8  (cost=5.45..397.25 rows=99 width=125)
	  Recheck Cond: ((k >= 4689980) AND (k <= 4690080))
	  ->  Bitmap Index Scan on k_8  (cost=0.00..5.42 rows=99 width=0)
	        Index Cond: ((k >= 4689980) AND (k <= 4690080))

for range-notcovered
table 1 : explain SELECT k, c FROM sbtest1 WHERE k BETWEEN 2849218 AND 2849318
	Bitmap Heap Scan on sbtest1  (cost=5.43..389.37 rows=97 width=125)
	  Recheck Cond: ((k >= 2849218) AND (k <= 2849318))
	  ->  Bitmap Index Scan on k_1  (cost=0.00..5.40 rows=97 width=0)
	        Index Cond: ((k >= 2849218) AND (k <= 2849318))

table 2 : explain SELECT k, c FROM sbtest2 WHERE k BETWEEN 2849218 AND 2849318
	Bitmap Heap Scan on sbtest2  (cost=5.39..373.61 rows=93 width=125)
	  Recheck Cond: ((k >= 2849218) AND (k <= 2849318))
	  ->  Bitmap Index Scan on k_2  (cost=0.00..5.36 rows=93 width=0)
	        Index Cond: ((k >= 2849218) AND (k <= 2849318))

table 3 : explain SELECT k, c FROM sbtest3 WHERE k BETWEEN 2849218 AND 2849318
	Bitmap Heap Scan on sbtest3  (cost=5.55..436.62 rows=109 width=125)
	  Recheck Cond: ((k >= 2849218) AND (k <= 2849318))
	  ->  Bitmap Index Scan on k_3  (cost=0.00..5.52 rows=109 width=0)
	        Index Cond: ((k >= 2849218) AND (k <= 2849318))

table 4 : explain SELECT k, c FROM sbtest4 WHERE k BETWEEN 2849218 AND 2849318
	Bitmap Heap Scan on sbtest4  (cost=5.41..381.49 rows=95 width=125)
	  Recheck Cond: ((k >= 2849218) AND (k <= 2849318))
	  ->  Bitmap Index Scan on k_4  (cost=0.00..5.38 rows=95 width=0)
	        Index Cond: ((k >= 2849218) AND (k <= 2849318))

table 5 : explain SELECT k, c FROM sbtest5 WHERE k BETWEEN 2849218 AND 2849318
	Bitmap Heap Scan on sbtest5  (cost=5.52..424.81 rows=106 width=125)
	  Recheck Cond: ((k >= 2849218) AND (k <= 2849318))
	  ->  Bitmap Index Scan on k_5  (cost=0.00..5.50 rows=106 width=0)
	        Index Cond: ((k >= 2849218) AND (k <= 2849318))

table 6 : explain SELECT k, c FROM sbtest6 WHERE k BETWEEN 2849218 AND 2849318
	Bitmap Heap Scan on sbtest6  (cost=5.46..401.19 rows=100 width=125)
	  Recheck Cond: ((k >= 2849218) AND (k <= 2849318))
	  ->  Bitmap Index Scan on k_6  (cost=0.00..5.43 rows=100 width=0)
	        Index Cond: ((k >= 2849218) AND (k <= 2849318))

table 7 : explain SELECT k, c FROM sbtest7 WHERE k BETWEEN 2849218 AND 2849318
	Bitmap Heap Scan on sbtest7  (cost=5.52..424.81 rows=106 width=125)
	  Recheck Cond: ((k >= 2849218) AND (k <= 2849318))
	  ->  Bitmap Index Scan on k_7  (cost=0.00..5.50 rows=106 width=0)
	        Index Cond: ((k >= 2849218) AND (k <= 2849318))

table 8 : explain SELECT k, c FROM sbtest8 WHERE k BETWEEN 2849218 AND 2849318
	Bitmap Heap Scan on sbtest8  (cost=5.48..409.07 rows=102 width=125)
	  Recheck Cond: ((k >= 2849218) AND (k <= 2849318))
	  ->  Bitmap Index Scan on k_8  (cost=0.00..5.45 rows=102 width=0)
	        Index Cond: ((k >= 2849218) AND (k <= 2849318))

explain: for range-notcovered :: explain SELECT k, c FROM sbtest%d WHERE k BETWEEN 2849218 AND 2849318
for range-notcovered
table 1 : explain SELECT k, c FROM sbtest1 WHERE k BETWEEN 6648890 AND 6648990
	Bitmap Heap Scan on sbtest1  (cost=5.47..405.13 rows=101 width=125)
	  Recheck Cond: ((k >= 6648890) AND (k <= 6648990))
	  ->  Bitmap Index Scan on k_1  (cost=0.00..5.44 rows=101 width=0)
	        Index Cond: ((k >= 6648890) AND (k <= 6648990))

table 2 : explain SELECT k, c FROM sbtest2 WHERE k BETWEEN 6648890 AND 6648990
	Bitmap Heap Scan on sbtest2  (cost=5.43..389.37 rows=97 width=125)
	  Recheck Cond: ((k >= 6648890) AND (k <= 6648990))
	  ->  Bitmap Index Scan on k_2  (cost=0.00..5.40 rows=97 width=0)
	        Index Cond: ((k >= 6648890) AND (k <= 6648990))

table 3 : explain SELECT k, c FROM sbtest3 WHERE k BETWEEN 6648890 AND 6648990
	Bitmap Heap Scan on sbtest3  (cost=5.49..413.00 rows=103 width=125)
	  Recheck Cond: ((k >= 6648890) AND (k <= 6648990))
	  ->  Bitmap Index Scan on k_3  (cost=0.00..5.46 rows=103 width=0)
	        Index Cond: ((k >= 6648890) AND (k <= 6648990))

table 4 : explain SELECT k, c FROM sbtest4 WHERE k BETWEEN 6648890 AND 6648990
	Bitmap Heap Scan on sbtest4  (cost=5.36..361.78 rows=90 width=125)
	  Recheck Cond: ((k >= 6648890) AND (k <= 6648990))
	  ->  Bitmap Index Scan on k_4  (cost=0.00..5.33 rows=90 width=0)
	        Index Cond: ((k >= 6648890) AND (k <= 6648990))

table 5 : explain SELECT k, c FROM sbtest5 WHERE k BETWEEN 6648890 AND 6648990
	Bitmap Heap Scan on sbtest5  (cost=5.48..409.07 rows=102 width=125)
	  Recheck Cond: ((k >= 6648890) AND (k <= 6648990))
	  ->  Bitmap Index Scan on k_5  (cost=0.00..5.45 rows=102 width=0)
	        Index Cond: ((k >= 6648890) AND (k <= 6648990))

table 6 : explain SELECT k, c FROM sbtest6 WHERE k BETWEEN 6648890 AND 6648990
	Bitmap Heap Scan on sbtest6  (cost=5.44..393.31 rows=98 width=125)
	  Recheck Cond: ((k >= 6648890) AND (k <= 6648990))
	  ->  Bitmap Index Scan on k_6  (cost=0.00..5.42 rows=98 width=0)
	        Index Cond: ((k >= 6648890) AND (k <= 6648990))

table 7 : explain SELECT k, c FROM sbtest7 WHERE k BETWEEN 6648890 AND 6648990
	Bitmap Heap Scan on sbtest7  (cost=5.50..416.94 rows=104 width=125)
	  Recheck Cond: ((k >= 6648890) AND (k <= 6648990))
	  ->  Bitmap Index Scan on k_7  (cost=0.00..5.47 rows=104 width=0)
	        Index Cond: ((k >= 6648890) AND (k <= 6648990))

table 8 : explain SELECT k, c FROM sbtest8 WHERE k BETWEEN 6648890 AND 6648990
	Bitmap Heap Scan on sbtest8  (cost=5.46..401.19 rows=100 width=125)
	  Recheck Cond: ((k >= 6648890) AND (k <= 6648990))
	  ->  Bitmap Index Scan on k_8  (cost=0.00..5.43 rows=100 width=0)
	        Index Cond: ((k >= 6648890) AND (k <= 6648990))

for range-notcovered
table 1 : explain SELECT k, c FROM sbtest1 WHERE k BETWEEN 7868715 AND 7868815
	Bitmap Heap Scan on sbtest1  (cost=5.49..413.00 rows=103 width=125)
	  Recheck Cond: ((k >= 7868715) AND (k <= 7868815))
	  ->  Bitmap Index Scan on k_1  (cost=0.00..5.46 rows=103 width=0)
	        Index Cond: ((k >= 7868715) AND (k <= 7868815))

table 2 : explain SELECT k, c FROM sbtest2 WHERE k BETWEEN 7868715 AND 7868815
	Bitmap Heap Scan on sbtest2  (cost=5.50..416.94 rows=104 width=125)
	  Recheck Cond: ((k >= 7868715) AND (k <= 7868815))
	  ->  Bitmap Index Scan on k_2  (cost=0.00..5.47 rows=104 width=0)
	        Index Cond: ((k >= 7868715) AND (k <= 7868815))

table 3 : explain SELECT k, c FROM sbtest3 WHERE k BETWEEN 7868715 AND 7868815
	Bitmap Heap Scan on sbtest3  (cost=5.54..432.69 rows=108 width=125)
	  Recheck Cond: ((k >= 7868715) AND (k <= 7868815))
	  ->  Bitmap Index Scan on k_3  (cost=0.00..5.51 rows=108 width=0)
	        Index Cond: ((k >= 7868715) AND (k <= 7868815))

table 4 : explain SELECT k, c FROM sbtest4 WHERE k BETWEEN 7868715 AND 7868815
	Bitmap Heap Scan on sbtest4  (cost=5.40..377.55 rows=94 width=125)
	  Recheck Cond: ((k >= 7868715) AND (k <= 7868815))
	  ->  Bitmap Index Scan on k_4  (cost=0.00..5.38 rows=94 width=0)
	        Index Cond: ((k >= 7868715) AND (k <= 7868815))

table 5 : explain SELECT k, c FROM sbtest5 WHERE k BETWEEN 7868715 AND 7868815
	Bitmap Heap Scan on sbtest5  (cost=5.48..409.07 rows=102 width=125)
	  Recheck Cond: ((k >= 7868715) AND (k <= 7868815))
	  ->  Bitmap Index Scan on k_5  (cost=0.00..5.45 rows=102 width=0)
	        Index Cond: ((k >= 7868715) AND (k <= 7868815))

table 6 : explain SELECT k, c FROM sbtest6 WHERE k BETWEEN 7868715 AND 7868815
	Bitmap Heap Scan on sbtest6  (cost=5.52..424.81 rows=106 width=125)
	  Recheck Cond: ((k >= 7868715) AND (k <= 7868815))
	  ->  Bitmap Index Scan on k_6  (cost=0.00..5.50 rows=106 width=0)
	        Index Cond: ((k >= 7868715) AND (k <= 7868815))

table 7 : explain SELECT k, c FROM sbtest7 WHERE k BETWEEN 7868715 AND 7868815
	Bitmap Heap Scan on sbtest7  (cost=5.51..420.88 rows=105 width=125)
	  Recheck Cond: ((k >= 7868715) AND (k <= 7868815))
	  ->  Bitmap Index Scan on k_7  (cost=0.00..5.48 rows=105 width=0)
	        Index Cond: ((k >= 7868715) AND (k <= 7868815))

table 8 : explain SELECT k, c FROM sbtest8 WHERE k BETWEEN 7868715 AND 7868815
	Bitmap Heap Scan on sbtest8  (cost=5.53..428.75 rows=107 width=125)
	  Recheck Cond: ((k >= 7868715) AND (k <= 7868815))
	  ->  Bitmap Index Scan on k_8  (cost=0.00..5.50 rows=107 width=0)
	        Index Cond: ((k >= 7868715) AND (k <= 7868815))

explain: for range-notcovered :: explain SELECT k, c FROM sbtest%d WHERE k BETWEEN 6648890 AND 6648990
explain: for range-notcovered :: explain SELECT k, c FROM sbtest%d WHERE k BETWEEN 7868715 AND 7868815
for range-notcovered
table 1 : explain SELECT k, c FROM sbtest1 WHERE k BETWEEN 8712209 AND 8712309
	Bitmap Heap Scan on sbtest1  (cost=5.54..432.69 rows=108 width=125)
	  Recheck Cond: ((k >= 8712209) AND (k <= 8712309))
	  ->  Bitmap Index Scan on k_1  (cost=0.00..5.51 rows=108 width=0)
	        Index Cond: ((k >= 8712209) AND (k <= 8712309))

table 2 : explain SELECT k, c FROM sbtest2 WHERE k BETWEEN 8712209 AND 8712309
	Bitmap Heap Scan on sbtest2  (cost=5.50..416.94 rows=104 width=125)
	  Recheck Cond: ((k >= 8712209) AND (k <= 8712309))
	  ->  Bitmap Index Scan on k_2  (cost=0.00..5.47 rows=104 width=0)
	        Index Cond: ((k >= 8712209) AND (k <= 8712309))

table 3 : explain SELECT k, c FROM sbtest3 WHERE k BETWEEN 8712209 AND 8712309
	Bitmap Heap Scan on sbtest3  (cost=5.48..409.07 rows=102 width=125)
	  Recheck Cond: ((k >= 8712209) AND (k <= 8712309))
	  ->  Bitmap Index Scan on k_3  (cost=0.00..5.45 rows=102 width=0)
	        Index Cond: ((k >= 8712209) AND (k <= 8712309))

table 4 : explain SELECT k, c FROM sbtest4 WHERE k BETWEEN 8712209 AND 8712309
	Bitmap Heap Scan on sbtest4  (cost=5.40..377.55 rows=94 width=125)
	  Recheck Cond: ((k >= 8712209) AND (k <= 8712309))
	  ->  Bitmap Index Scan on k_4  (cost=0.00..5.38 rows=94 width=0)
	        Index Cond: ((k >= 8712209) AND (k <= 8712309))

table 5 : explain SELECT k, c FROM sbtest5 WHERE k BETWEEN 8712209 AND 8712309
	Bitmap Heap Scan on sbtest5  (cost=5.43..389.37 rows=97 width=125)
	  Recheck Cond: ((k >= 8712209) AND (k <= 8712309))
	  ->  Bitmap Index Scan on k_5  (cost=0.00..5.40 rows=97 width=0)
	        Index Cond: ((k >= 8712209) AND (k <= 8712309))

table 6 : explain SELECT k, c FROM sbtest6 WHERE k BETWEEN 8712209 AND 8712309
	Bitmap Heap Scan on sbtest6  (cost=5.38..369.67 rows=92 width=125)
	  Recheck Cond: ((k >= 8712209) AND (k <= 8712309))
	  ->  Bitmap Index Scan on k_6  (cost=0.00..5.35 rows=92 width=0)
	        Index Cond: ((k >= 8712209) AND (k <= 8712309))

table 7 : explain SELECT k, c FROM sbtest7 WHERE k BETWEEN 8712209 AND 8712309
	Bitmap Heap Scan on sbtest7  (cost=5.48..409.07 rows=102 width=125)
	  Recheck Cond: ((k >= 8712209) AND (k <= 8712309))
	  ->  Bitmap Index Scan on k_7  (cost=0.00..5.45 rows=102 width=0)
	        Index Cond: ((k >= 8712209) AND (k <= 8712309))

table 8 : explain SELECT k, c FROM sbtest8 WHERE k BETWEEN 8712209 AND 8712309
	Bitmap Heap Scan on sbtest8  (cost=5.43..389.37 rows=97 width=125)
	  Recheck Cond: ((k >= 8712209) AND (k <= 8712309))
	  ->  Bitmap Index Scan on k_8  (cost=0.00..5.40 rows=97 width=0)
	        Index Cond: ((k >= 8712209) AND (k <= 8712309))

explain: for range-notcovered :: explain SELECT k, c FROM sbtest%d WHERE k BETWEEN 8712209 AND 8712309
for range-notcovered
table 1 : explain SELECT k, c FROM sbtest1 WHERE k BETWEEN 2849218 AND 2849318
	Bitmap Heap Scan on sbtest1  (cost=5.43..389.37 rows=97 width=125)
	  Recheck Cond: ((k >= 2849218) AND (k <= 2849318))
	  ->  Bitmap Index Scan on k_1  (cost=0.00..5.40 rows=97 width=0)
	        Index Cond: ((k >= 2849218) AND (k <= 2849318))

table 2 : explain SELECT k, c FROM sbtest2 WHERE k BETWEEN 2849218 AND 2849318
	Bitmap Heap Scan on sbtest2  (cost=5.39..373.61 rows=93 width=125)
	  Recheck Cond: ((k >= 2849218) AND (k <= 2849318))
	  ->  Bitmap Index Scan on k_2  (cost=0.00..5.36 rows=93 width=0)
	        Index Cond: ((k >= 2849218) AND (k <= 2849318))

table 3 : explain SELECT k, c FROM sbtest3 WHERE k BETWEEN 2849218 AND 2849318
	Bitmap Heap Scan on sbtest3  (cost=5.55..436.62 rows=109 width=125)
	  Recheck Cond: ((k >= 2849218) AND (k <= 2849318))
	  ->  Bitmap Index Scan on k_3  (cost=0.00..5.52 rows=109 width=0)
	        Index Cond: ((k >= 2849218) AND (k <= 2849318))

table 4 : explain SELECT k, c FROM sbtest4 WHERE k BETWEEN 2849218 AND 2849318
	Bitmap Heap Scan on sbtest4  (cost=5.41..381.49 rows=95 width=125)
	  Recheck Cond: ((k >= 2849218) AND (k <= 2849318))
	  ->  Bitmap Index Scan on k_4  (cost=0.00..5.38 rows=95 width=0)
	        Index Cond: ((k >= 2849218) AND (k <= 2849318))

table 5 : explain SELECT k, c FROM sbtest5 WHERE k BETWEEN 2849218 AND 2849318
	Bitmap Heap Scan on sbtest5  (cost=5.52..424.81 rows=106 width=125)
	  Recheck Cond: ((k >= 2849218) AND (k <= 2849318))
	  ->  Bitmap Index Scan on k_5  (cost=0.00..5.50 rows=106 width=0)
	        Index Cond: ((k >= 2849218) AND (k <= 2849318))

table 6 : explain SELECT k, c FROM sbtest6 WHERE k BETWEEN 2849218 AND 2849318
	Bitmap Heap Scan on sbtest6  (cost=5.46..401.19 rows=100 width=125)
	  Recheck Cond: ((k >= 2849218) AND (k <= 2849318))
	  ->  Bitmap Index Scan on k_6  (cost=0.00..5.43 rows=100 width=0)
	        Index Cond: ((k >= 2849218) AND (k <= 2849318))

table 7 : explain SELECT k, c FROM sbtest7 WHERE k BETWEEN 2849218 AND 2849318
	Bitmap Heap Scan on sbtest7  (cost=5.52..424.81 rows=106 width=125)
	  Recheck Cond: ((k >= 2849218) AND (k <= 2849318))
	  ->  Bitmap Index Scan on k_7  (cost=0.00..5.50 rows=106 width=0)
	        Index Cond: ((k >= 2849218) AND (k <= 2849318))

table 8 : explain SELECT k, c FROM sbtest8 WHERE k BETWEEN 2849218 AND 2849318
	Bitmap Heap Scan on sbtest8  (cost=5.48..409.07 rows=102 width=125)
	  Recheck Cond: ((k >= 2849218) AND (k <= 2849318))
	  ->  Bitmap Index Scan on k_8  (cost=0.00..5.45 rows=102 width=0)
	        Index Cond: ((k >= 2849218) AND (k <= 2849318))

explain: for range-notcovered :: explain SELECT k, c FROM sbtest%d WHERE k BETWEEN 2849218 AND 2849318
for range-notcovered
table 1 : explain SELECT k, c FROM sbtest1 WHERE k BETWEEN 5126552 AND 5126652
	Bitmap Heap Scan on sbtest1  (cost=5.51..420.88 rows=105 width=125)
	  Recheck Cond: ((k >= 5126552) AND (k <= 5126652))
	  ->  Bitmap Index Scan on k_1  (cost=0.00..5.48 rows=105 width=0)
	        Index Cond: ((k >= 5126552) AND (k <= 5126652))

table 2 : explain SELECT k, c FROM sbtest2 WHERE k BETWEEN 5126552 AND 5126652
	Bitmap Heap Scan on sbtest2  (cost=5.54..432.69 rows=108 width=125)
	  Recheck Cond: ((k >= 5126552) AND (k <= 5126652))
	  ->  Bitmap Index Scan on k_2  (cost=0.00..5.51 rows=108 width=0)
	        Index Cond: ((k >= 5126552) AND (k <= 5126652))

table 3 : explain SELECT k, c FROM sbtest3 WHERE k BETWEEN 5126552 AND 5126652
	Bitmap Heap Scan on sbtest3  (cost=5.53..428.75 rows=107 width=125)
	  Recheck Cond: ((k >= 5126552) AND (k <= 5126652))
	  ->  Bitmap Index Scan on k_3  (cost=0.00..5.50 rows=107 width=0)
	        Index Cond: ((k >= 5126552) AND (k <= 5126652))

table 4 : explain SELECT k, c FROM sbtest4 WHERE k BETWEEN 5126552 AND 5126652
	Bitmap Heap Scan on sbtest4  (cost=5.58..448.42 rows=112 width=125)
	  Recheck Cond: ((k >= 5126552) AND (k <= 5126652))
	  ->  Bitmap Index Scan on k_4  (cost=0.00..5.55 rows=112 width=0)
	        Index Cond: ((k >= 5126552) AND (k <= 5126652))

table 5 : explain SELECT k, c FROM sbtest5 WHERE k BETWEEN 5126552 AND 5126652
	Bitmap Heap Scan on sbtest5  (cost=5.54..432.69 rows=108 width=125)
	  Recheck Cond: ((k >= 5126552) AND (k <= 5126652))
	  ->  Bitmap Index Scan on k_5  (cost=0.00..5.51 rows=108 width=0)
	        Index Cond: ((k >= 5126552) AND (k <= 5126652))

table 6 : explain SELECT k, c FROM sbtest6 WHERE k BETWEEN 5126552 AND 5126652
	Bitmap Heap Scan on sbtest6  (cost=5.48..409.07 rows=102 width=125)
	  Recheck Cond: ((k >= 5126552) AND (k <= 5126652))
	  ->  Bitmap Index Scan on k_6  (cost=0.00..5.45 rows=102 width=0)
	        Index Cond: ((k >= 5126552) AND (k <= 5126652))

table 7 : explain SELECT k, c FROM sbtest7 WHERE k BETWEEN 5126552 AND 5126652
	Bitmap Heap Scan on sbtest7  (cost=5.54..432.69 rows=108 width=125)
	  Recheck Cond: ((k >= 5126552) AND (k <= 5126652))
	  ->  Bitmap Index Scan on k_7  (cost=0.00..5.51 rows=108 width=0)
	        Index Cond: ((k >= 5126552) AND (k <= 5126652))

table 8 : explain SELECT k, c FROM sbtest8 WHERE k BETWEEN 5126552 AND 5126652
	Bitmap Heap Scan on sbtest8  (cost=5.52..424.81 rows=106 width=125)
	  Recheck Cond: ((k >= 5126552) AND (k <= 5126652))
	  ->  Bitmap Index Scan on k_8  (cost=0.00..5.50 rows=106 width=0)
	        Index Cond: ((k >= 5126552) AND (k <= 5126652))

for range-notcovered
table 1 : explain SELECT k, c FROM sbtest1 WHERE k BETWEEN 6648890 AND 6648990
	Bitmap Heap Scan on sbtest1  (cost=5.47..405.13 rows=101 width=125)
	  Recheck Cond: ((k >= 6648890) AND (k <= 6648990))
	  ->  Bitmap Index Scan on k_1  (cost=0.00..5.44 rows=101 width=0)
	        Index Cond: ((k >= 6648890) AND (k <= 6648990))

table 2 : explain SELECT k, c FROM sbtest2 WHERE k BETWEEN 6648890 AND 6648990
	Bitmap Heap Scan on sbtest2  (cost=5.43..389.37 rows=97 width=125)
	  Recheck Cond: ((k >= 6648890) AND (k <= 6648990))
	  ->  Bitmap Index Scan on k_2  (cost=0.00..5.40 rows=97 width=0)
	        Index Cond: ((k >= 6648890) AND (k <= 6648990))

table 3 : explain SELECT k, c FROM sbtest3 WHERE k BETWEEN 6648890 AND 6648990
	Bitmap Heap Scan on sbtest3  (cost=5.49..413.00 rows=103 width=125)
	  Recheck Cond: ((k >= 6648890) AND (k <= 6648990))
	  ->  Bitmap Index Scan on k_3  (cost=0.00..5.46 rows=103 width=0)
	        Index Cond: ((k >= 6648890) AND (k <= 6648990))

table 4 : explain SELECT k, c FROM sbtest4 WHERE k BETWEEN 6648890 AND 6648990
	Bitmap Heap Scan on sbtest4  (cost=5.36..361.78 rows=90 width=125)
	  Recheck Cond: ((k >= 6648890) AND (k <= 6648990))
	  ->  Bitmap Index Scan on k_4  (cost=0.00..5.33 rows=90 width=0)
	        Index Cond: ((k >= 6648890) AND (k <= 6648990))

table 5 : explain SELECT k, c FROM sbtest5 WHERE k BETWEEN 6648890 AND 6648990
	Bitmap Heap Scan on sbtest5  (cost=5.48..409.07 rows=102 width=125)
	  Recheck Cond: ((k >= 6648890) AND (k <= 6648990))
	  ->  Bitmap Index Scan on k_5  (cost=0.00..5.45 rows=102 width=0)
	        Index Cond: ((k >= 6648890) AND (k <= 6648990))

table 6 : explain SELECT k, c FROM sbtest6 WHERE k BETWEEN 6648890 AND 6648990
	Bitmap Heap Scan on sbtest6  (cost=5.44..393.31 rows=98 width=125)
	  Recheck Cond: ((k >= 6648890) AND (k <= 6648990))
	  ->  Bitmap Index Scan on k_6  (cost=0.00..5.42 rows=98 width=0)
	        Index Cond: ((k >= 6648890) AND (k <= 6648990))

table 7 : explain SELECT k, c FROM sbtest7 WHERE k BETWEEN 6648890 AND 6648990
	Bitmap Heap Scan on sbtest7  (cost=5.50..416.94 rows=104 width=125)
	  Recheck Cond: ((k >= 6648890) AND (k <= 6648990))
	  ->  Bitmap Index Scan on k_7  (cost=0.00..5.47 rows=104 width=0)
	        Index Cond: ((k >= 6648890) AND (k <= 6648990))

table 8 : explain SELECT k, c FROM sbtest8 WHERE k BETWEEN 6648890 AND 6648990
	Bitmap Heap Scan on sbtest8  (cost=5.46..401.19 rows=100 width=125)
	  Recheck Cond: ((k >= 6648890) AND (k <= 6648990))
	  ->  Bitmap Index Scan on k_8  (cost=0.00..5.43 rows=100 width=0)
	        Index Cond: ((k >= 6648890) AND (k <= 6648990))

explain: for range-notcovered :: explain SELECT k, c FROM sbtest%d WHERE k BETWEEN 5126552 AND 5126652
for range-notcovered
table 1 : explain SELECT k, c FROM sbtest1 WHERE k BETWEEN 7868715 AND 7868815
	Bitmap Heap Scan on sbtest1  (cost=5.49..413.00 rows=103 width=125)
	  Recheck Cond: ((k >= 7868715) AND (k <= 7868815))
	  ->  Bitmap Index Scan on k_1  (cost=0.00..5.46 rows=103 width=0)
	        Index Cond: ((k >= 7868715) AND (k <= 7868815))

table 2 : explain SELECT k, c FROM sbtest2 WHERE k BETWEEN 7868715 AND 7868815
	Bitmap Heap Scan on sbtest2  (cost=5.50..416.94 rows=104 width=125)
	  Recheck Cond: ((k >= 7868715) AND (k <= 7868815))
	  ->  Bitmap Index Scan on k_2  (cost=0.00..5.47 rows=104 width=0)
	        Index Cond: ((k >= 7868715) AND (k <= 7868815))

table 3 : explain SELECT k, c FROM sbtest3 WHERE k BETWEEN 7868715 AND 7868815
	Bitmap Heap Scan on sbtest3  (cost=5.54..432.69 rows=108 width=125)
	  Recheck Cond: ((k >= 7868715) AND (k <= 7868815))
	  ->  Bitmap Index Scan on k_3  (cost=0.00..5.51 rows=108 width=0)
	        Index Cond: ((k >= 7868715) AND (k <= 7868815))

table 4 : explain SELECT k, c FROM sbtest4 WHERE k BETWEEN 7868715 AND 7868815
	Bitmap Heap Scan on sbtest4  (cost=5.40..377.55 rows=94 width=125)
	  Recheck Cond: ((k >= 7868715) AND (k <= 7868815))
	  ->  Bitmap Index Scan on k_4  (cost=0.00..5.38 rows=94 width=0)
	        Index Cond: ((k >= 7868715) AND (k <= 7868815))

table 5 : explain SELECT k, c FROM sbtest5 WHERE k BETWEEN 7868715 AND 7868815
	Bitmap Heap Scan on sbtest5  (cost=5.48..409.07 rows=102 width=125)
	  Recheck Cond: ((k >= 7868715) AND (k <= 7868815))
	  ->  Bitmap Index Scan on k_5  (cost=0.00..5.45 rows=102 width=0)
	        Index Cond: ((k >= 7868715) AND (k <= 7868815))

table 6 : explain SELECT k, c FROM sbtest6 WHERE k BETWEEN 7868715 AND 7868815
	Bitmap Heap Scan on sbtest6  (cost=5.52..424.81 rows=106 width=125)
	  Recheck Cond: ((k >= 7868715) AND (k <= 7868815))
	  ->  Bitmap Index Scan on k_6  (cost=0.00..5.50 rows=106 width=0)
	        Index Cond: ((k >= 7868715) AND (k <= 7868815))

table 7 : explain SELECT k, c FROM sbtest7 WHERE k BETWEEN 7868715 AND 7868815
	Bitmap Heap Scan on sbtest7  (cost=5.51..420.88 rows=105 width=125)
	  Recheck Cond: ((k >= 7868715) AND (k <= 7868815))
	  ->  Bitmap Index Scan on k_7  (cost=0.00..5.48 rows=105 width=0)
	        Index Cond: ((k >= 7868715) AND (k <= 7868815))

table 8 : explain SELECT k, c FROM sbtest8 WHERE k BETWEEN 7868715 AND 7868815
	Bitmap Heap Scan on sbtest8  (cost=5.53..428.75 rows=107 width=125)
	  Recheck Cond: ((k >= 7868715) AND (k <= 7868815))
	  ->  Bitmap Index Scan on k_8  (cost=0.00..5.50 rows=107 width=0)
	        Index Cond: ((k >= 7868715) AND (k <= 7868815))

explain: for range-notcovered :: explain SELECT k, c FROM sbtest%d WHERE k BETWEEN 7868715 AND 7868815
for range-notcovered
table 1 : explain SELECT k, c FROM sbtest1 WHERE k BETWEEN 8712209 AND 8712309
	Bitmap Heap Scan on sbtest1  (cost=5.54..432.69 rows=108 width=125)
	  Recheck Cond: ((k >= 8712209) AND (k <= 8712309))
	  ->  Bitmap Index Scan on k_1  (cost=0.00..5.51 rows=108 width=0)
	        Index Cond: ((k >= 8712209) AND (k <= 8712309))

table 2 : explain SELECT k, c FROM sbtest2 WHERE k BETWEEN 8712209 AND 8712309
	Bitmap Heap Scan on sbtest2  (cost=5.50..416.94 rows=104 width=125)
	  Recheck Cond: ((k >= 8712209) AND (k <= 8712309))
	  ->  Bitmap Index Scan on k_2  (cost=0.00..5.47 rows=104 width=0)
	        Index Cond: ((k >= 8712209) AND (k <= 8712309))

table 3 : explain SELECT k, c FROM sbtest3 WHERE k BETWEEN 8712209 AND 8712309
	Bitmap Heap Scan on sbtest3  (cost=5.48..409.07 rows=102 width=125)
	  Recheck Cond: ((k >= 8712209) AND (k <= 8712309))
	  ->  Bitmap Index Scan on k_3  (cost=0.00..5.45 rows=102 width=0)
	        Index Cond: ((k >= 8712209) AND (k <= 8712309))

table 4 : explain SELECT k, c FROM sbtest4 WHERE k BETWEEN 8712209 AND 8712309
	Bitmap Heap Scan on sbtest4  (cost=5.40..377.55 rows=94 width=125)
	  Recheck Cond: ((k >= 8712209) AND (k <= 8712309))
	  ->  Bitmap Index Scan on k_4  (cost=0.00..5.38 rows=94 width=0)
	        Index Cond: ((k >= 8712209) AND (k <= 8712309))

table 5 : explain SELECT k, c FROM sbtest5 WHERE k BETWEEN 8712209 AND 8712309
	Bitmap Heap Scan on sbtest5  (cost=5.43..389.37 rows=97 width=125)
	  Recheck Cond: ((k >= 8712209) AND (k <= 8712309))
	  ->  Bitmap Index Scan on k_5  (cost=0.00..5.40 rows=97 width=0)
	        Index Cond: ((k >= 8712209) AND (k <= 8712309))

table 6 : explain SELECT k, c FROM sbtest6 WHERE k BETWEEN 8712209 AND 8712309
	Bitmap Heap Scan on sbtest6  (cost=5.38..369.67 rows=92 width=125)
	  Recheck Cond: ((k >= 8712209) AND (k <= 8712309))
	  ->  Bitmap Index Scan on k_6  (cost=0.00..5.35 rows=92 width=0)
	        Index Cond: ((k >= 8712209) AND (k <= 8712309))

table 7 : explain SELECT k, c FROM sbtest7 WHERE k BETWEEN 8712209 AND 8712309
	Bitmap Heap Scan on sbtest7  (cost=5.48..409.07 rows=102 width=125)
	  Recheck Cond: ((k >= 8712209) AND (k <= 8712309))
	  ->  Bitmap Index Scan on k_7  (cost=0.00..5.45 rows=102 width=0)
	        Index Cond: ((k >= 8712209) AND (k <= 8712309))

table 8 : explain SELECT k, c FROM sbtest8 WHERE k BETWEEN 8712209 AND 8712309
	Bitmap Heap Scan on sbtest8  (cost=5.43..389.37 rows=97 width=125)
	  Recheck Cond: ((k >= 8712209) AND (k <= 8712309))
	  ->  Bitmap Index Scan on k_8  (cost=0.00..5.40 rows=97 width=0)
	        Index Cond: ((k >= 8712209) AND (k <= 8712309))

for range-notcovered
table 1 : explain SELECT k, c FROM sbtest1 WHERE k BETWEEN 2849218 AND 2849318
	Bitmap Heap Scan on sbtest1  (cost=5.43..389.37 rows=97 width=125)
	  Recheck Cond: ((k >= 2849218) AND (k <= 2849318))
	  ->  Bitmap Index Scan on k_1  (cost=0.00..5.40 rows=97 width=0)
	        Index Cond: ((k >= 2849218) AND (k <= 2849318))

table 2 : explain SELECT k, c FROM sbtest2 WHERE k BETWEEN 2849218 AND 2849318
	Bitmap Heap Scan on sbtest2  (cost=5.39..373.61 rows=93 width=125)
	  Recheck Cond: ((k >= 2849218) AND (k <= 2849318))
	  ->  Bitmap Index Scan on k_2  (cost=0.00..5.36 rows=93 width=0)
	        Index Cond: ((k >= 2849218) AND (k <= 2849318))

table 3 : explain SELECT k, c FROM sbtest3 WHERE k BETWEEN 2849218 AND 2849318
	Bitmap Heap Scan on sbtest3  (cost=5.55..436.62 rows=109 width=125)
	  Recheck Cond: ((k >= 2849218) AND (k <= 2849318))
	  ->  Bitmap Index Scan on k_3  (cost=0.00..5.52 rows=109 width=0)
	        Index Cond: ((k >= 2849218) AND (k <= 2849318))

table 4 : explain SELECT k, c FROM sbtest4 WHERE k BETWEEN 2849218 AND 2849318
	Bitmap Heap Scan on sbtest4  (cost=5.41..381.49 rows=95 width=125)
	  Recheck Cond: ((k >= 2849218) AND (k <= 2849318))
	  ->  Bitmap Index Scan on k_4  (cost=0.00..5.38 rows=95 width=0)
	        Index Cond: ((k >= 2849218) AND (k <= 2849318))

table 5 : explain SELECT k, c FROM sbtest5 WHERE k BETWEEN 2849218 AND 2849318
	Bitmap Heap Scan on sbtest5  (cost=5.52..424.81 rows=106 width=125)
	  Recheck Cond: ((k >= 2849218) AND (k <= 2849318))
	  ->  Bitmap Index Scan on k_5  (cost=0.00..5.50 rows=106 width=0)
	        Index Cond: ((k >= 2849218) AND (k <= 2849318))

table 6 : explain SELECT k, c FROM sbtest6 WHERE k BETWEEN 2849218 AND 2849318
	Bitmap Heap Scan on sbtest6  (cost=5.46..401.19 rows=100 width=125)
	  Recheck Cond: ((k >= 2849218) AND (k <= 2849318))
	  ->  Bitmap Index Scan on k_6  (cost=0.00..5.43 rows=100 width=0)
	        Index Cond: ((k >= 2849218) AND (k <= 2849318))

table 7 : explain SELECT k, c FROM sbtest7 WHERE k BETWEEN 2849218 AND 2849318
	Bitmap Heap Scan on sbtest7  (cost=5.52..424.81 rows=106 width=125)
	  Recheck Cond: ((k >= 2849218) AND (k <= 2849318))
	  ->  Bitmap Index Scan on k_7  (cost=0.00..5.50 rows=106 width=0)
	        Index Cond: ((k >= 2849218) AND (k <= 2849318))

table 8 : explain SELECT k, c FROM sbtest8 WHERE k BETWEEN 2849218 AND 2849318
	Bitmap Heap Scan on sbtest8  (cost=5.48..409.07 rows=102 width=125)
	  Recheck Cond: ((k >= 2849218) AND (k <= 2849318))
	  ->  Bitmap Index Scan on k_8  (cost=0.00..5.45 rows=102 width=0)
	        Index Cond: ((k >= 2849218) AND (k <= 2849318))

explain: for range-notcovered :: explain SELECT k, c FROM sbtest%d WHERE k BETWEEN 8712209 AND 8712309
explain: for range-notcovered :: explain SELECT k, c FROM sbtest%d WHERE k BETWEEN 2849218 AND 2849318
for range-notcovered
table 1 : explain SELECT k, c FROM sbtest1 WHERE k BETWEEN 5126552 AND 5126652
	Bitmap Heap Scan on sbtest1  (cost=5.51..420.88 rows=105 width=125)
	  Recheck Cond: ((k >= 5126552) AND (k <= 5126652))
	  ->  Bitmap Index Scan on k_1  (cost=0.00..5.48 rows=105 width=0)
	        Index Cond: ((k >= 5126552) AND (k <= 5126652))

table 2 : explain SELECT k, c FROM sbtest2 WHERE k BETWEEN 5126552 AND 5126652
	Bitmap Heap Scan on sbtest2  (cost=5.54..432.69 rows=108 width=125)
	  Recheck Cond: ((k >= 5126552) AND (k <= 5126652))
	  ->  Bitmap Index Scan on k_2  (cost=0.00..5.51 rows=108 width=0)
	        Index Cond: ((k >= 5126552) AND (k <= 5126652))

table 3 : explain SELECT k, c FROM sbtest3 WHERE k BETWEEN 5126552 AND 5126652
	Bitmap Heap Scan on sbtest3  (cost=5.53..428.75 rows=107 width=125)
	  Recheck Cond: ((k >= 5126552) AND (k <= 5126652))
	  ->  Bitmap Index Scan on k_3  (cost=0.00..5.50 rows=107 width=0)
	        Index Cond: ((k >= 5126552) AND (k <= 5126652))

table 4 : explain SELECT k, c FROM sbtest4 WHERE k BETWEEN 5126552 AND 5126652
	Bitmap Heap Scan on sbtest4  (cost=5.58..448.42 rows=112 width=125)
	  Recheck Cond: ((k >= 5126552) AND (k <= 5126652))
	  ->  Bitmap Index Scan on k_4  (cost=0.00..5.55 rows=112 width=0)
	        Index Cond: ((k >= 5126552) AND (k <= 5126652))

table 5 : explain SELECT k, c FROM sbtest5 WHERE k BETWEEN 5126552 AND 5126652
	Bitmap Heap Scan on sbtest5  (cost=5.54..432.69 rows=108 width=125)
	  Recheck Cond: ((k >= 5126552) AND (k <= 5126652))
	  ->  Bitmap Index Scan on k_5  (cost=0.00..5.51 rows=108 width=0)
	        Index Cond: ((k >= 5126552) AND (k <= 5126652))

table 6 : explain SELECT k, c FROM sbtest6 WHERE k BETWEEN 5126552 AND 5126652
	Bitmap Heap Scan on sbtest6  (cost=5.48..409.07 rows=102 width=125)
	  Recheck Cond: ((k >= 5126552) AND (k <= 5126652))
	  ->  Bitmap Index Scan on k_6  (cost=0.00..5.45 rows=102 width=0)
	        Index Cond: ((k >= 5126552) AND (k <= 5126652))

table 7 : explain SELECT k, c FROM sbtest7 WHERE k BETWEEN 5126552 AND 5126652
	Bitmap Heap Scan on sbtest7  (cost=5.54..432.69 rows=108 width=125)
	  Recheck Cond: ((k >= 5126552) AND (k <= 5126652))
	  ->  Bitmap Index Scan on k_7  (cost=0.00..5.51 rows=108 width=0)
	        Index Cond: ((k >= 5126552) AND (k <= 5126652))

table 8 : explain SELECT k, c FROM sbtest8 WHERE k BETWEEN 5126552 AND 5126652
	Bitmap Heap Scan on sbtest8  (cost=5.52..424.81 rows=106 width=125)
	  Recheck Cond: ((k >= 5126552) AND (k <= 5126652))
	  ->  Bitmap Index Scan on k_8  (cost=0.00..5.50 rows=106 width=0)
	        Index Cond: ((k >= 5126552) AND (k <= 5126652))

explain: for range-notcovered :: explain SELECT k, c FROM sbtest%d WHERE k BETWEEN 5126552 AND 5126652for range-notcovered
table 1 : explain SELECT k, c FROM sbtest1 WHERE k BETWEEN 7868715 AND 7868815
	Bitmap Heap Scan on sbtest1  (cost=5.49..413.00 rows=103 width=125)
	  Recheck Cond: ((k >= 7868715) AND (k <= 7868815))
	  ->  Bitmap Index Scan on k_1  (cost=0.00..5.46 rows=103 width=0)
	        Index Cond: ((k >= 7868715) AND (k <= 7868815))

table 2 : explain SELECT k, c FROM sbtest2 WHERE k BETWEEN 7868715 AND 7868815
	Bitmap Heap Scan on sbtest2  (cost=5.50..416.94 rows=104 width=125)
	  Recheck Cond: ((k >= 7868715) AND (k <= 7868815))
	  ->  Bitmap Index Scan on k_2  (cost=0.00..5.47 rows=104 width=0)
	        Index Cond: ((k >= 7868715) AND (k <= 7868815))

table 3 : explain SELECT k, c FROM sbtest3 WHERE k BETWEEN 7868715 AND 7868815
	Bitmap Heap Scan on sbtest3  (cost=5.54..432.69 rows=108 width=125)
	  Recheck Cond: ((k >= 7868715) AND (k <= 7868815))
	  ->  Bitmap Index Scan on k_3  (cost=0.00..5.51 rows=108 width=0)
	        Index Cond: ((k >= 7868715) AND (k <= 7868815))

table 4 : explain SELECT k, c FROM sbtest4 WHERE k BETWEEN 7868715 AND 7868815
	Bitmap Heap Scan on sbtest4  (cost=5.40..377.55 rows=94 width=125)
	  Recheck Cond: ((k >= 7868715) AND (k <= 7868815))
	  ->  Bitmap Index Scan on k_4  (cost=0.00..5.38 rows=94 width=0)
	        Index Cond: ((k >= 7868715) AND (k <= 7868815))

table 5 : explain SELECT k, c FROM sbtest5 WHERE k BETWEEN 7868715 AND 7868815
	Bitmap Heap Scan on sbtest5  (cost=5.48..409.07 rows=102 width=125)
	  Recheck Cond: ((k >= 7868715) AND (k <= 7868815))
	  ->  Bitmap Index Scan on k_5  (cost=0.00..5.45 rows=102 width=0)
	        Index Cond: ((k >= 7868715) AND (k <= 7868815))

table 6 : explain SELECT k, c FROM sbtest6 WHERE k BETWEEN 7868715 AND 7868815
	Bitmap Heap Scan on sbtest6  (cost=5.52..424.81 rows=106 width=125)
	  Recheck Cond: ((k >= 7868715) AND (k <= 7868815))
	  ->  Bitmap Index Scan on k_6  (cost=0.00..5.50 rows=106 width=0)
	        Index Cond: ((k >= 7868715) AND (k <= 7868815))

table 7 : explain SELECT k, c FROM sbtest7 WHERE k BETWEEN 7868715 AND 7868815
	Bitmap Heap Scan on sbtest7  (cost=5.51..420.88 rows=105 width=125)
	  Recheck Cond: ((k >= 7868715) AND (k <= 7868815))
	  ->  Bitmap Index Scan on k_7  (cost=0.00..5.48 rows=105 width=0)
	        Index Cond: ((k >= 7868715) AND (k <= 7868815))

table 8 : explain SELECT k, c FROM sbtest8 WHERE k BETWEEN 7868715 AND 7868815
	Bitmap Heap Scan on sbtest8  (cost=5.53..428.75 rows=107 width=125)
	  Recheck Cond: ((k >= 7868715) AND (k <= 7868815))
	  ->  Bitmap Index Scan on k_8  (cost=0.00..5.50 rows=107 width=0)
	        Index Cond: ((k >= 7868715) AND (k <= 7868815))


explain: for range-notcovered :: explain SELECT k, c FROM sbtest%d WHERE k BETWEEN 7868715 AND 7868815
for range-notcovered
table 1 : explain SELECT k, c FROM sbtest1 WHERE k BETWEEN 8712209 AND 8712309
	Bitmap Heap Scan on sbtest1  (cost=5.54..432.69 rows=108 width=125)
	  Recheck Cond: ((k >= 8712209) AND (k <= 8712309))
	  ->  Bitmap Index Scan on k_1  (cost=0.00..5.51 rows=108 width=0)
	        Index Cond: ((k >= 8712209) AND (k <= 8712309))

table 2 : explain SELECT k, c FROM sbtest2 WHERE k BETWEEN 8712209 AND 8712309
	Bitmap Heap Scan on sbtest2  (cost=5.50..416.94 rows=104 width=125)
	  Recheck Cond: ((k >= 8712209) AND (k <= 8712309))
	  ->  Bitmap Index Scan on k_2  (cost=0.00..5.47 rows=104 width=0)
	        Index Cond: ((k >= 8712209) AND (k <= 8712309))

table 3 : explain SELECT k, c FROM sbtest3 WHERE k BETWEEN 8712209 AND 8712309
	Bitmap Heap Scan on sbtest3  (cost=5.48..409.07 rows=102 width=125)
	  Recheck Cond: ((k >= 8712209) AND (k <= 8712309))
	  ->  Bitmap Index Scan on k_3  (cost=0.00..5.45 rows=102 width=0)
	        Index Cond: ((k >= 8712209) AND (k <= 8712309))

table 4 : explain SELECT k, c FROM sbtest4 WHERE k BETWEEN 8712209 AND 8712309
	Bitmap Heap Scan on sbtest4  (cost=5.40..377.55 rows=94 width=125)
	  Recheck Cond: ((k >= 8712209) AND (k <= 8712309))
	  ->  Bitmap Index Scan on k_4  (cost=0.00..5.38 rows=94 width=0)
	        Index Cond: ((k >= 8712209) AND (k <= 8712309))

table 5 : explain SELECT k, c FROM sbtest5 WHERE k BETWEEN 8712209 AND 8712309
	Bitmap Heap Scan on sbtest5  (cost=5.43..389.37 rows=97 width=125)
	  Recheck Cond: ((k >= 8712209) AND (k <= 8712309))
	  ->  Bitmap Index Scan on k_5  (cost=0.00..5.40 rows=97 width=0)
	        Index Cond: ((k >= 8712209) AND (k <= 8712309))

table 6 : explain SELECT k, c FROM sbtest6 WHERE k BETWEEN 8712209 AND 8712309
	Bitmap Heap Scan on sbtest6  (cost=5.38..369.67 rows=92 width=125)
	  Recheck Cond: ((k >= 8712209) AND (k <= 8712309))
	  ->  Bitmap Index Scan on k_6  (cost=0.00..5.35 rows=92 width=0)
	        Index Cond: ((k >= 8712209) AND (k <= 8712309))

table 7 : explain SELECT k, c FROM sbtest7 WHERE k BETWEEN 8712209 AND 8712309
	Bitmap Heap Scan on sbtest7  (cost=5.48..409.07 rows=102 width=125)
	  Recheck Cond: ((k >= 8712209) AND (k <= 8712309))
	  ->  Bitmap Index Scan on k_7  (cost=0.00..5.45 rows=102 width=0)
	        Index Cond: ((k >= 8712209) AND (k <= 8712309))

table 8 : explain SELECT k, c FROM sbtest8 WHERE k BETWEEN 8712209 AND 8712309
	Bitmap Heap Scan on sbtest8  (cost=5.43..389.37 rows=97 width=125)
	  Recheck Cond: ((k >= 8712209) AND (k <= 8712309))
	  ->  Bitmap Index Scan on k_8  (cost=0.00..5.40 rows=97 width=0)
	        Index Cond: ((k >= 8712209) AND (k <= 8712309))

for range-notcovered
table 1 : explain SELECT k, c FROM sbtest1 WHERE k BETWEEN 2849218 AND 2849318
	Bitmap Heap Scan on sbtest1  (cost=5.43..389.37 rows=97 width=125)
	  Recheck Cond: ((k >= 2849218) AND (k <= 2849318))
	  ->  Bitmap Index Scan on k_1  (cost=0.00..5.40 rows=97 width=0)
	        Index Cond: ((k >= 2849218) AND (k <= 2849318))

table 2 : explain SELECT k, c FROM sbtest2 WHERE k BETWEEN 2849218 AND 2849318
	Bitmap Heap Scan on sbtest2  (cost=5.39..373.61 rows=93 width=125)
	  Recheck Cond: ((k >= 2849218) AND (k <= 2849318))
	  ->  Bitmap Index Scan on k_2  (cost=0.00..5.36 rows=93 width=0)
	        Index Cond: ((k >= 2849218) AND (k <= 2849318))

table 3 : explain SELECT k, c FROM sbtest3 WHERE k BETWEEN 2849218 AND 2849318
	Bitmap Heap Scan on sbtest3  (cost=5.55..436.62 rows=109 width=125)
	  Recheck Cond: ((k >= 2849218) AND (k <= 2849318))
	  ->  Bitmap Index Scan on k_3  (cost=0.00..5.52 rows=109 width=0)
	        Index Cond: ((k >= 2849218) AND (k <= 2849318))

table 4 : explain SELECT k, c FROM sbtest4 WHERE k BETWEEN 2849218 AND 2849318
	Bitmap Heap Scan on sbtest4  (cost=5.41..381.49 rows=95 width=125)
	  Recheck Cond: ((k >= 2849218) AND (k <= 2849318))
	  ->  Bitmap Index Scan on k_4  (cost=0.00..5.38 rows=95 width=0)
	        Index Cond: ((k >= 2849218) AND (k <= 2849318))

table 5 : explain SELECT k, c FROM sbtest5 WHERE k BETWEEN 2849218 AND 2849318
	Bitmap Heap Scan on sbtest5  (cost=5.52..424.81 rows=106 width=125)
	  Recheck Cond: ((k >= 2849218) AND (k <= 2849318))
	  ->  Bitmap Index Scan on k_5  (cost=0.00..5.50 rows=106 width=0)
	        Index Cond: ((k >= 2849218) AND (k <= 2849318))

table 6 : explain SELECT k, c FROM sbtest6 WHERE k BETWEEN 2849218 AND 2849318
	Bitmap Heap Scan on sbtest6  (cost=5.46..401.19 rows=100 width=125)
	  Recheck Cond: ((k >= 2849218) AND (k <= 2849318))
	  ->  Bitmap Index Scan on k_6  (cost=0.00..5.43 rows=100 width=0)
	        Index Cond: ((k >= 2849218) AND (k <= 2849318))

table 7 : explain SELECT k, c FROM sbtest7 WHERE k BETWEEN 2849218 AND 2849318
	Bitmap Heap Scan on sbtest7  (cost=5.52..424.81 rows=106 width=125)
	  Recheck Cond: ((k >= 2849218) AND (k <= 2849318))
	  ->  Bitmap Index Scan on k_7  (cost=0.00..5.50 rows=106 width=0)
	        Index Cond: ((k >= 2849218) AND (k <= 2849318))

table 8 : explain SELECT k, c FROM sbtest8 WHERE k BETWEEN 2849218 AND 2849318
	Bitmap Heap Scan on sbtest8  (cost=5.48..409.07 rows=102 width=125)
	  Recheck Cond: ((k >= 2849218) AND (k <= 2849318))
	  ->  Bitmap Index Scan on k_8  (cost=0.00..5.45 rows=102 width=0)
	        Index Cond: ((k >= 2849218) AND (k <= 2849318))

explain: for range-notcovered :: explain SELECT k, c FROM sbtest%d WHERE k BETWEEN 8712209 AND 8712309
explain: for range-notcovered :: explain SELECT k, c FROM sbtest%d WHERE k BETWEEN 2849218 AND 2849318
for range-notcovered
table 1 : explain SELECT k, c FROM sbtest1 WHERE k BETWEEN 7868715 AND 7868815
	Bitmap Heap Scan on sbtest1  (cost=5.49..413.00 rows=103 width=125)
	  Recheck Cond: ((k >= 7868715) AND (k <= 7868815))
	  ->  Bitmap Index Scan on k_1  (cost=0.00..5.46 rows=103 width=0)
	        Index Cond: ((k >= 7868715) AND (k <= 7868815))

table 2 : explain SELECT k, c FROM sbtest2 WHERE k BETWEEN 7868715 AND 7868815
	Bitmap Heap Scan on sbtest2  (cost=5.50..416.94 rows=104 width=125)
	  Recheck Cond: ((k >= 7868715) AND (k <= 7868815))
	  ->  Bitmap Index Scan on k_2  (cost=0.00..5.47 rows=104 width=0)
	        Index Cond: ((k >= 7868715) AND (k <= 7868815))

table 3 : explain SELECT k, c FROM sbtest3 WHERE k BETWEEN 7868715 AND 7868815
	Bitmap Heap Scan on sbtest3  (cost=5.54..432.69 rows=108 width=125)
	  Recheck Cond: ((k >= 7868715) AND (k <= 7868815))
	  ->  Bitmap Index Scan on k_3  (cost=0.00..5.51 rows=108 width=0)
	        Index Cond: ((k >= 7868715) AND (k <= 7868815))

table 4 : explain SELECT k, c FROM sbtest4 WHERE k BETWEEN 7868715 AND 7868815
	Bitmap Heap Scan on sbtest4  (cost=5.40..377.55 rows=94 width=125)
	  Recheck Cond: ((k >= 7868715) AND (k <= 7868815))
	  ->  Bitmap Index Scan on k_4  (cost=0.00..5.38 rows=94 width=0)
	        Index Cond: ((k >= 7868715) AND (k <= 7868815))

table 5 : explain SELECT k, c FROM sbtest5 WHERE k BETWEEN 7868715 AND 7868815
	Bitmap Heap Scan on sbtest5  (cost=5.48..409.07 rows=102 width=125)
	  Recheck Cond: ((k >= 7868715) AND (k <= 7868815))
	  ->  Bitmap Index Scan on k_5  (cost=0.00..5.45 rows=102 width=0)
	        Index Cond: ((k >= 7868715) AND (k <= 7868815))

table 6 : explain SELECT k, c FROM sbtest6 WHERE k BETWEEN 7868715 AND 7868815
	Bitmap Heap Scan on sbtest6  (cost=5.52..424.81 rows=106 width=125)
	  Recheck Cond: ((k >= 7868715) AND (k <= 7868815))
	  ->  Bitmap Index Scan on k_6  (cost=0.00..5.50 rows=106 width=0)
	        Index Cond: ((k >= 7868715) AND (k <= 7868815))

table 7 : explain SELECT k, c FROM sbtest7 WHERE k BETWEEN 7868715 AND 7868815
	Bitmap Heap Scan on sbtest7  (cost=5.51..420.88 rows=105 width=125)
	  Recheck Cond: ((k >= 7868715) AND (k <= 7868815))
	  ->  Bitmap Index Scan on k_7  (cost=0.00..5.48 rows=105 width=0)
	        Index Cond: ((k >= 7868715) AND (k <= 7868815))

table 8 : explain SELECT k, c FROM sbtest8 WHERE k BETWEEN 7868715 AND 7868815
	Bitmap Heap Scan on sbtest8  (cost=5.53..428.75 rows=107 width=125)
	  Recheck Cond: ((k >= 7868715) AND (k <= 7868815))
	  ->  Bitmap Index Scan on k_8  (cost=0.00..5.50 rows=107 width=0)
	        Index Cond: ((k >= 7868715) AND (k <= 7868815))

for range-notcovered
table 1 : explain SELECT k, c FROM sbtest1 WHERE k BETWEEN 5126552 AND 5126652
	Bitmap Heap Scan on sbtest1  (cost=5.51..420.88 rows=105 width=125)
	  Recheck Cond: ((k >= 5126552) AND (k <= 5126652))
	  ->  Bitmap Index Scan on k_1  (cost=0.00..5.48 rows=105 width=0)
	        Index Cond: ((k >= 5126552) AND (k <= 5126652))

table 2 : explain SELECT k, c FROM sbtest2 WHERE k BETWEEN 5126552 AND 5126652
	Bitmap Heap Scan on sbtest2  (cost=5.54..432.69 rows=108 width=125)
	  Recheck Cond: ((k >= 5126552) AND (k <= 5126652))
	  ->  Bitmap Index Scan on k_2  (cost=0.00..5.51 rows=108 width=0)
	        Index Cond: ((k >= 5126552) AND (k <= 5126652))

table 3 : explain SELECT k, c FROM sbtest3 WHERE k BETWEEN 5126552 AND 5126652
	Bitmap Heap Scan on sbtest3  (cost=5.53..428.75 rows=107 width=125)
	  Recheck Cond: ((k >= 5126552) AND (k <= 5126652))
	  ->  Bitmap Index Scan on k_3  (cost=0.00..5.50 rows=107 width=0)
	        Index Cond: ((k >= 5126552) AND (k <= 5126652))

table 4 : explain SELECT k, c FROM sbtest4 WHERE k BETWEEN 5126552 AND 5126652
	Bitmap Heap Scan on sbtest4  (cost=5.58..448.42 rows=112 width=125)
	  Recheck Cond: ((k >= 5126552) AND (k <= 5126652))
	  ->  Bitmap Index Scan on k_4  (cost=0.00..5.55 rows=112 width=0)
	        Index Cond: ((k >= 5126552) AND (k <= 5126652))

table 5 : explain SELECT k, c FROM sbtest5 WHERE k BETWEEN 5126552 AND 5126652
	Bitmap Heap Scan on sbtest5  (cost=5.54..432.69 rows=108 width=125)
	  Recheck Cond: ((k >= 5126552) AND (k <= 5126652))
	  ->  Bitmap Index Scan on k_5  (cost=0.00..5.51 rows=108 width=0)
	        Index Cond: ((k >= 5126552) AND (k <= 5126652))

table 6 : explain SELECT k, c FROM sbtest6 WHERE k BETWEEN 5126552 AND 5126652
	Bitmap Heap Scan on sbtest6  (cost=5.48..409.07 rows=102 width=125)
	  Recheck Cond: ((k >= 5126552) AND (k <= 5126652))
	  ->  Bitmap Index Scan on k_6  (cost=0.00..5.45 rows=102 width=0)
	        Index Cond: ((k >= 5126552) AND (k <= 5126652))

table 7 : explain SELECT k, c FROM sbtest7 WHERE k BETWEEN 5126552 AND 5126652
	Bitmap Heap Scan on sbtest7  (cost=5.54..432.69 rows=108 width=125)
	  Recheck Cond: ((k >= 5126552) AND (k <= 5126652))
	  ->  Bitmap Index Scan on k_7  (cost=0.00..5.51 rows=108 width=0)
	        Index Cond: ((k >= 5126552) AND (k <= 5126652))

table 8 : explain SELECT k, c FROM sbtest8 WHERE k BETWEEN 5126552 AND 5126652
	Bitmap Heap Scan on sbtest8  (cost=5.52..424.81 rows=106 width=125)
	  Recheck Cond: ((k >= 5126552) AND (k <= 5126652))
	  ->  Bitmap Index Scan on k_8  (cost=0.00..5.50 rows=106 width=0)
	        Index Cond: ((k >= 5126552) AND (k <= 5126652))

explain: for range-notcovered :: explain SELECT k, c FROM sbtest%d WHERE k BETWEEN 5126552 AND 5126652
explain: for range-notcovered :: explain SELECT k, c FROM sbtest%d WHERE k BETWEEN 7349096 AND 7349196
for range-notcovered
table 1 : explain SELECT k, c FROM sbtest1 WHERE k BETWEEN 2849218 AND 2849318
	Bitmap Heap Scan on sbtest1  (cost=5.43..389.37 rows=97 width=125)
	  Recheck Cond: ((k >= 2849218) AND (k <= 2849318))
	  ->  Bitmap Index Scan on k_1  (cost=0.00..5.40 rows=97 width=0)
	        Index Cond: ((k >= 2849218) AND (k <= 2849318))

table 2 : explain SELECT k, c FROM sbtest2 WHERE k BETWEEN 2849218 AND 2849318
	Bitmap Heap Scan on sbtest2  (cost=5.39..373.61 rows=93 width=125)
	  Recheck Cond: ((k >= 2849218) AND (k <= 2849318))
	  ->  Bitmap Index Scan on k_2  (cost=0.00..5.36 rows=93 width=0)
	        Index Cond: ((k >= 2849218) AND (k <= 2849318))

table 3 : explain SELECT k, c FROM sbtest3 WHERE k BETWEEN 2849218 AND 2849318
	Bitmap Heap Scan on sbtest3  (cost=5.55..436.62 rows=109 width=125)
	  Recheck Cond: ((k >= 2849218) AND (k <= 2849318))
	  ->  Bitmap Index Scan on k_3  (cost=0.00..5.52 rows=109 width=0)
	        Index Cond: ((k >= 2849218) AND (k <= 2849318))

table 4 : explain SELECT k, c FROM sbtest4 WHERE k BETWEEN 2849218 AND 2849318
	Bitmap Heap Scan on sbtest4  (cost=5.41..381.49 rows=95 width=125)
	  Recheck Cond: ((k >= 2849218) AND (k <= 2849318))
	  ->  Bitmap Index Scan on k_4  (cost=0.00..5.38 rows=95 width=0)
	        Index Cond: ((k >= 2849218) AND (k <= 2849318))

table 5 : explain SELECT k, c FROM sbtest5 WHERE k BETWEEN 2849218 AND 2849318
	Bitmap Heap Scan on sbtest5  (cost=5.52..424.81 rows=106 width=125)
	  Recheck Cond: ((k >= 2849218) AND (k <= 2849318))
	  ->  Bitmap Index Scan on k_5  (cost=0.00..5.50 rows=106 width=0)
	        Index Cond: ((k >= 2849218) AND (k <= 2849318))

table 6 : explain SELECT k, c FROM sbtest6 WHERE k BETWEEN 2849218 AND 2849318
	Bitmap Heap Scan on sbtest6  (cost=5.46..401.19 rows=100 width=125)
	  Recheck Cond: ((k >= 2849218) AND (k <= 2849318))
	  ->  Bitmap Index Scan on k_6  (cost=0.00..5.43 rows=100 width=0)
	        Index Cond: ((k >= 2849218) AND (k <= 2849318))

table 7 : explain SELECT k, c FROM sbtest7 WHERE k BETWEEN 2849218 AND 2849318
	Bitmap Heap Scan on sbtest7  (cost=5.52..424.81 rows=106 width=125)
	  Recheck Cond: ((k >= 2849218) AND (k <= 2849318))
	  ->  Bitmap Index Scan on k_7  (cost=0.00..5.50 rows=106 width=0)
	        Index Cond: ((k >= 2849218) AND (k <= 2849318))

table 8 : explain SELECT k, c FROM sbtest8 WHERE k BETWEEN 2849218 AND 2849318
	Bitmap Heap Scan on sbtest8  (cost=5.48..409.07 rows=102 width=125)
	  Recheck Cond: ((k >= 2849218) AND (k <= 2849318))
	  ->  Bitmap Index Scan on k_8  (cost=0.00..5.45 rows=102 width=0)
	        Index Cond: ((k >= 2849218) AND (k <= 2849318))

for range-notcovered
table 1 : explain SELECT k, c FROM sbtest1 WHERE k BETWEEN 8712209 AND 8712309
	Bitmap Heap Scan on sbtest1  (cost=5.54..432.69 rows=108 width=125)
	  Recheck Cond: ((k >= 8712209) AND (k <= 8712309))
	  ->  Bitmap Index Scan on k_1  (cost=0.00..5.51 rows=108 width=0)
	        Index Cond: ((k >= 8712209) AND (k <= 8712309))

table 2 : explain SELECT k, c FROM sbtest2 WHERE k BETWEEN 8712209 AND 8712309
	Bitmap Heap Scan on sbtest2  (cost=5.50..416.94 rows=104 width=125)
	  Recheck Cond: ((k >= 8712209) AND (k <= 8712309))
	  ->  Bitmap Index Scan on k_2  (cost=0.00..5.47 rows=104 width=0)
	        Index Cond: ((k >= 8712209) AND (k <= 8712309))

table 3 : explain SELECT k, c FROM sbtest3 WHERE k BETWEEN 8712209 AND 8712309
	Bitmap Heap Scan on sbtest3  (cost=5.48..409.07 rows=102 width=125)
	  Recheck Cond: ((k >= 8712209) AND (k <= 8712309))
	  ->  Bitmap Index Scan on k_3  (cost=0.00..5.45 rows=102 width=0)
	        Index Cond: ((k >= 8712209) AND (k <= 8712309))

table 4 : explain SELECT k, c FROM sbtest4 WHERE k BETWEEN 8712209 AND 8712309
	Bitmap Heap Scan on sbtest4  (cost=5.40..377.55 rows=94 width=125)
	  Recheck Cond: ((k >= 8712209) AND (k <= 8712309))
	  ->  Bitmap Index Scan on k_4  (cost=0.00..5.38 rows=94 width=0)
	        Index Cond: ((k >= 8712209) AND (k <= 8712309))

table 5 : explain SELECT k, c FROM sbtest5 WHERE k BETWEEN 8712209 AND 8712309
	Bitmap Heap Scan on sbtest5  (cost=5.43..389.37 rows=97 width=125)
	  Recheck Cond: ((k >= 8712209) AND (k <= 8712309))
	  ->  Bitmap Index Scan on k_5  (cost=0.00..5.40 rows=97 width=0)
	        Index Cond: ((k >= 8712209) AND (k <= 8712309))

table 6 : explain SELECT k, c FROM sbtest6 WHERE k BETWEEN 8712209 AND 8712309
	Bitmap Heap Scan on sbtest6  (cost=5.38..369.67 rows=92 width=125)
	  Recheck Cond: ((k >= 8712209) AND (k <= 8712309))
	  ->  Bitmap Index Scan on k_6  (cost=0.00..5.35 rows=92 width=0)
	        Index Cond: ((k >= 8712209) AND (k <= 8712309))

table 7 : explain SELECT k, c FROM sbtest7 WHERE k BETWEEN 8712209 AND 8712309
	Bitmap Heap Scan on sbtest7  (cost=5.48..409.07 rows=102 width=125)
	  Recheck Cond: ((k >= 8712209) AND (k <= 8712309))
	  ->  Bitmap Index Scan on k_7  (cost=0.00..5.45 rows=102 width=0)
	        Index Cond: ((k >= 8712209) AND (k <= 8712309))

table 8 : explain SELECT k, c FROM sbtest8 WHERE k BETWEEN 8712209 AND 8712309
	Bitmap Heap Scan on sbtest8  (cost=5.43..389.37 rows=97 width=125)
	  Recheck Cond: ((k >= 8712209) AND (k <= 8712309))
	  ->  Bitmap Index Scan on k_8  (cost=0.00..5.40 rows=97 width=0)
	        Index Cond: ((k >= 8712209) AND (k <= 8712309))

explain: for range-notcovered :: explain SELECT k, c FROM sbtest%d WHERE k BETWEEN 8712209 AND 8712309
for range-notcovered
table 1 : explain SELECT k, c FROM sbtest1 WHERE k BETWEEN 5126552 AND 5126652
	Bitmap Heap Scan on sbtest1  (cost=5.51..420.88 rows=105 width=125)
	  Recheck Cond: ((k >= 5126552) AND (k <= 5126652))
	  ->  Bitmap Index Scan on k_1  (cost=0.00..5.48 rows=105 width=0)
	        Index Cond: ((k >= 5126552) AND (k <= 5126652))

table 2 : explain SELECT k, c FROM sbtest2 WHERE k BETWEEN 5126552 AND 5126652
	Bitmap Heap Scan on sbtest2  (cost=5.54..432.69 rows=108 width=125)
	  Recheck Cond: ((k >= 5126552) AND (k <= 5126652))
	  ->  Bitmap Index Scan on k_2  (cost=0.00..5.51 rows=108 width=0)
	        Index Cond: ((k >= 5126552) AND (k <= 5126652))

table 3 : explain SELECT k, c FROM sbtest3 WHERE k BETWEEN 5126552 AND 5126652
	Bitmap Heap Scan on sbtest3  (cost=5.53..428.75 rows=107 width=125)
	  Recheck Cond: ((k >= 5126552) AND (k <= 5126652))
	  ->  Bitmap Index Scan on k_3  (cost=0.00..5.50 rows=107 width=0)
	        Index Cond: ((k >= 5126552) AND (k <= 5126652))

table 4 : explain SELECT k, c FROM sbtest4 WHERE k BETWEEN 5126552 AND 5126652
	Bitmap Heap Scan on sbtest4  (cost=5.58..448.42 rows=112 width=125)
	  Recheck Cond: ((k >= 5126552) AND (k <= 5126652))
	  ->  Bitmap Index Scan on k_4  (cost=0.00..5.55 rows=112 width=0)
	        Index Cond: ((k >= 5126552) AND (k <= 5126652))

table 5 : explain SELECT k, c FROM sbtest5 WHERE k BETWEEN 5126552 AND 5126652
	Bitmap Heap Scan on sbtest5  (cost=5.54..432.69 rows=108 width=125)
	  Recheck Cond: ((k >= 5126552) AND (k <= 5126652))
	  ->  Bitmap Index Scan on k_5  (cost=0.00..5.51 rows=108 width=0)
	        Index Cond: ((k >= 5126552) AND (k <= 5126652))

table 6 : explain SELECT k, c FROM sbtest6 WHERE k BETWEEN 5126552 AND 5126652
	Bitmap Heap Scan on sbtest6  (cost=5.48..409.07 rows=102 width=125)
	  Recheck Cond: ((k >= 5126552) AND (k <= 5126652))
	  ->  Bitmap Index Scan on k_6  (cost=0.00..5.45 rows=102 width=0)
	        Index Cond: ((k >= 5126552) AND (k <= 5126652))

table 7 : explain SELECT k, c FROM sbtest7 WHERE k BETWEEN 5126552 AND 5126652
	Bitmap Heap Scan on sbtest7  (cost=5.54..432.69 rows=108 width=125)
	  Recheck Cond: ((k >= 5126552) AND (k <= 5126652))
	  ->  Bitmap Index Scan on k_7  (cost=0.00..5.51 rows=108 width=0)
	        Index Cond: ((k >= 5126552) AND (k <= 5126652))

table 8 : explain SELECT k, c FROM sbtest8 WHERE k BETWEEN 5126552 AND 5126652
	Bitmap Heap Scan on sbtest8  (cost=5.52..424.81 rows=106 width=125)
	  Recheck Cond: ((k >= 5126552) AND (k <= 5126652))
	  ->  Bitmap Index Scan on k_8  (cost=0.00..5.50 rows=106 width=0)
	        Index Cond: ((k >= 5126552) AND (k <= 5126652))

explain: for range-notcovered :: explain SELECT k, c FROM sbtest%d WHERE k BETWEEN 5126552 AND 5126652
for range-notcovered
table 1 : explain SELECT k, c FROM sbtest1 WHERE k BETWEEN 8712209 AND 8712309
	Bitmap Heap Scan on sbtest1  (cost=5.54..432.69 rows=108 width=125)
	  Recheck Cond: ((k >= 8712209) AND (k <= 8712309))
	  ->  Bitmap Index Scan on k_1  (cost=0.00..5.51 rows=108 width=0)
	        Index Cond: ((k >= 8712209) AND (k <= 8712309))

table 2 : explain SELECT k, c FROM sbtest2 WHERE k BETWEEN 8712209 AND 8712309
	Bitmap Heap Scan on sbtest2  (cost=5.50..416.94 rows=104 width=125)
	  Recheck Cond: ((k >= 8712209) AND (k <= 8712309))
	  ->  Bitmap Index Scan on k_2  (cost=0.00..5.47 rows=104 width=0)
	        Index Cond: ((k >= 8712209) AND (k <= 8712309))

table 3 : explain SELECT k, c FROM sbtest3 WHERE k BETWEEN 8712209 AND 8712309
	Bitmap Heap Scan on sbtest3  (cost=5.48..409.07 rows=102 width=125)
	  Recheck Cond: ((k >= 8712209) AND (k <= 8712309))
	  ->  Bitmap Index Scan on k_3  (cost=0.00..5.45 rows=102 width=0)
	        Index Cond: ((k >= 8712209) AND (k <= 8712309))

table 4 : explain SELECT k, c FROM sbtest4 WHERE k BETWEEN 8712209 AND 8712309
	Bitmap Heap Scan on sbtest4  (cost=5.40..377.55 rows=94 width=125)
	  Recheck Cond: ((k >= 8712209) AND (k <= 8712309))
	  ->  Bitmap Index Scan on k_4  (cost=0.00..5.38 rows=94 width=0)
	        Index Cond: ((k >= 8712209) AND (k <= 8712309))

table 5 : explain SELECT k, c FROM sbtest5 WHERE k BETWEEN 8712209 AND 8712309
	Bitmap Heap Scan on sbtest5  (cost=5.43..389.37 rows=97 width=125)
	  Recheck Cond: ((k >= 8712209) AND (k <= 8712309))
	  ->  Bitmap Index Scan on k_5  (cost=0.00..5.40 rows=97 width=0)
	        Index Cond: ((k >= 8712209) AND (k <= 8712309))

table 6 : explain SELECT k, c FROM sbtest6 WHERE k BETWEEN 8712209 AND 8712309
	Bitmap Heap Scan on sbtest6  (cost=5.38..369.67 rows=92 width=125)
	  Recheck Cond: ((k >= 8712209) AND (k <= 8712309))
	  ->  Bitmap Index Scan on k_6  (cost=0.00..5.35 rows=92 width=0)
	        Index Cond: ((k >= 8712209) AND (k <= 8712309))

table 7 : explain SELECT k, c FROM sbtest7 WHERE k BETWEEN 8712209 AND 8712309
	Bitmap Heap Scan on sbtest7  (cost=5.48..409.07 rows=102 width=125)
	  Recheck Cond: ((k >= 8712209) AND (k <= 8712309))
	  ->  Bitmap Index Scan on k_7  (cost=0.00..5.45 rows=102 width=0)
	        Index Cond: ((k >= 8712209) AND (k <= 8712309))

table 8 : explain SELECT k, c FROM sbtest8 WHERE k BETWEEN 8712209 AND 8712309
	Bitmap Heap Scan on sbtest8  (cost=5.43..389.37 rows=97 width=125)
	  Recheck Cond: ((k >= 8712209) AND (k <= 8712309))
	  ->  Bitmap Index Scan on k_8  (cost=0.00..5.40 rows=97 width=0)
	        Index Cond: ((k >= 8712209) AND (k <= 8712309))

explain: for range-notcovered :: explain SELECT k, c FROM sbtest%d WHERE k BETWEEN 8712209 AND 8712309
for range-notcovered
table 1 : explain SELECT k, c FROM sbtest1 WHERE k BETWEEN 5126552 AND 5126652
	Bitmap Heap Scan on sbtest1  (cost=5.51..420.88 rows=105 width=125)
	  Recheck Cond: ((k >= 5126552) AND (k <= 5126652))
	  ->  Bitmap Index Scan on k_1  (cost=0.00..5.48 rows=105 width=0)
	        Index Cond: ((k >= 5126552) AND (k <= 5126652))

table 2 : explain SELECT k, c FROM sbtest2 WHERE k BETWEEN 5126552 AND 5126652
	Bitmap Heap Scan on sbtest2  (cost=5.54..432.69 rows=108 width=125)
	  Recheck Cond: ((k >= 5126552) AND (k <= 5126652))
	  ->  Bitmap Index Scan on k_2  (cost=0.00..5.51 rows=108 width=0)
	        Index Cond: ((k >= 5126552) AND (k <= 5126652))

table 3 : explain SELECT k, c FROM sbtest3 WHERE k BETWEEN 5126552 AND 5126652
	Bitmap Heap Scan on sbtest3  (cost=5.53..428.75 rows=107 width=125)
	  Recheck Cond: ((k >= 5126552) AND (k <= 5126652))
	  ->  Bitmap Index Scan on k_3  (cost=0.00..5.50 rows=107 width=0)
	        Index Cond: ((k >= 5126552) AND (k <= 5126652))

table 4 : explain SELECT k, c FROM sbtest4 WHERE k BETWEEN 5126552 AND 5126652
	Bitmap Heap Scan on sbtest4  (cost=5.58..448.42 rows=112 width=125)
	  Recheck Cond: ((k >= 5126552) AND (k <= 5126652))
	  ->  Bitmap Index Scan on k_4  (cost=0.00..5.55 rows=112 width=0)
	        Index Cond: ((k >= 5126552) AND (k <= 5126652))

table 5 : explain SELECT k, c FROM sbtest5 WHERE k BETWEEN 5126552 AND 5126652
	Bitmap Heap Scan on sbtest5  (cost=5.54..432.69 rows=108 width=125)
	  Recheck Cond: ((k >= 5126552) AND (k <= 5126652))
	  ->  Bitmap Index Scan on k_5  (cost=0.00..5.51 rows=108 width=0)
	        Index Cond: ((k >= 5126552) AND (k <= 5126652))

table 6 : explain SELECT k, c FROM sbtest6 WHERE k BETWEEN 5126552 AND 5126652
	Bitmap Heap Scan on sbtest6  (cost=5.48..409.07 rows=102 width=125)
	  Recheck Cond: ((k >= 5126552) AND (k <= 5126652))
	  ->  Bitmap Index Scan on k_6  (cost=0.00..5.45 rows=102 width=0)
	        Index Cond: ((k >= 5126552) AND (k <= 5126652))

table 7 : explain SELECT k, c FROM sbtest7 WHERE k BETWEEN 5126552 AND 5126652
	Bitmap Heap Scan on sbtest7  (cost=5.54..432.69 rows=108 width=125)
	  Recheck Cond: ((k >= 5126552) AND (k <= 5126652))
	  ->  Bitmap Index Scan on k_7  (cost=0.00..5.51 rows=108 width=0)
	        Index Cond: ((k >= 5126552) AND (k <= 5126652))

table 8 : explain SELECT k, c FROM sbtest8 WHERE k BETWEEN 5126552 AND 5126652
	Bitmap Heap Scan on sbtest8  (cost=5.52..424.81 rows=106 width=125)
	  Recheck Cond: ((k >= 5126552) AND (k <= 5126652))
	  ->  Bitmap Index Scan on k_8  (cost=0.00..5.50 rows=106 width=0)
	        Index Cond: ((k >= 5126552) AND (k <= 5126652))

explain: for range-notcovered :: explain SELECT k, c FROM sbtest%d WHERE k BETWEEN 5126552 AND 5126652
for range-notcovered
table 1 : explain SELECT k, c FROM sbtest1 WHERE k BETWEEN 8712209 AND 8712309
	Bitmap Heap Scan on sbtest1  (cost=5.54..432.69 rows=108 width=125)
	  Recheck Cond: ((k >= 8712209) AND (k <= 8712309))
	  ->  Bitmap Index Scan on k_1  (cost=0.00..5.51 rows=108 width=0)
	        Index Cond: ((k >= 8712209) AND (k <= 8712309))

table 2 : explain SELECT k, c FROM sbtest2 WHERE k BETWEEN 8712209 AND 8712309
	Bitmap Heap Scan on sbtest2  (cost=5.50..416.94 rows=104 width=125)
	  Recheck Cond: ((k >= 8712209) AND (k <= 8712309))
	  ->  Bitmap Index Scan on k_2  (cost=0.00..5.47 rows=104 width=0)
	        Index Cond: ((k >= 8712209) AND (k <= 8712309))

table 3 : explain SELECT k, c FROM sbtest3 WHERE k BETWEEN 8712209 AND 8712309
	Bitmap Heap Scan on sbtest3  (cost=5.48..409.07 rows=102 width=125)
	  Recheck Cond: ((k >= 8712209) AND (k <= 8712309))
	  ->  Bitmap Index Scan on k_3  (cost=0.00..5.45 rows=102 width=0)
	        Index Cond: ((k >= 8712209) AND (k <= 8712309))

table 4 : explain SELECT k, c FROM sbtest4 WHERE k BETWEEN 8712209 AND 8712309
	Bitmap Heap Scan on sbtest4  (cost=5.40..377.55 rows=94 width=125)
	  Recheck Cond: ((k >= 8712209) AND (k <= 8712309))
	  ->  Bitmap Index Scan on k_4  (cost=0.00..5.38 rows=94 width=0)
	        Index Cond: ((k >= 8712209) AND (k <= 8712309))

table 5 : explain SELECT k, c FROM sbtest5 WHERE k BETWEEN 8712209 AND 8712309
	Bitmap Heap Scan on sbtest5  (cost=5.43..389.37 rows=97 width=125)
	  Recheck Cond: ((k >= 8712209) AND (k <= 8712309))
	  ->  Bitmap Index Scan on k_5  (cost=0.00..5.40 rows=97 width=0)
	        Index Cond: ((k >= 8712209) AND (k <= 8712309))

table 6 : explain SELECT k, c FROM sbtest6 WHERE k BETWEEN 8712209 AND 8712309
	Bitmap Heap Scan on sbtest6  (cost=5.38..369.67 rows=92 width=125)
	  Recheck Cond: ((k >= 8712209) AND (k <= 8712309))
	  ->  Bitmap Index Scan on k_6  (cost=0.00..5.35 rows=92 width=0)
	        Index Cond: ((k >= 8712209) AND (k <= 8712309))

table 7 : explain SELECT k, c FROM sbtest7 WHERE k BETWEEN 8712209 AND 8712309
	Bitmap Heap Scan on sbtest7  (cost=5.48..409.07 rows=102 width=125)
	  Recheck Cond: ((k >= 8712209) AND (k <= 8712309))
	  ->  Bitmap Index Scan on k_7  (cost=0.00..5.45 rows=102 width=0)
	        Index Cond: ((k >= 8712209) AND (k <= 8712309))

table 8 : explain SELECT k, c FROM sbtest8 WHERE k BETWEEN 8712209 AND 8712309
	Bitmap Heap Scan on sbtest8  (cost=5.43..389.37 rows=97 width=125)
	  Recheck Cond: ((k >= 8712209) AND (k <= 8712309))
	  ->  Bitmap Index Scan on k_8  (cost=0.00..5.40 rows=97 width=0)
	        Index Cond: ((k >= 8712209) AND (k <= 8712309))

explain: for range-notcovered :: explain SELECT k, c FROM sbtest%d WHERE k BETWEEN 8712209 AND 8712309
for range-notcovered
table 1 : explain SELECT k, c FROM sbtest1 WHERE k BETWEEN 5126552 AND 5126652
	Bitmap Heap Scan on sbtest1  (cost=5.51..420.88 rows=105 width=125)
	  Recheck Cond: ((k >= 5126552) AND (k <= 5126652))
	  ->  Bitmap Index Scan on k_1  (cost=0.00..5.48 rows=105 width=0)
	        Index Cond: ((k >= 5126552) AND (k <= 5126652))

table 2 : explain SELECT k, c FROM sbtest2 WHERE k BETWEEN 5126552 AND 5126652
	Bitmap Heap Scan on sbtest2  (cost=5.54..432.69 rows=108 width=125)
	  Recheck Cond: ((k >= 5126552) AND (k <= 5126652))
	  ->  Bitmap Index Scan on k_2  (cost=0.00..5.51 rows=108 width=0)
	        Index Cond: ((k >= 5126552) AND (k <= 5126652))

table 3 : explain SELECT k, c FROM sbtest3 WHERE k BETWEEN 5126552 AND 5126652
	Bitmap Heap Scan on sbtest3  (cost=5.53..428.75 rows=107 width=125)
	  Recheck Cond: ((k >= 5126552) AND (k <= 5126652))
	  ->  Bitmap Index Scan on k_3  (cost=0.00..5.50 rows=107 width=0)
	        Index Cond: ((k >= 5126552) AND (k <= 5126652))

table 4 : explain SELECT k, c FROM sbtest4 WHERE k BETWEEN 5126552 AND 5126652
	Bitmap Heap Scan on sbtest4  (cost=5.58..448.42 rows=112 width=125)
	  Recheck Cond: ((k >= 5126552) AND (k <= 5126652))
	  ->  Bitmap Index Scan on k_4  (cost=0.00..5.55 rows=112 width=0)
	        Index Cond: ((k >= 5126552) AND (k <= 5126652))

table 5 : explain SELECT k, c FROM sbtest5 WHERE k BETWEEN 5126552 AND 5126652
	Bitmap Heap Scan on sbtest5  (cost=5.54..432.69 rows=108 width=125)
	  Recheck Cond: ((k >= 5126552) AND (k <= 5126652))
	  ->  Bitmap Index Scan on k_5  (cost=0.00..5.51 rows=108 width=0)
	        Index Cond: ((k >= 5126552) AND (k <= 5126652))

table 6 : explain SELECT k, c FROM sbtest6 WHERE k BETWEEN 5126552 AND 5126652
	Bitmap Heap Scan on sbtest6  (cost=5.48..409.07 rows=102 width=125)
	  Recheck Cond: ((k >= 5126552) AND (k <= 5126652))
	  ->  Bitmap Index Scan on k_6  (cost=0.00..5.45 rows=102 width=0)
	        Index Cond: ((k >= 5126552) AND (k <= 5126652))

table 7 : explain SELECT k, c FROM sbtest7 WHERE k BETWEEN 5126552 AND 5126652
	Bitmap Heap Scan on sbtest7  (cost=5.54..432.69 rows=108 width=125)
	  Recheck Cond: ((k >= 5126552) AND (k <= 5126652))
	  ->  Bitmap Index Scan on k_7  (cost=0.00..5.51 rows=108 width=0)
	        Index Cond: ((k >= 5126552) AND (k <= 5126652))

table 8 : explain SELECT k, c FROM sbtest8 WHERE k BETWEEN 5126552 AND 5126652
	Bitmap Heap Scan on sbtest8  (cost=5.52..424.81 rows=106 width=125)
	  Recheck Cond: ((k >= 5126552) AND (k <= 5126652))
	  ->  Bitmap Index Scan on k_8  (cost=0.00..5.50 rows=106 width=0)
	        Index Cond: ((k >= 5126552) AND (k <= 5126652))

explain: for range-notcovered :: explain SELECT k, c FROM sbtest%d WHERE k BETWEEN 5126552 AND 5126652
for range-notcovered
table 1 : explain SELECT k, c FROM sbtest1 WHERE k BETWEEN 8712209 AND 8712309
	Bitmap Heap Scan on sbtest1  (cost=5.54..432.69 rows=108 width=125)
	  Recheck Cond: ((k >= 8712209) AND (k <= 8712309))
	  ->  Bitmap Index Scan on k_1  (cost=0.00..5.51 rows=108 width=0)
	        Index Cond: ((k >= 8712209) AND (k <= 8712309))

table 2 : explain SELECT k, c FROM sbtest2 WHERE k BETWEEN 8712209 AND 8712309
	Bitmap Heap Scan on sbtest2  (cost=5.50..416.94 rows=104 width=125)
	  Recheck Cond: ((k >= 8712209) AND (k <= 8712309))
	  ->  Bitmap Index Scan on k_2  (cost=0.00..5.47 rows=104 width=0)
	        Index Cond: ((k >= 8712209) AND (k <= 8712309))

table 3 : explain SELECT k, c FROM sbtest3 WHERE k BETWEEN 8712209 AND 8712309
	Bitmap Heap Scan on sbtest3  (cost=5.48..409.07 rows=102 width=125)
	  Recheck Cond: ((k >= 8712209) AND (k <= 8712309))
	  ->  Bitmap Index Scan on k_3  (cost=0.00..5.45 rows=102 width=0)
	        Index Cond: ((k >= 8712209) AND (k <= 8712309))

table 4 : explain SELECT k, c FROM sbtest4 WHERE k BETWEEN 8712209 AND 8712309
	Bitmap Heap Scan on sbtest4  (cost=5.40..377.55 rows=94 width=125)
	  Recheck Cond: ((k >= 8712209) AND (k <= 8712309))
	  ->  Bitmap Index Scan on k_4  (cost=0.00..5.38 rows=94 width=0)
	        Index Cond: ((k >= 8712209) AND (k <= 8712309))

table 5 : explain SELECT k, c FROM sbtest5 WHERE k BETWEEN 8712209 AND 8712309
	Bitmap Heap Scan on sbtest5  (cost=5.43..389.37 rows=97 width=125)
	  Recheck Cond: ((k >= 8712209) AND (k <= 8712309))
	  ->  Bitmap Index Scan on k_5  (cost=0.00..5.40 rows=97 width=0)
	        Index Cond: ((k >= 8712209) AND (k <= 8712309))

table 6 : explain SELECT k, c FROM sbtest6 WHERE k BETWEEN 8712209 AND 8712309
	Bitmap Heap Scan on sbtest6  (cost=5.38..369.67 rows=92 width=125)
	  Recheck Cond: ((k >= 8712209) AND (k <= 8712309))
	  ->  Bitmap Index Scan on k_6  (cost=0.00..5.35 rows=92 width=0)
	        Index Cond: ((k >= 8712209) AND (k <= 8712309))

table 7 : explain SELECT k, c FROM sbtest7 WHERE k BETWEEN 8712209 AND 8712309
	Bitmap Heap Scan on sbtest7  (cost=5.48..409.07 rows=102 width=125)
	  Recheck Cond: ((k >= 8712209) AND (k <= 8712309))
	  ->  Bitmap Index Scan on k_7  (cost=0.00..5.45 rows=102 width=0)
	        Index Cond: ((k >= 8712209) AND (k <= 8712309))

table 8 : explain SELECT k, c FROM sbtest8 WHERE k BETWEEN 8712209 AND 8712309
	Bitmap Heap Scan on sbtest8  (cost=5.43..389.37 rows=97 width=125)
	  Recheck Cond: ((k >= 8712209) AND (k <= 8712309))
	  ->  Bitmap Index Scan on k_8  (cost=0.00..5.40 rows=97 width=0)
	        Index Cond: ((k >= 8712209) AND (k <= 8712309))

explain: for range-notcovered :: explain SELECT k, c FROM sbtest%d WHERE k BETWEEN 8712209 AND 8712309
for range-notcovered
table 1 : explain SELECT k, c FROM sbtest1 WHERE k BETWEEN 5126552 AND 5126652
	Bitmap Heap Scan on sbtest1  (cost=5.51..420.88 rows=105 width=125)
	  Recheck Cond: ((k >= 5126552) AND (k <= 5126652))
	  ->  Bitmap Index Scan on k_1  (cost=0.00..5.48 rows=105 width=0)
	        Index Cond: ((k >= 5126552) AND (k <= 5126652))

table 2 : explain SELECT k, c FROM sbtest2 WHERE k BETWEEN 5126552 AND 5126652
	Bitmap Heap Scan on sbtest2  (cost=5.54..432.69 rows=108 width=125)
	  Recheck Cond: ((k >= 5126552) AND (k <= 5126652))
	  ->  Bitmap Index Scan on k_2  (cost=0.00..5.51 rows=108 width=0)
	        Index Cond: ((k >= 5126552) AND (k <= 5126652))

table 3 : explain SELECT k, c FROM sbtest3 WHERE k BETWEEN 5126552 AND 5126652
	Bitmap Heap Scan on sbtest3  (cost=5.53..428.75 rows=107 width=125)
	  Recheck Cond: ((k >= 5126552) AND (k <= 5126652))
	  ->  Bitmap Index Scan on k_3  (cost=0.00..5.50 rows=107 width=0)
	        Index Cond: ((k >= 5126552) AND (k <= 5126652))

table 4 : explain SELECT k, c FROM sbtest4 WHERE k BETWEEN 5126552 AND 5126652
	Bitmap Heap Scan on sbtest4  (cost=5.58..448.42 rows=112 width=125)
	  Recheck Cond: ((k >= 5126552) AND (k <= 5126652))
	  ->  Bitmap Index Scan on k_4  (cost=0.00..5.55 rows=112 width=0)
	        Index Cond: ((k >= 5126552) AND (k <= 5126652))

table 5 : explain SELECT k, c FROM sbtest5 WHERE k BETWEEN 5126552 AND 5126652
	Bitmap Heap Scan on sbtest5  (cost=5.54..432.69 rows=108 width=125)
	  Recheck Cond: ((k >= 5126552) AND (k <= 5126652))
	  ->  Bitmap Index Scan on k_5  (cost=0.00..5.51 rows=108 width=0)
	        Index Cond: ((k >= 5126552) AND (k <= 5126652))

table 6 : explain SELECT k, c FROM sbtest6 WHERE k BETWEEN 5126552 AND 5126652
	Bitmap Heap Scan on sbtest6  (cost=5.48..409.07 rows=102 width=125)
	  Recheck Cond: ((k >= 5126552) AND (k <= 5126652))
	  ->  Bitmap Index Scan on k_6  (cost=0.00..5.45 rows=102 width=0)
	        Index Cond: ((k >= 5126552) AND (k <= 5126652))

table 7 : explain SELECT k, c FROM sbtest7 WHERE k BETWEEN 5126552 AND 5126652
	Bitmap Heap Scan on sbtest7  (cost=5.54..432.69 rows=108 width=125)
	  Recheck Cond: ((k >= 5126552) AND (k <= 5126652))
	  ->  Bitmap Index Scan on k_7  (cost=0.00..5.51 rows=108 width=0)
	        Index Cond: ((k >= 5126552) AND (k <= 5126652))

table 8 : explain SELECT k, c FROM sbtest8 WHERE k BETWEEN 5126552 AND 5126652
	Bitmap Heap Scan on sbtest8  (cost=5.52..424.81 rows=106 width=125)
	  Recheck Cond: ((k >= 5126552) AND (k <= 5126652))
	  ->  Bitmap Index Scan on k_8  (cost=0.00..5.50 rows=106 width=0)
	        Index Cond: ((k >= 5126552) AND (k <= 5126652))

explain: for range-notcovered :: explain SELECT k, c FROM sbtest%d WHERE k BETWEEN 5126552 AND 5126652
for range-notcovered
table 1 : explain SELECT k, c FROM sbtest1 WHERE k BETWEEN 7349096 AND 7349196
	Bitmap Heap Scan on sbtest1  (cost=5.48..409.07 rows=102 width=125)
	  Recheck Cond: ((k >= 7349096) AND (k <= 7349196))
	  ->  Bitmap Index Scan on k_1  (cost=0.00..5.45 rows=102 width=0)
	        Index Cond: ((k >= 7349096) AND (k <= 7349196))

table 2 : explain SELECT k, c FROM sbtest2 WHERE k BETWEEN 7349096 AND 7349196
	Bitmap Heap Scan on sbtest2  (cost=5.47..405.13 rows=101 width=125)
	  Recheck Cond: ((k >= 7349096) AND (k <= 7349196))
	  ->  Bitmap Index Scan on k_2  (cost=0.00..5.44 rows=101 width=0)
	        Index Cond: ((k >= 7349096) AND (k <= 7349196))

table 3 : explain SELECT k, c FROM sbtest3 WHERE k BETWEEN 7349096 AND 7349196
	Bitmap Heap Scan on sbtest3  (cost=5.38..369.67 rows=92 width=125)
	  Recheck Cond: ((k >= 7349096) AND (k <= 7349196))
	  ->  Bitmap Index Scan on k_3  (cost=0.00..5.35 rows=92 width=0)
	        Index Cond: ((k >= 7349096) AND (k <= 7349196))

table 4 : explain SELECT k, c FROM sbtest4 WHERE k BETWEEN 7349096 AND 7349196
	Bitmap Heap Scan on sbtest4  (cost=5.48..409.07 rows=102 width=125)
	  Recheck Cond: ((k >= 7349096) AND (k <= 7349196))
	  ->  Bitmap Index Scan on k_4  (cost=0.00..5.45 rows=102 width=0)
	        Index Cond: ((k >= 7349096) AND (k <= 7349196))

table 5 : explain SELECT k, c FROM sbtest5 WHERE k BETWEEN 7349096 AND 7349196
	Bitmap Heap Scan on sbtest5  (cost=5.45..397.25 rows=99 width=125)
	  Recheck Cond: ((k >= 7349096) AND (k <= 7349196))
	  ->  Bitmap Index Scan on k_5  (cost=0.00..5.42 rows=99 width=0)
	        Index Cond: ((k >= 7349096) AND (k <= 7349196))

table 6 : explain SELECT k, c FROM sbtest6 WHERE k BETWEEN 7349096 AND 7349196
	Bitmap Heap Scan on sbtest6  (cost=5.55..436.62 rows=109 width=125)
	  Recheck Cond: ((k >= 7349096) AND (k <= 7349196))
	  ->  Bitmap Index Scan on k_6  (cost=0.00..5.52 rows=109 width=0)
	        Index Cond: ((k >= 7349096) AND (k <= 7349196))

table 7 : explain SELECT k, c FROM sbtest7 WHERE k BETWEEN 7349096 AND 7349196
	Bitmap Heap Scan on sbtest7  (cost=5.52..424.81 rows=106 width=125)
	  Recheck Cond: ((k >= 7349096) AND (k <= 7349196))
	  ->  Bitmap Index Scan on k_7  (cost=0.00..5.50 rows=106 width=0)
	        Index Cond: ((k >= 7349096) AND (k <= 7349196))

table 8 : explain SELECT k, c FROM sbtest8 WHERE k BETWEEN 7349096 AND 7349196
	Bitmap Heap Scan on sbtest8  (cost=5.59..452.36 rows=113 width=125)
	  Recheck Cond: ((k >= 7349096) AND (k <= 7349196))
	  ->  Bitmap Index Scan on k_8  (cost=0.00..5.56 rows=113 width=0)
	        Index Cond: ((k >= 7349096) AND (k <= 7349196))

explain: for range-notcovered :: explain SELECT k, c FROM sbtest%d WHERE k BETWEEN 7349096 AND 7349196
for range-notcovered
table 1 : explain SELECT k, c FROM sbtest1 WHERE k BETWEEN 8712209 AND 8712309
	Bitmap Heap Scan on sbtest1  (cost=5.54..432.69 rows=108 width=125)
	  Recheck Cond: ((k >= 8712209) AND (k <= 8712309))
	  ->  Bitmap Index Scan on k_1  (cost=0.00..5.51 rows=108 width=0)
	        Index Cond: ((k >= 8712209) AND (k <= 8712309))

table 2 : explain SELECT k, c FROM sbtest2 WHERE k BETWEEN 8712209 AND 8712309
	Bitmap Heap Scan on sbtest2  (cost=5.50..416.94 rows=104 width=125)
	  Recheck Cond: ((k >= 8712209) AND (k <= 8712309))
	  ->  Bitmap Index Scan on k_2  (cost=0.00..5.47 rows=104 width=0)
	        Index Cond: ((k >= 8712209) AND (k <= 8712309))

table 3 : explain SELECT k, c FROM sbtest3 WHERE k BETWEEN 8712209 AND 8712309
	Bitmap Heap Scan on sbtest3  (cost=5.48..409.07 rows=102 width=125)
	  Recheck Cond: ((k >= 8712209) AND (k <= 8712309))
	  ->  Bitmap Index Scan on k_3  (cost=0.00..5.45 rows=102 width=0)
	        Index Cond: ((k >= 8712209) AND (k <= 8712309))

table 4 : explain SELECT k, c FROM sbtest4 WHERE k BETWEEN 8712209 AND 8712309
	Bitmap Heap Scan on sbtest4  (cost=5.40..377.55 rows=94 width=125)
	  Recheck Cond: ((k >= 8712209) AND (k <= 8712309))
	  ->  Bitmap Index Scan on k_4  (cost=0.00..5.38 rows=94 width=0)
	        Index Cond: ((k >= 8712209) AND (k <= 8712309))

table 5 : explain SELECT k, c FROM sbtest5 WHERE k BETWEEN 8712209 AND 8712309
	Bitmap Heap Scan on sbtest5  (cost=5.43..389.37 rows=97 width=125)
	  Recheck Cond: ((k >= 8712209) AND (k <= 8712309))
	  ->  Bitmap Index Scan on k_5  (cost=0.00..5.40 rows=97 width=0)
	        Index Cond: ((k >= 8712209) AND (k <= 8712309))

table 6 : explain SELECT k, c FROM sbtest6 WHERE k BETWEEN 8712209 AND 8712309
	Bitmap Heap Scan on sbtest6  (cost=5.38..369.67 rows=92 width=125)
	  Recheck Cond: ((k >= 8712209) AND (k <= 8712309))
	  ->  Bitmap Index Scan on k_6  (cost=0.00..5.35 rows=92 width=0)
	        Index Cond: ((k >= 8712209) AND (k <= 8712309))

table 7 : explain SELECT k, c FROM sbtest7 WHERE k BETWEEN 8712209 AND 8712309
	Bitmap Heap Scan on sbtest7  (cost=5.48..409.07 rows=102 width=125)
	  Recheck Cond: ((k >= 8712209) AND (k <= 8712309))
	  ->  Bitmap Index Scan on k_7  (cost=0.00..5.45 rows=102 width=0)
	        Index Cond: ((k >= 8712209) AND (k <= 8712309))

table 8 : explain SELECT k, c FROM sbtest8 WHERE k BETWEEN 8712209 AND 8712309
	Bitmap Heap Scan on sbtest8  (cost=5.43..389.37 rows=97 width=125)
	  Recheck Cond: ((k >= 8712209) AND (k <= 8712309))
	  ->  Bitmap Index Scan on k_8  (cost=0.00..5.40 rows=97 width=0)
	        Index Cond: ((k >= 8712209) AND (k <= 8712309))

for range-notcovered
table 1 : explain SELECT k, c FROM sbtest1 WHERE k BETWEEN 5126552 AND 5126652
	Bitmap Heap Scan on sbtest1  (cost=5.51..420.88 rows=105 width=125)
	  Recheck Cond: ((k >= 5126552) AND (k <= 5126652))
	  ->  Bitmap Index Scan on k_1  (cost=0.00..5.48 rows=105 width=0)
	        Index Cond: ((k >= 5126552) AND (k <= 5126652))

table 2 : explain SELECT k, c FROM sbtest2 WHERE k BETWEEN 5126552 AND 5126652
	Bitmap Heap Scan on sbtest2  (cost=5.54..432.69 rows=108 width=125)
	  Recheck Cond: ((k >= 5126552) AND (k <= 5126652))
	  ->  Bitmap Index Scan on k_2  (cost=0.00..5.51 rows=108 width=0)
	        Index Cond: ((k >= 5126552) AND (k <= 5126652))

table 3 : explain SELECT k, c FROM sbtest3 WHERE k BETWEEN 5126552 AND 5126652
	Bitmap Heap Scan on sbtest3  (cost=5.53..428.75 rows=107 width=125)
	  Recheck Cond: ((k >= 5126552) AND (k <= 5126652))
	  ->  Bitmap Index Scan on k_3  (cost=0.00..5.50 rows=107 width=0)
	        Index Cond: ((k >= 5126552) AND (k <= 5126652))

table 4 : explain SELECT k, c FROM sbtest4 WHERE k BETWEEN 5126552 AND 5126652
	Bitmap Heap Scan on sbtest4  (cost=5.58..448.42 rows=112 width=125)
	  Recheck Cond: ((k >= 5126552) AND (k <= 5126652))
	  ->  Bitmap Index Scan on k_4  (cost=0.00..5.55 rows=112 width=0)
	        Index Cond: ((k >= 5126552) AND (k <= 5126652))

table 5 : explain SELECT k, c FROM sbtest5 WHERE k BETWEEN 5126552 AND 5126652
	Bitmap Heap Scan on sbtest5  (cost=5.54..432.69 rows=108 width=125)
	  Recheck Cond: ((k >= 5126552) AND (k <= 5126652))
	  ->  Bitmap Index Scan on k_5  (cost=0.00..5.51 rows=108 width=0)
	        Index Cond: ((k >= 5126552) AND (k <= 5126652))

table 6 : explain SELECT k, c FROM sbtest6 WHERE k BETWEEN 5126552 AND 5126652
	Bitmap Heap Scan on sbtest6  (cost=5.48..409.07 rows=102 width=125)
	  Recheck Cond: ((k >= 5126552) AND (k <= 5126652))
	  ->  Bitmap Index Scan on k_6  (cost=0.00..5.45 rows=102 width=0)
	        Index Cond: ((k >= 5126552) AND (k <= 5126652))

table 7 : explain SELECT k, c FROM sbtest7 WHERE k BETWEEN 5126552 AND 5126652
	Bitmap Heap Scan on sbtest7  (cost=5.54..432.69 rows=108 width=125)
	  Recheck Cond: ((k >= 5126552) AND (k <= 5126652))
	  ->  Bitmap Index Scan on k_7  (cost=0.00..5.51 rows=108 width=0)
	        Index Cond: ((k >= 5126552) AND (k <= 5126652))

table 8 : explain SELECT k, c FROM sbtest8 WHERE k BETWEEN 5126552 AND 5126652
	Bitmap Heap Scan on sbtest8  (cost=5.52..424.81 rows=106 width=125)
	  Recheck Cond: ((k >= 5126552) AND (k <= 5126652))
	  ->  Bitmap Index Scan on k_8  (cost=0.00..5.50 rows=106 width=0)
	        Index Cond: ((k >= 5126552) AND (k <= 5126652))

for range-notcovered
table 1 : explain SELECT k, c FROM sbtest1 WHERE k BETWEEN 7349096 AND 7349196
	Bitmap Heap Scan on sbtest1  (cost=5.48..409.07 rows=102 width=125)
	  Recheck Cond: ((k >= 7349096) AND (k <= 7349196))
	  ->  Bitmap Index Scan on k_1  (cost=0.00..5.45 rows=102 width=0)
	        Index Cond: ((k >= 7349096) AND (k <= 7349196))

table 2 : explain SELECT k, c FROM sbtest2 WHERE k BETWEEN 7349096 AND 7349196
	Bitmap Heap Scan on sbtest2  (cost=5.47..405.13 rows=101 width=125)
	  Recheck Cond: ((k >= 7349096) AND (k <= 7349196))
	  ->  Bitmap Index Scan on k_2  (cost=0.00..5.44 rows=101 width=0)
	        Index Cond: ((k >= 7349096) AND (k <= 7349196))

table 3 : explain SELECT k, c FROM sbtest3 WHERE k BETWEEN 7349096 AND 7349196
	Bitmap Heap Scan on sbtest3  (cost=5.38..369.67 rows=92 width=125)
	  Recheck Cond: ((k >= 7349096) AND (k <= 7349196))
	  ->  Bitmap Index Scan on k_3  (cost=0.00..5.35 rows=92 width=0)
	        Index Cond: ((k >= 7349096) AND (k <= 7349196))

table 4 : explain SELECT k, c FROM sbtest4 WHERE k BETWEEN 7349096 AND 7349196
	Bitmap Heap Scan on sbtest4  (cost=5.48..409.07 rows=102 width=125)
	  Recheck Cond: ((k >= 7349096) AND (k <= 7349196))
	  ->  Bitmap Index Scan on k_4  (cost=0.00..5.45 rows=102 width=0)
	        Index Cond: ((k >= 7349096) AND (k <= 7349196))

table 5 : explain SELECT k, c FROM sbtest5 WHERE k BETWEEN 7349096 AND 7349196
	Bitmap Heap Scan on sbtest5  (cost=5.45..397.25 rows=99 width=125)
	  Recheck Cond: ((k >= 7349096) AND (k <= 7349196))
	  ->  Bitmap Index Scan on k_5  (cost=0.00..5.42 rows=99 width=0)
	        Index Cond: ((k >= 7349096) AND (k <= 7349196))

table 6 : explain SELECT k, c FROM sbtest6 WHERE k BETWEEN 7349096 AND 7349196
	Bitmap Heap Scan on sbtest6  (cost=5.55..436.62 rows=109 width=125)
	  Recheck Cond: ((k >= 7349096) AND (k <= 7349196))
	  ->  Bitmap Index Scan on k_6  (cost=0.00..5.52 rows=109 width=0)
	        Index Cond: ((k >= 7349096) AND (k <= 7349196))

table 7 : explain SELECT k, c FROM sbtest7 WHERE k BETWEEN 7349096 AND 7349196
	Bitmap Heap Scan on sbtest7  (cost=5.52..424.81 rows=106 width=125)
	  Recheck Cond: ((k >= 7349096) AND (k <= 7349196))
	  ->  Bitmap Index Scan on k_7  (cost=0.00..5.50 rows=106 width=0)
	        Index Cond: ((k >= 7349096) AND (k <= 7349196))

table 8 : explain SELECT k, c FROM sbtest8 WHERE k BETWEEN 7349096 AND 7349196
	Bitmap Heap Scan on sbtest8  (cost=5.59..452.36 rows=113 width=125)
	  Recheck Cond: ((k >= 7349096) AND (k <= 7349196))
	  ->  Bitmap Index Scan on k_8  (cost=0.00..5.56 rows=113 width=0)
	        Index Cond: ((k >= 7349096) AND (k <= 7349196))

explain: for range-notcovered :: explain SELECT k, c FROM sbtest%d WHERE k BETWEEN 7349096 AND 7349196
for range-notcovered
table 1 : explain SELECT k, c FROM sbtest1 WHERE k BETWEEN 7349096 AND 7349196
	Bitmap Heap Scan on sbtest1  (cost=5.48..409.07 rows=102 width=125)
	  Recheck Cond: ((k >= 7349096) AND (k <= 7349196))
	  ->  Bitmap Index Scan on k_1  (cost=0.00..5.45 rows=102 width=0)
	        Index Cond: ((k >= 7349096) AND (k <= 7349196))

table 2 : explain SELECT k, c FROM sbtest2 WHERE k BETWEEN 7349096 AND 7349196
	Bitmap Heap Scan on sbtest2  (cost=5.47..405.13 rows=101 width=125)
	  Recheck Cond: ((k >= 7349096) AND (k <= 7349196))
	  ->  Bitmap Index Scan on k_2  (cost=0.00..5.44 rows=101 width=0)
	        Index Cond: ((k >= 7349096) AND (k <= 7349196))

table 3 : explain SELECT k, c FROM sbtest3 WHERE k BETWEEN 7349096 AND 7349196
	Bitmap Heap Scan on sbtest3  (cost=5.38..369.67 rows=92 width=125)
	  Recheck Cond: ((k >= 7349096) AND (k <= 7349196))
	  ->  Bitmap Index Scan on k_3  (cost=0.00..5.35 rows=92 width=0)
	        Index Cond: ((k >= 7349096) AND (k <= 7349196))

table 4 : explain SELECT k, c FROM sbtest4 WHERE k BETWEEN 7349096 AND 7349196
	Bitmap Heap Scan on sbtest4  (cost=5.48..409.07 rows=102 width=125)
	  Recheck Cond: ((k >= 7349096) AND (k <= 7349196))
	  ->  Bitmap Index Scan on k_4  (cost=0.00..5.45 rows=102 width=0)
	        Index Cond: ((k >= 7349096) AND (k <= 7349196))

table 5 : explain SELECT k, c FROM sbtest5 WHERE k BETWEEN 7349096 AND 7349196
	Bitmap Heap Scan on sbtest5  (cost=5.45..397.25 rows=99 width=125)
	  Recheck Cond: ((k >= 7349096) AND (k <= 7349196))
	  ->  Bitmap Index Scan on k_5  (cost=0.00..5.42 rows=99 width=0)
	        Index Cond: ((k >= 7349096) AND (k <= 7349196))

table 6 : explain SELECT k, c FROM sbtest6 WHERE k BETWEEN 7349096 AND 7349196
	Bitmap Heap Scan on sbtest6  (cost=5.55..436.62 rows=109 width=125)
	  Recheck Cond: ((k >= 7349096) AND (k <= 7349196))
	  ->  Bitmap Index Scan on k_6  (cost=0.00..5.52 rows=109 width=0)
	        Index Cond: ((k >= 7349096) AND (k <= 7349196))

table 7 : explain SELECT k, c FROM sbtest7 WHERE k BETWEEN 7349096 AND 7349196
	Bitmap Heap Scan on sbtest7  (cost=5.52..424.81 rows=106 width=125)
	  Recheck Cond: ((k >= 7349096) AND (k <= 7349196))
	  ->  Bitmap Index Scan on k_7  (cost=0.00..5.50 rows=106 width=0)
	        Index Cond: ((k >= 7349096) AND (k <= 7349196))

table 8 : explain SELECT k, c FROM sbtest8 WHERE k BETWEEN 7349096 AND 7349196
	Bitmap Heap Scan on sbtest8  (cost=5.59..452.36 rows=113 width=125)
	  Recheck Cond: ((k >= 7349096) AND (k <= 7349196))
	  ->  Bitmap Index Scan on k_8  (cost=0.00..5.56 rows=113 width=0)
	        Index Cond: ((k >= 7349096) AND (k <= 7349196))

explain: for range-notcovered :: explain SELECT k, c FROM sbtest%d WHERE k BETWEEN 7349096 AND 7349196
for range-notcovered
table 1 : explain SELECT k, c FROM sbtest1 WHERE k BETWEEN 7349096 AND 7349196
	Bitmap Heap Scan on sbtest1  (cost=5.48..409.07 rows=102 width=125)
	  Recheck Cond: ((k >= 7349096) AND (k <= 7349196))
	  ->  Bitmap Index Scan on k_1  (cost=0.00..5.45 rows=102 width=0)
	        Index Cond: ((k >= 7349096) AND (k <= 7349196))

table 2 : explain SELECT k, c FROM sbtest2 WHERE k BETWEEN 7349096 AND 7349196
	Bitmap Heap Scan on sbtest2  (cost=5.47..405.13 rows=101 width=125)
	  Recheck Cond: ((k >= 7349096) AND (k <= 7349196))
	  ->  Bitmap Index Scan on k_2  (cost=0.00..5.44 rows=101 width=0)
	        Index Cond: ((k >= 7349096) AND (k <= 7349196))

table 3 : explain SELECT k, c FROM sbtest3 WHERE k BETWEEN 7349096 AND 7349196
	Bitmap Heap Scan on sbtest3  (cost=5.38..369.67 rows=92 width=125)
	  Recheck Cond: ((k >= 7349096) AND (k <= 7349196))
	  ->  Bitmap Index Scan on k_3  (cost=0.00..5.35 rows=92 width=0)
	        Index Cond: ((k >= 7349096) AND (k <= 7349196))

table 4 : explain SELECT k, c FROM sbtest4 WHERE k BETWEEN 7349096 AND 7349196
	Bitmap Heap Scan on sbtest4  (cost=5.48..409.07 rows=102 width=125)
	  Recheck Cond: ((k >= 7349096) AND (k <= 7349196))
	  ->  Bitmap Index Scan on k_4  (cost=0.00..5.45 rows=102 width=0)
	        Index Cond: ((k >= 7349096) AND (k <= 7349196))

table 5 : explain SELECT k, c FROM sbtest5 WHERE k BETWEEN 7349096 AND 7349196
	Bitmap Heap Scan on sbtest5  (cost=5.45..397.25 rows=99 width=125)
	  Recheck Cond: ((k >= 7349096) AND (k <= 7349196))
	  ->  Bitmap Index Scan on k_5  (cost=0.00..5.42 rows=99 width=0)
	        Index Cond: ((k >= 7349096) AND (k <= 7349196))

table 6 : explain SELECT k, c FROM sbtest6 WHERE k BETWEEN 7349096 AND 7349196
	Bitmap Heap Scan on sbtest6  (cost=5.55..436.62 rows=109 width=125)
	  Recheck Cond: ((k >= 7349096) AND (k <= 7349196))
	  ->  Bitmap Index Scan on k_6  (cost=0.00..5.52 rows=109 width=0)
	        Index Cond: ((k >= 7349096) AND (k <= 7349196))

table 7 : explain SELECT k, c FROM sbtest7 WHERE k BETWEEN 7349096 AND 7349196
	Bitmap Heap Scan on sbtest7  (cost=5.52..424.81 rows=106 width=125)
	  Recheck Cond: ((k >= 7349096) AND (k <= 7349196))
	  ->  Bitmap Index Scan on k_7  (cost=0.00..5.50 rows=106 width=0)
	        Index Cond: ((k >= 7349096) AND (k <= 7349196))

table 8 : explain SELECT k, c FROM sbtest8 WHERE k BETWEEN 7349096 AND 7349196
	Bitmap Heap Scan on sbtest8  (cost=5.59..452.36 rows=113 width=125)
	  Recheck Cond: ((k >= 7349096) AND (k <= 7349196))
	  ->  Bitmap Index Scan on k_8  (cost=0.00..5.56 rows=113 width=0)
	        Index Cond: ((k >= 7349096) AND (k <= 7349196))

explain: for range-notcovered :: explain SELECT k, c FROM sbtest%d WHERE k BETWEEN 7349096 AND 7349196
for range-notcovered
table 1 : explain SELECT k, c FROM sbtest1 WHERE k BETWEEN 7349096 AND 7349196
	Bitmap Heap Scan on sbtest1  (cost=5.48..409.07 rows=102 width=125)
	  Recheck Cond: ((k >= 7349096) AND (k <= 7349196))
	  ->  Bitmap Index Scan on k_1  (cost=0.00..5.45 rows=102 width=0)
	        Index Cond: ((k >= 7349096) AND (k <= 7349196))

table 2 : explain SELECT k, c FROM sbtest2 WHERE k BETWEEN 7349096 AND 7349196
	Bitmap Heap Scan on sbtest2  (cost=5.47..405.13 rows=101 width=125)
	  Recheck Cond: ((k >= 7349096) AND (k <= 7349196))
	  ->  Bitmap Index Scan on k_2  (cost=0.00..5.44 rows=101 width=0)
	        Index Cond: ((k >= 7349096) AND (k <= 7349196))

table 3 : explain SELECT k, c FROM sbtest3 WHERE k BETWEEN 7349096 AND 7349196
	Bitmap Heap Scan on sbtest3  (cost=5.38..369.67 rows=92 width=125)
	  Recheck Cond: ((k >= 7349096) AND (k <= 7349196))
	  ->  Bitmap Index Scan on k_3  (cost=0.00..5.35 rows=92 width=0)
	        Index Cond: ((k >= 7349096) AND (k <= 7349196))

table 4 : explain SELECT k, c FROM sbtest4 WHERE k BETWEEN 7349096 AND 7349196
	Bitmap Heap Scan on sbtest4  (cost=5.48..409.07 rows=102 width=125)
	  Recheck Cond: ((k >= 7349096) AND (k <= 7349196))
	  ->  Bitmap Index Scan on k_4  (cost=0.00..5.45 rows=102 width=0)
	        Index Cond: ((k >= 7349096) AND (k <= 7349196))

table 5 : explain SELECT k, c FROM sbtest5 WHERE k BETWEEN 7349096 AND 7349196
	Bitmap Heap Scan on sbtest5  (cost=5.45..397.25 rows=99 width=125)
	  Recheck Cond: ((k >= 7349096) AND (k <= 7349196))
	  ->  Bitmap Index Scan on k_5  (cost=0.00..5.42 rows=99 width=0)
	        Index Cond: ((k >= 7349096) AND (k <= 7349196))

table 6 : explain SELECT k, c FROM sbtest6 WHERE k BETWEEN 7349096 AND 7349196
	Bitmap Heap Scan on sbtest6  (cost=5.55..436.62 rows=109 width=125)
	  Recheck Cond: ((k >= 7349096) AND (k <= 7349196))
	  ->  Bitmap Index Scan on k_6  (cost=0.00..5.52 rows=109 width=0)
	        Index Cond: ((k >= 7349096) AND (k <= 7349196))

table 7 : explain SELECT k, c FROM sbtest7 WHERE k BETWEEN 7349096 AND 7349196
	Bitmap Heap Scan on sbtest7  (cost=5.52..424.81 rows=106 width=125)
	  Recheck Cond: ((k >= 7349096) AND (k <= 7349196))
	  ->  Bitmap Index Scan on k_7  (cost=0.00..5.50 rows=106 width=0)
	        Index Cond: ((k >= 7349096) AND (k <= 7349196))

table 8 : explain SELECT k, c FROM sbtest8 WHERE k BETWEEN 7349096 AND 7349196
	Bitmap Heap Scan on sbtest8  (cost=5.59..452.36 rows=113 width=125)
	  Recheck Cond: ((k >= 7349096) AND (k <= 7349196))
	  ->  Bitmap Index Scan on k_8  (cost=0.00..5.56 rows=113 width=0)
	        Index Cond: ((k >= 7349096) AND (k <= 7349196))

explain: for range-notcovered :: explain SELECT k, c FROM sbtest%d WHERE k BETWEEN 7349096 AND 7349196
for range-notcovered
table 1 : explain SELECT k, c FROM sbtest1 WHERE k BETWEEN 7349096 AND 7349196
	Bitmap Heap Scan on sbtest1  (cost=5.48..409.07 rows=102 width=125)
	  Recheck Cond: ((k >= 7349096) AND (k <= 7349196))
	  ->  Bitmap Index Scan on k_1  (cost=0.00..5.45 rows=102 width=0)
	        Index Cond: ((k >= 7349096) AND (k <= 7349196))

table 2 : explain SELECT k, c FROM sbtest2 WHERE k BETWEEN 7349096 AND 7349196
	Bitmap Heap Scan on sbtest2  (cost=5.47..405.13 rows=101 width=125)
	  Recheck Cond: ((k >= 7349096) AND (k <= 7349196))
	  ->  Bitmap Index Scan on k_2  (cost=0.00..5.44 rows=101 width=0)
	        Index Cond: ((k >= 7349096) AND (k <= 7349196))

table 3 : explain SELECT k, c FROM sbtest3 WHERE k BETWEEN 7349096 AND 7349196
	Bitmap Heap Scan on sbtest3  (cost=5.38..369.67 rows=92 width=125)
	  Recheck Cond: ((k >= 7349096) AND (k <= 7349196))
	  ->  Bitmap Index Scan on k_3  (cost=0.00..5.35 rows=92 width=0)
	        Index Cond: ((k >= 7349096) AND (k <= 7349196))

table 4 : explain SELECT k, c FROM sbtest4 WHERE k BETWEEN 7349096 AND 7349196
	Bitmap Heap Scan on sbtest4  (cost=5.48..409.07 rows=102 width=125)
	  Recheck Cond: ((k >= 7349096) AND (k <= 7349196))
	  ->  Bitmap Index Scan on k_4  (cost=0.00..5.45 rows=102 width=0)
	        Index Cond: ((k >= 7349096) AND (k <= 7349196))

table 5 : explain SELECT k, c FROM sbtest5 WHERE k BETWEEN 7349096 AND 7349196
	Bitmap Heap Scan on sbtest5  (cost=5.45..397.25 rows=99 width=125)
	  Recheck Cond: ((k >= 7349096) AND (k <= 7349196))
	  ->  Bitmap Index Scan on k_5  (cost=0.00..5.42 rows=99 width=0)
	        Index Cond: ((k >= 7349096) AND (k <= 7349196))

table 6 : explain SELECT k, c FROM sbtest6 WHERE k BETWEEN 7349096 AND 7349196
	Bitmap Heap Scan on sbtest6  (cost=5.55..436.62 rows=109 width=125)
	  Recheck Cond: ((k >= 7349096) AND (k <= 7349196))
	  ->  Bitmap Index Scan on k_6  (cost=0.00..5.52 rows=109 width=0)
	        Index Cond: ((k >= 7349096) AND (k <= 7349196))

table 7 : explain SELECT k, c FROM sbtest7 WHERE k BETWEEN 7349096 AND 7349196
	Bitmap Heap Scan on sbtest7  (cost=5.52..424.81 rows=106 width=125)
	  Recheck Cond: ((k >= 7349096) AND (k <= 7349196))
	  ->  Bitmap Index Scan on k_7  (cost=0.00..5.50 rows=106 width=0)
	        Index Cond: ((k >= 7349096) AND (k <= 7349196))

table 8 : explain SELECT k, c FROM sbtest8 WHERE k BETWEEN 7349096 AND 7349196
	Bitmap Heap Scan on sbtest8  (cost=5.59..452.36 rows=113 width=125)
	  Recheck Cond: ((k >= 7349096) AND (k <= 7349196))
	  ->  Bitmap Index Scan on k_8  (cost=0.00..5.56 rows=113 width=0)
	        Index Cond: ((k >= 7349096) AND (k <= 7349196))

explain: for range-notcovered :: explain SELECT k, c FROM sbtest%d WHERE k BETWEEN 7349096 AND 7349196
for range-notcovered
table 1 : explain SELECT k, c FROM sbtest1 WHERE k BETWEEN 7185947 AND 7186047
	Bitmap Heap Scan on sbtest1  (cost=5.48..409.07 rows=102 width=125)
	  Recheck Cond: ((k >= 7185947) AND (k <= 7186047))
	  ->  Bitmap Index Scan on k_1  (cost=0.00..5.45 rows=102 width=0)
	        Index Cond: ((k >= 7185947) AND (k <= 7186047))

table 2 : explain SELECT k, c FROM sbtest2 WHERE k BETWEEN 7185947 AND 7186047
	Bitmap Heap Scan on sbtest2  (cost=5.40..377.55 rows=94 width=125)
	  Recheck Cond: ((k >= 7185947) AND (k <= 7186047))
	  ->  Bitmap Index Scan on k_2  (cost=0.00..5.38 rows=94 width=0)
	        Index Cond: ((k >= 7185947) AND (k <= 7186047))

table 3 : explain SELECT k, c FROM sbtest3 WHERE k BETWEEN 7185947 AND 7186047
	Bitmap Heap Scan on sbtest3  (cost=5.48..409.07 rows=102 width=125)
	  Recheck Cond: ((k >= 7185947) AND (k <= 7186047))
	  ->  Bitmap Index Scan on k_3  (cost=0.00..5.45 rows=102 width=0)
	        Index Cond: ((k >= 7185947) AND (k <= 7186047))

table 4 : explain SELECT k, c FROM sbtest4 WHERE k BETWEEN 7185947 AND 7186047
	Bitmap Heap Scan on sbtest4  (cost=5.51..420.88 rows=105 width=125)
	  Recheck Cond: ((k >= 7185947) AND (k <= 7186047))
	  ->  Bitmap Index Scan on k_4  (cost=0.00..5.48 rows=105 width=0)
	        Index Cond: ((k >= 7185947) AND (k <= 7186047))

table 5 : explain SELECT k, c FROM sbtest5 WHERE k BETWEEN 7185947 AND 7186047
	Bitmap Heap Scan on sbtest5  (cost=5.46..401.19 rows=100 width=125)
	  Recheck Cond: ((k >= 7185947) AND (k <= 7186047))
	  ->  Bitmap Index Scan on k_5  (cost=0.00..5.43 rows=100 width=0)
	        Index Cond: ((k >= 7185947) AND (k <= 7186047))

table 6 : explain SELECT k, c FROM sbtest6 WHERE k BETWEEN 7185947 AND 7186047
	Bitmap Heap Scan on sbtest6  (cost=5.57..444.49 rows=111 width=125)
	  Recheck Cond: ((k >= 7185947) AND (k <= 7186047))
	  ->  Bitmap Index Scan on k_6  (cost=0.00..5.54 rows=111 width=0)
	        Index Cond: ((k >= 7185947) AND (k <= 7186047))

table 7 : explain SELECT k, c FROM sbtest7 WHERE k BETWEEN 7185947 AND 7186047
	Bitmap Heap Scan on sbtest7  (cost=5.42..385.43 rows=96 width=125)
	  Recheck Cond: ((k >= 7185947) AND (k <= 7186047))
	  ->  Bitmap Index Scan on k_7  (cost=0.00..5.39 rows=96 width=0)
	        Index Cond: ((k >= 7185947) AND (k <= 7186047))

table 8 : explain SELECT k, c FROM sbtest8 WHERE k BETWEEN 7185947 AND 7186047
	Bitmap Heap Scan on sbtest8  (cost=5.44..393.31 rows=98 width=125)
	  Recheck Cond: ((k >= 7185947) AND (k <= 7186047))
	  ->  Bitmap Index Scan on k_8  (cost=0.00..5.42 rows=98 width=0)
	        Index Cond: ((k >= 7185947) AND (k <= 7186047))

explain: for range-notcovered :: explain SELECT k, c FROM sbtest%d WHERE k BETWEEN 7185947 AND 7186047
for range-notcovered
table 1 : explain SELECT k, c FROM sbtest1 WHERE k BETWEEN 7349096 AND 7349196
	Bitmap Heap Scan on sbtest1  (cost=5.48..409.07 rows=102 width=125)
	  Recheck Cond: ((k >= 7349096) AND (k <= 7349196))
	  ->  Bitmap Index Scan on k_1  (cost=0.00..5.45 rows=102 width=0)
	        Index Cond: ((k >= 7349096) AND (k <= 7349196))

table 2 : explain SELECT k, c FROM sbtest2 WHERE k BETWEEN 7349096 AND 7349196
	Bitmap Heap Scan on sbtest2  (cost=5.47..405.13 rows=101 width=125)
	  Recheck Cond: ((k >= 7349096) AND (k <= 7349196))
	  ->  Bitmap Index Scan on k_2  (cost=0.00..5.44 rows=101 width=0)
	        Index Cond: ((k >= 7349096) AND (k <= 7349196))

table 3 : explain SELECT k, c FROM sbtest3 WHERE k BETWEEN 7349096 AND 7349196
	Bitmap Heap Scan on sbtest3  (cost=5.38..369.67 rows=92 width=125)
	  Recheck Cond: ((k >= 7349096) AND (k <= 7349196))
	  ->  Bitmap Index Scan on k_3  (cost=0.00..5.35 rows=92 width=0)
	        Index Cond: ((k >= 7349096) AND (k <= 7349196))

table 4 : explain SELECT k, c FROM sbtest4 WHERE k BETWEEN 7349096 AND 7349196
	Bitmap Heap Scan on sbtest4  (cost=5.48..409.07 rows=102 width=125)
	  Recheck Cond: ((k >= 7349096) AND (k <= 7349196))
	  ->  Bitmap Index Scan on k_4  (cost=0.00..5.45 rows=102 width=0)
	        Index Cond: ((k >= 7349096) AND (k <= 7349196))

table 5 : explain SELECT k, c FROM sbtest5 WHERE k BETWEEN 7349096 AND 7349196
	Bitmap Heap Scan on sbtest5  (cost=5.45..397.25 rows=99 width=125)
	  Recheck Cond: ((k >= 7349096) AND (k <= 7349196))
	  ->  Bitmap Index Scan on k_5  (cost=0.00..5.42 rows=99 width=0)
	        Index Cond: ((k >= 7349096) AND (k <= 7349196))

table 6 : explain SELECT k, c FROM sbtest6 WHERE k BETWEEN 7349096 AND 7349196
	Bitmap Heap Scan on sbtest6  (cost=5.55..436.62 rows=109 width=125)
	  Recheck Cond: ((k >= 7349096) AND (k <= 7349196))
	  ->  Bitmap Index Scan on k_6  (cost=0.00..5.52 rows=109 width=0)
	        Index Cond: ((k >= 7349096) AND (k <= 7349196))

table 7 : explain SELECT k, c FROM sbtest7 WHERE k BETWEEN 7349096 AND 7349196
	Bitmap Heap Scan on sbtest7  (cost=5.52..424.81 rows=106 width=125)
	  Recheck Cond: ((k >= 7349096) AND (k <= 7349196))
	  ->  Bitmap Index Scan on k_7  (cost=0.00..5.50 rows=106 width=0)
	        Index Cond: ((k >= 7349096) AND (k <= 7349196))

table 8 : explain SELECT k, c FROM sbtest8 WHERE k BETWEEN 7349096 AND 7349196
	Bitmap Heap Scan on sbtest8  (cost=5.59..452.36 rows=113 width=125)
	  Recheck Cond: ((k >= 7349096) AND (k <= 7349196))
	  ->  Bitmap Index Scan on k_8  (cost=0.00..5.56 rows=113 width=0)
	        Index Cond: ((k >= 7349096) AND (k <= 7349196))

explain: for range-notcovered :: explain SELECT k, c FROM sbtest%d WHERE k BETWEEN 7349096 AND 7349196
for range-notcovered
table 1 : explain SELECT k, c FROM sbtest1 WHERE k BETWEEN 7185947 AND 7186047
	Bitmap Heap Scan on sbtest1  (cost=5.48..409.07 rows=102 width=125)
	  Recheck Cond: ((k >= 7185947) AND (k <= 7186047))
	  ->  Bitmap Index Scan on k_1  (cost=0.00..5.45 rows=102 width=0)
	        Index Cond: ((k >= 7185947) AND (k <= 7186047))

table 2 : explain SELECT k, c FROM sbtest2 WHERE k BETWEEN 7185947 AND 7186047
	Bitmap Heap Scan on sbtest2  (cost=5.40..377.55 rows=94 width=125)
	  Recheck Cond: ((k >= 7185947) AND (k <= 7186047))
	  ->  Bitmap Index Scan on k_2  (cost=0.00..5.38 rows=94 width=0)
	        Index Cond: ((k >= 7185947) AND (k <= 7186047))

table 3 : explain SELECT k, c FROM sbtest3 WHERE k BETWEEN 7185947 AND 7186047
	Bitmap Heap Scan on sbtest3  (cost=5.48..409.07 rows=102 width=125)
	  Recheck Cond: ((k >= 7185947) AND (k <= 7186047))
	  ->  Bitmap Index Scan on k_3  (cost=0.00..5.45 rows=102 width=0)
	        Index Cond: ((k >= 7185947) AND (k <= 7186047))

table 4 : explain SELECT k, c FROM sbtest4 WHERE k BETWEEN 7185947 AND 7186047
	Bitmap Heap Scan on sbtest4  (cost=5.51..420.88 rows=105 width=125)
	  Recheck Cond: ((k >= 7185947) AND (k <= 7186047))
	  ->  Bitmap Index Scan on k_4  (cost=0.00..5.48 rows=105 width=0)
	        Index Cond: ((k >= 7185947) AND (k <= 7186047))

table 5 : explain SELECT k, c FROM sbtest5 WHERE k BETWEEN 7185947 AND 7186047
	Bitmap Heap Scan on sbtest5  (cost=5.46..401.19 rows=100 width=125)
	  Recheck Cond: ((k >= 7185947) AND (k <= 7186047))
	  ->  Bitmap Index Scan on k_5  (cost=0.00..5.43 rows=100 width=0)
	        Index Cond: ((k >= 7185947) AND (k <= 7186047))

table 6 : explain SELECT k, c FROM sbtest6 WHERE k BETWEEN 7185947 AND 7186047
	Bitmap Heap Scan on sbtest6  (cost=5.57..444.49 rows=111 width=125)
	  Recheck Cond: ((k >= 7185947) AND (k <= 7186047))
	  ->  Bitmap Index Scan on k_6  (cost=0.00..5.54 rows=111 width=0)
	        Index Cond: ((k >= 7185947) AND (k <= 7186047))

table 7 : explain SELECT k, c FROM sbtest7 WHERE k BETWEEN 7185947 AND 7186047
	Bitmap Heap Scan on sbtest7  (cost=5.42..385.43 rows=96 width=125)
	  Recheck Cond: ((k >= 7185947) AND (k <= 7186047))
	  ->  Bitmap Index Scan on k_7  (cost=0.00..5.39 rows=96 width=0)
	        Index Cond: ((k >= 7185947) AND (k <= 7186047))

table 8 : explain SELECT k, c FROM sbtest8 WHERE k BETWEEN 7185947 AND 7186047
	Bitmap Heap Scan on sbtest8  (cost=5.44..393.31 rows=98 width=125)
	  Recheck Cond: ((k >= 7185947) AND (k <= 7186047))
	  ->  Bitmap Index Scan on k_8  (cost=0.00..5.42 rows=98 width=0)
	        Index Cond: ((k >= 7185947) AND (k <= 7186047))

explain: for range-notcovered :: explain SELECT k, c FROM sbtest%d WHERE k BETWEEN 7185947 AND 7186047
for range-notcovered
table 1 : explain SELECT k, c FROM sbtest1 WHERE k BETWEEN 7349096 AND 7349196
	Bitmap Heap Scan on sbtest1  (cost=5.48..409.07 rows=102 width=125)
	  Recheck Cond: ((k >= 7349096) AND (k <= 7349196))
	  ->  Bitmap Index Scan on k_1  (cost=0.00..5.45 rows=102 width=0)
	        Index Cond: ((k >= 7349096) AND (k <= 7349196))

table 2 : explain SELECT k, c FROM sbtest2 WHERE k BETWEEN 7349096 AND 7349196
	Bitmap Heap Scan on sbtest2  (cost=5.47..405.13 rows=101 width=125)
	  Recheck Cond: ((k >= 7349096) AND (k <= 7349196))
	  ->  Bitmap Index Scan on k_2  (cost=0.00..5.44 rows=101 width=0)
	        Index Cond: ((k >= 7349096) AND (k <= 7349196))

table 3 : explain SELECT k, c FROM sbtest3 WHERE k BETWEEN 7349096 AND 7349196
	Bitmap Heap Scan on sbtest3  (cost=5.38..369.67 rows=92 width=125)
	  Recheck Cond: ((k >= 7349096) AND (k <= 7349196))
	  ->  Bitmap Index Scan on k_3  (cost=0.00..5.35 rows=92 width=0)
	        Index Cond: ((k >= 7349096) AND (k <= 7349196))

table 4 : explain SELECT k, c FROM sbtest4 WHERE k BETWEEN 7349096 AND 7349196
	Bitmap Heap Scan on sbtest4  (cost=5.48..409.07 rows=102 width=125)
	  Recheck Cond: ((k >= 7349096) AND (k <= 7349196))
	  ->  Bitmap Index Scan on k_4  (cost=0.00..5.45 rows=102 width=0)
	        Index Cond: ((k >= 7349096) AND (k <= 7349196))

table 5 : explain SELECT k, c FROM sbtest5 WHERE k BETWEEN 7349096 AND 7349196
	Bitmap Heap Scan on sbtest5  (cost=5.45..397.25 rows=99 width=125)
	  Recheck Cond: ((k >= 7349096) AND (k <= 7349196))
	  ->  Bitmap Index Scan on k_5  (cost=0.00..5.42 rows=99 width=0)
	        Index Cond: ((k >= 7349096) AND (k <= 7349196))

table 6 : explain SELECT k, c FROM sbtest6 WHERE k BETWEEN 7349096 AND 7349196
	Bitmap Heap Scan on sbtest6  (cost=5.55..436.62 rows=109 width=125)
	  Recheck Cond: ((k >= 7349096) AND (k <= 7349196))
	  ->  Bitmap Index Scan on k_6  (cost=0.00..5.52 rows=109 width=0)
	        Index Cond: ((k >= 7349096) AND (k <= 7349196))

table 7 : explain SELECT k, c FROM sbtest7 WHERE k BETWEEN 7349096 AND 7349196
	Bitmap Heap Scan on sbtest7  (cost=5.52..424.81 rows=106 width=125)
	  Recheck Cond: ((k >= 7349096) AND (k <= 7349196))
	  ->  Bitmap Index Scan on k_7  (cost=0.00..5.50 rows=106 width=0)
	        Index Cond: ((k >= 7349096) AND (k <= 7349196))

table 8 : explain SELECT k, c FROM sbtest8 WHERE k BETWEEN 7349096 AND 7349196
	Bitmap Heap Scan on sbtest8  (cost=5.59..452.36 rows=113 width=125)
	  Recheck Cond: ((k >= 7349096) AND (k <= 7349196))
	  ->  Bitmap Index Scan on k_8  (cost=0.00..5.56 rows=113 width=0)
	        Index Cond: ((k >= 7349096) AND (k <= 7349196))

for range-notcovered
table 1 : explain SELECT k, c FROM sbtest1 WHERE k BETWEEN 7185947 AND 7186047
	Bitmap Heap Scan on sbtest1  (cost=5.48..409.07 rows=102 width=125)
	  Recheck Cond: ((k >= 7185947) AND (k <= 7186047))
	  ->  Bitmap Index Scan on k_1  (cost=0.00..5.45 rows=102 width=0)
	        Index Cond: ((k >= 7185947) AND (k <= 7186047))

table 2 : explain SELECT k, c FROM sbtest2 WHERE k BETWEEN 7185947 AND 7186047
	Bitmap Heap Scan on sbtest2  (cost=5.40..377.55 rows=94 width=125)
	  Recheck Cond: ((k >= 7185947) AND (k <= 7186047))
	  ->  Bitmap Index Scan on k_2  (cost=0.00..5.38 rows=94 width=0)
	        Index Cond: ((k >= 7185947) AND (k <= 7186047))

table 3 : explain SELECT k, c FROM sbtest3 WHERE k BETWEEN 7185947 AND 7186047
	Bitmap Heap Scan on sbtest3  (cost=5.48..409.07 rows=102 width=125)
	  Recheck Cond: ((k >= 7185947) AND (k <= 7186047))
	  ->  Bitmap Index Scan on k_3  (cost=0.00..5.45 rows=102 width=0)
	        Index Cond: ((k >= 7185947) AND (k <= 7186047))

table 4 : explain SELECT k, c FROM sbtest4 WHERE k BETWEEN 7185947 AND 7186047
	Bitmap Heap Scan on sbtest4  (cost=5.51..420.88 rows=105 width=125)
	  Recheck Cond: ((k >= 7185947) AND (k <= 7186047))
	  ->  Bitmap Index Scan on k_4  (cost=0.00..5.48 rows=105 width=0)
	        Index Cond: ((k >= 7185947) AND (k <= 7186047))

table 5 : explain SELECT k, c FROM sbtest5 WHERE k BETWEEN 7185947 AND 7186047
	Bitmap Heap Scan on sbtest5  (cost=5.46..401.19 rows=100 width=125)
	  Recheck Cond: ((k >= 7185947) AND (k <= 7186047))
	  ->  Bitmap Index Scan on k_5  (cost=0.00..5.43 rows=100 width=0)
	        Index Cond: ((k >= 7185947) AND (k <= 7186047))

table 6 : explain SELECT k, c FROM sbtest6 WHERE k BETWEEN 7185947 AND 7186047
	Bitmap Heap Scan on sbtest6  (cost=5.57..444.49 rows=111 width=125)
	  Recheck Cond: ((k >= 7185947) AND (k <= 7186047))
	  ->  Bitmap Index Scan on k_6  (cost=0.00..5.54 rows=111 width=0)
	        Index Cond: ((k >= 7185947) AND (k <= 7186047))

table 7 : explain SELECT k, c FROM sbtest7 WHERE k BETWEEN 7185947 AND 7186047
	Bitmap Heap Scan on sbtest7  (cost=5.42..385.43 rows=96 width=125)
	  Recheck Cond: ((k >= 7185947) AND (k <= 7186047))
	  ->  Bitmap Index Scan on k_7  (cost=0.00..5.39 rows=96 width=0)
	        Index Cond: ((k >= 7185947) AND (k <= 7186047))

table 8 : explain SELECT k, c FROM sbtest8 WHERE k BETWEEN 7185947 AND 7186047
	Bitmap Heap Scan on sbtest8  (cost=5.44..393.31 rows=98 width=125)
	  Recheck Cond: ((k >= 7185947) AND (k <= 7186047))
	  ->  Bitmap Index Scan on k_8  (cost=0.00..5.42 rows=98 width=0)
	        Index Cond: ((k >= 7185947) AND (k <= 7186047))

explain: for range-notcovered :: explain SELECT k, c FROM sbtest%d WHERE k BETWEEN 7185947 AND 7186047
for range-notcovered
table 1 : explain SELECT k, c FROM sbtest1 WHERE k BETWEEN 7185947 AND 7186047
	Bitmap Heap Scan on sbtest1  (cost=5.48..409.07 rows=102 width=125)
	  Recheck Cond: ((k >= 7185947) AND (k <= 7186047))
	  ->  Bitmap Index Scan on k_1  (cost=0.00..5.45 rows=102 width=0)
	        Index Cond: ((k >= 7185947) AND (k <= 7186047))

table 2 : explain SELECT k, c FROM sbtest2 WHERE k BETWEEN 7185947 AND 7186047
	Bitmap Heap Scan on sbtest2  (cost=5.40..377.55 rows=94 width=125)
	  Recheck Cond: ((k >= 7185947) AND (k <= 7186047))
	  ->  Bitmap Index Scan on k_2  (cost=0.00..5.38 rows=94 width=0)
	        Index Cond: ((k >= 7185947) AND (k <= 7186047))

table 3 : explain SELECT k, c FROM sbtest3 WHERE k BETWEEN 7185947 AND 7186047
	Bitmap Heap Scan on sbtest3  (cost=5.48..409.07 rows=102 width=125)
	  Recheck Cond: ((k >= 7185947) AND (k <= 7186047))
	  ->  Bitmap Index Scan on k_3  (cost=0.00..5.45 rows=102 width=0)
	        Index Cond: ((k >= 7185947) AND (k <= 7186047))

table 4 : explain SELECT k, c FROM sbtest4 WHERE k BETWEEN 7185947 AND 7186047
	Bitmap Heap Scan on sbtest4  (cost=5.51..420.88 rows=105 width=125)
	  Recheck Cond: ((k >= 7185947) AND (k <= 7186047))
	  ->  Bitmap Index Scan on k_4  (cost=0.00..5.48 rows=105 width=0)
	        Index Cond: ((k >= 7185947) AND (k <= 7186047))

table 5 : explain SELECT k, c FROM sbtest5 WHERE k BETWEEN 7185947 AND 7186047
	Bitmap Heap Scan on sbtest5  (cost=5.46..401.19 rows=100 width=125)
	  Recheck Cond: ((k >= 7185947) AND (k <= 7186047))
	  ->  Bitmap Index Scan on k_5  (cost=0.00..5.43 rows=100 width=0)
	        Index Cond: ((k >= 7185947) AND (k <= 7186047))

table 6 : explain SELECT k, c FROM sbtest6 WHERE k BETWEEN 7185947 AND 7186047
	Bitmap Heap Scan on sbtest6  (cost=5.57..444.49 rows=111 width=125)
	  Recheck Cond: ((k >= 7185947) AND (k <= 7186047))
	  ->  Bitmap Index Scan on k_6  (cost=0.00..5.54 rows=111 width=0)
	        Index Cond: ((k >= 7185947) AND (k <= 7186047))

table 7 : explain SELECT k, c FROM sbtest7 WHERE k BETWEEN 7185947 AND 7186047
	Bitmap Heap Scan on sbtest7  (cost=5.42..385.43 rows=96 width=125)
	  Recheck Cond: ((k >= 7185947) AND (k <= 7186047))
	  ->  Bitmap Index Scan on k_7  (cost=0.00..5.39 rows=96 width=0)
	        Index Cond: ((k >= 7185947) AND (k <= 7186047))

table 8 : explain SELECT k, c FROM sbtest8 WHERE k BETWEEN 7185947 AND 7186047
	Bitmap Heap Scan on sbtest8  (cost=5.44..393.31 rows=98 width=125)
	  Recheck Cond: ((k >= 7185947) AND (k <= 7186047))
	  ->  Bitmap Index Scan on k_8  (cost=0.00..5.42 rows=98 width=0)
	        Index Cond: ((k >= 7185947) AND (k <= 7186047))

Threads started!

Warming up for 5 seconds...

SQL statistics:
    queries performed:
        read:                            102514738
        write:                           0
        other:                           0
        total:                           102514738
    transactions:                        102514738 (162720.25 per sec.)
    queries:                             102514738 (162720.25 per sec.)
    ignored errors:                      0      (0.00 per sec.)
    reconnects:                          0      (0.00 per sec.)

Throughput:
    events/s (eps):                      162720.2526
    time elapsed:                        630.0061s
    total number of events:              102514738

Latency (ms):
         min:                                    0.07
         avg:                                    0.25
         max:                                   16.32
         95th percentile:                        0.28
         sum:                             25156526.70

Threads fairness:
    events (avg/stddev):           2562866.0000/11147.83
    execution time (avg/stddev):   628.9132/0.03

