LUA_PATH=/home/mdcallag/git/mytools/bench/sysbench.lua/lua/?.lua /home/mdcallag/git/mytools/bench/sysbench.lua/lua/sysbench --db-driver=pgsql --range-size=1000 --table-size=10000000 --tables=8 --threads=40 --events=0 --warmup-time=5 --time=630 --pgsql_conn_id=true /home/mdcallag/git/mytools/bench/sysbench.lua/lua/oltp_read_only.lua run --pgsql-user=root --pgsql-password=pw --pgsql-host=127.0.0.1 --pgsql-db=ib --rand-type=uniform --simple-ranges=0 --sum-ranges=0 --order-ranges=0 --distinct-ranges=1
48 CPUs
sysbench 1.1.0-9072687 (using bundled LuaJIT 2.1.0-beta3)

Running the test with following options:
Number of threads: 40
Warmup time: 5s
Initializing random number generator from current time


Initializing worker threads...

explain: for point_selects :: explain SELECT c FROM sbtest%u WHERE id=%u
explain: for point_selects :: explain SELECT c FROM sbtest%u WHERE id=%u
explain: for point_selects :: explain SELECT c FROM sbtest%u WHERE id=%u
for point_selects
table 1 : explain SELECT c FROM sbtest1 WHERE id=7943416
	Index Scan using sbtest1_pkey on sbtest1  (cost=0.43..8.45 rows=1 width=121)
	  Index Cond: (id = 7943416)

table 2 : explain SELECT c FROM sbtest2 WHERE id=6208677
	Index Scan using sbtest2_pkey on sbtest2  (cost=0.43..8.45 rows=1 width=121)
	  Index Cond: (id = 6208677)

table 3 : explain SELECT c FROM sbtest3 WHERE id=1097716
	Index Scan using sbtest3_pkey on sbtest3  (cost=0.43..8.45 rows=1 width=121)
	  Index Cond: (id = 1097716)

table 4 : explain SELECT c FROM sbtest4 WHERE id=1510463
	Index Scan using sbtest4_pkey on sbtest4  (cost=0.43..8.45 rows=1 width=121)
	  Index Cond: (id = 1510463)

table 5 : explain SELECT c FROM sbtest5 WHERE id=1236443
	Index Scan using sbtest5_pkey on sbtest5  (cost=0.43..8.45 rows=1 width=121)
	  Index Cond: (id = 1236443)

table 6 : explain SELECT c FROM sbtest6 WHERE id=5312206
	Index Scan using sbtest6_pkey on sbtest6  (cost=0.43..8.45 rows=1 width=121)
	  Index Cond: (id = 5312206)

table 7 : explain SELECT c FROM sbtest7 WHERE id=8031033
	Index Scan using sbtest7_pkey on sbtest7  (cost=0.43..8.45 rows=1 width=121)
	  Index Cond: (id = 8031033)

table 8 : explain SELECT c FROM sbtest8 WHERE id=8307040
	Index Scan using sbtest8_pkey on sbtest8  (cost=0.43..8.45 rows=1 width=121)
	  Index Cond: (id = 8307040)

for point_selects
table 1 : explain SELECT c FROM sbtest1 WHERE id=1237692
	Index Scan using sbtest1_pkey on sbtest1  (cost=0.43..8.45 rows=1 width=121)
	  Index Cond: (id = 1237692)

table 2 : explain SELECT c FROM sbtest2 WHERE id=2981470
	Index Scan using sbtest2_pkey on sbtest2  (cost=0.43..8.45 rows=1 width=121)
	  Index Cond: (id = 2981470)

table 3 : explain SELECT c FROM sbtest3 WHERE id=4869099
	Index Scan using sbtest3_pkey on sbtest3  (cost=0.43..8.45 rows=1 width=121)
	  Index Cond: (id = 4869099)

table 4 : explain SELECT c FROM sbtest4 WHERE id=3176769
	Index Scan using sbtest4_pkey on sbtest4  (cost=0.43..8.45 rows=1 width=121)
	  Index Cond: (id = 3176769)

table 5 : explain SELECT c FROM sbtest5 WHERE id=6088073
	Index Scan using sbtest5_pkey on sbtest5  (cost=0.43..8.45 rows=1 width=121)
	  Index Cond: (id = 6088073)

table 6 : explain SELECT c FROM sbtest6 WHERE id=3666748
	Index Scan using sbtest6_pkey on sbtest6  (cost=0.43..8.45 rows=1 width=121)
	  Index Cond: (id = 3666748)

table 7 : explain SELECT c FROM sbtest7 WHERE id=6721234
	Index Scan using sbtest7_pkey on sbtest7  (cost=0.43..8.45 rows=1 width=121)
	  Index Cond: (id = 6721234)

table 8 : explain SELECT c FROM sbtest8 WHERE id=7770401
	Index Scan using sbtest8_pkey on sbtest8  (cost=0.43..8.45 rows=1 width=121)
	  Index Cond: (id = 7770401)

explain: for point_selects :: explain SELECT c FROM sbtest%u WHERE id=%u
for point_selects
table 1 : explain SELECT c FROM sbtest1 WHERE id=3965912
	Index Scan using sbtest1_pkey on sbtest1  (cost=0.43..8.45 rows=1 width=121)
	  Index Cond: (id = 3965912)

table 2 : explain SELECT c FROM sbtest2 WHERE id=1469261
	Index Scan using sbtest2_pkey on sbtest2  (cost=0.43..8.45 rows=1 width=121)
	  Index Cond: (id = 1469261)

table 3 : explain SELECT c FROM sbtest3 WHERE id=707253
	Index Scan using sbtest3_pkey on sbtest3  (cost=0.43..8.45 rows=1 width=121)
	  Index Cond: (id = 707253)

table 4 : explain SELECT c FROM sbtest4 WHERE id=652324
	Index Scan using sbtest4_pkey on sbtest4  (cost=0.43..8.45 rows=1 width=121)
	  Index Cond: (id = 652324)

table 5 : explain SELECT c FROM sbtest5 WHERE id=2800268
	Index Scan using sbtest5_pkey on sbtest5  (cost=0.43..8.45 rows=1 width=121)
	  Index Cond: (id = 2800268)

table 6 : explain SELECT c FROM sbtest6 WHERE id=449535
	Index Scan using sbtest6_pkey on sbtest6  (cost=0.43..8.45 rows=1 width=121)
	  Index Cond: (id = 449535)

table 7 : explain SELECT c FROM sbtest7 WHERE id=6682570
	Index Scan using sbtest7_pkey on sbtest7  (cost=0.43..8.45 rows=1 width=121)
	  Index Cond: (id = 6682570)

table 8 : explain SELECT c FROM sbtest8 WHERE id=6727040
	Index Scan using sbtest8_pkey on sbtest8  (cost=0.43..8.45 rows=1 width=121)
	  Index Cond: (id = 6727040)

for: simple_ranges
table 1 : explain SELECT c FROM sbtest1 WHERE id BETWEEN 2189563 AND 2190562
	Bitmap Heap Scan on sbtest1  (cost=30.18..3690.16 rows=951 width=121)
	  Recheck Cond: ((id >= 2189563) AND (id <= 2190562))
	  ->  Bitmap Index Scan on sbtest1_pkey  (cost=0.00..29.94 rows=951 width=0)
	        Index Cond: ((id >= 2189563) AND (id <= 2190562))

table 2 : explain SELECT c FROM sbtest2 WHERE id BETWEEN 5813075 AND 5814074
	Bitmap Heap Scan on sbtest2  (cost=35.57..4201.82 rows=1086 width=121)
	  Recheck Cond: ((id >= 5813075) AND (id <= 5814074))
	  ->  Bitmap Index Scan on sbtest2_pkey  (cost=0.00..35.30 rows=1086 width=0)
	        Index Cond: ((id >= 5813075) AND (id <= 5814074))

table 3 : explain SELECT c FROM sbtest3 WHERE id BETWEEN 9241241 AND 9242240
	Bitmap Heap Scan on sbtest3  (cost=30.26..3717.43 rows=959 width=121)
	  Recheck Cond: ((id >= 9241241) AND (id <= 9242240))
	  ->  Bitmap Index Scan on sbtest3_pkey  (cost=0.00..30.02 rows=959 width=0)
	        Index Cond: ((id >= 9241241) AND (id <= 9242240))

table 4 : explain SELECT c FROM sbtest4 WHERE id BETWEEN 3129658 AND 3130657
	Bitmap Heap Scan on sbtest4  (cost=30.52..3813.34 rows=984 width=121)
	  Recheck Cond: ((id >= 3129658) AND (id <= 3130657))
	  ->  Bitmap Index Scan on sbtest4_pkey  (cost=0.00..30.27 rows=984 width=0)
	        Index Cond: ((id >= 3129658) AND (id <= 3130657))

table 5 : explain SELECT c FROM sbtest5 WHERE id BETWEEN 7387057 AND 7388056
	Bitmap Heap Scan on sbtest5  (cost=31.21..4066.31 rows=1051 width=121)
	  Recheck Cond: ((id >= 7387057) AND (id <= 7388056))
	  ->  Bitmap Index Scan on sbtest5_pkey  (cost=0.00..30.94 rows=1051 width=0)
	        Index Cond: ((id >= 7387057) AND (id <= 7388056))

table 6 : explain SELECT c FROM sbtest6 WHERE id BETWEEN 8613163 AND 8614162
	Bitmap Heap Scan on sbtest6  (cost=29.80..3548.58 rows=914 width=121)
	  Recheck Cond: ((id >= 8613163) AND (id <= 8614162))
	  ->  Bitmap Index Scan on sbtest6_pkey  (cost=0.00..29.57 rows=914 width=0)
	        Index Cond: ((id >= 8613163) AND (id <= 8614162))

table 7 : explain SELECT c FROM sbtest7 WHERE id BETWEEN 7063865 AND 7064864
	Bitmap Heap Scan on sbtest7  (cost=30.34..3743.36 rows=966 width=121)
	  Recheck Cond: ((id >= 7063865) AND (id <= 7064864))
	  ->  Bitmap Index Scan on sbtest7_pkey  (cost=0.00..30.09 rows=966 width=0)
	        Index Cond: ((id >= 7063865) AND (id <= 7064864))

table 8 : explain SELECT c FROM sbtest8 WHERE id BETWEEN 5984064 AND 5985063
	Bitmap Heap Scan on sbtest8  (cost=29.80..3549.04 rows=914 width=121)
	  Recheck Cond: ((id >= 5984064) AND (id <= 5985063))
	  ->  Bitmap Index Scan on sbtest8_pkey  (cost=0.00..29.57 rows=914 width=0)
	        Index Cond: ((id >= 5984064) AND (id <= 5985063))

for: simple_ranges
table 1 : explain SELECT c FROM sbtest1 WHERE id BETWEEN 628821 AND 629820
	Bitmap Heap Scan on sbtest1  (cost=30.67..3871.54 rows=999 width=121)
	  Recheck Cond: ((id >= 628821) AND (id <= 629820))
	  ->  Bitmap Index Scan on sbtest1_pkey  (cost=0.00..30.43 rows=999 width=0)
	        Index Cond: ((id >= 628821) AND (id <= 629820))

table 2 : explain SELECT c FROM sbtest2 WHERE id BETWEEN 332799 AND 333798
	Bitmap Heap Scan on sbtest2  (cost=30.82..3922.83 rows=1013 width=121)
	  Recheck Cond: ((id >= 332799) AND (id <= 333798))
	  ->  Bitmap Index Scan on sbtest2_pkey  (cost=0.00..30.57 rows=1013 width=0)
	        Index Cond: ((id >= 332799) AND (id <= 333798))

table 3 : explain SELECT c FROM sbtest3 WHERE id BETWEEN 9443932 AND 9444931
	Bitmap Heap Scan on sbtest3  (cost=29.80..3547.38 rows=914 width=121)
	  Recheck Cond: ((id >= 9443932) AND (id <= 9444931))
	  ->  Bitmap Index Scan on sbtest3_pkey  (cost=0.00..29.57 rows=914 width=0)
	        Index Cond: ((id >= 9443932) AND (id <= 9444931))

table 4 : explain SELECT c FROM sbtest4 WHERE id BETWEEN 8717097 AND 8718096
	Bitmap Heap Scan on sbtest4  (cost=35.39..4137.77 rows=1069 width=121)
	  Recheck Cond: ((id >= 8717097) AND (id <= 8718096))
	  ->  Bitmap Index Scan on sbtest4_pkey  (cost=0.00..35.12 rows=1069 width=0)
	        Index Cond: ((id >= 8717097) AND (id <= 8718096))

table 5 : explain SELECT c FROM sbtest5 WHERE id BETWEEN 9568394 AND 9569393
	Bitmap Heap Scan on sbtest5  (cost=29.87..3571.74 rows=920 width=121)
	  Recheck Cond: ((id >= 9568394) AND (id <= 9569393))
	  ->  Bitmap Index Scan on sbtest5_pkey  (cost=0.00..29.64 rows=920 width=0)
	        Index Cond: ((id >= 9568394) AND (id <= 9569393))

table 6 : explain SELECT c FROM sbtest6 WHERE id BETWEEN 1062967 AND 1063966
	Bitmap Heap Scan on sbtest6  (cost=30.35..3748.94 rows=967 width=121)
	  Recheck Cond: ((id >= 1062967) AND (id <= 1063966))
	  ->  Bitmap Index Scan on sbtest6_pkey  (cost=0.00..30.11 rows=967 width=0)
	        Index Cond: ((id >= 1062967) AND (id <= 1063966))

table 7 : explain SELECT c FROM sbtest7 WHERE id BETWEEN 5819819 AND 5820818
	Bitmap Heap Scan on sbtest7  (cost=30.09..3652.74 rows=942 width=121)
	  Recheck Cond: ((id >= 5819819) AND (id <= 5820818))
	  ->  Bitmap Index Scan on sbtest7_pkey  (cost=0.00..29.86 rows=942 width=0)
	        Index Cond: ((id >= 5819819) AND (id <= 5820818))

table 8 : explain SELECT c FROM sbtest8 WHERE id BETWEEN 2441543 AND 2442542
	Bitmap Heap Scan on sbtest8  (cost=35.46..4164.46 rows=1076 width=121)
	  Recheck Cond: ((id >= 2441543) AND (id <= 2442542))
	  ->  Bitmap Index Scan on sbtest8_pkey  (cost=0.00..35.20 rows=1076 width=0)
	        Index Cond: ((id >= 2441543) AND (id <= 2442542))

explain: for point_selects :: explain SELECT c FROM sbtest%u WHERE id=%u
explain: for point_selects :: explain SELECT c FROM sbtest%u WHERE id=%u
explain: for point_selects :: explain SELECT c FROM sbtest%u WHERE id=%u
for point_selects
table 1 : explain SELECT c FROM sbtest1 WHERE id=4342307
	Index Scan using sbtest1_pkey on sbtest1  (cost=0.43..8.45 rows=1 width=121)
	  Index Cond: (id = 4342307)

table 2 : explain SELECT c FROM sbtest2 WHERE id=414524
	Index Scan using sbtest2_pkey on sbtest2  (cost=0.43..8.45 rows=1 width=121)
	  Index Cond: (id = 414524)

table 3 : explain SELECT c FROM sbtest3 WHERE id=4983638
	Index Scan using sbtest3_pkey on sbtest3  (cost=0.43..8.45 rows=1 width=121)
	  Index Cond: (id = 4983638)

table 4 : explain SELECT c FROM sbtest4 WHERE id=1366827
	Index Scan using sbtest4_pkey on sbtest4  (cost=0.43..8.45 rows=1 width=121)
	  Index Cond: (id = 1366827)

table 5 : explain SELECT c FROM sbtest5 WHERE id=7123161
	Index Scan using sbtest5_pkey on sbtest5  (cost=0.43..8.45 rows=1 width=121)
	  Index Cond: (id = 7123161)

table 6 : explain SELECT c FROM sbtest6 WHERE id=2289845
	Index Scan using sbtest6_pkey on sbtest6  (cost=0.43..8.45 rows=1 width=121)
	  Index Cond: (id = 2289845)

table 7 : explain SELECT c FROM sbtest7 WHERE id=6256628
	Index Scan using sbtest7_pkey on sbtest7  (cost=0.43..8.45 rows=1 width=121)
	  Index Cond: (id = 6256628)

table 8 : explain SELECT c FROM sbtest8 WHERE id=7394217
	Index Scan using sbtest8_pkey on sbtest8  (cost=0.43..8.45 rows=1 width=121)
	  Index Cond: (id = 7394217)

for: simple_ranges
table 1 : explain SELECT c FROM sbtest1 WHERE id BETWEEN 2457090 AND 2458089
	Bitmap Heap Scan on sbtest1  (cost=30.48..3799.78 rows=980 width=121)
	  Recheck Cond: ((id >= 2457090) AND (id <= 2458089))
	  ->  Bitmap Index Scan on sbtest1_pkey  (cost=0.00..30.23 rows=980 width=0)
	        Index Cond: ((id >= 2457090) AND (id <= 2458089))

table 2 : explain SELECT c FROM sbtest2 WHERE id BETWEEN 5998567 AND 5999566
	Bitmap Heap Scan on sbtest2  (cost=35.85..4307.12 rows=1114 width=121)
	  Recheck Cond: ((id >= 5998567) AND (id <= 5999566))
	  ->  Bitmap Index Scan on sbtest2_pkey  (cost=0.00..35.58 rows=1114 width=0)
	        Index Cond: ((id >= 5998567) AND (id <= 5999566))

table 3 : explain SELECT c FROM sbtest3 WHERE id BETWEEN 9470096 AND 9471095
	Bitmap Heap Scan on sbtest3  (cost=29.80..3547.38 rows=914 width=121)
	  Recheck Cond: ((id >= 9470096) AND (id <= 9471095))
	  ->  Bitmap Index Scan on sbtest3_pkey  (cost=0.00..29.57 rows=914 width=0)
	        Index Cond: ((id >= 9470096) AND (id <= 9471095))

table 4 : explain SELECT c FROM sbtest4 WHERE id BETWEEN 127464 AND 128463
	Bitmap Heap Scan on sbtest4  (cost=31.25..4081.06 rows=1055 width=121)
	  Recheck Cond: ((id >= 127464) AND (id <= 128463))
	  ->  Bitmap Index Scan on sbtest4_pkey  (cost=0.00..30.98 rows=1055 width=0)
	        Index Cond: ((id >= 127464) AND (id <= 128463))

table 5 : explain SELECT c FROM sbtest5 WHERE id BETWEEN 2470551 AND 2471550
	Bitmap Heap Scan on sbtest5  (cost=30.94..3968.33 rows=1025 width=121)
	  Recheck Cond: ((id >= 2470551) AND (id <= 2471550))
	  ->  Bitmap Index Scan on sbtest5_pkey  (cost=0.00..30.68 rows=1025 width=0)
	        Index Cond: ((id >= 2470551) AND (id <= 2471550))

table 6 : explain SELECT c FROM sbtest6 WHERE id BETWEEN 2334559 AND 2335558
	Bitmap Heap Scan on sbtest6  (cost=30.42..3775.37 rows=974 width=121)
	  Recheck Cond: ((id >= 2334559) AND (id <= 2335558))
	  ->  Bitmap Index Scan on sbtest6_pkey  (cost=0.00..30.18 rows=974 width=0)
	        Index Cond: ((id >= 2334559) AND (id <= 2335558))

table 7 : explain SELECT c FROM sbtest7 WHERE id BETWEEN 5497539 AND 5498538
	Bitmap Heap Scan on sbtest7  (cost=31.04..4003.48 rows=1035 width=121)
	  Recheck Cond: ((id >= 5497539) AND (id <= 5498538))
	  ->  Bitmap Index Scan on sbtest7_pkey  (cost=0.00..30.79 rows=1035 width=0)
	        Index Cond: ((id >= 5497539) AND (id <= 5498538))

table 8 : explain SELECT c FROM sbtest8 WHERE id BETWEEN 7644295 AND 7645294
	Bitmap Heap Scan on sbtest8  (cost=30.31..3734.32 rows=963 width=121)
	  Recheck Cond: ((id >= 7644295) AND (id <= 7645294))
	  ->  Bitmap Index Scan on sbtest8_pkey  (cost=0.00..30.07 rows=963 width=0)
	        Index Cond: ((id >= 7644295) AND (id <= 7645294))

explain: for point_selects :: explain SELECT c FROM sbtest%u WHERE id=%u
for: simple_ranges
table 1 : explain SELECT c FROM sbtest1 WHERE id BETWEEN 8994684 AND 8995683
	Bitmap Heap Scan on sbtest1  (cost=35.95..4342.76 rows=1123 width=121)
	  Recheck Cond: ((id >= 8994684) AND (id <= 8995683))
	  ->  Bitmap Index Scan on sbtest1_pkey  (cost=0.00..35.67 rows=1123 width=0)
	        Index Cond: ((id >= 8994684) AND (id <= 8995683))

table 2 : explain SELECT c FROM sbtest2 WHERE id BETWEEN 7184811 AND 7185810
	Bitmap Heap Scan on sbtest2  (cost=30.57..3832.27 rows=989 width=121)
	  Recheck Cond: ((id >= 7184811) AND (id <= 7185810))
	  ->  Bitmap Index Scan on sbtest2_pkey  (cost=0.00..30.32 rows=989 width=0)
	        Index Cond: ((id >= 7184811) AND (id <= 7185810))

table 3 : explain SELECT c FROM sbtest3 WHERE id BETWEEN 7821178 AND 7822177
	Bitmap Heap Scan on sbtest3  (cost=30.86..3936.22 rows=1017 width=121)
	  Recheck Cond: ((id >= 7821178) AND (id <= 7822177))
	  ->  Bitmap Index Scan on sbtest3_pkey  (cost=0.00..30.61 rows=1017 width=0)
	        Index Cond: ((id >= 7821178) AND (id <= 7822177))

table 4 : explain SELECT c FROM sbtest4 WHERE id BETWEEN 7505468 AND 7506467
	Bitmap Heap Scan on sbtest4  (cost=30.44..3783.14 rows=976 width=121)
	  Recheck Cond: ((id >= 7505468) AND (id <= 7506467))
	  ->  Bitmap Index Scan on sbtest4_pkey  (cost=0.00..30.19 rows=976 width=0)
	        Index Cond: ((id >= 7505468) AND (id <= 7506467))

table 5 : explain SELECT c FROM sbtest5 WHERE id BETWEEN 6173921 AND 6174920
	Bitmap Heap Scan on sbtest5  (cost=30.63..3855.16 rows=995 width=121)
	  Recheck Cond: ((id >= 6173921) AND (id <= 6174920))
	  ->  Bitmap Index Scan on sbtest5_pkey  (cost=0.00..30.39 rows=995 width=0)
	        Index Cond: ((id >= 6173921) AND (id <= 6174920))

table 6 : explain SELECT c FROM sbtest6 WHERE id BETWEEN 231512 AND 232511
	Bitmap Heap Scan on sbtest6  (cost=35.42..4148.82 rows=1072 width=121)
	  Recheck Cond: ((id >= 231512) AND (id <= 232511))
	  ->  Bitmap Index Scan on sbtest6_pkey  (cost=0.00..35.16 rows=1072 width=0)
	        Index Cond: ((id >= 231512) AND (id <= 232511))

table 7 : explain SELECT c FROM sbtest7 WHERE id BETWEEN 6836664 AND 6837663
	Bitmap Heap Scan on sbtest7  (cost=30.98..3980.88 rows=1029 width=121)
	  Recheck Cond: ((id >= 6836664) AND (id <= 6837663))
	  ->  Bitmap Index Scan on sbtest7_pkey  (cost=0.00..30.72 rows=1029 width=0)
	        Index Cond: ((id >= 6836664) AND (id <= 6837663))

table 8 : explain SELECT c FROM sbtest8 WHERE id BETWEEN 6866705 AND 6867704
	Bitmap Heap Scan on sbtest8  (cost=35.41..4145.64 rows=1071 width=121)
	  Recheck Cond: ((id >= 6866705) AND (id <= 6867704))
	  ->  Bitmap Index Scan on sbtest8_pkey  (cost=0.00..35.15 rows=1071 width=0)
	        Index Cond: ((id >= 6866705) AND (id <= 6867704))

for point_selects
table 1 : explain SELECT c FROM sbtest1 WHERE id=8334629
	Index Scan using sbtest1_pkey on sbtest1  (cost=0.43..8.45 rows=1 width=121)
	  Index Cond: (id = 8334629)

table 2 : explain SELECT c FROM sbtest2 WHERE id=1511824
	Index Scan using sbtest2_pkey on sbtest2  (cost=0.43..8.45 rows=1 width=121)
	  Index Cond: (id = 1511824)

table 3 : explain SELECT c FROM sbtest3 WHERE id=1603256
	Index Scan using sbtest3_pkey on sbtest3  (cost=0.43..8.45 rows=1 width=121)
	  Index Cond: (id = 1603256)

table 4 : explain SELECT c FROM sbtest4 WHERE id=4309143
	Index Scan using sbtest4_pkey on sbtest4  (cost=0.43..8.45 rows=1 width=121)
	  Index Cond: (id = 4309143)

table 5 : explain SELECT c FROM sbtest5 WHERE id=2831923
	Index Scan using sbtest5_pkey on sbtest5  (cost=0.43..8.45 rows=1 width=121)
	  Index Cond: (id = 2831923)

table 6 : explain SELECT c FROM sbtest6 WHERE id=9179177
	Index Scan using sbtest6_pkey on sbtest6  (cost=0.43..8.45 rows=1 width=121)
	  Index Cond: (id = 9179177)

table 7 : explain SELECT c FROM sbtest7 WHERE id=4946706
	Index Scan using sbtest7_pkey on sbtest7  (cost=0.43..8.45 rows=1 width=121)
	  Index Cond: (id = 4946706)

table 8 : explain SELECT c FROM sbtest8 WHERE id=578872
	Index Scan using sbtest8_pkey on sbtest8  (cost=0.43..8.45 rows=1 width=121)
	  Index Cond: (id = 578872)

for point_selects
table 1 : explain SELECT c FROM sbtest1 WHERE id=2139233
	Index Scan using sbtest1_pkey on sbtest1  (cost=0.43..8.45 rows=1 width=121)
	  Index Cond: (id = 2139233)

table 2 : explain SELECT c FROM sbtest2 WHERE id=6545704
	Index Scan using sbtest2_pkey on sbtest2  (cost=0.43..8.45 rows=1 width=121)
	  Index Cond: (id = 6545704)

table 3 : explain SELECT c FROM sbtest3 WHERE id=4896514
	Index Scan using sbtest3_pkey on sbtest3  (cost=0.43..8.45 rows=1 width=121)
	  Index Cond: (id = 4896514)

table 4 : explain SELECT c FROM sbtest4 WHERE id=940781
	Index Scan using sbtest4_pkey on sbtest4  (cost=0.43..8.45 rows=1 width=121)
	  Index Cond: (id = 940781)

table 5 : explain SELECT c FROM sbtest5 WHERE id=301830
	Index Scan using sbtest5_pkey on sbtest5  (cost=0.43..8.45 rows=1 width=121)
	  Index Cond: (id = 301830)

table 6 : explain SELECT c FROM sbtest6 WHERE id=1131724
	Index Scan using sbtest6_pkey on sbtest6  (cost=0.43..8.45 rows=1 width=121)
	  Index Cond: (id = 1131724)

table 7 : explain SELECT c FROM sbtest7 WHERE id=2785387
	Index Scan using sbtest7_pkey on sbtest7  (cost=0.43..8.45 rows=1 width=121)
	  Index Cond: (id = 2785387)

table 8 : explain SELECT c FROM sbtest8 WHERE id=4999277
	Index Scan using sbtest8_pkey on sbtest8  (cost=0.43..8.45 rows=1 width=121)
	  Index Cond: (id = 4999277)

explain: for point_selects :: explain SELECT c FROM sbtest%u WHERE id=%u
for: simple_ranges
table 1 : explain SELECT c FROM sbtest1 WHERE id BETWEEN 6813324 AND 6814323
	Bitmap Heap Scan on sbtest1  (cost=29.53..3447.87 rows=887 width=121)
	  Recheck Cond: ((id >= 6813324) AND (id <= 6814323))
	  ->  Bitmap Index Scan on sbtest1_pkey  (cost=0.00..29.30 rows=887 width=0)
	        Index Cond: ((id >= 6813324) AND (id <= 6814323))

table 2 : explain SELECT c FROM sbtest2 WHERE id BETWEEN 4465664 AND 4466663
	Bitmap Heap Scan on sbtest2  (cost=29.33..3374.61 rows=868 width=121)
	  Recheck Cond: ((id >= 4465664) AND (id <= 4466663))
	  ->  Bitmap Index Scan on sbtest2_pkey  (cost=0.00..29.11 rows=868 width=0)
	        Index Cond: ((id >= 4465664) AND (id <= 4466663))

table 3 : explain SELECT c FROM sbtest3 WHERE id BETWEEN 4808253 AND 4809252
	Bitmap Heap Scan on sbtest3  (cost=29.43..3411.14 rows=878 width=121)
	  Recheck Cond: ((id >= 4808253) AND (id <= 4809252))
	  ->  Bitmap Index Scan on sbtest3_pkey  (cost=0.00..29.21 rows=878 width=0)
	        Index Cond: ((id >= 4808253) AND (id <= 4809252))

table 4 : explain SELECT c FROM sbtest4 WHERE id BETWEEN 1655554 AND 1656553
	Bitmap Heap Scan on sbtest4  (cost=30.89..3949.16 rows=1020 width=121)
	  Recheck Cond: ((id >= 1655554) AND (id <= 1656553))
	  ->  Bitmap Index Scan on sbtest4_pkey  (cost=0.00..30.64 rows=1020 width=0)
	        Index Cond: ((id >= 1655554) AND (id <= 1656553))

table 5 : explain SELECT c FROM sbtest5 WHERE id BETWEEN 7778719 AND 7779718
	Bitmap Heap Scan on sbtest5  (cost=30.74..3892.89 rows=1005 width=121)
	  Recheck Cond: ((id >= 7778719) AND (id <= 7779718))
	  ->  Bitmap Index Scan on sbtest5_pkey  (cost=0.00..30.48 rows=1005 width=0)
	        Index Cond: ((id >= 7778719) AND (id <= 7779718))

table 6 : explain SELECT c FROM sbtest6 WHERE id BETWEEN 6638054 AND 6639053
	Bitmap Heap Scan on sbtest6  (cost=30.96..3975.32 rows=1027 width=121)
	  Recheck Cond: ((id >= 6638054) AND (id <= 6639053))
	  ->  Bitmap Index Scan on sbtest6_pkey  (cost=0.00..30.70 rows=1027 width=0)
	        Index Cond: ((id >= 6638054) AND (id <= 6639053))

table 7 : explain SELECT c FROM sbtest7 WHERE id BETWEEN 9203225 AND 9204224
	Bitmap Heap Scan on sbtest7  (cost=30.23..3705.61 rows=956 width=121)
	  Recheck Cond: ((id >= 9203225) AND (id <= 9204224))
	  ->  Bitmap Index Scan on sbtest7_pkey  (cost=0.00..30.00 rows=956 width=0)
	        Index Cond: ((id >= 9203225) AND (id <= 9204224))

table 8 : explain SELECT c FROM sbtest8 WHERE id BETWEEN 9351360 AND 9352359
	Bitmap Heap Scan on sbtest8  (cost=30.64..3858.94 rows=996 width=121)
	  Recheck Cond: ((id >= 9351360) AND (id <= 9352359))
	  ->  Bitmap Index Scan on sbtest8_pkey  (cost=0.00..30.39 rows=996 width=0)
	        Index Cond: ((id >= 9351360) AND (id <= 9352359))

for: simple_ranges
table 1 : explain SELECT c FROM sbtest1 WHERE id BETWEEN 7254819 AND 7255818
	Bitmap Heap Scan on sbtest1  (cost=30.24..3712.85 rows=957 width=121)
	  Recheck Cond: ((id >= 7254819) AND (id <= 7255818))
	  ->  Bitmap Index Scan on sbtest1_pkey  (cost=0.00..30.00 rows=957 width=0)
	        Index Cond: ((id >= 7254819) AND (id <= 7255818))

table 2 : explain SELECT c FROM sbtest2 WHERE id BETWEEN 9285960 AND 9286959
	Bitmap Heap Scan on sbtest2  (cost=30.67..3870.01 rows=999 width=121)
	  Recheck Cond: ((id >= 9285960) AND (id <= 9286959))
	  ->  Bitmap Index Scan on sbtest2_pkey  (cost=0.00..30.43 rows=999 width=0)
	        Index Cond: ((id >= 9285960) AND (id <= 9286959))

table 3 : explain SELECT c FROM sbtest3 WHERE id BETWEEN 394920 AND 395919
	Bitmap Heap Scan on sbtest3  (cost=30.76..3898.52 rows=1007 width=121)
	  Recheck Cond: ((id >= 394920) AND (id <= 395919))
	  ->  Bitmap Index Scan on sbtest3_pkey  (cost=0.00..30.50 rows=1007 width=0)
	        Index Cond: ((id >= 394920) AND (id <= 395919))

table 4 : explain SELECT c FROM sbtest4 WHERE id BETWEEN 7716135 AND 7717134
	Bitmap Heap Scan on sbtest4  (cost=31.12..4032.09 rows=1042 width=121)
	  Recheck Cond: ((id >= 7716135) AND (id <= 7717134))
	  ->  Bitmap Index Scan on sbtest4_pkey  (cost=0.00..30.86 rows=1042 width=0)
	        Index Cond: ((id >= 7716135) AND (id <= 7717134))

table 5 : explain SELECT c FROM sbtest5 WHERE id BETWEEN 1868275 AND 1869274
	Bitmap Heap Scan on sbtest5  (cost=30.85..3934.39 rows=1016 width=121)
	  Recheck Cond: ((id >= 1868275) AND (id <= 1869274))
	  ->  Bitmap Index Scan on sbtest5_pkey  (cost=0.00..30.59 rows=1016 width=0)
	        Index Cond: ((id >= 1868275) AND (id <= 1869274))

table 6 : explain SELECT c FROM sbtest6 WHERE id BETWEEN 2619242 AND 2620241
	Bitmap Heap Scan on sbtest6  (cost=30.87..3941.39 rows=1018 width=121)
	  Recheck Cond: ((id >= 2619242) AND (id <= 2620241))
	  ->  Bitmap Index Scan on sbtest6_pkey  (cost=0.00..30.61 rows=1018 width=0)
	        Index Cond: ((id >= 2619242) AND (id <= 2620241))

table 7 : explain SELECT c FROM sbtest7 WHERE id BETWEEN 735278 AND 736277
	Bitmap Heap Scan on sbtest7  (cost=30.84..3928.14 rows=1015 width=121)
	  Recheck Cond: ((id >= 735278) AND (id <= 736277))
	  ->  Bitmap Index Scan on sbtest7_pkey  (cost=0.00..30.58 rows=1015 width=0)
	        Index Cond: ((id >= 735278) AND (id <= 736277))

table 8 : explain SELECT c FROM sbtest8 WHERE id BETWEEN 5394482 AND 5395481
	Bitmap Heap Scan on sbtest8  (cost=35.11..4032.64 rows=1041 width=121)
	  Recheck Cond: ((id >= 5394482) AND (id <= 5395481))
	  ->  Bitmap Index Scan on sbtest8_pkey  (cost=0.00..34.84 rows=1041 width=0)
	        Index Cond: ((id >= 5394482) AND (id <= 5395481))

for point_selects
table 1 : explain SELECT c FROM sbtest1 WHERE id=6173637
	Index Scan using sbtest1_pkey on sbtest1  (cost=0.43..8.45 rows=1 width=121)
	  Index Cond: (id = 6173637)

table 2 : explain SELECT c FROM sbtest2 WHERE id=6097252
	Index Scan using sbtest2_pkey on sbtest2  (cost=0.43..8.45 rows=1 width=121)
	  Index Cond: (id = 6097252)

table 3 : explain SELECT c FROM sbtest3 WHERE id=6215755
	Index Scan using sbtest3_pkey on sbtest3  (cost=0.43..8.45 rows=1 width=121)
	  Index Cond: (id = 6215755)

table 4 : explain SELECT c FROM sbtest4 WHERE id=6746285
	Index Scan using sbtest4_pkey on sbtest4  (cost=0.43..8.45 rows=1 width=121)
	  Index Cond: (id = 6746285)

table 5 : explain SELECT c FROM sbtest5 WHERE id=6194979
	Index Scan using sbtest5_pkey on sbtest5  (cost=0.43..8.45 rows=1 width=121)
	  Index Cond: (id = 6194979)

table 6 : explain SELECT c FROM sbtest6 WHERE id=8038396
	Index Scan using sbtest6_pkey on sbtest6  (cost=0.43..8.45 rows=1 width=121)
	  Index Cond: (id = 8038396)

table 7 : explain SELECT c FROM sbtest7 WHERE id=7844890
	Index Scan using sbtest7_pkey on sbtest7  (cost=0.43..8.45 rows=1 width=121)
	  Index Cond: (id = 7844890)

table 8 : explain SELECT c FROM sbtest8 WHERE id=8088095
	Index Scan using sbtest8_pkey on sbtest8  (cost=0.43..8.45 rows=1 width=121)
	  Index Cond: (id = 8088095)

explain: for point_selects :: explain SELECT c FROM sbtest%u WHERE id=%u
for: simple_ranges
table 1 : explain SELECT c FROM sbtest1 WHERE id BETWEEN 2393821 AND 2394820
	Bitmap Heap Scan on sbtest1  (cost=30.48..3799.78 rows=980 width=121)
	  Recheck Cond: ((id >= 2393821) AND (id <= 2394820))
	  ->  Bitmap Index Scan on sbtest1_pkey  (cost=0.00..30.23 rows=980 width=0)
	        Index Cond: ((id >= 2393821) AND (id <= 2394820))

table 2 : explain SELECT c FROM sbtest2 WHERE id BETWEEN 8374259 AND 8375258
	Bitmap Heap Scan on sbtest2  (cost=31.15..4043.45 rows=1045 width=121)
	  Recheck Cond: ((id >= 8374259) AND (id <= 8375258))
	  ->  Bitmap Index Scan on sbtest2_pkey  (cost=0.00..30.89 rows=1045 width=0)
	        Index Cond: ((id >= 8374259) AND (id <= 8375258))

table 3 : explain SELECT c FROM sbtest3 WHERE id BETWEEN 9947710 AND 9948709
	Bitmap Heap Scan on sbtest3  (cost=31.03..4000.26 rows=1034 width=121)
	  Recheck Cond: ((id >= 9947710) AND (id <= 9948709))
	  ->  Bitmap Index Scan on sbtest3_pkey  (cost=0.00..30.77 rows=1034 width=0)
	        Index Cond: ((id >= 9947710) AND (id <= 9948709))

table 4 : explain SELECT c FROM sbtest4 WHERE id BETWEEN 5554245 AND 5555244
	Bitmap Heap Scan on sbtest4  (cost=30.33..3741.59 rows=965 width=121)
	  Recheck Cond: ((id >= 5554245) AND (id <= 5555244))
	  ->  Bitmap Index Scan on sbtest4_pkey  (cost=0.00..30.08 rows=965 width=0)
	        Index Cond: ((id >= 5554245) AND (id <= 5555244))

table 5 : explain SELECT c FROM sbtest5 WHERE id BETWEEN 2674413 AND 2675412
	Bitmap Heap Scan on sbtest5  (cost=31.27..4088.91 rows=1057 width=121)
	  Recheck Cond: ((id >= 2674413) AND (id <= 2675412))
	  ->  Bitmap Index Scan on sbtest5_pkey  (cost=0.00..31.00 rows=1057 width=0)
	        Index Cond: ((id >= 2674413) AND (id <= 2675412))

table 6 : explain SELECT c FROM sbtest6 WHERE id BETWEEN 4407316 AND 4408315
	Bitmap Heap Scan on sbtest6  (cost=30.92..3960.25 rows=1023 width=121)
	  Recheck Cond: ((id >= 4407316) AND (id <= 4408315))
	  ->  Bitmap Index Scan on sbtest6_pkey  (cost=0.00..30.66 rows=1023 width=0)
	        Index Cond: ((id >= 4407316) AND (id <= 4408315))

table 7 : explain SELECT c FROM sbtest7 WHERE id BETWEEN 8484332 AND 8485331
	Bitmap Heap Scan on sbtest7  (cost=30.72..3882.92 rows=1003 width=121)
	  Recheck Cond: ((id >= 8484332) AND (id <= 8485331))
	  ->  Bitmap Index Scan on sbtest7_pkey  (cost=0.00..30.46 rows=1003 width=0)
	        Index Cond: ((id >= 8484332) AND (id <= 8485331))

table 8 : explain SELECT c FROM sbtest8 WHERE id BETWEEN 2016032 AND 2017031
	Bitmap Heap Scan on sbtest8  (cost=35.11..4032.64 rows=1041 width=121)
	  Recheck Cond: ((id >= 2016032) AND (id <= 2017031))
	  ->  Bitmap Index Scan on sbtest8_pkey  (cost=0.00..34.84 rows=1041 width=0)
	        Index Cond: ((id >= 2016032) AND (id <= 2017031))

explain: for point_selects :: explain SELECT c FROM sbtest%u WHERE id=%u
for point_selects
table 1 : explain SELECT c FROM sbtest1 WHERE id=8539731
	Index Scan using sbtest1_pkey on sbtest1  (cost=0.43..8.45 rows=1 width=121)
	  Index Cond: (id = 8539731)

table 2 : explain SELECT c FROM sbtest2 WHERE id=6633991
	Index Scan using sbtest2_pkey on sbtest2  (cost=0.43..8.45 rows=1 width=121)
	  Index Cond: (id = 6633991)

table 3 : explain SELECT c FROM sbtest3 WHERE id=784010
	Index Scan using sbtest3_pkey on sbtest3  (cost=0.43..8.45 rows=1 width=121)
	  Index Cond: (id = 784010)

table 4 : explain SELECT c FROM sbtest4 WHERE id=1518904
	Index Scan using sbtest4_pkey on sbtest4  (cost=0.43..8.45 rows=1 width=121)
	  Index Cond: (id = 1518904)

table 5 : explain SELECT c FROM sbtest5 WHERE id=5235251
	Index Scan using sbtest5_pkey on sbtest5  (cost=0.43..8.45 rows=1 width=121)
	  Index Cond: (id = 5235251)

table 6 : explain SELECT c FROM sbtest6 WHERE id=5198363
	Index Scan using sbtest6_pkey on sbtest6  (cost=0.43..8.45 rows=1 width=121)
	  Index Cond: (id = 5198363)

table 7 : explain SELECT c FROM sbtest7 WHERE id=8739362
	Index Scan using sbtest7_pkey on sbtest7  (cost=0.43..8.45 rows=1 width=121)
	  Index Cond: (id = 8739362)

table 8 : explain SELECT c FROM sbtest8 WHERE id=2720587
	Index Scan using sbtest8_pkey on sbtest8  (cost=0.43..8.45 rows=1 width=121)
	  Index Cond: (id = 2720587)

explain: for point_selects :: explain SELECT c FROM sbtest%u WHERE id=%u
for: sum_ranges
table 1 : explain SELECT SUM(k) FROM sbtest1 WHERE id BETWEEN 88078 AND 89077
	Aggregate  (cost=3628.19..3628.20 rows=1 width=8)
	  ->  Bitmap Heap Scan on sbtest1  (cost=30.01..3625.86 rows=934 width=4)
	        Recheck Cond: ((id >= 88078) AND (id <= 89077))
	        ->  Bitmap Index Scan on sbtest1_pkey  (cost=0.00..29.77 rows=934 width=0)
	              Index Cond: ((id >= 88078) AND (id <= 89077))

table 2 : explain SELECT SUM(k) FROM sbtest2 WHERE id BETWEEN 9670903 AND 9671902
	Aggregate  (cost=3895.16..3895.17 rows=1 width=8)
	  ->  Bitmap Heap Scan on sbtest2  (cost=30.74..3892.65 rows=1005 width=4)
	        Recheck Cond: ((id >= 9670903) AND (id <= 9671902))
	        ->  Bitmap Index Scan on sbtest2_pkey  (cost=0.00..30.48 rows=1005 width=0)
	              Index Cond: ((id >= 9670903) AND (id <= 9671902))

table 3 : explain SELECT SUM(k) FROM sbtest3 WHERE id BETWEEN 4057622 AND 4058621
	Aggregate  (cost=3659.35..3659.36 rows=1 width=8)
	  ->  Bitmap Heap Scan on sbtest3  (cost=30.10..3657.00 rows=943 width=4)
	        Recheck Cond: ((id >= 4057622) AND (id <= 4058621))
	        ->  Bitmap Index Scan on sbtest3_pkey  (cost=0.00..29.86 rows=943 width=0)
	              Index Cond: ((id >= 4057622) AND (id <= 4058621))

table 4 : explain SELECT SUM(k) FROM sbtest4 WHERE id BETWEEN 7254304 AND 7255303
	Aggregate  (cost=3755.34..3755.35 rows=1 width=8)
	  ->  Bitmap Heap Scan on sbtest4  (cost=30.36..3752.92 rows=968 width=4)
	        Recheck Cond: ((id >= 7254304) AND (id <= 7255303))
	        ->  Bitmap Index Scan on sbtest4_pkey  (cost=0.00..30.11 rows=968 width=0)
	              Index Cond: ((id >= 7254304) AND (id <= 7255303))

table 5 : explain SELECT SUM(k) FROM sbtest5 WHERE id BETWEEN 2606681 AND 2607680
	Aggregate  (cost=4091.56..4091.57 rows=1 width=8)
	  ->  Bitmap Heap Scan on sbtest5  (cost=31.27..4088.91 rows=1057 width=4)
	        Recheck Cond: ((id >= 2606681) AND (id <= 2607680))
	        ->  Bitmap Index Scan on sbtest5_pkey  (cost=0.00..31.00 rows=1057 width=0)
	              Index Cond: ((id >= 2606681) AND (id <= 2607680))

table 6 : explain SELECT SUM(k) FROM sbtest6 WHERE id BETWEEN 1032344 AND 1033343
	Aggregate  (cost=3751.35..3751.36 rows=1 width=8)
	  ->  Bitmap Heap Scan on sbtest6  (cost=30.35..3748.94 rows=967 width=4)
	        Recheck Cond: ((id >= 1032344) AND (id <= 1033343))
	        ->  Bitmap Index Scan on sbtest6_pkey  (cost=0.00..30.11 rows=967 width=0)
	              Index Cond: ((id >= 1032344) AND (id <= 1033343))

table 7 : explain SELECT SUM(k) FROM sbtest7 WHERE id BETWEEN 3243369 AND 3244368
	Aggregate  (cost=3726.89..3726.90 rows=1 width=8)
	  ->  Bitmap Heap Scan on sbtest7  (cost=30.29..3724.48 rows=961 width=4)
	        Recheck Cond: ((id >= 3243369) AND (id <= 3244368))
	        ->  Bitmap Index Scan on sbtest7_pkey  (cost=0.00..30.04 rows=961 width=0)
	              Index Cond: ((id >= 3243369) AND (id <= 3244368))

table 8 : explain SELECT SUM(k) FROM sbtest8 WHERE id BETWEEN 6455843 AND 6456842
	Aggregate  (cost=4140.78..4140.79 rows=1 width=8)
	  ->  Bitmap Heap Scan on sbtest8  (cost=35.39..4138.11 rows=1069 width=4)
	        Recheck Cond: ((id >= 6455843) AND (id <= 6456842))
	        ->  Bitmap Index Scan on sbtest8_pkey  (cost=0.00..35.12 rows=1069 width=0)
	              Index Cond: ((id >= 6455843) AND (id <= 6456842))

for point_selects
table 1 : explain SELECT c FROM sbtest1 WHERE id=2048425
	Index Scan using sbtest1_pkey on sbtest1  (cost=0.43..8.45 rows=1 width=121)
	  Index Cond: (id = 2048425)

table 2 : explain SELECT c FROM sbtest2 WHERE id=7565722
	Index Scan using sbtest2_pkey on sbtest2  (cost=0.43..8.45 rows=1 width=121)
	  Index Cond: (id = 7565722)

table 3 : explain SELECT c FROM sbtest3 WHERE id=1988703
	Index Scan using sbtest3_pkey on sbtest3  (cost=0.43..8.45 rows=1 width=121)
	  Index Cond: (id = 1988703)

table 4 : explain SELECT c FROM sbtest4 WHERE id=3904167
	Index Scan using sbtest4_pkey on sbtest4  (cost=0.43..8.45 rows=1 width=121)
	  Index Cond: (id = 3904167)

table 5 : explain SELECT c FROM sbtest5 WHERE id=1804716
	Index Scan using sbtest5_pkey on sbtest5  (cost=0.43..8.45 rows=1 width=121)
	  Index Cond: (id = 1804716)

table 6 : explain SELECT c FROM sbtest6 WHERE id=4364304
	Index Scan using sbtest6_pkey on sbtest6  (cost=0.43..8.45 rows=1 width=121)
	  Index Cond: (id = 4364304)

table 7 : explain SELECT c FROM sbtest7 WHERE id=6102699
	Index Scan using sbtest7_pkey on sbtest7  (cost=0.43..8.45 rows=1 width=121)
	  Index Cond: (id = 6102699)

table 8 : explain SELECT c FROM sbtest8 WHERE id=7786496
	Index Scan using sbtest8_pkey on sbtest8  (cost=0.43..8.45 rows=1 width=121)
	  Index Cond: (id = 7786496)

for: sum_ranges
table 1 : explain SELECT SUM(k) FROM sbtest1 WHERE id BETWEEN 7975275 AND 7976274
	Aggregate  (cost=3870.26..3870.27 rows=1 width=8)
	  ->  Bitmap Heap Scan on sbtest1  (cost=30.66..3867.76 rows=998 width=4)
	        Recheck Cond: ((id >= 7975275) AND (id <= 7976274))
	        ->  Bitmap Index Scan on sbtest1_pkey  (cost=0.00..30.41 rows=998 width=0)
	              Index Cond: ((id >= 7975275) AND (id <= 7976274))

table 2 : explain SELECT SUM(k) FROM sbtest2 WHERE id BETWEEN 3199744 AND 3200743
	Aggregate  (cost=3804.53..3804.54 rows=1 width=8)
	  ->  Bitmap Heap Scan on sbtest2  (cost=30.49..3802.07 rows=981 width=4)
	        Recheck Cond: ((id >= 3199744) AND (id <= 3200743))
	        ->  Bitmap Index Scan on sbtest2_pkey  (cost=0.00..30.25 rows=981 width=0)
	              Index Cond: ((id >= 3199744) AND (id <= 3200743))

table 3 : explain SELECT SUM(k) FROM sbtest3 WHERE id BETWEEN 1611883 AND 1612882
	Aggregate  (cost=3901.04..3901.05 rows=1 width=8)
	  ->  Bitmap Heap Scan on sbtest3  (cost=30.76..3898.52 rows=1007 width=4)
	        Recheck Cond: ((id >= 1611883) AND (id <= 1612882))
	        ->  Bitmap Index Scan on sbtest3_pkey  (cost=0.00..30.50 rows=1007 width=0)
	              Index Cond: ((id >= 1611883) AND (id <= 1612882))

table 4 : explain SELECT SUM(k) FROM sbtest4 WHERE id BETWEEN 1377735 AND 1378734
	Aggregate  (cost=4076.16..4076.17 rows=1 width=8)
	  ->  Bitmap Heap Scan on sbtest4  (cost=31.23..4073.52 rows=1053 width=4)
	        Recheck Cond: ((id >= 1377735) AND (id <= 1378734))
	        ->  Bitmap Index Scan on sbtest4_pkey  (cost=0.00..30.96 rows=1053 width=0)
	              Index Cond: ((id >= 1377735) AND (id <= 1378734))

table 5 : explain SELECT SUM(k) FROM sbtest5 WHERE id BETWEEN 2205154 AND 2206153
	Aggregate  (cost=3868.97..3868.98 rows=1 width=8)
	  ->  Bitmap Heap Scan on sbtest5  (cost=30.66..3866.48 rows=998 width=4)
	        Recheck Cond: ((id >= 2205154) AND (id <= 2206153))
	        ->  Bitmap Index Scan on sbtest5_pkey  (cost=0.00..30.41 rows=998 width=0)
	              Index Cond: ((id >= 2205154) AND (id <= 2206153))

table 6 : explain SELECT SUM(k) FROM sbtest6 WHERE id BETWEEN 4638442 AND 4639441
	Aggregate  (cost=3781.59..3781.60 rows=1 width=8)
	  ->  Bitmap Heap Scan on sbtest6  (cost=30.43..3779.15 rows=975 width=4)
	        Recheck Cond: ((id >= 4638442) AND (id <= 4639441))
	        ->  Bitmap Index Scan on sbtest6_pkey  (cost=0.00..30.18 rows=975 width=0)
	              Index Cond: ((id >= 4638442) AND (id <= 4639441))

table 7 : explain SELECT SUM(k) FROM sbtest7 WHERE id BETWEEN 4578402 AND 4579401
	Aggregate  (cost=3968.38..3968.39 rows=1 width=8)
	  ->  Bitmap Heap Scan on sbtest7  (cost=30.94..3965.81 rows=1025 width=4)
	        Recheck Cond: ((id >= 4578402) AND (id <= 4579401))
	        ->  Bitmap Index Scan on sbtest7_pkey  (cost=0.00..30.68 rows=1025 width=0)
	              Index Cond: ((id >= 4578402) AND (id <= 4579401))

table 8 : explain SELECT SUM(k) FROM sbtest8 WHERE id BETWEEN 6178287 AND 6179286
	Aggregate  (cost=3940.71..3940.72 rows=1 width=8)
	  ->  Bitmap Heap Scan on sbtest8  (cost=30.86..3938.16 rows=1017 width=4)
	        Recheck Cond: ((id >= 6178287) AND (id <= 6179286))
	        ->  Bitmap Index Scan on sbtest8_pkey  (cost=0.00..30.61 rows=1017 width=0)
	              Index Cond: ((id >= 6178287) AND (id <= 6179286))

for point_selects
table 1 : explain SELECT c FROM sbtest1 WHERE id=8911394
	Index Scan using sbtest1_pkey on sbtest1  (cost=0.43..8.45 rows=1 width=121)
	  Index Cond: (id = 8911394)

table 2 : explain SELECT c FROM sbtest2 WHERE id=6518969
	Index Scan using sbtest2_pkey on sbtest2  (cost=0.43..8.45 rows=1 width=121)
	  Index Cond: (id = 6518969)

table 3 : explain SELECT c FROM sbtest3 WHERE id=579096
	Index Scan using sbtest3_pkey on sbtest3  (cost=0.43..8.45 rows=1 width=121)
	  Index Cond: (id = 579096)

table 4 : explain SELECT c FROM sbtest4 WHERE id=2051591
	Index Scan using sbtest4_pkey on sbtest4  (cost=0.43..8.45 rows=1 width=121)
	  Index Cond: (id = 2051591)

table 5 : explain SELECT c FROM sbtest5 WHERE id=8826017
	Index Scan using sbtest5_pkey on sbtest5  (cost=0.43..8.45 rows=1 width=121)
	  Index Cond: (id = 8826017)

table 6 : explain SELECT c FROM sbtest6 WHERE id=9563483
	Index Scan using sbtest6_pkey on sbtest6  (cost=0.43..8.45 rows=1 width=121)
	  Index Cond: (id = 9563483)

table 7 : explain SELECT c FROM sbtest7 WHERE id=4678351
	Index Scan using sbtest7_pkey on sbtest7  (cost=0.43..8.45 rows=1 width=121)
	  Index Cond: (id = 4678351)

table 8 : explain SELECT c FROM sbtest8 WHERE id=2156446
	Index Scan using sbtest8_pkey on sbtest8  (cost=0.43..8.45 rows=1 width=121)
	  Index Cond: (id = 2156446)

for: simple_ranges
table 1 : explain SELECT c FROM sbtest1 WHERE id BETWEEN 1135070 AND 1136069
	Bitmap Heap Scan on sbtest1  (cost=31.15..4045.08 rows=1045 width=121)
	  Recheck Cond: ((id >= 1135070) AND (id <= 1136069))
	  ->  Bitmap Index Scan on sbtest1_pkey  (cost=0.00..30.89 rows=1045 width=0)
	        Index Cond: ((id >= 1135070) AND (id <= 1136069))

table 2 : explain SELECT c FROM sbtest2 WHERE id BETWEEN 8463692 AND 8464691
	Bitmap Heap Scan on sbtest2  (cost=30.95..3971.85 rows=1026 width=121)
	  Recheck Cond: ((id >= 8463692) AND (id <= 8464691))
	  ->  Bitmap Index Scan on sbtest2_pkey  (cost=0.00..30.69 rows=1026 width=0)
	        Index Cond: ((id >= 8463692) AND (id <= 8464691))

table 3 : explain SELECT c FROM sbtest3 WHERE id BETWEEN 6044050 AND 6045049
	Bitmap Heap Scan on sbtest3  (cost=36.03..4365.29 rows=1131 width=121)
	  Recheck Cond: ((id >= 6044050) AND (id <= 6045049))
	  ->  Bitmap Index Scan on sbtest3_pkey  (cost=0.00..35.75 rows=1131 width=0)
	        Index Cond: ((id >= 6044050) AND (id <= 6045049))

table 4 : explain SELECT c FROM sbtest4 WHERE id BETWEEN 7819829 AND 7820828
	Bitmap Heap Scan on sbtest4  (cost=30.83..3926.54 rows=1014 width=121)
	  Recheck Cond: ((id >= 7819829) AND (id <= 7820828))
	  ->  Bitmap Index Scan on sbtest4_pkey  (cost=0.00..30.57 rows=1014 width=0)
	        Index Cond: ((id >= 7819829) AND (id <= 7820828))

table 5 : explain SELECT c FROM sbtest5 WHERE id BETWEEN 3195614 AND 3196613
	Bitmap Heap Scan on sbtest5  (cost=30.50..3806.08 rows=982 width=121)
	  Recheck Cond: ((id >= 3195614) AND (id <= 3196613))
	  ->  Bitmap Index Scan on sbtest5_pkey  (cost=0.00..30.25 rows=982 width=0)
	        Index Cond: ((id >= 3195614) AND (id <= 3196613))

table 6 : explain SELECT c FROM sbtest6 WHERE id BETWEEN 3270441 AND 3271440
	Bitmap Heap Scan on sbtest6  (cost=30.58..3835.77 rows=990 width=121)
	  Recheck Cond: ((id >= 3270441) AND (id <= 3271440))
	  ->  Bitmap Index Scan on sbtest6_pkey  (cost=0.00..30.33 rows=990 width=0)
	        Index Cond: ((id >= 3270441) AND (id <= 3271440))

table 7 : explain SELECT c FROM sbtest7 WHERE id BETWEEN 3661672 AND 3662671
	Bitmap Heap Scan on sbtest7  (cost=35.37..4127.91 rows=1067 width=121)
	  Recheck Cond: ((id >= 3661672) AND (id <= 3662671))
	  ->  Bitmap Index Scan on sbtest7_pkey  (cost=0.00..35.11 rows=1067 width=0)
	        Index Cond: ((id >= 3661672) AND (id <= 3662671))

table 8 : explain SELECT c FROM sbtest8 WHERE id BETWEEN 8608161 AND 8609160
	Bitmap Heap Scan on sbtest8  (cost=30.90..3953.25 rows=1021 width=121)
	  Recheck Cond: ((id >= 8608161) AND (id <= 8609160))
	  ->  Bitmap Index Scan on sbtest8_pkey  (cost=0.00..30.64 rows=1021 width=0)
	        Index Cond: ((id >= 8608161) AND (id <= 8609160))

for: simple_ranges
table 1 : explain SELECT c FROM sbtest1 WHERE id BETWEEN 4269293 AND 4270292
	Bitmap Heap Scan on sbtest1  (cost=30.94..3969.66 rows=1025 width=121)
	  Recheck Cond: ((id >= 4269293) AND (id <= 4270292))
	  ->  Bitmap Index Scan on sbtest1_pkey  (cost=0.00..30.68 rows=1025 width=0)
	        Index Cond: ((id >= 4269293) AND (id <= 4270292))

table 2 : explain SELECT c FROM sbtest2 WHERE id BETWEEN 8407192 AND 8408191
	Bitmap Heap Scan on sbtest2  (cost=30.95..3971.85 rows=1026 width=121)
	  Recheck Cond: ((id >= 8407192) AND (id <= 8408191))
	  ->  Bitmap Index Scan on sbtest2_pkey  (cost=0.00..30.69 rows=1026 width=0)
	        Index Cond: ((id >= 8407192) AND (id <= 8408191))

table 3 : explain SELECT c FROM sbtest3 WHERE id BETWEEN 942893 AND 943892
	Bitmap Heap Scan on sbtest3  (cost=30.33..3740.08 rows=965 width=121)
	  Recheck Cond: ((id >= 942893) AND (id <= 943892))
	  ->  Bitmap Index Scan on sbtest3_pkey  (cost=0.00..30.08 rows=965 width=0)
	        Index Cond: ((id >= 942893) AND (id <= 943892))

table 4 : explain SELECT c FROM sbtest4 WHERE id BETWEEN 7422905 AND 7423904
	Bitmap Heap Scan on sbtest4  (cost=30.44..3783.14 rows=976 width=121)
	  Recheck Cond: ((id >= 7422905) AND (id <= 7423904))
	  ->  Bitmap Index Scan on sbtest4_pkey  (cost=0.00..30.19 rows=976 width=0)
	        Index Cond: ((id >= 7422905) AND (id <= 7423904))

table 5 : explain SELECT c FROM sbtest5 WHERE id BETWEEN 6682153 AND 6683152
	Bitmap Heap Scan on sbtest5  (cost=31.11..4028.64 rows=1041 width=121)
	  Recheck Cond: ((id >= 6682153) AND (id <= 6683152))
	  ->  Bitmap Index Scan on sbtest5_pkey  (cost=0.00..30.84 rows=1041 width=0)
	        Index Cond: ((id >= 6682153) AND (id <= 6683152))

table 6 : explain SELECT c FROM sbtest6 WHERE id BETWEEN 7983486 AND 7984485
	Bitmap Heap Scan on sbtest6  (cost=31.04..4005.47 rows=1035 width=121)
	  Recheck Cond: ((id >= 7983486) AND (id <= 7984485))
	  ->  Bitmap Index Scan on sbtest6_pkey  (cost=0.00..30.79 rows=1035 width=0)
	        Index Cond: ((id >= 7983486) AND (id <= 7984485))

table 7 : explain SELECT c FROM sbtest7 WHERE id BETWEEN 1342502 AND 1343501
	Bitmap Heap Scan on sbtest7  (cost=30.80..3913.07 rows=1011 width=121)
	  Recheck Cond: ((id >= 1342502) AND (id <= 1343501))
	  ->  Bitmap Index Scan on sbtest7_pkey  (cost=0.00..30.54 rows=1011 width=0)
	        Index Cond: ((id >= 1342502) AND (id <= 1343501))

table 8 : explain SELECT c FROM sbtest8 WHERE id BETWEEN 8024178 AND 8025177
	Bitmap Heap Scan on sbtest8  (cost=30.34..3745.66 rows=966 width=121)
	  Recheck Cond: ((id >= 8024178) AND (id <= 8025177))
	  ->  Bitmap Index Scan on sbtest8_pkey  (cost=0.00..30.09 rows=966 width=0)
	        Index Cond: ((id >= 8024178) AND (id <= 8025177))

for: simple_ranges
table 1 : explain SELECT c FROM sbtest1 WHERE id BETWEEN 2569402 AND 2570401
	Bitmap Heap Scan on sbtest1  (cost=31.33..4112.92 rows=1063 width=121)
	  Recheck Cond: ((id >= 2569402) AND (id <= 2570401))
	  ->  Bitmap Index Scan on sbtest1_pkey  (cost=0.00..31.07 rows=1063 width=0)
	        Index Cond: ((id >= 2569402) AND (id <= 2570401))

table 2 : explain SELECT c FROM sbtest2 WHERE id BETWEEN 2534632 AND 2535631
	Bitmap Heap Scan on sbtest2  (cost=30.93..3964.31 rows=1024 width=121)
	  Recheck Cond: ((id >= 2534632) AND (id <= 2535631))
	  ->  Bitmap Index Scan on sbtest2_pkey  (cost=0.00..30.68 rows=1024 width=0)
	        Index Cond: ((id >= 2534632) AND (id <= 2535631))

table 3 : explain SELECT c FROM sbtest3 WHERE id BETWEEN 8542237 AND 8543236
	Bitmap Heap Scan on sbtest3  (cost=31.47..4162.10 rows=1077 width=121)
	  Recheck Cond: ((id >= 8542237) AND (id <= 8543236))
	  ->  Bitmap Index Scan on sbtest3_pkey  (cost=0.00..31.20 rows=1077 width=0)
	        Index Cond: ((id >= 8542237) AND (id <= 8543236))

table 4 : explain SELECT c FROM sbtest4 WHERE id BETWEEN 5630804 AND 5631803
	Bitmap Heap Scan on sbtest4  (cost=31.01..3994.40 rows=1032 width=121)
	  Recheck Cond: ((id >= 5630804) AND (id <= 5631803))
	  ->  Bitmap Index Scan on sbtest4_pkey  (cost=0.00..30.75 rows=1032 width=0)
	        Index Cond: ((id >= 5630804) AND (id <= 5631803))

table 5 : explain SELECT c FROM sbtest5 WHERE id BETWEEN 6088385 AND 6089384
	Bitmap Heap Scan on sbtest5  (cost=30.63..3855.16 rows=995 width=121)
	  Recheck Cond: ((id >= 6088385) AND (id <= 6089384))
	  ->  Bitmap Index Scan on sbtest5_pkey  (cost=0.00..30.39 rows=995 width=0)
	        Index Cond: ((id >= 6088385) AND (id <= 6089384))

table 6 : explain SELECT c FROM sbtest6 WHERE id BETWEEN 755120 AND 756119
	Bitmap Heap Scan on sbtest6  (cost=35.70..4250.40 rows=1099 width=121)
	  Recheck Cond: ((id >= 755120) AND (id <= 756119))
	  ->  Bitmap Index Scan on sbtest6_pkey  (cost=0.00..35.43 rows=1099 width=0)
	        Index Cond: ((id >= 755120) AND (id <= 756119))

table 7 : explain SELECT c FROM sbtest7 WHERE id BETWEEN 787316 AND 788315
	Bitmap Heap Scan on sbtest7  (cost=30.84..3928.14 rows=1015 width=121)
	  Recheck Cond: ((id >= 787316) AND (id <= 788315))
	  ->  Bitmap Index Scan on sbtest7_pkey  (cost=0.00..30.58 rows=1015 width=0)
	        Index Cond: ((id >= 787316) AND (id <= 788315))

table 8 : explain SELECT c FROM sbtest8 WHERE id BETWEEN 9657537 AND 9658536
	Bitmap Heap Scan on sbtest8  (cost=31.06..4013.57 rows=1037 width=121)
	  Recheck Cond: ((id >= 9657537) AND (id <= 9658536))
	  ->  Bitmap Index Scan on sbtest8_pkey  (cost=0.00..30.80 rows=1037 width=0)
	        Index Cond: ((id >= 9657537) AND (id <= 9658536))

explain: for point_selects :: explain SELECT c FROM sbtest%u WHERE id=%u
for: sum_ranges
table 1 : explain SELECT SUM(k) FROM sbtest1 WHERE id BETWEEN 1293254 AND 1294253
	Aggregate  (cost=3794.67..3794.68 rows=1 width=8)
	  ->  Bitmap Heap Scan on sbtest1  (cost=30.46..3792.22 rows=978 width=4)
	        Recheck Cond: ((id >= 1293254) AND (id <= 1294253))
	        ->  Bitmap Index Scan on sbtest1_pkey  (cost=0.00..30.21 rows=978 width=0)
	              Index Cond: ((id >= 1293254) AND (id <= 1294253))

table 2 : explain SELECT SUM(k) FROM sbtest2 WHERE id BETWEEN 6849893 AND 6850892
	Aggregate  (cost=4023.44..4023.45 rows=1 width=8)
	  ->  Bitmap Heap Scan on sbtest2  (cost=31.08..4020.84 rows=1039 width=4)
	        Recheck Cond: ((id >= 6849893) AND (id <= 6850892))
	        ->  Bitmap Index Scan on sbtest2_pkey  (cost=0.00..30.82 rows=1039 width=0)
	              Index Cond: ((id >= 6849893) AND (id <= 6850892))

table 3 : explain SELECT SUM(k) FROM sbtest3 WHERE id BETWEEN 2762279 AND 2763278
	Aggregate  (cost=3799.14..3799.15 rows=1 width=8)
	  ->  Bitmap Heap Scan on sbtest3  (cost=30.48..3796.69 rows=980 width=4)
	        Recheck Cond: ((id >= 2762279) AND (id <= 2763278))
	        ->  Bitmap Index Scan on sbtest3_pkey  (cost=0.00..30.23 rows=980 width=0)
	              Index Cond: ((id >= 2762279) AND (id <= 2763278))

table 4 : explain SELECT SUM(k) FROM sbtest4 WHERE id BETWEEN 2133413 AND 2134412
	Aggregate  (cost=3728.88..3728.89 rows=1 width=8)
	  ->  Bitmap Heap Scan on sbtest4  (cost=30.29..3726.48 rows=961 width=4)
	        Recheck Cond: ((id >= 2133413) AND (id <= 2134412))
	        ->  Bitmap Index Scan on sbtest4_pkey  (cost=0.00..30.04 rows=961 width=0)
	              Index Cond: ((id >= 2133413) AND (id <= 2134412))

table 5 : explain SELECT SUM(k) FROM sbtest5 WHERE id BETWEEN 7221121 AND 7222120
	Aggregate  (cost=4445.57..4445.58 rows=1 width=8)
	  ->  Bitmap Heap Scan on sbtest5  (cost=36.23..4442.70 rows=1151 width=4)
	        Recheck Cond: ((id >= 7221121) AND (id <= 7222120))
	        ->  Bitmap Index Scan on sbtest5_pkey  (cost=0.00..35.95 rows=1151 width=0)
	              Index Cond: ((id >= 7221121) AND (id <= 7222120))

table 6 : explain SELECT SUM(k) FROM sbtest6 WHERE id BETWEEN 3326270 AND 3327269
	Aggregate  (cost=4140.20..4140.21 rows=1 width=8)
	  ->  Bitmap Heap Scan on sbtest6  (cost=35.39..4137.53 rows=1069 width=4)
	        Recheck Cond: ((id >= 3326270) AND (id <= 3327269))
	        ->  Bitmap Index Scan on sbtest6_pkey  (cost=0.00..35.12 rows=1069 width=0)
	              Index Cond: ((id >= 3326270) AND (id <= 3327269))

table 7 : explain SELECT SUM(k) FROM sbtest7 WHERE id BETWEEN 5751582 AND 5752581
	Aggregate  (cost=3655.09..3655.10 rows=1 width=8)
	  ->  Bitmap Heap Scan on sbtest7  (cost=30.09..3652.74 rows=942 width=4)
	        Recheck Cond: ((id >= 5751582) AND (id <= 5752581))
	        ->  Bitmap Index Scan on sbtest7_pkey  (cost=0.00..29.86 rows=942 width=0)
	              Index Cond: ((id >= 5751582) AND (id <= 5752581))

table 8 : explain SELECT SUM(k) FROM sbtest8 WHERE id BETWEEN 4630182 AND 4631181
	Aggregate  (cost=3887.86..3887.87 rows=1 width=8)
	  ->  Bitmap Heap Scan on sbtest8  (cost=30.72..3885.35 rows=1003 width=4)
	        Recheck Cond: ((id >= 4630182) AND (id <= 4631181))
	        ->  Bitmap Index Scan on sbtest8_pkey  (cost=0.00..30.46 rows=1003 width=0)
	              Index Cond: ((id >= 4630182) AND (id <= 4631181))

for: sum_ranges
table 1 : explain SELECT SUM(k) FROM sbtest1 WHERE id BETWEEN 6635571 AND 6636570
	Aggregate  (cost=3817.35..3817.36 rows=1 width=8)
	  ->  Bitmap Heap Scan on sbtest1  (cost=30.52..3814.89 rows=984 width=4)
	        Recheck Cond: ((id >= 6635571) AND (id <= 6636570))
	        ->  Bitmap Index Scan on sbtest1_pkey  (cost=0.00..30.27 rows=984 width=0)
	              Index Cond: ((id >= 6635571) AND (id <= 6636570))

table 2 : explain SELECT SUM(k) FROM sbtest2 WHERE id BETWEEN 3763968 AND 3764967
	Aggregate  (cost=3781.86..3781.87 rows=1 width=8)
	  ->  Bitmap Heap Scan on sbtest2  (cost=30.43..3779.42 rows=975 width=4)
	        Recheck Cond: ((id >= 3763968) AND (id <= 3764967))
	        ->  Bitmap Index Scan on sbtest2_pkey  (cost=0.00..30.18 rows=975 width=0)
	              Index Cond: ((id >= 3763968) AND (id <= 3764967))

table 3 : explain SELECT SUM(k) FROM sbtest3 WHERE id BETWEEN 1416171 AND 1417170
	Aggregate  (cost=3738.72..3738.73 rows=1 width=8)
	  ->  Bitmap Heap Scan on sbtest3  (cost=30.32..3736.31 rows=964 width=4)
	        Recheck Cond: ((id >= 1416171) AND (id <= 1417170))
	        ->  Bitmap Index Scan on sbtest3_pkey  (cost=0.00..30.07 rows=964 width=0)
	              Index Cond: ((id >= 1416171) AND (id <= 1417170))

table 4 : explain SELECT SUM(k) FROM sbtest4 WHERE id BETWEEN 4183930 AND 4184929
	Aggregate  (cost=3725.10..3725.11 rows=1 width=8)
	  ->  Bitmap Heap Scan on sbtest4  (cost=30.27..3722.70 rows=960 width=4)
	        Recheck Cond: ((id >= 4183930) AND (id <= 4184929))
	        ->  Bitmap Index Scan on sbtest4_pkey  (cost=0.00..30.04 rows=960 width=0)
	              Index Cond: ((id >= 4183930) AND (id <= 4184929))

table 5 : explain SELECT SUM(k) FROM sbtest5 WHERE id BETWEEN 7350150 AND 7351149
	Aggregate  (cost=4068.94..4068.95 rows=1 width=8)
	  ->  Bitmap Heap Scan on sbtest5  (cost=31.21..4066.31 rows=1051 width=4)
	        Recheck Cond: ((id >= 7350150) AND (id <= 7351149))
	        ->  Bitmap Index Scan on sbtest5_pkey  (cost=0.00..30.94 rows=1051 width=0)
	              Index Cond: ((id >= 7350150) AND (id <= 7351149))

table 6 : explain SELECT SUM(k) FROM sbtest6 WHERE id BETWEEN 3152904 AND 3153903
	Aggregate  (cost=3630.35..3630.36 rows=1 width=8)
	  ->  Bitmap Heap Scan on sbtest6  (cost=30.02..3628.01 rows=935 width=4)
	        Recheck Cond: ((id >= 3152904) AND (id <= 3153903))
	        ->  Bitmap Index Scan on sbtest6_pkey  (cost=0.00..29.79 rows=935 width=0)
	              Index Cond: ((id >= 3152904) AND (id <= 3153903))

table 7 : explain SELECT SUM(k) FROM sbtest7 WHERE id BETWEEN 4556172 AND 4557171
	Aggregate  (cost=3968.38..3968.39 rows=1 width=8)
	  ->  Bitmap Heap Scan on sbtest7  (cost=30.94..3965.81 rows=1025 width=4)
	        Recheck Cond: ((id >= 4556172) AND (id <= 4557171))
	        ->  Bitmap Index Scan on sbtest7_pkey  (cost=0.00..30.68 rows=1025 width=0)
	              Index Cond: ((id >= 4556172) AND (id <= 4557171))

table 8 : explain SELECT SUM(k) FROM sbtest8 WHERE id BETWEEN 3342312 AND 3343311
	Aggregate  (cost=3918.06..3918.07 rows=1 width=8)
	  ->  Bitmap Heap Scan on sbtest8  (cost=30.80..3915.53 rows=1011 width=4)
	        Recheck Cond: ((id >= 3342312) AND (id <= 3343311))
	        ->  Bitmap Index Scan on sbtest8_pkey  (cost=0.00..30.54 rows=1011 width=0)
	              Index Cond: ((id >= 3342312) AND (id <= 3343311))

for: order_ranges
table 1 : explain SELECT c FROM sbtest1 WHERE id BETWEEN 5480871 AND 5481870 ORDER BY c
	Sort  (cost=3921.31..3923.81 rows=999 width=121)
	  Sort Key: c
	  ->  Bitmap Heap Scan on sbtest1  (cost=30.67..3871.54 rows=999 width=121)
	        Recheck Cond: ((id >= 5480871) AND (id <= 5481870))
	        ->  Bitmap Index Scan on sbtest1_pkey  (cost=0.00..30.43 rows=999 width=0)
	              Index Cond: ((id >= 5480871) AND (id <= 5481870))

table 2 : explain SELECT c FROM sbtest2 WHERE id BETWEEN 1523250 AND 1524249 ORDER BY c
	Sort  (cost=3563.04..3565.31 rows=906 width=121)
	  Sort Key: c
	  ->  Bitmap Heap Scan on sbtest2  (cost=29.72..3518.54 rows=906 width=121)
	        Recheck Cond: ((id >= 1523250) AND (id <= 1524249))
	        ->  Bitmap Index Scan on sbtest2_pkey  (cost=0.00..29.50 rows=906 width=0)
	              Index Cond: ((id >= 1523250) AND (id <= 1524249))

table 3 : explain SELECT c FROM sbtest3 WHERE id BETWEEN 8535190 AND 8536189 ORDER BY c
	Sort  (cost=4216.34..4219.04 rows=1077 width=121)
	  Sort Key: c
	  ->  Bitmap Heap Scan on sbtest3  (cost=31.47..4162.10 rows=1077 width=121)
	        Recheck Cond: ((id >= 8535190) AND (id <= 8536189))
	        ->  Bitmap Index Scan on sbtest3_pkey  (cost=0.00..31.20 rows=1077 width=0)
	              Index Cond: ((id >= 8535190) AND (id <= 8536189))

table 4 : explain SELECT c FROM sbtest4 WHERE id BETWEEN 700312 AND 701311 ORDER BY c
	Sort  (cost=4080.49..4083.09 rows=1041 width=121)
	  Sort Key: c
	  ->  Bitmap Heap Scan on sbtest4  (cost=31.11..4028.32 rows=1041 width=121)
	        Recheck Cond: ((id >= 700312) AND (id <= 701311))
	        ->  Bitmap Index Scan on sbtest4_pkey  (cost=0.00..30.84 rows=1041 width=0)
	              Index Cond: ((id >= 700312) AND (id <= 701311))

table 5 : explain SELECT c FROM sbtest5 WHERE id BETWEEN 9331067 AND 9332066 ORDER BY c
	Sort  (cost=3624.71..3627.01 rows=922 width=121)
	  Sort Key: c
	  ->  Bitmap Heap Scan on sbtest5  (cost=29.89..3579.30 rows=922 width=121)
	        Recheck Cond: ((id >= 9331067) AND (id <= 9332066))
	        ->  Bitmap Index Scan on sbtest5_pkey  (cost=0.00..29.65 rows=922 width=0)
	              Index Cond: ((id >= 9331067) AND (id <= 9332066))

table 6 : explain SELECT c FROM sbtest6 WHERE id BETWEEN 754898 AND 755897 ORDER BY c
	Sort  (cost=4305.91..4308.65 rows=1099 width=121)
	  Sort Key: c
	  ->  Bitmap Heap Scan on sbtest6  (cost=35.70..4250.40 rows=1099 width=121)
	        Recheck Cond: ((id >= 754898) AND (id <= 755897))
	        ->  Bitmap Index Scan on sbtest6_pkey  (cost=0.00..35.43 rows=1099 width=0)
	              Index Cond: ((id >= 754898) AND (id <= 755897))

table 7 : explain SELECT c FROM sbtest7 WHERE id BETWEEN 7318557 AND 7319556 ORDER BY c
	Sort  (cost=4273.19..4275.92 rows=1091 width=121)
	  Sort Key: c
	  ->  Bitmap Heap Scan on sbtest7  (cost=35.62..4218.15 rows=1091 width=121)
	        Recheck Cond: ((id >= 7318557) AND (id <= 7319556))
	        ->  Bitmap Index Scan on sbtest7_pkey  (cost=0.00..35.34 rows=1091 width=0)
	              Index Cond: ((id >= 7318557) AND (id <= 7319556))

table 8 : explain SELECT c FROM sbtest8 WHERE id BETWEEN 496467 AND 497466 ORDER BY c
	Sort  (cost=3720.67..3723.04 rows=947 width=121)
	  Sort Key: c
	  ->  Bitmap Heap Scan on sbtest8  (cost=30.14..3673.86 rows=947 width=121)
	        Recheck Cond: ((id >= 496467) AND (id <= 497466))
	        ->  Bitmap Index Scan on sbtest8_pkey  (cost=0.00..29.90 rows=947 width=0)
	              Index Cond: ((id >= 496467) AND (id <= 497466))

for point_selects
table 1 : explain SELECT c FROM sbtest1 WHERE id=3877945
	Index Scan using sbtest1_pkey on sbtest1  (cost=0.43..8.45 rows=1 width=121)
	  Index Cond: (id = 3877945)

table 2 : explain SELECT c FROM sbtest2 WHERE id=7154688
	Index Scan using sbtest2_pkey on sbtest2  (cost=0.43..8.45 rows=1 width=121)
	  Index Cond: (id = 7154688)

table 3 : explain SELECT c FROM sbtest3 WHERE id=2353016
	Index Scan using sbtest3_pkey on sbtest3  (cost=0.43..8.45 rows=1 width=121)
	  Index Cond: (id = 2353016)

table 4 : explain SELECT c FROM sbtest4 WHERE id=2236415
	Index Scan using sbtest4_pkey on sbtest4  (cost=0.43..8.45 rows=1 width=121)
	  Index Cond: (id = 2236415)

table 5 : explain SELECT c FROM sbtest5 WHERE id=1400230
	Index Scan using sbtest5_pkey on sbtest5  (cost=0.43..8.45 rows=1 width=121)
	  Index Cond: (id = 1400230)

table 6 : explain SELECT c FROM sbtest6 WHERE id=150805
	Index Scan using sbtest6_pkey on sbtest6  (cost=0.43..8.45 rows=1 width=121)
	  Index Cond: (id = 150805)

table 7 : explain SELECT c FROM sbtest7 WHERE id=7821457
	Index Scan using sbtest7_pkey on sbtest7  (cost=0.43..8.45 rows=1 width=121)
	  Index Cond: (id = 7821457)

table 8 : explain SELECT c FROM sbtest8 WHERE id=2296272
	Index Scan using sbtest8_pkey on sbtest8  (cost=0.43..8.45 rows=1 width=121)
	  Index Cond: (id = 2296272)

for point_selects
table 1 : explain SELECT c FROM sbtest1 WHERE id=691645
	Index Scan using sbtest1_pkey on sbtest1  (cost=0.43..8.45 rows=1 width=121)
	  Index Cond: (id = 691645)

table 2 : explain SELECT c FROM sbtest2 WHERE id=4607296
	Index Scan using sbtest2_pkey on sbtest2  (cost=0.43..8.45 rows=1 width=121)
	  Index Cond: (id = 4607296)

table 3 : explain SELECT c FROM sbtest3 WHERE id=8328207
	Index Scan using sbtest3_pkey on sbtest3  (cost=0.43..8.45 rows=1 width=121)
	  Index Cond: (id = 8328207)

table 4 : explain SELECT c FROM sbtest4 WHERE id=9038252
	Index Scan using sbtest4_pkey on sbtest4  (cost=0.43..8.45 rows=1 width=121)
	  Index Cond: (id = 9038252)

table 5 : explain SELECT c FROM sbtest5 WHERE id=5052973
	Index Scan using sbtest5_pkey on sbtest5  (cost=0.43..8.45 rows=1 width=121)
	  Index Cond: (id = 5052973)

table 6 : explain SELECT c FROM sbtest6 WHERE id=2963927
	Index Scan using sbtest6_pkey on sbtest6  (cost=0.43..8.45 rows=1 width=121)
	  Index Cond: (id = 2963927)

table 7 : explain SELECT c FROM sbtest7 WHERE id=4698079
	Index Scan using sbtest7_pkey on sbtest7  (cost=0.43..8.45 rows=1 width=121)
	  Index Cond: (id = 4698079)

table 8 : explain SELECT c FROM sbtest8 WHERE id=9702994
	Index Scan using sbtest8_pkey on sbtest8  (cost=0.43..8.45 rows=1 width=121)
	  Index Cond: (id = 9702994)

explain: for point_selects :: explain SELECT c FROM sbtest%u WHERE id=%u
explain: for point_selects :: explain SELECT c FROM sbtest%u WHERE id=%u
for: sum_ranges
table 1 : explain SELECT SUM(k) FROM sbtest1 WHERE id BETWEEN 175105 AND 176104
	Aggregate  (cost=3945.79..3945.80 rows=1 width=8)
	  ->  Bitmap Heap Scan on sbtest1  (cost=30.87..3943.25 rows=1018 width=4)
	        Recheck Cond: ((id >= 175105) AND (id <= 176104))
	        ->  Bitmap Index Scan on sbtest1_pkey  (cost=0.00..30.61 rows=1018 width=0)
	              Index Cond: ((id >= 175105) AND (id <= 176104))

table 2 : explain SELECT SUM(k) FROM sbtest2 WHERE id BETWEEN 9586870 AND 9587869
	Aggregate  (cost=3819.64..3819.65 rows=1 width=8)
	  ->  Bitmap Heap Scan on sbtest2  (cost=30.53..3817.17 rows=985 width=4)
	        Recheck Cond: ((id >= 9586870) AND (id <= 9587869))
	        ->  Bitmap Index Scan on sbtest2_pkey  (cost=0.00..30.29 rows=985 width=0)
	              Index Cond: ((id >= 9586870) AND (id <= 9587869))

table 3 : explain SELECT SUM(k) FROM sbtest3 WHERE id BETWEEN 9828419 AND 9829418
	Aggregate  (cost=3946.30..3946.31 rows=1 width=8)
	  ->  Bitmap Heap Scan on sbtest3  (cost=30.88..3943.75 rows=1019 width=4)
	        Recheck Cond: ((id >= 9828419) AND (id <= 9829418))
	        ->  Bitmap Index Scan on sbtest3_pkey  (cost=0.00..30.62 rows=1019 width=0)
	              Index Cond: ((id >= 9828419) AND (id <= 9829418))

table 4 : explain SELECT SUM(k) FROM sbtest4 WHERE id BETWEEN 2358218 AND 2359217
	Aggregate  (cost=3388.11..3388.12 rows=1 width=8)
	  ->  Bitmap Heap Scan on sbtest4  (cost=29.36..3385.93 rows=871 width=4)
	        Recheck Cond: ((id >= 2358218) AND (id <= 2359217))
	        ->  Bitmap Index Scan on sbtest4_pkey  (cost=0.00..29.14 rows=871 width=0)
	              Index Cond: ((id >= 2358218) AND (id <= 2359217))

table 5 : explain SELECT SUM(k) FROM sbtest5 WHERE id BETWEEN 2141563 AND 2142562
	Aggregate  (cost=4197.27..4197.28 rows=1 width=8)
	  ->  Bitmap Heap Scan on sbtest5  (cost=35.55..4194.56 rows=1084 width=4)
	        Recheck Cond: ((id >= 2141563) AND (id <= 2142562))
	        ->  Bitmap Index Scan on sbtest5_pkey  (cost=0.00..35.28 rows=1084 width=0)
	              Index Cond: ((id >= 2141563) AND (id <= 2142562))

table 6 : explain SELECT SUM(k) FROM sbtest6 WHERE id BETWEEN 2562675 AND 2563674
	Aggregate  (cost=4068.38..4068.39 rows=1 width=8)
	  ->  Bitmap Heap Scan on sbtest6  (cost=31.21..4065.75 rows=1051 width=4)
	        Recheck Cond: ((id >= 2562675) AND (id <= 2563674))
	        ->  Bitmap Index Scan on sbtest6_pkey  (cost=0.00..30.94 rows=1051 width=0)
	              Index Cond: ((id >= 2562675) AND (id <= 2563674))

table 7 : explain SELECT SUM(k) FROM sbtest7 WHERE id BETWEEN 1709014 AND 1710013
	Aggregate  (cost=3787.31..3787.32 rows=1 width=8)
	  ->  Bitmap Heap Scan on sbtest7  (cost=30.45..3784.87 rows=977 width=4)
	        Recheck Cond: ((id >= 1709014) AND (id <= 1710013))
	        ->  Bitmap Index Scan on sbtest7_pkey  (cost=0.00..30.20 rows=977 width=0)
	              Index Cond: ((id >= 1709014) AND (id <= 1710013))

table 8 : explain SELECT SUM(k) FROM sbtest8 WHERE id BETWEEN 8203970 AND 8204969
	Aggregate  (cost=3600.54..3600.55 rows=1 width=8)
	  ->  Bitmap Heap Scan on sbtest8  (cost=29.94..3598.22 rows=927 width=4)
	        Recheck Cond: ((id >= 8203970) AND (id <= 8204969))
	        ->  Bitmap Index Scan on sbtest8_pkey  (cost=0.00..29.70 rows=927 width=0)
	              Index Cond: ((id >= 8203970) AND (id <= 8204969))

for point_selects
table 1 : explain SELECT c FROM sbtest1 WHERE id=3623618
	Index Scan using sbtest1_pkey on sbtest1  (cost=0.43..8.45 rows=1 width=121)
	  Index Cond: (id = 3623618)

table 2 : explain SELECT c FROM sbtest2 WHERE id=1128678
	Index Scan using sbtest2_pkey on sbtest2  (cost=0.43..8.45 rows=1 width=121)
	  Index Cond: (id = 1128678)

table 3 : explain SELECT c FROM sbtest3 WHERE id=3041033
	Index Scan using sbtest3_pkey on sbtest3  (cost=0.43..8.45 rows=1 width=121)
	  Index Cond: (id = 3041033)

table 4 : explain SELECT c FROM sbtest4 WHERE id=4194753
	Index Scan using sbtest4_pkey on sbtest4  (cost=0.43..8.45 rows=1 width=121)
	  Index Cond: (id = 4194753)

table 5 : explain SELECT c FROM sbtest5 WHERE id=7669415
	Index Scan using sbtest5_pkey on sbtest5  (cost=0.43..8.45 rows=1 width=121)
	  Index Cond: (id = 7669415)

table 6 : explain SELECT c FROM sbtest6 WHERE id=6118213
	Index Scan using sbtest6_pkey on sbtest6  (cost=0.43..8.45 rows=1 width=121)
	  Index Cond: (id = 6118213)

table 7 : explain SELECT c FROM sbtest7 WHERE id=1566672
	Index Scan using sbtest7_pkey on sbtest7  (cost=0.43..8.45 rows=1 width=121)
	  Index Cond: (id = 1566672)

table 8 : explain SELECT c FROM sbtest8 WHERE id=5701845
	Index Scan using sbtest8_pkey on sbtest8  (cost=0.43..8.45 rows=1 width=121)
	  Index Cond: (id = 5701845)

for: sum_ranges
table 1 : explain SELECT SUM(k) FROM sbtest1 WHERE id BETWEEN 7298089 AND 7299088
	Aggregate  (cost=3715.24..3715.25 rows=1 width=8)
	  ->  Bitmap Heap Scan on sbtest1  (cost=30.24..3712.85 rows=957 width=4)
	        Recheck Cond: ((id >= 7298089) AND (id <= 7299088))
	        ->  Bitmap Index Scan on sbtest1_pkey  (cost=0.00..30.00 rows=957 width=0)
	              Index Cond: ((id >= 7298089) AND (id <= 7299088))

table 2 : explain SELECT SUM(k) FROM sbtest2 WHERE id BETWEEN 5428991 AND 5429990
	Aggregate  (cost=3766.74..3766.75 rows=1 width=8)
	  ->  Bitmap Heap Scan on sbtest2  (cost=30.39..3764.31 rows=971 width=4)
	        Recheck Cond: ((id >= 5428991) AND (id <= 5429990))
	        ->  Bitmap Index Scan on sbtest2_pkey  (cost=0.00..30.14 rows=971 width=0)
	              Index Cond: ((id >= 5428991) AND (id <= 5429990))

table 3 : explain SELECT SUM(k) FROM sbtest3 WHERE id BETWEEN 3313615 AND 3314614
	Aggregate  (cost=3470.16..3470.17 rows=1 width=8)
	  ->  Bitmap Heap Scan on sbtest3  (cost=29.59..3467.93 rows=893 width=4)
	        Recheck Cond: ((id >= 3313615) AND (id <= 3314614))
	        ->  Bitmap Index Scan on sbtest3_pkey  (cost=0.00..29.36 rows=893 width=0)
	              Index Cond: ((id >= 3313615) AND (id <= 3314614))

table 4 : explain SELECT SUM(k) FROM sbtest4 WHERE id BETWEEN 8361301 AND 8362300
	Aggregate  (cost=4117.61..4117.62 rows=1 width=8)
	  ->  Bitmap Heap Scan on sbtest4  (cost=31.34..4114.95 rows=1064 width=4)
	        Recheck Cond: ((id >= 8361301) AND (id <= 8362300))
	        ->  Bitmap Index Scan on sbtest4_pkey  (cost=0.00..31.07 rows=1064 width=0)
	              Index Cond: ((id >= 8361301) AND (id <= 8362300))

table 5 : explain SELECT SUM(k) FROM sbtest5 WHERE id BETWEEN 9547993 AND 9548992
	Aggregate  (cost=3574.04..3574.05 rows=1 width=8)
	  ->  Bitmap Heap Scan on sbtest5  (cost=29.87..3571.74 rows=920 width=4)
	        Recheck Cond: ((id >= 9547993) AND (id <= 9548992))
	        ->  Bitmap Index Scan on sbtest5_pkey  (cost=0.00..29.64 rows=920 width=0)
	              Index Cond: ((id >= 9547993) AND (id <= 9548992))

table 6 : explain SELECT SUM(k) FROM sbtest6 WHERE id BETWEEN 3269327 AND 3270326
	Aggregate  (cost=3838.25..3838.26 rows=1 width=8)
	  ->  Bitmap Heap Scan on sbtest6  (cost=30.58..3835.77 rows=990 width=4)
	        Recheck Cond: ((id >= 3269327) AND (id <= 3270326))
	        ->  Bitmap Index Scan on sbtest6_pkey  (cost=0.00..30.33 rows=990 width=0)
	              Index Cond: ((id >= 3269327) AND (id <= 3270326))

table 7 : explain SELECT SUM(k) FROM sbtest7 WHERE id BETWEEN 255758 AND 256757
	Aggregate  (cost=3779.76..3779.77 rows=1 width=8)
	  ->  Bitmap Heap Scan on sbtest7  (cost=30.43..3777.32 rows=975 width=4)
	        Recheck Cond: ((id >= 255758) AND (id <= 256757))
	        ->  Bitmap Index Scan on sbtest7_pkey  (cost=0.00..30.18 rows=975 width=0)
	              Index Cond: ((id >= 255758) AND (id <= 256757))

table 8 : explain SELECT SUM(k) FROM sbtest8 WHERE id BETWEEN 6498767 AND 6499766
	Aggregate  (cost=4004.84..4004.85 rows=1 width=8)
	  ->  Bitmap Heap Scan on sbtest8  (cost=31.03..4002.26 rows=1034 width=4)
	        Recheck Cond: ((id >= 6498767) AND (id <= 6499766))
	        ->  Bitmap Index Scan on sbtest8_pkey  (cost=0.00..30.77 rows=1034 width=0)
	              Index Cond: ((id >= 6498767) AND (id <= 6499766))

for: distinct_ranges
table 1 : explain SELECT DISTINCT c FROM sbtest1 WHERE id BETWEEN 1636815 AND 1637814 ORDER BY c
	Unique  (cost=3986.45..3991.53 rows=1016 width=121)
	  ->  Sort  (cost=3986.45..3988.99 rows=1016 width=121)
	        Sort Key: c
	        ->  Bitmap Heap Scan on sbtest1  (cost=30.85..3935.70 rows=1016 width=121)
	              Recheck Cond: ((id >= 1636815) AND (id <= 1637814))
	              ->  Bitmap Index Scan on sbtest1_pkey  (cost=0.00..30.59 rows=1016 width=0)
	                    Index Cond: ((id >= 1636815) AND (id <= 1637814))

table 2 : explain SELECT DISTINCT c FROM sbtest2 WHERE id BETWEEN 3190193 AND 3191192 ORDER BY c
	Unique  (cost=3850.82..3855.72 rows=981 width=121)
	  ->  Sort  (cost=3850.82..3853.27 rows=981 width=121)
	        Sort Key: c
	        ->  Bitmap Heap Scan on sbtest2  (cost=30.49..3802.07 rows=981 width=121)
	              Recheck Cond: ((id >= 3190193) AND (id <= 3191192))
	              ->  Bitmap Index Scan on sbtest2_pkey  (cost=0.00..30.25 rows=981 width=0)
	                    Index Cond: ((id >= 3190193) AND (id <= 3191192))

table 3 : explain SELECT DISTINCT c FROM sbtest3 WHERE id BETWEEN 9920248 AND 9921247 ORDER BY c
	Unique  (cost=4052.03..4057.20 rows=1034 width=121)
	  ->  Sort  (cost=4052.03..4054.62 rows=1034 width=121)
	        Sort Key: c
	        ->  Bitmap Heap Scan on sbtest3  (cost=31.03..4000.26 rows=1034 width=121)
	              Recheck Cond: ((id >= 9920248) AND (id <= 9921247))
	              ->  Bitmap Index Scan on sbtest3_pkey  (cost=0.00..30.77 rows=1034 width=0)
	                    Index Cond: ((id >= 9920248) AND (id <= 9921247))

table 4 : explain SELECT DISTINCT c FROM sbtest4 WHERE id BETWEEN 5688337 AND 5689336 ORDER BY c
	Unique  (cost=4046.06..4051.22 rows=1032 width=121)
	  ->  Sort  (cost=4046.06..4048.64 rows=1032 width=121)
	        Sort Key: c
	        ->  Bitmap Heap Scan on sbtest4  (cost=31.01..3994.40 rows=1032 width=121)
	              Recheck Cond: ((id >= 5688337) AND (id <= 5689336))
	              ->  Bitmap Index Scan on sbtest4_pkey  (cost=0.00..30.75 rows=1032 width=0)
	                    Index Cond: ((id >= 5688337) AND (id <= 5689336))

table 5 : explain SELECT DISTINCT c FROM sbtest5 WHERE id BETWEEN 5913160 AND 5914159 ORDER BY c
	Unique  (cost=4275.95..4281.41 rows=1091 width=121)
	  ->  Sort  (cost=4275.95..4278.68 rows=1091 width=121)
	        Sort Key: c
	        ->  Bitmap Heap Scan on sbtest5  (cost=35.62..4220.90 rows=1091 width=121)
	              Recheck Cond: ((id >= 5913160) AND (id <= 5914159))
	              ->  Bitmap Index Scan on sbtest5_pkey  (cost=0.00..35.34 rows=1091 width=0)
	                    Index Cond: ((id >= 5913160) AND (id <= 5914159))

table 6 : explain SELECT DISTINCT c FROM sbtest6 WHERE id BETWEEN 3208846 AND 3209845 ORDER BY c
	Unique  (cost=3885.03..3889.98 rows=990 width=121)
	  ->  Sort  (cost=3885.03..3887.51 rows=990 width=121)
	        Sort Key: c
	        ->  Bitmap Heap Scan on sbtest6  (cost=30.58..3835.77 rows=990 width=121)
	              Recheck Cond: ((id >= 3208846) AND (id <= 3209845))
	              ->  Bitmap Index Scan on sbtest6_pkey  (cost=0.00..30.33 rows=990 width=0)
	                    Index Cond: ((id >= 3208846) AND (id <= 3209845))

table 7 : explain SELECT DISTINCT c FROM sbtest7 WHERE id BETWEEN 6392525 AND 6393524 ORDER BY c
	Unique  (cost=3890.82..3895.78 rows=992 width=121)
	  ->  Sort  (cost=3890.82..3893.30 rows=992 width=121)
	        Sort Key: c
	        ->  Bitmap Heap Scan on sbtest7  (cost=30.60..3841.44 rows=992 width=121)
	              Recheck Cond: ((id >= 6392525) AND (id <= 6393524))
	              ->  Bitmap Index Scan on sbtest7_pkey  (cost=0.00..30.36 rows=992 width=0)
	                    Index Cond: ((id >= 6392525) AND (id <= 6393524))

table 8 : explain SELECT DISTINCT c FROM sbtest8 WHERE id BETWEEN 9802780 AND 9803779 ORDER BY c
	Unique  (cost=3601.67..3606.25 rows=916 width=121)
	  ->  Sort  (cost=3601.67..3603.96 rows=916 width=121)
	        Sort Key: c
	        ->  Bitmap Heap Scan on sbtest8  (cost=29.82..3556.61 rows=916 width=121)
	              Recheck Cond: ((id >= 9802780) AND (id <= 9803779))
	              ->  Bitmap Index Scan on sbtest8_pkey  (cost=0.00..29.59 rows=916 width=0)
	                    Index Cond: ((id >= 9802780) AND (id <= 9803779))

explain: for point_selects :: explain SELECT c FROM sbtest%u WHERE id=%u
for: order_ranges
table 1 : explain SELECT c FROM sbtest1 WHERE id BETWEEN 3813292 AND 3814291 ORDER BY c
	Sort  (cost=3821.62..3824.05 rows=973 width=121)
	  Sort Key: c
	  ->  Bitmap Heap Scan on sbtest1  (cost=30.41..3773.33 rows=973 width=121)
	        Recheck Cond: ((id >= 3813292) AND (id <= 3814291))
	        ->  Bitmap Index Scan on sbtest1_pkey  (cost=0.00..30.16 rows=973 width=0)
	              Index Cond: ((id >= 3813292) AND (id <= 3814291))

table 2 : explain SELECT c FROM sbtest2 WHERE id BETWEEN 1726224 AND 1727223 ORDER BY c
	Sort  (cost=4302.41..4305.16 rows=1098 width=121)
	  Sort Key: c
	  ->  Bitmap Heap Scan on sbtest2  (cost=35.69..4246.96 rows=1098 width=121)
	        Recheck Cond: ((id >= 1726224) AND (id <= 1727223))
	        ->  Bitmap Index Scan on sbtest2_pkey  (cost=0.00..35.42 rows=1098 width=0)
	              Index Cond: ((id >= 1726224) AND (id <= 1727223))

table 3 : explain SELECT c FROM sbtest3 WHERE id BETWEEN 7166204 AND 7167203 ORDER BY c
	Sort  (cost=4009.97..4012.52 rows=1023 width=121)
	  Sort Key: c
	  ->  Bitmap Heap Scan on sbtest3  (cost=30.92..3958.82 rows=1023 width=121)
	        Recheck Cond: ((id >= 7166204) AND (id <= 7167203))
	        ->  Bitmap Index Scan on sbtest3_pkey  (cost=0.00..30.66 rows=1023 width=0)
	              Index Cond: ((id >= 7166204) AND (id <= 7167203))

table 4 : explain SELECT c FROM sbtest4 WHERE id BETWEEN 7585716 AND 7586715 ORDER BY c
	Sort  (cost=3988.65..3991.19 rows=1017 width=121)
	  Sort Key: c
	  ->  Bitmap Heap Scan on sbtest4  (cost=30.86..3937.85 rows=1017 width=121)
	        Recheck Cond: ((id >= 7585716) AND (id <= 7586715))
	        ->  Bitmap Index Scan on sbtest4_pkey  (cost=0.00..30.61 rows=1017 width=0)
	              Index Cond: ((id >= 7585716) AND (id <= 7586715))

table 5 : explain SELECT c FROM sbtest5 WHERE id BETWEEN 2957581 AND 2958580 ORDER BY c
	Sort  (cost=3728.34..3730.71 rows=949 width=121)
	  Sort Key: c
	  ->  Bitmap Heap Scan on sbtest5  (cost=30.16..3681.41 rows=949 width=121)
	        Recheck Cond: ((id >= 2957581) AND (id <= 2958580))
	        ->  Bitmap Index Scan on sbtest5_pkey  (cost=0.00..29.93 rows=949 width=0)
	              Index Cond: ((id >= 2957581) AND (id <= 2958580))

table 6 : explain SELECT c FROM sbtest6 WHERE id BETWEEN 9075364 AND 9076363 ORDER BY c
	Sort  (cost=4172.20..4174.86 rows=1064 width=121)
	  Sort Key: c
	  ->  Bitmap Heap Scan on sbtest6  (cost=35.34..4118.70 rows=1064 width=121)
	        Recheck Cond: ((id >= 9075364) AND (id <= 9076363))
	        ->  Bitmap Index Scan on sbtest6_pkey  (cost=0.00..35.08 rows=1064 width=0)
	              Index Cond: ((id >= 9075364) AND (id <= 9076363))

table 7 : explain SELECT c FROM sbtest7 WHERE id BETWEEN 705018 AND 706017 ORDER BY c
	Sort  (cost=3978.83..3981.36 rows=1015 width=121)
	  Sort Key: c
	  ->  Bitmap Heap Scan on sbtest7  (cost=30.84..3928.14 rows=1015 width=121)
	        Recheck Cond: ((id >= 705018) AND (id <= 706017))
	        ->  Bitmap Index Scan on sbtest7_pkey  (cost=0.00..30.58 rows=1015 width=0)
	              Index Cond: ((id >= 705018) AND (id <= 706017))

table 8 : explain SELECT c FROM sbtest8 WHERE id BETWEEN 4136317 AND 4137316 ORDER BY c
	Sort  (cost=4011.93..4014.49 rows=1023 width=121)
	  Sort Key: c
	  ->  Bitmap Heap Scan on sbtest8  (cost=30.92..3960.79 rows=1023 width=121)
	        Recheck Cond: ((id >= 4136317) AND (id <= 4137316))
	        ->  Bitmap Index Scan on sbtest8_pkey  (cost=0.00..30.66 rows=1023 width=0)
	              Index Cond: ((id >= 4136317) AND (id <= 4137316))

for: sum_ranges
table 1 : explain SELECT SUM(k) FROM sbtest1 WHERE id BETWEEN 6067258 AND 6068257
	Aggregate  (cost=3813.57..3813.58 rows=1 width=8)
	  ->  Bitmap Heap Scan on sbtest1  (cost=30.51..3811.11 rows=983 width=4)
	        Recheck Cond: ((id >= 6067258) AND (id <= 6068257))
	        ->  Bitmap Index Scan on sbtest1_pkey  (cost=0.00..30.26 rows=983 width=0)
	              Index Cond: ((id >= 6067258) AND (id <= 6068257))

table 2 : explain SELECT SUM(k) FROM sbtest2 WHERE id BETWEEN 1526424 AND 1527423
	Aggregate  (cost=3520.81..3520.82 rows=1 width=8)
	  ->  Bitmap Heap Scan on sbtest2  (cost=29.72..3518.54 rows=906 width=4)
	        Recheck Cond: ((id >= 1526424) AND (id <= 1527423))
	        ->  Bitmap Index Scan on sbtest2_pkey  (cost=0.00..29.50 rows=906 width=0)
	              Index Cond: ((id >= 1526424) AND (id <= 1527423))

table 3 : explain SELECT SUM(k) FROM sbtest3 WHERE id BETWEEN 7242763 AND 7243762
	Aggregate  (cost=4059.37..4059.38 rows=1 width=8)
	  ->  Bitmap Heap Scan on sbtest3  (cost=31.19..4056.74 rows=1049 width=4)
	        Recheck Cond: ((id >= 7242763) AND (id <= 7243762))
	        ->  Bitmap Index Scan on sbtest3_pkey  (cost=0.00..30.93 rows=1049 width=0)
	              Index Cond: ((id >= 7242763) AND (id <= 7243762))

table 4 : explain SELECT SUM(k) FROM sbtest4 WHERE id BETWEEN 7213898 AND 7214897
	Aggregate  (cost=3796.91..3796.92 rows=1 width=8)
	  ->  Bitmap Heap Scan on sbtest4  (cost=30.47..3794.47 rows=979 width=4)
	        Recheck Cond: ((id >= 7213898) AND (id <= 7214897))
	        ->  Bitmap Index Scan on sbtest4_pkey  (cost=0.00..30.22 rows=979 width=0)
	              Index Cond: ((id >= 7213898) AND (id <= 7214897))

table 5 : explain SELECT SUM(k) FROM sbtest5 WHERE id BETWEEN 2837220 AND 2838219
	Aggregate  (cost=3558.89..3558.90 rows=1 width=8)
	  ->  Bitmap Heap Scan on sbtest5  (cost=29.82..3556.60 rows=916 width=4)
	        Recheck Cond: ((id >= 2837220) AND (id <= 2838219))
	        ->  Bitmap Index Scan on sbtest5_pkey  (cost=0.00..29.59 rows=916 width=0)
	              Index Cond: ((id >= 2837220) AND (id <= 2838219))

table 6 : explain SELECT SUM(k) FROM sbtest6 WHERE id BETWEEN 6561906 AND 6562905
	Aggregate  (cost=3679.52..3679.53 rows=1 width=8)
	  ->  Bitmap Heap Scan on sbtest6  (cost=30.15..3677.15 rows=948 width=4)
	        Recheck Cond: ((id >= 6561906) AND (id <= 6562905))
	        ->  Bitmap Index Scan on sbtest6_pkey  (cost=0.00..29.91 rows=948 width=0)
	              Index Cond: ((id >= 6561906) AND (id <= 6562905))

table 7 : explain SELECT SUM(k) FROM sbtest7 WHERE id BETWEEN 2007069 AND 2008068
	Aggregate  (cost=3647.53..3647.54 rows=1 width=8)
	  ->  Bitmap Heap Scan on sbtest7  (cost=30.07..3645.18 rows=940 width=4)
	        Recheck Cond: ((id >= 2007069) AND (id <= 2008068))
	        ->  Bitmap Index Scan on sbtest7_pkey  (cost=0.00..29.83 rows=940 width=0)
	              Index Cond: ((id >= 2007069) AND (id <= 2008068))

table 8 : explain SELECT SUM(k) FROM sbtest8 WHERE id BETWEEN 6843092 AND 6844091
	Aggregate  (cost=4148.32..4148.33 rows=1 width=8)
	  ->  Bitmap Heap Scan on sbtest8  (cost=35.41..4145.64 rows=1071 width=4)
	        Recheck Cond: ((id >= 6843092) AND (id <= 6844091))
	        ->  Bitmap Index Scan on sbtest8_pkey  (cost=0.00..35.15 rows=1071 width=0)
	              Index Cond: ((id >= 6843092) AND (id <= 6844091))

explain: for point_selects :: explain SELECT c FROM sbtest%u WHERE id=%u
for: sum_ranges
table 1 : explain SELECT SUM(k) FROM sbtest1 WHERE id BETWEEN 697759 AND 698758
	Aggregate  (cost=3874.03..3874.04 rows=1 width=8)
	  ->  Bitmap Heap Scan on sbtest1  (cost=30.67..3871.54 rows=999 width=4)
	        Recheck Cond: ((id >= 697759) AND (id <= 698758))
	        ->  Bitmap Index Scan on sbtest1_pkey  (cost=0.00..30.43 rows=999 width=0)
	              Index Cond: ((id >= 697759) AND (id <= 698758))

table 2 : explain SELECT SUM(k) FROM sbtest2 WHERE id BETWEEN 1854643 AND 1855642
	Aggregate  (cost=3917.81..3917.82 rows=1 width=8)
	  ->  Bitmap Heap Scan on sbtest2  (cost=30.80..3915.28 rows=1011 width=4)
	        Recheck Cond: ((id >= 1854643) AND (id <= 1855642))
	        ->  Bitmap Index Scan on sbtest2_pkey  (cost=0.00..30.54 rows=1011 width=0)
	              Index Cond: ((id >= 1854643) AND (id <= 1855642))

table 3 : explain SELECT SUM(k) FROM sbtest3 WHERE id BETWEEN 4262101 AND 4263100
	Aggregate  (cost=3825.57..3825.58 rows=1 width=8)
	  ->  Bitmap Heap Scan on sbtest3  (cost=30.55..3823.10 rows=987 width=4)
	        Recheck Cond: ((id >= 4262101) AND (id <= 4263100))
	        ->  Bitmap Index Scan on sbtest3_pkey  (cost=0.00..30.30 rows=987 width=0)
	              Index Cond: ((id >= 4262101) AND (id <= 4263100))

table 4 : explain SELECT SUM(k) FROM sbtest4 WHERE id BETWEEN 7658071 AND 7659070
	Aggregate  (cost=4204.47..4204.48 rows=1 width=8)
	  ->  Bitmap Heap Scan on sbtest4  (cost=35.57..4201.75 rows=1086 width=4)
	        Recheck Cond: ((id >= 7658071) AND (id <= 7659070))
	        ->  Bitmap Index Scan on sbtest4_pkey  (cost=0.00..35.30 rows=1086 width=0)
	              Index Cond: ((id >= 7658071) AND (id <= 7659070))

table 5 : explain SELECT SUM(k) FROM sbtest5 WHERE id BETWEEN 3540394 AND 3541393
	Aggregate  (cost=3884.08..3884.09 rows=1 width=8)
	  ->  Bitmap Heap Scan on sbtest5  (cost=30.71..3881.57 rows=1002 width=4)
	        Recheck Cond: ((id >= 3540394) AND (id <= 3541393))
	        ->  Bitmap Index Scan on sbtest5_pkey  (cost=0.00..30.45 rows=1002 width=0)
	              Index Cond: ((id >= 3540394) AND (id <= 3541393))

table 6 : explain SELECT SUM(k) FROM sbtest6 WHERE id BETWEEN 7801886 AND 7802885
	Aggregate  (cost=3331.03..3331.04 rows=1 width=8)
	  ->  Bitmap Heap Scan on sbtest6  (cost=29.21..3328.89 rows=856 width=4)
	        Recheck Cond: ((id >= 7801886) AND (id <= 7802885))
	        ->  Bitmap Index Scan on sbtest6_pkey  (cost=0.00..29.00 rows=856 width=0)
	              Index Cond: ((id >= 7801886) AND (id <= 7802885))

table 7 : explain SELECT SUM(k) FROM sbtest7 WHERE id BETWEEN 2396978 AND 2397977
	Aggregate  (cost=3310.57..3310.58 rows=1 width=8)
	  ->  Bitmap Heap Scan on sbtest7  (cost=29.16..3308.44 rows=851 width=4)
	        Recheck Cond: ((id >= 2396978) AND (id <= 2397977))
	        ->  Bitmap Index Scan on sbtest7_pkey  (cost=0.00..28.94 rows=851 width=0)
	              Index Cond: ((id >= 2396978) AND (id <= 2397977))

table 8 : explain SELECT SUM(k) FROM sbtest8 WHERE id BETWEEN 3052587 AND 3053586
	Aggregate  (cost=3948.25..3948.26 rows=1 width=8)
	  ->  Bitmap Heap Scan on sbtest8  (cost=30.88..3945.71 rows=1019 width=4)
	        Recheck Cond: ((id >= 3052587) AND (id <= 3053586))
	        ->  Bitmap Index Scan on sbtest8_pkey  (cost=0.00..30.62 rows=1019 width=0)
	              Index Cond: ((id >= 3052587) AND (id <= 3053586))

for point_selects
table 1 : explain SELECT c FROM sbtest1 WHERE id=6498238
	Index Scan using sbtest1_pkey on sbtest1  (cost=0.43..8.45 rows=1 width=121)
	  Index Cond: (id = 6498238)

table 2 : explain SELECT c FROM sbtest2 WHERE id=4204851
	Index Scan using sbtest2_pkey on sbtest2  (cost=0.43..8.45 rows=1 width=121)
	  Index Cond: (id = 4204851)

table 3 : explain SELECT c FROM sbtest3 WHERE id=3517042
	Index Scan using sbtest3_pkey on sbtest3  (cost=0.43..8.45 rows=1 width=121)
	  Index Cond: (id = 3517042)

table 4 : explain SELECT c FROM sbtest4 WHERE id=9289402
	Index Scan using sbtest4_pkey on sbtest4  (cost=0.43..8.45 rows=1 width=121)
	  Index Cond: (id = 9289402)

table 5 : explain SELECT c FROM sbtest5 WHERE id=2646740
	Index Scan using sbtest5_pkey on sbtest5  (cost=0.43..8.45 rows=1 width=121)
	  Index Cond: (id = 2646740)

table 6 : explain SELECT c FROM sbtest6 WHERE id=2666941
	Index Scan using sbtest6_pkey on sbtest6  (cost=0.43..8.45 rows=1 width=121)
	  Index Cond: (id = 2666941)

table 7 : explain SELECT c FROM sbtest7 WHERE id=5561502
	Index Scan using sbtest7_pkey on sbtest7  (cost=0.43..8.45 rows=1 width=121)
	  Index Cond: (id = 5561502)

table 8 : explain SELECT c FROM sbtest8 WHERE id=5471648
	Index Scan using sbtest8_pkey on sbtest8  (cost=0.43..8.45 rows=1 width=121)
	  Index Cond: (id = 5471648)

for: distinct_ranges
table 1 : explain SELECT DISTINCT c FROM sbtest1 WHERE id BETWEEN 5450396 AND 5451395 ORDER BY c
	Unique  (cost=3948.13..3953.16 rows=1006 width=121)
	  ->  Sort  (cost=3948.13..3950.65 rows=1006 width=121)
	        Sort Key: c
	        ->  Bitmap Heap Scan on sbtest1  (cost=30.75..3897.96 rows=1006 width=121)
	              Recheck Cond: ((id >= 5450396) AND (id <= 5451395))
	              ->  Bitmap Index Scan on sbtest1_pkey  (cost=0.00..30.50 rows=1006 width=0)
	                    Index Cond: ((id >= 5450396) AND (id <= 5451395))

table 2 : explain SELECT DISTINCT c FROM sbtest2 WHERE id BETWEEN 8668099 AND 8669098 ORDER BY c
	Unique  (cost=3961.91..3966.96 rows=1010 width=121)
	  ->  Sort  (cost=3961.91..3964.44 rows=1010 width=121)
	        Sort Key: c
	        ->  Bitmap Heap Scan on sbtest2  (cost=30.79..3911.51 rows=1010 width=121)
	              Recheck Cond: ((id >= 8668099) AND (id <= 8669098))
	              ->  Bitmap Index Scan on sbtest2_pkey  (cost=0.00..30.54 rows=1010 width=0)
	                    Index Cond: ((id >= 8668099) AND (id <= 8669098))

table 3 : explain SELECT DISTINCT c FROM sbtest3 WHERE id BETWEEN 3458563 AND 3459562 ORDER BY c
	Unique  (cost=3810.91..3815.76 rows=971 width=121)
	  ->  Sort  (cost=3810.91..3813.33 rows=971 width=121)
	        Sort Key: c
	        ->  Bitmap Heap Scan on sbtest3  (cost=30.39..3762.73 rows=971 width=121)
	              Recheck Cond: ((id >= 3458563) AND (id <= 3459562))
	              ->  Bitmap Index Scan on sbtest3_pkey  (cost=0.00..30.14 rows=971 width=0)
	                    Index Cond: ((id >= 3458563) AND (id <= 3459562))

table 4 : explain SELECT DISTINCT c FROM sbtest4 WHERE id BETWEEN 4998408 AND 4999407 ORDER BY c
	Unique  (cost=4057.54..4062.71 rows=1035 width=121)
	  ->  Sort  (cost=4057.54..4060.13 rows=1035 width=121)
	        Sort Key: c
	        ->  Bitmap Heap Scan on sbtest4  (cost=31.04..4005.71 rows=1035 width=121)
	              Recheck Cond: ((id >= 4998408) AND (id <= 4999407))
	              ->  Bitmap Index Scan on sbtest4_pkey  (cost=0.00..30.79 rows=1035 width=0)
	                    Index Cond: ((id >= 4998408) AND (id <= 4999407))

table 5 : explain SELECT DISTINCT c FROM sbtest5 WHERE id BETWEEN 1261230 AND 1262229 ORDER BY c
	Unique  (cost=3935.35..3940.36 rows=1003 width=121)
	  ->  Sort  (cost=3935.35..3937.85 rows=1003 width=121)
	        Sort Key: c
	        ->  Bitmap Heap Scan on sbtest5  (cost=30.72..3885.35 rows=1003 width=121)
	              Recheck Cond: ((id >= 1261230) AND (id <= 1262229))
	              ->  Bitmap Index Scan on sbtest5_pkey  (cost=0.00..30.46 rows=1003 width=0)
	                    Index Cond: ((id >= 1261230) AND (id <= 1262229))

table 6 : explain SELECT DISTINCT c FROM sbtest6 WHERE id BETWEEN 6827796 AND 6828795 ORDER BY c
	Unique  (cost=3992.25..3997.34 rows=1018 width=121)
	  ->  Sort  (cost=3992.25..3994.80 rows=1018 width=121)
	        Sort Key: c
	        ->  Bitmap Heap Scan on sbtest6  (cost=30.87..3941.39 rows=1018 width=121)
	              Recheck Cond: ((id >= 6827796) AND (id <= 6828795))
	              ->  Bitmap Index Scan on sbtest6_pkey  (cost=0.00..30.61 rows=1018 width=0)
	                    Index Cond: ((id >= 6827796) AND (id <= 6828795))

table 7 : explain SELECT DISTINCT c FROM sbtest7 WHERE id BETWEEN 570612 AND 571611 ORDER BY c
	Unique  (cost=3940.57..3945.59 rows=1005 width=121)
	  ->  Sort  (cost=3940.57..3943.08 rows=1005 width=121)
	        Sort Key: c
	        ->  Bitmap Heap Scan on sbtest7  (cost=30.74..3890.46 rows=1005 width=121)
	              Recheck Cond: ((id >= 570612) AND (id <= 571611))
	              ->  Bitmap Index Scan on sbtest7_pkey  (cost=0.00..30.48 rows=1005 width=0)
	                    Index Cond: ((id >= 570612) AND (id <= 571611))

table 8 : explain SELECT DISTINCT c FROM sbtest8 WHERE id BETWEEN 2112692 AND 2113691 ORDER BY c
	Unique  (cost=3866.39..3871.31 rows=985 width=121)
	  ->  Sort  (cost=3866.39..3868.85 rows=985 width=121)
	        Sort Key: c
	        ->  Bitmap Heap Scan on sbtest8  (cost=30.53..3817.41 rows=985 width=121)
	              Recheck Cond: ((id >= 2112692) AND (id <= 2113691))
	              ->  Bitmap Index Scan on sbtest8_pkey  (cost=0.00..30.29 rows=985 width=0)
	                    Index Cond: ((id >= 2112692) AND (id <= 2113691))

for: sum_ranges
table 1 : explain SELECT SUM(k) FROM sbtest1 WHERE id BETWEEN 8651246 AND 8652245
	Aggregate  (cost=3753.07..3753.08 rows=1 width=8)
	  ->  Bitmap Heap Scan on sbtest1  (cost=30.35..3750.65 rows=967 width=4)
	        Recheck Cond: ((id >= 8651246) AND (id <= 8652245))
	        ->  Bitmap Index Scan on sbtest1_pkey  (cost=0.00..30.11 rows=967 width=0)
	              Index Cond: ((id >= 8651246) AND (id <= 8652245))

table 2 : explain SELECT SUM(k) FROM sbtest2 WHERE id BETWEEN 7208364 AND 7209363
	Aggregate  (cost=3876.29..3876.30 rows=1 width=8)
	  ->  Bitmap Heap Scan on sbtest2  (cost=30.68..3873.79 rows=1000 width=4)
	        Recheck Cond: ((id >= 7208364) AND (id <= 7209363))
	        ->  Bitmap Index Scan on sbtest2_pkey  (cost=0.00..30.43 rows=1000 width=0)
	              Index Cond: ((id >= 7208364) AND (id <= 7209363))

table 3 : explain SELECT SUM(k) FROM sbtest3 WHERE id BETWEEN 3229424 AND 3230423
	Aggregate  (cost=3470.16..3470.17 rows=1 width=8)
	  ->  Bitmap Heap Scan on sbtest3  (cost=29.59..3467.93 rows=893 width=4)
	        Recheck Cond: ((id >= 3229424) AND (id <= 3230423))
	        ->  Bitmap Index Scan on sbtest3_pkey  (cost=0.00..29.36 rows=893 width=0)
	              Index Cond: ((id >= 3229424) AND (id <= 3230423))

table 4 : explain SELECT SUM(k) FROM sbtest4 WHERE id BETWEEN 8283943 AND 8284942
	Aggregate  (cost=3929.07..3929.08 rows=1 width=8)
	  ->  Bitmap Heap Scan on sbtest4  (cost=30.83..3926.54 rows=1014 width=4)
	        Recheck Cond: ((id >= 8283943) AND (id <= 8284942))
	        ->  Bitmap Index Scan on sbtest4_pkey  (cost=0.00..30.57 rows=1014 width=0)
	              Index Cond: ((id >= 8283943) AND (id <= 8284942))

table 5 : explain SELECT SUM(k) FROM sbtest5 WHERE id BETWEEN 4564768 AND 4565767
	Aggregate  (cost=4550.74..4550.75 rows=1 width=8)
	  ->  Bitmap Heap Scan on sbtest5  (cost=36.52..4547.80 rows=1179 width=4)
	        Recheck Cond: ((id >= 4564768) AND (id <= 4565767))
	        ->  Bitmap Index Scan on sbtest5_pkey  (cost=0.00..36.23 rows=1179 width=0)
	              Index Cond: ((id >= 4564768) AND (id <= 4565767))

table 6 : explain SELECT SUM(k) FROM sbtest6 WHERE id BETWEEN 2303424 AND 2304423
	Aggregate  (cost=3777.81..3777.82 rows=1 width=8)
	  ->  Bitmap Heap Scan on sbtest6  (cost=30.42..3775.37 rows=974 width=4)
	        Recheck Cond: ((id >= 2303424) AND (id <= 2304423))
	        ->  Bitmap Index Scan on sbtest6_pkey  (cost=0.00..30.18 rows=974 width=0)
	              Index Cond: ((id >= 2303424) AND (id <= 2304423))

table 7 : explain SELECT SUM(k) FROM sbtest7 WHERE id BETWEEN 6340868 AND 6341867
	Aggregate  (cost=3552.99..3553.00 rows=1 width=8)
	  ->  Bitmap Heap Scan on sbtest7  (cost=29.81..3550.70 rows=915 width=4)
	        Recheck Cond: ((id >= 6340868) AND (id <= 6341867))
	        ->  Bitmap Index Scan on sbtest7_pkey  (cost=0.00..29.58 rows=915 width=0)
	              Index Cond: ((id >= 6340868) AND (id <= 6341867))

table 8 : explain SELECT SUM(k) FROM sbtest8 WHERE id BETWEEN 7184806 AND 7185805
	Aggregate  (cost=3929.38..3929.39 rows=1 width=8)
	  ->  Bitmap Heap Scan on sbtest8  (cost=30.83..3926.85 rows=1014 width=4)
	        Recheck Cond: ((id >= 7184806) AND (id <= 7185805))
	        ->  Bitmap Index Scan on sbtest8_pkey  (cost=0.00..30.57 rows=1014 width=0)
	              Index Cond: ((id >= 7184806) AND (id <= 7185805))

for: order_ranges
table 1 : explain SELECT c FROM sbtest1 WHERE id BETWEEN 2962348 AND 2963347 ORDER BY c
	Sort  (cost=3871.47..3873.94 rows=986 width=121)
	  Sort Key: c
	  ->  Bitmap Heap Scan on sbtest1  (cost=30.54..3822.44 rows=986 width=121)
	        Recheck Cond: ((id >= 2962348) AND (id <= 2963347))
	        ->  Bitmap Index Scan on sbtest1_pkey  (cost=0.00..30.29 rows=986 width=0)
	              Index Cond: ((id >= 2962348) AND (id <= 2963347))

table 2 : explain SELECT c FROM sbtest2 WHERE id BETWEEN 2435040 AND 2436039 ORDER BY c
	Sort  (cost=3858.48..3860.94 rows=983 width=121)
	  Sort Key: c
	  ->  Bitmap Heap Scan on sbtest2  (cost=30.51..3809.62 rows=983 width=121)
	        Recheck Cond: ((id >= 2435040) AND (id <= 2436039))
	        ->  Bitmap Index Scan on sbtest2_pkey  (cost=0.00..30.26 rows=983 width=0)
	              Index Cond: ((id >= 2435040) AND (id <= 2436039))

table 3 : explain SELECT c FROM sbtest3 WHERE id BETWEEN 1409795 AND 1410794 ORDER BY c
	Sort  (cost=3784.09..3786.50 rows=964 width=121)
	  Sort Key: c
	  ->  Bitmap Heap Scan on sbtest3  (cost=30.32..3736.31 rows=964 width=121)
	        Recheck Cond: ((id >= 1409795) AND (id <= 1410794))
	        ->  Bitmap Index Scan on sbtest3_pkey  (cost=0.00..30.07 rows=964 width=0)
	              Index Cond: ((id >= 1409795) AND (id <= 1410794))

table 4 : explain SELECT c FROM sbtest4 WHERE id BETWEEN 8872429 AND 8873428 ORDER BY c
	Sort  (cost=3885.25..3887.72 rows=990 width=121)
	  Sort Key: c
	  ->  Bitmap Heap Scan on sbtest4  (cost=30.58..3835.99 rows=990 width=121)
	        Recheck Cond: ((id >= 8872429) AND (id <= 8873428))
	        ->  Bitmap Index Scan on sbtest4_pkey  (cost=0.00..30.33 rows=990 width=0)
	              Index Cond: ((id >= 8872429) AND (id <= 8873428))

table 5 : explain SELECT c FROM sbtest5 WHERE id BETWEEN 7447402 AND 7448401 ORDER BY c
	Sort  (cost=4180.42..4183.08 rows=1066 width=121)
	  Sort Key: c
	  ->  Bitmap Heap Scan on sbtest5  (cost=35.36..4126.81 rows=1066 width=121)
	        Recheck Cond: ((id >= 7447402) AND (id <= 7448401))
	        ->  Bitmap Index Scan on sbtest5_pkey  (cost=0.00..35.09 rows=1066 width=0)
	              Index Cond: ((id >= 7447402) AND (id <= 7448401))

table 6 : explain SELECT c FROM sbtest6 WHERE id BETWEEN 4961881 AND 4962880 ORDER BY c
	Sort  (cost=4122.32..4124.95 rows=1052 width=121)
	  Sort Key: c
	  ->  Bitmap Heap Scan on sbtest6  (cost=31.22..4069.52 rows=1052 width=121)
	        Recheck Cond: ((id >= 4961881) AND (id <= 4962880))
	        ->  Bitmap Index Scan on sbtest6_pkey  (cost=0.00..30.95 rows=1052 width=0)
	              Index Cond: ((id >= 4961881) AND (id <= 4962880))

table 7 : explain SELECT c FROM sbtest7 WHERE id BETWEEN 552669 AND 553668 ORDER BY c
	Sort  (cost=3940.57..3943.08 rows=1005 width=121)
	  Sort Key: c
	  ->  Bitmap Heap Scan on sbtest7  (cost=30.74..3890.46 rows=1005 width=121)
	        Recheck Cond: ((id >= 552669) AND (id <= 553668))
	        ->  Bitmap Index Scan on sbtest7_pkey  (cost=0.00..30.48 rows=1005 width=0)
	              Index Cond: ((id >= 552669) AND (id <= 553668))

table 8 : explain SELECT c FROM sbtest8 WHERE id BETWEEN 1591925 AND 1592924 ORDER BY c
	Sort  (cost=4134.54..4137.17 rows=1054 width=121)
	  Sort Key: c
	  ->  Bitmap Heap Scan on sbtest8  (cost=35.24..4081.62 rows=1054 width=121)
	        Recheck Cond: ((id >= 1591925) AND (id <= 1592924))
	        ->  Bitmap Index Scan on sbtest8_pkey  (cost=0.00..34.98 rows=1054 width=0)
	              Index Cond: ((id >= 1591925) AND (id <= 1592924))

for: order_ranges
table 1 : explain SELECT c FROM sbtest1 WHERE id BETWEEN 2042164 AND 2043163 ORDER BY c
	Sort  (cost=4032.40..4034.97 rows=1028 width=121)
	  Sort Key: c
	  ->  Bitmap Heap Scan on sbtest1  (cost=30.97..3980.98 rows=1028 width=121)
	        Recheck Cond: ((id >= 2042164) AND (id <= 2043163))
	        ->  Bitmap Index Scan on sbtest1_pkey  (cost=0.00..30.71 rows=1028 width=0)
	              Index Cond: ((id >= 2042164) AND (id <= 2043163))

table 2 : explain SELECT c FROM sbtest2 WHERE id BETWEEN 2876130 AND 2877129 ORDER BY c
	Sort  (cost=3866.15..3868.61 rows=985 width=121)
	  Sort Key: c
	  ->  Bitmap Heap Scan on sbtest2  (cost=30.53..3817.17 rows=985 width=121)
	        Recheck Cond: ((id >= 2876130) AND (id <= 2877129))
	        ->  Bitmap Index Scan on sbtest2_pkey  (cost=0.00..30.29 rows=985 width=0)
	              Index Cond: ((id >= 2876130) AND (id <= 2877129))

table 3 : explain SELECT c FROM sbtest3 WHERE id BETWEEN 5375308 AND 5376307 ORDER BY c
	Sort  (cost=4029.09..4031.66 rows=1028 width=121)
	  Sort Key: c
	  ->  Bitmap Heap Scan on sbtest3  (cost=30.97..3977.66 rows=1028 width=121)
	        Recheck Cond: ((id >= 5375308) AND (id <= 5376307))
	        ->  Bitmap Index Scan on sbtest3_pkey  (cost=0.00..30.71 rows=1028 width=0)
	              Index Cond: ((id >= 5375308) AND (id <= 5376307))

table 4 : explain SELECT c FROM sbtest4 WHERE id BETWEEN 5186089 AND 5187088 ORDER BY c
	Sort  (cost=4164.62..4167.28 rows=1063 width=121)
	  Sort Key: c
	  ->  Bitmap Heap Scan on sbtest4  (cost=31.33..4111.18 rows=1063 width=121)
	        Recheck Cond: ((id >= 5186089) AND (id <= 5187088))
	        ->  Bitmap Index Scan on sbtest4_pkey  (cost=0.00..31.07 rows=1063 width=0)
	              Index Cond: ((id >= 5186089) AND (id <= 5187088))

table 5 : explain SELECT c FROM sbtest5 WHERE id BETWEEN 9927715 AND 9928714 ORDER BY c
	Sort  (cost=3559.41..3561.67 rows=905 width=121)
	  Sort Key: c
	  ->  Bitmap Heap Scan on sbtest5  (cost=29.71..3514.97 rows=905 width=121)
	        Recheck Cond: ((id >= 9927715) AND (id <= 9928714))
	        ->  Bitmap Index Scan on sbtest5_pkey  (cost=0.00..29.48 rows=905 width=0)
	              Index Cond: ((id >= 9927715) AND (id <= 9928714))

table 6 : explain SELECT c FROM sbtest6 WHERE id BETWEEN 9030047 AND 9031046 ORDER BY c
	Sort  (cost=4172.20..4174.86 rows=1064 width=121)
	  Sort Key: c
	  ->  Bitmap Heap Scan on sbtest6  (cost=35.34..4118.70 rows=1064 width=121)
	        Recheck Cond: ((id >= 9030047) AND (id <= 9031046))
	        ->  Bitmap Index Scan on sbtest6_pkey  (cost=0.00..35.08 rows=1064 width=0)
	              Index Cond: ((id >= 9030047) AND (id <= 9031046))

table 7 : explain SELECT c FROM sbtest7 WHERE id BETWEEN 3384601 AND 3385600 ORDER BY c
	Sort  (cost=3810.40..3812.83 rows=971 width=121)
	  Sort Key: c
	  ->  Bitmap Heap Scan on sbtest7  (cost=30.39..3762.23 rows=971 width=121)
	        Recheck Cond: ((id >= 3384601) AND (id <= 3385600))
	        ->  Bitmap Index Scan on sbtest7_pkey  (cost=0.00..30.14 rows=971 width=0)
	              Index Cond: ((id >= 3384601) AND (id <= 3385600))

table 8 : explain SELECT c FROM sbtest8 WHERE id BETWEEN 4895580 AND 4896579 ORDER BY c
	Sort  (cost=4306.51..4309.26 rows=1099 width=121)
	  Sort Key: c
	  ->  Bitmap Heap Scan on sbtest8  (cost=35.70..4251.00 rows=1099 width=121)
	        Recheck Cond: ((id >= 4895580) AND (id <= 4896579))
	        ->  Bitmap Index Scan on sbtest8_pkey  (cost=0.00..35.43 rows=1099 width=0)
	              Index Cond: ((id >= 4895580) AND (id <= 4896579))

for: simple_ranges
table 1 : explain SELECT c FROM sbtest1 WHERE id BETWEEN 4167439 AND 4168438
	Bitmap Heap Scan on sbtest1  (cost=31.01..3996.06 rows=1032 width=121)
	  Recheck Cond: ((id >= 4167439) AND (id <= 4168438))
	  ->  Bitmap Index Scan on sbtest1_pkey  (cost=0.00..30.75 rows=1032 width=0)
	        Index Cond: ((id >= 4167439) AND (id <= 4168438))

table 2 : explain SELECT c FROM sbtest2 WHERE id BETWEEN 5431747 AND 5432746
	Bitmap Heap Scan on sbtest2  (cost=30.39..3764.31 rows=971 width=121)
	  Recheck Cond: ((id >= 5431747) AND (id <= 5432746))
	  ->  Bitmap Index Scan on sbtest2_pkey  (cost=0.00..30.14 rows=971 width=0)
	        Index Cond: ((id >= 5431747) AND (id <= 5432746))

table 3 : explain SELECT c FROM sbtest3 WHERE id BETWEEN 907955 AND 908954
	Bitmap Heap Scan on sbtest3  (cost=30.33..3740.08 rows=965 width=121)
	  Recheck Cond: ((id >= 907955) AND (id <= 908954))
	  ->  Bitmap Index Scan on sbtest3_pkey  (cost=0.00..30.08 rows=965 width=0)
	        Index Cond: ((id >= 907955) AND (id <= 908954))

table 4 : explain SELECT c FROM sbtest4 WHERE id BETWEEN 933489 AND 934488
	Bitmap Heap Scan on sbtest4  (cost=30.32..3737.82 rows=964 width=121)
	  Recheck Cond: ((id >= 933489) AND (id <= 934488))
	  ->  Bitmap Index Scan on sbtest4_pkey  (cost=0.00..30.07 rows=964 width=0)
	        Index Cond: ((id >= 933489) AND (id <= 934488))

table 5 : explain SELECT c FROM sbtest5 WHERE id BETWEEN 1082169 AND 1083168
	Bitmap Heap Scan on sbtest5  (cost=30.12..3666.29 rows=945 width=121)
	  Recheck Cond: ((id >= 1082169) AND (id <= 1083168))
	  ->  Bitmap Index Scan on sbtest5_pkey  (cost=0.00..29.89 rows=945 width=0)
	        Index Cond: ((id >= 1082169) AND (id <= 1083168))

table 6 : explain SELECT c FROM sbtest6 WHERE id BETWEEN 2348036 AND 2349035
	Bitmap Heap Scan on sbtest6  (cost=30.42..3775.37 rows=974 width=121)
	  Recheck Cond: ((id >= 2348036) AND (id <= 2349035))
	  ->  Bitmap Index Scan on sbtest6_pkey  (cost=0.00..30.18 rows=974 width=0)
	        Index Cond: ((id >= 2348036) AND (id <= 2349035))

table 7 : explain SELECT c FROM sbtest7 WHERE id BETWEEN 1497806 AND 1498805
	Bitmap Heap Scan on sbtest7  (cost=30.78..3905.53 rows=1009 width=121)
	  Recheck Cond: ((id >= 1497806) AND (id <= 1498805))
	  ->  Bitmap Index Scan on sbtest7_pkey  (cost=0.00..30.52 rows=1009 width=0)
	        Index Cond: ((id >= 1497806) AND (id <= 1498805))

table 8 : explain SELECT c FROM sbtest8 WHERE id BETWEEN 6282657 AND 6283656
	Bitmap Heap Scan on sbtest8  (cost=30.45..3787.21 rows=977 width=121)
	  Recheck Cond: ((id >= 6282657) AND (id <= 6283656))
	  ->  Bitmap Index Scan on sbtest8_pkey  (cost=0.00..30.20 rows=977 width=0)
	        Index Cond: ((id >= 6282657) AND (id <= 6283656))

for: simple_ranges
table 1 : explain SELECT c FROM sbtest1 WHERE id BETWEEN 5122031 AND 5123030
	Bitmap Heap Scan on sbtest1  (cost=30.66..3867.76 rows=998 width=121)
	  Recheck Cond: ((id >= 5122031) AND (id <= 5123030))
	  ->  Bitmap Index Scan on sbtest1_pkey  (cost=0.00..30.41 rows=998 width=0)
	        Index Cond: ((id >= 5122031) AND (id <= 5123030))

table 2 : explain SELECT c FROM sbtest2 WHERE id BETWEEN 5270688 AND 5271687
	Bitmap Heap Scan on sbtest2  (cost=31.18..4054.75 rows=1048 width=121)
	  Recheck Cond: ((id >= 5270688) AND (id <= 5271687))
	  ->  Bitmap Index Scan on sbtest2_pkey  (cost=0.00..30.91 rows=1048 width=0)
	        Index Cond: ((id >= 5270688) AND (id <= 5271687))

table 3 : explain SELECT c FROM sbtest3 WHERE id BETWEEN 2561506 AND 2562505
	Bitmap Heap Scan on sbtest3  (cost=29.91..3585.19 rows=924 width=121)
	  Recheck Cond: ((id >= 2561506) AND (id <= 2562505))
	  ->  Bitmap Index Scan on sbtest3_pkey  (cost=0.00..29.68 rows=924 width=0)
	        Index Cond: ((id >= 2561506) AND (id <= 2562505))

table 4 : explain SELECT c FROM sbtest4 WHERE id BETWEEN 3718579 AND 3719578
	Bitmap Heap Scan on sbtest4  (cost=31.16..4047.16 rows=1046 width=121)
	  Recheck Cond: ((id >= 3718579) AND (id <= 3719578))
	  ->  Bitmap Index Scan on sbtest4_pkey  (cost=0.00..30.89 rows=1046 width=0)
	        Index Cond: ((id >= 3718579) AND (id <= 3719578))

table 5 : explain SELECT c FROM sbtest5 WHERE id BETWEEN 6958307 AND 6959306
	Bitmap Heap Scan on sbtest5  (cost=30.24..3711.65 rows=957 width=121)
	  Recheck Cond: ((id >= 6958307) AND (id <= 6959306))
	  ->  Bitmap Index Scan on sbtest5_pkey  (cost=0.00..30.00 rows=957 width=0)
	        Index Cond: ((id >= 6958307) AND (id <= 6959306))

table 6 : explain SELECT c FROM sbtest6 WHERE id BETWEEN 9871962 AND 9872961
	Bitmap Heap Scan on sbtest6  (cost=31.04..4005.47 rows=1035 width=121)
	  Recheck Cond: ((id >= 9871962) AND (id <= 9872961))
	  ->  Bitmap Index Scan on sbtest6_pkey  (cost=0.00..30.79 rows=1035 width=0)
	        Index Cond: ((id >= 9871962) AND (id <= 9872961))

table 7 : explain SELECT c FROM sbtest7 WHERE id BETWEEN 4037103 AND 4038102
	Bitmap Heap Scan on sbtest7  (cost=30.63..3852.76 rows=995 width=121)
	  Recheck Cond: ((id >= 4037103) AND (id <= 4038102))
	  ->  Bitmap Index Scan on sbtest7_pkey  (cost=0.00..30.39 rows=995 width=0)
	        Index Cond: ((id >= 4037103) AND (id <= 4038102))

table 8 : explain SELECT c FROM sbtest8 WHERE id BETWEEN 853990 AND 854989
	Bitmap Heap Scan on sbtest8  (cost=35.24..4081.62 rows=1054 width=121)
	  Recheck Cond: ((id >= 853990) AND (id <= 854989))
	  ->  Bitmap Index Scan on sbtest8_pkey  (cost=0.00..34.98 rows=1054 width=0)
	        Index Cond: ((id >= 853990) AND (id <= 854989))

for: simple_ranges
table 1 : explain SELECT c FROM sbtest1 WHERE id BETWEEN 7146776 AND 7147775
	Bitmap Heap Scan on sbtest1  (cost=30.23..3709.07 rows=956 width=121)
	  Recheck Cond: ((id >= 7146776) AND (id <= 7147775))
	  ->  Bitmap Index Scan on sbtest1_pkey  (cost=0.00..30.00 rows=956 width=0)
	        Index Cond: ((id >= 7146776) AND (id <= 7147775))

table 2 : explain SELECT c FROM sbtest2 WHERE id BETWEEN 7305268 AND 7306267
	Bitmap Heap Scan on sbtest2  (cost=35.22..4073.82 rows=1052 width=121)
	  Recheck Cond: ((id >= 7305268) AND (id <= 7306267))
	  ->  Bitmap Index Scan on sbtest2_pkey  (cost=0.00..34.95 rows=1052 width=0)
	        Index Cond: ((id >= 7305268) AND (id <= 7306267))

table 3 : explain SELECT c FROM sbtest3 WHERE id BETWEEN 1186895 AND 1187894
	Bitmap Heap Scan on sbtest3  (cost=30.73..3887.21 rows=1004 width=121)
	  Recheck Cond: ((id >= 1186895) AND (id <= 1187894))
	  ->  Bitmap Index Scan on sbtest3_pkey  (cost=0.00..30.47 rows=1004 width=0)
	        Index Cond: ((id >= 1186895) AND (id <= 1187894))

table 4 : explain SELECT c FROM sbtest4 WHERE id BETWEEN 369017 AND 370016
	Bitmap Heap Scan on sbtest4  (cost=30.25..3715.15 rows=958 width=121)
	  Recheck Cond: ((id >= 369017) AND (id <= 370016))
	  ->  Bitmap Index Scan on sbtest4_pkey  (cost=0.00..30.01 rows=958 width=0)
	        Index Cond: ((id >= 369017) AND (id <= 370016))

table 5 : explain SELECT c FROM sbtest5 WHERE id BETWEEN 1206184 AND 1207183
	Bitmap Heap Scan on sbtest5  (cost=30.72..3885.35 rows=1003 width=121)
	  Recheck Cond: ((id >= 1206184) AND (id <= 1207183))
	  ->  Bitmap Index Scan on sbtest5_pkey  (cost=0.00..30.46 rows=1003 width=0)
	        Index Cond: ((id >= 1206184) AND (id <= 1207183))

table 6 : explain SELECT c FROM sbtest6 WHERE id BETWEEN 9449289 AND 9450288
	Bitmap Heap Scan on sbtest6  (cost=35.29..4099.88 rows=1059 width=121)
	  Recheck Cond: ((id >= 9449289) AND (id <= 9450288))
	  ->  Bitmap Index Scan on sbtest6_pkey  (cost=0.00..35.03 rows=1059 width=0)
	        Index Cond: ((id >= 9449289) AND (id <= 9450288))

table 7 : explain SELECT c FROM sbtest7 WHERE id BETWEEN 5387988 AND 5388987
	Bitmap Heap Scan on sbtest7  (cost=29.55..3452.35 rows=889 width=121)
	  Recheck Cond: ((id >= 5387988) AND (id <= 5388987))
	  ->  Bitmap Index Scan on sbtest7_pkey  (cost=0.00..29.32 rows=889 width=0)
	        Index Cond: ((id >= 5387988) AND (id <= 5388987))

table 8 : explain SELECT c FROM sbtest8 WHERE id BETWEEN 6899199 AND 6900198
	Bitmap Heap Scan on sbtest8  (cost=30.87..3941.93 rows=1018 width=121)
	  Recheck Cond: ((id >= 6899199) AND (id <= 6900198))
	  ->  Bitmap Index Scan on sbtest8_pkey  (cost=0.00..30.61 rows=1018 width=0)
	        Index Cond: ((id >= 6899199) AND (id <= 6900198))

for: order_ranges
table 1 : explain SELECT c FROM sbtest1 WHERE id BETWEEN 9793375 AND 9794374 ORDER BY c
	Sort  (cost=4135.75..4138.39 rows=1055 width=121)
	  Sort Key: c
	  ->  Bitmap Heap Scan on sbtest1  (cost=31.25..4082.77 rows=1055 width=121)
	        Recheck Cond: ((id >= 9793375) AND (id <= 9794374))
	        ->  Bitmap Index Scan on sbtest1_pkey  (cost=0.00..30.98 rows=1055 width=0)
	              Index Cond: ((id >= 9793375) AND (id <= 9794374))

table 2 : explain SELECT c FROM sbtest2 WHERE id BETWEEN 9121383 AND 9122382 ORDER BY c
	Sort  (cost=3754.97..3757.36 rows=956 width=121)
	  Sort Key: c
	  ->  Bitmap Heap Scan on sbtest2  (cost=30.23..3707.64 rows=956 width=121)
	        Recheck Cond: ((id >= 9121383) AND (id <= 9122382))
	        ->  Bitmap Index Scan on sbtest2_pkey  (cost=0.00..30.00 rows=956 width=0)
	              Index Cond: ((id >= 9121383) AND (id <= 9122382))

table 3 : explain SELECT c FROM sbtest3 WHERE id BETWEEN 3153380 AND 3154379 ORDER BY c
	Sort  (cost=3607.68..3609.98 rows=918 width=121)
	  Sort Key: c
	  ->  Bitmap Heap Scan on sbtest3  (cost=29.84..3562.50 rows=918 width=121)
	        Recheck Cond: ((id >= 3153380) AND (id <= 3154379))
	        ->  Bitmap Index Scan on sbtest3_pkey  (cost=0.00..29.61 rows=918 width=0)
	              Index Cond: ((id >= 3153380) AND (id <= 3154379))

table 4 : explain SELECT c FROM sbtest4 WHERE id BETWEEN 8758219 AND 8759218 ORDER BY c
	Sort  (cost=4191.55..4194.23 rows=1069 width=121)
	  Sort Key: c
	  ->  Bitmap Heap Scan on sbtest4  (cost=35.39..4137.77 rows=1069 width=121)
	        Recheck Cond: ((id >= 8758219) AND (id <= 8759218))
	        ->  Bitmap Index Scan on sbtest4_pkey  (cost=0.00..35.12 rows=1069 width=0)
	              Index Cond: ((id >= 8758219) AND (id <= 8759218))

table 5 : explain SELECT c FROM sbtest5 WHERE id BETWEEN 8570774 AND 8571773 ORDER BY c
	Sort  (cost=3843.39..3845.84 rows=979 width=121)
	  Sort Key: c
	  ->  Bitmap Heap Scan on sbtest5  (cost=30.47..3794.76 rows=979 width=121)
	        Recheck Cond: ((id >= 8570774) AND (id <= 8571773))
	        ->  Bitmap Index Scan on sbtest5_pkey  (cost=0.00..30.22 rows=979 width=0)
	              Index Cond: ((id >= 8570774) AND (id <= 8571773))

table 6 : explain SELECT c FROM sbtest6 WHERE id BETWEEN 766568 AND 767567 ORDER BY c
	Sort  (cost=4305.91..4308.65 rows=1099 width=121)
	  Sort Key: c
	  ->  Bitmap Heap Scan on sbtest6  (cost=35.70..4250.40 rows=1099 width=121)
	        Recheck Cond: ((id >= 766568) AND (id <= 767567))
	        ->  Bitmap Index Scan on sbtest6_pkey  (cost=0.00..35.43 rows=1099 width=0)
	              Index Cond: ((id >= 766568) AND (id <= 767567))

table 7 : explain SELECT c FROM sbtest7 WHERE id BETWEEN 6117866 AND 6118865 ORDER BY c
	Sort  (cost=3821.90..3824.33 rows=974 width=121)
	  Sort Key: c
	  ->  Bitmap Heap Scan on sbtest7  (cost=30.42..3773.55 rows=974 width=121)
	        Recheck Cond: ((id >= 6117866) AND (id <= 6118865))
	        ->  Bitmap Index Scan on sbtest7_pkey  (cost=0.00..30.18 rows=974 width=0)
	              Index Cond: ((id >= 6117866) AND (id <= 6118865))

table 8 : explain SELECT c FROM sbtest8 WHERE id BETWEEN 841 AND 1840 ORDER BY c
	Sort  (cost=3824.23..3826.66 rows=974 width=121)
	  Sort Key: c
	  ->  Bitmap Heap Scan on sbtest8  (cost=30.42..3775.88 rows=974 width=121)
	        Recheck Cond: ((id >= 841) AND (id <= 1840))
	        ->  Bitmap Index Scan on sbtest8_pkey  (cost=0.00..30.18 rows=974 width=0)
	              Index Cond: ((id >= 841) AND (id <= 1840))

explain: for point_selects :: explain SELECT c FROM sbtest%u WHERE id=%u
for: simple_ranges
table 1 : explain SELECT c FROM sbtest1 WHERE id BETWEEN 9178291 AND 9179290
	Bitmap Heap Scan on sbtest1  (cost=35.44..4158.36 rows=1074 width=121)
	  Recheck Cond: ((id >= 9178291) AND (id <= 9179290))
	  ->  Bitmap Index Scan on sbtest1_pkey  (cost=0.00..35.18 rows=1074 width=0)
	        Index Cond: ((id >= 9178291) AND (id <= 9179290))

table 2 : explain SELECT c FROM sbtest2 WHERE id BETWEEN 7909754 AND 7910753
	Bitmap Heap Scan on sbtest2  (cost=30.25..3715.20 rows=958 width=121)
	  Recheck Cond: ((id >= 7909754) AND (id <= 7910753))
	  ->  Bitmap Index Scan on sbtest2_pkey  (cost=0.00..30.01 rows=958 width=0)
	        Index Cond: ((id >= 7909754) AND (id <= 7910753))

table 3 : explain SELECT c FROM sbtest3 WHERE id BETWEEN 71428 AND 72427
	Bitmap Heap Scan on sbtest3  (cost=36.02..4361.54 rows=1130 width=121)
	  Recheck Cond: ((id >= 71428) AND (id <= 72427))
	  ->  Bitmap Index Scan on sbtest3_pkey  (cost=0.00..35.73 rows=1130 width=0)
	        Index Cond: ((id >= 71428) AND (id <= 72427))

table 4 : explain SELECT c FROM sbtest4 WHERE id BETWEEN 6183278 AND 6184277
	Bitmap Heap Scan on sbtest4  (cost=30.83..3926.54 rows=1014 width=121)
	  Recheck Cond: ((id >= 6183278) AND (id <= 6184277))
	  ->  Bitmap Index Scan on sbtest4_pkey  (cost=0.00..30.57 rows=1014 width=0)
	        Index Cond: ((id >= 6183278) AND (id <= 6184277))

table 5 : explain SELECT c FROM sbtest5 WHERE id BETWEEN 7923107 AND 7924106
	Bitmap Heap Scan on sbtest5  (cost=30.47..3794.76 rows=979 width=121)
	  Recheck Cond: ((id >= 7923107) AND (id <= 7924106))
	  ->  Bitmap Index Scan on sbtest5_pkey  (cost=0.00..30.22 rows=979 width=0)
	        Index Cond: ((id >= 7923107) AND (id <= 7924106))

table 6 : explain SELECT c FROM sbtest6 WHERE id BETWEEN 137140 AND 138139
	Bitmap Heap Scan on sbtest6  (cost=35.70..4250.40 rows=1099 width=121)
	  Recheck Cond: ((id >= 137140) AND (id <= 138139))
	  ->  Bitmap Index Scan on sbtest6_pkey  (cost=0.00..35.43 rows=1099 width=0)
	        Index Cond: ((id >= 137140) AND (id <= 138139))

table 7 : explain SELECT c FROM sbtest7 WHERE id BETWEEN 9250683 AND 9251682
	Bitmap Heap Scan on sbtest7  (cost=30.23..3705.61 rows=956 width=121)
	  Recheck Cond: ((id >= 9250683) AND (id <= 9251682))
	  ->  Bitmap Index Scan on sbtest7_pkey  (cost=0.00..30.00 rows=956 width=0)
	        Index Cond: ((id >= 9250683) AND (id <= 9251682))

table 8 : explain SELECT c FROM sbtest8 WHERE id BETWEEN 6368253 AND 6369252
	Bitmap Heap Scan on sbtest8  (cost=30.11..3662.52 rows=944 width=121)
	  Recheck Cond: ((id >= 6368253) AND (id <= 6369252))
	  ->  Bitmap Index Scan on sbtest8_pkey  (cost=0.00..29.87 rows=944 width=0)
	        Index Cond: ((id >= 6368253) AND (id <= 6369252))

explain: for point_selects :: explain SELECT c FROM sbtest%u WHERE id=%u
for: distinct_ranges
table 1 : explain SELECT DISTINCT c FROM sbtest1 WHERE id BETWEEN 7232494 AND 7233493 ORDER BY c
	Unique  (cost=4120.45..4125.70 rows=1051 width=121)
	  ->  Sort  (cost=4120.45..4123.07 rows=1051 width=121)
	        Sort Key: c
	        ->  Bitmap Heap Scan on sbtest1  (cost=31.21..4067.70 rows=1051 width=121)
	              Recheck Cond: ((id >= 7232494) AND (id <= 7233493))
	              ->  Bitmap Index Scan on sbtest1_pkey  (cost=0.00..30.94 rows=1051 width=0)
	                    Index Cond: ((id >= 7232494) AND (id <= 7233493))

table 2 : explain SELECT DISTINCT c FROM sbtest2 WHERE id BETWEEN 761786 AND 762785 ORDER BY c
	Unique  (cost=3724.28..3729.02 rows=948 width=121)
	  ->  Sort  (cost=3724.28..3726.65 rows=948 width=121)
	        Sort Key: c
	        ->  Bitmap Heap Scan on sbtest2  (cost=30.15..3677.41 rows=948 width=121)
	              Recheck Cond: ((id >= 761786) AND (id <= 762785))
	              ->  Bitmap Index Scan on sbtest2_pkey  (cost=0.00..29.91 rows=948 width=0)
	                    Index Cond: ((id >= 761786) AND (id <= 762785))

table 3 : explain SELECT DISTINCT c FROM sbtest3 WHERE id BETWEEN 4325240 AND 4326239 ORDER BY c
	Unique  (cost=3872.19..3877.13 rows=987 width=121)
	  ->  Sort  (cost=3872.19..3874.66 rows=987 width=121)
	        Sort Key: c
	        ->  Bitmap Heap Scan on sbtest3  (cost=30.55..3823.10 rows=987 width=121)
	              Recheck Cond: ((id >= 4325240) AND (id <= 4326239))
	              ->  Bitmap Index Scan on sbtest3_pkey  (cost=0.00..30.30 rows=987 width=0)
	                    Index Cond: ((id >= 4325240) AND (id <= 4326239))

table 4 : explain SELECT DISTINCT c FROM sbtest4 WHERE id BETWEEN 5910494 AND 5911493 ORDER BY c
	Unique  (cost=3839.27..3844.16 rows=978 width=121)
	  ->  Sort  (cost=3839.27..3841.71 rows=978 width=121)
	        Sort Key: c
	        ->  Bitmap Heap Scan on sbtest4  (cost=30.46..3790.69 rows=978 width=121)
	              Recheck Cond: ((id >= 5910494) AND (id <= 5911493))
	              ->  Bitmap Index Scan on sbtest4_pkey  (cost=0.00..30.21 rows=978 width=0)
	                    Index Cond: ((id >= 5910494) AND (id <= 5911493))

table 5 : explain SELECT DISTINCT c FROM sbtest5 WHERE id BETWEEN 9810644 AND 9811643 ORDER BY c
	Unique  (cost=3939.18..3944.20 rows=1004 width=121)
	  ->  Sort  (cost=3939.18..3941.69 rows=1004 width=121)
	        Sort Key: c
	        ->  Bitmap Heap Scan on sbtest5  (cost=30.73..3889.12 rows=1004 width=121)
	              Recheck Cond: ((id >= 9810644) AND (id <= 9811643))
	              ->  Bitmap Index Scan on sbtest5_pkey  (cost=0.00..30.47 rows=1004 width=0)
	                    Index Cond: ((id >= 9810644) AND (id <= 9811643))

table 6 : explain SELECT DISTINCT c FROM sbtest6 WHERE id BETWEEN 9565205 AND 9566204 ORDER BY c
	Unique  (cost=4145.44..4150.73 rows=1057 width=121)
	  ->  Sort  (cost=4145.44..4148.08 rows=1057 width=121)
	        Sort Key: c
	        ->  Bitmap Heap Scan on sbtest6  (cost=35.27..4092.35 rows=1057 width=121)
	              Recheck Cond: ((id >= 9565205) AND (id <= 9566204))
	              ->  Bitmap Index Scan on sbtest6_pkey  (cost=0.00..35.01 rows=1057 width=0)
	                    Index Cond: ((id >= 9565205) AND (id <= 9566204))

table 7 : explain SELECT DISTINCT c FROM sbtest7 WHERE id BETWEEN 3204271 AND 3205270 ORDER BY c
	Unique  (cost=3749.10..3753.88 rows=955 width=121)
	  ->  Sort  (cost=3749.10..3751.49 rows=955 width=121)
	        Sort Key: c
	        ->  Bitmap Heap Scan on sbtest7  (cost=30.22..3701.83 rows=955 width=121)
	              Recheck Cond: ((id >= 3204271) AND (id <= 3205270))
	              ->  Bitmap Index Scan on sbtest7_pkey  (cost=0.00..29.98 rows=955 width=0)
	                    Index Cond: ((id >= 3204271) AND (id <= 3205270))

table 8 : explain SELECT DISTINCT c FROM sbtest8 WHERE id BETWEEN 7293563 AND 7294562 ORDER BY c
	Unique  (cost=4264.50..4269.94 rows=1088 width=121)
	  ->  Sort  (cost=4264.50..4267.22 rows=1088 width=121)
	        Sort Key: c
	        ->  Bitmap Heap Scan on sbtest8  (cost=35.59..4209.62 rows=1088 width=121)
	              Recheck Cond: ((id >= 7293563) AND (id <= 7294562))
	              ->  Bitmap Index Scan on sbtest8_pkey  (cost=0.00..35.32 rows=1088 width=0)
	                    Index Cond: ((id >= 7293563) AND (id <= 7294562))

for: sum_ranges
table 1 : explain SELECT SUM(k) FROM sbtest1 WHERE id BETWEEN 7825743 AND 7826742
	Aggregate  (cost=3874.03..3874.04 rows=1 width=8)
	  ->  Bitmap Heap Scan on sbtest1  (cost=30.67..3871.54 rows=999 width=4)
	        Recheck Cond: ((id >= 7825743) AND (id <= 7826742))
	        ->  Bitmap Index Scan on sbtest1_pkey  (cost=0.00..30.43 rows=999 width=0)
	              Index Cond: ((id >= 7825743) AND (id <= 7826742))

table 2 : explain SELECT SUM(k) FROM sbtest2 WHERE id BETWEEN 1564729 AND 1565728
	Aggregate  (cost=3520.81..3520.82 rows=1 width=8)
	  ->  Bitmap Heap Scan on sbtest2  (cost=29.72..3518.54 rows=906 width=4)
	        Recheck Cond: ((id >= 1564729) AND (id <= 1565728))
	        ->  Bitmap Index Scan on sbtest2_pkey  (cost=0.00..29.50 rows=906 width=0)
	              Index Cond: ((id >= 1564729) AND (id <= 1565728))

table 3 : explain SELECT SUM(k) FROM sbtest3 WHERE id BETWEEN 7013655 AND 7014654
	Aggregate  (cost=3648.01..3648.02 rows=1 width=8)
	  ->  Bitmap Heap Scan on sbtest3  (cost=30.07..3645.66 rows=940 width=4)
	        Recheck Cond: ((id >= 7013655) AND (id <= 7014654))
	        ->  Bitmap Index Scan on sbtest3_pkey  (cost=0.00..29.83 rows=940 width=0)
	              Index Cond: ((id >= 7013655) AND (id <= 7014654))

table 4 : explain SELECT SUM(k) FROM sbtest4 WHERE id BETWEEN 4996083 AND 4997082
	Aggregate  (cost=4008.30..4008.31 rows=1 width=8)
	  ->  Bitmap Heap Scan on sbtest4  (cost=31.04..4005.71 rows=1035 width=4)
	        Recheck Cond: ((id >= 4996083) AND (id <= 4997082))
	        ->  Bitmap Index Scan on sbtest4_pkey  (cost=0.00..30.79 rows=1035 width=0)
	              Index Cond: ((id >= 4996083) AND (id <= 4997082))

table 5 : explain SELECT SUM(k) FROM sbtest5 WHERE id BETWEEN 4826497 AND 4827496
	Aggregate  (cost=3827.43..3827.44 rows=1 width=8)
	  ->  Bitmap Heap Scan on sbtest5  (cost=30.55..3824.96 rows=987 width=4)
	        Recheck Cond: ((id >= 4826497) AND (id <= 4827496))
	        ->  Bitmap Index Scan on sbtest5_pkey  (cost=0.00..30.30 rows=987 width=0)
	              Index Cond: ((id >= 4826497) AND (id <= 4827496))

table 6 : explain SELECT SUM(k) FROM sbtest6 WHERE id BETWEEN 9499233 AND 9500232
	Aggregate  (cost=4102.53..4102.54 rows=1 width=8)
	  ->  Bitmap Heap Scan on sbtest6  (cost=35.29..4099.88 rows=1059 width=4)
	        Recheck Cond: ((id >= 9499233) AND (id <= 9500232))
	        ->  Bitmap Index Scan on sbtest6_pkey  (cost=0.00..35.03 rows=1059 width=0)
	              Index Cond: ((id >= 9499233) AND (id <= 9500232))

table 7 : explain SELECT SUM(k) FROM sbtest7 WHERE id BETWEEN 9464974 AND 9465973
	Aggregate  (cost=4175.73..4175.74 rows=1 width=8)
	  ->  Bitmap Heap Scan on sbtest7  (cost=35.49..4173.03 rows=1079 width=4)
	        Recheck Cond: ((id >= 9464974) AND (id <= 9465973))
	        ->  Bitmap Index Scan on sbtest7_pkey  (cost=0.00..35.23 rows=1079 width=0)
	              Index Cond: ((id >= 9464974) AND (id <= 9465973))

table 8 : explain SELECT SUM(k) FROM sbtest8 WHERE id BETWEEN 9138514 AND 9139513
	Aggregate  (cost=3827.43..3827.44 rows=1 width=8)
	  ->  Bitmap Heap Scan on sbtest8  (cost=30.55..3824.97 rows=987 width=4)
	        Recheck Cond: ((id >= 9138514) AND (id <= 9139513))
	        ->  Bitmap Index Scan on sbtest8_pkey  (cost=0.00..30.30 rows=987 width=0)
	              Index Cond: ((id >= 9138514) AND (id <= 9139513))

for: distinct_ranges
table 1 : explain SELECT DISTINCT c FROM sbtest1 WHERE id BETWEEN 3553408 AND 3554407 ORDER BY c
	Unique  (cost=4350.01..4355.56 rows=1110 width=121)
	  ->  Sort  (cost=4350.01..4352.79 rows=1110 width=121)
	        Sort Key: c
	        ->  Bitmap Heap Scan on sbtest1  (cost=35.81..4293.87 rows=1110 width=121)
	              Recheck Cond: ((id >= 3553408) AND (id <= 3554407))
	              ->  Bitmap Index Scan on sbtest1_pkey  (cost=0.00..35.54 rows=1110 width=0)
	                    Index Cond: ((id >= 3553408) AND (id <= 3554407))

table 2 : explain SELECT DISTINCT c FROM sbtest2 WHERE id BETWEEN 188034 AND 189033 ORDER BY c
	Unique  (cost=3831.66..3836.54 rows=976 width=121)
	  ->  Sort  (cost=3831.66..3834.10 rows=976 width=121)
	        Sort Key: c
	        ->  Bitmap Heap Scan on sbtest2  (cost=30.44..3783.19 rows=976 width=121)
	              Recheck Cond: ((id >= 188034) AND (id <= 189033))
	              ->  Bitmap Index Scan on sbtest2_pkey  (cost=0.00..30.19 rows=976 width=0)
	                    Index Cond: ((id >= 188034) AND (id <= 189033))

table 3 : explain SELECT DISTINCT c FROM sbtest3 WHERE id BETWEEN 9745695 AND 9746694 ORDER BY c
	Unique  (cost=3764.92..3769.72 rows=959 width=121)
	  ->  Sort  (cost=3764.92..3767.32 rows=959 width=121)
	        Sort Key: c
	        ->  Bitmap Heap Scan on sbtest3  (cost=30.26..3717.43 rows=959 width=121)
	              Recheck Cond: ((id >= 9745695) AND (id <= 9746694))
	              ->  Bitmap Index Scan on sbtest3_pkey  (cost=0.00..30.02 rows=959 width=0)
	                    Index Cond: ((id >= 9745695) AND (id <= 9746694))

table 4 : explain SELECT DISTINCT c FROM sbtest4 WHERE id BETWEEN 6979681 AND 6980680 ORDER BY c
	Unique  (cost=3942.71..3947.73 rows=1005 width=121)
	  ->  Sort  (cost=3942.71..3945.22 rows=1005 width=121)
	        Sort Key: c
	        ->  Bitmap Heap Scan on sbtest4  (cost=30.74..3892.59 rows=1005 width=121)
	              Recheck Cond: ((id >= 6979681) AND (id <= 6980680))
	              ->  Bitmap Index Scan on sbtest4_pkey  (cost=0.00..30.48 rows=1005 width=0)
	                    Index Cond: ((id >= 6979681) AND (id <= 6980680))

table 5 : explain SELECT DISTINCT c FROM sbtest5 WHERE id BETWEEN 6521069 AND 6522068 ORDER BY c
	Unique  (cost=3570.93..3575.47 rows=908 width=121)
	  ->  Sort  (cost=3570.93..3573.20 rows=908 width=121)
	        Sort Key: c
	        ->  Bitmap Heap Scan on sbtest5  (cost=29.74..3526.32 rows=908 width=121)
	              Recheck Cond: ((id >= 6521069) AND (id <= 6522068))
	              ->  Bitmap Index Scan on sbtest5_pkey  (cost=0.00..29.51 rows=908 width=0)
	                    Index Cond: ((id >= 6521069) AND (id <= 6522068))

table 6 : explain SELECT DISTINCT c FROM sbtest6 WHERE id BETWEEN 3842694 AND 3843693 ORDER BY c
	Unique  (cost=4118.50..4123.75 rows=1051 width=121)
	  ->  Sort  (cost=4118.50..4121.13 rows=1051 width=121)
	        Sort Key: c
	        ->  Bitmap Heap Scan on sbtest6  (cost=31.21..4065.75 rows=1051 width=121)
	              Recheck Cond: ((id >= 3842694) AND (id <= 3843693))
	              ->  Bitmap Index Scan on sbtest6_pkey  (cost=0.00..30.94 rows=1051 width=0)
	                    Index Cond: ((id >= 3842694) AND (id <= 3843693))

table 7 : explain SELECT DISTINCT c FROM sbtest7 WHERE id BETWEEN 8124840 AND 8125839 ORDER BY c
	Unique  (cost=4193.03..4198.38 rows=1070 width=121)
	  ->  Sort  (cost=4193.03..4195.70 rows=1070 width=121)
	        Sort Key: c
	        ->  Bitmap Heap Scan on sbtest7  (cost=35.40..4139.19 rows=1070 width=121)
	              Recheck Cond: ((id >= 8124840) AND (id <= 8125839))
	              ->  Bitmap Index Scan on sbtest7_pkey  (cost=0.00..35.14 rows=1070 width=0)
	                    Index Cond: ((id >= 8124840) AND (id <= 8125839))

table 8 : explain SELECT DISTINCT c FROM sbtest8 WHERE id BETWEEN 1372151 AND 1373150 ORDER BY c
	Unique  (cost=4275.96..4281.41 rows=1091 width=121)
	  ->  Sort  (cost=4275.96..4278.68 rows=1091 width=121)
	        Sort Key: c
	        ->  Bitmap Heap Scan on sbtest8  (cost=35.62..4220.91 rows=1091 width=121)
	              Recheck Cond: ((id >= 1372151) AND (id <= 1373150))
	              ->  Bitmap Index Scan on sbtest8_pkey  (cost=0.00..35.34 rows=1091 width=0)
	                    Index Cond: ((id >= 1372151) AND (id <= 1373150))

for: order_ranges
table 1 : explain SELECT c FROM sbtest1 WHERE id BETWEEN 7252760 AND 7253759 ORDER BY c
	Sort  (cost=4024.75..4027.31 rows=1026 width=121)
	  Sort Key: c
	  ->  Bitmap Heap Scan on sbtest1  (cost=30.95..3973.43 rows=1026 width=121)
	        Recheck Cond: ((id >= 7252760) AND (id <= 7253759))
	        ->  Bitmap Index Scan on sbtest1_pkey  (cost=0.00..30.69 rows=1026 width=0)
	              Index Cond: ((id >= 7252760) AND (id <= 7253759))

table 2 : explain SELECT c FROM sbtest2 WHERE id BETWEEN 7172598 AND 7173597 ORDER BY c
	Sort  (cost=3881.48..3883.95 rows=989 width=121)
	  Sort Key: c
	  ->  Bitmap Heap Scan on sbtest2  (cost=30.57..3832.27 rows=989 width=121)
	        Recheck Cond: ((id >= 7172598) AND (id <= 7173597))
	        ->  Bitmap Index Scan on sbtest2_pkey  (cost=0.00..30.32 rows=989 width=0)
	              Index Cond: ((id >= 7172598) AND (id <= 7173597))

table 3 : explain SELECT c FROM sbtest3 WHERE id BETWEEN 5513022 AND 5514021 ORDER BY c
	Sort  (cost=3722.76..3725.13 rows=948 width=121)
	  Sort Key: c
	  ->  Bitmap Heap Scan on sbtest3  (cost=30.15..3675.88 rows=948 width=121)
	        Recheck Cond: ((id >= 5513022) AND (id <= 5514021))
	        ->  Bitmap Index Scan on sbtest3_pkey  (cost=0.00..29.91 rows=948 width=0)
	              Index Cond: ((id >= 5513022) AND (id <= 5514021))

table 4 : explain SELECT c FROM sbtest4 WHERE id BETWEEN 8539116 AND 8540115 ORDER BY c
	Sort  (cost=3739.57..3741.95 rows=952 width=121)
	  Sort Key: c
	  ->  Bitmap Heap Scan on sbtest4  (cost=30.19..3692.47 rows=952 width=121)
	        Recheck Cond: ((id >= 8539116) AND (id <= 8540115))
	        ->  Bitmap Index Scan on sbtest4_pkey  (cost=0.00..29.95 rows=952 width=0)
	              Index Cond: ((id >= 8539116) AND (id <= 8540115))

table 5 : explain SELECT c FROM sbtest5 WHERE id BETWEEN 6878933 AND 6879932 ORDER BY c
	Sort  (cost=3900.87..3903.36 rows=994 width=121)
	  Sort Key: c
	  ->  Bitmap Heap Scan on sbtest5  (cost=30.62..3851.38 rows=994 width=121)
	        Recheck Cond: ((id >= 6878933) AND (id <= 6879932))
	        ->  Bitmap Index Scan on sbtest5_pkey  (cost=0.00..30.37 rows=994 width=0)
	              Index Cond: ((id >= 6878933) AND (id <= 6879932))

table 6 : explain SELECT c FROM sbtest6 WHERE id BETWEEN 7233134 AND 7234133 ORDER BY c
	Sort  (cost=4015.22..4017.78 rows=1024 width=121)
	  Sort Key: c
	  ->  Bitmap Heap Scan on sbtest6  (cost=30.93..3964.02 rows=1024 width=121)
	        Recheck Cond: ((id >= 7233134) AND (id <= 7234133))
	        ->  Bitmap Index Scan on sbtest6_pkey  (cost=0.00..30.68 rows=1024 width=0)
	              Index Cond: ((id >= 7233134) AND (id <= 7234133))

table 7 : explain SELECT c FROM sbtest7 WHERE id BETWEEN 3984837 AND 3985836 ORDER BY c
	Sort  (cost=4005.60..4008.15 rows=1022 width=121)
	  Sort Key: c
	  ->  Bitmap Heap Scan on sbtest7  (cost=30.91..3954.51 rows=1022 width=121)
	        Recheck Cond: ((id >= 3984837) AND (id <= 3985836))
	        ->  Bitmap Index Scan on sbtest7_pkey  (cost=0.00..30.65 rows=1022 width=0)
	              Index Cond: ((id >= 3984837) AND (id <= 3985836))

table 8 : explain SELECT c FROM sbtest8 WHERE id BETWEEN 9260918 AND 9261917 ORDER BY c
	Sort  (cost=3716.84..3719.20 rows=946 width=121)
	  Sort Key: c
	  ->  Bitmap Heap Scan on sbtest8  (cost=30.13..3670.08 rows=946 width=121)
	        Recheck Cond: ((id >= 9260918) AND (id <= 9261917))
	        ->  Bitmap Index Scan on sbtest8_pkey  (cost=0.00..29.89 rows=946 width=0)
	              Index Cond: ((id >= 9260918) AND (id <= 9261917))

for point_selects
table 1 : explain SELECT c FROM sbtest1 WHERE id=5484807
	Index Scan using sbtest1_pkey on sbtest1  (cost=0.43..8.45 rows=1 width=121)
	  Index Cond: (id = 5484807)

table 2 : explain SELECT c FROM sbtest2 WHERE id=6998700
	Index Scan using sbtest2_pkey on sbtest2  (cost=0.43..8.45 rows=1 width=121)
	  Index Cond: (id = 6998700)

table 3 : explain SELECT c FROM sbtest3 WHERE id=9286954
	Index Scan using sbtest3_pkey on sbtest3  (cost=0.43..8.45 rows=1 width=121)
	  Index Cond: (id = 9286954)

table 4 : explain SELECT c FROM sbtest4 WHERE id=7683311
	Index Scan using sbtest4_pkey on sbtest4  (cost=0.43..8.45 rows=1 width=121)
	  Index Cond: (id = 7683311)

table 5 : explain SELECT c FROM sbtest5 WHERE id=1840715
	Index Scan using sbtest5_pkey on sbtest5  (cost=0.43..8.45 rows=1 width=121)
	  Index Cond: (id = 1840715)

table 6 : explain SELECT c FROM sbtest6 WHERE id=7741880
	Index Scan using sbtest6_pkey on sbtest6  (cost=0.43..8.45 rows=1 width=121)
	  Index Cond: (id = 7741880)

table 7 : explain SELECT c FROM sbtest7 WHERE id=5629554
	Index Scan using sbtest7_pkey on sbtest7  (cost=0.43..8.45 rows=1 width=121)
	  Index Cond: (id = 5629554)

table 8 : explain SELECT c FROM sbtest8 WHERE id=2553261
	Index Scan using sbtest8_pkey on sbtest8  (cost=0.43..8.45 rows=1 width=121)
	  Index Cond: (id = 2553261)

for: order_ranges
table 1 : explain SELECT c FROM sbtest1 WHERE id BETWEEN 8048114 AND 8049113 ORDER BY c
	Sort  (cost=3944.30..3946.81 rows=1005 width=121)
	  Sort Key: c
	  ->  Bitmap Heap Scan on sbtest1  (cost=30.74..3894.19 rows=1005 width=121)
	        Recheck Cond: ((id >= 8048114) AND (id <= 8049113))
	        ->  Bitmap Index Scan on sbtest1_pkey  (cost=0.00..30.48 rows=1005 width=0)
	              Index Cond: ((id >= 8048114) AND (id <= 8049113))

table 2 : explain SELECT c FROM sbtest2 WHERE id BETWEEN 8485725 AND 8486724 ORDER BY c
	Sort  (cost=4023.16..4025.73 rows=1026 width=121)
	  Sort Key: c
	  ->  Bitmap Heap Scan on sbtest2  (cost=30.95..3971.85 rows=1026 width=121)
	        Recheck Cond: ((id >= 8485725) AND (id <= 8486724))
	        ->  Bitmap Index Scan on sbtest2_pkey  (cost=0.00..30.69 rows=1026 width=0)
	              Index Cond: ((id >= 8485725) AND (id <= 8486724))

table 3 : explain SELECT c FROM sbtest3 WHERE id BETWEEN 9844549 AND 9845548 ORDER BY c
	Sort  (cost=3994.67..3997.21 rows=1019 width=121)
	  Sort Key: c
	  ->  Bitmap Heap Scan on sbtest3  (cost=30.88..3943.75 rows=1019 width=121)
	        Recheck Cond: ((id >= 9844549) AND (id <= 9845548))
	        ->  Bitmap Index Scan on sbtest3_pkey  (cost=0.00..30.62 rows=1019 width=0)
	              Index Cond: ((id >= 9844549) AND (id <= 9845548))

table 4 : explain SELECT c FROM sbtest4 WHERE id BETWEEN 3259452 AND 3260451 ORDER BY c
	Sort  (cost=3869.92..3872.39 rows=986 width=121)
	  Sort Key: c
	  ->  Bitmap Heap Scan on sbtest4  (cost=30.54..3820.89 rows=986 width=121)
	        Recheck Cond: ((id >= 3259452) AND (id <= 3260451))
	        ->  Bitmap Index Scan on sbtest4_pkey  (cost=0.00..30.29 rows=986 width=0)
	              Index Cond: ((id >= 3259452) AND (id <= 3260451))

table 5 : explain SELECT c FROM sbtest5 WHERE id BETWEEN 5390287 AND 5391286 ORDER BY c
	Sort  (cost=4031.07..4033.64 rows=1028 width=121)
	  Sort Key: c
	  ->  Bitmap Heap Scan on sbtest5  (cost=30.97..3979.64 rows=1028 width=121)
	        Recheck Cond: ((id >= 5390287) AND (id <= 5391286))
	        ->  Bitmap Index Scan on sbtest5_pkey  (cost=0.00..30.71 rows=1028 width=0)
	              Index Cond: ((id >= 5390287) AND (id <= 5391286))

table 6 : explain SELECT c FROM sbtest6 WHERE id BETWEEN 9807743 AND 9808742 ORDER BY c
	Sort  (cost=4057.30..4059.89 rows=1035 width=121)
	  Sort Key: c
	  ->  Bitmap Heap Scan on sbtest6  (cost=31.04..4005.47 rows=1035 width=121)
	        Recheck Cond: ((id >= 9807743) AND (id <= 9808742))
	        ->  Bitmap Index Scan on sbtest6_pkey  (cost=0.00..30.79 rows=1035 width=0)
	              Index Cond: ((id >= 9807743) AND (id <= 9808742))

table 7 : explain SELECT c FROM sbtest7 WHERE id BETWEEN 5668062 AND 5669061 ORDER BY c
	Sort  (cost=3726.11..3728.48 rows=949 width=121)
	  Sort Key: c
	  ->  Bitmap Heap Scan on sbtest7  (cost=30.16..3679.18 rows=949 width=121)
	        Recheck Cond: ((id >= 5668062) AND (id <= 5669061))
	        ->  Bitmap Index Scan on sbtest7_pkey  (cost=0.00..29.93 rows=949 width=0)
	              Index Cond: ((id >= 5668062) AND (id <= 5669061))

table 8 : explain SELECT c FROM sbtest8 WHERE id BETWEEN 1590596 AND 1591595 ORDER BY c
	Sort  (cost=4134.54..4137.17 rows=1054 width=121)
	  Sort Key: c
	  ->  Bitmap Heap Scan on sbtest8  (cost=35.24..4081.62 rows=1054 width=121)
	        Recheck Cond: ((id >= 1590596) AND (id <= 1591595))
	        ->  Bitmap Index Scan on sbtest8_pkey  (cost=0.00..34.98 rows=1054 width=0)
	              Index Cond: ((id >= 1590596) AND (id <= 1591595))

explain: for point_selects :: explain SELECT c FROM sbtest%u WHERE id=%u
for: order_ranges
table 1 : explain SELECT c FROM sbtest1 WHERE id BETWEEN 5627849 AND 5628848 ORDER BY c
	Sort  (cost=3629.69..3631.99 rows=923 width=121)
	  Sort Key: c
	  ->  Bitmap Heap Scan on sbtest1  (cost=29.90..3584.23 rows=923 width=121)
	        Recheck Cond: ((id >= 5627849) AND (id <= 5628848))
	        ->  Bitmap Index Scan on sbtest1_pkey  (cost=0.00..29.66 rows=923 width=0)
	              Index Cond: ((id >= 5627849) AND (id <= 5628848))

table 2 : explain SELECT c FROM sbtest2 WHERE id BETWEEN 4540371 AND 4541370 ORDER BY c
	Sort  (cost=3831.66..3834.10 rows=976 width=121)
	  Sort Key: c
	  ->  Bitmap Heap Scan on sbtest2  (cost=30.44..3783.19 rows=976 width=121)
	        Recheck Cond: ((id >= 4540371) AND (id <= 4541370))
	        ->  Bitmap Index Scan on sbtest2_pkey  (cost=0.00..30.19 rows=976 width=0)
	              Index Cond: ((id >= 4540371) AND (id <= 4541370))

table 3 : explain SELECT c FROM sbtest3 WHERE id BETWEEN 3484197 AND 3485196 ORDER BY c
	Sort  (cost=3810.91..3813.33 rows=971 width=121)
	  Sort Key: c
	  ->  Bitmap Heap Scan on sbtest3  (cost=30.39..3762.73 rows=971 width=121)
	        Recheck Cond: ((id >= 3484197) AND (id <= 3485196))
	        ->  Bitmap Index Scan on sbtest3_pkey  (cost=0.00..30.14 rows=971 width=0)
	              Index Cond: ((id >= 3484197) AND (id <= 3485196))

table 4 : explain SELECT c FROM sbtest4 WHERE id BETWEEN 3423763 AND 3424762 ORDER BY c
	Sort  (cost=3639.80..3642.11 rows=926 width=121)
	  Sort Key: c
	  ->  Bitmap Heap Scan on sbtest4  (cost=29.93..3594.17 rows=926 width=121)
	        Recheck Cond: ((id >= 3423763) AND (id <= 3424762))
	        ->  Bitmap Index Scan on sbtest4_pkey  (cost=0.00..29.69 rows=926 width=0)
	              Index Cond: ((id >= 3423763) AND (id <= 3424762))

table 5 : explain SELECT c FROM sbtest5 WHERE id BETWEEN 9089449 AND 9090448 ORDER BY c
	Sort  (cost=4103.76..4106.38 rows=1047 width=121)
	  Sort Key: c
	  ->  Bitmap Heap Scan on sbtest5  (cost=31.17..4051.24 rows=1047 width=121)
	        Recheck Cond: ((id >= 9089449) AND (id <= 9090448))
	        ->  Bitmap Index Scan on sbtest5_pkey  (cost=0.00..30.90 rows=1047 width=0)
	              Index Cond: ((id >= 9089449) AND (id <= 9090448))

table 6 : explain SELECT c FROM sbtest6 WHERE id BETWEEN 2955325 AND 2956324 ORDER BY c
	Sort  (cost=4176.02..4178.68 rows=1065 width=121)
	  Sort Key: c
	  ->  Bitmap Heap Scan on sbtest6  (cost=35.35..4122.47 rows=1065 width=121)
	        Recheck Cond: ((id >= 2955325) AND (id <= 2956324))
	        ->  Bitmap Index Scan on sbtest6_pkey  (cost=0.00..35.09 rows=1065 width=0)
	              Index Cond: ((id >= 2955325) AND (id <= 2956324))

table 7 : explain SELECT c FROM sbtest7 WHERE id BETWEEN 1507035 AND 1508034 ORDER BY c
	Sort  (cost=4238.84..4241.55 rows=1082 width=121)
	  Sort Key: c
	  ->  Bitmap Heap Scan on sbtest7  (cost=35.53..4184.31 rows=1082 width=121)
	        Recheck Cond: ((id >= 1507035) AND (id <= 1508034))
	        ->  Bitmap Index Scan on sbtest7_pkey  (cost=0.00..35.26 rows=1082 width=0)
	              Index Cond: ((id >= 1507035) AND (id <= 1508034))

table 8 : explain SELECT c FROM sbtest8 WHERE id BETWEEN 9006457 AND 9007456 ORDER BY c
	Sort  (cost=3851.06..3853.51 rows=981 width=121)
	  Sort Key: c
	  ->  Bitmap Heap Scan on sbtest8  (cost=30.49..3802.31 rows=981 width=121)
	        Recheck Cond: ((id >= 9006457) AND (id <= 9007456))
	        ->  Bitmap Index Scan on sbtest8_pkey  (cost=0.00..30.25 rows=981 width=0)
	              Index Cond: ((id >= 9006457) AND (id <= 9007456))
for: order_ranges
table 1 : explain SELECT c FROM sbtest1 WHERE id BETWEEN 7602250 AND 7603249 ORDER BY c
	Sort  (cost=4024.75..4027.31 rows=1026 width=121)
	  Sort Key: c
	  ->  Bitmap Heap Scan on sbtest1  (cost=30.95..3973.43 rows=1026 width=121)
	        Recheck Cond: ((id >= 7602250) AND (id <= 7603249))
	        ->  Bitmap Index Scan on sbtest1_pkey  (cost=0.00..30.69 rows=1026 width=0)
	              Index Cond: ((id >= 7602250) AND (id <= 7603249))

table 2 : explain SELECT c FROM sbtest2 WHERE id BETWEEN 5324373 AND 5325372 ORDER BY c
	Sort  (cost=4011.68..4014.24 rows=1023 width=121)
	  Sort Key: c
	  ->  Bitmap Heap Scan on sbtest2  (cost=30.92..3960.54 rows=1023 width=121)
	        Recheck Cond: ((id >= 5324373) AND (id <= 5325372))
	        ->  Bitmap Index Scan on sbtest2_pkey  (cost=0.00..30.66 rows=1023 width=0)
	              Index Cond: ((id >= 5324373) AND (id <= 5325372))

table 3 : explain SELECT c FROM sbtest3 WHERE id BETWEEN 6329849 AND 6330848 ORDER BY c
	Sort  (cost=3492.49..3494.71 rows=888 width=121)
	  Sort Key: c
	  ->  Bitmap Heap Scan on sbtest3  (cost=29.54..3449.00 rows=888 width=121)
	        Recheck Cond: ((id >= 6329849) AND (id <= 6330848))
	        ->  Bitmap Index Scan on sbtest3_pkey  (cost=0.00..29.32 rows=888 width=0)
	              Index Cond: ((id >= 6329849) AND (id <= 6330848))

table 4 : explain SELECT c FROM sbtest4 WHERE id BETWEEN 8804637 AND 8805636 ORDER BY c
	Sort  (cost=3885.25..3887.72 rows=990 width=121)
	  Sort Key: c
	  ->  Bitmap Heap Scan on sbtest4  (cost=30.58..3835.99 rows=990 width=121)
	        Recheck Cond: ((id >= 8804637) AND (id <= 8805636))
	        ->  Bitmap Index Scan on sbtest4_pkey  (cost=0.00..30.33 rows=990 width=0)
	              Index Cond: ((id >= 8804637) AND (id <= 8805636))

table 5 : explain SELECT c FROM sbtest5 WHERE id BETWEEN 1166081 AND 1167080 ORDER BY c
	Sort  (cost=4233.92..4236.62 rows=1080 width=121)
	  Sort Key: c
	  ->  Bitmap Heap Scan on sbtest5  (cost=35.51..4179.51 rows=1080 width=121)
	        Recheck Cond: ((id >= 1166081) AND (id <= 1167080))
	        ->  Bitmap Index Scan on sbtest5_pkey  (cost=0.00..35.23 rows=1080 width=0)
	              Index Cond: ((id >= 1166081) AND (id <= 1167080))

table 6 : explain SELECT c FROM sbtest6 WHERE id BETWEEN 1873555 AND 1874554 ORDER BY c
	Sort  (cost=3677.98..3680.32 rows=936 width=121)
	  Sort Key: c
	  ->  Bitmap Heap Scan on sbtest6  (cost=30.03..3631.79 rows=936 width=121)
	        Recheck Cond: ((id >= 1873555) AND (id <= 1874554))
	        ->  Bitmap Index Scan on sbtest6_pkey  (cost=0.00..29.79 rows=936 width=0)
	              Index Cond: ((id >= 1873555) AND (id <= 1874554))

table 7 : explain SELECT c FROM sbtest7 WHERE id BETWEEN 9138803 AND 9139802 ORDER BY c
	Sort  (cost=3798.91..3801.33 rows=968 width=121)
	  Sort Key: c
	  ->  Bitmap Heap Scan on sbtest7  (cost=30.36..3750.91 rows=968 width=121)
	        Recheck Cond: ((id >= 9138803) AND (id <= 9139802))
	        ->  Bitmap Index Scan on sbtest7_pkey  (cost=0.00..30.11 rows=968 width=0)
	              Index Cond: ((id >= 9138803) AND (id <= 9139802))

table 8 : explain SELECT c FROM sbtest8 WHERE id BETWEEN 3718178 AND 3719177 ORDER BY c
	Sort  (cost=4103.94..4106.56 rows=1046 width=121)
	  Sort Key: c
	  ->  Bitmap Heap Scan on sbtest8  (cost=35.16..4051.48 rows=1046 width=121)
	        Recheck Cond: ((id >= 3718178) AND (id <= 3719177))
	        ->  Bitmap Index Scan on sbtest8_pkey  (cost=0.00..34.90 rows=1046 width=0)
	              Index Cond: ((id >= 3718178) AND (id <= 3719177))

for: distinct_ranges
table 1 : explain SELECT DISTINCT c FROM sbtest1 WHERE id BETWEEN 545533 AND 546532 ORDER BY c
	Unique  (cost=3664.26..3668.92 rows=932 width=121)
	  ->  Sort  (cost=3664.26..3666.59 rows=932 width=121)
	        Sort Key: c
	        ->  Bitmap Heap Scan on sbtest1  (cost=29.99..3618.29 rows=932 width=121)
	              Recheck Cond: ((id >= 545533) AND (id <= 546532))
	              ->  Bitmap Index Scan on sbtest1_pkey  (cost=0.00..29.75 rows=932 width=0)
	                    Index Cond: ((id >= 545533) AND (id <= 546532))

table 2 : explain SELECT DISTINCT c FROM sbtest2 WHERE id BETWEEN 4573849 AND 4574848 ORDER BY c
	Unique  (cost=3831.66..3836.54 rows=976 width=121)
	  ->  Sort  (cost=3831.66..3834.10 rows=976 width=121)
	        Sort Key: c
	        ->  Bitmap Heap Scan on sbtest2  (cost=30.44..3783.19 rows=976 width=121)
	              Recheck Cond: ((id >= 4573849) AND (id <= 4574848))
	              ->  Bitmap Index Scan on sbtest2_pkey  (cost=0.00..30.19 rows=976 width=0)
	                    Index Cond: ((id >= 4573849) AND (id <= 4574848))

table 3 : explain SELECT DISTINCT c FROM sbtest3 WHERE id BETWEEN 148120 AND 149119 ORDER BY c
	Unique  (cost=4109.38..4114.62 rows=1049 width=121)
	  ->  Sort  (cost=4109.38..4112.00 rows=1049 width=121)
	        Sort Key: c
	        ->  Bitmap Heap Scan on sbtest3  (cost=31.19..4056.74 rows=1049 width=121)
	              Recheck Cond: ((id >= 148120) AND (id <= 149119))
	              ->  Bitmap Index Scan on sbtest3_pkey  (cost=0.00..30.93 rows=1049 width=0)
	                    Index Cond: ((id >= 148120) AND (id <= 149119))

table 4 : explain SELECT DISTINCT c FROM sbtest4 WHERE id BETWEEN 7070952 AND 7071951 ORDER BY c
	Unique  (cost=3678.18..3682.86 rows=936 width=121)
	  ->  Sort  (cost=3678.18..3680.52 rows=936 width=121)
	        Sort Key: c
	        ->  Bitmap Heap Scan on sbtest4  (cost=30.03..3631.99 rows=936 width=121)
	              Recheck Cond: ((id >= 7070952) AND (id <= 7071951))
	              ->  Bitmap Index Scan on sbtest4_pkey  (cost=0.00..29.79 rows=936 width=0)
	                    Index Cond: ((id >= 7070952) AND (id <= 7071951))

table 5 : explain SELECT DISTINCT c FROM sbtest5 WHERE id BETWEEN 6999889 AND 7000888 ORDER BY c
	Unique  (cost=3747.52..3752.29 rows=954 width=121)
	  ->  Sort  (cost=3747.52..3749.91 rows=954 width=121)
	        Sort Key: c
	        ->  Bitmap Heap Scan on sbtest5  (cost=30.21..3700.31 rows=954 width=121)
	              Recheck Cond: ((id >= 6999889) AND (id <= 7000888))
	              ->  Bitmap Index Scan on sbtest5_pkey  (cost=0.00..29.97 rows=954 width=0)
	                    Index Cond: ((id >= 6999889) AND (id <= 7000888))

table 6 : explain SELECT DISTINCT c FROM sbtest6 WHERE id BETWEEN 1853557 AND 1854556 ORDER BY c
	Unique  (cost=4160.73..4166.04 rows=1061 width=121)
	  ->  Sort  (cost=4160.73..4163.38 rows=1061 width=121)
	        Sort Key: c
	        ->  Bitmap Heap Scan on sbtest6  (cost=35.31..4107.41 rows=1061 width=121)
	              Recheck Cond: ((id >= 1853557) AND (id <= 1854556))
	              ->  Bitmap Index Scan on sbtest6_pkey  (cost=0.00..35.05 rows=1061 width=0)
	                    Index Cond: ((id >= 1853557) AND (id <= 1854556))

table 7 : explain SELECT DISTINCT c FROM sbtest7 WHERE id BETWEEN 4759911 AND 4760910 ORDER BY c
	Unique  (cost=3909.96..3914.94 rows=997 width=121)
	  ->  Sort  (cost=3909.96..3912.45 rows=997 width=121)
	        Sort Key: c
	        ->  Bitmap Heap Scan on sbtest7  (cost=30.65..3860.30 rows=997 width=121)
	              Recheck Cond: ((id >= 4759911) AND (id <= 4760910))
	              ->  Bitmap Index Scan on sbtest7_pkey  (cost=0.00..30.40 rows=997 width=0)
	                    Index Cond: ((id >= 4759911) AND (id <= 4760910))

table 8 : explain SELECT DISTINCT c FROM sbtest8 WHERE id BETWEEN 9304100 AND 9305099 ORDER BY c
	Unique  (cost=3908.54..3913.52 rows=996 width=121)
	  ->  Sort  (cost=3908.54..3911.03 rows=996 width=121)
	        Sort Key: c
	        ->  Bitmap Heap Scan on sbtest8  (cost=30.64..3858.94 rows=996 width=121)
	              Recheck Cond: ((id >= 9304100) AND (id <= 9305099))
	              ->  Bitmap Index Scan on sbtest8_pkey  (cost=0.00..30.39 rows=996 width=0)
	                    Index Cond: ((id >= 9304100) AND (id <= 9305099))


for point_selects
table 1 : explain SELECT c FROM sbtest1 WHERE id=3172255
	Index Scan using sbtest1_pkey on sbtest1  (cost=0.43..8.45 rows=1 width=121)
	  Index Cond: (id = 3172255)

table 2 : explain SELECT c FROM sbtest2 WHERE id=7572118
	Index Scan using sbtest2_pkey on sbtest2  (cost=0.43..8.45 rows=1 width=121)
	  Index Cond: (id = 7572118)

table 3 : explain SELECT c FROM sbtest3 WHERE id=9999399
	Index Scan using sbtest3_pkey on sbtest3  (cost=0.43..8.45 rows=1 width=121)
	  Index Cond: (id = 9999399)

table 4 : explain SELECT c FROM sbtest4 WHERE id=2238683
	Index Scan using sbtest4_pkey on sbtest4  (cost=0.43..8.45 rows=1 width=121)
	  Index Cond: (id = 2238683)

table 5 : explain SELECT c FROM sbtest5 WHERE id=5938719
	Index Scan using sbtest5_pkey on sbtest5  (cost=0.43..8.45 rows=1 width=121)
	  Index Cond: (id = 5938719)

table 6 : explain SELECT c FROM sbtest6 WHERE id=444354
	Index Scan using sbtest6_pkey on sbtest6  (cost=0.43..8.45 rows=1 width=121)
	  Index Cond: (id = 444354)

table 7 : explain SELECT c FROM sbtest7 WHERE id=7733262
	Index Scan using sbtest7_pkey on sbtest7  (cost=0.43..8.45 rows=1 width=121)
	  Index Cond: (id = 7733262)

table 8 : explain SELECT c FROM sbtest8 WHERE id=2659668
	Index Scan using sbtest8_pkey on sbtest8  (cost=0.43..8.45 rows=1 width=121)
	  Index Cond: (id = 2659668)

explain: for point_selects :: explain SELECT c FROM sbtest%u WHERE id=%u
for point_selects
table 1 : explain SELECT c FROM sbtest1 WHERE id=5973012
	Index Scan using sbtest1_pkey on sbtest1  (cost=0.43..8.45 rows=1 width=121)
	  Index Cond: (id = 5973012)

table 2 : explain SELECT c FROM sbtest2 WHERE id=8920286
	Index Scan using sbtest2_pkey on sbtest2  (cost=0.43..8.45 rows=1 width=121)
	  Index Cond: (id = 8920286)

table 3 : explain SELECT c FROM sbtest3 WHERE id=988985
	Index Scan using sbtest3_pkey on sbtest3  (cost=0.43..8.45 rows=1 width=121)
	  Index Cond: (id = 988985)

table 4 : explain SELECT c FROM sbtest4 WHERE id=5666886
	Index Scan using sbtest4_pkey on sbtest4  (cost=0.43..8.45 rows=1 width=121)
	  Index Cond: (id = 5666886)

table 5 : explain SELECT c FROM sbtest5 WHERE id=2800146
	Index Scan using sbtest5_pkey on sbtest5  (cost=0.43..8.45 rows=1 width=121)
	  Index Cond: (id = 2800146)

table 6 : explain SELECT c FROM sbtest6 WHERE id=3139274
	Index Scan using sbtest6_pkey on sbtest6  (cost=0.43..8.45 rows=1 width=121)
	  Index Cond: (id = 3139274)

table 7 : explain SELECT c FROM sbtest7 WHERE id=6195358
	Index Scan using sbtest7_pkey on sbtest7  (cost=0.43..8.45 rows=1 width=121)
	  Index Cond: (id = 6195358)

table 8 : explain SELECT c FROM sbtest8 WHERE id=3986772
	Index Scan using sbtest8_pkey on sbtest8  (cost=0.43..8.45 rows=1 width=121)
	  Index Cond: (id = 3986772)

for: distinct_ranges
table 1 : explain SELECT DISTINCT c FROM sbtest1 WHERE id BETWEEN 9303426 AND 9304425 ORDER BY c
	Unique  (cost=3978.78..3983.85 rows=1014 width=121)
	  ->  Sort  (cost=3978.78..3981.32 rows=1014 width=121)
	        Sort Key: c
	        ->  Bitmap Heap Scan on sbtest1  (cost=30.83..3928.16 rows=1014 width=121)
	              Recheck Cond: ((id >= 9303426) AND (id <= 9304425))
	              ->  Bitmap Index Scan on sbtest1_pkey  (cost=0.00..30.57 rows=1014 width=0)
	                    Index Cond: ((id >= 9303426) AND (id <= 9304425))

table 2 : explain SELECT DISTINCT c FROM sbtest2 WHERE id BETWEEN 1403580 AND 1404579 ORDER BY c
	Unique  (cost=3551.52..3556.03 rows=903 width=121)
	  ->  Sort  (cost=3551.52..3553.78 rows=903 width=121)
	        Sort Key: c
	        ->  Bitmap Heap Scan on sbtest2  (cost=29.69..3507.19 rows=903 width=121)
	              Recheck Cond: ((id >= 1403580) AND (id <= 1404579))
	              ->  Bitmap Index Scan on sbtest2_pkey  (cost=0.00..29.46 rows=903 width=0)
	                    Index Cond: ((id >= 1403580) AND (id <= 1404579))

table 3 : explain SELECT DISTINCT c FROM sbtest3 WHERE id BETWEEN 9978151 AND 9979150 ORDER BY c
	Unique  (cost=4052.03..4057.20 rows=1034 width=121)
	  ->  Sort  (cost=4052.03..4054.62 rows=1034 width=121)
	        Sort Key: c
	        ->  Bitmap Heap Scan on sbtest3  (cost=31.03..4000.26 rows=1034 width=121)
	              Recheck Cond: ((id >= 9978151) AND (id <= 9979150))
	              ->  Bitmap Index Scan on sbtest3_pkey  (cost=0.00..30.77 rows=1034 width=0)
	                    Index Cond: ((id >= 9978151) AND (id <= 9979150))

table 4 : explain SELECT DISTINCT c FROM sbtest4 WHERE id BETWEEN 3773711 AND 3774710 ORDER BY c
	Unique  (cost=4382.51..4388.11 rows=1119 width=121)
	  ->  Sort  (cost=4382.51..4385.31 rows=1119 width=121)
	        Sort Key: c
	        ->  Bitmap Heap Scan on sbtest4  (cost=35.90..4325.85 rows=1119 width=121)
	              Recheck Cond: ((id >= 3773711) AND (id <= 3774710))
	              ->  Bitmap Index Scan on sbtest4_pkey  (cost=0.00..35.62 rows=1119 width=0)
	                    Index Cond: ((id >= 3773711) AND (id <= 3774710))

table 5 : explain SELECT DISTINCT c FROM sbtest5 WHERE id BETWEEN 8069047 AND 8070046 ORDER BY c
	Unique  (cost=3923.86..3928.86 rows=1000 width=121)
	  ->  Sort  (cost=3923.86..3926.36 rows=1000 width=121)
	        Sort Key: c
	        ->  Bitmap Heap Scan on sbtest5  (cost=30.68..3874.03 rows=1000 width=121)
	              Recheck Cond: ((id >= 8069047) AND (id <= 8070046))
	              ->  Bitmap Index Scan on sbtest5_pkey  (cost=0.00..30.43 rows=1000 width=0)
	                    Index Cond: ((id >= 8069047) AND (id <= 8070046))

table 6 : explain SELECT DISTINCT c FROM sbtest6 WHERE id BETWEEN 2940746 AND 2941745 ORDER BY c
	Unique  (cost=4176.02..4181.35 rows=1065 width=121)
	  ->  Sort  (cost=4176.02..4178.68 rows=1065 width=121)
	        Sort Key: c
	        ->  Bitmap Heap Scan on sbtest6  (cost=35.35..4122.47 rows=1065 width=121)
	              Recheck Cond: ((id >= 2940746) AND (id <= 2941745))
	              ->  Bitmap Index Scan on sbtest6_pkey  (cost=0.00..35.09 rows=1065 width=0)
	                    Index Cond: ((id >= 2940746) AND (id <= 2941745))

table 7 : explain SELECT DISTINCT c FROM sbtest7 WHERE id BETWEEN 810180 AND 811179 ORDER BY c
	Unique  (cost=3783.59..3788.41 rows=964 width=121)
	  ->  Sort  (cost=3783.59..3786.00 rows=964 width=121)
	        Sort Key: c
	        ->  Bitmap Heap Scan on sbtest7  (cost=30.32..3735.81 rows=964 width=121)
	              Recheck Cond: ((id >= 810180) AND (id <= 811179))
	              ->  Bitmap Index Scan on sbtest7_pkey  (cost=0.00..30.07 rows=964 width=0)
	                    Index Cond: ((id >= 810180) AND (id <= 811179))

table 8 : explain SELECT DISTINCT c FROM sbtest8 WHERE id BETWEEN 4384650 AND 4385649 ORDER BY c
	Unique  (cost=3912.37..3917.35 rows=997 width=121)
	  ->  Sort  (cost=3912.37..3914.86 rows=997 width=121)
	        Sort Key: c
	        ->  Bitmap Heap Scan on sbtest8  (cost=30.65..3862.71 rows=997 width=121)
	              Recheck Cond: ((id >= 4384650) AND (id <= 4385649))
	              ->  Bitmap Index Scan on sbtest8_pkey  (cost=0.00..30.40 rows=997 width=0)
	                    Index Cond: ((id >= 4384650) AND (id <= 4385649))

for point_selects
table 1 : explain SELECT c FROM sbtest1 WHERE id=3392820
	Index Scan using sbtest1_pkey on sbtest1  (cost=0.43..8.45 rows=1 width=121)
	  Index Cond: (id = 3392820)

table 2 : explain SELECT c FROM sbtest2 WHERE id=5068181
	Index Scan using sbtest2_pkey on sbtest2  (cost=0.43..8.45 rows=1 width=121)
	  Index Cond: (id = 5068181)

table 3 : explain SELECT c FROM sbtest3 WHERE id=3750373
	Index Scan using sbtest3_pkey on sbtest3  (cost=0.43..8.45 rows=1 width=121)
	  Index Cond: (id = 3750373)

table 4 : explain SELECT c FROM sbtest4 WHERE id=4540083
	Index Scan using sbtest4_pkey on sbtest4  (cost=0.43..8.45 rows=1 width=121)
	  Index Cond: (id = 4540083)

table 5 : explain SELECT c FROM sbtest5 WHERE id=4802493
	Index Scan using sbtest5_pkey on sbtest5  (cost=0.43..8.45 rows=1 width=121)
	  Index Cond: (id = 4802493)

table 6 : explain SELECT c FROM sbtest6 WHERE id=4079888
	Index Scan using sbtest6_pkey on sbtest6  (cost=0.43..8.45 rows=1 width=121)
	  Index Cond: (id = 4079888)

table 7 : explain SELECT c FROM sbtest7 WHERE id=2455896
	Index Scan using sbtest7_pkey on sbtest7  (cost=0.43..8.45 rows=1 width=121)
	  Index Cond: (id = 2455896)

table 8 : explain SELECT c FROM sbtest8 WHERE id=5866494
	Index Scan using sbtest8_pkey on sbtest8  (cost=0.43..8.45 rows=1 width=121)
	  Index Cond: (id = 5866494)

for: sum_ranges
table 1 : explain SELECT SUM(k) FROM sbtest1 WHERE id BETWEEN 9405459 AND 9406458
	Aggregate  (cost=3870.26..3870.27 rows=1 width=8)
	  ->  Bitmap Heap Scan on sbtest1  (cost=30.66..3867.76 rows=998 width=4)
	        Recheck Cond: ((id >= 9405459) AND (id <= 9406458))
	        ->  Bitmap Index Scan on sbtest1_pkey  (cost=0.00..30.41 rows=998 width=0)
	              Index Cond: ((id >= 9405459) AND (id <= 9406458))

table 2 : explain SELECT SUM(k) FROM sbtest2 WHERE id BETWEEN 9122974 AND 9123973
	Aggregate  (cost=3710.03..3710.04 rows=1 width=8)
	  ->  Bitmap Heap Scan on sbtest2  (cost=30.23..3707.64 rows=956 width=4)
	        Recheck Cond: ((id >= 9122974) AND (id <= 9123973))
	        ->  Bitmap Index Scan on sbtest2_pkey  (cost=0.00..30.00 rows=956 width=0)
	              Index Cond: ((id >= 9122974) AND (id <= 9123973))

table 3 : explain SELECT SUM(k) FROM sbtest3 WHERE id BETWEEN 6938538 AND 6939537
	Aggregate  (cost=3648.01..3648.02 rows=1 width=8)
	  ->  Bitmap Heap Scan on sbtest3  (cost=30.07..3645.66 rows=940 width=4)
	        Recheck Cond: ((id >= 6938538) AND (id <= 6939537))
	        ->  Bitmap Index Scan on sbtest3_pkey  (cost=0.00..29.83 rows=940 width=0)
	              Index Cond: ((id >= 6938538) AND (id <= 6939537))

table 4 : explain SELECT SUM(k) FROM sbtest4 WHERE id BETWEEN 5484778 AND 5485777
	Aggregate  (cost=3547.27..3547.28 rows=1 width=8)
	  ->  Bitmap Heap Scan on sbtest4  (cost=29.79..3544.99 rows=913 width=4)
	        Recheck Cond: ((id >= 5484778) AND (id <= 5485777))
	        ->  Bitmap Index Scan on sbtest4_pkey  (cost=0.00..29.57 rows=913 width=0)
	              Index Cond: ((id >= 5484778) AND (id <= 5485777))

table 5 : explain SELECT SUM(k) FROM sbtest5 WHERE id BETWEEN 5073548 AND 5074547
	Aggregate  (cost=3993.52..3993.53 rows=1 width=8)
	  ->  Bitmap Heap Scan on sbtest5  (cost=31.00..3990.95 rows=1031 width=4)
	        Recheck Cond: ((id >= 5073548) AND (id <= 5074547))
	        ->  Bitmap Index Scan on sbtest5_pkey  (cost=0.00..30.75 rows=1031 width=0)
	              Index Cond: ((id >= 5073548) AND (id <= 5074547))

table 6 : explain SELECT SUM(k) FROM sbtest6 WHERE id BETWEEN 8680312 AND 8681311
	Aggregate  (cost=3879.78..3879.79 rows=1 width=8)
	  ->  Bitmap Heap Scan on sbtest6  (cost=30.70..3877.28 rows=1001 width=4)
	        Recheck Cond: ((id >= 8680312) AND (id <= 8681311))
	        ->  Bitmap Index Scan on sbtest6_pkey  (cost=0.00..30.44 rows=1001 width=0)
	              Index Cond: ((id >= 8680312) AND (id <= 8681311))

table 7 : explain SELECT SUM(k) FROM sbtest7 WHERE id BETWEEN 8484171 AND 8485170
	Aggregate  (cost=3885.42..3885.43 rows=1 width=8)
	  ->  Bitmap Heap Scan on sbtest7  (cost=30.72..3882.92 rows=1003 width=4)
	        Recheck Cond: ((id >= 8484171) AND (id <= 8485170))
	        ->  Bitmap Index Scan on sbtest7_pkey  (cost=0.00..30.46 rows=1003 width=0)
	              Index Cond: ((id >= 8484171) AND (id <= 8485170))

table 8 : explain SELECT SUM(k) FROM sbtest8 WHERE id BETWEEN 7835792 AND 7836791
	Aggregate  (cost=3936.93..3936.94 rows=1 width=8)
	  ->  Bitmap Heap Scan on sbtest8  (cost=30.85..3934.39 rows=1016 width=4)
	        Recheck Cond: ((id >= 7835792) AND (id <= 7836791))
	        ->  Bitmap Index Scan on sbtest8_pkey  (cost=0.00..30.59 rows=1016 width=0)
	              Index Cond: ((id >= 7835792) AND (id <= 7836791))

for: sum_ranges
table 1 : explain SELECT SUM(k) FROM sbtest1 WHERE id BETWEEN 3039573 AND 3040572
	Aggregate  (cost=3892.92..3892.93 rows=1 width=8)
	  ->  Bitmap Heap Scan on sbtest1  (cost=30.73..3890.41 rows=1004 width=4)
	        Recheck Cond: ((id >= 3039573) AND (id <= 3040572))
	        ->  Bitmap Index Scan on sbtest1_pkey  (cost=0.00..30.47 rows=1004 width=0)
	              Index Cond: ((id >= 3039573) AND (id <= 3040572))

table 2 : explain SELECT SUM(k) FROM sbtest2 WHERE id BETWEEN 3514344 AND 3515343
	Aggregate  (cost=3872.51..3872.52 rows=1 width=8)
	  ->  Bitmap Heap Scan on sbtest2  (cost=30.67..3870.01 rows=999 width=4)
	        Recheck Cond: ((id >= 3514344) AND (id <= 3515343))
	        ->  Bitmap Index Scan on sbtest2_pkey  (cost=0.00..30.43 rows=999 width=0)
	              Index Cond: ((id >= 3514344) AND (id <= 3515343))

table 3 : explain SELECT SUM(k) FROM sbtest3 WHERE id BETWEEN 6139761 AND 6140760
	Aggregate  (cost=4097.03..4097.04 rows=1 width=8)
	  ->  Bitmap Heap Scan on sbtest3  (cost=31.29..4094.38 rows=1059 width=4)
	        Recheck Cond: ((id >= 6139761) AND (id <= 6140760))
	        ->  Bitmap Index Scan on sbtest3_pkey  (cost=0.00..31.02 rows=1059 width=0)
	              Index Cond: ((id >= 6139761) AND (id <= 6140760))

table 4 : explain SELECT SUM(k) FROM sbtest4 WHERE id BETWEEN 294148 AND 295147
	Aggregate  (cost=3717.54..3717.55 rows=1 width=8)
	  ->  Bitmap Heap Scan on sbtest4  (cost=30.25..3715.15 rows=958 width=4)
	        Recheck Cond: ((id >= 294148) AND (id <= 295147))
	        ->  Bitmap Index Scan on sbtest4_pkey  (cost=0.00..30.01 rows=958 width=0)
	              Index Cond: ((id >= 294148) AND (id <= 295147))

table 5 : explain SELECT SUM(k) FROM sbtest5 WHERE id BETWEEN 4544580 AND 4545579
	Aggregate  (cost=4550.74..4550.75 rows=1 width=8)
	  ->  Bitmap Heap Scan on sbtest5  (cost=36.52..4547.80 rows=1179 width=4)
	        Recheck Cond: ((id >= 4544580) AND (id <= 4545579))
	        ->  Bitmap Index Scan on sbtest5_pkey  (cost=0.00..36.23 rows=1179 width=0)
	              Index Cond: ((id >= 4544580) AND (id <= 4545579))

table 6 : explain SELECT SUM(k) FROM sbtest6 WHERE id BETWEEN 9046201 AND 9047200
	Aggregate  (cost=4121.36..4121.37 rows=1 width=8)
	  ->  Bitmap Heap Scan on sbtest6  (cost=35.34..4118.70 rows=1064 width=4)
	        Recheck Cond: ((id >= 9046201) AND (id <= 9047200))
	        ->  Bitmap Index Scan on sbtest6_pkey  (cost=0.00..35.08 rows=1064 width=0)
	              Index Cond: ((id >= 9046201) AND (id <= 9047200))

table 7 : explain SELECT SUM(k) FROM sbtest7 WHERE id BETWEEN 5821444 AND 5822443
	Aggregate  (cost=3655.09..3655.10 rows=1 width=8)
	  ->  Bitmap Heap Scan on sbtest7  (cost=30.09..3652.74 rows=942 width=4)
	        Recheck Cond: ((id >= 5821444) AND (id <= 5822443))
	        ->  Bitmap Index Scan on sbtest7_pkey  (cost=0.00..29.86 rows=942 width=0)
	              Index Cond: ((id >= 5821444) AND (id <= 5822443))

table 8 : explain SELECT SUM(k) FROM sbtest8 WHERE id BETWEEN 342773 AND 343772
	Aggregate  (cost=3910.51..3910.52 rows=1 width=8)
	  ->  Bitmap Heap Scan on sbtest8  (cost=30.78..3907.99 rows=1009 width=4)
	        Recheck Cond: ((id >= 342773) AND (id <= 343772))
	        ->  Bitmap Index Scan on sbtest8_pkey  (cost=0.00..30.52 rows=1009 width=0)
	              Index Cond: ((id >= 342773) AND (id <= 343772))

explain: for point_selects :: explain SELECT c FROM sbtest%u WHERE id=%u
for: distinct_ranges
table 1 : explain SELECT DISTINCT c FROM sbtest1 WHERE id BETWEEN 2332027 AND 2333026 ORDER BY c
	Unique  (cost=4384.39..4389.98 rows=1119 width=121)
	  ->  Sort  (cost=4384.39..4387.18 rows=1119 width=121)
	        Sort Key: c
	        ->  Bitmap Heap Scan on sbtest1  (cost=35.90..4327.72 rows=1119 width=121)
	              Recheck Cond: ((id >= 2332027) AND (id <= 2333026))
	              ->  Bitmap Index Scan on sbtest1_pkey  (cost=0.00..35.62 rows=1119 width=0)
	                    Index Cond: ((id >= 2332027) AND (id <= 2333026))

table 2 : explain SELECT DISTINCT c FROM sbtest2 WHERE id BETWEEN 953114 AND 954113 ORDER BY c
	Unique  (cost=3712.77..3717.50 rows=945 width=121)
	  ->  Sort  (cost=3712.77..3715.14 rows=945 width=121)
	        Sort Key: c
	        ->  Bitmap Heap Scan on sbtest2  (cost=30.12..3666.07 rows=945 width=121)
	              Recheck Cond: ((id >= 953114) AND (id <= 954113))
	              ->  Bitmap Index Scan on sbtest2_pkey  (cost=0.00..29.89 rows=945 width=0)
	                    Index Cond: ((id >= 953114) AND (id <= 954113))

table 3 : explain SELECT DISTINCT c FROM sbtest3 WHERE id BETWEEN 28925 AND 29924 ORDER BY c
	Unique  (cost=4418.84..4424.49 rows=1130 width=121)
	  ->  Sort  (cost=4418.84..4421.66 rows=1130 width=121)
	        Sort Key: c
	        ->  Bitmap Heap Scan on sbtest3  (cost=36.02..4361.54 rows=1130 width=121)
	              Recheck Cond: ((id >= 28925) AND (id <= 29924))
	              ->  Bitmap Index Scan on sbtest3_pkey  (cost=0.00..35.73 rows=1130 width=0)
	                    Index Cond: ((id >= 28925) AND (id <= 29924))

table 4 : explain SELECT DISTINCT c FROM sbtest4 WHERE id BETWEEN 2505970 AND 2506969 ORDER BY c
	Unique  (cost=4222.13..4227.51 rows=1077 width=121)
	  ->  Sort  (cost=4222.13..4224.82 rows=1077 width=121)
	        Sort Key: c
	        ->  Bitmap Heap Scan on sbtest4  (cost=35.47..4167.88 rows=1077 width=121)
	              Recheck Cond: ((id >= 2505970) AND (id <= 2506969))
	              ->  Bitmap Index Scan on sbtest4_pkey  (cost=0.00..35.20 rows=1077 width=0)
	                    Index Cond: ((id >= 2505970) AND (id <= 2506969))

table 5 : explain SELECT DISTINCT c FROM sbtest5 WHERE id BETWEEN 2363501 AND 2364500 ORDER BY c
	Unique  (cost=3782.04..3786.86 rows=963 width=121)
	  ->  Sort  (cost=3782.04..3784.45 rows=963 width=121)
	        Sort Key: c
	        ->  Bitmap Heap Scan on sbtest5  (cost=30.31..3734.32 rows=963 width=121)
	              Recheck Cond: ((id >= 2363501) AND (id <= 2364500))
	              ->  Bitmap Index Scan on sbtest5_pkey  (cost=0.00..30.07 rows=963 width=0)
	                    Index Cond: ((id >= 2363501) AND (id <= 2364500))

table 6 : explain SELECT DISTINCT c FROM sbtest6 WHERE id BETWEEN 9808110 AND 9809109 ORDER BY c
	Unique  (cost=4057.30..4062.48 rows=1035 width=121)
	  ->  Sort  (cost=4057.30..4059.89 rows=1035 width=121)
	        Sort Key: c
	        ->  Bitmap Heap Scan on sbtest6  (cost=31.04..4005.47 rows=1035 width=121)
	              Recheck Cond: ((id >= 9808110) AND (id <= 9809109))
	              ->  Bitmap Index Scan on sbtest6_pkey  (cost=0.00..30.79 rows=1035 width=0)
	                    Index Cond: ((id >= 9808110) AND (id <= 9809109))

table 7 : explain SELECT DISTINCT c FROM sbtest7 WHERE id BETWEEN 3039958 AND 3040957 ORDER BY c
	Unique  (cost=3825.73..3830.60 rows=975 width=121)
	  ->  Sort  (cost=3825.73..3828.16 rows=975 width=121)
	        Sort Key: c
	        ->  Bitmap Heap Scan on sbtest7  (cost=30.43..3777.32 rows=975 width=121)
	              Recheck Cond: ((id >= 3039958) AND (id <= 3040957))
	              ->  Bitmap Index Scan on sbtest7_pkey  (cost=0.00..30.18 rows=975 width=0)
	                    Index Cond: ((id >= 3039958) AND (id <= 3040957))

table 8 : explain SELECT DISTINCT c FROM sbtest8 WHERE id BETWEEN 6192045 AND 6193044 ORDER BY c
	Unique  (cost=3835.73..3840.61 rows=977 width=121)
	  ->  Sort  (cost=3835.73..3838.17 rows=977 width=121)
	        Sort Key: c
	        ->  Bitmap Heap Scan on sbtest8  (cost=30.45..3787.21 rows=977 width=121)
	              Recheck Cond: ((id >= 6192045) AND (id <= 6193044))
	              ->  Bitmap Index Scan on sbtest8_pkey  (cost=0.00..30.20 rows=977 width=0)
	                    Index Cond: ((id >= 6192045) AND (id <= 6193044))

for point_selects
table 1 : explain SELECT c FROM sbtest1 WHERE id=5800471
	Index Scan using sbtest1_pkey on sbtest1  (cost=0.43..8.45 rows=1 width=121)
	  Index Cond: (id = 5800471)

table 2 : explain SELECT c FROM sbtest2 WHERE id=395807
	Index Scan using sbtest2_pkey on sbtest2  (cost=0.43..8.45 rows=1 width=121)
	  Index Cond: (id = 395807)

table 3 : explain SELECT c FROM sbtest3 WHERE id=4181344
	Index Scan using sbtest3_pkey on sbtest3  (cost=0.43..8.45 rows=1 width=121)
	  Index Cond: (id = 4181344)

table 4 : explain SELECT c FROM sbtest4 WHERE id=4056869
	Index Scan using sbtest4_pkey on sbtest4  (cost=0.43..8.45 rows=1 width=121)
	  Index Cond: (id = 4056869)

table 5 : explain SELECT c FROM sbtest5 WHERE id=5306797
	Index Scan using sbtest5_pkey on sbtest5  (cost=0.43..8.45 rows=1 width=121)
	  Index Cond: (id = 5306797)

table 6 : explain SELECT c FROM sbtest6 WHERE id=6188667
	Index Scan using sbtest6_pkey on sbtest6  (cost=0.43..8.45 rows=1 width=121)
	  Index Cond: (id = 6188667)

table 7 : explain SELECT c FROM sbtest7 WHERE id=4780790
	Index Scan using sbtest7_pkey on sbtest7  (cost=0.43..8.45 rows=1 width=121)
	  Index Cond: (id = 4780790)

table 8 : explain SELECT c FROM sbtest8 WHERE id=8540200
	Index Scan using sbtest8_pkey on sbtest8  (cost=0.43..8.45 rows=1 width=121)
	  Index Cond: (id = 8540200)

for: distinct_ranges
table 1 : explain SELECT DISTINCT c FROM sbtest1 WHERE id BETWEEN 5115913 AND 5116912 ORDER BY c
	Unique  (cost=3917.48..3922.47 rows=998 width=121)
	  ->  Sort  (cost=3917.48..3919.97 rows=998 width=121)
	        Sort Key: c
	        ->  Bitmap Heap Scan on sbtest1  (cost=30.66..3867.76 rows=998 width=121)
	              Recheck Cond: ((id >= 5115913) AND (id <= 5116912))
	              ->  Bitmap Index Scan on sbtest1_pkey  (cost=0.00..30.41 rows=998 width=0)
	                    Index Cond: ((id >= 5115913) AND (id <= 5116912))

table 2 : explain SELECT DISTINCT c FROM sbtest2 WHERE id BETWEEN 7348546 AND 7349545 ORDER BY c
	Unique  (cost=4126.63..4131.89 rows=1052 width=121)
	  ->  Sort  (cost=4126.63..4129.26 rows=1052 width=121)
	        Sort Key: c
	        ->  Bitmap Heap Scan on sbtest2  (cost=35.22..4073.82 rows=1052 width=121)
	              Recheck Cond: ((id >= 7348546) AND (id <= 7349545))
	              ->  Bitmap Index Scan on sbtest2_pkey  (cost=0.00..34.95 rows=1052 width=0)
	                    Index Cond: ((id >= 7348546) AND (id <= 7349545))

table 3 : explain SELECT DISTINCT c FROM sbtest3 WHERE id BETWEEN 2560670 AND 2561669 ORDER BY c
	Unique  (cost=3630.70..3635.32 rows=924 width=121)
	  ->  Sort  (cost=3630.70..3633.01 rows=924 width=121)
	        Sort Key: c
	        ->  Bitmap Heap Scan on sbtest3  (cost=29.91..3585.19 rows=924 width=121)
	              Recheck Cond: ((id >= 2560670) AND (id <= 2561669))
	              ->  Bitmap Index Scan on sbtest3_pkey  (cost=0.00..29.68 rows=924 width=0)
	                    Index Cond: ((id >= 2560670) AND (id <= 2561669))

table 4 : explain SELECT DISTINCT c FROM sbtest4 WHERE id BETWEEN 2040435 AND 2041434 ORDER BY c
	Unique  (cost=3958.02..3963.07 rows=1009 width=121)
	  ->  Sort  (cost=3958.02..3960.55 rows=1009 width=121)
	        Sort Key: c
	        ->  Bitmap Heap Scan on sbtest4  (cost=30.78..3907.68 rows=1009 width=121)
	              Recheck Cond: ((id >= 2040435) AND (id <= 2041434))
	              ->  Bitmap Index Scan on sbtest4_pkey  (cost=0.00..30.52 rows=1009 width=0)
	                    Index Cond: ((id >= 2040435) AND (id <= 2041434))

table 5 : explain SELECT DISTINCT c FROM sbtest5 WHERE id BETWEEN 6430648 AND 6431647 ORDER BY c
	Unique  (cost=3916.19..3921.18 rows=998 width=121)
	  ->  Sort  (cost=3916.19..3918.69 rows=998 width=121)
	        Sort Key: c
	        ->  Bitmap Heap Scan on sbtest5  (cost=30.66..3866.48 rows=998 width=121)
	              Recheck Cond: ((id >= 6430648) AND (id <= 6431647))
	              ->  Bitmap Index Scan on sbtest5_pkey  (cost=0.00..30.41 rows=998 width=0)
	                    Index Cond: ((id >= 6430648) AND (id <= 6431647))

table 6 : explain SELECT DISTINCT c FROM sbtest6 WHERE id BETWEEN 1690023 AND 1691022 ORDER BY c
	Unique  (cost=3812.22..3817.08 rows=971 width=121)
	  ->  Sort  (cost=3812.22..3814.65 rows=971 width=121)
	        Sort Key: c
	        ->  Bitmap Heap Scan on sbtest6  (cost=30.39..3764.04 rows=971 width=121)
	              Recheck Cond: ((id >= 1690023) AND (id <= 1691022))
	              ->  Bitmap Index Scan on sbtest6_pkey  (cost=0.00..30.14 rows=971 width=0)
	                    Index Cond: ((id >= 1690023) AND (id <= 1691022))

table 7 : explain SELECT DISTINCT c FROM sbtest7 WHERE id BETWEEN 9871946 AND 9872945 ORDER BY c
	Unique  (cost=3737.60..3742.36 rows=952 width=121)
	  ->  Sort  (cost=3737.60..3739.98 rows=952 width=121)
	        Sort Key: c
	        ->  Bitmap Heap Scan on sbtest7  (cost=30.19..3690.51 rows=952 width=121)
	              Recheck Cond: ((id >= 9871946) AND (id <= 9872945))
	              ->  Bitmap Index Scan on sbtest7_pkey  (cost=0.00..29.95 rows=952 width=0)
	                    Index Cond: ((id >= 9871946) AND (id <= 9872945))

table 8 : explain SELECT DISTINCT c FROM sbtest8 WHERE id BETWEEN 1357124 AND 1358123 ORDER BY c
	Unique  (cost=4275.96..4281.41 rows=1091 width=121)
	  ->  Sort  (cost=4275.96..4278.68 rows=1091 width=121)
	        Sort Key: c
	        ->  Bitmap Heap Scan on sbtest8  (cost=35.62..4220.91 rows=1091 width=121)
	              Recheck Cond: ((id >= 1357124) AND (id <= 1358123))
	              ->  Bitmap Index Scan on sbtest8_pkey  (cost=0.00..35.34 rows=1091 width=0)
	                    Index Cond: ((id >= 1357124) AND (id <= 1358123))

for: simple_ranges
table 1 : explain SELECT c FROM sbtest1 WHERE id BETWEEN 5971853 AND 5972852
	Bitmap Heap Scan on sbtest1  (cost=30.18..3690.16 rows=951 width=121)
	  Recheck Cond: ((id >= 5971853) AND (id <= 5972852))
	  ->  Bitmap Index Scan on sbtest1_pkey  (cost=0.00..29.94 rows=951 width=0)
	        Index Cond: ((id >= 5971853) AND (id <= 5972852))

table 2 : explain SELECT c FROM sbtest2 WHERE id BETWEEN 1333761 AND 1334760
	Bitmap Heap Scan on sbtest2  (cost=29.69..3507.19 rows=903 width=121)
	  Recheck Cond: ((id >= 1333761) AND (id <= 1334760))
	  ->  Bitmap Index Scan on sbtest2_pkey  (cost=0.00..29.46 rows=903 width=0)
	        Index Cond: ((id >= 1333761) AND (id <= 1334760))

table 3 : explain SELECT c FROM sbtest3 WHERE id BETWEEN 8118743 AND 8119742
	Bitmap Heap Scan on sbtest3  (cost=30.90..3951.29 rows=1021 width=121)
	  Recheck Cond: ((id >= 8118743) AND (id <= 8119742))
	  ->  Bitmap Index Scan on sbtest3_pkey  (cost=0.00..30.64 rows=1021 width=0)
	        Index Cond: ((id >= 8118743) AND (id <= 8119742))

table 4 : explain SELECT c FROM sbtest4 WHERE id BETWEEN 3878790 AND 3879789
	Bitmap Heap Scan on sbtest4  (cost=30.76..3900.14 rows=1007 width=121)
	  Recheck Cond: ((id >= 3878790) AND (id <= 3879789))
	  ->  Bitmap Index Scan on sbtest4_pkey  (cost=0.00..30.50 rows=1007 width=0)
	        Index Cond: ((id >= 3878790) AND (id <= 3879789))

table 5 : explain SELECT c FROM sbtest5 WHERE id BETWEEN 9423943 AND 9424942
	Bitmap Heap Scan on sbtest5  (cost=30.78..3907.98 rows=1009 width=121)
	  Recheck Cond: ((id >= 9423943) AND (id <= 9424942))
	  ->  Bitmap Index Scan on sbtest5_pkey  (cost=0.00..30.52 rows=1009 width=0)
	        Index Cond: ((id >= 9423943) AND (id <= 9424942))

table 6 : explain SELECT c FROM sbtest6 WHERE id BETWEEN 179035 AND 180034
	Bitmap Heap Scan on sbtest6  (cost=35.70..4250.40 rows=1099 width=121)
	  Recheck Cond: ((id >= 179035) AND (id <= 180034))
	  ->  Bitmap Index Scan on sbtest6_pkey  (cost=0.00..35.43 rows=1099 width=0)
	        Index Cond: ((id >= 179035) AND (id <= 180034))

table 7 : explain SELECT c FROM sbtest7 WHERE id BETWEEN 9474952 AND 9475951
	Bitmap Heap Scan on sbtest7  (cost=35.49..4173.03 rows=1079 width=121)
	  Recheck Cond: ((id >= 9474952) AND (id <= 9475951))
	  ->  Bitmap Index Scan on sbtest7_pkey  (cost=0.00..35.23 rows=1079 width=0)
	        Index Cond: ((id >= 9474952) AND (id <= 9475951))

table 8 : explain SELECT c FROM sbtest8 WHERE id BETWEEN 9375087 AND 9376086
	Bitmap Heap Scan on sbtest8  (cost=29.78..3541.47 rows=912 width=121)
	  Recheck Cond: ((id >= 9375087) AND (id <= 9376086))
	  ->  Bitmap Index Scan on sbtest8_pkey  (cost=0.00..29.55 rows=912 width=0)
	        Index Cond: ((id >= 9375087) AND (id <= 9376086))

explain: for point_selects :: explain SELECT c FROM sbtest%u WHERE id=%u
for: sum_ranges
table 1 : explain SELECT SUM(k) FROM sbtest1 WHERE id BETWEEN 5017817 AND 5018816
	Aggregate  (cost=4307.94..4307.95 rows=1 width=8)
	  ->  Bitmap Heap Scan on sbtest1  (cost=35.84..4305.15 rows=1113 width=4)
	        Recheck Cond: ((id >= 5017817) AND (id <= 5018816))
	        ->  Bitmap Index Scan on sbtest1_pkey  (cost=0.00..35.57 rows=1113 width=0)
	              Index Cond: ((id >= 5017817) AND (id <= 5018816))

table 2 : explain SELECT SUM(k) FROM sbtest2 WHERE id BETWEEN 4500852 AND 4501851
	Aggregate  (cost=3376.78..3376.79 rows=1 width=8)
	  ->  Bitmap Heap Scan on sbtest2  (cost=29.33..3374.61 rows=868 width=4)
	        Recheck Cond: ((id >= 4500852) AND (id <= 4501851))
	        ->  Bitmap Index Scan on sbtest2_pkey  (cost=0.00..29.11 rows=868 width=0)
	              Index Cond: ((id >= 4500852) AND (id <= 4501851))

table 3 : explain SELECT SUM(k) FROM sbtest3 WHERE id BETWEEN 4209490 AND 4210489
	Aggregate  (cost=4115.86..4115.87 rows=1 width=8)
	  ->  Bitmap Heap Scan on sbtest3  (cost=31.34..4113.20 rows=1064 width=4)
	        Recheck Cond: ((id >= 4209490) AND (id <= 4210489))
	        ->  Bitmap Index Scan on sbtest3_pkey  (cost=0.00..31.07 rows=1064 width=0)
	              Index Cond: ((id >= 4209490) AND (id <= 4210489))

table 4 : explain SELECT SUM(k) FROM sbtest4 WHERE id BETWEEN 9796391 AND 9797390
	Aggregate  (cost=3830.91..3830.92 rows=1 width=8)
	  ->  Bitmap Heap Scan on sbtest4  (cost=30.56..3828.44 rows=988 width=4)
	        Recheck Cond: ((id >= 9796391) AND (id <= 9797390))
	        ->  Bitmap Index Scan on sbtest4_pkey  (cost=0.00..30.32 rows=988 width=0)
	              Index Cond: ((id >= 9796391) AND (id <= 9797390))

table 5 : explain SELECT SUM(k) FROM sbtest5 WHERE id BETWEEN 6717179 AND 6718178
	Aggregate  (cost=3861.42..3861.43 rows=1 width=8)
	  ->  Bitmap Heap Scan on sbtest5  (cost=30.64..3858.93 rows=996 width=4)
	        Recheck Cond: ((id >= 6717179) AND (id <= 6718178))
	        ->  Bitmap Index Scan on sbtest5_pkey  (cost=0.00..30.39 rows=996 width=0)
	              Index Cond: ((id >= 6717179) AND (id <= 6718178))

table 6 : explain SELECT SUM(k) FROM sbtest6 WHERE id BETWEEN 2253161 AND 2254160
	Aggregate  (cost=3770.25..3770.26 rows=1 width=8)
	  ->  Bitmap Heap Scan on sbtest6  (cost=30.40..3767.82 rows=972 width=4)
	        Recheck Cond: ((id >= 2253161) AND (id <= 2254160))
	        ->  Bitmap Index Scan on sbtest6_pkey  (cost=0.00..30.15 rows=972 width=0)
	              Index Cond: ((id >= 2253161) AND (id <= 2254160))

table 7 : explain SELECT SUM(k) FROM sbtest7 WHERE id BETWEEN 8830344 AND 8831343
	Aggregate  (cost=3798.63..3798.64 rows=1 width=8)
	  ->  Bitmap Heap Scan on sbtest7  (cost=30.48..3796.18 rows=980 width=4)
	        Recheck Cond: ((id >= 8830344) AND (id <= 8831343))
	        ->  Bitmap Index Scan on sbtest7_pkey  (cost=0.00..30.23 rows=980 width=0)
	              Index Cond: ((id >= 8830344) AND (id <= 8831343))

table 8 : explain SELECT SUM(k) FROM sbtest8 WHERE id BETWEEN 7057339 AND 7058338
	Aggregate  (cost=3774.53..3774.54 rows=1 width=8)
	  ->  Bitmap Heap Scan on sbtest8  (cost=30.41..3772.10 rows=973 width=4)
	        Recheck Cond: ((id >= 7057339) AND (id <= 7058338))
	        ->  Bitmap Index Scan on sbtest8_pkey  (cost=0.00..30.16 rows=973 width=0)
	              Index Cond: ((id >= 7057339) AND (id <= 7058338))

for point_selects
table 1 : explain SELECT c FROM sbtest1 WHERE id=2417777
	Index Scan using sbtest1_pkey on sbtest1  (cost=0.43..8.45 rows=1 width=121)
	  Index Cond: (id = 2417777)

table 2 : explain SELECT c FROM sbtest2 WHERE id=9870079
	Index Scan using sbtest2_pkey on sbtest2  (cost=0.43..8.45 rows=1 width=121)
	  Index Cond: (id = 9870079)

table 3 : explain SELECT c FROM sbtest3 WHERE id=2756565
	Index Scan using sbtest3_pkey on sbtest3  (cost=0.43..8.45 rows=1 width=121)
	  Index Cond: (id = 2756565)

table 4 : explain SELECT c FROM sbtest4 WHERE id=779727
	Index Scan using sbtest4_pkey on sbtest4  (cost=0.43..8.45 rows=1 width=121)
	  Index Cond: (id = 779727)

table 5 : explain SELECT c FROM sbtest5 WHERE id=5791771
	Index Scan using sbtest5_pkey on sbtest5  (cost=0.43..8.45 rows=1 width=121)
	  Index Cond: (id = 5791771)

table 6 : explain SELECT c FROM sbtest6 WHERE id=1206044
	Index Scan using sbtest6_pkey on sbtest6  (cost=0.43..8.45 rows=1 width=121)
	  Index Cond: (id = 1206044)

table 7 : explain SELECT c FROM sbtest7 WHERE id=9309352
	Index Scan using sbtest7_pkey on sbtest7  (cost=0.43..8.45 rows=1 width=121)
	  Index Cond: (id = 9309352)

table 8 : explain SELECT c FROM sbtest8 WHERE id=6632710
	Index Scan using sbtest8_pkey on sbtest8  (cost=0.43..8.45 rows=1 width=121)
	  Index Cond: (id = 6632710)

for: distinct_ranges
table 1 : explain SELECT DISTINCT c FROM sbtest1 WHERE id BETWEEN 8128781 AND 8129780 ORDER BY c
	Unique  (cost=3944.30..3949.33 rows=1005 width=121)
	  ->  Sort  (cost=3944.30..3946.81 rows=1005 width=121)
	        Sort Key: c
	        ->  Bitmap Heap Scan on sbtest1  (cost=30.74..3894.19 rows=1005 width=121)
	              Recheck Cond: ((id >= 8128781) AND (id <= 8129780))
	              ->  Bitmap Index Scan on sbtest1_pkey  (cost=0.00..30.48 rows=1005 width=0)
	                    Index Cond: ((id >= 8128781) AND (id <= 8129780))

table 2 : explain SELECT DISTINCT c FROM sbtest2 WHERE id BETWEEN 454446 AND 455445 ORDER BY c
	Unique  (cost=3843.15..3848.05 rows=979 width=121)
	  ->  Sort  (cost=3843.15..3845.60 rows=979 width=121)
	        Sort Key: c
	        ->  Bitmap Heap Scan on sbtest2  (cost=30.47..3794.52 rows=979 width=121)
	              Recheck Cond: ((id >= 454446) AND (id <= 455445))
	              ->  Bitmap Index Scan on sbtest2_pkey  (cost=0.00..30.22 rows=979 width=0)
	                    Index Cond: ((id >= 454446) AND (id <= 455445))

table 3 : explain SELECT DISTINCT c FROM sbtest3 WHERE id BETWEEN 4891766 AND 4892765 ORDER BY c
	Unique  (cost=3983.19..3988.27 rows=1016 width=121)
	  ->  Sort  (cost=3983.19..3985.73 rows=1016 width=121)
	        Sort Key: c
	        ->  Bitmap Heap Scan on sbtest3  (cost=30.85..3932.45 rows=1016 width=121)
	              Recheck Cond: ((id >= 4891766) AND (id <= 4892765))
	              ->  Bitmap Index Scan on sbtest3_pkey  (cost=0.00..30.59 rows=1016 width=0)
	                    Index Cond: ((id >= 4891766) AND (id <= 4892765))

table 4 : explain SELECT DISTINCT c FROM sbtest4 WHERE id BETWEEN 7487645 AND 7488644 ORDER BY c
	Unique  (cost=3831.60..3836.48 rows=976 width=121)
	  ->  Sort  (cost=3831.60..3834.04 rows=976 width=121)
	        Sort Key: c
	        ->  Bitmap Heap Scan on sbtest4  (cost=30.44..3783.14 rows=976 width=121)
	              Recheck Cond: ((id >= 7487645) AND (id <= 7488644))
	              ->  Bitmap Index Scan on sbtest4_pkey  (cost=0.00..30.19 rows=976 width=0)
	                    Index Cond: ((id >= 7487645) AND (id <= 7488644))

table 5 : explain SELECT DISTINCT c FROM sbtest5 WHERE id BETWEEN 2056932 AND 2057931 ORDER BY c
	Unique  (cost=4061.68..4066.86 rows=1036 width=121)
	  ->  Sort  (cost=4061.68..4064.27 rows=1036 width=121)
	        Sort Key: c
	        ->  Bitmap Heap Scan on sbtest5  (cost=31.05..4009.79 rows=1036 width=121)
	              Recheck Cond: ((id >= 2056932) AND (id <= 2057931))
	              ->  Bitmap Index Scan on sbtest5_pkey  (cost=0.00..30.79 rows=1036 width=0)
	                    Index Cond: ((id >= 2056932) AND (id <= 2057931))

table 6 : explain SELECT DISTINCT c FROM sbtest6 WHERE id BETWEEN 9944876 AND 9945875 ORDER BY c
	Unique  (cost=4042.00..4047.16 rows=1031 width=121)
	  ->  Sort  (cost=4042.00..4044.58 rows=1031 width=121)
	        Sort Key: c
	        ->  Bitmap Heap Scan on sbtest6  (cost=31.00..3990.40 rows=1031 width=121)
	              Recheck Cond: ((id >= 9944876) AND (id <= 9945875))
	              ->  Bitmap Index Scan on sbtest6_pkey  (cost=0.00..30.75 rows=1031 width=0)
	                    Index Cond: ((id >= 9944876) AND (id <= 9945875))

table 7 : explain SELECT DISTINCT c FROM sbtest7 WHERE id BETWEEN 6103547 AND 6104546 ORDER BY c
	Unique  (cost=3821.90..3826.77 rows=974 width=121)
	  ->  Sort  (cost=3821.90..3824.33 rows=974 width=121)
	        Sort Key: c
	        ->  Bitmap Heap Scan on sbtest7  (cost=30.42..3773.55 rows=974 width=121)
	              Recheck Cond: ((id >= 6103547) AND (id <= 6104546))
	              ->  Bitmap Index Scan on sbtest7_pkey  (cost=0.00..30.18 rows=974 width=0)
	                    Index Cond: ((id >= 6103547) AND (id <= 6104546))

table 8 : explain SELECT DISTINCT c FROM sbtest8 WHERE id BETWEEN 6790194 AND 6791193 ORDER BY c
	Unique  (cost=4199.53..4204.89 rows=1071 width=121)
	  ->  Sort  (cost=4199.53..4202.21 rows=1071 width=121)
	        Sort Key: c
	        ->  Bitmap Heap Scan on sbtest8  (cost=35.41..4145.64 rows=1071 width=121)
	              Recheck Cond: ((id >= 6790194) AND (id <= 6791193))
	              ->  Bitmap Index Scan on sbtest8_pkey  (cost=0.00..35.15 rows=1071 width=0)
	                    Index Cond: ((id >= 6790194) AND (id <= 6791193))

for: simple_ranges
table 1 : explain SELECT c FROM sbtest1 WHERE id BETWEEN 3169215 AND 3170214
	Bitmap Heap Scan on sbtest1  (cost=30.65..3863.98 rows=997 width=121)
	  Recheck Cond: ((id >= 3169215) AND (id <= 3170214))
	  ->  Bitmap Index Scan on sbtest1_pkey  (cost=0.00..30.40 rows=997 width=0)
	        Index Cond: ((id >= 3169215) AND (id <= 3170214))

table 2 : explain SELECT c FROM sbtest2 WHERE id BETWEEN 7933170 AND 7934169
	Bitmap Heap Scan on sbtest2  (cost=30.25..3715.20 rows=958 width=121)
	  Recheck Cond: ((id >= 7933170) AND (id <= 7934169))
	  ->  Bitmap Index Scan on sbtest2_pkey  (cost=0.00..30.01 rows=958 width=0)
	        Index Cond: ((id >= 7933170) AND (id <= 7934169))

table 3 : explain SELECT c FROM sbtest3 WHERE id BETWEEN 7756253 AND 7757252
	Bitmap Heap Scan on sbtest3  (cost=30.81..3917.37 rows=1012 width=121)
	  Recheck Cond: ((id >= 7756253) AND (id <= 7757252))
	  ->  Bitmap Index Scan on sbtest3_pkey  (cost=0.00..30.55 rows=1012 width=0)
	        Index Cond: ((id >= 7756253) AND (id <= 7757252))

table 4 : explain SELECT c FROM sbtest4 WHERE id BETWEEN 2531698 AND 2532697
	Bitmap Heap Scan on sbtest4  (cost=35.47..4167.88 rows=1077 width=121)
	  Recheck Cond: ((id >= 2531698) AND (id <= 2532697))
	  ->  Bitmap Index Scan on sbtest4_pkey  (cost=0.00..35.20 rows=1077 width=0)
	        Index Cond: ((id >= 2531698) AND (id <= 2532697))

table 5 : explain SELECT c FROM sbtest5 WHERE id BETWEEN 1573103 AND 1574102
	Bitmap Heap Scan on sbtest5  (cost=30.48..3798.53 rows=980 width=121)
	  Recheck Cond: ((id >= 1573103) AND (id <= 1574102))
	  ->  Bitmap Index Scan on sbtest5_pkey  (cost=0.00..30.23 rows=980 width=0)
	        Index Cond: ((id >= 1573103) AND (id <= 1574102))

table 6 : explain SELECT c FROM sbtest6 WHERE id BETWEEN 7543469 AND 7544468
	Bitmap Heap Scan on sbtest6  (cost=35.95..4340.61 rows=1123 width=121)
	  Recheck Cond: ((id >= 7543469) AND (id <= 7544468))
	  ->  Bitmap Index Scan on sbtest6_pkey  (cost=0.00..35.67 rows=1123 width=0)
	        Index Cond: ((id >= 7543469) AND (id <= 7544468))

table 7 : explain SELECT c FROM sbtest7 WHERE id BETWEEN 5857092 AND 5858091
	Bitmap Heap Scan on sbtest7  (cost=30.46..3788.64 rows=978 width=121)
	  Recheck Cond: ((id >= 5857092) AND (id <= 5858091))
	  ->  Bitmap Index Scan on sbtest7_pkey  (cost=0.00..30.21 rows=978 width=0)
	        Index Cond: ((id >= 5857092) AND (id <= 5858091))

table 8 : explain SELECT c FROM sbtest8 WHERE id BETWEEN 4817968 AND 4818967
	Bitmap Heap Scan on sbtest8  (cost=30.95..3972.10 rows=1026 width=121)
	  Recheck Cond: ((id >= 4817968) AND (id <= 4818967))
	  ->  Bitmap Index Scan on sbtest8_pkey  (cost=0.00..30.69 rows=1026 width=0)
	        Index Cond: ((id >= 4817968) AND (id <= 4818967))

for: simple_ranges
table 1 : explain SELECT c FROM sbtest1 WHERE id BETWEEN 3062909 AND 3063908
	Bitmap Heap Scan on sbtest1  (cost=30.73..3890.41 rows=1004 width=121)
	  Recheck Cond: ((id >= 3062909) AND (id <= 3063908))
	  ->  Bitmap Index Scan on sbtest1_pkey  (cost=0.00..30.47 rows=1004 width=0)
	        Index Cond: ((id >= 3062909) AND (id <= 3063908))

table 2 : explain SELECT c FROM sbtest2 WHERE id BETWEEN 1196337 AND 1197336
	Bitmap Heap Scan on sbtest2  (cost=35.59..4209.34 rows=1088 width=121)
	  Recheck Cond: ((id >= 1196337) AND (id <= 1197336))
	  ->  Bitmap Index Scan on sbtest2_pkey  (cost=0.00..35.32 rows=1088 width=0)
	        Index Cond: ((id >= 1196337) AND (id <= 1197336))

table 3 : explain SELECT c FROM sbtest3 WHERE id BETWEEN 2336123 AND 2337122
	Bitmap Heap Scan on sbtest3  (cost=30.06..3641.88 rows=939 width=121)
	  Recheck Cond: ((id >= 2336123) AND (id <= 2337122))
	  ->  Bitmap Index Scan on sbtest3_pkey  (cost=0.00..29.82 rows=939 width=0)
	        Index Cond: ((id >= 2336123) AND (id <= 2337122))

table 4 : explain SELECT c FROM sbtest4 WHERE id BETWEEN 3990684 AND 3991683
	Bitmap Heap Scan on sbtest4  (cost=29.96..3605.52 rows=929 width=121)
	  Recheck Cond: ((id >= 3990684) AND (id <= 3991683))
	  ->  Bitmap Index Scan on sbtest4_pkey  (cost=0.00..29.72 rows=929 width=0)
	        Index Cond: ((id >= 3990684) AND (id <= 3991683))

table 5 : explain SELECT c FROM sbtest5 WHERE id BETWEEN 4575897 AND 4576896
	Bitmap Heap Scan on sbtest5  (cost=36.52..4547.80 rows=1179 width=121)
	  Recheck Cond: ((id >= 4575897) AND (id <= 4576896))
	  ->  Bitmap Index Scan on sbtest5_pkey  (cost=0.00..36.23 rows=1179 width=0)
	        Index Cond: ((id >= 4575897) AND (id <= 4576896))

table 6 : explain SELECT c FROM sbtest6 WHERE id BETWEEN 1010023 AND 1011022
	Bitmap Heap Scan on sbtest6  (cost=30.35..3748.94 rows=967 width=121)
	  Recheck Cond: ((id >= 1010023) AND (id <= 1011022))
	  ->  Bitmap Index Scan on sbtest6_pkey  (cost=0.00..30.11 rows=967 width=0)
	        Index Cond: ((id >= 1010023) AND (id <= 1011022))

table 7 : explain SELECT c FROM sbtest7 WHERE id BETWEEN 5879452 AND 5880451
	Bitmap Heap Scan on sbtest7  (cost=30.46..3788.64 rows=978 width=121)
	  Recheck Cond: ((id >= 5879452) AND (id <= 5880451))
	  ->  Bitmap Index Scan on sbtest7_pkey  (cost=0.00..30.21 rows=978 width=0)
	        Index Cond: ((id >= 5879452) AND (id <= 5880451))

table 8 : explain SELECT c FROM sbtest8 WHERE id BETWEEN 1051292 AND 1052291
	Bitmap Heap Scan on sbtest8  (cost=30.16..3681.42 rows=949 width=121)
	  Recheck Cond: ((id >= 1051292) AND (id <= 1052291))
	  ->  Bitmap Index Scan on sbtest8_pkey  (cost=0.00..29.93 rows=949 width=0)
	        Index Cond: ((id >= 1051292) AND (id <= 1052291))

for: simple_ranges
table 1 : explain SELECT c FROM sbtest1 WHERE id BETWEEN 3426200 AND 3427199
	Bitmap Heap Scan on sbtest1  (cost=29.55..3455.45 rows=889 width=121)
	  Recheck Cond: ((id >= 3426200) AND (id <= 3427199))
	  ->  Bitmap Index Scan on sbtest1_pkey  (cost=0.00..29.32 rows=889 width=0)
	        Index Cond: ((id >= 3426200) AND (id <= 3427199))

table 2 : explain SELECT c FROM sbtest2 WHERE id BETWEEN 8510399 AND 8511398
	Bitmap Heap Scan on sbtest2  (cost=30.86..3937.91 rows=1017 width=121)
	  Recheck Cond: ((id >= 8510399) AND (id <= 8511398))
	  ->  Bitmap Index Scan on sbtest2_pkey  (cost=0.00..30.61 rows=1017 width=0)
	        Index Cond: ((id >= 8510399) AND (id <= 8511398))

table 3 : explain SELECT c FROM sbtest3 WHERE id BETWEEN 2041394 AND 2042393
	Bitmap Heap Scan on sbtest3  (cost=30.59..3838.19 rows=991 width=121)
	  Recheck Cond: ((id >= 2041394) AND (id <= 2042393))
	  ->  Bitmap Index Scan on sbtest3_pkey  (cost=0.00..30.34 rows=991 width=0)
	        Index Cond: ((id >= 2041394) AND (id <= 2042393))

table 4 : explain SELECT c FROM sbtest4 WHERE id BETWEEN 167788 AND 168787
	Bitmap Heap Scan on sbtest4  (cost=31.25..4081.06 rows=1055 width=121)
	  Recheck Cond: ((id >= 167788) AND (id <= 168787))
	  ->  Bitmap Index Scan on sbtest4_pkey  (cost=0.00..30.98 rows=1055 width=0)
	        Index Cond: ((id >= 167788) AND (id <= 168787))

table 5 : explain SELECT c FROM sbtest5 WHERE id BETWEEN 7331265 AND 7332264
	Bitmap Heap Scan on sbtest5  (cost=31.21..4066.31 rows=1051 width=121)
	  Recheck Cond: ((id >= 7331265) AND (id <= 7332264))
	  ->  Bitmap Index Scan on sbtest5_pkey  (cost=0.00..30.94 rows=1051 width=0)
	        Index Cond: ((id >= 7331265) AND (id <= 7332264))

table 6 : explain SELECT c FROM sbtest6 WHERE id BETWEEN 2089936 AND 2090935
	Bitmap Heap Scan on sbtest6  (cost=30.35..3748.94 rows=967 width=121)
	  Recheck Cond: ((id >= 2089936) AND (id <= 2090935))
	  ->  Bitmap Index Scan on sbtest6_pkey  (cost=0.00..30.11 rows=967 width=0)
	        Index Cond: ((id >= 2089936) AND (id <= 2090935))

table 7 : explain SELECT c FROM sbtest7 WHERE id BETWEEN 954730 AND 955729
	Bitmap Heap Scan on sbtest7  (cost=30.78..3905.53 rows=1009 width=121)
	  Recheck Cond: ((id >= 954730) AND (id <= 955729))
	  ->  Bitmap Index Scan on sbtest7_pkey  (cost=0.00..30.52 rows=1009 width=0)
	        Index Cond: ((id >= 954730) AND (id <= 955729))

table 8 : explain SELECT c FROM sbtest8 WHERE id BETWEEN 6031785 AND 6032784
	Bitmap Heap Scan on sbtest8  (cost=29.80..3549.04 rows=914 width=121)
	  Recheck Cond: ((id >= 6031785) AND (id <= 6032784))
	  ->  Bitmap Index Scan on sbtest8_pkey  (cost=0.00..29.57 rows=914 width=0)
	        Index Cond: ((id >= 6031785) AND (id <= 6032784))

for: simple_ranges
table 1 : explain SELECT c FROM sbtest1 WHERE id BETWEEN 9999761 AND 10000760
	Index Scan using sbtest1_pkey on sbtest1  (cost=0.43..1004.22 rows=253 width=121)
	  Index Cond: ((id >= 9999761) AND (id <= 10000760))

table 2 : explain SELECT c FROM sbtest2 WHERE id BETWEEN 3375773 AND 3376772
	Bitmap Heap Scan on sbtest2  (cost=30.31..3734.09 rows=963 width=121)
	  Recheck Cond: ((id >= 3375773) AND (id <= 3376772))
	  ->  Bitmap Index Scan on sbtest2_pkey  (cost=0.00..30.07 rows=963 width=0)
	        Index Cond: ((id >= 3375773) AND (id <= 3376772))

table 3 : explain SELECT c FROM sbtest3 WHERE id BETWEEN 3935888 AND 3936887
	Bitmap Heap Scan on sbtest3  (cost=30.98..3981.43 rows=1029 width=121)
	  Recheck Cond: ((id >= 3935888) AND (id <= 3936887))
	  ->  Bitmap Index Scan on sbtest3_pkey  (cost=0.00..30.72 rows=1029 width=0)
	        Index Cond: ((id >= 3935888) AND (id <= 3936887))

table 4 : explain SELECT c FROM sbtest4 WHERE id BETWEEN 7030123 AND 7031122
	Bitmap Heap Scan on sbtest4  (cost=30.03..3631.99 rows=936 width=121)
	  Recheck Cond: ((id >= 7030123) AND (id <= 7031122))
	  ->  Bitmap Index Scan on sbtest4_pkey  (cost=0.00..29.79 rows=936 width=0)
	        Index Cond: ((id >= 7030123) AND (id <= 7031122))

table 5 : explain SELECT c FROM sbtest5 WHERE id BETWEEN 1349783 AND 1350782
	Bitmap Heap Scan on sbtest5  (cost=30.58..3836.29 rows=990 width=121)
	  Recheck Cond: ((id >= 1349783) AND (id <= 1350782))
	  ->  Bitmap Index Scan on sbtest5_pkey  (cost=0.00..30.33 rows=990 width=0)
	        Index Cond: ((id >= 1349783) AND (id <= 1350782))

table 6 : explain SELECT c FROM sbtest6 WHERE id BETWEEN 5422676 AND 5423675
	Bitmap Heap Scan on sbtest6  (cost=35.48..4171.40 rows=1078 width=121)
	  Recheck Cond: ((id >= 5422676) AND (id <= 5423675))
	  ->  Bitmap Index Scan on sbtest6_pkey  (cost=0.00..35.22 rows=1078 width=0)
	        Index Cond: ((id >= 5422676) AND (id <= 5423675))

table 7 : explain SELECT c FROM sbtest7 WHERE id BETWEEN 5981627 AND 5982626
	Bitmap Heap Scan on sbtest7  (cost=30.64..3856.53 rows=996 width=121)
	  Recheck Cond: ((id >= 5981627) AND (id <= 5982626))
	  ->  Bitmap Index Scan on sbtest7_pkey  (cost=0.00..30.39 rows=996 width=0)
	        Index Cond: ((id >= 5981627) AND (id <= 5982626))

table 8 : explain SELECT c FROM sbtest8 WHERE id BETWEEN 6911742 AND 6912741
	Bitmap Heap Scan on sbtest8  (cost=30.87..3941.93 rows=1018 width=121)
	  Recheck Cond: ((id >= 6911742) AND (id <= 6912741))
	  ->  Bitmap Index Scan on sbtest8_pkey  (cost=0.00..30.61 rows=1018 width=0)
	        Index Cond: ((id >= 6911742) AND (id <= 6912741))

for: order_ranges
table 1 : explain SELECT c FROM sbtest1 WHERE id BETWEEN 9579072 AND 9580071 ORDER BY c
	Sort  (cost=4200.95..4203.63 rows=1071 width=121)
	  Sort Key: c
	  ->  Bitmap Heap Scan on sbtest1  (cost=35.41..4147.06 rows=1071 width=121)
	        Recheck Cond: ((id >= 9579072) AND (id <= 9580071))
	        ->  Bitmap Index Scan on sbtest1_pkey  (cost=0.00..35.15 rows=1071 width=0)
	              Index Cond: ((id >= 9579072) AND (id <= 9580071))

table 2 : explain SELECT c FROM sbtest2 WHERE id BETWEEN 1649320 AND 1650319 ORDER BY c
	Sort  (cost=4405.48..4408.29 rows=1125 width=121)
	  Sort Key: c
	  ->  Bitmap Heap Scan on sbtest2  (cost=35.97..4348.46 rows=1125 width=121)
	        Recheck Cond: ((id >= 1649320) AND (id <= 1650319))
	        ->  Bitmap Index Scan on sbtest2_pkey  (cost=0.00..35.69 rows=1125 width=0)
	              Index Cond: ((id >= 1649320) AND (id <= 1650319))

table 3 : explain SELECT c FROM sbtest3 WHERE id BETWEEN 740932 AND 741931 ORDER BY c
	Sort  (cost=3864.53..3867.00 rows=985 width=121)
	  Sort Key: c
	  ->  Bitmap Heap Scan on sbtest3  (cost=30.53..3815.56 rows=985 width=121)
	        Recheck Cond: ((id >= 740932) AND (id <= 741931))
	        ->  Bitmap Index Scan on sbtest3_pkey  (cost=0.00..30.29 rows=985 width=0)
	              Index Cond: ((id >= 740932) AND (id <= 741931))

table 4 : explain SELECT c FROM sbtest4 WHERE id BETWEEN 1094125 AND 1095124 ORDER BY c
	Sort  (cost=3770.26..3772.66 rows=960 width=121)
	  Sort Key: c
	  ->  Bitmap Heap Scan on sbtest4  (cost=30.27..3722.70 rows=960 width=121)
	        Recheck Cond: ((id >= 1094125) AND (id <= 1095124))
	        ->  Bitmap Index Scan on sbtest4_pkey  (cost=0.00..30.04 rows=960 width=0)
	              Index Cond: ((id >= 1094125) AND (id <= 1095124))

table 5 : explain SELECT c FROM sbtest5 WHERE id BETWEEN 3657131 AND 3658130 ORDER BY c
	Sort  (cost=3682.29..3684.64 rows=937 width=121)
	  Sort Key: c
	  ->  Bitmap Heap Scan on sbtest5  (cost=30.04..3636.04 rows=937 width=121)
	        Recheck Cond: ((id >= 3657131) AND (id <= 3658130))
	        ->  Bitmap Index Scan on sbtest5_pkey  (cost=0.00..29.80 rows=937 width=0)
	              Index Cond: ((id >= 3657131) AND (id <= 3658130))

table 6 : explain SELECT c FROM sbtest6 WHERE id BETWEEN 9554470 AND 9555469 ORDER BY c
	Sort  (cost=4145.44..4148.08 rows=1057 width=121)
	  Sort Key: c
	  ->  Bitmap Heap Scan on sbtest6  (cost=35.27..4092.35 rows=1057 width=121)
	        Recheck Cond: ((id >= 9554470) AND (id <= 9555469))
	        ->  Bitmap Index Scan on sbtest6_pkey  (cost=0.00..35.01 rows=1057 width=0)
	              Index Cond: ((id >= 9554470) AND (id <= 9555469))

table 7 : explain SELECT c FROM sbtest7 WHERE id BETWEEN 1791474 AND 1792473 ORDER BY c
	Sort  (cost=3890.82..3893.30 rows=992 width=121)
	  Sort Key: c
	  ->  Bitmap Heap Scan on sbtest7  (cost=30.60..3841.44 rows=992 width=121)
	        Recheck Cond: ((id >= 1791474) AND (id <= 1792473))
	        ->  Bitmap Index Scan on sbtest7_pkey  (cost=0.00..30.36 rows=992 width=0)
	              Index Cond: ((id >= 1791474) AND (id <= 1792473))

table 8 : explain SELECT c FROM sbtest8 WHERE id BETWEEN 7061536 AND 7062535 ORDER BY c
	Sort  (cost=3820.39..3822.82 rows=973 width=121)
	  Sort Key: c
	  ->  Bitmap Heap Scan on sbtest8  (cost=30.41..3772.10 rows=973 width=121)
	        Recheck Cond: ((id >= 7061536) AND (id <= 7062535))
	        ->  Bitmap Index Scan on sbtest8_pkey  (cost=0.00..30.16 rows=973 width=0)
	              Index Cond: ((id >= 7061536) AND (id <= 7062535))

for: simple_ranges
table 1 : explain SELECT c FROM sbtest1 WHERE id BETWEEN 5643355 AND 5644354
	Bitmap Heap Scan on sbtest1  (cost=29.90..3584.23 rows=923 width=121)
	  Recheck Cond: ((id >= 5643355) AND (id <= 5644354))
	  ->  Bitmap Index Scan on sbtest1_pkey  (cost=0.00..29.66 rows=923 width=0)
	        Index Cond: ((id >= 5643355) AND (id <= 5644354))

table 2 : explain SELECT c FROM sbtest2 WHERE id BETWEEN 2928887 AND 2929886
	Bitmap Heap Scan on sbtest2  (cost=30.45..3786.97 rows=977 width=121)
	  Recheck Cond: ((id >= 2928887) AND (id <= 2929886))
	  ->  Bitmap Index Scan on sbtest2_pkey  (cost=0.00..30.20 rows=977 width=0)
	        Index Cond: ((id >= 2928887) AND (id <= 2929886))

table 3 : explain SELECT c FROM sbtest3 WHERE id BETWEEN 4110421 AND 4111420
	Bitmap Heap Scan on sbtest3  (cost=30.10..3657.00 rows=943 width=121)
	  Recheck Cond: ((id >= 4110421) AND (id <= 4111420))
	  ->  Bitmap Index Scan on sbtest3_pkey  (cost=0.00..29.86 rows=943 width=0)
	        Index Cond: ((id >= 4110421) AND (id <= 4111420))

table 4 : explain SELECT c FROM sbtest4 WHERE id BETWEEN 676648 AND 677647
	Bitmap Heap Scan on sbtest4  (cost=30.29..3726.48 rows=961 width=121)
	  Recheck Cond: ((id >= 676648) AND (id <= 677647))
	  ->  Bitmap Index Scan on sbtest4_pkey  (cost=0.00..30.04 rows=961 width=0)
	        Index Cond: ((id >= 676648) AND (id <= 677647))

table 5 : explain SELECT c FROM sbtest5 WHERE id BETWEEN 9304175 AND 9305174
	Bitmap Heap Scan on sbtest5  (cost=29.89..3579.30 rows=922 width=121)
	  Recheck Cond: ((id >= 9304175) AND (id <= 9305174))
	  ->  Bitmap Index Scan on sbtest5_pkey  (cost=0.00..29.65 rows=922 width=0)
	        Index Cond: ((id >= 9304175) AND (id <= 9305174))

table 6 : explain SELECT c FROM sbtest6 WHERE id BETWEEN 9494380 AND 9495379
	Bitmap Heap Scan on sbtest6  (cost=35.29..4099.88 rows=1059 width=121)
	  Recheck Cond: ((id >= 9494380) AND (id <= 9495379))
	  ->  Bitmap Index Scan on sbtest6_pkey  (cost=0.00..35.03 rows=1059 width=0)
	        Index Cond: ((id >= 9494380) AND (id <= 9495379))

table 7 : explain SELECT c FROM sbtest7 WHERE id BETWEEN 2795345 AND 2796344
	Bitmap Heap Scan on sbtest7  (cost=29.71..3512.88 rows=905 width=121)
	  Recheck Cond: ((id >= 2795345) AND (id <= 2796344))
	  ->  Bitmap Index Scan on sbtest7_pkey  (cost=0.00..29.48 rows=905 width=0)
	        Index Cond: ((id >= 2795345) AND (id <= 2796344))

table 8 : explain SELECT c FROM sbtest8 WHERE id BETWEEN 3582652 AND 3583651
	Bitmap Heap Scan on sbtest8  (cost=29.80..3549.04 rows=914 width=121)
	  Recheck Cond: ((id >= 3582652) AND (id <= 3583651))
	  ->  Bitmap Index Scan on sbtest8_pkey  (cost=0.00..29.57 rows=914 width=0)
	        Index Cond: ((id >= 3582652) AND (id <= 3583651))

for: order_ranges
table 1 : explain SELECT c FROM sbtest1 WHERE id BETWEEN 7434131 AND 7435130 ORDER BY c
	Sort  (cost=4158.70..4161.36 rows=1061 width=121)
	  Sort Key: c
	  ->  Bitmap Heap Scan on sbtest1  (cost=31.31..4105.38 rows=1061 width=121)
	        Recheck Cond: ((id >= 7434131) AND (id <= 7435130))
	        ->  Bitmap Index Scan on sbtest1_pkey  (cost=0.00..31.04 rows=1061 width=0)
	              Index Cond: ((id >= 7434131) AND (id <= 7435130))

table 2 : explain SELECT c FROM sbtest2 WHERE id BETWEEN 928636 AND 929635 ORDER BY c
	Sort  (cost=3712.77..3715.14 rows=945 width=121)
	  Sort Key: c
	  ->  Bitmap Heap Scan on sbtest2  (cost=30.12..3666.07 rows=945 width=121)
	        Recheck Cond: ((id >= 928636) AND (id <= 929635))
	        ->  Bitmap Index Scan on sbtest2_pkey  (cost=0.00..29.89 rows=945 width=0)
	              Index Cond: ((id >= 928636) AND (id <= 929635))

table 3 : explain SELECT c FROM sbtest3 WHERE id BETWEEN 2275951 AND 2276950 ORDER BY c
	Sort  (cost=3941.10..3943.61 rows=1005 width=121)
	  Sort Key: c
	  ->  Bitmap Heap Scan on sbtest3  (cost=30.74..3890.98 rows=1005 width=121)
	        Recheck Cond: ((id >= 2275951) AND (id <= 2276950))
	        ->  Bitmap Index Scan on sbtest3_pkey  (cost=0.00..30.48 rows=1005 width=0)
	              Index Cond: ((id >= 2275951) AND (id <= 2276950))

table 4 : explain SELECT c FROM sbtest4 WHERE id BETWEEN 3345804 AND 3346803 ORDER BY c
	Sort  (cost=3808.60..3811.02 rows=970 width=121)
	  Sort Key: c
	  ->  Bitmap Heap Scan on sbtest4  (cost=30.38..3760.48 rows=970 width=121)
	        Recheck Cond: ((id >= 3345804) AND (id <= 3346803))
	        ->  Bitmap Index Scan on sbtest4_pkey  (cost=0.00..30.14 rows=970 width=0)
	              Index Cond: ((id >= 3345804) AND (id <= 3346803))

table 5 : explain SELECT c FROM sbtest5 WHERE id BETWEEN 353975 AND 354974 ORDER BY c
	Sort  (cost=3943.01..3945.52 rows=1005 width=121)
	  Sort Key: c
	  ->  Bitmap Heap Scan on sbtest5  (cost=30.74..3892.89 rows=1005 width=121)
	        Recheck Cond: ((id >= 353975) AND (id <= 354974))
	        ->  Bitmap Index Scan on sbtest5_pkey  (cost=0.00..30.48 rows=1005 width=0)
	              Index Cond: ((id >= 353975) AND (id <= 354974))

table 6 : explain SELECT c FROM sbtest6 WHERE id BETWEEN 7084084 AND 7085083 ORDER BY c
	Sort  (cost=3846.72..3849.17 rows=980 width=121)
	  Sort Key: c
	  ->  Bitmap Heap Scan on sbtest6  (cost=30.48..3798.03 rows=980 width=121)
	        Recheck Cond: ((id >= 7084084) AND (id <= 7085083))
	        ->  Bitmap Index Scan on sbtest6_pkey  (cost=0.00..30.23 rows=980 width=0)
	              Index Cond: ((id >= 7084084) AND (id <= 7085083))

table 7 : explain SELECT c FROM sbtest7 WHERE id BETWEEN 6557519 AND 6558518 ORDER BY c
	Sort  (cost=4020.90..4023.46 rows=1026 width=121)
	  Sort Key: c
	  ->  Bitmap Heap Scan on sbtest7  (cost=30.95..3969.58 rows=1026 width=121)
	        Recheck Cond: ((id >= 6557519) AND (id <= 6558518))
	        ->  Bitmap Index Scan on sbtest7_pkey  (cost=0.00..30.69 rows=1026 width=0)
	              Index Cond: ((id >= 6557519) AND (id <= 6558518))

table 8 : explain SELECT c FROM sbtest8 WHERE id BETWEEN 8952124 AND 8953123 ORDER BY c
	Sort  (cost=3943.01..3945.52 rows=1005 width=121)
	  Sort Key: c
	  ->  Bitmap Heap Scan on sbtest8  (cost=30.74..3892.90 rows=1005 width=121)
	        Recheck Cond: ((id >= 8952124) AND (id <= 8953123))
	        ->  Bitmap Index Scan on sbtest8_pkey  (cost=0.00..30.48 rows=1005 width=0)
	              Index Cond: ((id >= 8952124) AND (id <= 8953123))

for: sum_ranges
table 1 : explain SELECT SUM(k) FROM sbtest1 WHERE id BETWEEN 4991248 AND 4992247
	Aggregate  (cost=4307.94..4307.95 rows=1 width=8)
	  ->  Bitmap Heap Scan on sbtest1  (cost=35.84..4305.15 rows=1113 width=4)
	        Recheck Cond: ((id >= 4991248) AND (id <= 4992247))
	        ->  Bitmap Index Scan on sbtest1_pkey  (cost=0.00..35.57 rows=1113 width=0)
	              Index Cond: ((id >= 4991248) AND (id <= 4992247))

table 2 : explain SELECT SUM(k) FROM sbtest2 WHERE id BETWEEN 1275536 AND 1276535
	Aggregate  (cost=4027.21..4027.22 rows=1 width=8)
	  ->  Bitmap Heap Scan on sbtest2  (cost=31.09..4024.61 rows=1040 width=4)
	        Recheck Cond: ((id >= 1275536) AND (id <= 1276535))
	        ->  Bitmap Index Scan on sbtest2_pkey  (cost=0.00..30.83 rows=1040 width=0)
	              Index Cond: ((id >= 1275536) AND (id <= 1276535))

table 3 : explain SELECT SUM(k) FROM sbtest3 WHERE id BETWEEN 4869792 AND 4870791
	Aggregate  (cost=3934.99..3935.00 rows=1 width=8)
	  ->  Bitmap Heap Scan on sbtest3  (cost=30.85..3932.45 rows=1016 width=4)
	        Recheck Cond: ((id >= 4869792) AND (id <= 4870791))
	        ->  Bitmap Index Scan on sbtest3_pkey  (cost=0.00..30.59 rows=1016 width=0)
	              Index Cond: ((id >= 4869792) AND (id <= 4870791))

table 4 : explain SELECT SUM(k) FROM sbtest4 WHERE id BETWEEN 955832 AND 956831
	Aggregate  (cost=3740.23..3740.24 rows=1 width=8)
	  ->  Bitmap Heap Scan on sbtest4  (cost=30.32..3737.82 rows=964 width=4)
	        Recheck Cond: ((id >= 955832) AND (id <= 956831))
	        ->  Bitmap Index Scan on sbtest4_pkey  (cost=0.00..30.07 rows=964 width=0)
	              Index Cond: ((id >= 955832) AND (id <= 956831))

table 5 : explain SELECT SUM(k) FROM sbtest5 WHERE id BETWEEN 6719622 AND 6720621
	Aggregate  (cost=3861.42..3861.43 rows=1 width=8)
	  ->  Bitmap Heap Scan on sbtest5  (cost=30.64..3858.93 rows=996 width=4)
	        Recheck Cond: ((id >= 6719622) AND (id <= 6720621))
	        ->  Bitmap Index Scan on sbtest5_pkey  (cost=0.00..30.39 rows=996 width=0)
	              Index Cond: ((id >= 6719622) AND (id <= 6720621))

table 6 : explain SELECT SUM(k) FROM sbtest6 WHERE id BETWEEN 7697454 AND 7698453
	Aggregate  (cost=3981.66..3981.67 rows=1 width=8)
	  ->  Bitmap Heap Scan on sbtest6  (cost=30.97..3979.09 rows=1028 width=4)
	        Recheck Cond: ((id >= 7697454) AND (id <= 7698453))
	        ->  Bitmap Index Scan on sbtest6_pkey  (cost=0.00..30.71 rows=1028 width=0)
	              Index Cond: ((id >= 7697454) AND (id <= 7698453))

table 7 : explain SELECT SUM(k) FROM sbtest7 WHERE id BETWEEN 4756684 AND 4757683
	Aggregate  (cost=3862.79..3862.80 rows=1 width=8)
	  ->  Bitmap Heap Scan on sbtest7  (cost=30.65..3860.30 rows=997 width=4)
	        Recheck Cond: ((id >= 4756684) AND (id <= 4757683))
	        ->  Bitmap Index Scan on sbtest7_pkey  (cost=0.00..30.40 rows=997 width=0)
	              Index Cond: ((id >= 4756684) AND (id <= 4757683))

table 8 : explain SELECT SUM(k) FROM sbtest8 WHERE id BETWEEN 757727 AND 758726
	Aggregate  (cost=3638.39..3638.40 rows=1 width=8)
	  ->  Bitmap Heap Scan on sbtest8  (cost=30.04..3636.05 rows=937 width=4)
	        Recheck Cond: ((id >= 757727) AND (id <= 758726))
	        ->  Bitmap Index Scan on sbtest8_pkey  (cost=0.00..29.80 rows=937 width=0)
	              Index Cond: ((id >= 757727) AND (id <= 758726))

for: order_ranges
table 1 : explain SELECT c FROM sbtest1 WHERE id BETWEEN 7698176 AND 7699175 ORDER BY c
	Sort  (cost=4120.45..4123.07 rows=1051 width=121)
	  Sort Key: c
	  ->  Bitmap Heap Scan on sbtest1  (cost=31.21..4067.70 rows=1051 width=121)
	        Recheck Cond: ((id >= 7698176) AND (id <= 7699175))
	        ->  Bitmap Index Scan on sbtest1_pkey  (cost=0.00..30.94 rows=1051 width=0)
	              Index Cond: ((id >= 7698176) AND (id <= 7699175))

table 2 : explain SELECT c FROM sbtest2 WHERE id BETWEEN 1859397 AND 1860396 ORDER BY c
	Sort  (cost=3965.74..3968.27 rows=1011 width=121)
	  Sort Key: c
	  ->  Bitmap Heap Scan on sbtest2  (cost=30.80..3915.28 rows=1011 width=121)
	        Recheck Cond: ((id >= 1859397) AND (id <= 1860396))
	        ->  Bitmap Index Scan on sbtest2_pkey  (cost=0.00..30.54 rows=1011 width=0)
	              Index Cond: ((id >= 1859397) AND (id <= 1860396))

table 3 : explain SELECT c FROM sbtest3 WHERE id BETWEEN 9017866 AND 9018865 ORDER BY c
	Sort  (cost=3856.87..3859.33 rows=983 width=121)
	  Sort Key: c
	  ->  Bitmap Heap Scan on sbtest3  (cost=30.51..3808.01 rows=983 width=121)
	        Recheck Cond: ((id >= 9017866) AND (id <= 9018865))
	        ->  Bitmap Index Scan on sbtest3_pkey  (cost=0.00..30.26 rows=983 width=0)
	              Index Cond: ((id >= 9017866) AND (id <= 9018865))

table 4 : explain SELECT c FROM sbtest4 WHERE id BETWEEN 8201406 AND 8202405 ORDER BY c
	Sort  (cost=4011.62..4014.18 rows=1023 width=121)
	  Sort Key: c
	  ->  Bitmap Heap Scan on sbtest4  (cost=30.92..3960.47 rows=1023 width=121)
	        Recheck Cond: ((id >= 8201406) AND (id <= 8202405))
	        ->  Bitmap Index Scan on sbtest4_pkey  (cost=0.00..30.66 rows=1023 width=0)
	              Index Cond: ((id >= 8201406) AND (id <= 8202405))

table 5 : explain SELECT c FROM sbtest5 WHERE id BETWEEN 3644496 AND 3645495 ORDER BY c
	Sort  (cost=3682.29..3684.64 rows=937 width=121)
	  Sort Key: c
	  ->  Bitmap Heap Scan on sbtest5  (cost=30.04..3636.04 rows=937 width=121)
	        Recheck Cond: ((id >= 3644496) AND (id <= 3645495))
	        ->  Bitmap Index Scan on sbtest5_pkey  (cost=0.00..29.80 rows=937 width=0)
	              Index Cond: ((id >= 3644496) AND (id <= 3645495))

table 6 : explain SELECT c FROM sbtest6 WHERE id BETWEEN 3418070 AND 3419069 ORDER BY c
	Sort  (cost=3908.02..3910.51 rows=996 width=121)
	  Sort Key: c
	  ->  Bitmap Heap Scan on sbtest6  (cost=30.64..3858.41 rows=996 width=121)
	        Recheck Cond: ((id >= 3418070) AND (id <= 3419069))
	        ->  Bitmap Index Scan on sbtest6_pkey  (cost=0.00..30.39 rows=996 width=0)
	              Index Cond: ((id >= 3418070) AND (id <= 3419069))

table 7 : explain SELECT c FROM sbtest7 WHERE id BETWEEN 1960758 AND 1961757 ORDER BY c
	Sort  (cost=3810.40..3812.83 rows=971 width=121)
	  Sort Key: c
	  ->  Bitmap Heap Scan on sbtest7  (cost=30.39..3762.23 rows=971 width=121)
	        Recheck Cond: ((id >= 1960758) AND (id <= 1961757))
	        ->  Bitmap Index Scan on sbtest7_pkey  (cost=0.00..30.14 rows=971 width=0)
	              Index Cond: ((id >= 1960758) AND (id <= 1961757))

table 8 : explain SELECT c FROM sbtest8 WHERE id BETWEEN 6816471 AND 6817470 ORDER BY c
	Sort  (cost=4199.53..4202.21 rows=1071 width=121)
	  Sort Key: c
	  ->  Bitmap Heap Scan on sbtest8  (cost=35.41..4145.64 rows=1071 width=121)
	        Recheck Cond: ((id >= 6816471) AND (id <= 6817470))
	        ->  Bitmap Index Scan on sbtest8_pkey  (cost=0.00..35.15 rows=1071 width=0)
	              Index Cond: ((id >= 6816471) AND (id <= 6817470))

for: order_ranges
table 1 : explain SELECT c FROM sbtest1 WHERE id BETWEEN 1551261 AND 1552260 ORDER BY c
	Sort  (cost=4338.55..4341.32 rows=1107 width=121)
	  Sort Key: c
	  ->  Bitmap Heap Scan on sbtest1  (cost=35.78..4282.58 rows=1107 width=121)
	        Recheck Cond: ((id >= 1551261) AND (id <= 1552260))
	        ->  Bitmap Index Scan on sbtest1_pkey  (cost=0.00..35.51 rows=1107 width=0)
	              Index Cond: ((id >= 1551261) AND (id <= 1552260))

table 2 : explain SELECT c FROM sbtest2 WHERE id BETWEEN 4210207 AND 4211206 ORDER BY c
	Sort  (cost=3923.62..3926.12 rows=1000 width=121)
	  Sort Key: c
	  ->  Bitmap Heap Scan on sbtest2  (cost=30.68..3873.79 rows=1000 width=121)
	        Recheck Cond: ((id >= 4210207) AND (id <= 4211206))
	        ->  Bitmap Index Scan on sbtest2_pkey  (cost=0.00..30.43 rows=1000 width=0)
	              Index Cond: ((id >= 4210207) AND (id <= 4211206))

table 3 : explain SELECT c FROM sbtest3 WHERE id BETWEEN 1014388 AND 1015387 ORDER BY c
	Sort  (cost=3580.81..3583.09 rows=911 width=121)
	  Sort Key: c
	  ->  Bitmap Heap Scan on sbtest3  (cost=29.77..3536.03 rows=911 width=121)
	        Recheck Cond: ((id >= 1014388) AND (id <= 1015387))
	        ->  Bitmap Index Scan on sbtest3_pkey  (cost=0.00..29.54 rows=911 width=0)
	              Index Cond: ((id >= 1014388) AND (id <= 1015387))

table 4 : explain SELECT c FROM sbtest4 WHERE id BETWEEN 691998 AND 692997 ORDER BY c
	Sort  (cost=3946.54..3949.05 rows=1006 width=121)
	  Sort Key: c
	  ->  Bitmap Heap Scan on sbtest4  (cost=30.75..3896.36 rows=1006 width=121)
	        Recheck Cond: ((id >= 691998) AND (id <= 692997))
	        ->  Bitmap Index Scan on sbtest4_pkey  (cost=0.00..30.50 rows=1006 width=0)
	              Index Cond: ((id >= 691998) AND (id <= 692997))

table 5 : explain SELECT c FROM sbtest5 WHERE id BETWEEN 8648737 AND 8649736 ORDER BY c
	Sort  (cost=4061.68..4064.27 rows=1036 width=121)
	  Sort Key: c
	  ->  Bitmap Heap Scan on sbtest5  (cost=31.05..4009.79 rows=1036 width=121)
	        Recheck Cond: ((id >= 8648737) AND (id <= 8649736))
	        ->  Bitmap Index Scan on sbtest5_pkey  (cost=0.00..30.79 rows=1036 width=0)
	              Index Cond: ((id >= 8648737) AND (id <= 8649736))

table 6 : explain SELECT c FROM sbtest6 WHERE id BETWEEN 4892662 AND 4893661 ORDER BY c
	Sort  (cost=3497.48..3499.71 rows=889 width=121)
	  Sort Key: c
	  ->  Bitmap Heap Scan on sbtest6  (cost=29.55..3453.94 rows=889 width=121)
	        Recheck Cond: ((id >= 4892662) AND (id <= 4893661))
	        ->  Bitmap Index Scan on sbtest6_pkey  (cost=0.00..29.32 rows=889 width=0)
	              Index Cond: ((id >= 4892662) AND (id <= 4893661))

table 7 : explain SELECT c FROM sbtest7 WHERE id BETWEEN 2720019 AND 2721018 ORDER BY c
	Sort  (cost=3557.33..3559.59 rows=905 width=121)
	  Sort Key: c
	  ->  Bitmap Heap Scan on sbtest7  (cost=29.71..3512.88 rows=905 width=121)
	        Recheck Cond: ((id >= 2720019) AND (id <= 2721018))
	        ->  Bitmap Index Scan on sbtest7_pkey  (cost=0.00..29.48 rows=905 width=0)
	              Index Cond: ((id >= 2720019) AND (id <= 2721018))

table 8 : explain SELECT c FROM sbtest8 WHERE id BETWEEN 1682274 AND 1683273 ORDER BY c
	Sort  (cost=3831.89..3834.33 rows=976 width=121)
	  Sort Key: c
	  ->  Bitmap Heap Scan on sbtest8  (cost=30.44..3783.43 rows=976 width=121)
	        Recheck Cond: ((id >= 1682274) AND (id <= 1683273))
	        ->  Bitmap Index Scan on sbtest8_pkey  (cost=0.00..30.19 rows=976 width=0)
	              Index Cond: ((id >= 1682274) AND (id <= 1683273))

for: sum_ranges
table 1 : explain SELECT SUM(k) FROM sbtest1 WHERE id BETWEEN 4557574 AND 4558573
	Aggregate  (cost=3870.26..3870.27 rows=1 width=8)
	  ->  Bitmap Heap Scan on sbtest1  (cost=30.66..3867.76 rows=998 width=4)
	        Recheck Cond: ((id >= 4557574) AND (id <= 4558573))
	        ->  Bitmap Index Scan on sbtest1_pkey  (cost=0.00..30.41 rows=998 width=0)
	              Index Cond: ((id >= 4557574) AND (id <= 4558573))

table 2 : explain SELECT SUM(k) FROM sbtest2 WHERE id BETWEEN 8777080 AND 8778079
	Aggregate  (cost=4000.81..4000.82 rows=1 width=8)
	  ->  Bitmap Heap Scan on sbtest2  (cost=31.02..3998.23 rows=1033 width=4)
	        Recheck Cond: ((id >= 8777080) AND (id <= 8778079))
	        ->  Bitmap Index Scan on sbtest2_pkey  (cost=0.00..30.76 rows=1033 width=0)
	              Index Cond: ((id >= 8777080) AND (id <= 8778079))

table 3 : explain SELECT SUM(k) FROM sbtest3 WHERE id BETWEEN 8819624 AND 8820623
	Aggregate  (cost=3897.27..3897.28 rows=1 width=8)
	  ->  Bitmap Heap Scan on sbtest3  (cost=30.75..3894.75 rows=1006 width=4)
	        Recheck Cond: ((id >= 8819624) AND (id <= 8820623))
	        ->  Bitmap Index Scan on sbtest3_pkey  (cost=0.00..30.50 rows=1006 width=0)
	              Index Cond: ((id >= 8819624) AND (id <= 8820623))

table 4 : explain SELECT SUM(k) FROM sbtest4 WHERE id BETWEEN 2053778 AND 2054777
	Aggregate  (cost=3910.20..3910.21 rows=1 width=8)
	  ->  Bitmap Heap Scan on sbtest4  (cost=30.78..3907.68 rows=1009 width=4)
	        Recheck Cond: ((id >= 2053778) AND (id <= 2054777))
	        ->  Bitmap Index Scan on sbtest4_pkey  (cost=0.00..30.52 rows=1009 width=0)
	              Index Cond: ((id >= 2053778) AND (id <= 2054777))

table 5 : explain SELECT SUM(k) FROM sbtest5 WHERE id BETWEEN 7930646 AND 7931645
	Aggregate  (cost=3797.20..3797.21 rows=1 width=8)
	  ->  Bitmap Heap Scan on sbtest5  (cost=30.47..3794.76 rows=979 width=4)
	        Recheck Cond: ((id >= 7930646) AND (id <= 7931645))
	        ->  Bitmap Index Scan on sbtest5_pkey  (cost=0.00..30.22 rows=979 width=0)
	              Index Cond: ((id >= 7930646) AND (id <= 7931645))

table 6 : explain SELECT SUM(k) FROM sbtest6 WHERE id BETWEEN 1538895 AND 1539894
	Aggregate  (cost=4019.37..4019.38 rows=1 width=8)
	  ->  Bitmap Heap Scan on sbtest6  (cost=31.07..4016.78 rows=1038 width=4)
	        Recheck Cond: ((id >= 1538895) AND (id <= 1539894))
	        ->  Bitmap Index Scan on sbtest6_pkey  (cost=0.00..30.82 rows=1038 width=0)
	              Index Cond: ((id >= 1538895) AND (id <= 1539894))

table 7 : explain SELECT SUM(k) FROM sbtest7 WHERE id BETWEEN 4873582 AND 4874581
	Aggregate  (cost=4070.33..4070.34 rows=1 width=8)
	  ->  Bitmap Heap Scan on sbtest7  (cost=35.21..4067.71 rows=1051 width=4)
	        Recheck Cond: ((id >= 4873582) AND (id <= 4874581))
	        ->  Bitmap Index Scan on sbtest7_pkey  (cost=0.00..34.95 rows=1051 width=0)
	              Index Cond: ((id >= 4873582) AND (id <= 4874581))

table 8 : explain SELECT SUM(k) FROM sbtest8 WHERE id BETWEEN 5119161 AND 5120160
	Aggregate  (cost=3868.98..3868.99 rows=1 width=8)
	  ->  Bitmap Heap Scan on sbtest8  (cost=30.66..3866.48 rows=998 width=4)
	        Recheck Cond: ((id >= 5119161) AND (id <= 5120160))
	        ->  Bitmap Index Scan on sbtest8_pkey  (cost=0.00..30.41 rows=998 width=0)
	              Index Cond: ((id >= 5119161) AND (id <= 5120160))

explain: for point_selects :: explain SELECT c FROM sbtest%u WHERE id=%u
for: distinct_ranges
table 1 : explain SELECT DISTINCT c FROM sbtest1 WHERE id BETWEEN 2238651 AND 2239650 ORDER BY c
	Unique  (cost=4181.66..4186.99 rows=1067 width=121)
	  ->  Sort  (cost=4181.66..4184.32 rows=1067 width=121)
	        Sort Key: c
	        ->  Bitmap Heap Scan on sbtest1  (cost=31.37..4127.99 rows=1067 width=121)
	              Recheck Cond: ((id >= 2238651) AND (id <= 2239650))
	              ->  Bitmap Index Scan on sbtest1_pkey  (cost=0.00..31.11 rows=1067 width=0)
	                    Index Cond: ((id >= 2238651) AND (id <= 2239650))

table 2 : explain SELECT DISTINCT c FROM sbtest2 WHERE id BETWEEN 7147683 AND 7148682 ORDER BY c
	Unique  (cost=3881.48..3886.42 rows=989 width=121)
	  ->  Sort  (cost=3881.48..3883.95 rows=989 width=121)
	        Sort Key: c
	        ->  Bitmap Heap Scan on sbtest2  (cost=30.57..3832.27 rows=989 width=121)
	              Recheck Cond: ((id >= 7147683) AND (id <= 7148682))
	              ->  Bitmap Index Scan on sbtest2_pkey  (cost=0.00..30.32 rows=989 width=0)
	                    Index Cond: ((id >= 7147683) AND (id <= 7148682))

table 3 : explain SELECT DISTINCT c FROM sbtest3 WHERE id BETWEEN 4327193 AND 4328192 ORDER BY c
	Unique  (cost=3872.19..3877.13 rows=987 width=121)
	  ->  Sort  (cost=3872.19..3874.66 rows=987 width=121)
	        Sort Key: c
	        ->  Bitmap Heap Scan on sbtest3  (cost=30.55..3823.10 rows=987 width=121)
	              Recheck Cond: ((id >= 4327193) AND (id <= 4328192))
	              ->  Bitmap Index Scan on sbtest3_pkey  (cost=0.00..30.30 rows=987 width=0)
	                    Index Cond: ((id >= 4327193) AND (id <= 4328192))

table 4 : explain SELECT DISTINCT c FROM sbtest4 WHERE id BETWEEN 5136971 AND 5137970 ORDER BY c
	Unique  (cost=4164.62..4169.93 rows=1063 width=121)
	  ->  Sort  (cost=4164.62..4167.28 rows=1063 width=121)
	        Sort Key: c
	        ->  Bitmap Heap Scan on sbtest4  (cost=31.33..4111.18 rows=1063 width=121)
	              Recheck Cond: ((id >= 5136971) AND (id <= 5137970))
	              ->  Bitmap Index Scan on sbtest4_pkey  (cost=0.00..31.07 rows=1063 width=0)
	                    Index Cond: ((id >= 5136971) AND (id <= 5137970))

table 5 : explain SELECT DISTINCT c FROM sbtest5 WHERE id BETWEEN 3532043 AND 3533042 ORDER BY c
	Unique  (cost=3931.52..3936.53 rows=1002 width=121)
	  ->  Sort  (cost=3931.52..3934.02 rows=1002 width=121)
	        Sort Key: c
	        ->  Bitmap Heap Scan on sbtest5  (cost=30.71..3881.57 rows=1002 width=121)
	              Recheck Cond: ((id >= 3532043) AND (id <= 3533042))
	              ->  Bitmap Index Scan on sbtest5_pkey  (cost=0.00..30.45 rows=1002 width=0)
	                    Index Cond: ((id >= 3532043) AND (id <= 3533042))

table 6 : explain SELECT DISTINCT c FROM sbtest6 WHERE id BETWEEN 7953136 AND 7954135 ORDER BY c
	Unique  (cost=4057.30..4062.48 rows=1035 width=121)
	  ->  Sort  (cost=4057.30..4059.89 rows=1035 width=121)
	        Sort Key: c
	        ->  Bitmap Heap Scan on sbtest6  (cost=31.04..4005.47 rows=1035 width=121)
	              Recheck Cond: ((id >= 7953136) AND (id <= 7954135))
	              ->  Bitmap Index Scan on sbtest6_pkey  (cost=0.00..30.79 rows=1035 width=0)
	                    Index Cond: ((id >= 7953136) AND (id <= 7954135))

table 7 : explain SELECT DISTINCT c FROM sbtest7 WHERE id BETWEEN 8757731 AND 8758730 ORDER BY c
	Unique  (cost=3795.08..3799.92 rows=967 width=121)
	  ->  Sort  (cost=3795.08..3797.50 rows=967 width=121)
	        Sort Key: c
	        ->  Bitmap Heap Scan on sbtest7  (cost=30.35..3747.13 rows=967 width=121)
	              Recheck Cond: ((id >= 8757731) AND (id <= 8758730))
	              ->  Bitmap Index Scan on sbtest7_pkey  (cost=0.00..30.11 rows=967 width=0)
	                    Index Cond: ((id >= 8757731) AND (id <= 8758730))

table 8 : explain SELECT DISTINCT c FROM sbtest8 WHERE id BETWEEN 6933124 AND 6934123 ORDER BY c
	Unique  (cost=3992.79..3997.88 rows=1018 width=121)
	  ->  Sort  (cost=3992.79..3995.34 rows=1018 width=121)
	        Sort Key: c
	        ->  Bitmap Heap Scan on sbtest8  (cost=30.87..3941.93 rows=1018 width=121)
	              Recheck Cond: ((id >= 6933124) AND (id <= 6934123))
	              ->  Bitmap Index Scan on sbtest8_pkey  (cost=0.00..30.61 rows=1018 width=0)
	                    Index Cond: ((id >= 6933124) AND (id <= 6934123))

for: sum_ranges
table 1 : explain SELECT SUM(k) FROM sbtest1 WHERE id BETWEEN 2582265 AND 2583264
	Aggregate  (cost=3968.45..3968.46 rows=1 width=8)
	  ->  Bitmap Heap Scan on sbtest1  (cost=30.93..3965.89 rows=1024 width=4)
	        Recheck Cond: ((id >= 2582265) AND (id <= 2583264))
	        ->  Bitmap Index Scan on sbtest1_pkey  (cost=0.00..30.68 rows=1024 width=0)
	              Index Cond: ((id >= 2582265) AND (id <= 2583264))

table 2 : explain SELECT SUM(k) FROM sbtest2 WHERE id BETWEEN 3269852 AND 3270851
	Aggregate  (cost=3838.52..3838.53 rows=1 width=8)
	  ->  Bitmap Heap Scan on sbtest2  (cost=30.58..3836.05 rows=990 width=4)
	        Recheck Cond: ((id >= 3269852) AND (id <= 3270851))
	        ->  Bitmap Index Scan on sbtest2_pkey  (cost=0.00..30.33 rows=990 width=0)
	              Index Cond: ((id >= 3269852) AND (id <= 3270851))

table 3 : explain SELECT SUM(k) FROM sbtest3 WHERE id BETWEEN 746269 AND 747268
	Aggregate  (cost=3818.02..3818.03 rows=1 width=8)
	  ->  Bitmap Heap Scan on sbtest3  (cost=30.53..3815.56 rows=985 width=4)
	        Recheck Cond: ((id >= 746269) AND (id <= 747268))
	        ->  Bitmap Index Scan on sbtest3_pkey  (cost=0.00..30.29 rows=985 width=0)
	              Index Cond: ((id >= 746269) AND (id <= 747268))

table 4 : explain SELECT SUM(k) FROM sbtest4 WHERE id BETWEEN 7815975 AND 7816974
	Aggregate  (cost=3929.07..3929.08 rows=1 width=8)
	  ->  Bitmap Heap Scan on sbtest4  (cost=30.83..3926.54 rows=1014 width=4)
	        Recheck Cond: ((id >= 7815975) AND (id <= 7816974))
	        ->  Bitmap Index Scan on sbtest4_pkey  (cost=0.00..30.57 rows=1014 width=0)
	              Index Cond: ((id >= 7815975) AND (id <= 7816974))

table 5 : explain SELECT SUM(k) FROM sbtest5 WHERE id BETWEEN 6710230 AND 6711229
	Aggregate  (cost=3861.42..3861.43 rows=1 width=8)
	  ->  Bitmap Heap Scan on sbtest5  (cost=30.64..3858.93 rows=996 width=4)
	        Recheck Cond: ((id >= 6710230) AND (id <= 6711229))
	        ->  Bitmap Index Scan on sbtest5_pkey  (cost=0.00..30.39 rows=996 width=0)
	              Index Cond: ((id >= 6710230) AND (id <= 6711229))

table 6 : explain SELECT SUM(k) FROM sbtest6 WHERE id BETWEEN 6526238 AND 6527237
	Aggregate  (cost=3683.30..3683.31 rows=1 width=8)
	  ->  Bitmap Heap Scan on sbtest6  (cost=30.16..3680.93 rows=949 width=4)
	        Recheck Cond: ((id >= 6526238) AND (id <= 6527237))
	        ->  Bitmap Index Scan on sbtest6_pkey  (cost=0.00..29.93 rows=949 width=0)
	              Index Cond: ((id >= 6526238) AND (id <= 6527237))

table 7 : explain SELECT SUM(k) FROM sbtest7 WHERE id BETWEEN 2002422 AND 2003421
	Aggregate  (cost=3647.53..3647.54 rows=1 width=8)
	  ->  Bitmap Heap Scan on sbtest7  (cost=30.07..3645.18 rows=940 width=4)
	        Recheck Cond: ((id >= 2002422) AND (id <= 2003421))
	        ->  Bitmap Index Scan on sbtest7_pkey  (cost=0.00..29.83 rows=940 width=0)
	              Index Cond: ((id >= 2002422) AND (id <= 2003421))

table 8 : explain SELECT SUM(k) FROM sbtest8 WHERE id BETWEEN 303979 AND 304978
	Aggregate  (cost=3910.51..3910.52 rows=1 width=8)
	  ->  Bitmap Heap Scan on sbtest8  (cost=30.78..3907.99 rows=1009 width=4)
	        Recheck Cond: ((id >= 303979) AND (id <= 304978))
	        ->  Bitmap Index Scan on sbtest8_pkey  (cost=0.00..30.52 rows=1009 width=0)
	              Index Cond: ((id >= 303979) AND (id <= 304978))

for: sum_ranges
table 1 : explain SELECT SUM(k) FROM sbtest1 WHERE id BETWEEN 9447085 AND 9448084
	Aggregate  (cost=3945.79..3945.80 rows=1 width=8)
	  ->  Bitmap Heap Scan on sbtest1  (cost=30.87..3943.25 rows=1018 width=4)
	        Recheck Cond: ((id >= 9447085) AND (id <= 9448084))
	        ->  Bitmap Index Scan on sbtest1_pkey  (cost=0.00..30.61 rows=1018 width=0)
	              Index Cond: ((id >= 9447085) AND (id <= 9448084))

table 2 : explain SELECT SUM(k) FROM sbtest2 WHERE id BETWEEN 4510905 AND 4511904
	Aggregate  (cost=3376.78..3376.79 rows=1 width=8)
	  ->  Bitmap Heap Scan on sbtest2  (cost=29.33..3374.61 rows=868 width=4)
	        Recheck Cond: ((id >= 4510905) AND (id <= 4511904))
	        ->  Bitmap Index Scan on sbtest2_pkey  (cost=0.00..29.11 rows=868 width=0)
	              Index Cond: ((id >= 4510905) AND (id <= 4511904))

table 3 : explain SELECT SUM(k) FROM sbtest3 WHERE id BETWEEN 1501904 AND 1502903
	Aggregate  (cost=3700.93..3700.94 rows=1 width=8)
	  ->  Bitmap Heap Scan on sbtest3  (cost=30.21..3698.55 rows=954 width=4)
	        Recheck Cond: ((id >= 1501904) AND (id <= 1502903))
	        ->  Bitmap Index Scan on sbtest3_pkey  (cost=0.00..29.97 rows=954 width=0)
	              Index Cond: ((id >= 1501904) AND (id <= 1502903))

table 4 : explain SELECT SUM(k) FROM sbtest4 WHERE id BETWEEN 4430537 AND 4431536
	Aggregate  (cost=4317.36..4317.37 rows=1 width=8)
	  ->  Bitmap Heap Scan on sbtest4  (cost=35.87..4314.57 rows=1116 width=4)
	        Recheck Cond: ((id >= 4430537) AND (id <= 4431536))
	        ->  Bitmap Index Scan on sbtest4_pkey  (cost=0.00..35.59 rows=1116 width=0)
	              Index Cond: ((id >= 4430537) AND (id <= 4431536))

table 5 : explain SELECT SUM(k) FROM sbtest5 WHERE id BETWEEN 9344539 AND 9345538
	Aggregate  (cost=3581.61..3581.62 rows=1 width=8)
	  ->  Bitmap Heap Scan on sbtest5  (cost=29.89..3579.30 rows=922 width=4)
	        Recheck Cond: ((id >= 9344539) AND (id <= 9345538))
	        ->  Bitmap Index Scan on sbtest5_pkey  (cost=0.00..29.65 rows=922 width=0)
	              Index Cond: ((id >= 9344539) AND (id <= 9345538))

table 6 : explain SELECT SUM(k) FROM sbtest6 WHERE id BETWEEN 8981200 AND 8982199
	Aggregate  (cost=3970.35..3970.36 rows=1 width=8)
	  ->  Bitmap Heap Scan on sbtest6  (cost=30.94..3967.79 rows=1025 width=4)
	        Recheck Cond: ((id >= 8981200) AND (id <= 8982199))
	        ->  Bitmap Index Scan on sbtest6_pkey  (cost=0.00..30.68 rows=1025 width=0)
	              Index Cond: ((id >= 8981200) AND (id <= 8982199))

table 7 : explain SELECT SUM(k) FROM sbtest7 WHERE id BETWEEN 8763093 AND 8764092
	Aggregate  (cost=3749.55..3749.56 rows=1 width=8)
	  ->  Bitmap Heap Scan on sbtest7  (cost=30.35..3747.13 rows=967 width=4)
	        Recheck Cond: ((id >= 8763093) AND (id <= 8764092))
	        ->  Bitmap Index Scan on sbtest7_pkey  (cost=0.00..30.11 rows=967 width=0)
	              Index Cond: ((id >= 8763093) AND (id <= 8764092))

table 8 : explain SELECT SUM(k) FROM sbtest8 WHERE id BETWEEN 6588721 AND 6589720
	Aggregate  (cost=4212.34..4212.35 rows=1 width=8)
	  ->  Bitmap Heap Scan on sbtest8  (cost=35.59..4209.62 rows=1088 width=4)
	        Recheck Cond: ((id >= 6588721) AND (id <= 6589720))
	        ->  Bitmap Index Scan on sbtest8_pkey  (cost=0.00..35.32 rows=1088 width=0)
	              Index Cond: ((id >= 6588721) AND (id <= 6589720))

for: distinct_ranges
table 1 : explain SELECT DISTINCT c FROM sbtest1 WHERE id BETWEEN 4977042 AND 4978041 ORDER BY c
	Unique  (cost=3817.78..3822.64 rows=972 width=121)
	  ->  Sort  (cost=3817.78..3820.21 rows=972 width=121)
	        Sort Key: c
	        ->  Bitmap Heap Scan on sbtest1  (cost=30.40..3769.55 rows=972 width=121)
	              Recheck Cond: ((id >= 4977042) AND (id <= 4978041))
	              ->  Bitmap Index Scan on sbtest1_pkey  (cost=0.00..30.15 rows=972 width=0)
	                    Index Cond: ((id >= 4977042) AND (id <= 4978041))

table 2 : explain SELECT DISTINCT c FROM sbtest2 WHERE id BETWEEN 2308318 AND 2309317 ORDER BY c
	Unique  (cost=3628.33..3632.95 rows=923 width=121)
	  ->  Sort  (cost=3628.33..3630.64 rows=923 width=121)
	        Sort Key: c
	        ->  Bitmap Heap Scan on sbtest2  (cost=29.90..3582.87 rows=923 width=121)
	              Recheck Cond: ((id >= 2308318) AND (id <= 2309317))
	              ->  Bitmap Index Scan on sbtest2_pkey  (cost=0.00..29.66 rows=923 width=0)
	                    Index Cond: ((id >= 2308318) AND (id <= 2309317))

table 3 : explain SELECT DISTINCT c FROM sbtest3 WHERE id BETWEEN 6576813 AND 6577812 ORDER BY c
	Unique  (cost=3990.84..3995.93 rows=1018 width=121)
	  ->  Sort  (cost=3990.84..3993.39 rows=1018 width=121)
	        Sort Key: c
	        ->  Bitmap Heap Scan on sbtest3  (cost=30.87..3939.98 rows=1018 width=121)
	              Recheck Cond: ((id >= 6576813) AND (id <= 6577812))
	              ->  Bitmap Index Scan on sbtest3_pkey  (cost=0.00..30.61 rows=1018 width=0)
	                    Index Cond: ((id >= 6576813) AND (id <= 6577812))

table 4 : explain SELECT DISTINCT c FROM sbtest4 WHERE id BETWEEN 5031660 AND 5032659 ORDER BY c
	Unique  (cost=3931.22..3936.23 rows=1002 width=121)
	  ->  Sort  (cost=3931.22..3933.72 rows=1002 width=121)
	        Sort Key: c
	        ->  Bitmap Heap Scan on sbtest4  (cost=30.71..3881.27 rows=1002 width=121)
	              Recheck Cond: ((id >= 5031660) AND (id <= 5032659))
	              ->  Bitmap Index Scan on sbtest4_pkey  (cost=0.00..30.45 rows=1002 width=0)
	                    Index Cond: ((id >= 5031660) AND (id <= 5032659))

table 5 : explain SELECT DISTINCT c FROM sbtest5 WHERE id BETWEEN 3859819 AND 3860818 ORDER BY c
	Unique  (cost=3778.21..3783.02 rows=962 width=121)
	  ->  Sort  (cost=3778.21..3780.61 rows=962 width=121)
	        Sort Key: c
	        ->  Bitmap Heap Scan on sbtest5  (cost=30.30..3730.54 rows=962 width=121)
	              Recheck Cond: ((id >= 3859819) AND (id <= 3860818))
	              ->  Bitmap Index Scan on sbtest5_pkey  (cost=0.00..30.05 rows=962 width=0)
	                    Index Cond: ((id >= 3859819) AND (id <= 3860818))

table 6 : explain SELECT DISTINCT c FROM sbtest6 WHERE id BETWEEN 6968877 AND 6969876 ORDER BY c
	Unique  (cost=3823.72..3828.59 rows=974 width=121)
	  ->  Sort  (cost=3823.72..3826.16 rows=974 width=121)
	        Sort Key: c
	        ->  Bitmap Heap Scan on sbtest6  (cost=30.42..3775.37 rows=974 width=121)
	              Recheck Cond: ((id >= 6968877) AND (id <= 6969876))
	              ->  Bitmap Index Scan on sbtest6_pkey  (cost=0.00..30.18 rows=974 width=0)
	                    Index Cond: ((id >= 6968877) AND (id <= 6969876))

table 7 : explain SELECT DISTINCT c FROM sbtest7 WHERE id BETWEEN 3707778 AND 3708777 ORDER BY c
	Unique  (cost=4181.57..4186.91 rows=1067 width=121)
	  ->  Sort  (cost=4181.57..4184.24 rows=1067 width=121)
	        Sort Key: c
	        ->  Bitmap Heap Scan on sbtest7  (cost=35.37..4127.91 rows=1067 width=121)
	              Recheck Cond: ((id >= 3707778) AND (id <= 3708777))
	              ->  Bitmap Index Scan on sbtest7_pkey  (cost=0.00..35.11 rows=1067 width=0)
	                    Index Cond: ((id >= 3707778) AND (id <= 3708777))

table 8 : explain SELECT DISTINCT c FROM sbtest8 WHERE id BETWEEN 2970640 AND 2971639 ORDER BY c
	Unique  (cost=3697.65..3702.35 rows=941 width=121)
	  ->  Sort  (cost=3697.65..3700.00 rows=941 width=121)
	        Sort Key: c
	        ->  Bitmap Heap Scan on sbtest8  (cost=30.08..3651.17 rows=941 width=121)
	              Recheck Cond: ((id >= 2970640) AND (id <= 2971639))
	              ->  Bitmap Index Scan on sbtest8_pkey  (cost=0.00..29.84 rows=941 width=0)
	                    Index Cond: ((id >= 2970640) AND (id <= 2971639))

for: distinct_ranges
table 1 : explain SELECT DISTINCT c FROM sbtest1 WHERE id BETWEEN 5042634 AND 5043633 ORDER BY c
	Unique  (cost=4361.47..4367.04 rows=1113 width=121)
	  ->  Sort  (cost=4361.47..4364.25 rows=1113 width=121)
	        Sort Key: c
	        ->  Bitmap Heap Scan on sbtest1  (cost=35.84..4305.15 rows=1113 width=121)
	              Recheck Cond: ((id >= 5042634) AND (id <= 5043633))
	              ->  Bitmap Index Scan on sbtest1_pkey  (cost=0.00..35.57 rows=1113 width=0)
	                    Index Cond: ((id >= 5042634) AND (id <= 5043633))

table 2 : explain SELECT DISTINCT c FROM sbtest2 WHERE id BETWEEN 4223506 AND 4224505 ORDER BY c
	Unique  (cost=3923.62..3928.62 rows=1000 width=121)
	  ->  Sort  (cost=3923.62..3926.12 rows=1000 width=121)
	        Sort Key: c
	        ->  Bitmap Heap Scan on sbtest2  (cost=30.68..3873.79 rows=1000 width=121)
	              Recheck Cond: ((id >= 4223506) AND (id <= 4224505))
	              ->  Bitmap Index Scan on sbtest2_pkey  (cost=0.00..30.43 rows=1000 width=0)
	                    Index Cond: ((id >= 4223506) AND (id <= 4224505))

table 3 : explain SELECT DISTINCT c FROM sbtest3 WHERE id BETWEEN 1665488 AND 1666487 ORDER BY c
	Unique  (cost=4048.21..4053.38 rows=1033 width=121)
	  ->  Sort  (cost=4048.21..4050.79 rows=1033 width=121)
	        Sort Key: c
	        ->  Bitmap Heap Scan on sbtest3  (cost=31.02..3996.50 rows=1033 width=121)
	              Recheck Cond: ((id >= 1665488) AND (id <= 1666487))
	              ->  Bitmap Index Scan on sbtest3_pkey  (cost=0.00..30.76 rows=1033 width=0)
	                    Index Cond: ((id >= 1665488) AND (id <= 1666487))

table 4 : explain SELECT DISTINCT c FROM sbtest4 WHERE id BETWEEN 2909344 AND 2910343 ORDER BY c
	Unique  (cost=3839.27..3844.16 rows=978 width=121)
	  ->  Sort  (cost=3839.27..3841.71 rows=978 width=121)
	        Sort Key: c
	        ->  Bitmap Heap Scan on sbtest4  (cost=30.46..3790.69 rows=978 width=121)
	              Recheck Cond: ((id >= 2909344) AND (id <= 2910343))
	              ->  Bitmap Index Scan on sbtest4_pkey  (cost=0.00..30.21 rows=978 width=0)
	                    Index Cond: ((id >= 2909344) AND (id <= 2910343))

table 5 : explain SELECT DISTINCT c FROM sbtest5 WHERE id BETWEEN 2620571 AND 2621570 ORDER BY c
	Unique  (cost=4142.01..4147.29 rows=1057 width=121)
	  ->  Sort  (cost=4142.01..4144.65 rows=1057 width=121)
	        Sort Key: c
	        ->  Bitmap Heap Scan on sbtest5  (cost=31.27..4088.91 rows=1057 width=121)
	              Recheck Cond: ((id >= 2620571) AND (id <= 2621570))
	              ->  Bitmap Index Scan on sbtest5_pkey  (cost=0.00..31.00 rows=1057 width=0)
	                    Index Cond: ((id >= 2620571) AND (id <= 2621570))

table 6 : explain SELECT DISTINCT c FROM sbtest6 WHERE id BETWEEN 1091027 AND 1092026 ORDER BY c
	Unique  (cost=3938.65..3943.67 rows=1004 width=121)
	  ->  Sort  (cost=3938.65..3941.16 rows=1004 width=121)
	        Sort Key: c
	        ->  Bitmap Heap Scan on sbtest6  (cost=30.73..3888.60 rows=1004 width=121)
	              Recheck Cond: ((id >= 1091027) AND (id <= 1092026))
	              ->  Bitmap Index Scan on sbtest6_pkey  (cost=0.00..30.47 rows=1004 width=0)
	                    Index Cond: ((id >= 1091027) AND (id <= 1092026))

table 7 : explain SELECT DISTINCT c FROM sbtest7 WHERE id BETWEEN 3107661 AND 3108660 ORDER BY c
	Unique  (cost=3825.73..3830.60 rows=975 width=121)
	  ->  Sort  (cost=3825.73..3828.16 rows=975 width=121)
	        Sort Key: c
	        ->  Bitmap Heap Scan on sbtest7  (cost=30.43..3777.32 rows=975 width=121)
	              Recheck Cond: ((id >= 3107661) AND (id <= 3108660))
	              ->  Bitmap Index Scan on sbtest7_pkey  (cost=0.00..30.18 rows=975 width=0)
	                    Index Cond: ((id >= 3107661) AND (id <= 3108660))

table 8 : explain SELECT DISTINCT c FROM sbtest8 WHERE id BETWEEN 117499 AND 118498 ORDER BY c
	Unique  (cost=3877.89..3882.83 rows=988 width=121)
	  ->  Sort  (cost=3877.89..3880.36 rows=988 width=121)
	        Sort Key: c
	        ->  Bitmap Heap Scan on sbtest8  (cost=30.56..3828.74 rows=988 width=121)
	              Recheck Cond: ((id >= 117499) AND (id <= 118498))
	              ->  Bitmap Index Scan on sbtest8_pkey  (cost=0.00..30.32 rows=988 width=0)
	                    Index Cond: ((id >= 117499) AND (id <= 118498))

for point_selects
table 1 : explain SELECT c FROM sbtest1 WHERE id=4438332
	Index Scan using sbtest1_pkey on sbtest1  (cost=0.43..8.45 rows=1 width=121)
	  Index Cond: (id = 4438332)

table 2 : explain SELECT c FROM sbtest2 WHERE id=6806546
	Index Scan using sbtest2_pkey on sbtest2  (cost=0.43..8.45 rows=1 width=121)
	  Index Cond: (id = 6806546)

table 3 : explain SELECT c FROM sbtest3 WHERE id=4747742
	Index Scan using sbtest3_pkey on sbtest3  (cost=0.43..8.45 rows=1 width=121)
	  Index Cond: (id = 4747742)

table 4 : explain SELECT c FROM sbtest4 WHERE id=6996460
	Index Scan using sbtest4_pkey on sbtest4  (cost=0.43..8.45 rows=1 width=121)
	  Index Cond: (id = 6996460)

table 5 : explain SELECT c FROM sbtest5 WHERE id=3350960
	Index Scan using sbtest5_pkey on sbtest5  (cost=0.43..8.45 rows=1 width=121)
	  Index Cond: (id = 3350960)

table 6 : explain SELECT c FROM sbtest6 WHERE id=7731265
	Index Scan using sbtest6_pkey on sbtest6  (cost=0.43..8.45 rows=1 width=121)
	  Index Cond: (id = 7731265)

table 7 : explain SELECT c FROM sbtest7 WHERE id=9204742
	Index Scan using sbtest7_pkey on sbtest7  (cost=0.43..8.45 rows=1 width=121)
	  Index Cond: (id = 9204742)

table 8 : explain SELECT c FROM sbtest8 WHERE id=758163
	Index Scan using sbtest8_pkey on sbtest8  (cost=0.43..8.45 rows=1 width=121)
	  Index Cond: (id = 758163)

for: distinct_ranges
table 1 : explain SELECT DISTINCT c FROM sbtest1 WHERE id BETWEEN 8134240 AND 8135239 ORDER BY c
	Unique  (cost=4162.53..4167.84 rows=1062 width=121)
	  ->  Sort  (cost=4162.53..4165.19 rows=1062 width=121)
	        Sort Key: c
	        ->  Bitmap Heap Scan on sbtest1  (cost=31.32..4109.15 rows=1062 width=121)
	              Recheck Cond: ((id >= 8134240) AND (id <= 8135239))
	              ->  Bitmap Index Scan on sbtest1_pkey  (cost=0.00..31.05 rows=1062 width=0)
	                    Index Cond: ((id >= 8134240) AND (id <= 8135239))

table 2 : explain SELECT DISTINCT c FROM sbtest2 WHERE id BETWEEN 7978097 AND 7979096 ORDER BY c
	Unique  (cost=3762.64..3767.43 rows=958 width=121)
	  ->  Sort  (cost=3762.64..3765.04 rows=958 width=121)
	        Sort Key: c
	        ->  Bitmap Heap Scan on sbtest2  (cost=30.25..3715.20 rows=958 width=121)
	              Recheck Cond: ((id >= 7978097) AND (id <= 7979096))
	              ->  Bitmap Index Scan on sbtest2_pkey  (cost=0.00..30.01 rows=958 width=0)
	                    Index Cond: ((id >= 7978097) AND (id <= 7979096))

table 3 : explain SELECT DISTINCT c FROM sbtest3 WHERE id BETWEEN 5713255 AND 5714254 ORDER BY c
	Unique  (cost=3925.79..3930.79 rows=1001 width=121)
	  ->  Sort  (cost=3925.79..3928.29 rows=1001 width=121)
	        Sort Key: c
	        ->  Bitmap Heap Scan on sbtest3  (cost=30.70..3875.90 rows=1001 width=121)
	              Recheck Cond: ((id >= 5713255) AND (id <= 5714254))
	              ->  Bitmap Index Scan on sbtest3_pkey  (cost=0.00..30.44 rows=1001 width=0)
	                    Index Cond: ((id >= 5713255) AND (id <= 5714254))

table 4 : explain SELECT DISTINCT c FROM sbtest4 WHERE id BETWEEN 4062043 AND 4063042 ORDER BY c
	Unique  (cost=4309.98..4315.48 rows=1100 width=121)
	  ->  Sort  (cost=4309.98..4312.73 rows=1100 width=121)
	        Sort Key: c
	        ->  Bitmap Heap Scan on sbtest4  (cost=35.71..4254.41 rows=1100 width=121)
	              Recheck Cond: ((id >= 4062043) AND (id <= 4063042))
	              ->  Bitmap Index Scan on sbtest4_pkey  (cost=0.00..35.44 rows=1100 width=0)
	                    Index Cond: ((id >= 4062043) AND (id <= 4063042))

table 5 : explain SELECT DISTINCT c FROM sbtest5 WHERE id BETWEEN 1292805 AND 1293804 ORDER BY c
	Unique  (cost=3885.54..3890.49 rows=990 width=121)
	  ->  Sort  (cost=3885.54..3888.02 rows=990 width=121)
	        Sort Key: c
	        ->  Bitmap Heap Scan on sbtest5  (cost=30.58..3836.29 rows=990 width=121)
	              Recheck Cond: ((id >= 1292805) AND (id <= 1293804))
	              ->  Bitmap Index Scan on sbtest5_pkey  (cost=0.00..30.33 rows=990 width=0)
	                    Index Cond: ((id >= 1292805) AND (id <= 1293804))

table 6 : explain SELECT DISTINCT c FROM sbtest6 WHERE id BETWEEN 3005851 AND 3006850 ORDER BY c
	Unique  (cost=3888.86..3893.82 rows=991 width=121)
	  ->  Sort  (cost=3888.86..3891.34 rows=991 width=121)
	        Sort Key: c
	        ->  Bitmap Heap Scan on sbtest6  (cost=30.59..3839.55 rows=991 width=121)
	              Recheck Cond: ((id >= 3005851) AND (id <= 3006850))
	              ->  Bitmap Index Scan on sbtest6_pkey  (cost=0.00..30.34 rows=991 width=0)
	                    Index Cond: ((id >= 3005851) AND (id <= 3006850))

table 7 : explain SELECT DISTINCT c FROM sbtest7 WHERE id BETWEEN 2942775 AND 2943774 ORDER BY c
	Unique  (cost=3982.65..3987.73 rows=1016 width=121)
	  ->  Sort  (cost=3982.65..3985.19 rows=1016 width=121)
	        Sort Key: c
	        ->  Bitmap Heap Scan on sbtest7  (cost=30.85..3931.91 rows=1016 width=121)
	              Recheck Cond: ((id >= 2942775) AND (id <= 2943774))
	              ->  Bitmap Index Scan on sbtest7_pkey  (cost=0.00..30.59 rows=1016 width=0)
	                    Index Cond: ((id >= 2942775) AND (id <= 2943774))

table 8 : explain SELECT DISTINCT c FROM sbtest8 WHERE id BETWEEN 9814769 AND 9815768 ORDER BY c
	Unique  (cost=3601.67..3606.25 rows=916 width=121)
	  ->  Sort  (cost=3601.67..3603.96 rows=916 width=121)
	        Sort Key: c
	        ->  Bitmap Heap Scan on sbtest8  (cost=29.82..3556.61 rows=916 width=121)
	              Recheck Cond: ((id >= 9814769) AND (id <= 9815768))
	              ->  Bitmap Index Scan on sbtest8_pkey  (cost=0.00..29.59 rows=916 width=0)
	                    Index Cond: ((id >= 9814769) AND (id <= 9815768))

for: sum_ranges
table 1 : explain SELECT SUM(k) FROM sbtest1 WHERE id BETWEEN 8122953 AND 8123952
	Aggregate  (cost=3896.70..3896.71 rows=1 width=8)
	  ->  Bitmap Heap Scan on sbtest1  (cost=30.74..3894.19 rows=1005 width=4)
	        Recheck Cond: ((id >= 8122953) AND (id <= 8123952))
	        ->  Bitmap Index Scan on sbtest1_pkey  (cost=0.00..30.48 rows=1005 width=0)
	              Index Cond: ((id >= 8122953) AND (id <= 8123952))

table 2 : explain SELECT SUM(k) FROM sbtest2 WHERE id BETWEEN 2237129 AND 2238128
	Aggregate  (cost=3585.18..3585.19 rows=1 width=8)
	  ->  Bitmap Heap Scan on sbtest2  (cost=29.90..3582.87 rows=923 width=4)
	        Recheck Cond: ((id >= 2237129) AND (id <= 2238128))
	        ->  Bitmap Index Scan on sbtest2_pkey  (cost=0.00..29.66 rows=923 width=0)
	              Index Cond: ((id >= 2237129) AND (id <= 2238128))

table 3 : explain SELECT SUM(k) FROM sbtest3 WHERE id BETWEEN 8584019 AND 8585018
	Aggregate  (cost=3885.95..3885.96 rows=1 width=8)
	  ->  Bitmap Heap Scan on sbtest3  (cost=30.72..3883.44 rows=1003 width=4)
	        Recheck Cond: ((id >= 8584019) AND (id <= 8585018))
	        ->  Bitmap Index Scan on sbtest3_pkey  (cost=0.00..30.46 rows=1003 width=0)
	              Index Cond: ((id >= 8584019) AND (id <= 8585018))

table 4 : explain SELECT SUM(k) FROM sbtest4 WHERE id BETWEEN 5949297 AND 5950296
	Aggregate  (cost=4163.04..4163.05 rows=1 width=8)
	  ->  Bitmap Heap Scan on sbtest4  (cost=35.45..4160.36 rows=1075 width=4)
	        Recheck Cond: ((id >= 5949297) AND (id <= 5950296))
	        ->  Bitmap Index Scan on sbtest4_pkey  (cost=0.00..35.19 rows=1075 width=0)
	              Index Cond: ((id >= 5949297) AND (id <= 5950296))

table 5 : explain SELECT SUM(k) FROM sbtest5 WHERE id BETWEEN 1493080 AND 1494079
	Aggregate  (cost=3800.98..3800.99 rows=1 width=8)
	  ->  Bitmap Heap Scan on sbtest5  (cost=30.48..3798.53 rows=980 width=4)
	        Recheck Cond: ((id >= 1493080) AND (id <= 1494079))
	        ->  Bitmap Index Scan on sbtest5_pkey  (cost=0.00..30.23 rows=980 width=0)
	              Index Cond: ((id >= 1493080) AND (id <= 1494079))

table 6 : explain SELECT SUM(k) FROM sbtest6 WHERE id BETWEEN 2426423 AND 2427422
	Aggregate  (cost=3478.90..3478.91 rows=1 width=8)
	  ->  Bitmap Heap Scan on sbtest6  (cost=29.61..3476.66 rows=895 width=4)
	        Recheck Cond: ((id >= 2426423) AND (id <= 2427422))
	        ->  Bitmap Index Scan on sbtest6_pkey  (cost=0.00..29.39 rows=895 width=0)
	              Index Cond: ((id >= 2426423) AND (id <= 2427422))

table 7 : explain SELECT SUM(k) FROM sbtest7 WHERE id BETWEEN 1523077 AND 1524076
	Aggregate  (cost=4187.02..4187.03 rows=1 width=8)
	  ->  Bitmap Heap Scan on sbtest7  (cost=35.53..4184.31 rows=1082 width=4)
	        Recheck Cond: ((id >= 1523077) AND (id <= 1524076))
	        ->  Bitmap Index Scan on sbtest7_pkey  (cost=0.00..35.26 rows=1082 width=0)
	              Index Cond: ((id >= 1523077) AND (id <= 1524076))

table 8 : explain SELECT SUM(k) FROM sbtest8 WHERE id BETWEEN 6916723 AND 6917722
	Aggregate  (cost=3944.48..3944.49 rows=1 width=8)
	  ->  Bitmap Heap Scan on sbtest8  (cost=30.87..3941.93 rows=1018 width=4)
	        Recheck Cond: ((id >= 6916723) AND (id <= 6917722))
	        ->  Bitmap Index Scan on sbtest8_pkey  (cost=0.00..30.61 rows=1018 width=0)
	              Index Cond: ((id >= 6916723) AND (id <= 6917722))

explain: for point_selects :: explain SELECT c FROM sbtest%u WHERE id=%u
explain: for point_selects :: explain SELECT c FROM sbtest%u WHERE id=%u
for: order_ranges
table 1 : explain SELECT c FROM sbtest1 WHERE id BETWEEN 9037413 AND 9038412 ORDER BY c
	Sort  (cost=3890.64..3893.12 rows=991 width=121)
	  Sort Key: c
	  ->  Bitmap Heap Scan on sbtest1  (cost=30.59..3841.33 rows=991 width=121)
	        Recheck Cond: ((id >= 9037413) AND (id <= 9038412))
	        ->  Bitmap Index Scan on sbtest1_pkey  (cost=0.00..30.34 rows=991 width=0)
	              Index Cond: ((id >= 9037413) AND (id <= 9038412))

table 2 : explain SELECT c FROM sbtest2 WHERE id BETWEEN 1121797 AND 1122796 ORDER BY c
	Sort  (cost=4264.22..4266.94 rows=1088 width=121)
	  Sort Key: c
	  ->  Bitmap Heap Scan on sbtest2  (cost=35.59..4209.34 rows=1088 width=121)
	        Recheck Cond: ((id >= 1121797) AND (id <= 1122796))
	        ->  Bitmap Index Scan on sbtest2_pkey  (cost=0.00..35.32 rows=1088 width=0)
	              Index Cond: ((id >= 1121797) AND (id <= 1122796))

table 3 : explain SELECT c FROM sbtest3 WHERE id BETWEEN 2723377 AND 2724376 ORDER BY c
	Sort  (cost=3845.38..3847.83 rows=980 width=121)
	  Sort Key: c
	  ->  Bitmap Heap Scan on sbtest3  (cost=30.48..3796.69 rows=980 width=121)
	        Recheck Cond: ((id >= 2723377) AND (id <= 2724376))
	        ->  Bitmap Index Scan on sbtest3_pkey  (cost=0.00..30.23 rows=980 width=0)
	              Index Cond: ((id >= 2723377) AND (id <= 2724376))

table 4 : explain SELECT c FROM sbtest4 WHERE id BETWEEN 8034012 AND 8035011 ORDER BY c
	Sort  (cost=3754.92..3757.31 rows=956 width=121)
	  Sort Key: c
	  ->  Bitmap Heap Scan on sbtest4  (cost=30.23..3707.59 rows=956 width=121)
	        Recheck Cond: ((id >= 8034012) AND (id <= 8035011))
	        ->  Bitmap Index Scan on sbtest4_pkey  (cost=0.00..30.00 rows=956 width=0)
	              Index Cond: ((id >= 8034012) AND (id <= 8035011))

table 5 : explain SELECT c FROM sbtest5 WHERE id BETWEEN 2151376 AND 2152375 ORDER BY c
	Sort  (cost=4249.21..4251.92 rows=1084 width=121)
	  Sort Key: c
	  ->  Bitmap Heap Scan on sbtest5  (cost=35.55..4194.56 rows=1084 width=121)
	        Recheck Cond: ((id >= 2151376) AND (id <= 2152375))
	        ->  Bitmap Index Scan on sbtest5_pkey  (cost=0.00..35.28 rows=1084 width=0)
	              Index Cond: ((id >= 2151376) AND (id <= 2152375))

table 6 : explain SELECT c FROM sbtest6 WHERE id BETWEEN 4973649 AND 4974648 ORDER BY c
	Sort  (cost=4122.32..4124.95 rows=1052 width=121)
	  Sort Key: c
	  ->  Bitmap Heap Scan on sbtest6  (cost=31.22..4069.52 rows=1052 width=121)
	        Recheck Cond: ((id >= 4973649) AND (id <= 4974648))
	        ->  Bitmap Index Scan on sbtest6_pkey  (cost=0.00..30.95 rows=1052 width=0)
	              Index Cond: ((id >= 4973649) AND (id <= 4974648))

table 7 : explain SELECT c FROM sbtest7 WHERE id BETWEEN 2686312 AND 2687311 ORDER BY c
	Sort  (cost=4131.92..4134.55 rows=1054 width=121)
	  Sort Key: c
	  ->  Bitmap Heap Scan on sbtest7  (cost=35.24..4079.00 rows=1054 width=121)
	        Recheck Cond: ((id >= 2686312) AND (id <= 2687311))
	        ->  Bitmap Index Scan on sbtest7_pkey  (cost=0.00..34.98 rows=1054 width=0)
	              Index Cond: ((id >= 2686312) AND (id <= 2687311))

table 8 : explain SELECT c FROM sbtest8 WHERE id BETWEEN 5415207 AND 5416206 ORDER BY c
	Sort  (cost=4084.81..4087.42 rows=1041 width=121)
	  Sort Key: c
	  ->  Bitmap Heap Scan on sbtest8  (cost=35.11..4032.64 rows=1041 width=121)
	        Recheck Cond: ((id >= 5415207) AND (id <= 5416206))
	        ->  Bitmap Index Scan on sbtest8_pkey  (cost=0.00..34.84 rows=1041 width=0)
	              Index Cond: ((id >= 5415207) AND (id <= 5416206))

for: order_ranges
table 1 : explain SELECT c FROM sbtest1 WHERE id BETWEEN 4721761 AND 4722760 ORDER BY c
	Sort  (cost=3844.63..3847.08 rows=979 width=121)
	  Sort Key: c
	  ->  Bitmap Heap Scan on sbtest1  (cost=30.47..3796.00 rows=979 width=121)
	        Recheck Cond: ((id >= 4721761) AND (id <= 4722760))
	        ->  Bitmap Index Scan on sbtest1_pkey  (cost=0.00..30.22 rows=979 width=0)
	              Index Cond: ((id >= 4721761) AND (id <= 4722760))

table 2 : explain SELECT c FROM sbtest2 WHERE id BETWEEN 3149707 AND 3150706 ORDER BY c
	Sort  (cost=3850.82..3853.27 rows=981 width=121)
	  Sort Key: c
	  ->  Bitmap Heap Scan on sbtest2  (cost=30.49..3802.07 rows=981 width=121)
	        Recheck Cond: ((id >= 3149707) AND (id <= 3150706))
	        ->  Bitmap Index Scan on sbtest2_pkey  (cost=0.00..30.25 rows=981 width=0)
	              Index Cond: ((id >= 3149707) AND (id <= 3150706))

table 3 : explain SELECT c FROM sbtest3 WHERE id BETWEEN 6274641 AND 6275640 ORDER BY c
	Sort  (cost=3515.54..3517.77 rows=894 width=121)
	  Sort Key: c
	  ->  Bitmap Heap Scan on sbtest3  (cost=29.60..3471.71 rows=894 width=121)
	        Recheck Cond: ((id >= 6274641) AND (id <= 6275640))
	        ->  Bitmap Index Scan on sbtest3_pkey  (cost=0.00..29.37 rows=894 width=0)
	              Index Cond: ((id >= 6274641) AND (id <= 6275640))

table 4 : explain SELECT c FROM sbtest4 WHERE id BETWEEN 4236114 AND 4237113 ORDER BY c
	Sort  (cost=3674.35..3676.68 rows=935 width=121)
	  Sort Key: c
	  ->  Bitmap Heap Scan on sbtest4  (cost=30.02..3628.21 rows=935 width=121)
	        Recheck Cond: ((id >= 4236114) AND (id <= 4237113))
	        ->  Bitmap Index Scan on sbtest4_pkey  (cost=0.00..29.79 rows=935 width=0)
	              Index Cond: ((id >= 4236114) AND (id <= 4237113))

table 5 : explain SELECT c FROM sbtest5 WHERE id BETWEEN 7312128 AND 7313127 ORDER BY c
	Sort  (cost=4119.06..4121.69 rows=1051 width=121)
	  Sort Key: c
	  ->  Bitmap Heap Scan on sbtest5  (cost=31.21..4066.31 rows=1051 width=121)
	        Recheck Cond: ((id >= 7312128) AND (id <= 7313127))
	        ->  Bitmap Index Scan on sbtest5_pkey  (cost=0.00..30.94 rows=1051 width=0)
	              Index Cond: ((id >= 7312128) AND (id <= 7313127))

table 6 : explain SELECT c FROM sbtest6 WHERE id BETWEEN 9556643 AND 9557642 ORDER BY c
	Sort  (cost=4145.44..4148.08 rows=1057 width=121)
	  Sort Key: c
	  ->  Bitmap Heap Scan on sbtest6  (cost=35.27..4092.35 rows=1057 width=121)
	        Recheck Cond: ((id >= 9556643) AND (id <= 9557642))
	        ->  Bitmap Index Scan on sbtest6_pkey  (cost=0.00..35.01 rows=1057 width=0)
	              Index Cond: ((id >= 9556643) AND (id <= 9557642))

table 7 : explain SELECT c FROM sbtest7 WHERE id BETWEEN 9450637 AND 9451636 ORDER BY c
	Sort  (cost=4227.39..4230.09 rows=1079 width=121)
	  Sort Key: c
	  ->  Bitmap Heap Scan on sbtest7  (cost=35.49..4173.03 rows=1079 width=121)
	        Recheck Cond: ((id >= 9450637) AND (id <= 9451636))
	        ->  Bitmap Index Scan on sbtest7_pkey  (cost=0.00..35.23 rows=1079 width=0)
	              Index Cond: ((id >= 9450637) AND (id <= 9451636))

table 8 : explain SELECT c FROM sbtest8 WHERE id BETWEEN 4853138 AND 4854137 ORDER BY c
	Sort  (cost=4023.42..4025.98 rows=1026 width=121)
	  Sort Key: c
	  ->  Bitmap Heap Scan on sbtest8  (cost=30.95..3972.10 rows=1026 width=121)
	        Recheck Cond: ((id >= 4853138) AND (id <= 4854137))
	        ->  Bitmap Index Scan on sbtest8_pkey  (cost=0.00..30.69 rows=1026 width=0)
	              Index Cond: ((id >= 4853138) AND (id <= 4854137))

for: order_ranges
table 1 : explain SELECT c FROM sbtest1 WHERE id BETWEEN 1978198 AND 1979197 ORDER BY c
	Sort  (cost=4005.60..4008.15 rows=1021 width=121)
	  Sort Key: c
	  ->  Bitmap Heap Scan on sbtest1  (cost=30.90..3954.57 rows=1021 width=121)
	        Recheck Cond: ((id >= 1978198) AND (id <= 1979197))
	        ->  Bitmap Index Scan on sbtest1_pkey  (cost=0.00..30.64 rows=1021 width=0)
	              Index Cond: ((id >= 1978198) AND (id <= 1979197))

table 2 : explain SELECT c FROM sbtest2 WHERE id BETWEEN 6110658 AND 6111657 ORDER BY c
	Sort  (cost=4149.57..4152.21 rows=1058 width=121)
	  Sort Key: c
	  ->  Bitmap Heap Scan on sbtest2  (cost=35.28..4096.42 rows=1058 width=121)
	        Recheck Cond: ((id >= 6110658) AND (id <= 6111657))
	        ->  Bitmap Index Scan on sbtest2_pkey  (cost=0.00..35.02 rows=1058 width=0)
	              Index Cond: ((id >= 6110658) AND (id <= 6111657))

table 3 : explain SELECT c FROM sbtest3 WHERE id BETWEEN 5692637 AND 5693636 ORDER BY c
	Sort  (cost=3925.79..3928.29 rows=1001 width=121)
	  Sort Key: c
	  ->  Bitmap Heap Scan on sbtest3  (cost=30.70..3875.90 rows=1001 width=121)
	        Recheck Cond: ((id >= 5692637) AND (id <= 5693636))
	        ->  Bitmap Index Scan on sbtest3_pkey  (cost=0.00..30.44 rows=1001 width=0)
	              Index Cond: ((id >= 5692637) AND (id <= 5693636))

table 4 : explain SELECT c FROM sbtest4 WHERE id BETWEEN 9749474 AND 9750473 ORDER BY c
	Sort  (cost=3877.59..3880.06 rows=988 width=121)
	  Sort Key: c
	  ->  Bitmap Heap Scan on sbtest4  (cost=30.56..3828.44 rows=988 width=121)
	        Recheck Cond: ((id >= 9749474) AND (id <= 9750473))
	        ->  Bitmap Index Scan on sbtest4_pkey  (cost=0.00..30.32 rows=988 width=0)
	              Index Cond: ((id >= 9749474) AND (id <= 9750473))

table 5 : explain SELECT c FROM sbtest5 WHERE id BETWEEN 9570413 AND 9571412 ORDER BY c
	Sort  (cost=3617.03..3619.33 rows=920 width=121)
	  Sort Key: c
	  ->  Bitmap Heap Scan on sbtest5  (cost=29.87..3571.74 rows=920 width=121)
	        Recheck Cond: ((id >= 9570413) AND (id <= 9571412))
	        ->  Bitmap Index Scan on sbtest5_pkey  (cost=0.00..29.64 rows=920 width=0)
	              Index Cond: ((id >= 9570413) AND (id <= 9571412))

table 6 : explain SELECT c FROM sbtest6 WHERE id BETWEEN 2152272 AND 2153271 ORDER BY c
	Sort  (cost=3796.89..3799.30 rows=967 width=121)
	  Sort Key: c
	  ->  Bitmap Heap Scan on sbtest6  (cost=30.35..3748.94 rows=967 width=121)
	        Recheck Cond: ((id >= 2152272) AND (id <= 2153271))
	        ->  Bitmap Index Scan on sbtest6_pkey  (cost=0.00..30.11 rows=967 width=0)
	              Index Cond: ((id >= 2152272) AND (id <= 2153271))

table 7 : explain SELECT c FROM sbtest7 WHERE id BETWEEN 7580426 AND 7581425 ORDER BY c
	Sort  (cost=4147.20..4149.84 rows=1058 width=121)
	  Sort Key: c
	  ->  Bitmap Heap Scan on sbtest7  (cost=35.28..4094.05 rows=1058 width=121)
	        Recheck Cond: ((id >= 7580426) AND (id <= 7581425))
	        ->  Bitmap Index Scan on sbtest7_pkey  (cost=0.00..35.02 rows=1058 width=0)
	              Index Cond: ((id >= 7580426) AND (id <= 7581425))

table 8 : explain SELECT c FROM sbtest8 WHERE id BETWEEN 4681160 AND 4682159 ORDER BY c
	Sort  (cost=3935.35..3937.86 rows=1003 width=121)
	  Sort Key: c
	  ->  Bitmap Heap Scan on sbtest8  (cost=30.72..3885.35 rows=1003 width=121)
	        Recheck Cond: ((id >= 4681160) AND (id <= 4682159))
	        ->  Bitmap Index Scan on sbtest8_pkey  (cost=0.00..30.46 rows=1003 width=0)
	              Index Cond: ((id >= 4681160) AND (id <= 4682159))

for: sum_ranges
table 1 : explain SELECT SUM(k) FROM sbtest1 WHERE id BETWEEN 4380154 AND 4381153
	Aggregate  (cost=3881.59..3881.60 rows=1 width=8)
	  ->  Bitmap Heap Scan on sbtest1  (cost=30.70..3879.09 rows=1001 width=4)
	        Recheck Cond: ((id >= 4380154) AND (id <= 4381153))
	        ->  Bitmap Index Scan on sbtest1_pkey  (cost=0.00..30.44 rows=1001 width=0)
	              Index Cond: ((id >= 4380154) AND (id <= 4381153))

table 2 : explain SELECT SUM(k) FROM sbtest2 WHERE id BETWEEN 4233769 AND 4234768
	Aggregate  (cost=3876.29..3876.30 rows=1 width=8)
	  ->  Bitmap Heap Scan on sbtest2  (cost=30.68..3873.79 rows=1000 width=4)
	        Recheck Cond: ((id >= 4233769) AND (id <= 4234768))
	        ->  Bitmap Index Scan on sbtest2_pkey  (cost=0.00..30.43 rows=1000 width=0)
	              Index Cond: ((id >= 4233769) AND (id <= 4234768))

table 3 : explain SELECT SUM(k) FROM sbtest3 WHERE id BETWEEN 4826720 AND 4827719
	Aggregate  (cost=3413.34..3413.35 rows=1 width=8)
	  ->  Bitmap Heap Scan on sbtest3  (cost=29.43..3411.14 rows=878 width=4)
	        Recheck Cond: ((id >= 4826720) AND (id <= 4827719))
	        ->  Bitmap Index Scan on sbtest3_pkey  (cost=0.00..29.21 rows=878 width=0)
	              Index Cond: ((id >= 4826720) AND (id <= 4827719))

table 4 : explain SELECT SUM(k) FROM sbtest4 WHERE id BETWEEN 8206060 AND 8207059
	Aggregate  (cost=3963.03..3963.04 rows=1 width=8)
	  ->  Bitmap Heap Scan on sbtest4  (cost=30.92..3960.47 rows=1023 width=4)
	        Recheck Cond: ((id >= 8206060) AND (id <= 8207059))
	        ->  Bitmap Index Scan on sbtest4_pkey  (cost=0.00..30.66 rows=1023 width=0)
	              Index Cond: ((id >= 8206060) AND (id <= 8207059))

table 5 : explain SELECT SUM(k) FROM sbtest5 WHERE id BETWEEN 2691367 AND 2692366
	Aggregate  (cost=3782.09..3782.10 rows=1 width=8)
	  ->  Bitmap Heap Scan on sbtest5  (cost=30.43..3779.65 rows=975 width=4)
	        Recheck Cond: ((id >= 2691367) AND (id <= 2692366))
	        ->  Bitmap Index Scan on sbtest5_pkey  (cost=0.00..30.18 rows=975 width=0)
	              Index Cond: ((id >= 2691367) AND (id <= 2692366))

table 6 : explain SELECT SUM(k) FROM sbtest6 WHERE id BETWEEN 4432959 AND 4433958
	Aggregate  (cost=3962.80..3962.81 rows=1 width=8)
	  ->  Bitmap Heap Scan on sbtest6  (cost=30.92..3960.25 rows=1023 width=4)
	        Recheck Cond: ((id >= 4432959) AND (id <= 4433958))
	        ->  Bitmap Index Scan on sbtest6_pkey  (cost=0.00..30.66 rows=1023 width=0)
	              Index Cond: ((id >= 4432959) AND (id <= 4433958))

table 7 : explain SELECT SUM(k) FROM sbtest7 WHERE id BETWEEN 7621191 AND 7622190
	Aggregate  (cost=4096.69..4096.70 rows=1 width=8)
	  ->  Bitmap Heap Scan on sbtest7  (cost=35.28..4094.05 rows=1058 width=4)
	        Recheck Cond: ((id >= 7621191) AND (id <= 7622190))
	        ->  Bitmap Index Scan on sbtest7_pkey  (cost=0.00..35.02 rows=1058 width=0)
	              Index Cond: ((id >= 7621191) AND (id <= 7622190))

table 8 : explain SELECT SUM(k) FROM sbtest8 WHERE id BETWEEN 6533922 AND 6534921
	Aggregate  (cost=4004.84..4004.85 rows=1 width=8)
	  ->  Bitmap Heap Scan on sbtest8  (cost=31.03..4002.26 rows=1034 width=4)
	        Recheck Cond: ((id >= 6533922) AND (id <= 6534921))
	        ->  Bitmap Index Scan on sbtest8_pkey  (cost=0.00..30.77 rows=1034 width=0)
	              Index Cond: ((id >= 6533922) AND (id <= 6534921))

for point_selects
table 1 : explain SELECT c FROM sbtest1 WHERE id=4725958
	Index Scan using sbtest1_pkey on sbtest1  (cost=0.43..8.45 rows=1 width=121)
	  Index Cond: (id = 4725958)

table 2 : explain SELECT c FROM sbtest2 WHERE id=6009496
	Index Scan using sbtest2_pkey on sbtest2  (cost=0.43..8.45 rows=1 width=121)
	  Index Cond: (id = 6009496)

table 3 : explain SELECT c FROM sbtest3 WHERE id=6918892
	Index Scan using sbtest3_pkey on sbtest3  (cost=0.43..8.45 rows=1 width=121)
	  Index Cond: (id = 6918892)

table 4 : explain SELECT c FROM sbtest4 WHERE id=9577402
	Index Scan using sbtest4_pkey on sbtest4  (cost=0.43..8.45 rows=1 width=121)
	  Index Cond: (id = 9577402)

table 5 : explain SELECT c FROM sbtest5 WHERE id=9820867
	Index Scan using sbtest5_pkey on sbtest5  (cost=0.43..8.45 rows=1 width=121)
	  Index Cond: (id = 9820867)

table 6 : explain SELECT c FROM sbtest6 WHERE id=8773531
	Index Scan using sbtest6_pkey on sbtest6  (cost=0.43..8.45 rows=1 width=121)
	  Index Cond: (id = 8773531)

table 7 : explain SELECT c FROM sbtest7 WHERE id=7700479
	Index Scan using sbtest7_pkey on sbtest7  (cost=0.43..8.45 rows=1 width=121)
	  Index Cond: (id = 7700479)

table 8 : explain SELECT c FROM sbtest8 WHERE id=1953550
	Index Scan using sbtest8_pkey on sbtest8  (cost=0.43..8.45 rows=1 width=121)
	  Index Cond: (id = 1953550)

for point_selects
table 1 : explain SELECT c FROM sbtest1 WHERE id=3423533
	Index Scan using sbtest1_pkey on sbtest1  (cost=0.43..8.45 rows=1 width=121)
	  Index Cond: (id = 3423533)

table 2 : explain SELECT c FROM sbtest2 WHERE id=1597866
	Index Scan using sbtest2_pkey on sbtest2  (cost=0.43..8.45 rows=1 width=121)
	  Index Cond: (id = 1597866)

table 3 : explain SELECT c FROM sbtest3 WHERE id=1589574
	Index Scan using sbtest3_pkey on sbtest3  (cost=0.43..8.45 rows=1 width=121)
	  Index Cond: (id = 1589574)

table 4 : explain SELECT c FROM sbtest4 WHERE id=2638840
	Index Scan using sbtest4_pkey on sbtest4  (cost=0.43..8.45 rows=1 width=121)
	  Index Cond: (id = 2638840)

table 5 : explain SELECT c FROM sbtest5 WHERE id=8198967
	Index Scan using sbtest5_pkey on sbtest5  (cost=0.43..8.45 rows=1 width=121)
	  Index Cond: (id = 8198967)

table 6 : explain SELECT c FROM sbtest6 WHERE id=2250549
	Index Scan using sbtest6_pkey on sbtest6  (cost=0.43..8.45 rows=1 width=121)
	  Index Cond: (id = 2250549)

table 7 : explain SELECT c FROM sbtest7 WHERE id=4647415
	Index Scan using sbtest7_pkey on sbtest7  (cost=0.43..8.45 rows=1 width=121)
	  Index Cond: (id = 4647415)

table 8 : explain SELECT c FROM sbtest8 WHERE id=7772975
	Index Scan using sbtest8_pkey on sbtest8  (cost=0.43..8.45 rows=1 width=121)
	  Index Cond: (id = 7772975)

for: simple_ranges
table 1 : explain SELECT c FROM sbtest1 WHERE id BETWEEN 4003245 AND 4004244
	Bitmap Heap Scan on sbtest1  (cost=30.04..3637.21 rows=937 width=121)
	  Recheck Cond: ((id >= 4003245) AND (id <= 4004244))
	  ->  Bitmap Index Scan on sbtest1_pkey  (cost=0.00..29.80 rows=937 width=0)
	        Index Cond: ((id >= 4003245) AND (id <= 4004244))

table 2 : explain SELECT c FROM sbtest2 WHERE id BETWEEN 3754826 AND 3755825
	Bitmap Heap Scan on sbtest2  (cost=30.43..3779.42 rows=975 width=121)
	  Recheck Cond: ((id >= 3754826) AND (id <= 3755825))
	  ->  Bitmap Index Scan on sbtest2_pkey  (cost=0.00..30.18 rows=975 width=0)
	        Index Cond: ((id >= 3754826) AND (id <= 3755825))

table 3 : explain SELECT c FROM sbtest3 WHERE id BETWEEN 3593658 AND 3594657
	Bitmap Heap Scan on sbtest3  (cost=30.20..3694.77 rows=953 width=121)
	  Recheck Cond: ((id >= 3593658) AND (id <= 3594657))
	  ->  Bitmap Index Scan on sbtest3_pkey  (cost=0.00..29.96 rows=953 width=0)
	        Index Cond: ((id >= 3593658) AND (id <= 3594657))

table 4 : explain SELECT c FROM sbtest4 WHERE id BETWEEN 6798303 AND 6799302
	Bitmap Heap Scan on sbtest4  (cost=30.83..3926.54 rows=1014 width=121)
	  Recheck Cond: ((id >= 6798303) AND (id <= 6799302))
	  ->  Bitmap Index Scan on sbtest4_pkey  (cost=0.00..30.57 rows=1014 width=0)
	        Index Cond: ((id >= 6798303) AND (id <= 6799302))

table 5 : explain SELECT c FROM sbtest5 WHERE id BETWEEN 3375116 AND 3376115
	Bitmap Heap Scan on sbtest5  (cost=30.39..3764.54 rows=971 width=121)
	  Recheck Cond: ((id >= 3375116) AND (id <= 3376115))
	  ->  Bitmap Index Scan on sbtest5_pkey  (cost=0.00..30.14 rows=971 width=0)
	        Index Cond: ((id >= 3375116) AND (id <= 3376115))

table 6 : explain SELECT c FROM sbtest6 WHERE id BETWEEN 8098151 AND 8099150
	Bitmap Heap Scan on sbtest6  (cost=30.44..3782.92 rows=976 width=121)
	  Recheck Cond: ((id >= 8098151) AND (id <= 8099150))
	  ->  Bitmap Index Scan on sbtest6_pkey  (cost=0.00..30.19 rows=976 width=0)
	        Index Cond: ((id >= 8098151) AND (id <= 8099150))

table 7 : explain SELECT c FROM sbtest7 WHERE id BETWEEN 5270664 AND 5271663
	Bitmap Heap Scan on sbtest7  (cost=30.04..3633.85 rows=937 width=121)
	  Recheck Cond: ((id >= 5270664) AND (id <= 5271663))
	  ->  Bitmap Index Scan on sbtest7_pkey  (cost=0.00..29.80 rows=937 width=0)
	        Index Cond: ((id >= 5270664) AND (id <= 5271663))

table 8 : explain SELECT c FROM sbtest8 WHERE id BETWEEN 8400277 AND 8401276
	Bitmap Heap Scan on sbtest8  (cost=30.40..3768.32 rows=972 width=121)
	  Recheck Cond: ((id >= 8400277) AND (id <= 8401276))
	  ->  Bitmap Index Scan on sbtest8_pkey  (cost=0.00..30.15 rows=972 width=0)
	        Index Cond: ((id >= 8400277) AND (id <= 8401276))

for: sum_ranges
table 1 : explain SELECT SUM(k) FROM sbtest1 WHERE id BETWEEN 8264448 AND 8265447
	Aggregate  (cost=3972.22..3972.23 rows=1 width=8)
	  ->  Bitmap Heap Scan on sbtest1  (cost=30.94..3969.66 rows=1025 width=4)
	        Recheck Cond: ((id >= 8264448) AND (id <= 8265447))
	        ->  Bitmap Index Scan on sbtest1_pkey  (cost=0.00..30.68 rows=1025 width=0)
	              Index Cond: ((id >= 8264448) AND (id <= 8265447))

table 2 : explain SELECT SUM(k) FROM sbtest2 WHERE id BETWEEN 617720 AND 618719
	Aggregate  (cost=4223.36..4223.37 rows=1 width=8)
	  ->  Bitmap Heap Scan on sbtest2  (cost=35.62..4220.63 rows=1091 width=4)
	        Recheck Cond: ((id >= 617720) AND (id <= 618719))
	        ->  Bitmap Index Scan on sbtest2_pkey  (cost=0.00..35.34 rows=1091 width=0)
	              Index Cond: ((id >= 617720) AND (id <= 618719))

table 3 : explain SELECT SUM(k) FROM sbtest3 WHERE id BETWEEN 2982204 AND 2983203
	Aggregate  (cost=3840.67..3840.68 rows=1 width=8)
	  ->  Bitmap Heap Scan on sbtest3  (cost=30.59..3838.19 rows=991 width=4)
	        Recheck Cond: ((id >= 2982204) AND (id <= 2983203))
	        ->  Bitmap Index Scan on sbtest3_pkey  (cost=0.00..30.34 rows=991 width=0)
	              Index Cond: ((id >= 2982204) AND (id <= 2983203))

table 4 : explain SELECT SUM(k) FROM sbtest4 WHERE id BETWEEN 396649 AND 397648
	Aggregate  (cost=4068.62..4068.63 rows=1 width=8)
	  ->  Bitmap Heap Scan on sbtest4  (cost=31.21..4065.99 rows=1051 width=4)
	        Recheck Cond: ((id >= 396649) AND (id <= 397648))
	        ->  Bitmap Index Scan on sbtest4_pkey  (cost=0.00..30.94 rows=1051 width=0)
	              Index Cond: ((id >= 396649) AND (id <= 397648))

table 5 : explain SELECT SUM(k) FROM sbtest5 WHERE id BETWEEN 5971297 AND 5972296
	Aggregate  (cost=4223.63..4223.64 rows=1 width=8)
	  ->  Bitmap Heap Scan on sbtest5  (cost=35.62..4220.90 rows=1091 width=4)
	        Recheck Cond: ((id >= 5971297) AND (id <= 5972296))
	        ->  Bitmap Index Scan on sbtest5_pkey  (cost=0.00..35.34 rows=1091 width=0)
	              Index Cond: ((id >= 5971297) AND (id <= 5972296))

table 6 : explain SELECT SUM(k) FROM sbtest6 WHERE id BETWEEN 4543195 AND 4544194
	Aggregate  (cost=3687.09..3687.10 rows=1 width=8)
	  ->  Bitmap Heap Scan on sbtest6  (cost=30.17..3684.71 rows=950 width=4)
	        Recheck Cond: ((id >= 4543195) AND (id <= 4544194))
	        ->  Bitmap Index Scan on sbtest6_pkey  (cost=0.00..29.93 rows=950 width=0)
	              Index Cond: ((id >= 4543195) AND (id <= 4544194))

table 7 : explain SELECT SUM(k) FROM sbtest7 WHERE id BETWEEN 9453415 AND 9454414
	Aggregate  (cost=4175.73..4175.74 rows=1 width=8)
	  ->  Bitmap Heap Scan on sbtest7  (cost=35.49..4173.03 rows=1079 width=4)
	        Recheck Cond: ((id >= 9453415) AND (id <= 9454414))
	        ->  Bitmap Index Scan on sbtest7_pkey  (cost=0.00..35.23 rows=1079 width=0)
	              Index Cond: ((id >= 9453415) AND (id <= 9454414))

table 8 : explain SELECT SUM(k) FROM sbtest8 WHERE id BETWEEN 3237347 AND 3238346
	Aggregate  (cost=3955.80..3955.81 rows=1 width=8)
	  ->  Bitmap Heap Scan on sbtest8  (cost=30.90..3953.25 rows=1021 width=4)
	        Recheck Cond: ((id >= 3237347) AND (id <= 3238346))
	        ->  Bitmap Index Scan on sbtest8_pkey  (cost=0.00..30.64 rows=1021 width=0)
	              Index Cond: ((id >= 3237347) AND (id <= 3238346))

for point_selects
table 1 : explain SELECT c FROM sbtest1 WHERE id=6744576
	Index Scan using sbtest1_pkey on sbtest1  (cost=0.43..8.45 rows=1 width=121)
	  Index Cond: (id = 6744576)

table 2 : explain SELECT c FROM sbtest2 WHERE id=4611655
	Index Scan using sbtest2_pkey on sbtest2  (cost=0.43..8.45 rows=1 width=121)
	  Index Cond: (id = 4611655)

table 3 : explain SELECT c FROM sbtest3 WHERE id=8707286
	Index Scan using sbtest3_pkey on sbtest3  (cost=0.43..8.45 rows=1 width=121)
	  Index Cond: (id = 8707286)

table 4 : explain SELECT c FROM sbtest4 WHERE id=422751
	Index Scan using sbtest4_pkey on sbtest4  (cost=0.43..8.45 rows=1 width=121)
	  Index Cond: (id = 422751)

table 5 : explain SELECT c FROM sbtest5 WHERE id=3449899
	Index Scan using sbtest5_pkey on sbtest5  (cost=0.43..8.45 rows=1 width=121)
	  Index Cond: (id = 3449899)

table 6 : explain SELECT c FROM sbtest6 WHERE id=885523
	Index Scan using sbtest6_pkey on sbtest6  (cost=0.43..8.45 rows=1 width=121)
	  Index Cond: (id = 885523)

table 7 : explain SELECT c FROM sbtest7 WHERE id=816569
	Index Scan using sbtest7_pkey on sbtest7  (cost=0.43..8.45 rows=1 width=121)
	  Index Cond: (id = 816569)

table 8 : explain SELECT c FROM sbtest8 WHERE id=3703044
	Index Scan using sbtest8_pkey on sbtest8  (cost=0.43..8.45 rows=1 width=121)
	  Index Cond: (id = 3703044)

explain: for point_selects :: explain SELECT c FROM sbtest%u WHERE id=%u
for: order_ranges
table 1 : explain SELECT c FROM sbtest1 WHERE id BETWEEN 6500538 AND 6501537 ORDER BY c
	Sort  (cost=3764.07..3766.47 rows=958 width=121)
	  Sort Key: c
	  ->  Bitmap Heap Scan on sbtest1  (cost=30.25..3716.63 rows=958 width=121)
	        Recheck Cond: ((id >= 6500538) AND (id <= 6501537))
	        ->  Bitmap Index Scan on sbtest1_pkey  (cost=0.00..30.01 rows=958 width=0)
	              Index Cond: ((id >= 6500538) AND (id <= 6501537))

table 2 : explain SELECT c FROM sbtest2 WHERE id BETWEEN 2527868 AND 2528867 ORDER BY c
	Sort  (cost=4015.51..4018.07 rows=1024 width=121)
	  Sort Key: c
	  ->  Bitmap Heap Scan on sbtest2  (cost=30.93..3964.31 rows=1024 width=121)
	        Recheck Cond: ((id >= 2527868) AND (id <= 2528867))
	        ->  Bitmap Index Scan on sbtest2_pkey  (cost=0.00..30.68 rows=1024 width=0)
	              Index Cond: ((id >= 2527868) AND (id <= 2528867))

table 3 : explain SELECT c FROM sbtest3 WHERE id BETWEEN 5012015 AND 5013014 ORDER BY c
	Sort  (cost=4338.66..4341.43 rows=1108 width=121)
	  Sort Key: c
	  ->  Bitmap Heap Scan on sbtest3  (cost=35.79..4282.63 rows=1108 width=121)
	        Recheck Cond: ((id >= 5012015) AND (id <= 5013014))
	        ->  Bitmap Index Scan on sbtest3_pkey  (cost=0.00..35.52 rows=1108 width=0)
	              Index Cond: ((id >= 5012015) AND (id <= 5013014))

table 4 : explain SELECT c FROM sbtest4 WHERE id BETWEEN 254396 AND 255395 ORDER BY c
	Sort  (cost=4057.54..4060.13 rows=1035 width=121)
	  Sort Key: c
	  ->  Bitmap Heap Scan on sbtest4  (cost=31.04..4005.71 rows=1035 width=121)
	        Recheck Cond: ((id >= 254396) AND (id <= 255395))
	        ->  Bitmap Index Scan on sbtest4_pkey  (cost=0.00..30.79 rows=1035 width=0)
	              Index Cond: ((id >= 254396) AND (id <= 255395))

table 5 : explain SELECT c FROM sbtest5 WHERE id BETWEEN 8354448 AND 8355447 ORDER BY c
	Sort  (cost=3881.71..3884.19 rows=989 width=121)
	  Sort Key: c
	  ->  Bitmap Heap Scan on sbtest5  (cost=30.57..3832.51 rows=989 width=121)
	        Recheck Cond: ((id >= 8354448) AND (id <= 8355447))
	        ->  Bitmap Index Scan on sbtest5_pkey  (cost=0.00..30.32 rows=989 width=0)
	              Index Cond: ((id >= 8354448) AND (id <= 8355447))

table 6 : explain SELECT c FROM sbtest6 WHERE id BETWEEN 4955867 AND 4956866 ORDER BY c
	Sort  (cost=4122.32..4124.95 rows=1052 width=121)
	  Sort Key: c
	  ->  Bitmap Heap Scan on sbtest6  (cost=31.22..4069.52 rows=1052 width=121)
	        Recheck Cond: ((id >= 4955867) AND (id <= 4956866))
	        ->  Bitmap Index Scan on sbtest6_pkey  (cost=0.00..30.95 rows=1052 width=0)
	              Index Cond: ((id >= 4955867) AND (id <= 4956866))

table 7 : explain SELECT c FROM sbtest7 WHERE id BETWEEN 4329689 AND 4330688 ORDER BY c
	Sort  (cost=3729.94..3732.31 rows=950 width=121)
	  Sort Key: c
	  ->  Bitmap Heap Scan on sbtest7  (cost=30.17..3682.95 rows=950 width=121)
	        Recheck Cond: ((id >= 4329689) AND (id <= 4330688))
	        ->  Bitmap Index Scan on sbtest7_pkey  (cost=0.00..29.93 rows=950 width=0)
	              Index Cond: ((id >= 4329689) AND (id <= 4330688))

table 8 : explain SELECT c FROM sbtest8 WHERE id BETWEEN 1012698 AND 1013697 ORDER BY c
	Sort  (cost=3728.35..3730.72 rows=949 width=121)
	  Sort Key: c
	  ->  Bitmap Heap Scan on sbtest8  (cost=30.16..3681.42 rows=949 width=121)
	        Recheck Cond: ((id >= 1012698) AND (id <= 1013697))
	        ->  Bitmap Index Scan on sbtest8_pkey  (cost=0.00..29.93 rows=949 width=0)
	              Index Cond: ((id >= 1012698) AND (id <= 1013697))

for: distinct_ranges
table 1 : explain SELECT DISTINCT c FROM sbtest1 WHERE id BETWEEN 5755921 AND 5756920 ORDER BY c
	Unique  (cost=3798.60..3803.44 rows=967 width=121)
	  ->  Sort  (cost=3798.60..3801.02 rows=967 width=121)
	        Sort Key: c
	        ->  Bitmap Heap Scan on sbtest1  (cost=30.35..3750.65 rows=967 width=121)
	              Recheck Cond: ((id >= 5755921) AND (id <= 5756920))
	              ->  Bitmap Index Scan on sbtest1_pkey  (cost=0.00..30.11 rows=967 width=0)
	                    Index Cond: ((id >= 5755921) AND (id <= 5756920))

table 2 : explain SELECT DISTINCT c FROM sbtest2 WHERE id BETWEEN 657544 AND 658543 ORDER BY c
	Unique  (cost=4275.68..4281.13 rows=1091 width=121)
	  ->  Sort  (cost=4275.68..4278.40 rows=1091 width=121)
	        Sort Key: c
	        ->  Bitmap Heap Scan on sbtest2  (cost=35.62..4220.63 rows=1091 width=121)
	              Recheck Cond: ((id >= 657544) AND (id <= 658543))
	              ->  Bitmap Index Scan on sbtest2_pkey  (cost=0.00..35.34 rows=1091 width=0)
	                    Index Cond: ((id >= 657544) AND (id <= 658543))

table 3 : explain SELECT DISTINCT c FROM sbtest3 WHERE id BETWEEN 1856757 AND 1857756 ORDER BY c
	Unique  (cost=3883.68..3888.63 rows=990 width=121)
	  ->  Sort  (cost=3883.68..3886.15 rows=990 width=121)
	        Sort Key: c
	        ->  Bitmap Heap Scan on sbtest3  (cost=30.58..3834.42 rows=990 width=121)
	              Recheck Cond: ((id >= 1856757) AND (id <= 1857756))
	              ->  Bitmap Index Scan on sbtest3_pkey  (cost=0.00..30.33 rows=990 width=0)
	                    Index Cond: ((id >= 1856757) AND (id <= 1857756))

table 4 : explain SELECT DISTINCT c FROM sbtest4 WHERE id BETWEEN 541707 AND 542706 ORDER BY c
	Unique  (cost=3843.10..3847.99 rows=979 width=121)
	  ->  Sort  (cost=3843.10..3845.55 rows=979 width=121)
	        Sort Key: c
	        ->  Bitmap Heap Scan on sbtest4  (cost=30.47..3794.47 rows=979 width=121)
	              Recheck Cond: ((id >= 541707) AND (id <= 542706))
	              ->  Bitmap Index Scan on sbtest4_pkey  (cost=0.00..30.22 rows=979 width=0)
	                    Index Cond: ((id >= 541707) AND (id <= 542706))

table 5 : explain SELECT DISTINCT c FROM sbtest5 WHERE id BETWEEN 5044714 AND 5045713 ORDER BY c
	Unique  (cost=4042.55..4047.70 rows=1031 width=121)
	  ->  Sort  (cost=4042.55..4045.12 rows=1031 width=121)
	        Sort Key: c
	        ->  Bitmap Heap Scan on sbtest5  (cost=31.00..3990.95 rows=1031 width=121)
	              Recheck Cond: ((id >= 5044714) AND (id <= 5045713))
	              ->  Bitmap Index Scan on sbtest5_pkey  (cost=0.00..30.75 rows=1031 width=0)
	                    Index Cond: ((id >= 5044714) AND (id <= 5045713))

table 6 : explain SELECT DISTINCT c FROM sbtest6 WHERE id BETWEEN 5767727 AND 5768726 ORDER BY c
	Unique  (cost=4260.08..4265.52 rows=1087 width=121)
	  ->  Sort  (cost=4260.08..4262.80 rows=1087 width=121)
	        Sort Key: c
	        ->  Bitmap Heap Scan on sbtest6  (cost=35.58..4205.26 rows=1087 width=121)
	              Recheck Cond: ((id >= 5767727) AND (id <= 5768726))
	              ->  Bitmap Index Scan on sbtest6_pkey  (cost=0.00..35.31 rows=1087 width=0)
	                    Index Cond: ((id >= 5767727) AND (id <= 5768726))

table 7 : explain SELECT DISTINCT c FROM sbtest7 WHERE id BETWEEN 7507408 AND 7508407 ORDER BY c
	Unique  (cost=3737.60..3742.36 rows=952 width=121)
	  ->  Sort  (cost=3737.60..3739.98 rows=952 width=121)
	        Sort Key: c
	        ->  Bitmap Heap Scan on sbtest7  (cost=30.19..3690.51 rows=952 width=121)
	              Recheck Cond: ((id >= 7507408) AND (id <= 7508407))
	              ->  Bitmap Index Scan on sbtest7_pkey  (cost=0.00..29.95 rows=952 width=0)
	                    Index Cond: ((id >= 7507408) AND (id <= 7508407))

table 8 : explain SELECT DISTINCT c FROM sbtest8 WHERE id BETWEEN 2257491 AND 2258490 ORDER BY c
	Unique  (cost=3774.38..3779.18 rows=961 width=121)
	  ->  Sort  (cost=3774.38..3776.78 rows=961 width=121)
	        Sort Key: c
	        ->  Bitmap Heap Scan on sbtest8  (cost=30.29..3726.77 rows=961 width=121)
	              Recheck Cond: ((id >= 2257491) AND (id <= 2258490))
	              ->  Bitmap Index Scan on sbtest8_pkey  (cost=0.00..30.04 rows=961 width=0)
	                    Index Cond: ((id >= 2257491) AND (id <= 2258490))

for: distinct_ranges
table 1 : explain SELECT DISTINCT c FROM sbtest1 WHERE id BETWEEN 115661 AND 116660 ORDER BY c
	Unique  (cost=3994.11..3999.20 rows=1018 width=121)
	  ->  Sort  (cost=3994.11..3996.65 rows=1018 width=121)
	        Sort Key: c
	        ->  Bitmap Heap Scan on sbtest1  (cost=30.87..3943.25 rows=1018 width=121)
	              Recheck Cond: ((id >= 115661) AND (id <= 116660))
	              ->  Bitmap Index Scan on sbtest1_pkey  (cost=0.00..30.61 rows=1018 width=0)
	                    Index Cond: ((id >= 115661) AND (id <= 116660))

table 2 : explain SELECT DISTINCT c FROM sbtest2 WHERE id BETWEEN 3775888 AND 3776887 ORDER BY c
	Unique  (cost=3827.82..3832.70 rows=975 width=121)
	  ->  Sort  (cost=3827.82..3830.26 rows=975 width=121)
	        Sort Key: c
	        ->  Bitmap Heap Scan on sbtest2  (cost=30.43..3779.42 rows=975 width=121)
	              Recheck Cond: ((id >= 3775888) AND (id <= 3776887))
	              ->  Bitmap Index Scan on sbtest2_pkey  (cost=0.00..30.18 rows=975 width=0)
	                    Index Cond: ((id >= 3775888) AND (id <= 3776887))

table 3 : explain SELECT DISTINCT c FROM sbtest3 WHERE id BETWEEN 4526995 AND 4527994 ORDER BY c
	Unique  (cost=3787.92..3792.74 rows=965 width=121)
	  ->  Sort  (cost=3787.92..3790.33 rows=965 width=121)
	        Sort Key: c
	        ->  Bitmap Heap Scan on sbtest3  (cost=30.33..3740.08 rows=965 width=121)
	              Recheck Cond: ((id >= 4526995) AND (id <= 4527994))
	              ->  Bitmap Index Scan on sbtest3_pkey  (cost=0.00..30.08 rows=965 width=0)
	                    Index Cond: ((id >= 4526995) AND (id <= 4527994))

table 4 : explain SELECT DISTINCT c FROM sbtest4 WHERE id BETWEEN 3020874 AND 3021873 ORDER BY c
	Unique  (cost=3766.42..3771.22 rows=959 width=121)
	  ->  Sort  (cost=3766.42..3768.82 rows=959 width=121)
	        Sort Key: c
	        ->  Bitmap Heap Scan on sbtest4  (cost=30.26..3718.93 rows=959 width=121)
	              Recheck Cond: ((id >= 3020874) AND (id <= 3021873))
	              ->  Bitmap Index Scan on sbtest4_pkey  (cost=0.00..30.02 rows=959 width=0)
	                    Index Cond: ((id >= 3020874) AND (id <= 3021873))

table 5 : explain SELECT DISTINCT c FROM sbtest5 WHERE id BETWEEN 5028446 AND 5029445 ORDER BY c
	Unique  (cost=4042.55..4047.70 rows=1031 width=121)
	  ->  Sort  (cost=4042.55..4045.12 rows=1031 width=121)
	        Sort Key: c
	        ->  Bitmap Heap Scan on sbtest5  (cost=31.00..3990.95 rows=1031 width=121)
	              Recheck Cond: ((id >= 5028446) AND (id <= 5029445))
	              ->  Bitmap Index Scan on sbtest5_pkey  (cost=0.00..30.75 rows=1031 width=0)
	                    Index Cond: ((id >= 5028446) AND (id <= 5029445))

table 6 : explain SELECT DISTINCT c FROM sbtest6 WHERE id BETWEEN 75394 AND 76393 ORDER BY c
	Unique  (cost=3885.03..3889.98 rows=990 width=121)
	  ->  Sort  (cost=3885.03..3887.51 rows=990 width=121)
	        Sort Key: c
	        ->  Bitmap Heap Scan on sbtest6  (cost=30.58..3835.77 rows=990 width=121)
	              Recheck Cond: ((id >= 75394) AND (id <= 76393))
	              ->  Bitmap Index Scan on sbtest6_pkey  (cost=0.00..30.33 rows=990 width=0)
	                    Index Cond: ((id >= 75394) AND (id <= 76393))

table 7 : explain SELECT DISTINCT c FROM sbtest7 WHERE id BETWEEN 1479897 AND 1480896 ORDER BY c
	Unique  (cost=3955.87..3960.92 rows=1009 width=121)
	  ->  Sort  (cost=3955.87..3958.40 rows=1009 width=121)
	        Sort Key: c
	        ->  Bitmap Heap Scan on sbtest7  (cost=30.78..3905.53 rows=1009 width=121)
	              Recheck Cond: ((id >= 1479897) AND (id <= 1480896))
	              ->  Bitmap Index Scan on sbtest7_pkey  (cost=0.00..30.52 rows=1009 width=0)
	                    Index Cond: ((id >= 1479897) AND (id <= 1480896))

table 8 : explain SELECT DISTINCT c FROM sbtest8 WHERE id BETWEEN 4889074 AND 4890073 ORDER BY c
	Unique  (cost=4306.51..4312.01 rows=1099 width=121)
	  ->  Sort  (cost=4306.51..4309.26 rows=1099 width=121)
	        Sort Key: c
	        ->  Bitmap Heap Scan on sbtest8  (cost=35.70..4251.00 rows=1099 width=121)
	              Recheck Cond: ((id >= 4889074) AND (id <= 4890073))
	              ->  Bitmap Index Scan on sbtest8_pkey  (cost=0.00..35.43 rows=1099 width=0)
	                    Index Cond: ((id >= 4889074) AND (id <= 4890073))

for: simple_ranges
table 1 : explain SELECT c FROM sbtest1 WHERE id BETWEEN 2172351 AND 2173350
	Bitmap Heap Scan on sbtest1  (cost=30.18..3690.16 rows=951 width=121)
	  Recheck Cond: ((id >= 2172351) AND (id <= 2173350))
	  ->  Bitmap Index Scan on sbtest1_pkey  (cost=0.00..29.94 rows=951 width=0)
	        Index Cond: ((id >= 2172351) AND (id <= 2173350))

table 2 : explain SELECT c FROM sbtest2 WHERE id BETWEEN 9678743 AND 9679742
	Bitmap Heap Scan on sbtest2  (cost=30.74..3892.65 rows=1005 width=121)
	  Recheck Cond: ((id >= 9678743) AND (id <= 9679742))
	  ->  Bitmap Index Scan on sbtest2_pkey  (cost=0.00..30.48 rows=1005 width=0)
	        Index Cond: ((id >= 9678743) AND (id <= 9679742))

table 3 : explain SELECT c FROM sbtest3 WHERE id BETWEEN 3420574 AND 3421573
	Bitmap Heap Scan on sbtest3  (cost=29.91..3585.19 rows=924 width=121)
	  Recheck Cond: ((id >= 3420574) AND (id <= 3421573))
	  ->  Bitmap Index Scan on sbtest3_pkey  (cost=0.00..29.68 rows=924 width=0)
	        Index Cond: ((id >= 3420574) AND (id <= 3421573))

table 4 : explain SELECT c FROM sbtest4 WHERE id BETWEEN 3263832 AND 3264831
	Bitmap Heap Scan on sbtest4  (cost=30.54..3820.89 rows=986 width=121)
	  Recheck Cond: ((id >= 3263832) AND (id <= 3264831))
	  ->  Bitmap Index Scan on sbtest4_pkey  (cost=0.00..30.29 rows=986 width=0)
	        Index Cond: ((id >= 3263832) AND (id <= 3264831))

table 5 : explain SELECT c FROM sbtest5 WHERE id BETWEEN 3767629 AND 3768628
	Bitmap Heap Scan on sbtest5  (cost=31.25..4081.38 rows=1055 width=121)
	  Recheck Cond: ((id >= 3767629) AND (id <= 3768628))
	  ->  Bitmap Index Scan on sbtest5_pkey  (cost=0.00..30.98 rows=1055 width=0)
	        Index Cond: ((id >= 3767629) AND (id <= 3768628))

table 6 : explain SELECT c FROM sbtest6 WHERE id BETWEEN 8741087 AND 8742086
	Bitmap Heap Scan on sbtest6  (cost=31.04..4005.47 rows=1035 width=121)
	  Recheck Cond: ((id >= 8741087) AND (id <= 8742086))
	  ->  Bitmap Index Scan on sbtest6_pkey  (cost=0.00..30.79 rows=1035 width=0)
	        Index Cond: ((id >= 8741087) AND (id <= 8742086))

table 7 : explain SELECT c FROM sbtest7 WHERE id BETWEEN 7709711 AND 7710710
	Bitmap Heap Scan on sbtest7  (cost=36.03..4364.66 rows=1131 width=121)
	  Recheck Cond: ((id >= 7709711) AND (id <= 7710710))
	  ->  Bitmap Index Scan on sbtest7_pkey  (cost=0.00..35.75 rows=1131 width=0)
	        Index Cond: ((id >= 7709711) AND (id <= 7710710))

table 8 : explain SELECT c FROM sbtest8 WHERE id BETWEEN 3855986 AND 3856985
	Bitmap Heap Scan on sbtest8  (cost=30.48..3798.54 rows=980 width=121)
	  Recheck Cond: ((id >= 3855986) AND (id <= 3856985))
	  ->  Bitmap Index Scan on sbtest8_pkey  (cost=0.00..30.23 rows=980 width=0)
	        Index Cond: ((id >= 3855986) AND (id <= 3856985))

for point_selects
table 1 : explain SELECT c FROM sbtest1 WHERE id=4484871
	Index Scan using sbtest1_pkey on sbtest1  (cost=0.43..8.45 rows=1 width=121)
	  Index Cond: (id = 4484871)

table 2 : explain SELECT c FROM sbtest2 WHERE id=7947725
	Index Scan using sbtest2_pkey on sbtest2  (cost=0.43..8.45 rows=1 width=121)
	  Index Cond: (id = 7947725)

table 3 : explain SELECT c FROM sbtest3 WHERE id=8972816
	Index Scan using sbtest3_pkey on sbtest3  (cost=0.43..8.45 rows=1 width=121)
	  Index Cond: (id = 8972816)

table 4 : explain SELECT c FROM sbtest4 WHERE id=5026556
	Index Scan using sbtest4_pkey on sbtest4  (cost=0.43..8.45 rows=1 width=121)
	  Index Cond: (id = 5026556)

table 5 : explain SELECT c FROM sbtest5 WHERE id=3108832
	Index Scan using sbtest5_pkey on sbtest5  (cost=0.43..8.45 rows=1 width=121)
	  Index Cond: (id = 3108832)

table 6 : explain SELECT c FROM sbtest6 WHERE id=6567433
	Index Scan using sbtest6_pkey on sbtest6  (cost=0.43..8.45 rows=1 width=121)
	  Index Cond: (id = 6567433)

table 7 : explain SELECT c FROM sbtest7 WHERE id=5159379
	Index Scan using sbtest7_pkey on sbtest7  (cost=0.43..8.45 rows=1 width=121)
	  Index Cond: (id = 5159379)

table 8 : explain SELECT c FROM sbtest8 WHERE id=1656971
	Index Scan using sbtest8_pkey on sbtest8  (cost=0.43..8.45 rows=1 width=121)
	  Index Cond: (id = 1656971)

for: sum_ranges
table 1 : explain SELECT SUM(k) FROM sbtest1 WHERE id BETWEEN 3636088 AND 3637087
	Aggregate  (cost=3957.12..3957.13 rows=1 width=8)
	  ->  Bitmap Heap Scan on sbtest1  (cost=30.90..3954.57 rows=1021 width=4)
	        Recheck Cond: ((id >= 3636088) AND (id <= 3637087))
	        ->  Bitmap Index Scan on sbtest1_pkey  (cost=0.00..30.64 rows=1021 width=0)
	              Index Cond: ((id >= 3636088) AND (id <= 3637087))

table 2 : explain SELECT SUM(k) FROM sbtest2 WHERE id BETWEEN 9209398 AND 9210397
	Aggregate  (cost=3872.51..3872.52 rows=1 width=8)
	  ->  Bitmap Heap Scan on sbtest2  (cost=30.67..3870.01 rows=999 width=4)
	        Recheck Cond: ((id >= 9209398) AND (id <= 9210397))
	        ->  Bitmap Index Scan on sbtest2_pkey  (cost=0.00..30.43 rows=999 width=0)
	              Index Cond: ((id >= 9209398) AND (id <= 9210397))

table 3 : explain SELECT SUM(k) FROM sbtest3 WHERE id BETWEEN 7956726 AND 7957725
	Aggregate  (cost=3999.08..3999.09 rows=1 width=8)
	  ->  Bitmap Heap Scan on sbtest3  (cost=31.02..3996.50 rows=1033 width=4)
	        Recheck Cond: ((id >= 7956726) AND (id <= 7957725))
	        ->  Bitmap Index Scan on sbtest3_pkey  (cost=0.00..30.76 rows=1033 width=0)
	              Index Cond: ((id >= 7956726) AND (id <= 7957725))

table 4 : explain SELECT SUM(k) FROM sbtest4 WHERE id BETWEEN 3142129 AND 3143128
	Aggregate  (cost=3815.80..3815.81 rows=1 width=8)
	  ->  Bitmap Heap Scan on sbtest4  (cost=30.52..3813.34 rows=984 width=4)
	        Recheck Cond: ((id >= 3142129) AND (id <= 3143128))
	        ->  Bitmap Index Scan on sbtest4_pkey  (cost=0.00..30.27 rows=984 width=0)
	              Index Cond: ((id >= 3142129) AND (id <= 3143128))

table 5 : explain SELECT SUM(k) FROM sbtest5 WHERE id BETWEEN 9928251 AND 9929250
	Aggregate  (cost=3517.23..3517.24 rows=1 width=8)
	  ->  Bitmap Heap Scan on sbtest5  (cost=29.71..3514.97 rows=905 width=4)
	        Recheck Cond: ((id >= 9928251) AND (id <= 9929250))
	        ->  Bitmap Index Scan on sbtest5_pkey  (cost=0.00..29.48 rows=905 width=0)
	              Index Cond: ((id >= 9928251) AND (id <= 9929250))

table 6 : explain SELECT SUM(k) FROM sbtest6 WHERE id BETWEEN 8173618 AND 8174617
	Aggregate  (cost=3959.03..3959.04 rows=1 width=8)
	  ->  Bitmap Heap Scan on sbtest6  (cost=30.91..3956.48 rows=1022 width=4)
	        Recheck Cond: ((id >= 8173618) AND (id <= 8174617))
	        ->  Bitmap Index Scan on sbtest6_pkey  (cost=0.00..30.65 rows=1022 width=0)
	              Index Cond: ((id >= 8173618) AND (id <= 8174617))

table 7 : explain SELECT SUM(k) FROM sbtest7 WHERE id BETWEEN 477884 AND 478883
	Aggregate  (cost=3975.92..3975.93 rows=1 width=8)
	  ->  Bitmap Heap Scan on sbtest7  (cost=30.96..3973.35 rows=1027 width=4)
	        Recheck Cond: ((id >= 477884) AND (id <= 478883))
	        ->  Bitmap Index Scan on sbtest7_pkey  (cost=0.00..30.70 rows=1027 width=0)
	              Index Cond: ((id >= 477884) AND (id <= 478883))

table 8 : explain SELECT SUM(k) FROM sbtest8 WHERE id BETWEEN 3553299 AND 3554298
	Aggregate  (cost=3551.32..3551.33 rows=1 width=8)
	  ->  Bitmap Heap Scan on sbtest8  (cost=29.80..3549.04 rows=914 width=4)
	        Recheck Cond: ((id >= 3553299) AND (id <= 3554298))
	        ->  Bitmap Index Scan on sbtest8_pkey  (cost=0.00..29.57 rows=914 width=0)
	              Index Cond: ((id >= 3553299) AND (id <= 3554298))

for: order_ranges
table 1 : explain SELECT c FROM sbtest1 WHERE id BETWEEN 2402858 AND 2403857 ORDER BY c
	Sort  (cost=3848.47..3850.92 rows=980 width=121)
	  Sort Key: c
	  ->  Bitmap Heap Scan on sbtest1  (cost=30.48..3799.78 rows=980 width=121)
	        Recheck Cond: ((id >= 2402858) AND (id <= 2403857))
	        ->  Bitmap Index Scan on sbtest1_pkey  (cost=0.00..30.23 rows=980 width=0)
	              Index Cond: ((id >= 2402858) AND (id <= 2403857))

table 2 : explain SELECT c FROM sbtest2 WHERE id BETWEEN 9642229 AND 9643228 ORDER BY c
	Sort  (cost=3942.76..3945.28 rows=1005 width=121)
	  Sort Key: c
	  ->  Bitmap Heap Scan on sbtest2  (cost=30.74..3892.65 rows=1005 width=121)
	        Recheck Cond: ((id >= 9642229) AND (id <= 9643228))
	        ->  Bitmap Index Scan on sbtest2_pkey  (cost=0.00..30.48 rows=1005 width=0)
	              Index Cond: ((id >= 9642229) AND (id <= 9643228))

table 3 : explain SELECT c FROM sbtest3 WHERE id BETWEEN 6263723 AND 6264722 ORDER BY c
	Sort  (cost=3515.54..3517.77 rows=894 width=121)
	  Sort Key: c
	  ->  Bitmap Heap Scan on sbtest3  (cost=29.60..3471.71 rows=894 width=121)
	        Recheck Cond: ((id >= 6263723) AND (id <= 6264722))
	        ->  Bitmap Index Scan on sbtest3_pkey  (cost=0.00..29.37 rows=894 width=0)
	              Index Cond: ((id >= 6263723) AND (id <= 6264722))

table 4 : explain SELECT c FROM sbtest4 WHERE id BETWEEN 7997320 AND 7998319 ORDER BY c
	Sort  (cost=3958.02..3960.55 rows=1009 width=121)
	  Sort Key: c
	  ->  Bitmap Heap Scan on sbtest4  (cost=30.78..3907.68 rows=1009 width=121)
	        Recheck Cond: ((id >= 7997320) AND (id <= 7998319))
	        ->  Bitmap Index Scan on sbtest4_pkey  (cost=0.00..30.52 rows=1009 width=0)
	              Index Cond: ((id >= 7997320) AND (id <= 7998319))

table 5 : explain SELECT c FROM sbtest5 WHERE id BETWEEN 459027 AND 460026 ORDER BY c
	Sort  (cost=4188.06..4190.73 rows=1068 width=121)
	  Sort Key: c
	  ->  Bitmap Heap Scan on sbtest5  (cost=35.38..4134.34 rows=1068 width=121)
	        Recheck Cond: ((id >= 459027) AND (id <= 460026))
	        ->  Bitmap Index Scan on sbtest5_pkey  (cost=0.00..35.12 rows=1068 width=0)
	              Index Cond: ((id >= 459027) AND (id <= 460026))

table 6 : explain SELECT c FROM sbtest6 WHERE id BETWEEN 737499 AND 738498 ORDER BY c
	Sort  (cost=4305.91..4308.65 rows=1099 width=121)
	  Sort Key: c
	  ->  Bitmap Heap Scan on sbtest6  (cost=35.70..4250.40 rows=1099 width=121)
	        Recheck Cond: ((id >= 737499) AND (id <= 738498))
	        ->  Bitmap Index Scan on sbtest6_pkey  (cost=0.00..35.43 rows=1099 width=0)
	              Index Cond: ((id >= 737499) AND (id <= 738498))

table 7 : explain SELECT c FROM sbtest7 WHERE id BETWEEN 1582480 AND 1583479 ORDER BY c
	Sort  (cost=4238.84..4241.55 rows=1082 width=121)
	  Sort Key: c
	  ->  Bitmap Heap Scan on sbtest7  (cost=35.53..4184.31 rows=1082 width=121)
	        Recheck Cond: ((id >= 1582480) AND (id <= 1583479))
	        ->  Bitmap Index Scan on sbtest7_pkey  (cost=0.00..35.26 rows=1082 width=0)
	              Index Cond: ((id >= 1582480) AND (id <= 1583479))

table 8 : explain SELECT c FROM sbtest8 WHERE id BETWEEN 445092 AND 446091 ORDER BY c
	Sort  (cost=4165.13..4167.78 rows=1062 width=121)
	  Sort Key: c
	  ->  Bitmap Heap Scan on sbtest8  (cost=35.32..4111.75 rows=1062 width=121)
	        Recheck Cond: ((id >= 445092) AND (id <= 446091))
	        ->  Bitmap Index Scan on sbtest8_pkey  (cost=0.00..35.06 rows=1062 width=0)
	              Index Cond: ((id >= 445092) AND (id <= 446091))

explain: for point_selects :: explain SELECT c FROM sbtest%u WHERE id=%u
for: distinct_ranges
table 1 : explain SELECT DISTINCT c FROM sbtest1 WHERE id BETWEEN 4685534 AND 4686533 ORDER BY c
	Unique  (cost=3948.13..3953.16 rows=1006 width=121)
	  ->  Sort  (cost=3948.13..3950.65 rows=1006 width=121)
	        Sort Key: c
	        ->  Bitmap Heap Scan on sbtest1  (cost=30.75..3897.96 rows=1006 width=121)
	              Recheck Cond: ((id >= 4685534) AND (id <= 4686533))
	              ->  Bitmap Index Scan on sbtest1_pkey  (cost=0.00..30.50 rows=1006 width=0)
	                    Index Cond: ((id >= 4685534) AND (id <= 4686533))

table 2 : explain SELECT DISTINCT c FROM sbtest2 WHERE id BETWEEN 4719681 AND 4720680 ORDER BY c
	Unique  (cost=3682.07..3686.76 rows=937 width=121)
	  ->  Sort  (cost=3682.07..3684.42 rows=937 width=121)
	        Sort Key: c
	        ->  Bitmap Heap Scan on sbtest2  (cost=30.04..3635.82 rows=937 width=121)
	              Recheck Cond: ((id >= 4719681) AND (id <= 4720680))
	              ->  Bitmap Index Scan on sbtest2_pkey  (cost=0.00..29.80 rows=937 width=0)
	                    Index Cond: ((id >= 4719681) AND (id <= 4720680))

table 3 : explain SELECT DISTINCT c FROM sbtest3 WHERE id BETWEEN 9566637 AND 9567636 ORDER BY c
	Unique  (cost=3960.23..3965.28 rows=1010 width=121)
	  ->  Sort  (cost=3960.23..3962.76 rows=1010 width=121)
	        Sort Key: c
	        ->  Bitmap Heap Scan on sbtest3  (cost=30.79..3909.83 rows=1010 width=121)
	              Recheck Cond: ((id >= 9566637) AND (id <= 9567636))
	              ->  Bitmap Index Scan on sbtest3_pkey  (cost=0.00..30.54 rows=1010 width=0)
	                    Index Cond: ((id >= 9566637) AND (id <= 9567636))

table 4 : explain SELECT DISTINCT c FROM sbtest4 WHERE id BETWEEN 3454601 AND 3455600 ORDER BY c
	Unique  (cost=3639.80..3644.43 rows=926 width=121)
	  ->  Sort  (cost=3639.80..3642.11 rows=926 width=121)
	        Sort Key: c
	        ->  Bitmap Heap Scan on sbtest4  (cost=29.93..3594.17 rows=926 width=121)
	              Recheck Cond: ((id >= 3454601) AND (id <= 3455600))
	              ->  Bitmap Index Scan on sbtest4_pkey  (cost=0.00..29.69 rows=926 width=0)
	                    Index Cond: ((id >= 3454601) AND (id <= 3455600))

table 5 : explain SELECT DISTINCT c FROM sbtest5 WHERE id BETWEEN 7739404 AND 7740403 ORDER BY c
	Unique  (cost=3943.01..3948.03 rows=1005 width=121)
	  ->  Sort  (cost=3943.01..3945.52 rows=1005 width=121)
	        Sort Key: c
	        ->  Bitmap Heap Scan on sbtest5  (cost=30.74..3892.89 rows=1005 width=121)
	              Recheck Cond: ((id >= 7739404) AND (id <= 7740403))
	              ->  Bitmap Index Scan on sbtest5_pkey  (cost=0.00..30.48 rows=1005 width=0)
	                    Index Cond: ((id >= 7739404) AND (id <= 7740403))

table 6 : explain SELECT DISTINCT c FROM sbtest6 WHERE id BETWEEN 7345399 AND 7346398 ORDER BY c
	Unique  (cost=3704.84..3709.56 rows=943 width=121)
	  ->  Sort  (cost=3704.84..3707.20 rows=943 width=121)
	        Sort Key: c
	        ->  Bitmap Heap Scan on sbtest6  (cost=30.10..3658.25 rows=943 width=121)
	              Recheck Cond: ((id >= 7345399) AND (id <= 7346398))
	              ->  Bitmap Index Scan on sbtest6_pkey  (cost=0.00..29.86 rows=943 width=0)
	                    Index Cond: ((id >= 7345399) AND (id <= 7346398))

table 7 : explain SELECT DISTINCT c FROM sbtest7 WHERE id BETWEEN 3077644 AND 3078643 ORDER BY c
	Unique  (cost=3825.73..3830.60 rows=975 width=121)
	  ->  Sort  (cost=3825.73..3828.16 rows=975 width=121)
	        Sort Key: c
	        ->  Bitmap Heap Scan on sbtest7  (cost=30.43..3777.32 rows=975 width=121)
	              Recheck Cond: ((id >= 3077644) AND (id <= 3078643))
	              ->  Bitmap Index Scan on sbtest7_pkey  (cost=0.00..30.18 rows=975 width=0)
	                    Index Cond: ((id >= 3077644) AND (id <= 3078643))

table 8 : explain SELECT DISTINCT c FROM sbtest8 WHERE id BETWEEN 8494524 AND 8495523 ORDER BY c
	Unique  (cost=3870.22..3875.15 rows=986 width=121)
	  ->  Sort  (cost=3870.22..3872.69 rows=986 width=121)
	        Sort Key: c
	        ->  Bitmap Heap Scan on sbtest8  (cost=30.54..3821.19 rows=986 width=121)
	              Recheck Cond: ((id >= 8494524) AND (id <= 8495523))
	              ->  Bitmap Index Scan on sbtest8_pkey  (cost=0.00..30.29 rows=986 width=0)
	                    Index Cond: ((id >= 8494524) AND (id <= 8495523))

explain: for point_selects :: explain SELECT c FROM sbtest%u WHERE id=%u
for: order_ranges
table 1 : explain SELECT c FROM sbtest1 WHERE id BETWEEN 2348877 AND 2349876 ORDER BY c
	Sort  (cost=4384.39..4387.18 rows=1119 width=121)
	  Sort Key: c
	  ->  Bitmap Heap Scan on sbtest1  (cost=35.90..4327.72 rows=1119 width=121)
	        Recheck Cond: ((id >= 2348877) AND (id <= 2349876))
	        ->  Bitmap Index Scan on sbtest1_pkey  (cost=0.00..35.62 rows=1119 width=0)
	              Index Cond: ((id >= 2348877) AND (id <= 2349876))

table 2 : explain SELECT c FROM sbtest2 WHERE id BETWEEN 4162031 AND 4163030 ORDER BY c
	Sort  (cost=3655.21..3657.53 rows=930 width=121)
	  Sort Key: c
	  ->  Bitmap Heap Scan on sbtest2  (cost=29.97..3609.35 rows=930 width=121)
	        Recheck Cond: ((id >= 4162031) AND (id <= 4163030))
	        ->  Bitmap Index Scan on sbtest2_pkey  (cost=0.00..29.73 rows=930 width=0)
	              Index Cond: ((id >= 4162031) AND (id <= 4163030))

table 3 : explain SELECT c FROM sbtest3 WHERE id BETWEEN 1167226 AND 1168225 ORDER BY c
	Sort  (cost=3937.27..3939.78 rows=1004 width=121)
	  Sort Key: c
	  ->  Bitmap Heap Scan on sbtest3  (cost=30.73..3887.21 rows=1004 width=121)
	        Recheck Cond: ((id >= 1167226) AND (id <= 1168225))
	        ->  Bitmap Index Scan on sbtest3_pkey  (cost=0.00..30.47 rows=1004 width=0)
	              Index Cond: ((id >= 1167226) AND (id <= 1168225))

table 4 : explain SELECT c FROM sbtest4 WHERE id BETWEEN 4330278 AND 4331277 ORDER BY c
	Sort  (cost=4160.80..4163.45 rows=1062 width=121)
	  Sort Key: c
	  ->  Bitmap Heap Scan on sbtest4  (cost=31.32..4107.42 rows=1062 width=121)
	        Recheck Cond: ((id >= 4330278) AND (id <= 4331277))
	        ->  Bitmap Index Scan on sbtest4_pkey  (cost=0.00..31.05 rows=1062 width=0)
	              Index Cond: ((id >= 4330278) AND (id <= 4331277))

table 5 : explain SELECT c FROM sbtest5 WHERE id BETWEEN 5455523 AND 5456522 ORDER BY c
	Sort  (cost=3969.81..3972.34 rows=1012 width=121)
	  Sort Key: c
	  ->  Bitmap Heap Scan on sbtest5  (cost=30.81..3919.30 rows=1012 width=121)
	        Recheck Cond: ((id >= 5455523) AND (id <= 5456522))
	        ->  Bitmap Index Scan on sbtest5_pkey  (cost=0.00..30.55 rows=1012 width=0)
	              Index Cond: ((id >= 5455523) AND (id <= 5456522))

table 6 : explain SELECT c FROM sbtest6 WHERE id BETWEEN 5524667 AND 5525666 ORDER BY c
	Sort  (cost=3497.48..3499.71 rows=889 width=121)
	  Sort Key: c
	  ->  Bitmap Heap Scan on sbtest6  (cost=29.55..3453.94 rows=889 width=121)
	        Recheck Cond: ((id >= 5524667) AND (id <= 5525666))
	        ->  Bitmap Index Scan on sbtest6_pkey  (cost=0.00..29.32 rows=889 width=0)
	              Index Cond: ((id >= 5524667) AND (id <= 5525666))

table 7 : explain SELECT c FROM sbtest7 WHERE id BETWEEN 3096001 AND 3097000 ORDER BY c
	Sort  (cost=3825.73..3828.16 rows=975 width=121)
	  Sort Key: c
	  ->  Bitmap Heap Scan on sbtest7  (cost=30.43..3777.32 rows=975 width=121)
	        Recheck Cond: ((id >= 3096001) AND (id <= 3097000))
	        ->  Bitmap Index Scan on sbtest7_pkey  (cost=0.00..30.18 rows=975 width=0)
	              Index Cond: ((id >= 3096001) AND (id <= 3097000))

table 8 : explain SELECT c FROM sbtest8 WHERE id BETWEEN 849973 AND 850972 ORDER BY c
	Sort  (cost=4134.54..4137.17 rows=1054 width=121)
	  Sort Key: c
	  ->  Bitmap Heap Scan on sbtest8  (cost=35.24..4081.62 rows=1054 width=121)
	        Recheck Cond: ((id >= 849973) AND (id <= 850972))
	        ->  Bitmap Index Scan on sbtest8_pkey  (cost=0.00..34.98 rows=1054 width=0)
	              Index Cond: ((id >= 849973) AND (id <= 850972))

for: sum_ranges
table 1 : explain SELECT SUM(k) FROM sbtest1 WHERE id BETWEEN 3570965 AND 3571964
	Aggregate  (cost=4296.64..4296.65 rows=1 width=8)
	  ->  Bitmap Heap Scan on sbtest1  (cost=35.81..4293.87 rows=1110 width=4)
	        Recheck Cond: ((id >= 3570965) AND (id <= 3571964))
	        ->  Bitmap Index Scan on sbtest1_pkey  (cost=0.00..35.54 rows=1110 width=0)
	              Index Cond: ((id >= 3570965) AND (id <= 3571964))

table 2 : explain SELECT SUM(k) FROM sbtest2 WHERE id BETWEEN 9515538 AND 9516537
	Aggregate  (cost=3819.64..3819.65 rows=1 width=8)
	  ->  Bitmap Heap Scan on sbtest2  (cost=30.53..3817.17 rows=985 width=4)
	        Recheck Cond: ((id >= 9515538) AND (id <= 9516537))
	        ->  Bitmap Index Scan on sbtest2_pkey  (cost=0.00..30.29 rows=985 width=0)
	              Index Cond: ((id >= 9515538) AND (id <= 9516537))

table 3 : explain SELECT SUM(k) FROM sbtest3 WHERE id BETWEEN 8313220 AND 8314219
	Aggregate  (cost=3946.30..3946.31 rows=1 width=8)
	  ->  Bitmap Heap Scan on sbtest3  (cost=30.88..3943.75 rows=1019 width=4)
	        Recheck Cond: ((id >= 8313220) AND (id <= 8314219))
	        ->  Bitmap Index Scan on sbtest3_pkey  (cost=0.00..30.62 rows=1019 width=0)
	              Index Cond: ((id >= 8313220) AND (id <= 8314219))

table 4 : explain SELECT SUM(k) FROM sbtest4 WHERE id BETWEEN 280355 AND 281354
	Aggregate  (cost=4008.30..4008.31 rows=1 width=8)
	  ->  Bitmap Heap Scan on sbtest4  (cost=31.04..4005.71 rows=1035 width=4)
	        Recheck Cond: ((id >= 280355) AND (id <= 281354))
	        ->  Bitmap Index Scan on sbtest4_pkey  (cost=0.00..30.79 rows=1035 width=0)
	              Index Cond: ((id >= 280355) AND (id <= 281354))

table 5 : explain SELECT SUM(k) FROM sbtest5 WHERE id BETWEEN 4453825 AND 4454824
	Aggregate  (cost=4035.01..4035.02 rows=1 width=8)
	  ->  Bitmap Heap Scan on sbtest5  (cost=31.12..4032.40 rows=1042 width=4)
	        Recheck Cond: ((id >= 4453825) AND (id <= 4454824))
	        ->  Bitmap Index Scan on sbtest5_pkey  (cost=0.00..30.86 rows=1042 width=0)
	              Index Cond: ((id >= 4453825) AND (id <= 4454824))

table 6 : explain SELECT SUM(k) FROM sbtest6 WHERE id BETWEEN 2463884 AND 2464883
	Aggregate  (cost=3478.90..3478.91 rows=1 width=8)
	  ->  Bitmap Heap Scan on sbtest6  (cost=29.61..3476.66 rows=895 width=4)
	        Recheck Cond: ((id >= 2463884) AND (id <= 2464883))
	        ->  Bitmap Index Scan on sbtest6_pkey  (cost=0.00..29.39 rows=895 width=0)
	              Index Cond: ((id >= 2463884) AND (id <= 2464883))

table 7 : explain SELECT SUM(k) FROM sbtest7 WHERE id BETWEEN 3648079 AND 3649078
	Aggregate  (cost=4130.57..4130.58 rows=1 width=8)
	  ->  Bitmap Heap Scan on sbtest7  (cost=35.37..4127.91 rows=1067 width=4)
	        Recheck Cond: ((id >= 3648079) AND (id <= 3649078))
	        ->  Bitmap Index Scan on sbtest7_pkey  (cost=0.00..35.11 rows=1067 width=0)
	              Index Cond: ((id >= 3648079) AND (id <= 3649078))

table 8 : explain SELECT SUM(k) FROM sbtest8 WHERE id BETWEEN 6070102 AND 6071101
	Aggregate  (cost=3551.32..3551.33 rows=1 width=8)
	  ->  Bitmap Heap Scan on sbtest8  (cost=29.80..3549.04 rows=914 width=4)
	        Recheck Cond: ((id >= 6070102) AND (id <= 6071101))
	        ->  Bitmap Index Scan on sbtest8_pkey  (cost=0.00..29.57 rows=914 width=0)
	              Index Cond: ((id >= 6070102) AND (id <= 6071101))

for: simple_ranges
table 1 : explain SELECT c FROM sbtest1 WHERE id BETWEEN 2740819 AND 2741818
	Bitmap Heap Scan on sbtest1  (cost=30.77..3905.51 rows=1008 width=121)
	  Recheck Cond: ((id >= 2740819) AND (id <= 2741818))
	  ->  Bitmap Index Scan on sbtest1_pkey  (cost=0.00..30.51 rows=1008 width=0)
	        Index Cond: ((id >= 2740819) AND (id <= 2741818))

table 2 : explain SELECT c FROM sbtest2 WHERE id BETWEEN 9812547 AND 9813546
	Bitmap Heap Scan on sbtest2  (cost=30.22..3703.87 rows=955 width=121)
	  Recheck Cond: ((id >= 9812547) AND (id <= 9813546))
	  ->  Bitmap Index Scan on sbtest2_pkey  (cost=0.00..29.98 rows=955 width=0)
	        Index Cond: ((id >= 9812547) AND (id <= 9813546))

table 3 : explain SELECT c FROM sbtest3 WHERE id BETWEEN 1801046 AND 1802045
	Bitmap Heap Scan on sbtest3  (cost=35.88..4316.45 rows=1117 width=121)
	  Recheck Cond: ((id >= 1801046) AND (id <= 1802045))
	  ->  Bitmap Index Scan on sbtest3_pkey  (cost=0.00..35.61 rows=1117 width=0)
	        Index Cond: ((id >= 1801046) AND (id <= 1802045))

table 4 : explain SELECT c FROM sbtest4 WHERE id BETWEEN 4522216 AND 4523215
	Bitmap Heap Scan on sbtest4  (cost=29.72..3518.49 rows=906 width=121)
	  Recheck Cond: ((id >= 4522216) AND (id <= 4523215))
	  ->  Bitmap Index Scan on sbtest4_pkey  (cost=0.00..29.50 rows=906 width=0)
	        Index Cond: ((id >= 4522216) AND (id <= 4523215))

table 5 : explain SELECT c FROM sbtest5 WHERE id BETWEEN 7861606 AND 7862605
	Bitmap Heap Scan on sbtest5  (cost=30.86..3938.16 rows=1017 width=121)
	  Recheck Cond: ((id >= 7861606) AND (id <= 7862605))
	  ->  Bitmap Index Scan on sbtest5_pkey  (cost=0.00..30.61 rows=1017 width=0)
	        Index Cond: ((id >= 7861606) AND (id <= 7862605))

table 6 : explain SELECT c FROM sbtest6 WHERE id BETWEEN 7873012 AND 7874011
	Bitmap Heap Scan on sbtest6  (cost=30.91..3956.48 rows=1022 width=121)
	  Recheck Cond: ((id >= 7873012) AND (id <= 7874011))
	  ->  Bitmap Index Scan on sbtest6_pkey  (cost=0.00..30.65 rows=1022 width=0)
	        Index Cond: ((id >= 7873012) AND (id <= 7874011))

table 7 : explain SELECT c FROM sbtest7 WHERE id BETWEEN 8994257 AND 8995256
	Bitmap Heap Scan on sbtest7  (cost=35.13..4037.60 rows=1043 width=121)
	  Recheck Cond: ((id >= 8994257) AND (id <= 8995256))
	  ->  Bitmap Index Scan on sbtest7_pkey  (cost=0.00..34.87 rows=1043 width=0)
	        Index Cond: ((id >= 8994257) AND (id <= 8995256))

table 8 : explain SELECT c FROM sbtest8 WHERE id BETWEEN 5485661 AND 5486660
	Bitmap Heap Scan on sbtest8  (cost=35.11..4032.64 rows=1041 width=121)
	  Recheck Cond: ((id >= 5485661) AND (id <= 5486660))
	  ->  Bitmap Index Scan on sbtest8_pkey  (cost=0.00..34.84 rows=1041 width=0)
	        Index Cond: ((id >= 5485661) AND (id <= 5486660))

for: simple_ranges
table 1 : explain SELECT c FROM sbtest1 WHERE id BETWEEN 7325724 AND 7326723
	Bitmap Heap Scan on sbtest1  (cost=30.24..3712.85 rows=957 width=121)
	  Recheck Cond: ((id >= 7325724) AND (id <= 7326723))
	  ->  Bitmap Index Scan on sbtest1_pkey  (cost=0.00..30.00 rows=957 width=0)
	        Index Cond: ((id >= 7325724) AND (id <= 7326723))

table 2 : explain SELECT c FROM sbtest2 WHERE id BETWEEN 5309111 AND 5310110
	Bitmap Heap Scan on sbtest2  (cost=31.18..4054.75 rows=1048 width=121)
	  Recheck Cond: ((id >= 5309111) AND (id <= 5310110))
	  ->  Bitmap Index Scan on sbtest2_pkey  (cost=0.00..30.91 rows=1048 width=0)
	        Index Cond: ((id >= 5309111) AND (id <= 5310110))

table 3 : explain SELECT c FROM sbtest3 WHERE id BETWEEN 5482585 AND 5483584
	Bitmap Heap Scan on sbtest3  (cost=30.15..3675.88 rows=948 width=121)
	  Recheck Cond: ((id >= 5482585) AND (id <= 5483584))
	  ->  Bitmap Index Scan on sbtest3_pkey  (cost=0.00..29.91 rows=948 width=0)
	        Index Cond: ((id >= 5482585) AND (id <= 5483584))

table 4 : explain SELECT c FROM sbtest4 WHERE id BETWEEN 978 AND 1977
	Bitmap Heap Scan on sbtest4  (cost=31.08..4020.78 rows=1039 width=121)
	  Recheck Cond: ((id >= 978) AND (id <= 1977))
	  ->  Bitmap Index Scan on sbtest4_pkey  (cost=0.00..30.82 rows=1039 width=0)
	        Index Cond: ((id >= 978) AND (id <= 1977))

table 5 : explain SELECT c FROM sbtest5 WHERE id BETWEEN 2535834 AND 2536833
	Bitmap Heap Scan on sbtest5  (cost=30.66..3866.48 rows=998 width=121)
	  Recheck Cond: ((id >= 2535834) AND (id <= 2536833))
	  ->  Bitmap Index Scan on sbtest5_pkey  (cost=0.00..30.41 rows=998 width=0)
	        Index Cond: ((id >= 2535834) AND (id <= 2536833))

table 6 : explain SELECT c FROM sbtest6 WHERE id BETWEEN 9564803 AND 9565802
	Bitmap Heap Scan on sbtest6  (cost=35.27..4092.35 rows=1057 width=121)
	  Recheck Cond: ((id >= 9564803) AND (id <= 9565802))
	  ->  Bitmap Index Scan on sbtest6_pkey  (cost=0.00..35.01 rows=1057 width=0)
	        Index Cond: ((id >= 9564803) AND (id <= 9565802))

table 7 : explain SELECT c FROM sbtest7 WHERE id BETWEEN 4554647 AND 4555646
	Bitmap Heap Scan on sbtest7  (cost=30.94..3965.81 rows=1025 width=121)
	  Recheck Cond: ((id >= 4554647) AND (id <= 4555646))
	  ->  Bitmap Index Scan on sbtest7_pkey  (cost=0.00..30.68 rows=1025 width=0)
	        Index Cond: ((id >= 4554647) AND (id <= 4555646))

table 8 : explain SELECT c FROM sbtest8 WHERE id BETWEEN 541785 AND 542784
	Bitmap Heap Scan on sbtest8  (cost=30.14..3673.86 rows=947 width=121)
	  Recheck Cond: ((id >= 541785) AND (id <= 542784))
	  ->  Bitmap Index Scan on sbtest8_pkey  (cost=0.00..29.90 rows=947 width=0)
	        Index Cond: ((id >= 541785) AND (id <= 542784))

for point_selects
table 1 : explain SELECT c FROM sbtest1 WHERE id=5395861
	Index Scan using sbtest1_pkey on sbtest1  (cost=0.43..8.45 rows=1 width=121)
	  Index Cond: (id = 5395861)

table 2 : explain SELECT c FROM sbtest2 WHERE id=6075621
	Index Scan using sbtest2_pkey on sbtest2  (cost=0.43..8.45 rows=1 width=121)
	  Index Cond: (id = 6075621)

table 3 : explain SELECT c FROM sbtest3 WHERE id=41379
	Index Scan using sbtest3_pkey on sbtest3  (cost=0.43..8.45 rows=1 width=121)
	  Index Cond: (id = 41379)

table 4 : explain SELECT c FROM sbtest4 WHERE id=2243548
	Index Scan using sbtest4_pkey on sbtest4  (cost=0.43..8.45 rows=1 width=121)
	  Index Cond: (id = 2243548)

table 5 : explain SELECT c FROM sbtest5 WHERE id=7443490
	Index Scan using sbtest5_pkey on sbtest5  (cost=0.43..8.45 rows=1 width=121)
	  Index Cond: (id = 7443490)

table 6 : explain SELECT c FROM sbtest6 WHERE id=1351076
	Index Scan using sbtest6_pkey on sbtest6  (cost=0.43..8.45 rows=1 width=121)
	  Index Cond: (id = 1351076)

table 7 : explain SELECT c FROM sbtest7 WHERE id=7877308
	Index Scan using sbtest7_pkey on sbtest7  (cost=0.43..8.45 rows=1 width=121)
	  Index Cond: (id = 7877308)

table 8 : explain SELECT c FROM sbtest8 WHERE id=909835
	Index Scan using sbtest8_pkey on sbtest8  (cost=0.43..8.45 rows=1 width=121)
	  Index Cond: (id = 909835)

for: order_ranges
table 1 : explain SELECT c FROM sbtest1 WHERE id BETWEEN 8427867 AND 8428866 ORDER BY c
	Sort  (cost=3771.75..3774.15 rows=960 width=121)
	  Sort Key: c
	  ->  Bitmap Heap Scan on sbtest1  (cost=30.27..3724.19 rows=960 width=121)
	        Recheck Cond: ((id >= 8427867) AND (id <= 8428866))
	        ->  Bitmap Index Scan on sbtest1_pkey  (cost=0.00..30.04 rows=960 width=0)
	              Index Cond: ((id >= 8427867) AND (id <= 8428866))

table 2 : explain SELECT c FROM sbtest2 WHERE id BETWEEN 3393426 AND 3394425 ORDER BY c
	Sort  (cost=3781.82..3784.22 rows=963 width=121)
	  Sort Key: c
	  ->  Bitmap Heap Scan on sbtest2  (cost=30.31..3734.09 rows=963 width=121)
	        Recheck Cond: ((id >= 3393426) AND (id <= 3394425))
	        ->  Bitmap Index Scan on sbtest2_pkey  (cost=0.00..30.07 rows=963 width=0)
	              Index Cond: ((id >= 3393426) AND (id <= 3394425))

table 3 : explain SELECT c FROM sbtest3 WHERE id BETWEEN 6600498 AND 6601497 ORDER BY c
	Sort  (cost=3990.84..3993.39 rows=1018 width=121)
	  Sort Key: c
	  ->  Bitmap Heap Scan on sbtest3  (cost=30.87..3939.98 rows=1018 width=121)
	        Recheck Cond: ((id >= 6600498) AND (id <= 6601497))
	        ->  Bitmap Index Scan on sbtest3_pkey  (cost=0.00..30.61 rows=1018 width=0)
	              Index Cond: ((id >= 6600498) AND (id <= 6601497))

table 4 : explain SELECT c FROM sbtest4 WHERE id BETWEEN 8752371 AND 8753370 ORDER BY c
	Sort  (cost=4191.55..4194.23 rows=1069 width=121)
	  Sort Key: c
	  ->  Bitmap Heap Scan on sbtest4  (cost=35.39..4137.77 rows=1069 width=121)
	        Recheck Cond: ((id >= 8752371) AND (id <= 8753370))
	        ->  Bitmap Index Scan on sbtest4_pkey  (cost=0.00..35.12 rows=1069 width=0)
	              Index Cond: ((id >= 8752371) AND (id <= 8753370))

table 5 : explain SELECT c FROM sbtest5 WHERE id BETWEEN 3624087 AND 3625086 ORDER BY c
	Sort  (cost=3682.29..3684.64 rows=937 width=121)
	  Sort Key: c
	  ->  Bitmap Heap Scan on sbtest5  (cost=30.04..3636.04 rows=937 width=121)
	        Recheck Cond: ((id >= 3624087) AND (id <= 3625086))
	        ->  Bitmap Index Scan on sbtest5_pkey  (cost=0.00..29.80 rows=937 width=0)
	              Index Cond: ((id >= 3624087) AND (id <= 3625086))

table 6 : explain SELECT c FROM sbtest6 WHERE id BETWEEN 8019665 AND 8020664 ORDER BY c
	Sort  (cost=4057.30..4059.89 rows=1035 width=121)
	  Sort Key: c
	  ->  Bitmap Heap Scan on sbtest6  (cost=31.04..4005.47 rows=1035 width=121)
	        Recheck Cond: ((id >= 8019665) AND (id <= 8020664))
	        ->  Bitmap Index Scan on sbtest6_pkey  (cost=0.00..30.79 rows=1035 width=0)
	              Index Cond: ((id >= 8019665) AND (id <= 8020664))

table 7 : explain SELECT c FROM sbtest7 WHERE id BETWEEN 8161078 AND 8162077 ORDER BY c
	Sort  (cost=4193.03..4195.70 rows=1070 width=121)
	  Sort Key: c
	  ->  Bitmap Heap Scan on sbtest7  (cost=35.40..4139.19 rows=1070 width=121)
	        Recheck Cond: ((id >= 8161078) AND (id <= 8162077))
	        ->  Bitmap Index Scan on sbtest7_pkey  (cost=0.00..35.14 rows=1070 width=0)
	              Index Cond: ((id >= 8161078) AND (id <= 8162077))

table 8 : explain SELECT c FROM sbtest8 WHERE id BETWEEN 6038107 AND 6039106 ORDER BY c
	Sort  (cost=3593.99..3596.27 rows=914 width=121)
	  Sort Key: c
	  ->  Bitmap Heap Scan on sbtest8  (cost=29.80..3549.04 rows=914 width=121)
	        Recheck Cond: ((id >= 6038107) AND (id <= 6039106))
	        ->  Bitmap Index Scan on sbtest8_pkey  (cost=0.00..29.57 rows=914 width=0)
	              Index Cond: ((id >= 6038107) AND (id <= 6039106))

for: order_ranges
table 1 : explain SELECT c FROM sbtest1 WHERE id BETWEEN 3018572 AND 3019571 ORDER BY c
	Sort  (cost=3940.47..3942.98 rows=1004 width=121)
	  Sort Key: c
	  ->  Bitmap Heap Scan on sbtest1  (cost=30.73..3890.41 rows=1004 width=121)
	        Recheck Cond: ((id >= 3018572) AND (id <= 3019571))
	        ->  Bitmap Index Scan on sbtest1_pkey  (cost=0.00..30.47 rows=1004 width=0)
	              Index Cond: ((id >= 3018572) AND (id <= 3019571))

table 2 : explain SELECT c FROM sbtest2 WHERE id BETWEEN 4897539 AND 4898538 ORDER BY c
	Sort  (cost=4023.16..4025.73 rows=1026 width=121)
	  Sort Key: c
	  ->  Bitmap Heap Scan on sbtest2  (cost=30.95..3971.85 rows=1026 width=121)
	        Recheck Cond: ((id >= 4897539) AND (id <= 4898538))
	        ->  Bitmap Index Scan on sbtest2_pkey  (cost=0.00..30.69 rows=1026 width=0)
	              Index Cond: ((id >= 4897539) AND (id <= 4898538))

table 3 : explain SELECT c FROM sbtest3 WHERE id BETWEEN 927583 AND 928582 ORDER BY c
	Sort  (cost=3787.92..3790.33 rows=965 width=121)
	  Sort Key: c
	  ->  Bitmap Heap Scan on sbtest3  (cost=30.33..3740.08 rows=965 width=121)
	        Recheck Cond: ((id >= 927583) AND (id <= 928582))
	        ->  Bitmap Index Scan on sbtest3_pkey  (cost=0.00..30.08 rows=965 width=0)
	              Index Cond: ((id >= 927583) AND (id <= 928582))

table 4 : explain SELECT c FROM sbtest4 WHERE id BETWEEN 922629 AND 923628 ORDER BY c
	Sort  (cost=3785.60..3788.01 rows=964 width=121)
	  Sort Key: c
	  ->  Bitmap Heap Scan on sbtest4  (cost=30.32..3737.82 rows=964 width=121)
	        Recheck Cond: ((id >= 922629) AND (id <= 923628))
	        ->  Bitmap Index Scan on sbtest4_pkey  (cost=0.00..30.07 rows=964 width=0)
	              Index Cond: ((id >= 922629) AND (id <= 923628))

table 5 : explain SELECT c FROM sbtest5 WHERE id BETWEEN 7704646 AND 7705645 ORDER BY c
	Sort  (cost=3943.01..3945.52 rows=1005 width=121)
	  Sort Key: c
	  ->  Bitmap Heap Scan on sbtest5  (cost=30.74..3892.89 rows=1005 width=121)
	        Recheck Cond: ((id >= 7704646) AND (id <= 7705645))
	        ->  Bitmap Index Scan on sbtest5_pkey  (cost=0.00..30.48 rows=1005 width=0)
	              Index Cond: ((id >= 7704646) AND (id <= 7705645))

table 6 : explain SELECT c FROM sbtest6 WHERE id BETWEEN 924658 AND 925657 ORDER BY c
	Sort  (cost=4198.95..4201.63 rows=1071 width=121)
	  Sort Key: c
	  ->  Bitmap Heap Scan on sbtest6  (cost=35.41..4145.06 rows=1071 width=121)
	        Recheck Cond: ((id >= 924658) AND (id <= 925657))
	        ->  Bitmap Index Scan on sbtest6_pkey  (cost=0.00..35.15 rows=1071 width=0)
	              Index Cond: ((id >= 924658) AND (id <= 925657))

table 7 : explain SELECT c FROM sbtest7 WHERE id BETWEEN 2163306 AND 2164305 ORDER BY c
	Sort  (cost=3978.83..3981.36 rows=1015 width=121)
	  Sort Key: c
	  ->  Bitmap Heap Scan on sbtest7  (cost=30.84..3928.14 rows=1015 width=121)
	        Recheck Cond: ((id >= 2163306) AND (id <= 2164305))
	        ->  Bitmap Index Scan on sbtest7_pkey  (cost=0.00..30.58 rows=1015 width=0)
	              Index Cond: ((id >= 2163306) AND (id <= 2164305))

table 8 : explain SELECT c FROM sbtest8 WHERE id BETWEEN 1078902 AND 1079901 ORDER BY c
	Sort  (cost=3728.35..3730.72 rows=949 width=121)
	  Sort Key: c
	  ->  Bitmap Heap Scan on sbtest8  (cost=30.16..3681.42 rows=949 width=121)
	        Recheck Cond: ((id >= 1078902) AND (id <= 1079901))
	        ->  Bitmap Index Scan on sbtest8_pkey  (cost=0.00..29.93 rows=949 width=0)
	              Index Cond: ((id >= 1078902) AND (id <= 1079901))

for: simple_ranges
table 1 : explain SELECT c FROM sbtest1 WHERE id BETWEEN 5414189 AND 5415188
	Bitmap Heap Scan on sbtest1  (cost=30.75..3897.96 rows=1006 width=121)
	  Recheck Cond: ((id >= 5414189) AND (id <= 5415188))
	  ->  Bitmap Index Scan on sbtest1_pkey  (cost=0.00..30.50 rows=1006 width=0)
	        Index Cond: ((id >= 5414189) AND (id <= 5415188))

table 2 : explain SELECT c FROM sbtest2 WHERE id BETWEEN 203624 AND 204623
	Bitmap Heap Scan on sbtest2  (cost=30.44..3783.19 rows=976 width=121)
	  Recheck Cond: ((id >= 203624) AND (id <= 204623))
	  ->  Bitmap Index Scan on sbtest2_pkey  (cost=0.00..30.19 rows=976 width=0)
	        Index Cond: ((id >= 203624) AND (id <= 204623))

table 3 : explain SELECT c FROM sbtest3 WHERE id BETWEEN 8621349 AND 8622348
	Bitmap Heap Scan on sbtest3  (cost=30.72..3883.44 rows=1003 width=121)
	  Recheck Cond: ((id >= 8621349) AND (id <= 8622348))
	  ->  Bitmap Index Scan on sbtest3_pkey  (cost=0.00..30.46 rows=1003 width=0)
	        Index Cond: ((id >= 8621349) AND (id <= 8622348))

table 4 : explain SELECT c FROM sbtest4 WHERE id BETWEEN 1790447 AND 1791446
	Bitmap Heap Scan on sbtest4  (cost=30.64..3858.63 rows=996 width=121)
	  Recheck Cond: ((id >= 1790447) AND (id <= 1791446))
	  ->  Bitmap Index Scan on sbtest4_pkey  (cost=0.00..30.39 rows=996 width=0)
	        Index Cond: ((id >= 1790447) AND (id <= 1791446))

table 5 : explain SELECT c FROM sbtest5 WHERE id BETWEEN 4916085 AND 4917084
	Bitmap Heap Scan on sbtest5  (cost=29.97..3609.57 rows=930 width=121)
	  Recheck Cond: ((id >= 4916085) AND (id <= 4917084))
	  ->  Bitmap Index Scan on sbtest5_pkey  (cost=0.00..29.73 rows=930 width=0)
	        Index Cond: ((id >= 4916085) AND (id <= 4917084))

table 6 : explain SELECT c FROM sbtest6 WHERE id BETWEEN 8397479 AND 8398478
	Bitmap Heap Scan on sbtest6  (cost=31.07..4016.78 rows=1038 width=121)
	  Recheck Cond: ((id >= 8397479) AND (id <= 8398478))
	  ->  Bitmap Index Scan on sbtest6_pkey  (cost=0.00..30.82 rows=1038 width=0)
	        Index Cond: ((id >= 8397479) AND (id <= 8398478))

table 7 : explain SELECT c FROM sbtest7 WHERE id BETWEEN 3713004 AND 3714003
	Bitmap Heap Scan on sbtest7  (cost=35.37..4127.91 rows=1067 width=121)
	  Recheck Cond: ((id >= 3713004) AND (id <= 3714003))
	  ->  Bitmap Index Scan on sbtest7_pkey  (cost=0.00..35.11 rows=1067 width=0)
	        Index Cond: ((id >= 3713004) AND (id <= 3714003))

table 8 : explain SELECT c FROM sbtest8 WHERE id BETWEEN 3477291 AND 3478290
	Bitmap Heap Scan on sbtest8  (cost=30.64..3858.94 rows=996 width=121)
	  Recheck Cond: ((id >= 3477291) AND (id <= 3478290))
	  ->  Bitmap Index Scan on sbtest8_pkey  (cost=0.00..30.39 rows=996 width=0)
	        Index Cond: ((id >= 3477291) AND (id <= 3478290))

for: distinct_ranges
table 1 : explain SELECT DISTINCT c FROM sbtest1 WHERE id BETWEEN 5046145 AND 5047144 ORDER BY c
	Unique  (cost=4361.47..4367.04 rows=1113 width=121)
	  ->  Sort  (cost=4361.47..4364.25 rows=1113 width=121)
	        Sort Key: c
	        ->  Bitmap Heap Scan on sbtest1  (cost=35.84..4305.15 rows=1113 width=121)
	              Recheck Cond: ((id >= 5046145) AND (id <= 5047144))
	              ->  Bitmap Index Scan on sbtest1_pkey  (cost=0.00..35.57 rows=1113 width=0)
	                    Index Cond: ((id >= 5046145) AND (id <= 5047144))

table 2 : explain SELECT DISTINCT c FROM sbtest2 WHERE id BETWEEN 4725782 AND 4726781 ORDER BY c
	Unique  (cost=3682.07..3686.76 rows=937 width=121)
	  ->  Sort  (cost=3682.07..3684.42 rows=937 width=121)
	        Sort Key: c
	        ->  Bitmap Heap Scan on sbtest2  (cost=30.04..3635.82 rows=937 width=121)
	              Recheck Cond: ((id >= 4725782) AND (id <= 4726781))
	              ->  Bitmap Index Scan on sbtest2_pkey  (cost=0.00..29.80 rows=937 width=0)
	                    Index Cond: ((id >= 4725782) AND (id <= 4726781))

table 3 : explain SELECT DISTINCT c FROM sbtest3 WHERE id BETWEEN 5071561 AND 5072560 ORDER BY c
	Unique  (cost=4105.55..4110.79 rows=1048 width=121)
	  ->  Sort  (cost=4105.55..4108.17 rows=1048 width=121)
	        Sort Key: c
	        ->  Bitmap Heap Scan on sbtest3  (cost=31.18..4052.98 rows=1048 width=121)
	              Recheck Cond: ((id >= 5071561) AND (id <= 5072560))
	              ->  Bitmap Index Scan on sbtest3_pkey  (cost=0.00..30.91 rows=1048 width=0)
	                    Index Cond: ((id >= 5071561) AND (id <= 5072560))

table 4 : explain SELECT DISTINCT c FROM sbtest4 WHERE id BETWEEN 8772063 AND 8773062 ORDER BY c
	Unique  (cost=4191.55..4196.90 rows=1069 width=121)
	  ->  Sort  (cost=4191.55..4194.23 rows=1069 width=121)
	        Sort Key: c
	        ->  Bitmap Heap Scan on sbtest4  (cost=35.39..4137.77 rows=1069 width=121)
	              Recheck Cond: ((id >= 8772063) AND (id <= 8773062))
	              ->  Bitmap Index Scan on sbtest4_pkey  (cost=0.00..35.12 rows=1069 width=0)
	                    Index Cond: ((id >= 8772063) AND (id <= 8773062))

table 5 : explain SELECT DISTINCT c FROM sbtest5 WHERE id BETWEEN 1007090 AND 1008089 ORDER BY c
	Unique  (cost=3712.99..3717.72 rows=945 width=121)
	  ->  Sort  (cost=3712.99..3715.36 rows=945 width=121)
	        Sort Key: c
	        ->  Bitmap Heap Scan on sbtest5  (cost=30.12..3666.29 rows=945 width=121)
	              Recheck Cond: ((id >= 1007090) AND (id <= 1008089))
	              ->  Bitmap Index Scan on sbtest5_pkey  (cost=0.00..29.89 rows=945 width=0)
	                    Index Cond: ((id >= 1007090) AND (id <= 1008089))

table 6 : explain SELECT DISTINCT c FROM sbtest6 WHERE id BETWEEN 2534666 AND 2535665 ORDER BY c
	Unique  (cost=4118.50..4123.75 rows=1051 width=121)
	  ->  Sort  (cost=4118.50..4121.13 rows=1051 width=121)
	        Sort Key: c
	        ->  Bitmap Heap Scan on sbtest6  (cost=31.21..4065.75 rows=1051 width=121)
	              Recheck Cond: ((id >= 2534666) AND (id <= 2535665))
	              ->  Bitmap Index Scan on sbtest6_pkey  (cost=0.00..30.94 rows=1051 width=0)
	                    Index Cond: ((id >= 2534666) AND (id <= 2535665))

table 7 : explain SELECT DISTINCT c FROM sbtest7 WHERE id BETWEEN 9702036 AND 9703035 ORDER BY c
	Unique  (cost=3818.07..3822.93 rows=973 width=121)
	  ->  Sort  (cost=3818.07..3820.50 rows=973 width=121)
	        Sort Key: c
	        ->  Bitmap Heap Scan on sbtest7  (cost=30.41..3769.77 rows=973 width=121)
	              Recheck Cond: ((id >= 9702036) AND (id <= 9703035))
	              ->  Bitmap Index Scan on sbtest7_pkey  (cost=0.00..30.16 rows=973 width=0)
	                    Index Cond: ((id >= 9702036) AND (id <= 9703035))

table 8 : explain SELECT DISTINCT c FROM sbtest8 WHERE id BETWEEN 1561542 AND 1562541 ORDER BY c
	Unique  (cost=4134.54..4139.81 rows=1054 width=121)
	  ->  Sort  (cost=4134.54..4137.17 rows=1054 width=121)
	        Sort Key: c
	        ->  Bitmap Heap Scan on sbtest8  (cost=35.24..4081.62 rows=1054 width=121)
	              Recheck Cond: ((id >= 1561542) AND (id <= 1562541))
	              ->  Bitmap Index Scan on sbtest8_pkey  (cost=0.00..34.98 rows=1054 width=0)
	                    Index Cond: ((id >= 1561542) AND (id <= 1562541))

for: distinct_ranges
table 1 : explain SELECT DISTINCT c FROM sbtest1 WHERE id BETWEEN 2684649 AND 2685648 ORDER BY c
	Unique  (cost=3955.80..3960.84 rows=1008 width=121)
	  ->  Sort  (cost=3955.80..3958.32 rows=1008 width=121)
	        Sort Key: c
	        ->  Bitmap Heap Scan on sbtest1  (cost=30.77..3905.51 rows=1008 width=121)
	              Recheck Cond: ((id >= 2684649) AND (id <= 2685648))
	              ->  Bitmap Index Scan on sbtest1_pkey  (cost=0.00..30.51 rows=1008 width=0)
	                    Index Cond: ((id >= 2684649) AND (id <= 2685648))

table 2 : explain SELECT DISTINCT c FROM sbtest2 WHERE id BETWEEN 3845433 AND 3846432 ORDER BY c
	Unique  (cost=4088.20..4093.42 rows=1043 width=121)
	  ->  Sort  (cost=4088.20..4090.81 rows=1043 width=121)
	        Sort Key: c
	        ->  Bitmap Heap Scan on sbtest2  (cost=31.13..4035.92 rows=1043 width=121)
	              Recheck Cond: ((id >= 3845433) AND (id <= 3846432))
	              ->  Bitmap Index Scan on sbtest2_pkey  (cost=0.00..30.86 rows=1043 width=0)
	                    Index Cond: ((id >= 3845433) AND (id <= 3846432))

table 3 : explain SELECT DISTINCT c FROM sbtest3 WHERE id BETWEEN 9990824 AND 9991823 ORDER BY c
	Unique  (cost=4052.03..4057.20 rows=1034 width=121)
	  ->  Sort  (cost=4052.03..4054.62 rows=1034 width=121)
	        Sort Key: c
	        ->  Bitmap Heap Scan on sbtest3  (cost=31.03..4000.26 rows=1034 width=121)
	              Recheck Cond: ((id >= 9990824) AND (id <= 9991823))
	              ->  Bitmap Index Scan on sbtest3_pkey  (cost=0.00..30.77 rows=1034 width=0)
	                    Index Cond: ((id >= 9990824) AND (id <= 9991823))

table 4 : explain SELECT DISTINCT c FROM sbtest4 WHERE id BETWEEN 3411379 AND 3412378 ORDER BY c
	Unique  (cost=3639.80..3644.43 rows=926 width=121)
	  ->  Sort  (cost=3639.80..3642.11 rows=926 width=121)
	        Sort Key: c
	        ->  Bitmap Heap Scan on sbtest4  (cost=29.93..3594.17 rows=926 width=121)
	              Recheck Cond: ((id >= 3411379) AND (id <= 3412378))
	              ->  Bitmap Index Scan on sbtest4_pkey  (cost=0.00..29.69 rows=926 width=0)
	                    Index Cond: ((id >= 3411379) AND (id <= 3412378))

table 5 : explain SELECT DISTINCT c FROM sbtest5 WHERE id BETWEEN 3174934 AND 3175933 ORDER BY c
	Unique  (cost=3854.89..3859.80 rows=982 width=121)
	  ->  Sort  (cost=3854.89..3857.34 rows=982 width=121)
	        Sort Key: c
	        ->  Bitmap Heap Scan on sbtest5  (cost=30.50..3806.08 rows=982 width=121)
	              Recheck Cond: ((id >= 3174934) AND (id <= 3175933))
	              ->  Bitmap Index Scan on sbtest5_pkey  (cost=0.00..30.25 rows=982 width=0)
	                    Index Cond: ((id >= 3174934) AND (id <= 3175933))

table 6 : explain SELECT DISTINCT c FROM sbtest6 WHERE id BETWEEN 1854871 AND 1855870 ORDER BY c
	Unique  (cost=4160.73..4166.04 rows=1061 width=121)
	  ->  Sort  (cost=4160.73..4163.38 rows=1061 width=121)
	        Sort Key: c
	        ->  Bitmap Heap Scan on sbtest6  (cost=35.31..4107.41 rows=1061 width=121)
	              Recheck Cond: ((id >= 1854871) AND (id <= 1855870))
	              ->  Bitmap Index Scan on sbtest6_pkey  (cost=0.00..35.05 rows=1061 width=0)
	                    Index Cond: ((id >= 1854871) AND (id <= 1855870))

table 7 : explain SELECT DISTINCT c FROM sbtest7 WHERE id BETWEEN 2393342 AND 2394341 ORDER BY c
	Unique  (cost=3349.85..3354.11 rows=851 width=121)
	  ->  Sort  (cost=3349.85..3351.98 rows=851 width=121)
	        Sort Key: c
	        ->  Bitmap Heap Scan on sbtest7  (cost=29.16..3308.44 rows=851 width=121)
	              Recheck Cond: ((id >= 2393342) AND (id <= 2394341))
	              ->  Bitmap Index Scan on sbtest7_pkey  (cost=0.00..28.94 rows=851 width=0)
	                    Index Cond: ((id >= 2393342) AND (id <= 2394341))

table 8 : explain SELECT DISTINCT c FROM sbtest8 WHERE id BETWEEN 3755863 AND 3756862 ORDER BY c
	Unique  (cost=4103.94..4109.17 rows=1046 width=121)
	  ->  Sort  (cost=4103.94..4106.56 rows=1046 width=121)
	        Sort Key: c
	        ->  Bitmap Heap Scan on sbtest8  (cost=35.16..4051.48 rows=1046 width=121)
	              Recheck Cond: ((id >= 3755863) AND (id <= 3756862))
	              ->  Bitmap Index Scan on sbtest8_pkey  (cost=0.00..34.90 rows=1046 width=0)
	                    Index Cond: ((id >= 3755863) AND (id <= 3756862))

for point_selects
table 1 : explain SELECT c FROM sbtest1 WHERE id=7297949
	Index Scan using sbtest1_pkey on sbtest1  (cost=0.43..8.45 rows=1 width=121)
	  Index Cond: (id = 7297949)

table 2 : explain SELECT c FROM sbtest2 WHERE id=5260190
	Index Scan using sbtest2_pkey on sbtest2  (cost=0.43..8.45 rows=1 width=121)
	  Index Cond: (id = 5260190)

table 3 : explain SELECT c FROM sbtest3 WHERE id=3016121
	Index Scan using sbtest3_pkey on sbtest3  (cost=0.43..8.45 rows=1 width=121)
	  Index Cond: (id = 3016121)

table 4 : explain SELECT c FROM sbtest4 WHERE id=2392293
	Index Scan using sbtest4_pkey on sbtest4  (cost=0.43..8.45 rows=1 width=121)
	  Index Cond: (id = 2392293)

table 5 : explain SELECT c FROM sbtest5 WHERE id=6754328
	Index Scan using sbtest5_pkey on sbtest5  (cost=0.43..8.45 rows=1 width=121)
	  Index Cond: (id = 6754328)

table 6 : explain SELECT c FROM sbtest6 WHERE id=6779508
	Index Scan using sbtest6_pkey on sbtest6  (cost=0.43..8.45 rows=1 width=121)
	  Index Cond: (id = 6779508)

table 7 : explain SELECT c FROM sbtest7 WHERE id=9633694
	Index Scan using sbtest7_pkey on sbtest7  (cost=0.43..8.45 rows=1 width=121)
	  Index Cond: (id = 9633694)

table 8 : explain SELECT c FROM sbtest8 WHERE id=5063105
	Index Scan using sbtest8_pkey on sbtest8  (cost=0.43..8.45 rows=1 width=121)
	  Index Cond: (id = 5063105)

for: simple_ranges
table 1 : explain SELECT c FROM sbtest1 WHERE id BETWEEN 6060663 AND 6061662
	Bitmap Heap Scan on sbtest1  (cost=30.51..3811.11 rows=983 width=121)
	  Recheck Cond: ((id >= 6060663) AND (id <= 6061662))
	  ->  Bitmap Index Scan on sbtest1_pkey  (cost=0.00..30.26 rows=983 width=0)
	        Index Cond: ((id >= 6060663) AND (id <= 6061662))

table 2 : explain SELECT c FROM sbtest2 WHERE id BETWEEN 1742270 AND 1743269
	Bitmap Heap Scan on sbtest2  (cost=35.69..4246.96 rows=1098 width=121)
	  Recheck Cond: ((id >= 1742270) AND (id <= 1743269))
	  ->  Bitmap Index Scan on sbtest2_pkey  (cost=0.00..35.42 rows=1098 width=0)
	        Index Cond: ((id >= 1742270) AND (id <= 1743269))

table 3 : explain SELECT c FROM sbtest3 WHERE id BETWEEN 1554030 AND 1555029
	Bitmap Heap Scan on sbtest3  (cost=30.76..3898.52 rows=1007 width=121)
	  Recheck Cond: ((id >= 1554030) AND (id <= 1555029))
	  ->  Bitmap Index Scan on sbtest3_pkey  (cost=0.00..30.50 rows=1007 width=0)
	        Index Cond: ((id >= 1554030) AND (id <= 1555029))

table 4 : explain SELECT c FROM sbtest4 WHERE id BETWEEN 7835867 AND 7836866
	Bitmap Heap Scan on sbtest4  (cost=30.83..3926.54 rows=1014 width=121)
	  Recheck Cond: ((id >= 7835867) AND (id <= 7836866))
	  ->  Bitmap Index Scan on sbtest4_pkey  (cost=0.00..30.57 rows=1014 width=0)
	        Index Cond: ((id >= 7835867) AND (id <= 7836866))

table 5 : explain SELECT c FROM sbtest5 WHERE id BETWEEN 9301461 AND 9302460
	Bitmap Heap Scan on sbtest5  (cost=29.89..3579.30 rows=922 width=121)
	  Recheck Cond: ((id >= 9301461) AND (id <= 9302460))
	  ->  Bitmap Index Scan on sbtest5_pkey  (cost=0.00..29.65 rows=922 width=0)
	        Index Cond: ((id >= 9301461) AND (id <= 9302460))

table 6 : explain SELECT c FROM sbtest6 WHERE id BETWEEN 1889010 AND 1890009
	Bitmap Heap Scan on sbtest6  (cost=30.03..3631.79 rows=936 width=121)
	  Recheck Cond: ((id >= 1889010) AND (id <= 1890009))
	  ->  Bitmap Index Scan on sbtest6_pkey  (cost=0.00..29.79 rows=936 width=0)
	        Index Cond: ((id >= 1889010) AND (id <= 1890009))

table 7 : explain SELECT c FROM sbtest7 WHERE id BETWEEN 3611651 AND 3612650
	Bitmap Heap Scan on sbtest7  (cost=30.48..3796.18 rows=980 width=121)
	  Recheck Cond: ((id >= 3611651) AND (id <= 3612650))
	  ->  Bitmap Index Scan on sbtest7_pkey  (cost=0.00..30.23 rows=980 width=0)
	        Index Cond: ((id >= 3611651) AND (id <= 3612650))

table 8 : explain SELECT c FROM sbtest8 WHERE id BETWEEN 3324754 AND 3325753
	Bitmap Heap Scan on sbtest8  (cost=30.80..3915.53 rows=1011 width=121)
	  Recheck Cond: ((id >= 3324754) AND (id <= 3325753))
	  ->  Bitmap Index Scan on sbtest8_pkey  (cost=0.00..30.54 rows=1011 width=0)
	        Index Cond: ((id >= 3324754) AND (id <= 3325753))

for: order_ranges
table 1 : explain SELECT c FROM sbtest1 WHERE id BETWEEN 3037146 AND 3038145 ORDER BY c
	Sort  (cost=3940.47..3942.98 rows=1004 width=121)
	  Sort Key: c
	  ->  Bitmap Heap Scan on sbtest1  (cost=30.73..3890.41 rows=1004 width=121)
	        Recheck Cond: ((id >= 3037146) AND (id <= 3038145))
	        ->  Bitmap Index Scan on sbtest1_pkey  (cost=0.00..30.47 rows=1004 width=0)
	              Index Cond: ((id >= 3037146) AND (id <= 3038145))

table 2 : explain SELECT c FROM sbtest2 WHERE id BETWEEN 872577 AND 873576 ORDER BY c
	Sort  (cost=3823.99..3826.42 rows=974 width=121)
	  Sort Key: c
	  ->  Bitmap Heap Scan on sbtest2  (cost=30.42..3775.64 rows=974 width=121)
	        Recheck Cond: ((id >= 872577) AND (id <= 873576))
	        ->  Bitmap Index Scan on sbtest2_pkey  (cost=0.00..30.18 rows=974 width=0)
	              Index Cond: ((id >= 872577) AND (id <= 873576))

table 3 : explain SELECT c FROM sbtest3 WHERE id BETWEEN 1385280 AND 1386279 ORDER BY c
	Sort  (cost=3784.09..3786.50 rows=964 width=121)
	  Sort Key: c
	  ->  Bitmap Heap Scan on sbtest3  (cost=30.32..3736.31 rows=964 width=121)
	        Recheck Cond: ((id >= 1385280) AND (id <= 1386279))
	        ->  Bitmap Index Scan on sbtest3_pkey  (cost=0.00..30.07 rows=964 width=0)
	              Index Cond: ((id >= 1385280) AND (id <= 1386279))

table 4 : explain SELECT c FROM sbtest4 WHERE id BETWEEN 8187303 AND 8188302 ORDER BY c
	Sort  (cost=4011.62..4014.18 rows=1023 width=121)
	  Sort Key: c
	  ->  Bitmap Heap Scan on sbtest4  (cost=30.92..3960.47 rows=1023 width=121)
	        Recheck Cond: ((id >= 8187303) AND (id <= 8188302))
	        ->  Bitmap Index Scan on sbtest4_pkey  (cost=0.00..30.66 rows=1023 width=0)
	              Index Cond: ((id >= 8187303) AND (id <= 8188302))

table 5 : explain SELECT c FROM sbtest5 WHERE id BETWEEN 5028120 AND 5029119 ORDER BY c
	Sort  (cost=4042.55..4045.12 rows=1031 width=121)
	  Sort Key: c
	  ->  Bitmap Heap Scan on sbtest5  (cost=31.00..3990.95 rows=1031 width=121)
	        Recheck Cond: ((id >= 5028120) AND (id <= 5029119))
	        ->  Bitmap Index Scan on sbtest5_pkey  (cost=0.00..30.75 rows=1031 width=0)
	              Index Cond: ((id >= 5028120) AND (id <= 5029119))

table 6 : explain SELECT c FROM sbtest6 WHERE id BETWEEN 8535522 AND 8536521 ORDER BY c
	Sort  (cost=3593.53..3595.81 rows=914 width=121)
	  Sort Key: c
	  ->  Bitmap Heap Scan on sbtest6  (cost=29.80..3548.58 rows=914 width=121)
	        Recheck Cond: ((id >= 8535522) AND (id <= 8536521))
	        ->  Bitmap Index Scan on sbtest6_pkey  (cost=0.00..29.57 rows=914 width=0)
	              Index Cond: ((id >= 8535522) AND (id <= 8536521))

table 7 : explain SELECT c FROM sbtest7 WHERE id BETWEEN 5986690 AND 5987689 ORDER BY c
	Sort  (cost=3906.13..3908.62 rows=996 width=121)
	  Sort Key: c
	  ->  Bitmap Heap Scan on sbtest7  (cost=30.64..3856.53 rows=996 width=121)
	        Recheck Cond: ((id >= 5986690) AND (id <= 5987689))
	        ->  Bitmap Index Scan on sbtest7_pkey  (cost=0.00..30.39 rows=996 width=0)
	              Index Cond: ((id >= 5986690) AND (id <= 5987689))

table 8 : explain SELECT c FROM sbtest8 WHERE id BETWEEN 6784008 AND 6785007 ORDER BY c
	Sort  (cost=3912.37..3914.86 rows=997 width=121)
	  Sort Key: c
	  ->  Bitmap Heap Scan on sbtest8  (cost=30.65..3862.71 rows=997 width=121)
	        Recheck Cond: ((id >= 6784008) AND (id <= 6785007))
	        ->  Bitmap Index Scan on sbtest8_pkey  (cost=0.00..30.40 rows=997 width=0)
	              Index Cond: ((id >= 6784008) AND (id <= 6785007))

for: distinct_ranges
table 1 : explain SELECT DISTINCT c FROM sbtest1 WHERE id BETWEEN 3834853 AND 3835852 ORDER BY c
	Unique  (cost=3821.62..3826.49 rows=973 width=121)
	  ->  Sort  (cost=3821.62..3824.05 rows=973 width=121)
	        Sort Key: c
	        ->  Bitmap Heap Scan on sbtest1  (cost=30.41..3773.33 rows=973 width=121)
	              Recheck Cond: ((id >= 3834853) AND (id <= 3835852))
	              ->  Bitmap Index Scan on sbtest1_pkey  (cost=0.00..30.16 rows=973 width=0)
	                    Index Cond: ((id >= 3834853) AND (id <= 3835852))

table 2 : explain SELECT DISTINCT c FROM sbtest2 WHERE id BETWEEN 7715961 AND 7716960 ORDER BY c
	Unique  (cost=3961.91..3966.96 rows=1010 width=121)
	  ->  Sort  (cost=3961.91..3964.44 rows=1010 width=121)
	        Sort Key: c
	        ->  Bitmap Heap Scan on sbtest2  (cost=30.79..3911.51 rows=1010 width=121)
	              Recheck Cond: ((id >= 7715961) AND (id <= 7716960))
	              ->  Bitmap Index Scan on sbtest2_pkey  (cost=0.00..30.54 rows=1010 width=0)
	                    Index Cond: ((id >= 7715961) AND (id <= 7716960))

table 3 : explain SELECT DISTINCT c FROM sbtest3 WHERE id BETWEEN 4307102 AND 4308101 ORDER BY c
	Unique  (cost=3872.19..3877.13 rows=987 width=121)
	  ->  Sort  (cost=3872.19..3874.66 rows=987 width=121)
	        Sort Key: c
	        ->  Bitmap Heap Scan on sbtest3  (cost=30.55..3823.10 rows=987 width=121)
	              Recheck Cond: ((id >= 4307102) AND (id <= 4308101))
	              ->  Bitmap Index Scan on sbtest3_pkey  (cost=0.00..30.30 rows=987 width=0)
	                    Index Cond: ((id >= 4307102) AND (id <= 4308101))

table 4 : explain SELECT DISTINCT c FROM sbtest4 WHERE id BETWEEN 5496336 AND 5497335 ORDER BY c
	Unique  (cost=3589.88..3594.45 rows=913 width=121)
	  ->  Sort  (cost=3589.88..3592.16 rows=913 width=121)
	        Sort Key: c
	        ->  Bitmap Heap Scan on sbtest4  (cost=29.79..3544.99 rows=913 width=121)
	              Recheck Cond: ((id >= 5496336) AND (id <= 5497335))
	              ->  Bitmap Index Scan on sbtest4_pkey  (cost=0.00..29.57 rows=913 width=0)
	                    Index Cond: ((id >= 5496336) AND (id <= 5497335))

table 5 : explain SELECT DISTINCT c FROM sbtest5 WHERE id BETWEEN 3887995 AND 3888994 ORDER BY c
	Unique  (cost=3778.21..3783.02 rows=962 width=121)
	  ->  Sort  (cost=3778.21..3780.61 rows=962 width=121)
	        Sort Key: c
	        ->  Bitmap Heap Scan on sbtest5  (cost=30.30..3730.54 rows=962 width=121)
	              Recheck Cond: ((id >= 3887995) AND (id <= 3888994))
	              ->  Bitmap Index Scan on sbtest5_pkey  (cost=0.00..30.05 rows=962 width=0)
	                    Index Cond: ((id >= 3887995) AND (id <= 3888994))

table 6 : explain SELECT DISTINCT c FROM sbtest6 WHERE id BETWEEN 1857210 AND 1858209 ORDER BY c
	Unique  (cost=4160.73..4166.04 rows=1061 width=121)
	  ->  Sort  (cost=4160.73..4163.38 rows=1061 width=121)
	        Sort Key: c
	        ->  Bitmap Heap Scan on sbtest6  (cost=35.31..4107.41 rows=1061 width=121)
	              Recheck Cond: ((id >= 1857210) AND (id <= 1858209))
	              ->  Bitmap Index Scan on sbtest6_pkey  (cost=0.00..35.05 rows=1061 width=0)
	                    Index Cond: ((id >= 1857210) AND (id <= 1858209))

table 7 : explain SELECT DISTINCT c FROM sbtest7 WHERE id BETWEEN 6994862 AND 6995861 ORDER BY c
	Unique  (cost=3791.25..3796.08 rows=966 width=121)
	  ->  Sort  (cost=3791.25..3793.67 rows=966 width=121)
	        Sort Key: c
	        ->  Bitmap Heap Scan on sbtest7  (cost=30.34..3743.36 rows=966 width=121)
	              Recheck Cond: ((id >= 6994862) AND (id <= 6995861))
	              ->  Bitmap Index Scan on sbtest7_pkey  (cost=0.00..30.09 rows=966 width=0)
	                    Index Cond: ((id >= 6994862) AND (id <= 6995861))

table 8 : explain SELECT DISTINCT c FROM sbtest8 WHERE id BETWEEN 7120867 AND 7121866 ORDER BY c
	Unique  (cost=4023.42..4028.55 rows=1026 width=121)
	  ->  Sort  (cost=4023.42..4025.98 rows=1026 width=121)
	        Sort Key: c
	        ->  Bitmap Heap Scan on sbtest8  (cost=30.95..3972.10 rows=1026 width=121)
	              Recheck Cond: ((id >= 7120867) AND (id <= 7121866))
	              ->  Bitmap Index Scan on sbtest8_pkey  (cost=0.00..30.69 rows=1026 width=0)
	                    Index Cond: ((id >= 7120867) AND (id <= 7121866))

for: distinct_ranges
table 1 : explain SELECT DISTINCT c FROM sbtest1 WHERE id BETWEEN 1877912 AND 1878911 ORDER BY c
	Unique  (cost=4032.40..4037.54 rows=1028 width=121)
	  ->  Sort  (cost=4032.40..4034.97 rows=1028 width=121)
	        Sort Key: c
	        ->  Bitmap Heap Scan on sbtest1  (cost=30.97..3980.98 rows=1028 width=121)
	              Recheck Cond: ((id >= 1877912) AND (id <= 1878911))
	              ->  Bitmap Index Scan on sbtest1_pkey  (cost=0.00..30.71 rows=1028 width=0)
	                    Index Cond: ((id >= 1877912) AND (id <= 1878911))

table 2 : explain SELECT DISTINCT c FROM sbtest2 WHERE id BETWEEN 2964641 AND 2965640 ORDER BY c
	Unique  (cost=3835.49..3840.37 rows=977 width=121)
	  ->  Sort  (cost=3835.49..3837.93 rows=977 width=121)
	        Sort Key: c
	        ->  Bitmap Heap Scan on sbtest2  (cost=30.45..3786.97 rows=977 width=121)
	              Recheck Cond: ((id >= 2964641) AND (id <= 2965640))
	              ->  Bitmap Index Scan on sbtest2_pkey  (cost=0.00..30.20 rows=977 width=0)
	                    Index Cond: ((id >= 2964641) AND (id <= 2965640))

table 3 : explain SELECT DISTINCT c FROM sbtest3 WHERE id BETWEEN 115935 AND 116934 ORDER BY c
	Unique  (cost=4109.38..4114.62 rows=1049 width=121)
	  ->  Sort  (cost=4109.38..4112.00 rows=1049 width=121)
	        Sort Key: c
	        ->  Bitmap Heap Scan on sbtest3  (cost=31.19..4056.74 rows=1049 width=121)
	              Recheck Cond: ((id >= 115935) AND (id <= 116934))
	              ->  Bitmap Index Scan on sbtest3_pkey  (cost=0.00..30.93 rows=1049 width=0)
	                    Index Cond: ((id >= 115935) AND (id <= 116934))

table 4 : explain SELECT DISTINCT c FROM sbtest4 WHERE id BETWEEN 3497703 AND 3498702 ORDER BY c
	Unique  (cost=3639.80..3644.43 rows=926 width=121)
	  ->  Sort  (cost=3639.80..3642.11 rows=926 width=121)
	        Sort Key: c
	        ->  Bitmap Heap Scan on sbtest4  (cost=29.93..3594.17 rows=926 width=121)
	              Recheck Cond: ((id >= 3497703) AND (id <= 3498702))
	              ->  Bitmap Index Scan on sbtest4_pkey  (cost=0.00..29.69 rows=926 width=0)
	                    Index Cond: ((id >= 3497703) AND (id <= 3498702))

table 5 : explain SELECT DISTINCT c FROM sbtest5 WHERE id BETWEEN 8010788 AND 8011787 ORDER BY c
	Unique  (cost=3923.86..3928.86 rows=1000 width=121)
	  ->  Sort  (cost=3923.86..3926.36 rows=1000 width=121)
	        Sort Key: c
	        ->  Bitmap Heap Scan on sbtest5  (cost=30.68..3874.03 rows=1000 width=121)
	              Recheck Cond: ((id >= 8010788) AND (id <= 8011787))
	              ->  Bitmap Index Scan on sbtest5_pkey  (cost=0.00..30.43 rows=1000 width=0)
	                    Index Cond: ((id >= 8010788) AND (id <= 8011787))

table 6 : explain SELECT DISTINCT c FROM sbtest6 WHERE id BETWEEN 3124375 AND 3125374 ORDER BY c
	Unique  (cost=3674.15..3678.82 rows=935 width=121)
	  ->  Sort  (cost=3674.15..3676.48 rows=935 width=121)
	        Sort Key: c
	        ->  Bitmap Heap Scan on sbtest6  (cost=30.02..3628.01 rows=935 width=121)
	              Recheck Cond: ((id >= 3124375) AND (id <= 3125374))
	              ->  Bitmap Index Scan on sbtest6_pkey  (cost=0.00..29.79 rows=935 width=0)
	                    Index Cond: ((id >= 3124375) AND (id <= 3125374))

table 7 : explain SELECT DISTINCT c FROM sbtest7 WHERE id BETWEEN 7882030 AND 7883029 ORDER BY c
	Unique  (cost=4338.05..4343.59 rows=1108 width=121)
	  ->  Sort  (cost=4338.05..4340.82 rows=1108 width=121)
	        Sort Key: c
	        ->  Bitmap Heap Scan on sbtest7  (cost=35.79..4282.02 rows=1108 width=121)
	              Recheck Cond: ((id >= 7882030) AND (id <= 7883029))
	              ->  Bitmap Index Scan on sbtest7_pkey  (cost=0.00..35.52 rows=1108 width=0)
	                    Index Cond: ((id >= 7882030) AND (id <= 7883029))

table 8 : explain SELECT DISTINCT c FROM sbtest8 WHERE id BETWEEN 840916 AND 841915 ORDER BY c
	Unique  (cost=4134.54..4139.81 rows=1054 width=121)
	  ->  Sort  (cost=4134.54..4137.17 rows=1054 width=121)
	        Sort Key: c
	        ->  Bitmap Heap Scan on sbtest8  (cost=35.24..4081.62 rows=1054 width=121)
	              Recheck Cond: ((id >= 840916) AND (id <= 841915))
	              ->  Bitmap Index Scan on sbtest8_pkey  (cost=0.00..34.98 rows=1054 width=0)
	                    Index Cond: ((id >= 840916) AND (id <= 841915))

for: sum_ranges
table 1 : explain SELECT SUM(k) FROM sbtest1 WHERE id BETWEEN 25954 AND 26953
	Aggregate  (cost=3628.19..3628.20 rows=1 width=8)
	  ->  Bitmap Heap Scan on sbtest1  (cost=30.01..3625.86 rows=934 width=4)
	        Recheck Cond: ((id >= 25954) AND (id <= 26953))
	        ->  Bitmap Index Scan on sbtest1_pkey  (cost=0.00..29.77 rows=934 width=0)
	              Index Cond: ((id >= 25954) AND (id <= 26953))

table 2 : explain SELECT SUM(k) FROM sbtest2 WHERE id BETWEEN 1785809 AND 1786808
	Aggregate  (cost=4249.70..4249.71 rows=1 width=8)
	  ->  Bitmap Heap Scan on sbtest2  (cost=35.69..4246.96 rows=1098 width=4)
	        Recheck Cond: ((id >= 1785809) AND (id <= 1786808))
	        ->  Bitmap Index Scan on sbtest2_pkey  (cost=0.00..35.42 rows=1098 width=0)
	              Index Cond: ((id >= 1785809) AND (id <= 1786808))

table 3 : explain SELECT SUM(k) FROM sbtest3 WHERE id BETWEEN 9132471 AND 9133470
	Aggregate  (cost=4036.76..4036.77 rows=1 width=8)
	  ->  Bitmap Heap Scan on sbtest3  (cost=31.13..4034.15 rows=1043 width=4)
	        Recheck Cond: ((id >= 9132471) AND (id <= 9133470))
	        ->  Bitmap Index Scan on sbtest3_pkey  (cost=0.00..30.86 rows=1043 width=0)
	              Index Cond: ((id >= 9132471) AND (id <= 9133470))

table 4 : explain SELECT SUM(k) FROM sbtest4 WHERE id BETWEEN 643022 AND 644021
	Aggregate  (cost=3728.88..3728.89 rows=1 width=8)
	  ->  Bitmap Heap Scan on sbtest4  (cost=30.29..3726.48 rows=961 width=4)
	        Recheck Cond: ((id >= 643022) AND (id <= 644021))
	        ->  Bitmap Index Scan on sbtest4_pkey  (cost=0.00..30.04 rows=961 width=0)
	              Index Cond: ((id >= 643022) AND (id <= 644021))

table 5 : explain SELECT SUM(k) FROM sbtest5 WHERE id BETWEEN 3948797 AND 3949796
	Aggregate  (cost=4212.34..4212.35 rows=1 width=8)
	  ->  Bitmap Heap Scan on sbtest5  (cost=35.59..4209.62 rows=1088 width=4)
	        Recheck Cond: ((id >= 3948797) AND (id <= 3949796))
	        ->  Bitmap Index Scan on sbtest5_pkey  (cost=0.00..35.32 rows=1088 width=0)
	              Index Cond: ((id >= 3948797) AND (id <= 3949796))

table 6 : explain SELECT SUM(k) FROM sbtest6 WHERE id BETWEEN 6015612 AND 6016611
	Aggregate  (cost=3815.59..3815.60 rows=1 width=8)
	  ->  Bitmap Heap Scan on sbtest6  (cost=30.52..3813.13 rows=984 width=4)
	        Recheck Cond: ((id >= 6015612) AND (id <= 6016611))
	        ->  Bitmap Index Scan on sbtest6_pkey  (cost=0.00..30.27 rows=984 width=0)
	              Index Cond: ((id >= 6015612) AND (id <= 6016611))

table 7 : explain SELECT SUM(k) FROM sbtest7 WHERE id BETWEEN 1377498 AND 1378497
	Aggregate  (cost=3915.60..3915.61 rows=1 width=8)
	  ->  Bitmap Heap Scan on sbtest7  (cost=30.80..3913.07 rows=1011 width=4)
	        Recheck Cond: ((id >= 1377498) AND (id <= 1378497))
	        ->  Bitmap Index Scan on sbtest7_pkey  (cost=0.00..30.54 rows=1011 width=0)
	              Index Cond: ((id >= 1377498) AND (id <= 1378497))

table 8 : explain SELECT SUM(k) FROM sbtest8 WHERE id BETWEEN 5527503 AND 5528502
	Aggregate  (cost=3850.10..3850.11 rows=1 width=8)
	  ->  Bitmap Heap Scan on sbtest8  (cost=30.61..3847.61 rows=993 width=4)
	        Recheck Cond: ((id >= 5527503) AND (id <= 5528502))
	        ->  Bitmap Index Scan on sbtest8_pkey  (cost=0.00..30.36 rows=993 width=0)
	              Index Cond: ((id >= 5527503) AND (id <= 5528502))

for point_selects
table 1 : explain SELECT c FROM sbtest1 WHERE id=5004022
	Index Scan using sbtest1_pkey on sbtest1  (cost=0.43..8.45 rows=1 width=121)
	  Index Cond: (id = 5004022)

table 2 : explain SELECT c FROM sbtest2 WHERE id=3427879
	Index Scan using sbtest2_pkey on sbtest2  (cost=0.43..8.45 rows=1 width=121)
	  Index Cond: (id = 3427879)

table 3 : explain SELECT c FROM sbtest3 WHERE id=7946799
	Index Scan using sbtest3_pkey on sbtest3  (cost=0.43..8.45 rows=1 width=121)
	  Index Cond: (id = 7946799)

table 4 : explain SELECT c FROM sbtest4 WHERE id=9594787
	Index Scan using sbtest4_pkey on sbtest4  (cost=0.43..8.45 rows=1 width=121)
	  Index Cond: (id = 9594787)

table 5 : explain SELECT c FROM sbtest5 WHERE id=1075841
	Index Scan using sbtest5_pkey on sbtest5  (cost=0.43..8.45 rows=1 width=121)
	  Index Cond: (id = 1075841)

table 6 : explain SELECT c FROM sbtest6 WHERE id=2443745
	Index Scan using sbtest6_pkey on sbtest6  (cost=0.43..8.45 rows=1 width=121)
	  Index Cond: (id = 2443745)

table 7 : explain SELECT c FROM sbtest7 WHERE id=6485770
	Index Scan using sbtest7_pkey on sbtest7  (cost=0.43..8.45 rows=1 width=121)
	  Index Cond: (id = 6485770)

table 8 : explain SELECT c FROM sbtest8 WHERE id=2090694
	Index Scan using sbtest8_pkey on sbtest8  (cost=0.43..8.45 rows=1 width=121)
	  Index Cond: (id = 2090694)

for: sum_ranges
table 1 : explain SELECT SUM(k) FROM sbtest1 WHERE id BETWEEN 2022841 AND 2023840
	Aggregate  (cost=3983.55..3983.56 rows=1 width=8)
	  ->  Bitmap Heap Scan on sbtest1  (cost=30.97..3980.98 rows=1028 width=4)
	        Recheck Cond: ((id >= 2022841) AND (id <= 2023840))
	        ->  Bitmap Index Scan on sbtest1_pkey  (cost=0.00..30.71 rows=1028 width=0)
	              Index Cond: ((id >= 2022841) AND (id <= 2023840))

table 2 : explain SELECT SUM(k) FROM sbtest2 WHERE id BETWEEN 541328 AND 542327
	Aggregate  (cost=3864.96..3864.97 rows=1 width=8)
	  ->  Bitmap Heap Scan on sbtest2  (cost=30.65..3862.47 rows=997 width=4)
	        Recheck Cond: ((id >= 541328) AND (id <= 542327))
	        ->  Bitmap Index Scan on sbtest2_pkey  (cost=0.00..30.40 rows=997 width=0)
	              Index Cond: ((id >= 541328) AND (id <= 542327))

table 3 : explain SELECT SUM(k) FROM sbtest3 WHERE id BETWEEN 2544896 AND 2545895
	Aggregate  (cost=3587.50..3587.51 rows=1 width=8)
	  ->  Bitmap Heap Scan on sbtest3  (cost=29.91..3585.19 rows=924 width=4)
	        Recheck Cond: ((id >= 2544896) AND (id <= 2545895))
	        ->  Bitmap Index Scan on sbtest3_pkey  (cost=0.00..29.68 rows=924 width=0)
	              Index Cond: ((id >= 2544896) AND (id <= 2545895))

table 4 : explain SELECT SUM(k) FROM sbtest4 WHERE id BETWEEN 8698532 AND 8699531
	Aggregate  (cost=4049.77..4049.78 rows=1 width=8)
	  ->  Bitmap Heap Scan on sbtest4  (cost=31.16..4047.16 rows=1046 width=4)
	        Recheck Cond: ((id >= 8698532) AND (id <= 8699531))
	        ->  Bitmap Index Scan on sbtest4_pkey  (cost=0.00..30.89 rows=1046 width=0)
	              Index Cond: ((id >= 8698532) AND (id <= 8699531))

table 5 : explain SELECT SUM(k) FROM sbtest5 WHERE id BETWEEN 4107218 AND 4108217
	Aggregate  (cost=3763.19..3763.20 rows=1 width=8)
	  ->  Bitmap Heap Scan on sbtest5  (cost=30.38..3760.76 rows=970 width=4)
	        Recheck Cond: ((id >= 4107218) AND (id <= 4108217))
	        ->  Bitmap Index Scan on sbtest5_pkey  (cost=0.00..30.14 rows=970 width=0)
	              Index Cond: ((id >= 4107218) AND (id <= 4108217))

table 6 : explain SELECT SUM(k) FROM sbtest6 WHERE id BETWEEN 1885383 AND 1886382
	Aggregate  (cost=3634.13..3634.14 rows=1 width=8)
	  ->  Bitmap Heap Scan on sbtest6  (cost=30.03..3631.79 rows=936 width=4)
	        Recheck Cond: ((id >= 1885383) AND (id <= 1886382))
	        ->  Bitmap Index Scan on sbtest6_pkey  (cost=0.00..29.79 rows=936 width=0)
	              Index Cond: ((id >= 1885383) AND (id <= 1886382))

table 7 : explain SELECT SUM(k) FROM sbtest7 WHERE id BETWEEN 6765776 AND 6766775
	Aggregate  (cost=3983.45..3983.46 rows=1 width=8)
	  ->  Bitmap Heap Scan on sbtest7  (cost=30.98..3980.88 rows=1029 width=4)
	        Recheck Cond: ((id >= 6765776) AND (id <= 6766775))
	        ->  Bitmap Index Scan on sbtest7_pkey  (cost=0.00..30.72 rows=1029 width=0)
	              Index Cond: ((id >= 6765776) AND (id <= 6766775))

table 8 : explain SELECT SUM(k) FROM sbtest8 WHERE id BETWEEN 9853556 AND 9854555
	Aggregate  (cost=3558.90..3558.91 rows=1 width=8)
	  ->  Bitmap Heap Scan on sbtest8  (cost=29.82..3556.61 rows=916 width=4)
	        Recheck Cond: ((id >= 9853556) AND (id <= 9854555))
	        ->  Bitmap Index Scan on sbtest8_pkey  (cost=0.00..29.59 rows=916 width=0)
	              Index Cond: ((id >= 9853556) AND (id <= 9854555))

for point_selects
table 1 : explain SELECT c FROM sbtest1 WHERE id=2973312
	Index Scan using sbtest1_pkey on sbtest1  (cost=0.43..8.45 rows=1 width=121)
	  Index Cond: (id = 2973312)

table 2 : explain SELECT c FROM sbtest2 WHERE id=782414
	Index Scan using sbtest2_pkey on sbtest2  (cost=0.43..8.45 rows=1 width=121)
	  Index Cond: (id = 782414)

table 3 : explain SELECT c FROM sbtest3 WHERE id=8209366
	Index Scan using sbtest3_pkey on sbtest3  (cost=0.43..8.45 rows=1 width=121)
	  Index Cond: (id = 8209366)

table 4 : explain SELECT c FROM sbtest4 WHERE id=744756
	Index Scan using sbtest4_pkey on sbtest4  (cost=0.43..8.45 rows=1 width=121)
	  Index Cond: (id = 744756)

table 5 : explain SELECT c FROM sbtest5 WHERE id=736996
	Index Scan using sbtest5_pkey on sbtest5  (cost=0.43..8.45 rows=1 width=121)
	  Index Cond: (id = 736996)

table 6 : explain SELECT c FROM sbtest6 WHERE id=313956
	Index Scan using sbtest6_pkey on sbtest6  (cost=0.43..8.45 rows=1 width=121)
	  Index Cond: (id = 313956)

table 7 : explain SELECT c FROM sbtest7 WHERE id=8236635
	Index Scan using sbtest7_pkey on sbtest7  (cost=0.43..8.45 rows=1 width=121)
	  Index Cond: (id = 8236635)

table 8 : explain SELECT c FROM sbtest8 WHERE id=6828192
	Index Scan using sbtest8_pkey on sbtest8  (cost=0.43..8.45 rows=1 width=121)
	  Index Cond: (id = 6828192)

for: distinct_ranges
table 1 : explain SELECT DISTINCT c FROM sbtest1 WHERE id BETWEEN 5557686 AND 5558685 ORDER BY c
	Unique  (cost=3921.31..3926.30 rows=999 width=121)
	  ->  Sort  (cost=3921.31..3923.81 rows=999 width=121)
	        Sort Key: c
	        ->  Bitmap Heap Scan on sbtest1  (cost=30.67..3871.54 rows=999 width=121)
	              Recheck Cond: ((id >= 5557686) AND (id <= 5558685))
	              ->  Bitmap Index Scan on sbtest1_pkey  (cost=0.00..30.43 rows=999 width=0)
	                    Index Cond: ((id >= 5557686) AND (id <= 5558685))

table 2 : explain SELECT DISTINCT c FROM sbtest2 WHERE id BETWEEN 7549227 AND 7550226 ORDER BY c
	Unique  (cost=3712.77..3717.50 rows=945 width=121)
	  ->  Sort  (cost=3712.77..3715.14 rows=945 width=121)
	        Sort Key: c
	        ->  Bitmap Heap Scan on sbtest2  (cost=30.12..3666.07 rows=945 width=121)
	              Recheck Cond: ((id >= 7549227) AND (id <= 7550226))
	              ->  Bitmap Index Scan on sbtest2_pkey  (cost=0.00..29.89 rows=945 width=0)
	                    Index Cond: ((id >= 7549227) AND (id <= 7550226))

table 3 : explain SELECT DISTINCT c FROM sbtest3 WHERE id BETWEEN 8340506 AND 8341505 ORDER BY c
	Unique  (cost=3994.67..3999.76 rows=1019 width=121)
	  ->  Sort  (cost=3994.67..3997.21 rows=1019 width=121)
	        Sort Key: c
	        ->  Bitmap Heap Scan on sbtest3  (cost=30.88..3943.75 rows=1019 width=121)
	              Recheck Cond: ((id >= 8340506) AND (id <= 8341505))
	              ->  Bitmap Index Scan on sbtest3_pkey  (cost=0.00..30.62 rows=1019 width=0)
	                    Index Cond: ((id >= 8340506) AND (id <= 8341505))

table 4 : explain SELECT DISTINCT c FROM sbtest4 WHERE id BETWEEN 5015793 AND 5016792 ORDER BY c
	Unique  (cost=3931.22..3936.23 rows=1002 width=121)
	  ->  Sort  (cost=3931.22..3933.72 rows=1002 width=121)
	        Sort Key: c
	        ->  Bitmap Heap Scan on sbtest4  (cost=30.71..3881.27 rows=1002 width=121)
	              Recheck Cond: ((id >= 5015793) AND (id <= 5016792))
	              ->  Bitmap Index Scan on sbtest4_pkey  (cost=0.00..30.45 rows=1002 width=0)
	                    Index Cond: ((id >= 5015793) AND (id <= 5016792))

table 5 : explain SELECT DISTINCT c FROM sbtest5 WHERE id BETWEEN 8845793 AND 8846792 ORDER BY c
	Unique  (cost=4065.51..4070.69 rows=1037 width=121)
	  ->  Sort  (cost=4065.51..4068.10 rows=1037 width=121)
	        Sort Key: c
	        ->  Bitmap Heap Scan on sbtest5  (cost=31.06..4013.56 rows=1037 width=121)
	              Recheck Cond: ((id >= 8845793) AND (id <= 8846792))
	              ->  Bitmap Index Scan on sbtest5_pkey  (cost=0.00..30.80 rows=1037 width=0)
	                    Index Cond: ((id >= 8845793) AND (id <= 8846792))

table 6 : explain SELECT DISTINCT c FROM sbtest6 WHERE id BETWEEN 4917140 AND 4918139 ORDER BY c
	Unique  (cost=3497.48..3501.93 rows=889 width=121)
	  ->  Sort  (cost=3497.48..3499.71 rows=889 width=121)
	        Sort Key: c
	        ->  Bitmap Heap Scan on sbtest6  (cost=29.55..3453.94 rows=889 width=121)
	              Recheck Cond: ((id >= 4917140) AND (id <= 4918139))
	              ->  Bitmap Index Scan on sbtest6_pkey  (cost=0.00..29.32 rows=889 width=0)
	                    Index Cond: ((id >= 4917140) AND (id <= 4918139))

table 7 : explain SELECT DISTINCT c FROM sbtest7 WHERE id BETWEEN 3851701 AND 3852700 ORDER BY c
	Unique  (cost=3814.24..3819.10 rows=972 width=121)
	  ->  Sort  (cost=3814.24..3816.67 rows=972 width=121)
	        Sort Key: c
	        ->  Bitmap Heap Scan on sbtest7  (cost=30.40..3766.00 rows=972 width=121)
	              Recheck Cond: ((id >= 3851701) AND (id <= 3852700))
	              ->  Bitmap Index Scan on sbtest7_pkey  (cost=0.00..30.15 rows=972 width=0)
	                    Index Cond: ((id >= 3851701) AND (id <= 3852700))

table 8 : explain SELECT DISTINCT c FROM sbtest8 WHERE id BETWEEN 1885064 AND 1886063 ORDER BY c
	Unique  (cost=3793.55..3798.38 rows=966 width=121)
	  ->  Sort  (cost=3793.55..3795.97 rows=966 width=121)
	        Sort Key: c
	        ->  Bitmap Heap Scan on sbtest8  (cost=30.34..3745.66 rows=966 width=121)
	              Recheck Cond: ((id >= 1885064) AND (id <= 1886063))
	              ->  Bitmap Index Scan on sbtest8_pkey  (cost=0.00..30.09 rows=966 width=0)
	                    Index Cond: ((id >= 1885064) AND (id <= 1886063))

for: simple_ranges
table 1 : explain SELECT c FROM sbtest1 WHERE id BETWEEN 1956134 AND 1957133
	Bitmap Heap Scan on sbtest1  (cost=30.90..3954.57 rows=1021 width=121)
	  Recheck Cond: ((id >= 1956134) AND (id <= 1957133))
	  ->  Bitmap Index Scan on sbtest1_pkey  (cost=0.00..30.64 rows=1021 width=0)
	        Index Cond: ((id >= 1956134) AND (id <= 1957133))

table 2 : explain SELECT c FROM sbtest2 WHERE id BETWEEN 8001373 AND 8002372
	Bitmap Heap Scan on sbtest2  (cost=30.25..3715.20 rows=958 width=121)
	  Recheck Cond: ((id >= 8001373) AND (id <= 8002372))
	  ->  Bitmap Index Scan on sbtest2_pkey  (cost=0.00..30.01 rows=958 width=0)
	        Index Cond: ((id >= 8001373) AND (id <= 8002372))

table 3 : explain SELECT c FROM sbtest3 WHERE id BETWEEN 839946 AND 840945
	Bitmap Heap Scan on sbtest3  (cost=29.82..3554.94 rows=916 width=121)
	  Recheck Cond: ((id >= 839946) AND (id <= 840945))
	  ->  Bitmap Index Scan on sbtest3_pkey  (cost=0.00..29.59 rows=916 width=0)
	        Index Cond: ((id >= 839946) AND (id <= 840945))

table 4 : explain SELECT c FROM sbtest4 WHERE id BETWEEN 6802375 AND 6803374
	Bitmap Heap Scan on sbtest4  (cost=30.83..3926.54 rows=1014 width=121)
	  Recheck Cond: ((id >= 6802375) AND (id <= 6803374))
	  ->  Bitmap Index Scan on sbtest4_pkey  (cost=0.00..30.57 rows=1014 width=0)
	        Index Cond: ((id >= 6802375) AND (id <= 6803374))

table 5 : explain SELECT c FROM sbtest5 WHERE id BETWEEN 279191 AND 280190
	Bitmap Heap Scan on sbtest5  (cost=30.99..3987.18 rows=1030 width=121)
	  Recheck Cond: ((id >= 279191) AND (id <= 280190))
	  ->  Bitmap Index Scan on sbtest5_pkey  (cost=0.00..30.73 rows=1030 width=0)
	        Index Cond: ((id >= 279191) AND (id <= 280190))

table 6 : explain SELECT c FROM sbtest6 WHERE id BETWEEN 422026 AND 423025
	Bitmap Heap Scan on sbtest6  (cost=30.24..3711.16 rows=957 width=121)
	  Recheck Cond: ((id >= 422026) AND (id <= 423025))
	  ->  Bitmap Index Scan on sbtest6_pkey  (cost=0.00..30.00 rows=957 width=0)
	        Index Cond: ((id >= 422026) AND (id <= 423025))

table 7 : explain SELECT c FROM sbtest7 WHERE id BETWEEN 5683671 AND 5684670
	Bitmap Heap Scan on sbtest7  (cost=30.16..3679.18 rows=949 width=121)
	  Recheck Cond: ((id >= 5683671) AND (id <= 5684670))
	  ->  Bitmap Index Scan on sbtest7_pkey  (cost=0.00..29.93 rows=949 width=0)
	        Index Cond: ((id >= 5683671) AND (id <= 5684670))

table 8 : explain SELECT c FROM sbtest8 WHERE id BETWEEN 7758145 AND 7759144
	Bitmap Heap Scan on sbtest8  (cost=30.85..3934.39 rows=1016 width=121)
	  Recheck Cond: ((id >= 7758145) AND (id <= 7759144))
	  ->  Bitmap Index Scan on sbtest8_pkey  (cost=0.00..30.59 rows=1016 width=0)
	        Index Cond: ((id >= 7758145) AND (id <= 7759144))

for: distinct_ranges
table 1 : explain SELECT DISTINCT c FROM sbtest1 WHERE id BETWEEN 7262952 AND 7263951 ORDER BY c
	Unique  (cost=3760.23..3765.02 rows=957 width=121)
	  ->  Sort  (cost=3760.23..3762.63 rows=957 width=121)
	        Sort Key: c
	        ->  Bitmap Heap Scan on sbtest1  (cost=30.24..3712.85 rows=957 width=121)
	              Recheck Cond: ((id >= 7262952) AND (id <= 7263951))
	              ->  Bitmap Index Scan on sbtest1_pkey  (cost=0.00..30.00 rows=957 width=0)
	                    Index Cond: ((id >= 7262952) AND (id <= 7263951))

table 2 : explain SELECT DISTINCT c FROM sbtest2 WHERE id BETWEEN 1334779 AND 1335778 ORDER BY c
	Unique  (cost=3551.52..3556.03 rows=903 width=121)
	  ->  Sort  (cost=3551.52..3553.78 rows=903 width=121)
	        Sort Key: c
	        ->  Bitmap Heap Scan on sbtest2  (cost=29.69..3507.19 rows=903 width=121)
	              Recheck Cond: ((id >= 1334779) AND (id <= 1335778))
	              ->  Bitmap Index Scan on sbtest2_pkey  (cost=0.00..29.46 rows=903 width=0)
	                    Index Cond: ((id >= 1334779) AND (id <= 1335778))

table 3 : explain SELECT DISTINCT c FROM sbtest3 WHERE id BETWEEN 3131510 AND 3132509 ORDER BY c
	Unique  (cost=3607.68..3612.27 rows=918 width=121)
	  ->  Sort  (cost=3607.68..3609.98 rows=918 width=121)
	        Sort Key: c
	        ->  Bitmap Heap Scan on sbtest3  (cost=29.84..3562.50 rows=918 width=121)
	              Recheck Cond: ((id >= 3131510) AND (id <= 3132509))
	              ->  Bitmap Index Scan on sbtest3_pkey  (cost=0.00..29.61 rows=918 width=0)
	                    Index Cond: ((id >= 3131510) AND (id <= 3132509))

table 4 : explain SELECT DISTINCT c FROM sbtest4 WHERE id BETWEEN 7326472 AND 7327471 ORDER BY c
	Unique  (cost=4122.56..4127.82 rows=1052 width=121)
	  ->  Sort  (cost=4122.56..4125.19 rows=1052 width=121)
	        Sort Key: c
	        ->  Bitmap Heap Scan on sbtest4  (cost=31.22..4069.76 rows=1052 width=121)
	              Recheck Cond: ((id >= 7326472) AND (id <= 7327471))
	              ->  Bitmap Index Scan on sbtest4_pkey  (cost=0.00..30.95 rows=1052 width=0)
	                    Index Cond: ((id >= 7326472) AND (id <= 7327471))

table 5 : explain SELECT DISTINCT c FROM sbtest5 WHERE id BETWEEN 4547031 AND 4548030 ORDER BY c
	Unique  (cost=4607.95..4613.84 rows=1179 width=121)
	  ->  Sort  (cost=4607.95..4610.89 rows=1179 width=121)
	        Sort Key: c
	        ->  Bitmap Heap Scan on sbtest5  (cost=36.52..4547.80 rows=1179 width=121)
	              Recheck Cond: ((id >= 4547031) AND (id <= 4548030))
	              ->  Bitmap Index Scan on sbtest5_pkey  (cost=0.00..36.23 rows=1179 width=0)
	                    Index Cond: ((id >= 4547031) AND (id <= 4548030))

table 6 : explain SELECT DISTINCT c FROM sbtest6 WHERE id BETWEEN 2620098 AND 2621097 ORDER BY c
	Unique  (cost=3992.25..3997.34 rows=1018 width=121)
	  ->  Sort  (cost=3992.25..3994.80 rows=1018 width=121)
	        Sort Key: c
	        ->  Bitmap Heap Scan on sbtest6  (cost=30.87..3941.39 rows=1018 width=121)
	              Recheck Cond: ((id >= 2620098) AND (id <= 2621097))
	              ->  Bitmap Index Scan on sbtest6_pkey  (cost=0.00..30.61 rows=1018 width=0)
	                    Index Cond: ((id >= 2620098) AND (id <= 2621097))

table 7 : explain SELECT DISTINCT c FROM sbtest7 WHERE id BETWEEN 1448300 AND 1449299 ORDER BY c
	Unique  (cost=3955.87..3960.92 rows=1009 width=121)
	  ->  Sort  (cost=3955.87..3958.40 rows=1009 width=121)
	        Sort Key: c
	        ->  Bitmap Heap Scan on sbtest7  (cost=30.78..3905.53 rows=1009 width=121)
	              Recheck Cond: ((id >= 1448300) AND (id <= 1449299))
	              ->  Bitmap Index Scan on sbtest7_pkey  (cost=0.00..30.52 rows=1009 width=0)
	                    Index Cond: ((id >= 1448300) AND (id <= 1449299))

table 8 : explain SELECT DISTINCT c FROM sbtest8 WHERE id BETWEEN 2226195 AND 2227194 ORDER BY c
	Unique  (cost=3774.38..3779.18 rows=961 width=121)
	  ->  Sort  (cost=3774.38..3776.78 rows=961 width=121)
	        Sort Key: c
	        ->  Bitmap Heap Scan on sbtest8  (cost=30.29..3726.77 rows=961 width=121)
	              Recheck Cond: ((id >= 2226195) AND (id <= 2227194))
	              ->  Bitmap Index Scan on sbtest8_pkey  (cost=0.00..30.04 rows=961 width=0)
	                    Index Cond: ((id >= 2226195) AND (id <= 2227194))

for: sum_ranges
table 1 : explain SELECT SUM(k) FROM sbtest1 WHERE id BETWEEN 4656085 AND 4657084
	Aggregate  (cost=3983.55..3983.56 rows=1 width=8)
	  ->  Bitmap Heap Scan on sbtest1  (cost=30.97..3980.98 rows=1028 width=4)
	        Recheck Cond: ((id >= 4656085) AND (id <= 4657084))
	        ->  Bitmap Index Scan on sbtest1_pkey  (cost=0.00..30.71 rows=1028 width=0)
	              Index Cond: ((id >= 4656085) AND (id <= 4657084))

table 2 : explain SELECT SUM(k) FROM sbtest2 WHERE id BETWEEN 1795209 AND 1796208
	Aggregate  (cost=4249.70..4249.71 rows=1 width=8)
	  ->  Bitmap Heap Scan on sbtest2  (cost=35.69..4246.96 rows=1098 width=4)
	        Recheck Cond: ((id >= 1795209) AND (id <= 1796208))
	        ->  Bitmap Index Scan on sbtest2_pkey  (cost=0.00..35.42 rows=1098 width=0)
	              Index Cond: ((id >= 1795209) AND (id <= 1796208))

table 3 : explain SELECT SUM(k) FROM sbtest3 WHERE id BETWEEN 1966093 AND 1967092
	Aggregate  (cost=4134.68..4134.69 rows=1 width=8)
	  ->  Bitmap Heap Scan on sbtest3  (cost=31.39..4132.01 rows=1069 width=4)
	        Recheck Cond: ((id >= 1966093) AND (id <= 1967092))
	        ->  Bitmap Index Scan on sbtest3_pkey  (cost=0.00..31.12 rows=1069 width=0)
	              Index Cond: ((id >= 1966093) AND (id <= 1967092))

table 4 : explain SELECT SUM(k) FROM sbtest4 WHERE id BETWEEN 2563732 AND 2564731
	Aggregate  (cost=4170.58..4170.59 rows=1 width=8)
	  ->  Bitmap Heap Scan on sbtest4  (cost=35.47..4167.88 rows=1077 width=4)
	        Recheck Cond: ((id >= 2563732) AND (id <= 2564731))
	        ->  Bitmap Index Scan on sbtest4_pkey  (cost=0.00..35.20 rows=1077 width=0)
	              Index Cond: ((id >= 2563732) AND (id <= 2564731))

table 5 : explain SELECT SUM(k) FROM sbtest5 WHERE id BETWEEN 8755885 AND 8756884
	Aggregate  (cost=4276.33..4276.34 rows=1 width=8)
	  ->  Bitmap Heap Scan on sbtest5  (cost=35.76..4273.56 rows=1105 width=4)
	        Recheck Cond: ((id >= 8755885) AND (id <= 8756884))
	        ->  Bitmap Index Scan on sbtest5_pkey  (cost=0.00..35.48 rows=1105 width=0)
	              Index Cond: ((id >= 8755885) AND (id <= 8756884))

table 6 : explain SELECT SUM(k) FROM sbtest6 WHERE id BETWEEN 1121633 AND 1122632
	Aggregate  (cost=3891.11..3891.12 rows=1 width=8)
	  ->  Bitmap Heap Scan on sbtest6  (cost=30.73..3888.60 rows=1004 width=4)
	        Recheck Cond: ((id >= 1121633) AND (id <= 1122632))
	        ->  Bitmap Index Scan on sbtest6_pkey  (cost=0.00..30.47 rows=1004 width=0)
	              Index Cond: ((id >= 1121633) AND (id <= 1122632))

table 7 : explain SELECT SUM(k) FROM sbtest7 WHERE id BETWEEN 9984402 AND 9985401
	Aggregate  (cost=3934.45..3934.46 rows=1 width=8)
	  ->  Bitmap Heap Scan on sbtest7  (cost=30.85..3931.91 rows=1016 width=4)
	        Recheck Cond: ((id >= 9984402) AND (id <= 9985401))
	        ->  Bitmap Index Scan on sbtest7_pkey  (cost=0.00..30.59 rows=1016 width=0)
	              Index Cond: ((id >= 9984402) AND (id <= 9985401))

table 8 : explain SELECT SUM(k) FROM sbtest8 WHERE id BETWEEN 7595624 AND 7596623
	Aggregate  (cost=3736.73..3736.74 rows=1 width=8)
	  ->  Bitmap Heap Scan on sbtest8  (cost=30.31..3734.32 rows=963 width=4)
	        Recheck Cond: ((id >= 7595624) AND (id <= 7596623))
	        ->  Bitmap Index Scan on sbtest8_pkey  (cost=0.00..30.07 rows=963 width=0)
	              Index Cond: ((id >= 7595624) AND (id <= 7596623))

for: simple_ranges
table 1 : explain SELECT c FROM sbtest1 WHERE id BETWEEN 4716640 AND 4717639
	Bitmap Heap Scan on sbtest1  (cost=30.47..3796.00 rows=979 width=121)
	  Recheck Cond: ((id >= 4716640) AND (id <= 4717639))
	  ->  Bitmap Index Scan on sbtest1_pkey  (cost=0.00..30.22 rows=979 width=0)
	        Index Cond: ((id >= 4716640) AND (id <= 4717639))

table 2 : explain SELECT c FROM sbtest2 WHERE id BETWEEN 15142 AND 16141
	Bitmap Heap Scan on sbtest2  (cost=30.07..3647.17 rows=940 width=121)
	  Recheck Cond: ((id >= 15142) AND (id <= 16141))
	  ->  Bitmap Index Scan on sbtest2_pkey  (cost=0.00..29.83 rows=940 width=0)
	        Index Cond: ((id >= 15142) AND (id <= 16141))

table 3 : explain SELECT c FROM sbtest3 WHERE id BETWEEN 4617224 AND 4618223
	Bitmap Heap Scan on sbtest3  (cost=31.30..4098.15 rows=1060 width=121)
	  Recheck Cond: ((id >= 4617224) AND (id <= 4618223))
	  ->  Bitmap Index Scan on sbtest3_pkey  (cost=0.00..31.04 rows=1060 width=0)
	        Index Cond: ((id >= 4617224) AND (id <= 4618223))

table 4 : explain SELECT c FROM sbtest4 WHERE id BETWEEN 4623298 AND 4624297
	Bitmap Heap Scan on sbtest4  (cost=30.77..3903.91 rows=1008 width=121)
	  Recheck Cond: ((id >= 4623298) AND (id <= 4624297))
	  ->  Bitmap Index Scan on sbtest4_pkey  (cost=0.00..30.51 rows=1008 width=0)
	        Index Cond: ((id >= 4623298) AND (id <= 4624297))

table 5 : explain SELECT c FROM sbtest5 WHERE id BETWEEN 1911704 AND 1912703
	Bitmap Heap Scan on sbtest5  (cost=30.31..3734.32 rows=963 width=121)
	  Recheck Cond: ((id >= 1911704) AND (id <= 1912703))
	  ->  Bitmap Index Scan on sbtest5_pkey  (cost=0.00..30.07 rows=963 width=0)
	        Index Cond: ((id >= 1911704) AND (id <= 1912703))

table 6 : explain SELECT c FROM sbtest6 WHERE id BETWEEN 9685969 AND 9686968
	Bitmap Heap Scan on sbtest6  (cost=30.58..3835.77 rows=990 width=121)
	  Recheck Cond: ((id >= 9685969) AND (id <= 9686968))
	  ->  Bitmap Index Scan on sbtest6_pkey  (cost=0.00..30.33 rows=990 width=0)
	        Index Cond: ((id >= 9685969) AND (id <= 9686968))

table 7 : explain SELECT c FROM sbtest7 WHERE id BETWEEN 3987220 AND 3988219
	Bitmap Heap Scan on sbtest7  (cost=30.91..3954.51 rows=1022 width=121)
	  Recheck Cond: ((id >= 3987220) AND (id <= 3988219))
	  ->  Bitmap Index Scan on sbtest7_pkey  (cost=0.00..30.65 rows=1022 width=0)
	        Index Cond: ((id >= 3987220) AND (id <= 3988219))

table 8 : explain SELECT c FROM sbtest8 WHERE id BETWEEN 8547713 AND 8548712
	Bitmap Heap Scan on sbtest8  (cost=30.54..3821.19 rows=986 width=121)
	  Recheck Cond: ((id >= 8547713) AND (id <= 8548712))
	  ->  Bitmap Index Scan on sbtest8_pkey  (cost=0.00..30.29 rows=986 width=0)
	        Index Cond: ((id >= 8547713) AND (id <= 8548712))

for: order_ranges
table 1 : explain SELECT c FROM sbtest1 WHERE id BETWEEN 5555316 AND 5556315 ORDER BY c
	Sort  (cost=3921.31..3923.81 rows=999 width=121)
	  Sort Key: c
	  ->  Bitmap Heap Scan on sbtest1  (cost=30.67..3871.54 rows=999 width=121)
	        Recheck Cond: ((id >= 5555316) AND (id <= 5556315))
	        ->  Bitmap Index Scan on sbtest1_pkey  (cost=0.00..30.43 rows=999 width=0)
	              Index Cond: ((id >= 5555316) AND (id <= 5556315))

table 2 : explain SELECT c FROM sbtest2 WHERE id BETWEEN 9278145 AND 9279144 ORDER BY c
	Sort  (cost=3919.78..3922.28 rows=999 width=121)
	  Sort Key: c
	  ->  Bitmap Heap Scan on sbtest2  (cost=30.67..3870.01 rows=999 width=121)
	        Recheck Cond: ((id >= 9278145) AND (id <= 9279144))
	        ->  Bitmap Index Scan on sbtest2_pkey  (cost=0.00..30.43 rows=999 width=0)
	              Index Cond: ((id >= 9278145) AND (id <= 9279144))

table 3 : explain SELECT c FROM sbtest3 WHERE id BETWEEN 7844129 AND 7845128 ORDER BY c
	Sort  (cost=3987.02..3989.56 rows=1017 width=121)
	  Sort Key: c
	  ->  Bitmap Heap Scan on sbtest3  (cost=30.86..3936.22 rows=1017 width=121)
	        Recheck Cond: ((id >= 7844129) AND (id <= 7845128))
	        ->  Bitmap Index Scan on sbtest3_pkey  (cost=0.00..30.61 rows=1017 width=0)
	              Index Cond: ((id >= 7844129) AND (id <= 7845128))

table 4 : explain SELECT c FROM sbtest4 WHERE id BETWEEN 6763110 AND 6764109 ORDER BY c
	Sort  (cost=3977.17..3979.70 rows=1014 width=121)
	  Sort Key: c
	  ->  Bitmap Heap Scan on sbtest4  (cost=30.83..3926.54 rows=1014 width=121)
	        Recheck Cond: ((id >= 6763110) AND (id <= 6764109))
	        ->  Bitmap Index Scan on sbtest4_pkey  (cost=0.00..30.57 rows=1014 width=0)
	              Index Cond: ((id >= 6763110) AND (id <= 6764109))

table 5 : explain SELECT c FROM sbtest5 WHERE id BETWEEN 9119110 AND 9120109 ORDER BY c
	Sort  (cost=4103.76..4106.38 rows=1047 width=121)
	  Sort Key: c
	  ->  Bitmap Heap Scan on sbtest5  (cost=31.17..4051.24 rows=1047 width=121)
	        Recheck Cond: ((id >= 9119110) AND (id <= 9120109))
	        ->  Bitmap Index Scan on sbtest5_pkey  (cost=0.00..30.90 rows=1047 width=0)
	              Index Cond: ((id >= 9119110) AND (id <= 9120109))

table 6 : explain SELECT c FROM sbtest6 WHERE id BETWEEN 8050183 AND 8051182 ORDER BY c
	Sort  (cost=3831.39..3833.83 rows=976 width=121)
	  Sort Key: c
	  ->  Bitmap Heap Scan on sbtest6  (cost=30.44..3782.92 rows=976 width=121)
	        Recheck Cond: ((id >= 8050183) AND (id <= 8051182))
	        ->  Bitmap Index Scan on sbtest6_pkey  (cost=0.00..30.19 rows=976 width=0)
	              Index Cond: ((id >= 8050183) AND (id <= 8051182))

table 7 : explain SELECT c FROM sbtest7 WHERE id BETWEEN 6763933 AND 6764932 ORDER BY c
	Sort  (cost=4032.37..4034.94 rows=1029 width=121)
	  Sort Key: c
	  ->  Bitmap Heap Scan on sbtest7  (cost=30.98..3980.88 rows=1029 width=121)
	        Recheck Cond: ((id >= 6763933) AND (id <= 6764932))
	        ->  Bitmap Index Scan on sbtest7_pkey  (cost=0.00..30.72 rows=1029 width=0)
	              Index Cond: ((id >= 6763933) AND (id <= 6764932))

table 8 : explain SELECT c FROM sbtest8 WHERE id BETWEEN 3433352 AND 3434351 ORDER BY c
	Sort  (cost=3908.54..3911.03 rows=996 width=121)
	  Sort Key: c
	  ->  Bitmap Heap Scan on sbtest8  (cost=30.64..3858.94 rows=996 width=121)
	        Recheck Cond: ((id >= 3433352) AND (id <= 3434351))
	        ->  Bitmap Index Scan on sbtest8_pkey  (cost=0.00..30.39 rows=996 width=0)
	              Index Cond: ((id >= 3433352) AND (id <= 3434351))

for: sum_ranges
table 1 : explain SELECT SUM(k) FROM sbtest1 WHERE id BETWEEN 5545155 AND 5546154
	Aggregate  (cost=3874.03..3874.04 rows=1 width=8)
	  ->  Bitmap Heap Scan on sbtest1  (cost=30.67..3871.54 rows=999 width=4)
	        Recheck Cond: ((id >= 5545155) AND (id <= 5546154))
	        ->  Bitmap Index Scan on sbtest1_pkey  (cost=0.00..30.43 rows=999 width=0)
	              Index Cond: ((id >= 5545155) AND (id <= 5546154))

table 2 : explain SELECT SUM(k) FROM sbtest2 WHERE id BETWEEN 3435692 AND 3436691
	Aggregate  (cost=3872.51..3872.52 rows=1 width=8)
	  ->  Bitmap Heap Scan on sbtest2  (cost=30.67..3870.01 rows=999 width=4)
	        Recheck Cond: ((id >= 3435692) AND (id <= 3436691))
	        ->  Bitmap Index Scan on sbtest2_pkey  (cost=0.00..30.43 rows=999 width=0)
	              Index Cond: ((id >= 3435692) AND (id <= 3436691))

table 3 : explain SELECT SUM(k) FROM sbtest3 WHERE id BETWEEN 3640085 AND 3641084
	Aggregate  (cost=3697.15..3697.16 rows=1 width=8)
	  ->  Bitmap Heap Scan on sbtest3  (cost=30.20..3694.77 rows=953 width=4)
	        Recheck Cond: ((id >= 3640085) AND (id <= 3641084))
	        ->  Bitmap Index Scan on sbtest3_pkey  (cost=0.00..29.96 rows=953 width=0)
	              Index Cond: ((id >= 3640085) AND (id <= 3641084))

table 4 : explain SELECT SUM(k) FROM sbtest4 WHERE id BETWEEN 1418684 AND 1419683
	Aggregate  (cost=3906.43..3906.44 rows=1 width=8)
	  ->  Bitmap Heap Scan on sbtest4  (cost=30.77..3903.91 rows=1008 width=4)
	        Recheck Cond: ((id >= 1418684) AND (id <= 1419683))
	        ->  Bitmap Index Scan on sbtest4_pkey  (cost=0.00..30.51 rows=1008 width=0)
	              Index Cond: ((id >= 1418684) AND (id <= 1419683))

table 5 : explain SELECT SUM(k) FROM sbtest5 WHERE id BETWEEN 6370365 AND 6371364
	Aggregate  (cost=3936.93..3936.94 rows=1 width=8)
	  ->  Bitmap Heap Scan on sbtest5  (cost=30.85..3934.39 rows=1016 width=4)
	        Recheck Cond: ((id >= 6370365) AND (id <= 6371364))
	        ->  Bitmap Index Scan on sbtest5_pkey  (cost=0.00..30.59 rows=1016 width=0)
	              Index Cond: ((id >= 6370365) AND (id <= 6371364))

table 6 : explain SELECT SUM(k) FROM sbtest6 WHERE id BETWEEN 4037468 AND 4038467
	Aggregate  (cost=4015.60..4015.61 rows=1 width=8)
	  ->  Bitmap Heap Scan on sbtest6  (cost=31.06..4013.01 rows=1037 width=4)
	        Recheck Cond: ((id >= 4037468) AND (id <= 4038467))
	        ->  Bitmap Index Scan on sbtest6_pkey  (cost=0.00..30.80 rows=1037 width=0)
	              Index Cond: ((id >= 4037468) AND (id <= 4038467))

table 7 : explain SELECT SUM(k) FROM sbtest7 WHERE id BETWEEN 5450003 AND 5451002
	Aggregate  (cost=4006.06..4006.07 rows=1 width=8)
	  ->  Bitmap Heap Scan on sbtest7  (cost=31.04..4003.48 rows=1035 width=4)
	        Recheck Cond: ((id >= 5450003) AND (id <= 5451002))
	        ->  Bitmap Index Scan on sbtest7_pkey  (cost=0.00..30.79 rows=1035 width=0)
	              Index Cond: ((id >= 5450003) AND (id <= 5451002))

table 8 : explain SELECT SUM(k) FROM sbtest8 WHERE id BETWEEN 6584765 AND 6585764
	Aggregate  (cost=4046.56..4046.57 rows=1 width=8)
	  ->  Bitmap Heap Scan on sbtest8  (cost=35.14..4043.95 rows=1044 width=4)
	        Recheck Cond: ((id >= 6584765) AND (id <= 6585764))
	        ->  Bitmap Index Scan on sbtest8_pkey  (cost=0.00..34.88 rows=1044 width=0)
	              Index Cond: ((id >= 6584765) AND (id <= 6585764))

for: order_ranges
table 1 : explain SELECT c FROM sbtest1 WHERE id BETWEEN 9905813 AND 9906812 ORDER BY c
	Sort  (cost=4131.92..4134.56 rows=1054 width=121)
	  Sort Key: c
	  ->  Bitmap Heap Scan on sbtest1  (cost=31.24..4079.00 rows=1054 width=121)
	        Recheck Cond: ((id >= 9905813) AND (id <= 9906812))
	        ->  Bitmap Index Scan on sbtest1_pkey  (cost=0.00..30.97 rows=1054 width=0)
	              Index Cond: ((id >= 9905813) AND (id <= 9906812))

table 2 : explain SELECT c FROM sbtest2 WHERE id BETWEEN 5515647 AND 5516646 ORDER BY c
	Sort  (cost=3812.49..3814.92 rows=971 width=121)
	  Sort Key: c
	  ->  Bitmap Heap Scan on sbtest2  (cost=30.39..3764.31 rows=971 width=121)
	        Recheck Cond: ((id >= 5515647) AND (id <= 5516646))
	        ->  Bitmap Index Scan on sbtest2_pkey  (cost=0.00..30.14 rows=971 width=0)
	              Index Cond: ((id >= 5515647) AND (id <= 5516646))

table 3 : explain SELECT c FROM sbtest3 WHERE id BETWEEN 5825309 AND 5826308 ORDER BY c
	Sort  (cost=3841.55..3844.00 rows=979 width=121)
	  Sort Key: c
	  ->  Bitmap Heap Scan on sbtest3  (cost=30.47..3792.92 rows=979 width=121)
	        Recheck Cond: ((id >= 5825309) AND (id <= 5826308))
	        ->  Bitmap Index Scan on sbtest3_pkey  (cost=0.00..30.22 rows=979 width=0)
	              Index Cond: ((id >= 5825309) AND (id <= 5826308))

table 4 : explain SELECT c FROM sbtest4 WHERE id BETWEEN 2745606 AND 2746605 ORDER BY c
	Sort  (cost=3889.08..3891.56 rows=991 width=121)
	  Sort Key: c
	  ->  Bitmap Heap Scan on sbtest4  (cost=30.59..3839.77 rows=991 width=121)
	        Recheck Cond: ((id >= 2745606) AND (id <= 2746605))
	        ->  Bitmap Index Scan on sbtest4_pkey  (cost=0.00..30.34 rows=991 width=0)
	              Index Cond: ((id >= 2745606) AND (id <= 2746605))

table 5 : explain SELECT c FROM sbtest5 WHERE id BETWEEN 5144794 AND 5145793 ORDER BY c
	Sort  (cost=3705.32..3707.68 rows=943 width=121)
	  Sort Key: c
	  ->  Bitmap Heap Scan on sbtest5  (cost=30.10..3658.73 rows=943 width=121)
	        Recheck Cond: ((id >= 5144794) AND (id <= 5145793))
	        ->  Bitmap Index Scan on sbtest5_pkey  (cost=0.00..29.86 rows=943 width=0)
	              Index Cond: ((id >= 5144794) AND (id <= 5145793))

table 6 : explain SELECT c FROM sbtest6 WHERE id BETWEEN 7387841 AND 7388840 ORDER BY c
	Sort  (cost=3704.84..3707.20 rows=943 width=121)
	  Sort Key: c
	  ->  Bitmap Heap Scan on sbtest6  (cost=30.10..3658.25 rows=943 width=121)
	        Recheck Cond: ((id >= 7387841) AND (id <= 7388840))
	        ->  Bitmap Index Scan on sbtest6_pkey  (cost=0.00..29.86 rows=943 width=0)
	              Index Cond: ((id >= 7387841) AND (id <= 7388840))

table 7 : explain SELECT c FROM sbtest7 WHERE id BETWEEN 5520836 AND 5521835 ORDER BY c
	Sort  (cost=4055.31..4057.89 rows=1035 width=121)
	  Sort Key: c
	  ->  Bitmap Heap Scan on sbtest7  (cost=31.04..4003.48 rows=1035 width=121)
	        Recheck Cond: ((id >= 5520836) AND (id <= 5521835))
	        ->  Bitmap Index Scan on sbtest7_pkey  (cost=0.00..30.79 rows=1035 width=0)
	              Index Cond: ((id >= 5520836) AND (id <= 5521835))

table 8 : explain SELECT c FROM sbtest8 WHERE id BETWEEN 3783723 AND 3784722 ORDER BY c
	Sort  (cost=4103.94..4106.56 rows=1046 width=121)
	  Sort Key: c
	  ->  Bitmap Heap Scan on sbtest8  (cost=35.16..4051.48 rows=1046 width=121)
	        Recheck Cond: ((id >= 3783723) AND (id <= 3784722))
	        ->  Bitmap Index Scan on sbtest8_pkey  (cost=0.00..34.90 rows=1046 width=0)
	              Index Cond: ((id >= 3783723) AND (id <= 3784722))

for: sum_ranges
table 1 : explain SELECT SUM(k) FROM sbtest1 WHERE id BETWEEN 7520988 AND 7521987
	Aggregate  (cost=4138.43..4138.44 rows=1 width=8)
	  ->  Bitmap Heap Scan on sbtest1  (cost=35.38..4135.76 rows=1068 width=4)
	        Recheck Cond: ((id >= 7520988) AND (id <= 7521987))
	        ->  Bitmap Index Scan on sbtest1_pkey  (cost=0.00..35.12 rows=1068 width=0)
	              Index Cond: ((id >= 7520988) AND (id <= 7521987))

table 2 : explain SELECT SUM(k) FROM sbtest2 WHERE id BETWEEN 9766234 AND 9767233
	Aggregate  (cost=4264.76..4264.77 rows=1 width=8)
	  ->  Bitmap Heap Scan on sbtest2  (cost=35.73..4262.00 rows=1102 width=4)
	        Recheck Cond: ((id >= 9766234) AND (id <= 9767233))
	        ->  Bitmap Index Scan on sbtest2_pkey  (cost=0.00..35.45 rows=1102 width=0)
	              Index Cond: ((id >= 9766234) AND (id <= 9767233))

table 3 : explain SELECT SUM(k) FROM sbtest3 WHERE id BETWEEN 1744768 AND 1745767
	Aggregate  (cost=4319.24..4319.25 rows=1 width=8)
	  ->  Bitmap Heap Scan on sbtest3  (cost=35.88..4316.45 rows=1117 width=4)
	        Recheck Cond: ((id >= 1744768) AND (id <= 1745767))
	        ->  Bitmap Index Scan on sbtest3_pkey  (cost=0.00..35.61 rows=1117 width=0)
	              Index Cond: ((id >= 1744768) AND (id <= 1745767))

table 4 : explain SELECT SUM(k) FROM sbtest4 WHERE id BETWEEN 3770659 AND 3771658
	Aggregate  (cost=4328.64..4328.65 rows=1 width=8)
	  ->  Bitmap Heap Scan on sbtest4  (cost=35.90..4325.85 rows=1119 width=4)
	        Recheck Cond: ((id >= 3770659) AND (id <= 3771658))
	        ->  Bitmap Index Scan on sbtest4_pkey  (cost=0.00..35.62 rows=1119 width=0)
	              Index Cond: ((id >= 3770659) AND (id <= 3771658))

table 5 : explain SELECT SUM(k) FROM sbtest5 WHERE id BETWEEN 8026548 AND 8027547
	Aggregate  (cost=3876.53..3876.54 rows=1 width=8)
	  ->  Bitmap Heap Scan on sbtest5  (cost=30.68..3874.03 rows=1000 width=4)
	        Recheck Cond: ((id >= 8026548) AND (id <= 8027547))
	        ->  Bitmap Index Scan on sbtest5_pkey  (cost=0.00..30.43 rows=1000 width=0)
	              Index Cond: ((id >= 8026548) AND (id <= 8027547))

table 6 : explain SELECT SUM(k) FROM sbtest6 WHERE id BETWEEN 2465203 AND 2466202
	Aggregate  (cost=3478.90..3478.91 rows=1 width=8)
	  ->  Bitmap Heap Scan on sbtest6  (cost=29.61..3476.66 rows=895 width=4)
	        Recheck Cond: ((id >= 2465203) AND (id <= 2466202))
	        ->  Bitmap Index Scan on sbtest6_pkey  (cost=0.00..29.39 rows=895 width=0)
	              Index Cond: ((id >= 2465203) AND (id <= 2466202))

table 7 : explain SELECT SUM(k) FROM sbtest7 WHERE id BETWEEN 9120056 AND 9121055
	Aggregate  (cost=3753.33..3753.34 rows=1 width=8)
	  ->  Bitmap Heap Scan on sbtest7  (cost=30.36..3750.91 rows=968 width=4)
	        Recheck Cond: ((id >= 9120056) AND (id <= 9121055))
	        ->  Bitmap Index Scan on sbtest7_pkey  (cost=0.00..30.11 rows=968 width=0)
	              Index Cond: ((id >= 9120056) AND (id <= 9121055))

table 8 : explain SELECT SUM(k) FROM sbtest8 WHERE id BETWEEN 7383949 AND 7384948
	Aggregate  (cost=4016.16..4016.17 rows=1 width=8)
	  ->  Bitmap Heap Scan on sbtest8  (cost=31.06..4013.57 rows=1037 width=4)
	        Recheck Cond: ((id >= 7383949) AND (id <= 7384948))
	        ->  Bitmap Index Scan on sbtest8_pkey  (cost=0.00..30.80 rows=1037 width=0)
	              Index Cond: ((id >= 7383949) AND (id <= 7384948))

for: distinct_ranges
table 1 : explain SELECT DISTINCT c FROM sbtest1 WHERE id BETWEEN 1452645 AND 1453644 ORDER BY c
	Unique  (cost=3971.12..3976.18 rows=1012 width=121)
	  ->  Sort  (cost=3971.12..3973.65 rows=1012 width=121)
	        Sort Key: c
	        ->  Bitmap Heap Scan on sbtest1  (cost=30.81..3920.61 rows=1012 width=121)
	              Recheck Cond: ((id >= 1452645) AND (id <= 1453644))
	              ->  Bitmap Index Scan on sbtest1_pkey  (cost=0.00..30.55 rows=1012 width=0)
	                    Index Cond: ((id >= 1452645) AND (id <= 1453644))

table 2 : explain SELECT DISTINCT c FROM sbtest2 WHERE id BETWEEN 9491596 AND 9492595 ORDER BY c
	Unique  (cost=3908.29..3913.27 rows=996 width=121)
	  ->  Sort  (cost=3908.29..3910.78 rows=996 width=121)
	        Sort Key: c
	        ->  Bitmap Heap Scan on sbtest2  (cost=30.64..3858.69 rows=996 width=121)
	              Recheck Cond: ((id >= 9491596) AND (id <= 9492595))
	              ->  Bitmap Index Scan on sbtest2_pkey  (cost=0.00..30.39 rows=996 width=0)
	                    Index Cond: ((id >= 9491596) AND (id <= 9492595))

table 3 : explain SELECT DISTINCT c FROM sbtest3 WHERE id BETWEEN 6280919 AND 6281918 ORDER BY c
	Unique  (cost=3515.54..3520.01 rows=894 width=121)
	  ->  Sort  (cost=3515.54..3517.77 rows=894 width=121)
	        Sort Key: c
	        ->  Bitmap Heap Scan on sbtest3  (cost=29.60..3471.71 rows=894 width=121)
	              Recheck Cond: ((id >= 6280919) AND (id <= 6281918))
	              ->  Bitmap Index Scan on sbtest3_pkey  (cost=0.00..29.37 rows=894 width=0)
	                    Index Cond: ((id >= 6280919) AND (id <= 6281918))

table 4 : explain SELECT DISTINCT c FROM sbtest4 WHERE id BETWEEN 1916376 AND 1917375 ORDER BY c
	Unique  (cost=3881.42..3886.36 rows=989 width=121)
	  ->  Sort  (cost=3881.42..3883.89 rows=989 width=121)
	        Sort Key: c
	        ->  Bitmap Heap Scan on sbtest4  (cost=30.57..3832.22 rows=989 width=121)
	              Recheck Cond: ((id >= 1916376) AND (id <= 1917375))
	              ->  Bitmap Index Scan on sbtest4_pkey  (cost=0.00..30.32 rows=989 width=0)
	                    Index Cond: ((id >= 1916376) AND (id <= 1917375))

table 5 : explain SELECT DISTINCT c FROM sbtest5 WHERE id BETWEEN 1032362 AND 1033361 ORDER BY c
	Unique  (cost=3712.99..3717.72 rows=945 width=121)
	  ->  Sort  (cost=3712.99..3715.36 rows=945 width=121)
	        Sort Key: c
	        ->  Bitmap Heap Scan on sbtest5  (cost=30.12..3666.29 rows=945 width=121)
	              Recheck Cond: ((id >= 1032362) AND (id <= 1033361))
	              ->  Bitmap Index Scan on sbtest5_pkey  (cost=0.00..29.89 rows=945 width=0)
	                    Index Cond: ((id >= 1032362) AND (id <= 1033361))

table 6 : explain SELECT DISTINCT c FROM sbtest6 WHERE id BETWEEN 6878878 AND 6879877 ORDER BY c
	Unique  (cost=3992.25..3997.34 rows=1018 width=121)
	  ->  Sort  (cost=3992.25..3994.80 rows=1018 width=121)
	        Sort Key: c
	        ->  Bitmap Heap Scan on sbtest6  (cost=30.87..3941.39 rows=1018 width=121)
	              Recheck Cond: ((id >= 6878878) AND (id <= 6879877))
	              ->  Bitmap Index Scan on sbtest6_pkey  (cost=0.00..30.61 rows=1018 width=0)
	                    Index Cond: ((id >= 6878878) AND (id <= 6879877))

table 7 : explain SELECT DISTINCT c FROM sbtest7 WHERE id BETWEEN 9159699 AND 9160698 ORDER BY c
	Unique  (cost=3798.91..3803.75 rows=968 width=121)
	  ->  Sort  (cost=3798.91..3801.33 rows=968 width=121)
	        Sort Key: c
	        ->  Bitmap Heap Scan on sbtest7  (cost=30.36..3750.91 rows=968 width=121)
	              Recheck Cond: ((id >= 9159699) AND (id <= 9160698))
	              ->  Bitmap Index Scan on sbtest7_pkey  (cost=0.00..30.11 rows=968 width=0)
	                    Index Cond: ((id >= 9159699) AND (id <= 9160698))

table 8 : explain SELECT DISTINCT c FROM sbtest8 WHERE id BETWEEN 976390 AND 977389 ORDER BY c
	Unique  (cost=4046.38..4051.54 rows=1032 width=121)
	  ->  Sort  (cost=4046.38..4048.96 rows=1032 width=121)
	        Sort Key: c
	        ->  Bitmap Heap Scan on sbtest8  (cost=31.01..3994.72 rows=1032 width=121)
	              Recheck Cond: ((id >= 976390) AND (id <= 977389))
	              ->  Bitmap Index Scan on sbtest8_pkey  (cost=0.00..30.75 rows=1032 width=0)
	                    Index Cond: ((id >= 976390) AND (id <= 977389))

for: order_ranges
table 1 : explain SELECT c FROM sbtest1 WHERE id BETWEEN 572824 AND 573823 ORDER BY c
	Sort  (cost=3664.26..3666.59 rows=932 width=121)
	  Sort Key: c
	  ->  Bitmap Heap Scan on sbtest1  (cost=29.99..3618.29 rows=932 width=121)
	        Recheck Cond: ((id >= 572824) AND (id <= 573823))
	        ->  Bitmap Index Scan on sbtest1_pkey  (cost=0.00..29.75 rows=932 width=0)
	              Index Cond: ((id >= 572824) AND (id <= 573823))

table 2 : explain SELECT c FROM sbtest2 WHERE id BETWEEN 6594362 AND 6595361 ORDER BY c
	Sort  (cost=3747.30..3749.68 rows=954 width=121)
	  Sort Key: c
	  ->  Bitmap Heap Scan on sbtest2  (cost=30.21..3700.09 rows=954 width=121)
	        Recheck Cond: ((id >= 6594362) AND (id <= 6595361))
	        ->  Bitmap Index Scan on sbtest2_pkey  (cost=0.00..29.97 rows=954 width=0)
	              Index Cond: ((id >= 6594362) AND (id <= 6595361))

table 3 : explain SELECT c FROM sbtest3 WHERE id BETWEEN 9184572 AND 9185571 ORDER BY c
	Sort  (cost=3764.92..3767.32 rows=959 width=121)
	  Sort Key: c
	  ->  Bitmap Heap Scan on sbtest3  (cost=30.26..3717.43 rows=959 width=121)
	        Recheck Cond: ((id >= 9184572) AND (id <= 9185571))
	        ->  Bitmap Index Scan on sbtest3_pkey  (cost=0.00..30.02 rows=959 width=0)
	              Index Cond: ((id >= 9184572) AND (id <= 9185571))

table 4 : explain SELECT c FROM sbtest4 WHERE id BETWEEN 8147392 AND 8148391 ORDER BY c
	Sort  (cost=4011.62..4014.18 rows=1023 width=121)
	  Sort Key: c
	  ->  Bitmap Heap Scan on sbtest4  (cost=30.92..3960.47 rows=1023 width=121)
	        Recheck Cond: ((id >= 8147392) AND (id <= 8148391))
	        ->  Bitmap Index Scan on sbtest4_pkey  (cost=0.00..30.66 rows=1023 width=0)
	              Index Cond: ((id >= 8147392) AND (id <= 8148391))

table 5 : explain SELECT c FROM sbtest5 WHERE id BETWEEN 3883970 AND 3884969 ORDER BY c
	Sort  (cost=3778.21..3780.61 rows=962 width=121)
	  Sort Key: c
	  ->  Bitmap Heap Scan on sbtest5  (cost=30.30..3730.54 rows=962 width=121)
	        Recheck Cond: ((id >= 3883970) AND (id <= 3884969))
	        ->  Bitmap Index Scan on sbtest5_pkey  (cost=0.00..30.05 rows=962 width=0)
	              Index Cond: ((id >= 3883970) AND (id <= 3884969))

table 6 : explain SELECT c FROM sbtest6 WHERE id BETWEEN 3636303 AND 3637302 ORDER BY c
	Sort  (cost=3654.96..3657.28 rows=930 width=121)
	  Sort Key: c
	  ->  Bitmap Heap Scan on sbtest6  (cost=29.97..3609.10 rows=930 width=121)
	        Recheck Cond: ((id >= 3636303) AND (id <= 3637302))
	        ->  Bitmap Index Scan on sbtest6_pkey  (cost=0.00..29.73 rows=930 width=0)
	              Index Cond: ((id >= 3636303) AND (id <= 3637302))

table 7 : explain SELECT c FROM sbtest7 WHERE id BETWEEN 788102 AND 789101 ORDER BY c
	Sort  (cost=3978.83..3981.36 rows=1015 width=121)
	  Sort Key: c
	  ->  Bitmap Heap Scan on sbtest7  (cost=30.84..3928.14 rows=1015 width=121)
	        Recheck Cond: ((id >= 788102) AND (id <= 789101))
	        ->  Bitmap Index Scan on sbtest7_pkey  (cost=0.00..30.58 rows=1015 width=0)
	              Index Cond: ((id >= 788102) AND (id <= 789101))

table 8 : explain SELECT c FROM sbtest8 WHERE id BETWEEN 9566217 AND 9567216 ORDER BY c
	Sort  (cost=3574.78..3577.05 rows=909 width=121)
	  Sort Key: c
	  ->  Bitmap Heap Scan on sbtest8  (cost=29.75..3530.11 rows=909 width=121)
	        Recheck Cond: ((id >= 9566217) AND (id <= 9567216))
	        ->  Bitmap Index Scan on sbtest8_pkey  (cost=0.00..29.52 rows=909 width=0)
	              Index Cond: ((id >= 9566217) AND (id <= 9567216))

for: sum_ranges
table 1 : explain SELECT SUM(k) FROM sbtest1 WHERE id BETWEEN 3295127 AND 3296126
	Aggregate  (cost=3806.01..3806.02 rows=1 width=8)
	  ->  Bitmap Heap Scan on sbtest1  (cost=30.49..3803.56 rows=981 width=4)
	        Recheck Cond: ((id >= 3295127) AND (id <= 3296126))
	        ->  Bitmap Index Scan on sbtest1_pkey  (cost=0.00..30.25 rows=981 width=0)
	              Index Cond: ((id >= 3295127) AND (id <= 3296126))

table 2 : explain SELECT SUM(k) FROM sbtest2 WHERE id BETWEEN 2960027 AND 2961026
	Aggregate  (cost=3789.41..3789.42 rows=1 width=8)
	  ->  Bitmap Heap Scan on sbtest2  (cost=30.45..3786.97 rows=977 width=4)
	        Recheck Cond: ((id >= 2960027) AND (id <= 2961026))
	        ->  Bitmap Index Scan on sbtest2_pkey  (cost=0.00..30.20 rows=977 width=0)
	              Index Cond: ((id >= 2960027) AND (id <= 2961026))

table 3 : explain SELECT SUM(k) FROM sbtest3 WHERE id BETWEEN 8242643 AND 8243642
	Aggregate  (cost=3784.04..3784.05 rows=1 width=8)
	  ->  Bitmap Heap Scan on sbtest3  (cost=30.44..3781.60 rows=976 width=4)
	        Recheck Cond: ((id >= 8242643) AND (id <= 8243642))
	        ->  Bitmap Index Scan on sbtest3_pkey  (cost=0.00..30.19 rows=976 width=0)
	              Index Cond: ((id >= 8242643) AND (id <= 8243642))

table 4 : explain SELECT SUM(k) FROM sbtest4 WHERE id BETWEEN 2131076 AND 2132075
	Aggregate  (cost=3728.88..3728.89 rows=1 width=8)
	  ->  Bitmap Heap Scan on sbtest4  (cost=30.29..3726.48 rows=961 width=4)
	        Recheck Cond: ((id >= 2131076) AND (id <= 2132075))
	        ->  Bitmap Index Scan on sbtest4_pkey  (cost=0.00..30.04 rows=961 width=0)
	              Index Cond: ((id >= 2131076) AND (id <= 2132075))

table 5 : explain SELECT SUM(k) FROM sbtest5 WHERE id BETWEEN 5309316 AND 5310315
	Aggregate  (cost=3982.21..3982.22 rows=1 width=8)
	  ->  Bitmap Heap Scan on sbtest5  (cost=30.97..3979.64 rows=1028 width=4)
	        Recheck Cond: ((id >= 5309316) AND (id <= 5310315))
	        ->  Bitmap Index Scan on sbtest5_pkey  (cost=0.00..30.71 rows=1028 width=0)
	              Index Cond: ((id >= 5309316) AND (id <= 5310315))

table 6 : explain SELECT SUM(k) FROM sbtest6 WHERE id BETWEEN 3061386 AND 3062385
	Aggregate  (cost=3842.02..3842.03 rows=1 width=8)
	  ->  Bitmap Heap Scan on sbtest6  (cost=30.59..3839.55 rows=991 width=4)
	        Recheck Cond: ((id >= 3061386) AND (id <= 3062385))
	        ->  Bitmap Index Scan on sbtest6_pkey  (cost=0.00..30.34 rows=991 width=0)
	              Index Cond: ((id >= 3061386) AND (id <= 3062385))

table 7 : explain SELECT SUM(k) FROM sbtest7 WHERE id BETWEEN 5533276 AND 5534275
	Aggregate  (cost=4006.06..4006.07 rows=1 width=8)
	  ->  Bitmap Heap Scan on sbtest7  (cost=31.04..4003.48 rows=1035 width=4)
	        Recheck Cond: ((id >= 5533276) AND (id <= 5534275))
	        ->  Bitmap Index Scan on sbtest7_pkey  (cost=0.00..30.79 rows=1035 width=0)
	              Index Cond: ((id >= 5533276) AND (id <= 5534275))

table 8 : explain SELECT SUM(k) FROM sbtest8 WHERE id BETWEEN 3582579 AND 3583578
	Aggregate  (cost=3551.32..3551.33 rows=1 width=8)
	  ->  Bitmap Heap Scan on sbtest8  (cost=29.80..3549.04 rows=914 width=4)
	        Recheck Cond: ((id >= 3582579) AND (id <= 3583578))
	        ->  Bitmap Index Scan on sbtest8_pkey  (cost=0.00..29.57 rows=914 width=0)
	              Index Cond: ((id >= 3582579) AND (id <= 3583578))

for: order_ranges
table 1 : explain SELECT c FROM sbtest1 WHERE id BETWEEN 7654544 AND 7655543 ORDER BY c
	Sort  (cost=4120.45..4123.07 rows=1051 width=121)
	  Sort Key: c
	  ->  Bitmap Heap Scan on sbtest1  (cost=31.21..4067.70 rows=1051 width=121)
	        Recheck Cond: ((id >= 7654544) AND (id <= 7655543))
	        ->  Bitmap Index Scan on sbtest1_pkey  (cost=0.00..30.94 rows=1051 width=0)
	              Index Cond: ((id >= 7654544) AND (id <= 7655543))

table 2 : explain SELECT c FROM sbtest2 WHERE id BETWEEN 8131065 AND 8132064 ORDER BY c
	Sort  (cost=3716.61..3718.97 rows=946 width=121)
	  Sort Key: c
	  ->  Bitmap Heap Scan on sbtest2  (cost=30.13..3669.85 rows=946 width=121)
	        Recheck Cond: ((id >= 8131065) AND (id <= 8132064))
	        ->  Bitmap Index Scan on sbtest2_pkey  (cost=0.00..29.89 rows=946 width=0)
	              Index Cond: ((id >= 8131065) AND (id <= 8132064))

table 3 : explain SELECT c FROM sbtest3 WHERE id BETWEEN 8460398 AND 8461397 ORDER BY c
	Sort  (cost=3772.59..3774.99 rows=961 width=121)
	  Sort Key: c
	  ->  Bitmap Heap Scan on sbtest3  (cost=30.29..3724.98 rows=961 width=121)
	        Recheck Cond: ((id >= 8460398) AND (id <= 8461397))
	        ->  Bitmap Index Scan on sbtest3_pkey  (cost=0.00..30.04 rows=961 width=0)
	              Index Cond: ((id >= 8460398) AND (id <= 8461397))

table 4 : explain SELECT c FROM sbtest4 WHERE id BETWEEN 6330298 AND 6331297 ORDER BY c
	Sort  (cost=3873.76..3876.22 rows=987 width=121)
	  Sort Key: c
	  ->  Bitmap Heap Scan on sbtest4  (cost=30.55..3824.67 rows=987 width=121)
	        Recheck Cond: ((id >= 6330298) AND (id <= 6331297))
	        ->  Bitmap Index Scan on sbtest4_pkey  (cost=0.00..30.30 rows=987 width=0)
	              Index Cond: ((id >= 6330298) AND (id <= 6331297))

table 5 : explain SELECT c FROM sbtest5 WHERE id BETWEEN 7546166 AND 7547165 ORDER BY c
	Sort  (cost=3862.55..3865.01 rows=984 width=121)
	  Sort Key: c
	  ->  Bitmap Heap Scan on sbtest5  (cost=30.52..3813.63 rows=984 width=121)
	        Recheck Cond: ((id >= 7546166) AND (id <= 7547165))
	        ->  Bitmap Index Scan on sbtest5_pkey  (cost=0.00..30.27 rows=984 width=0)
	              Index Cond: ((id >= 7546166) AND (id <= 7547165))

table 6 : explain SELECT c FROM sbtest6 WHERE id BETWEEN 9704998 AND 9705997 ORDER BY c
	Sort  (cost=3735.53..3737.91 rows=951 width=121)
	  Sort Key: c
	  ->  Bitmap Heap Scan on sbtest6  (cost=30.18..3688.49 rows=951 width=121)
	        Recheck Cond: ((id >= 9704998) AND (id <= 9705997))
	        ->  Bitmap Index Scan on sbtest6_pkey  (cost=0.00..29.94 rows=951 width=0)
	              Index Cond: ((id >= 9704998) AND (id <= 9705997))

table 7 : explain SELECT c FROM sbtest7 WHERE id BETWEEN 801448 AND 802447 ORDER BY c
	Sort  (cost=3829.56..3832.00 rows=976 width=121)
	  Sort Key: c
	  ->  Bitmap Heap Scan on sbtest7  (cost=30.44..3781.09 rows=976 width=121)
	        Recheck Cond: ((id >= 801448) AND (id <= 802447))
	        ->  Bitmap Index Scan on sbtest7_pkey  (cost=0.00..30.19 rows=976 width=0)
	              Index Cond: ((id >= 801448) AND (id <= 802447))

table 8 : explain SELECT c FROM sbtest8 WHERE id BETWEEN 8125638 AND 8126637 ORDER BY c
	Sort  (cost=4146.01..4148.65 rows=1057 width=121)
	  Sort Key: c
	  ->  Bitmap Heap Scan on sbtest8  (cost=35.27..4092.92 rows=1057 width=121)
	        Recheck Cond: ((id >= 8125638) AND (id <= 8126637))
	        ->  Bitmap Index Scan on sbtest8_pkey  (cost=0.00..35.01 rows=1057 width=0)
	              Index Cond: ((id >= 8125638) AND (id <= 8126637))

for: simple_ranges
table 1 : explain SELECT c FROM sbtest1 WHERE id BETWEEN 9837027 AND 9838026
	Bitmap Heap Scan on sbtest1  (cost=31.05..4011.15 rows=1036 width=121)
	  Recheck Cond: ((id >= 9837027) AND (id <= 9838026))
	  ->  Bitmap Index Scan on sbtest1_pkey  (cost=0.00..30.79 rows=1036 width=0)
	        Index Cond: ((id >= 9837027) AND (id <= 9838026))

table 2 : explain SELECT c FROM sbtest2 WHERE id BETWEEN 301487 AND 302486
	Bitmap Heap Scan on sbtest2  (cost=31.18..4054.75 rows=1048 width=121)
	  Recheck Cond: ((id >= 301487) AND (id <= 302486))
	  ->  Bitmap Index Scan on sbtest2_pkey  (cost=0.00..30.91 rows=1048 width=0)
	        Index Cond: ((id >= 301487) AND (id <= 302486))

table 3 : explain SELECT c FROM sbtest3 WHERE id BETWEEN 642276 AND 643275
	Bitmap Heap Scan on sbtest3  (cost=30.15..3675.88 rows=948 width=121)
	  Recheck Cond: ((id >= 642276) AND (id <= 643275))
	  ->  Bitmap Index Scan on sbtest3_pkey  (cost=0.00..29.91 rows=948 width=0)
	        Index Cond: ((id >= 642276) AND (id <= 643275))

table 4 : explain SELECT c FROM sbtest4 WHERE id BETWEEN 3223230 AND 3224229
	Bitmap Heap Scan on sbtest4  (cost=30.54..3820.89 rows=986 width=121)
	  Recheck Cond: ((id >= 3223230) AND (id <= 3224229))
	  ->  Bitmap Index Scan on sbtest4_pkey  (cost=0.00..30.29 rows=986 width=0)
	        Index Cond: ((id >= 3223230) AND (id <= 3224229))

table 5 : explain SELECT c FROM sbtest5 WHERE id BETWEEN 3769566 AND 3770565
	Bitmap Heap Scan on sbtest5  (cost=31.25..4081.38 rows=1055 width=121)
	  Recheck Cond: ((id >= 3769566) AND (id <= 3770565))
	  ->  Bitmap Index Scan on sbtest5_pkey  (cost=0.00..30.98 rows=1055 width=0)
	        Index Cond: ((id >= 3769566) AND (id <= 3770565))

table 6 : explain SELECT c FROM sbtest6 WHERE id BETWEEN 5266033 AND 5267032
	Bitmap Heap Scan on sbtest6  (cost=30.27..3722.50 rows=960 width=121)
	  Recheck Cond: ((id >= 5266033) AND (id <= 5267032))
	  ->  Bitmap Index Scan on sbtest6_pkey  (cost=0.00..30.04 rows=960 width=0)
	        Index Cond: ((id >= 5266033) AND (id <= 5267032))

table 7 : explain SELECT c FROM sbtest7 WHERE id BETWEEN 2392126 AND 2393125
	Bitmap Heap Scan on sbtest7  (cost=29.16..3308.44 rows=851 width=121)
	  Recheck Cond: ((id >= 2392126) AND (id <= 2393125))
	  ->  Bitmap Index Scan on sbtest7_pkey  (cost=0.00..28.94 rows=851 width=0)
	        Index Cond: ((id >= 2392126) AND (id <= 2393125))

table 8 : explain SELECT c FROM sbtest8 WHERE id BETWEEN 1833113 AND 1834112
	Bitmap Heap Scan on sbtest8  (cost=30.34..3745.66 rows=966 width=121)
	  Recheck Cond: ((id >= 1833113) AND (id <= 1834112))
	  ->  Bitmap Index Scan on sbtest8_pkey  (cost=0.00..30.09 rows=966 width=0)
	        Index Cond: ((id >= 1833113) AND (id <= 1834112))

for: order_ranges
table 1 : explain SELECT c FROM sbtest1 WHERE id BETWEEN 5983734 AND 5984733 ORDER BY c
	Sort  (cost=3737.21..3739.58 rows=951 width=121)
	  Sort Key: c
	  ->  Bitmap Heap Scan on sbtest1  (cost=30.18..3690.16 rows=951 width=121)
	        Recheck Cond: ((id >= 5983734) AND (id <= 5984733))
	        ->  Bitmap Index Scan on sbtest1_pkey  (cost=0.00..29.94 rows=951 width=0)
	              Index Cond: ((id >= 5983734) AND (id <= 5984733))

table 2 : explain SELECT c FROM sbtest2 WHERE id BETWEEN 4038174 AND 4039173 ORDER BY c
	Sort  (cost=4279.50..4282.23 rows=1092 width=121)
	  Sort Key: c
	  ->  Bitmap Heap Scan on sbtest2  (cost=35.63..4224.39 rows=1092 width=121)
	        Recheck Cond: ((id >= 4038174) AND (id <= 4039173))
	        ->  Bitmap Index Scan on sbtest2_pkey  (cost=0.00..35.36 rows=1092 width=0)
	              Index Cond: ((id >= 4038174) AND (id <= 4039173))

table 3 : explain SELECT c FROM sbtest3 WHERE id BETWEEN 6716579 AND 6717578 ORDER BY c
	Sort  (cost=4281.43..4284.16 rows=1093 width=121)
	  Sort Key: c
	  ->  Bitmap Heap Scan on sbtest3  (cost=35.64..4226.26 rows=1093 width=121)
	        Recheck Cond: ((id >= 6716579) AND (id <= 6717578))
	        ->  Bitmap Index Scan on sbtest3_pkey  (cost=0.00..35.37 rows=1093 width=0)
	              Index Cond: ((id >= 6716579) AND (id <= 6717578))

table 4 : explain SELECT c FROM sbtest4 WHERE id BETWEEN 1848688 AND 1849687 ORDER BY c
	Sort  (cost=4218.30..4220.99 rows=1076 width=121)
	  Sort Key: c
	  ->  Bitmap Heap Scan on sbtest4  (cost=35.46..4164.12 rows=1076 width=121)
	        Recheck Cond: ((id >= 1848688) AND (id <= 1849687))
	        ->  Bitmap Index Scan on sbtest4_pkey  (cost=0.00..35.20 rows=1076 width=0)
	              Index Cond: ((id >= 1848688) AND (id <= 1849687))

table 5 : explain SELECT c FROM sbtest5 WHERE id BETWEEN 1911815 AND 1912814 ORDER BY c
	Sort  (cost=3782.04..3784.45 rows=963 width=121)
	  Sort Key: c
	  ->  Bitmap Heap Scan on sbtest5  (cost=30.31..3734.32 rows=963 width=121)
	        Recheck Cond: ((id >= 1911815) AND (id <= 1912814))
	        ->  Bitmap Index Scan on sbtest5_pkey  (cost=0.00..30.07 rows=963 width=0)
	              Index Cond: ((id >= 1911815) AND (id <= 1912814))

table 6 : explain SELECT c FROM sbtest6 WHERE id BETWEEN 1224575 AND 1225574 ORDER BY c
	Sort  (cost=3953.97..3956.49 rows=1008 width=121)
	  Sort Key: c
	  ->  Bitmap Heap Scan on sbtest6  (cost=30.77..3903.68 rows=1008 width=121)
	        Recheck Cond: ((id >= 1224575) AND (id <= 1225574))
	        ->  Bitmap Index Scan on sbtest6_pkey  (cost=0.00..30.51 rows=1008 width=0)
	              Index Cond: ((id >= 1224575) AND (id <= 1225574))

table 7 : explain SELECT c FROM sbtest7 WHERE id BETWEEN 5875790 AND 5876789 ORDER BY c
	Sort  (cost=3837.22..3839.66 rows=978 width=121)
	  Sort Key: c
	  ->  Bitmap Heap Scan on sbtest7  (cost=30.46..3788.64 rows=978 width=121)
	        Recheck Cond: ((id >= 5875790) AND (id <= 5876789))
	        ->  Bitmap Index Scan on sbtest7_pkey  (cost=0.00..30.21 rows=978 width=0)
	              Index Cond: ((id >= 5875790) AND (id <= 5876789))

table 8 : explain SELECT c FROM sbtest8 WHERE id BETWEEN 2600223 AND 2601222 ORDER BY c
	Sort  (cost=3939.18..3941.69 rows=1004 width=121)
	  Sort Key: c
	  ->  Bitmap Heap Scan on sbtest8  (cost=30.73..3889.12 rows=1004 width=121)
	        Recheck Cond: ((id >= 2600223) AND (id <= 2601222))
	        ->  Bitmap Index Scan on sbtest8_pkey  (cost=0.00..30.47 rows=1004 width=0)
	              Index Cond: ((id >= 2600223) AND (id <= 2601222))

for: distinct_ranges
table 1 : explain SELECT DISTINCT c FROM sbtest1 WHERE id BETWEEN 2066303 AND 2067302 ORDER BY c
	Unique  (cost=4032.40..4037.54 rows=1028 width=121)
	  ->  Sort  (cost=4032.40..4034.97 rows=1028 width=121)
	        Sort Key: c
	        ->  Bitmap Heap Scan on sbtest1  (cost=30.97..3980.98 rows=1028 width=121)
	              Recheck Cond: ((id >= 2066303) AND (id <= 2067302))
	              ->  Bitmap Index Scan on sbtest1_pkey  (cost=0.00..30.71 rows=1028 width=0)
	                    Index Cond: ((id >= 2066303) AND (id <= 2067302))

table 2 : explain SELECT DISTINCT c FROM sbtest2 WHERE id BETWEEN 9255711 AND 9256710 ORDER BY c
	Unique  (cost=3919.78..3924.78 rows=999 width=121)
	  ->  Sort  (cost=3919.78..3922.28 rows=999 width=121)
	        Sort Key: c
	        ->  Bitmap Heap Scan on sbtest2  (cost=30.67..3870.01 rows=999 width=121)
	              Recheck Cond: ((id >= 9255711) AND (id <= 9256710))
	              ->  Bitmap Index Scan on sbtest2_pkey  (cost=0.00..30.43 rows=999 width=0)
	                    Index Cond: ((id >= 9255711) AND (id <= 9256710))

table 3 : explain SELECT DISTINCT c FROM sbtest3 WHERE id BETWEEN 1593794 AND 1594793 ORDER BY c
	Unique  (cost=3948.75..3953.79 rows=1007 width=121)
	  ->  Sort  (cost=3948.75..3951.27 rows=1007 width=121)
	        Sort Key: c
	        ->  Bitmap Heap Scan on sbtest3  (cost=30.76..3898.52 rows=1007 width=121)
	              Recheck Cond: ((id >= 1593794) AND (id <= 1594793))
	              ->  Bitmap Index Scan on sbtest3_pkey  (cost=0.00..30.50 rows=1007 width=0)
	                    Index Cond: ((id >= 1593794) AND (id <= 1594793))

table 4 : explain SELECT DISTINCT c FROM sbtest4 WHERE id BETWEEN 4090024 AND 4091023 ORDER BY c
	Unique  (cost=4309.98..4315.48 rows=1100 width=121)
	  ->  Sort  (cost=4309.98..4312.73 rows=1100 width=121)
	        Sort Key: c
	        ->  Bitmap Heap Scan on sbtest4  (cost=35.71..4254.41 rows=1100 width=121)
	              Recheck Cond: ((id >= 4090024) AND (id <= 4091023))
	              ->  Bitmap Index Scan on sbtest4_pkey  (cost=0.00..35.44 rows=1100 width=0)
	                    Index Cond: ((id >= 4090024) AND (id <= 4091023))

table 5 : explain SELECT DISTINCT c FROM sbtest5 WHERE id BETWEEN 3347498 AND 3348497 ORDER BY c
	Unique  (cost=3812.72..3817.57 rows=971 width=121)
	  ->  Sort  (cost=3812.72..3815.15 rows=971 width=121)
	        Sort Key: c
	        ->  Bitmap Heap Scan on sbtest5  (cost=30.39..3764.54 rows=971 width=121)
	              Recheck Cond: ((id >= 3347498) AND (id <= 3348497))
	              ->  Bitmap Index Scan on sbtest5_pkey  (cost=0.00..30.14 rows=971 width=0)
	                    Index Cond: ((id >= 3347498) AND (id <= 3348497))

table 6 : explain SELECT DISTINCT c FROM sbtest6 WHERE id BETWEEN 7153691 AND 7154690 ORDER BY c
	Unique  (cost=3865.88..3870.80 rows=985 width=121)
	  ->  Sort  (cost=3865.88..3868.34 rows=985 width=121)
	        Sort Key: c
	        ->  Bitmap Heap Scan on sbtest6  (cost=30.53..3816.90 rows=985 width=121)
	              Recheck Cond: ((id >= 7153691) AND (id <= 7154690))
	              ->  Bitmap Index Scan on sbtest6_pkey  (cost=0.00..30.29 rows=985 width=0)
	                    Index Cond: ((id >= 7153691) AND (id <= 7154690))

table 7 : explain SELECT DISTINCT c FROM sbtest7 WHERE id BETWEEN 7012506 AND 7013505 ORDER BY c
	Unique  (cost=3791.25..3796.08 rows=966 width=121)
	  ->  Sort  (cost=3791.25..3793.67 rows=966 width=121)
	        Sort Key: c
	        ->  Bitmap Heap Scan on sbtest7  (cost=30.34..3743.36 rows=966 width=121)
	              Recheck Cond: ((id >= 7012506) AND (id <= 7013505))
	              ->  Bitmap Index Scan on sbtest7_pkey  (cost=0.00..30.09 rows=966 width=0)
	                    Index Cond: ((id >= 7012506) AND (id <= 7013505))

table 8 : explain SELECT DISTINCT c FROM sbtest8 WHERE id BETWEEN 8355472 AND 8356471 ORDER BY c
	Unique  (cost=3854.89..3859.80 rows=982 width=121)
	  ->  Sort  (cost=3854.89..3857.35 rows=982 width=121)
	        Sort Key: c
	        ->  Bitmap Heap Scan on sbtest8  (cost=30.50..3806.09 rows=982 width=121)
	              Recheck Cond: ((id >= 8355472) AND (id <= 8356471))
	              ->  Bitmap Index Scan on sbtest8_pkey  (cost=0.00..30.25 rows=982 width=0)
	                    Index Cond: ((id >= 8355472) AND (id <= 8356471))

for: distinct_ranges
table 1 : explain SELECT DISTINCT c FROM sbtest1 WHERE id BETWEEN 1116758 AND 1117757 ORDER BY c
	Unique  (cost=4097.48..4102.71 rows=1045 width=121)
	  ->  Sort  (cost=4097.48..4100.10 rows=1045 width=121)
	        Sort Key: c
	        ->  Bitmap Heap Scan on sbtest1  (cost=31.15..4045.08 rows=1045 width=121)
	              Recheck Cond: ((id >= 1116758) AND (id <= 1117757))
	              ->  Bitmap Index Scan on sbtest1_pkey  (cost=0.00..30.89 rows=1045 width=0)
	                    Index Cond: ((id >= 1116758) AND (id <= 1117757))

table 2 : explain SELECT DISTINCT c FROM sbtest2 WHERE id BETWEEN 40516 AND 41515 ORDER BY c
	Unique  (cost=3693.59..3698.29 rows=940 width=121)
	  ->  Sort  (cost=3693.59..3695.94 rows=940 width=121)
	        Sort Key: c
	        ->  Bitmap Heap Scan on sbtest2  (cost=30.07..3647.17 rows=940 width=121)
	              Recheck Cond: ((id >= 40516) AND (id <= 41515))
	              ->  Bitmap Index Scan on sbtest2_pkey  (cost=0.00..29.83 rows=940 width=0)
	                    Index Cond: ((id >= 40516) AND (id <= 41515))

table 3 : explain SELECT DISTINCT c FROM sbtest3 WHERE id BETWEEN 1839579 AND 1840578 ORDER BY c
	Unique  (cost=3883.68..3888.63 rows=990 width=121)
	  ->  Sort  (cost=3883.68..3886.15 rows=990 width=121)
	        Sort Key: c
	        ->  Bitmap Heap Scan on sbtest3  (cost=30.58..3834.42 rows=990 width=121)
	              Recheck Cond: ((id >= 1839579) AND (id <= 1840578))
	              ->  Bitmap Index Scan on sbtest3_pkey  (cost=0.00..30.33 rows=990 width=0)
	                    Index Cond: ((id >= 1839579) AND (id <= 1840578))

table 4 : explain SELECT DISTINCT c FROM sbtest4 WHERE id BETWEEN 3918755 AND 3919754 ORDER BY c
	Unique  (cost=3651.32..3655.96 rows=929 width=121)
	  ->  Sort  (cost=3651.32..3653.64 rows=929 width=121)
	        Sort Key: c
	        ->  Bitmap Heap Scan on sbtest4  (cost=29.96..3605.52 rows=929 width=121)
	              Recheck Cond: ((id >= 3918755) AND (id <= 3919754))
	              ->  Bitmap Index Scan on sbtest4_pkey  (cost=0.00..29.72 rows=929 width=0)
	                    Index Cond: ((id >= 3918755) AND (id <= 3919754))

table 5 : explain SELECT DISTINCT c FROM sbtest5 WHERE id BETWEEN 477143 AND 478142 ORDER BY c
	Unique  (cost=4188.06..4193.40 rows=1068 width=121)
	  ->  Sort  (cost=4188.06..4190.73 rows=1068 width=121)
	        Sort Key: c
	        ->  Bitmap Heap Scan on sbtest5  (cost=35.38..4134.34 rows=1068 width=121)
	              Recheck Cond: ((id >= 477143) AND (id <= 478142))
	              ->  Bitmap Index Scan on sbtest5_pkey  (cost=0.00..35.12 rows=1068 width=0)
	                    Index Cond: ((id >= 477143) AND (id <= 478142))

table 6 : explain SELECT DISTINCT c FROM sbtest6 WHERE id BETWEEN 1109519 AND 1110518 ORDER BY c
	Unique  (cost=3938.65..3943.67 rows=1004 width=121)
	  ->  Sort  (cost=3938.65..3941.16 rows=1004 width=121)
	        Sort Key: c
	        ->  Bitmap Heap Scan on sbtest6  (cost=30.73..3888.60 rows=1004 width=121)
	              Recheck Cond: ((id >= 1109519) AND (id <= 1110518))
	              ->  Bitmap Index Scan on sbtest6_pkey  (cost=0.00..30.47 rows=1004 width=0)
	                    Index Cond: ((id >= 1109519) AND (id <= 1110518))

table 7 : explain SELECT DISTINCT c FROM sbtest7 WHERE id BETWEEN 247996 AND 248995 ORDER BY c
	Unique  (cost=3825.73..3830.60 rows=975 width=121)
	  ->  Sort  (cost=3825.73..3828.16 rows=975 width=121)
	        Sort Key: c
	        ->  Bitmap Heap Scan on sbtest7  (cost=30.43..3777.32 rows=975 width=121)
	              Recheck Cond: ((id >= 247996) AND (id <= 248995))
	              ->  Bitmap Index Scan on sbtest7_pkey  (cost=0.00..30.18 rows=975 width=0)
	                    Index Cond: ((id >= 247996) AND (id <= 248995))

table 8 : explain SELECT DISTINCT c FROM sbtest8 WHERE id BETWEEN 5562062 AND 5563061 ORDER BY c
	Unique  (cost=3897.04..3902.01 rows=993 width=121)
	  ->  Sort  (cost=3897.04..3899.53 rows=993 width=121)
	        Sort Key: c
	        ->  Bitmap Heap Scan on sbtest8  (cost=30.61..3847.61 rows=993 width=121)
	              Recheck Cond: ((id >= 5562062) AND (id <= 5563061))
	              ->  Bitmap Index Scan on sbtest8_pkey  (cost=0.00..30.36 rows=993 width=0)
	                    Index Cond: ((id >= 5562062) AND (id <= 5563061))

for: distinct_ranges
table 1 : explain SELECT DISTINCT c FROM sbtest1 WHERE id BETWEEN 8270315 AND 8271314 ORDER BY c
	Unique  (cost=4020.92..4026.04 rows=1025 width=121)
	  ->  Sort  (cost=4020.92..4023.48 rows=1025 width=121)
	        Sort Key: c
	        ->  Bitmap Heap Scan on sbtest1  (cost=30.94..3969.66 rows=1025 width=121)
	              Recheck Cond: ((id >= 8270315) AND (id <= 8271314))
	              ->  Bitmap Index Scan on sbtest1_pkey  (cost=0.00..30.68 rows=1025 width=0)
	                    Index Cond: ((id >= 8270315) AND (id <= 8271314))

table 2 : explain SELECT DISTINCT c FROM sbtest2 WHERE id BETWEEN 4705323 AND 4706322 ORDER BY c
	Unique  (cost=3682.07..3686.76 rows=937 width=121)
	  ->  Sort  (cost=3682.07..3684.42 rows=937 width=121)
	        Sort Key: c
	        ->  Bitmap Heap Scan on sbtest2  (cost=30.04..3635.82 rows=937 width=121)
	              Recheck Cond: ((id >= 4705323) AND (id <= 4706322))
	              ->  Bitmap Index Scan on sbtest2_pkey  (cost=0.00..29.80 rows=937 width=0)
	                    Index Cond: ((id >= 4705323) AND (id <= 4706322))

table 3 : explain SELECT DISTINCT c FROM sbtest3 WHERE id BETWEEN 6995 AND 7994 ORDER BY c
	Unique  (cost=4418.84..4424.49 rows=1130 width=121)
	  ->  Sort  (cost=4418.84..4421.66 rows=1130 width=121)
	        Sort Key: c
	        ->  Bitmap Heap Scan on sbtest3  (cost=36.02..4361.54 rows=1130 width=121)
	              Recheck Cond: ((id >= 6995) AND (id <= 7994))
	              ->  Bitmap Index Scan on sbtest3_pkey  (cost=0.00..35.73 rows=1130 width=0)
	                    Index Cond: ((id >= 6995) AND (id <= 7994))

table 4 : explain SELECT DISTINCT c FROM sbtest4 WHERE id BETWEEN 2012178 AND 2013177 ORDER BY c
	Unique  (cost=3958.02..3963.07 rows=1009 width=121)
	  ->  Sort  (cost=3958.02..3960.55 rows=1009 width=121)
	        Sort Key: c
	        ->  Bitmap Heap Scan on sbtest4  (cost=30.78..3907.68 rows=1009 width=121)
	              Recheck Cond: ((id >= 2012178) AND (id <= 2013177))
	              ->  Bitmap Index Scan on sbtest4_pkey  (cost=0.00..30.52 rows=1009 width=0)
	                    Index Cond: ((id >= 2012178) AND (id <= 2013177))

table 5 : explain SELECT DISTINCT c FROM sbtest5 WHERE id BETWEEN 6175773 AND 6176772 ORDER BY c
	Unique  (cost=3904.70..3909.68 rows=995 width=121)
	  ->  Sort  (cost=3904.70..3907.19 rows=995 width=121)
	        Sort Key: c
	        ->  Bitmap Heap Scan on sbtest5  (cost=30.63..3855.16 rows=995 width=121)
	              Recheck Cond: ((id >= 6175773) AND (id <= 6176772))
	              ->  Bitmap Index Scan on sbtest5_pkey  (cost=0.00..30.39 rows=995 width=0)
	                    Index Cond: ((id >= 6175773) AND (id <= 6176772))

table 6 : explain SELECT DISTINCT c FROM sbtest6 WHERE id BETWEEN 9759537 AND 9760536 ORDER BY c
	Unique  (cost=3735.53..3740.29 rows=951 width=121)
	  ->  Sort  (cost=3735.53..3737.91 rows=951 width=121)
	        Sort Key: c
	        ->  Bitmap Heap Scan on sbtest6  (cost=30.18..3688.49 rows=951 width=121)
	              Recheck Cond: ((id >= 9759537) AND (id <= 9760536))
	              ->  Bitmap Index Scan on sbtest6_pkey  (cost=0.00..29.94 rows=951 width=0)
	                    Index Cond: ((id >= 9759537) AND (id <= 9760536))

table 7 : explain SELECT DISTINCT c FROM sbtest7 WHERE id BETWEEN 6557584 AND 6558583 ORDER BY c
	Unique  (cost=4020.90..4026.03 rows=1026 width=121)
	  ->  Sort  (cost=4020.90..4023.46 rows=1026 width=121)
	        Sort Key: c
	        ->  Bitmap Heap Scan on sbtest7  (cost=30.95..3969.58 rows=1026 width=121)
	              Recheck Cond: ((id >= 6557584) AND (id <= 6558583))
	              ->  Bitmap Index Scan on sbtest7_pkey  (cost=0.00..30.69 rows=1026 width=0)
	                    Index Cond: ((id >= 6557584) AND (id <= 6558583))

table 8 : explain SELECT DISTINCT c FROM sbtest8 WHERE id BETWEEN 9449798 AND 9450797 ORDER BY c
	Unique  (cost=3586.30..3590.86 rows=912 width=121)
	  ->  Sort  (cost=3586.30..3588.58 rows=912 width=121)
	        Sort Key: c
	        ->  Bitmap Heap Scan on sbtest8  (cost=29.78..3541.47 rows=912 width=121)
	              Recheck Cond: ((id >= 9449798) AND (id <= 9450797))
	              ->  Bitmap Index Scan on sbtest8_pkey  (cost=0.00..29.55 rows=912 width=0)
	                    Index Cond: ((id >= 9449798) AND (id <= 9450797))

explain: for point_selects :: explain SELECT c FROM sbtest%u WHERE id=%u
explain: for point_selects :: explain SELECT c FROM sbtest%u WHERE id=%u
explain: for point_selects :: explain SELECT c FROM sbtest%u WHERE id=%u
for: distinct_ranges
table 1 : explain SELECT DISTINCT c FROM sbtest1 WHERE id BETWEEN 6146710 AND 6147709 ORDER BY c
	Unique  (cost=3925.14..3930.14 rows=1000 width=121)
	  ->  Sort  (cost=3925.14..3927.64 rows=1000 width=121)
	        Sort Key: c
	        ->  Bitmap Heap Scan on sbtest1  (cost=30.68..3875.31 rows=1000 width=121)
	              Recheck Cond: ((id >= 6146710) AND (id <= 6147709))
	              ->  Bitmap Index Scan on sbtest1_pkey  (cost=0.00..30.43 rows=1000 width=0)
	                    Index Cond: ((id >= 6146710) AND (id <= 6147709))

table 2 : explain SELECT DISTINCT c FROM sbtest2 WHERE id BETWEEN 6935734 AND 6936733 ORDER BY c
	Unique  (cost=3724.28..3729.02 rows=948 width=121)
	  ->  Sort  (cost=3724.28..3726.65 rows=948 width=121)
	        Sort Key: c
	        ->  Bitmap Heap Scan on sbtest2  (cost=30.15..3677.41 rows=948 width=121)
	              Recheck Cond: ((id >= 6935734) AND (id <= 6936733))
	              ->  Bitmap Index Scan on sbtest2_pkey  (cost=0.00..29.91 rows=948 width=0)
	                    Index Cond: ((id >= 6935734) AND (id <= 6936733))

table 3 : explain SELECT DISTINCT c FROM sbtest3 WHERE id BETWEEN 8072213 AND 8073212 ORDER BY c
	Unique  (cost=3757.26..3762.04 rows=957 width=121)
	  ->  Sort  (cost=3757.26..3759.65 rows=957 width=121)
	        Sort Key: c
	        ->  Bitmap Heap Scan on sbtest3  (cost=30.24..3709.88 rows=957 width=121)
	              Recheck Cond: ((id >= 8072213) AND (id <= 8073212))
	              ->  Bitmap Index Scan on sbtest3_pkey  (cost=0.00..30.00 rows=957 width=0)
	                    Index Cond: ((id >= 8072213) AND (id <= 8073212))

table 4 : explain SELECT DISTINCT c FROM sbtest4 WHERE id BETWEEN 6966022 AND 6967021 ORDER BY c
	Unique  (cost=3942.71..3947.73 rows=1005 width=121)
	  ->  Sort  (cost=3942.71..3945.22 rows=1005 width=121)
	        Sort Key: c
	        ->  Bitmap Heap Scan on sbtest4  (cost=30.74..3892.59 rows=1005 width=121)
	              Recheck Cond: ((id >= 6966022) AND (id <= 6967021))
	              ->  Bitmap Index Scan on sbtest4_pkey  (cost=0.00..30.48 rows=1005 width=0)
	                    Index Cond: ((id >= 6966022) AND (id <= 6967021))

table 5 : explain SELECT DISTINCT c FROM sbtest5 WHERE id BETWEEN 9007232 AND 9008231 ORDER BY c
	Unique  (cost=3939.18..3944.20 rows=1004 width=121)
	  ->  Sort  (cost=3939.18..3941.69 rows=1004 width=121)
	        Sort Key: c
	        ->  Bitmap Heap Scan on sbtest5  (cost=30.73..3889.12 rows=1004 width=121)
	              Recheck Cond: ((id >= 9007232) AND (id <= 9008231))
	              ->  Bitmap Index Scan on sbtest5_pkey  (cost=0.00..30.47 rows=1004 width=0)
	                    Index Cond: ((id >= 9007232) AND (id <= 9008231))

table 6 : explain SELECT DISTINCT c FROM sbtest6 WHERE id BETWEEN 6933369 AND 6934368 ORDER BY c
	Unique  (cost=3823.72..3828.59 rows=974 width=121)
	  ->  Sort  (cost=3823.72..3826.16 rows=974 width=121)
	        Sort Key: c
	        ->  Bitmap Heap Scan on sbtest6  (cost=30.42..3775.37 rows=974 width=121)
	              Recheck Cond: ((id >= 6933369) AND (id <= 6934368))
	              ->  Bitmap Index Scan on sbtest6_pkey  (cost=0.00..30.18 rows=974 width=0)
	                    Index Cond: ((id >= 6933369) AND (id <= 6934368))

table 7 : explain SELECT DISTINCT c FROM sbtest7 WHERE id BETWEEN 1930850 AND 1931849 ORDER BY c
	Unique  (cost=3810.40..3815.26 rows=971 width=121)
	  ->  Sort  (cost=3810.40..3812.83 rows=971 width=121)
	        Sort Key: c
	        ->  Bitmap Heap Scan on sbtest7  (cost=30.39..3762.23 rows=971 width=121)
	              Recheck Cond: ((id >= 1930850) AND (id <= 1931849))
	              ->  Bitmap Index Scan on sbtest7_pkey  (cost=0.00..30.14 rows=971 width=0)
	                    Index Cond: ((id >= 1930850) AND (id <= 1931849))

table 8 : explain SELECT DISTINCT c FROM sbtest8 WHERE id BETWEEN 525736 AND 526735 ORDER BY c
	Unique  (cost=3720.67..3725.41 rows=947 width=121)
	  ->  Sort  (cost=3720.67..3723.04 rows=947 width=121)
	        Sort Key: c
	        ->  Bitmap Heap Scan on sbtest8  (cost=30.14..3673.86 rows=947 width=121)
	              Recheck Cond: ((id >= 525736) AND (id <= 526735))
	              ->  Bitmap Index Scan on sbtest8_pkey  (cost=0.00..29.90 rows=947 width=0)
	                    Index Cond: ((id >= 525736) AND (id <= 526735))

for: order_ranges
table 1 : explain SELECT c FROM sbtest1 WHERE id BETWEEN 1579864 AND 1580863 ORDER BY c
	Sort  (cost=4338.55..4341.32 rows=1107 width=121)
	  Sort Key: c
	  ->  Bitmap Heap Scan on sbtest1  (cost=35.78..4282.58 rows=1107 width=121)
	        Recheck Cond: ((id >= 1579864) AND (id <= 1580863))
	        ->  Bitmap Index Scan on sbtest1_pkey  (cost=0.00..35.51 rows=1107 width=0)
	              Index Cond: ((id >= 1579864) AND (id <= 1580863))

table 2 : explain SELECT c FROM sbtest2 WHERE id BETWEEN 4533692 AND 4534691 ORDER BY c
	Sort  (cost=3831.66..3834.10 rows=976 width=121)
	  Sort Key: c
	  ->  Bitmap Heap Scan on sbtest2  (cost=30.44..3783.19 rows=976 width=121)
	        Recheck Cond: ((id >= 4533692) AND (id <= 4534691))
	        ->  Bitmap Index Scan on sbtest2_pkey  (cost=0.00..30.19 rows=976 width=0)
	              Index Cond: ((id >= 4533692) AND (id <= 4534691))

table 3 : explain SELECT c FROM sbtest3 WHERE id BETWEEN 5240034 AND 5241033 ORDER BY c
	Sort  (cost=4097.91..4100.53 rows=1046 width=121)
	  Sort Key: c
	  ->  Bitmap Heap Scan on sbtest3  (cost=31.16..4045.45 rows=1046 width=121)
	        Recheck Cond: ((id >= 5240034) AND (id <= 5241033))
	        ->  Bitmap Index Scan on sbtest3_pkey  (cost=0.00..30.89 rows=1046 width=0)
	              Index Cond: ((id >= 5240034) AND (id <= 5241033))

table 4 : explain SELECT c FROM sbtest4 WHERE id BETWEEN 1946932 AND 1947931 ORDER BY c
	Sort  (cost=3881.42..3883.89 rows=989 width=121)
	  Sort Key: c
	  ->  Bitmap Heap Scan on sbtest4  (cost=30.57..3832.22 rows=989 width=121)
	        Recheck Cond: ((id >= 1946932) AND (id <= 1947931))
	        ->  Bitmap Index Scan on sbtest4_pkey  (cost=0.00..30.32 rows=989 width=0)
	              Index Cond: ((id >= 1946932) AND (id <= 1947931))

table 5 : explain SELECT c FROM sbtest5 WHERE id BETWEEN 9068343 AND 9069342 ORDER BY c
	Sort  (cost=4103.76..4106.38 rows=1047 width=121)
	  Sort Key: c
	  ->  Bitmap Heap Scan on sbtest5  (cost=31.17..4051.24 rows=1047 width=121)
	        Recheck Cond: ((id >= 9068343) AND (id <= 9069342))
	        ->  Bitmap Index Scan on sbtest5_pkey  (cost=0.00..30.90 rows=1047 width=0)
	              Index Cond: ((id >= 9068343) AND (id <= 9069342))

table 6 : explain SELECT c FROM sbtest6 WHERE id BETWEEN 5346802 AND 5347801 ORDER BY c
	Sort  (cost=4225.70..4228.39 rows=1078 width=121)
	  Sort Key: c
	  ->  Bitmap Heap Scan on sbtest6  (cost=35.48..4171.40 rows=1078 width=121)
	        Recheck Cond: ((id >= 5346802) AND (id <= 5347801))
	        ->  Bitmap Index Scan on sbtest6_pkey  (cost=0.00..35.22 rows=1078 width=0)
	              Index Cond: ((id >= 5346802) AND (id <= 5347801))

table 7 : explain SELECT c FROM sbtest7 WHERE id BETWEEN 459502 AND 460501 ORDER BY c
	Sort  (cost=4024.72..4027.29 rows=1027 width=121)
	  Sort Key: c
	  ->  Bitmap Heap Scan on sbtest7  (cost=30.96..3973.35 rows=1027 width=121)
	        Recheck Cond: ((id >= 459502) AND (id <= 460501))
	        ->  Bitmap Index Scan on sbtest7_pkey  (cost=0.00..30.70 rows=1027 width=0)
	              Index Cond: ((id >= 459502) AND (id <= 460501))

table 8 : explain SELECT c FROM sbtest8 WHERE id BETWEEN 9872201 AND 9873200 ORDER BY c
	Sort  (cost=3601.67..3603.96 rows=916 width=121)
	  Sort Key: c
	  ->  Bitmap Heap Scan on sbtest8  (cost=29.82..3556.61 rows=916 width=121)
	        Recheck Cond: ((id >= 9872201) AND (id <= 9873200))
	        ->  Bitmap Index Scan on sbtest8_pkey  (cost=0.00..29.59 rows=916 width=0)
	              Index Cond: ((id >= 9872201) AND (id <= 9873200))

for: sum_ranges
table 1 : explain SELECT SUM(k) FROM sbtest1 WHERE id BETWEEN 5579267 AND 5580266
	Aggregate  (cost=3586.53..3586.54 rows=1 width=8)
	  ->  Bitmap Heap Scan on sbtest1  (cost=29.90..3584.23 rows=923 width=4)
	        Recheck Cond: ((id >= 5579267) AND (id <= 5580266))
	        ->  Bitmap Index Scan on sbtest1_pkey  (cost=0.00..29.66 rows=923 width=0)
	              Index Cond: ((id >= 5579267) AND (id <= 5580266))

table 2 : explain SELECT SUM(k) FROM sbtest2 WHERE id BETWEEN 1835172 AND 1836171
	Aggregate  (cost=3917.81..3917.82 rows=1 width=8)
	  ->  Bitmap Heap Scan on sbtest2  (cost=30.80..3915.28 rows=1011 width=4)
	        Recheck Cond: ((id >= 1835172) AND (id <= 1836171))
	        ->  Bitmap Index Scan on sbtest2_pkey  (cost=0.00..30.54 rows=1011 width=0)
	              Index Cond: ((id >= 1835172) AND (id <= 1836171))

table 3 : explain SELECT SUM(k) FROM sbtest3 WHERE id BETWEEN 7219034 AND 7220033
	Aggregate  (cost=4032.99..4033.00 rows=1 width=8)
	  ->  Bitmap Heap Scan on sbtest3  (cost=31.12..4030.39 rows=1042 width=4)
	        Recheck Cond: ((id >= 7219034) AND (id <= 7220033))
	        ->  Bitmap Index Scan on sbtest3_pkey  (cost=0.00..30.86 rows=1042 width=0)
	              Index Cond: ((id >= 7219034) AND (id <= 7220033))

table 4 : explain SELECT SUM(k) FROM sbtest4 WHERE id BETWEEN 5014540 AND 5015539
	Aggregate  (cost=3883.78..3883.79 rows=1 width=8)
	  ->  Bitmap Heap Scan on sbtest4  (cost=30.71..3881.27 rows=1002 width=4)
	        Recheck Cond: ((id >= 5014540) AND (id <= 5015539))
	        ->  Bitmap Index Scan on sbtest4_pkey  (cost=0.00..30.45 rows=1002 width=0)
	              Index Cond: ((id >= 5014540) AND (id <= 5015539))

table 5 : explain SELECT SUM(k) FROM sbtest5 WHERE id BETWEEN 1360275 AND 1361274
	Aggregate  (cost=3838.76..3838.77 rows=1 width=8)
	  ->  Bitmap Heap Scan on sbtest5  (cost=30.58..3836.29 rows=990 width=4)
	        Recheck Cond: ((id >= 1360275) AND (id <= 1361274))
	        ->  Bitmap Index Scan on sbtest5_pkey  (cost=0.00..30.33 rows=990 width=0)
	              Index Cond: ((id >= 1360275) AND (id <= 1361274))

table 6 : explain SELECT SUM(k) FROM sbtest6 WHERE id BETWEEN 5640075 AND 5641074
	Aggregate  (cost=3936.39..3936.40 rows=1 width=8)
	  ->  Bitmap Heap Scan on sbtest6  (cost=30.85..3933.85 rows=1016 width=4)
	        Recheck Cond: ((id >= 5640075) AND (id <= 5641074))
	        ->  Bitmap Index Scan on sbtest6_pkey  (cost=0.00..30.59 rows=1016 width=0)
	              Index Cond: ((id >= 5640075) AND (id <= 5641074))

table 7 : explain SELECT SUM(k) FROM sbtest7 WHERE id BETWEEN 6619115 AND 6620114
	Aggregate  (cost=3874.11..3874.12 rows=1 width=8)
	  ->  Bitmap Heap Scan on sbtest7  (cost=30.68..3871.61 rows=1000 width=4)
	        Recheck Cond: ((id >= 6619115) AND (id <= 6620114))
	        ->  Bitmap Index Scan on sbtest7_pkey  (cost=0.00..30.43 rows=1000 width=0)
	              Index Cond: ((id >= 6619115) AND (id <= 6620114))

table 8 : explain SELECT SUM(k) FROM sbtest8 WHERE id BETWEEN 4971660 AND 4972659
	Aggregate  (cost=4253.75..4253.76 rows=1 width=8)
	  ->  Bitmap Heap Scan on sbtest8  (cost=35.70..4251.00 rows=1099 width=4)
	        Recheck Cond: ((id >= 4971660) AND (id <= 4972659))
	        ->  Bitmap Index Scan on sbtest8_pkey  (cost=0.00..35.43 rows=1099 width=0)
	              Index Cond: ((id >= 4971660) AND (id <= 4972659))

explain: for point_selects :: explain SELECT c FROM sbtest%u WHERE id=%u
explain: for point_selects :: explain SELECT c FROM sbtest%u WHERE id=%u
for: distinct_ranges
table 1 : explain SELECT DISTINCT c FROM sbtest1 WHERE id BETWEEN 422862 AND 423861 ORDER BY c
	Unique  (cost=4013.26..4018.37 rows=1023 width=121)
	  ->  Sort  (cost=4013.26..4015.81 rows=1023 width=121)
	        Sort Key: c
	        ->  Bitmap Heap Scan on sbtest1  (cost=30.92..3962.11 rows=1023 width=121)
	              Recheck Cond: ((id >= 422862) AND (id <= 423861))
	              ->  Bitmap Index Scan on sbtest1_pkey  (cost=0.00..30.66 rows=1023 width=0)
	                    Index Cond: ((id >= 422862) AND (id <= 423861))

table 2 : explain SELECT DISTINCT c FROM sbtest2 WHERE id BETWEEN 5313109 AND 5314108 ORDER BY c
	Unique  (cost=4107.33..4112.57 rows=1048 width=121)
	  ->  Sort  (cost=4107.33..4109.95 rows=1048 width=121)
	        Sort Key: c
	        ->  Bitmap Heap Scan on sbtest2  (cost=31.18..4054.75 rows=1048 width=121)
	              Recheck Cond: ((id >= 5313109) AND (id <= 5314108))
	              ->  Bitmap Index Scan on sbtest2_pkey  (cost=0.00..30.91 rows=1048 width=0)
	                    Index Cond: ((id >= 5313109) AND (id <= 5314108))

table 3 : explain SELECT DISTINCT c FROM sbtest3 WHERE id BETWEEN 6433994 AND 6434993 ORDER BY c
	Unique  (cost=3492.49..3496.93 rows=888 width=121)
	  ->  Sort  (cost=3492.49..3494.71 rows=888 width=121)
	        Sort Key: c
	        ->  Bitmap Heap Scan on sbtest3  (cost=29.54..3449.00 rows=888 width=121)
	              Recheck Cond: ((id >= 6433994) AND (id <= 6434993))
	              ->  Bitmap Index Scan on sbtest3_pkey  (cost=0.00..29.32 rows=888 width=0)
	                    Index Cond: ((id >= 6433994) AND (id <= 6434993))

table 4 : explain SELECT DISTINCT c FROM sbtest4 WHERE id BETWEEN 6953205 AND 6954204 ORDER BY c
	Unique  (cost=3942.71..3947.73 rows=1005 width=121)
	  ->  Sort  (cost=3942.71..3945.22 rows=1005 width=121)
	        Sort Key: c
	        ->  Bitmap Heap Scan on sbtest4  (cost=30.74..3892.59 rows=1005 width=121)
	              Recheck Cond: ((id >= 6953205) AND (id <= 6954204))
	              ->  Bitmap Index Scan on sbtest4_pkey  (cost=0.00..30.48 rows=1005 width=0)
	                    Index Cond: ((id >= 6953205) AND (id <= 6954204))

table 5 : explain SELECT DISTINCT c FROM sbtest5 WHERE id BETWEEN 8927451 AND 8928450 ORDER BY c
	Unique  (cost=3866.38..3871.31 rows=985 width=121)
	  ->  Sort  (cost=3866.38..3868.85 rows=985 width=121)
	        Sort Key: c
	        ->  Bitmap Heap Scan on sbtest5  (cost=30.53..3817.41 rows=985 width=121)
	              Recheck Cond: ((id >= 8927451) AND (id <= 8928450))
	              ->  Bitmap Index Scan on sbtest5_pkey  (cost=0.00..30.29 rows=985 width=0)
	                    Index Cond: ((id >= 8927451) AND (id <= 8928450))

table 6 : explain SELECT DISTINCT c FROM sbtest6 WHERE id BETWEEN 317092 AND 318091 ORDER BY c
	Unique  (cost=3996.08..4001.17 rows=1019 width=121)
	  ->  Sort  (cost=3996.08..3998.63 rows=1019 width=121)
	        Sort Key: c
	        ->  Bitmap Heap Scan on sbtest6  (cost=30.88..3945.17 rows=1019 width=121)
	              Recheck Cond: ((id >= 317092) AND (id <= 318091))
	              ->  Bitmap Index Scan on sbtest6_pkey  (cost=0.00..30.62 rows=1019 width=0)
	                    Index Cond: ((id >= 317092) AND (id <= 318091))

table 7 : explain SELECT DISTINCT c FROM sbtest7 WHERE id BETWEEN 6145357 AND 6146356 ORDER BY c
	Unique  (cost=3821.90..3826.77 rows=974 width=121)
	  ->  Sort  (cost=3821.90..3824.33 rows=974 width=121)
	        Sort Key: c
	        ->  Bitmap Heap Scan on sbtest7  (cost=30.42..3773.55 rows=974 width=121)
	              Recheck Cond: ((id >= 6145357) AND (id <= 6146356))
	              ->  Bitmap Index Scan on sbtest7_pkey  (cost=0.00..30.18 rows=974 width=0)
	                    Index Cond: ((id >= 6145357) AND (id <= 6146356))

table 8 : explain SELECT DISTINCT c FROM sbtest8 WHERE id BETWEEN 2409583 AND 2410582 ORDER BY c
	Unique  (cost=4218.64..4224.02 rows=1076 width=121)
	  ->  Sort  (cost=4218.64..4221.33 rows=1076 width=121)
	        Sort Key: c
	        ->  Bitmap Heap Scan on sbtest8  (cost=35.46..4164.46 rows=1076 width=121)
	              Recheck Cond: ((id >= 2409583) AND (id <= 2410582))
	              ->  Bitmap Index Scan on sbtest8_pkey  (cost=0.00..35.20 rows=1076 width=0)
	                    Index Cond: ((id >= 2409583) AND (id <= 2410582))

for point_selects
table 1 : explain SELECT c FROM sbtest1 WHERE id=7420114
	Index Scan using sbtest1_pkey on sbtest1  (cost=0.43..8.45 rows=1 width=121)
	  Index Cond: (id = 7420114)

table 2 : explain SELECT c FROM sbtest2 WHERE id=4880261
	Index Scan using sbtest2_pkey on sbtest2  (cost=0.43..8.45 rows=1 width=121)
	  Index Cond: (id = 4880261)

table 3 : explain SELECT c FROM sbtest3 WHERE id=691106
	Index Scan using sbtest3_pkey on sbtest3  (cost=0.43..8.45 rows=1 width=121)
	  Index Cond: (id = 691106)

table 4 : explain SELECT c FROM sbtest4 WHERE id=8570653
	Index Scan using sbtest4_pkey on sbtest4  (cost=0.43..8.45 rows=1 width=121)
	  Index Cond: (id = 8570653)

table 5 : explain SELECT c FROM sbtest5 WHERE id=5258772
	Index Scan using sbtest5_pkey on sbtest5  (cost=0.43..8.45 rows=1 width=121)
	  Index Cond: (id = 5258772)

table 6 : explain SELECT c FROM sbtest6 WHERE id=7627979
	Index Scan using sbtest6_pkey on sbtest6  (cost=0.43..8.45 rows=1 width=121)
	  Index Cond: (id = 7627979)

table 7 : explain SELECT c FROM sbtest7 WHERE id=5455725
	Index Scan using sbtest7_pkey on sbtest7  (cost=0.43..8.45 rows=1 width=121)
	  Index Cond: (id = 5455725)

table 8 : explain SELECT c FROM sbtest8 WHERE id=3367434
	Index Scan using sbtest8_pkey on sbtest8  (cost=0.43..8.45 rows=1 width=121)
	  Index Cond: (id = 3367434)

for point_selects
table 1 : explain SELECT c FROM sbtest1 WHERE id=9193557
	Index Scan using sbtest1_pkey on sbtest1  (cost=0.43..8.45 rows=1 width=121)
	  Index Cond: (id = 9193557)

table 2 : explain SELECT c FROM sbtest2 WHERE id=9830640
	Index Scan using sbtest2_pkey on sbtest2  (cost=0.43..8.45 rows=1 width=121)
	  Index Cond: (id = 9830640)

table 3 : explain SELECT c FROM sbtest3 WHERE id=5745252
	Index Scan using sbtest3_pkey on sbtest3  (cost=0.43..8.45 rows=1 width=121)
	  Index Cond: (id = 5745252)

table 4 : explain SELECT c FROM sbtest4 WHERE id=3374785
	Index Scan using sbtest4_pkey on sbtest4  (cost=0.43..8.45 rows=1 width=121)
	  Index Cond: (id = 3374785)

table 5 : explain SELECT c FROM sbtest5 WHERE id=6522004
	Index Scan using sbtest5_pkey on sbtest5  (cost=0.43..8.45 rows=1 width=121)
	  Index Cond: (id = 6522004)

table 6 : explain SELECT c FROM sbtest6 WHERE id=3135789
	Index Scan using sbtest6_pkey on sbtest6  (cost=0.43..8.45 rows=1 width=121)
	  Index Cond: (id = 3135789)

table 7 : explain SELECT c FROM sbtest7 WHERE id=9683327
	Index Scan using sbtest7_pkey on sbtest7  (cost=0.43..8.45 rows=1 width=121)
	  Index Cond: (id = 9683327)

table 8 : explain SELECT c FROM sbtest8 WHERE id=9532724
	Index Scan using sbtest8_pkey on sbtest8  (cost=0.43..8.45 rows=1 width=121)
	  Index Cond: (id = 9532724)

for point_selects
table 1 : explain SELECT c FROM sbtest1 WHERE id=5830132
	Index Scan using sbtest1_pkey on sbtest1  (cost=0.43..8.45 rows=1 width=121)
	  Index Cond: (id = 5830132)

table 2 : explain SELECT c FROM sbtest2 WHERE id=1686827
	Index Scan using sbtest2_pkey on sbtest2  (cost=0.43..8.45 rows=1 width=121)
	  Index Cond: (id = 1686827)

table 3 : explain SELECT c FROM sbtest3 WHERE id=8121154
	Index Scan using sbtest3_pkey on sbtest3  (cost=0.43..8.45 rows=1 width=121)
	  Index Cond: (id = 8121154)

table 4 : explain SELECT c FROM sbtest4 WHERE id=1086756
	Index Scan using sbtest4_pkey on sbtest4  (cost=0.43..8.45 rows=1 width=121)
	  Index Cond: (id = 1086756)

table 5 : explain SELECT c FROM sbtest5 WHERE id=362970
	Index Scan using sbtest5_pkey on sbtest5  (cost=0.43..8.45 rows=1 width=121)
	  Index Cond: (id = 362970)

table 6 : explain SELECT c FROM sbtest6 WHERE id=169213
	Index Scan using sbtest6_pkey on sbtest6  (cost=0.43..8.45 rows=1 width=121)
	  Index Cond: (id = 169213)

table 7 : explain SELECT c FROM sbtest7 WHERE id=5610957
	Index Scan using sbtest7_pkey on sbtest7  (cost=0.43..8.45 rows=1 width=121)
	  Index Cond: (id = 5610957)

table 8 : explain SELECT c FROM sbtest8 WHERE id=3995564
	Index Scan using sbtest8_pkey on sbtest8  (cost=0.43..8.45 rows=1 width=121)
	  Index Cond: (id = 3995564)

explain: for point_selects :: explain SELECT c FROM sbtest%u WHERE id=%u
explain: for point_selects :: explain SELECT c FROM sbtest%u WHERE id=%u
explain: for point_selects :: explain SELECT c FROM sbtest%u WHERE id=%u
explain: for point_selects :: explain SELECT c FROM sbtest%u WHERE id=%u
for: simple_ranges
table 1 : explain SELECT c FROM sbtest1 WHERE id BETWEEN 5321843 AND 5322842
	Bitmap Heap Scan on sbtest1  (cost=30.97..3980.98 rows=1028 width=121)
	  Recheck Cond: ((id >= 5321843) AND (id <= 5322842))
	  ->  Bitmap Index Scan on sbtest1_pkey  (cost=0.00..30.71 rows=1028 width=0)
	        Index Cond: ((id >= 5321843) AND (id <= 5322842))

table 2 : explain SELECT c FROM sbtest2 WHERE id BETWEEN 387789 AND 388788
	Bitmap Heap Scan on sbtest2  (cost=30.82..3922.83 rows=1013 width=121)
	  Recheck Cond: ((id >= 387789) AND (id <= 388788))
	  ->  Bitmap Index Scan on sbtest2_pkey  (cost=0.00..30.57 rows=1013 width=0)
	        Index Cond: ((id >= 387789) AND (id <= 388788))

table 3 : explain SELECT c FROM sbtest3 WHERE id BETWEEN 3003097 AND 3004096
	Bitmap Heap Scan on sbtest3  (cost=30.36..3751.41 rows=968 width=121)
	  Recheck Cond: ((id >= 3003097) AND (id <= 3004096))
	  ->  Bitmap Index Scan on sbtest3_pkey  (cost=0.00..30.11 rows=968 width=0)
	        Index Cond: ((id >= 3003097) AND (id <= 3004096))

table 4 : explain SELECT c FROM sbtest4 WHERE id BETWEEN 4794782 AND 4795781
	Bitmap Heap Scan on sbtest4  (cost=29.92..3590.39 rows=925 width=121)
	  Recheck Cond: ((id >= 4794782) AND (id <= 4795781))
	  ->  Bitmap Index Scan on sbtest4_pkey  (cost=0.00..29.68 rows=925 width=0)
	        Index Cond: ((id >= 4794782) AND (id <= 4795781))

table 5 : explain SELECT c FROM sbtest5 WHERE id BETWEEN 3822109 AND 3823108
	Bitmap Heap Scan on sbtest5  (cost=30.30..3730.54 rows=962 width=121)
	  Recheck Cond: ((id >= 3822109) AND (id <= 3823108))
	  ->  Bitmap Index Scan on sbtest5_pkey  (cost=0.00..30.05 rows=962 width=0)
	        Index Cond: ((id >= 3822109) AND (id <= 3823108))

table 6 : explain SELECT c FROM sbtest6 WHERE id BETWEEN 3886568 AND 3887567
	Bitmap Heap Scan on sbtest6  (cost=35.30..4103.64 rows=1060 width=121)
	  Recheck Cond: ((id >= 3886568) AND (id <= 3887567))
	  ->  Bitmap Index Scan on sbtest6_pkey  (cost=0.00..35.04 rows=1060 width=0)
	        Index Cond: ((id >= 3886568) AND (id <= 3887567))

table 7 : explain SELECT c FROM sbtest7 WHERE id BETWEEN 9196906 AND 9197905
	Bitmap Heap Scan on sbtest7  (cost=30.36..3750.91 rows=968 width=121)
	  Recheck Cond: ((id >= 9196906) AND (id <= 9197905))
	  ->  Bitmap Index Scan on sbtest7_pkey  (cost=0.00..30.11 rows=968 width=0)
	        Index Cond: ((id >= 9196906) AND (id <= 9197905))

table 8 : explain SELECT c FROM sbtest8 WHERE id BETWEEN 3460540 AND 3461539
	Bitmap Heap Scan on sbtest8  (cost=30.64..3858.94 rows=996 width=121)
	  Recheck Cond: ((id >= 3460540) AND (id <= 3461539))
	  ->  Bitmap Index Scan on sbtest8_pkey  (cost=0.00..30.39 rows=996 width=0)
	        Index Cond: ((id >= 3460540) AND (id <= 3461539))

for: order_ranges
table 1 : explain SELECT c FROM sbtest1 WHERE id BETWEEN 4119809 AND 4120808 ORDER BY c
	Sort  (cost=4047.72..4050.30 rows=1032 width=121)
	  Sort Key: c
	  ->  Bitmap Heap Scan on sbtest1  (cost=31.01..3996.06 rows=1032 width=121)
	        Recheck Cond: ((id >= 4119809) AND (id <= 4120808))
	        ->  Bitmap Index Scan on sbtest1_pkey  (cost=0.00..30.75 rows=1032 width=0)
	              Index Cond: ((id >= 4119809) AND (id <= 4120808))

table 2 : explain SELECT c FROM sbtest2 WHERE id BETWEEN 2161808 AND 2162807 ORDER BY c
	Sort  (cost=3973.40..3975.93 rows=1013 width=121)
	  Sort Key: c
	  ->  Bitmap Heap Scan on sbtest2  (cost=30.82..3922.83 rows=1013 width=121)
	        Recheck Cond: ((id >= 2161808) AND (id <= 2162807))
	        ->  Bitmap Index Scan on sbtest2_pkey  (cost=0.00..30.57 rows=1013 width=0)
	              Index Cond: ((id >= 2161808) AND (id <= 2162807))

table 3 : explain SELECT c FROM sbtest3 WHERE id BETWEEN 693750 AND 694749 ORDER BY c
	Sort  (cost=3864.53..3867.00 rows=985 width=121)
	  Sort Key: c
	  ->  Bitmap Heap Scan on sbtest3  (cost=30.53..3815.56 rows=985 width=121)
	        Recheck Cond: ((id >= 693750) AND (id <= 694749))
	        ->  Bitmap Index Scan on sbtest3_pkey  (cost=0.00..30.29 rows=985 width=0)
	              Index Cond: ((id >= 693750) AND (id <= 694749))

table 4 : explain SELECT c FROM sbtest4 WHERE id BETWEEN 725892 AND 726891 ORDER BY c
	Sort  (cost=4080.49..4083.09 rows=1041 width=121)
	  Sort Key: c
	  ->  Bitmap Heap Scan on sbtest4  (cost=31.11..4028.32 rows=1041 width=121)
	        Recheck Cond: ((id >= 725892) AND (id <= 726891))
	        ->  Bitmap Index Scan on sbtest4_pkey  (cost=0.00..30.84 rows=1041 width=0)
	              Index Cond: ((id >= 725892) AND (id <= 726891))

table 5 : explain SELECT c FROM sbtest5 WHERE id BETWEEN 3912783 AND 3913782 ORDER BY c
	Sort  (cost=4264.49..4267.21 rows=1088 width=121)
	  Sort Key: c
	  ->  Bitmap Heap Scan on sbtest5  (cost=35.59..4209.62 rows=1088 width=121)
	        Recheck Cond: ((id >= 3912783) AND (id <= 3913782))
	        ->  Bitmap Index Scan on sbtest5_pkey  (cost=0.00..35.32 rows=1088 width=0)
	              Index Cond: ((id >= 3912783) AND (id <= 3913782))

table 6 : explain SELECT c FROM sbtest6 WHERE id BETWEEN 7060081 AND 7061080 ORDER BY c
	Sort  (cost=3846.72..3849.17 rows=980 width=121)
	  Sort Key: c
	  ->  Bitmap Heap Scan on sbtest6  (cost=30.48..3798.03 rows=980 width=121)
	        Recheck Cond: ((id >= 7060081) AND (id <= 7061080))
	        ->  Bitmap Index Scan on sbtest6_pkey  (cost=0.00..30.23 rows=980 width=0)
	              Index Cond: ((id >= 7060081) AND (id <= 7061080))

table 7 : explain SELECT c FROM sbtest7 WHERE id BETWEEN 5708757 AND 5709756 ORDER BY c
	Sort  (cost=3726.11..3728.48 rows=949 width=121)
	  Sort Key: c
	  ->  Bitmap Heap Scan on sbtest7  (cost=30.16..3679.18 rows=949 width=121)
	        Recheck Cond: ((id >= 5708757) AND (id <= 5709756))
	        ->  Bitmap Index Scan on sbtest7_pkey  (cost=0.00..29.93 rows=949 width=0)
	              Index Cond: ((id >= 5708757) AND (id <= 5709756))

table 8 : explain SELECT c FROM sbtest8 WHERE id BETWEEN 6759847 AND 6760846 ORDER BY c
	Sort  (cost=3674.62..3676.96 rows=935 width=121)
	  Sort Key: c
	  ->  Bitmap Heap Scan on sbtest8  (cost=30.02..3628.48 rows=935 width=121)
	        Recheck Cond: ((id >= 6759847) AND (id <= 6760846))
	        ->  Bitmap Index Scan on sbtest8_pkey  (cost=0.00..29.79 rows=935 width=0)
	              Index Cond: ((id >= 6759847) AND (id <= 6760846))

for: simple_ranges
table 1 : explain SELECT c FROM sbtest1 WHERE id BETWEEN 6492769 AND 6493768
	Bitmap Heap Scan on sbtest1  (cost=30.25..3716.63 rows=958 width=121)
	  Recheck Cond: ((id >= 6492769) AND (id <= 6493768))
	  ->  Bitmap Index Scan on sbtest1_pkey  (cost=0.00..30.01 rows=958 width=0)
	        Index Cond: ((id >= 6492769) AND (id <= 6493768))

table 2 : explain SELECT c FROM sbtest2 WHERE id BETWEEN 2292775 AND 2293774
	Bitmap Heap Scan on sbtest2  (cost=29.90..3582.87 rows=923 width=121)
	  Recheck Cond: ((id >= 2292775) AND (id <= 2293774))
	  ->  Bitmap Index Scan on sbtest2_pkey  (cost=0.00..29.66 rows=923 width=0)
	        Index Cond: ((id >= 2292775) AND (id <= 2293774))

table 3 : explain SELECT c FROM sbtest3 WHERE id BETWEEN 4732297 AND 4733296
	Bitmap Heap Scan on sbtest3  (cost=30.54..3819.33 rows=986 width=121)
	  Recheck Cond: ((id >= 4732297) AND (id <= 4733296))
	  ->  Bitmap Index Scan on sbtest3_pkey  (cost=0.00..30.29 rows=986 width=0)
	        Index Cond: ((id >= 4732297) AND (id <= 4733296))

table 4 : explain SELECT c FROM sbtest4 WHERE id BETWEEN 1666703 AND 1667702
	Bitmap Heap Scan on sbtest4  (cost=30.89..3949.16 rows=1020 width=121)
	  Recheck Cond: ((id >= 1666703) AND (id <= 1667702))
	  ->  Bitmap Index Scan on sbtest4_pkey  (cost=0.00..30.64 rows=1020 width=0)
	        Index Cond: ((id >= 1666703) AND (id <= 1667702))

table 5 : explain SELECT c FROM sbtest5 WHERE id BETWEEN 6848799 AND 6849798
	Bitmap Heap Scan on sbtest5  (cost=30.62..3851.38 rows=994 width=121)
	  Recheck Cond: ((id >= 6848799) AND (id <= 6849798))
	  ->  Bitmap Index Scan on sbtest5_pkey  (cost=0.00..30.37 rows=994 width=0)
	        Index Cond: ((id >= 6848799) AND (id <= 6849798))

table 6 : explain SELECT c FROM sbtest6 WHERE id BETWEEN 3640239 AND 3641238
	Bitmap Heap Scan on sbtest6  (cost=29.97..3609.10 rows=930 width=121)
	  Recheck Cond: ((id >= 3640239) AND (id <= 3641238))
	  ->  Bitmap Index Scan on sbtest6_pkey  (cost=0.00..29.73 rows=930 width=0)
	        Index Cond: ((id >= 3640239) AND (id <= 3641238))

table 7 : explain SELECT c FROM sbtest7 WHERE id BETWEEN 9912421 AND 9913420
	Bitmap Heap Scan on sbtest7  (cost=30.85..3931.91 rows=1016 width=121)
	  Recheck Cond: ((id >= 9912421) AND (id <= 9913420))
	  ->  Bitmap Index Scan on sbtest7_pkey  (cost=0.00..30.59 rows=1016 width=0)
	        Index Cond: ((id >= 9912421) AND (id <= 9913420))

table 8 : explain SELECT c FROM sbtest8 WHERE id BETWEEN 8342083 AND 8343082
	Bitmap Heap Scan on sbtest8  (cost=30.50..3806.09 rows=982 width=121)
	  Recheck Cond: ((id >= 8342083) AND (id <= 8343082))
	  ->  Bitmap Index Scan on sbtest8_pkey  (cost=0.00..30.25 rows=982 width=0)
	        Index Cond: ((id >= 8342083) AND (id <= 8343082))

for point_selects
table 1 : explain SELECT c FROM sbtest1 WHERE id=2782930
	Index Scan using sbtest1_pkey on sbtest1  (cost=0.43..8.45 rows=1 width=121)
	  Index Cond: (id = 2782930)

table 2 : explain SELECT c FROM sbtest2 WHERE id=2445146
	Index Scan using sbtest2_pkey on sbtest2  (cost=0.43..8.45 rows=1 width=121)
	  Index Cond: (id = 2445146)

table 3 : explain SELECT c FROM sbtest3 WHERE id=6317951
	Index Scan using sbtest3_pkey on sbtest3  (cost=0.43..8.45 rows=1 width=121)
	  Index Cond: (id = 6317951)

table 4 : explain SELECT c FROM sbtest4 WHERE id=4782392
	Index Scan using sbtest4_pkey on sbtest4  (cost=0.43..8.45 rows=1 width=121)
	  Index Cond: (id = 4782392)

table 5 : explain SELECT c FROM sbtest5 WHERE id=4817634
	Index Scan using sbtest5_pkey on sbtest5  (cost=0.43..8.45 rows=1 width=121)
	  Index Cond: (id = 4817634)

table 6 : explain SELECT c FROM sbtest6 WHERE id=5649461
	Index Scan using sbtest6_pkey on sbtest6  (cost=0.43..8.45 rows=1 width=121)
	  Index Cond: (id = 5649461)

table 7 : explain SELECT c FROM sbtest7 WHERE id=1063627
	Index Scan using sbtest7_pkey on sbtest7  (cost=0.43..8.45 rows=1 width=121)
	  Index Cond: (id = 1063627)

table 8 : explain SELECT c FROM sbtest8 WHERE id=8466178
	Index Scan using sbtest8_pkey on sbtest8  (cost=0.43..8.45 rows=1 width=121)
	  Index Cond: (id = 8466178)

for point_selects
table 1 : explain SELECT c FROM sbtest1 WHERE id=4315715
	Index Scan using sbtest1_pkey on sbtest1  (cost=0.43..8.45 rows=1 width=121)
	  Index Cond: (id = 4315715)

table 2 : explain SELECT c FROM sbtest2 WHERE id=1611425
	Index Scan using sbtest2_pkey on sbtest2  (cost=0.43..8.45 rows=1 width=121)
	  Index Cond: (id = 1611425)

table 3 : explain SELECT c FROM sbtest3 WHERE id=49957
	Index Scan using sbtest3_pkey on sbtest3  (cost=0.43..8.45 rows=1 width=121)
	  Index Cond: (id = 49957)

table 4 : explain SELECT c FROM sbtest4 WHERE id=9510391
	Index Scan using sbtest4_pkey on sbtest4  (cost=0.43..8.45 rows=1 width=121)
	  Index Cond: (id = 9510391)

table 5 : explain SELECT c FROM sbtest5 WHERE id=9126507
	Index Scan using sbtest5_pkey on sbtest5  (cost=0.43..8.45 rows=1 width=121)
	  Index Cond: (id = 9126507)

table 6 : explain SELECT c FROM sbtest6 WHERE id=5012910
	Index Scan using sbtest6_pkey on sbtest6  (cost=0.43..8.45 rows=1 width=121)
	  Index Cond: (id = 5012910)

table 7 : explain SELECT c FROM sbtest7 WHERE id=3784282
	Index Scan using sbtest7_pkey on sbtest7  (cost=0.43..8.45 rows=1 width=121)
	  Index Cond: (id = 3784282)

table 8 : explain SELECT c FROM sbtest8 WHERE id=2533488
	Index Scan using sbtest8_pkey on sbtest8  (cost=0.43..8.45 rows=1 width=121)
	  Index Cond: (id = 2533488)

for: simple_ranges
table 1 : explain SELECT c FROM sbtest1 WHERE id BETWEEN 4681478 AND 4682477
	Bitmap Heap Scan on sbtest1  (cost=30.97..3980.98 rows=1028 width=121)
	  Recheck Cond: ((id >= 4681478) AND (id <= 4682477))
	  ->  Bitmap Index Scan on sbtest1_pkey  (cost=0.00..30.71 rows=1028 width=0)
	        Index Cond: ((id >= 4681478) AND (id <= 4682477))

table 2 : explain SELECT c FROM sbtest2 WHERE id BETWEEN 4321956 AND 4322955
	Bitmap Heap Scan on sbtest2  (cost=29.34..3378.40 rows=869 width=121)
	  Recheck Cond: ((id >= 4321956) AND (id <= 4322955))
	  ->  Bitmap Index Scan on sbtest2_pkey  (cost=0.00..29.12 rows=869 width=0)
	        Index Cond: ((id >= 4321956) AND (id <= 4322955))

table 3 : explain SELECT c FROM sbtest3 WHERE id BETWEEN 9159457 AND 9160456
	Bitmap Heap Scan on sbtest3  (cost=31.13..4034.15 rows=1043 width=121)
	  Recheck Cond: ((id >= 9159457) AND (id <= 9160456))
	  ->  Bitmap Index Scan on sbtest3_pkey  (cost=0.00..30.86 rows=1043 width=0)
	        Index Cond: ((id >= 9159457) AND (id <= 9160456))

table 4 : explain SELECT c FROM sbtest4 WHERE id BETWEEN 5959206 AND 5960205
	Bitmap Heap Scan on sbtest4  (cost=35.45..4160.36 rows=1075 width=121)
	  Recheck Cond: ((id >= 5959206) AND (id <= 5960205))
	  ->  Bitmap Index Scan on sbtest4_pkey  (cost=0.00..35.19 rows=1075 width=0)
	        Index Cond: ((id >= 5959206) AND (id <= 5960205))

table 5 : explain SELECT c FROM sbtest5 WHERE id BETWEEN 8240824 AND 8241823
	Bitmap Heap Scan on sbtest5  (cost=31.05..4009.79 rows=1036 width=121)
	  Recheck Cond: ((id >= 8240824) AND (id <= 8241823))
	  ->  Bitmap Index Scan on sbtest5_pkey  (cost=0.00..30.79 rows=1036 width=0)
	        Index Cond: ((id >= 8240824) AND (id <= 8241823))

table 6 : explain SELECT c FROM sbtest6 WHERE id BETWEEN 4482138 AND 4483137
	Bitmap Heap Scan on sbtest6  (cost=30.92..3960.25 rows=1023 width=121)
	  Recheck Cond: ((id >= 4482138) AND (id <= 4483137))
	  ->  Bitmap Index Scan on sbtest6_pkey  (cost=0.00..30.66 rows=1023 width=0)
	        Index Cond: ((id >= 4482138) AND (id <= 4483137))

table 7 : explain SELECT c FROM sbtest7 WHERE id BETWEEN 5813188 AND 5814187
	Bitmap Heap Scan on sbtest7  (cost=30.09..3652.74 rows=942 width=121)
	  Recheck Cond: ((id >= 5813188) AND (id <= 5814187))
	  ->  Bitmap Index Scan on sbtest7_pkey  (cost=0.00..29.86 rows=942 width=0)
	        Index Cond: ((id >= 5813188) AND (id <= 5814187))

table 8 : explain SELECT c FROM sbtest8 WHERE id BETWEEN 6884312 AND 6885311
	Bitmap Heap Scan on sbtest8  (cost=30.87..3941.93 rows=1018 width=121)
	  Recheck Cond: ((id >= 6884312) AND (id <= 6885311))
	  ->  Bitmap Index Scan on sbtest8_pkey  (cost=0.00..30.61 rows=1018 width=0)
	        Index Cond: ((id >= 6884312) AND (id <= 6885311))

for: simple_ranges
table 1 : explain SELECT c FROM sbtest1 WHERE id BETWEEN 6407479 AND 6408478
	Bitmap Heap Scan on sbtest1  (cost=30.17..3686.38 rows=950 width=121)
	  Recheck Cond: ((id >= 6407479) AND (id <= 6408478))
	  ->  Bitmap Index Scan on sbtest1_pkey  (cost=0.00..29.93 rows=950 width=0)
	        Index Cond: ((id >= 6407479) AND (id <= 6408478))

table 2 : explain SELECT c FROM sbtest2 WHERE id BETWEEN 4057552 AND 4058551
	Bitmap Heap Scan on sbtest2  (cost=35.63..4224.39 rows=1092 width=121)
	  Recheck Cond: ((id >= 4057552) AND (id <= 4058551))
	  ->  Bitmap Index Scan on sbtest2_pkey  (cost=0.00..35.36 rows=1092 width=0)
	        Index Cond: ((id >= 4057552) AND (id <= 4058551))

table 3 : explain SELECT c FROM sbtest3 WHERE id BETWEEN 3016297 AND 3017296
	Bitmap Heap Scan on sbtest3  (cost=30.36..3751.41 rows=968 width=121)
	  Recheck Cond: ((id >= 3016297) AND (id <= 3017296))
	  ->  Bitmap Index Scan on sbtest3_pkey  (cost=0.00..30.11 rows=968 width=0)
	        Index Cond: ((id >= 3016297) AND (id <= 3017296))

table 4 : explain SELECT c FROM sbtest4 WHERE id BETWEEN 1599952 AND 1600951
	Bitmap Heap Scan on sbtest4  (cost=30.89..3949.16 rows=1020 width=121)
	  Recheck Cond: ((id >= 1599952) AND (id <= 1600951))
	  ->  Bitmap Index Scan on sbtest4_pkey  (cost=0.00..30.64 rows=1020 width=0)
	        Index Cond: ((id >= 1599952) AND (id <= 1600951))

table 5 : explain SELECT c FROM sbtest5 WHERE id BETWEEN 7420674 AND 7421673
	Bitmap Heap Scan on sbtest5  (cost=35.36..4126.81 rows=1066 width=121)
	  Recheck Cond: ((id >= 7420674) AND (id <= 7421673))
	  ->  Bitmap Index Scan on sbtest5_pkey  (cost=0.00..35.09 rows=1066 width=0)
	        Index Cond: ((id >= 7420674) AND (id <= 7421673))

table 6 : explain SELECT c FROM sbtest6 WHERE id BETWEEN 8496676 AND 8497675
	Bitmap Heap Scan on sbtest6  (cost=31.12..4031.85 rows=1042 width=121)
	  Recheck Cond: ((id >= 8496676) AND (id <= 8497675))
	  ->  Bitmap Index Scan on sbtest6_pkey  (cost=0.00..30.86 rows=1042 width=0)
	        Index Cond: ((id >= 8496676) AND (id <= 8497675))

table 7 : explain SELECT c FROM sbtest7 WHERE id BETWEEN 2970048 AND 2971047
	Bitmap Heap Scan on sbtest7  (cost=30.85..3931.91 rows=1016 width=121)
	  Recheck Cond: ((id >= 2970048) AND (id <= 2971047))
	  ->  Bitmap Index Scan on sbtest7_pkey  (cost=0.00..30.59 rows=1016 width=0)
	        Index Cond: ((id >= 2970048) AND (id <= 2971047))

table 8 : explain SELECT c FROM sbtest8 WHERE id BETWEEN 459419 AND 460418
	Bitmap Heap Scan on sbtest8  (cost=35.32..4111.75 rows=1062 width=121)
	  Recheck Cond: ((id >= 459419) AND (id <= 460418))
	  ->  Bitmap Index Scan on sbtest8_pkey  (cost=0.00..35.06 rows=1062 width=0)
	        Index Cond: ((id >= 459419) AND (id <= 460418))

for: sum_ranges
table 1 : explain SELECT SUM(k) FROM sbtest1 WHERE id BETWEEN 4404378 AND 4405377
	Aggregate  (cost=3972.22..3972.23 rows=1 width=8)
	  ->  Bitmap Heap Scan on sbtest1  (cost=30.94..3969.66 rows=1025 width=4)
	        Recheck Cond: ((id >= 4404378) AND (id <= 4405377))
	        ->  Bitmap Index Scan on sbtest1_pkey  (cost=0.00..30.68 rows=1025 width=0)
	              Index Cond: ((id >= 4404378) AND (id <= 4405377))

table 2 : explain SELECT SUM(k) FROM sbtest2 WHERE id BETWEEN 5466787 AND 5467786
	Aggregate  (cost=3766.74..3766.75 rows=1 width=8)
	  ->  Bitmap Heap Scan on sbtest2  (cost=30.39..3764.31 rows=971 width=4)
	        Recheck Cond: ((id >= 5466787) AND (id <= 5467786))
	        ->  Bitmap Index Scan on sbtest2_pkey  (cost=0.00..30.14 rows=971 width=0)
	              Index Cond: ((id >= 5466787) AND (id <= 5467786))

table 3 : explain SELECT SUM(k) FROM sbtest3 WHERE id BETWEEN 9733506 AND 9734505
	Aggregate  (cost=3719.83..3719.84 rows=1 width=8)
	  ->  Bitmap Heap Scan on sbtest3  (cost=30.26..3717.43 rows=959 width=4)
	        Recheck Cond: ((id >= 9733506) AND (id <= 9734505))
	        ->  Bitmap Index Scan on sbtest3_pkey  (cost=0.00..30.02 rows=959 width=0)
	              Index Cond: ((id >= 9733506) AND (id <= 9734505))

table 4 : explain SELECT SUM(k) FROM sbtest4 WHERE id BETWEEN 8417551 AND 8418550
	Aggregate  (cost=3796.91..3796.92 rows=1 width=8)
	  ->  Bitmap Heap Scan on sbtest4  (cost=30.47..3794.47 rows=979 width=4)
	        Recheck Cond: ((id >= 8417551) AND (id <= 8418550))
	        ->  Bitmap Index Scan on sbtest4_pkey  (cost=0.00..30.22 rows=979 width=0)
	              Index Cond: ((id >= 8417551) AND (id <= 8418550))

table 5 : explain SELECT SUM(k) FROM sbtest5 WHERE id BETWEEN 8361888 AND 8362887
	Aggregate  (cost=3834.98..3834.99 rows=1 width=8)
	  ->  Bitmap Heap Scan on sbtest5  (cost=30.57..3832.51 rows=989 width=4)
	        Recheck Cond: ((id >= 8361888) AND (id <= 8362887))
	        ->  Bitmap Index Scan on sbtest5_pkey  (cost=0.00..30.32 rows=989 width=0)
	              Index Cond: ((id >= 8361888) AND (id <= 8362887))

table 6 : explain SELECT SUM(k) FROM sbtest6 WHERE id BETWEEN 2198524 AND 2199523
	Aggregate  (cost=3770.25..3770.26 rows=1 width=8)
	  ->  Bitmap Heap Scan on sbtest6  (cost=30.40..3767.82 rows=972 width=4)
	        Recheck Cond: ((id >= 2198524) AND (id <= 2199523))
	        ->  Bitmap Index Scan on sbtest6_pkey  (cost=0.00..30.15 rows=972 width=0)
	              Index Cond: ((id >= 2198524) AND (id <= 2199523))

table 7 : explain SELECT SUM(k) FROM sbtest7 WHERE id BETWEEN 3239151 AND 3240150
	Aggregate  (cost=3726.89..3726.90 rows=1 width=8)
	  ->  Bitmap Heap Scan on sbtest7  (cost=30.29..3724.48 rows=961 width=4)
	        Recheck Cond: ((id >= 3239151) AND (id <= 3240150))
	        ->  Bitmap Index Scan on sbtest7_pkey  (cost=0.00..30.04 rows=961 width=0)
	              Index Cond: ((id >= 3239151) AND (id <= 3240150))

table 8 : explain SELECT SUM(k) FROM sbtest8 WHERE id BETWEEN 2913356 AND 2914355
	Aggregate  (cost=3653.53..3653.54 rows=1 width=8)
	  ->  Bitmap Heap Scan on sbtest8  (cost=30.08..3651.17 rows=941 width=4)
	        Recheck Cond: ((id >= 2913356) AND (id <= 2914355))
	        ->  Bitmap Index Scan on sbtest8_pkey  (cost=0.00..29.84 rows=941 width=0)
	              Index Cond: ((id >= 2913356) AND (id <= 2914355))

for: simple_ranges
table 1 : explain SELECT c FROM sbtest1 WHERE id BETWEEN 9527380 AND 9528379
	Bitmap Heap Scan on sbtest1  (cost=35.41..4147.06 rows=1071 width=121)
	  Recheck Cond: ((id >= 9527380) AND (id <= 9528379))
	  ->  Bitmap Index Scan on sbtest1_pkey  (cost=0.00..35.15 rows=1071 width=0)
	        Index Cond: ((id >= 9527380) AND (id <= 9528379))

table 2 : explain SELECT c FROM sbtest2 WHERE id BETWEEN 9364325 AND 9365324
	Bitmap Heap Scan on sbtest2  (cost=30.71..3881.33 rows=1002 width=121)
	  Recheck Cond: ((id >= 9364325) AND (id <= 9365324))
	  ->  Bitmap Index Scan on sbtest2_pkey  (cost=0.00..30.45 rows=1002 width=0)
	        Index Cond: ((id >= 9364325) AND (id <= 9365324))

table 3 : explain SELECT c FROM sbtest3 WHERE id BETWEEN 5435495 AND 5436494
	Bitmap Heap Scan on sbtest3  (cost=30.15..3675.88 rows=948 width=121)
	  Recheck Cond: ((id >= 5435495) AND (id <= 5436494))
	  ->  Bitmap Index Scan on sbtest3_pkey  (cost=0.00..29.91 rows=948 width=0)
	        Index Cond: ((id >= 5435495) AND (id <= 5436494))

table 4 : explain SELECT c FROM sbtest4 WHERE id BETWEEN 6648629 AND 6649628
	Bitmap Heap Scan on sbtest4  (cost=30.26..3718.93 rows=959 width=121)
	  Recheck Cond: ((id >= 6648629) AND (id <= 6649628))
	  ->  Bitmap Index Scan on sbtest4_pkey  (cost=0.00..30.02 rows=959 width=0)
	        Index Cond: ((id >= 6648629) AND (id <= 6649628))

table 5 : explain SELECT c FROM sbtest5 WHERE id BETWEEN 4390621 AND 4391620
	Bitmap Heap Scan on sbtest5  (cost=30.71..3881.57 rows=1002 width=121)
	  Recheck Cond: ((id >= 4390621) AND (id <= 4391620))
	  ->  Bitmap Index Scan on sbtest5_pkey  (cost=0.00..30.45 rows=1002 width=0)
	        Index Cond: ((id >= 4390621) AND (id <= 4391620))

table 6 : explain SELECT c FROM sbtest6 WHERE id BETWEEN 9094840 AND 9095839
	Bitmap Heap Scan on sbtest6  (cost=35.34..4118.70 rows=1064 width=121)
	  Recheck Cond: ((id >= 9094840) AND (id <= 9095839))
	  ->  Bitmap Index Scan on sbtest6_pkey  (cost=0.00..35.08 rows=1064 width=0)
	        Index Cond: ((id >= 9094840) AND (id <= 9095839))

table 7 : explain SELECT c FROM sbtest7 WHERE id BETWEEN 358408 AND 359407
	Bitmap Heap Scan on sbtest7  (cost=29.91..3584.72 rows=924 width=121)
	  Recheck Cond: ((id >= 358408) AND (id <= 359407))
	  ->  Bitmap Index Scan on sbtest7_pkey  (cost=0.00..29.68 rows=924 width=0)
	        Index Cond: ((id >= 358408) AND (id <= 359407))

table 8 : explain SELECT c FROM sbtest8 WHERE id BETWEEN 2265126 AND 2266125
	Bitmap Heap Scan on sbtest8  (cost=30.29..3726.77 rows=961 width=121)
	  Recheck Cond: ((id >= 2265126) AND (id <= 2266125))
	  ->  Bitmap Index Scan on sbtest8_pkey  (cost=0.00..30.04 rows=961 width=0)
	        Index Cond: ((id >= 2265126) AND (id <= 2266125))

for: sum_ranges
table 1 : explain SELECT SUM(k) FROM sbtest1 WHERE id BETWEEN 4525927 AND 4526926
	Aggregate  (cost=3870.26..3870.27 rows=1 width=8)
	  ->  Bitmap Heap Scan on sbtest1  (cost=30.66..3867.76 rows=998 width=4)
	        Recheck Cond: ((id >= 4525927) AND (id <= 4526926))
	        ->  Bitmap Index Scan on sbtest1_pkey  (cost=0.00..30.41 rows=998 width=0)
	              Index Cond: ((id >= 4525927) AND (id <= 4526926))

table 2 : explain SELECT SUM(k) FROM sbtest2 WHERE id BETWEEN 6085185 AND 6086184
	Aggregate  (cost=4309.91..4309.92 rows=1 width=8)
	  ->  Bitmap Heap Scan on sbtest2  (cost=35.85..4307.12 rows=1114 width=4)
	        Recheck Cond: ((id >= 6085185) AND (id <= 6086184))
	        ->  Bitmap Index Scan on sbtest2_pkey  (cost=0.00..35.58 rows=1114 width=0)
	              Index Cond: ((id >= 6085185) AND (id <= 6086184))

table 3 : explain SELECT SUM(k) FROM sbtest3 WHERE id BETWEEN 7740245 AND 7741244
	Aggregate  (cost=3919.90..3919.91 rows=1 width=8)
	  ->  Bitmap Heap Scan on sbtest3  (cost=30.81..3917.37 rows=1012 width=4)
	        Recheck Cond: ((id >= 7740245) AND (id <= 7741244))
	        ->  Bitmap Index Scan on sbtest3_pkey  (cost=0.00..30.55 rows=1012 width=0)
	              Index Cond: ((id >= 7740245) AND (id <= 7741244))

table 4 : explain SELECT SUM(k) FROM sbtest4 WHERE id BETWEEN 4150492 AND 4151491
	Aggregate  (cost=3725.10..3725.11 rows=1 width=8)
	  ->  Bitmap Heap Scan on sbtest4  (cost=30.27..3722.70 rows=960 width=4)
	        Recheck Cond: ((id >= 4150492) AND (id <= 4151491))
	        ->  Bitmap Index Scan on sbtest4_pkey  (cost=0.00..30.04 rows=960 width=0)
	              Index Cond: ((id >= 4150492) AND (id <= 4151491))

table 5 : explain SELECT SUM(k) FROM sbtest5 WHERE id BETWEEN 9909547 AND 9910546
	Aggregate  (cost=3517.23..3517.24 rows=1 width=8)
	  ->  Bitmap Heap Scan on sbtest5  (cost=29.71..3514.97 rows=905 width=4)
	        Recheck Cond: ((id >= 9909547) AND (id <= 9910546))
	        ->  Bitmap Index Scan on sbtest5_pkey  (cost=0.00..29.48 rows=905 width=0)
	              Index Cond: ((id >= 9909547) AND (id <= 9910546))

table 6 : explain SELECT SUM(k) FROM sbtest6 WHERE id BETWEEN 7826844 AND 7827843
	Aggregate  (cost=3331.03..3331.04 rows=1 width=8)
	  ->  Bitmap Heap Scan on sbtest6  (cost=29.21..3328.89 rows=856 width=4)
	        Recheck Cond: ((id >= 7826844) AND (id <= 7827843))
	        ->  Bitmap Index Scan on sbtest6_pkey  (cost=0.00..29.00 rows=856 width=0)
	              Index Cond: ((id >= 7826844) AND (id <= 7827843))

table 7 : explain SELECT SUM(k) FROM sbtest7 WHERE id BETWEEN 7175470 AND 7176469
	Aggregate  (cost=3964.61..3964.62 rows=1 width=8)
	  ->  Bitmap Heap Scan on sbtest7  (cost=30.93..3962.05 rows=1024 width=4)
	        Recheck Cond: ((id >= 7175470) AND (id <= 7176469))
	        ->  Bitmap Index Scan on sbtest7_pkey  (cost=0.00..30.68 rows=1024 width=0)
	              Index Cond: ((id >= 7175470) AND (id <= 7176469))

table 8 : explain SELECT SUM(k) FROM sbtest8 WHERE id BETWEEN 1402993 AND 1403992
	Aggregate  (cost=3740.51..3740.52 rows=1 width=8)
	  ->  Bitmap Heap Scan on sbtest8  (cost=30.32..3738.10 rows=964 width=4)
	        Recheck Cond: ((id >= 1402993) AND (id <= 1403992))
	        ->  Bitmap Index Scan on sbtest8_pkey  (cost=0.00..30.07 rows=964 width=0)
	              Index Cond: ((id >= 1402993) AND (id <= 1403992))

for point_selects
table 1 : explain SELECT c FROM sbtest1 WHERE id=9427368
	Index Scan using sbtest1_pkey on sbtest1  (cost=0.43..8.45 rows=1 width=121)
	  Index Cond: (id = 9427368)

table 2 : explain SELECT c FROM sbtest2 WHERE id=5172999
	Index Scan using sbtest2_pkey on sbtest2  (cost=0.43..8.45 rows=1 width=121)
	  Index Cond: (id = 5172999)

table 3 : explain SELECT c FROM sbtest3 WHERE id=2877138
	Index Scan using sbtest3_pkey on sbtest3  (cost=0.43..8.45 rows=1 width=121)
	  Index Cond: (id = 2877138)

table 4 : explain SELECT c FROM sbtest4 WHERE id=5798097
	Index Scan using sbtest4_pkey on sbtest4  (cost=0.43..8.45 rows=1 width=121)
	  Index Cond: (id = 5798097)

table 5 : explain SELECT c FROM sbtest5 WHERE id=7217794
	Index Scan using sbtest5_pkey on sbtest5  (cost=0.43..8.45 rows=1 width=121)
	  Index Cond: (id = 7217794)

table 6 : explain SELECT c FROM sbtest6 WHERE id=9327051
	Index Scan using sbtest6_pkey on sbtest6  (cost=0.43..8.45 rows=1 width=121)
	  Index Cond: (id = 9327051)

table 7 : explain SELECT c FROM sbtest7 WHERE id=3577715
	Index Scan using sbtest7_pkey on sbtest7  (cost=0.43..8.45 rows=1 width=121)
	  Index Cond: (id = 3577715)

table 8 : explain SELECT c FROM sbtest8 WHERE id=2770432
	Index Scan using sbtest8_pkey on sbtest8  (cost=0.43..8.45 rows=1 width=121)
	  Index Cond: (id = 2770432)

for point_selects
table 1 : explain SELECT c FROM sbtest1 WHERE id=7956127
	Index Scan using sbtest1_pkey on sbtest1  (cost=0.43..8.45 rows=1 width=121)
	  Index Cond: (id = 7956127)

table 2 : explain SELECT c FROM sbtest2 WHERE id=6499195
	Index Scan using sbtest2_pkey on sbtest2  (cost=0.43..8.45 rows=1 width=121)
	  Index Cond: (id = 6499195)

table 3 : explain SELECT c FROM sbtest3 WHERE id=5709409
	Index Scan using sbtest3_pkey on sbtest3  (cost=0.43..8.45 rows=1 width=121)
	  Index Cond: (id = 5709409)

table 4 : explain SELECT c FROM sbtest4 WHERE id=1236062
	Index Scan using sbtest4_pkey on sbtest4  (cost=0.43..8.45 rows=1 width=121)
	  Index Cond: (id = 1236062)

table 5 : explain SELECT c FROM sbtest5 WHERE id=7903291
	Index Scan using sbtest5_pkey on sbtest5  (cost=0.43..8.45 rows=1 width=121)
	  Index Cond: (id = 7903291)

table 6 : explain SELECT c FROM sbtest6 WHERE id=7469183
	Index Scan using sbtest6_pkey on sbtest6  (cost=0.43..8.45 rows=1 width=121)
	  Index Cond: (id = 7469183)

table 7 : explain SELECT c FROM sbtest7 WHERE id=3225431
	Index Scan using sbtest7_pkey on sbtest7  (cost=0.43..8.45 rows=1 width=121)
	  Index Cond: (id = 3225431)

table 8 : explain SELECT c FROM sbtest8 WHERE id=4113073
	Index Scan using sbtest8_pkey on sbtest8  (cost=0.43..8.45 rows=1 width=121)
	  Index Cond: (id = 4113073)

for: distinct_ranges
table 1 : explain SELECT DISTINCT c FROM sbtest1 WHERE id BETWEEN 5277776 AND 5278775 ORDER BY c
	Unique  (cost=3714.17..3718.90 rows=945 width=121)
	  ->  Sort  (cost=3714.17..3716.54 rows=945 width=121)
	        Sort Key: c
	        ->  Bitmap Heap Scan on sbtest1  (cost=30.12..3667.47 rows=945 width=121)
	              Recheck Cond: ((id >= 5277776) AND (id <= 5278775))
	              ->  Bitmap Index Scan on sbtest1_pkey  (cost=0.00..29.89 rows=945 width=0)
	                    Index Cond: ((id >= 5277776) AND (id <= 5278775))

table 2 : explain SELECT DISTINCT c FROM sbtest2 WHERE id BETWEEN 5032069 AND 5033068 ORDER BY c
	Unique  (cost=3731.96..3736.71 rows=950 width=121)
	  ->  Sort  (cost=3731.96..3734.33 rows=950 width=121)
	        Sort Key: c
	        ->  Bitmap Heap Scan on sbtest2  (cost=30.17..3684.97 rows=950 width=121)
	              Recheck Cond: ((id >= 5032069) AND (id <= 5033068))
	              ->  Bitmap Index Scan on sbtest2_pkey  (cost=0.00..29.93 rows=950 width=0)
	                    Index Cond: ((id >= 5032069) AND (id <= 5033068))

table 3 : explain SELECT DISTINCT c FROM sbtest3 WHERE id BETWEEN 1041679 AND 1042678 ORDER BY c
	Unique  (cost=3580.81..3585.37 rows=911 width=121)
	  ->  Sort  (cost=3580.81..3583.09 rows=911 width=121)
	        Sort Key: c
	        ->  Bitmap Heap Scan on sbtest3  (cost=29.77..3536.03 rows=911 width=121)
	              Recheck Cond: ((id >= 1041679) AND (id <= 1042678))
	              ->  Bitmap Index Scan on sbtest3_pkey  (cost=0.00..29.54 rows=911 width=0)
	                    Index Cond: ((id >= 1041679) AND (id <= 1042678))

table 4 : explain SELECT DISTINCT c FROM sbtest4 WHERE id BETWEEN 4019360 AND 4020359 ORDER BY c
	Unique  (cost=4309.98..4315.48 rows=1100 width=121)
	  ->  Sort  (cost=4309.98..4312.73 rows=1100 width=121)
	        Sort Key: c
	        ->  Bitmap Heap Scan on sbtest4  (cost=35.71..4254.41 rows=1100 width=121)
	              Recheck Cond: ((id >= 4019360) AND (id <= 4020359))
	              ->  Bitmap Index Scan on sbtest4_pkey  (cost=0.00..35.44 rows=1100 width=0)
	                    Index Cond: ((id >= 4019360) AND (id <= 4020359))

table 5 : explain SELECT DISTINCT c FROM sbtest5 WHERE id BETWEEN 3759554 AND 3760553 ORDER BY c
	Unique  (cost=4134.36..4139.63 rows=1055 width=121)
	  ->  Sort  (cost=4134.36..4137.00 rows=1055 width=121)
	        Sort Key: c
	        ->  Bitmap Heap Scan on sbtest5  (cost=31.25..4081.38 rows=1055 width=121)
	              Recheck Cond: ((id >= 3759554) AND (id <= 3760553))
	              ->  Bitmap Index Scan on sbtest5_pkey  (cost=0.00..30.98 rows=1055 width=0)
	                    Index Cond: ((id >= 3759554) AND (id <= 3760553))

table 6 : explain SELECT DISTINCT c FROM sbtest6 WHERE id BETWEEN 2013850 AND 2014849 ORDER BY c
	Unique  (cost=4302.09..4307.58 rows=1098 width=121)
	  ->  Sort  (cost=4302.09..4304.83 rows=1098 width=121)
	        Sort Key: c
	        ->  Bitmap Heap Scan on sbtest6  (cost=35.69..4246.64 rows=1098 width=121)
	              Recheck Cond: ((id >= 2013850) AND (id <= 2014849))
	              ->  Bitmap Index Scan on sbtest6_pkey  (cost=0.00..35.42 rows=1098 width=0)
	                    Index Cond: ((id >= 2013850) AND (id <= 2014849))

table 7 : explain SELECT DISTINCT c FROM sbtest7 WHERE id BETWEEN 7280883 AND 7281882 ORDER BY c
	Unique  (cost=4273.19..4278.65 rows=1091 width=121)
	  ->  Sort  (cost=4273.19..4275.92 rows=1091 width=121)
	        Sort Key: c
	        ->  Bitmap Heap Scan on sbtest7  (cost=35.62..4218.15 rows=1091 width=121)
	              Recheck Cond: ((id >= 7280883) AND (id <= 7281882))
	              ->  Bitmap Index Scan on sbtest7_pkey  (cost=0.00..35.34 rows=1091 width=0)
	                    Index Cond: ((id >= 7280883) AND (id <= 7281882))

table 8 : explain SELECT DISTINCT c FROM sbtest8 WHERE id BETWEEN 1777689 AND 1778688 ORDER BY c
	Unique  (cost=4253.03..4258.46 rows=1085 width=121)
	  ->  Sort  (cost=4253.03..4255.75 rows=1085 width=121)
	        Sort Key: c
	        ->  Bitmap Heap Scan on sbtest8  (cost=35.56..4198.33 rows=1085 width=121)
	              Recheck Cond: ((id >= 1777689) AND (id <= 1778688))
	              ->  Bitmap Index Scan on sbtest8_pkey  (cost=0.00..35.29 rows=1085 width=0)
	                    Index Cond: ((id >= 1777689) AND (id <= 1778688))

for: sum_ranges
table 1 : explain SELECT SUM(k) FROM sbtest1 WHERE id BETWEEN 4362511 AND 4363510
	Aggregate  (cost=3881.59..3881.60 rows=1 width=8)
	  ->  Bitmap Heap Scan on sbtest1  (cost=30.70..3879.09 rows=1001 width=4)
	        Recheck Cond: ((id >= 4362511) AND (id <= 4363510))
	        ->  Bitmap Index Scan on sbtest1_pkey  (cost=0.00..30.44 rows=1001 width=0)
	              Index Cond: ((id >= 4362511) AND (id <= 4363510))

table 2 : explain SELECT SUM(k) FROM sbtest2 WHERE id BETWEEN 5330141 AND 5331140
	Aggregate  (cost=3963.09..3963.10 rows=1 width=8)
	  ->  Bitmap Heap Scan on sbtest2  (cost=30.92..3960.54 rows=1023 width=4)
	        Recheck Cond: ((id >= 5330141) AND (id <= 5331140))
	        ->  Bitmap Index Scan on sbtest2_pkey  (cost=0.00..30.66 rows=1023 width=0)
	              Index Cond: ((id >= 5330141) AND (id <= 5331140))

table 3 : explain SELECT SUM(k) FROM sbtest3 WHERE id BETWEEN 8266476 AND 8267475
	Aggregate  (cost=3784.04..3784.05 rows=1 width=8)
	  ->  Bitmap Heap Scan on sbtest3  (cost=30.44..3781.60 rows=976 width=4)
	        Recheck Cond: ((id >= 8266476) AND (id <= 8267475))
	        ->  Bitmap Index Scan on sbtest3_pkey  (cost=0.00..30.19 rows=976 width=0)
	              Index Cond: ((id >= 8266476) AND (id <= 8267475))

table 4 : explain SELECT SUM(k) FROM sbtest4 WHERE id BETWEEN 5072610 AND 5073609
	Aggregate  (cost=3883.78..3883.79 rows=1 width=8)
	  ->  Bitmap Heap Scan on sbtest4  (cost=30.71..3881.27 rows=1002 width=4)
	        Recheck Cond: ((id >= 5072610) AND (id <= 5073609))
	        ->  Bitmap Index Scan on sbtest4_pkey  (cost=0.00..30.45 rows=1002 width=0)
	              Index Cond: ((id >= 5072610) AND (id <= 5073609))

table 5 : explain SELECT SUM(k) FROM sbtest5 WHERE id BETWEEN 7217230 AND 7218229
	Aggregate  (cost=4445.57..4445.58 rows=1 width=8)
	  ->  Bitmap Heap Scan on sbtest5  (cost=36.23..4442.70 rows=1151 width=4)
	        Recheck Cond: ((id >= 7217230) AND (id <= 7218229))
	        ->  Bitmap Index Scan on sbtest5_pkey  (cost=0.00..35.95 rows=1151 width=0)
	              Index Cond: ((id >= 7217230) AND (id <= 7218229))

table 6 : explain SELECT SUM(k) FROM sbtest6 WHERE id BETWEEN 9467150 AND 9468149
	Aggregate  (cost=4102.53..4102.54 rows=1 width=8)
	  ->  Bitmap Heap Scan on sbtest6  (cost=35.29..4099.88 rows=1059 width=4)
	        Recheck Cond: ((id >= 9467150) AND (id <= 9468149))
	        ->  Bitmap Index Scan on sbtest6_pkey  (cost=0.00..35.03 rows=1059 width=0)
	              Index Cond: ((id >= 9467150) AND (id <= 9468149))

table 7 : explain SELECT SUM(k) FROM sbtest7 WHERE id BETWEEN 149758 AND 150757
	Aggregate  (cost=3821.28..3821.29 rows=1 width=8)
	  ->  Bitmap Heap Scan on sbtest7  (cost=30.54..3818.82 rows=986 width=4)
	        Recheck Cond: ((id >= 149758) AND (id <= 150757))
	        ->  Bitmap Index Scan on sbtest7_pkey  (cost=0.00..30.29 rows=986 width=0)
	              Index Cond: ((id >= 149758) AND (id <= 150757))

table 8 : explain SELECT SUM(k) FROM sbtest8 WHERE id BETWEEN 1001292 AND 1002291
	Aggregate  (cost=3683.79..3683.80 rows=1 width=8)
	  ->  Bitmap Heap Scan on sbtest8  (cost=30.16..3681.42 rows=949 width=4)
	        Recheck Cond: ((id >= 1001292) AND (id <= 1002291))
	        ->  Bitmap Index Scan on sbtest8_pkey  (cost=0.00..29.93 rows=949 width=0)
	              Index Cond: ((id >= 1001292) AND (id <= 1002291))

for point_selects
table 1 : explain SELECT c FROM sbtest1 WHERE id=1690135
	Index Scan using sbtest1_pkey on sbtest1  (cost=0.43..8.45 rows=1 width=121)
	  Index Cond: (id = 1690135)

table 2 : explain SELECT c FROM sbtest2 WHERE id=9327365
	Index Scan using sbtest2_pkey on sbtest2  (cost=0.43..8.45 rows=1 width=121)
	  Index Cond: (id = 9327365)

table 3 : explain SELECT c FROM sbtest3 WHERE id=3849535
	Index Scan using sbtest3_pkey on sbtest3  (cost=0.43..8.45 rows=1 width=121)
	  Index Cond: (id = 3849535)

table 4 : explain SELECT c FROM sbtest4 WHERE id=5310662
	Index Scan using sbtest4_pkey on sbtest4  (cost=0.43..8.45 rows=1 width=121)
	  Index Cond: (id = 5310662)

table 5 : explain SELECT c FROM sbtest5 WHERE id=1688789
	Index Scan using sbtest5_pkey on sbtest5  (cost=0.43..8.45 rows=1 width=121)
	  Index Cond: (id = 1688789)

table 6 : explain SELECT c FROM sbtest6 WHERE id=8468845
	Index Scan using sbtest6_pkey on sbtest6  (cost=0.43..8.45 rows=1 width=121)
	  Index Cond: (id = 8468845)

table 7 : explain SELECT c FROM sbtest7 WHERE id=7625631
	Index Scan using sbtest7_pkey on sbtest7  (cost=0.43..8.45 rows=1 width=121)
	  Index Cond: (id = 7625631)

table 8 : explain SELECT c FROM sbtest8 WHERE id=791096
	Index Scan using sbtest8_pkey on sbtest8  (cost=0.43..8.45 rows=1 width=121)
	  Index Cond: (id = 791096)

explain: for point_selects :: explain SELECT c FROM sbtest%u WHERE id=%u
for: simple_ranges
table 1 : explain SELECT c FROM sbtest1 WHERE id BETWEEN 3520858 AND 3521857
	Bitmap Heap Scan on sbtest1  (cost=35.81..4293.87 rows=1110 width=121)
	  Recheck Cond: ((id >= 3520858) AND (id <= 3521857))
	  ->  Bitmap Index Scan on sbtest1_pkey  (cost=0.00..35.54 rows=1110 width=0)
	        Index Cond: ((id >= 3520858) AND (id <= 3521857))

table 2 : explain SELECT c FROM sbtest2 WHERE id BETWEEN 7294655 AND 7295654
	Bitmap Heap Scan on sbtest2  (cost=30.68..3873.79 rows=1000 width=121)
	  Recheck Cond: ((id >= 7294655) AND (id <= 7295654))
	  ->  Bitmap Index Scan on sbtest2_pkey  (cost=0.00..30.43 rows=1000 width=0)
	        Index Cond: ((id >= 7294655) AND (id <= 7295654))

table 3 : explain SELECT c FROM sbtest3 WHERE id BETWEEN 6654812 AND 6655811
	Bitmap Heap Scan on sbtest3  (cost=35.64..4226.26 rows=1093 width=121)
	  Recheck Cond: ((id >= 6654812) AND (id <= 6655811))
	  ->  Bitmap Index Scan on sbtest3_pkey  (cost=0.00..35.37 rows=1093 width=0)
	        Index Cond: ((id >= 6654812) AND (id <= 6655811))

table 4 : explain SELECT c FROM sbtest4 WHERE id BETWEEN 4060963 AND 4061962
	Bitmap Heap Scan on sbtest4  (cost=35.71..4254.41 rows=1100 width=121)
	  Recheck Cond: ((id >= 4060963) AND (id <= 4061962))
	  ->  Bitmap Index Scan on sbtest4_pkey  (cost=0.00..35.44 rows=1100 width=0)
	        Index Cond: ((id >= 4060963) AND (id <= 4061962))

table 5 : explain SELECT c FROM sbtest5 WHERE id BETWEEN 9304778 AND 9305777
	Bitmap Heap Scan on sbtest5  (cost=29.89..3579.30 rows=922 width=121)
	  Recheck Cond: ((id >= 9304778) AND (id <= 9305777))
	  ->  Bitmap Index Scan on sbtest5_pkey  (cost=0.00..29.65 rows=922 width=0)
	        Index Cond: ((id >= 9304778) AND (id <= 9305777))

table 6 : explain SELECT c FROM sbtest6 WHERE id BETWEEN 9677288 AND 9678287
	Bitmap Heap Scan on sbtest6  (cost=30.58..3835.77 rows=990 width=121)
	  Recheck Cond: ((id >= 9677288) AND (id <= 9678287))
	  ->  Bitmap Index Scan on sbtest6_pkey  (cost=0.00..30.33 rows=990 width=0)
	        Index Cond: ((id >= 9677288) AND (id <= 9678287))

table 7 : explain SELECT c FROM sbtest7 WHERE id BETWEEN 3875191 AND 3876190
	Bitmap Heap Scan on sbtest7  (cost=30.40..3766.00 rows=972 width=121)
	  Recheck Cond: ((id >= 3875191) AND (id <= 3876190))
	  ->  Bitmap Index Scan on sbtest7_pkey  (cost=0.00..30.15 rows=972 width=0)
	        Index Cond: ((id >= 3875191) AND (id <= 3876190))

table 8 : explain SELECT c FROM sbtest8 WHERE id BETWEEN 6757524 AND 6758523
	Bitmap Heap Scan on sbtest8  (cost=30.02..3628.48 rows=935 width=121)
	  Recheck Cond: ((id >= 6757524) AND (id <= 6758523))
	  ->  Bitmap Index Scan on sbtest8_pkey  (cost=0.00..29.79 rows=935 width=0)
	        Index Cond: ((id >= 6757524) AND (id <= 6758523))

for: sum_ranges
table 1 : explain SELECT SUM(k) FROM sbtest1 WHERE id BETWEEN 5212501 AND 5213500
	Aggregate  (cost=3658.48..3658.49 rows=1 width=8)
	  ->  Bitmap Heap Scan on sbtest1  (cost=30.09..3656.12 rows=942 width=4)
	        Recheck Cond: ((id >= 5212501) AND (id <= 5213500))
	        ->  Bitmap Index Scan on sbtest1_pkey  (cost=0.00..29.86 rows=942 width=0)
	              Index Cond: ((id >= 5212501) AND (id <= 5213500))

table 2 : explain SELECT SUM(k) FROM sbtest2 WHERE id BETWEEN 5499463 AND 5500462
	Aggregate  (cost=3766.74..3766.75 rows=1 width=8)
	  ->  Bitmap Heap Scan on sbtest2  (cost=30.39..3764.31 rows=971 width=4)
	        Recheck Cond: ((id >= 5499463) AND (id <= 5500462))
	        ->  Bitmap Index Scan on sbtest2_pkey  (cost=0.00..30.14 rows=971 width=0)
	              Index Cond: ((id >= 5499463) AND (id <= 5500462))

table 3 : explain SELECT SUM(k) FROM sbtest3 WHERE id BETWEEN 2467251 AND 2468250
	Aggregate  (cost=4360.60..4360.61 rows=1 width=8)
	  ->  Bitmap Heap Scan on sbtest3  (cost=36.01..4357.78 rows=1129 width=4)
	        Recheck Cond: ((id >= 2467251) AND (id <= 2468250))
	        ->  Bitmap Index Scan on sbtest3_pkey  (cost=0.00..35.73 rows=1129 width=0)
	              Index Cond: ((id >= 2467251) AND (id <= 2468250))

table 4 : explain SELECT SUM(k) FROM sbtest4 WHERE id BETWEEN 4427870 AND 4428869
	Aggregate  (cost=4317.36..4317.37 rows=1 width=8)
	  ->  Bitmap Heap Scan on sbtest4  (cost=35.87..4314.57 rows=1116 width=4)
	        Recheck Cond: ((id >= 4427870) AND (id <= 4428869))
	        ->  Bitmap Index Scan on sbtest4_pkey  (cost=0.00..35.59 rows=1116 width=0)
	              Index Cond: ((id >= 4427870) AND (id <= 4428869))

table 5 : explain SELECT SUM(k) FROM sbtest5 WHERE id BETWEEN 8645426 AND 8646425
	Aggregate  (cost=4012.38..4012.39 rows=1 width=8)
	  ->  Bitmap Heap Scan on sbtest5  (cost=31.05..4009.79 rows=1036 width=4)
	        Recheck Cond: ((id >= 8645426) AND (id <= 8646425))
	        ->  Bitmap Index Scan on sbtest5_pkey  (cost=0.00..30.79 rows=1036 width=0)
	              Index Cond: ((id >= 8645426) AND (id <= 8646425))

table 6 : explain SELECT SUM(k) FROM sbtest6 WHERE id BETWEEN 7350298 AND 7351297
	Aggregate  (cost=3660.61..3660.62 rows=1 width=8)
	  ->  Bitmap Heap Scan on sbtest6  (cost=30.10..3658.25 rows=943 width=4)
	        Recheck Cond: ((id >= 7350298) AND (id <= 7351297))
	        ->  Bitmap Index Scan on sbtest6_pkey  (cost=0.00..29.86 rows=943 width=0)
	              Index Cond: ((id >= 7350298) AND (id <= 7351297))

table 7 : explain SELECT SUM(k) FROM sbtest7 WHERE id BETWEEN 3176155 AND 3177154
	Aggregate  (cost=3704.22..3704.23 rows=1 width=8)
	  ->  Bitmap Heap Scan on sbtest7  (cost=30.22..3701.83 rows=955 width=4)
	        Recheck Cond: ((id >= 3176155) AND (id <= 3177154))
	        ->  Bitmap Index Scan on sbtest7_pkey  (cost=0.00..29.98 rows=955 width=0)
	              Index Cond: ((id >= 3176155) AND (id <= 3177154))

table 8 : explain SELECT SUM(k) FROM sbtest8 WHERE id BETWEEN 530603 AND 531602
	Aggregate  (cost=3676.22..3676.23 rows=1 width=8)
	  ->  Bitmap Heap Scan on sbtest8  (cost=30.14..3673.86 rows=947 width=4)
	        Recheck Cond: ((id >= 530603) AND (id <= 531602))
	        ->  Bitmap Index Scan on sbtest8_pkey  (cost=0.00..29.90 rows=947 width=0)
	              Index Cond: ((id >= 530603) AND (id <= 531602))

for: order_ranges
table 1 : explain SELECT c FROM sbtest1 WHERE id BETWEEN 5820220 AND 5821219 ORDER BY c
	Sort  (cost=3994.11..3996.65 rows=1018 width=121)
	  Sort Key: c
	  ->  Bitmap Heap Scan on sbtest1  (cost=30.87..3943.25 rows=1018 width=121)
	        Recheck Cond: ((id >= 5820220) AND (id <= 5821219))
	        ->  Bitmap Index Scan on sbtest1_pkey  (cost=0.00..30.61 rows=1018 width=0)
	              Index Cond: ((id >= 5820220) AND (id <= 5821219))

table 2 : explain SELECT c FROM sbtest2 WHERE id BETWEEN 3803896 AND 3804895 ORDER BY c
	Sort  (cost=3827.82..3830.26 rows=975 width=121)
	  Sort Key: c
	  ->  Bitmap Heap Scan on sbtest2  (cost=30.43..3779.42 rows=975 width=121)
	        Recheck Cond: ((id >= 3803896) AND (id <= 3804895))
	        ->  Bitmap Index Scan on sbtest2_pkey  (cost=0.00..30.18 rows=975 width=0)
	              Index Cond: ((id >= 3803896) AND (id <= 3804895))

table 3 : explain SELECT c FROM sbtest3 WHERE id BETWEEN 2352795 AND 2353794 ORDER BY c
	Sort  (cost=3688.25..3690.59 rows=939 width=121)
	  Sort Key: c
	  ->  Bitmap Heap Scan on sbtest3  (cost=30.06..3641.88 rows=939 width=121)
	        Recheck Cond: ((id >= 2352795) AND (id <= 2353794))
	        ->  Bitmap Index Scan on sbtest3_pkey  (cost=0.00..29.82 rows=939 width=0)
	              Index Cond: ((id >= 2352795) AND (id <= 2353794))

table 4 : explain SELECT c FROM sbtest4 WHERE id BETWEEN 86192 AND 87191 ORDER BY c
	Sort  (cost=4072.84..4075.44 rows=1039 width=121)
	  Sort Key: c
	  ->  Bitmap Heap Scan on sbtest4  (cost=31.08..4020.78 rows=1039 width=121)
	        Recheck Cond: ((id >= 86192) AND (id <= 87191))
	        ->  Bitmap Index Scan on sbtest4_pkey  (cost=0.00..30.82 rows=1039 width=0)
	              Index Cond: ((id >= 86192) AND (id <= 87191))

table 5 : explain SELECT c FROM sbtest5 WHERE id BETWEEN 640582 AND 641581 ORDER BY c
	Sort  (cost=3916.19..3918.69 rows=998 width=121)
	  Sort Key: c
	  ->  Bitmap Heap Scan on sbtest5  (cost=30.66..3866.48 rows=998 width=121)
	        Recheck Cond: ((id >= 640582) AND (id <= 641581))
	        ->  Bitmap Index Scan on sbtest5_pkey  (cost=0.00..30.41 rows=998 width=0)
	              Index Cond: ((id >= 640582) AND (id <= 641581))

table 6 : explain SELECT c FROM sbtest6 WHERE id BETWEEN 7786113 AND 7787112 ORDER BY c
	Sort  (cost=3370.58..3372.72 rows=856 width=121)
	  Sort Key: c
	  ->  Bitmap Heap Scan on sbtest6  (cost=29.21..3328.89 rows=856 width=121)
	        Recheck Cond: ((id >= 7786113) AND (id <= 7787112))
	        ->  Bitmap Index Scan on sbtest6_pkey  (cost=0.00..29.00 rows=856 width=0)
	              Index Cond: ((id >= 7786113) AND (id <= 7787112))

table 7 : explain SELECT c FROM sbtest7 WHERE id BETWEEN 8842174 AND 8843173 ORDER BY c
	Sort  (cost=3844.87..3847.32 rows=980 width=121)
	  Sort Key: c
	  ->  Bitmap Heap Scan on sbtest7  (cost=30.48..3796.18 rows=980 width=121)
	        Recheck Cond: ((id >= 8842174) AND (id <= 8843173))
	        ->  Bitmap Index Scan on sbtest7_pkey  (cost=0.00..30.23 rows=980 width=0)
	              Index Cond: ((id >= 8842174) AND (id <= 8843173))

table 8 : explain SELECT c FROM sbtest8 WHERE id BETWEEN 2639242 AND 2640241 ORDER BY c
	Sort  (cost=3939.18..3941.69 rows=1004 width=121)
	  Sort Key: c
	  ->  Bitmap Heap Scan on sbtest8  (cost=30.73..3889.12 rows=1004 width=121)
	        Recheck Cond: ((id >= 2639242) AND (id <= 2640241))
	        ->  Bitmap Index Scan on sbtest8_pkey  (cost=0.00..30.47 rows=1004 width=0)
	              Index Cond: ((id >= 2639242) AND (id <= 2640241))

explain: for point_selects :: explain SELECT c FROM sbtest%u WHERE id=%u
for: order_ranges
table 1 : explain SELECT c FROM sbtest1 WHERE id BETWEEN 9560855 AND 9561854 ORDER BY c
	Sort  (cost=4200.95..4203.63 rows=1071 width=121)
	  Sort Key: c
	  ->  Bitmap Heap Scan on sbtest1  (cost=35.41..4147.06 rows=1071 width=121)
	        Recheck Cond: ((id >= 9560855) AND (id <= 9561854))
	        ->  Bitmap Index Scan on sbtest1_pkey  (cost=0.00..35.15 rows=1071 width=0)
	              Index Cond: ((id >= 9560855) AND (id <= 9561854))

table 2 : explain SELECT c FROM sbtest2 WHERE id BETWEEN 6777603 AND 6778602 ORDER BY c
	Sort  (cost=3946.59..3949.11 rows=1006 width=121)
	  Sort Key: c
	  ->  Bitmap Heap Scan on sbtest2  (cost=30.75..3896.42 rows=1006 width=121)
	        Recheck Cond: ((id >= 6777603) AND (id <= 6778602))
	        ->  Bitmap Index Scan on sbtest2_pkey  (cost=0.00..30.50 rows=1006 width=0)
	              Index Cond: ((id >= 6777603) AND (id <= 6778602))

table 3 : explain SELECT c FROM sbtest3 WHERE id BETWEEN 2161692 AND 2162691 ORDER BY c
	Sort  (cost=4009.97..4012.52 rows=1023 width=121)
	  Sort Key: c
	  ->  Bitmap Heap Scan on sbtest3  (cost=30.92..3958.82 rows=1023 width=121)
	        Recheck Cond: ((id >= 2161692) AND (id <= 2162691))
	        ->  Bitmap Index Scan on sbtest3_pkey  (cost=0.00..30.66 rows=1023 width=0)
	              Index Cond: ((id >= 2161692) AND (id <= 2162691))

table 4 : explain SELECT c FROM sbtest4 WHERE id BETWEEN 4891653 AND 4892652 ORDER BY c
	Sort  (cost=3977.17..3979.70 rows=1014 width=121)
	  Sort Key: c
	  ->  Bitmap Heap Scan on sbtest4  (cost=30.83..3926.54 rows=1014 width=121)
	        Recheck Cond: ((id >= 4891653) AND (id <= 4892652))
	        ->  Bitmap Index Scan on sbtest4_pkey  (cost=0.00..30.57 rows=1014 width=0)
	              Index Cond: ((id >= 4891653) AND (id <= 4892652))

table 5 : explain SELECT c FROM sbtest5 WHERE id BETWEEN 1354915 AND 1355914 ORDER BY c
	Sort  (cost=3885.54..3888.02 rows=990 width=121)
	  Sort Key: c
	  ->  Bitmap Heap Scan on sbtest5  (cost=30.58..3836.29 rows=990 width=121)
	        Recheck Cond: ((id >= 1354915) AND (id <= 1355914))
	        ->  Bitmap Index Scan on sbtest5_pkey  (cost=0.00..30.33 rows=990 width=0)
	              Index Cond: ((id >= 1354915) AND (id <= 1355914))

table 6 : explain SELECT c FROM sbtest6 WHERE id BETWEEN 336447 AND 337446 ORDER BY c
	Sort  (cost=3996.08..3998.63 rows=1019 width=121)
	  Sort Key: c
	  ->  Bitmap Heap Scan on sbtest6  (cost=30.88..3945.17 rows=1019 width=121)
	        Recheck Cond: ((id >= 336447) AND (id <= 337446))
	        ->  Bitmap Index Scan on sbtest6_pkey  (cost=0.00..30.62 rows=1019 width=0)
	              Index Cond: ((id >= 336447) AND (id <= 337446))

table 7 : explain SELECT c FROM sbtest7 WHERE id BETWEEN 2550975 AND 2551974 ORDER BY c
	Sort  (cost=4292.27..4295.01 rows=1096 width=121)
	  Sort Key: c
	  ->  Bitmap Heap Scan on sbtest7  (cost=35.67..4236.94 rows=1096 width=121)
	        Recheck Cond: ((id >= 2550975) AND (id <= 2551974))
	        ->  Bitmap Index Scan on sbtest7_pkey  (cost=0.00..35.40 rows=1096 width=0)
	              Index Cond: ((id >= 2550975) AND (id <= 2551974))

table 8 : explain SELECT c FROM sbtest8 WHERE id BETWEEN 2081655 AND 2082654 ORDER BY c
	Sort  (cost=4084.81..4087.42 rows=1041 width=121)
	  Sort Key: c
	  ->  Bitmap Heap Scan on sbtest8  (cost=35.11..4032.64 rows=1041 width=121)
	        Recheck Cond: ((id >= 2081655) AND (id <= 2082654))
	        ->  Bitmap Index Scan on sbtest8_pkey  (cost=0.00..34.84 rows=1041 width=0)
	              Index Cond: ((id >= 2081655) AND (id <= 2082654))

for: simple_ranges
table 1 : explain SELECT c FROM sbtest1 WHERE id BETWEEN 7022515 AND 7023514
	Bitmap Heap Scan on sbtest1  (cost=30.64..3860.21 rows=996 width=121)
	  Recheck Cond: ((id >= 7022515) AND (id <= 7023514))
	  ->  Bitmap Index Scan on sbtest1_pkey  (cost=0.00..30.39 rows=996 width=0)
	        Index Cond: ((id >= 7022515) AND (id <= 7023514))

table 2 : explain SELECT c FROM sbtest2 WHERE id BETWEEN 2403843 AND 2404842
	Bitmap Heap Scan on sbtest2  (cost=35.33..4115.25 rows=1063 width=121)
	  Recheck Cond: ((id >= 2403843) AND (id <= 2404842))
	  ->  Bitmap Index Scan on sbtest2_pkey  (cost=0.00..35.07 rows=1063 width=0)
	        Index Cond: ((id >= 2403843) AND (id <= 2404842))

table 3 : explain SELECT c FROM sbtest3 WHERE id BETWEEN 3626407 AND 3627406
	Bitmap Heap Scan on sbtest3  (cost=30.20..3694.77 rows=953 width=121)
	  Recheck Cond: ((id >= 3626407) AND (id <= 3627406))
	  ->  Bitmap Index Scan on sbtest3_pkey  (cost=0.00..29.96 rows=953 width=0)
	        Index Cond: ((id >= 3626407) AND (id <= 3627406))

table 4 : explain SELECT c FROM sbtest4 WHERE id BETWEEN 4183915 AND 4184914
	Bitmap Heap Scan on sbtest4  (cost=30.27..3722.70 rows=960 width=121)
	  Recheck Cond: ((id >= 4183915) AND (id <= 4184914))
	  ->  Bitmap Index Scan on sbtest4_pkey  (cost=0.00..30.04 rows=960 width=0)
	        Index Cond: ((id >= 4183915) AND (id <= 4184914))

table 5 : explain SELECT c FROM sbtest5 WHERE id BETWEEN 2569776 AND 2570775
	Bitmap Heap Scan on sbtest5  (cost=30.66..3866.48 rows=998 width=121)
	  Recheck Cond: ((id >= 2569776) AND (id <= 2570775))
	  ->  Bitmap Index Scan on sbtest5_pkey  (cost=0.00..30.41 rows=998 width=0)
	        Index Cond: ((id >= 2569776) AND (id <= 2570775))

table 6 : explain SELECT c FROM sbtest6 WHERE id BETWEEN 3931051 AND 3932050
	Bitmap Heap Scan on sbtest6  (cost=35.30..4103.64 rows=1060 width=121)
	  Recheck Cond: ((id >= 3931051) AND (id <= 3932050))
	  ->  Bitmap Index Scan on sbtest6_pkey  (cost=0.00..35.04 rows=1060 width=0)
	        Index Cond: ((id >= 3931051) AND (id <= 3932050))

table 7 : explain SELECT c FROM sbtest7 WHERE id BETWEEN 3427962 AND 3428961
	Bitmap Heap Scan on sbtest7  (cost=30.39..3762.23 rows=971 width=121)
	  Recheck Cond: ((id >= 3427962) AND (id <= 3428961))
	  ->  Bitmap Index Scan on sbtest7_pkey  (cost=0.00..30.14 rows=971 width=0)
	        Index Cond: ((id >= 3427962) AND (id <= 3428961))

table 8 : explain SELECT c FROM sbtest8 WHERE id BETWEEN 9415072 AND 9416071
	Bitmap Heap Scan on sbtest8  (cost=29.78..3541.47 rows=912 width=121)
	  Recheck Cond: ((id >= 9415072) AND (id <= 9416071))
	  ->  Bitmap Index Scan on sbtest8_pkey  (cost=0.00..29.55 rows=912 width=0)
	        Index Cond: ((id >= 9415072) AND (id <= 9416071))

for: simple_ranges
table 1 : explain SELECT c FROM sbtest1 WHERE id BETWEEN 6120045 AND 6121044
	Bitmap Heap Scan on sbtest1  (cost=30.68..3875.31 rows=1000 width=121)
	  Recheck Cond: ((id >= 6120045) AND (id <= 6121044))
	  ->  Bitmap Index Scan on sbtest1_pkey  (cost=0.00..30.43 rows=1000 width=0)
	        Index Cond: ((id >= 6120045) AND (id <= 6121044))

table 2 : explain SELECT c FROM sbtest2 WHERE id BETWEEN 5190930 AND 5191929
	Bitmap Heap Scan on sbtest2  (cost=35.52..4183.00 rows=1081 width=121)
	  Recheck Cond: ((id >= 5190930) AND (id <= 5191929))
	  ->  Bitmap Index Scan on sbtest2_pkey  (cost=0.00..35.25 rows=1081 width=0)
	        Index Cond: ((id >= 5190930) AND (id <= 5191929))

table 3 : explain SELECT c FROM sbtest3 WHERE id BETWEEN 5698233 AND 5699232
	Bitmap Heap Scan on sbtest3  (cost=30.70..3875.90 rows=1001 width=121)
	  Recheck Cond: ((id >= 5698233) AND (id <= 5699232))
	  ->  Bitmap Index Scan on sbtest3_pkey  (cost=0.00..30.44 rows=1001 width=0)
	        Index Cond: ((id >= 5698233) AND (id <= 5699232))

table 4 : explain SELECT c FROM sbtest4 WHERE id BETWEEN 1496157 AND 1497156
	Bitmap Heap Scan on sbtest4  (cost=30.81..3919.00 rows=1012 width=121)
	  Recheck Cond: ((id >= 1496157) AND (id <= 1497156))
	  ->  Bitmap Index Scan on sbtest4_pkey  (cost=0.00..30.55 rows=1012 width=0)
	        Index Cond: ((id >= 1496157) AND (id <= 1497156))

table 5 : explain SELECT c FROM sbtest5 WHERE id BETWEEN 6613662 AND 6614661
	Bitmap Heap Scan on sbtest5  (cost=31.11..4028.64 rows=1041 width=121)
	  Recheck Cond: ((id >= 6613662) AND (id <= 6614661))
	  ->  Bitmap Index Scan on sbtest5_pkey  (cost=0.00..30.84 rows=1041 width=0)
	        Index Cond: ((id >= 6613662) AND (id <= 6614661))

table 6 : explain SELECT c FROM sbtest6 WHERE id BETWEEN 3576927 AND 3577926
	Bitmap Heap Scan on sbtest6  (cost=30.33..3741.38 rows=965 width=121)
	  Recheck Cond: ((id >= 3576927) AND (id <= 3577926))
	  ->  Bitmap Index Scan on sbtest6_pkey  (cost=0.00..30.08 rows=965 width=0)
	        Index Cond: ((id >= 3576927) AND (id <= 3577926))

table 7 : explain SELECT c FROM sbtest7 WHERE id BETWEEN 8625518 AND 8626517
	Bitmap Heap Scan on sbtest7  (cost=35.24..4079.00 rows=1054 width=121)
	  Recheck Cond: ((id >= 8625518) AND (id <= 8626517))
	  ->  Bitmap Index Scan on sbtest7_pkey  (cost=0.00..34.98 rows=1054 width=0)
	        Index Cond: ((id >= 8625518) AND (id <= 8626517))

table 8 : explain SELECT c FROM sbtest8 WHERE id BETWEEN 1119526 AND 1120525
	Bitmap Heap Scan on sbtest8  (cost=30.51..3809.86 rows=983 width=121)
	  Recheck Cond: ((id >= 1119526) AND (id <= 1120525))
	  ->  Bitmap Index Scan on sbtest8_pkey  (cost=0.00..30.26 rows=983 width=0)
	        Index Cond: ((id >= 1119526) AND (id <= 1120525))

for: sum_ranges
table 1 : explain SELECT SUM(k) FROM sbtest1 WHERE id BETWEEN 9196276 AND 9197275
	Aggregate  (cost=4161.04..4161.05 rows=1 width=8)
	  ->  Bitmap Heap Scan on sbtest1  (cost=35.44..4158.36 rows=1074 width=4)
	        Recheck Cond: ((id >= 9196276) AND (id <= 9197275))
	        ->  Bitmap Index Scan on sbtest1_pkey  (cost=0.00..35.18 rows=1074 width=0)
	              Index Cond: ((id >= 9196276) AND (id <= 9197275))

table 2 : explain SELECT SUM(k) FROM sbtest2 WHERE id BETWEEN 2983074 AND 2984073
	Aggregate  (cost=3789.41..3789.42 rows=1 width=8)
	  ->  Bitmap Heap Scan on sbtest2  (cost=30.45..3786.97 rows=977 width=4)
	        Recheck Cond: ((id >= 2983074) AND (id <= 2984073))
	        ->  Bitmap Index Scan on sbtest2_pkey  (cost=0.00..30.20 rows=977 width=0)
	              Index Cond: ((id >= 2983074) AND (id <= 2984073))

table 3 : explain SELECT SUM(k) FROM sbtest3 WHERE id BETWEEN 9943708 AND 9944707
	Aggregate  (cost=4002.85..4002.86 rows=1 width=8)
	  ->  Bitmap Heap Scan on sbtest3  (cost=31.03..4000.26 rows=1034 width=4)
	        Recheck Cond: ((id >= 9943708) AND (id <= 9944707))
	        ->  Bitmap Index Scan on sbtest3_pkey  (cost=0.00..30.77 rows=1034 width=0)
	              Index Cond: ((id >= 9943708) AND (id <= 9944707))

table 4 : explain SELECT SUM(k) FROM sbtest4 WHERE id BETWEEN 4838495 AND 4839494
	Aggregate  (cost=3929.07..3929.08 rows=1 width=8)
	  ->  Bitmap Heap Scan on sbtest4  (cost=30.83..3926.54 rows=1014 width=4)
	        Recheck Cond: ((id >= 4838495) AND (id <= 4839494))
	        ->  Bitmap Index Scan on sbtest4_pkey  (cost=0.00..30.57 rows=1014 width=0)
	              Index Cond: ((id >= 4838495) AND (id <= 4839494))

table 5 : explain SELECT SUM(k) FROM sbtest5 WHERE id BETWEEN 2744392 AND 2745391
	Aggregate  (cost=3782.09..3782.10 rows=1 width=8)
	  ->  Bitmap Heap Scan on sbtest5  (cost=30.43..3779.65 rows=975 width=4)
	        Recheck Cond: ((id >= 2744392) AND (id <= 2745391))
	        ->  Bitmap Index Scan on sbtest5_pkey  (cost=0.00..30.18 rows=975 width=0)
	              Index Cond: ((id >= 2744392) AND (id <= 2745391))

table 6 : explain SELECT SUM(k) FROM sbtest6 WHERE id BETWEEN 6699359 AND 6700358
	Aggregate  (cost=3977.89..3977.90 rows=1 width=8)
	  ->  Bitmap Heap Scan on sbtest6  (cost=30.96..3975.32 rows=1027 width=4)
	        Recheck Cond: ((id >= 6699359) AND (id <= 6700358))
	        ->  Bitmap Index Scan on sbtest6_pkey  (cost=0.00..30.70 rows=1027 width=0)
	              Index Cond: ((id >= 6699359) AND (id <= 6700358))

table 7 : explain SELECT SUM(k) FROM sbtest7 WHERE id BETWEEN 1120900 AND 1121899
	Aggregate  (cost=3915.60..3915.61 rows=1 width=8)
	  ->  Bitmap Heap Scan on sbtest7  (cost=30.80..3913.07 rows=1011 width=4)
	        Recheck Cond: ((id >= 1120900) AND (id <= 1121899))
	        ->  Bitmap Index Scan on sbtest7_pkey  (cost=0.00..30.54 rows=1011 width=0)
	              Index Cond: ((id >= 1120900) AND (id <= 1121899))

table 8 : explain SELECT SUM(k) FROM sbtest8 WHERE id BETWEEN 9721092 AND 9722091
	Aggregate  (cost=3721.61..3721.62 rows=1 width=8)
	  ->  Bitmap Heap Scan on sbtest8  (cost=30.26..3719.21 rows=959 width=4)
	        Recheck Cond: ((id >= 9721092) AND (id <= 9722091))
	        ->  Bitmap Index Scan on sbtest8_pkey  (cost=0.00..30.02 rows=959 width=0)
	              Index Cond: ((id >= 9721092) AND (id <= 9722091))

for point_selects
table 1 : explain SELECT c FROM sbtest1 WHERE id=9168342
	Index Scan using sbtest1_pkey on sbtest1  (cost=0.43..8.45 rows=1 width=121)
	  Index Cond: (id = 9168342)

table 2 : explain SELECT c FROM sbtest2 WHERE id=5541996
	Index Scan using sbtest2_pkey on sbtest2  (cost=0.43..8.45 rows=1 width=121)
	  Index Cond: (id = 5541996)

table 3 : explain SELECT c FROM sbtest3 WHERE id=2814867
	Index Scan using sbtest3_pkey on sbtest3  (cost=0.43..8.45 rows=1 width=121)
	  Index Cond: (id = 2814867)

table 4 : explain SELECT c FROM sbtest4 WHERE id=5535900
	Index Scan using sbtest4_pkey on sbtest4  (cost=0.43..8.45 rows=1 width=121)
	  Index Cond: (id = 5535900)

table 5 : explain SELECT c FROM sbtest5 WHERE id=5270287
	Index Scan using sbtest5_pkey on sbtest5  (cost=0.43..8.45 rows=1 width=121)
	  Index Cond: (id = 5270287)

table 6 : explain SELECT c FROM sbtest6 WHERE id=1648089
	Index Scan using sbtest6_pkey on sbtest6  (cost=0.43..8.45 rows=1 width=121)
	  Index Cond: (id = 1648089)

table 7 : explain SELECT c FROM sbtest7 WHERE id=5219986
	Index Scan using sbtest7_pkey on sbtest7  (cost=0.43..8.45 rows=1 width=121)
	  Index Cond: (id = 5219986)

table 8 : explain SELECT c FROM sbtest8 WHERE id=5431535
	Index Scan using sbtest8_pkey on sbtest8  (cost=0.43..8.45 rows=1 width=121)
	  Index Cond: (id = 5431535)

for: order_ranges
table 1 : explain SELECT c FROM sbtest1 WHERE id BETWEEN 6849535 AND 6850534 ORDER BY c
	Sort  (cost=3464.38..3466.58 rows=880 width=121)
	  Sort Key: c
	  ->  Bitmap Heap Scan on sbtest1  (cost=29.45..3421.34 rows=880 width=121)
	        Recheck Cond: ((id >= 6849535) AND (id <= 6850534))
	        ->  Bitmap Index Scan on sbtest1_pkey  (cost=0.00..29.23 rows=880 width=0)
	              Index Cond: ((id >= 6849535) AND (id <= 6850534))

table 2 : explain SELECT c FROM sbtest2 WHERE id BETWEEN 1461914 AND 1462913 ORDER BY c
	Sort  (cost=3647.53..3649.85 rows=928 width=121)
	  Sort Key: c
	  ->  Bitmap Heap Scan on sbtest2  (cost=29.95..3601.79 rows=928 width=121)
	        Recheck Cond: ((id >= 1461914) AND (id <= 1462913))
	        ->  Bitmap Index Scan on sbtest2_pkey  (cost=0.00..29.71 rows=928 width=0)
	              Index Cond: ((id >= 1461914) AND (id <= 1462913))

table 3 : explain SELECT c FROM sbtest3 WHERE id BETWEEN 3242679 AND 3243678 ORDER BY c
	Sort  (cost=3511.70..3513.93 rows=893 width=121)
	  Sort Key: c
	  ->  Bitmap Heap Scan on sbtest3  (cost=29.59..3467.93 rows=893 width=121)
	        Recheck Cond: ((id >= 3242679) AND (id <= 3243678))
	        ->  Bitmap Index Scan on sbtest3_pkey  (cost=0.00..29.36 rows=893 width=0)
	              Index Cond: ((id >= 3242679) AND (id <= 3243678))

table 4 : explain SELECT c FROM sbtest4 WHERE id BETWEEN 1243051 AND 1244050 ORDER BY c
	Sort  (cost=3662.83..3665.16 rows=932 width=121)
	  Sort Key: c
	  ->  Bitmap Heap Scan on sbtest4  (cost=29.99..3616.86 rows=932 width=121)
	        Recheck Cond: ((id >= 1243051) AND (id <= 1244050))
	        ->  Bitmap Index Scan on sbtest4_pkey  (cost=0.00..29.75 rows=932 width=0)
	              Index Cond: ((id >= 1243051) AND (id <= 1244050))

table 5 : explain SELECT c FROM sbtest5 WHERE id BETWEEN 4439283 AND 4440282 ORDER BY c
	Sort  (cost=4084.64..4087.24 rows=1042 width=121)
	  Sort Key: c
	  ->  Bitmap Heap Scan on sbtest5  (cost=31.12..4032.40 rows=1042 width=121)
	        Recheck Cond: ((id >= 4439283) AND (id <= 4440282))
	        ->  Bitmap Index Scan on sbtest5_pkey  (cost=0.00..30.86 rows=1042 width=0)
	              Index Cond: ((id >= 4439283) AND (id <= 4440282))

table 6 : explain SELECT c FROM sbtest6 WHERE id BETWEEN 9052767 AND 9053766 ORDER BY c
	Sort  (cost=4172.20..4174.86 rows=1064 width=121)
	  Sort Key: c
	  ->  Bitmap Heap Scan on sbtest6  (cost=35.34..4118.70 rows=1064 width=121)
	        Recheck Cond: ((id >= 9052767) AND (id <= 9053766))
	        ->  Bitmap Index Scan on sbtest6_pkey  (cost=0.00..35.08 rows=1064 width=0)
	              Index Cond: ((id >= 9052767) AND (id <= 9053766))

table 7 : explain SELECT c FROM sbtest7 WHERE id BETWEEN 9232401 AND 9233400 ORDER BY c
	Sort  (cost=3752.93..3755.32 rows=956 width=121)
	  Sort Key: c
	  ->  Bitmap Heap Scan on sbtest7  (cost=30.23..3705.61 rows=956 width=121)
	        Recheck Cond: ((id >= 9232401) AND (id <= 9233400))
	        ->  Bitmap Index Scan on sbtest7_pkey  (cost=0.00..30.00 rows=956 width=0)
	              Index Cond: ((id >= 9232401) AND (id <= 9233400))

table 8 : explain SELECT c FROM sbtest8 WHERE id BETWEEN 2948642 AND 2949641 ORDER BY c
	Sort  (cost=3697.65..3700.00 rows=941 width=121)
	  Sort Key: c
	  ->  Bitmap Heap Scan on sbtest8  (cost=30.08..3651.17 rows=941 width=121)
	        Recheck Cond: ((id >= 2948642) AND (id <= 2949641))
	        ->  Bitmap Index Scan on sbtest8_pkey  (cost=0.00..29.84 rows=941 width=0)
	              Index Cond: ((id >= 2948642) AND (id <= 2949641))

for: distinct_ranges
table 1 : explain SELECT DISTINCT c FROM sbtest1 WHERE id BETWEEN 5306204 AND 5307203 ORDER BY c
	Unique  (cost=4032.40..4037.54 rows=1028 width=121)
	  ->  Sort  (cost=4032.40..4034.97 rows=1028 width=121)
	        Sort Key: c
	        ->  Bitmap Heap Scan on sbtest1  (cost=30.97..3980.98 rows=1028 width=121)
	              Recheck Cond: ((id >= 5306204) AND (id <= 5307203))
	              ->  Bitmap Index Scan on sbtest1_pkey  (cost=0.00..30.71 rows=1028 width=0)
	                    Index Cond: ((id >= 5306204) AND (id <= 5307203))

table 2 : explain SELECT DISTINCT c FROM sbtest2 WHERE id BETWEEN 1922517 AND 1923516 ORDER BY c
	Unique  (cost=3532.31..3536.80 rows=898 width=121)
	  ->  Sort  (cost=3532.31..3534.55 rows=898 width=121)
	        Sort Key: c
	        ->  Bitmap Heap Scan on sbtest2  (cost=29.64..3488.26 rows=898 width=121)
	              Recheck Cond: ((id >= 1922517) AND (id <= 1923516))
	              ->  Bitmap Index Scan on sbtest2_pkey  (cost=0.00..29.41 rows=898 width=0)
	                    Index Cond: ((id >= 1922517) AND (id <= 1923516))

table 3 : explain SELECT DISTINCT c FROM sbtest3 WHERE id BETWEEN 927115 AND 928114 ORDER BY c
	Unique  (cost=3787.92..3792.74 rows=965 width=121)
	  ->  Sort  (cost=3787.92..3790.33 rows=965 width=121)
	        Sort Key: c
	        ->  Bitmap Heap Scan on sbtest3  (cost=30.33..3740.08 rows=965 width=121)
	              Recheck Cond: ((id >= 927115) AND (id <= 928114))
	              ->  Bitmap Index Scan on sbtest3_pkey  (cost=0.00..30.08 rows=965 width=0)
	                    Index Cond: ((id >= 927115) AND (id <= 928114))

table 4 : explain SELECT DISTINCT c FROM sbtest4 WHERE id BETWEEN 8938882 AND 8939881 ORDER BY c
	Unique  (cost=4103.44..4108.68 rows=1047 width=121)
	  ->  Sort  (cost=4103.44..4106.06 rows=1047 width=121)
	        Sort Key: c
	        ->  Bitmap Heap Scan on sbtest4  (cost=31.17..4050.92 rows=1047 width=121)
	              Recheck Cond: ((id >= 8938882) AND (id <= 8939881))
	              ->  Bitmap Index Scan on sbtest4_pkey  (cost=0.00..30.90 rows=1047 width=0)
	                    Index Cond: ((id >= 8938882) AND (id <= 8939881))

table 5 : explain SELECT DISTINCT c FROM sbtest5 WHERE id BETWEEN 5392286 AND 5393285 ORDER BY c
	Unique  (cost=4031.07..4036.21 rows=1028 width=121)
	  ->  Sort  (cost=4031.07..4033.64 rows=1028 width=121)
	        Sort Key: c
	        ->  Bitmap Heap Scan on sbtest5  (cost=30.97..3979.64 rows=1028 width=121)
	              Recheck Cond: ((id >= 5392286) AND (id <= 5393285))
	              ->  Bitmap Index Scan on sbtest5_pkey  (cost=0.00..30.71 rows=1028 width=0)
	                    Index Cond: ((id >= 5392286) AND (id <= 5393285))

table 6 : explain SELECT DISTINCT c FROM sbtest6 WHERE id BETWEEN 1598917 AND 1599916 ORDER BY c
	Unique  (cost=3896.52..3901.49 rows=993 width=121)
	  ->  Sort  (cost=3896.52..3899.01 rows=993 width=121)
	        Sort Key: c
	        ->  Bitmap Heap Scan on sbtest6  (cost=30.61..3847.09 rows=993 width=121)
	              Recheck Cond: ((id >= 1598917) AND (id <= 1599916))
	              ->  Bitmap Index Scan on sbtest6_pkey  (cost=0.00..30.36 rows=993 width=0)
	                    Index Cond: ((id >= 1598917) AND (id <= 1599916))

table 7 : explain SELECT DISTINCT c FROM sbtest7 WHERE id BETWEEN 5247654 AND 5248653 ORDER BY c
	Unique  (cost=3680.10..3684.78 rows=937 width=121)
	  ->  Sort  (cost=3680.10..3682.44 rows=937 width=121)
	        Sort Key: c
	        ->  Bitmap Heap Scan on sbtest7  (cost=30.04..3633.85 rows=937 width=121)
	              Recheck Cond: ((id >= 5247654) AND (id <= 5248653))
	              ->  Bitmap Index Scan on sbtest7_pkey  (cost=0.00..29.80 rows=937 width=0)
	                    Index Cond: ((id >= 5247654) AND (id <= 5248653))

table 8 : explain SELECT DISTINCT c FROM sbtest8 WHERE id BETWEEN 2914767 AND 2915766 ORDER BY c
	Unique  (cost=3697.65..3702.35 rows=941 width=121)
	  ->  Sort  (cost=3697.65..3700.00 rows=941 width=121)
	        Sort Key: c
	        ->  Bitmap Heap Scan on sbtest8  (cost=30.08..3651.17 rows=941 width=121)
	              Recheck Cond: ((id >= 2914767) AND (id <= 2915766))
	              ->  Bitmap Index Scan on sbtest8_pkey  (cost=0.00..29.84 rows=941 width=0)
	                    Index Cond: ((id >= 2914767) AND (id <= 2915766))

for: order_ranges
table 1 : explain SELECT c FROM sbtest1 WHERE id BETWEEN 5063660 AND 5064659 ORDER BY c
	Sort  (cost=4361.47..4364.25 rows=1113 width=121)
	  Sort Key: c
	  ->  Bitmap Heap Scan on sbtest1  (cost=35.84..4305.15 rows=1113 width=121)
	        Recheck Cond: ((id >= 5063660) AND (id <= 5064659))
	        ->  Bitmap Index Scan on sbtest1_pkey  (cost=0.00..35.57 rows=1113 width=0)
	              Index Cond: ((id >= 5063660) AND (id <= 5064659))

table 2 : explain SELECT c FROM sbtest2 WHERE id BETWEEN 5453783 AND 5454782 ORDER BY c
	Sort  (cost=3812.49..3814.92 rows=971 width=121)
	  Sort Key: c
	  ->  Bitmap Heap Scan on sbtest2  (cost=30.39..3764.31 rows=971 width=121)
	        Recheck Cond: ((id >= 5453783) AND (id <= 5454782))
	        ->  Bitmap Index Scan on sbtest2_pkey  (cost=0.00..30.14 rows=971 width=0)
	              Index Cond: ((id >= 5453783) AND (id <= 5454782))

table 3 : explain SELECT c FROM sbtest3 WHERE id BETWEEN 3094362 AND 3095361 ORDER BY c
	Sort  (cost=3799.41..3801.83 rows=968 width=121)
	  Sort Key: c
	  ->  Bitmap Heap Scan on sbtest3  (cost=30.36..3751.41 rows=968 width=121)
	        Recheck Cond: ((id >= 3094362) AND (id <= 3095361))
	        ->  Bitmap Index Scan on sbtest3_pkey  (cost=0.00..30.11 rows=968 width=0)
	              Index Cond: ((id >= 3094362) AND (id <= 3095361))

table 4 : explain SELECT c FROM sbtest4 WHERE id BETWEEN 6456955 AND 6457954 ORDER BY c
	Sort  (cost=4378.70..4381.49 rows=1118 width=121)
	  Sort Key: c
	  ->  Bitmap Heap Scan on sbtest4  (cost=35.89..4322.09 rows=1118 width=121)
	        Recheck Cond: ((id >= 6456955) AND (id <= 6457954))
	        ->  Bitmap Index Scan on sbtest4_pkey  (cost=0.00..35.62 rows=1118 width=0)
	              Index Cond: ((id >= 6456955) AND (id <= 6457954))

table 5 : explain SELECT c FROM sbtest5 WHERE id BETWEEN 292135 AND 293134 ORDER BY c
	Sort  (cost=3943.01..3945.52 rows=1005 width=121)
	  Sort Key: c
	  ->  Bitmap Heap Scan on sbtest5  (cost=30.74..3892.89 rows=1005 width=121)
	        Recheck Cond: ((id >= 292135) AND (id <= 293134))
	        ->  Bitmap Index Scan on sbtest5_pkey  (cost=0.00..30.48 rows=1005 width=0)
	              Index Cond: ((id >= 292135) AND (id <= 293134))

table 6 : explain SELECT c FROM sbtest6 WHERE id BETWEEN 3723183 AND 3724182 ORDER BY c
	Sort  (cost=3980.77..3983.31 rows=1015 width=121)
	  Sort Key: c
	  ->  Bitmap Heap Scan on sbtest6  (cost=30.84..3930.08 rows=1015 width=121)
	        Recheck Cond: ((id >= 3723183) AND (id <= 3724182))
	        ->  Bitmap Index Scan on sbtest6_pkey  (cost=0.00..30.58 rows=1015 width=0)
	              Index Cond: ((id >= 3723183) AND (id <= 3724182))

table 7 : explain SELECT c FROM sbtest7 WHERE id BETWEEN 3668424 AND 3669423 ORDER BY c
	Sort  (cost=4181.57..4184.24 rows=1067 width=121)
	  Sort Key: c
	  ->  Bitmap Heap Scan on sbtest7  (cost=35.37..4127.91 rows=1067 width=121)
	        Recheck Cond: ((id >= 3668424) AND (id <= 3669423))
	        ->  Bitmap Index Scan on sbtest7_pkey  (cost=0.00..35.11 rows=1067 width=0)
	              Index Cond: ((id >= 3668424) AND (id <= 3669423))

table 8 : explain SELECT c FROM sbtest8 WHERE id BETWEEN 9977930 AND 9978929 ORDER BY c
	Sort  (cost=3724.51..3726.88 rows=948 width=121)
	  Sort Key: c
	  ->  Bitmap Heap Scan on sbtest8  (cost=30.15..3677.64 rows=948 width=121)
	        Recheck Cond: ((id >= 9977930) AND (id <= 9978929))
	        ->  Bitmap Index Scan on sbtest8_pkey  (cost=0.00..29.91 rows=948 width=0)
	              Index Cond: ((id >= 9977930) AND (id <= 9978929))

for: distinct_ranges
table 1 : explain SELECT DISTINCT c FROM sbtest1 WHERE id BETWEEN 1291186 AND 1292185 ORDER BY c
	Unique  (cost=3840.80..3845.69 rows=978 width=121)
	  ->  Sort  (cost=3840.80..3843.24 rows=978 width=121)
	        Sort Key: c
	        ->  Bitmap Heap Scan on sbtest1  (cost=30.46..3792.22 rows=978 width=121)
	              Recheck Cond: ((id >= 1291186) AND (id <= 1292185))
	              ->  Bitmap Index Scan on sbtest1_pkey  (cost=0.00..30.21 rows=978 width=0)
	                    Index Cond: ((id >= 1291186) AND (id <= 1292185))

table 2 : explain SELECT DISTINCT c FROM sbtest2 WHERE id BETWEEN 9996144 AND 9997143 ORDER BY c
	Unique  (cost=3774.15..3778.95 rows=961 width=121)
	  ->  Sort  (cost=3774.15..3776.55 rows=961 width=121)
	        Sort Key: c
	        ->  Bitmap Heap Scan on sbtest2  (cost=30.29..3726.54 rows=961 width=121)
	              Recheck Cond: ((id >= 9996144) AND (id <= 9997143))
	              ->  Bitmap Index Scan on sbtest2_pkey  (cost=0.00..30.04 rows=961 width=0)
	                    Index Cond: ((id >= 9996144) AND (id <= 9997143))

table 3 : explain SELECT DISTINCT c FROM sbtest3 WHERE id BETWEEN 6136301 AND 6137300 ORDER BY c
	Unique  (cost=4147.59..4152.88 rows=1059 width=121)
	  ->  Sort  (cost=4147.59..4150.24 rows=1059 width=121)
	        Sort Key: c
	        ->  Bitmap Heap Scan on sbtest3  (cost=31.29..4094.38 rows=1059 width=121)
	              Recheck Cond: ((id >= 6136301) AND (id <= 6137300))
	              ->  Bitmap Index Scan on sbtest3_pkey  (cost=0.00..31.02 rows=1059 width=0)
	                    Index Cond: ((id >= 6136301) AND (id <= 6137300))

table 4 : explain SELECT DISTINCT c FROM sbtest4 WHERE id BETWEEN 9432639 AND 9433638 ORDER BY c
	Unique  (cost=4122.56..4127.82 rows=1052 width=121)
	  ->  Sort  (cost=4122.56..4125.19 rows=1052 width=121)
	        Sort Key: c
	        ->  Bitmap Heap Scan on sbtest4  (cost=31.22..4069.76 rows=1052 width=121)
	              Recheck Cond: ((id >= 9432639) AND (id <= 9433638))
	              ->  Bitmap Index Scan on sbtest4_pkey  (cost=0.00..30.95 rows=1052 width=0)
	                    Index Cond: ((id >= 9432639) AND (id <= 9433638))

table 5 : explain SELECT DISTINCT c FROM sbtest5 WHERE id BETWEEN 8843693 AND 8844692 ORDER BY c
	Unique  (cost=4065.51..4070.69 rows=1037 width=121)
	  ->  Sort  (cost=4065.51..4068.10 rows=1037 width=121)
	        Sort Key: c
	        ->  Bitmap Heap Scan on sbtest5  (cost=31.06..4013.56 rows=1037 width=121)
	              Recheck Cond: ((id >= 8843693) AND (id <= 8844692))
	              ->  Bitmap Index Scan on sbtest5_pkey  (cost=0.00..30.80 rows=1037 width=0)
	                    Index Cond: ((id >= 8843693) AND (id <= 8844692))

table 6 : explain SELECT DISTINCT c FROM sbtest6 WHERE id BETWEEN 1422720 AND 1423719 ORDER BY c
	Unique  (cost=3762.38..3767.17 rows=958 width=121)
	  ->  Sort  (cost=3762.38..3764.77 rows=958 width=121)
	        Sort Key: c
	        ->  Bitmap Heap Scan on sbtest6  (cost=30.25..3714.94 rows=958 width=121)
	              Recheck Cond: ((id >= 1422720) AND (id <= 1423719))
	              ->  Bitmap Index Scan on sbtest6_pkey  (cost=0.00..30.01 rows=958 width=0)
	                    Index Cond: ((id >= 1422720) AND (id <= 1423719))

table 7 : explain SELECT DISTINCT c FROM sbtest7 WHERE id BETWEEN 86689 AND 87688 ORDER BY c
	Unique  (cost=4055.31..4060.48 rows=1035 width=121)
	  ->  Sort  (cost=4055.31..4057.89 rows=1035 width=121)
	        Sort Key: c
	        ->  Bitmap Heap Scan on sbtest7  (cost=31.04..4003.48 rows=1035 width=121)
	              Recheck Cond: ((id >= 86689) AND (id <= 87688))
	              ->  Bitmap Index Scan on sbtest7_pkey  (cost=0.00..30.79 rows=1035 width=0)
	                    Index Cond: ((id >= 86689) AND (id <= 87688))

table 8 : explain SELECT DISTINCT c FROM sbtest8 WHERE id BETWEEN 7536878 AND 7537877 ORDER BY c
	Unique  (cost=4333.24..4338.77 rows=1106 width=121)
	  ->  Sort  (cost=4333.24..4336.01 rows=1106 width=121)
	        Sort Key: c
	        ->  Bitmap Heap Scan on sbtest8  (cost=35.77..4277.33 rows=1106 width=121)
	              Recheck Cond: ((id >= 7536878) AND (id <= 7537877))
	              ->  Bitmap Index Scan on sbtest8_pkey  (cost=0.00..35.50 rows=1106 width=0)
	                    Index Cond: ((id >= 7536878) AND (id <= 7537877))

for: sum_ranges
table 1 : explain SELECT SUM(k) FROM sbtest1 WHERE id BETWEEN 6899382 AND 6900381
	Aggregate  (cost=3423.54..3423.55 rows=1 width=8)
	  ->  Bitmap Heap Scan on sbtest1  (cost=29.45..3421.34 rows=880 width=4)
	        Recheck Cond: ((id >= 6899382) AND (id <= 6900381))
	        ->  Bitmap Index Scan on sbtest1_pkey  (cost=0.00..29.23 rows=880 width=0)
	              Index Cond: ((id >= 6899382) AND (id <= 6900381))

table 2 : explain SELECT SUM(k) FROM sbtest2 WHERE id BETWEEN 2469623 AND 2470622
	Aggregate  (cost=3812.08..3812.09 rows=1 width=8)
	  ->  Bitmap Heap Scan on sbtest2  (cost=30.51..3809.62 rows=983 width=4)
	        Recheck Cond: ((id >= 2469623) AND (id <= 2470622))
	        ->  Bitmap Index Scan on sbtest2_pkey  (cost=0.00..30.26 rows=983 width=0)
	              Index Cond: ((id >= 2469623) AND (id <= 2470622))

table 3 : explain SELECT SUM(k) FROM sbtest3 WHERE id BETWEEN 7930242 AND 7931241
	Aggregate  (cost=3999.08..3999.09 rows=1 width=8)
	  ->  Bitmap Heap Scan on sbtest3  (cost=31.02..3996.50 rows=1033 width=4)
	        Recheck Cond: ((id >= 7930242) AND (id <= 7931241))
	        ->  Bitmap Index Scan on sbtest3_pkey  (cost=0.00..30.76 rows=1033 width=0)
	              Index Cond: ((id >= 7930242) AND (id <= 7931241))

table 4 : explain SELECT SUM(k) FROM sbtest4 WHERE id BETWEEN 2632511 AND 2633510
	Aggregate  (cost=4027.15..4027.16 rows=1 width=8)
	  ->  Bitmap Heap Scan on sbtest4  (cost=31.09..4024.55 rows=1040 width=4)
	        Recheck Cond: ((id >= 2632511) AND (id <= 2633510))
	        ->  Bitmap Index Scan on sbtest4_pkey  (cost=0.00..30.83 rows=1040 width=0)
	              Index Cond: ((id >= 2632511) AND (id <= 2633510))

table 5 : explain SELECT SUM(k) FROM sbtest5 WHERE id BETWEEN 3046682 AND 3047681
	Aggregate  (cost=3532.38..3532.39 rows=1 width=8)
	  ->  Bitmap Heap Scan on sbtest5  (cost=29.75..3530.11 rows=909 width=4)
	        Recheck Cond: ((id >= 3046682) AND (id <= 3047681))
	        ->  Bitmap Index Scan on sbtest5_pkey  (cost=0.00..29.52 rows=909 width=0)
	              Index Cond: ((id >= 3046682) AND (id <= 3047681))

table 6 : explain SELECT SUM(k) FROM sbtest6 WHERE id BETWEEN 3361940 AND 3362939
	Aggregate  (cost=4140.20..4140.21 rows=1 width=8)
	  ->  Bitmap Heap Scan on sbtest6  (cost=35.39..4137.53 rows=1069 width=4)
	        Recheck Cond: ((id >= 3361940) AND (id <= 3362939))
	        ->  Bitmap Index Scan on sbtest6_pkey  (cost=0.00..35.12 rows=1069 width=0)
	              Index Cond: ((id >= 3361940) AND (id <= 3362939))

table 7 : explain SELECT SUM(k) FROM sbtest7 WHERE id BETWEEN 3838304 AND 3839303
	Aggregate  (cost=3768.43..3768.44 rows=1 width=8)
	  ->  Bitmap Heap Scan on sbtest7  (cost=30.40..3766.00 rows=972 width=4)
	        Recheck Cond: ((id >= 3838304) AND (id <= 3839303))
	        ->  Bitmap Index Scan on sbtest7_pkey  (cost=0.00..30.15 rows=972 width=0)
	              Index Cond: ((id >= 3838304) AND (id <= 3839303))

table 8 : explain SELECT SUM(k) FROM sbtest8 WHERE id BETWEEN 2392730 AND 2393729
	Aggregate  (cost=3970.89..3970.90 rows=1 width=8)
	  ->  Bitmap Heap Scan on sbtest8  (cost=30.94..3968.33 rows=1025 width=4)
	        Recheck Cond: ((id >= 2392730) AND (id <= 2393729))
	        ->  Bitmap Index Scan on sbtest8_pkey  (cost=0.00..30.68 rows=1025 width=0)
	              Index Cond: ((id >= 2392730) AND (id <= 2393729))

for point_selects
table 1 : explain SELECT c FROM sbtest1 WHERE id=5139084
	Index Scan using sbtest1_pkey on sbtest1  (cost=0.43..8.45 rows=1 width=121)
	  Index Cond: (id = 5139084)

table 2 : explain SELECT c FROM sbtest2 WHERE id=9692399
	Index Scan using sbtest2_pkey on sbtest2  (cost=0.43..8.45 rows=1 width=121)
	  Index Cond: (id = 9692399)

table 3 : explain SELECT c FROM sbtest3 WHERE id=6911827
	Index Scan using sbtest3_pkey on sbtest3  (cost=0.43..8.45 rows=1 width=121)
	  Index Cond: (id = 6911827)

table 4 : explain SELECT c FROM sbtest4 WHERE id=2382888
	Index Scan using sbtest4_pkey on sbtest4  (cost=0.43..8.45 rows=1 width=121)
	  Index Cond: (id = 2382888)

table 5 : explain SELECT c FROM sbtest5 WHERE id=5103713
	Index Scan using sbtest5_pkey on sbtest5  (cost=0.43..8.45 rows=1 width=121)
	  Index Cond: (id = 5103713)

table 6 : explain SELECT c FROM sbtest6 WHERE id=4051233
	Index Scan using sbtest6_pkey on sbtest6  (cost=0.43..8.45 rows=1 width=121)
	  Index Cond: (id = 4051233)

table 7 : explain SELECT c FROM sbtest7 WHERE id=9895500
	Index Scan using sbtest7_pkey on sbtest7  (cost=0.43..8.45 rows=1 width=121)
	  Index Cond: (id = 9895500)

table 8 : explain SELECT c FROM sbtest8 WHERE id=5673359
	Index Scan using sbtest8_pkey on sbtest8  (cost=0.43..8.45 rows=1 width=121)
	  Index Cond: (id = 5673359)

for: sum_ranges
table 1 : explain SELECT SUM(k) FROM sbtest1 WHERE id BETWEEN 8811198 AND 8812197
	Aggregate  (cost=4059.01..4059.02 rows=1 width=8)
	  ->  Bitmap Heap Scan on sbtest1  (cost=31.18..4056.39 rows=1048 width=4)
	        Recheck Cond: ((id >= 8811198) AND (id <= 8812197))
	        ->  Bitmap Index Scan on sbtest1_pkey  (cost=0.00..30.91 rows=1048 width=0)
	              Index Cond: ((id >= 8811198) AND (id <= 8812197))

table 2 : explain SELECT SUM(k) FROM sbtest2 WHERE id BETWEEN 1298175 AND 1299174
	Aggregate  (cost=3509.44..3509.45 rows=1 width=8)
	  ->  Bitmap Heap Scan on sbtest2  (cost=29.69..3507.19 rows=903 width=4)
	        Recheck Cond: ((id >= 1298175) AND (id <= 1299174))
	        ->  Bitmap Index Scan on sbtest2_pkey  (cost=0.00..29.46 rows=903 width=0)
	              Index Cond: ((id >= 1298175) AND (id <= 1299174))

table 3 : explain SELECT SUM(k) FROM sbtest3 WHERE id BETWEEN 8591117 AND 8592116
	Aggregate  (cost=3885.95..3885.96 rows=1 width=8)
	  ->  Bitmap Heap Scan on sbtest3  (cost=30.72..3883.44 rows=1003 width=4)
	        Recheck Cond: ((id >= 8591117) AND (id <= 8592116))
	        ->  Bitmap Index Scan on sbtest3_pkey  (cost=0.00..30.46 rows=1003 width=0)
	              Index Cond: ((id >= 8591117) AND (id <= 8592116))

table 4 : explain SELECT SUM(k) FROM sbtest4 WHERE id BETWEEN 5279016 AND 5280015
	Aggregate  (cost=3634.33..3634.34 rows=1 width=8)
	  ->  Bitmap Heap Scan on sbtest4  (cost=30.03..3631.99 rows=936 width=4)
	        Recheck Cond: ((id >= 5279016) AND (id <= 5280015))
	        ->  Bitmap Index Scan on sbtest4_pkey  (cost=0.00..29.79 rows=936 width=0)
	              Index Cond: ((id >= 5279016) AND (id <= 5280015))

table 5 : explain SELECT SUM(k) FROM sbtest5 WHERE id BETWEEN 1581630 AND 1582629
	Aggregate  (cost=3800.98..3800.99 rows=1 width=8)
	  ->  Bitmap Heap Scan on sbtest5  (cost=30.48..3798.53 rows=980 width=4)
	        Recheck Cond: ((id >= 1581630) AND (id <= 1582629))
	        ->  Bitmap Index Scan on sbtest5_pkey  (cost=0.00..30.23 rows=980 width=0)
	              Index Cond: ((id >= 1581630) AND (id <= 1582629))

table 6 : explain SELECT SUM(k) FROM sbtest6 WHERE id BETWEEN 4509652 AND 4510651
	Aggregate  (cost=3687.09..3687.10 rows=1 width=8)
	  ->  Bitmap Heap Scan on sbtest6  (cost=30.17..3684.71 rows=950 width=4)
	        Recheck Cond: ((id >= 4509652) AND (id <= 4510651))
	        ->  Bitmap Index Scan on sbtest6_pkey  (cost=0.00..29.93 rows=950 width=0)
	              Index Cond: ((id >= 4509652) AND (id <= 4510651))

table 7 : explain SELECT SUM(k) FROM sbtest7 WHERE id BETWEEN 4311818 AND 4312817
	Aggregate  (cost=3685.33..3685.34 rows=1 width=8)
	  ->  Bitmap Heap Scan on sbtest7  (cost=30.17..3682.95 rows=950 width=4)
	        Recheck Cond: ((id >= 4311818) AND (id <= 4312817))
	        ->  Bitmap Index Scan on sbtest7_pkey  (cost=0.00..29.93 rows=950 width=0)
	              Index Cond: ((id >= 4311818) AND (id <= 4312817))

table 8 : explain SELECT SUM(k) FROM sbtest8 WHERE id BETWEEN 2079995 AND 2080994
	Aggregate  (cost=4035.24..4035.25 rows=1 width=8)
	  ->  Bitmap Heap Scan on sbtest8  (cost=35.11..4032.64 rows=1041 width=4)
	        Recheck Cond: ((id >= 2079995) AND (id <= 2080994))
	        ->  Bitmap Index Scan on sbtest8_pkey  (cost=0.00..34.84 rows=1041 width=0)
	              Index Cond: ((id >= 2079995) AND (id <= 2080994))

for: simple_ranges
table 1 : explain SELECT c FROM sbtest1 WHERE id BETWEEN 6536122 AND 6537121
	Bitmap Heap Scan on sbtest1  (cost=29.53..3447.87 rows=887 width=121)
	  Recheck Cond: ((id >= 6536122) AND (id <= 6537121))
	  ->  Bitmap Index Scan on sbtest1_pkey  (cost=0.00..29.30 rows=887 width=0)
	        Index Cond: ((id >= 6536122) AND (id <= 6537121))

table 2 : explain SELECT c FROM sbtest2 WHERE id BETWEEN 7389126 AND 7390125
	Bitmap Heap Scan on sbtest2  (cost=35.22..4073.82 rows=1052 width=121)
	  Recheck Cond: ((id >= 7389126) AND (id <= 7390125))
	  ->  Bitmap Index Scan on sbtest2_pkey  (cost=0.00..34.95 rows=1052 width=0)
	        Index Cond: ((id >= 7389126) AND (id <= 7390125))

table 3 : explain SELECT c FROM sbtest3 WHERE id BETWEEN 9322315 AND 9323314
	Bitmap Heap Scan on sbtest3  (cost=30.00..3619.21 rows=933 width=121)
	  Recheck Cond: ((id >= 9322315) AND (id <= 9323314))
	  ->  Bitmap Index Scan on sbtest3_pkey  (cost=0.00..29.76 rows=933 width=0)
	        Index Cond: ((id >= 9322315) AND (id <= 9323314))

table 4 : explain SELECT c FROM sbtest4 WHERE id BETWEEN 9521013 AND 9522012
	Bitmap Heap Scan on sbtest4  (cost=30.83..3926.54 rows=1014 width=121)
	  Recheck Cond: ((id >= 9521013) AND (id <= 9522012))
	  ->  Bitmap Index Scan on sbtest4_pkey  (cost=0.00..30.57 rows=1014 width=0)
	        Index Cond: ((id >= 9521013) AND (id <= 9522012))

table 5 : explain SELECT c FROM sbtest5 WHERE id BETWEEN 195056 AND 196055
	Bitmap Heap Scan on sbtest5  (cost=30.99..3987.18 rows=1030 width=121)
	  Recheck Cond: ((id >= 195056) AND (id <= 196055))
	  ->  Bitmap Index Scan on sbtest5_pkey  (cost=0.00..30.73 rows=1030 width=0)
	        Index Cond: ((id >= 195056) AND (id <= 196055))

table 6 : explain SELECT c FROM sbtest6 WHERE id BETWEEN 4911912 AND 4912911
	Bitmap Heap Scan on sbtest6  (cost=29.55..3453.94 rows=889 width=121)
	  Recheck Cond: ((id >= 4911912) AND (id <= 4912911))
	  ->  Bitmap Index Scan on sbtest6_pkey  (cost=0.00..29.32 rows=889 width=0)
	        Index Cond: ((id >= 4911912) AND (id <= 4912911))

table 7 : explain SELECT c FROM sbtest7 WHERE id BETWEEN 4688734 AND 4689733
	Bitmap Heap Scan on sbtest7  (cost=30.41..3769.77 rows=973 width=121)
	  Recheck Cond: ((id >= 4688734) AND (id <= 4689733))
	  ->  Bitmap Index Scan on sbtest7_pkey  (cost=0.00..30.16 rows=973 width=0)
	        Index Cond: ((id >= 4688734) AND (id <= 4689733))

table 8 : explain SELECT c FROM sbtest8 WHERE id BETWEEN 3171814 AND 3172813
	Bitmap Heap Scan on sbtest8  (cost=30.65..3862.71 rows=997 width=121)
	  Recheck Cond: ((id >= 3171814) AND (id <= 3172813))
	  ->  Bitmap Index Scan on sbtest8_pkey  (cost=0.00..30.40 rows=997 width=0)
	        Index Cond: ((id >= 3171814) AND (id <= 3172813))

for: order_ranges
table 1 : explain SELECT c FROM sbtest1 WHERE id BETWEEN 9665020 AND 9666019 ORDER BY c
	Sort  (cost=4047.72..4050.30 rows=1032 width=121)
	  Sort Key: c
	  ->  Bitmap Heap Scan on sbtest1  (cost=31.01..3996.06 rows=1032 width=121)
	        Recheck Cond: ((id >= 9665020) AND (id <= 9666019))
	        ->  Bitmap Index Scan on sbtest1_pkey  (cost=0.00..30.75 rows=1032 width=0)
	              Index Cond: ((id >= 9665020) AND (id <= 9666019))

table 2 : explain SELECT c FROM sbtest2 WHERE id BETWEEN 3303443 AND 3304442 ORDER BY c
	Sort  (cost=3885.31..3887.78 rows=990 width=121)
	  Sort Key: c
	  ->  Bitmap Heap Scan on sbtest2  (cost=30.58..3836.05 rows=990 width=121)
	        Recheck Cond: ((id >= 3303443) AND (id <= 3304442))
	        ->  Bitmap Index Scan on sbtest2_pkey  (cost=0.00..30.33 rows=990 width=0)
	              Index Cond: ((id >= 3303443) AND (id <= 3304442))

table 3 : explain SELECT c FROM sbtest3 WHERE id BETWEEN 6940478 AND 6941477 ORDER BY c
	Sort  (cost=3692.08..3694.43 rows=940 width=121)
	  Sort Key: c
	  ->  Bitmap Heap Scan on sbtest3  (cost=30.07..3645.66 rows=940 width=121)
	        Recheck Cond: ((id >= 6940478) AND (id <= 6941477))
	        ->  Bitmap Index Scan on sbtest3_pkey  (cost=0.00..29.83 rows=940 width=0)
	              Index Cond: ((id >= 6940478) AND (id <= 6941477))

table 4 : explain SELECT c FROM sbtest4 WHERE id BETWEEN 2486295 AND 2487294 ORDER BY c
	Sort  (cost=4042.23..4044.81 rows=1031 width=121)
	  Sort Key: c
	  ->  Bitmap Heap Scan on sbtest4  (cost=31.00..3990.63 rows=1031 width=121)
	        Recheck Cond: ((id >= 2486295) AND (id <= 2487294))
	        ->  Bitmap Index Scan on sbtest4_pkey  (cost=0.00..30.75 rows=1031 width=0)
	              Index Cond: ((id >= 2486295) AND (id <= 2487294))

table 5 : explain SELECT c FROM sbtest5 WHERE id BETWEEN 5399895 AND 5400894 ORDER BY c
	Sort  (cost=3969.81..3972.34 rows=1012 width=121)
	  Sort Key: c
	  ->  Bitmap Heap Scan on sbtest5  (cost=30.81..3919.30 rows=1012 width=121)
	        Recheck Cond: ((id >= 5399895) AND (id <= 5400894))
	        ->  Bitmap Index Scan on sbtest5_pkey  (cost=0.00..30.55 rows=1012 width=0)
	              Index Cond: ((id >= 5399895) AND (id <= 5400894))

table 6 : explain SELECT c FROM sbtest6 WHERE id BETWEEN 2780257 AND 2781256 ORDER BY c
	Sort  (cost=3574.33..3576.60 rows=909 width=121)
	  Sort Key: c
	  ->  Bitmap Heap Scan on sbtest6  (cost=29.75..3529.66 rows=909 width=121)
	        Recheck Cond: ((id >= 2780257) AND (id <= 2781256))
	        ->  Bitmap Index Scan on sbtest6_pkey  (cost=0.00..29.52 rows=909 width=0)
	              Index Cond: ((id >= 2780257) AND (id <= 2781256))

table 7 : explain SELECT c FROM sbtest7 WHERE id BETWEEN 2780042 AND 2781041 ORDER BY c
	Sort  (cost=3557.33..3559.59 rows=905 width=121)
	  Sort Key: c
	  ->  Bitmap Heap Scan on sbtest7  (cost=29.71..3512.88 rows=905 width=121)
	        Recheck Cond: ((id >= 2780042) AND (id <= 2781041))
	        ->  Bitmap Index Scan on sbtest7_pkey  (cost=0.00..29.48 rows=905 width=0)
	              Index Cond: ((id >= 2780042) AND (id <= 2781041))

table 8 : explain SELECT c FROM sbtest8 WHERE id BETWEEN 6724833 AND 6725832 ORDER BY c
	Sort  (cost=3674.62..3676.96 rows=935 width=121)
	  Sort Key: c
	  ->  Bitmap Heap Scan on sbtest8  (cost=30.02..3628.48 rows=935 width=121)
	        Recheck Cond: ((id >= 6724833) AND (id <= 6725832))
	        ->  Bitmap Index Scan on sbtest8_pkey  (cost=0.00..29.79 rows=935 width=0)
	              Index Cond: ((id >= 6724833) AND (id <= 6725832))

for: distinct_ranges
table 1 : explain SELECT DISTINCT c FROM sbtest1 WHERE id BETWEEN 1880304 AND 1881303 ORDER BY c
	Unique  (cost=4032.40..4037.54 rows=1028 width=121)
	  ->  Sort  (cost=4032.40..4034.97 rows=1028 width=121)
	        Sort Key: c
	        ->  Bitmap Heap Scan on sbtest1  (cost=30.97..3980.98 rows=1028 width=121)
	              Recheck Cond: ((id >= 1880304) AND (id <= 1881303))
	              ->  Bitmap Index Scan on sbtest1_pkey  (cost=0.00..30.71 rows=1028 width=0)
	                    Index Cond: ((id >= 1880304) AND (id <= 1881303))

table 2 : explain SELECT DISTINCT c FROM sbtest2 WHERE id BETWEEN 7034033 AND 7035032 ORDER BY c
	Unique  (cost=3912.12..3917.11 rows=997 width=121)
	  ->  Sort  (cost=3912.12..3914.62 rows=997 width=121)
	        Sort Key: c
	        ->  Bitmap Heap Scan on sbtest2  (cost=30.65..3862.47 rows=997 width=121)
	              Recheck Cond: ((id >= 7034033) AND (id <= 7035032))
	              ->  Bitmap Index Scan on sbtest2_pkey  (cost=0.00..30.40 rows=997 width=0)
	                    Index Cond: ((id >= 7034033) AND (id <= 7035032))

table 3 : explain SELECT DISTINCT c FROM sbtest3 WHERE id BETWEEN 1387607 AND 1388606 ORDER BY c
	Unique  (cost=3784.09..3788.91 rows=964 width=121)
	  ->  Sort  (cost=3784.09..3786.50 rows=964 width=121)
	        Sort Key: c
	        ->  Bitmap Heap Scan on sbtest3  (cost=30.32..3736.31 rows=964 width=121)
	              Recheck Cond: ((id >= 1387607) AND (id <= 1388606))
	              ->  Bitmap Index Scan on sbtest3_pkey  (cost=0.00..30.07 rows=964 width=0)
	                    Index Cond: ((id >= 1387607) AND (id <= 1388606))

table 4 : explain SELECT DISTINCT c FROM sbtest4 WHERE id BETWEEN 3176525 AND 3177524 ORDER BY c
	Unique  (cost=3862.26..3867.18 rows=984 width=121)
	  ->  Sort  (cost=3862.26..3864.72 rows=984 width=121)
	        Sort Key: c
	        ->  Bitmap Heap Scan on sbtest4  (cost=30.52..3813.34 rows=984 width=121)
	              Recheck Cond: ((id >= 3176525) AND (id <= 3177524))
	              ->  Bitmap Index Scan on sbtest4_pkey  (cost=0.00..30.27 rows=984 width=0)
	                    Index Cond: ((id >= 3176525) AND (id <= 3177524))

table 5 : explain SELECT DISTINCT c FROM sbtest5 WHERE id BETWEEN 4572897 AND 4573896 ORDER BY c
	Unique  (cost=4607.95..4613.84 rows=1179 width=121)
	  ->  Sort  (cost=4607.95..4610.89 rows=1179 width=121)
	        Sort Key: c
	        ->  Bitmap Heap Scan on sbtest5  (cost=36.52..4547.80 rows=1179 width=121)
	              Recheck Cond: ((id >= 4572897) AND (id <= 4573896))
	              ->  Bitmap Index Scan on sbtest5_pkey  (cost=0.00..36.23 rows=1179 width=0)
	                    Index Cond: ((id >= 4572897) AND (id <= 4573896))

table 6 : explain SELECT DISTINCT c FROM sbtest6 WHERE id BETWEEN 7477681 AND 7478680 ORDER BY c
	Unique  (cost=3796.89..3801.72 rows=967 width=121)
	  ->  Sort  (cost=3796.89..3799.30 rows=967 width=121)
	        Sort Key: c
	        ->  Bitmap Heap Scan on sbtest6  (cost=30.35..3748.94 rows=967 width=121)
	              Recheck Cond: ((id >= 7477681) AND (id <= 7478680))
	              ->  Bitmap Index Scan on sbtest6_pkey  (cost=0.00..30.11 rows=967 width=0)
	                    Index Cond: ((id >= 7477681) AND (id <= 7478680))

table 7 : explain SELECT DISTINCT c FROM sbtest7 WHERE id BETWEEN 2227505 AND 2228504 ORDER BY c
	Unique  (cost=3955.87..3960.92 rows=1009 width=121)
	  ->  Sort  (cost=3955.87..3958.40 rows=1009 width=121)
	        Sort Key: c
	        ->  Bitmap Heap Scan on sbtest7  (cost=30.78..3905.53 rows=1009 width=121)
	              Recheck Cond: ((id >= 2227505) AND (id <= 2228504))
	              ->  Bitmap Index Scan on sbtest7_pkey  (cost=0.00..30.52 rows=1009 width=0)
	                    Index Cond: ((id >= 2227505) AND (id <= 2228504))

table 8 : explain SELECT DISTINCT c FROM sbtest8 WHERE id BETWEEN 7258789 AND 7259788 ORDER BY c
	Unique  (cost=3977.48..3982.55 rows=1014 width=121)
	  ->  Sort  (cost=3977.48..3980.01 rows=1014 width=121)
	        Sort Key: c
	        ->  Bitmap Heap Scan on sbtest8  (cost=30.83..3926.85 rows=1014 width=121)
	              Recheck Cond: ((id >= 7258789) AND (id <= 7259788))
	              ->  Bitmap Index Scan on sbtest8_pkey  (cost=0.00..30.57 rows=1014 width=0)
	                    Index Cond: ((id >= 7258789) AND (id <= 7259788))

for point_selects
table 1 : explain SELECT c FROM sbtest1 WHERE id=6238001
	Index Scan using sbtest1_pkey on sbtest1  (cost=0.43..8.45 rows=1 width=121)
	  Index Cond: (id = 6238001)

table 2 : explain SELECT c FROM sbtest2 WHERE id=5340856
	Index Scan using sbtest2_pkey on sbtest2  (cost=0.43..8.45 rows=1 width=121)
	  Index Cond: (id = 5340856)

table 3 : explain SELECT c FROM sbtest3 WHERE id=4030237
	Index Scan using sbtest3_pkey on sbtest3  (cost=0.43..8.45 rows=1 width=121)
	  Index Cond: (id = 4030237)

table 4 : explain SELECT c FROM sbtest4 WHERE id=9214302
	Index Scan using sbtest4_pkey on sbtest4  (cost=0.43..8.45 rows=1 width=121)
	  Index Cond: (id = 9214302)

table 5 : explain SELECT c FROM sbtest5 WHERE id=3907145
	Index Scan using sbtest5_pkey on sbtest5  (cost=0.43..8.45 rows=1 width=121)
	  Index Cond: (id = 3907145)

table 6 : explain SELECT c FROM sbtest6 WHERE id=8287957
	Index Scan using sbtest6_pkey on sbtest6  (cost=0.43..8.45 rows=1 width=121)
	  Index Cond: (id = 8287957)

table 7 : explain SELECT c FROM sbtest7 WHERE id=8489881
	Index Scan using sbtest7_pkey on sbtest7  (cost=0.43..8.45 rows=1 width=121)
	  Index Cond: (id = 8489881)

table 8 : explain SELECT c FROM sbtest8 WHERE id=5939606
	Index Scan using sbtest8_pkey on sbtest8  (cost=0.43..8.45 rows=1 width=121)
	  Index Cond: (id = 5939606)

for: distinct_ranges
table 1 : explain SELECT DISTINCT c FROM sbtest1 WHERE id BETWEEN 5968131 AND 5969130 ORDER BY c
	Unique  (cost=3737.21..3741.96 rows=951 width=121)
	  ->  Sort  (cost=3737.21..3739.58 rows=951 width=121)
	        Sort Key: c
	        ->  Bitmap Heap Scan on sbtest1  (cost=30.18..3690.16 rows=951 width=121)
	              Recheck Cond: ((id >= 5968131) AND (id <= 5969130))
	              ->  Bitmap Index Scan on sbtest1_pkey  (cost=0.00..29.94 rows=951 width=0)
	                    Index Cond: ((id >= 5968131) AND (id <= 5969130))

table 2 : explain SELECT DISTINCT c FROM sbtest2 WHERE id BETWEEN 9376005 AND 9377004 ORDER BY c
	Unique  (cost=3931.28..3936.29 rows=1002 width=121)
	  ->  Sort  (cost=3931.28..3933.78 rows=1002 width=121)
	        Sort Key: c
	        ->  Bitmap Heap Scan on sbtest2  (cost=30.71..3881.33 rows=1002 width=121)
	              Recheck Cond: ((id >= 9376005) AND (id <= 9377004))
	              ->  Bitmap Index Scan on sbtest2_pkey  (cost=0.00..30.45 rows=1002 width=0)
	                    Index Cond: ((id >= 9376005) AND (id <= 9377004))

table 3 : explain SELECT DISTINCT c FROM sbtest3 WHERE id BETWEEN 9143232 AND 9144231 ORDER BY c
	Unique  (cost=4086.44..4091.66 rows=1043 width=121)
	  ->  Sort  (cost=4086.44..4089.05 rows=1043 width=121)
	        Sort Key: c
	        ->  Bitmap Heap Scan on sbtest3  (cost=31.13..4034.15 rows=1043 width=121)
	              Recheck Cond: ((id >= 9143232) AND (id <= 9144231))
	              ->  Bitmap Index Scan on sbtest3_pkey  (cost=0.00..30.86 rows=1043 width=0)
	                    Index Cond: ((id >= 9143232) AND (id <= 9144231))

table 4 : explain SELECT DISTINCT c FROM sbtest4 WHERE id BETWEEN 4289838 AND 4290837 ORDER BY c
	Unique  (cost=3674.35..3679.02 rows=935 width=121)
	  ->  Sort  (cost=3674.35..3676.68 rows=935 width=121)
	        Sort Key: c
	        ->  Bitmap Heap Scan on sbtest4  (cost=30.02..3628.21 rows=935 width=121)
	              Recheck Cond: ((id >= 4289838) AND (id <= 4290837))
	              ->  Bitmap Index Scan on sbtest4_pkey  (cost=0.00..29.79 rows=935 width=0)
	                    Index Cond: ((id >= 4289838) AND (id <= 4290837))

table 5 : explain SELECT DISTINCT c FROM sbtest5 WHERE id BETWEEN 5389973 AND 5390972 ORDER BY c
	Unique  (cost=4031.07..4036.21 rows=1028 width=121)
	  ->  Sort  (cost=4031.07..4033.64 rows=1028 width=121)
	        Sort Key: c
	        ->  Bitmap Heap Scan on sbtest5  (cost=30.97..3979.64 rows=1028 width=121)
	              Recheck Cond: ((id >= 5389973) AND (id <= 5390972))
	              ->  Bitmap Index Scan on sbtest5_pkey  (cost=0.00..30.71 rows=1028 width=0)
	                    Index Cond: ((id >= 5389973) AND (id <= 5390972))

table 6 : explain SELECT DISTINCT c FROM sbtest6 WHERE id BETWEEN 3336674 AND 3337673 ORDER BY c
	Unique  (cost=4191.31..4196.65 rows=1069 width=121)
	  ->  Sort  (cost=4191.31..4193.98 rows=1069 width=121)
	        Sort Key: c
	        ->  Bitmap Heap Scan on sbtest6  (cost=35.39..4137.53 rows=1069 width=121)
	              Recheck Cond: ((id >= 3336674) AND (id <= 3337673))
	              ->  Bitmap Index Scan on sbtest6_pkey  (cost=0.00..35.12 rows=1069 width=0)
	                    Index Cond: ((id >= 3336674) AND (id <= 3337673))

table 7 : explain SELECT DISTINCT c FROM sbtest7 WHERE id BETWEEN 6761880 AND 6762879 ORDER BY c
	Unique  (cost=4032.37..4037.51 rows=1029 width=121)
	  ->  Sort  (cost=4032.37..4034.94 rows=1029 width=121)
	        Sort Key: c
	        ->  Bitmap Heap Scan on sbtest7  (cost=30.98..3980.88 rows=1029 width=121)
	              Recheck Cond: ((id >= 6761880) AND (id <= 6762879))
	              ->  Bitmap Index Scan on sbtest7_pkey  (cost=0.00..30.72 rows=1029 width=0)
	                    Index Cond: ((id >= 6761880) AND (id <= 6762879))

table 8 : explain SELECT DISTINCT c FROM sbtest8 WHERE id BETWEEN 3159596 AND 3160595 ORDER BY c
	Unique  (cost=3912.37..3917.35 rows=997 width=121)
	  ->  Sort  (cost=3912.37..3914.86 rows=997 width=121)
	        Sort Key: c
	        ->  Bitmap Heap Scan on sbtest8  (cost=30.65..3862.71 rows=997 width=121)
	              Recheck Cond: ((id >= 3159596) AND (id <= 3160595))
	              ->  Bitmap Index Scan on sbtest8_pkey  (cost=0.00..30.40 rows=997 width=0)
	                    Index Cond: ((id >= 3159596) AND (id <= 3160595))

for: simple_ranges
table 1 : explain SELECT c FROM sbtest1 WHERE id BETWEEN 986381 AND 987380
	Bitmap Heap Scan on sbtest1  (cost=31.11..4030.00 rows=1041 width=121)
	  Recheck Cond: ((id >= 986381) AND (id <= 987380))
	  ->  Bitmap Index Scan on sbtest1_pkey  (cost=0.00..30.84 rows=1041 width=0)
	        Index Cond: ((id >= 986381) AND (id <= 987380))

table 2 : explain SELECT c FROM sbtest2 WHERE id BETWEEN 9063885 AND 9064884
	Bitmap Heap Scan on sbtest2  (cost=29.89..3579.09 rows=922 width=121)
	  Recheck Cond: ((id >= 9063885) AND (id <= 9064884))
	  ->  Bitmap Index Scan on sbtest2_pkey  (cost=0.00..29.65 rows=922 width=0)
	        Index Cond: ((id >= 9063885) AND (id <= 9064884))

table 3 : explain SELECT c FROM sbtest3 WHERE id BETWEEN 7568229 AND 7569228
	Bitmap Heap Scan on sbtest3  (cost=31.09..4022.86 rows=1040 width=121)
	  Recheck Cond: ((id >= 7568229) AND (id <= 7569228))
	  ->  Bitmap Index Scan on sbtest3_pkey  (cost=0.00..30.83 rows=1040 width=0)
	        Index Cond: ((id >= 7568229) AND (id <= 7569228))

table 4 : explain SELECT c FROM sbtest4 WHERE id BETWEEN 5537630 AND 5538629
	Bitmap Heap Scan on sbtest4  (cost=30.33..3741.59 rows=965 width=121)
	  Recheck Cond: ((id >= 5537630) AND (id <= 5538629))
	  ->  Bitmap Index Scan on sbtest4_pkey  (cost=0.00..30.08 rows=965 width=0)
	        Index Cond: ((id >= 5537630) AND (id <= 5538629))

table 5 : explain SELECT c FROM sbtest5 WHERE id BETWEEN 3154861 AND 3155860
	Bitmap Heap Scan on sbtest5  (cost=30.50..3806.08 rows=982 width=121)
	  Recheck Cond: ((id >= 3154861) AND (id <= 3155860))
	  ->  Bitmap Index Scan on sbtest5_pkey  (cost=0.00..30.25 rows=982 width=0)
	        Index Cond: ((id >= 3154861) AND (id <= 3155860))

table 6 : explain SELECT c FROM sbtest6 WHERE id BETWEEN 4143193 AND 4144192
	Bitmap Heap Scan on sbtest6  (cost=29.92..3590.19 rows=925 width=121)
	  Recheck Cond: ((id >= 4143193) AND (id <= 4144192))
	  ->  Bitmap Index Scan on sbtest6_pkey  (cost=0.00..29.68 rows=925 width=0)
	        Index Cond: ((id >= 4143193) AND (id <= 4144192))

table 7 : explain SELECT c FROM sbtest7 WHERE id BETWEEN 9235060 AND 9236059
	Bitmap Heap Scan on sbtest7  (cost=30.23..3705.61 rows=956 width=121)
	  Recheck Cond: ((id >= 9235060) AND (id <= 9236059))
	  ->  Bitmap Index Scan on sbtest7_pkey  (cost=0.00..30.00 rows=956 width=0)
	        Index Cond: ((id >= 9235060) AND (id <= 9236059))

table 8 : explain SELECT c FROM sbtest8 WHERE id BETWEEN 7103868 AND 7104867
	Bitmap Heap Scan on sbtest8  (cost=30.95..3972.10 rows=1026 width=121)
	  Recheck Cond: ((id >= 7103868) AND (id <= 7104867))
	  ->  Bitmap Index Scan on sbtest8_pkey  (cost=0.00..30.69 rows=1026 width=0)
	        Index Cond: ((id >= 7103868) AND (id <= 7104867))

for: order_ranges
table 1 : explain SELECT c FROM sbtest1 WHERE id BETWEEN 8192438 AND 8193437 ORDER BY c
	Sort  (cost=4162.53..4165.19 rows=1062 width=121)
	  Sort Key: c
	  ->  Bitmap Heap Scan on sbtest1  (cost=31.32..4109.15 rows=1062 width=121)
	        Recheck Cond: ((id >= 8192438) AND (id <= 8193437))
	        ->  Bitmap Index Scan on sbtest1_pkey  (cost=0.00..31.05 rows=1062 width=0)
	              Index Cond: ((id >= 8192438) AND (id <= 8193437))

table 2 : explain SELECT c FROM sbtest2 WHERE id BETWEEN 8532642 AND 8533641 ORDER BY c
	Sort  (cost=3988.71..3991.25 rows=1017 width=121)
	  Sort Key: c
	  ->  Bitmap Heap Scan on sbtest2  (cost=30.86..3937.91 rows=1017 width=121)
	        Recheck Cond: ((id >= 8532642) AND (id <= 8533641))
	        ->  Bitmap Index Scan on sbtest2_pkey  (cost=0.00..30.61 rows=1017 width=0)
	              Index Cond: ((id >= 8532642) AND (id <= 8533641))

table 3 : explain SELECT c FROM sbtest3 WHERE id BETWEEN 3699962 AND 3700961 ORDER BY c
	Sort  (cost=4044.39..4046.97 rows=1032 width=121)
	  Sort Key: c
	  ->  Bitmap Heap Scan on sbtest3  (cost=31.01..3992.73 rows=1032 width=121)
	        Recheck Cond: ((id >= 3699962) AND (id <= 3700961))
	        ->  Bitmap Index Scan on sbtest3_pkey  (cost=0.00..30.75 rows=1032 width=0)
	              Index Cond: ((id >= 3699962) AND (id <= 3700961))

table 4 : explain SELECT c FROM sbtest4 WHERE id BETWEEN 3596214 AND 3597213 ORDER BY c
	Sort  (cost=3728.07..3730.44 rows=949 width=121)
	  Sort Key: c
	  ->  Bitmap Heap Scan on sbtest4  (cost=30.16..3681.14 rows=949 width=121)
	        Recheck Cond: ((id >= 3596214) AND (id <= 3597213))
	        ->  Bitmap Index Scan on sbtest4_pkey  (cost=0.00..29.93 rows=949 width=0)
	              Index Cond: ((id >= 3596214) AND (id <= 3597213))

table 5 : explain SELECT c FROM sbtest5 WHERE id BETWEEN 7959248 AND 7960247 ORDER BY c
	Sort  (cost=3843.39..3845.84 rows=979 width=121)
	  Sort Key: c
	  ->  Bitmap Heap Scan on sbtest5  (cost=30.47..3794.76 rows=979 width=121)
	        Recheck Cond: ((id >= 7959248) AND (id <= 7960247))
	        ->  Bitmap Index Scan on sbtest5_pkey  (cost=0.00..30.22 rows=979 width=0)
	              Index Cond: ((id >= 7959248) AND (id <= 7960247))

table 6 : explain SELECT c FROM sbtest6 WHERE id BETWEEN 4204933 AND 4205932 ORDER BY c
	Sort  (cost=3716.35..3718.72 rows=946 width=121)
	  Sort Key: c
	  ->  Bitmap Heap Scan on sbtest6  (cost=30.13..3669.59 rows=946 width=121)
	        Recheck Cond: ((id >= 4204933) AND (id <= 4205932))
	        ->  Bitmap Index Scan on sbtest6_pkey  (cost=0.00..29.89 rows=946 width=0)
	              Index Cond: ((id >= 4204933) AND (id <= 4205932))

table 7 : explain SELECT c FROM sbtest7 WHERE id BETWEEN 419535 AND 420534 ORDER BY c
	Sort  (cost=4024.72..4027.29 rows=1027 width=121)
	  Sort Key: c
	  ->  Bitmap Heap Scan on sbtest7  (cost=30.96..3973.35 rows=1027 width=121)
	        Recheck Cond: ((id >= 419535) AND (id <= 420534))
	        ->  Bitmap Index Scan on sbtest7_pkey  (cost=0.00..30.70 rows=1027 width=0)
	              Index Cond: ((id >= 419535) AND (id <= 420534))

table 8 : explain SELECT c FROM sbtest8 WHERE id BETWEEN 7517024 AND 7518023 ORDER BY c
	Sort  (cost=4333.24..4336.01 rows=1106 width=121)
	  Sort Key: c
	  ->  Bitmap Heap Scan on sbtest8  (cost=35.77..4277.33 rows=1106 width=121)
	        Recheck Cond: ((id >= 7517024) AND (id <= 7518023))
	        ->  Bitmap Index Scan on sbtest8_pkey  (cost=0.00..35.50 rows=1106 width=0)
	              Index Cond: ((id >= 7517024) AND (id <= 7518023))

for: distinct_ranges
table 1 : explain SELECT DISTINCT c FROM sbtest1 WHERE id BETWEEN 2854142 AND 2855141 ORDER BY c
	Unique  (cost=3940.47..3945.49 rows=1004 width=121)
	  ->  Sort  (cost=3940.47..3942.98 rows=1004 width=121)
	        Sort Key: c
	        ->  Bitmap Heap Scan on sbtest1  (cost=30.73..3890.41 rows=1004 width=121)
	              Recheck Cond: ((id >= 2854142) AND (id <= 2855141))
	              ->  Bitmap Index Scan on sbtest1_pkey  (cost=0.00..30.47 rows=1004 width=0)
	                    Index Cond: ((id >= 2854142) AND (id <= 2855141))

table 2 : explain SELECT DISTINCT c FROM sbtest2 WHERE id BETWEEN 7414282 AND 7415281 ORDER BY c
	Unique  (cost=3908.29..3913.27 rows=996 width=121)
	  ->  Sort  (cost=3908.29..3910.78 rows=996 width=121)
	        Sort Key: c
	        ->  Bitmap Heap Scan on sbtest2  (cost=30.64..3858.69 rows=996 width=121)
	              Recheck Cond: ((id >= 7414282) AND (id <= 7415281))
	              ->  Bitmap Index Scan on sbtest2_pkey  (cost=0.00..30.39 rows=996 width=0)
	                    Index Cond: ((id >= 7414282) AND (id <= 7415281))

table 3 : explain SELECT DISTINCT c FROM sbtest3 WHERE id BETWEEN 7535953 AND 7536952 ORDER BY c
	Unique  (cost=4074.97..4080.17 rows=1040 width=121)
	  ->  Sort  (cost=4074.97..4077.57 rows=1040 width=121)
	        Sort Key: c
	        ->  Bitmap Heap Scan on sbtest3  (cost=31.09..4022.86 rows=1040 width=121)
	              Recheck Cond: ((id >= 7535953) AND (id <= 7536952))
	              ->  Bitmap Index Scan on sbtest3_pkey  (cost=0.00..30.83 rows=1040 width=0)
	                    Index Cond: ((id >= 7535953) AND (id <= 7536952))

table 4 : explain SELECT DISTINCT c FROM sbtest4 WHERE id BETWEEN 526144 AND 527143 ORDER BY c
	Unique  (cost=3843.10..3847.99 rows=979 width=121)
	  ->  Sort  (cost=3843.10..3845.55 rows=979 width=121)
	        Sort Key: c
	        ->  Bitmap Heap Scan on sbtest4  (cost=30.47..3794.47 rows=979 width=121)
	              Recheck Cond: ((id >= 526144) AND (id <= 527143))
	              ->  Bitmap Index Scan on sbtest4_pkey  (cost=0.00..30.22 rows=979 width=0)
	                    Index Cond: ((id >= 526144) AND (id <= 527143))

table 5 : explain SELECT DISTINCT c FROM sbtest5 WHERE id BETWEEN 7713439 AND 7714438 ORDER BY c
	Unique  (cost=3943.01..3948.03 rows=1005 width=121)
	  ->  Sort  (cost=3943.01..3945.52 rows=1005 width=121)
	        Sort Key: c
	        ->  Bitmap Heap Scan on sbtest5  (cost=30.74..3892.89 rows=1005 width=121)
	              Recheck Cond: ((id >= 7713439) AND (id <= 7714438))
	              ->  Bitmap Index Scan on sbtest5_pkey  (cost=0.00..30.48 rows=1005 width=0)
	                    Index Cond: ((id >= 7713439) AND (id <= 7714438))

table 6 : explain SELECT DISTINCT c FROM sbtest6 WHERE id BETWEEN 792593 AND 793592 ORDER BY c
	Unique  (cost=3999.91..4005.01 rows=1020 width=121)
	  ->  Sort  (cost=3999.91..4002.46 rows=1020 width=121)
	        Sort Key: c
	        ->  Bitmap Heap Scan on sbtest6  (cost=30.89..3948.94 rows=1020 width=121)
	              Recheck Cond: ((id >= 792593) AND (id <= 793592))
	              ->  Bitmap Index Scan on sbtest6_pkey  (cost=0.00..30.64 rows=1020 width=0)
	                    Index Cond: ((id >= 792593) AND (id <= 793592))

table 7 : explain SELECT DISTINCT c FROM sbtest7 WHERE id BETWEEN 8449305 AND 8450304 ORDER BY c
	Unique  (cost=3932.92..3937.93 rows=1003 width=121)
	  ->  Sort  (cost=3932.92..3935.42 rows=1003 width=121)
	        Sort Key: c
	        ->  Bitmap Heap Scan on sbtest7  (cost=30.72..3882.92 rows=1003 width=121)
	              Recheck Cond: ((id >= 8449305) AND (id <= 8450304))
	              ->  Bitmap Index Scan on sbtest7_pkey  (cost=0.00..30.46 rows=1003 width=0)
	                    Index Cond: ((id >= 8449305) AND (id <= 8450304))

table 8 : explain SELECT DISTINCT c FROM sbtest8 WHERE id BETWEEN 50215 AND 51214 ORDER BY c
	Unique  (cost=3824.23..3829.10 rows=974 width=121)
	  ->  Sort  (cost=3824.23..3826.66 rows=974 width=121)
	        Sort Key: c
	        ->  Bitmap Heap Scan on sbtest8  (cost=30.42..3775.88 rows=974 width=121)
	              Recheck Cond: ((id >= 50215) AND (id <= 51214))
	              ->  Bitmap Index Scan on sbtest8_pkey  (cost=0.00..30.18 rows=974 width=0)
	                    Index Cond: ((id >= 50215) AND (id <= 51214))

for: order_ranges
table 1 : explain SELECT c FROM sbtest1 WHERE id BETWEEN 2619024 AND 2620023 ORDER BY c
	Sort  (cost=4017.09..4019.65 rows=1024 width=121)
	  Sort Key: c
	  ->  Bitmap Heap Scan on sbtest1  (cost=30.93..3965.89 rows=1024 width=121)
	        Recheck Cond: ((id >= 2619024) AND (id <= 2620023))
	        ->  Bitmap Index Scan on sbtest1_pkey  (cost=0.00..30.68 rows=1024 width=0)
	              Index Cond: ((id >= 2619024) AND (id <= 2620023))

table 2 : explain SELECT c FROM sbtest2 WHERE id BETWEEN 4175624 AND 4176623 ORDER BY c
	Sort  (cost=3655.21..3657.53 rows=930 width=121)
	  Sort Key: c
	  ->  Bitmap Heap Scan on sbtest2  (cost=29.97..3609.35 rows=930 width=121)
	        Recheck Cond: ((id >= 4175624) AND (id <= 4176623))
	        ->  Bitmap Index Scan on sbtest2_pkey  (cost=0.00..29.73 rows=930 width=0)
	              Index Cond: ((id >= 4175624) AND (id <= 4176623))

table 3 : explain SELECT c FROM sbtest3 WHERE id BETWEEN 6556897 AND 6557896 ORDER BY c
	Sort  (cost=3990.84..3993.39 rows=1018 width=121)
	  Sort Key: c
	  ->  Bitmap Heap Scan on sbtest3  (cost=30.87..3939.98 rows=1018 width=121)
	        Recheck Cond: ((id >= 6556897) AND (id <= 6557896))
	        ->  Bitmap Index Scan on sbtest3_pkey  (cost=0.00..30.61 rows=1018 width=0)
	              Index Cond: ((id >= 6556897) AND (id <= 6557896))

table 4 : explain SELECT c FROM sbtest4 WHERE id BETWEEN 8225526 AND 8226525 ORDER BY c
	Sort  (cost=3977.17..3979.70 rows=1014 width=121)
	  Sort Key: c
	  ->  Bitmap Heap Scan on sbtest4  (cost=30.83..3926.54 rows=1014 width=121)
	        Recheck Cond: ((id >= 8225526) AND (id <= 8226525))
	        ->  Bitmap Index Scan on sbtest4_pkey  (cost=0.00..30.57 rows=1014 width=0)
	              Index Cond: ((id >= 8225526) AND (id <= 8226525))

table 5 : explain SELECT c FROM sbtest5 WHERE id BETWEEN 310992 AND 311991 ORDER BY c
	Sort  (cost=3943.01..3945.52 rows=1005 width=121)
	  Sort Key: c
	  ->  Bitmap Heap Scan on sbtest5  (cost=30.74..3892.89 rows=1005 width=121)
	        Recheck Cond: ((id >= 310992) AND (id <= 311991))
	        ->  Bitmap Index Scan on sbtest5_pkey  (cost=0.00..30.48 rows=1005 width=0)
	              Index Cond: ((id >= 310992) AND (id <= 311991))

table 6 : explain SELECT c FROM sbtest6 WHERE id BETWEEN 3762171 AND 3763170 ORDER BY c
	Sort  (cost=3980.77..3983.31 rows=1015 width=121)
	  Sort Key: c
	  ->  Bitmap Heap Scan on sbtest6  (cost=30.84..3930.08 rows=1015 width=121)
	        Recheck Cond: ((id >= 3762171) AND (id <= 3763170))
	        ->  Bitmap Index Scan on sbtest6_pkey  (cost=0.00..30.58 rows=1015 width=0)
	              Index Cond: ((id >= 3762171) AND (id <= 3763170))

table 7 : explain SELECT c FROM sbtest7 WHERE id BETWEEN 3507887 AND 3508886 ORDER BY c
	Sort  (cost=4128.10..4130.73 rows=1053 width=121)
	  Sort Key: c
	  ->  Bitmap Heap Scan on sbtest7  (cost=35.23..4075.23 rows=1053 width=121)
	        Recheck Cond: ((id >= 3507887) AND (id <= 3508886))
	        ->  Bitmap Index Scan on sbtest7_pkey  (cost=0.00..34.97 rows=1053 width=0)
	              Index Cond: ((id >= 3507887) AND (id <= 3508886))

table 8 : explain SELECT c FROM sbtest8 WHERE id BETWEEN 9885742 AND 9886741 ORDER BY c
	Sort  (cost=3601.67..3603.96 rows=916 width=121)
	  Sort Key: c
	  ->  Bitmap Heap Scan on sbtest8  (cost=29.82..3556.61 rows=916 width=121)
	        Recheck Cond: ((id >= 9885742) AND (id <= 9886741))
	        ->  Bitmap Index Scan on sbtest8_pkey  (cost=0.00..29.59 rows=916 width=0)
	              Index Cond: ((id >= 9885742) AND (id <= 9886741))

for: sum_ranges
table 1 : explain SELECT SUM(k) FROM sbtest1 WHERE id BETWEEN 2305814 AND 2306813
	Aggregate  (cost=4330.52..4330.53 rows=1 width=8)
	  ->  Bitmap Heap Scan on sbtest1  (cost=35.90..4327.72 rows=1119 width=4)
	        Recheck Cond: ((id >= 2305814) AND (id <= 2306813))
	        ->  Bitmap Index Scan on sbtest1_pkey  (cost=0.00..35.62 rows=1119 width=0)
	              Index Cond: ((id >= 2305814) AND (id <= 2306813))

table 2 : explain SELECT SUM(k) FROM sbtest2 WHERE id BETWEEN 1781297 AND 1782296
	Aggregate  (cost=4249.70..4249.71 rows=1 width=8)
	  ->  Bitmap Heap Scan on sbtest2  (cost=35.69..4246.96 rows=1098 width=4)
	        Recheck Cond: ((id >= 1781297) AND (id <= 1782296))
	        ->  Bitmap Index Scan on sbtest2_pkey  (cost=0.00..35.42 rows=1098 width=0)
	              Index Cond: ((id >= 1781297) AND (id <= 1782296))

table 3 : explain SELECT SUM(k) FROM sbtest3 WHERE id BETWEEN 1196324 AND 1197323
	Aggregate  (cost=3889.72..3889.73 rows=1 width=8)
	  ->  Bitmap Heap Scan on sbtest3  (cost=30.73..3887.21 rows=1004 width=4)
	        Recheck Cond: ((id >= 1196324) AND (id <= 1197323))
	        ->  Bitmap Index Scan on sbtest3_pkey  (cost=0.00..30.47 rows=1004 width=0)
	              Index Cond: ((id >= 1196324) AND (id <= 1197323))

table 4 : explain SELECT SUM(k) FROM sbtest4 WHERE id BETWEEN 3706925 AND 3707924
	Aggregate  (cost=3778.02..3778.03 rows=1 width=8)
	  ->  Bitmap Heap Scan on sbtest4  (cost=30.42..3775.59 rows=974 width=4)
	        Recheck Cond: ((id >= 3706925) AND (id <= 3707924))
	        ->  Bitmap Index Scan on sbtest4_pkey  (cost=0.00..30.18 rows=974 width=0)
	              Index Cond: ((id >= 3706925) AND (id <= 3707924))

table 5 : explain SELECT SUM(k) FROM sbtest5 WHERE id BETWEEN 6647815 AND 6648814
	Aggregate  (cost=4031.24..4031.25 rows=1 width=8)
	  ->  Bitmap Heap Scan on sbtest5  (cost=31.11..4028.64 rows=1041 width=4)
	        Recheck Cond: ((id >= 6647815) AND (id <= 6648814))
	        ->  Bitmap Index Scan on sbtest5_pkey  (cost=0.00..30.84 rows=1041 width=0)
	              Index Cond: ((id >= 6647815) AND (id <= 6648814))

table 6 : explain SELECT SUM(k) FROM sbtest6 WHERE id BETWEEN 9564573 AND 9565572
	Aggregate  (cost=4094.99..4095.00 rows=1 width=8)
	  ->  Bitmap Heap Scan on sbtest6  (cost=35.27..4092.35 rows=1057 width=4)
	        Recheck Cond: ((id >= 9564573) AND (id <= 9565572))
	        ->  Bitmap Index Scan on sbtest6_pkey  (cost=0.00..35.01 rows=1057 width=0)
	              Index Cond: ((id >= 9564573) AND (id <= 9565572))

table 7 : explain SELECT SUM(k) FROM sbtest7 WHERE id BETWEEN 7441958 AND 7442957
	Aggregate  (cost=4040.20..4040.21 rows=1 width=8)
	  ->  Bitmap Heap Scan on sbtest7  (cost=35.13..4037.60 rows=1043 width=4)
	        Recheck Cond: ((id >= 7441958) AND (id <= 7442957))
	        ->  Bitmap Index Scan on sbtest7_pkey  (cost=0.00..34.87 rows=1043 width=0)
	              Index Cond: ((id >= 7441958) AND (id <= 7442957))

table 8 : explain SELECT SUM(k) FROM sbtest8 WHERE id BETWEEN 8591816 AND 8592815
	Aggregate  (cost=3955.80..3955.81 rows=1 width=8)
	  ->  Bitmap Heap Scan on sbtest8  (cost=30.90..3953.25 rows=1021 width=4)
	        Recheck Cond: ((id >= 8591816) AND (id <= 8592815))
	        ->  Bitmap Index Scan on sbtest8_pkey  (cost=0.00..30.64 rows=1021 width=0)
	              Index Cond: ((id >= 8591816) AND (id <= 8592815))

for: simple_ranges
table 1 : explain SELECT c FROM sbtest1 WHERE id BETWEEN 4988985 AND 4989984
	Bitmap Heap Scan on sbtest1  (cost=35.84..4305.15 rows=1113 width=121)
	  Recheck Cond: ((id >= 4988985) AND (id <= 4989984))
	  ->  Bitmap Index Scan on sbtest1_pkey  (cost=0.00..35.57 rows=1113 width=0)
	        Index Cond: ((id >= 4988985) AND (id <= 4989984))

table 2 : explain SELECT c FROM sbtest2 WHERE id BETWEEN 1526660 AND 1527659
	Bitmap Heap Scan on sbtest2  (cost=29.72..3518.54 rows=906 width=121)
	  Recheck Cond: ((id >= 1526660) AND (id <= 1527659))
	  ->  Bitmap Index Scan on sbtest2_pkey  (cost=0.00..29.50 rows=906 width=0)
	        Index Cond: ((id >= 1526660) AND (id <= 1527659))

table 3 : explain SELECT c FROM sbtest3 WHERE id BETWEEN 9472020 AND 9473019
	Bitmap Heap Scan on sbtest3  (cost=29.80..3547.38 rows=914 width=121)
	  Recheck Cond: ((id >= 9472020) AND (id <= 9473019))
	  ->  Bitmap Index Scan on sbtest3_pkey  (cost=0.00..29.57 rows=914 width=0)
	        Index Cond: ((id >= 9472020) AND (id <= 9473019))

table 4 : explain SELECT c FROM sbtest4 WHERE id BETWEEN 4860103 AND 4861102
	Bitmap Heap Scan on sbtest4  (cost=30.83..3926.54 rows=1014 width=121)
	  Recheck Cond: ((id >= 4860103) AND (id <= 4861102))
	  ->  Bitmap Index Scan on sbtest4_pkey  (cost=0.00..30.57 rows=1014 width=0)
	        Index Cond: ((id >= 4860103) AND (id <= 4861102))

table 5 : explain SELECT c FROM sbtest5 WHERE id BETWEEN 5733441 AND 5734440
	Bitmap Heap Scan on sbtest5  (cost=30.62..3851.38 rows=994 width=121)
	  Recheck Cond: ((id >= 5733441) AND (id <= 5734440))
	  ->  Bitmap Index Scan on sbtest5_pkey  (cost=0.00..30.37 rows=994 width=0)
	        Index Cond: ((id >= 5733441) AND (id <= 5734440))

table 6 : explain SELECT c FROM sbtest6 WHERE id BETWEEN 3194394 AND 3195393
	Bitmap Heap Scan on sbtest6  (cost=30.58..3835.77 rows=990 width=121)
	  Recheck Cond: ((id >= 3194394) AND (id <= 3195393))
	  ->  Bitmap Index Scan on sbtest6_pkey  (cost=0.00..30.33 rows=990 width=0)
	        Index Cond: ((id >= 3194394) AND (id <= 3195393))

table 7 : explain SELECT c FROM sbtest7 WHERE id BETWEEN 9166753 AND 9167752
	Bitmap Heap Scan on sbtest7  (cost=30.36..3750.91 rows=968 width=121)
	  Recheck Cond: ((id >= 9166753) AND (id <= 9167752))
	  ->  Bitmap Index Scan on sbtest7_pkey  (cost=0.00..30.11 rows=968 width=0)
	        Index Cond: ((id >= 9166753) AND (id <= 9167752))

table 8 : explain SELECT c FROM sbtest8 WHERE id BETWEEN 1875170 AND 1876169
	Bitmap Heap Scan on sbtest8  (cost=30.34..3745.66 rows=966 width=121)
	  Recheck Cond: ((id >= 1875170) AND (id <= 1876169))
	  ->  Bitmap Index Scan on sbtest8_pkey  (cost=0.00..30.09 rows=966 width=0)
	        Index Cond: ((id >= 1875170) AND (id <= 1876169))

for: sum_ranges
table 1 : explain SELECT SUM(k) FROM sbtest1 WHERE id BETWEEN 5750441 AND 5751440
	Aggregate  (cost=3753.07..3753.08 rows=1 width=8)
	  ->  Bitmap Heap Scan on sbtest1  (cost=30.35..3750.65 rows=967 width=4)
	        Recheck Cond: ((id >= 5750441) AND (id <= 5751440))
	        ->  Bitmap Index Scan on sbtest1_pkey  (cost=0.00..30.11 rows=967 width=0)
	              Index Cond: ((id >= 5750441) AND (id <= 5751440))

table 2 : explain SELECT SUM(k) FROM sbtest2 WHERE id BETWEEN 8210305 AND 8211304
	Aggregate  (cost=3985.73..3985.74 rows=1 width=8)
	  ->  Bitmap Heap Scan on sbtest2  (cost=30.98..3983.15 rows=1029 width=4)
	        Recheck Cond: ((id >= 8210305) AND (id <= 8211304))
	        ->  Bitmap Index Scan on sbtest2_pkey  (cost=0.00..30.72 rows=1029 width=0)
	              Index Cond: ((id >= 8210305) AND (id <= 8211304))

table 3 : explain SELECT SUM(k) FROM sbtest3 WHERE id BETWEEN 3619183 AND 3620182
	Aggregate  (cost=3697.15..3697.16 rows=1 width=8)
	  ->  Bitmap Heap Scan on sbtest3  (cost=30.20..3694.77 rows=953 width=4)
	        Recheck Cond: ((id >= 3619183) AND (id <= 3620182))
	        ->  Bitmap Index Scan on sbtest3_pkey  (cost=0.00..29.96 rows=953 width=0)
	              Index Cond: ((id >= 3619183) AND (id <= 3620182))

table 4 : explain SELECT SUM(k) FROM sbtest4 WHERE id BETWEEN 5514090 AND 5515089
	Aggregate  (cost=3547.27..3547.28 rows=1 width=8)
	  ->  Bitmap Heap Scan on sbtest4  (cost=29.79..3544.99 rows=913 width=4)
	        Recheck Cond: ((id >= 5514090) AND (id <= 5515089))
	        ->  Bitmap Index Scan on sbtest4_pkey  (cost=0.00..29.57 rows=913 width=0)
	              Index Cond: ((id >= 5514090) AND (id <= 5515089))

table 5 : explain SELECT SUM(k) FROM sbtest5 WHERE id BETWEEN 3824015 AND 3825014
	Aggregate  (cost=3732.95..3732.96 rows=1 width=8)
	  ->  Bitmap Heap Scan on sbtest5  (cost=30.30..3730.54 rows=962 width=4)
	        Recheck Cond: ((id >= 3824015) AND (id <= 3825014))
	        ->  Bitmap Index Scan on sbtest5_pkey  (cost=0.00..30.05 rows=962 width=0)
	              Index Cond: ((id >= 3824015) AND (id <= 3825014))

table 6 : explain SELECT SUM(k) FROM sbtest6 WHERE id BETWEEN 6181311 AND 6182310
	Aggregate  (cost=3762.69..3762.70 rows=1 width=8)
	  ->  Bitmap Heap Scan on sbtest6  (cost=30.38..3760.27 rows=970 width=4)
	        Recheck Cond: ((id >= 6181311) AND (id <= 6182310))
	        ->  Bitmap Index Scan on sbtest6_pkey  (cost=0.00..30.14 rows=970 width=0)
	              Index Cond: ((id >= 6181311) AND (id <= 6182310))

table 7 : explain SELECT SUM(k) FROM sbtest7 WHERE id BETWEEN 264815 AND 265814
	Aggregate  (cost=3779.76..3779.77 rows=1 width=8)
	  ->  Bitmap Heap Scan on sbtest7  (cost=30.43..3777.32 rows=975 width=4)
	        Recheck Cond: ((id >= 264815) AND (id <= 265814))
	        ->  Bitmap Index Scan on sbtest7_pkey  (cost=0.00..30.18 rows=975 width=0)
	              Index Cond: ((id >= 264815) AND (id <= 265814))

table 8 : explain SELECT SUM(k) FROM sbtest8 WHERE id BETWEEN 1635858 AND 1636857
	Aggregate  (cost=3785.87..3785.88 rows=1 width=8)
	  ->  Bitmap Heap Scan on sbtest8  (cost=30.44..3783.43 rows=976 width=4)
	        Recheck Cond: ((id >= 1635858) AND (id <= 1636857))
	        ->  Bitmap Index Scan on sbtest8_pkey  (cost=0.00..30.19 rows=976 width=0)
	              Index Cond: ((id >= 1635858) AND (id <= 1636857))

for: distinct_ranges
table 1 : explain SELECT DISTINCT c FROM sbtest1 WHERE id BETWEEN 2442458 AND 2443457 ORDER BY c
	Unique  (cost=3848.47..3853.37 rows=980 width=121)
	  ->  Sort  (cost=3848.47..3850.92 rows=980 width=121)
	        Sort Key: c
	        ->  Bitmap Heap Scan on sbtest1  (cost=30.48..3799.78 rows=980 width=121)
	              Recheck Cond: ((id >= 2442458) AND (id <= 2443457))
	              ->  Bitmap Index Scan on sbtest1_pkey  (cost=0.00..30.23 rows=980 width=0)
	                    Index Cond: ((id >= 2442458) AND (id <= 2443457))

table 2 : explain SELECT DISTINCT c FROM sbtest2 WHERE id BETWEEN 6712494 AND 6713493 ORDER BY c
	Unique  (cost=3946.59..3951.62 rows=1006 width=121)
	  ->  Sort  (cost=3946.59..3949.11 rows=1006 width=121)
	        Sort Key: c
	        ->  Bitmap Heap Scan on sbtest2  (cost=30.75..3896.42 rows=1006 width=121)
	              Recheck Cond: ((id >= 6712494) AND (id <= 6713493))
	              ->  Bitmap Index Scan on sbtest2_pkey  (cost=0.00..30.50 rows=1006 width=0)
	                    Index Cond: ((id >= 6712494) AND (id <= 6713493))

table 3 : explain SELECT DISTINCT c FROM sbtest3 WHERE id BETWEEN 6916291 AND 6917290 ORDER BY c
	Unique  (cost=4350.11..4355.66 rows=1111 width=121)
	  ->  Sort  (cost=4350.11..4352.89 rows=1111 width=121)
	        Sort Key: c
	        ->  Bitmap Heap Scan on sbtest3  (cost=35.82..4293.91 rows=1111 width=121)
	              Recheck Cond: ((id >= 6916291) AND (id <= 6917290))
	              ->  Bitmap Index Scan on sbtest3_pkey  (cost=0.00..35.55 rows=1111 width=0)
	                    Index Cond: ((id >= 6916291) AND (id <= 6917290))

table 4 : explain SELECT DISTINCT c FROM sbtest4 WHERE id BETWEEN 2110585 AND 2111584 ORDER BY c
	Unique  (cost=3774.09..3778.90 rows=961 width=121)
	  ->  Sort  (cost=3774.09..3776.49 rows=961 width=121)
	        Sort Key: c
	        ->  Bitmap Heap Scan on sbtest4  (cost=30.29..3726.48 rows=961 width=121)
	              Recheck Cond: ((id >= 2110585) AND (id <= 2111584))
	              ->  Bitmap Index Scan on sbtest4_pkey  (cost=0.00..30.04 rows=961 width=0)
	                    Index Cond: ((id >= 2110585) AND (id <= 2111584))

table 5 : explain SELECT DISTINCT c FROM sbtest5 WHERE id BETWEEN 2185746 AND 2186745 ORDER BY c
	Unique  (cost=4249.21..4254.63 rows=1084 width=121)
	  ->  Sort  (cost=4249.21..4251.92 rows=1084 width=121)
	        Sort Key: c
	        ->  Bitmap Heap Scan on sbtest5  (cost=35.55..4194.56 rows=1084 width=121)
	              Recheck Cond: ((id >= 2185746) AND (id <= 2186745))
	              ->  Bitmap Index Scan on sbtest5_pkey  (cost=0.00..35.28 rows=1084 width=0)
	                    Index Cond: ((id >= 2185746) AND (id <= 2186745))

table 6 : explain SELECT DISTINCT c FROM sbtest6 WHERE id BETWEEN 3326258 AND 3327257 ORDER BY c
	Unique  (cost=4191.31..4196.65 rows=1069 width=121)
	  ->  Sort  (cost=4191.31..4193.98 rows=1069 width=121)
	        Sort Key: c
	        ->  Bitmap Heap Scan on sbtest6  (cost=35.39..4137.53 rows=1069 width=121)
	              Recheck Cond: ((id >= 3326258) AND (id <= 3327257))
	              ->  Bitmap Index Scan on sbtest6_pkey  (cost=0.00..35.12 rows=1069 width=0)
	                    Index Cond: ((id >= 3326258) AND (id <= 3327257))

table 7 : explain SELECT DISTINCT c FROM sbtest7 WHERE id BETWEEN 204453 AND 205452 ORDER BY c
	Unique  (cost=3825.73..3830.60 rows=975 width=121)
	  ->  Sort  (cost=3825.73..3828.16 rows=975 width=121)
	        Sort Key: c
	        ->  Bitmap Heap Scan on sbtest7  (cost=30.43..3777.32 rows=975 width=121)
	              Recheck Cond: ((id >= 204453) AND (id <= 205452))
	              ->  Bitmap Index Scan on sbtest7_pkey  (cost=0.00..30.18 rows=975 width=0)
	                    Index Cond: ((id >= 204453) AND (id <= 205452))

table 8 : explain SELECT DISTINCT c FROM sbtest8 WHERE id BETWEEN 8909489 AND 8910488 ORDER BY c
	Unique  (cost=3943.01..3948.04 rows=1005 width=121)
	  ->  Sort  (cost=3943.01..3945.52 rows=1005 width=121)
	        Sort Key: c
	        ->  Bitmap Heap Scan on sbtest8  (cost=30.74..3892.90 rows=1005 width=121)
	              Recheck Cond: ((id >= 8909489) AND (id <= 8910488))
	              ->  Bitmap Index Scan on sbtest8_pkey  (cost=0.00..30.48 rows=1005 width=0)
	                    Index Cond: ((id >= 8909489) AND (id <= 8910488))

for: sum_ranges
table 1 : explain SELECT SUM(k) FROM sbtest1 WHERE id BETWEEN 3510882 AND 3511881
	Aggregate  (cost=4296.64..4296.65 rows=1 width=8)
	  ->  Bitmap Heap Scan on sbtest1  (cost=35.81..4293.87 rows=1110 width=4)
	        Recheck Cond: ((id >= 3510882) AND (id <= 3511881))
	        ->  Bitmap Index Scan on sbtest1_pkey  (cost=0.00..35.54 rows=1110 width=0)
	              Index Cond: ((id >= 3510882) AND (id <= 3511881))

table 2 : explain SELECT SUM(k) FROM sbtest2 WHERE id BETWEEN 6651679 AND 6652678
	Aggregate  (cost=3702.47..3702.48 rows=1 width=8)
	  ->  Bitmap Heap Scan on sbtest2  (cost=30.21..3700.09 rows=954 width=4)
	        Recheck Cond: ((id >= 6651679) AND (id <= 6652678))
	        ->  Bitmap Index Scan on sbtest2_pkey  (cost=0.00..29.97 rows=954 width=0)
	              Index Cond: ((id >= 6651679) AND (id <= 6652678))

table 3 : explain SELECT SUM(k) FROM sbtest3 WHERE id BETWEEN 1372938 AND 1373937
	Aggregate  (cost=3738.72..3738.73 rows=1 width=8)
	  ->  Bitmap Heap Scan on sbtest3  (cost=30.32..3736.31 rows=964 width=4)
	        Recheck Cond: ((id >= 1372938) AND (id <= 1373937))
	        ->  Bitmap Index Scan on sbtest3_pkey  (cost=0.00..30.07 rows=964 width=0)
	              Index Cond: ((id >= 1372938) AND (id <= 1373937))

table 4 : explain SELECT SUM(k) FROM sbtest4 WHERE id BETWEEN 9691356 AND 9692355
	Aggregate  (cost=3725.10..3725.11 rows=1 width=8)
	  ->  Bitmap Heap Scan on sbtest4  (cost=30.27..3722.70 rows=960 width=4)
	        Recheck Cond: ((id >= 9691356) AND (id <= 9692355))
	        ->  Bitmap Index Scan on sbtest4_pkey  (cost=0.00..30.04 rows=960 width=0)
	              Index Cond: ((id >= 9691356) AND (id <= 9692355))

table 5 : explain SELECT SUM(k) FROM sbtest5 WHERE id BETWEEN 2060345 AND 2061344
	Aggregate  (cost=4012.38..4012.39 rows=1 width=8)
	  ->  Bitmap Heap Scan on sbtest5  (cost=31.05..4009.79 rows=1036 width=4)
	        Recheck Cond: ((id >= 2060345) AND (id <= 2061344))
	        ->  Bitmap Index Scan on sbtest5_pkey  (cost=0.00..30.79 rows=1036 width=0)
	              Index Cond: ((id >= 2060345) AND (id <= 2061344))

table 6 : explain SELECT SUM(k) FROM sbtest6 WHERE id BETWEEN 4092586 AND 4093585
	Aggregate  (cost=3592.50..3592.51 rows=1 width=8)
	  ->  Bitmap Heap Scan on sbtest6  (cost=29.92..3590.19 rows=925 width=4)
	        Recheck Cond: ((id >= 4092586) AND (id <= 4093585))
	        ->  Bitmap Index Scan on sbtest6_pkey  (cost=0.00..29.68 rows=925 width=0)
	              Index Cond: ((id >= 4092586) AND (id <= 4093585))

table 7 : explain SELECT SUM(k) FROM sbtest7 WHERE id BETWEEN 7973334 AND 7974333
	Aggregate  (cost=3923.14..3923.15 rows=1 width=8)
	  ->  Bitmap Heap Scan on sbtest7  (cost=30.82..3920.61 rows=1013 width=4)
	        Recheck Cond: ((id >= 7973334) AND (id <= 7974333))
	        ->  Bitmap Index Scan on sbtest7_pkey  (cost=0.00..30.57 rows=1013 width=0)
	              Index Cond: ((id >= 7973334) AND (id <= 7974333))

table 8 : explain SELECT SUM(k) FROM sbtest8 WHERE id BETWEEN 9150391 AND 9151390
	Aggregate  (cost=3827.43..3827.44 rows=1 width=8)
	  ->  Bitmap Heap Scan on sbtest8  (cost=30.55..3824.97 rows=987 width=4)
	        Recheck Cond: ((id >= 9150391) AND (id <= 9151390))
	        ->  Bitmap Index Scan on sbtest8_pkey  (cost=0.00..30.30 rows=987 width=0)
	              Index Cond: ((id >= 9150391) AND (id <= 9151390))

for: distinct_ranges
table 1 : explain SELECT DISTINCT c FROM sbtest1 WHERE id BETWEEN 5022569 AND 5023568 ORDER BY c
	Unique  (cost=4361.47..4367.04 rows=1113 width=121)
	  ->  Sort  (cost=4361.47..4364.25 rows=1113 width=121)
	        Sort Key: c
	        ->  Bitmap Heap Scan on sbtest1  (cost=35.84..4305.15 rows=1113 width=121)
	              Recheck Cond: ((id >= 5022569) AND (id <= 5023568))
	              ->  Bitmap Index Scan on sbtest1_pkey  (cost=0.00..35.57 rows=1113 width=0)
	                    Index Cond: ((id >= 5022569) AND (id <= 5023568))

table 2 : explain SELECT DISTINCT c FROM sbtest2 WHERE id BETWEEN 4188309 AND 4189308 ORDER BY c
	Unique  (cost=3655.21..3659.86 rows=930 width=121)
	  ->  Sort  (cost=3655.21..3657.53 rows=930 width=121)
	        Sort Key: c
	        ->  Bitmap Heap Scan on sbtest2  (cost=29.97..3609.35 rows=930 width=121)
	              Recheck Cond: ((id >= 4188309) AND (id <= 4189308))
	              ->  Bitmap Index Scan on sbtest2_pkey  (cost=0.00..29.73 rows=930 width=0)
	                    Index Cond: ((id >= 4188309) AND (id <= 4189308))

table 3 : explain SELECT DISTINCT c FROM sbtest3 WHERE id BETWEEN 7077020 AND 7078019 ORDER BY c
	Unique  (cost=3964.06..3969.11 rows=1011 width=121)
	  ->  Sort  (cost=3964.06..3966.59 rows=1011 width=121)
	        Sort Key: c
	        ->  Bitmap Heap Scan on sbtest3  (cost=30.80..3913.60 rows=1011 width=121)
	              Recheck Cond: ((id >= 7077020) AND (id <= 7078019))
	              ->  Bitmap Index Scan on sbtest3_pkey  (cost=0.00..30.54 rows=1011 width=0)
	                    Index Cond: ((id >= 7077020) AND (id <= 7078019))

table 4 : explain SELECT DISTINCT c FROM sbtest4 WHERE id BETWEEN 4868130 AND 4869129 ORDER BY c
	Unique  (cost=3977.17..3982.24 rows=1014 width=121)
	  ->  Sort  (cost=3977.17..3979.70 rows=1014 width=121)
	        Sort Key: c
	        ->  Bitmap Heap Scan on sbtest4  (cost=30.83..3926.54 rows=1014 width=121)
	              Recheck Cond: ((id >= 4868130) AND (id <= 4869129))
	              ->  Bitmap Index Scan on sbtest4_pkey  (cost=0.00..30.57 rows=1014 width=0)
	                    Index Cond: ((id >= 4868130) AND (id <= 4869129))

table 5 : explain SELECT DISTINCT c FROM sbtest5 WHERE id BETWEEN 3371060 AND 3372059 ORDER BY c
	Unique  (cost=3812.72..3817.57 rows=971 width=121)
	  ->  Sort  (cost=3812.72..3815.15 rows=971 width=121)
	        Sort Key: c
	        ->  Bitmap Heap Scan on sbtest5  (cost=30.39..3764.54 rows=971 width=121)
	              Recheck Cond: ((id >= 3371060) AND (id <= 3372059))
	              ->  Bitmap Index Scan on sbtest5_pkey  (cost=0.00..30.14 rows=971 width=0)
	                    Index Cond: ((id >= 3371060) AND (id <= 3372059))

table 6 : explain SELECT DISTINCT c FROM sbtest6 WHERE id BETWEEN 3842656 AND 3843655 ORDER BY c
	Unique  (cost=4118.50..4123.75 rows=1051 width=121)
	  ->  Sort  (cost=4118.50..4121.13 rows=1051 width=121)
	        Sort Key: c
	        ->  Bitmap Heap Scan on sbtest6  (cost=31.21..4065.75 rows=1051 width=121)
	              Recheck Cond: ((id >= 3842656) AND (id <= 3843655))
	              ->  Bitmap Index Scan on sbtest6_pkey  (cost=0.00..30.94 rows=1051 width=0)
	                    Index Cond: ((id >= 3842656) AND (id <= 3843655))

table 7 : explain SELECT DISTINCT c FROM sbtest7 WHERE id BETWEEN 2561296 AND 2562295 ORDER BY c
	Unique  (cost=4292.27..4297.75 rows=1096 width=121)
	  ->  Sort  (cost=4292.27..4295.01 rows=1096 width=121)
	        Sort Key: c
	        ->  Bitmap Heap Scan on sbtest7  (cost=35.67..4236.94 rows=1096 width=121)
	              Recheck Cond: ((id >= 2561296) AND (id <= 2562295))
	              ->  Bitmap Index Scan on sbtest7_pkey  (cost=0.00..35.40 rows=1096 width=0)
	                    Index Cond: ((id >= 2561296) AND (id <= 2562295))

table 8 : explain SELECT DISTINCT c FROM sbtest8 WHERE id BETWEEN 5588525 AND 5589524 ORDER BY c
	Unique  (cost=3954.50..3959.54 rows=1008 width=121)
	  ->  Sort  (cost=3954.50..3957.02 rows=1008 width=121)
	        Sort Key: c
	        ->  Bitmap Heap Scan on sbtest8  (cost=30.77..3904.22 rows=1008 width=121)
	              Recheck Cond: ((id >= 5588525) AND (id <= 5589524))
	              ->  Bitmap Index Scan on sbtest8_pkey  (cost=0.00..30.51 rows=1008 width=0)
	                    Index Cond: ((id >= 5588525) AND (id <= 5589524))

for: order_ranges
table 1 : explain SELECT c FROM sbtest1 WHERE id BETWEEN 9039349 AND 9040348 ORDER BY c
	Sort  (cost=3890.64..3893.12 rows=991 width=121)
	  Sort Key: c
	  ->  Bitmap Heap Scan on sbtest1  (cost=30.59..3841.33 rows=991 width=121)
	        Recheck Cond: ((id >= 9039349) AND (id <= 9040348))
	        ->  Bitmap Index Scan on sbtest1_pkey  (cost=0.00..30.34 rows=991 width=0)
	              Index Cond: ((id >= 9039349) AND (id <= 9040348))

table 2 : explain SELECT c FROM sbtest2 WHERE id BETWEEN 7676931 AND 7677930 ORDER BY c
	Sort  (cost=4203.08..4205.76 rows=1072 width=121)
	  Sort Key: c
	  ->  Bitmap Heap Scan on sbtest2  (cost=35.42..4149.13 rows=1072 width=121)
	        Recheck Cond: ((id >= 7676931) AND (id <= 7677930))
	        ->  Bitmap Index Scan on sbtest2_pkey  (cost=0.00..35.16 rows=1072 width=0)
	              Index Cond: ((id >= 7676931) AND (id <= 7677930))

table 3 : explain SELECT c FROM sbtest3 WHERE id BETWEEN 2013877 AND 2014876 ORDER BY c
	Sort  (cost=3887.51..3889.99 rows=991 width=121)
	  Sort Key: c
	  ->  Bitmap Heap Scan on sbtest3  (cost=30.59..3838.19 rows=991 width=121)
	        Recheck Cond: ((id >= 2013877) AND (id <= 2014876))
	        ->  Bitmap Index Scan on sbtest3_pkey  (cost=0.00..30.34 rows=991 width=0)
	              Index Cond: ((id >= 2013877) AND (id <= 2014876))

table 4 : explain SELECT c FROM sbtest4 WHERE id BETWEEN 6162558 AND 6163557 ORDER BY c
	Sort  (cost=3977.17..3979.70 rows=1014 width=121)
	  Sort Key: c
	  ->  Bitmap Heap Scan on sbtest4  (cost=30.83..3926.54 rows=1014 width=121)
	        Recheck Cond: ((id >= 6162558) AND (id <= 6163557))
	        ->  Bitmap Index Scan on sbtest4_pkey  (cost=0.00..30.57 rows=1014 width=0)
	              Index Cond: ((id >= 6162558) AND (id <= 6163557))

table 5 : explain SELECT c FROM sbtest5 WHERE id BETWEEN 6935047 AND 6936046 ORDER BY c
	Sort  (cost=3759.03..3761.42 rows=957 width=121)
	  Sort Key: c
	  ->  Bitmap Heap Scan on sbtest5  (cost=30.24..3711.65 rows=957 width=121)
	        Recheck Cond: ((id >= 6935047) AND (id <= 6936046))
	        ->  Bitmap Index Scan on sbtest5_pkey  (cost=0.00..30.00 rows=957 width=0)
	              Index Cond: ((id >= 6935047) AND (id <= 6936046))

table 6 : explain SELECT c FROM sbtest6 WHERE id BETWEEN 4664422 AND 4665421 ORDER BY c
	Sort  (cost=3827.55..3829.99 rows=975 width=121)
	  Sort Key: c
	  ->  Bitmap Heap Scan on sbtest6  (cost=30.43..3779.15 rows=975 width=121)
	        Recheck Cond: ((id >= 4664422) AND (id <= 4665421))
	        ->  Bitmap Index Scan on sbtest6_pkey  (cost=0.00..30.18 rows=975 width=0)
	              Index Cond: ((id >= 4664422) AND (id <= 4665421))

table 7 : explain SELECT c FROM sbtest7 WHERE id BETWEEN 1062139 AND 1063138 ORDER BY c
	Sort  (cost=3971.18..3973.71 rows=1013 width=121)
	  Sort Key: c
	  ->  Bitmap Heap Scan on sbtest7  (cost=30.82..3920.61 rows=1013 width=121)
	        Recheck Cond: ((id >= 1062139) AND (id <= 1063138))
	        ->  Bitmap Index Scan on sbtest7_pkey  (cost=0.00..30.57 rows=1013 width=0)
	              Index Cond: ((id >= 1062139) AND (id <= 1063138))

table 8 : explain SELECT c FROM sbtest8 WHERE id BETWEEN 5440597 AND 5441596 ORDER BY c
	Sort  (cost=4084.81..4087.42 rows=1041 width=121)
	  Sort Key: c
	  ->  Bitmap Heap Scan on sbtest8  (cost=35.11..4032.64 rows=1041 width=121)
	        Recheck Cond: ((id >= 5440597) AND (id <= 5441596))
	        ->  Bitmap Index Scan on sbtest8_pkey  (cost=0.00..34.84 rows=1041 width=0)
	              Index Cond: ((id >= 5440597) AND (id <= 5441596))

for: order_ranges
table 1 : explain SELECT c FROM sbtest1 WHERE id BETWEEN 2525578 AND 2526577 ORDER BY c
	Sort  (cost=4166.36..4169.01 rows=1063 width=121)
	  Sort Key: c
	  ->  Bitmap Heap Scan on sbtest1  (cost=31.33..4112.92 rows=1063 width=121)
	        Recheck Cond: ((id >= 2525578) AND (id <= 2526577))
	        ->  Bitmap Index Scan on sbtest1_pkey  (cost=0.00..31.07 rows=1063 width=0)
	              Index Cond: ((id >= 2525578) AND (id <= 2526577))

table 2 : explain SELECT c FROM sbtest2 WHERE id BETWEEN 2336570 AND 2337569 ORDER BY c
	Sort  (cost=4168.68..4171.34 rows=1063 width=121)
	  Sort Key: c
	  ->  Bitmap Heap Scan on sbtest2  (cost=35.33..4115.25 rows=1063 width=121)
	        Recheck Cond: ((id >= 2336570) AND (id <= 2337569))
	        ->  Bitmap Index Scan on sbtest2_pkey  (cost=0.00..35.07 rows=1063 width=0)
	              Index Cond: ((id >= 2336570) AND (id <= 2337569))

table 3 : explain SELECT c FROM sbtest3 WHERE id BETWEEN 6439222 AND 6440221 ORDER BY c
	Sort  (cost=3492.49..3494.71 rows=888 width=121)
	  Sort Key: c
	  ->  Bitmap Heap Scan on sbtest3  (cost=29.54..3449.00 rows=888 width=121)
	        Recheck Cond: ((id >= 6439222) AND (id <= 6440221))
	        ->  Bitmap Index Scan on sbtest3_pkey  (cost=0.00..29.32 rows=888 width=0)
	              Index Cond: ((id >= 6439222) AND (id <= 6440221))

table 4 : explain SELECT c FROM sbtest4 WHERE id BETWEEN 5356038 AND 5357037 ORDER BY c
	Sort  (cost=3835.43..3837.88 rows=977 width=121)
	  Sort Key: c
	  ->  Bitmap Heap Scan on sbtest4  (cost=30.45..3786.91 rows=977 width=121)
	        Recheck Cond: ((id >= 5356038) AND (id <= 5357037))
	        ->  Bitmap Index Scan on sbtest4_pkey  (cost=0.00..30.20 rows=977 width=0)
	              Index Cond: ((id >= 5356038) AND (id <= 5357037))

table 5 : explain SELECT c FROM sbtest5 WHERE id BETWEEN 4587286 AND 4588285 ORDER BY c
	Sort  (cost=3709.16..3711.52 rows=944 width=121)
	  Sort Key: c
	  ->  Bitmap Heap Scan on sbtest5  (cost=30.11..3662.51 rows=944 width=121)
	        Recheck Cond: ((id >= 4587286) AND (id <= 4588285))
	        ->  Bitmap Index Scan on sbtest5_pkey  (cost=0.00..29.87 rows=944 width=0)
	              Index Cond: ((id >= 4587286) AND (id <= 4588285))

table 6 : explain SELECT c FROM sbtest6 WHERE id BETWEEN 5566792 AND 5567791 ORDER BY c
	Sort  (cost=4076.43..4079.03 rows=1040 width=121)
	  Sort Key: c
	  ->  Bitmap Heap Scan on sbtest6  (cost=31.09..4024.31 rows=1040 width=121)
	        Recheck Cond: ((id >= 5566792) AND (id <= 5567791))
	        ->  Bitmap Index Scan on sbtest6_pkey  (cost=0.00..30.83 rows=1040 width=0)
	              Index Cond: ((id >= 5566792) AND (id <= 5567791))

table 7 : explain SELECT c FROM sbtest7 WHERE id BETWEEN 6751073 AND 6752072 ORDER BY c
	Sort  (cost=4032.37..4034.94 rows=1029 width=121)
	  Sort Key: c
	  ->  Bitmap Heap Scan on sbtest7  (cost=30.98..3980.88 rows=1029 width=121)
	        Recheck Cond: ((id >= 6751073) AND (id <= 6752072))
	        ->  Bitmap Index Scan on sbtest7_pkey  (cost=0.00..30.72 rows=1029 width=0)
	              Index Cond: ((id >= 6751073) AND (id <= 6752072))

table 8 : explain SELECT c FROM sbtest8 WHERE id BETWEEN 9282324 AND 9283323 ORDER BY c
	Sort  (cost=3908.54..3911.03 rows=996 width=121)
	  Sort Key: c
	  ->  Bitmap Heap Scan on sbtest8  (cost=30.64..3858.94 rows=996 width=121)
	        Recheck Cond: ((id >= 9282324) AND (id <= 9283323))
	        ->  Bitmap Index Scan on sbtest8_pkey  (cost=0.00..30.39 rows=996 width=0)
	              Index Cond: ((id >= 9282324) AND (id <= 9283323))

for: sum_ranges
table 1 : explain SELECT SUM(k) FROM sbtest1 WHERE id BETWEEN 9306207 AND 9307206
	Aggregate  (cost=3930.69..3930.70 rows=1 width=8)
	  ->  Bitmap Heap Scan on sbtest1  (cost=30.83..3928.16 rows=1014 width=4)
	        Recheck Cond: ((id >= 9306207) AND (id <= 9307206))
	        ->  Bitmap Index Scan on sbtest1_pkey  (cost=0.00..30.57 rows=1014 width=0)
	              Index Cond: ((id >= 9306207) AND (id <= 9307206))

table 2 : explain SELECT SUM(k) FROM sbtest2 WHERE id BETWEEN 8193425 AND 8194424
	Aggregate  (cost=3672.22..3672.23 rows=1 width=8)
	  ->  Bitmap Heap Scan on sbtest2  (cost=30.13..3669.85 rows=946 width=4)
	        Recheck Cond: ((id >= 8193425) AND (id <= 8194424))
	        ->  Bitmap Index Scan on sbtest2_pkey  (cost=0.00..29.89 rows=946 width=0)
	              Index Cond: ((id >= 8193425) AND (id <= 8194424))

table 3 : explain SELECT SUM(k) FROM sbtest3 WHERE id BETWEEN 5277437 AND 5278436
	Aggregate  (cost=4048.06..4048.07 rows=1 width=8)
	  ->  Bitmap Heap Scan on sbtest3  (cost=31.16..4045.45 rows=1046 width=4)
	        Recheck Cond: ((id >= 5277437) AND (id <= 5278436))
	        ->  Bitmap Index Scan on sbtest3_pkey  (cost=0.00..30.89 rows=1046 width=0)
	              Index Cond: ((id >= 5277437) AND (id <= 5278436))

table 4 : explain SELECT SUM(k) FROM sbtest4 WHERE id BETWEEN 131281 AND 132280
	Aggregate  (cost=4083.69..4083.70 rows=1 width=8)
	  ->  Bitmap Heap Scan on sbtest4  (cost=31.25..4081.06 rows=1055 width=4)
	        Recheck Cond: ((id >= 131281) AND (id <= 132280))
	        ->  Bitmap Index Scan on sbtest4_pkey  (cost=0.00..30.98 rows=1055 width=0)
	              Index Cond: ((id >= 131281) AND (id <= 132280))

table 5 : explain SELECT SUM(k) FROM sbtest5 WHERE id BETWEEN 856542 AND 857541
	Aggregate  (cost=3710.26..3710.27 rows=1 width=8)
	  ->  Bitmap Heap Scan on sbtest5  (cost=30.23..3707.87 rows=956 width=4)
	        Recheck Cond: ((id >= 856542) AND (id <= 857541))
	        ->  Bitmap Index Scan on sbtest5_pkey  (cost=0.00..30.00 rows=956 width=0)
	              Index Cond: ((id >= 856542) AND (id <= 857541))

table 6 : explain SELECT SUM(k) FROM sbtest6 WHERE id BETWEEN 8137976 AND 8138975
	Aggregate  (cost=3959.03..3959.04 rows=1 width=8)
	  ->  Bitmap Heap Scan on sbtest6  (cost=30.91..3956.48 rows=1022 width=4)
	        Recheck Cond: ((id >= 8137976) AND (id <= 8138975))
	        ->  Bitmap Index Scan on sbtest6_pkey  (cost=0.00..30.65 rows=1022 width=0)
	              Index Cond: ((id >= 8137976) AND (id <= 8138975))

table 7 : explain SELECT SUM(k) FROM sbtest7 WHERE id BETWEEN 9171019 AND 9172018
	Aggregate  (cost=3753.33..3753.34 rows=1 width=8)
	  ->  Bitmap Heap Scan on sbtest7  (cost=30.36..3750.91 rows=968 width=4)
	        Recheck Cond: ((id >= 9171019) AND (id <= 9172018))
	        ->  Bitmap Index Scan on sbtest7_pkey  (cost=0.00..30.11 rows=968 width=0)
	              Index Cond: ((id >= 9171019) AND (id <= 9172018))

table 8 : explain SELECT SUM(k) FROM sbtest8 WHERE id BETWEEN 3815225 AND 3816224
	Aggregate  (cost=3800.99..3801.00 rows=1 width=8)
	  ->  Bitmap Heap Scan on sbtest8  (cost=30.48..3798.54 rows=980 width=4)
	        Recheck Cond: ((id >= 3815225) AND (id <= 3816224))
	        ->  Bitmap Index Scan on sbtest8_pkey  (cost=0.00..30.23 rows=980 width=0)
	              Index Cond: ((id >= 3815225) AND (id <= 3816224))

for: order_ranges
table 1 : explain SELECT c FROM sbtest1 WHERE id BETWEEN 9142076 AND 9143075 ORDER BY c
	Sort  (cost=4212.43..4215.11 rows=1074 width=121)
	  Sort Key: c
	  ->  Bitmap Heap Scan on sbtest1  (cost=35.44..4158.36 rows=1074 width=121)
	        Recheck Cond: ((id >= 9142076) AND (id <= 9143075))
	        ->  Bitmap Index Scan on sbtest1_pkey  (cost=0.00..35.18 rows=1074 width=0)
	              Index Cond: ((id >= 9142076) AND (id <= 9143075))

table 2 : explain SELECT c FROM sbtest2 WHERE id BETWEEN 5388305 AND 5389304 ORDER BY c
	Sort  (cost=4011.68..4014.24 rows=1023 width=121)
	  Sort Key: c
	  ->  Bitmap Heap Scan on sbtest2  (cost=30.92..3960.54 rows=1023 width=121)
	        Recheck Cond: ((id >= 5388305) AND (id <= 5389304))
	        ->  Bitmap Index Scan on sbtest2_pkey  (cost=0.00..30.66 rows=1023 width=0)
	              Index Cond: ((id >= 5388305) AND (id <= 5389304))

table 3 : explain SELECT c FROM sbtest3 WHERE id BETWEEN 5994956 AND 5995955 ORDER BY c
	Sort  (cost=4097.91..4100.53 rows=1046 width=121)
	  Sort Key: c
	  ->  Bitmap Heap Scan on sbtest3  (cost=31.16..4045.45 rows=1046 width=121)
	        Recheck Cond: ((id >= 5994956) AND (id <= 5995955))
	        ->  Bitmap Index Scan on sbtest3_pkey  (cost=0.00..30.89 rows=1046 width=0)
	              Index Cond: ((id >= 5994956) AND (id <= 5995955))

table 4 : explain SELECT c FROM sbtest4 WHERE id BETWEEN 295203 AND 296202 ORDER BY c
	Sort  (cost=3762.59..3764.98 rows=958 width=121)
	  Sort Key: c
	  ->  Bitmap Heap Scan on sbtest4  (cost=30.25..3715.15 rows=958 width=121)
	        Recheck Cond: ((id >= 295203) AND (id <= 296202))
	        ->  Bitmap Index Scan on sbtest4_pkey  (cost=0.00..30.01 rows=958 width=0)
	              Index Cond: ((id >= 295203) AND (id <= 296202))

table 5 : explain SELECT c FROM sbtest5 WHERE id BETWEEN 3034125 AND 3035124 ORDER BY c
	Sort  (cost=3574.78..3577.05 rows=909 width=121)
	  Sort Key: c
	  ->  Bitmap Heap Scan on sbtest5  (cost=29.75..3530.11 rows=909 width=121)
	        Recheck Cond: ((id >= 3034125) AND (id <= 3035124))
	        ->  Bitmap Index Scan on sbtest5_pkey  (cost=0.00..29.52 rows=909 width=0)
	              Index Cond: ((id >= 3034125) AND (id <= 3035124))

table 6 : explain SELECT c FROM sbtest6 WHERE id BETWEEN 845126 AND 846125 ORDER BY c
	Sort  (cost=3999.91..4002.46 rows=1020 width=121)
	  Sort Key: c
	  ->  Bitmap Heap Scan on sbtest6  (cost=30.89..3948.94 rows=1020 width=121)
	        Recheck Cond: ((id >= 845126) AND (id <= 846125))
	        ->  Bitmap Index Scan on sbtest6_pkey  (cost=0.00..30.64 rows=1020 width=0)
	              Index Cond: ((id >= 845126) AND (id <= 846125))

table 7 : explain SELECT c FROM sbtest7 WHERE id BETWEEN 8937519 AND 8938518 ORDER BY c
	Sort  (cost=4089.88..4092.49 rows=1043 width=121)
	  Sort Key: c
	  ->  Bitmap Heap Scan on sbtest7  (cost=35.13..4037.60 rows=1043 width=121)
	        Recheck Cond: ((id >= 8937519) AND (id <= 8938518))
	        ->  Bitmap Index Scan on sbtest7_pkey  (cost=0.00..34.87 rows=1043 width=0)
	              Index Cond: ((id >= 8937519) AND (id <= 8938518))

table 8 : explain SELECT c FROM sbtest8 WHERE id BETWEEN 1921904 AND 1922903 ORDER BY c
	Sort  (cost=3877.89..3880.36 rows=988 width=121)
	  Sort Key: c
	  ->  Bitmap Heap Scan on sbtest8  (cost=30.56..3828.74 rows=988 width=121)
	        Recheck Cond: ((id >= 1921904) AND (id <= 1922903))
	        ->  Bitmap Index Scan on sbtest8_pkey  (cost=0.00..30.32 rows=988 width=0)
	              Index Cond: ((id >= 1921904) AND (id <= 1922903))

for: distinct_ranges
table 1 : explain SELECT DISTINCT c FROM sbtest1 WHERE id BETWEEN 2600608 AND 2601607 ORDER BY c
	Unique  (cost=4017.09..4022.21 rows=1024 width=121)
	  ->  Sort  (cost=4017.09..4019.65 rows=1024 width=121)
	        Sort Key: c
	        ->  Bitmap Heap Scan on sbtest1  (cost=30.93..3965.89 rows=1024 width=121)
	              Recheck Cond: ((id >= 2600608) AND (id <= 2601607))
	              ->  Bitmap Index Scan on sbtest1_pkey  (cost=0.00..30.68 rows=1024 width=0)
	                    Index Cond: ((id >= 2600608) AND (id <= 2601607))

table 2 : explain SELECT DISTINCT c FROM sbtest2 WHERE id BETWEEN 5412441 AND 5413440 ORDER BY c
	Unique  (cost=4011.68..4016.79 rows=1023 width=121)
	  ->  Sort  (cost=4011.68..4014.24 rows=1023 width=121)
	        Sort Key: c
	        ->  Bitmap Heap Scan on sbtest2  (cost=30.92..3960.54 rows=1023 width=121)
	              Recheck Cond: ((id >= 5412441) AND (id <= 5413440))
	              ->  Bitmap Index Scan on sbtest2_pkey  (cost=0.00..30.66 rows=1023 width=0)
	                    Index Cond: ((id >= 5412441) AND (id <= 5413440))

table 3 : explain SELECT DISTINCT c FROM sbtest3 WHERE id BETWEEN 8516316 AND 8517315 ORDER BY c
	Unique  (cost=4216.34..4221.73 rows=1077 width=121)
	  ->  Sort  (cost=4216.34..4219.04 rows=1077 width=121)
	        Sort Key: c
	        ->  Bitmap Heap Scan on sbtest3  (cost=31.47..4162.10 rows=1077 width=121)
	              Recheck Cond: ((id >= 8516316) AND (id <= 8517315))
	              ->  Bitmap Index Scan on sbtest3_pkey  (cost=0.00..31.20 rows=1077 width=0)
	                    Index Cond: ((id >= 8516316) AND (id <= 8517315))

table 4 : explain SELECT DISTINCT c FROM sbtest4 WHERE id BETWEEN 888869 AND 889868 ORDER BY c
	Unique  (cost=3862.26..3867.18 rows=984 width=121)
	  ->  Sort  (cost=3862.26..3864.72 rows=984 width=121)
	        Sort Key: c
	        ->  Bitmap Heap Scan on sbtest4  (cost=30.52..3813.34 rows=984 width=121)
	              Recheck Cond: ((id >= 888869) AND (id <= 889868))
	              ->  Bitmap Index Scan on sbtest4_pkey  (cost=0.00..30.27 rows=984 width=0)
	                    Index Cond: ((id >= 888869) AND (id <= 889868))

table 5 : explain SELECT DISTINCT c FROM sbtest5 WHERE id BETWEEN 9628719 AND 9629718 ORDER BY c
	Unique  (cost=3988.96..3994.04 rows=1017 width=121)
	  ->  Sort  (cost=3988.96..3991.50 rows=1017 width=121)
	        Sort Key: c
	        ->  Bitmap Heap Scan on sbtest5  (cost=30.86..3938.16 rows=1017 width=121)
	              Recheck Cond: ((id >= 9628719) AND (id <= 9629718))
	              ->  Bitmap Index Scan on sbtest5_pkey  (cost=0.00..30.61 rows=1017 width=0)
	                    Index Cond: ((id >= 9628719) AND (id <= 9629718))

table 6 : explain SELECT DISTINCT c FROM sbtest6 WHERE id BETWEEN 8873254 AND 8874253 ORDER BY c
	Unique  (cost=4263.90..4269.34 rows=1088 width=121)
	  ->  Sort  (cost=4263.90..4266.62 rows=1088 width=121)
	        Sort Key: c
	        ->  Bitmap Heap Scan on sbtest6  (cost=35.59..4209.02 rows=1088 width=121)
	              Recheck Cond: ((id >= 8873254) AND (id <= 8874253))
	              ->  Bitmap Index Scan on sbtest6_pkey  (cost=0.00..35.32 rows=1088 width=0)
	                    Index Cond: ((id >= 8873254) AND (id <= 8874253))

table 7 : explain SELECT DISTINCT c FROM sbtest7 WHERE id BETWEEN 5631817 AND 5632816 ORDER BY c
	Unique  (cost=3994.13..3999.22 rows=1019 width=121)
	  ->  Sort  (cost=3994.13..3996.67 rows=1019 width=121)
	        Sort Key: c
	        ->  Bitmap Heap Scan on sbtest7  (cost=30.88..3943.21 rows=1019 width=121)
	              Recheck Cond: ((id >= 5631817) AND (id <= 5632816))
	              ->  Bitmap Index Scan on sbtest7_pkey  (cost=0.00..30.62 rows=1019 width=0)
	                    Index Cond: ((id >= 5631817) AND (id <= 5632816))

table 8 : explain SELECT DISTINCT c FROM sbtest8 WHERE id BETWEEN 8446948 AND 8447947 ORDER BY c
	Unique  (cost=3816.56..3821.42 rows=972 width=121)
	  ->  Sort  (cost=3816.56..3818.99 rows=972 width=121)
	        Sort Key: c
	        ->  Bitmap Heap Scan on sbtest8  (cost=30.40..3768.32 rows=972 width=121)
	              Recheck Cond: ((id >= 8446948) AND (id <= 8447947))
	              ->  Bitmap Index Scan on sbtest8_pkey  (cost=0.00..30.15 rows=972 width=0)
	                    Index Cond: ((id >= 8446948) AND (id <= 8447947))

for: distinct_ranges
table 1 : explain SELECT DISTINCT c FROM sbtest1 WHERE id BETWEEN 6249122 AND 6250121 ORDER BY c
	Unique  (cost=3614.32..3618.91 rows=919 width=121)
	  ->  Sort  (cost=3614.32..3616.62 rows=919 width=121)
	        Sort Key: c
	        ->  Bitmap Heap Scan on sbtest1  (cost=29.85..3569.09 rows=919 width=121)
	              Recheck Cond: ((id >= 6249122) AND (id <= 6250121))
	              ->  Bitmap Index Scan on sbtest1_pkey  (cost=0.00..29.62 rows=919 width=0)
	                    Index Cond: ((id >= 6249122) AND (id <= 6250121))

table 2 : explain SELECT DISTINCT c FROM sbtest2 WHERE id BETWEEN 5931775 AND 5932774 ORDER BY c
	Unique  (cost=3843.15..3848.05 rows=979 width=121)
	  ->  Sort  (cost=3843.15..3845.60 rows=979 width=121)
	        Sort Key: c
	        ->  Bitmap Heap Scan on sbtest2  (cost=30.47..3794.52 rows=979 width=121)
	              Recheck Cond: ((id >= 5931775) AND (id <= 5932774))
	              ->  Bitmap Index Scan on sbtest2_pkey  (cost=0.00..30.22 rows=979 width=0)
	                    Index Cond: ((id >= 5931775) AND (id <= 5932774))

table 3 : explain SELECT DISTINCT c FROM sbtest3 WHERE id BETWEEN 6989258 AND 6990257 ORDER BY c
	Unique  (cost=3692.08..3696.78 rows=940 width=121)
	  ->  Sort  (cost=3692.08..3694.43 rows=940 width=121)
	        Sort Key: c
	        ->  Bitmap Heap Scan on sbtest3  (cost=30.07..3645.66 rows=940 width=121)
	              Recheck Cond: ((id >= 6989258) AND (id <= 6990257))
	              ->  Bitmap Index Scan on sbtest3_pkey  (cost=0.00..29.83 rows=940 width=0)
	                    Index Cond: ((id >= 6989258) AND (id <= 6990257))

table 4 : explain SELECT DISTINCT c FROM sbtest4 WHERE id BETWEEN 7070030 AND 7071029 ORDER BY c
	Unique  (cost=3678.18..3682.86 rows=936 width=121)
	  ->  Sort  (cost=3678.18..3680.52 rows=936 width=121)
	        Sort Key: c
	        ->  Bitmap Heap Scan on sbtest4  (cost=30.03..3631.99 rows=936 width=121)
	              Recheck Cond: ((id >= 7070030) AND (id <= 7071029))
	              ->  Bitmap Index Scan on sbtest4_pkey  (cost=0.00..29.79 rows=936 width=0)
	                    Index Cond: ((id >= 7070030) AND (id <= 7071029))

table 5 : explain SELECT DISTINCT c FROM sbtest5 WHERE id BETWEEN 6494403 AND 6495402 ORDER BY c
	Unique  (cost=3570.93..3575.47 rows=908 width=121)
	  ->  Sort  (cost=3570.93..3573.20 rows=908 width=121)
	        Sort Key: c
	        ->  Bitmap Heap Scan on sbtest5  (cost=29.74..3526.32 rows=908 width=121)
	              Recheck Cond: ((id >= 6494403) AND (id <= 6495402))
	              ->  Bitmap Index Scan on sbtest5_pkey  (cost=0.00..29.51 rows=908 width=0)
	                    Index Cond: ((id >= 6494403) AND (id <= 6495402))

table 6 : explain SELECT DISTINCT c FROM sbtest6 WHERE id BETWEEN 2507722 AND 2508721 ORDER BY c
	Unique  (cost=4118.50..4123.75 rows=1051 width=121)
	  ->  Sort  (cost=4118.50..4121.13 rows=1051 width=121)
	        Sort Key: c
	        ->  Bitmap Heap Scan on sbtest6  (cost=31.21..4065.75 rows=1051 width=121)
	              Recheck Cond: ((id >= 2507722) AND (id <= 2508721))
	              ->  Bitmap Index Scan on sbtest6_pkey  (cost=0.00..30.94 rows=1051 width=0)
	                    Index Cond: ((id >= 2507722) AND (id <= 2508721))

table 7 : explain SELECT DISTINCT c FROM sbtest7 WHERE id BETWEEN 8502364 AND 8503363 ORDER BY c
	Unique  (cost=3932.92..3937.93 rows=1003 width=121)
	  ->  Sort  (cost=3932.92..3935.42 rows=1003 width=121)
	        Sort Key: c
	        ->  Bitmap Heap Scan on sbtest7  (cost=30.72..3882.92 rows=1003 width=121)
	              Recheck Cond: ((id >= 8502364) AND (id <= 8503363))
	              ->  Bitmap Index Scan on sbtest7_pkey  (cost=0.00..30.46 rows=1003 width=0)
	                    Index Cond: ((id >= 8502364) AND (id <= 8503363))

table 8 : explain SELECT DISTINCT c FROM sbtest8 WHERE id BETWEEN 6245506 AND 6246505 ORDER BY c
	Unique  (cost=3835.73..3840.61 rows=977 width=121)
	  ->  Sort  (cost=3835.73..3838.17 rows=977 width=121)
	        Sort Key: c
	        ->  Bitmap Heap Scan on sbtest8  (cost=30.45..3787.21 rows=977 width=121)
	              Recheck Cond: ((id >= 6245506) AND (id <= 6246505))
	              ->  Bitmap Index Scan on sbtest8_pkey  (cost=0.00..30.20 rows=977 width=0)
	                    Index Cond: ((id >= 6245506) AND (id <= 6246505))

for: order_ranges
table 1 : explain SELECT c FROM sbtest1 WHERE id BETWEEN 4369313 AND 4370312 ORDER BY c
	Sort  (cost=3928.97..3931.48 rows=1001 width=121)
	  Sort Key: c
	  ->  Bitmap Heap Scan on sbtest1  (cost=30.70..3879.09 rows=1001 width=121)
	        Recheck Cond: ((id >= 4369313) AND (id <= 4370312))
	        ->  Bitmap Index Scan on sbtest1_pkey  (cost=0.00..30.44 rows=1001 width=0)
	              Index Cond: ((id >= 4369313) AND (id <= 4370312))

table 2 : explain SELECT c FROM sbtest2 WHERE id BETWEEN 7296190 AND 7297189 ORDER BY c
	Sort  (cost=3923.62..3926.12 rows=1000 width=121)
	  Sort Key: c
	  ->  Bitmap Heap Scan on sbtest2  (cost=30.68..3873.79 rows=1000 width=121)
	        Recheck Cond: ((id >= 7296190) AND (id <= 7297189))
	        ->  Bitmap Index Scan on sbtest2_pkey  (cost=0.00..30.43 rows=1000 width=0)
	              Index Cond: ((id >= 7296190) AND (id <= 7297189))

table 3 : explain SELECT c FROM sbtest3 WHERE id BETWEEN 5913351 AND 5914350 ORDER BY c
	Sort  (cost=4139.95..4142.59 rows=1057 width=121)
	  Sort Key: c
	  ->  Bitmap Heap Scan on sbtest3  (cost=31.27..4086.86 rows=1057 width=121)
	        Recheck Cond: ((id >= 5913351) AND (id <= 5914350))
	        ->  Bitmap Index Scan on sbtest3_pkey  (cost=0.00..31.00 rows=1057 width=0)
	              Index Cond: ((id >= 5913351) AND (id <= 5914350))

table 4 : explain SELECT c FROM sbtest4 WHERE id BETWEEN 3350457 AND 3351456 ORDER BY c
	Sort  (cost=3808.60..3811.02 rows=970 width=121)
	  Sort Key: c
	  ->  Bitmap Heap Scan on sbtest4  (cost=30.38..3760.48 rows=970 width=121)
	        Recheck Cond: ((id >= 3350457) AND (id <= 3351456))
	        ->  Bitmap Index Scan on sbtest4_pkey  (cost=0.00..30.14 rows=970 width=0)
	              Index Cond: ((id >= 3350457) AND (id <= 3351456))

table 5 : explain SELECT c FROM sbtest5 WHERE id BETWEEN 1823412 AND 1824411 ORDER BY c
	Sort  (cost=3985.13..3987.67 rows=1016 width=121)
	  Sort Key: c
	  ->  Bitmap Heap Scan on sbtest5  (cost=30.85..3934.39 rows=1016 width=121)
	        Recheck Cond: ((id >= 1823412) AND (id <= 1824411))
	        ->  Bitmap Index Scan on sbtest5_pkey  (cost=0.00..30.59 rows=1016 width=0)
	              Index Cond: ((id >= 1823412) AND (id <= 1824411))

table 6 : explain SELECT c FROM sbtest6 WHERE id BETWEEN 4039188 AND 4040187 ORDER BY c
	Sort  (cost=4064.96..4067.55 rows=1037 width=121)
	  Sort Key: c
	  ->  Bitmap Heap Scan on sbtest6  (cost=31.06..4013.01 rows=1037 width=121)
	        Recheck Cond: ((id >= 4039188) AND (id <= 4040187))
	        ->  Bitmap Index Scan on sbtest6_pkey  (cost=0.00..30.80 rows=1037 width=0)
	              Index Cond: ((id >= 4039188) AND (id <= 4040187))

table 7 : explain SELECT c FROM sbtest7 WHERE id BETWEEN 9156025 AND 9157024 ORDER BY c
	Sort  (cost=3798.91..3801.33 rows=968 width=121)
	  Sort Key: c
	  ->  Bitmap Heap Scan on sbtest7  (cost=30.36..3750.91 rows=968 width=121)
	        Recheck Cond: ((id >= 9156025) AND (id <= 9157024))
	        ->  Bitmap Index Scan on sbtest7_pkey  (cost=0.00..30.11 rows=968 width=0)
	              Index Cond: ((id >= 9156025) AND (id <= 9157024))

table 8 : explain SELECT c FROM sbtest8 WHERE id BETWEEN 7852778 AND 7853777 ORDER BY c
	Sort  (cost=3985.13..3987.67 rows=1016 width=121)
	  Sort Key: c
	  ->  Bitmap Heap Scan on sbtest8  (cost=30.85..3934.39 rows=1016 width=121)
	        Recheck Cond: ((id >= 7852778) AND (id <= 7853777))
	        ->  Bitmap Index Scan on sbtest8_pkey  (cost=0.00..30.59 rows=1016 width=0)
	              Index Cond: ((id >= 7852778) AND (id <= 7853777))

for: distinct_ranges
table 1 : explain SELECT DISTINCT c FROM sbtest1 WHERE id BETWEEN 867890 AND 868889 ORDER BY c
	Unique  (cost=3890.64..3895.60 rows=991 width=121)
	  ->  Sort  (cost=3890.64..3893.12 rows=991 width=121)
	        Sort Key: c
	        ->  Bitmap Heap Scan on sbtest1  (cost=30.59..3841.33 rows=991 width=121)
	              Recheck Cond: ((id >= 867890) AND (id <= 868889))
	              ->  Bitmap Index Scan on sbtest1_pkey  (cost=0.00..30.34 rows=991 width=0)
	                    Index Cond: ((id >= 867890) AND (id <= 868889))

table 2 : explain SELECT DISTINCT c FROM sbtest2 WHERE id BETWEEN 8429051 AND 8430050 ORDER BY c
	Unique  (cost=4023.16..4028.29 rows=1026 width=121)
	  ->  Sort  (cost=4023.16..4025.73 rows=1026 width=121)
	        Sort Key: c
	        ->  Bitmap Heap Scan on sbtest2  (cost=30.95..3971.85 rows=1026 width=121)
	              Recheck Cond: ((id >= 8429051) AND (id <= 8430050))
	              ->  Bitmap Index Scan on sbtest2_pkey  (cost=0.00..30.69 rows=1026 width=0)
	                    Index Cond: ((id >= 8429051) AND (id <= 8430050))

table 3 : explain SELECT DISTINCT c FROM sbtest3 WHERE id BETWEEN 951470 AND 952469 ORDER BY c
	Unique  (cost=3787.92..3792.74 rows=965 width=121)
	  ->  Sort  (cost=3787.92..3790.33 rows=965 width=121)
	        Sort Key: c
	        ->  Bitmap Heap Scan on sbtest3  (cost=30.33..3740.08 rows=965 width=121)
	              Recheck Cond: ((id >= 951470) AND (id <= 952469))
	              ->  Bitmap Index Scan on sbtest3_pkey  (cost=0.00..30.08 rows=965 width=0)
	                    Index Cond: ((id >= 951470) AND (id <= 952469))

table 4 : explain SELECT DISTINCT c FROM sbtest4 WHERE id BETWEEN 3572972 AND 3573971 ORDER BY c
	Unique  (cost=3728.07..3732.81 rows=949 width=121)
	  ->  Sort  (cost=3728.07..3730.44 rows=949 width=121)
	        Sort Key: c
	        ->  Bitmap Heap Scan on sbtest4  (cost=30.16..3681.14 rows=949 width=121)
	              Recheck Cond: ((id >= 3572972) AND (id <= 3573971))
	              ->  Bitmap Index Scan on sbtest4_pkey  (cost=0.00..29.93 rows=949 width=0)
	                    Index Cond: ((id >= 3572972) AND (id <= 3573971))

table 5 : explain SELECT DISTINCT c FROM sbtest5 WHERE id BETWEEN 4585566 AND 4586565 ORDER BY c
	Unique  (cost=4493.59..4499.33 rows=1149 width=121)
	  ->  Sort  (cost=4493.59..4496.46 rows=1149 width=121)
	        Sort Key: c
	        ->  Bitmap Heap Scan on sbtest5  (cost=36.21..4435.18 rows=1149 width=121)
	              Recheck Cond: ((id >= 4585566) AND (id <= 4586565))
	              ->  Bitmap Index Scan on sbtest5_pkey  (cost=0.00..35.93 rows=1149 width=0)
	                    Index Cond: ((id >= 4585566) AND (id <= 4586565))

table 6 : explain SELECT DISTINCT c FROM sbtest6 WHERE id BETWEEN 7293086 AND 7294085 ORDER BY c
	Unique  (cost=4015.22..4020.34 rows=1024 width=121)
	  ->  Sort  (cost=4015.22..4017.78 rows=1024 width=121)
	        Sort Key: c
	        ->  Bitmap Heap Scan on sbtest6  (cost=30.93..3964.02 rows=1024 width=121)
	              Recheck Cond: ((id >= 7293086) AND (id <= 7294085))
	              ->  Bitmap Index Scan on sbtest6_pkey  (cost=0.00..30.68 rows=1024 width=0)
	                    Index Cond: ((id >= 7293086) AND (id <= 7294085))

table 7 : explain SELECT DISTINCT c FROM sbtest7 WHERE id BETWEEN 8951537 AND 8952536 ORDER BY c
	Unique  (cost=4089.88..4095.10 rows=1043 width=121)
	  ->  Sort  (cost=4089.88..4092.49 rows=1043 width=121)
	        Sort Key: c
	        ->  Bitmap Heap Scan on sbtest7  (cost=35.13..4037.60 rows=1043 width=121)
	              Recheck Cond: ((id >= 8951537) AND (id <= 8952536))
	              ->  Bitmap Index Scan on sbtest7_pkey  (cost=0.00..34.87 rows=1043 width=0)
	                    Index Cond: ((id >= 8951537) AND (id <= 8952536))

table 8 : explain SELECT DISTINCT c FROM sbtest8 WHERE id BETWEEN 8600560 AND 8601559 ORDER BY c
	Unique  (cost=4004.28..4009.38 rows=1021 width=121)
	  ->  Sort  (cost=4004.28..4006.83 rows=1021 width=121)
	        Sort Key: c
	        ->  Bitmap Heap Scan on sbtest8  (cost=30.90..3953.25 rows=1021 width=121)
	              Recheck Cond: ((id >= 8600560) AND (id <= 8601559))
	              ->  Bitmap Index Scan on sbtest8_pkey  (cost=0.00..30.64 rows=1021 width=0)
	                    Index Cond: ((id >= 8600560) AND (id <= 8601559))

for: distinct_ranges
table 1 : explain SELECT DISTINCT c FROM sbtest1 WHERE id BETWEEN 4009156 AND 4010155 ORDER BY c
	Unique  (cost=3683.46..3688.14 rows=937 width=121)
	  ->  Sort  (cost=3683.46..3685.80 rows=937 width=121)
	        Sort Key: c
	        ->  Bitmap Heap Scan on sbtest1  (cost=30.04..3637.21 rows=937 width=121)
	              Recheck Cond: ((id >= 4009156) AND (id <= 4010155))
	              ->  Bitmap Index Scan on sbtest1_pkey  (cost=0.00..29.80 rows=937 width=0)
	                    Index Cond: ((id >= 4009156) AND (id <= 4010155))

table 2 : explain SELECT DISTINCT c FROM sbtest2 WHERE id BETWEEN 2454463 AND 2455462 ORDER BY c
	Unique  (cost=3858.48..3863.40 rows=983 width=121)
	  ->  Sort  (cost=3858.48..3860.94 rows=983 width=121)
	        Sort Key: c
	        ->  Bitmap Heap Scan on sbtest2  (cost=30.51..3809.62 rows=983 width=121)
	              Recheck Cond: ((id >= 2454463) AND (id <= 2455462))
	              ->  Bitmap Index Scan on sbtest2_pkey  (cost=0.00..30.26 rows=983 width=0)
	                    Index Cond: ((id >= 2454463) AND (id <= 2455462))

table 3 : explain SELECT DISTINCT c FROM sbtest3 WHERE id BETWEEN 800785 AND 801784 ORDER BY c
	Unique  (cost=3600.00..3604.58 rows=916 width=121)
	  ->  Sort  (cost=3600.00..3602.29 rows=916 width=121)
	        Sort Key: c
	        ->  Bitmap Heap Scan on sbtest3  (cost=29.82..3554.94 rows=916 width=121)
	              Recheck Cond: ((id >= 800785) AND (id <= 801784))
	              ->  Bitmap Index Scan on sbtest3_pkey  (cost=0.00..29.59 rows=916 width=0)
	                    Index Cond: ((id >= 800785) AND (id <= 801784))

table 4 : explain SELECT DISTINCT c FROM sbtest4 WHERE id BETWEEN 4813768 AND 4814767 ORDER BY c
	Unique  (cost=3635.96..3640.59 rows=925 width=121)
	  ->  Sort  (cost=3635.96..3638.27 rows=925 width=121)
	        Sort Key: c
	        ->  Bitmap Heap Scan on sbtest4  (cost=29.92..3590.39 rows=925 width=121)
	              Recheck Cond: ((id >= 4813768) AND (id <= 4814767))
	              ->  Bitmap Index Scan on sbtest4_pkey  (cost=0.00..29.68 rows=925 width=0)
	                    Index Cond: ((id >= 4813768) AND (id <= 4814767))

table 5 : explain SELECT DISTINCT c FROM sbtest5 WHERE id BETWEEN 3279298 AND 3280297 ORDER BY c
	Unique  (cost=4031.07..4036.21 rows=1028 width=121)
	  ->  Sort  (cost=4031.07..4033.64 rows=1028 width=121)
	        Sort Key: c
	        ->  Bitmap Heap Scan on sbtest5  (cost=30.97..3979.64 rows=1028 width=121)
	              Recheck Cond: ((id >= 3279298) AND (id <= 3280297))
	              ->  Bitmap Index Scan on sbtest5_pkey  (cost=0.00..30.71 rows=1028 width=0)
	                    Index Cond: ((id >= 3279298) AND (id <= 3280297))

table 6 : explain SELECT DISTINCT c FROM sbtest6 WHERE id BETWEEN 5313542 AND 5314541 ORDER BY c
	Unique  (cost=3770.05..3774.85 rows=960 width=121)
	  ->  Sort  (cost=3770.05..3772.45 rows=960 width=121)
	        Sort Key: c
	        ->  Bitmap Heap Scan on sbtest6  (cost=30.27..3722.50 rows=960 width=121)
	              Recheck Cond: ((id >= 5313542) AND (id <= 5314541))
	              ->  Bitmap Index Scan on sbtest6_pkey  (cost=0.00..30.04 rows=960 width=0)
	                    Index Cond: ((id >= 5313542) AND (id <= 5314541))

table 7 : explain SELECT DISTINCT c FROM sbtest7 WHERE id BETWEEN 7277187 AND 7278186 ORDER BY c
	Unique  (cost=4273.19..4278.65 rows=1091 width=121)
	  ->  Sort  (cost=4273.19..4275.92 rows=1091 width=121)
	        Sort Key: c
	        ->  Bitmap Heap Scan on sbtest7  (cost=35.62..4218.15 rows=1091 width=121)
	              Recheck Cond: ((id >= 7277187) AND (id <= 7278186))
	              ->  Bitmap Index Scan on sbtest7_pkey  (cost=0.00..35.34 rows=1091 width=0)
	                    Index Cond: ((id >= 7277187) AND (id <= 7278186))

table 8 : explain SELECT DISTINCT c FROM sbtest8 WHERE id BETWEEN 6127994 AND 6128993 ORDER BY c
	Unique  (cost=3988.96..3994.05 rows=1017 width=121)
	  ->  Sort  (cost=3988.96..3991.51 rows=1017 width=121)
	        Sort Key: c
	        ->  Bitmap Heap Scan on sbtest8  (cost=30.86..3938.16 rows=1017 width=121)
	              Recheck Cond: ((id >= 6127994) AND (id <= 6128993))
	              ->  Bitmap Index Scan on sbtest8_pkey  (cost=0.00..30.61 rows=1017 width=0)
	                    Index Cond: ((id >= 6127994) AND (id <= 6128993))

Threads started!

Warming up for 5 seconds...

SQL statistics:
    queries performed:
        read:                            88463184
        write:                           0
        other:                           16084244
        total:                           104547428
    transactions:                        8042141 (12765.14 per sec.)
    queries:                             104547428 (165946.23 per sec.)
    ignored errors:                      0      (0.00 per sec.)
    reconnects:                          0      (0.00 per sec.)

Throughput:
    events/s (eps):                      12765.1441
    time elapsed:                        630.0079s
    total number of events:              8042141

Latency (ms):
         min:                                    0.52
         avg:                                    3.13
         max:                                   27.30
         95th percentile:                        3.25
         sum:                             25191434.75

Threads fairness:
    events (avg/stddev):           201053.4500/412.42
    execution time (avg/stddev):   629.7859/0.00

