LUA_PATH=/home/mdcallag/git/mytools/bench/sysbench.lua/lua/?.lua /home/mdcallag/git/mytools/bench/sysbench.lua/lua/sysbench --db-driver=pgsql --range-size=100 --table-size=10000000 --tables=8 --threads=40 --events=0 --warmup-time=5 --time=630 --pgsql_conn_id=true /home/mdcallag/git/mytools/bench/sysbench.lua/lua/oltp_point_select.lua run --pgsql-user=root --pgsql-password=pw --pgsql-host=127.0.0.1 --pgsql-db=ib --rand-type=uniform --skip-trx
48 CPUs
sysbench 1.1.0-9072687 (using bundled LuaJIT 2.1.0-beta3)

Running the test with following options:
Number of threads: 40
Warmup time: 5s
Initializing random number generator from current time


Initializing worker threads...

explain: for point_selects :: explain SELECT c FROM sbtest%u WHERE id=%u
explain: for point_selects :: explain SELECT c FROM sbtest%u WHERE id=%u
explain: for point_selects :: explain SELECT c FROM sbtest%u WHERE id=%u
explain: for point_selects :: explain SELECT c FROM sbtest%u WHERE id=%u
explain: for point_selects :: explain SELECT c FROM sbtest%u WHERE id=%u
for point_selects
table 1 : explain SELECT c FROM sbtest1 WHERE id=1026442
	Index Scan using sbtest1_pkey on sbtest1  (cost=0.43..8.45 rows=1 width=121)
	  Index Cond: (id = 1026442)

table 2 : explain SELECT c FROM sbtest2 WHERE id=2491703
	Index Scan using sbtest2_pkey on sbtest2  (cost=0.43..8.45 rows=1 width=121)
	  Index Cond: (id = 2491703)

table 3 : explain SELECT c FROM sbtest3 WHERE id=5771961
	Index Scan using sbtest3_pkey on sbtest3  (cost=0.43..8.45 rows=1 width=121)
	  Index Cond: (id = 5771961)

table 4 : explain SELECT c FROM sbtest4 WHERE id=7198977
	Index Scan using sbtest4_pkey on sbtest4  (cost=0.43..8.45 rows=1 width=121)
	  Index Cond: (id = 7198977)

table 5 : explain SELECT c FROM sbtest5 WHERE id=1676933
	Index Scan using sbtest5_pkey on sbtest5  (cost=0.43..8.45 rows=1 width=121)
	  Index Cond: (id = 1676933)

table 6 : explain SELECT c FROM sbtest6 WHERE id=2078641
	Index Scan using sbtest6_pkey on sbtest6  (cost=0.43..8.45 rows=1 width=121)
	  Index Cond: (id = 2078641)

table 7 : explain SELECT c FROM sbtest7 WHERE id=6942424
	Index Scan using sbtest7_pkey on sbtest7  (cost=0.43..8.45 rows=1 width=121)
	  Index Cond: (id = 6942424)

table 8 : explain SELECT c FROM sbtest8 WHERE id=9676810
	Index Scan using sbtest8_pkey on sbtest8  (cost=0.43..8.45 rows=1 width=121)
	  Index Cond: (id = 9676810)

for point_selects
table 1 : explain SELECT c FROM sbtest1 WHERE id=4408596
	Index Scan using sbtest1_pkey on sbtest1  (cost=0.43..8.45 rows=1 width=121)
	  Index Cond: (id = 4408596)

table 2 : explain SELECT c FROM sbtest2 WHERE id=7482428
	Index Scan using sbtest2_pkey on sbtest2  (cost=0.43..8.45 rows=1 width=121)
	  Index Cond: (id = 7482428)

table 3 : explain SELECT c FROM sbtest3 WHERE id=2896914
	Index Scan using sbtest3_pkey on sbtest3  (cost=0.43..8.45 rows=1 width=121)
	  Index Cond: (id = 2896914)

table 4 : explain SELECT c FROM sbtest4 WHERE id=5166745
	Index Scan using sbtest4_pkey on sbtest4  (cost=0.43..8.45 rows=1 width=121)
	  Index Cond: (id = 5166745)

table 5 : explain SELECT c FROM sbtest5 WHERE id=2961936
	Index Scan using sbtest5_pkey on sbtest5  (cost=0.43..8.45 rows=1 width=121)
	  Index Cond: (id = 2961936)

table 6 : explain SELECT c FROM sbtest6 WHERE id=1847740
	Index Scan using sbtest6_pkey on sbtest6  (cost=0.43..8.45 rows=1 width=121)
	  Index Cond: (id = 1847740)

table 7 : explain SELECT c FROM sbtest7 WHERE id=7006575
	Index Scan using sbtest7_pkey on sbtest7  (cost=0.43..8.45 rows=1 width=121)
	  Index Cond: (id = 7006575)

table 8 : explain SELECT c FROM sbtest8 WHERE id=6451320
	Index Scan using sbtest8_pkey on sbtest8  (cost=0.43..8.45 rows=1 width=121)
	  Index Cond: (id = 6451320)

for point_selects
table 1 : explain SELECT c FROM sbtest1 WHERE id=6681519
	Index Scan using sbtest1_pkey on sbtest1  (cost=0.43..8.45 rows=1 width=121)
	  Index Cond: (id = 6681519)

table 2 : explain SELECT c FROM sbtest2 WHERE id=779343
	Index Scan using sbtest2_pkey on sbtest2  (cost=0.43..8.45 rows=1 width=121)
	  Index Cond: (id = 779343)

table 3 : explain SELECT c FROM sbtest3 WHERE id=4105804
	Index Scan using sbtest3_pkey on sbtest3  (cost=0.43..8.45 rows=1 width=121)
	  Index Cond: (id = 4105804)

table 4 : explain SELECT c FROM sbtest4 WHERE id=9016322
	Index Scan using sbtest4_pkey on sbtest4  (cost=0.43..8.45 rows=1 width=121)
	  Index Cond: (id = 9016322)

table 5 : explain SELECT c FROM sbtest5 WHERE id=5350623
	Index Scan using sbtest5_pkey on sbtest5  (cost=0.43..8.45 rows=1 width=121)
	  Index Cond: (id = 5350623)

table 6 : explain SELECT c FROM sbtest6 WHERE id=2860159
	Index Scan using sbtest6_pkey on sbtest6  (cost=0.43..8.45 rows=1 width=121)
	  Index Cond: (id = 2860159)

table 7 : explain SELECT c FROM sbtest7 WHERE id=110554
	Index Scan using sbtest7_pkey on sbtest7  (cost=0.43..8.45 rows=1 width=121)
	  Index Cond: (id = 110554)

table 8 : explain SELECT c FROM sbtest8 WHERE id=7658273
	Index Scan using sbtest8_pkey on sbtest8  (cost=0.43..8.45 rows=1 width=121)
	  Index Cond: (id = 7658273)

for point_selects
table 1 : explain SELECT c FROM sbtest1 WHERE id=9185469
	Index Scan using sbtest1_pkey on sbtest1  (cost=0.43..8.45 rows=1 width=121)
	  Index Cond: (id = 9185469)

table 2 : explain SELECT c FROM sbtest2 WHERE id=9810065
	Index Scan using sbtest2_pkey on sbtest2  (cost=0.43..8.45 rows=1 width=121)
	  Index Cond: (id = 9810065)

table 3 : explain SELECT c FROM sbtest3 WHERE id=5850497
	Index Scan using sbtest3_pkey on sbtest3  (cost=0.43..8.45 rows=1 width=121)
	  Index Cond: (id = 5850497)

table 4 : explain SELECT c FROM sbtest4 WHERE id=7815680
	Index Scan using sbtest4_pkey on sbtest4  (cost=0.43..8.45 rows=1 width=121)
	  Index Cond: (id = 7815680)

table 5 : explain SELECT c FROM sbtest5 WHERE id=7028883
	Index Scan using sbtest5_pkey on sbtest5  (cost=0.43..8.45 rows=1 width=121)
	  Index Cond: (id = 7028883)

table 6 : explain SELECT c FROM sbtest6 WHERE id=2741149
	Index Scan using sbtest6_pkey on sbtest6  (cost=0.43..8.45 rows=1 width=121)
	  Index Cond: (id = 2741149)

table 7 : explain SELECT c FROM sbtest7 WHERE id=728857
	Index Scan using sbtest7_pkey on sbtest7  (cost=0.43..8.45 rows=1 width=121)
	  Index Cond: (id = 728857)

table 8 : explain SELECT c FROM sbtest8 WHERE id=921628
	Index Scan using sbtest8_pkey on sbtest8  (cost=0.43..8.45 rows=1 width=121)
	  Index Cond: (id = 921628)

for point_selects
table 1 : explain SELECT c FROM sbtest1 WHERE id=9972618
	Index Scan using sbtest1_pkey on sbtest1  (cost=0.43..8.45 rows=1 width=121)
	  Index Cond: (id = 9972618)

table 2 : explain SELECT c FROM sbtest2 WHERE id=4499846
	Index Scan using sbtest2_pkey on sbtest2  (cost=0.43..8.45 rows=1 width=121)
	  Index Cond: (id = 4499846)

table 3 : explain SELECT c FROM sbtest3 WHERE id=3563321
	Index Scan using sbtest3_pkey on sbtest3  (cost=0.43..8.45 rows=1 width=121)
	  Index Cond: (id = 3563321)

table 4 : explain SELECT c FROM sbtest4 WHERE id=9788639
	Index Scan using sbtest4_pkey on sbtest4  (cost=0.43..8.45 rows=1 width=121)
	  Index Cond: (id = 9788639)

table 5 : explain SELECT c FROM sbtest5 WHERE id=3506638
	Index Scan using sbtest5_pkey on sbtest5  (cost=0.43..8.45 rows=1 width=121)
	  Index Cond: (id = 3506638)

table 6 : explain SELECT c FROM sbtest6 WHERE id=9135188
	Index Scan using sbtest6_pkey on sbtest6  (cost=0.43..8.45 rows=1 width=121)
	  Index Cond: (id = 9135188)

table 7 : explain SELECT c FROM sbtest7 WHERE id=8647898
	Index Scan using sbtest7_pkey on sbtest7  (cost=0.43..8.45 rows=1 width=121)
	  Index Cond: (id = 8647898)

table 8 : explain SELECT c FROM sbtest8 WHERE id=7236661
	Index Scan using sbtest8_pkey on sbtest8  (cost=0.43..8.45 rows=1 width=121)
	  Index Cond: (id = 7236661)

explain: for point_selects :: explain SELECT c FROM sbtest%u WHERE id=%u
explain: for point_selects :: explain SELECT c FROM sbtest%u WHERE id=%u
explain: for point_selects :: explain SELECT c FROM sbtest%u WHERE id=%u
explain: for point_selects :: explain SELECT c FROM sbtest%u WHERE id=%u
explain: for point_selects :: explain SELECT c FROM sbtest%u WHERE id=%u
explain: for point_selects :: explain SELECT c FROM sbtest%u WHERE id=%u
explain: for point_selects :: explain SELECT c FROM sbtest%u WHERE id=%u
for point_selects
table 1 : explain SELECT c FROM sbtest1 WHERE id=8077787
	Index Scan using sbtest1_pkey on sbtest1  (cost=0.43..8.45 rows=1 width=121)
	  Index Cond: (id = 8077787)

table 2 : explain SELECT c FROM sbtest2 WHERE id=4414594
	Index Scan using sbtest2_pkey on sbtest2  (cost=0.43..8.45 rows=1 width=121)
	  Index Cond: (id = 4414594)

table 3 : explain SELECT c FROM sbtest3 WHERE id=9175469
	Index Scan using sbtest3_pkey on sbtest3  (cost=0.43..8.45 rows=1 width=121)
	  Index Cond: (id = 9175469)

table 4 : explain SELECT c FROM sbtest4 WHERE id=3422120
	Index Scan using sbtest4_pkey on sbtest4  (cost=0.43..8.45 rows=1 width=121)
	  Index Cond: (id = 3422120)

table 5 : explain SELECT c FROM sbtest5 WHERE id=6057023
	Index Scan using sbtest5_pkey on sbtest5  (cost=0.43..8.45 rows=1 width=121)
	  Index Cond: (id = 6057023)

table 6 : explain SELECT c FROM sbtest6 WHERE id=4504833
	Index Scan using sbtest6_pkey on sbtest6  (cost=0.43..8.45 rows=1 width=121)
	  Index Cond: (id = 4504833)

table 7 : explain SELECT c FROM sbtest7 WHERE id=8657890
	Index Scan using sbtest7_pkey on sbtest7  (cost=0.43..8.45 rows=1 width=121)
	  Index Cond: (id = 8657890)

table 8 : explain SELECT c FROM sbtest8 WHERE id=7087891
	Index Scan using sbtest8_pkey on sbtest8  (cost=0.43..8.45 rows=1 width=121)
	  Index Cond: (id = 7087891)

explain: for point_selects :: explain SELECT c FROM sbtest%u WHERE id=%u
for point_selects
table 1 : explain SELECT c FROM sbtest1 WHERE id=901158
	Index Scan using sbtest1_pkey on sbtest1  (cost=0.43..8.45 rows=1 width=121)
	  Index Cond: (id = 901158)

table 2 : explain SELECT c FROM sbtest2 WHERE id=1834435
	Index Scan using sbtest2_pkey on sbtest2  (cost=0.43..8.45 rows=1 width=121)
	  Index Cond: (id = 1834435)

table 3 : explain SELECT c FROM sbtest3 WHERE id=9989537
	Index Scan using sbtest3_pkey on sbtest3  (cost=0.43..8.45 rows=1 width=121)
	  Index Cond: (id = 9989537)

table 4 : explain SELECT c FROM sbtest4 WHERE id=1243783
	Index Scan using sbtest4_pkey on sbtest4  (cost=0.43..8.45 rows=1 width=121)
	  Index Cond: (id = 1243783)

table 5 : explain SELECT c FROM sbtest5 WHERE id=5018213
	Index Scan using sbtest5_pkey on sbtest5  (cost=0.43..8.45 rows=1 width=121)
	  Index Cond: (id = 5018213)

table 6 : explain SELECT c FROM sbtest6 WHERE id=6150440
	Index Scan using sbtest6_pkey on sbtest6  (cost=0.43..8.45 rows=1 width=121)
	  Index Cond: (id = 6150440)

table 7 : explain SELECT c FROM sbtest7 WHERE id=499008
	Index Scan using sbtest7_pkey on sbtest7  (cost=0.43..8.45 rows=1 width=121)
	  Index Cond: (id = 499008)

table 8 : explain SELECT c FROM sbtest8 WHERE id=5626393
	Index Scan using sbtest8_pkey on sbtest8  (cost=0.43..8.45 rows=1 width=121)
	  Index Cond: (id = 5626393)

explain: for point_selects :: explain SELECT c FROM sbtest%u WHERE id=%u
explain: for point_selects :: explain SELECT c FROM sbtest%u WHERE id=%u
for point_selects
table 1 : explain SELECT c FROM sbtest1 WHERE id=6599433
	Index Scan using sbtest1_pkey on sbtest1  (cost=0.43..8.45 rows=1 width=121)
	  Index Cond: (id = 6599433)

table 2 : explain SELECT c FROM sbtest2 WHERE id=9102744
	Index Scan using sbtest2_pkey on sbtest2  (cost=0.43..8.45 rows=1 width=121)
	  Index Cond: (id = 9102744)

table 3 : explain SELECT c FROM sbtest3 WHERE id=8638087
	Index Scan using sbtest3_pkey on sbtest3  (cost=0.43..8.45 rows=1 width=121)
	  Index Cond: (id = 8638087)

table 4 : explain SELECT c FROM sbtest4 WHERE id=3602721
	Index Scan using sbtest4_pkey on sbtest4  (cost=0.43..8.45 rows=1 width=121)
	  Index Cond: (id = 3602721)

table 5 : explain SELECT c FROM sbtest5 WHERE id=7358736
	Index Scan using sbtest5_pkey on sbtest5  (cost=0.43..8.45 rows=1 width=121)
	  Index Cond: (id = 7358736)

table 6 : explain SELECT c FROM sbtest6 WHERE id=2393021
	Index Scan using sbtest6_pkey on sbtest6  (cost=0.43..8.45 rows=1 width=121)
	  Index Cond: (id = 2393021)

table 7 : explain SELECT c FROM sbtest7 WHERE id=4242438
	Index Scan using sbtest7_pkey on sbtest7  (cost=0.43..8.45 rows=1 width=121)
	  Index Cond: (id = 4242438)

table 8 : explain SELECT c FROM sbtest8 WHERE id=3400383
	Index Scan using sbtest8_pkey on sbtest8  (cost=0.43..8.45 rows=1 width=121)
	  Index Cond: (id = 3400383)

explain: for point_selects :: explain SELECT c FROM sbtest%u WHERE id=%u
for point_selects
table 1 : explain SELECT c FROM sbtest1 WHERE id=1068475
	Index Scan using sbtest1_pkey on sbtest1  (cost=0.43..8.45 rows=1 width=121)
	  Index Cond: (id = 1068475)

table 2 : explain SELECT c FROM sbtest2 WHERE id=110547
	Index Scan using sbtest2_pkey on sbtest2  (cost=0.43..8.45 rows=1 width=121)
	  Index Cond: (id = 110547)

table 3 : explain SELECT c FROM sbtest3 WHERE id=2619362
	Index Scan using sbtest3_pkey on sbtest3  (cost=0.43..8.45 rows=1 width=121)
	  Index Cond: (id = 2619362)

table 4 : explain SELECT c FROM sbtest4 WHERE id=6239549
	Index Scan using sbtest4_pkey on sbtest4  (cost=0.43..8.45 rows=1 width=121)
	  Index Cond: (id = 6239549)

table 5 : explain SELECT c FROM sbtest5 WHERE id=3996956
	Index Scan using sbtest5_pkey on sbtest5  (cost=0.43..8.45 rows=1 width=121)
	  Index Cond: (id = 3996956)

table 6 : explain SELECT c FROM sbtest6 WHERE id=4183265
	Index Scan using sbtest6_pkey on sbtest6  (cost=0.43..8.45 rows=1 width=121)
	  Index Cond: (id = 4183265)

table 7 : explain SELECT c FROM sbtest7 WHERE id=5787417
	Index Scan using sbtest7_pkey on sbtest7  (cost=0.43..8.45 rows=1 width=121)
	  Index Cond: (id = 5787417)

table 8 : explain SELECT c FROM sbtest8 WHERE id=8053835
	Index Scan using sbtest8_pkey on sbtest8  (cost=0.43..8.45 rows=1 width=121)
	  Index Cond: (id = 8053835)

explain: for point_selects :: explain SELECT c FROM sbtest%u WHERE id=%u
for point_selects
table 1 : explain SELECT c FROM sbtest1 WHERE id=5961087
	Index Scan using sbtest1_pkey on sbtest1  (cost=0.43..8.45 rows=1 width=121)
	  Index Cond: (id = 5961087)

table 2 : explain SELECT c FROM sbtest2 WHERE id=2165012
	Index Scan using sbtest2_pkey on sbtest2  (cost=0.43..8.45 rows=1 width=121)
	  Index Cond: (id = 2165012)

table 3 : explain SELECT c FROM sbtest3 WHERE id=3324410
	Index Scan using sbtest3_pkey on sbtest3  (cost=0.43..8.45 rows=1 width=121)
	  Index Cond: (id = 3324410)

table 4 : explain SELECT c FROM sbtest4 WHERE id=4538439
	Index Scan using sbtest4_pkey on sbtest4  (cost=0.43..8.45 rows=1 width=121)
	  Index Cond: (id = 4538439)

table 5 : explain SELECT c FROM sbtest5 WHERE id=2856845
	Index Scan using sbtest5_pkey on sbtest5  (cost=0.43..8.45 rows=1 width=121)
	  Index Cond: (id = 2856845)

table 6 : explain SELECT c FROM sbtest6 WHERE id=9383122
	Index Scan using sbtest6_pkey on sbtest6  (cost=0.43..8.45 rows=1 width=121)
	  Index Cond: (id = 9383122)

table 7 : explain SELECT c FROM sbtest7 WHERE id=6392616
	Index Scan using sbtest7_pkey on sbtest7  (cost=0.43..8.45 rows=1 width=121)
	  Index Cond: (id = 6392616)

table 8 : explain SELECT c FROM sbtest8 WHERE id=4176378
	Index Scan using sbtest8_pkey on sbtest8  (cost=0.43..8.45 rows=1 width=121)
	  Index Cond: (id = 4176378)

explain: for point_selects :: explain SELECT c FROM sbtest%u WHERE id=%u
explain: for point_selects :: explain SELECT c FROM sbtest%u WHERE id=%u
explain: for point_selects :: explain SELECT c FROM sbtest%u WHERE id=%u
for point_selects
table 1 : explain SELECT c FROM sbtest1 WHERE id=6748757
	Index Scan using sbtest1_pkey on sbtest1  (cost=0.43..8.45 rows=1 width=121)
	  Index Cond: (id = 6748757)

table 2 : explain SELECT c FROM sbtest2 WHERE id=1885146
	Index Scan using sbtest2_pkey on sbtest2  (cost=0.43..8.45 rows=1 width=121)
	  Index Cond: (id = 1885146)

table 3 : explain SELECT c FROM sbtest3 WHERE id=9028883
	Index Scan using sbtest3_pkey on sbtest3  (cost=0.43..8.45 rows=1 width=121)
	  Index Cond: (id = 9028883)

table 4 : explain SELECT c FROM sbtest4 WHERE id=7024313
	Index Scan using sbtest4_pkey on sbtest4  (cost=0.43..8.45 rows=1 width=121)
	  Index Cond: (id = 7024313)

table 5 : explain SELECT c FROM sbtest5 WHERE id=5100763
	Index Scan using sbtest5_pkey on sbtest5  (cost=0.43..8.45 rows=1 width=121)
	  Index Cond: (id = 5100763)

table 6 : explain SELECT c FROM sbtest6 WHERE id=5711998
	Index Scan using sbtest6_pkey on sbtest6  (cost=0.43..8.45 rows=1 width=121)
	  Index Cond: (id = 5711998)

table 7 : explain SELECT c FROM sbtest7 WHERE id=497038
	Index Scan using sbtest7_pkey on sbtest7  (cost=0.43..8.45 rows=1 width=121)
	  Index Cond: (id = 497038)

table 8 : explain SELECT c FROM sbtest8 WHERE id=3555688
	Index Scan using sbtest8_pkey on sbtest8  (cost=0.43..8.45 rows=1 width=121)
	  Index Cond: (id = 3555688)

for point_selects
table 1 : explain SELECT c FROM sbtest1 WHERE id=3107929
	Index Scan using sbtest1_pkey on sbtest1  (cost=0.43..8.45 rows=1 width=121)
	  Index Cond: (id = 3107929)

table 2 : explain SELECT c FROM sbtest2 WHERE id=1454416
	Index Scan using sbtest2_pkey on sbtest2  (cost=0.43..8.45 rows=1 width=121)
	  Index Cond: (id = 1454416)

table 3 : explain SELECT c FROM sbtest3 WHERE id=2470790
	Index Scan using sbtest3_pkey on sbtest3  (cost=0.43..8.45 rows=1 width=121)
	  Index Cond: (id = 2470790)

table 4 : explain SELECT c FROM sbtest4 WHERE id=7228544
	Index Scan using sbtest4_pkey on sbtest4  (cost=0.43..8.45 rows=1 width=121)
	  Index Cond: (id = 7228544)

table 5 : explain SELECT c FROM sbtest5 WHERE id=4359300
	Index Scan using sbtest5_pkey on sbtest5  (cost=0.43..8.45 rows=1 width=121)
	  Index Cond: (id = 4359300)

table 6 : explain SELECT c FROM sbtest6 WHERE id=6150263
	Index Scan using sbtest6_pkey on sbtest6  (cost=0.43..8.45 rows=1 width=121)
	  Index Cond: (id = 6150263)

table 7 : explain SELECT c FROM sbtest7 WHERE id=4673756
	Index Scan using sbtest7_pkey on sbtest7  (cost=0.43..8.45 rows=1 width=121)
	  Index Cond: (id = 4673756)

table 8 : explain SELECT c FROM sbtest8 WHERE id=7328586
	Index Scan using sbtest8_pkey on sbtest8  (cost=0.43..8.45 rows=1 width=121)
	  Index Cond: (id = 7328586)

for point_selects
table 1 : explain SELECT c FROM sbtest1 WHERE id=5794252
	Index Scan using sbtest1_pkey on sbtest1  (cost=0.43..8.45 rows=1 width=121)
	  Index Cond: (id = 5794252)

table 2 : explain SELECT c FROM sbtest2 WHERE id=9969171
	Index Scan using sbtest2_pkey on sbtest2  (cost=0.43..8.45 rows=1 width=121)
	  Index Cond: (id = 9969171)

table 3 : explain SELECT c FROM sbtest3 WHERE id=8719349
	Index Scan using sbtest3_pkey on sbtest3  (cost=0.43..8.45 rows=1 width=121)
	  Index Cond: (id = 8719349)

table 4 : explain SELECT c FROM sbtest4 WHERE id=5745811
	Index Scan using sbtest4_pkey on sbtest4  (cost=0.43..8.45 rows=1 width=121)
	  Index Cond: (id = 5745811)

table 5 : explain SELECT c FROM sbtest5 WHERE id=7906990
	Index Scan using sbtest5_pkey on sbtest5  (cost=0.43..8.45 rows=1 width=121)
	  Index Cond: (id = 7906990)

table 6 : explain SELECT c FROM sbtest6 WHERE id=2065565
	Index Scan using sbtest6_pkey on sbtest6  (cost=0.43..8.45 rows=1 width=121)
	  Index Cond: (id = 2065565)

table 7 : explain SELECT c FROM sbtest7 WHERE id=6152654
	Index Scan using sbtest7_pkey on sbtest7  (cost=0.43..8.45 rows=1 width=121)
	  Index Cond: (id = 6152654)

table 8 : explain SELECT c FROM sbtest8 WHERE id=9658033
	Index Scan using sbtest8_pkey on sbtest8  (cost=0.43..8.45 rows=1 width=121)
	  Index Cond: (id = 9658033)

explain: for point_selects :: explain SELECT c FROM sbtest%u WHERE id=%u
for point_selects
table 1 : explain SELECT c FROM sbtest1 WHERE id=1570119
	Index Scan using sbtest1_pkey on sbtest1  (cost=0.43..8.45 rows=1 width=121)
	  Index Cond: (id = 1570119)

table 2 : explain SELECT c FROM sbtest2 WHERE id=4112226
	Index Scan using sbtest2_pkey on sbtest2  (cost=0.43..8.45 rows=1 width=121)
	  Index Cond: (id = 4112226)

table 3 : explain SELECT c FROM sbtest3 WHERE id=9323156
	Index Scan using sbtest3_pkey on sbtest3  (cost=0.43..8.45 rows=1 width=121)
	  Index Cond: (id = 9323156)

table 4 : explain SELECT c FROM sbtest4 WHERE id=4441139
	Index Scan using sbtest4_pkey on sbtest4  (cost=0.43..8.45 rows=1 width=121)
	  Index Cond: (id = 4441139)

table 5 : explain SELECT c FROM sbtest5 WHERE id=6087992
	Index Scan using sbtest5_pkey on sbtest5  (cost=0.43..8.45 rows=1 width=121)
	  Index Cond: (id = 6087992)

table 6 : explain SELECT c FROM sbtest6 WHERE id=4759341
	Index Scan using sbtest6_pkey on sbtest6  (cost=0.43..8.45 rows=1 width=121)
	  Index Cond: (id = 4759341)

table 7 : explain SELECT c FROM sbtest7 WHERE id=7876410
	Index Scan using sbtest7_pkey on sbtest7  (cost=0.43..8.45 rows=1 width=121)
	  Index Cond: (id = 7876410)

table 8 : explain SELECT c FROM sbtest8 WHERE id=7632378
	Index Scan using sbtest8_pkey on sbtest8  (cost=0.43..8.45 rows=1 width=121)
	  Index Cond: (id = 7632378)

for point_selects
table 1 : explain SELECT c FROM sbtest1 WHERE id=5194096
	Index Scan using sbtest1_pkey on sbtest1  (cost=0.43..8.45 rows=1 width=121)
	  Index Cond: (id = 5194096)

table 2 : explain SELECT c FROM sbtest2 WHERE id=6964072
	Index Scan using sbtest2_pkey on sbtest2  (cost=0.43..8.45 rows=1 width=121)
	  Index Cond: (id = 6964072)

table 3 : explain SELECT c FROM sbtest3 WHERE id=4692243
	Index Scan using sbtest3_pkey on sbtest3  (cost=0.43..8.45 rows=1 width=121)
	  Index Cond: (id = 4692243)

table 4 : explain SELECT c FROM sbtest4 WHERE id=9417249
	Index Scan using sbtest4_pkey on sbtest4  (cost=0.43..8.45 rows=1 width=121)
	  Index Cond: (id = 9417249)

table 5 : explain SELECT c FROM sbtest5 WHERE id=4815823
	Index Scan using sbtest5_pkey on sbtest5  (cost=0.43..8.45 rows=1 width=121)
	  Index Cond: (id = 4815823)

table 6 : explain SELECT c FROM sbtest6 WHERE id=7302036
	Index Scan using sbtest6_pkey on sbtest6  (cost=0.43..8.45 rows=1 width=121)
	  Index Cond: (id = 7302036)

table 7 : explain SELECT c FROM sbtest7 WHERE id=8271237
	Index Scan using sbtest7_pkey on sbtest7  (cost=0.43..8.45 rows=1 width=121)
	  Index Cond: (id = 8271237)

table 8 : explain SELECT c FROM sbtest8 WHERE id=1560593
	Index Scan using sbtest8_pkey on sbtest8  (cost=0.43..8.45 rows=1 width=121)
	  Index Cond: (id = 1560593)

for point_selects
table 1 : explain SELECT c FROM sbtest1 WHERE id=6598145
	Index Scan using sbtest1_pkey on sbtest1  (cost=0.43..8.45 rows=1 width=121)
	  Index Cond: (id = 6598145)

table 2 : explain SELECT c FROM sbtest2 WHERE id=7191286
	Index Scan using sbtest2_pkey on sbtest2  (cost=0.43..8.45 rows=1 width=121)
	  Index Cond: (id = 7191286)

table 3 : explain SELECT c FROM sbtest3 WHERE id=9761172
	Index Scan using sbtest3_pkey on sbtest3  (cost=0.43..8.45 rows=1 width=121)
	  Index Cond: (id = 9761172)

table 4 : explain SELECT c FROM sbtest4 WHERE id=4820923
	Index Scan using sbtest4_pkey on sbtest4  (cost=0.43..8.45 rows=1 width=121)
	  Index Cond: (id = 4820923)

table 5 : explain SELECT c FROM sbtest5 WHERE id=7708236
	Index Scan using sbtest5_pkey on sbtest5  (cost=0.43..8.45 rows=1 width=121)
	  Index Cond: (id = 7708236)

table 6 : explain SELECT c FROM sbtest6 WHERE id=2992539
	Index Scan using sbtest6_pkey on sbtest6  (cost=0.43..8.45 rows=1 width=121)
	  Index Cond: (id = 2992539)

table 7 : explain SELECT c FROM sbtest7 WHERE id=1562294
	Index Scan using sbtest7_pkey on sbtest7  (cost=0.43..8.45 rows=1 width=121)
	  Index Cond: (id = 1562294)

table 8 : explain SELECT c FROM sbtest8 WHERE id=304780
	Index Scan using sbtest8_pkey on sbtest8  (cost=0.43..8.45 rows=1 width=121)
	  Index Cond: (id = 304780)

for point_selects
table 1 : explain SELECT c FROM sbtest1 WHERE id=3391011
	Index Scan using sbtest1_pkey on sbtest1  (cost=0.43..8.45 rows=1 width=121)
	  Index Cond: (id = 3391011)

table 2 : explain SELECT c FROM sbtest2 WHERE id=480965
	Index Scan using sbtest2_pkey on sbtest2  (cost=0.43..8.45 rows=1 width=121)
	  Index Cond: (id = 480965)

table 3 : explain SELECT c FROM sbtest3 WHERE id=2153245
	Index Scan using sbtest3_pkey on sbtest3  (cost=0.43..8.45 rows=1 width=121)
	  Index Cond: (id = 2153245)

table 4 : explain SELECT c FROM sbtest4 WHERE id=6756359
	Index Scan using sbtest4_pkey on sbtest4  (cost=0.43..8.45 rows=1 width=121)
	  Index Cond: (id = 6756359)

table 5 : explain SELECT c FROM sbtest5 WHERE id=7567220
	Index Scan using sbtest5_pkey on sbtest5  (cost=0.43..8.45 rows=1 width=121)
	  Index Cond: (id = 7567220)

table 6 : explain SELECT c FROM sbtest6 WHERE id=8455629
	Index Scan using sbtest6_pkey on sbtest6  (cost=0.43..8.45 rows=1 width=121)
	  Index Cond: (id = 8455629)

table 7 : explain SELECT c FROM sbtest7 WHERE id=4431687
	Index Scan using sbtest7_pkey on sbtest7  (cost=0.43..8.45 rows=1 width=121)
	  Index Cond: (id = 4431687)

table 8 : explain SELECT c FROM sbtest8 WHERE id=4161150
	Index Scan using sbtest8_pkey on sbtest8  (cost=0.43..8.45 rows=1 width=121)
	  Index Cond: (id = 4161150)

for point_selects
table 1 : explain SELECT c FROM sbtest1 WHERE id=3215335
	Index Scan using sbtest1_pkey on sbtest1  (cost=0.43..8.45 rows=1 width=121)
	  Index Cond: (id = 3215335)

table 2 : explain SELECT c FROM sbtest2 WHERE id=3509831
	Index Scan using sbtest2_pkey on sbtest2  (cost=0.43..8.45 rows=1 width=121)
	  Index Cond: (id = 3509831)

table 3 : explain SELECT c FROM sbtest3 WHERE id=3474463
	Index Scan using sbtest3_pkey on sbtest3  (cost=0.43..8.45 rows=1 width=121)
	  Index Cond: (id = 3474463)

table 4 : explain SELECT c FROM sbtest4 WHERE id=4546033
	Index Scan using sbtest4_pkey on sbtest4  (cost=0.43..8.45 rows=1 width=121)
	  Index Cond: (id = 4546033)

table 5 : explain SELECT c FROM sbtest5 WHERE id=7558968
	Index Scan using sbtest5_pkey on sbtest5  (cost=0.43..8.45 rows=1 width=121)
	  Index Cond: (id = 7558968)

table 6 : explain SELECT c FROM sbtest6 WHERE id=198688
	Index Scan using sbtest6_pkey on sbtest6  (cost=0.43..8.45 rows=1 width=121)
	  Index Cond: (id = 198688)

table 7 : explain SELECT c FROM sbtest7 WHERE id=1126132
	Index Scan using sbtest7_pkey on sbtest7  (cost=0.43..8.45 rows=1 width=121)
	  Index Cond: (id = 1126132)

table 8 : explain SELECT c FROM sbtest8 WHERE id=7121072
	Index Scan using sbtest8_pkey on sbtest8  (cost=0.43..8.45 rows=1 width=121)
	  Index Cond: (id = 7121072)

for point_selects
table 1 : explain SELECT c FROM sbtest1 WHERE id=4672142
	Index Scan using sbtest1_pkey on sbtest1  (cost=0.43..8.45 rows=1 width=121)
	  Index Cond: (id = 4672142)

table 2 : explain SELECT c FROM sbtest2 WHERE id=8020462
	Index Scan using sbtest2_pkey on sbtest2  (cost=0.43..8.45 rows=1 width=121)
	  Index Cond: (id = 8020462)

table 3 : explain SELECT c FROM sbtest3 WHERE id=3370410
	Index Scan using sbtest3_pkey on sbtest3  (cost=0.43..8.45 rows=1 width=121)
	  Index Cond: (id = 3370410)

table 4 : explain SELECT c FROM sbtest4 WHERE id=4425472
	Index Scan using sbtest4_pkey on sbtest4  (cost=0.43..8.45 rows=1 width=121)
	  Index Cond: (id = 4425472)

table 5 : explain SELECT c FROM sbtest5 WHERE id=3892533
	Index Scan using sbtest5_pkey on sbtest5  (cost=0.43..8.45 rows=1 width=121)
	  Index Cond: (id = 3892533)

table 6 : explain SELECT c FROM sbtest6 WHERE id=163334
	Index Scan using sbtest6_pkey on sbtest6  (cost=0.43..8.45 rows=1 width=121)
	  Index Cond: (id = 163334)

table 7 : explain SELECT c FROM sbtest7 WHERE id=3192787
	Index Scan using sbtest7_pkey on sbtest7  (cost=0.43..8.45 rows=1 width=121)
	  Index Cond: (id = 3192787)

table 8 : explain SELECT c FROM sbtest8 WHERE id=5645785
	Index Scan using sbtest8_pkey on sbtest8  (cost=0.43..8.45 rows=1 width=121)
	  Index Cond: (id = 5645785)

explain: for point_selects :: explain SELECT c FROM sbtest%u WHERE id=%u
for point_selects
table 1 : explain SELECT c FROM sbtest1 WHERE id=161847
	Index Scan using sbtest1_pkey on sbtest1  (cost=0.43..8.45 rows=1 width=121)
	  Index Cond: (id = 161847)

table 2 : explain SELECT c FROM sbtest2 WHERE id=2603997
	Index Scan using sbtest2_pkey on sbtest2  (cost=0.43..8.45 rows=1 width=121)
	  Index Cond: (id = 2603997)

table 3 : explain SELECT c FROM sbtest3 WHERE id=870306
	Index Scan using sbtest3_pkey on sbtest3  (cost=0.43..8.45 rows=1 width=121)
	  Index Cond: (id = 870306)

table 4 : explain SELECT c FROM sbtest4 WHERE id=3333359
	Index Scan using sbtest4_pkey on sbtest4  (cost=0.43..8.45 rows=1 width=121)
	  Index Cond: (id = 3333359)

table 5 : explain SELECT c FROM sbtest5 WHERE id=8230703
	Index Scan using sbtest5_pkey on sbtest5  (cost=0.43..8.45 rows=1 width=121)
	  Index Cond: (id = 8230703)

table 6 : explain SELECT c FROM sbtest6 WHERE id=7471236
	Index Scan using sbtest6_pkey on sbtest6  (cost=0.43..8.45 rows=1 width=121)
	  Index Cond: (id = 7471236)

table 7 : explain SELECT c FROM sbtest7 WHERE id=3340690
	Index Scan using sbtest7_pkey on sbtest7  (cost=0.43..8.45 rows=1 width=121)
	  Index Cond: (id = 3340690)

table 8 : explain SELECT c FROM sbtest8 WHERE id=7805248
	Index Scan using sbtest8_pkey on sbtest8  (cost=0.43..8.45 rows=1 width=121)
	  Index Cond: (id = 7805248)

explain: for point_selects :: explain SELECT c FROM sbtest%u WHERE id=%u
explain: for point_selects :: explain SELECT c FROM sbtest%u WHERE id=%u
explain: for point_selects :: explain SELECT c FROM sbtest%u WHERE id=%u
for point_selects
table 1 : explain SELECT c FROM sbtest1 WHERE id=3365258
	Index Scan using sbtest1_pkey on sbtest1  (cost=0.43..8.45 rows=1 width=121)
	  Index Cond: (id = 3365258)

table 2 : explain SELECT c FROM sbtest2 WHERE id=1595276
	Index Scan using sbtest2_pkey on sbtest2  (cost=0.43..8.45 rows=1 width=121)
	  Index Cond: (id = 1595276)

table 3 : explain SELECT c FROM sbtest3 WHERE id=7503482
	Index Scan using sbtest3_pkey on sbtest3  (cost=0.43..8.45 rows=1 width=121)
	  Index Cond: (id = 7503482)

table 4 : explain SELECT c FROM sbtest4 WHERE id=3541922
	Index Scan using sbtest4_pkey on sbtest4  (cost=0.43..8.45 rows=1 width=121)
	  Index Cond: (id = 3541922)

table 5 : explain SELECT c FROM sbtest5 WHERE id=1130698
	Index Scan using sbtest5_pkey on sbtest5  (cost=0.43..8.45 rows=1 width=121)
	  Index Cond: (id = 1130698)

table 6 : explain SELECT c FROM sbtest6 WHERE id=4393849
	Index Scan using sbtest6_pkey on sbtest6  (cost=0.43..8.45 rows=1 width=121)
	  Index Cond: (id = 4393849)

table 7 : explain SELECT c FROM sbtest7 WHERE id=579638
	Index Scan using sbtest7_pkey on sbtest7  (cost=0.43..8.45 rows=1 width=121)
	  Index Cond: (id = 579638)

table 8 : explain SELECT c FROM sbtest8 WHERE id=9231384
	Index Scan using sbtest8_pkey on sbtest8  (cost=0.43..8.45 rows=1 width=121)
	  Index Cond: (id = 9231384)

explain: for point_selects :: explain SELECT c FROM sbtest%u WHERE id=%u
for point_selects
table 1 : explain SELECT c FROM sbtest1 WHERE id=1999711
	Index Scan using sbtest1_pkey on sbtest1  (cost=0.43..8.45 rows=1 width=121)
	  Index Cond: (id = 1999711)

table 2 : explain SELECT c FROM sbtest2 WHERE id=3548137
	Index Scan using sbtest2_pkey on sbtest2  (cost=0.43..8.45 rows=1 width=121)
	  Index Cond: (id = 3548137)

table 3 : explain SELECT c FROM sbtest3 WHERE id=9555019
	Index Scan using sbtest3_pkey on sbtest3  (cost=0.43..8.45 rows=1 width=121)
	  Index Cond: (id = 9555019)

table 4 : explain SELECT c FROM sbtest4 WHERE id=6108677
	Index Scan using sbtest4_pkey on sbtest4  (cost=0.43..8.45 rows=1 width=121)
	  Index Cond: (id = 6108677)

table 5 : explain SELECT c FROM sbtest5 WHERE id=5817542
	Index Scan using sbtest5_pkey on sbtest5  (cost=0.43..8.45 rows=1 width=121)
	  Index Cond: (id = 5817542)

table 6 : explain SELECT c FROM sbtest6 WHERE id=9454370
	Index Scan using sbtest6_pkey on sbtest6  (cost=0.43..8.45 rows=1 width=121)
	  Index Cond: (id = 9454370)

table 7 : explain SELECT c FROM sbtest7 WHERE id=6270573
	Index Scan using sbtest7_pkey on sbtest7  (cost=0.43..8.45 rows=1 width=121)
	  Index Cond: (id = 6270573)

table 8 : explain SELECT c FROM sbtest8 WHERE id=2822953
	Index Scan using sbtest8_pkey on sbtest8  (cost=0.43..8.45 rows=1 width=121)
	  Index Cond: (id = 2822953)

explain: for point_selects :: explain SELECT c FROM sbtest%u WHERE id=%u
for point_selects
table 1 : explain SELECT c FROM sbtest1 WHERE id=212472
	Index Scan using sbtest1_pkey on sbtest1  (cost=0.43..8.45 rows=1 width=121)
	  Index Cond: (id = 212472)

table 2 : explain SELECT c FROM sbtest2 WHERE id=2153326
	Index Scan using sbtest2_pkey on sbtest2  (cost=0.43..8.45 rows=1 width=121)
	  Index Cond: (id = 2153326)

table 3 : explain SELECT c FROM sbtest3 WHERE id=324031
	Index Scan using sbtest3_pkey on sbtest3  (cost=0.43..8.45 rows=1 width=121)
	  Index Cond: (id = 324031)

table 4 : explain SELECT c FROM sbtest4 WHERE id=4949463
	Index Scan using sbtest4_pkey on sbtest4  (cost=0.43..8.45 rows=1 width=121)
	  Index Cond: (id = 4949463)

table 5 : explain SELECT c FROM sbtest5 WHERE id=6471536
	Index Scan using sbtest5_pkey on sbtest5  (cost=0.43..8.45 rows=1 width=121)
	  Index Cond: (id = 6471536)

table 6 : explain SELECT c FROM sbtest6 WHERE id=6060458
	Index Scan using sbtest6_pkey on sbtest6  (cost=0.43..8.45 rows=1 width=121)
	  Index Cond: (id = 6060458)

table 7 : explain SELECT c FROM sbtest7 WHERE id=7832145
	Index Scan using sbtest7_pkey on sbtest7  (cost=0.43..8.45 rows=1 width=121)
	  Index Cond: (id = 7832145)

table 8 : explain SELECT c FROM sbtest8 WHERE id=8571937
	Index Scan using sbtest8_pkey on sbtest8  (cost=0.43..8.45 rows=1 width=121)
	  Index Cond: (id = 8571937)

explain: for point_selects :: explain SELECT c FROM sbtest%u WHERE id=%u
for point_selects
table 1 : explain SELECT c FROM sbtest1 WHERE id=1383725
	Index Scan using sbtest1_pkey on sbtest1  (cost=0.43..8.45 rows=1 width=121)
	  Index Cond: (id = 1383725)

table 2 : explain SELECT c FROM sbtest2 WHERE id=9574265
	Index Scan using sbtest2_pkey on sbtest2  (cost=0.43..8.45 rows=1 width=121)
	  Index Cond: (id = 9574265)

table 3 : explain SELECT c FROM sbtest3 WHERE id=2236980
	Index Scan using sbtest3_pkey on sbtest3  (cost=0.43..8.45 rows=1 width=121)
	  Index Cond: (id = 2236980)

table 4 : explain SELECT c FROM sbtest4 WHERE id=4263223
	Index Scan using sbtest4_pkey on sbtest4  (cost=0.43..8.45 rows=1 width=121)
	  Index Cond: (id = 4263223)

table 5 : explain SELECT c FROM sbtest5 WHERE id=9564677
	Index Scan using sbtest5_pkey on sbtest5  (cost=0.43..8.45 rows=1 width=121)
	  Index Cond: (id = 9564677)

table 6 : explain SELECT c FROM sbtest6 WHERE id=9873439
	Index Scan using sbtest6_pkey on sbtest6  (cost=0.43..8.45 rows=1 width=121)
	  Index Cond: (id = 9873439)

table 7 : explain SELECT c FROM sbtest7 WHERE id=7352456
	Index Scan using sbtest7_pkey on sbtest7  (cost=0.43..8.45 rows=1 width=121)
	  Index Cond: (id = 7352456)

table 8 : explain SELECT c FROM sbtest8 WHERE id=1820687
	Index Scan using sbtest8_pkey on sbtest8  (cost=0.43..8.45 rows=1 width=121)
	  Index Cond: (id = 1820687)

explain: for point_selects :: explain SELECT c FROM sbtest%u WHERE id=%u
explain: for point_selects :: explain SELECT c FROM sbtest%u WHERE id=%u
for point_selects
table 1 : explain SELECT c FROM sbtest1 WHERE id=1638240
	Index Scan using sbtest1_pkey on sbtest1  (cost=0.43..8.45 rows=1 width=121)
	  Index Cond: (id = 1638240)

table 2 : explain SELECT c FROM sbtest2 WHERE id=9728159
	Index Scan using sbtest2_pkey on sbtest2  (cost=0.43..8.45 rows=1 width=121)
	  Index Cond: (id = 9728159)

table 3 : explain SELECT c FROM sbtest3 WHERE id=6922500
	Index Scan using sbtest3_pkey on sbtest3  (cost=0.43..8.45 rows=1 width=121)
	  Index Cond: (id = 6922500)

table 4 : explain SELECT c FROM sbtest4 WHERE id=8061059
	Index Scan using sbtest4_pkey on sbtest4  (cost=0.43..8.45 rows=1 width=121)
	  Index Cond: (id = 8061059)

table 5 : explain SELECT c FROM sbtest5 WHERE id=6198127
	Index Scan using sbtest5_pkey on sbtest5  (cost=0.43..8.45 rows=1 width=121)
	  Index Cond: (id = 6198127)

table 6 : explain SELECT c FROM sbtest6 WHERE id=4268420
	Index Scan using sbtest6_pkey on sbtest6  (cost=0.43..8.45 rows=1 width=121)
	  Index Cond: (id = 4268420)

table 7 : explain SELECT c FROM sbtest7 WHERE id=1783662
	Index Scan using sbtest7_pkey on sbtest7  (cost=0.43..8.45 rows=1 width=121)
	  Index Cond: (id = 1783662)

table 8 : explain SELECT c FROM sbtest8 WHERE id=1082797
	Index Scan using sbtest8_pkey on sbtest8  (cost=0.43..8.45 rows=1 width=121)
	  Index Cond: (id = 1082797)

for point_selects
table 1 : explain SELECT c FROM sbtest1 WHERE id=190469
	Index Scan using sbtest1_pkey on sbtest1  (cost=0.43..8.45 rows=1 width=121)
	  Index Cond: (id = 190469)

table 2 : explain SELECT c FROM sbtest2 WHERE id=2268372
	Index Scan using sbtest2_pkey on sbtest2  (cost=0.43..8.45 rows=1 width=121)
	  Index Cond: (id = 2268372)

table 3 : explain SELECT c FROM sbtest3 WHERE id=3469676
	Index Scan using sbtest3_pkey on sbtest3  (cost=0.43..8.45 rows=1 width=121)
	  Index Cond: (id = 3469676)

table 4 : explain SELECT c FROM sbtest4 WHERE id=3677935
	Index Scan using sbtest4_pkey on sbtest4  (cost=0.43..8.45 rows=1 width=121)
	  Index Cond: (id = 3677935)

table 5 : explain SELECT c FROM sbtest5 WHERE id=3738336
	Index Scan using sbtest5_pkey on sbtest5  (cost=0.43..8.45 rows=1 width=121)
	  Index Cond: (id = 3738336)

table 6 : explain SELECT c FROM sbtest6 WHERE id=2945027
	Index Scan using sbtest6_pkey on sbtest6  (cost=0.43..8.45 rows=1 width=121)
	  Index Cond: (id = 2945027)

table 7 : explain SELECT c FROM sbtest7 WHERE id=9914716
	Index Scan using sbtest7_pkey on sbtest7  (cost=0.43..8.45 rows=1 width=121)
	  Index Cond: (id = 9914716)

table 8 : explain SELECT c FROM sbtest8 WHERE id=1638834
	Index Scan using sbtest8_pkey on sbtest8  (cost=0.43..8.45 rows=1 width=121)
	  Index Cond: (id = 1638834)

for point_selects
table 1 : explain SELECT c FROM sbtest1 WHERE id=282323
	Index Scan using sbtest1_pkey on sbtest1  (cost=0.43..8.45 rows=1 width=121)
	  Index Cond: (id = 282323)

table 2 : explain SELECT c FROM sbtest2 WHERE id=5304844
	Index Scan using sbtest2_pkey on sbtest2  (cost=0.43..8.45 rows=1 width=121)
	  Index Cond: (id = 5304844)

table 3 : explain SELECT c FROM sbtest3 WHERE id=6824813
	Index Scan using sbtest3_pkey on sbtest3  (cost=0.43..8.45 rows=1 width=121)
	  Index Cond: (id = 6824813)

table 4 : explain SELECT c FROM sbtest4 WHERE id=5365436
	Index Scan using sbtest4_pkey on sbtest4  (cost=0.43..8.45 rows=1 width=121)
	  Index Cond: (id = 5365436)

table 5 : explain SELECT c FROM sbtest5 WHERE id=7006791
	Index Scan using sbtest5_pkey on sbtest5  (cost=0.43..8.45 rows=1 width=121)
	  Index Cond: (id = 7006791)

table 6 : explain SELECT c FROM sbtest6 WHERE id=7693680
	Index Scan using sbtest6_pkey on sbtest6  (cost=0.43..8.45 rows=1 width=121)
	  Index Cond: (id = 7693680)

table 7 : explain SELECT c FROM sbtest7 WHERE id=5950531
	Index Scan using sbtest7_pkey on sbtest7  (cost=0.43..8.45 rows=1 width=121)
	  Index Cond: (id = 5950531)

table 8 : explain SELECT c FROM sbtest8 WHERE id=3090586
	Index Scan using sbtest8_pkey on sbtest8  (cost=0.43..8.45 rows=1 width=121)
	  Index Cond: (id = 3090586)

for point_selects
table 1 : explain SELECT c FROM sbtest1 WHERE id=2404427
	Index Scan using sbtest1_pkey on sbtest1  (cost=0.43..8.45 rows=1 width=121)
	  Index Cond: (id = 2404427)

table 2 : explain SELECT c FROM sbtest2 WHERE id=1401376
	Index Scan using sbtest2_pkey on sbtest2  (cost=0.43..8.45 rows=1 width=121)
	  Index Cond: (id = 1401376)

table 3 : explain SELECT c FROM sbtest3 WHERE id=3194624
	Index Scan using sbtest3_pkey on sbtest3  (cost=0.43..8.45 rows=1 width=121)
	  Index Cond: (id = 3194624)

table 4 : explain SELECT c FROM sbtest4 WHERE id=5170652
	Index Scan using sbtest4_pkey on sbtest4  (cost=0.43..8.45 rows=1 width=121)
	  Index Cond: (id = 5170652)

table 5 : explain SELECT c FROM sbtest5 WHERE id=2454792
	Index Scan using sbtest5_pkey on sbtest5  (cost=0.43..8.45 rows=1 width=121)
	  Index Cond: (id = 2454792)

table 6 : explain SELECT c FROM sbtest6 WHERE id=2306317
	Index Scan using sbtest6_pkey on sbtest6  (cost=0.43..8.45 rows=1 width=121)
	  Index Cond: (id = 2306317)

table 7 : explain SELECT c FROM sbtest7 WHERE id=6023941
	Index Scan using sbtest7_pkey on sbtest7  (cost=0.43..8.45 rows=1 width=121)
	  Index Cond: (id = 6023941)

table 8 : explain SELECT c FROM sbtest8 WHERE id=6078441
	Index Scan using sbtest8_pkey on sbtest8  (cost=0.43..8.45 rows=1 width=121)
	  Index Cond: (id = 6078441)

explain: for point_selects :: explain SELECT c FROM sbtest%u WHERE id=%u
explain: for point_selects :: explain SELECT c FROM sbtest%u WHERE id=%u
for point_selects
table 1 : explain SELECT c FROM sbtest1 WHERE id=2652340
	Index Scan using sbtest1_pkey on sbtest1  (cost=0.43..8.45 rows=1 width=121)
	  Index Cond: (id = 2652340)

table 2 : explain SELECT c FROM sbtest2 WHERE id=5150811
	Index Scan using sbtest2_pkey on sbtest2  (cost=0.43..8.45 rows=1 width=121)
	  Index Cond: (id = 5150811)

table 3 : explain SELECT c FROM sbtest3 WHERE id=1491133
	Index Scan using sbtest3_pkey on sbtest3  (cost=0.43..8.45 rows=1 width=121)
	  Index Cond: (id = 1491133)

table 4 : explain SELECT c FROM sbtest4 WHERE id=2424092
	Index Scan using sbtest4_pkey on sbtest4  (cost=0.43..8.45 rows=1 width=121)
	  Index Cond: (id = 2424092)

table 5 : explain SELECT c FROM sbtest5 WHERE id=3750814
	Index Scan using sbtest5_pkey on sbtest5  (cost=0.43..8.45 rows=1 width=121)
	  Index Cond: (id = 3750814)

table 6 : explain SELECT c FROM sbtest6 WHERE id=6838841
	Index Scan using sbtest6_pkey on sbtest6  (cost=0.43..8.45 rows=1 width=121)
	  Index Cond: (id = 6838841)

table 7 : explain SELECT c FROM sbtest7 WHERE id=9926386
	Index Scan using sbtest7_pkey on sbtest7  (cost=0.43..8.45 rows=1 width=121)
	  Index Cond: (id = 9926386)

table 8 : explain SELECT c FROM sbtest8 WHERE id=9893288
	Index Scan using sbtest8_pkey on sbtest8  (cost=0.43..8.45 rows=1 width=121)
	  Index Cond: (id = 9893288)

for point_selects
table 1 : explain SELECT c FROM sbtest1 WHERE id=5317484
	Index Scan using sbtest1_pkey on sbtest1  (cost=0.43..8.45 rows=1 width=121)
	  Index Cond: (id = 5317484)

table 2 : explain SELECT c FROM sbtest2 WHERE id=3006485
	Index Scan using sbtest2_pkey on sbtest2  (cost=0.43..8.45 rows=1 width=121)
	  Index Cond: (id = 3006485)

table 3 : explain SELECT c FROM sbtest3 WHERE id=2451034
	Index Scan using sbtest3_pkey on sbtest3  (cost=0.43..8.45 rows=1 width=121)
	  Index Cond: (id = 2451034)

table 4 : explain SELECT c FROM sbtest4 WHERE id=7053814
	Index Scan using sbtest4_pkey on sbtest4  (cost=0.43..8.45 rows=1 width=121)
	  Index Cond: (id = 7053814)

table 5 : explain SELECT c FROM sbtest5 WHERE id=9086589
	Index Scan using sbtest5_pkey on sbtest5  (cost=0.43..8.45 rows=1 width=121)
	  Index Cond: (id = 9086589)

table 6 : explain SELECT c FROM sbtest6 WHERE id=1178897
	Index Scan using sbtest6_pkey on sbtest6  (cost=0.43..8.45 rows=1 width=121)
	  Index Cond: (id = 1178897)

table 7 : explain SELECT c FROM sbtest7 WHERE id=6542268
	Index Scan using sbtest7_pkey on sbtest7  (cost=0.43..8.45 rows=1 width=121)
	  Index Cond: (id = 6542268)

table 8 : explain SELECT c FROM sbtest8 WHERE id=1987549
	Index Scan using sbtest8_pkey on sbtest8  (cost=0.43..8.45 rows=1 width=121)
	  Index Cond: (id = 1987549)

for point_selects
table 1 : explain SELECT c FROM sbtest1 WHERE id=3982606
	Index Scan using sbtest1_pkey on sbtest1  (cost=0.43..8.45 rows=1 width=121)
	  Index Cond: (id = 3982606)

table 2 : explain SELECT c FROM sbtest2 WHERE id=5848397
	Index Scan using sbtest2_pkey on sbtest2  (cost=0.43..8.45 rows=1 width=121)
	  Index Cond: (id = 5848397)

table 3 : explain SELECT c FROM sbtest3 WHERE id=3573905
	Index Scan using sbtest3_pkey on sbtest3  (cost=0.43..8.45 rows=1 width=121)
	  Index Cond: (id = 3573905)

table 4 : explain SELECT c FROM sbtest4 WHERE id=86071
	Index Scan using sbtest4_pkey on sbtest4  (cost=0.43..8.45 rows=1 width=121)
	  Index Cond: (id = 86071)

table 5 : explain SELECT c FROM sbtest5 WHERE id=8414354
	Index Scan using sbtest5_pkey on sbtest5  (cost=0.43..8.45 rows=1 width=121)
	  Index Cond: (id = 8414354)

table 6 : explain SELECT c FROM sbtest6 WHERE id=8982225
	Index Scan using sbtest6_pkey on sbtest6  (cost=0.43..8.45 rows=1 width=121)
	  Index Cond: (id = 8982225)

table 7 : explain SELECT c FROM sbtest7 WHERE id=2770692
	Index Scan using sbtest7_pkey on sbtest7  (cost=0.43..8.45 rows=1 width=121)
	  Index Cond: (id = 2770692)

table 8 : explain SELECT c FROM sbtest8 WHERE id=4233111
	Index Scan using sbtest8_pkey on sbtest8  (cost=0.43..8.45 rows=1 width=121)
	  Index Cond: (id = 4233111)

explain: for point_selects :: explain SELECT c FROM sbtest%u WHERE id=%u
explain: for point_selects :: explain SELECT c FROM sbtest%u WHERE id=%u
for point_selects
table 1 : explain SELECT c FROM sbtest1 WHERE id=6249030
	Index Scan using sbtest1_pkey on sbtest1  (cost=0.43..8.45 rows=1 width=121)
	  Index Cond: (id = 6249030)

table 2 : explain SELECT c FROM sbtest2 WHERE id=2702286
	Index Scan using sbtest2_pkey on sbtest2  (cost=0.43..8.45 rows=1 width=121)
	  Index Cond: (id = 2702286)

table 3 : explain SELECT c FROM sbtest3 WHERE id=1193699
	Index Scan using sbtest3_pkey on sbtest3  (cost=0.43..8.45 rows=1 width=121)
	  Index Cond: (id = 1193699)

table 4 : explain SELECT c FROM sbtest4 WHERE id=6051125
	Index Scan using sbtest4_pkey on sbtest4  (cost=0.43..8.45 rows=1 width=121)
	  Index Cond: (id = 6051125)

table 5 : explain SELECT c FROM sbtest5 WHERE id=3572668
	Index Scan using sbtest5_pkey on sbtest5  (cost=0.43..8.45 rows=1 width=121)
	  Index Cond: (id = 3572668)

table 6 : explain SELECT c FROM sbtest6 WHERE id=485672
	Index Scan using sbtest6_pkey on sbtest6  (cost=0.43..8.45 rows=1 width=121)
	  Index Cond: (id = 485672)

table 7 : explain SELECT c FROM sbtest7 WHERE id=68461
	Index Scan using sbtest7_pkey on sbtest7  (cost=0.43..8.45 rows=1 width=121)
	  Index Cond: (id = 68461)

table 8 : explain SELECT c FROM sbtest8 WHERE id=9615110
	Index Scan using sbtest8_pkey on sbtest8  (cost=0.43..8.45 rows=1 width=121)
	  Index Cond: (id = 9615110)

explain: for point_selects :: explain SELECT c FROM sbtest%u WHERE id=%u
for point_selects
table 1 : explain SELECT c FROM sbtest1 WHERE id=44883
	Index Scan using sbtest1_pkey on sbtest1  (cost=0.43..8.45 rows=1 width=121)
	  Index Cond: (id = 44883)

table 2 : explain SELECT c FROM sbtest2 WHERE id=7572819
	Index Scan using sbtest2_pkey on sbtest2  (cost=0.43..8.45 rows=1 width=121)
	  Index Cond: (id = 7572819)

table 3 : explain SELECT c FROM sbtest3 WHERE id=2998161
	Index Scan using sbtest3_pkey on sbtest3  (cost=0.43..8.45 rows=1 width=121)
	  Index Cond: (id = 2998161)

table 4 : explain SELECT c FROM sbtest4 WHERE id=2966093
	Index Scan using sbtest4_pkey on sbtest4  (cost=0.43..8.45 rows=1 width=121)
	  Index Cond: (id = 2966093)

table 5 : explain SELECT c FROM sbtest5 WHERE id=8134424
	Index Scan using sbtest5_pkey on sbtest5  (cost=0.43..8.45 rows=1 width=121)
	  Index Cond: (id = 8134424)

table 6 : explain SELECT c FROM sbtest6 WHERE id=7288015
	Index Scan using sbtest6_pkey on sbtest6  (cost=0.43..8.45 rows=1 width=121)
	  Index Cond: (id = 7288015)

table 7 : explain SELECT c FROM sbtest7 WHERE id=4207934
	Index Scan using sbtest7_pkey on sbtest7  (cost=0.43..8.45 rows=1 width=121)
	  Index Cond: (id = 4207934)

table 8 : explain SELECT c FROM sbtest8 WHERE id=6251203
	Index Scan using sbtest8_pkey on sbtest8  (cost=0.43..8.45 rows=1 width=121)
	  Index Cond: (id = 6251203)

explain: for point_selects :: explain SELECT c FROM sbtest%u WHERE id=%u
for point_selects
table 1 : explain SELECT c FROM sbtest1 WHERE id=6051084
	Index Scan using sbtest1_pkey on sbtest1  (cost=0.43..8.45 rows=1 width=121)
	  Index Cond: (id = 6051084)

table 2 : explain SELECT c FROM sbtest2 WHERE id=5904005
	Index Scan using sbtest2_pkey on sbtest2  (cost=0.43..8.45 rows=1 width=121)
	  Index Cond: (id = 5904005)

table 3 : explain SELECT c FROM sbtest3 WHERE id=5472951
	Index Scan using sbtest3_pkey on sbtest3  (cost=0.43..8.45 rows=1 width=121)
	  Index Cond: (id = 5472951)

table 4 : explain SELECT c FROM sbtest4 WHERE id=7196629
	Index Scan using sbtest4_pkey on sbtest4  (cost=0.43..8.45 rows=1 width=121)
	  Index Cond: (id = 7196629)

table 5 : explain SELECT c FROM sbtest5 WHERE id=6888184
	Index Scan using sbtest5_pkey on sbtest5  (cost=0.43..8.45 rows=1 width=121)
	  Index Cond: (id = 6888184)

table 6 : explain SELECT c FROM sbtest6 WHERE id=144893
	Index Scan using sbtest6_pkey on sbtest6  (cost=0.43..8.45 rows=1 width=121)
	  Index Cond: (id = 144893)

table 7 : explain SELECT c FROM sbtest7 WHERE id=8202815
	Index Scan using sbtest7_pkey on sbtest7  (cost=0.43..8.45 rows=1 width=121)
	  Index Cond: (id = 8202815)

table 8 : explain SELECT c FROM sbtest8 WHERE id=4410082
	Index Scan using sbtest8_pkey on sbtest8  (cost=0.43..8.45 rows=1 width=121)
	  Index Cond: (id = 4410082)

explain: for point_selects :: explain SELECT c FROM sbtest%u WHERE id=%u
explain: for point_selects :: explain SELECT c FROM sbtest%u WHERE id=%u
for point_selects
table 1 : explain SELECT c FROM sbtest1 WHERE id=8418082
	Index Scan using sbtest1_pkey on sbtest1  (cost=0.43..8.45 rows=1 width=121)
	  Index Cond: (id = 8418082)

table 2 : explain SELECT c FROM sbtest2 WHERE id=7720483
	Index Scan using sbtest2_pkey on sbtest2  (cost=0.43..8.45 rows=1 width=121)
	  Index Cond: (id = 7720483)

table 3 : explain SELECT c FROM sbtest3 WHERE id=8814899
	Index Scan using sbtest3_pkey on sbtest3  (cost=0.43..8.45 rows=1 width=121)
	  Index Cond: (id = 8814899)

table 4 : explain SELECT c FROM sbtest4 WHERE id=2286971
	Index Scan using sbtest4_pkey on sbtest4  (cost=0.43..8.45 rows=1 width=121)
	  Index Cond: (id = 2286971)

table 5 : explain SELECT c FROM sbtest5 WHERE id=9198218
	Index Scan using sbtest5_pkey on sbtest5  (cost=0.43..8.45 rows=1 width=121)
	  Index Cond: (id = 9198218)

table 6 : explain SELECT c FROM sbtest6 WHERE id=7818563
	Index Scan using sbtest6_pkey on sbtest6  (cost=0.43..8.45 rows=1 width=121)
	  Index Cond: (id = 7818563)

table 7 : explain SELECT c FROM sbtest7 WHERE id=3512999
	Index Scan using sbtest7_pkey on sbtest7  (cost=0.43..8.45 rows=1 width=121)
	  Index Cond: (id = 3512999)

table 8 : explain SELECT c FROM sbtest8 WHERE id=8997236
	Index Scan using sbtest8_pkey on sbtest8  (cost=0.43..8.45 rows=1 width=121)
	  Index Cond: (id = 8997236)

explain: for point_selects :: explain SELECT c FROM sbtest%u WHERE id=%u
for point_selects
table 1 : explain SELECT c FROM sbtest1 WHERE id=4686495
	Index Scan using sbtest1_pkey on sbtest1  (cost=0.43..8.45 rows=1 width=121)
	  Index Cond: (id = 4686495)

table 2 : explain SELECT c FROM sbtest2 WHERE id=1091393
	Index Scan using sbtest2_pkey on sbtest2  (cost=0.43..8.45 rows=1 width=121)
	  Index Cond: (id = 1091393)

table 3 : explain SELECT c FROM sbtest3 WHERE id=634696
	Index Scan using sbtest3_pkey on sbtest3  (cost=0.43..8.45 rows=1 width=121)
	  Index Cond: (id = 634696)

table 4 : explain SELECT c FROM sbtest4 WHERE id=5176958
	Index Scan using sbtest4_pkey on sbtest4  (cost=0.43..8.45 rows=1 width=121)
	  Index Cond: (id = 5176958)

table 5 : explain SELECT c FROM sbtest5 WHERE id=3190539
	Index Scan using sbtest5_pkey on sbtest5  (cost=0.43..8.45 rows=1 width=121)
	  Index Cond: (id = 3190539)

table 6 : explain SELECT c FROM sbtest6 WHERE id=9832307
	Index Scan using sbtest6_pkey on sbtest6  (cost=0.43..8.45 rows=1 width=121)
	  Index Cond: (id = 9832307)

table 7 : explain SELECT c FROM sbtest7 WHERE id=8916519
	Index Scan using sbtest7_pkey on sbtest7  (cost=0.43..8.45 rows=1 width=121)
	  Index Cond: (id = 8916519)

table 8 : explain SELECT c FROM sbtest8 WHERE id=688663
	Index Scan using sbtest8_pkey on sbtest8  (cost=0.43..8.45 rows=1 width=121)
	  Index Cond: (id = 688663)

explain: for point_selects :: explain SELECT c FROM sbtest%u WHERE id=%u
for point_selects
table 1 : explain SELECT c FROM sbtest1 WHERE id=7859238
	Index Scan using sbtest1_pkey on sbtest1  (cost=0.43..8.45 rows=1 width=121)
	  Index Cond: (id = 7859238)

table 2 : explain SELECT c FROM sbtest2 WHERE id=6926972
	Index Scan using sbtest2_pkey on sbtest2  (cost=0.43..8.45 rows=1 width=121)
	  Index Cond: (id = 6926972)

table 3 : explain SELECT c FROM sbtest3 WHERE id=2109614
	Index Scan using sbtest3_pkey on sbtest3  (cost=0.43..8.45 rows=1 width=121)
	  Index Cond: (id = 2109614)

table 4 : explain SELECT c FROM sbtest4 WHERE id=8098007
	Index Scan using sbtest4_pkey on sbtest4  (cost=0.43..8.45 rows=1 width=121)
	  Index Cond: (id = 8098007)

table 5 : explain SELECT c FROM sbtest5 WHERE id=1434280
	Index Scan using sbtest5_pkey on sbtest5  (cost=0.43..8.45 rows=1 width=121)
	  Index Cond: (id = 1434280)

table 6 : explain SELECT c FROM sbtest6 WHERE id=6725114
	Index Scan using sbtest6_pkey on sbtest6  (cost=0.43..8.45 rows=1 width=121)
	  Index Cond: (id = 6725114)

table 7 : explain SELECT c FROM sbtest7 WHERE id=593025
	Index Scan using sbtest7_pkey on sbtest7  (cost=0.43..8.45 rows=1 width=121)
	  Index Cond: (id = 593025)

table 8 : explain SELECT c FROM sbtest8 WHERE id=8405938
	Index Scan using sbtest8_pkey on sbtest8  (cost=0.43..8.45 rows=1 width=121)
	  Index Cond: (id = 8405938)

for point_selects
table 1 : explain SELECT c FROM sbtest1 WHERE id=3302363
	Index Scan using sbtest1_pkey on sbtest1  (cost=0.43..8.45 rows=1 width=121)
	  Index Cond: (id = 3302363)

table 2 : explain SELECT c FROM sbtest2 WHERE id=9205319
	Index Scan using sbtest2_pkey on sbtest2  (cost=0.43..8.45 rows=1 width=121)
	  Index Cond: (id = 9205319)

table 3 : explain SELECT c FROM sbtest3 WHERE id=5562381
	Index Scan using sbtest3_pkey on sbtest3  (cost=0.43..8.45 rows=1 width=121)
	  Index Cond: (id = 5562381)

table 4 : explain SELECT c FROM sbtest4 WHERE id=4319366
	Index Scan using sbtest4_pkey on sbtest4  (cost=0.43..8.45 rows=1 width=121)
	  Index Cond: (id = 4319366)

table 5 : explain SELECT c FROM sbtest5 WHERE id=3032829
	Index Scan using sbtest5_pkey on sbtest5  (cost=0.43..8.45 rows=1 width=121)
	  Index Cond: (id = 3032829)

table 6 : explain SELECT c FROM sbtest6 WHERE id=1995370
	Index Scan using sbtest6_pkey on sbtest6  (cost=0.43..8.45 rows=1 width=121)
	  Index Cond: (id = 1995370)

table 7 : explain SELECT c FROM sbtest7 WHERE id=4251655
	Index Scan using sbtest7_pkey on sbtest7  (cost=0.43..8.45 rows=1 width=121)
	  Index Cond: (id = 4251655)

table 8 : explain SELECT c FROM sbtest8 WHERE id=5357832
	Index Scan using sbtest8_pkey on sbtest8  (cost=0.43..8.45 rows=1 width=121)
	  Index Cond: (id = 5357832)

for point_selects
table 1 : explain SELECT c FROM sbtest1 WHERE id=8214957
	Index Scan using sbtest1_pkey on sbtest1  (cost=0.43..8.45 rows=1 width=121)
	  Index Cond: (id = 8214957)

table 2 : explain SELECT c FROM sbtest2 WHERE id=4220625
	Index Scan using sbtest2_pkey on sbtest2  (cost=0.43..8.45 rows=1 width=121)
	  Index Cond: (id = 4220625)

table 3 : explain SELECT c FROM sbtest3 WHERE id=6041306
	Index Scan using sbtest3_pkey on sbtest3  (cost=0.43..8.45 rows=1 width=121)
	  Index Cond: (id = 6041306)

table 4 : explain SELECT c FROM sbtest4 WHERE id=5377656
	Index Scan using sbtest4_pkey on sbtest4  (cost=0.43..8.45 rows=1 width=121)
	  Index Cond: (id = 5377656)

table 5 : explain SELECT c FROM sbtest5 WHERE id=3083752
	Index Scan using sbtest5_pkey on sbtest5  (cost=0.43..8.45 rows=1 width=121)
	  Index Cond: (id = 3083752)

table 6 : explain SELECT c FROM sbtest6 WHERE id=6640857
	Index Scan using sbtest6_pkey on sbtest6  (cost=0.43..8.45 rows=1 width=121)
	  Index Cond: (id = 6640857)

table 7 : explain SELECT c FROM sbtest7 WHERE id=2808412
	Index Scan using sbtest7_pkey on sbtest7  (cost=0.43..8.45 rows=1 width=121)
	  Index Cond: (id = 2808412)

table 8 : explain SELECT c FROM sbtest8 WHERE id=802616
	Index Scan using sbtest8_pkey on sbtest8  (cost=0.43..8.45 rows=1 width=121)
	  Index Cond: (id = 802616)

for point_selects
table 1 : explain SELECT c FROM sbtest1 WHERE id=8653807
	Index Scan using sbtest1_pkey on sbtest1  (cost=0.43..8.45 rows=1 width=121)
	  Index Cond: (id = 8653807)

table 2 : explain SELECT c FROM sbtest2 WHERE id=4202168
	Index Scan using sbtest2_pkey on sbtest2  (cost=0.43..8.45 rows=1 width=121)
	  Index Cond: (id = 4202168)

table 3 : explain SELECT c FROM sbtest3 WHERE id=8351166
	Index Scan using sbtest3_pkey on sbtest3  (cost=0.43..8.45 rows=1 width=121)
	  Index Cond: (id = 8351166)

table 4 : explain SELECT c FROM sbtest4 WHERE id=4982886
	Index Scan using sbtest4_pkey on sbtest4  (cost=0.43..8.45 rows=1 width=121)
	  Index Cond: (id = 4982886)

table 5 : explain SELECT c FROM sbtest5 WHERE id=9677815
	Index Scan using sbtest5_pkey on sbtest5  (cost=0.43..8.45 rows=1 width=121)
	  Index Cond: (id = 9677815)

table 6 : explain SELECT c FROM sbtest6 WHERE id=8517187
	Index Scan using sbtest6_pkey on sbtest6  (cost=0.43..8.45 rows=1 width=121)
	  Index Cond: (id = 8517187)

table 7 : explain SELECT c FROM sbtest7 WHERE id=1411748
	Index Scan using sbtest7_pkey on sbtest7  (cost=0.43..8.45 rows=1 width=121)
	  Index Cond: (id = 1411748)

table 8 : explain SELECT c FROM sbtest8 WHERE id=3359646
	Index Scan using sbtest8_pkey on sbtest8  (cost=0.43..8.45 rows=1 width=121)
	  Index Cond: (id = 3359646)

Threads started!

Warming up for 5 seconds...

SQL statistics:
    queries performed:
        read:                            630003039
        write:                           0
        other:                           0
        total:                           630003039
    transactions:                        630003039 (999987.40 per sec.)
    queries:                             630003039 (999987.40 per sec.)
    ignored errors:                      0      (0.00 per sec.)
    reconnects:                          0      (0.00 per sec.)

Throughput:
    events/s (eps):                      999987.4050
    time elapsed:                        630.0116s
    total number of events:              630003039

Latency (ms):
         min:                                    0.03
         avg:                                    0.04
         max:                                   20.05
         95th percentile:                        0.05
         sum:                             25035554.51

Threads fairness:
    events (avg/stddev):           15750063.2250/305060.57
    execution time (avg/stddev):   625.8889/0.10

