LUA_PATH=/home/mdcallag/git/mytools/bench/sysbench.lua/lua/?.lua /home/mdcallag/git/mytools/bench/sysbench.lua/lua/sysbench --db-driver=pgsql --range-size=100 --table-size=10000000 --tables=8 --threads=40 --events=0 --warmup-time=5 --time=630 --pgsql_conn_id=true /home/mdcallag/git/mytools/bench/sysbench.lua/lua/oltp_read_only.lua run --pgsql-user=root --pgsql-password=pw --pgsql-host=127.0.0.1 --pgsql-db=ib --rand-type=uniform
48 CPUs
sysbench 1.1.0-9072687 (using bundled LuaJIT 2.1.0-beta3)

Running the test with following options:
Number of threads: 40
Warmup time: 5s
Initializing random number generator from current time


Initializing worker threads...

explain: for point_selects :: explain SELECT c FROM sbtest%u WHERE id=%u
explain: for point_selects :: explain SELECT c FROM sbtest%u WHERE id=%u
explain: for point_selects :: explain SELECT c FROM sbtest%u WHERE id=%u
for point_selects
table 1 : explain SELECT c FROM sbtest1 WHERE id=6191650
	Index Scan using sbtest1_pkey on sbtest1  (cost=0.43..8.45 rows=1 width=121)
	  Index Cond: (id = 6191650)

table 2 : explain SELECT c FROM sbtest2 WHERE id=7162380
	Index Scan using sbtest2_pkey on sbtest2  (cost=0.43..8.45 rows=1 width=121)
	  Index Cond: (id = 7162380)

table 3 : explain SELECT c FROM sbtest3 WHERE id=4206713
	Index Scan using sbtest3_pkey on sbtest3  (cost=0.43..8.45 rows=1 width=121)
	  Index Cond: (id = 4206713)

table 4 : explain SELECT c FROM sbtest4 WHERE id=2994070
	Index Scan using sbtest4_pkey on sbtest4  (cost=0.43..8.45 rows=1 width=121)
	  Index Cond: (id = 2994070)

table 5 : explain SELECT c FROM sbtest5 WHERE id=402277
	Index Scan using sbtest5_pkey on sbtest5  (cost=0.43..8.45 rows=1 width=121)
	  Index Cond: (id = 402277)

table 6 : explain SELECT c FROM sbtest6 WHERE id=2499873
	Index Scan using sbtest6_pkey on sbtest6  (cost=0.43..8.45 rows=1 width=121)
	  Index Cond: (id = 2499873)

table 7 : explain SELECT c FROM sbtest7 WHERE id=8018654
	Index Scan using sbtest7_pkey on sbtest7  (cost=0.43..8.45 rows=1 width=121)
	  Index Cond: (id = 8018654)

table 8 : explain SELECT c FROM sbtest8 WHERE id=934445
	Index Scan using sbtest8_pkey on sbtest8  (cost=0.43..8.45 rows=1 width=121)
	  Index Cond: (id = 934445)

explain: for point_selects :: explain SELECT c FROM sbtest%u WHERE id=%u
for point_selects
table 1 : explain SELECT c FROM sbtest1 WHERE id=8223222
	Index Scan using sbtest1_pkey on sbtest1  (cost=0.43..8.45 rows=1 width=121)
	  Index Cond: (id = 8223222)

table 2 : explain SELECT c FROM sbtest2 WHERE id=7702722
	Index Scan using sbtest2_pkey on sbtest2  (cost=0.43..8.45 rows=1 width=121)
	  Index Cond: (id = 7702722)

table 3 : explain SELECT c FROM sbtest3 WHERE id=8292568
	Index Scan using sbtest3_pkey on sbtest3  (cost=0.43..8.45 rows=1 width=121)
	  Index Cond: (id = 8292568)

table 4 : explain SELECT c FROM sbtest4 WHERE id=4122638
	Index Scan using sbtest4_pkey on sbtest4  (cost=0.43..8.45 rows=1 width=121)
	  Index Cond: (id = 4122638)

table 5 : explain SELECT c FROM sbtest5 WHERE id=8857705
	Index Scan using sbtest5_pkey on sbtest5  (cost=0.43..8.45 rows=1 width=121)
	  Index Cond: (id = 8857705)

table 6 : explain SELECT c FROM sbtest6 WHERE id=8536883
	Index Scan using sbtest6_pkey on sbtest6  (cost=0.43..8.45 rows=1 width=121)
	  Index Cond: (id = 8536883)

table 7 : explain SELECT c FROM sbtest7 WHERE id=3281161
	Index Scan using sbtest7_pkey on sbtest7  (cost=0.43..8.45 rows=1 width=121)
	  Index Cond: (id = 3281161)

table 8 : explain SELECT c FROM sbtest8 WHERE id=7910247
	Index Scan using sbtest8_pkey on sbtest8  (cost=0.43..8.45 rows=1 width=121)
	  Index Cond: (id = 7910247)

for: simple_ranges
table 1 : explain SELECT c FROM sbtest1 WHERE id BETWEEN 2039783 AND 2039882
	Index Scan using sbtest1_pkey on sbtest1  (cost=0.43..409.88 rows=103 width=121)
	  Index Cond: ((id >= 2039783) AND (id <= 2039882))

table 2 : explain SELECT c FROM sbtest2 WHERE id BETWEEN 331147 AND 331246
	Index Scan using sbtest2_pkey on sbtest2  (cost=0.43..400.97 rows=101 width=121)
	  Index Cond: ((id >= 331147) AND (id <= 331246))

table 3 : explain SELECT c FROM sbtest3 WHERE id BETWEEN 361261 AND 361360
	Index Scan using sbtest3_pkey on sbtest3  (cost=0.43..362.60 rows=91 width=121)
	  Index Cond: ((id >= 361261) AND (id <= 361360))

table 4 : explain SELECT c FROM sbtest4 WHERE id BETWEEN 1477542 AND 1477641
	Index Scan using sbtest4_pkey on sbtest4  (cost=0.43..400.72 rows=101 width=121)
	  Index Cond: ((id >= 1477542) AND (id <= 1477641))

table 5 : explain SELECT c FROM sbtest5 WHERE id BETWEEN 2996192 AND 2996291
	Index Scan using sbtest5_pkey on sbtest5  (cost=0.43..377.57 rows=95 width=121)
	  Index Cond: ((id >= 2996192) AND (id <= 2996291))

table 6 : explain SELECT c FROM sbtest6 WHERE id BETWEEN 468242 AND 468341
	Index Scan using sbtest6_pkey on sbtest6  (cost=0.43..382.84 rows=96 width=121)
	  Index Cond: ((id >= 468242) AND (id <= 468341))

table 7 : explain SELECT c FROM sbtest7 WHERE id BETWEEN 9024591 AND 9024690
	Index Scan using sbtest7_pkey on sbtest7  (cost=0.43..404.64 rows=102 width=121)
	  Index Cond: ((id >= 9024591) AND (id <= 9024690))

table 8 : explain SELECT c FROM sbtest8 WHERE id BETWEEN 7678448 AND 7678547
	Index Scan using sbtest8_pkey on sbtest8  (cost=0.43..403.64 rows=102 width=121)
	  Index Cond: ((id >= 7678448) AND (id <= 7678547))

explain: for point_selects :: explain SELECT c FROM sbtest%u WHERE id=%u
explain: for point_selects :: explain SELECT c FROM sbtest%u WHERE id=%u
explain: for point_selects :: explain SELECT c FROM sbtest%u WHERE id=%u
explain: for point_selects :: explain SELECT c FROM sbtest%u WHERE id=%u
explain: for point_selects :: explain SELECT c FROM sbtest%u WHERE id=%u
for: simple_ranges
table 1 : explain SELECT c FROM sbtest1 WHERE id BETWEEN 4243868 AND 4243967
	Index Scan using sbtest1_pkey on sbtest1  (cost=0.43..409.88 rows=103 width=121)
	  Index Cond: ((id >= 4243868) AND (id <= 4243967))

table 2 : explain SELECT c FROM sbtest2 WHERE id BETWEEN 3212034 AND 3212133
	Index Scan using sbtest2_pkey on sbtest2  (cost=0.43..389.20 rows=98 width=121)
	  Index Cond: ((id >= 3212034) AND (id <= 3212133))

table 3 : explain SELECT c FROM sbtest3 WHERE id BETWEEN 74327 AND 74426
	Index Scan using sbtest3_pkey on sbtest3  (cost=0.43..449.18 rows=113 width=121)
	  Index Cond: ((id >= 74327) AND (id <= 74426))

table 4 : explain SELECT c FROM sbtest4 WHERE id BETWEEN 9666715 AND 9666814
	Index Scan using sbtest4_pkey on sbtest4  (cost=0.43..381.11 rows=96 width=121)
	  Index Cond: ((id >= 9666715) AND (id <= 9666814))

table 5 : explain SELECT c FROM sbtest5 WHERE id BETWEEN 4503579 AND 4503678
	Index Scan using sbtest5_pkey on sbtest5  (cost=0.43..467.87 rows=118 width=121)
	  Index Cond: ((id >= 4503579) AND (id <= 4503678))

table 6 : explain SELECT c FROM sbtest6 WHERE id BETWEEN 4054970 AND 4055069
	Index Scan using sbtest6_pkey on sbtest6  (cost=0.43..414.36 rows=104 width=121)
	  Index Cond: ((id >= 4054970) AND (id <= 4055069))

table 7 : explain SELECT c FROM sbtest7 WHERE id BETWEEN 9618858 AND 9618957
	Index Scan using sbtest7_pkey on sbtest7  (cost=0.43..373.24 rows=94 width=121)
	  Index Cond: ((id >= 9618858) AND (id <= 9618957))

table 8 : explain SELECT c FROM sbtest8 WHERE id BETWEEN 2242647 AND 2242746
	Index Scan using sbtest8_pkey on sbtest8  (cost=0.43..380.16 rows=96 width=121)
	  Index Cond: ((id >= 2242647) AND (id <= 2242746))

for point_selects
table 1 : explain SELECT c FROM sbtest1 WHERE id=6251015
	Index Scan using sbtest1_pkey on sbtest1  (cost=0.43..8.45 rows=1 width=121)
	  Index Cond: (id = 6251015)

table 2 : explain SELECT c FROM sbtest2 WHERE id=9939027
	Index Scan using sbtest2_pkey on sbtest2  (cost=0.43..8.45 rows=1 width=121)
	  Index Cond: (id = 9939027)

table 3 : explain SELECT c FROM sbtest3 WHERE id=134988
	Index Scan using sbtest3_pkey on sbtest3  (cost=0.43..8.45 rows=1 width=121)
	  Index Cond: (id = 134988)

table 4 : explain SELECT c FROM sbtest4 WHERE id=9634644
	Index Scan using sbtest4_pkey on sbtest4  (cost=0.43..8.45 rows=1 width=121)
	  Index Cond: (id = 9634644)

table 5 : explain SELECT c FROM sbtest5 WHERE id=2418558
	Index Scan using sbtest5_pkey on sbtest5  (cost=0.43..8.45 rows=1 width=121)
	  Index Cond: (id = 2418558)

table 6 : explain SELECT c FROM sbtest6 WHERE id=4805215
	Index Scan using sbtest6_pkey on sbtest6  (cost=0.43..8.45 rows=1 width=121)
	  Index Cond: (id = 4805215)

table 7 : explain SELECT c FROM sbtest7 WHERE id=8294941
	Index Scan using sbtest7_pkey on sbtest7  (cost=0.43..8.45 rows=1 width=121)
	  Index Cond: (id = 8294941)

table 8 : explain SELECT c FROM sbtest8 WHERE id=7577255
	Index Scan using sbtest8_pkey on sbtest8  (cost=0.43..8.45 rows=1 width=121)
	  Index Cond: (id = 7577255)

for point_selects
table 1 : explain SELECT c FROM sbtest1 WHERE id=3176337
	Index Scan using sbtest1_pkey on sbtest1  (cost=0.43..8.45 rows=1 width=121)
	  Index Cond: (id = 3176337)

table 2 : explain SELECT c FROM sbtest2 WHERE id=7226760
	Index Scan using sbtest2_pkey on sbtest2  (cost=0.43..8.45 rows=1 width=121)
	  Index Cond: (id = 7226760)

table 3 : explain SELECT c FROM sbtest3 WHERE id=6948259
	Index Scan using sbtest3_pkey on sbtest3  (cost=0.43..8.45 rows=1 width=121)
	  Index Cond: (id = 6948259)

table 4 : explain SELECT c FROM sbtest4 WHERE id=1304221
	Index Scan using sbtest4_pkey on sbtest4  (cost=0.43..8.45 rows=1 width=121)
	  Index Cond: (id = 1304221)

table 5 : explain SELECT c FROM sbtest5 WHERE id=2205207
	Index Scan using sbtest5_pkey on sbtest5  (cost=0.43..8.45 rows=1 width=121)
	  Index Cond: (id = 2205207)

table 6 : explain SELECT c FROM sbtest6 WHERE id=1915656
	Index Scan using sbtest6_pkey on sbtest6  (cost=0.43..8.45 rows=1 width=121)
	  Index Cond: (id = 1915656)

table 7 : explain SELECT c FROM sbtest7 WHERE id=3952208
	Index Scan using sbtest7_pkey on sbtest7  (cost=0.43..8.45 rows=1 width=121)
	  Index Cond: (id = 3952208)

table 8 : explain SELECT c FROM sbtest8 WHERE id=6194703
	Index Scan using sbtest8_pkey on sbtest8  (cost=0.43..8.45 rows=1 width=121)
	  Index Cond: (id = 6194703)

explain: for point_selects :: explain SELECT c FROM sbtest%u WHERE id=%u
explain: for point_selects :: explain SELECT c FROM sbtest%u WHERE id=%u
for: simple_ranges
table 1 : explain SELECT c FROM sbtest1 WHERE id BETWEEN 2405209 AND 2405308
	Index Scan using sbtest1_pkey on sbtest1  (cost=0.43..390.20 rows=98 width=121)
	  Index Cond: ((id >= 2405209) AND (id <= 2405308))

table 2 : explain SELECT c FROM sbtest2 WHERE id BETWEEN 6349273 AND 6349372
	Index Scan using sbtest2_pkey on sbtest2  (cost=0.43..377.43 rows=95 width=121)
	  Index Cond: ((id >= 6349273) AND (id <= 6349372))

table 3 : explain SELECT c FROM sbtest3 WHERE id BETWEEN 9749163 AND 9749262
	Index Scan using sbtest3_pkey on sbtest3  (cost=0.43..382.29 rows=96 width=121)
	  Index Cond: ((id >= 9749163) AND (id <= 9749262))

table 4 : explain SELECT c FROM sbtest4 WHERE id BETWEEN 3450334 AND 3450433
	Index Scan using sbtest4_pkey on sbtest4  (cost=0.43..369.32 rows=93 width=121)
	  Index Cond: ((id >= 3450334) AND (id <= 3450433))

table 5 : explain SELECT c FROM sbtest5 WHERE id BETWEEN 8969401 AND 8969500
	Index Scan using sbtest5_pkey on sbtest5  (cost=0.43..397.20 rows=100 width=121)
	  Index Cond: ((id >= 8969401) AND (id <= 8969500))

table 6 : explain SELECT c FROM sbtest6 WHERE id BETWEEN 4505972 AND 4506071
	Index Scan using sbtest6_pkey on sbtest6  (cost=0.43..378.90 rows=95 width=121)
	  Index Cond: ((id >= 4505972) AND (id <= 4506071))

table 7 : explain SELECT c FROM sbtest7 WHERE id BETWEEN 3783876 AND 3783975
	Index Scan using sbtest7_pkey on sbtest7  (cost=0.43..424.25 rows=107 width=121)
	  Index Cond: ((id >= 3783876) AND (id <= 3783975))

table 8 : explain SELECT c FROM sbtest8 WHERE id BETWEEN 5271203 AND 5271302
	Index Scan using sbtest8_pkey on sbtest8  (cost=0.43..376.25 rows=95 width=121)
	  Index Cond: ((id >= 5271203) AND (id <= 5271302))

for point_selects
table 1 : explain SELECT c FROM sbtest1 WHERE id=1984468
	Index Scan using sbtest1_pkey on sbtest1  (cost=0.43..8.45 rows=1 width=121)
	  Index Cond: (id = 1984468)

table 2 : explain SELECT c FROM sbtest2 WHERE id=5221283
	Index Scan using sbtest2_pkey on sbtest2  (cost=0.43..8.45 rows=1 width=121)
	  Index Cond: (id = 5221283)

table 3 : explain SELECT c FROM sbtest3 WHERE id=1723487
	Index Scan using sbtest3_pkey on sbtest3  (cost=0.43..8.45 rows=1 width=121)
	  Index Cond: (id = 1723487)

table 4 : explain SELECT c FROM sbtest4 WHERE id=7379873
	Index Scan using sbtest4_pkey on sbtest4  (cost=0.43..8.45 rows=1 width=121)
	  Index Cond: (id = 7379873)

table 5 : explain SELECT c FROM sbtest5 WHERE id=2213778
	Index Scan using sbtest5_pkey on sbtest5  (cost=0.43..8.45 rows=1 width=121)
	  Index Cond: (id = 2213778)

table 6 : explain SELECT c FROM sbtest6 WHERE id=6566863
	Index Scan using sbtest6_pkey on sbtest6  (cost=0.43..8.45 rows=1 width=121)
	  Index Cond: (id = 6566863)

table 7 : explain SELECT c FROM sbtest7 WHERE id=126983
	Index Scan using sbtest7_pkey on sbtest7  (cost=0.43..8.45 rows=1 width=121)
	  Index Cond: (id = 126983)

table 8 : explain SELECT c FROM sbtest8 WHERE id=5451255
	Index Scan using sbtest8_pkey on sbtest8  (cost=0.43..8.45 rows=1 width=121)
	  Index Cond: (id = 5451255)

for point_selects
table 1 : explain SELECT c FROM sbtest1 WHERE id=6295950
	Index Scan using sbtest1_pkey on sbtest1  (cost=0.43..8.45 rows=1 width=121)
	  Index Cond: (id = 6295950)

table 2 : explain SELECT c FROM sbtest2 WHERE id=7607658
	Index Scan using sbtest2_pkey on sbtest2  (cost=0.43..8.45 rows=1 width=121)
	  Index Cond: (id = 7607658)

table 3 : explain SELECT c FROM sbtest3 WHERE id=2600704
	Index Scan using sbtest3_pkey on sbtest3  (cost=0.43..8.45 rows=1 width=121)
	  Index Cond: (id = 2600704)

table 4 : explain SELECT c FROM sbtest4 WHERE id=4495851
	Index Scan using sbtest4_pkey on sbtest4  (cost=0.43..8.45 rows=1 width=121)
	  Index Cond: (id = 4495851)

table 5 : explain SELECT c FROM sbtest5 WHERE id=5630840
	Index Scan using sbtest5_pkey on sbtest5  (cost=0.43..8.45 rows=1 width=121)
	  Index Cond: (id = 5630840)

table 6 : explain SELECT c FROM sbtest6 WHERE id=801367
	Index Scan using sbtest6_pkey on sbtest6  (cost=0.43..8.45 rows=1 width=121)
	  Index Cond: (id = 801367)

table 7 : explain SELECT c FROM sbtest7 WHERE id=6296645
	Index Scan using sbtest7_pkey on sbtest7  (cost=0.43..8.45 rows=1 width=121)
	  Index Cond: (id = 6296645)

table 8 : explain SELECT c FROM sbtest8 WHERE id=2491372
	Index Scan using sbtest8_pkey on sbtest8  (cost=0.43..8.45 rows=1 width=121)
	  Index Cond: (id = 2491372)

for: sum_ranges
table 1 : explain SELECT SUM(k) FROM sbtest1 WHERE id BETWEEN 9950570 AND 9950669
	Aggregate  (cost=418.01..418.02 rows=1 width=8)
	  ->  Index Scan using sbtest1_pkey on sbtest1  (cost=0.43..417.75 rows=105 width=4)
	        Index Cond: ((id >= 9950570) AND (id <= 9950669))

table 2 : explain SELECT SUM(k) FROM sbtest2 WHERE id BETWEEN 6608723 AND 6608822
	Aggregate  (cost=377.66..377.67 rows=1 width=8)
	  ->  Index Scan using sbtest2_pkey on sbtest2  (cost=0.43..377.43 rows=95 width=4)
	        Index Cond: ((id >= 6608723) AND (id <= 6608822))

table 3 : explain SELECT SUM(k) FROM sbtest3 WHERE id BETWEEN 669347 AND 669446
	Aggregate  (cost=378.57..378.58 rows=1 width=8)
	  ->  Index Scan using sbtest3_pkey on sbtest3  (cost=0.43..378.34 rows=95 width=4)
	        Index Cond: ((id >= 669347) AND (id <= 669446))

table 4 : explain SELECT SUM(k) FROM sbtest4 WHERE id BETWEEN 7700882 AND 7700981
	Aggregate  (cost=432.36..432.37 rows=1 width=8)
	  ->  Index Scan using sbtest4_pkey on sbtest4  (cost=0.43..432.09 rows=109 width=4)
	        Index Cond: ((id >= 7700882) AND (id <= 7700981))

table 5 : explain SELECT SUM(k) FROM sbtest5 WHERE id BETWEEN 815333 AND 815432
	Aggregate  (cost=381.73..381.74 rows=1 width=8)
	  ->  Index Scan using sbtest5_pkey on sbtest5  (cost=0.43..381.49 rows=96 width=4)
	        Index Cond: ((id >= 815333) AND (id <= 815432))

table 6 : explain SELECT SUM(k) FROM sbtest6 WHERE id BETWEEN 1295223 AND 1295322
	Aggregate  (cost=442.22..442.23 rows=1 width=8)
	  ->  Index Scan using sbtest6_pkey on sbtest6  (cost=0.43..441.94 rows=111 width=4)
	        Index Cond: ((id >= 1295223) AND (id <= 1295322))

table 7 : explain SELECT SUM(k) FROM sbtest7 WHERE id BETWEEN 5849659 AND 5849758
	Aggregate  (cost=373.47..373.48 rows=1 width=8)
	  ->  Index Scan using sbtest7_pkey on sbtest7  (cost=0.43..373.24 rows=94 width=4)
	        Index Cond: ((id >= 5849659) AND (id <= 5849758))

table 8 : explain SELECT SUM(k) FROM sbtest8 WHERE id BETWEEN 912914 AND 913013
	Aggregate  (cost=407.81..407.82 rows=1 width=8)
	  ->  Index Scan using sbtest8_pkey on sbtest8  (cost=0.43..407.55 rows=103 width=4)
	        Index Cond: ((id >= 912914) AND (id <= 913013))

for point_selects
table 1 : explain SELECT c FROM sbtest1 WHERE id=4849424
	Index Scan using sbtest1_pkey on sbtest1  (cost=0.43..8.45 rows=1 width=121)
	  Index Cond: (id = 4849424)

table 2 : explain SELECT c FROM sbtest2 WHERE id=7128664
	Index Scan using sbtest2_pkey on sbtest2  (cost=0.43..8.45 rows=1 width=121)
	  Index Cond: (id = 7128664)

table 3 : explain SELECT c FROM sbtest3 WHERE id=5650887
	Index Scan using sbtest3_pkey on sbtest3  (cost=0.43..8.45 rows=1 width=121)
	  Index Cond: (id = 5650887)

table 4 : explain SELECT c FROM sbtest4 WHERE id=6351090
	Index Scan using sbtest4_pkey on sbtest4  (cost=0.43..8.45 rows=1 width=121)
	  Index Cond: (id = 6351090)

table 5 : explain SELECT c FROM sbtest5 WHERE id=9953209
	Index Scan using sbtest5_pkey on sbtest5  (cost=0.43..8.45 rows=1 width=121)
	  Index Cond: (id = 9953209)

table 6 : explain SELECT c FROM sbtest6 WHERE id=3307522
	Index Scan using sbtest6_pkey on sbtest6  (cost=0.43..8.45 rows=1 width=121)
	  Index Cond: (id = 3307522)

table 7 : explain SELECT c FROM sbtest7 WHERE id=432112
	Index Scan using sbtest7_pkey on sbtest7  (cost=0.43..8.45 rows=1 width=121)
	  Index Cond: (id = 432112)

table 8 : explain SELECT c FROM sbtest8 WHERE id=3023733
	Index Scan using sbtest8_pkey on sbtest8  (cost=0.43..8.45 rows=1 width=121)
	  Index Cond: (id = 3023733)

for: simple_ranges
table 1 : explain SELECT c FROM sbtest1 WHERE id BETWEEN 594818 AND 594917
	Index Scan using sbtest1_pkey on sbtest1  (cost=0.43..370.53 rows=93 width=121)
	  Index Cond: ((id >= 594818) AND (id <= 594917))

table 2 : explain SELECT c FROM sbtest2 WHERE id BETWEEN 3963685 AND 3963784
	Index Scan using sbtest2_pkey on sbtest2  (cost=0.43..428.44 rows=108 width=121)
	  Index Cond: ((id >= 3963685) AND (id <= 3963784))

table 3 : explain SELECT c FROM sbtest3 WHERE id BETWEEN 3735161 AND 3735260
	Index Scan using sbtest3_pkey on sbtest3  (cost=0.43..409.83 rows=103 width=121)
	  Index Cond: ((id >= 3735161) AND (id <= 3735260))

table 4 : explain SELECT c FROM sbtest4 WHERE id BETWEEN 1910849 AND 1910948
	Index Scan using sbtest4_pkey on sbtest4  (cost=0.43..392.87 rows=99 width=121)
	  Index Cond: ((id >= 1910849) AND (id <= 1910948))

table 5 : explain SELECT c FROM sbtest5 WHERE id BETWEEN 9450160 AND 9450259
	Index Scan using sbtest5_pkey on sbtest5  (cost=0.43..401.12 rows=101 width=121)
	  Index Cond: ((id >= 9450160) AND (id <= 9450259))

table 6 : explain SELECT c FROM sbtest6 WHERE id BETWEEN 9376498 AND 9376597
	Index Scan using sbtest6_pkey on sbtest6  (cost=0.43..370.99 rows=93 width=121)
	  Index Cond: ((id >= 9376498) AND (id <= 9376597))

table 7 : explain SELECT c FROM sbtest7 WHERE id BETWEEN 3725492 AND 3725591
	Index Scan using sbtest7_pkey on sbtest7  (cost=0.43..424.25 rows=107 width=121)
	  Index Cond: ((id >= 3725492) AND (id <= 3725591))

table 8 : explain SELECT c FROM sbtest8 WHERE id BETWEEN 134075 AND 134174
	Index Scan using sbtest8_pkey on sbtest8  (cost=0.43..391.90 rows=99 width=121)
	  Index Cond: ((id >= 134075) AND (id <= 134174))

explain: for point_selects :: explain SELECT c FROM sbtest%u WHERE id=%u
for point_selects
table 1 : explain SELECT c FROM sbtest1 WHERE id=6898275
	Index Scan using sbtest1_pkey on sbtest1  (cost=0.43..8.45 rows=1 width=121)
	  Index Cond: (id = 6898275)

table 2 : explain SELECT c FROM sbtest2 WHERE id=7016159
	Index Scan using sbtest2_pkey on sbtest2  (cost=0.43..8.45 rows=1 width=121)
	  Index Cond: (id = 7016159)

table 3 : explain SELECT c FROM sbtest3 WHERE id=2361134
	Index Scan using sbtest3_pkey on sbtest3  (cost=0.43..8.45 rows=1 width=121)
	  Index Cond: (id = 2361134)

table 4 : explain SELECT c FROM sbtest4 WHERE id=3003684
	Index Scan using sbtest4_pkey on sbtest4  (cost=0.43..8.45 rows=1 width=121)
	  Index Cond: (id = 3003684)

table 5 : explain SELECT c FROM sbtest5 WHERE id=4808849
	Index Scan using sbtest5_pkey on sbtest5  (cost=0.43..8.45 rows=1 width=121)
	  Index Cond: (id = 4808849)

table 6 : explain SELECT c FROM sbtest6 WHERE id=8487097
	Index Scan using sbtest6_pkey on sbtest6  (cost=0.43..8.45 rows=1 width=121)
	  Index Cond: (id = 8487097)

table 7 : explain SELECT c FROM sbtest7 WHERE id=1366903
	Index Scan using sbtest7_pkey on sbtest7  (cost=0.43..8.45 rows=1 width=121)
	  Index Cond: (id = 1366903)

table 8 : explain SELECT c FROM sbtest8 WHERE id=8299709
	Index Scan using sbtest8_pkey on sbtest8  (cost=0.43..8.45 rows=1 width=121)
	  Index Cond: (id = 8299709)

for: sum_ranges
table 1 : explain SELECT SUM(k) FROM sbtest1 WHERE id BETWEEN 2968936 AND 2969035
	Aggregate  (cost=394.39..394.40 rows=1 width=8)
	  ->  Index Scan using sbtest1_pkey on sbtest1  (cost=0.43..394.14 rows=99 width=4)
	        Index Cond: ((id >= 2968936) AND (id <= 2969035))

table 2 : explain SELECT SUM(k) FROM sbtest2 WHERE id BETWEEN 1697401 AND 1697500
	Aggregate  (cost=444.42..444.43 rows=1 width=8)
	  ->  Index Scan using sbtest2_pkey on sbtest2  (cost=0.43..444.14 rows=112 width=4)
	        Index Cond: ((id >= 1697401) AND (id <= 1697500))

table 3 : explain SELECT SUM(k) FROM sbtest3 WHERE id BETWEEN 9912529 AND 9912628
	Aggregate  (cost=410.09..410.10 rows=1 width=8)
	  ->  Index Scan using sbtest3_pkey on sbtest3  (cost=0.43..409.83 rows=103 width=4)
	        Index Cond: ((id >= 9912529) AND (id <= 9912628))

table 4 : explain SELECT SUM(k) FROM sbtest4 WHERE id BETWEEN 8488813 AND 8488912
	Aggregate  (cost=389.20..389.21 rows=1 width=8)
	  ->  Index Scan using sbtest4_pkey on sbtest4  (cost=0.43..388.95 rows=98 width=4)
	        Index Cond: ((id >= 8488813) AND (id <= 8488912))

table 5 : explain SELECT SUM(k) FROM sbtest5 WHERE id BETWEEN 8867590 AND 8867689
	Aggregate  (cost=393.52..393.53 rows=1 width=8)
	  ->  Index Scan using sbtest5_pkey on sbtest5  (cost=0.43..393.27 rows=99 width=4)
	        Index Cond: ((id >= 8867590) AND (id <= 8867689))

table 6 : explain SELECT SUM(k) FROM sbtest6 WHERE id BETWEEN 9246283 AND 9246382
	Aggregate  (cost=406.73..406.74 rows=1 width=8)
	  ->  Index Scan using sbtest6_pkey on sbtest6  (cost=0.43..406.48 rows=102 width=4)
	        Index Cond: ((id >= 9246283) AND (id <= 9246382))

table 7 : explain SELECT SUM(k) FROM sbtest7 WHERE id BETWEEN 7537374 AND 7537473
	Aggregate  (cost=377.40..377.41 rows=1 width=8)
	  ->  Index Scan using sbtest7_pkey on sbtest7  (cost=0.43..377.16 rows=95 width=4)
	        Index Cond: ((id >= 7537374) AND (id <= 7537473))

table 8 : explain SELECT SUM(k) FROM sbtest8 WHERE id BETWEEN 5055633 AND 5055732
	Aggregate  (cost=384.32..384.33 rows=1 width=8)
	  ->  Index Scan using sbtest8_pkey on sbtest8  (cost=0.43..384.08 rows=97 width=4)
	        Index Cond: ((id >= 5055633) AND (id <= 5055732))

for point_selects
table 1 : explain SELECT c FROM sbtest1 WHERE id=7792348
	Index Scan using sbtest1_pkey on sbtest1  (cost=0.43..8.45 rows=1 width=121)
	  Index Cond: (id = 7792348)

table 2 : explain SELECT c FROM sbtest2 WHERE id=7088348
	Index Scan using sbtest2_pkey on sbtest2  (cost=0.43..8.45 rows=1 width=121)
	  Index Cond: (id = 7088348)

table 3 : explain SELECT c FROM sbtest3 WHERE id=7245862
	Index Scan using sbtest3_pkey on sbtest3  (cost=0.43..8.45 rows=1 width=121)
	  Index Cond: (id = 7245862)

table 4 : explain SELECT c FROM sbtest4 WHERE id=4850328
	Index Scan using sbtest4_pkey on sbtest4  (cost=0.43..8.45 rows=1 width=121)
	  Index Cond: (id = 4850328)

table 5 : explain SELECT c FROM sbtest5 WHERE id=6065797
	Index Scan using sbtest5_pkey on sbtest5  (cost=0.43..8.45 rows=1 width=121)
	  Index Cond: (id = 6065797)

table 6 : explain SELECT c FROM sbtest6 WHERE id=9269446
	Index Scan using sbtest6_pkey on sbtest6  (cost=0.43..8.45 rows=1 width=121)
	  Index Cond: (id = 9269446)

table 7 : explain SELECT c FROM sbtest7 WHERE id=1853866
	Index Scan using sbtest7_pkey on sbtest7  (cost=0.43..8.45 rows=1 width=121)
	  Index Cond: (id = 1853866)

table 8 : explain SELECT c FROM sbtest8 WHERE id=2868025
	Index Scan using sbtest8_pkey on sbtest8  (cost=0.43..8.45 rows=1 width=121)
	  Index Cond: (id = 2868025)

for: sum_ranges
table 1 : explain SELECT SUM(k) FROM sbtest1 WHERE id BETWEEN 9054623 AND 9054722
	Aggregate  (cost=394.39..394.40 rows=1 width=8)
	  ->  Index Scan using sbtest1_pkey on sbtest1  (cost=0.43..394.14 rows=99 width=4)
	        Index Cond: ((id >= 9054623) AND (id <= 9054722))

table 2 : explain SELECT SUM(k) FROM sbtest2 WHERE id BETWEEN 7992046 AND 7992145
	Aggregate  (cost=381.59..381.60 rows=1 width=8)
	  ->  Index Scan using sbtest2_pkey on sbtest2  (cost=0.43..381.35 rows=96 width=4)
	        Index Cond: ((id >= 7992046) AND (id <= 7992145))

table 3 : explain SELECT SUM(k) FROM sbtest3 WHERE id BETWEEN 3022555 AND 3022654
	Aggregate  (cost=386.47..386.48 rows=1 width=8)
	  ->  Index Scan using sbtest3_pkey on sbtest3  (cost=0.43..386.23 rows=97 width=4)
	        Index Cond: ((id >= 3022555) AND (id <= 3022654))

table 4 : explain SELECT SUM(k) FROM sbtest4 WHERE id BETWEEN 1806684 AND 1806783
	Aggregate  (cost=424.52..424.53 rows=1 width=8)
	  ->  Index Scan using sbtest4_pkey on sbtest4  (cost=0.43..424.25 rows=107 width=4)
	        Index Cond: ((id >= 1806684) AND (id <= 1806783))

table 5 : explain SELECT SUM(k) FROM sbtest5 WHERE id BETWEEN 2951451 AND 2951550
	Aggregate  (cost=377.81..377.82 rows=1 width=8)
	  ->  Index Scan using sbtest5_pkey on sbtest5  (cost=0.43..377.57 rows=95 width=4)
	        Index Cond: ((id >= 2951451) AND (id <= 2951550))

table 6 : explain SELECT SUM(k) FROM sbtest6 WHERE id BETWEEN 6952049 AND 6952148
	Aggregate  (cost=387.02..387.03 rows=1 width=8)
	  ->  Index Scan using sbtest6_pkey on sbtest6  (cost=0.43..386.78 rows=97 width=4)
	        Index Cond: ((id >= 6952049) AND (id <= 6952148))

table 7 : explain SELECT SUM(k) FROM sbtest7 WHERE id BETWEEN 4992465 AND 4992564
	Aggregate  (cost=377.40..377.41 rows=1 width=8)
	  ->  Index Scan using sbtest7_pkey on sbtest7  (cost=0.43..377.16 rows=95 width=4)
	        Index Cond: ((id >= 4992465) AND (id <= 4992564))

table 8 : explain SELECT SUM(k) FROM sbtest8 WHERE id BETWEEN 9814272 AND 9814371
	Aggregate  (cost=364.72..364.73 rows=1 width=8)
	  ->  Index Scan using sbtest8_pkey on sbtest8  (cost=0.43..364.49 rows=92 width=4)
	        Index Cond: ((id >= 9814272) AND (id <= 9814371))

explain: for point_selects :: explain SELECT c FROM sbtest%u WHERE id=%u
for: simple_ranges
table 1 : explain SELECT c FROM sbtest1 WHERE id BETWEEN 7659918 AND 7660017
	Index Scan using sbtest1_pkey on sbtest1  (cost=0.43..417.75 rows=105 width=121)
	  Index Cond: ((id >= 7659918) AND (id <= 7660017))

table 2 : explain SELECT c FROM sbtest2 WHERE id BETWEEN 5616646 AND 5616745
	Index Scan using sbtest2_pkey on sbtest2  (cost=0.43..400.97 rows=101 width=121)
	  Index Cond: ((id >= 5616646) AND (id <= 5616745))

table 3 : explain SELECT c FROM sbtest3 WHERE id BETWEEN 7551948 AND 7552047
	Index Scan using sbtest3_pkey on sbtest3  (cost=0.43..413.77 rows=104 width=121)
	  Index Cond: ((id >= 7551948) AND (id <= 7552047))

table 4 : explain SELECT c FROM sbtest4 WHERE id BETWEEN 512878 AND 512977
	Index Scan using sbtest4_pkey on sbtest4  (cost=0.43..388.95 rows=98 width=121)
	  Index Cond: ((id >= 512878) AND (id <= 512977))

table 5 : explain SELECT c FROM sbtest5 WHERE id BETWEEN 6522940 AND 6523039
	Index Scan using sbtest5_pkey on sbtest5  (cost=0.43..361.84 rows=91 width=121)
	  Index Cond: ((id >= 6522940) AND (id <= 6523039))

table 6 : explain SELECT c FROM sbtest6 WHERE id BETWEEN 3515700 AND 3515799
	Index Scan using sbtest6_pkey on sbtest6  (cost=0.43..382.84 rows=96 width=121)
	  Index Cond: ((id >= 3515700) AND (id <= 3515799))

table 7 : explain SELECT c FROM sbtest7 WHERE id BETWEEN 4014317 AND 4014416
	Index Scan using sbtest7_pkey on sbtest7  (cost=0.43..404.64 rows=102 width=121)
	  Index Cond: ((id >= 4014317) AND (id <= 4014416))

table 8 : explain SELECT c FROM sbtest8 WHERE id BETWEEN 7216527 AND 7216626
	Index Scan using sbtest8_pkey on sbtest8  (cost=0.43..399.72 rows=101 width=121)
	  Index Cond: ((id >= 7216527) AND (id <= 7216626))

for point_selects
table 1 : explain SELECT c FROM sbtest1 WHERE id=55174
	Index Scan using sbtest1_pkey on sbtest1  (cost=0.43..8.45 rows=1 width=121)
	  Index Cond: (id = 55174)

table 2 : explain SELECT c FROM sbtest2 WHERE id=5688609
	Index Scan using sbtest2_pkey on sbtest2  (cost=0.43..8.45 rows=1 width=121)
	  Index Cond: (id = 5688609)

table 3 : explain SELECT c FROM sbtest3 WHERE id=3026542
	Index Scan using sbtest3_pkey on sbtest3  (cost=0.43..8.45 rows=1 width=121)
	  Index Cond: (id = 3026542)

table 4 : explain SELECT c FROM sbtest4 WHERE id=8894652
	Index Scan using sbtest4_pkey on sbtest4  (cost=0.43..8.45 rows=1 width=121)
	  Index Cond: (id = 8894652)

table 5 : explain SELECT c FROM sbtest5 WHERE id=3785814
	Index Scan using sbtest5_pkey on sbtest5  (cost=0.43..8.45 rows=1 width=121)
	  Index Cond: (id = 3785814)

table 6 : explain SELECT c FROM sbtest6 WHERE id=241792
	Index Scan using sbtest6_pkey on sbtest6  (cost=0.43..8.45 rows=1 width=121)
	  Index Cond: (id = 241792)

table 7 : explain SELECT c FROM sbtest7 WHERE id=8464995
	Index Scan using sbtest7_pkey on sbtest7  (cost=0.43..8.45 rows=1 width=121)
	  Index Cond: (id = 8464995)

table 8 : explain SELECT c FROM sbtest8 WHERE id=1130710
	Index Scan using sbtest8_pkey on sbtest8  (cost=0.43..8.45 rows=1 width=121)
	  Index Cond: (id = 1130710)

for: simple_ranges
table 1 : explain SELECT c FROM sbtest1 WHERE id BETWEEN 1050301 AND 1050400
	Index Scan using sbtest1_pkey on sbtest1  (cost=0.43..398.07 rows=100 width=121)
	  Index Cond: ((id >= 1050301) AND (id <= 1050400))

table 2 : explain SELECT c FROM sbtest2 WHERE id BETWEEN 3315383 AND 3315482
	Index Scan using sbtest2_pkey on sbtest2  (cost=0.43..381.35 rows=96 width=121)
	  Index Cond: ((id >= 3315383) AND (id <= 3315482))

table 3 : explain SELECT c FROM sbtest3 WHERE id BETWEEN 7621898 AND 7621997
	Index Scan using sbtest3_pkey on sbtest3  (cost=0.43..390.16 rows=98 width=121)
	  Index Cond: ((id >= 7621898) AND (id <= 7621997))

table 4 : explain SELECT c FROM sbtest4 WHERE id BETWEEN 1975328 AND 1975427
	Index Scan using sbtest4_pkey on sbtest4  (cost=0.43..392.87 rows=99 width=121)
	  Index Cond: ((id >= 1975328) AND (id <= 1975427))

table 5 : explain SELECT c FROM sbtest5 WHERE id BETWEEN 379949 AND 380048
	Index Scan using sbtest5_pkey on sbtest5  (cost=0.43..397.20 rows=100 width=121)
	  Index Cond: ((id >= 379949) AND (id <= 380048))

table 6 : explain SELECT c FROM sbtest6 WHERE id BETWEEN 5809231 AND 5809330
	Index Scan using sbtest6_pkey on sbtest6  (cost=0.43..434.06 rows=109 width=121)
	  Index Cond: ((id >= 5809231) AND (id <= 5809330))

table 7 : explain SELECT c FROM sbtest7 WHERE id BETWEEN 9837393 AND 9837492
	Index Scan using sbtest7_pkey on sbtest7  (cost=0.43..377.16 rows=95 width=121)
	  Index Cond: ((id >= 9837393) AND (id <= 9837492))

table 8 : explain SELECT c FROM sbtest8 WHERE id BETWEEN 9925477 AND 9925576
	Index Scan using sbtest8_pkey on sbtest8  (cost=0.43..376.25 rows=95 width=121)
	  Index Cond: ((id >= 9925477) AND (id <= 9925576))

explain: for point_selects :: explain SELECT c FROM sbtest%u WHERE id=%u
for: simple_ranges
table 1 : explain SELECT c FROM sbtest1 WHERE id BETWEEN 1083676 AND 1083775
	Index Scan using sbtest1_pkey on sbtest1  (cost=0.43..398.07 rows=100 width=121)
	  Index Cond: ((id >= 1083676) AND (id <= 1083775))

table 2 : explain SELECT c FROM sbtest2 WHERE id BETWEEN 2118191 AND 2118290
	Index Scan using sbtest2_pkey on sbtest2  (cost=0.43..373.48 rows=94 width=121)
	  Index Cond: ((id >= 2118191) AND (id <= 2118290))

table 3 : explain SELECT c FROM sbtest3 WHERE id BETWEEN 9782546 AND 9782645
	Index Scan using sbtest3_pkey on sbtest3  (cost=0.43..382.29 rows=96 width=121)
	  Index Cond: ((id >= 9782546) AND (id <= 9782645))

table 4 : explain SELECT c FROM sbtest4 WHERE id BETWEEN 2296724 AND 2296823
	Index Scan using sbtest4_pkey on sbtest4  (cost=0.43..345.79 rows=87 width=121)
	  Index Cond: ((id >= 2296724) AND (id <= 2296823))

table 5 : explain SELECT c FROM sbtest5 WHERE id BETWEEN 7025890 AND 7025989
	Index Scan using sbtest5_pkey on sbtest5  (cost=0.43..377.57 rows=95 width=121)
	  Index Cond: ((id >= 7025890) AND (id <= 7025989))

table 6 : explain SELECT c FROM sbtest6 WHERE id BETWEEN 9740539 AND 9740638
	Index Scan using sbtest6_pkey on sbtest6  (cost=0.43..378.90 rows=95 width=121)
	  Index Cond: ((id >= 9740539) AND (id <= 9740638))

table 7 : explain SELECT c FROM sbtest7 WHERE id BETWEEN 3532669 AND 3532768
	Index Scan using sbtest7_pkey on sbtest7  (cost=0.43..416.41 rows=105 width=121)
	  Index Cond: ((id >= 3532669) AND (id <= 3532768))

table 8 : explain SELECT c FROM sbtest8 WHERE id BETWEEN 6528061 AND 6528160
	Index Scan using sbtest8_pkey on sbtest8  (cost=0.43..407.55 rows=103 width=121)
	  Index Cond: ((id >= 6528061) AND (id <= 6528160))

for: simple_ranges
table 1 : explain SELECT c FROM sbtest1 WHERE id BETWEEN 1986633 AND 1986732
	Index Scan using sbtest1_pkey on sbtest1  (cost=0.43..405.94 rows=102 width=121)
	  Index Cond: ((id >= 1986633) AND (id <= 1986732))

table 2 : explain SELECT c FROM sbtest2 WHERE id BETWEEN 9053181 AND 9053280
	Index Scan using sbtest2_pkey on sbtest2  (cost=0.43..365.63 rows=92 width=121)
	  Index Cond: ((id >= 9053181) AND (id <= 9053280))

table 3 : explain SELECT c FROM sbtest3 WHERE id BETWEEN 992786 AND 992885
	Index Scan using sbtest3_pkey on sbtest3  (cost=0.43..386.23 rows=97 width=121)
	  Index Cond: ((id >= 992786) AND (id <= 992885))

table 4 : explain SELECT c FROM sbtest4 WHERE id BETWEEN 2450164 AND 2450263
	Index Scan using sbtest4_pkey on sbtest4  (cost=0.43..408.56 rows=103 width=121)
	  Index Cond: ((id >= 2450164) AND (id <= 2450263))

table 5 : explain SELECT c FROM sbtest5 WHERE id BETWEEN 4101788 AND 4101887
	Index Scan using sbtest5_pkey on sbtest5  (cost=0.43..385.42 rows=97 width=121)
	  Index Cond: ((id >= 4101788) AND (id <= 4101887))

table 6 : explain SELECT c FROM sbtest6 WHERE id BETWEEN 1045765 AND 1045864
	Index Scan using sbtest6_pkey on sbtest6  (cost=0.43..386.78 rows=97 width=121)
	  Index Cond: ((id >= 1045765) AND (id <= 1045864))

table 7 : explain SELECT c FROM sbtest7 WHERE id BETWEEN 9175178 AND 9175277
	Index Scan using sbtest7_pkey on sbtest7  (cost=0.43..385.01 rows=97 width=121)
	  Index Cond: ((id >= 9175178) AND (id <= 9175277))

table 8 : explain SELECT c FROM sbtest8 WHERE id BETWEEN 1140085 AND 1140184
	Index Scan using sbtest8_pkey on sbtest8  (cost=0.43..387.99 rows=98 width=121)
	  Index Cond: ((id >= 1140085) AND (id <= 1140184))

for: simple_ranges
table 1 : explain SELECT c FROM sbtest1 WHERE id BETWEEN 8451973 AND 8452072
	Index Scan using sbtest1_pkey on sbtest1  (cost=0.43..386.27 rows=97 width=121)
	  Index Cond: ((id >= 8451973) AND (id <= 8452072))

table 2 : explain SELECT c FROM sbtest2 WHERE id BETWEEN 4191743 AND 4191842
	Index Scan using sbtest2_pkey on sbtest2  (cost=0.43..369.55 rows=93 width=121)
	  Index Cond: ((id >= 4191743) AND (id <= 4191842))

table 3 : explain SELECT c FROM sbtest3 WHERE id BETWEEN 5257146 AND 5257245
	Index Scan using sbtest3_pkey on sbtest3  (cost=0.43..417.70 rows=105 width=121)
	  Index Cond: ((id >= 5257146) AND (id <= 5257245))

table 4 : explain SELECT c FROM sbtest4 WHERE id BETWEEN 7176724 AND 7176823
	Index Scan using sbtest4_pkey on sbtest4  (cost=0.43..388.95 rows=98 width=121)
	  Index Cond: ((id >= 7176724) AND (id <= 7176823))

table 5 : explain SELECT c FROM sbtest5 WHERE id BETWEEN 9327103 AND 9327202
	Index Scan using sbtest5_pkey on sbtest5  (cost=0.43..365.77 rows=92 width=121)
	  Index Cond: ((id >= 9327103) AND (id <= 9327202))

table 6 : explain SELECT c FROM sbtest6 WHERE id BETWEEN 9005654 AND 9005753
	Index Scan using sbtest6_pkey on sbtest6  (cost=0.43..406.48 rows=102 width=121)
	  Index Cond: ((id >= 9005654) AND (id <= 9005753))

table 7 : explain SELECT c FROM sbtest7 WHERE id BETWEEN 307433 AND 307532
	Index Scan using sbtest7_pkey on sbtest7  (cost=0.43..369.32 rows=93 width=121)
	  Index Cond: ((id >= 307433) AND (id <= 307532))

table 8 : explain SELECT c FROM sbtest8 WHERE id BETWEEN 2775540 AND 2775639
	Index Scan using sbtest8_pkey on sbtest8  (cost=0.43..364.49 rows=92 width=121)
	  Index Cond: ((id >= 2775540) AND (id <= 2775639))

for: simple_ranges
table 1 : explain SELECT c FROM sbtest1 WHERE id BETWEEN 8465506 AND 8465605
	Index Scan using sbtest1_pkey on sbtest1  (cost=0.43..386.27 rows=97 width=121)
	  Index Cond: ((id >= 8465506) AND (id <= 8465605))

table 2 : explain SELECT c FROM sbtest2 WHERE id BETWEEN 9954393 AND 9954492
	Index Scan using sbtest2_pkey on sbtest2  (cost=0.43..381.35 rows=96 width=121)
	  Index Cond: ((id >= 9954393) AND (id <= 9954492))

table 3 : explain SELECT c FROM sbtest3 WHERE id BETWEEN 78384 AND 78483
	Index Scan using sbtest3_pkey on sbtest3  (cost=0.43..449.18 rows=113 width=121)
	  Index Cond: ((id >= 78384) AND (id <= 78483))

table 4 : explain SELECT c FROM sbtest4 WHERE id BETWEEN 7675580 AND 7675679
	Index Scan using sbtest4_pkey on sbtest4  (cost=0.43..432.09 rows=109 width=121)
	  Index Cond: ((id >= 7675580) AND (id <= 7675679))

table 5 : explain SELECT c FROM sbtest5 WHERE id BETWEEN 4928936 AND 4929035
	Index Scan using sbtest5_pkey on sbtest5  (cost=0.43..369.69 rows=93 width=121)
	  Index Cond: ((id >= 4928936) AND (id <= 4929035))

table 6 : explain SELECT c FROM sbtest6 WHERE id BETWEEN 4105155 AND 4105254
	Index Scan using sbtest6_pkey on sbtest6  (cost=0.43..370.99 rows=93 width=121)
	  Index Cond: ((id >= 4105155) AND (id <= 4105254))

table 7 : explain SELECT c FROM sbtest7 WHERE id BETWEEN 5319403 AND 5319502
	Index Scan using sbtest7_pkey on sbtest7  (cost=0.43..373.24 rows=94 width=121)
	  Index Cond: ((id >= 5319403) AND (id <= 5319502))

table 8 : explain SELECT c FROM sbtest8 WHERE id BETWEEN 4061703 AND 4061802
	Index Scan using sbtest8_pkey on sbtest8  (cost=0.43..403.64 rows=102 width=121)
	  Index Cond: ((id >= 4061703) AND (id <= 4061802))

for: sum_ranges
table 1 : explain SELECT SUM(k) FROM sbtest1 WHERE id BETWEEN 446635 AND 446734
	Aggregate  (cost=406.20..406.21 rows=1 width=8)
	  ->  Index Scan using sbtest1_pkey on sbtest1  (cost=0.43..405.94 rows=102 width=4)
	        Index Cond: ((id >= 446635) AND (id <= 446734))

table 2 : explain SELECT SUM(k) FROM sbtest2 WHERE id BETWEEN 5780448 AND 5780547
	Aggregate  (cost=452.27..452.28 rows=1 width=8)
	  ->  Index Scan using sbtest2_pkey on sbtest2  (cost=0.43..451.99 rows=114 width=4)
	        Index Cond: ((id >= 5780448) AND (id <= 5780547))

table 3 : explain SELECT SUM(k) FROM sbtest3 WHERE id BETWEEN 8804006 AND 8804105
	Aggregate  (cost=402.22..402.23 rows=1 width=8)
	  ->  Index Scan using sbtest3_pkey on sbtest3  (cost=0.43..401.96 rows=101 width=4)
	        Index Cond: ((id >= 8804006) AND (id <= 8804105))

table 4 : explain SELECT SUM(k) FROM sbtest4 WHERE id BETWEEN 9084059 AND 9084158
	Aggregate  (cost=377.42..377.43 rows=1 width=8)
	  ->  Index Scan using sbtest4_pkey on sbtest4  (cost=0.43..377.19 rows=95 width=4)
	        Index Cond: ((id >= 9084059) AND (id <= 9084158))

table 5 : explain SELECT SUM(k) FROM sbtest5 WHERE id BETWEEN 8172280 AND 8172379
	Aggregate  (cost=417.09..417.10 rows=1 width=8)
	  ->  Index Scan using sbtest5_pkey on sbtest5  (cost=0.43..416.83 rows=105 width=4)
	        Index Cond: ((id >= 8172280) AND (id <= 8172379))

table 6 : explain SELECT SUM(k) FROM sbtest6 WHERE id BETWEEN 1124200 AND 1124299
	Aggregate  (cost=398.85..398.86 rows=1 width=8)
	  ->  Index Scan using sbtest6_pkey on sbtest6  (cost=0.43..398.60 rows=100 width=4)
	        Index Cond: ((id >= 1124200) AND (id <= 1124299))

table 7 : explain SELECT SUM(k) FROM sbtest7 WHERE id BETWEEN 1066073 AND 1066172
	Aggregate  (cost=400.97..400.98 rows=1 width=8)
	  ->  Index Scan using sbtest7_pkey on sbtest7  (cost=0.43..400.72 rows=101 width=4)
	        Index Cond: ((id >= 1066073) AND (id <= 1066172))

table 8 : explain SELECT SUM(k) FROM sbtest8 WHERE id BETWEEN 7307741 AND 7307840
	Aggregate  (cost=431.29..431.30 rows=1 width=8)
	  ->  Index Scan using sbtest8_pkey on sbtest8  (cost=0.43..431.02 rows=109 width=4)
	        Index Cond: ((id >= 7307741) AND (id <= 7307840))

for: sum_ranges
table 1 : explain SELECT SUM(k) FROM sbtest1 WHERE id BETWEEN 5510361 AND 5510460
	Aggregate  (cost=398.32..398.33 rows=1 width=8)
	  ->  Index Scan using sbtest1_pkey on sbtest1  (cost=0.43..398.07 rows=100 width=4)
	        Index Cond: ((id >= 5510361) AND (id <= 5510460))

table 2 : explain SELECT SUM(k) FROM sbtest2 WHERE id BETWEEN 8393166 AND 8393265
	Aggregate  (cost=413.01..413.02 rows=1 width=8)
	  ->  Index Scan using sbtest2_pkey on sbtest2  (cost=0.43..412.75 rows=104 width=4)
	        Index Cond: ((id >= 8393166) AND (id <= 8393265))

table 3 : explain SELECT SUM(k) FROM sbtest3 WHERE id BETWEEN 8978566 AND 8978665
	Aggregate  (cost=398.28..398.29 rows=1 width=8)
	  ->  Index Scan using sbtest3_pkey on sbtest3  (cost=0.43..398.03 rows=100 width=4)
	        Index Cond: ((id >= 8978566) AND (id <= 8978665))

table 4 : explain SELECT SUM(k) FROM sbtest4 WHERE id BETWEEN 3314634 AND 3314733
	Aggregate  (cost=385.27..385.28 rows=1 width=8)
	  ->  Index Scan using sbtest4_pkey on sbtest4  (cost=0.43..385.03 rows=97 width=4)
	        Index Cond: ((id >= 3314634) AND (id <= 3314733))

table 5 : explain SELECT SUM(k) FROM sbtest5 WHERE id BETWEEN 6576343 AND 6576442
	Aggregate  (cost=362.07..362.08 rows=1 width=8)
	  ->  Index Scan using sbtest5_pkey on sbtest5  (cost=0.43..361.84 rows=91 width=4)
	        Index Cond: ((id >= 6576343) AND (id <= 6576442))

table 6 : explain SELECT SUM(k) FROM sbtest6 WHERE id BETWEEN 6757786 AND 6757885
	Aggregate  (cost=422.50..422.51 rows=1 width=8)
	  ->  Index Scan using sbtest6_pkey on sbtest6  (cost=0.43..422.24 rows=106 width=4)
	        Index Cond: ((id >= 6757786) AND (id <= 6757885))

table 7 : explain SELECT SUM(k) FROM sbtest7 WHERE id BETWEEN 5010180 AND 5010279
	Aggregate  (cost=377.40..377.41 rows=1 width=8)
	  ->  Index Scan using sbtest7_pkey on sbtest7  (cost=0.43..377.16 rows=95 width=4)
	        Index Cond: ((id >= 5010180) AND (id <= 5010279))

table 8 : explain SELECT SUM(k) FROM sbtest8 WHERE id BETWEEN 843563 AND 843662
	Aggregate  (cost=415.63..415.64 rows=1 width=8)
	  ->  Index Scan using sbtest8_pkey on sbtest8  (cost=0.43..415.37 rows=105 width=4)
	        Index Cond: ((id >= 843563) AND (id <= 843662))

explain: for point_selects :: explain SELECT c FROM sbtest%u WHERE id=%u
for point_selects
table 1 : explain SELECT c FROM sbtest1 WHERE id=1072568
	Index Scan using sbtest1_pkey on sbtest1  (cost=0.43..8.45 rows=1 width=121)
	  Index Cond: (id = 1072568)

table 2 : explain SELECT c FROM sbtest2 WHERE id=2553344
	Index Scan using sbtest2_pkey on sbtest2  (cost=0.43..8.45 rows=1 width=121)
	  Index Cond: (id = 2553344)

table 3 : explain SELECT c FROM sbtest3 WHERE id=1249733
	Index Scan using sbtest3_pkey on sbtest3  (cost=0.43..8.45 rows=1 width=121)
	  Index Cond: (id = 1249733)

table 4 : explain SELECT c FROM sbtest4 WHERE id=1941957
	Index Scan using sbtest4_pkey on sbtest4  (cost=0.43..8.45 rows=1 width=121)
	  Index Cond: (id = 1941957)

table 5 : explain SELECT c FROM sbtest5 WHERE id=3234651
	Index Scan using sbtest5_pkey on sbtest5  (cost=0.43..8.45 rows=1 width=121)
	  Index Cond: (id = 3234651)

table 6 : explain SELECT c FROM sbtest6 WHERE id=1980245
	Index Scan using sbtest6_pkey on sbtest6  (cost=0.43..8.45 rows=1 width=121)
	  Index Cond: (id = 1980245)

table 7 : explain SELECT c FROM sbtest7 WHERE id=3413616
	Index Scan using sbtest7_pkey on sbtest7  (cost=0.43..8.45 rows=1 width=121)
	  Index Cond: (id = 3413616)

table 8 : explain SELECT c FROM sbtest8 WHERE id=4374444
	Index Scan using sbtest8_pkey on sbtest8  (cost=0.43..8.45 rows=1 width=121)
	  Index Cond: (id = 4374444)

explain: for point_selects :: explain SELECT c FROM sbtest%u WHERE id=%u
explain: for point_selects :: explain SELECT c FROM sbtest%u WHERE id=%u
for: sum_ranges
table 1 : explain SELECT SUM(k) FROM sbtest1 WHERE id BETWEEN 3191560 AND 3191659
	Aggregate  (cost=406.20..406.21 rows=1 width=8)
	  ->  Index Scan using sbtest1_pkey on sbtest1  (cost=0.43..405.94 rows=102 width=4)
	        Index Cond: ((id >= 3191560) AND (id <= 3191659))

table 2 : explain SELECT SUM(k) FROM sbtest2 WHERE id BETWEEN 1283772 AND 1283871
	Aggregate  (cost=413.01..413.02 rows=1 width=8)
	  ->  Index Scan using sbtest2_pkey on sbtest2  (cost=0.43..412.75 rows=104 width=4)
	        Index Cond: ((id >= 1283772) AND (id <= 1283871))

table 3 : explain SELECT SUM(k) FROM sbtest3 WHERE id BETWEEN 8140368 AND 8140467
	Aggregate  (cost=406.15..406.16 rows=1 width=8)
	  ->  Index Scan using sbtest3_pkey on sbtest3  (cost=0.43..405.90 rows=102 width=4)
	        Index Cond: ((id >= 8140368) AND (id <= 8140467))

table 4 : explain SELECT SUM(k) FROM sbtest4 WHERE id BETWEEN 2120035 AND 2120134
	Aggregate  (cost=381.35..381.36 rows=1 width=8)
	  ->  Index Scan using sbtest4_pkey on sbtest4  (cost=0.43..381.11 rows=96 width=4)
	        Index Cond: ((id >= 2120035) AND (id <= 2120134))

table 5 : explain SELECT SUM(k) FROM sbtest5 WHERE id BETWEEN 4510021 AND 4510120
	Aggregate  (cost=468.16..468.17 rows=1 width=8)
	  ->  Index Scan using sbtest5_pkey on sbtest5  (cost=0.43..467.87 rows=118 width=4)
	        Index Cond: ((id >= 4510021) AND (id <= 4510120))

table 6 : explain SELECT SUM(k) FROM sbtest6 WHERE id BETWEEN 8167796 AND 8167895
	Aggregate  (cost=406.73..406.74 rows=1 width=8)
	  ->  Index Scan using sbtest6_pkey on sbtest6  (cost=0.43..406.48 rows=102 width=4)
	        Index Cond: ((id >= 8167796) AND (id <= 8167895))

table 7 : explain SELECT SUM(k) FROM sbtest7 WHERE id BETWEEN 5434094 AND 5434193
	Aggregate  (cost=353.85..353.86 rows=1 width=8)
	  ->  Index Scan using sbtest7_pkey on sbtest7  (cost=0.43..353.63 rows=89 width=4)
	        Index Cond: ((id >= 5434094) AND (id <= 5434193))

table 8 : explain SELECT SUM(k) FROM sbtest8 WHERE id BETWEEN 5595815 AND 5595914
	Aggregate  (cost=403.89..403.90 rows=1 width=8)
	  ->  Index Scan using sbtest8_pkey on sbtest8  (cost=0.43..403.64 rows=102 width=4)
	        Index Cond: ((id >= 5595815) AND (id <= 5595914))

for: sum_ranges
table 1 : explain SELECT SUM(k) FROM sbtest1 WHERE id BETWEEN 6769241 AND 6769340
	Aggregate  (cost=354.99..355.00 rows=1 width=8)
	  ->  Index Scan using sbtest1_pkey on sbtest1  (cost=0.43..354.77 rows=89 width=4)
	        Index Cond: ((id >= 6769241) AND (id <= 6769340))

table 2 : explain SELECT SUM(k) FROM sbtest2 WHERE id BETWEEN 2375765 AND 2375864
	Aggregate  (cost=420.86..420.87 rows=1 width=8)
	  ->  Index Scan using sbtest2_pkey on sbtest2  (cost=0.43..420.59 rows=106 width=4)
	        Index Cond: ((id >= 2375765) AND (id <= 2375864))

table 3 : explain SELECT SUM(k) FROM sbtest3 WHERE id BETWEEN 5248975 AND 5249074
	Aggregate  (cost=417.96..417.97 rows=1 width=8)
	  ->  Index Scan using sbtest3_pkey on sbtest3  (cost=0.43..417.70 rows=105 width=4)
	        Index Cond: ((id >= 5248975) AND (id <= 5249074))

table 4 : explain SELECT SUM(k) FROM sbtest4 WHERE id BETWEEN 4002426 AND 4002525
	Aggregate  (cost=369.55..369.56 rows=1 width=8)
	  ->  Index Scan using sbtest4_pkey on sbtest4  (cost=0.43..369.32 rows=93 width=4)
	        Index Cond: ((id >= 4002426) AND (id <= 4002525))

table 5 : explain SELECT SUM(k) FROM sbtest5 WHERE id BETWEEN 4280464 AND 4280563
	Aggregate  (cost=389.59..389.60 rows=1 width=8)
	  ->  Index Scan using sbtest5_pkey on sbtest5  (cost=0.43..389.35 rows=98 width=4)
	        Index Cond: ((id >= 4280464) AND (id <= 4280563))

table 6 : explain SELECT SUM(k) FROM sbtest6 WHERE id BETWEEN 3997152 AND 3997251
	Aggregate  (cost=414.62..414.63 rows=1 width=8)
	  ->  Index Scan using sbtest6_pkey on sbtest6  (cost=0.43..414.36 rows=104 width=4)
	        Index Cond: ((id >= 3997152) AND (id <= 3997251))

table 7 : explain SELECT SUM(k) FROM sbtest7 WHERE id BETWEEN 3357196 AND 3357295
	Aggregate  (cost=385.27..385.28 rows=1 width=8)
	  ->  Index Scan using sbtest7_pkey on sbtest7  (cost=0.43..385.03 rows=97 width=4)
	        Index Cond: ((id >= 3357196) AND (id <= 3357295))

table 8 : explain SELECT SUM(k) FROM sbtest8 WHERE id BETWEEN 999954 AND 1000053
	Aggregate  (cost=376.49..376.50 rows=1 width=8)
	  ->  Index Scan using sbtest8_pkey on sbtest8  (cost=0.43..376.25 rows=95 width=4)
	        Index Cond: ((id >= 999954) AND (id <= 1000053))

for point_selects
table 1 : explain SELECT c FROM sbtest1 WHERE id=6100782
	Index Scan using sbtest1_pkey on sbtest1  (cost=0.43..8.45 rows=1 width=121)
	  Index Cond: (id = 6100782)

table 2 : explain SELECT c FROM sbtest2 WHERE id=8639358
	Index Scan using sbtest2_pkey on sbtest2  (cost=0.43..8.45 rows=1 width=121)
	  Index Cond: (id = 8639358)

table 3 : explain SELECT c FROM sbtest3 WHERE id=7360487
	Index Scan using sbtest3_pkey on sbtest3  (cost=0.43..8.45 rows=1 width=121)
	  Index Cond: (id = 7360487)

table 4 : explain SELECT c FROM sbtest4 WHERE id=2454899
	Index Scan using sbtest4_pkey on sbtest4  (cost=0.43..8.45 rows=1 width=121)
	  Index Cond: (id = 2454899)

table 5 : explain SELECT c FROM sbtest5 WHERE id=4618272
	Index Scan using sbtest5_pkey on sbtest5  (cost=0.43..8.45 rows=1 width=121)
	  Index Cond: (id = 4618272)

table 6 : explain SELECT c FROM sbtest6 WHERE id=2328730
	Index Scan using sbtest6_pkey on sbtest6  (cost=0.43..8.45 rows=1 width=121)
	  Index Cond: (id = 2328730)

table 7 : explain SELECT c FROM sbtest7 WHERE id=8146640
	Index Scan using sbtest7_pkey on sbtest7  (cost=0.43..8.45 rows=1 width=121)
	  Index Cond: (id = 8146640)

table 8 : explain SELECT c FROM sbtest8 WHERE id=9302554
	Index Scan using sbtest8_pkey on sbtest8  (cost=0.43..8.45 rows=1 width=121)
	  Index Cond: (id = 9302554)

for: sum_ranges
table 1 : explain SELECT SUM(k) FROM sbtest1 WHERE id BETWEEN 1697045 AND 1697144
	Aggregate  (cost=406.20..406.21 rows=1 width=8)
	  ->  Index Scan using sbtest1_pkey on sbtest1  (cost=0.43..405.94 rows=102 width=4)
	        Index Cond: ((id >= 1697045) AND (id <= 1697144))

table 2 : explain SELECT SUM(k) FROM sbtest2 WHERE id BETWEEN 9640139 AND 9640238
	Aggregate  (cost=397.30..397.31 rows=1 width=8)
	  ->  Index Scan using sbtest2_pkey on sbtest2  (cost=0.43..397.05 rows=100 width=4)
	        Index Cond: ((id >= 9640139) AND (id <= 9640238))

table 3 : explain SELECT SUM(k) FROM sbtest3 WHERE id BETWEEN 6075044 AND 6075143
	Aggregate  (cost=449.46..449.47 rows=1 width=8)
	  ->  Index Scan using sbtest3_pkey on sbtest3  (cost=0.43..449.18 rows=113 width=4)
	        Index Cond: ((id >= 6075044) AND (id <= 6075143))

table 4 : explain SELECT SUM(k) FROM sbtest4 WHERE id BETWEEN 7025207 AND 7025306
	Aggregate  (cost=373.47..373.48 rows=1 width=8)
	  ->  Index Scan using sbtest4_pkey on sbtest4  (cost=0.43..373.24 rows=94 width=4)
	        Index Cond: ((id >= 7025207) AND (id <= 7025306))

table 5 : explain SELECT SUM(k) FROM sbtest5 WHERE id BETWEEN 2990724 AND 2990823
	Aggregate  (cost=377.81..377.82 rows=1 width=8)
	  ->  Index Scan using sbtest5_pkey on sbtest5  (cost=0.43..377.57 rows=95 width=4)
	        Index Cond: ((id >= 2990724) AND (id <= 2990823))

table 6 : explain SELECT SUM(k) FROM sbtest6 WHERE id BETWEEN 910747 AND 910846
	Aggregate  (cost=426.45..426.46 rows=1 width=8)
	  ->  Index Scan using sbtest6_pkey on sbtest6  (cost=0.43..426.18 rows=107 width=4)
	        Index Cond: ((id >= 910747) AND (id <= 910846))

table 7 : explain SELECT SUM(k) FROM sbtest7 WHERE id BETWEEN 1291154 AND 1291253
	Aggregate  (cost=381.32..381.33 rows=1 width=8)
	  ->  Index Scan using sbtest7_pkey on sbtest7  (cost=0.43..381.08 rows=96 width=4)
	        Index Cond: ((id >= 1291154) AND (id <= 1291253))

table 8 : explain SELECT SUM(k) FROM sbtest8 WHERE id BETWEEN 157571 AND 157670
	Aggregate  (cost=392.15..392.16 rows=1 width=8)
	  ->  Index Scan using sbtest8_pkey on sbtest8  (cost=0.43..391.90 rows=99 width=4)
	        Index Cond: ((id >= 157571) AND (id <= 157670))

for: order_ranges
table 1 : explain SELECT c FROM sbtest1 WHERE id BETWEEN 7082955 AND 7083054 ORDER BY c
	Sort  (cost=385.50..385.74 rows=96 width=121)
	  Sort Key: c
	  ->  Index Scan using sbtest1_pkey on sbtest1  (cost=0.43..382.33 rows=96 width=121)
	        Index Cond: ((id >= 7082955) AND (id <= 7083054))

table 2 : explain SELECT c FROM sbtest2 WHERE id BETWEEN 1232258 AND 1232357 ORDER BY c
	Sort  (cost=416.23..416.49 rows=104 width=121)
	  Sort Key: c
	  ->  Index Scan using sbtest2_pkey on sbtest2  (cost=0.43..412.75 rows=104 width=121)
	        Index Cond: ((id >= 1232258) AND (id <= 1232357))

table 3 : explain SELECT c FROM sbtest3 WHERE id BETWEEN 6153991 AND 6154090 ORDER BY c
	Sort  (cost=425.20..425.47 rows=106 width=121)
	  Sort Key: c
	  ->  Index Scan using sbtest3_pkey on sbtest3  (cost=0.43..421.64 rows=106 width=121)
	        Index Cond: ((id >= 6153991) AND (id <= 6154090))

table 4 : explain SELECT c FROM sbtest4 WHERE id BETWEEN 6560476 AND 6560575 ORDER BY c
	Sort  (cost=431.82..432.09 rows=108 width=121)
	  Sort Key: c
	  ->  Index Scan using sbtest4_pkey on sbtest4  (cost=0.43..428.17 rows=108 width=121)
	        Index Cond: ((id >= 6560476) AND (id <= 6560575))

table 5 : explain SELECT c FROM sbtest5 WHERE id BETWEEN 3590749 AND 3590848 ORDER BY c
	Sort  (cost=400.52..400.77 rows=100 width=121)
	  Sort Key: c
	  ->  Index Scan using sbtest5_pkey on sbtest5  (cost=0.43..397.20 rows=100 width=121)
	        Index Cond: ((id >= 3590749) AND (id <= 3590848))

table 6 : explain SELECT c FROM sbtest6 WHERE id BETWEEN 3453500 AND 3453599 ORDER BY c
	Sort  (cost=401.92..402.17 rows=100 width=121)
	  Sort Key: c
	  ->  Index Scan using sbtest6_pkey on sbtest6  (cost=0.43..398.60 rows=100 width=121)
	        Index Cond: ((id >= 3453500) AND (id <= 3453599))

table 7 : explain SELECT c FROM sbtest7 WHERE id BETWEEN 2554349 AND 2554448 ORDER BY c
	Sort  (cost=435.78..436.05 rows=109 width=121)
	  Sort Key: c
	  ->  Index Scan using sbtest7_pkey on sbtest7  (cost=0.43..432.09 rows=109 width=121)
	        Index Cond: ((id >= 2554349) AND (id <= 2554448))

table 8 : explain SELECT c FROM sbtest8 WHERE id BETWEEN 1750972 AND 1751071 ORDER BY c
	Sort  (cost=430.76..431.03 rows=108 width=121)
	  Sort Key: c
	  ->  Index Scan using sbtest8_pkey on sbtest8  (cost=0.43..427.11 rows=108 width=121)
	        Index Cond: ((id >= 1750972) AND (id <= 1751071))

for: simple_ranges
table 1 : explain SELECT c FROM sbtest1 WHERE id BETWEEN 2724001 AND 2724100
	Index Scan using sbtest1_pkey on sbtest1  (cost=0.43..402.01 rows=101 width=121)
	  Index Cond: ((id >= 2724001) AND (id <= 2724100))

table 2 : explain SELECT c FROM sbtest2 WHERE id BETWEEN 8979782 AND 8979881
	Index Scan using sbtest2_pkey on sbtest2  (cost=0.43..408.82 rows=103 width=121)
	  Index Cond: ((id >= 8979782) AND (id <= 8979881))

table 3 : explain SELECT c FROM sbtest3 WHERE id BETWEEN 5805124 AND 5805223
	Index Scan using sbtest3_pkey on sbtest3  (cost=0.43..390.16 rows=98 width=121)
	  Index Cond: ((id >= 5805124) AND (id <= 5805223))

table 4 : explain SELECT c FROM sbtest4 WHERE id BETWEEN 2624570 AND 2624669
	Index Scan using sbtest4_pkey on sbtest4  (cost=0.43..412.48 rows=104 width=121)
	  Index Cond: ((id >= 2624570) AND (id <= 2624669))

table 5 : explain SELECT c FROM sbtest5 WHERE id BETWEEN 6251632 AND 6251731
	Index Scan using sbtest5_pkey on sbtest5  (cost=0.43..381.49 rows=96 width=121)
	  Index Cond: ((id >= 6251632) AND (id <= 6251731))

table 6 : explain SELECT c FROM sbtest6 WHERE id BETWEEN 6832733 AND 6832832
	Index Scan using sbtest6_pkey on sbtest6  (cost=0.43..406.48 rows=102 width=121)
	  Index Cond: ((id >= 6832733) AND (id <= 6832832))

table 7 : explain SELECT c FROM sbtest7 WHERE id BETWEEN 8944859 AND 8944958
	Index Scan using sbtest7_pkey on sbtest7  (cost=0.43..412.48 rows=104 width=121)
	  Index Cond: ((id >= 8944859) AND (id <= 8944958))

table 8 : explain SELECT c FROM sbtest8 WHERE id BETWEEN 6893524 AND 6893623
	Index Scan using sbtest8_pkey on sbtest8  (cost=0.43..403.64 rows=102 width=121)
	  Index Cond: ((id >= 6893524) AND (id <= 6893623))

for: order_ranges
table 1 : explain SELECT c FROM sbtest1 WHERE id BETWEEN 3702102 AND 3702201 ORDER BY c
	Sort  (cost=393.45..393.69 rows=98 width=121)
	  Sort Key: c
	  ->  Index Scan using sbtest1_pkey on sbtest1  (cost=0.43..390.20 rows=98 width=121)
	        Index Cond: ((id >= 3702102) AND (id <= 3702201))

table 2 : explain SELECT c FROM sbtest2 WHERE id BETWEEN 7552566 AND 7552665 ORDER BY c
	Sort  (cost=380.55..380.78 rows=95 width=121)
	  Sort Key: c
	  ->  Index Scan using sbtest2_pkey on sbtest2  (cost=0.43..377.43 rows=95 width=121)
	        Index Cond: ((id >= 7552566) AND (id <= 7552665))

table 3 : explain SELECT c FROM sbtest3 WHERE id BETWEEN 196745 AND 196844 ORDER BY c
	Sort  (cost=421.23..421.49 rows=105 width=121)
	  Sort Key: c
	  ->  Index Scan using sbtest3_pkey on sbtest3  (cost=0.43..417.70 rows=105 width=121)
	        Index Cond: ((id >= 196745) AND (id <= 196844))

table 4 : explain SELECT c FROM sbtest4 WHERE id BETWEEN 3238215 AND 3238314 ORDER BY c
	Sort  (cost=396.15..396.40 rows=99 width=121)
	  Sort Key: c
	  ->  Index Scan using sbtest4_pkey on sbtest4  (cost=0.43..392.87 rows=99 width=121)
	        Index Cond: ((id >= 3238215) AND (id <= 3238314))

table 5 : explain SELECT c FROM sbtest5 WHERE id BETWEEN 3201862 AND 3201961 ORDER BY c
	Sort  (cost=392.59..392.83 rows=98 width=121)
	  Sort Key: c
	  ->  Index Scan using sbtest5_pkey on sbtest5  (cost=0.43..389.35 rows=98 width=121)
	        Index Cond: ((id >= 3201862) AND (id <= 3201961))

table 6 : explain SELECT c FROM sbtest6 WHERE id BETWEEN 6365268 AND 6365367 ORDER BY c
	Sort  (cost=449.69..449.97 rows=112 width=121)
	  Sort Key: c
	  ->  Index Scan using sbtest6_pkey on sbtest6  (cost=0.43..445.88 rows=112 width=121)
	        Index Cond: ((id >= 6365268) AND (id <= 6365367))

table 7 : explain SELECT c FROM sbtest7 WHERE id BETWEEN 252786 AND 252885 ORDER BY c
	Sort  (cost=388.23..388.47 rows=97 width=121)
	  Sort Key: c
	  ->  Index Scan using sbtest7_pkey on sbtest7  (cost=0.43..385.03 rows=97 width=121)
	        Index Cond: ((id >= 252786) AND (id <= 252885))

table 8 : explain SELECT c FROM sbtest8 WHERE id BETWEEN 5363670 AND 5363769 ORDER BY c
	Sort  (cost=387.28..387.52 rows=97 width=121)
	  Sort Key: c
	  ->  Index Scan using sbtest8_pkey on sbtest8  (cost=0.43..384.08 rows=97 width=121)
	        Index Cond: ((id >= 5363670) AND (id <= 5363769))

for: simple_ranges
table 1 : explain SELECT c FROM sbtest1 WHERE id BETWEEN 4604133 AND 4604232
	Index Scan using sbtest1_pkey on sbtest1  (cost=0.43..409.88 rows=103 width=121)
	  Index Cond: ((id >= 4604133) AND (id <= 4604232))

table 2 : explain SELECT c FROM sbtest2 WHERE id BETWEEN 5916332 AND 5916431
	Index Scan using sbtest2_pkey on sbtest2  (cost=0.43..389.20 rows=98 width=121)
	  Index Cond: ((id >= 5916332) AND (id <= 5916431))

table 3 : explain SELECT c FROM sbtest3 WHERE id BETWEEN 1940137 AND 1940236
	Index Scan using sbtest3_pkey on sbtest3  (cost=0.43..425.57 rows=107 width=121)
	  Index Cond: ((id >= 1940137) AND (id <= 1940236))

table 4 : explain SELECT c FROM sbtest4 WHERE id BETWEEN 4109131 AND 4109230
	Index Scan using sbtest4_pkey on sbtest4  (cost=0.43..381.11 rows=96 width=121)
	  Index Cond: ((id >= 4109131) AND (id <= 4109230))

table 5 : explain SELECT c FROM sbtest5 WHERE id BETWEEN 9467410 AND 9467509
	Index Scan using sbtest5_pkey on sbtest5  (cost=0.43..401.12 rows=101 width=121)
	  Index Cond: ((id >= 9467410) AND (id <= 9467509))

table 6 : explain SELECT c FROM sbtest6 WHERE id BETWEEN 5356113 AND 5356212
	Index Scan using sbtest6_pkey on sbtest6  (cost=0.43..430.12 rows=108 width=121)
	  Index Cond: ((id >= 5356113) AND (id <= 5356212))

table 7 : explain SELECT c FROM sbtest7 WHERE id BETWEEN 6270990 AND 6271089
	Index Scan using sbtest7_pkey on sbtest7  (cost=0.43..365.40 rows=92 width=121)
	  Index Cond: ((id >= 6270990) AND (id <= 6271089))

table 8 : explain SELECT c FROM sbtest8 WHERE id BETWEEN 3819750 AND 3819849
	Index Scan using sbtest8_pkey on sbtest8  (cost=0.43..387.99 rows=98 width=121)
	  Index Cond: ((id >= 3819750) AND (id <= 3819849))

for: sum_ranges
table 1 : explain SELECT SUM(k) FROM sbtest1 WHERE id BETWEEN 2746800 AND 2746899
	Aggregate  (cost=402.26..402.27 rows=1 width=8)
	  ->  Index Scan using sbtest1_pkey on sbtest1  (cost=0.43..402.01 rows=101 width=4)
	        Index Cond: ((id >= 2746800) AND (id <= 2746899))

table 2 : explain SELECT SUM(k) FROM sbtest2 WHERE id BETWEEN 6324786 AND 6324885
	Aggregate  (cost=377.66..377.67 rows=1 width=8)
	  ->  Index Scan using sbtest2_pkey on sbtest2  (cost=0.43..377.43 rows=95 width=4)
	        Index Cond: ((id >= 6324786) AND (id <= 6324885))

table 3 : explain SELECT SUM(k) FROM sbtest3 WHERE id BETWEEN 292995 AND 293094
	Aggregate  (cost=362.83..362.84 rows=1 width=8)
	  ->  Index Scan using sbtest3_pkey on sbtest3  (cost=0.43..362.60 rows=91 width=4)
	        Index Cond: ((id >= 292995) AND (id <= 293094))

table 4 : explain SELECT SUM(k) FROM sbtest4 WHERE id BETWEEN 7295239 AND 7295338
	Aggregate  (cost=385.27..385.28 rows=1 width=8)
	  ->  Index Scan using sbtest4_pkey on sbtest4  (cost=0.43..385.03 rows=97 width=4)
	        Index Cond: ((id >= 7295239) AND (id <= 7295338))

table 5 : explain SELECT SUM(k) FROM sbtest5 WHERE id BETWEEN 2230644 AND 2230743
	Aggregate  (cost=397.45..397.46 rows=1 width=8)
	  ->  Index Scan using sbtest5_pkey on sbtest5  (cost=0.43..397.20 rows=100 width=4)
	        Index Cond: ((id >= 2230644) AND (id <= 2230743))

table 6 : explain SELECT SUM(k) FROM sbtest6 WHERE id BETWEEN 6086521 AND 6086620
	Aggregate  (cost=375.17..375.18 rows=1 width=8)
	  ->  Index Scan using sbtest6_pkey on sbtest6  (cost=0.43..374.93 rows=94 width=4)
	        Index Cond: ((id >= 6086521) AND (id <= 6086620))

table 7 : explain SELECT SUM(k) FROM sbtest7 WHERE id BETWEEN 4781693 AND 4781792
	Aggregate  (cost=397.05..397.06 rows=1 width=8)
	  ->  Index Scan using sbtest7_pkey on sbtest7  (cost=0.43..396.80 rows=100 width=4)
	        Index Cond: ((id >= 4781693) AND (id <= 4781792))

table 8 : explain SELECT SUM(k) FROM sbtest8 WHERE id BETWEEN 6316386 AND 6316485
	Aggregate  (cost=372.58..372.59 rows=1 width=8)
	  ->  Index Scan using sbtest8_pkey on sbtest8  (cost=0.43..372.34 rows=94 width=4)
	        Index Cond: ((id >= 6316386) AND (id <= 6316485))

for point_selects
table 1 : explain SELECT c FROM sbtest1 WHERE id=3970321
	Index Scan using sbtest1_pkey on sbtest1  (cost=0.43..8.45 rows=1 width=121)
	  Index Cond: (id = 3970321)

table 2 : explain SELECT c FROM sbtest2 WHERE id=8430456
	Index Scan using sbtest2_pkey on sbtest2  (cost=0.43..8.45 rows=1 width=121)
	  Index Cond: (id = 8430456)

table 3 : explain SELECT c FROM sbtest3 WHERE id=226655
	Index Scan using sbtest3_pkey on sbtest3  (cost=0.43..8.45 rows=1 width=121)
	  Index Cond: (id = 226655)

table 4 : explain SELECT c FROM sbtest4 WHERE id=8970208
	Index Scan using sbtest4_pkey on sbtest4  (cost=0.43..8.45 rows=1 width=121)
	  Index Cond: (id = 8970208)

table 5 : explain SELECT c FROM sbtest5 WHERE id=2544723
	Index Scan using sbtest5_pkey on sbtest5  (cost=0.43..8.45 rows=1 width=121)
	  Index Cond: (id = 2544723)

table 6 : explain SELECT c FROM sbtest6 WHERE id=1381559
	Index Scan using sbtest6_pkey on sbtest6  (cost=0.43..8.45 rows=1 width=121)
	  Index Cond: (id = 1381559)

table 7 : explain SELECT c FROM sbtest7 WHERE id=6957623
	Index Scan using sbtest7_pkey on sbtest7  (cost=0.43..8.45 rows=1 width=121)
	  Index Cond: (id = 6957623)

table 8 : explain SELECT c FROM sbtest8 WHERE id=8935840
	Index Scan using sbtest8_pkey on sbtest8  (cost=0.43..8.45 rows=1 width=121)
	  Index Cond: (id = 8935840)

for point_selects
table 1 : explain SELECT c FROM sbtest1 WHERE id=8632001
	Index Scan using sbtest1_pkey on sbtest1  (cost=0.43..8.45 rows=1 width=121)
	  Index Cond: (id = 8632001)

table 2 : explain SELECT c FROM sbtest2 WHERE id=5393830
	Index Scan using sbtest2_pkey on sbtest2  (cost=0.43..8.45 rows=1 width=121)
	  Index Cond: (id = 5393830)

table 3 : explain SELECT c FROM sbtest3 WHERE id=42785
	Index Scan using sbtest3_pkey on sbtest3  (cost=0.43..8.45 rows=1 width=121)
	  Index Cond: (id = 42785)

table 4 : explain SELECT c FROM sbtest4 WHERE id=2367807
	Index Scan using sbtest4_pkey on sbtest4  (cost=0.43..8.45 rows=1 width=121)
	  Index Cond: (id = 2367807)

table 5 : explain SELECT c FROM sbtest5 WHERE id=4331968
	Index Scan using sbtest5_pkey on sbtest5  (cost=0.43..8.45 rows=1 width=121)
	  Index Cond: (id = 4331968)

table 6 : explain SELECT c FROM sbtest6 WHERE id=9313217
	Index Scan using sbtest6_pkey on sbtest6  (cost=0.43..8.45 rows=1 width=121)
	  Index Cond: (id = 9313217)

table 7 : explain SELECT c FROM sbtest7 WHERE id=9984314
	Index Scan using sbtest7_pkey on sbtest7  (cost=0.43..8.45 rows=1 width=121)
	  Index Cond: (id = 9984314)

table 8 : explain SELECT c FROM sbtest8 WHERE id=4158206
	Index Scan using sbtest8_pkey on sbtest8  (cost=0.43..8.45 rows=1 width=121)
	  Index Cond: (id = 4158206)

for point_selects
table 1 : explain SELECT c FROM sbtest1 WHERE id=8345126
	Index Scan using sbtest1_pkey on sbtest1  (cost=0.43..8.45 rows=1 width=121)
	  Index Cond: (id = 8345126)

table 2 : explain SELECT c FROM sbtest2 WHERE id=8847881
	Index Scan using sbtest2_pkey on sbtest2  (cost=0.43..8.45 rows=1 width=121)
	  Index Cond: (id = 8847881)

table 3 : explain SELECT c FROM sbtest3 WHERE id=4180226
	Index Scan using sbtest3_pkey on sbtest3  (cost=0.43..8.45 rows=1 width=121)
	  Index Cond: (id = 4180226)

table 4 : explain SELECT c FROM sbtest4 WHERE id=565735
	Index Scan using sbtest4_pkey on sbtest4  (cost=0.43..8.45 rows=1 width=121)
	  Index Cond: (id = 565735)

table 5 : explain SELECT c FROM sbtest5 WHERE id=1702689
	Index Scan using sbtest5_pkey on sbtest5  (cost=0.43..8.45 rows=1 width=121)
	  Index Cond: (id = 1702689)

table 6 : explain SELECT c FROM sbtest6 WHERE id=2664417
	Index Scan using sbtest6_pkey on sbtest6  (cost=0.43..8.45 rows=1 width=121)
	  Index Cond: (id = 2664417)

table 7 : explain SELECT c FROM sbtest7 WHERE id=6065676
	Index Scan using sbtest7_pkey on sbtest7  (cost=0.43..8.45 rows=1 width=121)
	  Index Cond: (id = 6065676)

table 8 : explain SELECT c FROM sbtest8 WHERE id=1255009
	Index Scan using sbtest8_pkey on sbtest8  (cost=0.43..8.45 rows=1 width=121)
	  Index Cond: (id = 1255009)

explain: for point_selects :: explain SELECT c FROM sbtest%u WHERE id=%u
for point_selects
table 1 : explain SELECT c FROM sbtest1 WHERE id=1333498
	Index Scan using sbtest1_pkey on sbtest1  (cost=0.43..8.45 rows=1 width=121)
	  Index Cond: (id = 1333498)

table 2 : explain SELECT c FROM sbtest2 WHERE id=1405622
	Index Scan using sbtest2_pkey on sbtest2  (cost=0.43..8.45 rows=1 width=121)
	  Index Cond: (id = 1405622)

table 3 : explain SELECT c FROM sbtest3 WHERE id=7892459
	Index Scan using sbtest3_pkey on sbtest3  (cost=0.43..8.45 rows=1 width=121)
	  Index Cond: (id = 7892459)

table 4 : explain SELECT c FROM sbtest4 WHERE id=2147541
	Index Scan using sbtest4_pkey on sbtest4  (cost=0.43..8.45 rows=1 width=121)
	  Index Cond: (id = 2147541)

table 5 : explain SELECT c FROM sbtest5 WHERE id=7979700
	Index Scan using sbtest5_pkey on sbtest5  (cost=0.43..8.45 rows=1 width=121)
	  Index Cond: (id = 7979700)

table 6 : explain SELECT c FROM sbtest6 WHERE id=3958894
	Index Scan using sbtest6_pkey on sbtest6  (cost=0.43..8.45 rows=1 width=121)
	  Index Cond: (id = 3958894)

table 7 : explain SELECT c FROM sbtest7 WHERE id=7740691
	Index Scan using sbtest7_pkey on sbtest7  (cost=0.43..8.45 rows=1 width=121)
	  Index Cond: (id = 7740691)

table 8 : explain SELECT c FROM sbtest8 WHERE id=4132793
	Index Scan using sbtest8_pkey on sbtest8  (cost=0.43..8.45 rows=1 width=121)
	  Index Cond: (id = 4132793)

for: sum_ranges
table 1 : explain SELECT SUM(k) FROM sbtest1 WHERE id BETWEEN 5491705 AND 5491804
	Aggregate  (cost=398.32..398.33 rows=1 width=8)
	  ->  Index Scan using sbtest1_pkey on sbtest1  (cost=0.43..398.07 rows=100 width=4)
	        Index Cond: ((id >= 5491705) AND (id <= 5491804))

table 2 : explain SELECT SUM(k) FROM sbtest2 WHERE id BETWEEN 2020445 AND 2020544
	Aggregate  (cost=373.71..373.72 rows=1 width=8)
	  ->  Index Scan using sbtest2_pkey on sbtest2  (cost=0.43..373.48 rows=94 width=4)
	        Index Cond: ((id >= 2020445) AND (id <= 2020544))

table 3 : explain SELECT SUM(k) FROM sbtest3 WHERE id BETWEEN 4859922 AND 4860021
	Aggregate  (cost=406.15..406.16 rows=1 width=8)
	  ->  Index Scan using sbtest3_pkey on sbtest3  (cost=0.43..405.90 rows=102 width=4)
	        Index Cond: ((id >= 4859922) AND (id <= 4860021))

table 4 : explain SELECT SUM(k) FROM sbtest4 WHERE id BETWEEN 6386467 AND 6386566
	Aggregate  (cost=416.67..416.68 rows=1 width=8)
	  ->  Index Scan using sbtest4_pkey on sbtest4  (cost=0.43..416.40 rows=105 width=4)
	        Index Cond: ((id >= 6386467) AND (id <= 6386566))

table 5 : explain SELECT SUM(k) FROM sbtest5 WHERE id BETWEEN 2237267 AND 2237366
	Aggregate  (cost=397.45..397.46 rows=1 width=8)
	  ->  Index Scan using sbtest5_pkey on sbtest5  (cost=0.43..397.20 rows=100 width=4)
	        Index Cond: ((id >= 2237267) AND (id <= 2237366))

table 6 : explain SELECT SUM(k) FROM sbtest6 WHERE id BETWEEN 8570029 AND 8570128
	Aggregate  (cost=363.34..363.35 rows=1 width=8)
	  ->  Index Scan using sbtest6_pkey on sbtest6  (cost=0.43..363.11 rows=91 width=4)
	        Index Cond: ((id >= 8570029) AND (id <= 8570128))

table 7 : explain SELECT SUM(k) FROM sbtest7 WHERE id BETWEEN 2627836 AND 2627935
	Aggregate  (cost=416.67..416.68 rows=1 width=8)
	  ->  Index Scan using sbtest7_pkey on sbtest7  (cost=0.43..416.41 rows=105 width=4)
	        Index Cond: ((id >= 2627836) AND (id <= 2627935))

table 8 : explain SELECT SUM(k) FROM sbtest8 WHERE id BETWEEN 8265585 AND 8265684
	Aggregate  (cost=388.23..388.24 rows=1 width=8)
	  ->  Index Scan using sbtest8_pkey on sbtest8  (cost=0.43..387.99 rows=98 width=4)
	        Index Cond: ((id >= 8265585) AND (id <= 8265684))

explain: for point_selects :: explain SELECT c FROM sbtest%u WHERE id=%u
for: simple_ranges
table 1 : explain SELECT c FROM sbtest1 WHERE id BETWEEN 997102 AND 997201
	Index Scan using sbtest1_pkey on sbtest1  (cost=0.43..413.81 rows=104 width=121)
	  Index Cond: ((id >= 997102) AND (id <= 997201))

table 2 : explain SELECT c FROM sbtest2 WHERE id BETWEEN 4929856 AND 4929955
	Index Scan using sbtest2_pkey on sbtest2  (cost=0.43..408.82 rows=103 width=121)
	  Index Cond: ((id >= 4929856) AND (id <= 4929955))

table 3 : explain SELECT c FROM sbtest3 WHERE id BETWEEN 7965334 AND 7965433
	Index Scan using sbtest3_pkey on sbtest3  (cost=0.43..409.83 rows=103 width=121)
	  Index Cond: ((id >= 7965334) AND (id <= 7965433))

table 4 : explain SELECT c FROM sbtest4 WHERE id BETWEEN 2034961 AND 2035060
	Index Scan using sbtest4_pkey on sbtest4  (cost=0.43..400.72 rows=101 width=121)
	  Index Cond: ((id >= 2034961) AND (id <= 2035060))

table 5 : explain SELECT c FROM sbtest5 WHERE id BETWEEN 6486408 AND 6486507
	Index Scan using sbtest5_pkey on sbtest5  (cost=0.43..397.20 rows=100 width=121)
	  Index Cond: ((id >= 6486408) AND (id <= 6486507))

table 6 : explain SELECT c FROM sbtest6 WHERE id BETWEEN 1927941 AND 1928040
	Index Scan using sbtest6_pkey on sbtest6  (cost=0.43..374.93 rows=94 width=121)
	  Index Cond: ((id >= 1927941) AND (id <= 1928040))

table 7 : explain SELECT c FROM sbtest7 WHERE id BETWEEN 2588842 AND 2588941
	Index Scan using sbtest7_pkey on sbtest7  (cost=0.43..432.09 rows=109 width=121)
	  Index Cond: ((id >= 2588842) AND (id <= 2588941))

table 8 : explain SELECT c FROM sbtest8 WHERE id BETWEEN 9735979 AND 9736078
	Index Scan using sbtest8_pkey on sbtest8  (cost=0.43..380.16 rows=96 width=121)
	  Index Cond: ((id >= 9735979) AND (id <= 9736078))

for: simple_ranges
table 1 : explain SELECT c FROM sbtest1 WHERE id BETWEEN 6383063 AND 6383162
	Index Scan using sbtest1_pkey on sbtest1  (cost=0.43..374.46 rows=94 width=121)
	  Index Cond: ((id >= 6383063) AND (id <= 6383162))

table 2 : explain SELECT c FROM sbtest2 WHERE id BETWEEN 2699940 AND 2700039
	Index Scan using sbtest2_pkey on sbtest2  (cost=0.43..444.14 rows=112 width=121)
	  Index Cond: ((id >= 2699940) AND (id <= 2700039))

table 3 : explain SELECT c FROM sbtest3 WHERE id BETWEEN 8126097 AND 8126196
	Index Scan using sbtest3_pkey on sbtest3  (cost=0.43..405.90 rows=102 width=121)
	  Index Cond: ((id >= 8126097) AND (id <= 8126196))

table 4 : explain SELECT c FROM sbtest4 WHERE id BETWEEN 250437 AND 250536
	Index Scan using sbtest4_pkey on sbtest4  (cost=0.43..408.56 rows=103 width=121)
	  Index Cond: ((id >= 250437) AND (id <= 250536))

table 5 : explain SELECT c FROM sbtest5 WHERE id BETWEEN 7664995 AND 7665094
	Index Scan using sbtest5_pkey on sbtest5  (cost=0.43..405.05 rows=102 width=121)
	  Index Cond: ((id >= 7664995) AND (id <= 7665094))

table 6 : explain SELECT c FROM sbtest6 WHERE id BETWEEN 1660747 AND 1660846
	Index Scan using sbtest6_pkey on sbtest6  (cost=0.43..394.66 rows=99 width=121)
	  Index Cond: ((id >= 1660747) AND (id <= 1660846))

table 7 : explain SELECT c FROM sbtest7 WHERE id BETWEEN 439441 AND 439540
	Index Scan using sbtest7_pkey on sbtest7  (cost=0.43..408.56 rows=103 width=121)
	  Index Cond: ((id >= 439441) AND (id <= 439540))

table 8 : explain SELECT c FROM sbtest8 WHERE id BETWEEN 1970499 AND 1970598
	Index Scan using sbtest8_pkey on sbtest8  (cost=0.43..391.90 rows=99 width=121)
	  Index Cond: ((id >= 1970499) AND (id <= 1970598))

explain: for point_selects :: explain SELECT c FROM sbtest%u WHERE id=%u
for: distinct_ranges
table 1 : explain SELECT DISTINCT c FROM sbtest1 WHERE id BETWEEN 5576545 AND 5576644 ORDER BY c
	Unique  (cost=369.57..370.03 rows=92 width=121)
	  ->  Sort  (cost=369.57..369.80 rows=92 width=121)
	        Sort Key: c
	        ->  Index Scan using sbtest1_pkey on sbtest1  (cost=0.43..366.57 rows=92 width=121)
	              Index Cond: ((id >= 5576545) AND (id <= 5576644))

table 2 : explain SELECT DISTINCT c FROM sbtest2 WHERE id BETWEEN 8162874 AND 8162973 ORDER BY c
	Unique  (cost=380.55..381.02 rows=95 width=121)
	  ->  Sort  (cost=380.55..380.78 rows=95 width=121)
	        Sort Key: c
	        ->  Index Scan using sbtest2_pkey on sbtest2  (cost=0.43..377.43 rows=95 width=121)
	              Index Cond: ((id >= 8162874) AND (id <= 8162973))

table 3 : explain SELECT DISTINCT c FROM sbtest3 WHERE id BETWEEN 2739719 AND 2739818 ORDER BY c
	Unique  (cost=393.40..393.89 rows=98 width=121)
	  ->  Sort  (cost=393.40..393.65 rows=98 width=121)
	        Sort Key: c
	        ->  Index Scan using sbtest3_pkey on sbtest3  (cost=0.43..390.16 rows=98 width=121)
	              Index Cond: ((id >= 2739719) AND (id <= 2739818))

table 4 : explain SELECT DISTINCT c FROM sbtest4 WHERE id BETWEEN 5582779 AND 5582878 ORDER BY c
	Unique  (cost=388.23..388.72 rows=97 width=121)
	  ->  Sort  (cost=388.23..388.47 rows=97 width=121)
	        Sort Key: c
	        ->  Index Scan using sbtest4_pkey on sbtest4  (cost=0.43..385.03 rows=97 width=121)
	              Index Cond: ((id >= 5582779) AND (id <= 5582878))

table 5 : explain SELECT DISTINCT c FROM sbtest5 WHERE id BETWEEN 6000075 AND 6000174 ORDER BY c
	Unique  (cost=400.52..401.02 rows=100 width=121)
	  ->  Sort  (cost=400.52..400.77 rows=100 width=121)
	        Sort Key: c
	        ->  Index Scan using sbtest5_pkey on sbtest5  (cost=0.43..397.20 rows=100 width=121)
	              Index Cond: ((id >= 6000075) AND (id <= 6000174))

table 6 : explain SELECT DISTINCT c FROM sbtest6 WHERE id BETWEEN 1733999 AND 1734098 ORDER BY c
	Unique  (cost=389.98..390.46 rows=97 width=121)
	  ->  Sort  (cost=389.98..390.22 rows=97 width=121)
	        Sort Key: c
	        ->  Index Scan using sbtest6_pkey on sbtest6  (cost=0.43..386.78 rows=97 width=121)
	              Index Cond: ((id >= 1733999) AND (id <= 1734098))

table 7 : explain SELECT DISTINCT c FROM sbtest7 WHERE id BETWEEN 8865273 AND 8865372 ORDER BY c
	Unique  (cost=392.19..392.68 rows=98 width=121)
	  ->  Sort  (cost=392.19..392.44 rows=98 width=121)
	        Sort Key: c
	        ->  Index Scan using sbtest7_pkey on sbtest7  (cost=0.43..388.95 rows=98 width=121)
	              Index Cond: ((id >= 8865273) AND (id <= 8865372))

table 8 : explain SELECT DISTINCT c FROM sbtest8 WHERE id BETWEEN 8327302 AND 8327401 ORDER BY c
	Unique  (cost=391.23..391.72 rows=98 width=121)
	  ->  Sort  (cost=391.23..391.47 rows=98 width=121)
	        Sort Key: c
	        ->  Index Scan using sbtest8_pkey on sbtest8  (cost=0.43..387.99 rows=98 width=121)
	              Index Cond: ((id >= 8327302) AND (id <= 8327401))

for: sum_ranges
table 1 : explain SELECT SUM(k) FROM sbtest1 WHERE id BETWEEN 7097065 AND 7097164
	Aggregate  (cost=382.57..382.58 rows=1 width=8)
	  ->  Index Scan using sbtest1_pkey on sbtest1  (cost=0.43..382.33 rows=96 width=4)
	        Index Cond: ((id >= 7097065) AND (id <= 7097164))

table 2 : explain SELECT SUM(k) FROM sbtest2 WHERE id BETWEEN 2367039 AND 2367138
	Aggregate  (cost=420.86..420.87 rows=1 width=8)
	  ->  Index Scan using sbtest2_pkey on sbtest2  (cost=0.43..420.59 rows=106 width=4)
	        Index Cond: ((id >= 2367039) AND (id <= 2367138))

table 3 : explain SELECT SUM(k) FROM sbtest3 WHERE id BETWEEN 5935172 AND 5935271
	Aggregate  (cost=421.90..421.91 rows=1 width=8)
	  ->  Index Scan using sbtest3_pkey on sbtest3  (cost=0.43..421.64 rows=106 width=4)
	        Index Cond: ((id >= 5935172) AND (id <= 5935271))

table 4 : explain SELECT SUM(k) FROM sbtest4 WHERE id BETWEEN 8358705 AND 8358804
	Aggregate  (cost=420.59..420.60 rows=1 width=8)
	  ->  Index Scan using sbtest4_pkey on sbtest4  (cost=0.43..420.33 rows=106 width=4)
	        Index Cond: ((id >= 8358705) AND (id <= 8358804))

table 5 : explain SELECT SUM(k) FROM sbtest5 WHERE id BETWEEN 5557192 AND 5557291
	Aggregate  (cost=405.30..405.31 rows=1 width=8)
	  ->  Index Scan using sbtest5_pkey on sbtest5  (cost=0.43..405.05 rows=102 width=4)
	        Index Cond: ((id >= 5557192) AND (id <= 5557291))

table 6 : explain SELECT SUM(k) FROM sbtest6 WHERE id BETWEEN 8329779 AND 8329878
	Aggregate  (cost=390.96..390.97 rows=1 width=8)
	  ->  Index Scan using sbtest6_pkey on sbtest6  (cost=0.43..390.72 rows=98 width=4)
	        Index Cond: ((id >= 8329779) AND (id <= 8329878))

table 7 : explain SELECT SUM(k) FROM sbtest7 WHERE id BETWEEN 418710 AND 418809
	Aggregate  (cost=408.82..408.83 rows=1 width=8)
	  ->  Index Scan using sbtest7_pkey on sbtest7  (cost=0.43..408.56 rows=103 width=4)
	        Index Cond: ((id >= 418710) AND (id <= 418809))

table 8 : explain SELECT SUM(k) FROM sbtest8 WHERE id BETWEEN 2163245 AND 2163344
	Aggregate  (cost=392.15..392.16 rows=1 width=8)
	  ->  Index Scan using sbtest8_pkey on sbtest8  (cost=0.43..391.90 rows=99 width=4)
	        Index Cond: ((id >= 2163245) AND (id <= 2163344))

for point_selects
table 1 : explain SELECT c FROM sbtest1 WHERE id=9901676
	Index Scan using sbtest1_pkey on sbtest1  (cost=0.43..8.45 rows=1 width=121)
	  Index Cond: (id = 9901676)

table 2 : explain SELECT c FROM sbtest2 WHERE id=4950000
	Index Scan using sbtest2_pkey on sbtest2  (cost=0.43..8.45 rows=1 width=121)
	  Index Cond: (id = 4950000)

table 3 : explain SELECT c FROM sbtest3 WHERE id=2682398
	Index Scan using sbtest3_pkey on sbtest3  (cost=0.43..8.45 rows=1 width=121)
	  Index Cond: (id = 2682398)

table 4 : explain SELECT c FROM sbtest4 WHERE id=6587947
	Index Scan using sbtest4_pkey on sbtest4  (cost=0.43..8.45 rows=1 width=121)
	  Index Cond: (id = 6587947)

table 5 : explain SELECT c FROM sbtest5 WHERE id=6834640
	Index Scan using sbtest5_pkey on sbtest5  (cost=0.43..8.45 rows=1 width=121)
	  Index Cond: (id = 6834640)

table 6 : explain SELECT c FROM sbtest6 WHERE id=9665524
	Index Scan using sbtest6_pkey on sbtest6  (cost=0.43..8.45 rows=1 width=121)
	  Index Cond: (id = 9665524)

table 7 : explain SELECT c FROM sbtest7 WHERE id=5138401
	Index Scan using sbtest7_pkey on sbtest7  (cost=0.43..8.45 rows=1 width=121)
	  Index Cond: (id = 5138401)

table 8 : explain SELECT c FROM sbtest8 WHERE id=8810137
	Index Scan using sbtest8_pkey on sbtest8  (cost=0.43..8.45 rows=1 width=121)
	  Index Cond: (id = 8810137)

for: order_ranges
table 1 : explain SELECT c FROM sbtest1 WHERE id BETWEEN 3073793 AND 3073892 ORDER BY c
	Sort  (cost=401.40..401.65 rows=100 width=121)
	  Sort Key: c
	  ->  Index Scan using sbtest1_pkey on sbtest1  (cost=0.43..398.07 rows=100 width=121)
	        Index Cond: ((id >= 3073793) AND (id <= 3073892))

table 2 : explain SELECT c FROM sbtest2 WHERE id BETWEEN 4913144 AND 4913243 ORDER BY c
	Sort  (cost=412.26..412.52 rows=103 width=121)
	  Sort Key: c
	  ->  Index Scan using sbtest2_pkey on sbtest2  (cost=0.43..408.82 rows=103 width=121)
	        Index Cond: ((id >= 4913144) AND (id <= 4913243))

table 3 : explain SELECT c FROM sbtest3 WHERE id BETWEEN 8940138 AND 8940237 ORDER BY c
	Sort  (cost=401.35..401.60 rows=100 width=121)
	  Sort Key: c
	  ->  Index Scan using sbtest3_pkey on sbtest3  (cost=0.43..398.03 rows=100 width=121)
	        Index Cond: ((id >= 8940138) AND (id <= 8940237))

table 4 : explain SELECT c FROM sbtest4 WHERE id BETWEEN 5922604 AND 5922703 ORDER BY c
	Sort  (cost=392.19..392.44 rows=98 width=121)
	  Sort Key: c
	  ->  Index Scan using sbtest4_pkey on sbtest4  (cost=0.43..388.95 rows=98 width=121)
	        Index Cond: ((id >= 5922604) AND (id <= 5922703))

table 5 : explain SELECT c FROM sbtest5 WHERE id BETWEEN 7786920 AND 7787019 ORDER BY c
	Sort  (cost=408.45..408.71 rows=102 width=121)
	  Sort Key: c
	  ->  Index Scan using sbtest5_pkey on sbtest5  (cost=0.43..405.05 rows=102 width=121)
	        Index Cond: ((id >= 7786920) AND (id <= 7787019))

table 6 : explain SELECT c FROM sbtest6 WHERE id BETWEEN 1701781 AND 1701880 ORDER BY c
	Sort  (cost=389.98..390.22 rows=97 width=121)
	  Sort Key: c
	  ->  Index Scan using sbtest6_pkey on sbtest6  (cost=0.43..386.78 rows=97 width=121)
	        Index Cond: ((id >= 1701781) AND (id <= 1701880))

table 7 : explain SELECT c FROM sbtest7 WHERE id BETWEEN 9609332 AND 9609431 ORDER BY c
	Sort  (cost=376.32..376.56 rows=94 width=121)
	  Sort Key: c
	  ->  Index Scan using sbtest7_pkey on sbtest7  (cost=0.43..373.24 rows=94 width=121)
	        Index Cond: ((id >= 9609332) AND (id <= 9609431))

table 8 : explain SELECT c FROM sbtest8 WHERE id BETWEEN 9019160 AND 9019259 ORDER BY c
	Sort  (cost=391.23..391.47 rows=98 width=121)
	  Sort Key: c
	  ->  Index Scan using sbtest8_pkey on sbtest8  (cost=0.43..387.99 rows=98 width=121)
	        Index Cond: ((id >= 9019160) AND (id <= 9019259))

for: order_ranges
table 1 : explain SELECT c FROM sbtest1 WHERE id BETWEEN 4276507 AND 4276606 ORDER BY c
	Sort  (cost=413.32..413.58 rows=103 width=121)
	  Sort Key: c
	  ->  Index Scan using sbtest1_pkey on sbtest1  (cost=0.43..409.88 rows=103 width=121)
	        Index Cond: ((id >= 4276507) AND (id <= 4276606))

table 2 : explain SELECT c FROM sbtest2 WHERE id BETWEEN 301692 AND 301791 ORDER BY c
	Sort  (cost=420.19..420.46 rows=105 width=121)
	  Sort Key: c
	  ->  Index Scan using sbtest2_pkey on sbtest2  (cost=0.43..416.67 rows=105 width=121)
	        Index Cond: ((id >= 301692) AND (id <= 301791))

table 3 : explain SELECT c FROM sbtest3 WHERE id BETWEEN 1088111 AND 1088210 ORDER BY c
	Sort  (cost=365.56..365.79 rows=91 width=121)
	  Sort Key: c
	  ->  Index Scan using sbtest3_pkey on sbtest3  (cost=0.43..362.60 rows=91 width=121)
	        Index Cond: ((id >= 1088111) AND (id <= 1088210))

table 4 : explain SELECT c FROM sbtest4 WHERE id BETWEEN 9388231 AND 9388330 ORDER BY c
	Sort  (cost=380.31..380.54 rows=95 width=121)
	  Sort Key: c
	  ->  Index Scan using sbtest4_pkey on sbtest4  (cost=0.43..377.19 rows=95 width=121)
	        Index Cond: ((id >= 9388231) AND (id <= 9388330))

table 5 : explain SELECT c FROM sbtest5 WHERE id BETWEEN 7685097 AND 7685196 ORDER BY c
	Sort  (cost=408.45..408.71 rows=102 width=121)
	  Sort Key: c
	  ->  Index Scan using sbtest5_pkey on sbtest5  (cost=0.43..405.05 rows=102 width=121)
	        Index Cond: ((id >= 7685097) AND (id <= 7685196))

table 6 : explain SELECT c FROM sbtest6 WHERE id BETWEEN 60291 AND 60390 ORDER BY c
	Sort  (cost=397.94..398.19 rows=99 width=121)
	  Sort Key: c
	  ->  Index Scan using sbtest6_pkey on sbtest6  (cost=0.43..394.66 rows=99 width=121)
	        Index Cond: ((id >= 60291) AND (id <= 60390))

table 7 : explain SELECT c FROM sbtest7 WHERE id BETWEEN 2286016 AND 2286115 ORDER BY c
	Sort  (cost=404.08..404.33 rows=101 width=121)
	  Sort Key: c
	  ->  Index Scan using sbtest7_pkey on sbtest7  (cost=0.43..400.72 rows=101 width=121)
	        Index Cond: ((id >= 2286016) AND (id <= 2286115))

table 8 : explain SELECT c FROM sbtest8 WHERE id BETWEEN 9730939 AND 9731038 ORDER BY c
	Sort  (cost=383.33..383.57 rows=96 width=121)
	  Sort Key: c
	  ->  Index Scan using sbtest8_pkey on sbtest8  (cost=0.43..380.16 rows=96 width=121)
	        Index Cond: ((id >= 9730939) AND (id <= 9731038))

for: sum_ranges
table 1 : explain SELECT SUM(k) FROM sbtest1 WHERE id BETWEEN 207527 AND 207626
	Aggregate  (cost=382.57..382.58 rows=1 width=8)
	  ->  Index Scan using sbtest1_pkey on sbtest1  (cost=0.43..382.33 rows=96 width=4)
	        Index Cond: ((id >= 207527) AND (id <= 207626))

table 2 : explain SELECT SUM(k) FROM sbtest2 WHERE id BETWEEN 8242064 AND 8242163
	Aggregate  (cost=409.08..409.09 rows=1 width=8)
	  ->  Index Scan using sbtest2_pkey on sbtest2  (cost=0.43..408.82 rows=103 width=4)
	        Index Cond: ((id >= 8242064) AND (id <= 8242163))

table 3 : explain SELECT SUM(k) FROM sbtest3 WHERE id BETWEEN 6651855 AND 6651954
	Aggregate  (cost=433.71..433.72 rows=1 width=8)
	  ->  Index Scan using sbtest3_pkey on sbtest3  (cost=0.43..433.44 rows=109 width=4)
	        Index Cond: ((id >= 6651855) AND (id <= 6651954))

table 4 : explain SELECT SUM(k) FROM sbtest4 WHERE id BETWEEN 5787322 AND 5787421
	Aggregate  (cost=377.42..377.43 rows=1 width=8)
	  ->  Index Scan using sbtest4_pkey on sbtest4  (cost=0.43..377.19 rows=95 width=4)
	        Index Cond: ((id >= 5787322) AND (id <= 5787421))

table 5 : explain SELECT SUM(k) FROM sbtest5 WHERE id BETWEEN 7000257 AND 7000356
	Aggregate  (cost=381.73..381.74 rows=1 width=8)
	  ->  Index Scan using sbtest5_pkey on sbtest5  (cost=0.43..381.49 rows=96 width=4)
	        Index Cond: ((id >= 7000257) AND (id <= 7000356))

table 6 : explain SELECT SUM(k) FROM sbtest6 WHERE id BETWEEN 8130041 AND 8130140
	Aggregate  (cost=390.96..390.97 rows=1 width=8)
	  ->  Index Scan using sbtest6_pkey on sbtest6  (cost=0.43..390.72 rows=98 width=4)
	        Index Cond: ((id >= 8130041) AND (id <= 8130140))

table 7 : explain SELECT SUM(k) FROM sbtest7 WHERE id BETWEEN 7805828 AND 7805927
	Aggregate  (cost=428.44..428.45 rows=1 width=8)
	  ->  Index Scan using sbtest7_pkey on sbtest7  (cost=0.43..428.17 rows=108 width=4)
	        Index Cond: ((id >= 7805828) AND (id <= 7805927))

table 8 : explain SELECT SUM(k) FROM sbtest8 WHERE id BETWEEN 9915398 AND 9915497
	Aggregate  (cost=376.49..376.50 rows=1 width=8)
	  ->  Index Scan using sbtest8_pkey on sbtest8  (cost=0.43..376.25 rows=95 width=4)
	        Index Cond: ((id >= 9915398) AND (id <= 9915497))

for: order_ranges
table 1 : explain SELECT c FROM sbtest1 WHERE id BETWEEN 3102403 AND 3102502 ORDER BY c
	Sort  (cost=401.40..401.65 rows=100 width=121)
	  Sort Key: c
	  ->  Index Scan using sbtest1_pkey on sbtest1  (cost=0.43..398.07 rows=100 width=121)
	        Index Cond: ((id >= 3102403) AND (id <= 3102502))

table 2 : explain SELECT c FROM sbtest2 WHERE id BETWEEN 8104661 AND 8104760 ORDER BY c
	Sort  (cost=380.55..380.78 rows=95 width=121)
	  Sort Key: c
	  ->  Index Scan using sbtest2_pkey on sbtest2  (cost=0.43..377.43 rows=95 width=121)
	        Index Cond: ((id >= 8104661) AND (id <= 8104760))

table 3 : explain SELECT c FROM sbtest3 WHERE id BETWEEN 6634892 AND 6634991 ORDER BY c
	Sort  (cost=409.30..409.56 rows=102 width=121)
	  Sort Key: c
	  ->  Index Scan using sbtest3_pkey on sbtest3  (cost=0.43..405.90 rows=102 width=121)
	        Index Cond: ((id >= 6634892) AND (id <= 6634991))

table 4 : explain SELECT c FROM sbtest4 WHERE id BETWEEN 7365950 AND 7366049 ORDER BY c
	Sort  (cost=419.93..420.19 rows=105 width=121)
	  Sort Key: c
	  ->  Index Scan using sbtest4_pkey on sbtest4  (cost=0.43..416.40 rows=105 width=121)
	        Index Cond: ((id >= 7365950) AND (id <= 7366049))

table 5 : explain SELECT c FROM sbtest5 WHERE id BETWEEN 734252 AND 734351 ORDER BY c
	Sort  (cost=428.29..428.55 rows=107 width=121)
	  Sort Key: c
	  ->  Index Scan using sbtest5_pkey on sbtest5  (cost=0.43..424.68 rows=107 width=121)
	        Index Cond: ((id >= 734252) AND (id <= 734351))

table 6 : explain SELECT c FROM sbtest6 WHERE id BETWEEN 3832936 AND 3833035 ORDER BY c
	Sort  (cost=421.82..422.08 rows=105 width=121)
	  Sort Key: c
	  ->  Index Scan using sbtest6_pkey on sbtest6  (cost=0.43..418.30 rows=105 width=121)
	        Index Cond: ((id >= 3832936) AND (id <= 3833035))

table 7 : explain SELECT c FROM sbtest7 WHERE id BETWEEN 3920104 AND 3920203 ORDER BY c
	Sort  (cost=388.23..388.47 rows=97 width=121)
	  Sort Key: c
	  ->  Index Scan using sbtest7_pkey on sbtest7  (cost=0.43..385.03 rows=97 width=121)
	        Index Cond: ((id >= 3920104) AND (id <= 3920203))

table 8 : explain SELECT c FROM sbtest8 WHERE id BETWEEN 6463500 AND 6463599 ORDER BY c
	Sort  (cost=426.80..427.07 rows=107 width=121)
	  Sort Key: c
	  ->  Index Scan using sbtest8_pkey on sbtest8  (cost=0.43..423.20 rows=107 width=121)
	        Index Cond: ((id >= 6463500) AND (id <= 6463599))

for: simple_ranges
table 1 : explain SELECT c FROM sbtest1 WHERE id BETWEEN 7201159 AND 7201258
	Index Scan using sbtest1_pkey on sbtest1  (cost=0.43..417.75 rows=105 width=121)
	  Index Cond: ((id >= 7201159) AND (id <= 7201258))

table 2 : explain SELECT c FROM sbtest2 WHERE id BETWEEN 9081886 AND 9081985
	Index Scan using sbtest2_pkey on sbtest2  (cost=0.43..365.63 rows=92 width=121)
	  Index Cond: ((id >= 9081886) AND (id <= 9081985))

table 3 : explain SELECT c FROM sbtest3 WHERE id BETWEEN 2561938 AND 2562037
	Index Scan using sbtest3_pkey on sbtest3  (cost=0.43..366.53 rows=92 width=121)
	  Index Cond: ((id >= 2561938) AND (id <= 2562037))

table 4 : explain SELECT c FROM sbtest4 WHERE id BETWEEN 7028777 AND 7028876
	Index Scan using sbtest4_pkey on sbtest4  (cost=0.43..373.24 rows=94 width=121)
	  Index Cond: ((id >= 7028777) AND (id <= 7028876))

table 5 : explain SELECT c FROM sbtest5 WHERE id BETWEEN 7738500 AND 7738599
	Index Scan using sbtest5_pkey on sbtest5  (cost=0.43..397.20 rows=100 width=121)
	  Index Cond: ((id >= 7738500) AND (id <= 7738599))

table 6 : explain SELECT c FROM sbtest6 WHERE id BETWEEN 631229 AND 631328
	Index Scan using sbtest6_pkey on sbtest6  (cost=0.43..422.24 rows=106 width=121)
	  Index Cond: ((id >= 631229) AND (id <= 631328))

table 7 : explain SELECT c FROM sbtest7 WHERE id BETWEEN 3839414 AND 3839513
	Index Scan using sbtest7_pkey on sbtest7  (cost=0.43..385.03 rows=97 width=121)
	  Index Cond: ((id >= 3839414) AND (id <= 3839513))

table 8 : explain SELECT c FROM sbtest8 WHERE id BETWEEN 8218786 AND 8218885
	Index Scan using sbtest8_pkey on sbtest8  (cost=0.43..368.40 rows=93 width=121)
	  Index Cond: ((id >= 8218786) AND (id <= 8218885))

for: order_ranges
table 1 : explain SELECT c FROM sbtest1 WHERE id BETWEEN 6014828 AND 6014927 ORDER BY c
	Sort  (cost=393.45..393.69 rows=98 width=121)
	  Sort Key: c
	  ->  Index Scan using sbtest1_pkey on sbtest1  (cost=0.43..390.20 rows=98 width=121)
	        Index Cond: ((id >= 6014828) AND (id <= 6014927))

table 2 : explain SELECT c FROM sbtest2 WHERE id BETWEEN 5448673 AND 5448772 ORDER BY c
	Sort  (cost=388.48..388.72 rows=97 width=121)
	  Sort Key: c
	  ->  Index Scan using sbtest2_pkey on sbtest2  (cost=0.43..385.27 rows=97 width=121)
	        Index Cond: ((id >= 5448673) AND (id <= 5448772))

table 3 : explain SELECT c FROM sbtest3 WHERE id BETWEEN 9390399 AND 9390498 ORDER BY c
	Sort  (cost=373.51..373.74 rows=93 width=121)
	  Sort Key: c
	  ->  Index Scan using sbtest3_pkey on sbtest3  (cost=0.43..370.47 rows=93 width=121)
	        Index Cond: ((id >= 9390399) AND (id <= 9390498))

table 4 : explain SELECT c FROM sbtest4 WHERE id BETWEEN 9851218 AND 9851317 ORDER BY c
	Sort  (cost=396.15..396.40 rows=99 width=121)
	  Sort Key: c
	  ->  Index Scan using sbtest4_pkey on sbtest4  (cost=0.43..392.87 rows=99 width=121)
	        Index Cond: ((id >= 9851218) AND (id <= 9851317))

table 5 : explain SELECT c FROM sbtest5 WHERE id BETWEEN 1760585 AND 1760684 ORDER BY c
	Sort  (cost=372.73..372.97 rows=93 width=121)
	  Sort Key: c
	  ->  Index Scan using sbtest5_pkey on sbtest5  (cost=0.43..369.69 rows=93 width=121)
	        Index Cond: ((id >= 1760585) AND (id <= 1760684))

table 6 : explain SELECT c FROM sbtest6 WHERE id BETWEEN 1901379 AND 1901478 ORDER BY c
	Sort  (cost=378.02..378.25 rows=94 width=121)
	  Sort Key: c
	  ->  Index Scan using sbtest6_pkey on sbtest6  (cost=0.43..374.93 rows=94 width=121)
	        Index Cond: ((id >= 1901379) AND (id <= 1901478))

table 7 : explain SELECT c FROM sbtest7 WHERE id BETWEEN 9859334 AND 9859433 ORDER BY c
	Sort  (cost=380.28..380.52 rows=95 width=121)
	  Sort Key: c
	  ->  Index Scan using sbtest7_pkey on sbtest7  (cost=0.43..377.16 rows=95 width=121)
	        Index Cond: ((id >= 9859334) AND (id <= 9859433))

table 8 : explain SELECT c FROM sbtest8 WHERE id BETWEEN 3722666 AND 3722765 ORDER BY c
	Sort  (cost=418.90..419.16 rows=105 width=121)
	  Sort Key: c
	  ->  Index Scan using sbtest8_pkey on sbtest8  (cost=0.43..415.37 rows=105 width=121)
	        Index Cond: ((id >= 3722666) AND (id <= 3722765))

for: simple_ranges
table 1 : explain SELECT c FROM sbtest1 WHERE id BETWEEN 4354598 AND 4354697
	Index Scan using sbtest1_pkey on sbtest1  (cost=0.43..398.07 rows=100 width=121)
	  Index Cond: ((id >= 4354598) AND (id <= 4354697))

table 2 : explain SELECT c FROM sbtest2 WHERE id BETWEEN 4021219 AND 4021318
	Index Scan using sbtest2_pkey on sbtest2  (cost=0.43..432.37 rows=109 width=121)
	  Index Cond: ((id >= 4021219) AND (id <= 4021318))

table 3 : explain SELECT c FROM sbtest3 WHERE id BETWEEN 9159808 AND 9159907
	Index Scan using sbtest3_pkey on sbtest3  (cost=0.43..413.77 rows=104 width=121)
	  Index Cond: ((id >= 9159808) AND (id <= 9159907))

table 4 : explain SELECT c FROM sbtest4 WHERE id BETWEEN 1994506 AND 1994605
	Index Scan using sbtest4_pkey on sbtest4  (cost=0.43..400.72 rows=101 width=121)
	  Index Cond: ((id >= 1994506) AND (id <= 1994605))

table 5 : explain SELECT c FROM sbtest5 WHERE id BETWEEN 9827213 AND 9827312
	Index Scan using sbtest5_pkey on sbtest5  (cost=0.43..397.20 rows=100 width=121)
	  Index Cond: ((id >= 9827213) AND (id <= 9827312))

table 6 : explain SELECT c FROM sbtest6 WHERE id BETWEEN 375263 AND 375362
	Index Scan using sbtest6_pkey on sbtest6  (cost=0.43..406.48 rows=102 width=121)
	  Index Cond: ((id >= 375263) AND (id <= 375362))

table 7 : explain SELECT c FROM sbtest7 WHERE id BETWEEN 6914368 AND 6914467
	Index Scan using sbtest7_pkey on sbtest7  (cost=0.43..396.80 rows=100 width=121)
	  Index Cond: ((id >= 6914368) AND (id <= 6914467))

table 8 : explain SELECT c FROM sbtest8 WHERE id BETWEEN 1290805 AND 1290904
	Index Scan using sbtest8_pkey on sbtest8  (cost=0.43..399.72 rows=101 width=121)
	  Index Cond: ((id >= 1290805) AND (id <= 1290904))

for: distinct_ranges
table 1 : explain SELECT DISTINCT c FROM sbtest1 WHERE id BETWEEN 9984906 AND 9985005 ORDER BY c
	Unique  (cost=421.27..421.80 rows=105 width=121)
	  ->  Sort  (cost=421.27..421.54 rows=105 width=121)
	        Sort Key: c
	        ->  Index Scan using sbtest1_pkey on sbtest1  (cost=0.43..417.75 rows=105 width=121)
	              Index Cond: ((id >= 9984906) AND (id <= 9985005))

table 2 : explain SELECT DISTINCT c FROM sbtest2 WHERE id BETWEEN 412543 AND 412642 ORDER BY c
	Unique  (cost=392.44..392.93 rows=98 width=121)
	  ->  Sort  (cost=392.44..392.68 rows=98 width=121)
	        Sort Key: c
	        ->  Index Scan using sbtest2_pkey on sbtest2  (cost=0.43..389.20 rows=98 width=121)
	              Index Cond: ((id >= 412543) AND (id <= 412642))

table 3 : explain SELECT DISTINCT c FROM sbtest3 WHERE id BETWEEN 4691257 AND 4691356 ORDER BY c
	Unique  (cost=397.38..397.87 rows=99 width=121)
	  ->  Sort  (cost=397.38..397.62 rows=99 width=121)
	        Sort Key: c
	        ->  Index Scan using sbtest3_pkey on sbtest3  (cost=0.43..394.09 rows=99 width=121)
	              Index Cond: ((id >= 4691257) AND (id <= 4691356))

table 4 : explain SELECT DISTINCT c FROM sbtest4 WHERE id BETWEEN 5849464 AND 5849563 ORDER BY c
	Unique  (cost=392.19..392.68 rows=98 width=121)
	  ->  Sort  (cost=392.19..392.44 rows=98 width=121)
	        Sort Key: c
	        ->  Index Scan using sbtest4_pkey on sbtest4  (cost=0.43..388.95 rows=98 width=121)
	              Index Cond: ((id >= 5849464) AND (id <= 5849563))

table 5 : explain SELECT DISTINCT c FROM sbtest5 WHERE id BETWEEN 5322295 AND 5322394 ORDER BY c
	Unique  (cost=412.42..412.93 rows=103 width=121)
	  ->  Sort  (cost=412.42..412.68 rows=103 width=121)
	        Sort Key: c
	        ->  Index Scan using sbtest5_pkey on sbtest5  (cost=0.43..408.98 rows=103 width=121)
	              Index Cond: ((id >= 5322295) AND (id <= 5322394))

table 6 : explain SELECT DISTINCT c FROM sbtest6 WHERE id BETWEEN 8018599 AND 8018698 ORDER BY c
	Unique  (cost=413.86..414.38 rows=103 width=121)
	  ->  Sort  (cost=413.86..414.12 rows=103 width=121)
	        Sort Key: c
	        ->  Index Scan using sbtest6_pkey on sbtest6  (cost=0.43..410.42 rows=103 width=121)
	              Index Cond: ((id >= 8018599) AND (id <= 8018698))

table 7 : explain SELECT DISTINCT c FROM sbtest7 WHERE id BETWEEN 9064579 AND 9064678 ORDER BY c
	Unique  (cost=408.04..408.55 rows=102 width=121)
	  ->  Sort  (cost=408.04..408.30 rows=102 width=121)
	        Sort Key: c
	        ->  Index Scan using sbtest7_pkey on sbtest7  (cost=0.43..404.64 rows=102 width=121)
	              Index Cond: ((id >= 9064579) AND (id <= 9064678))

table 8 : explain SELECT DISTINCT c FROM sbtest8 WHERE id BETWEEN 7861161 AND 7861260 ORDER BY c
	Unique  (cost=395.18..395.68 rows=99 width=121)
	  ->  Sort  (cost=395.18..395.43 rows=99 width=121)
	        Sort Key: c
	        ->  Index Scan using sbtest8_pkey on sbtest8  (cost=0.43..391.90 rows=99 width=121)
	              Index Cond: ((id >= 7861161) AND (id <= 7861260))

for: simple_ranges
table 1 : explain SELECT c FROM sbtest1 WHERE id BETWEEN 4571334 AND 4571433
	Index Scan using sbtest1_pkey on sbtest1  (cost=0.43..398.07 rows=100 width=121)
	  Index Cond: ((id >= 4571334) AND (id <= 4571433))

table 2 : explain SELECT c FROM sbtest2 WHERE id BETWEEN 2788201 AND 2788300
	Index Scan using sbtest2_pkey on sbtest2  (cost=0.43..412.75 rows=104 width=121)
	  Index Cond: ((id >= 2788201) AND (id <= 2788300))

table 3 : explain SELECT c FROM sbtest3 WHERE id BETWEEN 8699000 AND 8699099
	Index Scan using sbtest3_pkey on sbtest3  (cost=0.43..382.29 rows=96 width=121)
	  Index Cond: ((id >= 8699000) AND (id <= 8699099))

table 4 : explain SELECT c FROM sbtest4 WHERE id BETWEEN 9592723 AND 9592822
	Index Scan using sbtest4_pkey on sbtest4  (cost=0.43..400.72 rows=101 width=121)
	  Index Cond: ((id >= 9592723) AND (id <= 9592822))

table 5 : explain SELECT c FROM sbtest5 WHERE id BETWEEN 9581621 AND 9581720
	Index Scan using sbtest5_pkey on sbtest5  (cost=0.43..365.77 rows=92 width=121)
	  Index Cond: ((id >= 9581621) AND (id <= 9581720))

table 6 : explain SELECT c FROM sbtest6 WHERE id BETWEEN 2359709 AND 2359808
	Index Scan using sbtest6_pkey on sbtest6  (cost=0.43..386.78 rows=97 width=121)
	  Index Cond: ((id >= 2359709) AND (id <= 2359808))

table 7 : explain SELECT c FROM sbtest7 WHERE id BETWEEN 6816212 AND 6816311
	Index Scan using sbtest7_pkey on sbtest7  (cost=0.43..408.56 rows=103 width=121)
	  Index Cond: ((id >= 6816212) AND (id <= 6816311))

table 8 : explain SELECT c FROM sbtest8 WHERE id BETWEEN 603900 AND 603999
	Index Scan using sbtest8_pkey on sbtest8  (cost=0.43..360.58 rows=91 width=121)
	  Index Cond: ((id >= 603900) AND (id <= 603999))

explain: for point_selects :: explain SELECT c FROM sbtest%u WHERE id=%u
for point_selects
table 1 : explain SELECT c FROM sbtest1 WHERE id=4030503
	Index Scan using sbtest1_pkey on sbtest1  (cost=0.43..8.45 rows=1 width=121)
	  Index Cond: (id = 4030503)

table 2 : explain SELECT c FROM sbtest2 WHERE id=2222428
	Index Scan using sbtest2_pkey on sbtest2  (cost=0.43..8.45 rows=1 width=121)
	  Index Cond: (id = 2222428)

table 3 : explain SELECT c FROM sbtest3 WHERE id=5336956
	Index Scan using sbtest3_pkey on sbtest3  (cost=0.43..8.45 rows=1 width=121)
	  Index Cond: (id = 5336956)

table 4 : explain SELECT c FROM sbtest4 WHERE id=309089
	Index Scan using sbtest4_pkey on sbtest4  (cost=0.43..8.45 rows=1 width=121)
	  Index Cond: (id = 309089)

table 5 : explain SELECT c FROM sbtest5 WHERE id=1225164
	Index Scan using sbtest5_pkey on sbtest5  (cost=0.43..8.45 rows=1 width=121)
	  Index Cond: (id = 1225164)

table 6 : explain SELECT c FROM sbtest6 WHERE id=7516087
	Index Scan using sbtest6_pkey on sbtest6  (cost=0.43..8.45 rows=1 width=121)
	  Index Cond: (id = 7516087)

table 7 : explain SELECT c FROM sbtest7 WHERE id=5846971
	Index Scan using sbtest7_pkey on sbtest7  (cost=0.43..8.45 rows=1 width=121)
	  Index Cond: (id = 5846971)

table 8 : explain SELECT c FROM sbtest8 WHERE id=1724989
	Index Scan using sbtest8_pkey on sbtest8  (cost=0.43..8.45 rows=1 width=121)
	  Index Cond: (id = 1724989)

for point_selects
table 1 : explain SELECT c FROM sbtest1 WHERE id=2105381
	Index Scan using sbtest1_pkey on sbtest1  (cost=0.43..8.45 rows=1 width=121)
	  Index Cond: (id = 2105381)

table 2 : explain SELECT c FROM sbtest2 WHERE id=1594958
	Index Scan using sbtest2_pkey on sbtest2  (cost=0.43..8.45 rows=1 width=121)
	  Index Cond: (id = 1594958)

table 3 : explain SELECT c FROM sbtest3 WHERE id=3328570
	Index Scan using sbtest3_pkey on sbtest3  (cost=0.43..8.45 rows=1 width=121)
	  Index Cond: (id = 3328570)

table 4 : explain SELECT c FROM sbtest4 WHERE id=8517677
	Index Scan using sbtest4_pkey on sbtest4  (cost=0.43..8.45 rows=1 width=121)
	  Index Cond: (id = 8517677)

table 5 : explain SELECT c FROM sbtest5 WHERE id=7901218
	Index Scan using sbtest5_pkey on sbtest5  (cost=0.43..8.45 rows=1 width=121)
	  Index Cond: (id = 7901218)

table 6 : explain SELECT c FROM sbtest6 WHERE id=4864571
	Index Scan using sbtest6_pkey on sbtest6  (cost=0.43..8.45 rows=1 width=121)
	  Index Cond: (id = 4864571)

table 7 : explain SELECT c FROM sbtest7 WHERE id=16949
	Index Scan using sbtest7_pkey on sbtest7  (cost=0.43..8.45 rows=1 width=121)
	  Index Cond: (id = 16949)

table 8 : explain SELECT c FROM sbtest8 WHERE id=8275462
	Index Scan using sbtest8_pkey on sbtest8  (cost=0.43..8.45 rows=1 width=121)
	  Index Cond: (id = 8275462)

for: sum_ranges
table 1 : explain SELECT SUM(k) FROM sbtest1 WHERE id BETWEEN 1222109 AND 1222208
	Aggregate  (cost=390.45..390.46 rows=1 width=8)
	  ->  Index Scan using sbtest1_pkey on sbtest1  (cost=0.43..390.20 rows=98 width=4)
	        Index Cond: ((id >= 1222109) AND (id <= 1222208))

table 2 : explain SELECT SUM(k) FROM sbtest2 WHERE id BETWEEN 8639446 AND 8639545
	Aggregate  (cost=401.22..401.23 rows=1 width=8)
	  ->  Index Scan using sbtest2_pkey on sbtest2  (cost=0.43..400.97 rows=101 width=4)
	        Index Cond: ((id >= 8639446) AND (id <= 8639545))

table 3 : explain SELECT SUM(k) FROM sbtest3 WHERE id BETWEEN 1059519 AND 1059618
	Aggregate  (cost=362.83..362.84 rows=1 width=8)
	  ->  Index Scan using sbtest3_pkey on sbtest3  (cost=0.43..362.60 rows=91 width=4)
	        Index Cond: ((id >= 1059519) AND (id <= 1059618))

table 4 : explain SELECT SUM(k) FROM sbtest4 WHERE id BETWEEN 8819012 AND 8819111
	Aggregate  (cost=393.12..393.13 rows=1 width=8)
	  ->  Index Scan using sbtest4_pkey on sbtest4  (cost=0.43..392.87 rows=99 width=4)
	        Index Cond: ((id >= 8819012) AND (id <= 8819111))

table 5 : explain SELECT SUM(k) FROM sbtest5 WHERE id BETWEEN 9512097 AND 9512196
	Aggregate  (cost=366.00..366.01 rows=1 width=8)
	  ->  Index Scan using sbtest5_pkey on sbtest5  (cost=0.43..365.77 rows=92 width=4)
	        Index Cond: ((id >= 9512097) AND (id <= 9512196))

table 6 : explain SELECT SUM(k) FROM sbtest6 WHERE id BETWEEN 3042468 AND 3042567
	Aggregate  (cost=394.90..394.91 rows=1 width=8)
	  ->  Index Scan using sbtest6_pkey on sbtest6  (cost=0.43..394.66 rows=99 width=4)
	        Index Cond: ((id >= 3042468) AND (id <= 3042567))

table 7 : explain SELECT SUM(k) FROM sbtest7 WHERE id BETWEEN 2778410 AND 2778509
	Aggregate  (cost=361.70..361.71 rows=1 width=8)
	  ->  Index Scan using sbtest7_pkey on sbtest7  (cost=0.43..361.47 rows=91 width=4)
	        Index Cond: ((id >= 2778410) AND (id <= 2778509))

table 8 : explain SELECT SUM(k) FROM sbtest8 WHERE id BETWEEN 2347807 AND 2347906
	Aggregate  (cost=403.89..403.90 rows=1 width=8)
	  ->  Index Scan using sbtest8_pkey on sbtest8  (cost=0.43..403.64 rows=102 width=4)
	        Index Cond: ((id >= 2347807) AND (id <= 2347906))

explain: for point_selects :: explain SELECT c FROM sbtest%u WHERE id=%u
for: distinct_ranges
table 1 : explain SELECT DISTINCT c FROM sbtest1 WHERE id BETWEEN 9830911 AND 9831010 ORDER BY c
	Unique  (cost=417.30..417.82 rows=104 width=121)
	  ->  Sort  (cost=417.30..417.56 rows=104 width=121)
	        Sort Key: c
	        ->  Index Scan using sbtest1_pkey on sbtest1  (cost=0.43..413.81 rows=104 width=121)
	              Index Cond: ((id >= 9830911) AND (id <= 9831010))

table 2 : explain SELECT DISTINCT c FROM sbtest2 WHERE id BETWEEN 493545 AND 493644 ORDER BY c
	Unique  (cost=392.44..392.93 rows=98 width=121)
	  ->  Sort  (cost=392.44..392.68 rows=98 width=121)
	        Sort Key: c
	        ->  Index Scan using sbtest2_pkey on sbtest2  (cost=0.43..389.20 rows=98 width=121)
	              Index Cond: ((id >= 493545) AND (id <= 493644))

table 3 : explain SELECT DISTINCT c FROM sbtest3 WHERE id BETWEEN 1062674 AND 1062773 ORDER BY c
	Unique  (cost=365.56..366.01 rows=91 width=121)
	  ->  Sort  (cost=365.56..365.79 rows=91 width=121)
	        Sort Key: c
	        ->  Index Scan using sbtest3_pkey on sbtest3  (cost=0.43..362.60 rows=91 width=121)
	              Index Cond: ((id >= 1062674) AND (id <= 1062773))

table 4 : explain SELECT DISTINCT c FROM sbtest4 WHERE id BETWEEN 5032354 AND 5032453 ORDER BY c
	Unique  (cost=400.12..400.62 rows=100 width=121)
	  ->  Sort  (cost=400.12..400.37 rows=100 width=121)
	        Sort Key: c
	        ->  Index Scan using sbtest4_pkey on sbtest4  (cost=0.43..396.79 rows=100 width=121)
	              Index Cond: ((id >= 5032354) AND (id <= 5032453))

table 5 : explain SELECT DISTINCT c FROM sbtest5 WHERE id BETWEEN 3214982 AND 3215081 ORDER BY c
	Unique  (cost=412.42..412.93 rows=103 width=121)
	  ->  Sort  (cost=412.42..412.68 rows=103 width=121)
	        Sort Key: c
	        ->  Index Scan using sbtest5_pkey on sbtest5  (cost=0.43..408.98 rows=103 width=121)
	              Index Cond: ((id >= 3214982) AND (id <= 3215081))

table 6 : explain SELECT DISTINCT c FROM sbtest6 WHERE id BETWEEN 6593018 AND 6593117 ORDER BY c
	Unique  (cost=382.02..382.49 rows=95 width=121)
	  ->  Sort  (cost=382.02..382.25 rows=95 width=121)
	        Sort Key: c
	        ->  Index Scan using sbtest6_pkey on sbtest6  (cost=0.43..378.90 rows=95 width=121)
	              Index Cond: ((id >= 6593018) AND (id <= 6593117))

table 7 : explain SELECT DISTINCT c FROM sbtest7 WHERE id BETWEEN 8166094 AND 8166193 ORDER BY c
	Unique  (cost=427.86..428.39 rows=107 width=121)
	  ->  Sort  (cost=427.86..428.12 rows=107 width=121)
	        Sort Key: c
	        ->  Index Scan using sbtest7_pkey on sbtest7  (cost=0.43..424.25 rows=107 width=121)
	              Index Cond: ((id >= 8166094) AND (id <= 8166193))

table 8 : explain SELECT DISTINCT c FROM sbtest8 WHERE id BETWEEN 5810402 AND 5810501 ORDER BY c
	Unique  (cost=407.04..407.55 rows=102 width=121)
	  ->  Sort  (cost=407.04..407.29 rows=102 width=121)
	        Sort Key: c
	        ->  Index Scan using sbtest8_pkey on sbtest8  (cost=0.43..403.64 rows=102 width=121)
	              Index Cond: ((id >= 5810402) AND (id <= 5810501))

for: order_ranges
table 1 : explain SELECT c FROM sbtest1 WHERE id BETWEEN 5362594 AND 5362693 ORDER BY c
	Sort  (cost=413.32..413.58 rows=103 width=121)
	  Sort Key: c
	  ->  Index Scan using sbtest1_pkey on sbtest1  (cost=0.43..409.88 rows=103 width=121)
	        Index Cond: ((id >= 5362594) AND (id <= 5362693))

table 2 : explain SELECT c FROM sbtest2 WHERE id BETWEEN 7705946 AND 7706045 ORDER BY c
	Sort  (cost=404.33..404.59 rows=101 width=121)
	  Sort Key: c
	  ->  Index Scan using sbtest2_pkey on sbtest2  (cost=0.43..400.97 rows=101 width=121)
	        Index Cond: ((id >= 7705946) AND (id <= 7706045))

table 3 : explain SELECT c FROM sbtest3 WHERE id BETWEEN 1815727 AND 1815826 ORDER BY c
	Sort  (cost=397.38..397.62 rows=99 width=121)
	  Sort Key: c
	  ->  Index Scan using sbtest3_pkey on sbtest3  (cost=0.43..394.09 rows=99 width=121)
	        Index Cond: ((id >= 1815727) AND (id <= 1815826))

table 4 : explain SELECT c FROM sbtest4 WHERE id BETWEEN 1099363 AND 1099462 ORDER BY c
	Sort  (cost=408.04..408.30 rows=102 width=121)
	  Sort Key: c
	  ->  Index Scan using sbtest4_pkey on sbtest4  (cost=0.43..404.64 rows=102 width=121)
	        Index Cond: ((id >= 1099363) AND (id <= 1099462))

table 5 : explain SELECT c FROM sbtest5 WHERE id BETWEEN 2102464 AND 2102563 ORDER BY c
	Sort  (cost=432.25..432.52 rows=108 width=121)
	  Sort Key: c
	  ->  Index Scan using sbtest5_pkey on sbtest5  (cost=0.43..428.61 rows=108 width=121)
	        Index Cond: ((id >= 2102464) AND (id <= 2102563))

table 6 : explain SELECT c FROM sbtest6 WHERE id BETWEEN 5073327 AND 5073426 ORDER BY c
	Sort  (cost=366.08..366.30 rows=91 width=121)
	  Sort Key: c
	  ->  Index Scan using sbtest6_pkey on sbtest6  (cost=0.43..363.11 rows=91 width=121)
	        Index Cond: ((id >= 5073327) AND (id <= 5073426))

table 7 : explain SELECT c FROM sbtest7 WHERE id BETWEEN 8607661 AND 8607760 ORDER BY c
	Sort  (cost=419.93..420.19 rows=105 width=121)
	  Sort Key: c
	  ->  Index Scan using sbtest7_pkey on sbtest7  (cost=0.43..416.41 rows=105 width=121)
	        Index Cond: ((id >= 8607661) AND (id <= 8607760))

table 8 : explain SELECT c FROM sbtest8 WHERE id BETWEEN 579197 AND 579296 ORDER BY c
	Sort  (cost=379.37..379.61 rows=95 width=121)
	  Sort Key: c
	  ->  Index Scan using sbtest8_pkey on sbtest8  (cost=0.43..376.25 rows=95 width=121)
	        Index Cond: ((id >= 579197) AND (id <= 579296))

for: simple_ranges
table 1 : explain SELECT c FROM sbtest1 WHERE id BETWEEN 2242405 AND 2242504
	Index Scan using sbtest1_pkey on sbtest1  (cost=0.43..425.62 rows=107 width=121)
	  Index Cond: ((id >= 2242405) AND (id <= 2242504))

table 2 : explain SELECT c FROM sbtest2 WHERE id BETWEEN 5073046 AND 5073145
	Index Scan using sbtest2_pkey on sbtest2  (cost=0.43..377.43 rows=95 width=121)
	  Index Cond: ((id >= 5073046) AND (id <= 5073145))

table 3 : explain SELECT c FROM sbtest3 WHERE id BETWEEN 6548807 AND 6548906
	Index Scan using sbtest3_pkey on sbtest3  (cost=0.43..405.90 rows=102 width=121)
	  Index Cond: ((id >= 6548807) AND (id <= 6548906))

table 4 : explain SELECT c FROM sbtest4 WHERE id BETWEEN 827184 AND 827283
	Index Scan using sbtest4_pkey on sbtest4  (cost=0.43..388.95 rows=98 width=121)
	  Index Cond: ((id >= 827184) AND (id <= 827283))

table 5 : explain SELECT c FROM sbtest5 WHERE id BETWEEN 4417157 AND 4417256
	Index Scan using sbtest5_pkey on sbtest5  (cost=0.43..412.90 rows=104 width=121)
	  Index Cond: ((id >= 4417157) AND (id <= 4417256))

table 6 : explain SELECT c FROM sbtest6 WHERE id BETWEEN 913048 AND 913147
	Index Scan using sbtest6_pkey on sbtest6  (cost=0.43..426.18 rows=107 width=121)
	  Index Cond: ((id >= 913048) AND (id <= 913147))

table 7 : explain SELECT c FROM sbtest7 WHERE id BETWEEN 588583 AND 588682
	Index Scan using sbtest7_pkey on sbtest7  (cost=0.43..396.80 rows=100 width=121)
	  Index Cond: ((id >= 588583) AND (id <= 588682))

table 8 : explain SELECT c FROM sbtest8 WHERE id BETWEEN 1617373 AND 1617472
	Index Scan using sbtest8_pkey on sbtest8  (cost=0.43..387.99 rows=98 width=121)
	  Index Cond: ((id >= 1617373) AND (id <= 1617472))

for: order_ranges
table 1 : explain SELECT c FROM sbtest1 WHERE id BETWEEN 4857262 AND 4857361 ORDER BY c
	Sort  (cost=437.18..437.45 rows=109 width=121)
	  Sort Key: c
	  ->  Index Scan using sbtest1_pkey on sbtest1  (cost=0.43..433.49 rows=109 width=121)
	        Index Cond: ((id >= 4857262) AND (id <= 4857361))

table 2 : explain SELECT c FROM sbtest2 WHERE id BETWEEN 7806857 AND 7806956 ORDER BY c
	Sort  (cost=372.59..372.83 rows=93 width=121)
	  Sort Key: c
	  ->  Index Scan using sbtest2_pkey on sbtest2  (cost=0.43..369.55 rows=93 width=121)
	        Index Cond: ((id >= 7806857) AND (id <= 7806956))

table 3 : explain SELECT c FROM sbtest3 WHERE id BETWEEN 1985550 AND 1985649 ORDER BY c
	Sort  (cost=429.18..429.44 rows=107 width=121)
	  Sort Key: c
	  ->  Index Scan using sbtest3_pkey on sbtest3  (cost=0.43..425.57 rows=107 width=121)
	        Index Cond: ((id >= 1985550) AND (id <= 1985649))

table 4 : explain SELECT c FROM sbtest4 WHERE id BETWEEN 5571178 AND 5571277 ORDER BY c
	Sort  (cost=388.23..388.47 rows=97 width=121)
	  Sort Key: c
	  ->  Index Scan using sbtest4_pkey on sbtest4  (cost=0.43..385.03 rows=97 width=121)
	        Index Cond: ((id >= 5571178) AND (id <= 5571277))

table 5 : explain SELECT c FROM sbtest5 WHERE id BETWEEN 461848 AND 461947 ORDER BY c
	Sort  (cost=428.29..428.55 rows=107 width=121)
	  Sort Key: c
	  ->  Index Scan using sbtest5_pkey on sbtest5  (cost=0.43..424.68 rows=107 width=121)
	        Index Cond: ((id >= 461848) AND (id <= 461947))

table 6 : explain SELECT c FROM sbtest6 WHERE id BETWEEN 5737713 AND 5737812 ORDER BY c
	Sort  (cost=437.75..438.02 rows=109 width=121)
	  Sort Key: c
	  ->  Index Scan using sbtest6_pkey on sbtest6  (cost=0.43..434.06 rows=109 width=121)
	        Index Cond: ((id >= 5737713) AND (id <= 5737812))

table 7 : explain SELECT c FROM sbtest7 WHERE id BETWEEN 5781766 AND 5781865 ORDER BY c
	Sort  (cost=376.32..376.56 rows=94 width=121)
	  Sort Key: c
	  ->  Index Scan using sbtest7_pkey on sbtest7  (cost=0.43..373.24 rows=94 width=121)
	        Index Cond: ((id >= 5781766) AND (id <= 5781865))

table 8 : explain SELECT c FROM sbtest8 WHERE id BETWEEN 7335705 AND 7335804 ORDER BY c
	Sort  (cost=434.71..434.98 rows=109 width=121)
	  Sort Key: c
	  ->  Index Scan using sbtest8_pkey on sbtest8  (cost=0.43..431.02 rows=109 width=121)
	        Index Cond: ((id >= 7335705) AND (id <= 7335804))

for: order_ranges
table 1 : explain SELECT c FROM sbtest1 WHERE id BETWEEN 5775282 AND 5775381 ORDER BY c
	Sort  (cost=389.47..389.71 rows=97 width=121)
	  Sort Key: c
	  ->  Index Scan using sbtest1_pkey on sbtest1  (cost=0.43..386.27 rows=97 width=121)
	        Index Cond: ((id >= 5775282) AND (id <= 5775381))

table 2 : explain SELECT c FROM sbtest2 WHERE id BETWEEN 5735875 AND 5735974 ORDER BY c
	Sort  (cost=455.88..456.17 rows=114 width=121)
	  Sort Key: c
	  ->  Index Scan using sbtest2_pkey on sbtest2  (cost=0.43..451.99 rows=114 width=121)
	        Index Cond: ((id >= 5735875) AND (id <= 5735974))

table 3 : explain SELECT c FROM sbtest3 WHERE id BETWEEN 6087883 AND 6087982 ORDER BY c
	Sort  (cost=453.03..453.31 rows=113 width=121)
	  Sort Key: c
	  ->  Index Scan using sbtest3_pkey on sbtest3  (cost=0.43..449.18 rows=113 width=121)
	        Index Cond: ((id >= 6087883) AND (id <= 6087982))

table 4 : explain SELECT c FROM sbtest4 WHERE id BETWEEN 2590654 AND 2590753 ORDER BY c
	Sort  (cost=431.82..432.09 rows=108 width=121)
	  Sort Key: c
	  ->  Index Scan using sbtest4_pkey on sbtest4  (cost=0.43..428.17 rows=108 width=121)
	        Index Cond: ((id >= 2590654) AND (id <= 2590753))

table 5 : explain SELECT c FROM sbtest5 WHERE id BETWEEN 7672363 AND 7672462 ORDER BY c
	Sort  (cost=408.45..408.71 rows=102 width=121)
	  Sort Key: c
	  ->  Index Scan using sbtest5_pkey on sbtest5  (cost=0.43..405.05 rows=102 width=121)
	        Index Cond: ((id >= 7672363) AND (id <= 7672462))

table 6 : explain SELECT c FROM sbtest6 WHERE id BETWEEN 882875 AND 882974 ORDER BY c
	Sort  (cost=429.78..430.05 rows=107 width=121)
	  Sort Key: c
	  ->  Index Scan using sbtest6_pkey on sbtest6  (cost=0.43..426.18 rows=107 width=121)
	        Index Cond: ((id >= 882875) AND (id <= 882974))

table 7 : explain SELECT c FROM sbtest7 WHERE id BETWEEN 3578498 AND 3578597 ORDER BY c
	Sort  (cost=392.19..392.44 rows=98 width=121)
	  Sort Key: c
	  ->  Index Scan using sbtest7_pkey on sbtest7  (cost=0.43..388.95 rows=98 width=121)
	        Index Cond: ((id >= 3578498) AND (id <= 3578597))

table 8 : explain SELECT c FROM sbtest8 WHERE id BETWEEN 8483088 AND 8483187 ORDER BY c
	Sort  (cost=395.18..395.43 rows=99 width=121)
	  Sort Key: c
	  ->  Index Scan using sbtest8_pkey on sbtest8  (cost=0.43..391.90 rows=99 width=121)
	        Index Cond: ((id >= 8483088) AND (id <= 8483187))

for: sum_ranges
table 1 : explain SELECT SUM(k) FROM sbtest1 WHERE id BETWEEN 15865 AND 15964
	Aggregate  (cost=374.70..374.71 rows=1 width=8)
	  ->  Index Scan using sbtest1_pkey on sbtest1  (cost=0.43..374.46 rows=94 width=4)
	        Index Cond: ((id >= 15865) AND (id <= 15964))

table 2 : explain SELECT SUM(k) FROM sbtest2 WHERE id BETWEEN 5893168 AND 5893267
	Aggregate  (cost=432.64..432.65 rows=1 width=8)
	  ->  Index Scan using sbtest2_pkey on sbtest2  (cost=0.43..432.37 rows=109 width=4)
	        Index Cond: ((id >= 5893168) AND (id <= 5893267))

table 3 : explain SELECT SUM(k) FROM sbtest3 WHERE id BETWEEN 3014974 AND 3015073
	Aggregate  (cost=386.47..386.48 rows=1 width=8)
	  ->  Index Scan using sbtest3_pkey on sbtest3  (cost=0.43..386.23 rows=97 width=4)
	        Index Cond: ((id >= 3014974) AND (id <= 3015073))

table 4 : explain SELECT SUM(k) FROM sbtest4 WHERE id BETWEEN 452834 AND 452933
	Aggregate  (cost=416.67..416.68 rows=1 width=8)
	  ->  Index Scan using sbtest4_pkey on sbtest4  (cost=0.43..416.40 rows=105 width=4)
	        Index Cond: ((id >= 452834) AND (id <= 452933))

table 5 : explain SELECT SUM(k) FROM sbtest5 WHERE id BETWEEN 3505835 AND 3505934
	Aggregate  (cost=397.45..397.46 rows=1 width=8)
	  ->  Index Scan using sbtest5_pkey on sbtest5  (cost=0.43..397.20 rows=100 width=4)
	        Index Cond: ((id >= 3505835) AND (id <= 3505934))

table 6 : explain SELECT SUM(k) FROM sbtest6 WHERE id BETWEEN 4989300 AND 4989399
	Aggregate  (cost=418.56..418.57 rows=1 width=8)
	  ->  Index Scan using sbtest6_pkey on sbtest6  (cost=0.43..418.30 rows=105 width=4)
	        Index Cond: ((id >= 4989300) AND (id <= 4989399))

table 7 : explain SELECT SUM(k) FROM sbtest7 WHERE id BETWEEN 6684130 AND 6684229
	Aggregate  (cost=408.82..408.83 rows=1 width=8)
	  ->  Index Scan using sbtest7_pkey on sbtest7  (cost=0.43..408.56 rows=103 width=4)
	        Index Cond: ((id >= 6684130) AND (id <= 6684229))

table 8 : explain SELECT SUM(k) FROM sbtest8 WHERE id BETWEEN 1838603 AND 1838702
	Aggregate  (cost=384.32..384.33 rows=1 width=8)
	  ->  Index Scan using sbtest8_pkey on sbtest8  (cost=0.43..384.08 rows=97 width=4)
	        Index Cond: ((id >= 1838603) AND (id <= 1838702))

for: order_ranges
table 1 : explain SELECT c FROM sbtest1 WHERE id BETWEEN 2926352 AND 2926451 ORDER BY c
	Sort  (cost=397.42..397.67 rows=99 width=121)
	  Sort Key: c
	  ->  Index Scan using sbtest1_pkey on sbtest1  (cost=0.43..394.14 rows=99 width=121)
	        Index Cond: ((id >= 2926352) AND (id <= 2926451))

table 2 : explain SELECT c FROM sbtest2 WHERE id BETWEEN 4103498 AND 4103597 ORDER BY c
	Sort  (cost=372.59..372.83 rows=93 width=121)
	  Sort Key: c
	  ->  Index Scan using sbtest2_pkey on sbtest2  (cost=0.43..369.55 rows=93 width=121)
	        Index Cond: ((id >= 4103498) AND (id <= 4103597))

table 3 : explain SELECT c FROM sbtest3 WHERE id BETWEEN 7887705 AND 7887804 ORDER BY c
	Sort  (cost=409.30..409.56 rows=102 width=121)
	  Sort Key: c
	  ->  Index Scan using sbtest3_pkey on sbtest3  (cost=0.43..405.90 rows=102 width=121)
	        Index Cond: ((id >= 7887705) AND (id <= 7887804))

table 4 : explain SELECT c FROM sbtest4 WHERE id BETWEEN 456206 AND 456305 ORDER BY c
	Sort  (cost=419.93..420.19 rows=105 width=121)
	  Sort Key: c
	  ->  Index Scan using sbtest4_pkey on sbtest4  (cost=0.43..416.40 rows=105 width=121)
	        Index Cond: ((id >= 456206) AND (id <= 456305))

table 5 : explain SELECT c FROM sbtest5 WHERE id BETWEEN 5580519 AND 5580618 ORDER BY c
	Sort  (cost=408.45..408.71 rows=102 width=121)
	  Sort Key: c
	  ->  Index Scan using sbtest5_pkey on sbtest5  (cost=0.43..405.05 rows=102 width=121)
	        Index Cond: ((id >= 5580519) AND (id <= 5580618))

table 6 : explain SELECT c FROM sbtest6 WHERE id BETWEEN 2838001 AND 2838100 ORDER BY c
	Sort  (cost=393.96..394.20 rows=98 width=121)
	  Sort Key: c
	  ->  Index Scan using sbtest6_pkey on sbtest6  (cost=0.43..390.72 rows=98 width=121)
	        Index Cond: ((id >= 2838001) AND (id <= 2838100))

table 7 : explain SELECT c FROM sbtest7 WHERE id BETWEEN 7691660 AND 7691759 ORDER BY c
	Sort  (cost=451.63..451.92 rows=113 width=121)
	  Sort Key: c
	  ->  Index Scan using sbtest7_pkey on sbtest7  (cost=0.43..447.78 rows=113 width=121)
	        Index Cond: ((id >= 7691660) AND (id <= 7691759))

table 8 : explain SELECT c FROM sbtest8 WHERE id BETWEEN 331467 AND 331566 ORDER BY c
	Sort  (cost=403.09..403.34 rows=101 width=121)
	  Sort Key: c
	  ->  Index Scan using sbtest8_pkey on sbtest8  (cost=0.43..399.72 rows=101 width=121)
	        Index Cond: ((id >= 331467) AND (id <= 331566))

for: sum_ranges
table 1 : explain SELECT SUM(k) FROM sbtest1 WHERE id BETWEEN 1171446 AND 1171545
	Aggregate  (cost=414.07..414.08 rows=1 width=8)
	  ->  Index Scan using sbtest1_pkey on sbtest1  (cost=0.43..413.81 rows=104 width=4)
	        Index Cond: ((id >= 1171446) AND (id <= 1171545))

table 2 : explain SELECT SUM(k) FROM sbtest2 WHERE id BETWEEN 3073283 AND 3073382
	Aggregate  (cost=385.52..385.53 rows=1 width=8)
	  ->  Index Scan using sbtest2_pkey on sbtest2  (cost=0.43..385.27 rows=97 width=4)
	        Index Cond: ((id >= 3073283) AND (id <= 3073382))

table 3 : explain SELECT SUM(k) FROM sbtest3 WHERE id BETWEEN 14280 AND 14379
	Aggregate  (cost=449.46..449.47 rows=1 width=8)
	  ->  Index Scan using sbtest3_pkey on sbtest3  (cost=0.43..449.18 rows=113 width=4)
	        Index Cond: ((id >= 14280) AND (id <= 14379))

table 4 : explain SELECT SUM(k) FROM sbtest4 WHERE id BETWEEN 3144730 AND 3144829
	Aggregate  (cost=389.20..389.21 rows=1 width=8)
	  ->  Index Scan using sbtest4_pkey on sbtest4  (cost=0.43..388.95 rows=98 width=4)
	        Index Cond: ((id >= 3144730) AND (id <= 3144829))

table 5 : explain SELECT SUM(k) FROM sbtest5 WHERE id BETWEEN 6923932 AND 6924031
	Aggregate  (cost=381.73..381.74 rows=1 width=8)
	  ->  Index Scan using sbtest5_pkey on sbtest5  (cost=0.43..381.49 rows=96 width=4)
	        Index Cond: ((id >= 6923932) AND (id <= 6924031))

table 6 : explain SELECT SUM(k) FROM sbtest6 WHERE id BETWEEN 9213897 AND 9213996
	Aggregate  (cost=406.73..406.74 rows=1 width=8)
	  ->  Index Scan using sbtest6_pkey on sbtest6  (cost=0.43..406.48 rows=102 width=4)
	        Index Cond: ((id >= 9213897) AND (id <= 9213996))

table 7 : explain SELECT SUM(k) FROM sbtest7 WHERE id BETWEEN 4116278 AND 4116377
	Aggregate  (cost=397.05..397.06 rows=1 width=8)
	  ->  Index Scan using sbtest7_pkey on sbtest7  (cost=0.43..396.80 rows=100 width=4)
	        Index Cond: ((id >= 4116278) AND (id <= 4116377))

table 8 : explain SELECT SUM(k) FROM sbtest8 WHERE id BETWEEN 554501 AND 554600
	Aggregate  (cost=376.49..376.50 rows=1 width=8)
	  ->  Index Scan using sbtest8_pkey on sbtest8  (cost=0.43..376.25 rows=95 width=4)
	        Index Cond: ((id >= 554501) AND (id <= 554600))

for: sum_ranges
table 1 : explain SELECT SUM(k) FROM sbtest1 WHERE id BETWEEN 3085002 AND 3085101
	Aggregate  (cost=398.32..398.33 rows=1 width=8)
	  ->  Index Scan using sbtest1_pkey on sbtest1  (cost=0.43..398.07 rows=100 width=4)
	        Index Cond: ((id >= 3085002) AND (id <= 3085101))

table 2 : explain SELECT SUM(k) FROM sbtest2 WHERE id BETWEEN 2583790 AND 2583889
	Aggregate  (cost=405.15..405.16 rows=1 width=8)
	  ->  Index Scan using sbtest2_pkey on sbtest2  (cost=0.43..404.90 rows=102 width=4)
	        Index Cond: ((id >= 2583790) AND (id <= 2583889))

table 3 : explain SELECT SUM(k) FROM sbtest3 WHERE id BETWEEN 6361263 AND 6361362
	Aggregate  (cost=354.95..354.96 rows=1 width=8)
	  ->  Index Scan using sbtest3_pkey on sbtest3  (cost=0.43..354.73 rows=89 width=4)
	        Index Cond: ((id >= 6361263) AND (id <= 6361362))

table 4 : explain SELECT SUM(k) FROM sbtest4 WHERE id BETWEEN 374704 AND 374803
	Aggregate  (cost=381.35..381.36 rows=1 width=8)
	  ->  Index Scan using sbtest4_pkey on sbtest4  (cost=0.43..381.11 rows=96 width=4)
	        Index Cond: ((id >= 374704) AND (id <= 374803))

table 5 : explain SELECT SUM(k) FROM sbtest5 WHERE id BETWEEN 2239884 AND 2239983
	Aggregate  (cost=397.45..397.46 rows=1 width=8)
	  ->  Index Scan using sbtest5_pkey on sbtest5  (cost=0.43..397.20 rows=100 width=4)
	        Index Cond: ((id >= 2239884) AND (id <= 2239983))

table 6 : explain SELECT SUM(k) FROM sbtest6 WHERE id BETWEEN 9131972 AND 9132071
	Aggregate  (cost=414.62..414.63 rows=1 width=8)
	  ->  Index Scan using sbtest6_pkey on sbtest6  (cost=0.43..414.36 rows=104 width=4)
	        Index Cond: ((id >= 9131972) AND (id <= 9132071))

table 7 : explain SELECT SUM(k) FROM sbtest7 WHERE id BETWEEN 5565089 AND 5565188
	Aggregate  (cost=404.89..404.90 rows=1 width=8)
	  ->  Index Scan using sbtest7_pkey on sbtest7  (cost=0.43..404.64 rows=102 width=4)
	        Index Cond: ((id >= 5565089) AND (id <= 5565188))

table 8 : explain SELECT SUM(k) FROM sbtest8 WHERE id BETWEEN 4260460 AND 4260559
	Aggregate  (cost=446.95..446.96 rows=1 width=8)
	  ->  Index Scan using sbtest8_pkey on sbtest8  (cost=0.43..446.67 rows=113 width=4)
	        Index Cond: ((id >= 4260460) AND (id <= 4260559))

for: distinct_ranges
table 1 : explain SELECT DISTINCT c FROM sbtest1 WHERE id BETWEEN 439320 AND 439419 ORDER BY c
	Unique  (cost=409.35..409.86 rows=102 width=121)
	  ->  Sort  (cost=409.35..409.60 rows=102 width=121)
	        Sort Key: c
	        ->  Index Scan using sbtest1_pkey on sbtest1  (cost=0.43..405.94 rows=102 width=121)
	              Index Cond: ((id >= 439320) AND (id <= 439419))

table 2 : explain SELECT DISTINCT c FROM sbtest2 WHERE id BETWEEN 6611415 AND 6611514 ORDER BY c
	Unique  (cost=380.55..381.02 rows=95 width=121)
	  ->  Sort  (cost=380.55..380.78 rows=95 width=121)
	        Sort Key: c
	        ->  Index Scan using sbtest2_pkey on sbtest2  (cost=0.43..377.43 rows=95 width=121)
	              Index Cond: ((id >= 6611415) AND (id <= 6611514))

table 3 : explain SELECT DISTINCT c FROM sbtest3 WHERE id BETWEEN 2514151 AND 2514250 ORDER BY c
	Unique  (cost=369.53..369.99 rows=92 width=121)
	  ->  Sort  (cost=369.53..369.76 rows=92 width=121)
	        Sort Key: c
	        ->  Index Scan using sbtest3_pkey on sbtest3  (cost=0.43..366.53 rows=92 width=121)
	              Index Cond: ((id >= 2514151) AND (id <= 2514250))

table 4 : explain SELECT DISTINCT c FROM sbtest4 WHERE id BETWEEN 998890 AND 998989 ORDER BY c
	Unique  (cost=384.27..384.75 rows=96 width=121)
	  ->  Sort  (cost=384.27..384.51 rows=96 width=121)
	        Sort Key: c
	        ->  Index Scan using sbtest4_pkey on sbtest4  (cost=0.43..381.11 rows=96 width=121)
	              Index Cond: ((id >= 998890) AND (id <= 998989))

table 5 : explain SELECT DISTINCT c FROM sbtest5 WHERE id BETWEEN 8197696 AND 8197795 ORDER BY c
	Unique  (cost=416.39..416.91 rows=104 width=121)
	  ->  Sort  (cost=416.39..416.65 rows=104 width=121)
	        Sort Key: c
	        ->  Index Scan using sbtest5_pkey on sbtest5  (cost=0.43..412.90 rows=104 width=121)
	              Index Cond: ((id >= 8197696) AND (id <= 8197795))

table 6 : explain SELECT DISTINCT c FROM sbtest6 WHERE id BETWEEN 1875991 AND 1876090 ORDER BY c
	Unique  (cost=378.02..378.49 rows=94 width=121)
	  ->  Sort  (cost=378.02..378.25 rows=94 width=121)
	        Sort Key: c
	        ->  Index Scan using sbtest6_pkey on sbtest6  (cost=0.43..374.93 rows=94 width=121)
	              Index Cond: ((id >= 1875991) AND (id <= 1876090))

table 7 : explain SELECT DISTINCT c FROM sbtest7 WHERE id BETWEEN 9709028 AND 9709127 ORDER BY c
	Unique  (cost=388.23..388.72 rows=97 width=121)
	  ->  Sort  (cost=388.23..388.47 rows=97 width=121)
	        Sort Key: c
	        ->  Index Scan using sbtest7_pkey on sbtest7  (cost=0.43..385.03 rows=97 width=121)
	              Index Cond: ((id >= 9709028) AND (id <= 9709127))

table 8 : explain SELECT DISTINCT c FROM sbtest8 WHERE id BETWEEN 5543226 AND 5543325 ORDER BY c
	Unique  (cost=395.18..395.68 rows=99 width=121)
	  ->  Sort  (cost=395.18..395.43 rows=99 width=121)
	        Sort Key: c
	        ->  Index Scan using sbtest8_pkey on sbtest8  (cost=0.43..391.90 rows=99 width=121)
	              Index Cond: ((id >= 5543226) AND (id <= 5543325))

explain: for point_selects :: explain SELECT c FROM sbtest%u WHERE id=%u
explain: for point_selects :: explain SELECT c FROM sbtest%u WHERE id=%u
for: order_ranges
table 1 : explain SELECT c FROM sbtest1 WHERE id BETWEEN 9537056 AND 9537155 ORDER BY c
	Sort  (cost=429.23..429.49 rows=107 width=121)
	  Sort Key: c
	  ->  Index Scan using sbtest1_pkey on sbtest1  (cost=0.43..425.62 rows=107 width=121)
	        Index Cond: ((id >= 9537056) AND (id <= 9537155))

table 2 : explain SELECT c FROM sbtest2 WHERE id BETWEEN 6473044 AND 6473143 ORDER BY c
	Sort  (cost=368.63..368.86 rows=92 width=121)
	  Sort Key: c
	  ->  Index Scan using sbtest2_pkey on sbtest2  (cost=0.43..365.63 rows=92 width=121)
	        Index Cond: ((id >= 6473044) AND (id <= 6473143))

table 3 : explain SELECT c FROM sbtest3 WHERE id BETWEEN 8057286 AND 8057385 ORDER BY c
	Sort  (cost=385.43..385.67 rows=96 width=121)
	  Sort Key: c
	  ->  Index Scan using sbtest3_pkey on sbtest3  (cost=0.43..382.27 rows=96 width=121)
	        Index Cond: ((id >= 8057286) AND (id <= 8057385))

table 4 : explain SELECT c FROM sbtest4 WHERE id BETWEEN 4287031 AND 4287130 ORDER BY c
	Sort  (cost=376.32..376.55 rows=94 width=121)
	  Sort Key: c
	  ->  Index Scan using sbtest4_pkey on sbtest4  (cost=0.43..373.24 rows=94 width=121)
	        Index Cond: ((id >= 4287031) AND (id <= 4287130))

table 5 : explain SELECT c FROM sbtest5 WHERE id BETWEEN 4772185 AND 4772284 ORDER BY c
	Sort  (cost=404.49..404.74 rows=101 width=121)
	  Sort Key: c
	  ->  Index Scan using sbtest5_pkey on sbtest5  (cost=0.43..401.12 rows=101 width=121)
	        Index Cond: ((id >= 4772185) AND (id <= 4772284))

table 6 : explain SELECT c FROM sbtest6 WHERE id BETWEEN 1887810 AND 1887909 ORDER BY c
	Sort  (cost=378.02..378.25 rows=94 width=121)
	  Sort Key: c
	  ->  Index Scan using sbtest6_pkey on sbtest6  (cost=0.43..374.93 rows=94 width=121)
	        Index Cond: ((id >= 1887810) AND (id <= 1887909))

table 7 : explain SELECT c FROM sbtest7 WHERE id BETWEEN 7388321 AND 7388420 ORDER BY c
	Sort  (cost=415.97..416.23 rows=104 width=121)
	  Sort Key: c
	  ->  Index Scan using sbtest7_pkey on sbtest7  (cost=0.43..412.48 rows=104 width=121)
	        Index Cond: ((id >= 7388321) AND (id <= 7388420))

table 8 : explain SELECT c FROM sbtest8 WHERE id BETWEEN 9965660 AND 9965759 ORDER BY c
	Sort  (cost=379.37..379.61 rows=95 width=121)
	  Sort Key: c
	  ->  Index Scan using sbtest8_pkey on sbtest8  (cost=0.43..376.25 rows=95 width=121)
	        Index Cond: ((id >= 9965660) AND (id <= 9965759))

for: distinct_ranges
table 1 : explain SELECT DISTINCT c FROM sbtest1 WHERE id BETWEEN 1613645 AND 1613744 ORDER BY c
	Unique  (cost=409.35..409.86 rows=102 width=121)
	  ->  Sort  (cost=409.35..409.60 rows=102 width=121)
	        Sort Key: c
	        ->  Index Scan using sbtest1_pkey on sbtest1  (cost=0.43..405.94 rows=102 width=121)
	              Index Cond: ((id >= 1613645) AND (id <= 1613744))

table 2 : explain SELECT DISTINCT c FROM sbtest2 WHERE id BETWEEN 3651677 AND 3651776 ORDER BY c
	Unique  (cost=416.23..416.75 rows=104 width=121)
	  ->  Sort  (cost=416.23..416.49 rows=104 width=121)
	        Sort Key: c
	        ->  Index Scan using sbtest2_pkey on sbtest2  (cost=0.43..412.75 rows=104 width=121)
	              Index Cond: ((id >= 3651677) AND (id <= 3651776))

table 3 : explain SELECT DISTINCT c FROM sbtest3 WHERE id BETWEEN 6564094 AND 6564193 ORDER BY c
	Unique  (cost=409.30..409.81 rows=102 width=121)
	  ->  Sort  (cost=409.30..409.56 rows=102 width=121)
	        Sort Key: c
	        ->  Index Scan using sbtest3_pkey on sbtest3  (cost=0.43..405.90 rows=102 width=121)
	              Index Cond: ((id >= 6564094) AND (id <= 6564193))

table 4 : explain SELECT DISTINCT c FROM sbtest4 WHERE id BETWEEN 9254056 AND 9254155 ORDER BY c
	Unique  (cost=419.93..420.45 rows=105 width=121)
	  ->  Sort  (cost=419.93..420.19 rows=105 width=121)
	        Sort Key: c
	        ->  Index Scan using sbtest4_pkey on sbtest4  (cost=0.43..416.40 rows=105 width=121)
	              Index Cond: ((id >= 9254056) AND (id <= 9254155))

table 5 : explain SELECT DISTINCT c FROM sbtest5 WHERE id BETWEEN 1129377 AND 1129476 ORDER BY c
	Unique  (cost=432.25..432.79 rows=108 width=121)
	  ->  Sort  (cost=432.25..432.52 rows=108 width=121)
	        Sort Key: c
	        ->  Index Scan using sbtest5_pkey on sbtest5  (cost=0.43..428.61 rows=108 width=121)
	              Index Cond: ((id >= 1129377) AND (id <= 1129476))

table 6 : explain SELECT DISTINCT c FROM sbtest6 WHERE id BETWEEN 6677300 AND 6677399 ORDER BY c
	Unique  (cost=413.86..414.38 rows=103 width=121)
	  ->  Sort  (cost=413.86..414.12 rows=103 width=121)
	        Sort Key: c
	        ->  Index Scan using sbtest6_pkey on sbtest6  (cost=0.43..410.42 rows=103 width=121)
	              Index Cond: ((id >= 6677300) AND (id <= 6677399))

table 7 : explain SELECT DISTINCT c FROM sbtest7 WHERE id BETWEEN 9673524 AND 9673623 ORDER BY c
	Unique  (cost=376.32..376.79 rows=94 width=121)
	  ->  Sort  (cost=376.32..376.56 rows=94 width=121)
	        Sort Key: c
	        ->  Index Scan using sbtest7_pkey on sbtest7  (cost=0.43..373.24 rows=94 width=121)
	              Index Cond: ((id >= 9673524) AND (id <= 9673623))

table 8 : explain SELECT DISTINCT c FROM sbtest8 WHERE id BETWEEN 3862327 AND 3862426 ORDER BY c
	Unique  (cost=391.23..391.72 rows=98 width=121)
	  ->  Sort  (cost=391.23..391.47 rows=98 width=121)
	        Sort Key: c
	        ->  Index Scan using sbtest8_pkey on sbtest8  (cost=0.43..387.99 rows=98 width=121)
	              Index Cond: ((id >= 3862327) AND (id <= 3862426))

for: order_ranges
table 1 : explain SELECT c FROM sbtest1 WHERE id BETWEEN 359261 AND 359360 ORDER BY c
	Sort  (cost=397.42..397.67 rows=99 width=121)
	  Sort Key: c
	  ->  Index Scan using sbtest1_pkey on sbtest1  (cost=0.43..394.14 rows=99 width=121)
	        Index Cond: ((id >= 359261) AND (id <= 359360))

table 2 : explain SELECT c FROM sbtest2 WHERE id BETWEEN 574690 AND 574789 ORDER BY c
	Sort  (cost=400.37..400.62 rows=100 width=121)
	  Sort Key: c
	  ->  Index Scan using sbtest2_pkey on sbtest2  (cost=0.43..397.05 rows=100 width=121)
	        Index Cond: ((id >= 574690) AND (id <= 574789))

table 3 : explain SELECT c FROM sbtest3 WHERE id BETWEEN 7362796 AND 7362895 ORDER BY c
	Sort  (cost=429.18..429.44 rows=107 width=121)
	  Sort Key: c
	  ->  Index Scan using sbtest3_pkey on sbtest3  (cost=0.43..425.57 rows=107 width=121)
	        Index Cond: ((id >= 7362796) AND (id <= 7362895))

table 4 : explain SELECT c FROM sbtest4 WHERE id BETWEEN 9010373 AND 9010472 ORDER BY c
	Sort  (cost=380.31..380.54 rows=95 width=121)
	  Sort Key: c
	  ->  Index Scan using sbtest4_pkey on sbtest4  (cost=0.43..377.19 rows=95 width=121)
	        Index Cond: ((id >= 9010373) AND (id <= 9010472))

table 5 : explain SELECT c FROM sbtest5 WHERE id BETWEEN 3300204 AND 3300303 ORDER BY c
	Sort  (cost=412.42..412.68 rows=103 width=121)
	  Sort Key: c
	  ->  Index Scan using sbtest5_pkey on sbtest5  (cost=0.43..408.98 rows=103 width=121)
	        Index Cond: ((id >= 3300204) AND (id <= 3300303))

table 6 : explain SELECT c FROM sbtest6 WHERE id BETWEEN 8313275 AND 8313374 ORDER BY c
	Sort  (cost=393.96..394.20 rows=98 width=121)
	  Sort Key: c
	  ->  Index Scan using sbtest6_pkey on sbtest6  (cost=0.43..390.72 rows=98 width=121)
	        Index Cond: ((id >= 8313275) AND (id <= 8313374))

table 7 : explain SELECT c FROM sbtest7 WHERE id BETWEEN 5451594 AND 5451693 ORDER BY c
	Sort  (cost=415.97..416.23 rows=104 width=121)
	  Sort Key: c
	  ->  Index Scan using sbtest7_pkey on sbtest7  (cost=0.43..412.48 rows=104 width=121)
	        Index Cond: ((id >= 5451594) AND (id <= 5451693))

table 8 : explain SELECT c FROM sbtest8 WHERE id BETWEEN 9067649 AND 9067748 ORDER BY c
	Sort  (cost=395.18..395.43 rows=99 width=121)
	  Sort Key: c
	  ->  Index Scan using sbtest8_pkey on sbtest8  (cost=0.43..391.90 rows=99 width=121)
	        Index Cond: ((id >= 9067649) AND (id <= 9067748))

for: order_ranges
table 1 : explain SELECT c FROM sbtest1 WHERE id BETWEEN 5188627 AND 5188726 ORDER BY c
	Sort  (cost=377.55..377.78 rows=94 width=121)
	  Sort Key: c
	  ->  Index Scan using sbtest1_pkey on sbtest1  (cost=0.43..374.46 rows=94 width=121)
	        Index Cond: ((id >= 5188627) AND (id <= 5188726))

table 2 : explain SELECT c FROM sbtest2 WHERE id BETWEEN 6493001 AND 6493100 ORDER BY c
	Sort  (cost=380.55..380.78 rows=95 width=121)
	  Sort Key: c
	  ->  Index Scan using sbtest2_pkey on sbtest2  (cost=0.43..377.43 rows=95 width=121)
	        Index Cond: ((id >= 6493001) AND (id <= 6493100))

table 3 : explain SELECT c FROM sbtest3 WHERE id BETWEEN 9825569 AND 9825668 ORDER BY c
	Sort  (cost=409.30..409.56 rows=102 width=121)
	  Sort Key: c
	  ->  Index Scan using sbtest3_pkey on sbtest3  (cost=0.43..405.90 rows=102 width=121)
	        Index Cond: ((id >= 9825569) AND (id <= 9825668))

table 4 : explain SELECT c FROM sbtest4 WHERE id BETWEEN 6470919 AND 6471018 ORDER BY c
	Sort  (cost=447.67..447.95 rows=112 width=121)
	  Sort Key: c
	  ->  Index Scan using sbtest4_pkey on sbtest4  (cost=0.43..443.86 rows=112 width=121)
	        Index Cond: ((id >= 6470919) AND (id <= 6471018))

table 5 : explain SELECT c FROM sbtest5 WHERE id BETWEEN 155541 AND 155640 ORDER BY c
	Sort  (cost=408.45..408.71 rows=102 width=121)
	  Sort Key: c
	  ->  Index Scan using sbtest5_pkey on sbtest5  (cost=0.43..405.05 rows=102 width=121)
	        Index Cond: ((id >= 155541) AND (id <= 155640))

table 6 : explain SELECT c FROM sbtest6 WHERE id BETWEEN 7506514 AND 7506613 ORDER BY c
	Sort  (cost=389.98..390.22 rows=97 width=121)
	  Sort Key: c
	  ->  Index Scan using sbtest6_pkey on sbtest6  (cost=0.43..386.78 rows=97 width=121)
	        Index Cond: ((id >= 7506514) AND (id <= 7506613))

table 7 : explain SELECT c FROM sbtest7 WHERE id BETWEEN 8159396 AND 8159495 ORDER BY c
	Sort  (cost=427.86..428.12 rows=107 width=121)
	  Sort Key: c
	  ->  Index Scan using sbtest7_pkey on sbtest7  (cost=0.43..424.25 rows=107 width=121)
	        Index Cond: ((id >= 8159396) AND (id <= 8159495))

table 8 : explain SELECT c FROM sbtest8 WHERE id BETWEEN 9425044 AND 9425143 ORDER BY c
	Sort  (cost=363.54..363.77 rows=91 width=121)
	  Sort Key: c
	  ->  Index Scan using sbtest8_pkey on sbtest8  (cost=0.43..360.58 rows=91 width=121)
	        Index Cond: ((id >= 9425044) AND (id <= 9425143))

for: distinct_ranges
table 1 : explain SELECT DISTINCT c FROM sbtest1 WHERE id BETWEEN 2713077 AND 2713176 ORDER BY c
	Unique  (cost=405.37..405.88 rows=101 width=121)
	  ->  Sort  (cost=405.37..405.62 rows=101 width=121)
	        Sort Key: c
	        ->  Index Scan using sbtest1_pkey on sbtest1  (cost=0.43..402.01 rows=101 width=121)
	              Index Cond: ((id >= 2713077) AND (id <= 2713176))

table 2 : explain SELECT DISTINCT c FROM sbtest2 WHERE id BETWEEN 1750598 AND 1750697 ORDER BY c
	Unique  (cost=440.02..440.57 rows=110 width=121)
	  ->  Sort  (cost=440.02..440.30 rows=110 width=121)
	        Sort Key: c
	        ->  Index Scan using sbtest2_pkey on sbtest2  (cost=0.43..436.29 rows=110 width=121)
	              Index Cond: ((id >= 1750598) AND (id <= 1750697))

table 3 : explain SELECT DISTINCT c FROM sbtest3 WHERE id BETWEEN 4768342 AND 4768441 ORDER BY c
	Unique  (cost=353.64..354.08 rows=88 width=121)
	  ->  Sort  (cost=353.64..353.86 rows=88 width=121)
	        Sort Key: c
	        ->  Index Scan using sbtest3_pkey on sbtest3  (cost=0.43..350.79 rows=88 width=121)
	              Index Cond: ((id >= 4768342) AND (id <= 4768441))

table 4 : explain SELECT DISTINCT c FROM sbtest4 WHERE id BETWEEN 5167297 AND 5167396 ORDER BY c
	Unique  (cost=423.89..424.42 rows=106 width=121)
	  ->  Sort  (cost=423.89..424.16 rows=106 width=121)
	        Sort Key: c
	        ->  Index Scan using sbtest4_pkey on sbtest4  (cost=0.43..420.33 rows=106 width=121)
	              Index Cond: ((id >= 5167297) AND (id <= 5167396))

table 5 : explain SELECT DISTINCT c FROM sbtest5 WHERE id BETWEEN 7443995 AND 7444094 ORDER BY c
	Unique  (cost=428.29..428.82 rows=107 width=121)
	  ->  Sort  (cost=428.29..428.55 rows=107 width=121)
	        Sort Key: c
	        ->  Index Scan using sbtest5_pkey on sbtest5  (cost=0.43..424.68 rows=107 width=121)
	              Index Cond: ((id >= 7443995) AND (id <= 7444094))

table 6 : explain SELECT DISTINCT c FROM sbtest6 WHERE id BETWEEN 4584121 AND 4584220 ORDER BY c
	Unique  (cost=382.02..382.49 rows=95 width=121)
	  ->  Sort  (cost=382.02..382.25 rows=95 width=121)
	        Sort Key: c
	        ->  Index Scan using sbtest6_pkey on sbtest6  (cost=0.43..378.90 rows=95 width=121)
	              Index Cond: ((id >= 4584121) AND (id <= 4584220))

table 7 : explain SELECT DISTINCT c FROM sbtest7 WHERE id BETWEEN 4944033 AND 4944132 ORDER BY c
	Unique  (cost=380.28..380.76 rows=95 width=121)
	  ->  Sort  (cost=380.28..380.52 rows=95 width=121)
	        Sort Key: c
	        ->  Index Scan using sbtest7_pkey on sbtest7  (cost=0.43..377.16 rows=95 width=121)
	              Index Cond: ((id >= 4944033) AND (id <= 4944132))

table 8 : explain SELECT DISTINCT c FROM sbtest8 WHERE id BETWEEN 2171176 AND 2171275 ORDER BY c
	Unique  (cost=395.18..395.68 rows=99 width=121)
	  ->  Sort  (cost=395.18..395.43 rows=99 width=121)
	        Sort Key: c
	        ->  Index Scan using sbtest8_pkey on sbtest8  (cost=0.43..391.90 rows=99 width=121)
	              Index Cond: ((id >= 2171176) AND (id <= 2171275))

explain: for point_selects :: explain SELECT c FROM sbtest%u WHERE id=%u
for: distinct_ranges
table 1 : explain SELECT DISTINCT c FROM sbtest1 WHERE id BETWEEN 3192881 AND 3192980 ORDER BY c
	Unique  (cost=409.35..409.86 rows=102 width=121)
	  ->  Sort  (cost=409.35..409.60 rows=102 width=121)
	        Sort Key: c
	        ->  Index Scan using sbtest1_pkey on sbtest1  (cost=0.43..405.94 rows=102 width=121)
	              Index Cond: ((id >= 3192881) AND (id <= 3192980))

table 2 : explain SELECT DISTINCT c FROM sbtest2 WHERE id BETWEEN 1042953 AND 1043052 ORDER BY c
	Unique  (cost=408.30..408.81 rows=102 width=121)
	  ->  Sort  (cost=408.30..408.55 rows=102 width=121)
	        Sort Key: c
	        ->  Index Scan using sbtest2_pkey on sbtest2  (cost=0.43..404.90 rows=102 width=121)
	              Index Cond: ((id >= 1042953) AND (id <= 1043052))

table 3 : explain SELECT DISTINCT c FROM sbtest3 WHERE id BETWEEN 4944738 AND 4944837 ORDER BY c
	Unique  (cost=409.30..409.81 rows=102 width=121)
	  ->  Sort  (cost=409.30..409.56 rows=102 width=121)
	        Sort Key: c
	        ->  Index Scan using sbtest3_pkey on sbtest3  (cost=0.43..405.90 rows=102 width=121)
	              Index Cond: ((id >= 4944738) AND (id <= 4944837))

table 4 : explain SELECT DISTINCT c FROM sbtest4 WHERE id BETWEEN 406145 AND 406244 ORDER BY c
	Unique  (cost=419.93..420.45 rows=105 width=121)
	  ->  Sort  (cost=419.93..420.19 rows=105 width=121)
	        Sort Key: c
	        ->  Index Scan using sbtest4_pkey on sbtest4  (cost=0.43..416.40 rows=105 width=121)
	              Index Cond: ((id >= 406145) AND (id <= 406244))

table 5 : explain SELECT DISTINCT c FROM sbtest5 WHERE id BETWEEN 1071157 AND 1071256 ORDER BY c
	Unique  (cost=380.69..381.16 rows=95 width=121)
	  ->  Sort  (cost=380.69..380.93 rows=95 width=121)
	        Sort Key: c
	        ->  Index Scan using sbtest5_pkey on sbtest5  (cost=0.43..377.57 rows=95 width=121)
	              Index Cond: ((id >= 1071157) AND (id <= 1071256))

table 6 : explain SELECT DISTINCT c FROM sbtest6 WHERE id BETWEEN 3933536 AND 3933635 ORDER BY c
	Unique  (cost=425.80..426.33 rows=106 width=121)
	  ->  Sort  (cost=425.80..426.07 rows=106 width=121)
	        Sort Key: c
	        ->  Index Scan using sbtest6_pkey on sbtest6  (cost=0.43..422.24 rows=106 width=121)
	              Index Cond: ((id >= 3933536) AND (id <= 3933635))

table 7 : explain SELECT DISTINCT c FROM sbtest7 WHERE id BETWEEN 1090773 AND 1090872 ORDER BY c
	Unique  (cost=404.08..404.59 rows=101 width=121)
	  ->  Sort  (cost=404.08..404.33 rows=101 width=121)
	        Sort Key: c
	        ->  Index Scan using sbtest7_pkey on sbtest7  (cost=0.43..400.72 rows=101 width=121)
	              Index Cond: ((id >= 1090773) AND (id <= 1090872))

table 8 : explain SELECT DISTINCT c FROM sbtest8 WHERE id BETWEEN 4923485 AND 4923584 ORDER BY c
	Unique  (cost=438.66..439.21 rows=110 width=121)
	  ->  Sort  (cost=438.66..438.94 rows=110 width=121)
	        Sort Key: c
	        ->  Index Scan using sbtest8_pkey on sbtest8  (cost=0.43..434.93 rows=110 width=121)
	              Index Cond: ((id >= 4923485) AND (id <= 4923584))

for: sum_ranges
table 1 : explain SELECT SUM(k) FROM sbtest1 WHERE id BETWEEN 2893117 AND 2893216
	Aggregate  (cost=394.39..394.40 rows=1 width=8)
	  ->  Index Scan using sbtest1_pkey on sbtest1  (cost=0.43..394.14 rows=99 width=4)
	        Index Cond: ((id >= 2893117) AND (id <= 2893216))

table 2 : explain SELECT SUM(k) FROM sbtest2 WHERE id BETWEEN 3351854 AND 3351953
	Aggregate  (cost=381.59..381.60 rows=1 width=8)
	  ->  Index Scan using sbtest2_pkey on sbtest2  (cost=0.43..381.35 rows=96 width=4)
	        Index Cond: ((id >= 3351854) AND (id <= 3351953))

table 3 : explain SELECT SUM(k) FROM sbtest3 WHERE id BETWEEN 8469185 AND 8469284
	Aggregate  (cost=382.53..382.54 rows=1 width=8)
	  ->  Index Scan using sbtest3_pkey on sbtest3  (cost=0.43..382.29 rows=96 width=4)
	        Index Cond: ((id >= 8469185) AND (id <= 8469284))

table 4 : explain SELECT SUM(k) FROM sbtest4 WHERE id BETWEEN 7467347 AND 7467446
	Aggregate  (cost=389.20..389.21 rows=1 width=8)
	  ->  Index Scan using sbtest4_pkey on sbtest4  (cost=0.43..388.95 rows=98 width=4)
	        Index Cond: ((id >= 7467347) AND (id <= 7467446))

table 5 : explain SELECT SUM(k) FROM sbtest5 WHERE id BETWEEN 7024841 AND 7024940
	Aggregate  (cost=377.81..377.82 rows=1 width=8)
	  ->  Index Scan using sbtest5_pkey on sbtest5  (cost=0.43..377.57 rows=95 width=4)
	        Index Cond: ((id >= 7024841) AND (id <= 7024940))

table 6 : explain SELECT SUM(k) FROM sbtest6 WHERE id BETWEEN 8455914 AND 8456013
	Aggregate  (cost=414.62..414.63 rows=1 width=8)
	  ->  Index Scan using sbtest6_pkey on sbtest6  (cost=0.43..414.36 rows=104 width=4)
	        Index Cond: ((id >= 8455914) AND (id <= 8456013))

table 7 : explain SELECT SUM(k) FROM sbtest7 WHERE id BETWEEN 5132249 AND 5132348
	Aggregate  (cost=381.32..381.33 rows=1 width=8)
	  ->  Index Scan using sbtest7_pkey on sbtest7  (cost=0.43..381.08 rows=96 width=4)
	        Index Cond: ((id >= 5132249) AND (id <= 5132348))

table 8 : explain SELECT SUM(k) FROM sbtest8 WHERE id BETWEEN 6020713 AND 6020812
	Aggregate  (cost=360.81..360.82 rows=1 width=8)
	  ->  Index Scan using sbtest8_pkey on sbtest8  (cost=0.43..360.58 rows=91 width=4)
	        Index Cond: ((id >= 6020713) AND (id <= 6020812))

for: distinct_ranges
table 1 : explain SELECT DISTINCT c FROM sbtest1 WHERE id BETWEEN 1522368 AND 1522467 ORDER BY c
	Unique  (cost=445.13..445.68 rows=111 width=121)
	  ->  Sort  (cost=445.13..445.41 rows=111 width=121)
	        Sort Key: c
	        ->  Index Scan using sbtest1_pkey on sbtest1  (cost=0.43..441.36 rows=111 width=121)
	              Index Cond: ((id >= 1522368) AND (id <= 1522467))

table 2 : explain SELECT DISTINCT c FROM sbtest2 WHERE id BETWEEN 4779257 AND 4779356 ORDER BY c
	Unique  (cost=412.26..412.78 rows=103 width=121)
	  ->  Sort  (cost=412.26..412.52 rows=103 width=121)
	        Sort Key: c
	        ->  Index Scan using sbtest2_pkey on sbtest2  (cost=0.43..408.82 rows=103 width=121)
	              Index Cond: ((id >= 4779257) AND (id <= 4779356))

table 3 : explain SELECT DISTINCT c FROM sbtest3 WHERE id BETWEEN 7525673 AND 7525772 ORDER BY c
	Unique  (cost=417.25..417.77 rows=104 width=121)
	  ->  Sort  (cost=417.25..417.51 rows=104 width=121)
	        Sort Key: c
	        ->  Index Scan using sbtest3_pkey on sbtest3  (cost=0.43..413.77 rows=104 width=121)
	              Index Cond: ((id >= 7525673) AND (id <= 7525772))

table 4 : explain SELECT DISTINCT c FROM sbtest4 WHERE id BETWEEN 2979731 AND 2979830 ORDER BY c
	Unique  (cost=392.19..392.68 rows=98 width=121)
	  ->  Sort  (cost=392.19..392.44 rows=98 width=121)
	        Sort Key: c
	        ->  Index Scan using sbtest4_pkey on sbtest4  (cost=0.43..388.95 rows=98 width=121)
	              Index Cond: ((id >= 2979731) AND (id <= 2979830))

table 5 : explain SELECT DISTINCT c FROM sbtest5 WHERE id BETWEEN 4577485 AND 4577584 ORDER BY c
	Unique  (cost=471.93..472.52 rows=118 width=121)
	  ->  Sort  (cost=471.93..472.22 rows=118 width=121)
	        Sort Key: c
	        ->  Index Scan using sbtest5_pkey on sbtest5  (cost=0.43..467.87 rows=118 width=121)
	              Index Cond: ((id >= 4577485) AND (id <= 4577584))

table 6 : explain SELECT DISTINCT c FROM sbtest6 WHERE id BETWEEN 5400894 AND 5400993 ORDER BY c
	Unique  (cost=433.77..434.31 rows=108 width=121)
	  ->  Sort  (cost=433.77..434.04 rows=108 width=121)
	        Sort Key: c
	        ->  Index Scan using sbtest6_pkey on sbtest6  (cost=0.43..430.12 rows=108 width=121)
	              Index Cond: ((id >= 5400894) AND (id <= 5400993))

table 7 : explain SELECT DISTINCT c FROM sbtest7 WHERE id BETWEEN 6247023 AND 6247122 ORDER BY c
	Unique  (cost=372.36..372.82 rows=93 width=121)
	  ->  Sort  (cost=372.36..372.59 rows=93 width=121)
	        Sort Key: c
	        ->  Index Scan using sbtest7_pkey on sbtest7  (cost=0.43..369.32 rows=93 width=121)
	              Index Cond: ((id >= 6247023) AND (id <= 6247122))

table 8 : explain SELECT DISTINCT c FROM sbtest8 WHERE id BETWEEN 2054098 AND 2054197 ORDER BY c
	Unique  (cost=414.94..415.46 rows=104 width=121)
	  ->  Sort  (cost=414.94..415.20 rows=104 width=121)
	        Sort Key: c
	        ->  Index Scan using sbtest8_pkey on sbtest8  (cost=0.43..411.46 rows=104 width=121)
	              Index Cond: ((id >= 2054098) AND (id <= 2054197))

for: distinct_ranges
table 1 : explain SELECT DISTINCT c FROM sbtest1 WHERE id BETWEEN 9874734 AND 9874833 ORDER BY c
	Unique  (cost=417.30..417.82 rows=104 width=121)
	  ->  Sort  (cost=417.30..417.56 rows=104 width=121)
	        Sort Key: c
	        ->  Index Scan using sbtest1_pkey on sbtest1  (cost=0.43..413.81 rows=104 width=121)
	              Index Cond: ((id >= 9874734) AND (id <= 9874833))

table 2 : explain SELECT DISTINCT c FROM sbtest2 WHERE id BETWEEN 4252485 AND 4252584 ORDER BY c
	Unique  (cost=400.37..400.87 rows=100 width=121)
	  ->  Sort  (cost=400.37..400.62 rows=100 width=121)
	        Sort Key: c
	        ->  Index Scan using sbtest2_pkey on sbtest2  (cost=0.43..397.05 rows=100 width=121)
	              Index Cond: ((id >= 4252485) AND (id <= 4252584))

table 3 : explain SELECT DISTINCT c FROM sbtest3 WHERE id BETWEEN 8995487 AND 8995586 ORDER BY c
	Unique  (cost=393.40..393.89 rows=98 width=121)
	  ->  Sort  (cost=393.40..393.65 rows=98 width=121)
	        Sort Key: c
	        ->  Index Scan using sbtest3_pkey on sbtest3  (cost=0.43..390.16 rows=98 width=121)
	              Index Cond: ((id >= 8995487) AND (id <= 8995586))

table 4 : explain SELECT DISTINCT c FROM sbtest4 WHERE id BETWEEN 5977053 AND 5977152 ORDER BY c
	Unique  (cost=427.85..428.39 rows=107 width=121)
	  ->  Sort  (cost=427.85..428.12 rows=107 width=121)
	        Sort Key: c
	        ->  Index Scan using sbtest4_pkey on sbtest4  (cost=0.43..424.25 rows=107 width=121)
	              Index Cond: ((id >= 5977053) AND (id <= 5977152))

table 5 : explain SELECT DISTINCT c FROM sbtest5 WHERE id BETWEEN 3532796 AND 3532895 ORDER BY c
	Unique  (cost=400.52..401.02 rows=100 width=121)
	  ->  Sort  (cost=400.52..400.77 rows=100 width=121)
	        Sort Key: c
	        ->  Index Scan using sbtest5_pkey on sbtest5  (cost=0.43..397.20 rows=100 width=121)
	              Index Cond: ((id >= 3532796) AND (id <= 3532895))

table 6 : explain SELECT DISTINCT c FROM sbtest6 WHERE id BETWEEN 3378404 AND 3378503 ORDER BY c
	Unique  (cost=429.78..430.32 rows=107 width=121)
	  ->  Sort  (cost=429.78..430.05 rows=107 width=121)
	        Sort Key: c
	        ->  Index Scan using sbtest6_pkey on sbtest6  (cost=0.43..426.18 rows=107 width=121)
	              Index Cond: ((id >= 3378404) AND (id <= 3378503))

table 7 : explain SELECT DISTINCT c FROM sbtest7 WHERE id BETWEEN 4082361 AND 4082460 ORDER BY c
	Unique  (cost=400.12..400.62 rows=100 width=121)
	  ->  Sort  (cost=400.12..400.37 rows=100 width=121)
	        Sort Key: c
	        ->  Index Scan using sbtest7_pkey on sbtest7  (cost=0.43..396.80 rows=100 width=121)
	              Index Cond: ((id >= 4082361) AND (id <= 4082460))

table 8 : explain SELECT DISTINCT c FROM sbtest8 WHERE id BETWEEN 5106732 AND 5106831 ORDER BY c
	Unique  (cost=399.13..399.63 rows=100 width=121)
	  ->  Sort  (cost=399.13..399.38 rows=100 width=121)
	        Sort Key: c
	        ->  Index Scan using sbtest8_pkey on sbtest8  (cost=0.43..395.81 rows=100 width=121)
	              Index Cond: ((id >= 5106732) AND (id <= 5106831))

for: distinct_ranges
table 1 : explain SELECT DISTINCT c FROM sbtest1 WHERE id BETWEEN 4541264 AND 4541363 ORDER BY c
	Unique  (cost=401.40..401.90 rows=100 width=121)
	  ->  Sort  (cost=401.40..401.65 rows=100 width=121)
	        Sort Key: c
	        ->  Index Scan using sbtest1_pkey on sbtest1  (cost=0.43..398.07 rows=100 width=121)
	              Index Cond: ((id >= 4541264) AND (id <= 4541363))

table 2 : explain SELECT DISTINCT c FROM sbtest2 WHERE id BETWEEN 6869128 AND 6869227 ORDER BY c
	Unique  (cost=416.23..416.75 rows=104 width=121)
	  ->  Sort  (cost=416.23..416.49 rows=104 width=121)
	        Sort Key: c
	        ->  Index Scan using sbtest2_pkey on sbtest2  (cost=0.43..412.75 rows=104 width=121)
	              Index Cond: ((id >= 6869128) AND (id <= 6869227))

table 3 : explain SELECT DISTINCT c FROM sbtest3 WHERE id BETWEEN 9211878 AND 9211977 ORDER BY c
	Unique  (cost=385.45..385.93 rows=96 width=121)
	  ->  Sort  (cost=385.45..385.69 rows=96 width=121)
	        Sort Key: c
	        ->  Index Scan using sbtest3_pkey on sbtest3  (cost=0.43..382.29 rows=96 width=121)
	              Index Cond: ((id >= 9211878) AND (id <= 9211977))

table 4 : explain SELECT DISTINCT c FROM sbtest4 WHERE id BETWEEN 2791446 AND 2791545 ORDER BY c
	Unique  (cost=396.15..396.65 rows=99 width=121)
	  ->  Sort  (cost=396.15..396.40 rows=99 width=121)
	        Sort Key: c
	        ->  Index Scan using sbtest4_pkey on sbtest4  (cost=0.43..392.87 rows=99 width=121)
	              Index Cond: ((id >= 2791446) AND (id <= 2791545))

table 5 : explain SELECT DISTINCT c FROM sbtest5 WHERE id BETWEEN 8163328 AND 8163427 ORDER BY c
	Unique  (cost=420.35..420.88 rows=105 width=121)
	  ->  Sort  (cost=420.35..420.62 rows=105 width=121)
	        Sort Key: c
	        ->  Index Scan using sbtest5_pkey on sbtest5  (cost=0.43..416.83 rows=105 width=121)
	              Index Cond: ((id >= 8163328) AND (id <= 8163427))

table 6 : explain SELECT DISTINCT c FROM sbtest6 WHERE id BETWEEN 3123854 AND 3123953 ORDER BY c
	Unique  (cost=378.02..378.49 rows=94 width=121)
	  ->  Sort  (cost=378.02..378.25 rows=94 width=121)
	        Sort Key: c
	        ->  Index Scan using sbtest6_pkey on sbtest6  (cost=0.43..374.93 rows=94 width=121)
	              Index Cond: ((id >= 3123854) AND (id <= 3123953))

table 7 : explain SELECT DISTINCT c FROM sbtest7 WHERE id BETWEEN 2709553 AND 2709652 ORDER BY c
	Unique  (cost=364.44..364.89 rows=91 width=121)
	  ->  Sort  (cost=364.44..364.66 rows=91 width=121)
	        Sort Key: c
	        ->  Index Scan using sbtest7_pkey on sbtest7  (cost=0.43..361.47 rows=91 width=121)
	              Index Cond: ((id >= 2709553) AND (id <= 2709652))

table 8 : explain SELECT DISTINCT c FROM sbtest8 WHERE id BETWEEN 9421203 AND 9421302 ORDER BY c
	Unique  (cost=363.54..363.99 rows=91 width=121)
	  ->  Sort  (cost=363.54..363.77 rows=91 width=121)
	        Sort Key: c
	        ->  Index Scan using sbtest8_pkey on sbtest8  (cost=0.43..360.58 rows=91 width=121)
	              Index Cond: ((id >= 9421203) AND (id <= 9421302))

for point_selects
table 1 : explain SELECT c FROM sbtest1 WHERE id=5398476
	Index Scan using sbtest1_pkey on sbtest1  (cost=0.43..8.45 rows=1 width=121)
	  Index Cond: (id = 5398476)

table 2 : explain SELECT c FROM sbtest2 WHERE id=6201483
	Index Scan using sbtest2_pkey on sbtest2  (cost=0.43..8.45 rows=1 width=121)
	  Index Cond: (id = 6201483)

table 3 : explain SELECT c FROM sbtest3 WHERE id=6367646
	Index Scan using sbtest3_pkey on sbtest3  (cost=0.43..8.45 rows=1 width=121)
	  Index Cond: (id = 6367646)

table 4 : explain SELECT c FROM sbtest4 WHERE id=9911975
	Index Scan using sbtest4_pkey on sbtest4  (cost=0.43..8.45 rows=1 width=121)
	  Index Cond: (id = 9911975)

table 5 : explain SELECT c FROM sbtest5 WHERE id=9862226
	Index Scan using sbtest5_pkey on sbtest5  (cost=0.43..8.45 rows=1 width=121)
	  Index Cond: (id = 9862226)

table 6 : explain SELECT c FROM sbtest6 WHERE id=6308137
	Index Scan using sbtest6_pkey on sbtest6  (cost=0.43..8.45 rows=1 width=121)
	  Index Cond: (id = 6308137)

table 7 : explain SELECT c FROM sbtest7 WHERE id=2531796
	Index Scan using sbtest7_pkey on sbtest7  (cost=0.43..8.45 rows=1 width=121)
	  Index Cond: (id = 2531796)

table 8 : explain SELECT c FROM sbtest8 WHERE id=8672511
	Index Scan using sbtest8_pkey on sbtest8  (cost=0.43..8.45 rows=1 width=121)
	  Index Cond: (id = 8672511)

for point_selects
table 1 : explain SELECT c FROM sbtest1 WHERE id=552017
	Index Scan using sbtest1_pkey on sbtest1  (cost=0.43..8.45 rows=1 width=121)
	  Index Cond: (id = 552017)

table 2 : explain SELECT c FROM sbtest2 WHERE id=1700718
	Index Scan using sbtest2_pkey on sbtest2  (cost=0.43..8.45 rows=1 width=121)
	  Index Cond: (id = 1700718)

table 3 : explain SELECT c FROM sbtest3 WHERE id=6182549
	Index Scan using sbtest3_pkey on sbtest3  (cost=0.43..8.45 rows=1 width=121)
	  Index Cond: (id = 6182549)

table 4 : explain SELECT c FROM sbtest4 WHERE id=8180435
	Index Scan using sbtest4_pkey on sbtest4  (cost=0.43..8.45 rows=1 width=121)
	  Index Cond: (id = 8180435)

table 5 : explain SELECT c FROM sbtest5 WHERE id=7292337
	Index Scan using sbtest5_pkey on sbtest5  (cost=0.43..8.45 rows=1 width=121)
	  Index Cond: (id = 7292337)

table 6 : explain SELECT c FROM sbtest6 WHERE id=3522024
	Index Scan using sbtest6_pkey on sbtest6  (cost=0.43..8.45 rows=1 width=121)
	  Index Cond: (id = 3522024)

table 7 : explain SELECT c FROM sbtest7 WHERE id=5699278
	Index Scan using sbtest7_pkey on sbtest7  (cost=0.43..8.45 rows=1 width=121)
	  Index Cond: (id = 5699278)

table 8 : explain SELECT c FROM sbtest8 WHERE id=3641916
	Index Scan using sbtest8_pkey on sbtest8  (cost=0.43..8.45 rows=1 width=121)
	  Index Cond: (id = 3641916)

explain: for point_selects :: explain SELECT c FROM sbtest%u WHERE id=%u
for point_selects
table 1 : explain SELECT c FROM sbtest1 WHERE id=5631829
	Index Scan using sbtest1_pkey on sbtest1  (cost=0.43..8.45 rows=1 width=121)
	  Index Cond: (id = 5631829)

table 2 : explain SELECT c FROM sbtest2 WHERE id=3386498
	Index Scan using sbtest2_pkey on sbtest2  (cost=0.43..8.45 rows=1 width=121)
	  Index Cond: (id = 3386498)

table 3 : explain SELECT c FROM sbtest3 WHERE id=2747092
	Index Scan using sbtest3_pkey on sbtest3  (cost=0.43..8.45 rows=1 width=121)
	  Index Cond: (id = 2747092)

table 4 : explain SELECT c FROM sbtest4 WHERE id=9561429
	Index Scan using sbtest4_pkey on sbtest4  (cost=0.43..8.45 rows=1 width=121)
	  Index Cond: (id = 9561429)

table 5 : explain SELECT c FROM sbtest5 WHERE id=5786877
	Index Scan using sbtest5_pkey on sbtest5  (cost=0.43..8.45 rows=1 width=121)
	  Index Cond: (id = 5786877)

table 6 : explain SELECT c FROM sbtest6 WHERE id=3756538
	Index Scan using sbtest6_pkey on sbtest6  (cost=0.43..8.45 rows=1 width=121)
	  Index Cond: (id = 3756538)

table 7 : explain SELECT c FROM sbtest7 WHERE id=3754274
	Index Scan using sbtest7_pkey on sbtest7  (cost=0.43..8.45 rows=1 width=121)
	  Index Cond: (id = 3754274)

table 8 : explain SELECT c FROM sbtest8 WHERE id=7764719
	Index Scan using sbtest8_pkey on sbtest8  (cost=0.43..8.45 rows=1 width=121)
	  Index Cond: (id = 7764719)

for: distinct_ranges
table 1 : explain SELECT DISTINCT c FROM sbtest1 WHERE id BETWEEN 2993281 AND 2993380 ORDER BY c
	Unique  (cost=401.40..401.90 rows=100 width=121)
	  ->  Sort  (cost=401.40..401.65 rows=100 width=121)
	        Sort Key: c
	        ->  Index Scan using sbtest1_pkey on sbtest1  (cost=0.43..398.07 rows=100 width=121)
	              Index Cond: ((id >= 2993281) AND (id <= 2993380))

table 2 : explain SELECT DISTINCT c FROM sbtest2 WHERE id BETWEEN 6675709 AND 6675808 ORDER BY c
	Unique  (cost=380.55..381.02 rows=95 width=121)
	  ->  Sort  (cost=380.55..380.78 rows=95 width=121)
	        Sort Key: c
	        ->  Index Scan using sbtest2_pkey on sbtest2  (cost=0.43..377.43 rows=95 width=121)
	              Index Cond: ((id >= 6675709) AND (id <= 6675808))

table 3 : explain SELECT DISTINCT c FROM sbtest3 WHERE id BETWEEN 6492344 AND 6492443 ORDER BY c
	Unique  (cost=393.40..393.89 rows=98 width=121)
	  ->  Sort  (cost=393.40..393.65 rows=98 width=121)
	        Sort Key: c
	        ->  Index Scan using sbtest3_pkey on sbtest3  (cost=0.43..390.16 rows=98 width=121)
	              Index Cond: ((id >= 6492344) AND (id <= 6492443))

table 4 : explain SELECT DISTINCT c FROM sbtest4 WHERE id BETWEEN 2789336 AND 2789435 ORDER BY c
	Unique  (cost=396.15..396.65 rows=99 width=121)
	  ->  Sort  (cost=396.15..396.40 rows=99 width=121)
	        Sort Key: c
	        ->  Index Scan using sbtest4_pkey on sbtest4  (cost=0.43..392.87 rows=99 width=121)
	              Index Cond: ((id >= 2789336) AND (id <= 2789435))

table 5 : explain SELECT DISTINCT c FROM sbtest5 WHERE id BETWEEN 8936084 AND 8936183 ORDER BY c
	Unique  (cost=396.55..397.05 rows=99 width=121)
	  ->  Sort  (cost=396.55..396.80 rows=99 width=121)
	        Sort Key: c
	        ->  Index Scan using sbtest5_pkey on sbtest5  (cost=0.43..393.27 rows=99 width=121)
	              Index Cond: ((id >= 8936084) AND (id <= 8936183))

table 6 : explain SELECT DISTINCT c FROM sbtest6 WHERE id BETWEEN 2530693 AND 2530792 ORDER BY c
	Unique  (cost=421.82..422.35 rows=105 width=121)
	  ->  Sort  (cost=421.82..422.08 rows=105 width=121)
	        Sort Key: c
	        ->  Index Scan using sbtest6_pkey on sbtest6  (cost=0.43..418.30 rows=105 width=121)
	              Index Cond: ((id >= 2530693) AND (id <= 2530792))

table 7 : explain SELECT DISTINCT c FROM sbtest7 WHERE id BETWEEN 4486856 AND 4486955 ORDER BY c
	Unique  (cost=392.19..392.68 rows=98 width=121)
	  ->  Sort  (cost=392.19..392.44 rows=98 width=121)
	        Sort Key: c
	        ->  Index Scan using sbtest7_pkey on sbtest7  (cost=0.43..388.95 rows=98 width=121)
	              Index Cond: ((id >= 4486856) AND (id <= 4486955))

table 8 : explain SELECT DISTINCT c FROM sbtest8 WHERE id BETWEEN 6861858 AND 6861957 ORDER BY c
	Unique  (cost=426.80..427.34 rows=107 width=121)
	  ->  Sort  (cost=426.80..427.07 rows=107 width=121)
	        Sort Key: c
	        ->  Index Scan using sbtest8_pkey on sbtest8  (cost=0.43..423.20 rows=107 width=121)
	              Index Cond: ((id >= 6861858) AND (id <= 6861957))

for: order_ranges
table 1 : explain SELECT c FROM sbtest1 WHERE id BETWEEN 4412873 AND 4412972 ORDER BY c
	Sort  (cost=409.35..409.60 rows=102 width=121)
	  Sort Key: c
	  ->  Index Scan using sbtest1_pkey on sbtest1  (cost=0.43..405.94 rows=102 width=121)
	        Index Cond: ((id >= 4412873) AND (id <= 4412972))

table 2 : explain SELECT c FROM sbtest2 WHERE id BETWEEN 8928986 AND 8929085 ORDER BY c
	Sort  (cost=412.26..412.52 rows=103 width=121)
	  Sort Key: c
	  ->  Index Scan using sbtest2_pkey on sbtest2  (cost=0.43..408.82 rows=103 width=121)
	        Index Cond: ((id >= 8928986) AND (id <= 8929085))

table 3 : explain SELECT c FROM sbtest3 WHERE id BETWEEN 9096938 AND 9097037 ORDER BY c
	Sort  (cost=417.25..417.51 rows=104 width=121)
	  Sort Key: c
	  ->  Index Scan using sbtest3_pkey on sbtest3  (cost=0.43..413.77 rows=104 width=121)
	        Index Cond: ((id >= 9096938) AND (id <= 9097037))

table 4 : explain SELECT c FROM sbtest4 WHERE id BETWEEN 3958397 AND 3958496 ORDER BY c
	Sort  (cost=372.36..372.59 rows=93 width=121)
	  Sort Key: c
	  ->  Index Scan using sbtest4_pkey on sbtest4  (cost=0.43..369.32 rows=93 width=121)
	        Index Cond: ((id >= 3958397) AND (id <= 3958496))

table 5 : explain SELECT c FROM sbtest5 WHERE id BETWEEN 4253617 AND 4253716 ORDER BY c
	Sort  (cost=392.59..392.83 rows=98 width=121)
	  Sort Key: c
	  ->  Index Scan using sbtest5_pkey on sbtest5  (cost=0.43..389.35 rows=98 width=121)
	        Index Cond: ((id >= 4253617) AND (id <= 4253716))

table 6 : explain SELECT c FROM sbtest6 WHERE id BETWEEN 1694488 AND 1694587 ORDER BY c
	Sort  (cost=389.98..390.22 rows=97 width=121)
	  Sort Key: c
	  ->  Index Scan using sbtest6_pkey on sbtest6  (cost=0.43..386.78 rows=97 width=121)
	        Index Cond: ((id >= 1694488) AND (id <= 1694587))

table 7 : explain SELECT c FROM sbtest7 WHERE id BETWEEN 6972470 AND 6972569 ORDER BY c
	Sort  (cost=388.21..388.45 rows=97 width=121)
	  Sort Key: c
	  ->  Index Scan using sbtest7_pkey on sbtest7  (cost=0.43..385.01 rows=97 width=121)
	        Index Cond: ((id >= 6972470) AND (id <= 6972569))

table 8 : explain SELECT c FROM sbtest8 WHERE id BETWEEN 6599371 AND 6599470 ORDER BY c
	Sort  (cost=434.71..434.98 rows=109 width=121)
	  Sort Key: c
	  ->  Index Scan using sbtest8_pkey on sbtest8  (cost=0.43..431.02 rows=109 width=121)
	        Index Cond: ((id >= 6599371) AND (id <= 6599470))

for: distinct_ranges
table 1 : explain SELECT DISTINCT c FROM sbtest1 WHERE id BETWEEN 464306 AND 464405 ORDER BY c
	Unique  (cost=409.35..409.86 rows=102 width=121)
	  ->  Sort  (cost=409.35..409.60 rows=102 width=121)
	        Sort Key: c
	        ->  Index Scan using sbtest1_pkey on sbtest1  (cost=0.43..405.94 rows=102 width=121)
	              Index Cond: ((id >= 464306) AND (id <= 464405))

table 2 : explain SELECT DISTINCT c FROM sbtest2 WHERE id BETWEEN 9834182 AND 9834281 ORDER BY c
	Unique  (cost=384.51..384.99 rows=96 width=121)
	  ->  Sort  (cost=384.51..384.75 rows=96 width=121)
	        Sort Key: c
	        ->  Index Scan using sbtest2_pkey on sbtest2  (cost=0.43..381.35 rows=96 width=121)
	              Index Cond: ((id >= 9834182) AND (id <= 9834281))

table 3 : explain SELECT DISTINCT c FROM sbtest3 WHERE id BETWEEN 2346793 AND 2346892 ORDER BY c
	Unique  (cost=377.48..377.95 rows=94 width=121)
	  ->  Sort  (cost=377.48..377.72 rows=94 width=121)
	        Sort Key: c
	        ->  Index Scan using sbtest3_pkey on sbtest3  (cost=0.43..374.40 rows=94 width=121)
	              Index Cond: ((id >= 2346793) AND (id <= 2346892))

table 4 : explain SELECT DISTINCT c FROM sbtest4 WHERE id BETWEEN 1966005 AND 1966104 ORDER BY c
	Unique  (cost=396.15..396.65 rows=99 width=121)
	  ->  Sort  (cost=396.15..396.40 rows=99 width=121)
	        Sort Key: c
	        ->  Index Scan using sbtest4_pkey on sbtest4  (cost=0.43..392.87 rows=99 width=121)
	              Index Cond: ((id >= 1966005) AND (id <= 1966104))

table 5 : explain SELECT DISTINCT c FROM sbtest5 WHERE id BETWEEN 9934099 AND 9934198 ORDER BY c
	Unique  (cost=364.80..365.26 rows=91 width=121)
	  ->  Sort  (cost=364.80..365.03 rows=91 width=121)
	        Sort Key: c
	        ->  Index Scan using sbtest5_pkey on sbtest5  (cost=0.43..361.84 rows=91 width=121)
	              Index Cond: ((id >= 9934099) AND (id <= 9934198))

table 6 : explain SELECT DISTINCT c FROM sbtest6 WHERE id BETWEEN 9479093 AND 9479192 ORDER BY c
	Unique  (cost=425.80..426.33 rows=106 width=121)
	  ->  Sort  (cost=425.80..426.07 rows=106 width=121)
	        Sort Key: c
	        ->  Index Scan using sbtest6_pkey on sbtest6  (cost=0.43..422.24 rows=106 width=121)
	              Index Cond: ((id >= 9479093) AND (id <= 9479192))

table 7 : explain SELECT DISTINCT c FROM sbtest7 WHERE id BETWEEN 2971436 AND 2971535 ORDER BY c
	Unique  (cost=408.04..408.55 rows=102 width=121)
	  ->  Sort  (cost=408.04..408.30 rows=102 width=121)
	        Sort Key: c
	        ->  Index Scan using sbtest7_pkey on sbtest7  (cost=0.43..404.64 rows=102 width=121)
	              Index Cond: ((id >= 2971436) AND (id <= 2971535))

table 8 : explain SELECT DISTINCT c FROM sbtest8 WHERE id BETWEEN 6743255 AND 6743354 ORDER BY c
	Unique  (cost=375.39..375.86 rows=94 width=121)
	  ->  Sort  (cost=375.39..375.63 rows=94 width=121)
	        Sort Key: c
	        ->  Index Scan using sbtest8_pkey on sbtest8  (cost=0.43..372.31 rows=94 width=121)
	              Index Cond: ((id >= 6743255) AND (id <= 6743354))

for: order_ranges
table 1 : explain SELECT c FROM sbtest1 WHERE id BETWEEN 5472644 AND 5472743 ORDER BY c
	Sort  (cost=405.37..405.62 rows=101 width=121)
	  Sort Key: c
	  ->  Index Scan using sbtest1_pkey on sbtest1  (cost=0.43..402.01 rows=101 width=121)
	        Index Cond: ((id >= 5472644) AND (id <= 5472743))

table 2 : explain SELECT c FROM sbtest2 WHERE id BETWEEN 9091993 AND 9092092 ORDER BY c
	Sort  (cost=368.63..368.86 rows=92 width=121)
	  Sort Key: c
	  ->  Index Scan using sbtest2_pkey on sbtest2  (cost=0.43..365.63 rows=92 width=121)
	        Index Cond: ((id >= 9091993) AND (id <= 9092092))

table 3 : explain SELECT c FROM sbtest3 WHERE id BETWEEN 3830747 AND 3830846 ORDER BY c
	Sort  (cost=385.45..385.69 rows=96 width=121)
	  Sort Key: c
	  ->  Index Scan using sbtest3_pkey on sbtest3  (cost=0.43..382.29 rows=96 width=121)
	        Index Cond: ((id >= 3830747) AND (id <= 3830846))

table 4 : explain SELECT c FROM sbtest4 WHERE id BETWEEN 8295246 AND 8295345 ORDER BY c
	Sort  (cost=404.08..404.33 rows=101 width=121)
	  Sort Key: c
	  ->  Index Scan using sbtest4_pkey on sbtest4  (cost=0.43..400.72 rows=101 width=121)
	        Index Cond: ((id >= 8295246) AND (id <= 8295345))

table 5 : explain SELECT c FROM sbtest5 WHERE id BETWEEN 8093975 AND 8094074 ORDER BY c
	Sort  (cost=420.35..420.62 rows=105 width=121)
	  Sort Key: c
	  ->  Index Scan using sbtest5_pkey on sbtest5  (cost=0.43..416.83 rows=105 width=121)
	        Index Cond: ((id >= 8093975) AND (id <= 8094074))

table 6 : explain SELECT c FROM sbtest6 WHERE id BETWEEN 2719792 AND 2719891 ORDER BY c
	Sort  (cost=366.08..366.30 rows=91 width=121)
	  Sort Key: c
	  ->  Index Scan using sbtest6_pkey on sbtest6  (cost=0.43..363.11 rows=91 width=121)
	        Index Cond: ((id >= 2719792) AND (id <= 2719891))

table 7 : explain SELECT c FROM sbtest7 WHERE id BETWEEN 8617864 AND 8617963 ORDER BY c
	Sort  (cost=419.93..420.19 rows=105 width=121)
	  Sort Key: c
	  ->  Index Scan using sbtest7_pkey on sbtest7  (cost=0.43..416.41 rows=105 width=121)
	        Index Cond: ((id >= 8617864) AND (id <= 8617963))

table 8 : explain SELECT c FROM sbtest8 WHERE id BETWEEN 2990162 AND 2990261 ORDER BY c
	Sort  (cost=375.42..375.66 rows=94 width=121)
	  Sort Key: c
	  ->  Index Scan using sbtest8_pkey on sbtest8  (cost=0.43..372.34 rows=94 width=121)
	        Index Cond: ((id >= 2990162) AND (id <= 2990261))

for: order_ranges
table 1 : explain SELECT c FROM sbtest1 WHERE id BETWEEN 8936162 AND 8936261 ORDER BY c
	Sort  (cost=377.55..377.78 rows=94 width=121)
	  Sort Key: c
	  ->  Index Scan using sbtest1_pkey on sbtest1  (cost=0.43..374.46 rows=94 width=121)
	        Index Cond: ((id >= 8936162) AND (id <= 8936261))

table 2 : explain SELECT c FROM sbtest2 WHERE id BETWEEN 9490922 AND 9491021 ORDER BY c
	Sort  (cost=400.37..400.62 rows=100 width=121)
	  Sort Key: c
	  ->  Index Scan using sbtest2_pkey on sbtest2  (cost=0.43..397.05 rows=100 width=121)
	        Index Cond: ((id >= 9490922) AND (id <= 9491021))

table 3 : explain SELECT c FROM sbtest3 WHERE id BETWEEN 8968120 AND 8968219 ORDER BY c
	Sort  (cost=401.35..401.60 rows=100 width=121)
	  Sort Key: c
	  ->  Index Scan using sbtest3_pkey on sbtest3  (cost=0.43..398.03 rows=100 width=121)
	        Index Cond: ((id >= 8968120) AND (id <= 8968219))

table 4 : explain SELECT c FROM sbtest4 WHERE id BETWEEN 5700115 AND 5700214 ORDER BY c
	Sort  (cost=412.00..412.26 rows=103 width=121)
	  Sort Key: c
	  ->  Index Scan using sbtest4_pkey on sbtest4  (cost=0.43..408.56 rows=103 width=121)
	        Index Cond: ((id >= 5700115) AND (id <= 5700214))

table 5 : explain SELECT c FROM sbtest5 WHERE id BETWEEN 4734548 AND 4734647 ORDER BY c
	Sort  (cost=404.49..404.74 rows=101 width=121)
	  Sort Key: c
	  ->  Index Scan using sbtest5_pkey on sbtest5  (cost=0.43..401.12 rows=101 width=121)
	        Index Cond: ((id >= 4734548) AND (id <= 4734647))

table 6 : explain SELECT c FROM sbtest6 WHERE id BETWEEN 7396550 AND 7396649 ORDER BY c
	Sort  (cost=378.02..378.25 rows=94 width=121)
	  Sort Key: c
	  ->  Index Scan using sbtest6_pkey on sbtest6  (cost=0.43..374.93 rows=94 width=121)
	        Index Cond: ((id >= 7396550) AND (id <= 7396649))

table 7 : explain SELECT c FROM sbtest7 WHERE id BETWEEN 2809350 AND 2809449 ORDER BY c
	Sort  (cost=364.44..364.66 rows=91 width=121)
	  Sort Key: c
	  ->  Index Scan using sbtest7_pkey on sbtest7  (cost=0.43..361.47 rows=91 width=121)
	        Index Cond: ((id >= 2809350) AND (id <= 2809449))

table 8 : explain SELECT c FROM sbtest8 WHERE id BETWEEN 9029704 AND 9029803 ORDER BY c
	Sort  (cost=391.23..391.47 rows=98 width=121)
	  Sort Key: c
	  ->  Index Scan using sbtest8_pkey on sbtest8  (cost=0.43..387.99 rows=98 width=121)
	        Index Cond: ((id >= 9029704) AND (id <= 9029803))

for: order_ranges
table 1 : explain SELECT c FROM sbtest1 WHERE id BETWEEN 6568951 AND 6569050 ORDER BY c
	Sort  (cost=357.65..357.87 rows=89 width=121)
	  Sort Key: c
	  ->  Index Scan using sbtest1_pkey on sbtest1  (cost=0.43..354.77 rows=89 width=121)
	        Index Cond: ((id >= 6568951) AND (id <= 6569050))

table 2 : explain SELECT c FROM sbtest2 WHERE id BETWEEN 2043137 AND 2043236 ORDER BY c
	Sort  (cost=376.56..376.79 rows=94 width=121)
	  Sort Key: c
	  ->  Index Scan using sbtest2_pkey on sbtest2  (cost=0.43..373.48 rows=94 width=121)
	        Index Cond: ((id >= 2043137) AND (id <= 2043236))

table 3 : explain SELECT c FROM sbtest3 WHERE id BETWEEN 5113442 AND 5113541 ORDER BY c
	Sort  (cost=421.23..421.49 rows=105 width=121)
	  Sort Key: c
	  ->  Index Scan using sbtest3_pkey on sbtest3  (cost=0.43..417.70 rows=105 width=121)
	        Index Cond: ((id >= 5113442) AND (id <= 5113541))

table 4 : explain SELECT c FROM sbtest4 WHERE id BETWEEN 9554779 AND 9554878 ORDER BY c
	Sort  (cost=404.08..404.33 rows=101 width=121)
	  Sort Key: c
	  ->  Index Scan using sbtest4_pkey on sbtest4  (cost=0.43..400.72 rows=101 width=121)
	        Index Cond: ((id >= 9554779) AND (id <= 9554878))

table 5 : explain SELECT c FROM sbtest5 WHERE id BETWEEN 4579028 AND 4579127 ORDER BY c
	Sort  (cost=471.93..472.22 rows=118 width=121)
	  Sort Key: c
	  ->  Index Scan using sbtest5_pkey on sbtest5  (cost=0.43..467.87 rows=118 width=121)
	        Index Cond: ((id >= 4579028) AND (id <= 4579127))

table 6 : explain SELECT c FROM sbtest6 WHERE id BETWEEN 4381482 AND 4381581 ORDER BY c
	Sort  (cost=374.04..374.27 rows=93 width=121)
	  Sort Key: c
	  ->  Index Scan using sbtest6_pkey on sbtest6  (cost=0.43..370.99 rows=93 width=121)
	        Index Cond: ((id >= 4381482) AND (id <= 4381581))

table 7 : explain SELECT c FROM sbtest7 WHERE id BETWEEN 4086210 AND 4086309 ORDER BY c
	Sort  (cost=400.12..400.37 rows=100 width=121)
	  Sort Key: c
	  ->  Index Scan using sbtest7_pkey on sbtest7  (cost=0.43..396.80 rows=100 width=121)
	        Index Cond: ((id >= 4086210) AND (id <= 4086309))

table 8 : explain SELECT c FROM sbtest8 WHERE id BETWEEN 1373748 AND 1373847 ORDER BY c
	Sort  (cost=434.71..434.98 rows=109 width=121)
	  Sort Key: c
	  ->  Index Scan using sbtest8_pkey on sbtest8  (cost=0.43..431.02 rows=109 width=121)
	        Index Cond: ((id >= 1373748) AND (id <= 1373847))

for: simple_ranges
table 1 : explain SELECT c FROM sbtest1 WHERE id BETWEEN 6698928 AND 6699027
	Index Scan using sbtest1_pkey on sbtest1  (cost=0.43..390.20 rows=98 width=121)
	  Index Cond: ((id >= 6698928) AND (id <= 6699027))

table 2 : explain SELECT c FROM sbtest2 WHERE id BETWEEN 9510752 AND 9510851
	Index Scan using sbtest2_pkey on sbtest2  (cost=0.43..393.12 rows=99 width=121)
	  Index Cond: ((id >= 9510752) AND (id <= 9510851))

table 3 : explain SELECT c FROM sbtest3 WHERE id BETWEEN 2396555 AND 2396654
	Index Scan using sbtest3_pkey on sbtest3  (cost=0.43..374.40 rows=94 width=121)
	  Index Cond: ((id >= 2396555) AND (id <= 2396654))

table 4 : explain SELECT c FROM sbtest4 WHERE id BETWEEN 8760949 AND 8761048
	Index Scan using sbtest4_pkey on sbtest4  (cost=0.43..424.25 rows=107 width=121)
	  Index Cond: ((id >= 8760949) AND (id <= 8761048))

table 5 : explain SELECT c FROM sbtest5 WHERE id BETWEEN 2247624 AND 2247723
	Index Scan using sbtest5_pkey on sbtest5  (cost=0.43..397.20 rows=100 width=121)
	  Index Cond: ((id >= 2247624) AND (id <= 2247723))

table 6 : explain SELECT c FROM sbtest6 WHERE id BETWEEN 5045042 AND 5045141
	Index Scan using sbtest6_pkey on sbtest6  (cost=0.43..363.11 rows=91 width=121)
	  Index Cond: ((id >= 5045042) AND (id <= 5045141))

table 7 : explain SELECT c FROM sbtest7 WHERE id BETWEEN 8339290 AND 8339389
	Index Scan using sbtest7_pkey on sbtest7  (cost=0.43..381.08 rows=96 width=121)
	  Index Cond: ((id >= 8339290) AND (id <= 8339389))

table 8 : explain SELECT c FROM sbtest8 WHERE id BETWEEN 9914087 AND 9914186
	Index Scan using sbtest8_pkey on sbtest8  (cost=0.43..376.25 rows=95 width=121)
	  Index Cond: ((id >= 9914087) AND (id <= 9914186))

for: simple_ranges
table 1 : explain SELECT c FROM sbtest1 WHERE id BETWEEN 3897138 AND 3897237
	Index Scan using sbtest1_pkey on sbtest1  (cost=0.43..378.40 rows=95 width=121)
	  Index Cond: ((id >= 3897138) AND (id <= 3897237))

table 2 : explain SELECT c FROM sbtest2 WHERE id BETWEEN 178470 AND 178569
	Index Scan using sbtest2_pkey on sbtest2  (cost=0.43..389.20 rows=98 width=121)
	  Index Cond: ((id >= 178470) AND (id <= 178569))

table 3 : explain SELECT c FROM sbtest3 WHERE id BETWEEN 10576 AND 10675
	Index Scan using sbtest3_pkey on sbtest3  (cost=0.43..449.18 rows=113 width=121)
	  Index Cond: ((id >= 10576) AND (id <= 10675))

table 4 : explain SELECT c FROM sbtest4 WHERE id BETWEEN 3682111 AND 3682210
	Index Scan using sbtest4_pkey on sbtest4  (cost=0.43..385.03 rows=97 width=121)
	  Index Cond: ((id >= 3682111) AND (id <= 3682210))

table 5 : explain SELECT c FROM sbtest5 WHERE id BETWEEN 180780 AND 180879
	Index Scan using sbtest5_pkey on sbtest5  (cost=0.43..405.05 rows=102 width=121)
	  Index Cond: ((id >= 180780) AND (id <= 180879))

table 6 : explain SELECT c FROM sbtest6 WHERE id BETWEEN 9446213 AND 9446312
	Index Scan using sbtest6_pkey on sbtest6  (cost=0.43..422.24 rows=106 width=121)
	  Index Cond: ((id >= 9446213) AND (id <= 9446312))

table 7 : explain SELECT c FROM sbtest7 WHERE id BETWEEN 4844878 AND 4844977
	Index Scan using sbtest7_pkey on sbtest7  (cost=0.43..416.41 rows=105 width=121)
	  Index Cond: ((id >= 4844878) AND (id <= 4844977))

table 8 : explain SELECT c FROM sbtest8 WHERE id BETWEEN 6498137 AND 6498236
	Index Scan using sbtest8_pkey on sbtest8  (cost=0.43..407.55 rows=103 width=121)
	  Index Cond: ((id >= 6498137) AND (id <= 6498236))

for: distinct_ranges
table 1 : explain SELECT DISTINCT c FROM sbtest1 WHERE id BETWEEN 8289997 AND 8290096 ORDER BY c
	Unique  (cost=409.35..409.86 rows=102 width=121)
	  ->  Sort  (cost=409.35..409.60 rows=102 width=121)
	        Sort Key: c
	        ->  Index Scan using sbtest1_pkey on sbtest1  (cost=0.43..405.94 rows=102 width=121)
	              Index Cond: ((id >= 8289997) AND (id <= 8290096))

table 2 : explain SELECT DISTINCT c FROM sbtest2 WHERE id BETWEEN 2342728 AND 2342827 ORDER BY c
	Unique  (cost=424.16..424.69 rows=106 width=121)
	  ->  Sort  (cost=424.16..424.43 rows=106 width=121)
	        Sort Key: c
	        ->  Index Scan using sbtest2_pkey on sbtest2  (cost=0.43..420.59 rows=106 width=121)
	              Index Cond: ((id >= 2342728) AND (id <= 2342827))

table 3 : explain SELECT DISTINCT c FROM sbtest3 WHERE id BETWEEN 2438219 AND 2438318 ORDER BY c
	Unique  (cost=453.03..453.60 rows=113 width=121)
	  ->  Sort  (cost=453.03..453.31 rows=113 width=121)
	        Sort Key: c
	        ->  Index Scan using sbtest3_pkey on sbtest3  (cost=0.43..449.18 rows=113 width=121)
	              Index Cond: ((id >= 2438219) AND (id <= 2438318))

table 4 : explain SELECT DISTINCT c FROM sbtest4 WHERE id BETWEEN 5778982 AND 5779081 ORDER BY c
	Unique  (cost=380.31..380.78 rows=95 width=121)
	  ->  Sort  (cost=380.31..380.54 rows=95 width=121)
	        Sort Key: c
	        ->  Index Scan using sbtest4_pkey on sbtest4  (cost=0.43..377.19 rows=95 width=121)
	              Index Cond: ((id >= 5778982) AND (id <= 5779081))

table 5 : explain SELECT DISTINCT c FROM sbtest5 WHERE id BETWEEN 4230899 AND 4230998 ORDER BY c
	Unique  (cost=392.59..393.08 rows=98 width=121)
	  ->  Sort  (cost=392.59..392.83 rows=98 width=121)
	        Sort Key: c
	        ->  Index Scan using sbtest5_pkey on sbtest5  (cost=0.43..389.35 rows=98 width=121)
	              Index Cond: ((id >= 4230899) AND (id <= 4230998))

table 6 : explain SELECT DISTINCT c FROM sbtest6 WHERE id BETWEEN 4233656 AND 4233755 ORDER BY c
	Unique  (cost=382.02..382.49 rows=95 width=121)
	  ->  Sort  (cost=382.02..382.25 rows=95 width=121)
	        Sort Key: c
	        ->  Index Scan using sbtest6_pkey on sbtest6  (cost=0.43..378.90 rows=95 width=121)
	              Index Cond: ((id >= 4233656) AND (id <= 4233755))

table 7 : explain SELECT DISTINCT c FROM sbtest7 WHERE id BETWEEN 9318119 AND 9318218 ORDER BY c
	Unique  (cost=419.93..420.46 rows=105 width=121)
	  ->  Sort  (cost=419.93..420.19 rows=105 width=121)
	        Sort Key: c
	        ->  Index Scan using sbtest7_pkey on sbtest7  (cost=0.43..416.41 rows=105 width=121)
	              Index Cond: ((id >= 9318119) AND (id <= 9318218))

table 8 : explain SELECT DISTINCT c FROM sbtest8 WHERE id BETWEEN 5520757 AND 5520856 ORDER BY c
	Unique  (cost=395.18..395.68 rows=99 width=121)
	  ->  Sort  (cost=395.18..395.43 rows=99 width=121)
	        Sort Key: c
	        ->  Index Scan using sbtest8_pkey on sbtest8  (cost=0.43..391.90 rows=99 width=121)
	              Index Cond: ((id >= 5520757) AND (id <= 5520856))

explain: for point_selects :: explain SELECT c FROM sbtest%u WHERE id=%u
for: distinct_ranges
table 1 : explain SELECT DISTINCT c FROM sbtest1 WHERE id BETWEEN 2286505 AND 2286604 ORDER BY c
	Unique  (cost=429.23..429.76 rows=107 width=121)
	  ->  Sort  (cost=429.23..429.49 rows=107 width=121)
	        Sort Key: c
	        ->  Index Scan using sbtest1_pkey on sbtest1  (cost=0.43..425.62 rows=107 width=121)
	              Index Cond: ((id >= 2286505) AND (id <= 2286604))

table 2 : explain SELECT DISTINCT c FROM sbtest2 WHERE id BETWEEN 4209674 AND 4209773 ORDER BY c
	Unique  (cost=400.37..400.87 rows=100 width=121)
	  ->  Sort  (cost=400.37..400.62 rows=100 width=121)
	        Sort Key: c
	        ->  Index Scan using sbtest2_pkey on sbtest2  (cost=0.43..397.05 rows=100 width=121)
	              Index Cond: ((id >= 4209674) AND (id <= 4209773))

table 3 : explain SELECT DISTINCT c FROM sbtest3 WHERE id BETWEEN 5089686 AND 5089785 ORDER BY c
	Unique  (cost=421.23..421.75 rows=105 width=121)
	  ->  Sort  (cost=421.23..421.49 rows=105 width=121)
	        Sort Key: c
	        ->  Index Scan using sbtest3_pkey on sbtest3  (cost=0.43..417.70 rows=105 width=121)
	              Index Cond: ((id >= 5089686) AND (id <= 5089785))

table 4 : explain SELECT DISTINCT c FROM sbtest4 WHERE id BETWEEN 3007338 AND 3007437 ORDER BY c
	Unique  (cost=384.27..384.75 rows=96 width=121)
	  ->  Sort  (cost=384.27..384.51 rows=96 width=121)
	        Sort Key: c
	        ->  Index Scan using sbtest4_pkey on sbtest4  (cost=0.43..381.11 rows=96 width=121)
	              Index Cond: ((id >= 3007338) AND (id <= 3007437))

table 5 : explain SELECT DISTINCT c FROM sbtest5 WHERE id BETWEEN 6154041 AND 6154140 ORDER BY c
	Unique  (cost=400.52..401.02 rows=100 width=121)
	  ->  Sort  (cost=400.52..400.77 rows=100 width=121)
	        Sort Key: c
	        ->  Index Scan using sbtest5_pkey on sbtest5  (cost=0.43..397.20 rows=100 width=121)
	              Index Cond: ((id >= 6154041) AND (id <= 6154140))

table 6 : explain SELECT DISTINCT c FROM sbtest6 WHERE id BETWEEN 5421795 AND 5421894 ORDER BY c
	Unique  (cost=433.77..434.31 rows=108 width=121)
	  ->  Sort  (cost=433.77..434.04 rows=108 width=121)
	        Sort Key: c
	        ->  Index Scan using sbtest6_pkey on sbtest6  (cost=0.43..430.12 rows=108 width=121)
	              Index Cond: ((id >= 5421795) AND (id <= 5421894))

table 7 : explain SELECT DISTINCT c FROM sbtest7 WHERE id BETWEEN 4276591 AND 4276690 ORDER BY c
	Unique  (cost=380.28..380.76 rows=95 width=121)
	  ->  Sort  (cost=380.28..380.52 rows=95 width=121)
	        Sort Key: c
	        ->  Index Scan using sbtest7_pkey on sbtest7  (cost=0.43..377.16 rows=95 width=121)
	              Index Cond: ((id >= 4276591) AND (id <= 4276690))

table 8 : explain SELECT DISTINCT c FROM sbtest8 WHERE id BETWEEN 6552844 AND 6552943 ORDER BY c
	Unique  (cost=410.99..411.51 rows=103 width=121)
	  ->  Sort  (cost=410.99..411.25 rows=103 width=121)
	        Sort Key: c
	        ->  Index Scan using sbtest8_pkey on sbtest8  (cost=0.43..407.55 rows=103 width=121)
	              Index Cond: ((id >= 6552844) AND (id <= 6552943))

for: simple_ranges
table 1 : explain SELECT c FROM sbtest1 WHERE id BETWEEN 8145758 AND 8145857
	Index Scan using sbtest1_pkey on sbtest1  (cost=0.43..421.68 rows=106 width=121)
	  Index Cond: ((id >= 8145758) AND (id <= 8145857))

table 2 : explain SELECT c FROM sbtest2 WHERE id BETWEEN 4537819 AND 4537918
	Index Scan using sbtest2_pkey on sbtest2  (cost=0.43..389.20 rows=98 width=121)
	  Index Cond: ((id >= 4537819) AND (id <= 4537918))

table 3 : explain SELECT c FROM sbtest3 WHERE id BETWEEN 6408366 AND 6408465
	Index Scan using sbtest3_pkey on sbtest3  (cost=0.43..354.73 rows=89 width=121)
	  Index Cond: ((id >= 6408366) AND (id <= 6408465))

table 4 : explain SELECT c FROM sbtest4 WHERE id BETWEEN 4333899 AND 4333998
	Index Scan using sbtest4_pkey on sbtest4  (cost=0.43..420.33 rows=106 width=121)
	  Index Cond: ((id >= 4333899) AND (id <= 4333998))

table 5 : explain SELECT c FROM sbtest5 WHERE id BETWEEN 7059678 AND 7059777
	Index Scan using sbtest5_pkey on sbtest5  (cost=0.43..377.57 rows=95 width=121)
	  Index Cond: ((id >= 7059678) AND (id <= 7059777))

table 6 : explain SELECT c FROM sbtest6 WHERE id BETWEEN 3989547 AND 3989646
	Index Scan using sbtest6_pkey on sbtest6  (cost=0.43..414.36 rows=104 width=121)
	  Index Cond: ((id >= 3989547) AND (id <= 3989646))

table 7 : explain SELECT c FROM sbtest7 WHERE id BETWEEN 217901 AND 218000
	Index Scan using sbtest7_pkey on sbtest7  (cost=0.43..385.03 rows=97 width=121)
	  Index Cond: ((id >= 217901) AND (id <= 218000))

table 8 : explain SELECT c FROM sbtest8 WHERE id BETWEEN 7360730 AND 7360829
	Index Scan using sbtest8_pkey on sbtest8  (cost=0.43..431.02 rows=109 width=121)
	  Index Cond: ((id >= 7360730) AND (id <= 7360829))

for point_selects
table 1 : explain SELECT c FROM sbtest1 WHERE id=3446204
	Index Scan using sbtest1_pkey on sbtest1  (cost=0.43..8.45 rows=1 width=121)
	  Index Cond: (id = 3446204)

table 2 : explain SELECT c FROM sbtest2 WHERE id=7142536
	Index Scan using sbtest2_pkey on sbtest2  (cost=0.43..8.45 rows=1 width=121)
	  Index Cond: (id = 7142536)

table 3 : explain SELECT c FROM sbtest3 WHERE id=3941920
	Index Scan using sbtest3_pkey on sbtest3  (cost=0.43..8.45 rows=1 width=121)
	  Index Cond: (id = 3941920)

table 4 : explain SELECT c FROM sbtest4 WHERE id=5897255
	Index Scan using sbtest4_pkey on sbtest4  (cost=0.43..8.45 rows=1 width=121)
	  Index Cond: (id = 5897255)

table 5 : explain SELECT c FROM sbtest5 WHERE id=9941689
	Index Scan using sbtest5_pkey on sbtest5  (cost=0.43..8.45 rows=1 width=121)
	  Index Cond: (id = 9941689)

table 6 : explain SELECT c FROM sbtest6 WHERE id=2492618
	Index Scan using sbtest6_pkey on sbtest6  (cost=0.43..8.45 rows=1 width=121)
	  Index Cond: (id = 2492618)

table 7 : explain SELECT c FROM sbtest7 WHERE id=2295958
	Index Scan using sbtest7_pkey on sbtest7  (cost=0.43..8.45 rows=1 width=121)
	  Index Cond: (id = 2295958)

table 8 : explain SELECT c FROM sbtest8 WHERE id=5009942
	Index Scan using sbtest8_pkey on sbtest8  (cost=0.43..8.45 rows=1 width=121)
	  Index Cond: (id = 5009942)

for: distinct_ranges
table 1 : explain SELECT DISTINCT c FROM sbtest1 WHERE id BETWEEN 3464892 AND 3464991 ORDER BY c
	Unique  (cost=357.65..358.10 rows=89 width=121)
	  ->  Sort  (cost=357.65..357.87 rows=89 width=121)
	        Sort Key: c
	        ->  Index Scan using sbtest1_pkey on sbtest1  (cost=0.43..354.77 rows=89 width=121)
	              Index Cond: ((id >= 3464892) AND (id <= 3464991))

table 2 : explain SELECT DISTINCT c FROM sbtest2 WHERE id BETWEEN 8845886 AND 8845985 ORDER BY c
	Unique  (cost=376.58..377.05 rows=94 width=121)
	  ->  Sort  (cost=376.58..376.82 rows=94 width=121)
	        Sort Key: c
	        ->  Index Scan using sbtest2_pkey on sbtest2  (cost=0.43..373.50 rows=94 width=121)
	              Index Cond: ((id >= 8845886) AND (id <= 8845985))

table 3 : explain SELECT DISTINCT c FROM sbtest3 WHERE id BETWEEN 990158 AND 990257 ORDER BY c
	Unique  (cost=389.43..389.91 rows=97 width=121)
	  ->  Sort  (cost=389.43..389.67 rows=97 width=121)
	        Sort Key: c
	        ->  Index Scan using sbtest3_pkey on sbtest3  (cost=0.43..386.23 rows=97 width=121)
	              Index Cond: ((id >= 990158) AND (id <= 990257))

table 4 : explain SELECT DISTINCT c FROM sbtest4 WHERE id BETWEEN 7816501 AND 7816600 ORDER BY c
	Unique  (cost=404.08..404.58 rows=101 width=121)
	  ->  Sort  (cost=404.08..404.33 rows=101 width=121)
	        Sort Key: c
	        ->  Index Scan using sbtest4_pkey on sbtest4  (cost=0.43..400.72 rows=101 width=121)
	              Index Cond: ((id >= 7816501) AND (id <= 7816600))

table 5 : explain SELECT DISTINCT c FROM sbtest5 WHERE id BETWEEN 9523877 AND 9523976 ORDER BY c
	Unique  (cost=368.77..369.23 rows=92 width=121)
	  ->  Sort  (cost=368.77..369.00 rows=92 width=121)
	        Sort Key: c
	        ->  Index Scan using sbtest5_pkey on sbtest5  (cost=0.43..365.77 rows=92 width=121)
	              Index Cond: ((id >= 9523877) AND (id <= 9523976))

table 6 : explain SELECT DISTINCT c FROM sbtest6 WHERE id BETWEEN 4663429 AND 4663528 ORDER BY c
	Unique  (cost=393.96..394.45 rows=98 width=121)
	  ->  Sort  (cost=393.96..394.20 rows=98 width=121)
	        Sort Key: c
	        ->  Index Scan using sbtest6_pkey on sbtest6  (cost=0.43..390.72 rows=98 width=121)
	              Index Cond: ((id >= 4663429) AND (id <= 4663528))

table 7 : explain SELECT DISTINCT c FROM sbtest7 WHERE id BETWEEN 6602773 AND 6602872 ORDER BY c
	Unique  (cost=400.12..400.62 rows=100 width=121)
	  ->  Sort  (cost=400.12..400.37 rows=100 width=121)
	        Sort Key: c
	        ->  Index Scan using sbtest7_pkey on sbtest7  (cost=0.43..396.80 rows=100 width=121)
	              Index Cond: ((id >= 6602773) AND (id <= 6602872))

table 8 : explain SELECT DISTINCT c FROM sbtest8 WHERE id BETWEEN 3789363 AND 3789462 ORDER BY c
	Unique  (cost=418.90..419.42 rows=105 width=121)
	  ->  Sort  (cost=418.90..419.16 rows=105 width=121)
	        Sort Key: c
	        ->  Index Scan using sbtest8_pkey on sbtest8  (cost=0.43..415.37 rows=105 width=121)
	              Index Cond: ((id >= 3789363) AND (id <= 3789462))

for: simple_ranges
table 1 : explain SELECT c FROM sbtest1 WHERE id BETWEEN 4870071 AND 4870170
	Index Scan using sbtest1_pkey on sbtest1  (cost=0.43..433.49 rows=109 width=121)
	  Index Cond: ((id >= 4870071) AND (id <= 4870170))

table 2 : explain SELECT c FROM sbtest2 WHERE id BETWEEN 6396677 AND 6396776
	Index Scan using sbtest2_pkey on sbtest2  (cost=0.43..365.63 rows=92 width=121)
	  Index Cond: ((id >= 6396677) AND (id <= 6396776))

table 3 : explain SELECT c FROM sbtest3 WHERE id BETWEEN 1531422 AND 1531521
	Index Scan using sbtest3_pkey on sbtest3  (cost=0.43..401.96 rows=101 width=121)
	  Index Cond: ((id >= 1531422) AND (id <= 1531521))

table 4 : explain SELECT c FROM sbtest4 WHERE id BETWEEN 8974362 AND 8974461
	Index Scan using sbtest4_pkey on sbtest4  (cost=0.43..416.40 rows=105 width=121)
	  Index Cond: ((id >= 8974362) AND (id <= 8974461))

table 5 : explain SELECT c FROM sbtest5 WHERE id BETWEEN 4948603 AND 4948702
	Index Scan using sbtest5_pkey on sbtest5  (cost=0.43..369.69 rows=93 width=121)
	  Index Cond: ((id >= 4948603) AND (id <= 4948702))

table 6 : explain SELECT c FROM sbtest6 WHERE id BETWEEN 6966744 AND 6966843
	Index Scan using sbtest6_pkey on sbtest6  (cost=0.43..386.78 rows=97 width=121)
	  Index Cond: ((id >= 6966744) AND (id <= 6966843))

table 7 : explain SELECT c FROM sbtest7 WHERE id BETWEEN 1454413 AND 1454512
	Index Scan using sbtest7_pkey on sbtest7  (cost=0.43..400.72 rows=101 width=121)
	  Index Cond: ((id >= 1454413) AND (id <= 1454512))

table 8 : explain SELECT c FROM sbtest8 WHERE id BETWEEN 5556364 AND 5556463
	Index Scan using sbtest8_pkey on sbtest8  (cost=0.43..391.90 rows=99 width=121)
	  Index Cond: ((id >= 5556364) AND (id <= 5556463))

for: distinct_ranges
table 1 : explain SELECT DISTINCT c FROM sbtest1 WHERE id BETWEEN 1666381 AND 1666480 ORDER BY c
	Unique  (cost=409.35..409.86 rows=102 width=121)
	  ->  Sort  (cost=409.35..409.60 rows=102 width=121)
	        Sort Key: c
	        ->  Index Scan using sbtest1_pkey on sbtest1  (cost=0.43..405.94 rows=102 width=121)
	              Index Cond: ((id >= 1666381) AND (id <= 1666480))

table 2 : explain SELECT DISTINCT c FROM sbtest2 WHERE id BETWEEN 3971111 AND 3971210 ORDER BY c
	Unique  (cost=432.09..432.63 rows=108 width=121)
	  ->  Sort  (cost=432.09..432.36 rows=108 width=121)
	        Sort Key: c
	        ->  Index Scan using sbtest2_pkey on sbtest2  (cost=0.43..428.44 rows=108 width=121)
	              Index Cond: ((id >= 3971111) AND (id <= 3971210))

table 3 : explain SELECT DISTINCT c FROM sbtest3 WHERE id BETWEEN 228326 AND 228425 ORDER BY c
	Unique  (cost=421.23..421.75 rows=105 width=121)
	  ->  Sort  (cost=421.23..421.49 rows=105 width=121)
	        Sort Key: c
	        ->  Index Scan using sbtest3_pkey on sbtest3  (cost=0.43..417.70 rows=105 width=121)
	              Index Cond: ((id >= 228326) AND (id <= 228425))

table 4 : explain SELECT DISTINCT c FROM sbtest4 WHERE id BETWEEN 232271 AND 232370 ORDER BY c
	Unique  (cost=412.00..412.52 rows=103 width=121)
	  ->  Sort  (cost=412.00..412.26 rows=103 width=121)
	        Sort Key: c
	        ->  Index Scan using sbtest4_pkey on sbtest4  (cost=0.43..408.56 rows=103 width=121)
	              Index Cond: ((id >= 232271) AND (id <= 232370))

table 5 : explain SELECT DISTINCT c FROM sbtest5 WHERE id BETWEEN 5096217 AND 5096316 ORDER BY c
	Unique  (cost=412.42..412.93 rows=103 width=121)
	  ->  Sort  (cost=412.42..412.68 rows=103 width=121)
	        Sort Key: c
	        ->  Index Scan using sbtest5_pkey on sbtest5  (cost=0.43..408.98 rows=103 width=121)
	              Index Cond: ((id >= 5096217) AND (id <= 5096316))

table 6 : explain SELECT DISTINCT c FROM sbtest6 WHERE id BETWEEN 8741544 AND 8741643 ORDER BY c
	Unique  (cost=413.86..414.38 rows=103 width=121)
	  ->  Sort  (cost=413.86..414.12 rows=103 width=121)
	        Sort Key: c
	        ->  Index Scan using sbtest6_pkey on sbtest6  (cost=0.43..410.42 rows=103 width=121)
	              Index Cond: ((id >= 8741544) AND (id <= 8741643))

table 7 : explain SELECT DISTINCT c FROM sbtest7 WHERE id BETWEEN 6001473 AND 6001572 ORDER BY c
	Unique  (cost=400.12..400.62 rows=100 width=121)
	  ->  Sort  (cost=400.12..400.37 rows=100 width=121)
	        Sort Key: c
	        ->  Index Scan using sbtest7_pkey on sbtest7  (cost=0.43..396.80 rows=100 width=121)
	              Index Cond: ((id >= 6001473) AND (id <= 6001572))

table 8 : explain SELECT DISTINCT c FROM sbtest8 WHERE id BETWEEN 7955845 AND 7955944 ORDER BY c
	Unique  (cost=395.18..395.68 rows=99 width=121)
	  ->  Sort  (cost=395.18..395.43 rows=99 width=121)
	        Sort Key: c
	        ->  Index Scan using sbtest8_pkey on sbtest8  (cost=0.43..391.90 rows=99 width=121)
	              Index Cond: ((id >= 7955845) AND (id <= 7955944))

for: sum_ranges
table 1 : explain SELECT SUM(k) FROM sbtest1 WHERE id BETWEEN 4077483 AND 4077582
	Aggregate  (cost=374.70..374.71 rows=1 width=8)
	  ->  Index Scan using sbtest1_pkey on sbtest1  (cost=0.43..374.46 rows=94 width=4)
	        Index Cond: ((id >= 4077483) AND (id <= 4077582))

table 2 : explain SELECT SUM(k) FROM sbtest2 WHERE id BETWEEN 785639 AND 785738
	Aggregate  (cost=377.66..377.67 rows=1 width=8)
	  ->  Index Scan using sbtest2_pkey on sbtest2  (cost=0.43..377.43 rows=95 width=4)
	        Index Cond: ((id >= 785639) AND (id <= 785738))

table 3 : explain SELECT SUM(k) FROM sbtest3 WHERE id BETWEEN 3031323 AND 3031422
	Aggregate  (cost=386.47..386.48 rows=1 width=8)
	  ->  Index Scan using sbtest3_pkey on sbtest3  (cost=0.43..386.23 rows=97 width=4)
	        Index Cond: ((id >= 3031323) AND (id <= 3031422))

table 4 : explain SELECT SUM(k) FROM sbtest4 WHERE id BETWEEN 6966935 AND 6967034
	Aggregate  (cost=400.97..400.98 rows=1 width=8)
	  ->  Index Scan using sbtest4_pkey on sbtest4  (cost=0.43..400.72 rows=101 width=4)
	        Index Cond: ((id >= 6966935) AND (id <= 6967034))

table 5 : explain SELECT SUM(k) FROM sbtest5 WHERE id BETWEEN 7131054 AND 7131153
	Aggregate  (cost=377.81..377.82 rows=1 width=8)
	  ->  Index Scan using sbtest5_pkey on sbtest5  (cost=0.43..377.57 rows=95 width=4)
	        Index Cond: ((id >= 7131054) AND (id <= 7131153))

table 6 : explain SELECT SUM(k) FROM sbtest6 WHERE id BETWEEN 996025 AND 996124
	Aggregate  (cost=387.02..387.03 rows=1 width=8)
	  ->  Index Scan using sbtest6_pkey on sbtest6  (cost=0.43..386.78 rows=97 width=4)
	        Index Cond: ((id >= 996025) AND (id <= 996124))

table 7 : explain SELECT SUM(k) FROM sbtest7 WHERE id BETWEEN 3084137 AND 3084236
	Aggregate  (cost=389.20..389.21 rows=1 width=8)
	  ->  Index Scan using sbtest7_pkey on sbtest7  (cost=0.43..388.95 rows=98 width=4)
	        Index Cond: ((id >= 3084137) AND (id <= 3084236))

table 8 : explain SELECT SUM(k) FROM sbtest8 WHERE id BETWEEN 1963639 AND 1963738
	Aggregate  (cost=392.15..392.16 rows=1 width=8)
	  ->  Index Scan using sbtest8_pkey on sbtest8  (cost=0.43..391.90 rows=99 width=4)
	        Index Cond: ((id >= 1963639) AND (id <= 1963738))

for: sum_ranges
table 1 : explain SELECT SUM(k) FROM sbtest1 WHERE id BETWEEN 18859 AND 18958
	Aggregate  (cost=374.70..374.71 rows=1 width=8)
	  ->  Index Scan using sbtest1_pkey on sbtest1  (cost=0.43..374.46 rows=94 width=4)
	        Index Cond: ((id >= 18859) AND (id <= 18958))

table 2 : explain SELECT SUM(k) FROM sbtest2 WHERE id BETWEEN 3828655 AND 3828754
	Aggregate  (cost=413.01..413.02 rows=1 width=8)
	  ->  Index Scan using sbtest2_pkey on sbtest2  (cost=0.43..412.75 rows=104 width=4)
	        Index Cond: ((id >= 3828655) AND (id <= 3828754))

table 3 : explain SELECT SUM(k) FROM sbtest3 WHERE id BETWEEN 1394743 AND 1394842
	Aggregate  (cost=382.53..382.54 rows=1 width=8)
	  ->  Index Scan using sbtest3_pkey on sbtest3  (cost=0.43..382.29 rows=96 width=4)
	        Index Cond: ((id >= 1394743) AND (id <= 1394842))

table 4 : explain SELECT SUM(k) FROM sbtest4 WHERE id BETWEEN 4659141 AND 4659240
	Aggregate  (cost=400.97..400.98 rows=1 width=8)
	  ->  Index Scan using sbtest4_pkey on sbtest4  (cost=0.43..400.72 rows=101 width=4)
	        Index Cond: ((id >= 4659141) AND (id <= 4659240))

table 5 : explain SELECT SUM(k) FROM sbtest5 WHERE id BETWEEN 8046879 AND 8046978
	Aggregate  (cost=397.45..397.46 rows=1 width=8)
	  ->  Index Scan using sbtest5_pkey on sbtest5  (cost=0.43..397.20 rows=100 width=4)
	        Index Cond: ((id >= 8046879) AND (id <= 8046978))

table 6 : explain SELECT SUM(k) FROM sbtest6 WHERE id BETWEEN 4379027 AND 4379126
	Aggregate  (cost=371.23..371.24 rows=1 width=8)
	  ->  Index Scan using sbtest6_pkey on sbtest6  (cost=0.43..370.99 rows=93 width=4)
	        Index Cond: ((id >= 4379027) AND (id <= 4379126))

table 7 : explain SELECT SUM(k) FROM sbtest7 WHERE id BETWEEN 2124182 AND 2124281
	Aggregate  (cost=400.97..400.98 rows=1 width=8)
	  ->  Index Scan using sbtest7_pkey on sbtest7  (cost=0.43..400.72 rows=101 width=4)
	        Index Cond: ((id >= 2124182) AND (id <= 2124281))

table 8 : explain SELECT SUM(k) FROM sbtest8 WHERE id BETWEEN 2796918 AND 2797017
	Aggregate  (cost=396.06..396.07 rows=1 width=8)
	  ->  Index Scan using sbtest8_pkey on sbtest8  (cost=0.43..395.81 rows=100 width=4)
	        Index Cond: ((id >= 2796918) AND (id <= 2797017))

for: sum_ranges
table 1 : explain SELECT SUM(k) FROM sbtest1 WHERE id BETWEEN 5073804 AND 5073903
	Aggregate  (cost=398.32..398.33 rows=1 width=8)
	  ->  Index Scan using sbtest1_pkey on sbtest1  (cost=0.43..398.07 rows=100 width=4)
	        Index Cond: ((id >= 5073804) AND (id <= 5073903))

table 2 : explain SELECT SUM(k) FROM sbtest2 WHERE id BETWEEN 955036 AND 955135
	Aggregate  (cost=377.66..377.67 rows=1 width=8)
	  ->  Index Scan using sbtest2_pkey on sbtest2  (cost=0.43..377.43 rows=95 width=4)
	        Index Cond: ((id >= 955036) AND (id <= 955135))

table 3 : explain SELECT SUM(k) FROM sbtest3 WHERE id BETWEEN 1437387 AND 1437486
	Aggregate  (cost=378.57..378.58 rows=1 width=8)
	  ->  Index Scan using sbtest3_pkey on sbtest3  (cost=0.43..378.34 rows=95 width=4)
	        Index Cond: ((id >= 1437387) AND (id <= 1437486))

table 4 : explain SELECT SUM(k) FROM sbtest4 WHERE id BETWEEN 7203035 AND 7203134
	Aggregate  (cost=389.20..389.21 rows=1 width=8)
	  ->  Index Scan using sbtest4_pkey on sbtest4  (cost=0.43..388.95 rows=98 width=4)
	        Index Cond: ((id >= 7203035) AND (id <= 7203134))

table 5 : explain SELECT SUM(k) FROM sbtest5 WHERE id BETWEEN 4206712 AND 4206811
	Aggregate  (cost=389.59..389.60 rows=1 width=8)
	  ->  Index Scan using sbtest5_pkey on sbtest5  (cost=0.43..389.35 rows=98 width=4)
	        Index Cond: ((id >= 4206712) AND (id <= 4206811))

table 6 : explain SELECT SUM(k) FROM sbtest6 WHERE id BETWEEN 2572631 AND 2572730
	Aggregate  (cost=418.56..418.57 rows=1 width=8)
	  ->  Index Scan using sbtest6_pkey on sbtest6  (cost=0.43..418.30 rows=105 width=4)
	        Index Cond: ((id >= 2572631) AND (id <= 2572730))

table 7 : explain SELECT SUM(k) FROM sbtest7 WHERE id BETWEEN 1507418 AND 1507517
	Aggregate  (cost=428.44..428.45 rows=1 width=8)
	  ->  Index Scan using sbtest7_pkey on sbtest7  (cost=0.43..428.17 rows=108 width=4)
	        Index Cond: ((id >= 1507418) AND (id <= 1507517))

table 8 : explain SELECT SUM(k) FROM sbtest8 WHERE id BETWEEN 464045 AND 464144
	Aggregate  (cost=419.55..419.56 rows=1 width=8)
	  ->  Index Scan using sbtest8_pkey on sbtest8  (cost=0.43..419.28 rows=106 width=4)
	        Index Cond: ((id >= 464045) AND (id <= 464144))

for: simple_ranges
table 1 : explain SELECT c FROM sbtest1 WHERE id BETWEEN 8322801 AND 8322900
	Index Scan using sbtest1_pkey on sbtest1  (cost=0.43..405.94 rows=102 width=121)
	  Index Cond: ((id >= 8322801) AND (id <= 8322900))

table 2 : explain SELECT c FROM sbtest2 WHERE id BETWEEN 5415672 AND 5415771
	Index Scan using sbtest2_pkey on sbtest2  (cost=0.43..404.90 rows=102 width=121)
	  Index Cond: ((id >= 5415672) AND (id <= 5415771))

table 3 : explain SELECT c FROM sbtest3 WHERE id BETWEEN 8640832 AND 8640931
	Index Scan using sbtest3_pkey on sbtest3  (cost=0.43..398.03 rows=100 width=121)
	  Index Cond: ((id >= 8640832) AND (id <= 8640931))

table 4 : explain SELECT c FROM sbtest4 WHERE id BETWEEN 9890487 AND 9890586
	Index Scan using sbtest4_pkey on sbtest4  (cost=0.43..392.87 rows=99 width=121)
	  Index Cond: ((id >= 9890487) AND (id <= 9890586))

table 5 : explain SELECT c FROM sbtest5 WHERE id BETWEEN 6423848 AND 6423947
	Index Scan using sbtest5_pkey on sbtest5  (cost=0.43..397.20 rows=100 width=121)
	  Index Cond: ((id >= 6423848) AND (id <= 6423947))

table 6 : explain SELECT c FROM sbtest6 WHERE id BETWEEN 9139578 AND 9139677
	Index Scan using sbtest6_pkey on sbtest6  (cost=0.43..414.36 rows=104 width=121)
	  Index Cond: ((id >= 9139578) AND (id <= 9139677))

table 7 : explain SELECT c FROM sbtest7 WHERE id BETWEEN 1823159 AND 1823258
	Index Scan using sbtest7_pkey on sbtest7  (cost=0.43..396.80 rows=100 width=121)
	  Index Cond: ((id >= 1823159) AND (id <= 1823258))

table 8 : explain SELECT c FROM sbtest8 WHERE id BETWEEN 5731334 AND 5731433
	Index Scan using sbtest8_pkey on sbtest8  (cost=0.43..407.55 rows=103 width=121)
	  Index Cond: ((id >= 5731334) AND (id <= 5731433))

for point_selects
table 1 : explain SELECT c FROM sbtest1 WHERE id=2678603
	Index Scan using sbtest1_pkey on sbtest1  (cost=0.43..8.45 rows=1 width=121)
	  Index Cond: (id = 2678603)

table 2 : explain SELECT c FROM sbtest2 WHERE id=4360263
	Index Scan using sbtest2_pkey on sbtest2  (cost=0.43..8.45 rows=1 width=121)
	  Index Cond: (id = 4360263)

table 3 : explain SELECT c FROM sbtest3 WHERE id=4769713
	Index Scan using sbtest3_pkey on sbtest3  (cost=0.43..8.45 rows=1 width=121)
	  Index Cond: (id = 4769713)

table 4 : explain SELECT c FROM sbtest4 WHERE id=7719047
	Index Scan using sbtest4_pkey on sbtest4  (cost=0.43..8.45 rows=1 width=121)
	  Index Cond: (id = 7719047)

table 5 : explain SELECT c FROM sbtest5 WHERE id=6517754
	Index Scan using sbtest5_pkey on sbtest5  (cost=0.43..8.45 rows=1 width=121)
	  Index Cond: (id = 6517754)

table 6 : explain SELECT c FROM sbtest6 WHERE id=7868452
	Index Scan using sbtest6_pkey on sbtest6  (cost=0.43..8.45 rows=1 width=121)
	  Index Cond: (id = 7868452)

table 7 : explain SELECT c FROM sbtest7 WHERE id=9981557
	Index Scan using sbtest7_pkey on sbtest7  (cost=0.43..8.45 rows=1 width=121)
	  Index Cond: (id = 9981557)

table 8 : explain SELECT c FROM sbtest8 WHERE id=4717851
	Index Scan using sbtest8_pkey on sbtest8  (cost=0.43..8.45 rows=1 width=121)
	  Index Cond: (id = 4717851)

for: order_ranges
table 1 : explain SELECT c FROM sbtest1 WHERE id BETWEEN 914096 AND 914195 ORDER BY c
	Sort  (cost=397.42..397.67 rows=99 width=121)
	  Sort Key: c
	  ->  Index Scan using sbtest1_pkey on sbtest1  (cost=0.43..394.14 rows=99 width=121)
	        Index Cond: ((id >= 914096) AND (id <= 914195))

table 2 : explain SELECT c FROM sbtest2 WHERE id BETWEEN 7796994 AND 7797093 ORDER BY c
	Sort  (cost=372.59..372.83 rows=93 width=121)
	  Sort Key: c
	  ->  Index Scan using sbtest2_pkey on sbtest2  (cost=0.43..369.55 rows=93 width=121)
	        Index Cond: ((id >= 7796994) AND (id <= 7797093))

table 3 : explain SELECT c FROM sbtest3 WHERE id BETWEEN 3877690 AND 3877789 ORDER BY c
	Sort  (cost=413.28..413.53 rows=103 width=121)
	  Sort Key: c
	  ->  Index Scan using sbtest3_pkey on sbtest3  (cost=0.43..409.83 rows=103 width=121)
	        Index Cond: ((id >= 3877690) AND (id <= 3877789))

table 4 : explain SELECT c FROM sbtest4 WHERE id BETWEEN 6612934 AND 6613033 ORDER BY c
	Sort  (cost=431.82..432.09 rows=108 width=121)
	  Sort Key: c
	  ->  Index Scan using sbtest4_pkey on sbtest4  (cost=0.43..428.17 rows=108 width=121)
	        Index Cond: ((id >= 6612934) AND (id <= 6613033))

table 5 : explain SELECT c FROM sbtest5 WHERE id BETWEEN 5923660 AND 5923759 ORDER BY c
	Sort  (cost=436.22..436.49 rows=109 width=121)
	  Sort Key: c
	  ->  Index Scan using sbtest5_pkey on sbtest5  (cost=0.43..432.53 rows=109 width=121)
	        Index Cond: ((id >= 5923660) AND (id <= 5923759))

table 6 : explain SELECT c FROM sbtest6 WHERE id BETWEEN 7887820 AND 7887919 ORDER BY c
	Sort  (cost=409.88..410.13 rows=102 width=121)
	  Sort Key: c
	  ->  Index Scan using sbtest6_pkey on sbtest6  (cost=0.43..406.48 rows=102 width=121)
	        Index Cond: ((id >= 7887820) AND (id <= 7887919))

table 7 : explain SELECT c FROM sbtest7 WHERE id BETWEEN 5090592 AND 5090691 ORDER BY c
	Sort  (cost=427.86..428.12 rows=107 width=121)
	  Sort Key: c
	  ->  Index Scan using sbtest7_pkey on sbtest7  (cost=0.43..424.25 rows=107 width=121)
	        Index Cond: ((id >= 5090592) AND (id <= 5090691))

table 8 : explain SELECT c FROM sbtest8 WHERE id BETWEEN 3544778 AND 3544877 ORDER BY c
	Sort  (cost=367.49..367.72 rows=92 width=121)
	  Sort Key: c
	  ->  Index Scan using sbtest8_pkey on sbtest8  (cost=0.43..364.49 rows=92 width=121)
	        Index Cond: ((id >= 3544778) AND (id <= 3544877))

for point_selects
table 1 : explain SELECT c FROM sbtest1 WHERE id=3104669
	Index Scan using sbtest1_pkey on sbtest1  (cost=0.43..8.45 rows=1 width=121)
	  Index Cond: (id = 3104669)

table 2 : explain SELECT c FROM sbtest2 WHERE id=6700524
	Index Scan using sbtest2_pkey on sbtest2  (cost=0.43..8.45 rows=1 width=121)
	  Index Cond: (id = 6700524)

table 3 : explain SELECT c FROM sbtest3 WHERE id=7758622
	Index Scan using sbtest3_pkey on sbtest3  (cost=0.43..8.45 rows=1 width=121)
	  Index Cond: (id = 7758622)

table 4 : explain SELECT c FROM sbtest4 WHERE id=6896389
	Index Scan using sbtest4_pkey on sbtest4  (cost=0.43..8.45 rows=1 width=121)
	  Index Cond: (id = 6896389)

table 5 : explain SELECT c FROM sbtest5 WHERE id=5047338
	Index Scan using sbtest5_pkey on sbtest5  (cost=0.43..8.45 rows=1 width=121)
	  Index Cond: (id = 5047338)

table 6 : explain SELECT c FROM sbtest6 WHERE id=9832318
	Index Scan using sbtest6_pkey on sbtest6  (cost=0.43..8.45 rows=1 width=121)
	  Index Cond: (id = 9832318)

table 7 : explain SELECT c FROM sbtest7 WHERE id=3845618
	Index Scan using sbtest7_pkey on sbtest7  (cost=0.43..8.45 rows=1 width=121)
	  Index Cond: (id = 3845618)

table 8 : explain SELECT c FROM sbtest8 WHERE id=9136481
	Index Scan using sbtest8_pkey on sbtest8  (cost=0.43..8.45 rows=1 width=121)
	  Index Cond: (id = 9136481)

for: order_ranges
table 1 : explain SELECT c FROM sbtest1 WHERE id BETWEEN 2061088 AND 2061187 ORDER BY c
	Sort  (cost=413.32..413.58 rows=103 width=121)
	  Sort Key: c
	  ->  Index Scan using sbtest1_pkey on sbtest1  (cost=0.43..409.88 rows=103 width=121)
	        Index Cond: ((id >= 2061088) AND (id <= 2061187))

table 2 : explain SELECT c FROM sbtest2 WHERE id BETWEEN 3087078 AND 3087177 ORDER BY c
	Sort  (cost=388.48..388.72 rows=97 width=121)
	  Sort Key: c
	  ->  Index Scan using sbtest2_pkey on sbtest2  (cost=0.43..385.27 rows=97 width=121)
	        Index Cond: ((id >= 3087078) AND (id <= 3087177))

table 3 : explain SELECT c FROM sbtest3 WHERE id BETWEEN 9331492 AND 9331591 ORDER BY c
	Sort  (cost=373.51..373.74 rows=93 width=121)
	  Sort Key: c
	  ->  Index Scan using sbtest3_pkey on sbtest3  (cost=0.43..370.47 rows=93 width=121)
	        Index Cond: ((id >= 9331492) AND (id <= 9331591))

table 4 : explain SELECT c FROM sbtest4 WHERE id BETWEEN 685604 AND 685703 ORDER BY c
	Sort  (cost=384.27..384.51 rows=96 width=121)
	  Sort Key: c
	  ->  Index Scan using sbtest4_pkey on sbtest4  (cost=0.43..381.11 rows=96 width=121)
	        Index Cond: ((id >= 685604) AND (id <= 685703))

table 5 : explain SELECT c FROM sbtest5 WHERE id BETWEEN 3868774 AND 3868873 ORDER BY c
	Sort  (cost=384.65..384.89 rows=96 width=121)
	  Sort Key: c
	  ->  Index Scan using sbtest5_pkey on sbtest5  (cost=0.43..381.49 rows=96 width=121)
	        Index Cond: ((id >= 3868774) AND (id <= 3868873))

table 6 : explain SELECT c FROM sbtest6 WHERE id BETWEEN 4998088 AND 4998187 ORDER BY c
	Sort  (cost=421.82..422.08 rows=105 width=121)
	  Sort Key: c
	  ->  Index Scan using sbtest6_pkey on sbtest6  (cost=0.43..418.30 rows=105 width=121)
	        Index Cond: ((id >= 4998088) AND (id <= 4998187))

table 7 : explain SELECT c FROM sbtest7 WHERE id BETWEEN 5596738 AND 5596837 ORDER BY c
	Sort  (cost=408.04..408.30 rows=102 width=121)
	  Sort Key: c
	  ->  Index Scan using sbtest7_pkey on sbtest7  (cost=0.43..404.64 rows=102 width=121)
	        Index Cond: ((id >= 5596738) AND (id <= 5596837))

table 8 : explain SELECT c FROM sbtest8 WHERE id BETWEEN 727278 AND 727377 ORDER BY c
	Sort  (cost=375.39..375.63 rows=94 width=121)
	  Sort Key: c
	  ->  Index Scan using sbtest8_pkey on sbtest8  (cost=0.43..372.31 rows=94 width=121)
	        Index Cond: ((id >= 727278) AND (id <= 727377))

for: distinct_ranges
table 1 : explain SELECT DISTINCT c FROM sbtest1 WHERE id BETWEEN 8167254 AND 8167353 ORDER BY c
	Unique  (cost=425.25..425.78 rows=106 width=121)
	  ->  Sort  (cost=425.25..425.51 rows=106 width=121)
	        Sort Key: c
	        ->  Index Scan using sbtest1_pkey on sbtest1  (cost=0.43..421.68 rows=106 width=121)
	              Index Cond: ((id >= 8167254) AND (id <= 8167353))

table 2 : explain SELECT DISTINCT c FROM sbtest2 WHERE id BETWEEN 9920457 AND 9920556 ORDER BY c
	Unique  (cost=384.51..384.99 rows=96 width=121)
	  ->  Sort  (cost=384.51..384.75 rows=96 width=121)
	        Sort Key: c
	        ->  Index Scan using sbtest2_pkey on sbtest2  (cost=0.43..381.35 rows=96 width=121)
	              Index Cond: ((id >= 9920457) AND (id <= 9920556))

table 3 : explain SELECT DISTINCT c FROM sbtest3 WHERE id BETWEEN 6415959 AND 6416058 ORDER BY c
	Unique  (cost=357.61..358.06 rows=89 width=121)
	  ->  Sort  (cost=357.61..357.83 rows=89 width=121)
	        Sort Key: c
	        ->  Index Scan using sbtest3_pkey on sbtest3  (cost=0.43..354.73 rows=89 width=121)
	              Index Cond: ((id >= 6415959) AND (id <= 6416058))

table 4 : explain SELECT DISTINCT c FROM sbtest4 WHERE id BETWEEN 8654910 AND 8655009 ORDER BY c
	Unique  (cost=419.93..420.45 rows=105 width=121)
	  ->  Sort  (cost=419.93..420.19 rows=105 width=121)
	        Sort Key: c
	        ->  Index Scan using sbtest4_pkey on sbtest4  (cost=0.43..416.40 rows=105 width=121)
	              Index Cond: ((id >= 8654910) AND (id <= 8655009))

table 5 : explain SELECT DISTINCT c FROM sbtest5 WHERE id BETWEEN 1895821 AND 1895920 ORDER BY c
	Unique  (cost=384.65..385.13 rows=96 width=121)
	  ->  Sort  (cost=384.65..384.89 rows=96 width=121)
	        Sort Key: c
	        ->  Index Scan using sbtest5_pkey on sbtest5  (cost=0.43..381.49 rows=96 width=121)
	              Index Cond: ((id >= 1895821) AND (id <= 1895920))

table 6 : explain SELECT DISTINCT c FROM sbtest6 WHERE id BETWEEN 9627322 AND 9627421 ORDER BY c
	Unique  (cost=397.94..398.43 rows=99 width=121)
	  ->  Sort  (cost=397.94..398.19 rows=99 width=121)
	        Sort Key: c
	        ->  Index Scan using sbtest6_pkey on sbtest6  (cost=0.43..394.66 rows=99 width=121)
	              Index Cond: ((id >= 9627322) AND (id <= 9627421))

table 7 : explain SELECT DISTINCT c FROM sbtest7 WHERE id BETWEEN 5370028 AND 5370127 ORDER BY c
	Unique  (cost=356.51..356.96 rows=89 width=121)
	  ->  Sort  (cost=356.51..356.73 rows=89 width=121)
	        Sort Key: c
	        ->  Index Scan using sbtest7_pkey on sbtest7  (cost=0.43..353.63 rows=89 width=121)
	              Index Cond: ((id >= 5370028) AND (id <= 5370127))

table 8 : explain SELECT DISTINCT c FROM sbtest8 WHERE id BETWEEN 912313 AND 912412 ORDER BY c
	Unique  (cost=410.99..411.51 rows=103 width=121)
	  ->  Sort  (cost=410.99..411.25 rows=103 width=121)
	        Sort Key: c
	        ->  Index Scan using sbtest8_pkey on sbtest8  (cost=0.43..407.55 rows=103 width=121)
	              Index Cond: ((id >= 912313) AND (id <= 912412))

for point_selects
table 1 : explain SELECT c FROM sbtest1 WHERE id=5540506
	Index Scan using sbtest1_pkey on sbtest1  (cost=0.43..8.45 rows=1 width=121)
	  Index Cond: (id = 5540506)

table 2 : explain SELECT c FROM sbtest2 WHERE id=5306103
	Index Scan using sbtest2_pkey on sbtest2  (cost=0.43..8.45 rows=1 width=121)
	  Index Cond: (id = 5306103)

table 3 : explain SELECT c FROM sbtest3 WHERE id=1624880
	Index Scan using sbtest3_pkey on sbtest3  (cost=0.43..8.45 rows=1 width=121)
	  Index Cond: (id = 1624880)

table 4 : explain SELECT c FROM sbtest4 WHERE id=6666485
	Index Scan using sbtest4_pkey on sbtest4  (cost=0.43..8.45 rows=1 width=121)
	  Index Cond: (id = 6666485)

table 5 : explain SELECT c FROM sbtest5 WHERE id=9045613
	Index Scan using sbtest5_pkey on sbtest5  (cost=0.43..8.45 rows=1 width=121)
	  Index Cond: (id = 9045613)

table 6 : explain SELECT c FROM sbtest6 WHERE id=421680
	Index Scan using sbtest6_pkey on sbtest6  (cost=0.43..8.45 rows=1 width=121)
	  Index Cond: (id = 421680)

table 7 : explain SELECT c FROM sbtest7 WHERE id=408155
	Index Scan using sbtest7_pkey on sbtest7  (cost=0.43..8.45 rows=1 width=121)
	  Index Cond: (id = 408155)

table 8 : explain SELECT c FROM sbtest8 WHERE id=6540935
	Index Scan using sbtest8_pkey on sbtest8  (cost=0.43..8.45 rows=1 width=121)
	  Index Cond: (id = 6540935)

for point_selects
table 1 : explain SELECT c FROM sbtest1 WHERE id=6969340
	Index Scan using sbtest1_pkey on sbtest1  (cost=0.43..8.45 rows=1 width=121)
	  Index Cond: (id = 6969340)

table 2 : explain SELECT c FROM sbtest2 WHERE id=8620546
	Index Scan using sbtest2_pkey on sbtest2  (cost=0.43..8.45 rows=1 width=121)
	  Index Cond: (id = 8620546)

table 3 : explain SELECT c FROM sbtest3 WHERE id=3184794
	Index Scan using sbtest3_pkey on sbtest3  (cost=0.43..8.45 rows=1 width=121)
	  Index Cond: (id = 3184794)

table 4 : explain SELECT c FROM sbtest4 WHERE id=3356440
	Index Scan using sbtest4_pkey on sbtest4  (cost=0.43..8.45 rows=1 width=121)
	  Index Cond: (id = 3356440)

table 5 : explain SELECT c FROM sbtest5 WHERE id=7222291
	Index Scan using sbtest5_pkey on sbtest5  (cost=0.43..8.45 rows=1 width=121)
	  Index Cond: (id = 7222291)

table 6 : explain SELECT c FROM sbtest6 WHERE id=6566967
	Index Scan using sbtest6_pkey on sbtest6  (cost=0.43..8.45 rows=1 width=121)
	  Index Cond: (id = 6566967)

table 7 : explain SELECT c FROM sbtest7 WHERE id=6006451
	Index Scan using sbtest7_pkey on sbtest7  (cost=0.43..8.45 rows=1 width=121)
	  Index Cond: (id = 6006451)

table 8 : explain SELECT c FROM sbtest8 WHERE id=6597740
	Index Scan using sbtest8_pkey on sbtest8  (cost=0.43..8.45 rows=1 width=121)
	  Index Cond: (id = 6597740)

for: simple_ranges
table 1 : explain SELECT c FROM sbtest1 WHERE id BETWEEN 3299026 AND 3299125
	Index Scan using sbtest1_pkey on sbtest1  (cost=0.43..390.20 rows=98 width=121)
	  Index Cond: ((id >= 3299026) AND (id <= 3299125))

table 2 : explain SELECT c FROM sbtest2 WHERE id BETWEEN 8209090 AND 8209189
	Index Scan using sbtest2_pkey on sbtest2  (cost=0.43..408.82 rows=103 width=121)
	  Index Cond: ((id >= 8209090) AND (id <= 8209189))

table 3 : explain SELECT c FROM sbtest3 WHERE id BETWEEN 913925 AND 914024
	Index Scan using sbtest3_pkey on sbtest3  (cost=0.43..386.23 rows=97 width=121)
	  Index Cond: ((id >= 913925) AND (id <= 914024))

table 4 : explain SELECT c FROM sbtest4 WHERE id BETWEEN 6146525 AND 6146624
	Index Scan using sbtest4_pkey on sbtest4  (cost=0.43..400.72 rows=101 width=121)
	  Index Cond: ((id >= 6146525) AND (id <= 6146624))

table 5 : explain SELECT c FROM sbtest5 WHERE id BETWEEN 749440 AND 749539
	Index Scan using sbtest5_pkey on sbtest5  (cost=0.43..424.68 rows=107 width=121)
	  Index Cond: ((id >= 749440) AND (id <= 749539))

table 6 : explain SELECT c FROM sbtest6 WHERE id BETWEEN 1384957 AND 1385056
	Index Scan using sbtest6_pkey on sbtest6  (cost=0.43..382.84 rows=96 width=121)
	  Index Cond: ((id >= 1384957) AND (id <= 1385056))

table 7 : explain SELECT c FROM sbtest7 WHERE id BETWEEN 9412014 AND 9412113
	Index Scan using sbtest7_pkey on sbtest7  (cost=0.43..428.17 rows=108 width=121)
	  Index Cond: ((id >= 9412014) AND (id <= 9412113))

table 8 : explain SELECT c FROM sbtest8 WHERE id BETWEEN 5178162 AND 5178261
	Index Scan using sbtest8_pkey on sbtest8  (cost=0.43..395.81 rows=100 width=121)
	  Index Cond: ((id >= 5178162) AND (id <= 5178261))

for: sum_ranges
table 1 : explain SELECT SUM(k) FROM sbtest1 WHERE id BETWEEN 7500020 AND 7500119
	Aggregate  (cost=425.89..425.90 rows=1 width=8)
	  ->  Index Scan using sbtest1_pkey on sbtest1  (cost=0.43..425.62 rows=107 width=4)
	        Index Cond: ((id >= 7500020) AND (id <= 7500119))

table 2 : explain SELECT SUM(k) FROM sbtest2 WHERE id BETWEEN 8688202 AND 8688301
	Aggregate  (cost=409.08..409.09 rows=1 width=8)
	  ->  Index Scan using sbtest2_pkey on sbtest2  (cost=0.43..408.82 rows=103 width=4)
	        Index Cond: ((id >= 8688202) AND (id <= 8688301))

table 3 : explain SELECT SUM(k) FROM sbtest3 WHERE id BETWEEN 9595606 AND 9595705
	Aggregate  (cost=402.22..402.23 rows=1 width=8)
	  ->  Index Scan using sbtest3_pkey on sbtest3  (cost=0.43..401.96 rows=101 width=4)
	        Index Cond: ((id >= 9595606) AND (id <= 9595705))

table 4 : explain SELECT SUM(k) FROM sbtest4 WHERE id BETWEEN 4544119 AND 4544218
	Aggregate  (cost=361.70..361.71 rows=1 width=8)
	  ->  Index Scan using sbtest4_pkey on sbtest4  (cost=0.43..361.47 rows=91 width=4)
	        Index Cond: ((id >= 4544119) AND (id <= 4544218))

table 5 : explain SELECT SUM(k) FROM sbtest5 WHERE id BETWEEN 2240164 AND 2240263
	Aggregate  (cost=397.45..397.46 rows=1 width=8)
	  ->  Index Scan using sbtest5_pkey on sbtest5  (cost=0.43..397.20 rows=100 width=4)
	        Index Cond: ((id >= 2240164) AND (id <= 2240263))

table 6 : explain SELECT SUM(k) FROM sbtest6 WHERE id BETWEEN 4535472 AND 4535571
	Aggregate  (cost=379.13..379.14 rows=1 width=8)
	  ->  Index Scan using sbtest6_pkey on sbtest6  (cost=0.43..378.90 rows=95 width=4)
	        Index Cond: ((id >= 4535472) AND (id <= 4535571))

table 7 : explain SELECT SUM(k) FROM sbtest7 WHERE id BETWEEN 6082650 AND 6082749
	Aggregate  (cost=385.27..385.28 rows=1 width=8)
	  ->  Index Scan using sbtest7_pkey on sbtest7  (cost=0.43..385.03 rows=97 width=4)
	        Index Cond: ((id >= 6082650) AND (id <= 6082749))

table 8 : explain SELECT SUM(k) FROM sbtest8 WHERE id BETWEEN 8192695 AND 8192794
	Aggregate  (cost=368.63..368.64 rows=1 width=8)
	  ->  Index Scan using sbtest8_pkey on sbtest8  (cost=0.43..368.40 rows=93 width=4)
	        Index Cond: ((id >= 8192695) AND (id <= 8192794))

for: simple_ranges
table 1 : explain SELECT c FROM sbtest1 WHERE id BETWEEN 2539877 AND 2539976
	Index Scan using sbtest1_pkey on sbtest1  (cost=0.43..421.68 rows=106 width=121)
	  Index Cond: ((id >= 2539877) AND (id <= 2539976))

table 2 : explain SELECT c FROM sbtest2 WHERE id BETWEEN 8022924 AND 8023023
	Index Scan using sbtest2_pkey on sbtest2  (cost=0.43..436.29 rows=110 width=121)
	  Index Cond: ((id >= 8022924) AND (id <= 8023023))

table 3 : explain SELECT c FROM sbtest3 WHERE id BETWEEN 2189646 AND 2189745
	Index Scan using sbtest3_pkey on sbtest3  (cost=0.43..405.90 rows=102 width=121)
	  Index Cond: ((id >= 2189646) AND (id <= 2189745))

table 4 : explain SELECT c FROM sbtest4 WHERE id BETWEEN 4180626 AND 4180725
	Index Scan using sbtest4_pkey on sbtest4  (cost=0.43..381.11 rows=96 width=121)
	  Index Cond: ((id >= 4180626) AND (id <= 4180725))

table 5 : explain SELECT c FROM sbtest5 WHERE id BETWEEN 8563997 AND 8564096
	Index Scan using sbtest5_pkey on sbtest5  (cost=0.43..389.35 rows=98 width=121)
	  Index Cond: ((id >= 8563997) AND (id <= 8564096))

table 6 : explain SELECT c FROM sbtest6 WHERE id BETWEEN 8953489 AND 8953588
	Index Scan using sbtest6_pkey on sbtest6  (cost=0.43..406.48 rows=102 width=121)
	  Index Cond: ((id >= 8953489) AND (id <= 8953588))

table 7 : explain SELECT c FROM sbtest7 WHERE id BETWEEN 7150276 AND 7150375
	Index Scan using sbtest7_pkey on sbtest7  (cost=0.43..424.25 rows=107 width=121)
	  Index Cond: ((id >= 7150276) AND (id <= 7150375))

table 8 : explain SELECT c FROM sbtest8 WHERE id BETWEEN 5264478 AND 5264577
	Index Scan using sbtest8_pkey on sbtest8  (cost=0.43..376.25 rows=95 width=121)
	  Index Cond: ((id >= 5264478) AND (id <= 5264577))

for: sum_ranges
table 1 : explain SELECT SUM(k) FROM sbtest1 WHERE id BETWEEN 4470642 AND 4470741
	Aggregate  (cost=406.20..406.21 rows=1 width=8)
	  ->  Index Scan using sbtest1_pkey on sbtest1  (cost=0.43..405.94 rows=102 width=4)
	        Index Cond: ((id >= 4470642) AND (id <= 4470741))

table 2 : explain SELECT SUM(k) FROM sbtest2 WHERE id BETWEEN 682802 AND 682901
	Aggregate  (cost=432.64..432.65 rows=1 width=8)
	  ->  Index Scan using sbtest2_pkey on sbtest2  (cost=0.43..432.37 rows=109 width=4)
	        Index Cond: ((id >= 682802) AND (id <= 682901))

table 3 : explain SELECT SUM(k) FROM sbtest3 WHERE id BETWEEN 1983470 AND 1983569
	Aggregate  (cost=425.84..425.85 rows=1 width=8)
	  ->  Index Scan using sbtest3_pkey on sbtest3  (cost=0.43..425.57 rows=107 width=4)
	        Index Cond: ((id >= 1983470) AND (id <= 1983569))

table 4 : explain SELECT SUM(k) FROM sbtest4 WHERE id BETWEEN 8305270 AND 8305369
	Aggregate  (cost=400.97..400.98 rows=1 width=8)
	  ->  Index Scan using sbtest4_pkey on sbtest4  (cost=0.43..400.72 rows=101 width=4)
	        Index Cond: ((id >= 8305270) AND (id <= 8305369))

table 5 : explain SELECT SUM(k) FROM sbtest5 WHERE id BETWEEN 939977 AND 940076
	Aggregate  (cost=405.30..405.31 rows=1 width=8)
	  ->  Index Scan using sbtest5_pkey on sbtest5  (cost=0.43..405.05 rows=102 width=4)
	        Index Cond: ((id >= 939977) AND (id <= 940076))

table 6 : explain SELECT SUM(k) FROM sbtest6 WHERE id BETWEEN 467277 AND 467376
	Aggregate  (cost=383.08..383.09 rows=1 width=8)
	  ->  Index Scan using sbtest6_pkey on sbtest6  (cost=0.43..382.84 rows=96 width=4)
	        Index Cond: ((id >= 467277) AND (id <= 467376))

table 7 : explain SELECT SUM(k) FROM sbtest7 WHERE id BETWEEN 9624319 AND 9624418
	Aggregate  (cost=373.47..373.48 rows=1 width=8)
	  ->  Index Scan using sbtest7_pkey on sbtest7  (cost=0.43..373.24 rows=94 width=4)
	        Index Cond: ((id >= 9624319) AND (id <= 9624418))

table 8 : explain SELECT SUM(k) FROM sbtest8 WHERE id BETWEEN 1015584 AND 1015683
	Aggregate  (cost=376.49..376.50 rows=1 width=8)
	  ->  Index Scan using sbtest8_pkey on sbtest8  (cost=0.43..376.25 rows=95 width=4)
	        Index Cond: ((id >= 1015584) AND (id <= 1015683))

for: distinct_ranges
table 1 : explain SELECT DISTINCT c FROM sbtest1 WHERE id BETWEEN 5290864 AND 5290963 ORDER BY c
	Unique  (cost=413.32..413.84 rows=103 width=121)
	  ->  Sort  (cost=413.32..413.58 rows=103 width=121)
	        Sort Key: c
	        ->  Index Scan using sbtest1_pkey on sbtest1  (cost=0.43..409.88 rows=103 width=121)
	              Index Cond: ((id >= 5290864) AND (id <= 5290963))

table 2 : explain SELECT DISTINCT c FROM sbtest2 WHERE id BETWEEN 852671 AND 852770 ORDER BY c
	Unique  (cost=388.48..388.96 rows=97 width=121)
	  ->  Sort  (cost=388.48..388.72 rows=97 width=121)
	        Sort Key: c
	        ->  Index Scan using sbtest2_pkey on sbtest2  (cost=0.43..385.27 rows=97 width=121)
	              Index Cond: ((id >= 852671) AND (id <= 852770))

table 3 : explain SELECT DISTINCT c FROM sbtest3 WHERE id BETWEEN 4185980 AND 4186079 ORDER BY c
	Unique  (cost=425.20..425.73 rows=106 width=121)
	  ->  Sort  (cost=425.20..425.47 rows=106 width=121)
	        Sort Key: c
	        ->  Index Scan using sbtest3_pkey on sbtest3  (cost=0.43..421.64 rows=106 width=121)
	              Index Cond: ((id >= 4185980) AND (id <= 4186079))

table 4 : explain SELECT DISTINCT c FROM sbtest4 WHERE id BETWEEN 4842349 AND 4842448 ORDER BY c
	Unique  (cost=404.08..404.58 rows=101 width=121)
	  ->  Sort  (cost=404.08..404.33 rows=101 width=121)
	        Sort Key: c
	        ->  Index Scan using sbtest4_pkey on sbtest4  (cost=0.43..400.72 rows=101 width=121)
	              Index Cond: ((id >= 4842349) AND (id <= 4842448))

table 5 : explain SELECT DISTINCT c FROM sbtest5 WHERE id BETWEEN 9559786 AND 9559885 ORDER BY c
	Unique  (cost=368.77..369.23 rows=92 width=121)
	  ->  Sort  (cost=368.77..369.00 rows=92 width=121)
	        Sort Key: c
	        ->  Index Scan using sbtest5_pkey on sbtest5  (cost=0.43..365.77 rows=92 width=121)
	              Index Cond: ((id >= 9559786) AND (id <= 9559885))

table 6 : explain SELECT DISTINCT c FROM sbtest6 WHERE id BETWEEN 8061058 AND 8061157 ORDER BY c
	Unique  (cost=393.96..394.45 rows=98 width=121)
	  ->  Sort  (cost=393.96..394.20 rows=98 width=121)
	        Sort Key: c
	        ->  Index Scan using sbtest6_pkey on sbtest6  (cost=0.43..390.72 rows=98 width=121)
	              Index Cond: ((id >= 8061058) AND (id <= 8061157))

table 7 : explain SELECT DISTINCT c FROM sbtest7 WHERE id BETWEEN 1790227 AND 1790326 ORDER BY c
	Unique  (cost=392.19..392.68 rows=98 width=121)
	  ->  Sort  (cost=392.19..392.44 rows=98 width=121)
	        Sort Key: c
	        ->  Index Scan using sbtest7_pkey on sbtest7  (cost=0.43..388.95 rows=98 width=121)
	              Index Cond: ((id >= 1790227) AND (id <= 1790326))

table 8 : explain SELECT DISTINCT c FROM sbtest8 WHERE id BETWEEN 3030677 AND 3030776 ORDER BY c
	Unique  (cost=407.04..407.55 rows=102 width=121)
	  ->  Sort  (cost=407.04..407.29 rows=102 width=121)
	        Sort Key: c
	        ->  Index Scan using sbtest8_pkey on sbtest8  (cost=0.43..403.64 rows=102 width=121)
	              Index Cond: ((id >= 3030677) AND (id <= 3030776))

for: distinct_ranges
table 1 : explain SELECT DISTINCT c FROM sbtest1 WHERE id BETWEEN 8931625 AND 8931724 ORDER BY c
	Unique  (cost=377.55..378.02 rows=94 width=121)
	  ->  Sort  (cost=377.55..377.78 rows=94 width=121)
	        Sort Key: c
	        ->  Index Scan using sbtest1_pkey on sbtest1  (cost=0.43..374.46 rows=94 width=121)
	              Index Cond: ((id >= 8931625) AND (id <= 8931724))

table 2 : explain SELECT DISTINCT c FROM sbtest2 WHERE id BETWEEN 9532864 AND 9532963 ORDER BY c
	Unique  (cost=396.40..396.90 rows=99 width=121)
	  ->  Sort  (cost=396.40..396.65 rows=99 width=121)
	        Sort Key: c
	        ->  Index Scan using sbtest2_pkey on sbtest2  (cost=0.43..393.12 rows=99 width=121)
	              Index Cond: ((id >= 9532864) AND (id <= 9532963))

table 3 : explain SELECT DISTINCT c FROM sbtest3 WHERE id BETWEEN 3263915 AND 3264014 ORDER BY c
	Unique  (cost=357.61..358.06 rows=89 width=121)
	  ->  Sort  (cost=357.61..357.83 rows=89 width=121)
	        Sort Key: c
	        ->  Index Scan using sbtest3_pkey on sbtest3  (cost=0.43..354.73 rows=89 width=121)
	              Index Cond: ((id >= 3263915) AND (id <= 3264014))

table 4 : explain SELECT DISTINCT c FROM sbtest4 WHERE id BETWEEN 2011460 AND 2011559 ORDER BY c
	Unique  (cost=404.08..404.58 rows=101 width=121)
	  ->  Sort  (cost=404.08..404.33 rows=101 width=121)
	        Sort Key: c
	        ->  Index Scan using sbtest4_pkey on sbtest4  (cost=0.43..400.72 rows=101 width=121)
	              Index Cond: ((id >= 2011460) AND (id <= 2011559))

table 5 : explain SELECT DISTINCT c FROM sbtest5 WHERE id BETWEEN 6900882 AND 6900981 ORDER BY c
	Unique  (cost=384.65..385.13 rows=96 width=121)
	  ->  Sort  (cost=384.65..384.89 rows=96 width=121)
	        Sort Key: c
	        ->  Index Scan using sbtest5_pkey on sbtest5  (cost=0.43..381.49 rows=96 width=121)
	              Index Cond: ((id >= 6900882) AND (id <= 6900981))

table 6 : explain SELECT DISTINCT c FROM sbtest6 WHERE id BETWEEN 3841832 AND 3841931 ORDER BY c
	Unique  (cost=421.82..422.35 rows=105 width=121)
	  ->  Sort  (cost=421.82..422.08 rows=105 width=121)
	        Sort Key: c
	        ->  Index Scan using sbtest6_pkey on sbtest6  (cost=0.43..418.30 rows=105 width=121)
	              Index Cond: ((id >= 3841832) AND (id <= 3841931))

table 7 : explain SELECT DISTINCT c FROM sbtest7 WHERE id BETWEEN 7270208 AND 7270307 ORDER BY c
	Unique  (cost=435.78..436.33 rows=109 width=121)
	  ->  Sort  (cost=435.78..436.05 rows=109 width=121)
	        Sort Key: c
	        ->  Index Scan using sbtest7_pkey on sbtest7  (cost=0.43..432.09 rows=109 width=121)
	              Index Cond: ((id >= 7270208) AND (id <= 7270307))

table 8 : explain SELECT DISTINCT c FROM sbtest8 WHERE id BETWEEN 8758539 AND 8758638 ORDER BY c
	Unique  (cost=426.80..427.34 rows=107 width=121)
	  ->  Sort  (cost=426.80..427.07 rows=107 width=121)
	        Sort Key: c
	        ->  Index Scan using sbtest8_pkey on sbtest8  (cost=0.43..423.20 rows=107 width=121)
	              Index Cond: ((id >= 8758539) AND (id <= 8758638))

for: simple_ranges
table 1 : explain SELECT c FROM sbtest1 WHERE id BETWEEN 8368191 AND 8368290
	Index Scan using sbtest1_pkey on sbtest1  (cost=0.43..382.33 rows=96 width=121)
	  Index Cond: ((id >= 8368191) AND (id <= 8368290))

table 2 : explain SELECT c FROM sbtest2 WHERE id BETWEEN 3713401 AND 3713500
	Index Scan using sbtest2_pkey on sbtest2  (cost=0.43..389.20 rows=98 width=121)
	  Index Cond: ((id >= 3713401) AND (id <= 3713500))

table 3 : explain SELECT c FROM sbtest3 WHERE id BETWEEN 379942 AND 380041
	Index Scan using sbtest3_pkey on sbtest3  (cost=0.43..362.60 rows=91 width=121)
	  Index Cond: ((id >= 379942) AND (id <= 380041))

table 4 : explain SELECT c FROM sbtest4 WHERE id BETWEEN 5377188 AND 5377287
	Index Scan using sbtest4_pkey on sbtest4  (cost=0.43..388.95 rows=98 width=121)
	  Index Cond: ((id >= 5377188) AND (id <= 5377287))

table 5 : explain SELECT c FROM sbtest5 WHERE id BETWEEN 917207 AND 917306
	Index Scan using sbtest5_pkey on sbtest5  (cost=0.43..405.05 rows=102 width=121)
	  Index Cond: ((id >= 917207) AND (id <= 917306))

table 6 : explain SELECT c FROM sbtest6 WHERE id BETWEEN 8327628 AND 8327727
	Index Scan using sbtest6_pkey on sbtest6  (cost=0.43..390.72 rows=98 width=121)
	  Index Cond: ((id >= 8327628) AND (id <= 8327727))

table 7 : explain SELECT c FROM sbtest7 WHERE id BETWEEN 584281 AND 584380
	Index Scan using sbtest7_pkey on sbtest7  (cost=0.43..396.80 rows=100 width=121)
	  Index Cond: ((id >= 584281) AND (id <= 584380))

table 8 : explain SELECT c FROM sbtest8 WHERE id BETWEEN 4732037 AND 4732136
	Index Scan using sbtest8_pkey on sbtest8  (cost=0.43..391.90 rows=99 width=121)
	  Index Cond: ((id >= 4732037) AND (id <= 4732136))

explain: for point_selects :: explain SELECT c FROM sbtest%u WHERE id=%u
for: simple_ranges
table 1 : explain SELECT c FROM sbtest1 WHERE id BETWEEN 851232 AND 851331
	Index Scan using sbtest1_pkey on sbtest1  (cost=0.43..394.14 rows=99 width=121)
	  Index Cond: ((id >= 851232) AND (id <= 851331))

table 2 : explain SELECT c FROM sbtest2 WHERE id BETWEEN 3128991 AND 3129090
	Index Scan using sbtest2_pkey on sbtest2  (cost=0.43..389.20 rows=98 width=121)
	  Index Cond: ((id >= 3128991) AND (id <= 3129090))

table 3 : explain SELECT c FROM sbtest3 WHERE id BETWEEN 6944682 AND 6944781
	Index Scan using sbtest3_pkey on sbtest3  (cost=0.43..374.40 rows=94 width=121)
	  Index Cond: ((id >= 6944682) AND (id <= 6944781))

table 4 : explain SELECT c FROM sbtest4 WHERE id BETWEEN 3550065 AND 3550164
	Index Scan using sbtest4_pkey on sbtest4  (cost=0.43..377.19 rows=95 width=121)
	  Index Cond: ((id >= 3550065) AND (id <= 3550164))

table 5 : explain SELECT c FROM sbtest5 WHERE id BETWEEN 275275 AND 275374
	Index Scan using sbtest5_pkey on sbtest5  (cost=0.43..408.98 rows=103 width=121)
	  Index Cond: ((id >= 275275) AND (id <= 275374))

table 6 : explain SELECT c FROM sbtest6 WHERE id BETWEEN 5429638 AND 5429737
	Index Scan using sbtest6_pkey on sbtest6  (cost=0.43..355.23 rows=89 width=121)
	  Index Cond: ((id >= 5429638) AND (id <= 5429737))

table 7 : explain SELECT c FROM sbtest7 WHERE id BETWEEN 4006188 AND 4006287
	Index Scan using sbtest7_pkey on sbtest7  (cost=0.43..404.64 rows=102 width=121)
	  Index Cond: ((id >= 4006188) AND (id <= 4006287))

table 8 : explain SELECT c FROM sbtest8 WHERE id BETWEEN 2146707 AND 2146806
	Index Scan using sbtest8_pkey on sbtest8  (cost=0.43..391.90 rows=99 width=121)
	  Index Cond: ((id >= 2146707) AND (id <= 2146806))

for: sum_ranges
table 1 : explain SELECT SUM(k) FROM sbtest1 WHERE id BETWEEN 8198481 AND 8198580
	Aggregate  (cost=421.95..421.96 rows=1 width=8)
	  ->  Index Scan using sbtest1_pkey on sbtest1  (cost=0.43..421.68 rows=106 width=4)
	        Index Cond: ((id >= 8198481) AND (id <= 8198580))

table 2 : explain SELECT SUM(k) FROM sbtest2 WHERE id BETWEEN 9238824 AND 9238923
	Aggregate  (cost=397.30..397.31 rows=1 width=8)
	  ->  Index Scan using sbtest2_pkey on sbtest2  (cost=0.43..397.05 rows=100 width=4)
	        Index Cond: ((id >= 9238824) AND (id <= 9238923))

table 3 : explain SELECT SUM(k) FROM sbtest3 WHERE id BETWEEN 9745100 AND 9745199
	Aggregate  (cost=382.53..382.54 rows=1 width=8)
	  ->  Index Scan using sbtest3_pkey on sbtest3  (cost=0.43..382.29 rows=96 width=4)
	        Index Cond: ((id >= 9745100) AND (id <= 9745199))

table 4 : explain SELECT SUM(k) FROM sbtest4 WHERE id BETWEEN 4553890 AND 4553989
	Aggregate  (cost=361.70..361.71 rows=1 width=8)
	  ->  Index Scan using sbtest4_pkey on sbtest4  (cost=0.43..361.47 rows=91 width=4)
	        Index Cond: ((id >= 4553890) AND (id <= 4553989))

table 5 : explain SELECT SUM(k) FROM sbtest5 WHERE id BETWEEN 5326842 AND 5326941
	Aggregate  (cost=409.23..409.24 rows=1 width=8)
	  ->  Index Scan using sbtest5_pkey on sbtest5  (cost=0.43..408.98 rows=103 width=4)
	        Index Cond: ((id >= 5326842) AND (id <= 5326941))

table 6 : explain SELECT SUM(k) FROM sbtest6 WHERE id BETWEEN 9877430 AND 9877529
	Aggregate  (cost=410.67..410.68 rows=1 width=8)
	  ->  Index Scan using sbtest6_pkey on sbtest6  (cost=0.43..410.42 rows=103 width=4)
	        Index Cond: ((id >= 9877430) AND (id <= 9877529))

table 7 : explain SELECT SUM(k) FROM sbtest7 WHERE id BETWEEN 7905808 AND 7905907
	Aggregate  (cost=440.21..440.22 rows=1 width=8)
	  ->  Index Scan using sbtest7_pkey on sbtest7  (cost=0.43..439.94 rows=111 width=4)
	        Index Cond: ((id >= 7905808) AND (id <= 7905907))

table 8 : explain SELECT SUM(k) FROM sbtest8 WHERE id BETWEEN 198797 AND 198896
	Aggregate  (cost=392.15..392.16 rows=1 width=8)
	  ->  Index Scan using sbtest8_pkey on sbtest8  (cost=0.43..391.90 rows=99 width=4)
	        Index Cond: ((id >= 198797) AND (id <= 198896))

for: sum_ranges
table 1 : explain SELECT SUM(k) FROM sbtest1 WHERE id BETWEEN 8272291 AND 8272390
	Aggregate  (cost=406.20..406.21 rows=1 width=8)
	  ->  Index Scan using sbtest1_pkey on sbtest1  (cost=0.43..405.94 rows=102 width=4)
	        Index Cond: ((id >= 8272291) AND (id <= 8272390))

table 2 : explain SELECT SUM(k) FROM sbtest2 WHERE id BETWEEN 5810620 AND 5810719
	Aggregate  (cost=432.64..432.65 rows=1 width=8)
	  ->  Index Scan using sbtest2_pkey on sbtest2  (cost=0.43..432.37 rows=109 width=4)
	        Index Cond: ((id >= 5810620) AND (id <= 5810719))

table 3 : explain SELECT SUM(k) FROM sbtest3 WHERE id BETWEEN 231312 AND 231411
	Aggregate  (cost=417.96..417.97 rows=1 width=8)
	  ->  Index Scan using sbtest3_pkey on sbtest3  (cost=0.43..417.70 rows=105 width=4)
	        Index Cond: ((id >= 231312) AND (id <= 231411))

table 4 : explain SELECT SUM(k) FROM sbtest4 WHERE id BETWEEN 773881 AND 773980
	Aggregate  (cost=412.74..412.75 rows=1 width=8)
	  ->  Index Scan using sbtest4_pkey on sbtest4  (cost=0.43..412.48 rows=104 width=4)
	        Index Cond: ((id >= 773881) AND (id <= 773980))

table 5 : explain SELECT SUM(k) FROM sbtest5 WHERE id BETWEEN 4526865 AND 4526964
	Aggregate  (cost=468.16..468.17 rows=1 width=8)
	  ->  Index Scan using sbtest5_pkey on sbtest5  (cost=0.43..467.87 rows=118 width=4)
	        Index Cond: ((id >= 4526865) AND (id <= 4526964))

table 6 : explain SELECT SUM(k) FROM sbtest6 WHERE id BETWEEN 2673221 AND 2673320
	Aggregate  (cost=363.34..363.35 rows=1 width=8)
	  ->  Index Scan using sbtest6_pkey on sbtest6  (cost=0.43..363.11 rows=91 width=4)
	        Index Cond: ((id >= 2673221) AND (id <= 2673320))

table 7 : explain SELECT SUM(k) FROM sbtest7 WHERE id BETWEEN 6777811 AND 6777910
	Aggregate  (cost=408.82..408.83 rows=1 width=8)
	  ->  Index Scan using sbtest7_pkey on sbtest7  (cost=0.43..408.56 rows=103 width=4)
	        Index Cond: ((id >= 6777811) AND (id <= 6777910))

table 8 : explain SELECT SUM(k) FROM sbtest8 WHERE id BETWEEN 449293 AND 449392
	Aggregate  (cost=419.55..419.56 rows=1 width=8)
	  ->  Index Scan using sbtest8_pkey on sbtest8  (cost=0.43..419.28 rows=106 width=4)
	        Index Cond: ((id >= 449293) AND (id <= 449392))

for: order_ranges
table 1 : explain SELECT c FROM sbtest1 WHERE id BETWEEN 7123594 AND 7123693 ORDER BY c
	Sort  (cost=385.50..385.74 rows=96 width=121)
	  Sort Key: c
	  ->  Index Scan using sbtest1_pkey on sbtest1  (cost=0.43..382.33 rows=96 width=121)
	        Index Cond: ((id >= 7123594) AND (id <= 7123693))

table 2 : explain SELECT c FROM sbtest2 WHERE id BETWEEN 3745993 AND 3746092 ORDER BY c
	Sort  (cost=392.44..392.68 rows=98 width=121)
	  Sort Key: c
	  ->  Index Scan using sbtest2_pkey on sbtest2  (cost=0.43..389.20 rows=98 width=121)
	        Index Cond: ((id >= 3745993) AND (id <= 3746092))

table 3 : explain SELECT c FROM sbtest3 WHERE id BETWEEN 7503112 AND 7503211 ORDER BY c
	Sort  (cost=417.25..417.51 rows=104 width=121)
	  Sort Key: c
	  ->  Index Scan using sbtest3_pkey on sbtest3  (cost=0.43..413.77 rows=104 width=121)
	        Index Cond: ((id >= 7503112) AND (id <= 7503211))

table 4 : explain SELECT c FROM sbtest4 WHERE id BETWEEN 1147833 AND 1147932 ORDER BY c
	Sort  (cost=408.04..408.30 rows=102 width=121)
	  Sort Key: c
	  ->  Index Scan using sbtest4_pkey on sbtest4  (cost=0.43..404.64 rows=102 width=121)
	        Index Cond: ((id >= 1147833) AND (id <= 1147932))

table 5 : explain SELECT c FROM sbtest5 WHERE id BETWEEN 2024120 AND 2024219 ORDER BY c
	Sort  (cost=416.39..416.65 rows=104 width=121)
	  Sort Key: c
	  ->  Index Scan using sbtest5_pkey on sbtest5  (cost=0.43..412.90 rows=104 width=121)
	        Index Cond: ((id >= 2024120) AND (id <= 2024219))

table 6 : explain SELECT c FROM sbtest6 WHERE id BETWEEN 8278532 AND 8278631 ORDER BY c
	Sort  (cost=393.96..394.20 rows=98 width=121)
	  Sort Key: c
	  ->  Index Scan using sbtest6_pkey on sbtest6  (cost=0.43..390.72 rows=98 width=121)
	        Index Cond: ((id >= 8278532) AND (id <= 8278631))

table 7 : explain SELECT c FROM sbtest7 WHERE id BETWEEN 8463288 AND 8463387 ORDER BY c
	Sort  (cost=400.12..400.37 rows=100 width=121)
	  Sort Key: c
	  ->  Index Scan using sbtest7_pkey on sbtest7  (cost=0.43..396.80 rows=100 width=121)
	        Index Cond: ((id >= 8463288) AND (id <= 8463387))

table 8 : explain SELECT c FROM sbtest8 WHERE id BETWEEN 9760296 AND 9760395 ORDER BY c
	Sort  (cost=383.33..383.57 rows=96 width=121)
	  Sort Key: c
	  ->  Index Scan using sbtest8_pkey on sbtest8  (cost=0.43..380.16 rows=96 width=121)
	        Index Cond: ((id >= 9760296) AND (id <= 9760395))

for: order_ranges
table 1 : explain SELECT c FROM sbtest1 WHERE id BETWEEN 4456350 AND 4456449 ORDER BY c
	Sort  (cost=409.35..409.60 rows=102 width=121)
	  Sort Key: c
	  ->  Index Scan using sbtest1_pkey on sbtest1  (cost=0.43..405.94 rows=102 width=121)
	        Index Cond: ((id >= 4456350) AND (id <= 4456449))

table 2 : explain SELECT c FROM sbtest2 WHERE id BETWEEN 4030696 AND 4030795 ORDER BY c
	Sort  (cost=436.06..436.33 rows=109 width=121)
	  Sort Key: c
	  ->  Index Scan using sbtest2_pkey on sbtest2  (cost=0.43..432.37 rows=109 width=121)
	        Index Cond: ((id >= 4030696) AND (id <= 4030795))

table 3 : explain SELECT c FROM sbtest3 WHERE id BETWEEN 4014962 AND 4015061 ORDER BY c
	Sort  (cost=397.38..397.62 rows=99 width=121)
	  Sort Key: c
	  ->  Index Scan using sbtest3_pkey on sbtest3  (cost=0.43..394.09 rows=99 width=121)
	        Index Cond: ((id >= 4014962) AND (id <= 4015061))

table 4 : explain SELECT c FROM sbtest4 WHERE id BETWEEN 2136743 AND 2136842 ORDER BY c
	Sort  (cost=384.27..384.51 rows=96 width=121)
	  Sort Key: c
	  ->  Index Scan using sbtest4_pkey on sbtest4  (cost=0.43..381.11 rows=96 width=121)
	        Index Cond: ((id >= 2136743) AND (id <= 2136842))

table 5 : explain SELECT c FROM sbtest5 WHERE id BETWEEN 5854677 AND 5854776 ORDER BY c
	Sort  (cost=420.35..420.62 rows=105 width=121)
	  Sort Key: c
	  ->  Index Scan using sbtest5_pkey on sbtest5  (cost=0.43..416.83 rows=105 width=121)
	        Index Cond: ((id >= 5854677) AND (id <= 5854776))

table 6 : explain SELECT c FROM sbtest6 WHERE id BETWEEN 6167233 AND 6167332 ORDER BY c
	Sort  (cost=389.98..390.22 rows=97 width=121)
	  Sort Key: c
	  ->  Index Scan using sbtest6_pkey on sbtest6  (cost=0.43..386.78 rows=97 width=121)
	        Index Cond: ((id >= 6167233) AND (id <= 6167332))

table 7 : explain SELECT c FROM sbtest7 WHERE id BETWEEN 5929464 AND 5929563 ORDER BY c
	Sort  (cost=392.19..392.44 rows=98 width=121)
	  Sort Key: c
	  ->  Index Scan using sbtest7_pkey on sbtest7  (cost=0.43..388.95 rows=98 width=121)
	        Index Cond: ((id >= 5929464) AND (id <= 5929563))

table 8 : explain SELECT c FROM sbtest8 WHERE id BETWEEN 9419811 AND 9419910 ORDER BY c
	Sort  (cost=363.54..363.77 rows=91 width=121)
	  Sort Key: c
	  ->  Index Scan using sbtest8_pkey on sbtest8  (cost=0.43..360.58 rows=91 width=121)
	        Index Cond: ((id >= 9419811) AND (id <= 9419910))

for: sum_ranges
table 1 : explain SELECT SUM(k) FROM sbtest1 WHERE id BETWEEN 7050246 AND 7050345
	Aggregate  (cost=398.32..398.33 rows=1 width=8)
	  ->  Index Scan using sbtest1_pkey on sbtest1  (cost=0.43..398.07 rows=100 width=4)
	        Index Cond: ((id >= 7050246) AND (id <= 7050345))

table 2 : explain SELECT SUM(k) FROM sbtest2 WHERE id BETWEEN 1234460 AND 1234559
	Aggregate  (cost=413.01..413.02 rows=1 width=8)
	  ->  Index Scan using sbtest2_pkey on sbtest2  (cost=0.43..412.75 rows=104 width=4)
	        Index Cond: ((id >= 1234460) AND (id <= 1234559))

table 3 : explain SELECT SUM(k) FROM sbtest3 WHERE id BETWEEN 8532601 AND 8532700
	Aggregate  (cost=429.77..429.78 rows=1 width=8)
	  ->  Index Scan using sbtest3_pkey on sbtest3  (cost=0.43..429.50 rows=108 width=4)
	        Index Cond: ((id >= 8532601) AND (id <= 8532700))

table 4 : explain SELECT SUM(k) FROM sbtest4 WHERE id BETWEEN 8300448 AND 8300547
	Aggregate  (cost=400.97..400.98 rows=1 width=8)
	  ->  Index Scan using sbtest4_pkey on sbtest4  (cost=0.43..400.72 rows=101 width=4)
	        Index Cond: ((id >= 8300448) AND (id <= 8300547))

table 5 : explain SELECT SUM(k) FROM sbtest5 WHERE id BETWEEN 4068866 AND 4068965
	Aggregate  (cost=397.45..397.46 rows=1 width=8)
	  ->  Index Scan using sbtest5_pkey on sbtest5  (cost=0.43..397.20 rows=100 width=4)
	        Index Cond: ((id >= 4068866) AND (id <= 4068965))

table 6 : explain SELECT SUM(k) FROM sbtest6 WHERE id BETWEEN 5236369 AND 5236468
	Aggregate  (cost=383.08..383.09 rows=1 width=8)
	  ->  Index Scan using sbtest6_pkey on sbtest6  (cost=0.43..382.84 rows=96 width=4)
	        Index Cond: ((id >= 5236369) AND (id <= 5236468))

table 7 : explain SELECT SUM(k) FROM sbtest7 WHERE id BETWEEN 5556821 AND 5556920
	Aggregate  (cost=404.89..404.90 rows=1 width=8)
	  ->  Index Scan using sbtest7_pkey on sbtest7  (cost=0.43..404.64 rows=102 width=4)
	        Index Cond: ((id >= 5556821) AND (id <= 5556920))

table 8 : explain SELECT SUM(k) FROM sbtest8 WHERE id BETWEEN 4334926 AND 4335025
	Aggregate  (cost=396.06..396.07 rows=1 width=8)
	  ->  Index Scan using sbtest8_pkey on sbtest8  (cost=0.43..395.81 rows=100 width=4)
	        Index Cond: ((id >= 4334926) AND (id <= 4335025))

for: sum_ranges
table 1 : explain SELECT SUM(k) FROM sbtest1 WHERE id BETWEEN 2667370 AND 2667469
	Aggregate  (cost=406.20..406.21 rows=1 width=8)
	  ->  Index Scan using sbtest1_pkey on sbtest1  (cost=0.43..405.94 rows=102 width=4)
	        Index Cond: ((id >= 2667370) AND (id <= 2667469))

table 2 : explain SELECT SUM(k) FROM sbtest2 WHERE id BETWEEN 935535 AND 935634
	Aggregate  (cost=377.66..377.67 rows=1 width=8)
	  ->  Index Scan using sbtest2_pkey on sbtest2  (cost=0.43..377.43 rows=95 width=4)
	        Index Cond: ((id >= 935535) AND (id <= 935634))

table 3 : explain SELECT SUM(k) FROM sbtest3 WHERE id BETWEEN 7817343 AND 7817442
	Aggregate  (cost=406.15..406.16 rows=1 width=8)
	  ->  Index Scan using sbtest3_pkey on sbtest3  (cost=0.43..405.90 rows=102 width=4)
	        Index Cond: ((id >= 7817343) AND (id <= 7817442))

table 4 : explain SELECT SUM(k) FROM sbtest4 WHERE id BETWEEN 347040 AND 347139
	Aggregate  (cost=381.35..381.36 rows=1 width=8)
	  ->  Index Scan using sbtest4_pkey on sbtest4  (cost=0.43..381.11 rows=96 width=4)
	        Index Cond: ((id >= 347040) AND (id <= 347139))

table 5 : explain SELECT SUM(k) FROM sbtest5 WHERE id BETWEEN 1622491 AND 1622590
	Aggregate  (cost=377.81..377.82 rows=1 width=8)
	  ->  Index Scan using sbtest5_pkey on sbtest5  (cost=0.43..377.57 rows=95 width=4)
	        Index Cond: ((id >= 1622491) AND (id <= 1622590))

table 6 : explain SELECT SUM(k) FROM sbtest6 WHERE id BETWEEN 4151454 AND 4151553
	Aggregate  (cost=371.23..371.24 rows=1 width=8)
	  ->  Index Scan using sbtest6_pkey on sbtest6  (cost=0.43..370.99 rows=93 width=4)
	        Index Cond: ((id >= 4151454) AND (id <= 4151553))

table 7 : explain SELECT SUM(k) FROM sbtest7 WHERE id BETWEEN 7589410 AND 7589509
	Aggregate  (cost=420.59..420.60 rows=1 width=8)
	  ->  Index Scan using sbtest7_pkey on sbtest7  (cost=0.43..420.33 rows=106 width=4)
	        Index Cond: ((id >= 7589410) AND (id <= 7589509))

table 8 : explain SELECT SUM(k) FROM sbtest8 WHERE id BETWEEN 1345109 AND 1345208
	Aggregate  (cost=431.29..431.30 rows=1 width=8)
	  ->  Index Scan using sbtest8_pkey on sbtest8  (cost=0.43..431.02 rows=109 width=4)
	        Index Cond: ((id >= 1345109) AND (id <= 1345208))

for: sum_ranges
table 1 : explain SELECT SUM(k) FROM sbtest1 WHERE id BETWEEN 2371998 AND 2372097
	Aggregate  (cost=445.57..445.58 rows=1 width=8)
	  ->  Index Scan using sbtest1_pkey on sbtest1  (cost=0.43..445.29 rows=112 width=4)
	        Index Cond: ((id >= 2371998) AND (id <= 2372097))

table 2 : explain SELECT SUM(k) FROM sbtest2 WHERE id BETWEEN 1751546 AND 1751645
	Aggregate  (cost=436.57..436.58 rows=1 width=8)
	  ->  Index Scan using sbtest2_pkey on sbtest2  (cost=0.43..436.29 rows=110 width=4)
	        Index Cond: ((id >= 1751546) AND (id <= 1751645))

table 3 : explain SELECT SUM(k) FROM sbtest3 WHERE id BETWEEN 6635086 AND 6635185
	Aggregate  (cost=406.15..406.16 rows=1 width=8)
	  ->  Index Scan using sbtest3_pkey on sbtest3  (cost=0.43..405.90 rows=102 width=4)
	        Index Cond: ((id >= 6635086) AND (id <= 6635185))

table 4 : explain SELECT SUM(k) FROM sbtest4 WHERE id BETWEEN 1012849 AND 1012948
	Aggregate  (cost=381.35..381.36 rows=1 width=8)
	  ->  Index Scan using sbtest4_pkey on sbtest4  (cost=0.43..381.11 rows=96 width=4)
	        Index Cond: ((id >= 1012849) AND (id <= 1012948))

table 5 : explain SELECT SUM(k) FROM sbtest5 WHERE id BETWEEN 7404357 AND 7404456
	Aggregate  (cost=424.95..424.96 rows=1 width=8)
	  ->  Index Scan using sbtest5_pkey on sbtest5  (cost=0.43..424.68 rows=107 width=4)
	        Index Cond: ((id >= 7404357) AND (id <= 7404456))

table 6 : explain SELECT SUM(k) FROM sbtest6 WHERE id BETWEEN 6201200 AND 6201299
	Aggregate  (cost=387.02..387.03 rows=1 width=8)
	  ->  Index Scan using sbtest6_pkey on sbtest6  (cost=0.43..386.78 rows=97 width=4)
	        Index Cond: ((id >= 6201200) AND (id <= 6201299))

table 7 : explain SELECT SUM(k) FROM sbtest7 WHERE id BETWEEN 1545090 AND 1545189
	Aggregate  (cost=428.44..428.45 rows=1 width=8)
	  ->  Index Scan using sbtest7_pkey on sbtest7  (cost=0.43..428.17 rows=108 width=4)
	        Index Cond: ((id >= 1545090) AND (id <= 1545189))

table 8 : explain SELECT SUM(k) FROM sbtest8 WHERE id BETWEEN 9359204 AND 9359303
	Aggregate  (cost=396.06..396.07 rows=1 width=8)
	  ->  Index Scan using sbtest8_pkey on sbtest8  (cost=0.43..395.81 rows=100 width=4)
	        Index Cond: ((id >= 9359204) AND (id <= 9359303))

for: order_ranges
table 1 : explain SELECT c FROM sbtest1 WHERE id BETWEEN 4683188 AND 4683287 ORDER BY c
	Sort  (cost=413.32..413.58 rows=103 width=121)
	  Sort Key: c
	  ->  Index Scan using sbtest1_pkey on sbtest1  (cost=0.43..409.88 rows=103 width=121)
	        Index Cond: ((id >= 4683188) AND (id <= 4683287))

table 2 : explain SELECT c FROM sbtest2 WHERE id BETWEEN 5008878 AND 5008977 ORDER BY c
	Sort  (cost=408.30..408.55 rows=102 width=121)
	  Sort Key: c
	  ->  Index Scan using sbtest2_pkey on sbtest2  (cost=0.43..404.90 rows=102 width=121)
	        Index Cond: ((id >= 5008878) AND (id <= 5008977))

table 3 : explain SELECT c FROM sbtest3 WHERE id BETWEEN 3537315 AND 3537414 ORDER BY c
	Sort  (cost=381.46..381.69 rows=95 width=121)
	  Sort Key: c
	  ->  Index Scan using sbtest3_pkey on sbtest3  (cost=0.43..378.34 rows=95 width=121)
	        Index Cond: ((id >= 3537315) AND (id <= 3537414))

table 4 : explain SELECT c FROM sbtest4 WHERE id BETWEEN 6376864 AND 6376963 ORDER BY c
	Sort  (cost=419.93..420.19 rows=105 width=121)
	  Sort Key: c
	  ->  Index Scan using sbtest4_pkey on sbtest4  (cost=0.43..416.40 rows=105 width=121)
	        Index Cond: ((id >= 6376864) AND (id <= 6376963))

table 5 : explain SELECT c FROM sbtest5 WHERE id BETWEEN 9427092 AND 9427191 ORDER BY c
	Sort  (cost=404.49..404.74 rows=101 width=121)
	  Sort Key: c
	  ->  Index Scan using sbtest5_pkey on sbtest5  (cost=0.43..401.12 rows=101 width=121)
	        Index Cond: ((id >= 9427092) AND (id <= 9427191))

table 6 : explain SELECT c FROM sbtest6 WHERE id BETWEEN 4179241 AND 4179340 ORDER BY c
	Sort  (cost=374.04..374.27 rows=93 width=121)
	  Sort Key: c
	  ->  Index Scan using sbtest6_pkey on sbtest6  (cost=0.43..370.99 rows=93 width=121)
	        Index Cond: ((id >= 4179241) AND (id <= 4179340))

table 7 : explain SELECT c FROM sbtest7 WHERE id BETWEEN 2102265 AND 2102364 ORDER BY c
	Sort  (cost=404.08..404.33 rows=101 width=121)
	  Sort Key: c
	  ->  Index Scan using sbtest7_pkey on sbtest7  (cost=0.43..400.72 rows=101 width=121)
	        Index Cond: ((id >= 2102265) AND (id <= 2102364))

table 8 : explain SELECT c FROM sbtest8 WHERE id BETWEEN 408828 AND 408927 ORDER BY c
	Sort  (cost=422.85..423.11 rows=106 width=121)
	  Sort Key: c
	  ->  Index Scan using sbtest8_pkey on sbtest8  (cost=0.43..419.28 rows=106 width=121)
	        Index Cond: ((id >= 408828) AND (id <= 408927))

for: order_ranges
table 1 : explain SELECT c FROM sbtest1 WHERE id BETWEEN 2615460 AND 2615559 ORDER BY c
	Sort  (cost=409.35..409.60 rows=102 width=121)
	  Sort Key: c
	  ->  Index Scan using sbtest1_pkey on sbtest1  (cost=0.43..405.94 rows=102 width=121)
	        Index Cond: ((id >= 2615460) AND (id <= 2615559))

table 2 : explain SELECT c FROM sbtest2 WHERE id BETWEEN 1686037 AND 1686136 ORDER BY c
	Sort  (cost=447.95..448.23 rows=112 width=121)
	  Sort Key: c
	  ->  Index Scan using sbtest2_pkey on sbtest2  (cost=0.43..444.14 rows=112 width=121)
	        Index Cond: ((id >= 1686037) AND (id <= 1686136))

table 3 : explain SELECT c FROM sbtest3 WHERE id BETWEEN 4285494 AND 4285593 ORDER BY c
	Sort  (cost=397.38..397.62 rows=99 width=121)
	  Sort Key: c
	  ->  Index Scan using sbtest3_pkey on sbtest3  (cost=0.43..394.09 rows=99 width=121)
	        Index Cond: ((id >= 4285494) AND (id <= 4285593))

table 4 : explain SELECT c FROM sbtest4 WHERE id BETWEEN 7089778 AND 7089877 ORDER BY c
	Sort  (cost=376.32..376.55 rows=94 width=121)
	  Sort Key: c
	  ->  Index Scan using sbtest4_pkey on sbtest4  (cost=0.43..373.24 rows=94 width=121)
	        Index Cond: ((id >= 7089778) AND (id <= 7089877))

table 5 : explain SELECT c FROM sbtest5 WHERE id BETWEEN 6061125 AND 6061224 ORDER BY c
	Sort  (cost=400.52..400.77 rows=100 width=121)
	  Sort Key: c
	  ->  Index Scan using sbtest5_pkey on sbtest5  (cost=0.43..397.20 rows=100 width=121)
	        Index Cond: ((id >= 6061125) AND (id <= 6061224))

table 6 : explain SELECT c FROM sbtest6 WHERE id BETWEEN 7889337 AND 7889436 ORDER BY c
	Sort  (cost=409.88..410.13 rows=102 width=121)
	  Sort Key: c
	  ->  Index Scan using sbtest6_pkey on sbtest6  (cost=0.43..406.48 rows=102 width=121)
	        Index Cond: ((id >= 7889337) AND (id <= 7889436))

table 7 : explain SELECT c FROM sbtest7 WHERE id BETWEEN 2983130 AND 2983229 ORDER BY c
	Sort  (cost=408.04..408.30 rows=102 width=121)
	  Sort Key: c
	  ->  Index Scan using sbtest7_pkey on sbtest7  (cost=0.43..404.64 rows=102 width=121)
	        Index Cond: ((id >= 2983130) AND (id <= 2983229))

table 8 : explain SELECT c FROM sbtest8 WHERE id BETWEEN 7341391 AND 7341490 ORDER BY c
	Sort  (cost=434.71..434.98 rows=109 width=121)
	  Sort Key: c
	  ->  Index Scan using sbtest8_pkey on sbtest8  (cost=0.43..431.02 rows=109 width=121)
	        Index Cond: ((id >= 7341391) AND (id <= 7341490))

for: distinct_ranges
table 1 : explain SELECT DISTINCT c FROM sbtest1 WHERE id BETWEEN 5308674 AND 5308773 ORDER BY c
	Unique  (cost=413.32..413.84 rows=103 width=121)
	  ->  Sort  (cost=413.32..413.58 rows=103 width=121)
	        Sort Key: c
	        ->  Index Scan using sbtest1_pkey on sbtest1  (cost=0.43..409.88 rows=103 width=121)
	              Index Cond: ((id >= 5308674) AND (id <= 5308773))

table 2 : explain SELECT DISTINCT c FROM sbtest2 WHERE id BETWEEN 739779 AND 739878 ORDER BY c
	Unique  (cost=380.55..381.02 rows=95 width=121)
	  ->  Sort  (cost=380.55..380.78 rows=95 width=121)
	        Sort Key: c
	        ->  Index Scan using sbtest2_pkey on sbtest2  (cost=0.43..377.43 rows=95 width=121)
	              Index Cond: ((id >= 739779) AND (id <= 739878))

table 3 : explain SELECT DISTINCT c FROM sbtest3 WHERE id BETWEEN 9716620 AND 9716719 ORDER BY c
	Unique  (cost=385.45..385.93 rows=96 width=121)
	  ->  Sort  (cost=385.45..385.69 rows=96 width=121)
	        Sort Key: c
	        ->  Index Scan using sbtest3_pkey on sbtest3  (cost=0.43..382.29 rows=96 width=121)
	              Index Cond: ((id >= 9716620) AND (id <= 9716719))

table 4 : explain SELECT DISTINCT c FROM sbtest4 WHERE id BETWEEN 2107663 AND 2107762 ORDER BY c
	Unique  (cost=384.27..384.75 rows=96 width=121)
	  ->  Sort  (cost=384.27..384.51 rows=96 width=121)
	        Sort Key: c
	        ->  Index Scan using sbtest4_pkey on sbtest4  (cost=0.43..381.11 rows=96 width=121)
	              Index Cond: ((id >= 2107663) AND (id <= 2107762))

table 5 : explain SELECT DISTINCT c FROM sbtest5 WHERE id BETWEEN 1980711 AND 1980810 ORDER BY c
	Unique  (cost=384.65..385.13 rows=96 width=121)
	  ->  Sort  (cost=384.65..384.89 rows=96 width=121)
	        Sort Key: c
	        ->  Index Scan using sbtest5_pkey on sbtest5  (cost=0.43..381.49 rows=96 width=121)
	              Index Cond: ((id >= 1980711) AND (id <= 1980810))

table 6 : explain SELECT DISTINCT c FROM sbtest6 WHERE id BETWEEN 9480081 AND 9480180 ORDER BY c
	Unique  (cost=425.80..426.33 rows=106 width=121)
	  ->  Sort  (cost=425.80..426.07 rows=106 width=121)
	        Sort Key: c
	        ->  Index Scan using sbtest6_pkey on sbtest6  (cost=0.43..422.24 rows=106 width=121)
	              Index Cond: ((id >= 9480081) AND (id <= 9480180))

table 7 : explain SELECT DISTINCT c FROM sbtest7 WHERE id BETWEEN 7706777 AND 7706876 ORDER BY c
	Unique  (cost=451.63..452.20 rows=113 width=121)
	  ->  Sort  (cost=451.63..451.92 rows=113 width=121)
	        Sort Key: c
	        ->  Index Scan using sbtest7_pkey on sbtest7  (cost=0.43..447.78 rows=113 width=121)
	              Index Cond: ((id >= 7706777) AND (id <= 7706876))

table 8 : explain SELECT DISTINCT c FROM sbtest8 WHERE id BETWEEN 2775933 AND 2776032 ORDER BY c
	Unique  (cost=367.49..367.95 rows=92 width=121)
	  ->  Sort  (cost=367.49..367.72 rows=92 width=121)
	        Sort Key: c
	        ->  Index Scan using sbtest8_pkey on sbtest8  (cost=0.43..364.49 rows=92 width=121)
	              Index Cond: ((id >= 2775933) AND (id <= 2776032))

for: distinct_ranges
table 1 : explain SELECT DISTINCT c FROM sbtest1 WHERE id BETWEEN 5991625 AND 5991724 ORDER BY c
	Unique  (cost=393.45..393.94 rows=98 width=121)
	  ->  Sort  (cost=393.45..393.69 rows=98 width=121)
	        Sort Key: c
	        ->  Index Scan using sbtest1_pkey on sbtest1  (cost=0.43..390.20 rows=98 width=121)
	              Index Cond: ((id >= 5991625) AND (id <= 5991724))

table 2 : explain SELECT DISTINCT c FROM sbtest2 WHERE id BETWEEN 7425368 AND 7425467 ORDER BY c
	Unique  (cost=400.37..400.87 rows=100 width=121)
	  ->  Sort  (cost=400.37..400.62 rows=100 width=121)
	        Sort Key: c
	        ->  Index Scan using sbtest2_pkey on sbtest2  (cost=0.43..397.05 rows=100 width=121)
	              Index Cond: ((id >= 7425368) AND (id <= 7425467))

table 3 : explain SELECT DISTINCT c FROM sbtest3 WHERE id BETWEEN 4385100 AND 4385199 ORDER BY c
	Unique  (cost=405.33..405.83 rows=101 width=121)
	  ->  Sort  (cost=405.33..405.58 rows=101 width=121)
	        Sort Key: c
	        ->  Index Scan using sbtest3_pkey on sbtest3  (cost=0.43..401.96 rows=101 width=121)
	              Index Cond: ((id >= 4385100) AND (id <= 4385199))

table 4 : explain SELECT DISTINCT c FROM sbtest4 WHERE id BETWEEN 8635566 AND 8635665 ORDER BY c
	Unique  (cost=419.93..420.45 rows=105 width=121)
	  ->  Sort  (cost=419.93..420.19 rows=105 width=121)
	        Sort Key: c
	        ->  Index Scan using sbtest4_pkey on sbtest4  (cost=0.43..416.40 rows=105 width=121)
	              Index Cond: ((id >= 8635566) AND (id <= 8635665))

table 5 : explain SELECT DISTINCT c FROM sbtest5 WHERE id BETWEEN 2747337 AND 2747436 ORDER BY c
	Unique  (cost=392.59..393.08 rows=98 width=121)
	  ->  Sort  (cost=392.59..392.83 rows=98 width=121)
	        Sort Key: c
	        ->  Index Scan using sbtest5_pkey on sbtest5  (cost=0.43..389.35 rows=98 width=121)
	              Index Cond: ((id >= 2747337) AND (id <= 2747436))

table 6 : explain SELECT DISTINCT c FROM sbtest6 WHERE id BETWEEN 1851802 AND 1851901 ORDER BY c
	Unique  (cost=425.80..426.33 rows=106 width=121)
	  ->  Sort  (cost=425.80..426.07 rows=106 width=121)
	        Sort Key: c
	        ->  Index Scan using sbtest6_pkey on sbtest6  (cost=0.43..422.24 rows=106 width=121)
	              Index Cond: ((id >= 1851802) AND (id <= 1851901))

table 7 : explain SELECT DISTINCT c FROM sbtest7 WHERE id BETWEEN 6122164 AND 6122263 ORDER BY c
	Unique  (cost=388.23..388.72 rows=97 width=121)
	  ->  Sort  (cost=388.23..388.47 rows=97 width=121)
	        Sort Key: c
	        ->  Index Scan using sbtest7_pkey on sbtest7  (cost=0.43..385.03 rows=97 width=121)
	              Index Cond: ((id >= 6122164) AND (id <= 6122263))

table 8 : explain SELECT DISTINCT c FROM sbtest8 WHERE id BETWEEN 9656781 AND 9656880 ORDER BY c
	Unique  (cost=414.94..415.46 rows=104 width=121)
	  ->  Sort  (cost=414.94..415.20 rows=104 width=121)
	        Sort Key: c
	        ->  Index Scan using sbtest8_pkey on sbtest8  (cost=0.43..411.46 rows=104 width=121)
	              Index Cond: ((id >= 9656781) AND (id <= 9656880))

for: order_ranges
table 1 : explain SELECT c FROM sbtest1 WHERE id BETWEEN 9588630 AND 9588729 ORDER BY c
	Sort  (cost=429.23..429.49 rows=107 width=121)
	  Sort Key: c
	  ->  Index Scan using sbtest1_pkey on sbtest1  (cost=0.43..425.62 rows=107 width=121)
	        Index Cond: ((id >= 9588630) AND (id <= 9588729))

table 2 : explain SELECT c FROM sbtest2 WHERE id BETWEEN 9461255 AND 9461354 ORDER BY c
	Sort  (cost=400.37..400.62 rows=100 width=121)
	  Sort Key: c
	  ->  Index Scan using sbtest2_pkey on sbtest2  (cost=0.43..397.05 rows=100 width=121)
	        Index Cond: ((id >= 9461255) AND (id <= 9461354))

table 3 : explain SELECT c FROM sbtest3 WHERE id BETWEEN 4241191 AND 4241290 ORDER BY c
	Sort  (cost=397.38..397.62 rows=99 width=121)
	  Sort Key: c
	  ->  Index Scan using sbtest3_pkey on sbtest3  (cost=0.43..394.09 rows=99 width=121)
	        Index Cond: ((id >= 4241191) AND (id <= 4241290))

table 4 : explain SELECT c FROM sbtest4 WHERE id BETWEEN 9264948 AND 9265047 ORDER BY c
	Sort  (cost=419.93..420.19 rows=105 width=121)
	  Sort Key: c
	  ->  Index Scan using sbtest4_pkey on sbtest4  (cost=0.43..416.40 rows=105 width=121)
	        Index Cond: ((id >= 9264948) AND (id <= 9265047))

table 5 : explain SELECT c FROM sbtest5 WHERE id BETWEEN 3362051 AND 3362150 ORDER BY c
	Sort  (cost=388.62..388.86 rows=97 width=121)
	  Sort Key: c
	  ->  Index Scan using sbtest5_pkey on sbtest5  (cost=0.43..385.42 rows=97 width=121)
	        Index Cond: ((id >= 3362051) AND (id <= 3362150))

table 6 : explain SELECT c FROM sbtest6 WHERE id BETWEEN 86513 AND 86612 ORDER BY c
	Sort  (cost=397.94..398.19 rows=99 width=121)
	  Sort Key: c
	  ->  Index Scan using sbtest6_pkey on sbtest6  (cost=0.43..394.66 rows=99 width=121)
	        Index Cond: ((id >= 86513) AND (id <= 86612))

table 7 : explain SELECT c FROM sbtest7 WHERE id BETWEEN 4299451 AND 4299550 ORDER BY c
	Sort  (cost=380.28..380.52 rows=95 width=121)
	  Sort Key: c
	  ->  Index Scan using sbtest7_pkey on sbtest7  (cost=0.43..377.16 rows=95 width=121)
	        Index Cond: ((id >= 4299451) AND (id <= 4299550))

table 8 : explain SELECT c FROM sbtest8 WHERE id BETWEEN 9438550 AND 9438649 ORDER BY c
	Sort  (cost=363.54..363.77 rows=91 width=121)
	  Sort Key: c
	  ->  Index Scan using sbtest8_pkey on sbtest8  (cost=0.43..360.58 rows=91 width=121)
	        Index Cond: ((id >= 9438550) AND (id <= 9438649))

for: order_ranges
table 1 : explain SELECT c FROM sbtest1 WHERE id BETWEEN 3200193 AND 3200292 ORDER BY c
	Sort  (cost=409.35..409.60 rows=102 width=121)
	  Sort Key: c
	  ->  Index Scan using sbtest1_pkey on sbtest1  (cost=0.43..405.94 rows=102 width=121)
	        Index Cond: ((id >= 3200193) AND (id <= 3200292))

table 2 : explain SELECT c FROM sbtest2 WHERE id BETWEEN 7459755 AND 7459854 ORDER BY c
	Sort  (cost=400.37..400.62 rows=100 width=121)
	  Sort Key: c
	  ->  Index Scan using sbtest2_pkey on sbtest2  (cost=0.43..397.05 rows=100 width=121)
	        Index Cond: ((id >= 7459755) AND (id <= 7459854))

table 3 : explain SELECT c FROM sbtest3 WHERE id BETWEEN 9429225 AND 9429324 ORDER BY c
	Sort  (cost=365.56..365.79 rows=91 width=121)
	  Sort Key: c
	  ->  Index Scan using sbtest3_pkey on sbtest3  (cost=0.43..362.60 rows=91 width=121)
	        Index Cond: ((id >= 9429225) AND (id <= 9429324))

table 4 : explain SELECT c FROM sbtest4 WHERE id BETWEEN 9560249 AND 9560348 ORDER BY c
	Sort  (cost=404.08..404.33 rows=101 width=121)
	  Sort Key: c
	  ->  Index Scan using sbtest4_pkey on sbtest4  (cost=0.43..400.72 rows=101 width=121)
	        Index Cond: ((id >= 9560249) AND (id <= 9560348))

table 5 : explain SELECT c FROM sbtest5 WHERE id BETWEEN 5845003 AND 5845102 ORDER BY c
	Sort  (cost=420.35..420.62 rows=105 width=121)
	  Sort Key: c
	  ->  Index Scan using sbtest5_pkey on sbtest5  (cost=0.43..416.83 rows=105 width=121)
	        Index Cond: ((id >= 5845003) AND (id <= 5845102))

table 6 : explain SELECT c FROM sbtest6 WHERE id BETWEEN 8525001 AND 8525100 ORDER BY c
	Sort  (cost=366.08..366.30 rows=91 width=121)
	  Sort Key: c
	  ->  Index Scan using sbtest6_pkey on sbtest6  (cost=0.43..363.11 rows=91 width=121)
	        Index Cond: ((id >= 8525001) AND (id <= 8525100))

table 7 : explain SELECT c FROM sbtest7 WHERE id BETWEEN 4191275 AND 4191374 ORDER BY c
	Sort  (cost=396.16..396.40 rows=99 width=121)
	  Sort Key: c
	  ->  Index Scan using sbtest7_pkey on sbtest7  (cost=0.43..392.87 rows=99 width=121)
	        Index Cond: ((id >= 4191275) AND (id <= 4191374))

table 8 : explain SELECT c FROM sbtest8 WHERE id BETWEEN 4951463 AND 4951562 ORDER BY c
	Sort  (cost=438.66..438.94 rows=110 width=121)
	  Sort Key: c
	  ->  Index Scan using sbtest8_pkey on sbtest8  (cost=0.43..434.93 rows=110 width=121)
	        Index Cond: ((id >= 4951463) AND (id <= 4951562))

explain: for point_selects :: explain SELECT c FROM sbtest%u WHERE id=%u
explain: for point_selects :: explain SELECT c FROM sbtest%u WHERE id=%u
explain: for point_selects :: explain SELECT c FROM sbtest%u WHERE id=%u
for: distinct_ranges
table 1 : explain SELECT DISTINCT c FROM sbtest1 WHERE id BETWEEN 1129185 AND 1129284 ORDER BY c
	Unique  (cost=417.30..417.82 rows=104 width=121)
	  ->  Sort  (cost=417.30..417.56 rows=104 width=121)
	        Sort Key: c
	        ->  Index Scan using sbtest1_pkey on sbtest1  (cost=0.43..413.81 rows=104 width=121)
	              Index Cond: ((id >= 1129185) AND (id <= 1129284))

table 2 : explain SELECT DISTINCT c FROM sbtest2 WHERE id BETWEEN 3794648 AND 3794747 ORDER BY c
	Unique  (cost=392.44..392.93 rows=98 width=121)
	  ->  Sort  (cost=392.44..392.68 rows=98 width=121)
	        Sort Key: c
	        ->  Index Scan using sbtest2_pkey on sbtest2  (cost=0.43..389.20 rows=98 width=121)
	              Index Cond: ((id >= 3794648) AND (id <= 3794747))

table 3 : explain SELECT DISTINCT c FROM sbtest3 WHERE id BETWEEN 4029097 AND 4029196 ORDER BY c
	Unique  (cost=397.38..397.87 rows=99 width=121)
	  ->  Sort  (cost=397.38..397.62 rows=99 width=121)
	        Sort Key: c
	        ->  Index Scan using sbtest3_pkey on sbtest3  (cost=0.43..394.09 rows=99 width=121)
	              Index Cond: ((id >= 4029097) AND (id <= 4029196))

table 4 : explain SELECT DISTINCT c FROM sbtest4 WHERE id BETWEEN 8294327 AND 8294426 ORDER BY c
	Unique  (cost=404.08..404.58 rows=101 width=121)
	  ->  Sort  (cost=404.08..404.33 rows=101 width=121)
	        Sort Key: c
	        ->  Index Scan using sbtest4_pkey on sbtest4  (cost=0.43..400.72 rows=101 width=121)
	              Index Cond: ((id >= 8294327) AND (id <= 8294426))

table 5 : explain SELECT DISTINCT c FROM sbtest5 WHERE id BETWEEN 8248378 AND 8248477 ORDER BY c
	Unique  (cost=416.39..416.91 rows=104 width=121)
	  ->  Sort  (cost=416.39..416.65 rows=104 width=121)
	        Sort Key: c
	        ->  Index Scan using sbtest5_pkey on sbtest5  (cost=0.43..412.90 rows=104 width=121)
	              Index Cond: ((id >= 8248378) AND (id <= 8248477))

table 6 : explain SELECT DISTINCT c FROM sbtest6 WHERE id BETWEEN 4014967 AND 4015066 ORDER BY c
	Unique  (cost=417.84..418.36 rows=104 width=121)
	  ->  Sort  (cost=417.84..418.10 rows=104 width=121)
	        Sort Key: c
	        ->  Index Scan using sbtest6_pkey on sbtest6  (cost=0.43..414.36 rows=104 width=121)
	              Index Cond: ((id >= 4014967) AND (id <= 4015066))

table 7 : explain SELECT DISTINCT c FROM sbtest7 WHERE id BETWEEN 5926869 AND 5926968 ORDER BY c
	Unique  (cost=392.19..392.68 rows=98 width=121)
	  ->  Sort  (cost=392.19..392.44 rows=98 width=121)
	        Sort Key: c
	        ->  Index Scan using sbtest7_pkey on sbtest7  (cost=0.43..388.95 rows=98 width=121)
	              Index Cond: ((id >= 5926869) AND (id <= 5926968))

table 8 : explain SELECT DISTINCT c FROM sbtest8 WHERE id BETWEEN 4502372 AND 4502471 ORDER BY c
	Unique  (cost=387.28..387.76 rows=97 width=121)
	  ->  Sort  (cost=387.28..387.52 rows=97 width=121)
	        Sort Key: c
	        ->  Index Scan using sbtest8_pkey on sbtest8  (cost=0.43..384.08 rows=97 width=121)
	              Index Cond: ((id >= 4502372) AND (id <= 4502471))

for: distinct_ranges
table 1 : explain SELECT DISTINCT c FROM sbtest1 WHERE id BETWEEN 1768950 AND 1769049 ORDER BY c
	Unique  (cost=377.55..378.02 rows=94 width=121)
	  ->  Sort  (cost=377.55..377.78 rows=94 width=121)
	        Sort Key: c
	        ->  Index Scan using sbtest1_pkey on sbtest1  (cost=0.43..374.46 rows=94 width=121)
	              Index Cond: ((id >= 1768950) AND (id <= 1769049))

table 2 : explain SELECT DISTINCT c FROM sbtest2 WHERE id BETWEEN 1209356 AND 1209455 ORDER BY c
	Unique  (cost=416.23..416.75 rows=104 width=121)
	  ->  Sort  (cost=416.23..416.49 rows=104 width=121)
	        Sort Key: c
	        ->  Index Scan using sbtest2_pkey on sbtest2  (cost=0.43..412.75 rows=104 width=121)
	              Index Cond: ((id >= 1209356) AND (id <= 1209455))

table 3 : explain SELECT DISTINCT c FROM sbtest3 WHERE id BETWEEN 7151771 AND 7151870 ORDER BY c
	Unique  (cost=409.30..409.81 rows=102 width=121)
	  ->  Sort  (cost=409.30..409.56 rows=102 width=121)
	        Sort Key: c
	        ->  Index Scan using sbtest3_pkey on sbtest3  (cost=0.43..405.90 rows=102 width=121)
	              Index Cond: ((id >= 7151771) AND (id <= 7151870))

table 4 : explain SELECT DISTINCT c FROM sbtest4 WHERE id BETWEEN 3035907 AND 3036006 ORDER BY c
	Unique  (cost=384.27..384.75 rows=96 width=121)
	  ->  Sort  (cost=384.27..384.51 rows=96 width=121)
	        Sort Key: c
	        ->  Index Scan using sbtest4_pkey on sbtest4  (cost=0.43..381.11 rows=96 width=121)
	              Index Cond: ((id >= 3035907) AND (id <= 3036006))

table 5 : explain SELECT DISTINCT c FROM sbtest5 WHERE id BETWEEN 4917715 AND 4917814 ORDER BY c
	Unique  (cost=372.73..373.20 rows=93 width=121)
	  ->  Sort  (cost=372.73..372.97 rows=93 width=121)
	        Sort Key: c
	        ->  Index Scan using sbtest5_pkey on sbtest5  (cost=0.43..369.69 rows=93 width=121)
	              Index Cond: ((id >= 4917715) AND (id <= 4917814))

table 6 : explain SELECT DISTINCT c FROM sbtest6 WHERE id BETWEEN 9166147 AND 9166246 ORDER BY c
	Unique  (cost=417.84..418.36 rows=104 width=121)
	  ->  Sort  (cost=417.84..418.10 rows=104 width=121)
	        Sort Key: c
	        ->  Index Scan using sbtest6_pkey on sbtest6  (cost=0.43..414.36 rows=104 width=121)
	              Index Cond: ((id >= 9166147) AND (id <= 9166246))

table 7 : explain SELECT DISTINCT c FROM sbtest7 WHERE id BETWEEN 5607374 AND 5607473 ORDER BY c
	Unique  (cost=408.04..408.55 rows=102 width=121)
	  ->  Sort  (cost=408.04..408.30 rows=102 width=121)
	        Sort Key: c
	        ->  Index Scan using sbtest7_pkey on sbtest7  (cost=0.43..404.64 rows=102 width=121)
	              Index Cond: ((id >= 5607374) AND (id <= 5607473))

table 8 : explain SELECT DISTINCT c FROM sbtest8 WHERE id BETWEEN 839085 AND 839184 ORDER BY c
	Unique  (cost=418.90..419.42 rows=105 width=121)
	  ->  Sort  (cost=418.90..419.16 rows=105 width=121)
	        Sort Key: c
	        ->  Index Scan using sbtest8_pkey on sbtest8  (cost=0.43..415.37 rows=105 width=121)
	              Index Cond: ((id >= 839085) AND (id <= 839184))

for: distinct_ranges
table 1 : explain SELECT DISTINCT c FROM sbtest1 WHERE id BETWEEN 8955779 AND 8955878 ORDER BY c
	Unique  (cost=449.11..449.67 rows=112 width=121)
	  ->  Sort  (cost=449.11..449.39 rows=112 width=121)
	        Sort Key: c
	        ->  Index Scan using sbtest1_pkey on sbtest1  (cost=0.43..445.29 rows=112 width=121)
	              Index Cond: ((id >= 8955779) AND (id <= 8955878))

table 2 : explain SELECT DISTINCT c FROM sbtest2 WHERE id BETWEEN 5117241 AND 5117340 ORDER BY c
	Unique  (cost=380.55..381.02 rows=95 width=121)
	  ->  Sort  (cost=380.55..380.78 rows=95 width=121)
	        Sort Key: c
	        ->  Index Scan using sbtest2_pkey on sbtest2  (cost=0.43..377.43 rows=95 width=121)
	              Index Cond: ((id >= 5117241) AND (id <= 5117340))

table 3 : explain SELECT DISTINCT c FROM sbtest3 WHERE id BETWEEN 2893322 AND 2893421 ORDER BY c
	Unique  (cost=393.40..393.89 rows=98 width=121)
	  ->  Sort  (cost=393.40..393.65 rows=98 width=121)
	        Sort Key: c
	        ->  Index Scan using sbtest3_pkey on sbtest3  (cost=0.43..390.16 rows=98 width=121)
	              Index Cond: ((id >= 2893322) AND (id <= 2893421))

table 4 : explain SELECT DISTINCT c FROM sbtest4 WHERE id BETWEEN 1356332 AND 1356431 ORDER BY c
	Unique  (cost=419.93..420.45 rows=105 width=121)
	  ->  Sort  (cost=419.93..420.19 rows=105 width=121)
	        Sort Key: c
	        ->  Index Scan using sbtest4_pkey on sbtest4  (cost=0.43..416.40 rows=105 width=121)
	              Index Cond: ((id >= 1356332) AND (id <= 1356431))

table 5 : explain SELECT DISTINCT c FROM sbtest5 WHERE id BETWEEN 4469675 AND 4469774 ORDER BY c
	Unique  (cost=416.39..416.91 rows=104 width=121)
	  ->  Sort  (cost=416.39..416.65 rows=104 width=121)
	        Sort Key: c
	        ->  Index Scan using sbtest5_pkey on sbtest5  (cost=0.43..412.90 rows=104 width=121)
	              Index Cond: ((id >= 4469675) AND (id <= 4469774))

table 6 : explain SELECT DISTINCT c FROM sbtest6 WHERE id BETWEEN 741281 AND 741380 ORDER BY c
	Unique  (cost=441.73..442.28 rows=110 width=121)
	  ->  Sort  (cost=441.73..442.00 rows=110 width=121)
	        Sort Key: c
	        ->  Index Scan using sbtest6_pkey on sbtest6  (cost=0.43..438.00 rows=110 width=121)
	              Index Cond: ((id >= 741281) AND (id <= 741380))

table 7 : explain SELECT DISTINCT c FROM sbtest7 WHERE id BETWEEN 5684771 AND 5684870 ORDER BY c
	Unique  (cost=380.28..380.76 rows=95 width=121)
	  ->  Sort  (cost=380.28..380.52 rows=95 width=121)
	        Sort Key: c
	        ->  Index Scan using sbtest7_pkey on sbtest7  (cost=0.43..377.16 rows=95 width=121)
	              Index Cond: ((id >= 5684771) AND (id <= 5684870))

table 8 : explain SELECT DISTINCT c FROM sbtest8 WHERE id BETWEEN 4625293 AND 4625392 ORDER BY c
	Unique  (cost=399.13..399.63 rows=100 width=121)
	  ->  Sort  (cost=399.13..399.38 rows=100 width=121)
	        Sort Key: c
	        ->  Index Scan using sbtest8_pkey on sbtest8  (cost=0.43..395.81 rows=100 width=121)
	              Index Cond: ((id >= 4625293) AND (id <= 4625392))

for: order_ranges
table 1 : explain SELECT c FROM sbtest1 WHERE id BETWEEN 8551555 AND 8551654 ORDER BY c
	Sort  (cost=385.50..385.74 rows=96 width=121)
	  Sort Key: c
	  ->  Index Scan using sbtest1_pkey on sbtest1  (cost=0.43..382.33 rows=96 width=121)
	        Index Cond: ((id >= 8551555) AND (id <= 8551654))

table 2 : explain SELECT c FROM sbtest2 WHERE id BETWEEN 9710625 AND 9710724 ORDER BY c
	Sort  (cost=440.02..440.30 rows=110 width=121)
	  Sort Key: c
	  ->  Index Scan using sbtest2_pkey on sbtest2  (cost=0.43..436.29 rows=110 width=121)
	        Index Cond: ((id >= 9710625) AND (id <= 9710724))

table 3 : explain SELECT c FROM sbtest3 WHERE id BETWEEN 2037008 AND 2037107 ORDER BY c
	Sort  (cost=397.38..397.62 rows=99 width=121)
	  Sort Key: c
	  ->  Index Scan using sbtest3_pkey on sbtest3  (cost=0.43..394.09 rows=99 width=121)
	        Index Cond: ((id >= 2037008) AND (id <= 2037107))

table 4 : explain SELECT c FROM sbtest4 WHERE id BETWEEN 9199405 AND 9199504 ORDER BY c
	Sort  (cost=380.31..380.54 rows=95 width=121)
	  Sort Key: c
	  ->  Index Scan using sbtest4_pkey on sbtest4  (cost=0.43..377.19 rows=95 width=121)
	        Index Cond: ((id >= 9199405) AND (id <= 9199504))

table 5 : explain SELECT c FROM sbtest5 WHERE id BETWEEN 1610528 AND 1610627 ORDER BY c
	Sort  (cost=380.69..380.93 rows=95 width=121)
	  Sort Key: c
	  ->  Index Scan using sbtest5_pkey on sbtest5  (cost=0.43..377.57 rows=95 width=121)
	        Index Cond: ((id >= 1610528) AND (id <= 1610627))

table 6 : explain SELECT c FROM sbtest6 WHERE id BETWEEN 50483 AND 50582 ORDER BY c
	Sort  (cost=397.94..398.19 rows=99 width=121)
	  Sort Key: c
	  ->  Index Scan using sbtest6_pkey on sbtest6  (cost=0.43..394.66 rows=99 width=121)
	        Index Cond: ((id >= 50483) AND (id <= 50582))

table 7 : explain SELECT c FROM sbtest7 WHERE id BETWEEN 1555908 AND 1556007 ORDER BY c
	Sort  (cost=431.82..432.09 rows=108 width=121)
	  Sort Key: c
	  ->  Index Scan using sbtest7_pkey on sbtest7  (cost=0.43..428.17 rows=108 width=121)
	        Index Cond: ((id >= 1555908) AND (id <= 1556007))

table 8 : explain SELECT c FROM sbtest8 WHERE id BETWEEN 8067097 AND 8067196 ORDER BY c
	Sort  (cost=422.85..423.11 rows=106 width=121)
	  Sort Key: c
	  ->  Index Scan using sbtest8_pkey on sbtest8  (cost=0.43..419.28 rows=106 width=121)
	        Index Cond: ((id >= 8067097) AND (id <= 8067196))

for: distinct_ranges
table 1 : explain SELECT DISTINCT c FROM sbtest1 WHERE id BETWEEN 3947074 AND 3947173 ORDER BY c
	Unique  (cost=381.52..382.00 rows=95 width=121)
	  ->  Sort  (cost=381.52..381.76 rows=95 width=121)
	        Sort Key: c
	        ->  Index Scan using sbtest1_pkey on sbtest1  (cost=0.43..378.40 rows=95 width=121)
	              Index Cond: ((id >= 3947074) AND (id <= 3947173))

table 2 : explain SELECT DISTINCT c FROM sbtest2 WHERE id BETWEEN 9788380 AND 9788479 ORDER BY c
	Unique  (cost=440.02..440.57 rows=110 width=121)
	  ->  Sort  (cost=440.02..440.30 rows=110 width=121)
	        Sort Key: c
	        ->  Index Scan using sbtest2_pkey on sbtest2  (cost=0.43..436.29 rows=110 width=121)
	              Index Cond: ((id >= 9788380) AND (id <= 9788479))

table 3 : explain SELECT DISTINCT c FROM sbtest3 WHERE id BETWEEN 451238 AND 451337 ORDER BY c
	Unique  (cost=405.33..405.83 rows=101 width=121)
	  ->  Sort  (cost=405.33..405.58 rows=101 width=121)
	        Sort Key: c
	        ->  Index Scan using sbtest3_pkey on sbtest3  (cost=0.43..401.96 rows=101 width=121)
	              Index Cond: ((id >= 451238) AND (id <= 451337))

table 4 : explain SELECT DISTINCT c FROM sbtest4 WHERE id BETWEEN 8418424 AND 8418523 ORDER BY c
	Unique  (cost=392.19..392.68 rows=98 width=121)
	  ->  Sort  (cost=392.19..392.44 rows=98 width=121)
	        Sort Key: c
	        ->  Index Scan using sbtest4_pkey on sbtest4  (cost=0.43..388.95 rows=98 width=121)
	              Index Cond: ((id >= 8418424) AND (id <= 8418523))

table 5 : explain SELECT DISTINCT c FROM sbtest5 WHERE id BETWEEN 8276935 AND 8277034 ORDER BY c
	Unique  (cost=416.39..416.91 rows=104 width=121)
	  ->  Sort  (cost=416.39..416.65 rows=104 width=121)
	        Sort Key: c
	        ->  Index Scan using sbtest5_pkey on sbtest5  (cost=0.43..412.90 rows=104 width=121)
	              Index Cond: ((id >= 8276935) AND (id <= 8277034))

table 6 : explain SELECT DISTINCT c FROM sbtest6 WHERE id BETWEEN 8016901 AND 8017000 ORDER BY c
	Unique  (cost=413.86..414.38 rows=103 width=121)
	  ->  Sort  (cost=413.86..414.12 rows=103 width=121)
	        Sort Key: c
	        ->  Index Scan using sbtest6_pkey on sbtest6  (cost=0.43..410.42 rows=103 width=121)
	              Index Cond: ((id >= 8016901) AND (id <= 8017000))

table 7 : explain SELECT DISTINCT c FROM sbtest7 WHERE id BETWEEN 5803648 AND 5803747 ORDER BY c
	Unique  (cost=376.32..376.79 rows=94 width=121)
	  ->  Sort  (cost=376.32..376.56 rows=94 width=121)
	        Sort Key: c
	        ->  Index Scan using sbtest7_pkey on sbtest7  (cost=0.43..373.24 rows=94 width=121)
	              Index Cond: ((id >= 5803648) AND (id <= 5803747))

table 8 : explain SELECT DISTINCT c FROM sbtest8 WHERE id BETWEEN 4478652 AND 4478751 ORDER BY c
	Unique  (cost=407.04..407.55 rows=102 width=121)
	  ->  Sort  (cost=407.04..407.29 rows=102 width=121)
	        Sort Key: c
	        ->  Index Scan using sbtest8_pkey on sbtest8  (cost=0.43..403.64 rows=102 width=121)
	              Index Cond: ((id >= 4478652) AND (id <= 4478751))

for point_selects
table 1 : explain SELECT c FROM sbtest1 WHERE id=3528529
	Index Scan using sbtest1_pkey on sbtest1  (cost=0.43..8.45 rows=1 width=121)
	  Index Cond: (id = 3528529)

table 2 : explain SELECT c FROM sbtest2 WHERE id=5618085
	Index Scan using sbtest2_pkey on sbtest2  (cost=0.43..8.45 rows=1 width=121)
	  Index Cond: (id = 5618085)

table 3 : explain SELECT c FROM sbtest3 WHERE id=1269680
	Index Scan using sbtest3_pkey on sbtest3  (cost=0.43..8.45 rows=1 width=121)
	  Index Cond: (id = 1269680)

table 4 : explain SELECT c FROM sbtest4 WHERE id=2480722
	Index Scan using sbtest4_pkey on sbtest4  (cost=0.43..8.45 rows=1 width=121)
	  Index Cond: (id = 2480722)

table 5 : explain SELECT c FROM sbtest5 WHERE id=3728752
	Index Scan using sbtest5_pkey on sbtest5  (cost=0.43..8.45 rows=1 width=121)
	  Index Cond: (id = 3728752)

table 6 : explain SELECT c FROM sbtest6 WHERE id=1311512
	Index Scan using sbtest6_pkey on sbtest6  (cost=0.43..8.45 rows=1 width=121)
	  Index Cond: (id = 1311512)

table 7 : explain SELECT c FROM sbtest7 WHERE id=8593665
	Index Scan using sbtest7_pkey on sbtest7  (cost=0.43..8.45 rows=1 width=121)
	  Index Cond: (id = 8593665)

table 8 : explain SELECT c FROM sbtest8 WHERE id=9536736
	Index Scan using sbtest8_pkey on sbtest8  (cost=0.43..8.45 rows=1 width=121)
	  Index Cond: (id = 9536736)

for: order_ranges
table 1 : explain SELECT c FROM sbtest1 WHERE id BETWEEN 259659 AND 259758 ORDER BY c
	Sort  (cost=385.50..385.74 rows=96 width=121)
	  Sort Key: c
	  ->  Index Scan using sbtest1_pkey on sbtest1  (cost=0.43..382.33 rows=96 width=121)
	        Index Cond: ((id >= 259659) AND (id <= 259758))

table 2 : explain SELECT c FROM sbtest2 WHERE id BETWEEN 7712473 AND 7712572 ORDER BY c
	Sort  (cost=404.33..404.59 rows=101 width=121)
	  Sort Key: c
	  ->  Index Scan using sbtest2_pkey on sbtest2  (cost=0.43..400.97 rows=101 width=121)
	        Index Cond: ((id >= 7712473) AND (id <= 7712572))

table 3 : explain SELECT c FROM sbtest3 WHERE id BETWEEN 5866551 AND 5866650 ORDER BY c
	Sort  (cost=425.20..425.47 rows=106 width=121)
	  Sort Key: c
	  ->  Index Scan using sbtest3_pkey on sbtest3  (cost=0.43..421.64 rows=106 width=121)
	        Index Cond: ((id >= 5866551) AND (id <= 5866650))

table 4 : explain SELECT c FROM sbtest4 WHERE id BETWEEN 9544774 AND 9544873 ORDER BY c
	Sort  (cost=404.08..404.33 rows=101 width=121)
	  Sort Key: c
	  ->  Index Scan using sbtest4_pkey on sbtest4  (cost=0.43..400.72 rows=101 width=121)
	        Index Cond: ((id >= 9544774) AND (id <= 9544873))

table 5 : explain SELECT c FROM sbtest5 WHERE id BETWEEN 9208995 AND 9209094 ORDER BY c
	Sort  (cost=372.73..372.97 rows=93 width=121)
	  Sort Key: c
	  ->  Index Scan using sbtest5_pkey on sbtest5  (cost=0.43..369.69 rows=93 width=121)
	        Index Cond: ((id >= 9208995) AND (id <= 9209094))

table 6 : explain SELECT c FROM sbtest6 WHERE id BETWEEN 7754538 AND 7754637 ORDER BY c
	Sort  (cost=346.18..346.39 rows=86 width=121)
	  Sort Key: c
	  ->  Index Scan using sbtest6_pkey on sbtest6  (cost=0.43..343.41 rows=86 width=121)
	        Index Cond: ((id >= 7754538) AND (id <= 7754637))

table 7 : explain SELECT c FROM sbtest7 WHERE id BETWEEN 2544845 AND 2544944 ORDER BY c
	Sort  (cost=435.78..436.05 rows=109 width=121)
	  Sort Key: c
	  ->  Index Scan using sbtest7_pkey on sbtest7  (cost=0.43..432.09 rows=109 width=121)
	        Index Cond: ((id >= 2544845) AND (id <= 2544944))

table 8 : explain SELECT c FROM sbtest8 WHERE id BETWEEN 2060435 AND 2060534 ORDER BY c
	Sort  (cost=414.94..415.20 rows=104 width=121)
	  Sort Key: c
	  ->  Index Scan using sbtest8_pkey on sbtest8  (cost=0.43..411.46 rows=104 width=121)
	        Index Cond: ((id >= 2060435) AND (id <= 2060534))

for: distinct_ranges
table 1 : explain SELECT DISTINCT c FROM sbtest1 WHERE id BETWEEN 7932178 AND 7932277 ORDER BY c
	Unique  (cost=421.27..421.80 rows=105 width=121)
	  ->  Sort  (cost=421.27..421.54 rows=105 width=121)
	        Sort Key: c
	        ->  Index Scan using sbtest1_pkey on sbtest1  (cost=0.43..417.75 rows=105 width=121)
	              Index Cond: ((id >= 7932178) AND (id <= 7932277))

table 2 : explain SELECT DISTINCT c FROM sbtest2 WHERE id BETWEEN 6851584 AND 6851683 ORDER BY c
	Unique  (cost=416.23..416.75 rows=104 width=121)
	  ->  Sort  (cost=416.23..416.49 rows=104 width=121)
	        Sort Key: c
	        ->  Index Scan using sbtest2_pkey on sbtest2  (cost=0.43..412.75 rows=104 width=121)
	              Index Cond: ((id >= 6851584) AND (id <= 6851683))

table 3 : explain SELECT DISTINCT c FROM sbtest3 WHERE id BETWEEN 5139002 AND 5139101 ORDER BY c
	Unique  (cost=389.43..389.91 rows=97 width=121)
	  ->  Sort  (cost=389.43..389.67 rows=97 width=121)
	        Sort Key: c
	        ->  Index Scan using sbtest3_pkey on sbtest3  (cost=0.43..386.23 rows=97 width=121)
	              Index Cond: ((id >= 5139002) AND (id <= 5139101))

table 4 : explain SELECT DISTINCT c FROM sbtest4 WHERE id BETWEEN 9249942 AND 9250041 ORDER BY c
	Unique  (cost=419.93..420.45 rows=105 width=121)
	  ->  Sort  (cost=419.93..420.19 rows=105 width=121)
	        Sort Key: c
	        ->  Index Scan using sbtest4_pkey on sbtest4  (cost=0.43..416.40 rows=105 width=121)
	              Index Cond: ((id >= 9249942) AND (id <= 9250041))

table 5 : explain SELECT DISTINCT c FROM sbtest5 WHERE id BETWEEN 5481799 AND 5481898 ORDER BY c
	Unique  (cost=404.49..404.99 rows=101 width=121)
	  ->  Sort  (cost=404.49..404.74 rows=101 width=121)
	        Sort Key: c
	        ->  Index Scan using sbtest5_pkey on sbtest5  (cost=0.43..401.12 rows=101 width=121)
	              Index Cond: ((id >= 5481799) AND (id <= 5481898))

table 6 : explain SELECT DISTINCT c FROM sbtest6 WHERE id BETWEEN 8855302 AND 8855401 ORDER BY c
	Unique  (cost=437.75..438.29 rows=109 width=121)
	  ->  Sort  (cost=437.75..438.02 rows=109 width=121)
	        Sort Key: c
	        ->  Index Scan using sbtest6_pkey on sbtest6  (cost=0.43..434.06 rows=109 width=121)
	              Index Cond: ((id >= 8855302) AND (id <= 8855401))

table 7 : explain SELECT DISTINCT c FROM sbtest7 WHERE id BETWEEN 1542015 AND 1542114 ORDER BY c
	Unique  (cost=431.82..432.36 rows=108 width=121)
	  ->  Sort  (cost=431.82..432.09 rows=108 width=121)
	        Sort Key: c
	        ->  Index Scan using sbtest7_pkey on sbtest7  (cost=0.43..428.17 rows=108 width=121)
	              Index Cond: ((id >= 1542015) AND (id <= 1542114))

table 8 : explain SELECT DISTINCT c FROM sbtest8 WHERE id BETWEEN 3439842 AND 3439941 ORDER BY c
	Unique  (cost=399.13..399.63 rows=100 width=121)
	  ->  Sort  (cost=399.13..399.38 rows=100 width=121)
	        Sort Key: c
	        ->  Index Scan using sbtest8_pkey on sbtest8  (cost=0.43..395.81 rows=100 width=121)
	              Index Cond: ((id >= 3439842) AND (id <= 3439941))

for point_selects
table 1 : explain SELECT c FROM sbtest1 WHERE id=1807158
	Index Scan using sbtest1_pkey on sbtest1  (cost=0.43..8.45 rows=1 width=121)
	  Index Cond: (id = 1807158)

table 2 : explain SELECT c FROM sbtest2 WHERE id=2491307
	Index Scan using sbtest2_pkey on sbtest2  (cost=0.43..8.45 rows=1 width=121)
	  Index Cond: (id = 2491307)

table 3 : explain SELECT c FROM sbtest3 WHERE id=196791
	Index Scan using sbtest3_pkey on sbtest3  (cost=0.43..8.45 rows=1 width=121)
	  Index Cond: (id = 196791)

table 4 : explain SELECT c FROM sbtest4 WHERE id=3475505
	Index Scan using sbtest4_pkey on sbtest4  (cost=0.43..8.45 rows=1 width=121)
	  Index Cond: (id = 3475505)

table 5 : explain SELECT c FROM sbtest5 WHERE id=413355
	Index Scan using sbtest5_pkey on sbtest5  (cost=0.43..8.45 rows=1 width=121)
	  Index Cond: (id = 413355)

table 6 : explain SELECT c FROM sbtest6 WHERE id=4903239
	Index Scan using sbtest6_pkey on sbtest6  (cost=0.43..8.45 rows=1 width=121)
	  Index Cond: (id = 4903239)

table 7 : explain SELECT c FROM sbtest7 WHERE id=2008987
	Index Scan using sbtest7_pkey on sbtest7  (cost=0.43..8.45 rows=1 width=121)
	  Index Cond: (id = 2008987)

table 8 : explain SELECT c FROM sbtest8 WHERE id=1287828
	Index Scan using sbtest8_pkey on sbtest8  (cost=0.43..8.45 rows=1 width=121)
	  Index Cond: (id = 1287828)

explain: for point_selects :: explain SELECT c FROM sbtest%u WHERE id=%u
for: simple_ranges
table 1 : explain SELECT c FROM sbtest1 WHERE id BETWEEN 1630789 AND 1630888
	Index Scan using sbtest1_pkey on sbtest1  (cost=0.43..405.94 rows=102 width=121)
	  Index Cond: ((id >= 1630789) AND (id <= 1630888))

table 2 : explain SELECT c FROM sbtest2 WHERE id BETWEEN 9044657 AND 9044756
	Index Scan using sbtest2_pkey on sbtest2  (cost=0.43..365.63 rows=92 width=121)
	  Index Cond: ((id >= 9044657) AND (id <= 9044756))

table 3 : explain SELECT c FROM sbtest3 WHERE id BETWEEN 5252382 AND 5252481
	Index Scan using sbtest3_pkey on sbtest3  (cost=0.43..417.70 rows=105 width=121)
	  Index Cond: ((id >= 5252382) AND (id <= 5252481))

table 4 : explain SELECT c FROM sbtest4 WHERE id BETWEEN 9065820 AND 9065919
	Index Scan using sbtest4_pkey on sbtest4  (cost=0.43..377.19 rows=95 width=121)
	  Index Cond: ((id >= 9065820) AND (id <= 9065919))

table 5 : explain SELECT c FROM sbtest5 WHERE id BETWEEN 7699072 AND 7699171
	Index Scan using sbtest5_pkey on sbtest5  (cost=0.43..397.20 rows=100 width=121)
	  Index Cond: ((id >= 7699072) AND (id <= 7699171))

table 6 : explain SELECT c FROM sbtest6 WHERE id BETWEEN 1377717 AND 1377816
	Index Scan using sbtest6_pkey on sbtest6  (cost=0.43..382.84 rows=96 width=121)
	  Index Cond: ((id >= 1377717) AND (id <= 1377816))

table 7 : explain SELECT c FROM sbtest7 WHERE id BETWEEN 7954604 AND 7954703
	Index Scan using sbtest7_pkey on sbtest7  (cost=0.43..400.72 rows=101 width=121)
	  Index Cond: ((id >= 7954604) AND (id <= 7954703))

table 8 : explain SELECT c FROM sbtest8 WHERE id BETWEEN 509026 AND 509125
	Index Scan using sbtest8_pkey on sbtest8  (cost=0.43..376.25 rows=95 width=121)
	  Index Cond: ((id >= 509026) AND (id <= 509125))

for point_selects
table 1 : explain SELECT c FROM sbtest1 WHERE id=789125
	Index Scan using sbtest1_pkey on sbtest1  (cost=0.43..8.45 rows=1 width=121)
	  Index Cond: (id = 789125)

table 2 : explain SELECT c FROM sbtest2 WHERE id=3978241
	Index Scan using sbtest2_pkey on sbtest2  (cost=0.43..8.45 rows=1 width=121)
	  Index Cond: (id = 3978241)

table 3 : explain SELECT c FROM sbtest3 WHERE id=3659029
	Index Scan using sbtest3_pkey on sbtest3  (cost=0.43..8.45 rows=1 width=121)
	  Index Cond: (id = 3659029)

table 4 : explain SELECT c FROM sbtest4 WHERE id=5928738
	Index Scan using sbtest4_pkey on sbtest4  (cost=0.43..8.45 rows=1 width=121)
	  Index Cond: (id = 5928738)

table 5 : explain SELECT c FROM sbtest5 WHERE id=1836290
	Index Scan using sbtest5_pkey on sbtest5  (cost=0.43..8.45 rows=1 width=121)
	  Index Cond: (id = 1836290)

table 6 : explain SELECT c FROM sbtest6 WHERE id=2332555
	Index Scan using sbtest6_pkey on sbtest6  (cost=0.43..8.45 rows=1 width=121)
	  Index Cond: (id = 2332555)

table 7 : explain SELECT c FROM sbtest7 WHERE id=9788404
	Index Scan using sbtest7_pkey on sbtest7  (cost=0.43..8.45 rows=1 width=121)
	  Index Cond: (id = 9788404)

table 8 : explain SELECT c FROM sbtest8 WHERE id=4456169
	Index Scan using sbtest8_pkey on sbtest8  (cost=0.43..8.45 rows=1 width=121)
	  Index Cond: (id = 4456169)

for point_selects
table 1 : explain SELECT c FROM sbtest1 WHERE id=1242130
	Index Scan using sbtest1_pkey on sbtest1  (cost=0.43..8.45 rows=1 width=121)
	  Index Cond: (id = 1242130)

table 2 : explain SELECT c FROM sbtest2 WHERE id=3985202
	Index Scan using sbtest2_pkey on sbtest2  (cost=0.43..8.45 rows=1 width=121)
	  Index Cond: (id = 3985202)

table 3 : explain SELECT c FROM sbtest3 WHERE id=4485476
	Index Scan using sbtest3_pkey on sbtest3  (cost=0.43..8.45 rows=1 width=121)
	  Index Cond: (id = 4485476)

table 4 : explain SELECT c FROM sbtest4 WHERE id=3821579
	Index Scan using sbtest4_pkey on sbtest4  (cost=0.43..8.45 rows=1 width=121)
	  Index Cond: (id = 3821579)

table 5 : explain SELECT c FROM sbtest5 WHERE id=2720124
	Index Scan using sbtest5_pkey on sbtest5  (cost=0.43..8.45 rows=1 width=121)
	  Index Cond: (id = 2720124)

table 6 : explain SELECT c FROM sbtest6 WHERE id=8840868
	Index Scan using sbtest6_pkey on sbtest6  (cost=0.43..8.45 rows=1 width=121)
	  Index Cond: (id = 8840868)

table 7 : explain SELECT c FROM sbtest7 WHERE id=7459252
	Index Scan using sbtest7_pkey on sbtest7  (cost=0.43..8.45 rows=1 width=121)
	  Index Cond: (id = 7459252)

table 8 : explain SELECT c FROM sbtest8 WHERE id=9678357
	Index Scan using sbtest8_pkey on sbtest8  (cost=0.43..8.45 rows=1 width=121)
	  Index Cond: (id = 9678357)

for: distinct_ranges
table 1 : explain SELECT DISTINCT c FROM sbtest1 WHERE id BETWEEN 4041219 AND 4041318 ORDER BY c
	Unique  (cost=377.55..378.02 rows=94 width=121)
	  ->  Sort  (cost=377.55..377.78 rows=94 width=121)
	        Sort Key: c
	        ->  Index Scan using sbtest1_pkey on sbtest1  (cost=0.43..374.46 rows=94 width=121)
	              Index Cond: ((id >= 4041219) AND (id <= 4041318))

table 2 : explain SELECT DISTINCT c FROM sbtest2 WHERE id BETWEEN 9167035 AND 9167134 ORDER BY c
	Unique  (cost=384.51..384.99 rows=96 width=121)
	  ->  Sort  (cost=384.51..384.75 rows=96 width=121)
	        Sort Key: c
	        ->  Index Scan using sbtest2_pkey on sbtest2  (cost=0.43..381.35 rows=96 width=121)
	              Index Cond: ((id >= 9167035) AND (id <= 9167134))

table 3 : explain SELECT DISTINCT c FROM sbtest3 WHERE id BETWEEN 8354680 AND 8354779 ORDER BY c
	Unique  (cost=409.30..409.81 rows=102 width=121)
	  ->  Sort  (cost=409.30..409.56 rows=102 width=121)
	        Sort Key: c
	        ->  Index Scan using sbtest3_pkey on sbtest3  (cost=0.43..405.90 rows=102 width=121)
	              Index Cond: ((id >= 8354680) AND (id <= 8354779))

table 4 : explain SELECT DISTINCT c FROM sbtest4 WHERE id BETWEEN 4927536 AND 4927635 ORDER BY c
	Unique  (cost=415.97..416.49 rows=104 width=121)
	  ->  Sort  (cost=415.97..416.23 rows=104 width=121)
	        Sort Key: c
	        ->  Index Scan using sbtest4_pkey on sbtest4  (cost=0.43..412.48 rows=104 width=121)
	              Index Cond: ((id >= 4927536) AND (id <= 4927635))

table 5 : explain SELECT DISTINCT c FROM sbtest5 WHERE id BETWEEN 806534 AND 806633 ORDER BY c
	Unique  (cost=384.65..385.13 rows=96 width=121)
	  ->  Sort  (cost=384.65..384.89 rows=96 width=121)
	        Sort Key: c
	        ->  Index Scan using sbtest5_pkey on sbtest5  (cost=0.43..381.49 rows=96 width=121)
	              Index Cond: ((id >= 806534) AND (id <= 806633))

table 6 : explain SELECT DISTINCT c FROM sbtest6 WHERE id BETWEEN 9171678 AND 9171777 ORDER BY c
	Unique  (cost=417.84..418.36 rows=104 width=121)
	  ->  Sort  (cost=417.84..418.10 rows=104 width=121)
	        Sort Key: c
	        ->  Index Scan using sbtest6_pkey on sbtest6  (cost=0.43..414.36 rows=104 width=121)
	              Index Cond: ((id >= 9171678) AND (id <= 9171777))

table 7 : explain SELECT DISTINCT c FROM sbtest7 WHERE id BETWEEN 2102180 AND 2102279 ORDER BY c
	Unique  (cost=404.08..404.59 rows=101 width=121)
	  ->  Sort  (cost=404.08..404.33 rows=101 width=121)
	        Sort Key: c
	        ->  Index Scan using sbtest7_pkey on sbtest7  (cost=0.43..400.72 rows=101 width=121)
	              Index Cond: ((id >= 2102180) AND (id <= 2102279))

table 8 : explain SELECT DISTINCT c FROM sbtest8 WHERE id BETWEEN 5172672 AND 5172771 ORDER BY c
	Unique  (cost=399.13..399.63 rows=100 width=121)
	  ->  Sort  (cost=399.13..399.38 rows=100 width=121)
	        Sort Key: c
	        ->  Index Scan using sbtest8_pkey on sbtest8  (cost=0.43..395.81 rows=100 width=121)
	              Index Cond: ((id >= 5172672) AND (id <= 5172771))

explain: for point_selects :: explain SELECT c FROM sbtest%u WHERE id=%u
explain: for point_selects :: explain SELECT c FROM sbtest%u WHERE id=%u
for: simple_ranges
table 1 : explain SELECT c FROM sbtest1 WHERE id BETWEEN 7491325 AND 7491424
	Index Scan using sbtest1_pkey on sbtest1  (cost=0.43..425.62 rows=107 width=121)
	  Index Cond: ((id >= 7491325) AND (id <= 7491424))

table 2 : explain SELECT c FROM sbtest2 WHERE id BETWEEN 2235823 AND 2235922
	Index Scan using sbtest2_pkey on sbtest2  (cost=0.43..365.63 rows=92 width=121)
	  Index Cond: ((id >= 2235823) AND (id <= 2235922))

table 3 : explain SELECT c FROM sbtest3 WHERE id BETWEEN 5889169 AND 5889268
	Index Scan using sbtest3_pkey on sbtest3  (cost=0.43..421.64 rows=106 width=121)
	  Index Cond: ((id >= 5889169) AND (id <= 5889268))

table 4 : explain SELECT c FROM sbtest4 WHERE id BETWEEN 7285892 AND 7285991
	Index Scan using sbtest4_pkey on sbtest4  (cost=0.43..385.03 rows=97 width=121)
	  Index Cond: ((id >= 7285892) AND (id <= 7285991))

table 5 : explain SELECT c FROM sbtest5 WHERE id BETWEEN 5091781 AND 5091880
	Index Scan using sbtest5_pkey on sbtest5  (cost=0.43..408.98 rows=103 width=121)
	  Index Cond: ((id >= 5091781) AND (id <= 5091880))

table 6 : explain SELECT c FROM sbtest6 WHERE id BETWEEN 3139587 AND 3139686
	Index Scan using sbtest6_pkey on sbtest6  (cost=0.43..374.93 rows=94 width=121)
	  Index Cond: ((id >= 3139587) AND (id <= 3139686))

table 7 : explain SELECT c FROM sbtest7 WHERE id BETWEEN 8772965 AND 8773064
	Index Scan using sbtest7_pkey on sbtest7  (cost=0.43..385.01 rows=97 width=121)
	  Index Cond: ((id >= 8772965) AND (id <= 8773064))

table 8 : explain SELECT c FROM sbtest8 WHERE id BETWEEN 2063083 AND 2063182
	Index Scan using sbtest8_pkey on sbtest8  (cost=0.43..411.46 rows=104 width=121)
	  Index Cond: ((id >= 2063083) AND (id <= 2063182))

for: simple_ranges
table 1 : explain SELECT c FROM sbtest1 WHERE id BETWEEN 5181393 AND 5181492
	Index Scan using sbtest1_pkey on sbtest1  (cost=0.43..374.46 rows=94 width=121)
	  Index Cond: ((id >= 5181393) AND (id <= 5181492))

table 2 : explain SELECT c FROM sbtest2 WHERE id BETWEEN 6877635 AND 6877734
	Index Scan using sbtest2_pkey on sbtest2  (cost=0.43..412.75 rows=104 width=121)
	  Index Cond: ((id >= 6877635) AND (id <= 6877734))

table 3 : explain SELECT c FROM sbtest3 WHERE id BETWEEN 4764399 AND 4764498
	Index Scan using sbtest3_pkey on sbtest3  (cost=0.43..350.79 rows=88 width=121)
	  Index Cond: ((id >= 4764399) AND (id <= 4764498))

table 4 : explain SELECT c FROM sbtest4 WHERE id BETWEEN 9369432 AND 9369531
	Index Scan using sbtest4_pkey on sbtest4  (cost=0.43..377.19 rows=95 width=121)
	  Index Cond: ((id >= 9369432) AND (id <= 9369531))

table 5 : explain SELECT c FROM sbtest5 WHERE id BETWEEN 5417819 AND 5417918
	Index Scan using sbtest5_pkey on sbtest5  (cost=0.43..401.12 rows=101 width=121)
	  Index Cond: ((id >= 5417819) AND (id <= 5417918))

table 6 : explain SELECT c FROM sbtest6 WHERE id BETWEEN 3586446 AND 3586545
	Index Scan using sbtest6_pkey on sbtest6  (cost=0.43..370.99 rows=93 width=121)
	  Index Cond: ((id >= 3586446) AND (id <= 3586545))

table 7 : explain SELECT c FROM sbtest7 WHERE id BETWEEN 2400088 AND 2400187
	Index Scan using sbtest7_pkey on sbtest7  (cost=0.43..337.94 rows=85 width=121)
	  Index Cond: ((id >= 2400088) AND (id <= 2400187))

table 8 : explain SELECT c FROM sbtest8 WHERE id BETWEEN 9583054 AND 9583153
	Index Scan using sbtest8_pkey on sbtest8  (cost=0.43..360.58 rows=91 width=121)
	  Index Cond: ((id >= 9583054) AND (id <= 9583153))

for: simple_ranges
table 1 : explain SELECT c FROM sbtest1 WHERE id BETWEEN 5286094 AND 5286193
	Index Scan using sbtest1_pkey on sbtest1  (cost=0.43..409.88 rows=103 width=121)
	  Index Cond: ((id >= 5286094) AND (id <= 5286193))

table 2 : explain SELECT c FROM sbtest2 WHERE id BETWEEN 5776644 AND 5776743
	Index Scan using sbtest2_pkey on sbtest2  (cost=0.43..451.99 rows=114 width=121)
	  Index Cond: ((id >= 5776644) AND (id <= 5776743))

table 3 : explain SELECT c FROM sbtest3 WHERE id BETWEEN 7866016 AND 7866115
	Index Scan using sbtest3_pkey on sbtest3  (cost=0.43..405.90 rows=102 width=121)
	  Index Cond: ((id >= 7866016) AND (id <= 7866115))

table 4 : explain SELECT c FROM sbtest4 WHERE id BETWEEN 4187822 AND 4187921
	Index Scan using sbtest4_pkey on sbtest4  (cost=0.43..381.11 rows=96 width=121)
	  Index Cond: ((id >= 4187822) AND (id <= 4187921))

table 5 : explain SELECT c FROM sbtest5 WHERE id BETWEEN 2146391 AND 2146490
	Index Scan using sbtest5_pkey on sbtest5  (cost=0.43..428.61 rows=108 width=121)
	  Index Cond: ((id >= 2146391) AND (id <= 2146490))

table 6 : explain SELECT c FROM sbtest6 WHERE id BETWEEN 4904474 AND 4904573
	Index Scan using sbtest6_pkey on sbtest6  (cost=0.43..355.23 rows=89 width=121)
	  Index Cond: ((id >= 4904474) AND (id <= 4904573))

table 7 : explain SELECT c FROM sbtest7 WHERE id BETWEEN 8812300 AND 8812399
	Index Scan using sbtest7_pkey on sbtest7  (cost=0.43..388.95 rows=98 width=121)
	  Index Cond: ((id >= 8812300) AND (id <= 8812399))

table 8 : explain SELECT c FROM sbtest8 WHERE id BETWEEN 5397493 AND 5397592
	Index Scan using sbtest8_pkey on sbtest8  (cost=0.43..411.46 rows=104 width=121)
	  Index Cond: ((id >= 5397493) AND (id <= 5397592))

explain: for point_selects :: explain SELECT c FROM sbtest%u WHERE id=%u
for: sum_ranges
table 1 : explain SELECT SUM(k) FROM sbtest1 WHERE id BETWEEN 7827688 AND 7827787
	Aggregate  (cost=398.32..398.33 rows=1 width=8)
	  ->  Index Scan using sbtest1_pkey on sbtest1  (cost=0.43..398.07 rows=100 width=4)
	        Index Cond: ((id >= 7827688) AND (id <= 7827787))

table 2 : explain SELECT SUM(k) FROM sbtest2 WHERE id BETWEEN 6784705 AND 6784804
	Aggregate  (cost=401.22..401.23 rows=1 width=8)
	  ->  Index Scan using sbtest2_pkey on sbtest2  (cost=0.43..400.97 rows=101 width=4)
	        Index Cond: ((id >= 6784705) AND (id <= 6784804))

table 3 : explain SELECT SUM(k) FROM sbtest3 WHERE id BETWEEN 2534789 AND 2534888
	Aggregate  (cost=366.76..366.77 rows=1 width=8)
	  ->  Index Scan using sbtest3_pkey on sbtest3  (cost=0.43..366.53 rows=92 width=4)
	        Index Cond: ((id >= 2534789) AND (id <= 2534888))

table 4 : explain SELECT SUM(k) FROM sbtest4 WHERE id BETWEEN 72802 AND 72901
	Aggregate  (cost=412.74..412.75 rows=1 width=8)
	  ->  Index Scan using sbtest4_pkey on sbtest4  (cost=0.43..412.48 rows=104 width=4)
	        Index Cond: ((id >= 72802) AND (id <= 72901))

table 5 : explain SELECT SUM(k) FROM sbtest5 WHERE id BETWEEN 2726276 AND 2726375
	Aggregate  (cost=389.59..389.60 rows=1 width=8)
	  ->  Index Scan using sbtest5_pkey on sbtest5  (cost=0.43..389.35 rows=98 width=4)
	        Index Cond: ((id >= 2726276) AND (id <= 2726375))

table 6 : explain SELECT SUM(k) FROM sbtest6 WHERE id BETWEEN 5244736 AND 5244835
	Aggregate  (cost=383.08..383.09 rows=1 width=8)
	  ->  Index Scan using sbtest6_pkey on sbtest6  (cost=0.43..382.84 rows=96 width=4)
	        Index Cond: ((id >= 5244736) AND (id <= 5244835))

table 7 : explain SELECT SUM(k) FROM sbtest7 WHERE id BETWEEN 3811854 AND 3811953
	Aggregate  (cost=424.52..424.53 rows=1 width=8)
	  ->  Index Scan using sbtest7_pkey on sbtest7  (cost=0.43..424.25 rows=107 width=4)
	        Index Cond: ((id >= 3811854) AND (id <= 3811953))

table 8 : explain SELECT SUM(k) FROM sbtest8 WHERE id BETWEEN 835786 AND 835885
	Aggregate  (cost=415.63..415.64 rows=1 width=8)
	  ->  Index Scan using sbtest8_pkey on sbtest8  (cost=0.43..415.37 rows=105 width=4)
	        Index Cond: ((id >= 835786) AND (id <= 835885))

for: sum_ranges
table 1 : explain SELECT SUM(k) FROM sbtest1 WHERE id BETWEEN 9910171 AND 9910270
	Aggregate  (cost=418.01..418.02 rows=1 width=8)
	  ->  Index Scan using sbtest1_pkey on sbtest1  (cost=0.43..417.75 rows=105 width=4)
	        Index Cond: ((id >= 9910171) AND (id <= 9910270))

table 2 : explain SELECT SUM(k) FROM sbtest2 WHERE id BETWEEN 1922800 AND 1922899
	Aggregate  (cost=358.00..358.01 rows=1 width=8)
	  ->  Index Scan using sbtest2_pkey on sbtest2  (cost=0.43..357.78 rows=90 width=4)
	        Index Cond: ((id >= 1922800) AND (id <= 1922899))

table 3 : explain SELECT SUM(k) FROM sbtest3 WHERE id BETWEEN 8363116 AND 8363215
	Aggregate  (cost=406.15..406.16 rows=1 width=8)
	  ->  Index Scan using sbtest3_pkey on sbtest3  (cost=0.43..405.90 rows=102 width=4)
	        Index Cond: ((id >= 8363116) AND (id <= 8363215))

table 4 : explain SELECT SUM(k) FROM sbtest4 WHERE id BETWEEN 6357454 AND 6357553
	Aggregate  (cost=416.67..416.68 rows=1 width=8)
	  ->  Index Scan using sbtest4_pkey on sbtest4  (cost=0.43..416.40 rows=105 width=4)
	        Index Cond: ((id >= 6357454) AND (id <= 6357553))

table 5 : explain SELECT SUM(k) FROM sbtest5 WHERE id BETWEEN 8147535 AND 8147634
	Aggregate  (cost=417.09..417.10 rows=1 width=8)
	  ->  Index Scan using sbtest5_pkey on sbtest5  (cost=0.43..416.83 rows=105 width=4)
	        Index Cond: ((id >= 8147535) AND (id <= 8147634))

table 6 : explain SELECT SUM(k) FROM sbtest6 WHERE id BETWEEN 9492147 AND 9492246
	Aggregate  (cost=422.50..422.51 rows=1 width=8)
	  ->  Index Scan using sbtest6_pkey on sbtest6  (cost=0.43..422.24 rows=106 width=4)
	        Index Cond: ((id >= 9492147) AND (id <= 9492246))

table 7 : explain SELECT SUM(k) FROM sbtest7 WHERE id BETWEEN 6143539 AND 6143638
	Aggregate  (cost=385.27..385.28 rows=1 width=8)
	  ->  Index Scan using sbtest7_pkey on sbtest7  (cost=0.43..385.03 rows=97 width=4)
	        Index Cond: ((id >= 6143539) AND (id <= 6143638))

table 8 : explain SELECT SUM(k) FROM sbtest8 WHERE id BETWEEN 3541543 AND 3541642
	Aggregate  (cost=364.72..364.73 rows=1 width=8)
	  ->  Index Scan using sbtest8_pkey on sbtest8  (cost=0.43..364.49 rows=92 width=4)
	        Index Cond: ((id >= 3541543) AND (id <= 3541642))

for: sum_ranges
table 1 : explain SELECT SUM(k) FROM sbtest1 WHERE id BETWEEN 5776496 AND 5776595
	Aggregate  (cost=386.51..386.52 rows=1 width=8)
	  ->  Index Scan using sbtest1_pkey on sbtest1  (cost=0.43..386.27 rows=97 width=4)
	        Index Cond: ((id >= 5776496) AND (id <= 5776595))

table 2 : explain SELECT SUM(k) FROM sbtest2 WHERE id BETWEEN 9309861 AND 9309960
	Aggregate  (cost=397.30..397.31 rows=1 width=8)
	  ->  Index Scan using sbtest2_pkey on sbtest2  (cost=0.43..397.05 rows=100 width=4)
	        Index Cond: ((id >= 9309861) AND (id <= 9309960))

table 3 : explain SELECT SUM(k) FROM sbtest3 WHERE id BETWEEN 3343746 AND 3343845
	Aggregate  (cost=366.76..366.77 rows=1 width=8)
	  ->  Index Scan using sbtest3_pkey on sbtest3  (cost=0.43..366.53 rows=92 width=4)
	        Index Cond: ((id >= 3343746) AND (id <= 3343845))

table 4 : explain SELECT SUM(k) FROM sbtest4 WHERE id BETWEEN 6066871 AND 6066970
	Aggregate  (cost=346.00..346.01 rows=1 width=8)
	  ->  Index Scan using sbtest4_pkey on sbtest4  (cost=0.43..345.79 rows=87 width=4)
	        Index Cond: ((id >= 6066871) AND (id <= 6066970))

table 5 : explain SELECT SUM(k) FROM sbtest5 WHERE id BETWEEN 2459473 AND 2459572
	Aggregate  (cost=409.23..409.24 rows=1 width=8)
	  ->  Index Scan using sbtest5_pkey on sbtest5  (cost=0.43..408.98 rows=103 width=4)
	        Index Cond: ((id >= 2459473) AND (id <= 2459572))

table 6 : explain SELECT SUM(k) FROM sbtest6 WHERE id BETWEEN 5984507 AND 5984606
	Aggregate  (cost=390.96..390.97 rows=1 width=8)
	  ->  Index Scan using sbtest6_pkey on sbtest6  (cost=0.43..390.72 rows=98 width=4)
	        Index Cond: ((id >= 5984507) AND (id <= 5984606))

table 7 : explain SELECT SUM(k) FROM sbtest7 WHERE id BETWEEN 6177409 AND 6177508
	Aggregate  (cost=369.55..369.56 rows=1 width=8)
	  ->  Index Scan using sbtest7_pkey on sbtest7  (cost=0.43..369.32 rows=93 width=4)
	        Index Cond: ((id >= 6177409) AND (id <= 6177508))

table 8 : explain SELECT SUM(k) FROM sbtest8 WHERE id BETWEEN 6151808 AND 6151907
	Aggregate  (cost=403.89..403.90 rows=1 width=8)
	  ->  Index Scan using sbtest8_pkey on sbtest8  (cost=0.43..403.64 rows=102 width=4)
	        Index Cond: ((id >= 6151808) AND (id <= 6151907))

for: sum_ranges
table 1 : explain SELECT SUM(k) FROM sbtest1 WHERE id BETWEEN 6396605 AND 6396704
	Aggregate  (cost=374.70..374.71 rows=1 width=8)
	  ->  Index Scan using sbtest1_pkey on sbtest1  (cost=0.43..374.46 rows=94 width=4)
	        Index Cond: ((id >= 6396605) AND (id <= 6396704))

table 2 : explain SELECT SUM(k) FROM sbtest2 WHERE id BETWEEN 1281119 AND 1281218
	Aggregate  (cost=413.01..413.02 rows=1 width=8)
	  ->  Index Scan using sbtest2_pkey on sbtest2  (cost=0.43..412.75 rows=104 width=4)
	        Index Cond: ((id >= 1281119) AND (id <= 1281218))

table 3 : explain SELECT SUM(k) FROM sbtest3 WHERE id BETWEEN 9443532 AND 9443631
	Aggregate  (cost=362.83..362.84 rows=1 width=8)
	  ->  Index Scan using sbtest3_pkey on sbtest3  (cost=0.43..362.60 rows=91 width=4)
	        Index Cond: ((id >= 9443532) AND (id <= 9443631))

table 4 : explain SELECT SUM(k) FROM sbtest4 WHERE id BETWEEN 9201865 AND 9201964
	Aggregate  (cost=377.42..377.43 rows=1 width=8)
	  ->  Index Scan using sbtest4_pkey on sbtest4  (cost=0.43..377.19 rows=95 width=4)
	        Index Cond: ((id >= 9201865) AND (id <= 9201964))

table 5 : explain SELECT SUM(k) FROM sbtest5 WHERE id BETWEEN 1895857 AND 1895956
	Aggregate  (cost=381.73..381.74 rows=1 width=8)
	  ->  Index Scan using sbtest5_pkey on sbtest5  (cost=0.43..381.49 rows=96 width=4)
	        Index Cond: ((id >= 1895857) AND (id <= 1895956))

table 6 : explain SELECT SUM(k) FROM sbtest6 WHERE id BETWEEN 2805596 AND 2805695
	Aggregate  (cost=390.96..390.97 rows=1 width=8)
	  ->  Index Scan using sbtest6_pkey on sbtest6  (cost=0.43..390.72 rows=98 width=4)
	        Index Cond: ((id >= 2805596) AND (id <= 2805695))

table 7 : explain SELECT SUM(k) FROM sbtest7 WHERE id BETWEEN 3138611 AND 3138710
	Aggregate  (cost=381.32..381.33 rows=1 width=8)
	  ->  Index Scan using sbtest7_pkey on sbtest7  (cost=0.43..381.08 rows=96 width=4)
	        Index Cond: ((id >= 3138611) AND (id <= 3138710))

table 8 : explain SELECT SUM(k) FROM sbtest8 WHERE id BETWEEN 8284694 AND 8284793
	Aggregate  (cost=388.23..388.24 rows=1 width=8)
	  ->  Index Scan using sbtest8_pkey on sbtest8  (cost=0.43..387.99 rows=98 width=4)
	        Index Cond: ((id >= 8284694) AND (id <= 8284793))

for point_selects
table 1 : explain SELECT c FROM sbtest1 WHERE id=1179251
	Index Scan using sbtest1_pkey on sbtest1  (cost=0.43..8.45 rows=1 width=121)
	  Index Cond: (id = 1179251)

table 2 : explain SELECT c FROM sbtest2 WHERE id=1499685
	Index Scan using sbtest2_pkey on sbtest2  (cost=0.43..8.45 rows=1 width=121)
	  Index Cond: (id = 1499685)

table 3 : explain SELECT c FROM sbtest3 WHERE id=1062435
	Index Scan using sbtest3_pkey on sbtest3  (cost=0.43..8.45 rows=1 width=121)
	  Index Cond: (id = 1062435)

table 4 : explain SELECT c FROM sbtest4 WHERE id=2438176
	Index Scan using sbtest4_pkey on sbtest4  (cost=0.43..8.45 rows=1 width=121)
	  Index Cond: (id = 2438176)

table 5 : explain SELECT c FROM sbtest5 WHERE id=5846560
	Index Scan using sbtest5_pkey on sbtest5  (cost=0.43..8.45 rows=1 width=121)
	  Index Cond: (id = 5846560)

table 6 : explain SELECT c FROM sbtest6 WHERE id=602340
	Index Scan using sbtest6_pkey on sbtest6  (cost=0.43..8.45 rows=1 width=121)
	  Index Cond: (id = 602340)

table 7 : explain SELECT c FROM sbtest7 WHERE id=773090
	Index Scan using sbtest7_pkey on sbtest7  (cost=0.43..8.45 rows=1 width=121)
	  Index Cond: (id = 773090)

table 8 : explain SELECT c FROM sbtest8 WHERE id=6278480
	Index Scan using sbtest8_pkey on sbtest8  (cost=0.43..8.45 rows=1 width=121)
	  Index Cond: (id = 6278480)

for point_selects
table 1 : explain SELECT c FROM sbtest1 WHERE id=8810714
	Index Scan using sbtest1_pkey on sbtest1  (cost=0.43..8.45 rows=1 width=121)
	  Index Cond: (id = 8810714)

table 2 : explain SELECT c FROM sbtest2 WHERE id=6878494
	Index Scan using sbtest2_pkey on sbtest2  (cost=0.43..8.45 rows=1 width=121)
	  Index Cond: (id = 6878494)

table 3 : explain SELECT c FROM sbtest3 WHERE id=2936335
	Index Scan using sbtest3_pkey on sbtest3  (cost=0.43..8.45 rows=1 width=121)
	  Index Cond: (id = 2936335)

table 4 : explain SELECT c FROM sbtest4 WHERE id=7089044
	Index Scan using sbtest4_pkey on sbtest4  (cost=0.43..8.45 rows=1 width=121)
	  Index Cond: (id = 7089044)

table 5 : explain SELECT c FROM sbtest5 WHERE id=7315035
	Index Scan using sbtest5_pkey on sbtest5  (cost=0.43..8.45 rows=1 width=121)
	  Index Cond: (id = 7315035)

table 6 : explain SELECT c FROM sbtest6 WHERE id=6939114
	Index Scan using sbtest6_pkey on sbtest6  (cost=0.43..8.45 rows=1 width=121)
	  Index Cond: (id = 6939114)

table 7 : explain SELECT c FROM sbtest7 WHERE id=393308
	Index Scan using sbtest7_pkey on sbtest7  (cost=0.43..8.45 rows=1 width=121)
	  Index Cond: (id = 393308)

table 8 : explain SELECT c FROM sbtest8 WHERE id=1599327
	Index Scan using sbtest8_pkey on sbtest8  (cost=0.43..8.45 rows=1 width=121)
	  Index Cond: (id = 1599327)

for: order_ranges
table 1 : explain SELECT c FROM sbtest1 WHERE id BETWEEN 2487266 AND 2487365 ORDER BY c
	Sort  (cost=425.25..425.51 rows=106 width=121)
	  Sort Key: c
	  ->  Index Scan using sbtest1_pkey on sbtest1  (cost=0.43..421.68 rows=106 width=121)
	        Index Cond: ((id >= 2487266) AND (id <= 2487365))

table 2 : explain SELECT c FROM sbtest2 WHERE id BETWEEN 6762004 AND 6762103 ORDER BY c
	Sort  (cost=404.33..404.59 rows=101 width=121)
	  Sort Key: c
	  ->  Index Scan using sbtest2_pkey on sbtest2  (cost=0.43..400.97 rows=101 width=121)
	        Index Cond: ((id >= 6762004) AND (id <= 6762103))

table 3 : explain SELECT c FROM sbtest3 WHERE id BETWEEN 7736594 AND 7736693 ORDER BY c
	Sort  (cost=405.33..405.58 rows=101 width=121)
	  Sort Key: c
	  ->  Index Scan using sbtest3_pkey on sbtest3  (cost=0.43..401.96 rows=101 width=121)
	        Index Cond: ((id >= 7736594) AND (id <= 7736693))

table 4 : explain SELECT c FROM sbtest4 WHERE id BETWEEN 703544 AND 703643 ORDER BY c
	Sort  (cost=415.97..416.23 rows=104 width=121)
	  Sort Key: c
	  ->  Index Scan using sbtest4_pkey on sbtest4  (cost=0.43..412.48 rows=104 width=121)
	        Index Cond: ((id >= 703544) AND (id <= 703643))

table 5 : explain SELECT c FROM sbtest5 WHERE id BETWEEN 2001706 AND 2001805 ORDER BY c
	Sort  (cost=416.39..416.65 rows=104 width=121)
	  Sort Key: c
	  ->  Index Scan using sbtest5_pkey on sbtest5  (cost=0.43..412.90 rows=104 width=121)
	        Index Cond: ((id >= 2001706) AND (id <= 2001805))

table 6 : explain SELECT c FROM sbtest6 WHERE id BETWEEN 1832469 AND 1832568 ORDER BY c
	Sort  (cost=425.80..426.07 rows=106 width=121)
	  Sort Key: c
	  ->  Index Scan using sbtest6_pkey on sbtest6  (cost=0.43..422.24 rows=106 width=121)
	        Index Cond: ((id >= 1832469) AND (id <= 1832568))

table 7 : explain SELECT c FROM sbtest7 WHERE id BETWEEN 7963005 AND 7963104 ORDER BY c
	Sort  (cost=404.08..404.33 rows=101 width=121)
	  Sort Key: c
	  ->  Index Scan using sbtest7_pkey on sbtest7  (cost=0.43..400.72 rows=101 width=121)
	        Index Cond: ((id >= 7963005) AND (id <= 7963104))

table 8 : explain SELECT c FROM sbtest8 WHERE id BETWEEN 3571254 AND 3571353 ORDER BY c
	Sort  (cost=367.49..367.72 rows=92 width=121)
	  Sort Key: c
	  ->  Index Scan using sbtest8_pkey on sbtest8  (cost=0.43..364.49 rows=92 width=121)
	        Index Cond: ((id >= 3571254) AND (id <= 3571353))

for: order_ranges
table 1 : explain SELECT c FROM sbtest1 WHERE id BETWEEN 6822098 AND 6822197 ORDER BY c
	Sort  (cost=357.65..357.87 rows=89 width=121)
	  Sort Key: c
	  ->  Index Scan using sbtest1_pkey on sbtest1  (cost=0.43..354.77 rows=89 width=121)
	        Index Cond: ((id >= 6822098) AND (id <= 6822197))

table 2 : explain SELECT c FROM sbtest2 WHERE id BETWEEN 1610865 AND 1610964 ORDER BY c
	Sort  (cost=364.66..364.89 rows=91 width=121)
	  Sort Key: c
	  ->  Index Scan using sbtest2_pkey on sbtest2  (cost=0.43..361.70 rows=91 width=121)
	        Index Cond: ((id >= 1610865) AND (id <= 1610964))

table 3 : explain SELECT c FROM sbtest3 WHERE id BETWEEN 3609775 AND 3609874 ORDER BY c
	Sort  (cost=381.46..381.69 rows=95 width=121)
	  Sort Key: c
	  ->  Index Scan using sbtest3_pkey on sbtest3  (cost=0.43..378.34 rows=95 width=121)
	        Index Cond: ((id >= 3609775) AND (id <= 3609874))

table 4 : explain SELECT c FROM sbtest4 WHERE id BETWEEN 6547415 AND 6547514 ORDER BY c
	Sort  (cost=431.82..432.09 rows=108 width=121)
	  Sort Key: c
	  ->  Index Scan using sbtest4_pkey on sbtest4  (cost=0.43..428.17 rows=108 width=121)
	        Index Cond: ((id >= 6547415) AND (id <= 6547514))

table 5 : explain SELECT c FROM sbtest5 WHERE id BETWEEN 9659792 AND 9659891 ORDER BY c
	Sort  (cost=408.45..408.71 rows=102 width=121)
	  Sort Key: c
	  ->  Index Scan using sbtest5_pkey on sbtest5  (cost=0.43..405.05 rows=102 width=121)
	        Index Cond: ((id >= 9659792) AND (id <= 9659891))

table 6 : explain SELECT c FROM sbtest6 WHERE id BETWEEN 3418684 AND 3418783 ORDER BY c
	Sort  (cost=401.92..402.17 rows=100 width=121)
	  Sort Key: c
	  ->  Index Scan using sbtest6_pkey on sbtest6  (cost=0.43..398.60 rows=100 width=121)
	        Index Cond: ((id >= 3418684) AND (id <= 3418783))

table 7 : explain SELECT c FROM sbtest7 WHERE id BETWEEN 1659433 AND 1659532 ORDER BY c
	Sort  (cost=435.78..436.05 rows=109 width=121)
	  Sort Key: c
	  ->  Index Scan using sbtest7_pkey on sbtest7  (cost=0.43..432.09 rows=109 width=121)
	        Index Cond: ((id >= 1659433) AND (id <= 1659532))

table 8 : explain SELECT c FROM sbtest8 WHERE id BETWEEN 9621159 AND 9621258 ORDER BY c
	Sort  (cost=414.94..415.20 rows=104 width=121)
	  Sort Key: c
	  ->  Index Scan using sbtest8_pkey on sbtest8  (cost=0.43..411.46 rows=104 width=121)
	        Index Cond: ((id >= 9621159) AND (id <= 9621258))

explain: for point_selects :: explain SELECT c FROM sbtest%u WHERE id=%u
for: simple_ranges
table 1 : explain SELECT c FROM sbtest1 WHERE id BETWEEN 7105029 AND 7105128
	Index Scan using sbtest1_pkey on sbtest1  (cost=0.43..382.33 rows=96 width=121)
	  Index Cond: ((id >= 7105029) AND (id <= 7105128))

table 2 : explain SELECT c FROM sbtest2 WHERE id BETWEEN 5657855 AND 5657954
	Index Scan using sbtest2_pkey on sbtest2  (cost=0.43..428.44 rows=108 width=121)
	  Index Cond: ((id >= 5657855) AND (id <= 5657954))

table 3 : explain SELECT c FROM sbtest3 WHERE id BETWEEN 2430833 AND 2430932
	Index Scan using sbtest3_pkey on sbtest3  (cost=0.43..449.18 rows=113 width=121)
	  Index Cond: ((id >= 2430833) AND (id <= 2430932))

table 4 : explain SELECT c FROM sbtest4 WHERE id BETWEEN 1080394 AND 1080493
	Index Scan using sbtest4_pkey on sbtest4  (cost=0.43..381.11 rows=96 width=121)
	  Index Cond: ((id >= 1080394) AND (id <= 1080493))

table 5 : explain SELECT c FROM sbtest5 WHERE id BETWEEN 61225 AND 61324
	Index Scan using sbtest5_pkey on sbtest5  (cost=0.43..416.83 rows=105 width=121)
	  Index Cond: ((id >= 61225) AND (id <= 61324))

table 6 : explain SELECT c FROM sbtest6 WHERE id BETWEEN 6397134 AND 6397233
	Index Scan using sbtest6_pkey on sbtest6  (cost=0.43..445.88 rows=112 width=121)
	  Index Cond: ((id >= 6397134) AND (id <= 6397233))

table 7 : explain SELECT c FROM sbtest7 WHERE id BETWEEN 7727111 AND 7727210
	Index Scan using sbtest7_pkey on sbtest7  (cost=0.43..447.78 rows=113 width=121)
	  Index Cond: ((id >= 7727111) AND (id <= 7727210))

table 8 : explain SELECT c FROM sbtest8 WHERE id BETWEEN 4693680 AND 4693779
	Index Scan using sbtest8_pkey on sbtest8  (cost=0.43..391.90 rows=99 width=121)
	  Index Cond: ((id >= 4693680) AND (id <= 4693779))

for: order_ranges
table 1 : explain SELECT c FROM sbtest1 WHERE id BETWEEN 8562395 AND 8562494 ORDER BY c
	Sort  (cost=385.50..385.74 rows=96 width=121)
	  Sort Key: c
	  ->  Index Scan using sbtest1_pkey on sbtest1  (cost=0.43..382.33 rows=96 width=121)
	        Index Cond: ((id >= 8562395) AND (id <= 8562494))

table 2 : explain SELECT c FROM sbtest2 WHERE id BETWEEN 8217117 AND 8217216 ORDER BY c
	Sort  (cost=412.26..412.52 rows=103 width=121)
	  Sort Key: c
	  ->  Index Scan using sbtest2_pkey on sbtest2  (cost=0.43..408.82 rows=103 width=121)
	        Index Cond: ((id >= 8217117) AND (id <= 8217216))

table 3 : explain SELECT c FROM sbtest3 WHERE id BETWEEN 2546348 AND 2546447 ORDER BY c
	Sort  (cost=369.53..369.76 rows=92 width=121)
	  Sort Key: c
	  ->  Index Scan using sbtest3_pkey on sbtest3  (cost=0.43..366.53 rows=92 width=121)
	        Index Cond: ((id >= 2546348) AND (id <= 2546447))

table 4 : explain SELECT c FROM sbtest4 WHERE id BETWEEN 1390625 AND 1390724 ORDER BY c
	Sort  (cost=419.93..420.19 rows=105 width=121)
	  Sort Key: c
	  ->  Index Scan using sbtest4_pkey on sbtest4  (cost=0.43..416.40 rows=105 width=121)
	        Index Cond: ((id >= 1390625) AND (id <= 1390724))

table 5 : explain SELECT c FROM sbtest5 WHERE id BETWEEN 7078849 AND 7078948 ORDER BY c
	Sort  (cost=380.69..380.93 rows=95 width=121)
	  Sort Key: c
	  ->  Index Scan using sbtest5_pkey on sbtest5  (cost=0.43..377.57 rows=95 width=121)
	        Index Cond: ((id >= 7078849) AND (id <= 7078948))

table 6 : explain SELECT c FROM sbtest6 WHERE id BETWEEN 9197765 AND 9197864 ORDER BY c
	Sort  (cost=417.84..418.10 rows=104 width=121)
	  Sort Key: c
	  ->  Index Scan using sbtest6_pkey on sbtest6  (cost=0.43..414.36 rows=104 width=121)
	        Index Cond: ((id >= 9197765) AND (id <= 9197864))

table 7 : explain SELECT c FROM sbtest7 WHERE id BETWEEN 8641113 AND 8641212 ORDER BY c
	Sort  (cost=419.93..420.19 rows=105 width=121)
	  Sort Key: c
	  ->  Index Scan using sbtest7_pkey on sbtest7  (cost=0.43..416.41 rows=105 width=121)
	        Index Cond: ((id >= 8641113) AND (id <= 8641212))

table 8 : explain SELECT c FROM sbtest8 WHERE id BETWEEN 4400614 AND 4400713 ORDER BY c
	Sort  (cost=407.04..407.29 rows=102 width=121)
	  Sort Key: c
	  ->  Index Scan using sbtest8_pkey on sbtest8  (cost=0.43..403.64 rows=102 width=121)
	        Index Cond: ((id >= 4400614) AND (id <= 4400713))

for point_selects
table 1 : explain SELECT c FROM sbtest1 WHERE id=2526017
	Index Scan using sbtest1_pkey on sbtest1  (cost=0.43..8.45 rows=1 width=121)
	  Index Cond: (id = 2526017)

table 2 : explain SELECT c FROM sbtest2 WHERE id=916476
	Index Scan using sbtest2_pkey on sbtest2  (cost=0.43..8.45 rows=1 width=121)
	  Index Cond: (id = 916476)

table 3 : explain SELECT c FROM sbtest3 WHERE id=359265
	Index Scan using sbtest3_pkey on sbtest3  (cost=0.43..8.45 rows=1 width=121)
	  Index Cond: (id = 359265)

table 4 : explain SELECT c FROM sbtest4 WHERE id=259551
	Index Scan using sbtest4_pkey on sbtest4  (cost=0.43..8.45 rows=1 width=121)
	  Index Cond: (id = 259551)

table 5 : explain SELECT c FROM sbtest5 WHERE id=6421761
	Index Scan using sbtest5_pkey on sbtest5  (cost=0.43..8.45 rows=1 width=121)
	  Index Cond: (id = 6421761)

table 6 : explain SELECT c FROM sbtest6 WHERE id=7481090
	Index Scan using sbtest6_pkey on sbtest6  (cost=0.43..8.45 rows=1 width=121)
	  Index Cond: (id = 7481090)

table 7 : explain SELECT c FROM sbtest7 WHERE id=892304
	Index Scan using sbtest7_pkey on sbtest7  (cost=0.43..8.45 rows=1 width=121)
	  Index Cond: (id = 892304)

table 8 : explain SELECT c FROM sbtest8 WHERE id=5880208
	Index Scan using sbtest8_pkey on sbtest8  (cost=0.43..8.45 rows=1 width=121)
	  Index Cond: (id = 5880208)

for: simple_ranges
table 1 : explain SELECT c FROM sbtest1 WHERE id BETWEEN 337748 AND 337847
	Index Scan using sbtest1_pkey on sbtest1  (cost=0.43..394.14 rows=99 width=121)
	  Index Cond: ((id >= 337748) AND (id <= 337847))

table 2 : explain SELECT c FROM sbtest2 WHERE id BETWEEN 196495 AND 196594
	Index Scan using sbtest2_pkey on sbtest2  (cost=0.43..389.20 rows=98 width=121)
	  Index Cond: ((id >= 196495) AND (id <= 196594))

table 3 : explain SELECT c FROM sbtest3 WHERE id BETWEEN 4421714 AND 4421813
	Index Scan using sbtest3_pkey on sbtest3  (cost=0.43..401.96 rows=101 width=121)
	  Index Cond: ((id >= 4421714) AND (id <= 4421813))

table 4 : explain SELECT c FROM sbtest4 WHERE id BETWEEN 8924546 AND 8924645
	Index Scan using sbtest4_pkey on sbtest4  (cost=0.43..416.40 rows=105 width=121)
	  Index Cond: ((id >= 8924546) AND (id <= 8924645))

table 5 : explain SELECT c FROM sbtest5 WHERE id BETWEEN 2127140 AND 2127239
	Index Scan using sbtest5_pkey on sbtest5  (cost=0.43..428.61 rows=108 width=121)
	  Index Cond: ((id >= 2127140) AND (id <= 2127239))

table 6 : explain SELECT c FROM sbtest6 WHERE id BETWEEN 5829301 AND 5829400
	Index Scan using sbtest6_pkey on sbtest6  (cost=0.43..418.30 rows=105 width=121)
	  Index Cond: ((id >= 5829301) AND (id <= 5829400))

table 7 : explain SELECT c FROM sbtest7 WHERE id BETWEEN 4637148 AND 4637247
	Index Scan using sbtest7_pkey on sbtest7  (cost=0.43..385.03 rows=97 width=121)
	  Index Cond: ((id >= 4637148) AND (id <= 4637247))

table 8 : explain SELECT c FROM sbtest8 WHERE id BETWEEN 8814472 AND 8814571
	Index Scan using sbtest8_pkey on sbtest8  (cost=0.43..415.37 rows=105 width=121)
	  Index Cond: ((id >= 8814472) AND (id <= 8814571))

explain: for point_selects :: explain SELECT c FROM sbtest%u WHERE id=%u
for: distinct_ranges
table 1 : explain SELECT DISTINCT c FROM sbtest1 WHERE id BETWEEN 2652213 AND 2652312 ORDER BY c
	Unique  (cost=409.35..409.86 rows=102 width=121)
	  ->  Sort  (cost=409.35..409.60 rows=102 width=121)
	        Sort Key: c
	        ->  Index Scan using sbtest1_pkey on sbtest1  (cost=0.43..405.94 rows=102 width=121)
	              Index Cond: ((id >= 2652213) AND (id <= 2652312))

table 2 : explain SELECT DISTINCT c FROM sbtest2 WHERE id BETWEEN 7306262 AND 7306361 ORDER BY c
	Unique  (cost=420.19..420.72 rows=105 width=121)
	  ->  Sort  (cost=420.19..420.46 rows=105 width=121)
	        Sort Key: c
	        ->  Index Scan using sbtest2_pkey on sbtest2  (cost=0.43..416.67 rows=105 width=121)
	              Index Cond: ((id >= 7306262) AND (id <= 7306361))

table 3 : explain SELECT DISTINCT c FROM sbtest3 WHERE id BETWEEN 7808633 AND 7808732 ORDER BY c
	Unique  (cost=409.30..409.81 rows=102 width=121)
	  ->  Sort  (cost=409.30..409.56 rows=102 width=121)
	        Sort Key: c
	        ->  Index Scan using sbtest3_pkey on sbtest3  (cost=0.43..405.90 rows=102 width=121)
	              Index Cond: ((id >= 7808633) AND (id <= 7808732))

table 4 : explain SELECT DISTINCT c FROM sbtest4 WHERE id BETWEEN 2074180 AND 2074279 ORDER BY c
	Unique  (cost=404.08..404.58 rows=101 width=121)
	  ->  Sort  (cost=404.08..404.33 rows=101 width=121)
	        Sort Key: c
	        ->  Index Scan using sbtest4_pkey on sbtest4  (cost=0.43..400.72 rows=101 width=121)
	              Index Cond: ((id >= 2074180) AND (id <= 2074279))

table 5 : explain SELECT DISTINCT c FROM sbtest5 WHERE id BETWEEN 4031385 AND 4031484 ORDER BY c
	Unique  (cost=400.52..401.02 rows=100 width=121)
	  ->  Sort  (cost=400.52..400.77 rows=100 width=121)
	        Sort Key: c
	        ->  Index Scan using sbtest5_pkey on sbtest5  (cost=0.43..397.20 rows=100 width=121)
	              Index Cond: ((id >= 4031385) AND (id <= 4031484))

table 6 : explain SELECT DISTINCT c FROM sbtest6 WHERE id BETWEEN 1020623 AND 1020722 ORDER BY c
	Unique  (cost=389.98..390.46 rows=97 width=121)
	  ->  Sort  (cost=389.98..390.22 rows=97 width=121)
	        Sort Key: c
	        ->  Index Scan using sbtest6_pkey on sbtest6  (cost=0.43..386.78 rows=97 width=121)
	              Index Cond: ((id >= 1020623) AND (id <= 1020722))

table 7 : explain SELECT DISTINCT c FROM sbtest7 WHERE id BETWEEN 6526390 AND 6526489 ORDER BY c
	Unique  (cost=412.01..412.52 rows=103 width=121)
	  ->  Sort  (cost=412.01..412.26 rows=103 width=121)
	        Sort Key: c
	        ->  Index Scan using sbtest7_pkey on sbtest7  (cost=0.43..408.56 rows=103 width=121)
	              Index Cond: ((id >= 6526390) AND (id <= 6526489))

table 8 : explain SELECT DISTINCT c FROM sbtest8 WHERE id BETWEEN 8702373 AND 8702472 ORDER BY c
	Unique  (cost=426.80..427.34 rows=107 width=121)
	  ->  Sort  (cost=426.80..427.07 rows=107 width=121)
	        Sort Key: c
	        ->  Index Scan using sbtest8_pkey on sbtest8  (cost=0.43..423.20 rows=107 width=121)
	              Index Cond: ((id >= 8702373) AND (id <= 8702472))

for: distinct_ranges
table 1 : explain SELECT DISTINCT c FROM sbtest1 WHERE id BETWEEN 4940322 AND 4940421 ORDER BY c
	Unique  (cost=389.47..389.96 rows=97 width=121)
	  ->  Sort  (cost=389.47..389.71 rows=97 width=121)
	        Sort Key: c
	        ->  Index Scan using sbtest1_pkey on sbtest1  (cost=0.43..386.27 rows=97 width=121)
	              Index Cond: ((id >= 4940322) AND (id <= 4940421))

table 2 : explain SELECT DISTINCT c FROM sbtest2 WHERE id BETWEEN 3101903 AND 3102002 ORDER BY c
	Unique  (cost=388.48..388.96 rows=97 width=121)
	  ->  Sort  (cost=388.48..388.72 rows=97 width=121)
	        Sort Key: c
	        ->  Index Scan using sbtest2_pkey on sbtest2  (cost=0.43..385.27 rows=97 width=121)
	              Index Cond: ((id >= 3101903) AND (id <= 3102002))

table 3 : explain SELECT DISTINCT c FROM sbtest3 WHERE id BETWEEN 6879839 AND 6879938 ORDER BY c
	Unique  (cost=468.93..469.52 rows=117 width=121)
	  ->  Sort  (cost=468.93..469.23 rows=117 width=121)
	        Sort Key: c
	        ->  Index Scan using sbtest3_pkey on sbtest3  (cost=0.43..464.91 rows=117 width=121)
	              Index Cond: ((id >= 6879839) AND (id <= 6879938))

table 4 : explain SELECT DISTINCT c FROM sbtest4 WHERE id BETWEEN 255645 AND 255744 ORDER BY c
	Unique  (cost=412.00..412.52 rows=103 width=121)
	  ->  Sort  (cost=412.00..412.26 rows=103 width=121)
	        Sort Key: c
	        ->  Index Scan using sbtest4_pkey on sbtest4  (cost=0.43..408.56 rows=103 width=121)
	              Index Cond: ((id >= 255645) AND (id <= 255744))

table 5 : explain SELECT DISTINCT c FROM sbtest5 WHERE id BETWEEN 3095973 AND 3096072 ORDER BY c
	Unique  (cost=364.80..365.26 rows=91 width=121)
	  ->  Sort  (cost=364.80..365.03 rows=91 width=121)
	        Sort Key: c
	        ->  Index Scan using sbtest5_pkey on sbtest5  (cost=0.43..361.84 rows=91 width=121)
	              Index Cond: ((id >= 3095973) AND (id <= 3096072))

table 6 : explain SELECT DISTINCT c FROM sbtest6 WHERE id BETWEEN 8136204 AND 8136303 ORDER BY c
	Unique  (cost=409.88..410.39 rows=102 width=121)
	  ->  Sort  (cost=409.88..410.13 rows=102 width=121)
	        Sort Key: c
	        ->  Index Scan using sbtest6_pkey on sbtest6  (cost=0.43..406.48 rows=102 width=121)
	              Index Cond: ((id >= 8136204) AND (id <= 8136303))

table 7 : explain SELECT DISTINCT c FROM sbtest7 WHERE id BETWEEN 4197064 AND 4197163 ORDER BY c
	Unique  (cost=396.16..396.65 rows=99 width=121)
	  ->  Sort  (cost=396.16..396.40 rows=99 width=121)
	        Sort Key: c
	        ->  Index Scan using sbtest7_pkey on sbtest7  (cost=0.43..392.87 rows=99 width=121)
	              Index Cond: ((id >= 4197064) AND (id <= 4197163))

table 8 : explain SELECT DISTINCT c FROM sbtest8 WHERE id BETWEEN 7756676 AND 7756775 ORDER BY c
	Unique  (cost=407.04..407.55 rows=102 width=121)
	  ->  Sort  (cost=407.04..407.29 rows=102 width=121)
	        Sort Key: c
	        ->  Index Scan using sbtest8_pkey on sbtest8  (cost=0.43..403.64 rows=102 width=121)
	              Index Cond: ((id >= 7756676) AND (id <= 7756775))

for point_selects
table 1 : explain SELECT c FROM sbtest1 WHERE id=5608251
	Index Scan using sbtest1_pkey on sbtest1  (cost=0.43..8.45 rows=1 width=121)
	  Index Cond: (id = 5608251)

table 2 : explain SELECT c FROM sbtest2 WHERE id=5250560
	Index Scan using sbtest2_pkey on sbtest2  (cost=0.43..8.45 rows=1 width=121)
	  Index Cond: (id = 5250560)

table 3 : explain SELECT c FROM sbtest3 WHERE id=6868789
	Index Scan using sbtest3_pkey on sbtest3  (cost=0.43..8.45 rows=1 width=121)
	  Index Cond: (id = 6868789)

table 4 : explain SELECT c FROM sbtest4 WHERE id=5864807
	Index Scan using sbtest4_pkey on sbtest4  (cost=0.43..8.45 rows=1 width=121)
	  Index Cond: (id = 5864807)

table 5 : explain SELECT c FROM sbtest5 WHERE id=5055009
	Index Scan using sbtest5_pkey on sbtest5  (cost=0.43..8.45 rows=1 width=121)
	  Index Cond: (id = 5055009)

table 6 : explain SELECT c FROM sbtest6 WHERE id=5446395
	Index Scan using sbtest6_pkey on sbtest6  (cost=0.43..8.45 rows=1 width=121)
	  Index Cond: (id = 5446395)

table 7 : explain SELECT c FROM sbtest7 WHERE id=5958447
	Index Scan using sbtest7_pkey on sbtest7  (cost=0.43..8.45 rows=1 width=121)
	  Index Cond: (id = 5958447)

table 8 : explain SELECT c FROM sbtest8 WHERE id=6670489
	Index Scan using sbtest8_pkey on sbtest8  (cost=0.43..8.45 rows=1 width=121)
	  Index Cond: (id = 6670489)

for: sum_ranges
table 1 : explain SELECT SUM(k) FROM sbtest1 WHERE id BETWEEN 9534640 AND 9534739
	Aggregate  (cost=425.89..425.90 rows=1 width=8)
	  ->  Index Scan using sbtest1_pkey on sbtest1  (cost=0.43..425.62 rows=107 width=4)
	        Index Cond: ((id >= 9534640) AND (id <= 9534739))

table 2 : explain SELECT SUM(k) FROM sbtest2 WHERE id BETWEEN 7770640 AND 7770739
	Aggregate  (cost=401.22..401.23 rows=1 width=8)
	  ->  Index Scan using sbtest2_pkey on sbtest2  (cost=0.43..400.97 rows=101 width=4)
	        Index Cond: ((id >= 7770640) AND (id <= 7770739))

table 3 : explain SELECT SUM(k) FROM sbtest3 WHERE id BETWEEN 5491534 AND 5491633
	Aggregate  (cost=378.57..378.58 rows=1 width=8)
	  ->  Index Scan using sbtest3_pkey on sbtest3  (cost=0.43..378.34 rows=95 width=4)
	        Index Cond: ((id >= 5491534) AND (id <= 5491633))

table 4 : explain SELECT SUM(k) FROM sbtest4 WHERE id BETWEEN 3127871 AND 3127970
	Aggregate  (cost=389.20..389.21 rows=1 width=8)
	  ->  Index Scan using sbtest4_pkey on sbtest4  (cost=0.43..388.95 rows=98 width=4)
	        Index Cond: ((id >= 3127871) AND (id <= 3127970))

table 5 : explain SELECT SUM(k) FROM sbtest5 WHERE id BETWEEN 1359854 AND 1359953
	Aggregate  (cost=393.52..393.53 rows=1 width=8)
	  ->  Index Scan using sbtest5_pkey on sbtest5  (cost=0.43..393.27 rows=99 width=4)
	        Index Cond: ((id >= 1359854) AND (id <= 1359953))

table 6 : explain SELECT SUM(k) FROM sbtest6 WHERE id BETWEEN 9300939 AND 9301038
	Aggregate  (cost=406.73..406.74 rows=1 width=8)
	  ->  Index Scan using sbtest6_pkey on sbtest6  (cost=0.43..406.48 rows=102 width=4)
	        Index Cond: ((id >= 9300939) AND (id <= 9301038))

table 7 : explain SELECT SUM(k) FROM sbtest7 WHERE id BETWEEN 3148515 AND 3148614
	Aggregate  (cost=381.32..381.33 rows=1 width=8)
	  ->  Index Scan using sbtest7_pkey on sbtest7  (cost=0.43..381.08 rows=96 width=4)
	        Index Cond: ((id >= 3148515) AND (id <= 3148614))

table 8 : explain SELECT SUM(k) FROM sbtest8 WHERE id BETWEEN 7901542 AND 7901641
	Aggregate  (cost=392.15..392.16 rows=1 width=8)
	  ->  Index Scan using sbtest8_pkey on sbtest8  (cost=0.43..391.90 rows=99 width=4)
	        Index Cond: ((id >= 7901542) AND (id <= 7901641))

for: order_ranges
table 1 : explain SELECT c FROM sbtest1 WHERE id BETWEEN 69168 AND 69267 ORDER BY c
	Sort  (cost=377.55..377.78 rows=94 width=121)
	  Sort Key: c
	  ->  Index Scan using sbtest1_pkey on sbtest1  (cost=0.43..374.46 rows=94 width=121)
	        Index Cond: ((id >= 69168) AND (id <= 69267))

table 2 : explain SELECT c FROM sbtest2 WHERE id BETWEEN 9014529 AND 9014628 ORDER BY c
	Sort  (cost=368.63..368.86 rows=92 width=121)
	  Sort Key: c
	  ->  Index Scan using sbtest2_pkey on sbtest2  (cost=0.43..365.63 rows=92 width=121)
	        Index Cond: ((id >= 9014529) AND (id <= 9014628))

table 3 : explain SELECT c FROM sbtest3 WHERE id BETWEEN 916008 AND 916107 ORDER BY c
	Sort  (cost=389.43..389.67 rows=97 width=121)
	  Sort Key: c
	  ->  Index Scan using sbtest3_pkey on sbtest3  (cost=0.43..386.23 rows=97 width=121)
	        Index Cond: ((id >= 916008) AND (id <= 916107))

table 4 : explain SELECT c FROM sbtest4 WHERE id BETWEEN 8636402 AND 8636501 ORDER BY c
	Sort  (cost=419.93..420.19 rows=105 width=121)
	  Sort Key: c
	  ->  Index Scan using sbtest4_pkey on sbtest4  (cost=0.43..416.40 rows=105 width=121)
	        Index Cond: ((id >= 8636402) AND (id <= 8636501))

table 5 : explain SELECT c FROM sbtest5 WHERE id BETWEEN 9712949 AND 9713048 ORDER BY c
	Sort  (cost=380.69..380.93 rows=95 width=121)
	  Sort Key: c
	  ->  Index Scan using sbtest5_pkey on sbtest5  (cost=0.43..377.57 rows=95 width=121)
	        Index Cond: ((id >= 9712949) AND (id <= 9713048))

table 6 : explain SELECT c FROM sbtest6 WHERE id BETWEEN 7480786 AND 7480885 ORDER BY c
	Sort  (cost=389.98..390.22 rows=97 width=121)
	  Sort Key: c
	  ->  Index Scan using sbtest6_pkey on sbtest6  (cost=0.43..386.78 rows=97 width=121)
	        Index Cond: ((id >= 7480786) AND (id <= 7480885))

table 7 : explain SELECT c FROM sbtest7 WHERE id BETWEEN 6877688 AND 6877787 ORDER BY c
	Sort  (cost=400.12..400.37 rows=100 width=121)
	  Sort Key: c
	  ->  Index Scan using sbtest7_pkey on sbtest7  (cost=0.43..396.80 rows=100 width=121)
	        Index Cond: ((id >= 6877688) AND (id <= 6877787))

table 8 : explain SELECT c FROM sbtest8 WHERE id BETWEEN 63106 AND 63205 ORDER BY c
	Sort  (cost=387.28..387.52 rows=97 width=121)
	  Sort Key: c
	  ->  Index Scan using sbtest8_pkey on sbtest8  (cost=0.43..384.08 rows=97 width=121)
	        Index Cond: ((id >= 63106) AND (id <= 63205))

for: sum_ranges
table 1 : explain SELECT SUM(k) FROM sbtest1 WHERE id BETWEEN 3341651 AND 3341750
	Aggregate  (cost=390.45..390.46 rows=1 width=8)
	  ->  Index Scan using sbtest1_pkey on sbtest1  (cost=0.43..390.20 rows=98 width=4)
	        Index Cond: ((id >= 3341651) AND (id <= 3341750))

table 2 : explain SELECT SUM(k) FROM sbtest2 WHERE id BETWEEN 3406303 AND 3406402
	Aggregate  (cost=381.59..381.60 rows=1 width=8)
	  ->  Index Scan using sbtest2_pkey on sbtest2  (cost=0.43..381.35 rows=96 width=4)
	        Index Cond: ((id >= 3406303) AND (id <= 3406402))

table 3 : explain SELECT SUM(k) FROM sbtest3 WHERE id BETWEEN 6352652 AND 6352751
	Aggregate  (cost=354.95..354.96 rows=1 width=8)
	  ->  Index Scan using sbtest3_pkey on sbtest3  (cost=0.43..354.73 rows=89 width=4)
	        Index Cond: ((id >= 6352652) AND (id <= 6352751))

table 4 : explain SELECT SUM(k) FROM sbtest4 WHERE id BETWEEN 7482095 AND 7482194
	Aggregate  (cost=389.20..389.21 rows=1 width=8)
	  ->  Index Scan using sbtest4_pkey on sbtest4  (cost=0.43..388.95 rows=98 width=4)
	        Index Cond: ((id >= 7482095) AND (id <= 7482194))

table 5 : explain SELECT SUM(k) FROM sbtest5 WHERE id BETWEEN 8743610 AND 8743709
	Aggregate  (cost=436.73..436.74 rows=1 width=8)
	  ->  Index Scan using sbtest5_pkey on sbtest5  (cost=0.43..436.46 rows=110 width=4)
	        Index Cond: ((id >= 8743610) AND (id <= 8743709))

table 6 : explain SELECT SUM(k) FROM sbtest6 WHERE id BETWEEN 7570183 AND 7570282
	Aggregate  (cost=446.16..446.17 rows=1 width=8)
	  ->  Index Scan using sbtest6_pkey on sbtest6  (cost=0.43..445.88 rows=112 width=4)
	        Index Cond: ((id >= 7570183) AND (id <= 7570282))

table 7 : explain SELECT SUM(k) FROM sbtest7 WHERE id BETWEEN 6794463 AND 6794562
	Aggregate  (cost=408.82..408.83 rows=1 width=8)
	  ->  Index Scan using sbtest7_pkey on sbtest7  (cost=0.43..408.56 rows=103 width=4)
	        Index Cond: ((id >= 6794463) AND (id <= 6794562))

table 8 : explain SELECT SUM(k) FROM sbtest8 WHERE id BETWEEN 6468722 AND 6468821
	Aggregate  (cost=423.46..423.47 rows=1 width=8)
	  ->  Index Scan using sbtest8_pkey on sbtest8  (cost=0.43..423.20 rows=107 width=4)
	        Index Cond: ((id >= 6468722) AND (id <= 6468821))

for point_selects
table 1 : explain SELECT c FROM sbtest1 WHERE id=3278875
	Index Scan using sbtest1_pkey on sbtest1  (cost=0.43..8.45 rows=1 width=121)
	  Index Cond: (id = 3278875)

table 2 : explain SELECT c FROM sbtest2 WHERE id=6988485
	Index Scan using sbtest2_pkey on sbtest2  (cost=0.43..8.45 rows=1 width=121)
	  Index Cond: (id = 6988485)

table 3 : explain SELECT c FROM sbtest3 WHERE id=6115605
	Index Scan using sbtest3_pkey on sbtest3  (cost=0.43..8.45 rows=1 width=121)
	  Index Cond: (id = 6115605)

table 4 : explain SELECT c FROM sbtest4 WHERE id=1403351
	Index Scan using sbtest4_pkey on sbtest4  (cost=0.43..8.45 rows=1 width=121)
	  Index Cond: (id = 1403351)

table 5 : explain SELECT c FROM sbtest5 WHERE id=962588
	Index Scan using sbtest5_pkey on sbtest5  (cost=0.43..8.45 rows=1 width=121)
	  Index Cond: (id = 962588)

table 6 : explain SELECT c FROM sbtest6 WHERE id=7849750
	Index Scan using sbtest6_pkey on sbtest6  (cost=0.43..8.45 rows=1 width=121)
	  Index Cond: (id = 7849750)

table 7 : explain SELECT c FROM sbtest7 WHERE id=2044357
	Index Scan using sbtest7_pkey on sbtest7  (cost=0.43..8.45 rows=1 width=121)
	  Index Cond: (id = 2044357)

table 8 : explain SELECT c FROM sbtest8 WHERE id=5221807
	Index Scan using sbtest8_pkey on sbtest8  (cost=0.43..8.45 rows=1 width=121)
	  Index Cond: (id = 5221807)

for: order_ranges
table 1 : explain SELECT c FROM sbtest1 WHERE id BETWEEN 9144763 AND 9144862 ORDER BY c
	Sort  (cost=429.23..429.49 rows=107 width=121)
	  Sort Key: c
	  ->  Index Scan using sbtest1_pkey on sbtest1  (cost=0.43..425.62 rows=107 width=121)
	        Index Cond: ((id >= 9144763) AND (id <= 9144862))

table 2 : explain SELECT c FROM sbtest2 WHERE id BETWEEN 2231835 AND 2231934 ORDER BY c
	Sort  (cost=368.63..368.86 rows=92 width=121)
	  Sort Key: c
	  ->  Index Scan using sbtest2_pkey on sbtest2  (cost=0.43..365.63 rows=92 width=121)
	        Index Cond: ((id >= 2231835) AND (id <= 2231934))

table 3 : explain SELECT c FROM sbtest3 WHERE id BETWEEN 6356202 AND 6356301 ORDER BY c
	Sort  (cost=357.61..357.83 rows=89 width=121)
	  Sort Key: c
	  ->  Index Scan using sbtest3_pkey on sbtest3  (cost=0.43..354.73 rows=89 width=121)
	        Index Cond: ((id >= 6356202) AND (id <= 6356301))

table 4 : explain SELECT c FROM sbtest4 WHERE id BETWEEN 4774274 AND 4774373 ORDER BY c
	Sort  (cost=372.36..372.59 rows=93 width=121)
	  Sort Key: c
	  ->  Index Scan using sbtest4_pkey on sbtest4  (cost=0.43..369.32 rows=93 width=121)
	        Index Cond: ((id >= 4774274) AND (id <= 4774373))

table 5 : explain SELECT c FROM sbtest5 WHERE id BETWEEN 4944199 AND 4944298 ORDER BY c
	Sort  (cost=372.73..372.97 rows=93 width=121)
	  Sort Key: c
	  ->  Index Scan using sbtest5_pkey on sbtest5  (cost=0.43..369.69 rows=93 width=121)
	        Index Cond: ((id >= 4944199) AND (id <= 4944298))

table 6 : explain SELECT c FROM sbtest6 WHERE id BETWEEN 4291903 AND 4292002 ORDER BY c
	Sort  (cost=374.04..374.27 rows=93 width=121)
	  Sort Key: c
	  ->  Index Scan using sbtest6_pkey on sbtest6  (cost=0.43..370.99 rows=93 width=121)
	        Index Cond: ((id >= 4291903) AND (id <= 4292002))

table 7 : explain SELECT c FROM sbtest7 WHERE id BETWEEN 2775013 AND 2775112 ORDER BY c
	Sort  (cost=364.44..364.66 rows=91 width=121)
	  Sort Key: c
	  ->  Index Scan using sbtest7_pkey on sbtest7  (cost=0.43..361.47 rows=91 width=121)
	        Index Cond: ((id >= 2775013) AND (id <= 2775112))

table 8 : explain SELECT c FROM sbtest8 WHERE id BETWEEN 1809361 AND 1809460 ORDER BY c
	Sort  (cost=387.28..387.52 rows=97 width=121)
	  Sort Key: c
	  ->  Index Scan using sbtest8_pkey on sbtest8  (cost=0.43..384.08 rows=97 width=121)
	        Index Cond: ((id >= 1809361) AND (id <= 1809460))

explain: for point_selects :: explain SELECT c FROM sbtest%u WHERE id=%u
for: simple_ranges
table 1 : explain SELECT c FROM sbtest1 WHERE id BETWEEN 3065994 AND 3066093
	Index Scan using sbtest1_pkey on sbtest1  (cost=0.43..398.07 rows=100 width=121)
	  Index Cond: ((id >= 3065994) AND (id <= 3066093))

table 2 : explain SELECT c FROM sbtest2 WHERE id BETWEEN 713920 AND 714019
	Index Scan using sbtest2_pkey on sbtest2  (cost=0.43..377.43 rows=95 width=121)
	  Index Cond: ((id >= 713920) AND (id <= 714019))

table 3 : explain SELECT c FROM sbtest3 WHERE id BETWEEN 7594640 AND 7594739
	Index Scan using sbtest3_pkey on sbtest3  (cost=0.43..390.16 rows=98 width=121)
	  Index Cond: ((id >= 7594640) AND (id <= 7594739))

table 4 : explain SELECT c FROM sbtest4 WHERE id BETWEEN 7756982 AND 7757081
	Index Scan using sbtest4_pkey on sbtest4  (cost=0.43..412.48 rows=104 width=121)
	  Index Cond: ((id >= 7756982) AND (id <= 7757081))

table 5 : explain SELECT c FROM sbtest5 WHERE id BETWEEN 7311430 AND 7311529
	Index Scan using sbtest5_pkey on sbtest5  (cost=0.43..416.83 rows=105 width=121)
	  Index Cond: ((id >= 7311430) AND (id <= 7311529))

table 6 : explain SELECT c FROM sbtest6 WHERE id BETWEEN 8113224 AND 8113323
	Index Scan using sbtest6_pkey on sbtest6  (cost=0.43..390.72 rows=98 width=121)
	  Index Cond: ((id >= 8113224) AND (id <= 8113323))

table 7 : explain SELECT c FROM sbtest7 WHERE id BETWEEN 3034182 AND 3034281
	Index Scan using sbtest7_pkey on sbtest7  (cost=0.43..388.95 rows=98 width=121)
	  Index Cond: ((id >= 3034182) AND (id <= 3034281))

table 8 : explain SELECT c FROM sbtest8 WHERE id BETWEEN 5505341 AND 5505440
	Index Scan using sbtest8_pkey on sbtest8  (cost=0.43..391.90 rows=99 width=121)
	  Index Cond: ((id >= 5505341) AND (id <= 5505440))

for: distinct_ranges
table 1 : explain SELECT DISTINCT c FROM sbtest1 WHERE id BETWEEN 110084 AND 110183 ORDER BY c
	Unique  (cost=409.35..409.86 rows=102 width=121)
	  ->  Sort  (cost=409.35..409.60 rows=102 width=121)
	        Sort Key: c
	        ->  Index Scan using sbtest1_pkey on sbtest1  (cost=0.43..405.94 rows=102 width=121)
	              Index Cond: ((id >= 110084) AND (id <= 110183))

table 2 : explain SELECT DISTINCT c FROM sbtest2 WHERE id BETWEEN 5341740 AND 5341839 ORDER BY c
	Unique  (cost=408.30..408.81 rows=102 width=121)
	  ->  Sort  (cost=408.30..408.55 rows=102 width=121)
	        Sort Key: c
	        ->  Index Scan using sbtest2_pkey on sbtest2  (cost=0.43..404.90 rows=102 width=121)
	              Index Cond: ((id >= 5341740) AND (id <= 5341839))

table 3 : explain SELECT DISTINCT c FROM sbtest3 WHERE id BETWEEN 5393664 AND 5393763 ORDER BY c
	Unique  (cost=413.28..413.79 rows=103 width=121)
	  ->  Sort  (cost=413.28..413.53 rows=103 width=121)
	        Sort Key: c
	        ->  Index Scan using sbtest3_pkey on sbtest3  (cost=0.43..409.83 rows=103 width=121)
	              Index Cond: ((id >= 5393664) AND (id <= 5393763))

table 4 : explain SELECT DISTINCT c FROM sbtest4 WHERE id BETWEEN 6892162 AND 6892261 ORDER BY c
	Unique  (cost=419.93..420.45 rows=105 width=121)
	  ->  Sort  (cost=419.93..420.19 rows=105 width=121)
	        Sort Key: c
	        ->  Index Scan using sbtest4_pkey on sbtest4  (cost=0.43..416.40 rows=105 width=121)
	              Index Cond: ((id >= 6892162) AND (id <= 6892261))

table 5 : explain SELECT DISTINCT c FROM sbtest5 WHERE id BETWEEN 264380 AND 264479 ORDER BY c
	Unique  (cost=412.42..412.93 rows=103 width=121)
	  ->  Sort  (cost=412.42..412.68 rows=103 width=121)
	        Sort Key: c
	        ->  Index Scan using sbtest5_pkey on sbtest5  (cost=0.43..408.98 rows=103 width=121)
	              Index Cond: ((id >= 264380) AND (id <= 264479))

table 6 : explain SELECT DISTINCT c FROM sbtest6 WHERE id BETWEEN 6615983 AND 6616082 ORDER BY c
	Unique  (cost=382.02..382.49 rows=95 width=121)
	  ->  Sort  (cost=382.02..382.25 rows=95 width=121)
	        Sort Key: c
	        ->  Index Scan using sbtest6_pkey on sbtest6  (cost=0.43..378.90 rows=95 width=121)
	              Index Cond: ((id >= 6615983) AND (id <= 6616082))

table 7 : explain SELECT DISTINCT c FROM sbtest7 WHERE id BETWEEN 9885445 AND 9885544 ORDER BY c
	Unique  (cost=380.28..380.76 rows=95 width=121)
	  ->  Sort  (cost=380.28..380.52 rows=95 width=121)
	        Sort Key: c
	        ->  Index Scan using sbtest7_pkey on sbtest7  (cost=0.43..377.16 rows=95 width=121)
	              Index Cond: ((id >= 9885445) AND (id <= 9885544))

table 8 : explain SELECT DISTINCT c FROM sbtest8 WHERE id BETWEEN 5994082 AND 5994181 ORDER BY c
	Unique  (cost=363.54..363.99 rows=91 width=121)
	  ->  Sort  (cost=363.54..363.77 rows=91 width=121)
	        Sort Key: c
	        ->  Index Scan using sbtest8_pkey on sbtest8  (cost=0.43..360.58 rows=91 width=121)
	              Index Cond: ((id >= 5994082) AND (id <= 5994181))

explain: for point_selects :: explain SELECT c FROM sbtest%u WHERE id=%u
for: simple_ranges
table 1 : explain SELECT c FROM sbtest1 WHERE id BETWEEN 2238303 AND 2238402
	Index Scan using sbtest1_pkey on sbtest1  (cost=0.43..425.62 rows=107 width=121)
	  Index Cond: ((id >= 2238303) AND (id <= 2238402))

table 2 : explain SELECT c FROM sbtest2 WHERE id BETWEEN 6670377 AND 6670476
	Index Scan using sbtest2_pkey on sbtest2  (cost=0.43..377.43 rows=95 width=121)
	  Index Cond: ((id >= 6670377) AND (id <= 6670476))

table 3 : explain SELECT c FROM sbtest3 WHERE id BETWEEN 334422 AND 334521
	Index Scan using sbtest3_pkey on sbtest3  (cost=0.43..362.60 rows=91 width=121)
	  Index Cond: ((id >= 334422) AND (id <= 334521))

table 4 : explain SELECT c FROM sbtest4 WHERE id BETWEEN 1965285 AND 1965384
	Index Scan using sbtest4_pkey on sbtest4  (cost=0.43..392.87 rows=99 width=121)
	  Index Cond: ((id >= 1965285) AND (id <= 1965384))

table 5 : explain SELECT c FROM sbtest5 WHERE id BETWEEN 93375 AND 93474
	Index Scan using sbtest5_pkey on sbtest5  (cost=0.43..416.83 rows=105 width=121)
	  Index Cond: ((id >= 93375) AND (id <= 93474))

table 6 : explain SELECT c FROM sbtest6 WHERE id BETWEEN 7724712 AND 7724811
	Index Scan using sbtest6_pkey on sbtest6  (cost=0.43..343.41 rows=86 width=121)
	  Index Cond: ((id >= 7724712) AND (id <= 7724811))

table 7 : explain SELECT c FROM sbtest7 WHERE id BETWEEN 5449083 AND 5449182
	Index Scan using sbtest7_pkey on sbtest7  (cost=0.43..412.48 rows=104 width=121)
	  Index Cond: ((id >= 5449083) AND (id <= 5449182))

table 8 : explain SELECT c FROM sbtest8 WHERE id BETWEEN 5217927 AND 5218026
	Index Scan using sbtest8_pkey on sbtest8  (cost=0.43..376.25 rows=95 width=121)
	  Index Cond: ((id >= 5217927) AND (id <= 5218026))

for: order_ranges
table 1 : explain SELECT c FROM sbtest1 WHERE id BETWEEN 2684229 AND 2684328 ORDER BY c
	Sort  (cost=405.37..405.62 rows=101 width=121)
	  Sort Key: c
	  ->  Index Scan using sbtest1_pkey on sbtest1  (cost=0.43..402.01 rows=101 width=121)
	        Index Cond: ((id >= 2684229) AND (id <= 2684328))

table 2 : explain SELECT c FROM sbtest2 WHERE id BETWEEN 1832540 AND 1832639 ORDER BY c
	Sort  (cost=404.33..404.59 rows=101 width=121)
	  Sort Key: c
	  ->  Index Scan using sbtest2_pkey on sbtest2  (cost=0.43..400.97 rows=101 width=121)
	        Index Cond: ((id >= 1832540) AND (id <= 1832639))

table 3 : explain SELECT c FROM sbtest3 WHERE id BETWEEN 5082893 AND 5082992 ORDER BY c
	Sort  (cost=421.23..421.49 rows=105 width=121)
	  Sort Key: c
	  ->  Index Scan using sbtest3_pkey on sbtest3  (cost=0.43..417.70 rows=105 width=121)
	        Index Cond: ((id >= 5082893) AND (id <= 5082992))

table 4 : explain SELECT c FROM sbtest4 WHERE id BETWEEN 791973 AND 792072 ORDER BY c
	Sort  (cost=392.19..392.44 rows=98 width=121)
	  Sort Key: c
	  ->  Index Scan using sbtest4_pkey on sbtest4  (cost=0.43..388.95 rows=98 width=121)
	        Index Cond: ((id >= 791973) AND (id <= 792072))

table 5 : explain SELECT c FROM sbtest5 WHERE id BETWEEN 1666612 AND 1666711 ORDER BY c
	Sort  (cost=380.69..380.93 rows=95 width=121)
	  Sort Key: c
	  ->  Index Scan using sbtest5_pkey on sbtest5  (cost=0.43..377.57 rows=95 width=121)
	        Index Cond: ((id >= 1666612) AND (id <= 1666711))

table 6 : explain SELECT c FROM sbtest6 WHERE id BETWEEN 4026622 AND 4026721 ORDER BY c
	Sort  (cost=417.84..418.10 rows=104 width=121)
	  Sort Key: c
	  ->  Index Scan using sbtest6_pkey on sbtest6  (cost=0.43..414.36 rows=104 width=121)
	        Index Cond: ((id >= 4026622) AND (id <= 4026721))

table 7 : explain SELECT c FROM sbtest7 WHERE id BETWEEN 8624333 AND 8624432 ORDER BY c
	Sort  (cost=419.93..420.19 rows=105 width=121)
	  Sort Key: c
	  ->  Index Scan using sbtest7_pkey on sbtest7  (cost=0.43..416.41 rows=105 width=121)
	        Index Cond: ((id >= 8624333) AND (id <= 8624432))

table 8 : explain SELECT c FROM sbtest8 WHERE id BETWEEN 5669937 AND 5670036 ORDER BY c
	Sort  (cost=407.04..407.29 rows=102 width=121)
	  Sort Key: c
	  ->  Index Scan using sbtest8_pkey on sbtest8  (cost=0.43..403.64 rows=102 width=121)
	        Index Cond: ((id >= 5669937) AND (id <= 5670036))

for: distinct_ranges
table 1 : explain SELECT DISTINCT c FROM sbtest1 WHERE id BETWEEN 372781 AND 372880 ORDER BY c
	Unique  (cost=397.42..397.92 rows=99 width=121)
	  ->  Sort  (cost=397.42..397.67 rows=99 width=121)
	        Sort Key: c
	        ->  Index Scan using sbtest1_pkey on sbtest1  (cost=0.43..394.14 rows=99 width=121)
	              Index Cond: ((id >= 372781) AND (id <= 372880))

table 2 : explain SELECT DISTINCT c FROM sbtest2 WHERE id BETWEEN 4812147 AND 4812246 ORDER BY c
	Unique  (cost=412.26..412.78 rows=103 width=121)
	  ->  Sort  (cost=412.26..412.52 rows=103 width=121)
	        Sort Key: c
	        ->  Index Scan using sbtest2_pkey on sbtest2  (cost=0.43..408.82 rows=103 width=121)
	              Index Cond: ((id >= 4812147) AND (id <= 4812246))

table 3 : explain SELECT DISTINCT c FROM sbtest3 WHERE id BETWEEN 2006019 AND 2006118 ORDER BY c
	Unique  (cost=397.38..397.87 rows=99 width=121)
	  ->  Sort  (cost=397.38..397.62 rows=99 width=121)
	        Sort Key: c
	        ->  Index Scan using sbtest3_pkey on sbtest3  (cost=0.43..394.09 rows=99 width=121)
	              Index Cond: ((id >= 2006019) AND (id <= 2006118))

table 4 : explain SELECT DISTINCT c FROM sbtest4 WHERE id BETWEEN 874748 AND 874847 ORDER BY c
	Unique  (cost=392.19..392.68 rows=98 width=121)
	  ->  Sort  (cost=392.19..392.44 rows=98 width=121)
	        Sort Key: c
	        ->  Index Scan using sbtest4_pkey on sbtest4  (cost=0.43..388.95 rows=98 width=121)
	              Index Cond: ((id >= 874748) AND (id <= 874847))

table 5 : explain SELECT DISTINCT c FROM sbtest5 WHERE id BETWEEN 3387350 AND 3387449 ORDER BY c
	Unique  (cost=388.62..389.11 rows=97 width=121)
	  ->  Sort  (cost=388.62..388.86 rows=97 width=121)
	        Sort Key: c
	        ->  Index Scan using sbtest5_pkey on sbtest5  (cost=0.43..385.42 rows=97 width=121)
	              Index Cond: ((id >= 3387350) AND (id <= 3387449))

table 6 : explain SELECT DISTINCT c FROM sbtest6 WHERE id BETWEEN 9723529 AND 9723628 ORDER BY c
	Unique  (cost=382.02..382.49 rows=95 width=121)
	  ->  Sort  (cost=382.02..382.25 rows=95 width=121)
	        Sort Key: c
	        ->  Index Scan using sbtest6_pkey on sbtest6  (cost=0.43..378.90 rows=95 width=121)
	              Index Cond: ((id >= 9723529) AND (id <= 9723628))

table 7 : explain SELECT DISTINCT c FROM sbtest7 WHERE id BETWEEN 9212186 AND 9212285 ORDER BY c
	Unique  (cost=384.24..384.72 rows=96 width=121)
	  ->  Sort  (cost=384.24..384.48 rows=96 width=121)
	        Sort Key: c
	        ->  Index Scan using sbtest7_pkey on sbtest7  (cost=0.43..381.08 rows=96 width=121)
	              Index Cond: ((id >= 9212186) AND (id <= 9212285))

table 8 : explain SELECT DISTINCT c FROM sbtest8 WHERE id BETWEEN 7830380 AND 7830479 ORDER BY c
	Unique  (cost=407.04..407.55 rows=102 width=121)
	  ->  Sort  (cost=407.04..407.29 rows=102 width=121)
	        Sort Key: c
	        ->  Index Scan using sbtest8_pkey on sbtest8  (cost=0.43..403.64 rows=102 width=121)
	              Index Cond: ((id >= 7830380) AND (id <= 7830479))

for: simple_ranges
table 1 : explain SELECT c FROM sbtest1 WHERE id BETWEEN 8601803 AND 8601902
	Index Scan using sbtest1_pkey on sbtest1  (cost=0.43..382.33 rows=96 width=121)
	  Index Cond: ((id >= 8601803) AND (id <= 8601902))

table 2 : explain SELECT c FROM sbtest2 WHERE id BETWEEN 3903207 AND 3903306
	Index Scan using sbtest2_pkey on sbtest2  (cost=0.43..412.75 rows=104 width=121)
	  Index Cond: ((id >= 3903207) AND (id <= 3903306))

table 3 : explain SELECT c FROM sbtest3 WHERE id BETWEEN 9289989 AND 9290088
	Index Scan using sbtest3_pkey on sbtest3  (cost=0.43..370.47 rows=93 width=121)
	  Index Cond: ((id >= 9289989) AND (id <= 9290088))

table 4 : explain SELECT c FROM sbtest4 WHERE id BETWEEN 9431180 AND 9431279
	Index Scan using sbtest4_pkey on sbtest4  (cost=0.43..416.40 rows=105 width=121)
	  Index Cond: ((id >= 9431180) AND (id <= 9431279))

table 5 : explain SELECT c FROM sbtest5 WHERE id BETWEEN 1342180 AND 1342279
	Index Scan using sbtest5_pkey on sbtest5  (cost=0.43..393.27 rows=99 width=121)
	  Index Cond: ((id >= 1342180) AND (id <= 1342279))

table 6 : explain SELECT c FROM sbtest6 WHERE id BETWEEN 5548815 AND 5548914
	Index Scan using sbtest6_pkey on sbtest6  (cost=0.43..414.36 rows=104 width=121)
	  Index Cond: ((id >= 5548815) AND (id <= 5548914))

table 7 : explain SELECT c FROM sbtest7 WHERE id BETWEEN 8124535 AND 8124634
	Index Scan using sbtest7_pkey on sbtest7  (cost=0.43..424.25 rows=107 width=121)
	  Index Cond: ((id >= 8124535) AND (id <= 8124634))

table 8 : explain SELECT c FROM sbtest8 WHERE id BETWEEN 3703198 AND 3703297
	Index Scan using sbtest8_pkey on sbtest8  (cost=0.43..415.37 rows=105 width=121)
	  Index Cond: ((id >= 3703198) AND (id <= 3703297))

for: distinct_ranges
table 1 : explain SELECT DISTINCT c FROM sbtest1 WHERE id BETWEEN 4060790 AND 4060889 ORDER BY c
	Unique  (cost=377.55..378.02 rows=94 width=121)
	  ->  Sort  (cost=377.55..377.78 rows=94 width=121)
	        Sort Key: c
	        ->  Index Scan using sbtest1_pkey on sbtest1  (cost=0.43..374.46 rows=94 width=121)
	              Index Cond: ((id >= 4060790) AND (id <= 4060889))

table 2 : explain SELECT DISTINCT c FROM sbtest2 WHERE id BETWEEN 5889638 AND 5889737 ORDER BY c
	Unique  (cost=436.06..436.60 rows=109 width=121)
	  ->  Sort  (cost=436.06..436.33 rows=109 width=121)
	        Sort Key: c
	        ->  Index Scan using sbtest2_pkey on sbtest2  (cost=0.43..432.37 rows=109 width=121)
	              Index Cond: ((id >= 5889638) AND (id <= 5889737))

table 3 : explain SELECT DISTINCT c FROM sbtest3 WHERE id BETWEEN 6077664 AND 6077763 ORDER BY c
	Unique  (cost=453.03..453.60 rows=113 width=121)
	  ->  Sort  (cost=453.03..453.31 rows=113 width=121)
	        Sort Key: c
	        ->  Index Scan using sbtest3_pkey on sbtest3  (cost=0.43..449.18 rows=113 width=121)
	              Index Cond: ((id >= 6077664) AND (id <= 6077763))

table 4 : explain SELECT DISTINCT c FROM sbtest4 WHERE id BETWEEN 775441 AND 775540 ORDER BY c
	Unique  (cost=415.97..416.49 rows=104 width=121)
	  ->  Sort  (cost=415.97..416.23 rows=104 width=121)
	        Sort Key: c
	        ->  Index Scan using sbtest4_pkey on sbtest4  (cost=0.43..412.48 rows=104 width=121)
	              Index Cond: ((id >= 775441) AND (id <= 775540))

table 5 : explain SELECT DISTINCT c FROM sbtest5 WHERE id BETWEEN 9638393 AND 9638492 ORDER BY c
	Unique  (cost=408.45..408.96 rows=102 width=121)
	  ->  Sort  (cost=408.45..408.71 rows=102 width=121)
	        Sort Key: c
	        ->  Index Scan using sbtest5_pkey on sbtest5  (cost=0.43..405.05 rows=102 width=121)
	              Index Cond: ((id >= 9638393) AND (id <= 9638492))

table 6 : explain SELECT DISTINCT c FROM sbtest6 WHERE id BETWEEN 4164723 AND 4164822 ORDER BY c
	Unique  (cost=374.04..374.50 rows=93 width=121)
	  ->  Sort  (cost=374.04..374.27 rows=93 width=121)
	        Sort Key: c
	        ->  Index Scan using sbtest6_pkey on sbtest6  (cost=0.43..370.99 rows=93 width=121)
	              Index Cond: ((id >= 4164723) AND (id <= 4164822))

table 7 : explain SELECT DISTINCT c FROM sbtest7 WHERE id BETWEEN 419032 AND 419131 ORDER BY c
	Unique  (cost=412.01..412.52 rows=103 width=121)
	  ->  Sort  (cost=412.01..412.26 rows=103 width=121)
	        Sort Key: c
	        ->  Index Scan using sbtest7_pkey on sbtest7  (cost=0.43..408.56 rows=103 width=121)
	              Index Cond: ((id >= 419032) AND (id <= 419131))

table 8 : explain SELECT DISTINCT c FROM sbtest8 WHERE id BETWEEN 3164915 AND 3165014 ORDER BY c
	Unique  (cost=399.13..399.63 rows=100 width=121)
	  ->  Sort  (cost=399.13..399.38 rows=100 width=121)
	        Sort Key: c
	        ->  Index Scan using sbtest8_pkey on sbtest8  (cost=0.43..395.81 rows=100 width=121)
	              Index Cond: ((id >= 3164915) AND (id <= 3165014))

for: sum_ranges
table 1 : explain SELECT SUM(k) FROM sbtest1 WHERE id BETWEEN 591589 AND 591688
	Aggregate  (cost=370.76..370.77 rows=1 width=8)
	  ->  Index Scan using sbtest1_pkey on sbtest1  (cost=0.43..370.53 rows=93 width=4)
	        Index Cond: ((id >= 591589) AND (id <= 591688))

table 2 : explain SELECT SUM(k) FROM sbtest2 WHERE id BETWEEN 6997454 AND 6997553
	Aggregate  (cost=377.66..377.67 rows=1 width=8)
	  ->  Index Scan using sbtest2_pkey on sbtest2  (cost=0.43..377.43 rows=95 width=4)
	        Index Cond: ((id >= 6997454) AND (id <= 6997553))

table 3 : explain SELECT SUM(k) FROM sbtest3 WHERE id BETWEEN 1036777 AND 1036876
	Aggregate  (cost=362.83..362.84 rows=1 width=8)
	  ->  Index Scan using sbtest3_pkey on sbtest3  (cost=0.43..362.60 rows=91 width=4)
	        Index Cond: ((id >= 1036777) AND (id <= 1036876))

table 4 : explain SELECT SUM(k) FROM sbtest4 WHERE id BETWEEN 9383251 AND 9383350
	Aggregate  (cost=377.42..377.43 rows=1 width=8)
	  ->  Index Scan using sbtest4_pkey on sbtest4  (cost=0.43..377.19 rows=95 width=4)
	        Index Cond: ((id >= 9383251) AND (id <= 9383350))

table 5 : explain SELECT SUM(k) FROM sbtest5 WHERE id BETWEEN 2540438 AND 2540537
	Aggregate  (cost=397.45..397.46 rows=1 width=8)
	  ->  Index Scan using sbtest5_pkey on sbtest5  (cost=0.43..397.20 rows=100 width=4)
	        Index Cond: ((id >= 2540438) AND (id <= 2540537))

table 6 : explain SELECT SUM(k) FROM sbtest6 WHERE id BETWEEN 2721605 AND 2721704
	Aggregate  (cost=363.34..363.35 rows=1 width=8)
	  ->  Index Scan using sbtest6_pkey on sbtest6  (cost=0.43..363.11 rows=91 width=4)
	        Index Cond: ((id >= 2721605) AND (id <= 2721704))

table 7 : explain SELECT SUM(k) FROM sbtest7 WHERE id BETWEEN 6561703 AND 6561802
	Aggregate  (cost=408.82..408.83 rows=1 width=8)
	  ->  Index Scan using sbtest7_pkey on sbtest7  (cost=0.43..408.56 rows=103 width=4)
	        Index Cond: ((id >= 6561703) AND (id <= 6561802))

table 8 : explain SELECT SUM(k) FROM sbtest8 WHERE id BETWEEN 6773777 AND 6773876
	Aggregate  (cost=372.55..372.56 rows=1 width=8)
	  ->  Index Scan using sbtest8_pkey on sbtest8  (cost=0.43..372.31 rows=94 width=4)
	        Index Cond: ((id >= 6773777) AND (id <= 6773876))

for: distinct_ranges
table 1 : explain SELECT DISTINCT c FROM sbtest1 WHERE id BETWEEN 8184588 AND 8184687 ORDER BY c
	Unique  (cost=425.25..425.78 rows=106 width=121)
	  ->  Sort  (cost=425.25..425.51 rows=106 width=121)
	        Sort Key: c
	        ->  Index Scan using sbtest1_pkey on sbtest1  (cost=0.43..421.68 rows=106 width=121)
	              Index Cond: ((id >= 8184588) AND (id <= 8184687))

table 2 : explain SELECT DISTINCT c FROM sbtest2 WHERE id BETWEEN 522097 AND 522196 ORDER BY c
	Unique  (cost=400.37..400.87 rows=100 width=121)
	  ->  Sort  (cost=400.37..400.62 rows=100 width=121)
	        Sort Key: c
	        ->  Index Scan using sbtest2_pkey on sbtest2  (cost=0.43..397.05 rows=100 width=121)
	              Index Cond: ((id >= 522097) AND (id <= 522196))

table 3 : explain SELECT DISTINCT c FROM sbtest3 WHERE id BETWEEN 1336771 AND 1336870 ORDER BY c
	Unique  (cost=385.45..385.93 rows=96 width=121)
	  ->  Sort  (cost=385.45..385.69 rows=96 width=121)
	        Sort Key: c
	        ->  Index Scan using sbtest3_pkey on sbtest3  (cost=0.43..382.29 rows=96 width=121)
	              Index Cond: ((id >= 1336771) AND (id <= 1336870))

table 4 : explain SELECT DISTINCT c FROM sbtest4 WHERE id BETWEEN 4360402 AND 4360501 ORDER BY c
	Unique  (cost=423.89..424.42 rows=106 width=121)
	  ->  Sort  (cost=423.89..424.16 rows=106 width=121)
	        Sort Key: c
	        ->  Index Scan using sbtest4_pkey on sbtest4  (cost=0.43..420.33 rows=106 width=121)
	              Index Cond: ((id >= 4360402) AND (id <= 4360501))

table 5 : explain SELECT DISTINCT c FROM sbtest5 WHERE id BETWEEN 8587577 AND 8587676 ORDER BY c
	Unique  (cost=416.39..416.91 rows=104 width=121)
	  ->  Sort  (cost=416.39..416.65 rows=104 width=121)
	        Sort Key: c
	        ->  Index Scan using sbtest5_pkey on sbtest5  (cost=0.43..412.90 rows=104 width=121)
	              Index Cond: ((id >= 8587577) AND (id <= 8587676))

table 6 : explain SELECT DISTINCT c FROM sbtest6 WHERE id BETWEEN 2660214 AND 2660313 ORDER BY c
	Unique  (cost=409.88..410.39 rows=102 width=121)
	  ->  Sort  (cost=409.88..410.13 rows=102 width=121)
	        Sort Key: c
	        ->  Index Scan using sbtest6_pkey on sbtest6  (cost=0.43..406.48 rows=102 width=121)
	              Index Cond: ((id >= 2660214) AND (id <= 2660313))

table 7 : explain SELECT DISTINCT c FROM sbtest7 WHERE id BETWEEN 7810059 AND 7810158 ORDER BY c
	Unique  (cost=431.82..432.36 rows=108 width=121)
	  ->  Sort  (cost=431.82..432.09 rows=108 width=121)
	        Sort Key: c
	        ->  Index Scan using sbtest7_pkey on sbtest7  (cost=0.43..428.17 rows=108 width=121)
	              Index Cond: ((id >= 7810059) AND (id <= 7810158))

table 8 : explain SELECT DISTINCT c FROM sbtest8 WHERE id BETWEEN 2595098 AND 2595197 ORDER BY c
	Unique  (cost=399.13..399.63 rows=100 width=121)
	  ->  Sort  (cost=399.13..399.38 rows=100 width=121)
	        Sort Key: c
	        ->  Index Scan using sbtest8_pkey on sbtest8  (cost=0.43..395.81 rows=100 width=121)
	              Index Cond: ((id >= 2595098) AND (id <= 2595197))

for: sum_ranges
table 1 : explain SELECT SUM(k) FROM sbtest1 WHERE id BETWEEN 7655515 AND 7655614
	Aggregate  (cost=418.01..418.02 rows=1 width=8)
	  ->  Index Scan using sbtest1_pkey on sbtest1  (cost=0.43..417.75 rows=105 width=4)
	        Index Cond: ((id >= 7655515) AND (id <= 7655614))

table 2 : explain SELECT SUM(k) FROM sbtest2 WHERE id BETWEEN 2019291 AND 2019390
	Aggregate  (cost=373.71..373.72 rows=1 width=8)
	  ->  Index Scan using sbtest2_pkey on sbtest2  (cost=0.43..373.48 rows=94 width=4)
	        Index Cond: ((id >= 2019291) AND (id <= 2019390))

table 3 : explain SELECT SUM(k) FROM sbtest3 WHERE id BETWEEN 9044085 AND 9044184
	Aggregate  (cost=390.41..390.42 rows=1 width=8)
	  ->  Index Scan using sbtest3_pkey on sbtest3  (cost=0.43..390.16 rows=98 width=4)
	        Index Cond: ((id >= 9044085) AND (id <= 9044184))

table 4 : explain SELECT SUM(k) FROM sbtest4 WHERE id BETWEEN 2163216 AND 2163315
	Aggregate  (cost=381.35..381.36 rows=1 width=8)
	  ->  Index Scan using sbtest4_pkey on sbtest4  (cost=0.43..381.11 rows=96 width=4)
	        Index Cond: ((id >= 2163216) AND (id <= 2163315))

table 5 : explain SELECT SUM(k) FROM sbtest5 WHERE id BETWEEN 1809112 AND 1809211
	Aggregate  (cost=405.30..405.31 rows=1 width=8)
	  ->  Index Scan using sbtest5_pkey on sbtest5  (cost=0.43..405.05 rows=102 width=4)
	        Index Cond: ((id >= 1809112) AND (id <= 1809211))

table 6 : explain SELECT SUM(k) FROM sbtest6 WHERE id BETWEEN 5549810 AND 5549909
	Aggregate  (cost=414.62..414.63 rows=1 width=8)
	  ->  Index Scan using sbtest6_pkey on sbtest6  (cost=0.43..414.36 rows=104 width=4)
	        Index Cond: ((id >= 5549810) AND (id <= 5549909))

table 7 : explain SELECT SUM(k) FROM sbtest7 WHERE id BETWEEN 6184184 AND 6184283
	Aggregate  (cost=369.55..369.56 rows=1 width=8)
	  ->  Index Scan using sbtest7_pkey on sbtest7  (cost=0.43..369.32 rows=93 width=4)
	        Index Cond: ((id >= 6184184) AND (id <= 6184283))

table 8 : explain SELECT SUM(k) FROM sbtest8 WHERE id BETWEEN 6059340 AND 6059439
	Aggregate  (cost=360.81..360.82 rows=1 width=8)
	  ->  Index Scan using sbtest8_pkey on sbtest8  (cost=0.43..360.58 rows=91 width=4)
	        Index Cond: ((id >= 6059340) AND (id <= 6059439))

for point_selects
table 1 : explain SELECT c FROM sbtest1 WHERE id=5460213
	Index Scan using sbtest1_pkey on sbtest1  (cost=0.43..8.45 rows=1 width=121)
	  Index Cond: (id = 5460213)

table 2 : explain SELECT c FROM sbtest2 WHERE id=2105670
	Index Scan using sbtest2_pkey on sbtest2  (cost=0.43..8.45 rows=1 width=121)
	  Index Cond: (id = 2105670)

table 3 : explain SELECT c FROM sbtest3 WHERE id=9310866
	Index Scan using sbtest3_pkey on sbtest3  (cost=0.43..8.45 rows=1 width=121)
	  Index Cond: (id = 9310866)

table 4 : explain SELECT c FROM sbtest4 WHERE id=6103361
	Index Scan using sbtest4_pkey on sbtest4  (cost=0.43..8.45 rows=1 width=121)
	  Index Cond: (id = 6103361)

table 5 : explain SELECT c FROM sbtest5 WHERE id=7839525
	Index Scan using sbtest5_pkey on sbtest5  (cost=0.43..8.45 rows=1 width=121)
	  Index Cond: (id = 7839525)

table 6 : explain SELECT c FROM sbtest6 WHERE id=9383820
	Index Scan using sbtest6_pkey on sbtest6  (cost=0.43..8.45 rows=1 width=121)
	  Index Cond: (id = 9383820)

table 7 : explain SELECT c FROM sbtest7 WHERE id=6067819
	Index Scan using sbtest7_pkey on sbtest7  (cost=0.43..8.45 rows=1 width=121)
	  Index Cond: (id = 6067819)

table 8 : explain SELECT c FROM sbtest8 WHERE id=1511460
	Index Scan using sbtest8_pkey on sbtest8  (cost=0.43..8.45 rows=1 width=121)
	  Index Cond: (id = 1511460)

for point_selects
table 1 : explain SELECT c FROM sbtest1 WHERE id=3869042
	Index Scan using sbtest1_pkey on sbtest1  (cost=0.43..8.45 rows=1 width=121)
	  Index Cond: (id = 3869042)

table 2 : explain SELECT c FROM sbtest2 WHERE id=735948
	Index Scan using sbtest2_pkey on sbtest2  (cost=0.43..8.45 rows=1 width=121)
	  Index Cond: (id = 735948)

table 3 : explain SELECT c FROM sbtest3 WHERE id=6928122
	Index Scan using sbtest3_pkey on sbtest3  (cost=0.43..8.45 rows=1 width=121)
	  Index Cond: (id = 6928122)

table 4 : explain SELECT c FROM sbtest4 WHERE id=5274227
	Index Scan using sbtest4_pkey on sbtest4  (cost=0.43..8.45 rows=1 width=121)
	  Index Cond: (id = 5274227)

table 5 : explain SELECT c FROM sbtest5 WHERE id=149220
	Index Scan using sbtest5_pkey on sbtest5  (cost=0.43..8.45 rows=1 width=121)
	  Index Cond: (id = 149220)

table 6 : explain SELECT c FROM sbtest6 WHERE id=8343038
	Index Scan using sbtest6_pkey on sbtest6  (cost=0.43..8.45 rows=1 width=121)
	  Index Cond: (id = 8343038)

table 7 : explain SELECT c FROM sbtest7 WHERE id=5472328
	Index Scan using sbtest7_pkey on sbtest7  (cost=0.43..8.45 rows=1 width=121)
	  Index Cond: (id = 5472328)

table 8 : explain SELECT c FROM sbtest8 WHERE id=5943749
	Index Scan using sbtest8_pkey on sbtest8  (cost=0.43..8.45 rows=1 width=121)
	  Index Cond: (id = 5943749)

for point_selects
table 1 : explain SELECT c FROM sbtest1 WHERE id=4536156
	Index Scan using sbtest1_pkey on sbtest1  (cost=0.43..8.45 rows=1 width=121)
	  Index Cond: (id = 4536156)

table 2 : explain SELECT c FROM sbtest2 WHERE id=2666921
	Index Scan using sbtest2_pkey on sbtest2  (cost=0.43..8.45 rows=1 width=121)
	  Index Cond: (id = 2666921)

table 3 : explain SELECT c FROM sbtest3 WHERE id=6568428
	Index Scan using sbtest3_pkey on sbtest3  (cost=0.43..8.45 rows=1 width=121)
	  Index Cond: (id = 6568428)

table 4 : explain SELECT c FROM sbtest4 WHERE id=38122
	Index Scan using sbtest4_pkey on sbtest4  (cost=0.43..8.45 rows=1 width=121)
	  Index Cond: (id = 38122)

table 5 : explain SELECT c FROM sbtest5 WHERE id=8356230
	Index Scan using sbtest5_pkey on sbtest5  (cost=0.43..8.45 rows=1 width=121)
	  Index Cond: (id = 8356230)

table 6 : explain SELECT c FROM sbtest6 WHERE id=3192474
	Index Scan using sbtest6_pkey on sbtest6  (cost=0.43..8.45 rows=1 width=121)
	  Index Cond: (id = 3192474)

table 7 : explain SELECT c FROM sbtest7 WHERE id=8260360
	Index Scan using sbtest7_pkey on sbtest7  (cost=0.43..8.45 rows=1 width=121)
	  Index Cond: (id = 8260360)

table 8 : explain SELECT c FROM sbtest8 WHERE id=6279498
	Index Scan using sbtest8_pkey on sbtest8  (cost=0.43..8.45 rows=1 width=121)
	  Index Cond: (id = 6279498)

for: sum_ranges
table 1 : explain SELECT SUM(k) FROM sbtest1 WHERE id BETWEEN 8449789 AND 8449888
	Aggregate  (cost=386.51..386.52 rows=1 width=8)
	  ->  Index Scan using sbtest1_pkey on sbtest1  (cost=0.43..386.27 rows=97 width=4)
	        Index Cond: ((id >= 8449789) AND (id <= 8449888))

table 2 : explain SELECT SUM(k) FROM sbtest2 WHERE id BETWEEN 6008524 AND 6008623
	Aggregate  (cost=440.49..440.50 rows=1 width=8)
	  ->  Index Scan using sbtest2_pkey on sbtest2  (cost=0.43..440.22 rows=111 width=4)
	        Index Cond: ((id >= 6008524) AND (id <= 6008623))

table 3 : explain SELECT SUM(k) FROM sbtest3 WHERE id BETWEEN 2369864 AND 2369963
	Aggregate  (cost=374.64..374.65 rows=1 width=8)
	  ->  Index Scan using sbtest3_pkey on sbtest3  (cost=0.43..374.40 rows=94 width=4)
	        Index Cond: ((id >= 2369864) AND (id <= 2369963))

table 4 : explain SELECT SUM(k) FROM sbtest4 WHERE id BETWEEN 1062090 AND 1062189
	Aggregate  (cost=381.35..381.36 rows=1 width=8)
	  ->  Index Scan using sbtest4_pkey on sbtest4  (cost=0.43..381.11 rows=96 width=4)
	        Index Cond: ((id >= 1062090) AND (id <= 1062189))

table 5 : explain SELECT SUM(k) FROM sbtest5 WHERE id BETWEEN 7742857 AND 7742956
	Aggregate  (cost=397.45..397.46 rows=1 width=8)
	  ->  Index Scan using sbtest5_pkey on sbtest5  (cost=0.43..397.20 rows=100 width=4)
	        Index Cond: ((id >= 7742857) AND (id <= 7742956))

table 6 : explain SELECT SUM(k) FROM sbtest6 WHERE id BETWEEN 6924461 AND 6924560
	Aggregate  (cost=387.02..387.03 rows=1 width=8)
	  ->  Index Scan using sbtest6_pkey on sbtest6  (cost=0.43..386.78 rows=97 width=4)
	        Index Cond: ((id >= 6924461) AND (id <= 6924560))

table 7 : explain SELECT SUM(k) FROM sbtest7 WHERE id BETWEEN 5475806 AND 5475905
	Aggregate  (cost=412.74..412.75 rows=1 width=8)
	  ->  Index Scan using sbtest7_pkey on sbtest7  (cost=0.43..412.48 rows=104 width=4)
	        Index Cond: ((id >= 5475806) AND (id <= 5475905))

table 8 : explain SELECT SUM(k) FROM sbtest8 WHERE id BETWEEN 375003 AND 375102
	Aggregate  (cost=399.98..399.99 rows=1 width=8)
	  ->  Index Scan using sbtest8_pkey on sbtest8  (cost=0.43..399.72 rows=101 width=4)
	        Index Cond: ((id >= 375003) AND (id <= 375102))

for: order_ranges
table 1 : explain SELECT c FROM sbtest1 WHERE id BETWEEN 8576380 AND 8576479 ORDER BY c
	Sort  (cost=385.50..385.74 rows=96 width=121)
	  Sort Key: c
	  ->  Index Scan using sbtest1_pkey on sbtest1  (cost=0.43..382.33 rows=96 width=121)
	        Index Cond: ((id >= 8576380) AND (id <= 8576479))

table 2 : explain SELECT c FROM sbtest2 WHERE id BETWEEN 9411216 AND 9411315 ORDER BY c
	Sort  (cost=400.37..400.62 rows=100 width=121)
	  Sort Key: c
	  ->  Index Scan using sbtest2_pkey on sbtest2  (cost=0.43..397.05 rows=100 width=121)
	        Index Cond: ((id >= 9411216) AND (id <= 9411315))

table 3 : explain SELECT c FROM sbtest3 WHERE id BETWEEN 6700000 AND 6700099 ORDER BY c
	Sort  (cost=437.13..437.40 rows=109 width=121)
	  Sort Key: c
	  ->  Index Scan using sbtest3_pkey on sbtest3  (cost=0.43..433.44 rows=109 width=121)
	        Index Cond: ((id >= 6700000) AND (id <= 6700099))

table 4 : explain SELECT c FROM sbtest4 WHERE id BETWEEN 4120397 AND 4120496 ORDER BY c
	Sort  (cost=384.27..384.51 rows=96 width=121)
	  Sort Key: c
	  ->  Index Scan using sbtest4_pkey on sbtest4  (cost=0.43..381.11 rows=96 width=121)
	        Index Cond: ((id >= 4120397) AND (id <= 4120496))

table 5 : explain SELECT c FROM sbtest5 WHERE id BETWEEN 3022447 AND 3022546 ORDER BY c
	Sort  (cost=364.80..365.03 rows=91 width=121)
	  Sort Key: c
	  ->  Index Scan using sbtest5_pkey on sbtest5  (cost=0.43..361.84 rows=91 width=121)
	        Index Cond: ((id >= 3022447) AND (id <= 3022546))

table 6 : explain SELECT c FROM sbtest6 WHERE id BETWEEN 3495552 AND 3495651 ORDER BY c
	Sort  (cost=386.00..386.24 rows=96 width=121)
	  Sort Key: c
	  ->  Index Scan using sbtest6_pkey on sbtest6  (cost=0.43..382.84 rows=96 width=121)
	        Index Cond: ((id >= 3495552) AND (id <= 3495651))

table 7 : explain SELECT c FROM sbtest7 WHERE id BETWEEN 8760822 AND 8760921 ORDER BY c
	Sort  (cost=388.21..388.45 rows=97 width=121)
	  Sort Key: c
	  ->  Index Scan using sbtest7_pkey on sbtest7  (cost=0.43..385.01 rows=97 width=121)
	        Index Cond: ((id >= 8760822) AND (id <= 8760921))

table 8 : explain SELECT c FROM sbtest8 WHERE id BETWEEN 3163197 AND 3163296 ORDER BY c
	Sort  (cost=399.13..399.38 rows=100 width=121)
	  Sort Key: c
	  ->  Index Scan using sbtest8_pkey on sbtest8  (cost=0.43..395.81 rows=100 width=121)
	        Index Cond: ((id >= 3163197) AND (id <= 3163296))

explain: for point_selects :: explain SELECT c FROM sbtest%u WHERE id=%u
for: simple_ranges
table 1 : explain SELECT c FROM sbtest1 WHERE id BETWEEN 391816 AND 391915
	Index Scan using sbtest1_pkey on sbtest1  (cost=0.43..394.14 rows=99 width=121)
	  Index Cond: ((id >= 391816) AND (id <= 391915))

table 2 : explain SELECT c FROM sbtest2 WHERE id BETWEEN 8122294 AND 8122393
	Index Scan using sbtest2_pkey on sbtest2  (cost=0.43..377.43 rows=95 width=121)
	  Index Cond: ((id >= 8122294) AND (id <= 8122393))

table 3 : explain SELECT c FROM sbtest3 WHERE id BETWEEN 1689006 AND 1689105
	Index Scan using sbtest3_pkey on sbtest3  (cost=0.43..409.83 rows=103 width=121)
	  Index Cond: ((id >= 1689006) AND (id <= 1689105))

table 4 : explain SELECT c FROM sbtest4 WHERE id BETWEEN 4467439 AND 4467538
	Index Scan using sbtest4_pkey on sbtest4  (cost=0.43..439.94 rows=111 width=121)
	  Index Cond: ((id >= 4467439) AND (id <= 4467538))

table 5 : explain SELECT c FROM sbtest5 WHERE id BETWEEN 1538592 AND 1538691
	Index Scan using sbtest5_pkey on sbtest5  (cost=0.43..389.35 rows=98 width=121)
	  Index Cond: ((id >= 1538592) AND (id <= 1538691))

table 6 : explain SELECT c FROM sbtest6 WHERE id BETWEEN 8769943 AND 8770042
	Index Scan using sbtest6_pkey on sbtest6  (cost=0.43..410.42 rows=103 width=121)
	  Index Cond: ((id >= 8769943) AND (id <= 8770042))

table 7 : explain SELECT c FROM sbtest7 WHERE id BETWEEN 8226137 AND 8226236
	Index Scan using sbtest7_pkey on sbtest7  (cost=0.43..447.78 rows=113 width=121)
	  Index Cond: ((id >= 8226137) AND (id <= 8226236))

table 8 : explain SELECT c FROM sbtest8 WHERE id BETWEEN 7322945 AND 7323044
	Index Scan using sbtest8_pkey on sbtest8  (cost=0.43..431.02 rows=109 width=121)
	  Index Cond: ((id >= 7322945) AND (id <= 7323044))

for: simple_ranges
table 1 : explain SELECT c FROM sbtest1 WHERE id BETWEEN 1287810 AND 1287909
	Index Scan using sbtest1_pkey on sbtest1  (cost=0.43..390.20 rows=98 width=121)
	  Index Cond: ((id >= 1287810) AND (id <= 1287909))

table 2 : explain SELECT c FROM sbtest2 WHERE id BETWEEN 8113705 AND 8113804
	Index Scan using sbtest2_pkey on sbtest2  (cost=0.43..377.43 rows=95 width=121)
	  Index Cond: ((id >= 8113705) AND (id <= 8113804))

table 3 : explain SELECT c FROM sbtest3 WHERE id BETWEEN 8504986 AND 8505085
	Index Scan using sbtest3_pkey on sbtest3  (cost=0.43..429.50 rows=108 width=121)
	  Index Cond: ((id >= 8504986) AND (id <= 8505085))

table 4 : explain SELECT c FROM sbtest4 WHERE id BETWEEN 2930299 AND 2930398
	Index Scan using sbtest4_pkey on sbtest4  (cost=0.43..388.95 rows=98 width=121)
	  Index Cond: ((id >= 2930299) AND (id <= 2930398))

table 5 : explain SELECT c FROM sbtest5 WHERE id BETWEEN 3229687 AND 3229786
	Index Scan using sbtest5_pkey on sbtest5  (cost=0.43..408.98 rows=103 width=121)
	  Index Cond: ((id >= 3229687) AND (id <= 3229786))

table 6 : explain SELECT c FROM sbtest6 WHERE id BETWEEN 5329418 AND 5329517
	Index Scan using sbtest6_pkey on sbtest6  (cost=0.43..382.84 rows=96 width=121)
	  Index Cond: ((id >= 5329418) AND (id <= 5329517))

table 7 : explain SELECT c FROM sbtest7 WHERE id BETWEEN 7737178 AND 7737277
	Index Scan using sbtest7_pkey on sbtest7  (cost=0.43..447.78 rows=113 width=121)
	  Index Cond: ((id >= 7737178) AND (id <= 7737277))

table 8 : explain SELECT c FROM sbtest8 WHERE id BETWEEN 2375774 AND 2375873
	Index Scan using sbtest8_pkey on sbtest8  (cost=0.43..403.64 rows=102 width=121)
	  Index Cond: ((id >= 2375774) AND (id <= 2375873))

for: order_ranges
table 1 : explain SELECT c FROM sbtest1 WHERE id BETWEEN 9582507 AND 9582606 ORDER BY c
	Sort  (cost=429.23..429.49 rows=107 width=121)
	  Sort Key: c
	  ->  Index Scan using sbtest1_pkey on sbtest1  (cost=0.43..425.62 rows=107 width=121)
	        Index Cond: ((id >= 9582507) AND (id <= 9582606))

table 2 : explain SELECT c FROM sbtest2 WHERE id BETWEEN 2324155 AND 2324254 ORDER BY c
	Sort  (cost=368.63..368.86 rows=92 width=121)
	  Sort Key: c
	  ->  Index Scan using sbtest2_pkey on sbtest2  (cost=0.43..365.63 rows=92 width=121)
	        Index Cond: ((id >= 2324155) AND (id <= 2324254))

table 3 : explain SELECT c FROM sbtest3 WHERE id BETWEEN 2817090 AND 2817189 ORDER BY c
	Sort  (cost=393.40..393.65 rows=98 width=121)
	  Sort Key: c
	  ->  Index Scan using sbtest3_pkey on sbtest3  (cost=0.43..390.16 rows=98 width=121)
	        Index Cond: ((id >= 2817090) AND (id <= 2817189))

table 4 : explain SELECT c FROM sbtest4 WHERE id BETWEEN 2435814 AND 2435913 ORDER BY c
	Sort  (cost=412.00..412.26 rows=103 width=121)
	  Sort Key: c
	  ->  Index Scan using sbtest4_pkey on sbtest4  (cost=0.43..408.56 rows=103 width=121)
	        Index Cond: ((id >= 2435814) AND (id <= 2435913))

table 5 : explain SELECT c FROM sbtest5 WHERE id BETWEEN 5590641 AND 5590740 ORDER BY c
	Sort  (cost=408.45..408.71 rows=102 width=121)
	  Sort Key: c
	  ->  Index Scan using sbtest5_pkey on sbtest5  (cost=0.43..405.05 rows=102 width=121)
	        Index Cond: ((id >= 5590641) AND (id <= 5590740))

table 6 : explain SELECT c FROM sbtest6 WHERE id BETWEEN 9044904 AND 9045003 ORDER BY c
	Sort  (cost=425.80..426.07 rows=106 width=121)
	  Sort Key: c
	  ->  Index Scan using sbtest6_pkey on sbtest6  (cost=0.43..422.24 rows=106 width=121)
	        Index Cond: ((id >= 9044904) AND (id <= 9045003))

table 7 : explain SELECT c FROM sbtest7 WHERE id BETWEEN 9224639 AND 9224738 ORDER BY c
	Sort  (cost=384.24..384.48 rows=96 width=121)
	  Sort Key: c
	  ->  Index Scan using sbtest7_pkey on sbtest7  (cost=0.43..381.08 rows=96 width=121)
	        Index Cond: ((id >= 9224639) AND (id <= 9224738))

table 8 : explain SELECT c FROM sbtest8 WHERE id BETWEEN 5145953 AND 5146052 ORDER BY c
	Sort  (cost=399.13..399.38 rows=100 width=121)
	  Sort Key: c
	  ->  Index Scan using sbtest8_pkey on sbtest8  (cost=0.43..395.81 rows=100 width=121)
	        Index Cond: ((id >= 5145953) AND (id <= 5146052))

for: distinct_ranges
table 1 : explain SELECT DISTINCT c FROM sbtest1 WHERE id BETWEEN 5365010 AND 5365109 ORDER BY c
	Unique  (cost=413.32..413.84 rows=103 width=121)
	  ->  Sort  (cost=413.32..413.58 rows=103 width=121)
	        Sort Key: c
	        ->  Index Scan using sbtest1_pkey on sbtest1  (cost=0.43..409.88 rows=103 width=121)
	              Index Cond: ((id >= 5365010) AND (id <= 5365109))

table 2 : explain SELECT DISTINCT c FROM sbtest2 WHERE id BETWEEN 2754401 AND 2754500 ORDER BY c
	Unique  (cost=416.23..416.75 rows=104 width=121)
	  ->  Sort  (cost=416.23..416.49 rows=104 width=121)
	        Sort Key: c
	        ->  Index Scan using sbtest2_pkey on sbtest2  (cost=0.43..412.75 rows=104 width=121)
	              Index Cond: ((id >= 2754401) AND (id <= 2754500))

table 3 : explain SELECT DISTINCT c FROM sbtest3 WHERE id BETWEEN 2161739 AND 2161838 ORDER BY c
	Unique  (cost=409.30..409.81 rows=102 width=121)
	  ->  Sort  (cost=409.30..409.56 rows=102 width=121)
	        Sort Key: c
	        ->  Index Scan using sbtest3_pkey on sbtest3  (cost=0.43..405.90 rows=102 width=121)
	              Index Cond: ((id >= 2161739) AND (id <= 2161838))

table 4 : explain SELECT DISTINCT c FROM sbtest4 WHERE id BETWEEN 8258908 AND 8259007 ORDER BY c
	Unique  (cost=404.08..404.58 rows=101 width=121)
	  ->  Sort  (cost=404.08..404.33 rows=101 width=121)
	        Sort Key: c
	        ->  Index Scan using sbtest4_pkey on sbtest4  (cost=0.43..400.72 rows=101 width=121)
	              Index Cond: ((id >= 8258908) AND (id <= 8259007))

table 5 : explain SELECT DISTINCT c FROM sbtest5 WHERE id BETWEEN 3969595 AND 3969694 ORDER BY c
	Unique  (cost=436.22..436.77 rows=109 width=121)
	  ->  Sort  (cost=436.22..436.49 rows=109 width=121)
	        Sort Key: c
	        ->  Index Scan using sbtest5_pkey on sbtest5  (cost=0.43..432.53 rows=109 width=121)
	              Index Cond: ((id >= 3969595) AND (id <= 3969694))

table 6 : explain SELECT DISTINCT c FROM sbtest6 WHERE id BETWEEN 1229309 AND 1229408 ORDER BY c
	Unique  (cost=405.90..406.40 rows=101 width=121)
	  ->  Sort  (cost=405.90..406.15 rows=101 width=121)
	        Sort Key: c
	        ->  Index Scan using sbtest6_pkey on sbtest6  (cost=0.43..402.54 rows=101 width=121)
	              Index Cond: ((id >= 1229309) AND (id <= 1229408))

table 7 : explain SELECT DISTINCT c FROM sbtest7 WHERE id BETWEEN 6505285 AND 6505384 ORDER BY c
	Unique  (cost=412.01..412.52 rows=103 width=121)
	  ->  Sort  (cost=412.01..412.26 rows=103 width=121)
	        Sort Key: c
	        ->  Index Scan using sbtest7_pkey on sbtest7  (cost=0.43..408.56 rows=103 width=121)
	              Index Cond: ((id >= 6505285) AND (id <= 6505384))

table 8 : explain SELECT DISTINCT c FROM sbtest8 WHERE id BETWEEN 3212712 AND 3212811 ORDER BY c
	Unique  (cost=407.04..407.55 rows=102 width=121)
	  ->  Sort  (cost=407.04..407.29 rows=102 width=121)
	        Sort Key: c
	        ->  Index Scan using sbtest8_pkey on sbtest8  (cost=0.43..403.64 rows=102 width=121)
	              Index Cond: ((id >= 3212712) AND (id <= 3212811))

for: simple_ranges
table 1 : explain SELECT c FROM sbtest1 WHERE id BETWEEN 5042562 AND 5042661
	Index Scan using sbtest1_pkey on sbtest1  (cost=0.43..441.36 rows=111 width=121)
	  Index Cond: ((id >= 5042562) AND (id <= 5042661))

table 2 : explain SELECT c FROM sbtest2 WHERE id BETWEEN 2561637 AND 2561736
	Index Scan using sbtest2_pkey on sbtest2  (cost=0.43..404.90 rows=102 width=121)
	  Index Cond: ((id >= 2561637) AND (id <= 2561736))

table 3 : explain SELECT c FROM sbtest3 WHERE id BETWEEN 494410 AND 494509
	Index Scan using sbtest3_pkey on sbtest3  (cost=0.43..417.70 rows=105 width=121)
	  Index Cond: ((id >= 494410) AND (id <= 494509))

table 4 : explain SELECT c FROM sbtest4 WHERE id BETWEEN 9675821 AND 9675920
	Index Scan using sbtest4_pkey on sbtest4  (cost=0.43..381.11 rows=96 width=121)
	  Index Cond: ((id >= 9675821) AND (id <= 9675920))

table 5 : explain SELECT c FROM sbtest5 WHERE id BETWEEN 2081284 AND 2081383
	Index Scan using sbtest5_pkey on sbtest5  (cost=0.43..412.90 rows=104 width=121)
	  Index Cond: ((id >= 2081284) AND (id <= 2081383))

table 6 : explain SELECT c FROM sbtest6 WHERE id BETWEEN 609709 AND 609808
	Index Scan using sbtest6_pkey on sbtest6  (cost=0.43..422.24 rows=106 width=121)
	  Index Cond: ((id >= 609709) AND (id <= 609808))

table 7 : explain SELECT c FROM sbtest7 WHERE id BETWEEN 4841414 AND 4841513
	Index Scan using sbtest7_pkey on sbtest7  (cost=0.43..416.41 rows=105 width=121)
	  Index Cond: ((id >= 4841414) AND (id <= 4841513))

table 8 : explain SELECT c FROM sbtest8 WHERE id BETWEEN 8615417 AND 8615516
	Index Scan using sbtest8_pkey on sbtest8  (cost=0.43..403.64 rows=102 width=121)
	  Index Cond: ((id >= 8615417) AND (id <= 8615516))

for: sum_ranges
table 1 : explain SELECT SUM(k) FROM sbtest1 WHERE id BETWEEN 4606410 AND 4606509
	Aggregate  (cost=410.14..410.15 rows=1 width=8)
	  ->  Index Scan using sbtest1_pkey on sbtest1  (cost=0.43..409.88 rows=103 width=4)
	        Index Cond: ((id >= 4606410) AND (id <= 4606509))

table 2 : explain SELECT SUM(k) FROM sbtest2 WHERE id BETWEEN 7171868 AND 7171967
	Aggregate  (cost=393.37..393.38 rows=1 width=8)
	  ->  Index Scan using sbtest2_pkey on sbtest2  (cost=0.43..393.12 rows=99 width=4)
	        Index Cond: ((id >= 7171868) AND (id <= 7171967))

table 3 : explain SELECT SUM(k) FROM sbtest3 WHERE id BETWEEN 6221222 AND 6221321
	Aggregate  (cost=358.89..358.90 rows=1 width=8)
	  ->  Index Scan using sbtest3_pkey on sbtest3  (cost=0.43..358.66 rows=90 width=4)
	        Index Cond: ((id >= 6221222) AND (id <= 6221321))

table 4 : explain SELECT SUM(k) FROM sbtest4 WHERE id BETWEEN 3583325 AND 3583424
	Aggregate  (cost=377.42..377.43 rows=1 width=8)
	  ->  Index Scan using sbtest4_pkey on sbtest4  (cost=0.43..377.19 rows=95 width=4)
	        Index Cond: ((id >= 3583325) AND (id <= 3583424))

table 5 : explain SELECT SUM(k) FROM sbtest5 WHERE id BETWEEN 1099429 AND 1099528
	Aggregate  (cost=428.88..428.89 rows=1 width=8)
	  ->  Index Scan using sbtest5_pkey on sbtest5  (cost=0.43..428.61 rows=108 width=4)
	        Index Cond: ((id >= 1099429) AND (id <= 1099528))

table 6 : explain SELECT SUM(k) FROM sbtest6 WHERE id BETWEEN 3820892 AND 3820991
	Aggregate  (cost=418.56..418.57 rows=1 width=8)
	  ->  Index Scan using sbtest6_pkey on sbtest6  (cost=0.43..418.30 rows=105 width=4)
	        Index Cond: ((id >= 3820892) AND (id <= 3820991))

table 7 : explain SELECT SUM(k) FROM sbtest7 WHERE id BETWEEN 7010680 AND 7010779
	Aggregate  (cost=385.25..385.26 rows=1 width=8)
	  ->  Index Scan using sbtest7_pkey on sbtest7  (cost=0.43..385.01 rows=97 width=4)
	        Index Cond: ((id >= 7010680) AND (id <= 7010779))

table 8 : explain SELECT SUM(k) FROM sbtest8 WHERE id BETWEEN 6725115 AND 6725214
	Aggregate  (cost=372.55..372.56 rows=1 width=8)
	  ->  Index Scan using sbtest8_pkey on sbtest8  (cost=0.43..372.31 rows=94 width=4)
	        Index Cond: ((id >= 6725115) AND (id <= 6725214))

for: distinct_ranges
table 1 : explain SELECT DISTINCT c FROM sbtest1 WHERE id BETWEEN 2425855 AND 2425954 ORDER BY c
	Unique  (cost=393.45..393.94 rows=98 width=121)
	  ->  Sort  (cost=393.45..393.69 rows=98 width=121)
	        Sort Key: c
	        ->  Index Scan using sbtest1_pkey on sbtest1  (cost=0.43..390.20 rows=98 width=121)
	              Index Cond: ((id >= 2425855) AND (id <= 2425954))

table 2 : explain SELECT DISTINCT c FROM sbtest2 WHERE id BETWEEN 2188566 AND 2188665 ORDER BY c
	Unique  (cost=404.33..404.84 rows=101 width=121)
	  ->  Sort  (cost=404.33..404.59 rows=101 width=121)
	        Sort Key: c
	        ->  Index Scan using sbtest2_pkey on sbtest2  (cost=0.43..400.97 rows=101 width=121)
	              Index Cond: ((id >= 2188566) AND (id <= 2188665))

table 3 : explain SELECT DISTINCT c FROM sbtest3 WHERE id BETWEEN 5221239 AND 5221338 ORDER BY c
	Unique  (cost=389.43..389.91 rows=97 width=121)
	  ->  Sort  (cost=389.43..389.67 rows=97 width=121)
	        Sort Key: c
	        ->  Index Scan using sbtest3_pkey on sbtest3  (cost=0.43..386.23 rows=97 width=121)
	              Index Cond: ((id >= 5221239) AND (id <= 5221338))

table 4 : explain SELECT DISTINCT c FROM sbtest4 WHERE id BETWEEN 1299234 AND 1299333 ORDER BY c
	Unique  (cost=372.36..372.82 rows=93 width=121)
	  ->  Sort  (cost=372.36..372.59 rows=93 width=121)
	        Sort Key: c
	        ->  Index Scan using sbtest4_pkey on sbtest4  (cost=0.43..369.32 rows=93 width=121)
	              Index Cond: ((id >= 1299234) AND (id <= 1299333))

table 5 : explain SELECT DISTINCT c FROM sbtest5 WHERE id BETWEEN 2110254 AND 2110353 ORDER BY c
	Unique  (cost=432.25..432.79 rows=108 width=121)
	  ->  Sort  (cost=432.25..432.52 rows=108 width=121)
	        Sort Key: c
	        ->  Index Scan using sbtest5_pkey on sbtest5  (cost=0.43..428.61 rows=108 width=121)
	              Index Cond: ((id >= 2110254) AND (id <= 2110353))

table 6 : explain SELECT DISTINCT c FROM sbtest6 WHERE id BETWEEN 3192570 AND 3192669 ORDER BY c
	Unique  (cost=397.94..398.43 rows=99 width=121)
	  ->  Sort  (cost=397.94..398.19 rows=99 width=121)
	        Sort Key: c
	        ->  Index Scan using sbtest6_pkey on sbtest6  (cost=0.43..394.66 rows=99 width=121)
	              Index Cond: ((id >= 3192570) AND (id <= 3192669))

table 7 : explain SELECT DISTINCT c FROM sbtest7 WHERE id BETWEEN 7394900 AND 7394999 ORDER BY c
	Unique  (cost=415.97..416.49 rows=104 width=121)
	  ->  Sort  (cost=415.97..416.23 rows=104 width=121)
	        Sort Key: c
	        ->  Index Scan using sbtest7_pkey on sbtest7  (cost=0.43..412.48 rows=104 width=121)
	              Index Cond: ((id >= 7394900) AND (id <= 7394999))

table 8 : explain SELECT DISTINCT c FROM sbtest8 WHERE id BETWEEN 735260 AND 735359 ORDER BY c
	Unique  (cost=375.39..375.86 rows=94 width=121)
	  ->  Sort  (cost=375.39..375.63 rows=94 width=121)
	        Sort Key: c
	        ->  Index Scan using sbtest8_pkey on sbtest8  (cost=0.43..372.31 rows=94 width=121)
	              Index Cond: ((id >= 735260) AND (id <= 735359))

for: sum_ranges
table 1 : explain SELECT SUM(k) FROM sbtest1 WHERE id BETWEEN 618148 AND 618247
	Aggregate  (cost=398.32..398.33 rows=1 width=8)
	  ->  Index Scan using sbtest1_pkey on sbtest1  (cost=0.43..398.07 rows=100 width=4)
	        Index Cond: ((id >= 618148) AND (id <= 618247))

table 2 : explain SELECT SUM(k) FROM sbtest2 WHERE id BETWEEN 6728750 AND 6728849
	Aggregate  (cost=401.22..401.23 rows=1 width=8)
	  ->  Index Scan using sbtest2_pkey on sbtest2  (cost=0.43..400.97 rows=101 width=4)
	        Index Cond: ((id >= 6728750) AND (id <= 6728849))

table 3 : explain SELECT SUM(k) FROM sbtest3 WHERE id BETWEEN 946045 AND 946144
	Aggregate  (cost=386.47..386.48 rows=1 width=8)
	  ->  Index Scan using sbtest3_pkey on sbtest3  (cost=0.43..386.23 rows=97 width=4)
	        Index Cond: ((id >= 946045) AND (id <= 946144))

table 4 : explain SELECT SUM(k) FROM sbtest4 WHERE id BETWEEN 2837229 AND 2837328
	Aggregate  (cost=404.89..404.90 rows=1 width=8)
	  ->  Index Scan using sbtest4_pkey on sbtest4  (cost=0.43..404.64 rows=102 width=4)
	        Index Cond: ((id >= 2837229) AND (id <= 2837328))

table 5 : explain SELECT SUM(k) FROM sbtest5 WHERE id BETWEEN 1932912 AND 1933011
	Aggregate  (cost=381.73..381.74 rows=1 width=8)
	  ->  Index Scan using sbtest5_pkey on sbtest5  (cost=0.43..381.49 rows=96 width=4)
	        Index Cond: ((id >= 1932912) AND (id <= 1933011))

table 6 : explain SELECT SUM(k) FROM sbtest6 WHERE id BETWEEN 5513644 AND 5513743
	Aggregate  (cost=355.46..355.47 rows=1 width=8)
	  ->  Index Scan using sbtest6_pkey on sbtest6  (cost=0.43..355.23 rows=89 width=4)
	        Index Cond: ((id >= 5513644) AND (id <= 5513743))

table 7 : explain SELECT SUM(k) FROM sbtest7 WHERE id BETWEEN 1349378 AND 1349477
	Aggregate  (cost=400.97..400.98 rows=1 width=8)
	  ->  Index Scan using sbtest7_pkey on sbtest7  (cost=0.43..400.72 rows=101 width=4)
	        Index Cond: ((id >= 1349378) AND (id <= 1349477))

table 8 : explain SELECT SUM(k) FROM sbtest8 WHERE id BETWEEN 265523 AND 265622
	Aggregate  (cost=446.95..446.96 rows=1 width=8)
	  ->  Index Scan using sbtest8_pkey on sbtest8  (cost=0.43..446.67 rows=113 width=4)
	        Index Cond: ((id >= 265523) AND (id <= 265622))

for point_selects
table 1 : explain SELECT c FROM sbtest1 WHERE id=565393
	Index Scan using sbtest1_pkey on sbtest1  (cost=0.43..8.45 rows=1 width=121)
	  Index Cond: (id = 565393)

table 2 : explain SELECT c FROM sbtest2 WHERE id=7118366
	Index Scan using sbtest2_pkey on sbtest2  (cost=0.43..8.45 rows=1 width=121)
	  Index Cond: (id = 7118366)

table 3 : explain SELECT c FROM sbtest3 WHERE id=6184063
	Index Scan using sbtest3_pkey on sbtest3  (cost=0.43..8.45 rows=1 width=121)
	  Index Cond: (id = 6184063)

table 4 : explain SELECT c FROM sbtest4 WHERE id=6710098
	Index Scan using sbtest4_pkey on sbtest4  (cost=0.43..8.45 rows=1 width=121)
	  Index Cond: (id = 6710098)

table 5 : explain SELECT c FROM sbtest5 WHERE id=742632
	Index Scan using sbtest5_pkey on sbtest5  (cost=0.43..8.45 rows=1 width=121)
	  Index Cond: (id = 742632)

table 6 : explain SELECT c FROM sbtest6 WHERE id=9775151
	Index Scan using sbtest6_pkey on sbtest6  (cost=0.43..8.45 rows=1 width=121)
	  Index Cond: (id = 9775151)

table 7 : explain SELECT c FROM sbtest7 WHERE id=895925
	Index Scan using sbtest7_pkey on sbtest7  (cost=0.43..8.45 rows=1 width=121)
	  Index Cond: (id = 895925)

table 8 : explain SELECT c FROM sbtest8 WHERE id=182897
	Index Scan using sbtest8_pkey on sbtest8  (cost=0.43..8.45 rows=1 width=121)
	  Index Cond: (id = 182897)

for: order_ranges
table 1 : explain SELECT c FROM sbtest1 WHERE id BETWEEN 8309951 AND 8310050 ORDER BY c
	Sort  (cost=409.35..409.60 rows=102 width=121)
	  Sort Key: c
	  ->  Index Scan using sbtest1_pkey on sbtest1  (cost=0.43..405.94 rows=102 width=121)
	        Index Cond: ((id >= 8309951) AND (id <= 8310050))

table 2 : explain SELECT c FROM sbtest2 WHERE id BETWEEN 4014792 AND 4014891 ORDER BY c
	Sort  (cost=436.06..436.33 rows=109 width=121)
	  Sort Key: c
	  ->  Index Scan using sbtest2_pkey on sbtest2  (cost=0.43..432.37 rows=109 width=121)
	        Index Cond: ((id >= 4014792) AND (id <= 4014891))

table 3 : explain SELECT c FROM sbtest3 WHERE id BETWEEN 3127580 AND 3127679 ORDER BY c
	Sort  (cost=369.53..369.76 rows=92 width=121)
	  Sort Key: c
	  ->  Index Scan using sbtest3_pkey on sbtest3  (cost=0.43..366.53 rows=92 width=121)
	        Index Cond: ((id >= 3127580) AND (id <= 3127679))

table 4 : explain SELECT c FROM sbtest4 WHERE id BETWEEN 3169378 AND 3169477 ORDER BY c
	Sort  (cost=392.19..392.44 rows=98 width=121)
	  Sort Key: c
	  ->  Index Scan using sbtest4_pkey on sbtest4  (cost=0.43..388.95 rows=98 width=121)
	        Index Cond: ((id >= 3169378) AND (id <= 3169477))

table 5 : explain SELECT c FROM sbtest5 WHERE id BETWEEN 7012661 AND 7012760 ORDER BY c
	Sort  (cost=380.69..380.93 rows=95 width=121)
	  Sort Key: c
	  ->  Index Scan using sbtest5_pkey on sbtest5  (cost=0.43..377.57 rows=95 width=121)
	        Index Cond: ((id >= 7012661) AND (id <= 7012760))

table 6 : explain SELECT c FROM sbtest6 WHERE id BETWEEN 1524457 AND 1524556 ORDER BY c
	Sort  (cost=417.84..418.10 rows=104 width=121)
	  Sort Key: c
	  ->  Index Scan using sbtest6_pkey on sbtest6  (cost=0.43..414.36 rows=104 width=121)
	        Index Cond: ((id >= 1524457) AND (id <= 1524556))

table 7 : explain SELECT c FROM sbtest7 WHERE id BETWEEN 5365752 AND 5365851 ORDER BY c
	Sort  (cost=356.51..356.73 rows=89 width=121)
	  Sort Key: c
	  ->  Index Scan using sbtest7_pkey on sbtest7  (cost=0.43..353.63 rows=89 width=121)
	        Index Cond: ((id >= 5365752) AND (id <= 5365851))

table 8 : explain SELECT c FROM sbtest8 WHERE id BETWEEN 8895030 AND 8895129 ORDER BY c
	Sort  (cost=403.09..403.34 rows=101 width=121)
	  Sort Key: c
	  ->  Index Scan using sbtest8_pkey on sbtest8  (cost=0.43..399.72 rows=101 width=121)
	        Index Cond: ((id >= 8895030) AND (id <= 8895129))

for: order_ranges
table 1 : explain SELECT c FROM sbtest1 WHERE id BETWEEN 5969117 AND 5969216 ORDER BY c
	Sort  (cost=381.52..381.76 rows=95 width=121)
	  Sort Key: c
	  ->  Index Scan using sbtest1_pkey on sbtest1  (cost=0.43..378.40 rows=95 width=121)
	        Index Cond: ((id >= 5969117) AND (id <= 5969216))

table 2 : explain SELECT c FROM sbtest2 WHERE id BETWEEN 7053851 AND 7053950 ORDER BY c
	Sort  (cost=400.37..400.62 rows=100 width=121)
	  Sort Key: c
	  ->  Index Scan using sbtest2_pkey on sbtest2  (cost=0.43..397.05 rows=100 width=121)
	        Index Cond: ((id >= 7053851) AND (id <= 7053950))

table 3 : explain SELECT c FROM sbtest3 WHERE id BETWEEN 5484973 AND 5485072 ORDER BY c
	Sort  (cost=381.46..381.69 rows=95 width=121)
	  Sort Key: c
	  ->  Index Scan using sbtest3_pkey on sbtest3  (cost=0.43..378.34 rows=95 width=121)
	        Index Cond: ((id >= 5484973) AND (id <= 5485072))

table 4 : explain SELECT c FROM sbtest4 WHERE id BETWEEN 2956282 AND 2956381 ORDER BY c
	Sort  (cost=392.19..392.44 rows=98 width=121)
	  Sort Key: c
	  ->  Index Scan using sbtest4_pkey on sbtest4  (cost=0.43..388.95 rows=98 width=121)
	        Index Cond: ((id >= 2956282) AND (id <= 2956381))

table 5 : explain SELECT c FROM sbtest5 WHERE id BETWEEN 9112511 AND 9112610 ORDER BY c
	Sort  (cost=420.35..420.62 rows=105 width=121)
	  Sort Key: c
	  ->  Index Scan using sbtest5_pkey on sbtest5  (cost=0.43..416.83 rows=105 width=121)
	        Index Cond: ((id >= 9112511) AND (id <= 9112610))

table 6 : explain SELECT c FROM sbtest6 WHERE id BETWEEN 4016181 AND 4016280 ORDER BY c
	Sort  (cost=417.84..418.10 rows=104 width=121)
	  Sort Key: c
	  ->  Index Scan using sbtest6_pkey on sbtest6  (cost=0.43..414.36 rows=104 width=121)
	        Index Cond: ((id >= 4016181) AND (id <= 4016280))

table 7 : explain SELECT c FROM sbtest7 WHERE id BETWEEN 3363293 AND 3363392 ORDER BY c
	Sort  (cost=388.23..388.47 rows=97 width=121)
	  Sort Key: c
	  ->  Index Scan using sbtest7_pkey on sbtest7  (cost=0.43..385.03 rows=97 width=121)
	        Index Cond: ((id >= 3363293) AND (id <= 3363392))

table 8 : explain SELECT c FROM sbtest8 WHERE id BETWEEN 1602249 AND 1602348 ORDER BY c
	Sort  (cost=391.23..391.47 rows=98 width=121)
	  Sort Key: c
	  ->  Index Scan using sbtest8_pkey on sbtest8  (cost=0.43..387.99 rows=98 width=121)
	        Index Cond: ((id >= 1602249) AND (id <= 1602348))

for: simple_ranges
table 1 : explain SELECT c FROM sbtest1 WHERE id BETWEEN 2629869 AND 2629968
	Index Scan using sbtest1_pkey on sbtest1  (cost=0.43..405.94 rows=102 width=121)
	  Index Cond: ((id >= 2629869) AND (id <= 2629968))

table 2 : explain SELECT c FROM sbtest2 WHERE id BETWEEN 1975461 AND 1975560
	Index Scan using sbtest2_pkey on sbtest2  (cost=0.43..357.78 rows=90 width=121)
	  Index Cond: ((id >= 1975461) AND (id <= 1975560))

table 3 : explain SELECT c FROM sbtest3 WHERE id BETWEEN 3800009 AND 3800108
	Index Scan using sbtest3_pkey on sbtest3  (cost=0.43..382.29 rows=96 width=121)
	  Index Cond: ((id >= 3800009) AND (id <= 3800108))

table 4 : explain SELECT c FROM sbtest4 WHERE id BETWEEN 6907947 AND 6908046
	Index Scan using sbtest4_pkey on sbtest4  (cost=0.43..416.40 rows=105 width=121)
	  Index Cond: ((id >= 6907947) AND (id <= 6908046))

table 5 : explain SELECT c FROM sbtest5 WHERE id BETWEEN 3405796 AND 3405895
	Index Scan using sbtest5_pkey on sbtest5  (cost=0.43..385.42 rows=97 width=121)
	  Index Cond: ((id >= 3405796) AND (id <= 3405895))

table 6 : explain SELECT c FROM sbtest6 WHERE id BETWEEN 8577386 AND 8577485
	Index Scan using sbtest6_pkey on sbtest6  (cost=0.43..363.11 rows=91 width=121)
	  Index Cond: ((id >= 8577386) AND (id <= 8577485))

table 7 : explain SELECT c FROM sbtest7 WHERE id BETWEEN 1071767 AND 1071866
	Index Scan using sbtest7_pkey on sbtest7  (cost=0.43..400.72 rows=101 width=121)
	  Index Cond: ((id >= 1071767) AND (id <= 1071866))

table 8 : explain SELECT c FROM sbtest8 WHERE id BETWEEN 7910150 AND 7910249
	Index Scan using sbtest8_pkey on sbtest8  (cost=0.43..391.90 rows=99 width=121)
	  Index Cond: ((id >= 7910150) AND (id <= 7910249))

for: order_ranges
table 1 : explain SELECT c FROM sbtest1 WHERE id BETWEEN 1901794 AND 1901893 ORDER BY c
	Sort  (cost=409.35..409.60 rows=102 width=121)
	  Sort Key: c
	  ->  Index Scan using sbtest1_pkey on sbtest1  (cost=0.43..405.94 rows=102 width=121)
	        Index Cond: ((id >= 1901794) AND (id <= 1901893))

table 2 : explain SELECT c FROM sbtest2 WHERE id BETWEEN 7419866 AND 7419965 ORDER BY c
	Sort  (cost=400.37..400.62 rows=100 width=121)
	  Sort Key: c
	  ->  Index Scan using sbtest2_pkey on sbtest2  (cost=0.43..397.05 rows=100 width=121)
	        Index Cond: ((id >= 7419866) AND (id <= 7419965))

table 3 : explain SELECT c FROM sbtest3 WHERE id BETWEEN 1619258 AND 1619357 ORDER BY c
	Sort  (cost=405.33..405.58 rows=101 width=121)
	  Sort Key: c
	  ->  Index Scan using sbtest3_pkey on sbtest3  (cost=0.43..401.96 rows=101 width=121)
	        Index Cond: ((id >= 1619258) AND (id <= 1619357))

table 4 : explain SELECT c FROM sbtest4 WHERE id BETWEEN 6911658 AND 6911757 ORDER BY c
	Sort  (cost=419.93..420.19 rows=105 width=121)
	  Sort Key: c
	  ->  Index Scan using sbtest4_pkey on sbtest4  (cost=0.43..416.40 rows=105 width=121)
	        Index Cond: ((id >= 6911658) AND (id <= 6911757))

table 5 : explain SELECT c FROM sbtest5 WHERE id BETWEEN 6336515 AND 6336614 ORDER BY c
	Sort  (cost=408.45..408.71 rows=102 width=121)
	  Sort Key: c
	  ->  Index Scan using sbtest5_pkey on sbtest5  (cost=0.43..405.05 rows=102 width=121)
	        Index Cond: ((id >= 6336515) AND (id <= 6336614))

table 6 : explain SELECT c FROM sbtest6 WHERE id BETWEEN 6180542 AND 6180641 ORDER BY c
	Sort  (cost=389.98..390.22 rows=97 width=121)
	  Sort Key: c
	  ->  Index Scan using sbtest6_pkey on sbtest6  (cost=0.43..386.78 rows=97 width=121)
	        Index Cond: ((id >= 6180542) AND (id <= 6180641))

table 7 : explain SELECT c FROM sbtest7 WHERE id BETWEEN 6133848 AND 6133947 ORDER BY c
	Sort  (cost=388.23..388.47 rows=97 width=121)
	  Sort Key: c
	  ->  Index Scan using sbtest7_pkey on sbtest7  (cost=0.43..385.03 rows=97 width=121)
	        Index Cond: ((id >= 6133848) AND (id <= 6133947))

table 8 : explain SELECT c FROM sbtest8 WHERE id BETWEEN 6976055 AND 6976154 ORDER BY c
	Sort  (cost=407.04..407.29 rows=102 width=121)
	  Sort Key: c
	  ->  Index Scan using sbtest8_pkey on sbtest8  (cost=0.43..403.64 rows=102 width=121)
	        Index Cond: ((id >= 6976055) AND (id <= 6976154))

for: distinct_ranges
table 1 : explain SELECT DISTINCT c FROM sbtest1 WHERE id BETWEEN 1733700 AND 1733799 ORDER BY c
	Unique  (cost=377.55..378.02 rows=94 width=121)
	  ->  Sort  (cost=377.55..377.78 rows=94 width=121)
	        Sort Key: c
	        ->  Index Scan using sbtest1_pkey on sbtest1  (cost=0.43..374.46 rows=94 width=121)
	              Index Cond: ((id >= 1733700) AND (id <= 1733799))

table 2 : explain SELECT DISTINCT c FROM sbtest2 WHERE id BETWEEN 6002523 AND 6002622 ORDER BY c
	Unique  (cost=443.99..444.54 rows=111 width=121)
	  ->  Sort  (cost=443.99..444.27 rows=111 width=121)
	        Sort Key: c
	        ->  Index Scan using sbtest2_pkey on sbtest2  (cost=0.43..440.22 rows=111 width=121)
	              Index Cond: ((id >= 6002523) AND (id <= 6002622))

table 3 : explain SELECT DISTINCT c FROM sbtest3 WHERE id BETWEEN 4145920 AND 4146019 ORDER BY c
	Unique  (cost=425.20..425.73 rows=106 width=121)
	  ->  Sort  (cost=425.20..425.47 rows=106 width=121)
	        Sort Key: c
	        ->  Index Scan using sbtest3_pkey on sbtest3  (cost=0.43..421.64 rows=106 width=121)
	              Index Cond: ((id >= 4145920) AND (id <= 4146019))

table 4 : explain SELECT DISTINCT c FROM sbtest4 WHERE id BETWEEN 1628317 AND 1628416 ORDER BY c
	Unique  (cost=408.04..408.55 rows=102 width=121)
	  ->  Sort  (cost=408.04..408.30 rows=102 width=121)
	        Sort Key: c
	        ->  Index Scan using sbtest4_pkey on sbtest4  (cost=0.43..404.64 rows=102 width=121)
	              Index Cond: ((id >= 1628317) AND (id <= 1628416))

table 5 : explain SELECT DISTINCT c FROM sbtest5 WHERE id BETWEEN 795198 AND 795297 ORDER BY c
	Unique  (cost=384.65..385.13 rows=96 width=121)
	  ->  Sort  (cost=384.65..384.89 rows=96 width=121)
	        Sort Key: c
	        ->  Index Scan using sbtest5_pkey on sbtest5  (cost=0.43..381.49 rows=96 width=121)
	              Index Cond: ((id >= 795198) AND (id <= 795297))

table 6 : explain SELECT DISTINCT c FROM sbtest6 WHERE id BETWEEN 5300689 AND 5300788 ORDER BY c
	Unique  (cost=386.00..386.48 rows=96 width=121)
	  ->  Sort  (cost=386.00..386.24 rows=96 width=121)
	        Sort Key: c
	        ->  Index Scan using sbtest6_pkey on sbtest6  (cost=0.43..382.84 rows=96 width=121)
	              Index Cond: ((id >= 5300689) AND (id <= 5300788))

table 7 : explain SELECT DISTINCT c FROM sbtest7 WHERE id BETWEEN 6184361 AND 6184460 ORDER BY c
	Unique  (cost=372.36..372.82 rows=93 width=121)
	  ->  Sort  (cost=372.36..372.59 rows=93 width=121)
	        Sort Key: c
	        ->  Index Scan using sbtest7_pkey on sbtest7  (cost=0.43..369.32 rows=93 width=121)
	              Index Cond: ((id >= 6184361) AND (id <= 6184460))

table 8 : explain SELECT DISTINCT c FROM sbtest8 WHERE id BETWEEN 9960398 AND 9960497 ORDER BY c
	Unique  (cost=379.37..379.85 rows=95 width=121)
	  ->  Sort  (cost=379.37..379.61 rows=95 width=121)
	        Sort Key: c
	        ->  Index Scan using sbtest8_pkey on sbtest8  (cost=0.43..376.25 rows=95 width=121)
	              Index Cond: ((id >= 9960398) AND (id <= 9960497))

for: distinct_ranges
table 1 : explain SELECT DISTINCT c FROM sbtest1 WHERE id BETWEEN 7131066 AND 7131165 ORDER BY c
	Unique  (cost=385.50..385.98 rows=96 width=121)
	  ->  Sort  (cost=385.50..385.74 rows=96 width=121)
	        Sort Key: c
	        ->  Index Scan using sbtest1_pkey on sbtest1  (cost=0.43..382.33 rows=96 width=121)
	              Index Cond: ((id >= 7131066) AND (id <= 7131165))

table 2 : explain SELECT DISTINCT c FROM sbtest2 WHERE id BETWEEN 5391982 AND 5392081 ORDER BY c
	Unique  (cost=408.30..408.81 rows=102 width=121)
	  ->  Sort  (cost=408.30..408.55 rows=102 width=121)
	        Sort Key: c
	        ->  Index Scan using sbtest2_pkey on sbtest2  (cost=0.43..404.90 rows=102 width=121)
	              Index Cond: ((id >= 5391982) AND (id <= 5392081))

table 3 : explain SELECT DISTINCT c FROM sbtest3 WHERE id BETWEEN 5576678 AND 5576777 ORDER BY c
	Unique  (cost=373.51..373.97 rows=93 width=121)
	  ->  Sort  (cost=373.51..373.74 rows=93 width=121)
	        Sort Key: c
	        ->  Index Scan using sbtest3_pkey on sbtest3  (cost=0.43..370.47 rows=93 width=121)
	              Index Cond: ((id >= 5576678) AND (id <= 5576777))

table 4 : explain SELECT DISTINCT c FROM sbtest4 WHERE id BETWEEN 3575600 AND 3575699 ORDER BY c
	Unique  (cost=380.31..380.78 rows=95 width=121)
	  ->  Sort  (cost=380.31..380.54 rows=95 width=121)
	        Sort Key: c
	        ->  Index Scan using sbtest4_pkey on sbtest4  (cost=0.43..377.19 rows=95 width=121)
	              Index Cond: ((id >= 3575600) AND (id <= 3575699))

table 5 : explain SELECT DISTINCT c FROM sbtest5 WHERE id BETWEEN 4048056 AND 4048155 ORDER BY c
	Unique  (cost=400.52..401.02 rows=100 width=121)
	  ->  Sort  (cost=400.52..400.77 rows=100 width=121)
	        Sort Key: c
	        ->  Index Scan using sbtest5_pkey on sbtest5  (cost=0.43..397.20 rows=100 width=121)
	              Index Cond: ((id >= 4048056) AND (id <= 4048155))

table 6 : explain SELECT DISTINCT c FROM sbtest6 WHERE id BETWEEN 5156699 AND 5156798 ORDER BY c
	Unique  (cost=401.92..402.42 rows=100 width=121)
	  ->  Sort  (cost=401.92..402.17 rows=100 width=121)
	        Sort Key: c
	        ->  Index Scan using sbtest6_pkey on sbtest6  (cost=0.43..398.60 rows=100 width=121)
	              Index Cond: ((id >= 5156699) AND (id <= 5156798))

table 7 : explain SELECT DISTINCT c FROM sbtest7 WHERE id BETWEEN 7326519 AND 7326618 ORDER BY c
	Unique  (cost=435.78..436.33 rows=109 width=121)
	  ->  Sort  (cost=435.78..436.05 rows=109 width=121)
	        Sort Key: c
	        ->  Index Scan using sbtest7_pkey on sbtest7  (cost=0.43..432.09 rows=109 width=121)
	              Index Cond: ((id >= 7326519) AND (id <= 7326618))

table 8 : explain SELECT DISTINCT c FROM sbtest8 WHERE id BETWEEN 5129100 AND 5129199 ORDER BY c
	Unique  (cost=399.13..399.63 rows=100 width=121)
	  ->  Sort  (cost=399.13..399.38 rows=100 width=121)
	        Sort Key: c
	        ->  Index Scan using sbtest8_pkey on sbtest8  (cost=0.43..395.81 rows=100 width=121)
	              Index Cond: ((id >= 5129100) AND (id <= 5129199))

for: sum_ranges
table 1 : explain SELECT SUM(k) FROM sbtest1 WHERE id BETWEEN 9571549 AND 9571648
	Aggregate  (cost=425.89..425.90 rows=1 width=8)
	  ->  Index Scan using sbtest1_pkey on sbtest1  (cost=0.43..425.62 rows=107 width=4)
	        Index Cond: ((id >= 9571549) AND (id <= 9571648))

table 2 : explain SELECT SUM(k) FROM sbtest2 WHERE id BETWEEN 3987041 AND 3987140
	Aggregate  (cost=428.71..428.72 rows=1 width=8)
	  ->  Index Scan using sbtest2_pkey on sbtest2  (cost=0.43..428.44 rows=108 width=4)
	        Index Cond: ((id >= 3987041) AND (id <= 3987140))

table 3 : explain SELECT SUM(k) FROM sbtest3 WHERE id BETWEEN 6628248 AND 6628347
	Aggregate  (cost=406.15..406.16 rows=1 width=8)
	  ->  Index Scan using sbtest3_pkey on sbtest3  (cost=0.43..405.90 rows=102 width=4)
	        Index Cond: ((id >= 6628248) AND (id <= 6628347))

table 4 : explain SELECT SUM(k) FROM sbtest4 WHERE id BETWEEN 4650488 AND 4650587
	Aggregate  (cost=400.97..400.98 rows=1 width=8)
	  ->  Index Scan using sbtest4_pkey on sbtest4  (cost=0.43..400.72 rows=101 width=4)
	        Index Cond: ((id >= 4650488) AND (id <= 4650587))

table 5 : explain SELECT SUM(k) FROM sbtest5 WHERE id BETWEEN 822763 AND 822862
	Aggregate  (cost=381.73..381.74 rows=1 width=8)
	  ->  Index Scan using sbtest5_pkey on sbtest5  (cost=0.43..381.49 rows=96 width=4)
	        Index Cond: ((id >= 822763) AND (id <= 822862))

table 6 : explain SELECT SUM(k) FROM sbtest6 WHERE id BETWEEN 6545823 AND 6545922
	Aggregate  (cost=379.13..379.14 rows=1 width=8)
	  ->  Index Scan using sbtest6_pkey on sbtest6  (cost=0.43..378.90 rows=95 width=4)
	        Index Cond: ((id >= 6545823) AND (id <= 6545922))

table 7 : explain SELECT SUM(k) FROM sbtest7 WHERE id BETWEEN 3369649 AND 3369748
	Aggregate  (cost=385.27..385.28 rows=1 width=8)
	  ->  Index Scan using sbtest7_pkey on sbtest7  (cost=0.43..385.03 rows=97 width=4)
	        Index Cond: ((id >= 3369649) AND (id <= 3369748))

table 8 : explain SELECT SUM(k) FROM sbtest8 WHERE id BETWEEN 7733687 AND 7733786
	Aggregate  (cost=403.89..403.90 rows=1 width=8)
	  ->  Index Scan using sbtest8_pkey on sbtest8  (cost=0.43..403.64 rows=102 width=4)
	        Index Cond: ((id >= 7733687) AND (id <= 7733786))

for: distinct_ranges
table 1 : explain SELECT DISTINCT c FROM sbtest1 WHERE id BETWEEN 4970930 AND 4971029 ORDER BY c
	Unique  (cost=389.47..389.96 rows=97 width=121)
	  ->  Sort  (cost=389.47..389.71 rows=97 width=121)
	        Sort Key: c
	        ->  Index Scan using sbtest1_pkey on sbtest1  (cost=0.43..386.27 rows=97 width=121)
	              Index Cond: ((id >= 4970930) AND (id <= 4971029))

table 2 : explain SELECT DISTINCT c FROM sbtest2 WHERE id BETWEEN 9242452 AND 9242551 ORDER BY c
	Unique  (cost=400.37..400.87 rows=100 width=121)
	  ->  Sort  (cost=400.37..400.62 rows=100 width=121)
	        Sort Key: c
	        ->  Index Scan using sbtest2_pkey on sbtest2  (cost=0.43..397.05 rows=100 width=121)
	              Index Cond: ((id >= 9242452) AND (id <= 9242551))

table 3 : explain SELECT DISTINCT c FROM sbtest3 WHERE id BETWEEN 7217879 AND 7217978 ORDER BY c
	Unique  (cost=409.30..409.81 rows=102 width=121)
	  ->  Sort  (cost=409.30..409.56 rows=102 width=121)
	        Sort Key: c
	        ->  Index Scan using sbtest3_pkey on sbtest3  (cost=0.43..405.90 rows=102 width=121)
	              Index Cond: ((id >= 7217879) AND (id <= 7217978))

table 4 : explain SELECT DISTINCT c FROM sbtest4 WHERE id BETWEEN 2732424 AND 2732523 ORDER BY c
	Unique  (cost=396.15..396.65 rows=99 width=121)
	  ->  Sort  (cost=396.15..396.40 rows=99 width=121)
	        Sort Key: c
	        ->  Index Scan using sbtest4_pkey on sbtest4  (cost=0.43..392.87 rows=99 width=121)
	              Index Cond: ((id >= 2732424) AND (id <= 2732523))

table 5 : explain SELECT DISTINCT c FROM sbtest5 WHERE id BETWEEN 8320156 AND 8320255 ORDER BY c
	Unique  (cost=396.55..397.05 rows=99 width=121)
	  ->  Sort  (cost=396.55..396.80 rows=99 width=121)
	        Sort Key: c
	        ->  Index Scan using sbtest5_pkey on sbtest5  (cost=0.43..393.27 rows=99 width=121)
	              Index Cond: ((id >= 8320156) AND (id <= 8320255))

table 6 : explain SELECT DISTINCT c FROM sbtest6 WHERE id BETWEEN 579822 AND 579921 ORDER BY c
	Unique  (cost=370.06..370.52 rows=92 width=121)
	  ->  Sort  (cost=370.06..370.29 rows=92 width=121)
	        Sort Key: c
	        ->  Index Scan using sbtest6_pkey on sbtest6  (cost=0.43..367.05 rows=92 width=121)
	              Index Cond: ((id >= 579822) AND (id <= 579921))

table 7 : explain SELECT DISTINCT c FROM sbtest7 WHERE id BETWEEN 8015171 AND 8015270 ORDER BY c
	Unique  (cost=404.08..404.59 rows=101 width=121)
	  ->  Sort  (cost=404.08..404.33 rows=101 width=121)
	        Sort Key: c
	        ->  Index Scan using sbtest7_pkey on sbtest7  (cost=0.43..400.72 rows=101 width=121)
	              Index Cond: ((id >= 8015171) AND (id <= 8015270))

table 8 : explain SELECT DISTINCT c FROM sbtest8 WHERE id BETWEEN 2861639 AND 2861738 ORDER BY c
	Unique  (cost=399.13..399.63 rows=100 width=121)
	  ->  Sort  (cost=399.13..399.38 rows=100 width=121)
	        Sort Key: c
	        ->  Index Scan using sbtest8_pkey on sbtest8  (cost=0.43..395.81 rows=100 width=121)
	              Index Cond: ((id >= 2861639) AND (id <= 2861738))

for: sum_ranges
table 1 : explain SELECT SUM(k) FROM sbtest1 WHERE id BETWEEN 1884583 AND 1884682
	Aggregate  (cost=410.14..410.15 rows=1 width=8)
	  ->  Index Scan using sbtest1_pkey on sbtest1  (cost=0.43..409.88 rows=103 width=4)
	        Index Cond: ((id >= 1884583) AND (id <= 1884682))

table 2 : explain SELECT SUM(k) FROM sbtest2 WHERE id BETWEEN 5656646 AND 5656745
	Aggregate  (cost=428.71..428.72 rows=1 width=8)
	  ->  Index Scan using sbtest2_pkey on sbtest2  (cost=0.43..428.44 rows=108 width=4)
	        Index Cond: ((id >= 5656646) AND (id <= 5656745))

table 3 : explain SELECT SUM(k) FROM sbtest3 WHERE id BETWEEN 7300145 AND 7300244
	Aggregate  (cost=417.96..417.97 rows=1 width=8)
	  ->  Index Scan using sbtest3_pkey on sbtest3  (cost=0.43..417.70 rows=105 width=4)
	        Index Cond: ((id >= 7300145) AND (id <= 7300244))

table 4 : explain SELECT SUM(k) FROM sbtest4 WHERE id BETWEEN 4595693 AND 4595792
	Aggregate  (cost=361.70..361.71 rows=1 width=8)
	  ->  Index Scan using sbtest4_pkey on sbtest4  (cost=0.43..361.47 rows=91 width=4)
	        Index Cond: ((id >= 4595693) AND (id <= 4595792))

table 5 : explain SELECT SUM(k) FROM sbtest5 WHERE id BETWEEN 4592344 AND 4592443
	Aggregate  (cost=373.88..373.89 rows=1 width=8)
	  ->  Index Scan using sbtest5_pkey on sbtest5  (cost=0.43..373.64 rows=94 width=4)
	        Index Cond: ((id >= 4592344) AND (id <= 4592443))

table 6 : explain SELECT SUM(k) FROM sbtest6 WHERE id BETWEEN 7772906 AND 7773005
	Aggregate  (cost=343.63..343.64 rows=1 width=8)
	  ->  Index Scan using sbtest6_pkey on sbtest6  (cost=0.43..343.41 rows=86 width=4)
	        Index Cond: ((id >= 7772906) AND (id <= 7773005))

table 7 : explain SELECT SUM(k) FROM sbtest7 WHERE id BETWEEN 1578512 AND 1578611
	Aggregate  (cost=428.44..428.45 rows=1 width=8)
	  ->  Index Scan using sbtest7_pkey on sbtest7  (cost=0.43..428.17 rows=108 width=4)
	        Index Cond: ((id >= 1578512) AND (id <= 1578611))

table 8 : explain SELECT SUM(k) FROM sbtest8 WHERE id BETWEEN 8997 AND 9096
	Aggregate  (cost=384.32..384.33 rows=1 width=8)
	  ->  Index Scan using sbtest8_pkey on sbtest8  (cost=0.43..384.08 rows=97 width=4)
	        Index Cond: ((id >= 8997) AND (id <= 9096))

for: order_ranges
table 1 : explain SELECT c FROM sbtest1 WHERE id BETWEEN 4229329 AND 4229428 ORDER BY c
	Sort  (cost=413.32..413.58 rows=103 width=121)
	  Sort Key: c
	  ->  Index Scan using sbtest1_pkey on sbtest1  (cost=0.43..409.88 rows=103 width=121)
	        Index Cond: ((id >= 4229329) AND (id <= 4229428))

table 2 : explain SELECT c FROM sbtest2 WHERE id BETWEEN 681960 AND 682059 ORDER BY c
	Sort  (cost=436.06..436.33 rows=109 width=121)
	  Sort Key: c
	  ->  Index Scan using sbtest2_pkey on sbtest2  (cost=0.43..432.37 rows=109 width=121)
	        Index Cond: ((id >= 681960) AND (id <= 682059))

table 3 : explain SELECT c FROM sbtest3 WHERE id BETWEEN 4906416 AND 4906515 ORDER BY c
	Sort  (cost=409.30..409.56 rows=102 width=121)
	  Sort Key: c
	  ->  Index Scan using sbtest3_pkey on sbtest3  (cost=0.43..405.90 rows=102 width=121)
	        Index Cond: ((id >= 4906416) AND (id <= 4906515))

table 4 : explain SELECT c FROM sbtest4 WHERE id BETWEEN 2560522 AND 2560621 ORDER BY c
	Sort  (cost=431.82..432.09 rows=108 width=121)
	  Sort Key: c
	  ->  Index Scan using sbtest4_pkey on sbtest4  (cost=0.43..428.17 rows=108 width=121)
	        Index Cond: ((id >= 2560522) AND (id <= 2560621))

table 5 : explain SELECT c FROM sbtest5 WHERE id BETWEEN 1732706 AND 1732805 ORDER BY c
	Sort  (cost=372.73..372.97 rows=93 width=121)
	  Sort Key: c
	  ->  Index Scan using sbtest5_pkey on sbtest5  (cost=0.43..369.69 rows=93 width=121)
	        Index Cond: ((id >= 1732706) AND (id <= 1732805))

table 6 : explain SELECT c FROM sbtest6 WHERE id BETWEEN 8731785 AND 8731884 ORDER BY c
	Sort  (cost=401.92..402.17 rows=100 width=121)
	  Sort Key: c
	  ->  Index Scan using sbtest6_pkey on sbtest6  (cost=0.43..398.60 rows=100 width=121)
	        Index Cond: ((id >= 8731785) AND (id <= 8731884))

table 7 : explain SELECT c FROM sbtest7 WHERE id BETWEEN 904164 AND 904263 ORDER BY c
	Sort  (cost=384.24..384.48 rows=96 width=121)
	  Sort Key: c
	  ->  Index Scan using sbtest7_pkey on sbtest7  (cost=0.43..381.08 rows=96 width=121)
	        Index Cond: ((id >= 904164) AND (id <= 904263))

table 8 : explain SELECT c FROM sbtest8 WHERE id BETWEEN 3315422 AND 3315521 ORDER BY c
	Sort  (cost=403.09..403.34 rows=101 width=121)
	  Sort Key: c
	  ->  Index Scan using sbtest8_pkey on sbtest8  (cost=0.43..399.72 rows=101 width=121)
	        Index Cond: ((id >= 3315422) AND (id <= 3315521))

for: order_ranges
table 1 : explain SELECT c FROM sbtest1 WHERE id BETWEEN 3319302 AND 3319401 ORDER BY c
	Sort  (cost=393.45..393.69 rows=98 width=121)
	  Sort Key: c
	  ->  Index Scan using sbtest1_pkey on sbtest1  (cost=0.43..390.20 rows=98 width=121)
	        Index Cond: ((id >= 3319302) AND (id <= 3319401))

table 2 : explain SELECT c FROM sbtest2 WHERE id BETWEEN 6804147 AND 6804246 ORDER BY c
	Sort  (cost=416.23..416.49 rows=104 width=121)
	  Sort Key: c
	  ->  Index Scan using sbtest2_pkey on sbtest2  (cost=0.43..412.75 rows=104 width=121)
	        Index Cond: ((id >= 6804147) AND (id <= 6804246))

table 3 : explain SELECT c FROM sbtest3 WHERE id BETWEEN 4014898 AND 4014997 ORDER BY c
	Sort  (cost=397.38..397.62 rows=99 width=121)
	  Sort Key: c
	  ->  Index Scan using sbtest3_pkey on sbtest3  (cost=0.43..394.09 rows=99 width=121)
	        Index Cond: ((id >= 4014898) AND (id <= 4014997))

table 4 : explain SELECT c FROM sbtest4 WHERE id BETWEEN 5592084 AND 5592183 ORDER BY c
	Sort  (cost=388.23..388.47 rows=97 width=121)
	  Sort Key: c
	  ->  Index Scan using sbtest4_pkey on sbtest4  (cost=0.43..385.03 rows=97 width=121)
	        Index Cond: ((id >= 5592084) AND (id <= 5592183))

table 5 : explain SELECT c FROM sbtest5 WHERE id BETWEEN 38761 AND 38860 ORDER BY c
	Sort  (cost=420.35..420.62 rows=105 width=121)
	  Sort Key: c
	  ->  Index Scan using sbtest5_pkey on sbtest5  (cost=0.43..416.83 rows=105 width=121)
	        Index Cond: ((id >= 38761) AND (id <= 38860))

table 6 : explain SELECT c FROM sbtest6 WHERE id BETWEEN 4648180 AND 4648279 ORDER BY c
	Sort  (cost=393.96..394.20 rows=98 width=121)
	  Sort Key: c
	  ->  Index Scan using sbtest6_pkey on sbtest6  (cost=0.43..390.72 rows=98 width=121)
	        Index Cond: ((id >= 4648180) AND (id <= 4648279))

table 7 : explain SELECT c FROM sbtest7 WHERE id BETWEEN 1737225 AND 1737324 ORDER BY c
	Sort  (cost=392.19..392.44 rows=98 width=121)
	  Sort Key: c
	  ->  Index Scan using sbtest7_pkey on sbtest7  (cost=0.43..388.95 rows=98 width=121)
	        Index Cond: ((id >= 1737225) AND (id <= 1737324))

table 8 : explain SELECT c FROM sbtest8 WHERE id BETWEEN 8041814 AND 8041913 ORDER BY c
	Sort  (cost=387.28..387.52 rows=97 width=121)
	  Sort Key: c
	  ->  Index Scan using sbtest8_pkey on sbtest8  (cost=0.43..384.08 rows=97 width=121)
	        Index Cond: ((id >= 8041814) AND (id <= 8041913))

for: distinct_ranges
table 1 : explain SELECT DISTINCT c FROM sbtest1 WHERE id BETWEEN 4073975 AND 4074074 ORDER BY c
	Unique  (cost=377.55..378.02 rows=94 width=121)
	  ->  Sort  (cost=377.55..377.78 rows=94 width=121)
	        Sort Key: c
	        ->  Index Scan using sbtest1_pkey on sbtest1  (cost=0.43..374.46 rows=94 width=121)
	              Index Cond: ((id >= 4073975) AND (id <= 4074074))

table 2 : explain SELECT DISTINCT c FROM sbtest2 WHERE id BETWEEN 2991359 AND 2991458 ORDER BY c
	Unique  (cost=392.44..392.93 rows=98 width=121)
	  ->  Sort  (cost=392.44..392.68 rows=98 width=121)
	        Sort Key: c
	        ->  Index Scan using sbtest2_pkey on sbtest2  (cost=0.43..389.20 rows=98 width=121)
	              Index Cond: ((id >= 2991359) AND (id <= 2991458))

table 3 : explain SELECT DISTINCT c FROM sbtest3 WHERE id BETWEEN 3777182 AND 3777281 ORDER BY c
	Unique  (cost=385.45..385.93 rows=96 width=121)
	  ->  Sort  (cost=385.45..385.69 rows=96 width=121)
	        Sort Key: c
	        ->  Index Scan using sbtest3_pkey on sbtest3  (cost=0.43..382.29 rows=96 width=121)
	              Index Cond: ((id >= 3777182) AND (id <= 3777281))

table 4 : explain SELECT DISTINCT c FROM sbtest4 WHERE id BETWEEN 9997725 AND 9997824 ORDER BY c
	Unique  (cost=408.04..408.55 rows=102 width=121)
	  ->  Sort  (cost=408.04..408.30 rows=102 width=121)
	        Sort Key: c
	        ->  Index Scan using sbtest4_pkey on sbtest4  (cost=0.43..404.64 rows=102 width=121)
	              Index Cond: ((id >= 9997725) AND (id <= 9997824))

table 5 : explain SELECT DISTINCT c FROM sbtest5 WHERE id BETWEEN 5254635 AND 5254734 ORDER BY c
	Unique  (cost=420.35..420.88 rows=105 width=121)
	  ->  Sort  (cost=420.35..420.62 rows=105 width=121)
	        Sort Key: c
	        ->  Index Scan using sbtest5_pkey on sbtest5  (cost=0.43..416.83 rows=105 width=121)
	              Index Cond: ((id >= 5254635) AND (id <= 5254734))

table 6 : explain SELECT DISTINCT c FROM sbtest6 WHERE id BETWEEN 5431250 AND 5431349 ORDER BY c
	Unique  (cost=358.12..358.56 rows=89 width=121)
	  ->  Sort  (cost=358.12..358.34 rows=89 width=121)
	        Sort Key: c
	        ->  Index Scan using sbtest6_pkey on sbtest6  (cost=0.43..355.23 rows=89 width=121)
	              Index Cond: ((id >= 5431250) AND (id <= 5431349))

table 7 : explain SELECT DISTINCT c FROM sbtest7 WHERE id BETWEEN 3859934 AND 3860033 ORDER BY c
	Unique  (cost=388.23..388.72 rows=97 width=121)
	  ->  Sort  (cost=388.23..388.47 rows=97 width=121)
	        Sort Key: c
	        ->  Index Scan using sbtest7_pkey on sbtest7  (cost=0.43..385.03 rows=97 width=121)
	              Index Cond: ((id >= 3859934) AND (id <= 3860033))

table 8 : explain SELECT DISTINCT c FROM sbtest8 WHERE id BETWEEN 2036296 AND 2036395 ORDER BY c
	Unique  (cost=414.94..415.46 rows=104 width=121)
	  ->  Sort  (cost=414.94..415.20 rows=104 width=121)
	        Sort Key: c
	        ->  Index Scan using sbtest8_pkey on sbtest8  (cost=0.43..411.46 rows=104 width=121)
	              Index Cond: ((id >= 2036296) AND (id <= 2036395))

for: distinct_ranges
table 1 : explain SELECT DISTINCT c FROM sbtest1 WHERE id BETWEEN 3883589 AND 3883688 ORDER BY c
	Unique  (cost=389.47..389.96 rows=97 width=121)
	  ->  Sort  (cost=389.47..389.71 rows=97 width=121)
	        Sort Key: c
	        ->  Index Scan using sbtest1_pkey on sbtest1  (cost=0.43..386.27 rows=97 width=121)
	              Index Cond: ((id >= 3883589) AND (id <= 3883688))

table 2 : explain SELECT DISTINCT c FROM sbtest2 WHERE id BETWEEN 6133373 AND 6133472 ORDER BY c
	Unique  (cost=424.16..424.69 rows=106 width=121)
	  ->  Sort  (cost=424.16..424.43 rows=106 width=121)
	        Sort Key: c
	        ->  Index Scan using sbtest2_pkey on sbtest2  (cost=0.43..420.59 rows=106 width=121)
	              Index Cond: ((id >= 6133373) AND (id <= 6133472))

table 3 : explain SELECT DISTINCT c FROM sbtest3 WHERE id BETWEEN 9486471 AND 9486570 ORDER BY c
	Unique  (cost=365.56..366.01 rows=91 width=121)
	  ->  Sort  (cost=365.56..365.79 rows=91 width=121)
	        Sort Key: c
	        ->  Index Scan using sbtest3_pkey on sbtest3  (cost=0.43..362.60 rows=91 width=121)
	              Index Cond: ((id >= 9486471) AND (id <= 9486570))

table 4 : explain SELECT DISTINCT c FROM sbtest4 WHERE id BETWEEN 5087996 AND 5088095 ORDER BY c
	Unique  (cost=400.12..400.62 rows=100 width=121)
	  ->  Sort  (cost=400.12..400.37 rows=100 width=121)
	        Sort Key: c
	        ->  Index Scan using sbtest4_pkey on sbtest4  (cost=0.43..396.79 rows=100 width=121)
	              Index Cond: ((id >= 5087996) AND (id <= 5088095))

table 5 : explain SELECT DISTINCT c FROM sbtest5 WHERE id BETWEEN 9625582 AND 9625681 ORDER BY c
	Unique  (cost=408.45..408.96 rows=102 width=121)
	  ->  Sort  (cost=408.45..408.71 rows=102 width=121)
	        Sort Key: c
	        ->  Index Scan using sbtest5_pkey on sbtest5  (cost=0.43..405.05 rows=102 width=121)
	              Index Cond: ((id >= 9625582) AND (id <= 9625681))

table 6 : explain SELECT DISTINCT c FROM sbtest6 WHERE id BETWEEN 8861935 AND 8862034 ORDER BY c
	Unique  (cost=437.75..438.29 rows=109 width=121)
	  ->  Sort  (cost=437.75..438.02 rows=109 width=121)
	        Sort Key: c
	        ->  Index Scan using sbtest6_pkey on sbtest6  (cost=0.43..434.06 rows=109 width=121)
	              Index Cond: ((id >= 8861935) AND (id <= 8862034))

table 7 : explain SELECT DISTINCT c FROM sbtest7 WHERE id BETWEEN 6955301 AND 6955400 ORDER BY c
	Unique  (cost=400.12..400.62 rows=100 width=121)
	  ->  Sort  (cost=400.12..400.37 rows=100 width=121)
	        Sort Key: c
	        ->  Index Scan using sbtest7_pkey on sbtest7  (cost=0.43..396.80 rows=100 width=121)
	              Index Cond: ((id >= 6955301) AND (id <= 6955400))

table 8 : explain SELECT DISTINCT c FROM sbtest8 WHERE id BETWEEN 4434597 AND 4434696 ORDER BY c
	Unique  (cost=407.04..407.55 rows=102 width=121)
	  ->  Sort  (cost=407.04..407.29 rows=102 width=121)
	        Sort Key: c
	        ->  Index Scan using sbtest8_pkey on sbtest8  (cost=0.43..403.64 rows=102 width=121)
	              Index Cond: ((id >= 4434597) AND (id <= 4434696))

Threads started!

Warming up for 5 seconds...

SQL statistics:
    queries performed:
        read:                            254834625
        write:                           0
        other:                           36404961
        total:                           291239586
    transactions:                        18202500 (28892.53 per sec.)
    queries:                             291239586 (462279.77 per sec.)
    ignored errors:                      0      (0.00 per sec.)
    reconnects:                          0      (0.00 per sec.)

Throughput:
    events/s (eps):                      28892.5266
    time elapsed:                        630.0073s
    total number of events:              18202500

Latency (ms):
         min:                                    1.13
         avg:                                    1.38
         max:                                   25.44
         95th percentile:                        1.44
         sum:                             25181877.00

Threads fairness:
    events (avg/stddev):           455062.0500/2501.46
    execution time (avg/stddev):   629.5469/0.00

