LUA_PATH=/home/mdcallag/git/mytools/bench/sysbench.lua/lua/?.lua /home/mdcallag/git/mytools/bench/sysbench.lua/lua/sysbench --db-driver=pgsql --range-size=1000 --table-size=10000000 --tables=8 --threads=40 --events=0 --warmup-time=5 --time=630 --pgsql_conn_id=true /home/mdcallag/git/mytools/bench/sysbench.lua/lua/oltp_read_only_count.lua run --pgsql-user=root --pgsql-password=pw --pgsql-host=127.0.0.1 --pgsql-db=ib --rand-type=uniform --skip-trx
48 CPUs
sysbench 1.1.0-9072687 (using bundled LuaJIT 2.1.0-beta3)

Running the test with following options:
Number of threads: 40
Warmup time: 5s
Initializing random number generator from current time


Initializing worker threads...

for: count_ranges
table 1 : explain SELECT count(c) FROM sbtest1 WHERE id BETWEEN 4703213 AND 4704212
	Aggregate  (cost=3798.45..3798.46 rows=1 width=8)
	  ->  Bitmap Heap Scan on sbtest1  (cost=30.47..3796.00 rows=979 width=121)
	        Recheck Cond: ((id >= 4703213) AND (id <= 4704212))
	        ->  Bitmap Index Scan on sbtest1_pkey  (cost=0.00..30.22 rows=979 width=0)
	              Index Cond: ((id >= 4703213) AND (id <= 4704212))

table 2 : explain SELECT count(c) FROM sbtest2 WHERE id BETWEEN 7687082 AND 7688081
	Aggregate  (cost=4151.81..4151.82 rows=1 width=8)
	  ->  Bitmap Heap Scan on sbtest2  (cost=35.42..4149.13 rows=1072 width=121)
	        Recheck Cond: ((id >= 7687082) AND (id <= 7688081))
	        ->  Bitmap Index Scan on sbtest2_pkey  (cost=0.00..35.16 rows=1072 width=0)
	              Index Cond: ((id >= 7687082) AND (id <= 7688081))

table 3 : explain SELECT count(c) FROM sbtest3 WHERE id BETWEEN 6297014 AND 6298013
	Aggregate  (cost=3473.95..3473.96 rows=1 width=8)
	  ->  Bitmap Heap Scan on sbtest3  (cost=29.60..3471.71 rows=894 width=121)
	        Recheck Cond: ((id >= 6297014) AND (id <= 6298013))
	        ->  Bitmap Index Scan on sbtest3_pkey  (cost=0.00..29.37 rows=894 width=0)
	              Index Cond: ((id >= 6297014) AND (id <= 6298013))

table 4 : explain SELECT count(c) FROM sbtest4 WHERE id BETWEEN 8327816 AND 8328815
	Aggregate  (cost=4117.61..4117.62 rows=1 width=8)
	  ->  Bitmap Heap Scan on sbtest4  (cost=31.34..4114.95 rows=1064 width=121)
	        Recheck Cond: ((id >= 8327816) AND (id <= 8328815))
	        ->  Bitmap Index Scan on sbtest4_pkey  (cost=0.00..31.07 rows=1064 width=0)
	              Index Cond: ((id >= 8327816) AND (id <= 8328815))

table 5 : explain SELECT count(c) FROM sbtest5 WHERE id BETWEEN 1432505 AND 1433504
	Aggregate  (cost=4087.79..4087.80 rows=1 width=8)
	  ->  Bitmap Heap Scan on sbtest5  (cost=31.26..4085.15 rows=1056 width=121)
	        Recheck Cond: ((id >= 1432505) AND (id <= 1433504))
	        ->  Bitmap Index Scan on sbtest5_pkey  (cost=0.00..31.00 rows=1056 width=0)
	              Index Cond: ((id >= 1432505) AND (id <= 1433504))

table 6 : explain SELECT count(c) FROM sbtest6 WHERE id BETWEEN 3613414 AND 3614413
	Aggregate  (cost=3611.43..3611.44 rows=1 width=8)
	  ->  Bitmap Heap Scan on sbtest6  (cost=29.97..3609.10 rows=930 width=121)
	        Recheck Cond: ((id >= 3613414) AND (id <= 3614413))
	        ->  Bitmap Index Scan on sbtest6_pkey  (cost=0.00..29.73 rows=930 width=0)
	              Index Cond: ((id >= 3613414) AND (id <= 3614413))

table 7 : explain SELECT count(c) FROM sbtest7 WHERE id BETWEEN 7696786 AND 7697785
	Aggregate  (cost=4367.49..4367.50 rows=1 width=8)
	  ->  Bitmap Heap Scan on sbtest7  (cost=36.03..4364.66 rows=1131 width=121)
	        Recheck Cond: ((id >= 7696786) AND (id <= 7697785))
	        ->  Bitmap Index Scan on sbtest7_pkey  (cost=0.00..35.75 rows=1131 width=0)
	              Index Cond: ((id >= 7696786) AND (id <= 7697785))

table 8 : explain SELECT count(c) FROM sbtest8 WHERE id BETWEEN 375978 AND 376977
	Aggregate  (cost=3910.51..3910.52 rows=1 width=8)
	  ->  Bitmap Heap Scan on sbtest8  (cost=30.78..3907.99 rows=1009 width=121)
	        Recheck Cond: ((id >= 375978) AND (id <= 376977))
	        ->  Bitmap Index Scan on sbtest8_pkey  (cost=0.00..30.52 rows=1009 width=0)
	              Index Cond: ((id >= 375978) AND (id <= 376977))

for: count_ranges
table 1 : explain SELECT count(c) FROM sbtest1 WHERE id BETWEEN 8346721 AND 8347720
	Aggregate  (cost=3726.59..3726.60 rows=1 width=8)
	  ->  Bitmap Heap Scan on sbtest1  (cost=30.27..3724.19 rows=960 width=121)
	        Recheck Cond: ((id >= 8346721) AND (id <= 8347720))
	        ->  Bitmap Index Scan on sbtest1_pkey  (cost=0.00..30.04 rows=960 width=0)
	              Index Cond: ((id >= 8346721) AND (id <= 8347720))

table 2 : explain SELECT count(c) FROM sbtest2 WHERE id BETWEEN 789283 AND 790282
	Aggregate  (cost=3679.78..3679.79 rows=1 width=8)
	  ->  Bitmap Heap Scan on sbtest2  (cost=30.15..3677.41 rows=948 width=121)
	        Recheck Cond: ((id >= 789283) AND (id <= 790282))
	        ->  Bitmap Index Scan on sbtest2_pkey  (cost=0.00..29.91 rows=948 width=0)
	              Index Cond: ((id >= 789283) AND (id <= 790282))

table 3 : explain SELECT count(c) FROM sbtest3 WHERE id BETWEEN 3618807 AND 3619806
	Aggregate  (cost=3697.15..3697.16 rows=1 width=8)
	  ->  Bitmap Heap Scan on sbtest3  (cost=30.20..3694.77 rows=953 width=121)
	        Recheck Cond: ((id >= 3618807) AND (id <= 3619806))
	        ->  Bitmap Index Scan on sbtest3_pkey  (cost=0.00..29.96 rows=953 width=0)
	              Index Cond: ((id >= 3618807) AND (id <= 3619806))

table 4 : explain SELECT count(c) FROM sbtest4 WHERE id BETWEEN 4980024 AND 4981023
	Aggregate  (cost=4008.30..4008.31 rows=1 width=8)
	  ->  Bitmap Heap Scan on sbtest4  (cost=31.04..4005.71 rows=1035 width=121)
	        Recheck Cond: ((id >= 4980024) AND (id <= 4981023))
	        ->  Bitmap Index Scan on sbtest4_pkey  (cost=0.00..30.79 rows=1035 width=0)
	              Index Cond: ((id >= 4980024) AND (id <= 4981023))

table 5 : explain SELECT count(c) FROM sbtest5 WHERE id BETWEEN 1253088 AND 1254087
	Aggregate  (cost=3887.85..3887.86 rows=1 width=8)
	  ->  Bitmap Heap Scan on sbtest5  (cost=30.72..3885.35 rows=1003 width=121)
	        Recheck Cond: ((id >= 1253088) AND (id <= 1254087))
	        ->  Bitmap Index Scan on sbtest5_pkey  (cost=0.00..30.46 rows=1003 width=0)
	              Index Cond: ((id >= 1253088) AND (id <= 1254087))

table 6 : explain SELECT count(c) FROM sbtest6 WHERE id BETWEEN 3656403 AND 3657402
	Aggregate  (cost=3611.43..3611.44 rows=1 width=8)
	  ->  Bitmap Heap Scan on sbtest6  (cost=29.97..3609.10 rows=930 width=121)
	        Recheck Cond: ((id >= 3656403) AND (id <= 3657402))
	        ->  Bitmap Index Scan on sbtest6_pkey  (cost=0.00..29.73 rows=930 width=0)
	              Index Cond: ((id >= 3656403) AND (id <= 3657402))

table 7 : explain SELECT count(c) FROM sbtest7 WHERE id BETWEEN 1619297 AND 1620296
	Aggregate  (cost=4232.16..4232.17 rows=1 width=8)
	  ->  Bitmap Heap Scan on sbtest7  (cost=35.65..4229.42 rows=1094 width=121)
	        Recheck Cond: ((id >= 1619297) AND (id <= 1620296))
	        ->  Bitmap Index Scan on sbtest7_pkey  (cost=0.00..35.38 rows=1094 width=0)
	              Index Cond: ((id >= 1619297) AND (id <= 1620296))

table 8 : explain SELECT count(c) FROM sbtest8 WHERE id BETWEEN 6806705 AND 6807704
	Aggregate  (cost=4148.32..4148.33 rows=1 width=8)
	  ->  Bitmap Heap Scan on sbtest8  (cost=35.41..4145.64 rows=1071 width=121)
	        Recheck Cond: ((id >= 6806705) AND (id <= 6807704))
	        ->  Bitmap Index Scan on sbtest8_pkey  (cost=0.00..35.15 rows=1071 width=0)
	              Index Cond: ((id >= 6806705) AND (id <= 6807704))

for: count_ranges
table 1 : explain SELECT count(c) FROM sbtest1 WHERE id BETWEEN 322435 AND 323434
	Aggregate  (cost=3824.91..3824.92 rows=1 width=8)
	  ->  Bitmap Heap Scan on sbtest1  (cost=30.54..3822.44 rows=986 width=121)
	        Recheck Cond: ((id >= 322435) AND (id <= 323434))
	        ->  Bitmap Index Scan on sbtest1_pkey  (cost=0.00..30.29 rows=986 width=0)
	              Index Cond: ((id >= 322435) AND (id <= 323434))

table 2 : explain SELECT count(c) FROM sbtest2 WHERE id BETWEEN 7763253 AND 7764252
	Aggregate  (cost=3914.04..3914.05 rows=1 width=8)
	  ->  Bitmap Heap Scan on sbtest2  (cost=30.79..3911.51 rows=1010 width=121)
	        Recheck Cond: ((id >= 7763253) AND (id <= 7764252))
	        ->  Bitmap Index Scan on sbtest2_pkey  (cost=0.00..30.54 rows=1010 width=0)
	              Index Cond: ((id >= 7763253) AND (id <= 7764252))

table 3 : explain SELECT count(c) FROM sbtest3 WHERE id BETWEEN 9608638 AND 9609637
	Aggregate  (cost=3859.54..3859.55 rows=1 width=8)
	  ->  Bitmap Heap Scan on sbtest3  (cost=30.64..3857.05 rows=996 width=121)
	        Recheck Cond: ((id >= 9608638) AND (id <= 9609637))
	        ->  Bitmap Index Scan on sbtest3_pkey  (cost=0.00..30.39 rows=996 width=0)
	              Index Cond: ((id >= 9608638) AND (id <= 9609637))

table 4 : explain SELECT count(c) FROM sbtest4 WHERE id BETWEEN 1457365 AND 1458364
	Aggregate  (cost=3906.43..3906.44 rows=1 width=8)
	  ->  Bitmap Heap Scan on sbtest4  (cost=30.77..3903.91 rows=1008 width=121)
	        Recheck Cond: ((id >= 1457365) AND (id <= 1458364))
	        ->  Bitmap Index Scan on sbtest4_pkey  (cost=0.00..30.51 rows=1008 width=0)
	              Index Cond: ((id >= 1457365) AND (id <= 1458364))

table 5 : explain SELECT count(c) FROM sbtest5 WHERE id BETWEEN 5347497 AND 5348496
	Aggregate  (cost=3982.21..3982.22 rows=1 width=8)
	  ->  Bitmap Heap Scan on sbtest5  (cost=30.97..3979.64 rows=1028 width=121)
	        Recheck Cond: ((id >= 5347497) AND (id <= 5348496))
	        ->  Bitmap Index Scan on sbtest5_pkey  (cost=0.00..30.71 rows=1028 width=0)
	              Index Cond: ((id >= 5347497) AND (id <= 5348496))

table 6 : explain SELECT count(c) FROM sbtest6 WHERE id BETWEEN 1610725 AND 1611724
	Aggregate  (cost=3849.58..3849.59 rows=1 width=8)
	  ->  Bitmap Heap Scan on sbtest6  (cost=30.61..3847.09 rows=993 width=121)
	        Recheck Cond: ((id >= 1610725) AND (id <= 1611724))
	        ->  Bitmap Index Scan on sbtest6_pkey  (cost=0.00..30.36 rows=993 width=0)
	              Index Cond: ((id >= 1610725) AND (id <= 1611724))

table 7 : explain SELECT count(c) FROM sbtest7 WHERE id BETWEEN 2106073 AND 2107072
	Aggregate  (cost=3930.68..3930.69 rows=1 width=8)
	  ->  Bitmap Heap Scan on sbtest7  (cost=30.84..3928.14 rows=1015 width=121)
	        Recheck Cond: ((id >= 2106073) AND (id <= 2107072))
	        ->  Bitmap Index Scan on sbtest7_pkey  (cost=0.00..30.58 rows=1015 width=0)
	              Index Cond: ((id >= 2106073) AND (id <= 2107072))

table 8 : explain SELECT count(c) FROM sbtest8 WHERE id BETWEEN 2794561 AND 2795560
	Aggregate  (cost=3884.08..3884.09 rows=1 width=8)
	  ->  Bitmap Heap Scan on sbtest8  (cost=30.71..3881.58 rows=1002 width=121)
	        Recheck Cond: ((id >= 2794561) AND (id <= 2795560))
	        ->  Bitmap Index Scan on sbtest8_pkey  (cost=0.00..30.45 rows=1002 width=0)
	              Index Cond: ((id >= 2794561) AND (id <= 2795560))

for: count_ranges
table 1 : explain SELECT count(c) FROM sbtest1 WHERE id BETWEEN 8894226 AND 8895225
	Aggregate  (cost=3635.76..3635.77 rows=1 width=8)
	  ->  Bitmap Heap Scan on sbtest1  (cost=30.03..3633.42 rows=936 width=121)
	        Recheck Cond: ((id >= 8894226) AND (id <= 8895225))
	        ->  Bitmap Index Scan on sbtest1_pkey  (cost=0.00..29.79 rows=936 width=0)
	              Index Cond: ((id >= 8894226) AND (id <= 8895225))

table 2 : explain SELECT count(c) FROM sbtest2 WHERE id BETWEEN 5845993 AND 5846992
	Aggregate  (cost=4204.53..4204.54 rows=1 width=8)
	  ->  Bitmap Heap Scan on sbtest2  (cost=35.57..4201.82 rows=1086 width=121)
	        Recheck Cond: ((id >= 5845993) AND (id <= 5846992))
	        ->  Bitmap Index Scan on sbtest2_pkey  (cost=0.00..35.30 rows=1086 width=0)
	              Index Cond: ((id >= 5845993) AND (id <= 5846992))

table 3 : explain SELECT count(c) FROM sbtest3 WHERE id BETWEEN 7734821 AND 7735820
	Aggregate  (cost=3919.90..3919.91 rows=1 width=8)
	  ->  Bitmap Heap Scan on sbtest3  (cost=30.81..3917.37 rows=1012 width=121)
	        Recheck Cond: ((id >= 7734821) AND (id <= 7735820))
	        ->  Bitmap Index Scan on sbtest3_pkey  (cost=0.00..30.55 rows=1012 width=0)
	              Index Cond: ((id >= 7734821) AND (id <= 7735820))

table 4 : explain SELECT count(c) FROM sbtest4 WHERE id BETWEEN 6684056 AND 6685055
	Aggregate  (cost=3721.32..3721.33 rows=1 width=8)
	  ->  Bitmap Heap Scan on sbtest4  (cost=30.26..3718.93 rows=959 width=121)
	        Recheck Cond: ((id >= 6684056) AND (id <= 6685055))
	        ->  Bitmap Index Scan on sbtest4_pkey  (cost=0.00..30.02 rows=959 width=0)
	              Index Cond: ((id >= 6684056) AND (id <= 6685055))

table 5 : explain SELECT count(c) FROM sbtest5 WHERE id BETWEEN 4921966 AND 4922965
	Aggregate  (cost=3611.89..3611.90 rows=1 width=8)
	  ->  Bitmap Heap Scan on sbtest5  (cost=29.97..3609.57 rows=930 width=121)
	        Recheck Cond: ((id >= 4921966) AND (id <= 4922965))
	        ->  Bitmap Index Scan on sbtest5_pkey  (cost=0.00..29.73 rows=930 width=0)
	              Index Cond: ((id >= 4921966) AND (id <= 4922965))

table 6 : explain SELECT count(c) FROM sbtest6 WHERE id BETWEEN 912925 AND 913924
	Aggregate  (cost=4147.73..4147.74 rows=1 width=8)
	  ->  Bitmap Heap Scan on sbtest6  (cost=35.41..4145.06 rows=1071 width=121)
	        Recheck Cond: ((id >= 912925) AND (id <= 913924))
	        ->  Bitmap Index Scan on sbtest6_pkey  (cost=0.00..35.15 rows=1071 width=0)
	              Index Cond: ((id >= 912925) AND (id <= 913924))

table 7 : explain SELECT count(c) FROM sbtest7 WHERE id BETWEEN 927697 AND 928696
	Aggregate  (cost=3908.05..3908.06 rows=1 width=8)
	  ->  Bitmap Heap Scan on sbtest7  (cost=30.78..3905.53 rows=1009 width=121)
	        Recheck Cond: ((id >= 927697) AND (id <= 928696))
	        ->  Bitmap Index Scan on sbtest7_pkey  (cost=0.00..30.52 rows=1009 width=0)
	              Index Cond: ((id >= 927697) AND (id <= 928696))

table 8 : explain SELECT count(c) FROM sbtest8 WHERE id BETWEEN 5781064 AND 5782063
	Aggregate  (cost=3974.67..3974.68 rows=1 width=8)
	  ->  Bitmap Heap Scan on sbtest8  (cost=30.95..3972.10 rows=1026 width=121)
	        Recheck Cond: ((id >= 5781064) AND (id <= 5782063))
	        ->  Bitmap Index Scan on sbtest8_pkey  (cost=0.00..30.69 rows=1026 width=0)
	              Index Cond: ((id >= 5781064) AND (id <= 5782063))

for: count_ranges
table 1 : explain SELECT count(c) FROM sbtest1 WHERE id BETWEEN 8641940 AND 8642939
	Aggregate  (cost=3753.07..3753.08 rows=1 width=8)
	  ->  Bitmap Heap Scan on sbtest1  (cost=30.35..3750.65 rows=967 width=121)
	        Recheck Cond: ((id >= 8641940) AND (id <= 8642939))
	        ->  Bitmap Index Scan on sbtest1_pkey  (cost=0.00..30.11 rows=967 width=0)
	              Index Cond: ((id >= 8641940) AND (id <= 8642939))

table 2 : explain SELECT count(c) FROM sbtest2 WHERE id BETWEEN 8237119 AND 8238118
	Aggregate  (cost=3985.73..3985.74 rows=1 width=8)
	  ->  Bitmap Heap Scan on sbtest2  (cost=30.98..3983.15 rows=1029 width=121)
	        Recheck Cond: ((id >= 8237119) AND (id <= 8238118))
	        ->  Bitmap Index Scan on sbtest2_pkey  (cost=0.00..30.72 rows=1029 width=0)
	              Index Cond: ((id >= 8237119) AND (id <= 8238118))

table 3 : explain SELECT count(c) FROM sbtest3 WHERE id BETWEEN 5397018 AND 5398017
	Aggregate  (cost=3980.23..3980.24 rows=1 width=8)
	  ->  Bitmap Heap Scan on sbtest3  (cost=30.97..3977.66 rows=1028 width=121)
	        Recheck Cond: ((id >= 5397018) AND (id <= 5398017))
	        ->  Bitmap Index Scan on sbtest3_pkey  (cost=0.00..30.71 rows=1028 width=0)
	              Index Cond: ((id >= 5397018) AND (id <= 5398017))

table 4 : explain SELECT count(c) FROM sbtest4 WHERE id BETWEEN 8619579 AND 8620578
	Aggregate  (cost=4049.77..4049.78 rows=1 width=8)
	  ->  Bitmap Heap Scan on sbtest4  (cost=31.16..4047.16 rows=1046 width=121)
	        Recheck Cond: ((id >= 8619579) AND (id <= 8620578))
	        ->  Bitmap Index Scan on sbtest4_pkey  (cost=0.00..30.89 rows=1046 width=0)
	              Index Cond: ((id >= 8619579) AND (id <= 8620578))

table 5 : explain SELECT count(c) FROM sbtest5 WHERE id BETWEEN 2279 AND 3278
	Aggregate  (cost=4068.94..4068.95 rows=1 width=8)
	  ->  Bitmap Heap Scan on sbtest5  (cost=31.21..4066.31 rows=1051 width=121)
	        Recheck Cond: ((id >= 2279) AND (id <= 3278))
	        ->  Bitmap Index Scan on sbtest5_pkey  (cost=0.00..30.94 rows=1051 width=0)
	              Index Cond: ((id >= 2279) AND (id <= 3278))

table 6 : explain SELECT count(c) FROM sbtest6 WHERE id BETWEEN 6085810 AND 6086809
	Aggregate  (cost=3637.91..3637.92 rows=1 width=8)
	  ->  Bitmap Heap Scan on sbtest6  (cost=30.04..3635.57 rows=937 width=121)
	        Recheck Cond: ((id >= 6085810) AND (id <= 6086809))
	        ->  Bitmap Index Scan on sbtest6_pkey  (cost=0.00..29.80 rows=937 width=0)
	              Index Cond: ((id >= 6085810) AND (id <= 6086809))

table 7 : explain SELECT count(c) FROM sbtest7 WHERE id BETWEEN 7394305 AND 7395304
	Aggregate  (cost=4040.20..4040.21 rows=1 width=8)
	  ->  Bitmap Heap Scan on sbtest7  (cost=35.13..4037.60 rows=1043 width=121)
	        Recheck Cond: ((id >= 7394305) AND (id <= 7395304))
	        ->  Bitmap Index Scan on sbtest7_pkey  (cost=0.00..34.87 rows=1043 width=0)
	              Index Cond: ((id >= 7394305) AND (id <= 7395304))

table 8 : explain SELECT count(c) FROM sbtest8 WHERE id BETWEEN 9650679 AND 9651678
	Aggregate  (cost=4016.16..4016.17 rows=1 width=8)
	  ->  Bitmap Heap Scan on sbtest8  (cost=31.06..4013.57 rows=1037 width=121)
	        Recheck Cond: ((id >= 9650679) AND (id <= 9651678))
	        ->  Bitmap Index Scan on sbtest8_pkey  (cost=0.00..30.80 rows=1037 width=0)
	              Index Cond: ((id >= 9650679) AND (id <= 9651678))

for: count_ranges
table 1 : explain SELECT count(c) FROM sbtest1 WHERE id BETWEEN 1388266 AND 1389265
	Aggregate  (cost=3904.25..3904.26 rows=1 width=8)
	  ->  Bitmap Heap Scan on sbtest1  (cost=30.76..3901.74 rows=1007 width=121)
	        Recheck Cond: ((id >= 1388266) AND (id <= 1389265))
	        ->  Bitmap Index Scan on sbtest1_pkey  (cost=0.00..30.50 rows=1007 width=0)
	              Index Cond: ((id >= 1388266) AND (id <= 1389265))

table 2 : explain SELECT count(c) FROM sbtest2 WHERE id BETWEEN 3967511 AND 3968510
	Aggregate  (cost=4181.94..4181.95 rows=1 width=8)
	  ->  Bitmap Heap Scan on sbtest2  (cost=35.51..4179.24 rows=1080 width=121)
	        Recheck Cond: ((id >= 3967511) AND (id <= 3968510))
	        ->  Bitmap Index Scan on sbtest2_pkey  (cost=0.00..35.23 rows=1080 width=0)
	              Index Cond: ((id >= 3967511) AND (id <= 3968510))

table 3 : explain SELECT count(c) FROM sbtest3 WHERE id BETWEEN 432629 AND 433628
	Aggregate  (cost=3901.04..3901.05 rows=1 width=8)
	  ->  Bitmap Heap Scan on sbtest3  (cost=30.76..3898.52 rows=1007 width=121)
	        Recheck Cond: ((id >= 432629) AND (id <= 433628))
	        ->  Bitmap Index Scan on sbtest3_pkey  (cost=0.00..30.50 rows=1007 width=0)
	              Index Cond: ((id >= 432629) AND (id <= 433628))

table 4 : explain SELECT count(c) FROM sbtest4 WHERE id BETWEEN 6138693 AND 6139692
	Aggregate  (cost=3535.91..3535.92 rows=1 width=8)
	  ->  Bitmap Heap Scan on sbtest4  (cost=29.76..3533.63 rows=910 width=121)
	        Recheck Cond: ((id >= 6138693) AND (id <= 6139692))
	        ->  Bitmap Index Scan on sbtest4_pkey  (cost=0.00..29.54 rows=910 width=0)
	              Index Cond: ((id >= 6138693) AND (id <= 6139692))

table 5 : explain SELECT count(c) FROM sbtest5 WHERE id BETWEEN 5125626 AND 5126625
	Aggregate  (cost=3661.09..3661.10 rows=1 width=8)
	  ->  Bitmap Heap Scan on sbtest5  (cost=30.10..3658.73 rows=943 width=121)
	        Recheck Cond: ((id >= 5125626) AND (id <= 5126625))
	        ->  Bitmap Index Scan on sbtest5_pkey  (cost=0.00..29.86 rows=943 width=0)
	              Index Cond: ((id >= 5125626) AND (id <= 5126625))

table 6 : explain SELECT count(c) FROM sbtest6 WHERE id BETWEEN 560268 AND 561267
	Aggregate  (cost=3558.43..3558.44 rows=1 width=8)
	  ->  Bitmap Heap Scan on sbtest6  (cost=29.82..3556.14 rows=916 width=121)
	        Recheck Cond: ((id >= 560268) AND (id <= 561267))
	        ->  Bitmap Index Scan on sbtest6_pkey  (cost=0.00..29.59 rows=916 width=0)
	              Index Cond: ((id >= 560268) AND (id <= 561267))

table 7 : explain SELECT count(c) FROM sbtest7 WHERE id BETWEEN 6134072 AND 6135071
	Aggregate  (cost=3775.98..3775.99 rows=1 width=8)
	  ->  Bitmap Heap Scan on sbtest7  (cost=30.42..3773.55 rows=974 width=121)
	        Recheck Cond: ((id >= 6134072) AND (id <= 6135071))
	        ->  Bitmap Index Scan on sbtest7_pkey  (cost=0.00..30.18 rows=974 width=0)
	              Index Cond: ((id >= 6134072) AND (id <= 6135071))

table 8 : explain SELECT count(c) FROM sbtest8 WHERE id BETWEEN 5849065 AND 5850064
	Aggregate  (cost=3963.35..3963.36 rows=1 width=8)
	  ->  Bitmap Heap Scan on sbtest8  (cost=30.92..3960.79 rows=1023 width=121)
	        Recheck Cond: ((id >= 5849065) AND (id <= 5850064))
	        ->  Bitmap Index Scan on sbtest8_pkey  (cost=0.00..30.66 rows=1023 width=0)
	              Index Cond: ((id >= 5849065) AND (id <= 5850064))

for: count_ranges
table 1 : explain SELECT count(c) FROM sbtest1 WHERE id BETWEEN 9433411 AND 9434410
	Aggregate  (cost=3945.79..3945.80 rows=1 width=8)
	  ->  Bitmap Heap Scan on sbtest1  (cost=30.87..3943.25 rows=1018 width=121)
	        Recheck Cond: ((id >= 9433411) AND (id <= 9434410))
	        ->  Bitmap Index Scan on sbtest1_pkey  (cost=0.00..30.61 rows=1018 width=0)
	              Index Cond: ((id >= 9433411) AND (id <= 9434410))

table 2 : explain SELECT count(c) FROM sbtest2 WHERE id BETWEEN 1386246 AND 1387245
	Aggregate  (cost=3509.44..3509.45 rows=1 width=8)
	  ->  Bitmap Heap Scan on sbtest2  (cost=29.69..3507.19 rows=903 width=121)
	        Recheck Cond: ((id >= 1386246) AND (id <= 1387245))
	        ->  Bitmap Index Scan on sbtest2_pkey  (cost=0.00..29.46 rows=903 width=0)
	              Index Cond: ((id >= 1386246) AND (id <= 1387245))

table 3 : explain SELECT count(c) FROM sbtest3 WHERE id BETWEEN 3599456 AND 3600455
	Aggregate  (cost=3697.15..3697.16 rows=1 width=8)
	  ->  Bitmap Heap Scan on sbtest3  (cost=30.20..3694.77 rows=953 width=121)
	        Recheck Cond: ((id >= 3599456) AND (id <= 3600455))
	        ->  Bitmap Index Scan on sbtest3_pkey  (cost=0.00..29.96 rows=953 width=0)
	              Index Cond: ((id >= 3599456) AND (id <= 3600455))

table 4 : explain SELECT count(c) FROM sbtest4 WHERE id BETWEEN 338270 AND 339269
	Aggregate  (cost=3717.54..3717.55 rows=1 width=8)
	  ->  Bitmap Heap Scan on sbtest4  (cost=30.25..3715.15 rows=958 width=121)
	        Recheck Cond: ((id >= 338270) AND (id <= 339269))
	        ->  Bitmap Index Scan on sbtest4_pkey  (cost=0.00..30.01 rows=958 width=0)
	              Index Cond: ((id >= 338270) AND (id <= 339269))

table 5 : explain SELECT count(c) FROM sbtest5 WHERE id BETWEEN 1615877 AND 1616876
	Aggregate  (cost=3691.35..3691.36 rows=1 width=8)
	  ->  Bitmap Heap Scan on sbtest5  (cost=30.18..3688.97 rows=951 width=121)
	        Recheck Cond: ((id >= 1615877) AND (id <= 1616876))
	        ->  Bitmap Index Scan on sbtest5_pkey  (cost=0.00..29.94 rows=951 width=0)
	              Index Cond: ((id >= 1615877) AND (id <= 1616876))

table 6 : explain SELECT count(c) FROM sbtest6 WHERE id BETWEEN 2359628 AND 2360627
	Aggregate  (cost=3777.81..3777.82 rows=1 width=8)
	  ->  Bitmap Heap Scan on sbtest6  (cost=30.42..3775.37 rows=974 width=121)
	        Recheck Cond: ((id >= 2359628) AND (id <= 2360627))
	        ->  Bitmap Index Scan on sbtest6_pkey  (cost=0.00..30.18 rows=974 width=0)
	              Index Cond: ((id >= 2359628) AND (id <= 2360627))

table 7 : explain SELECT count(c) FROM sbtest7 WHERE id BETWEEN 9230452 AND 9231451
	Aggregate  (cost=3708.00..3708.01 rows=1 width=8)
	  ->  Bitmap Heap Scan on sbtest7  (cost=30.23..3705.61 rows=956 width=121)
	        Recheck Cond: ((id >= 9230452) AND (id <= 9231451))
	        ->  Bitmap Index Scan on sbtest7_pkey  (cost=0.00..30.00 rows=956 width=0)
	              Index Cond: ((id >= 9230452) AND (id <= 9231451))

table 8 : explain SELECT count(c) FROM sbtest8 WHERE id BETWEEN 4714871 AND 4715870
	Aggregate  (cost=3838.77..3838.78 rows=1 width=8)
	  ->  Bitmap Heap Scan on sbtest8  (cost=30.58..3836.29 rows=990 width=121)
	        Recheck Cond: ((id >= 4714871) AND (id <= 4715870))
	        ->  Bitmap Index Scan on sbtest8_pkey  (cost=0.00..30.33 rows=990 width=0)
	              Index Cond: ((id >= 4714871) AND (id <= 4715870))

for: count_ranges
table 1 : explain SELECT count(c) FROM sbtest1 WHERE id BETWEEN 9048454 AND 9049453
	Aggregate  (cost=3843.81..3843.82 rows=1 width=8)
	  ->  Bitmap Heap Scan on sbtest1  (cost=30.59..3841.33 rows=991 width=121)
	        Recheck Cond: ((id >= 9048454) AND (id <= 9049453))
	        ->  Bitmap Index Scan on sbtest1_pkey  (cost=0.00..30.34 rows=991 width=0)
	              Index Cond: ((id >= 9048454) AND (id <= 9049453))

table 2 : explain SELECT count(c) FROM sbtest2 WHERE id BETWEEN 7319213 AND 7320212
	Aggregate  (cost=4076.45..4076.46 rows=1 width=8)
	  ->  Bitmap Heap Scan on sbtest2  (cost=35.22..4073.82 rows=1052 width=121)
	        Recheck Cond: ((id >= 7319213) AND (id <= 7320212))
	        ->  Bitmap Index Scan on sbtest2_pkey  (cost=0.00..34.95 rows=1052 width=0)
	              Index Cond: ((id >= 7319213) AND (id <= 7320212))

table 3 : explain SELECT count(c) FROM sbtest3 WHERE id BETWEEN 2862005 AND 2863004
	Aggregate  (cost=3802.92..3802.93 rows=1 width=8)
	  ->  Bitmap Heap Scan on sbtest3  (cost=30.49..3800.47 rows=981 width=121)
	        Recheck Cond: ((id >= 2862005) AND (id <= 2863004))
	        ->  Bitmap Index Scan on sbtest3_pkey  (cost=0.00..30.25 rows=981 width=0)
	              Index Cond: ((id >= 2862005) AND (id <= 2863004))

table 4 : explain SELECT count(c) FROM sbtest4 WHERE id BETWEEN 5466864 AND 5467863
	Aggregate  (cost=3547.27..3547.28 rows=1 width=8)
	  ->  Bitmap Heap Scan on sbtest4  (cost=29.79..3544.99 rows=913 width=121)
	        Recheck Cond: ((id >= 5466864) AND (id <= 5467863))
	        ->  Bitmap Index Scan on sbtest4_pkey  (cost=0.00..29.57 rows=913 width=0)
	              Index Cond: ((id >= 5466864) AND (id <= 5467863))

table 5 : explain SELECT count(c) FROM sbtest5 WHERE id BETWEEN 4773259 AND 4774258
	Aggregate  (cost=3914.28..3914.29 rows=1 width=8)
	  ->  Bitmap Heap Scan on sbtest5  (cost=30.79..3911.76 rows=1010 width=121)
	        Recheck Cond: ((id >= 4773259) AND (id <= 4774258))
	        ->  Bitmap Index Scan on sbtest5_pkey  (cost=0.00..30.54 rows=1010 width=0)
	              Index Cond: ((id >= 4773259) AND (id <= 4774258))

table 6 : explain SELECT count(c) FROM sbtest6 WHERE id BETWEEN 8936855 AND 8937854
	Aggregate  (cost=3970.35..3970.36 rows=1 width=8)
	  ->  Bitmap Heap Scan on sbtest6  (cost=30.94..3967.79 rows=1025 width=121)
	        Recheck Cond: ((id >= 8936855) AND (id <= 8937854))
	        ->  Bitmap Index Scan on sbtest6_pkey  (cost=0.00..30.68 rows=1025 width=0)
	              Index Cond: ((id >= 8936855) AND (id <= 8937854))

table 7 : explain SELECT count(c) FROM sbtest7 WHERE id BETWEEN 7336484 AND 7337483
	Aggregate  (cost=4220.87..4220.88 rows=1 width=8)
	  ->  Bitmap Heap Scan on sbtest7  (cost=35.62..4218.15 rows=1091 width=121)
	        Recheck Cond: ((id >= 7336484) AND (id <= 7337483))
	        ->  Bitmap Index Scan on sbtest7_pkey  (cost=0.00..35.34 rows=1091 width=0)
	              Index Cond: ((id >= 7336484) AND (id <= 7337483))

table 8 : explain SELECT count(c) FROM sbtest8 WHERE id BETWEEN 3190344 AND 3191343
	Aggregate  (cost=3865.20..3865.21 rows=1 width=8)
	  ->  Bitmap Heap Scan on sbtest8  (cost=30.65..3862.71 rows=997 width=121)
	        Recheck Cond: ((id >= 3190344) AND (id <= 3191343))
	        ->  Bitmap Index Scan on sbtest8_pkey  (cost=0.00..30.40 rows=997 width=0)
	              Index Cond: ((id >= 3190344) AND (id <= 3191343))

for: count_ranges
table 1 : explain SELECT count(c) FROM sbtest1 WHERE id BETWEEN 5977505 AND 5978504
	Aggregate  (cost=3692.54..3692.55 rows=1 width=8)
	  ->  Bitmap Heap Scan on sbtest1  (cost=30.18..3690.16 rows=951 width=121)
	        Recheck Cond: ((id >= 5977505) AND (id <= 5978504))
	        ->  Bitmap Index Scan on sbtest1_pkey  (cost=0.00..29.94 rows=951 width=0)
	              Index Cond: ((id >= 5977505) AND (id <= 5978504))

table 2 : explain SELECT count(c) FROM sbtest2 WHERE id BETWEEN 2863525 AND 2864524
	Aggregate  (cost=3819.64..3819.65 rows=1 width=8)
	  ->  Bitmap Heap Scan on sbtest2  (cost=30.53..3817.17 rows=985 width=121)
	        Recheck Cond: ((id >= 2863525) AND (id <= 2864524))
	        ->  Bitmap Index Scan on sbtest2_pkey  (cost=0.00..30.29 rows=985 width=0)
	              Index Cond: ((id >= 2863525) AND (id <= 2864524))

table 3 : explain SELECT count(c) FROM sbtest3 WHERE id BETWEEN 3919175 AND 3920174
	Aggregate  (cost=3984.00..3984.01 rows=1 width=8)
	  ->  Bitmap Heap Scan on sbtest3  (cost=30.98..3981.43 rows=1029 width=121)
	        Recheck Cond: ((id >= 3919175) AND (id <= 3920174))
	        ->  Bitmap Index Scan on sbtest3_pkey  (cost=0.00..30.72 rows=1029 width=0)
	              Index Cond: ((id >= 3919175) AND (id <= 3920174))

table 4 : explain SELECT count(c) FROM sbtest4 WHERE id BETWEEN 4033449 AND 4034448
	Aggregate  (cost=4257.16..4257.17 rows=1 width=8)
	  ->  Bitmap Heap Scan on sbtest4  (cost=35.71..4254.41 rows=1100 width=121)
	        Recheck Cond: ((id >= 4033449) AND (id <= 4034448))
	        ->  Bitmap Index Scan on sbtest4_pkey  (cost=0.00..35.44 rows=1100 width=0)
	              Index Cond: ((id >= 4033449) AND (id <= 4034448))

table 5 : explain SELECT count(c) FROM sbtest5 WHERE id BETWEEN 8565779 AND 8566778
	Aggregate  (cost=3797.20..3797.21 rows=1 width=8)
	  ->  Bitmap Heap Scan on sbtest5  (cost=30.47..3794.76 rows=979 width=121)
	        Recheck Cond: ((id >= 8565779) AND (id <= 8566778))
	        ->  Bitmap Index Scan on sbtest5_pkey  (cost=0.00..30.22 rows=979 width=0)
	              Index Cond: ((id >= 8565779) AND (id <= 8566778))

table 6 : explain SELECT count(c) FROM sbtest6 WHERE id BETWEEN 1297196 AND 1298195
	Aggregate  (cost=4302.05..4302.06 rows=1 width=8)
	  ->  Bitmap Heap Scan on sbtest6  (cost=35.83..4299.27 rows=1112 width=121)
	        Recheck Cond: ((id >= 1297196) AND (id <= 1298195))
	        ->  Bitmap Index Scan on sbtest6_pkey  (cost=0.00..35.56 rows=1112 width=0)
	              Index Cond: ((id >= 1297196) AND (id <= 1298195))

table 7 : explain SELECT count(c) FROM sbtest7 WHERE id BETWEEN 4874866 AND 4875865
	Aggregate  (cost=4070.33..4070.34 rows=1 width=8)
	  ->  Bitmap Heap Scan on sbtest7  (cost=35.21..4067.71 rows=1051 width=121)
	        Recheck Cond: ((id >= 4874866) AND (id <= 4875865))
	        ->  Bitmap Index Scan on sbtest7_pkey  (cost=0.00..34.95 rows=1051 width=0)
	              Index Cond: ((id >= 4874866) AND (id <= 4875865))

table 8 : explain SELECT count(c) FROM sbtest8 WHERE id BETWEEN 491331 AND 492330
	Aggregate  (cost=3676.22..3676.23 rows=1 width=8)
	  ->  Bitmap Heap Scan on sbtest8  (cost=30.14..3673.86 rows=947 width=121)
	        Recheck Cond: ((id >= 491331) AND (id <= 492330))
	        ->  Bitmap Index Scan on sbtest8_pkey  (cost=0.00..29.90 rows=947 width=0)
	              Index Cond: ((id >= 491331) AND (id <= 492330))

for: count_ranges
table 1 : explain SELECT count(c) FROM sbtest1 WHERE id BETWEEN 1602353 AND 1603352
	Aggregate  (cost=3938.24..3938.25 rows=1 width=8)
	  ->  Bitmap Heap Scan on sbtest1  (cost=30.85..3935.70 rows=1016 width=121)
	        Recheck Cond: ((id >= 1602353) AND (id <= 1603352))
	        ->  Bitmap Index Scan on sbtest1_pkey  (cost=0.00..30.59 rows=1016 width=0)
	              Index Cond: ((id >= 1602353) AND (id <= 1603352))

table 2 : explain SELECT count(c) FROM sbtest2 WHERE id BETWEEN 2059393 AND 2060392
	Aggregate  (cost=3641.95..3641.96 rows=1 width=8)
	  ->  Bitmap Heap Scan on sbtest2  (cost=30.05..3639.61 rows=938 width=121)
	        Recheck Cond: ((id >= 2059393) AND (id <= 2060392))
	        ->  Bitmap Index Scan on sbtest2_pkey  (cost=0.00..29.82 rows=938 width=0)
	              Index Cond: ((id >= 2059393) AND (id <= 2060392))

table 3 : explain SELECT count(c) FROM sbtest3 WHERE id BETWEEN 3366336 AND 3367335
	Aggregate  (cost=3587.50..3587.51 rows=1 width=8)
	  ->  Bitmap Heap Scan on sbtest3  (cost=29.91..3585.19 rows=924 width=121)
	        Recheck Cond: ((id >= 3366336) AND (id <= 3367335))
	        ->  Bitmap Index Scan on sbtest3_pkey  (cost=0.00..29.68 rows=924 width=0)
	              Index Cond: ((id >= 3366336) AND (id <= 3367335))

table 4 : explain SELECT count(c) FROM sbtest4 WHERE id BETWEEN 6747533 AND 6748532
	Aggregate  (cost=3929.07..3929.08 rows=1 width=8)
	  ->  Bitmap Heap Scan on sbtest4  (cost=30.83..3926.54 rows=1014 width=121)
	        Recheck Cond: ((id >= 6747533) AND (id <= 6748532))
	        ->  Bitmap Index Scan on sbtest4_pkey  (cost=0.00..30.57 rows=1014 width=0)
	              Index Cond: ((id >= 6747533) AND (id <= 6748532))

table 5 : explain SELECT count(c) FROM sbtest5 WHERE id BETWEEN 8864810 AND 8865809
	Aggregate  (cost=4016.15..4016.16 rows=1 width=8)
	  ->  Bitmap Heap Scan on sbtest5  (cost=31.06..4013.56 rows=1037 width=121)
	        Recheck Cond: ((id >= 8864810) AND (id <= 8865809))
	        ->  Bitmap Index Scan on sbtest5_pkey  (cost=0.00..30.80 rows=1037 width=0)
	              Index Cond: ((id >= 8864810) AND (id <= 8865809))

table 6 : explain SELECT count(c) FROM sbtest6 WHERE id BETWEEN 2827204 AND 2828203
	Aggregate  (cost=3796.70..3796.71 rows=1 width=8)
	  ->  Bitmap Heap Scan on sbtest6  (cost=30.47..3794.25 rows=979 width=121)
	        Recheck Cond: ((id >= 2827204) AND (id <= 2828203))
	        ->  Bitmap Index Scan on sbtest6_pkey  (cost=0.00..30.22 rows=979 width=0)
	              Index Cond: ((id >= 2827204) AND (id <= 2828203))

table 7 : explain SELECT count(c) FROM sbtest7 WHERE id BETWEEN 5817164 AND 5818163
	Aggregate  (cost=3655.09..3655.10 rows=1 width=8)
	  ->  Bitmap Heap Scan on sbtest7  (cost=30.09..3652.74 rows=942 width=121)
	        Recheck Cond: ((id >= 5817164) AND (id <= 5818163))
	        ->  Bitmap Index Scan on sbtest7_pkey  (cost=0.00..29.86 rows=942 width=0)
	              Index Cond: ((id >= 5817164) AND (id <= 5818163))

table 8 : explain SELECT count(c) FROM sbtest8 WHERE id BETWEEN 228912 AND 229911
	Aggregate  (cost=4381.68..4381.69 rows=1 width=8)
	  ->  Bitmap Heap Scan on sbtest8  (cost=36.06..4378.84 rows=1134 width=121)
	        Recheck Cond: ((id >= 228912) AND (id <= 229911))
	        ->  Bitmap Index Scan on sbtest8_pkey  (cost=0.00..35.78 rows=1134 width=0)
	              Index Cond: ((id >= 228912) AND (id <= 229911))

for: count_ranges
table 1 : explain SELECT count(c) FROM sbtest1 WHERE id BETWEEN 1003876 AND 1004875
	Aggregate  (cost=4032.60..4032.61 rows=1 width=8)
	  ->  Bitmap Heap Scan on sbtest1  (cost=31.11..4030.00 rows=1041 width=121)
	        Recheck Cond: ((id >= 1003876) AND (id <= 1004875))
	        ->  Bitmap Index Scan on sbtest1_pkey  (cost=0.00..30.84 rows=1041 width=0)
	              Index Cond: ((id >= 1003876) AND (id <= 1004875))

table 2 : explain SELECT count(c) FROM sbtest2 WHERE id BETWEEN 4302998 AND 4303997
	Aggregate  (cost=3380.57..3380.58 rows=1 width=8)
	  ->  Bitmap Heap Scan on sbtest2  (cost=29.34..3378.40 rows=869 width=121)
	        Recheck Cond: ((id >= 4302998) AND (id <= 4303997))
	        ->  Bitmap Index Scan on sbtest2_pkey  (cost=0.00..29.12 rows=869 width=0)
	              Index Cond: ((id >= 4302998) AND (id <= 4303997))

table 3 : explain SELECT count(c) FROM sbtest3 WHERE id BETWEEN 2731674 AND 2732673
	Aggregate  (cost=3799.14..3799.15 rows=1 width=8)
	  ->  Bitmap Heap Scan on sbtest3  (cost=30.48..3796.69 rows=980 width=121)
	        Recheck Cond: ((id >= 2731674) AND (id <= 2732673))
	        ->  Bitmap Index Scan on sbtest3_pkey  (cost=0.00..30.23 rows=980 width=0)
	              Index Cond: ((id >= 2731674) AND (id <= 2732673))

table 4 : explain SELECT count(c) FROM sbtest4 WHERE id BETWEEN 699588 AND 700587
	Aggregate  (cost=4030.92..4030.93 rows=1 width=8)
	  ->  Bitmap Heap Scan on sbtest4  (cost=31.11..4028.32 rows=1041 width=121)
	        Recheck Cond: ((id >= 699588) AND (id <= 700587))
	        ->  Bitmap Index Scan on sbtest4_pkey  (cost=0.00..30.84 rows=1041 width=0)
	              Index Cond: ((id >= 699588) AND (id <= 700587))

table 5 : explain SELECT count(c) FROM sbtest5 WHERE id BETWEEN 7459034 AND 7460033
	Aggregate  (cost=4129.47..4129.48 rows=1 width=8)
	  ->  Bitmap Heap Scan on sbtest5  (cost=35.36..4126.81 rows=1066 width=121)
	        Recheck Cond: ((id >= 7459034) AND (id <= 7460033))
	        ->  Bitmap Index Scan on sbtest5_pkey  (cost=0.00..35.09 rows=1066 width=0)
	              Index Cond: ((id >= 7459034) AND (id <= 7460033))

table 6 : explain SELECT count(c) FROM sbtest6 WHERE id BETWEEN 1704835 AND 1705834
	Aggregate  (cost=3766.47..3766.48 rows=1 width=8)
	  ->  Bitmap Heap Scan on sbtest6  (cost=30.39..3764.04 rows=971 width=121)
	        Recheck Cond: ((id >= 1704835) AND (id <= 1705834))
	        ->  Bitmap Index Scan on sbtest6_pkey  (cost=0.00..30.14 rows=971 width=0)
	              Index Cond: ((id >= 1704835) AND (id <= 1705834))

table 7 : explain SELECT count(c) FROM sbtest7 WHERE id BETWEEN 9989937 AND 9990936
	Aggregate  (cost=3934.45..3934.46 rows=1 width=8)
	  ->  Bitmap Heap Scan on sbtest7  (cost=30.85..3931.91 rows=1016 width=121)
	        Recheck Cond: ((id >= 9989937) AND (id <= 9990936))
	        ->  Bitmap Index Scan on sbtest7_pkey  (cost=0.00..30.59 rows=1016 width=0)
	              Index Cond: ((id >= 9989937) AND (id <= 9990936))

table 8 : explain SELECT count(c) FROM sbtest8 WHERE id BETWEEN 8479343 AND 8480342
	Aggregate  (cost=3823.66..3823.67 rows=1 width=8)
	  ->  Bitmap Heap Scan on sbtest8  (cost=30.54..3821.19 rows=986 width=121)
	        Recheck Cond: ((id >= 8479343) AND (id <= 8480342))
	        ->  Bitmap Index Scan on sbtest8_pkey  (cost=0.00..30.29 rows=986 width=0)
	              Index Cond: ((id >= 8479343) AND (id <= 8480342))

for: count_ranges
table 1 : explain SELECT count(c) FROM sbtest1 WHERE id BETWEEN 6457741 AND 6458740
	Aggregate  (cost=3719.03..3719.04 rows=1 width=8)
	  ->  Bitmap Heap Scan on sbtest1  (cost=30.25..3716.63 rows=958 width=121)
	        Recheck Cond: ((id >= 6457741) AND (id <= 6458740))
	        ->  Bitmap Index Scan on sbtest1_pkey  (cost=0.00..30.01 rows=958 width=0)
	              Index Cond: ((id >= 6457741) AND (id <= 6458740))

table 2 : explain SELECT count(c) FROM sbtest2 WHERE id BETWEEN 4530423 AND 4531422
	Aggregate  (cost=3785.63..3785.64 rows=1 width=8)
	  ->  Bitmap Heap Scan on sbtest2  (cost=30.44..3783.19 rows=976 width=121)
	        Recheck Cond: ((id >= 4530423) AND (id <= 4531422))
	        ->  Bitmap Index Scan on sbtest2_pkey  (cost=0.00..30.19 rows=976 width=0)
	              Index Cond: ((id >= 4530423) AND (id <= 4531422))

table 3 : explain SELECT count(c) FROM sbtest3 WHERE id BETWEEN 6380967 AND 6381966
	Aggregate  (cost=3451.22..3451.23 rows=1 width=8)
	  ->  Bitmap Heap Scan on sbtest3  (cost=29.54..3449.00 rows=888 width=121)
	        Recheck Cond: ((id >= 6380967) AND (id <= 6381966))
	        ->  Bitmap Index Scan on sbtest3_pkey  (cost=0.00..29.32 rows=888 width=0)
	              Index Cond: ((id >= 6380967) AND (id <= 6381966))

table 4 : explain SELECT count(c) FROM sbtest4 WHERE id BETWEEN 1241736 AND 1242735
	Aggregate  (cost=3619.19..3619.20 rows=1 width=8)
	  ->  Bitmap Heap Scan on sbtest4  (cost=29.99..3616.86 rows=932 width=121)
	        Recheck Cond: ((id >= 1241736) AND (id <= 1242735))
	        ->  Bitmap Index Scan on sbtest4_pkey  (cost=0.00..29.75 rows=932 width=0)
	              Index Cond: ((id >= 1241736) AND (id <= 1242735))

table 5 : explain SELECT count(c) FROM sbtest5 WHERE id BETWEEN 3505042 AND 3506041
	Aggregate  (cost=3884.08..3884.09 rows=1 width=8)
	  ->  Bitmap Heap Scan on sbtest5  (cost=30.71..3881.57 rows=1002 width=121)
	        Recheck Cond: ((id >= 3505042) AND (id <= 3506041))
	        ->  Bitmap Index Scan on sbtest5_pkey  (cost=0.00..30.45 rows=1002 width=0)
	              Index Cond: ((id >= 3505042) AND (id <= 3506041))

table 6 : explain SELECT count(c) FROM sbtest6 WHERE id BETWEEN 3942477 AND 3943476
	Aggregate  (cost=4106.29..4106.30 rows=1 width=8)
	  ->  Bitmap Heap Scan on sbtest6  (cost=35.30..4103.64 rows=1060 width=121)
	        Recheck Cond: ((id >= 3942477) AND (id <= 3943476))
	        ->  Bitmap Index Scan on sbtest6_pkey  (cost=0.00..35.04 rows=1060 width=0)
	              Index Cond: ((id >= 3942477) AND (id <= 3943476))

table 7 : explain SELECT count(c) FROM sbtest7 WHERE id BETWEEN 2147136 AND 2148135
	Aggregate  (cost=3930.68..3930.69 rows=1 width=8)
	  ->  Bitmap Heap Scan on sbtest7  (cost=30.84..3928.14 rows=1015 width=121)
	        Recheck Cond: ((id >= 2147136) AND (id <= 2148135))
	        ->  Bitmap Index Scan on sbtest7_pkey  (cost=0.00..30.58 rows=1015 width=0)
	              Index Cond: ((id >= 2147136) AND (id <= 2148135))

table 8 : explain SELECT count(c) FROM sbtest8 WHERE id BETWEEN 1188099 AND 1189098
	Aggregate  (cost=3812.32..3812.33 rows=1 width=8)
	  ->  Bitmap Heap Scan on sbtest8  (cost=30.51..3809.86 rows=983 width=121)
	        Recheck Cond: ((id >= 1188099) AND (id <= 1189098))
	        ->  Bitmap Index Scan on sbtest8_pkey  (cost=0.00..30.26 rows=983 width=0)
	              Index Cond: ((id >= 1188099) AND (id <= 1189098))

for: count_ranges
table 1 : explain SELECT count(c) FROM sbtest1 WHERE id BETWEEN 7692403 AND 7693402
	Aggregate  (cost=4070.33..4070.34 rows=1 width=8)
	  ->  Bitmap Heap Scan on sbtest1  (cost=31.21..4067.70 rows=1051 width=121)
	        Recheck Cond: ((id >= 7692403) AND (id <= 7693402))
	        ->  Bitmap Index Scan on sbtest1_pkey  (cost=0.00..30.94 rows=1051 width=0)
	              Index Cond: ((id >= 7692403) AND (id <= 7693402))

table 2 : explain SELECT count(c) FROM sbtest2 WHERE id BETWEEN 5635675 AND 5636674
	Aggregate  (cost=4189.47..4189.48 rows=1 width=8)
	  ->  Bitmap Heap Scan on sbtest2  (cost=35.53..4186.77 rows=1082 width=121)
	        Recheck Cond: ((id >= 5635675) AND (id <= 5636674))
	        ->  Bitmap Index Scan on sbtest2_pkey  (cost=0.00..35.26 rows=1082 width=0)
	              Index Cond: ((id >= 5635675) AND (id <= 5636674))

table 3 : explain SELECT count(c) FROM sbtest3 WHERE id BETWEEN 4195570 AND 4196569
	Aggregate  (cost=4115.86..4115.87 rows=1 width=8)
	  ->  Bitmap Heap Scan on sbtest3  (cost=31.34..4113.20 rows=1064 width=121)
	        Recheck Cond: ((id >= 4195570) AND (id <= 4196569))
	        ->  Bitmap Index Scan on sbtest3_pkey  (cost=0.00..31.07 rows=1064 width=0)
	              Index Cond: ((id >= 4195570) AND (id <= 4196569))

table 4 : explain SELECT count(c) FROM sbtest4 WHERE id BETWEEN 8607501 AND 8608500
	Aggregate  (cost=4049.77..4049.78 rows=1 width=8)
	  ->  Bitmap Heap Scan on sbtest4  (cost=31.16..4047.16 rows=1046 width=121)
	        Recheck Cond: ((id >= 8607501) AND (id <= 8608500))
	        ->  Bitmap Index Scan on sbtest4_pkey  (cost=0.00..30.89 rows=1046 width=0)
	              Index Cond: ((id >= 8607501) AND (id <= 8608500))

table 5 : explain SELECT count(c) FROM sbtest5 WHERE id BETWEEN 350936 AND 351935
	Aggregate  (cost=3895.41..3895.42 rows=1 width=8)
	  ->  Bitmap Heap Scan on sbtest5  (cost=30.74..3892.89 rows=1005 width=121)
	        Recheck Cond: ((id >= 350936) AND (id <= 351935))
	        ->  Bitmap Index Scan on sbtest5_pkey  (cost=0.00..30.48 rows=1005 width=0)
	              Index Cond: ((id >= 350936) AND (id <= 351935))

table 6 : explain SELECT count(c) FROM sbtest6 WHERE id BETWEEN 899882 AND 900881
	Aggregate  (cost=4147.73..4147.74 rows=1 width=8)
	  ->  Bitmap Heap Scan on sbtest6  (cost=35.41..4145.06 rows=1071 width=121)
	        Recheck Cond: ((id >= 899882) AND (id <= 900881))
	        ->  Bitmap Index Scan on sbtest6_pkey  (cost=0.00..35.15 rows=1071 width=0)
	              Index Cond: ((id >= 899882) AND (id <= 900881))

table 7 : explain SELECT count(c) FROM sbtest7 WHERE id BETWEEN 1973688 AND 1974687
	Aggregate  (cost=3764.65..3764.66 rows=1 width=8)
	  ->  Bitmap Heap Scan on sbtest7  (cost=30.39..3762.23 rows=971 width=121)
	        Recheck Cond: ((id >= 1973688) AND (id <= 1974687))
	        ->  Bitmap Index Scan on sbtest7_pkey  (cost=0.00..30.14 rows=971 width=0)
	              Index Cond: ((id >= 1973688) AND (id <= 1974687))

table 8 : explain SELECT count(c) FROM sbtest8 WHERE id BETWEEN 7452979 AND 7453978
	Aggregate  (cost=4016.16..4016.17 rows=1 width=8)
	  ->  Bitmap Heap Scan on sbtest8  (cost=31.06..4013.57 rows=1037 width=121)
	        Recheck Cond: ((id >= 7452979) AND (id <= 7453978))
	        ->  Bitmap Index Scan on sbtest8_pkey  (cost=0.00..30.80 rows=1037 width=0)
	              Index Cond: ((id >= 7452979) AND (id <= 7453978))

for: count_ranges
table 1 : explain SELECT count(c) FROM sbtest1 WHERE id BETWEEN 5220574 AND 5221573
	Aggregate  (cost=3658.48..3658.49 rows=1 width=8)
	  ->  Bitmap Heap Scan on sbtest1  (cost=30.09..3656.12 rows=942 width=121)
	        Recheck Cond: ((id >= 5220574) AND (id <= 5221573))
	        ->  Bitmap Index Scan on sbtest1_pkey  (cost=0.00..29.86 rows=942 width=0)
	              Index Cond: ((id >= 5220574) AND (id <= 5221573))

table 2 : explain SELECT count(c) FROM sbtest2 WHERE id BETWEEN 5419025 AND 5420024
	Aggregate  (cost=3963.09..3963.10 rows=1 width=8)
	  ->  Bitmap Heap Scan on sbtest2  (cost=30.92..3960.54 rows=1023 width=121)
	        Recheck Cond: ((id >= 5419025) AND (id <= 5420024))
	        ->  Bitmap Index Scan on sbtest2_pkey  (cost=0.00..30.66 rows=1023 width=0)
	              Index Cond: ((id >= 5419025) AND (id <= 5420024))

table 3 : explain SELECT count(c) FROM sbtest3 WHERE id BETWEEN 345534 AND 346533
	Aggregate  (cost=3523.17..3523.18 rows=1 width=8)
	  ->  Bitmap Heap Scan on sbtest3  (cost=29.73..3520.90 rows=907 width=121)
	        Recheck Cond: ((id >= 345534) AND (id <= 346533))
	        ->  Bitmap Index Scan on sbtest3_pkey  (cost=0.00..29.50 rows=907 width=0)
	              Index Cond: ((id >= 345534) AND (id <= 346533))

table 4 : explain SELECT count(c) FROM sbtest4 WHERE id BETWEEN 2295620 AND 2296619
	Aggregate  (cost=3388.11..3388.12 rows=1 width=8)
	  ->  Bitmap Heap Scan on sbtest4  (cost=29.36..3385.93 rows=871 width=121)
	        Recheck Cond: ((id >= 2295620) AND (id <= 2296619))
	        ->  Bitmap Index Scan on sbtest4_pkey  (cost=0.00..29.14 rows=871 width=0)
	              Index Cond: ((id >= 2295620) AND (id <= 2296619))

table 5 : explain SELECT count(c) FROM sbtest5 WHERE id BETWEEN 168050 AND 169049
	Aggregate  (cost=3940.70..3940.71 rows=1 width=8)
	  ->  Bitmap Heap Scan on sbtest5  (cost=30.86..3938.16 rows=1017 width=121)
	        Recheck Cond: ((id >= 168050) AND (id <= 169049))
	        ->  Bitmap Index Scan on sbtest5_pkey  (cost=0.00..30.61 rows=1017 width=0)
	              Index Cond: ((id >= 168050) AND (id <= 169049))

table 6 : explain SELECT count(c) FROM sbtest6 WHERE id BETWEEN 6830216 AND 6831215
	Aggregate  (cost=3943.94..3943.95 rows=1 width=8)
	  ->  Bitmap Heap Scan on sbtest6  (cost=30.87..3941.39 rows=1018 width=121)
	        Recheck Cond: ((id >= 6830216) AND (id <= 6831215))
	        ->  Bitmap Index Scan on sbtest6_pkey  (cost=0.00..30.61 rows=1018 width=0)
	              Index Cond: ((id >= 6830216) AND (id <= 6831215))

table 7 : explain SELECT count(c) FROM sbtest7 WHERE id BETWEEN 1528630 AND 1529629
	Aggregate  (cost=4187.02..4187.03 rows=1 width=8)
	  ->  Bitmap Heap Scan on sbtest7  (cost=35.53..4184.31 rows=1082 width=121)
	        Recheck Cond: ((id >= 1528630) AND (id <= 1529629))
	        ->  Bitmap Index Scan on sbtest7_pkey  (cost=0.00..35.26 rows=1082 width=0)
	              Index Cond: ((id >= 1528630) AND (id <= 1529629))

table 8 : explain SELECT count(c) FROM sbtest8 WHERE id BETWEEN 1600015 AND 1601014
	Aggregate  (cost=3785.87..3785.88 rows=1 width=8)
	  ->  Bitmap Heap Scan on sbtest8  (cost=30.44..3783.43 rows=976 width=121)
	        Recheck Cond: ((id >= 1600015) AND (id <= 1601014))
	        ->  Bitmap Index Scan on sbtest8_pkey  (cost=0.00..30.19 rows=976 width=0)
	              Index Cond: ((id >= 1600015) AND (id <= 1601014))

for: count_ranges
table 1 : explain SELECT count(c) FROM sbtest1 WHERE id BETWEEN 6559675 AND 6560674
	Aggregate  (cost=3450.09..3450.10 rows=1 width=8)
	  ->  Bitmap Heap Scan on sbtest1  (cost=29.53..3447.87 rows=887 width=121)
	        Recheck Cond: ((id >= 6559675) AND (id <= 6560674))
	        ->  Bitmap Index Scan on sbtest1_pkey  (cost=0.00..29.30 rows=887 width=0)
	              Index Cond: ((id >= 6559675) AND (id <= 6560674))

table 2 : explain SELECT count(c) FROM sbtest2 WHERE id BETWEEN 1283817 AND 1284816
	Aggregate  (cost=4027.21..4027.22 rows=1 width=8)
	  ->  Bitmap Heap Scan on sbtest2  (cost=31.09..4024.61 rows=1040 width=121)
	        Recheck Cond: ((id >= 1283817) AND (id <= 1284816))
	        ->  Bitmap Index Scan on sbtest2_pkey  (cost=0.00..30.83 rows=1040 width=0)
	              Index Cond: ((id >= 1283817) AND (id <= 1284816))

table 3 : explain SELECT count(c) FROM sbtest3 WHERE id BETWEEN 5931809 AND 5932808
	Aggregate  (cost=4089.50..4089.51 rows=1 width=8)
	  ->  Bitmap Heap Scan on sbtest3  (cost=31.27..4086.86 rows=1057 width=121)
	        Recheck Cond: ((id >= 5931809) AND (id <= 5932808))
	        ->  Bitmap Index Scan on sbtest3_pkey  (cost=0.00..31.00 rows=1057 width=0)
	              Index Cond: ((id >= 5931809) AND (id <= 5932808))

table 4 : explain SELECT count(c) FROM sbtest4 WHERE id BETWEEN 843117 AND 844116
	Aggregate  (cost=3815.80..3815.81 rows=1 width=8)
	  ->  Bitmap Heap Scan on sbtest4  (cost=30.52..3813.34 rows=984 width=121)
	        Recheck Cond: ((id >= 843117) AND (id <= 844116))
	        ->  Bitmap Index Scan on sbtest4_pkey  (cost=0.00..30.27 rows=984 width=0)
	              Index Cond: ((id >= 843117) AND (id <= 844116))

table 5 : explain SELECT count(c) FROM sbtest5 WHERE id BETWEEN 2535332 AND 2536331
	Aggregate  (cost=3868.97..3868.98 rows=1 width=8)
	  ->  Bitmap Heap Scan on sbtest5  (cost=30.66..3866.48 rows=998 width=121)
	        Recheck Cond: ((id >= 2535332) AND (id <= 2536331))
	        ->  Bitmap Index Scan on sbtest5_pkey  (cost=0.00..30.41 rows=998 width=0)
	              Index Cond: ((id >= 2535332) AND (id <= 2536331))

table 6 : explain SELECT count(c) FROM sbtest6 WHERE id BETWEEN 7389151 AND 7390150
	Aggregate  (cost=3660.61..3660.62 rows=1 width=8)
	  ->  Bitmap Heap Scan on sbtest6  (cost=30.10..3658.25 rows=943 width=121)
	        Recheck Cond: ((id >= 7389151) AND (id <= 7390150))
	        ->  Bitmap Index Scan on sbtest6_pkey  (cost=0.00..29.86 rows=943 width=0)
	              Index Cond: ((id >= 7389151) AND (id <= 7390150))

table 7 : explain SELECT count(c) FROM sbtest7 WHERE id BETWEEN 3734862 AND 3735861
	Aggregate  (cost=4134.34..4134.35 rows=1 width=8)
	  ->  Bitmap Heap Scan on sbtest7  (cost=35.38..4131.67 rows=1068 width=121)
	        Recheck Cond: ((id >= 3734862) AND (id <= 3735861))
	        ->  Bitmap Index Scan on sbtest7_pkey  (cost=0.00..35.12 rows=1068 width=0)
	              Index Cond: ((id >= 3734862) AND (id <= 3735861))

table 8 : explain SELECT count(c) FROM sbtest8 WHERE id BETWEEN 5535990 AND 5536989
	Aggregate  (cost=3850.10..3850.11 rows=1 width=8)
	  ->  Bitmap Heap Scan on sbtest8  (cost=30.61..3847.61 rows=993 width=121)
	        Recheck Cond: ((id >= 5535990) AND (id <= 5536989))
	        ->  Bitmap Index Scan on sbtest8_pkey  (cost=0.00..30.36 rows=993 width=0)
	              Index Cond: ((id >= 5535990) AND (id <= 5536989))

for: count_ranges
table 1 : explain SELECT count(c) FROM sbtest1 WHERE id BETWEEN 1306907 AND 1307906
	Aggregate  (cost=3794.67..3794.68 rows=1 width=8)
	  ->  Bitmap Heap Scan on sbtest1  (cost=30.46..3792.22 rows=978 width=121)
	        Recheck Cond: ((id >= 1306907) AND (id <= 1307906))
	        ->  Bitmap Index Scan on sbtest1_pkey  (cost=0.00..30.21 rows=978 width=0)
	              Index Cond: ((id >= 1306907) AND (id <= 1307906))

table 2 : explain SELECT count(c) FROM sbtest2 WHERE id BETWEEN 7486071 AND 7487070
	Aggregate  (cost=3861.18..3861.19 rows=1 width=8)
	  ->  Bitmap Heap Scan on sbtest2  (cost=30.64..3858.69 rows=996 width=121)
	        Recheck Cond: ((id >= 7486071) AND (id <= 7487070))
	        ->  Bitmap Index Scan on sbtest2_pkey  (cost=0.00..30.39 rows=996 width=0)
	              Index Cond: ((id >= 7486071) AND (id <= 7487070))

table 3 : explain SELECT count(c) FROM sbtest3 WHERE id BETWEEN 2574714 AND 2575713
	Aggregate  (cost=3587.50..3587.51 rows=1 width=8)
	  ->  Bitmap Heap Scan on sbtest3  (cost=29.91..3585.19 rows=924 width=121)
	        Recheck Cond: ((id >= 2574714) AND (id <= 2575713))
	        ->  Bitmap Index Scan on sbtest3_pkey  (cost=0.00..29.68 rows=924 width=0)
	              Index Cond: ((id >= 2574714) AND (id <= 2575713))

table 4 : explain SELECT count(c) FROM sbtest4 WHERE id BETWEEN 8097354 AND 8098353
	Aggregate  (cost=3709.98..3709.99 rows=1 width=8)
	  ->  Bitmap Heap Scan on sbtest4  (cost=30.23..3707.59 rows=956 width=121)
	        Recheck Cond: ((id >= 8097354) AND (id <= 8098353))
	        ->  Bitmap Index Scan on sbtest4_pkey  (cost=0.00..30.00 rows=956 width=0)
	              Index Cond: ((id >= 8097354) AND (id <= 8098353))

table 5 : explain SELECT count(c) FROM sbtest5 WHERE id BETWEEN 6217827 AND 6218826
	Aggregate  (cost=3740.51..3740.52 rows=1 width=8)
	  ->  Bitmap Heap Scan on sbtest5  (cost=30.32..3738.10 rows=964 width=121)
	        Recheck Cond: ((id >= 6217827) AND (id <= 6218826))
	        ->  Bitmap Index Scan on sbtest5_pkey  (cost=0.00..30.07 rows=964 width=0)
	              Index Cond: ((id >= 6217827) AND (id <= 6218826))

table 6 : explain SELECT count(c) FROM sbtest6 WHERE id BETWEEN 2095390 AND 2096389
	Aggregate  (cost=3751.35..3751.36 rows=1 width=8)
	  ->  Bitmap Heap Scan on sbtest6  (cost=30.35..3748.94 rows=967 width=121)
	        Recheck Cond: ((id >= 2095390) AND (id <= 2096389))
	        ->  Bitmap Index Scan on sbtest6_pkey  (cost=0.00..30.11 rows=967 width=0)
	              Index Cond: ((id >= 2095390) AND (id <= 2096389))

table 7 : explain SELECT count(c) FROM sbtest7 WHERE id BETWEEN 2376215 AND 2377214
	Aggregate  (cost=3310.57..3310.58 rows=1 width=8)
	  ->  Bitmap Heap Scan on sbtest7  (cost=29.16..3308.44 rows=851 width=121)
	        Recheck Cond: ((id >= 2376215) AND (id <= 2377214))
	        ->  Bitmap Index Scan on sbtest7_pkey  (cost=0.00..28.94 rows=851 width=0)
	              Index Cond: ((id >= 2376215) AND (id <= 2377214))

table 8 : explain SELECT count(c) FROM sbtest8 WHERE id BETWEEN 6355409 AND 6356408
	Aggregate  (cost=3664.88..3664.89 rows=1 width=8)
	  ->  Bitmap Heap Scan on sbtest8  (cost=30.11..3662.52 rows=944 width=121)
	        Recheck Cond: ((id >= 6355409) AND (id <= 6356408))
	        ->  Bitmap Index Scan on sbtest8_pkey  (cost=0.00..29.87 rows=944 width=0)
	              Index Cond: ((id >= 6355409) AND (id <= 6356408))

for: count_ranges
table 1 : explain SELECT count(c) FROM sbtest1 WHERE id BETWEEN 5519190 AND 5520189
	Aggregate  (cost=3874.03..3874.04 rows=1 width=8)
	  ->  Bitmap Heap Scan on sbtest1  (cost=30.67..3871.54 rows=999 width=121)
	        Recheck Cond: ((id >= 5519190) AND (id <= 5520189))
	        ->  Bitmap Index Scan on sbtest1_pkey  (cost=0.00..30.43 rows=999 width=0)
	              Index Cond: ((id >= 5519190) AND (id <= 5520189))

table 2 : explain SELECT count(c) FROM sbtest2 WHERE id BETWEEN 6893252 AND 6894251
	Aggregate  (cost=3774.30..3774.31 rows=1 width=8)
	  ->  Bitmap Heap Scan on sbtest2  (cost=30.41..3771.86 rows=973 width=121)
	        Recheck Cond: ((id >= 6893252) AND (id <= 6894251))
	        ->  Bitmap Index Scan on sbtest2_pkey  (cost=0.00..30.16 rows=973 width=0)
	              Index Cond: ((id >= 6893252) AND (id <= 6894251))

table 3 : explain SELECT count(c) FROM sbtest3 WHERE id BETWEEN 3151487 AND 3152486
	Aggregate  (cost=3564.80..3564.81 rows=1 width=8)
	  ->  Bitmap Heap Scan on sbtest3  (cost=29.84..3562.50 rows=918 width=121)
	        Recheck Cond: ((id >= 3151487) AND (id <= 3152486))
	        ->  Bitmap Index Scan on sbtest3_pkey  (cost=0.00..29.61 rows=918 width=0)
	              Index Cond: ((id >= 3151487) AND (id <= 3152486))

table 4 : explain SELECT count(c) FROM sbtest4 WHERE id BETWEEN 7591854 AND 7592853
	Aggregate  (cost=3940.39..3940.40 rows=1 width=8)
	  ->  Bitmap Heap Scan on sbtest4  (cost=30.86..3937.85 rows=1017 width=121)
	        Recheck Cond: ((id >= 7591854) AND (id <= 7592853))
	        ->  Bitmap Index Scan on sbtest4_pkey  (cost=0.00..30.61 rows=1017 width=0)
	              Index Cond: ((id >= 7591854) AND (id <= 7592853))

table 5 : explain SELECT count(c) FROM sbtest5 WHERE id BETWEEN 2967467 AND 2968466
	Aggregate  (cost=3683.79..3683.80 rows=1 width=8)
	  ->  Bitmap Heap Scan on sbtest5  (cost=30.16..3681.41 rows=949 width=121)
	        Recheck Cond: ((id >= 2967467) AND (id <= 2968466))
	        ->  Bitmap Index Scan on sbtest5_pkey  (cost=0.00..29.93 rows=949 width=0)
	              Index Cond: ((id >= 2967467) AND (id <= 2968466))

table 6 : explain SELECT count(c) FROM sbtest6 WHERE id BETWEEN 3172018 AND 3173017
	Aggregate  (cost=3630.35..3630.36 rows=1 width=8)
	  ->  Bitmap Heap Scan on sbtest6  (cost=30.02..3628.01 rows=935 width=121)
	        Recheck Cond: ((id >= 3172018) AND (id <= 3173017))
	        ->  Bitmap Index Scan on sbtest6_pkey  (cost=0.00..29.79 rows=935 width=0)
	              Index Cond: ((id >= 3172018) AND (id <= 3173017))

table 7 : explain SELECT count(c) FROM sbtest7 WHERE id BETWEEN 3652113 AND 3653112
	Aggregate  (cost=4130.57..4130.58 rows=1 width=8)
	  ->  Bitmap Heap Scan on sbtest7  (cost=35.37..4127.91 rows=1067 width=121)
	        Recheck Cond: ((id >= 3652113) AND (id <= 3653112))
	        ->  Bitmap Index Scan on sbtest7_pkey  (cost=0.00..35.11 rows=1067 width=0)
	              Index Cond: ((id >= 3652113) AND (id <= 3653112))

table 8 : explain SELECT count(c) FROM sbtest8 WHERE id BETWEEN 5643426 AND 5644425
	Aggregate  (cost=3936.93..3936.94 rows=1 width=8)
	  ->  Bitmap Heap Scan on sbtest8  (cost=30.85..3934.39 rows=1016 width=121)
	        Recheck Cond: ((id >= 5643426) AND (id <= 5644425))
	        ->  Bitmap Index Scan on sbtest8_pkey  (cost=0.00..30.59 rows=1016 width=0)
	              Index Cond: ((id >= 5643426) AND (id <= 5644425))

for: count_ranges
table 1 : explain SELECT count(c) FROM sbtest1 WHERE id BETWEEN 1968862 AND 1969861
	Aggregate  (cost=3957.12..3957.13 rows=1 width=8)
	  ->  Bitmap Heap Scan on sbtest1  (cost=30.90..3954.57 rows=1021 width=121)
	        Recheck Cond: ((id >= 1968862) AND (id <= 1969861))
	        ->  Bitmap Index Scan on sbtest1_pkey  (cost=0.00..30.64 rows=1021 width=0)
	              Index Cond: ((id >= 1968862) AND (id <= 1969861))

table 2 : explain SELECT count(c) FROM sbtest2 WHERE id BETWEEN 174527 AND 175526
	Aggregate  (cost=3785.63..3785.64 rows=1 width=8)
	  ->  Bitmap Heap Scan on sbtest2  (cost=30.44..3783.19 rows=976 width=121)
	        Recheck Cond: ((id >= 174527) AND (id <= 175526))
	        ->  Bitmap Index Scan on sbtest2_pkey  (cost=0.00..30.19 rows=976 width=0)
	              Index Cond: ((id >= 174527) AND (id <= 175526))

table 3 : explain SELECT count(c) FROM sbtest3 WHERE id BETWEEN 9122138 AND 9123137
	Aggregate  (cost=4036.76..4036.77 rows=1 width=8)
	  ->  Bitmap Heap Scan on sbtest3  (cost=31.13..4034.15 rows=1043 width=121)
	        Recheck Cond: ((id >= 9122138) AND (id <= 9123137))
	        ->  Bitmap Index Scan on sbtest3_pkey  (cost=0.00..30.86 rows=1043 width=0)
	              Index Cond: ((id >= 9122138) AND (id <= 9123137))

table 4 : explain SELECT count(c) FROM sbtest4 WHERE id BETWEEN 2916454 AND 2917453
	Aggregate  (cost=3793.13..3793.14 rows=1 width=8)
	  ->  Bitmap Heap Scan on sbtest4  (cost=30.46..3790.69 rows=978 width=121)
	        Recheck Cond: ((id >= 2916454) AND (id <= 2917453))
	        ->  Bitmap Index Scan on sbtest4_pkey  (cost=0.00..30.21 rows=978 width=0)
	              Index Cond: ((id >= 2916454) AND (id <= 2917453))

table 5 : explain SELECT count(c) FROM sbtest5 WHERE id BETWEEN 8402760 AND 8403759
	Aggregate  (cost=3751.85..3751.86 rows=1 width=8)
	  ->  Bitmap Heap Scan on sbtest5  (cost=30.35..3749.43 rows=967 width=121)
	        Recheck Cond: ((id >= 8402760) AND (id <= 8403759))
	        ->  Bitmap Index Scan on sbtest5_pkey  (cost=0.00..30.11 rows=967 width=0)
	              Index Cond: ((id >= 8402760) AND (id <= 8403759))

table 6 : explain SELECT count(c) FROM sbtest6 WHERE id BETWEEN 3014027 AND 3015026
	Aggregate  (cost=3842.02..3842.03 rows=1 width=8)
	  ->  Bitmap Heap Scan on sbtest6  (cost=30.59..3839.55 rows=991 width=121)
	        Recheck Cond: ((id >= 3014027) AND (id <= 3015026))
	        ->  Bitmap Index Scan on sbtest6_pkey  (cost=0.00..30.34 rows=991 width=0)
	              Index Cond: ((id >= 3014027) AND (id <= 3015026))

table 7 : explain SELECT count(c) FROM sbtest7 WHERE id BETWEEN 2691081 AND 2692080
	Aggregate  (cost=4081.63..4081.64 rows=1 width=8)
	  ->  Bitmap Heap Scan on sbtest7  (cost=35.24..4079.00 rows=1054 width=121)
	        Recheck Cond: ((id >= 2691081) AND (id <= 2692080))
	        ->  Bitmap Index Scan on sbtest7_pkey  (cost=0.00..34.98 rows=1054 width=0)
	              Index Cond: ((id >= 2691081) AND (id <= 2692080))

table 8 : explain SELECT count(c) FROM sbtest8 WHERE id BETWEEN 5767756 AND 5768755
	Aggregate  (cost=3974.67..3974.68 rows=1 width=8)
	  ->  Bitmap Heap Scan on sbtest8  (cost=30.95..3972.10 rows=1026 width=121)
	        Recheck Cond: ((id >= 5767756) AND (id <= 5768755))
	        ->  Bitmap Index Scan on sbtest8_pkey  (cost=0.00..30.69 rows=1026 width=0)
	              Index Cond: ((id >= 5767756) AND (id <= 5768755))

for: count_ranges
table 1 : explain SELECT count(c) FROM sbtest1 WHERE id BETWEEN 4457678 AND 4458677
	Aggregate  (cost=3972.22..3972.23 rows=1 width=8)
	  ->  Bitmap Heap Scan on sbtest1  (cost=30.94..3969.66 rows=1025 width=121)
	        Recheck Cond: ((id >= 4457678) AND (id <= 4458677))
	        ->  Bitmap Index Scan on sbtest1_pkey  (cost=0.00..30.68 rows=1025 width=0)
	              Index Cond: ((id >= 4457678) AND (id <= 4458677))

table 2 : explain SELECT count(c) FROM sbtest2 WHERE id BETWEEN 5747065 AND 5748064
	Aggregate  (cost=4426.49..4426.50 rows=1 width=8)
	  ->  Bitmap Heap Scan on sbtest2  (cost=36.18..4423.62 rows=1146 width=121)
	        Recheck Cond: ((id >= 5747065) AND (id <= 5748064))
	        ->  Bitmap Index Scan on sbtest2_pkey  (cost=0.00..35.90 rows=1146 width=0)
	              Index Cond: ((id >= 5747065) AND (id <= 5748064))

table 3 : explain SELECT count(c) FROM sbtest3 WHERE id BETWEEN 9298411 AND 9299410
	Aggregate  (cost=3621.54..3621.55 rows=1 width=8)
	  ->  Bitmap Heap Scan on sbtest3  (cost=30.00..3619.21 rows=933 width=121)
	        Recheck Cond: ((id >= 9298411) AND (id <= 9299410))
	        ->  Bitmap Index Scan on sbtest3_pkey  (cost=0.00..29.76 rows=933 width=0)
	              Index Cond: ((id >= 9298411) AND (id <= 9299410))

table 4 : explain SELECT count(c) FROM sbtest4 WHERE id BETWEEN 766602 AND 767601
	Aggregate  (cost=4030.92..4030.93 rows=1 width=8)
	  ->  Bitmap Heap Scan on sbtest4  (cost=31.11..4028.32 rows=1041 width=121)
	        Recheck Cond: ((id >= 766602) AND (id <= 767601))
	        ->  Bitmap Index Scan on sbtest4_pkey  (cost=0.00..30.84 rows=1041 width=0)
	              Index Cond: ((id >= 766602) AND (id <= 767601))

table 5 : explain SELECT count(c) FROM sbtest5 WHERE id BETWEEN 1634190 AND 1635189
	Aggregate  (cost=3691.35..3691.36 rows=1 width=8)
	  ->  Bitmap Heap Scan on sbtest5  (cost=30.18..3688.97 rows=951 width=121)
	        Recheck Cond: ((id >= 1634190) AND (id <= 1635189))
	        ->  Bitmap Index Scan on sbtest5_pkey  (cost=0.00..29.94 rows=951 width=0)
	              Index Cond: ((id >= 1634190) AND (id <= 1635189))

table 6 : explain SELECT count(c) FROM sbtest6 WHERE id BETWEEN 8253514 AND 8254513
	Aggregate  (cost=3804.25..3804.26 rows=1 width=8)
	  ->  Bitmap Heap Scan on sbtest6  (cost=30.49..3801.80 rows=981 width=121)
	        Recheck Cond: ((id >= 8253514) AND (id <= 8254513))
	        ->  Bitmap Index Scan on sbtest6_pkey  (cost=0.00..30.25 rows=981 width=0)
	              Index Cond: ((id >= 8253514) AND (id <= 8254513))

table 7 : explain SELECT count(c) FROM sbtest7 WHERE id BETWEEN 2156467 AND 2157466
	Aggregate  (cost=3930.68..3930.69 rows=1 width=8)
	  ->  Bitmap Heap Scan on sbtest7  (cost=30.84..3928.14 rows=1015 width=121)
	        Recheck Cond: ((id >= 2156467) AND (id <= 2157466))
	        ->  Bitmap Index Scan on sbtest7_pkey  (cost=0.00..30.58 rows=1015 width=0)
	              Index Cond: ((id >= 2156467) AND (id <= 2157466))

table 8 : explain SELECT count(c) FROM sbtest8 WHERE id BETWEEN 6833206 AND 6834205
	Aggregate  (cost=4148.32..4148.33 rows=1 width=8)
	  ->  Bitmap Heap Scan on sbtest8  (cost=35.41..4145.64 rows=1071 width=121)
	        Recheck Cond: ((id >= 6833206) AND (id <= 6834205))
	        ->  Bitmap Index Scan on sbtest8_pkey  (cost=0.00..35.15 rows=1071 width=0)
	              Index Cond: ((id >= 6833206) AND (id <= 6834205))

for: count_ranges
table 1 : explain SELECT count(c) FROM sbtest1 WHERE id BETWEEN 3813725 AND 3814724
	Aggregate  (cost=3775.76..3775.77 rows=1 width=8)
	  ->  Bitmap Heap Scan on sbtest1  (cost=30.41..3773.33 rows=973 width=121)
	        Recheck Cond: ((id >= 3813725) AND (id <= 3814724))
	        ->  Bitmap Index Scan on sbtest1_pkey  (cost=0.00..30.16 rows=973 width=0)
	              Index Cond: ((id >= 3813725) AND (id <= 3814724))

table 2 : explain SELECT count(c) FROM sbtest2 WHERE id BETWEEN 4423557 AND 4424556
	Aggregate  (cost=3376.78..3376.79 rows=1 width=8)
	  ->  Bitmap Heap Scan on sbtest2  (cost=29.33..3374.61 rows=868 width=121)
	        Recheck Cond: ((id >= 4423557) AND (id <= 4424556))
	        ->  Bitmap Index Scan on sbtest2_pkey  (cost=0.00..29.11 rows=868 width=0)
	              Index Cond: ((id >= 4423557) AND (id <= 4424556))

table 3 : explain SELECT count(c) FROM sbtest3 WHERE id BETWEEN 5299150 AND 5300149
	Aggregate  (cost=4048.06..4048.07 rows=1 width=8)
	  ->  Bitmap Heap Scan on sbtest3  (cost=31.16..4045.45 rows=1046 width=121)
	        Recheck Cond: ((id >= 5299150) AND (id <= 5300149))
	        ->  Bitmap Index Scan on sbtest3_pkey  (cost=0.00..30.89 rows=1046 width=0)
	              Index Cond: ((id >= 5299150) AND (id <= 5300149))

table 4 : explain SELECT count(c) FROM sbtest4 WHERE id BETWEEN 2174479 AND 2175478
	Aggregate  (cost=3728.88..3728.89 rows=1 width=8)
	  ->  Bitmap Heap Scan on sbtest4  (cost=30.29..3726.48 rows=961 width=121)
	        Recheck Cond: ((id >= 2174479) AND (id <= 2175478))
	        ->  Bitmap Index Scan on sbtest4_pkey  (cost=0.00..30.04 rows=961 width=0)
	              Index Cond: ((id >= 2174479) AND (id <= 2175478))

table 5 : explain SELECT count(c) FROM sbtest5 WHERE id BETWEEN 9608640 AND 9609639
	Aggregate  (cost=3940.70..3940.71 rows=1 width=8)
	  ->  Bitmap Heap Scan on sbtest5  (cost=30.86..3938.16 rows=1017 width=121)
	        Recheck Cond: ((id >= 9608640) AND (id <= 9609639))
	        ->  Bitmap Index Scan on sbtest5_pkey  (cost=0.00..30.61 rows=1017 width=0)
	              Index Cond: ((id >= 9608640) AND (id <= 9609639))

table 6 : explain SELECT count(c) FROM sbtest6 WHERE id BETWEEN 9639217 AND 9640216
	Aggregate  (cost=3838.25..3838.26 rows=1 width=8)
	  ->  Bitmap Heap Scan on sbtest6  (cost=30.58..3835.77 rows=990 width=121)
	        Recheck Cond: ((id >= 9639217) AND (id <= 9640216))
	        ->  Bitmap Index Scan on sbtest6_pkey  (cost=0.00..30.33 rows=990 width=0)
	              Index Cond: ((id >= 9639217) AND (id <= 9640216))

table 7 : explain SELECT count(c) FROM sbtest7 WHERE id BETWEEN 7141403 AND 7142402
	Aggregate  (cost=4145.63..4145.64 rows=1 width=8)
	  ->  Bitmap Heap Scan on sbtest7  (cost=35.41..4142.95 rows=1071 width=121)
	        Recheck Cond: ((id >= 7141403) AND (id <= 7142402))
	        ->  Bitmap Index Scan on sbtest7_pkey  (cost=0.00..35.15 rows=1071 width=0)
	              Index Cond: ((id >= 7141403) AND (id <= 7142402))

table 8 : explain SELECT count(c) FROM sbtest8 WHERE id BETWEEN 8800060 AND 8801059
	Aggregate  (cost=4080.49..4080.50 rows=1 width=8)
	  ->  Bitmap Heap Scan on sbtest8  (cost=35.23..4077.85 rows=1053 width=121)
	        Recheck Cond: ((id >= 8800060) AND (id <= 8801059))
	        ->  Bitmap Index Scan on sbtest8_pkey  (cost=0.00..34.97 rows=1053 width=0)
	              Index Cond: ((id >= 8800060) AND (id <= 8801059))

for: count_ranges
table 1 : explain SELECT count(c) FROM sbtest1 WHERE id BETWEEN 2812023 AND 2813022
	Aggregate  (cost=3892.92..3892.93 rows=1 width=8)
	  ->  Bitmap Heap Scan on sbtest1  (cost=30.73..3890.41 rows=1004 width=121)
	        Recheck Cond: ((id >= 2812023) AND (id <= 2813022))
	        ->  Bitmap Index Scan on sbtest1_pkey  (cost=0.00..30.47 rows=1004 width=0)
	              Index Cond: ((id >= 2812023) AND (id <= 2813022))

table 2 : explain SELECT count(c) FROM sbtest2 WHERE id BETWEEN 9801143 AND 9802142
	Aggregate  (cost=3706.25..3706.26 rows=1 width=8)
	  ->  Bitmap Heap Scan on sbtest2  (cost=30.22..3703.87 rows=955 width=121)
	        Recheck Cond: ((id >= 9801143) AND (id <= 9802142))
	        ->  Bitmap Index Scan on sbtest2_pkey  (cost=0.00..29.98 rows=955 width=0)
	              Index Cond: ((id >= 9801143) AND (id <= 9802142))

table 3 : explain SELECT count(c) FROM sbtest3 WHERE id BETWEEN 3651238 AND 3652237
	Aggregate  (cost=3995.31..3995.32 rows=1 width=8)
	  ->  Bitmap Heap Scan on sbtest3  (cost=31.01..3992.73 rows=1032 width=121)
	        Recheck Cond: ((id >= 3651238) AND (id <= 3652237))
	        ->  Bitmap Index Scan on sbtest3_pkey  (cost=0.00..30.75 rows=1032 width=0)
	              Index Cond: ((id >= 3651238) AND (id <= 3652237))

table 4 : explain SELECT count(c) FROM sbtest4 WHERE id BETWEEN 213782 AND 214781
	Aggregate  (cost=4008.30..4008.31 rows=1 width=8)
	  ->  Bitmap Heap Scan on sbtest4  (cost=31.04..4005.71 rows=1035 width=121)
	        Recheck Cond: ((id >= 213782) AND (id <= 214781))
	        ->  Bitmap Index Scan on sbtest4_pkey  (cost=0.00..30.79 rows=1035 width=0)
	              Index Cond: ((id >= 213782) AND (id <= 214781))

table 5 : explain SELECT count(c) FROM sbtest5 WHERE id BETWEEN 784110 AND 785109
	Aggregate  (cost=4129.47..4129.48 rows=1 width=8)
	  ->  Bitmap Heap Scan on sbtest5  (cost=35.36..4126.81 rows=1066 width=121)
	        Recheck Cond: ((id >= 784110) AND (id <= 785109))
	        ->  Bitmap Index Scan on sbtest5_pkey  (cost=0.00..35.09 rows=1066 width=0)
	              Index Cond: ((id >= 784110) AND (id <= 785109))

table 6 : explain SELECT count(c) FROM sbtest6 WHERE id BETWEEN 3360179 AND 3361178
	Aggregate  (cost=4140.20..4140.21 rows=1 width=8)
	  ->  Bitmap Heap Scan on sbtest6  (cost=35.39..4137.53 rows=1069 width=121)
	        Recheck Cond: ((id >= 3360179) AND (id <= 3361178))
	        ->  Bitmap Index Scan on sbtest6_pkey  (cost=0.00..35.12 rows=1069 width=0)
	              Index Cond: ((id >= 3360179) AND (id <= 3361178))

table 7 : explain SELECT count(c) FROM sbtest7 WHERE id BETWEEN 5506 AND 6505
	Aggregate  (cost=4006.06..4006.07 rows=1 width=8)
	  ->  Bitmap Heap Scan on sbtest7  (cost=31.04..4003.48 rows=1035 width=121)
	        Recheck Cond: ((id >= 5506) AND (id <= 6505))
	        ->  Bitmap Index Scan on sbtest7_pkey  (cost=0.00..30.79 rows=1035 width=0)
	              Index Cond: ((id >= 5506) AND (id <= 6505))

table 8 : explain SELECT count(c) FROM sbtest8 WHERE id BETWEEN 2940569 AND 2941568
	Aggregate  (cost=3653.53..3653.54 rows=1 width=8)
	  ->  Bitmap Heap Scan on sbtest8  (cost=30.08..3651.17 rows=941 width=121)
	        Recheck Cond: ((id >= 2940569) AND (id <= 2941568))
	        ->  Bitmap Index Scan on sbtest8_pkey  (cost=0.00..29.84 rows=941 width=0)
	              Index Cond: ((id >= 2940569) AND (id <= 2941568))

for: count_ranges
table 1 : explain SELECT count(c) FROM sbtest1 WHERE id BETWEEN 1588515 AND 1589514
	Aggregate  (cost=4285.35..4285.36 rows=1 width=8)
	  ->  Bitmap Heap Scan on sbtest1  (cost=35.78..4282.58 rows=1107 width=121)
	        Recheck Cond: ((id >= 1588515) AND (id <= 1589514))
	        ->  Bitmap Index Scan on sbtest1_pkey  (cost=0.00..35.51 rows=1107 width=0)
	              Index Cond: ((id >= 1588515) AND (id <= 1589514))

table 2 : explain SELECT count(c) FROM sbtest2 WHERE id BETWEEN 6354498 AND 6355497
	Aggregate  (cost=3698.69..3698.70 rows=1 width=8)
	  ->  Bitmap Heap Scan on sbtest2  (cost=30.20..3696.31 rows=953 width=121)
	        Recheck Cond: ((id >= 6354498) AND (id <= 6355497))
	        ->  Bitmap Index Scan on sbtest2_pkey  (cost=0.00..29.96 rows=953 width=0)
	              Index Cond: ((id >= 6354498) AND (id <= 6355497))

table 3 : explain SELECT count(c) FROM sbtest3 WHERE id BETWEEN 6880400 AND 6881399
	Aggregate  (cost=4507.05..4507.06 rows=1 width=8)
	  ->  Bitmap Heap Scan on sbtest3  (cost=36.41..4504.13 rows=1168 width=121)
	        Recheck Cond: ((id >= 6880400) AND (id <= 6881399))
	        ->  Bitmap Index Scan on sbtest3_pkey  (cost=0.00..36.12 rows=1168 width=0)
	              Index Cond: ((id >= 6880400) AND (id <= 6881399))

table 4 : explain SELECT count(c) FROM sbtest4 WHERE id BETWEEN 1986063 AND 1987062
	Aggregate  (cost=3853.57..3853.58 rows=1 width=8)
	  ->  Bitmap Heap Scan on sbtest4  (cost=30.62..3851.09 rows=994 width=121)
	        Recheck Cond: ((id >= 1986063) AND (id <= 1987062))
	        ->  Bitmap Index Scan on sbtest4_pkey  (cost=0.00..30.37 rows=994 width=0)
	              Index Cond: ((id >= 1986063) AND (id <= 1987062))

table 5 : explain SELECT count(c) FROM sbtest5 WHERE id BETWEEN 4312212 AND 4313211
	Aggregate  (cost=3884.08..3884.09 rows=1 width=8)
	  ->  Bitmap Heap Scan on sbtest5  (cost=30.71..3881.57 rows=1002 width=121)
	        Recheck Cond: ((id >= 4312212) AND (id <= 4313211))
	        ->  Bitmap Index Scan on sbtest5_pkey  (cost=0.00..30.45 rows=1002 width=0)
	              Index Cond: ((id >= 4312212) AND (id <= 4313211))

table 6 : explain SELECT count(c) FROM sbtest6 WHERE id BETWEEN 446921 AND 447920
	Aggregate  (cost=3713.55..3713.56 rows=1 width=8)
	  ->  Bitmap Heap Scan on sbtest6  (cost=30.24..3711.16 rows=957 width=121)
	        Recheck Cond: ((id >= 446921) AND (id <= 447920))
	        ->  Bitmap Index Scan on sbtest6_pkey  (cost=0.00..30.00 rows=957 width=0)
	              Index Cond: ((id >= 446921) AND (id <= 447920))

table 7 : explain SELECT count(c) FROM sbtest7 WHERE id BETWEEN 506746 AND 507745
	Aggregate  (cost=3900.51..3900.52 rows=1 width=8)
	  ->  Bitmap Heap Scan on sbtest7  (cost=30.76..3897.99 rows=1007 width=121)
	        Recheck Cond: ((id >= 506746) AND (id <= 507745))
	        ->  Bitmap Index Scan on sbtest7_pkey  (cost=0.00..30.50 rows=1007 width=0)
	              Index Cond: ((id >= 506746) AND (id <= 507745))

table 8 : explain SELECT count(c) FROM sbtest8 WHERE id BETWEEN 5713226 AND 5714225
	Aggregate  (cost=3974.67..3974.68 rows=1 width=8)
	  ->  Bitmap Heap Scan on sbtest8  (cost=30.95..3972.10 rows=1026 width=121)
	        Recheck Cond: ((id >= 5713226) AND (id <= 5714225))
	        ->  Bitmap Index Scan on sbtest8_pkey  (cost=0.00..30.69 rows=1026 width=0)
	              Index Cond: ((id >= 5713226) AND (id <= 5714225))

for: count_ranges
table 1 : explain SELECT count(c) FROM sbtest1 WHERE id BETWEEN 2627572 AND 2628571
	Aggregate  (cost=3968.45..3968.46 rows=1 width=8)
	  ->  Bitmap Heap Scan on sbtest1  (cost=30.93..3965.89 rows=1024 width=121)
	        Recheck Cond: ((id >= 2627572) AND (id <= 2628571))
	        ->  Bitmap Index Scan on sbtest1_pkey  (cost=0.00..30.68 rows=1024 width=0)
	              Index Cond: ((id >= 2627572) AND (id <= 2628571))

table 2 : explain SELECT count(c) FROM sbtest2 WHERE id BETWEEN 2627762 AND 2628761
	Aggregate  (cost=4328.71..4328.72 rows=1 width=8)
	  ->  Bitmap Heap Scan on sbtest2  (cost=35.90..4325.91 rows=1119 width=121)
	        Recheck Cond: ((id >= 2627762) AND (id <= 2628761))
	        ->  Bitmap Index Scan on sbtest2_pkey  (cost=0.00..35.62 rows=1119 width=0)
	              Index Cond: ((id >= 2627762) AND (id <= 2628761))

table 3 : explain SELECT count(c) FROM sbtest3 WHERE id BETWEEN 692866 AND 693865
	Aggregate  (cost=3818.02..3818.03 rows=1 width=8)
	  ->  Bitmap Heap Scan on sbtest3  (cost=30.53..3815.56 rows=985 width=121)
	        Recheck Cond: ((id >= 692866) AND (id <= 693865))
	        ->  Bitmap Index Scan on sbtest3_pkey  (cost=0.00..30.29 rows=985 width=0)
	              Index Cond: ((id >= 692866) AND (id <= 693865))

table 4 : explain SELECT count(c) FROM sbtest4 WHERE id BETWEEN 9687111 AND 9688110
	Aggregate  (cost=3725.10..3725.11 rows=1 width=8)
	  ->  Bitmap Heap Scan on sbtest4  (cost=30.27..3722.70 rows=960 width=121)
	        Recheck Cond: ((id >= 9687111) AND (id <= 9688110))
	        ->  Bitmap Index Scan on sbtest4_pkey  (cost=0.00..30.04 rows=960 width=0)
	              Index Cond: ((id >= 9687111) AND (id <= 9688110))

table 5 : explain SELECT count(c) FROM sbtest5 WHERE id BETWEEN 4166954 AND 4167953
	Aggregate  (cost=3763.19..3763.20 rows=1 width=8)
	  ->  Bitmap Heap Scan on sbtest5  (cost=30.38..3760.76 rows=970 width=121)
	        Recheck Cond: ((id >= 4166954) AND (id <= 4167953))
	        ->  Bitmap Index Scan on sbtest5_pkey  (cost=0.00..30.14 rows=970 width=0)
	              Index Cond: ((id >= 4166954) AND (id <= 4167953))

table 6 : explain SELECT count(c) FROM sbtest6 WHERE id BETWEEN 5499444 AND 5500443
	Aggregate  (cost=3456.16..3456.17 rows=1 width=8)
	  ->  Bitmap Heap Scan on sbtest6  (cost=29.55..3453.94 rows=889 width=121)
	        Recheck Cond: ((id >= 5499444) AND (id <= 5500443))
	        ->  Bitmap Index Scan on sbtest6_pkey  (cost=0.00..29.32 rows=889 width=0)
	              Index Cond: ((id >= 5499444) AND (id <= 5500443))

table 7 : explain SELECT count(c) FROM sbtest7 WHERE id BETWEEN 8818060 AND 8819059
	Aggregate  (cost=3798.63..3798.64 rows=1 width=8)
	  ->  Bitmap Heap Scan on sbtest7  (cost=30.48..3796.18 rows=980 width=121)
	        Recheck Cond: ((id >= 8818060) AND (id <= 8819059))
	        ->  Bitmap Index Scan on sbtest7_pkey  (cost=0.00..30.23 rows=980 width=0)
	              Index Cond: ((id >= 8818060) AND (id <= 8819059))

table 8 : explain SELECT count(c) FROM sbtest8 WHERE id BETWEEN 9893302 AND 9894301
	Aggregate  (cost=3558.90..3558.91 rows=1 width=8)
	  ->  Bitmap Heap Scan on sbtest8  (cost=29.82..3556.61 rows=916 width=121)
	        Recheck Cond: ((id >= 9893302) AND (id <= 9894301))
	        ->  Bitmap Index Scan on sbtest8_pkey  (cost=0.00..29.59 rows=916 width=0)
	              Index Cond: ((id >= 9893302) AND (id <= 9894301))

for: count_ranges
table 1 : explain SELECT count(c) FROM sbtest1 WHERE id BETWEEN 5753244 AND 5754243
	Aggregate  (cost=3753.07..3753.08 rows=1 width=8)
	  ->  Bitmap Heap Scan on sbtest1  (cost=30.35..3750.65 rows=967 width=121)
	        Recheck Cond: ((id >= 5753244) AND (id <= 5754243))
	        ->  Bitmap Index Scan on sbtest1_pkey  (cost=0.00..30.11 rows=967 width=0)
	              Index Cond: ((id >= 5753244) AND (id <= 5754243))

table 2 : explain SELECT count(c) FROM sbtest2 WHERE id BETWEEN 9989872 AND 9990871
	Aggregate  (cost=3728.94..3728.95 rows=1 width=8)
	  ->  Bitmap Heap Scan on sbtest2  (cost=30.29..3726.54 rows=961 width=121)
	        Recheck Cond: ((id >= 9989872) AND (id <= 9990871))
	        ->  Bitmap Index Scan on sbtest2_pkey  (cost=0.00..30.04 rows=961 width=0)
	              Index Cond: ((id >= 9989872) AND (id <= 9990871))

table 3 : explain SELECT count(c) FROM sbtest3 WHERE id BETWEEN 9365171 AND 9366170
	Aggregate  (cost=3621.54..3621.55 rows=1 width=8)
	  ->  Bitmap Heap Scan on sbtest3  (cost=30.00..3619.21 rows=933 width=121)
	        Recheck Cond: ((id >= 9365171) AND (id <= 9366170))
	        ->  Bitmap Index Scan on sbtest3_pkey  (cost=0.00..29.76 rows=933 width=0)
	              Index Cond: ((id >= 9365171) AND (id <= 9366170))

table 4 : explain SELECT count(c) FROM sbtest4 WHERE id BETWEEN 8976264 AND 8977263
	Aggregate  (cost=4053.54..4053.55 rows=1 width=8)
	  ->  Bitmap Heap Scan on sbtest4  (cost=31.17..4050.92 rows=1047 width=121)
	        Recheck Cond: ((id >= 8976264) AND (id <= 8977263))
	        ->  Bitmap Index Scan on sbtest4_pkey  (cost=0.00..30.90 rows=1047 width=0)
	              Index Cond: ((id >= 8976264) AND (id <= 8977263))

table 5 : explain SELECT count(c) FROM sbtest5 WHERE id BETWEEN 309911 AND 310910
	Aggregate  (cost=3895.41..3895.42 rows=1 width=8)
	  ->  Bitmap Heap Scan on sbtest5  (cost=30.74..3892.89 rows=1005 width=121)
	        Recheck Cond: ((id >= 309911) AND (id <= 310910))
	        ->  Bitmap Index Scan on sbtest5_pkey  (cost=0.00..30.48 rows=1005 width=0)
	              Index Cond: ((id >= 309911) AND (id <= 310910))

table 6 : explain SELECT count(c) FROM sbtest6 WHERE id BETWEEN 1420264 AND 1421263
	Aggregate  (cost=3717.33..3717.34 rows=1 width=8)
	  ->  Bitmap Heap Scan on sbtest6  (cost=30.25..3714.94 rows=958 width=121)
	        Recheck Cond: ((id >= 1420264) AND (id <= 1421263))
	        ->  Bitmap Index Scan on sbtest6_pkey  (cost=0.00..30.01 rows=958 width=0)
	              Index Cond: ((id >= 1420264) AND (id <= 1421263))

table 7 : explain SELECT count(c) FROM sbtest7 WHERE id BETWEEN 3499799 AND 3500798
	Aggregate  (cost=4077.87..4077.88 rows=1 width=8)
	  ->  Bitmap Heap Scan on sbtest7  (cost=35.23..4075.23 rows=1053 width=121)
	        Recheck Cond: ((id >= 3499799) AND (id <= 3500798))
	        ->  Bitmap Index Scan on sbtest7_pkey  (cost=0.00..34.97 rows=1053 width=0)
	              Index Cond: ((id >= 3499799) AND (id <= 3500798))

table 8 : explain SELECT count(c) FROM sbtest8 WHERE id BETWEEN 7400124 AND 7401123
	Aggregate  (cost=4016.16..4016.17 rows=1 width=8)
	  ->  Bitmap Heap Scan on sbtest8  (cost=31.06..4013.57 rows=1037 width=121)
	        Recheck Cond: ((id >= 7400124) AND (id <= 7401123))
	        ->  Bitmap Index Scan on sbtest8_pkey  (cost=0.00..30.80 rows=1037 width=0)
	              Index Cond: ((id >= 7400124) AND (id <= 7401123))

for: count_ranges
table 1 : explain SELECT count(c) FROM sbtest1 WHERE id BETWEEN 5163796 AND 5164795
	Aggregate  (cost=3870.26..3870.27 rows=1 width=8)
	  ->  Bitmap Heap Scan on sbtest1  (cost=30.66..3867.76 rows=998 width=121)
	        Recheck Cond: ((id >= 5163796) AND (id <= 5164795))
	        ->  Bitmap Index Scan on sbtest1_pkey  (cost=0.00..30.41 rows=998 width=0)
	              Index Cond: ((id >= 5163796) AND (id <= 5164795))

table 2 : explain SELECT count(c) FROM sbtest2 WHERE id BETWEEN 3775322 AND 3776321
	Aggregate  (cost=3781.86..3781.87 rows=1 width=8)
	  ->  Bitmap Heap Scan on sbtest2  (cost=30.43..3779.42 rows=975 width=121)
	        Recheck Cond: ((id >= 3775322) AND (id <= 3776321))
	        ->  Bitmap Index Scan on sbtest2_pkey  (cost=0.00..30.18 rows=975 width=0)
	              Index Cond: ((id >= 3775322) AND (id <= 3776321))

table 3 : explain SELECT count(c) FROM sbtest3 WHERE id BETWEEN 4772767 AND 4773766
	Aggregate  (cost=3413.34..3413.35 rows=1 width=8)
	  ->  Bitmap Heap Scan on sbtest3  (cost=29.43..3411.14 rows=878 width=121)
	        Recheck Cond: ((id >= 4772767) AND (id <= 4773766))
	        ->  Bitmap Index Scan on sbtest3_pkey  (cost=0.00..29.21 rows=878 width=0)
	              Index Cond: ((id >= 4772767) AND (id <= 4773766))

table 4 : explain SELECT count(c) FROM sbtest4 WHERE id BETWEEN 7880563 AND 7881562
	Aggregate  (cost=3929.07..3929.08 rows=1 width=8)
	  ->  Bitmap Heap Scan on sbtest4  (cost=30.83..3926.54 rows=1014 width=121)
	        Recheck Cond: ((id >= 7880563) AND (id <= 7881562))
	        ->  Bitmap Index Scan on sbtest4_pkey  (cost=0.00..30.57 rows=1014 width=0)
	              Index Cond: ((id >= 7880563) AND (id <= 7881562))

table 5 : explain SELECT count(c) FROM sbtest5 WHERE id BETWEEN 8844309 AND 8845308
	Aggregate  (cost=4016.15..4016.16 rows=1 width=8)
	  ->  Bitmap Heap Scan on sbtest5  (cost=31.06..4013.56 rows=1037 width=121)
	        Recheck Cond: ((id >= 8844309) AND (id <= 8845308))
	        ->  Bitmap Index Scan on sbtest5_pkey  (cost=0.00..30.80 rows=1037 width=0)
	              Index Cond: ((id >= 8844309) AND (id <= 8845308))

table 6 : explain SELECT count(c) FROM sbtest6 WHERE id BETWEEN 3610061 AND 3611060
	Aggregate  (cost=3611.43..3611.44 rows=1 width=8)
	  ->  Bitmap Heap Scan on sbtest6  (cost=29.97..3609.10 rows=930 width=121)
	        Recheck Cond: ((id >= 3610061) AND (id <= 3611060))
	        ->  Bitmap Index Scan on sbtest6_pkey  (cost=0.00..29.73 rows=930 width=0)
	              Index Cond: ((id >= 3610061) AND (id <= 3611060))

table 7 : explain SELECT count(c) FROM sbtest7 WHERE id BETWEEN 5028418 AND 5029417
	Aggregate  (cost=3700.44..3700.45 rows=1 width=8)
	  ->  Bitmap Heap Scan on sbtest7  (cost=30.21..3698.06 rows=954 width=121)
	        Recheck Cond: ((id >= 5028418) AND (id <= 5029417))
	        ->  Bitmap Index Scan on sbtest7_pkey  (cost=0.00..29.97 rows=954 width=0)
	              Index Cond: ((id >= 5028418) AND (id <= 5029417))

table 8 : explain SELECT count(c) FROM sbtest8 WHERE id BETWEEN 2855438 AND 2856437
	Aggregate  (cost=3884.08..3884.09 rows=1 width=8)
	  ->  Bitmap Heap Scan on sbtest8  (cost=30.71..3881.58 rows=1002 width=121)
	        Recheck Cond: ((id >= 2855438) AND (id <= 2856437))
	        ->  Bitmap Index Scan on sbtest8_pkey  (cost=0.00..30.45 rows=1002 width=0)
	              Index Cond: ((id >= 2855438) AND (id <= 2856437))

for: count_ranges
table 1 : explain SELECT count(c) FROM sbtest1 WHERE id BETWEEN 6312941 AND 6313940
	Aggregate  (cost=3650.91..3650.92 rows=1 width=8)
	  ->  Bitmap Heap Scan on sbtest1  (cost=30.07..3648.56 rows=940 width=121)
	        Recheck Cond: ((id >= 6312941) AND (id <= 6313940))
	        ->  Bitmap Index Scan on sbtest1_pkey  (cost=0.00..29.83 rows=940 width=0)
	              Index Cond: ((id >= 6312941) AND (id <= 6313940))

table 2 : explain SELECT count(c) FROM sbtest2 WHERE id BETWEEN 9291360 AND 9292359
	Aggregate  (cost=3872.51..3872.52 rows=1 width=8)
	  ->  Bitmap Heap Scan on sbtest2  (cost=30.67..3870.01 rows=999 width=121)
	        Recheck Cond: ((id >= 9291360) AND (id <= 9292359))
	        ->  Bitmap Index Scan on sbtest2_pkey  (cost=0.00..30.43 rows=999 width=0)
	              Index Cond: ((id >= 9291360) AND (id <= 9292359))

table 3 : explain SELECT count(c) FROM sbtest3 WHERE id BETWEEN 6985591 AND 6986590
	Aggregate  (cost=3648.01..3648.02 rows=1 width=8)
	  ->  Bitmap Heap Scan on sbtest3  (cost=30.07..3645.66 rows=940 width=121)
	        Recheck Cond: ((id >= 6985591) AND (id <= 6986590))
	        ->  Bitmap Index Scan on sbtest3_pkey  (cost=0.00..29.83 rows=940 width=0)
	              Index Cond: ((id >= 6985591) AND (id <= 6986590))

table 4 : explain SELECT count(c) FROM sbtest4 WHERE id BETWEEN 1813223 AND 1814222
	Aggregate  (cost=4166.81..4166.82 rows=1 width=8)
	  ->  Bitmap Heap Scan on sbtest4  (cost=35.46..4164.12 rows=1076 width=121)
	        Recheck Cond: ((id >= 1813223) AND (id <= 1814222))
	        ->  Bitmap Index Scan on sbtest4_pkey  (cost=0.00..35.20 rows=1076 width=0)
	              Index Cond: ((id >= 1813223) AND (id <= 1814222))

table 5 : explain SELECT count(c) FROM sbtest5 WHERE id BETWEEN 8447644 AND 8448643
	Aggregate  (cost=3751.85..3751.86 rows=1 width=8)
	  ->  Bitmap Heap Scan on sbtest5  (cost=30.35..3749.43 rows=967 width=121)
	        Recheck Cond: ((id >= 8447644) AND (id <= 8448643))
	        ->  Bitmap Index Scan on sbtest5_pkey  (cost=0.00..30.11 rows=967 width=0)
	              Index Cond: ((id >= 8447644) AND (id <= 8448643))

table 6 : explain SELECT count(c) FROM sbtest6 WHERE id BETWEEN 7673714 AND 7674713
	Aggregate  (cost=3981.66..3981.67 rows=1 width=8)
	  ->  Bitmap Heap Scan on sbtest6  (cost=30.97..3979.09 rows=1028 width=121)
	        Recheck Cond: ((id >= 7673714) AND (id <= 7674713))
	        ->  Bitmap Index Scan on sbtest6_pkey  (cost=0.00..30.71 rows=1028 width=0)
	              Index Cond: ((id >= 7673714) AND (id <= 7674713))

table 7 : explain SELECT count(c) FROM sbtest7 WHERE id BETWEEN 6633852 AND 6634851
	Aggregate  (cost=3874.11..3874.12 rows=1 width=8)
	  ->  Bitmap Heap Scan on sbtest7  (cost=30.68..3871.61 rows=1000 width=121)
	        Recheck Cond: ((id >= 6633852) AND (id <= 6634851))
	        ->  Bitmap Index Scan on sbtest7_pkey  (cost=0.00..30.43 rows=1000 width=0)
	              Index Cond: ((id >= 6633852) AND (id <= 6634851))

table 8 : explain SELECT count(c) FROM sbtest8 WHERE id BETWEEN 4059391 AND 4060390
	Aggregate  (cost=3963.35..3963.36 rows=1 width=8)
	  ->  Bitmap Heap Scan on sbtest8  (cost=30.92..3960.79 rows=1023 width=121)
	        Recheck Cond: ((id >= 4059391) AND (id <= 4060390))
	        ->  Bitmap Index Scan on sbtest8_pkey  (cost=0.00..30.66 rows=1023 width=0)
	              Index Cond: ((id >= 4059391) AND (id <= 4060390))

for: count_ranges
table 1 : explain SELECT count(c) FROM sbtest1 WHERE id BETWEEN 5721383 AND 5722382
	Aggregate  (cost=3753.07..3753.08 rows=1 width=8)
	  ->  Bitmap Heap Scan on sbtest1  (cost=30.35..3750.65 rows=967 width=121)
	        Recheck Cond: ((id >= 5721383) AND (id <= 5722382))
	        ->  Bitmap Index Scan on sbtest1_pkey  (cost=0.00..30.11 rows=967 width=0)
	              Index Cond: ((id >= 5721383) AND (id <= 5722382))

table 2 : explain SELECT count(c) FROM sbtest2 WHERE id BETWEEN 2217238 AND 2218237
	Aggregate  (cost=3925.36..3925.37 rows=1 width=8)
	  ->  Bitmap Heap Scan on sbtest2  (cost=30.82..3922.83 rows=1013 width=121)
	        Recheck Cond: ((id >= 2217238) AND (id <= 2218237))
	        ->  Bitmap Index Scan on sbtest2_pkey  (cost=0.00..30.57 rows=1013 width=0)
	              Index Cond: ((id >= 2217238) AND (id <= 2218237))

table 3 : explain SELECT count(c) FROM sbtest3 WHERE id BETWEEN 5947872 AND 5948871
	Aggregate  (cost=4048.06..4048.07 rows=1 width=8)
	  ->  Bitmap Heap Scan on sbtest3  (cost=31.16..4045.45 rows=1046 width=121)
	        Recheck Cond: ((id >= 5947872) AND (id <= 5948871))
	        ->  Bitmap Index Scan on sbtest3_pkey  (cost=0.00..30.89 rows=1046 width=0)
	              Index Cond: ((id >= 5947872) AND (id <= 5948871))

table 4 : explain SELECT count(c) FROM sbtest4 WHERE id BETWEEN 652913 AND 653912
	Aggregate  (cost=3728.88..3728.89 rows=1 width=8)
	  ->  Bitmap Heap Scan on sbtest4  (cost=30.29..3726.48 rows=961 width=121)
	        Recheck Cond: ((id >= 652913) AND (id <= 653912))
	        ->  Bitmap Index Scan on sbtest4_pkey  (cost=0.00..30.04 rows=961 width=0)
	              Index Cond: ((id >= 652913) AND (id <= 653912))

table 5 : explain SELECT count(c) FROM sbtest5 WHERE id BETWEEN 8031674 AND 8032673
	Aggregate  (cost=3876.53..3876.54 rows=1 width=8)
	  ->  Bitmap Heap Scan on sbtest5  (cost=30.68..3874.03 rows=1000 width=121)
	        Recheck Cond: ((id >= 8031674) AND (id <= 8032673))
	        ->  Bitmap Index Scan on sbtest5_pkey  (cost=0.00..30.43 rows=1000 width=0)
	              Index Cond: ((id >= 8031674) AND (id <= 8032673))

table 6 : explain SELECT count(c) FROM sbtest6 WHERE id BETWEEN 8031835 AND 8032834
	Aggregate  (cost=3785.36..3785.37 rows=1 width=8)
	  ->  Bitmap Heap Scan on sbtest6  (cost=30.44..3782.92 rows=976 width=121)
	        Recheck Cond: ((id >= 8031835) AND (id <= 8032834))
	        ->  Bitmap Index Scan on sbtest6_pkey  (cost=0.00..30.19 rows=976 width=0)
	              Index Cond: ((id >= 8031835) AND (id <= 8032834))

table 7 : explain SELECT count(c) FROM sbtest7 WHERE id BETWEEN 4934746 AND 4935745
	Aggregate  (cost=3700.44..3700.45 rows=1 width=8)
	  ->  Bitmap Heap Scan on sbtest7  (cost=30.21..3698.06 rows=954 width=121)
	        Recheck Cond: ((id >= 4934746) AND (id <= 4935745))
	        ->  Bitmap Index Scan on sbtest7_pkey  (cost=0.00..29.97 rows=954 width=0)
	              Index Cond: ((id >= 4934746) AND (id <= 4935745))

table 8 : explain SELECT count(c) FROM sbtest8 WHERE id BETWEEN 9067715 AND 9068714
	Aggregate  (cost=3827.43..3827.44 rows=1 width=8)
	  ->  Bitmap Heap Scan on sbtest8  (cost=30.55..3824.97 rows=987 width=121)
	        Recheck Cond: ((id >= 9067715) AND (id <= 9068714))
	        ->  Bitmap Index Scan on sbtest8_pkey  (cost=0.00..30.30 rows=987 width=0)
	              Index Cond: ((id >= 9067715) AND (id <= 9068714))

for: count_ranges
table 1 : explain SELECT count(c) FROM sbtest1 WHERE id BETWEEN 9198851 AND 9199850
	Aggregate  (cost=4161.04..4161.05 rows=1 width=8)
	  ->  Bitmap Heap Scan on sbtest1  (cost=35.44..4158.36 rows=1074 width=121)
	        Recheck Cond: ((id >= 9198851) AND (id <= 9199850))
	        ->  Bitmap Index Scan on sbtest1_pkey  (cost=0.00..35.18 rows=1074 width=0)
	              Index Cond: ((id >= 9198851) AND (id <= 9199850))

table 2 : explain SELECT count(c) FROM sbtest2 WHERE id BETWEEN 391387 AND 392386
	Aggregate  (cost=3925.36..3925.37 rows=1 width=8)
	  ->  Bitmap Heap Scan on sbtest2  (cost=30.82..3922.83 rows=1013 width=121)
	        Recheck Cond: ((id >= 391387) AND (id <= 392386))
	        ->  Bitmap Index Scan on sbtest2_pkey  (cost=0.00..30.57 rows=1013 width=0)
	              Index Cond: ((id >= 391387) AND (id <= 392386))

table 3 : explain SELECT count(c) FROM sbtest3 WHERE id BETWEEN 2842890 AND 2843889
	Aggregate  (cost=3802.92..3802.93 rows=1 width=8)
	  ->  Bitmap Heap Scan on sbtest3  (cost=30.49..3800.47 rows=981 width=121)
	        Recheck Cond: ((id >= 2842890) AND (id <= 2843889))
	        ->  Bitmap Index Scan on sbtest3_pkey  (cost=0.00..30.25 rows=981 width=0)
	              Index Cond: ((id >= 2842890) AND (id <= 2843889))

table 4 : explain SELECT count(c) FROM sbtest4 WHERE id BETWEEN 383295 AND 384294
	Aggregate  (cost=3717.54..3717.55 rows=1 width=8)
	  ->  Bitmap Heap Scan on sbtest4  (cost=30.25..3715.15 rows=958 width=121)
	        Recheck Cond: ((id >= 383295) AND (id <= 384294))
	        ->  Bitmap Index Scan on sbtest4_pkey  (cost=0.00..30.01 rows=958 width=0)
	              Index Cond: ((id >= 383295) AND (id <= 384294))

table 5 : explain SELECT count(c) FROM sbtest5 WHERE id BETWEEN 3229425 AND 3230424
	Aggregate  (cost=3982.21..3982.22 rows=1 width=8)
	  ->  Bitmap Heap Scan on sbtest5  (cost=30.97..3979.64 rows=1028 width=121)
	        Recheck Cond: ((id >= 3229425) AND (id <= 3230424))
	        ->  Bitmap Index Scan on sbtest5_pkey  (cost=0.00..30.71 rows=1028 width=0)
	              Index Cond: ((id >= 3229425) AND (id <= 3230424))

table 6 : explain SELECT count(c) FROM sbtest6 WHERE id BETWEEN 1620601 AND 1621600
	Aggregate  (cost=3849.58..3849.59 rows=1 width=8)
	  ->  Bitmap Heap Scan on sbtest6  (cost=30.61..3847.09 rows=993 width=121)
	        Recheck Cond: ((id >= 1620601) AND (id <= 1621600))
	        ->  Bitmap Index Scan on sbtest6_pkey  (cost=0.00..30.36 rows=993 width=0)
	              Index Cond: ((id >= 1620601) AND (id <= 1621600))

table 7 : explain SELECT count(c) FROM sbtest7 WHERE id BETWEEN 5964927 AND 5965926
	Aggregate  (cost=3859.02..3859.03 rows=1 width=8)
	  ->  Bitmap Heap Scan on sbtest7  (cost=30.64..3856.53 rows=996 width=121)
	        Recheck Cond: ((id >= 5964927) AND (id <= 5965926))
	        ->  Bitmap Index Scan on sbtest7_pkey  (cost=0.00..30.39 rows=996 width=0)
	              Index Cond: ((id >= 5964927) AND (id <= 5965926))

table 8 : explain SELECT count(c) FROM sbtest8 WHERE id BETWEEN 9758500 AND 9759499
	Aggregate  (cost=3721.61..3721.62 rows=1 width=8)
	  ->  Bitmap Heap Scan on sbtest8  (cost=30.26..3719.21 rows=959 width=121)
	        Recheck Cond: ((id >= 9758500) AND (id <= 9759499))
	        ->  Bitmap Index Scan on sbtest8_pkey  (cost=0.00..30.02 rows=959 width=0)
	              Index Cond: ((id >= 9758500) AND (id <= 9759499))

for: count_ranges
table 1 : explain SELECT count(c) FROM sbtest1 WHERE id BETWEEN 4647624 AND 4648623
	Aggregate  (cost=3983.55..3983.56 rows=1 width=8)
	  ->  Bitmap Heap Scan on sbtest1  (cost=30.97..3980.98 rows=1028 width=121)
	        Recheck Cond: ((id >= 4647624) AND (id <= 4648623))
	        ->  Bitmap Index Scan on sbtest1_pkey  (cost=0.00..30.71 rows=1028 width=0)
	              Index Cond: ((id >= 4647624) AND (id <= 4648623))

table 2 : explain SELECT count(c) FROM sbtest2 WHERE id BETWEEN 3430119 AND 3431118
	Aggregate  (cost=3872.51..3872.52 rows=1 width=8)
	  ->  Bitmap Heap Scan on sbtest2  (cost=30.67..3870.01 rows=999 width=121)
	        Recheck Cond: ((id >= 3430119) AND (id <= 3431118))
	        ->  Bitmap Index Scan on sbtest2_pkey  (cost=0.00..30.43 rows=999 width=0)
	              Index Cond: ((id >= 3430119) AND (id <= 3431118))

table 3 : explain SELECT count(c) FROM sbtest3 WHERE id BETWEEN 8781073 AND 8782072
	Aggregate  (cost=3727.38..3727.39 rows=1 width=8)
	  ->  Bitmap Heap Scan on sbtest3  (cost=30.29..3724.98 rows=961 width=121)
	        Recheck Cond: ((id >= 8781073) AND (id <= 8782072))
	        ->  Bitmap Index Scan on sbtest3_pkey  (cost=0.00..30.04 rows=961 width=0)
	              Index Cond: ((id >= 8781073) AND (id <= 8782072))

table 4 : explain SELECT count(c) FROM sbtest4 WHERE id BETWEEN 9139808 AND 9140807
	Aggregate  (cost=3668.38..3668.39 rows=1 width=8)
	  ->  Bitmap Heap Scan on sbtest4  (cost=30.12..3666.02 rows=945 width=121)
	        Recheck Cond: ((id >= 9139808) AND (id <= 9140807))
	        ->  Bitmap Index Scan on sbtest4_pkey  (cost=0.00..29.89 rows=945 width=0)
	              Index Cond: ((id >= 9139808) AND (id <= 9140807))

table 5 : explain SELECT count(c) FROM sbtest5 WHERE id BETWEEN 3591858 AND 3592857
	Aggregate  (cost=3884.08..3884.09 rows=1 width=8)
	  ->  Bitmap Heap Scan on sbtest5  (cost=30.71..3881.57 rows=1002 width=121)
	        Recheck Cond: ((id >= 3591858) AND (id <= 3592857))
	        ->  Bitmap Index Scan on sbtest5_pkey  (cost=0.00..30.45 rows=1002 width=0)
	              Index Cond: ((id >= 3591858) AND (id <= 3592857))

table 6 : explain SELECT count(c) FROM sbtest6 WHERE id BETWEEN 978105 AND 979104
	Aggregate  (cost=3751.35..3751.36 rows=1 width=8)
	  ->  Bitmap Heap Scan on sbtest6  (cost=30.35..3748.94 rows=967 width=121)
	        Recheck Cond: ((id >= 978105) AND (id <= 979104))
	        ->  Bitmap Index Scan on sbtest6_pkey  (cost=0.00..30.11 rows=967 width=0)
	              Index Cond: ((id >= 978105) AND (id <= 979104))

table 7 : explain SELECT count(c) FROM sbtest7 WHERE id BETWEEN 237846 AND 238845
	Aggregate  (cost=3779.76..3779.77 rows=1 width=8)
	  ->  Bitmap Heap Scan on sbtest7  (cost=30.43..3777.32 rows=975 width=121)
	        Recheck Cond: ((id >= 237846) AND (id <= 238845))
	        ->  Bitmap Index Scan on sbtest7_pkey  (cost=0.00..30.18 rows=975 width=0)
	              Index Cond: ((id >= 237846) AND (id <= 238845))

table 8 : explain SELECT count(c) FROM sbtest8 WHERE id BETWEEN 7915312 AND 7916311
	Aggregate  (cost=3831.21..3831.22 rows=1 width=8)
	  ->  Bitmap Heap Scan on sbtest8  (cost=30.56..3828.74 rows=988 width=121)
	        Recheck Cond: ((id >= 7915312) AND (id <= 7916311))
	        ->  Bitmap Index Scan on sbtest8_pkey  (cost=0.00..30.32 rows=988 width=0)
	              Index Cond: ((id >= 7915312) AND (id <= 7916311))

for: count_ranges
table 1 : explain SELECT count(c) FROM sbtest1 WHERE id BETWEEN 4940306 AND 4941305
	Aggregate  (cost=3771.98..3771.99 rows=1 width=8)
	  ->  Bitmap Heap Scan on sbtest1  (cost=30.40..3769.55 rows=972 width=121)
	        Recheck Cond: ((id >= 4940306) AND (id <= 4941305))
	        ->  Bitmap Index Scan on sbtest1_pkey  (cost=0.00..30.15 rows=972 width=0)
	              Index Cond: ((id >= 4940306) AND (id <= 4941305))

table 2 : explain SELECT count(c) FROM sbtest2 WHERE id BETWEEN 3640011 AND 3641010
	Aggregate  (cost=4046.06..4046.07 rows=1 width=8)
	  ->  Bitmap Heap Scan on sbtest2  (cost=31.15..4043.45 rows=1045 width=121)
	        Recheck Cond: ((id >= 3640011) AND (id <= 3641010))
	        ->  Bitmap Index Scan on sbtest2_pkey  (cost=0.00..30.89 rows=1045 width=0)
	              Index Cond: ((id >= 3640011) AND (id <= 3641010))

table 3 : explain SELECT count(c) FROM sbtest3 WHERE id BETWEEN 4783519 AND 4784518
	Aggregate  (cost=3413.34..3413.35 rows=1 width=8)
	  ->  Bitmap Heap Scan on sbtest3  (cost=29.43..3411.14 rows=878 width=121)
	        Recheck Cond: ((id >= 4783519) AND (id <= 4784518))
	        ->  Bitmap Index Scan on sbtest3_pkey  (cost=0.00..29.21 rows=878 width=0)
	              Index Cond: ((id >= 4783519) AND (id <= 4784518))

table 4 : explain SELECT count(c) FROM sbtest4 WHERE id BETWEEN 2494017 AND 2495016
	Aggregate  (cost=3993.21..3993.22 rows=1 width=8)
	  ->  Bitmap Heap Scan on sbtest4  (cost=31.00..3990.63 rows=1031 width=121)
	        Recheck Cond: ((id >= 2494017) AND (id <= 2495016))
	        ->  Bitmap Index Scan on sbtest4_pkey  (cost=0.00..30.75 rows=1031 width=0)
	              Index Cond: ((id >= 2494017) AND (id <= 2495016))

table 5 : explain SELECT count(c) FROM sbtest5 WHERE id BETWEEN 7780869 AND 7781868
	Aggregate  (cost=3895.41..3895.42 rows=1 width=8)
	  ->  Bitmap Heap Scan on sbtest5  (cost=30.74..3892.89 rows=1005 width=121)
	        Recheck Cond: ((id >= 7780869) AND (id <= 7781868))
	        ->  Bitmap Index Scan on sbtest5_pkey  (cost=0.00..30.48 rows=1005 width=0)
	              Index Cond: ((id >= 7780869) AND (id <= 7781868))

table 6 : explain SELECT count(c) FROM sbtest6 WHERE id BETWEEN 1125204 AND 1126203
	Aggregate  (cost=3891.11..3891.12 rows=1 width=8)
	  ->  Bitmap Heap Scan on sbtest6  (cost=30.73..3888.60 rows=1004 width=121)
	        Recheck Cond: ((id >= 1125204) AND (id <= 1126203))
	        ->  Bitmap Index Scan on sbtest6_pkey  (cost=0.00..30.47 rows=1004 width=0)
	              Index Cond: ((id >= 1125204) AND (id <= 1126203))

table 7 : explain SELECT count(c) FROM sbtest7 WHERE id BETWEEN 8177848 AND 8178847
	Aggregate  (cost=4141.86..4141.87 rows=1 width=8)
	  ->  Bitmap Heap Scan on sbtest7  (cost=35.40..4139.19 rows=1070 width=121)
	        Recheck Cond: ((id >= 8177848) AND (id <= 8178847))
	        ->  Bitmap Index Scan on sbtest7_pkey  (cost=0.00..35.14 rows=1070 width=0)
	              Index Cond: ((id >= 8177848) AND (id <= 8178847))

table 8 : explain SELECT count(c) FROM sbtest8 WHERE id BETWEEN 253529 AND 254528
	Aggregate  (cost=4381.68..4381.69 rows=1 width=8)
	  ->  Bitmap Heap Scan on sbtest8  (cost=36.06..4378.84 rows=1134 width=121)
	        Recheck Cond: ((id >= 253529) AND (id <= 254528))
	        ->  Bitmap Index Scan on sbtest8_pkey  (cost=0.00..35.78 rows=1134 width=0)
	              Index Cond: ((id >= 253529) AND (id <= 254528))

for: count_ranges
table 1 : explain SELECT count(c) FROM sbtest1 WHERE id BETWEEN 1033088 AND 1034087
	Aggregate  (cost=3885.37..3885.38 rows=1 width=8)
	  ->  Bitmap Heap Scan on sbtest1  (cost=30.71..3882.86 rows=1002 width=121)
	        Recheck Cond: ((id >= 1033088) AND (id <= 1034087))
	        ->  Bitmap Index Scan on sbtest1_pkey  (cost=0.00..30.45 rows=1002 width=0)
	              Index Cond: ((id >= 1033088) AND (id <= 1034087))

table 2 : explain SELECT count(c) FROM sbtest2 WHERE id BETWEEN 7090685 AND 7091684
	Aggregate  (cost=3864.96..3864.97 rows=1 width=8)
	  ->  Bitmap Heap Scan on sbtest2  (cost=30.65..3862.47 rows=997 width=121)
	        Recheck Cond: ((id >= 7090685) AND (id <= 7091684))
	        ->  Bitmap Index Scan on sbtest2_pkey  (cost=0.00..30.40 rows=997 width=0)
	              Index Cond: ((id >= 7090685) AND (id <= 7091684))

table 3 : explain SELECT count(c) FROM sbtest3 WHERE id BETWEEN 9598437 AND 9599436
	Aggregate  (cost=3912.36..3912.37 rows=1 width=8)
	  ->  Bitmap Heap Scan on sbtest3  (cost=30.79..3909.83 rows=1010 width=121)
	        Recheck Cond: ((id >= 9598437) AND (id <= 9599436))
	        ->  Bitmap Index Scan on sbtest3_pkey  (cost=0.00..30.54 rows=1010 width=0)
	              Index Cond: ((id >= 9598437) AND (id <= 9599436))

table 4 : explain SELECT count(c) FROM sbtest4 WHERE id BETWEEN 8783401 AND 8784400
	Aggregate  (cost=4140.44..4140.45 rows=1 width=8)
	  ->  Bitmap Heap Scan on sbtest4  (cost=35.39..4137.77 rows=1069 width=121)
	        Recheck Cond: ((id >= 8783401) AND (id <= 8784400))
	        ->  Bitmap Index Scan on sbtest4_pkey  (cost=0.00..35.12 rows=1069 width=0)
	              Index Cond: ((id >= 8783401) AND (id <= 8784400))

table 5 : explain SELECT count(c) FROM sbtest5 WHERE id BETWEEN 1191841 AND 1192840
	Aggregate  (cost=3887.85..3887.86 rows=1 width=8)
	  ->  Bitmap Heap Scan on sbtest5  (cost=30.72..3885.35 rows=1003 width=121)
	        Recheck Cond: ((id >= 1191841) AND (id <= 1192840))
	        ->  Bitmap Index Scan on sbtest5_pkey  (cost=0.00..30.46 rows=1003 width=0)
	              Index Cond: ((id >= 1191841) AND (id <= 1192840))

table 6 : explain SELECT count(c) FROM sbtest6 WHERE id BETWEEN 7806372 AND 7807371
	Aggregate  (cost=3331.03..3331.04 rows=1 width=8)
	  ->  Bitmap Heap Scan on sbtest6  (cost=29.21..3328.89 rows=856 width=121)
	        Recheck Cond: ((id >= 7806372) AND (id <= 7807371))
	        ->  Bitmap Index Scan on sbtest6_pkey  (cost=0.00..29.00 rows=856 width=0)
	              Index Cond: ((id >= 7806372) AND (id <= 7807371))

table 7 : explain SELECT count(c) FROM sbtest7 WHERE id BETWEEN 7169799 AND 7170798
	Aggregate  (cost=3964.61..3964.62 rows=1 width=8)
	  ->  Bitmap Heap Scan on sbtest7  (cost=30.93..3962.05 rows=1024 width=121)
	        Recheck Cond: ((id >= 7169799) AND (id <= 7170798))
	        ->  Bitmap Index Scan on sbtest7_pkey  (cost=0.00..30.68 rows=1024 width=0)
	              Index Cond: ((id >= 7169799) AND (id <= 7170798))

table 8 : explain SELECT count(c) FROM sbtest8 WHERE id BETWEEN 6585766 AND 6586765
	Aggregate  (cost=4212.34..4212.35 rows=1 width=8)
	  ->  Bitmap Heap Scan on sbtest8  (cost=35.59..4209.62 rows=1088 width=121)
	        Recheck Cond: ((id >= 6585766) AND (id <= 6586765))
	        ->  Bitmap Index Scan on sbtest8_pkey  (cost=0.00..35.32 rows=1088 width=0)
	              Index Cond: ((id >= 6585766) AND (id <= 6586765))

for: count_ranges
table 1 : explain SELECT count(c) FROM sbtest1 WHERE id BETWEEN 7499112 AND 7500111
	Aggregate  (cost=4138.43..4138.44 rows=1 width=8)
	  ->  Bitmap Heap Scan on sbtest1  (cost=35.38..4135.76 rows=1068 width=121)
	        Recheck Cond: ((id >= 7499112) AND (id <= 7500111))
	        ->  Bitmap Index Scan on sbtest1_pkey  (cost=0.00..35.12 rows=1068 width=0)
	              Index Cond: ((id >= 7499112) AND (id <= 7500111))

table 2 : explain SELECT count(c) FROM sbtest2 WHERE id BETWEEN 378005 AND 379004
	Aggregate  (cost=3925.36..3925.37 rows=1 width=8)
	  ->  Bitmap Heap Scan on sbtest2  (cost=30.82..3922.83 rows=1013 width=121)
	        Recheck Cond: ((id >= 378005) AND (id <= 379004))
	        ->  Bitmap Index Scan on sbtest2_pkey  (cost=0.00..30.57 rows=1013 width=0)
	              Index Cond: ((id >= 378005) AND (id <= 379004))

table 3 : explain SELECT count(c) FROM sbtest3 WHERE id BETWEEN 1663035 AND 1664034
	Aggregate  (cost=3999.08..3999.09 rows=1 width=8)
	  ->  Bitmap Heap Scan on sbtest3  (cost=31.02..3996.50 rows=1033 width=121)
	        Recheck Cond: ((id >= 1663035) AND (id <= 1664034))
	        ->  Bitmap Index Scan on sbtest3_pkey  (cost=0.00..30.76 rows=1033 width=0)
	              Index Cond: ((id >= 1663035) AND (id <= 1664034))

table 4 : explain SELECT count(c) FROM sbtest4 WHERE id BETWEEN 2314646 AND 2315645
	Aggregate  (cost=3388.11..3388.12 rows=1 width=8)
	  ->  Bitmap Heap Scan on sbtest4  (cost=29.36..3385.93 rows=871 width=121)
	        Recheck Cond: ((id >= 2314646) AND (id <= 2315645))
	        ->  Bitmap Index Scan on sbtest4_pkey  (cost=0.00..29.14 rows=871 width=0)
	              Index Cond: ((id >= 2314646) AND (id <= 2315645))

table 5 : explain SELECT count(c) FROM sbtest5 WHERE id BETWEEN 1636072 AND 1637071
	Aggregate  (cost=3691.35..3691.36 rows=1 width=8)
	  ->  Bitmap Heap Scan on sbtest5  (cost=30.18..3688.97 rows=951 width=121)
	        Recheck Cond: ((id >= 1636072) AND (id <= 1637071))
	        ->  Bitmap Index Scan on sbtest5_pkey  (cost=0.00..29.94 rows=951 width=0)
	              Index Cond: ((id >= 1636072) AND (id <= 1637071))

table 6 : explain SELECT count(c) FROM sbtest6 WHERE id BETWEEN 72554 AND 73553
	Aggregate  (cost=3838.25..3838.26 rows=1 width=8)
	  ->  Bitmap Heap Scan on sbtest6  (cost=30.58..3835.77 rows=990 width=121)
	        Recheck Cond: ((id >= 72554) AND (id <= 73553))
	        ->  Bitmap Index Scan on sbtest6_pkey  (cost=0.00..30.33 rows=990 width=0)
	              Index Cond: ((id >= 72554) AND (id <= 73553))

table 7 : explain SELECT count(c) FROM sbtest7 WHERE id BETWEEN 4915851 AND 4916850
	Aggregate  (cost=4070.33..4070.34 rows=1 width=8)
	  ->  Bitmap Heap Scan on sbtest7  (cost=35.21..4067.71 rows=1051 width=121)
	        Recheck Cond: ((id >= 4915851) AND (id <= 4916850))
	        ->  Bitmap Index Scan on sbtest7_pkey  (cost=0.00..34.95 rows=1051 width=0)
	              Index Cond: ((id >= 4915851) AND (id <= 4916850))

table 8 : explain SELECT count(c) FROM sbtest8 WHERE id BETWEEN 8725970 AND 8726969
	Aggregate  (cost=4152.08..4152.09 rows=1 width=8)
	  ->  Bitmap Heap Scan on sbtest8  (cost=35.42..4149.40 rows=1072 width=121)
	        Recheck Cond: ((id >= 8725970) AND (id <= 8726969))
	        ->  Bitmap Index Scan on sbtest8_pkey  (cost=0.00..35.16 rows=1072 width=0)
	              Index Cond: ((id >= 8725970) AND (id <= 8726969))

for: count_ranges
table 1 : explain SELECT count(c) FROM sbtest1 WHERE id BETWEEN 3978761 AND 3979760
	Aggregate  (cost=3703.89..3703.90 rows=1 width=8)
	  ->  Bitmap Heap Scan on sbtest1  (cost=30.21..3701.51 rows=954 width=121)
	        Recheck Cond: ((id >= 3978761) AND (id <= 3979760))
	        ->  Bitmap Index Scan on sbtest1_pkey  (cost=0.00..29.97 rows=954 width=0)
	              Index Cond: ((id >= 3978761) AND (id <= 3979760))

table 2 : explain SELECT count(c) FROM sbtest2 WHERE id BETWEEN 8506247 AND 8507246
	Aggregate  (cost=3940.45..3940.46 rows=1 width=8)
	  ->  Bitmap Heap Scan on sbtest2  (cost=30.86..3937.91 rows=1017 width=121)
	        Recheck Cond: ((id >= 8506247) AND (id <= 8507246))
	        ->  Bitmap Index Scan on sbtest2_pkey  (cost=0.00..30.61 rows=1017 width=0)
	              Index Cond: ((id >= 8506247) AND (id <= 8507246))

table 3 : explain SELECT count(c) FROM sbtest3 WHERE id BETWEEN 7139984 AND 7140983
	Aggregate  (cost=3961.38..3961.39 rows=1 width=8)
	  ->  Bitmap Heap Scan on sbtest3  (cost=30.92..3958.82 rows=1023 width=121)
	        Recheck Cond: ((id >= 7139984) AND (id <= 7140983))
	        ->  Bitmap Index Scan on sbtest3_pkey  (cost=0.00..30.66 rows=1023 width=0)
	              Index Cond: ((id >= 7139984) AND (id <= 7140983))

table 4 : explain SELECT count(c) FROM sbtest4 WHERE id BETWEEN 3138239 AND 3139238
	Aggregate  (cost=3815.80..3815.81 rows=1 width=8)
	  ->  Bitmap Heap Scan on sbtest4  (cost=30.52..3813.34 rows=984 width=121)
	        Recheck Cond: ((id >= 3138239) AND (id <= 3139238))
	        ->  Bitmap Index Scan on sbtest4_pkey  (cost=0.00..30.27 rows=984 width=0)
	              Index Cond: ((id >= 3138239) AND (id <= 3139238))

table 5 : explain SELECT count(c) FROM sbtest5 WHERE id BETWEEN 1873919 AND 1874918
	Aggregate  (cost=3936.93..3936.94 rows=1 width=8)
	  ->  Bitmap Heap Scan on sbtest5  (cost=30.85..3934.39 rows=1016 width=121)
	        Recheck Cond: ((id >= 1873919) AND (id <= 1874918))
	        ->  Bitmap Index Scan on sbtest5_pkey  (cost=0.00..30.59 rows=1016 width=0)
	              Index Cond: ((id >= 1873919) AND (id <= 1874918))

table 6 : explain SELECT count(c) FROM sbtest6 WHERE id BETWEEN 6383810 AND 6384809
	Aggregate  (cost=4332.14..4332.15 rows=1 width=8)
	  ->  Bitmap Heap Scan on sbtest6  (cost=35.92..4329.34 rows=1120 width=121)
	        Recheck Cond: ((id >= 6383810) AND (id <= 6384809))
	        ->  Bitmap Index Scan on sbtest6_pkey  (cost=0.00..35.64 rows=1120 width=0)
	              Index Cond: ((id >= 6383810) AND (id <= 6384809))

table 7 : explain SELECT count(c) FROM sbtest7 WHERE id BETWEEN 7711765 AND 7712764
	Aggregate  (cost=4367.49..4367.50 rows=1 width=8)
	  ->  Bitmap Heap Scan on sbtest7  (cost=36.03..4364.66 rows=1131 width=121)
	        Recheck Cond: ((id >= 7711765) AND (id <= 7712764))
	        ->  Bitmap Index Scan on sbtest7_pkey  (cost=0.00..35.75 rows=1131 width=0)
	              Index Cond: ((id >= 7711765) AND (id <= 7712764))

table 8 : explain SELECT count(c) FROM sbtest8 WHERE id BETWEEN 4910853 AND 4911852
	Aggregate  (cost=4253.75..4253.76 rows=1 width=8)
	  ->  Bitmap Heap Scan on sbtest8  (cost=35.70..4251.00 rows=1099 width=121)
	        Recheck Cond: ((id >= 4910853) AND (id <= 4911852))
	        ->  Bitmap Index Scan on sbtest8_pkey  (cost=0.00..35.43 rows=1099 width=0)
	              Index Cond: ((id >= 4910853) AND (id <= 4911852))

for: count_ranges
table 1 : explain SELECT count(c) FROM sbtest1 WHERE id BETWEEN 5873150 AND 5874149
	Aggregate  (cost=3945.79..3945.80 rows=1 width=8)
	  ->  Bitmap Heap Scan on sbtest1  (cost=30.87..3943.25 rows=1018 width=121)
	        Recheck Cond: ((id >= 5873150) AND (id <= 5874149))
	        ->  Bitmap Index Scan on sbtest1_pkey  (cost=0.00..30.61 rows=1018 width=0)
	              Index Cond: ((id >= 5873150) AND (id <= 5874149))

table 2 : explain SELECT count(c) FROM sbtest2 WHERE id BETWEEN 2769220 AND 2770219
	Aggregate  (cost=4046.06..4046.07 rows=1 width=8)
	  ->  Bitmap Heap Scan on sbtest2  (cost=31.15..4043.45 rows=1045 width=121)
	        Recheck Cond: ((id >= 2769220) AND (id <= 2770219))
	        ->  Bitmap Index Scan on sbtest2_pkey  (cost=0.00..30.89 rows=1045 width=0)
	              Index Cond: ((id >= 2769220) AND (id <= 2770219))

table 3 : explain SELECT count(c) FROM sbtest3 WHERE id BETWEEN 4749685 AND 4750684
	Aggregate  (cost=3413.34..3413.35 rows=1 width=8)
	  ->  Bitmap Heap Scan on sbtest3  (cost=29.43..3411.14 rows=878 width=121)
	        Recheck Cond: ((id >= 4749685) AND (id <= 4750684))
	        ->  Bitmap Index Scan on sbtest3_pkey  (cost=0.00..29.21 rows=878 width=0)
	              Index Cond: ((id >= 4749685) AND (id <= 4750684))

table 4 : explain SELECT count(c) FROM sbtest4 WHERE id BETWEEN 4221383 AND 4222382
	Aggregate  (cost=3630.55..3630.56 rows=1 width=8)
	  ->  Bitmap Heap Scan on sbtest4  (cost=30.02..3628.21 rows=935 width=121)
	        Recheck Cond: ((id >= 4221383) AND (id <= 4222382))
	        ->  Bitmap Index Scan on sbtest4_pkey  (cost=0.00..29.79 rows=935 width=0)
	              Index Cond: ((id >= 4221383) AND (id <= 4222382))

table 5 : explain SELECT count(c) FROM sbtest5 WHERE id BETWEEN 140482 AND 141481
	Aggregate  (cost=3940.70..3940.71 rows=1 width=8)
	  ->  Bitmap Heap Scan on sbtest5  (cost=30.86..3938.16 rows=1017 width=121)
	        Recheck Cond: ((id >= 140482) AND (id <= 141481))
	        ->  Bitmap Index Scan on sbtest5_pkey  (cost=0.00..30.61 rows=1017 width=0)
	              Index Cond: ((id >= 140482) AND (id <= 141481))

table 6 : explain SELECT count(c) FROM sbtest6 WHERE id BETWEEN 4310498 AND 4311497
	Aggregate  (cost=3596.29..3596.30 rows=1 width=8)
	  ->  Bitmap Heap Scan on sbtest6  (cost=29.93..3593.97 rows=926 width=121)
	        Recheck Cond: ((id >= 4310498) AND (id <= 4311497))
	        ->  Bitmap Index Scan on sbtest6_pkey  (cost=0.00..29.69 rows=926 width=0)
	              Index Cond: ((id >= 4310498) AND (id <= 4311497))

table 7 : explain SELECT count(c) FROM sbtest7 WHERE id BETWEEN 3347920 AND 3348919
	Aggregate  (cost=3764.65..3764.66 rows=1 width=8)
	  ->  Bitmap Heap Scan on sbtest7  (cost=30.39..3762.23 rows=971 width=121)
	        Recheck Cond: ((id >= 3347920) AND (id <= 3348919))
	        ->  Bitmap Index Scan on sbtest7_pkey  (cost=0.00..30.14 rows=971 width=0)
	              Index Cond: ((id >= 3347920) AND (id <= 3348919))

table 8 : explain SELECT count(c) FROM sbtest8 WHERE id BETWEEN 6316144 AND 6317143
	Aggregate  (cost=3664.88..3664.89 rows=1 width=8)
	  ->  Bitmap Heap Scan on sbtest8  (cost=30.11..3662.52 rows=944 width=121)
	        Recheck Cond: ((id >= 6316144) AND (id <= 6317143))
	        ->  Bitmap Index Scan on sbtest8_pkey  (cost=0.00..29.87 rows=944 width=0)
	              Index Cond: ((id >= 6316144) AND (id <= 6317143))

for: count_ranges
table 1 : explain SELECT count(c) FROM sbtest1 WHERE id BETWEEN 6908251 AND 6909250
	Aggregate  (cost=3423.54..3423.55 rows=1 width=8)
	  ->  Bitmap Heap Scan on sbtest1  (cost=29.45..3421.34 rows=880 width=121)
	        Recheck Cond: ((id >= 6908251) AND (id <= 6909250))
	        ->  Bitmap Index Scan on sbtest1_pkey  (cost=0.00..29.23 rows=880 width=0)
	              Index Cond: ((id >= 6908251) AND (id <= 6909250))

table 2 : explain SELECT count(c) FROM sbtest2 WHERE id BETWEEN 2417688 AND 2418687
	Aggregate  (cost=4117.90..4117.91 rows=1 width=8)
	  ->  Bitmap Heap Scan on sbtest2  (cost=35.33..4115.25 rows=1063 width=121)
	        Recheck Cond: ((id >= 2417688) AND (id <= 2418687))
	        ->  Bitmap Index Scan on sbtest2_pkey  (cost=0.00..35.07 rows=1063 width=0)
	              Index Cond: ((id >= 2417688) AND (id <= 2418687))

table 3 : explain SELECT count(c) FROM sbtest3 WHERE id BETWEEN 5605336 AND 5606335
	Aggregate  (cost=3613.98..3613.99 rows=1 width=8)
	  ->  Bitmap Heap Scan on sbtest3  (cost=29.98..3611.65 rows=931 width=121)
	        Recheck Cond: ((id >= 5605336) AND (id <= 5606335))
	        ->  Bitmap Index Scan on sbtest3_pkey  (cost=0.00..29.75 rows=931 width=0)
	              Index Cond: ((id >= 5605336) AND (id <= 5606335))

table 4 : explain SELECT count(c) FROM sbtest4 WHERE id BETWEEN 9263242 AND 9264241
	Aggregate  (cost=4079.93..4079.94 rows=1 width=8)
	  ->  Bitmap Heap Scan on sbtest4  (cost=31.24..4077.29 rows=1054 width=121)
	        Recheck Cond: ((id >= 9263242) AND (id <= 9264241))
	        ->  Bitmap Index Scan on sbtest4_pkey  (cost=0.00..30.97 rows=1054 width=0)
	              Index Cond: ((id >= 9263242) AND (id <= 9264241))

table 5 : explain SELECT count(c) FROM sbtest5 WHERE id BETWEEN 2444552 AND 2445551
	Aggregate  (cost=3970.89..3970.90 rows=1 width=8)
	  ->  Bitmap Heap Scan on sbtest5  (cost=30.94..3968.33 rows=1025 width=121)
	        Recheck Cond: ((id >= 2444552) AND (id <= 2445551))
	        ->  Bitmap Index Scan on sbtest5_pkey  (cost=0.00..30.68 rows=1025 width=0)
	              Index Cond: ((id >= 2444552) AND (id <= 2445551))

table 6 : explain SELECT count(c) FROM sbtest6 WHERE id BETWEEN 2857943 AND 2858942
	Aggregate  (cost=3796.70..3796.71 rows=1 width=8)
	  ->  Bitmap Heap Scan on sbtest6  (cost=30.47..3794.25 rows=979 width=121)
	        Recheck Cond: ((id >= 2857943) AND (id <= 2858942))
	        ->  Bitmap Index Scan on sbtest6_pkey  (cost=0.00..30.22 rows=979 width=0)
	              Index Cond: ((id >= 2857943) AND (id <= 2858942))

table 7 : explain SELECT count(c) FROM sbtest7 WHERE id BETWEEN 7649597 AND 7650596
	Aggregate  (cost=4096.69..4096.70 rows=1 width=8)
	  ->  Bitmap Heap Scan on sbtest7  (cost=35.28..4094.05 rows=1058 width=121)
	        Recheck Cond: ((id >= 7649597) AND (id <= 7650596))
	        ->  Bitmap Index Scan on sbtest7_pkey  (cost=0.00..35.02 rows=1058 width=0)
	              Index Cond: ((id >= 7649597) AND (id <= 7650596))

table 8 : explain SELECT count(c) FROM sbtest8 WHERE id BETWEEN 8735311 AND 8736310
	Aggregate  (cost=4152.08..4152.09 rows=1 width=8)
	  ->  Bitmap Heap Scan on sbtest8  (cost=35.42..4149.40 rows=1072 width=121)
	        Recheck Cond: ((id >= 8735311) AND (id <= 8736310))
	        ->  Bitmap Index Scan on sbtest8_pkey  (cost=0.00..35.16 rows=1072 width=0)
	              Index Cond: ((id >= 8735311) AND (id <= 8736310))

for: count_ranges
table 1 : explain SELECT count(c) FROM sbtest1 WHERE id BETWEEN 1928794 AND 1929793
	Aggregate  (cost=3957.12..3957.13 rows=1 width=8)
	  ->  Bitmap Heap Scan on sbtest1  (cost=30.90..3954.57 rows=1021 width=121)
	        Recheck Cond: ((id >= 1928794) AND (id <= 1929793))
	        ->  Bitmap Index Scan on sbtest1_pkey  (cost=0.00..30.64 rows=1021 width=0)
	              Index Cond: ((id >= 1928794) AND (id <= 1929793))

table 2 : explain SELECT count(c) FROM sbtest2 WHERE id BETWEEN 4955288 AND 4956287
	Aggregate  (cost=3944.23..3944.24 rows=1 width=8)
	  ->  Bitmap Heap Scan on sbtest2  (cost=30.87..3941.68 rows=1018 width=121)
	        Recheck Cond: ((id >= 4955288) AND (id <= 4956287))
	        ->  Bitmap Index Scan on sbtest2_pkey  (cost=0.00..30.61 rows=1018 width=0)
	              Index Cond: ((id >= 4955288) AND (id <= 4956287))

table 3 : explain SELECT count(c) FROM sbtest3 WHERE id BETWEEN 4226598 AND 4227597
	Aggregate  (cost=4115.86..4115.87 rows=1 width=8)
	  ->  Bitmap Heap Scan on sbtest3  (cost=31.34..4113.20 rows=1064 width=121)
	        Recheck Cond: ((id >= 4226598) AND (id <= 4227597))
	        ->  Bitmap Index Scan on sbtest3_pkey  (cost=0.00..31.07 rows=1064 width=0)
	              Index Cond: ((id >= 4226598) AND (id <= 4227597))

table 4 : explain SELECT count(c) FROM sbtest4 WHERE id BETWEEN 8111278 AND 8112277
	Aggregate  (cost=3963.03..3963.04 rows=1 width=8)
	  ->  Bitmap Heap Scan on sbtest4  (cost=30.92..3960.47 rows=1023 width=121)
	        Recheck Cond: ((id >= 8111278) AND (id <= 8112277))
	        ->  Bitmap Index Scan on sbtest4_pkey  (cost=0.00..30.66 rows=1023 width=0)
	              Index Cond: ((id >= 8111278) AND (id <= 8112277))

table 5 : explain SELECT count(c) FROM sbtest5 WHERE id BETWEEN 5916704 AND 5917703
	Aggregate  (cost=4223.63..4223.64 rows=1 width=8)
	  ->  Bitmap Heap Scan on sbtest5  (cost=35.62..4220.90 rows=1091 width=121)
	        Recheck Cond: ((id >= 5916704) AND (id <= 5917703))
	        ->  Bitmap Index Scan on sbtest5_pkey  (cost=0.00..35.34 rows=1091 width=0)
	              Index Cond: ((id >= 5916704) AND (id <= 5917703))

table 6 : explain SELECT count(c) FROM sbtest6 WHERE id BETWEEN 4884466 AND 4885465
	Aggregate  (cost=3456.16..3456.17 rows=1 width=8)
	  ->  Bitmap Heap Scan on sbtest6  (cost=29.55..3453.94 rows=889 width=121)
	        Recheck Cond: ((id >= 4884466) AND (id <= 4885465))
	        ->  Bitmap Index Scan on sbtest6_pkey  (cost=0.00..29.32 rows=889 width=0)
	              Index Cond: ((id >= 4884466) AND (id <= 4885465))

table 7 : explain SELECT count(c) FROM sbtest7 WHERE id BETWEEN 1052691 AND 1053690
	Aggregate  (cost=3923.14..3923.15 rows=1 width=8)
	  ->  Bitmap Heap Scan on sbtest7  (cost=30.82..3920.61 rows=1013 width=121)
	        Recheck Cond: ((id >= 1052691) AND (id <= 1053690))
	        ->  Bitmap Index Scan on sbtest7_pkey  (cost=0.00..30.57 rows=1013 width=0)
	              Index Cond: ((id >= 1052691) AND (id <= 1053690))

table 8 : explain SELECT count(c) FROM sbtest8 WHERE id BETWEEN 542195 AND 543194
	Aggregate  (cost=3676.22..3676.23 rows=1 width=8)
	  ->  Bitmap Heap Scan on sbtest8  (cost=30.14..3673.86 rows=947 width=121)
	        Recheck Cond: ((id >= 542195) AND (id <= 543194))
	        ->  Bitmap Index Scan on sbtest8_pkey  (cost=0.00..29.90 rows=947 width=0)
	              Index Cond: ((id >= 542195) AND (id <= 543194))

for: count_ranges
table 1 : explain SELECT count(c) FROM sbtest1 WHERE id BETWEEN 2147730 AND 2148729
	Aggregate  (cost=3692.54..3692.55 rows=1 width=8)
	  ->  Bitmap Heap Scan on sbtest1  (cost=30.18..3690.16 rows=951 width=121)
	        Recheck Cond: ((id >= 2147730) AND (id <= 2148729))
	        ->  Bitmap Index Scan on sbtest1_pkey  (cost=0.00..29.94 rows=951 width=0)
	              Index Cond: ((id >= 2147730) AND (id <= 2148729))

table 2 : explain SELECT count(c) FROM sbtest2 WHERE id BETWEEN 2003072 AND 2004071
	Aggregate  (cost=3490.50..3490.51 rows=1 width=8)
	  ->  Bitmap Heap Scan on sbtest2  (cost=29.64..3488.26 rows=898 width=121)
	        Recheck Cond: ((id >= 2003072) AND (id <= 2004071))
	        ->  Bitmap Index Scan on sbtest2_pkey  (cost=0.00..29.41 rows=898 width=0)
	              Index Cond: ((id >= 2003072) AND (id <= 2004071))

table 3 : explain SELECT count(c) FROM sbtest3 WHERE id BETWEEN 8317628 AND 8318627
	Aggregate  (cost=3946.30..3946.31 rows=1 width=8)
	  ->  Bitmap Heap Scan on sbtest3  (cost=30.88..3943.75 rows=1019 width=121)
	        Recheck Cond: ((id >= 8317628) AND (id <= 8318627))
	        ->  Bitmap Index Scan on sbtest3_pkey  (cost=0.00..30.62 rows=1019 width=0)
	              Index Cond: ((id >= 8317628) AND (id <= 8318627))

table 4 : explain SELECT count(c) FROM sbtest4 WHERE id BETWEEN 1245852 AND 1246851
	Aggregate  (cost=3619.19..3619.20 rows=1 width=8)
	  ->  Bitmap Heap Scan on sbtest4  (cost=29.99..3616.86 rows=932 width=121)
	        Recheck Cond: ((id >= 1245852) AND (id <= 1246851))
	        ->  Bitmap Index Scan on sbtest4_pkey  (cost=0.00..29.75 rows=932 width=0)
	              Index Cond: ((id >= 1245852) AND (id <= 1246851))

table 5 : explain SELECT count(c) FROM sbtest5 WHERE id BETWEEN 8713300 AND 8714299
	Aggregate  (cost=4276.33..4276.34 rows=1 width=8)
	  ->  Bitmap Heap Scan on sbtest5  (cost=35.76..4273.56 rows=1105 width=121)
	        Recheck Cond: ((id >= 8713300) AND (id <= 8714299))
	        ->  Bitmap Index Scan on sbtest5_pkey  (cost=0.00..35.48 rows=1105 width=0)
	              Index Cond: ((id >= 8713300) AND (id <= 8714299))

table 6 : explain SELECT count(c) FROM sbtest6 WHERE id BETWEEN 8038510 AND 8039509
	Aggregate  (cost=3785.36..3785.37 rows=1 width=8)
	  ->  Bitmap Heap Scan on sbtest6  (cost=30.44..3782.92 rows=976 width=121)
	        Recheck Cond: ((id >= 8038510) AND (id <= 8039509))
	        ->  Bitmap Index Scan on sbtest6_pkey  (cost=0.00..30.19 rows=976 width=0)
	              Index Cond: ((id >= 8038510) AND (id <= 8039509))

table 7 : explain SELECT count(c) FROM sbtest7 WHERE id BETWEEN 2834037 AND 2835036
	Aggregate  (cost=3628.63..3628.64 rows=1 width=8)
	  ->  Bitmap Heap Scan on sbtest7  (cost=30.02..3626.29 rows=935 width=121)
	        Recheck Cond: ((id >= 2834037) AND (id <= 2835036))
	        ->  Bitmap Index Scan on sbtest7_pkey  (cost=0.00..29.79 rows=935 width=0)
	              Index Cond: ((id >= 2834037) AND (id <= 2835036))

table 8 : explain SELECT count(c) FROM sbtest8 WHERE id BETWEEN 4740991 AND 4741990
	Aggregate  (cost=3838.77..3838.78 rows=1 width=8)
	  ->  Bitmap Heap Scan on sbtest8  (cost=30.58..3836.29 rows=990 width=121)
	        Recheck Cond: ((id >= 4740991) AND (id <= 4741990))
	        ->  Bitmap Index Scan on sbtest8_pkey  (cost=0.00..30.33 rows=990 width=0)
	              Index Cond: ((id >= 4740991) AND (id <= 4741990))

for: count_ranges
table 1 : explain SELECT count(c) FROM sbtest1 WHERE id BETWEEN 2749679 AND 2750678
	Aggregate  (cost=3908.03..3908.04 rows=1 width=8)
	  ->  Bitmap Heap Scan on sbtest1  (cost=30.77..3905.51 rows=1008 width=121)
	        Recheck Cond: ((id >= 2749679) AND (id <= 2750678))
	        ->  Bitmap Index Scan on sbtest1_pkey  (cost=0.00..30.51 rows=1008 width=0)
	              Index Cond: ((id >= 2749679) AND (id <= 2750678))

table 2 : explain SELECT count(c) FROM sbtest2 WHERE id BETWEEN 6872026 AND 6873025
	Aggregate  (cost=4023.44..4023.45 rows=1 width=8)
	  ->  Bitmap Heap Scan on sbtest2  (cost=31.08..4020.84 rows=1039 width=121)
	        Recheck Cond: ((id >= 6872026) AND (id <= 6873025))
	        ->  Bitmap Index Scan on sbtest2_pkey  (cost=0.00..30.82 rows=1039 width=0)
	              Index Cond: ((id >= 6872026) AND (id <= 6873025))

table 3 : explain SELECT count(c) FROM sbtest3 WHERE id BETWEEN 3134176 AND 3135175
	Aggregate  (cost=3564.80..3564.81 rows=1 width=8)
	  ->  Bitmap Heap Scan on sbtest3  (cost=29.84..3562.50 rows=918 width=121)
	        Recheck Cond: ((id >= 3134176) AND (id <= 3135175))
	        ->  Bitmap Index Scan on sbtest3_pkey  (cost=0.00..29.61 rows=918 width=0)
	              Index Cond: ((id >= 3134176) AND (id <= 3135175))

table 4 : explain SELECT count(c) FROM sbtest4 WHERE id BETWEEN 6041806 AND 6042805
	Aggregate  (cost=3388.11..3388.12 rows=1 width=8)
	  ->  Bitmap Heap Scan on sbtest4  (cost=29.36..3385.93 rows=871 width=121)
	        Recheck Cond: ((id >= 6041806) AND (id <= 6042805))
	        ->  Bitmap Index Scan on sbtest4_pkey  (cost=0.00..29.14 rows=871 width=0)
	              Index Cond: ((id >= 6041806) AND (id <= 6042805))

table 5 : explain SELECT count(c) FROM sbtest5 WHERE id BETWEEN 7497081 AND 7498080
	Aggregate  (cost=3816.09..3816.10 rows=1 width=8)
	  ->  Bitmap Heap Scan on sbtest5  (cost=30.52..3813.63 rows=984 width=121)
	        Recheck Cond: ((id >= 7497081) AND (id <= 7498080))
	        ->  Bitmap Index Scan on sbtest5_pkey  (cost=0.00..30.27 rows=984 width=0)
	              Index Cond: ((id >= 7497081) AND (id <= 7498080))

table 6 : explain SELECT count(c) FROM sbtest6 WHERE id BETWEEN 2075745 AND 2076744
	Aggregate  (cost=3751.35..3751.36 rows=1 width=8)
	  ->  Bitmap Heap Scan on sbtest6  (cost=30.35..3748.94 rows=967 width=121)
	        Recheck Cond: ((id >= 2075745) AND (id <= 2076744))
	        ->  Bitmap Index Scan on sbtest6_pkey  (cost=0.00..30.11 rows=967 width=0)
	              Index Cond: ((id >= 2075745) AND (id <= 2076744))

table 7 : explain SELECT count(c) FROM sbtest7 WHERE id BETWEEN 7468111 AND 7469110
	Aggregate  (cost=3692.89..3692.90 rows=1 width=8)
	  ->  Bitmap Heap Scan on sbtest7  (cost=30.19..3690.51 rows=952 width=121)
	        Recheck Cond: ((id >= 7468111) AND (id <= 7469110))
	        ->  Bitmap Index Scan on sbtest7_pkey  (cost=0.00..29.95 rows=952 width=0)
	              Index Cond: ((id >= 7468111) AND (id <= 7469110))

table 8 : explain SELECT count(c) FROM sbtest8 WHERE id BETWEEN 8565166 AND 8566165
	Aggregate  (cost=3823.66..3823.67 rows=1 width=8)
	  ->  Bitmap Heap Scan on sbtest8  (cost=30.54..3821.19 rows=986 width=121)
	        Recheck Cond: ((id >= 8565166) AND (id <= 8566165))
	        ->  Bitmap Index Scan on sbtest8_pkey  (cost=0.00..30.29 rows=986 width=0)
	              Index Cond: ((id >= 8565166) AND (id <= 8566165))

for: count_ranges
table 1 : explain SELECT count(c) FROM sbtest1 WHERE id BETWEEN 3437360 AND 3438359
	Aggregate  (cost=3457.68..3457.69 rows=1 width=8)
	  ->  Bitmap Heap Scan on sbtest1  (cost=29.55..3455.45 rows=889 width=121)
	        Recheck Cond: ((id >= 3437360) AND (id <= 3438359))
	        ->  Bitmap Index Scan on sbtest1_pkey  (cost=0.00..29.32 rows=889 width=0)
	              Index Cond: ((id >= 3437360) AND (id <= 3438359))

table 2 : explain SELECT count(c) FROM sbtest2 WHERE id BETWEEN 5124106 AND 5125105
	Aggregate  (cost=3687.34..3687.35 rows=1 width=8)
	  ->  Bitmap Heap Scan on sbtest2  (cost=30.17..3684.97 rows=950 width=121)
	        Recheck Cond: ((id >= 5124106) AND (id <= 5125105))
	        ->  Bitmap Index Scan on sbtest2_pkey  (cost=0.00..29.93 rows=950 width=0)
	              Index Cond: ((id >= 5124106) AND (id <= 5125105))

table 3 : explain SELECT count(c) FROM sbtest3 WHERE id BETWEEN 9631540 AND 9632539
	Aggregate  (cost=3859.54..3859.55 rows=1 width=8)
	  ->  Bitmap Heap Scan on sbtest3  (cost=30.64..3857.05 rows=996 width=121)
	        Recheck Cond: ((id >= 9631540) AND (id <= 9632539))
	        ->  Bitmap Index Scan on sbtest3_pkey  (cost=0.00..30.39 rows=996 width=0)
	              Index Cond: ((id >= 9631540) AND (id <= 9632539))

table 4 : explain SELECT count(c) FROM sbtest4 WHERE id BETWEEN 7081044 AND 7082043
	Aggregate  (cost=3634.33..3634.34 rows=1 width=8)
	  ->  Bitmap Heap Scan on sbtest4  (cost=30.03..3631.99 rows=936 width=121)
	        Recheck Cond: ((id >= 7081044) AND (id <= 7082043))
	        ->  Bitmap Index Scan on sbtest4_pkey  (cost=0.00..29.79 rows=936 width=0)
	              Index Cond: ((id >= 7081044) AND (id <= 7082043))

table 5 : explain SELECT count(c) FROM sbtest5 WHERE id BETWEEN 8756852 AND 8757851
	Aggregate  (cost=4276.33..4276.34 rows=1 width=8)
	  ->  Bitmap Heap Scan on sbtest5  (cost=35.76..4273.56 rows=1105 width=121)
	        Recheck Cond: ((id >= 8756852) AND (id <= 8757851))
	        ->  Bitmap Index Scan on sbtest5_pkey  (cost=0.00..35.48 rows=1105 width=0)
	              Index Cond: ((id >= 8756852) AND (id <= 8757851))

table 6 : explain SELECT count(c) FROM sbtest6 WHERE id BETWEEN 395772 AND 396771
	Aggregate  (cost=3713.55..3713.56 rows=1 width=8)
	  ->  Bitmap Heap Scan on sbtest6  (cost=30.24..3711.16 rows=957 width=121)
	        Recheck Cond: ((id >= 395772) AND (id <= 396771))
	        ->  Bitmap Index Scan on sbtest6_pkey  (cost=0.00..30.00 rows=957 width=0)
	              Index Cond: ((id >= 395772) AND (id <= 396771))

table 7 : explain SELECT count(c) FROM sbtest7 WHERE id BETWEEN 9940782 AND 9941781
	Aggregate  (cost=3934.45..3934.46 rows=1 width=8)
	  ->  Bitmap Heap Scan on sbtest7  (cost=30.85..3931.91 rows=1016 width=121)
	        Recheck Cond: ((id >= 9940782) AND (id <= 9941781))
	        ->  Bitmap Index Scan on sbtest7_pkey  (cost=0.00..30.59 rows=1016 width=0)
	              Index Cond: ((id >= 9940782) AND (id <= 9941781))

table 8 : explain SELECT count(c) FROM sbtest8 WHERE id BETWEEN 2617634 AND 2618633
	Aggregate  (cost=3891.63..3891.64 rows=1 width=8)
	  ->  Bitmap Heap Scan on sbtest8  (cost=30.73..3889.12 rows=1004 width=121)
	        Recheck Cond: ((id >= 2617634) AND (id <= 2618633))
	        ->  Bitmap Index Scan on sbtest8_pkey  (cost=0.00..30.47 rows=1004 width=0)
	              Index Cond: ((id >= 2617634) AND (id <= 2618633))

for: count_ranges
table 1 : explain SELECT count(c) FROM sbtest1 WHERE id BETWEEN 5226402 AND 5227401
	Aggregate  (cost=3658.48..3658.49 rows=1 width=8)
	  ->  Bitmap Heap Scan on sbtest1  (cost=30.09..3656.12 rows=942 width=121)
	        Recheck Cond: ((id >= 5226402) AND (id <= 5227401))
	        ->  Bitmap Index Scan on sbtest1_pkey  (cost=0.00..29.86 rows=942 width=0)
	              Index Cond: ((id >= 5226402) AND (id <= 5227401))

table 2 : explain SELECT count(c) FROM sbtest2 WHERE id BETWEEN 8518398 AND 8519397
	Aggregate  (cost=3940.45..3940.46 rows=1 width=8)
	  ->  Bitmap Heap Scan on sbtest2  (cost=30.86..3937.91 rows=1017 width=121)
	        Recheck Cond: ((id >= 8518398) AND (id <= 8519397))
	        ->  Bitmap Index Scan on sbtest2_pkey  (cost=0.00..30.61 rows=1017 width=0)
	              Index Cond: ((id >= 8518398) AND (id <= 8519397))

table 3 : explain SELECT count(c) FROM sbtest3 WHERE id BETWEEN 1490522 AND 1491521
	Aggregate  (cost=3700.93..3700.94 rows=1 width=8)
	  ->  Bitmap Heap Scan on sbtest3  (cost=30.21..3698.55 rows=954 width=121)
	        Recheck Cond: ((id >= 1490522) AND (id <= 1491521))
	        ->  Bitmap Index Scan on sbtest3_pkey  (cost=0.00..29.97 rows=954 width=0)
	              Index Cond: ((id >= 1490522) AND (id <= 1491521))

table 4 : explain SELECT count(c) FROM sbtest4 WHERE id BETWEEN 3693882 AND 3694881
	Aggregate  (cost=3778.02..3778.03 rows=1 width=8)
	  ->  Bitmap Heap Scan on sbtest4  (cost=30.42..3775.59 rows=974 width=121)
	        Recheck Cond: ((id >= 3693882) AND (id <= 3694881))
	        ->  Bitmap Index Scan on sbtest4_pkey  (cost=0.00..30.18 rows=974 width=0)
	              Index Cond: ((id >= 3693882) AND (id <= 3694881))

table 5 : explain SELECT count(c) FROM sbtest5 WHERE id BETWEEN 9413689 AND 9414688
	Aggregate  (cost=3910.51..3910.52 rows=1 width=8)
	  ->  Bitmap Heap Scan on sbtest5  (cost=30.78..3907.98 rows=1009 width=121)
	        Recheck Cond: ((id >= 9413689) AND (id <= 9414688))
	        ->  Bitmap Index Scan on sbtest5_pkey  (cost=0.00..30.52 rows=1009 width=0)
	              Index Cond: ((id >= 9413689) AND (id <= 9414688))

table 6 : explain SELECT count(c) FROM sbtest6 WHERE id BETWEEN 4808541 AND 4809540
	Aggregate  (cost=3566.01..3566.02 rows=1 width=8)
	  ->  Bitmap Heap Scan on sbtest6  (cost=29.84..3563.71 rows=918 width=121)
	        Recheck Cond: ((id >= 4808541) AND (id <= 4809540))
	        ->  Bitmap Index Scan on sbtest6_pkey  (cost=0.00..29.61 rows=918 width=0)
	              Index Cond: ((id >= 4808541) AND (id <= 4809540))

table 7 : explain SELECT count(c) FROM sbtest7 WHERE id BETWEEN 7319974 AND 7320973
	Aggregate  (cost=4220.87..4220.88 rows=1 width=8)
	  ->  Bitmap Heap Scan on sbtest7  (cost=35.62..4218.15 rows=1091 width=121)
	        Recheck Cond: ((id >= 7319974) AND (id <= 7320973))
	        ->  Bitmap Index Scan on sbtest7_pkey  (cost=0.00..35.34 rows=1091 width=0)
	              Index Cond: ((id >= 7319974) AND (id <= 7320973))

table 8 : explain SELECT count(c) FROM sbtest8 WHERE id BETWEEN 3687917 AND 3688916
	Aggregate  (cost=4042.78..4042.79 rows=1 width=8)
	  ->  Bitmap Heap Scan on sbtest8  (cost=35.13..4040.18 rows=1043 width=121)
	        Recheck Cond: ((id >= 3687917) AND (id <= 3688916))
	        ->  Bitmap Index Scan on sbtest8_pkey  (cost=0.00..34.87 rows=1043 width=0)
	              Index Cond: ((id >= 3687917) AND (id <= 3688916))

Threads started!

Warming up for 5 seconds...

SQL statistics:
    queries performed:
        read:                            18769793
        write:                           0
        other:                           0
        total:                           18769793
    transactions:                        18769793 (29793.03 per sec.)
    queries:                             18769793 (29793.03 per sec.)
    ignored errors:                      0      (0.00 per sec.)
    reconnects:                          0      (0.00 per sec.)

Throughput:
    events/s (eps):                      29793.0344
    time elapsed:                        630.0062s
    total number of events:              18769793

Latency (ms):
         min:                                    0.10
         avg:                                    1.34
         max:                                    9.53
         95th percentile:                        1.47
         sum:                             25191104.65

Threads fairness:
    events (avg/stddev):           469244.4750/1166.64
    execution time (avg/stddev):   629.7776/0.00

