LUA_PATH=/home/mdcallag/git/mytools/bench/sysbench.lua/lua/?.lua /home/mdcallag/git/mytools/bench/sysbench.lua/lua/sysbench --db-driver=pgsql --range-size=100 --table-size=10000000 --tables=8 --threads=40 --events=0 --warmup-time=5 --time=930 --pgsql_conn_id=true /home/mdcallag/git/mytools/bench/sysbench.lua/lua/oltp_inlist_update.lua run --pgsql-user=root --pgsql-password=pw --pgsql-host=127.0.0.1 --pgsql-db=ib --rand-type=uniform
48 CPUs
sysbench 1.1.0-9072687 (using bundled LuaJIT 2.1.0-beta3)

Running the test with following options:
Number of threads: 40
Warmup time: 5s
Initializing random number generator from current time


Initializing worker threads...

explain: for update-inlist :: explain UPDATE sbtest%d set c=7 WHERE id IN ( 6719994, 356836, 1946913, 1244778, 2915905, 8408140, 2653945, 3608273, 512811, 9442454)
explain: for update-inlist :: explain UPDATE sbtest%d set c=7 WHERE id IN ( 7718966, 140294, 8261645, 1429178, 4930335, 3291897, 8034137, 7104669, 1931108, 8391017)
explain: for update-inlist :: explain UPDATE sbtest%d set c=7 WHERE id IN ( 8803865, 50832, 2751334, 2843015, 1049938, 2571232, 9544346, 1495444, 9942338, 6696198)
explain: for update-inlist :: explain UPDATE sbtest%d set c=7 WHERE id IN ( 7392721, 111886, 4460829, 1495741, 198560, 1901677, 2294817, 3302165, 4828559, 1241870)
for update-inlist
table 1 : explain UPDATE sbtest1 set c=7 WHERE id IN ( 6719994, 356836, 1946913, 1244778, 2915905, 8408140, 2653945, 3608273, 512811, 9442454)
	Update on sbtest1  (cost=0.43..48.53 rows=0 width=0)
	  ->  Index Scan using sbtest1_pkey on sbtest1  (cost=0.43..48.53 rows=10 width=490)
	        Index Cond: (id = ANY ('{6719994,356836,1946913,1244778,2915905,8408140,2653945,3608273,512811,9442454}'::integer[]))

table 2 : explain UPDATE sbtest2 set c=7 WHERE id IN ( 6719994, 356836, 1946913, 1244778, 2915905, 8408140, 2653945, 3608273, 512811, 9442454)
	Update on sbtest2  (cost=0.43..48.53 rows=0 width=0)
	  ->  Index Scan using sbtest2_pkey on sbtest2  (cost=0.43..48.53 rows=10 width=490)
	        Index Cond: (id = ANY ('{6719994,356836,1946913,1244778,2915905,8408140,2653945,3608273,512811,9442454}'::integer[]))

table 3 : explain UPDATE sbtest3 set c=7 WHERE id IN ( 6719994, 356836, 1946913, 1244778, 2915905, 8408140, 2653945, 3608273, 512811, 9442454)
	Update on sbtest3  (cost=0.43..48.53 rows=0 width=0)
	  ->  Index Scan using sbtest3_pkey on sbtest3  (cost=0.43..48.53 rows=10 width=490)
	        Index Cond: (id = ANY ('{6719994,356836,1946913,1244778,2915905,8408140,2653945,3608273,512811,9442454}'::integer[]))

table 4 : explain UPDATE sbtest4 set c=7 WHERE id IN ( 6719994, 356836, 1946913, 1244778, 2915905, 8408140, 2653945, 3608273, 512811, 9442454)
	Update on sbtest4  (cost=0.43..48.53 rows=0 width=0)
	  ->  Index Scan using sbtest4_pkey on sbtest4  (cost=0.43..48.53 rows=10 width=490)
	        Index Cond: (id = ANY ('{6719994,356836,1946913,1244778,2915905,8408140,2653945,3608273,512811,9442454}'::integer[]))

table 5 : explain UPDATE sbtest5 set c=7 WHERE id IN ( 6719994, 356836, 1946913, 1244778, 2915905, 8408140, 2653945, 3608273, 512811, 9442454)
	Update on sbtest5  (cost=0.43..48.53 rows=0 width=0)
	  ->  Index Scan using sbtest5_pkey on sbtest5  (cost=0.43..48.53 rows=10 width=490)
	        Index Cond: (id = ANY ('{6719994,356836,1946913,1244778,2915905,8408140,2653945,3608273,512811,9442454}'::integer[]))

table 6 : explain UPDATE sbtest6 set c=7 WHERE id IN ( 6719994, 356836, 1946913, 1244778, 2915905, 8408140, 2653945, 3608273, 512811, 9442454)
	Update on sbtest6  (cost=0.43..48.53 rows=0 width=0)
	  ->  Index Scan using sbtest6_pkey on sbtest6  (cost=0.43..48.53 rows=10 width=490)
	        Index Cond: (id = ANY ('{6719994,356836,1946913,1244778,2915905,8408140,2653945,3608273,512811,9442454}'::integer[]))

table 7 : explain UPDATE sbtest7 set c=7 WHERE id IN ( 6719994, 356836, 1946913, 1244778, 2915905, 8408140, 2653945, 3608273, 512811, 9442454)
	Update on sbtest7  (cost=0.43..48.53 rows=0 width=0)
	  ->  Index Scan using sbtest7_pkey on sbtest7  (cost=0.43..48.53 rows=10 width=490)
	        Index Cond: (id = ANY ('{6719994,356836,1946913,1244778,2915905,8408140,2653945,3608273,512811,9442454}'::integer[]))

table 8 : explain UPDATE sbtest8 set c=7 WHERE id IN ( 6719994, 356836, 1946913, 1244778, 2915905, 8408140, 2653945, 3608273, 512811, 9442454)
	Update on sbtest8  (cost=0.43..48.53 rows=0 width=0)
	  ->  Index Scan using sbtest8_pkey on sbtest8  (cost=0.43..48.53 rows=10 width=490)
	        Index Cond: (id = ANY ('{6719994,356836,1946913,1244778,2915905,8408140,2653945,3608273,512811,9442454}'::integer[]))

explain: for update-inlist :: explain UPDATE sbtest%d set c=7 WHERE id IN ( 2635487, 7058256, 9612164, 9365681, 6336751, 4916610, 6332092, 2537102, 7733158, 9860089)
for update-inlist
table 1 : explain UPDATE sbtest1 set c=7 WHERE id IN ( 7718966, 140294, 8261645, 1429178, 4930335, 3291897, 8034137, 7104669, 1931108, 8391017)
	Update on sbtest1  (cost=0.43..48.53 rows=0 width=0)
	  ->  Index Scan using sbtest1_pkey on sbtest1  (cost=0.43..48.53 rows=10 width=490)
	        Index Cond: (id = ANY ('{7718966,140294,8261645,1429178,4930335,3291897,8034137,7104669,1931108,8391017}'::integer[]))

table 2 : explain UPDATE sbtest2 set c=7 WHERE id IN ( 7718966, 140294, 8261645, 1429178, 4930335, 3291897, 8034137, 7104669, 1931108, 8391017)
	Update on sbtest2  (cost=0.43..48.53 rows=0 width=0)
	  ->  Index Scan using sbtest2_pkey on sbtest2  (cost=0.43..48.53 rows=10 width=490)
	        Index Cond: (id = ANY ('{7718966,140294,8261645,1429178,4930335,3291897,8034137,7104669,1931108,8391017}'::integer[]))

table 3 : explain UPDATE sbtest3 set c=7 WHERE id IN ( 7718966, 140294, 8261645, 1429178, 4930335, 3291897, 8034137, 7104669, 1931108, 8391017)
	Update on sbtest3  (cost=0.43..48.53 rows=0 width=0)
	  ->  Index Scan using sbtest3_pkey on sbtest3  (cost=0.43..48.53 rows=10 width=490)
	        Index Cond: (id = ANY ('{7718966,140294,8261645,1429178,4930335,3291897,8034137,7104669,1931108,8391017}'::integer[]))

table 4 : explain UPDATE sbtest4 set c=7 WHERE id IN ( 7718966, 140294, 8261645, 1429178, 4930335, 3291897, 8034137, 7104669, 1931108, 8391017)
	Update on sbtest4  (cost=0.43..48.53 rows=0 width=0)
	  ->  Index Scan using sbtest4_pkey on sbtest4  (cost=0.43..48.53 rows=10 width=490)
	        Index Cond: (id = ANY ('{7718966,140294,8261645,1429178,4930335,3291897,8034137,7104669,1931108,8391017}'::integer[]))

table 5 : explain UPDATE sbtest5 set c=7 WHERE id IN ( 7718966, 140294, 8261645, 1429178, 4930335, 3291897, 8034137, 7104669, 1931108, 8391017)
	Update on sbtest5  (cost=0.43..48.53 rows=0 width=0)
	  ->  Index Scan using sbtest5_pkey on sbtest5  (cost=0.43..48.53 rows=10 width=490)
	        Index Cond: (id = ANY ('{7718966,140294,8261645,1429178,4930335,3291897,8034137,7104669,1931108,8391017}'::integer[]))

table 6 : explain UPDATE sbtest6 set c=7 WHERE id IN ( 7718966, 140294, 8261645, 1429178, 4930335, 3291897, 8034137, 7104669, 1931108, 8391017)
	Update on sbtest6  (cost=0.43..48.53 rows=0 width=0)
	  ->  Index Scan using sbtest6_pkey on sbtest6  (cost=0.43..48.53 rows=10 width=490)
	        Index Cond: (id = ANY ('{7718966,140294,8261645,1429178,4930335,3291897,8034137,7104669,1931108,8391017}'::integer[]))

table 7 : explain UPDATE sbtest7 set c=7 WHERE id IN ( 7718966, 140294, 8261645, 1429178, 4930335, 3291897, 8034137, 7104669, 1931108, 8391017)
	Update on sbtest7  (cost=0.43..48.53 rows=0 width=0)
	  ->  Index Scan using sbtest7_pkey on sbtest7  (cost=0.43..48.53 rows=10 width=490)
	        Index Cond: (id = ANY ('{7718966,140294,8261645,1429178,4930335,3291897,8034137,7104669,1931108,8391017}'::integer[]))

table 8 : explain UPDATE sbtest8 set c=7 WHERE id IN ( 7718966, 140294, 8261645, 1429178, 4930335, 3291897, 8034137, 7104669, 1931108, 8391017)
	Update on sbtest8  (cost=0.43..48.53 rows=0 width=0)
	  ->  Index Scan using sbtest8_pkey on sbtest8  (cost=0.43..48.53 rows=10 width=490)
	        Index Cond: (id = ANY ('{7718966,140294,8261645,1429178,4930335,3291897,8034137,7104669,1931108,8391017}'::integer[]))

for update-inlist
table 1 : explain UPDATE sbtest1 set c=7 WHERE id IN ( 8803865, 50832, 2751334, 2843015, 1049938, 2571232, 9544346, 1495444, 9942338, 6696198)
	Update on sbtest1  (cost=0.43..48.53 rows=0 width=0)
	  ->  Index Scan using sbtest1_pkey on sbtest1  (cost=0.43..48.53 rows=10 width=490)
	        Index Cond: (id = ANY ('{8803865,50832,2751334,2843015,1049938,2571232,9544346,1495444,9942338,6696198}'::integer[]))

table 2 : explain UPDATE sbtest2 set c=7 WHERE id IN ( 8803865, 50832, 2751334, 2843015, 1049938, 2571232, 9544346, 1495444, 9942338, 6696198)
	Update on sbtest2  (cost=0.43..48.53 rows=0 width=0)
	  ->  Index Scan using sbtest2_pkey on sbtest2  (cost=0.43..48.53 rows=10 width=490)
	        Index Cond: (id = ANY ('{8803865,50832,2751334,2843015,1049938,2571232,9544346,1495444,9942338,6696198}'::integer[]))

table 3 : explain UPDATE sbtest3 set c=7 WHERE id IN ( 8803865, 50832, 2751334, 2843015, 1049938, 2571232, 9544346, 1495444, 9942338, 6696198)
	Update on sbtest3  (cost=0.43..48.53 rows=0 width=0)
	  ->  Index Scan using sbtest3_pkey on sbtest3  (cost=0.43..48.53 rows=10 width=490)
	        Index Cond: (id = ANY ('{8803865,50832,2751334,2843015,1049938,2571232,9544346,1495444,9942338,6696198}'::integer[]))

table 4 : explain UPDATE sbtest4 set c=7 WHERE id IN ( 8803865, 50832, 2751334, 2843015, 1049938, 2571232, 9544346, 1495444, 9942338, 6696198)
	Update on sbtest4  (cost=0.43..48.53 rows=0 width=0)
	  ->  Index Scan using sbtest4_pkey on sbtest4  (cost=0.43..48.53 rows=10 width=490)
	        Index Cond: (id = ANY ('{8803865,50832,2751334,2843015,1049938,2571232,9544346,1495444,9942338,6696198}'::integer[]))

table 5 : explain UPDATE sbtest5 set c=7 WHERE id IN ( 8803865, 50832, 2751334, 2843015, 1049938, 2571232, 9544346, 1495444, 9942338, 6696198)
	Update on sbtest5  (cost=0.43..48.53 rows=0 width=0)
	  ->  Index Scan using sbtest5_pkey on sbtest5  (cost=0.43..48.53 rows=10 width=490)
	        Index Cond: (id = ANY ('{8803865,50832,2751334,2843015,1049938,2571232,9544346,1495444,9942338,6696198}'::integer[]))

table 6 : explain UPDATE sbtest6 set c=7 WHERE id IN ( 8803865, 50832, 2751334, 2843015, 1049938, 2571232, 9544346, 1495444, 9942338, 6696198)
	Update on sbtest6  (cost=0.43..48.53 rows=0 width=0)
	  ->  Index Scan using sbtest6_pkey on sbtest6  (cost=0.43..48.53 rows=10 width=490)
	        Index Cond: (id = ANY ('{8803865,50832,2751334,2843015,1049938,2571232,9544346,1495444,9942338,6696198}'::integer[]))

table 7 : explain UPDATE sbtest7 set c=7 WHERE id IN ( 8803865, 50832, 2751334, 2843015, 1049938, 2571232, 9544346, 1495444, 9942338, 6696198)
	Update on sbtest7  (cost=0.43..48.53 rows=0 width=0)
	  ->  Index Scan using sbtest7_pkey on sbtest7  (cost=0.43..48.53 rows=10 width=490)
	        Index Cond: (id = ANY ('{8803865,50832,2751334,2843015,1049938,2571232,9544346,1495444,9942338,6696198}'::integer[]))

table 8 : explain UPDATE sbtest8 set c=7 WHERE id IN ( 8803865, 50832, 2751334, 2843015, 1049938, 2571232, 9544346, 1495444, 9942338, 6696198)
	Update on sbtest8  (cost=0.43..48.53 rows=0 width=0)
	  ->  Index Scan using sbtest8_pkey on sbtest8  (cost=0.43..48.53 rows=10 width=490)
	        Index Cond: (id = ANY ('{8803865,50832,2751334,2843015,1049938,2571232,9544346,1495444,9942338,6696198}'::integer[]))

for update-inlist
table 1 : explain UPDATE sbtest1 set c=7 WHERE id IN ( 7392721, 111886, 4460829, 1495741, 198560, 1901677, 2294817, 3302165, 4828559, 1241870)
	Update on sbtest1  (cost=0.43..48.53 rows=0 width=0)
	  ->  Index Scan using sbtest1_pkey on sbtest1  (cost=0.43..48.53 rows=10 width=490)
	        Index Cond: (id = ANY ('{7392721,111886,4460829,1495741,198560,1901677,2294817,3302165,4828559,1241870}'::integer[]))

table 2 : explain UPDATE sbtest2 set c=7 WHERE id IN ( 7392721, 111886, 4460829, 1495741, 198560, 1901677, 2294817, 3302165, 4828559, 1241870)
	Update on sbtest2  (cost=0.43..48.53 rows=0 width=0)
	  ->  Index Scan using sbtest2_pkey on sbtest2  (cost=0.43..48.53 rows=10 width=490)
	        Index Cond: (id = ANY ('{7392721,111886,4460829,1495741,198560,1901677,2294817,3302165,4828559,1241870}'::integer[]))

table 3 : explain UPDATE sbtest3 set c=7 WHERE id IN ( 7392721, 111886, 4460829, 1495741, 198560, 1901677, 2294817, 3302165, 4828559, 1241870)
	Update on sbtest3  (cost=0.43..48.53 rows=0 width=0)
	  ->  Index Scan using sbtest3_pkey on sbtest3  (cost=0.43..48.53 rows=10 width=490)
	        Index Cond: (id = ANY ('{7392721,111886,4460829,1495741,198560,1901677,2294817,3302165,4828559,1241870}'::integer[]))

table 4 : explain UPDATE sbtest4 set c=7 WHERE id IN ( 7392721, 111886, 4460829, 1495741, 198560, 1901677, 2294817, 3302165, 4828559, 1241870)
	Update on sbtest4  (cost=0.43..48.53 rows=0 width=0)
	  ->  Index Scan using sbtest4_pkey on sbtest4  (cost=0.43..48.53 rows=10 width=490)
	        Index Cond: (id = ANY ('{7392721,111886,4460829,1495741,198560,1901677,2294817,3302165,4828559,1241870}'::integer[]))

table 5 : explain UPDATE sbtest5 set c=7 WHERE id IN ( 7392721, 111886, 4460829, 1495741, 198560, 1901677, 2294817, 3302165, 4828559, 1241870)
	Update on sbtest5  (cost=0.43..48.53 rows=0 width=0)
	  ->  Index Scan using sbtest5_pkey on sbtest5  (cost=0.43..48.53 rows=10 width=490)
	        Index Cond: (id = ANY ('{7392721,111886,4460829,1495741,198560,1901677,2294817,3302165,4828559,1241870}'::integer[]))

table 6 : explain UPDATE sbtest6 set c=7 WHERE id IN ( 7392721, 111886, 4460829, 1495741, 198560, 1901677, 2294817, 3302165, 4828559, 1241870)
	Update on sbtest6  (cost=0.43..48.53 rows=0 width=0)
	  ->  Index Scan using sbtest6_pkey on sbtest6  (cost=0.43..48.53 rows=10 width=490)
	        Index Cond: (id = ANY ('{7392721,111886,4460829,1495741,198560,1901677,2294817,3302165,4828559,1241870}'::integer[]))

table 7 : explain UPDATE sbtest7 set c=7 WHERE id IN ( 7392721, 111886, 4460829, 1495741, 198560, 1901677, 2294817, 3302165, 4828559, 1241870)
	Update on sbtest7  (cost=0.43..48.53 rows=0 width=0)
	  ->  Index Scan using sbtest7_pkey on sbtest7  (cost=0.43..48.53 rows=10 width=490)
	        Index Cond: (id = ANY ('{7392721,111886,4460829,1495741,198560,1901677,2294817,3302165,4828559,1241870}'::integer[]))

table 8 : explain UPDATE sbtest8 set c=7 WHERE id IN ( 7392721, 111886, 4460829, 1495741, 198560, 1901677, 2294817, 3302165, 4828559, 1241870)
	Update on sbtest8  (cost=0.43..48.53 rows=0 width=0)
	  ->  Index Scan using sbtest8_pkey on sbtest8  (cost=0.43..48.53 rows=10 width=490)
	        Index Cond: (id = ANY ('{7392721,111886,4460829,1495741,198560,1901677,2294817,3302165,4828559,1241870}'::integer[]))

for update-inlist
table 1 : explain UPDATE sbtest1 set c=7 WHERE id IN ( 2635487, 7058256, 9612164, 9365681, 6336751, 4916610, 6332092, 2537102, 7733158, 9860089)
	Update on sbtest1  (cost=0.43..48.53 rows=0 width=0)
	  ->  Index Scan using sbtest1_pkey on sbtest1  (cost=0.43..48.53 rows=10 width=490)
	        Index Cond: (id = ANY ('{2635487,7058256,9612164,9365681,6336751,4916610,6332092,2537102,7733158,9860089}'::integer[]))

table 2 : explain UPDATE sbtest2 set c=7 WHERE id IN ( 2635487, 7058256, 9612164, 9365681, 6336751, 4916610, 6332092, 2537102, 7733158, 9860089)
	Update on sbtest2  (cost=0.43..48.53 rows=0 width=0)
	  ->  Index Scan using sbtest2_pkey on sbtest2  (cost=0.43..48.53 rows=10 width=490)
	        Index Cond: (id = ANY ('{2635487,7058256,9612164,9365681,6336751,4916610,6332092,2537102,7733158,9860089}'::integer[]))

table 3 : explain UPDATE sbtest3 set c=7 WHERE id IN ( 2635487, 7058256, 9612164, 9365681, 6336751, 4916610, 6332092, 2537102, 7733158, 9860089)
	Update on sbtest3  (cost=0.43..48.53 rows=0 width=0)
	  ->  Index Scan using sbtest3_pkey on sbtest3  (cost=0.43..48.53 rows=10 width=490)
	        Index Cond: (id = ANY ('{2635487,7058256,9612164,9365681,6336751,4916610,6332092,2537102,7733158,9860089}'::integer[]))

table 4 : explain UPDATE sbtest4 set c=7 WHERE id IN ( 2635487, 7058256, 9612164, 9365681, 6336751, 4916610, 6332092, 2537102, 7733158, 9860089)
	Update on sbtest4  (cost=0.43..48.53 rows=0 width=0)
	  ->  Index Scan using sbtest4_pkey on sbtest4  (cost=0.43..48.53 rows=10 width=490)
	        Index Cond: (id = ANY ('{2635487,7058256,9612164,9365681,6336751,4916610,6332092,2537102,7733158,9860089}'::integer[]))

table 5 : explain UPDATE sbtest5 set c=7 WHERE id IN ( 2635487, 7058256, 9612164, 9365681, 6336751, 4916610, 6332092, 2537102, 7733158, 9860089)
	Update on sbtest5  (cost=0.43..48.53 rows=0 width=0)
	  ->  Index Scan using sbtest5_pkey on sbtest5  (cost=0.43..48.53 rows=10 width=490)
	        Index Cond: (id = ANY ('{2635487,7058256,9612164,9365681,6336751,4916610,6332092,2537102,7733158,9860089}'::integer[]))

table 6 : explain UPDATE sbtest6 set c=7 WHERE id IN ( 2635487, 7058256, 9612164, 9365681, 6336751, 4916610, 6332092, 2537102, 7733158, 9860089)
	Update on sbtest6  (cost=0.43..48.53 rows=0 width=0)
	  ->  Index Scan using sbtest6_pkey on sbtest6  (cost=0.43..48.53 rows=10 width=490)
	        Index Cond: (id = ANY ('{2635487,7058256,9612164,9365681,6336751,4916610,6332092,2537102,7733158,9860089}'::integer[]))

table 7 : explain UPDATE sbtest7 set c=7 WHERE id IN ( 2635487, 7058256, 9612164, 9365681, 6336751, 4916610, 6332092, 2537102, 7733158, 9860089)
	Update on sbtest7  (cost=0.43..48.53 rows=0 width=0)
	  ->  Index Scan using sbtest7_pkey on sbtest7  (cost=0.43..48.53 rows=10 width=490)
	        Index Cond: (id = ANY ('{2635487,7058256,9612164,9365681,6336751,4916610,6332092,2537102,7733158,9860089}'::integer[]))

table 8 : explain UPDATE sbtest8 set c=7 WHERE id IN ( 2635487, 7058256, 9612164, 9365681, 6336751, 4916610, 6332092, 2537102, 7733158, 9860089)
	Update on sbtest8  (cost=0.43..48.53 rows=0 width=0)
	  ->  Index Scan using sbtest8_pkey on sbtest8  (cost=0.43..48.53 rows=10 width=490)
	        Index Cond: (id = ANY ('{2635487,7058256,9612164,9365681,6336751,4916610,6332092,2537102,7733158,9860089}'::integer[]))

explain: for update-inlist :: explain UPDATE sbtest%d set c=7 WHERE id IN ( 9881935, 6144450, 6482497, 8116890, 3397527, 8522547, 3654016, 2841336, 824588, 9012937)
explain: for update-inlist :: explain UPDATE sbtest%d set c=7 WHERE id IN ( 3775052, 8392075, 374108, 3674491, 9621126, 8343843, 5464191, 8708245, 6421790, 3890458)
for update-inlist
table 1 : explain UPDATE sbtest1 set c=7 WHERE id IN ( 9881935, 6144450, 6482497, 8116890, 3397527, 8522547, 3654016, 2841336, 824588, 9012937)
	Update on sbtest1  (cost=0.43..48.53 rows=0 width=0)
	  ->  Index Scan using sbtest1_pkey on sbtest1  (cost=0.43..48.53 rows=10 width=490)
	        Index Cond: (id = ANY ('{9881935,6144450,6482497,8116890,3397527,8522547,3654016,2841336,824588,9012937}'::integer[]))

table 2 : explain UPDATE sbtest2 set c=7 WHERE id IN ( 9881935, 6144450, 6482497, 8116890, 3397527, 8522547, 3654016, 2841336, 824588, 9012937)
	Update on sbtest2  (cost=0.43..48.53 rows=0 width=0)
	  ->  Index Scan using sbtest2_pkey on sbtest2  (cost=0.43..48.53 rows=10 width=490)
	        Index Cond: (id = ANY ('{9881935,6144450,6482497,8116890,3397527,8522547,3654016,2841336,824588,9012937}'::integer[]))

table 3 : explain UPDATE sbtest3 set c=7 WHERE id IN ( 9881935, 6144450, 6482497, 8116890, 3397527, 8522547, 3654016, 2841336, 824588, 9012937)
	Update on sbtest3  (cost=0.43..48.53 rows=0 width=0)
	  ->  Index Scan using sbtest3_pkey on sbtest3  (cost=0.43..48.53 rows=10 width=490)
	        Index Cond: (id = ANY ('{9881935,6144450,6482497,8116890,3397527,8522547,3654016,2841336,824588,9012937}'::integer[]))

table 4 : explain UPDATE sbtest4 set c=7 WHERE id IN ( 9881935, 6144450, 6482497, 8116890, 3397527, 8522547, 3654016, 2841336, 824588, 9012937)
	Update on sbtest4  (cost=0.43..48.53 rows=0 width=0)
	  ->  Index Scan using sbtest4_pkey on sbtest4  (cost=0.43..48.53 rows=10 width=490)
	        Index Cond: (id = ANY ('{9881935,6144450,6482497,8116890,3397527,8522547,3654016,2841336,824588,9012937}'::integer[]))

table 5 : explain UPDATE sbtest5 set c=7 WHERE id IN ( 9881935, 6144450, 6482497, 8116890, 3397527, 8522547, 3654016, 2841336, 824588, 9012937)
	Update on sbtest5  (cost=0.43..48.53 rows=0 width=0)
	  ->  Index Scan using sbtest5_pkey on sbtest5  (cost=0.43..48.53 rows=10 width=490)
	        Index Cond: (id = ANY ('{9881935,6144450,6482497,8116890,3397527,8522547,3654016,2841336,824588,9012937}'::integer[]))

table 6 : explain UPDATE sbtest6 set c=7 WHERE id IN ( 9881935, 6144450, 6482497, 8116890, 3397527, 8522547, 3654016, 2841336, 824588, 9012937)
	Update on sbtest6  (cost=0.43..48.53 rows=0 width=0)
	  ->  Index Scan using sbtest6_pkey on sbtest6  (cost=0.43..48.53 rows=10 width=490)
	        Index Cond: (id = ANY ('{9881935,6144450,6482497,8116890,3397527,8522547,3654016,2841336,824588,9012937}'::integer[]))

table 7 : explain UPDATE sbtest7 set c=7 WHERE id IN ( 9881935, 6144450, 6482497, 8116890, 3397527, 8522547, 3654016, 2841336, 824588, 9012937)
	Update on sbtest7  (cost=0.43..48.53 rows=0 width=0)
	  ->  Index Scan using sbtest7_pkey on sbtest7  (cost=0.43..48.53 rows=10 width=490)
	        Index Cond: (id = ANY ('{9881935,6144450,6482497,8116890,3397527,8522547,3654016,2841336,824588,9012937}'::integer[]))

table 8 : explain UPDATE sbtest8 set c=7 WHERE id IN ( 9881935, 6144450, 6482497, 8116890, 3397527, 8522547, 3654016, 2841336, 824588, 9012937)
	Update on sbtest8  (cost=0.43..48.53 rows=0 width=0)
	  ->  Index Scan using sbtest8_pkey on sbtest8  (cost=0.43..48.53 rows=10 width=490)
	        Index Cond: (id = ANY ('{9881935,6144450,6482497,8116890,3397527,8522547,3654016,2841336,824588,9012937}'::integer[]))

for update-inlist
table 1 : explain UPDATE sbtest1 set c=7 WHERE id IN ( 3775052, 8392075, 374108, 3674491, 9621126, 8343843, 5464191, 8708245, 6421790, 3890458)
	Update on sbtest1  (cost=0.43..48.53 rows=0 width=0)
	  ->  Index Scan using sbtest1_pkey on sbtest1  (cost=0.43..48.53 rows=10 width=490)
	        Index Cond: (id = ANY ('{3775052,8392075,374108,3674491,9621126,8343843,5464191,8708245,6421790,3890458}'::integer[]))

table 2 : explain UPDATE sbtest2 set c=7 WHERE id IN ( 3775052, 8392075, 374108, 3674491, 9621126, 8343843, 5464191, 8708245, 6421790, 3890458)
	Update on sbtest2  (cost=0.43..48.53 rows=0 width=0)
	  ->  Index Scan using sbtest2_pkey on sbtest2  (cost=0.43..48.53 rows=10 width=490)
	        Index Cond: (id = ANY ('{3775052,8392075,374108,3674491,9621126,8343843,5464191,8708245,6421790,3890458}'::integer[]))

table 3 : explain UPDATE sbtest3 set c=7 WHERE id IN ( 3775052, 8392075, 374108, 3674491, 9621126, 8343843, 5464191, 8708245, 6421790, 3890458)
	Update on sbtest3  (cost=0.43..48.53 rows=0 width=0)
	  ->  Index Scan using sbtest3_pkey on sbtest3  (cost=0.43..48.53 rows=10 width=490)
	        Index Cond: (id = ANY ('{3775052,8392075,374108,3674491,9621126,8343843,5464191,8708245,6421790,3890458}'::integer[]))

table 4 : explain UPDATE sbtest4 set c=7 WHERE id IN ( 3775052, 8392075, 374108, 3674491, 9621126, 8343843, 5464191, 8708245, 6421790, 3890458)
	Update on sbtest4  (cost=0.43..48.53 rows=0 width=0)
	  ->  Index Scan using sbtest4_pkey on sbtest4  (cost=0.43..48.53 rows=10 width=490)
	        Index Cond: (id = ANY ('{3775052,8392075,374108,3674491,9621126,8343843,5464191,8708245,6421790,3890458}'::integer[]))

table 5 : explain UPDATE sbtest5 set c=7 WHERE id IN ( 3775052, 8392075, 374108, 3674491, 9621126, 8343843, 5464191, 8708245, 6421790, 3890458)
	Update on sbtest5  (cost=0.43..48.53 rows=0 width=0)
	  ->  Index Scan using sbtest5_pkey on sbtest5  (cost=0.43..48.53 rows=10 width=490)
	        Index Cond: (id = ANY ('{3775052,8392075,374108,3674491,9621126,8343843,5464191,8708245,6421790,3890458}'::integer[]))

table 6 : explain UPDATE sbtest6 set c=7 WHERE id IN ( 3775052, 8392075, 374108, 3674491, 9621126, 8343843, 5464191, 8708245, 6421790, 3890458)
	Update on sbtest6  (cost=0.43..48.53 rows=0 width=0)
	  ->  Index Scan using sbtest6_pkey on sbtest6  (cost=0.43..48.53 rows=10 width=490)
	        Index Cond: (id = ANY ('{3775052,8392075,374108,3674491,9621126,8343843,5464191,8708245,6421790,3890458}'::integer[]))

table 7 : explain UPDATE sbtest7 set c=7 WHERE id IN ( 3775052, 8392075, 374108, 3674491, 9621126, 8343843, 5464191, 8708245, 6421790, 3890458)
	Update on sbtest7  (cost=0.43..48.53 rows=0 width=0)
	  ->  Index Scan using sbtest7_pkey on sbtest7  (cost=0.43..48.53 rows=10 width=490)
	        Index Cond: (id = ANY ('{3775052,8392075,374108,3674491,9621126,8343843,5464191,8708245,6421790,3890458}'::integer[]))

table 8 : explain UPDATE sbtest8 set c=7 WHERE id IN ( 3775052, 8392075, 374108, 3674491, 9621126, 8343843, 5464191, 8708245, 6421790, 3890458)
	Update on sbtest8  (cost=0.43..48.53 rows=0 width=0)
	  ->  Index Scan using sbtest8_pkey on sbtest8  (cost=0.43..48.53 rows=10 width=490)
	        Index Cond: (id = ANY ('{3775052,8392075,374108,3674491,9621126,8343843,5464191,8708245,6421790,3890458}'::integer[]))

explain: for update-inlist :: explain UPDATE sbtest%d set c=7 WHERE id IN ( 370538, 9305793, 7851088, 7074327, 2405977, 1924715, 3999349, 9348149, 6306942, 8486907)
explain: for update-inlist :: explain UPDATE sbtest%d set c=7 WHERE id IN ( 6911594, 881278, 674070, 1234426, 1690919, 2625406, 8241306, 5349213, 1320145, 6046423)
for update-inlist
table 1 : explain UPDATE sbtest1 set c=7 WHERE id IN ( 370538, 9305793, 7851088, 7074327, 2405977, 1924715, 3999349, 9348149, 6306942, 8486907)
	Update on sbtest1  (cost=0.43..48.53 rows=0 width=0)
	  ->  Index Scan using sbtest1_pkey on sbtest1  (cost=0.43..48.53 rows=10 width=490)
	        Index Cond: (id = ANY ('{370538,9305793,7851088,7074327,2405977,1924715,3999349,9348149,6306942,8486907}'::integer[]))

table 2 : explain UPDATE sbtest2 set c=7 WHERE id IN ( 370538, 9305793, 7851088, 7074327, 2405977, 1924715, 3999349, 9348149, 6306942, 8486907)
	Update on sbtest2  (cost=0.43..48.53 rows=0 width=0)
	  ->  Index Scan using sbtest2_pkey on sbtest2  (cost=0.43..48.53 rows=10 width=490)
	        Index Cond: (id = ANY ('{370538,9305793,7851088,7074327,2405977,1924715,3999349,9348149,6306942,8486907}'::integer[]))

table 3 : explain UPDATE sbtest3 set c=7 WHERE id IN ( 370538, 9305793, 7851088, 7074327, 2405977, 1924715, 3999349, 9348149, 6306942, 8486907)
	Update on sbtest3  (cost=0.43..48.53 rows=0 width=0)
	  ->  Index Scan using sbtest3_pkey on sbtest3  (cost=0.43..48.53 rows=10 width=490)
	        Index Cond: (id = ANY ('{370538,9305793,7851088,7074327,2405977,1924715,3999349,9348149,6306942,8486907}'::integer[]))

table 4 : explain UPDATE sbtest4 set c=7 WHERE id IN ( 370538, 9305793, 7851088, 7074327, 2405977, 1924715, 3999349, 9348149, 6306942, 8486907)
	Update on sbtest4  (cost=0.43..48.53 rows=0 width=0)
	  ->  Index Scan using sbtest4_pkey on sbtest4  (cost=0.43..48.53 rows=10 width=490)
	        Index Cond: (id = ANY ('{370538,9305793,7851088,7074327,2405977,1924715,3999349,9348149,6306942,8486907}'::integer[]))

table 5 : explain UPDATE sbtest5 set c=7 WHERE id IN ( 370538, 9305793, 7851088, 7074327, 2405977, 1924715, 3999349, 9348149, 6306942, 8486907)
	Update on sbtest5  (cost=0.43..48.53 rows=0 width=0)
	  ->  Index Scan using sbtest5_pkey on sbtest5  (cost=0.43..48.53 rows=10 width=490)
	        Index Cond: (id = ANY ('{370538,9305793,7851088,7074327,2405977,1924715,3999349,9348149,6306942,8486907}'::integer[]))

table 6 : explain UPDATE sbtest6 set c=7 WHERE id IN ( 370538, 9305793, 7851088, 7074327, 2405977, 1924715, 3999349, 9348149, 6306942, 8486907)
	Update on sbtest6  (cost=0.43..48.53 rows=0 width=0)
	  ->  Index Scan using sbtest6_pkey on sbtest6  (cost=0.43..48.53 rows=10 width=490)
	        Index Cond: (id = ANY ('{370538,9305793,7851088,7074327,2405977,1924715,3999349,9348149,6306942,8486907}'::integer[]))

table 7 : explain UPDATE sbtest7 set c=7 WHERE id IN ( 370538, 9305793, 7851088, 7074327, 2405977, 1924715, 3999349, 9348149, 6306942, 8486907)
	Update on sbtest7  (cost=0.43..48.53 rows=0 width=0)
	  ->  Index Scan using sbtest7_pkey on sbtest7  (cost=0.43..48.53 rows=10 width=490)
	        Index Cond: (id = ANY ('{370538,9305793,7851088,7074327,2405977,1924715,3999349,9348149,6306942,8486907}'::integer[]))

table 8 : explain UPDATE sbtest8 set c=7 WHERE id IN ( 370538, 9305793, 7851088, 7074327, 2405977, 1924715, 3999349, 9348149, 6306942, 8486907)
	Update on sbtest8  (cost=0.43..48.53 rows=0 width=0)
	  ->  Index Scan using sbtest8_pkey on sbtest8  (cost=0.43..48.53 rows=10 width=490)
	        Index Cond: (id = ANY ('{370538,9305793,7851088,7074327,2405977,1924715,3999349,9348149,6306942,8486907}'::integer[]))

explain: for update-inlist :: explain UPDATE sbtest%d set c=7 WHERE id IN ( 5670603, 7544356, 8146748, 9194606, 5249022, 7273665, 6761714, 2563033, 785229, 4853776)
for update-inlist
table 1 : explain UPDATE sbtest1 set c=7 WHERE id IN ( 6911594, 881278, 674070, 1234426, 1690919, 2625406, 8241306, 5349213, 1320145, 6046423)
	Update on sbtest1  (cost=0.43..48.53 rows=0 width=0)
	  ->  Index Scan using sbtest1_pkey on sbtest1  (cost=0.43..48.53 rows=10 width=490)
	        Index Cond: (id = ANY ('{6911594,881278,674070,1234426,1690919,2625406,8241306,5349213,1320145,6046423}'::integer[]))

table 2 : explain UPDATE sbtest2 set c=7 WHERE id IN ( 6911594, 881278, 674070, 1234426, 1690919, 2625406, 8241306, 5349213, 1320145, 6046423)
	Update on sbtest2  (cost=0.43..48.53 rows=0 width=0)
	  ->  Index Scan using sbtest2_pkey on sbtest2  (cost=0.43..48.53 rows=10 width=490)
	        Index Cond: (id = ANY ('{6911594,881278,674070,1234426,1690919,2625406,8241306,5349213,1320145,6046423}'::integer[]))

table 3 : explain UPDATE sbtest3 set c=7 WHERE id IN ( 6911594, 881278, 674070, 1234426, 1690919, 2625406, 8241306, 5349213, 1320145, 6046423)
	Update on sbtest3  (cost=0.43..48.53 rows=0 width=0)
	  ->  Index Scan using sbtest3_pkey on sbtest3  (cost=0.43..48.53 rows=10 width=490)
	        Index Cond: (id = ANY ('{6911594,881278,674070,1234426,1690919,2625406,8241306,5349213,1320145,6046423}'::integer[]))

table 4 : explain UPDATE sbtest4 set c=7 WHERE id IN ( 6911594, 881278, 674070, 1234426, 1690919, 2625406, 8241306, 5349213, 1320145, 6046423)
	Update on sbtest4  (cost=0.43..48.53 rows=0 width=0)
	  ->  Index Scan using sbtest4_pkey on sbtest4  (cost=0.43..48.53 rows=10 width=490)
	        Index Cond: (id = ANY ('{6911594,881278,674070,1234426,1690919,2625406,8241306,5349213,1320145,6046423}'::integer[]))

table 5 : explain UPDATE sbtest5 set c=7 WHERE id IN ( 6911594, 881278, 674070, 1234426, 1690919, 2625406, 8241306, 5349213, 1320145, 6046423)
	Update on sbtest5  (cost=0.43..48.53 rows=0 width=0)
	  ->  Index Scan using sbtest5_pkey on sbtest5  (cost=0.43..48.53 rows=10 width=490)
	        Index Cond: (id = ANY ('{6911594,881278,674070,1234426,1690919,2625406,8241306,5349213,1320145,6046423}'::integer[]))

table 6 : explain UPDATE sbtest6 set c=7 WHERE id IN ( 6911594, 881278, 674070, 1234426, 1690919, 2625406, 8241306, 5349213, 1320145, 6046423)
	Update on sbtest6  (cost=0.43..48.53 rows=0 width=0)
	  ->  Index Scan using sbtest6_pkey on sbtest6  (cost=0.43..48.53 rows=10 width=490)
	        Index Cond: (id = ANY ('{6911594,881278,674070,1234426,1690919,2625406,8241306,5349213,1320145,6046423}'::integer[]))

table 7 : explain UPDATE sbtest7 set c=7 WHERE id IN ( 6911594, 881278, 674070, 1234426, 1690919, 2625406, 8241306, 5349213, 1320145, 6046423)
	Update on sbtest7  (cost=0.43..48.53 rows=0 width=0)
	  ->  Index Scan using sbtest7_pkey on sbtest7  (cost=0.43..48.53 rows=10 width=490)
	        Index Cond: (id = ANY ('{6911594,881278,674070,1234426,1690919,2625406,8241306,5349213,1320145,6046423}'::integer[]))

table 8 : explain UPDATE sbtest8 set c=7 WHERE id IN ( 6911594, 881278, 674070, 1234426, 1690919, 2625406, 8241306, 5349213, 1320145, 6046423)
	Update on sbtest8  (cost=0.43..48.53 rows=0 width=0)
	  ->  Index Scan using sbtest8_pkey on sbtest8  (cost=0.43..48.53 rows=10 width=490)
	        Index Cond: (id = ANY ('{6911594,881278,674070,1234426,1690919,2625406,8241306,5349213,1320145,6046423}'::integer[]))

explain: for update-inlist :: explain UPDATE sbtest%d set c=7 WHERE id IN ( 2694151, 7030987, 2964287, 9494510, 7625027, 6195211, 4775751, 3570500, 5151349, 5442031)
explain: for update-inlist :: explain UPDATE sbtest%d set c=7 WHERE id IN ( 3139071, 1214539, 771251, 5407661, 9537187, 8198211, 8283590, 1351972, 2464339, 249582)
for update-inlist
table 1 : explain UPDATE sbtest1 set c=7 WHERE id IN ( 5670603, 7544356, 8146748, 9194606, 5249022, 7273665, 6761714, 2563033, 785229, 4853776)
	Update on sbtest1  (cost=0.43..48.53 rows=0 width=0)
	  ->  Index Scan using sbtest1_pkey on sbtest1  (cost=0.43..48.53 rows=10 width=490)
	        Index Cond: (id = ANY ('{5670603,7544356,8146748,9194606,5249022,7273665,6761714,2563033,785229,4853776}'::integer[]))

table 2 : explain UPDATE sbtest2 set c=7 WHERE id IN ( 5670603, 7544356, 8146748, 9194606, 5249022, 7273665, 6761714, 2563033, 785229, 4853776)
	Update on sbtest2  (cost=0.43..48.53 rows=0 width=0)
	  ->  Index Scan using sbtest2_pkey on sbtest2  (cost=0.43..48.53 rows=10 width=490)
	        Index Cond: (id = ANY ('{5670603,7544356,8146748,9194606,5249022,7273665,6761714,2563033,785229,4853776}'::integer[]))

table 3 : explain UPDATE sbtest3 set c=7 WHERE id IN ( 5670603, 7544356, 8146748, 9194606, 5249022, 7273665, 6761714, 2563033, 785229, 4853776)
	Update on sbtest3  (cost=0.43..48.53 rows=0 width=0)
	  ->  Index Scan using sbtest3_pkey on sbtest3  (cost=0.43..48.53 rows=10 width=490)
	        Index Cond: (id = ANY ('{5670603,7544356,8146748,9194606,5249022,7273665,6761714,2563033,785229,4853776}'::integer[]))

table 4 : explain UPDATE sbtest4 set c=7 WHERE id IN ( 5670603, 7544356, 8146748, 9194606, 5249022, 7273665, 6761714, 2563033, 785229, 4853776)
	Update on sbtest4  (cost=0.43..48.53 rows=0 width=0)
	  ->  Index Scan using sbtest4_pkey on sbtest4  (cost=0.43..48.53 rows=10 width=490)
	        Index Cond: (id = ANY ('{5670603,7544356,8146748,9194606,5249022,7273665,6761714,2563033,785229,4853776}'::integer[]))

table 5 : explain UPDATE sbtest5 set c=7 WHERE id IN ( 5670603, 7544356, 8146748, 9194606, 5249022, 7273665, 6761714, 2563033, 785229, 4853776)
	Update on sbtest5  (cost=0.43..48.53 rows=0 width=0)
	  ->  Index Scan using sbtest5_pkey on sbtest5  (cost=0.43..48.53 rows=10 width=490)
	        Index Cond: (id = ANY ('{5670603,7544356,8146748,9194606,5249022,7273665,6761714,2563033,785229,4853776}'::integer[]))

table 6 : explain UPDATE sbtest6 set c=7 WHERE id IN ( 5670603, 7544356, 8146748, 9194606, 5249022, 7273665, 6761714, 2563033, 785229, 4853776)
	Update on sbtest6  (cost=0.43..48.53 rows=0 width=0)
	  ->  Index Scan using sbtest6_pkey on sbtest6  (cost=0.43..48.53 rows=10 width=490)
	        Index Cond: (id = ANY ('{5670603,7544356,8146748,9194606,5249022,7273665,6761714,2563033,785229,4853776}'::integer[]))

table 7 : explain UPDATE sbtest7 set c=7 WHERE id IN ( 5670603, 7544356, 8146748, 9194606, 5249022, 7273665, 6761714, 2563033, 785229, 4853776)
	Update on sbtest7  (cost=0.43..48.53 rows=0 width=0)
	  ->  Index Scan using sbtest7_pkey on sbtest7  (cost=0.43..48.53 rows=10 width=490)
	        Index Cond: (id = ANY ('{5670603,7544356,8146748,9194606,5249022,7273665,6761714,2563033,785229,4853776}'::integer[]))

table 8 : explain UPDATE sbtest8 set c=7 WHERE id IN ( 5670603, 7544356, 8146748, 9194606, 5249022, 7273665, 6761714, 2563033, 785229, 4853776)
	Update on sbtest8  (cost=0.43..48.53 rows=0 width=0)
	  ->  Index Scan using sbtest8_pkey on sbtest8  (cost=0.43..48.53 rows=10 width=490)
	        Index Cond: (id = ANY ('{5670603,7544356,8146748,9194606,5249022,7273665,6761714,2563033,785229,4853776}'::integer[]))

explain: for update-inlist :: explain UPDATE sbtest%d set c=7 WHERE id IN ( 8552431, 2266587, 3757830, 7359321, 7673427, 6713447, 4106995, 5987134, 8205655, 2525336)
explain: for update-inlist :: explain UPDATE sbtest%d set c=7 WHERE id IN ( 8130963, 2560108, 851610, 6774363, 2459573, 3130566, 1021773, 3079781, 746438, 7734761)
explain: for update-inlist :: explain UPDATE sbtest%d set c=7 WHERE id IN ( 6365613, 6236145, 1885045, 5740262, 589077, 1948365, 889011, 1044652, 4767702, 1376579)
explain: for update-inlist :: explain UPDATE sbtest%d set c=7 WHERE id IN ( 5761286, 5909353, 85149, 1276720, 9461830, 8346625, 750072, 2139069, 943933, 8381585)
for update-inlist
table 1 : explain UPDATE sbtest1 set c=7 WHERE id IN ( 3139071, 1214539, 771251, 5407661, 9537187, 8198211, 8283590, 1351972, 2464339, 249582)
	Update on sbtest1  (cost=0.43..48.53 rows=0 width=0)
	  ->  Index Scan using sbtest1_pkey on sbtest1  (cost=0.43..48.53 rows=10 width=490)
	        Index Cond: (id = ANY ('{3139071,1214539,771251,5407661,9537187,8198211,8283590,1351972,2464339,249582}'::integer[]))

table 2 : explain UPDATE sbtest2 set c=7 WHERE id IN ( 3139071, 1214539, 771251, 5407661, 9537187, 8198211, 8283590, 1351972, 2464339, 249582)
	Update on sbtest2  (cost=0.43..48.53 rows=0 width=0)
	  ->  Index Scan using sbtest2_pkey on sbtest2  (cost=0.43..48.53 rows=10 width=490)
	        Index Cond: (id = ANY ('{3139071,1214539,771251,5407661,9537187,8198211,8283590,1351972,2464339,249582}'::integer[]))

table 3 : explain UPDATE sbtest3 set c=7 WHERE id IN ( 3139071, 1214539, 771251, 5407661, 9537187, 8198211, 8283590, 1351972, 2464339, 249582)
	Update on sbtest3  (cost=0.43..48.53 rows=0 width=0)
	  ->  Index Scan using sbtest3_pkey on sbtest3  (cost=0.43..48.53 rows=10 width=490)
	        Index Cond: (id = ANY ('{3139071,1214539,771251,5407661,9537187,8198211,8283590,1351972,2464339,249582}'::integer[]))

table 4 : explain UPDATE sbtest4 set c=7 WHERE id IN ( 3139071, 1214539, 771251, 5407661, 9537187, 8198211, 8283590, 1351972, 2464339, 249582)
	Update on sbtest4  (cost=0.43..48.53 rows=0 width=0)
	  ->  Index Scan using sbtest4_pkey on sbtest4  (cost=0.43..48.53 rows=10 width=490)
	        Index Cond: (id = ANY ('{3139071,1214539,771251,5407661,9537187,8198211,8283590,1351972,2464339,249582}'::integer[]))

table 5 : explain UPDATE sbtest5 set c=7 WHERE id IN ( 3139071, 1214539, 771251, 5407661, 9537187, 8198211, 8283590, 1351972, 2464339, 249582)
	Update on sbtest5  (cost=0.43..48.53 rows=0 width=0)
	  ->  Index Scan using sbtest5_pkey on sbtest5  (cost=0.43..48.53 rows=10 width=490)
	        Index Cond: (id = ANY ('{3139071,1214539,771251,5407661,9537187,8198211,8283590,1351972,2464339,249582}'::integer[]))

table 6 : explain UPDATE sbtest6 set c=7 WHERE id IN ( 3139071, 1214539, 771251, 5407661, 9537187, 8198211, 8283590, 1351972, 2464339, 249582)
	Update on sbtest6  (cost=0.43..48.53 rows=0 width=0)
	  ->  Index Scan using sbtest6_pkey on sbtest6  (cost=0.43..48.53 rows=10 width=490)
	        Index Cond: (id = ANY ('{3139071,1214539,771251,5407661,9537187,8198211,8283590,1351972,2464339,249582}'::integer[]))

table 7 : explain UPDATE sbtest7 set c=7 WHERE id IN ( 3139071, 1214539, 771251, 5407661, 9537187, 8198211, 8283590, 1351972, 2464339, 249582)
	Update on sbtest7  (cost=0.43..48.53 rows=0 width=0)
	  ->  Index Scan using sbtest7_pkey on sbtest7  (cost=0.43..48.53 rows=10 width=490)
	        Index Cond: (id = ANY ('{3139071,1214539,771251,5407661,9537187,8198211,8283590,1351972,2464339,249582}'::integer[]))

table 8 : explain UPDATE sbtest8 set c=7 WHERE id IN ( 3139071, 1214539, 771251, 5407661, 9537187, 8198211, 8283590, 1351972, 2464339, 249582)
	Update on sbtest8  (cost=0.43..48.53 rows=0 width=0)
	  ->  Index Scan using sbtest8_pkey on sbtest8  (cost=0.43..48.53 rows=10 width=490)
	        Index Cond: (id = ANY ('{3139071,1214539,771251,5407661,9537187,8198211,8283590,1351972,2464339,249582}'::integer[]))

for update-inlist
table 1 : explain UPDATE sbtest1 set c=7 WHERE id IN ( 2694151, 7030987, 2964287, 9494510, 7625027, 6195211, 4775751, 3570500, 5151349, 5442031)
	Update on sbtest1  (cost=0.43..48.53 rows=0 width=0)
	  ->  Index Scan using sbtest1_pkey on sbtest1  (cost=0.43..48.53 rows=10 width=490)
	        Index Cond: (id = ANY ('{2694151,7030987,2964287,9494510,7625027,6195211,4775751,3570500,5151349,5442031}'::integer[]))

table 2 : explain UPDATE sbtest2 set c=7 WHERE id IN ( 2694151, 7030987, 2964287, 9494510, 7625027, 6195211, 4775751, 3570500, 5151349, 5442031)
	Update on sbtest2  (cost=0.43..48.53 rows=0 width=0)
	  ->  Index Scan using sbtest2_pkey on sbtest2  (cost=0.43..48.53 rows=10 width=490)
	        Index Cond: (id = ANY ('{2694151,7030987,2964287,9494510,7625027,6195211,4775751,3570500,5151349,5442031}'::integer[]))

table 3 : explain UPDATE sbtest3 set c=7 WHERE id IN ( 2694151, 7030987, 2964287, 9494510, 7625027, 6195211, 4775751, 3570500, 5151349, 5442031)
	Update on sbtest3  (cost=0.43..48.53 rows=0 width=0)
	  ->  Index Scan using sbtest3_pkey on sbtest3  (cost=0.43..48.53 rows=10 width=490)
	        Index Cond: (id = ANY ('{2694151,7030987,2964287,9494510,7625027,6195211,4775751,3570500,5151349,5442031}'::integer[]))

table 4 : explain UPDATE sbtest4 set c=7 WHERE id IN ( 2694151, 7030987, 2964287, 9494510, 7625027, 6195211, 4775751, 3570500, 5151349, 5442031)
	Update on sbtest4  (cost=0.43..48.53 rows=0 width=0)
	  ->  Index Scan using sbtest4_pkey on sbtest4  (cost=0.43..48.53 rows=10 width=490)
	        Index Cond: (id = ANY ('{2694151,7030987,2964287,9494510,7625027,6195211,4775751,3570500,5151349,5442031}'::integer[]))

table 5 : explain UPDATE sbtest5 set c=7 WHERE id IN ( 2694151, 7030987, 2964287, 9494510, 7625027, 6195211, 4775751, 3570500, 5151349, 5442031)
	Update on sbtest5  (cost=0.43..48.53 rows=0 width=0)
	  ->  Index Scan using sbtest5_pkey on sbtest5  (cost=0.43..48.53 rows=10 width=490)
	        Index Cond: (id = ANY ('{2694151,7030987,2964287,9494510,7625027,6195211,4775751,3570500,5151349,5442031}'::integer[]))

table 6 : explain UPDATE sbtest6 set c=7 WHERE id IN ( 2694151, 7030987, 2964287, 9494510, 7625027, 6195211, 4775751, 3570500, 5151349, 5442031)
	Update on sbtest6  (cost=0.43..48.53 rows=0 width=0)
	  ->  Index Scan using sbtest6_pkey on sbtest6  (cost=0.43..48.53 rows=10 width=490)
	        Index Cond: (id = ANY ('{2694151,7030987,2964287,9494510,7625027,6195211,4775751,3570500,5151349,5442031}'::integer[]))

table 7 : explain UPDATE sbtest7 set c=7 WHERE id IN ( 2694151, 7030987, 2964287, 9494510, 7625027, 6195211, 4775751, 3570500, 5151349, 5442031)
	Update on sbtest7  (cost=0.43..48.53 rows=0 width=0)
	  ->  Index Scan using sbtest7_pkey on sbtest7  (cost=0.43..48.53 rows=10 width=490)
	        Index Cond: (id = ANY ('{2694151,7030987,2964287,9494510,7625027,6195211,4775751,3570500,5151349,5442031}'::integer[]))

table 8 : explain UPDATE sbtest8 set c=7 WHERE id IN ( 2694151, 7030987, 2964287, 9494510, 7625027, 6195211, 4775751, 3570500, 5151349, 5442031)
	Update on sbtest8  (cost=0.43..48.53 rows=0 width=0)
	  ->  Index Scan using sbtest8_pkey on sbtest8  (cost=0.43..48.53 rows=10 width=490)
	        Index Cond: (id = ANY ('{2694151,7030987,2964287,9494510,7625027,6195211,4775751,3570500,5151349,5442031}'::integer[]))

for update-inlist
table 1 : explain UPDATE sbtest1 set c=7 WHERE id IN ( 8130963, 2560108, 851610, 6774363, 2459573, 3130566, 1021773, 3079781, 746438, 7734761)
	Update on sbtest1  (cost=0.43..48.53 rows=0 width=0)
	  ->  Index Scan using sbtest1_pkey on sbtest1  (cost=0.43..48.53 rows=10 width=490)
	        Index Cond: (id = ANY ('{8130963,2560108,851610,6774363,2459573,3130566,1021773,3079781,746438,7734761}'::integer[]))

table 2 : explain UPDATE sbtest2 set c=7 WHERE id IN ( 8130963, 2560108, 851610, 6774363, 2459573, 3130566, 1021773, 3079781, 746438, 7734761)
	Update on sbtest2  (cost=0.43..48.53 rows=0 width=0)
	  ->  Index Scan using sbtest2_pkey on sbtest2  (cost=0.43..48.53 rows=10 width=490)
	        Index Cond: (id = ANY ('{8130963,2560108,851610,6774363,2459573,3130566,1021773,3079781,746438,7734761}'::integer[]))

table 3 : explain UPDATE sbtest3 set c=7 WHERE id IN ( 8130963, 2560108, 851610, 6774363, 2459573, 3130566, 1021773, 3079781, 746438, 7734761)
	Update on sbtest3  (cost=0.43..48.53 rows=0 width=0)
	  ->  Index Scan using sbtest3_pkey on sbtest3  (cost=0.43..48.53 rows=10 width=490)
	        Index Cond: (id = ANY ('{8130963,2560108,851610,6774363,2459573,3130566,1021773,3079781,746438,7734761}'::integer[]))

table 4 : explain UPDATE sbtest4 set c=7 WHERE id IN ( 8130963, 2560108, 851610, 6774363, 2459573, 3130566, 1021773, 3079781, 746438, 7734761)
	Update on sbtest4  (cost=0.43..48.53 rows=0 width=0)
	  ->  Index Scan using sbtest4_pkey on sbtest4  (cost=0.43..48.53 rows=10 width=490)
	        Index Cond: (id = ANY ('{8130963,2560108,851610,6774363,2459573,3130566,1021773,3079781,746438,7734761}'::integer[]))

table 5 : explain UPDATE sbtest5 set c=7 WHERE id IN ( 8130963, 2560108, 851610, 6774363, 2459573, 3130566, 1021773, 3079781, 746438, 7734761)
	Update on sbtest5  (cost=0.43..48.53 rows=0 width=0)
	  ->  Index Scan using sbtest5_pkey on sbtest5  (cost=0.43..48.53 rows=10 width=490)
	        Index Cond: (id = ANY ('{8130963,2560108,851610,6774363,2459573,3130566,1021773,3079781,746438,7734761}'::integer[]))

table 6 : explain UPDATE sbtest6 set c=7 WHERE id IN ( 8130963, 2560108, 851610, 6774363, 2459573, 3130566, 1021773, 3079781, 746438, 7734761)
	Update on sbtest6  (cost=0.43..48.53 rows=0 width=0)
	  ->  Index Scan using sbtest6_pkey on sbtest6  (cost=0.43..48.53 rows=10 width=490)
	        Index Cond: (id = ANY ('{8130963,2560108,851610,6774363,2459573,3130566,1021773,3079781,746438,7734761}'::integer[]))

table 7 : explain UPDATE sbtest7 set c=7 WHERE id IN ( 8130963, 2560108, 851610, 6774363, 2459573, 3130566, 1021773, 3079781, 746438, 7734761)
	Update on sbtest7  (cost=0.43..48.53 rows=0 width=0)
	  ->  Index Scan using sbtest7_pkey on sbtest7  (cost=0.43..48.53 rows=10 width=490)
	        Index Cond: (id = ANY ('{8130963,2560108,851610,6774363,2459573,3130566,1021773,3079781,746438,7734761}'::integer[]))

table 8 : explain UPDATE sbtest8 set c=7 WHERE id IN ( 8130963, 2560108, 851610, 6774363, 2459573, 3130566, 1021773, 3079781, 746438, 7734761)
	Update on sbtest8  (cost=0.43..48.53 rows=0 width=0)
	  ->  Index Scan using sbtest8_pkey on sbtest8  (cost=0.43..48.53 rows=10 width=490)
	        Index Cond: (id = ANY ('{8130963,2560108,851610,6774363,2459573,3130566,1021773,3079781,746438,7734761}'::integer[]))

for update-inlist
table 1 : explain UPDATE sbtest1 set c=7 WHERE id IN ( 5761286, 5909353, 85149, 1276720, 9461830, 8346625, 750072, 2139069, 943933, 8381585)
	Update on sbtest1  (cost=0.43..48.53 rows=0 width=0)
	  ->  Index Scan using sbtest1_pkey on sbtest1  (cost=0.43..48.53 rows=10 width=490)
	        Index Cond: (id = ANY ('{5761286,5909353,85149,1276720,9461830,8346625,750072,2139069,943933,8381585}'::integer[]))

table 2 : explain UPDATE sbtest2 set c=7 WHERE id IN ( 5761286, 5909353, 85149, 1276720, 9461830, 8346625, 750072, 2139069, 943933, 8381585)
	Update on sbtest2  (cost=0.43..48.53 rows=0 width=0)
	  ->  Index Scan using sbtest2_pkey on sbtest2  (cost=0.43..48.53 rows=10 width=490)
	        Index Cond: (id = ANY ('{5761286,5909353,85149,1276720,9461830,8346625,750072,2139069,943933,8381585}'::integer[]))

table 3 : explain UPDATE sbtest3 set c=7 WHERE id IN ( 5761286, 5909353, 85149, 1276720, 9461830, 8346625, 750072, 2139069, 943933, 8381585)
	Update on sbtest3  (cost=0.43..48.53 rows=0 width=0)
	  ->  Index Scan using sbtest3_pkey on sbtest3  (cost=0.43..48.53 rows=10 width=490)
	        Index Cond: (id = ANY ('{5761286,5909353,85149,1276720,9461830,8346625,750072,2139069,943933,8381585}'::integer[]))

table 4 : explain UPDATE sbtest4 set c=7 WHERE id IN ( 5761286, 5909353, 85149, 1276720, 9461830, 8346625, 750072, 2139069, 943933, 8381585)
	Update on sbtest4  (cost=0.43..48.53 rows=0 width=0)
	  ->  Index Scan using sbtest4_pkey on sbtest4  (cost=0.43..48.53 rows=10 width=490)
	        Index Cond: (id = ANY ('{5761286,5909353,85149,1276720,9461830,8346625,750072,2139069,943933,8381585}'::integer[]))

table 5 : explain UPDATE sbtest5 set c=7 WHERE id IN ( 5761286, 5909353, 85149, 1276720, 9461830, 8346625, 750072, 2139069, 943933, 8381585)
	Update on sbtest5  (cost=0.43..48.53 rows=0 width=0)
	  ->  Index Scan using sbtest5_pkey on sbtest5  (cost=0.43..48.53 rows=10 width=490)
	        Index Cond: (id = ANY ('{5761286,5909353,85149,1276720,9461830,8346625,750072,2139069,943933,8381585}'::integer[]))

table 6 : explain UPDATE sbtest6 set c=7 WHERE id IN ( 5761286, 5909353, 85149, 1276720, 9461830, 8346625, 750072, 2139069, 943933, 8381585)
	Update on sbtest6  (cost=0.43..48.53 rows=0 width=0)
	  ->  Index Scan using sbtest6_pkey on sbtest6  (cost=0.43..48.53 rows=10 width=490)
	        Index Cond: (id = ANY ('{5761286,5909353,85149,1276720,9461830,8346625,750072,2139069,943933,8381585}'::integer[]))

table 7 : explain UPDATE sbtest7 set c=7 WHERE id IN ( 5761286, 5909353, 85149, 1276720, 9461830, 8346625, 750072, 2139069, 943933, 8381585)
	Update on sbtest7  (cost=0.43..48.53 rows=0 width=0)
	  ->  Index Scan using sbtest7_pkey on sbtest7  (cost=0.43..48.53 rows=10 width=490)
	        Index Cond: (id = ANY ('{5761286,5909353,85149,1276720,9461830,8346625,750072,2139069,943933,8381585}'::integer[]))

table 8 : explain UPDATE sbtest8 set c=7 WHERE id IN ( 5761286, 5909353, 85149, 1276720, 9461830, 8346625, 750072, 2139069, 943933, 8381585)
	Update on sbtest8  (cost=0.43..48.53 rows=0 width=0)
	  ->  Index Scan using sbtest8_pkey on sbtest8  (cost=0.43..48.53 rows=10 width=490)
	        Index Cond: (id = ANY ('{5761286,5909353,85149,1276720,9461830,8346625,750072,2139069,943933,8381585}'::integer[]))

for update-inlist
table 1 : explain UPDATE sbtest1 set c=7 WHERE id IN ( 8552431, 2266587, 3757830, 7359321, 7673427, 6713447, 4106995, 5987134, 8205655, 2525336)
	Update on sbtest1  (cost=0.43..48.53 rows=0 width=0)
	  ->  Index Scan using sbtest1_pkey on sbtest1  (cost=0.43..48.53 rows=10 width=490)
	        Index Cond: (id = ANY ('{8552431,2266587,3757830,7359321,7673427,6713447,4106995,5987134,8205655,2525336}'::integer[]))

table 2 : explain UPDATE sbtest2 set c=7 WHERE id IN ( 8552431, 2266587, 3757830, 7359321, 7673427, 6713447, 4106995, 5987134, 8205655, 2525336)
	Update on sbtest2  (cost=0.43..48.53 rows=0 width=0)
	  ->  Index Scan using sbtest2_pkey on sbtest2  (cost=0.43..48.53 rows=10 width=490)
	        Index Cond: (id = ANY ('{8552431,2266587,3757830,7359321,7673427,6713447,4106995,5987134,8205655,2525336}'::integer[]))

table 3 : explain UPDATE sbtest3 set c=7 WHERE id IN ( 8552431, 2266587, 3757830, 7359321, 7673427, 6713447, 4106995, 5987134, 8205655, 2525336)
	Update on sbtest3  (cost=0.43..48.53 rows=0 width=0)
	  ->  Index Scan using sbtest3_pkey on sbtest3  (cost=0.43..48.53 rows=10 width=490)
	        Index Cond: (id = ANY ('{8552431,2266587,3757830,7359321,7673427,6713447,4106995,5987134,8205655,2525336}'::integer[]))

table 4 : explain UPDATE sbtest4 set c=7 WHERE id IN ( 8552431, 2266587, 3757830, 7359321, 7673427, 6713447, 4106995, 5987134, 8205655, 2525336)
	Update on sbtest4  (cost=0.43..48.53 rows=0 width=0)
	  ->  Index Scan using sbtest4_pkey on sbtest4  (cost=0.43..48.53 rows=10 width=490)
	        Index Cond: (id = ANY ('{8552431,2266587,3757830,7359321,7673427,6713447,4106995,5987134,8205655,2525336}'::integer[]))

table 5 : explain UPDATE sbtest5 set c=7 WHERE id IN ( 8552431, 2266587, 3757830, 7359321, 7673427, 6713447, 4106995, 5987134, 8205655, 2525336)
	Update on sbtest5  (cost=0.43..48.53 rows=0 width=0)
	  ->  Index Scan using sbtest5_pkey on sbtest5  (cost=0.43..48.53 rows=10 width=490)
	        Index Cond: (id = ANY ('{8552431,2266587,3757830,7359321,7673427,6713447,4106995,5987134,8205655,2525336}'::integer[]))

table 6 : explain UPDATE sbtest6 set c=7 WHERE id IN ( 8552431, 2266587, 3757830, 7359321, 7673427, 6713447, 4106995, 5987134, 8205655, 2525336)
	Update on sbtest6  (cost=0.43..48.53 rows=0 width=0)
	  ->  Index Scan using sbtest6_pkey on sbtest6  (cost=0.43..48.53 rows=10 width=490)
	        Index Cond: (id = ANY ('{8552431,2266587,3757830,7359321,7673427,6713447,4106995,5987134,8205655,2525336}'::integer[]))

table 7 : explain UPDATE sbtest7 set c=7 WHERE id IN ( 8552431, 2266587, 3757830, 7359321, 7673427, 6713447, 4106995, 5987134, 8205655, 2525336)
	Update on sbtest7  (cost=0.43..48.53 rows=0 width=0)
	  ->  Index Scan using sbtest7_pkey on sbtest7  (cost=0.43..48.53 rows=10 width=490)
	        Index Cond: (id = ANY ('{8552431,2266587,3757830,7359321,7673427,6713447,4106995,5987134,8205655,2525336}'::integer[]))

table 8 : explain UPDATE sbtest8 set c=7 WHERE id IN ( 8552431, 2266587, 3757830, 7359321, 7673427, 6713447, 4106995, 5987134, 8205655, 2525336)
	Update on sbtest8  (cost=0.43..48.53 rows=0 width=0)
	  ->  Index Scan using sbtest8_pkey on sbtest8  (cost=0.43..48.53 rows=10 width=490)
	        Index Cond: (id = ANY ('{8552431,2266587,3757830,7359321,7673427,6713447,4106995,5987134,8205655,2525336}'::integer[]))

for update-inlist
table 1 : explain UPDATE sbtest1 set c=7 WHERE id IN ( 6365613, 6236145, 1885045, 5740262, 589077, 1948365, 889011, 1044652, 4767702, 1376579)
	Update on sbtest1  (cost=0.43..48.53 rows=0 width=0)
	  ->  Index Scan using sbtest1_pkey on sbtest1  (cost=0.43..48.53 rows=10 width=490)
	        Index Cond: (id = ANY ('{6365613,6236145,1885045,5740262,589077,1948365,889011,1044652,4767702,1376579}'::integer[]))

table 2 : explain UPDATE sbtest2 set c=7 WHERE id IN ( 6365613, 6236145, 1885045, 5740262, 589077, 1948365, 889011, 1044652, 4767702, 1376579)
	Update on sbtest2  (cost=0.43..48.53 rows=0 width=0)
	  ->  Index Scan using sbtest2_pkey on sbtest2  (cost=0.43..48.53 rows=10 width=490)
	        Index Cond: (id = ANY ('{6365613,6236145,1885045,5740262,589077,1948365,889011,1044652,4767702,1376579}'::integer[]))

table 3 : explain UPDATE sbtest3 set c=7 WHERE id IN ( 6365613, 6236145, 1885045, 5740262, 589077, 1948365, 889011, 1044652, 4767702, 1376579)
	Update on sbtest3  (cost=0.43..48.53 rows=0 width=0)
	  ->  Index Scan using sbtest3_pkey on sbtest3  (cost=0.43..48.53 rows=10 width=490)
	        Index Cond: (id = ANY ('{6365613,6236145,1885045,5740262,589077,1948365,889011,1044652,4767702,1376579}'::integer[]))

table 4 : explain UPDATE sbtest4 set c=7 WHERE id IN ( 6365613, 6236145, 1885045, 5740262, 589077, 1948365, 889011, 1044652, 4767702, 1376579)
	Update on sbtest4  (cost=0.43..48.53 rows=0 width=0)
	  ->  Index Scan using sbtest4_pkey on sbtest4  (cost=0.43..48.53 rows=10 width=490)
	        Index Cond: (id = ANY ('{6365613,6236145,1885045,5740262,589077,1948365,889011,1044652,4767702,1376579}'::integer[]))

table 5 : explain UPDATE sbtest5 set c=7 WHERE id IN ( 6365613, 6236145, 1885045, 5740262, 589077, 1948365, 889011, 1044652, 4767702, 1376579)
	Update on sbtest5  (cost=0.43..48.53 rows=0 width=0)
	  ->  Index Scan using sbtest5_pkey on sbtest5  (cost=0.43..48.53 rows=10 width=490)
	        Index Cond: (id = ANY ('{6365613,6236145,1885045,5740262,589077,1948365,889011,1044652,4767702,1376579}'::integer[]))

table 6 : explain UPDATE sbtest6 set c=7 WHERE id IN ( 6365613, 6236145, 1885045, 5740262, 589077, 1948365, 889011, 1044652, 4767702, 1376579)
	Update on sbtest6  (cost=0.43..48.53 rows=0 width=0)
	  ->  Index Scan using sbtest6_pkey on sbtest6  (cost=0.43..48.53 rows=10 width=490)
	        Index Cond: (id = ANY ('{6365613,6236145,1885045,5740262,589077,1948365,889011,1044652,4767702,1376579}'::integer[]))

table 7 : explain UPDATE sbtest7 set c=7 WHERE id IN ( 6365613, 6236145, 1885045, 5740262, 589077, 1948365, 889011, 1044652, 4767702, 1376579)
	Update on sbtest7  (cost=0.43..48.53 rows=0 width=0)
	  ->  Index Scan using sbtest7_pkey on sbtest7  (cost=0.43..48.53 rows=10 width=490)
	        Index Cond: (id = ANY ('{6365613,6236145,1885045,5740262,589077,1948365,889011,1044652,4767702,1376579}'::integer[]))

table 8 : explain UPDATE sbtest8 set c=7 WHERE id IN ( 6365613, 6236145, 1885045, 5740262, 589077, 1948365, 889011, 1044652, 4767702, 1376579)
	Update on sbtest8  (cost=0.43..48.53 rows=0 width=0)
	  ->  Index Scan using sbtest8_pkey on sbtest8  (cost=0.43..48.53 rows=10 width=490)
	        Index Cond: (id = ANY ('{6365613,6236145,1885045,5740262,589077,1948365,889011,1044652,4767702,1376579}'::integer[]))

explain: for update-inlist :: explain UPDATE sbtest%d set c=7 WHERE id IN ( 1265325, 100833, 204960, 6164751, 3144828, 1393348, 2978023, 500590, 9179212, 9957550)
explain: for update-inlist :: explain UPDATE sbtest%d set c=7 WHERE id IN ( 364814, 5142241, 3301532, 7321175, 7577834, 245082, 7332254, 5291681, 4154861, 4348132)
explain: for update-inlist :: explain UPDATE sbtest%d set c=7 WHERE id IN ( 7636941, 6132434, 7659456, 8688934, 6054743, 5975778, 902778, 5900676, 3491548, 2067420)
explain: for update-inlist :: explain UPDATE sbtest%d set c=7 WHERE id IN ( 6929223, 5310958, 8400602, 1768352, 9798561, 1023350, 1483281, 8128434, 2314917, 5556031)
for update-inlist
table 1 : explain UPDATE sbtest1 set c=7 WHERE id IN ( 364814, 5142241, 3301532, 7321175, 7577834, 245082, 7332254, 5291681, 4154861, 4348132)
	Update on sbtest1  (cost=0.43..48.53 rows=0 width=0)
	  ->  Index Scan using sbtest1_pkey on sbtest1  (cost=0.43..48.53 rows=10 width=490)
	        Index Cond: (id = ANY ('{364814,5142241,3301532,7321175,7577834,245082,7332254,5291681,4154861,4348132}'::integer[]))

table 2 : explain UPDATE sbtest2 set c=7 WHERE id IN ( 364814, 5142241, 3301532, 7321175, 7577834, 245082, 7332254, 5291681, 4154861, 4348132)
	Update on sbtest2  (cost=0.43..48.53 rows=0 width=0)
	  ->  Index Scan using sbtest2_pkey on sbtest2  (cost=0.43..48.53 rows=10 width=490)
	        Index Cond: (id = ANY ('{364814,5142241,3301532,7321175,7577834,245082,7332254,5291681,4154861,4348132}'::integer[]))

table 3 : explain UPDATE sbtest3 set c=7 WHERE id IN ( 364814, 5142241, 3301532, 7321175, 7577834, 245082, 7332254, 5291681, 4154861, 4348132)
	Update on sbtest3  (cost=0.43..48.53 rows=0 width=0)
	  ->  Index Scan using sbtest3_pkey on sbtest3  (cost=0.43..48.53 rows=10 width=490)
	        Index Cond: (id = ANY ('{364814,5142241,3301532,7321175,7577834,245082,7332254,5291681,4154861,4348132}'::integer[]))

table 4 : explain UPDATE sbtest4 set c=7 WHERE id IN ( 364814, 5142241, 3301532, 7321175, 7577834, 245082, 7332254, 5291681, 4154861, 4348132)
	Update on sbtest4  (cost=0.43..48.53 rows=0 width=0)
	  ->  Index Scan using sbtest4_pkey on sbtest4  (cost=0.43..48.53 rows=10 width=490)
	        Index Cond: (id = ANY ('{364814,5142241,3301532,7321175,7577834,245082,7332254,5291681,4154861,4348132}'::integer[]))

table 5 : explain UPDATE sbtest5 set c=7 WHERE id IN ( 364814, 5142241, 3301532, 7321175, 7577834, 245082, 7332254, 5291681, 4154861, 4348132)
	Update on sbtest5  (cost=0.43..48.53 rows=0 width=0)
	  ->  Index Scan using sbtest5_pkey on sbtest5  (cost=0.43..48.53 rows=10 width=490)
	        Index Cond: (id = ANY ('{364814,5142241,3301532,7321175,7577834,245082,7332254,5291681,4154861,4348132}'::integer[]))

table 6 : explain UPDATE sbtest6 set c=7 WHERE id IN ( 364814, 5142241, 3301532, 7321175, 7577834, 245082, 7332254, 5291681, 4154861, 4348132)
	Update on sbtest6  (cost=0.43..48.53 rows=0 width=0)
	  ->  Index Scan using sbtest6_pkey on sbtest6  (cost=0.43..48.53 rows=10 width=490)
	        Index Cond: (id = ANY ('{364814,5142241,3301532,7321175,7577834,245082,7332254,5291681,4154861,4348132}'::integer[]))

table 7 : explain UPDATE sbtest7 set c=7 WHERE id IN ( 364814, 5142241, 3301532, 7321175, 7577834, 245082, 7332254, 5291681, 4154861, 4348132)
	Update on sbtest7  (cost=0.43..48.53 rows=0 width=0)
	  ->  Index Scan using sbtest7_pkey on sbtest7  (cost=0.43..48.53 rows=10 width=490)
	        Index Cond: (id = ANY ('{364814,5142241,3301532,7321175,7577834,245082,7332254,5291681,4154861,4348132}'::integer[]))

table 8 : explain UPDATE sbtest8 set c=7 WHERE id IN ( 364814, 5142241, 3301532, 7321175, 7577834, 245082, 7332254, 5291681, 4154861, 4348132)
	Update on sbtest8  (cost=0.43..48.53 rows=0 width=0)
	  ->  Index Scan using sbtest8_pkey on sbtest8  (cost=0.43..48.53 rows=10 width=490)
	        Index Cond: (id = ANY ('{364814,5142241,3301532,7321175,7577834,245082,7332254,5291681,4154861,4348132}'::integer[]))

explain: for update-inlist :: explain UPDATE sbtest%d set c=7 WHERE id IN ( 8002464, 1869965, 143250, 5220958, 7256174, 531761, 5418865, 5138609, 4326367, 7836712)
explain: for update-inlist :: explain UPDATE sbtest%d set c=7 WHERE id IN ( 7446540, 1109294, 1460880, 7298222, 8998091, 1814792, 2268418, 4835157, 1689100, 9879093)
for update-inlist
table 1 : explain UPDATE sbtest1 set c=7 WHERE id IN ( 7636941, 6132434, 7659456, 8688934, 6054743, 5975778, 902778, 5900676, 3491548, 2067420)
	Update on sbtest1  (cost=0.43..48.53 rows=0 width=0)
	  ->  Index Scan using sbtest1_pkey on sbtest1  (cost=0.43..48.53 rows=10 width=490)
	        Index Cond: (id = ANY ('{7636941,6132434,7659456,8688934,6054743,5975778,902778,5900676,3491548,2067420}'::integer[]))

table 2 : explain UPDATE sbtest2 set c=7 WHERE id IN ( 7636941, 6132434, 7659456, 8688934, 6054743, 5975778, 902778, 5900676, 3491548, 2067420)
	Update on sbtest2  (cost=0.43..48.53 rows=0 width=0)
	  ->  Index Scan using sbtest2_pkey on sbtest2  (cost=0.43..48.53 rows=10 width=490)
	        Index Cond: (id = ANY ('{7636941,6132434,7659456,8688934,6054743,5975778,902778,5900676,3491548,2067420}'::integer[]))

table 3 : explain UPDATE sbtest3 set c=7 WHERE id IN ( 7636941, 6132434, 7659456, 8688934, 6054743, 5975778, 902778, 5900676, 3491548, 2067420)
	Update on sbtest3  (cost=0.43..48.53 rows=0 width=0)
	  ->  Index Scan using sbtest3_pkey on sbtest3  (cost=0.43..48.53 rows=10 width=490)
	        Index Cond: (id = ANY ('{7636941,6132434,7659456,8688934,6054743,5975778,902778,5900676,3491548,2067420}'::integer[]))

table 4 : explain UPDATE sbtest4 set c=7 WHERE id IN ( 7636941, 6132434, 7659456, 8688934, 6054743, 5975778, 902778, 5900676, 3491548, 2067420)
	Update on sbtest4  (cost=0.43..48.53 rows=0 width=0)
	  ->  Index Scan using sbtest4_pkey on sbtest4  (cost=0.43..48.53 rows=10 width=490)
	        Index Cond: (id = ANY ('{7636941,6132434,7659456,8688934,6054743,5975778,902778,5900676,3491548,2067420}'::integer[]))

table 5 : explain UPDATE sbtest5 set c=7 WHERE id IN ( 7636941, 6132434, 7659456, 8688934, 6054743, 5975778, 902778, 5900676, 3491548, 2067420)
	Update on sbtest5  (cost=0.43..48.53 rows=0 width=0)
	  ->  Index Scan using sbtest5_pkey on sbtest5  (cost=0.43..48.53 rows=10 width=490)
	        Index Cond: (id = ANY ('{7636941,6132434,7659456,8688934,6054743,5975778,902778,5900676,3491548,2067420}'::integer[]))

table 6 : explain UPDATE sbtest6 set c=7 WHERE id IN ( 7636941, 6132434, 7659456, 8688934, 6054743, 5975778, 902778, 5900676, 3491548, 2067420)
	Update on sbtest6  (cost=0.43..48.53 rows=0 width=0)
	  ->  Index Scan using sbtest6_pkey on sbtest6  (cost=0.43..48.53 rows=10 width=490)
	        Index Cond: (id = ANY ('{7636941,6132434,7659456,8688934,6054743,5975778,902778,5900676,3491548,2067420}'::integer[]))

table 7 : explain UPDATE sbtest7 set c=7 WHERE id IN ( 7636941, 6132434, 7659456, 8688934, 6054743, 5975778, 902778, 5900676, 3491548, 2067420)
	Update on sbtest7  (cost=0.43..48.53 rows=0 width=0)
	  ->  Index Scan using sbtest7_pkey on sbtest7  (cost=0.43..48.53 rows=10 width=490)
	        Index Cond: (id = ANY ('{7636941,6132434,7659456,8688934,6054743,5975778,902778,5900676,3491548,2067420}'::integer[]))

table 8 : explain UPDATE sbtest8 set c=7 WHERE id IN ( 7636941, 6132434, 7659456, 8688934, 6054743, 5975778, 902778, 5900676, 3491548, 2067420)
	Update on sbtest8  (cost=0.43..48.53 rows=0 width=0)
	  ->  Index Scan using sbtest8_pkey on sbtest8  (cost=0.43..48.53 rows=10 width=490)
	        Index Cond: (id = ANY ('{7636941,6132434,7659456,8688934,6054743,5975778,902778,5900676,3491548,2067420}'::integer[]))

explain: for update-inlist :: explain UPDATE sbtest%d set c=7 WHERE id IN ( 4713537, 4945757, 1417129, 6848489, 8392023, 2061881, 498357, 406462, 2880094, 2789750)
explain: for update-inlist :: explain UPDATE sbtest%d set c=7 WHERE id IN ( 9403290, 5135418, 9784295, 8212189, 6915115, 699660, 965577, 8356276, 9269557, 7446474)
explain: for update-inlist :: explain UPDATE sbtest%d set c=7 WHERE id IN ( 8222529, 2057424, 1050345, 5109387, 5237435, 7719411, 7779118, 8366597, 2119011, 9966348)
explain: for update-inlist :: explain UPDATE sbtest%d set c=7 WHERE id IN ( 1509812, 6379820, 1436577, 3651676, 3527242, 5315919, 1878775, 7408344, 4583380, 3868646)
explain: for update-inlist :: explain UPDATE sbtest%d set c=7 WHERE id IN ( 3301432, 4920714, 9426403, 5688776, 2789429, 323750, 4413767, 2081491, 9235280, 9387346)
for update-inlist
table 1 : explain UPDATE sbtest1 set c=7 WHERE id IN ( 6929223, 5310958, 8400602, 1768352, 9798561, 1023350, 1483281, 8128434, 2314917, 5556031)
	Update on sbtest1  (cost=0.43..48.53 rows=0 width=0)
	  ->  Index Scan using sbtest1_pkey on sbtest1  (cost=0.43..48.53 rows=10 width=490)
	        Index Cond: (id = ANY ('{6929223,5310958,8400602,1768352,9798561,1023350,1483281,8128434,2314917,5556031}'::integer[]))

table 2 : explain UPDATE sbtest2 set c=7 WHERE id IN ( 6929223, 5310958, 8400602, 1768352, 9798561, 1023350, 1483281, 8128434, 2314917, 5556031)
	Update on sbtest2  (cost=0.43..48.53 rows=0 width=0)
	  ->  Index Scan using sbtest2_pkey on sbtest2  (cost=0.43..48.53 rows=10 width=490)
	        Index Cond: (id = ANY ('{6929223,5310958,8400602,1768352,9798561,1023350,1483281,8128434,2314917,5556031}'::integer[]))

table 3 : explain UPDATE sbtest3 set c=7 WHERE id IN ( 6929223, 5310958, 8400602, 1768352, 9798561, 1023350, 1483281, 8128434, 2314917, 5556031)
	Update on sbtest3  (cost=0.43..48.53 rows=0 width=0)
	  ->  Index Scan using sbtest3_pkey on sbtest3  (cost=0.43..48.53 rows=10 width=490)
	        Index Cond: (id = ANY ('{6929223,5310958,8400602,1768352,9798561,1023350,1483281,8128434,2314917,5556031}'::integer[]))

table 4 : explain UPDATE sbtest4 set c=7 WHERE id IN ( 6929223, 5310958, 8400602, 1768352, 9798561, 1023350, 1483281, 8128434, 2314917, 5556031)
	Update on sbtest4  (cost=0.43..48.53 rows=0 width=0)
	  ->  Index Scan using sbtest4_pkey on sbtest4  (cost=0.43..48.53 rows=10 width=490)
	        Index Cond: (id = ANY ('{6929223,5310958,8400602,1768352,9798561,1023350,1483281,8128434,2314917,5556031}'::integer[]))

table 5 : explain UPDATE sbtest5 set c=7 WHERE id IN ( 6929223, 5310958, 8400602, 1768352, 9798561, 1023350, 1483281, 8128434, 2314917, 5556031)
	Update on sbtest5  (cost=0.43..48.53 rows=0 width=0)
	  ->  Index Scan using sbtest5_pkey on sbtest5  (cost=0.43..48.53 rows=10 width=490)
	        Index Cond: (id = ANY ('{6929223,5310958,8400602,1768352,9798561,1023350,1483281,8128434,2314917,5556031}'::integer[]))

table 6 : explain UPDATE sbtest6 set c=7 WHERE id IN ( 6929223, 5310958, 8400602, 1768352, 9798561, 1023350, 1483281, 8128434, 2314917, 5556031)
	Update on sbtest6  (cost=0.43..48.53 rows=0 width=0)
	  ->  Index Scan using sbtest6_pkey on sbtest6  (cost=0.43..48.53 rows=10 width=490)
	        Index Cond: (id = ANY ('{6929223,5310958,8400602,1768352,9798561,1023350,1483281,8128434,2314917,5556031}'::integer[]))

table 7 : explain UPDATE sbtest7 set c=7 WHERE id IN ( 6929223, 5310958, 8400602, 1768352, 9798561, 1023350, 1483281, 8128434, 2314917, 5556031)
	Update on sbtest7  (cost=0.43..48.53 rows=0 width=0)
	  ->  Index Scan using sbtest7_pkey on sbtest7  (cost=0.43..48.53 rows=10 width=490)
	        Index Cond: (id = ANY ('{6929223,5310958,8400602,1768352,9798561,1023350,1483281,8128434,2314917,5556031}'::integer[]))

table 8 : explain UPDATE sbtest8 set c=7 WHERE id IN ( 6929223, 5310958, 8400602, 1768352, 9798561, 1023350, 1483281, 8128434, 2314917, 5556031)
	Update on sbtest8  (cost=0.43..48.53 rows=0 width=0)
	  ->  Index Scan using sbtest8_pkey on sbtest8  (cost=0.43..48.53 rows=10 width=490)
	        Index Cond: (id = ANY ('{6929223,5310958,8400602,1768352,9798561,1023350,1483281,8128434,2314917,5556031}'::integer[]))

explain: for update-inlist :: explain UPDATE sbtest%d set c=7 WHERE id IN ( 3792437, 3361787, 2480243, 3680245, 2587319, 457066, 4249866, 5194678, 5971487, 5035)
for update-inlist
table 1 : explain UPDATE sbtest1 set c=7 WHERE id IN ( 7446540, 1109294, 1460880, 7298222, 8998091, 1814792, 2268418, 4835157, 1689100, 9879093)
	Update on sbtest1  (cost=0.43..48.53 rows=0 width=0)
	  ->  Index Scan using sbtest1_pkey on sbtest1  (cost=0.43..48.53 rows=10 width=490)
	        Index Cond: (id = ANY ('{7446540,1109294,1460880,7298222,8998091,1814792,2268418,4835157,1689100,9879093}'::integer[]))

table 2 : explain UPDATE sbtest2 set c=7 WHERE id IN ( 7446540, 1109294, 1460880, 7298222, 8998091, 1814792, 2268418, 4835157, 1689100, 9879093)
	Update on sbtest2  (cost=0.43..48.53 rows=0 width=0)
	  ->  Index Scan using sbtest2_pkey on sbtest2  (cost=0.43..48.53 rows=10 width=490)
	        Index Cond: (id = ANY ('{7446540,1109294,1460880,7298222,8998091,1814792,2268418,4835157,1689100,9879093}'::integer[]))

table 3 : explain UPDATE sbtest3 set c=7 WHERE id IN ( 7446540, 1109294, 1460880, 7298222, 8998091, 1814792, 2268418, 4835157, 1689100, 9879093)
	Update on sbtest3  (cost=0.43..48.53 rows=0 width=0)
	  ->  Index Scan using sbtest3_pkey on sbtest3  (cost=0.43..48.53 rows=10 width=490)
	        Index Cond: (id = ANY ('{7446540,1109294,1460880,7298222,8998091,1814792,2268418,4835157,1689100,9879093}'::integer[]))

table 4 : explain UPDATE sbtest4 set c=7 WHERE id IN ( 7446540, 1109294, 1460880, 7298222, 8998091, 1814792, 2268418, 4835157, 1689100, 9879093)
	Update on sbtest4  (cost=0.43..48.53 rows=0 width=0)
	  ->  Index Scan using sbtest4_pkey on sbtest4  (cost=0.43..48.53 rows=10 width=490)
	        Index Cond: (id = ANY ('{7446540,1109294,1460880,7298222,8998091,1814792,2268418,4835157,1689100,9879093}'::integer[]))

table 5 : explain UPDATE sbtest5 set c=7 WHERE id IN ( 7446540, 1109294, 1460880, 7298222, 8998091, 1814792, 2268418, 4835157, 1689100, 9879093)
	Update on sbtest5  (cost=0.43..48.53 rows=0 width=0)
	  ->  Index Scan using sbtest5_pkey on sbtest5  (cost=0.43..48.53 rows=10 width=490)
	        Index Cond: (id = ANY ('{7446540,1109294,1460880,7298222,8998091,1814792,2268418,4835157,1689100,9879093}'::integer[]))

table 6 : explain UPDATE sbtest6 set c=7 WHERE id IN ( 7446540, 1109294, 1460880, 7298222, 8998091, 1814792, 2268418, 4835157, 1689100, 9879093)
	Update on sbtest6  (cost=0.43..48.53 rows=0 width=0)
	  ->  Index Scan using sbtest6_pkey on sbtest6  (cost=0.43..48.53 rows=10 width=490)
	        Index Cond: (id = ANY ('{7446540,1109294,1460880,7298222,8998091,1814792,2268418,4835157,1689100,9879093}'::integer[]))

table 7 : explain UPDATE sbtest7 set c=7 WHERE id IN ( 7446540, 1109294, 1460880, 7298222, 8998091, 1814792, 2268418, 4835157, 1689100, 9879093)
	Update on sbtest7  (cost=0.43..48.53 rows=0 width=0)
	  ->  Index Scan using sbtest7_pkey on sbtest7  (cost=0.43..48.53 rows=10 width=490)
	        Index Cond: (id = ANY ('{7446540,1109294,1460880,7298222,8998091,1814792,2268418,4835157,1689100,9879093}'::integer[]))

table 8 : explain UPDATE sbtest8 set c=7 WHERE id IN ( 7446540, 1109294, 1460880, 7298222, 8998091, 1814792, 2268418, 4835157, 1689100, 9879093)
	Update on sbtest8  (cost=0.43..48.53 rows=0 width=0)
	  ->  Index Scan using sbtest8_pkey on sbtest8  (cost=0.43..48.53 rows=10 width=490)
	        Index Cond: (id = ANY ('{7446540,1109294,1460880,7298222,8998091,1814792,2268418,4835157,1689100,9879093}'::integer[]))

for update-inlist
table 1 : explain UPDATE sbtest1 set c=7 WHERE id IN ( 8002464, 1869965, 143250, 5220958, 7256174, 531761, 5418865, 5138609, 4326367, 7836712)
	Update on sbtest1  (cost=0.43..48.53 rows=0 width=0)
	  ->  Index Scan using sbtest1_pkey on sbtest1  (cost=0.43..48.53 rows=10 width=490)
	        Index Cond: (id = ANY ('{8002464,1869965,143250,5220958,7256174,531761,5418865,5138609,4326367,7836712}'::integer[]))

table 2 : explain UPDATE sbtest2 set c=7 WHERE id IN ( 8002464, 1869965, 143250, 5220958, 7256174, 531761, 5418865, 5138609, 4326367, 7836712)
	Update on sbtest2  (cost=0.43..48.53 rows=0 width=0)
	  ->  Index Scan using sbtest2_pkey on sbtest2  (cost=0.43..48.53 rows=10 width=490)
	        Index Cond: (id = ANY ('{8002464,1869965,143250,5220958,7256174,531761,5418865,5138609,4326367,7836712}'::integer[]))

table 3 : explain UPDATE sbtest3 set c=7 WHERE id IN ( 8002464, 1869965, 143250, 5220958, 7256174, 531761, 5418865, 5138609, 4326367, 7836712)
	Update on sbtest3  (cost=0.43..48.53 rows=0 width=0)
	  ->  Index Scan using sbtest3_pkey on sbtest3  (cost=0.43..48.53 rows=10 width=490)
	        Index Cond: (id = ANY ('{8002464,1869965,143250,5220958,7256174,531761,5418865,5138609,4326367,7836712}'::integer[]))

table 4 : explain UPDATE sbtest4 set c=7 WHERE id IN ( 8002464, 1869965, 143250, 5220958, 7256174, 531761, 5418865, 5138609, 4326367, 7836712)
	Update on sbtest4  (cost=0.43..48.53 rows=0 width=0)
	  ->  Index Scan using sbtest4_pkey on sbtest4  (cost=0.43..48.53 rows=10 width=490)
	        Index Cond: (id = ANY ('{8002464,1869965,143250,5220958,7256174,531761,5418865,5138609,4326367,7836712}'::integer[]))

table 5 : explain UPDATE sbtest5 set c=7 WHERE id IN ( 8002464, 1869965, 143250, 5220958, 7256174, 531761, 5418865, 5138609, 4326367, 7836712)
	Update on sbtest5  (cost=0.43..48.53 rows=0 width=0)
	  ->  Index Scan using sbtest5_pkey on sbtest5  (cost=0.43..48.53 rows=10 width=490)
	        Index Cond: (id = ANY ('{8002464,1869965,143250,5220958,7256174,531761,5418865,5138609,4326367,7836712}'::integer[]))

table 6 : explain UPDATE sbtest6 set c=7 WHERE id IN ( 8002464, 1869965, 143250, 5220958, 7256174, 531761, 5418865, 5138609, 4326367, 7836712)
	Update on sbtest6  (cost=0.43..48.53 rows=0 width=0)
	  ->  Index Scan using sbtest6_pkey on sbtest6  (cost=0.43..48.53 rows=10 width=490)
	        Index Cond: (id = ANY ('{8002464,1869965,143250,5220958,7256174,531761,5418865,5138609,4326367,7836712}'::integer[]))

table 7 : explain UPDATE sbtest7 set c=7 WHERE id IN ( 8002464, 1869965, 143250, 5220958, 7256174, 531761, 5418865, 5138609, 4326367, 7836712)
	Update on sbtest7  (cost=0.43..48.53 rows=0 width=0)
	  ->  Index Scan using sbtest7_pkey on sbtest7  (cost=0.43..48.53 rows=10 width=490)
	        Index Cond: (id = ANY ('{8002464,1869965,143250,5220958,7256174,531761,5418865,5138609,4326367,7836712}'::integer[]))

table 8 : explain UPDATE sbtest8 set c=7 WHERE id IN ( 8002464, 1869965, 143250, 5220958, 7256174, 531761, 5418865, 5138609, 4326367, 7836712)
	Update on sbtest8  (cost=0.43..48.53 rows=0 width=0)
	  ->  Index Scan using sbtest8_pkey on sbtest8  (cost=0.43..48.53 rows=10 width=490)
	        Index Cond: (id = ANY ('{8002464,1869965,143250,5220958,7256174,531761,5418865,5138609,4326367,7836712}'::integer[]))

for update-inlist
table 1 : explain UPDATE sbtest1 set c=7 WHERE id IN ( 4713537, 4945757, 1417129, 6848489, 8392023, 2061881, 498357, 406462, 2880094, 2789750)
	Update on sbtest1  (cost=0.43..48.53 rows=0 width=0)
	  ->  Index Scan using sbtest1_pkey on sbtest1  (cost=0.43..48.53 rows=10 width=490)
	        Index Cond: (id = ANY ('{4713537,4945757,1417129,6848489,8392023,2061881,498357,406462,2880094,2789750}'::integer[]))

table 2 : explain UPDATE sbtest2 set c=7 WHERE id IN ( 4713537, 4945757, 1417129, 6848489, 8392023, 2061881, 498357, 406462, 2880094, 2789750)
	Update on sbtest2  (cost=0.43..48.53 rows=0 width=0)
	  ->  Index Scan using sbtest2_pkey on sbtest2  (cost=0.43..48.53 rows=10 width=490)
	        Index Cond: (id = ANY ('{4713537,4945757,1417129,6848489,8392023,2061881,498357,406462,2880094,2789750}'::integer[]))

table 3 : explain UPDATE sbtest3 set c=7 WHERE id IN ( 4713537, 4945757, 1417129, 6848489, 8392023, 2061881, 498357, 406462, 2880094, 2789750)
	Update on sbtest3  (cost=0.43..48.53 rows=0 width=0)
	  ->  Index Scan using sbtest3_pkey on sbtest3  (cost=0.43..48.53 rows=10 width=490)
	        Index Cond: (id = ANY ('{4713537,4945757,1417129,6848489,8392023,2061881,498357,406462,2880094,2789750}'::integer[]))

table 4 : explain UPDATE sbtest4 set c=7 WHERE id IN ( 4713537, 4945757, 1417129, 6848489, 8392023, 2061881, 498357, 406462, 2880094, 2789750)
	Update on sbtest4  (cost=0.43..48.53 rows=0 width=0)
	  ->  Index Scan using sbtest4_pkey on sbtest4  (cost=0.43..48.53 rows=10 width=490)
	        Index Cond: (id = ANY ('{4713537,4945757,1417129,6848489,8392023,2061881,498357,406462,2880094,2789750}'::integer[]))

table 5 : explain UPDATE sbtest5 set c=7 WHERE id IN ( 4713537, 4945757, 1417129, 6848489, 8392023, 2061881, 498357, 406462, 2880094, 2789750)
	Update on sbtest5  (cost=0.43..48.53 rows=0 width=0)
	  ->  Index Scan using sbtest5_pkey on sbtest5  (cost=0.43..48.53 rows=10 width=490)
	        Index Cond: (id = ANY ('{4713537,4945757,1417129,6848489,8392023,2061881,498357,406462,2880094,2789750}'::integer[]))

table 6 : explain UPDATE sbtest6 set c=7 WHERE id IN ( 4713537, 4945757, 1417129, 6848489, 8392023, 2061881, 498357, 406462, 2880094, 2789750)
	Update on sbtest6  (cost=0.43..48.53 rows=0 width=0)
	  ->  Index Scan using sbtest6_pkey on sbtest6  (cost=0.43..48.53 rows=10 width=490)
	        Index Cond: (id = ANY ('{4713537,4945757,1417129,6848489,8392023,2061881,498357,406462,2880094,2789750}'::integer[]))

table 7 : explain UPDATE sbtest7 set c=7 WHERE id IN ( 4713537, 4945757, 1417129, 6848489, 8392023, 2061881, 498357, 406462, 2880094, 2789750)
	Update on sbtest7  (cost=0.43..48.53 rows=0 width=0)
	  ->  Index Scan using sbtest7_pkey on sbtest7  (cost=0.43..48.53 rows=10 width=490)
	        Index Cond: (id = ANY ('{4713537,4945757,1417129,6848489,8392023,2061881,498357,406462,2880094,2789750}'::integer[]))

table 8 : explain UPDATE sbtest8 set c=7 WHERE id IN ( 4713537, 4945757, 1417129, 6848489, 8392023, 2061881, 498357, 406462, 2880094, 2789750)
	Update on sbtest8  (cost=0.43..48.53 rows=0 width=0)
	  ->  Index Scan using sbtest8_pkey on sbtest8  (cost=0.43..48.53 rows=10 width=490)
	        Index Cond: (id = ANY ('{4713537,4945757,1417129,6848489,8392023,2061881,498357,406462,2880094,2789750}'::integer[]))

for update-inlist
table 1 : explain UPDATE sbtest1 set c=7 WHERE id IN ( 9403290, 5135418, 9784295, 8212189, 6915115, 699660, 965577, 8356276, 9269557, 7446474)
	Update on sbtest1  (cost=0.43..48.53 rows=0 width=0)
	  ->  Index Scan using sbtest1_pkey on sbtest1  (cost=0.43..48.53 rows=10 width=490)
	        Index Cond: (id = ANY ('{9403290,5135418,9784295,8212189,6915115,699660,965577,8356276,9269557,7446474}'::integer[]))

table 2 : explain UPDATE sbtest2 set c=7 WHERE id IN ( 9403290, 5135418, 9784295, 8212189, 6915115, 699660, 965577, 8356276, 9269557, 7446474)
	Update on sbtest2  (cost=0.43..48.53 rows=0 width=0)
	  ->  Index Scan using sbtest2_pkey on sbtest2  (cost=0.43..48.53 rows=10 width=490)
	        Index Cond: (id = ANY ('{9403290,5135418,9784295,8212189,6915115,699660,965577,8356276,9269557,7446474}'::integer[]))

table 3 : explain UPDATE sbtest3 set c=7 WHERE id IN ( 9403290, 5135418, 9784295, 8212189, 6915115, 699660, 965577, 8356276, 9269557, 7446474)
	Update on sbtest3  (cost=0.43..48.53 rows=0 width=0)
	  ->  Index Scan using sbtest3_pkey on sbtest3  (cost=0.43..48.53 rows=10 width=490)
	        Index Cond: (id = ANY ('{9403290,5135418,9784295,8212189,6915115,699660,965577,8356276,9269557,7446474}'::integer[]))

table 4 : explain UPDATE sbtest4 set c=7 WHERE id IN ( 9403290, 5135418, 9784295, 8212189, 6915115, 699660, 965577, 8356276, 9269557, 7446474)
	Update on sbtest4  (cost=0.43..48.53 rows=0 width=0)
	  ->  Index Scan using sbtest4_pkey on sbtest4  (cost=0.43..48.53 rows=10 width=490)
	        Index Cond: (id = ANY ('{9403290,5135418,9784295,8212189,6915115,699660,965577,8356276,9269557,7446474}'::integer[]))

table 5 : explain UPDATE sbtest5 set c=7 WHERE id IN ( 9403290, 5135418, 9784295, 8212189, 6915115, 699660, 965577, 8356276, 9269557, 7446474)
	Update on sbtest5  (cost=0.43..48.53 rows=0 width=0)
	  ->  Index Scan using sbtest5_pkey on sbtest5  (cost=0.43..48.53 rows=10 width=490)
	        Index Cond: (id = ANY ('{9403290,5135418,9784295,8212189,6915115,699660,965577,8356276,9269557,7446474}'::integer[]))

table 6 : explain UPDATE sbtest6 set c=7 WHERE id IN ( 9403290, 5135418, 9784295, 8212189, 6915115, 699660, 965577, 8356276, 9269557, 7446474)
	Update on sbtest6  (cost=0.43..48.53 rows=0 width=0)
	  ->  Index Scan using sbtest6_pkey on sbtest6  (cost=0.43..48.53 rows=10 width=490)
	        Index Cond: (id = ANY ('{9403290,5135418,9784295,8212189,6915115,699660,965577,8356276,9269557,7446474}'::integer[]))

table 7 : explain UPDATE sbtest7 set c=7 WHERE id IN ( 9403290, 5135418, 9784295, 8212189, 6915115, 699660, 965577, 8356276, 9269557, 7446474)
	Update on sbtest7  (cost=0.43..48.53 rows=0 width=0)
	  ->  Index Scan using sbtest7_pkey on sbtest7  (cost=0.43..48.53 rows=10 width=490)
	        Index Cond: (id = ANY ('{9403290,5135418,9784295,8212189,6915115,699660,965577,8356276,9269557,7446474}'::integer[]))

table 8 : explain UPDATE sbtest8 set c=7 WHERE id IN ( 9403290, 5135418, 9784295, 8212189, 6915115, 699660, 965577, 8356276, 9269557, 7446474)
	Update on sbtest8  (cost=0.43..48.53 rows=0 width=0)
	  ->  Index Scan using sbtest8_pkey on sbtest8  (cost=0.43..48.53 rows=10 width=490)
	        Index Cond: (id = ANY ('{9403290,5135418,9784295,8212189,6915115,699660,965577,8356276,9269557,7446474}'::integer[]))

explain: for update-inlist :: explain UPDATE sbtest%d set c=7 WHERE id IN ( 2643185, 7810869, 788610, 86407, 3415372, 4186005, 714747, 1804097, 6770437, 2018662)
for update-inlist
table 1 : explain UPDATE sbtest1 set c=7 WHERE id IN ( 1509812, 6379820, 1436577, 3651676, 3527242, 5315919, 1878775, 7408344, 4583380, 3868646)
	Update on sbtest1  (cost=0.43..48.53 rows=0 width=0)
	  ->  Index Scan using sbtest1_pkey on sbtest1  (cost=0.43..48.53 rows=10 width=490)
	        Index Cond: (id = ANY ('{1509812,6379820,1436577,3651676,3527242,5315919,1878775,7408344,4583380,3868646}'::integer[]))

table 2 : explain UPDATE sbtest2 set c=7 WHERE id IN ( 1509812, 6379820, 1436577, 3651676, 3527242, 5315919, 1878775, 7408344, 4583380, 3868646)
	Update on sbtest2  (cost=0.43..48.53 rows=0 width=0)
	  ->  Index Scan using sbtest2_pkey on sbtest2  (cost=0.43..48.53 rows=10 width=490)
	        Index Cond: (id = ANY ('{1509812,6379820,1436577,3651676,3527242,5315919,1878775,7408344,4583380,3868646}'::integer[]))

table 3 : explain UPDATE sbtest3 set c=7 WHERE id IN ( 1509812, 6379820, 1436577, 3651676, 3527242, 5315919, 1878775, 7408344, 4583380, 3868646)
	Update on sbtest3  (cost=0.43..48.53 rows=0 width=0)
	  ->  Index Scan using sbtest3_pkey on sbtest3  (cost=0.43..48.53 rows=10 width=490)
	        Index Cond: (id = ANY ('{1509812,6379820,1436577,3651676,3527242,5315919,1878775,7408344,4583380,3868646}'::integer[]))

table 4 : explain UPDATE sbtest4 set c=7 WHERE id IN ( 1509812, 6379820, 1436577, 3651676, 3527242, 5315919, 1878775, 7408344, 4583380, 3868646)
	Update on sbtest4  (cost=0.43..48.53 rows=0 width=0)
	  ->  Index Scan using sbtest4_pkey on sbtest4  (cost=0.43..48.53 rows=10 width=490)
	        Index Cond: (id = ANY ('{1509812,6379820,1436577,3651676,3527242,5315919,1878775,7408344,4583380,3868646}'::integer[]))

table 5 : explain UPDATE sbtest5 set c=7 WHERE id IN ( 1509812, 6379820, 1436577, 3651676, 3527242, 5315919, 1878775, 7408344, 4583380, 3868646)
	Update on sbtest5  (cost=0.43..48.53 rows=0 width=0)
	  ->  Index Scan using sbtest5_pkey on sbtest5  (cost=0.43..48.53 rows=10 width=490)
	        Index Cond: (id = ANY ('{1509812,6379820,1436577,3651676,3527242,5315919,1878775,7408344,4583380,3868646}'::integer[]))

table 6 : explain UPDATE sbtest6 set c=7 WHERE id IN ( 1509812, 6379820, 1436577, 3651676, 3527242, 5315919, 1878775, 7408344, 4583380, 3868646)
	Update on sbtest6  (cost=0.43..48.53 rows=0 width=0)
	  ->  Index Scan using sbtest6_pkey on sbtest6  (cost=0.43..48.53 rows=10 width=490)
	        Index Cond: (id = ANY ('{1509812,6379820,1436577,3651676,3527242,5315919,1878775,7408344,4583380,3868646}'::integer[]))

table 7 : explain UPDATE sbtest7 set c=7 WHERE id IN ( 1509812, 6379820, 1436577, 3651676, 3527242, 5315919, 1878775, 7408344, 4583380, 3868646)
	Update on sbtest7  (cost=0.43..48.53 rows=0 width=0)
	  ->  Index Scan using sbtest7_pkey on sbtest7  (cost=0.43..48.53 rows=10 width=490)
	        Index Cond: (id = ANY ('{1509812,6379820,1436577,3651676,3527242,5315919,1878775,7408344,4583380,3868646}'::integer[]))

table 8 : explain UPDATE sbtest8 set c=7 WHERE id IN ( 1509812, 6379820, 1436577, 3651676, 3527242, 5315919, 1878775, 7408344, 4583380, 3868646)
	Update on sbtest8  (cost=0.43..48.53 rows=0 width=0)
	  ->  Index Scan using sbtest8_pkey on sbtest8  (cost=0.43..48.53 rows=10 width=490)
	        Index Cond: (id = ANY ('{1509812,6379820,1436577,3651676,3527242,5315919,1878775,7408344,4583380,3868646}'::integer[]))

explain: for update-inlist :: explain UPDATE sbtest%d set c=7 WHERE id IN ( 6817612, 2582589, 799775, 9130202, 862705, 269482, 4896947, 4714663, 9117769, 8313755)
for update-inlist
table 1 : explain UPDATE sbtest1 set c=7 WHERE id IN ( 1265325, 100833, 204960, 6164751, 3144828, 1393348, 2978023, 500590, 9179212, 9957550)
	Update on sbtest1  (cost=0.43..48.53 rows=0 width=0)
	  ->  Index Scan using sbtest1_pkey on sbtest1  (cost=0.43..48.53 rows=10 width=490)
	        Index Cond: (id = ANY ('{1265325,100833,204960,6164751,3144828,1393348,2978023,500590,9179212,9957550}'::integer[]))

table 2 : explain UPDATE sbtest2 set c=7 WHERE id IN ( 1265325, 100833, 204960, 6164751, 3144828, 1393348, 2978023, 500590, 9179212, 9957550)
	Update on sbtest2  (cost=0.43..48.53 rows=0 width=0)
	  ->  Index Scan using sbtest2_pkey on sbtest2  (cost=0.43..48.53 rows=10 width=490)
	        Index Cond: (id = ANY ('{1265325,100833,204960,6164751,3144828,1393348,2978023,500590,9179212,9957550}'::integer[]))

table 3 : explain UPDATE sbtest3 set c=7 WHERE id IN ( 1265325, 100833, 204960, 6164751, 3144828, 1393348, 2978023, 500590, 9179212, 9957550)
	Update on sbtest3  (cost=0.43..48.53 rows=0 width=0)
	  ->  Index Scan using sbtest3_pkey on sbtest3  (cost=0.43..48.53 rows=10 width=490)
	        Index Cond: (id = ANY ('{1265325,100833,204960,6164751,3144828,1393348,2978023,500590,9179212,9957550}'::integer[]))

table 4 : explain UPDATE sbtest4 set c=7 WHERE id IN ( 1265325, 100833, 204960, 6164751, 3144828, 1393348, 2978023, 500590, 9179212, 9957550)
	Update on sbtest4  (cost=0.43..48.53 rows=0 width=0)
	  ->  Index Scan using sbtest4_pkey on sbtest4  (cost=0.43..48.53 rows=10 width=490)
	        Index Cond: (id = ANY ('{1265325,100833,204960,6164751,3144828,1393348,2978023,500590,9179212,9957550}'::integer[]))

table 5 : explain UPDATE sbtest5 set c=7 WHERE id IN ( 1265325, 100833, 204960, 6164751, 3144828, 1393348, 2978023, 500590, 9179212, 9957550)
	Update on sbtest5  (cost=0.43..48.53 rows=0 width=0)
	  ->  Index Scan using sbtest5_pkey on sbtest5  (cost=0.43..48.53 rows=10 width=490)
	        Index Cond: (id = ANY ('{1265325,100833,204960,6164751,3144828,1393348,2978023,500590,9179212,9957550}'::integer[]))

table 6 : explain UPDATE sbtest6 set c=7 WHERE id IN ( 1265325, 100833, 204960, 6164751, 3144828, 1393348, 2978023, 500590, 9179212, 9957550)
	Update on sbtest6  (cost=0.43..48.53 rows=0 width=0)
	  ->  Index Scan using sbtest6_pkey on sbtest6  (cost=0.43..48.53 rows=10 width=490)
	        Index Cond: (id = ANY ('{1265325,100833,204960,6164751,3144828,1393348,2978023,500590,9179212,9957550}'::integer[]))

table 7 : explain UPDATE sbtest7 set c=7 WHERE id IN ( 1265325, 100833, 204960, 6164751, 3144828, 1393348, 2978023, 500590, 9179212, 9957550)
	Update on sbtest7  (cost=0.43..48.53 rows=0 width=0)
	  ->  Index Scan using sbtest7_pkey on sbtest7  (cost=0.43..48.53 rows=10 width=490)
	        Index Cond: (id = ANY ('{1265325,100833,204960,6164751,3144828,1393348,2978023,500590,9179212,9957550}'::integer[]))

table 8 : explain UPDATE sbtest8 set c=7 WHERE id IN ( 1265325, 100833, 204960, 6164751, 3144828, 1393348, 2978023, 500590, 9179212, 9957550)
	Update on sbtest8  (cost=0.43..48.53 rows=0 width=0)
	  ->  Index Scan using sbtest8_pkey on sbtest8  (cost=0.43..48.53 rows=10 width=490)
	        Index Cond: (id = ANY ('{1265325,100833,204960,6164751,3144828,1393348,2978023,500590,9179212,9957550}'::integer[]))

for update-inlist
table 1 : explain UPDATE sbtest1 set c=7 WHERE id IN ( 3301432, 4920714, 9426403, 5688776, 2789429, 323750, 4413767, 2081491, 9235280, 9387346)
	Update on sbtest1  (cost=0.43..48.53 rows=0 width=0)
	  ->  Index Scan using sbtest1_pkey on sbtest1  (cost=0.43..48.53 rows=10 width=490)
	        Index Cond: (id = ANY ('{3301432,4920714,9426403,5688776,2789429,323750,4413767,2081491,9235280,9387346}'::integer[]))

table 2 : explain UPDATE sbtest2 set c=7 WHERE id IN ( 3301432, 4920714, 9426403, 5688776, 2789429, 323750, 4413767, 2081491, 9235280, 9387346)
	Update on sbtest2  (cost=0.43..48.53 rows=0 width=0)
	  ->  Index Scan using sbtest2_pkey on sbtest2  (cost=0.43..48.53 rows=10 width=490)
	        Index Cond: (id = ANY ('{3301432,4920714,9426403,5688776,2789429,323750,4413767,2081491,9235280,9387346}'::integer[]))

table 3 : explain UPDATE sbtest3 set c=7 WHERE id IN ( 3301432, 4920714, 9426403, 5688776, 2789429, 323750, 4413767, 2081491, 9235280, 9387346)
	Update on sbtest3  (cost=0.43..48.53 rows=0 width=0)
	  ->  Index Scan using sbtest3_pkey on sbtest3  (cost=0.43..48.53 rows=10 width=490)
	        Index Cond: (id = ANY ('{3301432,4920714,9426403,5688776,2789429,323750,4413767,2081491,9235280,9387346}'::integer[]))

table 4 : explain UPDATE sbtest4 set c=7 WHERE id IN ( 3301432, 4920714, 9426403, 5688776, 2789429, 323750, 4413767, 2081491, 9235280, 9387346)
	Update on sbtest4  (cost=0.43..48.53 rows=0 width=0)
	  ->  Index Scan using sbtest4_pkey on sbtest4  (cost=0.43..48.53 rows=10 width=490)
	        Index Cond: (id = ANY ('{3301432,4920714,9426403,5688776,2789429,323750,4413767,2081491,9235280,9387346}'::integer[]))

table 5 : explain UPDATE sbtest5 set c=7 WHERE id IN ( 3301432, 4920714, 9426403, 5688776, 2789429, 323750, 4413767, 2081491, 9235280, 9387346)
	Update on sbtest5  (cost=0.43..48.53 rows=0 width=0)
	  ->  Index Scan using sbtest5_pkey on sbtest5  (cost=0.43..48.53 rows=10 width=490)
	        Index Cond: (id = ANY ('{3301432,4920714,9426403,5688776,2789429,323750,4413767,2081491,9235280,9387346}'::integer[]))

table 6 : explain UPDATE sbtest6 set c=7 WHERE id IN ( 3301432, 4920714, 9426403, 5688776, 2789429, 323750, 4413767, 2081491, 9235280, 9387346)
	Update on sbtest6  (cost=0.43..48.53 rows=0 width=0)
	  ->  Index Scan using sbtest6_pkey on sbtest6  (cost=0.43..48.53 rows=10 width=490)
	        Index Cond: (id = ANY ('{3301432,4920714,9426403,5688776,2789429,323750,4413767,2081491,9235280,9387346}'::integer[]))

table 7 : explain UPDATE sbtest7 set c=7 WHERE id IN ( 3301432, 4920714, 9426403, 5688776, 2789429, 323750, 4413767, 2081491, 9235280, 9387346)
	Update on sbtest7  (cost=0.43..48.53 rows=0 width=0)
	  ->  Index Scan using sbtest7_pkey on sbtest7  (cost=0.43..48.53 rows=10 width=490)
	        Index Cond: (id = ANY ('{3301432,4920714,9426403,5688776,2789429,323750,4413767,2081491,9235280,9387346}'::integer[]))

table 8 : explain UPDATE sbtest8 set c=7 WHERE id IN ( 3301432, 4920714, 9426403, 5688776, 2789429, 323750, 4413767, 2081491, 9235280, 9387346)
	Update on sbtest8  (cost=0.43..48.53 rows=0 width=0)
	  ->  Index Scan using sbtest8_pkey on sbtest8  (cost=0.43..48.53 rows=10 width=490)
	        Index Cond: (id = ANY ('{3301432,4920714,9426403,5688776,2789429,323750,4413767,2081491,9235280,9387346}'::integer[]))

for update-inlist
table 1 : explain UPDATE sbtest1 set c=7 WHERE id IN ( 8222529, 2057424, 1050345, 5109387, 5237435, 7719411, 7779118, 8366597, 2119011, 9966348)
	Update on sbtest1  (cost=0.43..48.53 rows=0 width=0)
	  ->  Index Scan using sbtest1_pkey on sbtest1  (cost=0.43..48.53 rows=10 width=490)
	        Index Cond: (id = ANY ('{8222529,2057424,1050345,5109387,5237435,7719411,7779118,8366597,2119011,9966348}'::integer[]))

table 2 : explain UPDATE sbtest2 set c=7 WHERE id IN ( 8222529, 2057424, 1050345, 5109387, 5237435, 7719411, 7779118, 8366597, 2119011, 9966348)
	Update on sbtest2  (cost=0.43..48.53 rows=0 width=0)
	  ->  Index Scan using sbtest2_pkey on sbtest2  (cost=0.43..48.53 rows=10 width=490)
	        Index Cond: (id = ANY ('{8222529,2057424,1050345,5109387,5237435,7719411,7779118,8366597,2119011,9966348}'::integer[]))

table 3 : explain UPDATE sbtest3 set c=7 WHERE id IN ( 8222529, 2057424, 1050345, 5109387, 5237435, 7719411, 7779118, 8366597, 2119011, 9966348)
	Update on sbtest3  (cost=0.43..48.53 rows=0 width=0)
	  ->  Index Scan using sbtest3_pkey on sbtest3  (cost=0.43..48.53 rows=10 width=490)
	        Index Cond: (id = ANY ('{8222529,2057424,1050345,5109387,5237435,7719411,7779118,8366597,2119011,9966348}'::integer[]))

table 4 : explain UPDATE sbtest4 set c=7 WHERE id IN ( 8222529, 2057424, 1050345, 5109387, 5237435, 7719411, 7779118, 8366597, 2119011, 9966348)
	Update on sbtest4  (cost=0.43..48.53 rows=0 width=0)
	  ->  Index Scan using sbtest4_pkey on sbtest4  (cost=0.43..48.53 rows=10 width=490)
	        Index Cond: (id = ANY ('{8222529,2057424,1050345,5109387,5237435,7719411,7779118,8366597,2119011,9966348}'::integer[]))

table 5 : explain UPDATE sbtest5 set c=7 WHERE id IN ( 8222529, 2057424, 1050345, 5109387, 5237435, 7719411, 7779118, 8366597, 2119011, 9966348)
	Update on sbtest5  (cost=0.43..48.53 rows=0 width=0)
	  ->  Index Scan using sbtest5_pkey on sbtest5  (cost=0.43..48.53 rows=10 width=490)
	        Index Cond: (id = ANY ('{8222529,2057424,1050345,5109387,5237435,7719411,7779118,8366597,2119011,9966348}'::integer[]))

table 6 : explain UPDATE sbtest6 set c=7 WHERE id IN ( 8222529, 2057424, 1050345, 5109387, 5237435, 7719411, 7779118, 8366597, 2119011, 9966348)
	Update on sbtest6  (cost=0.43..48.53 rows=0 width=0)
	  ->  Index Scan using sbtest6_pkey on sbtest6  (cost=0.43..48.53 rows=10 width=490)
	        Index Cond: (id = ANY ('{8222529,2057424,1050345,5109387,5237435,7719411,7779118,8366597,2119011,9966348}'::integer[]))

table 7 : explain UPDATE sbtest7 set c=7 WHERE id IN ( 8222529, 2057424, 1050345, 5109387, 5237435, 7719411, 7779118, 8366597, 2119011, 9966348)
	Update on sbtest7  (cost=0.43..48.53 rows=0 width=0)
	  ->  Index Scan using sbtest7_pkey on sbtest7  (cost=0.43..48.53 rows=10 width=490)
	        Index Cond: (id = ANY ('{8222529,2057424,1050345,5109387,5237435,7719411,7779118,8366597,2119011,9966348}'::integer[]))

table 8 : explain UPDATE sbtest8 set c=7 WHERE id IN ( 8222529, 2057424, 1050345, 5109387, 5237435, 7719411, 7779118, 8366597, 2119011, 9966348)
	Update on sbtest8  (cost=0.43..48.53 rows=0 width=0)
	  ->  Index Scan using sbtest8_pkey on sbtest8  (cost=0.43..48.53 rows=10 width=490)
	        Index Cond: (id = ANY ('{8222529,2057424,1050345,5109387,5237435,7719411,7779118,8366597,2119011,9966348}'::integer[]))

explain: for update-inlist :: explain UPDATE sbtest%d set c=7 WHERE id IN ( 4399294, 2864834, 9938189, 3526083, 8850904, 285815, 3055932, 7789915, 3277237, 3554102)
for update-inlist
table 1 : explain UPDATE sbtest1 set c=7 WHERE id IN ( 3792437, 3361787, 2480243, 3680245, 2587319, 457066, 4249866, 5194678, 5971487, 5035)
	Update on sbtest1  (cost=0.43..48.53 rows=0 width=0)
	  ->  Index Scan using sbtest1_pkey on sbtest1  (cost=0.43..48.53 rows=10 width=490)
	        Index Cond: (id = ANY ('{3792437,3361787,2480243,3680245,2587319,457066,4249866,5194678,5971487,5035}'::integer[]))

table 2 : explain UPDATE sbtest2 set c=7 WHERE id IN ( 3792437, 3361787, 2480243, 3680245, 2587319, 457066, 4249866, 5194678, 5971487, 5035)
	Update on sbtest2  (cost=0.43..48.53 rows=0 width=0)
	  ->  Index Scan using sbtest2_pkey on sbtest2  (cost=0.43..48.53 rows=10 width=490)
	        Index Cond: (id = ANY ('{3792437,3361787,2480243,3680245,2587319,457066,4249866,5194678,5971487,5035}'::integer[]))

table 3 : explain UPDATE sbtest3 set c=7 WHERE id IN ( 3792437, 3361787, 2480243, 3680245, 2587319, 457066, 4249866, 5194678, 5971487, 5035)
	Update on sbtest3  (cost=0.43..48.53 rows=0 width=0)
	  ->  Index Scan using sbtest3_pkey on sbtest3  (cost=0.43..48.53 rows=10 width=490)
	        Index Cond: (id = ANY ('{3792437,3361787,2480243,3680245,2587319,457066,4249866,5194678,5971487,5035}'::integer[]))

table 4 : explain UPDATE sbtest4 set c=7 WHERE id IN ( 3792437, 3361787, 2480243, 3680245, 2587319, 457066, 4249866, 5194678, 5971487, 5035)
	Update on sbtest4  (cost=0.43..48.53 rows=0 width=0)
	  ->  Index Scan using sbtest4_pkey on sbtest4  (cost=0.43..48.53 rows=10 width=490)
	        Index Cond: (id = ANY ('{3792437,3361787,2480243,3680245,2587319,457066,4249866,5194678,5971487,5035}'::integer[]))

table 5 : explain UPDATE sbtest5 set c=7 WHERE id IN ( 3792437, 3361787, 2480243, 3680245, 2587319, 457066, 4249866, 5194678, 5971487, 5035)
	Update on sbtest5  (cost=0.43..48.53 rows=0 width=0)
	  ->  Index Scan using sbtest5_pkey on sbtest5  (cost=0.43..48.53 rows=10 width=490)
	        Index Cond: (id = ANY ('{3792437,3361787,2480243,3680245,2587319,457066,4249866,5194678,5971487,5035}'::integer[]))

table 6 : explain UPDATE sbtest6 set c=7 WHERE id IN ( 3792437, 3361787, 2480243, 3680245, 2587319, 457066, 4249866, 5194678, 5971487, 5035)
	Update on sbtest6  (cost=0.43..48.53 rows=0 width=0)
	  ->  Index Scan using sbtest6_pkey on sbtest6  (cost=0.43..48.53 rows=10 width=490)
	        Index Cond: (id = ANY ('{3792437,3361787,2480243,3680245,2587319,457066,4249866,5194678,5971487,5035}'::integer[]))

table 7 : explain UPDATE sbtest7 set c=7 WHERE id IN ( 3792437, 3361787, 2480243, 3680245, 2587319, 457066, 4249866, 5194678, 5971487, 5035)
	Update on sbtest7  (cost=0.43..48.53 rows=0 width=0)
	  ->  Index Scan using sbtest7_pkey on sbtest7  (cost=0.43..48.53 rows=10 width=490)
	        Index Cond: (id = ANY ('{3792437,3361787,2480243,3680245,2587319,457066,4249866,5194678,5971487,5035}'::integer[]))

table 8 : explain UPDATE sbtest8 set c=7 WHERE id IN ( 3792437, 3361787, 2480243, 3680245, 2587319, 457066, 4249866, 5194678, 5971487, 5035)
	Update on sbtest8  (cost=0.43..48.53 rows=0 width=0)
	  ->  Index Scan using sbtest8_pkey on sbtest8  (cost=0.43..48.53 rows=10 width=490)
	        Index Cond: (id = ANY ('{3792437,3361787,2480243,3680245,2587319,457066,4249866,5194678,5971487,5035}'::integer[]))

for update-inlist
table 1 : explain UPDATE sbtest1 set c=7 WHERE id IN ( 2643185, 7810869, 788610, 86407, 3415372, 4186005, 714747, 1804097, 6770437, 2018662)
	Update on sbtest1  (cost=0.43..48.53 rows=0 width=0)
	  ->  Index Scan using sbtest1_pkey on sbtest1  (cost=0.43..48.53 rows=10 width=490)
	        Index Cond: (id = ANY ('{2643185,7810869,788610,86407,3415372,4186005,714747,1804097,6770437,2018662}'::integer[]))

table 2 : explain UPDATE sbtest2 set c=7 WHERE id IN ( 2643185, 7810869, 788610, 86407, 3415372, 4186005, 714747, 1804097, 6770437, 2018662)
	Update on sbtest2  (cost=0.43..48.53 rows=0 width=0)
	  ->  Index Scan using sbtest2_pkey on sbtest2  (cost=0.43..48.53 rows=10 width=490)
	        Index Cond: (id = ANY ('{2643185,7810869,788610,86407,3415372,4186005,714747,1804097,6770437,2018662}'::integer[]))

table 3 : explain UPDATE sbtest3 set c=7 WHERE id IN ( 2643185, 7810869, 788610, 86407, 3415372, 4186005, 714747, 1804097, 6770437, 2018662)
	Update on sbtest3  (cost=0.43..48.53 rows=0 width=0)
	  ->  Index Scan using sbtest3_pkey on sbtest3  (cost=0.43..48.53 rows=10 width=490)
	        Index Cond: (id = ANY ('{2643185,7810869,788610,86407,3415372,4186005,714747,1804097,6770437,2018662}'::integer[]))

table 4 : explain UPDATE sbtest4 set c=7 WHERE id IN ( 2643185, 7810869, 788610, 86407, 3415372, 4186005, 714747, 1804097, 6770437, 2018662)
	Update on sbtest4  (cost=0.43..48.53 rows=0 width=0)
	  ->  Index Scan using sbtest4_pkey on sbtest4  (cost=0.43..48.53 rows=10 width=490)
	        Index Cond: (id = ANY ('{2643185,7810869,788610,86407,3415372,4186005,714747,1804097,6770437,2018662}'::integer[]))

table 5 : explain UPDATE sbtest5 set c=7 WHERE id IN ( 2643185, 7810869, 788610, 86407, 3415372, 4186005, 714747, 1804097, 6770437, 2018662)
	Update on sbtest5  (cost=0.43..48.53 rows=0 width=0)
	  ->  Index Scan using sbtest5_pkey on sbtest5  (cost=0.43..48.53 rows=10 width=490)
	        Index Cond: (id = ANY ('{2643185,7810869,788610,86407,3415372,4186005,714747,1804097,6770437,2018662}'::integer[]))

table 6 : explain UPDATE sbtest6 set c=7 WHERE id IN ( 2643185, 7810869, 788610, 86407, 3415372, 4186005, 714747, 1804097, 6770437, 2018662)
	Update on sbtest6  (cost=0.43..48.53 rows=0 width=0)
	  ->  Index Scan using sbtest6_pkey on sbtest6  (cost=0.43..48.53 rows=10 width=490)
	        Index Cond: (id = ANY ('{2643185,7810869,788610,86407,3415372,4186005,714747,1804097,6770437,2018662}'::integer[]))

table 7 : explain UPDATE sbtest7 set c=7 WHERE id IN ( 2643185, 7810869, 788610, 86407, 3415372, 4186005, 714747, 1804097, 6770437, 2018662)
	Update on sbtest7  (cost=0.43..48.53 rows=0 width=0)
	  ->  Index Scan using sbtest7_pkey on sbtest7  (cost=0.43..48.53 rows=10 width=490)
	        Index Cond: (id = ANY ('{2643185,7810869,788610,86407,3415372,4186005,714747,1804097,6770437,2018662}'::integer[]))

table 8 : explain UPDATE sbtest8 set c=7 WHERE id IN ( 2643185, 7810869, 788610, 86407, 3415372, 4186005, 714747, 1804097, 6770437, 2018662)
	Update on sbtest8  (cost=0.43..48.53 rows=0 width=0)
	  ->  Index Scan using sbtest8_pkey on sbtest8  (cost=0.43..48.53 rows=10 width=490)
	        Index Cond: (id = ANY ('{2643185,7810869,788610,86407,3415372,4186005,714747,1804097,6770437,2018662}'::integer[]))

for update-inlist
table 1 : explain UPDATE sbtest1 set c=7 WHERE id IN ( 6817612, 2582589, 799775, 9130202, 862705, 269482, 4896947, 4714663, 9117769, 8313755)
	Update on sbtest1  (cost=0.43..48.53 rows=0 width=0)
	  ->  Index Scan using sbtest1_pkey on sbtest1  (cost=0.43..48.53 rows=10 width=490)
	        Index Cond: (id = ANY ('{6817612,2582589,799775,9130202,862705,269482,4896947,4714663,9117769,8313755}'::integer[]))

table 2 : explain UPDATE sbtest2 set c=7 WHERE id IN ( 6817612, 2582589, 799775, 9130202, 862705, 269482, 4896947, 4714663, 9117769, 8313755)
	Update on sbtest2  (cost=0.43..48.53 rows=0 width=0)
	  ->  Index Scan using sbtest2_pkey on sbtest2  (cost=0.43..48.53 rows=10 width=490)
	        Index Cond: (id = ANY ('{6817612,2582589,799775,9130202,862705,269482,4896947,4714663,9117769,8313755}'::integer[]))

table 3 : explain UPDATE sbtest3 set c=7 WHERE id IN ( 6817612, 2582589, 799775, 9130202, 862705, 269482, 4896947, 4714663, 9117769, 8313755)
	Update on sbtest3  (cost=0.43..48.53 rows=0 width=0)
	  ->  Index Scan using sbtest3_pkey on sbtest3  (cost=0.43..48.53 rows=10 width=490)
	        Index Cond: (id = ANY ('{6817612,2582589,799775,9130202,862705,269482,4896947,4714663,9117769,8313755}'::integer[]))

table 4 : explain UPDATE sbtest4 set c=7 WHERE id IN ( 6817612, 2582589, 799775, 9130202, 862705, 269482, 4896947, 4714663, 9117769, 8313755)
	Update on sbtest4  (cost=0.43..48.53 rows=0 width=0)
	  ->  Index Scan using sbtest4_pkey on sbtest4  (cost=0.43..48.53 rows=10 width=490)
	        Index Cond: (id = ANY ('{6817612,2582589,799775,9130202,862705,269482,4896947,4714663,9117769,8313755}'::integer[]))

table 5 : explain UPDATE sbtest5 set c=7 WHERE id IN ( 6817612, 2582589, 799775, 9130202, 862705, 269482, 4896947, 4714663, 9117769, 8313755)
	Update on sbtest5  (cost=0.43..48.53 rows=0 width=0)
	  ->  Index Scan using sbtest5_pkey on sbtest5  (cost=0.43..48.53 rows=10 width=490)
	        Index Cond: (id = ANY ('{6817612,2582589,799775,9130202,862705,269482,4896947,4714663,9117769,8313755}'::integer[]))

table 6 : explain UPDATE sbtest6 set c=7 WHERE id IN ( 6817612, 2582589, 799775, 9130202, 862705, 269482, 4896947, 4714663, 9117769, 8313755)
	Update on sbtest6  (cost=0.43..48.53 rows=0 width=0)
	  ->  Index Scan using sbtest6_pkey on sbtest6  (cost=0.43..48.53 rows=10 width=490)
	        Index Cond: (id = ANY ('{6817612,2582589,799775,9130202,862705,269482,4896947,4714663,9117769,8313755}'::integer[]))

table 7 : explain UPDATE sbtest7 set c=7 WHERE id IN ( 6817612, 2582589, 799775, 9130202, 862705, 269482, 4896947, 4714663, 9117769, 8313755)
	Update on sbtest7  (cost=0.43..48.53 rows=0 width=0)
	  ->  Index Scan using sbtest7_pkey on sbtest7  (cost=0.43..48.53 rows=10 width=490)
	        Index Cond: (id = ANY ('{6817612,2582589,799775,9130202,862705,269482,4896947,4714663,9117769,8313755}'::integer[]))

table 8 : explain UPDATE sbtest8 set c=7 WHERE id IN ( 6817612, 2582589, 799775, 9130202, 862705, 269482, 4896947, 4714663, 9117769, 8313755)
	Update on sbtest8  (cost=0.43..48.53 rows=0 width=0)
	  ->  Index Scan using sbtest8_pkey on sbtest8  (cost=0.43..48.53 rows=10 width=490)
	        Index Cond: (id = ANY ('{6817612,2582589,799775,9130202,862705,269482,4896947,4714663,9117769,8313755}'::integer[]))

explain: for update-inlist :: explain UPDATE sbtest%d set c=7 WHERE id IN ( 5795265, 5013723, 7933621, 5424207, 1965507, 9151580, 2710657, 2502318, 4078201, 7123724)
for update-inlist
table 1 : explain UPDATE sbtest1 set c=7 WHERE id IN ( 4399294, 2864834, 9938189, 3526083, 8850904, 285815, 3055932, 7789915, 3277237, 3554102)
	Update on sbtest1  (cost=0.43..48.53 rows=0 width=0)
	  ->  Index Scan using sbtest1_pkey on sbtest1  (cost=0.43..48.53 rows=10 width=490)
	        Index Cond: (id = ANY ('{4399294,2864834,9938189,3526083,8850904,285815,3055932,7789915,3277237,3554102}'::integer[]))

table 2 : explain UPDATE sbtest2 set c=7 WHERE id IN ( 4399294, 2864834, 9938189, 3526083, 8850904, 285815, 3055932, 7789915, 3277237, 3554102)
	Update on sbtest2  (cost=0.43..48.53 rows=0 width=0)
	  ->  Index Scan using sbtest2_pkey on sbtest2  (cost=0.43..48.53 rows=10 width=490)
	        Index Cond: (id = ANY ('{4399294,2864834,9938189,3526083,8850904,285815,3055932,7789915,3277237,3554102}'::integer[]))

table 3 : explain UPDATE sbtest3 set c=7 WHERE id IN ( 4399294, 2864834, 9938189, 3526083, 8850904, 285815, 3055932, 7789915, 3277237, 3554102)
	Update on sbtest3  (cost=0.43..48.53 rows=0 width=0)
	  ->  Index Scan using sbtest3_pkey on sbtest3  (cost=0.43..48.53 rows=10 width=490)
	        Index Cond: (id = ANY ('{4399294,2864834,9938189,3526083,8850904,285815,3055932,7789915,3277237,3554102}'::integer[]))

table 4 : explain UPDATE sbtest4 set c=7 WHERE id IN ( 4399294, 2864834, 9938189, 3526083, 8850904, 285815, 3055932, 7789915, 3277237, 3554102)
	Update on sbtest4  (cost=0.43..48.53 rows=0 width=0)
	  ->  Index Scan using sbtest4_pkey on sbtest4  (cost=0.43..48.53 rows=10 width=490)
	        Index Cond: (id = ANY ('{4399294,2864834,9938189,3526083,8850904,285815,3055932,7789915,3277237,3554102}'::integer[]))

table 5 : explain UPDATE sbtest5 set c=7 WHERE id IN ( 4399294, 2864834, 9938189, 3526083, 8850904, 285815, 3055932, 7789915, 3277237, 3554102)
	Update on sbtest5  (cost=0.43..48.53 rows=0 width=0)
	  ->  Index Scan using sbtest5_pkey on sbtest5  (cost=0.43..48.53 rows=10 width=490)
	        Index Cond: (id = ANY ('{4399294,2864834,9938189,3526083,8850904,285815,3055932,7789915,3277237,3554102}'::integer[]))

table 6 : explain UPDATE sbtest6 set c=7 WHERE id IN ( 4399294, 2864834, 9938189, 3526083, 8850904, 285815, 3055932, 7789915, 3277237, 3554102)
	Update on sbtest6  (cost=0.43..48.53 rows=0 width=0)
	  ->  Index Scan using sbtest6_pkey on sbtest6  (cost=0.43..48.53 rows=10 width=490)
	        Index Cond: (id = ANY ('{4399294,2864834,9938189,3526083,8850904,285815,3055932,7789915,3277237,3554102}'::integer[]))

table 7 : explain UPDATE sbtest7 set c=7 WHERE id IN ( 4399294, 2864834, 9938189, 3526083, 8850904, 285815, 3055932, 7789915, 3277237, 3554102)
	Update on sbtest7  (cost=0.43..48.53 rows=0 width=0)
	  ->  Index Scan using sbtest7_pkey on sbtest7  (cost=0.43..48.53 rows=10 width=490)
	        Index Cond: (id = ANY ('{4399294,2864834,9938189,3526083,8850904,285815,3055932,7789915,3277237,3554102}'::integer[]))

table 8 : explain UPDATE sbtest8 set c=7 WHERE id IN ( 4399294, 2864834, 9938189, 3526083, 8850904, 285815, 3055932, 7789915, 3277237, 3554102)
	Update on sbtest8  (cost=0.43..48.53 rows=0 width=0)
	  ->  Index Scan using sbtest8_pkey on sbtest8  (cost=0.43..48.53 rows=10 width=490)
	        Index Cond: (id = ANY ('{4399294,2864834,9938189,3526083,8850904,285815,3055932,7789915,3277237,3554102}'::integer[]))

for update-inlist
table 1 : explain UPDATE sbtest1 set c=7 WHERE id IN ( 5795265, 5013723, 7933621, 5424207, 1965507, 9151580, 2710657, 2502318, 4078201, 7123724)
	Update on sbtest1  (cost=0.43..48.53 rows=0 width=0)
	  ->  Index Scan using sbtest1_pkey on sbtest1  (cost=0.43..48.53 rows=10 width=490)
	        Index Cond: (id = ANY ('{5795265,5013723,7933621,5424207,1965507,9151580,2710657,2502318,4078201,7123724}'::integer[]))

table 2 : explain UPDATE sbtest2 set c=7 WHERE id IN ( 5795265, 5013723, 7933621, 5424207, 1965507, 9151580, 2710657, 2502318, 4078201, 7123724)
	Update on sbtest2  (cost=0.43..48.53 rows=0 width=0)
	  ->  Index Scan using sbtest2_pkey on sbtest2  (cost=0.43..48.53 rows=10 width=490)
	        Index Cond: (id = ANY ('{5795265,5013723,7933621,5424207,1965507,9151580,2710657,2502318,4078201,7123724}'::integer[]))

table 3 : explain UPDATE sbtest3 set c=7 WHERE id IN ( 5795265, 5013723, 7933621, 5424207, 1965507, 9151580, 2710657, 2502318, 4078201, 7123724)
	Update on sbtest3  (cost=0.43..48.53 rows=0 width=0)
	  ->  Index Scan using sbtest3_pkey on sbtest3  (cost=0.43..48.53 rows=10 width=490)
	        Index Cond: (id = ANY ('{5795265,5013723,7933621,5424207,1965507,9151580,2710657,2502318,4078201,7123724}'::integer[]))

table 4 : explain UPDATE sbtest4 set c=7 WHERE id IN ( 5795265, 5013723, 7933621, 5424207, 1965507, 9151580, 2710657, 2502318, 4078201, 7123724)
	Update on sbtest4  (cost=0.43..48.53 rows=0 width=0)
	  ->  Index Scan using sbtest4_pkey on sbtest4  (cost=0.43..48.53 rows=10 width=490)
	        Index Cond: (id = ANY ('{5795265,5013723,7933621,5424207,1965507,9151580,2710657,2502318,4078201,7123724}'::integer[]))

table 5 : explain UPDATE sbtest5 set c=7 WHERE id IN ( 5795265, 5013723, 7933621, 5424207, 1965507, 9151580, 2710657, 2502318, 4078201, 7123724)
	Update on sbtest5  (cost=0.43..48.53 rows=0 width=0)
	  ->  Index Scan using sbtest5_pkey on sbtest5  (cost=0.43..48.53 rows=10 width=490)
	        Index Cond: (id = ANY ('{5795265,5013723,7933621,5424207,1965507,9151580,2710657,2502318,4078201,7123724}'::integer[]))

table 6 : explain UPDATE sbtest6 set c=7 WHERE id IN ( 5795265, 5013723, 7933621, 5424207, 1965507, 9151580, 2710657, 2502318, 4078201, 7123724)
	Update on sbtest6  (cost=0.43..48.53 rows=0 width=0)
	  ->  Index Scan using sbtest6_pkey on sbtest6  (cost=0.43..48.53 rows=10 width=490)
	        Index Cond: (id = ANY ('{5795265,5013723,7933621,5424207,1965507,9151580,2710657,2502318,4078201,7123724}'::integer[]))

table 7 : explain UPDATE sbtest7 set c=7 WHERE id IN ( 5795265, 5013723, 7933621, 5424207, 1965507, 9151580, 2710657, 2502318, 4078201, 7123724)
	Update on sbtest7  (cost=0.43..48.53 rows=0 width=0)
	  ->  Index Scan using sbtest7_pkey on sbtest7  (cost=0.43..48.53 rows=10 width=490)
	        Index Cond: (id = ANY ('{5795265,5013723,7933621,5424207,1965507,9151580,2710657,2502318,4078201,7123724}'::integer[]))

table 8 : explain UPDATE sbtest8 set c=7 WHERE id IN ( 5795265, 5013723, 7933621, 5424207, 1965507, 9151580, 2710657, 2502318, 4078201, 7123724)
	Update on sbtest8  (cost=0.43..48.53 rows=0 width=0)
	  ->  Index Scan using sbtest8_pkey on sbtest8  (cost=0.43..48.53 rows=10 width=490)
	        Index Cond: (id = ANY ('{5795265,5013723,7933621,5424207,1965507,9151580,2710657,2502318,4078201,7123724}'::integer[]))

explain: for update-inlist :: explain UPDATE sbtest%d set c=7 WHERE id IN ( 7707706, 9714284, 2618917, 9100258, 7321648, 9353695, 2191969, 5462526, 4398214, 3639684)
explain: for update-inlist :: explain UPDATE sbtest%d set c=7 WHERE id IN ( 6431542, 2603853, 8164020, 4022553, 3317787, 5966004, 8299560, 1410393, 2022616, 8338563)
explain: for update-inlist :: explain UPDATE sbtest%d set c=7 WHERE id IN ( 8563529, 5464961, 946580, 3584673, 536041, 7619547, 699415, 8143932, 2749271, 4215114)
for update-inlist
table 1 : explain UPDATE sbtest1 set c=7 WHERE id IN ( 7707706, 9714284, 2618917, 9100258, 7321648, 9353695, 2191969, 5462526, 4398214, 3639684)
	Update on sbtest1  (cost=0.43..48.53 rows=0 width=0)
	  ->  Index Scan using sbtest1_pkey on sbtest1  (cost=0.43..48.53 rows=10 width=490)
	        Index Cond: (id = ANY ('{7707706,9714284,2618917,9100258,7321648,9353695,2191969,5462526,4398214,3639684}'::integer[]))

table 2 : explain UPDATE sbtest2 set c=7 WHERE id IN ( 7707706, 9714284, 2618917, 9100258, 7321648, 9353695, 2191969, 5462526, 4398214, 3639684)
	Update on sbtest2  (cost=0.43..48.53 rows=0 width=0)
	  ->  Index Scan using sbtest2_pkey on sbtest2  (cost=0.43..48.53 rows=10 width=490)
	        Index Cond: (id = ANY ('{7707706,9714284,2618917,9100258,7321648,9353695,2191969,5462526,4398214,3639684}'::integer[]))

table 3 : explain UPDATE sbtest3 set c=7 WHERE id IN ( 7707706, 9714284, 2618917, 9100258, 7321648, 9353695, 2191969, 5462526, 4398214, 3639684)
	Update on sbtest3  (cost=0.43..48.53 rows=0 width=0)
	  ->  Index Scan using sbtest3_pkey on sbtest3  (cost=0.43..48.53 rows=10 width=490)
	        Index Cond: (id = ANY ('{7707706,9714284,2618917,9100258,7321648,9353695,2191969,5462526,4398214,3639684}'::integer[]))

table 4 : explain UPDATE sbtest4 set c=7 WHERE id IN ( 7707706, 9714284, 2618917, 9100258, 7321648, 9353695, 2191969, 5462526, 4398214, 3639684)
	Update on sbtest4  (cost=0.43..48.53 rows=0 width=0)
	  ->  Index Scan using sbtest4_pkey on sbtest4  (cost=0.43..48.53 rows=10 width=490)
	        Index Cond: (id = ANY ('{7707706,9714284,2618917,9100258,7321648,9353695,2191969,5462526,4398214,3639684}'::integer[]))

table 5 : explain UPDATE sbtest5 set c=7 WHERE id IN ( 7707706, 9714284, 2618917, 9100258, 7321648, 9353695, 2191969, 5462526, 4398214, 3639684)
	Update on sbtest5  (cost=0.43..48.53 rows=0 width=0)
	  ->  Index Scan using sbtest5_pkey on sbtest5  (cost=0.43..48.53 rows=10 width=490)
	        Index Cond: (id = ANY ('{7707706,9714284,2618917,9100258,7321648,9353695,2191969,5462526,4398214,3639684}'::integer[]))

table 6 : explain UPDATE sbtest6 set c=7 WHERE id IN ( 7707706, 9714284, 2618917, 9100258, 7321648, 9353695, 2191969, 5462526, 4398214, 3639684)
	Update on sbtest6  (cost=0.43..48.53 rows=0 width=0)
	  ->  Index Scan using sbtest6_pkey on sbtest6  (cost=0.43..48.53 rows=10 width=490)
	        Index Cond: (id = ANY ('{7707706,9714284,2618917,9100258,7321648,9353695,2191969,5462526,4398214,3639684}'::integer[]))

table 7 : explain UPDATE sbtest7 set c=7 WHERE id IN ( 7707706, 9714284, 2618917, 9100258, 7321648, 9353695, 2191969, 5462526, 4398214, 3639684)
	Update on sbtest7  (cost=0.43..48.53 rows=0 width=0)
	  ->  Index Scan using sbtest7_pkey on sbtest7  (cost=0.43..48.53 rows=10 width=490)
	        Index Cond: (id = ANY ('{7707706,9714284,2618917,9100258,7321648,9353695,2191969,5462526,4398214,3639684}'::integer[]))

table 8 : explain UPDATE sbtest8 set c=7 WHERE id IN ( 7707706, 9714284, 2618917, 9100258, 7321648, 9353695, 2191969, 5462526, 4398214, 3639684)
	Update on sbtest8  (cost=0.43..48.53 rows=0 width=0)
	  ->  Index Scan using sbtest8_pkey on sbtest8  (cost=0.43..48.53 rows=10 width=490)
	        Index Cond: (id = ANY ('{7707706,9714284,2618917,9100258,7321648,9353695,2191969,5462526,4398214,3639684}'::integer[]))

for update-inlist
table 1 : explain UPDATE sbtest1 set c=7 WHERE id IN ( 6431542, 2603853, 8164020, 4022553, 3317787, 5966004, 8299560, 1410393, 2022616, 8338563)
	Update on sbtest1  (cost=0.43..48.53 rows=0 width=0)
	  ->  Index Scan using sbtest1_pkey on sbtest1  (cost=0.43..48.53 rows=10 width=490)
	        Index Cond: (id = ANY ('{6431542,2603853,8164020,4022553,3317787,5966004,8299560,1410393,2022616,8338563}'::integer[]))

table 2 : explain UPDATE sbtest2 set c=7 WHERE id IN ( 6431542, 2603853, 8164020, 4022553, 3317787, 5966004, 8299560, 1410393, 2022616, 8338563)
	Update on sbtest2  (cost=0.43..48.53 rows=0 width=0)
	  ->  Index Scan using sbtest2_pkey on sbtest2  (cost=0.43..48.53 rows=10 width=490)
	        Index Cond: (id = ANY ('{6431542,2603853,8164020,4022553,3317787,5966004,8299560,1410393,2022616,8338563}'::integer[]))

table 3 : explain UPDATE sbtest3 set c=7 WHERE id IN ( 6431542, 2603853, 8164020, 4022553, 3317787, 5966004, 8299560, 1410393, 2022616, 8338563)
	Update on sbtest3  (cost=0.43..48.53 rows=0 width=0)
	  ->  Index Scan using sbtest3_pkey on sbtest3  (cost=0.43..48.53 rows=10 width=490)
	        Index Cond: (id = ANY ('{6431542,2603853,8164020,4022553,3317787,5966004,8299560,1410393,2022616,8338563}'::integer[]))

table 4 : explain UPDATE sbtest4 set c=7 WHERE id IN ( 6431542, 2603853, 8164020, 4022553, 3317787, 5966004, 8299560, 1410393, 2022616, 8338563)
	Update on sbtest4  (cost=0.43..48.53 rows=0 width=0)
	  ->  Index Scan using sbtest4_pkey on sbtest4  (cost=0.43..48.53 rows=10 width=490)
	        Index Cond: (id = ANY ('{6431542,2603853,8164020,4022553,3317787,5966004,8299560,1410393,2022616,8338563}'::integer[]))

table 5 : explain UPDATE sbtest5 set c=7 WHERE id IN ( 6431542, 2603853, 8164020, 4022553, 3317787, 5966004, 8299560, 1410393, 2022616, 8338563)
	Update on sbtest5  (cost=0.43..48.53 rows=0 width=0)
	  ->  Index Scan using sbtest5_pkey on sbtest5  (cost=0.43..48.53 rows=10 width=490)
	        Index Cond: (id = ANY ('{6431542,2603853,8164020,4022553,3317787,5966004,8299560,1410393,2022616,8338563}'::integer[]))

table 6 : explain UPDATE sbtest6 set c=7 WHERE id IN ( 6431542, 2603853, 8164020, 4022553, 3317787, 5966004, 8299560, 1410393, 2022616, 8338563)
	Update on sbtest6  (cost=0.43..48.53 rows=0 width=0)
	  ->  Index Scan using sbtest6_pkey on sbtest6  (cost=0.43..48.53 rows=10 width=490)
	        Index Cond: (id = ANY ('{6431542,2603853,8164020,4022553,3317787,5966004,8299560,1410393,2022616,8338563}'::integer[]))

table 7 : explain UPDATE sbtest7 set c=7 WHERE id IN ( 6431542, 2603853, 8164020, 4022553, 3317787, 5966004, 8299560, 1410393, 2022616, 8338563)
	Update on sbtest7  (cost=0.43..48.53 rows=0 width=0)
	  ->  Index Scan using sbtest7_pkey on sbtest7  (cost=0.43..48.53 rows=10 width=490)
	        Index Cond: (id = ANY ('{6431542,2603853,8164020,4022553,3317787,5966004,8299560,1410393,2022616,8338563}'::integer[]))

table 8 : explain UPDATE sbtest8 set c=7 WHERE id IN ( 6431542, 2603853, 8164020, 4022553, 3317787, 5966004, 8299560, 1410393, 2022616, 8338563)
	Update on sbtest8  (cost=0.43..48.53 rows=0 width=0)
	  ->  Index Scan using sbtest8_pkey on sbtest8  (cost=0.43..48.53 rows=10 width=490)
	        Index Cond: (id = ANY ('{6431542,2603853,8164020,4022553,3317787,5966004,8299560,1410393,2022616,8338563}'::integer[]))

for update-inlist
table 1 : explain UPDATE sbtest1 set c=7 WHERE id IN ( 8563529, 5464961, 946580, 3584673, 536041, 7619547, 699415, 8143932, 2749271, 4215114)
	Update on sbtest1  (cost=0.43..48.53 rows=0 width=0)
	  ->  Index Scan using sbtest1_pkey on sbtest1  (cost=0.43..48.53 rows=10 width=490)
	        Index Cond: (id = ANY ('{8563529,5464961,946580,3584673,536041,7619547,699415,8143932,2749271,4215114}'::integer[]))

table 2 : explain UPDATE sbtest2 set c=7 WHERE id IN ( 8563529, 5464961, 946580, 3584673, 536041, 7619547, 699415, 8143932, 2749271, 4215114)
	Update on sbtest2  (cost=0.43..48.53 rows=0 width=0)
	  ->  Index Scan using sbtest2_pkey on sbtest2  (cost=0.43..48.53 rows=10 width=490)
	        Index Cond: (id = ANY ('{8563529,5464961,946580,3584673,536041,7619547,699415,8143932,2749271,4215114}'::integer[]))

table 3 : explain UPDATE sbtest3 set c=7 WHERE id IN ( 8563529, 5464961, 946580, 3584673, 536041, 7619547, 699415, 8143932, 2749271, 4215114)
	Update on sbtest3  (cost=0.43..48.53 rows=0 width=0)
	  ->  Index Scan using sbtest3_pkey on sbtest3  (cost=0.43..48.53 rows=10 width=490)
	        Index Cond: (id = ANY ('{8563529,5464961,946580,3584673,536041,7619547,699415,8143932,2749271,4215114}'::integer[]))

table 4 : explain UPDATE sbtest4 set c=7 WHERE id IN ( 8563529, 5464961, 946580, 3584673, 536041, 7619547, 699415, 8143932, 2749271, 4215114)
	Update on sbtest4  (cost=0.43..48.53 rows=0 width=0)
	  ->  Index Scan using sbtest4_pkey on sbtest4  (cost=0.43..48.53 rows=10 width=490)
	        Index Cond: (id = ANY ('{8563529,5464961,946580,3584673,536041,7619547,699415,8143932,2749271,4215114}'::integer[]))

table 5 : explain UPDATE sbtest5 set c=7 WHERE id IN ( 8563529, 5464961, 946580, 3584673, 536041, 7619547, 699415, 8143932, 2749271, 4215114)
	Update on sbtest5  (cost=0.43..48.53 rows=0 width=0)
	  ->  Index Scan using sbtest5_pkey on sbtest5  (cost=0.43..48.53 rows=10 width=490)
	        Index Cond: (id = ANY ('{8563529,5464961,946580,3584673,536041,7619547,699415,8143932,2749271,4215114}'::integer[]))

table 6 : explain UPDATE sbtest6 set c=7 WHERE id IN ( 8563529, 5464961, 946580, 3584673, 536041, 7619547, 699415, 8143932, 2749271, 4215114)
	Update on sbtest6  (cost=0.43..48.53 rows=0 width=0)
	  ->  Index Scan using sbtest6_pkey on sbtest6  (cost=0.43..48.53 rows=10 width=490)
	        Index Cond: (id = ANY ('{8563529,5464961,946580,3584673,536041,7619547,699415,8143932,2749271,4215114}'::integer[]))

table 7 : explain UPDATE sbtest7 set c=7 WHERE id IN ( 8563529, 5464961, 946580, 3584673, 536041, 7619547, 699415, 8143932, 2749271, 4215114)
	Update on sbtest7  (cost=0.43..48.53 rows=0 width=0)
	  ->  Index Scan using sbtest7_pkey on sbtest7  (cost=0.43..48.53 rows=10 width=490)
	        Index Cond: (id = ANY ('{8563529,5464961,946580,3584673,536041,7619547,699415,8143932,2749271,4215114}'::integer[]))

table 8 : explain UPDATE sbtest8 set c=7 WHERE id IN ( 8563529, 5464961, 946580, 3584673, 536041, 7619547, 699415, 8143932, 2749271, 4215114)
	Update on sbtest8  (cost=0.43..48.53 rows=0 width=0)
	  ->  Index Scan using sbtest8_pkey on sbtest8  (cost=0.43..48.53 rows=10 width=490)
	        Index Cond: (id = ANY ('{8563529,5464961,946580,3584673,536041,7619547,699415,8143932,2749271,4215114}'::integer[]))

explain: for update-inlist :: explain UPDATE sbtest%d set c=7 WHERE id IN ( 2346316, 7176141, 1675832, 7329670, 2715638, 3517705, 4453001, 6694352, 7437273, 6304109)
explain: for update-inlist :: explain UPDATE sbtest%d set c=7 WHERE id IN ( 4076355, 8292705, 8142969, 8491635, 498268, 2950272, 8892925, 1749245, 8887543, 6198897)
explain: for update-inlist :: explain UPDATE sbtest%d set c=7 WHERE id IN ( 3340341, 5461024, 5728879, 6211246, 6105734, 381387, 5202821, 4843964, 1969578, 7627437)
explain: for update-inlist :: explain UPDATE sbtest%d set c=7 WHERE id IN ( 1365325, 53651, 5565280, 7687640, 3303001, 2196227, 4105116, 4641922, 7128178, 3898594)
for update-inlist
table 1 : explain UPDATE sbtest1 set c=7 WHERE id IN ( 2346316, 7176141, 1675832, 7329670, 2715638, 3517705, 4453001, 6694352, 7437273, 6304109)
	Update on sbtest1  (cost=0.43..48.53 rows=0 width=0)
	  ->  Index Scan using sbtest1_pkey on sbtest1  (cost=0.43..48.53 rows=10 width=490)
	        Index Cond: (id = ANY ('{2346316,7176141,1675832,7329670,2715638,3517705,4453001,6694352,7437273,6304109}'::integer[]))

table 2 : explain UPDATE sbtest2 set c=7 WHERE id IN ( 2346316, 7176141, 1675832, 7329670, 2715638, 3517705, 4453001, 6694352, 7437273, 6304109)
	Update on sbtest2  (cost=0.43..48.53 rows=0 width=0)
	  ->  Index Scan using sbtest2_pkey on sbtest2  (cost=0.43..48.53 rows=10 width=490)
	        Index Cond: (id = ANY ('{2346316,7176141,1675832,7329670,2715638,3517705,4453001,6694352,7437273,6304109}'::integer[]))

table 3 : explain UPDATE sbtest3 set c=7 WHERE id IN ( 2346316, 7176141, 1675832, 7329670, 2715638, 3517705, 4453001, 6694352, 7437273, 6304109)
	Update on sbtest3  (cost=0.43..48.53 rows=0 width=0)
	  ->  Index Scan using sbtest3_pkey on sbtest3  (cost=0.43..48.53 rows=10 width=490)
	        Index Cond: (id = ANY ('{2346316,7176141,1675832,7329670,2715638,3517705,4453001,6694352,7437273,6304109}'::integer[]))

table 4 : explain UPDATE sbtest4 set c=7 WHERE id IN ( 2346316, 7176141, 1675832, 7329670, 2715638, 3517705, 4453001, 6694352, 7437273, 6304109)
	Update on sbtest4  (cost=0.43..48.53 rows=0 width=0)
	  ->  Index Scan using sbtest4_pkey on sbtest4  (cost=0.43..48.53 rows=10 width=490)
	        Index Cond: (id = ANY ('{2346316,7176141,1675832,7329670,2715638,3517705,4453001,6694352,7437273,6304109}'::integer[]))

table 5 : explain UPDATE sbtest5 set c=7 WHERE id IN ( 2346316, 7176141, 1675832, 7329670, 2715638, 3517705, 4453001, 6694352, 7437273, 6304109)
	Update on sbtest5  (cost=0.43..48.53 rows=0 width=0)
	  ->  Index Scan using sbtest5_pkey on sbtest5  (cost=0.43..48.53 rows=10 width=490)
	        Index Cond: (id = ANY ('{2346316,7176141,1675832,7329670,2715638,3517705,4453001,6694352,7437273,6304109}'::integer[]))

table 6 : explain UPDATE sbtest6 set c=7 WHERE id IN ( 2346316, 7176141, 1675832, 7329670, 2715638, 3517705, 4453001, 6694352, 7437273, 6304109)
	Update on sbtest6  (cost=0.43..48.53 rows=0 width=0)
	  ->  Index Scan using sbtest6_pkey on sbtest6  (cost=0.43..48.53 rows=10 width=490)
	        Index Cond: (id = ANY ('{2346316,7176141,1675832,7329670,2715638,3517705,4453001,6694352,7437273,6304109}'::integer[]))

table 7 : explain UPDATE sbtest7 set c=7 WHERE id IN ( 2346316, 7176141, 1675832, 7329670, 2715638, 3517705, 4453001, 6694352, 7437273, 6304109)
	Update on sbtest7  (cost=0.43..48.53 rows=0 width=0)
	  ->  Index Scan using sbtest7_pkey on sbtest7  (cost=0.43..48.53 rows=10 width=490)
	        Index Cond: (id = ANY ('{2346316,7176141,1675832,7329670,2715638,3517705,4453001,6694352,7437273,6304109}'::integer[]))

table 8 : explain UPDATE sbtest8 set c=7 WHERE id IN ( 2346316, 7176141, 1675832, 7329670, 2715638, 3517705, 4453001, 6694352, 7437273, 6304109)
	Update on sbtest8  (cost=0.43..48.53 rows=0 width=0)
	  ->  Index Scan using sbtest8_pkey on sbtest8  (cost=0.43..48.53 rows=10 width=490)
	        Index Cond: (id = ANY ('{2346316,7176141,1675832,7329670,2715638,3517705,4453001,6694352,7437273,6304109}'::integer[]))

for update-inlist
table 1 : explain UPDATE sbtest1 set c=7 WHERE id IN ( 4076355, 8292705, 8142969, 8491635, 498268, 2950272, 8892925, 1749245, 8887543, 6198897)
	Update on sbtest1  (cost=0.43..48.53 rows=0 width=0)
	  ->  Index Scan using sbtest1_pkey on sbtest1  (cost=0.43..48.53 rows=10 width=490)
	        Index Cond: (id = ANY ('{4076355,8292705,8142969,8491635,498268,2950272,8892925,1749245,8887543,6198897}'::integer[]))

table 2 : explain UPDATE sbtest2 set c=7 WHERE id IN ( 4076355, 8292705, 8142969, 8491635, 498268, 2950272, 8892925, 1749245, 8887543, 6198897)
	Update on sbtest2  (cost=0.43..48.53 rows=0 width=0)
	  ->  Index Scan using sbtest2_pkey on sbtest2  (cost=0.43..48.53 rows=10 width=490)
	        Index Cond: (id = ANY ('{4076355,8292705,8142969,8491635,498268,2950272,8892925,1749245,8887543,6198897}'::integer[]))

table 3 : explain UPDATE sbtest3 set c=7 WHERE id IN ( 4076355, 8292705, 8142969, 8491635, 498268, 2950272, 8892925, 1749245, 8887543, 6198897)
	Update on sbtest3  (cost=0.43..48.53 rows=0 width=0)
	  ->  Index Scan using sbtest3_pkey on sbtest3  (cost=0.43..48.53 rows=10 width=490)
	        Index Cond: (id = ANY ('{4076355,8292705,8142969,8491635,498268,2950272,8892925,1749245,8887543,6198897}'::integer[]))

table 4 : explain UPDATE sbtest4 set c=7 WHERE id IN ( 4076355, 8292705, 8142969, 8491635, 498268, 2950272, 8892925, 1749245, 8887543, 6198897)
	Update on sbtest4  (cost=0.43..48.53 rows=0 width=0)
	  ->  Index Scan using sbtest4_pkey on sbtest4  (cost=0.43..48.53 rows=10 width=490)
	        Index Cond: (id = ANY ('{4076355,8292705,8142969,8491635,498268,2950272,8892925,1749245,8887543,6198897}'::integer[]))

table 5 : explain UPDATE sbtest5 set c=7 WHERE id IN ( 4076355, 8292705, 8142969, 8491635, 498268, 2950272, 8892925, 1749245, 8887543, 6198897)
	Update on sbtest5  (cost=0.43..48.53 rows=0 width=0)
	  ->  Index Scan using sbtest5_pkey on sbtest5  (cost=0.43..48.53 rows=10 width=490)
	        Index Cond: (id = ANY ('{4076355,8292705,8142969,8491635,498268,2950272,8892925,1749245,8887543,6198897}'::integer[]))

table 6 : explain UPDATE sbtest6 set c=7 WHERE id IN ( 4076355, 8292705, 8142969, 8491635, 498268, 2950272, 8892925, 1749245, 8887543, 6198897)
	Update on sbtest6  (cost=0.43..48.53 rows=0 width=0)
	  ->  Index Scan using sbtest6_pkey on sbtest6  (cost=0.43..48.53 rows=10 width=490)
	        Index Cond: (id = ANY ('{4076355,8292705,8142969,8491635,498268,2950272,8892925,1749245,8887543,6198897}'::integer[]))

table 7 : explain UPDATE sbtest7 set c=7 WHERE id IN ( 4076355, 8292705, 8142969, 8491635, 498268, 2950272, 8892925, 1749245, 8887543, 6198897)
	Update on sbtest7  (cost=0.43..48.53 rows=0 width=0)
	  ->  Index Scan using sbtest7_pkey on sbtest7  (cost=0.43..48.53 rows=10 width=490)
	        Index Cond: (id = ANY ('{4076355,8292705,8142969,8491635,498268,2950272,8892925,1749245,8887543,6198897}'::integer[]))

table 8 : explain UPDATE sbtest8 set c=7 WHERE id IN ( 4076355, 8292705, 8142969, 8491635, 498268, 2950272, 8892925, 1749245, 8887543, 6198897)
	Update on sbtest8  (cost=0.43..48.53 rows=0 width=0)
	  ->  Index Scan using sbtest8_pkey on sbtest8  (cost=0.43..48.53 rows=10 width=490)
	        Index Cond: (id = ANY ('{4076355,8292705,8142969,8491635,498268,2950272,8892925,1749245,8887543,6198897}'::integer[]))

for update-inlist
table 1 : explain UPDATE sbtest1 set c=7 WHERE id IN ( 3340341, 5461024, 5728879, 6211246, 6105734, 381387, 5202821, 4843964, 1969578, 7627437)
	Update on sbtest1  (cost=0.43..48.53 rows=0 width=0)
	  ->  Index Scan using sbtest1_pkey on sbtest1  (cost=0.43..48.53 rows=10 width=490)
	        Index Cond: (id = ANY ('{3340341,5461024,5728879,6211246,6105734,381387,5202821,4843964,1969578,7627437}'::integer[]))

table 2 : explain UPDATE sbtest2 set c=7 WHERE id IN ( 3340341, 5461024, 5728879, 6211246, 6105734, 381387, 5202821, 4843964, 1969578, 7627437)
	Update on sbtest2  (cost=0.43..48.53 rows=0 width=0)
	  ->  Index Scan using sbtest2_pkey on sbtest2  (cost=0.43..48.53 rows=10 width=490)
	        Index Cond: (id = ANY ('{3340341,5461024,5728879,6211246,6105734,381387,5202821,4843964,1969578,7627437}'::integer[]))

table 3 : explain UPDATE sbtest3 set c=7 WHERE id IN ( 3340341, 5461024, 5728879, 6211246, 6105734, 381387, 5202821, 4843964, 1969578, 7627437)
	Update on sbtest3  (cost=0.43..48.53 rows=0 width=0)
	  ->  Index Scan using sbtest3_pkey on sbtest3  (cost=0.43..48.53 rows=10 width=490)
	        Index Cond: (id = ANY ('{3340341,5461024,5728879,6211246,6105734,381387,5202821,4843964,1969578,7627437}'::integer[]))

table 4 : explain UPDATE sbtest4 set c=7 WHERE id IN ( 3340341, 5461024, 5728879, 6211246, 6105734, 381387, 5202821, 4843964, 1969578, 7627437)
	Update on sbtest4  (cost=0.43..48.53 rows=0 width=0)
	  ->  Index Scan using sbtest4_pkey on sbtest4  (cost=0.43..48.53 rows=10 width=490)
	        Index Cond: (id = ANY ('{3340341,5461024,5728879,6211246,6105734,381387,5202821,4843964,1969578,7627437}'::integer[]))

table 5 : explain UPDATE sbtest5 set c=7 WHERE id IN ( 3340341, 5461024, 5728879, 6211246, 6105734, 381387, 5202821, 4843964, 1969578, 7627437)
	Update on sbtest5  (cost=0.43..48.53 rows=0 width=0)
	  ->  Index Scan using sbtest5_pkey on sbtest5  (cost=0.43..48.53 rows=10 width=490)
	        Index Cond: (id = ANY ('{3340341,5461024,5728879,6211246,6105734,381387,5202821,4843964,1969578,7627437}'::integer[]))

table 6 : explain UPDATE sbtest6 set c=7 WHERE id IN ( 3340341, 5461024, 5728879, 6211246, 6105734, 381387, 5202821, 4843964, 1969578, 7627437)
	Update on sbtest6  (cost=0.43..48.53 rows=0 width=0)
	  ->  Index Scan using sbtest6_pkey on sbtest6  (cost=0.43..48.53 rows=10 width=490)
	        Index Cond: (id = ANY ('{3340341,5461024,5728879,6211246,6105734,381387,5202821,4843964,1969578,7627437}'::integer[]))

table 7 : explain UPDATE sbtest7 set c=7 WHERE id IN ( 3340341, 5461024, 5728879, 6211246, 6105734, 381387, 5202821, 4843964, 1969578, 7627437)
	Update on sbtest7  (cost=0.43..48.53 rows=0 width=0)
	  ->  Index Scan using sbtest7_pkey on sbtest7  (cost=0.43..48.53 rows=10 width=490)
	        Index Cond: (id = ANY ('{3340341,5461024,5728879,6211246,6105734,381387,5202821,4843964,1969578,7627437}'::integer[]))

table 8 : explain UPDATE sbtest8 set c=7 WHERE id IN ( 3340341, 5461024, 5728879, 6211246, 6105734, 381387, 5202821, 4843964, 1969578, 7627437)
	Update on sbtest8  (cost=0.43..48.53 rows=0 width=0)
	  ->  Index Scan using sbtest8_pkey on sbtest8  (cost=0.43..48.53 rows=10 width=490)
	        Index Cond: (id = ANY ('{3340341,5461024,5728879,6211246,6105734,381387,5202821,4843964,1969578,7627437}'::integer[]))

explain: for update-inlist :: explain UPDATE sbtest%d set c=7 WHERE id IN ( 5159005, 1091377, 7629775, 4323173, 2401498, 7109573, 704772, 3197395, 5229989, 4396701)
for update-inlist
table 1 : explain UPDATE sbtest1 set c=7 WHERE id IN ( 1365325, 53651, 5565280, 7687640, 3303001, 2196227, 4105116, 4641922, 7128178, 3898594)
	Update on sbtest1  (cost=0.43..48.53 rows=0 width=0)
	  ->  Index Scan using sbtest1_pkey on sbtest1  (cost=0.43..48.53 rows=10 width=490)
	        Index Cond: (id = ANY ('{1365325,53651,5565280,7687640,3303001,2196227,4105116,4641922,7128178,3898594}'::integer[]))

table 2 : explain UPDATE sbtest2 set c=7 WHERE id IN ( 1365325, 53651, 5565280, 7687640, 3303001, 2196227, 4105116, 4641922, 7128178, 3898594)
	Update on sbtest2  (cost=0.43..48.53 rows=0 width=0)
	  ->  Index Scan using sbtest2_pkey on sbtest2  (cost=0.43..48.53 rows=10 width=490)
	        Index Cond: (id = ANY ('{1365325,53651,5565280,7687640,3303001,2196227,4105116,4641922,7128178,3898594}'::integer[]))

table 3 : explain UPDATE sbtest3 set c=7 WHERE id IN ( 1365325, 53651, 5565280, 7687640, 3303001, 2196227, 4105116, 4641922, 7128178, 3898594)
	Update on sbtest3  (cost=0.43..48.53 rows=0 width=0)
	  ->  Index Scan using sbtest3_pkey on sbtest3  (cost=0.43..48.53 rows=10 width=490)
	        Index Cond: (id = ANY ('{1365325,53651,5565280,7687640,3303001,2196227,4105116,4641922,7128178,3898594}'::integer[]))

table 4 : explain UPDATE sbtest4 set c=7 WHERE id IN ( 1365325, 53651, 5565280, 7687640, 3303001, 2196227, 4105116, 4641922, 7128178, 3898594)
	Update on sbtest4  (cost=0.43..48.53 rows=0 width=0)
	  ->  Index Scan using sbtest4_pkey on sbtest4  (cost=0.43..48.53 rows=10 width=490)
	        Index Cond: (id = ANY ('{1365325,53651,5565280,7687640,3303001,2196227,4105116,4641922,7128178,3898594}'::integer[]))

table 5 : explain UPDATE sbtest5 set c=7 WHERE id IN ( 1365325, 53651, 5565280, 7687640, 3303001, 2196227, 4105116, 4641922, 7128178, 3898594)
	Update on sbtest5  (cost=0.43..48.53 rows=0 width=0)
	  ->  Index Scan using sbtest5_pkey on sbtest5  (cost=0.43..48.53 rows=10 width=490)
	        Index Cond: (id = ANY ('{1365325,53651,5565280,7687640,3303001,2196227,4105116,4641922,7128178,3898594}'::integer[]))

table 6 : explain UPDATE sbtest6 set c=7 WHERE id IN ( 1365325, 53651, 5565280, 7687640, 3303001, 2196227, 4105116, 4641922, 7128178, 3898594)
	Update on sbtest6  (cost=0.43..48.53 rows=0 width=0)
	  ->  Index Scan using sbtest6_pkey on sbtest6  (cost=0.43..48.53 rows=10 width=490)
	        Index Cond: (id = ANY ('{1365325,53651,5565280,7687640,3303001,2196227,4105116,4641922,7128178,3898594}'::integer[]))

table 7 : explain UPDATE sbtest7 set c=7 WHERE id IN ( 1365325, 53651, 5565280, 7687640, 3303001, 2196227, 4105116, 4641922, 7128178, 3898594)
	Update on sbtest7  (cost=0.43..48.53 rows=0 width=0)
	  ->  Index Scan using sbtest7_pkey on sbtest7  (cost=0.43..48.53 rows=10 width=490)
	        Index Cond: (id = ANY ('{1365325,53651,5565280,7687640,3303001,2196227,4105116,4641922,7128178,3898594}'::integer[]))

table 8 : explain UPDATE sbtest8 set c=7 WHERE id IN ( 1365325, 53651, 5565280, 7687640, 3303001, 2196227, 4105116, 4641922, 7128178, 3898594)
	Update on sbtest8  (cost=0.43..48.53 rows=0 width=0)
	  ->  Index Scan using sbtest8_pkey on sbtest8  (cost=0.43..48.53 rows=10 width=490)
	        Index Cond: (id = ANY ('{1365325,53651,5565280,7687640,3303001,2196227,4105116,4641922,7128178,3898594}'::integer[]))

for update-inlist
table 1 : explain UPDATE sbtest1 set c=7 WHERE id IN ( 5159005, 1091377, 7629775, 4323173, 2401498, 7109573, 704772, 3197395, 5229989, 4396701)
	Update on sbtest1  (cost=0.43..48.53 rows=0 width=0)
	  ->  Index Scan using sbtest1_pkey on sbtest1  (cost=0.43..48.53 rows=10 width=490)
	        Index Cond: (id = ANY ('{5159005,1091377,7629775,4323173,2401498,7109573,704772,3197395,5229989,4396701}'::integer[]))

table 2 : explain UPDATE sbtest2 set c=7 WHERE id IN ( 5159005, 1091377, 7629775, 4323173, 2401498, 7109573, 704772, 3197395, 5229989, 4396701)
	Update on sbtest2  (cost=0.43..48.53 rows=0 width=0)
	  ->  Index Scan using sbtest2_pkey on sbtest2  (cost=0.43..48.53 rows=10 width=490)
	        Index Cond: (id = ANY ('{5159005,1091377,7629775,4323173,2401498,7109573,704772,3197395,5229989,4396701}'::integer[]))

table 3 : explain UPDATE sbtest3 set c=7 WHERE id IN ( 5159005, 1091377, 7629775, 4323173, 2401498, 7109573, 704772, 3197395, 5229989, 4396701)
	Update on sbtest3  (cost=0.43..48.53 rows=0 width=0)
	  ->  Index Scan using sbtest3_pkey on sbtest3  (cost=0.43..48.53 rows=10 width=490)
	        Index Cond: (id = ANY ('{5159005,1091377,7629775,4323173,2401498,7109573,704772,3197395,5229989,4396701}'::integer[]))

table 4 : explain UPDATE sbtest4 set c=7 WHERE id IN ( 5159005, 1091377, 7629775, 4323173, 2401498, 7109573, 704772, 3197395, 5229989, 4396701)
	Update on sbtest4  (cost=0.43..48.53 rows=0 width=0)
	  ->  Index Scan using sbtest4_pkey on sbtest4  (cost=0.43..48.53 rows=10 width=490)
	        Index Cond: (id = ANY ('{5159005,1091377,7629775,4323173,2401498,7109573,704772,3197395,5229989,4396701}'::integer[]))

table 5 : explain UPDATE sbtest5 set c=7 WHERE id IN ( 5159005, 1091377, 7629775, 4323173, 2401498, 7109573, 704772, 3197395, 5229989, 4396701)
	Update on sbtest5  (cost=0.43..48.53 rows=0 width=0)
	  ->  Index Scan using sbtest5_pkey on sbtest5  (cost=0.43..48.53 rows=10 width=490)
	        Index Cond: (id = ANY ('{5159005,1091377,7629775,4323173,2401498,7109573,704772,3197395,5229989,4396701}'::integer[]))

table 6 : explain UPDATE sbtest6 set c=7 WHERE id IN ( 5159005, 1091377, 7629775, 4323173, 2401498, 7109573, 704772, 3197395, 5229989, 4396701)
	Update on sbtest6  (cost=0.43..48.53 rows=0 width=0)
	  ->  Index Scan using sbtest6_pkey on sbtest6  (cost=0.43..48.53 rows=10 width=490)
	        Index Cond: (id = ANY ('{5159005,1091377,7629775,4323173,2401498,7109573,704772,3197395,5229989,4396701}'::integer[]))

table 7 : explain UPDATE sbtest7 set c=7 WHERE id IN ( 5159005, 1091377, 7629775, 4323173, 2401498, 7109573, 704772, 3197395, 5229989, 4396701)
	Update on sbtest7  (cost=0.43..48.53 rows=0 width=0)
	  ->  Index Scan using sbtest7_pkey on sbtest7  (cost=0.43..48.53 rows=10 width=490)
	        Index Cond: (id = ANY ('{5159005,1091377,7629775,4323173,2401498,7109573,704772,3197395,5229989,4396701}'::integer[]))

table 8 : explain UPDATE sbtest8 set c=7 WHERE id IN ( 5159005, 1091377, 7629775, 4323173, 2401498, 7109573, 704772, 3197395, 5229989, 4396701)
	Update on sbtest8  (cost=0.43..48.53 rows=0 width=0)
	  ->  Index Scan using sbtest8_pkey on sbtest8  (cost=0.43..48.53 rows=10 width=490)
	        Index Cond: (id = ANY ('{5159005,1091377,7629775,4323173,2401498,7109573,704772,3197395,5229989,4396701}'::integer[]))

Threads started!

Warming up for 5 seconds...

SQL statistics:
    queries performed:
        read:                            0
        write:                           106554484
        other:                           0
        total:                           106554484
    transactions:                        106554484 (114573.72 per sec.)
    queries:                             106554484 (114573.72 per sec.)
    ignored errors:                      0      (0.00 per sec.)
    reconnects:                          0      (0.00 per sec.)

Throughput:
    events/s (eps):                      114573.7224
    time elapsed:                        930.0081s
    total number of events:              106554484

Latency (ms):
         min:                                    0.12
         avg:                                    0.35
         max:                                  107.77
         95th percentile:                        0.53
         sum:                             37127943.01

Threads fairness:
    events (avg/stddev):           2663862.1000/16728.16
    execution time (avg/stddev):   928.1986/0.03

