LUA_PATH=/home/mdcallag/git/mytools/bench/sysbench.lua/lua/?.lua /home/mdcallag/git/mytools/bench/sysbench.lua/lua/sysbench --db-driver=pgsql --range-size=10 --table-size=10000000 --tables=8 --threads=40 --events=0 --warmup-time=5 --time=930 --pgsql_conn_id=true /home/mdcallag/git/mytools/bench/sysbench.lua/lua/oltp_read_write.lua run --pgsql-user=root --pgsql-password=pw --pgsql-host=127.0.0.1 --pgsql-db=ib --rand-type=uniform
48 CPUs
sysbench 1.1.0-9072687 (using bundled LuaJIT 2.1.0-beta3)

Running the test with following options:
Number of threads: 40
Warmup time: 5s
Initializing random number generator from current time


Initializing worker threads...

explain: for point_selects :: explain SELECT c FROM sbtest%u WHERE id=%u
explain: for point_selects :: explain SELECT c FROM sbtest%u WHERE id=%u
for point_selects
table 1 : explain SELECT c FROM sbtest1 WHERE id=123894
	Index Scan using sbtest1_pkey on sbtest1  (cost=0.43..8.45 rows=1 width=121)
	  Index Cond: (id = 123894)

table 2 : explain SELECT c FROM sbtest2 WHERE id=8473118
	Index Scan using sbtest2_pkey on sbtest2  (cost=0.43..8.45 rows=1 width=121)
	  Index Cond: (id = 8473118)

table 3 : explain SELECT c FROM sbtest3 WHERE id=5410308
	Index Scan using sbtest3_pkey on sbtest3  (cost=0.43..8.45 rows=1 width=121)
	  Index Cond: (id = 5410308)

table 4 : explain SELECT c FROM sbtest4 WHERE id=9986213
	Index Scan using sbtest4_pkey on sbtest4  (cost=0.43..8.45 rows=1 width=121)
	  Index Cond: (id = 9986213)

table 5 : explain SELECT c FROM sbtest5 WHERE id=7958495
	Index Scan using sbtest5_pkey on sbtest5  (cost=0.43..8.45 rows=1 width=121)
	  Index Cond: (id = 7958495)

table 6 : explain SELECT c FROM sbtest6 WHERE id=8952471
	Index Scan using sbtest6_pkey on sbtest6  (cost=0.43..8.45 rows=1 width=121)
	  Index Cond: (id = 8952471)

table 7 : explain SELECT c FROM sbtest7 WHERE id=6975420
	Index Scan using sbtest7_pkey on sbtest7  (cost=0.43..8.45 rows=1 width=121)
	  Index Cond: (id = 6975420)

table 8 : explain SELECT c FROM sbtest8 WHERE id=8912894
	Index Scan using sbtest8_pkey on sbtest8  (cost=0.43..8.45 rows=1 width=121)
	  Index Cond: (id = 8912894)

explain: for point_selects :: explain SELECT c FROM sbtest%u WHERE id=%u
for: simple_ranges
table 1 : explain SELECT c FROM sbtest1 WHERE id BETWEEN 8805061 AND 8805070
	Index Scan using sbtest1_pkey on sbtest1  (cost=0.43..42.94 rows=11 width=121)
	  Index Cond: ((id >= 8805061) AND (id <= 8805070))

table 2 : explain SELECT c FROM sbtest2 WHERE id BETWEEN 3508125 AND 3508134
	Index Scan using sbtest2_pkey on sbtest2  (cost=0.43..39.27 rows=10 width=121)
	  Index Cond: ((id >= 3508125) AND (id <= 3508134))

table 3 : explain SELECT c FROM sbtest3 WHERE id BETWEEN 3014345 AND 3014354
	Index Scan using sbtest3_pkey on sbtest3  (cost=0.43..35.74 rows=9 width=121)
	  Index Cond: ((id >= 3014345) AND (id <= 3014354))

table 4 : explain SELECT c FROM sbtest4 WHERE id BETWEEN 8538445 AND 8538454
	Index Scan using sbtest4_pkey on sbtest4  (cost=0.43..38.88 rows=10 width=121)
	  Index Cond: ((id >= 8538445) AND (id <= 8538454))

table 5 : explain SELECT c FROM sbtest5 WHERE id BETWEEN 2437460 AND 2437469
	Index Scan using sbtest5_pkey on sbtest5  (cost=0.43..42.70 rows=11 width=121)
	  Index Cond: ((id >= 2437460) AND (id <= 2437469))

table 6 : explain SELECT c FROM sbtest6 WHERE id BETWEEN 3445219 AND 3445228
	Index Scan using sbtest6_pkey on sbtest6  (cost=0.43..35.98 rows=9 width=121)
	  Index Cond: ((id >= 3445219) AND (id <= 3445228))

table 7 : explain SELECT c FROM sbtest7 WHERE id BETWEEN 2213721 AND 2213730
	Index Scan using sbtest7_pkey on sbtest7  (cost=0.43..39.49 rows=10 width=121)
	  Index Cond: ((id >= 2213721) AND (id <= 2213730))

table 8 : explain SELECT c FROM sbtest8 WHERE id BETWEEN 990855 AND 990864
	Index Scan using sbtest8_pkey on sbtest8  (cost=0.43..39.49 rows=10 width=121)
	  Index Cond: ((id >= 990855) AND (id <= 990864))

for point_selects
table 1 : explain SELECT c FROM sbtest1 WHERE id=4975572
	Index Scan using sbtest1_pkey on sbtest1  (cost=0.43..8.45 rows=1 width=121)
	  Index Cond: (id = 4975572)

table 2 : explain SELECT c FROM sbtest2 WHERE id=9727666
	Index Scan using sbtest2_pkey on sbtest2  (cost=0.43..8.45 rows=1 width=121)
	  Index Cond: (id = 9727666)

table 3 : explain SELECT c FROM sbtest3 WHERE id=8514463
	Index Scan using sbtest3_pkey on sbtest3  (cost=0.43..8.45 rows=1 width=121)
	  Index Cond: (id = 8514463)

table 4 : explain SELECT c FROM sbtest4 WHERE id=8978532
	Index Scan using sbtest4_pkey on sbtest4  (cost=0.43..8.45 rows=1 width=121)
	  Index Cond: (id = 8978532)

table 5 : explain SELECT c FROM sbtest5 WHERE id=6613764
	Index Scan using sbtest5_pkey on sbtest5  (cost=0.43..8.45 rows=1 width=121)
	  Index Cond: (id = 6613764)

table 6 : explain SELECT c FROM sbtest6 WHERE id=5183739
	Index Scan using sbtest6_pkey on sbtest6  (cost=0.43..8.45 rows=1 width=121)
	  Index Cond: (id = 5183739)

table 7 : explain SELECT c FROM sbtest7 WHERE id=1019983
	Index Scan using sbtest7_pkey on sbtest7  (cost=0.43..8.45 rows=1 width=121)
	  Index Cond: (id = 1019983)

table 8 : explain SELECT c FROM sbtest8 WHERE id=4943076
	Index Scan using sbtest8_pkey on sbtest8  (cost=0.43..8.45 rows=1 width=121)
	  Index Cond: (id = 4943076)

explain: for point_selects :: explain SELECT c FROM sbtest%u WHERE id=%u
for: simple_ranges
table 1 : explain SELECT c FROM sbtest1 WHERE id BETWEEN 7422060 AND 7422069
	Index Scan using sbtest1_pkey on sbtest1  (cost=0.43..39.49 rows=10 width=121)
	  Index Cond: ((id >= 7422060) AND (id <= 7422069))

table 2 : explain SELECT c FROM sbtest2 WHERE id BETWEEN 7104884 AND 7104893
	Index Scan using sbtest2_pkey on sbtest2  (cost=0.43..39.27 rows=10 width=121)
	  Index Cond: ((id >= 7104884) AND (id <= 7104893))

table 3 : explain SELECT c FROM sbtest3 WHERE id BETWEEN 5258123 AND 5258132
	Index Scan using sbtest3_pkey on sbtest3  (cost=0.43..39.15 rows=10 width=121)
	  Index Cond: ((id >= 5258123) AND (id <= 5258132))

table 4 : explain SELECT c FROM sbtest4 WHERE id BETWEEN 2103552 AND 2103561
	Index Scan using sbtest4_pkey on sbtest4  (cost=0.43..42.26 rows=11 width=121)
	  Index Cond: ((id >= 2103552) AND (id <= 2103561))

table 5 : explain SELECT c FROM sbtest5 WHERE id BETWEEN 4821841 AND 4821850
	Index Scan using sbtest5_pkey on sbtest5  (cost=0.43..39.28 rows=10 width=121)
	  Index Cond: ((id >= 4821841) AND (id <= 4821850))

table 6 : explain SELECT c FROM sbtest6 WHERE id BETWEEN 9215851 AND 9215860
	Index Scan using sbtest6_pkey on sbtest6  (cost=0.43..39.42 rows=10 width=121)
	  Index Cond: ((id >= 9215851) AND (id <= 9215860))

table 7 : explain SELECT c FROM sbtest7 WHERE id BETWEEN 7518872 AND 7518881
	Index Scan using sbtest7_pkey on sbtest7  (cost=0.43..39.49 rows=10 width=121)
	  Index Cond: ((id >= 7518872) AND (id <= 7518881))

table 8 : explain SELECT c FROM sbtest8 WHERE id BETWEEN 4898319 AND 4898328
	Index Scan using sbtest8_pkey on sbtest8  (cost=0.43..39.49 rows=10 width=121)
	  Index Cond: ((id >= 4898319) AND (id <= 4898328))

for: sum_ranges
table 1 : explain SELECT SUM(k) FROM sbtest1 WHERE id BETWEEN 249430 AND 249439
	Aggregate  (cost=36.06..36.07 rows=1 width=8)
	  ->  Index Scan using sbtest1_pkey on sbtest1  (cost=0.43..36.04 rows=9 width=4)
	        Index Cond: ((id >= 249430) AND (id <= 249439))

table 2 : explain SELECT SUM(k) FROM sbtest2 WHERE id BETWEEN 4013950 AND 4013959
	Aggregate  (cost=42.72..42.73 rows=1 width=8)
	  ->  Index Scan using sbtest2_pkey on sbtest2  (cost=0.43..42.69 rows=11 width=4)
	        Index Cond: ((id >= 4013950) AND (id <= 4013959))

table 3 : explain SELECT SUM(k) FROM sbtest3 WHERE id BETWEEN 2025572 AND 2025581
	Aggregate  (cost=35.77..35.78 rows=1 width=8)
	  ->  Index Scan using sbtest3_pkey on sbtest3  (cost=0.43..35.74 rows=9 width=4)
	        Index Cond: ((id >= 2025572) AND (id <= 2025581))

table 4 : explain SELECT SUM(k) FROM sbtest4 WHERE id BETWEEN 6062347 AND 6062356
	Aggregate  (cost=38.90..38.91 rows=1 width=8)
	  ->  Index Scan using sbtest4_pkey on sbtest4  (cost=0.43..38.88 rows=10 width=4)
	        Index Cond: ((id >= 6062347) AND (id <= 6062356))

table 5 : explain SELECT SUM(k) FROM sbtest5 WHERE id BETWEEN 6695638 AND 6695647
	Aggregate  (cost=39.30..39.31 rows=1 width=8)
	  ->  Index Scan using sbtest5_pkey on sbtest5  (cost=0.43..39.28 rows=10 width=4)
	        Index Cond: ((id >= 6695638) AND (id <= 6695647))

table 6 : explain SELECT SUM(k) FROM sbtest6 WHERE id BETWEEN 8659028 AND 8659037
	Aggregate  (cost=39.45..39.46 rows=1 width=8)
	  ->  Index Scan using sbtest6_pkey on sbtest6  (cost=0.43..39.42 rows=10 width=4)
	        Index Cond: ((id >= 8659028) AND (id <= 8659037))

table 7 : explain SELECT SUM(k) FROM sbtest7 WHERE id BETWEEN 5400968 AND 5400977
	Aggregate  (cost=39.52..39.53 rows=1 width=8)
	  ->  Index Scan using sbtest7_pkey on sbtest7  (cost=0.43..39.49 rows=10 width=4)
	        Index Cond: ((id >= 5400968) AND (id <= 5400977))

table 8 : explain SELECT SUM(k) FROM sbtest8 WHERE id BETWEEN 8379954 AND 8379963
	Aggregate  (cost=39.52..39.53 rows=1 width=8)
	  ->  Index Scan using sbtest8_pkey on sbtest8  (cost=0.43..39.49 rows=10 width=4)
	        Index Cond: ((id >= 8379954) AND (id <= 8379963))

explain: for point_selects :: explain SELECT c FROM sbtest%u WHERE id=%u
explain: for point_selects :: explain SELECT c FROM sbtest%u WHERE id=%u
for point_selects
table 1 : explain SELECT c FROM sbtest1 WHERE id=6515007
	Index Scan using sbtest1_pkey on sbtest1  (cost=0.43..8.45 rows=1 width=121)
	  Index Cond: (id = 6515007)

table 2 : explain SELECT c FROM sbtest2 WHERE id=9615072
	Index Scan using sbtest2_pkey on sbtest2  (cost=0.43..8.45 rows=1 width=121)
	  Index Cond: (id = 9615072)

table 3 : explain SELECT c FROM sbtest3 WHERE id=5715763
	Index Scan using sbtest3_pkey on sbtest3  (cost=0.43..8.45 rows=1 width=121)
	  Index Cond: (id = 5715763)

table 4 : explain SELECT c FROM sbtest4 WHERE id=3457223
	Index Scan using sbtest4_pkey on sbtest4  (cost=0.43..8.45 rows=1 width=121)
	  Index Cond: (id = 3457223)

table 5 : explain SELECT c FROM sbtest5 WHERE id=4564700
	Index Scan using sbtest5_pkey on sbtest5  (cost=0.43..8.45 rows=1 width=121)
	  Index Cond: (id = 4564700)

table 6 : explain SELECT c FROM sbtest6 WHERE id=5139411
	Index Scan using sbtest6_pkey on sbtest6  (cost=0.43..8.45 rows=1 width=121)
	  Index Cond: (id = 5139411)

table 7 : explain SELECT c FROM sbtest7 WHERE id=8114167
	Index Scan using sbtest7_pkey on sbtest7  (cost=0.43..8.45 rows=1 width=121)
	  Index Cond: (id = 8114167)

table 8 : explain SELECT c FROM sbtest8 WHERE id=6179176
	Index Scan using sbtest8_pkey on sbtest8  (cost=0.43..8.45 rows=1 width=121)
	  Index Cond: (id = 6179176)

for: sum_ranges
table 1 : explain SELECT SUM(k) FROM sbtest1 WHERE id BETWEEN 5036327 AND 5036336
	Aggregate  (cost=39.51..39.52 rows=1 width=8)
	  ->  Index Scan using sbtest1_pkey on sbtest1  (cost=0.43..39.49 rows=10 width=4)
	        Index Cond: ((id >= 5036327) AND (id <= 5036336))

table 2 : explain SELECT SUM(k) FROM sbtest2 WHERE id BETWEEN 9785246 AND 9785255
	Aggregate  (cost=39.29..39.30 rows=1 width=8)
	  ->  Index Scan using sbtest2_pkey on sbtest2  (cost=0.43..39.27 rows=10 width=4)
	        Index Cond: ((id >= 9785246) AND (id <= 9785255))

table 3 : explain SELECT SUM(k) FROM sbtest3 WHERE id BETWEEN 6113257 AND 6113266
	Aggregate  (cost=35.77..35.78 rows=1 width=8)
	  ->  Index Scan using sbtest3_pkey on sbtest3  (cost=0.43..35.74 rows=9 width=4)
	        Index Cond: ((id >= 6113257) AND (id <= 6113266))

table 4 : explain SELECT SUM(k) FROM sbtest4 WHERE id BETWEEN 6364690 AND 6364699
	Aggregate  (cost=38.90..38.91 rows=1 width=8)
	  ->  Index Scan using sbtest4_pkey on sbtest4  (cost=0.43..38.88 rows=10 width=4)
	        Index Cond: ((id >= 6364690) AND (id <= 6364699))

table 5 : explain SELECT SUM(k) FROM sbtest5 WHERE id BETWEEN 9537035 AND 9537044
	Aggregate  (cost=39.30..39.31 rows=1 width=8)
	  ->  Index Scan using sbtest5_pkey on sbtest5  (cost=0.43..39.28 rows=10 width=4)
	        Index Cond: ((id >= 9537035) AND (id <= 9537044))

table 6 : explain SELECT SUM(k) FROM sbtest6 WHERE id BETWEEN 5114032 AND 5114041
	Aggregate  (cost=39.45..39.46 rows=1 width=8)
	  ->  Index Scan using sbtest6_pkey on sbtest6  (cost=0.43..39.42 rows=10 width=4)
	        Index Cond: ((id >= 5114032) AND (id <= 5114041))

table 7 : explain SELECT SUM(k) FROM sbtest7 WHERE id BETWEEN 2461499 AND 2461508
	Aggregate  (cost=39.52..39.53 rows=1 width=8)
	  ->  Index Scan using sbtest7_pkey on sbtest7  (cost=0.43..39.49 rows=10 width=4)
	        Index Cond: ((id >= 2461499) AND (id <= 2461508))

table 8 : explain SELECT SUM(k) FROM sbtest8 WHERE id BETWEEN 2137722 AND 2137731
	Aggregate  (cost=42.97..42.98 rows=1 width=8)
	  ->  Index Scan using sbtest8_pkey on sbtest8  (cost=0.43..42.94 rows=11 width=4)
	        Index Cond: ((id >= 2137722) AND (id <= 2137731))

explain: for point_selects :: explain SELECT c FROM sbtest%u WHERE id=%u
for: simple_ranges
table 1 : explain SELECT c FROM sbtest1 WHERE id BETWEEN 5603297 AND 5603306
	Index Scan using sbtest1_pkey on sbtest1  (cost=0.43..39.49 rows=10 width=121)
	  Index Cond: ((id >= 5603297) AND (id <= 5603306))

table 2 : explain SELECT c FROM sbtest2 WHERE id BETWEEN 6919132 AND 6919141
	Index Scan using sbtest2_pkey on sbtest2  (cost=0.43..39.27 rows=10 width=121)
	  Index Cond: ((id >= 6919132) AND (id <= 6919141))

table 3 : explain SELECT c FROM sbtest3 WHERE id BETWEEN 1470497 AND 1470506
	Index Scan using sbtest3_pkey on sbtest3  (cost=0.43..39.15 rows=10 width=121)
	  Index Cond: ((id >= 1470497) AND (id <= 1470506))

table 4 : explain SELECT c FROM sbtest4 WHERE id BETWEEN 8516389 AND 8516398
	Index Scan using sbtest4_pkey on sbtest4  (cost=0.43..38.88 rows=10 width=121)
	  Index Cond: ((id >= 8516389) AND (id <= 8516398))

table 5 : explain SELECT c FROM sbtest5 WHERE id BETWEEN 8159480 AND 8159489
	Index Scan using sbtest5_pkey on sbtest5  (cost=0.43..39.28 rows=10 width=121)
	  Index Cond: ((id >= 8159480) AND (id <= 8159489))

table 6 : explain SELECT c FROM sbtest6 WHERE id BETWEEN 7926308 AND 7926317
	Index Scan using sbtest6_pkey on sbtest6  (cost=0.43..46.30 rows=12 width=121)
	  Index Cond: ((id >= 7926308) AND (id <= 7926317))

table 7 : explain SELECT c FROM sbtest7 WHERE id BETWEEN 9575053 AND 9575062
	Index Scan using sbtest7_pkey on sbtest7  (cost=0.43..39.49 rows=10 width=121)
	  Index Cond: ((id >= 9575053) AND (id <= 9575062))

table 8 : explain SELECT c FROM sbtest8 WHERE id BETWEEN 7672222 AND 7672231
	Index Scan using sbtest8_pkey on sbtest8  (cost=0.43..36.05 rows=9 width=121)
	  Index Cond: ((id >= 7672222) AND (id <= 7672231))

explain: for point_selects :: explain SELECT c FROM sbtest%u WHERE id=%u
explain: for point_selects :: explain SELECT c FROM sbtest%u WHERE id=%u
for: sum_ranges
table 1 : explain SELECT SUM(k) FROM sbtest1 WHERE id BETWEEN 5639821 AND 5639830
	Aggregate  (cost=39.51..39.52 rows=1 width=8)
	  ->  Index Scan using sbtest1_pkey on sbtest1  (cost=0.43..39.49 rows=10 width=4)
	        Index Cond: ((id >= 5639821) AND (id <= 5639830))

table 2 : explain SELECT SUM(k) FROM sbtest2 WHERE id BETWEEN 7717356 AND 7717365
	Aggregate  (cost=42.72..42.73 rows=1 width=8)
	  ->  Index Scan using sbtest2_pkey on sbtest2  (cost=0.43..42.69 rows=11 width=4)
	        Index Cond: ((id >= 7717356) AND (id <= 7717365))

table 3 : explain SELECT SUM(k) FROM sbtest3 WHERE id BETWEEN 9898496 AND 9898505
	Aggregate  (cost=39.18..39.19 rows=1 width=8)
	  ->  Index Scan using sbtest3_pkey on sbtest3  (cost=0.43..39.15 rows=10 width=4)
	        Index Cond: ((id >= 9898496) AND (id <= 9898505))

table 4 : explain SELECT SUM(k) FROM sbtest4 WHERE id BETWEEN 4322962 AND 4322971
	Aggregate  (cost=38.90..38.91 rows=1 width=8)
	  ->  Index Scan using sbtest4_pkey on sbtest4  (cost=0.43..38.88 rows=10 width=4)
	        Index Cond: ((id >= 4322962) AND (id <= 4322971))

table 5 : explain SELECT SUM(k) FROM sbtest5 WHERE id BETWEEN 5015792 AND 5015801
	Aggregate  (cost=39.30..39.31 rows=1 width=8)
	  ->  Index Scan using sbtest5_pkey on sbtest5  (cost=0.43..39.28 rows=10 width=4)
	        Index Cond: ((id >= 5015792) AND (id <= 5015801))

table 6 : explain SELECT SUM(k) FROM sbtest6 WHERE id BETWEEN 2306741 AND 2306750
	Aggregate  (cost=39.45..39.46 rows=1 width=8)
	  ->  Index Scan using sbtest6_pkey on sbtest6  (cost=0.43..39.42 rows=10 width=4)
	        Index Cond: ((id >= 2306741) AND (id <= 2306750))

table 7 : explain SELECT SUM(k) FROM sbtest7 WHERE id BETWEEN 5106690 AND 5106699
	Aggregate  (cost=42.97..42.98 rows=1 width=8)
	  ->  Index Scan using sbtest7_pkey on sbtest7  (cost=0.43..42.94 rows=11 width=4)
	        Index Cond: ((id >= 5106690) AND (id <= 5106699))

table 8 : explain SELECT SUM(k) FROM sbtest8 WHERE id BETWEEN 1155974 AND 1155983
	Aggregate  (cost=39.52..39.53 rows=1 width=8)
	  ->  Index Scan using sbtest8_pkey on sbtest8  (cost=0.43..39.49 rows=10 width=4)
	        Index Cond: ((id >= 1155974) AND (id <= 1155983))

for point_selects
table 1 : explain SELECT c FROM sbtest1 WHERE id=6148192
	Index Scan using sbtest1_pkey on sbtest1  (cost=0.43..8.45 rows=1 width=121)
	  Index Cond: (id = 6148192)

table 2 : explain SELECT c FROM sbtest2 WHERE id=7664818
	Index Scan using sbtest2_pkey on sbtest2  (cost=0.43..8.45 rows=1 width=121)
	  Index Cond: (id = 7664818)

table 3 : explain SELECT c FROM sbtest3 WHERE id=147026
	Index Scan using sbtest3_pkey on sbtest3  (cost=0.43..8.45 rows=1 width=121)
	  Index Cond: (id = 147026)

table 4 : explain SELECT c FROM sbtest4 WHERE id=797747
	Index Scan using sbtest4_pkey on sbtest4  (cost=0.43..8.45 rows=1 width=121)
	  Index Cond: (id = 797747)

table 5 : explain SELECT c FROM sbtest5 WHERE id=8363738
	Index Scan using sbtest5_pkey on sbtest5  (cost=0.43..8.45 rows=1 width=121)
	  Index Cond: (id = 8363738)

table 6 : explain SELECT c FROM sbtest6 WHERE id=6105974
	Index Scan using sbtest6_pkey on sbtest6  (cost=0.43..8.45 rows=1 width=121)
	  Index Cond: (id = 6105974)

table 7 : explain SELECT c FROM sbtest7 WHERE id=434886
	Index Scan using sbtest7_pkey on sbtest7  (cost=0.43..8.45 rows=1 width=121)
	  Index Cond: (id = 434886)

table 8 : explain SELECT c FROM sbtest8 WHERE id=6607832
	Index Scan using sbtest8_pkey on sbtest8  (cost=0.43..8.45 rows=1 width=121)
	  Index Cond: (id = 6607832)

for: order_ranges
table 1 : explain SELECT c FROM sbtest1 WHERE id BETWEEN 5770514 AND 5770523 ORDER BY c
	Sort  (cost=39.66..39.68 rows=10 width=121)
	  Sort Key: c
	  ->  Index Scan using sbtest1_pkey on sbtest1  (cost=0.43..39.49 rows=10 width=121)
	        Index Cond: ((id >= 5770514) AND (id <= 5770523))

table 2 : explain SELECT c FROM sbtest2 WHERE id BETWEEN 3081442 AND 3081451 ORDER BY c
	Sort  (cost=42.88..42.91 rows=11 width=121)
	  Sort Key: c
	  ->  Index Scan using sbtest2_pkey on sbtest2  (cost=0.43..42.69 rows=11 width=121)
	        Index Cond: ((id >= 3081442) AND (id <= 3081451))

table 3 : explain SELECT c FROM sbtest3 WHERE id BETWEEN 8957040 AND 8957049 ORDER BY c
	Sort  (cost=39.32..39.35 rows=10 width=121)
	  Sort Key: c
	  ->  Index Scan using sbtest3_pkey on sbtest3  (cost=0.43..39.15 rows=10 width=121)
	        Index Cond: ((id >= 8957040) AND (id <= 8957049))

table 4 : explain SELECT c FROM sbtest4 WHERE id BETWEEN 276309 AND 276318 ORDER BY c
	Sort  (cost=39.04..39.07 rows=10 width=121)
	  Sort Key: c
	  ->  Index Scan using sbtest4_pkey on sbtest4  (cost=0.43..38.88 rows=10 width=121)
	        Index Cond: ((id >= 276309) AND (id <= 276318))

table 5 : explain SELECT c FROM sbtest5 WHERE id BETWEEN 8473068 AND 8473077 ORDER BY c
	Sort  (cost=36.00..36.02 rows=9 width=121)
	  Sort Key: c
	  ->  Index Scan using sbtest5_pkey on sbtest5  (cost=0.43..35.85 rows=9 width=121)
	        Index Cond: ((id >= 8473068) AND (id <= 8473077))

table 6 : explain SELECT c FROM sbtest6 WHERE id BETWEEN 3684326 AND 3684335 ORDER BY c
	Sort  (cost=39.59..39.61 rows=10 width=121)
	  Sort Key: c
	  ->  Index Scan using sbtest6_pkey on sbtest6  (cost=0.43..39.42 rows=10 width=121)
	        Index Cond: ((id >= 3684326) AND (id <= 3684335))

table 7 : explain SELECT c FROM sbtest7 WHERE id BETWEEN 5861216 AND 5861225 ORDER BY c
	Sort  (cost=39.66..39.68 rows=10 width=121)
	  Sort Key: c
	  ->  Index Scan using sbtest7_pkey on sbtest7  (cost=0.43..39.49 rows=10 width=121)
	        Index Cond: ((id >= 5861216) AND (id <= 5861225))

table 8 : explain SELECT c FROM sbtest8 WHERE id BETWEEN 8908511 AND 8908520 ORDER BY c
	Sort  (cost=39.66..39.69 rows=10 width=121)
	  Sort Key: c
	  ->  Index Scan using sbtest8_pkey on sbtest8  (cost=0.43..39.49 rows=10 width=121)
	        Index Cond: ((id >= 8908511) AND (id <= 8908520))

for point_selects
table 1 : explain SELECT c FROM sbtest1 WHERE id=8616238
	Index Scan using sbtest1_pkey on sbtest1  (cost=0.43..8.45 rows=1 width=121)
	  Index Cond: (id = 8616238)

table 2 : explain SELECT c FROM sbtest2 WHERE id=2252790
	Index Scan using sbtest2_pkey on sbtest2  (cost=0.43..8.45 rows=1 width=121)
	  Index Cond: (id = 2252790)

table 3 : explain SELECT c FROM sbtest3 WHERE id=1771121
	Index Scan using sbtest3_pkey on sbtest3  (cost=0.43..8.45 rows=1 width=121)
	  Index Cond: (id = 1771121)

table 4 : explain SELECT c FROM sbtest4 WHERE id=2610727
	Index Scan using sbtest4_pkey on sbtest4  (cost=0.43..8.45 rows=1 width=121)
	  Index Cond: (id = 2610727)

table 5 : explain SELECT c FROM sbtest5 WHERE id=2838572
	Index Scan using sbtest5_pkey on sbtest5  (cost=0.43..8.45 rows=1 width=121)
	  Index Cond: (id = 2838572)

table 6 : explain SELECT c FROM sbtest6 WHERE id=1210620
	Index Scan using sbtest6_pkey on sbtest6  (cost=0.43..8.45 rows=1 width=121)
	  Index Cond: (id = 1210620)

table 7 : explain SELECT c FROM sbtest7 WHERE id=6697595
	Index Scan using sbtest7_pkey on sbtest7  (cost=0.43..8.45 rows=1 width=121)
	  Index Cond: (id = 6697595)

table 8 : explain SELECT c FROM sbtest8 WHERE id=8778143
	Index Scan using sbtest8_pkey on sbtest8  (cost=0.43..8.45 rows=1 width=121)
	  Index Cond: (id = 8778143)

for: order_ranges
table 1 : explain SELECT c FROM sbtest1 WHERE id BETWEEN 3970177 AND 3970186 ORDER BY c
	Sort  (cost=39.66..39.68 rows=10 width=121)
	  Sort Key: c
	  ->  Index Scan using sbtest1_pkey on sbtest1  (cost=0.43..39.49 rows=10 width=121)
	        Index Cond: ((id >= 3970177) AND (id <= 3970186))

table 2 : explain SELECT c FROM sbtest2 WHERE id BETWEEN 5476695 AND 5476704 ORDER BY c
	Sort  (cost=39.44..39.46 rows=10 width=121)
	  Sort Key: c
	  ->  Index Scan using sbtest2_pkey on sbtest2  (cost=0.43..39.27 rows=10 width=121)
	        Index Cond: ((id >= 5476695) AND (id <= 5476704))

table 3 : explain SELECT c FROM sbtest3 WHERE id BETWEEN 8983965 AND 8983974 ORDER BY c
	Sort  (cost=39.32..39.35 rows=10 width=121)
	  Sort Key: c
	  ->  Index Scan using sbtest3_pkey on sbtest3  (cost=0.43..39.15 rows=10 width=121)
	        Index Cond: ((id >= 8983965) AND (id <= 8983974))

table 4 : explain SELECT c FROM sbtest4 WHERE id BETWEEN 1330787 AND 1330796 ORDER BY c
	Sort  (cost=39.04..39.07 rows=10 width=121)
	  Sort Key: c
	  ->  Index Scan using sbtest4_pkey on sbtest4  (cost=0.43..38.88 rows=10 width=121)
	        Index Cond: ((id >= 1330787) AND (id <= 1330796))

table 5 : explain SELECT c FROM sbtest5 WHERE id BETWEEN 2237253 AND 2237262 ORDER BY c
	Sort  (cost=39.45..39.47 rows=10 width=121)
	  Sort Key: c
	  ->  Index Scan using sbtest5_pkey on sbtest5  (cost=0.43..39.28 rows=10 width=121)
	        Index Cond: ((id >= 2237253) AND (id <= 2237262))

table 6 : explain SELECT c FROM sbtest6 WHERE id BETWEEN 1961512 AND 1961521 ORDER BY c
	Sort  (cost=39.59..39.61 rows=10 width=121)
	  Sort Key: c
	  ->  Index Scan using sbtest6_pkey on sbtest6  (cost=0.43..39.42 rows=10 width=121)
	        Index Cond: ((id >= 1961512) AND (id <= 1961521))

table 7 : explain SELECT c FROM sbtest7 WHERE id BETWEEN 3762542 AND 3762551 ORDER BY c
	Sort  (cost=43.13..43.16 rows=11 width=121)
	  Sort Key: c
	  ->  Index Scan using sbtest7_pkey on sbtest7  (cost=0.43..42.94 rows=11 width=121)
	        Index Cond: ((id >= 3762542) AND (id <= 3762551))

table 8 : explain SELECT c FROM sbtest8 WHERE id BETWEEN 7674269 AND 7674278 ORDER BY c
	Sort  (cost=36.19..36.21 rows=9 width=121)
	  Sort Key: c
	  ->  Index Scan using sbtest8_pkey on sbtest8  (cost=0.43..36.05 rows=9 width=121)
	        Index Cond: ((id >= 7674269) AND (id <= 7674278))

for: simple_ranges
table 1 : explain SELECT c FROM sbtest1 WHERE id BETWEEN 2308902 AND 2308911
	Index Scan using sbtest1_pkey on sbtest1  (cost=0.43..39.49 rows=10 width=121)
	  Index Cond: ((id >= 2308902) AND (id <= 2308911))

table 2 : explain SELECT c FROM sbtest2 WHERE id BETWEEN 7547170 AND 7547179
	Index Scan using sbtest2_pkey on sbtest2  (cost=0.43..35.85 rows=9 width=121)
	  Index Cond: ((id >= 7547170) AND (id <= 7547179))

table 3 : explain SELECT c FROM sbtest3 WHERE id BETWEEN 2002863 AND 2002872
	Index Scan using sbtest3_pkey on sbtest3  (cost=0.43..35.74 rows=9 width=121)
	  Index Cond: ((id >= 2002863) AND (id <= 2002872))

table 4 : explain SELECT c FROM sbtest4 WHERE id BETWEEN 460615 AND 460624
	Index Scan using sbtest4_pkey on sbtest4  (cost=0.43..35.50 rows=9 width=121)
	  Index Cond: ((id >= 460615) AND (id <= 460624))

table 5 : explain SELECT c FROM sbtest5 WHERE id BETWEEN 4781326 AND 4781335
	Index Scan using sbtest5_pkey on sbtest5  (cost=0.43..39.28 rows=10 width=121)
	  Index Cond: ((id >= 4781326) AND (id <= 4781335))

table 6 : explain SELECT c FROM sbtest6 WHERE id BETWEEN 5173896 AND 5173905
	Index Scan using sbtest6_pkey on sbtest6  (cost=0.43..39.42 rows=10 width=121)
	  Index Cond: ((id >= 5173896) AND (id <= 5173905))

table 7 : explain SELECT c FROM sbtest7 WHERE id BETWEEN 8524630 AND 8524639
	Index Scan using sbtest7_pkey on sbtest7  (cost=0.43..39.49 rows=10 width=121)
	  Index Cond: ((id >= 8524630) AND (id <= 8524639))

table 8 : explain SELECT c FROM sbtest8 WHERE id BETWEEN 2389320 AND 2389329
	Index Scan using sbtest8_pkey on sbtest8  (cost=0.43..36.05 rows=9 width=121)
	  Index Cond: ((id >= 2389320) AND (id <= 2389329))

for: order_ranges
table 1 : explain SELECT c FROM sbtest1 WHERE id BETWEEN 6443361 AND 6443370 ORDER BY c
	Sort  (cost=43.13..43.16 rows=11 width=121)
	  Sort Key: c
	  ->  Index Scan using sbtest1_pkey on sbtest1  (cost=0.43..42.94 rows=11 width=121)
	        Index Cond: ((id >= 6443361) AND (id <= 6443370))

table 2 : explain SELECT c FROM sbtest2 WHERE id BETWEEN 2946442 AND 2946451 ORDER BY c
	Sort  (cost=39.44..39.46 rows=10 width=121)
	  Sort Key: c
	  ->  Index Scan using sbtest2_pkey on sbtest2  (cost=0.43..39.27 rows=10 width=121)
	        Index Cond: ((id >= 2946442) AND (id <= 2946451))

table 3 : explain SELECT c FROM sbtest3 WHERE id BETWEEN 7417241 AND 7417250 ORDER BY c
	Sort  (cost=39.32..39.35 rows=10 width=121)
	  Sort Key: c
	  ->  Index Scan using sbtest3_pkey on sbtest3  (cost=0.43..39.15 rows=10 width=121)
	        Index Cond: ((id >= 7417241) AND (id <= 7417250))

table 4 : explain SELECT c FROM sbtest4 WHERE id BETWEEN 5556181 AND 5556190 ORDER BY c
	Sort  (cost=39.04..39.07 rows=10 width=121)
	  Sort Key: c
	  ->  Index Scan using sbtest4_pkey on sbtest4  (cost=0.43..38.88 rows=10 width=121)
	        Index Cond: ((id >= 5556181) AND (id <= 5556190))

table 5 : explain SELECT c FROM sbtest5 WHERE id BETWEEN 8483795 AND 8483804 ORDER BY c
	Sort  (cost=36.00..36.02 rows=9 width=121)
	  Sort Key: c
	  ->  Index Scan using sbtest5_pkey on sbtest5  (cost=0.43..35.85 rows=9 width=121)
	        Index Cond: ((id >= 8483795) AND (id <= 8483804))

table 6 : explain SELECT c FROM sbtest6 WHERE id BETWEEN 2191664 AND 2191673 ORDER BY c
	Sort  (cost=39.59..39.61 rows=10 width=121)
	  Sort Key: c
	  ->  Index Scan using sbtest6_pkey on sbtest6  (cost=0.43..39.42 rows=10 width=121)
	        Index Cond: ((id >= 2191664) AND (id <= 2191673))

table 7 : explain SELECT c FROM sbtest7 WHERE id BETWEEN 3087576 AND 3087585 ORDER BY c
	Sort  (cost=39.66..39.68 rows=10 width=121)
	  Sort Key: c
	  ->  Index Scan using sbtest7_pkey on sbtest7  (cost=0.43..39.49 rows=10 width=121)
	        Index Cond: ((id >= 3087576) AND (id <= 3087585))

table 8 : explain SELECT c FROM sbtest8 WHERE id BETWEEN 8948709 AND 8948718 ORDER BY c
	Sort  (cost=39.66..39.69 rows=10 width=121)
	  Sort Key: c
	  ->  Index Scan using sbtest8_pkey on sbtest8  (cost=0.43..39.49 rows=10 width=121)
	        Index Cond: ((id >= 8948709) AND (id <= 8948718))

for: simple_ranges
table 1 : explain SELECT c FROM sbtest1 WHERE id BETWEEN 8694336 AND 8694345
	Index Scan using sbtest1_pkey on sbtest1  (cost=0.43..42.94 rows=11 width=121)
	  Index Cond: ((id >= 8694336) AND (id <= 8694345))

table 2 : explain SELECT c FROM sbtest2 WHERE id BETWEEN 5156838 AND 5156847
	Index Scan using sbtest2_pkey on sbtest2  (cost=0.43..39.27 rows=10 width=121)
	  Index Cond: ((id >= 5156838) AND (id <= 5156847))

table 3 : explain SELECT c FROM sbtest3 WHERE id BETWEEN 9146056 AND 9146065
	Index Scan using sbtest3_pkey on sbtest3  (cost=0.43..39.15 rows=10 width=121)
	  Index Cond: ((id >= 9146056) AND (id <= 9146065))

table 4 : explain SELECT c FROM sbtest4 WHERE id BETWEEN 8095981 AND 8095990
	Index Scan using sbtest4_pkey on sbtest4  (cost=0.43..35.50 rows=9 width=121)
	  Index Cond: ((id >= 8095981) AND (id <= 8095990))

table 5 : explain SELECT c FROM sbtest5 WHERE id BETWEEN 9962851 AND 9962860
	Index Scan using sbtest5_pkey on sbtest5  (cost=0.43..42.70 rows=11 width=121)
	  Index Cond: ((id >= 9962851) AND (id <= 9962860))

table 6 : explain SELECT c FROM sbtest6 WHERE id BETWEEN 2171772 AND 2171781
	Index Scan using sbtest6_pkey on sbtest6  (cost=0.43..39.42 rows=10 width=121)
	  Index Cond: ((id >= 2171772) AND (id <= 2171781))

table 7 : explain SELECT c FROM sbtest7 WHERE id BETWEEN 4793219 AND 4793228
	Index Scan using sbtest7_pkey on sbtest7  (cost=0.43..39.49 rows=10 width=121)
	  Index Cond: ((id >= 4793219) AND (id <= 4793228))

table 8 : explain SELECT c FROM sbtest8 WHERE id BETWEEN 4891927 AND 4891936
	Index Scan using sbtest8_pkey on sbtest8  (cost=0.43..39.49 rows=10 width=121)
	  Index Cond: ((id >= 4891927) AND (id <= 4891936))

explain: for point_selects :: explain SELECT c FROM sbtest%u WHERE id=%u
for: distinct_ranges
table 1 : explain SELECT DISTINCT c FROM sbtest1 WHERE id BETWEEN 4434853 AND 4434862 ORDER BY c
	Unique  (cost=39.66..39.71 rows=10 width=121)
	  ->  Sort  (cost=39.66..39.68 rows=10 width=121)
	        Sort Key: c
	        ->  Index Scan using sbtest1_pkey on sbtest1  (cost=0.43..39.49 rows=10 width=121)
	              Index Cond: ((id >= 4434853) AND (id <= 4434862))

table 2 : explain SELECT DISTINCT c FROM sbtest2 WHERE id BETWEEN 5188709 AND 5188718 ORDER BY c
	Unique  (cost=39.44..39.49 rows=10 width=121)
	  ->  Sort  (cost=39.44..39.46 rows=10 width=121)
	        Sort Key: c
	        ->  Index Scan using sbtest2_pkey on sbtest2  (cost=0.43..39.27 rows=10 width=121)
	              Index Cond: ((id >= 5188709) AND (id <= 5188718))

table 3 : explain SELECT DISTINCT c FROM sbtest3 WHERE id BETWEEN 1212817 AND 1212826 ORDER BY c
	Unique  (cost=39.32..39.37 rows=10 width=121)
	  ->  Sort  (cost=39.32..39.35 rows=10 width=121)
	        Sort Key: c
	        ->  Index Scan using sbtest3_pkey on sbtest3  (cost=0.43..39.15 rows=10 width=121)
	              Index Cond: ((id >= 1212817) AND (id <= 1212826))

table 4 : explain SELECT DISTINCT c FROM sbtest4 WHERE id BETWEEN 2093929 AND 2093938 ORDER BY c
	Unique  (cost=42.45..42.50 rows=11 width=121)
	  ->  Sort  (cost=42.45..42.47 rows=11 width=121)
	        Sort Key: c
	        ->  Index Scan using sbtest4_pkey on sbtest4  (cost=0.43..42.26 rows=11 width=121)
	              Index Cond: ((id >= 2093929) AND (id <= 2093938))

table 5 : explain SELECT DISTINCT c FROM sbtest5 WHERE id BETWEEN 7783517 AND 7783526 ORDER BY c
	Unique  (cost=42.89..42.95 rows=11 width=121)
	  ->  Sort  (cost=42.89..42.92 rows=11 width=121)
	        Sort Key: c
	        ->  Index Scan using sbtest5_pkey on sbtest5  (cost=0.43..42.70 rows=11 width=121)
	              Index Cond: ((id >= 7783517) AND (id <= 7783526))

table 6 : explain SELECT DISTINCT c FROM sbtest6 WHERE id BETWEEN 9112746 AND 9112755 ORDER BY c
	Unique  (cost=39.59..39.64 rows=10 width=121)
	  ->  Sort  (cost=39.59..39.61 rows=10 width=121)
	        Sort Key: c
	        ->  Index Scan using sbtest6_pkey on sbtest6  (cost=0.43..39.42 rows=10 width=121)
	              Index Cond: ((id >= 9112746) AND (id <= 9112755))

table 7 : explain SELECT DISTINCT c FROM sbtest7 WHERE id BETWEEN 432576 AND 432585 ORDER BY c
	Unique  (cost=39.66..39.71 rows=10 width=121)
	  ->  Sort  (cost=39.66..39.68 rows=10 width=121)
	        Sort Key: c
	        ->  Index Scan using sbtest7_pkey on sbtest7  (cost=0.43..39.49 rows=10 width=121)
	              Index Cond: ((id >= 432576) AND (id <= 432585))

table 8 : explain SELECT DISTINCT c FROM sbtest8 WHERE id BETWEEN 9891597 AND 9891606 ORDER BY c
	Unique  (cost=39.66..39.71 rows=10 width=121)
	  ->  Sort  (cost=39.66..39.69 rows=10 width=121)
	        Sort Key: c
	        ->  Index Scan using sbtest8_pkey on sbtest8  (cost=0.43..39.49 rows=10 width=121)
	              Index Cond: ((id >= 9891597) AND (id <= 9891606))

for point_selects
table 1 : explain SELECT c FROM sbtest1 WHERE id=2153839
	Index Scan using sbtest1_pkey on sbtest1  (cost=0.43..8.45 rows=1 width=121)
	  Index Cond: (id = 2153839)

table 2 : explain SELECT c FROM sbtest2 WHERE id=5378753
	Index Scan using sbtest2_pkey on sbtest2  (cost=0.43..8.45 rows=1 width=121)
	  Index Cond: (id = 5378753)

table 3 : explain SELECT c FROM sbtest3 WHERE id=167745
	Index Scan using sbtest3_pkey on sbtest3  (cost=0.43..8.45 rows=1 width=121)
	  Index Cond: (id = 167745)

table 4 : explain SELECT c FROM sbtest4 WHERE id=1031001
	Index Scan using sbtest4_pkey on sbtest4  (cost=0.43..8.45 rows=1 width=121)
	  Index Cond: (id = 1031001)

table 5 : explain SELECT c FROM sbtest5 WHERE id=7992346
	Index Scan using sbtest5_pkey on sbtest5  (cost=0.43..8.45 rows=1 width=121)
	  Index Cond: (id = 7992346)

table 6 : explain SELECT c FROM sbtest6 WHERE id=8457909
	Index Scan using sbtest6_pkey on sbtest6  (cost=0.43..8.45 rows=1 width=121)
	  Index Cond: (id = 8457909)

table 7 : explain SELECT c FROM sbtest7 WHERE id=2077745
	Index Scan using sbtest7_pkey on sbtest7  (cost=0.43..8.45 rows=1 width=121)
	  Index Cond: (id = 2077745)

table 8 : explain SELECT c FROM sbtest8 WHERE id=7669043
	Index Scan using sbtest8_pkey on sbtest8  (cost=0.43..8.45 rows=1 width=121)
	  Index Cond: (id = 7669043)

for: sum_ranges
table 1 : explain SELECT SUM(k) FROM sbtest1 WHERE id BETWEEN 1412777 AND 1412786
	Aggregate  (cost=42.97..42.98 rows=1 width=8)
	  ->  Index Scan using sbtest1_pkey on sbtest1  (cost=0.43..42.94 rows=11 width=4)
	        Index Cond: ((id >= 1412777) AND (id <= 1412786))

table 2 : explain SELECT SUM(k) FROM sbtest2 WHERE id BETWEEN 7700742 AND 7700751
	Aggregate  (cost=42.72..42.73 rows=1 width=8)
	  ->  Index Scan using sbtest2_pkey on sbtest2  (cost=0.43..42.69 rows=11 width=4)
	        Index Cond: ((id >= 7700742) AND (id <= 7700751))

table 3 : explain SELECT SUM(k) FROM sbtest3 WHERE id BETWEEN 215737 AND 215746
	Aggregate  (cost=39.18..39.19 rows=1 width=8)
	  ->  Index Scan using sbtest3_pkey on sbtest3  (cost=0.43..39.15 rows=10 width=4)
	        Index Cond: ((id >= 215737) AND (id <= 215746))

table 4 : explain SELECT SUM(k) FROM sbtest4 WHERE id BETWEEN 563576 AND 563585
	Aggregate  (cost=38.90..38.91 rows=1 width=8)
	  ->  Index Scan using sbtest4_pkey on sbtest4  (cost=0.43..38.88 rows=10 width=4)
	        Index Cond: ((id >= 563576) AND (id <= 563585))

table 5 : explain SELECT SUM(k) FROM sbtest5 WHERE id BETWEEN 5455348 AND 5455357
	Aggregate  (cost=42.73..42.74 rows=1 width=8)
	  ->  Index Scan using sbtest5_pkey on sbtest5  (cost=0.43..42.70 rows=11 width=4)
	        Index Cond: ((id >= 5455348) AND (id <= 5455357))

table 6 : explain SELECT SUM(k) FROM sbtest6 WHERE id BETWEEN 8429919 AND 8429928
	Aggregate  (cost=36.00..36.01 rows=1 width=8)
	  ->  Index Scan using sbtest6_pkey on sbtest6  (cost=0.43..35.98 rows=9 width=4)
	        Index Cond: ((id >= 8429919) AND (id <= 8429928))

table 7 : explain SELECT SUM(k) FROM sbtest7 WHERE id BETWEEN 1777702 AND 1777711
	Aggregate  (cost=42.97..42.98 rows=1 width=8)
	  ->  Index Scan using sbtest7_pkey on sbtest7  (cost=0.43..42.94 rows=11 width=4)
	        Index Cond: ((id >= 1777702) AND (id <= 1777711))

table 8 : explain SELECT SUM(k) FROM sbtest8 WHERE id BETWEEN 9975884 AND 9975893
	Aggregate  (cost=39.52..39.53 rows=1 width=8)
	  ->  Index Scan using sbtest8_pkey on sbtest8  (cost=0.43..39.49 rows=10 width=4)
	        Index Cond: ((id >= 9975884) AND (id <= 9975893))

for point_selects
table 1 : explain SELECT c FROM sbtest1 WHERE id=4112706
	Index Scan using sbtest1_pkey on sbtest1  (cost=0.43..8.45 rows=1 width=121)
	  Index Cond: (id = 4112706)

table 2 : explain SELECT c FROM sbtest2 WHERE id=493427
	Index Scan using sbtest2_pkey on sbtest2  (cost=0.43..8.45 rows=1 width=121)
	  Index Cond: (id = 493427)

table 3 : explain SELECT c FROM sbtest3 WHERE id=9120037
	Index Scan using sbtest3_pkey on sbtest3  (cost=0.43..8.45 rows=1 width=121)
	  Index Cond: (id = 9120037)

table 4 : explain SELECT c FROM sbtest4 WHERE id=2355316
	Index Scan using sbtest4_pkey on sbtest4  (cost=0.43..8.45 rows=1 width=121)
	  Index Cond: (id = 2355316)

table 5 : explain SELECT c FROM sbtest5 WHERE id=9806229
	Index Scan using sbtest5_pkey on sbtest5  (cost=0.43..8.45 rows=1 width=121)
	  Index Cond: (id = 9806229)

table 6 : explain SELECT c FROM sbtest6 WHERE id=5696957
	Index Scan using sbtest6_pkey on sbtest6  (cost=0.43..8.45 rows=1 width=121)
	  Index Cond: (id = 5696957)

table 7 : explain SELECT c FROM sbtest7 WHERE id=3059903
	Index Scan using sbtest7_pkey on sbtest7  (cost=0.43..8.45 rows=1 width=121)
	  Index Cond: (id = 3059903)

table 8 : explain SELECT c FROM sbtest8 WHERE id=9881376
	Index Scan using sbtest8_pkey on sbtest8  (cost=0.43..8.45 rows=1 width=121)
	  Index Cond: (id = 9881376)

explain: for index_updates :: explain UPDATE sbtest%u SET k=k+1 WHERE id=%u
for: sum_ranges
table 1 : explain SELECT SUM(k) FROM sbtest1 WHERE id BETWEEN 2704561 AND 2704570
	Aggregate  (cost=39.51..39.52 rows=1 width=8)
	  ->  Index Scan using sbtest1_pkey on sbtest1  (cost=0.43..39.49 rows=10 width=4)
	        Index Cond: ((id >= 2704561) AND (id <= 2704570))

table 2 : explain SELECT SUM(k) FROM sbtest2 WHERE id BETWEEN 982609 AND 982618
	Aggregate  (cost=39.29..39.30 rows=1 width=8)
	  ->  Index Scan using sbtest2_pkey on sbtest2  (cost=0.43..39.27 rows=10 width=4)
	        Index Cond: ((id >= 982609) AND (id <= 982618))

table 3 : explain SELECT SUM(k) FROM sbtest3 WHERE id BETWEEN 3600653 AND 3600662
	Aggregate  (cost=39.18..39.19 rows=1 width=8)
	  ->  Index Scan using sbtest3_pkey on sbtest3  (cost=0.43..39.15 rows=10 width=4)
	        Index Cond: ((id >= 3600653) AND (id <= 3600662))

table 4 : explain SELECT SUM(k) FROM sbtest4 WHERE id BETWEEN 5662823 AND 5662832
	Aggregate  (cost=38.90..38.91 rows=1 width=8)
	  ->  Index Scan using sbtest4_pkey on sbtest4  (cost=0.43..38.88 rows=10 width=4)
	        Index Cond: ((id >= 5662823) AND (id <= 5662832))

table 5 : explain SELECT SUM(k) FROM sbtest5 WHERE id BETWEEN 4764110 AND 4764119
	Aggregate  (cost=39.30..39.31 rows=1 width=8)
	  ->  Index Scan using sbtest5_pkey on sbtest5  (cost=0.43..39.28 rows=10 width=4)
	        Index Cond: ((id >= 4764110) AND (id <= 4764119))

table 6 : explain SELECT SUM(k) FROM sbtest6 WHERE id BETWEEN 1282659 AND 1282668
	Aggregate  (cost=39.45..39.46 rows=1 width=8)
	  ->  Index Scan using sbtest6_pkey on sbtest6  (cost=0.43..39.42 rows=10 width=4)
	        Index Cond: ((id >= 1282659) AND (id <= 1282668))

table 7 : explain SELECT SUM(k) FROM sbtest7 WHERE id BETWEEN 9318694 AND 9318703
	Aggregate  (cost=39.52..39.53 rows=1 width=8)
	  ->  Index Scan using sbtest7_pkey on sbtest7  (cost=0.43..39.49 rows=10 width=4)
	        Index Cond: ((id >= 9318694) AND (id <= 9318703))

table 8 : explain SELECT SUM(k) FROM sbtest8 WHERE id BETWEEN 5288964 AND 5288973
	Aggregate  (cost=42.97..42.98 rows=1 width=8)
	  ->  Index Scan using sbtest8_pkey on sbtest8  (cost=0.43..42.94 rows=11 width=4)
	        Index Cond: ((id >= 5288964) AND (id <= 5288973))

for point_selects
table 1 : explain SELECT c FROM sbtest1 WHERE id=7307632
	Index Scan using sbtest1_pkey on sbtest1  (cost=0.43..8.45 rows=1 width=121)
	  Index Cond: (id = 7307632)

table 2 : explain SELECT c FROM sbtest2 WHERE id=4582692
	Index Scan using sbtest2_pkey on sbtest2  (cost=0.43..8.45 rows=1 width=121)
	  Index Cond: (id = 4582692)

table 3 : explain SELECT c FROM sbtest3 WHERE id=5803232
	Index Scan using sbtest3_pkey on sbtest3  (cost=0.43..8.45 rows=1 width=121)
	  Index Cond: (id = 5803232)

table 4 : explain SELECT c FROM sbtest4 WHERE id=5957992
	Index Scan using sbtest4_pkey on sbtest4  (cost=0.43..8.45 rows=1 width=121)
	  Index Cond: (id = 5957992)

table 5 : explain SELECT c FROM sbtest5 WHERE id=536799
	Index Scan using sbtest5_pkey on sbtest5  (cost=0.43..8.45 rows=1 width=121)
	  Index Cond: (id = 536799)

table 6 : explain SELECT c FROM sbtest6 WHERE id=4976976
	Index Scan using sbtest6_pkey on sbtest6  (cost=0.43..8.45 rows=1 width=121)
	  Index Cond: (id = 4976976)

table 7 : explain SELECT c FROM sbtest7 WHERE id=7489368
	Index Scan using sbtest7_pkey on sbtest7  (cost=0.43..8.45 rows=1 width=121)
	  Index Cond: (id = 7489368)

table 8 : explain SELECT c FROM sbtest8 WHERE id=9700147
	Index Scan using sbtest8_pkey on sbtest8  (cost=0.43..8.45 rows=1 width=121)
	  Index Cond: (id = 9700147)

for: distinct_ranges
table 1 : explain SELECT DISTINCT c FROM sbtest1 WHERE id BETWEEN 1788465 AND 1788474 ORDER BY c
	Unique  (cost=39.66..39.71 rows=10 width=121)
	  ->  Sort  (cost=39.66..39.68 rows=10 width=121)
	        Sort Key: c
	        ->  Index Scan using sbtest1_pkey on sbtest1  (cost=0.43..39.49 rows=10 width=121)
	              Index Cond: ((id >= 1788465) AND (id <= 1788474))

table 2 : explain SELECT DISTINCT c FROM sbtest2 WHERE id BETWEEN 8697694 AND 8697703 ORDER BY c
	Unique  (cost=39.44..39.49 rows=10 width=121)
	  ->  Sort  (cost=39.44..39.46 rows=10 width=121)
	        Sort Key: c
	        ->  Index Scan using sbtest2_pkey on sbtest2  (cost=0.43..39.27 rows=10 width=121)
	              Index Cond: ((id >= 8697694) AND (id <= 8697703))

table 3 : explain SELECT DISTINCT c FROM sbtest3 WHERE id BETWEEN 9865621 AND 9865630 ORDER BY c
	Unique  (cost=39.32..39.37 rows=10 width=121)
	  ->  Sort  (cost=39.32..39.35 rows=10 width=121)
	        Sort Key: c
	        ->  Index Scan using sbtest3_pkey on sbtest3  (cost=0.43..39.15 rows=10 width=121)
	              Index Cond: ((id >= 9865621) AND (id <= 9865630))

table 4 : explain SELECT DISTINCT c FROM sbtest4 WHERE id BETWEEN 9851839 AND 9851848 ORDER BY c
	Unique  (cost=39.04..39.09 rows=10 width=121)
	  ->  Sort  (cost=39.04..39.07 rows=10 width=121)
	        Sort Key: c
	        ->  Index Scan using sbtest4_pkey on sbtest4  (cost=0.43..38.88 rows=10 width=121)
	              Index Cond: ((id >= 9851839) AND (id <= 9851848))

table 5 : explain SELECT DISTINCT c FROM sbtest5 WHERE id BETWEEN 3267414 AND 3267423 ORDER BY c
	Unique  (cost=39.45..39.50 rows=10 width=121)
	  ->  Sort  (cost=39.45..39.47 rows=10 width=121)
	        Sort Key: c
	        ->  Index Scan using sbtest5_pkey on sbtest5  (cost=0.43..39.28 rows=10 width=121)
	              Index Cond: ((id >= 3267414) AND (id <= 3267423))

table 6 : explain SELECT DISTINCT c FROM sbtest6 WHERE id BETWEEN 7302083 AND 7302092 ORDER BY c
	Unique  (cost=39.59..39.64 rows=10 width=121)
	  ->  Sort  (cost=39.59..39.61 rows=10 width=121)
	        Sort Key: c
	        ->  Index Scan using sbtest6_pkey on sbtest6  (cost=0.43..39.42 rows=10 width=121)
	              Index Cond: ((id >= 7302083) AND (id <= 7302092))

table 7 : explain SELECT DISTINCT c FROM sbtest7 WHERE id BETWEEN 3121267 AND 3121276 ORDER BY c
	Unique  (cost=39.66..39.71 rows=10 width=121)
	  ->  Sort  (cost=39.66..39.68 rows=10 width=121)
	        Sort Key: c
	        ->  Index Scan using sbtest7_pkey on sbtest7  (cost=0.43..39.49 rows=10 width=121)
	              Index Cond: ((id >= 3121267) AND (id <= 3121276))

table 8 : explain SELECT DISTINCT c FROM sbtest8 WHERE id BETWEEN 4387858 AND 4387867 ORDER BY c
	Unique  (cost=39.66..39.71 rows=10 width=121)
	  ->  Sort  (cost=39.66..39.69 rows=10 width=121)
	        Sort Key: c
	        ->  Index Scan using sbtest8_pkey on sbtest8  (cost=0.43..39.49 rows=10 width=121)
	              Index Cond: ((id >= 4387858) AND (id <= 4387867))

for: distinct_ranges
table 1 : explain SELECT DISTINCT c FROM sbtest1 WHERE id BETWEEN 2606585 AND 2606594 ORDER BY c
	Unique  (cost=39.66..39.71 rows=10 width=121)
	  ->  Sort  (cost=39.66..39.68 rows=10 width=121)
	        Sort Key: c
	        ->  Index Scan using sbtest1_pkey on sbtest1  (cost=0.43..39.49 rows=10 width=121)
	              Index Cond: ((id >= 2606585) AND (id <= 2606594))

table 2 : explain SELECT DISTINCT c FROM sbtest2 WHERE id BETWEEN 3573342 AND 3573351 ORDER BY c
	Unique  (cost=35.99..36.03 rows=9 width=121)
	  ->  Sort  (cost=35.99..36.01 rows=9 width=121)
	        Sort Key: c
	        ->  Index Scan using sbtest2_pkey on sbtest2  (cost=0.43..35.85 rows=9 width=121)
	              Index Cond: ((id >= 3573342) AND (id <= 3573351))

table 3 : explain SELECT DISTINCT c FROM sbtest3 WHERE id BETWEEN 1782136 AND 1782145 ORDER BY c
	Unique  (cost=39.32..39.37 rows=10 width=121)
	  ->  Sort  (cost=39.32..39.35 rows=10 width=121)
	        Sort Key: c
	        ->  Index Scan using sbtest3_pkey on sbtest3  (cost=0.43..39.15 rows=10 width=121)
	              Index Cond: ((id >= 1782136) AND (id <= 1782145))

table 4 : explain SELECT DISTINCT c FROM sbtest4 WHERE id BETWEEN 7812005 AND 7812014 ORDER BY c
	Unique  (cost=39.04..39.09 rows=10 width=121)
	  ->  Sort  (cost=39.04..39.07 rows=10 width=121)
	        Sort Key: c
	        ->  Index Scan using sbtest4_pkey on sbtest4  (cost=0.43..38.88 rows=10 width=121)
	              Index Cond: ((id >= 7812005) AND (id <= 7812014))

table 5 : explain SELECT DISTINCT c FROM sbtest5 WHERE id BETWEEN 7211086 AND 7211095 ORDER BY c
	Unique  (cost=39.45..39.50 rows=10 width=121)
	  ->  Sort  (cost=39.45..39.47 rows=10 width=121)
	        Sort Key: c
	        ->  Index Scan using sbtest5_pkey on sbtest5  (cost=0.43..39.28 rows=10 width=121)
	              Index Cond: ((id >= 7211086) AND (id <= 7211095))

table 6 : explain SELECT DISTINCT c FROM sbtest6 WHERE id BETWEEN 944751 AND 944760 ORDER BY c
	Unique  (cost=39.59..39.64 rows=10 width=121)
	  ->  Sort  (cost=39.59..39.61 rows=10 width=121)
	        Sort Key: c
	        ->  Index Scan using sbtest6_pkey on sbtest6  (cost=0.43..39.42 rows=10 width=121)
	              Index Cond: ((id >= 944751) AND (id <= 944760))

table 7 : explain SELECT DISTINCT c FROM sbtest7 WHERE id BETWEEN 2514222 AND 2514231 ORDER BY c
	Unique  (cost=43.13..43.19 rows=11 width=121)
	  ->  Sort  (cost=43.13..43.16 rows=11 width=121)
	        Sort Key: c
	        ->  Index Scan using sbtest7_pkey on sbtest7  (cost=0.43..42.94 rows=11 width=121)
	              Index Cond: ((id >= 2514222) AND (id <= 2514231))

table 8 : explain SELECT DISTINCT c FROM sbtest8 WHERE id BETWEEN 1489233 AND 1489242 ORDER BY c
	Unique  (cost=39.66..39.71 rows=10 width=121)
	  ->  Sort  (cost=39.66..39.69 rows=10 width=121)
	        Sort Key: c
	        ->  Index Scan using sbtest8_pkey on sbtest8  (cost=0.43..39.49 rows=10 width=121)
	              Index Cond: ((id >= 1489233) AND (id <= 1489242))

for index_updates
table 1 : explain UPDATE sbtest1 SET k=k+1 WHERE id=7143445
	Update on sbtest1  (cost=0.43..8.46 rows=0 width=0)
	  ->  Index Scan using sbtest1_pkey on sbtest1  (cost=0.43..8.46 rows=1 width=10)
	        Index Cond: (id = 7143445)

table 2 : explain UPDATE sbtest2 SET k=k+1 WHERE id=4827197
	Update on sbtest2  (cost=0.43..8.46 rows=0 width=0)
	  ->  Index Scan using sbtest2_pkey on sbtest2  (cost=0.43..8.46 rows=1 width=10)
	        Index Cond: (id = 4827197)

table 3 : explain UPDATE sbtest3 SET k=k+1 WHERE id=2161126
	Update on sbtest3  (cost=0.43..8.46 rows=0 width=0)
	  ->  Index Scan using sbtest3_pkey on sbtest3  (cost=0.43..8.46 rows=1 width=10)
	        Index Cond: (id = 2161126)

table 4 : explain UPDATE sbtest4 SET k=k+1 WHERE id=2140712
	Update on sbtest4  (cost=0.43..8.46 rows=0 width=0)
	  ->  Index Scan using sbtest4_pkey on sbtest4  (cost=0.43..8.46 rows=1 width=10)
	        Index Cond: (id = 2140712)

table 5 : explain UPDATE sbtest5 SET k=k+1 WHERE id=6339998
	Update on sbtest5  (cost=0.43..8.46 rows=0 width=0)
	  ->  Index Scan using sbtest5_pkey on sbtest5  (cost=0.43..8.46 rows=1 width=10)
	        Index Cond: (id = 6339998)

table 6 : explain UPDATE sbtest6 SET k=k+1 WHERE id=3932345
	Update on sbtest6  (cost=0.43..8.46 rows=0 width=0)
	  ->  Index Scan using sbtest6_pkey on sbtest6  (cost=0.43..8.46 rows=1 width=10)
	        Index Cond: (id = 3932345)

table 7 : explain UPDATE sbtest7 SET k=k+1 WHERE id=5671619
	Update on sbtest7  (cost=0.43..8.46 rows=0 width=0)
	  ->  Index Scan using sbtest7_pkey on sbtest7  (cost=0.43..8.46 rows=1 width=10)
	        Index Cond: (id = 5671619)

table 8 : explain UPDATE sbtest8 SET k=k+1 WHERE id=5823625
	Update on sbtest8  (cost=0.43..8.46 rows=0 width=0)
	  ->  Index Scan using sbtest8_pkey on sbtest8  (cost=0.43..8.46 rows=1 width=10)
	        Index Cond: (id = 5823625)

explain: for index_updates :: explain UPDATE sbtest%u SET k=k+1 WHERE id=%u
explain: for index_updates :: explain UPDATE sbtest%u SET k=k+1 WHERE id=%u
explain: for non_index_updates :: explain UPDATE sbtest%u SET c='foobar' WHERE id=%u
for: simple_ranges
table 1 : explain SELECT c FROM sbtest1 WHERE id BETWEEN 3327251 AND 3327260
	Index Scan using sbtest1_pkey on sbtest1  (cost=0.43..39.49 rows=10 width=121)
	  Index Cond: ((id >= 3327251) AND (id <= 3327260))

table 2 : explain SELECT c FROM sbtest2 WHERE id BETWEEN 743448 AND 743457
	Index Scan using sbtest2_pkey on sbtest2  (cost=0.43..35.85 rows=9 width=121)
	  Index Cond: ((id >= 743448) AND (id <= 743457))

table 3 : explain SELECT c FROM sbtest3 WHERE id BETWEEN 8806159 AND 8806168
	Index Scan using sbtest3_pkey on sbtest3  (cost=0.43..39.15 rows=10 width=121)
	  Index Cond: ((id >= 8806159) AND (id <= 8806168))

table 4 : explain SELECT c FROM sbtest4 WHERE id BETWEEN 1956776 AND 1956785
	Index Scan using sbtest4_pkey on sbtest4  (cost=0.43..38.88 rows=10 width=121)
	  Index Cond: ((id >= 1956776) AND (id <= 1956785))

table 5 : explain SELECT c FROM sbtest5 WHERE id BETWEEN 1779456 AND 1779465
	Index Scan using sbtest5_pkey on sbtest5  (cost=0.43..39.28 rows=10 width=121)
	  Index Cond: ((id >= 1779456) AND (id <= 1779465))

table 6 : explain SELECT c FROM sbtest6 WHERE id BETWEEN 8962969 AND 8962978
	Index Scan using sbtest6_pkey on sbtest6  (cost=0.43..39.42 rows=10 width=121)
	  Index Cond: ((id >= 8962969) AND (id <= 8962978))

table 7 : explain SELECT c FROM sbtest7 WHERE id BETWEEN 9107346 AND 9107355
	Index Scan using sbtest7_pkey on sbtest7  (cost=0.43..42.94 rows=11 width=121)
	  Index Cond: ((id >= 9107346) AND (id <= 9107355))

table 8 : explain SELECT c FROM sbtest8 WHERE id BETWEEN 2274871 AND 2274880
	Index Scan using sbtest8_pkey on sbtest8  (cost=0.43..39.49 rows=10 width=121)
	  Index Cond: ((id >= 2274871) AND (id <= 2274880))

for: order_ranges
table 1 : explain SELECT c FROM sbtest1 WHERE id BETWEEN 7981607 AND 7981616 ORDER BY c
	Sort  (cost=43.13..43.16 rows=11 width=121)
	  Sort Key: c
	  ->  Index Scan using sbtest1_pkey on sbtest1  (cost=0.43..42.94 rows=11 width=121)
	        Index Cond: ((id >= 7981607) AND (id <= 7981616))

table 2 : explain SELECT c FROM sbtest2 WHERE id BETWEEN 835045 AND 835054 ORDER BY c
	Sort  (cost=39.44..39.46 rows=10 width=121)
	  Sort Key: c
	  ->  Index Scan using sbtest2_pkey on sbtest2  (cost=0.43..39.27 rows=10 width=121)
	        Index Cond: ((id >= 835045) AND (id <= 835054))

table 3 : explain SELECT c FROM sbtest3 WHERE id BETWEEN 1791782 AND 1791791 ORDER BY c
	Sort  (cost=39.32..39.35 rows=10 width=121)
	  Sort Key: c
	  ->  Index Scan using sbtest3_pkey on sbtest3  (cost=0.43..39.15 rows=10 width=121)
	        Index Cond: ((id >= 1791782) AND (id <= 1791791))

table 4 : explain SELECT c FROM sbtest4 WHERE id BETWEEN 9190938 AND 9190947 ORDER BY c
	Sort  (cost=35.64..35.66 rows=9 width=121)
	  Sort Key: c
	  ->  Index Scan using sbtest4_pkey on sbtest4  (cost=0.43..35.50 rows=9 width=121)
	        Index Cond: ((id >= 9190938) AND (id <= 9190947))

table 5 : explain SELECT c FROM sbtest5 WHERE id BETWEEN 7384097 AND 7384106 ORDER BY c
	Sort  (cost=39.45..39.47 rows=10 width=121)
	  Sort Key: c
	  ->  Index Scan using sbtest5_pkey on sbtest5  (cost=0.43..39.28 rows=10 width=121)
	        Index Cond: ((id >= 7384097) AND (id <= 7384106))

table 6 : explain SELECT c FROM sbtest6 WHERE id BETWEEN 7081413 AND 7081422 ORDER BY c
	Sort  (cost=43.05..43.08 rows=11 width=121)
	  Sort Key: c
	  ->  Index Scan using sbtest6_pkey on sbtest6  (cost=0.43..42.86 rows=11 width=121)
	        Index Cond: ((id >= 7081413) AND (id <= 7081422))

table 7 : explain SELECT c FROM sbtest7 WHERE id BETWEEN 8447444 AND 8447453 ORDER BY c
	Sort  (cost=43.13..43.16 rows=11 width=121)
	  Sort Key: c
	  ->  Index Scan using sbtest7_pkey on sbtest7  (cost=0.43..42.94 rows=11 width=121)
	        Index Cond: ((id >= 8447444) AND (id <= 8447453))

table 8 : explain SELECT c FROM sbtest8 WHERE id BETWEEN 1700611 AND 1700620 ORDER BY c
	Sort  (cost=39.66..39.69 rows=10 width=121)
	  Sort Key: c
	  ->  Index Scan using sbtest8_pkey on sbtest8  (cost=0.43..39.49 rows=10 width=121)
	        Index Cond: ((id >= 1700611) AND (id <= 1700620))

for point_selects
table 1 : explain SELECT c FROM sbtest1 WHERE id=2316408
	Index Scan using sbtest1_pkey on sbtest1  (cost=0.43..8.45 rows=1 width=121)
	  Index Cond: (id = 2316408)

table 2 : explain SELECT c FROM sbtest2 WHERE id=1796897
	Index Scan using sbtest2_pkey on sbtest2  (cost=0.43..8.45 rows=1 width=121)
	  Index Cond: (id = 1796897)

table 3 : explain SELECT c FROM sbtest3 WHERE id=6936210
	Index Scan using sbtest3_pkey on sbtest3  (cost=0.43..8.45 rows=1 width=121)
	  Index Cond: (id = 6936210)

table 4 : explain SELECT c FROM sbtest4 WHERE id=9455093
	Index Scan using sbtest4_pkey on sbtest4  (cost=0.43..8.45 rows=1 width=121)
	  Index Cond: (id = 9455093)

table 5 : explain SELECT c FROM sbtest5 WHERE id=5902505
	Index Scan using sbtest5_pkey on sbtest5  (cost=0.43..8.45 rows=1 width=121)
	  Index Cond: (id = 5902505)

table 6 : explain SELECT c FROM sbtest6 WHERE id=1060362
	Index Scan using sbtest6_pkey on sbtest6  (cost=0.43..8.45 rows=1 width=121)
	  Index Cond: (id = 1060362)

table 7 : explain SELECT c FROM sbtest7 WHERE id=2776083
	Index Scan using sbtest7_pkey on sbtest7  (cost=0.43..8.45 rows=1 width=121)
	  Index Cond: (id = 2776083)

table 8 : explain SELECT c FROM sbtest8 WHERE id=1582080
	Index Scan using sbtest8_pkey on sbtest8  (cost=0.43..8.45 rows=1 width=121)
	  Index Cond: (id = 1582080)

for: simple_ranges
table 1 : explain SELECT c FROM sbtest1 WHERE id BETWEEN 670196 AND 670205
	Index Scan using sbtest1_pkey on sbtest1  (cost=0.43..39.49 rows=10 width=121)
	  Index Cond: ((id >= 670196) AND (id <= 670205))

table 2 : explain SELECT c FROM sbtest2 WHERE id BETWEEN 2592125 AND 2592134
	Index Scan using sbtest2_pkey on sbtest2  (cost=0.43..39.27 rows=10 width=121)
	  Index Cond: ((id >= 2592125) AND (id <= 2592134))

table 3 : explain SELECT c FROM sbtest3 WHERE id BETWEEN 8307820 AND 8307829
	Index Scan using sbtest3_pkey on sbtest3  (cost=0.43..39.15 rows=10 width=121)
	  Index Cond: ((id >= 8307820) AND (id <= 8307829))

table 4 : explain SELECT c FROM sbtest4 WHERE id BETWEEN 2609027 AND 2609036
	Index Scan using sbtest4_pkey on sbtest4  (cost=0.43..35.50 rows=9 width=121)
	  Index Cond: ((id >= 2609027) AND (id <= 2609036))

table 5 : explain SELECT c FROM sbtest5 WHERE id BETWEEN 82458 AND 82467
	Index Scan using sbtest5_pkey on sbtest5  (cost=0.43..39.28 rows=10 width=121)
	  Index Cond: ((id >= 82458) AND (id <= 82467))

table 6 : explain SELECT c FROM sbtest6 WHERE id BETWEEN 6464604 AND 6464613
	Index Scan using sbtest6_pkey on sbtest6  (cost=0.43..39.42 rows=10 width=121)
	  Index Cond: ((id >= 6464604) AND (id <= 6464613))

table 7 : explain SELECT c FROM sbtest7 WHERE id BETWEEN 2183739 AND 2183748
	Index Scan using sbtest7_pkey on sbtest7  (cost=0.43..39.49 rows=10 width=121)
	  Index Cond: ((id >= 2183739) AND (id <= 2183748))

table 8 : explain SELECT c FROM sbtest8 WHERE id BETWEEN 3779878 AND 3779887
	Index Scan using sbtest8_pkey on sbtest8  (cost=0.43..39.49 rows=10 width=121)
	  Index Cond: ((id >= 3779878) AND (id <= 3779887))

for: order_ranges
table 1 : explain SELECT c FROM sbtest1 WHERE id BETWEEN 4313249 AND 4313258 ORDER BY c
	Sort  (cost=39.66..39.68 rows=10 width=121)
	  Sort Key: c
	  ->  Index Scan using sbtest1_pkey on sbtest1  (cost=0.43..39.49 rows=10 width=121)
	        Index Cond: ((id >= 4313249) AND (id <= 4313258))

table 2 : explain SELECT c FROM sbtest2 WHERE id BETWEEN 3587224 AND 3587233 ORDER BY c
	Sort  (cost=35.99..36.01 rows=9 width=121)
	  Sort Key: c
	  ->  Index Scan using sbtest2_pkey on sbtest2  (cost=0.43..35.85 rows=9 width=121)
	        Index Cond: ((id >= 3587224) AND (id <= 3587233))

table 3 : explain SELECT c FROM sbtest3 WHERE id BETWEEN 5608445 AND 5608454 ORDER BY c
	Sort  (cost=39.32..39.35 rows=10 width=121)
	  Sort Key: c
	  ->  Index Scan using sbtest3_pkey on sbtest3  (cost=0.43..39.15 rows=10 width=121)
	        Index Cond: ((id >= 5608445) AND (id <= 5608454))

table 4 : explain SELECT c FROM sbtest4 WHERE id BETWEEN 1077803 AND 1077812 ORDER BY c
	Sort  (cost=39.04..39.07 rows=10 width=121)
	  Sort Key: c
	  ->  Index Scan using sbtest4_pkey on sbtest4  (cost=0.43..38.88 rows=10 width=121)
	        Index Cond: ((id >= 1077803) AND (id <= 1077812))

table 5 : explain SELECT c FROM sbtest5 WHERE id BETWEEN 7207885 AND 7207894 ORDER BY c
	Sort  (cost=39.45..39.47 rows=10 width=121)
	  Sort Key: c
	  ->  Index Scan using sbtest5_pkey on sbtest5  (cost=0.43..39.28 rows=10 width=121)
	        Index Cond: ((id >= 7207885) AND (id <= 7207894))

table 6 : explain SELECT c FROM sbtest6 WHERE id BETWEEN 8745412 AND 8745421 ORDER BY c
	Sort  (cost=39.59..39.61 rows=10 width=121)
	  Sort Key: c
	  ->  Index Scan using sbtest6_pkey on sbtest6  (cost=0.43..39.42 rows=10 width=121)
	        Index Cond: ((id >= 8745412) AND (id <= 8745421))

table 7 : explain SELECT c FROM sbtest7 WHERE id BETWEEN 2838848 AND 2838857 ORDER BY c
	Sort  (cost=36.19..36.21 rows=9 width=121)
	  Sort Key: c
	  ->  Index Scan using sbtest7_pkey on sbtest7  (cost=0.43..36.04 rows=9 width=121)
	        Index Cond: ((id >= 2838848) AND (id <= 2838857))

table 8 : explain SELECT c FROM sbtest8 WHERE id BETWEEN 9985002 AND 9985011 ORDER BY c
	Sort  (cost=39.66..39.69 rows=10 width=121)
	  Sort Key: c
	  ->  Index Scan using sbtest8_pkey on sbtest8  (cost=0.43..39.49 rows=10 width=121)
	        Index Cond: ((id >= 9985002) AND (id <= 9985011))

for non_index_updates
table 1 : explain UPDATE sbtest1 SET c='foobar' WHERE id=2058671
	Update on sbtest1  (cost=0.43..8.45 rows=0 width=0)
	  ->  Index Scan using sbtest1_pkey on sbtest1  (cost=0.43..8.45 rows=1 width=490)
	        Index Cond: (id = 2058671)

table 2 : explain UPDATE sbtest2 SET c='foobar' WHERE id=9676415
	Update on sbtest2  (cost=0.43..8.45 rows=0 width=0)
	  ->  Index Scan using sbtest2_pkey on sbtest2  (cost=0.43..8.45 rows=1 width=490)
	        Index Cond: (id = 9676415)

table 3 : explain UPDATE sbtest3 SET c='foobar' WHERE id=2353698
	Update on sbtest3  (cost=0.43..8.45 rows=0 width=0)
	  ->  Index Scan using sbtest3_pkey on sbtest3  (cost=0.43..8.45 rows=1 width=490)
	        Index Cond: (id = 2353698)

table 4 : explain UPDATE sbtest4 SET c='foobar' WHERE id=907551
	Update on sbtest4  (cost=0.43..8.45 rows=0 width=0)
	  ->  Index Scan using sbtest4_pkey on sbtest4  (cost=0.43..8.45 rows=1 width=490)
	        Index Cond: (id = 907551)

table 5 : explain UPDATE sbtest5 SET c='foobar' WHERE id=5210455
	Update on sbtest5  (cost=0.43..8.45 rows=0 width=0)
	  ->  Index Scan using sbtest5_pkey on sbtest5  (cost=0.43..8.45 rows=1 width=490)
	        Index Cond: (id = 5210455)

table 6 : explain UPDATE sbtest6 SET c='foobar' WHERE id=499279
	Update on sbtest6  (cost=0.43..8.45 rows=0 width=0)
	  ->  Index Scan using sbtest6_pkey on sbtest6  (cost=0.43..8.45 rows=1 width=490)
	        Index Cond: (id = 499279)

table 7 : explain UPDATE sbtest7 SET c='foobar' WHERE id=4131965
	Update on sbtest7  (cost=0.43..8.45 rows=0 width=0)
	  ->  Index Scan using sbtest7_pkey on sbtest7  (cost=0.43..8.45 rows=1 width=490)
	        Index Cond: (id = 4131965)

table 8 : explain UPDATE sbtest8 SET c='foobar' WHERE id=4589036
	Update on sbtest8  (cost=0.43..8.45 rows=0 width=0)
	  ->  Index Scan using sbtest8_pkey on sbtest8  (cost=0.43..8.45 rows=1 width=490)
	        Index Cond: (id = 4589036)

for index_updates
table 1 : explain UPDATE sbtest1 SET k=k+1 WHERE id=8760529
	Update on sbtest1  (cost=0.43..8.46 rows=0 width=0)
	  ->  Index Scan using sbtest1_pkey on sbtest1  (cost=0.43..8.46 rows=1 width=10)
	        Index Cond: (id = 8760529)

table 2 : explain UPDATE sbtest2 SET k=k+1 WHERE id=5066311
	Update on sbtest2  (cost=0.43..8.46 rows=0 width=0)
	  ->  Index Scan using sbtest2_pkey on sbtest2  (cost=0.43..8.46 rows=1 width=10)
	        Index Cond: (id = 5066311)

table 3 : explain UPDATE sbtest3 SET k=k+1 WHERE id=4408606
	Update on sbtest3  (cost=0.43..8.46 rows=0 width=0)
	  ->  Index Scan using sbtest3_pkey on sbtest3  (cost=0.43..8.46 rows=1 width=10)
	        Index Cond: (id = 4408606)

table 4 : explain UPDATE sbtest4 SET k=k+1 WHERE id=6927037
	Update on sbtest4  (cost=0.43..8.46 rows=0 width=0)
	  ->  Index Scan using sbtest4_pkey on sbtest4  (cost=0.43..8.46 rows=1 width=10)
	        Index Cond: (id = 6927037)

table 5 : explain UPDATE sbtest5 SET k=k+1 WHERE id=9392477
	Update on sbtest5  (cost=0.43..8.46 rows=0 width=0)
	  ->  Index Scan using sbtest5_pkey on sbtest5  (cost=0.43..8.46 rows=1 width=10)
	        Index Cond: (id = 9392477)

table 6 : explain UPDATE sbtest6 SET k=k+1 WHERE id=4217838
	Update on sbtest6  (cost=0.43..8.46 rows=0 width=0)
	  ->  Index Scan using sbtest6_pkey on sbtest6  (cost=0.43..8.46 rows=1 width=10)
	        Index Cond: (id = 4217838)

table 7 : explain UPDATE sbtest7 SET k=k+1 WHERE id=2444071
	Update on sbtest7  (cost=0.43..8.46 rows=0 width=0)
	  ->  Index Scan using sbtest7_pkey on sbtest7  (cost=0.43..8.46 rows=1 width=10)
	        Index Cond: (id = 2444071)

table 8 : explain UPDATE sbtest8 SET k=k+1 WHERE id=5148999
	Update on sbtest8  (cost=0.43..8.46 rows=0 width=0)
	  ->  Index Scan using sbtest8_pkey on sbtest8  (cost=0.43..8.46 rows=1 width=10)
	        Index Cond: (id = 5148999)

explain: for point_selects :: explain SELECT c FROM sbtest%u WHERE id=%u
explain: for deletes :: explain DELETE FROM sbtest%u WHERE id=%u
for point_selects
table 1 : explain SELECT c FROM sbtest1 WHERE id=3591595
	Index Scan using sbtest1_pkey on sbtest1  (cost=0.43..8.45 rows=1 width=121)
	  Index Cond: (id = 3591595)

table 2 : explain SELECT c FROM sbtest2 WHERE id=4447173
	Index Scan using sbtest2_pkey on sbtest2  (cost=0.43..8.45 rows=1 width=121)
	  Index Cond: (id = 4447173)

table 3 : explain SELECT c FROM sbtest3 WHERE id=2268874
	Index Scan using sbtest3_pkey on sbtest3  (cost=0.43..8.45 rows=1 width=121)
	  Index Cond: (id = 2268874)

table 4 : explain SELECT c FROM sbtest4 WHERE id=7299649
	Index Scan using sbtest4_pkey on sbtest4  (cost=0.43..8.45 rows=1 width=121)
	  Index Cond: (id = 7299649)

table 5 : explain SELECT c FROM sbtest5 WHERE id=689682
	Index Scan using sbtest5_pkey on sbtest5  (cost=0.43..8.45 rows=1 width=121)
	  Index Cond: (id = 689682)

table 6 : explain SELECT c FROM sbtest6 WHERE id=8859577
	Index Scan using sbtest6_pkey on sbtest6  (cost=0.43..8.45 rows=1 width=121)
	  Index Cond: (id = 8859577)

table 7 : explain SELECT c FROM sbtest7 WHERE id=3172999
	Index Scan using sbtest7_pkey on sbtest7  (cost=0.43..8.45 rows=1 width=121)
	  Index Cond: (id = 3172999)

table 8 : explain SELECT c FROM sbtest8 WHERE id=2961911
	Index Scan using sbtest8_pkey on sbtest8  (cost=0.43..8.45 rows=1 width=121)
	  Index Cond: (id = 2961911)

explain: for non_index_updates :: explain UPDATE sbtest%u SET c='foobar' WHERE id=%u
for index_updates
table 1 : explain UPDATE sbtest1 SET k=k+1 WHERE id=2154649
	Update on sbtest1  (cost=0.43..8.46 rows=0 width=0)
	  ->  Index Scan using sbtest1_pkey on sbtest1  (cost=0.43..8.46 rows=1 width=10)
	        Index Cond: (id = 2154649)

table 2 : explain UPDATE sbtest2 SET k=k+1 WHERE id=4146817
	Update on sbtest2  (cost=0.43..8.46 rows=0 width=0)
	  ->  Index Scan using sbtest2_pkey on sbtest2  (cost=0.43..8.46 rows=1 width=10)
	        Index Cond: (id = 4146817)

table 3 : explain UPDATE sbtest3 SET k=k+1 WHERE id=419016
	Update on sbtest3  (cost=0.43..8.46 rows=0 width=0)
	  ->  Index Scan using sbtest3_pkey on sbtest3  (cost=0.43..8.46 rows=1 width=10)
	        Index Cond: (id = 419016)

table 4 : explain UPDATE sbtest4 SET k=k+1 WHERE id=1068568
	Update on sbtest4  (cost=0.43..8.46 rows=0 width=0)
	  ->  Index Scan using sbtest4_pkey on sbtest4  (cost=0.43..8.46 rows=1 width=10)
	        Index Cond: (id = 1068568)

table 5 : explain UPDATE sbtest5 SET k=k+1 WHERE id=4081139
	Update on sbtest5  (cost=0.43..8.46 rows=0 width=0)
	  ->  Index Scan using sbtest5_pkey on sbtest5  (cost=0.43..8.46 rows=1 width=10)
	        Index Cond: (id = 4081139)

table 6 : explain UPDATE sbtest6 SET k=k+1 WHERE id=6117263
	Update on sbtest6  (cost=0.43..8.46 rows=0 width=0)
	  ->  Index Scan using sbtest6_pkey on sbtest6  (cost=0.43..8.46 rows=1 width=10)
	        Index Cond: (id = 6117263)

table 7 : explain UPDATE sbtest7 SET k=k+1 WHERE id=1598158
	Update on sbtest7  (cost=0.43..8.46 rows=0 width=0)
	  ->  Index Scan using sbtest7_pkey on sbtest7  (cost=0.43..8.46 rows=1 width=10)
	        Index Cond: (id = 1598158)

table 8 : explain UPDATE sbtest8 SET k=k+1 WHERE id=1485789
	Update on sbtest8  (cost=0.43..8.46 rows=0 width=0)
	  ->  Index Scan using sbtest8_pkey on sbtest8  (cost=0.43..8.46 rows=1 width=10)
	        Index Cond: (id = 1485789)

for: sum_ranges
table 1 : explain SELECT SUM(k) FROM sbtest1 WHERE id BETWEEN 2114234 AND 2114243
	Aggregate  (cost=39.51..39.52 rows=1 width=8)
	  ->  Index Scan using sbtest1_pkey on sbtest1  (cost=0.43..39.49 rows=10 width=4)
	        Index Cond: ((id >= 2114234) AND (id <= 2114243))

table 2 : explain SELECT SUM(k) FROM sbtest2 WHERE id BETWEEN 3659131 AND 3659140
	Aggregate  (cost=35.87..35.88 rows=1 width=8)
	  ->  Index Scan using sbtest2_pkey on sbtest2  (cost=0.43..35.85 rows=9 width=4)
	        Index Cond: ((id >= 3659131) AND (id <= 3659140))

table 3 : explain SELECT SUM(k) FROM sbtest3 WHERE id BETWEEN 8683376 AND 8683385
	Aggregate  (cost=39.18..39.19 rows=1 width=8)
	  ->  Index Scan using sbtest3_pkey on sbtest3  (cost=0.43..39.15 rows=10 width=4)
	        Index Cond: ((id >= 8683376) AND (id <= 8683385))

table 4 : explain SELECT SUM(k) FROM sbtest4 WHERE id BETWEEN 8918665 AND 8918674
	Aggregate  (cost=38.90..38.91 rows=1 width=8)
	  ->  Index Scan using sbtest4_pkey on sbtest4  (cost=0.43..38.88 rows=10 width=4)
	        Index Cond: ((id >= 8918665) AND (id <= 8918674))

table 5 : explain SELECT SUM(k) FROM sbtest5 WHERE id BETWEEN 5737883 AND 5737892
	Aggregate  (cost=35.88..35.89 rows=1 width=8)
	  ->  Index Scan using sbtest5_pkey on sbtest5  (cost=0.43..35.85 rows=9 width=4)
	        Index Cond: ((id >= 5737883) AND (id <= 5737892))

table 6 : explain SELECT SUM(k) FROM sbtest6 WHERE id BETWEEN 9437595 AND 9437604
	Aggregate  (cost=36.00..36.01 rows=1 width=8)
	  ->  Index Scan using sbtest6_pkey on sbtest6  (cost=0.43..35.98 rows=9 width=4)
	        Index Cond: ((id >= 9437595) AND (id <= 9437604))

table 7 : explain SELECT SUM(k) FROM sbtest7 WHERE id BETWEEN 112244 AND 112253
	Aggregate  (cost=39.52..39.53 rows=1 width=8)
	  ->  Index Scan using sbtest7_pkey on sbtest7  (cost=0.43..39.49 rows=10 width=4)
	        Index Cond: ((id >= 112244) AND (id <= 112253))

table 8 : explain SELECT SUM(k) FROM sbtest8 WHERE id BETWEEN 8286811 AND 8286820
	Aggregate  (cost=46.42..46.43 rows=1 width=8)
	  ->  Index Scan using sbtest8_pkey on sbtest8  (cost=0.43..46.39 rows=12 width=4)
	        Index Cond: ((id >= 8286811) AND (id <= 8286820))

for deletes
table 1 : explain DELETE FROM sbtest1 WHERE id=6133150
	Delete on sbtest1  (cost=0.43..8.45 rows=0 width=0)
	  ->  Index Scan using sbtest1_pkey on sbtest1  (cost=0.43..8.45 rows=1 width=6)
	        Index Cond: (id = 6133150)

table 2 : explain DELETE FROM sbtest2 WHERE id=6449878
	Delete on sbtest2  (cost=0.43..8.45 rows=0 width=0)
	  ->  Index Scan using sbtest2_pkey on sbtest2  (cost=0.43..8.45 rows=1 width=6)
	        Index Cond: (id = 6449878)

table 3 : explain DELETE FROM sbtest3 WHERE id=4385172
	Delete on sbtest3  (cost=0.43..8.45 rows=0 width=0)
	  ->  Index Scan using sbtest3_pkey on sbtest3  (cost=0.43..8.45 rows=1 width=6)
	        Index Cond: (id = 4385172)

table 4 : explain DELETE FROM sbtest4 WHERE id=4279913
	Delete on sbtest4  (cost=0.43..8.45 rows=0 width=0)
	  ->  Index Scan using sbtest4_pkey on sbtest4  (cost=0.43..8.45 rows=1 width=6)
	        Index Cond: (id = 4279913)

table 5 : explain DELETE FROM sbtest5 WHERE id=429215
	Delete on sbtest5  (cost=0.43..8.45 rows=0 width=0)
	  ->  Index Scan using sbtest5_pkey on sbtest5  (cost=0.43..8.45 rows=1 width=6)
	        Index Cond: (id = 429215)

table 6 : explain DELETE FROM sbtest6 WHERE id=643695
	Delete on sbtest6  (cost=0.43..8.45 rows=0 width=0)
	  ->  Index Scan using sbtest6_pkey on sbtest6  (cost=0.43..8.45 rows=1 width=6)
	        Index Cond: (id = 643695)

table 7 : explain DELETE FROM sbtest7 WHERE id=1126346
	Delete on sbtest7  (cost=0.43..8.45 rows=0 width=0)
	  ->  Index Scan using sbtest7_pkey on sbtest7  (cost=0.43..8.45 rows=1 width=6)
	        Index Cond: (id = 1126346)

table 8 : explain DELETE FROM sbtest8 WHERE id=4273246
	Delete on sbtest8  (cost=0.43..8.45 rows=0 width=0)
	  ->  Index Scan using sbtest8_pkey on sbtest8  (cost=0.43..8.45 rows=1 width=6)
	        Index Cond: (id = 4273246)

for: distinct_ranges
table 1 : explain SELECT DISTINCT c FROM sbtest1 WHERE id BETWEEN 9058223 AND 9058232 ORDER BY c
	Unique  (cost=39.66..39.71 rows=10 width=121)
	  ->  Sort  (cost=39.66..39.68 rows=10 width=121)
	        Sort Key: c
	        ->  Index Scan using sbtest1_pkey on sbtest1  (cost=0.43..39.49 rows=10 width=121)
	              Index Cond: ((id >= 9058223) AND (id <= 9058232))

table 2 : explain SELECT DISTINCT c FROM sbtest2 WHERE id BETWEEN 5272034 AND 5272043 ORDER BY c
	Unique  (cost=39.44..39.49 rows=10 width=121)
	  ->  Sort  (cost=39.44..39.46 rows=10 width=121)
	        Sort Key: c
	        ->  Index Scan using sbtest2_pkey on sbtest2  (cost=0.43..39.27 rows=10 width=121)
	              Index Cond: ((id >= 5272034) AND (id <= 5272043))

table 3 : explain SELECT DISTINCT c FROM sbtest3 WHERE id BETWEEN 85115 AND 85124 ORDER BY c
	Unique  (cost=39.32..39.37 rows=10 width=121)
	  ->  Sort  (cost=39.32..39.35 rows=10 width=121)
	        Sort Key: c
	        ->  Index Scan using sbtest3_pkey on sbtest3  (cost=0.43..39.15 rows=10 width=121)
	              Index Cond: ((id >= 85115) AND (id <= 85124))

table 4 : explain SELECT DISTINCT c FROM sbtest4 WHERE id BETWEEN 9006139 AND 9006148 ORDER BY c
	Unique  (cost=39.04..39.09 rows=10 width=121)
	  ->  Sort  (cost=39.04..39.07 rows=10 width=121)
	        Sort Key: c
	        ->  Index Scan using sbtest4_pkey on sbtest4  (cost=0.43..38.88 rows=10 width=121)
	              Index Cond: ((id >= 9006139) AND (id <= 9006148))

table 5 : explain SELECT DISTINCT c FROM sbtest5 WHERE id BETWEEN 3463558 AND 3463567 ORDER BY c
	Unique  (cost=39.45..39.50 rows=10 width=121)
	  ->  Sort  (cost=39.45..39.47 rows=10 width=121)
	        Sort Key: c
	        ->  Index Scan using sbtest5_pkey on sbtest5  (cost=0.43..39.28 rows=10 width=121)
	              Index Cond: ((id >= 3463558) AND (id <= 3463567))

table 6 : explain SELECT DISTINCT c FROM sbtest6 WHERE id BETWEEN 6684021 AND 6684030 ORDER BY c
	Unique  (cost=43.05..43.11 rows=11 width=121)
	  ->  Sort  (cost=43.05..43.08 rows=11 width=121)
	        Sort Key: c
	        ->  Index Scan using sbtest6_pkey on sbtest6  (cost=0.43..42.86 rows=11 width=121)
	              Index Cond: ((id >= 6684021) AND (id <= 6684030))

table 7 : explain SELECT DISTINCT c FROM sbtest7 WHERE id BETWEEN 7515669 AND 7515678 ORDER BY c
	Unique  (cost=39.66..39.71 rows=10 width=121)
	  ->  Sort  (cost=39.66..39.68 rows=10 width=121)
	        Sort Key: c
	        ->  Index Scan using sbtest7_pkey on sbtest7  (cost=0.43..39.49 rows=10 width=121)
	              Index Cond: ((id >= 7515669) AND (id <= 7515678))

table 8 : explain SELECT DISTINCT c FROM sbtest8 WHERE id BETWEEN 1020752 AND 1020761 ORDER BY c
	Unique  (cost=39.66..39.71 rows=10 width=121)
	  ->  Sort  (cost=39.66..39.69 rows=10 width=121)
	        Sort Key: c
	        ->  Index Scan using sbtest8_pkey on sbtest8  (cost=0.43..39.49 rows=10 width=121)
	              Index Cond: ((id >= 1020752) AND (id <= 1020761))

explain: for point_selects :: explain SELECT c FROM sbtest%u WHERE id=%u
for: sum_ranges
table 1 : explain SELECT SUM(k) FROM sbtest1 WHERE id BETWEEN 6030573 AND 6030582
	Aggregate  (cost=39.51..39.52 rows=1 width=8)
	  ->  Index Scan using sbtest1_pkey on sbtest1  (cost=0.43..39.49 rows=10 width=4)
	        Index Cond: ((id >= 6030573) AND (id <= 6030582))

table 2 : explain SELECT SUM(k) FROM sbtest2 WHERE id BETWEEN 7784575 AND 7784584
	Aggregate  (cost=39.29..39.30 rows=1 width=8)
	  ->  Index Scan using sbtest2_pkey on sbtest2  (cost=0.43..39.27 rows=10 width=4)
	        Index Cond: ((id >= 7784575) AND (id <= 7784584))

table 3 : explain SELECT SUM(k) FROM sbtest3 WHERE id BETWEEN 8480714 AND 8480723
	Aggregate  (cost=42.59..42.60 rows=1 width=8)
	  ->  Index Scan using sbtest3_pkey on sbtest3  (cost=0.43..42.57 rows=11 width=4)
	        Index Cond: ((id >= 8480714) AND (id <= 8480723))

table 4 : explain SELECT SUM(k) FROM sbtest4 WHERE id BETWEEN 1847665 AND 1847674
	Aggregate  (cost=38.90..38.91 rows=1 width=8)
	  ->  Index Scan using sbtest4_pkey on sbtest4  (cost=0.43..38.88 rows=10 width=4)
	        Index Cond: ((id >= 1847665) AND (id <= 1847674))

table 5 : explain SELECT SUM(k) FROM sbtest5 WHERE id BETWEEN 7821402 AND 7821411
	Aggregate  (cost=42.73..42.74 rows=1 width=8)
	  ->  Index Scan using sbtest5_pkey on sbtest5  (cost=0.43..42.70 rows=11 width=4)
	        Index Cond: ((id >= 7821402) AND (id <= 7821411))

table 6 : explain SELECT SUM(k) FROM sbtest6 WHERE id BETWEEN 7034354 AND 7034363
	Aggregate  (cost=42.89..42.90 rows=1 width=8)
	  ->  Index Scan using sbtest6_pkey on sbtest6  (cost=0.43..42.86 rows=11 width=4)
	        Index Cond: ((id >= 7034354) AND (id <= 7034363))

table 7 : explain SELECT SUM(k) FROM sbtest7 WHERE id BETWEEN 7606922 AND 7606931
	Aggregate  (cost=39.52..39.53 rows=1 width=8)
	  ->  Index Scan using sbtest7_pkey on sbtest7  (cost=0.43..39.49 rows=10 width=4)
	        Index Cond: ((id >= 7606922) AND (id <= 7606931))

table 8 : explain SELECT SUM(k) FROM sbtest8 WHERE id BETWEEN 6663826 AND 6663835
	Aggregate  (cost=42.97..42.98 rows=1 width=8)
	  ->  Index Scan using sbtest8_pkey on sbtest8  (cost=0.43..42.94 rows=11 width=4)
	        Index Cond: ((id >= 6663826) AND (id <= 6663835))

for: simple_ranges
table 1 : explain SELECT c FROM sbtest1 WHERE id BETWEEN 2211611 AND 2211620
	Index Scan using sbtest1_pkey on sbtest1  (cost=0.43..42.94 rows=11 width=121)
	  Index Cond: ((id >= 2211611) AND (id <= 2211620))

table 2 : explain SELECT c FROM sbtest2 WHERE id BETWEEN 6509245 AND 6509254
	Index Scan using sbtest2_pkey on sbtest2  (cost=0.43..39.27 rows=10 width=121)
	  Index Cond: ((id >= 6509245) AND (id <= 6509254))

table 3 : explain SELECT c FROM sbtest3 WHERE id BETWEEN 3815942 AND 3815951
	Index Scan using sbtest3_pkey on sbtest3  (cost=0.43..35.74 rows=9 width=121)
	  Index Cond: ((id >= 3815942) AND (id <= 3815951))

table 4 : explain SELECT c FROM sbtest4 WHERE id BETWEEN 1375639 AND 1375648
	Index Scan using sbtest4_pkey on sbtest4  (cost=0.43..38.88 rows=10 width=121)
	  Index Cond: ((id >= 1375639) AND (id <= 1375648))

table 5 : explain SELECT c FROM sbtest5 WHERE id BETWEEN 668713 AND 668722
	Index Scan using sbtest5_pkey on sbtest5  (cost=0.43..39.28 rows=10 width=121)
	  Index Cond: ((id >= 668713) AND (id <= 668722))

table 6 : explain SELECT c FROM sbtest6 WHERE id BETWEEN 9329425 AND 9329434
	Index Scan using sbtest6_pkey on sbtest6  (cost=0.43..42.86 rows=11 width=121)
	  Index Cond: ((id >= 9329425) AND (id <= 9329434))

table 7 : explain SELECT c FROM sbtest7 WHERE id BETWEEN 4153132 AND 4153141
	Index Scan using sbtest7_pkey on sbtest7  (cost=0.43..39.49 rows=10 width=121)
	  Index Cond: ((id >= 4153132) AND (id <= 4153141))

table 8 : explain SELECT c FROM sbtest8 WHERE id BETWEEN 5052517 AND 5052526
	Index Scan using sbtest8_pkey on sbtest8  (cost=0.43..39.49 rows=10 width=121)
	  Index Cond: ((id >= 5052517) AND (id <= 5052526))

for non_index_updates
table 1 : explain UPDATE sbtest1 SET c='foobar' WHERE id=2544738
	Update on sbtest1  (cost=0.43..8.45 rows=0 width=0)
	  ->  Index Scan using sbtest1_pkey on sbtest1  (cost=0.43..8.45 rows=1 width=490)
	        Index Cond: (id = 2544738)

table 2 : explain UPDATE sbtest2 SET c='foobar' WHERE id=1151713
	Update on sbtest2  (cost=0.43..8.45 rows=0 width=0)
	  ->  Index Scan using sbtest2_pkey on sbtest2  (cost=0.43..8.45 rows=1 width=490)
	        Index Cond: (id = 1151713)

table 3 : explain UPDATE sbtest3 SET c='foobar' WHERE id=4302828
	Update on sbtest3  (cost=0.43..8.45 rows=0 width=0)
	  ->  Index Scan using sbtest3_pkey on sbtest3  (cost=0.43..8.45 rows=1 width=490)
	        Index Cond: (id = 4302828)

table 4 : explain UPDATE sbtest4 SET c='foobar' WHERE id=5116394
	Update on sbtest4  (cost=0.43..8.45 rows=0 width=0)
	  ->  Index Scan using sbtest4_pkey on sbtest4  (cost=0.43..8.45 rows=1 width=490)
	        Index Cond: (id = 5116394)

table 5 : explain UPDATE sbtest5 SET c='foobar' WHERE id=6728244
	Update on sbtest5  (cost=0.43..8.45 rows=0 width=0)
	  ->  Index Scan using sbtest5_pkey on sbtest5  (cost=0.43..8.45 rows=1 width=490)
	        Index Cond: (id = 6728244)

table 6 : explain UPDATE sbtest6 SET c='foobar' WHERE id=1759945
	Update on sbtest6  (cost=0.43..8.45 rows=0 width=0)
	  ->  Index Scan using sbtest6_pkey on sbtest6  (cost=0.43..8.45 rows=1 width=490)
	        Index Cond: (id = 1759945)

table 7 : explain UPDATE sbtest7 SET c='foobar' WHERE id=9190153
	Update on sbtest7  (cost=0.43..8.45 rows=0 width=0)
	  ->  Index Scan using sbtest7_pkey on sbtest7  (cost=0.43..8.45 rows=1 width=490)
	        Index Cond: (id = 9190153)

table 8 : explain UPDATE sbtest8 SET c='foobar' WHERE id=8399145
	Update on sbtest8  (cost=0.43..8.45 rows=0 width=0)
	  ->  Index Scan using sbtest8_pkey on sbtest8  (cost=0.43..8.45 rows=1 width=490)
	        Index Cond: (id = 8399145)

for: distinct_ranges
table 1 : explain SELECT DISTINCT c FROM sbtest1 WHERE id BETWEEN 2576513 AND 2576522 ORDER BY c
	Unique  (cost=39.66..39.71 rows=10 width=121)
	  ->  Sort  (cost=39.66..39.68 rows=10 width=121)
	        Sort Key: c
	        ->  Index Scan using sbtest1_pkey on sbtest1  (cost=0.43..39.49 rows=10 width=121)
	              Index Cond: ((id >= 2576513) AND (id <= 2576522))

table 2 : explain SELECT DISTINCT c FROM sbtest2 WHERE id BETWEEN 2424286 AND 2424295 ORDER BY c
	Unique  (cost=39.44..39.49 rows=10 width=121)
	  ->  Sort  (cost=39.44..39.46 rows=10 width=121)
	        Sort Key: c
	        ->  Index Scan using sbtest2_pkey on sbtest2  (cost=0.43..39.27 rows=10 width=121)
	              Index Cond: ((id >= 2424286) AND (id <= 2424295))

table 3 : explain SELECT DISTINCT c FROM sbtest3 WHERE id BETWEEN 6359920 AND 6359929 ORDER BY c
	Unique  (cost=39.32..39.37 rows=10 width=121)
	  ->  Sort  (cost=39.32..39.35 rows=10 width=121)
	        Sort Key: c
	        ->  Index Scan using sbtest3_pkey on sbtest3  (cost=0.43..39.15 rows=10 width=121)
	              Index Cond: ((id >= 6359920) AND (id <= 6359929))

table 4 : explain SELECT DISTINCT c FROM sbtest4 WHERE id BETWEEN 6934543 AND 6934552 ORDER BY c
	Unique  (cost=39.04..39.09 rows=10 width=121)
	  ->  Sort  (cost=39.04..39.07 rows=10 width=121)
	        Sort Key: c
	        ->  Index Scan using sbtest4_pkey on sbtest4  (cost=0.43..38.88 rows=10 width=121)
	              Index Cond: ((id >= 6934543) AND (id <= 6934552))

table 5 : explain SELECT DISTINCT c FROM sbtest5 WHERE id BETWEEN 5798206 AND 5798215 ORDER BY c
	Unique  (cost=42.89..42.95 rows=11 width=121)
	  ->  Sort  (cost=42.89..42.92 rows=11 width=121)
	        Sort Key: c
	        ->  Index Scan using sbtest5_pkey on sbtest5  (cost=0.43..42.70 rows=11 width=121)
	              Index Cond: ((id >= 5798206) AND (id <= 5798215))

table 6 : explain SELECT DISTINCT c FROM sbtest6 WHERE id BETWEEN 3518645 AND 3518654 ORDER BY c
	Unique  (cost=36.12..36.17 rows=9 width=121)
	  ->  Sort  (cost=36.12..36.15 rows=9 width=121)
	        Sort Key: c
	        ->  Index Scan using sbtest6_pkey on sbtest6  (cost=0.43..35.98 rows=9 width=121)
	              Index Cond: ((id >= 3518645) AND (id <= 3518654))

table 7 : explain SELECT DISTINCT c FROM sbtest7 WHERE id BETWEEN 2339038 AND 2339047 ORDER BY c
	Unique  (cost=39.66..39.71 rows=10 width=121)
	  ->  Sort  (cost=39.66..39.68 rows=10 width=121)
	        Sort Key: c
	        ->  Index Scan using sbtest7_pkey on sbtest7  (cost=0.43..39.49 rows=10 width=121)
	              Index Cond: ((id >= 2339038) AND (id <= 2339047))

table 8 : explain SELECT DISTINCT c FROM sbtest8 WHERE id BETWEEN 1196435 AND 1196444 ORDER BY c
	Unique  (cost=39.66..39.71 rows=10 width=121)
	  ->  Sort  (cost=39.66..39.69 rows=10 width=121)
	        Sort Key: c
	        ->  Index Scan using sbtest8_pkey on sbtest8  (cost=0.43..39.49 rows=10 width=121)
	              Index Cond: ((id >= 1196435) AND (id <= 1196444))

explain: for inserts :: explain INSERT INTO sbtest%u (id, k, c, pad) VALUES (%u, 13, 'foobar', 'foobar')
explain: for index_updates :: explain UPDATE sbtest%u SET k=k+1 WHERE id=%u
explain: for deletes :: explain DELETE FROM sbtest%u WHERE id=%u
explain: for index_updates :: explain UPDATE sbtest%u SET k=k+1 WHERE id=%u
explain: for non_index_updates :: explain UPDATE sbtest%u SET c='foobar' WHERE id=%u
for inserts
table 1 : explain INSERT INTO sbtest1 (id, k, c, pad) VALUES (242788, 13, 'foobar', 'foobar')
	Insert on sbtest1  (cost=0.00..0.01 rows=0 width=0)
	  ->  Result  (cost=0.00..0.01 rows=1 width=736)

table 2 : explain INSERT INTO sbtest2 (id, k, c, pad) VALUES (8018733, 13, 'foobar', 'foobar')
	Insert on sbtest2  (cost=0.00..0.01 rows=0 width=0)
	  ->  Result  (cost=0.00..0.01 rows=1 width=736)

table 3 : explain INSERT INTO sbtest3 (id, k, c, pad) VALUES (3902899, 13, 'foobar', 'foobar')
	Insert on sbtest3  (cost=0.00..0.01 rows=0 width=0)
	  ->  Result  (cost=0.00..0.01 rows=1 width=736)

table 4 : explain INSERT INTO sbtest4 (id, k, c, pad) VALUES (51304, 13, 'foobar', 'foobar')
	Insert on sbtest4  (cost=0.00..0.01 rows=0 width=0)
	  ->  Result  (cost=0.00..0.01 rows=1 width=736)

table 5 : explain INSERT INTO sbtest5 (id, k, c, pad) VALUES (9671115, 13, 'foobar', 'foobar')
	Insert on sbtest5  (cost=0.00..0.01 rows=0 width=0)
	  ->  Result  (cost=0.00..0.01 rows=1 width=736)

table 6 : explain INSERT INTO sbtest6 (id, k, c, pad) VALUES (3081681, 13, 'foobar', 'foobar')
	Insert on sbtest6  (cost=0.00..0.01 rows=0 width=0)
	  ->  Result  (cost=0.00..0.01 rows=1 width=736)

table 7 : explain INSERT INTO sbtest7 (id, k, c, pad) VALUES (646966, 13, 'foobar', 'foobar')
	Insert on sbtest7  (cost=0.00..0.01 rows=0 width=0)
	  ->  Result  (cost=0.00..0.01 rows=1 width=736)

table 8 : explain INSERT INTO sbtest8 (id, k, c, pad) VALUES (2184165, 13, 'foobar', 'foobar')
	Insert on sbtest8  (cost=0.00..0.01 rows=0 width=0)
	  ->  Result  (cost=0.00..0.01 rows=1 width=736)

for deletes
table 1 : explain DELETE FROM sbtest1 WHERE id=630386
	Delete on sbtest1  (cost=0.43..8.45 rows=0 width=0)
	  ->  Index Scan using sbtest1_pkey on sbtest1  (cost=0.43..8.45 rows=1 width=6)
	        Index Cond: (id = 630386)

table 2 : explain DELETE FROM sbtest2 WHERE id=2333586
	Delete on sbtest2  (cost=0.43..8.45 rows=0 width=0)
	  ->  Index Scan using sbtest2_pkey on sbtest2  (cost=0.43..8.45 rows=1 width=6)
	        Index Cond: (id = 2333586)

table 3 : explain DELETE FROM sbtest3 WHERE id=2634619
	Delete on sbtest3  (cost=0.43..8.45 rows=0 width=0)
	  ->  Index Scan using sbtest3_pkey on sbtest3  (cost=0.43..8.45 rows=1 width=6)
	        Index Cond: (id = 2634619)

table 4 : explain DELETE FROM sbtest4 WHERE id=7633120
	Delete on sbtest4  (cost=0.43..8.45 rows=0 width=0)
	  ->  Index Scan using sbtest4_pkey on sbtest4  (cost=0.43..8.45 rows=1 width=6)
	        Index Cond: (id = 7633120)

table 5 : explain DELETE FROM sbtest5 WHERE id=9870416
	Delete on sbtest5  (cost=0.43..8.45 rows=0 width=0)
	  ->  Index Scan using sbtest5_pkey on sbtest5  (cost=0.43..8.45 rows=1 width=6)
	        Index Cond: (id = 9870416)

table 6 : explain DELETE FROM sbtest6 WHERE id=6568341
	Delete on sbtest6  (cost=0.43..8.45 rows=0 width=0)
	  ->  Index Scan using sbtest6_pkey on sbtest6  (cost=0.43..8.45 rows=1 width=6)
	        Index Cond: (id = 6568341)

table 7 : explain DELETE FROM sbtest7 WHERE id=7586443
	Delete on sbtest7  (cost=0.43..8.45 rows=0 width=0)
	  ->  Index Scan using sbtest7_pkey on sbtest7  (cost=0.43..8.45 rows=1 width=6)
	        Index Cond: (id = 7586443)

table 8 : explain DELETE FROM sbtest8 WHERE id=3608526
	Delete on sbtest8  (cost=0.43..8.45 rows=0 width=0)
	  ->  Index Scan using sbtest8_pkey on sbtest8  (cost=0.43..8.45 rows=1 width=6)
	        Index Cond: (id = 3608526)

for index_updates
table 1 : explain UPDATE sbtest1 SET k=k+1 WHERE id=3476534
	Update on sbtest1  (cost=0.43..8.46 rows=0 width=0)
	  ->  Index Scan using sbtest1_pkey on sbtest1  (cost=0.43..8.46 rows=1 width=10)
	        Index Cond: (id = 3476534)

table 2 : explain UPDATE sbtest2 SET k=k+1 WHERE id=2869730
	Update on sbtest2  (cost=0.43..8.46 rows=0 width=0)
	  ->  Index Scan using sbtest2_pkey on sbtest2  (cost=0.43..8.46 rows=1 width=10)
	        Index Cond: (id = 2869730)

table 3 : explain UPDATE sbtest3 SET k=k+1 WHERE id=1639473
	Update on sbtest3  (cost=0.43..8.46 rows=0 width=0)
	  ->  Index Scan using sbtest3_pkey on sbtest3  (cost=0.43..8.46 rows=1 width=10)
	        Index Cond: (id = 1639473)

table 4 : explain UPDATE sbtest4 SET k=k+1 WHERE id=80141
	Update on sbtest4  (cost=0.43..8.46 rows=0 width=0)
	  ->  Index Scan using sbtest4_pkey on sbtest4  (cost=0.43..8.46 rows=1 width=10)
	        Index Cond: (id = 80141)

table 5 : explain UPDATE sbtest5 SET k=k+1 WHERE id=3923034
	Update on sbtest5  (cost=0.43..8.46 rows=0 width=0)
	  ->  Index Scan using sbtest5_pkey on sbtest5  (cost=0.43..8.46 rows=1 width=10)
	        Index Cond: (id = 3923034)

table 6 : explain UPDATE sbtest6 SET k=k+1 WHERE id=6578210
	Update on sbtest6  (cost=0.43..8.46 rows=0 width=0)
	  ->  Index Scan using sbtest6_pkey on sbtest6  (cost=0.43..8.46 rows=1 width=10)
	        Index Cond: (id = 6578210)

table 7 : explain UPDATE sbtest7 SET k=k+1 WHERE id=3863916
	Update on sbtest7  (cost=0.43..8.46 rows=0 width=0)
	  ->  Index Scan using sbtest7_pkey on sbtest7  (cost=0.43..8.46 rows=1 width=10)
	        Index Cond: (id = 3863916)

table 8 : explain UPDATE sbtest8 SET k=k+1 WHERE id=7259671
	Update on sbtest8  (cost=0.43..8.46 rows=0 width=0)
	  ->  Index Scan using sbtest8_pkey on sbtest8  (cost=0.43..8.46 rows=1 width=10)
	        Index Cond: (id = 7259671)

for: simple_ranges
table 1 : explain SELECT c FROM sbtest1 WHERE id BETWEEN 1649660 AND 1649669
	Index Scan using sbtest1_pkey on sbtest1  (cost=0.43..42.94 rows=11 width=121)
	  Index Cond: ((id >= 1649660) AND (id <= 1649669))

table 2 : explain SELECT c FROM sbtest2 WHERE id BETWEEN 7980890 AND 7980899
	Index Scan using sbtest2_pkey on sbtest2  (cost=0.43..39.27 rows=10 width=121)
	  Index Cond: ((id >= 7980890) AND (id <= 7980899))

table 3 : explain SELECT c FROM sbtest3 WHERE id BETWEEN 4519539 AND 4519548
	Index Scan using sbtest3_pkey on sbtest3  (cost=0.43..39.15 rows=10 width=121)
	  Index Cond: ((id >= 4519539) AND (id <= 4519548))

table 4 : explain SELECT c FROM sbtest4 WHERE id BETWEEN 9376195 AND 9376204
	Index Scan using sbtest4_pkey on sbtest4  (cost=0.43..38.88 rows=10 width=121)
	  Index Cond: ((id >= 9376195) AND (id <= 9376204))

table 5 : explain SELECT c FROM sbtest5 WHERE id BETWEEN 7041568 AND 7041577
	Index Scan using sbtest5_pkey on sbtest5  (cost=0.43..42.70 rows=11 width=121)
	  Index Cond: ((id >= 7041568) AND (id <= 7041577))

table 6 : explain SELECT c FROM sbtest6 WHERE id BETWEEN 4606104 AND 4606113
	Index Scan using sbtest6_pkey on sbtest6  (cost=0.43..39.42 rows=10 width=121)
	  Index Cond: ((id >= 4606104) AND (id <= 4606113))

table 7 : explain SELECT c FROM sbtest7 WHERE id BETWEEN 2306970 AND 2306979
	Index Scan using sbtest7_pkey on sbtest7  (cost=0.43..39.49 rows=10 width=121)
	  Index Cond: ((id >= 2306970) AND (id <= 2306979))

table 8 : explain SELECT c FROM sbtest8 WHERE id BETWEEN 1825020 AND 1825029
	Index Scan using sbtest8_pkey on sbtest8  (cost=0.43..39.49 rows=10 width=121)
	  Index Cond: ((id >= 1825020) AND (id <= 1825029))

for index_updates
table 1 : explain UPDATE sbtest1 SET k=k+1 WHERE id=1153990
	Update on sbtest1  (cost=0.43..8.46 rows=0 width=0)
	  ->  Index Scan using sbtest1_pkey on sbtest1  (cost=0.43..8.46 rows=1 width=10)
	        Index Cond: (id = 1153990)

table 2 : explain UPDATE sbtest2 SET k=k+1 WHERE id=8168535
	Update on sbtest2  (cost=0.43..8.46 rows=0 width=0)
	  ->  Index Scan using sbtest2_pkey on sbtest2  (cost=0.43..8.46 rows=1 width=10)
	        Index Cond: (id = 8168535)

table 3 : explain UPDATE sbtest3 SET k=k+1 WHERE id=422826
	Update on sbtest3  (cost=0.43..8.46 rows=0 width=0)
	  ->  Index Scan using sbtest3_pkey on sbtest3  (cost=0.43..8.46 rows=1 width=10)
	        Index Cond: (id = 422826)

table 4 : explain UPDATE sbtest4 SET k=k+1 WHERE id=3576007
	Update on sbtest4  (cost=0.43..8.46 rows=0 width=0)
	  ->  Index Scan using sbtest4_pkey on sbtest4  (cost=0.43..8.46 rows=1 width=10)
	        Index Cond: (id = 3576007)

table 5 : explain UPDATE sbtest5 SET k=k+1 WHERE id=5778050
	Update on sbtest5  (cost=0.43..8.46 rows=0 width=0)
	  ->  Index Scan using sbtest5_pkey on sbtest5  (cost=0.43..8.46 rows=1 width=10)
	        Index Cond: (id = 5778050)

table 6 : explain UPDATE sbtest6 SET k=k+1 WHERE id=3781996
	Update on sbtest6  (cost=0.43..8.46 rows=0 width=0)
	  ->  Index Scan using sbtest6_pkey on sbtest6  (cost=0.43..8.46 rows=1 width=10)
	        Index Cond: (id = 3781996)

table 7 : explain UPDATE sbtest7 SET k=k+1 WHERE id=5270742
	Update on sbtest7  (cost=0.43..8.46 rows=0 width=0)
	  ->  Index Scan using sbtest7_pkey on sbtest7  (cost=0.43..8.46 rows=1 width=10)
	        Index Cond: (id = 5270742)

table 8 : explain UPDATE sbtest8 SET k=k+1 WHERE id=7536681
	Update on sbtest8  (cost=0.43..8.46 rows=0 width=0)
	  ->  Index Scan using sbtest8_pkey on sbtest8  (cost=0.43..8.46 rows=1 width=10)
	        Index Cond: (id = 7536681)

for: order_ranges
table 1 : explain SELECT c FROM sbtest1 WHERE id BETWEEN 9991171 AND 9991180 ORDER BY c
	Sort  (cost=36.18..36.21 rows=9 width=121)
	  Sort Key: c
	  ->  Index Scan using sbtest1_pkey on sbtest1  (cost=0.43..36.04 rows=9 width=121)
	        Index Cond: ((id >= 9991171) AND (id <= 9991180))

table 2 : explain SELECT c FROM sbtest2 WHERE id BETWEEN 2642580 AND 2642589 ORDER BY c
	Sort  (cost=42.88..42.91 rows=11 width=121)
	  Sort Key: c
	  ->  Index Scan using sbtest2_pkey on sbtest2  (cost=0.43..42.69 rows=11 width=121)
	        Index Cond: ((id >= 2642580) AND (id <= 2642589))

table 3 : explain SELECT c FROM sbtest3 WHERE id BETWEEN 6171543 AND 6171552 ORDER BY c
	Sort  (cost=35.89..35.91 rows=9 width=121)
	  Sort Key: c
	  ->  Index Scan using sbtest3_pkey on sbtest3  (cost=0.43..35.74 rows=9 width=121)
	        Index Cond: ((id >= 6171543) AND (id <= 6171552))

table 4 : explain SELECT c FROM sbtest4 WHERE id BETWEEN 274460 AND 274469 ORDER BY c
	Sort  (cost=39.04..39.07 rows=10 width=121)
	  Sort Key: c
	  ->  Index Scan using sbtest4_pkey on sbtest4  (cost=0.43..38.88 rows=10 width=121)
	        Index Cond: ((id >= 274460) AND (id <= 274469))

table 5 : explain SELECT c FROM sbtest5 WHERE id BETWEEN 6214060 AND 6214069 ORDER BY c
	Sort  (cost=39.45..39.47 rows=10 width=121)
	  Sort Key: c
	  ->  Index Scan using sbtest5_pkey on sbtest5  (cost=0.43..39.28 rows=10 width=121)
	        Index Cond: ((id >= 6214060) AND (id <= 6214069))

table 6 : explain SELECT c FROM sbtest6 WHERE id BETWEEN 4212803 AND 4212812 ORDER BY c
	Sort  (cost=39.59..39.61 rows=10 width=121)
	  Sort Key: c
	  ->  Index Scan using sbtest6_pkey on sbtest6  (cost=0.43..39.42 rows=10 width=121)
	        Index Cond: ((id >= 4212803) AND (id <= 4212812))

table 7 : explain SELECT c FROM sbtest7 WHERE id BETWEEN 2788598 AND 2788607 ORDER BY c
	Sort  (cost=36.19..36.21 rows=9 width=121)
	  Sort Key: c
	  ->  Index Scan using sbtest7_pkey on sbtest7  (cost=0.43..36.04 rows=9 width=121)
	        Index Cond: ((id >= 2788598) AND (id <= 2788607))

table 8 : explain SELECT c FROM sbtest8 WHERE id BETWEEN 4906979 AND 4906988 ORDER BY c
	Sort  (cost=39.66..39.69 rows=10 width=121)
	  Sort Key: c
	  ->  Index Scan using sbtest8_pkey on sbtest8  (cost=0.43..39.49 rows=10 width=121)
	        Index Cond: ((id >= 4906979) AND (id <= 4906988))

for: order_ranges
table 1 : explain SELECT c FROM sbtest1 WHERE id BETWEEN 3516774 AND 3516783 ORDER BY c
	Sort  (cost=39.66..39.68 rows=10 width=121)
	  Sort Key: c
	  ->  Index Scan using sbtest1_pkey on sbtest1  (cost=0.43..39.49 rows=10 width=121)
	        Index Cond: ((id >= 3516774) AND (id <= 3516783))

table 2 : explain SELECT c FROM sbtest2 WHERE id BETWEEN 8283367 AND 8283376 ORDER BY c
	Sort  (cost=39.44..39.46 rows=10 width=121)
	  Sort Key: c
	  ->  Index Scan using sbtest2_pkey on sbtest2  (cost=0.43..39.27 rows=10 width=121)
	        Index Cond: ((id >= 8283367) AND (id <= 8283376))

table 3 : explain SELECT c FROM sbtest3 WHERE id BETWEEN 6222861 AND 6222870 ORDER BY c
	Sort  (cost=35.89..35.91 rows=9 width=121)
	  Sort Key: c
	  ->  Index Scan using sbtest3_pkey on sbtest3  (cost=0.43..35.74 rows=9 width=121)
	        Index Cond: ((id >= 6222861) AND (id <= 6222870))

table 4 : explain SELECT c FROM sbtest4 WHERE id BETWEEN 1923256 AND 1923265 ORDER BY c
	Sort  (cost=39.04..39.07 rows=10 width=121)
	  Sort Key: c
	  ->  Index Scan using sbtest4_pkey on sbtest4  (cost=0.43..38.88 rows=10 width=121)
	        Index Cond: ((id >= 1923256) AND (id <= 1923265))

table 5 : explain SELECT c FROM sbtest5 WHERE id BETWEEN 8303572 AND 8303581 ORDER BY c
	Sort  (cost=39.45..39.47 rows=10 width=121)
	  Sort Key: c
	  ->  Index Scan using sbtest5_pkey on sbtest5  (cost=0.43..39.28 rows=10 width=121)
	        Index Cond: ((id >= 8303572) AND (id <= 8303581))

table 6 : explain SELECT c FROM sbtest6 WHERE id BETWEEN 6142020 AND 6142029 ORDER BY c
	Sort  (cost=39.59..39.61 rows=10 width=121)
	  Sort Key: c
	  ->  Index Scan using sbtest6_pkey on sbtest6  (cost=0.43..39.42 rows=10 width=121)
	        Index Cond: ((id >= 6142020) AND (id <= 6142029))

table 7 : explain SELECT c FROM sbtest7 WHERE id BETWEEN 6025855 AND 6025864 ORDER BY c
	Sort  (cost=39.66..39.68 rows=10 width=121)
	  Sort Key: c
	  ->  Index Scan using sbtest7_pkey on sbtest7  (cost=0.43..39.49 rows=10 width=121)
	        Index Cond: ((id >= 6025855) AND (id <= 6025864))

table 8 : explain SELECT c FROM sbtest8 WHERE id BETWEEN 6964784 AND 6964793 ORDER BY c
	Sort  (cost=39.66..39.69 rows=10 width=121)
	  Sort Key: c
	  ->  Index Scan using sbtest8_pkey on sbtest8  (cost=0.43..39.49 rows=10 width=121)
	        Index Cond: ((id >= 6964784) AND (id <= 6964793))

explain: for non_index_updates :: explain UPDATE sbtest%u SET c='foobar' WHERE id=%u
for point_selects
table 1 : explain SELECT c FROM sbtest1 WHERE id=238930
	Index Scan using sbtest1_pkey on sbtest1  (cost=0.43..8.45 rows=1 width=121)
	  Index Cond: (id = 238930)

table 2 : explain SELECT c FROM sbtest2 WHERE id=4268721
	Index Scan using sbtest2_pkey on sbtest2  (cost=0.43..8.45 rows=1 width=121)
	  Index Cond: (id = 4268721)

table 3 : explain SELECT c FROM sbtest3 WHERE id=3095863
	Index Scan using sbtest3_pkey on sbtest3  (cost=0.43..8.45 rows=1 width=121)
	  Index Cond: (id = 3095863)

table 4 : explain SELECT c FROM sbtest4 WHERE id=2837835
	Index Scan using sbtest4_pkey on sbtest4  (cost=0.43..8.45 rows=1 width=121)
	  Index Cond: (id = 2837835)

table 5 : explain SELECT c FROM sbtest5 WHERE id=2371775
	Index Scan using sbtest5_pkey on sbtest5  (cost=0.43..8.45 rows=1 width=121)
	  Index Cond: (id = 2371775)

table 6 : explain SELECT c FROM sbtest6 WHERE id=5610675
	Index Scan using sbtest6_pkey on sbtest6  (cost=0.43..8.45 rows=1 width=121)
	  Index Cond: (id = 5610675)

table 7 : explain SELECT c FROM sbtest7 WHERE id=2150436
	Index Scan using sbtest7_pkey on sbtest7  (cost=0.43..8.45 rows=1 width=121)
	  Index Cond: (id = 2150436)

table 8 : explain SELECT c FROM sbtest8 WHERE id=9491808
	Index Scan using sbtest8_pkey on sbtest8  (cost=0.43..8.45 rows=1 width=121)
	  Index Cond: (id = 9491808)

explain: for inserts :: explain INSERT INTO sbtest%u (id, k, c, pad) VALUES (%u, 13, 'foobar', 'foobar')
explain: for non_index_updates :: explain UPDATE sbtest%u SET c='foobar' WHERE id=%u
for non_index_updates
table 1 : explain UPDATE sbtest1 SET c='foobar' WHERE id=5380
	Update on sbtest1  (cost=0.43..8.45 rows=0 width=0)
	  ->  Index Scan using sbtest1_pkey on sbtest1  (cost=0.43..8.45 rows=1 width=490)
	        Index Cond: (id = 5380)

table 2 : explain UPDATE sbtest2 SET c='foobar' WHERE id=9341208
	Update on sbtest2  (cost=0.43..8.45 rows=0 width=0)
	  ->  Index Scan using sbtest2_pkey on sbtest2  (cost=0.43..8.45 rows=1 width=490)
	        Index Cond: (id = 9341208)

table 3 : explain UPDATE sbtest3 SET c='foobar' WHERE id=2029514
	Update on sbtest3  (cost=0.43..8.45 rows=0 width=0)
	  ->  Index Scan using sbtest3_pkey on sbtest3  (cost=0.43..8.45 rows=1 width=490)
	        Index Cond: (id = 2029514)

table 4 : explain UPDATE sbtest4 SET c='foobar' WHERE id=7489285
	Update on sbtest4  (cost=0.43..8.45 rows=0 width=0)
	  ->  Index Scan using sbtest4_pkey on sbtest4  (cost=0.43..8.45 rows=1 width=490)
	        Index Cond: (id = 7489285)

table 5 : explain UPDATE sbtest5 SET c='foobar' WHERE id=5264407
	Update on sbtest5  (cost=0.43..8.45 rows=0 width=0)
	  ->  Index Scan using sbtest5_pkey on sbtest5  (cost=0.43..8.45 rows=1 width=490)
	        Index Cond: (id = 5264407)

table 6 : explain UPDATE sbtest6 SET c='foobar' WHERE id=3026149
	Update on sbtest6  (cost=0.43..8.45 rows=0 width=0)
	  ->  Index Scan using sbtest6_pkey on sbtest6  (cost=0.43..8.45 rows=1 width=490)
	        Index Cond: (id = 3026149)

table 7 : explain UPDATE sbtest7 SET c='foobar' WHERE id=1129850
	Update on sbtest7  (cost=0.43..8.45 rows=0 width=0)
	  ->  Index Scan using sbtest7_pkey on sbtest7  (cost=0.43..8.45 rows=1 width=490)
	        Index Cond: (id = 1129850)

table 8 : explain UPDATE sbtest8 SET c='foobar' WHERE id=5533964
	Update on sbtest8  (cost=0.43..8.45 rows=0 width=0)
	  ->  Index Scan using sbtest8_pkey on sbtest8  (cost=0.43..8.45 rows=1 width=490)
	        Index Cond: (id = 5533964)

for inserts
table 1 : explain INSERT INTO sbtest1 (id, k, c, pad) VALUES (7546876, 13, 'foobar', 'foobar')
	Insert on sbtest1  (cost=0.00..0.01 rows=0 width=0)
	  ->  Result  (cost=0.00..0.01 rows=1 width=736)

table 2 : explain INSERT INTO sbtest2 (id, k, c, pad) VALUES (6698322, 13, 'foobar', 'foobar')
	Insert on sbtest2  (cost=0.00..0.01 rows=0 width=0)
	  ->  Result  (cost=0.00..0.01 rows=1 width=736)

table 3 : explain INSERT INTO sbtest3 (id, k, c, pad) VALUES (8894978, 13, 'foobar', 'foobar')
	Insert on sbtest3  (cost=0.00..0.01 rows=0 width=0)
	  ->  Result  (cost=0.00..0.01 rows=1 width=736)

table 4 : explain INSERT INTO sbtest4 (id, k, c, pad) VALUES (8564205, 13, 'foobar', 'foobar')
	Insert on sbtest4  (cost=0.00..0.01 rows=0 width=0)
	  ->  Result  (cost=0.00..0.01 rows=1 width=736)

table 5 : explain INSERT INTO sbtest5 (id, k, c, pad) VALUES (7252921, 13, 'foobar', 'foobar')
	Insert on sbtest5  (cost=0.00..0.01 rows=0 width=0)
	  ->  Result  (cost=0.00..0.01 rows=1 width=736)

table 6 : explain INSERT INTO sbtest6 (id, k, c, pad) VALUES (2136239, 13, 'foobar', 'foobar')
	Insert on sbtest6  (cost=0.00..0.01 rows=0 width=0)
	  ->  Result  (cost=0.00..0.01 rows=1 width=736)

table 7 : explain INSERT INTO sbtest7 (id, k, c, pad) VALUES (1188774, 13, 'foobar', 'foobar')
	Insert on sbtest7  (cost=0.00..0.01 rows=0 width=0)
	  ->  Result  (cost=0.00..0.01 rows=1 width=736)

table 8 : explain INSERT INTO sbtest8 (id, k, c, pad) VALUES (5256551, 13, 'foobar', 'foobar')
	Insert on sbtest8  (cost=0.00..0.01 rows=0 width=0)
	  ->  Result  (cost=0.00..0.01 rows=1 width=736)

for non_index_updates
table 1 : explain UPDATE sbtest1 SET c='foobar' WHERE id=9865086
	Update on sbtest1  (cost=0.43..8.45 rows=0 width=0)
	  ->  Index Scan using sbtest1_pkey on sbtest1  (cost=0.43..8.45 rows=1 width=490)
	        Index Cond: (id = 9865086)

table 2 : explain UPDATE sbtest2 SET c='foobar' WHERE id=5653339
	Update on sbtest2  (cost=0.43..8.45 rows=0 width=0)
	  ->  Index Scan using sbtest2_pkey on sbtest2  (cost=0.43..8.45 rows=1 width=490)
	        Index Cond: (id = 5653339)

table 3 : explain UPDATE sbtest3 SET c='foobar' WHERE id=4563907
	Update on sbtest3  (cost=0.43..8.45 rows=0 width=0)
	  ->  Index Scan using sbtest3_pkey on sbtest3  (cost=0.43..8.45 rows=1 width=490)
	        Index Cond: (id = 4563907)

table 4 : explain UPDATE sbtest4 SET c='foobar' WHERE id=4511829
	Update on sbtest4  (cost=0.43..8.45 rows=0 width=0)
	  ->  Index Scan using sbtest4_pkey on sbtest4  (cost=0.43..8.45 rows=1 width=490)
	        Index Cond: (id = 4511829)

table 5 : explain UPDATE sbtest5 SET c='foobar' WHERE id=1515858
	Update on sbtest5  (cost=0.43..8.45 rows=0 width=0)
	  ->  Index Scan using sbtest5_pkey on sbtest5  (cost=0.43..8.45 rows=1 width=490)
	        Index Cond: (id = 1515858)

table 6 : explain UPDATE sbtest6 SET c='foobar' WHERE id=107659
	Update on sbtest6  (cost=0.43..8.45 rows=0 width=0)
	  ->  Index Scan using sbtest6_pkey on sbtest6  (cost=0.43..8.45 rows=1 width=490)
	        Index Cond: (id = 107659)

table 7 : explain UPDATE sbtest7 SET c='foobar' WHERE id=2400204
	Update on sbtest7  (cost=0.43..8.45 rows=0 width=0)
	  ->  Index Scan using sbtest7_pkey on sbtest7  (cost=0.43..8.45 rows=1 width=490)
	        Index Cond: (id = 2400204)

table 8 : explain UPDATE sbtest8 SET c='foobar' WHERE id=9893412
	Update on sbtest8  (cost=0.43..8.45 rows=0 width=0)
	  ->  Index Scan using sbtest8_pkey on sbtest8  (cost=0.43..8.45 rows=1 width=490)
	        Index Cond: (id = 9893412)

for non_index_updates
table 1 : explain UPDATE sbtest1 SET c='foobar' WHERE id=4545743
	Update on sbtest1  (cost=0.43..8.45 rows=0 width=0)
	  ->  Index Scan using sbtest1_pkey on sbtest1  (cost=0.43..8.45 rows=1 width=490)
	        Index Cond: (id = 4545743)

table 2 : explain UPDATE sbtest2 SET c='foobar' WHERE id=2950236
	Update on sbtest2  (cost=0.43..8.45 rows=0 width=0)
	  ->  Index Scan using sbtest2_pkey on sbtest2  (cost=0.43..8.45 rows=1 width=490)
	        Index Cond: (id = 2950236)

table 3 : explain UPDATE sbtest3 SET c='foobar' WHERE id=3782401
	Update on sbtest3  (cost=0.43..8.45 rows=0 width=0)
	  ->  Index Scan using sbtest3_pkey on sbtest3  (cost=0.43..8.45 rows=1 width=490)
	        Index Cond: (id = 3782401)

table 4 : explain UPDATE sbtest4 SET c='foobar' WHERE id=1263349
	Update on sbtest4  (cost=0.43..8.45 rows=0 width=0)
	  ->  Index Scan using sbtest4_pkey on sbtest4  (cost=0.43..8.45 rows=1 width=490)
	        Index Cond: (id = 1263349)

table 5 : explain UPDATE sbtest5 SET c='foobar' WHERE id=7345756
	Update on sbtest5  (cost=0.43..8.45 rows=0 width=0)
	  ->  Index Scan using sbtest5_pkey on sbtest5  (cost=0.43..8.45 rows=1 width=490)
	        Index Cond: (id = 7345756)

table 6 : explain UPDATE sbtest6 SET c='foobar' WHERE id=7537649
	Update on sbtest6  (cost=0.43..8.45 rows=0 width=0)
	  ->  Index Scan using sbtest6_pkey on sbtest6  (cost=0.43..8.45 rows=1 width=490)
	        Index Cond: (id = 7537649)

table 7 : explain UPDATE sbtest7 SET c='foobar' WHERE id=3240166
	Update on sbtest7  (cost=0.43..8.45 rows=0 width=0)
	  ->  Index Scan using sbtest7_pkey on sbtest7  (cost=0.43..8.45 rows=1 width=490)
	        Index Cond: (id = 3240166)

table 8 : explain UPDATE sbtest8 SET c='foobar' WHERE id=2396632
	Update on sbtest8  (cost=0.43..8.45 rows=0 width=0)
	  ->  Index Scan using sbtest8_pkey on sbtest8  (cost=0.43..8.45 rows=1 width=490)
	        Index Cond: (id = 2396632)

for point_selects
table 1 : explain SELECT c FROM sbtest1 WHERE id=3568998
	Index Scan using sbtest1_pkey on sbtest1  (cost=0.43..8.45 rows=1 width=121)
	  Index Cond: (id = 3568998)

table 2 : explain SELECT c FROM sbtest2 WHERE id=2087784
	Index Scan using sbtest2_pkey on sbtest2  (cost=0.43..8.45 rows=1 width=121)
	  Index Cond: (id = 2087784)

table 3 : explain SELECT c FROM sbtest3 WHERE id=1961245
	Index Scan using sbtest3_pkey on sbtest3  (cost=0.43..8.45 rows=1 width=121)
	  Index Cond: (id = 1961245)

table 4 : explain SELECT c FROM sbtest4 WHERE id=6166784
	Index Scan using sbtest4_pkey on sbtest4  (cost=0.43..8.45 rows=1 width=121)
	  Index Cond: (id = 6166784)

table 5 : explain SELECT c FROM sbtest5 WHERE id=4326541
	Index Scan using sbtest5_pkey on sbtest5  (cost=0.43..8.45 rows=1 width=121)
	  Index Cond: (id = 4326541)

table 6 : explain SELECT c FROM sbtest6 WHERE id=7725611
	Index Scan using sbtest6_pkey on sbtest6  (cost=0.43..8.45 rows=1 width=121)
	  Index Cond: (id = 7725611)

table 7 : explain SELECT c FROM sbtest7 WHERE id=3617839
	Index Scan using sbtest7_pkey on sbtest7  (cost=0.43..8.45 rows=1 width=121)
	  Index Cond: (id = 3617839)

table 8 : explain SELECT c FROM sbtest8 WHERE id=3091317
	Index Scan using sbtest8_pkey on sbtest8  (cost=0.43..8.45 rows=1 width=121)
	  Index Cond: (id = 3091317)

explain: for deletes :: explain DELETE FROM sbtest%u WHERE id=%u
explain: for deletes :: explain DELETE FROM sbtest%u WHERE id=%u
explain: for deletes :: explain DELETE FROM sbtest%u WHERE id=%u
for: distinct_ranges
table 1 : explain SELECT DISTINCT c FROM sbtest1 WHERE id BETWEEN 7813506 AND 7813515 ORDER BY c
	Unique  (cost=36.18..36.23 rows=9 width=121)
	  ->  Sort  (cost=36.18..36.21 rows=9 width=121)
	        Sort Key: c
	        ->  Index Scan using sbtest1_pkey on sbtest1  (cost=0.43..36.04 rows=9 width=121)
	              Index Cond: ((id >= 7813506) AND (id <= 7813515))

table 2 : explain SELECT DISTINCT c FROM sbtest2 WHERE id BETWEEN 7940795 AND 7940804 ORDER BY c
	Unique  (cost=39.44..39.49 rows=10 width=121)
	  ->  Sort  (cost=39.44..39.46 rows=10 width=121)
	        Sort Key: c
	        ->  Index Scan using sbtest2_pkey on sbtest2  (cost=0.43..39.27 rows=10 width=121)
	              Index Cond: ((id >= 7940795) AND (id <= 7940804))

table 3 : explain SELECT DISTINCT c FROM sbtest3 WHERE id BETWEEN 6169053 AND 6169062 ORDER BY c
	Unique  (cost=35.89..35.93 rows=9 width=121)
	  ->  Sort  (cost=35.89..35.91 rows=9 width=121)
	        Sort Key: c
	        ->  Index Scan using sbtest3_pkey on sbtest3  (cost=0.43..35.74 rows=9 width=121)
	              Index Cond: ((id >= 6169053) AND (id <= 6169062))

table 4 : explain SELECT DISTINCT c FROM sbtest4 WHERE id BETWEEN 2169263 AND 2169272 ORDER BY c
	Unique  (cost=39.04..39.09 rows=10 width=121)
	  ->  Sort  (cost=39.04..39.07 rows=10 width=121)
	        Sort Key: c
	        ->  Index Scan using sbtest4_pkey on sbtest4  (cost=0.43..38.88 rows=10 width=121)
	              Index Cond: ((id >= 2169263) AND (id <= 2169272))

table 5 : explain SELECT DISTINCT c FROM sbtest5 WHERE id BETWEEN 6939046 AND 6939055 ORDER BY c
	Unique  (cost=39.45..39.50 rows=10 width=121)
	  ->  Sort  (cost=39.45..39.47 rows=10 width=121)
	        Sort Key: c
	        ->  Index Scan using sbtest5_pkey on sbtest5  (cost=0.43..39.28 rows=10 width=121)
	              Index Cond: ((id >= 6939046) AND (id <= 6939055))

table 6 : explain SELECT DISTINCT c FROM sbtest6 WHERE id BETWEEN 2381295 AND 2381304 ORDER BY c
	Unique  (cost=43.05..43.11 rows=11 width=121)
	  ->  Sort  (cost=43.05..43.08 rows=11 width=121)
	        Sort Key: c
	        ->  Index Scan using sbtest6_pkey on sbtest6  (cost=0.43..42.86 rows=11 width=121)
	              Index Cond: ((id >= 2381295) AND (id <= 2381304))

table 7 : explain SELECT DISTINCT c FROM sbtest7 WHERE id BETWEEN 7956724 AND 7956733 ORDER BY c
	Unique  (cost=39.66..39.71 rows=10 width=121)
	  ->  Sort  (cost=39.66..39.68 rows=10 width=121)
	        Sort Key: c
	        ->  Index Scan using sbtest7_pkey on sbtest7  (cost=0.43..39.49 rows=10 width=121)
	              Index Cond: ((id >= 7956724) AND (id <= 7956733))

table 8 : explain SELECT DISTINCT c FROM sbtest8 WHERE id BETWEEN 1320690 AND 1320699 ORDER BY c
	Unique  (cost=39.66..39.71 rows=10 width=121)
	  ->  Sort  (cost=39.66..39.69 rows=10 width=121)
	        Sort Key: c
	        ->  Index Scan using sbtest8_pkey on sbtest8  (cost=0.43..39.49 rows=10 width=121)
	              Index Cond: ((id >= 1320690) AND (id <= 1320699))

for: sum_ranges
table 1 : explain SELECT SUM(k) FROM sbtest1 WHERE id BETWEEN 6536364 AND 6536373
	Aggregate  (cost=39.51..39.52 rows=1 width=8)
	  ->  Index Scan using sbtest1_pkey on sbtest1  (cost=0.43..39.49 rows=10 width=4)
	        Index Cond: ((id >= 6536364) AND (id <= 6536373))

table 2 : explain SELECT SUM(k) FROM sbtest2 WHERE id BETWEEN 414890 AND 414899
	Aggregate  (cost=39.29..39.30 rows=1 width=8)
	  ->  Index Scan using sbtest2_pkey on sbtest2  (cost=0.43..39.27 rows=10 width=4)
	        Index Cond: ((id >= 414890) AND (id <= 414899))

table 3 : explain SELECT SUM(k) FROM sbtest3 WHERE id BETWEEN 2967169 AND 2967178
	Aggregate  (cost=39.18..39.19 rows=1 width=8)
	  ->  Index Scan using sbtest3_pkey on sbtest3  (cost=0.43..39.15 rows=10 width=4)
	        Index Cond: ((id >= 2967169) AND (id <= 2967178))

table 4 : explain SELECT SUM(k) FROM sbtest4 WHERE id BETWEEN 3642484 AND 3642493
	Aggregate  (cost=38.90..38.91 rows=1 width=8)
	  ->  Index Scan using sbtest4_pkey on sbtest4  (cost=0.43..38.88 rows=10 width=4)
	        Index Cond: ((id >= 3642484) AND (id <= 3642493))

table 5 : explain SELECT SUM(k) FROM sbtest5 WHERE id BETWEEN 172207 AND 172216
	Aggregate  (cost=39.30..39.31 rows=1 width=8)
	  ->  Index Scan using sbtest5_pkey on sbtest5  (cost=0.43..39.28 rows=10 width=4)
	        Index Cond: ((id >= 172207) AND (id <= 172216))

table 6 : explain SELECT SUM(k) FROM sbtest6 WHERE id BETWEEN 8741616 AND 8741625
	Aggregate  (cost=39.45..39.46 rows=1 width=8)
	  ->  Index Scan using sbtest6_pkey on sbtest6  (cost=0.43..39.42 rows=10 width=4)
	        Index Cond: ((id >= 8741616) AND (id <= 8741625))

table 7 : explain SELECT SUM(k) FROM sbtest7 WHERE id BETWEEN 7430616 AND 7430625
	Aggregate  (cost=39.52..39.53 rows=1 width=8)
	  ->  Index Scan using sbtest7_pkey on sbtest7  (cost=0.43..39.49 rows=10 width=4)
	        Index Cond: ((id >= 7430616) AND (id <= 7430625))

table 8 : explain SELECT SUM(k) FROM sbtest8 WHERE id BETWEEN 1682389 AND 1682398
	Aggregate  (cost=39.52..39.53 rows=1 width=8)
	  ->  Index Scan using sbtest8_pkey on sbtest8  (cost=0.43..39.49 rows=10 width=4)
	        Index Cond: ((id >= 1682389) AND (id <= 1682398))

for: distinct_ranges
table 1 : explain SELECT DISTINCT c FROM sbtest1 WHERE id BETWEEN 9979726 AND 9979735 ORDER BY c
	Unique  (cost=36.18..36.23 rows=9 width=121)
	  ->  Sort  (cost=36.18..36.21 rows=9 width=121)
	        Sort Key: c
	        ->  Index Scan using sbtest1_pkey on sbtest1  (cost=0.43..36.04 rows=9 width=121)
	              Index Cond: ((id >= 9979726) AND (id <= 9979735))

table 2 : explain SELECT DISTINCT c FROM sbtest2 WHERE id BETWEEN 8223153 AND 8223162 ORDER BY c
	Unique  (cost=39.44..39.49 rows=10 width=121)
	  ->  Sort  (cost=39.44..39.46 rows=10 width=121)
	        Sort Key: c
	        ->  Index Scan using sbtest2_pkey on sbtest2  (cost=0.43..39.27 rows=10 width=121)
	              Index Cond: ((id >= 8223153) AND (id <= 8223162))

table 3 : explain SELECT DISTINCT c FROM sbtest3 WHERE id BETWEEN 1063144 AND 1063153 ORDER BY c
	Unique  (cost=39.32..39.37 rows=10 width=121)
	  ->  Sort  (cost=39.32..39.35 rows=10 width=121)
	        Sort Key: c
	        ->  Index Scan using sbtest3_pkey on sbtest3  (cost=0.43..39.15 rows=10 width=121)
	              Index Cond: ((id >= 1063144) AND (id <= 1063153))

table 4 : explain SELECT DISTINCT c FROM sbtest4 WHERE id BETWEEN 8493833 AND 8493842 ORDER BY c
	Unique  (cost=39.04..39.09 rows=10 width=121)
	  ->  Sort  (cost=39.04..39.07 rows=10 width=121)
	        Sort Key: c
	        ->  Index Scan using sbtest4_pkey on sbtest4  (cost=0.43..38.88 rows=10 width=121)
	              Index Cond: ((id >= 8493833) AND (id <= 8493842))

table 5 : explain SELECT DISTINCT c FROM sbtest5 WHERE id BETWEEN 5518195 AND 5518204 ORDER BY c
	Unique  (cost=39.45..39.50 rows=10 width=121)
	  ->  Sort  (cost=39.45..39.47 rows=10 width=121)
	        Sort Key: c
	        ->  Index Scan using sbtest5_pkey on sbtest5  (cost=0.43..39.28 rows=10 width=121)
	              Index Cond: ((id >= 5518195) AND (id <= 5518204))

table 6 : explain SELECT DISTINCT c FROM sbtest6 WHERE id BETWEEN 8790346 AND 8790355 ORDER BY c
	Unique  (cost=39.59..39.64 rows=10 width=121)
	  ->  Sort  (cost=39.59..39.61 rows=10 width=121)
	        Sort Key: c
	        ->  Index Scan using sbtest6_pkey on sbtest6  (cost=0.43..39.42 rows=10 width=121)
	              Index Cond: ((id >= 8790346) AND (id <= 8790355))

table 7 : explain SELECT DISTINCT c FROM sbtest7 WHERE id BETWEEN 2038923 AND 2038932 ORDER BY c
	Unique  (cost=39.66..39.71 rows=10 width=121)
	  ->  Sort  (cost=39.66..39.68 rows=10 width=121)
	        Sort Key: c
	        ->  Index Scan using sbtest7_pkey on sbtest7  (cost=0.43..39.49 rows=10 width=121)
	              Index Cond: ((id >= 2038923) AND (id <= 2038932))

table 8 : explain SELECT DISTINCT c FROM sbtest8 WHERE id BETWEEN 8975529 AND 8975538 ORDER BY c
	Unique  (cost=39.66..39.71 rows=10 width=121)
	  ->  Sort  (cost=39.66..39.69 rows=10 width=121)
	        Sort Key: c
	        ->  Index Scan using sbtest8_pkey on sbtest8  (cost=0.43..39.49 rows=10 width=121)
	              Index Cond: ((id >= 8975529) AND (id <= 8975538))

for deletes
table 1 : explain DELETE FROM sbtest1 WHERE id=4170596
	Delete on sbtest1  (cost=0.43..8.45 rows=0 width=0)
	  ->  Index Scan using sbtest1_pkey on sbtest1  (cost=0.43..8.45 rows=1 width=6)
	        Index Cond: (id = 4170596)

table 2 : explain DELETE FROM sbtest2 WHERE id=2389104
	Delete on sbtest2  (cost=0.43..8.45 rows=0 width=0)
	  ->  Index Scan using sbtest2_pkey on sbtest2  (cost=0.43..8.45 rows=1 width=6)
	        Index Cond: (id = 2389104)

table 3 : explain DELETE FROM sbtest3 WHERE id=7091223
	Delete on sbtest3  (cost=0.43..8.45 rows=0 width=0)
	  ->  Index Scan using sbtest3_pkey on sbtest3  (cost=0.43..8.45 rows=1 width=6)
	        Index Cond: (id = 7091223)

table 4 : explain DELETE FROM sbtest4 WHERE id=285166
	Delete on sbtest4  (cost=0.43..8.45 rows=0 width=0)
	  ->  Index Scan using sbtest4_pkey on sbtest4  (cost=0.43..8.45 rows=1 width=6)
	        Index Cond: (id = 285166)

table 5 : explain DELETE FROM sbtest5 WHERE id=5605356
	Delete on sbtest5  (cost=0.43..8.45 rows=0 width=0)
	  ->  Index Scan using sbtest5_pkey on sbtest5  (cost=0.43..8.45 rows=1 width=6)
	        Index Cond: (id = 5605356)

table 6 : explain DELETE FROM sbtest6 WHERE id=6131538
	Delete on sbtest6  (cost=0.43..8.45 rows=0 width=0)
	  ->  Index Scan using sbtest6_pkey on sbtest6  (cost=0.43..8.45 rows=1 width=6)
	        Index Cond: (id = 6131538)

table 7 : explain DELETE FROM sbtest7 WHERE id=7409177
	Delete on sbtest7  (cost=0.43..8.45 rows=0 width=0)
	  ->  Index Scan using sbtest7_pkey on sbtest7  (cost=0.43..8.45 rows=1 width=6)
	        Index Cond: (id = 7409177)

table 8 : explain DELETE FROM sbtest8 WHERE id=219196
	Delete on sbtest8  (cost=0.43..8.45 rows=0 width=0)
	  ->  Index Scan using sbtest8_pkey on sbtest8  (cost=0.43..8.45 rows=1 width=6)
	        Index Cond: (id = 219196)

for: simple_ranges
table 1 : explain SELECT c FROM sbtest1 WHERE id BETWEEN 344697 AND 344706
	Index Scan using sbtest1_pkey on sbtest1  (cost=0.43..39.49 rows=10 width=121)
	  Index Cond: ((id >= 344697) AND (id <= 344706))

table 2 : explain SELECT c FROM sbtest2 WHERE id BETWEEN 2226851 AND 2226860
	Index Scan using sbtest2_pkey on sbtest2  (cost=0.43..39.27 rows=10 width=121)
	  Index Cond: ((id >= 2226851) AND (id <= 2226860))

table 3 : explain SELECT c FROM sbtest3 WHERE id BETWEEN 4052296 AND 4052305
	Index Scan using sbtest3_pkey on sbtest3  (cost=0.43..39.15 rows=10 width=121)
	  Index Cond: ((id >= 4052296) AND (id <= 4052305))

table 4 : explain SELECT c FROM sbtest4 WHERE id BETWEEN 5537285 AND 5537294
	Index Scan using sbtest4_pkey on sbtest4  (cost=0.43..38.88 rows=10 width=121)
	  Index Cond: ((id >= 5537285) AND (id <= 5537294))

table 5 : explain SELECT c FROM sbtest5 WHERE id BETWEEN 9984751 AND 9984760
	Index Scan using sbtest5_pkey on sbtest5  (cost=0.43..42.70 rows=11 width=121)
	  Index Cond: ((id >= 9984751) AND (id <= 9984760))

table 6 : explain SELECT c FROM sbtest6 WHERE id BETWEEN 2960567 AND 2960576
	Index Scan using sbtest6_pkey on sbtest6  (cost=0.43..39.42 rows=10 width=121)
	  Index Cond: ((id >= 2960567) AND (id <= 2960576))

table 7 : explain SELECT c FROM sbtest7 WHERE id BETWEEN 2608504 AND 2608513
	Index Scan using sbtest7_pkey on sbtest7  (cost=0.43..39.49 rows=10 width=121)
	  Index Cond: ((id >= 2608504) AND (id <= 2608513))

table 8 : explain SELECT c FROM sbtest8 WHERE id BETWEEN 2364494 AND 2364503
	Index Scan using sbtest8_pkey on sbtest8  (cost=0.43..36.05 rows=9 width=121)
	  Index Cond: ((id >= 2364494) AND (id <= 2364503))

explain: for index_updates :: explain UPDATE sbtest%u SET k=k+1 WHERE id=%u
for deletes
table 1 : explain DELETE FROM sbtest1 WHERE id=913880
	Delete on sbtest1  (cost=0.43..8.45 rows=0 width=0)
	  ->  Index Scan using sbtest1_pkey on sbtest1  (cost=0.43..8.45 rows=1 width=6)
	        Index Cond: (id = 913880)

table 2 : explain DELETE FROM sbtest2 WHERE id=6803847
	Delete on sbtest2  (cost=0.43..8.45 rows=0 width=0)
	  ->  Index Scan using sbtest2_pkey on sbtest2  (cost=0.43..8.45 rows=1 width=6)
	        Index Cond: (id = 6803847)

table 3 : explain DELETE FROM sbtest3 WHERE id=4073894
	Delete on sbtest3  (cost=0.43..8.45 rows=0 width=0)
	  ->  Index Scan using sbtest3_pkey on sbtest3  (cost=0.43..8.45 rows=1 width=6)
	        Index Cond: (id = 4073894)

table 4 : explain DELETE FROM sbtest4 WHERE id=9198376
	Delete on sbtest4  (cost=0.43..8.45 rows=0 width=0)
	  ->  Index Scan using sbtest4_pkey on sbtest4  (cost=0.43..8.45 rows=1 width=6)
	        Index Cond: (id = 9198376)

table 5 : explain DELETE FROM sbtest5 WHERE id=8258796
	Delete on sbtest5  (cost=0.43..8.45 rows=0 width=0)
	  ->  Index Scan using sbtest5_pkey on sbtest5  (cost=0.43..8.45 rows=1 width=6)
	        Index Cond: (id = 8258796)

table 6 : explain DELETE FROM sbtest6 WHERE id=8913463
	Delete on sbtest6  (cost=0.43..8.45 rows=0 width=0)
	  ->  Index Scan using sbtest6_pkey on sbtest6  (cost=0.43..8.45 rows=1 width=6)
	        Index Cond: (id = 8913463)

table 7 : explain DELETE FROM sbtest7 WHERE id=7958605
	Delete on sbtest7  (cost=0.43..8.45 rows=0 width=0)
	  ->  Index Scan using sbtest7_pkey on sbtest7  (cost=0.43..8.45 rows=1 width=6)
	        Index Cond: (id = 7958605)

table 8 : explain DELETE FROM sbtest8 WHERE id=6131738
	Delete on sbtest8  (cost=0.43..8.45 rows=0 width=0)
	  ->  Index Scan using sbtest8_pkey on sbtest8  (cost=0.43..8.45 rows=1 width=6)
	        Index Cond: (id = 6131738)

explain: for index_updates :: explain UPDATE sbtest%u SET k=k+1 WHERE id=%u
for: simple_ranges
table 1 : explain SELECT c FROM sbtest1 WHERE id BETWEEN 7834267 AND 7834276
	Index Scan using sbtest1_pkey on sbtest1  (cost=0.43..36.04 rows=9 width=121)
	  Index Cond: ((id >= 7834267) AND (id <= 7834276))

table 2 : explain SELECT c FROM sbtest2 WHERE id BETWEEN 7922799 AND 7922808
	Index Scan using sbtest2_pkey on sbtest2  (cost=0.43..39.27 rows=10 width=121)
	  Index Cond: ((id >= 7922799) AND (id <= 7922808))

table 3 : explain SELECT c FROM sbtest3 WHERE id BETWEEN 7631356 AND 7631365
	Index Scan using sbtest3_pkey on sbtest3  (cost=0.43..35.74 rows=9 width=121)
	  Index Cond: ((id >= 7631356) AND (id <= 7631365))

table 4 : explain SELECT c FROM sbtest4 WHERE id BETWEEN 7746255 AND 7746264
	Index Scan using sbtest4_pkey on sbtest4  (cost=0.43..38.88 rows=10 width=121)
	  Index Cond: ((id >= 7746255) AND (id <= 7746264))

table 5 : explain SELECT c FROM sbtest5 WHERE id BETWEEN 4120020 AND 4120029
	Index Scan using sbtest5_pkey on sbtest5  (cost=0.43..42.70 rows=11 width=121)
	  Index Cond: ((id >= 4120020) AND (id <= 4120029))

table 6 : explain SELECT c FROM sbtest6 WHERE id BETWEEN 7564534 AND 7564543
	Index Scan using sbtest6_pkey on sbtest6  (cost=0.43..39.42 rows=10 width=121)
	  Index Cond: ((id >= 7564534) AND (id <= 7564543))

table 7 : explain SELECT c FROM sbtest7 WHERE id BETWEEN 2857640 AND 2857649
	Index Scan using sbtest7_pkey on sbtest7  (cost=0.43..36.04 rows=9 width=121)
	  Index Cond: ((id >= 2857640) AND (id <= 2857649))

table 8 : explain SELECT c FROM sbtest8 WHERE id BETWEEN 690091 AND 690100
	Index Scan using sbtest8_pkey on sbtest8  (cost=0.43..39.49 rows=10 width=121)
	  Index Cond: ((id >= 690091) AND (id <= 690100))

explain: for inserts :: explain INSERT INTO sbtest%u (id, k, c, pad) VALUES (%u, 13, 'foobar', 'foobar')
for index_updates
table 1 : explain UPDATE sbtest1 SET k=k+1 WHERE id=9098111
	Update on sbtest1  (cost=0.43..8.46 rows=0 width=0)
	  ->  Index Scan using sbtest1_pkey on sbtest1  (cost=0.43..8.46 rows=1 width=10)
	        Index Cond: (id = 9098111)

table 2 : explain UPDATE sbtest2 SET k=k+1 WHERE id=2108556
	Update on sbtest2  (cost=0.43..8.46 rows=0 width=0)
	  ->  Index Scan using sbtest2_pkey on sbtest2  (cost=0.43..8.46 rows=1 width=10)
	        Index Cond: (id = 2108556)

table 3 : explain UPDATE sbtest3 SET k=k+1 WHERE id=110289
	Update on sbtest3  (cost=0.43..8.46 rows=0 width=0)
	  ->  Index Scan using sbtest3_pkey on sbtest3  (cost=0.43..8.46 rows=1 width=10)
	        Index Cond: (id = 110289)

table 4 : explain UPDATE sbtest4 SET k=k+1 WHERE id=3333290
	Update on sbtest4  (cost=0.43..8.46 rows=0 width=0)
	  ->  Index Scan using sbtest4_pkey on sbtest4  (cost=0.43..8.46 rows=1 width=10)
	        Index Cond: (id = 3333290)

table 5 : explain UPDATE sbtest5 SET k=k+1 WHERE id=9921468
	Update on sbtest5  (cost=0.43..8.46 rows=0 width=0)
	  ->  Index Scan using sbtest5_pkey on sbtest5  (cost=0.43..8.46 rows=1 width=10)
	        Index Cond: (id = 9921468)

table 6 : explain UPDATE sbtest6 SET k=k+1 WHERE id=8245494
	Update on sbtest6  (cost=0.43..8.46 rows=0 width=0)
	  ->  Index Scan using sbtest6_pkey on sbtest6  (cost=0.43..8.46 rows=1 width=10)
	        Index Cond: (id = 8245494)

table 7 : explain UPDATE sbtest7 SET k=k+1 WHERE id=9034881
	Update on sbtest7  (cost=0.43..8.46 rows=0 width=0)
	  ->  Index Scan using sbtest7_pkey on sbtest7  (cost=0.43..8.46 rows=1 width=10)
	        Index Cond: (id = 9034881)

table 8 : explain UPDATE sbtest8 SET k=k+1 WHERE id=3331467
	Update on sbtest8  (cost=0.43..8.46 rows=0 width=0)
	  ->  Index Scan using sbtest8_pkey on sbtest8  (cost=0.43..8.46 rows=1 width=10)
	        Index Cond: (id = 3331467)

for deletes
table 1 : explain DELETE FROM sbtest1 WHERE id=5132386
	Delete on sbtest1  (cost=0.43..8.45 rows=0 width=0)
	  ->  Index Scan using sbtest1_pkey on sbtest1  (cost=0.43..8.45 rows=1 width=6)
	        Index Cond: (id = 5132386)

table 2 : explain DELETE FROM sbtest2 WHERE id=5139560
	Delete on sbtest2  (cost=0.43..8.45 rows=0 width=0)
	  ->  Index Scan using sbtest2_pkey on sbtest2  (cost=0.43..8.45 rows=1 width=6)
	        Index Cond: (id = 5139560)

table 3 : explain DELETE FROM sbtest3 WHERE id=2824287
	Delete on sbtest3  (cost=0.43..8.45 rows=0 width=0)
	  ->  Index Scan using sbtest3_pkey on sbtest3  (cost=0.43..8.45 rows=1 width=6)
	        Index Cond: (id = 2824287)

table 4 : explain DELETE FROM sbtest4 WHERE id=7851527
	Delete on sbtest4  (cost=0.43..8.45 rows=0 width=0)
	  ->  Index Scan using sbtest4_pkey on sbtest4  (cost=0.43..8.45 rows=1 width=6)
	        Index Cond: (id = 7851527)

table 5 : explain DELETE FROM sbtest5 WHERE id=2691229
	Delete on sbtest5  (cost=0.43..8.45 rows=0 width=0)
	  ->  Index Scan using sbtest5_pkey on sbtest5  (cost=0.43..8.45 rows=1 width=6)
	        Index Cond: (id = 2691229)

table 6 : explain DELETE FROM sbtest6 WHERE id=5088841
	Delete on sbtest6  (cost=0.43..8.45 rows=0 width=0)
	  ->  Index Scan using sbtest6_pkey on sbtest6  (cost=0.43..8.45 rows=1 width=6)
	        Index Cond: (id = 5088841)

table 7 : explain DELETE FROM sbtest7 WHERE id=7393723
	Delete on sbtest7  (cost=0.43..8.45 rows=0 width=0)
	  ->  Index Scan using sbtest7_pkey on sbtest7  (cost=0.43..8.45 rows=1 width=6)
	        Index Cond: (id = 7393723)

table 8 : explain DELETE FROM sbtest8 WHERE id=2766531
	Delete on sbtest8  (cost=0.43..8.45 rows=0 width=0)
	  ->  Index Scan using sbtest8_pkey on sbtest8  (cost=0.43..8.45 rows=1 width=6)
	        Index Cond: (id = 2766531)

for inserts
table 1 : explain INSERT INTO sbtest1 (id, k, c, pad) VALUES (397552, 13, 'foobar', 'foobar')
	Insert on sbtest1  (cost=0.00..0.01 rows=0 width=0)
	  ->  Result  (cost=0.00..0.01 rows=1 width=736)

table 2 : explain INSERT INTO sbtest2 (id, k, c, pad) VALUES (8007811, 13, 'foobar', 'foobar')
	Insert on sbtest2  (cost=0.00..0.01 rows=0 width=0)
	  ->  Result  (cost=0.00..0.01 rows=1 width=736)

table 3 : explain INSERT INTO sbtest3 (id, k, c, pad) VALUES (1688362, 13, 'foobar', 'foobar')
	Insert on sbtest3  (cost=0.00..0.01 rows=0 width=0)
	  ->  Result  (cost=0.00..0.01 rows=1 width=736)

table 4 : explain INSERT INTO sbtest4 (id, k, c, pad) VALUES (8894517, 13, 'foobar', 'foobar')
	Insert on sbtest4  (cost=0.00..0.01 rows=0 width=0)
	  ->  Result  (cost=0.00..0.01 rows=1 width=736)

table 5 : explain INSERT INTO sbtest5 (id, k, c, pad) VALUES (7836642, 13, 'foobar', 'foobar')
	Insert on sbtest5  (cost=0.00..0.01 rows=0 width=0)
	  ->  Result  (cost=0.00..0.01 rows=1 width=736)

table 6 : explain INSERT INTO sbtest6 (id, k, c, pad) VALUES (138847, 13, 'foobar', 'foobar')
	Insert on sbtest6  (cost=0.00..0.01 rows=0 width=0)
	  ->  Result  (cost=0.00..0.01 rows=1 width=736)

table 7 : explain INSERT INTO sbtest7 (id, k, c, pad) VALUES (5031191, 13, 'foobar', 'foobar')
	Insert on sbtest7  (cost=0.00..0.01 rows=0 width=0)
	  ->  Result  (cost=0.00..0.01 rows=1 width=736)

table 8 : explain INSERT INTO sbtest8 (id, k, c, pad) VALUES (569629, 13, 'foobar', 'foobar')
	Insert on sbtest8  (cost=0.00..0.01 rows=0 width=0)
	  ->  Result  (cost=0.00..0.01 rows=1 width=736)

for index_updates
table 1 : explain UPDATE sbtest1 SET k=k+1 WHERE id=8098152
	Update on sbtest1  (cost=0.43..8.46 rows=0 width=0)
	  ->  Index Scan using sbtest1_pkey on sbtest1  (cost=0.43..8.46 rows=1 width=10)
	        Index Cond: (id = 8098152)

table 2 : explain UPDATE sbtest2 SET k=k+1 WHERE id=3640770
	Update on sbtest2  (cost=0.43..8.46 rows=0 width=0)
	  ->  Index Scan using sbtest2_pkey on sbtest2  (cost=0.43..8.46 rows=1 width=10)
	        Index Cond: (id = 3640770)

table 3 : explain UPDATE sbtest3 SET k=k+1 WHERE id=287281
	Update on sbtest3  (cost=0.43..8.46 rows=0 width=0)
	  ->  Index Scan using sbtest3_pkey on sbtest3  (cost=0.43..8.46 rows=1 width=10)
	        Index Cond: (id = 287281)

table 4 : explain UPDATE sbtest4 SET k=k+1 WHERE id=9386537
	Update on sbtest4  (cost=0.43..8.46 rows=0 width=0)
	  ->  Index Scan using sbtest4_pkey on sbtest4  (cost=0.43..8.46 rows=1 width=10)
	        Index Cond: (id = 9386537)

table 5 : explain UPDATE sbtest5 SET k=k+1 WHERE id=7967310
	Update on sbtest5  (cost=0.43..8.46 rows=0 width=0)
	  ->  Index Scan using sbtest5_pkey on sbtest5  (cost=0.43..8.46 rows=1 width=10)
	        Index Cond: (id = 7967310)

table 6 : explain UPDATE sbtest6 SET k=k+1 WHERE id=9709927
	Update on sbtest6  (cost=0.43..8.46 rows=0 width=0)
	  ->  Index Scan using sbtest6_pkey on sbtest6  (cost=0.43..8.46 rows=1 width=10)
	        Index Cond: (id = 9709927)

table 7 : explain UPDATE sbtest7 SET k=k+1 WHERE id=5671095
	Update on sbtest7  (cost=0.43..8.46 rows=0 width=0)
	  ->  Index Scan using sbtest7_pkey on sbtest7  (cost=0.43..8.46 rows=1 width=10)
	        Index Cond: (id = 5671095)

table 8 : explain UPDATE sbtest8 SET k=k+1 WHERE id=6613040
	Update on sbtest8  (cost=0.43..8.46 rows=0 width=0)
	  ->  Index Scan using sbtest8_pkey on sbtest8  (cost=0.43..8.46 rows=1 width=10)
	        Index Cond: (id = 6613040)

explain: for non_index_updates :: explain UPDATE sbtest%u SET c='foobar' WHERE id=%u
explain: for inserts :: explain INSERT INTO sbtest%u (id, k, c, pad) VALUES (%u, 13, 'foobar', 'foobar')
explain: for point_selects :: explain SELECT c FROM sbtest%u WHERE id=%u
for: sum_ranges
table 1 : explain SELECT SUM(k) FROM sbtest1 WHERE id BETWEEN 3831426 AND 3831435
	Aggregate  (cost=39.51..39.52 rows=1 width=8)
	  ->  Index Scan using sbtest1_pkey on sbtest1  (cost=0.43..39.49 rows=10 width=4)
	        Index Cond: ((id >= 3831426) AND (id <= 3831435))

table 2 : explain SELECT SUM(k) FROM sbtest2 WHERE id BETWEEN 2531118 AND 2531127
	Aggregate  (cost=39.29..39.30 rows=1 width=8)
	  ->  Index Scan using sbtest2_pkey on sbtest2  (cost=0.43..39.27 rows=10 width=4)
	        Index Cond: ((id >= 2531118) AND (id <= 2531127))

table 3 : explain SELECT SUM(k) FROM sbtest3 WHERE id BETWEEN 1924910 AND 1924919
	Aggregate  (cost=39.18..39.19 rows=1 width=8)
	  ->  Index Scan using sbtest3_pkey on sbtest3  (cost=0.43..39.15 rows=10 width=4)
	        Index Cond: ((id >= 1924910) AND (id <= 1924919))

table 4 : explain SELECT SUM(k) FROM sbtest4 WHERE id BETWEEN 2525512 AND 2525521
	Aggregate  (cost=35.52..35.53 rows=1 width=8)
	  ->  Index Scan using sbtest4_pkey on sbtest4  (cost=0.43..35.50 rows=9 width=4)
	        Index Cond: ((id >= 2525512) AND (id <= 2525521))

table 5 : explain SELECT SUM(k) FROM sbtest5 WHERE id BETWEEN 5806978 AND 5806987
	Aggregate  (cost=42.73..42.74 rows=1 width=8)
	  ->  Index Scan using sbtest5_pkey on sbtest5  (cost=0.43..42.70 rows=11 width=4)
	        Index Cond: ((id >= 5806978) AND (id <= 5806987))

table 6 : explain SELECT SUM(k) FROM sbtest6 WHERE id BETWEEN 7127452 AND 7127461
	Aggregate  (cost=36.00..36.01 rows=1 width=8)
	  ->  Index Scan using sbtest6_pkey on sbtest6  (cost=0.43..35.98 rows=9 width=4)
	        Index Cond: ((id >= 7127452) AND (id <= 7127461))

table 7 : explain SELECT SUM(k) FROM sbtest7 WHERE id BETWEEN 997820 AND 997829
	Aggregate  (cost=39.52..39.53 rows=1 width=8)
	  ->  Index Scan using sbtest7_pkey on sbtest7  (cost=0.43..39.49 rows=10 width=4)
	        Index Cond: ((id >= 997820) AND (id <= 997829))

table 8 : explain SELECT SUM(k) FROM sbtest8 WHERE id BETWEEN 6565197 AND 6565206
	Aggregate  (cost=42.97..42.98 rows=1 width=8)
	  ->  Index Scan using sbtest8_pkey on sbtest8  (cost=0.43..42.94 rows=11 width=4)
	        Index Cond: ((id >= 6565197) AND (id <= 6565206))

explain: for non_index_updates :: explain UPDATE sbtest%u SET c='foobar' WHERE id=%u
explain: for point_selects :: explain SELECT c FROM sbtest%u WHERE id=%u
explain: for inserts :: explain INSERT INTO sbtest%u (id, k, c, pad) VALUES (%u, 13, 'foobar', 'foobar')
for non_index_updates
table 1 : explain UPDATE sbtest1 SET c='foobar' WHERE id=2348427
	Update on sbtest1  (cost=0.43..8.45 rows=0 width=0)
	  ->  Index Scan using sbtest1_pkey on sbtest1  (cost=0.43..8.45 rows=1 width=490)
	        Index Cond: (id = 2348427)

table 2 : explain UPDATE sbtest2 SET c='foobar' WHERE id=9896592
	Update on sbtest2  (cost=0.43..8.45 rows=0 width=0)
	  ->  Index Scan using sbtest2_pkey on sbtest2  (cost=0.43..8.45 rows=1 width=490)
	        Index Cond: (id = 9896592)

table 3 : explain UPDATE sbtest3 SET c='foobar' WHERE id=434721
	Update on sbtest3  (cost=0.43..8.45 rows=0 width=0)
	  ->  Index Scan using sbtest3_pkey on sbtest3  (cost=0.43..8.45 rows=1 width=490)
	        Index Cond: (id = 434721)

table 4 : explain UPDATE sbtest4 SET c='foobar' WHERE id=3181741
	Update on sbtest4  (cost=0.43..8.45 rows=0 width=0)
	  ->  Index Scan using sbtest4_pkey on sbtest4  (cost=0.43..8.45 rows=1 width=490)
	        Index Cond: (id = 3181741)

table 5 : explain UPDATE sbtest5 SET c='foobar' WHERE id=624244
	Update on sbtest5  (cost=0.43..8.45 rows=0 width=0)
	  ->  Index Scan using sbtest5_pkey on sbtest5  (cost=0.43..8.45 rows=1 width=490)
	        Index Cond: (id = 624244)

table 6 : explain UPDATE sbtest6 SET c='foobar' WHERE id=2352452
	Update on sbtest6  (cost=0.43..8.45 rows=0 width=0)
	  ->  Index Scan using sbtest6_pkey on sbtest6  (cost=0.43..8.45 rows=1 width=490)
	        Index Cond: (id = 2352452)

table 7 : explain UPDATE sbtest7 SET c='foobar' WHERE id=969623
	Update on sbtest7  (cost=0.43..8.45 rows=0 width=0)
	  ->  Index Scan using sbtest7_pkey on sbtest7  (cost=0.43..8.45 rows=1 width=490)
	        Index Cond: (id = 969623)

table 8 : explain UPDATE sbtest8 SET c='foobar' WHERE id=9570200
	Update on sbtest8  (cost=0.43..8.45 rows=0 width=0)
	  ->  Index Scan using sbtest8_pkey on sbtest8  (cost=0.43..8.45 rows=1 width=490)
	        Index Cond: (id = 9570200)

for: sum_ranges
table 1 : explain SELECT SUM(k) FROM sbtest1 WHERE id BETWEEN 7343442 AND 7343451
	Aggregate  (cost=42.97..42.98 rows=1 width=8)
	  ->  Index Scan using sbtest1_pkey on sbtest1  (cost=0.43..42.94 rows=11 width=4)
	        Index Cond: ((id >= 7343442) AND (id <= 7343451))

table 2 : explain SELECT SUM(k) FROM sbtest2 WHERE id BETWEEN 7703809 AND 7703818
	Aggregate  (cost=42.72..42.73 rows=1 width=8)
	  ->  Index Scan using sbtest2_pkey on sbtest2  (cost=0.43..42.69 rows=11 width=4)
	        Index Cond: ((id >= 7703809) AND (id <= 7703818))

table 3 : explain SELECT SUM(k) FROM sbtest3 WHERE id BETWEEN 6949581 AND 6949590
	Aggregate  (cost=35.77..35.78 rows=1 width=8)
	  ->  Index Scan using sbtest3_pkey on sbtest3  (cost=0.43..35.74 rows=9 width=4)
	        Index Cond: ((id >= 6949581) AND (id <= 6949590))

table 4 : explain SELECT SUM(k) FROM sbtest4 WHERE id BETWEEN 3077754 AND 3077763
	Aggregate  (cost=45.67..45.68 rows=1 width=8)
	  ->  Index Scan using sbtest4_pkey on sbtest4  (cost=0.43..45.64 rows=12 width=4)
	        Index Cond: ((id >= 3077754) AND (id <= 3077763))

table 5 : explain SELECT SUM(k) FROM sbtest5 WHERE id BETWEEN 5180532 AND 5180541
	Aggregate  (cost=39.30..39.31 rows=1 width=8)
	  ->  Index Scan using sbtest5_pkey on sbtest5  (cost=0.43..39.28 rows=10 width=4)
	        Index Cond: ((id >= 5180532) AND (id <= 5180541))

table 6 : explain SELECT SUM(k) FROM sbtest6 WHERE id BETWEEN 9669127 AND 9669136
	Aggregate  (cost=36.00..36.01 rows=1 width=8)
	  ->  Index Scan using sbtest6_pkey on sbtest6  (cost=0.43..35.98 rows=9 width=4)
	        Index Cond: ((id >= 9669127) AND (id <= 9669136))

table 7 : explain SELECT SUM(k) FROM sbtest7 WHERE id BETWEEN 4746668 AND 4746677
	Aggregate  (cost=39.52..39.53 rows=1 width=8)
	  ->  Index Scan using sbtest7_pkey on sbtest7  (cost=0.43..39.49 rows=10 width=4)
	        Index Cond: ((id >= 4746668) AND (id <= 4746677))

table 8 : explain SELECT SUM(k) FROM sbtest8 WHERE id BETWEEN 7813244 AND 7813253
	Aggregate  (cost=39.52..39.53 rows=1 width=8)
	  ->  Index Scan using sbtest8_pkey on sbtest8  (cost=0.43..39.49 rows=10 width=4)
	        Index Cond: ((id >= 7813244) AND (id <= 7813253))

for: sum_ranges
table 1 : explain SELECT SUM(k) FROM sbtest1 WHERE id BETWEEN 3412522 AND 3412531
	Aggregate  (cost=36.06..36.07 rows=1 width=8)
	  ->  Index Scan using sbtest1_pkey on sbtest1  (cost=0.43..36.04 rows=9 width=4)
	        Index Cond: ((id >= 3412522) AND (id <= 3412531))

table 2 : explain SELECT SUM(k) FROM sbtest2 WHERE id BETWEEN 4573336 AND 4573345
	Aggregate  (cost=39.29..39.30 rows=1 width=8)
	  ->  Index Scan using sbtest2_pkey on sbtest2  (cost=0.43..39.27 rows=10 width=4)
	        Index Cond: ((id >= 4573336) AND (id <= 4573345))

table 3 : explain SELECT SUM(k) FROM sbtest3 WHERE id BETWEEN 1818646 AND 1818655
	Aggregate  (cost=39.18..39.19 rows=1 width=8)
	  ->  Index Scan using sbtest3_pkey on sbtest3  (cost=0.43..39.15 rows=10 width=4)
	        Index Cond: ((id >= 1818646) AND (id <= 1818655))

table 4 : explain SELECT SUM(k) FROM sbtest4 WHERE id BETWEEN 2490065 AND 2490074
	Aggregate  (cost=38.90..38.91 rows=1 width=8)
	  ->  Index Scan using sbtest4_pkey on sbtest4  (cost=0.43..38.88 rows=10 width=4)
	        Index Cond: ((id >= 2490065) AND (id <= 2490074))

table 5 : explain SELECT SUM(k) FROM sbtest5 WHERE id BETWEEN 5706762 AND 5706771
	Aggregate  (cost=35.88..35.89 rows=1 width=8)
	  ->  Index Scan using sbtest5_pkey on sbtest5  (cost=0.43..35.85 rows=9 width=4)
	        Index Cond: ((id >= 5706762) AND (id <= 5706771))

table 6 : explain SELECT SUM(k) FROM sbtest6 WHERE id BETWEEN 7628161 AND 7628170
	Aggregate  (cost=39.45..39.46 rows=1 width=8)
	  ->  Index Scan using sbtest6_pkey on sbtest6  (cost=0.43..39.42 rows=10 width=4)
	        Index Cond: ((id >= 7628161) AND (id <= 7628170))

table 7 : explain SELECT SUM(k) FROM sbtest7 WHERE id BETWEEN 9925622 AND 9925631
	Aggregate  (cost=42.97..42.98 rows=1 width=8)
	  ->  Index Scan using sbtest7_pkey on sbtest7  (cost=0.43..42.94 rows=11 width=4)
	        Index Cond: ((id >= 9925622) AND (id <= 9925631))

table 8 : explain SELECT SUM(k) FROM sbtest8 WHERE id BETWEEN 1057977 AND 1057986
	Aggregate  (cost=36.07..36.08 rows=1 width=8)
	  ->  Index Scan using sbtest8_pkey on sbtest8  (cost=0.43..36.05 rows=9 width=4)
	        Index Cond: ((id >= 1057977) AND (id <= 1057986))

explain: for deletes :: explain DELETE FROM sbtest%u WHERE id=%u
for non_index_updates
table 1 : explain UPDATE sbtest1 SET c='foobar' WHERE id=6538545
	Update on sbtest1  (cost=0.43..8.45 rows=0 width=0)
	  ->  Index Scan using sbtest1_pkey on sbtest1  (cost=0.43..8.45 rows=1 width=490)
	        Index Cond: (id = 6538545)

table 2 : explain UPDATE sbtest2 SET c='foobar' WHERE id=2516676
	Update on sbtest2  (cost=0.43..8.45 rows=0 width=0)
	  ->  Index Scan using sbtest2_pkey on sbtest2  (cost=0.43..8.45 rows=1 width=490)
	        Index Cond: (id = 2516676)

table 3 : explain UPDATE sbtest3 SET c='foobar' WHERE id=3320956
	Update on sbtest3  (cost=0.43..8.45 rows=0 width=0)
	  ->  Index Scan using sbtest3_pkey on sbtest3  (cost=0.43..8.45 rows=1 width=490)
	        Index Cond: (id = 3320956)

table 4 : explain UPDATE sbtest4 SET c='foobar' WHERE id=2563488
	Update on sbtest4  (cost=0.43..8.45 rows=0 width=0)
	  ->  Index Scan using sbtest4_pkey on sbtest4  (cost=0.43..8.45 rows=1 width=490)
	        Index Cond: (id = 2563488)

table 5 : explain UPDATE sbtest5 SET c='foobar' WHERE id=4173799
	Update on sbtest5  (cost=0.43..8.45 rows=0 width=0)
	  ->  Index Scan using sbtest5_pkey on sbtest5  (cost=0.43..8.45 rows=1 width=490)
	        Index Cond: (id = 4173799)

table 6 : explain UPDATE sbtest6 SET c='foobar' WHERE id=9101445
	Update on sbtest6  (cost=0.43..8.45 rows=0 width=0)
	  ->  Index Scan using sbtest6_pkey on sbtest6  (cost=0.43..8.45 rows=1 width=490)
	        Index Cond: (id = 9101445)

table 7 : explain UPDATE sbtest7 SET c='foobar' WHERE id=2596002
	Update on sbtest7  (cost=0.43..8.45 rows=0 width=0)
	  ->  Index Scan using sbtest7_pkey on sbtest7  (cost=0.43..8.45 rows=1 width=490)
	        Index Cond: (id = 2596002)

table 8 : explain UPDATE sbtest8 SET c='foobar' WHERE id=5654666
	Update on sbtest8  (cost=0.43..8.45 rows=0 width=0)
	  ->  Index Scan using sbtest8_pkey on sbtest8  (cost=0.43..8.45 rows=1 width=490)
	        Index Cond: (id = 5654666)

explain: for point_selects :: explain SELECT c FROM sbtest%u WHERE id=%u
explain: for deletes :: explain DELETE FROM sbtest%u WHERE id=%u
for deletes
table 1 : explain DELETE FROM sbtest1 WHERE id=2514601
	Delete on sbtest1  (cost=0.43..8.45 rows=0 width=0)
	  ->  Index Scan using sbtest1_pkey on sbtest1  (cost=0.43..8.45 rows=1 width=6)
	        Index Cond: (id = 2514601)

table 2 : explain DELETE FROM sbtest2 WHERE id=3849118
	Delete on sbtest2  (cost=0.43..8.45 rows=0 width=0)
	  ->  Index Scan using sbtest2_pkey on sbtest2  (cost=0.43..8.45 rows=1 width=6)
	        Index Cond: (id = 3849118)

table 3 : explain DELETE FROM sbtest3 WHERE id=7097039
	Delete on sbtest3  (cost=0.43..8.45 rows=0 width=0)
	  ->  Index Scan using sbtest3_pkey on sbtest3  (cost=0.43..8.45 rows=1 width=6)
	        Index Cond: (id = 7097039)

table 4 : explain DELETE FROM sbtest4 WHERE id=7163142
	Delete on sbtest4  (cost=0.43..8.45 rows=0 width=0)
	  ->  Index Scan using sbtest4_pkey on sbtest4  (cost=0.43..8.45 rows=1 width=6)
	        Index Cond: (id = 7163142)

table 5 : explain DELETE FROM sbtest5 WHERE id=7183131
	Delete on sbtest5  (cost=0.43..8.45 rows=0 width=0)
	  ->  Index Scan using sbtest5_pkey on sbtest5  (cost=0.43..8.45 rows=1 width=6)
	        Index Cond: (id = 7183131)

table 6 : explain DELETE FROM sbtest6 WHERE id=2267963
	Delete on sbtest6  (cost=0.43..8.45 rows=0 width=0)
	  ->  Index Scan using sbtest6_pkey on sbtest6  (cost=0.43..8.45 rows=1 width=6)
	        Index Cond: (id = 2267963)

table 7 : explain DELETE FROM sbtest7 WHERE id=4187039
	Delete on sbtest7  (cost=0.43..8.45 rows=0 width=0)
	  ->  Index Scan using sbtest7_pkey on sbtest7  (cost=0.43..8.45 rows=1 width=6)
	        Index Cond: (id = 4187039)

table 8 : explain DELETE FROM sbtest8 WHERE id=9816395
	Delete on sbtest8  (cost=0.43..8.45 rows=0 width=0)
	  ->  Index Scan using sbtest8_pkey on sbtest8  (cost=0.43..8.45 rows=1 width=6)
	        Index Cond: (id = 9816395)

for: order_ranges
table 1 : explain SELECT c FROM sbtest1 WHERE id BETWEEN 374247 AND 374256 ORDER BY c
	Sort  (cost=39.66..39.68 rows=10 width=121)
	  Sort Key: c
	  ->  Index Scan using sbtest1_pkey on sbtest1  (cost=0.43..39.49 rows=10 width=121)
	        Index Cond: ((id >= 374247) AND (id <= 374256))

table 2 : explain SELECT c FROM sbtest2 WHERE id BETWEEN 2604573 AND 2604582 ORDER BY c
	Sort  (cost=39.44..39.46 rows=10 width=121)
	  Sort Key: c
	  ->  Index Scan using sbtest2_pkey on sbtest2  (cost=0.43..39.27 rows=10 width=121)
	        Index Cond: ((id >= 2604573) AND (id <= 2604582))

table 3 : explain SELECT c FROM sbtest3 WHERE id BETWEEN 8660270 AND 8660279 ORDER BY c
	Sort  (cost=39.32..39.35 rows=10 width=121)
	  Sort Key: c
	  ->  Index Scan using sbtest3_pkey on sbtest3  (cost=0.43..39.15 rows=10 width=121)
	        Index Cond: ((id >= 8660270) AND (id <= 8660279))

table 4 : explain SELECT c FROM sbtest4 WHERE id BETWEEN 1451277 AND 1451286 ORDER BY c
	Sort  (cost=35.64..35.66 rows=9 width=121)
	  Sort Key: c
	  ->  Index Scan using sbtest4_pkey on sbtest4  (cost=0.43..35.50 rows=9 width=121)
	        Index Cond: ((id >= 1451277) AND (id <= 1451286))

table 5 : explain SELECT c FROM sbtest5 WHERE id BETWEEN 1875913 AND 1875922 ORDER BY c
	Sort  (cost=36.00..36.02 rows=9 width=121)
	  Sort Key: c
	  ->  Index Scan using sbtest5_pkey on sbtest5  (cost=0.43..35.85 rows=9 width=121)
	        Index Cond: ((id >= 1875913) AND (id <= 1875922))

table 6 : explain SELECT c FROM sbtest6 WHERE id BETWEEN 4019515 AND 4019524 ORDER BY c
	Sort  (cost=39.59..39.61 rows=10 width=121)
	  Sort Key: c
	  ->  Index Scan using sbtest6_pkey on sbtest6  (cost=0.43..39.42 rows=10 width=121)
	        Index Cond: ((id >= 4019515) AND (id <= 4019524))

table 7 : explain SELECT c FROM sbtest7 WHERE id BETWEEN 2242703 AND 2242712 ORDER BY c
	Sort  (cost=39.66..39.68 rows=10 width=121)
	  Sort Key: c
	  ->  Index Scan using sbtest7_pkey on sbtest7  (cost=0.43..39.49 rows=10 width=121)
	        Index Cond: ((id >= 2242703) AND (id <= 2242712))

table 8 : explain SELECT c FROM sbtest8 WHERE id BETWEEN 7378086 AND 7378095 ORDER BY c
	Sort  (cost=36.19..36.21 rows=9 width=121)
	  Sort Key: c
	  ->  Index Scan using sbtest8_pkey on sbtest8  (cost=0.43..36.05 rows=9 width=121)
	        Index Cond: ((id >= 7378086) AND (id <= 7378095))

for inserts
table 1 : explain INSERT INTO sbtest1 (id, k, c, pad) VALUES (4525893, 13, 'foobar', 'foobar')
	Insert on sbtest1  (cost=0.00..0.01 rows=0 width=0)
	  ->  Result  (cost=0.00..0.01 rows=1 width=736)

table 2 : explain INSERT INTO sbtest2 (id, k, c, pad) VALUES (4338778, 13, 'foobar', 'foobar')
	Insert on sbtest2  (cost=0.00..0.01 rows=0 width=0)
	  ->  Result  (cost=0.00..0.01 rows=1 width=736)

table 3 : explain INSERT INTO sbtest3 (id, k, c, pad) VALUES (8488693, 13, 'foobar', 'foobar')
	Insert on sbtest3  (cost=0.00..0.01 rows=0 width=0)
	  ->  Result  (cost=0.00..0.01 rows=1 width=736)

table 4 : explain INSERT INTO sbtest4 (id, k, c, pad) VALUES (8846180, 13, 'foobar', 'foobar')
	Insert on sbtest4  (cost=0.00..0.01 rows=0 width=0)
	  ->  Result  (cost=0.00..0.01 rows=1 width=736)

table 5 : explain INSERT INTO sbtest5 (id, k, c, pad) VALUES (4797498, 13, 'foobar', 'foobar')
	Insert on sbtest5  (cost=0.00..0.01 rows=0 width=0)
	  ->  Result  (cost=0.00..0.01 rows=1 width=736)

table 6 : explain INSERT INTO sbtest6 (id, k, c, pad) VALUES (5216624, 13, 'foobar', 'foobar')
	Insert on sbtest6  (cost=0.00..0.01 rows=0 width=0)
	  ->  Result  (cost=0.00..0.01 rows=1 width=736)

table 7 : explain INSERT INTO sbtest7 (id, k, c, pad) VALUES (9964193, 13, 'foobar', 'foobar')
	Insert on sbtest7  (cost=0.00..0.01 rows=0 width=0)
	  ->  Result  (cost=0.00..0.01 rows=1 width=736)

table 8 : explain INSERT INTO sbtest8 (id, k, c, pad) VALUES (5073040, 13, 'foobar', 'foobar')
	Insert on sbtest8  (cost=0.00..0.01 rows=0 width=0)
	  ->  Result  (cost=0.00..0.01 rows=1 width=736)

for: simple_ranges
table 1 : explain SELECT c FROM sbtest1 WHERE id BETWEEN 1290271 AND 1290280
	Index Scan using sbtest1_pkey on sbtest1  (cost=0.43..36.04 rows=9 width=121)
	  Index Cond: ((id >= 1290271) AND (id <= 1290280))

table 2 : explain SELECT c FROM sbtest2 WHERE id BETWEEN 4046329 AND 4046338
	Index Scan using sbtest2_pkey on sbtest2  (cost=0.43..42.69 rows=11 width=121)
	  Index Cond: ((id >= 4046329) AND (id <= 4046338))

table 3 : explain SELECT c FROM sbtest3 WHERE id BETWEEN 1712191 AND 1712200
	Index Scan using sbtest3_pkey on sbtest3  (cost=0.43..42.57 rows=11 width=121)
	  Index Cond: ((id >= 1712191) AND (id <= 1712200))

table 4 : explain SELECT c FROM sbtest4 WHERE id BETWEEN 9749838 AND 9749847
	Index Scan using sbtest4_pkey on sbtest4  (cost=0.43..38.88 rows=10 width=121)
	  Index Cond: ((id >= 9749838) AND (id <= 9749847))

table 5 : explain SELECT c FROM sbtest5 WHERE id BETWEEN 5829721 AND 5829730
	Index Scan using sbtest5_pkey on sbtest5  (cost=0.43..42.70 rows=11 width=121)
	  Index Cond: ((id >= 5829721) AND (id <= 5829730))

table 6 : explain SELECT c FROM sbtest6 WHERE id BETWEEN 2061849 AND 2061858
	Index Scan using sbtest6_pkey on sbtest6  (cost=0.43..35.98 rows=9 width=121)
	  Index Cond: ((id >= 2061849) AND (id <= 2061858))

table 7 : explain SELECT c FROM sbtest7 WHERE id BETWEEN 4854440 AND 4854449
	Index Scan using sbtest7_pkey on sbtest7  (cost=0.43..39.49 rows=10 width=121)
	  Index Cond: ((id >= 4854440) AND (id <= 4854449))

table 8 : explain SELECT c FROM sbtest8 WHERE id BETWEEN 7046138 AND 7046147
	Index Scan using sbtest8_pkey on sbtest8  (cost=0.43..42.94 rows=11 width=121)
	  Index Cond: ((id >= 7046138) AND (id <= 7046147))

for deletes
table 1 : explain DELETE FROM sbtest1 WHERE id=7001127
	Delete on sbtest1  (cost=0.43..8.45 rows=0 width=0)
	  ->  Index Scan using sbtest1_pkey on sbtest1  (cost=0.43..8.45 rows=1 width=6)
	        Index Cond: (id = 7001127)

table 2 : explain DELETE FROM sbtest2 WHERE id=253416
	Delete on sbtest2  (cost=0.43..8.45 rows=0 width=0)
	  ->  Index Scan using sbtest2_pkey on sbtest2  (cost=0.43..8.45 rows=1 width=6)
	        Index Cond: (id = 253416)

table 3 : explain DELETE FROM sbtest3 WHERE id=7384430
	Delete on sbtest3  (cost=0.43..8.45 rows=0 width=0)
	  ->  Index Scan using sbtest3_pkey on sbtest3  (cost=0.43..8.45 rows=1 width=6)
	        Index Cond: (id = 7384430)

table 4 : explain DELETE FROM sbtest4 WHERE id=2088692
	Delete on sbtest4  (cost=0.43..8.45 rows=0 width=0)
	  ->  Index Scan using sbtest4_pkey on sbtest4  (cost=0.43..8.45 rows=1 width=6)
	        Index Cond: (id = 2088692)

table 5 : explain DELETE FROM sbtest5 WHERE id=6038493
	Delete on sbtest5  (cost=0.43..8.45 rows=0 width=0)
	  ->  Index Scan using sbtest5_pkey on sbtest5  (cost=0.43..8.45 rows=1 width=6)
	        Index Cond: (id = 6038493)

table 6 : explain DELETE FROM sbtest6 WHERE id=8698972
	Delete on sbtest6  (cost=0.43..8.45 rows=0 width=0)
	  ->  Index Scan using sbtest6_pkey on sbtest6  (cost=0.43..8.45 rows=1 width=6)
	        Index Cond: (id = 8698972)

table 7 : explain DELETE FROM sbtest7 WHERE id=7127090
	Delete on sbtest7  (cost=0.43..8.45 rows=0 width=0)
	  ->  Index Scan using sbtest7_pkey on sbtest7  (cost=0.43..8.45 rows=1 width=6)
	        Index Cond: (id = 7127090)

table 8 : explain DELETE FROM sbtest8 WHERE id=1793812
	Delete on sbtest8  (cost=0.43..8.45 rows=0 width=0)
	  ->  Index Scan using sbtest8_pkey on sbtest8  (cost=0.43..8.45 rows=1 width=6)
	        Index Cond: (id = 1793812)

for: order_ranges
table 1 : explain SELECT c FROM sbtest1 WHERE id BETWEEN 2457331 AND 2457340 ORDER BY c
	Sort  (cost=39.66..39.68 rows=10 width=121)
	  Sort Key: c
	  ->  Index Scan using sbtest1_pkey on sbtest1  (cost=0.43..39.49 rows=10 width=121)
	        Index Cond: ((id >= 2457331) AND (id <= 2457340))

table 2 : explain SELECT c FROM sbtest2 WHERE id BETWEEN 6076815 AND 6076824 ORDER BY c
	Sort  (cost=39.44..39.46 rows=10 width=121)
	  Sort Key: c
	  ->  Index Scan using sbtest2_pkey on sbtest2  (cost=0.43..39.27 rows=10 width=121)
	        Index Cond: ((id >= 6076815) AND (id <= 6076824))

table 3 : explain SELECT c FROM sbtest3 WHERE id BETWEEN 8336699 AND 8336708 ORDER BY c
	Sort  (cost=39.32..39.35 rows=10 width=121)
	  Sort Key: c
	  ->  Index Scan using sbtest3_pkey on sbtest3  (cost=0.43..39.15 rows=10 width=121)
	        Index Cond: ((id >= 8336699) AND (id <= 8336708))

table 4 : explain SELECT c FROM sbtest4 WHERE id BETWEEN 3635117 AND 3635126 ORDER BY c
	Sort  (cost=39.04..39.07 rows=10 width=121)
	  Sort Key: c
	  ->  Index Scan using sbtest4_pkey on sbtest4  (cost=0.43..38.88 rows=10 width=121)
	        Index Cond: ((id >= 3635117) AND (id <= 3635126))

table 5 : explain SELECT c FROM sbtest5 WHERE id BETWEEN 3341704 AND 3341713 ORDER BY c
	Sort  (cost=39.45..39.47 rows=10 width=121)
	  Sort Key: c
	  ->  Index Scan using sbtest5_pkey on sbtest5  (cost=0.43..39.28 rows=10 width=121)
	        Index Cond: ((id >= 3341704) AND (id <= 3341713))

table 6 : explain SELECT c FROM sbtest6 WHERE id BETWEEN 2081849 AND 2081858 ORDER BY c
	Sort  (cost=36.12..36.15 rows=9 width=121)
	  Sort Key: c
	  ->  Index Scan using sbtest6_pkey on sbtest6  (cost=0.43..35.98 rows=9 width=121)
	        Index Cond: ((id >= 2081849) AND (id <= 2081858))

table 7 : explain SELECT c FROM sbtest7 WHERE id BETWEEN 6361883 AND 6361892 ORDER BY c
	Sort  (cost=39.66..39.68 rows=10 width=121)
	  Sort Key: c
	  ->  Index Scan using sbtest7_pkey on sbtest7  (cost=0.43..39.49 rows=10 width=121)
	        Index Cond: ((id >= 6361883) AND (id <= 6361892))

table 8 : explain SELECT c FROM sbtest8 WHERE id BETWEEN 1836068 AND 1836077 ORDER BY c
	Sort  (cost=39.66..39.69 rows=10 width=121)
	  Sort Key: c
	  ->  Index Scan using sbtest8_pkey on sbtest8  (cost=0.43..39.49 rows=10 width=121)
	        Index Cond: ((id >= 1836068) AND (id <= 1836077))

explain: for inserts :: explain INSERT INTO sbtest%u (id, k, c, pad) VALUES (%u, 13, 'foobar', 'foobar')
for: order_ranges
table 1 : explain SELECT c FROM sbtest1 WHERE id BETWEEN 6825154 AND 6825163 ORDER BY c
	Sort  (cost=39.66..39.68 rows=10 width=121)
	  Sort Key: c
	  ->  Index Scan using sbtest1_pkey on sbtest1  (cost=0.43..39.49 rows=10 width=121)
	        Index Cond: ((id >= 6825154) AND (id <= 6825163))

table 2 : explain SELECT c FROM sbtest2 WHERE id BETWEEN 180607 AND 180616 ORDER BY c
	Sort  (cost=35.99..36.01 rows=9 width=121)
	  Sort Key: c
	  ->  Index Scan using sbtest2_pkey on sbtest2  (cost=0.43..35.85 rows=9 width=121)
	        Index Cond: ((id >= 180607) AND (id <= 180616))

table 3 : explain SELECT c FROM sbtest3 WHERE id BETWEEN 7868349 AND 7868358 ORDER BY c
	Sort  (cost=39.32..39.35 rows=10 width=121)
	  Sort Key: c
	  ->  Index Scan using sbtest3_pkey on sbtest3  (cost=0.43..39.15 rows=10 width=121)
	        Index Cond: ((id >= 7868349) AND (id <= 7868358))

table 4 : explain SELECT c FROM sbtest4 WHERE id BETWEEN 7639158 AND 7639167 ORDER BY c
	Sort  (cost=42.45..42.47 rows=11 width=121)
	  Sort Key: c
	  ->  Index Scan using sbtest4_pkey on sbtest4  (cost=0.43..42.26 rows=11 width=121)
	        Index Cond: ((id >= 7639158) AND (id <= 7639167))

table 5 : explain SELECT c FROM sbtest5 WHERE id BETWEEN 8946921 AND 8946930 ORDER BY c
	Sort  (cost=39.45..39.47 rows=10 width=121)
	  Sort Key: c
	  ->  Index Scan using sbtest5_pkey on sbtest5  (cost=0.43..39.28 rows=10 width=121)
	        Index Cond: ((id >= 8946921) AND (id <= 8946930))

table 6 : explain SELECT c FROM sbtest6 WHERE id BETWEEN 6015196 AND 6015205 ORDER BY c
	Sort  (cost=39.59..39.61 rows=10 width=121)
	  Sort Key: c
	  ->  Index Scan using sbtest6_pkey on sbtest6  (cost=0.43..39.42 rows=10 width=121)
	        Index Cond: ((id >= 6015196) AND (id <= 6015205))

table 7 : explain SELECT c FROM sbtest7 WHERE id BETWEEN 485106 AND 485115 ORDER BY c
	Sort  (cost=39.66..39.68 rows=10 width=121)
	  Sort Key: c
	  ->  Index Scan using sbtest7_pkey on sbtest7  (cost=0.43..39.49 rows=10 width=121)
	        Index Cond: ((id >= 485106) AND (id <= 485115))

table 8 : explain SELECT c FROM sbtest8 WHERE id BETWEEN 8867997 AND 8868006 ORDER BY c
	Sort  (cost=39.66..39.69 rows=10 width=121)
	  Sort Key: c
	  ->  Index Scan using sbtest8_pkey on sbtest8  (cost=0.43..39.49 rows=10 width=121)
	        Index Cond: ((id >= 8867997) AND (id <= 8868006))

explain: for inserts :: explain INSERT INTO sbtest%u (id, k, c, pad) VALUES (%u, 13, 'foobar', 'foobar')
explain: for point_selects :: explain SELECT c FROM sbtest%u WHERE id=%u
for inserts
table 1 : explain INSERT INTO sbtest1 (id, k, c, pad) VALUES (8834128, 13, 'foobar', 'foobar')
	Insert on sbtest1  (cost=0.00..0.01 rows=0 width=0)
	  ->  Result  (cost=0.00..0.01 rows=1 width=736)

table 2 : explain INSERT INTO sbtest2 (id, k, c, pad) VALUES (9327588, 13, 'foobar', 'foobar')
	Insert on sbtest2  (cost=0.00..0.01 rows=0 width=0)
	  ->  Result  (cost=0.00..0.01 rows=1 width=736)

table 3 : explain INSERT INTO sbtest3 (id, k, c, pad) VALUES (1304837, 13, 'foobar', 'foobar')
	Insert on sbtest3  (cost=0.00..0.01 rows=0 width=0)
	  ->  Result  (cost=0.00..0.01 rows=1 width=736)

table 4 : explain INSERT INTO sbtest4 (id, k, c, pad) VALUES (4593397, 13, 'foobar', 'foobar')
	Insert on sbtest4  (cost=0.00..0.01 rows=0 width=0)
	  ->  Result  (cost=0.00..0.01 rows=1 width=736)

table 5 : explain INSERT INTO sbtest5 (id, k, c, pad) VALUES (7661836, 13, 'foobar', 'foobar')
	Insert on sbtest5  (cost=0.00..0.01 rows=0 width=0)
	  ->  Result  (cost=0.00..0.01 rows=1 width=736)

table 6 : explain INSERT INTO sbtest6 (id, k, c, pad) VALUES (5932509, 13, 'foobar', 'foobar')
	Insert on sbtest6  (cost=0.00..0.01 rows=0 width=0)
	  ->  Result  (cost=0.00..0.01 rows=1 width=736)

table 7 : explain INSERT INTO sbtest7 (id, k, c, pad) VALUES (2516972, 13, 'foobar', 'foobar')
	Insert on sbtest7  (cost=0.00..0.01 rows=0 width=0)
	  ->  Result  (cost=0.00..0.01 rows=1 width=736)

table 8 : explain INSERT INTO sbtest8 (id, k, c, pad) VALUES (4151974, 13, 'foobar', 'foobar')
	Insert on sbtest8  (cost=0.00..0.01 rows=0 width=0)
	  ->  Result  (cost=0.00..0.01 rows=1 width=736)

for point_selects
table 1 : explain SELECT c FROM sbtest1 WHERE id=6832563
	Index Scan using sbtest1_pkey on sbtest1  (cost=0.43..8.45 rows=1 width=121)
	  Index Cond: (id = 6832563)

table 2 : explain SELECT c FROM sbtest2 WHERE id=3264526
	Index Scan using sbtest2_pkey on sbtest2  (cost=0.43..8.45 rows=1 width=121)
	  Index Cond: (id = 3264526)

table 3 : explain SELECT c FROM sbtest3 WHERE id=5800635
	Index Scan using sbtest3_pkey on sbtest3  (cost=0.43..8.45 rows=1 width=121)
	  Index Cond: (id = 5800635)

table 4 : explain SELECT c FROM sbtest4 WHERE id=8277282
	Index Scan using sbtest4_pkey on sbtest4  (cost=0.43..8.45 rows=1 width=121)
	  Index Cond: (id = 8277282)

table 5 : explain SELECT c FROM sbtest5 WHERE id=5248701
	Index Scan using sbtest5_pkey on sbtest5  (cost=0.43..8.45 rows=1 width=121)
	  Index Cond: (id = 5248701)

table 6 : explain SELECT c FROM sbtest6 WHERE id=7774638
	Index Scan using sbtest6_pkey on sbtest6  (cost=0.43..8.45 rows=1 width=121)
	  Index Cond: (id = 7774638)

table 7 : explain SELECT c FROM sbtest7 WHERE id=9413537
	Index Scan using sbtest7_pkey on sbtest7  (cost=0.43..8.45 rows=1 width=121)
	  Index Cond: (id = 9413537)

table 8 : explain SELECT c FROM sbtest8 WHERE id=8590719
	Index Scan using sbtest8_pkey on sbtest8  (cost=0.43..8.45 rows=1 width=121)
	  Index Cond: (id = 8590719)

for inserts
table 1 : explain INSERT INTO sbtest1 (id, k, c, pad) VALUES (3641496, 13, 'foobar', 'foobar')
	Insert on sbtest1  (cost=0.00..0.01 rows=0 width=0)
	  ->  Result  (cost=0.00..0.01 rows=1 width=736)

table 2 : explain INSERT INTO sbtest2 (id, k, c, pad) VALUES (933737, 13, 'foobar', 'foobar')
	Insert on sbtest2  (cost=0.00..0.01 rows=0 width=0)
	  ->  Result  (cost=0.00..0.01 rows=1 width=736)

table 3 : explain INSERT INTO sbtest3 (id, k, c, pad) VALUES (5252472, 13, 'foobar', 'foobar')
	Insert on sbtest3  (cost=0.00..0.01 rows=0 width=0)
	  ->  Result  (cost=0.00..0.01 rows=1 width=736)

table 4 : explain INSERT INTO sbtest4 (id, k, c, pad) VALUES (8806913, 13, 'foobar', 'foobar')
	Insert on sbtest4  (cost=0.00..0.01 rows=0 width=0)
	  ->  Result  (cost=0.00..0.01 rows=1 width=736)

table 5 : explain INSERT INTO sbtest5 (id, k, c, pad) VALUES (4513145, 13, 'foobar', 'foobar')
	Insert on sbtest5  (cost=0.00..0.01 rows=0 width=0)
	  ->  Result  (cost=0.00..0.01 rows=1 width=736)

table 6 : explain INSERT INTO sbtest6 (id, k, c, pad) VALUES (3191090, 13, 'foobar', 'foobar')
	Insert on sbtest6  (cost=0.00..0.01 rows=0 width=0)
	  ->  Result  (cost=0.00..0.01 rows=1 width=736)

table 7 : explain INSERT INTO sbtest7 (id, k, c, pad) VALUES (6853713, 13, 'foobar', 'foobar')
	Insert on sbtest7  (cost=0.00..0.01 rows=0 width=0)
	  ->  Result  (cost=0.00..0.01 rows=1 width=736)

table 8 : explain INSERT INTO sbtest8 (id, k, c, pad) VALUES (6467908, 13, 'foobar', 'foobar')
	Insert on sbtest8  (cost=0.00..0.01 rows=0 width=0)
	  ->  Result  (cost=0.00..0.01 rows=1 width=736)

for: order_ranges
table 1 : explain SELECT c FROM sbtest1 WHERE id BETWEEN 4447373 AND 4447382 ORDER BY c
	Sort  (cost=39.66..39.68 rows=10 width=121)
	  Sort Key: c
	  ->  Index Scan using sbtest1_pkey on sbtest1  (cost=0.43..39.49 rows=10 width=121)
	        Index Cond: ((id >= 4447373) AND (id <= 4447382))

table 2 : explain SELECT c FROM sbtest2 WHERE id BETWEEN 5849144 AND 5849153 ORDER BY c
	Sort  (cost=39.44..39.46 rows=10 width=121)
	  Sort Key: c
	  ->  Index Scan using sbtest2_pkey on sbtest2  (cost=0.43..39.27 rows=10 width=121)
	        Index Cond: ((id >= 5849144) AND (id <= 5849153))

table 3 : explain SELECT c FROM sbtest3 WHERE id BETWEEN 8127322 AND 8127331 ORDER BY c
	Sort  (cost=39.32..39.35 rows=10 width=121)
	  Sort Key: c
	  ->  Index Scan using sbtest3_pkey on sbtest3  (cost=0.43..39.15 rows=10 width=121)
	        Index Cond: ((id >= 8127322) AND (id <= 8127331))

table 4 : explain SELECT c FROM sbtest4 WHERE id BETWEEN 3550810 AND 3550819 ORDER BY c
	Sort  (cost=39.04..39.07 rows=10 width=121)
	  Sort Key: c
	  ->  Index Scan using sbtest4_pkey on sbtest4  (cost=0.43..38.88 rows=10 width=121)
	        Index Cond: ((id >= 3550810) AND (id <= 3550819))

table 5 : explain SELECT c FROM sbtest5 WHERE id BETWEEN 1174496 AND 1174505 ORDER BY c
	Sort  (cost=42.89..42.92 rows=11 width=121)
	  Sort Key: c
	  ->  Index Scan using sbtest5_pkey on sbtest5  (cost=0.43..42.70 rows=11 width=121)
	        Index Cond: ((id >= 1174496) AND (id <= 1174505))

table 6 : explain SELECT c FROM sbtest6 WHERE id BETWEEN 913034 AND 913043 ORDER BY c
	Sort  (cost=39.59..39.61 rows=10 width=121)
	  Sort Key: c
	  ->  Index Scan using sbtest6_pkey on sbtest6  (cost=0.43..39.42 rows=10 width=121)
	        Index Cond: ((id >= 913034) AND (id <= 913043))

table 7 : explain SELECT c FROM sbtest7 WHERE id BETWEEN 907823 AND 907832 ORDER BY c
	Sort  (cost=39.66..39.68 rows=10 width=121)
	  Sort Key: c
	  ->  Index Scan using sbtest7_pkey on sbtest7  (cost=0.43..39.49 rows=10 width=121)
	        Index Cond: ((id >= 907823) AND (id <= 907832))

table 8 : explain SELECT c FROM sbtest8 WHERE id BETWEEN 5317735 AND 5317744 ORDER BY c
	Sort  (cost=43.13..43.16 rows=11 width=121)
	  Sort Key: c
	  ->  Index Scan using sbtest8_pkey on sbtest8  (cost=0.43..42.94 rows=11 width=121)
	        Index Cond: ((id >= 5317735) AND (id <= 5317744))

for inserts
table 1 : explain INSERT INTO sbtest1 (id, k, c, pad) VALUES (8465479, 13, 'foobar', 'foobar')
	Insert on sbtest1  (cost=0.00..0.01 rows=0 width=0)
	  ->  Result  (cost=0.00..0.01 rows=1 width=736)

table 2 : explain INSERT INTO sbtest2 (id, k, c, pad) VALUES (2985013, 13, 'foobar', 'foobar')
	Insert on sbtest2  (cost=0.00..0.01 rows=0 width=0)
	  ->  Result  (cost=0.00..0.01 rows=1 width=736)

table 3 : explain INSERT INTO sbtest3 (id, k, c, pad) VALUES (9211997, 13, 'foobar', 'foobar')
	Insert on sbtest3  (cost=0.00..0.01 rows=0 width=0)
	  ->  Result  (cost=0.00..0.01 rows=1 width=736)

table 4 : explain INSERT INTO sbtest4 (id, k, c, pad) VALUES (2471103, 13, 'foobar', 'foobar')
	Insert on sbtest4  (cost=0.00..0.01 rows=0 width=0)
	  ->  Result  (cost=0.00..0.01 rows=1 width=736)

table 5 : explain INSERT INTO sbtest5 (id, k, c, pad) VALUES (8079342, 13, 'foobar', 'foobar')
	Insert on sbtest5  (cost=0.00..0.01 rows=0 width=0)
	  ->  Result  (cost=0.00..0.01 rows=1 width=736)

table 6 : explain INSERT INTO sbtest6 (id, k, c, pad) VALUES (1523462, 13, 'foobar', 'foobar')
	Insert on sbtest6  (cost=0.00..0.01 rows=0 width=0)
	  ->  Result  (cost=0.00..0.01 rows=1 width=736)

table 7 : explain INSERT INTO sbtest7 (id, k, c, pad) VALUES (5525281, 13, 'foobar', 'foobar')
	Insert on sbtest7  (cost=0.00..0.01 rows=0 width=0)
	  ->  Result  (cost=0.00..0.01 rows=1 width=736)

table 8 : explain INSERT INTO sbtest8 (id, k, c, pad) VALUES (7381286, 13, 'foobar', 'foobar')
	Insert on sbtest8  (cost=0.00..0.01 rows=0 width=0)
	  ->  Result  (cost=0.00..0.01 rows=1 width=736)

for point_selects
table 1 : explain SELECT c FROM sbtest1 WHERE id=2832931
	Index Scan using sbtest1_pkey on sbtest1  (cost=0.43..8.45 rows=1 width=121)
	  Index Cond: (id = 2832931)

table 2 : explain SELECT c FROM sbtest2 WHERE id=3114917
	Index Scan using sbtest2_pkey on sbtest2  (cost=0.43..8.45 rows=1 width=121)
	  Index Cond: (id = 3114917)

table 3 : explain SELECT c FROM sbtest3 WHERE id=3605318
	Index Scan using sbtest3_pkey on sbtest3  (cost=0.43..8.45 rows=1 width=121)
	  Index Cond: (id = 3605318)

table 4 : explain SELECT c FROM sbtest4 WHERE id=178556
	Index Scan using sbtest4_pkey on sbtest4  (cost=0.43..8.45 rows=1 width=121)
	  Index Cond: (id = 178556)

table 5 : explain SELECT c FROM sbtest5 WHERE id=5980245
	Index Scan using sbtest5_pkey on sbtest5  (cost=0.43..8.45 rows=1 width=121)
	  Index Cond: (id = 5980245)

table 6 : explain SELECT c FROM sbtest6 WHERE id=9341660
	Index Scan using sbtest6_pkey on sbtest6  (cost=0.43..8.45 rows=1 width=121)
	  Index Cond: (id = 9341660)

table 7 : explain SELECT c FROM sbtest7 WHERE id=7433189
	Index Scan using sbtest7_pkey on sbtest7  (cost=0.43..8.45 rows=1 width=121)
	  Index Cond: (id = 7433189)

table 8 : explain SELECT c FROM sbtest8 WHERE id=7905908
	Index Scan using sbtest8_pkey on sbtest8  (cost=0.43..8.45 rows=1 width=121)
	  Index Cond: (id = 7905908)

for: distinct_ranges
table 1 : explain SELECT DISTINCT c FROM sbtest1 WHERE id BETWEEN 7258986 AND 7258995 ORDER BY c
	Unique  (cost=39.66..39.71 rows=10 width=121)
	  ->  Sort  (cost=39.66..39.68 rows=10 width=121)
	        Sort Key: c
	        ->  Index Scan using sbtest1_pkey on sbtest1  (cost=0.43..39.49 rows=10 width=121)
	              Index Cond: ((id >= 7258986) AND (id <= 7258995))

table 2 : explain SELECT DISTINCT c FROM sbtest2 WHERE id BETWEEN 2370836 AND 2370845 ORDER BY c
	Unique  (cost=39.44..39.49 rows=10 width=121)
	  ->  Sort  (cost=39.44..39.46 rows=10 width=121)
	        Sort Key: c
	        ->  Index Scan using sbtest2_pkey on sbtest2  (cost=0.43..39.27 rows=10 width=121)
	              Index Cond: ((id >= 2370836) AND (id <= 2370845))

table 3 : explain SELECT DISTINCT c FROM sbtest3 WHERE id BETWEEN 2571375 AND 2571384 ORDER BY c
	Unique  (cost=39.32..39.37 rows=10 width=121)
	  ->  Sort  (cost=39.32..39.35 rows=10 width=121)
	        Sort Key: c
	        ->  Index Scan using sbtest3_pkey on sbtest3  (cost=0.43..39.15 rows=10 width=121)
	              Index Cond: ((id >= 2571375) AND (id <= 2571384))

table 4 : explain SELECT DISTINCT c FROM sbtest4 WHERE id BETWEEN 5603036 AND 5603045 ORDER BY c
	Unique  (cost=39.04..39.09 rows=10 width=121)
	  ->  Sort  (cost=39.04..39.07 rows=10 width=121)
	        Sort Key: c
	        ->  Index Scan using sbtest4_pkey on sbtest4  (cost=0.43..38.88 rows=10 width=121)
	              Index Cond: ((id >= 5603036) AND (id <= 5603045))

table 5 : explain SELECT DISTINCT c FROM sbtest5 WHERE id BETWEEN 6971513 AND 6971522 ORDER BY c
	Unique  (cost=42.89..42.95 rows=11 width=121)
	  ->  Sort  (cost=42.89..42.92 rows=11 width=121)
	        Sort Key: c
	        ->  Index Scan using sbtest5_pkey on sbtest5  (cost=0.43..42.70 rows=11 width=121)
	              Index Cond: ((id >= 6971513) AND (id <= 6971522))

table 6 : explain SELECT DISTINCT c FROM sbtest6 WHERE id BETWEEN 3023843 AND 3023852 ORDER BY c
	Unique  (cost=39.59..39.64 rows=10 width=121)
	  ->  Sort  (cost=39.59..39.61 rows=10 width=121)
	        Sort Key: c
	        ->  Index Scan using sbtest6_pkey on sbtest6  (cost=0.43..39.42 rows=10 width=121)
	              Index Cond: ((id >= 3023843) AND (id <= 3023852))

table 7 : explain SELECT DISTINCT c FROM sbtest7 WHERE id BETWEEN 4411699 AND 4411708 ORDER BY c
	Unique  (cost=39.66..39.71 rows=10 width=121)
	  ->  Sort  (cost=39.66..39.68 rows=10 width=121)
	        Sort Key: c
	        ->  Index Scan using sbtest7_pkey on sbtest7  (cost=0.43..39.49 rows=10 width=121)
	              Index Cond: ((id >= 4411699) AND (id <= 4411708))

table 8 : explain SELECT DISTINCT c FROM sbtest8 WHERE id BETWEEN 4109808 AND 4109817 ORDER BY c
	Unique  (cost=39.66..39.71 rows=10 width=121)
	  ->  Sort  (cost=39.66..39.69 rows=10 width=121)
	        Sort Key: c
	        ->  Index Scan using sbtest8_pkey on sbtest8  (cost=0.43..39.49 rows=10 width=121)
	              Index Cond: ((id >= 4109808) AND (id <= 4109817))

explain: for index_updates :: explain UPDATE sbtest%u SET k=k+1 WHERE id=%u
for: simple_ranges
table 1 : explain SELECT c FROM sbtest1 WHERE id BETWEEN 2884508 AND 2884517
	Index Scan using sbtest1_pkey on sbtest1  (cost=0.43..39.49 rows=10 width=121)
	  Index Cond: ((id >= 2884508) AND (id <= 2884517))

table 2 : explain SELECT c FROM sbtest2 WHERE id BETWEEN 6633658 AND 6633667
	Index Scan using sbtest2_pkey on sbtest2  (cost=0.43..39.27 rows=10 width=121)
	  Index Cond: ((id >= 6633658) AND (id <= 6633667))

table 3 : explain SELECT c FROM sbtest3 WHERE id BETWEEN 2865943 AND 2865952
	Index Scan using sbtest3_pkey on sbtest3  (cost=0.43..35.74 rows=9 width=121)
	  Index Cond: ((id >= 2865943) AND (id <= 2865952))

table 4 : explain SELECT c FROM sbtest4 WHERE id BETWEEN 666940 AND 666949
	Index Scan using sbtest4_pkey on sbtest4  (cost=0.43..38.88 rows=10 width=121)
	  Index Cond: ((id >= 666940) AND (id <= 666949))

table 5 : explain SELECT c FROM sbtest5 WHERE id BETWEEN 7953280 AND 7953289
	Index Scan using sbtest5_pkey on sbtest5  (cost=0.43..39.28 rows=10 width=121)
	  Index Cond: ((id >= 7953280) AND (id <= 7953289))

table 6 : explain SELECT c FROM sbtest6 WHERE id BETWEEN 7022761 AND 7022770
	Index Scan using sbtest6_pkey on sbtest6  (cost=0.43..42.86 rows=11 width=121)
	  Index Cond: ((id >= 7022761) AND (id <= 7022770))

table 7 : explain SELECT c FROM sbtest7 WHERE id BETWEEN 3729764 AND 3729773
	Index Scan using sbtest7_pkey on sbtest7  (cost=0.43..42.94 rows=11 width=121)
	  Index Cond: ((id >= 3729764) AND (id <= 3729773))

table 8 : explain SELECT c FROM sbtest8 WHERE id BETWEEN 7218974 AND 7218983
	Index Scan using sbtest8_pkey on sbtest8  (cost=0.43..39.49 rows=10 width=121)
	  Index Cond: ((id >= 7218974) AND (id <= 7218983))

for point_selects
table 1 : explain SELECT c FROM sbtest1 WHERE id=7144395
	Index Scan using sbtest1_pkey on sbtest1  (cost=0.43..8.45 rows=1 width=121)
	  Index Cond: (id = 7144395)

table 2 : explain SELECT c FROM sbtest2 WHERE id=4257806
	Index Scan using sbtest2_pkey on sbtest2  (cost=0.43..8.45 rows=1 width=121)
	  Index Cond: (id = 4257806)

table 3 : explain SELECT c FROM sbtest3 WHERE id=1686188
	Index Scan using sbtest3_pkey on sbtest3  (cost=0.43..8.45 rows=1 width=121)
	  Index Cond: (id = 1686188)

table 4 : explain SELECT c FROM sbtest4 WHERE id=672370
	Index Scan using sbtest4_pkey on sbtest4  (cost=0.43..8.45 rows=1 width=121)
	  Index Cond: (id = 672370)

table 5 : explain SELECT c FROM sbtest5 WHERE id=3806920
	Index Scan using sbtest5_pkey on sbtest5  (cost=0.43..8.45 rows=1 width=121)
	  Index Cond: (id = 3806920)

table 6 : explain SELECT c FROM sbtest6 WHERE id=5468428
	Index Scan using sbtest6_pkey on sbtest6  (cost=0.43..8.45 rows=1 width=121)
	  Index Cond: (id = 5468428)

table 7 : explain SELECT c FROM sbtest7 WHERE id=4040527
	Index Scan using sbtest7_pkey on sbtest7  (cost=0.43..8.45 rows=1 width=121)
	  Index Cond: (id = 4040527)

table 8 : explain SELECT c FROM sbtest8 WHERE id=83529
	Index Scan using sbtest8_pkey on sbtest8  (cost=0.43..8.45 rows=1 width=121)
	  Index Cond: (id = 83529)

for: simple_ranges
table 1 : explain SELECT c FROM sbtest1 WHERE id BETWEEN 8552552 AND 8552561
	Index Scan using sbtest1_pkey on sbtest1  (cost=0.43..39.49 rows=10 width=121)
	  Index Cond: ((id >= 8552552) AND (id <= 8552561))

table 2 : explain SELECT c FROM sbtest2 WHERE id BETWEEN 1942198 AND 1942207
	Index Scan using sbtest2_pkey on sbtest2  (cost=0.43..39.27 rows=10 width=121)
	  Index Cond: ((id >= 1942198) AND (id <= 1942207))

table 3 : explain SELECT c FROM sbtest3 WHERE id BETWEEN 6322038 AND 6322047
	Index Scan using sbtest3_pkey on sbtest3  (cost=0.43..39.15 rows=10 width=121)
	  Index Cond: ((id >= 6322038) AND (id <= 6322047))

table 4 : explain SELECT c FROM sbtest4 WHERE id BETWEEN 2406524 AND 2406533
	Index Scan using sbtest4_pkey on sbtest4  (cost=0.43..38.88 rows=10 width=121)
	  Index Cond: ((id >= 2406524) AND (id <= 2406533))

table 5 : explain SELECT c FROM sbtest5 WHERE id BETWEEN 9602610 AND 9602619
	Index Scan using sbtest5_pkey on sbtest5  (cost=0.43..39.28 rows=10 width=121)
	  Index Cond: ((id >= 9602610) AND (id <= 9602619))

table 6 : explain SELECT c FROM sbtest6 WHERE id BETWEEN 5280862 AND 5280871
	Index Scan using sbtest6_pkey on sbtest6  (cost=0.43..42.86 rows=11 width=121)
	  Index Cond: ((id >= 5280862) AND (id <= 5280871))

table 7 : explain SELECT c FROM sbtest7 WHERE id BETWEEN 4570433 AND 4570442
	Index Scan using sbtest7_pkey on sbtest7  (cost=0.43..36.04 rows=9 width=121)
	  Index Cond: ((id >= 4570433) AND (id <= 4570442))

table 8 : explain SELECT c FROM sbtest8 WHERE id BETWEEN 7527759 AND 7527768
	Index Scan using sbtest8_pkey on sbtest8  (cost=0.43..39.49 rows=10 width=121)
	  Index Cond: ((id >= 7527759) AND (id <= 7527768))

for: distinct_ranges
table 1 : explain SELECT DISTINCT c FROM sbtest1 WHERE id BETWEEN 5461248 AND 5461257 ORDER BY c
	Unique  (cost=39.66..39.71 rows=10 width=121)
	  ->  Sort  (cost=39.66..39.68 rows=10 width=121)
	        Sort Key: c
	        ->  Index Scan using sbtest1_pkey on sbtest1  (cost=0.43..39.49 rows=10 width=121)
	              Index Cond: ((id >= 5461248) AND (id <= 5461257))

table 2 : explain SELECT DISTINCT c FROM sbtest2 WHERE id BETWEEN 1864505 AND 1864514 ORDER BY c
	Unique  (cost=42.88..42.94 rows=11 width=121)
	  ->  Sort  (cost=42.88..42.91 rows=11 width=121)
	        Sort Key: c
	        ->  Index Scan using sbtest2_pkey on sbtest2  (cost=0.43..42.69 rows=11 width=121)
	              Index Cond: ((id >= 1864505) AND (id <= 1864514))

table 3 : explain SELECT DISTINCT c FROM sbtest3 WHERE id BETWEEN 3338736 AND 3338745 ORDER BY c
	Unique  (cost=39.32..39.37 rows=10 width=121)
	  ->  Sort  (cost=39.32..39.35 rows=10 width=121)
	        Sort Key: c
	        ->  Index Scan using sbtest3_pkey on sbtest3  (cost=0.43..39.15 rows=10 width=121)
	              Index Cond: ((id >= 3338736) AND (id <= 3338745))

table 4 : explain SELECT DISTINCT c FROM sbtest4 WHERE id BETWEEN 464992 AND 465001 ORDER BY c
	Unique  (cost=35.64..35.68 rows=9 width=121)
	  ->  Sort  (cost=35.64..35.66 rows=9 width=121)
	        Sort Key: c
	        ->  Index Scan using sbtest4_pkey on sbtest4  (cost=0.43..35.50 rows=9 width=121)
	              Index Cond: ((id >= 464992) AND (id <= 465001))

table 5 : explain SELECT DISTINCT c FROM sbtest5 WHERE id BETWEEN 7558722 AND 7558731 ORDER BY c
	Unique  (cost=39.45..39.50 rows=10 width=121)
	  ->  Sort  (cost=39.45..39.47 rows=10 width=121)
	        Sort Key: c
	        ->  Index Scan using sbtest5_pkey on sbtest5  (cost=0.43..39.28 rows=10 width=121)
	              Index Cond: ((id >= 7558722) AND (id <= 7558731))

table 6 : explain SELECT DISTINCT c FROM sbtest6 WHERE id BETWEEN 4565178 AND 4565187 ORDER BY c
	Unique  (cost=39.59..39.64 rows=10 width=121)
	  ->  Sort  (cost=39.59..39.61 rows=10 width=121)
	        Sort Key: c
	        ->  Index Scan using sbtest6_pkey on sbtest6  (cost=0.43..39.42 rows=10 width=121)
	              Index Cond: ((id >= 4565178) AND (id <= 4565187))

table 7 : explain SELECT DISTINCT c FROM sbtest7 WHERE id BETWEEN 8688050 AND 8688059 ORDER BY c
	Unique  (cost=36.19..36.23 rows=9 width=121)
	  ->  Sort  (cost=36.19..36.21 rows=9 width=121)
	        Sort Key: c
	        ->  Index Scan using sbtest7_pkey on sbtest7  (cost=0.43..36.04 rows=9 width=121)
	              Index Cond: ((id >= 8688050) AND (id <= 8688059))

table 8 : explain SELECT DISTINCT c FROM sbtest8 WHERE id BETWEEN 6629610 AND 6629619 ORDER BY c
	Unique  (cost=43.13..43.19 rows=11 width=121)
	  ->  Sort  (cost=43.13..43.16 rows=11 width=121)
	        Sort Key: c
	        ->  Index Scan using sbtest8_pkey on sbtest8  (cost=0.43..42.94 rows=11 width=121)
	              Index Cond: ((id >= 6629610) AND (id <= 6629619))

for index_updates
table 1 : explain UPDATE sbtest1 SET k=k+1 WHERE id=8255279
	Update on sbtest1  (cost=0.43..8.46 rows=0 width=0)
	  ->  Index Scan using sbtest1_pkey on sbtest1  (cost=0.43..8.46 rows=1 width=10)
	        Index Cond: (id = 8255279)

table 2 : explain UPDATE sbtest2 SET k=k+1 WHERE id=8751290
	Update on sbtest2  (cost=0.43..8.46 rows=0 width=0)
	  ->  Index Scan using sbtest2_pkey on sbtest2  (cost=0.43..8.46 rows=1 width=10)
	        Index Cond: (id = 8751290)

table 3 : explain UPDATE sbtest3 SET k=k+1 WHERE id=580007
	Update on sbtest3  (cost=0.43..8.46 rows=0 width=0)
	  ->  Index Scan using sbtest3_pkey on sbtest3  (cost=0.43..8.46 rows=1 width=10)
	        Index Cond: (id = 580007)

table 4 : explain UPDATE sbtest4 SET k=k+1 WHERE id=6434027
	Update on sbtest4  (cost=0.43..8.46 rows=0 width=0)
	  ->  Index Scan using sbtest4_pkey on sbtest4  (cost=0.43..8.46 rows=1 width=10)
	        Index Cond: (id = 6434027)

table 5 : explain UPDATE sbtest5 SET k=k+1 WHERE id=1377646
	Update on sbtest5  (cost=0.43..8.46 rows=0 width=0)
	  ->  Index Scan using sbtest5_pkey on sbtest5  (cost=0.43..8.46 rows=1 width=10)
	        Index Cond: (id = 1377646)

table 6 : explain UPDATE sbtest6 SET k=k+1 WHERE id=1153519
	Update on sbtest6  (cost=0.43..8.46 rows=0 width=0)
	  ->  Index Scan using sbtest6_pkey on sbtest6  (cost=0.43..8.46 rows=1 width=10)
	        Index Cond: (id = 1153519)

table 7 : explain UPDATE sbtest7 SET k=k+1 WHERE id=9741282
	Update on sbtest7  (cost=0.43..8.46 rows=0 width=0)
	  ->  Index Scan using sbtest7_pkey on sbtest7  (cost=0.43..8.46 rows=1 width=10)
	        Index Cond: (id = 9741282)

table 8 : explain UPDATE sbtest8 SET k=k+1 WHERE id=5567880
	Update on sbtest8  (cost=0.43..8.46 rows=0 width=0)
	  ->  Index Scan using sbtest8_pkey on sbtest8  (cost=0.43..8.46 rows=1 width=10)
	        Index Cond: (id = 5567880)

explain: for index_updates :: explain UPDATE sbtest%u SET k=k+1 WHERE id=%u
for: sum_ranges
table 1 : explain SELECT SUM(k) FROM sbtest1 WHERE id BETWEEN 1449584 AND 1449593
	Aggregate  (cost=42.97..42.98 rows=1 width=8)
	  ->  Index Scan using sbtest1_pkey on sbtest1  (cost=0.43..42.94 rows=11 width=4)
	        Index Cond: ((id >= 1449584) AND (id <= 1449593))

table 2 : explain SELECT SUM(k) FROM sbtest2 WHERE id BETWEEN 9145350 AND 9145359
	Aggregate  (cost=39.29..39.30 rows=1 width=8)
	  ->  Index Scan using sbtest2_pkey on sbtest2  (cost=0.43..39.27 rows=10 width=4)
	        Index Cond: ((id >= 9145350) AND (id <= 9145359))

table 3 : explain SELECT SUM(k) FROM sbtest3 WHERE id BETWEEN 2217242 AND 2217251
	Aggregate  (cost=39.18..39.19 rows=1 width=8)
	  ->  Index Scan using sbtest3_pkey on sbtest3  (cost=0.43..39.15 rows=10 width=4)
	        Index Cond: ((id >= 2217242) AND (id <= 2217251))

table 4 : explain SELECT SUM(k) FROM sbtest4 WHERE id BETWEEN 4024469 AND 4024478
	Aggregate  (cost=38.90..38.91 rows=1 width=8)
	  ->  Index Scan using sbtest4_pkey on sbtest4  (cost=0.43..38.88 rows=10 width=4)
	        Index Cond: ((id >= 4024469) AND (id <= 4024478))

table 5 : explain SELECT SUM(k) FROM sbtest5 WHERE id BETWEEN 1964079 AND 1964088
	Aggregate  (cost=39.30..39.31 rows=1 width=8)
	  ->  Index Scan using sbtest5_pkey on sbtest5  (cost=0.43..39.28 rows=10 width=4)
	        Index Cond: ((id >= 1964079) AND (id <= 1964088))

table 6 : explain SELECT SUM(k) FROM sbtest6 WHERE id BETWEEN 8054060 AND 8054069
	Aggregate  (cost=39.45..39.46 rows=1 width=8)
	  ->  Index Scan using sbtest6_pkey on sbtest6  (cost=0.43..39.42 rows=10 width=4)
	        Index Cond: ((id >= 8054060) AND (id <= 8054069))

table 7 : explain SELECT SUM(k) FROM sbtest7 WHERE id BETWEEN 3950123 AND 3950132
	Aggregate  (cost=39.52..39.53 rows=1 width=8)
	  ->  Index Scan using sbtest7_pkey on sbtest7  (cost=0.43..39.49 rows=10 width=4)
	        Index Cond: ((id >= 3950123) AND (id <= 3950132))

table 8 : explain SELECT SUM(k) FROM sbtest8 WHERE id BETWEEN 2103726 AND 2103735
	Aggregate  (cost=39.52..39.53 rows=1 width=8)
	  ->  Index Scan using sbtest8_pkey on sbtest8  (cost=0.43..39.49 rows=10 width=4)
	        Index Cond: ((id >= 2103726) AND (id <= 2103735))

explain: for non_index_updates :: explain UPDATE sbtest%u SET c='foobar' WHERE id=%u
for point_selects
table 1 : explain SELECT c FROM sbtest1 WHERE id=357574
	Index Scan using sbtest1_pkey on sbtest1  (cost=0.43..8.45 rows=1 width=121)
	  Index Cond: (id = 357574)

table 2 : explain SELECT c FROM sbtest2 WHERE id=524237
	Index Scan using sbtest2_pkey on sbtest2  (cost=0.43..8.45 rows=1 width=121)
	  Index Cond: (id = 524237)

table 3 : explain SELECT c FROM sbtest3 WHERE id=6817940
	Index Scan using sbtest3_pkey on sbtest3  (cost=0.43..8.45 rows=1 width=121)
	  Index Cond: (id = 6817940)

table 4 : explain SELECT c FROM sbtest4 WHERE id=5689529
	Index Scan using sbtest4_pkey on sbtest4  (cost=0.43..8.45 rows=1 width=121)
	  Index Cond: (id = 5689529)

table 5 : explain SELECT c FROM sbtest5 WHERE id=8872315
	Index Scan using sbtest5_pkey on sbtest5  (cost=0.43..8.45 rows=1 width=121)
	  Index Cond: (id = 8872315)

table 6 : explain SELECT c FROM sbtest6 WHERE id=5903122
	Index Scan using sbtest6_pkey on sbtest6  (cost=0.43..8.45 rows=1 width=121)
	  Index Cond: (id = 5903122)

table 7 : explain SELECT c FROM sbtest7 WHERE id=39669
	Index Scan using sbtest7_pkey on sbtest7  (cost=0.43..8.45 rows=1 width=121)
	  Index Cond: (id = 39669)

table 8 : explain SELECT c FROM sbtest8 WHERE id=6957117
	Index Scan using sbtest8_pkey on sbtest8  (cost=0.43..8.45 rows=1 width=121)
	  Index Cond: (id = 6957117)

for: simple_ranges
table 1 : explain SELECT c FROM sbtest1 WHERE id BETWEEN 585758 AND 585767
	Index Scan using sbtest1_pkey on sbtest1  (cost=0.43..39.49 rows=10 width=121)
	  Index Cond: ((id >= 585758) AND (id <= 585767))

table 2 : explain SELECT c FROM sbtest2 WHERE id BETWEEN 4167229 AND 4167238
	Index Scan using sbtest2_pkey on sbtest2  (cost=0.43..42.69 rows=11 width=121)
	  Index Cond: ((id >= 4167229) AND (id <= 4167238))

table 3 : explain SELECT c FROM sbtest3 WHERE id BETWEEN 6130206 AND 6130215
	Index Scan using sbtest3_pkey on sbtest3  (cost=0.43..35.74 rows=9 width=121)
	  Index Cond: ((id >= 6130206) AND (id <= 6130215))

table 4 : explain SELECT c FROM sbtest4 WHERE id BETWEEN 1423626 AND 1423635
	Index Scan using sbtest4_pkey on sbtest4  (cost=0.43..35.50 rows=9 width=121)
	  Index Cond: ((id >= 1423626) AND (id <= 1423635))

table 5 : explain SELECT c FROM sbtest5 WHERE id BETWEEN 3860290 AND 3860299
	Index Scan using sbtest5_pkey on sbtest5  (cost=0.43..35.85 rows=9 width=121)
	  Index Cond: ((id >= 3860290) AND (id <= 3860299))

table 6 : explain SELECT c FROM sbtest6 WHERE id BETWEEN 3277577 AND 3277586
	Index Scan using sbtest6_pkey on sbtest6  (cost=0.43..42.86 rows=11 width=121)
	  Index Cond: ((id >= 3277577) AND (id <= 3277586))

table 7 : explain SELECT c FROM sbtest7 WHERE id BETWEEN 6999709 AND 6999718
	Index Scan using sbtest7_pkey on sbtest7  (cost=0.43..39.49 rows=10 width=121)
	  Index Cond: ((id >= 6999709) AND (id <= 6999718))

table 8 : explain SELECT c FROM sbtest8 WHERE id BETWEEN 4924648 AND 4924657
	Index Scan using sbtest8_pkey on sbtest8  (cost=0.43..39.49 rows=10 width=121)
	  Index Cond: ((id >= 4924648) AND (id <= 4924657))

for: distinct_ranges
table 1 : explain SELECT DISTINCT c FROM sbtest1 WHERE id BETWEEN 3893361 AND 3893370 ORDER BY c
	Unique  (cost=39.66..39.71 rows=10 width=121)
	  ->  Sort  (cost=39.66..39.68 rows=10 width=121)
	        Sort Key: c
	        ->  Index Scan using sbtest1_pkey on sbtest1  (cost=0.43..39.49 rows=10 width=121)
	              Index Cond: ((id >= 3893361) AND (id <= 3893370))

table 2 : explain SELECT DISTINCT c FROM sbtest2 WHERE id BETWEEN 5544053 AND 5544062 ORDER BY c
	Unique  (cost=39.44..39.49 rows=10 width=121)
	  ->  Sort  (cost=39.44..39.46 rows=10 width=121)
	        Sort Key: c
	        ->  Index Scan using sbtest2_pkey on sbtest2  (cost=0.43..39.27 rows=10 width=121)
	              Index Cond: ((id >= 5544053) AND (id <= 5544062))

table 3 : explain SELECT DISTINCT c FROM sbtest3 WHERE id BETWEEN 8948627 AND 8948636 ORDER BY c
	Unique  (cost=39.32..39.37 rows=10 width=121)
	  ->  Sort  (cost=39.32..39.35 rows=10 width=121)
	        Sort Key: c
	        ->  Index Scan using sbtest3_pkey on sbtest3  (cost=0.43..39.15 rows=10 width=121)
	              Index Cond: ((id >= 8948627) AND (id <= 8948636))

table 4 : explain SELECT DISTINCT c FROM sbtest4 WHERE id BETWEEN 5758799 AND 5758808 ORDER BY c
	Unique  (cost=39.04..39.09 rows=10 width=121)
	  ->  Sort  (cost=39.04..39.07 rows=10 width=121)
	        Sort Key: c
	        ->  Index Scan using sbtest4_pkey on sbtest4  (cost=0.43..38.88 rows=10 width=121)
	              Index Cond: ((id >= 5758799) AND (id <= 5758808))

table 5 : explain SELECT DISTINCT c FROM sbtest5 WHERE id BETWEEN 7506575 AND 7506584 ORDER BY c
	Unique  (cost=39.45..39.50 rows=10 width=121)
	  ->  Sort  (cost=39.45..39.47 rows=10 width=121)
	        Sort Key: c
	        ->  Index Scan using sbtest5_pkey on sbtest5  (cost=0.43..39.28 rows=10 width=121)
	              Index Cond: ((id >= 7506575) AND (id <= 7506584))

table 6 : explain SELECT DISTINCT c FROM sbtest6 WHERE id BETWEEN 6053955 AND 6053964 ORDER BY c
	Unique  (cost=39.59..39.64 rows=10 width=121)
	  ->  Sort  (cost=39.59..39.61 rows=10 width=121)
	        Sort Key: c
	        ->  Index Scan using sbtest6_pkey on sbtest6  (cost=0.43..39.42 rows=10 width=121)
	              Index Cond: ((id >= 6053955) AND (id <= 6053964))

table 7 : explain SELECT DISTINCT c FROM sbtest7 WHERE id BETWEEN 9327670 AND 9327679 ORDER BY c
	Unique  (cost=39.66..39.71 rows=10 width=121)
	  ->  Sort  (cost=39.66..39.68 rows=10 width=121)
	        Sort Key: c
	        ->  Index Scan using sbtest7_pkey on sbtest7  (cost=0.43..39.49 rows=10 width=121)
	              Index Cond: ((id >= 9327670) AND (id <= 9327679))

table 8 : explain SELECT DISTINCT c FROM sbtest8 WHERE id BETWEEN 8727001 AND 8727010 ORDER BY c
	Unique  (cost=39.66..39.71 rows=10 width=121)
	  ->  Sort  (cost=39.66..39.69 rows=10 width=121)
	        Sort Key: c
	        ->  Index Scan using sbtest8_pkey on sbtest8  (cost=0.43..39.49 rows=10 width=121)
	              Index Cond: ((id >= 8727001) AND (id <= 8727010))

explain: for index_updates :: explain UPDATE sbtest%u SET k=k+1 WHERE id=%u
for index_updates
table 1 : explain UPDATE sbtest1 SET k=k+1 WHERE id=3953275
	Update on sbtest1  (cost=0.43..8.46 rows=0 width=0)
	  ->  Index Scan using sbtest1_pkey on sbtest1  (cost=0.43..8.46 rows=1 width=10)
	        Index Cond: (id = 3953275)

table 2 : explain UPDATE sbtest2 SET k=k+1 WHERE id=3346334
	Update on sbtest2  (cost=0.43..8.46 rows=0 width=0)
	  ->  Index Scan using sbtest2_pkey on sbtest2  (cost=0.43..8.46 rows=1 width=10)
	        Index Cond: (id = 3346334)

table 3 : explain UPDATE sbtest3 SET k=k+1 WHERE id=2983431
	Update on sbtest3  (cost=0.43..8.46 rows=0 width=0)
	  ->  Index Scan using sbtest3_pkey on sbtest3  (cost=0.43..8.46 rows=1 width=10)
	        Index Cond: (id = 2983431)

table 4 : explain UPDATE sbtest4 SET k=k+1 WHERE id=4192534
	Update on sbtest4  (cost=0.43..8.46 rows=0 width=0)
	  ->  Index Scan using sbtest4_pkey on sbtest4  (cost=0.43..8.46 rows=1 width=10)
	        Index Cond: (id = 4192534)

table 5 : explain UPDATE sbtest5 SET k=k+1 WHERE id=2073065
	Update on sbtest5  (cost=0.43..8.46 rows=0 width=0)
	  ->  Index Scan using sbtest5_pkey on sbtest5  (cost=0.43..8.46 rows=1 width=10)
	        Index Cond: (id = 2073065)

table 6 : explain UPDATE sbtest6 SET k=k+1 WHERE id=6270480
	Update on sbtest6  (cost=0.43..8.46 rows=0 width=0)
	  ->  Index Scan using sbtest6_pkey on sbtest6  (cost=0.43..8.46 rows=1 width=10)
	        Index Cond: (id = 6270480)

table 7 : explain UPDATE sbtest7 SET k=k+1 WHERE id=6600922
	Update on sbtest7  (cost=0.43..8.46 rows=0 width=0)
	  ->  Index Scan using sbtest7_pkey on sbtest7  (cost=0.43..8.46 rows=1 width=10)
	        Index Cond: (id = 6600922)

table 8 : explain UPDATE sbtest8 SET k=k+1 WHERE id=3998296
	Update on sbtest8  (cost=0.43..8.46 rows=0 width=0)
	  ->  Index Scan using sbtest8_pkey on sbtest8  (cost=0.43..8.46 rows=1 width=10)
	        Index Cond: (id = 3998296)
for: sum_ranges
table 1 : explain SELECT SUM(k) FROM sbtest1 WHERE id BETWEEN 9779966 AND 9779975
	Aggregate  (cost=39.51..39.52 rows=1 width=8)
	  ->  Index Scan using sbtest1_pkey on sbtest1  (cost=0.43..39.49 rows=10 width=4)
	        Index Cond: ((id >= 9779966) AND (id <= 9779975))

table 2 : explain SELECT SUM(k) FROM sbtest2 WHERE id BETWEEN 9355190 AND 9355199
	Aggregate  (cost=39.29..39.30 rows=1 width=8)
	  ->  Index Scan using sbtest2_pkey on sbtest2  (cost=0.43..39.27 rows=10 width=4)
	        Index Cond: ((id >= 9355190) AND (id <= 9355199))

table 3 : explain SELECT SUM(k) FROM sbtest3 WHERE id BETWEEN 6242967 AND 6242976
	Aggregate  (cost=39.18..39.19 rows=1 width=8)
	  ->  Index Scan using sbtest3_pkey on sbtest3  (cost=0.43..39.15 rows=10 width=4)
	        Index Cond: ((id >= 6242967) AND (id <= 6242976))

table 4 : explain SELECT SUM(k) FROM sbtest4 WHERE id BETWEEN 6798878 AND 6798887
	Aggregate  (cost=38.90..38.91 rows=1 width=8)
	  ->  Index Scan using sbtest4_pkey on sbtest4  (cost=0.43..38.88 rows=10 width=4)
	        Index Cond: ((id >= 6798878) AND (id <= 6798887))

table 5 : explain SELECT SUM(k) FROM sbtest5 WHERE id BETWEEN 863680 AND 863689
	Aggregate  (cost=39.30..39.31 rows=1 width=8)
	  ->  Index Scan using sbtest5_pkey on sbtest5  (cost=0.43..39.28 rows=10 width=4)
	        Index Cond: ((id >= 863680) AND (id <= 863689))

table 6 : explain SELECT SUM(k) FROM sbtest6 WHERE id BETWEEN 1711439 AND 1711448
	Aggregate  (cost=39.45..39.46 rows=1 width=8)
	  ->  Index Scan using sbtest6_pkey on sbtest6  (cost=0.43..39.42 rows=10 width=4)
	        Index Cond: ((id >= 1711439) AND (id <= 1711448))

table 7 : explain SELECT SUM(k) FROM sbtest7 WHERE id BETWEEN 61492 AND 61501
	Aggregate  (cost=39.52..39.53 rows=1 width=8)
	  ->  Index Scan using sbtest7_pkey on sbtest7  (cost=0.43..39.49 rows=10 width=4)
	        Index Cond: ((id >= 61492) AND (id <= 61501))

table 8 : explain SELECT SUM(k) FROM sbtest8 WHERE id BETWEEN 5833876 AND 5833885
	Aggregate  (cost=36.07..36.08 rows=1 width=8)
	  ->  Index Scan using sbtest8_pkey on sbtest8  (cost=0.43..36.05 rows=9 width=4)
	        Index Cond: ((id >= 5833876) AND (id <= 5833885))


for: distinct_ranges
table 1 : explain SELECT DISTINCT c FROM sbtest1 WHERE id BETWEEN 2216424 AND 2216433 ORDER BY c
	Unique  (cost=43.13..43.18 rows=11 width=121)
	  ->  Sort  (cost=43.13..43.16 rows=11 width=121)
	        Sort Key: c
	        ->  Index Scan using sbtest1_pkey on sbtest1  (cost=0.43..42.94 rows=11 width=121)
	              Index Cond: ((id >= 2216424) AND (id <= 2216433))

table 2 : explain SELECT DISTINCT c FROM sbtest2 WHERE id BETWEEN 1109550 AND 1109559 ORDER BY c
	Unique  (cost=39.44..39.49 rows=10 width=121)
	  ->  Sort  (cost=39.44..39.46 rows=10 width=121)
	        Sort Key: c
	        ->  Index Scan using sbtest2_pkey on sbtest2  (cost=0.43..39.27 rows=10 width=121)
	              Index Cond: ((id >= 1109550) AND (id <= 1109559))

table 3 : explain SELECT DISTINCT c FROM sbtest3 WHERE id BETWEEN 9831108 AND 9831117 ORDER BY c
	Unique  (cost=39.32..39.37 rows=10 width=121)
	  ->  Sort  (cost=39.32..39.35 rows=10 width=121)
	        Sort Key: c
	        ->  Index Scan using sbtest3_pkey on sbtest3  (cost=0.43..39.15 rows=10 width=121)
	              Index Cond: ((id >= 9831108) AND (id <= 9831117))

table 4 : explain SELECT DISTINCT c FROM sbtest4 WHERE id BETWEEN 3607601 AND 3607610 ORDER BY c
	Unique  (cost=39.04..39.09 rows=10 width=121)
	  ->  Sort  (cost=39.04..39.07 rows=10 width=121)
	        Sort Key: c
	        ->  Index Scan using sbtest4_pkey on sbtest4  (cost=0.43..38.88 rows=10 width=121)
	              Index Cond: ((id >= 3607601) AND (id <= 3607610))

table 5 : explain SELECT DISTINCT c FROM sbtest5 WHERE id BETWEEN 6167910 AND 6167919 ORDER BY c
	Unique  (cost=39.45..39.50 rows=10 width=121)
	  ->  Sort  (cost=39.45..39.47 rows=10 width=121)
	        Sort Key: c
	        ->  Index Scan using sbtest5_pkey on sbtest5  (cost=0.43..39.28 rows=10 width=121)
	              Index Cond: ((id >= 6167910) AND (id <= 6167919))

table 6 : explain SELECT DISTINCT c FROM sbtest6 WHERE id BETWEEN 8403786 AND 8403795 ORDER BY c
	Unique  (cost=36.12..36.17 rows=9 width=121)
	  ->  Sort  (cost=36.12..36.15 rows=9 width=121)
	        Sort Key: c
	        ->  Index Scan using sbtest6_pkey on sbtest6  (cost=0.43..35.98 rows=9 width=121)
	              Index Cond: ((id >= 8403786) AND (id <= 8403795))

table 7 : explain SELECT DISTINCT c FROM sbtest7 WHERE id BETWEEN 5712134 AND 5712143 ORDER BY c
	Unique  (cost=36.19..36.23 rows=9 width=121)
	  ->  Sort  (cost=36.19..36.21 rows=9 width=121)
	        Sort Key: c
	        ->  Index Scan using sbtest7_pkey on sbtest7  (cost=0.43..36.04 rows=9 width=121)
	              Index Cond: ((id >= 5712134) AND (id <= 5712143))

table 8 : explain SELECT DISTINCT c FROM sbtest8 WHERE id BETWEEN 9975346 AND 9975355 ORDER BY c
	Unique  (cost=39.66..39.71 rows=10 width=121)
	  ->  Sort  (cost=39.66..39.69 rows=10 width=121)
	        Sort Key: c
	        ->  Index Scan using sbtest8_pkey on sbtest8  (cost=0.43..39.49 rows=10 width=121)
	              Index Cond: ((id >= 9975346) AND (id <= 9975355))

for non_index_updates
table 1 : explain UPDATE sbtest1 SET c='foobar' WHERE id=2862444
	Update on sbtest1  (cost=0.43..8.45 rows=0 width=0)
	  ->  Index Scan using sbtest1_pkey on sbtest1  (cost=0.43..8.45 rows=1 width=490)
	        Index Cond: (id = 2862444)

table 2 : explain UPDATE sbtest2 SET c='foobar' WHERE id=1259764
	Update on sbtest2  (cost=0.43..8.45 rows=0 width=0)
	  ->  Index Scan using sbtest2_pkey on sbtest2  (cost=0.43..8.45 rows=1 width=490)
	        Index Cond: (id = 1259764)

table 3 : explain UPDATE sbtest3 SET c='foobar' WHERE id=7804203
	Update on sbtest3  (cost=0.43..8.45 rows=0 width=0)
	  ->  Index Scan using sbtest3_pkey on sbtest3  (cost=0.43..8.45 rows=1 width=490)
	        Index Cond: (id = 7804203)

table 4 : explain UPDATE sbtest4 SET c='foobar' WHERE id=3132997
	Update on sbtest4  (cost=0.43..8.45 rows=0 width=0)
	  ->  Index Scan using sbtest4_pkey on sbtest4  (cost=0.43..8.45 rows=1 width=490)
	        Index Cond: (id = 3132997)

table 5 : explain UPDATE sbtest5 SET c='foobar' WHERE id=6139637
	Update on sbtest5  (cost=0.43..8.45 rows=0 width=0)
	  ->  Index Scan using sbtest5_pkey on sbtest5  (cost=0.43..8.45 rows=1 width=490)
	        Index Cond: (id = 6139637)

table 6 : explain UPDATE sbtest6 SET c='foobar' WHERE id=5845593
	Update on sbtest6  (cost=0.43..8.45 rows=0 width=0)
	  ->  Index Scan using sbtest6_pkey on sbtest6  (cost=0.43..8.45 rows=1 width=490)
	        Index Cond: (id = 5845593)

table 7 : explain UPDATE sbtest7 SET c='foobar' WHERE id=6784444
	Update on sbtest7  (cost=0.43..8.45 rows=0 width=0)
	  ->  Index Scan using sbtest7_pkey on sbtest7  (cost=0.43..8.45 rows=1 width=490)
	        Index Cond: (id = 6784444)

table 8 : explain UPDATE sbtest8 SET c='foobar' WHERE id=7792334
	Update on sbtest8  (cost=0.43..8.45 rows=0 width=0)
	  ->  Index Scan using sbtest8_pkey on sbtest8  (cost=0.43..8.45 rows=1 width=490)
	        Index Cond: (id = 7792334)

for: sum_ranges
table 1 : explain SELECT SUM(k) FROM sbtest1 WHERE id BETWEEN 7564401 AND 7564410
	Aggregate  (cost=39.51..39.52 rows=1 width=8)
	  ->  Index Scan using sbtest1_pkey on sbtest1  (cost=0.43..39.49 rows=10 width=4)
	        Index Cond: ((id >= 7564401) AND (id <= 7564410))

table 2 : explain SELECT SUM(k) FROM sbtest2 WHERE id BETWEEN 9507674 AND 9507683
	Aggregate  (cost=42.72..42.73 rows=1 width=8)
	  ->  Index Scan using sbtest2_pkey on sbtest2  (cost=0.43..42.69 rows=11 width=4)
	        Index Cond: ((id >= 9507674) AND (id <= 9507683))

table 3 : explain SELECT SUM(k) FROM sbtest3 WHERE id BETWEEN 7403469 AND 7403478
	Aggregate  (cost=39.18..39.19 rows=1 width=8)
	  ->  Index Scan using sbtest3_pkey on sbtest3  (cost=0.43..39.15 rows=10 width=4)
	        Index Cond: ((id >= 7403469) AND (id <= 7403478))

table 4 : explain SELECT SUM(k) FROM sbtest4 WHERE id BETWEEN 4296379 AND 4296388
	Aggregate  (cost=38.90..38.91 rows=1 width=8)
	  ->  Index Scan using sbtest4_pkey on sbtest4  (cost=0.43..38.88 rows=10 width=4)
	        Index Cond: ((id >= 4296379) AND (id <= 4296388))

table 5 : explain SELECT SUM(k) FROM sbtest5 WHERE id BETWEEN 5150902 AND 5150911
	Aggregate  (cost=39.30..39.31 rows=1 width=8)
	  ->  Index Scan using sbtest5_pkey on sbtest5  (cost=0.43..39.28 rows=10 width=4)
	        Index Cond: ((id >= 5150902) AND (id <= 5150911))

table 6 : explain SELECT SUM(k) FROM sbtest6 WHERE id BETWEEN 9399793 AND 9399802
	Aggregate  (cost=36.00..36.01 rows=1 width=8)
	  ->  Index Scan using sbtest6_pkey on sbtest6  (cost=0.43..35.98 rows=9 width=4)
	        Index Cond: ((id >= 9399793) AND (id <= 9399802))

table 7 : explain SELECT SUM(k) FROM sbtest7 WHERE id BETWEEN 4291216 AND 4291225
	Aggregate  (cost=36.07..36.08 rows=1 width=8)
	  ->  Index Scan using sbtest7_pkey on sbtest7  (cost=0.43..36.04 rows=9 width=4)
	        Index Cond: ((id >= 4291216) AND (id <= 4291225))

table 8 : explain SELECT SUM(k) FROM sbtest8 WHERE id BETWEEN 4944230 AND 4944239
	Aggregate  (cost=39.52..39.53 rows=1 width=8)
	  ->  Index Scan using sbtest8_pkey on sbtest8  (cost=0.43..39.49 rows=10 width=4)
	        Index Cond: ((id >= 4944230) AND (id <= 4944239))

explain: for non_index_updates :: explain UPDATE sbtest%u SET c='foobar' WHERE id=%u
explain: for deletes :: explain DELETE FROM sbtest%u WHERE id=%u
for: simple_ranges
table 1 : explain SELECT c FROM sbtest1 WHERE id BETWEEN 6852782 AND 6852791
	Index Scan using sbtest1_pkey on sbtest1  (cost=0.43..39.49 rows=10 width=121)
	  Index Cond: ((id >= 6852782) AND (id <= 6852791))

table 2 : explain SELECT c FROM sbtest2 WHERE id BETWEEN 3310693 AND 3310702
	Index Scan using sbtest2_pkey on sbtest2  (cost=0.43..35.85 rows=9 width=121)
	  Index Cond: ((id >= 3310693) AND (id <= 3310702))

table 3 : explain SELECT c FROM sbtest3 WHERE id BETWEEN 8035544 AND 8035553
	Index Scan using sbtest3_pkey on sbtest3  (cost=0.43..39.15 rows=10 width=121)
	  Index Cond: ((id >= 8035544) AND (id <= 8035553))

table 4 : explain SELECT c FROM sbtest4 WHERE id BETWEEN 8000626 AND 8000635
	Index Scan using sbtest4_pkey on sbtest4  (cost=0.43..42.26 rows=11 width=121)
	  Index Cond: ((id >= 8000626) AND (id <= 8000635))

table 5 : explain SELECT c FROM sbtest5 WHERE id BETWEEN 2190488 AND 2190497
	Index Scan using sbtest5_pkey on sbtest5  (cost=0.43..39.28 rows=10 width=121)
	  Index Cond: ((id >= 2190488) AND (id <= 2190497))

table 6 : explain SELECT c FROM sbtest6 WHERE id BETWEEN 9091751 AND 9091760
	Index Scan using sbtest6_pkey on sbtest6  (cost=0.43..39.42 rows=10 width=121)
	  Index Cond: ((id >= 9091751) AND (id <= 9091760))

table 7 : explain SELECT c FROM sbtest7 WHERE id BETWEEN 5926384 AND 5926393
	Index Scan using sbtest7_pkey on sbtest7  (cost=0.43..39.49 rows=10 width=121)
	  Index Cond: ((id >= 5926384) AND (id <= 5926393))

table 8 : explain SELECT c FROM sbtest8 WHERE id BETWEEN 5909332 AND 5909341
	Index Scan using sbtest8_pkey on sbtest8  (cost=0.43..36.05 rows=9 width=121)
	  Index Cond: ((id >= 5909332) AND (id <= 5909341))

for index_updates
table 1 : explain UPDATE sbtest1 SET k=k+1 WHERE id=5564574
	Update on sbtest1  (cost=0.43..8.46 rows=0 width=0)
	  ->  Index Scan using sbtest1_pkey on sbtest1  (cost=0.43..8.46 rows=1 width=10)
	        Index Cond: (id = 5564574)

table 2 : explain UPDATE sbtest2 SET k=k+1 WHERE id=697657
	Update on sbtest2  (cost=0.43..8.46 rows=0 width=0)
	  ->  Index Scan using sbtest2_pkey on sbtest2  (cost=0.43..8.46 rows=1 width=10)
	        Index Cond: (id = 697657)

table 3 : explain UPDATE sbtest3 SET k=k+1 WHERE id=8393516
	Update on sbtest3  (cost=0.43..8.46 rows=0 width=0)
	  ->  Index Scan using sbtest3_pkey on sbtest3  (cost=0.43..8.46 rows=1 width=10)
	        Index Cond: (id = 8393516)

table 4 : explain UPDATE sbtest4 SET k=k+1 WHERE id=708246
	Update on sbtest4  (cost=0.43..8.46 rows=0 width=0)
	  ->  Index Scan using sbtest4_pkey on sbtest4  (cost=0.43..8.46 rows=1 width=10)
	        Index Cond: (id = 708246)

table 5 : explain UPDATE sbtest5 SET k=k+1 WHERE id=4761683
	Update on sbtest5  (cost=0.43..8.46 rows=0 width=0)
	  ->  Index Scan using sbtest5_pkey on sbtest5  (cost=0.43..8.46 rows=1 width=10)
	        Index Cond: (id = 4761683)

table 6 : explain UPDATE sbtest6 SET k=k+1 WHERE id=2356798
	Update on sbtest6  (cost=0.43..8.46 rows=0 width=0)
	  ->  Index Scan using sbtest6_pkey on sbtest6  (cost=0.43..8.46 rows=1 width=10)
	        Index Cond: (id = 2356798)

table 7 : explain UPDATE sbtest7 SET k=k+1 WHERE id=4268903
	Update on sbtest7  (cost=0.43..8.46 rows=0 width=0)
	  ->  Index Scan using sbtest7_pkey on sbtest7  (cost=0.43..8.46 rows=1 width=10)
	        Index Cond: (id = 4268903)

table 8 : explain UPDATE sbtest8 SET k=k+1 WHERE id=9889081
	Update on sbtest8  (cost=0.43..8.46 rows=0 width=0)
	  ->  Index Scan using sbtest8_pkey on sbtest8  (cost=0.43..8.46 rows=1 width=10)
	        Index Cond: (id = 9889081)

explain: for index_updates :: explain UPDATE sbtest%u SET k=k+1 WHERE id=%u
for: sum_ranges
table 1 : explain SELECT SUM(k) FROM sbtest1 WHERE id BETWEEN 2084921 AND 2084930
	Aggregate  (cost=39.51..39.52 rows=1 width=8)
	  ->  Index Scan using sbtest1_pkey on sbtest1  (cost=0.43..39.49 rows=10 width=4)
	        Index Cond: ((id >= 2084921) AND (id <= 2084930))

table 2 : explain SELECT SUM(k) FROM sbtest2 WHERE id BETWEEN 2676587 AND 2676596
	Aggregate  (cost=42.72..42.73 rows=1 width=8)
	  ->  Index Scan using sbtest2_pkey on sbtest2  (cost=0.43..42.69 rows=11 width=4)
	        Index Cond: ((id >= 2676587) AND (id <= 2676596))

table 3 : explain SELECT SUM(k) FROM sbtest3 WHERE id BETWEEN 4296820 AND 4296829
	Aggregate  (cost=39.18..39.19 rows=1 width=8)
	  ->  Index Scan using sbtest3_pkey on sbtest3  (cost=0.43..39.15 rows=10 width=4)
	        Index Cond: ((id >= 4296820) AND (id <= 4296829))

table 4 : explain SELECT SUM(k) FROM sbtest4 WHERE id BETWEEN 6427696 AND 6427705
	Aggregate  (cost=38.90..38.91 rows=1 width=8)
	  ->  Index Scan using sbtest4_pkey on sbtest4  (cost=0.43..38.88 rows=10 width=4)
	        Index Cond: ((id >= 6427696) AND (id <= 6427705))

table 5 : explain SELECT SUM(k) FROM sbtest5 WHERE id BETWEEN 4837414 AND 4837423
	Aggregate  (cost=39.30..39.31 rows=1 width=8)
	  ->  Index Scan using sbtest5_pkey on sbtest5  (cost=0.43..39.28 rows=10 width=4)
	        Index Cond: ((id >= 4837414) AND (id <= 4837423))

table 6 : explain SELECT SUM(k) FROM sbtest6 WHERE id BETWEEN 2155375 AND 2155384
	Aggregate  (cost=39.45..39.46 rows=1 width=8)
	  ->  Index Scan using sbtest6_pkey on sbtest6  (cost=0.43..39.42 rows=10 width=4)
	        Index Cond: ((id >= 2155375) AND (id <= 2155384))

table 7 : explain SELECT SUM(k) FROM sbtest7 WHERE id BETWEEN 5510272 AND 5510281
	Aggregate  (cost=39.52..39.53 rows=1 width=8)
	  ->  Index Scan using sbtest7_pkey on sbtest7  (cost=0.43..39.49 rows=10 width=4)
	        Index Cond: ((id >= 5510272) AND (id <= 5510281))

table 8 : explain SELECT SUM(k) FROM sbtest8 WHERE id BETWEEN 4165888 AND 4165897
	Aggregate  (cost=39.52..39.53 rows=1 width=8)
	  ->  Index Scan using sbtest8_pkey on sbtest8  (cost=0.43..39.49 rows=10 width=4)
	        Index Cond: ((id >= 4165888) AND (id <= 4165897))

explain: for point_selects :: explain SELECT c FROM sbtest%u WHERE id=%u
for non_index_updates
table 1 : explain UPDATE sbtest1 SET c='foobar' WHERE id=9833383
	Update on sbtest1  (cost=0.43..8.45 rows=0 width=0)
	  ->  Index Scan using sbtest1_pkey on sbtest1  (cost=0.43..8.45 rows=1 width=490)
	        Index Cond: (id = 9833383)

table 2 : explain UPDATE sbtest2 SET c='foobar' WHERE id=5965741
	Update on sbtest2  (cost=0.43..8.45 rows=0 width=0)
	  ->  Index Scan using sbtest2_pkey on sbtest2  (cost=0.43..8.45 rows=1 width=490)
	        Index Cond: (id = 5965741)

table 3 : explain UPDATE sbtest3 SET c='foobar' WHERE id=1008253
	Update on sbtest3  (cost=0.43..8.45 rows=0 width=0)
	  ->  Index Scan using sbtest3_pkey on sbtest3  (cost=0.43..8.45 rows=1 width=490)
	        Index Cond: (id = 1008253)

table 4 : explain UPDATE sbtest4 SET c='foobar' WHERE id=1016196
	Update on sbtest4  (cost=0.43..8.45 rows=0 width=0)
	  ->  Index Scan using sbtest4_pkey on sbtest4  (cost=0.43..8.45 rows=1 width=490)
	        Index Cond: (id = 1016196)

table 5 : explain UPDATE sbtest5 SET c='foobar' WHERE id=8642701
	Update on sbtest5  (cost=0.43..8.45 rows=0 width=0)
	  ->  Index Scan using sbtest5_pkey on sbtest5  (cost=0.43..8.45 rows=1 width=490)
	        Index Cond: (id = 8642701)

table 6 : explain UPDATE sbtest6 SET c='foobar' WHERE id=6914054
	Update on sbtest6  (cost=0.43..8.45 rows=0 width=0)
	  ->  Index Scan using sbtest6_pkey on sbtest6  (cost=0.43..8.45 rows=1 width=490)
	        Index Cond: (id = 6914054)

table 7 : explain UPDATE sbtest7 SET c='foobar' WHERE id=879438
	Update on sbtest7  (cost=0.43..8.45 rows=0 width=0)
	  ->  Index Scan using sbtest7_pkey on sbtest7  (cost=0.43..8.45 rows=1 width=490)
	        Index Cond: (id = 879438)

table 8 : explain UPDATE sbtest8 SET c='foobar' WHERE id=6958413
	Update on sbtest8  (cost=0.43..8.45 rows=0 width=0)
	  ->  Index Scan using sbtest8_pkey on sbtest8  (cost=0.43..8.45 rows=1 width=490)
	        Index Cond: (id = 6958413)

for: order_ranges
table 1 : explain SELECT c FROM sbtest1 WHERE id BETWEEN 2292781 AND 2292790 ORDER BY c
	Sort  (cost=39.66..39.68 rows=10 width=121)
	  Sort Key: c
	  ->  Index Scan using sbtest1_pkey on sbtest1  (cost=0.43..39.49 rows=10 width=121)
	        Index Cond: ((id >= 2292781) AND (id <= 2292790))

table 2 : explain SELECT c FROM sbtest2 WHERE id BETWEEN 8266913 AND 8266922 ORDER BY c
	Sort  (cost=39.44..39.46 rows=10 width=121)
	  Sort Key: c
	  ->  Index Scan using sbtest2_pkey on sbtest2  (cost=0.43..39.27 rows=10 width=121)
	        Index Cond: ((id >= 8266913) AND (id <= 8266922))

table 3 : explain SELECT c FROM sbtest3 WHERE id BETWEEN 3241009 AND 3241018 ORDER BY c
	Sort  (cost=42.76..42.78 rows=11 width=121)
	  Sort Key: c
	  ->  Index Scan using sbtest3_pkey on sbtest3  (cost=0.43..42.57 rows=11 width=121)
	        Index Cond: ((id >= 3241009) AND (id <= 3241018))

table 4 : explain SELECT c FROM sbtest4 WHERE id BETWEEN 1907978 AND 1907987 ORDER BY c
	Sort  (cost=39.04..39.07 rows=10 width=121)
	  Sort Key: c
	  ->  Index Scan using sbtest4_pkey on sbtest4  (cost=0.43..38.88 rows=10 width=121)
	        Index Cond: ((id >= 1907978) AND (id <= 1907987))

table 5 : explain SELECT c FROM sbtest5 WHERE id BETWEEN 5134827 AND 5134836 ORDER BY c
	Sort  (cost=39.45..39.47 rows=10 width=121)
	  Sort Key: c
	  ->  Index Scan using sbtest5_pkey on sbtest5  (cost=0.43..39.28 rows=10 width=121)
	        Index Cond: ((id >= 5134827) AND (id <= 5134836))

table 6 : explain SELECT c FROM sbtest6 WHERE id BETWEEN 9608288 AND 9608297 ORDER BY c
	Sort  (cost=36.12..36.15 rows=9 width=121)
	  Sort Key: c
	  ->  Index Scan using sbtest6_pkey on sbtest6  (cost=0.43..35.98 rows=9 width=121)
	        Index Cond: ((id >= 9608288) AND (id <= 9608297))

table 7 : explain SELECT c FROM sbtest7 WHERE id BETWEEN 1662098 AND 1662107 ORDER BY c
	Sort  (cost=39.66..39.68 rows=10 width=121)
	  Sort Key: c
	  ->  Index Scan using sbtest7_pkey on sbtest7  (cost=0.43..39.49 rows=10 width=121)
	        Index Cond: ((id >= 1662098) AND (id <= 1662107))

table 8 : explain SELECT c FROM sbtest8 WHERE id BETWEEN 333638 AND 333647 ORDER BY c
	Sort  (cost=39.66..39.69 rows=10 width=121)
	  Sort Key: c
	  ->  Index Scan using sbtest8_pkey on sbtest8  (cost=0.43..39.49 rows=10 width=121)
	        Index Cond: ((id >= 333638) AND (id <= 333647))

explain: for deletes :: explain DELETE FROM sbtest%u WHERE id=%u
explain: for point_selects :: explain SELECT c FROM sbtest%u WHERE id=%u
for: order_ranges
table 1 : explain SELECT c FROM sbtest1 WHERE id BETWEEN 6767797 AND 6767806 ORDER BY c
	Sort  (cost=39.66..39.68 rows=10 width=121)
	  Sort Key: c
	  ->  Index Scan using sbtest1_pkey on sbtest1  (cost=0.43..39.49 rows=10 width=121)
	        Index Cond: ((id >= 6767797) AND (id <= 6767806))

table 2 : explain SELECT c FROM sbtest2 WHERE id BETWEEN 2704885 AND 2704894 ORDER BY c
	Sort  (cost=42.88..42.91 rows=11 width=121)
	  Sort Key: c
	  ->  Index Scan using sbtest2_pkey on sbtest2  (cost=0.43..42.69 rows=11 width=121)
	        Index Cond: ((id >= 2704885) AND (id <= 2704894))

table 3 : explain SELECT c FROM sbtest3 WHERE id BETWEEN 239877 AND 239886 ORDER BY c
	Sort  (cost=39.32..39.35 rows=10 width=121)
	  Sort Key: c
	  ->  Index Scan using sbtest3_pkey on sbtest3  (cost=0.43..39.15 rows=10 width=121)
	        Index Cond: ((id >= 239877) AND (id <= 239886))

table 4 : explain SELECT c FROM sbtest4 WHERE id BETWEEN 169053 AND 169062 ORDER BY c
	Sort  (cost=39.04..39.07 rows=10 width=121)
	  Sort Key: c
	  ->  Index Scan using sbtest4_pkey on sbtest4  (cost=0.43..38.88 rows=10 width=121)
	        Index Cond: ((id >= 169053) AND (id <= 169062))

table 5 : explain SELECT c FROM sbtest5 WHERE id BETWEEN 7818523 AND 7818532 ORDER BY c
	Sort  (cost=42.89..42.92 rows=11 width=121)
	  Sort Key: c
	  ->  Index Scan using sbtest5_pkey on sbtest5  (cost=0.43..42.70 rows=11 width=121)
	        Index Cond: ((id >= 7818523) AND (id <= 7818532))

table 6 : explain SELECT c FROM sbtest6 WHERE id BETWEEN 3300648 AND 3300657 ORDER BY c
	Sort  (cost=43.05..43.08 rows=11 width=121)
	  Sort Key: c
	  ->  Index Scan using sbtest6_pkey on sbtest6  (cost=0.43..42.86 rows=11 width=121)
	        Index Cond: ((id >= 3300648) AND (id <= 3300657))

table 7 : explain SELECT c FROM sbtest7 WHERE id BETWEEN 6590548 AND 6590557 ORDER BY c
	Sort  (cost=39.66..39.68 rows=10 width=121)
	  Sort Key: c
	  ->  Index Scan using sbtest7_pkey on sbtest7  (cost=0.43..39.49 rows=10 width=121)
	        Index Cond: ((id >= 6590548) AND (id <= 6590557))

table 8 : explain SELECT c FROM sbtest8 WHERE id BETWEEN 3558558 AND 3558567 ORDER BY c
	Sort  (cost=39.66..39.69 rows=10 width=121)
	  Sort Key: c
	  ->  Index Scan using sbtest8_pkey on sbtest8  (cost=0.43..39.49 rows=10 width=121)
	        Index Cond: ((id >= 3558558) AND (id <= 3558567))

for deletes
table 1 : explain DELETE FROM sbtest1 WHERE id=2712280
	Delete on sbtest1  (cost=0.43..8.45 rows=0 width=0)
	  ->  Index Scan using sbtest1_pkey on sbtest1  (cost=0.43..8.45 rows=1 width=6)
	        Index Cond: (id = 2712280)

table 2 : explain DELETE FROM sbtest2 WHERE id=854574
	Delete on sbtest2  (cost=0.43..8.45 rows=0 width=0)
	  ->  Index Scan using sbtest2_pkey on sbtest2  (cost=0.43..8.45 rows=1 width=6)
	        Index Cond: (id = 854574)

table 3 : explain DELETE FROM sbtest3 WHERE id=5769574
	Delete on sbtest3  (cost=0.43..8.45 rows=0 width=0)
	  ->  Index Scan using sbtest3_pkey on sbtest3  (cost=0.43..8.45 rows=1 width=6)
	        Index Cond: (id = 5769574)

table 4 : explain DELETE FROM sbtest4 WHERE id=8721236
	Delete on sbtest4  (cost=0.43..8.45 rows=0 width=0)
	  ->  Index Scan using sbtest4_pkey on sbtest4  (cost=0.43..8.45 rows=1 width=6)
	        Index Cond: (id = 8721236)

table 5 : explain DELETE FROM sbtest5 WHERE id=406593
	Delete on sbtest5  (cost=0.43..8.45 rows=0 width=0)
	  ->  Index Scan using sbtest5_pkey on sbtest5  (cost=0.43..8.45 rows=1 width=6)
	        Index Cond: (id = 406593)

table 6 : explain DELETE FROM sbtest6 WHERE id=4648302
	Delete on sbtest6  (cost=0.43..8.45 rows=0 width=0)
	  ->  Index Scan using sbtest6_pkey on sbtest6  (cost=0.43..8.45 rows=1 width=6)
	        Index Cond: (id = 4648302)

table 7 : explain DELETE FROM sbtest7 WHERE id=8695798
	Delete on sbtest7  (cost=0.43..8.45 rows=0 width=0)
	  ->  Index Scan using sbtest7_pkey on sbtest7  (cost=0.43..8.45 rows=1 width=6)
	        Index Cond: (id = 8695798)

table 8 : explain DELETE FROM sbtest8 WHERE id=1522914
	Delete on sbtest8  (cost=0.43..8.45 rows=0 width=0)
	  ->  Index Scan using sbtest8_pkey on sbtest8  (cost=0.43..8.45 rows=1 width=6)
	        Index Cond: (id = 1522914)

for: sum_ranges
table 1 : explain SELECT SUM(k) FROM sbtest1 WHERE id BETWEEN 1148047 AND 1148056
	Aggregate  (cost=39.51..39.52 rows=1 width=8)
	  ->  Index Scan using sbtest1_pkey on sbtest1  (cost=0.43..39.49 rows=10 width=4)
	        Index Cond: ((id >= 1148047) AND (id <= 1148056))

table 2 : explain SELECT SUM(k) FROM sbtest2 WHERE id BETWEEN 6722287 AND 6722296
	Aggregate  (cost=39.29..39.30 rows=1 width=8)
	  ->  Index Scan using sbtest2_pkey on sbtest2  (cost=0.43..39.27 rows=10 width=4)
	        Index Cond: ((id >= 6722287) AND (id <= 6722296))

table 3 : explain SELECT SUM(k) FROM sbtest3 WHERE id BETWEEN 8549733 AND 8549742
	Aggregate  (cost=42.59..42.60 rows=1 width=8)
	  ->  Index Scan using sbtest3_pkey on sbtest3  (cost=0.43..42.57 rows=11 width=4)
	        Index Cond: ((id >= 8549733) AND (id <= 8549742))

table 4 : explain SELECT SUM(k) FROM sbtest4 WHERE id BETWEEN 178663 AND 178672
	Aggregate  (cost=38.90..38.91 rows=1 width=8)
	  ->  Index Scan using sbtest4_pkey on sbtest4  (cost=0.43..38.88 rows=10 width=4)
	        Index Cond: ((id >= 178663) AND (id <= 178672))

table 5 : explain SELECT SUM(k) FROM sbtest5 WHERE id BETWEEN 8439676 AND 8439685
	Aggregate  (cost=35.88..35.89 rows=1 width=8)
	  ->  Index Scan using sbtest5_pkey on sbtest5  (cost=0.43..35.85 rows=9 width=4)
	        Index Cond: ((id >= 8439676) AND (id <= 8439685))

table 6 : explain SELECT SUM(k) FROM sbtest6 WHERE id BETWEEN 1545432 AND 1545441
	Aggregate  (cost=39.45..39.46 rows=1 width=8)
	  ->  Index Scan using sbtest6_pkey on sbtest6  (cost=0.43..39.42 rows=10 width=4)
	        Index Cond: ((id >= 1545432) AND (id <= 1545441))

table 7 : explain SELECT SUM(k) FROM sbtest7 WHERE id BETWEEN 8281911 AND 8281920
	Aggregate  (cost=39.52..39.53 rows=1 width=8)
	  ->  Index Scan using sbtest7_pkey on sbtest7  (cost=0.43..39.49 rows=10 width=4)
	        Index Cond: ((id >= 8281911) AND (id <= 8281920))

table 8 : explain SELECT SUM(k) FROM sbtest8 WHERE id BETWEEN 3104389 AND 3104398
	Aggregate  (cost=39.52..39.53 rows=1 width=8)
	  ->  Index Scan using sbtest8_pkey on sbtest8  (cost=0.43..39.49 rows=10 width=4)
	        Index Cond: ((id >= 3104389) AND (id <= 3104398))

for: order_ranges
table 1 : explain SELECT c FROM sbtest1 WHERE id BETWEEN 4357228 AND 4357237 ORDER BY c
	Sort  (cost=39.66..39.68 rows=10 width=121)
	  Sort Key: c
	  ->  Index Scan using sbtest1_pkey on sbtest1  (cost=0.43..39.49 rows=10 width=121)
	        Index Cond: ((id >= 4357228) AND (id <= 4357237))

table 2 : explain SELECT c FROM sbtest2 WHERE id BETWEEN 4540042 AND 4540051 ORDER BY c
	Sort  (cost=39.44..39.46 rows=10 width=121)
	  Sort Key: c
	  ->  Index Scan using sbtest2_pkey on sbtest2  (cost=0.43..39.27 rows=10 width=121)
	        Index Cond: ((id >= 4540042) AND (id <= 4540051))

table 3 : explain SELECT c FROM sbtest3 WHERE id BETWEEN 3631356 AND 3631365 ORDER BY c
	Sort  (cost=39.32..39.35 rows=10 width=121)
	  Sort Key: c
	  ->  Index Scan using sbtest3_pkey on sbtest3  (cost=0.43..39.15 rows=10 width=121)
	        Index Cond: ((id >= 3631356) AND (id <= 3631365))

table 4 : explain SELECT c FROM sbtest4 WHERE id BETWEEN 1735773 AND 1735782 ORDER BY c
	Sort  (cost=39.04..39.07 rows=10 width=121)
	  Sort Key: c
	  ->  Index Scan using sbtest4_pkey on sbtest4  (cost=0.43..38.88 rows=10 width=121)
	        Index Cond: ((id >= 1735773) AND (id <= 1735782))

table 5 : explain SELECT c FROM sbtest5 WHERE id BETWEEN 6061906 AND 6061915 ORDER BY c
	Sort  (cost=39.45..39.47 rows=10 width=121)
	  Sort Key: c
	  ->  Index Scan using sbtest5_pkey on sbtest5  (cost=0.43..39.28 rows=10 width=121)
	        Index Cond: ((id >= 6061906) AND (id <= 6061915))

table 6 : explain SELECT c FROM sbtest6 WHERE id BETWEEN 1354064 AND 1354073 ORDER BY c
	Sort  (cost=39.59..39.61 rows=10 width=121)
	  Sort Key: c
	  ->  Index Scan using sbtest6_pkey on sbtest6  (cost=0.43..39.42 rows=10 width=121)
	        Index Cond: ((id >= 1354064) AND (id <= 1354073))

table 7 : explain SELECT c FROM sbtest7 WHERE id BETWEEN 9643556 AND 9643565 ORDER BY c
	Sort  (cost=39.66..39.68 rows=10 width=121)
	  Sort Key: c
	  ->  Index Scan using sbtest7_pkey on sbtest7  (cost=0.43..39.49 rows=10 width=121)
	        Index Cond: ((id >= 9643556) AND (id <= 9643565))

table 8 : explain SELECT c FROM sbtest8 WHERE id BETWEEN 9274685 AND 9274694 ORDER BY c
	Sort  (cost=36.19..36.21 rows=9 width=121)
	  Sort Key: c
	  ->  Index Scan using sbtest8_pkey on sbtest8  (cost=0.43..36.05 rows=9 width=121)
	        Index Cond: ((id >= 9274685) AND (id <= 9274694))

for index_updates
table 1 : explain UPDATE sbtest1 SET k=k+1 WHERE id=3190455
	Update on sbtest1  (cost=0.43..8.46 rows=0 width=0)
	  ->  Index Scan using sbtest1_pkey on sbtest1  (cost=0.43..8.46 rows=1 width=10)
	        Index Cond: (id = 3190455)

table 2 : explain UPDATE sbtest2 SET k=k+1 WHERE id=3856308
	Update on sbtest2  (cost=0.43..8.46 rows=0 width=0)
	  ->  Index Scan using sbtest2_pkey on sbtest2  (cost=0.43..8.46 rows=1 width=10)
	        Index Cond: (id = 3856308)

table 3 : explain UPDATE sbtest3 SET k=k+1 WHERE id=6014000
	Update on sbtest3  (cost=0.43..8.46 rows=0 width=0)
	  ->  Index Scan using sbtest3_pkey on sbtest3  (cost=0.43..8.46 rows=1 width=10)
	        Index Cond: (id = 6014000)

table 4 : explain UPDATE sbtest4 SET k=k+1 WHERE id=5474916
	Update on sbtest4  (cost=0.43..8.46 rows=0 width=0)
	  ->  Index Scan using sbtest4_pkey on sbtest4  (cost=0.43..8.46 rows=1 width=10)
	        Index Cond: (id = 5474916)

table 5 : explain UPDATE sbtest5 SET k=k+1 WHERE id=8454863
	Update on sbtest5  (cost=0.43..8.46 rows=0 width=0)
	  ->  Index Scan using sbtest5_pkey on sbtest5  (cost=0.43..8.46 rows=1 width=10)
	        Index Cond: (id = 8454863)

table 6 : explain UPDATE sbtest6 SET k=k+1 WHERE id=237059
	Update on sbtest6  (cost=0.43..8.46 rows=0 width=0)
	  ->  Index Scan using sbtest6_pkey on sbtest6  (cost=0.43..8.46 rows=1 width=10)
	        Index Cond: (id = 237059)

table 7 : explain UPDATE sbtest7 SET k=k+1 WHERE id=8253459
	Update on sbtest7  (cost=0.43..8.46 rows=0 width=0)
	  ->  Index Scan using sbtest7_pkey on sbtest7  (cost=0.43..8.46 rows=1 width=10)
	        Index Cond: (id = 8253459)

table 8 : explain UPDATE sbtest8 SET k=k+1 WHERE id=6593968
	Update on sbtest8  (cost=0.43..8.46 rows=0 width=0)
	  ->  Index Scan using sbtest8_pkey on sbtest8  (cost=0.43..8.46 rows=1 width=10)
	        Index Cond: (id = 6593968)

explain: for point_selects :: explain SELECT c FROM sbtest%u WHERE id=%u
for: order_ranges
table 1 : explain SELECT c FROM sbtest1 WHERE id BETWEEN 6415568 AND 6415577 ORDER BY c
	Sort  (cost=43.13..43.16 rows=11 width=121)
	  Sort Key: c
	  ->  Index Scan using sbtest1_pkey on sbtest1  (cost=0.43..42.94 rows=11 width=121)
	        Index Cond: ((id >= 6415568) AND (id <= 6415577))

table 2 : explain SELECT c FROM sbtest2 WHERE id BETWEEN 7134508 AND 7134517 ORDER BY c
	Sort  (cost=39.44..39.46 rows=10 width=121)
	  Sort Key: c
	  ->  Index Scan using sbtest2_pkey on sbtest2  (cost=0.43..39.27 rows=10 width=121)
	        Index Cond: ((id >= 7134508) AND (id <= 7134517))

table 3 : explain SELECT c FROM sbtest3 WHERE id BETWEEN 880400 AND 880409 ORDER BY c
	Sort  (cost=39.32..39.35 rows=10 width=121)
	  Sort Key: c
	  ->  Index Scan using sbtest3_pkey on sbtest3  (cost=0.43..39.15 rows=10 width=121)
	        Index Cond: ((id >= 880400) AND (id <= 880409))

table 4 : explain SELECT c FROM sbtest4 WHERE id BETWEEN 1898214 AND 1898223 ORDER BY c
	Sort  (cost=39.04..39.07 rows=10 width=121)
	  Sort Key: c
	  ->  Index Scan using sbtest4_pkey on sbtest4  (cost=0.43..38.88 rows=10 width=121)
	        Index Cond: ((id >= 1898214) AND (id <= 1898223))

table 5 : explain SELECT c FROM sbtest5 WHERE id BETWEEN 9225885 AND 9225894 ORDER BY c
	Sort  (cost=39.45..39.47 rows=10 width=121)
	  Sort Key: c
	  ->  Index Scan using sbtest5_pkey on sbtest5  (cost=0.43..39.28 rows=10 width=121)
	        Index Cond: ((id >= 9225885) AND (id <= 9225894))

table 6 : explain SELECT c FROM sbtest6 WHERE id BETWEEN 3396940 AND 3396949 ORDER BY c
	Sort  (cost=39.59..39.61 rows=10 width=121)
	  Sort Key: c
	  ->  Index Scan using sbtest6_pkey on sbtest6  (cost=0.43..39.42 rows=10 width=121)
	        Index Cond: ((id >= 3396940) AND (id <= 3396949))

table 7 : explain SELECT c FROM sbtest7 WHERE id BETWEEN 8216794 AND 8216803 ORDER BY c
	Sort  (cost=39.66..39.68 rows=10 width=121)
	  Sort Key: c
	  ->  Index Scan using sbtest7_pkey on sbtest7  (cost=0.43..39.49 rows=10 width=121)
	        Index Cond: ((id >= 8216794) AND (id <= 8216803))

table 8 : explain SELECT c FROM sbtest8 WHERE id BETWEEN 2201735 AND 2201744 ORDER BY c
	Sort  (cost=43.13..43.16 rows=11 width=121)
	  Sort Key: c
	  ->  Index Scan using sbtest8_pkey on sbtest8  (cost=0.43..42.94 rows=11 width=121)
	        Index Cond: ((id >= 2201735) AND (id <= 2201744))

explain: for point_selects :: explain SELECT c FROM sbtest%u WHERE id=%u
for: distinct_ranges
table 1 : explain SELECT DISTINCT c FROM sbtest1 WHERE id BETWEEN 8932109 AND 8932118 ORDER BY c
	Unique  (cost=39.66..39.71 rows=10 width=121)
	  ->  Sort  (cost=39.66..39.68 rows=10 width=121)
	        Sort Key: c
	        ->  Index Scan using sbtest1_pkey on sbtest1  (cost=0.43..39.49 rows=10 width=121)
	              Index Cond: ((id >= 8932109) AND (id <= 8932118))

table 2 : explain SELECT DISTINCT c FROM sbtest2 WHERE id BETWEEN 7526109 AND 7526118 ORDER BY c
	Unique  (cost=35.99..36.03 rows=9 width=121)
	  ->  Sort  (cost=35.99..36.01 rows=9 width=121)
	        Sort Key: c
	        ->  Index Scan using sbtest2_pkey on sbtest2  (cost=0.43..35.85 rows=9 width=121)
	              Index Cond: ((id >= 7526109) AND (id <= 7526118))

table 3 : explain SELECT DISTINCT c FROM sbtest3 WHERE id BETWEEN 8851162 AND 8851171 ORDER BY c
	Unique  (cost=39.32..39.37 rows=10 width=121)
	  ->  Sort  (cost=39.32..39.35 rows=10 width=121)
	        Sort Key: c
	        ->  Index Scan using sbtest3_pkey on sbtest3  (cost=0.43..39.15 rows=10 width=121)
	              Index Cond: ((id >= 8851162) AND (id <= 8851171))

table 4 : explain SELECT DISTINCT c FROM sbtest4 WHERE id BETWEEN 891670 AND 891679 ORDER BY c
	Unique  (cost=39.04..39.09 rows=10 width=121)
	  ->  Sort  (cost=39.04..39.07 rows=10 width=121)
	        Sort Key: c
	        ->  Index Scan using sbtest4_pkey on sbtest4  (cost=0.43..38.88 rows=10 width=121)
	              Index Cond: ((id >= 891670) AND (id <= 891679))

table 5 : explain SELECT DISTINCT c FROM sbtest5 WHERE id BETWEEN 260387 AND 260396 ORDER BY c
	Unique  (cost=39.45..39.50 rows=10 width=121)
	  ->  Sort  (cost=39.45..39.47 rows=10 width=121)
	        Sort Key: c
	        ->  Index Scan using sbtest5_pkey on sbtest5  (cost=0.43..39.28 rows=10 width=121)
	              Index Cond: ((id >= 260387) AND (id <= 260396))

table 6 : explain SELECT DISTINCT c FROM sbtest6 WHERE id BETWEEN 4353678 AND 4353687 ORDER BY c
	Unique  (cost=43.05..43.11 rows=11 width=121)
	  ->  Sort  (cost=43.05..43.08 rows=11 width=121)
	        Sort Key: c
	        ->  Index Scan using sbtest6_pkey on sbtest6  (cost=0.43..42.86 rows=11 width=121)
	              Index Cond: ((id >= 4353678) AND (id <= 4353687))

table 7 : explain SELECT DISTINCT c FROM sbtest7 WHERE id BETWEEN 9267271 AND 9267280 ORDER BY c
	Unique  (cost=39.66..39.71 rows=10 width=121)
	  ->  Sort  (cost=39.66..39.68 rows=10 width=121)
	        Sort Key: c
	        ->  Index Scan using sbtest7_pkey on sbtest7  (cost=0.43..39.49 rows=10 width=121)
	              Index Cond: ((id >= 9267271) AND (id <= 9267280))

table 8 : explain SELECT DISTINCT c FROM sbtest8 WHERE id BETWEEN 4063251 AND 4063260 ORDER BY c
	Unique  (cost=39.66..39.71 rows=10 width=121)
	  ->  Sort  (cost=39.66..39.69 rows=10 width=121)
	        Sort Key: c
	        ->  Index Scan using sbtest8_pkey on sbtest8  (cost=0.43..39.49 rows=10 width=121)
	              Index Cond: ((id >= 4063251) AND (id <= 4063260))

explain: for inserts :: explain INSERT INTO sbtest%u (id, k, c, pad) VALUES (%u, 13, 'foobar', 'foobar')
for deletes
table 1 : explain DELETE FROM sbtest1 WHERE id=3784512
	Delete on sbtest1  (cost=0.43..8.45 rows=0 width=0)
	  ->  Index Scan using sbtest1_pkey on sbtest1  (cost=0.43..8.45 rows=1 width=6)
	        Index Cond: (id = 3784512)

table 2 : explain DELETE FROM sbtest2 WHERE id=9827608
	Delete on sbtest2  (cost=0.43..8.45 rows=0 width=0)
	  ->  Index Scan using sbtest2_pkey on sbtest2  (cost=0.43..8.45 rows=1 width=6)
	        Index Cond: (id = 9827608)

table 3 : explain DELETE FROM sbtest3 WHERE id=8483604
	Delete on sbtest3  (cost=0.43..8.45 rows=0 width=0)
	  ->  Index Scan using sbtest3_pkey on sbtest3  (cost=0.43..8.45 rows=1 width=6)
	        Index Cond: (id = 8483604)

table 4 : explain DELETE FROM sbtest4 WHERE id=7186717
	Delete on sbtest4  (cost=0.43..8.45 rows=0 width=0)
	  ->  Index Scan using sbtest4_pkey on sbtest4  (cost=0.43..8.45 rows=1 width=6)
	        Index Cond: (id = 7186717)

table 5 : explain DELETE FROM sbtest5 WHERE id=8769076
	Delete on sbtest5  (cost=0.43..8.45 rows=0 width=0)
	  ->  Index Scan using sbtest5_pkey on sbtest5  (cost=0.43..8.45 rows=1 width=6)
	        Index Cond: (id = 8769076)

table 6 : explain DELETE FROM sbtest6 WHERE id=953649
	Delete on sbtest6  (cost=0.43..8.45 rows=0 width=0)
	  ->  Index Scan using sbtest6_pkey on sbtest6  (cost=0.43..8.45 rows=1 width=6)
	        Index Cond: (id = 953649)

table 7 : explain DELETE FROM sbtest7 WHERE id=643207
	Delete on sbtest7  (cost=0.43..8.45 rows=0 width=0)
	  ->  Index Scan using sbtest7_pkey on sbtest7  (cost=0.43..8.45 rows=1 width=6)
	        Index Cond: (id = 643207)

table 8 : explain DELETE FROM sbtest8 WHERE id=8481828
	Delete on sbtest8  (cost=0.43..8.45 rows=0 width=0)
	  ->  Index Scan using sbtest8_pkey on sbtest8  (cost=0.43..8.45 rows=1 width=6)
	        Index Cond: (id = 8481828)

explain: for index_updates :: explain UPDATE sbtest%u SET k=k+1 WHERE id=%u
for inserts
table 1 : explain INSERT INTO sbtest1 (id, k, c, pad) VALUES (431460, 13, 'foobar', 'foobar')
	Insert on sbtest1  (cost=0.00..0.01 rows=0 width=0)
	  ->  Result  (cost=0.00..0.01 rows=1 width=736)

table 2 : explain INSERT INTO sbtest2 (id, k, c, pad) VALUES (2838595, 13, 'foobar', 'foobar')
	Insert on sbtest2  (cost=0.00..0.01 rows=0 width=0)
	  ->  Result  (cost=0.00..0.01 rows=1 width=736)

table 3 : explain INSERT INTO sbtest3 (id, k, c, pad) VALUES (1566769, 13, 'foobar', 'foobar')
	Insert on sbtest3  (cost=0.00..0.01 rows=0 width=0)
	  ->  Result  (cost=0.00..0.01 rows=1 width=736)

table 4 : explain INSERT INTO sbtest4 (id, k, c, pad) VALUES (6737140, 13, 'foobar', 'foobar')
	Insert on sbtest4  (cost=0.00..0.01 rows=0 width=0)
	  ->  Result  (cost=0.00..0.01 rows=1 width=736)

table 5 : explain INSERT INTO sbtest5 (id, k, c, pad) VALUES (8396476, 13, 'foobar', 'foobar')
	Insert on sbtest5  (cost=0.00..0.01 rows=0 width=0)
	  ->  Result  (cost=0.00..0.01 rows=1 width=736)

table 6 : explain INSERT INTO sbtest6 (id, k, c, pad) VALUES (7423648, 13, 'foobar', 'foobar')
	Insert on sbtest6  (cost=0.00..0.01 rows=0 width=0)
	  ->  Result  (cost=0.00..0.01 rows=1 width=736)

table 7 : explain INSERT INTO sbtest7 (id, k, c, pad) VALUES (2782965, 13, 'foobar', 'foobar')
	Insert on sbtest7  (cost=0.00..0.01 rows=0 width=0)
	  ->  Result  (cost=0.00..0.01 rows=1 width=736)

table 8 : explain INSERT INTO sbtest8 (id, k, c, pad) VALUES (8200951, 13, 'foobar', 'foobar')
	Insert on sbtest8  (cost=0.00..0.01 rows=0 width=0)
	  ->  Result  (cost=0.00..0.01 rows=1 width=736)

for: distinct_ranges
table 1 : explain SELECT DISTINCT c FROM sbtest1 WHERE id BETWEEN 4770332 AND 4770341 ORDER BY c
	Unique  (cost=46.60..46.66 rows=12 width=121)
	  ->  Sort  (cost=46.60..46.63 rows=12 width=121)
	        Sort Key: c
	        ->  Index Scan using sbtest1_pkey on sbtest1  (cost=0.43..46.39 rows=12 width=121)
	              Index Cond: ((id >= 4770332) AND (id <= 4770341))

table 2 : explain SELECT DISTINCT c FROM sbtest2 WHERE id BETWEEN 3299956 AND 3299965 ORDER BY c
	Unique  (cost=35.99..36.03 rows=9 width=121)
	  ->  Sort  (cost=35.99..36.01 rows=9 width=121)
	        Sort Key: c
	        ->  Index Scan using sbtest2_pkey on sbtest2  (cost=0.43..35.85 rows=9 width=121)
	              Index Cond: ((id >= 3299956) AND (id <= 3299965))

table 3 : explain SELECT DISTINCT c FROM sbtest3 WHERE id BETWEEN 7802607 AND 7802616 ORDER BY c
	Unique  (cost=39.32..39.37 rows=10 width=121)
	  ->  Sort  (cost=39.32..39.35 rows=10 width=121)
	        Sort Key: c
	        ->  Index Scan using sbtest3_pkey on sbtest3  (cost=0.43..39.15 rows=10 width=121)
	              Index Cond: ((id >= 7802607) AND (id <= 7802616))

table 4 : explain SELECT DISTINCT c FROM sbtest4 WHERE id BETWEEN 1143829 AND 1143838 ORDER BY c
	Unique  (cost=39.04..39.09 rows=10 width=121)
	  ->  Sort  (cost=39.04..39.07 rows=10 width=121)
	        Sort Key: c
	        ->  Index Scan using sbtest4_pkey on sbtest4  (cost=0.43..38.88 rows=10 width=121)
	              Index Cond: ((id >= 1143829) AND (id <= 1143838))

table 5 : explain SELECT DISTINCT c FROM sbtest5 WHERE id BETWEEN 6092568 AND 6092577 ORDER BY c
	Unique  (cost=39.45..39.50 rows=10 width=121)
	  ->  Sort  (cost=39.45..39.47 rows=10 width=121)
	        Sort Key: c
	        ->  Index Scan using sbtest5_pkey on sbtest5  (cost=0.43..39.28 rows=10 width=121)
	              Index Cond: ((id >= 6092568) AND (id <= 6092577))

table 6 : explain SELECT DISTINCT c FROM sbtest6 WHERE id BETWEEN 8709856 AND 8709865 ORDER BY c
	Unique  (cost=39.59..39.64 rows=10 width=121)
	  ->  Sort  (cost=39.59..39.61 rows=10 width=121)
	        Sort Key: c
	        ->  Index Scan using sbtest6_pkey on sbtest6  (cost=0.43..39.42 rows=10 width=121)
	              Index Cond: ((id >= 8709856) AND (id <= 8709865))

table 7 : explain SELECT DISTINCT c FROM sbtest7 WHERE id BETWEEN 3983670 AND 3983679 ORDER BY c
	Unique  (cost=39.66..39.71 rows=10 width=121)
	  ->  Sort  (cost=39.66..39.68 rows=10 width=121)
	        Sort Key: c
	        ->  Index Scan using sbtest7_pkey on sbtest7  (cost=0.43..39.49 rows=10 width=121)
	              Index Cond: ((id >= 3983670) AND (id <= 3983679))

table 8 : explain SELECT DISTINCT c FROM sbtest8 WHERE id BETWEEN 7031635 AND 7031644 ORDER BY c
	Unique  (cost=43.13..43.19 rows=11 width=121)
	  ->  Sort  (cost=43.13..43.16 rows=11 width=121)
	        Sort Key: c
	        ->  Index Scan using sbtest8_pkey on sbtest8  (cost=0.43..42.94 rows=11 width=121)
	              Index Cond: ((id >= 7031635) AND (id <= 7031644))

for point_selects
table 1 : explain SELECT c FROM sbtest1 WHERE id=2287438
	Index Scan using sbtest1_pkey on sbtest1  (cost=0.43..8.45 rows=1 width=121)
	  Index Cond: (id = 2287438)

table 2 : explain SELECT c FROM sbtest2 WHERE id=6062149
	Index Scan using sbtest2_pkey on sbtest2  (cost=0.43..8.45 rows=1 width=121)
	  Index Cond: (id = 6062149)

table 3 : explain SELECT c FROM sbtest3 WHERE id=4528051
	Index Scan using sbtest3_pkey on sbtest3  (cost=0.43..8.45 rows=1 width=121)
	  Index Cond: (id = 4528051)

table 4 : explain SELECT c FROM sbtest4 WHERE id=9089591
	Index Scan using sbtest4_pkey on sbtest4  (cost=0.43..8.45 rows=1 width=121)
	  Index Cond: (id = 9089591)

table 5 : explain SELECT c FROM sbtest5 WHERE id=9171438
	Index Scan using sbtest5_pkey on sbtest5  (cost=0.43..8.45 rows=1 width=121)
	  Index Cond: (id = 9171438)

table 6 : explain SELECT c FROM sbtest6 WHERE id=8422303
	Index Scan using sbtest6_pkey on sbtest6  (cost=0.43..8.45 rows=1 width=121)
	  Index Cond: (id = 8422303)

table 7 : explain SELECT c FROM sbtest7 WHERE id=7884438
	Index Scan using sbtest7_pkey on sbtest7  (cost=0.43..8.45 rows=1 width=121)
	  Index Cond: (id = 7884438)

table 8 : explain SELECT c FROM sbtest8 WHERE id=862364
	Index Scan using sbtest8_pkey on sbtest8  (cost=0.43..8.45 rows=1 width=121)
	  Index Cond: (id = 862364)

explain: for inserts :: explain INSERT INTO sbtest%u (id, k, c, pad) VALUES (%u, 13, 'foobar', 'foobar')
explain: for non_index_updates :: explain UPDATE sbtest%u SET c='foobar' WHERE id=%u
explain: for non_index_updates :: explain UPDATE sbtest%u SET c='foobar' WHERE id=%u
explain: for index_updates :: explain UPDATE sbtest%u SET k=k+1 WHERE id=%u
for index_updates
table 1 : explain UPDATE sbtest1 SET k=k+1 WHERE id=3983941
	Update on sbtest1  (cost=0.43..8.46 rows=0 width=0)
	  ->  Index Scan using sbtest1_pkey on sbtest1  (cost=0.43..8.46 rows=1 width=10)
	        Index Cond: (id = 3983941)

table 2 : explain UPDATE sbtest2 SET k=k+1 WHERE id=3894874
	Update on sbtest2  (cost=0.43..8.46 rows=0 width=0)
	  ->  Index Scan using sbtest2_pkey on sbtest2  (cost=0.43..8.46 rows=1 width=10)
	        Index Cond: (id = 3894874)

table 3 : explain UPDATE sbtest3 SET k=k+1 WHERE id=2247788
	Update on sbtest3  (cost=0.43..8.46 rows=0 width=0)
	  ->  Index Scan using sbtest3_pkey on sbtest3  (cost=0.43..8.46 rows=1 width=10)
	        Index Cond: (id = 2247788)

table 4 : explain UPDATE sbtest4 SET k=k+1 WHERE id=7072297
	Update on sbtest4  (cost=0.43..8.46 rows=0 width=0)
	  ->  Index Scan using sbtest4_pkey on sbtest4  (cost=0.43..8.46 rows=1 width=10)
	        Index Cond: (id = 7072297)

table 5 : explain UPDATE sbtest5 SET k=k+1 WHERE id=8018571
	Update on sbtest5  (cost=0.43..8.46 rows=0 width=0)
	  ->  Index Scan using sbtest5_pkey on sbtest5  (cost=0.43..8.46 rows=1 width=10)
	        Index Cond: (id = 8018571)

table 6 : explain UPDATE sbtest6 SET k=k+1 WHERE id=3972346
	Update on sbtest6  (cost=0.43..8.46 rows=0 width=0)
	  ->  Index Scan using sbtest6_pkey on sbtest6  (cost=0.43..8.46 rows=1 width=10)
	        Index Cond: (id = 3972346)

table 7 : explain UPDATE sbtest7 SET k=k+1 WHERE id=1019988
	Update on sbtest7  (cost=0.43..8.46 rows=0 width=0)
	  ->  Index Scan using sbtest7_pkey on sbtest7  (cost=0.43..8.46 rows=1 width=10)
	        Index Cond: (id = 1019988)

table 8 : explain UPDATE sbtest8 SET k=k+1 WHERE id=7118743
	Update on sbtest8  (cost=0.43..8.46 rows=0 width=0)
	  ->  Index Scan using sbtest8_pkey on sbtest8  (cost=0.43..8.46 rows=1 width=10)
	        Index Cond: (id = 7118743)

for inserts
table 1 : explain INSERT INTO sbtest1 (id, k, c, pad) VALUES (1948413, 13, 'foobar', 'foobar')
	Insert on sbtest1  (cost=0.00..0.01 rows=0 width=0)
	  ->  Result  (cost=0.00..0.01 rows=1 width=736)

table 2 : explain INSERT INTO sbtest2 (id, k, c, pad) VALUES (9754879, 13, 'foobar', 'foobar')
	Insert on sbtest2  (cost=0.00..0.01 rows=0 width=0)
	  ->  Result  (cost=0.00..0.01 rows=1 width=736)

table 3 : explain INSERT INTO sbtest3 (id, k, c, pad) VALUES (6814727, 13, 'foobar', 'foobar')
	Insert on sbtest3  (cost=0.00..0.01 rows=0 width=0)
	  ->  Result  (cost=0.00..0.01 rows=1 width=736)

table 4 : explain INSERT INTO sbtest4 (id, k, c, pad) VALUES (944017, 13, 'foobar', 'foobar')
	Insert on sbtest4  (cost=0.00..0.01 rows=0 width=0)
	  ->  Result  (cost=0.00..0.01 rows=1 width=736)

table 5 : explain INSERT INTO sbtest5 (id, k, c, pad) VALUES (2653160, 13, 'foobar', 'foobar')
	Insert on sbtest5  (cost=0.00..0.01 rows=0 width=0)
	  ->  Result  (cost=0.00..0.01 rows=1 width=736)

table 6 : explain INSERT INTO sbtest6 (id, k, c, pad) VALUES (9833327, 13, 'foobar', 'foobar')
	Insert on sbtest6  (cost=0.00..0.01 rows=0 width=0)
	  ->  Result  (cost=0.00..0.01 rows=1 width=736)

table 7 : explain INSERT INTO sbtest7 (id, k, c, pad) VALUES (5184600, 13, 'foobar', 'foobar')
	Insert on sbtest7  (cost=0.00..0.01 rows=0 width=0)
	  ->  Result  (cost=0.00..0.01 rows=1 width=736)

table 8 : explain INSERT INTO sbtest8 (id, k, c, pad) VALUES (5025558, 13, 'foobar', 'foobar')
	Insert on sbtest8  (cost=0.00..0.01 rows=0 width=0)
	  ->  Result  (cost=0.00..0.01 rows=1 width=736)

for non_index_updates
table 1 : explain UPDATE sbtest1 SET c='foobar' WHERE id=5264597
	Update on sbtest1  (cost=0.43..8.45 rows=0 width=0)
	  ->  Index Scan using sbtest1_pkey on sbtest1  (cost=0.43..8.45 rows=1 width=490)
	        Index Cond: (id = 5264597)

table 2 : explain UPDATE sbtest2 SET c='foobar' WHERE id=5400037
	Update on sbtest2  (cost=0.43..8.45 rows=0 width=0)
	  ->  Index Scan using sbtest2_pkey on sbtest2  (cost=0.43..8.45 rows=1 width=490)
	        Index Cond: (id = 5400037)

table 3 : explain UPDATE sbtest3 SET c='foobar' WHERE id=587445
	Update on sbtest3  (cost=0.43..8.45 rows=0 width=0)
	  ->  Index Scan using sbtest3_pkey on sbtest3  (cost=0.43..8.45 rows=1 width=490)
	        Index Cond: (id = 587445)

table 4 : explain UPDATE sbtest4 SET c='foobar' WHERE id=2991293
	Update on sbtest4  (cost=0.43..8.45 rows=0 width=0)
	  ->  Index Scan using sbtest4_pkey on sbtest4  (cost=0.43..8.45 rows=1 width=490)
	        Index Cond: (id = 2991293)

table 5 : explain UPDATE sbtest5 SET c='foobar' WHERE id=1618506
	Update on sbtest5  (cost=0.43..8.45 rows=0 width=0)
	  ->  Index Scan using sbtest5_pkey on sbtest5  (cost=0.43..8.45 rows=1 width=490)
	        Index Cond: (id = 1618506)

table 6 : explain UPDATE sbtest6 SET c='foobar' WHERE id=8577074
	Update on sbtest6  (cost=0.43..8.45 rows=0 width=0)
	  ->  Index Scan using sbtest6_pkey on sbtest6  (cost=0.43..8.45 rows=1 width=490)
	        Index Cond: (id = 8577074)

table 7 : explain UPDATE sbtest7 SET c='foobar' WHERE id=3079170
	Update on sbtest7  (cost=0.43..8.45 rows=0 width=0)
	  ->  Index Scan using sbtest7_pkey on sbtest7  (cost=0.43..8.45 rows=1 width=490)
	        Index Cond: (id = 3079170)

table 8 : explain UPDATE sbtest8 SET c='foobar' WHERE id=4349213
	Update on sbtest8  (cost=0.43..8.45 rows=0 width=0)
	  ->  Index Scan using sbtest8_pkey on sbtest8  (cost=0.43..8.45 rows=1 width=490)
	        Index Cond: (id = 4349213)

for point_selects
table 1 : explain SELECT c FROM sbtest1 WHERE id=8938767
	Index Scan using sbtest1_pkey on sbtest1  (cost=0.43..8.45 rows=1 width=121)
	  Index Cond: (id = 8938767)

table 2 : explain SELECT c FROM sbtest2 WHERE id=4372671
	Index Scan using sbtest2_pkey on sbtest2  (cost=0.43..8.45 rows=1 width=121)
	  Index Cond: (id = 4372671)

table 3 : explain SELECT c FROM sbtest3 WHERE id=5384850
	Index Scan using sbtest3_pkey on sbtest3  (cost=0.43..8.45 rows=1 width=121)
	  Index Cond: (id = 5384850)

table 4 : explain SELECT c FROM sbtest4 WHERE id=2262913
	Index Scan using sbtest4_pkey on sbtest4  (cost=0.43..8.45 rows=1 width=121)
	  Index Cond: (id = 2262913)

table 5 : explain SELECT c FROM sbtest5 WHERE id=5273676
	Index Scan using sbtest5_pkey on sbtest5  (cost=0.43..8.45 rows=1 width=121)
	  Index Cond: (id = 5273676)

table 6 : explain SELECT c FROM sbtest6 WHERE id=7674974
	Index Scan using sbtest6_pkey on sbtest6  (cost=0.43..8.45 rows=1 width=121)
	  Index Cond: (id = 7674974)

table 7 : explain SELECT c FROM sbtest7 WHERE id=2237556
	Index Scan using sbtest7_pkey on sbtest7  (cost=0.43..8.45 rows=1 width=121)
	  Index Cond: (id = 2237556)

table 8 : explain SELECT c FROM sbtest8 WHERE id=4428475
	Index Scan using sbtest8_pkey on sbtest8  (cost=0.43..8.45 rows=1 width=121)
	  Index Cond: (id = 4428475)

explain: for non_index_updates :: explain UPDATE sbtest%u SET c='foobar' WHERE id=%u
explain: for deletes :: explain DELETE FROM sbtest%u WHERE id=%u
for: simple_ranges
table 1 : explain SELECT c FROM sbtest1 WHERE id BETWEEN 6402446 AND 6402455
	Index Scan using sbtest1_pkey on sbtest1  (cost=0.43..42.94 rows=11 width=121)
	  Index Cond: ((id >= 6402446) AND (id <= 6402455))

table 2 : explain SELECT c FROM sbtest2 WHERE id BETWEEN 8763621 AND 8763630
	Index Scan using sbtest2_pkey on sbtest2  (cost=0.43..39.27 rows=10 width=121)
	  Index Cond: ((id >= 8763621) AND (id <= 8763630))

table 3 : explain SELECT c FROM sbtest3 WHERE id BETWEEN 2967486 AND 2967495
	Index Scan using sbtest3_pkey on sbtest3  (cost=0.43..39.15 rows=10 width=121)
	  Index Cond: ((id >= 2967486) AND (id <= 2967495))

table 4 : explain SELECT c FROM sbtest4 WHERE id BETWEEN 6643476 AND 6643485
	Index Scan using sbtest4_pkey on sbtest4  (cost=0.43..38.88 rows=10 width=121)
	  Index Cond: ((id >= 6643476) AND (id <= 6643485))

table 5 : explain SELECT c FROM sbtest5 WHERE id BETWEEN 9731019 AND 9731028
	Index Scan using sbtest5_pkey on sbtest5  (cost=0.43..39.28 rows=10 width=121)
	  Index Cond: ((id >= 9731019) AND (id <= 9731028))

table 6 : explain SELECT c FROM sbtest6 WHERE id BETWEEN 3582899 AND 3582908
	Index Scan using sbtest6_pkey on sbtest6  (cost=0.43..39.42 rows=10 width=121)
	  Index Cond: ((id >= 3582899) AND (id <= 3582908))

table 7 : explain SELECT c FROM sbtest7 WHERE id BETWEEN 2804537 AND 2804546
	Index Scan using sbtest7_pkey on sbtest7  (cost=0.43..36.04 rows=9 width=121)
	  Index Cond: ((id >= 2804537) AND (id <= 2804546))

table 8 : explain SELECT c FROM sbtest8 WHERE id BETWEEN 7534477 AND 7534486
	Index Scan using sbtest8_pkey on sbtest8  (cost=0.43..39.49 rows=10 width=121)
	  Index Cond: ((id >= 7534477) AND (id <= 7534486))

for non_index_updates
table 1 : explain UPDATE sbtest1 SET c='foobar' WHERE id=7730849
	Update on sbtest1  (cost=0.43..8.45 rows=0 width=0)
	  ->  Index Scan using sbtest1_pkey on sbtest1  (cost=0.43..8.45 rows=1 width=490)
	        Index Cond: (id = 7730849)

table 2 : explain UPDATE sbtest2 SET c='foobar' WHERE id=7503470
	Update on sbtest2  (cost=0.43..8.45 rows=0 width=0)
	  ->  Index Scan using sbtest2_pkey on sbtest2  (cost=0.43..8.45 rows=1 width=490)
	        Index Cond: (id = 7503470)

table 3 : explain UPDATE sbtest3 SET c='foobar' WHERE id=6226735
	Update on sbtest3  (cost=0.43..8.45 rows=0 width=0)
	  ->  Index Scan using sbtest3_pkey on sbtest3  (cost=0.43..8.45 rows=1 width=490)
	        Index Cond: (id = 6226735)

table 4 : explain UPDATE sbtest4 SET c='foobar' WHERE id=2573750
	Update on sbtest4  (cost=0.43..8.45 rows=0 width=0)
	  ->  Index Scan using sbtest4_pkey on sbtest4  (cost=0.43..8.45 rows=1 width=490)
	        Index Cond: (id = 2573750)

table 5 : explain UPDATE sbtest5 SET c='foobar' WHERE id=7618369
	Update on sbtest5  (cost=0.43..8.45 rows=0 width=0)
	  ->  Index Scan using sbtest5_pkey on sbtest5  (cost=0.43..8.45 rows=1 width=490)
	        Index Cond: (id = 7618369)

table 6 : explain UPDATE sbtest6 SET c='foobar' WHERE id=3343924
	Update on sbtest6  (cost=0.43..8.45 rows=0 width=0)
	  ->  Index Scan using sbtest6_pkey on sbtest6  (cost=0.43..8.45 rows=1 width=490)
	        Index Cond: (id = 3343924)

table 7 : explain UPDATE sbtest7 SET c='foobar' WHERE id=7726227
	Update on sbtest7  (cost=0.43..8.45 rows=0 width=0)
	  ->  Index Scan using sbtest7_pkey on sbtest7  (cost=0.43..8.45 rows=1 width=490)
	        Index Cond: (id = 7726227)

table 8 : explain UPDATE sbtest8 SET c='foobar' WHERE id=5803775
	Update on sbtest8  (cost=0.43..8.45 rows=0 width=0)
	  ->  Index Scan using sbtest8_pkey on sbtest8  (cost=0.43..8.45 rows=1 width=490)
	        Index Cond: (id = 5803775)

for point_selects
table 1 : explain SELECT c FROM sbtest1 WHERE id=15389
	Index Scan using sbtest1_pkey on sbtest1  (cost=0.43..8.45 rows=1 width=121)
	  Index Cond: (id = 15389)

table 2 : explain SELECT c FROM sbtest2 WHERE id=108216
	Index Scan using sbtest2_pkey on sbtest2  (cost=0.43..8.45 rows=1 width=121)
	  Index Cond: (id = 108216)

table 3 : explain SELECT c FROM sbtest3 WHERE id=3043669
	Index Scan using sbtest3_pkey on sbtest3  (cost=0.43..8.45 rows=1 width=121)
	  Index Cond: (id = 3043669)

table 4 : explain SELECT c FROM sbtest4 WHERE id=4967211
	Index Scan using sbtest4_pkey on sbtest4  (cost=0.43..8.45 rows=1 width=121)
	  Index Cond: (id = 4967211)

table 5 : explain SELECT c FROM sbtest5 WHERE id=8291729
	Index Scan using sbtest5_pkey on sbtest5  (cost=0.43..8.45 rows=1 width=121)
	  Index Cond: (id = 8291729)

table 6 : explain SELECT c FROM sbtest6 WHERE id=7620051
	Index Scan using sbtest6_pkey on sbtest6  (cost=0.43..8.45 rows=1 width=121)
	  Index Cond: (id = 7620051)

table 7 : explain SELECT c FROM sbtest7 WHERE id=586693
	Index Scan using sbtest7_pkey on sbtest7  (cost=0.43..8.45 rows=1 width=121)
	  Index Cond: (id = 586693)

table 8 : explain SELECT c FROM sbtest8 WHERE id=3786433
	Index Scan using sbtest8_pkey on sbtest8  (cost=0.43..8.45 rows=1 width=121)
	  Index Cond: (id = 3786433)

for non_index_updates
table 1 : explain UPDATE sbtest1 SET c='foobar' WHERE id=2179054
	Update on sbtest1  (cost=0.43..8.45 rows=0 width=0)
	  ->  Index Scan using sbtest1_pkey on sbtest1  (cost=0.43..8.45 rows=1 width=490)
	        Index Cond: (id = 2179054)

table 2 : explain UPDATE sbtest2 SET c='foobar' WHERE id=1361969
	Update on sbtest2  (cost=0.43..8.45 rows=0 width=0)
	  ->  Index Scan using sbtest2_pkey on sbtest2  (cost=0.43..8.45 rows=1 width=490)
	        Index Cond: (id = 1361969)

table 3 : explain UPDATE sbtest3 SET c='foobar' WHERE id=2360455
	Update on sbtest3  (cost=0.43..8.45 rows=0 width=0)
	  ->  Index Scan using sbtest3_pkey on sbtest3  (cost=0.43..8.45 rows=1 width=490)
	        Index Cond: (id = 2360455)

table 4 : explain UPDATE sbtest4 SET c='foobar' WHERE id=8152265
	Update on sbtest4  (cost=0.43..8.45 rows=0 width=0)
	  ->  Index Scan using sbtest4_pkey on sbtest4  (cost=0.43..8.45 rows=1 width=490)
	        Index Cond: (id = 8152265)

table 5 : explain UPDATE sbtest5 SET c='foobar' WHERE id=7325527
	Update on sbtest5  (cost=0.43..8.45 rows=0 width=0)
	  ->  Index Scan using sbtest5_pkey on sbtest5  (cost=0.43..8.45 rows=1 width=490)
	        Index Cond: (id = 7325527)

table 6 : explain UPDATE sbtest6 SET c='foobar' WHERE id=8397176
	Update on sbtest6  (cost=0.43..8.45 rows=0 width=0)
	  ->  Index Scan using sbtest6_pkey on sbtest6  (cost=0.43..8.45 rows=1 width=490)
	        Index Cond: (id = 8397176)

table 7 : explain UPDATE sbtest7 SET c='foobar' WHERE id=6920225
	Update on sbtest7  (cost=0.43..8.45 rows=0 width=0)
	  ->  Index Scan using sbtest7_pkey on sbtest7  (cost=0.43..8.45 rows=1 width=490)
	        Index Cond: (id = 6920225)

table 8 : explain UPDATE sbtest8 SET c='foobar' WHERE id=6400543
	Update on sbtest8  (cost=0.43..8.45 rows=0 width=0)
	  ->  Index Scan using sbtest8_pkey on sbtest8  (cost=0.43..8.45 rows=1 width=490)
	        Index Cond: (id = 6400543)

for: order_ranges
table 1 : explain SELECT c FROM sbtest1 WHERE id BETWEEN 5089548 AND 5089557 ORDER BY c
	Sort  (cost=46.60..46.63 rows=12 width=121)
	  Sort Key: c
	  ->  Index Scan using sbtest1_pkey on sbtest1  (cost=0.43..46.39 rows=12 width=121)
	        Index Cond: ((id >= 5089548) AND (id <= 5089557))

table 2 : explain SELECT c FROM sbtest2 WHERE id BETWEEN 9276155 AND 9276164 ORDER BY c
	Sort  (cost=35.99..36.01 rows=9 width=121)
	  Sort Key: c
	  ->  Index Scan using sbtest2_pkey on sbtest2  (cost=0.43..35.85 rows=9 width=121)
	        Index Cond: ((id >= 9276155) AND (id <= 9276164))

table 3 : explain SELECT c FROM sbtest3 WHERE id BETWEEN 7576069 AND 7576078 ORDER BY c
	Sort  (cost=42.76..42.78 rows=11 width=121)
	  Sort Key: c
	  ->  Index Scan using sbtest3_pkey on sbtest3  (cost=0.43..42.57 rows=11 width=121)
	        Index Cond: ((id >= 7576069) AND (id <= 7576078))

table 4 : explain SELECT c FROM sbtest4 WHERE id BETWEEN 7748252 AND 7748261 ORDER BY c
	Sort  (cost=39.04..39.07 rows=10 width=121)
	  Sort Key: c
	  ->  Index Scan using sbtest4_pkey on sbtest4  (cost=0.43..38.88 rows=10 width=121)
	        Index Cond: ((id >= 7748252) AND (id <= 7748261))

table 5 : explain SELECT c FROM sbtest5 WHERE id BETWEEN 9782303 AND 9782312 ORDER BY c
	Sort  (cost=39.45..39.47 rows=10 width=121)
	  Sort Key: c
	  ->  Index Scan using sbtest5_pkey on sbtest5  (cost=0.43..39.28 rows=10 width=121)
	        Index Cond: ((id >= 9782303) AND (id <= 9782312))

table 6 : explain SELECT c FROM sbtest6 WHERE id BETWEEN 8809314 AND 8809323 ORDER BY c
	Sort  (cost=43.05..43.08 rows=11 width=121)
	  Sort Key: c
	  ->  Index Scan using sbtest6_pkey on sbtest6  (cost=0.43..42.86 rows=11 width=121)
	        Index Cond: ((id >= 8809314) AND (id <= 8809323))

table 7 : explain SELECT c FROM sbtest7 WHERE id BETWEEN 829499 AND 829508 ORDER BY c
	Sort  (cost=39.66..39.68 rows=10 width=121)
	  Sort Key: c
	  ->  Index Scan using sbtest7_pkey on sbtest7  (cost=0.43..39.49 rows=10 width=121)
	        Index Cond: ((id >= 829499) AND (id <= 829508))

table 8 : explain SELECT c FROM sbtest8 WHERE id BETWEEN 4671518 AND 4671527 ORDER BY c
	Sort  (cost=43.13..43.16 rows=11 width=121)
	  Sort Key: c
	  ->  Index Scan using sbtest8_pkey on sbtest8  (cost=0.43..42.94 rows=11 width=121)
	        Index Cond: ((id >= 4671518) AND (id <= 4671527))

explain: for point_selects :: explain SELECT c FROM sbtest%u WHERE id=%u
for index_updates
table 1 : explain UPDATE sbtest1 SET k=k+1 WHERE id=2630656
	Update on sbtest1  (cost=0.43..8.46 rows=0 width=0)
	  ->  Index Scan using sbtest1_pkey on sbtest1  (cost=0.43..8.46 rows=1 width=10)
	        Index Cond: (id = 2630656)

table 2 : explain UPDATE sbtest2 SET k=k+1 WHERE id=2815292
	Update on sbtest2  (cost=0.43..8.46 rows=0 width=0)
	  ->  Index Scan using sbtest2_pkey on sbtest2  (cost=0.43..8.46 rows=1 width=10)
	        Index Cond: (id = 2815292)

table 3 : explain UPDATE sbtest3 SET k=k+1 WHERE id=3346940
	Update on sbtest3  (cost=0.43..8.46 rows=0 width=0)
	  ->  Index Scan using sbtest3_pkey on sbtest3  (cost=0.43..8.46 rows=1 width=10)
	        Index Cond: (id = 3346940)

table 4 : explain UPDATE sbtest4 SET k=k+1 WHERE id=2263891
	Update on sbtest4  (cost=0.43..8.46 rows=0 width=0)
	  ->  Index Scan using sbtest4_pkey on sbtest4  (cost=0.43..8.46 rows=1 width=10)
	        Index Cond: (id = 2263891)

table 5 : explain UPDATE sbtest5 SET k=k+1 WHERE id=6511611
	Update on sbtest5  (cost=0.43..8.46 rows=0 width=0)
	  ->  Index Scan using sbtest5_pkey on sbtest5  (cost=0.43..8.46 rows=1 width=10)
	        Index Cond: (id = 6511611)

table 6 : explain UPDATE sbtest6 SET k=k+1 WHERE id=7553165
	Update on sbtest6  (cost=0.43..8.46 rows=0 width=0)
	  ->  Index Scan using sbtest6_pkey on sbtest6  (cost=0.43..8.46 rows=1 width=10)
	        Index Cond: (id = 7553165)

table 7 : explain UPDATE sbtest7 SET k=k+1 WHERE id=7712024
	Update on sbtest7  (cost=0.43..8.46 rows=0 width=0)
	  ->  Index Scan using sbtest7_pkey on sbtest7  (cost=0.43..8.46 rows=1 width=10)
	        Index Cond: (id = 7712024)

table 8 : explain UPDATE sbtest8 SET k=k+1 WHERE id=6536736
	Update on sbtest8  (cost=0.43..8.46 rows=0 width=0)
	  ->  Index Scan using sbtest8_pkey on sbtest8  (cost=0.43..8.46 rows=1 width=10)
	        Index Cond: (id = 6536736)

for deletes
table 1 : explain DELETE FROM sbtest1 WHERE id=7285799
	Delete on sbtest1  (cost=0.43..8.45 rows=0 width=0)
	  ->  Index Scan using sbtest1_pkey on sbtest1  (cost=0.43..8.45 rows=1 width=6)
	        Index Cond: (id = 7285799)

table 2 : explain DELETE FROM sbtest2 WHERE id=3004459
	Delete on sbtest2  (cost=0.43..8.45 rows=0 width=0)
	  ->  Index Scan using sbtest2_pkey on sbtest2  (cost=0.43..8.45 rows=1 width=6)
	        Index Cond: (id = 3004459)

table 3 : explain DELETE FROM sbtest3 WHERE id=6116805
	Delete on sbtest3  (cost=0.43..8.45 rows=0 width=0)
	  ->  Index Scan using sbtest3_pkey on sbtest3  (cost=0.43..8.45 rows=1 width=6)
	        Index Cond: (id = 6116805)

table 4 : explain DELETE FROM sbtest4 WHERE id=5938867
	Delete on sbtest4  (cost=0.43..8.45 rows=0 width=0)
	  ->  Index Scan using sbtest4_pkey on sbtest4  (cost=0.43..8.45 rows=1 width=6)
	        Index Cond: (id = 5938867)

table 5 : explain DELETE FROM sbtest5 WHERE id=7602956
	Delete on sbtest5  (cost=0.43..8.45 rows=0 width=0)
	  ->  Index Scan using sbtest5_pkey on sbtest5  (cost=0.43..8.45 rows=1 width=6)
	        Index Cond: (id = 7602956)

table 6 : explain DELETE FROM sbtest6 WHERE id=757923
	Delete on sbtest6  (cost=0.43..8.45 rows=0 width=0)
	  ->  Index Scan using sbtest6_pkey on sbtest6  (cost=0.43..8.45 rows=1 width=6)
	        Index Cond: (id = 757923)

table 7 : explain DELETE FROM sbtest7 WHERE id=2140953
	Delete on sbtest7  (cost=0.43..8.45 rows=0 width=0)
	  ->  Index Scan using sbtest7_pkey on sbtest7  (cost=0.43..8.45 rows=1 width=6)
	        Index Cond: (id = 2140953)

table 8 : explain DELETE FROM sbtest8 WHERE id=6621832
	Delete on sbtest8  (cost=0.43..8.45 rows=0 width=0)
	  ->  Index Scan using sbtest8_pkey on sbtest8  (cost=0.43..8.45 rows=1 width=6)
	        Index Cond: (id = 6621832)

for point_selects
table 1 : explain SELECT c FROM sbtest1 WHERE id=3442978
	Index Scan using sbtest1_pkey on sbtest1  (cost=0.43..8.45 rows=1 width=121)
	  Index Cond: (id = 3442978)

table 2 : explain SELECT c FROM sbtest2 WHERE id=48184
	Index Scan using sbtest2_pkey on sbtest2  (cost=0.43..8.45 rows=1 width=121)
	  Index Cond: (id = 48184)

table 3 : explain SELECT c FROM sbtest3 WHERE id=3501675
	Index Scan using sbtest3_pkey on sbtest3  (cost=0.43..8.45 rows=1 width=121)
	  Index Cond: (id = 3501675)

table 4 : explain SELECT c FROM sbtest4 WHERE id=4385513
	Index Scan using sbtest4_pkey on sbtest4  (cost=0.43..8.45 rows=1 width=121)
	  Index Cond: (id = 4385513)

table 5 : explain SELECT c FROM sbtest5 WHERE id=3983092
	Index Scan using sbtest5_pkey on sbtest5  (cost=0.43..8.45 rows=1 width=121)
	  Index Cond: (id = 3983092)

table 6 : explain SELECT c FROM sbtest6 WHERE id=4442447
	Index Scan using sbtest6_pkey on sbtest6  (cost=0.43..8.45 rows=1 width=121)
	  Index Cond: (id = 4442447)

table 7 : explain SELECT c FROM sbtest7 WHERE id=8977029
	Index Scan using sbtest7_pkey on sbtest7  (cost=0.43..8.45 rows=1 width=121)
	  Index Cond: (id = 8977029)

table 8 : explain SELECT c FROM sbtest8 WHERE id=205294
	Index Scan using sbtest8_pkey on sbtest8  (cost=0.43..8.45 rows=1 width=121)
	  Index Cond: (id = 205294)

for: distinct_ranges
table 1 : explain SELECT DISTINCT c FROM sbtest1 WHERE id BETWEEN 8449582 AND 8449591 ORDER BY c
	Unique  (cost=43.13..43.18 rows=11 width=121)
	  ->  Sort  (cost=43.13..43.16 rows=11 width=121)
	        Sort Key: c
	        ->  Index Scan using sbtest1_pkey on sbtest1  (cost=0.43..42.94 rows=11 width=121)
	              Index Cond: ((id >= 8449582) AND (id <= 8449591))

table 2 : explain SELECT DISTINCT c FROM sbtest2 WHERE id BETWEEN 5738715 AND 5738724 ORDER BY c
	Unique  (cost=39.44..39.49 rows=10 width=121)
	  ->  Sort  (cost=39.44..39.46 rows=10 width=121)
	        Sort Key: c
	        ->  Index Scan using sbtest2_pkey on sbtest2  (cost=0.43..39.27 rows=10 width=121)
	              Index Cond: ((id >= 5738715) AND (id <= 5738724))

table 3 : explain SELECT DISTINCT c FROM sbtest3 WHERE id BETWEEN 4134436 AND 4134445 ORDER BY c
	Unique  (cost=39.32..39.37 rows=10 width=121)
	  ->  Sort  (cost=39.32..39.35 rows=10 width=121)
	        Sort Key: c
	        ->  Index Scan using sbtest3_pkey on sbtest3  (cost=0.43..39.15 rows=10 width=121)
	              Index Cond: ((id >= 4134436) AND (id <= 4134445))

table 4 : explain SELECT DISTINCT c FROM sbtest4 WHERE id BETWEEN 8042533 AND 8042542 ORDER BY c
	Unique  (cost=42.45..42.50 rows=11 width=121)
	  ->  Sort  (cost=42.45..42.47 rows=11 width=121)
	        Sort Key: c
	        ->  Index Scan using sbtest4_pkey on sbtest4  (cost=0.43..42.26 rows=11 width=121)
	              Index Cond: ((id >= 8042533) AND (id <= 8042542))

table 5 : explain SELECT DISTINCT c FROM sbtest5 WHERE id BETWEEN 7064297 AND 7064306 ORDER BY c
	Unique  (cost=39.45..39.50 rows=10 width=121)
	  ->  Sort  (cost=39.45..39.47 rows=10 width=121)
	        Sort Key: c
	        ->  Index Scan using sbtest5_pkey on sbtest5  (cost=0.43..39.28 rows=10 width=121)
	              Index Cond: ((id >= 7064297) AND (id <= 7064306))

table 6 : explain SELECT DISTINCT c FROM sbtest6 WHERE id BETWEEN 2643446 AND 2643455 ORDER BY c
	Unique  (cost=39.59..39.64 rows=10 width=121)
	  ->  Sort  (cost=39.59..39.61 rows=10 width=121)
	        Sort Key: c
	        ->  Index Scan using sbtest6_pkey on sbtest6  (cost=0.43..39.42 rows=10 width=121)
	              Index Cond: ((id >= 2643446) AND (id <= 2643455))

table 7 : explain SELECT DISTINCT c FROM sbtest7 WHERE id BETWEEN 4154323 AND 4154332 ORDER BY c
	Unique  (cost=39.66..39.71 rows=10 width=121)
	  ->  Sort  (cost=39.66..39.68 rows=10 width=121)
	        Sort Key: c
	        ->  Index Scan using sbtest7_pkey on sbtest7  (cost=0.43..39.49 rows=10 width=121)
	              Index Cond: ((id >= 4154323) AND (id <= 4154332))

table 8 : explain SELECT DISTINCT c FROM sbtest8 WHERE id BETWEEN 3398785 AND 3398794 ORDER BY c
	Unique  (cost=39.66..39.71 rows=10 width=121)
	  ->  Sort  (cost=39.66..39.69 rows=10 width=121)
	        Sort Key: c
	        ->  Index Scan using sbtest8_pkey on sbtest8  (cost=0.43..39.49 rows=10 width=121)
	              Index Cond: ((id >= 3398785) AND (id <= 3398794))

explain: for deletes :: explain DELETE FROM sbtest%u WHERE id=%u
for: simple_ranges
table 1 : explain SELECT c FROM sbtest1 WHERE id BETWEEN 4573259 AND 4573268
	Index Scan using sbtest1_pkey on sbtest1  (cost=0.43..39.49 rows=10 width=121)
	  Index Cond: ((id >= 4573259) AND (id <= 4573268))

table 2 : explain SELECT c FROM sbtest2 WHERE id BETWEEN 7536871 AND 7536880
	Index Scan using sbtest2_pkey on sbtest2  (cost=0.43..35.85 rows=9 width=121)
	  Index Cond: ((id >= 7536871) AND (id <= 7536880))

table 3 : explain SELECT c FROM sbtest3 WHERE id BETWEEN 7901199 AND 7901208
	Index Scan using sbtest3_pkey on sbtest3  (cost=0.43..39.15 rows=10 width=121)
	  Index Cond: ((id >= 7901199) AND (id <= 7901208))

table 4 : explain SELECT c FROM sbtest4 WHERE id BETWEEN 8065747 AND 8065756
	Index Scan using sbtest4_pkey on sbtest4  (cost=0.43..42.26 rows=11 width=121)
	  Index Cond: ((id >= 8065747) AND (id <= 8065756))

table 5 : explain SELECT c FROM sbtest5 WHERE id BETWEEN 9053890 AND 9053899
	Index Scan using sbtest5_pkey on sbtest5  (cost=0.43..39.28 rows=10 width=121)
	  Index Cond: ((id >= 9053890) AND (id <= 9053899))

table 6 : explain SELECT c FROM sbtest6 WHERE id BETWEEN 9386822 AND 9386831
	Index Scan using sbtest6_pkey on sbtest6  (cost=0.43..35.98 rows=9 width=121)
	  Index Cond: ((id >= 9386822) AND (id <= 9386831))

table 7 : explain SELECT c FROM sbtest7 WHERE id BETWEEN 1098996 AND 1099005
	Index Scan using sbtest7_pkey on sbtest7  (cost=0.43..39.49 rows=10 width=121)
	  Index Cond: ((id >= 1098996) AND (id <= 1099005))

table 8 : explain SELECT c FROM sbtest8 WHERE id BETWEEN 8580793 AND 8580802
	Index Scan using sbtest8_pkey on sbtest8  (cost=0.43..42.94 rows=11 width=121)
	  Index Cond: ((id >= 8580793) AND (id <= 8580802))

explain: for point_selects :: explain SELECT c FROM sbtest%u WHERE id=%u
for: distinct_ranges
table 1 : explain SELECT DISTINCT c FROM sbtest1 WHERE id BETWEEN 8181374 AND 8181383 ORDER BY c
	Unique  (cost=39.66..39.71 rows=10 width=121)
	  ->  Sort  (cost=39.66..39.68 rows=10 width=121)
	        Sort Key: c
	        ->  Index Scan using sbtest1_pkey on sbtest1  (cost=0.43..39.49 rows=10 width=121)
	              Index Cond: ((id >= 8181374) AND (id <= 8181383))

table 2 : explain SELECT DISTINCT c FROM sbtest2 WHERE id BETWEEN 7418502 AND 7418511 ORDER BY c
	Unique  (cost=42.88..42.94 rows=11 width=121)
	  ->  Sort  (cost=42.88..42.91 rows=11 width=121)
	        Sort Key: c
	        ->  Index Scan using sbtest2_pkey on sbtest2  (cost=0.43..42.69 rows=11 width=121)
	              Index Cond: ((id >= 7418502) AND (id <= 7418511))

table 3 : explain SELECT DISTINCT c FROM sbtest3 WHERE id BETWEEN 1171136 AND 1171145 ORDER BY c
	Unique  (cost=39.32..39.37 rows=10 width=121)
	  ->  Sort  (cost=39.32..39.35 rows=10 width=121)
	        Sort Key: c
	        ->  Index Scan using sbtest3_pkey on sbtest3  (cost=0.43..39.15 rows=10 width=121)
	              Index Cond: ((id >= 1171136) AND (id <= 1171145))

table 4 : explain SELECT DISTINCT c FROM sbtest4 WHERE id BETWEEN 9375477 AND 9375486 ORDER BY c
	Unique  (cost=39.04..39.09 rows=10 width=121)
	  ->  Sort  (cost=39.04..39.07 rows=10 width=121)
	        Sort Key: c
	        ->  Index Scan using sbtest4_pkey on sbtest4  (cost=0.43..38.88 rows=10 width=121)
	              Index Cond: ((id >= 9375477) AND (id <= 9375486))

table 5 : explain SELECT DISTINCT c FROM sbtest5 WHERE id BETWEEN 1568798 AND 1568807 ORDER BY c
	Unique  (cost=39.45..39.50 rows=10 width=121)
	  ->  Sort  (cost=39.45..39.47 rows=10 width=121)
	        Sort Key: c
	        ->  Index Scan using sbtest5_pkey on sbtest5  (cost=0.43..39.28 rows=10 width=121)
	              Index Cond: ((id >= 1568798) AND (id <= 1568807))

table 6 : explain SELECT DISTINCT c FROM sbtest6 WHERE id BETWEEN 3603581 AND 3603590 ORDER BY c
	Unique  (cost=39.59..39.64 rows=10 width=121)
	  ->  Sort  (cost=39.59..39.61 rows=10 width=121)
	        Sort Key: c
	        ->  Index Scan using sbtest6_pkey on sbtest6  (cost=0.43..39.42 rows=10 width=121)
	              Index Cond: ((id >= 3603581) AND (id <= 3603590))

table 7 : explain SELECT DISTINCT c FROM sbtest7 WHERE id BETWEEN 5689814 AND 5689823 ORDER BY c
	Unique  (cost=36.19..36.23 rows=9 width=121)
	  ->  Sort  (cost=36.19..36.21 rows=9 width=121)
	        Sort Key: c
	        ->  Index Scan using sbtest7_pkey on sbtest7  (cost=0.43..36.04 rows=9 width=121)
	              Index Cond: ((id >= 5689814) AND (id <= 5689823))

table 8 : explain SELECT DISTINCT c FROM sbtest8 WHERE id BETWEEN 1984684 AND 1984693 ORDER BY c
	Unique  (cost=39.66..39.71 rows=10 width=121)
	  ->  Sort  (cost=39.66..39.69 rows=10 width=121)
	        Sort Key: c
	        ->  Index Scan using sbtest8_pkey on sbtest8  (cost=0.43..39.49 rows=10 width=121)
	              Index Cond: ((id >= 1984684) AND (id <= 1984693))

explain: for non_index_updates :: explain UPDATE sbtest%u SET c='foobar' WHERE id=%u
explain: for inserts :: explain INSERT INTO sbtest%u (id, k, c, pad) VALUES (%u, 13, 'foobar', 'foobar')
explain: for deletes :: explain DELETE FROM sbtest%u WHERE id=%u
for deletes
table 1 : explain DELETE FROM sbtest1 WHERE id=6212891
	Delete on sbtest1  (cost=0.43..8.45 rows=0 width=0)
	  ->  Index Scan using sbtest1_pkey on sbtest1  (cost=0.43..8.45 rows=1 width=6)
	        Index Cond: (id = 6212891)

table 2 : explain DELETE FROM sbtest2 WHERE id=9534457
	Delete on sbtest2  (cost=0.43..8.45 rows=0 width=0)
	  ->  Index Scan using sbtest2_pkey on sbtest2  (cost=0.43..8.45 rows=1 width=6)
	        Index Cond: (id = 9534457)

table 3 : explain DELETE FROM sbtest3 WHERE id=8327678
	Delete on sbtest3  (cost=0.43..8.45 rows=0 width=0)
	  ->  Index Scan using sbtest3_pkey on sbtest3  (cost=0.43..8.45 rows=1 width=6)
	        Index Cond: (id = 8327678)

table 4 : explain DELETE FROM sbtest4 WHERE id=2994989
	Delete on sbtest4  (cost=0.43..8.45 rows=0 width=0)
	  ->  Index Scan using sbtest4_pkey on sbtest4  (cost=0.43..8.45 rows=1 width=6)
	        Index Cond: (id = 2994989)

table 5 : explain DELETE FROM sbtest5 WHERE id=3892736
	Delete on sbtest5  (cost=0.43..8.45 rows=0 width=0)
	  ->  Index Scan using sbtest5_pkey on sbtest5  (cost=0.43..8.45 rows=1 width=6)
	        Index Cond: (id = 3892736)

table 6 : explain DELETE FROM sbtest6 WHERE id=7814682
	Delete on sbtest6  (cost=0.43..8.45 rows=0 width=0)
	  ->  Index Scan using sbtest6_pkey on sbtest6  (cost=0.43..8.45 rows=1 width=6)
	        Index Cond: (id = 7814682)

table 7 : explain DELETE FROM sbtest7 WHERE id=7219608
	Delete on sbtest7  (cost=0.43..8.45 rows=0 width=0)
	  ->  Index Scan using sbtest7_pkey on sbtest7  (cost=0.43..8.45 rows=1 width=6)
	        Index Cond: (id = 7219608)

table 8 : explain DELETE FROM sbtest8 WHERE id=2581192
	Delete on sbtest8  (cost=0.43..8.45 rows=0 width=0)
	  ->  Index Scan using sbtest8_pkey on sbtest8  (cost=0.43..8.45 rows=1 width=6)
	        Index Cond: (id = 2581192)

explain: for index_updates :: explain UPDATE sbtest%u SET k=k+1 WHERE id=%u
for: simple_ranges
table 1 : explain SELECT c FROM sbtest1 WHERE id BETWEEN 4624465 AND 4624474
	Index Scan using sbtest1_pkey on sbtest1  (cost=0.43..42.94 rows=11 width=121)
	  Index Cond: ((id >= 4624465) AND (id <= 4624474))

table 2 : explain SELECT c FROM sbtest2 WHERE id BETWEEN 6055524 AND 6055533
	Index Scan using sbtest2_pkey on sbtest2  (cost=0.43..39.27 rows=10 width=121)
	  Index Cond: ((id >= 6055524) AND (id <= 6055533))

table 3 : explain SELECT c FROM sbtest3 WHERE id BETWEEN 5079650 AND 5079659
	Index Scan using sbtest3_pkey on sbtest3  (cost=0.43..39.15 rows=10 width=121)
	  Index Cond: ((id >= 5079650) AND (id <= 5079659))

table 4 : explain SELECT c FROM sbtest4 WHERE id BETWEEN 8264452 AND 8264461
	Index Scan using sbtest4_pkey on sbtest4  (cost=0.43..38.88 rows=10 width=121)
	  Index Cond: ((id >= 8264452) AND (id <= 8264461))

table 5 : explain SELECT c FROM sbtest5 WHERE id BETWEEN 557104 AND 557113
	Index Scan using sbtest5_pkey on sbtest5  (cost=0.43..39.28 rows=10 width=121)
	  Index Cond: ((id >= 557104) AND (id <= 557113))

table 6 : explain SELECT c FROM sbtest6 WHERE id BETWEEN 4877040 AND 4877049
	Index Scan using sbtest6_pkey on sbtest6  (cost=0.43..39.42 rows=10 width=121)
	  Index Cond: ((id >= 4877040) AND (id <= 4877049))

table 7 : explain SELECT c FROM sbtest7 WHERE id BETWEEN 9048262 AND 9048271
	Index Scan using sbtest7_pkey on sbtest7  (cost=0.43..36.04 rows=9 width=121)
	  Index Cond: ((id >= 9048262) AND (id <= 9048271))

table 8 : explain SELECT c FROM sbtest8 WHERE id BETWEEN 3239361 AND 3239370
	Index Scan using sbtest8_pkey on sbtest8  (cost=0.43..39.49 rows=10 width=121)
	  Index Cond: ((id >= 3239361) AND (id <= 3239370))

for: sum_ranges
table 1 : explain SELECT SUM(k) FROM sbtest1 WHERE id BETWEEN 1059590 AND 1059599
	Aggregate  (cost=39.51..39.52 rows=1 width=8)
	  ->  Index Scan using sbtest1_pkey on sbtest1  (cost=0.43..39.49 rows=10 width=4)
	        Index Cond: ((id >= 1059590) AND (id <= 1059599))

table 2 : explain SELECT SUM(k) FROM sbtest2 WHERE id BETWEEN 4722344 AND 4722353
	Aggregate  (cost=39.29..39.30 rows=1 width=8)
	  ->  Index Scan using sbtest2_pkey on sbtest2  (cost=0.43..39.27 rows=10 width=4)
	        Index Cond: ((id >= 4722344) AND (id <= 4722353))

table 3 : explain SELECT SUM(k) FROM sbtest3 WHERE id BETWEEN 6655191 AND 6655200
	Aggregate  (cost=39.18..39.19 rows=1 width=8)
	  ->  Index Scan using sbtest3_pkey on sbtest3  (cost=0.43..39.15 rows=10 width=4)
	        Index Cond: ((id >= 6655191) AND (id <= 6655200))

table 4 : explain SELECT SUM(k) FROM sbtest4 WHERE id BETWEEN 5862822 AND 5862831
	Aggregate  (cost=38.90..38.91 rows=1 width=8)
	  ->  Index Scan using sbtest4_pkey on sbtest4  (cost=0.43..38.88 rows=10 width=4)
	        Index Cond: ((id >= 5862822) AND (id <= 5862831))

table 5 : explain SELECT SUM(k) FROM sbtest5 WHERE id BETWEEN 7588977 AND 7588986
	Aggregate  (cost=39.30..39.31 rows=1 width=8)
	  ->  Index Scan using sbtest5_pkey on sbtest5  (cost=0.43..39.28 rows=10 width=4)
	        Index Cond: ((id >= 7588977) AND (id <= 7588986))

table 6 : explain SELECT SUM(k) FROM sbtest6 WHERE id BETWEEN 3291803 AND 3291812
	Aggregate  (cost=42.89..42.90 rows=1 width=8)
	  ->  Index Scan using sbtest6_pkey on sbtest6  (cost=0.43..42.86 rows=11 width=4)
	        Index Cond: ((id >= 3291803) AND (id <= 3291812))

table 7 : explain SELECT SUM(k) FROM sbtest7 WHERE id BETWEEN 2046355 AND 2046364
	Aggregate  (cost=39.52..39.53 rows=1 width=8)
	  ->  Index Scan using sbtest7_pkey on sbtest7  (cost=0.43..39.49 rows=10 width=4)
	        Index Cond: ((id >= 2046355) AND (id <= 2046364))

table 8 : explain SELECT SUM(k) FROM sbtest8 WHERE id BETWEEN 9588900 AND 9588909
	Aggregate  (cost=42.97..42.98 rows=1 width=8)
	  ->  Index Scan using sbtest8_pkey on sbtest8  (cost=0.43..42.94 rows=11 width=4)
	        Index Cond: ((id >= 9588900) AND (id <= 9588909))

for non_index_updates
table 1 : explain UPDATE sbtest1 SET c='foobar' WHERE id=6875642
	Update on sbtest1  (cost=0.43..8.45 rows=0 width=0)
	  ->  Index Scan using sbtest1_pkey on sbtest1  (cost=0.43..8.45 rows=1 width=490)
	        Index Cond: (id = 6875642)

table 2 : explain UPDATE sbtest2 SET c='foobar' WHERE id=4654199
	Update on sbtest2  (cost=0.43..8.45 rows=0 width=0)
	  ->  Index Scan using sbtest2_pkey on sbtest2  (cost=0.43..8.45 rows=1 width=490)
	        Index Cond: (id = 4654199)

table 3 : explain UPDATE sbtest3 SET c='foobar' WHERE id=1694566
	Update on sbtest3  (cost=0.43..8.45 rows=0 width=0)
	  ->  Index Scan using sbtest3_pkey on sbtest3  (cost=0.43..8.45 rows=1 width=490)
	        Index Cond: (id = 1694566)

table 4 : explain UPDATE sbtest4 SET c='foobar' WHERE id=8146925
	Update on sbtest4  (cost=0.43..8.45 rows=0 width=0)
	  ->  Index Scan using sbtest4_pkey on sbtest4  (cost=0.43..8.45 rows=1 width=490)
	        Index Cond: (id = 8146925)

table 5 : explain UPDATE sbtest5 SET c='foobar' WHERE id=5210536
	Update on sbtest5  (cost=0.43..8.45 rows=0 width=0)
	  ->  Index Scan using sbtest5_pkey on sbtest5  (cost=0.43..8.45 rows=1 width=490)
	        Index Cond: (id = 5210536)

table 6 : explain UPDATE sbtest6 SET c='foobar' WHERE id=9090560
	Update on sbtest6  (cost=0.43..8.45 rows=0 width=0)
	  ->  Index Scan using sbtest6_pkey on sbtest6  (cost=0.43..8.45 rows=1 width=490)
	        Index Cond: (id = 9090560)

table 7 : explain UPDATE sbtest7 SET c='foobar' WHERE id=4529594
	Update on sbtest7  (cost=0.43..8.45 rows=0 width=0)
	  ->  Index Scan using sbtest7_pkey on sbtest7  (cost=0.43..8.45 rows=1 width=490)
	        Index Cond: (id = 4529594)

table 8 : explain UPDATE sbtest8 SET c='foobar' WHERE id=8724533
	Update on sbtest8  (cost=0.43..8.45 rows=0 width=0)
	  ->  Index Scan using sbtest8_pkey on sbtest8  (cost=0.43..8.45 rows=1 width=490)
	        Index Cond: (id = 8724533)

for inserts
table 1 : explain INSERT INTO sbtest1 (id, k, c, pad) VALUES (3015607, 13, 'foobar', 'foobar')
	Insert on sbtest1  (cost=0.00..0.01 rows=0 width=0)
	  ->  Result  (cost=0.00..0.01 rows=1 width=736)

table 2 : explain INSERT INTO sbtest2 (id, k, c, pad) VALUES (9606291, 13, 'foobar', 'foobar')
	Insert on sbtest2  (cost=0.00..0.01 rows=0 width=0)
	  ->  Result  (cost=0.00..0.01 rows=1 width=736)

table 3 : explain INSERT INTO sbtest3 (id, k, c, pad) VALUES (6376412, 13, 'foobar', 'foobar')
	Insert on sbtest3  (cost=0.00..0.01 rows=0 width=0)
	  ->  Result  (cost=0.00..0.01 rows=1 width=736)

table 4 : explain INSERT INTO sbtest4 (id, k, c, pad) VALUES (8402935, 13, 'foobar', 'foobar')
	Insert on sbtest4  (cost=0.00..0.01 rows=0 width=0)
	  ->  Result  (cost=0.00..0.01 rows=1 width=736)

table 5 : explain INSERT INTO sbtest5 (id, k, c, pad) VALUES (4107204, 13, 'foobar', 'foobar')
	Insert on sbtest5  (cost=0.00..0.01 rows=0 width=0)
	  ->  Result  (cost=0.00..0.01 rows=1 width=736)

table 6 : explain INSERT INTO sbtest6 (id, k, c, pad) VALUES (7711351, 13, 'foobar', 'foobar')
	Insert on sbtest6  (cost=0.00..0.01 rows=0 width=0)
	  ->  Result  (cost=0.00..0.01 rows=1 width=736)

table 7 : explain INSERT INTO sbtest7 (id, k, c, pad) VALUES (852959, 13, 'foobar', 'foobar')
	Insert on sbtest7  (cost=0.00..0.01 rows=0 width=0)
	  ->  Result  (cost=0.00..0.01 rows=1 width=736)

table 8 : explain INSERT INTO sbtest8 (id, k, c, pad) VALUES (7813299, 13, 'foobar', 'foobar')
	Insert on sbtest8  (cost=0.00..0.01 rows=0 width=0)
	  ->  Result  (cost=0.00..0.01 rows=1 width=736)

explain: for point_selects :: explain SELECT c FROM sbtest%u WHERE id=%u
for: simple_ranges
table 1 : explain SELECT c FROM sbtest1 WHERE id BETWEEN 1934196 AND 1934205
	Index Scan using sbtest1_pkey on sbtest1  (cost=0.43..39.49 rows=10 width=121)
	  Index Cond: ((id >= 1934196) AND (id <= 1934205))

table 2 : explain SELECT c FROM sbtest2 WHERE id BETWEEN 1562778 AND 1562787
	Index Scan using sbtest2_pkey on sbtest2  (cost=0.43..42.69 rows=11 width=121)
	  Index Cond: ((id >= 1562778) AND (id <= 1562787))

table 3 : explain SELECT c FROM sbtest3 WHERE id BETWEEN 371798 AND 371807
	Index Scan using sbtest3_pkey on sbtest3  (cost=0.43..39.15 rows=10 width=121)
	  Index Cond: ((id >= 371798) AND (id <= 371807))

table 4 : explain SELECT c FROM sbtest4 WHERE id BETWEEN 169413 AND 169422
	Index Scan using sbtest4_pkey on sbtest4  (cost=0.43..38.88 rows=10 width=121)
	  Index Cond: ((id >= 169413) AND (id <= 169422))

table 5 : explain SELECT c FROM sbtest5 WHERE id BETWEEN 580584 AND 580593
	Index Scan using sbtest5_pkey on sbtest5  (cost=0.43..39.28 rows=10 width=121)
	  Index Cond: ((id >= 580584) AND (id <= 580593))

table 6 : explain SELECT c FROM sbtest6 WHERE id BETWEEN 3050539 AND 3050548
	Index Scan using sbtest6_pkey on sbtest6  (cost=0.43..39.42 rows=10 width=121)
	  Index Cond: ((id >= 3050539) AND (id <= 3050548))

table 7 : explain SELECT c FROM sbtest7 WHERE id BETWEEN 5797256 AND 5797265
	Index Scan using sbtest7_pkey on sbtest7  (cost=0.43..39.49 rows=10 width=121)
	  Index Cond: ((id >= 5797256) AND (id <= 5797265))

table 8 : explain SELECT c FROM sbtest8 WHERE id BETWEEN 3010636 AND 3010645
	Index Scan using sbtest8_pkey on sbtest8  (cost=0.43..39.49 rows=10 width=121)
	  Index Cond: ((id >= 3010636) AND (id <= 3010645))

explain: for deletes :: explain DELETE FROM sbtest%u WHERE id=%u
explain: for inserts :: explain INSERT INTO sbtest%u (id, k, c, pad) VALUES (%u, 13, 'foobar', 'foobar')
explain: for index_updates :: explain UPDATE sbtest%u SET k=k+1 WHERE id=%u
for deletes
table 1 : explain DELETE FROM sbtest1 WHERE id=1812581
	Delete on sbtest1  (cost=0.43..8.45 rows=0 width=0)
	  ->  Index Scan using sbtest1_pkey on sbtest1  (cost=0.43..8.45 rows=1 width=6)
	        Index Cond: (id = 1812581)

table 2 : explain DELETE FROM sbtest2 WHERE id=6301732
	Delete on sbtest2  (cost=0.43..8.45 rows=0 width=0)
	  ->  Index Scan using sbtest2_pkey on sbtest2  (cost=0.43..8.45 rows=1 width=6)
	        Index Cond: (id = 6301732)

table 3 : explain DELETE FROM sbtest3 WHERE id=110381
	Delete on sbtest3  (cost=0.43..8.45 rows=0 width=0)
	  ->  Index Scan using sbtest3_pkey on sbtest3  (cost=0.43..8.45 rows=1 width=6)
	        Index Cond: (id = 110381)

table 4 : explain DELETE FROM sbtest4 WHERE id=5395270
	Delete on sbtest4  (cost=0.43..8.45 rows=0 width=0)
	  ->  Index Scan using sbtest4_pkey on sbtest4  (cost=0.43..8.45 rows=1 width=6)
	        Index Cond: (id = 5395270)

table 5 : explain DELETE FROM sbtest5 WHERE id=4721219
	Delete on sbtest5  (cost=0.43..8.45 rows=0 width=0)
	  ->  Index Scan using sbtest5_pkey on sbtest5  (cost=0.43..8.45 rows=1 width=6)
	        Index Cond: (id = 4721219)

table 6 : explain DELETE FROM sbtest6 WHERE id=3134976
	Delete on sbtest6  (cost=0.43..8.45 rows=0 width=0)
	  ->  Index Scan using sbtest6_pkey on sbtest6  (cost=0.43..8.45 rows=1 width=6)
	        Index Cond: (id = 3134976)

table 7 : explain DELETE FROM sbtest7 WHERE id=8546544
	Delete on sbtest7  (cost=0.43..8.45 rows=0 width=0)
	  ->  Index Scan using sbtest7_pkey on sbtest7  (cost=0.43..8.45 rows=1 width=6)
	        Index Cond: (id = 8546544)

table 8 : explain DELETE FROM sbtest8 WHERE id=6849386
	Delete on sbtest8  (cost=0.43..8.45 rows=0 width=0)
	  ->  Index Scan using sbtest8_pkey on sbtest8  (cost=0.43..8.45 rows=1 width=6)
	        Index Cond: (id = 6849386)

for: sum_ranges
table 1 : explain SELECT SUM(k) FROM sbtest1 WHERE id BETWEEN 2240874 AND 2240883
	Aggregate  (cost=42.97..42.98 rows=1 width=8)
	  ->  Index Scan using sbtest1_pkey on sbtest1  (cost=0.43..42.94 rows=11 width=4)
	        Index Cond: ((id >= 2240874) AND (id <= 2240883))

table 2 : explain SELECT SUM(k) FROM sbtest2 WHERE id BETWEEN 698828 AND 698837
	Aggregate  (cost=39.29..39.30 rows=1 width=8)
	  ->  Index Scan using sbtest2_pkey on sbtest2  (cost=0.43..39.27 rows=10 width=4)
	        Index Cond: ((id >= 698828) AND (id <= 698837))

table 3 : explain SELECT SUM(k) FROM sbtest3 WHERE id BETWEEN 1125384 AND 1125393
	Aggregate  (cost=39.18..39.19 rows=1 width=8)
	  ->  Index Scan using sbtest3_pkey on sbtest3  (cost=0.43..39.15 rows=10 width=4)
	        Index Cond: ((id >= 1125384) AND (id <= 1125393))

table 4 : explain SELECT SUM(k) FROM sbtest4 WHERE id BETWEEN 5990345 AND 5990354
	Aggregate  (cost=38.90..38.91 rows=1 width=8)
	  ->  Index Scan using sbtest4_pkey on sbtest4  (cost=0.43..38.88 rows=10 width=4)
	        Index Cond: ((id >= 5990345) AND (id <= 5990354))

table 5 : explain SELECT SUM(k) FROM sbtest5 WHERE id BETWEEN 7827343 AND 7827352
	Aggregate  (cost=42.73..42.74 rows=1 width=8)
	  ->  Index Scan using sbtest5_pkey on sbtest5  (cost=0.43..42.70 rows=11 width=4)
	        Index Cond: ((id >= 7827343) AND (id <= 7827352))

table 6 : explain SELECT SUM(k) FROM sbtest6 WHERE id BETWEEN 5183245 AND 5183254
	Aggregate  (cost=39.45..39.46 rows=1 width=8)
	  ->  Index Scan using sbtest6_pkey on sbtest6  (cost=0.43..39.42 rows=10 width=4)
	        Index Cond: ((id >= 5183245) AND (id <= 5183254))

table 7 : explain SELECT SUM(k) FROM sbtest7 WHERE id BETWEEN 1892399 AND 1892408
	Aggregate  (cost=39.52..39.53 rows=1 width=8)
	  ->  Index Scan using sbtest7_pkey on sbtest7  (cost=0.43..39.49 rows=10 width=4)
	        Index Cond: ((id >= 1892399) AND (id <= 1892408))

table 8 : explain SELECT SUM(k) FROM sbtest8 WHERE id BETWEEN 3610487 AND 3610496
	Aggregate  (cost=39.52..39.53 rows=1 width=8)
	  ->  Index Scan using sbtest8_pkey on sbtest8  (cost=0.43..39.49 rows=10 width=4)
	        Index Cond: ((id >= 3610487) AND (id <= 3610496))

for inserts
table 1 : explain INSERT INTO sbtest1 (id, k, c, pad) VALUES (6443300, 13, 'foobar', 'foobar')
	Insert on sbtest1  (cost=0.00..0.01 rows=0 width=0)
	  ->  Result  (cost=0.00..0.01 rows=1 width=736)

table 2 : explain INSERT INTO sbtest2 (id, k, c, pad) VALUES (2374774, 13, 'foobar', 'foobar')
	Insert on sbtest2  (cost=0.00..0.01 rows=0 width=0)
	  ->  Result  (cost=0.00..0.01 rows=1 width=736)

table 3 : explain INSERT INTO sbtest3 (id, k, c, pad) VALUES (2943955, 13, 'foobar', 'foobar')
	Insert on sbtest3  (cost=0.00..0.01 rows=0 width=0)
	  ->  Result  (cost=0.00..0.01 rows=1 width=736)

table 4 : explain INSERT INTO sbtest4 (id, k, c, pad) VALUES (1363381, 13, 'foobar', 'foobar')
	Insert on sbtest4  (cost=0.00..0.01 rows=0 width=0)
	  ->  Result  (cost=0.00..0.01 rows=1 width=736)

table 5 : explain INSERT INTO sbtest5 (id, k, c, pad) VALUES (1096123, 13, 'foobar', 'foobar')
	Insert on sbtest5  (cost=0.00..0.01 rows=0 width=0)
	  ->  Result  (cost=0.00..0.01 rows=1 width=736)

table 6 : explain INSERT INTO sbtest6 (id, k, c, pad) VALUES (7325907, 13, 'foobar', 'foobar')
	Insert on sbtest6  (cost=0.00..0.01 rows=0 width=0)
	  ->  Result  (cost=0.00..0.01 rows=1 width=736)

table 7 : explain INSERT INTO sbtest7 (id, k, c, pad) VALUES (4874158, 13, 'foobar', 'foobar')
	Insert on sbtest7  (cost=0.00..0.01 rows=0 width=0)
	  ->  Result  (cost=0.00..0.01 rows=1 width=736)

table 8 : explain INSERT INTO sbtest8 (id, k, c, pad) VALUES (3298010, 13, 'foobar', 'foobar')
	Insert on sbtest8  (cost=0.00..0.01 rows=0 width=0)
	  ->  Result  (cost=0.00..0.01 rows=1 width=736)

for deletes
table 1 : explain DELETE FROM sbtest1 WHERE id=352568
	Delete on sbtest1  (cost=0.43..8.45 rows=0 width=0)
	  ->  Index Scan using sbtest1_pkey on sbtest1  (cost=0.43..8.45 rows=1 width=6)
	        Index Cond: (id = 352568)

table 2 : explain DELETE FROM sbtest2 WHERE id=3292551
	Delete on sbtest2  (cost=0.43..8.45 rows=0 width=0)
	  ->  Index Scan using sbtest2_pkey on sbtest2  (cost=0.43..8.45 rows=1 width=6)
	        Index Cond: (id = 3292551)

table 3 : explain DELETE FROM sbtest3 WHERE id=2684142
	Delete on sbtest3  (cost=0.43..8.45 rows=0 width=0)
	  ->  Index Scan using sbtest3_pkey on sbtest3  (cost=0.43..8.45 rows=1 width=6)
	        Index Cond: (id = 2684142)

table 4 : explain DELETE FROM sbtest4 WHERE id=478020
	Delete on sbtest4  (cost=0.43..8.45 rows=0 width=0)
	  ->  Index Scan using sbtest4_pkey on sbtest4  (cost=0.43..8.45 rows=1 width=6)
	        Index Cond: (id = 478020)

table 5 : explain DELETE FROM sbtest5 WHERE id=6002131
	Delete on sbtest5  (cost=0.43..8.45 rows=0 width=0)
	  ->  Index Scan using sbtest5_pkey on sbtest5  (cost=0.43..8.45 rows=1 width=6)
	        Index Cond: (id = 6002131)

table 6 : explain DELETE FROM sbtest6 WHERE id=9285705
	Delete on sbtest6  (cost=0.43..8.45 rows=0 width=0)
	  ->  Index Scan using sbtest6_pkey on sbtest6  (cost=0.43..8.45 rows=1 width=6)
	        Index Cond: (id = 9285705)

table 7 : explain DELETE FROM sbtest7 WHERE id=9021500
	Delete on sbtest7  (cost=0.43..8.45 rows=0 width=0)
	  ->  Index Scan using sbtest7_pkey on sbtest7  (cost=0.43..8.45 rows=1 width=6)
	        Index Cond: (id = 9021500)

table 8 : explain DELETE FROM sbtest8 WHERE id=243252
	Delete on sbtest8  (cost=0.43..8.45 rows=0 width=0)
	  ->  Index Scan using sbtest8_pkey on sbtest8  (cost=0.43..8.45 rows=1 width=6)
	        Index Cond: (id = 243252)

explain: for point_selects :: explain SELECT c FROM sbtest%u WHERE id=%u
explain: for point_selects :: explain SELECT c FROM sbtest%u WHERE id=%u
explain: for point_selects :: explain SELECT c FROM sbtest%u WHERE id=%u
for point_selects
table 1 : explain SELECT c FROM sbtest1 WHERE id=3733234
	Index Scan using sbtest1_pkey on sbtest1  (cost=0.43..8.45 rows=1 width=121)
	  Index Cond: (id = 3733234)

table 2 : explain SELECT c FROM sbtest2 WHERE id=6580376
	Index Scan using sbtest2_pkey on sbtest2  (cost=0.43..8.45 rows=1 width=121)
	  Index Cond: (id = 6580376)

table 3 : explain SELECT c FROM sbtest3 WHERE id=6376340
	Index Scan using sbtest3_pkey on sbtest3  (cost=0.43..8.45 rows=1 width=121)
	  Index Cond: (id = 6376340)

table 4 : explain SELECT c FROM sbtest4 WHERE id=1074556
	Index Scan using sbtest4_pkey on sbtest4  (cost=0.43..8.45 rows=1 width=121)
	  Index Cond: (id = 1074556)

table 5 : explain SELECT c FROM sbtest5 WHERE id=3364677
	Index Scan using sbtest5_pkey on sbtest5  (cost=0.43..8.45 rows=1 width=121)
	  Index Cond: (id = 3364677)

table 6 : explain SELECT c FROM sbtest6 WHERE id=4459381
	Index Scan using sbtest6_pkey on sbtest6  (cost=0.43..8.45 rows=1 width=121)
	  Index Cond: (id = 4459381)

table 7 : explain SELECT c FROM sbtest7 WHERE id=1943754
	Index Scan using sbtest7_pkey on sbtest7  (cost=0.43..8.45 rows=1 width=121)
	  Index Cond: (id = 1943754)

table 8 : explain SELECT c FROM sbtest8 WHERE id=26126
	Index Scan using sbtest8_pkey on sbtest8  (cost=0.43..8.45 rows=1 width=121)
	  Index Cond: (id = 26126)

for: order_ranges
table 1 : explain SELECT c FROM sbtest1 WHERE id BETWEEN 9936092 AND 9936101 ORDER BY c
	Sort  (cost=36.18..36.21 rows=9 width=121)
	  Sort Key: c
	  ->  Index Scan using sbtest1_pkey on sbtest1  (cost=0.43..36.04 rows=9 width=121)
	        Index Cond: ((id >= 9936092) AND (id <= 9936101))

table 2 : explain SELECT c FROM sbtest2 WHERE id BETWEEN 4835274 AND 4835283 ORDER BY c
	Sort  (cost=35.99..36.01 rows=9 width=121)
	  Sort Key: c
	  ->  Index Scan using sbtest2_pkey on sbtest2  (cost=0.43..35.85 rows=9 width=121)
	        Index Cond: ((id >= 4835274) AND (id <= 4835283))

table 3 : explain SELECT c FROM sbtest3 WHERE id BETWEEN 5819148 AND 5819157 ORDER BY c
	Sort  (cost=35.89..35.91 rows=9 width=121)
	  Sort Key: c
	  ->  Index Scan using sbtest3_pkey on sbtest3  (cost=0.43..35.74 rows=9 width=121)
	        Index Cond: ((id >= 5819148) AND (id <= 5819157))

table 4 : explain SELECT c FROM sbtest4 WHERE id BETWEEN 1299350 AND 1299359 ORDER BY c
	Sort  (cost=39.04..39.07 rows=10 width=121)
	  Sort Key: c
	  ->  Index Scan using sbtest4_pkey on sbtest4  (cost=0.43..38.88 rows=10 width=121)
	        Index Cond: ((id >= 1299350) AND (id <= 1299359))

table 5 : explain SELECT c FROM sbtest5 WHERE id BETWEEN 578456 AND 578465 ORDER BY c
	Sort  (cost=39.45..39.47 rows=10 width=121)
	  Sort Key: c
	  ->  Index Scan using sbtest5_pkey on sbtest5  (cost=0.43..39.28 rows=10 width=121)
	        Index Cond: ((id >= 578456) AND (id <= 578465))

table 6 : explain SELECT c FROM sbtest6 WHERE id BETWEEN 6205823 AND 6205832 ORDER BY c
	Sort  (cost=36.12..36.15 rows=9 width=121)
	  Sort Key: c
	  ->  Index Scan using sbtest6_pkey on sbtest6  (cost=0.43..35.98 rows=9 width=121)
	        Index Cond: ((id >= 6205823) AND (id <= 6205832))

table 7 : explain SELECT c FROM sbtest7 WHERE id BETWEEN 7691458 AND 7691467 ORDER BY c
	Sort  (cost=39.66..39.68 rows=10 width=121)
	  Sort Key: c
	  ->  Index Scan using sbtest7_pkey on sbtest7  (cost=0.43..39.49 rows=10 width=121)
	        Index Cond: ((id >= 7691458) AND (id <= 7691467))

table 8 : explain SELECT c FROM sbtest8 WHERE id BETWEEN 1580922 AND 1580931 ORDER BY c
	Sort  (cost=39.66..39.69 rows=10 width=121)
	  Sort Key: c
	  ->  Index Scan using sbtest8_pkey on sbtest8  (cost=0.43..39.49 rows=10 width=121)
	        Index Cond: ((id >= 1580922) AND (id <= 1580931))

explain: for inserts :: explain INSERT INTO sbtest%u (id, k, c, pad) VALUES (%u, 13, 'foobar', 'foobar')
for index_updates
table 1 : explain UPDATE sbtest1 SET k=k+1 WHERE id=2481283
	Update on sbtest1  (cost=0.43..8.46 rows=0 width=0)
	  ->  Index Scan using sbtest1_pkey on sbtest1  (cost=0.43..8.46 rows=1 width=10)
	        Index Cond: (id = 2481283)

table 2 : explain UPDATE sbtest2 SET k=k+1 WHERE id=9928125
	Update on sbtest2  (cost=0.43..8.46 rows=0 width=0)
	  ->  Index Scan using sbtest2_pkey on sbtest2  (cost=0.43..8.46 rows=1 width=10)
	        Index Cond: (id = 9928125)

table 3 : explain UPDATE sbtest3 SET k=k+1 WHERE id=7059298
	Update on sbtest3  (cost=0.43..8.46 rows=0 width=0)
	  ->  Index Scan using sbtest3_pkey on sbtest3  (cost=0.43..8.46 rows=1 width=10)
	        Index Cond: (id = 7059298)

table 4 : explain UPDATE sbtest4 SET k=k+1 WHERE id=6969991
	Update on sbtest4  (cost=0.43..8.46 rows=0 width=0)
	  ->  Index Scan using sbtest4_pkey on sbtest4  (cost=0.43..8.46 rows=1 width=10)
	        Index Cond: (id = 6969991)

table 5 : explain UPDATE sbtest5 SET k=k+1 WHERE id=1125380
	Update on sbtest5  (cost=0.43..8.46 rows=0 width=0)
	  ->  Index Scan using sbtest5_pkey on sbtest5  (cost=0.43..8.46 rows=1 width=10)
	        Index Cond: (id = 1125380)

table 6 : explain UPDATE sbtest6 SET k=k+1 WHERE id=300361
	Update on sbtest6  (cost=0.43..8.46 rows=0 width=0)
	  ->  Index Scan using sbtest6_pkey on sbtest6  (cost=0.43..8.46 rows=1 width=10)
	        Index Cond: (id = 300361)

table 7 : explain UPDATE sbtest7 SET k=k+1 WHERE id=7376081
	Update on sbtest7  (cost=0.43..8.46 rows=0 width=0)
	  ->  Index Scan using sbtest7_pkey on sbtest7  (cost=0.43..8.46 rows=1 width=10)
	        Index Cond: (id = 7376081)

table 8 : explain UPDATE sbtest8 SET k=k+1 WHERE id=8546202
	Update on sbtest8  (cost=0.43..8.46 rows=0 width=0)
	  ->  Index Scan using sbtest8_pkey on sbtest8  (cost=0.43..8.46 rows=1 width=10)
	        Index Cond: (id = 8546202)

for: sum_ranges
table 1 : explain SELECT SUM(k) FROM sbtest1 WHERE id BETWEEN 1916886 AND 1916895
	Aggregate  (cost=39.51..39.52 rows=1 width=8)
	  ->  Index Scan using sbtest1_pkey on sbtest1  (cost=0.43..39.49 rows=10 width=4)
	        Index Cond: ((id >= 1916886) AND (id <= 1916895))

table 2 : explain SELECT SUM(k) FROM sbtest2 WHERE id BETWEEN 5011388 AND 5011397
	Aggregate  (cost=39.29..39.30 rows=1 width=8)
	  ->  Index Scan using sbtest2_pkey on sbtest2  (cost=0.43..39.27 rows=10 width=4)
	        Index Cond: ((id >= 5011388) AND (id <= 5011397))

table 3 : explain SELECT SUM(k) FROM sbtest3 WHERE id BETWEEN 8256559 AND 8256568
	Aggregate  (cost=39.18..39.19 rows=1 width=8)
	  ->  Index Scan using sbtest3_pkey on sbtest3  (cost=0.43..39.15 rows=10 width=4)
	        Index Cond: ((id >= 8256559) AND (id <= 8256568))

table 4 : explain SELECT SUM(k) FROM sbtest4 WHERE id BETWEEN 4782996 AND 4783005
	Aggregate  (cost=38.90..38.91 rows=1 width=8)
	  ->  Index Scan using sbtest4_pkey on sbtest4  (cost=0.43..38.88 rows=10 width=4)
	        Index Cond: ((id >= 4782996) AND (id <= 4783005))

table 5 : explain SELECT SUM(k) FROM sbtest5 WHERE id BETWEEN 9700162 AND 9700171
	Aggregate  (cost=39.30..39.31 rows=1 width=8)
	  ->  Index Scan using sbtest5_pkey on sbtest5  (cost=0.43..39.28 rows=10 width=4)
	        Index Cond: ((id >= 9700162) AND (id <= 9700171))

table 6 : explain SELECT SUM(k) FROM sbtest6 WHERE id BETWEEN 1585248 AND 1585257
	Aggregate  (cost=39.45..39.46 rows=1 width=8)
	  ->  Index Scan using sbtest6_pkey on sbtest6  (cost=0.43..39.42 rows=10 width=4)
	        Index Cond: ((id >= 1585248) AND (id <= 1585257))

table 7 : explain SELECT SUM(k) FROM sbtest7 WHERE id BETWEEN 3367446 AND 3367455
	Aggregate  (cost=39.52..39.53 rows=1 width=8)
	  ->  Index Scan using sbtest7_pkey on sbtest7  (cost=0.43..39.49 rows=10 width=4)
	        Index Cond: ((id >= 3367446) AND (id <= 3367455))

table 8 : explain SELECT SUM(k) FROM sbtest8 WHERE id BETWEEN 1582628 AND 1582637
	Aggregate  (cost=39.52..39.53 rows=1 width=8)
	  ->  Index Scan using sbtest8_pkey on sbtest8  (cost=0.43..39.49 rows=10 width=4)
	        Index Cond: ((id >= 1582628) AND (id <= 1582637))

for point_selects
table 1 : explain SELECT c FROM sbtest1 WHERE id=8606524
	Index Scan using sbtest1_pkey on sbtest1  (cost=0.43..8.45 rows=1 width=121)
	  Index Cond: (id = 8606524)

table 2 : explain SELECT c FROM sbtest2 WHERE id=7625963
	Index Scan using sbtest2_pkey on sbtest2  (cost=0.43..8.45 rows=1 width=121)
	  Index Cond: (id = 7625963)

table 3 : explain SELECT c FROM sbtest3 WHERE id=4866345
	Index Scan using sbtest3_pkey on sbtest3  (cost=0.43..8.45 rows=1 width=121)
	  Index Cond: (id = 4866345)

table 4 : explain SELECT c FROM sbtest4 WHERE id=3204700
	Index Scan using sbtest4_pkey on sbtest4  (cost=0.43..8.45 rows=1 width=121)
	  Index Cond: (id = 3204700)

table 5 : explain SELECT c FROM sbtest5 WHERE id=3588543
	Index Scan using sbtest5_pkey on sbtest5  (cost=0.43..8.45 rows=1 width=121)
	  Index Cond: (id = 3588543)

table 6 : explain SELECT c FROM sbtest6 WHERE id=2928742
	Index Scan using sbtest6_pkey on sbtest6  (cost=0.43..8.45 rows=1 width=121)
	  Index Cond: (id = 2928742)

table 7 : explain SELECT c FROM sbtest7 WHERE id=5709533
	Index Scan using sbtest7_pkey on sbtest7  (cost=0.43..8.45 rows=1 width=121)
	  Index Cond: (id = 5709533)

table 8 : explain SELECT c FROM sbtest8 WHERE id=7020807
	Index Scan using sbtest8_pkey on sbtest8  (cost=0.43..8.45 rows=1 width=121)
	  Index Cond: (id = 7020807)

explain: for inserts :: explain INSERT INTO sbtest%u (id, k, c, pad) VALUES (%u, 13, 'foobar', 'foobar')
for: distinct_ranges
table 1 : explain SELECT DISTINCT c FROM sbtest1 WHERE id BETWEEN 2827567 AND 2827576 ORDER BY c
	Unique  (cost=39.66..39.71 rows=10 width=121)
	  ->  Sort  (cost=39.66..39.68 rows=10 width=121)
	        Sort Key: c
	        ->  Index Scan using sbtest1_pkey on sbtest1  (cost=0.43..39.49 rows=10 width=121)
	              Index Cond: ((id >= 2827567) AND (id <= 2827576))

table 2 : explain SELECT DISTINCT c FROM sbtest2 WHERE id BETWEEN 5183819 AND 5183828 ORDER BY c
	Unique  (cost=39.44..39.49 rows=10 width=121)
	  ->  Sort  (cost=39.44..39.46 rows=10 width=121)
	        Sort Key: c
	        ->  Index Scan using sbtest2_pkey on sbtest2  (cost=0.43..39.27 rows=10 width=121)
	              Index Cond: ((id >= 5183819) AND (id <= 5183828))

table 3 : explain SELECT DISTINCT c FROM sbtest3 WHERE id BETWEEN 818734 AND 818743 ORDER BY c
	Unique  (cost=39.32..39.37 rows=10 width=121)
	  ->  Sort  (cost=39.32..39.35 rows=10 width=121)
	        Sort Key: c
	        ->  Index Scan using sbtest3_pkey on sbtest3  (cost=0.43..39.15 rows=10 width=121)
	              Index Cond: ((id >= 818734) AND (id <= 818743))

table 4 : explain SELECT DISTINCT c FROM sbtest4 WHERE id BETWEEN 6407611 AND 6407620 ORDER BY c
	Unique  (cost=39.04..39.09 rows=10 width=121)
	  ->  Sort  (cost=39.04..39.07 rows=10 width=121)
	        Sort Key: c
	        ->  Index Scan using sbtest4_pkey on sbtest4  (cost=0.43..38.88 rows=10 width=121)
	              Index Cond: ((id >= 6407611) AND (id <= 6407620))

table 5 : explain SELECT DISTINCT c FROM sbtest5 WHERE id BETWEEN 8713564 AND 8713573 ORDER BY c
	Unique  (cost=36.00..36.04 rows=9 width=121)
	  ->  Sort  (cost=36.00..36.02 rows=9 width=121)
	        Sort Key: c
	        ->  Index Scan using sbtest5_pkey on sbtest5  (cost=0.43..35.85 rows=9 width=121)
	              Index Cond: ((id >= 8713564) AND (id <= 8713573))

table 6 : explain SELECT DISTINCT c FROM sbtest6 WHERE id BETWEEN 6429172 AND 6429181 ORDER BY c
	Unique  (cost=39.59..39.64 rows=10 width=121)
	  ->  Sort  (cost=39.59..39.61 rows=10 width=121)
	        Sort Key: c
	        ->  Index Scan using sbtest6_pkey on sbtest6  (cost=0.43..39.42 rows=10 width=121)
	              Index Cond: ((id >= 6429172) AND (id <= 6429181))

table 7 : explain SELECT DISTINCT c FROM sbtest7 WHERE id BETWEEN 8277503 AND 8277512 ORDER BY c
	Unique  (cost=39.66..39.71 rows=10 width=121)
	  ->  Sort  (cost=39.66..39.68 rows=10 width=121)
	        Sort Key: c
	        ->  Index Scan using sbtest7_pkey on sbtest7  (cost=0.43..39.49 rows=10 width=121)
	              Index Cond: ((id >= 8277503) AND (id <= 8277512))

table 8 : explain SELECT DISTINCT c FROM sbtest8 WHERE id BETWEEN 2040221 AND 2040230 ORDER BY c
	Unique  (cost=39.66..39.71 rows=10 width=121)
	  ->  Sort  (cost=39.66..39.69 rows=10 width=121)
	        Sort Key: c
	        ->  Index Scan using sbtest8_pkey on sbtest8  (cost=0.43..39.49 rows=10 width=121)
	              Index Cond: ((id >= 2040221) AND (id <= 2040230))

for inserts
table 1 : explain INSERT INTO sbtest1 (id, k, c, pad) VALUES (8702146, 13, 'foobar', 'foobar')
	Insert on sbtest1  (cost=0.00..0.01 rows=0 width=0)
	  ->  Result  (cost=0.00..0.01 rows=1 width=736)

table 2 : explain INSERT INTO sbtest2 (id, k, c, pad) VALUES (344892, 13, 'foobar', 'foobar')
	Insert on sbtest2  (cost=0.00..0.01 rows=0 width=0)
	  ->  Result  (cost=0.00..0.01 rows=1 width=736)

table 3 : explain INSERT INTO sbtest3 (id, k, c, pad) VALUES (699340, 13, 'foobar', 'foobar')
	Insert on sbtest3  (cost=0.00..0.01 rows=0 width=0)
	  ->  Result  (cost=0.00..0.01 rows=1 width=736)

table 4 : explain INSERT INTO sbtest4 (id, k, c, pad) VALUES (9753014, 13, 'foobar', 'foobar')
	Insert on sbtest4  (cost=0.00..0.01 rows=0 width=0)
	  ->  Result  (cost=0.00..0.01 rows=1 width=736)

table 5 : explain INSERT INTO sbtest5 (id, k, c, pad) VALUES (456947, 13, 'foobar', 'foobar')
	Insert on sbtest5  (cost=0.00..0.01 rows=0 width=0)
	  ->  Result  (cost=0.00..0.01 rows=1 width=736)

table 6 : explain INSERT INTO sbtest6 (id, k, c, pad) VALUES (9199073, 13, 'foobar', 'foobar')
	Insert on sbtest6  (cost=0.00..0.01 rows=0 width=0)
	  ->  Result  (cost=0.00..0.01 rows=1 width=736)

table 7 : explain INSERT INTO sbtest7 (id, k, c, pad) VALUES (4833953, 13, 'foobar', 'foobar')
	Insert on sbtest7  (cost=0.00..0.01 rows=0 width=0)
	  ->  Result  (cost=0.00..0.01 rows=1 width=736)

table 8 : explain INSERT INTO sbtest8 (id, k, c, pad) VALUES (2759935, 13, 'foobar', 'foobar')
	Insert on sbtest8  (cost=0.00..0.01 rows=0 width=0)
	  ->  Result  (cost=0.00..0.01 rows=1 width=736)

for: order_ranges
table 1 : explain SELECT c FROM sbtest1 WHERE id BETWEEN 704163 AND 704172 ORDER BY c
	Sort  (cost=39.66..39.68 rows=10 width=121)
	  Sort Key: c
	  ->  Index Scan using sbtest1_pkey on sbtest1  (cost=0.43..39.49 rows=10 width=121)
	        Index Cond: ((id >= 704163) AND (id <= 704172))

table 2 : explain SELECT c FROM sbtest2 WHERE id BETWEEN 8836040 AND 8836049 ORDER BY c
	Sort  (cost=39.44..39.46 rows=10 width=121)
	  Sort Key: c
	  ->  Index Scan using sbtest2_pkey on sbtest2  (cost=0.43..39.27 rows=10 width=121)
	        Index Cond: ((id >= 8836040) AND (id <= 8836049))

table 3 : explain SELECT c FROM sbtest3 WHERE id BETWEEN 9116961 AND 9116970 ORDER BY c
	Sort  (cost=42.76..42.78 rows=11 width=121)
	  Sort Key: c
	  ->  Index Scan using sbtest3_pkey on sbtest3  (cost=0.43..42.57 rows=11 width=121)
	        Index Cond: ((id >= 9116961) AND (id <= 9116970))

table 4 : explain SELECT c FROM sbtest4 WHERE id BETWEEN 102369 AND 102378 ORDER BY c
	Sort  (cost=39.04..39.07 rows=10 width=121)
	  Sort Key: c
	  ->  Index Scan using sbtest4_pkey on sbtest4  (cost=0.43..38.88 rows=10 width=121)
	        Index Cond: ((id >= 102369) AND (id <= 102378))

table 5 : explain SELECT c FROM sbtest5 WHERE id BETWEEN 3564338 AND 3564347 ORDER BY c
	Sort  (cost=36.00..36.02 rows=9 width=121)
	  Sort Key: c
	  ->  Index Scan using sbtest5_pkey on sbtest5  (cost=0.43..35.85 rows=9 width=121)
	        Index Cond: ((id >= 3564338) AND (id <= 3564347))

table 6 : explain SELECT c FROM sbtest6 WHERE id BETWEEN 1819098 AND 1819107 ORDER BY c
	Sort  (cost=39.59..39.61 rows=10 width=121)
	  Sort Key: c
	  ->  Index Scan using sbtest6_pkey on sbtest6  (cost=0.43..39.42 rows=10 width=121)
	        Index Cond: ((id >= 1819098) AND (id <= 1819107))

table 7 : explain SELECT c FROM sbtest7 WHERE id BETWEEN 4580 AND 4589 ORDER BY c
	Sort  (cost=39.66..39.68 rows=10 width=121)
	  Sort Key: c
	  ->  Index Scan using sbtest7_pkey on sbtest7  (cost=0.43..39.49 rows=10 width=121)
	        Index Cond: ((id >= 4580) AND (id <= 4589))

table 8 : explain SELECT c FROM sbtest8 WHERE id BETWEEN 7002816 AND 7002825 ORDER BY c
	Sort  (cost=43.13..43.16 rows=11 width=121)
	  Sort Key: c
	  ->  Index Scan using sbtest8_pkey on sbtest8  (cost=0.43..42.94 rows=11 width=121)
	        Index Cond: ((id >= 7002816) AND (id <= 7002825))

for index_updates
table 1 : explain UPDATE sbtest1 SET k=k+1 WHERE id=6545601
	Update on sbtest1  (cost=0.43..8.46 rows=0 width=0)
	  ->  Index Scan using sbtest1_pkey on sbtest1  (cost=0.43..8.46 rows=1 width=10)
	        Index Cond: (id = 6545601)

table 2 : explain UPDATE sbtest2 SET k=k+1 WHERE id=9687237
	Update on sbtest2  (cost=0.43..8.46 rows=0 width=0)
	  ->  Index Scan using sbtest2_pkey on sbtest2  (cost=0.43..8.46 rows=1 width=10)
	        Index Cond: (id = 9687237)

table 3 : explain UPDATE sbtest3 SET k=k+1 WHERE id=6117706
	Update on sbtest3  (cost=0.43..8.46 rows=0 width=0)
	  ->  Index Scan using sbtest3_pkey on sbtest3  (cost=0.43..8.46 rows=1 width=10)
	        Index Cond: (id = 6117706)

table 4 : explain UPDATE sbtest4 SET k=k+1 WHERE id=7601297
	Update on sbtest4  (cost=0.43..8.46 rows=0 width=0)
	  ->  Index Scan using sbtest4_pkey on sbtest4  (cost=0.43..8.46 rows=1 width=10)
	        Index Cond: (id = 7601297)

table 5 : explain UPDATE sbtest5 SET k=k+1 WHERE id=196787
	Update on sbtest5  (cost=0.43..8.46 rows=0 width=0)
	  ->  Index Scan using sbtest5_pkey on sbtest5  (cost=0.43..8.46 rows=1 width=10)
	        Index Cond: (id = 196787)

table 6 : explain UPDATE sbtest6 SET k=k+1 WHERE id=7738964
	Update on sbtest6  (cost=0.43..8.46 rows=0 width=0)
	  ->  Index Scan using sbtest6_pkey on sbtest6  (cost=0.43..8.46 rows=1 width=10)
	        Index Cond: (id = 7738964)

table 7 : explain UPDATE sbtest7 SET k=k+1 WHERE id=1360673
	Update on sbtest7  (cost=0.43..8.46 rows=0 width=0)
	  ->  Index Scan using sbtest7_pkey on sbtest7  (cost=0.43..8.46 rows=1 width=10)
	        Index Cond: (id = 1360673)

table 8 : explain UPDATE sbtest8 SET k=k+1 WHERE id=413331
	Update on sbtest8  (cost=0.43..8.46 rows=0 width=0)
	  ->  Index Scan using sbtest8_pkey on sbtest8  (cost=0.43..8.46 rows=1 width=10)
	        Index Cond: (id = 413331)

explain: for non_index_updates :: explain UPDATE sbtest%u SET c='foobar' WHERE id=%u
for point_selects
table 1 : explain SELECT c FROM sbtest1 WHERE id=3461946
	Index Scan using sbtest1_pkey on sbtest1  (cost=0.43..8.45 rows=1 width=121)
	  Index Cond: (id = 3461946)

table 2 : explain SELECT c FROM sbtest2 WHERE id=9303184
	Index Scan using sbtest2_pkey on sbtest2  (cost=0.43..8.45 rows=1 width=121)
	  Index Cond: (id = 9303184)

table 3 : explain SELECT c FROM sbtest3 WHERE id=2985288
	Index Scan using sbtest3_pkey on sbtest3  (cost=0.43..8.45 rows=1 width=121)
	  Index Cond: (id = 2985288)

table 4 : explain SELECT c FROM sbtest4 WHERE id=1957379
	Index Scan using sbtest4_pkey on sbtest4  (cost=0.43..8.45 rows=1 width=121)
	  Index Cond: (id = 1957379)

table 5 : explain SELECT c FROM sbtest5 WHERE id=323455
	Index Scan using sbtest5_pkey on sbtest5  (cost=0.43..8.45 rows=1 width=121)
	  Index Cond: (id = 323455)

table 6 : explain SELECT c FROM sbtest6 WHERE id=3115893
	Index Scan using sbtest6_pkey on sbtest6  (cost=0.43..8.45 rows=1 width=121)
	  Index Cond: (id = 3115893)

table 7 : explain SELECT c FROM sbtest7 WHERE id=5546021
	Index Scan using sbtest7_pkey on sbtest7  (cost=0.43..8.45 rows=1 width=121)
	  Index Cond: (id = 5546021)

table 8 : explain SELECT c FROM sbtest8 WHERE id=8744954
	Index Scan using sbtest8_pkey on sbtest8  (cost=0.43..8.45 rows=1 width=121)
	  Index Cond: (id = 8744954)

explain: for index_updates :: explain UPDATE sbtest%u SET k=k+1 WHERE id=%u
explain: for point_selects :: explain SELECT c FROM sbtest%u WHERE id=%u
for: simple_ranges
table 1 : explain SELECT c FROM sbtest1 WHERE id BETWEEN 9154177 AND 9154186
	Index Scan using sbtest1_pkey on sbtest1  (cost=0.43..42.94 rows=11 width=121)
	  Index Cond: ((id >= 9154177) AND (id <= 9154186))

table 2 : explain SELECT c FROM sbtest2 WHERE id BETWEEN 8401151 AND 8401160
	Index Scan using sbtest2_pkey on sbtest2  (cost=0.43..39.27 rows=10 width=121)
	  Index Cond: ((id >= 8401151) AND (id <= 8401160))

table 3 : explain SELECT c FROM sbtest3 WHERE id BETWEEN 2085066 AND 2085075
	Index Scan using sbtest3_pkey on sbtest3  (cost=0.43..35.74 rows=9 width=121)
	  Index Cond: ((id >= 2085066) AND (id <= 2085075))

table 4 : explain SELECT c FROM sbtest4 WHERE id BETWEEN 4777485 AND 4777494
	Index Scan using sbtest4_pkey on sbtest4  (cost=0.43..38.88 rows=10 width=121)
	  Index Cond: ((id >= 4777485) AND (id <= 4777494))

table 5 : explain SELECT c FROM sbtest5 WHERE id BETWEEN 8600519 AND 8600528
	Index Scan using sbtest5_pkey on sbtest5  (cost=0.43..39.28 rows=10 width=121)
	  Index Cond: ((id >= 8600519) AND (id <= 8600528))

table 6 : explain SELECT c FROM sbtest6 WHERE id BETWEEN 9607078 AND 9607087
	Index Scan using sbtest6_pkey on sbtest6  (cost=0.43..35.98 rows=9 width=121)
	  Index Cond: ((id >= 9607078) AND (id <= 9607087))

table 7 : explain SELECT c FROM sbtest7 WHERE id BETWEEN 1871767 AND 1871776
	Index Scan using sbtest7_pkey on sbtest7  (cost=0.43..39.49 rows=10 width=121)
	  Index Cond: ((id >= 1871767) AND (id <= 1871776))

table 8 : explain SELECT c FROM sbtest8 WHERE id BETWEEN 9037932 AND 9037941
	Index Scan using sbtest8_pkey on sbtest8  (cost=0.43..39.49 rows=10 width=121)
	  Index Cond: ((id >= 9037932) AND (id <= 9037941))

for inserts
table 1 : explain INSERT INTO sbtest1 (id, k, c, pad) VALUES (3334471, 13, 'foobar', 'foobar')
	Insert on sbtest1  (cost=0.00..0.01 rows=0 width=0)
	  ->  Result  (cost=0.00..0.01 rows=1 width=736)

table 2 : explain INSERT INTO sbtest2 (id, k, c, pad) VALUES (3586188, 13, 'foobar', 'foobar')
	Insert on sbtest2  (cost=0.00..0.01 rows=0 width=0)
	  ->  Result  (cost=0.00..0.01 rows=1 width=736)

table 3 : explain INSERT INTO sbtest3 (id, k, c, pad) VALUES (5667690, 13, 'foobar', 'foobar')
	Insert on sbtest3  (cost=0.00..0.01 rows=0 width=0)
	  ->  Result  (cost=0.00..0.01 rows=1 width=736)

table 4 : explain INSERT INTO sbtest4 (id, k, c, pad) VALUES (1751998, 13, 'foobar', 'foobar')
	Insert on sbtest4  (cost=0.00..0.01 rows=0 width=0)
	  ->  Result  (cost=0.00..0.01 rows=1 width=736)

table 5 : explain INSERT INTO sbtest5 (id, k, c, pad) VALUES (1833415, 13, 'foobar', 'foobar')
	Insert on sbtest5  (cost=0.00..0.01 rows=0 width=0)
	  ->  Result  (cost=0.00..0.01 rows=1 width=736)

table 6 : explain INSERT INTO sbtest6 (id, k, c, pad) VALUES (5458735, 13, 'foobar', 'foobar')
	Insert on sbtest6  (cost=0.00..0.01 rows=0 width=0)
	  ->  Result  (cost=0.00..0.01 rows=1 width=736)

table 7 : explain INSERT INTO sbtest7 (id, k, c, pad) VALUES (1738479, 13, 'foobar', 'foobar')
	Insert on sbtest7  (cost=0.00..0.01 rows=0 width=0)
	  ->  Result  (cost=0.00..0.01 rows=1 width=736)

table 8 : explain INSERT INTO sbtest8 (id, k, c, pad) VALUES (2191550, 13, 'foobar', 'foobar')
	Insert on sbtest8  (cost=0.00..0.01 rows=0 width=0)
	  ->  Result  (cost=0.00..0.01 rows=1 width=736)

for: order_ranges
table 1 : explain SELECT c FROM sbtest1 WHERE id BETWEEN 4447997 AND 4448006 ORDER BY c
	Sort  (cost=39.66..39.68 rows=10 width=121)
	  Sort Key: c
	  ->  Index Scan using sbtest1_pkey on sbtest1  (cost=0.43..39.49 rows=10 width=121)
	        Index Cond: ((id >= 4447997) AND (id <= 4448006))

table 2 : explain SELECT c FROM sbtest2 WHERE id BETWEEN 8175885 AND 8175894 ORDER BY c
	Sort  (cost=35.99..36.01 rows=9 width=121)
	  Sort Key: c
	  ->  Index Scan using sbtest2_pkey on sbtest2  (cost=0.43..35.85 rows=9 width=121)
	        Index Cond: ((id >= 8175885) AND (id <= 8175894))

table 3 : explain SELECT c FROM sbtest3 WHERE id BETWEEN 8490858 AND 8490867 ORDER BY c
	Sort  (cost=42.76..42.78 rows=11 width=121)
	  Sort Key: c
	  ->  Index Scan using sbtest3_pkey on sbtest3  (cost=0.43..42.57 rows=11 width=121)
	        Index Cond: ((id >= 8490858) AND (id <= 8490867))

table 4 : explain SELECT c FROM sbtest4 WHERE id BETWEEN 5564830 AND 5564839 ORDER BY c
	Sort  (cost=39.04..39.07 rows=10 width=121)
	  Sort Key: c
	  ->  Index Scan using sbtest4_pkey on sbtest4  (cost=0.43..38.88 rows=10 width=121)
	        Index Cond: ((id >= 5564830) AND (id <= 5564839))

table 5 : explain SELECT c FROM sbtest5 WHERE id BETWEEN 9274849 AND 9274858 ORDER BY c
	Sort  (cost=39.45..39.47 rows=10 width=121)
	  Sort Key: c
	  ->  Index Scan using sbtest5_pkey on sbtest5  (cost=0.43..39.28 rows=10 width=121)
	        Index Cond: ((id >= 9274849) AND (id <= 9274858))

table 6 : explain SELECT c FROM sbtest6 WHERE id BETWEEN 195584 AND 195593 ORDER BY c
	Sort  (cost=39.59..39.61 rows=10 width=121)
	  Sort Key: c
	  ->  Index Scan using sbtest6_pkey on sbtest6  (cost=0.43..39.42 rows=10 width=121)
	        Index Cond: ((id >= 195584) AND (id <= 195593))

table 7 : explain SELECT c FROM sbtest7 WHERE id BETWEEN 2080452 AND 2080461 ORDER BY c
	Sort  (cost=39.66..39.68 rows=10 width=121)
	  Sort Key: c
	  ->  Index Scan using sbtest7_pkey on sbtest7  (cost=0.43..39.49 rows=10 width=121)
	        Index Cond: ((id >= 2080452) AND (id <= 2080461))

table 8 : explain SELECT c FROM sbtest8 WHERE id BETWEEN 7312842 AND 7312851 ORDER BY c
	Sort  (cost=36.19..36.21 rows=9 width=121)
	  Sort Key: c
	  ->  Index Scan using sbtest8_pkey on sbtest8  (cost=0.43..36.05 rows=9 width=121)
	        Index Cond: ((id >= 7312842) AND (id <= 7312851))
explain: for point_selects :: explain SELECT c FROM sbtest%u WHERE id=%u

for: distinct_ranges
table 1 : explain SELECT DISTINCT c FROM sbtest1 WHERE id BETWEEN 6101541 AND 6101550 ORDER BY c
	Unique  (cost=36.18..36.23 rows=9 width=121)
	  ->  Sort  (cost=36.18..36.21 rows=9 width=121)
	        Sort Key: c
	        ->  Index Scan using sbtest1_pkey on sbtest1  (cost=0.43..36.04 rows=9 width=121)
	              Index Cond: ((id >= 6101541) AND (id <= 6101550))

table 2 : explain SELECT DISTINCT c FROM sbtest2 WHERE id BETWEEN 2001340 AND 2001349 ORDER BY c
	Unique  (cost=35.99..36.03 rows=9 width=121)
	  ->  Sort  (cost=35.99..36.01 rows=9 width=121)
	        Sort Key: c
	        ->  Index Scan using sbtest2_pkey on sbtest2  (cost=0.43..35.85 rows=9 width=121)
	              Index Cond: ((id >= 2001340) AND (id <= 2001349))

table 3 : explain SELECT DISTINCT c FROM sbtest3 WHERE id BETWEEN 3724927 AND 3724936 ORDER BY c
	Unique  (cost=39.32..39.37 rows=10 width=121)
	  ->  Sort  (cost=39.32..39.35 rows=10 width=121)
	        Sort Key: c
	        ->  Index Scan using sbtest3_pkey on sbtest3  (cost=0.43..39.15 rows=10 width=121)
	              Index Cond: ((id >= 3724927) AND (id <= 3724936))

table 4 : explain SELECT DISTINCT c FROM sbtest4 WHERE id BETWEEN 9918321 AND 9918330 ORDER BY c
	Unique  (cost=42.45..42.50 rows=11 width=121)
	  ->  Sort  (cost=42.45..42.47 rows=11 width=121)
	        Sort Key: c
	        ->  Index Scan using sbtest4_pkey on sbtest4  (cost=0.43..42.26 rows=11 width=121)
	              Index Cond: ((id >= 9918321) AND (id <= 9918330))

table 5 : explain SELECT DISTINCT c FROM sbtest5 WHERE id BETWEEN 6499897 AND 6499906 ORDER BY c
	Unique  (cost=42.89..42.95 rows=11 width=121)
	  ->  Sort  (cost=42.89..42.92 rows=11 width=121)
	        Sort Key: c
	        ->  Index Scan using sbtest5_pkey on sbtest5  (cost=0.43..42.70 rows=11 width=121)
	              Index Cond: ((id >= 6499897) AND (id <= 6499906))

table 6 : explain SELECT DISTINCT c FROM sbtest6 WHERE id BETWEEN 1716011 AND 1716020 ORDER BY c
	Unique  (cost=39.59..39.64 rows=10 width=121)
	  ->  Sort  (cost=39.59..39.61 rows=10 width=121)
	        Sort Key: c
	        ->  Index Scan using sbtest6_pkey on sbtest6  (cost=0.43..39.42 rows=10 width=121)
	              Index Cond: ((id >= 1716011) AND (id <= 1716020))

table 7 : explain SELECT DISTINCT c FROM sbtest7 WHERE id BETWEEN 1666476 AND 1666485 ORDER BY c
	Unique  (cost=39.66..39.71 rows=10 width=121)
	  ->  Sort  (cost=39.66..39.68 rows=10 width=121)
	        Sort Key: c
	        ->  Index Scan using sbtest7_pkey on sbtest7  (cost=0.43..39.49 rows=10 width=121)
	              Index Cond: ((id >= 1666476) AND (id <= 1666485))

table 8 : explain SELECT DISTINCT c FROM sbtest8 WHERE id BETWEEN 7006986 AND 7006995 ORDER BY c
	Unique  (cost=43.13..43.19 rows=11 width=121)
	  ->  Sort  (cost=43.13..43.16 rows=11 width=121)
	        Sort Key: c
	        ->  Index Scan using sbtest8_pkey on sbtest8  (cost=0.43..42.94 rows=11 width=121)
	              Index Cond: ((id >= 7006986) AND (id <= 7006995))

explain: for point_selects :: explain SELECT c FROM sbtest%u WHERE id=%u
explain: for non_index_updates :: explain UPDATE sbtest%u SET c='foobar' WHERE id=%u
for point_selects
table 1 : explain SELECT c FROM sbtest1 WHERE id=3223967
	Index Scan using sbtest1_pkey on sbtest1  (cost=0.43..8.45 rows=1 width=121)
	  Index Cond: (id = 3223967)

table 2 : explain SELECT c FROM sbtest2 WHERE id=2750731
	Index Scan using sbtest2_pkey on sbtest2  (cost=0.43..8.45 rows=1 width=121)
	  Index Cond: (id = 2750731)

table 3 : explain SELECT c FROM sbtest3 WHERE id=2029939
	Index Scan using sbtest3_pkey on sbtest3  (cost=0.43..8.45 rows=1 width=121)
	  Index Cond: (id = 2029939)

table 4 : explain SELECT c FROM sbtest4 WHERE id=709431
	Index Scan using sbtest4_pkey on sbtest4  (cost=0.43..8.45 rows=1 width=121)
	  Index Cond: (id = 709431)

table 5 : explain SELECT c FROM sbtest5 WHERE id=9597594
	Index Scan using sbtest5_pkey on sbtest5  (cost=0.43..8.45 rows=1 width=121)
	  Index Cond: (id = 9597594)

table 6 : explain SELECT c FROM sbtest6 WHERE id=4444509
	Index Scan using sbtest6_pkey on sbtest6  (cost=0.43..8.45 rows=1 width=121)
	  Index Cond: (id = 4444509)

table 7 : explain SELECT c FROM sbtest7 WHERE id=6392040
	Index Scan using sbtest7_pkey on sbtest7  (cost=0.43..8.45 rows=1 width=121)
	  Index Cond: (id = 6392040)

table 8 : explain SELECT c FROM sbtest8 WHERE id=9307240
	Index Scan using sbtest8_pkey on sbtest8  (cost=0.43..8.45 rows=1 width=121)
	  Index Cond: (id = 9307240)

explain: for index_updates :: explain UPDATE sbtest%u SET k=k+1 WHERE id=%u
for point_selects
table 1 : explain SELECT c FROM sbtest1 WHERE id=8074754
	Index Scan using sbtest1_pkey on sbtest1  (cost=0.43..8.45 rows=1 width=121)
	  Index Cond: (id = 8074754)

table 2 : explain SELECT c FROM sbtest2 WHERE id=9722860
	Index Scan using sbtest2_pkey on sbtest2  (cost=0.43..8.45 rows=1 width=121)
	  Index Cond: (id = 9722860)

table 3 : explain SELECT c FROM sbtest3 WHERE id=4550998
	Index Scan using sbtest3_pkey on sbtest3  (cost=0.43..8.45 rows=1 width=121)
	  Index Cond: (id = 4550998)

table 4 : explain SELECT c FROM sbtest4 WHERE id=3724530
	Index Scan using sbtest4_pkey on sbtest4  (cost=0.43..8.45 rows=1 width=121)
	  Index Cond: (id = 3724530)

table 5 : explain SELECT c FROM sbtest5 WHERE id=3871469
	Index Scan using sbtest5_pkey on sbtest5  (cost=0.43..8.45 rows=1 width=121)
	  Index Cond: (id = 3871469)

table 6 : explain SELECT c FROM sbtest6 WHERE id=4860699
	Index Scan using sbtest6_pkey on sbtest6  (cost=0.43..8.45 rows=1 width=121)
	  Index Cond: (id = 4860699)

table 7 : explain SELECT c FROM sbtest7 WHERE id=9570847
	Index Scan using sbtest7_pkey on sbtest7  (cost=0.43..8.45 rows=1 width=121)
	  Index Cond: (id = 9570847)

table 8 : explain SELECT c FROM sbtest8 WHERE id=8135749
	Index Scan using sbtest8_pkey on sbtest8  (cost=0.43..8.45 rows=1 width=121)
	  Index Cond: (id = 8135749)

for: simple_ranges
table 1 : explain SELECT c FROM sbtest1 WHERE id BETWEEN 1863267 AND 1863276
	Index Scan using sbtest1_pkey on sbtest1  (cost=0.43..39.49 rows=10 width=121)
	  Index Cond: ((id >= 1863267) AND (id <= 1863276))

table 2 : explain SELECT c FROM sbtest2 WHERE id BETWEEN 9166110 AND 9166119
	Index Scan using sbtest2_pkey on sbtest2  (cost=0.43..39.27 rows=10 width=121)
	  Index Cond: ((id >= 9166110) AND (id <= 9166119))

table 3 : explain SELECT c FROM sbtest3 WHERE id BETWEEN 3106988 AND 3106997
	Index Scan using sbtest3_pkey on sbtest3  (cost=0.43..39.15 rows=10 width=121)
	  Index Cond: ((id >= 3106988) AND (id <= 3106997))

table 4 : explain SELECT c FROM sbtest4 WHERE id BETWEEN 4100793 AND 4100802
	Index Scan using sbtest4_pkey on sbtest4  (cost=0.43..38.88 rows=10 width=121)
	  Index Cond: ((id >= 4100793) AND (id <= 4100802))

table 5 : explain SELECT c FROM sbtest5 WHERE id BETWEEN 1460018 AND 1460027
	Index Scan using sbtest5_pkey on sbtest5  (cost=0.43..35.85 rows=9 width=121)
	  Index Cond: ((id >= 1460018) AND (id <= 1460027))

table 6 : explain SELECT c FROM sbtest6 WHERE id BETWEEN 2808272 AND 2808281
	Index Scan using sbtest6_pkey on sbtest6  (cost=0.43..42.86 rows=11 width=121)
	  Index Cond: ((id >= 2808272) AND (id <= 2808281))

table 7 : explain SELECT c FROM sbtest7 WHERE id BETWEEN 9014785 AND 9014794
	Index Scan using sbtest7_pkey on sbtest7  (cost=0.43..36.04 rows=9 width=121)
	  Index Cond: ((id >= 9014785) AND (id <= 9014794))

table 8 : explain SELECT c FROM sbtest8 WHERE id BETWEEN 3512455 AND 3512464
	Index Scan using sbtest8_pkey on sbtest8  (cost=0.43..39.49 rows=10 width=121)
	  Index Cond: ((id >= 3512455) AND (id <= 3512464))

for point_selects
table 1 : explain SELECT c FROM sbtest1 WHERE id=9572942
	Index Scan using sbtest1_pkey on sbtest1  (cost=0.43..8.45 rows=1 width=121)
	  Index Cond: (id = 9572942)

table 2 : explain SELECT c FROM sbtest2 WHERE id=2425498
	Index Scan using sbtest2_pkey on sbtest2  (cost=0.43..8.45 rows=1 width=121)
	  Index Cond: (id = 2425498)

table 3 : explain SELECT c FROM sbtest3 WHERE id=7934665
	Index Scan using sbtest3_pkey on sbtest3  (cost=0.43..8.45 rows=1 width=121)
	  Index Cond: (id = 7934665)

table 4 : explain SELECT c FROM sbtest4 WHERE id=2885001
	Index Scan using sbtest4_pkey on sbtest4  (cost=0.43..8.45 rows=1 width=121)
	  Index Cond: (id = 2885001)

table 5 : explain SELECT c FROM sbtest5 WHERE id=3051320
	Index Scan using sbtest5_pkey on sbtest5  (cost=0.43..8.45 rows=1 width=121)
	  Index Cond: (id = 3051320)

table 6 : explain SELECT c FROM sbtest6 WHERE id=2548407
	Index Scan using sbtest6_pkey on sbtest6  (cost=0.43..8.45 rows=1 width=121)
	  Index Cond: (id = 2548407)

table 7 : explain SELECT c FROM sbtest7 WHERE id=8589683
	Index Scan using sbtest7_pkey on sbtest7  (cost=0.43..8.45 rows=1 width=121)
	  Index Cond: (id = 8589683)

table 8 : explain SELECT c FROM sbtest8 WHERE id=4617333
	Index Scan using sbtest8_pkey on sbtest8  (cost=0.43..8.45 rows=1 width=121)
	  Index Cond: (id = 4617333)

for non_index_updates
table 1 : explain UPDATE sbtest1 SET c='foobar' WHERE id=957182
	Update on sbtest1  (cost=0.43..8.45 rows=0 width=0)
	  ->  Index Scan using sbtest1_pkey on sbtest1  (cost=0.43..8.45 rows=1 width=490)
	        Index Cond: (id = 957182)

table 2 : explain UPDATE sbtest2 SET c='foobar' WHERE id=9526258
	Update on sbtest2  (cost=0.43..8.45 rows=0 width=0)
	  ->  Index Scan using sbtest2_pkey on sbtest2  (cost=0.43..8.45 rows=1 width=490)
	        Index Cond: (id = 9526258)

table 3 : explain UPDATE sbtest3 SET c='foobar' WHERE id=3688460
	Update on sbtest3  (cost=0.43..8.45 rows=0 width=0)
	  ->  Index Scan using sbtest3_pkey on sbtest3  (cost=0.43..8.45 rows=1 width=490)
	        Index Cond: (id = 3688460)

table 4 : explain UPDATE sbtest4 SET c='foobar' WHERE id=1472723
	Update on sbtest4  (cost=0.43..8.45 rows=0 width=0)
	  ->  Index Scan using sbtest4_pkey on sbtest4  (cost=0.43..8.45 rows=1 width=490)
	        Index Cond: (id = 1472723)

table 5 : explain UPDATE sbtest5 SET c='foobar' WHERE id=6858188
	Update on sbtest5  (cost=0.43..8.45 rows=0 width=0)
	  ->  Index Scan using sbtest5_pkey on sbtest5  (cost=0.43..8.45 rows=1 width=490)
	        Index Cond: (id = 6858188)

table 6 : explain UPDATE sbtest6 SET c='foobar' WHERE id=1323707
	Update on sbtest6  (cost=0.43..8.45 rows=0 width=0)
	  ->  Index Scan using sbtest6_pkey on sbtest6  (cost=0.43..8.45 rows=1 width=490)
	        Index Cond: (id = 1323707)

table 7 : explain UPDATE sbtest7 SET c='foobar' WHERE id=6774067
	Update on sbtest7  (cost=0.43..8.45 rows=0 width=0)
	  ->  Index Scan using sbtest7_pkey on sbtest7  (cost=0.43..8.45 rows=1 width=490)
	        Index Cond: (id = 6774067)

table 8 : explain UPDATE sbtest8 SET c='foobar' WHERE id=8600621
	Update on sbtest8  (cost=0.43..8.45 rows=0 width=0)
	  ->  Index Scan using sbtest8_pkey on sbtest8  (cost=0.43..8.45 rows=1 width=490)
	        Index Cond: (id = 8600621)

for: distinct_ranges
table 1 : explain SELECT DISTINCT c FROM sbtest1 WHERE id BETWEEN 15827 AND 15836 ORDER BY c
	Unique  (cost=39.66..39.71 rows=10 width=121)
	  ->  Sort  (cost=39.66..39.68 rows=10 width=121)
	        Sort Key: c
	        ->  Index Scan using sbtest1_pkey on sbtest1  (cost=0.43..39.49 rows=10 width=121)
	              Index Cond: ((id >= 15827) AND (id <= 15836))

table 2 : explain SELECT DISTINCT c FROM sbtest2 WHERE id BETWEEN 5634831 AND 5634840 ORDER BY c
	Unique  (cost=39.44..39.49 rows=10 width=121)
	  ->  Sort  (cost=39.44..39.46 rows=10 width=121)
	        Sort Key: c
	        ->  Index Scan using sbtest2_pkey on sbtest2  (cost=0.43..39.27 rows=10 width=121)
	              Index Cond: ((id >= 5634831) AND (id <= 5634840))

table 3 : explain SELECT DISTINCT c FROM sbtest3 WHERE id BETWEEN 7860007 AND 7860016 ORDER BY c
	Unique  (cost=39.32..39.37 rows=10 width=121)
	  ->  Sort  (cost=39.32..39.35 rows=10 width=121)
	        Sort Key: c
	        ->  Index Scan using sbtest3_pkey on sbtest3  (cost=0.43..39.15 rows=10 width=121)
	              Index Cond: ((id >= 7860007) AND (id <= 7860016))

table 4 : explain SELECT DISTINCT c FROM sbtest4 WHERE id BETWEEN 6583106 AND 6583115 ORDER BY c
	Unique  (cost=35.64..35.68 rows=9 width=121)
	  ->  Sort  (cost=35.64..35.66 rows=9 width=121)
	        Sort Key: c
	        ->  Index Scan using sbtest4_pkey on sbtest4  (cost=0.43..35.50 rows=9 width=121)
	              Index Cond: ((id >= 6583106) AND (id <= 6583115))

table 5 : explain SELECT DISTINCT c FROM sbtest5 WHERE id BETWEEN 3988067 AND 3988076 ORDER BY c
	Unique  (cost=39.45..39.50 rows=10 width=121)
	  ->  Sort  (cost=39.45..39.47 rows=10 width=121)
	        Sort Key: c
	        ->  Index Scan using sbtest5_pkey on sbtest5  (cost=0.43..39.28 rows=10 width=121)
	              Index Cond: ((id >= 3988067) AND (id <= 3988076))

table 6 : explain SELECT DISTINCT c FROM sbtest6 WHERE id BETWEEN 444004 AND 444013 ORDER BY c
	Unique  (cost=43.05..43.11 rows=11 width=121)
	  ->  Sort  (cost=43.05..43.08 rows=11 width=121)
	        Sort Key: c
	        ->  Index Scan using sbtest6_pkey on sbtest6  (cost=0.43..42.86 rows=11 width=121)
	              Index Cond: ((id >= 444004) AND (id <= 444013))

table 7 : explain SELECT DISTINCT c FROM sbtest7 WHERE id BETWEEN 9935801 AND 9935810 ORDER BY c
	Unique  (cost=43.13..43.19 rows=11 width=121)
	  ->  Sort  (cost=43.13..43.16 rows=11 width=121)
	        Sort Key: c
	        ->  Index Scan using sbtest7_pkey on sbtest7  (cost=0.43..42.94 rows=11 width=121)
	              Index Cond: ((id >= 9935801) AND (id <= 9935810))

table 8 : explain SELECT DISTINCT c FROM sbtest8 WHERE id BETWEEN 812247 AND 812256 ORDER BY c
	Unique  (cost=39.66..39.71 rows=10 width=121)
	  ->  Sort  (cost=39.66..39.69 rows=10 width=121)
	        Sort Key: c
	        ->  Index Scan using sbtest8_pkey on sbtest8  (cost=0.43..39.49 rows=10 width=121)
	              Index Cond: ((id >= 812247) AND (id <= 812256))

explain: for deletes :: explain DELETE FROM sbtest%u WHERE id=%u
for index_updates
table 1 : explain UPDATE sbtest1 SET k=k+1 WHERE id=8772350
	Update on sbtest1  (cost=0.43..8.46 rows=0 width=0)
	  ->  Index Scan using sbtest1_pkey on sbtest1  (cost=0.43..8.46 rows=1 width=10)
	        Index Cond: (id = 8772350)

table 2 : explain UPDATE sbtest2 SET k=k+1 WHERE id=2558613
	Update on sbtest2  (cost=0.43..8.46 rows=0 width=0)
	  ->  Index Scan using sbtest2_pkey on sbtest2  (cost=0.43..8.46 rows=1 width=10)
	        Index Cond: (id = 2558613)

table 3 : explain UPDATE sbtest3 SET k=k+1 WHERE id=1349585
	Update on sbtest3  (cost=0.43..8.46 rows=0 width=0)
	  ->  Index Scan using sbtest3_pkey on sbtest3  (cost=0.43..8.46 rows=1 width=10)
	        Index Cond: (id = 1349585)

table 4 : explain UPDATE sbtest4 SET k=k+1 WHERE id=6330443
	Update on sbtest4  (cost=0.43..8.46 rows=0 width=0)
	  ->  Index Scan using sbtest4_pkey on sbtest4  (cost=0.43..8.46 rows=1 width=10)
	        Index Cond: (id = 6330443)

table 5 : explain UPDATE sbtest5 SET k=k+1 WHERE id=6478690
	Update on sbtest5  (cost=0.43..8.46 rows=0 width=0)
	  ->  Index Scan using sbtest5_pkey on sbtest5  (cost=0.43..8.46 rows=1 width=10)
	        Index Cond: (id = 6478690)

table 6 : explain UPDATE sbtest6 SET k=k+1 WHERE id=1675682
	Update on sbtest6  (cost=0.43..8.46 rows=0 width=0)
	  ->  Index Scan using sbtest6_pkey on sbtest6  (cost=0.43..8.46 rows=1 width=10)
	        Index Cond: (id = 1675682)

table 7 : explain UPDATE sbtest7 SET k=k+1 WHERE id=7145834
	Update on sbtest7  (cost=0.43..8.46 rows=0 width=0)
	  ->  Index Scan using sbtest7_pkey on sbtest7  (cost=0.43..8.46 rows=1 width=10)
	        Index Cond: (id = 7145834)

table 8 : explain UPDATE sbtest8 SET k=k+1 WHERE id=4242822
	Update on sbtest8  (cost=0.43..8.46 rows=0 width=0)
	  ->  Index Scan using sbtest8_pkey on sbtest8  (cost=0.43..8.46 rows=1 width=10)
	        Index Cond: (id = 4242822)

explain: for index_updates :: explain UPDATE sbtest%u SET k=k+1 WHERE id=%u
for index_updates
table 1 : explain UPDATE sbtest1 SET k=k+1 WHERE id=9578743
	Update on sbtest1  (cost=0.43..8.46 rows=0 width=0)
	  ->  Index Scan using sbtest1_pkey on sbtest1  (cost=0.43..8.46 rows=1 width=10)
	        Index Cond: (id = 9578743)

table 2 : explain UPDATE sbtest2 SET k=k+1 WHERE id=8865381
	Update on sbtest2  (cost=0.43..8.46 rows=0 width=0)
	  ->  Index Scan using sbtest2_pkey on sbtest2  (cost=0.43..8.46 rows=1 width=10)
	        Index Cond: (id = 8865381)

table 3 : explain UPDATE sbtest3 SET k=k+1 WHERE id=3848368
	Update on sbtest3  (cost=0.43..8.46 rows=0 width=0)
	  ->  Index Scan using sbtest3_pkey on sbtest3  (cost=0.43..8.46 rows=1 width=10)
	        Index Cond: (id = 3848368)

table 4 : explain UPDATE sbtest4 SET k=k+1 WHERE id=2477691
	Update on sbtest4  (cost=0.43..8.46 rows=0 width=0)
	  ->  Index Scan using sbtest4_pkey on sbtest4  (cost=0.43..8.46 rows=1 width=10)
	        Index Cond: (id = 2477691)

table 5 : explain UPDATE sbtest5 SET k=k+1 WHERE id=9939510
	Update on sbtest5  (cost=0.43..8.46 rows=0 width=0)
	  ->  Index Scan using sbtest5_pkey on sbtest5  (cost=0.43..8.46 rows=1 width=10)
	        Index Cond: (id = 9939510)

table 6 : explain UPDATE sbtest6 SET k=k+1 WHERE id=7189524
	Update on sbtest6  (cost=0.43..8.46 rows=0 width=0)
	  ->  Index Scan using sbtest6_pkey on sbtest6  (cost=0.43..8.46 rows=1 width=10)
	        Index Cond: (id = 7189524)

table 7 : explain UPDATE sbtest7 SET k=k+1 WHERE id=740100
	Update on sbtest7  (cost=0.43..8.46 rows=0 width=0)
	  ->  Index Scan using sbtest7_pkey on sbtest7  (cost=0.43..8.46 rows=1 width=10)
	        Index Cond: (id = 740100)

table 8 : explain UPDATE sbtest8 SET k=k+1 WHERE id=1721938
	Update on sbtest8  (cost=0.43..8.46 rows=0 width=0)
	  ->  Index Scan using sbtest8_pkey on sbtest8  (cost=0.43..8.46 rows=1 width=10)
	        Index Cond: (id = 1721938)

for: distinct_ranges
table 1 : explain SELECT DISTINCT c FROM sbtest1 WHERE id BETWEEN 6180317 AND 6180326 ORDER BY c
	Unique  (cost=39.66..39.71 rows=10 width=121)
	  ->  Sort  (cost=39.66..39.68 rows=10 width=121)
	        Sort Key: c
	        ->  Index Scan using sbtest1_pkey on sbtest1  (cost=0.43..39.49 rows=10 width=121)
	              Index Cond: ((id >= 6180317) AND (id <= 6180326))

table 2 : explain SELECT DISTINCT c FROM sbtest2 WHERE id BETWEEN 4929776 AND 4929785 ORDER BY c
	Unique  (cost=39.44..39.49 rows=10 width=121)
	  ->  Sort  (cost=39.44..39.46 rows=10 width=121)
	        Sort Key: c
	        ->  Index Scan using sbtest2_pkey on sbtest2  (cost=0.43..39.27 rows=10 width=121)
	              Index Cond: ((id >= 4929776) AND (id <= 4929785))

table 3 : explain SELECT DISTINCT c FROM sbtest3 WHERE id BETWEEN 6342331 AND 6342340 ORDER BY c
	Unique  (cost=39.32..39.37 rows=10 width=121)
	  ->  Sort  (cost=39.32..39.35 rows=10 width=121)
	        Sort Key: c
	        ->  Index Scan using sbtest3_pkey on sbtest3  (cost=0.43..39.15 rows=10 width=121)
	              Index Cond: ((id >= 6342331) AND (id <= 6342340))

table 4 : explain SELECT DISTINCT c FROM sbtest4 WHERE id BETWEEN 3600213 AND 3600222 ORDER BY c
	Unique  (cost=39.04..39.09 rows=10 width=121)
	  ->  Sort  (cost=39.04..39.07 rows=10 width=121)
	        Sort Key: c
	        ->  Index Scan using sbtest4_pkey on sbtest4  (cost=0.43..38.88 rows=10 width=121)
	              Index Cond: ((id >= 3600213) AND (id <= 3600222))

table 5 : explain SELECT DISTINCT c FROM sbtest5 WHERE id BETWEEN 3524644 AND 3524653 ORDER BY c
	Unique  (cost=36.00..36.04 rows=9 width=121)
	  ->  Sort  (cost=36.00..36.02 rows=9 width=121)
	        Sort Key: c
	        ->  Index Scan using sbtest5_pkey on sbtest5  (cost=0.43..35.85 rows=9 width=121)
	              Index Cond: ((id >= 3524644) AND (id <= 3524653))

table 6 : explain SELECT DISTINCT c FROM sbtest6 WHERE id BETWEEN 1166755 AND 1166764 ORDER BY c
	Unique  (cost=36.12..36.17 rows=9 width=121)
	  ->  Sort  (cost=36.12..36.15 rows=9 width=121)
	        Sort Key: c
	        ->  Index Scan using sbtest6_pkey on sbtest6  (cost=0.43..35.98 rows=9 width=121)
	              Index Cond: ((id >= 1166755) AND (id <= 1166764))

table 7 : explain SELECT DISTINCT c FROM sbtest7 WHERE id BETWEEN 7160848 AND 7160857 ORDER BY c
	Unique  (cost=36.19..36.23 rows=9 width=121)
	  ->  Sort  (cost=36.19..36.21 rows=9 width=121)
	        Sort Key: c
	        ->  Index Scan using sbtest7_pkey on sbtest7  (cost=0.43..36.04 rows=9 width=121)
	              Index Cond: ((id >= 7160848) AND (id <= 7160857))

table 8 : explain SELECT DISTINCT c FROM sbtest8 WHERE id BETWEEN 9053698 AND 9053707 ORDER BY c
	Unique  (cost=39.66..39.71 rows=10 width=121)
	  ->  Sort  (cost=39.66..39.69 rows=10 width=121)
	        Sort Key: c
	        ->  Index Scan using sbtest8_pkey on sbtest8  (cost=0.43..39.49 rows=10 width=121)
	              Index Cond: ((id >= 9053698) AND (id <= 9053707))

for: sum_ranges
table 1 : explain SELECT SUM(k) FROM sbtest1 WHERE id BETWEEN 4318244 AND 4318253
	Aggregate  (cost=39.51..39.52 rows=1 width=8)
	  ->  Index Scan using sbtest1_pkey on sbtest1  (cost=0.43..39.49 rows=10 width=4)
	        Index Cond: ((id >= 4318244) AND (id <= 4318253))

table 2 : explain SELECT SUM(k) FROM sbtest2 WHERE id BETWEEN 3683554 AND 3683563
	Aggregate  (cost=35.87..35.88 rows=1 width=8)
	  ->  Index Scan using sbtest2_pkey on sbtest2  (cost=0.43..35.85 rows=9 width=4)
	        Index Cond: ((id >= 3683554) AND (id <= 3683563))

table 3 : explain SELECT SUM(k) FROM sbtest3 WHERE id BETWEEN 3918655 AND 3918664
	Aggregate  (cost=39.18..39.19 rows=1 width=8)
	  ->  Index Scan using sbtest3_pkey on sbtest3  (cost=0.43..39.15 rows=10 width=4)
	        Index Cond: ((id >= 3918655) AND (id <= 3918664))

table 4 : explain SELECT SUM(k) FROM sbtest4 WHERE id BETWEEN 4943061 AND 4943070
	Aggregate  (cost=38.90..38.91 rows=1 width=8)
	  ->  Index Scan using sbtest4_pkey on sbtest4  (cost=0.43..38.88 rows=10 width=4)
	        Index Cond: ((id >= 4943061) AND (id <= 4943070))

table 5 : explain SELECT SUM(k) FROM sbtest5 WHERE id BETWEEN 1887460 AND 1887469
	Aggregate  (cost=35.88..35.89 rows=1 width=8)
	  ->  Index Scan using sbtest5_pkey on sbtest5  (cost=0.43..35.85 rows=9 width=4)
	        Index Cond: ((id >= 1887460) AND (id <= 1887469))

table 6 : explain SELECT SUM(k) FROM sbtest6 WHERE id BETWEEN 9964394 AND 9964403
	Aggregate  (cost=39.45..39.46 rows=1 width=8)
	  ->  Index Scan using sbtest6_pkey on sbtest6  (cost=0.43..39.42 rows=10 width=4)
	        Index Cond: ((id >= 9964394) AND (id <= 9964403))

table 7 : explain SELECT SUM(k) FROM sbtest7 WHERE id BETWEEN 9961954 AND 9961963
	Aggregate  (cost=42.97..42.98 rows=1 width=8)
	  ->  Index Scan using sbtest7_pkey on sbtest7  (cost=0.43..42.94 rows=11 width=4)
	        Index Cond: ((id >= 9961954) AND (id <= 9961963))

table 8 : explain SELECT SUM(k) FROM sbtest8 WHERE id BETWEEN 6622096 AND 6622105
	Aggregate  (cost=42.97..42.98 rows=1 width=8)
	  ->  Index Scan using sbtest8_pkey on sbtest8  (cost=0.43..42.94 rows=11 width=4)
	        Index Cond: ((id >= 6622096) AND (id <= 6622105))

for deletes
table 1 : explain DELETE FROM sbtest1 WHERE id=3923518
	Delete on sbtest1  (cost=0.43..8.45 rows=0 width=0)
	  ->  Index Scan using sbtest1_pkey on sbtest1  (cost=0.43..8.45 rows=1 width=6)
	        Index Cond: (id = 3923518)

table 2 : explain DELETE FROM sbtest2 WHERE id=6263404
	Delete on sbtest2  (cost=0.43..8.45 rows=0 width=0)
	  ->  Index Scan using sbtest2_pkey on sbtest2  (cost=0.43..8.45 rows=1 width=6)
	        Index Cond: (id = 6263404)

table 3 : explain DELETE FROM sbtest3 WHERE id=9372725
	Delete on sbtest3  (cost=0.43..8.45 rows=0 width=0)
	  ->  Index Scan using sbtest3_pkey on sbtest3  (cost=0.43..8.45 rows=1 width=6)
	        Index Cond: (id = 9372725)

table 4 : explain DELETE FROM sbtest4 WHERE id=1045601
	Delete on sbtest4  (cost=0.43..8.45 rows=0 width=0)
	  ->  Index Scan using sbtest4_pkey on sbtest4  (cost=0.43..8.45 rows=1 width=6)
	        Index Cond: (id = 1045601)

table 5 : explain DELETE FROM sbtest5 WHERE id=6746491
	Delete on sbtest5  (cost=0.43..8.45 rows=0 width=0)
	  ->  Index Scan using sbtest5_pkey on sbtest5  (cost=0.43..8.45 rows=1 width=6)
	        Index Cond: (id = 6746491)

table 6 : explain DELETE FROM sbtest6 WHERE id=2311670
	Delete on sbtest6  (cost=0.43..8.45 rows=0 width=0)
	  ->  Index Scan using sbtest6_pkey on sbtest6  (cost=0.43..8.45 rows=1 width=6)
	        Index Cond: (id = 2311670)

table 7 : explain DELETE FROM sbtest7 WHERE id=4490490
	Delete on sbtest7  (cost=0.43..8.45 rows=0 width=0)
	  ->  Index Scan using sbtest7_pkey on sbtest7  (cost=0.43..8.45 rows=1 width=6)
	        Index Cond: (id = 4490490)

table 8 : explain DELETE FROM sbtest8 WHERE id=8988638
	Delete on sbtest8  (cost=0.43..8.45 rows=0 width=0)
	  ->  Index Scan using sbtest8_pkey on sbtest8  (cost=0.43..8.45 rows=1 width=6)
	        Index Cond: (id = 8988638)

for: simple_ranges
table 1 : explain SELECT c FROM sbtest1 WHERE id BETWEEN 148623 AND 148632
	Index Scan using sbtest1_pkey on sbtest1  (cost=0.43..39.49 rows=10 width=121)
	  Index Cond: ((id >= 148623) AND (id <= 148632))

table 2 : explain SELECT c FROM sbtest2 WHERE id BETWEEN 9727076 AND 9727085
	Index Scan using sbtest2_pkey on sbtest2  (cost=0.43..39.27 rows=10 width=121)
	  Index Cond: ((id >= 9727076) AND (id <= 9727085))

table 3 : explain SELECT c FROM sbtest3 WHERE id BETWEEN 3427539 AND 3427548
	Index Scan using sbtest3_pkey on sbtest3  (cost=0.43..35.74 rows=9 width=121)
	  Index Cond: ((id >= 3427539) AND (id <= 3427548))

table 4 : explain SELECT c FROM sbtest4 WHERE id BETWEEN 2655117 AND 2655126
	Index Scan using sbtest4_pkey on sbtest4  (cost=0.43..38.88 rows=10 width=121)
	  Index Cond: ((id >= 2655117) AND (id <= 2655126))

table 5 : explain SELECT c FROM sbtest5 WHERE id BETWEEN 5087624 AND 5087633
	Index Scan using sbtest5_pkey on sbtest5  (cost=0.43..39.28 rows=10 width=121)
	  Index Cond: ((id >= 5087624) AND (id <= 5087633))

table 6 : explain SELECT c FROM sbtest6 WHERE id BETWEEN 4949643 AND 4949652
	Index Scan using sbtest6_pkey on sbtest6  (cost=0.43..42.86 rows=11 width=121)
	  Index Cond: ((id >= 4949643) AND (id <= 4949652))

table 7 : explain SELECT c FROM sbtest7 WHERE id BETWEEN 3100456 AND 3100465
	Index Scan using sbtest7_pkey on sbtest7  (cost=0.43..39.49 rows=10 width=121)
	  Index Cond: ((id >= 3100456) AND (id <= 3100465))

table 8 : explain SELECT c FROM sbtest8 WHERE id BETWEEN 9835482 AND 9835491
	Index Scan using sbtest8_pkey on sbtest8  (cost=0.43..39.49 rows=10 width=121)
	  Index Cond: ((id >= 9835482) AND (id <= 9835491))

explain: for non_index_updates :: explain UPDATE sbtest%u SET c='foobar' WHERE id=%u
for non_index_updates
table 1 : explain UPDATE sbtest1 SET c='foobar' WHERE id=1775422
	Update on sbtest1  (cost=0.43..8.45 rows=0 width=0)
	  ->  Index Scan using sbtest1_pkey on sbtest1  (cost=0.43..8.45 rows=1 width=490)
	        Index Cond: (id = 1775422)

table 2 : explain UPDATE sbtest2 SET c='foobar' WHERE id=4949931
	Update on sbtest2  (cost=0.43..8.45 rows=0 width=0)
	  ->  Index Scan using sbtest2_pkey on sbtest2  (cost=0.43..8.45 rows=1 width=490)
	        Index Cond: (id = 4949931)

table 3 : explain UPDATE sbtest3 SET c='foobar' WHERE id=7721407
	Update on sbtest3  (cost=0.43..8.45 rows=0 width=0)
	  ->  Index Scan using sbtest3_pkey on sbtest3  (cost=0.43..8.45 rows=1 width=490)
	        Index Cond: (id = 7721407)

table 4 : explain UPDATE sbtest4 SET c='foobar' WHERE id=9090761
	Update on sbtest4  (cost=0.43..8.45 rows=0 width=0)
	  ->  Index Scan using sbtest4_pkey on sbtest4  (cost=0.43..8.45 rows=1 width=490)
	        Index Cond: (id = 9090761)

table 5 : explain UPDATE sbtest5 SET c='foobar' WHERE id=316758
	Update on sbtest5  (cost=0.43..8.45 rows=0 width=0)
	  ->  Index Scan using sbtest5_pkey on sbtest5  (cost=0.43..8.45 rows=1 width=490)
	        Index Cond: (id = 316758)

table 6 : explain UPDATE sbtest6 SET c='foobar' WHERE id=2186117
	Update on sbtest6  (cost=0.43..8.45 rows=0 width=0)
	  ->  Index Scan using sbtest6_pkey on sbtest6  (cost=0.43..8.45 rows=1 width=490)
	        Index Cond: (id = 2186117)

table 7 : explain UPDATE sbtest7 SET c='foobar' WHERE id=8848161
	Update on sbtest7  (cost=0.43..8.45 rows=0 width=0)
	  ->  Index Scan using sbtest7_pkey on sbtest7  (cost=0.43..8.45 rows=1 width=490)
	        Index Cond: (id = 8848161)

table 8 : explain UPDATE sbtest8 SET c='foobar' WHERE id=5121616
	Update on sbtest8  (cost=0.43..8.45 rows=0 width=0)
	  ->  Index Scan using sbtest8_pkey on sbtest8  (cost=0.43..8.45 rows=1 width=490)
	        Index Cond: (id = 5121616)

for: simple_ranges
table 1 : explain SELECT c FROM sbtest1 WHERE id BETWEEN 816471 AND 816480
	Index Scan using sbtest1_pkey on sbtest1  (cost=0.43..36.04 rows=9 width=121)
	  Index Cond: ((id >= 816471) AND (id <= 816480))

table 2 : explain SELECT c FROM sbtest2 WHERE id BETWEEN 4800375 AND 4800384
	Index Scan using sbtest2_pkey on sbtest2  (cost=0.43..35.85 rows=9 width=121)
	  Index Cond: ((id >= 4800375) AND (id <= 4800384))

table 3 : explain SELECT c FROM sbtest3 WHERE id BETWEEN 857939 AND 857948
	Index Scan using sbtest3_pkey on sbtest3  (cost=0.43..39.15 rows=10 width=121)
	  Index Cond: ((id >= 857939) AND (id <= 857948))

table 4 : explain SELECT c FROM sbtest4 WHERE id BETWEEN 1937116 AND 1937125
	Index Scan using sbtest4_pkey on sbtest4  (cost=0.43..38.88 rows=10 width=121)
	  Index Cond: ((id >= 1937116) AND (id <= 1937125))

table 5 : explain SELECT c FROM sbtest5 WHERE id BETWEEN 3149145 AND 3149154
	Index Scan using sbtest5_pkey on sbtest5  (cost=0.43..35.85 rows=9 width=121)
	  Index Cond: ((id >= 3149145) AND (id <= 3149154))

table 6 : explain SELECT c FROM sbtest6 WHERE id BETWEEN 5606931 AND 5606940
	Index Scan using sbtest6_pkey on sbtest6  (cost=0.43..35.98 rows=9 width=121)
	  Index Cond: ((id >= 5606931) AND (id <= 5606940))

table 7 : explain SELECT c FROM sbtest7 WHERE id BETWEEN 6991430 AND 6991439
	Index Scan using sbtest7_pkey on sbtest7  (cost=0.43..36.04 rows=9 width=121)
	  Index Cond: ((id >= 6991430) AND (id <= 6991439))

table 8 : explain SELECT c FROM sbtest8 WHERE id BETWEEN 2603749 AND 2603758
	Index Scan using sbtest8_pkey on sbtest8  (cost=0.43..39.49 rows=10 width=121)
	  Index Cond: ((id >= 2603749) AND (id <= 2603758))

explain: for index_updates :: explain UPDATE sbtest%u SET k=k+1 WHERE id=%u
for index_updates
table 1 : explain UPDATE sbtest1 SET k=k+1 WHERE id=8728106
	Update on sbtest1  (cost=0.43..8.46 rows=0 width=0)
	  ->  Index Scan using sbtest1_pkey on sbtest1  (cost=0.43..8.46 rows=1 width=10)
	        Index Cond: (id = 8728106)

table 2 : explain UPDATE sbtest2 SET k=k+1 WHERE id=2847521
	Update on sbtest2  (cost=0.43..8.46 rows=0 width=0)
	  ->  Index Scan using sbtest2_pkey on sbtest2  (cost=0.43..8.46 rows=1 width=10)
	        Index Cond: (id = 2847521)

table 3 : explain UPDATE sbtest3 SET k=k+1 WHERE id=9380937
	Update on sbtest3  (cost=0.43..8.46 rows=0 width=0)
	  ->  Index Scan using sbtest3_pkey on sbtest3  (cost=0.43..8.46 rows=1 width=10)
	        Index Cond: (id = 9380937)

table 4 : explain UPDATE sbtest4 SET k=k+1 WHERE id=4757396
	Update on sbtest4  (cost=0.43..8.46 rows=0 width=0)
	  ->  Index Scan using sbtest4_pkey on sbtest4  (cost=0.43..8.46 rows=1 width=10)
	        Index Cond: (id = 4757396)

table 5 : explain UPDATE sbtest5 SET k=k+1 WHERE id=5001989
	Update on sbtest5  (cost=0.43..8.46 rows=0 width=0)
	  ->  Index Scan using sbtest5_pkey on sbtest5  (cost=0.43..8.46 rows=1 width=10)
	        Index Cond: (id = 5001989)

table 6 : explain UPDATE sbtest6 SET k=k+1 WHERE id=9310435
	Update on sbtest6  (cost=0.43..8.46 rows=0 width=0)
	  ->  Index Scan using sbtest6_pkey on sbtest6  (cost=0.43..8.46 rows=1 width=10)
	        Index Cond: (id = 9310435)

table 7 : explain UPDATE sbtest7 SET k=k+1 WHERE id=2640132
	Update on sbtest7  (cost=0.43..8.46 rows=0 width=0)
	  ->  Index Scan using sbtest7_pkey on sbtest7  (cost=0.43..8.46 rows=1 width=10)
	        Index Cond: (id = 2640132)

table 8 : explain UPDATE sbtest8 SET k=k+1 WHERE id=8491297
	Update on sbtest8  (cost=0.43..8.46 rows=0 width=0)
	  ->  Index Scan using sbtest8_pkey on sbtest8  (cost=0.43..8.46 rows=1 width=10)
	        Index Cond: (id = 8491297)

explain: for inserts :: explain INSERT INTO sbtest%u (id, k, c, pad) VALUES (%u, 13, 'foobar', 'foobar')
for point_selects
table 1 : explain SELECT c FROM sbtest1 WHERE id=3160013
	Index Scan using sbtest1_pkey on sbtest1  (cost=0.43..8.45 rows=1 width=121)
	  Index Cond: (id = 3160013)

table 2 : explain SELECT c FROM sbtest2 WHERE id=3252808
	Index Scan using sbtest2_pkey on sbtest2  (cost=0.43..8.45 rows=1 width=121)
	  Index Cond: (id = 3252808)

table 3 : explain SELECT c FROM sbtest3 WHERE id=6042283
	Index Scan using sbtest3_pkey on sbtest3  (cost=0.43..8.45 rows=1 width=121)
	  Index Cond: (id = 6042283)

table 4 : explain SELECT c FROM sbtest4 WHERE id=2888404
	Index Scan using sbtest4_pkey on sbtest4  (cost=0.43..8.45 rows=1 width=121)
	  Index Cond: (id = 2888404)

table 5 : explain SELECT c FROM sbtest5 WHERE id=2591842
	Index Scan using sbtest5_pkey on sbtest5  (cost=0.43..8.45 rows=1 width=121)
	  Index Cond: (id = 2591842)

table 6 : explain SELECT c FROM sbtest6 WHERE id=3189096
	Index Scan using sbtest6_pkey on sbtest6  (cost=0.43..8.45 rows=1 width=121)
	  Index Cond: (id = 3189096)

table 7 : explain SELECT c FROM sbtest7 WHERE id=7466085
	Index Scan using sbtest7_pkey on sbtest7  (cost=0.43..8.45 rows=1 width=121)
	  Index Cond: (id = 7466085)

table 8 : explain SELECT c FROM sbtest8 WHERE id=2391391
	Index Scan using sbtest8_pkey on sbtest8  (cost=0.43..8.45 rows=1 width=121)
	  Index Cond: (id = 2391391)

for: sum_ranges
table 1 : explain SELECT SUM(k) FROM sbtest1 WHERE id BETWEEN 3671213 AND 3671222
	Aggregate  (cost=36.06..36.07 rows=1 width=8)
	  ->  Index Scan using sbtest1_pkey on sbtest1  (cost=0.43..36.04 rows=9 width=4)
	        Index Cond: ((id >= 3671213) AND (id <= 3671222))

table 2 : explain SELECT SUM(k) FROM sbtest2 WHERE id BETWEEN 5507502 AND 5507511
	Aggregate  (cost=39.29..39.30 rows=1 width=8)
	  ->  Index Scan using sbtest2_pkey on sbtest2  (cost=0.43..39.27 rows=10 width=4)
	        Index Cond: ((id >= 5507502) AND (id <= 5507511))

table 3 : explain SELECT SUM(k) FROM sbtest3 WHERE id BETWEEN 7532465 AND 7532474
	Aggregate  (cost=42.59..42.60 rows=1 width=8)
	  ->  Index Scan using sbtest3_pkey on sbtest3  (cost=0.43..42.57 rows=11 width=4)
	        Index Cond: ((id >= 7532465) AND (id <= 7532474))

table 4 : explain SELECT SUM(k) FROM sbtest4 WHERE id BETWEEN 6050993 AND 6051002
	Aggregate  (cost=38.90..38.91 rows=1 width=8)
	  ->  Index Scan using sbtest4_pkey on sbtest4  (cost=0.43..38.88 rows=10 width=4)
	        Index Cond: ((id >= 6050993) AND (id <= 6051002))

table 5 : explain SELECT SUM(k) FROM sbtest5 WHERE id BETWEEN 9710529 AND 9710538
	Aggregate  (cost=39.30..39.31 rows=1 width=8)
	  ->  Index Scan using sbtest5_pkey on sbtest5  (cost=0.43..39.28 rows=10 width=4)
	        Index Cond: ((id >= 9710529) AND (id <= 9710538))

table 6 : explain SELECT SUM(k) FROM sbtest6 WHERE id BETWEEN 4815948 AND 4815957
	Aggregate  (cost=39.45..39.46 rows=1 width=8)
	  ->  Index Scan using sbtest6_pkey on sbtest6  (cost=0.43..39.42 rows=10 width=4)
	        Index Cond: ((id >= 4815948) AND (id <= 4815957))

table 7 : explain SELECT SUM(k) FROM sbtest7 WHERE id BETWEEN 869391 AND 869400
	Aggregate  (cost=39.52..39.53 rows=1 width=8)
	  ->  Index Scan using sbtest7_pkey on sbtest7  (cost=0.43..39.49 rows=10 width=4)
	        Index Cond: ((id >= 869391) AND (id <= 869400))

table 8 : explain SELECT SUM(k) FROM sbtest8 WHERE id BETWEEN 7523296 AND 7523305
	Aggregate  (cost=39.52..39.53 rows=1 width=8)
	  ->  Index Scan using sbtest8_pkey on sbtest8  (cost=0.43..39.49 rows=10 width=4)
	        Index Cond: ((id >= 7523296) AND (id <= 7523305))

for: simple_ranges
table 1 : explain SELECT c FROM sbtest1 WHERE id BETWEEN 9796761 AND 9796770
	Index Scan using sbtest1_pkey on sbtest1  (cost=0.43..39.49 rows=10 width=121)
	  Index Cond: ((id >= 9796761) AND (id <= 9796770))

table 2 : explain SELECT c FROM sbtest2 WHERE id BETWEEN 6140095 AND 6140104
	Index Scan using sbtest2_pkey on sbtest2  (cost=0.43..39.27 rows=10 width=121)
	  Index Cond: ((id >= 6140095) AND (id <= 6140104))

table 3 : explain SELECT c FROM sbtest3 WHERE id BETWEEN 12043 AND 12052
	Index Scan using sbtest3_pkey on sbtest3  (cost=0.43..39.15 rows=10 width=121)
	  Index Cond: ((id >= 12043) AND (id <= 12052))

table 4 : explain SELECT c FROM sbtest4 WHERE id BETWEEN 4659348 AND 4659357
	Index Scan using sbtest4_pkey on sbtest4  (cost=0.43..35.50 rows=9 width=121)
	  Index Cond: ((id >= 4659348) AND (id <= 4659357))

table 5 : explain SELECT c FROM sbtest5 WHERE id BETWEEN 4063644 AND 4063653
	Index Scan using sbtest5_pkey on sbtest5  (cost=0.43..39.28 rows=10 width=121)
	  Index Cond: ((id >= 4063644) AND (id <= 4063653))

table 6 : explain SELECT c FROM sbtest6 WHERE id BETWEEN 1552794 AND 1552803
	Index Scan using sbtest6_pkey on sbtest6  (cost=0.43..39.42 rows=10 width=121)
	  Index Cond: ((id >= 1552794) AND (id <= 1552803))

table 7 : explain SELECT c FROM sbtest7 WHERE id BETWEEN 5550264 AND 5550273
	Index Scan using sbtest7_pkey on sbtest7  (cost=0.43..39.49 rows=10 width=121)
	  Index Cond: ((id >= 5550264) AND (id <= 5550273))

table 8 : explain SELECT c FROM sbtest8 WHERE id BETWEEN 6876096 AND 6876105
	Index Scan using sbtest8_pkey on sbtest8  (cost=0.43..39.49 rows=10 width=121)
	  Index Cond: ((id >= 6876096) AND (id <= 6876105))

explain: for non_index_updates :: explain UPDATE sbtest%u SET c='foobar' WHERE id=%u
for point_selects
table 1 : explain SELECT c FROM sbtest1 WHERE id=8720187
	Index Scan using sbtest1_pkey on sbtest1  (cost=0.43..8.45 rows=1 width=121)
	  Index Cond: (id = 8720187)

table 2 : explain SELECT c FROM sbtest2 WHERE id=85045
	Index Scan using sbtest2_pkey on sbtest2  (cost=0.43..8.45 rows=1 width=121)
	  Index Cond: (id = 85045)

table 3 : explain SELECT c FROM sbtest3 WHERE id=5931852
	Index Scan using sbtest3_pkey on sbtest3  (cost=0.43..8.45 rows=1 width=121)
	  Index Cond: (id = 5931852)

table 4 : explain SELECT c FROM sbtest4 WHERE id=5869136
	Index Scan using sbtest4_pkey on sbtest4  (cost=0.43..8.45 rows=1 width=121)
	  Index Cond: (id = 5869136)

table 5 : explain SELECT c FROM sbtest5 WHERE id=1925164
	Index Scan using sbtest5_pkey on sbtest5  (cost=0.43..8.45 rows=1 width=121)
	  Index Cond: (id = 1925164)

table 6 : explain SELECT c FROM sbtest6 WHERE id=6609605
	Index Scan using sbtest6_pkey on sbtest6  (cost=0.43..8.45 rows=1 width=121)
	  Index Cond: (id = 6609605)

table 7 : explain SELECT c FROM sbtest7 WHERE id=31765
	Index Scan using sbtest7_pkey on sbtest7  (cost=0.43..8.45 rows=1 width=121)
	  Index Cond: (id = 31765)

table 8 : explain SELECT c FROM sbtest8 WHERE id=7333584
	Index Scan using sbtest8_pkey on sbtest8  (cost=0.43..8.45 rows=1 width=121)
	  Index Cond: (id = 7333584)

explain: for non_index_updates :: explain UPDATE sbtest%u SET c='foobar' WHERE id=%u
explain: for deletes :: explain DELETE FROM sbtest%u WHERE id=%u
for index_updates
table 1 : explain UPDATE sbtest1 SET k=k+1 WHERE id=687672
	Update on sbtest1  (cost=0.43..8.46 rows=0 width=0)
	  ->  Index Scan using sbtest1_pkey on sbtest1  (cost=0.43..8.46 rows=1 width=10)
	        Index Cond: (id = 687672)

table 2 : explain UPDATE sbtest2 SET k=k+1 WHERE id=2282090
	Update on sbtest2  (cost=0.43..8.46 rows=0 width=0)
	  ->  Index Scan using sbtest2_pkey on sbtest2  (cost=0.43..8.46 rows=1 width=10)
	        Index Cond: (id = 2282090)

table 3 : explain UPDATE sbtest3 SET k=k+1 WHERE id=2880376
	Update on sbtest3  (cost=0.43..8.46 rows=0 width=0)
	  ->  Index Scan using sbtest3_pkey on sbtest3  (cost=0.43..8.46 rows=1 width=10)
	        Index Cond: (id = 2880376)

table 4 : explain UPDATE sbtest4 SET k=k+1 WHERE id=7218396
	Update on sbtest4  (cost=0.43..8.46 rows=0 width=0)
	  ->  Index Scan using sbtest4_pkey on sbtest4  (cost=0.43..8.46 rows=1 width=10)
	        Index Cond: (id = 7218396)

table 5 : explain UPDATE sbtest5 SET k=k+1 WHERE id=199750
	Update on sbtest5  (cost=0.43..8.46 rows=0 width=0)
	  ->  Index Scan using sbtest5_pkey on sbtest5  (cost=0.43..8.46 rows=1 width=10)
	        Index Cond: (id = 199750)

table 6 : explain UPDATE sbtest6 SET k=k+1 WHERE id=5752530
	Update on sbtest6  (cost=0.43..8.46 rows=0 width=0)
	  ->  Index Scan using sbtest6_pkey on sbtest6  (cost=0.43..8.46 rows=1 width=10)
	        Index Cond: (id = 5752530)

table 7 : explain UPDATE sbtest7 SET k=k+1 WHERE id=2042131
	Update on sbtest7  (cost=0.43..8.46 rows=0 width=0)
	  ->  Index Scan using sbtest7_pkey on sbtest7  (cost=0.43..8.46 rows=1 width=10)
	        Index Cond: (id = 2042131)

table 8 : explain UPDATE sbtest8 SET k=k+1 WHERE id=8332201
	Update on sbtest8  (cost=0.43..8.46 rows=0 width=0)
	  ->  Index Scan using sbtest8_pkey on sbtest8  (cost=0.43..8.46 rows=1 width=10)
	        Index Cond: (id = 8332201)

for non_index_updates
table 1 : explain UPDATE sbtest1 SET c='foobar' WHERE id=8861600
	Update on sbtest1  (cost=0.43..8.45 rows=0 width=0)
	  ->  Index Scan using sbtest1_pkey on sbtest1  (cost=0.43..8.45 rows=1 width=490)
	        Index Cond: (id = 8861600)

table 2 : explain UPDATE sbtest2 SET c='foobar' WHERE id=9866522
	Update on sbtest2  (cost=0.43..8.45 rows=0 width=0)
	  ->  Index Scan using sbtest2_pkey on sbtest2  (cost=0.43..8.45 rows=1 width=490)
	        Index Cond: (id = 9866522)

table 3 : explain UPDATE sbtest3 SET c='foobar' WHERE id=6725793
	Update on sbtest3  (cost=0.43..8.45 rows=0 width=0)
	  ->  Index Scan using sbtest3_pkey on sbtest3  (cost=0.43..8.45 rows=1 width=490)
	        Index Cond: (id = 6725793)

table 4 : explain UPDATE sbtest4 SET c='foobar' WHERE id=6462047
	Update on sbtest4  (cost=0.43..8.45 rows=0 width=0)
	  ->  Index Scan using sbtest4_pkey on sbtest4  (cost=0.43..8.45 rows=1 width=490)
	        Index Cond: (id = 6462047)

table 5 : explain UPDATE sbtest5 SET c='foobar' WHERE id=6075082
	Update on sbtest5  (cost=0.43..8.45 rows=0 width=0)
	  ->  Index Scan using sbtest5_pkey on sbtest5  (cost=0.43..8.45 rows=1 width=490)
	        Index Cond: (id = 6075082)

table 6 : explain UPDATE sbtest6 SET c='foobar' WHERE id=6237806
	Update on sbtest6  (cost=0.43..8.45 rows=0 width=0)
	  ->  Index Scan using sbtest6_pkey on sbtest6  (cost=0.43..8.45 rows=1 width=490)
	        Index Cond: (id = 6237806)

table 7 : explain UPDATE sbtest7 SET c='foobar' WHERE id=6191338
	Update on sbtest7  (cost=0.43..8.45 rows=0 width=0)
	  ->  Index Scan using sbtest7_pkey on sbtest7  (cost=0.43..8.45 rows=1 width=490)
	        Index Cond: (id = 6191338)

table 8 : explain UPDATE sbtest8 SET c='foobar' WHERE id=4894423
	Update on sbtest8  (cost=0.43..8.45 rows=0 width=0)
	  ->  Index Scan using sbtest8_pkey on sbtest8  (cost=0.43..8.45 rows=1 width=490)
	        Index Cond: (id = 4894423)

for inserts
table 1 : explain INSERT INTO sbtest1 (id, k, c, pad) VALUES (4481993, 13, 'foobar', 'foobar')
	Insert on sbtest1  (cost=0.00..0.01 rows=0 width=0)
	  ->  Result  (cost=0.00..0.01 rows=1 width=736)

table 2 : explain INSERT INTO sbtest2 (id, k, c, pad) VALUES (8447446, 13, 'foobar', 'foobar')
	Insert on sbtest2  (cost=0.00..0.01 rows=0 width=0)
	  ->  Result  (cost=0.00..0.01 rows=1 width=736)

table 3 : explain INSERT INTO sbtest3 (id, k, c, pad) VALUES (8743800, 13, 'foobar', 'foobar')
	Insert on sbtest3  (cost=0.00..0.01 rows=0 width=0)
	  ->  Result  (cost=0.00..0.01 rows=1 width=736)

table 4 : explain INSERT INTO sbtest4 (id, k, c, pad) VALUES (9325214, 13, 'foobar', 'foobar')
	Insert on sbtest4  (cost=0.00..0.01 rows=0 width=0)
	  ->  Result  (cost=0.00..0.01 rows=1 width=736)

table 5 : explain INSERT INTO sbtest5 (id, k, c, pad) VALUES (4883276, 13, 'foobar', 'foobar')
	Insert on sbtest5  (cost=0.00..0.01 rows=0 width=0)
	  ->  Result  (cost=0.00..0.01 rows=1 width=736)

table 6 : explain INSERT INTO sbtest6 (id, k, c, pad) VALUES (9162718, 13, 'foobar', 'foobar')
	Insert on sbtest6  (cost=0.00..0.01 rows=0 width=0)
	  ->  Result  (cost=0.00..0.01 rows=1 width=736)

table 7 : explain INSERT INTO sbtest7 (id, k, c, pad) VALUES (7871385, 13, 'foobar', 'foobar')
	Insert on sbtest7  (cost=0.00..0.01 rows=0 width=0)
	  ->  Result  (cost=0.00..0.01 rows=1 width=736)

table 8 : explain INSERT INTO sbtest8 (id, k, c, pad) VALUES (2860276, 13, 'foobar', 'foobar')
	Insert on sbtest8  (cost=0.00..0.01 rows=0 width=0)
	  ->  Result  (cost=0.00..0.01 rows=1 width=736)

for point_selects
table 1 : explain SELECT c FROM sbtest1 WHERE id=3737364
	Index Scan using sbtest1_pkey on sbtest1  (cost=0.43..8.45 rows=1 width=121)
	  Index Cond: (id = 3737364)

table 2 : explain SELECT c FROM sbtest2 WHERE id=8306927
	Index Scan using sbtest2_pkey on sbtest2  (cost=0.43..8.45 rows=1 width=121)
	  Index Cond: (id = 8306927)

table 3 : explain SELECT c FROM sbtest3 WHERE id=5853870
	Index Scan using sbtest3_pkey on sbtest3  (cost=0.43..8.45 rows=1 width=121)
	  Index Cond: (id = 5853870)

table 4 : explain SELECT c FROM sbtest4 WHERE id=6684461
	Index Scan using sbtest4_pkey on sbtest4  (cost=0.43..8.45 rows=1 width=121)
	  Index Cond: (id = 6684461)

table 5 : explain SELECT c FROM sbtest5 WHERE id=952433
	Index Scan using sbtest5_pkey on sbtest5  (cost=0.43..8.45 rows=1 width=121)
	  Index Cond: (id = 952433)

table 6 : explain SELECT c FROM sbtest6 WHERE id=3354036
	Index Scan using sbtest6_pkey on sbtest6  (cost=0.43..8.45 rows=1 width=121)
	  Index Cond: (id = 3354036)

table 7 : explain SELECT c FROM sbtest7 WHERE id=7431551
	Index Scan using sbtest7_pkey on sbtest7  (cost=0.43..8.45 rows=1 width=121)
	  Index Cond: (id = 7431551)

table 8 : explain SELECT c FROM sbtest8 WHERE id=6685090
	Index Scan using sbtest8_pkey on sbtest8  (cost=0.43..8.45 rows=1 width=121)
	  Index Cond: (id = 6685090)

explain: for point_selects :: explain SELECT c FROM sbtest%u WHERE id=%u
for: order_ranges
table 1 : explain SELECT c FROM sbtest1 WHERE id BETWEEN 3150395 AND 3150404 ORDER BY c
	Sort  (cost=39.66..39.68 rows=10 width=121)
	  Sort Key: c
	  ->  Index Scan using sbtest1_pkey on sbtest1  (cost=0.43..39.49 rows=10 width=121)
	        Index Cond: ((id >= 3150395) AND (id <= 3150404))

table 2 : explain SELECT c FROM sbtest2 WHERE id BETWEEN 3090888 AND 3090897 ORDER BY c
	Sort  (cost=42.88..42.91 rows=11 width=121)
	  Sort Key: c
	  ->  Index Scan using sbtest2_pkey on sbtest2  (cost=0.43..42.69 rows=11 width=121)
	        Index Cond: ((id >= 3090888) AND (id <= 3090897))

table 3 : explain SELECT c FROM sbtest3 WHERE id BETWEEN 2878900 AND 2878909 ORDER BY c
	Sort  (cost=39.32..39.35 rows=10 width=121)
	  Sort Key: c
	  ->  Index Scan using sbtest3_pkey on sbtest3  (cost=0.43..39.15 rows=10 width=121)
	        Index Cond: ((id >= 2878900) AND (id <= 2878909))

table 4 : explain SELECT c FROM sbtest4 WHERE id BETWEEN 6361559 AND 6361568 ORDER BY c
	Sort  (cost=39.04..39.07 rows=10 width=121)
	  Sort Key: c
	  ->  Index Scan using sbtest4_pkey on sbtest4  (cost=0.43..38.88 rows=10 width=121)
	        Index Cond: ((id >= 6361559) AND (id <= 6361568))

table 5 : explain SELECT c FROM sbtest5 WHERE id BETWEEN 5937517 AND 5937526 ORDER BY c
	Sort  (cost=42.89..42.92 rows=11 width=121)
	  Sort Key: c
	  ->  Index Scan using sbtest5_pkey on sbtest5  (cost=0.43..42.70 rows=11 width=121)
	        Index Cond: ((id >= 5937517) AND (id <= 5937526))

table 6 : explain SELECT c FROM sbtest6 WHERE id BETWEEN 5698953 AND 5698962 ORDER BY c
	Sort  (cost=39.59..39.61 rows=10 width=121)
	  Sort Key: c
	  ->  Index Scan using sbtest6_pkey on sbtest6  (cost=0.43..39.42 rows=10 width=121)
	        Index Cond: ((id >= 5698953) AND (id <= 5698962))

table 7 : explain SELECT c FROM sbtest7 WHERE id BETWEEN 3272741 AND 3272750 ORDER BY c
	Sort  (cost=39.66..39.68 rows=10 width=121)
	  Sort Key: c
	  ->  Index Scan using sbtest7_pkey on sbtest7  (cost=0.43..39.49 rows=10 width=121)
	        Index Cond: ((id >= 3272741) AND (id <= 3272750))

table 8 : explain SELECT c FROM sbtest8 WHERE id BETWEEN 7990128 AND 7990137 ORDER BY c
	Sort  (cost=43.13..43.16 rows=11 width=121)
	  Sort Key: c
	  ->  Index Scan using sbtest8_pkey on sbtest8  (cost=0.43..42.94 rows=11 width=121)
	        Index Cond: ((id >= 7990128) AND (id <= 7990137))

explain: for point_selects :: explain SELECT c FROM sbtest%u WHERE id=%u
explain: for deletes :: explain DELETE FROM sbtest%u WHERE id=%u
explain: for non_index_updates :: explain UPDATE sbtest%u SET c='foobar' WHERE id=%u
for non_index_updates
table 1 : explain UPDATE sbtest1 SET c='foobar' WHERE id=6685938
	Update on sbtest1  (cost=0.43..8.45 rows=0 width=0)
	  ->  Index Scan using sbtest1_pkey on sbtest1  (cost=0.43..8.45 rows=1 width=490)
	        Index Cond: (id = 6685938)

table 2 : explain UPDATE sbtest2 SET c='foobar' WHERE id=1805411
	Update on sbtest2  (cost=0.43..8.45 rows=0 width=0)
	  ->  Index Scan using sbtest2_pkey on sbtest2  (cost=0.43..8.45 rows=1 width=490)
	        Index Cond: (id = 1805411)

table 3 : explain UPDATE sbtest3 SET c='foobar' WHERE id=3715735
	Update on sbtest3  (cost=0.43..8.45 rows=0 width=0)
	  ->  Index Scan using sbtest3_pkey on sbtest3  (cost=0.43..8.45 rows=1 width=490)
	        Index Cond: (id = 3715735)

table 4 : explain UPDATE sbtest4 SET c='foobar' WHERE id=6355537
	Update on sbtest4  (cost=0.43..8.45 rows=0 width=0)
	  ->  Index Scan using sbtest4_pkey on sbtest4  (cost=0.43..8.45 rows=1 width=490)
	        Index Cond: (id = 6355537)

table 5 : explain UPDATE sbtest5 SET c='foobar' WHERE id=8475462
	Update on sbtest5  (cost=0.43..8.45 rows=0 width=0)
	  ->  Index Scan using sbtest5_pkey on sbtest5  (cost=0.43..8.45 rows=1 width=490)
	        Index Cond: (id = 8475462)

table 6 : explain UPDATE sbtest6 SET c='foobar' WHERE id=5815457
	Update on sbtest6  (cost=0.43..8.45 rows=0 width=0)
	  ->  Index Scan using sbtest6_pkey on sbtest6  (cost=0.43..8.45 rows=1 width=490)
	        Index Cond: (id = 5815457)

table 7 : explain UPDATE sbtest7 SET c='foobar' WHERE id=484754
	Update on sbtest7  (cost=0.43..8.45 rows=0 width=0)
	  ->  Index Scan using sbtest7_pkey on sbtest7  (cost=0.43..8.45 rows=1 width=490)
	        Index Cond: (id = 484754)

table 8 : explain UPDATE sbtest8 SET c='foobar' WHERE id=499216
	Update on sbtest8  (cost=0.43..8.45 rows=0 width=0)
	  ->  Index Scan using sbtest8_pkey on sbtest8  (cost=0.43..8.45 rows=1 width=490)
	        Index Cond: (id = 499216)

explain: for point_selects :: explain SELECT c FROM sbtest%u WHERE id=%u
for: sum_ranges
table 1 : explain SELECT SUM(k) FROM sbtest1 WHERE id BETWEEN 26093 AND 26102
	Aggregate  (cost=39.51..39.52 rows=1 width=8)
	  ->  Index Scan using sbtest1_pkey on sbtest1  (cost=0.43..39.49 rows=10 width=4)
	        Index Cond: ((id >= 26093) AND (id <= 26102))

table 2 : explain SELECT SUM(k) FROM sbtest2 WHERE id BETWEEN 1269257 AND 1269266
	Aggregate  (cost=39.29..39.30 rows=1 width=8)
	  ->  Index Scan using sbtest2_pkey on sbtest2  (cost=0.43..39.27 rows=10 width=4)
	        Index Cond: ((id >= 1269257) AND (id <= 1269266))

table 3 : explain SELECT SUM(k) FROM sbtest3 WHERE id BETWEEN 2147493 AND 2147502
	Aggregate  (cost=39.18..39.19 rows=1 width=8)
	  ->  Index Scan using sbtest3_pkey on sbtest3  (cost=0.43..39.15 rows=10 width=4)
	        Index Cond: ((id >= 2147493) AND (id <= 2147502))

table 4 : explain SELECT SUM(k) FROM sbtest4 WHERE id BETWEEN 3206270 AND 3206279
	Aggregate  (cost=38.90..38.91 rows=1 width=8)
	  ->  Index Scan using sbtest4_pkey on sbtest4  (cost=0.43..38.88 rows=10 width=4)
	        Index Cond: ((id >= 3206270) AND (id <= 3206279))

table 5 : explain SELECT SUM(k) FROM sbtest5 WHERE id BETWEEN 8245746 AND 8245755
	Aggregate  (cost=35.88..35.89 rows=1 width=8)
	  ->  Index Scan using sbtest5_pkey on sbtest5  (cost=0.43..35.85 rows=9 width=4)
	        Index Cond: ((id >= 8245746) AND (id <= 8245755))

table 6 : explain SELECT SUM(k) FROM sbtest6 WHERE id BETWEEN 8506918 AND 8506927
	Aggregate  (cost=39.45..39.46 rows=1 width=8)
	  ->  Index Scan using sbtest6_pkey on sbtest6  (cost=0.43..39.42 rows=10 width=4)
	        Index Cond: ((id >= 8506918) AND (id <= 8506927))

table 7 : explain SELECT SUM(k) FROM sbtest7 WHERE id BETWEEN 9239743 AND 9239752
	Aggregate  (cost=39.52..39.53 rows=1 width=8)
	  ->  Index Scan using sbtest7_pkey on sbtest7  (cost=0.43..39.49 rows=10 width=4)
	        Index Cond: ((id >= 9239743) AND (id <= 9239752))

table 8 : explain SELECT SUM(k) FROM sbtest8 WHERE id BETWEEN 4089335 AND 4089344
	Aggregate  (cost=39.52..39.53 rows=1 width=8)
	  ->  Index Scan using sbtest8_pkey on sbtest8  (cost=0.43..39.49 rows=10 width=4)
	        Index Cond: ((id >= 4089335) AND (id <= 4089344))

for: sum_ranges
table 1 : explain SELECT SUM(k) FROM sbtest1 WHERE id BETWEEN 6286921 AND 6286930
	Aggregate  (cost=39.51..39.52 rows=1 width=8)
	  ->  Index Scan using sbtest1_pkey on sbtest1  (cost=0.43..39.49 rows=10 width=4)
	        Index Cond: ((id >= 6286921) AND (id <= 6286930))

table 2 : explain SELECT SUM(k) FROM sbtest2 WHERE id BETWEEN 8428131 AND 8428140
	Aggregate  (cost=39.29..39.30 rows=1 width=8)
	  ->  Index Scan using sbtest2_pkey on sbtest2  (cost=0.43..39.27 rows=10 width=4)
	        Index Cond: ((id >= 8428131) AND (id <= 8428140))

table 3 : explain SELECT SUM(k) FROM sbtest3 WHERE id BETWEEN 5456283 AND 5456292
	Aggregate  (cost=39.18..39.19 rows=1 width=8)
	  ->  Index Scan using sbtest3_pkey on sbtest3  (cost=0.43..39.15 rows=10 width=4)
	        Index Cond: ((id >= 5456283) AND (id <= 5456292))

table 4 : explain SELECT SUM(k) FROM sbtest4 WHERE id BETWEEN 1383904 AND 1383913
	Aggregate  (cost=38.90..38.91 rows=1 width=8)
	  ->  Index Scan using sbtest4_pkey on sbtest4  (cost=0.43..38.88 rows=10 width=4)
	        Index Cond: ((id >= 1383904) AND (id <= 1383913))

table 5 : explain SELECT SUM(k) FROM sbtest5 WHERE id BETWEEN 130456 AND 130465
	Aggregate  (cost=39.30..39.31 rows=1 width=8)
	  ->  Index Scan using sbtest5_pkey on sbtest5  (cost=0.43..39.28 rows=10 width=4)
	        Index Cond: ((id >= 130456) AND (id <= 130465))

table 6 : explain SELECT SUM(k) FROM sbtest6 WHERE id BETWEEN 2002808 AND 2002817
	Aggregate  (cost=39.45..39.46 rows=1 width=8)
	  ->  Index Scan using sbtest6_pkey on sbtest6  (cost=0.43..39.42 rows=10 width=4)
	        Index Cond: ((id >= 2002808) AND (id <= 2002817))

table 7 : explain SELECT SUM(k) FROM sbtest7 WHERE id BETWEEN 9138088 AND 9138097
	Aggregate  (cost=42.97..42.98 rows=1 width=8)
	  ->  Index Scan using sbtest7_pkey on sbtest7  (cost=0.43..42.94 rows=11 width=4)
	        Index Cond: ((id >= 9138088) AND (id <= 9138097))

table 8 : explain SELECT SUM(k) FROM sbtest8 WHERE id BETWEEN 9187131 AND 9187140
	Aggregate  (cost=39.52..39.53 rows=1 width=8)
	  ->  Index Scan using sbtest8_pkey on sbtest8  (cost=0.43..39.49 rows=10 width=4)
	        Index Cond: ((id >= 9187131) AND (id <= 9187140))

explain: for deletes :: explain DELETE FROM sbtest%u WHERE id=%u
for: order_ranges
table 1 : explain SELECT c FROM sbtest1 WHERE id BETWEEN 7123518 AND 7123527 ORDER BY c
	Sort  (cost=39.66..39.68 rows=10 width=121)
	  Sort Key: c
	  ->  Index Scan using sbtest1_pkey on sbtest1  (cost=0.43..39.49 rows=10 width=121)
	        Index Cond: ((id >= 7123518) AND (id <= 7123527))

table 2 : explain SELECT c FROM sbtest2 WHERE id BETWEEN 9462829 AND 9462838 ORDER BY c
	Sort  (cost=39.44..39.46 rows=10 width=121)
	  Sort Key: c
	  ->  Index Scan using sbtest2_pkey on sbtest2  (cost=0.43..39.27 rows=10 width=121)
	        Index Cond: ((id >= 9462829) AND (id <= 9462838))

table 3 : explain SELECT c FROM sbtest3 WHERE id BETWEEN 9552944 AND 9552953 ORDER BY c
	Sort  (cost=39.32..39.35 rows=10 width=121)
	  Sort Key: c
	  ->  Index Scan using sbtest3_pkey on sbtest3  (cost=0.43..39.15 rows=10 width=121)
	        Index Cond: ((id >= 9552944) AND (id <= 9552953))

table 4 : explain SELECT c FROM sbtest4 WHERE id BETWEEN 1784284 AND 1784293 ORDER BY c
	Sort  (cost=39.04..39.07 rows=10 width=121)
	  Sort Key: c
	  ->  Index Scan using sbtest4_pkey on sbtest4  (cost=0.43..38.88 rows=10 width=121)
	        Index Cond: ((id >= 1784284) AND (id <= 1784293))

table 5 : explain SELECT c FROM sbtest5 WHERE id BETWEEN 5982217 AND 5982226 ORDER BY c
	Sort  (cost=39.45..39.47 rows=10 width=121)
	  Sort Key: c
	  ->  Index Scan using sbtest5_pkey on sbtest5  (cost=0.43..39.28 rows=10 width=121)
	        Index Cond: ((id >= 5982217) AND (id <= 5982226))

table 6 : explain SELECT c FROM sbtest6 WHERE id BETWEEN 1478986 AND 1478995 ORDER BY c
	Sort  (cost=39.59..39.61 rows=10 width=121)
	  Sort Key: c
	  ->  Index Scan using sbtest6_pkey on sbtest6  (cost=0.43..39.42 rows=10 width=121)
	        Index Cond: ((id >= 1478986) AND (id <= 1478995))

table 7 : explain SELECT c FROM sbtest7 WHERE id BETWEEN 3947497 AND 3947506 ORDER BY c
	Sort  (cost=39.66..39.68 rows=10 width=121)
	  Sort Key: c
	  ->  Index Scan using sbtest7_pkey on sbtest7  (cost=0.43..39.49 rows=10 width=121)
	        Index Cond: ((id >= 3947497) AND (id <= 3947506))

table 8 : explain SELECT c FROM sbtest8 WHERE id BETWEEN 3555014 AND 3555023 ORDER BY c
	Sort  (cost=39.66..39.69 rows=10 width=121)
	  Sort Key: c
	  ->  Index Scan using sbtest8_pkey on sbtest8  (cost=0.43..39.49 rows=10 width=121)
	        Index Cond: ((id >= 3555014) AND (id <= 3555023))
for: simple_ranges
table 1 : explain SELECT c FROM sbtest1 WHERE id BETWEEN 3995806 AND 3995815
	Index Scan using sbtest1_pkey on sbtest1  (cost=0.43..36.04 rows=9 width=121)
	  Index Cond: ((id >= 3995806) AND (id <= 3995815))

table 2 : explain SELECT c FROM sbtest2 WHERE id BETWEEN 5301872 AND 5301881
	Index Scan using sbtest2_pkey on sbtest2  (cost=0.43..39.27 rows=10 width=121)
	  Index Cond: ((id >= 5301872) AND (id <= 5301881))

table 3 : explain SELECT c FROM sbtest3 WHERE id BETWEEN 9894345 AND 9894354
	Index Scan using sbtest3_pkey on sbtest3  (cost=0.43..39.15 rows=10 width=121)
	  Index Cond: ((id >= 9894345) AND (id <= 9894354))

table 4 : explain SELECT c FROM sbtest4 WHERE id BETWEEN 3411813 AND 3411822
	Index Scan using sbtest4_pkey on sbtest4  (cost=0.43..38.88 rows=10 width=121)
	  Index Cond: ((id >= 3411813) AND (id <= 3411822))

table 5 : explain SELECT c FROM sbtest5 WHERE id BETWEEN 668173 AND 668182
	Index Scan using sbtest5_pkey on sbtest5  (cost=0.43..39.28 rows=10 width=121)
	  Index Cond: ((id >= 668173) AND (id <= 668182))

table 6 : explain SELECT c FROM sbtest6 WHERE id BETWEEN 1835756 AND 1835765
	Index Scan using sbtest6_pkey on sbtest6  (cost=0.43..39.42 rows=10 width=121)
	  Index Cond: ((id >= 1835756) AND (id <= 1835765))

table 7 : explain SELECT c FROM sbtest7 WHERE id BETWEEN 7900764 AND 7900773
	Index Scan using sbtest7_pkey on sbtest7  (cost=0.43..39.49 rows=10 width=121)
	  Index Cond: ((id >= 7900764) AND (id <= 7900773))

table 8 : explain SELECT c FROM sbtest8 WHERE id BETWEEN 4372151 AND 4372160
	Index Scan using sbtest8_pkey on sbtest8  (cost=0.43..39.49 rows=10 width=121)
	  Index Cond: ((id >= 4372151) AND (id <= 4372160))


for: simple_ranges
table 1 : explain SELECT c FROM sbtest1 WHERE id BETWEEN 5803968 AND 5803977
	Index Scan using sbtest1_pkey on sbtest1  (cost=0.43..39.49 rows=10 width=121)
	  Index Cond: ((id >= 5803968) AND (id <= 5803977))

table 2 : explain SELECT c FROM sbtest2 WHERE id BETWEEN 2422909 AND 2422918
	Index Scan using sbtest2_pkey on sbtest2  (cost=0.43..39.27 rows=10 width=121)
	  Index Cond: ((id >= 2422909) AND (id <= 2422918))

table 3 : explain SELECT c FROM sbtest3 WHERE id BETWEEN 4050886 AND 4050895
	Index Scan using sbtest3_pkey on sbtest3  (cost=0.43..39.15 rows=10 width=121)
	  Index Cond: ((id >= 4050886) AND (id <= 4050895))

table 4 : explain SELECT c FROM sbtest4 WHERE id BETWEEN 2107119 AND 2107128
	Index Scan using sbtest4_pkey on sbtest4  (cost=0.43..42.26 rows=11 width=121)
	  Index Cond: ((id >= 2107119) AND (id <= 2107128))

table 5 : explain SELECT c FROM sbtest5 WHERE id BETWEEN 9661338 AND 9661347
	Index Scan using sbtest5_pkey on sbtest5  (cost=0.43..39.28 rows=10 width=121)
	  Index Cond: ((id >= 9661338) AND (id <= 9661347))

table 6 : explain SELECT c FROM sbtest6 WHERE id BETWEEN 7959971 AND 7959980
	Index Scan using sbtest6_pkey on sbtest6  (cost=0.43..46.30 rows=12 width=121)
	  Index Cond: ((id >= 7959971) AND (id <= 7959980))

table 7 : explain SELECT c FROM sbtest7 WHERE id BETWEEN 9518017 AND 9518026
	Index Scan using sbtest7_pkey on sbtest7  (cost=0.43..39.49 rows=10 width=121)
	  Index Cond: ((id >= 9518017) AND (id <= 9518026))

table 8 : explain SELECT c FROM sbtest8 WHERE id BETWEEN 4605245 AND 4605254
	Index Scan using sbtest8_pkey on sbtest8  (cost=0.43..39.49 rows=10 width=121)
	  Index Cond: ((id >= 4605245) AND (id <= 4605254))

for non_index_updates
table 1 : explain UPDATE sbtest1 SET c='foobar' WHERE id=5973853
	Update on sbtest1  (cost=0.43..8.45 rows=0 width=0)
	  ->  Index Scan using sbtest1_pkey on sbtest1  (cost=0.43..8.45 rows=1 width=490)
	        Index Cond: (id = 5973853)

table 2 : explain UPDATE sbtest2 SET c='foobar' WHERE id=5064245
	Update on sbtest2  (cost=0.43..8.45 rows=0 width=0)
	  ->  Index Scan using sbtest2_pkey on sbtest2  (cost=0.43..8.45 rows=1 width=490)
	        Index Cond: (id = 5064245)

table 3 : explain UPDATE sbtest3 SET c='foobar' WHERE id=3470049
	Update on sbtest3  (cost=0.43..8.45 rows=0 width=0)
	  ->  Index Scan using sbtest3_pkey on sbtest3  (cost=0.43..8.45 rows=1 width=490)
	        Index Cond: (id = 3470049)

table 4 : explain UPDATE sbtest4 SET c='foobar' WHERE id=9478382
	Update on sbtest4  (cost=0.43..8.45 rows=0 width=0)
	  ->  Index Scan using sbtest4_pkey on sbtest4  (cost=0.43..8.45 rows=1 width=490)
	        Index Cond: (id = 9478382)

table 5 : explain UPDATE sbtest5 SET c='foobar' WHERE id=5918638
	Update on sbtest5  (cost=0.43..8.45 rows=0 width=0)
	  ->  Index Scan using sbtest5_pkey on sbtest5  (cost=0.43..8.45 rows=1 width=490)
	        Index Cond: (id = 5918638)

table 6 : explain UPDATE sbtest6 SET c='foobar' WHERE id=7270434
	Update on sbtest6  (cost=0.43..8.45 rows=0 width=0)
	  ->  Index Scan using sbtest6_pkey on sbtest6  (cost=0.43..8.45 rows=1 width=490)
	        Index Cond: (id = 7270434)

table 7 : explain UPDATE sbtest7 SET c='foobar' WHERE id=6766473
	Update on sbtest7  (cost=0.43..8.45 rows=0 width=0)
	  ->  Index Scan using sbtest7_pkey on sbtest7  (cost=0.43..8.45 rows=1 width=490)
	        Index Cond: (id = 6766473)

table 8 : explain UPDATE sbtest8 SET c='foobar' WHERE id=6715724
	Update on sbtest8  (cost=0.43..8.45 rows=0 width=0)
	  ->  Index Scan using sbtest8_pkey on sbtest8  (cost=0.43..8.45 rows=1 width=490)
	        Index Cond: (id = 6715724)

for: sum_ranges
table 1 : explain SELECT SUM(k) FROM sbtest1 WHERE id BETWEEN 7424393 AND 7424402
	Aggregate  (cost=39.51..39.52 rows=1 width=8)
	  ->  Index Scan using sbtest1_pkey on sbtest1  (cost=0.43..39.49 rows=10 width=4)
	        Index Cond: ((id >= 7424393) AND (id <= 7424402))

table 2 : explain SELECT SUM(k) FROM sbtest2 WHERE id BETWEEN 4009586 AND 4009595
	Aggregate  (cost=42.72..42.73 rows=1 width=8)
	  ->  Index Scan using sbtest2_pkey on sbtest2  (cost=0.43..42.69 rows=11 width=4)
	        Index Cond: ((id >= 4009586) AND (id <= 4009595))

table 3 : explain SELECT SUM(k) FROM sbtest3 WHERE id BETWEEN 9718462 AND 9718471
	Aggregate  (cost=35.77..35.78 rows=1 width=8)
	  ->  Index Scan using sbtest3_pkey on sbtest3  (cost=0.43..35.74 rows=9 width=4)
	        Index Cond: ((id >= 9718462) AND (id <= 9718471))

table 4 : explain SELECT SUM(k) FROM sbtest4 WHERE id BETWEEN 7481881 AND 7481890
	Aggregate  (cost=35.52..35.53 rows=1 width=8)
	  ->  Index Scan using sbtest4_pkey on sbtest4  (cost=0.43..35.50 rows=9 width=4)
	        Index Cond: ((id >= 7481881) AND (id <= 7481890))

table 5 : explain SELECT SUM(k) FROM sbtest5 WHERE id BETWEEN 1987946 AND 1987955
	Aggregate  (cost=39.30..39.31 rows=1 width=8)
	  ->  Index Scan using sbtest5_pkey on sbtest5  (cost=0.43..39.28 rows=10 width=4)
	        Index Cond: ((id >= 1987946) AND (id <= 1987955))

table 6 : explain SELECT SUM(k) FROM sbtest6 WHERE id BETWEEN 2856059 AND 2856068
	Aggregate  (cost=39.45..39.46 rows=1 width=8)
	  ->  Index Scan using sbtest6_pkey on sbtest6  (cost=0.43..39.42 rows=10 width=4)
	        Index Cond: ((id >= 2856059) AND (id <= 2856068))

table 7 : explain SELECT SUM(k) FROM sbtest7 WHERE id BETWEEN 6761962 AND 6761971
	Aggregate  (cost=39.52..39.53 rows=1 width=8)
	  ->  Index Scan using sbtest7_pkey on sbtest7  (cost=0.43..39.49 rows=10 width=4)
	        Index Cond: ((id >= 6761962) AND (id <= 6761971))

table 8 : explain SELECT SUM(k) FROM sbtest8 WHERE id BETWEEN 7525393 AND 7525402
	Aggregate  (cost=39.52..39.53 rows=1 width=8)
	  ->  Index Scan using sbtest8_pkey on sbtest8  (cost=0.43..39.49 rows=10 width=4)
	        Index Cond: ((id >= 7525393) AND (id <= 7525402))

for deletes
table 1 : explain DELETE FROM sbtest1 WHERE id=225946
	Delete on sbtest1  (cost=0.43..8.45 rows=0 width=0)
	  ->  Index Scan using sbtest1_pkey on sbtest1  (cost=0.43..8.45 rows=1 width=6)
	        Index Cond: (id = 225946)

table 2 : explain DELETE FROM sbtest2 WHERE id=8479060
	Delete on sbtest2  (cost=0.43..8.45 rows=0 width=0)
	  ->  Index Scan using sbtest2_pkey on sbtest2  (cost=0.43..8.45 rows=1 width=6)
	        Index Cond: (id = 8479060)

table 3 : explain DELETE FROM sbtest3 WHERE id=5488952
	Delete on sbtest3  (cost=0.43..8.45 rows=0 width=0)
	  ->  Index Scan using sbtest3_pkey on sbtest3  (cost=0.43..8.45 rows=1 width=6)
	        Index Cond: (id = 5488952)

table 4 : explain DELETE FROM sbtest4 WHERE id=8079884
	Delete on sbtest4  (cost=0.43..8.45 rows=0 width=0)
	  ->  Index Scan using sbtest4_pkey on sbtest4  (cost=0.43..8.45 rows=1 width=6)
	        Index Cond: (id = 8079884)

table 5 : explain DELETE FROM sbtest5 WHERE id=4209729
	Delete on sbtest5  (cost=0.43..8.45 rows=0 width=0)
	  ->  Index Scan using sbtest5_pkey on sbtest5  (cost=0.43..8.45 rows=1 width=6)
	        Index Cond: (id = 4209729)

table 6 : explain DELETE FROM sbtest6 WHERE id=1380129
	Delete on sbtest6  (cost=0.43..8.45 rows=0 width=0)
	  ->  Index Scan using sbtest6_pkey on sbtest6  (cost=0.43..8.45 rows=1 width=6)
	        Index Cond: (id = 1380129)

table 7 : explain DELETE FROM sbtest7 WHERE id=7051980
	Delete on sbtest7  (cost=0.43..8.45 rows=0 width=0)
	  ->  Index Scan using sbtest7_pkey on sbtest7  (cost=0.43..8.45 rows=1 width=6)
	        Index Cond: (id = 7051980)

table 8 : explain DELETE FROM sbtest8 WHERE id=8442094
	Delete on sbtest8  (cost=0.43..8.45 rows=0 width=0)
	  ->  Index Scan using sbtest8_pkey on sbtest8  (cost=0.43..8.45 rows=1 width=6)
	        Index Cond: (id = 8442094)

for deletes
table 1 : explain DELETE FROM sbtest1 WHERE id=3966604
	Delete on sbtest1  (cost=0.43..8.45 rows=0 width=0)
	  ->  Index Scan using sbtest1_pkey on sbtest1  (cost=0.43..8.45 rows=1 width=6)
	        Index Cond: (id = 3966604)

table 2 : explain DELETE FROM sbtest2 WHERE id=7662300
	Delete on sbtest2  (cost=0.43..8.45 rows=0 width=0)
	  ->  Index Scan using sbtest2_pkey on sbtest2  (cost=0.43..8.45 rows=1 width=6)
	        Index Cond: (id = 7662300)

table 3 : explain DELETE FROM sbtest3 WHERE id=6582086
	Delete on sbtest3  (cost=0.43..8.45 rows=0 width=0)
	  ->  Index Scan using sbtest3_pkey on sbtest3  (cost=0.43..8.45 rows=1 width=6)
	        Index Cond: (id = 6582086)

table 4 : explain DELETE FROM sbtest4 WHERE id=3673303
	Delete on sbtest4  (cost=0.43..8.45 rows=0 width=0)
	  ->  Index Scan using sbtest4_pkey on sbtest4  (cost=0.43..8.45 rows=1 width=6)
	        Index Cond: (id = 3673303)

table 5 : explain DELETE FROM sbtest5 WHERE id=786905
	Delete on sbtest5  (cost=0.43..8.45 rows=0 width=0)
	  ->  Index Scan using sbtest5_pkey on sbtest5  (cost=0.43..8.45 rows=1 width=6)
	        Index Cond: (id = 786905)

table 6 : explain DELETE FROM sbtest6 WHERE id=4902506
	Delete on sbtest6  (cost=0.43..8.45 rows=0 width=0)
	  ->  Index Scan using sbtest6_pkey on sbtest6  (cost=0.43..8.45 rows=1 width=6)
	        Index Cond: (id = 4902506)

table 7 : explain DELETE FROM sbtest7 WHERE id=8765232
	Delete on sbtest7  (cost=0.43..8.45 rows=0 width=0)
	  ->  Index Scan using sbtest7_pkey on sbtest7  (cost=0.43..8.45 rows=1 width=6)
	        Index Cond: (id = 8765232)

table 8 : explain DELETE FROM sbtest8 WHERE id=5205360
	Delete on sbtest8  (cost=0.43..8.45 rows=0 width=0)
	  ->  Index Scan using sbtest8_pkey on sbtest8  (cost=0.43..8.45 rows=1 width=6)
	        Index Cond: (id = 5205360)

for non_index_updates
table 1 : explain UPDATE sbtest1 SET c='foobar' WHERE id=1747063
	Update on sbtest1  (cost=0.43..8.45 rows=0 width=0)
	  ->  Index Scan using sbtest1_pkey on sbtest1  (cost=0.43..8.45 rows=1 width=490)
	        Index Cond: (id = 1747063)

table 2 : explain UPDATE sbtest2 SET c='foobar' WHERE id=1828241
	Update on sbtest2  (cost=0.43..8.45 rows=0 width=0)
	  ->  Index Scan using sbtest2_pkey on sbtest2  (cost=0.43..8.45 rows=1 width=490)
	        Index Cond: (id = 1828241)

table 3 : explain UPDATE sbtest3 SET c='foobar' WHERE id=4016794
	Update on sbtest3  (cost=0.43..8.45 rows=0 width=0)
	  ->  Index Scan using sbtest3_pkey on sbtest3  (cost=0.43..8.45 rows=1 width=490)
	        Index Cond: (id = 4016794)

table 4 : explain UPDATE sbtest4 SET c='foobar' WHERE id=7205796
	Update on sbtest4  (cost=0.43..8.45 rows=0 width=0)
	  ->  Index Scan using sbtest4_pkey on sbtest4  (cost=0.43..8.45 rows=1 width=490)
	        Index Cond: (id = 7205796)

table 5 : explain UPDATE sbtest5 SET c='foobar' WHERE id=4311262
	Update on sbtest5  (cost=0.43..8.45 rows=0 width=0)
	  ->  Index Scan using sbtest5_pkey on sbtest5  (cost=0.43..8.45 rows=1 width=490)
	        Index Cond: (id = 4311262)

table 6 : explain UPDATE sbtest6 SET c='foobar' WHERE id=7011894
	Update on sbtest6  (cost=0.43..8.45 rows=0 width=0)
	  ->  Index Scan using sbtest6_pkey on sbtest6  (cost=0.43..8.45 rows=1 width=490)
	        Index Cond: (id = 7011894)

table 7 : explain UPDATE sbtest7 SET c='foobar' WHERE id=2363910
	Update on sbtest7  (cost=0.43..8.45 rows=0 width=0)
	  ->  Index Scan using sbtest7_pkey on sbtest7  (cost=0.43..8.45 rows=1 width=490)
	        Index Cond: (id = 2363910)

table 8 : explain UPDATE sbtest8 SET c='foobar' WHERE id=7614182
	Update on sbtest8  (cost=0.43..8.45 rows=0 width=0)
	  ->  Index Scan using sbtest8_pkey on sbtest8  (cost=0.43..8.45 rows=1 width=490)
	        Index Cond: (id = 7614182)

for: simple_ranges
table 1 : explain SELECT c FROM sbtest1 WHERE id BETWEEN 7911649 AND 7911658
	Index Scan using sbtest1_pkey on sbtest1  (cost=0.43..39.49 rows=10 width=121)
	  Index Cond: ((id >= 7911649) AND (id <= 7911658))

table 2 : explain SELECT c FROM sbtest2 WHERE id BETWEEN 3326005 AND 3326014
	Index Scan using sbtest2_pkey on sbtest2  (cost=0.43..35.85 rows=9 width=121)
	  Index Cond: ((id >= 3326005) AND (id <= 3326014))

table 3 : explain SELECT c FROM sbtest3 WHERE id BETWEEN 5759064 AND 5759073
	Index Scan using sbtest3_pkey on sbtest3  (cost=0.43..42.57 rows=11 width=121)
	  Index Cond: ((id >= 5759064) AND (id <= 5759073))

table 4 : explain SELECT c FROM sbtest4 WHERE id BETWEEN 4011220 AND 4011229
	Index Scan using sbtest4_pkey on sbtest4  (cost=0.43..38.88 rows=10 width=121)
	  Index Cond: ((id >= 4011220) AND (id <= 4011229))

table 5 : explain SELECT c FROM sbtest5 WHERE id BETWEEN 2091496 AND 2091505
	Index Scan using sbtest5_pkey on sbtest5  (cost=0.43..39.28 rows=10 width=121)
	  Index Cond: ((id >= 2091496) AND (id <= 2091505))

table 6 : explain SELECT c FROM sbtest6 WHERE id BETWEEN 2357340 AND 2357349
	Index Scan using sbtest6_pkey on sbtest6  (cost=0.43..42.86 rows=11 width=121)
	  Index Cond: ((id >= 2357340) AND (id <= 2357349))

table 7 : explain SELECT c FROM sbtest7 WHERE id BETWEEN 3103483 AND 3103492
	Index Scan using sbtest7_pkey on sbtest7  (cost=0.43..39.49 rows=10 width=121)
	  Index Cond: ((id >= 3103483) AND (id <= 3103492))

table 8 : explain SELECT c FROM sbtest8 WHERE id BETWEEN 7565413 AND 7565422
	Index Scan using sbtest8_pkey on sbtest8  (cost=0.43..39.49 rows=10 width=121)
	  Index Cond: ((id >= 7565413) AND (id <= 7565422))

for deletes
table 1 : explain DELETE FROM sbtest1 WHERE id=9584124
	Delete on sbtest1  (cost=0.43..8.45 rows=0 width=0)
	  ->  Index Scan using sbtest1_pkey on sbtest1  (cost=0.43..8.45 rows=1 width=6)
	        Index Cond: (id = 9584124)

table 2 : explain DELETE FROM sbtest2 WHERE id=1449498
	Delete on sbtest2  (cost=0.43..8.45 rows=0 width=0)
	  ->  Index Scan using sbtest2_pkey on sbtest2  (cost=0.43..8.45 rows=1 width=6)
	        Index Cond: (id = 1449498)

table 3 : explain DELETE FROM sbtest3 WHERE id=8512138
	Delete on sbtest3  (cost=0.43..8.45 rows=0 width=0)
	  ->  Index Scan using sbtest3_pkey on sbtest3  (cost=0.43..8.45 rows=1 width=6)
	        Index Cond: (id = 8512138)

table 4 : explain DELETE FROM sbtest4 WHERE id=7315899
	Delete on sbtest4  (cost=0.43..8.45 rows=0 width=0)
	  ->  Index Scan using sbtest4_pkey on sbtest4  (cost=0.43..8.45 rows=1 width=6)
	        Index Cond: (id = 7315899)

table 5 : explain DELETE FROM sbtest5 WHERE id=457356
	Delete on sbtest5  (cost=0.43..8.45 rows=0 width=0)
	  ->  Index Scan using sbtest5_pkey on sbtest5  (cost=0.43..8.45 rows=1 width=6)
	        Index Cond: (id = 457356)

table 6 : explain DELETE FROM sbtest6 WHERE id=3802637
	Delete on sbtest6  (cost=0.43..8.45 rows=0 width=0)
	  ->  Index Scan using sbtest6_pkey on sbtest6  (cost=0.43..8.45 rows=1 width=6)
	        Index Cond: (id = 3802637)

table 7 : explain DELETE FROM sbtest7 WHERE id=7416926
	Delete on sbtest7  (cost=0.43..8.45 rows=0 width=0)
	  ->  Index Scan using sbtest7_pkey on sbtest7  (cost=0.43..8.45 rows=1 width=6)
	        Index Cond: (id = 7416926)

table 8 : explain DELETE FROM sbtest8 WHERE id=9538667
	Delete on sbtest8  (cost=0.43..8.45 rows=0 width=0)
	  ->  Index Scan using sbtest8_pkey on sbtest8  (cost=0.43..8.45 rows=1 width=6)
	        Index Cond: (id = 9538667)

explain: for deletes :: explain DELETE FROM sbtest%u WHERE id=%u
for: distinct_ranges
table 1 : explain SELECT DISTINCT c FROM sbtest1 WHERE id BETWEEN 3509447 AND 3509456 ORDER BY c
	Unique  (cost=39.66..39.71 rows=10 width=121)
	  ->  Sort  (cost=39.66..39.68 rows=10 width=121)
	        Sort Key: c
	        ->  Index Scan using sbtest1_pkey on sbtest1  (cost=0.43..39.49 rows=10 width=121)
	              Index Cond: ((id >= 3509447) AND (id <= 3509456))

table 2 : explain SELECT DISTINCT c FROM sbtest2 WHERE id BETWEEN 7038419 AND 7038428 ORDER BY c
	Unique  (cost=42.88..42.94 rows=11 width=121)
	  ->  Sort  (cost=42.88..42.91 rows=11 width=121)
	        Sort Key: c
	        ->  Index Scan using sbtest2_pkey on sbtest2  (cost=0.43..42.69 rows=11 width=121)
	              Index Cond: ((id >= 7038419) AND (id <= 7038428))

table 3 : explain SELECT DISTINCT c FROM sbtest3 WHERE id BETWEEN 7242620 AND 7242629 ORDER BY c
	Unique  (cost=39.32..39.37 rows=10 width=121)
	  ->  Sort  (cost=39.32..39.35 rows=10 width=121)
	        Sort Key: c
	        ->  Index Scan using sbtest3_pkey on sbtest3  (cost=0.43..39.15 rows=10 width=121)
	              Index Cond: ((id >= 7242620) AND (id <= 7242629))

table 4 : explain SELECT DISTINCT c FROM sbtest4 WHERE id BETWEEN 5537459 AND 5537468 ORDER BY c
	Unique  (cost=39.04..39.09 rows=10 width=121)
	  ->  Sort  (cost=39.04..39.07 rows=10 width=121)
	        Sort Key: c
	        ->  Index Scan using sbtest4_pkey on sbtest4  (cost=0.43..38.88 rows=10 width=121)
	              Index Cond: ((id >= 5537459) AND (id <= 5537468))

table 5 : explain SELECT DISTINCT c FROM sbtest5 WHERE id BETWEEN 6650332 AND 6650341 ORDER BY c
	Unique  (cost=39.45..39.50 rows=10 width=121)
	  ->  Sort  (cost=39.45..39.47 rows=10 width=121)
	        Sort Key: c
	        ->  Index Scan using sbtest5_pkey on sbtest5  (cost=0.43..39.28 rows=10 width=121)
	              Index Cond: ((id >= 6650332) AND (id <= 6650341))

table 6 : explain SELECT DISTINCT c FROM sbtest6 WHERE id BETWEEN 3162669 AND 3162678 ORDER BY c
	Unique  (cost=39.59..39.64 rows=10 width=121)
	  ->  Sort  (cost=39.59..39.61 rows=10 width=121)
	        Sort Key: c
	        ->  Index Scan using sbtest6_pkey on sbtest6  (cost=0.43..39.42 rows=10 width=121)
	              Index Cond: ((id >= 3162669) AND (id <= 3162678))

table 7 : explain SELECT DISTINCT c FROM sbtest7 WHERE id BETWEEN 279947 AND 279956 ORDER BY c
	Unique  (cost=39.66..39.71 rows=10 width=121)
	  ->  Sort  (cost=39.66..39.68 rows=10 width=121)
	        Sort Key: c
	        ->  Index Scan using sbtest7_pkey on sbtest7  (cost=0.43..39.49 rows=10 width=121)
	              Index Cond: ((id >= 279947) AND (id <= 279956))

table 8 : explain SELECT DISTINCT c FROM sbtest8 WHERE id BETWEEN 1106847 AND 1106856 ORDER BY c
	Unique  (cost=36.19..36.23 rows=9 width=121)
	  ->  Sort  (cost=36.19..36.21 rows=9 width=121)
	        Sort Key: c
	        ->  Index Scan using sbtest8_pkey on sbtest8  (cost=0.43..36.05 rows=9 width=121)
	              Index Cond: ((id >= 1106847) AND (id <= 1106856))

explain: for deletes :: explain DELETE FROM sbtest%u WHERE id=%u
explain: for inserts :: explain INSERT INTO sbtest%u (id, k, c, pad) VALUES (%u, 13, 'foobar', 'foobar')
for: order_ranges
table 1 : explain SELECT c FROM sbtest1 WHERE id BETWEEN 8254749 AND 8254758 ORDER BY c
	Sort  (cost=39.66..39.68 rows=10 width=121)
	  Sort Key: c
	  ->  Index Scan using sbtest1_pkey on sbtest1  (cost=0.43..39.49 rows=10 width=121)
	        Index Cond: ((id >= 8254749) AND (id <= 8254758))

table 2 : explain SELECT c FROM sbtest2 WHERE id BETWEEN 3337022 AND 3337031 ORDER BY c
	Sort  (cost=39.44..39.46 rows=10 width=121)
	  Sort Key: c
	  ->  Index Scan using sbtest2_pkey on sbtest2  (cost=0.43..39.27 rows=10 width=121)
	        Index Cond: ((id >= 3337022) AND (id <= 3337031))

table 3 : explain SELECT c FROM sbtest3 WHERE id BETWEEN 3239504 AND 3239513 ORDER BY c
	Sort  (cost=42.76..42.78 rows=11 width=121)
	  Sort Key: c
	  ->  Index Scan using sbtest3_pkey on sbtest3  (cost=0.43..42.57 rows=11 width=121)
	        Index Cond: ((id >= 3239504) AND (id <= 3239513))

table 4 : explain SELECT c FROM sbtest4 WHERE id BETWEEN 7947876 AND 7947885 ORDER BY c
	Sort  (cost=42.45..42.47 rows=11 width=121)
	  Sort Key: c
	  ->  Index Scan using sbtest4_pkey on sbtest4  (cost=0.43..42.26 rows=11 width=121)
	        Index Cond: ((id >= 7947876) AND (id <= 7947885))

table 5 : explain SELECT c FROM sbtest5 WHERE id BETWEEN 5632292 AND 5632301 ORDER BY c
	Sort  (cost=39.45..39.47 rows=10 width=121)
	  Sort Key: c
	  ->  Index Scan using sbtest5_pkey on sbtest5  (cost=0.43..39.28 rows=10 width=121)
	        Index Cond: ((id >= 5632292) AND (id <= 5632301))

table 6 : explain SELECT c FROM sbtest6 WHERE id BETWEEN 6229615 AND 6229624 ORDER BY c
	Sort  (cost=36.12..36.15 rows=9 width=121)
	  Sort Key: c
	  ->  Index Scan using sbtest6_pkey on sbtest6  (cost=0.43..35.98 rows=9 width=121)
	        Index Cond: ((id >= 6229615) AND (id <= 6229624))

table 7 : explain SELECT c FROM sbtest7 WHERE id BETWEEN 9111333 AND 9111342 ORDER BY c
	Sort  (cost=43.13..43.16 rows=11 width=121)
	  Sort Key: c
	  ->  Index Scan using sbtest7_pkey on sbtest7  (cost=0.43..42.94 rows=11 width=121)
	        Index Cond: ((id >= 9111333) AND (id <= 9111342))

table 8 : explain SELECT c FROM sbtest8 WHERE id BETWEEN 8475658 AND 8475667 ORDER BY c
	Sort  (cost=39.66..39.69 rows=10 width=121)
	  Sort Key: c
	  ->  Index Scan using sbtest8_pkey on sbtest8  (cost=0.43..39.49 rows=10 width=121)
	        Index Cond: ((id >= 8475658) AND (id <= 8475667))

for: order_ranges
table 1 : explain SELECT c FROM sbtest1 WHERE id BETWEEN 1954688 AND 1954697 ORDER BY c
	Sort  (cost=39.66..39.68 rows=10 width=121)
	  Sort Key: c
	  ->  Index Scan using sbtest1_pkey on sbtest1  (cost=0.43..39.49 rows=10 width=121)
	        Index Cond: ((id >= 1954688) AND (id <= 1954697))

table 2 : explain SELECT c FROM sbtest2 WHERE id BETWEEN 9375111 AND 9375120 ORDER BY c
	Sort  (cost=39.44..39.46 rows=10 width=121)
	  Sort Key: c
	  ->  Index Scan using sbtest2_pkey on sbtest2  (cost=0.43..39.27 rows=10 width=121)
	        Index Cond: ((id >= 9375111) AND (id <= 9375120))

table 3 : explain SELECT c FROM sbtest3 WHERE id BETWEEN 3263001 AND 3263010 ORDER BY c
	Sort  (cost=42.76..42.78 rows=11 width=121)
	  Sort Key: c
	  ->  Index Scan using sbtest3_pkey on sbtest3  (cost=0.43..42.57 rows=11 width=121)
	        Index Cond: ((id >= 3263001) AND (id <= 3263010))

table 4 : explain SELECT c FROM sbtest4 WHERE id BETWEEN 9761524 AND 9761533 ORDER BY c
	Sort  (cost=39.04..39.07 rows=10 width=121)
	  Sort Key: c
	  ->  Index Scan using sbtest4_pkey on sbtest4  (cost=0.43..38.88 rows=10 width=121)
	        Index Cond: ((id >= 9761524) AND (id <= 9761533))

table 5 : explain SELECT c FROM sbtest5 WHERE id BETWEEN 2566490 AND 2566499 ORDER BY c
	Sort  (cost=39.45..39.47 rows=10 width=121)
	  Sort Key: c
	  ->  Index Scan using sbtest5_pkey on sbtest5  (cost=0.43..39.28 rows=10 width=121)
	        Index Cond: ((id >= 2566490) AND (id <= 2566499))

table 6 : explain SELECT c FROM sbtest6 WHERE id BETWEEN 2758207 AND 2758216 ORDER BY c
	Sort  (cost=43.05..43.08 rows=11 width=121)
	  Sort Key: c
	  ->  Index Scan using sbtest6_pkey on sbtest6  (cost=0.43..42.86 rows=11 width=121)
	        Index Cond: ((id >= 2758207) AND (id <= 2758216))

table 7 : explain SELECT c FROM sbtest7 WHERE id BETWEEN 7563071 AND 7563080 ORDER BY c
	Sort  (cost=39.66..39.68 rows=10 width=121)
	  Sort Key: c
	  ->  Index Scan using sbtest7_pkey on sbtest7  (cost=0.43..39.49 rows=10 width=121)
	        Index Cond: ((id >= 7563071) AND (id <= 7563080))

table 8 : explain SELECT c FROM sbtest8 WHERE id BETWEEN 7712326 AND 7712335 ORDER BY c
	Sort  (cost=36.19..36.21 rows=9 width=121)
	  Sort Key: c
	  ->  Index Scan using sbtest8_pkey on sbtest8  (cost=0.43..36.05 rows=9 width=121)
	        Index Cond: ((id >= 7712326) AND (id <= 7712335))

explain: for inserts :: explain INSERT INTO sbtest%u (id, k, c, pad) VALUES (%u, 13, 'foobar', 'foobar')
explain: for index_updates :: explain UPDATE sbtest%u SET k=k+1 WHERE id=%u
for: sum_ranges
table 1 : explain SELECT SUM(k) FROM sbtest1 WHERE id BETWEEN 1926632 AND 1926641
	Aggregate  (cost=39.51..39.52 rows=1 width=8)
	  ->  Index Scan using sbtest1_pkey on sbtest1  (cost=0.43..39.49 rows=10 width=4)
	        Index Cond: ((id >= 1926632) AND (id <= 1926641))

table 2 : explain SELECT SUM(k) FROM sbtest2 WHERE id BETWEEN 3348881 AND 3348890
	Aggregate  (cost=39.29..39.30 rows=1 width=8)
	  ->  Index Scan using sbtest2_pkey on sbtest2  (cost=0.43..39.27 rows=10 width=4)
	        Index Cond: ((id >= 3348881) AND (id <= 3348890))

table 3 : explain SELECT SUM(k) FROM sbtest3 WHERE id BETWEEN 1829322 AND 1829331
	Aggregate  (cost=39.18..39.19 rows=1 width=8)
	  ->  Index Scan using sbtest3_pkey on sbtest3  (cost=0.43..39.15 rows=10 width=4)
	        Index Cond: ((id >= 1829322) AND (id <= 1829331))

table 4 : explain SELECT SUM(k) FROM sbtest4 WHERE id BETWEEN 8354639 AND 8354648
	Aggregate  (cost=38.90..38.91 rows=1 width=8)
	  ->  Index Scan using sbtest4_pkey on sbtest4  (cost=0.43..38.88 rows=10 width=4)
	        Index Cond: ((id >= 8354639) AND (id <= 8354648))

table 5 : explain SELECT SUM(k) FROM sbtest5 WHERE id BETWEEN 9774869 AND 9774878
	Aggregate  (cost=39.30..39.31 rows=1 width=8)
	  ->  Index Scan using sbtest5_pkey on sbtest5  (cost=0.43..39.28 rows=10 width=4)
	        Index Cond: ((id >= 9774869) AND (id <= 9774878))

table 6 : explain SELECT SUM(k) FROM sbtest6 WHERE id BETWEEN 211056 AND 211065
	Aggregate  (cost=39.45..39.46 rows=1 width=8)
	  ->  Index Scan using sbtest6_pkey on sbtest6  (cost=0.43..39.42 rows=10 width=4)
	        Index Cond: ((id >= 211056) AND (id <= 211065))

table 7 : explain SELECT SUM(k) FROM sbtest7 WHERE id BETWEEN 9520194 AND 9520203
	Aggregate  (cost=39.52..39.53 rows=1 width=8)
	  ->  Index Scan using sbtest7_pkey on sbtest7  (cost=0.43..39.49 rows=10 width=4)
	        Index Cond: ((id >= 9520194) AND (id <= 9520203))

table 8 : explain SELECT SUM(k) FROM sbtest8 WHERE id BETWEEN 2840357 AND 2840366
	Aggregate  (cost=39.52..39.53 rows=1 width=8)
	  ->  Index Scan using sbtest8_pkey on sbtest8  (cost=0.43..39.49 rows=10 width=4)
	        Index Cond: ((id >= 2840357) AND (id <= 2840366))

for: sum_ranges
table 1 : explain SELECT SUM(k) FROM sbtest1 WHERE id BETWEEN 5101464 AND 5101473
	Aggregate  (cost=46.42..46.43 rows=1 width=8)
	  ->  Index Scan using sbtest1_pkey on sbtest1  (cost=0.43..46.39 rows=12 width=4)
	        Index Cond: ((id >= 5101464) AND (id <= 5101473))

table 2 : explain SELECT SUM(k) FROM sbtest2 WHERE id BETWEEN 7157552 AND 7157561
	Aggregate  (cost=39.29..39.30 rows=1 width=8)
	  ->  Index Scan using sbtest2_pkey on sbtest2  (cost=0.43..39.27 rows=10 width=4)
	        Index Cond: ((id >= 7157552) AND (id <= 7157561))

table 3 : explain SELECT SUM(k) FROM sbtest3 WHERE id BETWEEN 5321324 AND 5321333
	Aggregate  (cost=39.18..39.19 rows=1 width=8)
	  ->  Index Scan using sbtest3_pkey on sbtest3  (cost=0.43..39.15 rows=10 width=4)
	        Index Cond: ((id >= 5321324) AND (id <= 5321333))

table 4 : explain SELECT SUM(k) FROM sbtest4 WHERE id BETWEEN 2547168 AND 2547177
	Aggregate  (cost=35.52..35.53 rows=1 width=8)
	  ->  Index Scan using sbtest4_pkey on sbtest4  (cost=0.43..35.50 rows=9 width=4)
	        Index Cond: ((id >= 2547168) AND (id <= 2547177))

table 5 : explain SELECT SUM(k) FROM sbtest5 WHERE id BETWEEN 3039792 AND 3039801
	Aggregate  (cost=35.88..35.89 rows=1 width=8)
	  ->  Index Scan using sbtest5_pkey on sbtest5  (cost=0.43..35.85 rows=9 width=4)
	        Index Cond: ((id >= 3039792) AND (id <= 3039801))

table 6 : explain SELECT SUM(k) FROM sbtest6 WHERE id BETWEEN 4722872 AND 4722881
	Aggregate  (cost=39.45..39.46 rows=1 width=8)
	  ->  Index Scan using sbtest6_pkey on sbtest6  (cost=0.43..39.42 rows=10 width=4)
	        Index Cond: ((id >= 4722872) AND (id <= 4722881))

table 7 : explain SELECT SUM(k) FROM sbtest7 WHERE id BETWEEN 2681257 AND 2681266
	Aggregate  (cost=42.97..42.98 rows=1 width=8)
	  ->  Index Scan using sbtest7_pkey on sbtest7  (cost=0.43..42.94 rows=11 width=4)
	        Index Cond: ((id >= 2681257) AND (id <= 2681266))

table 8 : explain SELECT SUM(k) FROM sbtest8 WHERE id BETWEEN 4680767 AND 4680776
	Aggregate  (cost=42.97..42.98 rows=1 width=8)
	  ->  Index Scan using sbtest8_pkey on sbtest8  (cost=0.43..42.94 rows=11 width=4)
	        Index Cond: ((id >= 4680767) AND (id <= 4680776))

for inserts
table 1 : explain INSERT INTO sbtest1 (id, k, c, pad) VALUES (7612829, 13, 'foobar', 'foobar')
	Insert on sbtest1  (cost=0.00..0.01 rows=0 width=0)
	  ->  Result  (cost=0.00..0.01 rows=1 width=736)

table 2 : explain INSERT INTO sbtest2 (id, k, c, pad) VALUES (767917, 13, 'foobar', 'foobar')
	Insert on sbtest2  (cost=0.00..0.01 rows=0 width=0)
	  ->  Result  (cost=0.00..0.01 rows=1 width=736)

table 3 : explain INSERT INTO sbtest3 (id, k, c, pad) VALUES (2862602, 13, 'foobar', 'foobar')
	Insert on sbtest3  (cost=0.00..0.01 rows=0 width=0)
	  ->  Result  (cost=0.00..0.01 rows=1 width=736)

table 4 : explain INSERT INTO sbtest4 (id, k, c, pad) VALUES (6946648, 13, 'foobar', 'foobar')
	Insert on sbtest4  (cost=0.00..0.01 rows=0 width=0)
	  ->  Result  (cost=0.00..0.01 rows=1 width=736)

table 5 : explain INSERT INTO sbtest5 (id, k, c, pad) VALUES (8596681, 13, 'foobar', 'foobar')
	Insert on sbtest5  (cost=0.00..0.01 rows=0 width=0)
	  ->  Result  (cost=0.00..0.01 rows=1 width=736)

table 6 : explain INSERT INTO sbtest6 (id, k, c, pad) VALUES (6495467, 13, 'foobar', 'foobar')
	Insert on sbtest6  (cost=0.00..0.01 rows=0 width=0)
	  ->  Result  (cost=0.00..0.01 rows=1 width=736)

table 7 : explain INSERT INTO sbtest7 (id, k, c, pad) VALUES (5122733, 13, 'foobar', 'foobar')
	Insert on sbtest7  (cost=0.00..0.01 rows=0 width=0)
	  ->  Result  (cost=0.00..0.01 rows=1 width=736)

table 8 : explain INSERT INTO sbtest8 (id, k, c, pad) VALUES (4577011, 13, 'foobar', 'foobar')
	Insert on sbtest8  (cost=0.00..0.01 rows=0 width=0)
	  ->  Result  (cost=0.00..0.01 rows=1 width=736)

for point_selects
table 1 : explain SELECT c FROM sbtest1 WHERE id=8519591
	Index Scan using sbtest1_pkey on sbtest1  (cost=0.43..8.45 rows=1 width=121)
	  Index Cond: (id = 8519591)

table 2 : explain SELECT c FROM sbtest2 WHERE id=1070583
	Index Scan using sbtest2_pkey on sbtest2  (cost=0.43..8.45 rows=1 width=121)
	  Index Cond: (id = 1070583)

table 3 : explain SELECT c FROM sbtest3 WHERE id=5319131
	Index Scan using sbtest3_pkey on sbtest3  (cost=0.43..8.45 rows=1 width=121)
	  Index Cond: (id = 5319131)

table 4 : explain SELECT c FROM sbtest4 WHERE id=987915
	Index Scan using sbtest4_pkey on sbtest4  (cost=0.43..8.45 rows=1 width=121)
	  Index Cond: (id = 987915)

table 5 : explain SELECT c FROM sbtest5 WHERE id=5324125
	Index Scan using sbtest5_pkey on sbtest5  (cost=0.43..8.45 rows=1 width=121)
	  Index Cond: (id = 5324125)

table 6 : explain SELECT c FROM sbtest6 WHERE id=3727678
	Index Scan using sbtest6_pkey on sbtest6  (cost=0.43..8.45 rows=1 width=121)
	  Index Cond: (id = 3727678)

table 7 : explain SELECT c FROM sbtest7 WHERE id=2303287
	Index Scan using sbtest7_pkey on sbtest7  (cost=0.43..8.45 rows=1 width=121)
	  Index Cond: (id = 2303287)

table 8 : explain SELECT c FROM sbtest8 WHERE id=3879066
	Index Scan using sbtest8_pkey on sbtest8  (cost=0.43..8.45 rows=1 width=121)
	  Index Cond: (id = 3879066)

for: sum_ranges
table 1 : explain SELECT SUM(k) FROM sbtest1 WHERE id BETWEEN 3707301 AND 3707310
	Aggregate  (cost=36.06..36.07 rows=1 width=8)
	  ->  Index Scan using sbtest1_pkey on sbtest1  (cost=0.43..36.04 rows=9 width=4)
	        Index Cond: ((id >= 3707301) AND (id <= 3707310))

table 2 : explain SELECT SUM(k) FROM sbtest2 WHERE id BETWEEN 9460074 AND 9460083
	Aggregate  (cost=39.29..39.30 rows=1 width=8)
	  ->  Index Scan using sbtest2_pkey on sbtest2  (cost=0.43..39.27 rows=10 width=4)
	        Index Cond: ((id >= 9460074) AND (id <= 9460083))

table 3 : explain SELECT SUM(k) FROM sbtest3 WHERE id BETWEEN 340067 AND 340076
	Aggregate  (cost=39.18..39.19 rows=1 width=8)
	  ->  Index Scan using sbtest3_pkey on sbtest3  (cost=0.43..39.15 rows=10 width=4)
	        Index Cond: ((id >= 340067) AND (id <= 340076))

table 4 : explain SELECT SUM(k) FROM sbtest4 WHERE id BETWEEN 2574637 AND 2574646
	Aggregate  (cost=35.52..35.53 rows=1 width=8)
	  ->  Index Scan using sbtest4_pkey on sbtest4  (cost=0.43..35.50 rows=9 width=4)
	        Index Cond: ((id >= 2574637) AND (id <= 2574646))

table 5 : explain SELECT SUM(k) FROM sbtest5 WHERE id BETWEEN 5601762 AND 5601771
	Aggregate  (cost=39.30..39.31 rows=1 width=8)
	  ->  Index Scan using sbtest5_pkey on sbtest5  (cost=0.43..39.28 rows=10 width=4)
	        Index Cond: ((id >= 5601762) AND (id <= 5601771))

table 6 : explain SELECT SUM(k) FROM sbtest6 WHERE id BETWEEN 4030031 AND 4030040
	Aggregate  (cost=39.45..39.46 rows=1 width=8)
	  ->  Index Scan using sbtest6_pkey on sbtest6  (cost=0.43..39.42 rows=10 width=4)
	        Index Cond: ((id >= 4030031) AND (id <= 4030040))

table 7 : explain SELECT SUM(k) FROM sbtest7 WHERE id BETWEEN 6395781 AND 6395790
	Aggregate  (cost=36.07..36.08 rows=1 width=8)
	  ->  Index Scan using sbtest7_pkey on sbtest7  (cost=0.43..36.04 rows=9 width=4)
	        Index Cond: ((id >= 6395781) AND (id <= 6395790))

table 8 : explain SELECT SUM(k) FROM sbtest8 WHERE id BETWEEN 7927489 AND 7927498
	Aggregate  (cost=42.97..42.98 rows=1 width=8)
	  ->  Index Scan using sbtest8_pkey on sbtest8  (cost=0.43..42.94 rows=11 width=4)
	        Index Cond: ((id >= 7927489) AND (id <= 7927498))

for point_selects
table 1 : explain SELECT c FROM sbtest1 WHERE id=6502029
	Index Scan using sbtest1_pkey on sbtest1  (cost=0.43..8.45 rows=1 width=121)
	  Index Cond: (id = 6502029)

table 2 : explain SELECT c FROM sbtest2 WHERE id=1419510
	Index Scan using sbtest2_pkey on sbtest2  (cost=0.43..8.45 rows=1 width=121)
	  Index Cond: (id = 1419510)

table 3 : explain SELECT c FROM sbtest3 WHERE id=3820186
	Index Scan using sbtest3_pkey on sbtest3  (cost=0.43..8.45 rows=1 width=121)
	  Index Cond: (id = 3820186)

table 4 : explain SELECT c FROM sbtest4 WHERE id=54777
	Index Scan using sbtest4_pkey on sbtest4  (cost=0.43..8.45 rows=1 width=121)
	  Index Cond: (id = 54777)

table 5 : explain SELECT c FROM sbtest5 WHERE id=9615731
	Index Scan using sbtest5_pkey on sbtest5  (cost=0.43..8.45 rows=1 width=121)
	  Index Cond: (id = 9615731)

table 6 : explain SELECT c FROM sbtest6 WHERE id=7342095
	Index Scan using sbtest6_pkey on sbtest6  (cost=0.43..8.45 rows=1 width=121)
	  Index Cond: (id = 7342095)

table 7 : explain SELECT c FROM sbtest7 WHERE id=9625507
	Index Scan using sbtest7_pkey on sbtest7  (cost=0.43..8.45 rows=1 width=121)
	  Index Cond: (id = 9625507)

table 8 : explain SELECT c FROM sbtest8 WHERE id=7956936
	Index Scan using sbtest8_pkey on sbtest8  (cost=0.43..8.45 rows=1 width=121)
	  Index Cond: (id = 7956936)

for: order_ranges
table 1 : explain SELECT c FROM sbtest1 WHERE id BETWEEN 8951371 AND 8951380 ORDER BY c
	Sort  (cost=39.66..39.68 rows=10 width=121)
	  Sort Key: c
	  ->  Index Scan using sbtest1_pkey on sbtest1  (cost=0.43..39.49 rows=10 width=121)
	        Index Cond: ((id >= 8951371) AND (id <= 8951380))

table 2 : explain SELECT c FROM sbtest2 WHERE id BETWEEN 7518893 AND 7518902 ORDER BY c
	Sort  (cost=35.99..36.01 rows=9 width=121)
	  Sort Key: c
	  ->  Index Scan using sbtest2_pkey on sbtest2  (cost=0.43..35.85 rows=9 width=121)
	        Index Cond: ((id >= 7518893) AND (id <= 7518902))

table 3 : explain SELECT c FROM sbtest3 WHERE id BETWEEN 9014378 AND 9014387 ORDER BY c
	Sort  (cost=39.32..39.35 rows=10 width=121)
	  Sort Key: c
	  ->  Index Scan using sbtest3_pkey on sbtest3  (cost=0.43..39.15 rows=10 width=121)
	        Index Cond: ((id >= 9014378) AND (id <= 9014387))

table 4 : explain SELECT c FROM sbtest4 WHERE id BETWEEN 7381095 AND 7381104 ORDER BY c
	Sort  (cost=35.64..35.66 rows=9 width=121)
	  Sort Key: c
	  ->  Index Scan using sbtest4_pkey on sbtest4  (cost=0.43..35.50 rows=9 width=121)
	        Index Cond: ((id >= 7381095) AND (id <= 7381104))

table 5 : explain SELECT c FROM sbtest5 WHERE id BETWEEN 9308413 AND 9308422 ORDER BY c
	Sort  (cost=39.45..39.47 rows=10 width=121)
	  Sort Key: c
	  ->  Index Scan using sbtest5_pkey on sbtest5  (cost=0.43..39.28 rows=10 width=121)
	        Index Cond: ((id >= 9308413) AND (id <= 9308422))

table 6 : explain SELECT c FROM sbtest6 WHERE id BETWEEN 6333963 AND 6333972 ORDER BY c
	Sort  (cost=36.12..36.15 rows=9 width=121)
	  Sort Key: c
	  ->  Index Scan using sbtest6_pkey on sbtest6  (cost=0.43..35.98 rows=9 width=121)
	        Index Cond: ((id >= 6333963) AND (id <= 6333972))

table 7 : explain SELECT c FROM sbtest7 WHERE id BETWEEN 1235000 AND 1235009 ORDER BY c
	Sort  (cost=36.19..36.21 rows=9 width=121)
	  Sort Key: c
	  ->  Index Scan using sbtest7_pkey on sbtest7  (cost=0.43..36.04 rows=9 width=121)
	        Index Cond: ((id >= 1235000) AND (id <= 1235009))

table 8 : explain SELECT c FROM sbtest8 WHERE id BETWEEN 8239714 AND 8239723 ORDER BY c
	Sort  (cost=46.61..46.64 rows=12 width=121)
	  Sort Key: c
	  ->  Index Scan using sbtest8_pkey on sbtest8  (cost=0.43..46.39 rows=12 width=121)
	        Index Cond: ((id >= 8239714) AND (id <= 8239723))

explain: for point_selects :: explain SELECT c FROM sbtest%u WHERE id=%u
for: distinct_ranges
table 1 : explain SELECT DISTINCT c FROM sbtest1 WHERE id BETWEEN 4380591 AND 4380600 ORDER BY c
	Unique  (cost=39.66..39.71 rows=10 width=121)
	  ->  Sort  (cost=39.66..39.68 rows=10 width=121)
	        Sort Key: c
	        ->  Index Scan using sbtest1_pkey on sbtest1  (cost=0.43..39.49 rows=10 width=121)
	              Index Cond: ((id >= 4380591) AND (id <= 4380600))

table 2 : explain SELECT DISTINCT c FROM sbtest2 WHERE id BETWEEN 1060822 AND 1060831 ORDER BY c
	Unique  (cost=39.44..39.49 rows=10 width=121)
	  ->  Sort  (cost=39.44..39.46 rows=10 width=121)
	        Sort Key: c
	        ->  Index Scan using sbtest2_pkey on sbtest2  (cost=0.43..39.27 rows=10 width=121)
	              Index Cond: ((id >= 1060822) AND (id <= 1060831))

table 3 : explain SELECT DISTINCT c FROM sbtest3 WHERE id BETWEEN 9461618 AND 9461627 ORDER BY c
	Unique  (cost=42.76..42.81 rows=11 width=121)
	  ->  Sort  (cost=42.76..42.78 rows=11 width=121)
	        Sort Key: c
	        ->  Index Scan using sbtest3_pkey on sbtest3  (cost=0.43..42.57 rows=11 width=121)
	              Index Cond: ((id >= 9461618) AND (id <= 9461627))

table 4 : explain SELECT DISTINCT c FROM sbtest4 WHERE id BETWEEN 4961923 AND 4961932 ORDER BY c
	Unique  (cost=39.04..39.09 rows=10 width=121)
	  ->  Sort  (cost=39.04..39.07 rows=10 width=121)
	        Sort Key: c
	        ->  Index Scan using sbtest4_pkey on sbtest4  (cost=0.43..38.88 rows=10 width=121)
	              Index Cond: ((id >= 4961923) AND (id <= 4961932))

table 5 : explain SELECT DISTINCT c FROM sbtest5 WHERE id BETWEEN 8359808 AND 8359817 ORDER BY c
	Unique  (cost=39.45..39.50 rows=10 width=121)
	  ->  Sort  (cost=39.45..39.47 rows=10 width=121)
	        Sort Key: c
	        ->  Index Scan using sbtest5_pkey on sbtest5  (cost=0.43..39.28 rows=10 width=121)
	              Index Cond: ((id >= 8359808) AND (id <= 8359817))

table 6 : explain SELECT DISTINCT c FROM sbtest6 WHERE id BETWEEN 7768321 AND 7768330 ORDER BY c
	Unique  (cost=39.59..39.64 rows=10 width=121)
	  ->  Sort  (cost=39.59..39.61 rows=10 width=121)
	        Sort Key: c
	        ->  Index Scan using sbtest6_pkey on sbtest6  (cost=0.43..39.42 rows=10 width=121)
	              Index Cond: ((id >= 7768321) AND (id <= 7768330))

table 7 : explain SELECT DISTINCT c FROM sbtest7 WHERE id BETWEEN 1040329 AND 1040338 ORDER BY c
	Unique  (cost=39.66..39.71 rows=10 width=121)
	  ->  Sort  (cost=39.66..39.68 rows=10 width=121)
	        Sort Key: c
	        ->  Index Scan using sbtest7_pkey on sbtest7  (cost=0.43..39.49 rows=10 width=121)
	              Index Cond: ((id >= 1040329) AND (id <= 1040338))

table 8 : explain SELECT DISTINCT c FROM sbtest8 WHERE id BETWEEN 3073586 AND 3073595 ORDER BY c
	Unique  (cost=39.66..39.71 rows=10 width=121)
	  ->  Sort  (cost=39.66..39.69 rows=10 width=121)
	        Sort Key: c
	        ->  Index Scan using sbtest8_pkey on sbtest8  (cost=0.43..39.49 rows=10 width=121)
	              Index Cond: ((id >= 3073586) AND (id <= 3073595))

for: sum_ranges
table 1 : explain SELECT SUM(k) FROM sbtest1 WHERE id BETWEEN 7516046 AND 7516055
	Aggregate  (cost=39.51..39.52 rows=1 width=8)
	  ->  Index Scan using sbtest1_pkey on sbtest1  (cost=0.43..39.49 rows=10 width=4)
	        Index Cond: ((id >= 7516046) AND (id <= 7516055))

table 2 : explain SELECT SUM(k) FROM sbtest2 WHERE id BETWEEN 8954968 AND 8954977
	Aggregate  (cost=39.29..39.30 rows=1 width=8)
	  ->  Index Scan using sbtest2_pkey on sbtest2  (cost=0.43..39.27 rows=10 width=4)
	        Index Cond: ((id >= 8954968) AND (id <= 8954977))

table 3 : explain SELECT SUM(k) FROM sbtest3 WHERE id BETWEEN 7640066 AND 7640075
	Aggregate  (cost=35.77..35.78 rows=1 width=8)
	  ->  Index Scan using sbtest3_pkey on sbtest3  (cost=0.43..35.74 rows=9 width=4)
	        Index Cond: ((id >= 7640066) AND (id <= 7640075))

table 4 : explain SELECT SUM(k) FROM sbtest4 WHERE id BETWEEN 9668722 AND 9668731
	Aggregate  (cost=35.52..35.53 rows=1 width=8)
	  ->  Index Scan using sbtest4_pkey on sbtest4  (cost=0.43..35.50 rows=9 width=4)
	        Index Cond: ((id >= 9668722) AND (id <= 9668731))

table 5 : explain SELECT SUM(k) FROM sbtest5 WHERE id BETWEEN 7411946 AND 7411955
	Aggregate  (cost=39.30..39.31 rows=1 width=8)
	  ->  Index Scan using sbtest5_pkey on sbtest5  (cost=0.43..39.28 rows=10 width=4)
	        Index Cond: ((id >= 7411946) AND (id <= 7411955))

table 6 : explain SELECT SUM(k) FROM sbtest6 WHERE id BETWEEN 6309126 AND 6309135
	Aggregate  (cost=36.00..36.01 rows=1 width=8)
	  ->  Index Scan using sbtest6_pkey on sbtest6  (cost=0.43..35.98 rows=9 width=4)
	        Index Cond: ((id >= 6309126) AND (id <= 6309135))

table 7 : explain SELECT SUM(k) FROM sbtest7 WHERE id BETWEEN 3089836 AND 3089845
	Aggregate  (cost=39.52..39.53 rows=1 width=8)
	  ->  Index Scan using sbtest7_pkey on sbtest7  (cost=0.43..39.49 rows=10 width=4)
	        Index Cond: ((id >= 3089836) AND (id <= 3089845))

table 8 : explain SELECT SUM(k) FROM sbtest8 WHERE id BETWEEN 9135575 AND 9135584
	Aggregate  (cost=39.52..39.53 rows=1 width=8)
	  ->  Index Scan using sbtest8_pkey on sbtest8  (cost=0.43..39.49 rows=10 width=4)
	        Index Cond: ((id >= 9135575) AND (id <= 9135584))

for index_updates
table 1 : explain UPDATE sbtest1 SET k=k+1 WHERE id=4409998
	Update on sbtest1  (cost=0.43..8.46 rows=0 width=0)
	  ->  Index Scan using sbtest1_pkey on sbtest1  (cost=0.43..8.46 rows=1 width=10)
	        Index Cond: (id = 4409998)

table 2 : explain UPDATE sbtest2 SET k=k+1 WHERE id=6643407
	Update on sbtest2  (cost=0.43..8.46 rows=0 width=0)
	  ->  Index Scan using sbtest2_pkey on sbtest2  (cost=0.43..8.46 rows=1 width=10)
	        Index Cond: (id = 6643407)

table 3 : explain UPDATE sbtest3 SET k=k+1 WHERE id=3800842
	Update on sbtest3  (cost=0.43..8.46 rows=0 width=0)
	  ->  Index Scan using sbtest3_pkey on sbtest3  (cost=0.43..8.46 rows=1 width=10)
	        Index Cond: (id = 3800842)

table 4 : explain UPDATE sbtest4 SET k=k+1 WHERE id=9000218
	Update on sbtest4  (cost=0.43..8.46 rows=0 width=0)
	  ->  Index Scan using sbtest4_pkey on sbtest4  (cost=0.43..8.46 rows=1 width=10)
	        Index Cond: (id = 9000218)

table 5 : explain UPDATE sbtest5 SET k=k+1 WHERE id=6900525
	Update on sbtest5  (cost=0.43..8.46 rows=0 width=0)
	  ->  Index Scan using sbtest5_pkey on sbtest5  (cost=0.43..8.46 rows=1 width=10)
	        Index Cond: (id = 6900525)

table 6 : explain UPDATE sbtest6 SET k=k+1 WHERE id=3926291
	Update on sbtest6  (cost=0.43..8.46 rows=0 width=0)
	  ->  Index Scan using sbtest6_pkey on sbtest6  (cost=0.43..8.46 rows=1 width=10)
	        Index Cond: (id = 3926291)

table 7 : explain UPDATE sbtest7 SET k=k+1 WHERE id=2210836
	Update on sbtest7  (cost=0.43..8.46 rows=0 width=0)
	  ->  Index Scan using sbtest7_pkey on sbtest7  (cost=0.43..8.46 rows=1 width=10)
	        Index Cond: (id = 2210836)

table 8 : explain UPDATE sbtest8 SET k=k+1 WHERE id=2158260
	Update on sbtest8  (cost=0.43..8.46 rows=0 width=0)
	  ->  Index Scan using sbtest8_pkey on sbtest8  (cost=0.43..8.46 rows=1 width=10)
	        Index Cond: (id = 2158260)

for point_selects
table 1 : explain SELECT c FROM sbtest1 WHERE id=4942314
	Index Scan using sbtest1_pkey on sbtest1  (cost=0.43..8.45 rows=1 width=121)
	  Index Cond: (id = 4942314)

table 2 : explain SELECT c FROM sbtest2 WHERE id=1991554
	Index Scan using sbtest2_pkey on sbtest2  (cost=0.43..8.45 rows=1 width=121)
	  Index Cond: (id = 1991554)

table 3 : explain SELECT c FROM sbtest3 WHERE id=70678
	Index Scan using sbtest3_pkey on sbtest3  (cost=0.43..8.45 rows=1 width=121)
	  Index Cond: (id = 70678)

table 4 : explain SELECT c FROM sbtest4 WHERE id=1097690
	Index Scan using sbtest4_pkey on sbtest4  (cost=0.43..8.45 rows=1 width=121)
	  Index Cond: (id = 1097690)

table 5 : explain SELECT c FROM sbtest5 WHERE id=2153511
	Index Scan using sbtest5_pkey on sbtest5  (cost=0.43..8.45 rows=1 width=121)
	  Index Cond: (id = 2153511)

table 6 : explain SELECT c FROM sbtest6 WHERE id=7944840
	Index Scan using sbtest6_pkey on sbtest6  (cost=0.43..8.45 rows=1 width=121)
	  Index Cond: (id = 7944840)

table 7 : explain SELECT c FROM sbtest7 WHERE id=8299626
	Index Scan using sbtest7_pkey on sbtest7  (cost=0.43..8.45 rows=1 width=121)
	  Index Cond: (id = 8299626)

table 8 : explain SELECT c FROM sbtest8 WHERE id=2636826
	Index Scan using sbtest8_pkey on sbtest8  (cost=0.43..8.45 rows=1 width=121)
	  Index Cond: (id = 2636826)

explain: for point_selects :: explain SELECT c FROM sbtest%u WHERE id=%u
for inserts
table 1 : explain INSERT INTO sbtest1 (id, k, c, pad) VALUES (3127712, 13, 'foobar', 'foobar')
	Insert on sbtest1  (cost=0.00..0.01 rows=0 width=0)
	  ->  Result  (cost=0.00..0.01 rows=1 width=736)

table 2 : explain INSERT INTO sbtest2 (id, k, c, pad) VALUES (135081, 13, 'foobar', 'foobar')
	Insert on sbtest2  (cost=0.00..0.01 rows=0 width=0)
	  ->  Result  (cost=0.00..0.01 rows=1 width=736)

table 3 : explain INSERT INTO sbtest3 (id, k, c, pad) VALUES (2216744, 13, 'foobar', 'foobar')
	Insert on sbtest3  (cost=0.00..0.01 rows=0 width=0)
	  ->  Result  (cost=0.00..0.01 rows=1 width=736)

table 4 : explain INSERT INTO sbtest4 (id, k, c, pad) VALUES (9516945, 13, 'foobar', 'foobar')
	Insert on sbtest4  (cost=0.00..0.01 rows=0 width=0)
	  ->  Result  (cost=0.00..0.01 rows=1 width=736)

table 5 : explain INSERT INTO sbtest5 (id, k, c, pad) VALUES (9245184, 13, 'foobar', 'foobar')
	Insert on sbtest5  (cost=0.00..0.01 rows=0 width=0)
	  ->  Result  (cost=0.00..0.01 rows=1 width=736)

table 6 : explain INSERT INTO sbtest6 (id, k, c, pad) VALUES (2151309, 13, 'foobar', 'foobar')
	Insert on sbtest6  (cost=0.00..0.01 rows=0 width=0)
	  ->  Result  (cost=0.00..0.01 rows=1 width=736)

table 7 : explain INSERT INTO sbtest7 (id, k, c, pad) VALUES (5403042, 13, 'foobar', 'foobar')
	Insert on sbtest7  (cost=0.00..0.01 rows=0 width=0)
	  ->  Result  (cost=0.00..0.01 rows=1 width=736)

table 8 : explain INSERT INTO sbtest8 (id, k, c, pad) VALUES (3884127, 13, 'foobar', 'foobar')
	Insert on sbtest8  (cost=0.00..0.01 rows=0 width=0)
	  ->  Result  (cost=0.00..0.01 rows=1 width=736)

explain: for index_updates :: explain UPDATE sbtest%u SET k=k+1 WHERE id=%u
for deletes
table 1 : explain DELETE FROM sbtest1 WHERE id=4317982
	Delete on sbtest1  (cost=0.43..8.45 rows=0 width=0)
	  ->  Index Scan using sbtest1_pkey on sbtest1  (cost=0.43..8.45 rows=1 width=6)
	        Index Cond: (id = 4317982)

table 2 : explain DELETE FROM sbtest2 WHERE id=6241395
	Delete on sbtest2  (cost=0.43..8.45 rows=0 width=0)
	  ->  Index Scan using sbtest2_pkey on sbtest2  (cost=0.43..8.45 rows=1 width=6)
	        Index Cond: (id = 6241395)

table 3 : explain DELETE FROM sbtest3 WHERE id=3558256
	Delete on sbtest3  (cost=0.43..8.45 rows=0 width=0)
	  ->  Index Scan using sbtest3_pkey on sbtest3  (cost=0.43..8.45 rows=1 width=6)
	        Index Cond: (id = 3558256)

table 4 : explain DELETE FROM sbtest4 WHERE id=9069130
	Delete on sbtest4  (cost=0.43..8.45 rows=0 width=0)
	  ->  Index Scan using sbtest4_pkey on sbtest4  (cost=0.43..8.45 rows=1 width=6)
	        Index Cond: (id = 9069130)

table 5 : explain DELETE FROM sbtest5 WHERE id=9981124
	Delete on sbtest5  (cost=0.43..8.45 rows=0 width=0)
	  ->  Index Scan using sbtest5_pkey on sbtest5  (cost=0.43..8.45 rows=1 width=6)
	        Index Cond: (id = 9981124)

table 6 : explain DELETE FROM sbtest6 WHERE id=4964132
	Delete on sbtest6  (cost=0.43..8.45 rows=0 width=0)
	  ->  Index Scan using sbtest6_pkey on sbtest6  (cost=0.43..8.45 rows=1 width=6)
	        Index Cond: (id = 4964132)

table 7 : explain DELETE FROM sbtest7 WHERE id=4447142
	Delete on sbtest7  (cost=0.43..8.45 rows=0 width=0)
	  ->  Index Scan using sbtest7_pkey on sbtest7  (cost=0.43..8.45 rows=1 width=6)
	        Index Cond: (id = 4447142)

table 8 : explain DELETE FROM sbtest8 WHERE id=9266225
	Delete on sbtest8  (cost=0.43..8.45 rows=0 width=0)
	  ->  Index Scan using sbtest8_pkey on sbtest8  (cost=0.43..8.45 rows=1 width=6)
	        Index Cond: (id = 9266225)

for: distinct_ranges
table 1 : explain SELECT DISTINCT c FROM sbtest1 WHERE id BETWEEN 5987446 AND 5987455 ORDER BY c
	Unique  (cost=39.66..39.71 rows=10 width=121)
	  ->  Sort  (cost=39.66..39.68 rows=10 width=121)
	        Sort Key: c
	        ->  Index Scan using sbtest1_pkey on sbtest1  (cost=0.43..39.49 rows=10 width=121)
	              Index Cond: ((id >= 5987446) AND (id <= 5987455))

table 2 : explain SELECT DISTINCT c FROM sbtest2 WHERE id BETWEEN 2077332 AND 2077341 ORDER BY c
	Unique  (cost=35.99..36.03 rows=9 width=121)
	  ->  Sort  (cost=35.99..36.01 rows=9 width=121)
	        Sort Key: c
	        ->  Index Scan using sbtest2_pkey on sbtest2  (cost=0.43..35.85 rows=9 width=121)
	              Index Cond: ((id >= 2077332) AND (id <= 2077341))

table 3 : explain SELECT DISTINCT c FROM sbtest3 WHERE id BETWEEN 4989614 AND 4989623 ORDER BY c
	Unique  (cost=39.32..39.37 rows=10 width=121)
	  ->  Sort  (cost=39.32..39.35 rows=10 width=121)
	        Sort Key: c
	        ->  Index Scan using sbtest3_pkey on sbtest3  (cost=0.43..39.15 rows=10 width=121)
	              Index Cond: ((id >= 4989614) AND (id <= 4989623))

table 4 : explain SELECT DISTINCT c FROM sbtest4 WHERE id BETWEEN 8194279 AND 8194288 ORDER BY c
	Unique  (cost=39.04..39.09 rows=10 width=121)
	  ->  Sort  (cost=39.04..39.07 rows=10 width=121)
	        Sort Key: c
	        ->  Index Scan using sbtest4_pkey on sbtest4  (cost=0.43..38.88 rows=10 width=121)
	              Index Cond: ((id >= 8194279) AND (id <= 8194288))

table 5 : explain SELECT DISTINCT c FROM sbtest5 WHERE id BETWEEN 6610475 AND 6610484 ORDER BY c
	Unique  (cost=39.45..39.50 rows=10 width=121)
	  ->  Sort  (cost=39.45..39.47 rows=10 width=121)
	        Sort Key: c
	        ->  Index Scan using sbtest5_pkey on sbtest5  (cost=0.43..39.28 rows=10 width=121)
	              Index Cond: ((id >= 6610475) AND (id <= 6610484))

table 6 : explain SELECT DISTINCT c FROM sbtest6 WHERE id BETWEEN 8290204 AND 8290213 ORDER BY c
	Unique  (cost=39.59..39.64 rows=10 width=121)
	  ->  Sort  (cost=39.59..39.61 rows=10 width=121)
	        Sort Key: c
	        ->  Index Scan using sbtest6_pkey on sbtest6  (cost=0.43..39.42 rows=10 width=121)
	              Index Cond: ((id >= 8290204) AND (id <= 8290213))

table 7 : explain SELECT DISTINCT c FROM sbtest7 WHERE id BETWEEN 8933484 AND 8933493 ORDER BY c
	Unique  (cost=39.66..39.71 rows=10 width=121)
	  ->  Sort  (cost=39.66..39.68 rows=10 width=121)
	        Sort Key: c
	        ->  Index Scan using sbtest7_pkey on sbtest7  (cost=0.43..39.49 rows=10 width=121)
	              Index Cond: ((id >= 8933484) AND (id <= 8933493))

table 8 : explain SELECT DISTINCT c FROM sbtest8 WHERE id BETWEEN 856464 AND 856473 ORDER BY c
	Unique  (cost=39.66..39.71 rows=10 width=121)
	  ->  Sort  (cost=39.66..39.69 rows=10 width=121)
	        Sort Key: c
	        ->  Index Scan using sbtest8_pkey on sbtest8  (cost=0.43..39.49 rows=10 width=121)
	              Index Cond: ((id >= 856464) AND (id <= 856473))

explain: for non_index_updates :: explain UPDATE sbtest%u SET c='foobar' WHERE id=%u
explain: for point_selects :: explain SELECT c FROM sbtest%u WHERE id=%u
explain: for point_selects :: explain SELECT c FROM sbtest%u WHERE id=%u
explain: for point_selects :: explain SELECT c FROM sbtest%u WHERE id=%u
for: simple_ranges
table 1 : explain SELECT c FROM sbtest1 WHERE id BETWEEN 7719880 AND 7719889
	Index Scan using sbtest1_pkey on sbtest1  (cost=0.43..36.04 rows=9 width=121)
	  Index Cond: ((id >= 7719880) AND (id <= 7719889))

table 2 : explain SELECT c FROM sbtest2 WHERE id BETWEEN 6375102 AND 6375111
	Index Scan using sbtest2_pkey on sbtest2  (cost=0.43..42.69 rows=11 width=121)
	  Index Cond: ((id >= 6375102) AND (id <= 6375111))

table 3 : explain SELECT c FROM sbtest3 WHERE id BETWEEN 8451670 AND 8451679
	Index Scan using sbtest3_pkey on sbtest3  (cost=0.43..42.57 rows=11 width=121)
	  Index Cond: ((id >= 8451670) AND (id <= 8451679))

table 4 : explain SELECT c FROM sbtest4 WHERE id BETWEEN 8535581 AND 8535590
	Index Scan using sbtest4_pkey on sbtest4  (cost=0.43..38.88 rows=10 width=121)
	  Index Cond: ((id >= 8535581) AND (id <= 8535590))

table 5 : explain SELECT c FROM sbtest5 WHERE id BETWEEN 342877 AND 342886
	Index Scan using sbtest5_pkey on sbtest5  (cost=0.43..42.70 rows=11 width=121)
	  Index Cond: ((id >= 342877) AND (id <= 342886))

table 6 : explain SELECT c FROM sbtest6 WHERE id BETWEEN 6897223 AND 6897232
	Index Scan using sbtest6_pkey on sbtest6  (cost=0.43..35.98 rows=9 width=121)
	  Index Cond: ((id >= 6897223) AND (id <= 6897232))

table 7 : explain SELECT c FROM sbtest7 WHERE id BETWEEN 1834945 AND 1834954
	Index Scan using sbtest7_pkey on sbtest7  (cost=0.43..39.49 rows=10 width=121)
	  Index Cond: ((id >= 1834945) AND (id <= 1834954))

table 8 : explain SELECT c FROM sbtest8 WHERE id BETWEEN 7210969 AND 7210978
	Index Scan using sbtest8_pkey on sbtest8  (cost=0.43..39.49 rows=10 width=121)
	  Index Cond: ((id >= 7210969) AND (id <= 7210978))

explain: for index_updates :: explain UPDATE sbtest%u SET k=k+1 WHERE id=%ufor: simple_ranges
table 1 : explain SELECT c FROM sbtest1 WHERE id BETWEEN 2176988 AND 2176997
	Index Scan using sbtest1_pkey on sbtest1  (cost=0.43..42.94 rows=11 width=121)
	  Index Cond: ((id >= 2176988) AND (id <= 2176997))

table 2 : explain SELECT c FROM sbtest2 WHERE id BETWEEN 8954886 AND 8954895
	Index Scan using sbtest2_pkey on sbtest2  (cost=0.43..39.27 rows=10 width=121)
	  Index Cond: ((id >= 8954886) AND (id <= 8954895))

table 3 : explain SELECT c FROM sbtest3 WHERE id BETWEEN 5948755 AND 5948764
	Index Scan using sbtest3_pkey on sbtest3  (cost=0.43..39.15 rows=10 width=121)
	  Index Cond: ((id >= 5948755) AND (id <= 5948764))

table 4 : explain SELECT c FROM sbtest4 WHERE id BETWEEN 3644135 AND 3644144
	Index Scan using sbtest4_pkey on sbtest4  (cost=0.43..38.88 rows=10 width=121)
	  Index Cond: ((id >= 3644135) AND (id <= 3644144))

table 5 : explain SELECT c FROM sbtest5 WHERE id BETWEEN 6979738 AND 6979747
	Index Scan using sbtest5_pkey on sbtest5  (cost=0.43..42.70 rows=11 width=121)
	  Index Cond: ((id >= 6979738) AND (id <= 6979747))

table 6 : explain SELECT c FROM sbtest6 WHERE id BETWEEN 4218615 AND 4218624
	Index Scan using sbtest6_pkey on sbtest6  (cost=0.43..39.42 rows=10 width=121)
	  Index Cond: ((id >= 4218615) AND (id <= 4218624))

table 7 : explain SELECT c FROM sbtest7 WHERE id BETWEEN 3688581 AND 3688590
	Index Scan using sbtest7_pkey on sbtest7  (cost=0.43..42.94 rows=11 width=121)
	  Index Cond: ((id >= 3688581) AND (id <= 3688590))

table 8 : explain SELECT c FROM sbtest8 WHERE id BETWEEN 1558427 AND 1558436
	Index Scan using sbtest8_pkey on sbtest8  (cost=0.43..39.49 rows=10 width=121)
	  Index Cond: ((id >= 1558427) AND (id <= 1558436))
for: order_ranges
table 1 : explain SELECT c FROM sbtest1 WHERE id BETWEEN 222858 AND 222867 ORDER BY c
	Sort  (cost=36.18..36.21 rows=9 width=121)
	  Sort Key: c
	  ->  Index Scan using sbtest1_pkey on sbtest1  (cost=0.43..36.04 rows=9 width=121)
	        Index Cond: ((id >= 222858) AND (id <= 222867))

table 2 : explain SELECT c FROM sbtest2 WHERE id BETWEEN 8220301 AND 8220310 ORDER BY c
	Sort  (cost=39.44..39.46 rows=10 width=121)
	  Sort Key: c
	  ->  Index Scan using sbtest2_pkey on sbtest2  (cost=0.43..39.27 rows=10 width=121)
	        Index Cond: ((id >= 8220301) AND (id <= 8220310))

table 3 : explain SELECT c FROM sbtest3 WHERE id BETWEEN 5010717 AND 5010726 ORDER BY c
	Sort  (cost=39.32..39.35 rows=10 width=121)
	  Sort Key: c
	  ->  Index Scan using sbtest3_pkey on sbtest3  (cost=0.43..39.15 rows=10 width=121)
	        Index Cond: ((id >= 5010717) AND (id <= 5010726))

table 4 : explain SELECT c FROM sbtest4 WHERE id BETWEEN 3911174 AND 3911183 ORDER BY c
	Sort  (cost=35.64..35.66 rows=9 width=121)
	  Sort Key: c
	  ->  Index Scan using sbtest4_pkey on sbtest4  (cost=0.43..35.50 rows=9 width=121)
	        Index Cond: ((id >= 3911174) AND (id <= 3911183))

table 5 : explain SELECT c FROM sbtest5 WHERE id BETWEEN 6711544 AND 6711553 ORDER BY c
	Sort  (cost=39.45..39.47 rows=10 width=121)
	  Sort Key: c
	  ->  Index Scan using sbtest5_pkey on sbtest5  (cost=0.43..39.28 rows=10 width=121)
	        Index Cond: ((id >= 6711544) AND (id <= 6711553))

table 6 : explain SELECT c FROM sbtest6 WHERE id BETWEEN 6555912 AND 6555921 ORDER BY c
	Sort  (cost=39.59..39.61 rows=10 width=121)
	  Sort Key: c
	  ->  Index Scan using sbtest6_pkey on sbtest6  (cost=0.43..39.42 rows=10 width=121)
	        Index Cond: ((id >= 6555912) AND (id <= 6555921))

table 7 : explain SELECT c FROM sbtest7 WHERE id BETWEEN 3328429 AND 3328438 ORDER BY c
	Sort  (cost=39.66..39.68 rows=10 width=121)
	  Sort Key: c
	  ->  Index Scan using sbtest7_pkey on sbtest7  (cost=0.43..39.49 rows=10 width=121)
	        Index Cond: ((id >= 3328429) AND (id <= 3328438))

table 8 : explain SELECT c FROM sbtest8 WHERE id BETWEEN 7025679 AND 7025688 ORDER BY c
	Sort  (cost=43.13..43.16 rows=11 width=121)
	  Sort Key: c
	  ->  Index Scan using sbtest8_pkey on sbtest8  (cost=0.43..42.94 rows=11 width=121)
	        Index Cond: ((id >= 7025679) AND (id <= 7025688))
for: order_ranges
table 1 : explain SELECT c FROM sbtest1 WHERE id BETWEEN 5755952 AND 5755961 ORDER BY c
	Sort  (cost=43.13..43.16 rows=11 width=121)
	  Sort Key: c
	  ->  Index Scan using sbtest1_pkey on sbtest1  (cost=0.43..42.94 rows=11 width=121)
	        Index Cond: ((id >= 5755952) AND (id <= 5755961))

table 2 : explain SELECT c FROM sbtest2 WHERE id BETWEEN 6031126 AND 6031135 ORDER BY c
	Sort  (cost=42.88..42.91 rows=11 width=121)
	  Sort Key: c
	  ->  Index Scan using sbtest2_pkey on sbtest2  (cost=0.43..42.69 rows=11 width=121)
	        Index Cond: ((id >= 6031126) AND (id <= 6031135))

table 3 : explain SELECT c FROM sbtest3 WHERE id BETWEEN 4057991 AND 4058000 ORDER BY c
	Sort  (cost=39.32..39.35 rows=10 width=121)
	  Sort Key: c
	  ->  Index Scan using sbtest3_pkey on sbtest3  (cost=0.43..39.15 rows=10 width=121)
	        Index Cond: ((id >= 4057991) AND (id <= 4058000))

table 4 : explain SELECT c FROM sbtest4 WHERE id BETWEEN 7887178 AND 7887187 ORDER BY c
	Sort  (cost=39.04..39.07 rows=10 width=121)
	  Sort Key: c
	  ->  Index Scan using sbtest4_pkey on sbtest4  (cost=0.43..38.88 rows=10 width=121)
	        Index Cond: ((id >= 7887178) AND (id <= 7887187))

table 5 : explain SELECT c FROM sbtest5 WHERE id BETWEEN 9666296 AND 9666305 ORDER BY c
	Sort  (cost=39.45..39.47 rows=10 width=121)
	  Sort Key: c
	  ->  Index Scan using sbtest5_pkey on sbtest5  (cost=0.43..39.28 rows=10 width=121)
	        Index Cond: ((id >= 9666296) AND (id <= 9666305))

table 6 : explain SELECT c FROM sbtest6 WHERE id BETWEEN 4312864 AND 4312873 ORDER BY c
	Sort  (cost=43.05..43.08 rows=11 width=121)
	  Sort Key: c
	  ->  Index Scan using sbtest6_pkey on sbtest6  (cost=0.43..42.86 rows=11 width=121)
	        Index Cond: ((id >= 4312864) AND (id <= 4312873))

table 7 : explain SELECT c FROM sbtest7 WHERE id BETWEEN 5461929 AND 5461938 ORDER BY c
	Sort  (cost=39.66..39.68 rows=10 width=121)
	  Sort Key: c
	  ->  Index Scan using sbtest7_pkey on sbtest7  (cost=0.43..39.49 rows=10 width=121)
	        Index Cond: ((id >= 5461929) AND (id <= 5461938))

table 8 : explain SELECT c FROM sbtest8 WHERE id BETWEEN 4863065 AND 4863074 ORDER BY c
	Sort  (cost=39.66..39.69 rows=10 width=121)
	  Sort Key: c
	  ->  Index Scan using sbtest8_pkey on sbtest8  (cost=0.43..39.49 rows=10 width=121)
	        Index Cond: ((id >= 4863065) AND (id <= 4863074))




explain: for point_selects :: explain SELECT c FROM sbtest%u WHERE id=%u
for: order_ranges
table 1 : explain SELECT c FROM sbtest1 WHERE id BETWEEN 1753593 AND 1753602 ORDER BY c
	Sort  (cost=39.66..39.68 rows=10 width=121)
	  Sort Key: c
	  ->  Index Scan using sbtest1_pkey on sbtest1  (cost=0.43..39.49 rows=10 width=121)
	        Index Cond: ((id >= 1753593) AND (id <= 1753602))

table 2 : explain SELECT c FROM sbtest2 WHERE id BETWEEN 7851116 AND 7851125 ORDER BY c
	Sort  (cost=39.44..39.46 rows=10 width=121)
	  Sort Key: c
	  ->  Index Scan using sbtest2_pkey on sbtest2  (cost=0.43..39.27 rows=10 width=121)
	        Index Cond: ((id >= 7851116) AND (id <= 7851125))

table 3 : explain SELECT c FROM sbtest3 WHERE id BETWEEN 7052391 AND 7052400 ORDER BY c
	Sort  (cost=39.32..39.35 rows=10 width=121)
	  Sort Key: c
	  ->  Index Scan using sbtest3_pkey on sbtest3  (cost=0.43..39.15 rows=10 width=121)
	        Index Cond: ((id >= 7052391) AND (id <= 7052400))

table 4 : explain SELECT c FROM sbtest4 WHERE id BETWEEN 248228 AND 248237 ORDER BY c
	Sort  (cost=39.04..39.07 rows=10 width=121)
	  Sort Key: c
	  ->  Index Scan using sbtest4_pkey on sbtest4  (cost=0.43..38.88 rows=10 width=121)
	        Index Cond: ((id >= 248228) AND (id <= 248237))

table 5 : explain SELECT c FROM sbtest5 WHERE id BETWEEN 2207007 AND 2207016 ORDER BY c
	Sort  (cost=39.45..39.47 rows=10 width=121)
	  Sort Key: c
	  ->  Index Scan using sbtest5_pkey on sbtest5  (cost=0.43..39.28 rows=10 width=121)
	        Index Cond: ((id >= 2207007) AND (id <= 2207016))

table 6 : explain SELECT c FROM sbtest6 WHERE id BETWEEN 1506428 AND 1506437 ORDER BY c
	Sort  (cost=39.59..39.61 rows=10 width=121)
	  Sort Key: c
	  ->  Index Scan using sbtest6_pkey on sbtest6  (cost=0.43..39.42 rows=10 width=121)
	        Index Cond: ((id >= 1506428) AND (id <= 1506437))

table 7 : explain SELECT c FROM sbtest7 WHERE id BETWEEN 8637569 AND 8637578 ORDER BY c
	Sort  (cost=39.66..39.68 rows=10 width=121)
	  Sort Key: c
	  ->  Index Scan using sbtest7_pkey on sbtest7  (cost=0.43..39.49 rows=10 width=121)
	        Index Cond: ((id >= 8637569) AND (id <= 8637578))

table 8 : explain SELECT c FROM sbtest8 WHERE id BETWEEN 9462277 AND 9462286 ORDER BY c
	Sort  (cost=39.66..39.69 rows=10 width=121)
	  Sort Key: c
	  ->  Index Scan using sbtest8_pkey on sbtest8  (cost=0.43..39.49 rows=10 width=121)
	        Index Cond: ((id >= 9462277) AND (id <= 9462286))

explain: for inserts :: explain INSERT INTO sbtest%u (id, k, c, pad) VALUES (%u, 13, 'foobar', 'foobar')
for index_updates
table 1 : explain UPDATE sbtest1 SET k=k+1 WHERE id=7874960
	Update on sbtest1  (cost=0.43..8.46 rows=0 width=0)
	  ->  Index Scan using sbtest1_pkey on sbtest1  (cost=0.43..8.46 rows=1 width=10)
	        Index Cond: (id = 7874960)

table 2 : explain UPDATE sbtest2 SET k=k+1 WHERE id=9549287
	Update on sbtest2  (cost=0.43..8.46 rows=0 width=0)
	  ->  Index Scan using sbtest2_pkey on sbtest2  (cost=0.43..8.46 rows=1 width=10)
	        Index Cond: (id = 9549287)

table 3 : explain UPDATE sbtest3 SET k=k+1 WHERE id=1654219
	Update on sbtest3  (cost=0.43..8.46 rows=0 width=0)
	  ->  Index Scan using sbtest3_pkey on sbtest3  (cost=0.43..8.46 rows=1 width=10)
	        Index Cond: (id = 1654219)

table 4 : explain UPDATE sbtest4 SET k=k+1 WHERE id=408997
	Update on sbtest4  (cost=0.43..8.46 rows=0 width=0)
	  ->  Index Scan using sbtest4_pkey on sbtest4  (cost=0.43..8.46 rows=1 width=10)
	        Index Cond: (id = 408997)

table 5 : explain UPDATE sbtest5 SET k=k+1 WHERE id=3517575
	Update on sbtest5  (cost=0.43..8.46 rows=0 width=0)
	  ->  Index Scan using sbtest5_pkey on sbtest5  (cost=0.43..8.46 rows=1 width=10)
	        Index Cond: (id = 3517575)

table 6 : explain UPDATE sbtest6 SET k=k+1 WHERE id=5473310
	Update on sbtest6  (cost=0.43..8.46 rows=0 width=0)
	  ->  Index Scan using sbtest6_pkey on sbtest6  (cost=0.43..8.46 rows=1 width=10)
	        Index Cond: (id = 5473310)

table 7 : explain UPDATE sbtest7 SET k=k+1 WHERE id=9411662
	Update on sbtest7  (cost=0.43..8.46 rows=0 width=0)
	  ->  Index Scan using sbtest7_pkey on sbtest7  (cost=0.43..8.46 rows=1 width=10)
	        Index Cond: (id = 9411662)

table 8 : explain UPDATE sbtest8 SET k=k+1 WHERE id=2385660
	Update on sbtest8  (cost=0.43..8.46 rows=0 width=0)
	  ->  Index Scan using sbtest8_pkey on sbtest8  (cost=0.43..8.46 rows=1 width=10)
	        Index Cond: (id = 2385660)

for non_index_updates
table 1 : explain UPDATE sbtest1 SET c='foobar' WHERE id=1587715
	Update on sbtest1  (cost=0.43..8.45 rows=0 width=0)
	  ->  Index Scan using sbtest1_pkey on sbtest1  (cost=0.43..8.45 rows=1 width=490)
	        Index Cond: (id = 1587715)

table 2 : explain UPDATE sbtest2 SET c='foobar' WHERE id=8073709
	Update on sbtest2  (cost=0.43..8.45 rows=0 width=0)
	  ->  Index Scan using sbtest2_pkey on sbtest2  (cost=0.43..8.45 rows=1 width=490)
	        Index Cond: (id = 8073709)

table 3 : explain UPDATE sbtest3 SET c='foobar' WHERE id=4884805
	Update on sbtest3  (cost=0.43..8.45 rows=0 width=0)
	  ->  Index Scan using sbtest3_pkey on sbtest3  (cost=0.43..8.45 rows=1 width=490)
	        Index Cond: (id = 4884805)

table 4 : explain UPDATE sbtest4 SET c='foobar' WHERE id=1632368
	Update on sbtest4  (cost=0.43..8.45 rows=0 width=0)
	  ->  Index Scan using sbtest4_pkey on sbtest4  (cost=0.43..8.45 rows=1 width=490)
	        Index Cond: (id = 1632368)

table 5 : explain UPDATE sbtest5 SET c='foobar' WHERE id=6055187
	Update on sbtest5  (cost=0.43..8.45 rows=0 width=0)
	  ->  Index Scan using sbtest5_pkey on sbtest5  (cost=0.43..8.45 rows=1 width=490)
	        Index Cond: (id = 6055187)

table 6 : explain UPDATE sbtest6 SET c='foobar' WHERE id=7858771
	Update on sbtest6  (cost=0.43..8.45 rows=0 width=0)
	  ->  Index Scan using sbtest6_pkey on sbtest6  (cost=0.43..8.45 rows=1 width=490)
	        Index Cond: (id = 7858771)

table 7 : explain UPDATE sbtest7 SET c='foobar' WHERE id=6273220
	Update on sbtest7  (cost=0.43..8.45 rows=0 width=0)
	  ->  Index Scan using sbtest7_pkey on sbtest7  (cost=0.43..8.45 rows=1 width=490)
	        Index Cond: (id = 6273220)

table 8 : explain UPDATE sbtest8 SET c='foobar' WHERE id=8621983
	Update on sbtest8  (cost=0.43..8.45 rows=0 width=0)
	  ->  Index Scan using sbtest8_pkey on sbtest8  (cost=0.43..8.45 rows=1 width=490)
	        Index Cond: (id = 8621983)

for: simple_ranges
table 1 : explain SELECT c FROM sbtest1 WHERE id BETWEEN 2863397 AND 2863406
	Index Scan using sbtest1_pkey on sbtest1  (cost=0.43..39.49 rows=10 width=121)
	  Index Cond: ((id >= 2863397) AND (id <= 2863406))

table 2 : explain SELECT c FROM sbtest2 WHERE id BETWEEN 8488501 AND 8488510
	Index Scan using sbtest2_pkey on sbtest2  (cost=0.43..39.27 rows=10 width=121)
	  Index Cond: ((id >= 8488501) AND (id <= 8488510))

table 3 : explain SELECT c FROM sbtest3 WHERE id BETWEEN 2323252 AND 2323261
	Index Scan using sbtest3_pkey on sbtest3  (cost=0.43..42.57 rows=11 width=121)
	  Index Cond: ((id >= 2323252) AND (id <= 2323261))

table 4 : explain SELECT c FROM sbtest4 WHERE id BETWEEN 5584497 AND 5584506
	Index Scan using sbtest4_pkey on sbtest4  (cost=0.43..38.88 rows=10 width=121)
	  Index Cond: ((id >= 5584497) AND (id <= 5584506))

table 5 : explain SELECT c FROM sbtest5 WHERE id BETWEEN 1255370 AND 1255379
	Index Scan using sbtest5_pkey on sbtest5  (cost=0.43..39.28 rows=10 width=121)
	  Index Cond: ((id >= 1255370) AND (id <= 1255379))

table 6 : explain SELECT c FROM sbtest6 WHERE id BETWEEN 9042835 AND 9042844
	Index Scan using sbtest6_pkey on sbtest6  (cost=0.43..39.42 rows=10 width=121)
	  Index Cond: ((id >= 9042835) AND (id <= 9042844))

table 7 : explain SELECT c FROM sbtest7 WHERE id BETWEEN 3217020 AND 3217029
	Index Scan using sbtest7_pkey on sbtest7  (cost=0.43..39.49 rows=10 width=121)
	  Index Cond: ((id >= 3217020) AND (id <= 3217029))

table 8 : explain SELECT c FROM sbtest8 WHERE id BETWEEN 2202204 AND 2202213
	Index Scan using sbtest8_pkey on sbtest8  (cost=0.43..42.94 rows=11 width=121)
	  Index Cond: ((id >= 2202204) AND (id <= 2202213))

for: order_ranges
table 1 : explain SELECT c FROM sbtest1 WHERE id BETWEEN 1367447 AND 1367456 ORDER BY c
	Sort  (cost=36.18..36.21 rows=9 width=121)
	  Sort Key: c
	  ->  Index Scan using sbtest1_pkey on sbtest1  (cost=0.43..36.04 rows=9 width=121)
	        Index Cond: ((id >= 1367447) AND (id <= 1367456))

table 2 : explain SELECT c FROM sbtest2 WHERE id BETWEEN 5991951 AND 5991960 ORDER BY c
	Sort  (cost=42.88..42.91 rows=11 width=121)
	  Sort Key: c
	  ->  Index Scan using sbtest2_pkey on sbtest2  (cost=0.43..42.69 rows=11 width=121)
	        Index Cond: ((id >= 5991951) AND (id <= 5991960))

table 3 : explain SELECT c FROM sbtest3 WHERE id BETWEEN 5351570 AND 5351579 ORDER BY c
	Sort  (cost=39.32..39.35 rows=10 width=121)
	  Sort Key: c
	  ->  Index Scan using sbtest3_pkey on sbtest3  (cost=0.43..39.15 rows=10 width=121)
	        Index Cond: ((id >= 5351570) AND (id <= 5351579))

table 4 : explain SELECT c FROM sbtest4 WHERE id BETWEEN 5385200 AND 5385209 ORDER BY c
	Sort  (cost=39.04..39.07 rows=10 width=121)
	  Sort Key: c
	  ->  Index Scan using sbtest4_pkey on sbtest4  (cost=0.43..38.88 rows=10 width=121)
	        Index Cond: ((id >= 5385200) AND (id <= 5385209))

table 5 : explain SELECT c FROM sbtest5 WHERE id BETWEEN 2209810 AND 2209819 ORDER BY c
	Sort  (cost=39.45..39.47 rows=10 width=121)
	  Sort Key: c
	  ->  Index Scan using sbtest5_pkey on sbtest5  (cost=0.43..39.28 rows=10 width=121)
	        Index Cond: ((id >= 2209810) AND (id <= 2209819))

table 6 : explain SELECT c FROM sbtest6 WHERE id BETWEEN 9039726 AND 9039735 ORDER BY c
	Sort  (cost=39.59..39.61 rows=10 width=121)
	  Sort Key: c
	  ->  Index Scan using sbtest6_pkey on sbtest6  (cost=0.43..39.42 rows=10 width=121)
	        Index Cond: ((id >= 9039726) AND (id <= 9039735))

table 7 : explain SELECT c FROM sbtest7 WHERE id BETWEEN 5652423 AND 5652432 ORDER BY c
	Sort  (cost=39.66..39.68 rows=10 width=121)
	  Sort Key: c
	  ->  Index Scan using sbtest7_pkey on sbtest7  (cost=0.43..39.49 rows=10 width=121)
	        Index Cond: ((id >= 5652423) AND (id <= 5652432))

table 8 : explain SELECT c FROM sbtest8 WHERE id BETWEEN 3731316 AND 3731325 ORDER BY c
	Sort  (cost=39.66..39.69 rows=10 width=121)
	  Sort Key: c
	  ->  Index Scan using sbtest8_pkey on sbtest8  (cost=0.43..39.49 rows=10 width=121)
	        Index Cond: ((id >= 3731316) AND (id <= 3731325))

for: distinct_ranges
table 1 : explain SELECT DISTINCT c FROM sbtest1 WHERE id BETWEEN 1545182 AND 1545191 ORDER BY c
	Unique  (cost=39.66..39.71 rows=10 width=121)
	  ->  Sort  (cost=39.66..39.68 rows=10 width=121)
	        Sort Key: c
	        ->  Index Scan using sbtest1_pkey on sbtest1  (cost=0.43..39.49 rows=10 width=121)
	              Index Cond: ((id >= 1545182) AND (id <= 1545191))

table 2 : explain SELECT DISTINCT c FROM sbtest2 WHERE id BETWEEN 8965178 AND 8965187 ORDER BY c
	Unique  (cost=39.44..39.49 rows=10 width=121)
	  ->  Sort  (cost=39.44..39.46 rows=10 width=121)
	        Sort Key: c
	        ->  Index Scan using sbtest2_pkey on sbtest2  (cost=0.43..39.27 rows=10 width=121)
	              Index Cond: ((id >= 8965178) AND (id <= 8965187))

table 3 : explain SELECT DISTINCT c FROM sbtest3 WHERE id BETWEEN 9895837 AND 9895846 ORDER BY c
	Unique  (cost=39.32..39.37 rows=10 width=121)
	  ->  Sort  (cost=39.32..39.35 rows=10 width=121)
	        Sort Key: c
	        ->  Index Scan using sbtest3_pkey on sbtest3  (cost=0.43..39.15 rows=10 width=121)
	              Index Cond: ((id >= 9895837) AND (id <= 9895846))

table 4 : explain SELECT DISTINCT c FROM sbtest4 WHERE id BETWEEN 4056185 AND 4056194 ORDER BY c
	Unique  (cost=39.04..39.09 rows=10 width=121)
	  ->  Sort  (cost=39.04..39.07 rows=10 width=121)
	        Sort Key: c
	        ->  Index Scan using sbtest4_pkey on sbtest4  (cost=0.43..38.88 rows=10 width=121)
	              Index Cond: ((id >= 4056185) AND (id <= 4056194))

table 5 : explain SELECT DISTINCT c FROM sbtest5 WHERE id BETWEEN 1684031 AND 1684040 ORDER BY c
	Unique  (cost=39.45..39.50 rows=10 width=121)
	  ->  Sort  (cost=39.45..39.47 rows=10 width=121)
	        Sort Key: c
	        ->  Index Scan using sbtest5_pkey on sbtest5  (cost=0.43..39.28 rows=10 width=121)
	              Index Cond: ((id >= 1684031) AND (id <= 1684040))

table 6 : explain SELECT DISTINCT c FROM sbtest6 WHERE id BETWEEN 4620548 AND 4620557 ORDER BY c
	Unique  (cost=39.59..39.64 rows=10 width=121)
	  ->  Sort  (cost=39.59..39.61 rows=10 width=121)
	        Sort Key: c
	        ->  Index Scan using sbtest6_pkey on sbtest6  (cost=0.43..39.42 rows=10 width=121)
	              Index Cond: ((id >= 4620548) AND (id <= 4620557))

table 7 : explain SELECT DISTINCT c FROM sbtest7 WHERE id BETWEEN 3483945 AND 3483954 ORDER BY c
	Unique  (cost=39.66..39.71 rows=10 width=121)
	  ->  Sort  (cost=39.66..39.68 rows=10 width=121)
	        Sort Key: c
	        ->  Index Scan using sbtest7_pkey on sbtest7  (cost=0.43..39.49 rows=10 width=121)
	              Index Cond: ((id >= 3483945) AND (id <= 3483954))

table 8 : explain SELECT DISTINCT c FROM sbtest8 WHERE id BETWEEN 4570778 AND 4570787 ORDER BY c
	Unique  (cost=39.66..39.71 rows=10 width=121)
	  ->  Sort  (cost=39.66..39.69 rows=10 width=121)
	        Sort Key: c
	        ->  Index Scan using sbtest8_pkey on sbtest8  (cost=0.43..39.49 rows=10 width=121)
	              Index Cond: ((id >= 4570778) AND (id <= 4570787))

explain: for deletes :: explain DELETE FROM sbtest%u WHERE id=%u
for inserts
table 1 : explain INSERT INTO sbtest1 (id, k, c, pad) VALUES (7520298, 13, 'foobar', 'foobar')
	Insert on sbtest1  (cost=0.00..0.01 rows=0 width=0)
	  ->  Result  (cost=0.00..0.01 rows=1 width=736)

table 2 : explain INSERT INTO sbtest2 (id, k, c, pad) VALUES (6225839, 13, 'foobar', 'foobar')
	Insert on sbtest2  (cost=0.00..0.01 rows=0 width=0)
	  ->  Result  (cost=0.00..0.01 rows=1 width=736)

table 3 : explain INSERT INTO sbtest3 (id, k, c, pad) VALUES (2748849, 13, 'foobar', 'foobar')
	Insert on sbtest3  (cost=0.00..0.01 rows=0 width=0)
	  ->  Result  (cost=0.00..0.01 rows=1 width=736)

table 4 : explain INSERT INTO sbtest4 (id, k, c, pad) VALUES (748837, 13, 'foobar', 'foobar')
	Insert on sbtest4  (cost=0.00..0.01 rows=0 width=0)
	  ->  Result  (cost=0.00..0.01 rows=1 width=736)

table 5 : explain INSERT INTO sbtest5 (id, k, c, pad) VALUES (6782127, 13, 'foobar', 'foobar')
	Insert on sbtest5  (cost=0.00..0.01 rows=0 width=0)
	  ->  Result  (cost=0.00..0.01 rows=1 width=736)

table 6 : explain INSERT INTO sbtest6 (id, k, c, pad) VALUES (2239613, 13, 'foobar', 'foobar')
	Insert on sbtest6  (cost=0.00..0.01 rows=0 width=0)
	  ->  Result  (cost=0.00..0.01 rows=1 width=736)

table 7 : explain INSERT INTO sbtest7 (id, k, c, pad) VALUES (5207792, 13, 'foobar', 'foobar')
	Insert on sbtest7  (cost=0.00..0.01 rows=0 width=0)
	  ->  Result  (cost=0.00..0.01 rows=1 width=736)

table 8 : explain INSERT INTO sbtest8 (id, k, c, pad) VALUES (6107129, 13, 'foobar', 'foobar')
	Insert on sbtest8  (cost=0.00..0.01 rows=0 width=0)
	  ->  Result  (cost=0.00..0.01 rows=1 width=736)

explain: for non_index_updates :: explain UPDATE sbtest%u SET c='foobar' WHERE id=%u
for: distinct_ranges
table 1 : explain SELECT DISTINCT c FROM sbtest1 WHERE id BETWEEN 7197867 AND 7197876 ORDER BY c
	Unique  (cost=39.66..39.71 rows=10 width=121)
	  ->  Sort  (cost=39.66..39.68 rows=10 width=121)
	        Sort Key: c
	        ->  Index Scan using sbtest1_pkey on sbtest1  (cost=0.43..39.49 rows=10 width=121)
	              Index Cond: ((id >= 7197867) AND (id <= 7197876))

table 2 : explain SELECT DISTINCT c FROM sbtest2 WHERE id BETWEEN 3526550 AND 3526559 ORDER BY c
	Unique  (cost=39.44..39.49 rows=10 width=121)
	  ->  Sort  (cost=39.44..39.46 rows=10 width=121)
	        Sort Key: c
	        ->  Index Scan using sbtest2_pkey on sbtest2  (cost=0.43..39.27 rows=10 width=121)
	              Index Cond: ((id >= 3526550) AND (id <= 3526559))

table 3 : explain SELECT DISTINCT c FROM sbtest3 WHERE id BETWEEN 9300965 AND 9300974 ORDER BY c
	Unique  (cost=39.32..39.37 rows=10 width=121)
	  ->  Sort  (cost=39.32..39.35 rows=10 width=121)
	        Sort Key: c
	        ->  Index Scan using sbtest3_pkey on sbtest3  (cost=0.43..39.15 rows=10 width=121)
	              Index Cond: ((id >= 9300965) AND (id <= 9300974))

table 4 : explain SELECT DISTINCT c FROM sbtest4 WHERE id BETWEEN 2347679 AND 2347688 ORDER BY c
	Unique  (cost=39.04..39.09 rows=10 width=121)
	  ->  Sort  (cost=39.04..39.07 rows=10 width=121)
	        Sort Key: c
	        ->  Index Scan using sbtest4_pkey on sbtest4  (cost=0.43..38.88 rows=10 width=121)
	              Index Cond: ((id >= 2347679) AND (id <= 2347688))

table 5 : explain SELECT DISTINCT c FROM sbtest5 WHERE id BETWEEN 5537788 AND 5537797 ORDER BY c
	Unique  (cost=39.45..39.50 rows=10 width=121)
	  ->  Sort  (cost=39.45..39.47 rows=10 width=121)
	        Sort Key: c
	        ->  Index Scan using sbtest5_pkey on sbtest5  (cost=0.43..39.28 rows=10 width=121)
	              Index Cond: ((id >= 5537788) AND (id <= 5537797))

table 6 : explain SELECT DISTINCT c FROM sbtest6 WHERE id BETWEEN 3136246 AND 3136255 ORDER BY c
	Unique  (cost=39.59..39.64 rows=10 width=121)
	  ->  Sort  (cost=39.59..39.61 rows=10 width=121)
	        Sort Key: c
	        ->  Index Scan using sbtest6_pkey on sbtest6  (cost=0.43..39.42 rows=10 width=121)
	              Index Cond: ((id >= 3136246) AND (id <= 3136255))

table 7 : explain SELECT DISTINCT c FROM sbtest7 WHERE id BETWEEN 4740054 AND 4740063 ORDER BY c
	Unique  (cost=39.66..39.71 rows=10 width=121)
	  ->  Sort  (cost=39.66..39.68 rows=10 width=121)
	        Sort Key: c
	        ->  Index Scan using sbtest7_pkey on sbtest7  (cost=0.43..39.49 rows=10 width=121)
	              Index Cond: ((id >= 4740054) AND (id <= 4740063))

table 8 : explain SELECT DISTINCT c FROM sbtest8 WHERE id BETWEEN 8523946 AND 8523955 ORDER BY c
	Unique  (cost=43.13..43.19 rows=11 width=121)
	  ->  Sort  (cost=43.13..43.16 rows=11 width=121)
	        Sort Key: c
	        ->  Index Scan using sbtest8_pkey on sbtest8  (cost=0.43..42.94 rows=11 width=121)
	              Index Cond: ((id >= 8523946) AND (id <= 8523955))

explain: for index_updates :: explain UPDATE sbtest%u SET k=k+1 WHERE id=%u
for index_updates
table 1 : explain UPDATE sbtest1 SET k=k+1 WHERE id=1878821
	Update on sbtest1  (cost=0.43..8.46 rows=0 width=0)
	  ->  Index Scan using sbtest1_pkey on sbtest1  (cost=0.43..8.46 rows=1 width=10)
	        Index Cond: (id = 1878821)

table 2 : explain UPDATE sbtest2 SET k=k+1 WHERE id=4880019
	Update on sbtest2  (cost=0.43..8.46 rows=0 width=0)
	  ->  Index Scan using sbtest2_pkey on sbtest2  (cost=0.43..8.46 rows=1 width=10)
	        Index Cond: (id = 4880019)

table 3 : explain UPDATE sbtest3 SET k=k+1 WHERE id=9911981
	Update on sbtest3  (cost=0.43..8.46 rows=0 width=0)
	  ->  Index Scan using sbtest3_pkey on sbtest3  (cost=0.43..8.46 rows=1 width=10)
	        Index Cond: (id = 9911981)

table 4 : explain UPDATE sbtest4 SET k=k+1 WHERE id=4455582
	Update on sbtest4  (cost=0.43..8.46 rows=0 width=0)
	  ->  Index Scan using sbtest4_pkey on sbtest4  (cost=0.43..8.46 rows=1 width=10)
	        Index Cond: (id = 4455582)

table 5 : explain UPDATE sbtest5 SET k=k+1 WHERE id=9080514
	Update on sbtest5  (cost=0.43..8.46 rows=0 width=0)
	  ->  Index Scan using sbtest5_pkey on sbtest5  (cost=0.43..8.46 rows=1 width=10)
	        Index Cond: (id = 9080514)

table 6 : explain UPDATE sbtest6 SET k=k+1 WHERE id=6215842
	Update on sbtest6  (cost=0.43..8.46 rows=0 width=0)
	  ->  Index Scan using sbtest6_pkey on sbtest6  (cost=0.43..8.46 rows=1 width=10)
	        Index Cond: (id = 6215842)

table 7 : explain UPDATE sbtest7 SET k=k+1 WHERE id=6735140
	Update on sbtest7  (cost=0.43..8.46 rows=0 width=0)
	  ->  Index Scan using sbtest7_pkey on sbtest7  (cost=0.43..8.46 rows=1 width=10)
	        Index Cond: (id = 6735140)

table 8 : explain UPDATE sbtest8 SET k=k+1 WHERE id=5201446
	Update on sbtest8  (cost=0.43..8.46 rows=0 width=0)
	  ->  Index Scan using sbtest8_pkey on sbtest8  (cost=0.43..8.46 rows=1 width=10)
	        Index Cond: (id = 5201446)

for deletes
table 1 : explain DELETE FROM sbtest1 WHERE id=560296
	Delete on sbtest1  (cost=0.43..8.45 rows=0 width=0)
	  ->  Index Scan using sbtest1_pkey on sbtest1  (cost=0.43..8.45 rows=1 width=6)
	        Index Cond: (id = 560296)

table 2 : explain DELETE FROM sbtest2 WHERE id=1560709
	Delete on sbtest2  (cost=0.43..8.45 rows=0 width=0)
	  ->  Index Scan using sbtest2_pkey on sbtest2  (cost=0.43..8.45 rows=1 width=6)
	        Index Cond: (id = 1560709)

table 3 : explain DELETE FROM sbtest3 WHERE id=3976648
	Delete on sbtest3  (cost=0.43..8.45 rows=0 width=0)
	  ->  Index Scan using sbtest3_pkey on sbtest3  (cost=0.43..8.45 rows=1 width=6)
	        Index Cond: (id = 3976648)

table 4 : explain DELETE FROM sbtest4 WHERE id=2444045
	Delete on sbtest4  (cost=0.43..8.45 rows=0 width=0)
	  ->  Index Scan using sbtest4_pkey on sbtest4  (cost=0.43..8.45 rows=1 width=6)
	        Index Cond: (id = 2444045)

table 5 : explain DELETE FROM sbtest5 WHERE id=634384
	Delete on sbtest5  (cost=0.43..8.45 rows=0 width=0)
	  ->  Index Scan using sbtest5_pkey on sbtest5  (cost=0.43..8.45 rows=1 width=6)
	        Index Cond: (id = 634384)

table 6 : explain DELETE FROM sbtest6 WHERE id=1383510
	Delete on sbtest6  (cost=0.43..8.45 rows=0 width=0)
	  ->  Index Scan using sbtest6_pkey on sbtest6  (cost=0.43..8.45 rows=1 width=6)
	        Index Cond: (id = 1383510)

table 7 : explain DELETE FROM sbtest7 WHERE id=2328747
	Delete on sbtest7  (cost=0.43..8.45 rows=0 width=0)
	  ->  Index Scan using sbtest7_pkey on sbtest7  (cost=0.43..8.45 rows=1 width=6)
	        Index Cond: (id = 2328747)

table 8 : explain DELETE FROM sbtest8 WHERE id=4555218
	Delete on sbtest8  (cost=0.43..8.45 rows=0 width=0)
	  ->  Index Scan using sbtest8_pkey on sbtest8  (cost=0.43..8.45 rows=1 width=6)
	        Index Cond: (id = 4555218)

explain: for index_updates :: explain UPDATE sbtest%u SET k=k+1 WHERE id=%u
explain: for point_selects :: explain SELECT c FROM sbtest%u WHERE id=%u
for point_selects
table 1 : explain SELECT c FROM sbtest1 WHERE id=4269520
	Index Scan using sbtest1_pkey on sbtest1  (cost=0.43..8.45 rows=1 width=121)
	  Index Cond: (id = 4269520)

table 2 : explain SELECT c FROM sbtest2 WHERE id=6448039
	Index Scan using sbtest2_pkey on sbtest2  (cost=0.43..8.45 rows=1 width=121)
	  Index Cond: (id = 6448039)

table 3 : explain SELECT c FROM sbtest3 WHERE id=3931083
	Index Scan using sbtest3_pkey on sbtest3  (cost=0.43..8.45 rows=1 width=121)
	  Index Cond: (id = 3931083)

table 4 : explain SELECT c FROM sbtest4 WHERE id=1447784
	Index Scan using sbtest4_pkey on sbtest4  (cost=0.43..8.45 rows=1 width=121)
	  Index Cond: (id = 1447784)

table 5 : explain SELECT c FROM sbtest5 WHERE id=3486880
	Index Scan using sbtest5_pkey on sbtest5  (cost=0.43..8.45 rows=1 width=121)
	  Index Cond: (id = 3486880)

table 6 : explain SELECT c FROM sbtest6 WHERE id=2222971
	Index Scan using sbtest6_pkey on sbtest6  (cost=0.43..8.45 rows=1 width=121)
	  Index Cond: (id = 2222971)

table 7 : explain SELECT c FROM sbtest7 WHERE id=8172463
	Index Scan using sbtest7_pkey on sbtest7  (cost=0.43..8.45 rows=1 width=121)
	  Index Cond: (id = 8172463)

table 8 : explain SELECT c FROM sbtest8 WHERE id=3831709
	Index Scan using sbtest8_pkey on sbtest8  (cost=0.43..8.45 rows=1 width=121)
	  Index Cond: (id = 3831709)

explain: for point_selects :: explain SELECT c FROM sbtest%u WHERE id=%u
explain: for non_index_updates :: explain UPDATE sbtest%u SET c='foobar' WHERE id=%u
for non_index_updates
table 1 : explain UPDATE sbtest1 SET c='foobar' WHERE id=5774175
	Update on sbtest1  (cost=0.43..8.45 rows=0 width=0)
	  ->  Index Scan using sbtest1_pkey on sbtest1  (cost=0.43..8.45 rows=1 width=490)
	        Index Cond: (id = 5774175)

table 2 : explain UPDATE sbtest2 SET c='foobar' WHERE id=5643587
	Update on sbtest2  (cost=0.43..8.45 rows=0 width=0)
	  ->  Index Scan using sbtest2_pkey on sbtest2  (cost=0.43..8.45 rows=1 width=490)
	        Index Cond: (id = 5643587)

table 3 : explain UPDATE sbtest3 SET c='foobar' WHERE id=2937369
	Update on sbtest3  (cost=0.43..8.45 rows=0 width=0)
	  ->  Index Scan using sbtest3_pkey on sbtest3  (cost=0.43..8.45 rows=1 width=490)
	        Index Cond: (id = 2937369)

table 4 : explain UPDATE sbtest4 SET c='foobar' WHERE id=8090424
	Update on sbtest4  (cost=0.43..8.45 rows=0 width=0)
	  ->  Index Scan using sbtest4_pkey on sbtest4  (cost=0.43..8.45 rows=1 width=490)
	        Index Cond: (id = 8090424)

table 5 : explain UPDATE sbtest5 SET c='foobar' WHERE id=4089759
	Update on sbtest5  (cost=0.43..8.45 rows=0 width=0)
	  ->  Index Scan using sbtest5_pkey on sbtest5  (cost=0.43..8.45 rows=1 width=490)
	        Index Cond: (id = 4089759)

table 6 : explain UPDATE sbtest6 SET c='foobar' WHERE id=1724417
	Update on sbtest6  (cost=0.43..8.45 rows=0 width=0)
	  ->  Index Scan using sbtest6_pkey on sbtest6  (cost=0.43..8.45 rows=1 width=490)
	        Index Cond: (id = 1724417)

table 7 : explain UPDATE sbtest7 SET c='foobar' WHERE id=6651424
	Update on sbtest7  (cost=0.43..8.45 rows=0 width=0)
	  ->  Index Scan using sbtest7_pkey on sbtest7  (cost=0.43..8.45 rows=1 width=490)
	        Index Cond: (id = 6651424)

table 8 : explain UPDATE sbtest8 SET c='foobar' WHERE id=2881622
	Update on sbtest8  (cost=0.43..8.45 rows=0 width=0)
	  ->  Index Scan using sbtest8_pkey on sbtest8  (cost=0.43..8.45 rows=1 width=490)
	        Index Cond: (id = 2881622)

for: sum_ranges
table 1 : explain SELECT SUM(k) FROM sbtest1 WHERE id BETWEEN 7719371 AND 7719380
	Aggregate  (cost=36.06..36.07 rows=1 width=8)
	  ->  Index Scan using sbtest1_pkey on sbtest1  (cost=0.43..36.04 rows=9 width=4)
	        Index Cond: ((id >= 7719371) AND (id <= 7719380))

table 2 : explain SELECT SUM(k) FROM sbtest2 WHERE id BETWEEN 7240211 AND 7240220
	Aggregate  (cost=39.29..39.30 rows=1 width=8)
	  ->  Index Scan using sbtest2_pkey on sbtest2  (cost=0.43..39.27 rows=10 width=4)
	        Index Cond: ((id >= 7240211) AND (id <= 7240220))

table 3 : explain SELECT SUM(k) FROM sbtest3 WHERE id BETWEEN 6543553 AND 6543562
	Aggregate  (cost=42.59..42.60 rows=1 width=8)
	  ->  Index Scan using sbtest3_pkey on sbtest3  (cost=0.43..42.57 rows=11 width=4)
	        Index Cond: ((id >= 6543553) AND (id <= 6543562))

table 4 : explain SELECT SUM(k) FROM sbtest4 WHERE id BETWEEN 6193863 AND 6193872
	Aggregate  (cost=42.28..42.29 rows=1 width=8)
	  ->  Index Scan using sbtest4_pkey on sbtest4  (cost=0.43..42.26 rows=11 width=4)
	        Index Cond: ((id >= 6193863) AND (id <= 6193872))

table 5 : explain SELECT SUM(k) FROM sbtest5 WHERE id BETWEEN 8831655 AND 8831664
	Aggregate  (cost=35.88..35.89 rows=1 width=8)
	  ->  Index Scan using sbtest5_pkey on sbtest5  (cost=0.43..35.85 rows=9 width=4)
	        Index Cond: ((id >= 8831655) AND (id <= 8831664))

table 6 : explain SELECT SUM(k) FROM sbtest6 WHERE id BETWEEN 9051332 AND 9051341
	Aggregate  (cost=39.45..39.46 rows=1 width=8)
	  ->  Index Scan using sbtest6_pkey on sbtest6  (cost=0.43..39.42 rows=10 width=4)
	        Index Cond: ((id >= 9051332) AND (id <= 9051341))

table 7 : explain SELECT SUM(k) FROM sbtest7 WHERE id BETWEEN 9352534 AND 9352543
	Aggregate  (cost=39.52..39.53 rows=1 width=8)
	  ->  Index Scan using sbtest7_pkey on sbtest7  (cost=0.43..39.49 rows=10 width=4)
	        Index Cond: ((id >= 9352534) AND (id <= 9352543))

table 8 : explain SELECT SUM(k) FROM sbtest8 WHERE id BETWEEN 7058020 AND 7058029
	Aggregate  (cost=42.97..42.98 rows=1 width=8)
	  ->  Index Scan using sbtest8_pkey on sbtest8  (cost=0.43..42.94 rows=11 width=4)
	        Index Cond: ((id >= 7058020) AND (id <= 7058029))

for: sum_ranges
table 1 : explain SELECT SUM(k) FROM sbtest1 WHERE id BETWEEN 3487895 AND 3487904
	Aggregate  (cost=39.51..39.52 rows=1 width=8)
	  ->  Index Scan using sbtest1_pkey on sbtest1  (cost=0.43..39.49 rows=10 width=4)
	        Index Cond: ((id >= 3487895) AND (id <= 3487904))

table 2 : explain SELECT SUM(k) FROM sbtest2 WHERE id BETWEEN 3473837 AND 3473846
	Aggregate  (cost=39.29..39.30 rows=1 width=8)
	  ->  Index Scan using sbtest2_pkey on sbtest2  (cost=0.43..39.27 rows=10 width=4)
	        Index Cond: ((id >= 3473837) AND (id <= 3473846))

table 3 : explain SELECT SUM(k) FROM sbtest3 WHERE id BETWEEN 8246859 AND 8246868
	Aggregate  (cost=39.18..39.19 rows=1 width=8)
	  ->  Index Scan using sbtest3_pkey on sbtest3  (cost=0.43..39.15 rows=10 width=4)
	        Index Cond: ((id >= 8246859) AND (id <= 8246868))

table 4 : explain SELECT SUM(k) FROM sbtest4 WHERE id BETWEEN 5683873 AND 5683882
	Aggregate  (cost=38.90..38.91 rows=1 width=8)
	  ->  Index Scan using sbtest4_pkey on sbtest4  (cost=0.43..38.88 rows=10 width=4)
	        Index Cond: ((id >= 5683873) AND (id <= 5683882))

table 5 : explain SELECT SUM(k) FROM sbtest5 WHERE id BETWEEN 2753021 AND 2753030
	Aggregate  (cost=39.30..39.31 rows=1 width=8)
	  ->  Index Scan using sbtest5_pkey on sbtest5  (cost=0.43..39.28 rows=10 width=4)
	        Index Cond: ((id >= 2753021) AND (id <= 2753030))

table 6 : explain SELECT SUM(k) FROM sbtest6 WHERE id BETWEEN 715907 AND 715916
	Aggregate  (cost=36.00..36.01 rows=1 width=8)
	  ->  Index Scan using sbtest6_pkey on sbtest6  (cost=0.43..35.98 rows=9 width=4)
	        Index Cond: ((id >= 715907) AND (id <= 715916))

table 7 : explain SELECT SUM(k) FROM sbtest7 WHERE id BETWEEN 4354385 AND 4354394
	Aggregate  (cost=36.07..36.08 rows=1 width=8)
	  ->  Index Scan using sbtest7_pkey on sbtest7  (cost=0.43..36.04 rows=9 width=4)
	        Index Cond: ((id >= 4354385) AND (id <= 4354394))

table 8 : explain SELECT SUM(k) FROM sbtest8 WHERE id BETWEEN 5934491 AND 5934500
	Aggregate  (cost=39.52..39.53 rows=1 width=8)
	  ->  Index Scan using sbtest8_pkey on sbtest8  (cost=0.43..39.49 rows=10 width=4)
	        Index Cond: ((id >= 5934491) AND (id <= 5934500))

for: distinct_ranges
table 1 : explain SELECT DISTINCT c FROM sbtest1 WHERE id BETWEEN 7781452 AND 7781461 ORDER BY c
	Unique  (cost=36.18..36.23 rows=9 width=121)
	  ->  Sort  (cost=36.18..36.21 rows=9 width=121)
	        Sort Key: c
	        ->  Index Scan using sbtest1_pkey on sbtest1  (cost=0.43..36.04 rows=9 width=121)
	              Index Cond: ((id >= 7781452) AND (id <= 7781461))

table 2 : explain SELECT DISTINCT c FROM sbtest2 WHERE id BETWEEN 2804073 AND 2804082 ORDER BY c
	Unique  (cost=39.44..39.49 rows=10 width=121)
	  ->  Sort  (cost=39.44..39.46 rows=10 width=121)
	        Sort Key: c
	        ->  Index Scan using sbtest2_pkey on sbtest2  (cost=0.43..39.27 rows=10 width=121)
	              Index Cond: ((id >= 2804073) AND (id <= 2804082))

table 3 : explain SELECT DISTINCT c FROM sbtest3 WHERE id BETWEEN 4654949 AND 4654958 ORDER BY c
	Unique  (cost=39.32..39.37 rows=10 width=121)
	  ->  Sort  (cost=39.32..39.35 rows=10 width=121)
	        Sort Key: c
	        ->  Index Scan using sbtest3_pkey on sbtest3  (cost=0.43..39.15 rows=10 width=121)
	              Index Cond: ((id >= 4654949) AND (id <= 4654958))

table 4 : explain SELECT DISTINCT c FROM sbtest4 WHERE id BETWEEN 7341392 AND 7341401 ORDER BY c
	Unique  (cost=35.64..35.68 rows=9 width=121)
	  ->  Sort  (cost=35.64..35.66 rows=9 width=121)
	        Sort Key: c
	        ->  Index Scan using sbtest4_pkey on sbtest4  (cost=0.43..35.50 rows=9 width=121)
	              Index Cond: ((id >= 7341392) AND (id <= 7341401))

table 5 : explain SELECT DISTINCT c FROM sbtest5 WHERE id BETWEEN 2458456 AND 2458465 ORDER BY c
	Unique  (cost=42.89..42.95 rows=11 width=121)
	  ->  Sort  (cost=42.89..42.92 rows=11 width=121)
	        Sort Key: c
	        ->  Index Scan using sbtest5_pkey on sbtest5  (cost=0.43..42.70 rows=11 width=121)
	              Index Cond: ((id >= 2458456) AND (id <= 2458465))

table 6 : explain SELECT DISTINCT c FROM sbtest6 WHERE id BETWEEN 160410 AND 160419 ORDER BY c
	Unique  (cost=43.05..43.11 rows=11 width=121)
	  ->  Sort  (cost=43.05..43.08 rows=11 width=121)
	        Sort Key: c
	        ->  Index Scan using sbtest6_pkey on sbtest6  (cost=0.43..42.86 rows=11 width=121)
	              Index Cond: ((id >= 160410) AND (id <= 160419))

table 7 : explain SELECT DISTINCT c FROM sbtest7 WHERE id BETWEEN 5433799 AND 5433808 ORDER BY c
	Unique  (cost=39.66..39.71 rows=10 width=121)
	  ->  Sort  (cost=39.66..39.68 rows=10 width=121)
	        Sort Key: c
	        ->  Index Scan using sbtest7_pkey on sbtest7  (cost=0.43..39.49 rows=10 width=121)
	              Index Cond: ((id >= 5433799) AND (id <= 5433808))

table 8 : explain SELECT DISTINCT c FROM sbtest8 WHERE id BETWEEN 9533435 AND 9533444 ORDER BY c
	Unique  (cost=43.13..43.19 rows=11 width=121)
	  ->  Sort  (cost=43.13..43.16 rows=11 width=121)
	        Sort Key: c
	        ->  Index Scan using sbtest8_pkey on sbtest8  (cost=0.43..42.94 rows=11 width=121)
	              Index Cond: ((id >= 9533435) AND (id <= 9533444))

for: distinct_ranges
table 1 : explain SELECT DISTINCT c FROM sbtest1 WHERE id BETWEEN 2393373 AND 2393382 ORDER BY c
	Unique  (cost=39.66..39.71 rows=10 width=121)
	  ->  Sort  (cost=39.66..39.68 rows=10 width=121)
	        Sort Key: c
	        ->  Index Scan using sbtest1_pkey on sbtest1  (cost=0.43..39.49 rows=10 width=121)
	              Index Cond: ((id >= 2393373) AND (id <= 2393382))

table 2 : explain SELECT DISTINCT c FROM sbtest2 WHERE id BETWEEN 6159718 AND 6159727 ORDER BY c
	Unique  (cost=39.44..39.49 rows=10 width=121)
	  ->  Sort  (cost=39.44..39.46 rows=10 width=121)
	        Sort Key: c
	        ->  Index Scan using sbtest2_pkey on sbtest2  (cost=0.43..39.27 rows=10 width=121)
	              Index Cond: ((id >= 6159718) AND (id <= 6159727))

table 3 : explain SELECT DISTINCT c FROM sbtest3 WHERE id BETWEEN 8866291 AND 8866300 ORDER BY c
	Unique  (cost=39.32..39.37 rows=10 width=121)
	  ->  Sort  (cost=39.32..39.35 rows=10 width=121)
	        Sort Key: c
	        ->  Index Scan using sbtest3_pkey on sbtest3  (cost=0.43..39.15 rows=10 width=121)
	              Index Cond: ((id >= 8866291) AND (id <= 8866300))

table 4 : explain SELECT DISTINCT c FROM sbtest4 WHERE id BETWEEN 2806411 AND 2806420 ORDER BY c
	Unique  (cost=35.64..35.68 rows=9 width=121)
	  ->  Sort  (cost=35.64..35.66 rows=9 width=121)
	        Sort Key: c
	        ->  Index Scan using sbtest4_pkey on sbtest4  (cost=0.43..35.50 rows=9 width=121)
	              Index Cond: ((id >= 2806411) AND (id <= 2806420))

table 5 : explain SELECT DISTINCT c FROM sbtest5 WHERE id BETWEEN 437313 AND 437322 ORDER BY c
	Unique  (cost=39.45..39.50 rows=10 width=121)
	  ->  Sort  (cost=39.45..39.47 rows=10 width=121)
	        Sort Key: c
	        ->  Index Scan using sbtest5_pkey on sbtest5  (cost=0.43..39.28 rows=10 width=121)
	              Index Cond: ((id >= 437313) AND (id <= 437322))

table 6 : explain SELECT DISTINCT c FROM sbtest6 WHERE id BETWEEN 8240329 AND 8240338 ORDER BY c
	Unique  (cost=39.59..39.64 rows=10 width=121)
	  ->  Sort  (cost=39.59..39.61 rows=10 width=121)
	        Sort Key: c
	        ->  Index Scan using sbtest6_pkey on sbtest6  (cost=0.43..39.42 rows=10 width=121)
	              Index Cond: ((id >= 8240329) AND (id <= 8240338))

table 7 : explain SELECT DISTINCT c FROM sbtest7 WHERE id BETWEEN 6842787 AND 6842796 ORDER BY c
	Unique  (cost=39.66..39.71 rows=10 width=121)
	  ->  Sort  (cost=39.66..39.68 rows=10 width=121)
	        Sort Key: c
	        ->  Index Scan using sbtest7_pkey on sbtest7  (cost=0.43..39.49 rows=10 width=121)
	              Index Cond: ((id >= 6842787) AND (id <= 6842796))

table 8 : explain SELECT DISTINCT c FROM sbtest8 WHERE id BETWEEN 3032515 AND 3032524 ORDER BY c
	Unique  (cost=39.66..39.71 rows=10 width=121)
	  ->  Sort  (cost=39.66..39.69 rows=10 width=121)
	        Sort Key: c
	        ->  Index Scan using sbtest8_pkey on sbtest8  (cost=0.43..39.49 rows=10 width=121)
	              Index Cond: ((id >= 3032515) AND (id <= 3032524))

for index_updates
table 1 : explain UPDATE sbtest1 SET k=k+1 WHERE id=2844834
	Update on sbtest1  (cost=0.43..8.46 rows=0 width=0)
	  ->  Index Scan using sbtest1_pkey on sbtest1  (cost=0.43..8.46 rows=1 width=10)
	        Index Cond: (id = 2844834)

table 2 : explain UPDATE sbtest2 SET k=k+1 WHERE id=2640576
	Update on sbtest2  (cost=0.43..8.46 rows=0 width=0)
	  ->  Index Scan using sbtest2_pkey on sbtest2  (cost=0.43..8.46 rows=1 width=10)
	        Index Cond: (id = 2640576)

table 3 : explain UPDATE sbtest3 SET k=k+1 WHERE id=4770161
	Update on sbtest3  (cost=0.43..8.46 rows=0 width=0)
	  ->  Index Scan using sbtest3_pkey on sbtest3  (cost=0.43..8.46 rows=1 width=10)
	        Index Cond: (id = 4770161)

table 4 : explain UPDATE sbtest4 SET k=k+1 WHERE id=5584051
	Update on sbtest4  (cost=0.43..8.46 rows=0 width=0)
	  ->  Index Scan using sbtest4_pkey on sbtest4  (cost=0.43..8.46 rows=1 width=10)
	        Index Cond: (id = 5584051)

table 5 : explain UPDATE sbtest5 SET k=k+1 WHERE id=157456
	Update on sbtest5  (cost=0.43..8.46 rows=0 width=0)
	  ->  Index Scan using sbtest5_pkey on sbtest5  (cost=0.43..8.46 rows=1 width=10)
	        Index Cond: (id = 157456)

table 6 : explain UPDATE sbtest6 SET k=k+1 WHERE id=1759741
	Update on sbtest6  (cost=0.43..8.46 rows=0 width=0)
	  ->  Index Scan using sbtest6_pkey on sbtest6  (cost=0.43..8.46 rows=1 width=10)
	        Index Cond: (id = 1759741)

table 7 : explain UPDATE sbtest7 SET k=k+1 WHERE id=2856560
	Update on sbtest7  (cost=0.43..8.46 rows=0 width=0)
	  ->  Index Scan using sbtest7_pkey on sbtest7  (cost=0.43..8.46 rows=1 width=10)
	        Index Cond: (id = 2856560)

table 8 : explain UPDATE sbtest8 SET k=k+1 WHERE id=1697649
	Update on sbtest8  (cost=0.43..8.46 rows=0 width=0)
	  ->  Index Scan using sbtest8_pkey on sbtest8  (cost=0.43..8.46 rows=1 width=10)
	        Index Cond: (id = 1697649)

explain: for inserts :: explain INSERT INTO sbtest%u (id, k, c, pad) VALUES (%u, 13, 'foobar', 'foobar')
for point_selects
table 1 : explain SELECT c FROM sbtest1 WHERE id=1278452
	Index Scan using sbtest1_pkey on sbtest1  (cost=0.43..8.45 rows=1 width=121)
	  Index Cond: (id = 1278452)

table 2 : explain SELECT c FROM sbtest2 WHERE id=9233239
	Index Scan using sbtest2_pkey on sbtest2  (cost=0.43..8.45 rows=1 width=121)
	  Index Cond: (id = 9233239)

table 3 : explain SELECT c FROM sbtest3 WHERE id=7225910
	Index Scan using sbtest3_pkey on sbtest3  (cost=0.43..8.45 rows=1 width=121)
	  Index Cond: (id = 7225910)

table 4 : explain SELECT c FROM sbtest4 WHERE id=4606382
	Index Scan using sbtest4_pkey on sbtest4  (cost=0.43..8.45 rows=1 width=121)
	  Index Cond: (id = 4606382)

table 5 : explain SELECT c FROM sbtest5 WHERE id=5242432
	Index Scan using sbtest5_pkey on sbtest5  (cost=0.43..8.45 rows=1 width=121)
	  Index Cond: (id = 5242432)

table 6 : explain SELECT c FROM sbtest6 WHERE id=4208969
	Index Scan using sbtest6_pkey on sbtest6  (cost=0.43..8.45 rows=1 width=121)
	  Index Cond: (id = 4208969)

table 7 : explain SELECT c FROM sbtest7 WHERE id=7982492
	Index Scan using sbtest7_pkey on sbtest7  (cost=0.43..8.45 rows=1 width=121)
	  Index Cond: (id = 7982492)

table 8 : explain SELECT c FROM sbtest8 WHERE id=9576756
	Index Scan using sbtest8_pkey on sbtest8  (cost=0.43..8.45 rows=1 width=121)
	  Index Cond: (id = 9576756)

for: distinct_ranges
table 1 : explain SELECT DISTINCT c FROM sbtest1 WHERE id BETWEEN 3887571 AND 3887580 ORDER BY c
	Unique  (cost=39.66..39.71 rows=10 width=121)
	  ->  Sort  (cost=39.66..39.68 rows=10 width=121)
	        Sort Key: c
	        ->  Index Scan using sbtest1_pkey on sbtest1  (cost=0.43..39.49 rows=10 width=121)
	              Index Cond: ((id >= 3887571) AND (id <= 3887580))

table 2 : explain SELECT DISTINCT c FROM sbtest2 WHERE id BETWEEN 6623211 AND 6623220 ORDER BY c
	Unique  (cost=39.44..39.49 rows=10 width=121)
	  ->  Sort  (cost=39.44..39.46 rows=10 width=121)
	        Sort Key: c
	        ->  Index Scan using sbtest2_pkey on sbtest2  (cost=0.43..39.27 rows=10 width=121)
	              Index Cond: ((id >= 6623211) AND (id <= 6623220))

table 3 : explain SELECT DISTINCT c FROM sbtest3 WHERE id BETWEEN 167474 AND 167483 ORDER BY c
	Unique  (cost=39.32..39.37 rows=10 width=121)
	  ->  Sort  (cost=39.32..39.35 rows=10 width=121)
	        Sort Key: c
	        ->  Index Scan using sbtest3_pkey on sbtest3  (cost=0.43..39.15 rows=10 width=121)
	              Index Cond: ((id >= 167474) AND (id <= 167483))

table 4 : explain SELECT DISTINCT c FROM sbtest4 WHERE id BETWEEN 5315362 AND 5315371 ORDER BY c
	Unique  (cost=39.04..39.09 rows=10 width=121)
	  ->  Sort  (cost=39.04..39.07 rows=10 width=121)
	        Sort Key: c
	        ->  Index Scan using sbtest4_pkey on sbtest4  (cost=0.43..38.88 rows=10 width=121)
	              Index Cond: ((id >= 5315362) AND (id <= 5315371))

table 5 : explain SELECT DISTINCT c FROM sbtest5 WHERE id BETWEEN 6828870 AND 6828879 ORDER BY c
	Unique  (cost=39.45..39.50 rows=10 width=121)
	  ->  Sort  (cost=39.45..39.47 rows=10 width=121)
	        Sort Key: c
	        ->  Index Scan using sbtest5_pkey on sbtest5  (cost=0.43..39.28 rows=10 width=121)
	              Index Cond: ((id >= 6828870) AND (id <= 6828879))

table 6 : explain SELECT DISTINCT c FROM sbtest6 WHERE id BETWEEN 7840082 AND 7840091 ORDER BY c
	Unique  (cost=39.59..39.64 rows=10 width=121)
	  ->  Sort  (cost=39.59..39.61 rows=10 width=121)
	        Sort Key: c
	        ->  Index Scan using sbtest6_pkey on sbtest6  (cost=0.43..39.42 rows=10 width=121)
	              Index Cond: ((id >= 7840082) AND (id <= 7840091))

table 7 : explain SELECT DISTINCT c FROM sbtest7 WHERE id BETWEEN 2700997 AND 2701006 ORDER BY c
	Unique  (cost=43.13..43.19 rows=11 width=121)
	  ->  Sort  (cost=43.13..43.16 rows=11 width=121)
	        Sort Key: c
	        ->  Index Scan using sbtest7_pkey on sbtest7  (cost=0.43..42.94 rows=11 width=121)
	              Index Cond: ((id >= 2700997) AND (id <= 2701006))

table 8 : explain SELECT DISTINCT c FROM sbtest8 WHERE id BETWEEN 7599336 AND 7599345 ORDER BY c
	Unique  (cost=39.66..39.71 rows=10 width=121)
	  ->  Sort  (cost=39.66..39.69 rows=10 width=121)
	        Sort Key: c
	        ->  Index Scan using sbtest8_pkey on sbtest8  (cost=0.43..39.49 rows=10 width=121)
	              Index Cond: ((id >= 7599336) AND (id <= 7599345))

explain: for deletes :: explain DELETE FROM sbtest%u WHERE id=%u
for: sum_ranges
table 1 : explain SELECT SUM(k) FROM sbtest1 WHERE id BETWEEN 66625 AND 66634
	Aggregate  (cost=39.51..39.52 rows=1 width=8)
	  ->  Index Scan using sbtest1_pkey on sbtest1  (cost=0.43..39.49 rows=10 width=4)
	        Index Cond: ((id >= 66625) AND (id <= 66634))

table 2 : explain SELECT SUM(k) FROM sbtest2 WHERE id BETWEEN 8025748 AND 8025757
	Aggregate  (cost=39.29..39.30 rows=1 width=8)
	  ->  Index Scan using sbtest2_pkey on sbtest2  (cost=0.43..39.27 rows=10 width=4)
	        Index Cond: ((id >= 8025748) AND (id <= 8025757))

table 3 : explain SELECT SUM(k) FROM sbtest3 WHERE id BETWEEN 2640711 AND 2640720
	Aggregate  (cost=39.18..39.19 rows=1 width=8)
	  ->  Index Scan using sbtest3_pkey on sbtest3  (cost=0.43..39.15 rows=10 width=4)
	        Index Cond: ((id >= 2640711) AND (id <= 2640720))

table 4 : explain SELECT SUM(k) FROM sbtest4 WHERE id BETWEEN 4664018 AND 4664027
	Aggregate  (cost=35.52..35.53 rows=1 width=8)
	  ->  Index Scan using sbtest4_pkey on sbtest4  (cost=0.43..35.50 rows=9 width=4)
	        Index Cond: ((id >= 4664018) AND (id <= 4664027))

table 5 : explain SELECT SUM(k) FROM sbtest5 WHERE id BETWEEN 9710962 AND 9710971
	Aggregate  (cost=39.30..39.31 rows=1 width=8)
	  ->  Index Scan using sbtest5_pkey on sbtest5  (cost=0.43..39.28 rows=10 width=4)
	        Index Cond: ((id >= 9710962) AND (id <= 9710971))

table 6 : explain SELECT SUM(k) FROM sbtest6 WHERE id BETWEEN 5480319 AND 5480328
	Aggregate  (cost=39.45..39.46 rows=1 width=8)
	  ->  Index Scan using sbtest6_pkey on sbtest6  (cost=0.43..39.42 rows=10 width=4)
	        Index Cond: ((id >= 5480319) AND (id <= 5480328))

table 7 : explain SELECT SUM(k) FROM sbtest7 WHERE id BETWEEN 8082764 AND 8082773
	Aggregate  (cost=39.52..39.53 rows=1 width=8)
	  ->  Index Scan using sbtest7_pkey on sbtest7  (cost=0.43..39.49 rows=10 width=4)
	        Index Cond: ((id >= 8082764) AND (id <= 8082773))

table 8 : explain SELECT SUM(k) FROM sbtest8 WHERE id BETWEEN 3529049 AND 3529058
	Aggregate  (cost=39.52..39.53 rows=1 width=8)
	  ->  Index Scan using sbtest8_pkey on sbtest8  (cost=0.43..39.49 rows=10 width=4)
	        Index Cond: ((id >= 3529049) AND (id <= 3529058))

for: distinct_ranges
table 1 : explain SELECT DISTINCT c FROM sbtest1 WHERE id BETWEEN 2012741 AND 2012750 ORDER BY c
	Unique  (cost=43.13..43.18 rows=11 width=121)
	  ->  Sort  (cost=43.13..43.16 rows=11 width=121)
	        Sort Key: c
	        ->  Index Scan using sbtest1_pkey on sbtest1  (cost=0.43..42.94 rows=11 width=121)
	              Index Cond: ((id >= 2012741) AND (id <= 2012750))

table 2 : explain SELECT DISTINCT c FROM sbtest2 WHERE id BETWEEN 5466753 AND 5466762 ORDER BY c
	Unique  (cost=39.44..39.49 rows=10 width=121)
	  ->  Sort  (cost=39.44..39.46 rows=10 width=121)
	        Sort Key: c
	        ->  Index Scan using sbtest2_pkey on sbtest2  (cost=0.43..39.27 rows=10 width=121)
	              Index Cond: ((id >= 5466753) AND (id <= 5466762))

table 3 : explain SELECT DISTINCT c FROM sbtest3 WHERE id BETWEEN 4831282 AND 4831291 ORDER BY c
	Unique  (cost=39.32..39.37 rows=10 width=121)
	  ->  Sort  (cost=39.32..39.35 rows=10 width=121)
	        Sort Key: c
	        ->  Index Scan using sbtest3_pkey on sbtest3  (cost=0.43..39.15 rows=10 width=121)
	              Index Cond: ((id >= 4831282) AND (id <= 4831291))

table 4 : explain SELECT DISTINCT c FROM sbtest4 WHERE id BETWEEN 1734563 AND 1734572 ORDER BY c
	Unique  (cost=39.04..39.09 rows=10 width=121)
	  ->  Sort  (cost=39.04..39.07 rows=10 width=121)
	        Sort Key: c
	        ->  Index Scan using sbtest4_pkey on sbtest4  (cost=0.43..38.88 rows=10 width=121)
	              Index Cond: ((id >= 1734563) AND (id <= 1734572))

table 5 : explain SELECT DISTINCT c FROM sbtest5 WHERE id BETWEEN 9292364 AND 9292373 ORDER BY c
	Unique  (cost=39.45..39.50 rows=10 width=121)
	  ->  Sort  (cost=39.45..39.47 rows=10 width=121)
	        Sort Key: c
	        ->  Index Scan using sbtest5_pkey on sbtest5  (cost=0.43..39.28 rows=10 width=121)
	              Index Cond: ((id >= 9292364) AND (id <= 9292373))

table 6 : explain SELECT DISTINCT c FROM sbtest6 WHERE id BETWEEN 5867247 AND 5867256 ORDER BY c
	Unique  (cost=39.59..39.64 rows=10 width=121)
	  ->  Sort  (cost=39.59..39.61 rows=10 width=121)
	        Sort Key: c
	        ->  Index Scan using sbtest6_pkey on sbtest6  (cost=0.43..39.42 rows=10 width=121)
	              Index Cond: ((id >= 5867247) AND (id <= 5867256))

table 7 : explain SELECT DISTINCT c FROM sbtest7 WHERE id BETWEEN 3665094 AND 3665103 ORDER BY c
	Unique  (cost=39.66..39.71 rows=10 width=121)
	  ->  Sort  (cost=39.66..39.68 rows=10 width=121)
	        Sort Key: c
	        ->  Index Scan using sbtest7_pkey on sbtest7  (cost=0.43..39.49 rows=10 width=121)
	              Index Cond: ((id >= 3665094) AND (id <= 3665103))

table 8 : explain SELECT DISTINCT c FROM sbtest8 WHERE id BETWEEN 9630654 AND 9630663 ORDER BY c
	Unique  (cost=39.66..39.71 rows=10 width=121)
	  ->  Sort  (cost=39.66..39.69 rows=10 width=121)
	        Sort Key: c
	        ->  Index Scan using sbtest8_pkey on sbtest8  (cost=0.43..39.49 rows=10 width=121)
	              Index Cond: ((id >= 9630654) AND (id <= 9630663))

explain: for index_updates :: explain UPDATE sbtest%u SET k=k+1 WHERE id=%u
for index_updates
table 1 : explain UPDATE sbtest1 SET k=k+1 WHERE id=1191520
	Update on sbtest1  (cost=0.43..8.46 rows=0 width=0)
	  ->  Index Scan using sbtest1_pkey on sbtest1  (cost=0.43..8.46 rows=1 width=10)
	        Index Cond: (id = 1191520)

table 2 : explain UPDATE sbtest2 SET k=k+1 WHERE id=260151
	Update on sbtest2  (cost=0.43..8.46 rows=0 width=0)
	  ->  Index Scan using sbtest2_pkey on sbtest2  (cost=0.43..8.46 rows=1 width=10)
	        Index Cond: (id = 260151)

table 3 : explain UPDATE sbtest3 SET k=k+1 WHERE id=4611454
	Update on sbtest3  (cost=0.43..8.46 rows=0 width=0)
	  ->  Index Scan using sbtest3_pkey on sbtest3  (cost=0.43..8.46 rows=1 width=10)
	        Index Cond: (id = 4611454)

table 4 : explain UPDATE sbtest4 SET k=k+1 WHERE id=5781169
	Update on sbtest4  (cost=0.43..8.46 rows=0 width=0)
	  ->  Index Scan using sbtest4_pkey on sbtest4  (cost=0.43..8.46 rows=1 width=10)
	        Index Cond: (id = 5781169)

table 5 : explain UPDATE sbtest5 SET k=k+1 WHERE id=2395054
	Update on sbtest5  (cost=0.43..8.46 rows=0 width=0)
	  ->  Index Scan using sbtest5_pkey on sbtest5  (cost=0.43..8.46 rows=1 width=10)
	        Index Cond: (id = 2395054)

table 6 : explain UPDATE sbtest6 SET k=k+1 WHERE id=3480125
	Update on sbtest6  (cost=0.43..8.46 rows=0 width=0)
	  ->  Index Scan using sbtest6_pkey on sbtest6  (cost=0.43..8.46 rows=1 width=10)
	        Index Cond: (id = 3480125)

table 7 : explain UPDATE sbtest7 SET k=k+1 WHERE id=8316
	Update on sbtest7  (cost=0.43..8.46 rows=0 width=0)
	  ->  Index Scan using sbtest7_pkey on sbtest7  (cost=0.43..8.46 rows=1 width=10)
	        Index Cond: (id = 8316)

table 8 : explain UPDATE sbtest8 SET k=k+1 WHERE id=1136399
	Update on sbtest8  (cost=0.43..8.46 rows=0 width=0)
	  ->  Index Scan using sbtest8_pkey on sbtest8  (cost=0.43..8.46 rows=1 width=10)
	        Index Cond: (id = 1136399)

explain: for index_updates :: explain UPDATE sbtest%u SET k=k+1 WHERE id=%u
for non_index_updates
table 1 : explain UPDATE sbtest1 SET c='foobar' WHERE id=5916424
	Update on sbtest1  (cost=0.43..8.45 rows=0 width=0)
	  ->  Index Scan using sbtest1_pkey on sbtest1  (cost=0.43..8.45 rows=1 width=490)
	        Index Cond: (id = 5916424)

table 2 : explain UPDATE sbtest2 SET c='foobar' WHERE id=7286618
	Update on sbtest2  (cost=0.43..8.45 rows=0 width=0)
	  ->  Index Scan using sbtest2_pkey on sbtest2  (cost=0.43..8.45 rows=1 width=490)
	        Index Cond: (id = 7286618)

table 3 : explain UPDATE sbtest3 SET c='foobar' WHERE id=5163375
	Update on sbtest3  (cost=0.43..8.45 rows=0 width=0)
	  ->  Index Scan using sbtest3_pkey on sbtest3  (cost=0.43..8.45 rows=1 width=490)
	        Index Cond: (id = 5163375)

table 4 : explain UPDATE sbtest4 SET c='foobar' WHERE id=1635255
	Update on sbtest4  (cost=0.43..8.45 rows=0 width=0)
	  ->  Index Scan using sbtest4_pkey on sbtest4  (cost=0.43..8.45 rows=1 width=490)
	        Index Cond: (id = 1635255)

table 5 : explain UPDATE sbtest5 SET c='foobar' WHERE id=7176354
	Update on sbtest5  (cost=0.43..8.45 rows=0 width=0)
	  ->  Index Scan using sbtest5_pkey on sbtest5  (cost=0.43..8.45 rows=1 width=490)
	        Index Cond: (id = 7176354)

table 6 : explain UPDATE sbtest6 SET c='foobar' WHERE id=5219689
	Update on sbtest6  (cost=0.43..8.45 rows=0 width=0)
	  ->  Index Scan using sbtest6_pkey on sbtest6  (cost=0.43..8.45 rows=1 width=490)
	        Index Cond: (id = 5219689)

table 7 : explain UPDATE sbtest7 SET c='foobar' WHERE id=9004763
	Update on sbtest7  (cost=0.43..8.45 rows=0 width=0)
	  ->  Index Scan using sbtest7_pkey on sbtest7  (cost=0.43..8.45 rows=1 width=490)
	        Index Cond: (id = 9004763)

table 8 : explain UPDATE sbtest8 SET c='foobar' WHERE id=3613751
	Update on sbtest8  (cost=0.43..8.45 rows=0 width=0)
	  ->  Index Scan using sbtest8_pkey on sbtest8  (cost=0.43..8.45 rows=1 width=490)
	        Index Cond: (id = 3613751)

explain: for non_index_updates :: explain UPDATE sbtest%u SET c='foobar' WHERE id=%u
explain: for index_updates :: explain UPDATE sbtest%u SET k=k+1 WHERE id=%u
for point_selects
table 1 : explain SELECT c FROM sbtest1 WHERE id=9095135
	Index Scan using sbtest1_pkey on sbtest1  (cost=0.43..8.45 rows=1 width=121)
	  Index Cond: (id = 9095135)

table 2 : explain SELECT c FROM sbtest2 WHERE id=9022377
	Index Scan using sbtest2_pkey on sbtest2  (cost=0.43..8.45 rows=1 width=121)
	  Index Cond: (id = 9022377)

table 3 : explain SELECT c FROM sbtest3 WHERE id=848473
	Index Scan using sbtest3_pkey on sbtest3  (cost=0.43..8.45 rows=1 width=121)
	  Index Cond: (id = 848473)

table 4 : explain SELECT c FROM sbtest4 WHERE id=8165146
	Index Scan using sbtest4_pkey on sbtest4  (cost=0.43..8.45 rows=1 width=121)
	  Index Cond: (id = 8165146)

table 5 : explain SELECT c FROM sbtest5 WHERE id=5009209
	Index Scan using sbtest5_pkey on sbtest5  (cost=0.43..8.45 rows=1 width=121)
	  Index Cond: (id = 5009209)

table 6 : explain SELECT c FROM sbtest6 WHERE id=2277264
	Index Scan using sbtest6_pkey on sbtest6  (cost=0.43..8.45 rows=1 width=121)
	  Index Cond: (id = 2277264)

table 7 : explain SELECT c FROM sbtest7 WHERE id=2513180
	Index Scan using sbtest7_pkey on sbtest7  (cost=0.43..8.45 rows=1 width=121)
	  Index Cond: (id = 2513180)

table 8 : explain SELECT c FROM sbtest8 WHERE id=745073
	Index Scan using sbtest8_pkey on sbtest8  (cost=0.43..8.45 rows=1 width=121)
	  Index Cond: (id = 745073)

for point_selects
table 1 : explain SELECT c FROM sbtest1 WHERE id=405987
	Index Scan using sbtest1_pkey on sbtest1  (cost=0.43..8.45 rows=1 width=121)
	  Index Cond: (id = 405987)

table 2 : explain SELECT c FROM sbtest2 WHERE id=7892288
	Index Scan using sbtest2_pkey on sbtest2  (cost=0.43..8.45 rows=1 width=121)
	  Index Cond: (id = 7892288)

table 3 : explain SELECT c FROM sbtest3 WHERE id=675715
	Index Scan using sbtest3_pkey on sbtest3  (cost=0.43..8.45 rows=1 width=121)
	  Index Cond: (id = 675715)

table 4 : explain SELECT c FROM sbtest4 WHERE id=8311585
	Index Scan using sbtest4_pkey on sbtest4  (cost=0.43..8.45 rows=1 width=121)
	  Index Cond: (id = 8311585)

table 5 : explain SELECT c FROM sbtest5 WHERE id=400469
	Index Scan using sbtest5_pkey on sbtest5  (cost=0.43..8.45 rows=1 width=121)
	  Index Cond: (id = 400469)

table 6 : explain SELECT c FROM sbtest6 WHERE id=8576340
	Index Scan using sbtest6_pkey on sbtest6  (cost=0.43..8.45 rows=1 width=121)
	  Index Cond: (id = 8576340)

table 7 : explain SELECT c FROM sbtest7 WHERE id=9106906
	Index Scan using sbtest7_pkey on sbtest7  (cost=0.43..8.45 rows=1 width=121)
	  Index Cond: (id = 9106906)

table 8 : explain SELECT c FROM sbtest8 WHERE id=4600355
	Index Scan using sbtest8_pkey on sbtest8  (cost=0.43..8.45 rows=1 width=121)
	  Index Cond: (id = 4600355)

for point_selects
table 1 : explain SELECT c FROM sbtest1 WHERE id=851413
	Index Scan using sbtest1_pkey on sbtest1  (cost=0.43..8.45 rows=1 width=121)
	  Index Cond: (id = 851413)

table 2 : explain SELECT c FROM sbtest2 WHERE id=5677635
	Index Scan using sbtest2_pkey on sbtest2  (cost=0.43..8.45 rows=1 width=121)
	  Index Cond: (id = 5677635)

table 3 : explain SELECT c FROM sbtest3 WHERE id=8593256
	Index Scan using sbtest3_pkey on sbtest3  (cost=0.43..8.45 rows=1 width=121)
	  Index Cond: (id = 8593256)

table 4 : explain SELECT c FROM sbtest4 WHERE id=7046480
	Index Scan using sbtest4_pkey on sbtest4  (cost=0.43..8.45 rows=1 width=121)
	  Index Cond: (id = 7046480)

table 5 : explain SELECT c FROM sbtest5 WHERE id=4762221
	Index Scan using sbtest5_pkey on sbtest5  (cost=0.43..8.45 rows=1 width=121)
	  Index Cond: (id = 4762221)

table 6 : explain SELECT c FROM sbtest6 WHERE id=744827
	Index Scan using sbtest6_pkey on sbtest6  (cost=0.43..8.45 rows=1 width=121)
	  Index Cond: (id = 744827)

table 7 : explain SELECT c FROM sbtest7 WHERE id=514953
	Index Scan using sbtest7_pkey on sbtest7  (cost=0.43..8.45 rows=1 width=121)
	  Index Cond: (id = 514953)

table 8 : explain SELECT c FROM sbtest8 WHERE id=477200
	Index Scan using sbtest8_pkey on sbtest8  (cost=0.43..8.45 rows=1 width=121)
	  Index Cond: (id = 477200)

for inserts
table 1 : explain INSERT INTO sbtest1 (id, k, c, pad) VALUES (2292179, 13, 'foobar', 'foobar')
	Insert on sbtest1  (cost=0.00..0.01 rows=0 width=0)
	  ->  Result  (cost=0.00..0.01 rows=1 width=736)

table 2 : explain INSERT INTO sbtest2 (id, k, c, pad) VALUES (7559835, 13, 'foobar', 'foobar')
	Insert on sbtest2  (cost=0.00..0.01 rows=0 width=0)
	  ->  Result  (cost=0.00..0.01 rows=1 width=736)

table 3 : explain INSERT INTO sbtest3 (id, k, c, pad) VALUES (7466564, 13, 'foobar', 'foobar')
	Insert on sbtest3  (cost=0.00..0.01 rows=0 width=0)
	  ->  Result  (cost=0.00..0.01 rows=1 width=736)

table 4 : explain INSERT INTO sbtest4 (id, k, c, pad) VALUES (4045827, 13, 'foobar', 'foobar')
	Insert on sbtest4  (cost=0.00..0.01 rows=0 width=0)
	  ->  Result  (cost=0.00..0.01 rows=1 width=736)

table 5 : explain INSERT INTO sbtest5 (id, k, c, pad) VALUES (5193507, 13, 'foobar', 'foobar')
	Insert on sbtest5  (cost=0.00..0.01 rows=0 width=0)
	  ->  Result  (cost=0.00..0.01 rows=1 width=736)

table 6 : explain INSERT INTO sbtest6 (id, k, c, pad) VALUES (6942052, 13, 'foobar', 'foobar')
	Insert on sbtest6  (cost=0.00..0.01 rows=0 width=0)
	  ->  Result  (cost=0.00..0.01 rows=1 width=736)

table 7 : explain INSERT INTO sbtest7 (id, k, c, pad) VALUES (1688167, 13, 'foobar', 'foobar')
	Insert on sbtest7  (cost=0.00..0.01 rows=0 width=0)
	  ->  Result  (cost=0.00..0.01 rows=1 width=736)

table 8 : explain INSERT INTO sbtest8 (id, k, c, pad) VALUES (5370287, 13, 'foobar', 'foobar')
	Insert on sbtest8  (cost=0.00..0.01 rows=0 width=0)
	  ->  Result  (cost=0.00..0.01 rows=1 width=736)

explain: for deletes :: explain DELETE FROM sbtest%u WHERE id=%uexplain: for index_updates :: explain UPDATE sbtest%u SET k=k+1 WHERE id=%u

for deletes
table 1 : explain DELETE FROM sbtest1 WHERE id=2548485
	Delete on sbtest1  (cost=0.43..8.45 rows=0 width=0)
	  ->  Index Scan using sbtest1_pkey on sbtest1  (cost=0.43..8.45 rows=1 width=6)
	        Index Cond: (id = 2548485)

table 2 : explain DELETE FROM sbtest2 WHERE id=7211752
	Delete on sbtest2  (cost=0.43..8.45 rows=0 width=0)
	  ->  Index Scan using sbtest2_pkey on sbtest2  (cost=0.43..8.45 rows=1 width=6)
	        Index Cond: (id = 7211752)

table 3 : explain DELETE FROM sbtest3 WHERE id=2957791
	Delete on sbtest3  (cost=0.43..8.45 rows=0 width=0)
	  ->  Index Scan using sbtest3_pkey on sbtest3  (cost=0.43..8.45 rows=1 width=6)
	        Index Cond: (id = 2957791)

table 4 : explain DELETE FROM sbtest4 WHERE id=4031974
	Delete on sbtest4  (cost=0.43..8.45 rows=0 width=0)
	  ->  Index Scan using sbtest4_pkey on sbtest4  (cost=0.43..8.45 rows=1 width=6)
	        Index Cond: (id = 4031974)

table 5 : explain DELETE FROM sbtest5 WHERE id=6373885
	Delete on sbtest5  (cost=0.43..8.45 rows=0 width=0)
	  ->  Index Scan using sbtest5_pkey on sbtest5  (cost=0.43..8.45 rows=1 width=6)
	        Index Cond: (id = 6373885)

table 6 : explain DELETE FROM sbtest6 WHERE id=7225825
	Delete on sbtest6  (cost=0.43..8.45 rows=0 width=0)
	  ->  Index Scan using sbtest6_pkey on sbtest6  (cost=0.43..8.45 rows=1 width=6)
	        Index Cond: (id = 7225825)

table 7 : explain DELETE FROM sbtest7 WHERE id=641970
	Delete on sbtest7  (cost=0.43..8.45 rows=0 width=0)
	  ->  Index Scan using sbtest7_pkey on sbtest7  (cost=0.43..8.45 rows=1 width=6)
	        Index Cond: (id = 641970)

table 8 : explain DELETE FROM sbtest8 WHERE id=8576935
	Delete on sbtest8  (cost=0.43..8.45 rows=0 width=0)
	  ->  Index Scan using sbtest8_pkey on sbtest8  (cost=0.43..8.45 rows=1 width=6)
	        Index Cond: (id = 8576935)

explain: for non_index_updates :: explain UPDATE sbtest%u SET c='foobar' WHERE id=%u
for: simple_ranges
table 1 : explain SELECT c FROM sbtest1 WHERE id BETWEEN 1683906 AND 1683915
	Index Scan using sbtest1_pkey on sbtest1  (cost=0.43..39.49 rows=10 width=121)
	  Index Cond: ((id >= 1683906) AND (id <= 1683915))

table 2 : explain SELECT c FROM sbtest2 WHERE id BETWEEN 6502901 AND 6502910
	Index Scan using sbtest2_pkey on sbtest2  (cost=0.43..39.27 rows=10 width=121)
	  Index Cond: ((id >= 6502901) AND (id <= 6502910))

table 3 : explain SELECT c FROM sbtest3 WHERE id BETWEEN 4869044 AND 4869053
	Index Scan using sbtest3_pkey on sbtest3  (cost=0.43..39.15 rows=10 width=121)
	  Index Cond: ((id >= 4869044) AND (id <= 4869053))

table 4 : explain SELECT c FROM sbtest4 WHERE id BETWEEN 3363947 AND 3363956
	Index Scan using sbtest4_pkey on sbtest4  (cost=0.43..42.26 rows=11 width=121)
	  Index Cond: ((id >= 3363947) AND (id <= 3363956))

table 5 : explain SELECT c FROM sbtest5 WHERE id BETWEEN 7646030 AND 7646039
	Index Scan using sbtest5_pkey on sbtest5  (cost=0.43..39.28 rows=10 width=121)
	  Index Cond: ((id >= 7646030) AND (id <= 7646039))

table 6 : explain SELECT c FROM sbtest6 WHERE id BETWEEN 6221501 AND 6221510
	Index Scan using sbtest6_pkey on sbtest6  (cost=0.43..35.98 rows=9 width=121)
	  Index Cond: ((id >= 6221501) AND (id <= 6221510))

table 7 : explain SELECT c FROM sbtest7 WHERE id BETWEEN 4048763 AND 4048772
	Index Scan using sbtest7_pkey on sbtest7  (cost=0.43..36.04 rows=9 width=121)
	  Index Cond: ((id >= 4048763) AND (id <= 4048772))

table 8 : explain SELECT c FROM sbtest8 WHERE id BETWEEN 2045435 AND 2045444
	Index Scan using sbtest8_pkey on sbtest8  (cost=0.43..39.49 rows=10 width=121)
	  Index Cond: ((id >= 2045435) AND (id <= 2045444))

for point_selects
table 1 : explain SELECT c FROM sbtest1 WHERE id=5553220
	Index Scan using sbtest1_pkey on sbtest1  (cost=0.43..8.45 rows=1 width=121)
	  Index Cond: (id = 5553220)

table 2 : explain SELECT c FROM sbtest2 WHERE id=1825470
	Index Scan using sbtest2_pkey on sbtest2  (cost=0.43..8.45 rows=1 width=121)
	  Index Cond: (id = 1825470)

table 3 : explain SELECT c FROM sbtest3 WHERE id=1507233
	Index Scan using sbtest3_pkey on sbtest3  (cost=0.43..8.45 rows=1 width=121)
	  Index Cond: (id = 1507233)

table 4 : explain SELECT c FROM sbtest4 WHERE id=3301720
	Index Scan using sbtest4_pkey on sbtest4  (cost=0.43..8.45 rows=1 width=121)
	  Index Cond: (id = 3301720)

table 5 : explain SELECT c FROM sbtest5 WHERE id=4771733
	Index Scan using sbtest5_pkey on sbtest5  (cost=0.43..8.45 rows=1 width=121)
	  Index Cond: (id = 4771733)

table 6 : explain SELECT c FROM sbtest6 WHERE id=121637
	Index Scan using sbtest6_pkey on sbtest6  (cost=0.43..8.45 rows=1 width=121)
	  Index Cond: (id = 121637)

table 7 : explain SELECT c FROM sbtest7 WHERE id=3505618
	Index Scan using sbtest7_pkey on sbtest7  (cost=0.43..8.45 rows=1 width=121)
	  Index Cond: (id = 3505618)

table 8 : explain SELECT c FROM sbtest8 WHERE id=7453125
	Index Scan using sbtest8_pkey on sbtest8  (cost=0.43..8.45 rows=1 width=121)
	  Index Cond: (id = 7453125)

for index_updates
table 1 : explain UPDATE sbtest1 SET k=k+1 WHERE id=4257145
	Update on sbtest1  (cost=0.43..8.46 rows=0 width=0)
	  ->  Index Scan using sbtest1_pkey on sbtest1  (cost=0.43..8.46 rows=1 width=10)
	        Index Cond: (id = 4257145)

table 2 : explain UPDATE sbtest2 SET k=k+1 WHERE id=1726933
	Update on sbtest2  (cost=0.43..8.46 rows=0 width=0)
	  ->  Index Scan using sbtest2_pkey on sbtest2  (cost=0.43..8.46 rows=1 width=10)
	        Index Cond: (id = 1726933)

table 3 : explain UPDATE sbtest3 SET k=k+1 WHERE id=6867894
	Update on sbtest3  (cost=0.43..8.46 rows=0 width=0)
	  ->  Index Scan using sbtest3_pkey on sbtest3  (cost=0.43..8.46 rows=1 width=10)
	        Index Cond: (id = 6867894)

table 4 : explain UPDATE sbtest4 SET k=k+1 WHERE id=9135871
	Update on sbtest4  (cost=0.43..8.46 rows=0 width=0)
	  ->  Index Scan using sbtest4_pkey on sbtest4  (cost=0.43..8.46 rows=1 width=10)
	        Index Cond: (id = 9135871)

table 5 : explain UPDATE sbtest5 SET k=k+1 WHERE id=9906824
	Update on sbtest5  (cost=0.43..8.46 rows=0 width=0)
	  ->  Index Scan using sbtest5_pkey on sbtest5  (cost=0.43..8.46 rows=1 width=10)
	        Index Cond: (id = 9906824)

table 6 : explain UPDATE sbtest6 SET k=k+1 WHERE id=6205606
	Update on sbtest6  (cost=0.43..8.46 rows=0 width=0)
	  ->  Index Scan using sbtest6_pkey on sbtest6  (cost=0.43..8.46 rows=1 width=10)
	        Index Cond: (id = 6205606)

table 7 : explain UPDATE sbtest7 SET k=k+1 WHERE id=5673950
	Update on sbtest7  (cost=0.43..8.46 rows=0 width=0)
	  ->  Index Scan using sbtest7_pkey on sbtest7  (cost=0.43..8.46 rows=1 width=10)
	        Index Cond: (id = 5673950)

table 8 : explain UPDATE sbtest8 SET k=k+1 WHERE id=8371464
	Update on sbtest8  (cost=0.43..8.46 rows=0 width=0)
	  ->  Index Scan using sbtest8_pkey on sbtest8  (cost=0.43..8.46 rows=1 width=10)
	        Index Cond: (id = 8371464)

for non_index_updates
table 1 : explain UPDATE sbtest1 SET c='foobar' WHERE id=9900254
	Update on sbtest1  (cost=0.43..8.45 rows=0 width=0)
	  ->  Index Scan using sbtest1_pkey on sbtest1  (cost=0.43..8.45 rows=1 width=490)
	        Index Cond: (id = 9900254)

table 2 : explain UPDATE sbtest2 SET c='foobar' WHERE id=9298639
	Update on sbtest2  (cost=0.43..8.45 rows=0 width=0)
	  ->  Index Scan using sbtest2_pkey on sbtest2  (cost=0.43..8.45 rows=1 width=490)
	        Index Cond: (id = 9298639)

table 3 : explain UPDATE sbtest3 SET c='foobar' WHERE id=7339422
	Update on sbtest3  (cost=0.43..8.45 rows=0 width=0)
	  ->  Index Scan using sbtest3_pkey on sbtest3  (cost=0.43..8.45 rows=1 width=490)
	        Index Cond: (id = 7339422)

table 4 : explain UPDATE sbtest4 SET c='foobar' WHERE id=1933150
	Update on sbtest4  (cost=0.43..8.45 rows=0 width=0)
	  ->  Index Scan using sbtest4_pkey on sbtest4  (cost=0.43..8.45 rows=1 width=490)
	        Index Cond: (id = 1933150)

table 5 : explain UPDATE sbtest5 SET c='foobar' WHERE id=270673
	Update on sbtest5  (cost=0.43..8.45 rows=0 width=0)
	  ->  Index Scan using sbtest5_pkey on sbtest5  (cost=0.43..8.45 rows=1 width=490)
	        Index Cond: (id = 270673)

table 6 : explain UPDATE sbtest6 SET c='foobar' WHERE id=3880993
	Update on sbtest6  (cost=0.43..8.45 rows=0 width=0)
	  ->  Index Scan using sbtest6_pkey on sbtest6  (cost=0.43..8.45 rows=1 width=490)
	        Index Cond: (id = 3880993)

table 7 : explain UPDATE sbtest7 SET c='foobar' WHERE id=4598626
	Update on sbtest7  (cost=0.43..8.45 rows=0 width=0)
	  ->  Index Scan using sbtest7_pkey on sbtest7  (cost=0.43..8.45 rows=1 width=490)
	        Index Cond: (id = 4598626)

table 8 : explain UPDATE sbtest8 SET c='foobar' WHERE id=1625863
	Update on sbtest8  (cost=0.43..8.45 rows=0 width=0)
	  ->  Index Scan using sbtest8_pkey on sbtest8  (cost=0.43..8.45 rows=1 width=490)
	        Index Cond: (id = 1625863)

for index_updates
table 1 : explain UPDATE sbtest1 SET k=k+1 WHERE id=9934882
	Update on sbtest1  (cost=0.43..8.46 rows=0 width=0)
	  ->  Index Scan using sbtest1_pkey on sbtest1  (cost=0.43..8.46 rows=1 width=10)
	        Index Cond: (id = 9934882)

table 2 : explain UPDATE sbtest2 SET k=k+1 WHERE id=8073530
	Update on sbtest2  (cost=0.43..8.46 rows=0 width=0)
	  ->  Index Scan using sbtest2_pkey on sbtest2  (cost=0.43..8.46 rows=1 width=10)
	        Index Cond: (id = 8073530)

table 3 : explain UPDATE sbtest3 SET k=k+1 WHERE id=2115742
	Update on sbtest3  (cost=0.43..8.46 rows=0 width=0)
	  ->  Index Scan using sbtest3_pkey on sbtest3  (cost=0.43..8.46 rows=1 width=10)
	        Index Cond: (id = 2115742)

table 4 : explain UPDATE sbtest4 SET k=k+1 WHERE id=270226
	Update on sbtest4  (cost=0.43..8.46 rows=0 width=0)
	  ->  Index Scan using sbtest4_pkey on sbtest4  (cost=0.43..8.46 rows=1 width=10)
	        Index Cond: (id = 270226)

table 5 : explain UPDATE sbtest5 SET k=k+1 WHERE id=1868
	Update on sbtest5  (cost=0.43..8.46 rows=0 width=0)
	  ->  Index Scan using sbtest5_pkey on sbtest5  (cost=0.43..8.46 rows=1 width=10)
	        Index Cond: (id = 1868)

table 6 : explain UPDATE sbtest6 SET k=k+1 WHERE id=5335469
	Update on sbtest6  (cost=0.43..8.46 rows=0 width=0)
	  ->  Index Scan using sbtest6_pkey on sbtest6  (cost=0.43..8.46 rows=1 width=10)
	        Index Cond: (id = 5335469)

table 7 : explain UPDATE sbtest7 SET k=k+1 WHERE id=3204972
	Update on sbtest7  (cost=0.43..8.46 rows=0 width=0)
	  ->  Index Scan using sbtest7_pkey on sbtest7  (cost=0.43..8.46 rows=1 width=10)
	        Index Cond: (id = 3204972)

table 8 : explain UPDATE sbtest8 SET k=k+1 WHERE id=9471966
	Update on sbtest8  (cost=0.43..8.46 rows=0 width=0)
	  ->  Index Scan using sbtest8_pkey on sbtest8  (cost=0.43..8.46 rows=1 width=10)
	        Index Cond: (id = 9471966)

for: simple_ranges
table 1 : explain SELECT c FROM sbtest1 WHERE id BETWEEN 6398410 AND 6398419
	Index Scan using sbtest1_pkey on sbtest1  (cost=0.43..42.94 rows=11 width=121)
	  Index Cond: ((id >= 6398410) AND (id <= 6398419))

table 2 : explain SELECT c FROM sbtest2 WHERE id BETWEEN 550995 AND 551004
	Index Scan using sbtest2_pkey on sbtest2  (cost=0.43..35.85 rows=9 width=121)
	  Index Cond: ((id >= 550995) AND (id <= 551004))

table 3 : explain SELECT c FROM sbtest3 WHERE id BETWEEN 4893238 AND 4893247
	Index Scan using sbtest3_pkey on sbtest3  (cost=0.43..35.74 rows=9 width=121)
	  Index Cond: ((id >= 4893238) AND (id <= 4893247))

table 4 : explain SELECT c FROM sbtest4 WHERE id BETWEEN 6955898 AND 6955907
	Index Scan using sbtest4_pkey on sbtest4  (cost=0.43..38.88 rows=10 width=121)
	  Index Cond: ((id >= 6955898) AND (id <= 6955907))

table 5 : explain SELECT c FROM sbtest5 WHERE id BETWEEN 6249048 AND 6249057
	Index Scan using sbtest5_pkey on sbtest5  (cost=0.43..39.28 rows=10 width=121)
	  Index Cond: ((id >= 6249048) AND (id <= 6249057))

table 6 : explain SELECT c FROM sbtest6 WHERE id BETWEEN 5427914 AND 5427923
	Index Scan using sbtest6_pkey on sbtest6  (cost=0.43..39.42 rows=10 width=121)
	  Index Cond: ((id >= 5427914) AND (id <= 5427923))

table 7 : explain SELECT c FROM sbtest7 WHERE id BETWEEN 9160739 AND 9160748
	Index Scan using sbtest7_pkey on sbtest7  (cost=0.43..42.94 rows=11 width=121)
	  Index Cond: ((id >= 9160739) AND (id <= 9160748))

table 8 : explain SELECT c FROM sbtest8 WHERE id BETWEEN 2450598 AND 2450607
	Index Scan using sbtest8_pkey on sbtest8  (cost=0.43..39.49 rows=10 width=121)
	  Index Cond: ((id >= 2450598) AND (id <= 2450607))

for index_updates
table 1 : explain UPDATE sbtest1 SET k=k+1 WHERE id=830693
	Update on sbtest1  (cost=0.43..8.46 rows=0 width=0)
	  ->  Index Scan using sbtest1_pkey on sbtest1  (cost=0.43..8.46 rows=1 width=10)
	        Index Cond: (id = 830693)

table 2 : explain UPDATE sbtest2 SET k=k+1 WHERE id=289063
	Update on sbtest2  (cost=0.43..8.46 rows=0 width=0)
	  ->  Index Scan using sbtest2_pkey on sbtest2  (cost=0.43..8.46 rows=1 width=10)
	        Index Cond: (id = 289063)

table 3 : explain UPDATE sbtest3 SET k=k+1 WHERE id=6975057
	Update on sbtest3  (cost=0.43..8.46 rows=0 width=0)
	  ->  Index Scan using sbtest3_pkey on sbtest3  (cost=0.43..8.46 rows=1 width=10)
	        Index Cond: (id = 6975057)

table 4 : explain UPDATE sbtest4 SET k=k+1 WHERE id=2673790
	Update on sbtest4  (cost=0.43..8.46 rows=0 width=0)
	  ->  Index Scan using sbtest4_pkey on sbtest4  (cost=0.43..8.46 rows=1 width=10)
	        Index Cond: (id = 2673790)

table 5 : explain UPDATE sbtest5 SET k=k+1 WHERE id=559076
	Update on sbtest5  (cost=0.43..8.46 rows=0 width=0)
	  ->  Index Scan using sbtest5_pkey on sbtest5  (cost=0.43..8.46 rows=1 width=10)
	        Index Cond: (id = 559076)

table 6 : explain UPDATE sbtest6 SET k=k+1 WHERE id=6844926
	Update on sbtest6  (cost=0.43..8.46 rows=0 width=0)
	  ->  Index Scan using sbtest6_pkey on sbtest6  (cost=0.43..8.46 rows=1 width=10)
	        Index Cond: (id = 6844926)

table 7 : explain UPDATE sbtest7 SET k=k+1 WHERE id=5024650
	Update on sbtest7  (cost=0.43..8.46 rows=0 width=0)
	  ->  Index Scan using sbtest7_pkey on sbtest7  (cost=0.43..8.46 rows=1 width=10)
	        Index Cond: (id = 5024650)

table 8 : explain UPDATE sbtest8 SET k=k+1 WHERE id=9650450
	Update on sbtest8  (cost=0.43..8.46 rows=0 width=0)
	  ->  Index Scan using sbtest8_pkey on sbtest8  (cost=0.43..8.46 rows=1 width=10)
	        Index Cond: (id = 9650450)

for deletes
table 1 : explain DELETE FROM sbtest1 WHERE id=5597869
	Delete on sbtest1  (cost=0.43..8.45 rows=0 width=0)
	  ->  Index Scan using sbtest1_pkey on sbtest1  (cost=0.43..8.45 rows=1 width=6)
	        Index Cond: (id = 5597869)

table 2 : explain DELETE FROM sbtest2 WHERE id=6689854
	Delete on sbtest2  (cost=0.43..8.45 rows=0 width=0)
	  ->  Index Scan using sbtest2_pkey on sbtest2  (cost=0.43..8.45 rows=1 width=6)
	        Index Cond: (id = 6689854)

table 3 : explain DELETE FROM sbtest3 WHERE id=6830972
	Delete on sbtest3  (cost=0.43..8.45 rows=0 width=0)
	  ->  Index Scan using sbtest3_pkey on sbtest3  (cost=0.43..8.45 rows=1 width=6)
	        Index Cond: (id = 6830972)

table 4 : explain DELETE FROM sbtest4 WHERE id=9609929
	Delete on sbtest4  (cost=0.43..8.45 rows=0 width=0)
	  ->  Index Scan using sbtest4_pkey on sbtest4  (cost=0.43..8.45 rows=1 width=6)
	        Index Cond: (id = 9609929)

table 5 : explain DELETE FROM sbtest5 WHERE id=4766762
	Delete on sbtest5  (cost=0.43..8.45 rows=0 width=0)
	  ->  Index Scan using sbtest5_pkey on sbtest5  (cost=0.43..8.45 rows=1 width=6)
	        Index Cond: (id = 4766762)

table 6 : explain DELETE FROM sbtest6 WHERE id=7687507
	Delete on sbtest6  (cost=0.43..8.45 rows=0 width=0)
	  ->  Index Scan using sbtest6_pkey on sbtest6  (cost=0.43..8.45 rows=1 width=6)
	        Index Cond: (id = 7687507)

table 7 : explain DELETE FROM sbtest7 WHERE id=1641074
	Delete on sbtest7  (cost=0.43..8.45 rows=0 width=0)
	  ->  Index Scan using sbtest7_pkey on sbtest7  (cost=0.43..8.45 rows=1 width=6)
	        Index Cond: (id = 1641074)

table 8 : explain DELETE FROM sbtest8 WHERE id=3443891
	Delete on sbtest8  (cost=0.43..8.45 rows=0 width=0)
	  ->  Index Scan using sbtest8_pkey on sbtest8  (cost=0.43..8.45 rows=1 width=6)
	        Index Cond: (id = 3443891)

for: order_ranges
table 1 : explain SELECT c FROM sbtest1 WHERE id BETWEEN 2236848 AND 2236857 ORDER BY c
	Sort  (cost=43.13..43.16 rows=11 width=121)
	  Sort Key: c
	  ->  Index Scan using sbtest1_pkey on sbtest1  (cost=0.43..42.94 rows=11 width=121)
	        Index Cond: ((id >= 2236848) AND (id <= 2236857))

table 2 : explain SELECT c FROM sbtest2 WHERE id BETWEEN 4750716 AND 4750725 ORDER BY c
	Sort  (cost=35.99..36.01 rows=9 width=121)
	  Sort Key: c
	  ->  Index Scan using sbtest2_pkey on sbtest2  (cost=0.43..35.85 rows=9 width=121)
	        Index Cond: ((id >= 4750716) AND (id <= 4750725))

table 3 : explain SELECT c FROM sbtest3 WHERE id BETWEEN 2829787 AND 2829796 ORDER BY c
	Sort  (cost=35.89..35.91 rows=9 width=121)
	  Sort Key: c
	  ->  Index Scan using sbtest3_pkey on sbtest3  (cost=0.43..35.74 rows=9 width=121)
	        Index Cond: ((id >= 2829787) AND (id <= 2829796))

table 4 : explain SELECT c FROM sbtest4 WHERE id BETWEEN 7357097 AND 7357106 ORDER BY c
	Sort  (cost=35.64..35.66 rows=9 width=121)
	  Sort Key: c
	  ->  Index Scan using sbtest4_pkey on sbtest4  (cost=0.43..35.50 rows=9 width=121)
	        Index Cond: ((id >= 7357097) AND (id <= 7357106))

table 5 : explain SELECT c FROM sbtest5 WHERE id BETWEEN 863866 AND 863875 ORDER BY c
	Sort  (cost=39.45..39.47 rows=10 width=121)
	  Sort Key: c
	  ->  Index Scan using sbtest5_pkey on sbtest5  (cost=0.43..39.28 rows=10 width=121)
	        Index Cond: ((id >= 863866) AND (id <= 863875))

table 6 : explain SELECT c FROM sbtest6 WHERE id BETWEEN 3131974 AND 3131983 ORDER BY c
	Sort  (cost=39.59..39.61 rows=10 width=121)
	  Sort Key: c
	  ->  Index Scan using sbtest6_pkey on sbtest6  (cost=0.43..39.42 rows=10 width=121)
	        Index Cond: ((id >= 3131974) AND (id <= 3131983))

table 7 : explain SELECT c FROM sbtest7 WHERE id BETWEEN 9249971 AND 9249980 ORDER BY c
	Sort  (cost=39.66..39.68 rows=10 width=121)
	  Sort Key: c
	  ->  Index Scan using sbtest7_pkey on sbtest7  (cost=0.43..39.49 rows=10 width=121)
	        Index Cond: ((id >= 9249971) AND (id <= 9249980))

table 8 : explain SELECT c FROM sbtest8 WHERE id BETWEEN 4564310 AND 4564319 ORDER BY c
	Sort  (cost=39.66..39.69 rows=10 width=121)
	  Sort Key: c
	  ->  Index Scan using sbtest8_pkey on sbtest8  (cost=0.43..39.49 rows=10 width=121)
	        Index Cond: ((id >= 4564310) AND (id <= 4564319))

for: order_ranges
table 1 : explain SELECT c FROM sbtest1 WHERE id BETWEEN 9870305 AND 9870314 ORDER BY c
	Sort  (cost=39.66..39.68 rows=10 width=121)
	  Sort Key: c
	  ->  Index Scan using sbtest1_pkey on sbtest1  (cost=0.43..39.49 rows=10 width=121)
	        Index Cond: ((id >= 9870305) AND (id <= 9870314))

table 2 : explain SELECT c FROM sbtest2 WHERE id BETWEEN 8707476 AND 8707485 ORDER BY c
	Sort  (cost=39.44..39.46 rows=10 width=121)
	  Sort Key: c
	  ->  Index Scan using sbtest2_pkey on sbtest2  (cost=0.43..39.27 rows=10 width=121)
	        Index Cond: ((id >= 8707476) AND (id <= 8707485))

table 3 : explain SELECT c FROM sbtest3 WHERE id BETWEEN 2169895 AND 2169904 ORDER BY c
	Sort  (cost=39.32..39.35 rows=10 width=121)
	  Sort Key: c
	  ->  Index Scan using sbtest3_pkey on sbtest3  (cost=0.43..39.15 rows=10 width=121)
	        Index Cond: ((id >= 2169895) AND (id <= 2169904))

table 4 : explain SELECT c FROM sbtest4 WHERE id BETWEEN 3733816 AND 3733825 ORDER BY c
	Sort  (cost=39.04..39.07 rows=10 width=121)
	  Sort Key: c
	  ->  Index Scan using sbtest4_pkey on sbtest4  (cost=0.43..38.88 rows=10 width=121)
	        Index Cond: ((id >= 3733816) AND (id <= 3733825))

table 5 : explain SELECT c FROM sbtest5 WHERE id BETWEEN 3898969 AND 3898978 ORDER BY c
	Sort  (cost=36.00..36.02 rows=9 width=121)
	  Sort Key: c
	  ->  Index Scan using sbtest5_pkey on sbtest5  (cost=0.43..35.85 rows=9 width=121)
	        Index Cond: ((id >= 3898969) AND (id <= 3898978))

table 6 : explain SELECT c FROM sbtest6 WHERE id BETWEEN 3636151 AND 3636160 ORDER BY c
	Sort  (cost=39.59..39.61 rows=10 width=121)
	  Sort Key: c
	  ->  Index Scan using sbtest6_pkey on sbtest6  (cost=0.43..39.42 rows=10 width=121)
	        Index Cond: ((id >= 3636151) AND (id <= 3636160))

table 7 : explain SELECT c FROM sbtest7 WHERE id BETWEEN 4514006 AND 4514015 ORDER BY c
	Sort  (cost=43.13..43.16 rows=11 width=121)
	  Sort Key: c
	  ->  Index Scan using sbtest7_pkey on sbtest7  (cost=0.43..42.94 rows=11 width=121)
	        Index Cond: ((id >= 4514006) AND (id <= 4514015))

table 8 : explain SELECT c FROM sbtest8 WHERE id BETWEEN 3067975 AND 3067984 ORDER BY c
	Sort  (cost=39.66..39.69 rows=10 width=121)
	  Sort Key: c
	  ->  Index Scan using sbtest8_pkey on sbtest8  (cost=0.43..39.49 rows=10 width=121)
	        Index Cond: ((id >= 3067975) AND (id <= 3067984))

explain: for deletes :: explain DELETE FROM sbtest%u WHERE id=%u
for non_index_updates
table 1 : explain UPDATE sbtest1 SET c='foobar' WHERE id=178247
	Update on sbtest1  (cost=0.43..8.45 rows=0 width=0)
	  ->  Index Scan using sbtest1_pkey on sbtest1  (cost=0.43..8.45 rows=1 width=490)
	        Index Cond: (id = 178247)

table 2 : explain UPDATE sbtest2 SET c='foobar' WHERE id=4451739
	Update on sbtest2  (cost=0.43..8.45 rows=0 width=0)
	  ->  Index Scan using sbtest2_pkey on sbtest2  (cost=0.43..8.45 rows=1 width=490)
	        Index Cond: (id = 4451739)

table 3 : explain UPDATE sbtest3 SET c='foobar' WHERE id=5203370
	Update on sbtest3  (cost=0.43..8.45 rows=0 width=0)
	  ->  Index Scan using sbtest3_pkey on sbtest3  (cost=0.43..8.45 rows=1 width=490)
	        Index Cond: (id = 5203370)

table 4 : explain UPDATE sbtest4 SET c='foobar' WHERE id=4329896
	Update on sbtest4  (cost=0.43..8.45 rows=0 width=0)
	  ->  Index Scan using sbtest4_pkey on sbtest4  (cost=0.43..8.45 rows=1 width=490)
	        Index Cond: (id = 4329896)

table 5 : explain UPDATE sbtest5 SET c='foobar' WHERE id=1091467
	Update on sbtest5  (cost=0.43..8.45 rows=0 width=0)
	  ->  Index Scan using sbtest5_pkey on sbtest5  (cost=0.43..8.45 rows=1 width=490)
	        Index Cond: (id = 1091467)

table 6 : explain UPDATE sbtest6 SET c='foobar' WHERE id=5687123
	Update on sbtest6  (cost=0.43..8.45 rows=0 width=0)
	  ->  Index Scan using sbtest6_pkey on sbtest6  (cost=0.43..8.45 rows=1 width=490)
	        Index Cond: (id = 5687123)

table 7 : explain UPDATE sbtest7 SET c='foobar' WHERE id=5712441
	Update on sbtest7  (cost=0.43..8.45 rows=0 width=0)
	  ->  Index Scan using sbtest7_pkey on sbtest7  (cost=0.43..8.45 rows=1 width=490)
	        Index Cond: (id = 5712441)

table 8 : explain UPDATE sbtest8 SET c='foobar' WHERE id=8843421
	Update on sbtest8  (cost=0.43..8.45 rows=0 width=0)
	  ->  Index Scan using sbtest8_pkey on sbtest8  (cost=0.43..8.45 rows=1 width=490)
	        Index Cond: (id = 8843421)

for index_updates
table 1 : explain UPDATE sbtest1 SET k=k+1 WHERE id=6082965
	Update on sbtest1  (cost=0.43..8.46 rows=0 width=0)
	  ->  Index Scan using sbtest1_pkey on sbtest1  (cost=0.43..8.46 rows=1 width=10)
	        Index Cond: (id = 6082965)

table 2 : explain UPDATE sbtest2 SET k=k+1 WHERE id=715178
	Update on sbtest2  (cost=0.43..8.46 rows=0 width=0)
	  ->  Index Scan using sbtest2_pkey on sbtest2  (cost=0.43..8.46 rows=1 width=10)
	        Index Cond: (id = 715178)

table 3 : explain UPDATE sbtest3 SET k=k+1 WHERE id=2339747
	Update on sbtest3  (cost=0.43..8.46 rows=0 width=0)
	  ->  Index Scan using sbtest3_pkey on sbtest3  (cost=0.43..8.46 rows=1 width=10)
	        Index Cond: (id = 2339747)

table 4 : explain UPDATE sbtest4 SET k=k+1 WHERE id=1184991
	Update on sbtest4  (cost=0.43..8.46 rows=0 width=0)
	  ->  Index Scan using sbtest4_pkey on sbtest4  (cost=0.43..8.46 rows=1 width=10)
	        Index Cond: (id = 1184991)

table 5 : explain UPDATE sbtest5 SET k=k+1 WHERE id=2016577
	Update on sbtest5  (cost=0.43..8.46 rows=0 width=0)
	  ->  Index Scan using sbtest5_pkey on sbtest5  (cost=0.43..8.46 rows=1 width=10)
	        Index Cond: (id = 2016577)

table 6 : explain UPDATE sbtest6 SET k=k+1 WHERE id=1021752
	Update on sbtest6  (cost=0.43..8.46 rows=0 width=0)
	  ->  Index Scan using sbtest6_pkey on sbtest6  (cost=0.43..8.46 rows=1 width=10)
	        Index Cond: (id = 1021752)

table 7 : explain UPDATE sbtest7 SET k=k+1 WHERE id=3126256
	Update on sbtest7  (cost=0.43..8.46 rows=0 width=0)
	  ->  Index Scan using sbtest7_pkey on sbtest7  (cost=0.43..8.46 rows=1 width=10)
	        Index Cond: (id = 3126256)

table 8 : explain UPDATE sbtest8 SET k=k+1 WHERE id=2913256
	Update on sbtest8  (cost=0.43..8.46 rows=0 width=0)
	  ->  Index Scan using sbtest8_pkey on sbtest8  (cost=0.43..8.46 rows=1 width=10)
	        Index Cond: (id = 2913256)

explain: for inserts :: explain INSERT INTO sbtest%u (id, k, c, pad) VALUES (%u, 13, 'foobar', 'foobar')
explain: for non_index_updates :: explain UPDATE sbtest%u SET c='foobar' WHERE id=%u
explain: for non_index_updates :: explain UPDATE sbtest%u SET c='foobar' WHERE id=%u
for: order_ranges
table 1 : explain SELECT c FROM sbtest1 WHERE id BETWEEN 6617011 AND 6617020 ORDER BY c
	Sort  (cost=36.18..36.21 rows=9 width=121)
	  Sort Key: c
	  ->  Index Scan using sbtest1_pkey on sbtest1  (cost=0.43..36.04 rows=9 width=121)
	        Index Cond: ((id >= 6617011) AND (id <= 6617020))

table 2 : explain SELECT c FROM sbtest2 WHERE id BETWEEN 8246315 AND 8246324 ORDER BY c
	Sort  (cost=39.44..39.46 rows=10 width=121)
	  Sort Key: c
	  ->  Index Scan using sbtest2_pkey on sbtest2  (cost=0.43..39.27 rows=10 width=121)
	        Index Cond: ((id >= 8246315) AND (id <= 8246324))

table 3 : explain SELECT c FROM sbtest3 WHERE id BETWEEN 8178668 AND 8178677 ORDER BY c
	Sort  (cost=39.32..39.35 rows=10 width=121)
	  Sort Key: c
	  ->  Index Scan using sbtest3_pkey on sbtest3  (cost=0.43..39.15 rows=10 width=121)
	        Index Cond: ((id >= 8178668) AND (id <= 8178677))

table 4 : explain SELECT c FROM sbtest4 WHERE id BETWEEN 5457632 AND 5457641 ORDER BY c
	Sort  (cost=39.04..39.07 rows=10 width=121)
	  Sort Key: c
	  ->  Index Scan using sbtest4_pkey on sbtest4  (cost=0.43..38.88 rows=10 width=121)
	        Index Cond: ((id >= 5457632) AND (id <= 5457641))

table 5 : explain SELECT c FROM sbtest5 WHERE id BETWEEN 9989738 AND 9989747 ORDER BY c
	Sort  (cost=42.89..42.92 rows=11 width=121)
	  Sort Key: c
	  ->  Index Scan using sbtest5_pkey on sbtest5  (cost=0.43..42.70 rows=11 width=121)
	        Index Cond: ((id >= 9989738) AND (id <= 9989747))

table 6 : explain SELECT c FROM sbtest6 WHERE id BETWEEN 2388743 AND 2388752 ORDER BY c
	Sort  (cost=43.05..43.08 rows=11 width=121)
	  Sort Key: c
	  ->  Index Scan using sbtest6_pkey on sbtest6  (cost=0.43..42.86 rows=11 width=121)
	        Index Cond: ((id >= 2388743) AND (id <= 2388752))

table 7 : explain SELECT c FROM sbtest7 WHERE id BETWEEN 9145967 AND 9145976 ORDER BY c
	Sort  (cost=43.13..43.16 rows=11 width=121)
	  Sort Key: c
	  ->  Index Scan using sbtest7_pkey on sbtest7  (cost=0.43..42.94 rows=11 width=121)
	        Index Cond: ((id >= 9145967) AND (id <= 9145976))

table 8 : explain SELECT c FROM sbtest8 WHERE id BETWEEN 5184307 AND 5184316 ORDER BY c
	Sort  (cost=43.13..43.16 rows=11 width=121)
	  Sort Key: c
	  ->  Index Scan using sbtest8_pkey on sbtest8  (cost=0.43..42.94 rows=11 width=121)
	        Index Cond: ((id >= 5184307) AND (id <= 5184316))

explain: for deletes :: explain DELETE FROM sbtest%u WHERE id=%u
for: simple_ranges
table 1 : explain SELECT c FROM sbtest1 WHERE id BETWEEN 9718359 AND 9718368
	Index Scan using sbtest1_pkey on sbtest1  (cost=0.43..39.49 rows=10 width=121)
	  Index Cond: ((id >= 9718359) AND (id <= 9718368))

table 2 : explain SELECT c FROM sbtest2 WHERE id BETWEEN 2596065 AND 2596074
	Index Scan using sbtest2_pkey on sbtest2  (cost=0.43..39.27 rows=10 width=121)
	  Index Cond: ((id >= 2596065) AND (id <= 2596074))

table 3 : explain SELECT c FROM sbtest3 WHERE id BETWEEN 5614129 AND 5614138
	Index Scan using sbtest3_pkey on sbtest3  (cost=0.43..39.15 rows=10 width=121)
	  Index Cond: ((id >= 5614129) AND (id <= 5614138))

table 4 : explain SELECT c FROM sbtest4 WHERE id BETWEEN 6450440 AND 6450449
	Index Scan using sbtest4_pkey on sbtest4  (cost=0.43..38.88 rows=10 width=121)
	  Index Cond: ((id >= 6450440) AND (id <= 6450449))

table 5 : explain SELECT c FROM sbtest5 WHERE id BETWEEN 1884214 AND 1884223
	Index Scan using sbtest5_pkey on sbtest5  (cost=0.43..35.85 rows=9 width=121)
	  Index Cond: ((id >= 1884214) AND (id <= 1884223))

table 6 : explain SELECT c FROM sbtest6 WHERE id BETWEEN 3163559 AND 3163568
	Index Scan using sbtest6_pkey on sbtest6  (cost=0.43..39.42 rows=10 width=121)
	  Index Cond: ((id >= 3163559) AND (id <= 3163568))

table 7 : explain SELECT c FROM sbtest7 WHERE id BETWEEN 6256988 AND 6256997
	Index Scan using sbtest7_pkey on sbtest7  (cost=0.43..39.49 rows=10 width=121)
	  Index Cond: ((id >= 6256988) AND (id <= 6256997))

table 8 : explain SELECT c FROM sbtest8 WHERE id BETWEEN 4874426 AND 4874435
	Index Scan using sbtest8_pkey on sbtest8  (cost=0.43..39.49 rows=10 width=121)
	  Index Cond: ((id >= 4874426) AND (id <= 4874435))

for: simple_ranges
table 1 : explain SELECT c FROM sbtest1 WHERE id BETWEEN 5092586 AND 5092595
	Index Scan using sbtest1_pkey on sbtest1  (cost=0.43..46.39 rows=12 width=121)
	  Index Cond: ((id >= 5092586) AND (id <= 5092595))

table 2 : explain SELECT c FROM sbtest2 WHERE id BETWEEN 7812574 AND 7812583
	Index Scan using sbtest2_pkey on sbtest2  (cost=0.43..39.27 rows=10 width=121)
	  Index Cond: ((id >= 7812574) AND (id <= 7812583))

table 3 : explain SELECT c FROM sbtest3 WHERE id BETWEEN 5415312 AND 5415321
	Index Scan using sbtest3_pkey on sbtest3  (cost=0.43..39.15 rows=10 width=121)
	  Index Cond: ((id >= 5415312) AND (id <= 5415321))

table 4 : explain SELECT c FROM sbtest4 WHERE id BETWEEN 668137 AND 668146
	Index Scan using sbtest4_pkey on sbtest4  (cost=0.43..38.88 rows=10 width=121)
	  Index Cond: ((id >= 668137) AND (id <= 668146))

table 5 : explain SELECT c FROM sbtest5 WHERE id BETWEEN 9273392 AND 9273401
	Index Scan using sbtest5_pkey on sbtest5  (cost=0.43..39.28 rows=10 width=121)
	  Index Cond: ((id >= 9273392) AND (id <= 9273401))

table 6 : explain SELECT c FROM sbtest6 WHERE id BETWEEN 623894 AND 623903
	Index Scan using sbtest6_pkey on sbtest6  (cost=0.43..39.42 rows=10 width=121)
	  Index Cond: ((id >= 623894) AND (id <= 623903))

table 7 : explain SELECT c FROM sbtest7 WHERE id BETWEEN 3818412 AND 3818421
	Index Scan using sbtest7_pkey on sbtest7  (cost=0.43..42.94 rows=11 width=121)
	  Index Cond: ((id >= 3818412) AND (id <= 3818421))

table 8 : explain SELECT c FROM sbtest8 WHERE id BETWEEN 4905212 AND 4905221
	Index Scan using sbtest8_pkey on sbtest8  (cost=0.43..39.49 rows=10 width=121)
	  Index Cond: ((id >= 4905212) AND (id <= 4905221))

for: simple_ranges
table 1 : explain SELECT c FROM sbtest1 WHERE id BETWEEN 5132518 AND 5132527
	Index Scan using sbtest1_pkey on sbtest1  (cost=0.43..46.39 rows=12 width=121)
	  Index Cond: ((id >= 5132518) AND (id <= 5132527))

table 2 : explain SELECT c FROM sbtest2 WHERE id BETWEEN 6952721 AND 6952730
	Index Scan using sbtest2_pkey on sbtest2  (cost=0.43..39.27 rows=10 width=121)
	  Index Cond: ((id >= 6952721) AND (id <= 6952730))

table 3 : explain SELECT c FROM sbtest3 WHERE id BETWEEN 303771 AND 303780
	Index Scan using sbtest3_pkey on sbtest3  (cost=0.43..39.15 rows=10 width=121)
	  Index Cond: ((id >= 303771) AND (id <= 303780))

table 4 : explain SELECT c FROM sbtest4 WHERE id BETWEEN 4645165 AND 4645174
	Index Scan using sbtest4_pkey on sbtest4  (cost=0.43..35.50 rows=9 width=121)
	  Index Cond: ((id >= 4645165) AND (id <= 4645174))

table 5 : explain SELECT c FROM sbtest5 WHERE id BETWEEN 1552993 AND 1553002
	Index Scan using sbtest5_pkey on sbtest5  (cost=0.43..39.28 rows=10 width=121)
	  Index Cond: ((id >= 1552993) AND (id <= 1553002))

table 6 : explain SELECT c FROM sbtest6 WHERE id BETWEEN 5309966 AND 5309975
	Index Scan using sbtest6_pkey on sbtest6  (cost=0.43..35.98 rows=9 width=121)
	  Index Cond: ((id >= 5309966) AND (id <= 5309975))

table 7 : explain SELECT c FROM sbtest7 WHERE id BETWEEN 9698180 AND 9698189
	Index Scan using sbtest7_pkey on sbtest7  (cost=0.43..39.49 rows=10 width=121)
	  Index Cond: ((id >= 9698180) AND (id <= 9698189))

table 8 : explain SELECT c FROM sbtest8 WHERE id BETWEEN 4356670 AND 4356679
	Index Scan using sbtest8_pkey on sbtest8  (cost=0.43..39.49 rows=10 width=121)
	  Index Cond: ((id >= 4356670) AND (id <= 4356679))

explain: for non_index_updates :: explain UPDATE sbtest%u SET c='foobar' WHERE id=%u
explain: for inserts :: explain INSERT INTO sbtest%u (id, k, c, pad) VALUES (%u, 13, 'foobar', 'foobar')
explain: for non_index_updates :: explain UPDATE sbtest%u SET c='foobar' WHERE id=%u
for inserts
table 1 : explain INSERT INTO sbtest1 (id, k, c, pad) VALUES (4103382, 13, 'foobar', 'foobar')
	Insert on sbtest1  (cost=0.00..0.01 rows=0 width=0)
	  ->  Result  (cost=0.00..0.01 rows=1 width=736)

table 2 : explain INSERT INTO sbtest2 (id, k, c, pad) VALUES (201240, 13, 'foobar', 'foobar')
	Insert on sbtest2  (cost=0.00..0.01 rows=0 width=0)
	  ->  Result  (cost=0.00..0.01 rows=1 width=736)

table 3 : explain INSERT INTO sbtest3 (id, k, c, pad) VALUES (8085250, 13, 'foobar', 'foobar')
	Insert on sbtest3  (cost=0.00..0.01 rows=0 width=0)
	  ->  Result  (cost=0.00..0.01 rows=1 width=736)

table 4 : explain INSERT INTO sbtest4 (id, k, c, pad) VALUES (6777346, 13, 'foobar', 'foobar')
	Insert on sbtest4  (cost=0.00..0.01 rows=0 width=0)
	  ->  Result  (cost=0.00..0.01 rows=1 width=736)

table 5 : explain INSERT INTO sbtest5 (id, k, c, pad) VALUES (9152158, 13, 'foobar', 'foobar')
	Insert on sbtest5  (cost=0.00..0.01 rows=0 width=0)
	  ->  Result  (cost=0.00..0.01 rows=1 width=736)

table 6 : explain INSERT INTO sbtest6 (id, k, c, pad) VALUES (9866371, 13, 'foobar', 'foobar')
	Insert on sbtest6  (cost=0.00..0.01 rows=0 width=0)
	  ->  Result  (cost=0.00..0.01 rows=1 width=736)

table 7 : explain INSERT INTO sbtest7 (id, k, c, pad) VALUES (978463, 13, 'foobar', 'foobar')
	Insert on sbtest7  (cost=0.00..0.01 rows=0 width=0)
	  ->  Result  (cost=0.00..0.01 rows=1 width=736)

table 8 : explain INSERT INTO sbtest8 (id, k, c, pad) VALUES (4664996, 13, 'foobar', 'foobar')
	Insert on sbtest8  (cost=0.00..0.01 rows=0 width=0)
	  ->  Result  (cost=0.00..0.01 rows=1 width=736)

for deletes
table 1 : explain DELETE FROM sbtest1 WHERE id=4770522
	Delete on sbtest1  (cost=0.43..8.45 rows=0 width=0)
	  ->  Index Scan using sbtest1_pkey on sbtest1  (cost=0.43..8.45 rows=1 width=6)
	        Index Cond: (id = 4770522)

table 2 : explain DELETE FROM sbtest2 WHERE id=71404
	Delete on sbtest2  (cost=0.43..8.45 rows=0 width=0)
	  ->  Index Scan using sbtest2_pkey on sbtest2  (cost=0.43..8.45 rows=1 width=6)
	        Index Cond: (id = 71404)

table 3 : explain DELETE FROM sbtest3 WHERE id=7186530
	Delete on sbtest3  (cost=0.43..8.45 rows=0 width=0)
	  ->  Index Scan using sbtest3_pkey on sbtest3  (cost=0.43..8.45 rows=1 width=6)
	        Index Cond: (id = 7186530)

table 4 : explain DELETE FROM sbtest4 WHERE id=4664800
	Delete on sbtest4  (cost=0.43..8.45 rows=0 width=0)
	  ->  Index Scan using sbtest4_pkey on sbtest4  (cost=0.43..8.45 rows=1 width=6)
	        Index Cond: (id = 4664800)

table 5 : explain DELETE FROM sbtest5 WHERE id=2769840
	Delete on sbtest5  (cost=0.43..8.45 rows=0 width=0)
	  ->  Index Scan using sbtest5_pkey on sbtest5  (cost=0.43..8.45 rows=1 width=6)
	        Index Cond: (id = 2769840)

table 6 : explain DELETE FROM sbtest6 WHERE id=6447339
	Delete on sbtest6  (cost=0.43..8.45 rows=0 width=0)
	  ->  Index Scan using sbtest6_pkey on sbtest6  (cost=0.43..8.45 rows=1 width=6)
	        Index Cond: (id = 6447339)

table 7 : explain DELETE FROM sbtest7 WHERE id=7212550
	Delete on sbtest7  (cost=0.43..8.45 rows=0 width=0)
	  ->  Index Scan using sbtest7_pkey on sbtest7  (cost=0.43..8.45 rows=1 width=6)
	        Index Cond: (id = 7212550)

table 8 : explain DELETE FROM sbtest8 WHERE id=1799629
	Delete on sbtest8  (cost=0.43..8.45 rows=0 width=0)
	  ->  Index Scan using sbtest8_pkey on sbtest8  (cost=0.43..8.45 rows=1 width=6)
	        Index Cond: (id = 1799629)

for: simple_ranges
table 1 : explain SELECT c FROM sbtest1 WHERE id BETWEEN 4630652 AND 4630661
	Index Scan using sbtest1_pkey on sbtest1  (cost=0.43..42.94 rows=11 width=121)
	  Index Cond: ((id >= 4630652) AND (id <= 4630661))

table 2 : explain SELECT c FROM sbtest2 WHERE id BETWEEN 7891078 AND 7891087
	Index Scan using sbtest2_pkey on sbtest2  (cost=0.43..39.27 rows=10 width=121)
	  Index Cond: ((id >= 7891078) AND (id <= 7891087))

table 3 : explain SELECT c FROM sbtest3 WHERE id BETWEEN 7896927 AND 7896936
	Index Scan using sbtest3_pkey on sbtest3  (cost=0.43..39.15 rows=10 width=121)
	  Index Cond: ((id >= 7896927) AND (id <= 7896936))

table 4 : explain SELECT c FROM sbtest4 WHERE id BETWEEN 8239131 AND 8239140
	Index Scan using sbtest4_pkey on sbtest4  (cost=0.43..38.88 rows=10 width=121)
	  Index Cond: ((id >= 8239131) AND (id <= 8239140))

table 5 : explain SELECT c FROM sbtest5 WHERE id BETWEEN 6404915 AND 6404924
	Index Scan using sbtest5_pkey on sbtest5  (cost=0.43..39.28 rows=10 width=121)
	  Index Cond: ((id >= 6404915) AND (id <= 6404924))

table 6 : explain SELECT c FROM sbtest6 WHERE id BETWEEN 2561980 AND 2561989
	Index Scan using sbtest6_pkey on sbtest6  (cost=0.43..35.98 rows=9 width=121)
	  Index Cond: ((id >= 2561980) AND (id <= 2561989))

table 7 : explain SELECT c FROM sbtest7 WHERE id BETWEEN 3548241 AND 3548250
	Index Scan using sbtest7_pkey on sbtest7  (cost=0.43..39.49 rows=10 width=121)
	  Index Cond: ((id >= 3548241) AND (id <= 3548250))

table 8 : explain SELECT c FROM sbtest8 WHERE id BETWEEN 9317607 AND 9317616
	Index Scan using sbtest8_pkey on sbtest8  (cost=0.43..39.49 rows=10 width=121)
	  Index Cond: ((id >= 9317607) AND (id <= 9317616))

for non_index_updates
table 1 : explain UPDATE sbtest1 SET c='foobar' WHERE id=7285397
	Update on sbtest1  (cost=0.43..8.45 rows=0 width=0)
	  ->  Index Scan using sbtest1_pkey on sbtest1  (cost=0.43..8.45 rows=1 width=490)
	        Index Cond: (id = 7285397)

table 2 : explain UPDATE sbtest2 SET c='foobar' WHERE id=8989924
	Update on sbtest2  (cost=0.43..8.45 rows=0 width=0)
	  ->  Index Scan using sbtest2_pkey on sbtest2  (cost=0.43..8.45 rows=1 width=490)
	        Index Cond: (id = 8989924)

table 3 : explain UPDATE sbtest3 SET c='foobar' WHERE id=7975526
	Update on sbtest3  (cost=0.43..8.45 rows=0 width=0)
	  ->  Index Scan using sbtest3_pkey on sbtest3  (cost=0.43..8.45 rows=1 width=490)
	        Index Cond: (id = 7975526)

table 4 : explain UPDATE sbtest4 SET c='foobar' WHERE id=8414858
	Update on sbtest4  (cost=0.43..8.45 rows=0 width=0)
	  ->  Index Scan using sbtest4_pkey on sbtest4  (cost=0.43..8.45 rows=1 width=490)
	        Index Cond: (id = 8414858)

table 5 : explain UPDATE sbtest5 SET c='foobar' WHERE id=8378558
	Update on sbtest5  (cost=0.43..8.45 rows=0 width=0)
	  ->  Index Scan using sbtest5_pkey on sbtest5  (cost=0.43..8.45 rows=1 width=490)
	        Index Cond: (id = 8378558)

table 6 : explain UPDATE sbtest6 SET c='foobar' WHERE id=3137270
	Update on sbtest6  (cost=0.43..8.45 rows=0 width=0)
	  ->  Index Scan using sbtest6_pkey on sbtest6  (cost=0.43..8.45 rows=1 width=490)
	        Index Cond: (id = 3137270)

table 7 : explain UPDATE sbtest7 SET c='foobar' WHERE id=9401729
	Update on sbtest7  (cost=0.43..8.45 rows=0 width=0)
	  ->  Index Scan using sbtest7_pkey on sbtest7  (cost=0.43..8.45 rows=1 width=490)
	        Index Cond: (id = 9401729)

table 8 : explain UPDATE sbtest8 SET c='foobar' WHERE id=7776792
	Update on sbtest8  (cost=0.43..8.45 rows=0 width=0)
	  ->  Index Scan using sbtest8_pkey on sbtest8  (cost=0.43..8.45 rows=1 width=490)
	        Index Cond: (id = 7776792)

for deletes
table 1 : explain DELETE FROM sbtest1 WHERE id=7160108
	Delete on sbtest1  (cost=0.43..8.45 rows=0 width=0)
	  ->  Index Scan using sbtest1_pkey on sbtest1  (cost=0.43..8.45 rows=1 width=6)
	        Index Cond: (id = 7160108)

table 2 : explain DELETE FROM sbtest2 WHERE id=9061563
	Delete on sbtest2  (cost=0.43..8.45 rows=0 width=0)
	  ->  Index Scan using sbtest2_pkey on sbtest2  (cost=0.43..8.45 rows=1 width=6)
	        Index Cond: (id = 9061563)

table 3 : explain DELETE FROM sbtest3 WHERE id=7518847
	Delete on sbtest3  (cost=0.43..8.45 rows=0 width=0)
	  ->  Index Scan using sbtest3_pkey on sbtest3  (cost=0.43..8.45 rows=1 width=6)
	        Index Cond: (id = 7518847)

table 4 : explain DELETE FROM sbtest4 WHERE id=4857255
	Delete on sbtest4  (cost=0.43..8.45 rows=0 width=0)
	  ->  Index Scan using sbtest4_pkey on sbtest4  (cost=0.43..8.45 rows=1 width=6)
	        Index Cond: (id = 4857255)

table 5 : explain DELETE FROM sbtest5 WHERE id=6987211
	Delete on sbtest5  (cost=0.43..8.45 rows=0 width=0)
	  ->  Index Scan using sbtest5_pkey on sbtest5  (cost=0.43..8.45 rows=1 width=6)
	        Index Cond: (id = 6987211)

table 6 : explain DELETE FROM sbtest6 WHERE id=5430109
	Delete on sbtest6  (cost=0.43..8.45 rows=0 width=0)
	  ->  Index Scan using sbtest6_pkey on sbtest6  (cost=0.43..8.45 rows=1 width=6)
	        Index Cond: (id = 5430109)

table 7 : explain DELETE FROM sbtest7 WHERE id=6610684
	Delete on sbtest7  (cost=0.43..8.45 rows=0 width=0)
	  ->  Index Scan using sbtest7_pkey on sbtest7  (cost=0.43..8.45 rows=1 width=6)
	        Index Cond: (id = 6610684)

table 8 : explain DELETE FROM sbtest8 WHERE id=1558939
	Delete on sbtest8  (cost=0.43..8.45 rows=0 width=0)
	  ->  Index Scan using sbtest8_pkey on sbtest8  (cost=0.43..8.45 rows=1 width=6)
	        Index Cond: (id = 1558939)

for point_selects
table 1 : explain SELECT c FROM sbtest1 WHERE id=561483
	Index Scan using sbtest1_pkey on sbtest1  (cost=0.43..8.45 rows=1 width=121)
	  Index Cond: (id = 561483)

table 2 : explain SELECT c FROM sbtest2 WHERE id=2244894
	Index Scan using sbtest2_pkey on sbtest2  (cost=0.43..8.45 rows=1 width=121)
	  Index Cond: (id = 2244894)

table 3 : explain SELECT c FROM sbtest3 WHERE id=1225235
	Index Scan using sbtest3_pkey on sbtest3  (cost=0.43..8.45 rows=1 width=121)
	  Index Cond: (id = 1225235)

table 4 : explain SELECT c FROM sbtest4 WHERE id=2789368
	Index Scan using sbtest4_pkey on sbtest4  (cost=0.43..8.45 rows=1 width=121)
	  Index Cond: (id = 2789368)

table 5 : explain SELECT c FROM sbtest5 WHERE id=8978727
	Index Scan using sbtest5_pkey on sbtest5  (cost=0.43..8.45 rows=1 width=121)
	  Index Cond: (id = 8978727)

table 6 : explain SELECT c FROM sbtest6 WHERE id=3501834
	Index Scan using sbtest6_pkey on sbtest6  (cost=0.43..8.45 rows=1 width=121)
	  Index Cond: (id = 3501834)

table 7 : explain SELECT c FROM sbtest7 WHERE id=4233708
	Index Scan using sbtest7_pkey on sbtest7  (cost=0.43..8.45 rows=1 width=121)
	  Index Cond: (id = 4233708)

table 8 : explain SELECT c FROM sbtest8 WHERE id=9137534
	Index Scan using sbtest8_pkey on sbtest8  (cost=0.43..8.45 rows=1 width=121)
	  Index Cond: (id = 9137534)

for non_index_updates
table 1 : explain UPDATE sbtest1 SET c='foobar' WHERE id=974454
	Update on sbtest1  (cost=0.43..8.45 rows=0 width=0)
	  ->  Index Scan using sbtest1_pkey on sbtest1  (cost=0.43..8.45 rows=1 width=490)
	        Index Cond: (id = 974454)

table 2 : explain UPDATE sbtest2 SET c='foobar' WHERE id=2168629
	Update on sbtest2  (cost=0.43..8.45 rows=0 width=0)
	  ->  Index Scan using sbtest2_pkey on sbtest2  (cost=0.43..8.45 rows=1 width=490)
	        Index Cond: (id = 2168629)

table 3 : explain UPDATE sbtest3 SET c='foobar' WHERE id=3445554
	Update on sbtest3  (cost=0.43..8.45 rows=0 width=0)
	  ->  Index Scan using sbtest3_pkey on sbtest3  (cost=0.43..8.45 rows=1 width=490)
	        Index Cond: (id = 3445554)

table 4 : explain UPDATE sbtest4 SET c='foobar' WHERE id=6977469
	Update on sbtest4  (cost=0.43..8.45 rows=0 width=0)
	  ->  Index Scan using sbtest4_pkey on sbtest4  (cost=0.43..8.45 rows=1 width=490)
	        Index Cond: (id = 6977469)

table 5 : explain UPDATE sbtest5 SET c='foobar' WHERE id=7728307
	Update on sbtest5  (cost=0.43..8.45 rows=0 width=0)
	  ->  Index Scan using sbtest5_pkey on sbtest5  (cost=0.43..8.45 rows=1 width=490)
	        Index Cond: (id = 7728307)

table 6 : explain UPDATE sbtest6 SET c='foobar' WHERE id=4778537
	Update on sbtest6  (cost=0.43..8.45 rows=0 width=0)
	  ->  Index Scan using sbtest6_pkey on sbtest6  (cost=0.43..8.45 rows=1 width=490)
	        Index Cond: (id = 4778537)

table 7 : explain UPDATE sbtest7 SET c='foobar' WHERE id=4611713
	Update on sbtest7  (cost=0.43..8.45 rows=0 width=0)
	  ->  Index Scan using sbtest7_pkey on sbtest7  (cost=0.43..8.45 rows=1 width=490)
	        Index Cond: (id = 4611713)

table 8 : explain UPDATE sbtest8 SET c='foobar' WHERE id=5791181
	Update on sbtest8  (cost=0.43..8.45 rows=0 width=0)
	  ->  Index Scan using sbtest8_pkey on sbtest8  (cost=0.43..8.45 rows=1 width=490)
	        Index Cond: (id = 5791181)

for inserts
table 1 : explain INSERT INTO sbtest1 (id, k, c, pad) VALUES (6009550, 13, 'foobar', 'foobar')
	Insert on sbtest1  (cost=0.00..0.01 rows=0 width=0)
	  ->  Result  (cost=0.00..0.01 rows=1 width=736)

table 2 : explain INSERT INTO sbtest2 (id, k, c, pad) VALUES (5624414, 13, 'foobar', 'foobar')
	Insert on sbtest2  (cost=0.00..0.01 rows=0 width=0)
	  ->  Result  (cost=0.00..0.01 rows=1 width=736)

table 3 : explain INSERT INTO sbtest3 (id, k, c, pad) VALUES (8185065, 13, 'foobar', 'foobar')
	Insert on sbtest3  (cost=0.00..0.01 rows=0 width=0)
	  ->  Result  (cost=0.00..0.01 rows=1 width=736)

table 4 : explain INSERT INTO sbtest4 (id, k, c, pad) VALUES (5578199, 13, 'foobar', 'foobar')
	Insert on sbtest4  (cost=0.00..0.01 rows=0 width=0)
	  ->  Result  (cost=0.00..0.01 rows=1 width=736)

table 5 : explain INSERT INTO sbtest5 (id, k, c, pad) VALUES (2218284, 13, 'foobar', 'foobar')
	Insert on sbtest5  (cost=0.00..0.01 rows=0 width=0)
	  ->  Result  (cost=0.00..0.01 rows=1 width=736)

table 6 : explain INSERT INTO sbtest6 (id, k, c, pad) VALUES (7567216, 13, 'foobar', 'foobar')
	Insert on sbtest6  (cost=0.00..0.01 rows=0 width=0)
	  ->  Result  (cost=0.00..0.01 rows=1 width=736)

table 7 : explain INSERT INTO sbtest7 (id, k, c, pad) VALUES (7500463, 13, 'foobar', 'foobar')
	Insert on sbtest7  (cost=0.00..0.01 rows=0 width=0)
	  ->  Result  (cost=0.00..0.01 rows=1 width=736)

table 8 : explain INSERT INTO sbtest8 (id, k, c, pad) VALUES (7513144, 13, 'foobar', 'foobar')
	Insert on sbtest8  (cost=0.00..0.01 rows=0 width=0)
	  ->  Result  (cost=0.00..0.01 rows=1 width=736)

for: sum_ranges
table 1 : explain SELECT SUM(k) FROM sbtest1 WHERE id BETWEEN 9657319 AND 9657328
	Aggregate  (cost=39.51..39.52 rows=1 width=8)
	  ->  Index Scan using sbtest1_pkey on sbtest1  (cost=0.43..39.49 rows=10 width=4)
	        Index Cond: ((id >= 9657319) AND (id <= 9657328))

table 2 : explain SELECT SUM(k) FROM sbtest2 WHERE id BETWEEN 6883058 AND 6883067
	Aggregate  (cost=42.72..42.73 rows=1 width=8)
	  ->  Index Scan using sbtest2_pkey on sbtest2  (cost=0.43..42.69 rows=11 width=4)
	        Index Cond: ((id >= 6883058) AND (id <= 6883067))

table 3 : explain SELECT SUM(k) FROM sbtest3 WHERE id BETWEEN 634160 AND 634169
	Aggregate  (cost=35.77..35.78 rows=1 width=8)
	  ->  Index Scan using sbtest3_pkey on sbtest3  (cost=0.43..35.74 rows=9 width=4)
	        Index Cond: ((id >= 634160) AND (id <= 634169))

table 4 : explain SELECT SUM(k) FROM sbtest4 WHERE id BETWEEN 7647167 AND 7647176
	Aggregate  (cost=42.28..42.29 rows=1 width=8)
	  ->  Index Scan using sbtest4_pkey on sbtest4  (cost=0.43..42.26 rows=11 width=4)
	        Index Cond: ((id >= 7647167) AND (id <= 7647176))

table 5 : explain SELECT SUM(k) FROM sbtest5 WHERE id BETWEEN 8327220 AND 8327229
	Aggregate  (cost=39.30..39.31 rows=1 width=8)
	  ->  Index Scan using sbtest5_pkey on sbtest5  (cost=0.43..39.28 rows=10 width=4)
	        Index Cond: ((id >= 8327220) AND (id <= 8327229))

table 6 : explain SELECT SUM(k) FROM sbtest6 WHERE id BETWEEN 5620608 AND 5620617
	Aggregate  (cost=39.45..39.46 rows=1 width=8)
	  ->  Index Scan using sbtest6_pkey on sbtest6  (cost=0.43..39.42 rows=10 width=4)
	        Index Cond: ((id >= 5620608) AND (id <= 5620617))

table 7 : explain SELECT SUM(k) FROM sbtest7 WHERE id BETWEEN 1687815 AND 1687824
	Aggregate  (cost=39.52..39.53 rows=1 width=8)
	  ->  Index Scan using sbtest7_pkey on sbtest7  (cost=0.43..39.49 rows=10 width=4)
	        Index Cond: ((id >= 1687815) AND (id <= 1687824))

table 8 : explain SELECT SUM(k) FROM sbtest8 WHERE id BETWEEN 2493118 AND 2493127
	Aggregate  (cost=39.52..39.53 rows=1 width=8)
	  ->  Index Scan using sbtest8_pkey on sbtest8  (cost=0.43..39.49 rows=10 width=4)
	        Index Cond: ((id >= 2493118) AND (id <= 2493127))

explain: for inserts :: explain INSERT INTO sbtest%u (id, k, c, pad) VALUES (%u, 13, 'foobar', 'foobar')
for point_selects
table 1 : explain SELECT c FROM sbtest1 WHERE id=6657211
	Index Scan using sbtest1_pkey on sbtest1  (cost=0.43..8.45 rows=1 width=121)
	  Index Cond: (id = 6657211)

table 2 : explain SELECT c FROM sbtest2 WHERE id=8899178
	Index Scan using sbtest2_pkey on sbtest2  (cost=0.43..8.45 rows=1 width=121)
	  Index Cond: (id = 8899178)

table 3 : explain SELECT c FROM sbtest3 WHERE id=7456883
	Index Scan using sbtest3_pkey on sbtest3  (cost=0.43..8.45 rows=1 width=121)
	  Index Cond: (id = 7456883)

table 4 : explain SELECT c FROM sbtest4 WHERE id=46770
	Index Scan using sbtest4_pkey on sbtest4  (cost=0.43..8.45 rows=1 width=121)
	  Index Cond: (id = 46770)

table 5 : explain SELECT c FROM sbtest5 WHERE id=9237686
	Index Scan using sbtest5_pkey on sbtest5  (cost=0.43..8.45 rows=1 width=121)
	  Index Cond: (id = 9237686)

table 6 : explain SELECT c FROM sbtest6 WHERE id=1569636
	Index Scan using sbtest6_pkey on sbtest6  (cost=0.43..8.45 rows=1 width=121)
	  Index Cond: (id = 1569636)

table 7 : explain SELECT c FROM sbtest7 WHERE id=9191615
	Index Scan using sbtest7_pkey on sbtest7  (cost=0.43..8.45 rows=1 width=121)
	  Index Cond: (id = 9191615)

table 8 : explain SELECT c FROM sbtest8 WHERE id=4942551
	Index Scan using sbtest8_pkey on sbtest8  (cost=0.43..8.45 rows=1 width=121)
	  Index Cond: (id = 4942551)

for non_index_updates
table 1 : explain UPDATE sbtest1 SET c='foobar' WHERE id=2375003
	Update on sbtest1  (cost=0.43..8.45 rows=0 width=0)
	  ->  Index Scan using sbtest1_pkey on sbtest1  (cost=0.43..8.45 rows=1 width=490)
	        Index Cond: (id = 2375003)

table 2 : explain UPDATE sbtest2 SET c='foobar' WHERE id=3121662
	Update on sbtest2  (cost=0.43..8.45 rows=0 width=0)
	  ->  Index Scan using sbtest2_pkey on sbtest2  (cost=0.43..8.45 rows=1 width=490)
	        Index Cond: (id = 3121662)

table 3 : explain UPDATE sbtest3 SET c='foobar' WHERE id=3233609
	Update on sbtest3  (cost=0.43..8.45 rows=0 width=0)
	  ->  Index Scan using sbtest3_pkey on sbtest3  (cost=0.43..8.45 rows=1 width=490)
	        Index Cond: (id = 3233609)

table 4 : explain UPDATE sbtest4 SET c='foobar' WHERE id=6843861
	Update on sbtest4  (cost=0.43..8.45 rows=0 width=0)
	  ->  Index Scan using sbtest4_pkey on sbtest4  (cost=0.43..8.45 rows=1 width=490)
	        Index Cond: (id = 6843861)

table 5 : explain UPDATE sbtest5 SET c='foobar' WHERE id=8051646
	Update on sbtest5  (cost=0.43..8.45 rows=0 width=0)
	  ->  Index Scan using sbtest5_pkey on sbtest5  (cost=0.43..8.45 rows=1 width=490)
	        Index Cond: (id = 8051646)

table 6 : explain UPDATE sbtest6 SET c='foobar' WHERE id=123097
	Update on sbtest6  (cost=0.43..8.45 rows=0 width=0)
	  ->  Index Scan using sbtest6_pkey on sbtest6  (cost=0.43..8.45 rows=1 width=490)
	        Index Cond: (id = 123097)

table 7 : explain UPDATE sbtest7 SET c='foobar' WHERE id=7444072
	Update on sbtest7  (cost=0.43..8.45 rows=0 width=0)
	  ->  Index Scan using sbtest7_pkey on sbtest7  (cost=0.43..8.45 rows=1 width=490)
	        Index Cond: (id = 7444072)

table 8 : explain UPDATE sbtest8 SET c='foobar' WHERE id=7861012
	Update on sbtest8  (cost=0.43..8.45 rows=0 width=0)
	  ->  Index Scan using sbtest8_pkey on sbtest8  (cost=0.43..8.45 rows=1 width=490)
	        Index Cond: (id = 7861012)

explain: for deletes :: explain DELETE FROM sbtest%u WHERE id=%u
for: sum_ranges
table 1 : explain SELECT SUM(k) FROM sbtest1 WHERE id BETWEEN 2182207 AND 2182216
	Aggregate  (cost=42.97..42.98 rows=1 width=8)
	  ->  Index Scan using sbtest1_pkey on sbtest1  (cost=0.43..42.94 rows=11 width=4)
	        Index Cond: ((id >= 2182207) AND (id <= 2182216))

table 2 : explain SELECT SUM(k) FROM sbtest2 WHERE id BETWEEN 2925000 AND 2925009
	Aggregate  (cost=39.29..39.30 rows=1 width=8)
	  ->  Index Scan using sbtest2_pkey on sbtest2  (cost=0.43..39.27 rows=10 width=4)
	        Index Cond: ((id >= 2925000) AND (id <= 2925009))

table 3 : explain SELECT SUM(k) FROM sbtest3 WHERE id BETWEEN 8901622 AND 8901631
	Aggregate  (cost=39.18..39.19 rows=1 width=8)
	  ->  Index Scan using sbtest3_pkey on sbtest3  (cost=0.43..39.15 rows=10 width=4)
	        Index Cond: ((id >= 8901622) AND (id <= 8901631))

table 4 : explain SELECT SUM(k) FROM sbtest4 WHERE id BETWEEN 6150205 AND 6150214
	Aggregate  (cost=42.28..42.29 rows=1 width=8)
	  ->  Index Scan using sbtest4_pkey on sbtest4  (cost=0.43..42.26 rows=11 width=4)
	        Index Cond: ((id >= 6150205) AND (id <= 6150214))

table 5 : explain SELECT SUM(k) FROM sbtest5 WHERE id BETWEEN 3136735 AND 3136744
	Aggregate  (cost=35.88..35.89 rows=1 width=8)
	  ->  Index Scan using sbtest5_pkey on sbtest5  (cost=0.43..35.85 rows=9 width=4)
	        Index Cond: ((id >= 3136735) AND (id <= 3136744))

table 6 : explain SELECT SUM(k) FROM sbtest6 WHERE id BETWEEN 4009331 AND 4009340
	Aggregate  (cost=39.45..39.46 rows=1 width=8)
	  ->  Index Scan using sbtest6_pkey on sbtest6  (cost=0.43..39.42 rows=10 width=4)
	        Index Cond: ((id >= 4009331) AND (id <= 4009340))

table 7 : explain SELECT SUM(k) FROM sbtest7 WHERE id BETWEEN 5833818 AND 5833827
	Aggregate  (cost=39.52..39.53 rows=1 width=8)
	  ->  Index Scan using sbtest7_pkey on sbtest7  (cost=0.43..39.49 rows=10 width=4)
	        Index Cond: ((id >= 5833818) AND (id <= 5833827))

table 8 : explain SELECT SUM(k) FROM sbtest8 WHERE id BETWEEN 674854 AND 674863
	Aggregate  (cost=39.52..39.53 rows=1 width=8)
	  ->  Index Scan using sbtest8_pkey on sbtest8  (cost=0.43..39.49 rows=10 width=4)
	        Index Cond: ((id >= 674854) AND (id <= 674863))

explain: for deletes :: explain DELETE FROM sbtest%u WHERE id=%u
explain: for deletes :: explain DELETE FROM sbtest%u WHERE id=%u
explain: for inserts :: explain INSERT INTO sbtest%u (id, k, c, pad) VALUES (%u, 13, 'foobar', 'foobar')
explain: for inserts :: explain INSERT INTO sbtest%u (id, k, c, pad) VALUES (%u, 13, 'foobar', 'foobar')
for: sum_ranges
table 1 : explain SELECT SUM(k) FROM sbtest1 WHERE id BETWEEN 3724464 AND 3724473
	Aggregate  (cost=36.06..36.07 rows=1 width=8)
	  ->  Index Scan using sbtest1_pkey on sbtest1  (cost=0.43..36.04 rows=9 width=4)
	        Index Cond: ((id >= 3724464) AND (id <= 3724473))

table 2 : explain SELECT SUM(k) FROM sbtest2 WHERE id BETWEEN 5668977 AND 5668986
	Aggregate  (cost=39.29..39.30 rows=1 width=8)
	  ->  Index Scan using sbtest2_pkey on sbtest2  (cost=0.43..39.27 rows=10 width=4)
	        Index Cond: ((id >= 5668977) AND (id <= 5668986))

table 3 : explain SELECT SUM(k) FROM sbtest3 WHERE id BETWEEN 6137406 AND 6137415
	Aggregate  (cost=35.77..35.78 rows=1 width=8)
	  ->  Index Scan using sbtest3_pkey on sbtest3  (cost=0.43..35.74 rows=9 width=4)
	        Index Cond: ((id >= 6137406) AND (id <= 6137415))

table 4 : explain SELECT SUM(k) FROM sbtest4 WHERE id BETWEEN 6219071 AND 6219080
	Aggregate  (cost=42.28..42.29 rows=1 width=8)
	  ->  Index Scan using sbtest4_pkey on sbtest4  (cost=0.43..42.26 rows=11 width=4)
	        Index Cond: ((id >= 6219071) AND (id <= 6219080))

table 5 : explain SELECT SUM(k) FROM sbtest5 WHERE id BETWEEN 3408558 AND 3408567
	Aggregate  (cost=39.30..39.31 rows=1 width=8)
	  ->  Index Scan using sbtest5_pkey on sbtest5  (cost=0.43..39.28 rows=10 width=4)
	        Index Cond: ((id >= 3408558) AND (id <= 3408567))

table 6 : explain SELECT SUM(k) FROM sbtest6 WHERE id BETWEEN 924592 AND 924601
	Aggregate  (cost=39.45..39.46 rows=1 width=8)
	  ->  Index Scan using sbtest6_pkey on sbtest6  (cost=0.43..39.42 rows=10 width=4)
	        Index Cond: ((id >= 924592) AND (id <= 924601))

table 7 : explain SELECT SUM(k) FROM sbtest7 WHERE id BETWEEN 6317151 AND 6317160
	Aggregate  (cost=39.52..39.53 rows=1 width=8)
	  ->  Index Scan using sbtest7_pkey on sbtest7  (cost=0.43..39.49 rows=10 width=4)
	        Index Cond: ((id >= 6317151) AND (id <= 6317160))

table 8 : explain SELECT SUM(k) FROM sbtest8 WHERE id BETWEEN 5370156 AND 5370165
	Aggregate  (cost=39.52..39.53 rows=1 width=8)
	  ->  Index Scan using sbtest8_pkey on sbtest8  (cost=0.43..39.49 rows=10 width=4)
	        Index Cond: ((id >= 5370156) AND (id <= 5370165))

for deletes
table 1 : explain DELETE FROM sbtest1 WHERE id=2442274
	Delete on sbtest1  (cost=0.43..8.45 rows=0 width=0)
	  ->  Index Scan using sbtest1_pkey on sbtest1  (cost=0.43..8.45 rows=1 width=6)
	        Index Cond: (id = 2442274)

table 2 : explain DELETE FROM sbtest2 WHERE id=6001478
	Delete on sbtest2  (cost=0.43..8.45 rows=0 width=0)
	  ->  Index Scan using sbtest2_pkey on sbtest2  (cost=0.43..8.45 rows=1 width=6)
	        Index Cond: (id = 6001478)

table 3 : explain DELETE FROM sbtest3 WHERE id=6115734
	Delete on sbtest3  (cost=0.43..8.45 rows=0 width=0)
	  ->  Index Scan using sbtest3_pkey on sbtest3  (cost=0.43..8.45 rows=1 width=6)
	        Index Cond: (id = 6115734)

table 4 : explain DELETE FROM sbtest4 WHERE id=2471943
	Delete on sbtest4  (cost=0.43..8.45 rows=0 width=0)
	  ->  Index Scan using sbtest4_pkey on sbtest4  (cost=0.43..8.45 rows=1 width=6)
	        Index Cond: (id = 2471943)

table 5 : explain DELETE FROM sbtest5 WHERE id=5696420
	Delete on sbtest5  (cost=0.43..8.45 rows=0 width=0)
	  ->  Index Scan using sbtest5_pkey on sbtest5  (cost=0.43..8.45 rows=1 width=6)
	        Index Cond: (id = 5696420)

table 6 : explain DELETE FROM sbtest6 WHERE id=5228415
	Delete on sbtest6  (cost=0.43..8.45 rows=0 width=0)
	  ->  Index Scan using sbtest6_pkey on sbtest6  (cost=0.43..8.45 rows=1 width=6)
	        Index Cond: (id = 5228415)

table 7 : explain DELETE FROM sbtest7 WHERE id=9253615
	Delete on sbtest7  (cost=0.43..8.45 rows=0 width=0)
	  ->  Index Scan using sbtest7_pkey on sbtest7  (cost=0.43..8.45 rows=1 width=6)
	        Index Cond: (id = 9253615)

table 8 : explain DELETE FROM sbtest8 WHERE id=9655591
	Delete on sbtest8  (cost=0.43..8.45 rows=0 width=0)
	  ->  Index Scan using sbtest8_pkey on sbtest8  (cost=0.43..8.45 rows=1 width=6)
	        Index Cond: (id = 9655591)

for: sum_ranges
table 1 : explain SELECT SUM(k) FROM sbtest1 WHERE id BETWEEN 2877052 AND 2877061
	Aggregate  (cost=39.51..39.52 rows=1 width=8)
	  ->  Index Scan using sbtest1_pkey on sbtest1  (cost=0.43..39.49 rows=10 width=4)
	        Index Cond: ((id >= 2877052) AND (id <= 2877061))

table 2 : explain SELECT SUM(k) FROM sbtest2 WHERE id BETWEEN 7024614 AND 7024623
	Aggregate  (cost=42.72..42.73 rows=1 width=8)
	  ->  Index Scan using sbtest2_pkey on sbtest2  (cost=0.43..42.69 rows=11 width=4)
	        Index Cond: ((id >= 7024614) AND (id <= 7024623))

table 3 : explain SELECT SUM(k) FROM sbtest3 WHERE id BETWEEN 3865124 AND 3865133
	Aggregate  (cost=35.77..35.78 rows=1 width=8)
	  ->  Index Scan using sbtest3_pkey on sbtest3  (cost=0.43..35.74 rows=9 width=4)
	        Index Cond: ((id >= 3865124) AND (id <= 3865133))

table 4 : explain SELECT SUM(k) FROM sbtest4 WHERE id BETWEEN 994792 AND 994801
	Aggregate  (cost=35.52..35.53 rows=1 width=8)
	  ->  Index Scan using sbtest4_pkey on sbtest4  (cost=0.43..35.50 rows=9 width=4)
	        Index Cond: ((id >= 994792) AND (id <= 994801))

table 5 : explain SELECT SUM(k) FROM sbtest5 WHERE id BETWEEN 2445904 AND 2445913
	Aggregate  (cost=42.73..42.74 rows=1 width=8)
	  ->  Index Scan using sbtest5_pkey on sbtest5  (cost=0.43..42.70 rows=11 width=4)
	        Index Cond: ((id >= 2445904) AND (id <= 2445913))

table 6 : explain SELECT SUM(k) FROM sbtest6 WHERE id BETWEEN 338465 AND 338474
	Aggregate  (cost=39.45..39.46 rows=1 width=8)
	  ->  Index Scan using sbtest6_pkey on sbtest6  (cost=0.43..39.42 rows=10 width=4)
	        Index Cond: ((id >= 338465) AND (id <= 338474))

table 7 : explain SELECT SUM(k) FROM sbtest7 WHERE id BETWEEN 7556513 AND 7556522
	Aggregate  (cost=39.52..39.53 rows=1 width=8)
	  ->  Index Scan using sbtest7_pkey on sbtest7  (cost=0.43..39.49 rows=10 width=4)
	        Index Cond: ((id >= 7556513) AND (id <= 7556522))

table 8 : explain SELECT SUM(k) FROM sbtest8 WHERE id BETWEEN 2703621 AND 2703630
	Aggregate  (cost=42.97..42.98 rows=1 width=8)
	  ->  Index Scan using sbtest8_pkey on sbtest8  (cost=0.43..42.94 rows=11 width=4)
	        Index Cond: ((id >= 2703621) AND (id <= 2703630))

for: sum_ranges
table 1 : explain SELECT SUM(k) FROM sbtest1 WHERE id BETWEEN 9944249 AND 9944258
	Aggregate  (cost=36.06..36.07 rows=1 width=8)
	  ->  Index Scan using sbtest1_pkey on sbtest1  (cost=0.43..36.04 rows=9 width=4)
	        Index Cond: ((id >= 9944249) AND (id <= 9944258))

table 2 : explain SELECT SUM(k) FROM sbtest2 WHERE id BETWEEN 7703075 AND 7703084
	Aggregate  (cost=42.72..42.73 rows=1 width=8)
	  ->  Index Scan using sbtest2_pkey on sbtest2  (cost=0.43..42.69 rows=11 width=4)
	        Index Cond: ((id >= 7703075) AND (id <= 7703084))

table 3 : explain SELECT SUM(k) FROM sbtest3 WHERE id BETWEEN 5113585 AND 5113594
	Aggregate  (cost=39.18..39.19 rows=1 width=8)
	  ->  Index Scan using sbtest3_pkey on sbtest3  (cost=0.43..39.15 rows=10 width=4)
	        Index Cond: ((id >= 5113585) AND (id <= 5113594))

table 4 : explain SELECT SUM(k) FROM sbtest4 WHERE id BETWEEN 5852310 AND 5852319
	Aggregate  (cost=38.90..38.91 rows=1 width=8)
	  ->  Index Scan using sbtest4_pkey on sbtest4  (cost=0.43..38.88 rows=10 width=4)
	        Index Cond: ((id >= 5852310) AND (id <= 5852319))

table 5 : explain SELECT SUM(k) FROM sbtest5 WHERE id BETWEEN 7335478 AND 7335487
	Aggregate  (cost=35.88..35.89 rows=1 width=8)
	  ->  Index Scan using sbtest5_pkey on sbtest5  (cost=0.43..35.85 rows=9 width=4)
	        Index Cond: ((id >= 7335478) AND (id <= 7335487))

table 6 : explain SELECT SUM(k) FROM sbtest6 WHERE id BETWEEN 4462461 AND 4462470
	Aggregate  (cost=39.45..39.46 rows=1 width=8)
	  ->  Index Scan using sbtest6_pkey on sbtest6  (cost=0.43..39.42 rows=10 width=4)
	        Index Cond: ((id >= 4462461) AND (id <= 4462470))

table 7 : explain SELECT SUM(k) FROM sbtest7 WHERE id BETWEEN 7100820 AND 7100829
	Aggregate  (cost=36.07..36.08 rows=1 width=8)
	  ->  Index Scan using sbtest7_pkey on sbtest7  (cost=0.43..36.04 rows=9 width=4)
	        Index Cond: ((id >= 7100820) AND (id <= 7100829))

table 8 : explain SELECT SUM(k) FROM sbtest8 WHERE id BETWEEN 711747 AND 711756
	Aggregate  (cost=39.52..39.53 rows=1 width=8)
	  ->  Index Scan using sbtest8_pkey on sbtest8  (cost=0.43..39.49 rows=10 width=4)
	        Index Cond: ((id >= 711747) AND (id <= 711756))

for: distinct_ranges
table 1 : explain SELECT DISTINCT c FROM sbtest1 WHERE id BETWEEN 5758746 AND 5758755 ORDER BY c
	Unique  (cost=43.13..43.18 rows=11 width=121)
	  ->  Sort  (cost=43.13..43.16 rows=11 width=121)
	        Sort Key: c
	        ->  Index Scan using sbtest1_pkey on sbtest1  (cost=0.43..42.94 rows=11 width=121)
	              Index Cond: ((id >= 5758746) AND (id <= 5758755))

table 2 : explain SELECT DISTINCT c FROM sbtest2 WHERE id BETWEEN 652280 AND 652289 ORDER BY c
	Unique  (cost=39.44..39.49 rows=10 width=121)
	  ->  Sort  (cost=39.44..39.46 rows=10 width=121)
	        Sort Key: c
	        ->  Index Scan using sbtest2_pkey on sbtest2  (cost=0.43..39.27 rows=10 width=121)
	              Index Cond: ((id >= 652280) AND (id <= 652289))

table 3 : explain SELECT DISTINCT c FROM sbtest3 WHERE id BETWEEN 9869323 AND 9869332 ORDER BY c
	Unique  (cost=39.32..39.37 rows=10 width=121)
	  ->  Sort  (cost=39.32..39.35 rows=10 width=121)
	        Sort Key: c
	        ->  Index Scan using sbtest3_pkey on sbtest3  (cost=0.43..39.15 rows=10 width=121)
	              Index Cond: ((id >= 9869323) AND (id <= 9869332))

table 4 : explain SELECT DISTINCT c FROM sbtest4 WHERE id BETWEEN 7171430 AND 7171439 ORDER BY c
	Unique  (cost=39.04..39.09 rows=10 width=121)
	  ->  Sort  (cost=39.04..39.07 rows=10 width=121)
	        Sort Key: c
	        ->  Index Scan using sbtest4_pkey on sbtest4  (cost=0.43..38.88 rows=10 width=121)
	              Index Cond: ((id >= 7171430) AND (id <= 7171439))

table 5 : explain SELECT DISTINCT c FROM sbtest5 WHERE id BETWEEN 346886 AND 346895 ORDER BY c
	Unique  (cost=42.89..42.95 rows=11 width=121)
	  ->  Sort  (cost=42.89..42.92 rows=11 width=121)
	        Sort Key: c
	        ->  Index Scan using sbtest5_pkey on sbtest5  (cost=0.43..42.70 rows=11 width=121)
	              Index Cond: ((id >= 346886) AND (id <= 346895))

table 6 : explain SELECT DISTINCT c FROM sbtest6 WHERE id BETWEEN 1658161 AND 1658170 ORDER BY c
	Unique  (cost=39.59..39.64 rows=10 width=121)
	  ->  Sort  (cost=39.59..39.61 rows=10 width=121)
	        Sort Key: c
	        ->  Index Scan using sbtest6_pkey on sbtest6  (cost=0.43..39.42 rows=10 width=121)
	              Index Cond: ((id >= 1658161) AND (id <= 1658170))

table 7 : explain SELECT DISTINCT c FROM sbtest7 WHERE id BETWEEN 8218218 AND 8218227 ORDER BY c
	Unique  (cost=39.66..39.71 rows=10 width=121)
	  ->  Sort  (cost=39.66..39.68 rows=10 width=121)
	        Sort Key: c
	        ->  Index Scan using sbtest7_pkey on sbtest7  (cost=0.43..39.49 rows=10 width=121)
	              Index Cond: ((id >= 8218218) AND (id <= 8218227))

table 8 : explain SELECT DISTINCT c FROM sbtest8 WHERE id BETWEEN 1053672 AND 1053681 ORDER BY c
	Unique  (cost=36.19..36.23 rows=9 width=121)
	  ->  Sort  (cost=36.19..36.21 rows=9 width=121)
	        Sort Key: c
	        ->  Index Scan using sbtest8_pkey on sbtest8  (cost=0.43..36.05 rows=9 width=121)
	              Index Cond: ((id >= 1053672) AND (id <= 1053681))

for: distinct_ranges
table 1 : explain SELECT DISTINCT c FROM sbtest1 WHERE id BETWEEN 3827094 AND 3827103 ORDER BY c
	Unique  (cost=39.66..39.71 rows=10 width=121)
	  ->  Sort  (cost=39.66..39.68 rows=10 width=121)
	        Sort Key: c
	        ->  Index Scan using sbtest1_pkey on sbtest1  (cost=0.43..39.49 rows=10 width=121)
	              Index Cond: ((id >= 3827094) AND (id <= 3827103))

table 2 : explain SELECT DISTINCT c FROM sbtest2 WHERE id BETWEEN 1527053 AND 1527062 ORDER BY c
	Unique  (cost=42.88..42.94 rows=11 width=121)
	  ->  Sort  (cost=42.88..42.91 rows=11 width=121)
	        Sort Key: c
	        ->  Index Scan using sbtest2_pkey on sbtest2  (cost=0.43..42.69 rows=11 width=121)
	              Index Cond: ((id >= 1527053) AND (id <= 1527062))

table 3 : explain SELECT DISTINCT c FROM sbtest3 WHERE id BETWEEN 4507498 AND 4507507 ORDER BY c
	Unique  (cost=39.32..39.37 rows=10 width=121)
	  ->  Sort  (cost=39.32..39.35 rows=10 width=121)
	        Sort Key: c
	        ->  Index Scan using sbtest3_pkey on sbtest3  (cost=0.43..39.15 rows=10 width=121)
	              Index Cond: ((id >= 4507498) AND (id <= 4507507))

table 4 : explain SELECT DISTINCT c FROM sbtest4 WHERE id BETWEEN 5461996 AND 5462005 ORDER BY c
	Unique  (cost=39.04..39.09 rows=10 width=121)
	  ->  Sort  (cost=39.04..39.07 rows=10 width=121)
	        Sort Key: c
	        ->  Index Scan using sbtest4_pkey on sbtest4  (cost=0.43..38.88 rows=10 width=121)
	              Index Cond: ((id >= 5461996) AND (id <= 5462005))

table 5 : explain SELECT DISTINCT c FROM sbtest5 WHERE id BETWEEN 5132531 AND 5132540 ORDER BY c
	Unique  (cost=39.45..39.50 rows=10 width=121)
	  ->  Sort  (cost=39.45..39.47 rows=10 width=121)
	        Sort Key: c
	        ->  Index Scan using sbtest5_pkey on sbtest5  (cost=0.43..39.28 rows=10 width=121)
	              Index Cond: ((id >= 5132531) AND (id <= 5132540))

table 6 : explain SELECT DISTINCT c FROM sbtest6 WHERE id BETWEEN 5551125 AND 5551134 ORDER BY c
	Unique  (cost=36.12..36.17 rows=9 width=121)
	  ->  Sort  (cost=36.12..36.15 rows=9 width=121)
	        Sort Key: c
	        ->  Index Scan using sbtest6_pkey on sbtest6  (cost=0.43..35.98 rows=9 width=121)
	              Index Cond: ((id >= 5551125) AND (id <= 5551134))

table 7 : explain SELECT DISTINCT c FROM sbtest7 WHERE id BETWEEN 5865750 AND 5865759 ORDER BY c
	Unique  (cost=39.66..39.71 rows=10 width=121)
	  ->  Sort  (cost=39.66..39.68 rows=10 width=121)
	        Sort Key: c
	        ->  Index Scan using sbtest7_pkey on sbtest7  (cost=0.43..39.49 rows=10 width=121)
	              Index Cond: ((id >= 5865750) AND (id <= 5865759))

table 8 : explain SELECT DISTINCT c FROM sbtest8 WHERE id BETWEEN 7418552 AND 7418561 ORDER BY c
	Unique  (cost=39.66..39.71 rows=10 width=121)
	  ->  Sort  (cost=39.66..39.69 rows=10 width=121)
	        Sort Key: c
	        ->  Index Scan using sbtest8_pkey on sbtest8  (cost=0.43..39.49 rows=10 width=121)
	              Index Cond: ((id >= 7418552) AND (id <= 7418561))

for: distinct_ranges
table 1 : explain SELECT DISTINCT c FROM sbtest1 WHERE id BETWEEN 1327736 AND 1327745 ORDER BY c
	Unique  (cost=36.18..36.23 rows=9 width=121)
	  ->  Sort  (cost=36.18..36.21 rows=9 width=121)
	        Sort Key: c
	        ->  Index Scan using sbtest1_pkey on sbtest1  (cost=0.43..36.04 rows=9 width=121)
	              Index Cond: ((id >= 1327736) AND (id <= 1327745))

table 2 : explain SELECT DISTINCT c FROM sbtest2 WHERE id BETWEEN 1601809 AND 1601818 ORDER BY c
	Unique  (cost=42.88..42.94 rows=11 width=121)
	  ->  Sort  (cost=42.88..42.91 rows=11 width=121)
	        Sort Key: c
	        ->  Index Scan using sbtest2_pkey on sbtest2  (cost=0.43..42.69 rows=11 width=121)
	              Index Cond: ((id >= 1601809) AND (id <= 1601818))

table 3 : explain SELECT DISTINCT c FROM sbtest3 WHERE id BETWEEN 9803013 AND 9803022 ORDER BY c
	Unique  (cost=35.89..35.93 rows=9 width=121)
	  ->  Sort  (cost=35.89..35.91 rows=9 width=121)
	        Sort Key: c
	        ->  Index Scan using sbtest3_pkey on sbtest3  (cost=0.43..35.74 rows=9 width=121)
	              Index Cond: ((id >= 9803013) AND (id <= 9803022))

table 4 : explain SELECT DISTINCT c FROM sbtest4 WHERE id BETWEEN 7127417 AND 7127426 ORDER BY c
	Unique  (cost=39.04..39.09 rows=10 width=121)
	  ->  Sort  (cost=39.04..39.07 rows=10 width=121)
	        Sort Key: c
	        ->  Index Scan using sbtest4_pkey on sbtest4  (cost=0.43..38.88 rows=10 width=121)
	              Index Cond: ((id >= 7127417) AND (id <= 7127426))

table 5 : explain SELECT DISTINCT c FROM sbtest5 WHERE id BETWEEN 3487244 AND 3487253 ORDER BY c
	Unique  (cost=39.45..39.50 rows=10 width=121)
	  ->  Sort  (cost=39.45..39.47 rows=10 width=121)
	        Sort Key: c
	        ->  Index Scan using sbtest5_pkey on sbtest5  (cost=0.43..39.28 rows=10 width=121)
	              Index Cond: ((id >= 3487244) AND (id <= 3487253))

table 6 : explain SELECT DISTINCT c FROM sbtest6 WHERE id BETWEEN 6509995 AND 6510004 ORDER BY c
	Unique  (cost=39.59..39.64 rows=10 width=121)
	  ->  Sort  (cost=39.59..39.61 rows=10 width=121)
	        Sort Key: c
	        ->  Index Scan using sbtest6_pkey on sbtest6  (cost=0.43..39.42 rows=10 width=121)
	              Index Cond: ((id >= 6509995) AND (id <= 6510004))

table 7 : explain SELECT DISTINCT c FROM sbtest7 WHERE id BETWEEN 90648 AND 90657 ORDER BY c
	Unique  (cost=39.66..39.71 rows=10 width=121)
	  ->  Sort  (cost=39.66..39.68 rows=10 width=121)
	        Sort Key: c
	        ->  Index Scan using sbtest7_pkey on sbtest7  (cost=0.43..39.49 rows=10 width=121)
	              Index Cond: ((id >= 90648) AND (id <= 90657))

table 8 : explain SELECT DISTINCT c FROM sbtest8 WHERE id BETWEEN 2439450 AND 2439459 ORDER BY c
	Unique  (cost=39.66..39.71 rows=10 width=121)
	  ->  Sort  (cost=39.66..39.69 rows=10 width=121)
	        Sort Key: c
	        ->  Index Scan using sbtest8_pkey on sbtest8  (cost=0.43..39.49 rows=10 width=121)
	              Index Cond: ((id >= 2439450) AND (id <= 2439459))

for deletes
table 1 : explain DELETE FROM sbtest1 WHERE id=4903741
	Delete on sbtest1  (cost=0.43..8.45 rows=0 width=0)
	  ->  Index Scan using sbtest1_pkey on sbtest1  (cost=0.43..8.45 rows=1 width=6)
	        Index Cond: (id = 4903741)

table 2 : explain DELETE FROM sbtest2 WHERE id=7149231
	Delete on sbtest2  (cost=0.43..8.45 rows=0 width=0)
	  ->  Index Scan using sbtest2_pkey on sbtest2  (cost=0.43..8.45 rows=1 width=6)
	        Index Cond: (id = 7149231)

table 3 : explain DELETE FROM sbtest3 WHERE id=174893
	Delete on sbtest3  (cost=0.43..8.45 rows=0 width=0)
	  ->  Index Scan using sbtest3_pkey on sbtest3  (cost=0.43..8.45 rows=1 width=6)
	        Index Cond: (id = 174893)

table 4 : explain DELETE FROM sbtest4 WHERE id=6305844
	Delete on sbtest4  (cost=0.43..8.45 rows=0 width=0)
	  ->  Index Scan using sbtest4_pkey on sbtest4  (cost=0.43..8.45 rows=1 width=6)
	        Index Cond: (id = 6305844)

table 5 : explain DELETE FROM sbtest5 WHERE id=5370487
	Delete on sbtest5  (cost=0.43..8.45 rows=0 width=0)
	  ->  Index Scan using sbtest5_pkey on sbtest5  (cost=0.43..8.45 rows=1 width=6)
	        Index Cond: (id = 5370487)

table 6 : explain DELETE FROM sbtest6 WHERE id=8429314
	Delete on sbtest6  (cost=0.43..8.45 rows=0 width=0)
	  ->  Index Scan using sbtest6_pkey on sbtest6  (cost=0.43..8.45 rows=1 width=6)
	        Index Cond: (id = 8429314)

table 7 : explain DELETE FROM sbtest7 WHERE id=932009
	Delete on sbtest7  (cost=0.43..8.45 rows=0 width=0)
	  ->  Index Scan using sbtest7_pkey on sbtest7  (cost=0.43..8.45 rows=1 width=6)
	        Index Cond: (id = 932009)

table 8 : explain DELETE FROM sbtest8 WHERE id=5416050
	Delete on sbtest8  (cost=0.43..8.45 rows=0 width=0)
	  ->  Index Scan using sbtest8_pkey on sbtest8  (cost=0.43..8.45 rows=1 width=6)
	        Index Cond: (id = 5416050)

for: simple_ranges
table 1 : explain SELECT c FROM sbtest1 WHERE id BETWEEN 8066268 AND 8066277
	Index Scan using sbtest1_pkey on sbtest1  (cost=0.43..42.94 rows=11 width=121)
	  Index Cond: ((id >= 8066268) AND (id <= 8066277))

table 2 : explain SELECT c FROM sbtest2 WHERE id BETWEEN 8673669 AND 8673678
	Index Scan using sbtest2_pkey on sbtest2  (cost=0.43..39.27 rows=10 width=121)
	  Index Cond: ((id >= 8673669) AND (id <= 8673678))

table 3 : explain SELECT c FROM sbtest3 WHERE id BETWEEN 9151268 AND 9151277
	Index Scan using sbtest3_pkey on sbtest3  (cost=0.43..39.15 rows=10 width=121)
	  Index Cond: ((id >= 9151268) AND (id <= 9151277))

table 4 : explain SELECT c FROM sbtest4 WHERE id BETWEEN 7301995 AND 7302004
	Index Scan using sbtest4_pkey on sbtest4  (cost=0.43..35.50 rows=9 width=121)
	  Index Cond: ((id >= 7301995) AND (id <= 7302004))

table 5 : explain SELECT c FROM sbtest5 WHERE id BETWEEN 6966049 AND 6966058
	Index Scan using sbtest5_pkey on sbtest5  (cost=0.43..42.70 rows=11 width=121)
	  Index Cond: ((id >= 6966049) AND (id <= 6966058))

table 6 : explain SELECT c FROM sbtest6 WHERE id BETWEEN 4276610 AND 4276619
	Index Scan using sbtest6_pkey on sbtest6  (cost=0.43..42.86 rows=11 width=121)
	  Index Cond: ((id >= 4276610) AND (id <= 4276619))

table 7 : explain SELECT c FROM sbtest7 WHERE id BETWEEN 1724602 AND 1724611
	Index Scan using sbtest7_pkey on sbtest7  (cost=0.43..42.94 rows=11 width=121)
	  Index Cond: ((id >= 1724602) AND (id <= 1724611))

table 8 : explain SELECT c FROM sbtest8 WHERE id BETWEEN 8939635 AND 8939644
	Index Scan using sbtest8_pkey on sbtest8  (cost=0.43..39.49 rows=10 width=121)
	  Index Cond: ((id >= 8939635) AND (id <= 8939644))

for: simple_ranges
table 1 : explain SELECT c FROM sbtest1 WHERE id BETWEEN 4640268 AND 4640277
	Index Scan using sbtest1_pkey on sbtest1  (cost=0.43..42.94 rows=11 width=121)
	  Index Cond: ((id >= 4640268) AND (id <= 4640277))

table 2 : explain SELECT c FROM sbtest2 WHERE id BETWEEN 8350778 AND 8350787
	Index Scan using sbtest2_pkey on sbtest2  (cost=0.43..39.27 rows=10 width=121)
	  Index Cond: ((id >= 8350778) AND (id <= 8350787))

table 3 : explain SELECT c FROM sbtest3 WHERE id BETWEEN 7947863 AND 7947872
	Index Scan using sbtest3_pkey on sbtest3  (cost=0.43..39.15 rows=10 width=121)
	  Index Cond: ((id >= 7947863) AND (id <= 7947872))

table 4 : explain SELECT c FROM sbtest4 WHERE id BETWEEN 3919803 AND 3919812
	Index Scan using sbtest4_pkey on sbtest4  (cost=0.43..42.26 rows=11 width=121)
	  Index Cond: ((id >= 3919803) AND (id <= 3919812))

table 5 : explain SELECT c FROM sbtest5 WHERE id BETWEEN 9652110 AND 9652119
	Index Scan using sbtest5_pkey on sbtest5  (cost=0.43..39.28 rows=10 width=121)
	  Index Cond: ((id >= 9652110) AND (id <= 9652119))

table 6 : explain SELECT c FROM sbtest6 WHERE id BETWEEN 9378697 AND 9378706
	Index Scan using sbtest6_pkey on sbtest6  (cost=0.43..42.86 rows=11 width=121)
	  Index Cond: ((id >= 9378697) AND (id <= 9378706))

table 7 : explain SELECT c FROM sbtest7 WHERE id BETWEEN 4238634 AND 4238643
	Index Scan using sbtest7_pkey on sbtest7  (cost=0.43..39.49 rows=10 width=121)
	  Index Cond: ((id >= 4238634) AND (id <= 4238643))

table 8 : explain SELECT c FROM sbtest8 WHERE id BETWEEN 5243903 AND 5243912
	Index Scan using sbtest8_pkey on sbtest8  (cost=0.43..42.94 rows=11 width=121)
	  Index Cond: ((id >= 5243903) AND (id <= 5243912))

for inserts
table 1 : explain INSERT INTO sbtest1 (id, k, c, pad) VALUES (1050739, 13, 'foobar', 'foobar')
	Insert on sbtest1  (cost=0.00..0.01 rows=0 width=0)
	  ->  Result  (cost=0.00..0.01 rows=1 width=736)

table 2 : explain INSERT INTO sbtest2 (id, k, c, pad) VALUES (7362708, 13, 'foobar', 'foobar')
	Insert on sbtest2  (cost=0.00..0.01 rows=0 width=0)
	  ->  Result  (cost=0.00..0.01 rows=1 width=736)

table 3 : explain INSERT INTO sbtest3 (id, k, c, pad) VALUES (2740641, 13, 'foobar', 'foobar')
	Insert on sbtest3  (cost=0.00..0.01 rows=0 width=0)
	  ->  Result  (cost=0.00..0.01 rows=1 width=736)

table 4 : explain INSERT INTO sbtest4 (id, k, c, pad) VALUES (973808, 13, 'foobar', 'foobar')
	Insert on sbtest4  (cost=0.00..0.01 rows=0 width=0)
	  ->  Result  (cost=0.00..0.01 rows=1 width=736)

table 5 : explain INSERT INTO sbtest5 (id, k, c, pad) VALUES (1796716, 13, 'foobar', 'foobar')
	Insert on sbtest5  (cost=0.00..0.01 rows=0 width=0)
	  ->  Result  (cost=0.00..0.01 rows=1 width=736)

table 6 : explain INSERT INTO sbtest6 (id, k, c, pad) VALUES (468693, 13, 'foobar', 'foobar')
	Insert on sbtest6  (cost=0.00..0.01 rows=0 width=0)
	  ->  Result  (cost=0.00..0.01 rows=1 width=736)

table 7 : explain INSERT INTO sbtest7 (id, k, c, pad) VALUES (6656857, 13, 'foobar', 'foobar')
	Insert on sbtest7  (cost=0.00..0.01 rows=0 width=0)
	  ->  Result  (cost=0.00..0.01 rows=1 width=736)

table 8 : explain INSERT INTO sbtest8 (id, k, c, pad) VALUES (586415, 13, 'foobar', 'foobar')
	Insert on sbtest8  (cost=0.00..0.01 rows=0 width=0)
	  ->  Result  (cost=0.00..0.01 rows=1 width=736)

explain: for index_updates :: explain UPDATE sbtest%u SET k=k+1 WHERE id=%u
for: order_ranges
table 1 : explain SELECT c FROM sbtest1 WHERE id BETWEEN 5463929 AND 5463938 ORDER BY c
	Sort  (cost=39.66..39.68 rows=10 width=121)
	  Sort Key: c
	  ->  Index Scan using sbtest1_pkey on sbtest1  (cost=0.43..39.49 rows=10 width=121)
	        Index Cond: ((id >= 5463929) AND (id <= 5463938))

table 2 : explain SELECT c FROM sbtest2 WHERE id BETWEEN 6172169 AND 6172178 ORDER BY c
	Sort  (cost=39.44..39.46 rows=10 width=121)
	  Sort Key: c
	  ->  Index Scan using sbtest2_pkey on sbtest2  (cost=0.43..39.27 rows=10 width=121)
	        Index Cond: ((id >= 6172169) AND (id <= 6172178))

table 3 : explain SELECT c FROM sbtest3 WHERE id BETWEEN 586115 AND 586124 ORDER BY c
	Sort  (cost=39.32..39.35 rows=10 width=121)
	  Sort Key: c
	  ->  Index Scan using sbtest3_pkey on sbtest3  (cost=0.43..39.15 rows=10 width=121)
	        Index Cond: ((id >= 586115) AND (id <= 586124))

table 4 : explain SELECT c FROM sbtest4 WHERE id BETWEEN 1942064 AND 1942073 ORDER BY c
	Sort  (cost=39.04..39.07 rows=10 width=121)
	  Sort Key: c
	  ->  Index Scan using sbtest4_pkey on sbtest4  (cost=0.43..38.88 rows=10 width=121)
	        Index Cond: ((id >= 1942064) AND (id <= 1942073))

table 5 : explain SELECT c FROM sbtest5 WHERE id BETWEEN 3432394 AND 3432403 ORDER BY c
	Sort  (cost=39.45..39.47 rows=10 width=121)
	  Sort Key: c
	  ->  Index Scan using sbtest5_pkey on sbtest5  (cost=0.43..39.28 rows=10 width=121)
	        Index Cond: ((id >= 3432394) AND (id <= 3432403))

table 6 : explain SELECT c FROM sbtest6 WHERE id BETWEEN 3502249 AND 3502258 ORDER BY c
	Sort  (cost=36.12..36.15 rows=9 width=121)
	  Sort Key: c
	  ->  Index Scan using sbtest6_pkey on sbtest6  (cost=0.43..35.98 rows=9 width=121)
	        Index Cond: ((id >= 3502249) AND (id <= 3502258))

table 7 : explain SELECT c FROM sbtest7 WHERE id BETWEEN 8207973 AND 8207982 ORDER BY c
	Sort  (cost=39.66..39.68 rows=10 width=121)
	  Sort Key: c
	  ->  Index Scan using sbtest7_pkey on sbtest7  (cost=0.43..39.49 rows=10 width=121)
	        Index Cond: ((id >= 8207973) AND (id <= 8207982))

table 8 : explain SELECT c FROM sbtest8 WHERE id BETWEEN 4097967 AND 4097976 ORDER BY c
	Sort  (cost=39.66..39.69 rows=10 width=121)
	  Sort Key: c
	  ->  Index Scan using sbtest8_pkey on sbtest8  (cost=0.43..39.49 rows=10 width=121)
	        Index Cond: ((id >= 4097967) AND (id <= 4097976))

explain: for index_updates :: explain UPDATE sbtest%u SET k=k+1 WHERE id=%u
for: simple_ranges
table 1 : explain SELECT c FROM sbtest1 WHERE id BETWEEN 6105283 AND 6105292
	Index Scan using sbtest1_pkey on sbtest1  (cost=0.43..36.04 rows=9 width=121)
	  Index Cond: ((id >= 6105283) AND (id <= 6105292))

table 2 : explain SELECT c FROM sbtest2 WHERE id BETWEEN 792900 AND 792909
	Index Scan using sbtest2_pkey on sbtest2  (cost=0.43..35.85 rows=9 width=121)
	  Index Cond: ((id >= 792900) AND (id <= 792909))

table 3 : explain SELECT c FROM sbtest3 WHERE id BETWEEN 3882445 AND 3882454
	Index Scan using sbtest3_pkey on sbtest3  (cost=0.43..35.74 rows=9 width=121)
	  Index Cond: ((id >= 3882445) AND (id <= 3882454))

table 4 : explain SELECT c FROM sbtest4 WHERE id BETWEEN 3039830 AND 3039839
	Index Scan using sbtest4_pkey on sbtest4  (cost=0.43..45.64 rows=12 width=121)
	  Index Cond: ((id >= 3039830) AND (id <= 3039839))

table 5 : explain SELECT c FROM sbtest5 WHERE id BETWEEN 6025219 AND 6025228
	Index Scan using sbtest5_pkey on sbtest5  (cost=0.43..39.28 rows=10 width=121)
	  Index Cond: ((id >= 6025219) AND (id <= 6025228))

table 6 : explain SELECT c FROM sbtest6 WHERE id BETWEEN 5742611 AND 5742620
	Index Scan using sbtest6_pkey on sbtest6  (cost=0.43..39.42 rows=10 width=121)
	  Index Cond: ((id >= 5742611) AND (id <= 5742620))

table 7 : explain SELECT c FROM sbtest7 WHERE id BETWEEN 1799326 AND 1799335
	Index Scan using sbtest7_pkey on sbtest7  (cost=0.43..42.94 rows=11 width=121)
	  Index Cond: ((id >= 1799326) AND (id <= 1799335))

table 8 : explain SELECT c FROM sbtest8 WHERE id BETWEEN 2875112 AND 2875121
	Index Scan using sbtest8_pkey on sbtest8  (cost=0.43..39.49 rows=10 width=121)
	  Index Cond: ((id >= 2875112) AND (id <= 2875121))

for: sum_ranges
table 1 : explain SELECT SUM(k) FROM sbtest1 WHERE id BETWEEN 5001813 AND 5001822
	Aggregate  (cost=39.51..39.52 rows=1 width=8)
	  ->  Index Scan using sbtest1_pkey on sbtest1  (cost=0.43..39.49 rows=10 width=4)
	        Index Cond: ((id >= 5001813) AND (id <= 5001822))

table 2 : explain SELECT SUM(k) FROM sbtest2 WHERE id BETWEEN 9825618 AND 9825627
	Aggregate  (cost=39.29..39.30 rows=1 width=8)
	  ->  Index Scan using sbtest2_pkey on sbtest2  (cost=0.43..39.27 rows=10 width=4)
	        Index Cond: ((id >= 9825618) AND (id <= 9825627))

table 3 : explain SELECT SUM(k) FROM sbtest3 WHERE id BETWEEN 6841175 AND 6841184
	Aggregate  (cost=42.59..42.60 rows=1 width=8)
	  ->  Index Scan using sbtest3_pkey on sbtest3  (cost=0.43..42.57 rows=11 width=4)
	        Index Cond: ((id >= 6841175) AND (id <= 6841184))

table 4 : explain SELECT SUM(k) FROM sbtest4 WHERE id BETWEEN 9278197 AND 9278206
	Aggregate  (cost=35.52..35.53 rows=1 width=8)
	  ->  Index Scan using sbtest4_pkey on sbtest4  (cost=0.43..35.50 rows=9 width=4)
	        Index Cond: ((id >= 9278197) AND (id <= 9278206))

table 5 : explain SELECT SUM(k) FROM sbtest5 WHERE id BETWEEN 3339167 AND 3339176
	Aggregate  (cost=39.30..39.31 rows=1 width=8)
	  ->  Index Scan using sbtest5_pkey on sbtest5  (cost=0.43..39.28 rows=10 width=4)
	        Index Cond: ((id >= 3339167) AND (id <= 3339176))

table 6 : explain SELECT SUM(k) FROM sbtest6 WHERE id BETWEEN 9309801 AND 9309810
	Aggregate  (cost=42.89..42.90 rows=1 width=8)
	  ->  Index Scan using sbtest6_pkey on sbtest6  (cost=0.43..42.86 rows=11 width=4)
	        Index Cond: ((id >= 9309801) AND (id <= 9309810))

table 7 : explain SELECT SUM(k) FROM sbtest7 WHERE id BETWEEN 1685395 AND 1685404
	Aggregate  (cost=39.52..39.53 rows=1 width=8)
	  ->  Index Scan using sbtest7_pkey on sbtest7  (cost=0.43..39.49 rows=10 width=4)
	        Index Cond: ((id >= 1685395) AND (id <= 1685404))

table 8 : explain SELECT SUM(k) FROM sbtest8 WHERE id BETWEEN 2688165 AND 2688174
	Aggregate  (cost=42.97..42.98 rows=1 width=8)
	  ->  Index Scan using sbtest8_pkey on sbtest8  (cost=0.43..42.94 rows=11 width=4)
	        Index Cond: ((id >= 2688165) AND (id <= 2688174))

explain: for index_updates :: explain UPDATE sbtest%u SET k=k+1 WHERE id=%u
explain: for inserts :: explain INSERT INTO sbtest%u (id, k, c, pad) VALUES (%u, 13, 'foobar', 'foobar')
for: order_ranges
table 1 : explain SELECT c FROM sbtest1 WHERE id BETWEEN 2060956 AND 2060965 ORDER BY c
	Sort  (cost=39.66..39.68 rows=10 width=121)
	  Sort Key: c
	  ->  Index Scan using sbtest1_pkey on sbtest1  (cost=0.43..39.49 rows=10 width=121)
	        Index Cond: ((id >= 2060956) AND (id <= 2060965))

table 2 : explain SELECT c FROM sbtest2 WHERE id BETWEEN 6376553 AND 6376562 ORDER BY c
	Sort  (cost=42.88..42.91 rows=11 width=121)
	  Sort Key: c
	  ->  Index Scan using sbtest2_pkey on sbtest2  (cost=0.43..42.69 rows=11 width=121)
	        Index Cond: ((id >= 6376553) AND (id <= 6376562))

table 3 : explain SELECT c FROM sbtest3 WHERE id BETWEEN 2519400 AND 2519409 ORDER BY c
	Sort  (cost=39.32..39.35 rows=10 width=121)
	  Sort Key: c
	  ->  Index Scan using sbtest3_pkey on sbtest3  (cost=0.43..39.15 rows=10 width=121)
	        Index Cond: ((id >= 2519400) AND (id <= 2519409))

table 4 : explain SELECT c FROM sbtest4 WHERE id BETWEEN 395483 AND 395492 ORDER BY c
	Sort  (cost=35.64..35.66 rows=9 width=121)
	  Sort Key: c
	  ->  Index Scan using sbtest4_pkey on sbtest4  (cost=0.43..35.50 rows=9 width=121)
	        Index Cond: ((id >= 395483) AND (id <= 395492))

table 5 : explain SELECT c FROM sbtest5 WHERE id BETWEEN 6106414 AND 6106423 ORDER BY c
	Sort  (cost=39.45..39.47 rows=10 width=121)
	  Sort Key: c
	  ->  Index Scan using sbtest5_pkey on sbtest5  (cost=0.43..39.28 rows=10 width=121)
	        Index Cond: ((id >= 6106414) AND (id <= 6106423))

table 6 : explain SELECT c FROM sbtest6 WHERE id BETWEEN 7664080 AND 7664089 ORDER BY c
	Sort  (cost=39.59..39.61 rows=10 width=121)
	  Sort Key: c
	  ->  Index Scan using sbtest6_pkey on sbtest6  (cost=0.43..39.42 rows=10 width=121)
	        Index Cond: ((id >= 7664080) AND (id <= 7664089))

table 7 : explain SELECT c FROM sbtest7 WHERE id BETWEEN 5237757 AND 5237766 ORDER BY c
	Sort  (cost=36.19..36.21 rows=9 width=121)
	  Sort Key: c
	  ->  Index Scan using sbtest7_pkey on sbtest7  (cost=0.43..36.04 rows=9 width=121)
	        Index Cond: ((id >= 5237757) AND (id <= 5237766))

table 8 : explain SELECT c FROM sbtest8 WHERE id BETWEEN 4555559 AND 4555568 ORDER BY c
	Sort  (cost=39.66..39.69 rows=10 width=121)
	  Sort Key: c
	  ->  Index Scan using sbtest8_pkey on sbtest8  (cost=0.43..39.49 rows=10 width=121)
	        Index Cond: ((id >= 4555559) AND (id <= 4555568))

explain: for inserts :: explain INSERT INTO sbtest%u (id, k, c, pad) VALUES (%u, 13, 'foobar', 'foobar')
for inserts
table 1 : explain INSERT INTO sbtest1 (id, k, c, pad) VALUES (5356120, 13, 'foobar', 'foobar')
	Insert on sbtest1  (cost=0.00..0.01 rows=0 width=0)
	  ->  Result  (cost=0.00..0.01 rows=1 width=736)

table 2 : explain INSERT INTO sbtest2 (id, k, c, pad) VALUES (5518521, 13, 'foobar', 'foobar')
	Insert on sbtest2  (cost=0.00..0.01 rows=0 width=0)
	  ->  Result  (cost=0.00..0.01 rows=1 width=736)

table 3 : explain INSERT INTO sbtest3 (id, k, c, pad) VALUES (3330191, 13, 'foobar', 'foobar')
	Insert on sbtest3  (cost=0.00..0.01 rows=0 width=0)
	  ->  Result  (cost=0.00..0.01 rows=1 width=736)

table 4 : explain INSERT INTO sbtest4 (id, k, c, pad) VALUES (7267387, 13, 'foobar', 'foobar')
	Insert on sbtest4  (cost=0.00..0.01 rows=0 width=0)
	  ->  Result  (cost=0.00..0.01 rows=1 width=736)

table 5 : explain INSERT INTO sbtest5 (id, k, c, pad) VALUES (7842321, 13, 'foobar', 'foobar')
	Insert on sbtest5  (cost=0.00..0.01 rows=0 width=0)
	  ->  Result  (cost=0.00..0.01 rows=1 width=736)

table 6 : explain INSERT INTO sbtest6 (id, k, c, pad) VALUES (7155215, 13, 'foobar', 'foobar')
	Insert on sbtest6  (cost=0.00..0.01 rows=0 width=0)
	  ->  Result  (cost=0.00..0.01 rows=1 width=736)

table 7 : explain INSERT INTO sbtest7 (id, k, c, pad) VALUES (9436823, 13, 'foobar', 'foobar')
	Insert on sbtest7  (cost=0.00..0.01 rows=0 width=0)
	  ->  Result  (cost=0.00..0.01 rows=1 width=736)

table 8 : explain INSERT INTO sbtest8 (id, k, c, pad) VALUES (105649, 13, 'foobar', 'foobar')
	Insert on sbtest8  (cost=0.00..0.01 rows=0 width=0)
	  ->  Result  (cost=0.00..0.01 rows=1 width=736)

for inserts
table 1 : explain INSERT INTO sbtest1 (id, k, c, pad) VALUES (7228312, 13, 'foobar', 'foobar')
	Insert on sbtest1  (cost=0.00..0.01 rows=0 width=0)
	  ->  Result  (cost=0.00..0.01 rows=1 width=736)

table 2 : explain INSERT INTO sbtest2 (id, k, c, pad) VALUES (5087170, 13, 'foobar', 'foobar')
	Insert on sbtest2  (cost=0.00..0.01 rows=0 width=0)
	  ->  Result  (cost=0.00..0.01 rows=1 width=736)

table 3 : explain INSERT INTO sbtest3 (id, k, c, pad) VALUES (8137015, 13, 'foobar', 'foobar')
	Insert on sbtest3  (cost=0.00..0.01 rows=0 width=0)
	  ->  Result  (cost=0.00..0.01 rows=1 width=736)

table 4 : explain INSERT INTO sbtest4 (id, k, c, pad) VALUES (8577294, 13, 'foobar', 'foobar')
	Insert on sbtest4  (cost=0.00..0.01 rows=0 width=0)
	  ->  Result  (cost=0.00..0.01 rows=1 width=736)

table 5 : explain INSERT INTO sbtest5 (id, k, c, pad) VALUES (4997025, 13, 'foobar', 'foobar')
	Insert on sbtest5  (cost=0.00..0.01 rows=0 width=0)
	  ->  Result  (cost=0.00..0.01 rows=1 width=736)

table 6 : explain INSERT INTO sbtest6 (id, k, c, pad) VALUES (2510234, 13, 'foobar', 'foobar')
	Insert on sbtest6  (cost=0.00..0.01 rows=0 width=0)
	  ->  Result  (cost=0.00..0.01 rows=1 width=736)

table 7 : explain INSERT INTO sbtest7 (id, k, c, pad) VALUES (2483317, 13, 'foobar', 'foobar')
	Insert on sbtest7  (cost=0.00..0.01 rows=0 width=0)
	  ->  Result  (cost=0.00..0.01 rows=1 width=736)

table 8 : explain INSERT INTO sbtest8 (id, k, c, pad) VALUES (2416552, 13, 'foobar', 'foobar')
	Insert on sbtest8  (cost=0.00..0.01 rows=0 width=0)
	  ->  Result  (cost=0.00..0.01 rows=1 width=736)

for index_updates
table 1 : explain UPDATE sbtest1 SET k=k+1 WHERE id=8373588
	Update on sbtest1  (cost=0.43..8.46 rows=0 width=0)
	  ->  Index Scan using sbtest1_pkey on sbtest1  (cost=0.43..8.46 rows=1 width=10)
	        Index Cond: (id = 8373588)

table 2 : explain UPDATE sbtest2 SET k=k+1 WHERE id=5882154
	Update on sbtest2  (cost=0.43..8.46 rows=0 width=0)
	  ->  Index Scan using sbtest2_pkey on sbtest2  (cost=0.43..8.46 rows=1 width=10)
	        Index Cond: (id = 5882154)

table 3 : explain UPDATE sbtest3 SET k=k+1 WHERE id=9228469
	Update on sbtest3  (cost=0.43..8.46 rows=0 width=0)
	  ->  Index Scan using sbtest3_pkey on sbtest3  (cost=0.43..8.46 rows=1 width=10)
	        Index Cond: (id = 9228469)

table 4 : explain UPDATE sbtest4 SET k=k+1 WHERE id=1445171
	Update on sbtest4  (cost=0.43..8.46 rows=0 width=0)
	  ->  Index Scan using sbtest4_pkey on sbtest4  (cost=0.43..8.46 rows=1 width=10)
	        Index Cond: (id = 1445171)

table 5 : explain UPDATE sbtest5 SET k=k+1 WHERE id=8793655
	Update on sbtest5  (cost=0.43..8.46 rows=0 width=0)
	  ->  Index Scan using sbtest5_pkey on sbtest5  (cost=0.43..8.46 rows=1 width=10)
	        Index Cond: (id = 8793655)

table 6 : explain UPDATE sbtest6 SET k=k+1 WHERE id=4474320
	Update on sbtest6  (cost=0.43..8.46 rows=0 width=0)
	  ->  Index Scan using sbtest6_pkey on sbtest6  (cost=0.43..8.46 rows=1 width=10)
	        Index Cond: (id = 4474320)

table 7 : explain UPDATE sbtest7 SET k=k+1 WHERE id=5489289
	Update on sbtest7  (cost=0.43..8.46 rows=0 width=0)
	  ->  Index Scan using sbtest7_pkey on sbtest7  (cost=0.43..8.46 rows=1 width=10)
	        Index Cond: (id = 5489289)

table 8 : explain UPDATE sbtest8 SET k=k+1 WHERE id=606060
	Update on sbtest8  (cost=0.43..8.46 rows=0 width=0)
	  ->  Index Scan using sbtest8_pkey on sbtest8  (cost=0.43..8.46 rows=1 width=10)
	        Index Cond: (id = 606060)

for: order_ranges
table 1 : explain SELECT c FROM sbtest1 WHERE id BETWEEN 7652535 AND 7652544 ORDER BY c
	Sort  (cost=43.13..43.16 rows=11 width=121)
	  Sort Key: c
	  ->  Index Scan using sbtest1_pkey on sbtest1  (cost=0.43..42.94 rows=11 width=121)
	        Index Cond: ((id >= 7652535) AND (id <= 7652544))

table 2 : explain SELECT c FROM sbtest2 WHERE id BETWEEN 2242626 AND 2242635 ORDER BY c
	Sort  (cost=39.44..39.46 rows=10 width=121)
	  Sort Key: c
	  ->  Index Scan using sbtest2_pkey on sbtest2  (cost=0.43..39.27 rows=10 width=121)
	        Index Cond: ((id >= 2242626) AND (id <= 2242635))

table 3 : explain SELECT c FROM sbtest3 WHERE id BETWEEN 9062571 AND 9062580 ORDER BY c
	Sort  (cost=42.76..42.78 rows=11 width=121)
	  Sort Key: c
	  ->  Index Scan using sbtest3_pkey on sbtest3  (cost=0.43..42.57 rows=11 width=121)
	        Index Cond: ((id >= 9062571) AND (id <= 9062580))

table 4 : explain SELECT c FROM sbtest4 WHERE id BETWEEN 8297676 AND 8297685 ORDER BY c
	Sort  (cost=39.04..39.07 rows=10 width=121)
	  Sort Key: c
	  ->  Index Scan using sbtest4_pkey on sbtest4  (cost=0.43..38.88 rows=10 width=121)
	        Index Cond: ((id >= 8297676) AND (id <= 8297685))

table 5 : explain SELECT c FROM sbtest5 WHERE id BETWEEN 1085378 AND 1085387 ORDER BY c
	Sort  (cost=42.89..42.92 rows=11 width=121)
	  Sort Key: c
	  ->  Index Scan using sbtest5_pkey on sbtest5  (cost=0.43..42.70 rows=11 width=121)
	        Index Cond: ((id >= 1085378) AND (id <= 1085387))

table 6 : explain SELECT c FROM sbtest6 WHERE id BETWEEN 1609059 AND 1609068 ORDER BY c
	Sort  (cost=39.59..39.61 rows=10 width=121)
	  Sort Key: c
	  ->  Index Scan using sbtest6_pkey on sbtest6  (cost=0.43..39.42 rows=10 width=121)
	        Index Cond: ((id >= 1609059) AND (id <= 1609068))

table 7 : explain SELECT c FROM sbtest7 WHERE id BETWEEN 9215388 AND 9215397 ORDER BY c
	Sort  (cost=39.66..39.68 rows=10 width=121)
	  Sort Key: c
	  ->  Index Scan using sbtest7_pkey on sbtest7  (cost=0.43..39.49 rows=10 width=121)
	        Index Cond: ((id >= 9215388) AND (id <= 9215397))

table 8 : explain SELECT c FROM sbtest8 WHERE id BETWEEN 8469868 AND 8469877 ORDER BY c
	Sort  (cost=39.66..39.69 rows=10 width=121)
	  Sort Key: c
	  ->  Index Scan using sbtest8_pkey on sbtest8  (cost=0.43..39.49 rows=10 width=121)
	        Index Cond: ((id >= 8469868) AND (id <= 8469877))

for index_updates
table 1 : explain UPDATE sbtest1 SET k=k+1 WHERE id=4022055
	Update on sbtest1  (cost=0.43..8.46 rows=0 width=0)
	  ->  Index Scan using sbtest1_pkey on sbtest1  (cost=0.43..8.46 rows=1 width=10)
	        Index Cond: (id = 4022055)

table 2 : explain UPDATE sbtest2 SET k=k+1 WHERE id=8741315
	Update on sbtest2  (cost=0.43..8.46 rows=0 width=0)
	  ->  Index Scan using sbtest2_pkey on sbtest2  (cost=0.43..8.46 rows=1 width=10)
	        Index Cond: (id = 8741315)

table 3 : explain UPDATE sbtest3 SET k=k+1 WHERE id=3282172
	Update on sbtest3  (cost=0.43..8.46 rows=0 width=0)
	  ->  Index Scan using sbtest3_pkey on sbtest3  (cost=0.43..8.46 rows=1 width=10)
	        Index Cond: (id = 3282172)

table 4 : explain UPDATE sbtest4 SET k=k+1 WHERE id=376485
	Update on sbtest4  (cost=0.43..8.46 rows=0 width=0)
	  ->  Index Scan using sbtest4_pkey on sbtest4  (cost=0.43..8.46 rows=1 width=10)
	        Index Cond: (id = 376485)

table 5 : explain UPDATE sbtest5 SET k=k+1 WHERE id=2965888
	Update on sbtest5  (cost=0.43..8.46 rows=0 width=0)
	  ->  Index Scan using sbtest5_pkey on sbtest5  (cost=0.43..8.46 rows=1 width=10)
	        Index Cond: (id = 2965888)

table 6 : explain UPDATE sbtest6 SET k=k+1 WHERE id=4640934
	Update on sbtest6  (cost=0.43..8.46 rows=0 width=0)
	  ->  Index Scan using sbtest6_pkey on sbtest6  (cost=0.43..8.46 rows=1 width=10)
	        Index Cond: (id = 4640934)

table 7 : explain UPDATE sbtest7 SET k=k+1 WHERE id=4579754
	Update on sbtest7  (cost=0.43..8.46 rows=0 width=0)
	  ->  Index Scan using sbtest7_pkey on sbtest7  (cost=0.43..8.46 rows=1 width=10)
	        Index Cond: (id = 4579754)

table 8 : explain UPDATE sbtest8 SET k=k+1 WHERE id=6587267
	Update on sbtest8  (cost=0.43..8.46 rows=0 width=0)
	  ->  Index Scan using sbtest8_pkey on sbtest8  (cost=0.43..8.46 rows=1 width=10)
	        Index Cond: (id = 6587267)

for: order_ranges
table 1 : explain SELECT c FROM sbtest1 WHERE id BETWEEN 1917731 AND 1917740 ORDER BY c
	Sort  (cost=39.66..39.68 rows=10 width=121)
	  Sort Key: c
	  ->  Index Scan using sbtest1_pkey on sbtest1  (cost=0.43..39.49 rows=10 width=121)
	        Index Cond: ((id >= 1917731) AND (id <= 1917740))

table 2 : explain SELECT c FROM sbtest2 WHERE id BETWEEN 594666 AND 594675 ORDER BY c
	Sort  (cost=35.99..36.01 rows=9 width=121)
	  Sort Key: c
	  ->  Index Scan using sbtest2_pkey on sbtest2  (cost=0.43..35.85 rows=9 width=121)
	        Index Cond: ((id >= 594666) AND (id <= 594675))

table 3 : explain SELECT c FROM sbtest3 WHERE id BETWEEN 1937750 AND 1937759 ORDER BY c
	Sort  (cost=39.32..39.35 rows=10 width=121)
	  Sort Key: c
	  ->  Index Scan using sbtest3_pkey on sbtest3  (cost=0.43..39.15 rows=10 width=121)
	        Index Cond: ((id >= 1937750) AND (id <= 1937759))

table 4 : explain SELECT c FROM sbtest4 WHERE id BETWEEN 5619781 AND 5619790 ORDER BY c
	Sort  (cost=39.04..39.07 rows=10 width=121)
	  Sort Key: c
	  ->  Index Scan using sbtest4_pkey on sbtest4  (cost=0.43..38.88 rows=10 width=121)
	        Index Cond: ((id >= 5619781) AND (id <= 5619790))

table 5 : explain SELECT c FROM sbtest5 WHERE id BETWEEN 4597257 AND 4597266 ORDER BY c
	Sort  (cost=39.45..39.47 rows=10 width=121)
	  Sort Key: c
	  ->  Index Scan using sbtest5_pkey on sbtest5  (cost=0.43..39.28 rows=10 width=121)
	        Index Cond: ((id >= 4597257) AND (id <= 4597266))

table 6 : explain SELECT c FROM sbtest6 WHERE id BETWEEN 1882791 AND 1882800 ORDER BY c
	Sort  (cost=39.59..39.61 rows=10 width=121)
	  Sort Key: c
	  ->  Index Scan using sbtest6_pkey on sbtest6  (cost=0.43..39.42 rows=10 width=121)
	        Index Cond: ((id >= 1882791) AND (id <= 1882800))

table 7 : explain SELECT c FROM sbtest7 WHERE id BETWEEN 478268 AND 478277 ORDER BY c
	Sort  (cost=39.66..39.68 rows=10 width=121)
	  Sort Key: c
	  ->  Index Scan using sbtest7_pkey on sbtest7  (cost=0.43..39.49 rows=10 width=121)
	        Index Cond: ((id >= 478268) AND (id <= 478277))

table 8 : explain SELECT c FROM sbtest8 WHERE id BETWEEN 3363753 AND 3363762 ORDER BY c
	Sort  (cost=39.66..39.69 rows=10 width=121)
	  Sort Key: c
	  ->  Index Scan using sbtest8_pkey on sbtest8  (cost=0.43..39.49 rows=10 width=121)
	        Index Cond: ((id >= 3363753) AND (id <= 3363762))

for: order_ranges
table 1 : explain SELECT c FROM sbtest1 WHERE id BETWEEN 2756944 AND 2756953 ORDER BY c
	Sort  (cost=39.66..39.68 rows=10 width=121)
	  Sort Key: c
	  ->  Index Scan using sbtest1_pkey on sbtest1  (cost=0.43..39.49 rows=10 width=121)
	        Index Cond: ((id >= 2756944) AND (id <= 2756953))

table 2 : explain SELECT c FROM sbtest2 WHERE id BETWEEN 4320227 AND 4320236 ORDER BY c
	Sort  (cost=39.44..39.46 rows=10 width=121)
	  Sort Key: c
	  ->  Index Scan using sbtest2_pkey on sbtest2  (cost=0.43..39.27 rows=10 width=121)
	        Index Cond: ((id >= 4320227) AND (id <= 4320236))

table 3 : explain SELECT c FROM sbtest3 WHERE id BETWEEN 5442768 AND 5442777 ORDER BY c
	Sort  (cost=39.32..39.35 rows=10 width=121)
	  Sort Key: c
	  ->  Index Scan using sbtest3_pkey on sbtest3  (cost=0.43..39.15 rows=10 width=121)
	        Index Cond: ((id >= 5442768) AND (id <= 5442777))

table 4 : explain SELECT c FROM sbtest4 WHERE id BETWEEN 2480453 AND 2480462 ORDER BY c
	Sort  (cost=39.04..39.07 rows=10 width=121)
	  Sort Key: c
	  ->  Index Scan using sbtest4_pkey on sbtest4  (cost=0.43..38.88 rows=10 width=121)
	        Index Cond: ((id >= 2480453) AND (id <= 2480462))

table 5 : explain SELECT c FROM sbtest5 WHERE id BETWEEN 4396845 AND 4396854 ORDER BY c
	Sort  (cost=39.45..39.47 rows=10 width=121)
	  Sort Key: c
	  ->  Index Scan using sbtest5_pkey on sbtest5  (cost=0.43..39.28 rows=10 width=121)
	        Index Cond: ((id >= 4396845) AND (id <= 4396854))

table 6 : explain SELECT c FROM sbtest6 WHERE id BETWEEN 8393258 AND 8393267 ORDER BY c
	Sort  (cost=36.12..36.15 rows=9 width=121)
	  Sort Key: c
	  ->  Index Scan using sbtest6_pkey on sbtest6  (cost=0.43..35.98 rows=9 width=121)
	        Index Cond: ((id >= 8393258) AND (id <= 8393267))

table 7 : explain SELECT c FROM sbtest7 WHERE id BETWEEN 3217614 AND 3217623 ORDER BY c
	Sort  (cost=39.66..39.68 rows=10 width=121)
	  Sort Key: c
	  ->  Index Scan using sbtest7_pkey on sbtest7  (cost=0.43..39.49 rows=10 width=121)
	        Index Cond: ((id >= 3217614) AND (id <= 3217623))

table 8 : explain SELECT c FROM sbtest8 WHERE id BETWEEN 8464545 AND 8464554 ORDER BY c
	Sort  (cost=39.66..39.69 rows=10 width=121)
	  Sort Key: c
	  ->  Index Scan using sbtest8_pkey on sbtest8  (cost=0.43..39.49 rows=10 width=121)
	        Index Cond: ((id >= 8464545) AND (id <= 8464554))

for index_updates
table 1 : explain UPDATE sbtest1 SET k=k+1 WHERE id=5602185
	Update on sbtest1  (cost=0.43..8.46 rows=0 width=0)
	  ->  Index Scan using sbtest1_pkey on sbtest1  (cost=0.43..8.46 rows=1 width=10)
	        Index Cond: (id = 5602185)

table 2 : explain UPDATE sbtest2 SET k=k+1 WHERE id=262469
	Update on sbtest2  (cost=0.43..8.46 rows=0 width=0)
	  ->  Index Scan using sbtest2_pkey on sbtest2  (cost=0.43..8.46 rows=1 width=10)
	        Index Cond: (id = 262469)

table 3 : explain UPDATE sbtest3 SET k=k+1 WHERE id=9279763
	Update on sbtest3  (cost=0.43..8.46 rows=0 width=0)
	  ->  Index Scan using sbtest3_pkey on sbtest3  (cost=0.43..8.46 rows=1 width=10)
	        Index Cond: (id = 9279763)

table 4 : explain UPDATE sbtest4 SET k=k+1 WHERE id=4869926
	Update on sbtest4  (cost=0.43..8.46 rows=0 width=0)
	  ->  Index Scan using sbtest4_pkey on sbtest4  (cost=0.43..8.46 rows=1 width=10)
	        Index Cond: (id = 4869926)

table 5 : explain UPDATE sbtest5 SET k=k+1 WHERE id=2279862
	Update on sbtest5  (cost=0.43..8.46 rows=0 width=0)
	  ->  Index Scan using sbtest5_pkey on sbtest5  (cost=0.43..8.46 rows=1 width=10)
	        Index Cond: (id = 2279862)

table 6 : explain UPDATE sbtest6 SET k=k+1 WHERE id=5120158
	Update on sbtest6  (cost=0.43..8.46 rows=0 width=0)
	  ->  Index Scan using sbtest6_pkey on sbtest6  (cost=0.43..8.46 rows=1 width=10)
	        Index Cond: (id = 5120158)

table 7 : explain UPDATE sbtest7 SET k=k+1 WHERE id=9015129
	Update on sbtest7  (cost=0.43..8.46 rows=0 width=0)
	  ->  Index Scan using sbtest7_pkey on sbtest7  (cost=0.43..8.46 rows=1 width=10)
	        Index Cond: (id = 9015129)

table 8 : explain UPDATE sbtest8 SET k=k+1 WHERE id=9373965
	Update on sbtest8  (cost=0.43..8.46 rows=0 width=0)
	  ->  Index Scan using sbtest8_pkey on sbtest8  (cost=0.43..8.46 rows=1 width=10)
	        Index Cond: (id = 9373965)

for inserts
table 1 : explain INSERT INTO sbtest1 (id, k, c, pad) VALUES (521644, 13, 'foobar', 'foobar')
	Insert on sbtest1  (cost=0.00..0.01 rows=0 width=0)
	  ->  Result  (cost=0.00..0.01 rows=1 width=736)

table 2 : explain INSERT INTO sbtest2 (id, k, c, pad) VALUES (3109173, 13, 'foobar', 'foobar')
	Insert on sbtest2  (cost=0.00..0.01 rows=0 width=0)
	  ->  Result  (cost=0.00..0.01 rows=1 width=736)

table 3 : explain INSERT INTO sbtest3 (id, k, c, pad) VALUES (2678700, 13, 'foobar', 'foobar')
	Insert on sbtest3  (cost=0.00..0.01 rows=0 width=0)
	  ->  Result  (cost=0.00..0.01 rows=1 width=736)

table 4 : explain INSERT INTO sbtest4 (id, k, c, pad) VALUES (5216070, 13, 'foobar', 'foobar')
	Insert on sbtest4  (cost=0.00..0.01 rows=0 width=0)
	  ->  Result  (cost=0.00..0.01 rows=1 width=736)

table 5 : explain INSERT INTO sbtest5 (id, k, c, pad) VALUES (38321, 13, 'foobar', 'foobar')
	Insert on sbtest5  (cost=0.00..0.01 rows=0 width=0)
	  ->  Result  (cost=0.00..0.01 rows=1 width=736)

table 6 : explain INSERT INTO sbtest6 (id, k, c, pad) VALUES (9585881, 13, 'foobar', 'foobar')
	Insert on sbtest6  (cost=0.00..0.01 rows=0 width=0)
	  ->  Result  (cost=0.00..0.01 rows=1 width=736)

table 7 : explain INSERT INTO sbtest7 (id, k, c, pad) VALUES (8170468, 13, 'foobar', 'foobar')
	Insert on sbtest7  (cost=0.00..0.01 rows=0 width=0)
	  ->  Result  (cost=0.00..0.01 rows=1 width=736)

table 8 : explain INSERT INTO sbtest8 (id, k, c, pad) VALUES (1548965, 13, 'foobar', 'foobar')
	Insert on sbtest8  (cost=0.00..0.01 rows=0 width=0)
	  ->  Result  (cost=0.00..0.01 rows=1 width=736)

for: sum_ranges
table 1 : explain SELECT SUM(k) FROM sbtest1 WHERE id BETWEEN 5426417 AND 5426426
	Aggregate  (cost=39.51..39.52 rows=1 width=8)
	  ->  Index Scan using sbtest1_pkey on sbtest1  (cost=0.43..39.49 rows=10 width=4)
	        Index Cond: ((id >= 5426417) AND (id <= 5426426))

table 2 : explain SELECT SUM(k) FROM sbtest2 WHERE id BETWEEN 3414548 AND 3414557
	Aggregate  (cost=39.29..39.30 rows=1 width=8)
	  ->  Index Scan using sbtest2_pkey on sbtest2  (cost=0.43..39.27 rows=10 width=4)
	        Index Cond: ((id >= 3414548) AND (id <= 3414557))

table 3 : explain SELECT SUM(k) FROM sbtest3 WHERE id BETWEEN 6029250 AND 6029259
	Aggregate  (cost=39.18..39.19 rows=1 width=8)
	  ->  Index Scan using sbtest3_pkey on sbtest3  (cost=0.43..39.15 rows=10 width=4)
	        Index Cond: ((id >= 6029250) AND (id <= 6029259))

table 4 : explain SELECT SUM(k) FROM sbtest4 WHERE id BETWEEN 4238675 AND 4238684
	Aggregate  (cost=38.90..38.91 rows=1 width=8)
	  ->  Index Scan using sbtest4_pkey on sbtest4  (cost=0.43..38.88 rows=10 width=4)
	        Index Cond: ((id >= 4238675) AND (id <= 4238684))

table 5 : explain SELECT SUM(k) FROM sbtest5 WHERE id BETWEEN 1536831 AND 1536840
	Aggregate  (cost=39.30..39.31 rows=1 width=8)
	  ->  Index Scan using sbtest5_pkey on sbtest5  (cost=0.43..39.28 rows=10 width=4)
	        Index Cond: ((id >= 1536831) AND (id <= 1536840))

table 6 : explain SELECT SUM(k) FROM sbtest6 WHERE id BETWEEN 354703 AND 354712
	Aggregate  (cost=39.45..39.46 rows=1 width=8)
	  ->  Index Scan using sbtest6_pkey on sbtest6  (cost=0.43..39.42 rows=10 width=4)
	        Index Cond: ((id >= 354703) AND (id <= 354712))

table 7 : explain SELECT SUM(k) FROM sbtest7 WHERE id BETWEEN 8859996 AND 8860005
	Aggregate  (cost=39.52..39.53 rows=1 width=8)
	  ->  Index Scan using sbtest7_pkey on sbtest7  (cost=0.43..39.49 rows=10 width=4)
	        Index Cond: ((id >= 8859996) AND (id <= 8860005))

table 8 : explain SELECT SUM(k) FROM sbtest8 WHERE id BETWEEN 7731303 AND 7731312
	Aggregate  (cost=39.52..39.53 rows=1 width=8)
	  ->  Index Scan using sbtest8_pkey on sbtest8  (cost=0.43..39.49 rows=10 width=4)
	        Index Cond: ((id >= 7731303) AND (id <= 7731312))

explain: for non_index_updates :: explain UPDATE sbtest%u SET c='foobar' WHERE id=%u
explain: for non_index_updates :: explain UPDATE sbtest%u SET c='foobar' WHERE id=%u
for: distinct_ranges
table 1 : explain SELECT DISTINCT c FROM sbtest1 WHERE id BETWEEN 3291453 AND 3291462 ORDER BY c
	Unique  (cost=39.66..39.71 rows=10 width=121)
	  ->  Sort  (cost=39.66..39.68 rows=10 width=121)
	        Sort Key: c
	        ->  Index Scan using sbtest1_pkey on sbtest1  (cost=0.43..39.49 rows=10 width=121)
	              Index Cond: ((id >= 3291453) AND (id <= 3291462))

table 2 : explain SELECT DISTINCT c FROM sbtest2 WHERE id BETWEEN 2025727 AND 2025736 ORDER BY c
	Unique  (cost=35.99..36.03 rows=9 width=121)
	  ->  Sort  (cost=35.99..36.01 rows=9 width=121)
	        Sort Key: c
	        ->  Index Scan using sbtest2_pkey on sbtest2  (cost=0.43..35.85 rows=9 width=121)
	              Index Cond: ((id >= 2025727) AND (id <= 2025736))

table 3 : explain SELECT DISTINCT c FROM sbtest3 WHERE id BETWEEN 1432060 AND 1432069 ORDER BY c
	Unique  (cost=39.32..39.37 rows=10 width=121)
	  ->  Sort  (cost=39.32..39.35 rows=10 width=121)
	        Sort Key: c
	        ->  Index Scan using sbtest3_pkey on sbtest3  (cost=0.43..39.15 rows=10 width=121)
	              Index Cond: ((id >= 1432060) AND (id <= 1432069))

table 4 : explain SELECT DISTINCT c FROM sbtest4 WHERE id BETWEEN 8115045 AND 8115054 ORDER BY c
	Unique  (cost=35.64..35.68 rows=9 width=121)
	  ->  Sort  (cost=35.64..35.66 rows=9 width=121)
	        Sort Key: c
	        ->  Index Scan using sbtest4_pkey on sbtest4  (cost=0.43..35.50 rows=9 width=121)
	              Index Cond: ((id >= 8115045) AND (id <= 8115054))

table 5 : explain SELECT DISTINCT c FROM sbtest5 WHERE id BETWEEN 250827 AND 250836 ORDER BY c
	Unique  (cost=39.45..39.50 rows=10 width=121)
	  ->  Sort  (cost=39.45..39.47 rows=10 width=121)
	        Sort Key: c
	        ->  Index Scan using sbtest5_pkey on sbtest5  (cost=0.43..39.28 rows=10 width=121)
	              Index Cond: ((id >= 250827) AND (id <= 250836))

table 6 : explain SELECT DISTINCT c FROM sbtest6 WHERE id BETWEEN 3366813 AND 3366822 ORDER BY c
	Unique  (cost=39.59..39.64 rows=10 width=121)
	  ->  Sort  (cost=39.59..39.61 rows=10 width=121)
	        Sort Key: c
	        ->  Index Scan using sbtest6_pkey on sbtest6  (cost=0.43..39.42 rows=10 width=121)
	              Index Cond: ((id >= 3366813) AND (id <= 3366822))

table 7 : explain SELECT DISTINCT c FROM sbtest7 WHERE id BETWEEN 6337326 AND 6337335 ORDER BY c
	Unique  (cost=39.66..39.71 rows=10 width=121)
	  ->  Sort  (cost=39.66..39.68 rows=10 width=121)
	        Sort Key: c
	        ->  Index Scan using sbtest7_pkey on sbtest7  (cost=0.43..39.49 rows=10 width=121)
	              Index Cond: ((id >= 6337326) AND (id <= 6337335))

table 8 : explain SELECT DISTINCT c FROM sbtest8 WHERE id BETWEEN 1175136 AND 1175145 ORDER BY c
	Unique  (cost=39.66..39.71 rows=10 width=121)
	  ->  Sort  (cost=39.66..39.69 rows=10 width=121)
	        Sort Key: c
	        ->  Index Scan using sbtest8_pkey on sbtest8  (cost=0.43..39.49 rows=10 width=121)
	              Index Cond: ((id >= 1175136) AND (id <= 1175145))

for: order_ranges
table 1 : explain SELECT c FROM sbtest1 WHERE id BETWEEN 6938607 AND 6938616 ORDER BY c
	Sort  (cost=39.66..39.68 rows=10 width=121)
	  Sort Key: c
	  ->  Index Scan using sbtest1_pkey on sbtest1  (cost=0.43..39.49 rows=10 width=121)
	        Index Cond: ((id >= 6938607) AND (id <= 6938616))

table 2 : explain SELECT c FROM sbtest2 WHERE id BETWEEN 4753094 AND 4753103 ORDER BY c
	Sort  (cost=35.99..36.01 rows=9 width=121)
	  Sort Key: c
	  ->  Index Scan using sbtest2_pkey on sbtest2  (cost=0.43..35.85 rows=9 width=121)
	        Index Cond: ((id >= 4753094) AND (id <= 4753103))

table 3 : explain SELECT c FROM sbtest3 WHERE id BETWEEN 7518600 AND 7518609 ORDER BY c
	Sort  (cost=42.76..42.78 rows=11 width=121)
	  Sort Key: c
	  ->  Index Scan using sbtest3_pkey on sbtest3  (cost=0.43..42.57 rows=11 width=121)
	        Index Cond: ((id >= 7518600) AND (id <= 7518609))

table 4 : explain SELECT c FROM sbtest4 WHERE id BETWEEN 7727375 AND 7727384 ORDER BY c
	Sort  (cost=39.04..39.07 rows=10 width=121)
	  Sort Key: c
	  ->  Index Scan using sbtest4_pkey on sbtest4  (cost=0.43..38.88 rows=10 width=121)
	        Index Cond: ((id >= 7727375) AND (id <= 7727384))

table 5 : explain SELECT c FROM sbtest5 WHERE id BETWEEN 4998465 AND 4998474 ORDER BY c
	Sort  (cost=36.00..36.02 rows=9 width=121)
	  Sort Key: c
	  ->  Index Scan using sbtest5_pkey on sbtest5  (cost=0.43..35.85 rows=9 width=121)
	        Index Cond: ((id >= 4998465) AND (id <= 4998474))

table 6 : explain SELECT c FROM sbtest6 WHERE id BETWEEN 2104179 AND 2104188 ORDER BY c
	Sort  (cost=36.12..36.15 rows=9 width=121)
	  Sort Key: c
	  ->  Index Scan using sbtest6_pkey on sbtest6  (cost=0.43..35.98 rows=9 width=121)
	        Index Cond: ((id >= 2104179) AND (id <= 2104188))

table 7 : explain SELECT c FROM sbtest7 WHERE id BETWEEN 2326860 AND 2326869 ORDER BY c
	Sort  (cost=39.66..39.68 rows=10 width=121)
	  Sort Key: c
	  ->  Index Scan using sbtest7_pkey on sbtest7  (cost=0.43..39.49 rows=10 width=121)
	        Index Cond: ((id >= 2326860) AND (id <= 2326869))

table 8 : explain SELECT c FROM sbtest8 WHERE id BETWEEN 6385670 AND 6385679 ORDER BY c
	Sort  (cost=46.61..46.64 rows=12 width=121)
	  Sort Key: c
	  ->  Index Scan using sbtest8_pkey on sbtest8  (cost=0.43..46.39 rows=12 width=121)
	        Index Cond: ((id >= 6385670) AND (id <= 6385679))

for non_index_updates
table 1 : explain UPDATE sbtest1 SET c='foobar' WHERE id=1306460
	Update on sbtest1  (cost=0.43..8.45 rows=0 width=0)
	  ->  Index Scan using sbtest1_pkey on sbtest1  (cost=0.43..8.45 rows=1 width=490)
	        Index Cond: (id = 1306460)

table 2 : explain UPDATE sbtest2 SET c='foobar' WHERE id=7597670
	Update on sbtest2  (cost=0.43..8.45 rows=0 width=0)
	  ->  Index Scan using sbtest2_pkey on sbtest2  (cost=0.43..8.45 rows=1 width=490)
	        Index Cond: (id = 7597670)

table 3 : explain UPDATE sbtest3 SET c='foobar' WHERE id=2505632
	Update on sbtest3  (cost=0.43..8.45 rows=0 width=0)
	  ->  Index Scan using sbtest3_pkey on sbtest3  (cost=0.43..8.45 rows=1 width=490)
	        Index Cond: (id = 2505632)

table 4 : explain UPDATE sbtest4 SET c='foobar' WHERE id=5831128
	Update on sbtest4  (cost=0.43..8.45 rows=0 width=0)
	  ->  Index Scan using sbtest4_pkey on sbtest4  (cost=0.43..8.45 rows=1 width=490)
	        Index Cond: (id = 5831128)

table 5 : explain UPDATE sbtest5 SET c='foobar' WHERE id=6137728
	Update on sbtest5  (cost=0.43..8.45 rows=0 width=0)
	  ->  Index Scan using sbtest5_pkey on sbtest5  (cost=0.43..8.45 rows=1 width=490)
	        Index Cond: (id = 6137728)

table 6 : explain UPDATE sbtest6 SET c='foobar' WHERE id=2845352
	Update on sbtest6  (cost=0.43..8.45 rows=0 width=0)
	  ->  Index Scan using sbtest6_pkey on sbtest6  (cost=0.43..8.45 rows=1 width=490)
	        Index Cond: (id = 2845352)

table 7 : explain UPDATE sbtest7 SET c='foobar' WHERE id=3583845
	Update on sbtest7  (cost=0.43..8.45 rows=0 width=0)
	  ->  Index Scan using sbtest7_pkey on sbtest7  (cost=0.43..8.45 rows=1 width=490)
	        Index Cond: (id = 3583845)

table 8 : explain UPDATE sbtest8 SET c='foobar' WHERE id=7619536
	Update on sbtest8  (cost=0.43..8.45 rows=0 width=0)
	  ->  Index Scan using sbtest8_pkey on sbtest8  (cost=0.43..8.45 rows=1 width=490)
	        Index Cond: (id = 7619536)

for: sum_ranges
table 1 : explain SELECT SUM(k) FROM sbtest1 WHERE id BETWEEN 8644419 AND 8644428
	Aggregate  (cost=42.97..42.98 rows=1 width=8)
	  ->  Index Scan using sbtest1_pkey on sbtest1  (cost=0.43..42.94 rows=11 width=4)
	        Index Cond: ((id >= 8644419) AND (id <= 8644428))

table 2 : explain SELECT SUM(k) FROM sbtest2 WHERE id BETWEEN 1166103 AND 1166112
	Aggregate  (cost=39.29..39.30 rows=1 width=8)
	  ->  Index Scan using sbtest2_pkey on sbtest2  (cost=0.43..39.27 rows=10 width=4)
	        Index Cond: ((id >= 1166103) AND (id <= 1166112))

table 3 : explain SELECT SUM(k) FROM sbtest3 WHERE id BETWEEN 9323365 AND 9323374
	Aggregate  (cost=42.59..42.60 rows=1 width=8)
	  ->  Index Scan using sbtest3_pkey on sbtest3  (cost=0.43..42.57 rows=11 width=4)
	        Index Cond: ((id >= 9323365) AND (id <= 9323374))

table 4 : explain SELECT SUM(k) FROM sbtest4 WHERE id BETWEEN 219275 AND 219284
	Aggregate  (cost=38.90..38.91 rows=1 width=8)
	  ->  Index Scan using sbtest4_pkey on sbtest4  (cost=0.43..38.88 rows=10 width=4)
	        Index Cond: ((id >= 219275) AND (id <= 219284))

table 5 : explain SELECT SUM(k) FROM sbtest5 WHERE id BETWEEN 6735362 AND 6735371
	Aggregate  (cost=39.30..39.31 rows=1 width=8)
	  ->  Index Scan using sbtest5_pkey on sbtest5  (cost=0.43..39.28 rows=10 width=4)
	        Index Cond: ((id >= 6735362) AND (id <= 6735371))

table 6 : explain SELECT SUM(k) FROM sbtest6 WHERE id BETWEEN 7366873 AND 7366882
	Aggregate  (cost=39.45..39.46 rows=1 width=8)
	  ->  Index Scan using sbtest6_pkey on sbtest6  (cost=0.43..39.42 rows=10 width=4)
	        Index Cond: ((id >= 7366873) AND (id <= 7366882))

table 7 : explain SELECT SUM(k) FROM sbtest7 WHERE id BETWEEN 2850310 AND 2850319
	Aggregate  (cost=36.07..36.08 rows=1 width=8)
	  ->  Index Scan using sbtest7_pkey on sbtest7  (cost=0.43..36.04 rows=9 width=4)
	        Index Cond: ((id >= 2850310) AND (id <= 2850319))

table 8 : explain SELECT SUM(k) FROM sbtest8 WHERE id BETWEEN 2185631 AND 2185640
	Aggregate  (cost=42.97..42.98 rows=1 width=8)
	  ->  Index Scan using sbtest8_pkey on sbtest8  (cost=0.43..42.94 rows=11 width=4)
	        Index Cond: ((id >= 2185631) AND (id <= 2185640))

explain: for non_index_updates :: explain UPDATE sbtest%u SET c='foobar' WHERE id=%u
for: sum_ranges
table 1 : explain SELECT SUM(k) FROM sbtest1 WHERE id BETWEEN 5496917 AND 5496926
	Aggregate  (cost=39.51..39.52 rows=1 width=8)
	  ->  Index Scan using sbtest1_pkey on sbtest1  (cost=0.43..39.49 rows=10 width=4)
	        Index Cond: ((id >= 5496917) AND (id <= 5496926))

table 2 : explain SELECT SUM(k) FROM sbtest2 WHERE id BETWEEN 5236752 AND 5236761
	Aggregate  (cost=39.29..39.30 rows=1 width=8)
	  ->  Index Scan using sbtest2_pkey on sbtest2  (cost=0.43..39.27 rows=10 width=4)
	        Index Cond: ((id >= 5236752) AND (id <= 5236761))

table 3 : explain SELECT SUM(k) FROM sbtest3 WHERE id BETWEEN 688235 AND 688244
	Aggregate  (cost=35.77..35.78 rows=1 width=8)
	  ->  Index Scan using sbtest3_pkey on sbtest3  (cost=0.43..35.74 rows=9 width=4)
	        Index Cond: ((id >= 688235) AND (id <= 688244))

table 4 : explain SELECT SUM(k) FROM sbtest4 WHERE id BETWEEN 6549198 AND 6549207
	Aggregate  (cost=35.52..35.53 rows=1 width=8)
	  ->  Index Scan using sbtest4_pkey on sbtest4  (cost=0.43..35.50 rows=9 width=4)
	        Index Cond: ((id >= 6549198) AND (id <= 6549207))

table 5 : explain SELECT SUM(k) FROM sbtest5 WHERE id BETWEEN 3883950 AND 3883959
	Aggregate  (cost=35.88..35.89 rows=1 width=8)
	  ->  Index Scan using sbtest5_pkey on sbtest5  (cost=0.43..35.85 rows=9 width=4)
	        Index Cond: ((id >= 3883950) AND (id <= 3883959))

table 6 : explain SELECT SUM(k) FROM sbtest6 WHERE id BETWEEN 1007620 AND 1007629
	Aggregate  (cost=39.45..39.46 rows=1 width=8)
	  ->  Index Scan using sbtest6_pkey on sbtest6  (cost=0.43..39.42 rows=10 width=4)
	        Index Cond: ((id >= 1007620) AND (id <= 1007629))

table 7 : explain SELECT SUM(k) FROM sbtest7 WHERE id BETWEEN 5487341 AND 5487350
	Aggregate  (cost=39.52..39.53 rows=1 width=8)
	  ->  Index Scan using sbtest7_pkey on sbtest7  (cost=0.43..39.49 rows=10 width=4)
	        Index Cond: ((id >= 5487341) AND (id <= 5487350))

table 8 : explain SELECT SUM(k) FROM sbtest8 WHERE id BETWEEN 9967317 AND 9967326
	Aggregate  (cost=39.52..39.53 rows=1 width=8)
	  ->  Index Scan using sbtest8_pkey on sbtest8  (cost=0.43..39.49 rows=10 width=4)
	        Index Cond: ((id >= 9967317) AND (id <= 9967326))

explain: for index_updates :: explain UPDATE sbtest%u SET k=k+1 WHERE id=%u
explain: for deletes :: explain DELETE FROM sbtest%u WHERE id=%u
for: distinct_ranges
table 1 : explain SELECT DISTINCT c FROM sbtest1 WHERE id BETWEEN 8357587 AND 8357596 ORDER BY c
	Unique  (cost=43.13..43.18 rows=11 width=121)
	  ->  Sort  (cost=43.13..43.16 rows=11 width=121)
	        Sort Key: c
	        ->  Index Scan using sbtest1_pkey on sbtest1  (cost=0.43..42.94 rows=11 width=121)
	              Index Cond: ((id >= 8357587) AND (id <= 8357596))

table 2 : explain SELECT DISTINCT c FROM sbtest2 WHERE id BETWEEN 7552789 AND 7552798 ORDER BY c
	Unique  (cost=35.99..36.03 rows=9 width=121)
	  ->  Sort  (cost=35.99..36.01 rows=9 width=121)
	        Sort Key: c
	        ->  Index Scan using sbtest2_pkey on sbtest2  (cost=0.43..35.85 rows=9 width=121)
	              Index Cond: ((id >= 7552789) AND (id <= 7552798))

table 3 : explain SELECT DISTINCT c FROM sbtest3 WHERE id BETWEEN 8694401 AND 8694410 ORDER BY c
	Unique  (cost=39.32..39.37 rows=10 width=121)
	  ->  Sort  (cost=39.32..39.35 rows=10 width=121)
	        Sort Key: c
	        ->  Index Scan using sbtest3_pkey on sbtest3  (cost=0.43..39.15 rows=10 width=121)
	              Index Cond: ((id >= 8694401) AND (id <= 8694410))

table 4 : explain SELECT DISTINCT c FROM sbtest4 WHERE id BETWEEN 4995244 AND 4995253 ORDER BY c
	Unique  (cost=39.04..39.09 rows=10 width=121)
	  ->  Sort  (cost=39.04..39.07 rows=10 width=121)
	        Sort Key: c
	        ->  Index Scan using sbtest4_pkey on sbtest4  (cost=0.43..38.88 rows=10 width=121)
	              Index Cond: ((id >= 4995244) AND (id <= 4995253))

table 5 : explain SELECT DISTINCT c FROM sbtest5 WHERE id BETWEEN 7280488 AND 7280497 ORDER BY c
	Unique  (cost=36.00..36.04 rows=9 width=121)
	  ->  Sort  (cost=36.00..36.02 rows=9 width=121)
	        Sort Key: c
	        ->  Index Scan using sbtest5_pkey on sbtest5  (cost=0.43..35.85 rows=9 width=121)
	              Index Cond: ((id >= 7280488) AND (id <= 7280497))

table 6 : explain SELECT DISTINCT c FROM sbtest6 WHERE id BETWEEN 7100179 AND 7100188 ORDER BY c
	Unique  (cost=36.12..36.17 rows=9 width=121)
	  ->  Sort  (cost=36.12..36.15 rows=9 width=121)
	        Sort Key: c
	        ->  Index Scan using sbtest6_pkey on sbtest6  (cost=0.43..35.98 rows=9 width=121)
	              Index Cond: ((id >= 7100179) AND (id <= 7100188))

table 7 : explain SELECT DISTINCT c FROM sbtest7 WHERE id BETWEEN 7072211 AND 7072220 ORDER BY c
	Unique  (cost=39.66..39.71 rows=10 width=121)
	  ->  Sort  (cost=39.66..39.68 rows=10 width=121)
	        Sort Key: c
	        ->  Index Scan using sbtest7_pkey on sbtest7  (cost=0.43..39.49 rows=10 width=121)
	              Index Cond: ((id >= 7072211) AND (id <= 7072220))

table 8 : explain SELECT DISTINCT c FROM sbtest8 WHERE id BETWEEN 8512214 AND 8512223 ORDER BY c
	Unique  (cost=43.13..43.19 rows=11 width=121)
	  ->  Sort  (cost=43.13..43.16 rows=11 width=121)
	        Sort Key: c
	        ->  Index Scan using sbtest8_pkey on sbtest8  (cost=0.43..42.94 rows=11 width=121)
	              Index Cond: ((id >= 8512214) AND (id <= 8512223))

for non_index_updates
table 1 : explain UPDATE sbtest1 SET c='foobar' WHERE id=3813152
	Update on sbtest1  (cost=0.43..8.45 rows=0 width=0)
	  ->  Index Scan using sbtest1_pkey on sbtest1  (cost=0.43..8.45 rows=1 width=490)
	        Index Cond: (id = 3813152)

table 2 : explain UPDATE sbtest2 SET c='foobar' WHERE id=5266016
	Update on sbtest2  (cost=0.43..8.45 rows=0 width=0)
	  ->  Index Scan using sbtest2_pkey on sbtest2  (cost=0.43..8.45 rows=1 width=490)
	        Index Cond: (id = 5266016)

table 3 : explain UPDATE sbtest3 SET c='foobar' WHERE id=5753297
	Update on sbtest3  (cost=0.43..8.45 rows=0 width=0)
	  ->  Index Scan using sbtest3_pkey on sbtest3  (cost=0.43..8.45 rows=1 width=490)
	        Index Cond: (id = 5753297)

table 4 : explain UPDATE sbtest4 SET c='foobar' WHERE id=7100207
	Update on sbtest4  (cost=0.43..8.45 rows=0 width=0)
	  ->  Index Scan using sbtest4_pkey on sbtest4  (cost=0.43..8.45 rows=1 width=490)
	        Index Cond: (id = 7100207)

table 5 : explain UPDATE sbtest5 SET c='foobar' WHERE id=6256290
	Update on sbtest5  (cost=0.43..8.45 rows=0 width=0)
	  ->  Index Scan using sbtest5_pkey on sbtest5  (cost=0.43..8.45 rows=1 width=490)
	        Index Cond: (id = 6256290)

table 6 : explain UPDATE sbtest6 SET c='foobar' WHERE id=4935272
	Update on sbtest6  (cost=0.43..8.45 rows=0 width=0)
	  ->  Index Scan using sbtest6_pkey on sbtest6  (cost=0.43..8.45 rows=1 width=490)
	        Index Cond: (id = 4935272)

table 7 : explain UPDATE sbtest7 SET c='foobar' WHERE id=5275285
	Update on sbtest7  (cost=0.43..8.45 rows=0 width=0)
	  ->  Index Scan using sbtest7_pkey on sbtest7  (cost=0.43..8.45 rows=1 width=490)
	        Index Cond: (id = 5275285)

table 8 : explain UPDATE sbtest8 SET c='foobar' WHERE id=1447417
	Update on sbtest8  (cost=0.43..8.45 rows=0 width=0)
	  ->  Index Scan using sbtest8_pkey on sbtest8  (cost=0.43..8.45 rows=1 width=490)
	        Index Cond: (id = 1447417)

for non_index_updates
table 1 : explain UPDATE sbtest1 SET c='foobar' WHERE id=3494431
	Update on sbtest1  (cost=0.43..8.45 rows=0 width=0)
	  ->  Index Scan using sbtest1_pkey on sbtest1  (cost=0.43..8.45 rows=1 width=490)
	        Index Cond: (id = 3494431)

table 2 : explain UPDATE sbtest2 SET c='foobar' WHERE id=8924909
	Update on sbtest2  (cost=0.43..8.45 rows=0 width=0)
	  ->  Index Scan using sbtest2_pkey on sbtest2  (cost=0.43..8.45 rows=1 width=490)
	        Index Cond: (id = 8924909)

table 3 : explain UPDATE sbtest3 SET c='foobar' WHERE id=1948944
	Update on sbtest3  (cost=0.43..8.45 rows=0 width=0)
	  ->  Index Scan using sbtest3_pkey on sbtest3  (cost=0.43..8.45 rows=1 width=490)
	        Index Cond: (id = 1948944)

table 4 : explain UPDATE sbtest4 SET c='foobar' WHERE id=5612219
	Update on sbtest4  (cost=0.43..8.45 rows=0 width=0)
	  ->  Index Scan using sbtest4_pkey on sbtest4  (cost=0.43..8.45 rows=1 width=490)
	        Index Cond: (id = 5612219)

table 5 : explain UPDATE sbtest5 SET c='foobar' WHERE id=7832562
	Update on sbtest5  (cost=0.43..8.45 rows=0 width=0)
	  ->  Index Scan using sbtest5_pkey on sbtest5  (cost=0.43..8.45 rows=1 width=490)
	        Index Cond: (id = 7832562)

table 6 : explain UPDATE sbtest6 SET c='foobar' WHERE id=57560
	Update on sbtest6  (cost=0.43..8.45 rows=0 width=0)
	  ->  Index Scan using sbtest6_pkey on sbtest6  (cost=0.43..8.45 rows=1 width=490)
	        Index Cond: (id = 57560)

table 7 : explain UPDATE sbtest7 SET c='foobar' WHERE id=5931709
	Update on sbtest7  (cost=0.43..8.45 rows=0 width=0)
	  ->  Index Scan using sbtest7_pkey on sbtest7  (cost=0.43..8.45 rows=1 width=490)
	        Index Cond: (id = 5931709)

table 8 : explain UPDATE sbtest8 SET c='foobar' WHERE id=2301603
	Update on sbtest8  (cost=0.43..8.45 rows=0 width=0)
	  ->  Index Scan using sbtest8_pkey on sbtest8  (cost=0.43..8.45 rows=1 width=490)
	        Index Cond: (id = 2301603)

explain: for index_updates :: explain UPDATE sbtest%u SET k=k+1 WHERE id=%u
for: distinct_ranges
table 1 : explain SELECT DISTINCT c FROM sbtest1 WHERE id BETWEEN 7571179 AND 7571188 ORDER BY c
	Unique  (cost=39.66..39.71 rows=10 width=121)
	  ->  Sort  (cost=39.66..39.68 rows=10 width=121)
	        Sort Key: c
	        ->  Index Scan using sbtest1_pkey on sbtest1  (cost=0.43..39.49 rows=10 width=121)
	              Index Cond: ((id >= 7571179) AND (id <= 7571188))

table 2 : explain SELECT DISTINCT c FROM sbtest2 WHERE id BETWEEN 4603151 AND 4603160 ORDER BY c
	Unique  (cost=39.44..39.49 rows=10 width=121)
	  ->  Sort  (cost=39.44..39.46 rows=10 width=121)
	        Sort Key: c
	        ->  Index Scan using sbtest2_pkey on sbtest2  (cost=0.43..39.27 rows=10 width=121)
	              Index Cond: ((id >= 4603151) AND (id <= 4603160))

table 3 : explain SELECT DISTINCT c FROM sbtest3 WHERE id BETWEEN 4282957 AND 4282966 ORDER BY c
	Unique  (cost=39.32..39.37 rows=10 width=121)
	  ->  Sort  (cost=39.32..39.35 rows=10 width=121)
	        Sort Key: c
	        ->  Index Scan using sbtest3_pkey on sbtest3  (cost=0.43..39.15 rows=10 width=121)
	              Index Cond: ((id >= 4282957) AND (id <= 4282966))

table 4 : explain SELECT DISTINCT c FROM sbtest4 WHERE id BETWEEN 7800039 AND 7800048 ORDER BY c
	Unique  (cost=39.04..39.09 rows=10 width=121)
	  ->  Sort  (cost=39.04..39.07 rows=10 width=121)
	        Sort Key: c
	        ->  Index Scan using sbtest4_pkey on sbtest4  (cost=0.43..38.88 rows=10 width=121)
	              Index Cond: ((id >= 7800039) AND (id <= 7800048))

table 5 : explain SELECT DISTINCT c FROM sbtest5 WHERE id BETWEEN 9648005 AND 9648014 ORDER BY c
	Unique  (cost=39.45..39.50 rows=10 width=121)
	  ->  Sort  (cost=39.45..39.47 rows=10 width=121)
	        Sort Key: c
	        ->  Index Scan using sbtest5_pkey on sbtest5  (cost=0.43..39.28 rows=10 width=121)
	              Index Cond: ((id >= 9648005) AND (id <= 9648014))

table 6 : explain SELECT DISTINCT c FROM sbtest6 WHERE id BETWEEN 1512760 AND 1512769 ORDER BY c
	Unique  (cost=39.59..39.64 rows=10 width=121)
	  ->  Sort  (cost=39.59..39.61 rows=10 width=121)
	        Sort Key: c
	        ->  Index Scan using sbtest6_pkey on sbtest6  (cost=0.43..39.42 rows=10 width=121)
	              Index Cond: ((id >= 1512760) AND (id <= 1512769))

table 7 : explain SELECT DISTINCT c FROM sbtest7 WHERE id BETWEEN 2924970 AND 2924979 ORDER BY c
	Unique  (cost=39.66..39.71 rows=10 width=121)
	  ->  Sort  (cost=39.66..39.68 rows=10 width=121)
	        Sort Key: c
	        ->  Index Scan using sbtest7_pkey on sbtest7  (cost=0.43..39.49 rows=10 width=121)
	              Index Cond: ((id >= 2924970) AND (id <= 2924979))

table 8 : explain SELECT DISTINCT c FROM sbtest8 WHERE id BETWEEN 7429571 AND 7429580 ORDER BY c
	Unique  (cost=39.66..39.71 rows=10 width=121)
	  ->  Sort  (cost=39.66..39.69 rows=10 width=121)
	        Sort Key: c
	        ->  Index Scan using sbtest8_pkey on sbtest8  (cost=0.43..39.49 rows=10 width=121)
	              Index Cond: ((id >= 7429571) AND (id <= 7429580))

explain: for deletes :: explain DELETE FROM sbtest%u WHERE id=%u
for deletes
table 1 : explain DELETE FROM sbtest1 WHERE id=2676074
	Delete on sbtest1  (cost=0.43..8.45 rows=0 width=0)
	  ->  Index Scan using sbtest1_pkey on sbtest1  (cost=0.43..8.45 rows=1 width=6)
	        Index Cond: (id = 2676074)

table 2 : explain DELETE FROM sbtest2 WHERE id=4225426
	Delete on sbtest2  (cost=0.43..8.45 rows=0 width=0)
	  ->  Index Scan using sbtest2_pkey on sbtest2  (cost=0.43..8.45 rows=1 width=6)
	        Index Cond: (id = 4225426)

table 3 : explain DELETE FROM sbtest3 WHERE id=3179413
	Delete on sbtest3  (cost=0.43..8.45 rows=0 width=0)
	  ->  Index Scan using sbtest3_pkey on sbtest3  (cost=0.43..8.45 rows=1 width=6)
	        Index Cond: (id = 3179413)

table 4 : explain DELETE FROM sbtest4 WHERE id=7521993
	Delete on sbtest4  (cost=0.43..8.45 rows=0 width=0)
	  ->  Index Scan using sbtest4_pkey on sbtest4  (cost=0.43..8.45 rows=1 width=6)
	        Index Cond: (id = 7521993)

table 5 : explain DELETE FROM sbtest5 WHERE id=9538456
	Delete on sbtest5  (cost=0.43..8.45 rows=0 width=0)
	  ->  Index Scan using sbtest5_pkey on sbtest5  (cost=0.43..8.45 rows=1 width=6)
	        Index Cond: (id = 9538456)

table 6 : explain DELETE FROM sbtest6 WHERE id=2268090
	Delete on sbtest6  (cost=0.43..8.45 rows=0 width=0)
	  ->  Index Scan using sbtest6_pkey on sbtest6  (cost=0.43..8.45 rows=1 width=6)
	        Index Cond: (id = 2268090)

table 7 : explain DELETE FROM sbtest7 WHERE id=7492446
	Delete on sbtest7  (cost=0.43..8.45 rows=0 width=0)
	  ->  Index Scan using sbtest7_pkey on sbtest7  (cost=0.43..8.45 rows=1 width=6)
	        Index Cond: (id = 7492446)

table 8 : explain DELETE FROM sbtest8 WHERE id=9414236
	Delete on sbtest8  (cost=0.43..8.45 rows=0 width=0)
	  ->  Index Scan using sbtest8_pkey on sbtest8  (cost=0.43..8.45 rows=1 width=6)
	        Index Cond: (id = 9414236)

for: distinct_ranges
table 1 : explain SELECT DISTINCT c FROM sbtest1 WHERE id BETWEEN 5520192 AND 5520201 ORDER BY c
	Unique  (cost=39.66..39.71 rows=10 width=121)
	  ->  Sort  (cost=39.66..39.68 rows=10 width=121)
	        Sort Key: c
	        ->  Index Scan using sbtest1_pkey on sbtest1  (cost=0.43..39.49 rows=10 width=121)
	              Index Cond: ((id >= 5520192) AND (id <= 5520201))

table 2 : explain SELECT DISTINCT c FROM sbtest2 WHERE id BETWEEN 2360650 AND 2360659 ORDER BY c
	Unique  (cost=39.44..39.49 rows=10 width=121)
	  ->  Sort  (cost=39.44..39.46 rows=10 width=121)
	        Sort Key: c
	        ->  Index Scan using sbtest2_pkey on sbtest2  (cost=0.43..39.27 rows=10 width=121)
	              Index Cond: ((id >= 2360650) AND (id <= 2360659))

table 3 : explain SELECT DISTINCT c FROM sbtest3 WHERE id BETWEEN 1727041 AND 1727050 ORDER BY c
	Unique  (cost=42.76..42.81 rows=11 width=121)
	  ->  Sort  (cost=42.76..42.78 rows=11 width=121)
	        Sort Key: c
	        ->  Index Scan using sbtest3_pkey on sbtest3  (cost=0.43..42.57 rows=11 width=121)
	              Index Cond: ((id >= 1727041) AND (id <= 1727050))

table 4 : explain SELECT DISTINCT c FROM sbtest4 WHERE id BETWEEN 8358715 AND 8358724 ORDER BY c
	Unique  (cost=39.04..39.09 rows=10 width=121)
	  ->  Sort  (cost=39.04..39.07 rows=10 width=121)
	        Sort Key: c
	        ->  Index Scan using sbtest4_pkey on sbtest4  (cost=0.43..38.88 rows=10 width=121)
	              Index Cond: ((id >= 8358715) AND (id <= 8358724))

table 5 : explain SELECT DISTINCT c FROM sbtest5 WHERE id BETWEEN 661425 AND 661434 ORDER BY c
	Unique  (cost=39.45..39.50 rows=10 width=121)
	  ->  Sort  (cost=39.45..39.47 rows=10 width=121)
	        Sort Key: c
	        ->  Index Scan using sbtest5_pkey on sbtest5  (cost=0.43..39.28 rows=10 width=121)
	              Index Cond: ((id >= 661425) AND (id <= 661434))

table 6 : explain SELECT DISTINCT c FROM sbtest6 WHERE id BETWEEN 8488265 AND 8488274 ORDER BY c
	Unique  (cost=36.12..36.17 rows=9 width=121)
	  ->  Sort  (cost=36.12..36.15 rows=9 width=121)
	        Sort Key: c
	        ->  Index Scan using sbtest6_pkey on sbtest6  (cost=0.43..35.98 rows=9 width=121)
	              Index Cond: ((id >= 8488265) AND (id <= 8488274))

table 7 : explain SELECT DISTINCT c FROM sbtest7 WHERE id BETWEEN 1202736 AND 1202745 ORDER BY c
	Unique  (cost=36.19..36.23 rows=9 width=121)
	  ->  Sort  (cost=36.19..36.21 rows=9 width=121)
	        Sort Key: c
	        ->  Index Scan using sbtest7_pkey on sbtest7  (cost=0.43..36.04 rows=9 width=121)
	              Index Cond: ((id >= 1202736) AND (id <= 1202745))

table 8 : explain SELECT DISTINCT c FROM sbtest8 WHERE id BETWEEN 6447639 AND 6447648 ORDER BY c
	Unique  (cost=39.66..39.71 rows=10 width=121)
	  ->  Sort  (cost=39.66..39.69 rows=10 width=121)
	        Sort Key: c
	        ->  Index Scan using sbtest8_pkey on sbtest8  (cost=0.43..39.49 rows=10 width=121)
	              Index Cond: ((id >= 6447639) AND (id <= 6447648))

explain: for deletes :: explain DELETE FROM sbtest%u WHERE id=%u
for index_updates
table 1 : explain UPDATE sbtest1 SET k=k+1 WHERE id=7251653
	Update on sbtest1  (cost=0.43..8.46 rows=0 width=0)
	  ->  Index Scan using sbtest1_pkey on sbtest1  (cost=0.43..8.46 rows=1 width=10)
	        Index Cond: (id = 7251653)

table 2 : explain UPDATE sbtest2 SET k=k+1 WHERE id=7734828
	Update on sbtest2  (cost=0.43..8.46 rows=0 width=0)
	  ->  Index Scan using sbtest2_pkey on sbtest2  (cost=0.43..8.46 rows=1 width=10)
	        Index Cond: (id = 7734828)

table 3 : explain UPDATE sbtest3 SET k=k+1 WHERE id=2823242
	Update on sbtest3  (cost=0.43..8.46 rows=0 width=0)
	  ->  Index Scan using sbtest3_pkey on sbtest3  (cost=0.43..8.46 rows=1 width=10)
	        Index Cond: (id = 2823242)

table 4 : explain UPDATE sbtest4 SET k=k+1 WHERE id=8481116
	Update on sbtest4  (cost=0.43..8.46 rows=0 width=0)
	  ->  Index Scan using sbtest4_pkey on sbtest4  (cost=0.43..8.46 rows=1 width=10)
	        Index Cond: (id = 8481116)

table 5 : explain UPDATE sbtest5 SET k=k+1 WHERE id=9228444
	Update on sbtest5  (cost=0.43..8.46 rows=0 width=0)
	  ->  Index Scan using sbtest5_pkey on sbtest5  (cost=0.43..8.46 rows=1 width=10)
	        Index Cond: (id = 9228444)

table 6 : explain UPDATE sbtest6 SET k=k+1 WHERE id=3067973
	Update on sbtest6  (cost=0.43..8.46 rows=0 width=0)
	  ->  Index Scan using sbtest6_pkey on sbtest6  (cost=0.43..8.46 rows=1 width=10)
	        Index Cond: (id = 3067973)

table 7 : explain UPDATE sbtest7 SET k=k+1 WHERE id=4744873
	Update on sbtest7  (cost=0.43..8.46 rows=0 width=0)
	  ->  Index Scan using sbtest7_pkey on sbtest7  (cost=0.43..8.46 rows=1 width=10)
	        Index Cond: (id = 4744873)

table 8 : explain UPDATE sbtest8 SET k=k+1 WHERE id=9975518
	Update on sbtest8  (cost=0.43..8.46 rows=0 width=0)
	  ->  Index Scan using sbtest8_pkey on sbtest8  (cost=0.43..8.46 rows=1 width=10)
	        Index Cond: (id = 9975518)

for: distinct_ranges
table 1 : explain SELECT DISTINCT c FROM sbtest1 WHERE id BETWEEN 1819859 AND 1819868 ORDER BY c
	Unique  (cost=39.66..39.71 rows=10 width=121)
	  ->  Sort  (cost=39.66..39.68 rows=10 width=121)
	        Sort Key: c
	        ->  Index Scan using sbtest1_pkey on sbtest1  (cost=0.43..39.49 rows=10 width=121)
	              Index Cond: ((id >= 1819859) AND (id <= 1819868))

table 2 : explain SELECT DISTINCT c FROM sbtest2 WHERE id BETWEEN 6196582 AND 6196591 ORDER BY c
	Unique  (cost=39.44..39.49 rows=10 width=121)
	  ->  Sort  (cost=39.44..39.46 rows=10 width=121)
	        Sort Key: c
	        ->  Index Scan using sbtest2_pkey on sbtest2  (cost=0.43..39.27 rows=10 width=121)
	              Index Cond: ((id >= 6196582) AND (id <= 6196591))

table 3 : explain SELECT DISTINCT c FROM sbtest3 WHERE id BETWEEN 3649608 AND 3649617 ORDER BY c
	Unique  (cost=39.32..39.37 rows=10 width=121)
	  ->  Sort  (cost=39.32..39.35 rows=10 width=121)
	        Sort Key: c
	        ->  Index Scan using sbtest3_pkey on sbtest3  (cost=0.43..39.15 rows=10 width=121)
	              Index Cond: ((id >= 3649608) AND (id <= 3649617))

table 4 : explain SELECT DISTINCT c FROM sbtest4 WHERE id BETWEEN 5022372 AND 5022381 ORDER BY c
	Unique  (cost=39.04..39.09 rows=10 width=121)
	  ->  Sort  (cost=39.04..39.07 rows=10 width=121)
	        Sort Key: c
	        ->  Index Scan using sbtest4_pkey on sbtest4  (cost=0.43..38.88 rows=10 width=121)
	              Index Cond: ((id >= 5022372) AND (id <= 5022381))

table 5 : explain SELECT DISTINCT c FROM sbtest5 WHERE id BETWEEN 9470733 AND 9470742 ORDER BY c
	Unique  (cost=42.89..42.95 rows=11 width=121)
	  ->  Sort  (cost=42.89..42.92 rows=11 width=121)
	        Sort Key: c
	        ->  Index Scan using sbtest5_pkey on sbtest5  (cost=0.43..42.70 rows=11 width=121)
	              Index Cond: ((id >= 9470733) AND (id <= 9470742))

table 6 : explain SELECT DISTINCT c FROM sbtest6 WHERE id BETWEEN 65108 AND 65117 ORDER BY c
	Unique  (cost=39.59..39.64 rows=10 width=121)
	  ->  Sort  (cost=39.59..39.61 rows=10 width=121)
	        Sort Key: c
	        ->  Index Scan using sbtest6_pkey on sbtest6  (cost=0.43..39.42 rows=10 width=121)
	              Index Cond: ((id >= 65108) AND (id <= 65117))

table 7 : explain SELECT DISTINCT c FROM sbtest7 WHERE id BETWEEN 4886259 AND 4886268 ORDER BY c
	Unique  (cost=39.66..39.71 rows=10 width=121)
	  ->  Sort  (cost=39.66..39.68 rows=10 width=121)
	        Sort Key: c
	        ->  Index Scan using sbtest7_pkey on sbtest7  (cost=0.43..39.49 rows=10 width=121)
	              Index Cond: ((id >= 4886259) AND (id <= 4886268))

table 8 : explain SELECT DISTINCT c FROM sbtest8 WHERE id BETWEEN 18171 AND 18180 ORDER BY c
	Unique  (cost=36.19..36.23 rows=9 width=121)
	  ->  Sort  (cost=36.19..36.21 rows=9 width=121)
	        Sort Key: c
	        ->  Index Scan using sbtest8_pkey on sbtest8  (cost=0.43..36.05 rows=9 width=121)
	              Index Cond: ((id >= 18171) AND (id <= 18180))

explain: for index_updates :: explain UPDATE sbtest%u SET k=k+1 WHERE id=%u
for: order_ranges
table 1 : explain SELECT c FROM sbtest1 WHERE id BETWEEN 392094 AND 392103 ORDER BY c
	Sort  (cost=39.66..39.68 rows=10 width=121)
	  Sort Key: c
	  ->  Index Scan using sbtest1_pkey on sbtest1  (cost=0.43..39.49 rows=10 width=121)
	        Index Cond: ((id >= 392094) AND (id <= 392103))

table 2 : explain SELECT c FROM sbtest2 WHERE id BETWEEN 9877134 AND 9877143 ORDER BY c
	Sort  (cost=39.44..39.46 rows=10 width=121)
	  Sort Key: c
	  ->  Index Scan using sbtest2_pkey on sbtest2  (cost=0.43..39.27 rows=10 width=121)
	        Index Cond: ((id >= 9877134) AND (id <= 9877143))

table 3 : explain SELECT c FROM sbtest3 WHERE id BETWEEN 5749698 AND 5749707 ORDER BY c
	Sort  (cost=42.76..42.78 rows=11 width=121)
	  Sort Key: c
	  ->  Index Scan using sbtest3_pkey on sbtest3  (cost=0.43..42.57 rows=11 width=121)
	        Index Cond: ((id >= 5749698) AND (id <= 5749707))

table 4 : explain SELECT c FROM sbtest4 WHERE id BETWEEN 160911 AND 160920 ORDER BY c
	Sort  (cost=39.04..39.07 rows=10 width=121)
	  Sort Key: c
	  ->  Index Scan using sbtest4_pkey on sbtest4  (cost=0.43..38.88 rows=10 width=121)
	        Index Cond: ((id >= 160911) AND (id <= 160920))

table 5 : explain SELECT c FROM sbtest5 WHERE id BETWEEN 8350082 AND 8350091 ORDER BY c
	Sort  (cost=39.45..39.47 rows=10 width=121)
	  Sort Key: c
	  ->  Index Scan using sbtest5_pkey on sbtest5  (cost=0.43..39.28 rows=10 width=121)
	        Index Cond: ((id >= 8350082) AND (id <= 8350091))

table 6 : explain SELECT c FROM sbtest6 WHERE id BETWEEN 8749175 AND 8749184 ORDER BY c
	Sort  (cost=39.59..39.61 rows=10 width=121)
	  Sort Key: c
	  ->  Index Scan using sbtest6_pkey on sbtest6  (cost=0.43..39.42 rows=10 width=121)
	        Index Cond: ((id >= 8749175) AND (id <= 8749184))

table 7 : explain SELECT c FROM sbtest7 WHERE id BETWEEN 4876330 AND 4876339 ORDER BY c
	Sort  (cost=39.66..39.68 rows=10 width=121)
	  Sort Key: c
	  ->  Index Scan using sbtest7_pkey on sbtest7  (cost=0.43..39.49 rows=10 width=121)
	        Index Cond: ((id >= 4876330) AND (id <= 4876339))

table 8 : explain SELECT c FROM sbtest8 WHERE id BETWEEN 7924134 AND 7924143 ORDER BY c
	Sort  (cost=43.13..43.16 rows=11 width=121)
	  Sort Key: c
	  ->  Index Scan using sbtest8_pkey on sbtest8  (cost=0.43..42.94 rows=11 width=121)
	        Index Cond: ((id >= 7924134) AND (id <= 7924143))

explain: for index_updates :: explain UPDATE sbtest%u SET k=k+1 WHERE id=%u
for: distinct_ranges
table 1 : explain SELECT DISTINCT c FROM sbtest1 WHERE id BETWEEN 3432081 AND 3432090 ORDER BY c
	Unique  (cost=36.18..36.23 rows=9 width=121)
	  ->  Sort  (cost=36.18..36.21 rows=9 width=121)
	        Sort Key: c
	        ->  Index Scan using sbtest1_pkey on sbtest1  (cost=0.43..36.04 rows=9 width=121)
	              Index Cond: ((id >= 3432081) AND (id <= 3432090))

table 2 : explain SELECT DISTINCT c FROM sbtest2 WHERE id BETWEEN 5969423 AND 5969432 ORDER BY c
	Unique  (cost=42.88..42.94 rows=11 width=121)
	  ->  Sort  (cost=42.88..42.91 rows=11 width=121)
	        Sort Key: c
	        ->  Index Scan using sbtest2_pkey on sbtest2  (cost=0.43..42.69 rows=11 width=121)
	              Index Cond: ((id >= 5969423) AND (id <= 5969432))

table 3 : explain SELECT DISTINCT c FROM sbtest3 WHERE id BETWEEN 8222224 AND 8222233 ORDER BY c
	Unique  (cost=39.32..39.37 rows=10 width=121)
	  ->  Sort  (cost=39.32..39.35 rows=10 width=121)
	        Sort Key: c
	        ->  Index Scan using sbtest3_pkey on sbtest3  (cost=0.43..39.15 rows=10 width=121)
	              Index Cond: ((id >= 8222224) AND (id <= 8222233))

table 4 : explain SELECT DISTINCT c FROM sbtest4 WHERE id BETWEEN 5949919 AND 5949928 ORDER BY c
	Unique  (cost=39.04..39.09 rows=10 width=121)
	  ->  Sort  (cost=39.04..39.07 rows=10 width=121)
	        Sort Key: c
	        ->  Index Scan using sbtest4_pkey on sbtest4  (cost=0.43..38.88 rows=10 width=121)
	              Index Cond: ((id >= 5949919) AND (id <= 5949928))

table 5 : explain SELECT DISTINCT c FROM sbtest5 WHERE id BETWEEN 6750276 AND 6750285 ORDER BY c
	Unique  (cost=39.45..39.50 rows=10 width=121)
	  ->  Sort  (cost=39.45..39.47 rows=10 width=121)
	        Sort Key: c
	        ->  Index Scan using sbtest5_pkey on sbtest5  (cost=0.43..39.28 rows=10 width=121)
	              Index Cond: ((id >= 6750276) AND (id <= 6750285))

table 6 : explain SELECT DISTINCT c FROM sbtest6 WHERE id BETWEEN 5031126 AND 5031135 ORDER BY c
	Unique  (cost=43.05..43.11 rows=11 width=121)
	  ->  Sort  (cost=43.05..43.08 rows=11 width=121)
	        Sort Key: c
	        ->  Index Scan using sbtest6_pkey on sbtest6  (cost=0.43..42.86 rows=11 width=121)
	              Index Cond: ((id >= 5031126) AND (id <= 5031135))

table 7 : explain SELECT DISTINCT c FROM sbtest7 WHERE id BETWEEN 173510 AND 173519 ORDER BY c
	Unique  (cost=39.66..39.71 rows=10 width=121)
	  ->  Sort  (cost=39.66..39.68 rows=10 width=121)
	        Sort Key: c
	        ->  Index Scan using sbtest7_pkey on sbtest7  (cost=0.43..39.49 rows=10 width=121)
	              Index Cond: ((id >= 173510) AND (id <= 173519))

table 8 : explain SELECT DISTINCT c FROM sbtest8 WHERE id BETWEEN 5596266 AND 5596275 ORDER BY c
	Unique  (cost=39.66..39.71 rows=10 width=121)
	  ->  Sort  (cost=39.66..39.69 rows=10 width=121)
	        Sort Key: c
	        ->  Index Scan using sbtest8_pkey on sbtest8  (cost=0.43..39.49 rows=10 width=121)
	              Index Cond: ((id >= 5596266) AND (id <= 5596275))

for deletes
table 1 : explain DELETE FROM sbtest1 WHERE id=1147105
	Delete on sbtest1  (cost=0.43..8.45 rows=0 width=0)
	  ->  Index Scan using sbtest1_pkey on sbtest1  (cost=0.43..8.45 rows=1 width=6)
	        Index Cond: (id = 1147105)

table 2 : explain DELETE FROM sbtest2 WHERE id=272410
	Delete on sbtest2  (cost=0.43..8.45 rows=0 width=0)
	  ->  Index Scan using sbtest2_pkey on sbtest2  (cost=0.43..8.45 rows=1 width=6)
	        Index Cond: (id = 272410)

table 3 : explain DELETE FROM sbtest3 WHERE id=718429
	Delete on sbtest3  (cost=0.43..8.45 rows=0 width=0)
	  ->  Index Scan using sbtest3_pkey on sbtest3  (cost=0.43..8.45 rows=1 width=6)
	        Index Cond: (id = 718429)

table 4 : explain DELETE FROM sbtest4 WHERE id=9685952
	Delete on sbtest4  (cost=0.43..8.45 rows=0 width=0)
	  ->  Index Scan using sbtest4_pkey on sbtest4  (cost=0.43..8.45 rows=1 width=6)
	        Index Cond: (id = 9685952)

table 5 : explain DELETE FROM sbtest5 WHERE id=4978987
	Delete on sbtest5  (cost=0.43..8.45 rows=0 width=0)
	  ->  Index Scan using sbtest5_pkey on sbtest5  (cost=0.43..8.45 rows=1 width=6)
	        Index Cond: (id = 4978987)

table 6 : explain DELETE FROM sbtest6 WHERE id=1253978
	Delete on sbtest6  (cost=0.43..8.45 rows=0 width=0)
	  ->  Index Scan using sbtest6_pkey on sbtest6  (cost=0.43..8.45 rows=1 width=6)
	        Index Cond: (id = 1253978)

table 7 : explain DELETE FROM sbtest7 WHERE id=6276822
	Delete on sbtest7  (cost=0.43..8.45 rows=0 width=0)
	  ->  Index Scan using sbtest7_pkey on sbtest7  (cost=0.43..8.45 rows=1 width=6)
	        Index Cond: (id = 6276822)

table 8 : explain DELETE FROM sbtest8 WHERE id=2545255
	Delete on sbtest8  (cost=0.43..8.45 rows=0 width=0)
	  ->  Index Scan using sbtest8_pkey on sbtest8  (cost=0.43..8.45 rows=1 width=6)
	        Index Cond: (id = 2545255)

explain: for inserts :: explain INSERT INTO sbtest%u (id, k, c, pad) VALUES (%u, 13, 'foobar', 'foobar')
for index_updates
table 1 : explain UPDATE sbtest1 SET k=k+1 WHERE id=6322421
	Update on sbtest1  (cost=0.43..8.46 rows=0 width=0)
	  ->  Index Scan using sbtest1_pkey on sbtest1  (cost=0.43..8.46 rows=1 width=10)
	        Index Cond: (id = 6322421)

table 2 : explain UPDATE sbtest2 SET k=k+1 WHERE id=6767997
	Update on sbtest2  (cost=0.43..8.46 rows=0 width=0)
	  ->  Index Scan using sbtest2_pkey on sbtest2  (cost=0.43..8.46 rows=1 width=10)
	        Index Cond: (id = 6767997)

table 3 : explain UPDATE sbtest3 SET k=k+1 WHERE id=5667993
	Update on sbtest3  (cost=0.43..8.46 rows=0 width=0)
	  ->  Index Scan using sbtest3_pkey on sbtest3  (cost=0.43..8.46 rows=1 width=10)
	        Index Cond: (id = 5667993)

table 4 : explain UPDATE sbtest4 SET k=k+1 WHERE id=8928582
	Update on sbtest4  (cost=0.43..8.46 rows=0 width=0)
	  ->  Index Scan using sbtest4_pkey on sbtest4  (cost=0.43..8.46 rows=1 width=10)
	        Index Cond: (id = 8928582)

table 5 : explain UPDATE sbtest5 SET k=k+1 WHERE id=7609338
	Update on sbtest5  (cost=0.43..8.46 rows=0 width=0)
	  ->  Index Scan using sbtest5_pkey on sbtest5  (cost=0.43..8.46 rows=1 width=10)
	        Index Cond: (id = 7609338)

table 6 : explain UPDATE sbtest6 SET k=k+1 WHERE id=6628779
	Update on sbtest6  (cost=0.43..8.46 rows=0 width=0)
	  ->  Index Scan using sbtest6_pkey on sbtest6  (cost=0.43..8.46 rows=1 width=10)
	        Index Cond: (id = 6628779)

table 7 : explain UPDATE sbtest7 SET k=k+1 WHERE id=199471
	Update on sbtest7  (cost=0.43..8.46 rows=0 width=0)
	  ->  Index Scan using sbtest7_pkey on sbtest7  (cost=0.43..8.46 rows=1 width=10)
	        Index Cond: (id = 199471)

table 8 : explain UPDATE sbtest8 SET k=k+1 WHERE id=7338502
	Update on sbtest8  (cost=0.43..8.46 rows=0 width=0)
	  ->  Index Scan using sbtest8_pkey on sbtest8  (cost=0.43..8.46 rows=1 width=10)
	        Index Cond: (id = 7338502)
for: order_ranges
table 1 : explain SELECT c FROM sbtest1 WHERE id BETWEEN 6901965 AND 6901974 ORDER BY c
	Sort  (cost=39.66..39.68 rows=10 width=121)
	  Sort Key: c
	  ->  Index Scan using sbtest1_pkey on sbtest1  (cost=0.43..39.49 rows=10 width=121)
	        Index Cond: ((id >= 6901965) AND (id <= 6901974))

table 2 : explain SELECT c FROM sbtest2 WHERE id BETWEEN 1184681 AND 1184690 ORDER BY c
	Sort  (cost=39.44..39.46 rows=10 width=121)
	  Sort Key: c
	  ->  Index Scan using sbtest2_pkey on sbtest2  (cost=0.43..39.27 rows=10 width=121)
	        Index Cond: ((id >= 1184681) AND (id <= 1184690))

table 3 : explain SELECT c FROM sbtest3 WHERE id BETWEEN 7293855 AND 7293864 ORDER BY c
	Sort  (cost=39.32..39.35 rows=10 width=121)
	  Sort Key: c
	  ->  Index Scan using sbtest3_pkey on sbtest3  (cost=0.43..39.15 rows=10 width=121)
	        Index Cond: ((id >= 7293855) AND (id <= 7293864))

table 4 : explain SELECT c FROM sbtest4 WHERE id BETWEEN 691398 AND 691407 ORDER BY c
	Sort  (cost=39.04..39.07 rows=10 width=121)
	  Sort Key: c
	  ->  Index Scan using sbtest4_pkey on sbtest4  (cost=0.43..38.88 rows=10 width=121)
	        Index Cond: ((id >= 691398) AND (id <= 691407))

table 5 : explain SELECT c FROM sbtest5 WHERE id BETWEEN 8019519 AND 8019528 ORDER BY c
	Sort  (cost=39.45..39.47 rows=10 width=121)
	  Sort Key: c
	  ->  Index Scan using sbtest5_pkey on sbtest5  (cost=0.43..39.28 rows=10 width=121)
	        Index Cond: ((id >= 8019519) AND (id <= 8019528))

table 6 : explain SELECT c FROM sbtest6 WHERE id BETWEEN 7132392 AND 7132401 ORDER BY c
	Sort  (cost=36.12..36.15 rows=9 width=121)
	  Sort Key: c
	  ->  Index Scan using sbtest6_pkey on sbtest6  (cost=0.43..35.98 rows=9 width=121)
	        Index Cond: ((id >= 7132392) AND (id <= 7132401))

table 7 : explain SELECT c FROM sbtest7 WHERE id BETWEEN 3189479 AND 3189488 ORDER BY c
	Sort  (cost=39.66..39.68 rows=10 width=121)
	  Sort Key: c
	  ->  Index Scan using sbtest7_pkey on sbtest7  (cost=0.43..39.49 rows=10 width=121)
	        Index Cond: ((id >= 3189479) AND (id <= 3189488))

table 8 : explain SELECT c FROM sbtest8 WHERE id BETWEEN 440084 AND 440093 ORDER BY c
	Sort  (cost=36.19..36.21 rows=9 width=121)
	  Sort Key: c
	  ->  Index Scan using sbtest8_pkey on sbtest8  (cost=0.43..36.05 rows=9 width=121)
	        Index Cond: ((id >= 440084) AND (id <= 440093))


for deletes
table 1 : explain DELETE FROM sbtest1 WHERE id=247494
	Delete on sbtest1  (cost=0.43..8.45 rows=0 width=0)
	  ->  Index Scan using sbtest1_pkey on sbtest1  (cost=0.43..8.45 rows=1 width=6)
	        Index Cond: (id = 247494)

table 2 : explain DELETE FROM sbtest2 WHERE id=9286829
	Delete on sbtest2  (cost=0.43..8.45 rows=0 width=0)
	  ->  Index Scan using sbtest2_pkey on sbtest2  (cost=0.43..8.45 rows=1 width=6)
	        Index Cond: (id = 9286829)

table 3 : explain DELETE FROM sbtest3 WHERE id=1283810
	Delete on sbtest3  (cost=0.43..8.45 rows=0 width=0)
	  ->  Index Scan using sbtest3_pkey on sbtest3  (cost=0.43..8.45 rows=1 width=6)
	        Index Cond: (id = 1283810)

table 4 : explain DELETE FROM sbtest4 WHERE id=5746826
	Delete on sbtest4  (cost=0.43..8.45 rows=0 width=0)
	  ->  Index Scan using sbtest4_pkey on sbtest4  (cost=0.43..8.45 rows=1 width=6)
	        Index Cond: (id = 5746826)

table 5 : explain DELETE FROM sbtest5 WHERE id=9666894
	Delete on sbtest5  (cost=0.43..8.45 rows=0 width=0)
	  ->  Index Scan using sbtest5_pkey on sbtest5  (cost=0.43..8.45 rows=1 width=6)
	        Index Cond: (id = 9666894)

table 6 : explain DELETE FROM sbtest6 WHERE id=2512950
	Delete on sbtest6  (cost=0.43..8.45 rows=0 width=0)
	  ->  Index Scan using sbtest6_pkey on sbtest6  (cost=0.43..8.45 rows=1 width=6)
	        Index Cond: (id = 2512950)

table 7 : explain DELETE FROM sbtest7 WHERE id=5987528
	Delete on sbtest7  (cost=0.43..8.45 rows=0 width=0)
	  ->  Index Scan using sbtest7_pkey on sbtest7  (cost=0.43..8.45 rows=1 width=6)
	        Index Cond: (id = 5987528)

table 8 : explain DELETE FROM sbtest8 WHERE id=3332639
	Delete on sbtest8  (cost=0.43..8.45 rows=0 width=0)
	  ->  Index Scan using sbtest8_pkey on sbtest8  (cost=0.43..8.45 rows=1 width=6)
	        Index Cond: (id = 3332639)

for: order_ranges
table 1 : explain SELECT c FROM sbtest1 WHERE id BETWEEN 1160825 AND 1160834 ORDER BY c
	Sort  (cost=36.18..36.21 rows=9 width=121)
	  Sort Key: c
	  ->  Index Scan using sbtest1_pkey on sbtest1  (cost=0.43..36.04 rows=9 width=121)
	        Index Cond: ((id >= 1160825) AND (id <= 1160834))

table 2 : explain SELECT c FROM sbtest2 WHERE id BETWEEN 9506342 AND 9506351 ORDER BY c
	Sort  (cost=39.44..39.46 rows=10 width=121)
	  Sort Key: c
	  ->  Index Scan using sbtest2_pkey on sbtest2  (cost=0.43..39.27 rows=10 width=121)
	        Index Cond: ((id >= 9506342) AND (id <= 9506351))

table 3 : explain SELECT c FROM sbtest3 WHERE id BETWEEN 1636095 AND 1636104 ORDER BY c
	Sort  (cost=39.32..39.35 rows=10 width=121)
	  Sort Key: c
	  ->  Index Scan using sbtest3_pkey on sbtest3  (cost=0.43..39.15 rows=10 width=121)
	        Index Cond: ((id >= 1636095) AND (id <= 1636104))

table 4 : explain SELECT c FROM sbtest4 WHERE id BETWEEN 7436133 AND 7436142 ORDER BY c
	Sort  (cost=35.64..35.66 rows=9 width=121)
	  Sort Key: c
	  ->  Index Scan using sbtest4_pkey on sbtest4  (cost=0.43..35.50 rows=9 width=121)
	        Index Cond: ((id >= 7436133) AND (id <= 7436142))

table 5 : explain SELECT c FROM sbtest5 WHERE id BETWEEN 4664230 AND 4664239 ORDER BY c
	Sort  (cost=42.89..42.92 rows=11 width=121)
	  Sort Key: c
	  ->  Index Scan using sbtest5_pkey on sbtest5  (cost=0.43..42.70 rows=11 width=121)
	        Index Cond: ((id >= 4664230) AND (id <= 4664239))

table 6 : explain SELECT c FROM sbtest6 WHERE id BETWEEN 1504681 AND 1504690 ORDER BY c
	Sort  (cost=39.59..39.61 rows=10 width=121)
	  Sort Key: c
	  ->  Index Scan using sbtest6_pkey on sbtest6  (cost=0.43..39.42 rows=10 width=121)
	        Index Cond: ((id >= 1504681) AND (id <= 1504690))

table 7 : explain SELECT c FROM sbtest7 WHERE id BETWEEN 5354286 AND 5354295 ORDER BY c
	Sort  (cost=39.66..39.68 rows=10 width=121)
	  Sort Key: c
	  ->  Index Scan using sbtest7_pkey on sbtest7  (cost=0.43..39.49 rows=10 width=121)
	        Index Cond: ((id >= 5354286) AND (id <= 5354295))

table 8 : explain SELECT c FROM sbtest8 WHERE id BETWEEN 3688310 AND 3688319 ORDER BY c
	Sort  (cost=39.66..39.69 rows=10 width=121)
	  Sort Key: c
	  ->  Index Scan using sbtest8_pkey on sbtest8  (cost=0.43..39.49 rows=10 width=121)
	        Index Cond: ((id >= 3688310) AND (id <= 3688319))

explain: for index_updates :: explain UPDATE sbtest%u SET k=k+1 WHERE id=%u
explain: for non_index_updates :: explain UPDATE sbtest%u SET c='foobar' WHERE id=%u
explain: for index_updates :: explain UPDATE sbtest%u SET k=k+1 WHERE id=%u
for index_updates
table 1 : explain UPDATE sbtest1 SET k=k+1 WHERE id=2990790
	Update on sbtest1  (cost=0.43..8.46 rows=0 width=0)
	  ->  Index Scan using sbtest1_pkey on sbtest1  (cost=0.43..8.46 rows=1 width=10)
	        Index Cond: (id = 2990790)

table 2 : explain UPDATE sbtest2 SET k=k+1 WHERE id=8315752
	Update on sbtest2  (cost=0.43..8.46 rows=0 width=0)
	  ->  Index Scan using sbtest2_pkey on sbtest2  (cost=0.43..8.46 rows=1 width=10)
	        Index Cond: (id = 8315752)

table 3 : explain UPDATE sbtest3 SET k=k+1 WHERE id=1417478
	Update on sbtest3  (cost=0.43..8.46 rows=0 width=0)
	  ->  Index Scan using sbtest3_pkey on sbtest3  (cost=0.43..8.46 rows=1 width=10)
	        Index Cond: (id = 1417478)

table 4 : explain UPDATE sbtest4 SET k=k+1 WHERE id=2342857
	Update on sbtest4  (cost=0.43..8.46 rows=0 width=0)
	  ->  Index Scan using sbtest4_pkey on sbtest4  (cost=0.43..8.46 rows=1 width=10)
	        Index Cond: (id = 2342857)

table 5 : explain UPDATE sbtest5 SET k=k+1 WHERE id=2919734
	Update on sbtest5  (cost=0.43..8.46 rows=0 width=0)
	  ->  Index Scan using sbtest5_pkey on sbtest5  (cost=0.43..8.46 rows=1 width=10)
	        Index Cond: (id = 2919734)

table 6 : explain UPDATE sbtest6 SET k=k+1 WHERE id=1344809
	Update on sbtest6  (cost=0.43..8.46 rows=0 width=0)
	  ->  Index Scan using sbtest6_pkey on sbtest6  (cost=0.43..8.46 rows=1 width=10)
	        Index Cond: (id = 1344809)

table 7 : explain UPDATE sbtest7 SET k=k+1 WHERE id=6185709
	Update on sbtest7  (cost=0.43..8.46 rows=0 width=0)
	  ->  Index Scan using sbtest7_pkey on sbtest7  (cost=0.43..8.46 rows=1 width=10)
	        Index Cond: (id = 6185709)

table 8 : explain UPDATE sbtest8 SET k=k+1 WHERE id=7089530
	Update on sbtest8  (cost=0.43..8.46 rows=0 width=0)
	  ->  Index Scan using sbtest8_pkey on sbtest8  (cost=0.43..8.46 rows=1 width=10)
	        Index Cond: (id = 7089530)

explain: for non_index_updates :: explain UPDATE sbtest%u SET c='foobar' WHERE id=%u
for inserts
table 1 : explain INSERT INTO sbtest1 (id, k, c, pad) VALUES (3690455, 13, 'foobar', 'foobar')
	Insert on sbtest1  (cost=0.00..0.01 rows=0 width=0)
	  ->  Result  (cost=0.00..0.01 rows=1 width=736)

table 2 : explain INSERT INTO sbtest2 (id, k, c, pad) VALUES (5932997, 13, 'foobar', 'foobar')
	Insert on sbtest2  (cost=0.00..0.01 rows=0 width=0)
	  ->  Result  (cost=0.00..0.01 rows=1 width=736)

table 3 : explain INSERT INTO sbtest3 (id, k, c, pad) VALUES (6437025, 13, 'foobar', 'foobar')
	Insert on sbtest3  (cost=0.00..0.01 rows=0 width=0)
	  ->  Result  (cost=0.00..0.01 rows=1 width=736)

table 4 : explain INSERT INTO sbtest4 (id, k, c, pad) VALUES (5897881, 13, 'foobar', 'foobar')
	Insert on sbtest4  (cost=0.00..0.01 rows=0 width=0)
	  ->  Result  (cost=0.00..0.01 rows=1 width=736)

table 5 : explain INSERT INTO sbtest5 (id, k, c, pad) VALUES (8332236, 13, 'foobar', 'foobar')
	Insert on sbtest5  (cost=0.00..0.01 rows=0 width=0)
	  ->  Result  (cost=0.00..0.01 rows=1 width=736)

table 6 : explain INSERT INTO sbtest6 (id, k, c, pad) VALUES (6402523, 13, 'foobar', 'foobar')
	Insert on sbtest6  (cost=0.00..0.01 rows=0 width=0)
	  ->  Result  (cost=0.00..0.01 rows=1 width=736)

table 7 : explain INSERT INTO sbtest7 (id, k, c, pad) VALUES (1783895, 13, 'foobar', 'foobar')
	Insert on sbtest7  (cost=0.00..0.01 rows=0 width=0)
	  ->  Result  (cost=0.00..0.01 rows=1 width=736)

table 8 : explain INSERT INTO sbtest8 (id, k, c, pad) VALUES (2080137, 13, 'foobar', 'foobar')
	Insert on sbtest8  (cost=0.00..0.01 rows=0 width=0)
	  ->  Result  (cost=0.00..0.01 rows=1 width=736)

explain: for inserts :: explain INSERT INTO sbtest%u (id, k, c, pad) VALUES (%u, 13, 'foobar', 'foobar')
for index_updates
table 1 : explain UPDATE sbtest1 SET k=k+1 WHERE id=6091520
	Update on sbtest1  (cost=0.43..8.46 rows=0 width=0)
	  ->  Index Scan using sbtest1_pkey on sbtest1  (cost=0.43..8.46 rows=1 width=10)
	        Index Cond: (id = 6091520)

table 2 : explain UPDATE sbtest2 SET k=k+1 WHERE id=4908149
	Update on sbtest2  (cost=0.43..8.46 rows=0 width=0)
	  ->  Index Scan using sbtest2_pkey on sbtest2  (cost=0.43..8.46 rows=1 width=10)
	        Index Cond: (id = 4908149)

table 3 : explain UPDATE sbtest3 SET k=k+1 WHERE id=4988969
	Update on sbtest3  (cost=0.43..8.46 rows=0 width=0)
	  ->  Index Scan using sbtest3_pkey on sbtest3  (cost=0.43..8.46 rows=1 width=10)
	        Index Cond: (id = 4988969)

table 4 : explain UPDATE sbtest4 SET k=k+1 WHERE id=6192949
	Update on sbtest4  (cost=0.43..8.46 rows=0 width=0)
	  ->  Index Scan using sbtest4_pkey on sbtest4  (cost=0.43..8.46 rows=1 width=10)
	        Index Cond: (id = 6192949)

table 5 : explain UPDATE sbtest5 SET k=k+1 WHERE id=4820552
	Update on sbtest5  (cost=0.43..8.46 rows=0 width=0)
	  ->  Index Scan using sbtest5_pkey on sbtest5  (cost=0.43..8.46 rows=1 width=10)
	        Index Cond: (id = 4820552)

table 6 : explain UPDATE sbtest6 SET k=k+1 WHERE id=6185655
	Update on sbtest6  (cost=0.43..8.46 rows=0 width=0)
	  ->  Index Scan using sbtest6_pkey on sbtest6  (cost=0.43..8.46 rows=1 width=10)
	        Index Cond: (id = 6185655)

table 7 : explain UPDATE sbtest7 SET k=k+1 WHERE id=9964763
	Update on sbtest7  (cost=0.43..8.46 rows=0 width=0)
	  ->  Index Scan using sbtest7_pkey on sbtest7  (cost=0.43..8.46 rows=1 width=10)
	        Index Cond: (id = 9964763)

table 8 : explain UPDATE sbtest8 SET k=k+1 WHERE id=8645144
	Update on sbtest8  (cost=0.43..8.46 rows=0 width=0)
	  ->  Index Scan using sbtest8_pkey on sbtest8  (cost=0.43..8.46 rows=1 width=10)
	        Index Cond: (id = 8645144)

for non_index_updates
table 1 : explain UPDATE sbtest1 SET c='foobar' WHERE id=2918641
	Update on sbtest1  (cost=0.43..8.45 rows=0 width=0)
	  ->  Index Scan using sbtest1_pkey on sbtest1  (cost=0.43..8.45 rows=1 width=490)
	        Index Cond: (id = 2918641)

table 2 : explain UPDATE sbtest2 SET c='foobar' WHERE id=741966
	Update on sbtest2  (cost=0.43..8.45 rows=0 width=0)
	  ->  Index Scan using sbtest2_pkey on sbtest2  (cost=0.43..8.45 rows=1 width=490)
	        Index Cond: (id = 741966)

table 3 : explain UPDATE sbtest3 SET c='foobar' WHERE id=4692624
	Update on sbtest3  (cost=0.43..8.45 rows=0 width=0)
	  ->  Index Scan using sbtest3_pkey on sbtest3  (cost=0.43..8.45 rows=1 width=490)
	        Index Cond: (id = 4692624)

table 4 : explain UPDATE sbtest4 SET c='foobar' WHERE id=1123300
	Update on sbtest4  (cost=0.43..8.45 rows=0 width=0)
	  ->  Index Scan using sbtest4_pkey on sbtest4  (cost=0.43..8.45 rows=1 width=490)
	        Index Cond: (id = 1123300)

table 5 : explain UPDATE sbtest5 SET c='foobar' WHERE id=7396236
	Update on sbtest5  (cost=0.43..8.45 rows=0 width=0)
	  ->  Index Scan using sbtest5_pkey on sbtest5  (cost=0.43..8.45 rows=1 width=490)
	        Index Cond: (id = 7396236)

table 6 : explain UPDATE sbtest6 SET c='foobar' WHERE id=3911816
	Update on sbtest6  (cost=0.43..8.45 rows=0 width=0)
	  ->  Index Scan using sbtest6_pkey on sbtest6  (cost=0.43..8.45 rows=1 width=490)
	        Index Cond: (id = 3911816)

table 7 : explain UPDATE sbtest7 SET c='foobar' WHERE id=3518486
	Update on sbtest7  (cost=0.43..8.45 rows=0 width=0)
	  ->  Index Scan using sbtest7_pkey on sbtest7  (cost=0.43..8.45 rows=1 width=490)
	        Index Cond: (id = 3518486)

table 8 : explain UPDATE sbtest8 SET c='foobar' WHERE id=6702888
	Update on sbtest8  (cost=0.43..8.45 rows=0 width=0)
	  ->  Index Scan using sbtest8_pkey on sbtest8  (cost=0.43..8.45 rows=1 width=490)
	        Index Cond: (id = 6702888)

explain: for inserts :: explain INSERT INTO sbtest%u (id, k, c, pad) VALUES (%u, 13, 'foobar', 'foobar')
for index_updates
table 1 : explain UPDATE sbtest1 SET k=k+1 WHERE id=2925516
	Update on sbtest1  (cost=0.43..8.46 rows=0 width=0)
	  ->  Index Scan using sbtest1_pkey on sbtest1  (cost=0.43..8.46 rows=1 width=10)
	        Index Cond: (id = 2925516)

table 2 : explain UPDATE sbtest2 SET k=k+1 WHERE id=7091423
	Update on sbtest2  (cost=0.43..8.46 rows=0 width=0)
	  ->  Index Scan using sbtest2_pkey on sbtest2  (cost=0.43..8.46 rows=1 width=10)
	        Index Cond: (id = 7091423)

table 3 : explain UPDATE sbtest3 SET k=k+1 WHERE id=1257214
	Update on sbtest3  (cost=0.43..8.46 rows=0 width=0)
	  ->  Index Scan using sbtest3_pkey on sbtest3  (cost=0.43..8.46 rows=1 width=10)
	        Index Cond: (id = 1257214)

table 4 : explain UPDATE sbtest4 SET k=k+1 WHERE id=4983601
	Update on sbtest4  (cost=0.43..8.46 rows=0 width=0)
	  ->  Index Scan using sbtest4_pkey on sbtest4  (cost=0.43..8.46 rows=1 width=10)
	        Index Cond: (id = 4983601)

table 5 : explain UPDATE sbtest5 SET k=k+1 WHERE id=2958148
	Update on sbtest5  (cost=0.43..8.46 rows=0 width=0)
	  ->  Index Scan using sbtest5_pkey on sbtest5  (cost=0.43..8.46 rows=1 width=10)
	        Index Cond: (id = 2958148)

table 6 : explain UPDATE sbtest6 SET k=k+1 WHERE id=602305
	Update on sbtest6  (cost=0.43..8.46 rows=0 width=0)
	  ->  Index Scan using sbtest6_pkey on sbtest6  (cost=0.43..8.46 rows=1 width=10)
	        Index Cond: (id = 602305)

table 7 : explain UPDATE sbtest7 SET k=k+1 WHERE id=528969
	Update on sbtest7  (cost=0.43..8.46 rows=0 width=0)
	  ->  Index Scan using sbtest7_pkey on sbtest7  (cost=0.43..8.46 rows=1 width=10)
	        Index Cond: (id = 528969)

table 8 : explain UPDATE sbtest8 SET k=k+1 WHERE id=2537725
	Update on sbtest8  (cost=0.43..8.46 rows=0 width=0)
	  ->  Index Scan using sbtest8_pkey on sbtest8  (cost=0.43..8.46 rows=1 width=10)
	        Index Cond: (id = 2537725)

explain: for non_index_updates :: explain UPDATE sbtest%u SET c='foobar' WHERE id=%u
explain: for deletes :: explain DELETE FROM sbtest%u WHERE id=%u
for non_index_updates
table 1 : explain UPDATE sbtest1 SET c='foobar' WHERE id=5382082
	Update on sbtest1  (cost=0.43..8.45 rows=0 width=0)
	  ->  Index Scan using sbtest1_pkey on sbtest1  (cost=0.43..8.45 rows=1 width=490)
	        Index Cond: (id = 5382082)

table 2 : explain UPDATE sbtest2 SET c='foobar' WHERE id=1802644
	Update on sbtest2  (cost=0.43..8.45 rows=0 width=0)
	  ->  Index Scan using sbtest2_pkey on sbtest2  (cost=0.43..8.45 rows=1 width=490)
	        Index Cond: (id = 1802644)

table 3 : explain UPDATE sbtest3 SET c='foobar' WHERE id=6237674
	Update on sbtest3  (cost=0.43..8.45 rows=0 width=0)
	  ->  Index Scan using sbtest3_pkey on sbtest3  (cost=0.43..8.45 rows=1 width=490)
	        Index Cond: (id = 6237674)

table 4 : explain UPDATE sbtest4 SET c='foobar' WHERE id=1280781
	Update on sbtest4  (cost=0.43..8.45 rows=0 width=0)
	  ->  Index Scan using sbtest4_pkey on sbtest4  (cost=0.43..8.45 rows=1 width=490)
	        Index Cond: (id = 1280781)

table 5 : explain UPDATE sbtest5 SET c='foobar' WHERE id=4645845
	Update on sbtest5  (cost=0.43..8.45 rows=0 width=0)
	  ->  Index Scan using sbtest5_pkey on sbtest5  (cost=0.43..8.45 rows=1 width=490)
	        Index Cond: (id = 4645845)

table 6 : explain UPDATE sbtest6 SET c='foobar' WHERE id=3444542
	Update on sbtest6  (cost=0.43..8.45 rows=0 width=0)
	  ->  Index Scan using sbtest6_pkey on sbtest6  (cost=0.43..8.45 rows=1 width=490)
	        Index Cond: (id = 3444542)

table 7 : explain UPDATE sbtest7 SET c='foobar' WHERE id=4825303
	Update on sbtest7  (cost=0.43..8.45 rows=0 width=0)
	  ->  Index Scan using sbtest7_pkey on sbtest7  (cost=0.43..8.45 rows=1 width=490)
	        Index Cond: (id = 4825303)

table 8 : explain UPDATE sbtest8 SET c='foobar' WHERE id=6305549
	Update on sbtest8  (cost=0.43..8.45 rows=0 width=0)
	  ->  Index Scan using sbtest8_pkey on sbtest8  (cost=0.43..8.45 rows=1 width=490)
	        Index Cond: (id = 6305549)

for inserts
table 1 : explain INSERT INTO sbtest1 (id, k, c, pad) VALUES (8828200, 13, 'foobar', 'foobar')
	Insert on sbtest1  (cost=0.00..0.01 rows=0 width=0)
	  ->  Result  (cost=0.00..0.01 rows=1 width=736)

table 2 : explain INSERT INTO sbtest2 (id, k, c, pad) VALUES (7064128, 13, 'foobar', 'foobar')
	Insert on sbtest2  (cost=0.00..0.01 rows=0 width=0)
	  ->  Result  (cost=0.00..0.01 rows=1 width=736)

table 3 : explain INSERT INTO sbtest3 (id, k, c, pad) VALUES (4754783, 13, 'foobar', 'foobar')
	Insert on sbtest3  (cost=0.00..0.01 rows=0 width=0)
	  ->  Result  (cost=0.00..0.01 rows=1 width=736)

table 4 : explain INSERT INTO sbtest4 (id, k, c, pad) VALUES (5698485, 13, 'foobar', 'foobar')
	Insert on sbtest4  (cost=0.00..0.01 rows=0 width=0)
	  ->  Result  (cost=0.00..0.01 rows=1 width=736)

table 5 : explain INSERT INTO sbtest5 (id, k, c, pad) VALUES (26608, 13, 'foobar', 'foobar')
	Insert on sbtest5  (cost=0.00..0.01 rows=0 width=0)
	  ->  Result  (cost=0.00..0.01 rows=1 width=736)

table 6 : explain INSERT INTO sbtest6 (id, k, c, pad) VALUES (5425047, 13, 'foobar', 'foobar')
	Insert on sbtest6  (cost=0.00..0.01 rows=0 width=0)
	  ->  Result  (cost=0.00..0.01 rows=1 width=736)

table 7 : explain INSERT INTO sbtest7 (id, k, c, pad) VALUES (4714374, 13, 'foobar', 'foobar')
	Insert on sbtest7  (cost=0.00..0.01 rows=0 width=0)
	  ->  Result  (cost=0.00..0.01 rows=1 width=736)

table 8 : explain INSERT INTO sbtest8 (id, k, c, pad) VALUES (3925313, 13, 'foobar', 'foobar')
	Insert on sbtest8  (cost=0.00..0.01 rows=0 width=0)
	  ->  Result  (cost=0.00..0.01 rows=1 width=736)

for: distinct_ranges
table 1 : explain SELECT DISTINCT c FROM sbtest1 WHERE id BETWEEN 6137225 AND 6137234 ORDER BY c
	Unique  (cost=36.18..36.23 rows=9 width=121)
	  ->  Sort  (cost=36.18..36.21 rows=9 width=121)
	        Sort Key: c
	        ->  Index Scan using sbtest1_pkey on sbtest1  (cost=0.43..36.04 rows=9 width=121)
	              Index Cond: ((id >= 6137225) AND (id <= 6137234))

table 2 : explain SELECT DISTINCT c FROM sbtest2 WHERE id BETWEEN 6373683 AND 6373692 ORDER BY c
	Unique  (cost=42.88..42.94 rows=11 width=121)
	  ->  Sort  (cost=42.88..42.91 rows=11 width=121)
	        Sort Key: c
	        ->  Index Scan using sbtest2_pkey on sbtest2  (cost=0.43..42.69 rows=11 width=121)
	              Index Cond: ((id >= 6373683) AND (id <= 6373692))

table 3 : explain SELECT DISTINCT c FROM sbtest3 WHERE id BETWEEN 6499398 AND 6499407 ORDER BY c
	Unique  (cost=39.32..39.37 rows=10 width=121)
	  ->  Sort  (cost=39.32..39.35 rows=10 width=121)
	        Sort Key: c
	        ->  Index Scan using sbtest3_pkey on sbtest3  (cost=0.43..39.15 rows=10 width=121)
	              Index Cond: ((id >= 6499398) AND (id <= 6499407))

table 4 : explain SELECT DISTINCT c FROM sbtest4 WHERE id BETWEEN 1758244 AND 1758253 ORDER BY c
	Unique  (cost=39.04..39.09 rows=10 width=121)
	  ->  Sort  (cost=39.04..39.07 rows=10 width=121)
	        Sort Key: c
	        ->  Index Scan using sbtest4_pkey on sbtest4  (cost=0.43..38.88 rows=10 width=121)
	              Index Cond: ((id >= 1758244) AND (id <= 1758253))

table 5 : explain SELECT DISTINCT c FROM sbtest5 WHERE id BETWEEN 9414705 AND 9414714 ORDER BY c
	Unique  (cost=39.45..39.50 rows=10 width=121)
	  ->  Sort  (cost=39.45..39.47 rows=10 width=121)
	        Sort Key: c
	        ->  Index Scan using sbtest5_pkey on sbtest5  (cost=0.43..39.28 rows=10 width=121)
	              Index Cond: ((id >= 9414705) AND (id <= 9414714))

table 6 : explain SELECT DISTINCT c FROM sbtest6 WHERE id BETWEEN 297068 AND 297077 ORDER BY c
	Unique  (cost=39.59..39.64 rows=10 width=121)
	  ->  Sort  (cost=39.59..39.61 rows=10 width=121)
	        Sort Key: c
	        ->  Index Scan using sbtest6_pkey on sbtest6  (cost=0.43..39.42 rows=10 width=121)
	              Index Cond: ((id >= 297068) AND (id <= 297077))

table 7 : explain SELECT DISTINCT c FROM sbtest7 WHERE id BETWEEN 2509487 AND 2509496 ORDER BY c
	Unique  (cost=43.13..43.19 rows=11 width=121)
	  ->  Sort  (cost=43.13..43.16 rows=11 width=121)
	        Sort Key: c
	        ->  Index Scan using sbtest7_pkey on sbtest7  (cost=0.43..42.94 rows=11 width=121)
	              Index Cond: ((id >= 2509487) AND (id <= 2509496))

table 8 : explain SELECT DISTINCT c FROM sbtest8 WHERE id BETWEEN 5476997 AND 5477006 ORDER BY c
	Unique  (cost=39.66..39.71 rows=10 width=121)
	  ->  Sort  (cost=39.66..39.69 rows=10 width=121)
	        Sort Key: c
	        ->  Index Scan using sbtest8_pkey on sbtest8  (cost=0.43..39.49 rows=10 width=121)
	              Index Cond: ((id >= 5476997) AND (id <= 5477006))

for index_updates
table 1 : explain UPDATE sbtest1 SET k=k+1 WHERE id=7740279
	Update on sbtest1  (cost=0.43..8.46 rows=0 width=0)
	  ->  Index Scan using sbtest1_pkey on sbtest1  (cost=0.43..8.46 rows=1 width=10)
	        Index Cond: (id = 7740279)

table 2 : explain UPDATE sbtest2 SET k=k+1 WHERE id=7051165
	Update on sbtest2  (cost=0.43..8.46 rows=0 width=0)
	  ->  Index Scan using sbtest2_pkey on sbtest2  (cost=0.43..8.46 rows=1 width=10)
	        Index Cond: (id = 7051165)

table 3 : explain UPDATE sbtest3 SET k=k+1 WHERE id=3040705
	Update on sbtest3  (cost=0.43..8.46 rows=0 width=0)
	  ->  Index Scan using sbtest3_pkey on sbtest3  (cost=0.43..8.46 rows=1 width=10)
	        Index Cond: (id = 3040705)

table 4 : explain UPDATE sbtest4 SET k=k+1 WHERE id=9837037
	Update on sbtest4  (cost=0.43..8.46 rows=0 width=0)
	  ->  Index Scan using sbtest4_pkey on sbtest4  (cost=0.43..8.46 rows=1 width=10)
	        Index Cond: (id = 9837037)

table 5 : explain UPDATE sbtest5 SET k=k+1 WHERE id=5115275
	Update on sbtest5  (cost=0.43..8.46 rows=0 width=0)
	  ->  Index Scan using sbtest5_pkey on sbtest5  (cost=0.43..8.46 rows=1 width=10)
	        Index Cond: (id = 5115275)

table 6 : explain UPDATE sbtest6 SET k=k+1 WHERE id=8775799
	Update on sbtest6  (cost=0.43..8.46 rows=0 width=0)
	  ->  Index Scan using sbtest6_pkey on sbtest6  (cost=0.43..8.46 rows=1 width=10)
	        Index Cond: (id = 8775799)

table 7 : explain UPDATE sbtest7 SET k=k+1 WHERE id=2630103
	Update on sbtest7  (cost=0.43..8.46 rows=0 width=0)
	  ->  Index Scan using sbtest7_pkey on sbtest7  (cost=0.43..8.46 rows=1 width=10)
	        Index Cond: (id = 2630103)

table 8 : explain UPDATE sbtest8 SET k=k+1 WHERE id=5165136
	Update on sbtest8  (cost=0.43..8.46 rows=0 width=0)
	  ->  Index Scan using sbtest8_pkey on sbtest8  (cost=0.43..8.46 rows=1 width=10)
	        Index Cond: (id = 5165136)

explain: for non_index_updates :: explain UPDATE sbtest%u SET c='foobar' WHERE id=%u
explain: for non_index_updates :: explain UPDATE sbtest%u SET c='foobar' WHERE id=%u
for inserts
table 1 : explain INSERT INTO sbtest1 (id, k, c, pad) VALUES (2565046, 13, 'foobar', 'foobar')
	Insert on sbtest1  (cost=0.00..0.01 rows=0 width=0)
	  ->  Result  (cost=0.00..0.01 rows=1 width=736)

table 2 : explain INSERT INTO sbtest2 (id, k, c, pad) VALUES (2391618, 13, 'foobar', 'foobar')
	Insert on sbtest2  (cost=0.00..0.01 rows=0 width=0)
	  ->  Result  (cost=0.00..0.01 rows=1 width=736)

table 3 : explain INSERT INTO sbtest3 (id, k, c, pad) VALUES (1441682, 13, 'foobar', 'foobar')
	Insert on sbtest3  (cost=0.00..0.01 rows=0 width=0)
	  ->  Result  (cost=0.00..0.01 rows=1 width=736)

table 4 : explain INSERT INTO sbtest4 (id, k, c, pad) VALUES (6417926, 13, 'foobar', 'foobar')
	Insert on sbtest4  (cost=0.00..0.01 rows=0 width=0)
	  ->  Result  (cost=0.00..0.01 rows=1 width=736)

table 5 : explain INSERT INTO sbtest5 (id, k, c, pad) VALUES (8329752, 13, 'foobar', 'foobar')
	Insert on sbtest5  (cost=0.00..0.01 rows=0 width=0)
	  ->  Result  (cost=0.00..0.01 rows=1 width=736)

table 6 : explain INSERT INTO sbtest6 (id, k, c, pad) VALUES (7960301, 13, 'foobar', 'foobar')
	Insert on sbtest6  (cost=0.00..0.01 rows=0 width=0)
	  ->  Result  (cost=0.00..0.01 rows=1 width=736)

table 7 : explain INSERT INTO sbtest7 (id, k, c, pad) VALUES (3143160, 13, 'foobar', 'foobar')
	Insert on sbtest7  (cost=0.00..0.01 rows=0 width=0)
	  ->  Result  (cost=0.00..0.01 rows=1 width=736)

table 8 : explain INSERT INTO sbtest8 (id, k, c, pad) VALUES (6932640, 13, 'foobar', 'foobar')
	Insert on sbtest8  (cost=0.00..0.01 rows=0 width=0)
	  ->  Result  (cost=0.00..0.01 rows=1 width=736)

explain: for deletes :: explain DELETE FROM sbtest%u WHERE id=%u
for non_index_updates
table 1 : explain UPDATE sbtest1 SET c='foobar' WHERE id=6721476
	Update on sbtest1  (cost=0.43..8.45 rows=0 width=0)
	  ->  Index Scan using sbtest1_pkey on sbtest1  (cost=0.43..8.45 rows=1 width=490)
	        Index Cond: (id = 6721476)

table 2 : explain UPDATE sbtest2 SET c='foobar' WHERE id=8264345
	Update on sbtest2  (cost=0.43..8.45 rows=0 width=0)
	  ->  Index Scan using sbtest2_pkey on sbtest2  (cost=0.43..8.45 rows=1 width=490)
	        Index Cond: (id = 8264345)

table 3 : explain UPDATE sbtest3 SET c='foobar' WHERE id=8515711
	Update on sbtest3  (cost=0.43..8.45 rows=0 width=0)
	  ->  Index Scan using sbtest3_pkey on sbtest3  (cost=0.43..8.45 rows=1 width=490)
	        Index Cond: (id = 8515711)

table 4 : explain UPDATE sbtest4 SET c='foobar' WHERE id=8028526
	Update on sbtest4  (cost=0.43..8.45 rows=0 width=0)
	  ->  Index Scan using sbtest4_pkey on sbtest4  (cost=0.43..8.45 rows=1 width=490)
	        Index Cond: (id = 8028526)

table 5 : explain UPDATE sbtest5 SET c='foobar' WHERE id=8557167
	Update on sbtest5  (cost=0.43..8.45 rows=0 width=0)
	  ->  Index Scan using sbtest5_pkey on sbtest5  (cost=0.43..8.45 rows=1 width=490)
	        Index Cond: (id = 8557167)

table 6 : explain UPDATE sbtest6 SET c='foobar' WHERE id=112179
	Update on sbtest6  (cost=0.43..8.45 rows=0 width=0)
	  ->  Index Scan using sbtest6_pkey on sbtest6  (cost=0.43..8.45 rows=1 width=490)
	        Index Cond: (id = 112179)

table 7 : explain UPDATE sbtest7 SET c='foobar' WHERE id=7083101
	Update on sbtest7  (cost=0.43..8.45 rows=0 width=0)
	  ->  Index Scan using sbtest7_pkey on sbtest7  (cost=0.43..8.45 rows=1 width=490)
	        Index Cond: (id = 7083101)

table 8 : explain UPDATE sbtest8 SET c='foobar' WHERE id=3589248
	Update on sbtest8  (cost=0.43..8.45 rows=0 width=0)
	  ->  Index Scan using sbtest8_pkey on sbtest8  (cost=0.43..8.45 rows=1 width=490)
	        Index Cond: (id = 3589248)

explain: for index_updates :: explain UPDATE sbtest%u SET k=k+1 WHERE id=%u
for: distinct_ranges
table 1 : explain SELECT DISTINCT c FROM sbtest1 WHERE id BETWEEN 1287088 AND 1287097 ORDER BY c
	Unique  (cost=36.18..36.23 rows=9 width=121)
	  ->  Sort  (cost=36.18..36.21 rows=9 width=121)
	        Sort Key: c
	        ->  Index Scan using sbtest1_pkey on sbtest1  (cost=0.43..36.04 rows=9 width=121)
	              Index Cond: ((id >= 1287088) AND (id <= 1287097))

table 2 : explain SELECT DISTINCT c FROM sbtest2 WHERE id BETWEEN 9954100 AND 9954109 ORDER BY c
	Unique  (cost=39.44..39.49 rows=10 width=121)
	  ->  Sort  (cost=39.44..39.46 rows=10 width=121)
	        Sort Key: c
	        ->  Index Scan using sbtest2_pkey on sbtest2  (cost=0.43..39.27 rows=10 width=121)
	              Index Cond: ((id >= 9954100) AND (id <= 9954109))

table 3 : explain SELECT DISTINCT c FROM sbtest3 WHERE id BETWEEN 9107671 AND 9107680 ORDER BY c
	Unique  (cost=42.76..42.81 rows=11 width=121)
	  ->  Sort  (cost=42.76..42.78 rows=11 width=121)
	        Sort Key: c
	        ->  Index Scan using sbtest3_pkey on sbtest3  (cost=0.43..42.57 rows=11 width=121)
	              Index Cond: ((id >= 9107671) AND (id <= 9107680))

table 4 : explain SELECT DISTINCT c FROM sbtest4 WHERE id BETWEEN 917098 AND 917107 ORDER BY c
	Unique  (cost=35.64..35.68 rows=9 width=121)
	  ->  Sort  (cost=35.64..35.66 rows=9 width=121)
	        Sort Key: c
	        ->  Index Scan using sbtest4_pkey on sbtest4  (cost=0.43..35.50 rows=9 width=121)
	              Index Cond: ((id >= 917098) AND (id <= 917107))

table 5 : explain SELECT DISTINCT c FROM sbtest5 WHERE id BETWEEN 5611157 AND 5611166 ORDER BY c
	Unique  (cost=39.45..39.50 rows=10 width=121)
	  ->  Sort  (cost=39.45..39.47 rows=10 width=121)
	        Sort Key: c
	        ->  Index Scan using sbtest5_pkey on sbtest5  (cost=0.43..39.28 rows=10 width=121)
	              Index Cond: ((id >= 5611157) AND (id <= 5611166))

table 6 : explain SELECT DISTINCT c FROM sbtest6 WHERE id BETWEEN 2993521 AND 2993530 ORDER BY c
	Unique  (cost=39.59..39.64 rows=10 width=121)
	  ->  Sort  (cost=39.59..39.61 rows=10 width=121)
	        Sort Key: c
	        ->  Index Scan using sbtest6_pkey on sbtest6  (cost=0.43..39.42 rows=10 width=121)
	              Index Cond: ((id >= 2993521) AND (id <= 2993530))

table 7 : explain SELECT DISTINCT c FROM sbtest7 WHERE id BETWEEN 834558 AND 834567 ORDER BY c
	Unique  (cost=39.66..39.71 rows=10 width=121)
	  ->  Sort  (cost=39.66..39.68 rows=10 width=121)
	        Sort Key: c
	        ->  Index Scan using sbtest7_pkey on sbtest7  (cost=0.43..39.49 rows=10 width=121)
	              Index Cond: ((id >= 834558) AND (id <= 834567))

table 8 : explain SELECT DISTINCT c FROM sbtest8 WHERE id BETWEEN 4628449 AND 4628458 ORDER BY c
	Unique  (cost=39.66..39.71 rows=10 width=121)
	  ->  Sort  (cost=39.66..39.69 rows=10 width=121)
	        Sort Key: c
	        ->  Index Scan using sbtest8_pkey on sbtest8  (cost=0.43..39.49 rows=10 width=121)
	              Index Cond: ((id >= 4628449) AND (id <= 4628458))

for: distinct_ranges
table 1 : explain SELECT DISTINCT c FROM sbtest1 WHERE id BETWEEN 1896085 AND 1896094 ORDER BY c
	Unique  (cost=39.66..39.71 rows=10 width=121)
	  ->  Sort  (cost=39.66..39.68 rows=10 width=121)
	        Sort Key: c
	        ->  Index Scan using sbtest1_pkey on sbtest1  (cost=0.43..39.49 rows=10 width=121)
	              Index Cond: ((id >= 1896085) AND (id <= 1896094))

table 2 : explain SELECT DISTINCT c FROM sbtest2 WHERE id BETWEEN 5218257 AND 5218266 ORDER BY c
	Unique  (cost=39.44..39.49 rows=10 width=121)
	  ->  Sort  (cost=39.44..39.46 rows=10 width=121)
	        Sort Key: c
	        ->  Index Scan using sbtest2_pkey on sbtest2  (cost=0.43..39.27 rows=10 width=121)
	              Index Cond: ((id >= 5218257) AND (id <= 5218266))

table 3 : explain SELECT DISTINCT c FROM sbtest3 WHERE id BETWEEN 9996797 AND 9996806 ORDER BY c
	Unique  (cost=42.76..42.81 rows=11 width=121)
	  ->  Sort  (cost=42.76..42.78 rows=11 width=121)
	        Sort Key: c
	        ->  Index Scan using sbtest3_pkey on sbtest3  (cost=0.43..42.57 rows=11 width=121)
	              Index Cond: ((id >= 9996797) AND (id <= 9996806))

table 4 : explain SELECT DISTINCT c FROM sbtest4 WHERE id BETWEEN 298463 AND 298472 ORDER BY c
	Unique  (cost=39.04..39.09 rows=10 width=121)
	  ->  Sort  (cost=39.04..39.07 rows=10 width=121)
	        Sort Key: c
	        ->  Index Scan using sbtest4_pkey on sbtest4  (cost=0.43..38.88 rows=10 width=121)
	              Index Cond: ((id >= 298463) AND (id <= 298472))

table 5 : explain SELECT DISTINCT c FROM sbtest5 WHERE id BETWEEN 5531674 AND 5531683 ORDER BY c
	Unique  (cost=39.45..39.50 rows=10 width=121)
	  ->  Sort  (cost=39.45..39.47 rows=10 width=121)
	        Sort Key: c
	        ->  Index Scan using sbtest5_pkey on sbtest5  (cost=0.43..39.28 rows=10 width=121)
	              Index Cond: ((id >= 5531674) AND (id <= 5531683))

table 6 : explain SELECT DISTINCT c FROM sbtest6 WHERE id BETWEEN 1035833 AND 1035842 ORDER BY c
	Unique  (cost=39.59..39.64 rows=10 width=121)
	  ->  Sort  (cost=39.59..39.61 rows=10 width=121)
	        Sort Key: c
	        ->  Index Scan using sbtest6_pkey on sbtest6  (cost=0.43..39.42 rows=10 width=121)
	              Index Cond: ((id >= 1035833) AND (id <= 1035842))

table 7 : explain SELECT DISTINCT c FROM sbtest7 WHERE id BETWEEN 5939853 AND 5939862 ORDER BY c
	Unique  (cost=39.66..39.71 rows=10 width=121)
	  ->  Sort  (cost=39.66..39.68 rows=10 width=121)
	        Sort Key: c
	        ->  Index Scan using sbtest7_pkey on sbtest7  (cost=0.43..39.49 rows=10 width=121)
	              Index Cond: ((id >= 5939853) AND (id <= 5939862))

table 8 : explain SELECT DISTINCT c FROM sbtest8 WHERE id BETWEEN 3773933 AND 3773942 ORDER BY c
	Unique  (cost=39.66..39.71 rows=10 width=121)
	  ->  Sort  (cost=39.66..39.69 rows=10 width=121)
	        Sort Key: c
	        ->  Index Scan using sbtest8_pkey on sbtest8  (cost=0.43..39.49 rows=10 width=121)
	              Index Cond: ((id >= 3773933) AND (id <= 3773942))

explain: for non_index_updates :: explain UPDATE sbtest%u SET c='foobar' WHERE id=%u
for deletes
table 1 : explain DELETE FROM sbtest1 WHERE id=6937123
	Delete on sbtest1  (cost=0.43..8.45 rows=0 width=0)
	  ->  Index Scan using sbtest1_pkey on sbtest1  (cost=0.43..8.45 rows=1 width=6)
	        Index Cond: (id = 6937123)

table 2 : explain DELETE FROM sbtest2 WHERE id=8378157
	Delete on sbtest2  (cost=0.43..8.45 rows=0 width=0)
	  ->  Index Scan using sbtest2_pkey on sbtest2  (cost=0.43..8.45 rows=1 width=6)
	        Index Cond: (id = 8378157)

table 3 : explain DELETE FROM sbtest3 WHERE id=65715
	Delete on sbtest3  (cost=0.43..8.45 rows=0 width=0)
	  ->  Index Scan using sbtest3_pkey on sbtest3  (cost=0.43..8.45 rows=1 width=6)
	        Index Cond: (id = 65715)

table 4 : explain DELETE FROM sbtest4 WHERE id=3068683
	Delete on sbtest4  (cost=0.43..8.45 rows=0 width=0)
	  ->  Index Scan using sbtest4_pkey on sbtest4  (cost=0.43..8.45 rows=1 width=6)
	        Index Cond: (id = 3068683)

table 5 : explain DELETE FROM sbtest5 WHERE id=856262
	Delete on sbtest5  (cost=0.43..8.45 rows=0 width=0)
	  ->  Index Scan using sbtest5_pkey on sbtest5  (cost=0.43..8.45 rows=1 width=6)
	        Index Cond: (id = 856262)

table 6 : explain DELETE FROM sbtest6 WHERE id=2516128
	Delete on sbtest6  (cost=0.43..8.45 rows=0 width=0)
	  ->  Index Scan using sbtest6_pkey on sbtest6  (cost=0.43..8.45 rows=1 width=6)
	        Index Cond: (id = 2516128)

table 7 : explain DELETE FROM sbtest7 WHERE id=2381119
	Delete on sbtest7  (cost=0.43..8.45 rows=0 width=0)
	  ->  Index Scan using sbtest7_pkey on sbtest7  (cost=0.43..8.45 rows=1 width=6)
	        Index Cond: (id = 2381119)

table 8 : explain DELETE FROM sbtest8 WHERE id=9401877
	Delete on sbtest8  (cost=0.43..8.45 rows=0 width=0)
	  ->  Index Scan using sbtest8_pkey on sbtest8  (cost=0.43..8.45 rows=1 width=6)
	        Index Cond: (id = 9401877)

for non_index_updates
table 1 : explain UPDATE sbtest1 SET c='foobar' WHERE id=309999
	Update on sbtest1  (cost=0.43..8.45 rows=0 width=0)
	  ->  Index Scan using sbtest1_pkey on sbtest1  (cost=0.43..8.45 rows=1 width=490)
	        Index Cond: (id = 309999)

table 2 : explain UPDATE sbtest2 SET c='foobar' WHERE id=3638759
	Update on sbtest2  (cost=0.43..8.45 rows=0 width=0)
	  ->  Index Scan using sbtest2_pkey on sbtest2  (cost=0.43..8.45 rows=1 width=490)
	        Index Cond: (id = 3638759)

table 3 : explain UPDATE sbtest3 SET c='foobar' WHERE id=3115747
	Update on sbtest3  (cost=0.43..8.45 rows=0 width=0)
	  ->  Index Scan using sbtest3_pkey on sbtest3  (cost=0.43..8.45 rows=1 width=490)
	        Index Cond: (id = 3115747)

table 4 : explain UPDATE sbtest4 SET c='foobar' WHERE id=4795587
	Update on sbtest4  (cost=0.43..8.45 rows=0 width=0)
	  ->  Index Scan using sbtest4_pkey on sbtest4  (cost=0.43..8.45 rows=1 width=490)
	        Index Cond: (id = 4795587)

table 5 : explain UPDATE sbtest5 SET c='foobar' WHERE id=2662513
	Update on sbtest5  (cost=0.43..8.45 rows=0 width=0)
	  ->  Index Scan using sbtest5_pkey on sbtest5  (cost=0.43..8.45 rows=1 width=490)
	        Index Cond: (id = 2662513)

table 6 : explain UPDATE sbtest6 SET c='foobar' WHERE id=6807920
	Update on sbtest6  (cost=0.43..8.45 rows=0 width=0)
	  ->  Index Scan using sbtest6_pkey on sbtest6  (cost=0.43..8.45 rows=1 width=490)
	        Index Cond: (id = 6807920)

table 7 : explain UPDATE sbtest7 SET c='foobar' WHERE id=7707384
	Update on sbtest7  (cost=0.43..8.45 rows=0 width=0)
	  ->  Index Scan using sbtest7_pkey on sbtest7  (cost=0.43..8.45 rows=1 width=490)
	        Index Cond: (id = 7707384)

table 8 : explain UPDATE sbtest8 SET c='foobar' WHERE id=3398454
	Update on sbtest8  (cost=0.43..8.45 rows=0 width=0)
	  ->  Index Scan using sbtest8_pkey on sbtest8  (cost=0.43..8.45 rows=1 width=490)
	        Index Cond: (id = 3398454)

explain: for deletes :: explain DELETE FROM sbtest%u WHERE id=%u
for non_index_updates
table 1 : explain UPDATE sbtest1 SET c='foobar' WHERE id=8066063
	Update on sbtest1  (cost=0.43..8.45 rows=0 width=0)
	  ->  Index Scan using sbtest1_pkey on sbtest1  (cost=0.43..8.45 rows=1 width=490)
	        Index Cond: (id = 8066063)

table 2 : explain UPDATE sbtest2 SET c='foobar' WHERE id=9188209
	Update on sbtest2  (cost=0.43..8.45 rows=0 width=0)
	  ->  Index Scan using sbtest2_pkey on sbtest2  (cost=0.43..8.45 rows=1 width=490)
	        Index Cond: (id = 9188209)

table 3 : explain UPDATE sbtest3 SET c='foobar' WHERE id=3684035
	Update on sbtest3  (cost=0.43..8.45 rows=0 width=0)
	  ->  Index Scan using sbtest3_pkey on sbtest3  (cost=0.43..8.45 rows=1 width=490)
	        Index Cond: (id = 3684035)

table 4 : explain UPDATE sbtest4 SET c='foobar' WHERE id=3019721
	Update on sbtest4  (cost=0.43..8.45 rows=0 width=0)
	  ->  Index Scan using sbtest4_pkey on sbtest4  (cost=0.43..8.45 rows=1 width=490)
	        Index Cond: (id = 3019721)

table 5 : explain UPDATE sbtest5 SET c='foobar' WHERE id=5497648
	Update on sbtest5  (cost=0.43..8.45 rows=0 width=0)
	  ->  Index Scan using sbtest5_pkey on sbtest5  (cost=0.43..8.45 rows=1 width=490)
	        Index Cond: (id = 5497648)

table 6 : explain UPDATE sbtest6 SET c='foobar' WHERE id=1269921
	Update on sbtest6  (cost=0.43..8.45 rows=0 width=0)
	  ->  Index Scan using sbtest6_pkey on sbtest6  (cost=0.43..8.45 rows=1 width=490)
	        Index Cond: (id = 1269921)

table 7 : explain UPDATE sbtest7 SET c='foobar' WHERE id=9407594
	Update on sbtest7  (cost=0.43..8.45 rows=0 width=0)
	  ->  Index Scan using sbtest7_pkey on sbtest7  (cost=0.43..8.45 rows=1 width=490)
	        Index Cond: (id = 9407594)

table 8 : explain UPDATE sbtest8 SET c='foobar' WHERE id=7769589
	Update on sbtest8  (cost=0.43..8.45 rows=0 width=0)
	  ->  Index Scan using sbtest8_pkey on sbtest8  (cost=0.43..8.45 rows=1 width=490)
	        Index Cond: (id = 7769589)

explain: for index_updates :: explain UPDATE sbtest%u SET k=k+1 WHERE id=%u
explain: for index_updates :: explain UPDATE sbtest%u SET k=k+1 WHERE id=%u
explain: for deletes :: explain DELETE FROM sbtest%u WHERE id=%u
for deletes
table 1 : explain DELETE FROM sbtest1 WHERE id=9921531
	Delete on sbtest1  (cost=0.43..8.45 rows=0 width=0)
	  ->  Index Scan using sbtest1_pkey on sbtest1  (cost=0.43..8.45 rows=1 width=6)
	        Index Cond: (id = 9921531)

table 2 : explain DELETE FROM sbtest2 WHERE id=9960923
	Delete on sbtest2  (cost=0.43..8.45 rows=0 width=0)
	  ->  Index Scan using sbtest2_pkey on sbtest2  (cost=0.43..8.45 rows=1 width=6)
	        Index Cond: (id = 9960923)

table 3 : explain DELETE FROM sbtest3 WHERE id=4366687
	Delete on sbtest3  (cost=0.43..8.45 rows=0 width=0)
	  ->  Index Scan using sbtest3_pkey on sbtest3  (cost=0.43..8.45 rows=1 width=6)
	        Index Cond: (id = 4366687)

table 4 : explain DELETE FROM sbtest4 WHERE id=3631476
	Delete on sbtest4  (cost=0.43..8.45 rows=0 width=0)
	  ->  Index Scan using sbtest4_pkey on sbtest4  (cost=0.43..8.45 rows=1 width=6)
	        Index Cond: (id = 3631476)

table 5 : explain DELETE FROM sbtest5 WHERE id=4076871
	Delete on sbtest5  (cost=0.43..8.45 rows=0 width=0)
	  ->  Index Scan using sbtest5_pkey on sbtest5  (cost=0.43..8.45 rows=1 width=6)
	        Index Cond: (id = 4076871)

table 6 : explain DELETE FROM sbtest6 WHERE id=2577453
	Delete on sbtest6  (cost=0.43..8.45 rows=0 width=0)
	  ->  Index Scan using sbtest6_pkey on sbtest6  (cost=0.43..8.45 rows=1 width=6)
	        Index Cond: (id = 2577453)

table 7 : explain DELETE FROM sbtest7 WHERE id=3824088
	Delete on sbtest7  (cost=0.43..8.45 rows=0 width=0)
	  ->  Index Scan using sbtest7_pkey on sbtest7  (cost=0.43..8.45 rows=1 width=6)
	        Index Cond: (id = 3824088)

table 8 : explain DELETE FROM sbtest8 WHERE id=1298920
	Delete on sbtest8  (cost=0.43..8.45 rows=0 width=0)
	  ->  Index Scan using sbtest8_pkey on sbtest8  (cost=0.43..8.45 rows=1 width=6)
	        Index Cond: (id = 1298920)

explain: for deletes :: explain DELETE FROM sbtest%u WHERE id=%u
for index_updates
table 1 : explain UPDATE sbtest1 SET k=k+1 WHERE id=1068340
	Update on sbtest1  (cost=0.43..8.46 rows=0 width=0)
	  ->  Index Scan using sbtest1_pkey on sbtest1  (cost=0.43..8.46 rows=1 width=10)
	        Index Cond: (id = 1068340)

table 2 : explain UPDATE sbtest2 SET k=k+1 WHERE id=3485253
	Update on sbtest2  (cost=0.43..8.46 rows=0 width=0)
	  ->  Index Scan using sbtest2_pkey on sbtest2  (cost=0.43..8.46 rows=1 width=10)
	        Index Cond: (id = 3485253)

table 3 : explain UPDATE sbtest3 SET k=k+1 WHERE id=121652
	Update on sbtest3  (cost=0.43..8.46 rows=0 width=0)
	  ->  Index Scan using sbtest3_pkey on sbtest3  (cost=0.43..8.46 rows=1 width=10)
	        Index Cond: (id = 121652)

table 4 : explain UPDATE sbtest4 SET k=k+1 WHERE id=5744622
	Update on sbtest4  (cost=0.43..8.46 rows=0 width=0)
	  ->  Index Scan using sbtest4_pkey on sbtest4  (cost=0.43..8.46 rows=1 width=10)
	        Index Cond: (id = 5744622)

table 5 : explain UPDATE sbtest5 SET k=k+1 WHERE id=2281872
	Update on sbtest5  (cost=0.43..8.46 rows=0 width=0)
	  ->  Index Scan using sbtest5_pkey on sbtest5  (cost=0.43..8.46 rows=1 width=10)
	        Index Cond: (id = 2281872)

table 6 : explain UPDATE sbtest6 SET k=k+1 WHERE id=7615786
	Update on sbtest6  (cost=0.43..8.46 rows=0 width=0)
	  ->  Index Scan using sbtest6_pkey on sbtest6  (cost=0.43..8.46 rows=1 width=10)
	        Index Cond: (id = 7615786)

table 7 : explain UPDATE sbtest7 SET k=k+1 WHERE id=5779917
	Update on sbtest7  (cost=0.43..8.46 rows=0 width=0)
	  ->  Index Scan using sbtest7_pkey on sbtest7  (cost=0.43..8.46 rows=1 width=10)
	        Index Cond: (id = 5779917)

table 8 : explain UPDATE sbtest8 SET k=k+1 WHERE id=8899683
	Update on sbtest8  (cost=0.43..8.46 rows=0 width=0)
	  ->  Index Scan using sbtest8_pkey on sbtest8  (cost=0.43..8.46 rows=1 width=10)
	        Index Cond: (id = 8899683)

explain: for inserts :: explain INSERT INTO sbtest%u (id, k, c, pad) VALUES (%u, 13, 'foobar', 'foobar')
for non_index_updates
table 1 : explain UPDATE sbtest1 SET c='foobar' WHERE id=3104825
	Update on sbtest1  (cost=0.43..8.45 rows=0 width=0)
	  ->  Index Scan using sbtest1_pkey on sbtest1  (cost=0.43..8.45 rows=1 width=490)
	        Index Cond: (id = 3104825)

table 2 : explain UPDATE sbtest2 SET c='foobar' WHERE id=5780357
	Update on sbtest2  (cost=0.43..8.45 rows=0 width=0)
	  ->  Index Scan using sbtest2_pkey on sbtest2  (cost=0.43..8.45 rows=1 width=490)
	        Index Cond: (id = 5780357)

table 3 : explain UPDATE sbtest3 SET c='foobar' WHERE id=1591633
	Update on sbtest3  (cost=0.43..8.45 rows=0 width=0)
	  ->  Index Scan using sbtest3_pkey on sbtest3  (cost=0.43..8.45 rows=1 width=490)
	        Index Cond: (id = 1591633)

table 4 : explain UPDATE sbtest4 SET c='foobar' WHERE id=383358
	Update on sbtest4  (cost=0.43..8.45 rows=0 width=0)
	  ->  Index Scan using sbtest4_pkey on sbtest4  (cost=0.43..8.45 rows=1 width=490)
	        Index Cond: (id = 383358)

table 5 : explain UPDATE sbtest5 SET c='foobar' WHERE id=9998465
	Update on sbtest5  (cost=0.43..8.45 rows=0 width=0)
	  ->  Index Scan using sbtest5_pkey on sbtest5  (cost=0.43..8.45 rows=1 width=490)
	        Index Cond: (id = 9998465)

table 6 : explain UPDATE sbtest6 SET c='foobar' WHERE id=7279056
	Update on sbtest6  (cost=0.43..8.45 rows=0 width=0)
	  ->  Index Scan using sbtest6_pkey on sbtest6  (cost=0.43..8.45 rows=1 width=490)
	        Index Cond: (id = 7279056)

table 7 : explain UPDATE sbtest7 SET c='foobar' WHERE id=1698436
	Update on sbtest7  (cost=0.43..8.45 rows=0 width=0)
	  ->  Index Scan using sbtest7_pkey on sbtest7  (cost=0.43..8.45 rows=1 width=490)
	        Index Cond: (id = 1698436)

table 8 : explain UPDATE sbtest8 SET c='foobar' WHERE id=2179068
	Update on sbtest8  (cost=0.43..8.45 rows=0 width=0)
	  ->  Index Scan using sbtest8_pkey on sbtest8  (cost=0.43..8.45 rows=1 width=490)
	        Index Cond: (id = 2179068)

for deletes
table 1 : explain DELETE FROM sbtest1 WHERE id=6754087
	Delete on sbtest1  (cost=0.43..8.45 rows=0 width=0)
	  ->  Index Scan using sbtest1_pkey on sbtest1  (cost=0.43..8.45 rows=1 width=6)
	        Index Cond: (id = 6754087)

table 2 : explain DELETE FROM sbtest2 WHERE id=71153
	Delete on sbtest2  (cost=0.43..8.45 rows=0 width=0)
	  ->  Index Scan using sbtest2_pkey on sbtest2  (cost=0.43..8.45 rows=1 width=6)
	        Index Cond: (id = 71153)

table 3 : explain DELETE FROM sbtest3 WHERE id=4324106
	Delete on sbtest3  (cost=0.43..8.45 rows=0 width=0)
	  ->  Index Scan using sbtest3_pkey on sbtest3  (cost=0.43..8.45 rows=1 width=6)
	        Index Cond: (id = 4324106)

table 4 : explain DELETE FROM sbtest4 WHERE id=2537020
	Delete on sbtest4  (cost=0.43..8.45 rows=0 width=0)
	  ->  Index Scan using sbtest4_pkey on sbtest4  (cost=0.43..8.45 rows=1 width=6)
	        Index Cond: (id = 2537020)

table 5 : explain DELETE FROM sbtest5 WHERE id=9798343
	Delete on sbtest5  (cost=0.43..8.45 rows=0 width=0)
	  ->  Index Scan using sbtest5_pkey on sbtest5  (cost=0.43..8.45 rows=1 width=6)
	        Index Cond: (id = 9798343)

table 6 : explain DELETE FROM sbtest6 WHERE id=1855475
	Delete on sbtest6  (cost=0.43..8.45 rows=0 width=0)
	  ->  Index Scan using sbtest6_pkey on sbtest6  (cost=0.43..8.45 rows=1 width=6)
	        Index Cond: (id = 1855475)

table 7 : explain DELETE FROM sbtest7 WHERE id=9868896
	Delete on sbtest7  (cost=0.43..8.45 rows=0 width=0)
	  ->  Index Scan using sbtest7_pkey on sbtest7  (cost=0.43..8.45 rows=1 width=6)
	        Index Cond: (id = 9868896)

table 8 : explain DELETE FROM sbtest8 WHERE id=3016321
	Delete on sbtest8  (cost=0.43..8.45 rows=0 width=0)
	  ->  Index Scan using sbtest8_pkey on sbtest8  (cost=0.43..8.45 rows=1 width=6)
	        Index Cond: (id = 3016321)

explain: for deletes :: explain DELETE FROM sbtest%u WHERE id=%u
for deletes
table 1 : explain DELETE FROM sbtest1 WHERE id=6758747
	Delete on sbtest1  (cost=0.43..8.45 rows=0 width=0)
	  ->  Index Scan using sbtest1_pkey on sbtest1  (cost=0.43..8.45 rows=1 width=6)
	        Index Cond: (id = 6758747)

table 2 : explain DELETE FROM sbtest2 WHERE id=2966415
	Delete on sbtest2  (cost=0.43..8.45 rows=0 width=0)
	  ->  Index Scan using sbtest2_pkey on sbtest2  (cost=0.43..8.45 rows=1 width=6)
	        Index Cond: (id = 2966415)

table 3 : explain DELETE FROM sbtest3 WHERE id=310096
	Delete on sbtest3  (cost=0.43..8.45 rows=0 width=0)
	  ->  Index Scan using sbtest3_pkey on sbtest3  (cost=0.43..8.45 rows=1 width=6)
	        Index Cond: (id = 310096)

table 4 : explain DELETE FROM sbtest4 WHERE id=4213663
	Delete on sbtest4  (cost=0.43..8.45 rows=0 width=0)
	  ->  Index Scan using sbtest4_pkey on sbtest4  (cost=0.43..8.45 rows=1 width=6)
	        Index Cond: (id = 4213663)

table 5 : explain DELETE FROM sbtest5 WHERE id=7630426
	Delete on sbtest5  (cost=0.43..8.45 rows=0 width=0)
	  ->  Index Scan using sbtest5_pkey on sbtest5  (cost=0.43..8.45 rows=1 width=6)
	        Index Cond: (id = 7630426)

table 6 : explain DELETE FROM sbtest6 WHERE id=9620356
	Delete on sbtest6  (cost=0.43..8.45 rows=0 width=0)
	  ->  Index Scan using sbtest6_pkey on sbtest6  (cost=0.43..8.45 rows=1 width=6)
	        Index Cond: (id = 9620356)

table 7 : explain DELETE FROM sbtest7 WHERE id=6500052
	Delete on sbtest7  (cost=0.43..8.45 rows=0 width=0)
	  ->  Index Scan using sbtest7_pkey on sbtest7  (cost=0.43..8.45 rows=1 width=6)
	        Index Cond: (id = 6500052)

table 8 : explain DELETE FROM sbtest8 WHERE id=2488691
	Delete on sbtest8  (cost=0.43..8.45 rows=0 width=0)
	  ->  Index Scan using sbtest8_pkey on sbtest8  (cost=0.43..8.45 rows=1 width=6)
	        Index Cond: (id = 2488691)

explain: for non_index_updates :: explain UPDATE sbtest%u SET c='foobar' WHERE id=%u
for inserts
table 1 : explain INSERT INTO sbtest1 (id, k, c, pad) VALUES (8370262, 13, 'foobar', 'foobar')
	Insert on sbtest1  (cost=0.00..0.01 rows=0 width=0)
	  ->  Result  (cost=0.00..0.01 rows=1 width=736)

table 2 : explain INSERT INTO sbtest2 (id, k, c, pad) VALUES (1269925, 13, 'foobar', 'foobar')
	Insert on sbtest2  (cost=0.00..0.01 rows=0 width=0)
	  ->  Result  (cost=0.00..0.01 rows=1 width=736)

table 3 : explain INSERT INTO sbtest3 (id, k, c, pad) VALUES (5610216, 13, 'foobar', 'foobar')
	Insert on sbtest3  (cost=0.00..0.01 rows=0 width=0)
	  ->  Result  (cost=0.00..0.01 rows=1 width=736)

table 4 : explain INSERT INTO sbtest4 (id, k, c, pad) VALUES (2162639, 13, 'foobar', 'foobar')
	Insert on sbtest4  (cost=0.00..0.01 rows=0 width=0)
	  ->  Result  (cost=0.00..0.01 rows=1 width=736)

table 5 : explain INSERT INTO sbtest5 (id, k, c, pad) VALUES (4130966, 13, 'foobar', 'foobar')
	Insert on sbtest5  (cost=0.00..0.01 rows=0 width=0)
	  ->  Result  (cost=0.00..0.01 rows=1 width=736)

table 6 : explain INSERT INTO sbtest6 (id, k, c, pad) VALUES (3940080, 13, 'foobar', 'foobar')
	Insert on sbtest6  (cost=0.00..0.01 rows=0 width=0)
	  ->  Result  (cost=0.00..0.01 rows=1 width=736)

table 7 : explain INSERT INTO sbtest7 (id, k, c, pad) VALUES (4942311, 13, 'foobar', 'foobar')
	Insert on sbtest7  (cost=0.00..0.01 rows=0 width=0)
	  ->  Result  (cost=0.00..0.01 rows=1 width=736)

table 8 : explain INSERT INTO sbtest8 (id, k, c, pad) VALUES (7335612, 13, 'foobar', 'foobar')
	Insert on sbtest8  (cost=0.00..0.01 rows=0 width=0)
	  ->  Result  (cost=0.00..0.01 rows=1 width=736)

for index_updates
table 1 : explain UPDATE sbtest1 SET k=k+1 WHERE id=1977536
	Update on sbtest1  (cost=0.43..8.46 rows=0 width=0)
	  ->  Index Scan using sbtest1_pkey on sbtest1  (cost=0.43..8.46 rows=1 width=10)
	        Index Cond: (id = 1977536)

table 2 : explain UPDATE sbtest2 SET k=k+1 WHERE id=1844917
	Update on sbtest2  (cost=0.43..8.46 rows=0 width=0)
	  ->  Index Scan using sbtest2_pkey on sbtest2  (cost=0.43..8.46 rows=1 width=10)
	        Index Cond: (id = 1844917)

table 3 : explain UPDATE sbtest3 SET k=k+1 WHERE id=454726
	Update on sbtest3  (cost=0.43..8.46 rows=0 width=0)
	  ->  Index Scan using sbtest3_pkey on sbtest3  (cost=0.43..8.46 rows=1 width=10)
	        Index Cond: (id = 454726)

table 4 : explain UPDATE sbtest4 SET k=k+1 WHERE id=33926
	Update on sbtest4  (cost=0.43..8.46 rows=0 width=0)
	  ->  Index Scan using sbtest4_pkey on sbtest4  (cost=0.43..8.46 rows=1 width=10)
	        Index Cond: (id = 33926)

table 5 : explain UPDATE sbtest5 SET k=k+1 WHERE id=6478507
	Update on sbtest5  (cost=0.43..8.46 rows=0 width=0)
	  ->  Index Scan using sbtest5_pkey on sbtest5  (cost=0.43..8.46 rows=1 width=10)
	        Index Cond: (id = 6478507)

table 6 : explain UPDATE sbtest6 SET k=k+1 WHERE id=4984578
	Update on sbtest6  (cost=0.43..8.46 rows=0 width=0)
	  ->  Index Scan using sbtest6_pkey on sbtest6  (cost=0.43..8.46 rows=1 width=10)
	        Index Cond: (id = 4984578)

table 7 : explain UPDATE sbtest7 SET k=k+1 WHERE id=5349001
	Update on sbtest7  (cost=0.43..8.46 rows=0 width=0)
	  ->  Index Scan using sbtest7_pkey on sbtest7  (cost=0.43..8.46 rows=1 width=10)
	        Index Cond: (id = 5349001)

table 8 : explain UPDATE sbtest8 SET k=k+1 WHERE id=7793097
	Update on sbtest8  (cost=0.43..8.46 rows=0 width=0)
	  ->  Index Scan using sbtest8_pkey on sbtest8  (cost=0.43..8.46 rows=1 width=10)
	        Index Cond: (id = 7793097)

for index_updates
table 1 : explain UPDATE sbtest1 SET k=k+1 WHERE id=3667874
	Update on sbtest1  (cost=0.43..8.46 rows=0 width=0)
	  ->  Index Scan using sbtest1_pkey on sbtest1  (cost=0.43..8.46 rows=1 width=10)
	        Index Cond: (id = 3667874)

table 2 : explain UPDATE sbtest2 SET k=k+1 WHERE id=6736515
	Update on sbtest2  (cost=0.43..8.46 rows=0 width=0)
	  ->  Index Scan using sbtest2_pkey on sbtest2  (cost=0.43..8.46 rows=1 width=10)
	        Index Cond: (id = 6736515)

table 3 : explain UPDATE sbtest3 SET k=k+1 WHERE id=4148836
	Update on sbtest3  (cost=0.43..8.46 rows=0 width=0)
	  ->  Index Scan using sbtest3_pkey on sbtest3  (cost=0.43..8.46 rows=1 width=10)
	        Index Cond: (id = 4148836)

table 4 : explain UPDATE sbtest4 SET k=k+1 WHERE id=4637146
	Update on sbtest4  (cost=0.43..8.46 rows=0 width=0)
	  ->  Index Scan using sbtest4_pkey on sbtest4  (cost=0.43..8.46 rows=1 width=10)
	        Index Cond: (id = 4637146)

table 5 : explain UPDATE sbtest5 SET k=k+1 WHERE id=4064539
	Update on sbtest5  (cost=0.43..8.46 rows=0 width=0)
	  ->  Index Scan using sbtest5_pkey on sbtest5  (cost=0.43..8.46 rows=1 width=10)
	        Index Cond: (id = 4064539)

table 6 : explain UPDATE sbtest6 SET k=k+1 WHERE id=4101104
	Update on sbtest6  (cost=0.43..8.46 rows=0 width=0)
	  ->  Index Scan using sbtest6_pkey on sbtest6  (cost=0.43..8.46 rows=1 width=10)
	        Index Cond: (id = 4101104)

table 7 : explain UPDATE sbtest7 SET k=k+1 WHERE id=2088918
	Update on sbtest7  (cost=0.43..8.46 rows=0 width=0)
	  ->  Index Scan using sbtest7_pkey on sbtest7  (cost=0.43..8.46 rows=1 width=10)
	        Index Cond: (id = 2088918)

table 8 : explain UPDATE sbtest8 SET k=k+1 WHERE id=5526060
	Update on sbtest8  (cost=0.43..8.46 rows=0 width=0)
	  ->  Index Scan using sbtest8_pkey on sbtest8  (cost=0.43..8.46 rows=1 width=10)
	        Index Cond: (id = 5526060)

for deletes
table 1 : explain DELETE FROM sbtest1 WHERE id=6939530
	Delete on sbtest1  (cost=0.43..8.45 rows=0 width=0)
	  ->  Index Scan using sbtest1_pkey on sbtest1  (cost=0.43..8.45 rows=1 width=6)
	        Index Cond: (id = 6939530)

table 2 : explain DELETE FROM sbtest2 WHERE id=5953555
	Delete on sbtest2  (cost=0.43..8.45 rows=0 width=0)
	  ->  Index Scan using sbtest2_pkey on sbtest2  (cost=0.43..8.45 rows=1 width=6)
	        Index Cond: (id = 5953555)

table 3 : explain DELETE FROM sbtest3 WHERE id=8239809
	Delete on sbtest3  (cost=0.43..8.45 rows=0 width=0)
	  ->  Index Scan using sbtest3_pkey on sbtest3  (cost=0.43..8.45 rows=1 width=6)
	        Index Cond: (id = 8239809)

table 4 : explain DELETE FROM sbtest4 WHERE id=1181686
	Delete on sbtest4  (cost=0.43..8.45 rows=0 width=0)
	  ->  Index Scan using sbtest4_pkey on sbtest4  (cost=0.43..8.45 rows=1 width=6)
	        Index Cond: (id = 1181686)

table 5 : explain DELETE FROM sbtest5 WHERE id=4082752
	Delete on sbtest5  (cost=0.43..8.45 rows=0 width=0)
	  ->  Index Scan using sbtest5_pkey on sbtest5  (cost=0.43..8.45 rows=1 width=6)
	        Index Cond: (id = 4082752)

table 6 : explain DELETE FROM sbtest6 WHERE id=7450457
	Delete on sbtest6  (cost=0.43..8.45 rows=0 width=0)
	  ->  Index Scan using sbtest6_pkey on sbtest6  (cost=0.43..8.45 rows=1 width=6)
	        Index Cond: (id = 7450457)

table 7 : explain DELETE FROM sbtest7 WHERE id=1067285
	Delete on sbtest7  (cost=0.43..8.45 rows=0 width=0)
	  ->  Index Scan using sbtest7_pkey on sbtest7  (cost=0.43..8.45 rows=1 width=6)
	        Index Cond: (id = 1067285)

table 8 : explain DELETE FROM sbtest8 WHERE id=922196
	Delete on sbtest8  (cost=0.43..8.45 rows=0 width=0)
	  ->  Index Scan using sbtest8_pkey on sbtest8  (cost=0.43..8.45 rows=1 width=6)
	        Index Cond: (id = 922196)

explain: for inserts :: explain INSERT INTO sbtest%u (id, k, c, pad) VALUES (%u, 13, 'foobar', 'foobar')
explain: for inserts :: explain INSERT INTO sbtest%u (id, k, c, pad) VALUES (%u, 13, 'foobar', 'foobar')
explain: for non_index_updates :: explain UPDATE sbtest%u SET c='foobar' WHERE id=%u
for deletes
table 1 : explain DELETE FROM sbtest1 WHERE id=4825968
	Delete on sbtest1  (cost=0.43..8.45 rows=0 width=0)
	  ->  Index Scan using sbtest1_pkey on sbtest1  (cost=0.43..8.45 rows=1 width=6)
	        Index Cond: (id = 4825968)

table 2 : explain DELETE FROM sbtest2 WHERE id=9190974
	Delete on sbtest2  (cost=0.43..8.45 rows=0 width=0)
	  ->  Index Scan using sbtest2_pkey on sbtest2  (cost=0.43..8.45 rows=1 width=6)
	        Index Cond: (id = 9190974)

table 3 : explain DELETE FROM sbtest3 WHERE id=722709
	Delete on sbtest3  (cost=0.43..8.45 rows=0 width=0)
	  ->  Index Scan using sbtest3_pkey on sbtest3  (cost=0.43..8.45 rows=1 width=6)
	        Index Cond: (id = 722709)

table 4 : explain DELETE FROM sbtest4 WHERE id=2489926
	Delete on sbtest4  (cost=0.43..8.45 rows=0 width=0)
	  ->  Index Scan using sbtest4_pkey on sbtest4  (cost=0.43..8.45 rows=1 width=6)
	        Index Cond: (id = 2489926)

table 5 : explain DELETE FROM sbtest5 WHERE id=375835
	Delete on sbtest5  (cost=0.43..8.45 rows=0 width=0)
	  ->  Index Scan using sbtest5_pkey on sbtest5  (cost=0.43..8.45 rows=1 width=6)
	        Index Cond: (id = 375835)

table 6 : explain DELETE FROM sbtest6 WHERE id=9780826
	Delete on sbtest6  (cost=0.43..8.45 rows=0 width=0)
	  ->  Index Scan using sbtest6_pkey on sbtest6  (cost=0.43..8.45 rows=1 width=6)
	        Index Cond: (id = 9780826)

table 7 : explain DELETE FROM sbtest7 WHERE id=3008613
	Delete on sbtest7  (cost=0.43..8.45 rows=0 width=0)
	  ->  Index Scan using sbtest7_pkey on sbtest7  (cost=0.43..8.45 rows=1 width=6)
	        Index Cond: (id = 3008613)

table 8 : explain DELETE FROM sbtest8 WHERE id=5591592
	Delete on sbtest8  (cost=0.43..8.45 rows=0 width=0)
	  ->  Index Scan using sbtest8_pkey on sbtest8  (cost=0.43..8.45 rows=1 width=6)
	        Index Cond: (id = 5591592)

explain: for inserts :: explain INSERT INTO sbtest%u (id, k, c, pad) VALUES (%u, 13, 'foobar', 'foobar')
explain: for non_index_updates :: explain UPDATE sbtest%u SET c='foobar' WHERE id=%u
for non_index_updates
table 1 : explain UPDATE sbtest1 SET c='foobar' WHERE id=8869888
	Update on sbtest1  (cost=0.43..8.45 rows=0 width=0)
	  ->  Index Scan using sbtest1_pkey on sbtest1  (cost=0.43..8.45 rows=1 width=490)
	        Index Cond: (id = 8869888)

table 2 : explain UPDATE sbtest2 SET c='foobar' WHERE id=5402718
	Update on sbtest2  (cost=0.43..8.45 rows=0 width=0)
	  ->  Index Scan using sbtest2_pkey on sbtest2  (cost=0.43..8.45 rows=1 width=490)
	        Index Cond: (id = 5402718)

table 3 : explain UPDATE sbtest3 SET c='foobar' WHERE id=9940011
	Update on sbtest3  (cost=0.43..8.45 rows=0 width=0)
	  ->  Index Scan using sbtest3_pkey on sbtest3  (cost=0.43..8.45 rows=1 width=490)
	        Index Cond: (id = 9940011)

table 4 : explain UPDATE sbtest4 SET c='foobar' WHERE id=3844597
	Update on sbtest4  (cost=0.43..8.45 rows=0 width=0)
	  ->  Index Scan using sbtest4_pkey on sbtest4  (cost=0.43..8.45 rows=1 width=490)
	        Index Cond: (id = 3844597)

table 5 : explain UPDATE sbtest5 SET c='foobar' WHERE id=6008550
	Update on sbtest5  (cost=0.43..8.45 rows=0 width=0)
	  ->  Index Scan using sbtest5_pkey on sbtest5  (cost=0.43..8.45 rows=1 width=490)
	        Index Cond: (id = 6008550)

table 6 : explain UPDATE sbtest6 SET c='foobar' WHERE id=3552289
	Update on sbtest6  (cost=0.43..8.45 rows=0 width=0)
	  ->  Index Scan using sbtest6_pkey on sbtest6  (cost=0.43..8.45 rows=1 width=490)
	        Index Cond: (id = 3552289)

table 7 : explain UPDATE sbtest7 SET c='foobar' WHERE id=6426036
	Update on sbtest7  (cost=0.43..8.45 rows=0 width=0)
	  ->  Index Scan using sbtest7_pkey on sbtest7  (cost=0.43..8.45 rows=1 width=490)
	        Index Cond: (id = 6426036)

table 8 : explain UPDATE sbtest8 SET c='foobar' WHERE id=1893019
	Update on sbtest8  (cost=0.43..8.45 rows=0 width=0)
	  ->  Index Scan using sbtest8_pkey on sbtest8  (cost=0.43..8.45 rows=1 width=490)
	        Index Cond: (id = 1893019)

for inserts
table 1 : explain INSERT INTO sbtest1 (id, k, c, pad) VALUES (8600515, 13, 'foobar', 'foobar')
	Insert on sbtest1  (cost=0.00..0.01 rows=0 width=0)
	  ->  Result  (cost=0.00..0.01 rows=1 width=736)

table 2 : explain INSERT INTO sbtest2 (id, k, c, pad) VALUES (1881685, 13, 'foobar', 'foobar')
	Insert on sbtest2  (cost=0.00..0.01 rows=0 width=0)
	  ->  Result  (cost=0.00..0.01 rows=1 width=736)

table 3 : explain INSERT INTO sbtest3 (id, k, c, pad) VALUES (3549212, 13, 'foobar', 'foobar')
	Insert on sbtest3  (cost=0.00..0.01 rows=0 width=0)
	  ->  Result  (cost=0.00..0.01 rows=1 width=736)

table 4 : explain INSERT INTO sbtest4 (id, k, c, pad) VALUES (179440, 13, 'foobar', 'foobar')
	Insert on sbtest4  (cost=0.00..0.01 rows=0 width=0)
	  ->  Result  (cost=0.00..0.01 rows=1 width=736)

table 5 : explain INSERT INTO sbtest5 (id, k, c, pad) VALUES (6661829, 13, 'foobar', 'foobar')
	Insert on sbtest5  (cost=0.00..0.01 rows=0 width=0)
	  ->  Result  (cost=0.00..0.01 rows=1 width=736)

table 6 : explain INSERT INTO sbtest6 (id, k, c, pad) VALUES (6818911, 13, 'foobar', 'foobar')
	Insert on sbtest6  (cost=0.00..0.01 rows=0 width=0)
	  ->  Result  (cost=0.00..0.01 rows=1 width=736)

table 7 : explain INSERT INTO sbtest7 (id, k, c, pad) VALUES (4865903, 13, 'foobar', 'foobar')
	Insert on sbtest7  (cost=0.00..0.01 rows=0 width=0)
	  ->  Result  (cost=0.00..0.01 rows=1 width=736)

table 8 : explain INSERT INTO sbtest8 (id, k, c, pad) VALUES (4442958, 13, 'foobar', 'foobar')
	Insert on sbtest8  (cost=0.00..0.01 rows=0 width=0)
	  ->  Result  (cost=0.00..0.01 rows=1 width=736)

for inserts
table 1 : explain INSERT INTO sbtest1 (id, k, c, pad) VALUES (2709653, 13, 'foobar', 'foobar')
	Insert on sbtest1  (cost=0.00..0.01 rows=0 width=0)
	  ->  Result  (cost=0.00..0.01 rows=1 width=736)

table 2 : explain INSERT INTO sbtest2 (id, k, c, pad) VALUES (5536133, 13, 'foobar', 'foobar')
	Insert on sbtest2  (cost=0.00..0.01 rows=0 width=0)
	  ->  Result  (cost=0.00..0.01 rows=1 width=736)

table 3 : explain INSERT INTO sbtest3 (id, k, c, pad) VALUES (73199, 13, 'foobar', 'foobar')
	Insert on sbtest3  (cost=0.00..0.01 rows=0 width=0)
	  ->  Result  (cost=0.00..0.01 rows=1 width=736)

table 4 : explain INSERT INTO sbtest4 (id, k, c, pad) VALUES (9659807, 13, 'foobar', 'foobar')
	Insert on sbtest4  (cost=0.00..0.01 rows=0 width=0)
	  ->  Result  (cost=0.00..0.01 rows=1 width=736)

table 5 : explain INSERT INTO sbtest5 (id, k, c, pad) VALUES (796499, 13, 'foobar', 'foobar')
	Insert on sbtest5  (cost=0.00..0.01 rows=0 width=0)
	  ->  Result  (cost=0.00..0.01 rows=1 width=736)

table 6 : explain INSERT INTO sbtest6 (id, k, c, pad) VALUES (2281761, 13, 'foobar', 'foobar')
	Insert on sbtest6  (cost=0.00..0.01 rows=0 width=0)
	  ->  Result  (cost=0.00..0.01 rows=1 width=736)

table 7 : explain INSERT INTO sbtest7 (id, k, c, pad) VALUES (6203327, 13, 'foobar', 'foobar')
	Insert on sbtest7  (cost=0.00..0.01 rows=0 width=0)
	  ->  Result  (cost=0.00..0.01 rows=1 width=736)

table 8 : explain INSERT INTO sbtest8 (id, k, c, pad) VALUES (5967265, 13, 'foobar', 'foobar')
	Insert on sbtest8  (cost=0.00..0.01 rows=0 width=0)
	  ->  Result  (cost=0.00..0.01 rows=1 width=736)

explain: for inserts :: explain INSERT INTO sbtest%u (id, k, c, pad) VALUES (%u, 13, 'foobar', 'foobar')
explain: for inserts :: explain INSERT INTO sbtest%u (id, k, c, pad) VALUES (%u, 13, 'foobar', 'foobar')
for non_index_updates
table 1 : explain UPDATE sbtest1 SET c='foobar' WHERE id=1789883
	Update on sbtest1  (cost=0.43..8.45 rows=0 width=0)
	  ->  Index Scan using sbtest1_pkey on sbtest1  (cost=0.43..8.45 rows=1 width=490)
	        Index Cond: (id = 1789883)

table 2 : explain UPDATE sbtest2 SET c='foobar' WHERE id=3904518
	Update on sbtest2  (cost=0.43..8.45 rows=0 width=0)
	  ->  Index Scan using sbtest2_pkey on sbtest2  (cost=0.43..8.45 rows=1 width=490)
	        Index Cond: (id = 3904518)

table 3 : explain UPDATE sbtest3 SET c='foobar' WHERE id=5338308
	Update on sbtest3  (cost=0.43..8.45 rows=0 width=0)
	  ->  Index Scan using sbtest3_pkey on sbtest3  (cost=0.43..8.45 rows=1 width=490)
	        Index Cond: (id = 5338308)

table 4 : explain UPDATE sbtest4 SET c='foobar' WHERE id=620412
	Update on sbtest4  (cost=0.43..8.45 rows=0 width=0)
	  ->  Index Scan using sbtest4_pkey on sbtest4  (cost=0.43..8.45 rows=1 width=490)
	        Index Cond: (id = 620412)

table 5 : explain UPDATE sbtest5 SET c='foobar' WHERE id=7086927
	Update on sbtest5  (cost=0.43..8.45 rows=0 width=0)
	  ->  Index Scan using sbtest5_pkey on sbtest5  (cost=0.43..8.45 rows=1 width=490)
	        Index Cond: (id = 7086927)

table 6 : explain UPDATE sbtest6 SET c='foobar' WHERE id=8463527
	Update on sbtest6  (cost=0.43..8.45 rows=0 width=0)
	  ->  Index Scan using sbtest6_pkey on sbtest6  (cost=0.43..8.45 rows=1 width=490)
	        Index Cond: (id = 8463527)

table 7 : explain UPDATE sbtest7 SET c='foobar' WHERE id=1982829
	Update on sbtest7  (cost=0.43..8.45 rows=0 width=0)
	  ->  Index Scan using sbtest7_pkey on sbtest7  (cost=0.43..8.45 rows=1 width=490)
	        Index Cond: (id = 1982829)

table 8 : explain UPDATE sbtest8 SET c='foobar' WHERE id=5111722
	Update on sbtest8  (cost=0.43..8.45 rows=0 width=0)
	  ->  Index Scan using sbtest8_pkey on sbtest8  (cost=0.43..8.45 rows=1 width=490)
	        Index Cond: (id = 5111722)

explain: for deletes :: explain DELETE FROM sbtest%u WHERE id=%u
for non_index_updates
table 1 : explain UPDATE sbtest1 SET c='foobar' WHERE id=2720044
	Update on sbtest1  (cost=0.43..8.45 rows=0 width=0)
	  ->  Index Scan using sbtest1_pkey on sbtest1  (cost=0.43..8.45 rows=1 width=490)
	        Index Cond: (id = 2720044)

table 2 : explain UPDATE sbtest2 SET c='foobar' WHERE id=4086807
	Update on sbtest2  (cost=0.43..8.45 rows=0 width=0)
	  ->  Index Scan using sbtest2_pkey on sbtest2  (cost=0.43..8.45 rows=1 width=490)
	        Index Cond: (id = 4086807)

table 3 : explain UPDATE sbtest3 SET c='foobar' WHERE id=2062310
	Update on sbtest3  (cost=0.43..8.45 rows=0 width=0)
	  ->  Index Scan using sbtest3_pkey on sbtest3  (cost=0.43..8.45 rows=1 width=490)
	        Index Cond: (id = 2062310)

table 4 : explain UPDATE sbtest4 SET c='foobar' WHERE id=3246325
	Update on sbtest4  (cost=0.43..8.45 rows=0 width=0)
	  ->  Index Scan using sbtest4_pkey on sbtest4  (cost=0.43..8.45 rows=1 width=490)
	        Index Cond: (id = 3246325)

table 5 : explain UPDATE sbtest5 SET c='foobar' WHERE id=4712543
	Update on sbtest5  (cost=0.43..8.45 rows=0 width=0)
	  ->  Index Scan using sbtest5_pkey on sbtest5  (cost=0.43..8.45 rows=1 width=490)
	        Index Cond: (id = 4712543)

table 6 : explain UPDATE sbtest6 SET c='foobar' WHERE id=9006336
	Update on sbtest6  (cost=0.43..8.45 rows=0 width=0)
	  ->  Index Scan using sbtest6_pkey on sbtest6  (cost=0.43..8.45 rows=1 width=490)
	        Index Cond: (id = 9006336)

table 7 : explain UPDATE sbtest7 SET c='foobar' WHERE id=4841944
	Update on sbtest7  (cost=0.43..8.45 rows=0 width=0)
	  ->  Index Scan using sbtest7_pkey on sbtest7  (cost=0.43..8.45 rows=1 width=490)
	        Index Cond: (id = 4841944)

table 8 : explain UPDATE sbtest8 SET c='foobar' WHERE id=5714454
	Update on sbtest8  (cost=0.43..8.45 rows=0 width=0)
	  ->  Index Scan using sbtest8_pkey on sbtest8  (cost=0.43..8.45 rows=1 width=490)
	        Index Cond: (id = 5714454)

explain: for deletes :: explain DELETE FROM sbtest%u WHERE id=%u
for inserts
table 1 : explain INSERT INTO sbtest1 (id, k, c, pad) VALUES (2106513, 13, 'foobar', 'foobar')
	Insert on sbtest1  (cost=0.00..0.01 rows=0 width=0)
	  ->  Result  (cost=0.00..0.01 rows=1 width=736)

table 2 : explain INSERT INTO sbtest2 (id, k, c, pad) VALUES (6534780, 13, 'foobar', 'foobar')
	Insert on sbtest2  (cost=0.00..0.01 rows=0 width=0)
	  ->  Result  (cost=0.00..0.01 rows=1 width=736)

table 3 : explain INSERT INTO sbtest3 (id, k, c, pad) VALUES (168190, 13, 'foobar', 'foobar')
	Insert on sbtest3  (cost=0.00..0.01 rows=0 width=0)
	  ->  Result  (cost=0.00..0.01 rows=1 width=736)

table 4 : explain INSERT INTO sbtest4 (id, k, c, pad) VALUES (3886343, 13, 'foobar', 'foobar')
	Insert on sbtest4  (cost=0.00..0.01 rows=0 width=0)
	  ->  Result  (cost=0.00..0.01 rows=1 width=736)

table 5 : explain INSERT INTO sbtest5 (id, k, c, pad) VALUES (4298215, 13, 'foobar', 'foobar')
	Insert on sbtest5  (cost=0.00..0.01 rows=0 width=0)
	  ->  Result  (cost=0.00..0.01 rows=1 width=736)

table 6 : explain INSERT INTO sbtest6 (id, k, c, pad) VALUES (3052921, 13, 'foobar', 'foobar')
	Insert on sbtest6  (cost=0.00..0.01 rows=0 width=0)
	  ->  Result  (cost=0.00..0.01 rows=1 width=736)

table 7 : explain INSERT INTO sbtest7 (id, k, c, pad) VALUES (124861, 13, 'foobar', 'foobar')
	Insert on sbtest7  (cost=0.00..0.01 rows=0 width=0)
	  ->  Result  (cost=0.00..0.01 rows=1 width=736)

table 8 : explain INSERT INTO sbtest8 (id, k, c, pad) VALUES (3915303, 13, 'foobar', 'foobar')
	Insert on sbtest8  (cost=0.00..0.01 rows=0 width=0)
	  ->  Result  (cost=0.00..0.01 rows=1 width=736)

for inserts
table 1 : explain INSERT INTO sbtest1 (id, k, c, pad) VALUES (4727866, 13, 'foobar', 'foobar')
	Insert on sbtest1  (cost=0.00..0.01 rows=0 width=0)
	  ->  Result  (cost=0.00..0.01 rows=1 width=736)

table 2 : explain INSERT INTO sbtest2 (id, k, c, pad) VALUES (2470104, 13, 'foobar', 'foobar')
	Insert on sbtest2  (cost=0.00..0.01 rows=0 width=0)
	  ->  Result  (cost=0.00..0.01 rows=1 width=736)

table 3 : explain INSERT INTO sbtest3 (id, k, c, pad) VALUES (1426153, 13, 'foobar', 'foobar')
	Insert on sbtest3  (cost=0.00..0.01 rows=0 width=0)
	  ->  Result  (cost=0.00..0.01 rows=1 width=736)

table 4 : explain INSERT INTO sbtest4 (id, k, c, pad) VALUES (5863599, 13, 'foobar', 'foobar')
	Insert on sbtest4  (cost=0.00..0.01 rows=0 width=0)
	  ->  Result  (cost=0.00..0.01 rows=1 width=736)

table 5 : explain INSERT INTO sbtest5 (id, k, c, pad) VALUES (6883990, 13, 'foobar', 'foobar')
	Insert on sbtest5  (cost=0.00..0.01 rows=0 width=0)
	  ->  Result  (cost=0.00..0.01 rows=1 width=736)

table 6 : explain INSERT INTO sbtest6 (id, k, c, pad) VALUES (1114219, 13, 'foobar', 'foobar')
	Insert on sbtest6  (cost=0.00..0.01 rows=0 width=0)
	  ->  Result  (cost=0.00..0.01 rows=1 width=736)

table 7 : explain INSERT INTO sbtest7 (id, k, c, pad) VALUES (4864911, 13, 'foobar', 'foobar')
	Insert on sbtest7  (cost=0.00..0.01 rows=0 width=0)
	  ->  Result  (cost=0.00..0.01 rows=1 width=736)

table 8 : explain INSERT INTO sbtest8 (id, k, c, pad) VALUES (561559, 13, 'foobar', 'foobar')
	Insert on sbtest8  (cost=0.00..0.01 rows=0 width=0)
	  ->  Result  (cost=0.00..0.01 rows=1 width=736)

explain: for deletes :: explain DELETE FROM sbtest%u WHERE id=%u
for deletes
table 1 : explain DELETE FROM sbtest1 WHERE id=7195495
	Delete on sbtest1  (cost=0.43..8.45 rows=0 width=0)
	  ->  Index Scan using sbtest1_pkey on sbtest1  (cost=0.43..8.45 rows=1 width=6)
	        Index Cond: (id = 7195495)

table 2 : explain DELETE FROM sbtest2 WHERE id=6364947
	Delete on sbtest2  (cost=0.43..8.45 rows=0 width=0)
	  ->  Index Scan using sbtest2_pkey on sbtest2  (cost=0.43..8.45 rows=1 width=6)
	        Index Cond: (id = 6364947)

table 3 : explain DELETE FROM sbtest3 WHERE id=6070236
	Delete on sbtest3  (cost=0.43..8.45 rows=0 width=0)
	  ->  Index Scan using sbtest3_pkey on sbtest3  (cost=0.43..8.45 rows=1 width=6)
	        Index Cond: (id = 6070236)

table 4 : explain DELETE FROM sbtest4 WHERE id=7119923
	Delete on sbtest4  (cost=0.43..8.45 rows=0 width=0)
	  ->  Index Scan using sbtest4_pkey on sbtest4  (cost=0.43..8.45 rows=1 width=6)
	        Index Cond: (id = 7119923)

table 5 : explain DELETE FROM sbtest5 WHERE id=4699046
	Delete on sbtest5  (cost=0.43..8.45 rows=0 width=0)
	  ->  Index Scan using sbtest5_pkey on sbtest5  (cost=0.43..8.45 rows=1 width=6)
	        Index Cond: (id = 4699046)

table 6 : explain DELETE FROM sbtest6 WHERE id=6905364
	Delete on sbtest6  (cost=0.43..8.45 rows=0 width=0)
	  ->  Index Scan using sbtest6_pkey on sbtest6  (cost=0.43..8.45 rows=1 width=6)
	        Index Cond: (id = 6905364)

table 7 : explain DELETE FROM sbtest7 WHERE id=6195563
	Delete on sbtest7  (cost=0.43..8.45 rows=0 width=0)
	  ->  Index Scan using sbtest7_pkey on sbtest7  (cost=0.43..8.45 rows=1 width=6)
	        Index Cond: (id = 6195563)

table 8 : explain DELETE FROM sbtest8 WHERE id=9493356
	Delete on sbtest8  (cost=0.43..8.45 rows=0 width=0)
	  ->  Index Scan using sbtest8_pkey on sbtest8  (cost=0.43..8.45 rows=1 width=6)
	        Index Cond: (id = 9493356)

for deletes
table 1 : explain DELETE FROM sbtest1 WHERE id=5108616
	Delete on sbtest1  (cost=0.43..8.45 rows=0 width=0)
	  ->  Index Scan using sbtest1_pkey on sbtest1  (cost=0.43..8.45 rows=1 width=6)
	        Index Cond: (id = 5108616)

table 2 : explain DELETE FROM sbtest2 WHERE id=1684565
	Delete on sbtest2  (cost=0.43..8.45 rows=0 width=0)
	  ->  Index Scan using sbtest2_pkey on sbtest2  (cost=0.43..8.45 rows=1 width=6)
	        Index Cond: (id = 1684565)

table 3 : explain DELETE FROM sbtest3 WHERE id=1295727
	Delete on sbtest3  (cost=0.43..8.45 rows=0 width=0)
	  ->  Index Scan using sbtest3_pkey on sbtest3  (cost=0.43..8.45 rows=1 width=6)
	        Index Cond: (id = 1295727)

table 4 : explain DELETE FROM sbtest4 WHERE id=6200434
	Delete on sbtest4  (cost=0.43..8.45 rows=0 width=0)
	  ->  Index Scan using sbtest4_pkey on sbtest4  (cost=0.43..8.45 rows=1 width=6)
	        Index Cond: (id = 6200434)

table 5 : explain DELETE FROM sbtest5 WHERE id=5880709
	Delete on sbtest5  (cost=0.43..8.45 rows=0 width=0)
	  ->  Index Scan using sbtest5_pkey on sbtest5  (cost=0.43..8.45 rows=1 width=6)
	        Index Cond: (id = 5880709)

table 6 : explain DELETE FROM sbtest6 WHERE id=9285652
	Delete on sbtest6  (cost=0.43..8.45 rows=0 width=0)
	  ->  Index Scan using sbtest6_pkey on sbtest6  (cost=0.43..8.45 rows=1 width=6)
	        Index Cond: (id = 9285652)

table 7 : explain DELETE FROM sbtest7 WHERE id=2218768
	Delete on sbtest7  (cost=0.43..8.45 rows=0 width=0)
	  ->  Index Scan using sbtest7_pkey on sbtest7  (cost=0.43..8.45 rows=1 width=6)
	        Index Cond: (id = 2218768)

table 8 : explain DELETE FROM sbtest8 WHERE id=7488355
	Delete on sbtest8  (cost=0.43..8.45 rows=0 width=0)
	  ->  Index Scan using sbtest8_pkey on sbtest8  (cost=0.43..8.45 rows=1 width=6)
	        Index Cond: (id = 7488355)

for deletes
table 1 : explain DELETE FROM sbtest1 WHERE id=7489139
	Delete on sbtest1  (cost=0.43..8.45 rows=0 width=0)
	  ->  Index Scan using sbtest1_pkey on sbtest1  (cost=0.43..8.45 rows=1 width=6)
	        Index Cond: (id = 7489139)

table 2 : explain DELETE FROM sbtest2 WHERE id=2420571
	Delete on sbtest2  (cost=0.43..8.45 rows=0 width=0)
	  ->  Index Scan using sbtest2_pkey on sbtest2  (cost=0.43..8.45 rows=1 width=6)
	        Index Cond: (id = 2420571)

table 3 : explain DELETE FROM sbtest3 WHERE id=4254064
	Delete on sbtest3  (cost=0.43..8.45 rows=0 width=0)
	  ->  Index Scan using sbtest3_pkey on sbtest3  (cost=0.43..8.45 rows=1 width=6)
	        Index Cond: (id = 4254064)

table 4 : explain DELETE FROM sbtest4 WHERE id=8416707
	Delete on sbtest4  (cost=0.43..8.45 rows=0 width=0)
	  ->  Index Scan using sbtest4_pkey on sbtest4  (cost=0.43..8.45 rows=1 width=6)
	        Index Cond: (id = 8416707)

table 5 : explain DELETE FROM sbtest5 WHERE id=1588471
	Delete on sbtest5  (cost=0.43..8.45 rows=0 width=0)
	  ->  Index Scan using sbtest5_pkey on sbtest5  (cost=0.43..8.45 rows=1 width=6)
	        Index Cond: (id = 1588471)

table 6 : explain DELETE FROM sbtest6 WHERE id=6763758
	Delete on sbtest6  (cost=0.43..8.45 rows=0 width=0)
	  ->  Index Scan using sbtest6_pkey on sbtest6  (cost=0.43..8.45 rows=1 width=6)
	        Index Cond: (id = 6763758)

table 7 : explain DELETE FROM sbtest7 WHERE id=2379791
	Delete on sbtest7  (cost=0.43..8.45 rows=0 width=0)
	  ->  Index Scan using sbtest7_pkey on sbtest7  (cost=0.43..8.45 rows=1 width=6)
	        Index Cond: (id = 2379791)

table 8 : explain DELETE FROM sbtest8 WHERE id=2004836
	Delete on sbtest8  (cost=0.43..8.45 rows=0 width=0)
	  ->  Index Scan using sbtest8_pkey on sbtest8  (cost=0.43..8.45 rows=1 width=6)
	        Index Cond: (id = 2004836)

explain: for inserts :: explain INSERT INTO sbtest%u (id, k, c, pad) VALUES (%u, 13, 'foobar', 'foobar')
explain: for inserts :: explain INSERT INTO sbtest%u (id, k, c, pad) VALUES (%u, 13, 'foobar', 'foobar')
explain: for inserts :: explain INSERT INTO sbtest%u (id, k, c, pad) VALUES (%u, 13, 'foobar', 'foobar')
for inserts
table 1 : explain INSERT INTO sbtest1 (id, k, c, pad) VALUES (9686379, 13, 'foobar', 'foobar')
	Insert on sbtest1  (cost=0.00..0.01 rows=0 width=0)
	  ->  Result  (cost=0.00..0.01 rows=1 width=736)

table 2 : explain INSERT INTO sbtest2 (id, k, c, pad) VALUES (9046285, 13, 'foobar', 'foobar')
	Insert on sbtest2  (cost=0.00..0.01 rows=0 width=0)
	  ->  Result  (cost=0.00..0.01 rows=1 width=736)

table 3 : explain INSERT INTO sbtest3 (id, k, c, pad) VALUES (5811134, 13, 'foobar', 'foobar')
	Insert on sbtest3  (cost=0.00..0.01 rows=0 width=0)
	  ->  Result  (cost=0.00..0.01 rows=1 width=736)

table 4 : explain INSERT INTO sbtest4 (id, k, c, pad) VALUES (3253268, 13, 'foobar', 'foobar')
	Insert on sbtest4  (cost=0.00..0.01 rows=0 width=0)
	  ->  Result  (cost=0.00..0.01 rows=1 width=736)

table 5 : explain INSERT INTO sbtest5 (id, k, c, pad) VALUES (3485121, 13, 'foobar', 'foobar')
	Insert on sbtest5  (cost=0.00..0.01 rows=0 width=0)
	  ->  Result  (cost=0.00..0.01 rows=1 width=736)

table 6 : explain INSERT INTO sbtest6 (id, k, c, pad) VALUES (3382419, 13, 'foobar', 'foobar')
	Insert on sbtest6  (cost=0.00..0.01 rows=0 width=0)
	  ->  Result  (cost=0.00..0.01 rows=1 width=736)

table 7 : explain INSERT INTO sbtest7 (id, k, c, pad) VALUES (2959840, 13, 'foobar', 'foobar')
	Insert on sbtest7  (cost=0.00..0.01 rows=0 width=0)
	  ->  Result  (cost=0.00..0.01 rows=1 width=736)

table 8 : explain INSERT INTO sbtest8 (id, k, c, pad) VALUES (2777062, 13, 'foobar', 'foobar')
	Insert on sbtest8  (cost=0.00..0.01 rows=0 width=0)
	  ->  Result  (cost=0.00..0.01 rows=1 width=736)

for inserts
table 1 : explain INSERT INTO sbtest1 (id, k, c, pad) VALUES (3646242, 13, 'foobar', 'foobar')
	Insert on sbtest1  (cost=0.00..0.01 rows=0 width=0)
	  ->  Result  (cost=0.00..0.01 rows=1 width=736)

table 2 : explain INSERT INTO sbtest2 (id, k, c, pad) VALUES (7391536, 13, 'foobar', 'foobar')
	Insert on sbtest2  (cost=0.00..0.01 rows=0 width=0)
	  ->  Result  (cost=0.00..0.01 rows=1 width=736)

table 3 : explain INSERT INTO sbtest3 (id, k, c, pad) VALUES (7986838, 13, 'foobar', 'foobar')
	Insert on sbtest3  (cost=0.00..0.01 rows=0 width=0)
	  ->  Result  (cost=0.00..0.01 rows=1 width=736)

table 4 : explain INSERT INTO sbtest4 (id, k, c, pad) VALUES (253098, 13, 'foobar', 'foobar')
	Insert on sbtest4  (cost=0.00..0.01 rows=0 width=0)
	  ->  Result  (cost=0.00..0.01 rows=1 width=736)

table 5 : explain INSERT INTO sbtest5 (id, k, c, pad) VALUES (9124164, 13, 'foobar', 'foobar')
	Insert on sbtest5  (cost=0.00..0.01 rows=0 width=0)
	  ->  Result  (cost=0.00..0.01 rows=1 width=736)

table 6 : explain INSERT INTO sbtest6 (id, k, c, pad) VALUES (3655747, 13, 'foobar', 'foobar')
	Insert on sbtest6  (cost=0.00..0.01 rows=0 width=0)
	  ->  Result  (cost=0.00..0.01 rows=1 width=736)

table 7 : explain INSERT INTO sbtest7 (id, k, c, pad) VALUES (4342331, 13, 'foobar', 'foobar')
	Insert on sbtest7  (cost=0.00..0.01 rows=0 width=0)
	  ->  Result  (cost=0.00..0.01 rows=1 width=736)

table 8 : explain INSERT INTO sbtest8 (id, k, c, pad) VALUES (1916111, 13, 'foobar', 'foobar')
	Insert on sbtest8  (cost=0.00..0.01 rows=0 width=0)
	  ->  Result  (cost=0.00..0.01 rows=1 width=736)

for inserts
table 1 : explain INSERT INTO sbtest1 (id, k, c, pad) VALUES (3832799, 13, 'foobar', 'foobar')
	Insert on sbtest1  (cost=0.00..0.01 rows=0 width=0)
	  ->  Result  (cost=0.00..0.01 rows=1 width=736)

table 2 : explain INSERT INTO sbtest2 (id, k, c, pad) VALUES (710268, 13, 'foobar', 'foobar')
	Insert on sbtest2  (cost=0.00..0.01 rows=0 width=0)
	  ->  Result  (cost=0.00..0.01 rows=1 width=736)

table 3 : explain INSERT INTO sbtest3 (id, k, c, pad) VALUES (2992688, 13, 'foobar', 'foobar')
	Insert on sbtest3  (cost=0.00..0.01 rows=0 width=0)
	  ->  Result  (cost=0.00..0.01 rows=1 width=736)

table 4 : explain INSERT INTO sbtest4 (id, k, c, pad) VALUES (7172603, 13, 'foobar', 'foobar')
	Insert on sbtest4  (cost=0.00..0.01 rows=0 width=0)
	  ->  Result  (cost=0.00..0.01 rows=1 width=736)

table 5 : explain INSERT INTO sbtest5 (id, k, c, pad) VALUES (5696994, 13, 'foobar', 'foobar')
	Insert on sbtest5  (cost=0.00..0.01 rows=0 width=0)
	  ->  Result  (cost=0.00..0.01 rows=1 width=736)

table 6 : explain INSERT INTO sbtest6 (id, k, c, pad) VALUES (8353258, 13, 'foobar', 'foobar')
	Insert on sbtest6  (cost=0.00..0.01 rows=0 width=0)
	  ->  Result  (cost=0.00..0.01 rows=1 width=736)

table 7 : explain INSERT INTO sbtest7 (id, k, c, pad) VALUES (8244358, 13, 'foobar', 'foobar')
	Insert on sbtest7  (cost=0.00..0.01 rows=0 width=0)
	  ->  Result  (cost=0.00..0.01 rows=1 width=736)

table 8 : explain INSERT INTO sbtest8 (id, k, c, pad) VALUES (7772448, 13, 'foobar', 'foobar')
	Insert on sbtest8  (cost=0.00..0.01 rows=0 width=0)
	  ->  Result  (cost=0.00..0.01 rows=1 width=736)

for inserts
table 1 : explain INSERT INTO sbtest1 (id, k, c, pad) VALUES (7954350, 13, 'foobar', 'foobar')
	Insert on sbtest1  (cost=0.00..0.01 rows=0 width=0)
	  ->  Result  (cost=0.00..0.01 rows=1 width=736)

table 2 : explain INSERT INTO sbtest2 (id, k, c, pad) VALUES (6774804, 13, 'foobar', 'foobar')
	Insert on sbtest2  (cost=0.00..0.01 rows=0 width=0)
	  ->  Result  (cost=0.00..0.01 rows=1 width=736)

table 3 : explain INSERT INTO sbtest3 (id, k, c, pad) VALUES (7718099, 13, 'foobar', 'foobar')
	Insert on sbtest3  (cost=0.00..0.01 rows=0 width=0)
	  ->  Result  (cost=0.00..0.01 rows=1 width=736)

table 4 : explain INSERT INTO sbtest4 (id, k, c, pad) VALUES (9067917, 13, 'foobar', 'foobar')
	Insert on sbtest4  (cost=0.00..0.01 rows=0 width=0)
	  ->  Result  (cost=0.00..0.01 rows=1 width=736)

table 5 : explain INSERT INTO sbtest5 (id, k, c, pad) VALUES (4487710, 13, 'foobar', 'foobar')
	Insert on sbtest5  (cost=0.00..0.01 rows=0 width=0)
	  ->  Result  (cost=0.00..0.01 rows=1 width=736)

table 6 : explain INSERT INTO sbtest6 (id, k, c, pad) VALUES (4878157, 13, 'foobar', 'foobar')
	Insert on sbtest6  (cost=0.00..0.01 rows=0 width=0)
	  ->  Result  (cost=0.00..0.01 rows=1 width=736)

table 7 : explain INSERT INTO sbtest7 (id, k, c, pad) VALUES (2545243, 13, 'foobar', 'foobar')
	Insert on sbtest7  (cost=0.00..0.01 rows=0 width=0)
	  ->  Result  (cost=0.00..0.01 rows=1 width=736)

table 8 : explain INSERT INTO sbtest8 (id, k, c, pad) VALUES (3764360, 13, 'foobar', 'foobar')
	Insert on sbtest8  (cost=0.00..0.01 rows=0 width=0)
	  ->  Result  (cost=0.00..0.01 rows=1 width=736)

for inserts
table 1 : explain INSERT INTO sbtest1 (id, k, c, pad) VALUES (5992418, 13, 'foobar', 'foobar')
	Insert on sbtest1  (cost=0.00..0.01 rows=0 width=0)
	  ->  Result  (cost=0.00..0.01 rows=1 width=736)

table 2 : explain INSERT INTO sbtest2 (id, k, c, pad) VALUES (5741623, 13, 'foobar', 'foobar')
	Insert on sbtest2  (cost=0.00..0.01 rows=0 width=0)
	  ->  Result  (cost=0.00..0.01 rows=1 width=736)

table 3 : explain INSERT INTO sbtest3 (id, k, c, pad) VALUES (8039814, 13, 'foobar', 'foobar')
	Insert on sbtest3  (cost=0.00..0.01 rows=0 width=0)
	  ->  Result  (cost=0.00..0.01 rows=1 width=736)

table 4 : explain INSERT INTO sbtest4 (id, k, c, pad) VALUES (3461753, 13, 'foobar', 'foobar')
	Insert on sbtest4  (cost=0.00..0.01 rows=0 width=0)
	  ->  Result  (cost=0.00..0.01 rows=1 width=736)

table 5 : explain INSERT INTO sbtest5 (id, k, c, pad) VALUES (192848, 13, 'foobar', 'foobar')
	Insert on sbtest5  (cost=0.00..0.01 rows=0 width=0)
	  ->  Result  (cost=0.00..0.01 rows=1 width=736)

table 6 : explain INSERT INTO sbtest6 (id, k, c, pad) VALUES (93582, 13, 'foobar', 'foobar')
	Insert on sbtest6  (cost=0.00..0.01 rows=0 width=0)
	  ->  Result  (cost=0.00..0.01 rows=1 width=736)

table 7 : explain INSERT INTO sbtest7 (id, k, c, pad) VALUES (5342395, 13, 'foobar', 'foobar')
	Insert on sbtest7  (cost=0.00..0.01 rows=0 width=0)
	  ->  Result  (cost=0.00..0.01 rows=1 width=736)

table 8 : explain INSERT INTO sbtest8 (id, k, c, pad) VALUES (8741794, 13, 'foobar', 'foobar')
	Insert on sbtest8  (cost=0.00..0.01 rows=0 width=0)
	  ->  Result  (cost=0.00..0.01 rows=1 width=736)

for non_index_updates
table 1 : explain UPDATE sbtest1 SET c='foobar' WHERE id=1558596
	Update on sbtest1  (cost=0.43..8.45 rows=0 width=0)
	  ->  Index Scan using sbtest1_pkey on sbtest1  (cost=0.43..8.45 rows=1 width=490)
	        Index Cond: (id = 1558596)

table 2 : explain UPDATE sbtest2 SET c='foobar' WHERE id=230356
	Update on sbtest2  (cost=0.43..8.45 rows=0 width=0)
	  ->  Index Scan using sbtest2_pkey on sbtest2  (cost=0.43..8.45 rows=1 width=490)
	        Index Cond: (id = 230356)

table 3 : explain UPDATE sbtest3 SET c='foobar' WHERE id=5209540
	Update on sbtest3  (cost=0.43..8.45 rows=0 width=0)
	  ->  Index Scan using sbtest3_pkey on sbtest3  (cost=0.43..8.45 rows=1 width=490)
	        Index Cond: (id = 5209540)

table 4 : explain UPDATE sbtest4 SET c='foobar' WHERE id=81212
	Update on sbtest4  (cost=0.43..8.45 rows=0 width=0)
	  ->  Index Scan using sbtest4_pkey on sbtest4  (cost=0.43..8.45 rows=1 width=490)
	        Index Cond: (id = 81212)

table 5 : explain UPDATE sbtest5 SET c='foobar' WHERE id=9318387
	Update on sbtest5  (cost=0.43..8.45 rows=0 width=0)
	  ->  Index Scan using sbtest5_pkey on sbtest5  (cost=0.43..8.45 rows=1 width=490)
	        Index Cond: (id = 9318387)

table 6 : explain UPDATE sbtest6 SET c='foobar' WHERE id=9629118
	Update on sbtest6  (cost=0.43..8.45 rows=0 width=0)
	  ->  Index Scan using sbtest6_pkey on sbtest6  (cost=0.43..8.45 rows=1 width=490)
	        Index Cond: (id = 9629118)

table 7 : explain UPDATE sbtest7 SET c='foobar' WHERE id=1786482
	Update on sbtest7  (cost=0.43..8.45 rows=0 width=0)
	  ->  Index Scan using sbtest7_pkey on sbtest7  (cost=0.43..8.45 rows=1 width=490)
	        Index Cond: (id = 1786482)

table 8 : explain UPDATE sbtest8 SET c='foobar' WHERE id=8536020
	Update on sbtest8  (cost=0.43..8.45 rows=0 width=0)
	  ->  Index Scan using sbtest8_pkey on sbtest8  (cost=0.43..8.45 rows=1 width=490)
	        Index Cond: (id = 8536020)

for deletes
table 1 : explain DELETE FROM sbtest1 WHERE id=3085360
	Delete on sbtest1  (cost=0.43..8.45 rows=0 width=0)
	  ->  Index Scan using sbtest1_pkey on sbtest1  (cost=0.43..8.45 rows=1 width=6)
	        Index Cond: (id = 3085360)

table 2 : explain DELETE FROM sbtest2 WHERE id=2133798
	Delete on sbtest2  (cost=0.43..8.45 rows=0 width=0)
	  ->  Index Scan using sbtest2_pkey on sbtest2  (cost=0.43..8.45 rows=1 width=6)
	        Index Cond: (id = 2133798)

table 3 : explain DELETE FROM sbtest3 WHERE id=9301975
	Delete on sbtest3  (cost=0.43..8.45 rows=0 width=0)
	  ->  Index Scan using sbtest3_pkey on sbtest3  (cost=0.43..8.45 rows=1 width=6)
	        Index Cond: (id = 9301975)

table 4 : explain DELETE FROM sbtest4 WHERE id=7921137
	Delete on sbtest4  (cost=0.43..8.45 rows=0 width=0)
	  ->  Index Scan using sbtest4_pkey on sbtest4  (cost=0.43..8.45 rows=1 width=6)
	        Index Cond: (id = 7921137)

table 5 : explain DELETE FROM sbtest5 WHERE id=9560885
	Delete on sbtest5  (cost=0.43..8.45 rows=0 width=0)
	  ->  Index Scan using sbtest5_pkey on sbtest5  (cost=0.43..8.45 rows=1 width=6)
	        Index Cond: (id = 9560885)

table 6 : explain DELETE FROM sbtest6 WHERE id=353388
	Delete on sbtest6  (cost=0.43..8.45 rows=0 width=0)
	  ->  Index Scan using sbtest6_pkey on sbtest6  (cost=0.43..8.45 rows=1 width=6)
	        Index Cond: (id = 353388)

table 7 : explain DELETE FROM sbtest7 WHERE id=727103
	Delete on sbtest7  (cost=0.43..8.45 rows=0 width=0)
	  ->  Index Scan using sbtest7_pkey on sbtest7  (cost=0.43..8.45 rows=1 width=6)
	        Index Cond: (id = 727103)

table 8 : explain DELETE FROM sbtest8 WHERE id=2522997
	Delete on sbtest8  (cost=0.43..8.45 rows=0 width=0)
	  ->  Index Scan using sbtest8_pkey on sbtest8  (cost=0.43..8.45 rows=1 width=6)
	        Index Cond: (id = 2522997)

explain: for deletes :: explain DELETE FROM sbtest%u WHERE id=%u
for deletes
table 1 : explain DELETE FROM sbtest1 WHERE id=8030048
	Delete on sbtest1  (cost=0.43..8.45 rows=0 width=0)
	  ->  Index Scan using sbtest1_pkey on sbtest1  (cost=0.43..8.45 rows=1 width=6)
	        Index Cond: (id = 8030048)

table 2 : explain DELETE FROM sbtest2 WHERE id=5594079
	Delete on sbtest2  (cost=0.43..8.45 rows=0 width=0)
	  ->  Index Scan using sbtest2_pkey on sbtest2  (cost=0.43..8.45 rows=1 width=6)
	        Index Cond: (id = 5594079)

table 3 : explain DELETE FROM sbtest3 WHERE id=6958491
	Delete on sbtest3  (cost=0.43..8.45 rows=0 width=0)
	  ->  Index Scan using sbtest3_pkey on sbtest3  (cost=0.43..8.45 rows=1 width=6)
	        Index Cond: (id = 6958491)

table 4 : explain DELETE FROM sbtest4 WHERE id=1868617
	Delete on sbtest4  (cost=0.43..8.45 rows=0 width=0)
	  ->  Index Scan using sbtest4_pkey on sbtest4  (cost=0.43..8.45 rows=1 width=6)
	        Index Cond: (id = 1868617)

table 5 : explain DELETE FROM sbtest5 WHERE id=3023470
	Delete on sbtest5  (cost=0.43..8.45 rows=0 width=0)
	  ->  Index Scan using sbtest5_pkey on sbtest5  (cost=0.43..8.45 rows=1 width=6)
	        Index Cond: (id = 3023470)

table 6 : explain DELETE FROM sbtest6 WHERE id=7260255
	Delete on sbtest6  (cost=0.43..8.45 rows=0 width=0)
	  ->  Index Scan using sbtest6_pkey on sbtest6  (cost=0.43..8.45 rows=1 width=6)
	        Index Cond: (id = 7260255)

table 7 : explain DELETE FROM sbtest7 WHERE id=996728
	Delete on sbtest7  (cost=0.43..8.45 rows=0 width=0)
	  ->  Index Scan using sbtest7_pkey on sbtest7  (cost=0.43..8.45 rows=1 width=6)
	        Index Cond: (id = 996728)

table 8 : explain DELETE FROM sbtest8 WHERE id=7237898
	Delete on sbtest8  (cost=0.43..8.45 rows=0 width=0)
	  ->  Index Scan using sbtest8_pkey on sbtest8  (cost=0.43..8.45 rows=1 width=6)
	        Index Cond: (id = 7237898)

explain: for inserts :: explain INSERT INTO sbtest%u (id, k, c, pad) VALUES (%u, 13, 'foobar', 'foobar')
for inserts
table 1 : explain INSERT INTO sbtest1 (id, k, c, pad) VALUES (8517755, 13, 'foobar', 'foobar')
	Insert on sbtest1  (cost=0.00..0.01 rows=0 width=0)
	  ->  Result  (cost=0.00..0.01 rows=1 width=736)

table 2 : explain INSERT INTO sbtest2 (id, k, c, pad) VALUES (8308773, 13, 'foobar', 'foobar')
	Insert on sbtest2  (cost=0.00..0.01 rows=0 width=0)
	  ->  Result  (cost=0.00..0.01 rows=1 width=736)

table 3 : explain INSERT INTO sbtest3 (id, k, c, pad) VALUES (4136240, 13, 'foobar', 'foobar')
	Insert on sbtest3  (cost=0.00..0.01 rows=0 width=0)
	  ->  Result  (cost=0.00..0.01 rows=1 width=736)

table 4 : explain INSERT INTO sbtest4 (id, k, c, pad) VALUES (5124641, 13, 'foobar', 'foobar')
	Insert on sbtest4  (cost=0.00..0.01 rows=0 width=0)
	  ->  Result  (cost=0.00..0.01 rows=1 width=736)

table 5 : explain INSERT INTO sbtest5 (id, k, c, pad) VALUES (4857650, 13, 'foobar', 'foobar')
	Insert on sbtest5  (cost=0.00..0.01 rows=0 width=0)
	  ->  Result  (cost=0.00..0.01 rows=1 width=736)

table 6 : explain INSERT INTO sbtest6 (id, k, c, pad) VALUES (8064531, 13, 'foobar', 'foobar')
	Insert on sbtest6  (cost=0.00..0.01 rows=0 width=0)
	  ->  Result  (cost=0.00..0.01 rows=1 width=736)

table 7 : explain INSERT INTO sbtest7 (id, k, c, pad) VALUES (9549527, 13, 'foobar', 'foobar')
	Insert on sbtest7  (cost=0.00..0.01 rows=0 width=0)
	  ->  Result  (cost=0.00..0.01 rows=1 width=736)

table 8 : explain INSERT INTO sbtest8 (id, k, c, pad) VALUES (727402, 13, 'foobar', 'foobar')
	Insert on sbtest8  (cost=0.00..0.01 rows=0 width=0)
	  ->  Result  (cost=0.00..0.01 rows=1 width=736)

explain: for inserts :: explain INSERT INTO sbtest%u (id, k, c, pad) VALUES (%u, 13, 'foobar', 'foobar')
for inserts
table 1 : explain INSERT INTO sbtest1 (id, k, c, pad) VALUES (7863589, 13, 'foobar', 'foobar')
	Insert on sbtest1  (cost=0.00..0.01 rows=0 width=0)
	  ->  Result  (cost=0.00..0.01 rows=1 width=736)

table 2 : explain INSERT INTO sbtest2 (id, k, c, pad) VALUES (8808239, 13, 'foobar', 'foobar')
	Insert on sbtest2  (cost=0.00..0.01 rows=0 width=0)
	  ->  Result  (cost=0.00..0.01 rows=1 width=736)

table 3 : explain INSERT INTO sbtest3 (id, k, c, pad) VALUES (110929, 13, 'foobar', 'foobar')
	Insert on sbtest3  (cost=0.00..0.01 rows=0 width=0)
	  ->  Result  (cost=0.00..0.01 rows=1 width=736)

table 4 : explain INSERT INTO sbtest4 (id, k, c, pad) VALUES (9363764, 13, 'foobar', 'foobar')
	Insert on sbtest4  (cost=0.00..0.01 rows=0 width=0)
	  ->  Result  (cost=0.00..0.01 rows=1 width=736)

table 5 : explain INSERT INTO sbtest5 (id, k, c, pad) VALUES (7097551, 13, 'foobar', 'foobar')
	Insert on sbtest5  (cost=0.00..0.01 rows=0 width=0)
	  ->  Result  (cost=0.00..0.01 rows=1 width=736)

table 6 : explain INSERT INTO sbtest6 (id, k, c, pad) VALUES (2738560, 13, 'foobar', 'foobar')
	Insert on sbtest6  (cost=0.00..0.01 rows=0 width=0)
	  ->  Result  (cost=0.00..0.01 rows=1 width=736)

table 7 : explain INSERT INTO sbtest7 (id, k, c, pad) VALUES (7699539, 13, 'foobar', 'foobar')
	Insert on sbtest7  (cost=0.00..0.01 rows=0 width=0)
	  ->  Result  (cost=0.00..0.01 rows=1 width=736)

table 8 : explain INSERT INTO sbtest8 (id, k, c, pad) VALUES (4154744, 13, 'foobar', 'foobar')
	Insert on sbtest8  (cost=0.00..0.01 rows=0 width=0)
	  ->  Result  (cost=0.00..0.01 rows=1 width=736)

for deletes
table 1 : explain DELETE FROM sbtest1 WHERE id=3167987
	Delete on sbtest1  (cost=0.43..8.45 rows=0 width=0)
	  ->  Index Scan using sbtest1_pkey on sbtest1  (cost=0.43..8.45 rows=1 width=6)
	        Index Cond: (id = 3167987)

table 2 : explain DELETE FROM sbtest2 WHERE id=8714651
	Delete on sbtest2  (cost=0.43..8.45 rows=0 width=0)
	  ->  Index Scan using sbtest2_pkey on sbtest2  (cost=0.43..8.45 rows=1 width=6)
	        Index Cond: (id = 8714651)

table 3 : explain DELETE FROM sbtest3 WHERE id=3270211
	Delete on sbtest3  (cost=0.43..8.45 rows=0 width=0)
	  ->  Index Scan using sbtest3_pkey on sbtest3  (cost=0.43..8.45 rows=1 width=6)
	        Index Cond: (id = 3270211)

table 4 : explain DELETE FROM sbtest4 WHERE id=7834790
	Delete on sbtest4  (cost=0.43..8.45 rows=0 width=0)
	  ->  Index Scan using sbtest4_pkey on sbtest4  (cost=0.43..8.45 rows=1 width=6)
	        Index Cond: (id = 7834790)

table 5 : explain DELETE FROM sbtest5 WHERE id=2803680
	Delete on sbtest5  (cost=0.43..8.45 rows=0 width=0)
	  ->  Index Scan using sbtest5_pkey on sbtest5  (cost=0.43..8.45 rows=1 width=6)
	        Index Cond: (id = 2803680)

table 6 : explain DELETE FROM sbtest6 WHERE id=8745863
	Delete on sbtest6  (cost=0.43..8.45 rows=0 width=0)
	  ->  Index Scan using sbtest6_pkey on sbtest6  (cost=0.43..8.45 rows=1 width=6)
	        Index Cond: (id = 8745863)

table 7 : explain DELETE FROM sbtest7 WHERE id=6569228
	Delete on sbtest7  (cost=0.43..8.45 rows=0 width=0)
	  ->  Index Scan using sbtest7_pkey on sbtest7  (cost=0.43..8.45 rows=1 width=6)
	        Index Cond: (id = 6569228)

table 8 : explain DELETE FROM sbtest8 WHERE id=9731618
	Delete on sbtest8  (cost=0.43..8.45 rows=0 width=0)
	  ->  Index Scan using sbtest8_pkey on sbtest8  (cost=0.43..8.45 rows=1 width=6)
	        Index Cond: (id = 9731618)

explain: for inserts :: explain INSERT INTO sbtest%u (id, k, c, pad) VALUES (%u, 13, 'foobar', 'foobar')
for inserts
table 1 : explain INSERT INTO sbtest1 (id, k, c, pad) VALUES (7422672, 13, 'foobar', 'foobar')
	Insert on sbtest1  (cost=0.00..0.01 rows=0 width=0)
	  ->  Result  (cost=0.00..0.01 rows=1 width=736)

table 2 : explain INSERT INTO sbtest2 (id, k, c, pad) VALUES (6388494, 13, 'foobar', 'foobar')
	Insert on sbtest2  (cost=0.00..0.01 rows=0 width=0)
	  ->  Result  (cost=0.00..0.01 rows=1 width=736)

table 3 : explain INSERT INTO sbtest3 (id, k, c, pad) VALUES (2164649, 13, 'foobar', 'foobar')
	Insert on sbtest3  (cost=0.00..0.01 rows=0 width=0)
	  ->  Result  (cost=0.00..0.01 rows=1 width=736)

table 4 : explain INSERT INTO sbtest4 (id, k, c, pad) VALUES (9854720, 13, 'foobar', 'foobar')
	Insert on sbtest4  (cost=0.00..0.01 rows=0 width=0)
	  ->  Result  (cost=0.00..0.01 rows=1 width=736)

table 5 : explain INSERT INTO sbtest5 (id, k, c, pad) VALUES (5588001, 13, 'foobar', 'foobar')
	Insert on sbtest5  (cost=0.00..0.01 rows=0 width=0)
	  ->  Result  (cost=0.00..0.01 rows=1 width=736)

table 6 : explain INSERT INTO sbtest6 (id, k, c, pad) VALUES (7870754, 13, 'foobar', 'foobar')
	Insert on sbtest6  (cost=0.00..0.01 rows=0 width=0)
	  ->  Result  (cost=0.00..0.01 rows=1 width=736)

table 7 : explain INSERT INTO sbtest7 (id, k, c, pad) VALUES (1650182, 13, 'foobar', 'foobar')
	Insert on sbtest7  (cost=0.00..0.01 rows=0 width=0)
	  ->  Result  (cost=0.00..0.01 rows=1 width=736)

table 8 : explain INSERT INTO sbtest8 (id, k, c, pad) VALUES (5938461, 13, 'foobar', 'foobar')
	Insert on sbtest8  (cost=0.00..0.01 rows=0 width=0)
	  ->  Result  (cost=0.00..0.01 rows=1 width=736)

Threads started!

Warming up for 5 seconds...

SQL statistics:
    queries performed:
        read:                            461108553
        write:                           131745390
        other:                           65872667
        total:                           658726610
    transactions:                        32936352 (35415.11 per sec.)
    queries:                             658726610 (708301.72 per sec.)
    ignored errors:                      0      (0.00 per sec.)
    reconnects:                          0      (0.00 per sec.)

Throughput:
    events/s (eps):                      35415.1093
    time elapsed:                        930.0086s
    total number of events:              32936352

Latency (ms):
         min:                                    0.90
         avg:                                    1.13
         max:                                   92.30
         95th percentile:                        1.47
         sum:                             37166623.74

Threads fairness:
    events (avg/stddev):           823408.4000/8601.16
    execution time (avg/stddev):   929.1656/0.01

