LUA_PATH=/home/mdcallag/git/mytools/bench/sysbench.lua/lua/?.lua /home/mdcallag/git/mytools/bench/sysbench.lua/lua/sysbench --db-driver=pgsql --range-size=10 --table-size=10000000 --tables=8 --threads=40 --events=0 --warmup-time=5 --time=630 --pgsql_conn_id=true /home/mdcallag/git/mytools/bench/sysbench.lua/lua/oltp_read_only.lua run --pgsql-user=root --pgsql-password=pw --pgsql-host=127.0.0.1 --pgsql-db=ib --rand-type=uniform
48 CPUs
sysbench 1.1.0-9072687 (using bundled LuaJIT 2.1.0-beta3)

Running the test with following options:
Number of threads: 40
Warmup time: 5s
Initializing random number generator from current time


Initializing worker threads...

explain: for point_selects :: explain SELECT c FROM sbtest%u WHERE id=%u
explain: for point_selects :: explain SELECT c FROM sbtest%u WHERE id=%uexplain: for point_selects :: explain SELECT c FROM sbtest%u WHERE id=%uexplain: for point_selects :: explain SELECT c FROM sbtest%u WHERE id=%u
explain: for point_selects :: explain SELECT c FROM sbtest%u WHERE id=%u


explain: for point_selects :: explain SELECT c FROM sbtest%u WHERE id=%u
explain: for point_selects :: explain SELECT c FROM sbtest%u WHERE id=%u
explain: for point_selects :: explain SELECT c FROM sbtest%u WHERE id=%u
explain: for point_selects :: explain SELECT c FROM sbtest%u WHERE id=%u
explain: for point_selects :: explain SELECT c FROM sbtest%u WHERE id=%u
explain: for point_selects :: explain SELECT c FROM sbtest%u WHERE id=%u
explain: for point_selects :: explain SELECT c FROM sbtest%u WHERE id=%u
explain: for point_selects :: explain SELECT c FROM sbtest%u WHERE id=%u
explain: for point_selects :: explain SELECT c FROM sbtest%u WHERE id=%u
explain: for point_selects :: explain SELECT c FROM sbtest%u WHERE id=%u
explain: for point_selects :: explain SELECT c FROM sbtest%u WHERE id=%u
explain: for point_selects :: explain SELECT c FROM sbtest%u WHERE id=%u
explain: for point_selects :: explain SELECT c FROM sbtest%u WHERE id=%u
explain: for point_selects :: explain SELECT c FROM sbtest%u WHERE id=%u
explain: for point_selects :: explain SELECT c FROM sbtest%u WHERE id=%uexplain: for point_selects :: explain SELECT c FROM sbtest%u WHERE id=%u

explain: for point_selects :: explain SELECT c FROM sbtest%u WHERE id=%u
explain: for point_selects :: explain SELECT c FROM sbtest%u WHERE id=%u
explain: for point_selects :: explain SELECT c FROM sbtest%u WHERE id=%u
explain: for point_selects :: explain SELECT c FROM sbtest%u WHERE id=%u
explain: for point_selects :: explain SELECT c FROM sbtest%u WHERE id=%u
explain: for point_selects :: explain SELECT c FROM sbtest%u WHERE id=%u
for point_selects
table 1 : explain SELECT c FROM sbtest1 WHERE id=8511485
	Index Scan using sbtest1_pkey on sbtest1  (cost=0.43..8.45 rows=1 width=121)
	  Index Cond: (id = 8511485)

table 2 : explain SELECT c FROM sbtest2 WHERE id=365584
	Index Scan using sbtest2_pkey on sbtest2  (cost=0.43..8.45 rows=1 width=121)
	  Index Cond: (id = 365584)

table 3 : explain SELECT c FROM sbtest3 WHERE id=6085600
	Index Scan using sbtest3_pkey on sbtest3  (cost=0.43..8.45 rows=1 width=121)
	  Index Cond: (id = 6085600)

table 4 : explain SELECT c FROM sbtest4 WHERE id=6630351
	Index Scan using sbtest4_pkey on sbtest4  (cost=0.43..8.45 rows=1 width=121)
	  Index Cond: (id = 6630351)

table 5 : explain SELECT c FROM sbtest5 WHERE id=9111568
	Index Scan using sbtest5_pkey on sbtest5  (cost=0.43..8.45 rows=1 width=121)
	  Index Cond: (id = 9111568)

table 6 : explain SELECT c FROM sbtest6 WHERE id=5467782
	Index Scan using sbtest6_pkey on sbtest6  (cost=0.43..8.45 rows=1 width=121)
	  Index Cond: (id = 5467782)

table 7 : explain SELECT c FROM sbtest7 WHERE id=8137685
	Index Scan using sbtest7_pkey on sbtest7  (cost=0.43..8.45 rows=1 width=121)
	  Index Cond: (id = 8137685)

table 8 : explain SELECT c FROM sbtest8 WHERE id=6799576
	Index Scan using sbtest8_pkey on sbtest8  (cost=0.43..8.45 rows=1 width=121)
	  Index Cond: (id = 6799576)

explain: for point_selects :: explain SELECT c FROM sbtest%u WHERE id=%u
explain: for point_selects :: explain SELECT c FROM sbtest%u WHERE id=%u
explain: for point_selects :: explain SELECT c FROM sbtest%u WHERE id=%u
explain: for point_selects :: explain SELECT c FROM sbtest%u WHERE id=%u
explain: for point_selects :: explain SELECT c FROM sbtest%u WHERE id=%u
explain: for point_selects :: explain SELECT c FROM sbtest%u WHERE id=%u
for point_selects
table 1 : explain SELECT c FROM sbtest1 WHERE id=9765822
	Index Scan using sbtest1_pkey on sbtest1  (cost=0.43..8.45 rows=1 width=121)
	  Index Cond: (id = 9765822)

table 2 : explain SELECT c FROM sbtest2 WHERE id=6765290
	Index Scan using sbtest2_pkey on sbtest2  (cost=0.43..8.45 rows=1 width=121)
	  Index Cond: (id = 6765290)

table 3 : explain SELECT c FROM sbtest3 WHERE id=3394388
	Index Scan using sbtest3_pkey on sbtest3  (cost=0.43..8.45 rows=1 width=121)
	  Index Cond: (id = 3394388)

table 4 : explain SELECT c FROM sbtest4 WHERE id=2156380
	Index Scan using sbtest4_pkey on sbtest4  (cost=0.43..8.45 rows=1 width=121)
	  Index Cond: (id = 2156380)

table 5 : explain SELECT c FROM sbtest5 WHERE id=4731399
	Index Scan using sbtest5_pkey on sbtest5  (cost=0.43..8.45 rows=1 width=121)
	  Index Cond: (id = 4731399)

table 6 : explain SELECT c FROM sbtest6 WHERE id=8653713
	Index Scan using sbtest6_pkey on sbtest6  (cost=0.43..8.45 rows=1 width=121)
	  Index Cond: (id = 8653713)

table 7 : explain SELECT c FROM sbtest7 WHERE id=4272046
	Index Scan using sbtest7_pkey on sbtest7  (cost=0.43..8.45 rows=1 width=121)
	  Index Cond: (id = 4272046)

table 8 : explain SELECT c FROM sbtest8 WHERE id=8273459
	Index Scan using sbtest8_pkey on sbtest8  (cost=0.43..8.45 rows=1 width=121)
	  Index Cond: (id = 8273459)

for point_selects
table 1 : explain SELECT c FROM sbtest1 WHERE id=3630501
	Index Scan using sbtest1_pkey on sbtest1  (cost=0.43..8.45 rows=1 width=121)
	  Index Cond: (id = 3630501)

table 2 : explain SELECT c FROM sbtest2 WHERE id=6553077
	Index Scan using sbtest2_pkey on sbtest2  (cost=0.43..8.45 rows=1 width=121)
	  Index Cond: (id = 6553077)

table 3 : explain SELECT c FROM sbtest3 WHERE id=2952731
	Index Scan using sbtest3_pkey on sbtest3  (cost=0.43..8.45 rows=1 width=121)
	  Index Cond: (id = 2952731)

table 4 : explain SELECT c FROM sbtest4 WHERE id=6482314
	Index Scan using sbtest4_pkey on sbtest4  (cost=0.43..8.45 rows=1 width=121)
	  Index Cond: (id = 6482314)

table 5 : explain SELECT c FROM sbtest5 WHERE id=6339340
	Index Scan using sbtest5_pkey on sbtest5  (cost=0.43..8.45 rows=1 width=121)
	  Index Cond: (id = 6339340)

table 6 : explain SELECT c FROM sbtest6 WHERE id=8750807
	Index Scan using sbtest6_pkey on sbtest6  (cost=0.43..8.45 rows=1 width=121)
	  Index Cond: (id = 8750807)

table 7 : explain SELECT c FROM sbtest7 WHERE id=6744289
	Index Scan using sbtest7_pkey on sbtest7  (cost=0.43..8.45 rows=1 width=121)
	  Index Cond: (id = 6744289)

table 8 : explain SELECT c FROM sbtest8 WHERE id=5427982
	Index Scan using sbtest8_pkey on sbtest8  (cost=0.43..8.45 rows=1 width=121)
	  Index Cond: (id = 5427982)

for point_selects
table 1 : explain SELECT c FROM sbtest1 WHERE id=6653864
	Index Scan using sbtest1_pkey on sbtest1  (cost=0.43..8.45 rows=1 width=121)
	  Index Cond: (id = 6653864)

table 2 : explain SELECT c FROM sbtest2 WHERE id=2178488
	Index Scan using sbtest2_pkey on sbtest2  (cost=0.43..8.45 rows=1 width=121)
	  Index Cond: (id = 2178488)

table 3 : explain SELECT c FROM sbtest3 WHERE id=8743048
	Index Scan using sbtest3_pkey on sbtest3  (cost=0.43..8.45 rows=1 width=121)
	  Index Cond: (id = 8743048)

table 4 : explain SELECT c FROM sbtest4 WHERE id=6728624
	Index Scan using sbtest4_pkey on sbtest4  (cost=0.43..8.45 rows=1 width=121)
	  Index Cond: (id = 6728624)

table 5 : explain SELECT c FROM sbtest5 WHERE id=6605449
	Index Scan using sbtest5_pkey on sbtest5  (cost=0.43..8.45 rows=1 width=121)
	  Index Cond: (id = 6605449)

table 6 : explain SELECT c FROM sbtest6 WHERE id=1689287
	Index Scan using sbtest6_pkey on sbtest6  (cost=0.43..8.45 rows=1 width=121)
	  Index Cond: (id = 1689287)

table 7 : explain SELECT c FROM sbtest7 WHERE id=5984209
	Index Scan using sbtest7_pkey on sbtest7  (cost=0.43..8.45 rows=1 width=121)
	  Index Cond: (id = 5984209)

table 8 : explain SELECT c FROM sbtest8 WHERE id=9657267
	Index Scan using sbtest8_pkey on sbtest8  (cost=0.43..8.45 rows=1 width=121)
	  Index Cond: (id = 9657267)

for point_selects
table 1 : explain SELECT c FROM sbtest1 WHERE id=8503034
	Index Scan using sbtest1_pkey on sbtest1  (cost=0.43..8.45 rows=1 width=121)
	  Index Cond: (id = 8503034)

table 2 : explain SELECT c FROM sbtest2 WHERE id=5403459
	Index Scan using sbtest2_pkey on sbtest2  (cost=0.43..8.45 rows=1 width=121)
	  Index Cond: (id = 5403459)

table 3 : explain SELECT c FROM sbtest3 WHERE id=8398950
	Index Scan using sbtest3_pkey on sbtest3  (cost=0.43..8.45 rows=1 width=121)
	  Index Cond: (id = 8398950)

table 4 : explain SELECT c FROM sbtest4 WHERE id=7217240
	Index Scan using sbtest4_pkey on sbtest4  (cost=0.43..8.45 rows=1 width=121)
	  Index Cond: (id = 7217240)

table 5 : explain SELECT c FROM sbtest5 WHERE id=3204887
	Index Scan using sbtest5_pkey on sbtest5  (cost=0.43..8.45 rows=1 width=121)
	  Index Cond: (id = 3204887)

table 6 : explain SELECT c FROM sbtest6 WHERE id=5800103
	Index Scan using sbtest6_pkey on sbtest6  (cost=0.43..8.45 rows=1 width=121)
	  Index Cond: (id = 5800103)

table 7 : explain SELECT c FROM sbtest7 WHERE id=1020958
	Index Scan using sbtest7_pkey on sbtest7  (cost=0.43..8.45 rows=1 width=121)
	  Index Cond: (id = 1020958)

table 8 : explain SELECT c FROM sbtest8 WHERE id=2418987
	Index Scan using sbtest8_pkey on sbtest8  (cost=0.43..8.45 rows=1 width=121)
	  Index Cond: (id = 2418987)

for point_selects
table 1 : explain SELECT c FROM sbtest1 WHERE id=3967724
	Index Scan using sbtest1_pkey on sbtest1  (cost=0.43..8.45 rows=1 width=121)
	  Index Cond: (id = 3967724)

table 2 : explain SELECT c FROM sbtest2 WHERE id=8179823
	Index Scan using sbtest2_pkey on sbtest2  (cost=0.43..8.45 rows=1 width=121)
	  Index Cond: (id = 8179823)

table 3 : explain SELECT c FROM sbtest3 WHERE id=337209
	Index Scan using sbtest3_pkey on sbtest3  (cost=0.43..8.45 rows=1 width=121)
	  Index Cond: (id = 337209)

table 4 : explain SELECT c FROM sbtest4 WHERE id=7150901
	Index Scan using sbtest4_pkey on sbtest4  (cost=0.43..8.45 rows=1 width=121)
	  Index Cond: (id = 7150901)

table 5 : explain SELECT c FROM sbtest5 WHERE id=9796287
	Index Scan using sbtest5_pkey on sbtest5  (cost=0.43..8.45 rows=1 width=121)
	  Index Cond: (id = 9796287)

table 6 : explain SELECT c FROM sbtest6 WHERE id=8508433
	Index Scan using sbtest6_pkey on sbtest6  (cost=0.43..8.45 rows=1 width=121)
	  Index Cond: (id = 8508433)

table 7 : explain SELECT c FROM sbtest7 WHERE id=5425345
	Index Scan using sbtest7_pkey on sbtest7  (cost=0.43..8.45 rows=1 width=121)
	  Index Cond: (id = 5425345)

table 8 : explain SELECT c FROM sbtest8 WHERE id=2928577
	Index Scan using sbtest8_pkey on sbtest8  (cost=0.43..8.45 rows=1 width=121)
	  Index Cond: (id = 2928577)

explain: for point_selects :: explain SELECT c FROM sbtest%u WHERE id=%u
for point_selects
table 1 : explain SELECT c FROM sbtest1 WHERE id=633712
	Index Scan using sbtest1_pkey on sbtest1  (cost=0.43..8.45 rows=1 width=121)
	  Index Cond: (id = 633712)

table 2 : explain SELECT c FROM sbtest2 WHERE id=175159
	Index Scan using sbtest2_pkey on sbtest2  (cost=0.43..8.45 rows=1 width=121)
	  Index Cond: (id = 175159)

table 3 : explain SELECT c FROM sbtest3 WHERE id=5049919
	Index Scan using sbtest3_pkey on sbtest3  (cost=0.43..8.45 rows=1 width=121)
	  Index Cond: (id = 5049919)

table 4 : explain SELECT c FROM sbtest4 WHERE id=4573535
	Index Scan using sbtest4_pkey on sbtest4  (cost=0.43..8.45 rows=1 width=121)
	  Index Cond: (id = 4573535)

table 5 : explain SELECT c FROM sbtest5 WHERE id=608456
	Index Scan using sbtest5_pkey on sbtest5  (cost=0.43..8.45 rows=1 width=121)
	  Index Cond: (id = 608456)

table 6 : explain SELECT c FROM sbtest6 WHERE id=1698947
	Index Scan using sbtest6_pkey on sbtest6  (cost=0.43..8.45 rows=1 width=121)
	  Index Cond: (id = 1698947)

table 7 : explain SELECT c FROM sbtest7 WHERE id=2184165
	Index Scan using sbtest7_pkey on sbtest7  (cost=0.43..8.45 rows=1 width=121)
	  Index Cond: (id = 2184165)

table 8 : explain SELECT c FROM sbtest8 WHERE id=4139391
	Index Scan using sbtest8_pkey on sbtest8  (cost=0.43..8.45 rows=1 width=121)
	  Index Cond: (id = 4139391)

explain: for point_selects :: explain SELECT c FROM sbtest%u WHERE id=%u
for point_selects
table 1 : explain SELECT c FROM sbtest1 WHERE id=2888147
	Index Scan using sbtest1_pkey on sbtest1  (cost=0.43..8.45 rows=1 width=121)
	  Index Cond: (id = 2888147)

table 2 : explain SELECT c FROM sbtest2 WHERE id=9986380
	Index Scan using sbtest2_pkey on sbtest2  (cost=0.43..8.45 rows=1 width=121)
	  Index Cond: (id = 9986380)

table 3 : explain SELECT c FROM sbtest3 WHERE id=8731899
	Index Scan using sbtest3_pkey on sbtest3  (cost=0.43..8.45 rows=1 width=121)
	  Index Cond: (id = 8731899)

table 4 : explain SELECT c FROM sbtest4 WHERE id=408522
	Index Scan using sbtest4_pkey on sbtest4  (cost=0.43..8.45 rows=1 width=121)
	  Index Cond: (id = 408522)

table 5 : explain SELECT c FROM sbtest5 WHERE id=1844258
	Index Scan using sbtest5_pkey on sbtest5  (cost=0.43..8.45 rows=1 width=121)
	  Index Cond: (id = 1844258)

table 6 : explain SELECT c FROM sbtest6 WHERE id=6764611
	Index Scan using sbtest6_pkey on sbtest6  (cost=0.43..8.45 rows=1 width=121)
	  Index Cond: (id = 6764611)

table 7 : explain SELECT c FROM sbtest7 WHERE id=2918242
	Index Scan using sbtest7_pkey on sbtest7  (cost=0.43..8.45 rows=1 width=121)
	  Index Cond: (id = 2918242)

table 8 : explain SELECT c FROM sbtest8 WHERE id=346731
	Index Scan using sbtest8_pkey on sbtest8  (cost=0.43..8.45 rows=1 width=121)
	  Index Cond: (id = 346731)

for point_selects
table 1 : explain SELECT c FROM sbtest1 WHERE id=6807590
	Index Scan using sbtest1_pkey on sbtest1  (cost=0.43..8.45 rows=1 width=121)
	  Index Cond: (id = 6807590)

table 2 : explain SELECT c FROM sbtest2 WHERE id=9236353
	Index Scan using sbtest2_pkey on sbtest2  (cost=0.43..8.45 rows=1 width=121)
	  Index Cond: (id = 9236353)

table 3 : explain SELECT c FROM sbtest3 WHERE id=5816784
	Index Scan using sbtest3_pkey on sbtest3  (cost=0.43..8.45 rows=1 width=121)
	  Index Cond: (id = 5816784)

table 4 : explain SELECT c FROM sbtest4 WHERE id=6047305
	Index Scan using sbtest4_pkey on sbtest4  (cost=0.43..8.45 rows=1 width=121)
	  Index Cond: (id = 6047305)

table 5 : explain SELECT c FROM sbtest5 WHERE id=9870435
	Index Scan using sbtest5_pkey on sbtest5  (cost=0.43..8.45 rows=1 width=121)
	  Index Cond: (id = 9870435)

table 6 : explain SELECT c FROM sbtest6 WHERE id=3461912
	Index Scan using sbtest6_pkey on sbtest6  (cost=0.43..8.45 rows=1 width=121)
	  Index Cond: (id = 3461912)

table 7 : explain SELECT c FROM sbtest7 WHERE id=2452652
	Index Scan using sbtest7_pkey on sbtest7  (cost=0.43..8.45 rows=1 width=121)
	  Index Cond: (id = 2452652)

table 8 : explain SELECT c FROM sbtest8 WHERE id=7073206
	Index Scan using sbtest8_pkey on sbtest8  (cost=0.43..8.45 rows=1 width=121)
	  Index Cond: (id = 7073206)

explain: for point_selects :: explain SELECT c FROM sbtest%u WHERE id=%u
for point_selects
table 1 : explain SELECT c FROM sbtest1 WHERE id=2480941
	Index Scan using sbtest1_pkey on sbtest1  (cost=0.43..8.45 rows=1 width=121)
	  Index Cond: (id = 2480941)

table 2 : explain SELECT c FROM sbtest2 WHERE id=6852893
	Index Scan using sbtest2_pkey on sbtest2  (cost=0.43..8.45 rows=1 width=121)
	  Index Cond: (id = 6852893)

table 3 : explain SELECT c FROM sbtest3 WHERE id=8281499
	Index Scan using sbtest3_pkey on sbtest3  (cost=0.43..8.45 rows=1 width=121)
	  Index Cond: (id = 8281499)

table 4 : explain SELECT c FROM sbtest4 WHERE id=5253563
	Index Scan using sbtest4_pkey on sbtest4  (cost=0.43..8.45 rows=1 width=121)
	  Index Cond: (id = 5253563)

table 5 : explain SELECT c FROM sbtest5 WHERE id=4430120
	Index Scan using sbtest5_pkey on sbtest5  (cost=0.43..8.45 rows=1 width=121)
	  Index Cond: (id = 4430120)

table 6 : explain SELECT c FROM sbtest6 WHERE id=9521625
	Index Scan using sbtest6_pkey on sbtest6  (cost=0.43..8.45 rows=1 width=121)
	  Index Cond: (id = 9521625)

table 7 : explain SELECT c FROM sbtest7 WHERE id=594894
	Index Scan using sbtest7_pkey on sbtest7  (cost=0.43..8.45 rows=1 width=121)
	  Index Cond: (id = 594894)

table 8 : explain SELECT c FROM sbtest8 WHERE id=713316
	Index Scan using sbtest8_pkey on sbtest8  (cost=0.43..8.45 rows=1 width=121)
	  Index Cond: (id = 713316)

for point_selects
table 1 : explain SELECT c FROM sbtest1 WHERE id=6745492
	Index Scan using sbtest1_pkey on sbtest1  (cost=0.43..8.45 rows=1 width=121)
	  Index Cond: (id = 6745492)

table 2 : explain SELECT c FROM sbtest2 WHERE id=8744717
	Index Scan using sbtest2_pkey on sbtest2  (cost=0.43..8.45 rows=1 width=121)
	  Index Cond: (id = 8744717)

table 3 : explain SELECT c FROM sbtest3 WHERE id=730250
	Index Scan using sbtest3_pkey on sbtest3  (cost=0.43..8.45 rows=1 width=121)
	  Index Cond: (id = 730250)

table 4 : explain SELECT c FROM sbtest4 WHERE id=5527937
	Index Scan using sbtest4_pkey on sbtest4  (cost=0.43..8.45 rows=1 width=121)
	  Index Cond: (id = 5527937)

table 5 : explain SELECT c FROM sbtest5 WHERE id=4405520
	Index Scan using sbtest5_pkey on sbtest5  (cost=0.43..8.45 rows=1 width=121)
	  Index Cond: (id = 4405520)

table 6 : explain SELECT c FROM sbtest6 WHERE id=6301699
	Index Scan using sbtest6_pkey on sbtest6  (cost=0.43..8.45 rows=1 width=121)
	  Index Cond: (id = 6301699)

table 7 : explain SELECT c FROM sbtest7 WHERE id=9174563
	Index Scan using sbtest7_pkey on sbtest7  (cost=0.43..8.45 rows=1 width=121)
	  Index Cond: (id = 9174563)

table 8 : explain SELECT c FROM sbtest8 WHERE id=3550893
	Index Scan using sbtest8_pkey on sbtest8  (cost=0.43..8.45 rows=1 width=121)
	  Index Cond: (id = 3550893)

for point_selects
table 1 : explain SELECT c FROM sbtest1 WHERE id=8938477
	Index Scan using sbtest1_pkey on sbtest1  (cost=0.43..8.45 rows=1 width=121)
	  Index Cond: (id = 8938477)

table 2 : explain SELECT c FROM sbtest2 WHERE id=9480929
	Index Scan using sbtest2_pkey on sbtest2  (cost=0.43..8.45 rows=1 width=121)
	  Index Cond: (id = 9480929)

table 3 : explain SELECT c FROM sbtest3 WHERE id=60390
	Index Scan using sbtest3_pkey on sbtest3  (cost=0.43..8.45 rows=1 width=121)
	  Index Cond: (id = 60390)

table 4 : explain SELECT c FROM sbtest4 WHERE id=7420271
	Index Scan using sbtest4_pkey on sbtest4  (cost=0.43..8.45 rows=1 width=121)
	  Index Cond: (id = 7420271)

table 5 : explain SELECT c FROM sbtest5 WHERE id=2670612
	Index Scan using sbtest5_pkey on sbtest5  (cost=0.43..8.45 rows=1 width=121)
	  Index Cond: (id = 2670612)

table 6 : explain SELECT c FROM sbtest6 WHERE id=1120071
	Index Scan using sbtest6_pkey on sbtest6  (cost=0.43..8.45 rows=1 width=121)
	  Index Cond: (id = 1120071)

table 7 : explain SELECT c FROM sbtest7 WHERE id=1455724
	Index Scan using sbtest7_pkey on sbtest7  (cost=0.43..8.45 rows=1 width=121)
	  Index Cond: (id = 1455724)

table 8 : explain SELECT c FROM sbtest8 WHERE id=4790400
	Index Scan using sbtest8_pkey on sbtest8  (cost=0.43..8.45 rows=1 width=121)
	  Index Cond: (id = 4790400)

for point_selects
table 1 : explain SELECT c FROM sbtest1 WHERE id=249856
	Index Scan using sbtest1_pkey on sbtest1  (cost=0.43..8.45 rows=1 width=121)
	  Index Cond: (id = 249856)

table 2 : explain SELECT c FROM sbtest2 WHERE id=56366
	Index Scan using sbtest2_pkey on sbtest2  (cost=0.43..8.45 rows=1 width=121)
	  Index Cond: (id = 56366)

table 3 : explain SELECT c FROM sbtest3 WHERE id=6983281
	Index Scan using sbtest3_pkey on sbtest3  (cost=0.43..8.45 rows=1 width=121)
	  Index Cond: (id = 6983281)

table 4 : explain SELECT c FROM sbtest4 WHERE id=8646110
	Index Scan using sbtest4_pkey on sbtest4  (cost=0.43..8.45 rows=1 width=121)
	  Index Cond: (id = 8646110)

table 5 : explain SELECT c FROM sbtest5 WHERE id=3475630
	Index Scan using sbtest5_pkey on sbtest5  (cost=0.43..8.45 rows=1 width=121)
	  Index Cond: (id = 3475630)

table 6 : explain SELECT c FROM sbtest6 WHERE id=4992307
	Index Scan using sbtest6_pkey on sbtest6  (cost=0.43..8.45 rows=1 width=121)
	  Index Cond: (id = 4992307)

table 7 : explain SELECT c FROM sbtest7 WHERE id=3348664
	Index Scan using sbtest7_pkey on sbtest7  (cost=0.43..8.45 rows=1 width=121)
	  Index Cond: (id = 3348664)

table 8 : explain SELECT c FROM sbtest8 WHERE id=975283
	Index Scan using sbtest8_pkey on sbtest8  (cost=0.43..8.45 rows=1 width=121)
	  Index Cond: (id = 975283)

for point_selects
table 1 : explain SELECT c FROM sbtest1 WHERE id=5910322
	Index Scan using sbtest1_pkey on sbtest1  (cost=0.43..8.45 rows=1 width=121)
	  Index Cond: (id = 5910322)

table 2 : explain SELECT c FROM sbtest2 WHERE id=6493700
	Index Scan using sbtest2_pkey on sbtest2  (cost=0.43..8.45 rows=1 width=121)
	  Index Cond: (id = 6493700)

table 3 : explain SELECT c FROM sbtest3 WHERE id=2366225
	Index Scan using sbtest3_pkey on sbtest3  (cost=0.43..8.45 rows=1 width=121)
	  Index Cond: (id = 2366225)

table 4 : explain SELECT c FROM sbtest4 WHERE id=4976437
	Index Scan using sbtest4_pkey on sbtest4  (cost=0.43..8.45 rows=1 width=121)
	  Index Cond: (id = 4976437)

table 5 : explain SELECT c FROM sbtest5 WHERE id=6656146
	Index Scan using sbtest5_pkey on sbtest5  (cost=0.43..8.45 rows=1 width=121)
	  Index Cond: (id = 6656146)

table 6 : explain SELECT c FROM sbtest6 WHERE id=1925509
	Index Scan using sbtest6_pkey on sbtest6  (cost=0.43..8.45 rows=1 width=121)
	  Index Cond: (id = 1925509)

table 7 : explain SELECT c FROM sbtest7 WHERE id=3053629
	Index Scan using sbtest7_pkey on sbtest7  (cost=0.43..8.45 rows=1 width=121)
	  Index Cond: (id = 3053629)

table 8 : explain SELECT c FROM sbtest8 WHERE id=6577090
	Index Scan using sbtest8_pkey on sbtest8  (cost=0.43..8.45 rows=1 width=121)
	  Index Cond: (id = 6577090)
for point_selects
table 1 : explain SELECT c FROM sbtest1 WHERE id=3879490
	Index Scan using sbtest1_pkey on sbtest1  (cost=0.43..8.45 rows=1 width=121)
	  Index Cond: (id = 3879490)

table 2 : explain SELECT c FROM sbtest2 WHERE id=3777927
	Index Scan using sbtest2_pkey on sbtest2  (cost=0.43..8.45 rows=1 width=121)
	  Index Cond: (id = 3777927)

table 3 : explain SELECT c FROM sbtest3 WHERE id=5796675
	Index Scan using sbtest3_pkey on sbtest3  (cost=0.43..8.45 rows=1 width=121)
	  Index Cond: (id = 5796675)

table 4 : explain SELECT c FROM sbtest4 WHERE id=5030623
	Index Scan using sbtest4_pkey on sbtest4  (cost=0.43..8.45 rows=1 width=121)
	  Index Cond: (id = 5030623)

table 5 : explain SELECT c FROM sbtest5 WHERE id=5211950
	Index Scan using sbtest5_pkey on sbtest5  (cost=0.43..8.45 rows=1 width=121)
	  Index Cond: (id = 5211950)

table 6 : explain SELECT c FROM sbtest6 WHERE id=2994410
	Index Scan using sbtest6_pkey on sbtest6  (cost=0.43..8.45 rows=1 width=121)
	  Index Cond: (id = 2994410)

table 7 : explain SELECT c FROM sbtest7 WHERE id=9031686
	Index Scan using sbtest7_pkey on sbtest7  (cost=0.43..8.45 rows=1 width=121)
	  Index Cond: (id = 9031686)

table 8 : explain SELECT c FROM sbtest8 WHERE id=9722247
	Index Scan using sbtest8_pkey on sbtest8  (cost=0.43..8.45 rows=1 width=121)
	  Index Cond: (id = 9722247)

for: simple_ranges
table 1 : explain SELECT c FROM sbtest1 WHERE id BETWEEN 5450969 AND 5450978
	Index Scan using sbtest1_pkey on sbtest1  (cost=0.43..43.87 rows=10 width=121)
	  Index Cond: ((id >= 5450969) AND (id <= 5450978))

table 2 : explain SELECT c FROM sbtest2 WHERE id BETWEEN 3684426 AND 3684435
	Index Scan using sbtest2_pkey on sbtest2  (cost=0.43..43.78 rows=10 width=121)
	  Index Cond: ((id >= 3684426) AND (id <= 3684435))

table 3 : explain SELECT c FROM sbtest3 WHERE id BETWEEN 6768327 AND 6768336
	Index Scan using sbtest3_pkey on sbtest3  (cost=0.43..43.87 rows=10 width=121)
	  Index Cond: ((id >= 6768327) AND (id <= 6768336))

table 4 : explain SELECT c FROM sbtest4 WHERE id BETWEEN 5681490 AND 5681499
	Index Scan using sbtest4_pkey on sbtest4  (cost=0.43..43.75 rows=10 width=121)
	  Index Cond: ((id >= 5681490) AND (id <= 5681499))

table 5 : explain SELECT c FROM sbtest5 WHERE id BETWEEN 1992634 AND 1992643
	Index Scan using sbtest5_pkey on sbtest5  (cost=0.43..43.79 rows=10 width=121)
	  Index Cond: ((id >= 1992634) AND (id <= 1992643))

table 6 : explain SELECT c FROM sbtest6 WHERE id BETWEEN 4863056 AND 4863065
	Index Scan using sbtest6_pkey on sbtest6  (cost=0.43..39.98 rows=9 width=121)
	  Index Cond: ((id >= 4863056) AND (id <= 4863065))

table 7 : explain SELECT c FROM sbtest7 WHERE id BETWEEN 1754313 AND 1754322
	Index Scan using sbtest7_pkey on sbtest7  (cost=0.43..43.75 rows=10 width=121)
	  Index Cond: ((id >= 1754313) AND (id <= 1754322))

table 8 : explain SELECT c FROM sbtest8 WHERE id BETWEEN 2569551 AND 2569560
	Index Scan using sbtest8_pkey on sbtest8  (cost=0.43..43.66 rows=10 width=121)
	  Index Cond: ((id >= 2569551) AND (id <= 2569560))

explain: for point_selects :: explain SELECT c FROM sbtest%u WHERE id=%u

explain: for point_selects :: explain SELECT c FROM sbtest%u WHERE id=%u
explain: for point_selects :: explain SELECT c FROM sbtest%u WHERE id=%u
for point_selects
table 1 : explain SELECT c FROM sbtest1 WHERE id=9850140
	Index Scan using sbtest1_pkey on sbtest1  (cost=0.43..8.45 rows=1 width=121)
	  Index Cond: (id = 9850140)

table 2 : explain SELECT c FROM sbtest2 WHERE id=1377631
	Index Scan using sbtest2_pkey on sbtest2  (cost=0.43..8.45 rows=1 width=121)
	  Index Cond: (id = 1377631)

table 3 : explain SELECT c FROM sbtest3 WHERE id=6333851
	Index Scan using sbtest3_pkey on sbtest3  (cost=0.43..8.45 rows=1 width=121)
	  Index Cond: (id = 6333851)

table 4 : explain SELECT c FROM sbtest4 WHERE id=4449974
	Index Scan using sbtest4_pkey on sbtest4  (cost=0.43..8.45 rows=1 width=121)
	  Index Cond: (id = 4449974)

table 5 : explain SELECT c FROM sbtest5 WHERE id=4921574
	Index Scan using sbtest5_pkey on sbtest5  (cost=0.43..8.45 rows=1 width=121)
	  Index Cond: (id = 4921574)

table 6 : explain SELECT c FROM sbtest6 WHERE id=8867623
	Index Scan using sbtest6_pkey on sbtest6  (cost=0.43..8.45 rows=1 width=121)
	  Index Cond: (id = 8867623)

table 7 : explain SELECT c FROM sbtest7 WHERE id=5281285
	Index Scan using sbtest7_pkey on sbtest7  (cost=0.43..8.45 rows=1 width=121)
	  Index Cond: (id = 5281285)

table 8 : explain SELECT c FROM sbtest8 WHERE id=6507134
	Index Scan using sbtest8_pkey on sbtest8  (cost=0.43..8.45 rows=1 width=121)
	  Index Cond: (id = 6507134)

explain: for point_selects :: explain SELECT c FROM sbtest%u WHERE id=%u
for point_selects
table 1 : explain SELECT c FROM sbtest1 WHERE id=9175934
	Index Scan using sbtest1_pkey on sbtest1  (cost=0.43..8.45 rows=1 width=121)
	  Index Cond: (id = 9175934)

table 2 : explain SELECT c FROM sbtest2 WHERE id=678125
	Index Scan using sbtest2_pkey on sbtest2  (cost=0.43..8.45 rows=1 width=121)
	  Index Cond: (id = 678125)

table 3 : explain SELECT c FROM sbtest3 WHERE id=746765
	Index Scan using sbtest3_pkey on sbtest3  (cost=0.43..8.45 rows=1 width=121)
	  Index Cond: (id = 746765)

table 4 : explain SELECT c FROM sbtest4 WHERE id=785489
	Index Scan using sbtest4_pkey on sbtest4  (cost=0.43..8.45 rows=1 width=121)
	  Index Cond: (id = 785489)

table 5 : explain SELECT c FROM sbtest5 WHERE id=3984246
	Index Scan using sbtest5_pkey on sbtest5  (cost=0.43..8.45 rows=1 width=121)
	  Index Cond: (id = 3984246)

table 6 : explain SELECT c FROM sbtest6 WHERE id=189972
	Index Scan using sbtest6_pkey on sbtest6  (cost=0.43..8.45 rows=1 width=121)
	  Index Cond: (id = 189972)

table 7 : explain SELECT c FROM sbtest7 WHERE id=9703009
	Index Scan using sbtest7_pkey on sbtest7  (cost=0.43..8.45 rows=1 width=121)
	  Index Cond: (id = 9703009)

table 8 : explain SELECT c FROM sbtest8 WHERE id=8456850
	Index Scan using sbtest8_pkey on sbtest8  (cost=0.43..8.45 rows=1 width=121)
	  Index Cond: (id = 8456850)

for point_selects
table 1 : explain SELECT c FROM sbtest1 WHERE id=609056
	Index Scan using sbtest1_pkey on sbtest1  (cost=0.43..8.45 rows=1 width=121)
	  Index Cond: (id = 609056)

table 2 : explain SELECT c FROM sbtest2 WHERE id=4006016
	Index Scan using sbtest2_pkey on sbtest2  (cost=0.43..8.45 rows=1 width=121)
	  Index Cond: (id = 4006016)

table 3 : explain SELECT c FROM sbtest3 WHERE id=5864186
	Index Scan using sbtest3_pkey on sbtest3  (cost=0.43..8.45 rows=1 width=121)
	  Index Cond: (id = 5864186)

table 4 : explain SELECT c FROM sbtest4 WHERE id=6593224
	Index Scan using sbtest4_pkey on sbtest4  (cost=0.43..8.45 rows=1 width=121)
	  Index Cond: (id = 6593224)

table 5 : explain SELECT c FROM sbtest5 WHERE id=9930719
	Index Scan using sbtest5_pkey on sbtest5  (cost=0.43..8.45 rows=1 width=121)
	  Index Cond: (id = 9930719)

table 6 : explain SELECT c FROM sbtest6 WHERE id=9181045
	Index Scan using sbtest6_pkey on sbtest6  (cost=0.43..8.45 rows=1 width=121)
	  Index Cond: (id = 9181045)

table 7 : explain SELECT c FROM sbtest7 WHERE id=7001477
	Index Scan using sbtest7_pkey on sbtest7  (cost=0.43..8.45 rows=1 width=121)
	  Index Cond: (id = 7001477)

table 8 : explain SELECT c FROM sbtest8 WHERE id=8700402
	Index Scan using sbtest8_pkey on sbtest8  (cost=0.43..8.45 rows=1 width=121)
	  Index Cond: (id = 8700402)

for point_selects
table 1 : explain SELECT c FROM sbtest1 WHERE id=332308
	Index Scan using sbtest1_pkey on sbtest1  (cost=0.43..8.45 rows=1 width=121)
	  Index Cond: (id = 332308)

table 2 : explain SELECT c FROM sbtest2 WHERE id=5875404
	Index Scan using sbtest2_pkey on sbtest2  (cost=0.43..8.45 rows=1 width=121)
	  Index Cond: (id = 5875404)

table 3 : explain SELECT c FROM sbtest3 WHERE id=804432
	Index Scan using sbtest3_pkey on sbtest3  (cost=0.43..8.45 rows=1 width=121)
	  Index Cond: (id = 804432)

table 4 : explain SELECT c FROM sbtest4 WHERE id=4868155
	Index Scan using sbtest4_pkey on sbtest4  (cost=0.43..8.45 rows=1 width=121)
	  Index Cond: (id = 4868155)

table 5 : explain SELECT c FROM sbtest5 WHERE id=1647170
	Index Scan using sbtest5_pkey on sbtest5  (cost=0.43..8.45 rows=1 width=121)
	  Index Cond: (id = 1647170)

table 6 : explain SELECT c FROM sbtest6 WHERE id=6158672
	Index Scan using sbtest6_pkey on sbtest6  (cost=0.43..8.45 rows=1 width=121)
	  Index Cond: (id = 6158672)

table 7 : explain SELECT c FROM sbtest7 WHERE id=1147703
	Index Scan using sbtest7_pkey on sbtest7  (cost=0.43..8.45 rows=1 width=121)
	  Index Cond: (id = 1147703)

table 8 : explain SELECT c FROM sbtest8 WHERE id=4541685
	Index Scan using sbtest8_pkey on sbtest8  (cost=0.43..8.45 rows=1 width=121)
	  Index Cond: (id = 4541685)

for point_selects
table 1 : explain SELECT c FROM sbtest1 WHERE id=485464
	Index Scan using sbtest1_pkey on sbtest1  (cost=0.43..8.45 rows=1 width=121)
	  Index Cond: (id = 485464)

table 2 : explain SELECT c FROM sbtest2 WHERE id=2559351
	Index Scan using sbtest2_pkey on sbtest2  (cost=0.43..8.45 rows=1 width=121)
	  Index Cond: (id = 2559351)

table 3 : explain SELECT c FROM sbtest3 WHERE id=3027096
	Index Scan using sbtest3_pkey on sbtest3  (cost=0.43..8.45 rows=1 width=121)
	  Index Cond: (id = 3027096)

table 4 : explain SELECT c FROM sbtest4 WHERE id=8856826
	Index Scan using sbtest4_pkey on sbtest4  (cost=0.43..8.45 rows=1 width=121)
	  Index Cond: (id = 8856826)

table 5 : explain SELECT c FROM sbtest5 WHERE id=4306694
	Index Scan using sbtest5_pkey on sbtest5  (cost=0.43..8.45 rows=1 width=121)
	  Index Cond: (id = 4306694)

table 6 : explain SELECT c FROM sbtest6 WHERE id=4158297
	Index Scan using sbtest6_pkey on sbtest6  (cost=0.43..8.45 rows=1 width=121)
	  Index Cond: (id = 4158297)

table 7 : explain SELECT c FROM sbtest7 WHERE id=3996590
	Index Scan using sbtest7_pkey on sbtest7  (cost=0.43..8.45 rows=1 width=121)
	  Index Cond: (id = 3996590)

table 8 : explain SELECT c FROM sbtest8 WHERE id=5260580
	Index Scan using sbtest8_pkey on sbtest8  (cost=0.43..8.45 rows=1 width=121)
	  Index Cond: (id = 5260580)

for point_selects
table 1 : explain SELECT c FROM sbtest1 WHERE id=3907069
	Index Scan using sbtest1_pkey on sbtest1  (cost=0.43..8.45 rows=1 width=121)
	  Index Cond: (id = 3907069)

table 2 : explain SELECT c FROM sbtest2 WHERE id=5459237
	Index Scan using sbtest2_pkey on sbtest2  (cost=0.43..8.45 rows=1 width=121)
	  Index Cond: (id = 5459237)

table 3 : explain SELECT c FROM sbtest3 WHERE id=7642276
	Index Scan using sbtest3_pkey on sbtest3  (cost=0.43..8.45 rows=1 width=121)
	  Index Cond: (id = 7642276)

table 4 : explain SELECT c FROM sbtest4 WHERE id=7357225
	Index Scan using sbtest4_pkey on sbtest4  (cost=0.43..8.45 rows=1 width=121)
	  Index Cond: (id = 7357225)

table 5 : explain SELECT c FROM sbtest5 WHERE id=1536973
	Index Scan using sbtest5_pkey on sbtest5  (cost=0.43..8.45 rows=1 width=121)
	  Index Cond: (id = 1536973)

table 6 : explain SELECT c FROM sbtest6 WHERE id=2406224
	Index Scan using sbtest6_pkey on sbtest6  (cost=0.43..8.45 rows=1 width=121)
	  Index Cond: (id = 2406224)

table 7 : explain SELECT c FROM sbtest7 WHERE id=173136
	Index Scan using sbtest7_pkey on sbtest7  (cost=0.43..8.45 rows=1 width=121)
	  Index Cond: (id = 173136)

table 8 : explain SELECT c FROM sbtest8 WHERE id=411590
	Index Scan using sbtest8_pkey on sbtest8  (cost=0.43..8.45 rows=1 width=121)
	  Index Cond: (id = 411590)

for point_selects
table 1 : explain SELECT c FROM sbtest1 WHERE id=788814
	Index Scan using sbtest1_pkey on sbtest1  (cost=0.43..8.45 rows=1 width=121)
	  Index Cond: (id = 788814)

table 2 : explain SELECT c FROM sbtest2 WHERE id=6426303
	Index Scan using sbtest2_pkey on sbtest2  (cost=0.43..8.45 rows=1 width=121)
	  Index Cond: (id = 6426303)

table 3 : explain SELECT c FROM sbtest3 WHERE id=6345870
	Index Scan using sbtest3_pkey on sbtest3  (cost=0.43..8.45 rows=1 width=121)
	  Index Cond: (id = 6345870)

table 4 : explain SELECT c FROM sbtest4 WHERE id=5907043
	Index Scan using sbtest4_pkey on sbtest4  (cost=0.43..8.45 rows=1 width=121)
	  Index Cond: (id = 5907043)

table 5 : explain SELECT c FROM sbtest5 WHERE id=6270472
	Index Scan using sbtest5_pkey on sbtest5  (cost=0.43..8.45 rows=1 width=121)
	  Index Cond: (id = 6270472)

table 6 : explain SELECT c FROM sbtest6 WHERE id=8809749
	Index Scan using sbtest6_pkey on sbtest6  (cost=0.43..8.45 rows=1 width=121)
	  Index Cond: (id = 8809749)

table 7 : explain SELECT c FROM sbtest7 WHERE id=3970009
	Index Scan using sbtest7_pkey on sbtest7  (cost=0.43..8.45 rows=1 width=121)
	  Index Cond: (id = 3970009)

table 8 : explain SELECT c FROM sbtest8 WHERE id=8373821
	Index Scan using sbtest8_pkey on sbtest8  (cost=0.43..8.45 rows=1 width=121)
	  Index Cond: (id = 8373821)

for: simple_ranges
table 1 : explain SELECT c FROM sbtest1 WHERE id BETWEEN 734994 AND 735003
	Index Scan using sbtest1_pkey on sbtest1  (cost=0.43..43.87 rows=10 width=121)
	  Index Cond: ((id >= 734994) AND (id <= 735003))

table 2 : explain SELECT c FROM sbtest2 WHERE id BETWEEN 7351724 AND 7351733
	Index Scan using sbtest2_pkey on sbtest2  (cost=0.43..43.78 rows=10 width=121)
	  Index Cond: ((id >= 7351724) AND (id <= 7351733))

table 3 : explain SELECT c FROM sbtest3 WHERE id BETWEEN 7348737 AND 7348746
	Index Scan using sbtest3_pkey on sbtest3  (cost=0.43..47.80 rows=11 width=121)
	  Index Cond: ((id >= 7348737) AND (id <= 7348746))

table 4 : explain SELECT c FROM sbtest4 WHERE id BETWEEN 267815 AND 267824
	Index Scan using sbtest4_pkey on sbtest4  (cost=0.43..43.75 rows=10 width=121)
	  Index Cond: ((id >= 267815) AND (id <= 267824))

table 5 : explain SELECT c FROM sbtest5 WHERE id BETWEEN 8349087 AND 8349096
	Index Scan using sbtest5_pkey on sbtest5  (cost=0.43..43.79 rows=10 width=121)
	  Index Cond: ((id >= 8349087) AND (id <= 8349096))

table 6 : explain SELECT c FROM sbtest6 WHERE id BETWEEN 4766295 AND 4766304
	Index Scan using sbtest6_pkey on sbtest6  (cost=0.43..39.98 rows=9 width=121)
	  Index Cond: ((id >= 4766295) AND (id <= 4766304))

table 7 : explain SELECT c FROM sbtest7 WHERE id BETWEEN 7486879 AND 7486888
	Index Scan using sbtest7_pkey on sbtest7  (cost=0.43..43.75 rows=10 width=121)
	  Index Cond: ((id >= 7486879) AND (id <= 7486888))

table 8 : explain SELECT c FROM sbtest8 WHERE id BETWEEN 4625207 AND 4625216
	Index Scan using sbtest8_pkey on sbtest8  (cost=0.43..43.66 rows=10 width=121)
	  Index Cond: ((id >= 4625207) AND (id <= 4625216))

for point_selects
table 1 : explain SELECT c FROM sbtest1 WHERE id=1308363
	Index Scan using sbtest1_pkey on sbtest1  (cost=0.43..8.45 rows=1 width=121)
	  Index Cond: (id = 1308363)

table 2 : explain SELECT c FROM sbtest2 WHERE id=7266328
	Index Scan using sbtest2_pkey on sbtest2  (cost=0.43..8.45 rows=1 width=121)
	  Index Cond: (id = 7266328)

table 3 : explain SELECT c FROM sbtest3 WHERE id=1025715
	Index Scan using sbtest3_pkey on sbtest3  (cost=0.43..8.45 rows=1 width=121)
	  Index Cond: (id = 1025715)

table 4 : explain SELECT c FROM sbtest4 WHERE id=9244349
	Index Scan using sbtest4_pkey on sbtest4  (cost=0.43..8.45 rows=1 width=121)
	  Index Cond: (id = 9244349)

table 5 : explain SELECT c FROM sbtest5 WHERE id=7695206
	Index Scan using sbtest5_pkey on sbtest5  (cost=0.43..8.45 rows=1 width=121)
	  Index Cond: (id = 7695206)

table 6 : explain SELECT c FROM sbtest6 WHERE id=3987484
	Index Scan using sbtest6_pkey on sbtest6  (cost=0.43..8.45 rows=1 width=121)
	  Index Cond: (id = 3987484)

table 7 : explain SELECT c FROM sbtest7 WHERE id=7422010
	Index Scan using sbtest7_pkey on sbtest7  (cost=0.43..8.45 rows=1 width=121)
	  Index Cond: (id = 7422010)

table 8 : explain SELECT c FROM sbtest8 WHERE id=5787123
	Index Scan using sbtest8_pkey on sbtest8  (cost=0.43..8.45 rows=1 width=121)
	  Index Cond: (id = 5787123)

for: simple_ranges
table 1 : explain SELECT c FROM sbtest1 WHERE id BETWEEN 8933037 AND 8933046
	Index Scan using sbtest1_pkey on sbtest1  (cost=0.43..39.93 rows=9 width=121)
	  Index Cond: ((id >= 8933037) AND (id <= 8933046))

table 2 : explain SELECT c FROM sbtest2 WHERE id BETWEEN 4204666 AND 4204675
	Index Scan using sbtest2_pkey on sbtest2  (cost=0.43..43.78 rows=10 width=121)
	  Index Cond: ((id >= 4204666) AND (id <= 4204675))

table 3 : explain SELECT c FROM sbtest3 WHERE id BETWEEN 3163814 AND 3163823
	Index Scan using sbtest3_pkey on sbtest3  (cost=0.43..39.93 rows=9 width=121)
	  Index Cond: ((id >= 3163814) AND (id <= 3163823))

table 4 : explain SELECT c FROM sbtest4 WHERE id BETWEEN 8633113 AND 8633122
	Index Scan using sbtest4_pkey on sbtest4  (cost=0.43..43.75 rows=10 width=121)
	  Index Cond: ((id >= 8633113) AND (id <= 8633122))

table 5 : explain SELECT c FROM sbtest5 WHERE id BETWEEN 9533484 AND 9533493
	Index Scan using sbtest5_pkey on sbtest5  (cost=0.43..39.86 rows=9 width=121)
	  Index Cond: ((id >= 9533484) AND (id <= 9533493))

table 6 : explain SELECT c FROM sbtest6 WHERE id BETWEEN 8192895 AND 8192904
	Index Scan using sbtest6_pkey on sbtest6  (cost=0.43..43.92 rows=10 width=121)
	  Index Cond: ((id >= 8192895) AND (id <= 8192904))

table 7 : explain SELECT c FROM sbtest7 WHERE id BETWEEN 2668874 AND 2668883
	Index Scan using sbtest7_pkey on sbtest7  (cost=0.43..43.75 rows=10 width=121)
	  Index Cond: ((id >= 2668874) AND (id <= 2668883))

table 8 : explain SELECT c FROM sbtest8 WHERE id BETWEEN 8084975 AND 8084984
	Index Scan using sbtest8_pkey on sbtest8  (cost=0.43..47.57 rows=11 width=121)
	  Index Cond: ((id >= 8084975) AND (id <= 8084984))

for: simple_ranges
table 1 : explain SELECT c FROM sbtest1 WHERE id BETWEEN 9663636 AND 9663645
	Index Scan using sbtest1_pkey on sbtest1  (cost=0.43..43.87 rows=10 width=121)
	  Index Cond: ((id >= 9663636) AND (id <= 9663645))

table 2 : explain SELECT c FROM sbtest2 WHERE id BETWEEN 8301607 AND 8301616
	Index Scan using sbtest2_pkey on sbtest2  (cost=0.43..43.78 rows=10 width=121)
	  Index Cond: ((id >= 8301607) AND (id <= 8301616))

table 3 : explain SELECT c FROM sbtest3 WHERE id BETWEEN 3952738 AND 3952747
	Index Scan using sbtest3_pkey on sbtest3  (cost=0.43..43.87 rows=10 width=121)
	  Index Cond: ((id >= 3952738) AND (id <= 3952747))

table 4 : explain SELECT c FROM sbtest4 WHERE id BETWEEN 4456721 AND 4456730
	Index Scan using sbtest4_pkey on sbtest4  (cost=0.43..47.67 rows=11 width=121)
	  Index Cond: ((id >= 4456721) AND (id <= 4456730))

table 5 : explain SELECT c FROM sbtest5 WHERE id BETWEEN 849577 AND 849586
	Index Scan using sbtest5_pkey on sbtest5  (cost=0.43..43.79 rows=10 width=121)
	  Index Cond: ((id >= 849577) AND (id <= 849586))

table 6 : explain SELECT c FROM sbtest6 WHERE id BETWEEN 3582950 AND 3582959
	Index Scan using sbtest6_pkey on sbtest6  (cost=0.43..43.92 rows=10 width=121)
	  Index Cond: ((id >= 3582950) AND (id <= 3582959))

table 7 : explain SELECT c FROM sbtest7 WHERE id BETWEEN 5006080 AND 5006089
	Index Scan using sbtest7_pkey on sbtest7  (cost=0.43..43.75 rows=10 width=121)
	  Index Cond: ((id >= 5006080) AND (id <= 5006089))

table 8 : explain SELECT c FROM sbtest8 WHERE id BETWEEN 6116050 AND 6116059
	Index Scan using sbtest8_pkey on sbtest8  (cost=0.43..43.66 rows=10 width=121)
	  Index Cond: ((id >= 6116050) AND (id <= 6116059))

for: simple_ranges
table 1 : explain SELECT c FROM sbtest1 WHERE id BETWEEN 5816833 AND 5816842
	Index Scan using sbtest1_pkey on sbtest1  (cost=0.43..43.87 rows=10 width=121)
	  Index Cond: ((id >= 5816833) AND (id <= 5816842))

table 2 : explain SELECT c FROM sbtest2 WHERE id BETWEEN 5704222 AND 5704231
	Index Scan using sbtest2_pkey on sbtest2  (cost=0.43..47.70 rows=11 width=121)
	  Index Cond: ((id >= 5704222) AND (id <= 5704231))

table 3 : explain SELECT c FROM sbtest3 WHERE id BETWEEN 9756795 AND 9756804
	Index Scan using sbtest3_pkey on sbtest3  (cost=0.43..43.87 rows=10 width=121)
	  Index Cond: ((id >= 9756795) AND (id <= 9756804))

table 4 : explain SELECT c FROM sbtest4 WHERE id BETWEEN 6212720 AND 6212729
	Index Scan using sbtest4_pkey on sbtest4  (cost=0.43..43.75 rows=10 width=121)
	  Index Cond: ((id >= 6212720) AND (id <= 6212729))

table 5 : explain SELECT c FROM sbtest5 WHERE id BETWEEN 9014918 AND 9014927
	Index Scan using sbtest5_pkey on sbtest5  (cost=0.43..43.79 rows=10 width=121)
	  Index Cond: ((id >= 9014918) AND (id <= 9014927))

table 6 : explain SELECT c FROM sbtest6 WHERE id BETWEEN 5963787 AND 5963796
	Index Scan using sbtest6_pkey on sbtest6  (cost=0.43..43.92 rows=10 width=121)
	  Index Cond: ((id >= 5963787) AND (id <= 5963796))

table 7 : explain SELECT c FROM sbtest7 WHERE id BETWEEN 384814 AND 384823
	Index Scan using sbtest7_pkey on sbtest7  (cost=0.43..39.83 rows=9 width=121)
	  Index Cond: ((id >= 384814) AND (id <= 384823))

table 8 : explain SELECT c FROM sbtest8 WHERE id BETWEEN 1083252 AND 1083261
	Index Scan using sbtest8_pkey on sbtest8  (cost=0.43..43.66 rows=10 width=121)
	  Index Cond: ((id >= 1083252) AND (id <= 1083261))

for: simple_ranges
table 1 : explain SELECT c FROM sbtest1 WHERE id BETWEEN 7673979 AND 7673988
	Index Scan using sbtest1_pkey on sbtest1  (cost=0.43..43.87 rows=10 width=121)
	  Index Cond: ((id >= 7673979) AND (id <= 7673988))

table 2 : explain SELECT c FROM sbtest2 WHERE id BETWEEN 7491947 AND 7491956
	Index Scan using sbtest2_pkey on sbtest2  (cost=0.43..43.78 rows=10 width=121)
	  Index Cond: ((id >= 7491947) AND (id <= 7491956))

table 3 : explain SELECT c FROM sbtest3 WHERE id BETWEEN 5276151 AND 5276160
	Index Scan using sbtest3_pkey on sbtest3  (cost=0.43..43.87 rows=10 width=121)
	  Index Cond: ((id >= 5276151) AND (id <= 5276160))

table 4 : explain SELECT c FROM sbtest4 WHERE id BETWEEN 6507523 AND 6507532
	Index Scan using sbtest4_pkey on sbtest4  (cost=0.43..47.67 rows=11 width=121)
	  Index Cond: ((id >= 6507523) AND (id <= 6507532))

table 5 : explain SELECT c FROM sbtest5 WHERE id BETWEEN 5489948 AND 5489957
	Index Scan using sbtest5_pkey on sbtest5  (cost=0.43..43.79 rows=10 width=121)
	  Index Cond: ((id >= 5489948) AND (id <= 5489957))

table 6 : explain SELECT c FROM sbtest6 WHERE id BETWEEN 6163331 AND 6163340
	Index Scan using sbtest6_pkey on sbtest6  (cost=0.43..43.92 rows=10 width=121)
	  Index Cond: ((id >= 6163331) AND (id <= 6163340))

table 7 : explain SELECT c FROM sbtest7 WHERE id BETWEEN 2140701 AND 2140710
	Index Scan using sbtest7_pkey on sbtest7  (cost=0.43..43.75 rows=10 width=121)
	  Index Cond: ((id >= 2140701) AND (id <= 2140710))

table 8 : explain SELECT c FROM sbtest8 WHERE id BETWEEN 3275209 AND 3275218
	Index Scan using sbtest8_pkey on sbtest8  (cost=0.43..43.66 rows=10 width=121)
	  Index Cond: ((id >= 3275209) AND (id <= 3275218))

for: simple_ranges
table 1 : explain SELECT c FROM sbtest1 WHERE id BETWEEN 4517950 AND 4517959
	Index Scan using sbtest1_pkey on sbtest1  (cost=0.43..43.87 rows=10 width=121)
	  Index Cond: ((id >= 4517950) AND (id <= 4517959))

table 2 : explain SELECT c FROM sbtest2 WHERE id BETWEEN 3210894 AND 3210903
	Index Scan using sbtest2_pkey on sbtest2  (cost=0.43..43.78 rows=10 width=121)
	  Index Cond: ((id >= 3210894) AND (id <= 3210903))

table 3 : explain SELECT c FROM sbtest3 WHERE id BETWEEN 7271006 AND 7271015
	Index Scan using sbtest3_pkey on sbtest3  (cost=0.43..43.87 rows=10 width=121)
	  Index Cond: ((id >= 7271006) AND (id <= 7271015))

table 4 : explain SELECT c FROM sbtest4 WHERE id BETWEEN 3082869 AND 3082878
	Index Scan using sbtest4_pkey on sbtest4  (cost=0.43..43.75 rows=10 width=121)
	  Index Cond: ((id >= 3082869) AND (id <= 3082878))

table 5 : explain SELECT c FROM sbtest5 WHERE id BETWEEN 4708096 AND 4708105
	Index Scan using sbtest5_pkey on sbtest5  (cost=0.43..43.79 rows=10 width=121)
	  Index Cond: ((id >= 4708096) AND (id <= 4708105))

table 6 : explain SELECT c FROM sbtest6 WHERE id BETWEEN 7284068 AND 7284077
	Index Scan using sbtest6_pkey on sbtest6  (cost=0.43..43.92 rows=10 width=121)
	  Index Cond: ((id >= 7284068) AND (id <= 7284077))

table 7 : explain SELECT c FROM sbtest7 WHERE id BETWEEN 8776601 AND 8776610
	Index Scan using sbtest7_pkey on sbtest7  (cost=0.43..43.75 rows=10 width=121)
	  Index Cond: ((id >= 8776601) AND (id <= 8776610))

table 8 : explain SELECT c FROM sbtest8 WHERE id BETWEEN 4968498 AND 4968507
	Index Scan using sbtest8_pkey on sbtest8  (cost=0.43..47.57 rows=11 width=121)
	  Index Cond: ((id >= 4968498) AND (id <= 4968507))

for point_selects
table 1 : explain SELECT c FROM sbtest1 WHERE id=3421784
	Index Scan using sbtest1_pkey on sbtest1  (cost=0.43..8.45 rows=1 width=121)
	  Index Cond: (id = 3421784)

table 2 : explain SELECT c FROM sbtest2 WHERE id=3723790
	Index Scan using sbtest2_pkey on sbtest2  (cost=0.43..8.45 rows=1 width=121)
	  Index Cond: (id = 3723790)

table 3 : explain SELECT c FROM sbtest3 WHERE id=5993666
	Index Scan using sbtest3_pkey on sbtest3  (cost=0.43..8.45 rows=1 width=121)
	  Index Cond: (id = 5993666)

table 4 : explain SELECT c FROM sbtest4 WHERE id=6323135
	Index Scan using sbtest4_pkey on sbtest4  (cost=0.43..8.45 rows=1 width=121)
	  Index Cond: (id = 6323135)

table 5 : explain SELECT c FROM sbtest5 WHERE id=4911441
	Index Scan using sbtest5_pkey on sbtest5  (cost=0.43..8.45 rows=1 width=121)
	  Index Cond: (id = 4911441)

table 6 : explain SELECT c FROM sbtest6 WHERE id=7028325
	Index Scan using sbtest6_pkey on sbtest6  (cost=0.43..8.45 rows=1 width=121)
	  Index Cond: (id = 7028325)

table 7 : explain SELECT c FROM sbtest7 WHERE id=4364626
	Index Scan using sbtest7_pkey on sbtest7  (cost=0.43..8.45 rows=1 width=121)
	  Index Cond: (id = 4364626)

table 8 : explain SELECT c FROM sbtest8 WHERE id=299958
	Index Scan using sbtest8_pkey on sbtest8  (cost=0.43..8.45 rows=1 width=121)
	  Index Cond: (id = 299958)

for: simple_ranges
table 1 : explain SELECT c FROM sbtest1 WHERE id BETWEEN 4314287 AND 4314296
	Index Scan using sbtest1_pkey on sbtest1  (cost=0.43..43.87 rows=10 width=121)
	  Index Cond: ((id >= 4314287) AND (id <= 4314296))

table 2 : explain SELECT c FROM sbtest2 WHERE id BETWEEN 8032898 AND 8032907
	Index Scan using sbtest2_pkey on sbtest2  (cost=0.43..47.70 rows=11 width=121)
	  Index Cond: ((id >= 8032898) AND (id <= 8032907))

table 3 : explain SELECT c FROM sbtest3 WHERE id BETWEEN 788934 AND 788943
	Index Scan using sbtest3_pkey on sbtest3  (cost=0.43..39.93 rows=9 width=121)
	  Index Cond: ((id >= 788934) AND (id <= 788943))

table 4 : explain SELECT c FROM sbtest4 WHERE id BETWEEN 4691813 AND 4691822
	Index Scan using sbtest4_pkey on sbtest4  (cost=0.43..43.75 rows=10 width=121)
	  Index Cond: ((id >= 4691813) AND (id <= 4691822))

table 5 : explain SELECT c FROM sbtest5 WHERE id BETWEEN 4584605 AND 4584614
	Index Scan using sbtest5_pkey on sbtest5  (cost=0.43..51.64 rows=12 width=121)
	  Index Cond: ((id >= 4584605) AND (id <= 4584614))

table 6 : explain SELECT c FROM sbtest6 WHERE id BETWEEN 5701911 AND 5701920
	Index Scan using sbtest6_pkey on sbtest6  (cost=0.43..43.92 rows=10 width=121)
	  Index Cond: ((id >= 5701911) AND (id <= 5701920))

table 7 : explain SELECT c FROM sbtest7 WHERE id BETWEEN 8947076 AND 8947085
	Index Scan using sbtest7_pkey on sbtest7  (cost=0.43..43.75 rows=10 width=121)
	  Index Cond: ((id >= 8947076) AND (id <= 8947085))

table 8 : explain SELECT c FROM sbtest8 WHERE id BETWEEN 2756387 AND 2756396
	Index Scan using sbtest8_pkey on sbtest8  (cost=0.43..39.75 rows=9 width=121)
	  Index Cond: ((id >= 2756387) AND (id <= 2756396))

for: simple_ranges
table 1 : explain SELECT c FROM sbtest1 WHERE id BETWEEN 9768180 AND 9768189
	Index Scan using sbtest1_pkey on sbtest1  (cost=0.43..43.87 rows=10 width=121)
	  Index Cond: ((id >= 9768180) AND (id <= 9768189))

table 2 : explain SELECT c FROM sbtest2 WHERE id BETWEEN 5194580 AND 5194589
	Index Scan using sbtest2_pkey on sbtest2  (cost=0.43..47.70 rows=11 width=121)
	  Index Cond: ((id >= 5194580) AND (id <= 5194589))

table 3 : explain SELECT c FROM sbtest3 WHERE id BETWEEN 3219013 AND 3219022
	Index Scan using sbtest3_pkey on sbtest3  (cost=0.43..39.93 rows=9 width=121)
	  Index Cond: ((id >= 3219013) AND (id <= 3219022))

table 4 : explain SELECT c FROM sbtest4 WHERE id BETWEEN 4702803 AND 4702812
	Index Scan using sbtest4_pkey on sbtest4  (cost=0.43..43.75 rows=10 width=121)
	  Index Cond: ((id >= 4702803) AND (id <= 4702812))

table 5 : explain SELECT c FROM sbtest5 WHERE id BETWEEN 3829309 AND 3829318
	Index Scan using sbtest5_pkey on sbtest5  (cost=0.43..43.79 rows=10 width=121)
	  Index Cond: ((id >= 3829309) AND (id <= 3829318))

table 6 : explain SELECT c FROM sbtest6 WHERE id BETWEEN 8743249 AND 8743258
	Index Scan using sbtest6_pkey on sbtest6  (cost=0.43..43.92 rows=10 width=121)
	  Index Cond: ((id >= 8743249) AND (id <= 8743258))

table 7 : explain SELECT c FROM sbtest7 WHERE id BETWEEN 627237 AND 627246
	Index Scan using sbtest7_pkey on sbtest7  (cost=0.43..43.75 rows=10 width=121)
	  Index Cond: ((id >= 627237) AND (id <= 627246))

table 8 : explain SELECT c FROM sbtest8 WHERE id BETWEEN 1163200 AND 1163209
	Index Scan using sbtest8_pkey on sbtest8  (cost=0.43..43.66 rows=10 width=121)
	  Index Cond: ((id >= 1163200) AND (id <= 1163209))

for: simple_ranges
table 1 : explain SELECT c FROM sbtest1 WHERE id BETWEEN 9240418 AND 9240427
	Index Scan using sbtest1_pkey on sbtest1  (cost=0.43..43.87 rows=10 width=121)
	  Index Cond: ((id >= 9240418) AND (id <= 9240427))

table 2 : explain SELECT c FROM sbtest2 WHERE id BETWEEN 8307374 AND 8307383
	Index Scan using sbtest2_pkey on sbtest2  (cost=0.43..43.78 rows=10 width=121)
	  Index Cond: ((id >= 8307374) AND (id <= 8307383))

table 3 : explain SELECT c FROM sbtest3 WHERE id BETWEEN 7555327 AND 7555336
	Index Scan using sbtest3_pkey on sbtest3  (cost=0.43..43.87 rows=10 width=121)
	  Index Cond: ((id >= 7555327) AND (id <= 7555336))

table 4 : explain SELECT c FROM sbtest4 WHERE id BETWEEN 2400036 AND 2400045
	Index Scan using sbtest4_pkey on sbtest4  (cost=0.43..39.83 rows=9 width=121)
	  Index Cond: ((id >= 2400036) AND (id <= 2400045))

table 5 : explain SELECT c FROM sbtest5 WHERE id BETWEEN 2006032 AND 2006041
	Index Scan using sbtest5_pkey on sbtest5  (cost=0.43..43.79 rows=10 width=121)
	  Index Cond: ((id >= 2006032) AND (id <= 2006041))

table 6 : explain SELECT c FROM sbtest6 WHERE id BETWEEN 788760 AND 788769
	Index Scan using sbtest6_pkey on sbtest6  (cost=0.43..43.92 rows=10 width=121)
	  Index Cond: ((id >= 788760) AND (id <= 788769))

table 7 : explain SELECT c FROM sbtest7 WHERE id BETWEEN 7097583 AND 7097592
	Index Scan using sbtest7_pkey on sbtest7  (cost=0.43..47.67 rows=11 width=121)
	  Index Cond: ((id >= 7097583) AND (id <= 7097592))

table 8 : explain SELECT c FROM sbtest8 WHERE id BETWEEN 72879 AND 72888
	Index Scan using sbtest8_pkey on sbtest8  (cost=0.43..43.66 rows=10 width=121)
	  Index Cond: ((id >= 72879) AND (id <= 72888))

for: simple_ranges
table 1 : explain SELECT c FROM sbtest1 WHERE id BETWEEN 2529709 AND 2529718
	Index Scan using sbtest1_pkey on sbtest1  (cost=0.43..47.80 rows=11 width=121)
	  Index Cond: ((id >= 2529709) AND (id <= 2529718))

table 2 : explain SELECT c FROM sbtest2 WHERE id BETWEEN 9014135 AND 9014144
	Index Scan using sbtest2_pkey on sbtest2  (cost=0.43..39.85 rows=9 width=121)
	  Index Cond: ((id >= 9014135) AND (id <= 9014144))

table 3 : explain SELECT c FROM sbtest3 WHERE id BETWEEN 9573810 AND 9573819
	Index Scan using sbtest3_pkey on sbtest3  (cost=0.43..43.87 rows=10 width=121)
	  Index Cond: ((id >= 9573810) AND (id <= 9573819))

table 4 : explain SELECT c FROM sbtest4 WHERE id BETWEEN 8342755 AND 8342764
	Index Scan using sbtest4_pkey on sbtest4  (cost=0.43..47.67 rows=11 width=121)
	  Index Cond: ((id >= 8342755) AND (id <= 8342764))

table 5 : explain SELECT c FROM sbtest5 WHERE id BETWEEN 3151426 AND 3151435
	Index Scan using sbtest5_pkey on sbtest5  (cost=0.43..43.79 rows=10 width=121)
	  Index Cond: ((id >= 3151426) AND (id <= 3151435))

table 6 : explain SELECT c FROM sbtest6 WHERE id BETWEEN 5402619 AND 5402628
	Index Scan using sbtest6_pkey on sbtest6  (cost=0.43..47.86 rows=11 width=121)
	  Index Cond: ((id >= 5402619) AND (id <= 5402628))

table 7 : explain SELECT c FROM sbtest7 WHERE id BETWEEN 7662100 AND 7662109
	Index Scan using sbtest7_pkey on sbtest7  (cost=0.43..47.67 rows=11 width=121)
	  Index Cond: ((id >= 7662100) AND (id <= 7662109))

table 8 : explain SELECT c FROM sbtest8 WHERE id BETWEEN 5595869 AND 5595878
	Index Scan using sbtest8_pkey on sbtest8  (cost=0.43..43.66 rows=10 width=121)
	  Index Cond: ((id >= 5595869) AND (id <= 5595878))

for point_selects
table 1 : explain SELECT c FROM sbtest1 WHERE id=1560860
	Index Scan using sbtest1_pkey on sbtest1  (cost=0.43..8.45 rows=1 width=121)
	  Index Cond: (id = 1560860)

table 2 : explain SELECT c FROM sbtest2 WHERE id=8749837
	Index Scan using sbtest2_pkey on sbtest2  (cost=0.43..8.45 rows=1 width=121)
	  Index Cond: (id = 8749837)

table 3 : explain SELECT c FROM sbtest3 WHERE id=1627923
	Index Scan using sbtest3_pkey on sbtest3  (cost=0.43..8.45 rows=1 width=121)
	  Index Cond: (id = 1627923)

table 4 : explain SELECT c FROM sbtest4 WHERE id=4555364
	Index Scan using sbtest4_pkey on sbtest4  (cost=0.43..8.45 rows=1 width=121)
	  Index Cond: (id = 4555364)

table 5 : explain SELECT c FROM sbtest5 WHERE id=4953037
	Index Scan using sbtest5_pkey on sbtest5  (cost=0.43..8.45 rows=1 width=121)
	  Index Cond: (id = 4953037)

table 6 : explain SELECT c FROM sbtest6 WHERE id=8504751
	Index Scan using sbtest6_pkey on sbtest6  (cost=0.43..8.45 rows=1 width=121)
	  Index Cond: (id = 8504751)

table 7 : explain SELECT c FROM sbtest7 WHERE id=6267053
	Index Scan using sbtest7_pkey on sbtest7  (cost=0.43..8.45 rows=1 width=121)
	  Index Cond: (id = 6267053)

table 8 : explain SELECT c FROM sbtest8 WHERE id=7381527
	Index Scan using sbtest8_pkey on sbtest8  (cost=0.43..8.45 rows=1 width=121)
	  Index Cond: (id = 7381527)

for point_selects
table 1 : explain SELECT c FROM sbtest1 WHERE id=9154657
	Index Scan using sbtest1_pkey on sbtest1  (cost=0.43..8.45 rows=1 width=121)
	  Index Cond: (id = 9154657)

table 2 : explain SELECT c FROM sbtest2 WHERE id=1326881
	Index Scan using sbtest2_pkey on sbtest2  (cost=0.43..8.45 rows=1 width=121)
	  Index Cond: (id = 1326881)

table 3 : explain SELECT c FROM sbtest3 WHERE id=8428217
	Index Scan using sbtest3_pkey on sbtest3  (cost=0.43..8.45 rows=1 width=121)
	  Index Cond: (id = 8428217)

table 4 : explain SELECT c FROM sbtest4 WHERE id=6746375
	Index Scan using sbtest4_pkey on sbtest4  (cost=0.43..8.45 rows=1 width=121)
	  Index Cond: (id = 6746375)

table 5 : explain SELECT c FROM sbtest5 WHERE id=9595883
	Index Scan using sbtest5_pkey on sbtest5  (cost=0.43..8.45 rows=1 width=121)
	  Index Cond: (id = 9595883)

table 6 : explain SELECT c FROM sbtest6 WHERE id=2594897
	Index Scan using sbtest6_pkey on sbtest6  (cost=0.43..8.45 rows=1 width=121)
	  Index Cond: (id = 2594897)

table 7 : explain SELECT c FROM sbtest7 WHERE id=4375520
	Index Scan using sbtest7_pkey on sbtest7  (cost=0.43..8.45 rows=1 width=121)
	  Index Cond: (id = 4375520)

table 8 : explain SELECT c FROM sbtest8 WHERE id=9153215
	Index Scan using sbtest8_pkey on sbtest8  (cost=0.43..8.45 rows=1 width=121)
	  Index Cond: (id = 9153215)

for: simple_ranges
table 1 : explain SELECT c FROM sbtest1 WHERE id BETWEEN 4521493 AND 4521502
	Index Scan using sbtest1_pkey on sbtest1  (cost=0.43..43.87 rows=10 width=121)
	  Index Cond: ((id >= 4521493) AND (id <= 4521502))

table 2 : explain SELECT c FROM sbtest2 WHERE id BETWEEN 1038216 AND 1038225
	Index Scan using sbtest2_pkey on sbtest2  (cost=0.43..43.78 rows=10 width=121)
	  Index Cond: ((id >= 1038216) AND (id <= 1038225))

table 3 : explain SELECT c FROM sbtest3 WHERE id BETWEEN 2326064 AND 2326073
	Index Scan using sbtest3_pkey on sbtest3  (cost=0.43..39.93 rows=9 width=121)
	  Index Cond: ((id >= 2326064) AND (id <= 2326073))

table 4 : explain SELECT c FROM sbtest4 WHERE id BETWEEN 487807 AND 487816
	Index Scan using sbtest4_pkey on sbtest4  (cost=0.43..43.75 rows=10 width=121)
	  Index Cond: ((id >= 487807) AND (id <= 487816))

table 5 : explain SELECT c FROM sbtest5 WHERE id BETWEEN 6301314 AND 6301323
	Index Scan using sbtest5_pkey on sbtest5  (cost=0.43..43.79 rows=10 width=121)
	  Index Cond: ((id >= 6301314) AND (id <= 6301323))

table 6 : explain SELECT c FROM sbtest6 WHERE id BETWEEN 2150551 AND 2150560
	Index Scan using sbtest6_pkey on sbtest6  (cost=0.43..43.92 rows=10 width=121)
	  Index Cond: ((id >= 2150551) AND (id <= 2150560))

table 7 : explain SELECT c FROM sbtest7 WHERE id BETWEEN 5082965 AND 5082974
	Index Scan using sbtest7_pkey on sbtest7  (cost=0.43..47.67 rows=11 width=121)
	  Index Cond: ((id >= 5082965) AND (id <= 5082974))

table 8 : explain SELECT c FROM sbtest8 WHERE id BETWEEN 7640619 AND 7640628
	Index Scan using sbtest8_pkey on sbtest8  (cost=0.43..43.66 rows=10 width=121)
	  Index Cond: ((id >= 7640619) AND (id <= 7640628))

for: simple_ranges
table 1 : explain SELECT c FROM sbtest1 WHERE id BETWEEN 9617249 AND 9617258
	Index Scan using sbtest1_pkey on sbtest1  (cost=0.43..43.87 rows=10 width=121)
	  Index Cond: ((id >= 9617249) AND (id <= 9617258))

table 2 : explain SELECT c FROM sbtest2 WHERE id BETWEEN 1198937 AND 1198946
	Index Scan using sbtest2_pkey on sbtest2  (cost=0.43..47.70 rows=11 width=121)
	  Index Cond: ((id >= 1198937) AND (id <= 1198946))

table 3 : explain SELECT c FROM sbtest3 WHERE id BETWEEN 613910 AND 613919
	Index Scan using sbtest3_pkey on sbtest3  (cost=0.43..43.87 rows=10 width=121)
	  Index Cond: ((id >= 613910) AND (id <= 613919))

table 4 : explain SELECT c FROM sbtest4 WHERE id BETWEEN 4867766 AND 4867775
	Index Scan using sbtest4_pkey on sbtest4  (cost=0.43..43.75 rows=10 width=121)
	  Index Cond: ((id >= 4867766) AND (id <= 4867775))

table 5 : explain SELECT c FROM sbtest5 WHERE id BETWEEN 6737128 AND 6737137
	Index Scan using sbtest5_pkey on sbtest5  (cost=0.43..43.79 rows=10 width=121)
	  Index Cond: ((id >= 6737128) AND (id <= 6737137))

table 6 : explain SELECT c FROM sbtest6 WHERE id BETWEEN 5568040 AND 5568049
	Index Scan using sbtest6_pkey on sbtest6  (cost=0.43..43.92 rows=10 width=121)
	  Index Cond: ((id >= 5568040) AND (id <= 5568049))

table 7 : explain SELECT c FROM sbtest7 WHERE id BETWEEN 4287243 AND 4287252
	Index Scan using sbtest7_pkey on sbtest7  (cost=0.43..43.75 rows=10 width=121)
	  Index Cond: ((id >= 4287243) AND (id <= 4287252))

table 8 : explain SELECT c FROM sbtest8 WHERE id BETWEEN 9019283 AND 9019292
	Index Scan using sbtest8_pkey on sbtest8  (cost=0.43..43.66 rows=10 width=121)
	  Index Cond: ((id >= 9019283) AND (id <= 9019292))

for point_selects
table 1 : explain SELECT c FROM sbtest1 WHERE id=3166913
	Index Scan using sbtest1_pkey on sbtest1  (cost=0.43..8.45 rows=1 width=121)
	  Index Cond: (id = 3166913)

table 2 : explain SELECT c FROM sbtest2 WHERE id=3026825
	Index Scan using sbtest2_pkey on sbtest2  (cost=0.43..8.45 rows=1 width=121)
	  Index Cond: (id = 3026825)

table 3 : explain SELECT c FROM sbtest3 WHERE id=1212418
	Index Scan using sbtest3_pkey on sbtest3  (cost=0.43..8.45 rows=1 width=121)
	  Index Cond: (id = 1212418)

table 4 : explain SELECT c FROM sbtest4 WHERE id=7031747
	Index Scan using sbtest4_pkey on sbtest4  (cost=0.43..8.45 rows=1 width=121)
	  Index Cond: (id = 7031747)

table 5 : explain SELECT c FROM sbtest5 WHERE id=4358905
	Index Scan using sbtest5_pkey on sbtest5  (cost=0.43..8.45 rows=1 width=121)
	  Index Cond: (id = 4358905)

table 6 : explain SELECT c FROM sbtest6 WHERE id=5974032
	Index Scan using sbtest6_pkey on sbtest6  (cost=0.43..8.45 rows=1 width=121)
	  Index Cond: (id = 5974032)

table 7 : explain SELECT c FROM sbtest7 WHERE id=1026647
	Index Scan using sbtest7_pkey on sbtest7  (cost=0.43..8.45 rows=1 width=121)
	  Index Cond: (id = 1026647)

table 8 : explain SELECT c FROM sbtest8 WHERE id=400122
	Index Scan using sbtest8_pkey on sbtest8  (cost=0.43..8.45 rows=1 width=121)
	  Index Cond: (id = 400122)

for point_selects
table 1 : explain SELECT c FROM sbtest1 WHERE id=3041905
	Index Scan using sbtest1_pkey on sbtest1  (cost=0.43..8.45 rows=1 width=121)
	  Index Cond: (id = 3041905)

table 2 : explain SELECT c FROM sbtest2 WHERE id=3507353
	Index Scan using sbtest2_pkey on sbtest2  (cost=0.43..8.45 rows=1 width=121)
	  Index Cond: (id = 3507353)

table 3 : explain SELECT c FROM sbtest3 WHERE id=3086470
	Index Scan using sbtest3_pkey on sbtest3  (cost=0.43..8.45 rows=1 width=121)
	  Index Cond: (id = 3086470)

table 4 : explain SELECT c FROM sbtest4 WHERE id=7929189
	Index Scan using sbtest4_pkey on sbtest4  (cost=0.43..8.45 rows=1 width=121)
	  Index Cond: (id = 7929189)

table 5 : explain SELECT c FROM sbtest5 WHERE id=5195843
	Index Scan using sbtest5_pkey on sbtest5  (cost=0.43..8.45 rows=1 width=121)
	  Index Cond: (id = 5195843)

table 6 : explain SELECT c FROM sbtest6 WHERE id=3668732
	Index Scan using sbtest6_pkey on sbtest6  (cost=0.43..8.45 rows=1 width=121)
	  Index Cond: (id = 3668732)

table 7 : explain SELECT c FROM sbtest7 WHERE id=4090972
	Index Scan using sbtest7_pkey on sbtest7  (cost=0.43..8.45 rows=1 width=121)
	  Index Cond: (id = 4090972)

table 8 : explain SELECT c FROM sbtest8 WHERE id=3314193
	Index Scan using sbtest8_pkey on sbtest8  (cost=0.43..8.45 rows=1 width=121)
	  Index Cond: (id = 3314193)

for point_selects
table 1 : explain SELECT c FROM sbtest1 WHERE id=2517088
	Index Scan using sbtest1_pkey on sbtest1  (cost=0.43..8.45 rows=1 width=121)
	  Index Cond: (id = 2517088)

table 2 : explain SELECT c FROM sbtest2 WHERE id=443012
	Index Scan using sbtest2_pkey on sbtest2  (cost=0.43..8.45 rows=1 width=121)
	  Index Cond: (id = 443012)

table 3 : explain SELECT c FROM sbtest3 WHERE id=5866221
	Index Scan using sbtest3_pkey on sbtest3  (cost=0.43..8.45 rows=1 width=121)
	  Index Cond: (id = 5866221)

table 4 : explain SELECT c FROM sbtest4 WHERE id=1809178
	Index Scan using sbtest4_pkey on sbtest4  (cost=0.43..8.45 rows=1 width=121)
	  Index Cond: (id = 1809178)

table 5 : explain SELECT c FROM sbtest5 WHERE id=1613784
	Index Scan using sbtest5_pkey on sbtest5  (cost=0.43..8.45 rows=1 width=121)
	  Index Cond: (id = 1613784)

table 6 : explain SELECT c FROM sbtest6 WHERE id=964160
	Index Scan using sbtest6_pkey on sbtest6  (cost=0.43..8.45 rows=1 width=121)
	  Index Cond: (id = 964160)

table 7 : explain SELECT c FROM sbtest7 WHERE id=2797421
	Index Scan using sbtest7_pkey on sbtest7  (cost=0.43..8.45 rows=1 width=121)
	  Index Cond: (id = 2797421)

table 8 : explain SELECT c FROM sbtest8 WHERE id=6528996
	Index Scan using sbtest8_pkey on sbtest8  (cost=0.43..8.45 rows=1 width=121)
	  Index Cond: (id = 6528996)
for point_selects
table 1 : explain SELECT c FROM sbtest1 WHERE id=3443897
	Index Scan using sbtest1_pkey on sbtest1  (cost=0.43..8.45 rows=1 width=121)
	  Index Cond: (id = 3443897)

table 2 : explain SELECT c FROM sbtest2 WHERE id=1171789
	Index Scan using sbtest2_pkey on sbtest2  (cost=0.43..8.45 rows=1 width=121)
	  Index Cond: (id = 1171789)

table 3 : explain SELECT c FROM sbtest3 WHERE id=7308872
	Index Scan using sbtest3_pkey on sbtest3  (cost=0.43..8.45 rows=1 width=121)
	  Index Cond: (id = 7308872)

table 4 : explain SELECT c FROM sbtest4 WHERE id=3199039
	Index Scan using sbtest4_pkey on sbtest4  (cost=0.43..8.45 rows=1 width=121)
	  Index Cond: (id = 3199039)

table 5 : explain SELECT c FROM sbtest5 WHERE id=8610202
	Index Scan using sbtest5_pkey on sbtest5  (cost=0.43..8.45 rows=1 width=121)
	  Index Cond: (id = 8610202)

table 6 : explain SELECT c FROM sbtest6 WHERE id=2586452
	Index Scan using sbtest6_pkey on sbtest6  (cost=0.43..8.45 rows=1 width=121)
	  Index Cond: (id = 2586452)

table 7 : explain SELECT c FROM sbtest7 WHERE id=4352815
	Index Scan using sbtest7_pkey on sbtest7  (cost=0.43..8.45 rows=1 width=121)
	  Index Cond: (id = 4352815)

table 8 : explain SELECT c FROM sbtest8 WHERE id=4070993
	Index Scan using sbtest8_pkey on sbtest8  (cost=0.43..8.45 rows=1 width=121)
	  Index Cond: (id = 4070993)


for: simple_ranges
table 1 : explain SELECT c FROM sbtest1 WHERE id BETWEEN 5512628 AND 5512637
	Index Scan using sbtest1_pkey on sbtest1  (cost=0.43..43.87 rows=10 width=121)
	  Index Cond: ((id >= 5512628) AND (id <= 5512637))

table 2 : explain SELECT c FROM sbtest2 WHERE id BETWEEN 4998373 AND 4998382
	Index Scan using sbtest2_pkey on sbtest2  (cost=0.43..43.78 rows=10 width=121)
	  Index Cond: ((id >= 4998373) AND (id <= 4998382))

table 3 : explain SELECT c FROM sbtest3 WHERE id BETWEEN 4506753 AND 4506762
	Index Scan using sbtest3_pkey on sbtest3  (cost=0.43..43.87 rows=10 width=121)
	  Index Cond: ((id >= 4506753) AND (id <= 4506762))

table 4 : explain SELECT c FROM sbtest4 WHERE id BETWEEN 8341738 AND 8341747
	Index Scan using sbtest4_pkey on sbtest4  (cost=0.43..47.67 rows=11 width=121)
	  Index Cond: ((id >= 8341738) AND (id <= 8341747))

table 5 : explain SELECT c FROM sbtest5 WHERE id BETWEEN 6828921 AND 6828930
	Index Scan using sbtest5_pkey on sbtest5  (cost=0.43..43.79 rows=10 width=121)
	  Index Cond: ((id >= 6828921) AND (id <= 6828930))

table 6 : explain SELECT c FROM sbtest6 WHERE id BETWEEN 1290765 AND 1290774
	Index Scan using sbtest6_pkey on sbtest6  (cost=0.43..47.86 rows=11 width=121)
	  Index Cond: ((id >= 1290765) AND (id <= 1290774))

table 7 : explain SELECT c FROM sbtest7 WHERE id BETWEEN 3460806 AND 3460815
	Index Scan using sbtest7_pkey on sbtest7  (cost=0.43..43.75 rows=10 width=121)
	  Index Cond: ((id >= 3460806) AND (id <= 3460815))

table 8 : explain SELECT c FROM sbtest8 WHERE id BETWEEN 2587824 AND 2587833
	Index Scan using sbtest8_pkey on sbtest8  (cost=0.43..43.66 rows=10 width=121)
	  Index Cond: ((id >= 2587824) AND (id <= 2587833))

for: simple_ranges
table 1 : explain SELECT c FROM sbtest1 WHERE id BETWEEN 8811183 AND 8811192
	Index Scan using sbtest1_pkey on sbtest1  (cost=0.43..43.87 rows=10 width=121)
	  Index Cond: ((id >= 8811183) AND (id <= 8811192))

table 2 : explain SELECT c FROM sbtest2 WHERE id BETWEEN 2472333 AND 2472342
	Index Scan using sbtest2_pkey on sbtest2  (cost=0.43..43.78 rows=10 width=121)
	  Index Cond: ((id >= 2472333) AND (id <= 2472342))

table 3 : explain SELECT c FROM sbtest3 WHERE id BETWEEN 9191250 AND 9191259
	Index Scan using sbtest3_pkey on sbtest3  (cost=0.43..43.87 rows=10 width=121)
	  Index Cond: ((id >= 9191250) AND (id <= 9191259))

table 4 : explain SELECT c FROM sbtest4 WHERE id BETWEEN 1501167 AND 1501176
	Index Scan using sbtest4_pkey on sbtest4  (cost=0.43..43.75 rows=10 width=121)
	  Index Cond: ((id >= 1501167) AND (id <= 1501176))

table 5 : explain SELECT c FROM sbtest5 WHERE id BETWEEN 1945975 AND 1945984
	Index Scan using sbtest5_pkey on sbtest5  (cost=0.43..43.79 rows=10 width=121)
	  Index Cond: ((id >= 1945975) AND (id <= 1945984))

table 6 : explain SELECT c FROM sbtest6 WHERE id BETWEEN 4308852 AND 4308861
	Index Scan using sbtest6_pkey on sbtest6  (cost=0.43..39.98 rows=9 width=121)
	  Index Cond: ((id >= 4308852) AND (id <= 4308861))

table 7 : explain SELECT c FROM sbtest7 WHERE id BETWEEN 4656354 AND 4656363
	Index Scan using sbtest7_pkey on sbtest7  (cost=0.43..43.75 rows=10 width=121)
	  Index Cond: ((id >= 4656354) AND (id <= 4656363))

table 8 : explain SELECT c FROM sbtest8 WHERE id BETWEEN 8038737 AND 8038746
	Index Scan using sbtest8_pkey on sbtest8  (cost=0.43..43.66 rows=10 width=121)
	  Index Cond: ((id >= 8038737) AND (id <= 8038746))

for: simple_ranges
table 1 : explain SELECT c FROM sbtest1 WHERE id BETWEEN 9733471 AND 9733480
	Index Scan using sbtest1_pkey on sbtest1  (cost=0.43..43.87 rows=10 width=121)
	  Index Cond: ((id >= 9733471) AND (id <= 9733480))

table 2 : explain SELECT c FROM sbtest2 WHERE id BETWEEN 4731073 AND 4731082
	Index Scan using sbtest2_pkey on sbtest2  (cost=0.43..39.85 rows=9 width=121)
	  Index Cond: ((id >= 4731073) AND (id <= 4731082))

table 3 : explain SELECT c FROM sbtest3 WHERE id BETWEEN 4445331 AND 4445340
	Index Scan using sbtest3_pkey on sbtest3  (cost=0.43..43.87 rows=10 width=121)
	  Index Cond: ((id >= 4445331) AND (id <= 4445340))

table 4 : explain SELECT c FROM sbtest4 WHERE id BETWEEN 375813 AND 375822
	Index Scan using sbtest4_pkey on sbtest4  (cost=0.43..43.75 rows=10 width=121)
	  Index Cond: ((id >= 375813) AND (id <= 375822))

table 5 : explain SELECT c FROM sbtest5 WHERE id BETWEEN 9951514 AND 9951523
	Index Scan using sbtest5_pkey on sbtest5  (cost=0.43..39.86 rows=9 width=121)
	  Index Cond: ((id >= 9951514) AND (id <= 9951523))

table 6 : explain SELECT c FROM sbtest6 WHERE id BETWEEN 3755059 AND 3755068
	Index Scan using sbtest6_pkey on sbtest6  (cost=0.43..43.92 rows=10 width=121)
	  Index Cond: ((id >= 3755059) AND (id <= 3755068))

table 7 : explain SELECT c FROM sbtest7 WHERE id BETWEEN 9446001 AND 9446010
	Index Scan using sbtest7_pkey on sbtest7  (cost=0.43..47.67 rows=11 width=121)
	  Index Cond: ((id >= 9446001) AND (id <= 9446010))

table 8 : explain SELECT c FROM sbtest8 WHERE id BETWEEN 2996536 AND 2996545
	Index Scan using sbtest8_pkey on sbtest8  (cost=0.43..39.75 rows=9 width=121)
	  Index Cond: ((id >= 2996536) AND (id <= 2996545))
for: sum_ranges
table 1 : explain SELECT SUM(k) FROM sbtest1 WHERE id BETWEEN 9814107 AND 9814116
	Aggregate  (cost=43.89..43.90 rows=1 width=8)
	  ->  Index Scan using sbtest1_pkey on sbtest1  (cost=0.43..43.87 rows=10 width=4)
	        Index Cond: ((id >= 9814107) AND (id <= 9814116))

table 2 : explain SELECT SUM(k) FROM sbtest2 WHERE id BETWEEN 9657697 AND 9657706
	Aggregate  (cost=43.80..43.81 rows=1 width=8)
	  ->  Index Scan using sbtest2_pkey on sbtest2  (cost=0.43..43.78 rows=10 width=4)
	        Index Cond: ((id >= 9657697) AND (id <= 9657706))

table 3 : explain SELECT SUM(k) FROM sbtest3 WHERE id BETWEEN 7064467 AND 7064476
	Aggregate  (cost=43.89..43.90 rows=1 width=8)
	  ->  Index Scan using sbtest3_pkey on sbtest3  (cost=0.43..43.87 rows=10 width=4)
	        Index Cond: ((id >= 7064467) AND (id <= 7064476))

table 4 : explain SELECT SUM(k) FROM sbtest4 WHERE id BETWEEN 3539339 AND 3539348
	Aggregate  (cost=43.78..43.79 rows=1 width=8)
	  ->  Index Scan using sbtest4_pkey on sbtest4  (cost=0.43..43.75 rows=10 width=4)
	        Index Cond: ((id >= 3539339) AND (id <= 3539348))

table 5 : explain SELECT SUM(k) FROM sbtest5 WHERE id BETWEEN 5621706 AND 5621715
	Aggregate  (cost=39.89..39.90 rows=1 width=8)
	  ->  Index Scan using sbtest5_pkey on sbtest5  (cost=0.43..39.86 rows=9 width=4)
	        Index Cond: ((id >= 5621706) AND (id <= 5621715))

table 6 : explain SELECT SUM(k) FROM sbtest6 WHERE id BETWEEN 4055518 AND 4055527
	Aggregate  (cost=43.94..43.95 rows=1 width=8)
	  ->  Index Scan using sbtest6_pkey on sbtest6  (cost=0.43..43.92 rows=10 width=4)
	        Index Cond: ((id >= 4055518) AND (id <= 4055527))

table 7 : explain SELECT SUM(k) FROM sbtest7 WHERE id BETWEEN 1775084 AND 1775093
	Aggregate  (cost=43.78..43.79 rows=1 width=8)
	  ->  Index Scan using sbtest7_pkey on sbtest7  (cost=0.43..43.75 rows=10 width=4)
	        Index Cond: ((id >= 1775084) AND (id <= 1775093))

table 8 : explain SELECT SUM(k) FROM sbtest8 WHERE id BETWEEN 5138722 AND 5138731
	Aggregate  (cost=43.69..43.70 rows=1 width=8)
	  ->  Index Scan using sbtest8_pkey on sbtest8  (cost=0.43..43.66 rows=10 width=4)
	        Index Cond: ((id >= 5138722) AND (id <= 5138731))


for: simple_ranges
table 1 : explain SELECT c FROM sbtest1 WHERE id BETWEEN 1970702 AND 1970711
	Index Scan using sbtest1_pkey on sbtest1  (cost=0.43..43.87 rows=10 width=121)
	  Index Cond: ((id >= 1970702) AND (id <= 1970711))

table 2 : explain SELECT c FROM sbtest2 WHERE id BETWEEN 8296991 AND 8297000
	Index Scan using sbtest2_pkey on sbtest2  (cost=0.43..43.78 rows=10 width=121)
	  Index Cond: ((id >= 8296991) AND (id <= 8297000))

table 3 : explain SELECT c FROM sbtest3 WHERE id BETWEEN 1072536 AND 1072545
	Index Scan using sbtest3_pkey on sbtest3  (cost=0.43..39.93 rows=9 width=121)
	  Index Cond: ((id >= 1072536) AND (id <= 1072545))

table 4 : explain SELECT c FROM sbtest4 WHERE id BETWEEN 2987410 AND 2987419
	Index Scan using sbtest4_pkey on sbtest4  (cost=0.43..43.75 rows=10 width=121)
	  Index Cond: ((id >= 2987410) AND (id <= 2987419))

table 5 : explain SELECT c FROM sbtest5 WHERE id BETWEEN 9002554 AND 9002563
	Index Scan using sbtest5_pkey on sbtest5  (cost=0.43..43.79 rows=10 width=121)
	  Index Cond: ((id >= 9002554) AND (id <= 9002563))

table 6 : explain SELECT c FROM sbtest6 WHERE id BETWEEN 3414928 AND 3414937
	Index Scan using sbtest6_pkey on sbtest6  (cost=0.43..43.92 rows=10 width=121)
	  Index Cond: ((id >= 3414928) AND (id <= 3414937))

table 7 : explain SELECT c FROM sbtest7 WHERE id BETWEEN 9393599 AND 9393608
	Index Scan using sbtest7_pkey on sbtest7  (cost=0.43..43.75 rows=10 width=121)
	  Index Cond: ((id >= 9393599) AND (id <= 9393608))

table 8 : explain SELECT c FROM sbtest8 WHERE id BETWEEN 6186650 AND 6186659
	Index Scan using sbtest8_pkey on sbtest8  (cost=0.43..43.66 rows=10 width=121)
	  Index Cond: ((id >= 6186650) AND (id <= 6186659))

for: simple_ranges
table 1 : explain SELECT c FROM sbtest1 WHERE id BETWEEN 7115874 AND 7115883
	Index Scan using sbtest1_pkey on sbtest1  (cost=0.43..43.87 rows=10 width=121)
	  Index Cond: ((id >= 7115874) AND (id <= 7115883))

table 2 : explain SELECT c FROM sbtest2 WHERE id BETWEEN 3047651 AND 3047660
	Index Scan using sbtest2_pkey on sbtest2  (cost=0.43..43.78 rows=10 width=121)
	  Index Cond: ((id >= 3047651) AND (id <= 3047660))

table 3 : explain SELECT c FROM sbtest3 WHERE id BETWEEN 9574894 AND 9574903
	Index Scan using sbtest3_pkey on sbtest3  (cost=0.43..43.87 rows=10 width=121)
	  Index Cond: ((id >= 9574894) AND (id <= 9574903))

table 4 : explain SELECT c FROM sbtest4 WHERE id BETWEEN 4315012 AND 4315021
	Index Scan using sbtest4_pkey on sbtest4  (cost=0.43..39.83 rows=9 width=121)
	  Index Cond: ((id >= 4315012) AND (id <= 4315021))

table 5 : explain SELECT c FROM sbtest5 WHERE id BETWEEN 1443229 AND 1443238
	Index Scan using sbtest5_pkey on sbtest5  (cost=0.43..47.71 rows=11 width=121)
	  Index Cond: ((id >= 1443229) AND (id <= 1443238))

table 6 : explain SELECT c FROM sbtest6 WHERE id BETWEEN 488798 AND 488807
	Index Scan using sbtest6_pkey on sbtest6  (cost=0.43..39.98 rows=9 width=121)
	  Index Cond: ((id >= 488798) AND (id <= 488807))

table 7 : explain SELECT c FROM sbtest7 WHERE id BETWEEN 2258897 AND 2258906
	Index Scan using sbtest7_pkey on sbtest7  (cost=0.43..43.75 rows=10 width=121)
	  Index Cond: ((id >= 2258897) AND (id <= 2258906))

table 8 : explain SELECT c FROM sbtest8 WHERE id BETWEEN 6754763 AND 6754772
	Index Scan using sbtest8_pkey on sbtest8  (cost=0.43..39.75 rows=9 width=121)
	  Index Cond: ((id >= 6754763) AND (id <= 6754772))

for: simple_ranges
table 1 : explain SELECT c FROM sbtest1 WHERE id BETWEEN 8363137 AND 8363146
	Index Scan using sbtest1_pkey on sbtest1  (cost=0.43..43.87 rows=10 width=121)
	  Index Cond: ((id >= 8363137) AND (id <= 8363146))

table 2 : explain SELECT c FROM sbtest2 WHERE id BETWEEN 6106679 AND 6106688
	Index Scan using sbtest2_pkey on sbtest2  (cost=0.43..47.70 rows=11 width=121)
	  Index Cond: ((id >= 6106679) AND (id <= 6106688))

table 3 : explain SELECT c FROM sbtest3 WHERE id BETWEEN 8553533 AND 8553542
	Index Scan using sbtest3_pkey on sbtest3  (cost=0.43..47.80 rows=11 width=121)
	  Index Cond: ((id >= 8553533) AND (id <= 8553542))

table 4 : explain SELECT c FROM sbtest4 WHERE id BETWEEN 5860354 AND 5860363
	Index Scan using sbtest4_pkey on sbtest4  (cost=0.43..43.75 rows=10 width=121)
	  Index Cond: ((id >= 5860354) AND (id <= 5860363))

table 5 : explain SELECT c FROM sbtest5 WHERE id BETWEEN 7339291 AND 7339300
	Index Scan using sbtest5_pkey on sbtest5  (cost=0.43..43.79 rows=10 width=121)
	  Index Cond: ((id >= 7339291) AND (id <= 7339300))

table 6 : explain SELECT c FROM sbtest6 WHERE id BETWEEN 2257394 AND 2257403
	Index Scan using sbtest6_pkey on sbtest6  (cost=0.43..43.92 rows=10 width=121)
	  Index Cond: ((id >= 2257394) AND (id <= 2257403))

table 7 : explain SELECT c FROM sbtest7 WHERE id BETWEEN 7014670 AND 7014679
	Index Scan using sbtest7_pkey on sbtest7  (cost=0.43..43.75 rows=10 width=121)
	  Index Cond: ((id >= 7014670) AND (id <= 7014679))

table 8 : explain SELECT c FROM sbtest8 WHERE id BETWEEN 2376021 AND 2376030
	Index Scan using sbtest8_pkey on sbtest8  (cost=0.43..43.66 rows=10 width=121)
	  Index Cond: ((id >= 2376021) AND (id <= 2376030))

for point_selects
table 1 : explain SELECT c FROM sbtest1 WHERE id=6808598
	Index Scan using sbtest1_pkey on sbtest1  (cost=0.43..8.45 rows=1 width=121)
	  Index Cond: (id = 6808598)

table 2 : explain SELECT c FROM sbtest2 WHERE id=1004370
	Index Scan using sbtest2_pkey on sbtest2  (cost=0.43..8.45 rows=1 width=121)
	  Index Cond: (id = 1004370)

table 3 : explain SELECT c FROM sbtest3 WHERE id=48236
	Index Scan using sbtest3_pkey on sbtest3  (cost=0.43..8.45 rows=1 width=121)
	  Index Cond: (id = 48236)

table 4 : explain SELECT c FROM sbtest4 WHERE id=8084974
	Index Scan using sbtest4_pkey on sbtest4  (cost=0.43..8.45 rows=1 width=121)
	  Index Cond: (id = 8084974)

table 5 : explain SELECT c FROM sbtest5 WHERE id=9363339
	Index Scan using sbtest5_pkey on sbtest5  (cost=0.43..8.45 rows=1 width=121)
	  Index Cond: (id = 9363339)

table 6 : explain SELECT c FROM sbtest6 WHERE id=6625716
	Index Scan using sbtest6_pkey on sbtest6  (cost=0.43..8.45 rows=1 width=121)
	  Index Cond: (id = 6625716)

table 7 : explain SELECT c FROM sbtest7 WHERE id=5340142
	Index Scan using sbtest7_pkey on sbtest7  (cost=0.43..8.45 rows=1 width=121)
	  Index Cond: (id = 5340142)

table 8 : explain SELECT c FROM sbtest8 WHERE id=927926
	Index Scan using sbtest8_pkey on sbtest8  (cost=0.43..8.45 rows=1 width=121)
	  Index Cond: (id = 927926)

for: simple_ranges
table 1 : explain SELECT c FROM sbtest1 WHERE id BETWEEN 8114306 AND 8114315
	Index Scan using sbtest1_pkey on sbtest1  (cost=0.43..43.87 rows=10 width=121)
	  Index Cond: ((id >= 8114306) AND (id <= 8114315))

table 2 : explain SELECT c FROM sbtest2 WHERE id BETWEEN 3690996 AND 3691005
	Index Scan using sbtest2_pkey on sbtest2  (cost=0.43..43.78 rows=10 width=121)
	  Index Cond: ((id >= 3690996) AND (id <= 3691005))

table 3 : explain SELECT c FROM sbtest3 WHERE id BETWEEN 9844225 AND 9844234
	Index Scan using sbtest3_pkey on sbtest3  (cost=0.43..43.87 rows=10 width=121)
	  Index Cond: ((id >= 9844225) AND (id <= 9844234))

table 4 : explain SELECT c FROM sbtest4 WHERE id BETWEEN 1490752 AND 1490761
	Index Scan using sbtest4_pkey on sbtest4  (cost=0.43..43.75 rows=10 width=121)
	  Index Cond: ((id >= 1490752) AND (id <= 1490761))

table 5 : explain SELECT c FROM sbtest5 WHERE id BETWEEN 3274791 AND 3274800
	Index Scan using sbtest5_pkey on sbtest5  (cost=0.43..43.79 rows=10 width=121)
	  Index Cond: ((id >= 3274791) AND (id <= 3274800))

table 6 : explain SELECT c FROM sbtest6 WHERE id BETWEEN 3422830 AND 3422839
	Index Scan using sbtest6_pkey on sbtest6  (cost=0.43..43.92 rows=10 width=121)
	  Index Cond: ((id >= 3422830) AND (id <= 3422839))

table 7 : explain SELECT c FROM sbtest7 WHERE id BETWEEN 2799659 AND 2799668
	Index Scan using sbtest7_pkey on sbtest7  (cost=0.43..39.83 rows=9 width=121)
	  Index Cond: ((id >= 2799659) AND (id <= 2799668))

table 8 : explain SELECT c FROM sbtest8 WHERE id BETWEEN 4110711 AND 4110720
	Index Scan using sbtest8_pkey on sbtest8  (cost=0.43..43.66 rows=10 width=121)
	  Index Cond: ((id >= 4110711) AND (id <= 4110720))

for point_selects
table 1 : explain SELECT c FROM sbtest1 WHERE id=1109060
	Index Scan using sbtest1_pkey on sbtest1  (cost=0.43..8.45 rows=1 width=121)
	  Index Cond: (id = 1109060)

table 2 : explain SELECT c FROM sbtest2 WHERE id=429122
	Index Scan using sbtest2_pkey on sbtest2  (cost=0.43..8.45 rows=1 width=121)
	  Index Cond: (id = 429122)

table 3 : explain SELECT c FROM sbtest3 WHERE id=7398259
	Index Scan using sbtest3_pkey on sbtest3  (cost=0.43..8.45 rows=1 width=121)
	  Index Cond: (id = 7398259)

table 4 : explain SELECT c FROM sbtest4 WHERE id=3006859
	Index Scan using sbtest4_pkey on sbtest4  (cost=0.43..8.45 rows=1 width=121)
	  Index Cond: (id = 3006859)

table 5 : explain SELECT c FROM sbtest5 WHERE id=2510828
	Index Scan using sbtest5_pkey on sbtest5  (cost=0.43..8.45 rows=1 width=121)
	  Index Cond: (id = 2510828)

table 6 : explain SELECT c FROM sbtest6 WHERE id=2407983
	Index Scan using sbtest6_pkey on sbtest6  (cost=0.43..8.45 rows=1 width=121)
	  Index Cond: (id = 2407983)

table 7 : explain SELECT c FROM sbtest7 WHERE id=2252092
	Index Scan using sbtest7_pkey on sbtest7  (cost=0.43..8.45 rows=1 width=121)
	  Index Cond: (id = 2252092)

table 8 : explain SELECT c FROM sbtest8 WHERE id=5503870
	Index Scan using sbtest8_pkey on sbtest8  (cost=0.43..8.45 rows=1 width=121)
	  Index Cond: (id = 5503870)

for: simple_ranges
table 1 : explain SELECT c FROM sbtest1 WHERE id BETWEEN 6205840 AND 6205849
	Index Scan using sbtest1_pkey on sbtest1  (cost=0.43..39.93 rows=9 width=121)
	  Index Cond: ((id >= 6205840) AND (id <= 6205849))

table 2 : explain SELECT c FROM sbtest2 WHERE id BETWEEN 5663031 AND 5663040
	Index Scan using sbtest2_pkey on sbtest2  (cost=0.43..47.70 rows=11 width=121)
	  Index Cond: ((id >= 5663031) AND (id <= 5663040))

table 3 : explain SELECT c FROM sbtest3 WHERE id BETWEEN 2076230 AND 2076239
	Index Scan using sbtest3_pkey on sbtest3  (cost=0.43..43.87 rows=10 width=121)
	  Index Cond: ((id >= 2076230) AND (id <= 2076239))

table 4 : explain SELECT c FROM sbtest4 WHERE id BETWEEN 1003814 AND 1003823
	Index Scan using sbtest4_pkey on sbtest4  (cost=0.43..43.75 rows=10 width=121)
	  Index Cond: ((id >= 1003814) AND (id <= 1003823))

table 5 : explain SELECT c FROM sbtest5 WHERE id BETWEEN 9905877 AND 9905886
	Index Scan using sbtest5_pkey on sbtest5  (cost=0.43..39.86 rows=9 width=121)
	  Index Cond: ((id >= 9905877) AND (id <= 9905886))

table 6 : explain SELECT c FROM sbtest6 WHERE id BETWEEN 454420 AND 454429
	Index Scan using sbtest6_pkey on sbtest6  (cost=0.43..43.92 rows=10 width=121)
	  Index Cond: ((id >= 454420) AND (id <= 454429))

table 7 : explain SELECT c FROM sbtest7 WHERE id BETWEEN 3114752 AND 3114761
	Index Scan using sbtest7_pkey on sbtest7  (cost=0.43..43.75 rows=10 width=121)
	  Index Cond: ((id >= 3114752) AND (id <= 3114761))

table 8 : explain SELECT c FROM sbtest8 WHERE id BETWEEN 31677 AND 31686
	Index Scan using sbtest8_pkey on sbtest8  (cost=0.43..43.66 rows=10 width=121)
	  Index Cond: ((id >= 31677) AND (id <= 31686))

for: simple_ranges
table 1 : explain SELECT c FROM sbtest1 WHERE id BETWEEN 9840903 AND 9840912
	Index Scan using sbtest1_pkey on sbtest1  (cost=0.43..43.87 rows=10 width=121)
	  Index Cond: ((id >= 9840903) AND (id <= 9840912))

table 2 : explain SELECT c FROM sbtest2 WHERE id BETWEEN 9921901 AND 9921910
	Index Scan using sbtest2_pkey on sbtest2  (cost=0.43..43.78 rows=10 width=121)
	  Index Cond: ((id >= 9921901) AND (id <= 9921910))

table 3 : explain SELECT c FROM sbtest3 WHERE id BETWEEN 7705002 AND 7705011
	Index Scan using sbtest3_pkey on sbtest3  (cost=0.43..43.87 rows=10 width=121)
	  Index Cond: ((id >= 7705002) AND (id <= 7705011))

table 4 : explain SELECT c FROM sbtest4 WHERE id BETWEEN 3856825 AND 3856834
	Index Scan using sbtest4_pkey on sbtest4  (cost=0.43..43.75 rows=10 width=121)
	  Index Cond: ((id >= 3856825) AND (id <= 3856834))

table 5 : explain SELECT c FROM sbtest5 WHERE id BETWEEN 7648107 AND 7648116
	Index Scan using sbtest5_pkey on sbtest5  (cost=0.43..43.79 rows=10 width=121)
	  Index Cond: ((id >= 7648107) AND (id <= 7648116))

table 6 : explain SELECT c FROM sbtest6 WHERE id BETWEEN 4909850 AND 4909859
	Index Scan using sbtest6_pkey on sbtest6  (cost=0.43..39.98 rows=9 width=121)
	  Index Cond: ((id >= 4909850) AND (id <= 4909859))

table 7 : explain SELECT c FROM sbtest7 WHERE id BETWEEN 4190161 AND 4190170
	Index Scan using sbtest7_pkey on sbtest7  (cost=0.43..43.75 rows=10 width=121)
	  Index Cond: ((id >= 4190161) AND (id <= 4190170))

table 8 : explain SELECT c FROM sbtest8 WHERE id BETWEEN 6084131 AND 6084140
	Index Scan using sbtest8_pkey on sbtest8  (cost=0.43..39.75 rows=9 width=121)
	  Index Cond: ((id >= 6084131) AND (id <= 6084140))

for point_selects
table 1 : explain SELECT c FROM sbtest1 WHERE id=5834899
	Index Scan using sbtest1_pkey on sbtest1  (cost=0.43..8.45 rows=1 width=121)
	  Index Cond: (id = 5834899)

table 2 : explain SELECT c FROM sbtest2 WHERE id=5048491
	Index Scan using sbtest2_pkey on sbtest2  (cost=0.43..8.45 rows=1 width=121)
	  Index Cond: (id = 5048491)

table 3 : explain SELECT c FROM sbtest3 WHERE id=7373030
	Index Scan using sbtest3_pkey on sbtest3  (cost=0.43..8.45 rows=1 width=121)
	  Index Cond: (id = 7373030)

table 4 : explain SELECT c FROM sbtest4 WHERE id=7048961
	Index Scan using sbtest4_pkey on sbtest4  (cost=0.43..8.45 rows=1 width=121)
	  Index Cond: (id = 7048961)

table 5 : explain SELECT c FROM sbtest5 WHERE id=8170900
	Index Scan using sbtest5_pkey on sbtest5  (cost=0.43..8.45 rows=1 width=121)
	  Index Cond: (id = 8170900)

table 6 : explain SELECT c FROM sbtest6 WHERE id=550736
	Index Scan using sbtest6_pkey on sbtest6  (cost=0.43..8.45 rows=1 width=121)
	  Index Cond: (id = 550736)

table 7 : explain SELECT c FROM sbtest7 WHERE id=3738720
	Index Scan using sbtest7_pkey on sbtest7  (cost=0.43..8.45 rows=1 width=121)
	  Index Cond: (id = 3738720)

table 8 : explain SELECT c FROM sbtest8 WHERE id=5951181
	Index Scan using sbtest8_pkey on sbtest8  (cost=0.43..8.45 rows=1 width=121)
	  Index Cond: (id = 5951181)

for point_selects
table 1 : explain SELECT c FROM sbtest1 WHERE id=2052676
	Index Scan using sbtest1_pkey on sbtest1  (cost=0.43..8.45 rows=1 width=121)
	  Index Cond: (id = 2052676)

table 2 : explain SELECT c FROM sbtest2 WHERE id=180479
	Index Scan using sbtest2_pkey on sbtest2  (cost=0.43..8.45 rows=1 width=121)
	  Index Cond: (id = 180479)

table 3 : explain SELECT c FROM sbtest3 WHERE id=6284094
	Index Scan using sbtest3_pkey on sbtest3  (cost=0.43..8.45 rows=1 width=121)
	  Index Cond: (id = 6284094)

table 4 : explain SELECT c FROM sbtest4 WHERE id=8304584
	Index Scan using sbtest4_pkey on sbtest4  (cost=0.43..8.45 rows=1 width=121)
	  Index Cond: (id = 8304584)

table 5 : explain SELECT c FROM sbtest5 WHERE id=2153137
	Index Scan using sbtest5_pkey on sbtest5  (cost=0.43..8.45 rows=1 width=121)
	  Index Cond: (id = 2153137)

table 6 : explain SELECT c FROM sbtest6 WHERE id=5749169
	Index Scan using sbtest6_pkey on sbtest6  (cost=0.43..8.45 rows=1 width=121)
	  Index Cond: (id = 5749169)

table 7 : explain SELECT c FROM sbtest7 WHERE id=3499179
	Index Scan using sbtest7_pkey on sbtest7  (cost=0.43..8.45 rows=1 width=121)
	  Index Cond: (id = 3499179)

table 8 : explain SELECT c FROM sbtest8 WHERE id=1105674
	Index Scan using sbtest8_pkey on sbtest8  (cost=0.43..8.45 rows=1 width=121)
	  Index Cond: (id = 1105674)

for point_selects
table 1 : explain SELECT c FROM sbtest1 WHERE id=8924579
	Index Scan using sbtest1_pkey on sbtest1  (cost=0.43..8.45 rows=1 width=121)
	  Index Cond: (id = 8924579)

table 2 : explain SELECT c FROM sbtest2 WHERE id=8453277
	Index Scan using sbtest2_pkey on sbtest2  (cost=0.43..8.45 rows=1 width=121)
	  Index Cond: (id = 8453277)

table 3 : explain SELECT c FROM sbtest3 WHERE id=4432187
	Index Scan using sbtest3_pkey on sbtest3  (cost=0.43..8.45 rows=1 width=121)
	  Index Cond: (id = 4432187)

table 4 : explain SELECT c FROM sbtest4 WHERE id=1275022
	Index Scan using sbtest4_pkey on sbtest4  (cost=0.43..8.45 rows=1 width=121)
	  Index Cond: (id = 1275022)

table 5 : explain SELECT c FROM sbtest5 WHERE id=1556117
	Index Scan using sbtest5_pkey on sbtest5  (cost=0.43..8.45 rows=1 width=121)
	  Index Cond: (id = 1556117)

table 6 : explain SELECT c FROM sbtest6 WHERE id=7136575
	Index Scan using sbtest6_pkey on sbtest6  (cost=0.43..8.45 rows=1 width=121)
	  Index Cond: (id = 7136575)

table 7 : explain SELECT c FROM sbtest7 WHERE id=4308564
	Index Scan using sbtest7_pkey on sbtest7  (cost=0.43..8.45 rows=1 width=121)
	  Index Cond: (id = 4308564)

table 8 : explain SELECT c FROM sbtest8 WHERE id=1480598
	Index Scan using sbtest8_pkey on sbtest8  (cost=0.43..8.45 rows=1 width=121)
	  Index Cond: (id = 1480598)

for: sum_ranges
table 1 : explain SELECT SUM(k) FROM sbtest1 WHERE id BETWEEN 5199378 AND 5199387
	Aggregate  (cost=39.96..39.97 rows=1 width=8)
	  ->  Index Scan using sbtest1_pkey on sbtest1  (cost=0.43..39.93 rows=9 width=4)
	        Index Cond: ((id >= 5199378) AND (id <= 5199387))

table 2 : explain SELECT SUM(k) FROM sbtest2 WHERE id BETWEEN 4646963 AND 4646972
	Aggregate  (cost=39.87..39.88 rows=1 width=8)
	  ->  Index Scan using sbtest2_pkey on sbtest2  (cost=0.43..39.85 rows=9 width=4)
	        Index Cond: ((id >= 4646963) AND (id <= 4646972))

table 3 : explain SELECT SUM(k) FROM sbtest3 WHERE id BETWEEN 8637911 AND 8637920
	Aggregate  (cost=43.89..43.90 rows=1 width=8)
	  ->  Index Scan using sbtest3_pkey on sbtest3  (cost=0.43..43.87 rows=10 width=4)
	        Index Cond: ((id >= 8637911) AND (id <= 8637920))

table 4 : explain SELECT SUM(k) FROM sbtest4 WHERE id BETWEEN 8448726 AND 8448735
	Aggregate  (cost=43.78..43.79 rows=1 width=8)
	  ->  Index Scan using sbtest4_pkey on sbtest4  (cost=0.43..43.75 rows=10 width=4)
	        Index Cond: ((id >= 8448726) AND (id <= 8448735))

table 5 : explain SELECT SUM(k) FROM sbtest5 WHERE id BETWEEN 3779959 AND 3779968
	Aggregate  (cost=43.81..43.82 rows=1 width=8)
	  ->  Index Scan using sbtest5_pkey on sbtest5  (cost=0.43..43.79 rows=10 width=4)
	        Index Cond: ((id >= 3779959) AND (id <= 3779968))

table 6 : explain SELECT SUM(k) FROM sbtest6 WHERE id BETWEEN 8059832 AND 8059841
	Aggregate  (cost=43.94..43.95 rows=1 width=8)
	  ->  Index Scan using sbtest6_pkey on sbtest6  (cost=0.43..43.92 rows=10 width=4)
	        Index Cond: ((id >= 8059832) AND (id <= 8059841))

table 7 : explain SELECT SUM(k) FROM sbtest7 WHERE id BETWEEN 5100982 AND 5100991
	Aggregate  (cost=47.70..47.71 rows=1 width=8)
	  ->  Index Scan using sbtest7_pkey on sbtest7  (cost=0.43..47.67 rows=11 width=4)
	        Index Cond: ((id >= 5100982) AND (id <= 5100991))

table 8 : explain SELECT SUM(k) FROM sbtest8 WHERE id BETWEEN 2669665 AND 2669674
	Aggregate  (cost=43.69..43.70 rows=1 width=8)
	  ->  Index Scan using sbtest8_pkey on sbtest8  (cost=0.43..43.66 rows=10 width=4)
	        Index Cond: ((id >= 2669665) AND (id <= 2669674))

for: simple_ranges
table 1 : explain SELECT c FROM sbtest1 WHERE id BETWEEN 9504866 AND 9504875
	Index Scan using sbtest1_pkey on sbtest1  (cost=0.43..43.87 rows=10 width=121)
	  Index Cond: ((id >= 9504866) AND (id <= 9504875))

table 2 : explain SELECT c FROM sbtest2 WHERE id BETWEEN 7016011 AND 7016020
	Index Scan using sbtest2_pkey on sbtest2  (cost=0.43..43.78 rows=10 width=121)
	  Index Cond: ((id >= 7016011) AND (id <= 7016020))

table 3 : explain SELECT c FROM sbtest3 WHERE id BETWEEN 5472626 AND 5472635
	Index Scan using sbtest3_pkey on sbtest3  (cost=0.43..43.87 rows=10 width=121)
	  Index Cond: ((id >= 5472626) AND (id <= 5472635))

table 4 : explain SELECT c FROM sbtest4 WHERE id BETWEEN 3952832 AND 3952841
	Index Scan using sbtest4_pkey on sbtest4  (cost=0.43..39.83 rows=9 width=121)
	  Index Cond: ((id >= 3952832) AND (id <= 3952841))

table 5 : explain SELECT c FROM sbtest5 WHERE id BETWEEN 5248001 AND 5248010
	Index Scan using sbtest5_pkey on sbtest5  (cost=0.43..43.79 rows=10 width=121)
	  Index Cond: ((id >= 5248001) AND (id <= 5248010))

table 6 : explain SELECT c FROM sbtest6 WHERE id BETWEEN 707499 AND 707508
	Index Scan using sbtest6_pkey on sbtest6  (cost=0.43..47.86 rows=11 width=121)
	  Index Cond: ((id >= 707499) AND (id <= 707508))

table 7 : explain SELECT c FROM sbtest7 WHERE id BETWEEN 8110670 AND 8110679
	Index Scan using sbtest7_pkey on sbtest7  (cost=0.43..47.67 rows=11 width=121)
	  Index Cond: ((id >= 8110670) AND (id <= 8110679))

table 8 : explain SELECT c FROM sbtest8 WHERE id BETWEEN 726979 AND 726988
	Index Scan using sbtest8_pkey on sbtest8  (cost=0.43..39.75 rows=9 width=121)
	  Index Cond: ((id >= 726979) AND (id <= 726988))

for: simple_ranges
table 1 : explain SELECT c FROM sbtest1 WHERE id BETWEEN 5585342 AND 5585351
	Index Scan using sbtest1_pkey on sbtest1  (cost=0.43..39.93 rows=9 width=121)
	  Index Cond: ((id >= 5585342) AND (id <= 5585351))

table 2 : explain SELECT c FROM sbtest2 WHERE id BETWEEN 3901029 AND 3901038
	Index Scan using sbtest2_pkey on sbtest2  (cost=0.43..43.78 rows=10 width=121)
	  Index Cond: ((id >= 3901029) AND (id <= 3901038))

table 3 : explain SELECT c FROM sbtest3 WHERE id BETWEEN 6836667 AND 6836676
	Index Scan using sbtest3_pkey on sbtest3  (cost=0.43..51.73 rows=12 width=121)
	  Index Cond: ((id >= 6836667) AND (id <= 6836676))

table 4 : explain SELECT c FROM sbtest4 WHERE id BETWEEN 278687 AND 278696
	Index Scan using sbtest4_pkey on sbtest4  (cost=0.43..43.75 rows=10 width=121)
	  Index Cond: ((id >= 278687) AND (id <= 278696))

table 5 : explain SELECT c FROM sbtest5 WHERE id BETWEEN 4560372 AND 4560381
	Index Scan using sbtest5_pkey on sbtest5  (cost=0.43..51.64 rows=12 width=121)
	  Index Cond: ((id >= 4560372) AND (id <= 4560381))

table 6 : explain SELECT c FROM sbtest6 WHERE id BETWEEN 6074653 AND 6074662
	Index Scan using sbtest6_pkey on sbtest6  (cost=0.43..39.98 rows=9 width=121)
	  Index Cond: ((id >= 6074653) AND (id <= 6074662))

table 7 : explain SELECT c FROM sbtest7 WHERE id BETWEEN 6724583 AND 6724592
	Index Scan using sbtest7_pkey on sbtest7  (cost=0.43..43.75 rows=10 width=121)
	  Index Cond: ((id >= 6724583) AND (id <= 6724592))

table 8 : explain SELECT c FROM sbtest8 WHERE id BETWEEN 8456246 AND 8456255
	Index Scan using sbtest8_pkey on sbtest8  (cost=0.43..43.66 rows=10 width=121)
	  Index Cond: ((id >= 8456246) AND (id <= 8456255))

for point_selects
table 1 : explain SELECT c FROM sbtest1 WHERE id=6399751
	Index Scan using sbtest1_pkey on sbtest1  (cost=0.43..8.45 rows=1 width=121)
	  Index Cond: (id = 6399751)

table 2 : explain SELECT c FROM sbtest2 WHERE id=6945269
	Index Scan using sbtest2_pkey on sbtest2  (cost=0.43..8.45 rows=1 width=121)
	  Index Cond: (id = 6945269)

table 3 : explain SELECT c FROM sbtest3 WHERE id=7678717
	Index Scan using sbtest3_pkey on sbtest3  (cost=0.43..8.45 rows=1 width=121)
	  Index Cond: (id = 7678717)

table 4 : explain SELECT c FROM sbtest4 WHERE id=2728766
	Index Scan using sbtest4_pkey on sbtest4  (cost=0.43..8.45 rows=1 width=121)
	  Index Cond: (id = 2728766)

table 5 : explain SELECT c FROM sbtest5 WHERE id=7150100
	Index Scan using sbtest5_pkey on sbtest5  (cost=0.43..8.45 rows=1 width=121)
	  Index Cond: (id = 7150100)

table 6 : explain SELECT c FROM sbtest6 WHERE id=4231621
	Index Scan using sbtest6_pkey on sbtest6  (cost=0.43..8.45 rows=1 width=121)
	  Index Cond: (id = 4231621)

table 7 : explain SELECT c FROM sbtest7 WHERE id=9696435
	Index Scan using sbtest7_pkey on sbtest7  (cost=0.43..8.45 rows=1 width=121)
	  Index Cond: (id = 9696435)

table 8 : explain SELECT c FROM sbtest8 WHERE id=381235
	Index Scan using sbtest8_pkey on sbtest8  (cost=0.43..8.45 rows=1 width=121)
	  Index Cond: (id = 381235)

for point_selects
table 1 : explain SELECT c FROM sbtest1 WHERE id=2144549
	Index Scan using sbtest1_pkey on sbtest1  (cost=0.43..8.45 rows=1 width=121)
	  Index Cond: (id = 2144549)

table 2 : explain SELECT c FROM sbtest2 WHERE id=16299
	Index Scan using sbtest2_pkey on sbtest2  (cost=0.43..8.45 rows=1 width=121)
	  Index Cond: (id = 16299)

table 3 : explain SELECT c FROM sbtest3 WHERE id=2957184
	Index Scan using sbtest3_pkey on sbtest3  (cost=0.43..8.45 rows=1 width=121)
	  Index Cond: (id = 2957184)

table 4 : explain SELECT c FROM sbtest4 WHERE id=2716564
	Index Scan using sbtest4_pkey on sbtest4  (cost=0.43..8.45 rows=1 width=121)
	  Index Cond: (id = 2716564)

table 5 : explain SELECT c FROM sbtest5 WHERE id=7805444
	Index Scan using sbtest5_pkey on sbtest5  (cost=0.43..8.45 rows=1 width=121)
	  Index Cond: (id = 7805444)

table 6 : explain SELECT c FROM sbtest6 WHERE id=7269276
	Index Scan using sbtest6_pkey on sbtest6  (cost=0.43..8.45 rows=1 width=121)
	  Index Cond: (id = 7269276)

table 7 : explain SELECT c FROM sbtest7 WHERE id=6949484
	Index Scan using sbtest7_pkey on sbtest7  (cost=0.43..8.45 rows=1 width=121)
	  Index Cond: (id = 6949484)

table 8 : explain SELECT c FROM sbtest8 WHERE id=7559502
	Index Scan using sbtest8_pkey on sbtest8  (cost=0.43..8.45 rows=1 width=121)
	  Index Cond: (id = 7559502)

for point_selects
table 1 : explain SELECT c FROM sbtest1 WHERE id=9619668
	Index Scan using sbtest1_pkey on sbtest1  (cost=0.43..8.45 rows=1 width=121)
	  Index Cond: (id = 9619668)

table 2 : explain SELECT c FROM sbtest2 WHERE id=3652849
	Index Scan using sbtest2_pkey on sbtest2  (cost=0.43..8.45 rows=1 width=121)
	  Index Cond: (id = 3652849)

table 3 : explain SELECT c FROM sbtest3 WHERE id=2589814
	Index Scan using sbtest3_pkey on sbtest3  (cost=0.43..8.45 rows=1 width=121)
	  Index Cond: (id = 2589814)

table 4 : explain SELECT c FROM sbtest4 WHERE id=561238
	Index Scan using sbtest4_pkey on sbtest4  (cost=0.43..8.45 rows=1 width=121)
	  Index Cond: (id = 561238)

table 5 : explain SELECT c FROM sbtest5 WHERE id=58331
	Index Scan using sbtest5_pkey on sbtest5  (cost=0.43..8.45 rows=1 width=121)
	  Index Cond: (id = 58331)

table 6 : explain SELECT c FROM sbtest6 WHERE id=4461329
	Index Scan using sbtest6_pkey on sbtest6  (cost=0.43..8.45 rows=1 width=121)
	  Index Cond: (id = 4461329)

table 7 : explain SELECT c FROM sbtest7 WHERE id=9825540
	Index Scan using sbtest7_pkey on sbtest7  (cost=0.43..8.45 rows=1 width=121)
	  Index Cond: (id = 9825540)

table 8 : explain SELECT c FROM sbtest8 WHERE id=5877211
	Index Scan using sbtest8_pkey on sbtest8  (cost=0.43..8.45 rows=1 width=121)
	  Index Cond: (id = 5877211)

for point_selects
table 1 : explain SELECT c FROM sbtest1 WHERE id=8584908
	Index Scan using sbtest1_pkey on sbtest1  (cost=0.43..8.45 rows=1 width=121)
	  Index Cond: (id = 8584908)

table 2 : explain SELECT c FROM sbtest2 WHERE id=6051942
	Index Scan using sbtest2_pkey on sbtest2  (cost=0.43..8.45 rows=1 width=121)
	  Index Cond: (id = 6051942)

table 3 : explain SELECT c FROM sbtest3 WHERE id=973809
	Index Scan using sbtest3_pkey on sbtest3  (cost=0.43..8.45 rows=1 width=121)
	  Index Cond: (id = 973809)

table 4 : explain SELECT c FROM sbtest4 WHERE id=2536699
	Index Scan using sbtest4_pkey on sbtest4  (cost=0.43..8.45 rows=1 width=121)
	  Index Cond: (id = 2536699)

table 5 : explain SELECT c FROM sbtest5 WHERE id=9530108
	Index Scan using sbtest5_pkey on sbtest5  (cost=0.43..8.45 rows=1 width=121)
	  Index Cond: (id = 9530108)

table 6 : explain SELECT c FROM sbtest6 WHERE id=9069405
	Index Scan using sbtest6_pkey on sbtest6  (cost=0.43..8.45 rows=1 width=121)
	  Index Cond: (id = 9069405)

table 7 : explain SELECT c FROM sbtest7 WHERE id=2997854
	Index Scan using sbtest7_pkey on sbtest7  (cost=0.43..8.45 rows=1 width=121)
	  Index Cond: (id = 2997854)

table 8 : explain SELECT c FROM sbtest8 WHERE id=4887315
	Index Scan using sbtest8_pkey on sbtest8  (cost=0.43..8.45 rows=1 width=121)
	  Index Cond: (id = 4887315)

for: simple_ranges
table 1 : explain SELECT c FROM sbtest1 WHERE id BETWEEN 299052 AND 299061
	Index Scan using sbtest1_pkey on sbtest1  (cost=0.43..43.87 rows=10 width=121)
	  Index Cond: ((id >= 299052) AND (id <= 299061))

table 2 : explain SELECT c FROM sbtest2 WHERE id BETWEEN 780821 AND 780830
	Index Scan using sbtest2_pkey on sbtest2  (cost=0.43..43.78 rows=10 width=121)
	  Index Cond: ((id >= 780821) AND (id <= 780830))

table 3 : explain SELECT c FROM sbtest3 WHERE id BETWEEN 6302840 AND 6302849
	Index Scan using sbtest3_pkey on sbtest3  (cost=0.43..39.93 rows=9 width=121)
	  Index Cond: ((id >= 6302840) AND (id <= 6302849))

table 4 : explain SELECT c FROM sbtest4 WHERE id BETWEEN 2845743 AND 2845752
	Index Scan using sbtest4_pkey on sbtest4  (cost=0.43..43.75 rows=10 width=121)
	  Index Cond: ((id >= 2845743) AND (id <= 2845752))

table 5 : explain SELECT c FROM sbtest5 WHERE id BETWEEN 7635006 AND 7635015
	Index Scan using sbtest5_pkey on sbtest5  (cost=0.43..43.79 rows=10 width=121)
	  Index Cond: ((id >= 7635006) AND (id <= 7635015))

table 6 : explain SELECT c FROM sbtest6 WHERE id BETWEEN 8531334 AND 8531343
	Index Scan using sbtest6_pkey on sbtest6  (cost=0.43..39.98 rows=9 width=121)
	  Index Cond: ((id >= 8531334) AND (id <= 8531343))

table 7 : explain SELECT c FROM sbtest7 WHERE id BETWEEN 3996146 AND 3996155
	Index Scan using sbtest7_pkey on sbtest7  (cost=0.43..43.75 rows=10 width=121)
	  Index Cond: ((id >= 3996146) AND (id <= 3996155))

table 8 : explain SELECT c FROM sbtest8 WHERE id BETWEEN 9868101 AND 9868110
	Index Scan using sbtest8_pkey on sbtest8  (cost=0.43..39.75 rows=9 width=121)
	  Index Cond: ((id >= 9868101) AND (id <= 9868110))
for: simple_ranges
table 1 : explain SELECT c FROM sbtest1 WHERE id BETWEEN 6344833 AND 6344842
	Index Scan using sbtest1_pkey on sbtest1  (cost=0.43..39.93 rows=9 width=121)
	  Index Cond: ((id >= 6344833) AND (id <= 6344842))

table 2 : explain SELECT c FROM sbtest2 WHERE id BETWEEN 2920108 AND 2920117
	Index Scan using sbtest2_pkey on sbtest2  (cost=0.43..43.78 rows=10 width=121)
	  Index Cond: ((id >= 2920108) AND (id <= 2920117))

table 3 : explain SELECT c FROM sbtest3 WHERE id BETWEEN 2702388 AND 2702397
	Index Scan using sbtest3_pkey on sbtest3  (cost=0.43..43.87 rows=10 width=121)
	  Index Cond: ((id >= 2702388) AND (id <= 2702397))

table 4 : explain SELECT c FROM sbtest4 WHERE id BETWEEN 5847040 AND 5847049
	Index Scan using sbtest4_pkey on sbtest4  (cost=0.43..43.75 rows=10 width=121)
	  Index Cond: ((id >= 5847040) AND (id <= 5847049))

table 5 : explain SELECT c FROM sbtest5 WHERE id BETWEEN 5735215 AND 5735224
	Index Scan using sbtest5_pkey on sbtest5  (cost=0.43..43.79 rows=10 width=121)
	  Index Cond: ((id >= 5735215) AND (id <= 5735224))

table 6 : explain SELECT c FROM sbtest6 WHERE id BETWEEN 4686080 AND 4686089
	Index Scan using sbtest6_pkey on sbtest6  (cost=0.43..43.92 rows=10 width=121)
	  Index Cond: ((id >= 4686080) AND (id <= 4686089))

table 7 : explain SELECT c FROM sbtest7 WHERE id BETWEEN 8226196 AND 8226205
	Index Scan using sbtest7_pkey on sbtest7  (cost=0.43..47.67 rows=11 width=121)
	  Index Cond: ((id >= 8226196) AND (id <= 8226205))

table 8 : explain SELECT c FROM sbtest8 WHERE id BETWEEN 1142773 AND 1142782
	Index Scan using sbtest8_pkey on sbtest8  (cost=0.43..43.66 rows=10 width=121)
	  Index Cond: ((id >= 1142773) AND (id <= 1142782))


for: simple_ranges
table 1 : explain SELECT c FROM sbtest1 WHERE id BETWEEN 2035094 AND 2035103
	Index Scan using sbtest1_pkey on sbtest1  (cost=0.43..43.87 rows=10 width=121)
	  Index Cond: ((id >= 2035094) AND (id <= 2035103))

table 2 : explain SELECT c FROM sbtest2 WHERE id BETWEEN 9258115 AND 9258124
	Index Scan using sbtest2_pkey on sbtest2  (cost=0.43..43.78 rows=10 width=121)
	  Index Cond: ((id >= 9258115) AND (id <= 9258124))

table 3 : explain SELECT c FROM sbtest3 WHERE id BETWEEN 8334482 AND 8334491
	Index Scan using sbtest3_pkey on sbtest3  (cost=0.43..43.87 rows=10 width=121)
	  Index Cond: ((id >= 8334482) AND (id <= 8334491))

table 4 : explain SELECT c FROM sbtest4 WHERE id BETWEEN 8056720 AND 8056729
	Index Scan using sbtest4_pkey on sbtest4  (cost=0.43..43.75 rows=10 width=121)
	  Index Cond: ((id >= 8056720) AND (id <= 8056729))

table 5 : explain SELECT c FROM sbtest5 WHERE id BETWEEN 5448357 AND 5448366
	Index Scan using sbtest5_pkey on sbtest5  (cost=0.43..43.79 rows=10 width=121)
	  Index Cond: ((id >= 5448357) AND (id <= 5448366))

table 6 : explain SELECT c FROM sbtest6 WHERE id BETWEEN 9481212 AND 9481221
	Index Scan using sbtest6_pkey on sbtest6  (cost=0.43..47.86 rows=11 width=121)
	  Index Cond: ((id >= 9481212) AND (id <= 9481221))

table 7 : explain SELECT c FROM sbtest7 WHERE id BETWEEN 8253130 AND 8253139
	Index Scan using sbtest7_pkey on sbtest7  (cost=0.43..47.67 rows=11 width=121)
	  Index Cond: ((id >= 8253130) AND (id <= 8253139))

table 8 : explain SELECT c FROM sbtest8 WHERE id BETWEEN 144119 AND 144128
	Index Scan using sbtest8_pkey on sbtest8  (cost=0.43..43.66 rows=10 width=121)
	  Index Cond: ((id >= 144119) AND (id <= 144128))

for: sum_ranges
table 1 : explain SELECT SUM(k) FROM sbtest1 WHERE id BETWEEN 7814186 AND 7814195
	Aggregate  (cost=43.89..43.90 rows=1 width=8)
	  ->  Index Scan using sbtest1_pkey on sbtest1  (cost=0.43..43.87 rows=10 width=4)
	        Index Cond: ((id >= 7814186) AND (id <= 7814195))

table 2 : explain SELECT SUM(k) FROM sbtest2 WHERE id BETWEEN 8236814 AND 8236823
	Aggregate  (cost=43.80..43.81 rows=1 width=8)
	  ->  Index Scan using sbtest2_pkey on sbtest2  (cost=0.43..43.78 rows=10 width=4)
	        Index Cond: ((id >= 8236814) AND (id <= 8236823))

table 3 : explain SELECT SUM(k) FROM sbtest3 WHERE id BETWEEN 8018221 AND 8018230
	Aggregate  (cost=43.89..43.90 rows=1 width=8)
	  ->  Index Scan using sbtest3_pkey on sbtest3  (cost=0.43..43.87 rows=10 width=4)
	        Index Cond: ((id >= 8018221) AND (id <= 8018230))

table 4 : explain SELECT SUM(k) FROM sbtest4 WHERE id BETWEEN 9002531 AND 9002540
	Aggregate  (cost=43.78..43.79 rows=1 width=8)
	  ->  Index Scan using sbtest4_pkey on sbtest4  (cost=0.43..43.75 rows=10 width=4)
	        Index Cond: ((id >= 9002531) AND (id <= 9002540))

table 5 : explain SELECT SUM(k) FROM sbtest5 WHERE id BETWEEN 4214079 AND 4214088
	Aggregate  (cost=43.81..43.82 rows=1 width=8)
	  ->  Index Scan using sbtest5_pkey on sbtest5  (cost=0.43..43.79 rows=10 width=4)
	        Index Cond: ((id >= 4214079) AND (id <= 4214088))

table 6 : explain SELECT SUM(k) FROM sbtest6 WHERE id BETWEEN 6573655 AND 6573664
	Aggregate  (cost=43.94..43.95 rows=1 width=8)
	  ->  Index Scan using sbtest6_pkey on sbtest6  (cost=0.43..43.92 rows=10 width=4)
	        Index Cond: ((id >= 6573655) AND (id <= 6573664))

table 7 : explain SELECT SUM(k) FROM sbtest7 WHERE id BETWEEN 2172885 AND 2172894
	Aggregate  (cost=43.78..43.79 rows=1 width=8)
	  ->  Index Scan using sbtest7_pkey on sbtest7  (cost=0.43..43.75 rows=10 width=4)
	        Index Cond: ((id >= 2172885) AND (id <= 2172894))

table 8 : explain SELECT SUM(k) FROM sbtest8 WHERE id BETWEEN 278926 AND 278935
	Aggregate  (cost=47.60..47.61 rows=1 width=8)
	  ->  Index Scan using sbtest8_pkey on sbtest8  (cost=0.43..47.57 rows=11 width=4)
	        Index Cond: ((id >= 278926) AND (id <= 278935))

for: simple_ranges
table 1 : explain SELECT c FROM sbtest1 WHERE id BETWEEN 6640877 AND 6640886
	Index Scan using sbtest1_pkey on sbtest1  (cost=0.43..43.87 rows=10 width=121)
	  Index Cond: ((id >= 6640877) AND (id <= 6640886))

table 2 : explain SELECT c FROM sbtest2 WHERE id BETWEEN 8709886 AND 8709895
	Index Scan using sbtest2_pkey on sbtest2  (cost=0.43..43.78 rows=10 width=121)
	  Index Cond: ((id >= 8709886) AND (id <= 8709895))

table 3 : explain SELECT c FROM sbtest3 WHERE id BETWEEN 6219833 AND 6219842
	Index Scan using sbtest3_pkey on sbtest3  (cost=0.43..39.93 rows=9 width=121)
	  Index Cond: ((id >= 6219833) AND (id <= 6219842))

table 4 : explain SELECT c FROM sbtest4 WHERE id BETWEEN 7425252 AND 7425261
	Index Scan using sbtest4_pkey on sbtest4  (cost=0.43..43.75 rows=10 width=121)
	  Index Cond: ((id >= 7425252) AND (id <= 7425261))

table 5 : explain SELECT c FROM sbtest5 WHERE id BETWEEN 1442812 AND 1442821
	Index Scan using sbtest5_pkey on sbtest5  (cost=0.43..47.71 rows=11 width=121)
	  Index Cond: ((id >= 1442812) AND (id <= 1442821))

table 6 : explain SELECT c FROM sbtest6 WHERE id BETWEEN 8871006 AND 8871015
	Index Scan using sbtest6_pkey on sbtest6  (cost=0.43..47.86 rows=11 width=121)
	  Index Cond: ((id >= 8871006) AND (id <= 8871015))

table 7 : explain SELECT c FROM sbtest7 WHERE id BETWEEN 7018096 AND 7018105
	Index Scan using sbtest7_pkey on sbtest7  (cost=0.43..43.75 rows=10 width=121)
	  Index Cond: ((id >= 7018096) AND (id <= 7018105))

table 8 : explain SELECT c FROM sbtest8 WHERE id BETWEEN 3048049 AND 3048058
	Index Scan using sbtest8_pkey on sbtest8  (cost=0.43..43.66 rows=10 width=121)
	  Index Cond: ((id >= 3048049) AND (id <= 3048058))

for: sum_ranges
table 1 : explain SELECT SUM(k) FROM sbtest1 WHERE id BETWEEN 6067576 AND 6067585
	Aggregate  (cost=43.89..43.90 rows=1 width=8)
	  ->  Index Scan using sbtest1_pkey on sbtest1  (cost=0.43..43.87 rows=10 width=4)
	        Index Cond: ((id >= 6067576) AND (id <= 6067585))

table 2 : explain SELECT SUM(k) FROM sbtest2 WHERE id BETWEEN 5586828 AND 5586837
	Aggregate  (cost=43.80..43.81 rows=1 width=8)
	  ->  Index Scan using sbtest2_pkey on sbtest2  (cost=0.43..43.78 rows=10 width=4)
	        Index Cond: ((id >= 5586828) AND (id <= 5586837))

table 3 : explain SELECT SUM(k) FROM sbtest3 WHERE id BETWEEN 3311755 AND 3311764
	Aggregate  (cost=39.95..39.96 rows=1 width=8)
	  ->  Index Scan using sbtest3_pkey on sbtest3  (cost=0.43..39.93 rows=9 width=4)
	        Index Cond: ((id >= 3311755) AND (id <= 3311764))

table 4 : explain SELECT SUM(k) FROM sbtest4 WHERE id BETWEEN 2103089 AND 2103098
	Aggregate  (cost=43.78..43.79 rows=1 width=8)
	  ->  Index Scan using sbtest4_pkey on sbtest4  (cost=0.43..43.75 rows=10 width=4)
	        Index Cond: ((id >= 2103089) AND (id <= 2103098))

table 5 : explain SELECT SUM(k) FROM sbtest5 WHERE id BETWEEN 4060823 AND 4060832
	Aggregate  (cost=43.81..43.82 rows=1 width=8)
	  ->  Index Scan using sbtest5_pkey on sbtest5  (cost=0.43..43.79 rows=10 width=4)
	        Index Cond: ((id >= 4060823) AND (id <= 4060832))

table 6 : explain SELECT SUM(k) FROM sbtest6 WHERE id BETWEEN 1880808 AND 1880817
	Aggregate  (cost=40.00..40.01 rows=1 width=8)
	  ->  Index Scan using sbtest6_pkey on sbtest6  (cost=0.43..39.98 rows=9 width=4)
	        Index Cond: ((id >= 1880808) AND (id <= 1880817))

table 7 : explain SELECT SUM(k) FROM sbtest7 WHERE id BETWEEN 5598115 AND 5598124
	Aggregate  (cost=43.78..43.79 rows=1 width=8)
	  ->  Index Scan using sbtest7_pkey on sbtest7  (cost=0.43..43.75 rows=10 width=4)
	        Index Cond: ((id >= 5598115) AND (id <= 5598124))

table 8 : explain SELECT SUM(k) FROM sbtest8 WHERE id BETWEEN 8372614 AND 8372623
	Aggregate  (cost=43.69..43.70 rows=1 width=8)
	  ->  Index Scan using sbtest8_pkey on sbtest8  (cost=0.43..43.66 rows=10 width=4)
	        Index Cond: ((id >= 8372614) AND (id <= 8372623))

for: sum_ranges
table 1 : explain SELECT SUM(k) FROM sbtest1 WHERE id BETWEEN 3105161 AND 3105170
	Aggregate  (cost=43.89..43.90 rows=1 width=8)
	  ->  Index Scan using sbtest1_pkey on sbtest1  (cost=0.43..43.87 rows=10 width=4)
	        Index Cond: ((id >= 3105161) AND (id <= 3105170))

table 2 : explain SELECT SUM(k) FROM sbtest2 WHERE id BETWEEN 773803 AND 773812
	Aggregate  (cost=43.80..43.81 rows=1 width=8)
	  ->  Index Scan using sbtest2_pkey on sbtest2  (cost=0.43..43.78 rows=10 width=4)
	        Index Cond: ((id >= 773803) AND (id <= 773812))

table 3 : explain SELECT SUM(k) FROM sbtest3 WHERE id BETWEEN 1973559 AND 1973568
	Aggregate  (cost=47.83..47.84 rows=1 width=8)
	  ->  Index Scan using sbtest3_pkey on sbtest3  (cost=0.43..47.80 rows=11 width=4)
	        Index Cond: ((id >= 1973559) AND (id <= 1973568))

table 4 : explain SELECT SUM(k) FROM sbtest4 WHERE id BETWEEN 1963382 AND 1963391
	Aggregate  (cost=43.78..43.79 rows=1 width=8)
	  ->  Index Scan using sbtest4_pkey on sbtest4  (cost=0.43..43.75 rows=10 width=4)
	        Index Cond: ((id >= 1963382) AND (id <= 1963391))

table 5 : explain SELECT SUM(k) FROM sbtest5 WHERE id BETWEEN 5024887 AND 5024896
	Aggregate  (cost=43.81..43.82 rows=1 width=8)
	  ->  Index Scan using sbtest5_pkey on sbtest5  (cost=0.43..43.79 rows=10 width=4)
	        Index Cond: ((id >= 5024887) AND (id <= 5024896))

table 6 : explain SELECT SUM(k) FROM sbtest6 WHERE id BETWEEN 6528154 AND 6528163
	Aggregate  (cost=43.94..43.95 rows=1 width=8)
	  ->  Index Scan using sbtest6_pkey on sbtest6  (cost=0.43..43.92 rows=10 width=4)
	        Index Cond: ((id >= 6528154) AND (id <= 6528163))

table 7 : explain SELECT SUM(k) FROM sbtest7 WHERE id BETWEEN 4460711 AND 4460720
	Aggregate  (cost=43.78..43.79 rows=1 width=8)
	  ->  Index Scan using sbtest7_pkey on sbtest7  (cost=0.43..43.75 rows=10 width=4)
	        Index Cond: ((id >= 4460711) AND (id <= 4460720))

table 8 : explain SELECT SUM(k) FROM sbtest8 WHERE id BETWEEN 5603431 AND 5603440
	Aggregate  (cost=43.69..43.70 rows=1 width=8)
	  ->  Index Scan using sbtest8_pkey on sbtest8  (cost=0.43..43.66 rows=10 width=4)
	        Index Cond: ((id >= 5603431) AND (id <= 5603440))

for: sum_ranges
table 1 : explain SELECT SUM(k) FROM sbtest1 WHERE id BETWEEN 9398815 AND 9398824
	Aggregate  (cost=43.89..43.90 rows=1 width=8)
	  ->  Index Scan using sbtest1_pkey on sbtest1  (cost=0.43..43.87 rows=10 width=4)
	        Index Cond: ((id >= 9398815) AND (id <= 9398824))

table 2 : explain SELECT SUM(k) FROM sbtest2 WHERE id BETWEEN 905994 AND 906003
	Aggregate  (cost=43.80..43.81 rows=1 width=8)
	  ->  Index Scan using sbtest2_pkey on sbtest2  (cost=0.43..43.78 rows=10 width=4)
	        Index Cond: ((id >= 905994) AND (id <= 906003))

table 3 : explain SELECT SUM(k) FROM sbtest3 WHERE id BETWEEN 8280426 AND 8280435
	Aggregate  (cost=43.89..43.90 rows=1 width=8)
	  ->  Index Scan using sbtest3_pkey on sbtest3  (cost=0.43..43.87 rows=10 width=4)
	        Index Cond: ((id >= 8280426) AND (id <= 8280435))

table 4 : explain SELECT SUM(k) FROM sbtest4 WHERE id BETWEEN 7267979 AND 7267988
	Aggregate  (cost=43.78..43.79 rows=1 width=8)
	  ->  Index Scan using sbtest4_pkey on sbtest4  (cost=0.43..43.75 rows=10 width=4)
	        Index Cond: ((id >= 7267979) AND (id <= 7267988))

table 5 : explain SELECT SUM(k) FROM sbtest5 WHERE id BETWEEN 4660795 AND 4660804
	Aggregate  (cost=39.89..39.90 rows=1 width=8)
	  ->  Index Scan using sbtest5_pkey on sbtest5  (cost=0.43..39.86 rows=9 width=4)
	        Index Cond: ((id >= 4660795) AND (id <= 4660804))

table 6 : explain SELECT SUM(k) FROM sbtest6 WHERE id BETWEEN 8490139 AND 8490148
	Aggregate  (cost=43.94..43.95 rows=1 width=8)
	  ->  Index Scan using sbtest6_pkey on sbtest6  (cost=0.43..43.92 rows=10 width=4)
	        Index Cond: ((id >= 8490139) AND (id <= 8490148))

table 7 : explain SELECT SUM(k) FROM sbtest7 WHERE id BETWEEN 54935 AND 54944
	Aggregate  (cost=43.78..43.79 rows=1 width=8)
	  ->  Index Scan using sbtest7_pkey on sbtest7  (cost=0.43..43.75 rows=10 width=4)
	        Index Cond: ((id >= 54935) AND (id <= 54944))

table 8 : explain SELECT SUM(k) FROM sbtest8 WHERE id BETWEEN 6807521 AND 6807530
	Aggregate  (cost=47.60..47.61 rows=1 width=8)
	  ->  Index Scan using sbtest8_pkey on sbtest8  (cost=0.43..47.57 rows=11 width=4)
	        Index Cond: ((id >= 6807521) AND (id <= 6807530))

for: sum_ranges
table 1 : explain SELECT SUM(k) FROM sbtest1 WHERE id BETWEEN 9340173 AND 9340182
	Aggregate  (cost=43.89..43.90 rows=1 width=8)
	  ->  Index Scan using sbtest1_pkey on sbtest1  (cost=0.43..43.87 rows=10 width=4)
	        Index Cond: ((id >= 9340173) AND (id <= 9340182))

table 2 : explain SELECT SUM(k) FROM sbtest2 WHERE id BETWEEN 4881746 AND 4881755
	Aggregate  (cost=43.80..43.81 rows=1 width=8)
	  ->  Index Scan using sbtest2_pkey on sbtest2  (cost=0.43..43.78 rows=10 width=4)
	        Index Cond: ((id >= 4881746) AND (id <= 4881755))

table 3 : explain SELECT SUM(k) FROM sbtest3 WHERE id BETWEEN 4601757 AND 4601766
	Aggregate  (cost=47.83..47.84 rows=1 width=8)
	  ->  Index Scan using sbtest3_pkey on sbtest3  (cost=0.43..47.80 rows=11 width=4)
	        Index Cond: ((id >= 4601757) AND (id <= 4601766))

table 4 : explain SELECT SUM(k) FROM sbtest4 WHERE id BETWEEN 7044303 AND 7044312
	Aggregate  (cost=39.85..39.86 rows=1 width=8)
	  ->  Index Scan using sbtest4_pkey on sbtest4  (cost=0.43..39.83 rows=9 width=4)
	        Index Cond: ((id >= 7044303) AND (id <= 7044312))

table 5 : explain SELECT SUM(k) FROM sbtest5 WHERE id BETWEEN 8771960 AND 8771969
	Aggregate  (cost=43.81..43.82 rows=1 width=8)
	  ->  Index Scan using sbtest5_pkey on sbtest5  (cost=0.43..43.79 rows=10 width=4)
	        Index Cond: ((id >= 8771960) AND (id <= 8771969))

table 6 : explain SELECT SUM(k) FROM sbtest6 WHERE id BETWEEN 1228375 AND 1228384
	Aggregate  (cost=43.94..43.95 rows=1 width=8)
	  ->  Index Scan using sbtest6_pkey on sbtest6  (cost=0.43..43.92 rows=10 width=4)
	        Index Cond: ((id >= 1228375) AND (id <= 1228384))

table 7 : explain SELECT SUM(k) FROM sbtest7 WHERE id BETWEEN 701260 AND 701269
	Aggregate  (cost=43.78..43.79 rows=1 width=8)
	  ->  Index Scan using sbtest7_pkey on sbtest7  (cost=0.43..43.75 rows=10 width=4)
	        Index Cond: ((id >= 701260) AND (id <= 701269))

table 8 : explain SELECT SUM(k) FROM sbtest8 WHERE id BETWEEN 899362 AND 899371
	Aggregate  (cost=43.69..43.70 rows=1 width=8)
	  ->  Index Scan using sbtest8_pkey on sbtest8  (cost=0.43..43.66 rows=10 width=4)
	        Index Cond: ((id >= 899362) AND (id <= 899371))

for: sum_ranges
table 1 : explain SELECT SUM(k) FROM sbtest1 WHERE id BETWEEN 662542 AND 662551
	Aggregate  (cost=43.89..43.90 rows=1 width=8)
	  ->  Index Scan using sbtest1_pkey on sbtest1  (cost=0.43..43.87 rows=10 width=4)
	        Index Cond: ((id >= 662542) AND (id <= 662551))

table 2 : explain SELECT SUM(k) FROM sbtest2 WHERE id BETWEEN 7972429 AND 7972438
	Aggregate  (cost=43.80..43.81 rows=1 width=8)
	  ->  Index Scan using sbtest2_pkey on sbtest2  (cost=0.43..43.78 rows=10 width=4)
	        Index Cond: ((id >= 7972429) AND (id <= 7972438))

table 3 : explain SELECT SUM(k) FROM sbtest3 WHERE id BETWEEN 3642351 AND 3642360
	Aggregate  (cost=43.89..43.90 rows=1 width=8)
	  ->  Index Scan using sbtest3_pkey on sbtest3  (cost=0.43..43.87 rows=10 width=4)
	        Index Cond: ((id >= 3642351) AND (id <= 3642360))

table 4 : explain SELECT SUM(k) FROM sbtest4 WHERE id BETWEEN 3230522 AND 3230531
	Aggregate  (cost=43.78..43.79 rows=1 width=8)
	  ->  Index Scan using sbtest4_pkey on sbtest4  (cost=0.43..43.75 rows=10 width=4)
	        Index Cond: ((id >= 3230522) AND (id <= 3230531))

table 5 : explain SELECT SUM(k) FROM sbtest5 WHERE id BETWEEN 2105103 AND 2105112
	Aggregate  (cost=47.74..47.75 rows=1 width=8)
	  ->  Index Scan using sbtest5_pkey on sbtest5  (cost=0.43..47.71 rows=11 width=4)
	        Index Cond: ((id >= 2105103) AND (id <= 2105112))

table 6 : explain SELECT SUM(k) FROM sbtest6 WHERE id BETWEEN 2927849 AND 2927858
	Aggregate  (cost=47.88..47.89 rows=1 width=8)
	  ->  Index Scan using sbtest6_pkey on sbtest6  (cost=0.43..47.86 rows=11 width=4)
	        Index Cond: ((id >= 2927849) AND (id <= 2927858))

table 7 : explain SELECT SUM(k) FROM sbtest7 WHERE id BETWEEN 3499619 AND 3499628
	Aggregate  (cost=43.78..43.79 rows=1 width=8)
	  ->  Index Scan using sbtest7_pkey on sbtest7  (cost=0.43..43.75 rows=10 width=4)
	        Index Cond: ((id >= 3499619) AND (id <= 3499628))

table 8 : explain SELECT SUM(k) FROM sbtest8 WHERE id BETWEEN 7603466 AND 7603475
	Aggregate  (cost=43.69..43.70 rows=1 width=8)
	  ->  Index Scan using sbtest8_pkey on sbtest8  (cost=0.43..43.66 rows=10 width=4)
	        Index Cond: ((id >= 7603466) AND (id <= 7603475))
for: simple_ranges
table 1 : explain SELECT c FROM sbtest1 WHERE id BETWEEN 153786 AND 153795
	Index Scan using sbtest1_pkey on sbtest1  (cost=0.43..43.87 rows=10 width=121)
	  Index Cond: ((id >= 153786) AND (id <= 153795))

table 2 : explain SELECT c FROM sbtest2 WHERE id BETWEEN 536560 AND 536569
	Index Scan using sbtest2_pkey on sbtest2  (cost=0.43..43.78 rows=10 width=121)
	  Index Cond: ((id >= 536560) AND (id <= 536569))

table 3 : explain SELECT c FROM sbtest3 WHERE id BETWEEN 8210275 AND 8210284
	Index Scan using sbtest3_pkey on sbtest3  (cost=0.43..43.87 rows=10 width=121)
	  Index Cond: ((id >= 8210275) AND (id <= 8210284))

table 4 : explain SELECT c FROM sbtest4 WHERE id BETWEEN 5228954 AND 5228963
	Index Scan using sbtest4_pkey on sbtest4  (cost=0.43..39.83 rows=9 width=121)
	  Index Cond: ((id >= 5228954) AND (id <= 5228963))

table 5 : explain SELECT c FROM sbtest5 WHERE id BETWEEN 4038272 AND 4038281
	Index Scan using sbtest5_pkey on sbtest5  (cost=0.43..43.79 rows=10 width=121)
	  Index Cond: ((id >= 4038272) AND (id <= 4038281))

table 6 : explain SELECT c FROM sbtest6 WHERE id BETWEEN 1984814 AND 1984823
	Index Scan using sbtest6_pkey on sbtest6  (cost=0.43..47.86 rows=11 width=121)
	  Index Cond: ((id >= 1984814) AND (id <= 1984823))

table 7 : explain SELECT c FROM sbtest7 WHERE id BETWEEN 9667037 AND 9667046
	Index Scan using sbtest7_pkey on sbtest7  (cost=0.43..39.83 rows=9 width=121)
	  Index Cond: ((id >= 9667037) AND (id <= 9667046))

table 8 : explain SELECT c FROM sbtest8 WHERE id BETWEEN 2354378 AND 2354387
	Index Scan using sbtest8_pkey on sbtest8  (cost=0.43..43.66 rows=10 width=121)
	  Index Cond: ((id >= 2354378) AND (id <= 2354387))
for: sum_ranges
table 1 : explain SELECT SUM(k) FROM sbtest1 WHERE id BETWEEN 8599892 AND 8599901
	Aggregate  (cost=43.89..43.90 rows=1 width=8)
	  ->  Index Scan using sbtest1_pkey on sbtest1  (cost=0.43..43.87 rows=10 width=4)
	        Index Cond: ((id >= 8599892) AND (id <= 8599901))

table 2 : explain SELECT SUM(k) FROM sbtest2 WHERE id BETWEEN 3339830 AND 3339839
	Aggregate  (cost=43.80..43.81 rows=1 width=8)
	  ->  Index Scan using sbtest2_pkey on sbtest2  (cost=0.43..43.78 rows=10 width=4)
	        Index Cond: ((id >= 3339830) AND (id <= 3339839))

table 3 : explain SELECT SUM(k) FROM sbtest3 WHERE id BETWEEN 1430326 AND 1430335
	Aggregate  (cost=43.89..43.90 rows=1 width=8)
	  ->  Index Scan using sbtest3_pkey on sbtest3  (cost=0.43..43.87 rows=10 width=4)
	        Index Cond: ((id >= 1430326) AND (id <= 1430335))

table 4 : explain SELECT SUM(k) FROM sbtest4 WHERE id BETWEEN 9491973 AND 9491982
	Aggregate  (cost=43.78..43.79 rows=1 width=8)
	  ->  Index Scan using sbtest4_pkey on sbtest4  (cost=0.43..43.75 rows=10 width=4)
	        Index Cond: ((id >= 9491973) AND (id <= 9491982))

table 5 : explain SELECT SUM(k) FROM sbtest5 WHERE id BETWEEN 67332 AND 67341
	Aggregate  (cost=43.81..43.82 rows=1 width=8)
	  ->  Index Scan using sbtest5_pkey on sbtest5  (cost=0.43..43.79 rows=10 width=4)
	        Index Cond: ((id >= 67332) AND (id <= 67341))

table 6 : explain SELECT SUM(k) FROM sbtest6 WHERE id BETWEEN 5098915 AND 5098924
	Aggregate  (cost=40.00..40.01 rows=1 width=8)
	  ->  Index Scan using sbtest6_pkey on sbtest6  (cost=0.43..39.98 rows=9 width=4)
	        Index Cond: ((id >= 5098915) AND (id <= 5098924))

table 7 : explain SELECT SUM(k) FROM sbtest7 WHERE id BETWEEN 6578045 AND 6578054
	Aggregate  (cost=43.78..43.79 rows=1 width=8)
	  ->  Index Scan using sbtest7_pkey on sbtest7  (cost=0.43..43.75 rows=10 width=4)
	        Index Cond: ((id >= 6578045) AND (id <= 6578054))

table 8 : explain SELECT SUM(k) FROM sbtest8 WHERE id BETWEEN 174837 AND 174846
	Aggregate  (cost=43.69..43.70 rows=1 width=8)
	  ->  Index Scan using sbtest8_pkey on sbtest8  (cost=0.43..43.66 rows=10 width=4)
	        Index Cond: ((id >= 174837) AND (id <= 174846))

for point_selects
table 1 : explain SELECT c FROM sbtest1 WHERE id=3845669
	Index Scan using sbtest1_pkey on sbtest1  (cost=0.43..8.45 rows=1 width=121)
	  Index Cond: (id = 3845669)

table 2 : explain SELECT c FROM sbtest2 WHERE id=119805
	Index Scan using sbtest2_pkey on sbtest2  (cost=0.43..8.45 rows=1 width=121)
	  Index Cond: (id = 119805)

table 3 : explain SELECT c FROM sbtest3 WHERE id=7186152
	Index Scan using sbtest3_pkey on sbtest3  (cost=0.43..8.45 rows=1 width=121)
	  Index Cond: (id = 7186152)

table 4 : explain SELECT c FROM sbtest4 WHERE id=920428
	Index Scan using sbtest4_pkey on sbtest4  (cost=0.43..8.45 rows=1 width=121)
	  Index Cond: (id = 920428)

table 5 : explain SELECT c FROM sbtest5 WHERE id=9819586
	Index Scan using sbtest5_pkey on sbtest5  (cost=0.43..8.45 rows=1 width=121)
	  Index Cond: (id = 9819586)

table 6 : explain SELECT c FROM sbtest6 WHERE id=6246270
	Index Scan using sbtest6_pkey on sbtest6  (cost=0.43..8.45 rows=1 width=121)
	  Index Cond: (id = 6246270)

table 7 : explain SELECT c FROM sbtest7 WHERE id=358115
	Index Scan using sbtest7_pkey on sbtest7  (cost=0.43..8.45 rows=1 width=121)
	  Index Cond: (id = 358115)

table 8 : explain SELECT c FROM sbtest8 WHERE id=7483134
	Index Scan using sbtest8_pkey on sbtest8  (cost=0.43..8.45 rows=1 width=121)
	  Index Cond: (id = 7483134)

for: sum_ranges
table 1 : explain SELECT SUM(k) FROM sbtest1 WHERE id BETWEEN 3221260 AND 3221269
	Aggregate  (cost=43.89..43.90 rows=1 width=8)
	  ->  Index Scan using sbtest1_pkey on sbtest1  (cost=0.43..43.87 rows=10 width=4)
	        Index Cond: ((id >= 3221260) AND (id <= 3221269))

table 2 : explain SELECT SUM(k) FROM sbtest2 WHERE id BETWEEN 6327049 AND 6327058
	Aggregate  (cost=43.80..43.81 rows=1 width=8)
	  ->  Index Scan using sbtest2_pkey on sbtest2  (cost=0.43..43.78 rows=10 width=4)
	        Index Cond: ((id >= 6327049) AND (id <= 6327058))

table 3 : explain SELECT SUM(k) FROM sbtest3 WHERE id BETWEEN 5294751 AND 5294760
	Aggregate  (cost=43.89..43.90 rows=1 width=8)
	  ->  Index Scan using sbtest3_pkey on sbtest3  (cost=0.43..43.87 rows=10 width=4)
	        Index Cond: ((id >= 5294751) AND (id <= 5294760))

table 4 : explain SELECT SUM(k) FROM sbtest4 WHERE id BETWEEN 9767493 AND 9767502
	Aggregate  (cost=43.78..43.79 rows=1 width=8)
	  ->  Index Scan using sbtest4_pkey on sbtest4  (cost=0.43..43.75 rows=10 width=4)
	        Index Cond: ((id >= 9767493) AND (id <= 9767502))

table 5 : explain SELECT SUM(k) FROM sbtest5 WHERE id BETWEEN 6966385 AND 6966394
	Aggregate  (cost=43.81..43.82 rows=1 width=8)
	  ->  Index Scan using sbtest5_pkey on sbtest5  (cost=0.43..43.79 rows=10 width=4)
	        Index Cond: ((id >= 6966385) AND (id <= 6966394))

table 6 : explain SELECT SUM(k) FROM sbtest6 WHERE id BETWEEN 7402247 AND 7402256
	Aggregate  (cost=40.00..40.01 rows=1 width=8)
	  ->  Index Scan using sbtest6_pkey on sbtest6  (cost=0.43..39.98 rows=9 width=4)
	        Index Cond: ((id >= 7402247) AND (id <= 7402256))

table 7 : explain SELECT SUM(k) FROM sbtest7 WHERE id BETWEEN 6818909 AND 6818918
	Aggregate  (cost=43.78..43.79 rows=1 width=8)
	  ->  Index Scan using sbtest7_pkey on sbtest7  (cost=0.43..43.75 rows=10 width=4)
	        Index Cond: ((id >= 6818909) AND (id <= 6818918))

table 8 : explain SELECT SUM(k) FROM sbtest8 WHERE id BETWEEN 8341426 AND 8341435
	Aggregate  (cost=43.69..43.70 rows=1 width=8)
	  ->  Index Scan using sbtest8_pkey on sbtest8  (cost=0.43..43.66 rows=10 width=4)
	        Index Cond: ((id >= 8341426) AND (id <= 8341435))

for: sum_ranges
table 1 : explain SELECT SUM(k) FROM sbtest1 WHERE id BETWEEN 2636670 AND 2636679
	Aggregate  (cost=43.89..43.90 rows=1 width=8)
	  ->  Index Scan using sbtest1_pkey on sbtest1  (cost=0.43..43.87 rows=10 width=4)
	        Index Cond: ((id >= 2636670) AND (id <= 2636679))

table 2 : explain SELECT SUM(k) FROM sbtest2 WHERE id BETWEEN 1014823 AND 1014832
	Aggregate  (cost=43.80..43.81 rows=1 width=8)
	  ->  Index Scan using sbtest2_pkey on sbtest2  (cost=0.43..43.78 rows=10 width=4)
	        Index Cond: ((id >= 1014823) AND (id <= 1014832))

table 3 : explain SELECT SUM(k) FROM sbtest3 WHERE id BETWEEN 7331318 AND 7331327
	Aggregate  (cost=47.83..47.84 rows=1 width=8)
	  ->  Index Scan using sbtest3_pkey on sbtest3  (cost=0.43..47.80 rows=11 width=4)
	        Index Cond: ((id >= 7331318) AND (id <= 7331327))

table 4 : explain SELECT SUM(k) FROM sbtest4 WHERE id BETWEEN 6360399 AND 6360408
	Aggregate  (cost=43.78..43.79 rows=1 width=8)
	  ->  Index Scan using sbtest4_pkey on sbtest4  (cost=0.43..43.75 rows=10 width=4)
	        Index Cond: ((id >= 6360399) AND (id <= 6360408))

table 5 : explain SELECT SUM(k) FROM sbtest5 WHERE id BETWEEN 5655858 AND 5655867
	Aggregate  (cost=39.89..39.90 rows=1 width=8)
	  ->  Index Scan using sbtest5_pkey on sbtest5  (cost=0.43..39.86 rows=9 width=4)
	        Index Cond: ((id >= 5655858) AND (id <= 5655867))

table 6 : explain SELECT SUM(k) FROM sbtest6 WHERE id BETWEEN 7134755 AND 7134764
	Aggregate  (cost=43.94..43.95 rows=1 width=8)
	  ->  Index Scan using sbtest6_pkey on sbtest6  (cost=0.43..43.92 rows=10 width=4)
	        Index Cond: ((id >= 7134755) AND (id <= 7134764))

table 7 : explain SELECT SUM(k) FROM sbtest7 WHERE id BETWEEN 6163375 AND 6163384
	Aggregate  (cost=39.85..39.86 rows=1 width=8)
	  ->  Index Scan using sbtest7_pkey on sbtest7  (cost=0.43..39.83 rows=9 width=4)
	        Index Cond: ((id >= 6163375) AND (id <= 6163384))

table 8 : explain SELECT SUM(k) FROM sbtest8 WHERE id BETWEEN 9871396 AND 9871405
	Aggregate  (cost=39.77..39.78 rows=1 width=8)
	  ->  Index Scan using sbtest8_pkey on sbtest8  (cost=0.43..39.75 rows=9 width=4)
	        Index Cond: ((id >= 9871396) AND (id <= 9871405))



for: sum_ranges
table 1 : explain SELECT SUM(k) FROM sbtest1 WHERE id BETWEEN 3402705 AND 3402714
	Aggregate  (cost=39.96..39.97 rows=1 width=8)
	  ->  Index Scan using sbtest1_pkey on sbtest1  (cost=0.43..39.93 rows=9 width=4)
	        Index Cond: ((id >= 3402705) AND (id <= 3402714))

table 2 : explain SELECT SUM(k) FROM sbtest2 WHERE id BETWEEN 3966002 AND 3966011
	Aggregate  (cost=47.73..47.74 rows=1 width=8)
	  ->  Index Scan using sbtest2_pkey on sbtest2  (cost=0.43..47.70 rows=11 width=4)
	        Index Cond: ((id >= 3966002) AND (id <= 3966011))

table 3 : explain SELECT SUM(k) FROM sbtest3 WHERE id BETWEEN 720113 AND 720122
	Aggregate  (cost=43.89..43.90 rows=1 width=8)
	  ->  Index Scan using sbtest3_pkey on sbtest3  (cost=0.43..43.87 rows=10 width=4)
	        Index Cond: ((id >= 720113) AND (id <= 720122))

table 4 : explain SELECT SUM(k) FROM sbtest4 WHERE id BETWEEN 6928443 AND 6928452
	Aggregate  (cost=43.78..43.79 rows=1 width=8)
	  ->  Index Scan using sbtest4_pkey on sbtest4  (cost=0.43..43.75 rows=10 width=4)
	        Index Cond: ((id >= 6928443) AND (id <= 6928452))

table 5 : explain SELECT SUM(k) FROM sbtest5 WHERE id BETWEEN 4787298 AND 4787307
	Aggregate  (cost=43.81..43.82 rows=1 width=8)
	  ->  Index Scan using sbtest5_pkey on sbtest5  (cost=0.43..43.79 rows=10 width=4)
	        Index Cond: ((id >= 4787298) AND (id <= 4787307))

table 6 : explain SELECT SUM(k) FROM sbtest6 WHERE id BETWEEN 1054033 AND 1054042
	Aggregate  (cost=43.94..43.95 rows=1 width=8)
	  ->  Index Scan using sbtest6_pkey on sbtest6  (cost=0.43..43.92 rows=10 width=4)
	        Index Cond: ((id >= 1054033) AND (id <= 1054042))

table 7 : explain SELECT SUM(k) FROM sbtest7 WHERE id BETWEEN 8996912 AND 8996921
	Aggregate  (cost=43.78..43.79 rows=1 width=8)
	  ->  Index Scan using sbtest7_pkey on sbtest7  (cost=0.43..43.75 rows=10 width=4)
	        Index Cond: ((id >= 8996912) AND (id <= 8996921))

table 8 : explain SELECT SUM(k) FROM sbtest8 WHERE id BETWEEN 1157578 AND 1157587
	Aggregate  (cost=43.69..43.70 rows=1 width=8)
	  ->  Index Scan using sbtest8_pkey on sbtest8  (cost=0.43..43.66 rows=10 width=4)
	        Index Cond: ((id >= 1157578) AND (id <= 1157587))

for: simple_ranges
table 1 : explain SELECT c FROM sbtest1 WHERE id BETWEEN 7038550 AND 7038559
	Index Scan using sbtest1_pkey on sbtest1  (cost=0.43..43.87 rows=10 width=121)
	  Index Cond: ((id >= 7038550) AND (id <= 7038559))

table 2 : explain SELECT c FROM sbtest2 WHERE id BETWEEN 2189733 AND 2189742
	Index Scan using sbtest2_pkey on sbtest2  (cost=0.43..43.78 rows=10 width=121)
	  Index Cond: ((id >= 2189733) AND (id <= 2189742))

table 3 : explain SELECT c FROM sbtest3 WHERE id BETWEEN 6406004 AND 6406013
	Index Scan using sbtest3_pkey on sbtest3  (cost=0.43..39.93 rows=9 width=121)
	  Index Cond: ((id >= 6406004) AND (id <= 6406013))

table 4 : explain SELECT c FROM sbtest4 WHERE id BETWEEN 2574215 AND 2574224
	Index Scan using sbtest4_pkey on sbtest4  (cost=0.43..47.67 rows=11 width=121)
	  Index Cond: ((id >= 2574215) AND (id <= 2574224))

table 5 : explain SELECT c FROM sbtest5 WHERE id BETWEEN 5819760 AND 5819769
	Index Scan using sbtest5_pkey on sbtest5  (cost=0.43..43.79 rows=10 width=121)
	  Index Cond: ((id >= 5819760) AND (id <= 5819769))

table 6 : explain SELECT c FROM sbtest6 WHERE id BETWEEN 3722544 AND 3722553
	Index Scan using sbtest6_pkey on sbtest6  (cost=0.43..43.92 rows=10 width=121)
	  Index Cond: ((id >= 3722544) AND (id <= 3722553))

table 7 : explain SELECT c FROM sbtest7 WHERE id BETWEEN 9523961 AND 9523970
	Index Scan using sbtest7_pkey on sbtest7  (cost=0.43..47.67 rows=11 width=121)
	  Index Cond: ((id >= 9523961) AND (id <= 9523970))

table 8 : explain SELECT c FROM sbtest8 WHERE id BETWEEN 3399986 AND 3399995
	Index Scan using sbtest8_pkey on sbtest8  (cost=0.43..43.66 rows=10 width=121)
	  Index Cond: ((id >= 3399986) AND (id <= 3399995))

for: sum_ranges
table 1 : explain SELECT SUM(k) FROM sbtest1 WHERE id BETWEEN 9487986 AND 9487995
	Aggregate  (cost=43.89..43.90 rows=1 width=8)
	  ->  Index Scan using sbtest1_pkey on sbtest1  (cost=0.43..43.87 rows=10 width=4)
	        Index Cond: ((id >= 9487986) AND (id <= 9487995))

table 2 : explain SELECT SUM(k) FROM sbtest2 WHERE id BETWEEN 9455570 AND 9455579
	Aggregate  (cost=43.80..43.81 rows=1 width=8)
	  ->  Index Scan using sbtest2_pkey on sbtest2  (cost=0.43..43.78 rows=10 width=4)
	        Index Cond: ((id >= 9455570) AND (id <= 9455579))

table 3 : explain SELECT SUM(k) FROM sbtest3 WHERE id BETWEEN 6726978 AND 6726987
	Aggregate  (cost=47.83..47.84 rows=1 width=8)
	  ->  Index Scan using sbtest3_pkey on sbtest3  (cost=0.43..47.80 rows=11 width=4)
	        Index Cond: ((id >= 6726978) AND (id <= 6726987))

table 4 : explain SELECT SUM(k) FROM sbtest4 WHERE id BETWEEN 6314318 AND 6314327
	Aggregate  (cost=43.78..43.79 rows=1 width=8)
	  ->  Index Scan using sbtest4_pkey on sbtest4  (cost=0.43..43.75 rows=10 width=4)
	        Index Cond: ((id >= 6314318) AND (id <= 6314327))

table 5 : explain SELECT SUM(k) FROM sbtest5 WHERE id BETWEEN 601293 AND 601302
	Aggregate  (cost=43.81..43.82 rows=1 width=8)
	  ->  Index Scan using sbtest5_pkey on sbtest5  (cost=0.43..43.79 rows=10 width=4)
	        Index Cond: ((id >= 601293) AND (id <= 601302))

table 6 : explain SELECT SUM(k) FROM sbtest6 WHERE id BETWEEN 3209922 AND 3209931
	Aggregate  (cost=43.94..43.95 rows=1 width=8)
	  ->  Index Scan using sbtest6_pkey on sbtest6  (cost=0.43..43.92 rows=10 width=4)
	        Index Cond: ((id >= 3209922) AND (id <= 3209931))

table 7 : explain SELECT SUM(k) FROM sbtest7 WHERE id BETWEEN 132902 AND 132911
	Aggregate  (cost=43.78..43.79 rows=1 width=8)
	  ->  Index Scan using sbtest7_pkey on sbtest7  (cost=0.43..43.75 rows=10 width=4)
	        Index Cond: ((id >= 132902) AND (id <= 132911))

table 8 : explain SELECT SUM(k) FROM sbtest8 WHERE id BETWEEN 8604725 AND 8604734
	Aggregate  (cost=43.69..43.70 rows=1 width=8)
	  ->  Index Scan using sbtest8_pkey on sbtest8  (cost=0.43..43.66 rows=10 width=4)
	        Index Cond: ((id >= 8604725) AND (id <= 8604734))

for: simple_ranges
table 1 : explain SELECT c FROM sbtest1 WHERE id BETWEEN 4684406 AND 4684415
	Index Scan using sbtest1_pkey on sbtest1  (cost=0.43..43.87 rows=10 width=121)
	  Index Cond: ((id >= 4684406) AND (id <= 4684415))

table 2 : explain SELECT c FROM sbtest2 WHERE id BETWEEN 9107298 AND 9107307
	Index Scan using sbtest2_pkey on sbtest2  (cost=0.43..43.78 rows=10 width=121)
	  Index Cond: ((id >= 9107298) AND (id <= 9107307))

table 3 : explain SELECT c FROM sbtest3 WHERE id BETWEEN 5983068 AND 5983077
	Index Scan using sbtest3_pkey on sbtest3  (cost=0.43..43.87 rows=10 width=121)
	  Index Cond: ((id >= 5983068) AND (id <= 5983077))

table 4 : explain SELECT c FROM sbtest4 WHERE id BETWEEN 8407485 AND 8407494
	Index Scan using sbtest4_pkey on sbtest4  (cost=0.43..43.75 rows=10 width=121)
	  Index Cond: ((id >= 8407485) AND (id <= 8407494))

table 5 : explain SELECT c FROM sbtest5 WHERE id BETWEEN 2849016 AND 2849025
	Index Scan using sbtest5_pkey on sbtest5  (cost=0.43..39.86 rows=9 width=121)
	  Index Cond: ((id >= 2849016) AND (id <= 2849025))

table 6 : explain SELECT c FROM sbtest6 WHERE id BETWEEN 3570567 AND 3570576
	Index Scan using sbtest6_pkey on sbtest6  (cost=0.43..43.92 rows=10 width=121)
	  Index Cond: ((id >= 3570567) AND (id <= 3570576))

table 7 : explain SELECT c FROM sbtest7 WHERE id BETWEEN 1735495 AND 1735504
	Index Scan using sbtest7_pkey on sbtest7  (cost=0.43..43.75 rows=10 width=121)
	  Index Cond: ((id >= 1735495) AND (id <= 1735504))

table 8 : explain SELECT c FROM sbtest8 WHERE id BETWEEN 4511245 AND 4511254
	Index Scan using sbtest8_pkey on sbtest8  (cost=0.43..43.66 rows=10 width=121)
	  Index Cond: ((id >= 4511245) AND (id <= 4511254))

for: sum_ranges
table 1 : explain SELECT SUM(k) FROM sbtest1 WHERE id BETWEEN 56368 AND 56377
	Aggregate  (cost=39.96..39.97 rows=1 width=8)
	  ->  Index Scan using sbtest1_pkey on sbtest1  (cost=0.43..39.93 rows=9 width=4)
	        Index Cond: ((id >= 56368) AND (id <= 56377))

table 2 : explain SELECT SUM(k) FROM sbtest2 WHERE id BETWEEN 3747118 AND 3747127
	Aggregate  (cost=43.80..43.81 rows=1 width=8)
	  ->  Index Scan using sbtest2_pkey on sbtest2  (cost=0.43..43.78 rows=10 width=4)
	        Index Cond: ((id >= 3747118) AND (id <= 3747127))

table 3 : explain SELECT SUM(k) FROM sbtest3 WHERE id BETWEEN 1778906 AND 1778915
	Aggregate  (cost=47.83..47.84 rows=1 width=8)
	  ->  Index Scan using sbtest3_pkey on sbtest3  (cost=0.43..47.80 rows=11 width=4)
	        Index Cond: ((id >= 1778906) AND (id <= 1778915))

table 4 : explain SELECT SUM(k) FROM sbtest4 WHERE id BETWEEN 8858260 AND 8858269
	Aggregate  (cost=43.78..43.79 rows=1 width=8)
	  ->  Index Scan using sbtest4_pkey on sbtest4  (cost=0.43..43.75 rows=10 width=4)
	        Index Cond: ((id >= 8858260) AND (id <= 8858269))

table 5 : explain SELECT SUM(k) FROM sbtest5 WHERE id BETWEEN 2802116 AND 2802125
	Aggregate  (cost=39.89..39.90 rows=1 width=8)
	  ->  Index Scan using sbtest5_pkey on sbtest5  (cost=0.43..39.86 rows=9 width=4)
	        Index Cond: ((id >= 2802116) AND (id <= 2802125))

table 6 : explain SELECT SUM(k) FROM sbtest6 WHERE id BETWEEN 2703658 AND 2703667
	Aggregate  (cost=40.00..40.01 rows=1 width=8)
	  ->  Index Scan using sbtest6_pkey on sbtest6  (cost=0.43..39.98 rows=9 width=4)
	        Index Cond: ((id >= 2703658) AND (id <= 2703667))

table 7 : explain SELECT SUM(k) FROM sbtest7 WHERE id BETWEEN 5291691 AND 5291700
	Aggregate  (cost=39.85..39.86 rows=1 width=8)
	  ->  Index Scan using sbtest7_pkey on sbtest7  (cost=0.43..39.83 rows=9 width=4)
	        Index Cond: ((id >= 5291691) AND (id <= 5291700))

table 8 : explain SELECT SUM(k) FROM sbtest8 WHERE id BETWEEN 6738841 AND 6738850
	Aggregate  (cost=39.77..39.78 rows=1 width=8)
	  ->  Index Scan using sbtest8_pkey on sbtest8  (cost=0.43..39.75 rows=9 width=4)
	        Index Cond: ((id >= 6738841) AND (id <= 6738850))

for: order_ranges
table 1 : explain SELECT c FROM sbtest1 WHERE id BETWEEN 674130 AND 674139 ORDER BY c
	Sort  (cost=44.04..44.06 rows=10 width=121)
	  Sort Key: c
	  ->  Index Scan using sbtest1_pkey on sbtest1  (cost=0.43..43.87 rows=10 width=121)
	        Index Cond: ((id >= 674130) AND (id <= 674139))

table 2 : explain SELECT c FROM sbtest2 WHERE id BETWEEN 6642498 AND 6642507 ORDER BY c
	Sort  (cost=43.94..43.97 rows=10 width=121)
	  Sort Key: c
	  ->  Index Scan using sbtest2_pkey on sbtest2  (cost=0.43..43.78 rows=10 width=121)
	        Index Cond: ((id >= 6642498) AND (id <= 6642507))

table 3 : explain SELECT c FROM sbtest3 WHERE id BETWEEN 9931049 AND 9931058 ORDER BY c
	Sort  (cost=44.03..44.06 rows=10 width=121)
	  Sort Key: c
	  ->  Index Scan using sbtest3_pkey on sbtest3  (cost=0.43..43.87 rows=10 width=121)
	        Index Cond: ((id >= 9931049) AND (id <= 9931058))

table 4 : explain SELECT c FROM sbtest4 WHERE id BETWEEN 3002224 AND 3002233 ORDER BY c
	Sort  (cost=43.92..43.94 rows=10 width=121)
	  Sort Key: c
	  ->  Index Scan using sbtest4_pkey on sbtest4  (cost=0.43..43.75 rows=10 width=121)
	        Index Cond: ((id >= 3002224) AND (id <= 3002233))

table 5 : explain SELECT c FROM sbtest5 WHERE id BETWEEN 6395707 AND 6395716 ORDER BY c
	Sort  (cost=43.95..43.98 rows=10 width=121)
	  Sort Key: c
	  ->  Index Scan using sbtest5_pkey on sbtest5  (cost=0.43..43.79 rows=10 width=121)
	        Index Cond: ((id >= 6395707) AND (id <= 6395716))

table 6 : explain SELECT c FROM sbtest6 WHERE id BETWEEN 4601250 AND 4601259 ORDER BY c
	Sort  (cost=44.08..44.11 rows=10 width=121)
	  Sort Key: c
	  ->  Index Scan using sbtest6_pkey on sbtest6  (cost=0.43..43.92 rows=10 width=121)
	        Index Cond: ((id >= 4601250) AND (id <= 4601259))

table 7 : explain SELECT c FROM sbtest7 WHERE id BETWEEN 8876044 AND 8876053 ORDER BY c
	Sort  (cost=43.92..43.94 rows=10 width=121)
	  Sort Key: c
	  ->  Index Scan using sbtest7_pkey on sbtest7  (cost=0.43..43.75 rows=10 width=121)
	        Index Cond: ((id >= 8876044) AND (id <= 8876053))

table 8 : explain SELECT c FROM sbtest8 WHERE id BETWEEN 644458 AND 644467 ORDER BY c
	Sort  (cost=39.89..39.92 rows=9 width=121)
	  Sort Key: c
	  ->  Index Scan using sbtest8_pkey on sbtest8  (cost=0.43..39.75 rows=9 width=121)
	        Index Cond: ((id >= 644458) AND (id <= 644467))

for: sum_ranges
table 1 : explain SELECT SUM(k) FROM sbtest1 WHERE id BETWEEN 5683543 AND 5683552
	Aggregate  (cost=39.96..39.97 rows=1 width=8)
	  ->  Index Scan using sbtest1_pkey on sbtest1  (cost=0.43..39.93 rows=9 width=4)
	        Index Cond: ((id >= 5683543) AND (id <= 5683552))

table 2 : explain SELECT SUM(k) FROM sbtest2 WHERE id BETWEEN 4445734 AND 4445743
	Aggregate  (cost=39.87..39.88 rows=1 width=8)
	  ->  Index Scan using sbtest2_pkey on sbtest2  (cost=0.43..39.85 rows=9 width=4)
	        Index Cond: ((id >= 4445734) AND (id <= 4445743))

table 3 : explain SELECT SUM(k) FROM sbtest3 WHERE id BETWEEN 6093519 AND 6093528
	Aggregate  (cost=47.83..47.84 rows=1 width=8)
	  ->  Index Scan using sbtest3_pkey on sbtest3  (cost=0.43..47.80 rows=11 width=4)
	        Index Cond: ((id >= 6093519) AND (id <= 6093528))

table 4 : explain SELECT SUM(k) FROM sbtest4 WHERE id BETWEEN 7559902 AND 7559911
	Aggregate  (cost=43.78..43.79 rows=1 width=8)
	  ->  Index Scan using sbtest4_pkey on sbtest4  (cost=0.43..43.75 rows=10 width=4)
	        Index Cond: ((id >= 7559902) AND (id <= 7559911))

table 5 : explain SELECT SUM(k) FROM sbtest5 WHERE id BETWEEN 1750429 AND 1750438
	Aggregate  (cost=39.89..39.90 rows=1 width=8)
	  ->  Index Scan using sbtest5_pkey on sbtest5  (cost=0.43..39.86 rows=9 width=4)
	        Index Cond: ((id >= 1750429) AND (id <= 1750438))

table 6 : explain SELECT SUM(k) FROM sbtest6 WHERE id BETWEEN 1310305 AND 1310314
	Aggregate  (cost=47.88..47.89 rows=1 width=8)
	  ->  Index Scan using sbtest6_pkey on sbtest6  (cost=0.43..47.86 rows=11 width=4)
	        Index Cond: ((id >= 1310305) AND (id <= 1310314))

table 7 : explain SELECT SUM(k) FROM sbtest7 WHERE id BETWEEN 2582458 AND 2582467
	Aggregate  (cost=47.70..47.71 rows=1 width=8)
	  ->  Index Scan using sbtest7_pkey on sbtest7  (cost=0.43..47.67 rows=11 width=4)
	        Index Cond: ((id >= 2582458) AND (id <= 2582467))

table 8 : explain SELECT SUM(k) FROM sbtest8 WHERE id BETWEEN 2453101 AND 2453110
	Aggregate  (cost=47.60..47.61 rows=1 width=8)
	  ->  Index Scan using sbtest8_pkey on sbtest8  (cost=0.43..47.57 rows=11 width=4)
	        Index Cond: ((id >= 2453101) AND (id <= 2453110))

for: sum_ranges
table 1 : explain SELECT SUM(k) FROM sbtest1 WHERE id BETWEEN 9812523 AND 9812532
	Aggregate  (cost=43.89..43.90 rows=1 width=8)
	  ->  Index Scan using sbtest1_pkey on sbtest1  (cost=0.43..43.87 rows=10 width=4)
	        Index Cond: ((id >= 9812523) AND (id <= 9812532))

table 2 : explain SELECT SUM(k) FROM sbtest2 WHERE id BETWEEN 8448819 AND 8448828
	Aggregate  (cost=43.80..43.81 rows=1 width=8)
	  ->  Index Scan using sbtest2_pkey on sbtest2  (cost=0.43..43.78 rows=10 width=4)
	        Index Cond: ((id >= 8448819) AND (id <= 8448828))

table 3 : explain SELECT SUM(k) FROM sbtest3 WHERE id BETWEEN 272101 AND 272110
	Aggregate  (cost=43.89..43.90 rows=1 width=8)
	  ->  Index Scan using sbtest3_pkey on sbtest3  (cost=0.43..43.87 rows=10 width=4)
	        Index Cond: ((id >= 272101) AND (id <= 272110))

table 4 : explain SELECT SUM(k) FROM sbtest4 WHERE id BETWEEN 6969295 AND 6969304
	Aggregate  (cost=43.78..43.79 rows=1 width=8)
	  ->  Index Scan using sbtest4_pkey on sbtest4  (cost=0.43..43.75 rows=10 width=4)
	        Index Cond: ((id >= 6969295) AND (id <= 6969304))

table 5 : explain SELECT SUM(k) FROM sbtest5 WHERE id BETWEEN 1206940 AND 1206949
	Aggregate  (cost=43.81..43.82 rows=1 width=8)
	  ->  Index Scan using sbtest5_pkey on sbtest5  (cost=0.43..43.79 rows=10 width=4)
	        Index Cond: ((id >= 1206940) AND (id <= 1206949))

table 6 : explain SELECT SUM(k) FROM sbtest6 WHERE id BETWEEN 7069322 AND 7069331
	Aggregate  (cost=43.94..43.95 rows=1 width=8)
	  ->  Index Scan using sbtest6_pkey on sbtest6  (cost=0.43..43.92 rows=10 width=4)
	        Index Cond: ((id >= 7069322) AND (id <= 7069331))

table 7 : explain SELECT SUM(k) FROM sbtest7 WHERE id BETWEEN 7852940 AND 7852949
	Aggregate  (cost=47.70..47.71 rows=1 width=8)
	  ->  Index Scan using sbtest7_pkey on sbtest7  (cost=0.43..47.67 rows=11 width=4)
	        Index Cond: ((id >= 7852940) AND (id <= 7852949))

table 8 : explain SELECT SUM(k) FROM sbtest8 WHERE id BETWEEN 4313413 AND 4313422
	Aggregate  (cost=43.69..43.70 rows=1 width=8)
	  ->  Index Scan using sbtest8_pkey on sbtest8  (cost=0.43..43.66 rows=10 width=4)
	        Index Cond: ((id >= 4313413) AND (id <= 4313422))

for: sum_ranges
table 1 : explain SELECT SUM(k) FROM sbtest1 WHERE id BETWEEN 9424196 AND 9424205
	Aggregate  (cost=43.89..43.90 rows=1 width=8)
	  ->  Index Scan using sbtest1_pkey on sbtest1  (cost=0.43..43.87 rows=10 width=4)
	        Index Cond: ((id >= 9424196) AND (id <= 9424205))

table 2 : explain SELECT SUM(k) FROM sbtest2 WHERE id BETWEEN 5526613 AND 5526622
	Aggregate  (cost=43.80..43.81 rows=1 width=8)
	  ->  Index Scan using sbtest2_pkey on sbtest2  (cost=0.43..43.78 rows=10 width=4)
	        Index Cond: ((id >= 5526613) AND (id <= 5526622))

table 3 : explain SELECT SUM(k) FROM sbtest3 WHERE id BETWEEN 2290276 AND 2290285
	Aggregate  (cost=43.89..43.90 rows=1 width=8)
	  ->  Index Scan using sbtest3_pkey on sbtest3  (cost=0.43..43.87 rows=10 width=4)
	        Index Cond: ((id >= 2290276) AND (id <= 2290285))

table 4 : explain SELECT SUM(k) FROM sbtest4 WHERE id BETWEEN 9013342 AND 9013351
	Aggregate  (cost=43.78..43.79 rows=1 width=8)
	  ->  Index Scan using sbtest4_pkey on sbtest4  (cost=0.43..43.75 rows=10 width=4)
	        Index Cond: ((id >= 9013342) AND (id <= 9013351))

table 5 : explain SELECT SUM(k) FROM sbtest5 WHERE id BETWEEN 708371 AND 708380
	Aggregate  (cost=47.74..47.75 rows=1 width=8)
	  ->  Index Scan using sbtest5_pkey on sbtest5  (cost=0.43..47.71 rows=11 width=4)
	        Index Cond: ((id >= 708371) AND (id <= 708380))

table 6 : explain SELECT SUM(k) FROM sbtest6 WHERE id BETWEEN 1094756 AND 1094765
	Aggregate  (cost=43.94..43.95 rows=1 width=8)
	  ->  Index Scan using sbtest6_pkey on sbtest6  (cost=0.43..43.92 rows=10 width=4)
	        Index Cond: ((id >= 1094756) AND (id <= 1094765))

table 7 : explain SELECT SUM(k) FROM sbtest7 WHERE id BETWEEN 1683081 AND 1683090
	Aggregate  (cost=47.70..47.71 rows=1 width=8)
	  ->  Index Scan using sbtest7_pkey on sbtest7  (cost=0.43..47.67 rows=11 width=4)
	        Index Cond: ((id >= 1683081) AND (id <= 1683090))

table 8 : explain SELECT SUM(k) FROM sbtest8 WHERE id BETWEEN 1060004 AND 1060013
	Aggregate  (cost=43.69..43.70 rows=1 width=8)
	  ->  Index Scan using sbtest8_pkey on sbtest8  (cost=0.43..43.66 rows=10 width=4)
	        Index Cond: ((id >= 1060004) AND (id <= 1060013))

for: simple_ranges
table 1 : explain SELECT c FROM sbtest1 WHERE id BETWEEN 6612038 AND 6612047
	Index Scan using sbtest1_pkey on sbtest1  (cost=0.43..39.93 rows=9 width=121)
	  Index Cond: ((id >= 6612038) AND (id <= 6612047))

table 2 : explain SELECT c FROM sbtest2 WHERE id BETWEEN 9379351 AND 9379360
	Index Scan using sbtest2_pkey on sbtest2  (cost=0.43..43.78 rows=10 width=121)
	  Index Cond: ((id >= 9379351) AND (id <= 9379360))

table 3 : explain SELECT c FROM sbtest3 WHERE id BETWEEN 870357 AND 870366
	Index Scan using sbtest3_pkey on sbtest3  (cost=0.43..39.93 rows=9 width=121)
	  Index Cond: ((id >= 870357) AND (id <= 870366))

table 4 : explain SELECT c FROM sbtest4 WHERE id BETWEEN 3918494 AND 3918503
	Index Scan using sbtest4_pkey on sbtest4  (cost=0.43..39.83 rows=9 width=121)
	  Index Cond: ((id >= 3918494) AND (id <= 3918503))

table 5 : explain SELECT c FROM sbtest5 WHERE id BETWEEN 2326314 AND 2326323
	Index Scan using sbtest5_pkey on sbtest5  (cost=0.43..43.79 rows=10 width=121)
	  Index Cond: ((id >= 2326314) AND (id <= 2326323))

table 6 : explain SELECT c FROM sbtest6 WHERE id BETWEEN 71912 AND 71921
	Index Scan using sbtest6_pkey on sbtest6  (cost=0.43..43.92 rows=10 width=121)
	  Index Cond: ((id >= 71912) AND (id <= 71921))

table 7 : explain SELECT c FROM sbtest7 WHERE id BETWEEN 7998253 AND 7998262
	Index Scan using sbtest7_pkey on sbtest7  (cost=0.43..43.75 rows=10 width=121)
	  Index Cond: ((id >= 7998253) AND (id <= 7998262))

table 8 : explain SELECT c FROM sbtest8 WHERE id BETWEEN 9540336 AND 9540345
	Index Scan using sbtest8_pkey on sbtest8  (cost=0.43..39.75 rows=9 width=121)
	  Index Cond: ((id >= 9540336) AND (id <= 9540345))

for: simple_ranges
table 1 : explain SELECT c FROM sbtest1 WHERE id BETWEEN 2818413 AND 2818422
	Index Scan using sbtest1_pkey on sbtest1  (cost=0.43..43.87 rows=10 width=121)
	  Index Cond: ((id >= 2818413) AND (id <= 2818422))

table 2 : explain SELECT c FROM sbtest2 WHERE id BETWEEN 9541370 AND 9541379
	Index Scan using sbtest2_pkey on sbtest2  (cost=0.43..43.78 rows=10 width=121)
	  Index Cond: ((id >= 9541370) AND (id <= 9541379))

table 3 : explain SELECT c FROM sbtest3 WHERE id BETWEEN 7413444 AND 7413453
	Index Scan using sbtest3_pkey on sbtest3  (cost=0.43..47.80 rows=11 width=121)
	  Index Cond: ((id >= 7413444) AND (id <= 7413453))

table 4 : explain SELECT c FROM sbtest4 WHERE id BETWEEN 9853911 AND 9853920
	Index Scan using sbtest4_pkey on sbtest4  (cost=0.43..43.75 rows=10 width=121)
	  Index Cond: ((id >= 9853911) AND (id <= 9853920))

table 5 : explain SELECT c FROM sbtest5 WHERE id BETWEEN 2732239 AND 2732248
	Index Scan using sbtest5_pkey on sbtest5  (cost=0.43..43.79 rows=10 width=121)
	  Index Cond: ((id >= 2732239) AND (id <= 2732248))

table 6 : explain SELECT c FROM sbtest6 WHERE id BETWEEN 8787487 AND 8787496
	Index Scan using sbtest6_pkey on sbtest6  (cost=0.43..43.92 rows=10 width=121)
	  Index Cond: ((id >= 8787487) AND (id <= 8787496))

table 7 : explain SELECT c FROM sbtest7 WHERE id BETWEEN 6079779 AND 6079788
	Index Scan using sbtest7_pkey on sbtest7  (cost=0.43..43.75 rows=10 width=121)
	  Index Cond: ((id >= 6079779) AND (id <= 6079788))

table 8 : explain SELECT c FROM sbtest8 WHERE id BETWEEN 9940799 AND 9940808
	Index Scan using sbtest8_pkey on sbtest8  (cost=0.43..43.66 rows=10 width=121)
	  Index Cond: ((id >= 9940799) AND (id <= 9940808))

for: sum_ranges
table 1 : explain SELECT SUM(k) FROM sbtest1 WHERE id BETWEEN 6307119 AND 6307128
	Aggregate  (cost=39.96..39.97 rows=1 width=8)
	  ->  Index Scan using sbtest1_pkey on sbtest1  (cost=0.43..39.93 rows=9 width=4)
	        Index Cond: ((id >= 6307119) AND (id <= 6307128))

table 2 : explain SELECT SUM(k) FROM sbtest2 WHERE id BETWEEN 9255605 AND 9255614
	Aggregate  (cost=43.80..43.81 rows=1 width=8)
	  ->  Index Scan using sbtest2_pkey on sbtest2  (cost=0.43..43.78 rows=10 width=4)
	        Index Cond: ((id >= 9255605) AND (id <= 9255614))

table 3 : explain SELECT SUM(k) FROM sbtest3 WHERE id BETWEEN 5987883 AND 5987892
	Aggregate  (cost=43.89..43.90 rows=1 width=8)
	  ->  Index Scan using sbtest3_pkey on sbtest3  (cost=0.43..43.87 rows=10 width=4)
	        Index Cond: ((id >= 5987883) AND (id <= 5987892))

table 4 : explain SELECT SUM(k) FROM sbtest4 WHERE id BETWEEN 8174310 AND 8174319
	Aggregate  (cost=43.78..43.79 rows=1 width=8)
	  ->  Index Scan using sbtest4_pkey on sbtest4  (cost=0.43..43.75 rows=10 width=4)
	        Index Cond: ((id >= 8174310) AND (id <= 8174319))

table 5 : explain SELECT SUM(k) FROM sbtest5 WHERE id BETWEEN 9971291 AND 9971300
	Aggregate  (cost=39.89..39.90 rows=1 width=8)
	  ->  Index Scan using sbtest5_pkey on sbtest5  (cost=0.43..39.86 rows=9 width=4)
	        Index Cond: ((id >= 9971291) AND (id <= 9971300))

table 6 : explain SELECT SUM(k) FROM sbtest6 WHERE id BETWEEN 8884552 AND 8884561
	Aggregate  (cost=47.88..47.89 rows=1 width=8)
	  ->  Index Scan using sbtest6_pkey on sbtest6  (cost=0.43..47.86 rows=11 width=4)
	        Index Cond: ((id >= 8884552) AND (id <= 8884561))

table 7 : explain SELECT SUM(k) FROM sbtest7 WHERE id BETWEEN 5473327 AND 5473336
	Aggregate  (cost=43.78..43.79 rows=1 width=8)
	  ->  Index Scan using sbtest7_pkey on sbtest7  (cost=0.43..43.75 rows=10 width=4)
	        Index Cond: ((id >= 5473327) AND (id <= 5473336))

table 8 : explain SELECT SUM(k) FROM sbtest8 WHERE id BETWEEN 9013812 AND 9013821
	Aggregate  (cost=43.69..43.70 rows=1 width=8)
	  ->  Index Scan using sbtest8_pkey on sbtest8  (cost=0.43..43.66 rows=10 width=4)
	        Index Cond: ((id >= 9013812) AND (id <= 9013821))

for: simple_ranges
table 1 : explain SELECT c FROM sbtest1 WHERE id BETWEEN 6662378 AND 6662387
	Index Scan using sbtest1_pkey on sbtest1  (cost=0.43..43.87 rows=10 width=121)
	  Index Cond: ((id >= 6662378) AND (id <= 6662387))

table 2 : explain SELECT c FROM sbtest2 WHERE id BETWEEN 9268731 AND 9268740
	Index Scan using sbtest2_pkey on sbtest2  (cost=0.43..43.78 rows=10 width=121)
	  Index Cond: ((id >= 9268731) AND (id <= 9268740))

table 3 : explain SELECT c FROM sbtest3 WHERE id BETWEEN 2248643 AND 2248652
	Index Scan using sbtest3_pkey on sbtest3  (cost=0.43..43.87 rows=10 width=121)
	  Index Cond: ((id >= 2248643) AND (id <= 2248652))

table 4 : explain SELECT c FROM sbtest4 WHERE id BETWEEN 8603448 AND 8603457
	Index Scan using sbtest4_pkey on sbtest4  (cost=0.43..43.75 rows=10 width=121)
	  Index Cond: ((id >= 8603448) AND (id <= 8603457))

table 5 : explain SELECT c FROM sbtest5 WHERE id BETWEEN 2325690 AND 2325699
	Index Scan using sbtest5_pkey on sbtest5  (cost=0.43..43.79 rows=10 width=121)
	  Index Cond: ((id >= 2325690) AND (id <= 2325699))

table 6 : explain SELECT c FROM sbtest6 WHERE id BETWEEN 5042920 AND 5042929
	Index Scan using sbtest6_pkey on sbtest6  (cost=0.43..39.98 rows=9 width=121)
	  Index Cond: ((id >= 5042920) AND (id <= 5042929))

table 7 : explain SELECT c FROM sbtest7 WHERE id BETWEEN 411978 AND 411987
	Index Scan using sbtest7_pkey on sbtest7  (cost=0.43..43.75 rows=10 width=121)
	  Index Cond: ((id >= 411978) AND (id <= 411987))

table 8 : explain SELECT c FROM sbtest8 WHERE id BETWEEN 2056496 AND 2056505
	Index Scan using sbtest8_pkey on sbtest8  (cost=0.43..43.66 rows=10 width=121)
	  Index Cond: ((id >= 2056496) AND (id <= 2056505))

for: sum_ranges
table 1 : explain SELECT SUM(k) FROM sbtest1 WHERE id BETWEEN 4065163 AND 4065172
	Aggregate  (cost=39.96..39.97 rows=1 width=8)
	  ->  Index Scan using sbtest1_pkey on sbtest1  (cost=0.43..39.93 rows=9 width=4)
	        Index Cond: ((id >= 4065163) AND (id <= 4065172))

table 2 : explain SELECT SUM(k) FROM sbtest2 WHERE id BETWEEN 434579 AND 434588
	Aggregate  (cost=43.80..43.81 rows=1 width=8)
	  ->  Index Scan using sbtest2_pkey on sbtest2  (cost=0.43..43.78 rows=10 width=4)
	        Index Cond: ((id >= 434579) AND (id <= 434588))

table 3 : explain SELECT SUM(k) FROM sbtest3 WHERE id BETWEEN 3788626 AND 3788635
	Aggregate  (cost=43.89..43.90 rows=1 width=8)
	  ->  Index Scan using sbtest3_pkey on sbtest3  (cost=0.43..43.87 rows=10 width=4)
	        Index Cond: ((id >= 3788626) AND (id <= 3788635))

table 4 : explain SELECT SUM(k) FROM sbtest4 WHERE id BETWEEN 8286415 AND 8286424
	Aggregate  (cost=43.78..43.79 rows=1 width=8)
	  ->  Index Scan using sbtest4_pkey on sbtest4  (cost=0.43..43.75 rows=10 width=4)
	        Index Cond: ((id >= 8286415) AND (id <= 8286424))

table 5 : explain SELECT SUM(k) FROM sbtest5 WHERE id BETWEEN 3302305 AND 3302314
	Aggregate  (cost=43.81..43.82 rows=1 width=8)
	  ->  Index Scan using sbtest5_pkey on sbtest5  (cost=0.43..43.79 rows=10 width=4)
	        Index Cond: ((id >= 3302305) AND (id <= 3302314))

table 6 : explain SELECT SUM(k) FROM sbtest6 WHERE id BETWEEN 7133268 AND 7133277
	Aggregate  (cost=43.94..43.95 rows=1 width=8)
	  ->  Index Scan using sbtest6_pkey on sbtest6  (cost=0.43..43.92 rows=10 width=4)
	        Index Cond: ((id >= 7133268) AND (id <= 7133277))

table 7 : explain SELECT SUM(k) FROM sbtest7 WHERE id BETWEEN 1260470 AND 1260479
	Aggregate  (cost=43.78..43.79 rows=1 width=8)
	  ->  Index Scan using sbtest7_pkey on sbtest7  (cost=0.43..43.75 rows=10 width=4)
	        Index Cond: ((id >= 1260470) AND (id <= 1260479))

table 8 : explain SELECT SUM(k) FROM sbtest8 WHERE id BETWEEN 1185337 AND 1185346
	Aggregate  (cost=43.69..43.70 rows=1 width=8)
	  ->  Index Scan using sbtest8_pkey on sbtest8  (cost=0.43..43.66 rows=10 width=4)
	        Index Cond: ((id >= 1185337) AND (id <= 1185346))

for: sum_ranges
table 1 : explain SELECT SUM(k) FROM sbtest1 WHERE id BETWEEN 636840 AND 636849
	Aggregate  (cost=43.89..43.90 rows=1 width=8)
	  ->  Index Scan using sbtest1_pkey on sbtest1  (cost=0.43..43.87 rows=10 width=4)
	        Index Cond: ((id >= 636840) AND (id <= 636849))

table 2 : explain SELECT SUM(k) FROM sbtest2 WHERE id BETWEEN 8671708 AND 8671717
	Aggregate  (cost=43.80..43.81 rows=1 width=8)
	  ->  Index Scan using sbtest2_pkey on sbtest2  (cost=0.43..43.78 rows=10 width=4)
	        Index Cond: ((id >= 8671708) AND (id <= 8671717))

table 3 : explain SELECT SUM(k) FROM sbtest3 WHERE id BETWEEN 2017647 AND 2017656
	Aggregate  (cost=43.89..43.90 rows=1 width=8)
	  ->  Index Scan using sbtest3_pkey on sbtest3  (cost=0.43..43.87 rows=10 width=4)
	        Index Cond: ((id >= 2017647) AND (id <= 2017656))

table 4 : explain SELECT SUM(k) FROM sbtest4 WHERE id BETWEEN 116502 AND 116511
	Aggregate  (cost=43.78..43.79 rows=1 width=8)
	  ->  Index Scan using sbtest4_pkey on sbtest4  (cost=0.43..43.75 rows=10 width=4)
	        Index Cond: ((id >= 116502) AND (id <= 116511))

table 5 : explain SELECT SUM(k) FROM sbtest5 WHERE id BETWEEN 2821330 AND 2821339
	Aggregate  (cost=39.89..39.90 rows=1 width=8)
	  ->  Index Scan using sbtest5_pkey on sbtest5  (cost=0.43..39.86 rows=9 width=4)
	        Index Cond: ((id >= 2821330) AND (id <= 2821339))

table 6 : explain SELECT SUM(k) FROM sbtest6 WHERE id BETWEEN 3250739 AND 3250748
	Aggregate  (cost=43.94..43.95 rows=1 width=8)
	  ->  Index Scan using sbtest6_pkey on sbtest6  (cost=0.43..43.92 rows=10 width=4)
	        Index Cond: ((id >= 3250739) AND (id <= 3250748))

table 7 : explain SELECT SUM(k) FROM sbtest7 WHERE id BETWEEN 5433659 AND 5433668
	Aggregate  (cost=39.85..39.86 rows=1 width=8)
	  ->  Index Scan using sbtest7_pkey on sbtest7  (cost=0.43..39.83 rows=9 width=4)
	        Index Cond: ((id >= 5433659) AND (id <= 5433668))

table 8 : explain SELECT SUM(k) FROM sbtest8 WHERE id BETWEEN 5518948 AND 5518957
	Aggregate  (cost=43.69..43.70 rows=1 width=8)
	  ->  Index Scan using sbtest8_pkey on sbtest8  (cost=0.43..43.66 rows=10 width=4)
	        Index Cond: ((id >= 5518948) AND (id <= 5518957))

for: simple_ranges
table 1 : explain SELECT c FROM sbtest1 WHERE id BETWEEN 3936371 AND 3936380
	Index Scan using sbtest1_pkey on sbtest1  (cost=0.43..43.87 rows=10 width=121)
	  Index Cond: ((id >= 3936371) AND (id <= 3936380))

table 2 : explain SELECT c FROM sbtest2 WHERE id BETWEEN 4655560 AND 4655569
	Index Scan using sbtest2_pkey on sbtest2  (cost=0.43..39.85 rows=9 width=121)
	  Index Cond: ((id >= 4655560) AND (id <= 4655569))

table 3 : explain SELECT c FROM sbtest3 WHERE id BETWEEN 543165 AND 543174
	Index Scan using sbtest3_pkey on sbtest3  (cost=0.43..43.87 rows=10 width=121)
	  Index Cond: ((id >= 543165) AND (id <= 543174))

table 4 : explain SELECT c FROM sbtest4 WHERE id BETWEEN 3560513 AND 3560522
	Index Scan using sbtest4_pkey on sbtest4  (cost=0.43..43.75 rows=10 width=121)
	  Index Cond: ((id >= 3560513) AND (id <= 3560522))

table 5 : explain SELECT c FROM sbtest5 WHERE id BETWEEN 9351238 AND 9351247
	Index Scan using sbtest5_pkey on sbtest5  (cost=0.43..39.86 rows=9 width=121)
	  Index Cond: ((id >= 9351238) AND (id <= 9351247))

table 6 : explain SELECT c FROM sbtest6 WHERE id BETWEEN 9636504 AND 9636513
	Index Scan using sbtest6_pkey on sbtest6  (cost=0.43..43.92 rows=10 width=121)
	  Index Cond: ((id >= 9636504) AND (id <= 9636513))

table 7 : explain SELECT c FROM sbtest7 WHERE id BETWEEN 6714223 AND 6714232
	Index Scan using sbtest7_pkey on sbtest7  (cost=0.43..43.75 rows=10 width=121)
	  Index Cond: ((id >= 6714223) AND (id <= 6714232))

table 8 : explain SELECT c FROM sbtest8 WHERE id BETWEEN 7828052 AND 7828061
	Index Scan using sbtest8_pkey on sbtest8  (cost=0.43..43.66 rows=10 width=121)
	  Index Cond: ((id >= 7828052) AND (id <= 7828061))
for: simple_ranges
table 1 : explain SELECT c FROM sbtest1 WHERE id BETWEEN 7571753 AND 7571762
	Index Scan using sbtest1_pkey on sbtest1  (cost=0.43..43.87 rows=10 width=121)
	  Index Cond: ((id >= 7571753) AND (id <= 7571762))

table 2 : explain SELECT c FROM sbtest2 WHERE id BETWEEN 406140 AND 406149
	Index Scan using sbtest2_pkey on sbtest2  (cost=0.43..43.78 rows=10 width=121)
	  Index Cond: ((id >= 406140) AND (id <= 406149))

table 3 : explain SELECT c FROM sbtest3 WHERE id BETWEEN 1818399 AND 1818408
	Index Scan using sbtest3_pkey on sbtest3  (cost=0.43..43.87 rows=10 width=121)
	  Index Cond: ((id >= 1818399) AND (id <= 1818408))

table 4 : explain SELECT c FROM sbtest4 WHERE id BETWEEN 9044787 AND 9044796
	Index Scan using sbtest4_pkey on sbtest4  (cost=0.43..43.75 rows=10 width=121)
	  Index Cond: ((id >= 9044787) AND (id <= 9044796))

table 5 : explain SELECT c FROM sbtest5 WHERE id BETWEEN 4363939 AND 4363948
	Index Scan using sbtest5_pkey on sbtest5  (cost=0.43..43.79 rows=10 width=121)
	  Index Cond: ((id >= 4363939) AND (id <= 4363948))

table 6 : explain SELECT c FROM sbtest6 WHERE id BETWEEN 5893292 AND 5893301
	Index Scan using sbtest6_pkey on sbtest6  (cost=0.43..43.92 rows=10 width=121)
	  Index Cond: ((id >= 5893292) AND (id <= 5893301))

table 7 : explain SELECT c FROM sbtest7 WHERE id BETWEEN 7016191 AND 7016200
	Index Scan using sbtest7_pkey on sbtest7  (cost=0.43..43.75 rows=10 width=121)
	  Index Cond: ((id >= 7016191) AND (id <= 7016200))

table 8 : explain SELECT c FROM sbtest8 WHERE id BETWEEN 7734198 AND 7734207
	Index Scan using sbtest8_pkey on sbtest8  (cost=0.43..43.66 rows=10 width=121)
	  Index Cond: ((id >= 7734198) AND (id <= 7734207))
for: sum_ranges
table 1 : explain SELECT SUM(k) FROM sbtest1 WHERE id BETWEEN 1333087 AND 1333096
	Aggregate  (cost=43.89..43.90 rows=1 width=8)
	  ->  Index Scan using sbtest1_pkey on sbtest1  (cost=0.43..43.87 rows=10 width=4)
	        Index Cond: ((id >= 1333087) AND (id <= 1333096))

table 2 : explain SELECT SUM(k) FROM sbtest2 WHERE id BETWEEN 3337008 AND 3337017
	Aggregate  (cost=43.80..43.81 rows=1 width=8)
	  ->  Index Scan using sbtest2_pkey on sbtest2  (cost=0.43..43.78 rows=10 width=4)
	        Index Cond: ((id >= 3337008) AND (id <= 3337017))

table 3 : explain SELECT SUM(k) FROM sbtest3 WHERE id BETWEEN 6367761 AND 6367770
	Aggregate  (cost=39.95..39.96 rows=1 width=8)
	  ->  Index Scan using sbtest3_pkey on sbtest3  (cost=0.43..39.93 rows=9 width=4)
	        Index Cond: ((id >= 6367761) AND (id <= 6367770))

table 4 : explain SELECT SUM(k) FROM sbtest4 WHERE id BETWEEN 9234 AND 9243
	Aggregate  (cost=43.78..43.79 rows=1 width=8)
	  ->  Index Scan using sbtest4_pkey on sbtest4  (cost=0.43..43.75 rows=10 width=4)
	        Index Cond: ((id >= 9234) AND (id <= 9243))

table 5 : explain SELECT SUM(k) FROM sbtest5 WHERE id BETWEEN 3280048 AND 3280057
	Aggregate  (cost=43.81..43.82 rows=1 width=8)
	  ->  Index Scan using sbtest5_pkey on sbtest5  (cost=0.43..43.79 rows=10 width=4)
	        Index Cond: ((id >= 3280048) AND (id <= 3280057))

table 6 : explain SELECT SUM(k) FROM sbtest6 WHERE id BETWEEN 2304895 AND 2304904
	Aggregate  (cost=43.94..43.95 rows=1 width=8)
	  ->  Index Scan using sbtest6_pkey on sbtest6  (cost=0.43..43.92 rows=10 width=4)
	        Index Cond: ((id >= 2304895) AND (id <= 2304904))

table 7 : explain SELECT SUM(k) FROM sbtest7 WHERE id BETWEEN 4949139 AND 4949148
	Aggregate  (cost=43.78..43.79 rows=1 width=8)
	  ->  Index Scan using sbtest7_pkey on sbtest7  (cost=0.43..43.75 rows=10 width=4)
	        Index Cond: ((id >= 4949139) AND (id <= 4949148))

table 8 : explain SELECT SUM(k) FROM sbtest8 WHERE id BETWEEN 122517 AND 122526
	Aggregate  (cost=43.69..43.70 rows=1 width=8)
	  ->  Index Scan using sbtest8_pkey on sbtest8  (cost=0.43..43.66 rows=10 width=4)
	        Index Cond: ((id >= 122517) AND (id <= 122526))

for: simple_ranges
table 1 : explain SELECT c FROM sbtest1 WHERE id BETWEEN 6248233 AND 6248242
	Index Scan using sbtest1_pkey on sbtest1  (cost=0.43..39.93 rows=9 width=121)
	  Index Cond: ((id >= 6248233) AND (id <= 6248242))

table 2 : explain SELECT c FROM sbtest2 WHERE id BETWEEN 817343 AND 817352
	Index Scan using sbtest2_pkey on sbtest2  (cost=0.43..43.78 rows=10 width=121)
	  Index Cond: ((id >= 817343) AND (id <= 817352))

table 3 : explain SELECT c FROM sbtest3 WHERE id BETWEEN 3206984 AND 3206993
	Index Scan using sbtest3_pkey on sbtest3  (cost=0.43..39.93 rows=9 width=121)
	  Index Cond: ((id >= 3206984) AND (id <= 3206993))

table 4 : explain SELECT c FROM sbtest4 WHERE id BETWEEN 3945492 AND 3945501
	Index Scan using sbtest4_pkey on sbtest4  (cost=0.43..39.83 rows=9 width=121)
	  Index Cond: ((id >= 3945492) AND (id <= 3945501))

table 5 : explain SELECT c FROM sbtest5 WHERE id BETWEEN 3497040 AND 3497049
	Index Scan using sbtest5_pkey on sbtest5  (cost=0.43..47.71 rows=11 width=121)
	  Index Cond: ((id >= 3497040) AND (id <= 3497049))

table 6 : explain SELECT c FROM sbtest6 WHERE id BETWEEN 228325 AND 228334
	Index Scan using sbtest6_pkey on sbtest6  (cost=0.43..47.86 rows=11 width=121)
	  Index Cond: ((id >= 228325) AND (id <= 228334))

table 7 : explain SELECT c FROM sbtest7 WHERE id BETWEEN 5061090 AND 5061099
	Index Scan using sbtest7_pkey on sbtest7  (cost=0.43..47.67 rows=11 width=121)
	  Index Cond: ((id >= 5061090) AND (id <= 5061099))

table 8 : explain SELECT c FROM sbtest8 WHERE id BETWEEN 6753849 AND 6753858
	Index Scan using sbtest8_pkey on sbtest8  (cost=0.43..39.75 rows=9 width=121)
	  Index Cond: ((id >= 6753849) AND (id <= 6753858))

for: simple_ranges
table 1 : explain SELECT c FROM sbtest1 WHERE id BETWEEN 5866002 AND 5866011
	Index Scan using sbtest1_pkey on sbtest1  (cost=0.43..43.87 rows=10 width=121)
	  Index Cond: ((id >= 5866002) AND (id <= 5866011))

table 2 : explain SELECT c FROM sbtest2 WHERE id BETWEEN 6584772 AND 6584781
	Index Scan using sbtest2_pkey on sbtest2  (cost=0.43..43.78 rows=10 width=121)
	  Index Cond: ((id >= 6584772) AND (id <= 6584781))

table 3 : explain SELECT c FROM sbtest3 WHERE id BETWEEN 207562 AND 207571
	Index Scan using sbtest3_pkey on sbtest3  (cost=0.43..43.87 rows=10 width=121)
	  Index Cond: ((id >= 207562) AND (id <= 207571))

table 4 : explain SELECT c FROM sbtest4 WHERE id BETWEEN 8793809 AND 8793818
	Index Scan using sbtest4_pkey on sbtest4  (cost=0.43..47.67 rows=11 width=121)
	  Index Cond: ((id >= 8793809) AND (id <= 8793818))

table 5 : explain SELECT c FROM sbtest5 WHERE id BETWEEN 2498668 AND 2498677
	Index Scan using sbtest5_pkey on sbtest5  (cost=0.43..43.79 rows=10 width=121)
	  Index Cond: ((id >= 2498668) AND (id <= 2498677))

table 6 : explain SELECT c FROM sbtest6 WHERE id BETWEEN 3703738 AND 3703747
	Index Scan using sbtest6_pkey on sbtest6  (cost=0.43..43.92 rows=10 width=121)
	  Index Cond: ((id >= 3703738) AND (id <= 3703747))

table 7 : explain SELECT c FROM sbtest7 WHERE id BETWEEN 5035575 AND 5035584
	Index Scan using sbtest7_pkey on sbtest7  (cost=0.43..47.67 rows=11 width=121)
	  Index Cond: ((id >= 5035575) AND (id <= 5035584))

table 8 : explain SELECT c FROM sbtest8 WHERE id BETWEEN 8020793 AND 8020802
	Index Scan using sbtest8_pkey on sbtest8  (cost=0.43..43.66 rows=10 width=121)
	  Index Cond: ((id >= 8020793) AND (id <= 8020802))


for: sum_ranges
table 1 : explain SELECT SUM(k) FROM sbtest1 WHERE id BETWEEN 5420858 AND 5420867
	Aggregate  (cost=43.89..43.90 rows=1 width=8)
	  ->  Index Scan using sbtest1_pkey on sbtest1  (cost=0.43..43.87 rows=10 width=4)
	        Index Cond: ((id >= 5420858) AND (id <= 5420867))

table 2 : explain SELECT SUM(k) FROM sbtest2 WHERE id BETWEEN 7331962 AND 7331971
	Aggregate  (cost=43.80..43.81 rows=1 width=8)
	  ->  Index Scan using sbtest2_pkey on sbtest2  (cost=0.43..43.78 rows=10 width=4)
	        Index Cond: ((id >= 7331962) AND (id <= 7331971))

table 3 : explain SELECT SUM(k) FROM sbtest3 WHERE id BETWEEN 6834840 AND 6834849
	Aggregate  (cost=51.76..51.77 rows=1 width=8)
	  ->  Index Scan using sbtest3_pkey on sbtest3  (cost=0.43..51.73 rows=12 width=4)
	        Index Cond: ((id >= 6834840) AND (id <= 6834849))

table 4 : explain SELECT SUM(k) FROM sbtest4 WHERE id BETWEEN 5807150 AND 5807159
	Aggregate  (cost=43.78..43.79 rows=1 width=8)
	  ->  Index Scan using sbtest4_pkey on sbtest4  (cost=0.43..43.75 rows=10 width=4)
	        Index Cond: ((id >= 5807150) AND (id <= 5807159))

table 5 : explain SELECT SUM(k) FROM sbtest5 WHERE id BETWEEN 8985794 AND 8985803
	Aggregate  (cost=43.81..43.82 rows=1 width=8)
	  ->  Index Scan using sbtest5_pkey on sbtest5  (cost=0.43..43.79 rows=10 width=4)
	        Index Cond: ((id >= 8985794) AND (id <= 8985803))

table 6 : explain SELECT SUM(k) FROM sbtest6 WHERE id BETWEEN 1192016 AND 1192025
	Aggregate  (cost=43.94..43.95 rows=1 width=8)
	  ->  Index Scan using sbtest6_pkey on sbtest6  (cost=0.43..43.92 rows=10 width=4)
	        Index Cond: ((id >= 1192016) AND (id <= 1192025))

table 7 : explain SELECT SUM(k) FROM sbtest7 WHERE id BETWEEN 6840291 AND 6840300
	Aggregate  (cost=43.78..43.79 rows=1 width=8)
	  ->  Index Scan using sbtest7_pkey on sbtest7  (cost=0.43..43.75 rows=10 width=4)
	        Index Cond: ((id >= 6840291) AND (id <= 6840300))

table 8 : explain SELECT SUM(k) FROM sbtest8 WHERE id BETWEEN 7591303 AND 7591312
	Aggregate  (cost=43.69..43.70 rows=1 width=8)
	  ->  Index Scan using sbtest8_pkey on sbtest8  (cost=0.43..43.66 rows=10 width=4)
	        Index Cond: ((id >= 7591303) AND (id <= 7591312))


for: sum_ranges
table 1 : explain SELECT SUM(k) FROM sbtest1 WHERE id BETWEEN 3362849 AND 3362858
	Aggregate  (cost=43.89..43.90 rows=1 width=8)
	  ->  Index Scan using sbtest1_pkey on sbtest1  (cost=0.43..43.87 rows=10 width=4)
	        Index Cond: ((id >= 3362849) AND (id <= 3362858))

table 2 : explain SELECT SUM(k) FROM sbtest2 WHERE id BETWEEN 5601842 AND 5601851
	Aggregate  (cost=43.80..43.81 rows=1 width=8)
	  ->  Index Scan using sbtest2_pkey on sbtest2  (cost=0.43..43.78 rows=10 width=4)
	        Index Cond: ((id >= 5601842) AND (id <= 5601851))

table 3 : explain SELECT SUM(k) FROM sbtest3 WHERE id BETWEEN 1582414 AND 1582423
	Aggregate  (cost=43.89..43.90 rows=1 width=8)
	  ->  Index Scan using sbtest3_pkey on sbtest3  (cost=0.43..43.87 rows=10 width=4)
	        Index Cond: ((id >= 1582414) AND (id <= 1582423))

table 4 : explain SELECT SUM(k) FROM sbtest4 WHERE id BETWEEN 9398665 AND 9398674
	Aggregate  (cost=43.78..43.79 rows=1 width=8)
	  ->  Index Scan using sbtest4_pkey on sbtest4  (cost=0.43..43.75 rows=10 width=4)
	        Index Cond: ((id >= 9398665) AND (id <= 9398674))

table 5 : explain SELECT SUM(k) FROM sbtest5 WHERE id BETWEEN 4307618 AND 4307627
	Aggregate  (cost=43.81..43.82 rows=1 width=8)
	  ->  Index Scan using sbtest5_pkey on sbtest5  (cost=0.43..43.79 rows=10 width=4)
	        Index Cond: ((id >= 4307618) AND (id <= 4307627))

table 6 : explain SELECT SUM(k) FROM sbtest6 WHERE id BETWEEN 9584869 AND 9584878
	Aggregate  (cost=47.88..47.89 rows=1 width=8)
	  ->  Index Scan using sbtest6_pkey on sbtest6  (cost=0.43..47.86 rows=11 width=4)
	        Index Cond: ((id >= 9584869) AND (id <= 9584878))

table 7 : explain SELECT SUM(k) FROM sbtest7 WHERE id BETWEEN 8024324 AND 8024333
	Aggregate  (cost=47.70..47.71 rows=1 width=8)
	  ->  Index Scan using sbtest7_pkey on sbtest7  (cost=0.43..47.67 rows=11 width=4)
	        Index Cond: ((id >= 8024324) AND (id <= 8024333))

table 8 : explain SELECT SUM(k) FROM sbtest8 WHERE id BETWEEN 2345124 AND 2345133
	Aggregate  (cost=43.69..43.70 rows=1 width=8)
	  ->  Index Scan using sbtest8_pkey on sbtest8  (cost=0.43..43.66 rows=10 width=4)
	        Index Cond: ((id >= 2345124) AND (id <= 2345133))

for: simple_ranges
table 1 : explain SELECT c FROM sbtest1 WHERE id BETWEEN 4278135 AND 4278144
	Index Scan using sbtest1_pkey on sbtest1  (cost=0.43..43.87 rows=10 width=121)
	  Index Cond: ((id >= 4278135) AND (id <= 4278144))

table 2 : explain SELECT c FROM sbtest2 WHERE id BETWEEN 8299705 AND 8299714
	Index Scan using sbtest2_pkey on sbtest2  (cost=0.43..43.78 rows=10 width=121)
	  Index Cond: ((id >= 8299705) AND (id <= 8299714))

table 3 : explain SELECT c FROM sbtest3 WHERE id BETWEEN 3031406 AND 3031415
	Index Scan using sbtest3_pkey on sbtest3  (cost=0.43..43.87 rows=10 width=121)
	  Index Cond: ((id >= 3031406) AND (id <= 3031415))

table 4 : explain SELECT c FROM sbtest4 WHERE id BETWEEN 9307327 AND 9307336
	Index Scan using sbtest4_pkey on sbtest4  (cost=0.43..43.75 rows=10 width=121)
	  Index Cond: ((id >= 9307327) AND (id <= 9307336))

table 5 : explain SELECT c FROM sbtest5 WHERE id BETWEEN 2025241 AND 2025250
	Index Scan using sbtest5_pkey on sbtest5  (cost=0.43..43.79 rows=10 width=121)
	  Index Cond: ((id >= 2025241) AND (id <= 2025250))

table 6 : explain SELECT c FROM sbtest6 WHERE id BETWEEN 7117773 AND 7117782
	Index Scan using sbtest6_pkey on sbtest6  (cost=0.43..43.92 rows=10 width=121)
	  Index Cond: ((id >= 7117773) AND (id <= 7117782))

table 7 : explain SELECT c FROM sbtest7 WHERE id BETWEEN 5611146 AND 5611155
	Index Scan using sbtest7_pkey on sbtest7  (cost=0.43..43.75 rows=10 width=121)
	  Index Cond: ((id >= 5611146) AND (id <= 5611155))

table 8 : explain SELECT c FROM sbtest8 WHERE id BETWEEN 1269474 AND 1269483
	Index Scan using sbtest8_pkey on sbtest8  (cost=0.43..43.66 rows=10 width=121)
	  Index Cond: ((id >= 1269474) AND (id <= 1269483))

for: order_ranges
table 1 : explain SELECT c FROM sbtest1 WHERE id BETWEEN 2624460 AND 2624469 ORDER BY c
	Sort  (cost=44.04..44.06 rows=10 width=121)
	  Sort Key: c
	  ->  Index Scan using sbtest1_pkey on sbtest1  (cost=0.43..43.87 rows=10 width=121)
	        Index Cond: ((id >= 2624460) AND (id <= 2624469))

table 2 : explain SELECT c FROM sbtest2 WHERE id BETWEEN 2010659 AND 2010668 ORDER BY c
	Sort  (cost=39.99..40.02 rows=9 width=121)
	  Sort Key: c
	  ->  Index Scan using sbtest2_pkey on sbtest2  (cost=0.43..39.85 rows=9 width=121)
	        Index Cond: ((id >= 2010659) AND (id <= 2010668))

table 3 : explain SELECT c FROM sbtest3 WHERE id BETWEEN 2355217 AND 2355226 ORDER BY c
	Sort  (cost=40.07..40.10 rows=9 width=121)
	  Sort Key: c
	  ->  Index Scan using sbtest3_pkey on sbtest3  (cost=0.43..39.93 rows=9 width=121)
	        Index Cond: ((id >= 2355217) AND (id <= 2355226))

table 4 : explain SELECT c FROM sbtest4 WHERE id BETWEEN 2622104 AND 2622113 ORDER BY c
	Sort  (cost=43.92..43.94 rows=10 width=121)
	  Sort Key: c
	  ->  Index Scan using sbtest4_pkey on sbtest4  (cost=0.43..43.75 rows=10 width=121)
	        Index Cond: ((id >= 2622104) AND (id <= 2622113))

table 5 : explain SELECT c FROM sbtest5 WHERE id BETWEEN 849260 AND 849269 ORDER BY c
	Sort  (cost=43.95..43.98 rows=10 width=121)
	  Sort Key: c
	  ->  Index Scan using sbtest5_pkey on sbtest5  (cost=0.43..43.79 rows=10 width=121)
	        Index Cond: ((id >= 849260) AND (id <= 849269))

table 6 : explain SELECT c FROM sbtest6 WHERE id BETWEEN 8645626 AND 8645635 ORDER BY c
	Sort  (cost=44.08..44.11 rows=10 width=121)
	  Sort Key: c
	  ->  Index Scan using sbtest6_pkey on sbtest6  (cost=0.43..43.92 rows=10 width=121)
	        Index Cond: ((id >= 8645626) AND (id <= 8645635))

table 7 : explain SELECT c FROM sbtest7 WHERE id BETWEEN 4053648 AND 4053657 ORDER BY c
	Sort  (cost=43.92..43.94 rows=10 width=121)
	  Sort Key: c
	  ->  Index Scan using sbtest7_pkey on sbtest7  (cost=0.43..43.75 rows=10 width=121)
	        Index Cond: ((id >= 4053648) AND (id <= 4053657))

table 8 : explain SELECT c FROM sbtest8 WHERE id BETWEEN 9399935 AND 9399944 ORDER BY c
	Sort  (cost=39.89..39.92 rows=9 width=121)
	  Sort Key: c
	  ->  Index Scan using sbtest8_pkey on sbtest8  (cost=0.43..39.75 rows=9 width=121)
	        Index Cond: ((id >= 9399935) AND (id <= 9399944))

for: sum_ranges
table 1 : explain SELECT SUM(k) FROM sbtest1 WHERE id BETWEEN 4966313 AND 4966322
	Aggregate  (cost=43.89..43.90 rows=1 width=8)
	  ->  Index Scan using sbtest1_pkey on sbtest1  (cost=0.43..43.87 rows=10 width=4)
	        Index Cond: ((id >= 4966313) AND (id <= 4966322))

table 2 : explain SELECT SUM(k) FROM sbtest2 WHERE id BETWEEN 1866983 AND 1866992
	Aggregate  (cost=43.80..43.81 rows=1 width=8)
	  ->  Index Scan using sbtest2_pkey on sbtest2  (cost=0.43..43.78 rows=10 width=4)
	        Index Cond: ((id >= 1866983) AND (id <= 1866992))

table 3 : explain SELECT SUM(k) FROM sbtest3 WHERE id BETWEEN 9070819 AND 9070828
	Aggregate  (cost=43.89..43.90 rows=1 width=8)
	  ->  Index Scan using sbtest3_pkey on sbtest3  (cost=0.43..43.87 rows=10 width=4)
	        Index Cond: ((id >= 9070819) AND (id <= 9070828))

table 4 : explain SELECT SUM(k) FROM sbtest4 WHERE id BETWEEN 1722401 AND 1722410
	Aggregate  (cost=43.78..43.79 rows=1 width=8)
	  ->  Index Scan using sbtest4_pkey on sbtest4  (cost=0.43..43.75 rows=10 width=4)
	        Index Cond: ((id >= 1722401) AND (id <= 1722410))

table 5 : explain SELECT SUM(k) FROM sbtest5 WHERE id BETWEEN 2071901 AND 2071910
	Aggregate  (cost=43.81..43.82 rows=1 width=8)
	  ->  Index Scan using sbtest5_pkey on sbtest5  (cost=0.43..43.79 rows=10 width=4)
	        Index Cond: ((id >= 2071901) AND (id <= 2071910))

table 6 : explain SELECT SUM(k) FROM sbtest6 WHERE id BETWEEN 7401792 AND 7401801
	Aggregate  (cost=40.00..40.01 rows=1 width=8)
	  ->  Index Scan using sbtest6_pkey on sbtest6  (cost=0.43..39.98 rows=9 width=4)
	        Index Cond: ((id >= 7401792) AND (id <= 7401801))

table 7 : explain SELECT SUM(k) FROM sbtest7 WHERE id BETWEEN 8912098 AND 8912107
	Aggregate  (cost=43.78..43.79 rows=1 width=8)
	  ->  Index Scan using sbtest7_pkey on sbtest7  (cost=0.43..43.75 rows=10 width=4)
	        Index Cond: ((id >= 8912098) AND (id <= 8912107))

table 8 : explain SELECT SUM(k) FROM sbtest8 WHERE id BETWEEN 6164020 AND 6164029
	Aggregate  (cost=43.69..43.70 rows=1 width=8)
	  ->  Index Scan using sbtest8_pkey on sbtest8  (cost=0.43..43.66 rows=10 width=4)
	        Index Cond: ((id >= 6164020) AND (id <= 6164029))

for: simple_ranges
table 1 : explain SELECT c FROM sbtest1 WHERE id BETWEEN 379675 AND 379684
	Index Scan using sbtest1_pkey on sbtest1  (cost=0.43..43.87 rows=10 width=121)
	  Index Cond: ((id >= 379675) AND (id <= 379684))

table 2 : explain SELECT c FROM sbtest2 WHERE id BETWEEN 1120243 AND 1120252
	Index Scan using sbtest2_pkey on sbtest2  (cost=0.43..47.70 rows=11 width=121)
	  Index Cond: ((id >= 1120243) AND (id <= 1120252))

table 3 : explain SELECT c FROM sbtest3 WHERE id BETWEEN 5613934 AND 5613943
	Index Scan using sbtest3_pkey on sbtest3  (cost=0.43..39.93 rows=9 width=121)
	  Index Cond: ((id >= 5613934) AND (id <= 5613943))

table 4 : explain SELECT c FROM sbtest4 WHERE id BETWEEN 1772411 AND 1772420
	Index Scan using sbtest4_pkey on sbtest4  (cost=0.43..43.75 rows=10 width=121)
	  Index Cond: ((id >= 1772411) AND (id <= 1772420))

table 5 : explain SELECT c FROM sbtest5 WHERE id BETWEEN 5271958 AND 5271967
	Index Scan using sbtest5_pkey on sbtest5  (cost=0.43..43.79 rows=10 width=121)
	  Index Cond: ((id >= 5271958) AND (id <= 5271967))

table 6 : explain SELECT c FROM sbtest6 WHERE id BETWEEN 5041159 AND 5041168
	Index Scan using sbtest6_pkey on sbtest6  (cost=0.43..39.98 rows=9 width=121)
	  Index Cond: ((id >= 5041159) AND (id <= 5041168))

table 7 : explain SELECT c FROM sbtest7 WHERE id BETWEEN 3849494 AND 3849503
	Index Scan using sbtest7_pkey on sbtest7  (cost=0.43..43.75 rows=10 width=121)
	  Index Cond: ((id >= 3849494) AND (id <= 3849503))

table 8 : explain SELECT c FROM sbtest8 WHERE id BETWEEN 4632132 AND 4632141
	Index Scan using sbtest8_pkey on sbtest8  (cost=0.43..43.66 rows=10 width=121)
	  Index Cond: ((id >= 4632132) AND (id <= 4632141))

for: order_ranges
table 1 : explain SELECT c FROM sbtest1 WHERE id BETWEEN 1920742 AND 1920751 ORDER BY c
	Sort  (cost=44.04..44.06 rows=10 width=121)
	  Sort Key: c
	  ->  Index Scan using sbtest1_pkey on sbtest1  (cost=0.43..43.87 rows=10 width=121)
	        Index Cond: ((id >= 1920742) AND (id <= 1920751))

table 2 : explain SELECT c FROM sbtest2 WHERE id BETWEEN 3691105 AND 3691114 ORDER BY c
	Sort  (cost=43.94..43.97 rows=10 width=121)
	  Sort Key: c
	  ->  Index Scan using sbtest2_pkey on sbtest2  (cost=0.43..43.78 rows=10 width=121)
	        Index Cond: ((id >= 3691105) AND (id <= 3691114))

table 3 : explain SELECT c FROM sbtest3 WHERE id BETWEEN 649680 AND 649689 ORDER BY c
	Sort  (cost=44.03..44.06 rows=10 width=121)
	  Sort Key: c
	  ->  Index Scan using sbtest3_pkey on sbtest3  (cost=0.43..43.87 rows=10 width=121)
	        Index Cond: ((id >= 649680) AND (id <= 649689))

table 4 : explain SELECT c FROM sbtest4 WHERE id BETWEEN 8565846 AND 8565855 ORDER BY c
	Sort  (cost=43.92..43.94 rows=10 width=121)
	  Sort Key: c
	  ->  Index Scan using sbtest4_pkey on sbtest4  (cost=0.43..43.75 rows=10 width=121)
	        Index Cond: ((id >= 8565846) AND (id <= 8565855))

table 5 : explain SELECT c FROM sbtest5 WHERE id BETWEEN 2834807 AND 2834816 ORDER BY c
	Sort  (cost=40.01..40.03 rows=9 width=121)
	  Sort Key: c
	  ->  Index Scan using sbtest5_pkey on sbtest5  (cost=0.43..39.86 rows=9 width=121)
	        Index Cond: ((id >= 2834807) AND (id <= 2834816))

table 6 : explain SELECT c FROM sbtest6 WHERE id BETWEEN 5204611 AND 5204620 ORDER BY c
	Sort  (cost=44.08..44.11 rows=10 width=121)
	  Sort Key: c
	  ->  Index Scan using sbtest6_pkey on sbtest6  (cost=0.43..43.92 rows=10 width=121)
	        Index Cond: ((id >= 5204611) AND (id <= 5204620))

table 7 : explain SELECT c FROM sbtest7 WHERE id BETWEEN 4583131 AND 4583140 ORDER BY c
	Sort  (cost=43.92..43.94 rows=10 width=121)
	  Sort Key: c
	  ->  Index Scan using sbtest7_pkey on sbtest7  (cost=0.43..43.75 rows=10 width=121)
	        Index Cond: ((id >= 4583131) AND (id <= 4583140))

table 8 : explain SELECT c FROM sbtest8 WHERE id BETWEEN 8081115 AND 8081124 ORDER BY c
	Sort  (cost=47.76..47.79 rows=11 width=121)
	  Sort Key: c
	  ->  Index Scan using sbtest8_pkey on sbtest8  (cost=0.43..47.57 rows=11 width=121)
	        Index Cond: ((id >= 8081115) AND (id <= 8081124))

for: sum_ranges
table 1 : explain SELECT SUM(k) FROM sbtest1 WHERE id BETWEEN 350905 AND 350914
	Aggregate  (cost=43.89..43.90 rows=1 width=8)
	  ->  Index Scan using sbtest1_pkey on sbtest1  (cost=0.43..43.87 rows=10 width=4)
	        Index Cond: ((id >= 350905) AND (id <= 350914))

table 2 : explain SELECT SUM(k) FROM sbtest2 WHERE id BETWEEN 3312262 AND 3312271
	Aggregate  (cost=43.80..43.81 rows=1 width=8)
	  ->  Index Scan using sbtest2_pkey on sbtest2  (cost=0.43..43.78 rows=10 width=4)
	        Index Cond: ((id >= 3312262) AND (id <= 3312271))

table 3 : explain SELECT SUM(k) FROM sbtest3 WHERE id BETWEEN 9372690 AND 9372699
	Aggregate  (cost=39.95..39.96 rows=1 width=8)
	  ->  Index Scan using sbtest3_pkey on sbtest3  (cost=0.43..39.93 rows=9 width=4)
	        Index Cond: ((id >= 9372690) AND (id <= 9372699))

table 4 : explain SELECT SUM(k) FROM sbtest4 WHERE id BETWEEN 5682561 AND 5682570
	Aggregate  (cost=43.78..43.79 rows=1 width=8)
	  ->  Index Scan using sbtest4_pkey on sbtest4  (cost=0.43..43.75 rows=10 width=4)
	        Index Cond: ((id >= 5682561) AND (id <= 5682570))

table 5 : explain SELECT SUM(k) FROM sbtest5 WHERE id BETWEEN 758586 AND 758595
	Aggregate  (cost=47.74..47.75 rows=1 width=8)
	  ->  Index Scan using sbtest5_pkey on sbtest5  (cost=0.43..47.71 rows=11 width=4)
	        Index Cond: ((id >= 758586) AND (id <= 758595))

table 6 : explain SELECT SUM(k) FROM sbtest6 WHERE id BETWEEN 3916923 AND 3916932
	Aggregate  (cost=47.88..47.89 rows=1 width=8)
	  ->  Index Scan using sbtest6_pkey on sbtest6  (cost=0.43..47.86 rows=11 width=4)
	        Index Cond: ((id >= 3916923) AND (id <= 3916932))

table 7 : explain SELECT SUM(k) FROM sbtest7 WHERE id BETWEEN 4682230 AND 4682239
	Aggregate  (cost=43.78..43.79 rows=1 width=8)
	  ->  Index Scan using sbtest7_pkey on sbtest7  (cost=0.43..43.75 rows=10 width=4)
	        Index Cond: ((id >= 4682230) AND (id <= 4682239))

table 8 : explain SELECT SUM(k) FROM sbtest8 WHERE id BETWEEN 5896231 AND 5896240
	Aggregate  (cost=43.69..43.70 rows=1 width=8)
	  ->  Index Scan using sbtest8_pkey on sbtest8  (cost=0.43..43.66 rows=10 width=4)
	        Index Cond: ((id >= 5896231) AND (id <= 5896240))

for: sum_ranges
table 1 : explain SELECT SUM(k) FROM sbtest1 WHERE id BETWEEN 4366672 AND 4366681
	Aggregate  (cost=43.89..43.90 rows=1 width=8)
	  ->  Index Scan using sbtest1_pkey on sbtest1  (cost=0.43..43.87 rows=10 width=4)
	        Index Cond: ((id >= 4366672) AND (id <= 4366681))

table 2 : explain SELECT SUM(k) FROM sbtest2 WHERE id BETWEEN 5250275 AND 5250284
	Aggregate  (cost=43.80..43.81 rows=1 width=8)
	  ->  Index Scan using sbtest2_pkey on sbtest2  (cost=0.43..43.78 rows=10 width=4)
	        Index Cond: ((id >= 5250275) AND (id <= 5250284))

table 3 : explain SELECT SUM(k) FROM sbtest3 WHERE id BETWEEN 6319976 AND 6319985
	Aggregate  (cost=39.95..39.96 rows=1 width=8)
	  ->  Index Scan using sbtest3_pkey on sbtest3  (cost=0.43..39.93 rows=9 width=4)
	        Index Cond: ((id >= 6319976) AND (id <= 6319985))

table 4 : explain SELECT SUM(k) FROM sbtest4 WHERE id BETWEEN 1308119 AND 1308128
	Aggregate  (cost=43.78..43.79 rows=1 width=8)
	  ->  Index Scan using sbtest4_pkey on sbtest4  (cost=0.43..43.75 rows=10 width=4)
	        Index Cond: ((id >= 1308119) AND (id <= 1308128))

table 5 : explain SELECT SUM(k) FROM sbtest5 WHERE id BETWEEN 5471181 AND 5471190
	Aggregate  (cost=43.81..43.82 rows=1 width=8)
	  ->  Index Scan using sbtest5_pkey on sbtest5  (cost=0.43..43.79 rows=10 width=4)
	        Index Cond: ((id >= 5471181) AND (id <= 5471190))

table 6 : explain SELECT SUM(k) FROM sbtest6 WHERE id BETWEEN 5450156 AND 5450165
	Aggregate  (cost=40.00..40.01 rows=1 width=8)
	  ->  Index Scan using sbtest6_pkey on sbtest6  (cost=0.43..39.98 rows=9 width=4)
	        Index Cond: ((id >= 5450156) AND (id <= 5450165))

table 7 : explain SELECT SUM(k) FROM sbtest7 WHERE id BETWEEN 1664382 AND 1664391
	Aggregate  (cost=47.70..47.71 rows=1 width=8)
	  ->  Index Scan using sbtest7_pkey on sbtest7  (cost=0.43..47.67 rows=11 width=4)
	        Index Cond: ((id >= 1664382) AND (id <= 1664391))

table 8 : explain SELECT SUM(k) FROM sbtest8 WHERE id BETWEEN 3660614 AND 3660623
	Aggregate  (cost=43.69..43.70 rows=1 width=8)
	  ->  Index Scan using sbtest8_pkey on sbtest8  (cost=0.43..43.66 rows=10 width=4)
	        Index Cond: ((id >= 3660614) AND (id <= 3660623))

for: sum_ranges
table 1 : explain SELECT SUM(k) FROM sbtest1 WHERE id BETWEEN 8654004 AND 8654013
	Aggregate  (cost=43.89..43.90 rows=1 width=8)
	  ->  Index Scan using sbtest1_pkey on sbtest1  (cost=0.43..43.87 rows=10 width=4)
	        Index Cond: ((id >= 8654004) AND (id <= 8654013))

table 2 : explain SELECT SUM(k) FROM sbtest2 WHERE id BETWEEN 1891607 AND 1891616
	Aggregate  (cost=43.80..43.81 rows=1 width=8)
	  ->  Index Scan using sbtest2_pkey on sbtest2  (cost=0.43..43.78 rows=10 width=4)
	        Index Cond: ((id >= 1891607) AND (id <= 1891616))

table 3 : explain SELECT SUM(k) FROM sbtest3 WHERE id BETWEEN 3447080 AND 3447089
	Aggregate  (cost=43.89..43.90 rows=1 width=8)
	  ->  Index Scan using sbtest3_pkey on sbtest3  (cost=0.43..43.87 rows=10 width=4)
	        Index Cond: ((id >= 3447080) AND (id <= 3447089))

table 4 : explain SELECT SUM(k) FROM sbtest4 WHERE id BETWEEN 940338 AND 940347
	Aggregate  (cost=43.78..43.79 rows=1 width=8)
	  ->  Index Scan using sbtest4_pkey on sbtest4  (cost=0.43..43.75 rows=10 width=4)
	        Index Cond: ((id >= 940338) AND (id <= 940347))

table 5 : explain SELECT SUM(k) FROM sbtest5 WHERE id BETWEEN 1860725 AND 1860734
	Aggregate  (cost=43.81..43.82 rows=1 width=8)
	  ->  Index Scan using sbtest5_pkey on sbtest5  (cost=0.43..43.79 rows=10 width=4)
	        Index Cond: ((id >= 1860725) AND (id <= 1860734))

table 6 : explain SELECT SUM(k) FROM sbtest6 WHERE id BETWEEN 7255384 AND 7255393
	Aggregate  (cost=43.94..43.95 rows=1 width=8)
	  ->  Index Scan using sbtest6_pkey on sbtest6  (cost=0.43..43.92 rows=10 width=4)
	        Index Cond: ((id >= 7255384) AND (id <= 7255393))

table 7 : explain SELECT SUM(k) FROM sbtest7 WHERE id BETWEEN 3464848 AND 3464857
	Aggregate  (cost=43.78..43.79 rows=1 width=8)
	  ->  Index Scan using sbtest7_pkey on sbtest7  (cost=0.43..43.75 rows=10 width=4)
	        Index Cond: ((id >= 3464848) AND (id <= 3464857))

table 8 : explain SELECT SUM(k) FROM sbtest8 WHERE id BETWEEN 254455 AND 254464
	Aggregate  (cost=47.60..47.61 rows=1 width=8)
	  ->  Index Scan using sbtest8_pkey on sbtest8  (cost=0.43..47.57 rows=11 width=4)
	        Index Cond: ((id >= 254455) AND (id <= 254464))

for: order_ranges
table 1 : explain SELECT c FROM sbtest1 WHERE id BETWEEN 6277906 AND 6277915 ORDER BY c
	Sort  (cost=40.08..40.10 rows=9 width=121)
	  Sort Key: c
	  ->  Index Scan using sbtest1_pkey on sbtest1  (cost=0.43..39.93 rows=9 width=121)
	        Index Cond: ((id >= 6277906) AND (id <= 6277915))

table 2 : explain SELECT c FROM sbtest2 WHERE id BETWEEN 3403321 AND 3403330 ORDER BY c
	Sort  (cost=43.94..43.97 rows=10 width=121)
	  Sort Key: c
	  ->  Index Scan using sbtest2_pkey on sbtest2  (cost=0.43..43.78 rows=10 width=121)
	        Index Cond: ((id >= 3403321) AND (id <= 3403330))

table 3 : explain SELECT c FROM sbtest3 WHERE id BETWEEN 1548791 AND 1548800 ORDER BY c
	Sort  (cost=44.03..44.06 rows=10 width=121)
	  Sort Key: c
	  ->  Index Scan using sbtest3_pkey on sbtest3  (cost=0.43..43.87 rows=10 width=121)
	        Index Cond: ((id >= 1548791) AND (id <= 1548800))

table 4 : explain SELECT c FROM sbtest4 WHERE id BETWEEN 1942865 AND 1942874 ORDER BY c
	Sort  (cost=43.92..43.94 rows=10 width=121)
	  Sort Key: c
	  ->  Index Scan using sbtest4_pkey on sbtest4  (cost=0.43..43.75 rows=10 width=121)
	        Index Cond: ((id >= 1942865) AND (id <= 1942874))

table 5 : explain SELECT c FROM sbtest5 WHERE id BETWEEN 399411 AND 399420 ORDER BY c
	Sort  (cost=47.91..47.93 rows=11 width=121)
	  Sort Key: c
	  ->  Index Scan using sbtest5_pkey on sbtest5  (cost=0.43..47.71 rows=11 width=121)
	        Index Cond: ((id >= 399411) AND (id <= 399420))

table 6 : explain SELECT c FROM sbtest6 WHERE id BETWEEN 1040065 AND 1040074 ORDER BY c
	Sort  (cost=44.08..44.11 rows=10 width=121)
	  Sort Key: c
	  ->  Index Scan using sbtest6_pkey on sbtest6  (cost=0.43..43.92 rows=10 width=121)
	        Index Cond: ((id >= 1040065) AND (id <= 1040074))

table 7 : explain SELECT c FROM sbtest7 WHERE id BETWEEN 8495476 AND 8495485 ORDER BY c
	Sort  (cost=43.92..43.94 rows=10 width=121)
	  Sort Key: c
	  ->  Index Scan using sbtest7_pkey on sbtest7  (cost=0.43..43.75 rows=10 width=121)
	        Index Cond: ((id >= 8495476) AND (id <= 8495485))

table 8 : explain SELECT c FROM sbtest8 WHERE id BETWEEN 4774557 AND 4774566 ORDER BY c
	Sort  (cost=43.83..43.85 rows=10 width=121)
	  Sort Key: c
	  ->  Index Scan using sbtest8_pkey on sbtest8  (cost=0.43..43.66 rows=10 width=121)
	        Index Cond: ((id >= 4774557) AND (id <= 4774566))

for: order_ranges
table 1 : explain SELECT c FROM sbtest1 WHERE id BETWEEN 7445484 AND 7445493 ORDER BY c
	Sort  (cost=47.99..48.02 rows=11 width=121)
	  Sort Key: c
	  ->  Index Scan using sbtest1_pkey on sbtest1  (cost=0.43..47.80 rows=11 width=121)
	        Index Cond: ((id >= 7445484) AND (id <= 7445493))

table 2 : explain SELECT c FROM sbtest2 WHERE id BETWEEN 8941780 AND 8941789 ORDER BY c
	Sort  (cost=43.94..43.97 rows=10 width=121)
	  Sort Key: c
	  ->  Index Scan using sbtest2_pkey on sbtest2  (cost=0.43..43.78 rows=10 width=121)
	        Index Cond: ((id >= 8941780) AND (id <= 8941789))

table 3 : explain SELECT c FROM sbtest3 WHERE id BETWEEN 6536666 AND 6536675 ORDER BY c
	Sort  (cost=44.03..44.06 rows=10 width=121)
	  Sort Key: c
	  ->  Index Scan using sbtest3_pkey on sbtest3  (cost=0.43..43.87 rows=10 width=121)
	        Index Cond: ((id >= 6536666) AND (id <= 6536675))

table 4 : explain SELECT c FROM sbtest4 WHERE id BETWEEN 3605360 AND 3605369 ORDER BY c
	Sort  (cost=43.92..43.94 rows=10 width=121)
	  Sort Key: c
	  ->  Index Scan using sbtest4_pkey on sbtest4  (cost=0.43..43.75 rows=10 width=121)
	        Index Cond: ((id >= 3605360) AND (id <= 3605369))

table 5 : explain SELECT c FROM sbtest5 WHERE id BETWEEN 2227570 AND 2227579 ORDER BY c
	Sort  (cost=43.95..43.98 rows=10 width=121)
	  Sort Key: c
	  ->  Index Scan using sbtest5_pkey on sbtest5  (cost=0.43..43.79 rows=10 width=121)
	        Index Cond: ((id >= 2227570) AND (id <= 2227579))

table 6 : explain SELECT c FROM sbtest6 WHERE id BETWEEN 5572458 AND 5572467 ORDER BY c
	Sort  (cost=44.08..44.11 rows=10 width=121)
	  Sort Key: c
	  ->  Index Scan using sbtest6_pkey on sbtest6  (cost=0.43..43.92 rows=10 width=121)
	        Index Cond: ((id >= 5572458) AND (id <= 5572467))

table 7 : explain SELECT c FROM sbtest7 WHERE id BETWEEN 7424154 AND 7424163 ORDER BY c
	Sort  (cost=43.92..43.94 rows=10 width=121)
	  Sort Key: c
	  ->  Index Scan using sbtest7_pkey on sbtest7  (cost=0.43..43.75 rows=10 width=121)
	        Index Cond: ((id >= 7424154) AND (id <= 7424163))

table 8 : explain SELECT c FROM sbtest8 WHERE id BETWEEN 3635157 AND 3635166 ORDER BY c
	Sort  (cost=43.83..43.85 rows=10 width=121)
	  Sort Key: c
	  ->  Index Scan using sbtest8_pkey on sbtest8  (cost=0.43..43.66 rows=10 width=121)
	        Index Cond: ((id >= 3635157) AND (id <= 3635166))

for: order_ranges
table 1 : explain SELECT c FROM sbtest1 WHERE id BETWEEN 9388076 AND 9388085 ORDER BY c
	Sort  (cost=44.04..44.06 rows=10 width=121)
	  Sort Key: c
	  ->  Index Scan using sbtest1_pkey on sbtest1  (cost=0.43..43.87 rows=10 width=121)
	        Index Cond: ((id >= 9388076) AND (id <= 9388085))

table 2 : explain SELECT c FROM sbtest2 WHERE id BETWEEN 7335880 AND 7335889 ORDER BY c
	Sort  (cost=43.94..43.97 rows=10 width=121)
	  Sort Key: c
	  ->  Index Scan using sbtest2_pkey on sbtest2  (cost=0.43..43.78 rows=10 width=121)
	        Index Cond: ((id >= 7335880) AND (id <= 7335889))

table 3 : explain SELECT c FROM sbtest3 WHERE id BETWEEN 5473147 AND 5473156 ORDER BY c
	Sort  (cost=44.03..44.06 rows=10 width=121)
	  Sort Key: c
	  ->  Index Scan using sbtest3_pkey on sbtest3  (cost=0.43..43.87 rows=10 width=121)
	        Index Cond: ((id >= 5473147) AND (id <= 5473156))

table 4 : explain SELECT c FROM sbtest4 WHERE id BETWEEN 6161019 AND 6161028 ORDER BY c
	Sort  (cost=43.92..43.94 rows=10 width=121)
	  Sort Key: c
	  ->  Index Scan using sbtest4_pkey on sbtest4  (cost=0.43..43.75 rows=10 width=121)
	        Index Cond: ((id >= 6161019) AND (id <= 6161028))

table 5 : explain SELECT c FROM sbtest5 WHERE id BETWEEN 2479423 AND 2479432 ORDER BY c
	Sort  (cost=43.95..43.98 rows=10 width=121)
	  Sort Key: c
	  ->  Index Scan using sbtest5_pkey on sbtest5  (cost=0.43..43.79 rows=10 width=121)
	        Index Cond: ((id >= 2479423) AND (id <= 2479432))

table 6 : explain SELECT c FROM sbtest6 WHERE id BETWEEN 6263647 AND 6263656 ORDER BY c
	Sort  (cost=44.08..44.11 rows=10 width=121)
	  Sort Key: c
	  ->  Index Scan using sbtest6_pkey on sbtest6  (cost=0.43..43.92 rows=10 width=121)
	        Index Cond: ((id >= 6263647) AND (id <= 6263656))

table 7 : explain SELECT c FROM sbtest7 WHERE id BETWEEN 4423486 AND 4423495 ORDER BY c
	Sort  (cost=47.86..47.89 rows=11 width=121)
	  Sort Key: c
	  ->  Index Scan using sbtest7_pkey on sbtest7  (cost=0.43..47.67 rows=11 width=121)
	        Index Cond: ((id >= 4423486) AND (id <= 4423495))

table 8 : explain SELECT c FROM sbtest8 WHERE id BETWEEN 1494400 AND 1494409 ORDER BY c
	Sort  (cost=43.83..43.85 rows=10 width=121)
	  Sort Key: c
	  ->  Index Scan using sbtest8_pkey on sbtest8  (cost=0.43..43.66 rows=10 width=121)
	        Index Cond: ((id >= 1494400) AND (id <= 1494409))

for: order_ranges
table 1 : explain SELECT c FROM sbtest1 WHERE id BETWEEN 6167210 AND 6167219 ORDER BY c
	Sort  (cost=44.04..44.06 rows=10 width=121)
	  Sort Key: c
	  ->  Index Scan using sbtest1_pkey on sbtest1  (cost=0.43..43.87 rows=10 width=121)
	        Index Cond: ((id >= 6167210) AND (id <= 6167219))

table 2 : explain SELECT c FROM sbtest2 WHERE id BETWEEN 3855829 AND 3855838 ORDER BY c
	Sort  (cost=43.94..43.97 rows=10 width=121)
	  Sort Key: c
	  ->  Index Scan using sbtest2_pkey on sbtest2  (cost=0.43..43.78 rows=10 width=121)
	        Index Cond: ((id >= 3855829) AND (id <= 3855838))

table 3 : explain SELECT c FROM sbtest3 WHERE id BETWEEN 4685893 AND 4685902 ORDER BY c
	Sort  (cost=44.03..44.06 rows=10 width=121)
	  Sort Key: c
	  ->  Index Scan using sbtest3_pkey on sbtest3  (cost=0.43..43.87 rows=10 width=121)
	        Index Cond: ((id >= 4685893) AND (id <= 4685902))

table 4 : explain SELECT c FROM sbtest4 WHERE id BETWEEN 431747 AND 431756 ORDER BY c
	Sort  (cost=43.92..43.94 rows=10 width=121)
	  Sort Key: c
	  ->  Index Scan using sbtest4_pkey on sbtest4  (cost=0.43..43.75 rows=10 width=121)
	        Index Cond: ((id >= 431747) AND (id <= 431756))

table 5 : explain SELECT c FROM sbtest5 WHERE id BETWEEN 8902835 AND 8902844 ORDER BY c
	Sort  (cost=43.95..43.98 rows=10 width=121)
	  Sort Key: c
	  ->  Index Scan using sbtest5_pkey on sbtest5  (cost=0.43..43.79 rows=10 width=121)
	        Index Cond: ((id >= 8902835) AND (id <= 8902844))

table 6 : explain SELECT c FROM sbtest6 WHERE id BETWEEN 3016775 AND 3016784 ORDER BY c
	Sort  (cost=44.08..44.11 rows=10 width=121)
	  Sort Key: c
	  ->  Index Scan using sbtest6_pkey on sbtest6  (cost=0.43..43.92 rows=10 width=121)
	        Index Cond: ((id >= 3016775) AND (id <= 3016784))

table 7 : explain SELECT c FROM sbtest7 WHERE id BETWEEN 1190203 AND 1190212 ORDER BY c
	Sort  (cost=43.92..43.94 rows=10 width=121)
	  Sort Key: c
	  ->  Index Scan using sbtest7_pkey on sbtest7  (cost=0.43..43.75 rows=10 width=121)
	        Index Cond: ((id >= 1190203) AND (id <= 1190212))

table 8 : explain SELECT c FROM sbtest8 WHERE id BETWEEN 5179518 AND 5179527 ORDER BY c
	Sort  (cost=43.83..43.85 rows=10 width=121)
	  Sort Key: c
	  ->  Index Scan using sbtest8_pkey on sbtest8  (cost=0.43..43.66 rows=10 width=121)
	        Index Cond: ((id >= 5179518) AND (id <= 5179527))

for: order_ranges
table 1 : explain SELECT c FROM sbtest1 WHERE id BETWEEN 7596156 AND 7596165 ORDER BY c
	Sort  (cost=44.04..44.06 rows=10 width=121)
	  Sort Key: c
	  ->  Index Scan using sbtest1_pkey on sbtest1  (cost=0.43..43.87 rows=10 width=121)
	        Index Cond: ((id >= 7596156) AND (id <= 7596165))

table 2 : explain SELECT c FROM sbtest2 WHERE id BETWEEN 5015448 AND 5015457 ORDER BY c
	Sort  (cost=43.94..43.97 rows=10 width=121)
	  Sort Key: c
	  ->  Index Scan using sbtest2_pkey on sbtest2  (cost=0.43..43.78 rows=10 width=121)
	        Index Cond: ((id >= 5015448) AND (id <= 5015457))

table 3 : explain SELECT c FROM sbtest3 WHERE id BETWEEN 3121369 AND 3121378 ORDER BY c
	Sort  (cost=40.07..40.10 rows=9 width=121)
	  Sort Key: c
	  ->  Index Scan using sbtest3_pkey on sbtest3  (cost=0.43..39.93 rows=9 width=121)
	        Index Cond: ((id >= 3121369) AND (id <= 3121378))

table 4 : explain SELECT c FROM sbtest4 WHERE id BETWEEN 5470161 AND 5470170 ORDER BY c
	Sort  (cost=39.97..40.00 rows=9 width=121)
	  Sort Key: c
	  ->  Index Scan using sbtest4_pkey on sbtest4  (cost=0.43..39.83 rows=9 width=121)
	        Index Cond: ((id >= 5470161) AND (id <= 5470170))

table 5 : explain SELECT c FROM sbtest5 WHERE id BETWEEN 9504712 AND 9504721 ORDER BY c
	Sort  (cost=40.01..40.03 rows=9 width=121)
	  Sort Key: c
	  ->  Index Scan using sbtest5_pkey on sbtest5  (cost=0.43..39.86 rows=9 width=121)
	        Index Cond: ((id >= 9504712) AND (id <= 9504721))

table 6 : explain SELECT c FROM sbtest6 WHERE id BETWEEN 3307024 AND 3307033 ORDER BY c
	Sort  (cost=48.05..48.07 rows=11 width=121)
	  Sort Key: c
	  ->  Index Scan using sbtest6_pkey on sbtest6  (cost=0.43..47.86 rows=11 width=121)
	        Index Cond: ((id >= 3307024) AND (id <= 3307033))

table 7 : explain SELECT c FROM sbtest7 WHERE id BETWEEN 3471442 AND 3471451 ORDER BY c
	Sort  (cost=43.92..43.94 rows=10 width=121)
	  Sort Key: c
	  ->  Index Scan using sbtest7_pkey on sbtest7  (cost=0.43..43.75 rows=10 width=121)
	        Index Cond: ((id >= 3471442) AND (id <= 3471451))

table 8 : explain SELECT c FROM sbtest8 WHERE id BETWEEN 1988300 AND 1988309 ORDER BY c
	Sort  (cost=43.83..43.85 rows=10 width=121)
	  Sort Key: c
	  ->  Index Scan using sbtest8_pkey on sbtest8  (cost=0.43..43.66 rows=10 width=121)
	        Index Cond: ((id >= 1988300) AND (id <= 1988309))

for: order_ranges
table 1 : explain SELECT c FROM sbtest1 WHERE id BETWEEN 83668 AND 83677 ORDER BY c
	Sort  (cost=40.08..40.10 rows=9 width=121)
	  Sort Key: c
	  ->  Index Scan using sbtest1_pkey on sbtest1  (cost=0.43..39.93 rows=9 width=121)
	        Index Cond: ((id >= 83668) AND (id <= 83677))

table 2 : explain SELECT c FROM sbtest2 WHERE id BETWEEN 6225700 AND 6225709 ORDER BY c
	Sort  (cost=47.89..47.92 rows=11 width=121)
	  Sort Key: c
	  ->  Index Scan using sbtest2_pkey on sbtest2  (cost=0.43..47.70 rows=11 width=121)
	        Index Cond: ((id >= 6225700) AND (id <= 6225709))

table 3 : explain SELECT c FROM sbtest3 WHERE id BETWEEN 7462489 AND 7462498 ORDER BY c
	Sort  (cost=47.99..48.02 rows=11 width=121)
	  Sort Key: c
	  ->  Index Scan using sbtest3_pkey on sbtest3  (cost=0.43..47.80 rows=11 width=121)
	        Index Cond: ((id >= 7462489) AND (id <= 7462498))

table 4 : explain SELECT c FROM sbtest4 WHERE id BETWEEN 7360301 AND 7360310 ORDER BY c
	Sort  (cost=43.92..43.94 rows=10 width=121)
	  Sort Key: c
	  ->  Index Scan using sbtest4_pkey on sbtest4  (cost=0.43..43.75 rows=10 width=121)
	        Index Cond: ((id >= 7360301) AND (id <= 7360310))

table 5 : explain SELECT c FROM sbtest5 WHERE id BETWEEN 4433676 AND 4433685 ORDER BY c
	Sort  (cost=43.95..43.98 rows=10 width=121)
	  Sort Key: c
	  ->  Index Scan using sbtest5_pkey on sbtest5  (cost=0.43..43.79 rows=10 width=121)
	        Index Cond: ((id >= 4433676) AND (id <= 4433685))

table 6 : explain SELECT c FROM sbtest6 WHERE id BETWEEN 6327499 AND 6327508 ORDER BY c
	Sort  (cost=44.08..44.11 rows=10 width=121)
	  Sort Key: c
	  ->  Index Scan using sbtest6_pkey on sbtest6  (cost=0.43..43.92 rows=10 width=121)
	        Index Cond: ((id >= 6327499) AND (id <= 6327508))

table 7 : explain SELECT c FROM sbtest7 WHERE id BETWEEN 8265867 AND 8265876 ORDER BY c
	Sort  (cost=47.86..47.89 rows=11 width=121)
	  Sort Key: c
	  ->  Index Scan using sbtest7_pkey on sbtest7  (cost=0.43..47.67 rows=11 width=121)
	        Index Cond: ((id >= 8265867) AND (id <= 8265876))

table 8 : explain SELECT c FROM sbtest8 WHERE id BETWEEN 1185899 AND 1185908 ORDER BY c
	Sort  (cost=43.83..43.85 rows=10 width=121)
	  Sort Key: c
	  ->  Index Scan using sbtest8_pkey on sbtest8  (cost=0.43..43.66 rows=10 width=121)
	        Index Cond: ((id >= 1185899) AND (id <= 1185908))

for: order_ranges
table 1 : explain SELECT c FROM sbtest1 WHERE id BETWEEN 4523345 AND 4523354 ORDER BY c
	Sort  (cost=44.04..44.06 rows=10 width=121)
	  Sort Key: c
	  ->  Index Scan using sbtest1_pkey on sbtest1  (cost=0.43..43.87 rows=10 width=121)
	        Index Cond: ((id >= 4523345) AND (id <= 4523354))

table 2 : explain SELECT c FROM sbtest2 WHERE id BETWEEN 5511778 AND 5511787 ORDER BY c
	Sort  (cost=43.94..43.97 rows=10 width=121)
	  Sort Key: c
	  ->  Index Scan using sbtest2_pkey on sbtest2  (cost=0.43..43.78 rows=10 width=121)
	        Index Cond: ((id >= 5511778) AND (id <= 5511787))

table 3 : explain SELECT c FROM sbtest3 WHERE id BETWEEN 2285503 AND 2285512 ORDER BY c
	Sort  (cost=44.03..44.06 rows=10 width=121)
	  Sort Key: c
	  ->  Index Scan using sbtest3_pkey on sbtest3  (cost=0.43..43.87 rows=10 width=121)
	        Index Cond: ((id >= 2285503) AND (id <= 2285512))

table 4 : explain SELECT c FROM sbtest4 WHERE id BETWEEN 5875759 AND 5875768 ORDER BY c
	Sort  (cost=43.92..43.94 rows=10 width=121)
	  Sort Key: c
	  ->  Index Scan using sbtest4_pkey on sbtest4  (cost=0.43..43.75 rows=10 width=121)
	        Index Cond: ((id >= 5875759) AND (id <= 5875768))

table 5 : explain SELECT c FROM sbtest5 WHERE id BETWEEN 1161025 AND 1161034 ORDER BY c
	Sort  (cost=47.91..47.93 rows=11 width=121)
	  Sort Key: c
	  ->  Index Scan using sbtest5_pkey on sbtest5  (cost=0.43..47.71 rows=11 width=121)
	        Index Cond: ((id >= 1161025) AND (id <= 1161034))

table 6 : explain SELECT c FROM sbtest6 WHERE id BETWEEN 1886564 AND 1886573 ORDER BY c
	Sort  (cost=40.12..40.14 rows=9 width=121)
	  Sort Key: c
	  ->  Index Scan using sbtest6_pkey on sbtest6  (cost=0.43..39.98 rows=9 width=121)
	        Index Cond: ((id >= 1886564) AND (id <= 1886573))

table 7 : explain SELECT c FROM sbtest7 WHERE id BETWEEN 5963527 AND 5963536 ORDER BY c
	Sort  (cost=43.92..43.94 rows=10 width=121)
	  Sort Key: c
	  ->  Index Scan using sbtest7_pkey on sbtest7  (cost=0.43..43.75 rows=10 width=121)
	        Index Cond: ((id >= 5963527) AND (id <= 5963536))

table 8 : explain SELECT c FROM sbtest8 WHERE id BETWEEN 620117 AND 620126 ORDER BY c
	Sort  (cost=39.89..39.92 rows=9 width=121)
	  Sort Key: c
	  ->  Index Scan using sbtest8_pkey on sbtest8  (cost=0.43..39.75 rows=9 width=121)
	        Index Cond: ((id >= 620117) AND (id <= 620126))

for: order_ranges
table 1 : explain SELECT c FROM sbtest1 WHERE id BETWEEN 4827565 AND 4827574 ORDER BY c
	Sort  (cost=47.99..48.02 rows=11 width=121)
	  Sort Key: c
	  ->  Index Scan using sbtest1_pkey on sbtest1  (cost=0.43..47.80 rows=11 width=121)
	        Index Cond: ((id >= 4827565) AND (id <= 4827574))

table 2 : explain SELECT c FROM sbtest2 WHERE id BETWEEN 5241169 AND 5241178 ORDER BY c
	Sort  (cost=43.94..43.97 rows=10 width=121)
	  Sort Key: c
	  ->  Index Scan using sbtest2_pkey on sbtest2  (cost=0.43..43.78 rows=10 width=121)
	        Index Cond: ((id >= 5241169) AND (id <= 5241178))

table 3 : explain SELECT c FROM sbtest3 WHERE id BETWEEN 3762599 AND 3762608 ORDER BY c
	Sort  (cost=44.03..44.06 rows=10 width=121)
	  Sort Key: c
	  ->  Index Scan using sbtest3_pkey on sbtest3  (cost=0.43..43.87 rows=10 width=121)
	        Index Cond: ((id >= 3762599) AND (id <= 3762608))

table 4 : explain SELECT c FROM sbtest4 WHERE id BETWEEN 789351 AND 789360 ORDER BY c
	Sort  (cost=43.92..43.94 rows=10 width=121)
	  Sort Key: c
	  ->  Index Scan using sbtest4_pkey on sbtest4  (cost=0.43..43.75 rows=10 width=121)
	        Index Cond: ((id >= 789351) AND (id <= 789360))

table 5 : explain SELECT c FROM sbtest5 WHERE id BETWEEN 4686280 AND 4686289 ORDER BY c
	Sort  (cost=40.01..40.03 rows=9 width=121)
	  Sort Key: c
	  ->  Index Scan using sbtest5_pkey on sbtest5  (cost=0.43..39.86 rows=9 width=121)
	        Index Cond: ((id >= 4686280) AND (id <= 4686289))

table 6 : explain SELECT c FROM sbtest6 WHERE id BETWEEN 2313565 AND 2313574 ORDER BY c
	Sort  (cost=44.08..44.11 rows=10 width=121)
	  Sort Key: c
	  ->  Index Scan using sbtest6_pkey on sbtest6  (cost=0.43..43.92 rows=10 width=121)
	        Index Cond: ((id >= 2313565) AND (id <= 2313574))

table 7 : explain SELECT c FROM sbtest7 WHERE id BETWEEN 2813692 AND 2813701 ORDER BY c
	Sort  (cost=39.97..40.00 rows=9 width=121)
	  Sort Key: c
	  ->  Index Scan using sbtest7_pkey on sbtest7  (cost=0.43..39.83 rows=9 width=121)
	        Index Cond: ((id >= 2813692) AND (id <= 2813701))

table 8 : explain SELECT c FROM sbtest8 WHERE id BETWEEN 1529319 AND 1529328 ORDER BY c
	Sort  (cost=43.83..43.85 rows=10 width=121)
	  Sort Key: c
	  ->  Index Scan using sbtest8_pkey on sbtest8  (cost=0.43..43.66 rows=10 width=121)
	        Index Cond: ((id >= 1529319) AND (id <= 1529328))

for: order_ranges
table 1 : explain SELECT c FROM sbtest1 WHERE id BETWEEN 5757598 AND 5757607 ORDER BY c
	Sort  (cost=44.04..44.06 rows=10 width=121)
	  Sort Key: c
	  ->  Index Scan using sbtest1_pkey on sbtest1  (cost=0.43..43.87 rows=10 width=121)
	        Index Cond: ((id >= 5757598) AND (id <= 5757607))

table 2 : explain SELECT c FROM sbtest2 WHERE id BETWEEN 1794147 AND 1794156 ORDER BY c
	Sort  (cost=47.89..47.92 rows=11 width=121)
	  Sort Key: c
	  ->  Index Scan using sbtest2_pkey on sbtest2  (cost=0.43..47.70 rows=11 width=121)
	        Index Cond: ((id >= 1794147) AND (id <= 1794156))

table 3 : explain SELECT c FROM sbtest3 WHERE id BETWEEN 6139737 AND 6139746 ORDER BY c
	Sort  (cost=47.99..48.02 rows=11 width=121)
	  Sort Key: c
	  ->  Index Scan using sbtest3_pkey on sbtest3  (cost=0.43..47.80 rows=11 width=121)
	        Index Cond: ((id >= 6139737) AND (id <= 6139746))

table 4 : explain SELECT c FROM sbtest4 WHERE id BETWEEN 7209115 AND 7209124 ORDER BY c
	Sort  (cost=43.92..43.94 rows=10 width=121)
	  Sort Key: c
	  ->  Index Scan using sbtest4_pkey on sbtest4  (cost=0.43..43.75 rows=10 width=121)
	        Index Cond: ((id >= 7209115) AND (id <= 7209124))

table 5 : explain SELECT c FROM sbtest5 WHERE id BETWEEN 4328656 AND 4328665 ORDER BY c
	Sort  (cost=43.95..43.98 rows=10 width=121)
	  Sort Key: c
	  ->  Index Scan using sbtest5_pkey on sbtest5  (cost=0.43..43.79 rows=10 width=121)
	        Index Cond: ((id >= 4328656) AND (id <= 4328665))

table 6 : explain SELECT c FROM sbtest6 WHERE id BETWEEN 657532 AND 657541 ORDER BY c
	Sort  (cost=48.05..48.07 rows=11 width=121)
	  Sort Key: c
	  ->  Index Scan using sbtest6_pkey on sbtest6  (cost=0.43..47.86 rows=11 width=121)
	        Index Cond: ((id >= 657532) AND (id <= 657541))

table 7 : explain SELECT c FROM sbtest7 WHERE id BETWEEN 5258596 AND 5258605 ORDER BY c
	Sort  (cost=39.97..40.00 rows=9 width=121)
	  Sort Key: c
	  ->  Index Scan using sbtest7_pkey on sbtest7  (cost=0.43..39.83 rows=9 width=121)
	        Index Cond: ((id >= 5258596) AND (id <= 5258605))

table 8 : explain SELECT c FROM sbtest8 WHERE id BETWEEN 6620555 AND 6620564 ORDER BY c
	Sort  (cost=47.76..47.79 rows=11 width=121)
	  Sort Key: c
	  ->  Index Scan using sbtest8_pkey on sbtest8  (cost=0.43..47.57 rows=11 width=121)
	        Index Cond: ((id >= 6620555) AND (id <= 6620564))

for: order_ranges
table 1 : explain SELECT c FROM sbtest1 WHERE id BETWEEN 33652 AND 33661 ORDER BY c
	Sort  (cost=40.08..40.10 rows=9 width=121)
	  Sort Key: c
	  ->  Index Scan using sbtest1_pkey on sbtest1  (cost=0.43..39.93 rows=9 width=121)
	        Index Cond: ((id >= 33652) AND (id <= 33661))

table 2 : explain SELECT c FROM sbtest2 WHERE id BETWEEN 6493731 AND 6493740 ORDER BY c
	Sort  (cost=43.94..43.97 rows=10 width=121)
	  Sort Key: c
	  ->  Index Scan using sbtest2_pkey on sbtest2  (cost=0.43..43.78 rows=10 width=121)
	        Index Cond: ((id >= 6493731) AND (id <= 6493740))

table 3 : explain SELECT c FROM sbtest3 WHERE id BETWEEN 4025065 AND 4025074 ORDER BY c
	Sort  (cost=44.03..44.06 rows=10 width=121)
	  Sort Key: c
	  ->  Index Scan using sbtest3_pkey on sbtest3  (cost=0.43..43.87 rows=10 width=121)
	        Index Cond: ((id >= 4025065) AND (id <= 4025074))

table 4 : explain SELECT c FROM sbtest4 WHERE id BETWEEN 5451169 AND 5451178 ORDER BY c
	Sort  (cost=39.97..40.00 rows=9 width=121)
	  Sort Key: c
	  ->  Index Scan using sbtest4_pkey on sbtest4  (cost=0.43..39.83 rows=9 width=121)
	        Index Cond: ((id >= 5451169) AND (id <= 5451178))

table 5 : explain SELECT c FROM sbtest5 WHERE id BETWEEN 4006311 AND 4006320 ORDER BY c
	Sort  (cost=43.95..43.98 rows=10 width=121)
	  Sort Key: c
	  ->  Index Scan using sbtest5_pkey on sbtest5  (cost=0.43..43.79 rows=10 width=121)
	        Index Cond: ((id >= 4006311) AND (id <= 4006320))

table 6 : explain SELECT c FROM sbtest6 WHERE id BETWEEN 1033902 AND 1033911 ORDER BY c
	Sort  (cost=44.08..44.11 rows=10 width=121)
	  Sort Key: c
	  ->  Index Scan using sbtest6_pkey on sbtest6  (cost=0.43..43.92 rows=10 width=121)
	        Index Cond: ((id >= 1033902) AND (id <= 1033911))

table 7 : explain SELECT c FROM sbtest7 WHERE id BETWEEN 5933454 AND 5933463 ORDER BY c
	Sort  (cost=43.92..43.94 rows=10 width=121)
	  Sort Key: c
	  ->  Index Scan using sbtest7_pkey on sbtest7  (cost=0.43..43.75 rows=10 width=121)
	        Index Cond: ((id >= 5933454) AND (id <= 5933463))

table 8 : explain SELECT c FROM sbtest8 WHERE id BETWEEN 2313667 AND 2313676 ORDER BY c
	Sort  (cost=43.83..43.85 rows=10 width=121)
	  Sort Key: c
	  ->  Index Scan using sbtest8_pkey on sbtest8  (cost=0.43..43.66 rows=10 width=121)
	        Index Cond: ((id >= 2313667) AND (id <= 2313676))

for: order_ranges
table 1 : explain SELECT c FROM sbtest1 WHERE id BETWEEN 3974036 AND 3974045 ORDER BY c
	Sort  (cost=44.04..44.06 rows=10 width=121)
	  Sort Key: c
	  ->  Index Scan using sbtest1_pkey on sbtest1  (cost=0.43..43.87 rows=10 width=121)
	        Index Cond: ((id >= 3974036) AND (id <= 3974045))

table 2 : explain SELECT c FROM sbtest2 WHERE id BETWEEN 3155320 AND 3155329 ORDER BY c
	Sort  (cost=43.94..43.97 rows=10 width=121)
	  Sort Key: c
	  ->  Index Scan using sbtest2_pkey on sbtest2  (cost=0.43..43.78 rows=10 width=121)
	        Index Cond: ((id >= 3155320) AND (id <= 3155329))

table 3 : explain SELECT c FROM sbtest3 WHERE id BETWEEN 8345018 AND 8345027 ORDER BY c
	Sort  (cost=44.03..44.06 rows=10 width=121)
	  Sort Key: c
	  ->  Index Scan using sbtest3_pkey on sbtest3  (cost=0.43..43.87 rows=10 width=121)
	        Index Cond: ((id >= 8345018) AND (id <= 8345027))

table 4 : explain SELECT c FROM sbtest4 WHERE id BETWEEN 2202889 AND 2202898 ORDER BY c
	Sort  (cost=43.92..43.94 rows=10 width=121)
	  Sort Key: c
	  ->  Index Scan using sbtest4_pkey on sbtest4  (cost=0.43..43.75 rows=10 width=121)
	        Index Cond: ((id >= 2202889) AND (id <= 2202898))

table 5 : explain SELECT c FROM sbtest5 WHERE id BETWEEN 2540634 AND 2540643 ORDER BY c
	Sort  (cost=43.95..43.98 rows=10 width=121)
	  Sort Key: c
	  ->  Index Scan using sbtest5_pkey on sbtest5  (cost=0.43..43.79 rows=10 width=121)
	        Index Cond: ((id >= 2540634) AND (id <= 2540643))

table 6 : explain SELECT c FROM sbtest6 WHERE id BETWEEN 3737928 AND 3737937 ORDER BY c
	Sort  (cost=44.08..44.11 rows=10 width=121)
	  Sort Key: c
	  ->  Index Scan using sbtest6_pkey on sbtest6  (cost=0.43..43.92 rows=10 width=121)
	        Index Cond: ((id >= 3737928) AND (id <= 3737937))

table 7 : explain SELECT c FROM sbtest7 WHERE id BETWEEN 7509020 AND 7509029 ORDER BY c
	Sort  (cost=43.92..43.94 rows=10 width=121)
	  Sort Key: c
	  ->  Index Scan using sbtest7_pkey on sbtest7  (cost=0.43..43.75 rows=10 width=121)
	        Index Cond: ((id >= 7509020) AND (id <= 7509029))

table 8 : explain SELECT c FROM sbtest8 WHERE id BETWEEN 4419604 AND 4419613 ORDER BY c
	Sort  (cost=43.83..43.85 rows=10 width=121)
	  Sort Key: c
	  ->  Index Scan using sbtest8_pkey on sbtest8  (cost=0.43..43.66 rows=10 width=121)
	        Index Cond: ((id >= 4419604) AND (id <= 4419613))

for: sum_ranges
table 1 : explain SELECT SUM(k) FROM sbtest1 WHERE id BETWEEN 5038117 AND 5038126
	Aggregate  (cost=47.83..47.84 rows=1 width=8)
	  ->  Index Scan using sbtest1_pkey on sbtest1  (cost=0.43..47.80 rows=11 width=4)
	        Index Cond: ((id >= 5038117) AND (id <= 5038126))

table 2 : explain SELECT SUM(k) FROM sbtest2 WHERE id BETWEEN 3691332 AND 3691341
	Aggregate  (cost=43.80..43.81 rows=1 width=8)
	  ->  Index Scan using sbtest2_pkey on sbtest2  (cost=0.43..43.78 rows=10 width=4)
	        Index Cond: ((id >= 3691332) AND (id <= 3691341))

table 3 : explain SELECT SUM(k) FROM sbtest3 WHERE id BETWEEN 6942771 AND 6942780
	Aggregate  (cost=39.95..39.96 rows=1 width=8)
	  ->  Index Scan using sbtest3_pkey on sbtest3  (cost=0.43..39.93 rows=9 width=4)
	        Index Cond: ((id >= 6942771) AND (id <= 6942780))

table 4 : explain SELECT SUM(k) FROM sbtest4 WHERE id BETWEEN 7414550 AND 7414559
	Aggregate  (cost=43.78..43.79 rows=1 width=8)
	  ->  Index Scan using sbtest4_pkey on sbtest4  (cost=0.43..43.75 rows=10 width=4)
	        Index Cond: ((id >= 7414550) AND (id <= 7414559))

table 5 : explain SELECT SUM(k) FROM sbtest5 WHERE id BETWEEN 2278232 AND 2278241
	Aggregate  (cost=43.81..43.82 rows=1 width=8)
	  ->  Index Scan using sbtest5_pkey on sbtest5  (cost=0.43..43.79 rows=10 width=4)
	        Index Cond: ((id >= 2278232) AND (id <= 2278241))

table 6 : explain SELECT SUM(k) FROM sbtest6 WHERE id BETWEEN 1252963 AND 1252972
	Aggregate  (cost=43.94..43.95 rows=1 width=8)
	  ->  Index Scan using sbtest6_pkey on sbtest6  (cost=0.43..43.92 rows=10 width=4)
	        Index Cond: ((id >= 1252963) AND (id <= 1252972))

table 7 : explain SELECT SUM(k) FROM sbtest7 WHERE id BETWEEN 1071226 AND 1071235
	Aggregate  (cost=43.78..43.79 rows=1 width=8)
	  ->  Index Scan using sbtest7_pkey on sbtest7  (cost=0.43..43.75 rows=10 width=4)
	        Index Cond: ((id >= 1071226) AND (id <= 1071235))

table 8 : explain SELECT SUM(k) FROM sbtest8 WHERE id BETWEEN 3187064 AND 3187073
	Aggregate  (cost=43.69..43.70 rows=1 width=8)
	  ->  Index Scan using sbtest8_pkey on sbtest8  (cost=0.43..43.66 rows=10 width=4)
	        Index Cond: ((id >= 3187064) AND (id <= 3187073))

for: sum_ranges
table 1 : explain SELECT SUM(k) FROM sbtest1 WHERE id BETWEEN 975404 AND 975413
	Aggregate  (cost=43.89..43.90 rows=1 width=8)
	  ->  Index Scan using sbtest1_pkey on sbtest1  (cost=0.43..43.87 rows=10 width=4)
	        Index Cond: ((id >= 975404) AND (id <= 975413))

table 2 : explain SELECT SUM(k) FROM sbtest2 WHERE id BETWEEN 1246722 AND 1246731
	Aggregate  (cost=43.80..43.81 rows=1 width=8)
	  ->  Index Scan using sbtest2_pkey on sbtest2  (cost=0.43..43.78 rows=10 width=4)
	        Index Cond: ((id >= 1246722) AND (id <= 1246731))

table 3 : explain SELECT SUM(k) FROM sbtest3 WHERE id BETWEEN 3751316 AND 3751325
	Aggregate  (cost=43.89..43.90 rows=1 width=8)
	  ->  Index Scan using sbtest3_pkey on sbtest3  (cost=0.43..43.87 rows=10 width=4)
	        Index Cond: ((id >= 3751316) AND (id <= 3751325))

table 4 : explain SELECT SUM(k) FROM sbtest4 WHERE id BETWEEN 4773777 AND 4773786
	Aggregate  (cost=39.85..39.86 rows=1 width=8)
	  ->  Index Scan using sbtest4_pkey on sbtest4  (cost=0.43..39.83 rows=9 width=4)
	        Index Cond: ((id >= 4773777) AND (id <= 4773786))

table 5 : explain SELECT SUM(k) FROM sbtest5 WHERE id BETWEEN 9573348 AND 9573357
	Aggregate  (cost=39.89..39.90 rows=1 width=8)
	  ->  Index Scan using sbtest5_pkey on sbtest5  (cost=0.43..39.86 rows=9 width=4)
	        Index Cond: ((id >= 9573348) AND (id <= 9573357))

table 6 : explain SELECT SUM(k) FROM sbtest6 WHERE id BETWEEN 2581855 AND 2581864
	Aggregate  (cost=43.94..43.95 rows=1 width=8)
	  ->  Index Scan using sbtest6_pkey on sbtest6  (cost=0.43..43.92 rows=10 width=4)
	        Index Cond: ((id >= 2581855) AND (id <= 2581864))

table 7 : explain SELECT SUM(k) FROM sbtest7 WHERE id BETWEEN 3903008 AND 3903017
	Aggregate  (cost=43.78..43.79 rows=1 width=8)
	  ->  Index Scan using sbtest7_pkey on sbtest7  (cost=0.43..43.75 rows=10 width=4)
	        Index Cond: ((id >= 3903008) AND (id <= 3903017))

table 8 : explain SELECT SUM(k) FROM sbtest8 WHERE id BETWEEN 2056549 AND 2056558
	Aggregate  (cost=43.69..43.70 rows=1 width=8)
	  ->  Index Scan using sbtest8_pkey on sbtest8  (cost=0.43..43.66 rows=10 width=4)
	        Index Cond: ((id >= 2056549) AND (id <= 2056558))

for: sum_ranges
table 1 : explain SELECT SUM(k) FROM sbtest1 WHERE id BETWEEN 1300447 AND 1300456
	Aggregate  (cost=43.89..43.90 rows=1 width=8)
	  ->  Index Scan using sbtest1_pkey on sbtest1  (cost=0.43..43.87 rows=10 width=4)
	        Index Cond: ((id >= 1300447) AND (id <= 1300456))

table 2 : explain SELECT SUM(k) FROM sbtest2 WHERE id BETWEEN 3324015 AND 3324024
	Aggregate  (cost=43.80..43.81 rows=1 width=8)
	  ->  Index Scan using sbtest2_pkey on sbtest2  (cost=0.43..43.78 rows=10 width=4)
	        Index Cond: ((id >= 3324015) AND (id <= 3324024))

table 3 : explain SELECT SUM(k) FROM sbtest3 WHERE id BETWEEN 3082450 AND 3082459
	Aggregate  (cost=43.89..43.90 rows=1 width=8)
	  ->  Index Scan using sbtest3_pkey on sbtest3  (cost=0.43..43.87 rows=10 width=4)
	        Index Cond: ((id >= 3082450) AND (id <= 3082459))

table 4 : explain SELECT SUM(k) FROM sbtest4 WHERE id BETWEEN 7606721 AND 7606730
	Aggregate  (cost=43.78..43.79 rows=1 width=8)
	  ->  Index Scan using sbtest4_pkey on sbtest4  (cost=0.43..43.75 rows=10 width=4)
	        Index Cond: ((id >= 7606721) AND (id <= 7606730))

table 5 : explain SELECT SUM(k) FROM sbtest5 WHERE id BETWEEN 8903331 AND 8903340
	Aggregate  (cost=43.81..43.82 rows=1 width=8)
	  ->  Index Scan using sbtest5_pkey on sbtest5  (cost=0.43..43.79 rows=10 width=4)
	        Index Cond: ((id >= 8903331) AND (id <= 8903340))

table 6 : explain SELECT SUM(k) FROM sbtest6 WHERE id BETWEEN 2375266 AND 2375275
	Aggregate  (cost=40.00..40.01 rows=1 width=8)
	  ->  Index Scan using sbtest6_pkey on sbtest6  (cost=0.43..39.98 rows=9 width=4)
	        Index Cond: ((id >= 2375266) AND (id <= 2375275))

table 7 : explain SELECT SUM(k) FROM sbtest7 WHERE id BETWEEN 6657420 AND 6657429
	Aggregate  (cost=43.78..43.79 rows=1 width=8)
	  ->  Index Scan using sbtest7_pkey on sbtest7  (cost=0.43..43.75 rows=10 width=4)
	        Index Cond: ((id >= 6657420) AND (id <= 6657429))

table 8 : explain SELECT SUM(k) FROM sbtest8 WHERE id BETWEEN 4605089 AND 4605098
	Aggregate  (cost=43.69..43.70 rows=1 width=8)
	  ->  Index Scan using sbtest8_pkey on sbtest8  (cost=0.43..43.66 rows=10 width=4)
	        Index Cond: ((id >= 4605089) AND (id <= 4605098))

for: sum_ranges
table 1 : explain SELECT SUM(k) FROM sbtest1 WHERE id BETWEEN 4824065 AND 4824074
	Aggregate  (cost=47.83..47.84 rows=1 width=8)
	  ->  Index Scan using sbtest1_pkey on sbtest1  (cost=0.43..47.80 rows=11 width=4)
	        Index Cond: ((id >= 4824065) AND (id <= 4824074))

table 2 : explain SELECT SUM(k) FROM sbtest2 WHERE id BETWEEN 5788731 AND 5788740
	Aggregate  (cost=47.73..47.74 rows=1 width=8)
	  ->  Index Scan using sbtest2_pkey on sbtest2  (cost=0.43..47.70 rows=11 width=4)
	        Index Cond: ((id >= 5788731) AND (id <= 5788740))

table 3 : explain SELECT SUM(k) FROM sbtest3 WHERE id BETWEEN 7911530 AND 7911539
	Aggregate  (cost=43.89..43.90 rows=1 width=8)
	  ->  Index Scan using sbtest3_pkey on sbtest3  (cost=0.43..43.87 rows=10 width=4)
	        Index Cond: ((id >= 7911530) AND (id <= 7911539))

table 4 : explain SELECT SUM(k) FROM sbtest4 WHERE id BETWEEN 7835498 AND 7835507
	Aggregate  (cost=43.78..43.79 rows=1 width=8)
	  ->  Index Scan using sbtest4_pkey on sbtest4  (cost=0.43..43.75 rows=10 width=4)
	        Index Cond: ((id >= 7835498) AND (id <= 7835507))

table 5 : explain SELECT SUM(k) FROM sbtest5 WHERE id BETWEEN 6056339 AND 6056348
	Aggregate  (cost=43.81..43.82 rows=1 width=8)
	  ->  Index Scan using sbtest5_pkey on sbtest5  (cost=0.43..43.79 rows=10 width=4)
	        Index Cond: ((id >= 6056339) AND (id <= 6056348))

table 6 : explain SELECT SUM(k) FROM sbtest6 WHERE id BETWEEN 4051849 AND 4051858
	Aggregate  (cost=43.94..43.95 rows=1 width=8)
	  ->  Index Scan using sbtest6_pkey on sbtest6  (cost=0.43..43.92 rows=10 width=4)
	        Index Cond: ((id >= 4051849) AND (id <= 4051858))

table 7 : explain SELECT SUM(k) FROM sbtest7 WHERE id BETWEEN 566464 AND 566473
	Aggregate  (cost=43.78..43.79 rows=1 width=8)
	  ->  Index Scan using sbtest7_pkey on sbtest7  (cost=0.43..43.75 rows=10 width=4)
	        Index Cond: ((id >= 566464) AND (id <= 566473))

table 8 : explain SELECT SUM(k) FROM sbtest8 WHERE id BETWEEN 4425816 AND 4425825
	Aggregate  (cost=43.69..43.70 rows=1 width=8)
	  ->  Index Scan using sbtest8_pkey on sbtest8  (cost=0.43..43.66 rows=10 width=4)
	        Index Cond: ((id >= 4425816) AND (id <= 4425825))

for: order_ranges
table 1 : explain SELECT c FROM sbtest1 WHERE id BETWEEN 8607193 AND 8607202 ORDER BY c
	Sort  (cost=44.04..44.06 rows=10 width=121)
	  Sort Key: c
	  ->  Index Scan using sbtest1_pkey on sbtest1  (cost=0.43..43.87 rows=10 width=121)
	        Index Cond: ((id >= 8607193) AND (id <= 8607202))

table 2 : explain SELECT c FROM sbtest2 WHERE id BETWEEN 4659646 AND 4659655 ORDER BY c
	Sort  (cost=39.99..40.02 rows=9 width=121)
	  Sort Key: c
	  ->  Index Scan using sbtest2_pkey on sbtest2  (cost=0.43..39.85 rows=9 width=121)
	        Index Cond: ((id >= 4659646) AND (id <= 4659655))

table 3 : explain SELECT c FROM sbtest3 WHERE id BETWEEN 4497475 AND 4497484 ORDER BY c
	Sort  (cost=44.03..44.06 rows=10 width=121)
	  Sort Key: c
	  ->  Index Scan using sbtest3_pkey on sbtest3  (cost=0.43..43.87 rows=10 width=121)
	        Index Cond: ((id >= 4497475) AND (id <= 4497484))

table 4 : explain SELECT c FROM sbtest4 WHERE id BETWEEN 394089 AND 394098 ORDER BY c
	Sort  (cost=43.92..43.94 rows=10 width=121)
	  Sort Key: c
	  ->  Index Scan using sbtest4_pkey on sbtest4  (cost=0.43..43.75 rows=10 width=121)
	        Index Cond: ((id >= 394089) AND (id <= 394098))

table 5 : explain SELECT c FROM sbtest5 WHERE id BETWEEN 5914048 AND 5914057 ORDER BY c
	Sort  (cost=47.91..47.93 rows=11 width=121)
	  Sort Key: c
	  ->  Index Scan using sbtest5_pkey on sbtest5  (cost=0.43..47.71 rows=11 width=121)
	        Index Cond: ((id >= 5914048) AND (id <= 5914057))

table 6 : explain SELECT c FROM sbtest6 WHERE id BETWEEN 4082024 AND 4082033 ORDER BY c
	Sort  (cost=40.12..40.14 rows=9 width=121)
	  Sort Key: c
	  ->  Index Scan using sbtest6_pkey on sbtest6  (cost=0.43..39.98 rows=9 width=121)
	        Index Cond: ((id >= 4082024) AND (id <= 4082033))

table 7 : explain SELECT c FROM sbtest7 WHERE id BETWEEN 262707 AND 262716 ORDER BY c
	Sort  (cost=43.92..43.94 rows=10 width=121)
	  Sort Key: c
	  ->  Index Scan using sbtest7_pkey on sbtest7  (cost=0.43..43.75 rows=10 width=121)
	        Index Cond: ((id >= 262707) AND (id <= 262716))

table 8 : explain SELECT c FROM sbtest8 WHERE id BETWEEN 3776943 AND 3776952 ORDER BY c
	Sort  (cost=43.83..43.85 rows=10 width=121)
	  Sort Key: c
	  ->  Index Scan using sbtest8_pkey on sbtest8  (cost=0.43..43.66 rows=10 width=121)
	        Index Cond: ((id >= 3776943) AND (id <= 3776952))

for: sum_ranges
table 1 : explain SELECT SUM(k) FROM sbtest1 WHERE id BETWEEN 5233688 AND 5233697
	Aggregate  (cost=39.96..39.97 rows=1 width=8)
	  ->  Index Scan using sbtest1_pkey on sbtest1  (cost=0.43..39.93 rows=9 width=4)
	        Index Cond: ((id >= 5233688) AND (id <= 5233697))

table 2 : explain SELECT SUM(k) FROM sbtest2 WHERE id BETWEEN 3014320 AND 3014329
	Aggregate  (cost=43.80..43.81 rows=1 width=8)
	  ->  Index Scan using sbtest2_pkey on sbtest2  (cost=0.43..43.78 rows=10 width=4)
	        Index Cond: ((id >= 3014320) AND (id <= 3014329))

table 3 : explain SELECT SUM(k) FROM sbtest3 WHERE id BETWEEN 5306544 AND 5306553
	Aggregate  (cost=43.89..43.90 rows=1 width=8)
	  ->  Index Scan using sbtest3_pkey on sbtest3  (cost=0.43..43.87 rows=10 width=4)
	        Index Cond: ((id >= 5306544) AND (id <= 5306553))

table 4 : explain SELECT SUM(k) FROM sbtest4 WHERE id BETWEEN 4468223 AND 4468232
	Aggregate  (cost=47.70..47.71 rows=1 width=8)
	  ->  Index Scan using sbtest4_pkey on sbtest4  (cost=0.43..47.67 rows=11 width=4)
	        Index Cond: ((id >= 4468223) AND (id <= 4468232))

table 5 : explain SELECT SUM(k) FROM sbtest5 WHERE id BETWEEN 729776 AND 729785
	Aggregate  (cost=47.74..47.75 rows=1 width=8)
	  ->  Index Scan using sbtest5_pkey on sbtest5  (cost=0.43..47.71 rows=11 width=4)
	        Index Cond: ((id >= 729776) AND (id <= 729785))

table 6 : explain SELECT SUM(k) FROM sbtest6 WHERE id BETWEEN 3850110 AND 3850119
	Aggregate  (cost=43.94..43.95 rows=1 width=8)
	  ->  Index Scan using sbtest6_pkey on sbtest6  (cost=0.43..43.92 rows=10 width=4)
	        Index Cond: ((id >= 3850110) AND (id <= 3850119))

table 7 : explain SELECT SUM(k) FROM sbtest7 WHERE id BETWEEN 4300168 AND 4300177
	Aggregate  (cost=43.78..43.79 rows=1 width=8)
	  ->  Index Scan using sbtest7_pkey on sbtest7  (cost=0.43..43.75 rows=10 width=4)
	        Index Cond: ((id >= 4300168) AND (id <= 4300177))

table 8 : explain SELECT SUM(k) FROM sbtest8 WHERE id BETWEEN 7928969 AND 7928978
	Aggregate  (cost=43.69..43.70 rows=1 width=8)
	  ->  Index Scan using sbtest8_pkey on sbtest8  (cost=0.43..43.66 rows=10 width=4)
	        Index Cond: ((id >= 7928969) AND (id <= 7928978))

for: order_ranges
table 1 : explain SELECT c FROM sbtest1 WHERE id BETWEEN 7658943 AND 7658952 ORDER BY c
	Sort  (cost=44.04..44.06 rows=10 width=121)
	  Sort Key: c
	  ->  Index Scan using sbtest1_pkey on sbtest1  (cost=0.43..43.87 rows=10 width=121)
	        Index Cond: ((id >= 7658943) AND (id <= 7658952))

table 2 : explain SELECT c FROM sbtest2 WHERE id BETWEEN 4033086 AND 4033095 ORDER BY c
	Sort  (cost=47.89..47.92 rows=11 width=121)
	  Sort Key: c
	  ->  Index Scan using sbtest2_pkey on sbtest2  (cost=0.43..47.70 rows=11 width=121)
	        Index Cond: ((id >= 4033086) AND (id <= 4033095))

table 3 : explain SELECT c FROM sbtest3 WHERE id BETWEEN 3596001 AND 3596010 ORDER BY c
	Sort  (cost=44.03..44.06 rows=10 width=121)
	  Sort Key: c
	  ->  Index Scan using sbtest3_pkey on sbtest3  (cost=0.43..43.87 rows=10 width=121)
	        Index Cond: ((id >= 3596001) AND (id <= 3596010))

table 4 : explain SELECT c FROM sbtest4 WHERE id BETWEEN 8617919 AND 8617928 ORDER BY c
	Sort  (cost=43.92..43.94 rows=10 width=121)
	  Sort Key: c
	  ->  Index Scan using sbtest4_pkey on sbtest4  (cost=0.43..43.75 rows=10 width=121)
	        Index Cond: ((id >= 8617919) AND (id <= 8617928))

table 5 : explain SELECT c FROM sbtest5 WHERE id BETWEEN 2020163 AND 2020172 ORDER BY c
	Sort  (cost=43.95..43.98 rows=10 width=121)
	  Sort Key: c
	  ->  Index Scan using sbtest5_pkey on sbtest5  (cost=0.43..43.79 rows=10 width=121)
	        Index Cond: ((id >= 2020163) AND (id <= 2020172))

table 6 : explain SELECT c FROM sbtest6 WHERE id BETWEEN 1691701 AND 1691710 ORDER BY c
	Sort  (cost=44.08..44.11 rows=10 width=121)
	  Sort Key: c
	  ->  Index Scan using sbtest6_pkey on sbtest6  (cost=0.43..43.92 rows=10 width=121)
	        Index Cond: ((id >= 1691701) AND (id <= 1691710))

table 7 : explain SELECT c FROM sbtest7 WHERE id BETWEEN 1398589 AND 1398598 ORDER BY c
	Sort  (cost=43.92..43.94 rows=10 width=121)
	  Sort Key: c
	  ->  Index Scan using sbtest7_pkey on sbtest7  (cost=0.43..43.75 rows=10 width=121)
	        Index Cond: ((id >= 1398589) AND (id <= 1398598))

table 8 : explain SELECT c FROM sbtest8 WHERE id BETWEEN 6400866 AND 6400875 ORDER BY c
	Sort  (cost=47.76..47.79 rows=11 width=121)
	  Sort Key: c
	  ->  Index Scan using sbtest8_pkey on sbtest8  (cost=0.43..47.57 rows=11 width=121)
	        Index Cond: ((id >= 6400866) AND (id <= 6400875))

for: sum_ranges
table 1 : explain SELECT SUM(k) FROM sbtest1 WHERE id BETWEEN 2322586 AND 2322595
	Aggregate  (cost=47.83..47.84 rows=1 width=8)
	  ->  Index Scan using sbtest1_pkey on sbtest1  (cost=0.43..47.80 rows=11 width=4)
	        Index Cond: ((id >= 2322586) AND (id <= 2322595))

table 2 : explain SELECT SUM(k) FROM sbtest2 WHERE id BETWEEN 5408422 AND 5408431
	Aggregate  (cost=43.80..43.81 rows=1 width=8)
	  ->  Index Scan using sbtest2_pkey on sbtest2  (cost=0.43..43.78 rows=10 width=4)
	        Index Cond: ((id >= 5408422) AND (id <= 5408431))

table 3 : explain SELECT SUM(k) FROM sbtest3 WHERE id BETWEEN 4515921 AND 4515930
	Aggregate  (cost=43.89..43.90 rows=1 width=8)
	  ->  Index Scan using sbtest3_pkey on sbtest3  (cost=0.43..43.87 rows=10 width=4)
	        Index Cond: ((id >= 4515921) AND (id <= 4515930))

table 4 : explain SELECT SUM(k) FROM sbtest4 WHERE id BETWEEN 348532 AND 348541
	Aggregate  (cost=43.78..43.79 rows=1 width=8)
	  ->  Index Scan using sbtest4_pkey on sbtest4  (cost=0.43..43.75 rows=10 width=4)
	        Index Cond: ((id >= 348532) AND (id <= 348541))

table 5 : explain SELECT SUM(k) FROM sbtest5 WHERE id BETWEEN 6485281 AND 6485290
	Aggregate  (cost=43.81..43.82 rows=1 width=8)
	  ->  Index Scan using sbtest5_pkey on sbtest5  (cost=0.43..43.79 rows=10 width=4)
	        Index Cond: ((id >= 6485281) AND (id <= 6485290))

table 6 : explain SELECT SUM(k) FROM sbtest6 WHERE id BETWEEN 5228186 AND 5228195
	Aggregate  (cost=43.94..43.95 rows=1 width=8)
	  ->  Index Scan using sbtest6_pkey on sbtest6  (cost=0.43..43.92 rows=10 width=4)
	        Index Cond: ((id >= 5228186) AND (id <= 5228195))

table 7 : explain SELECT SUM(k) FROM sbtest7 WHERE id BETWEEN 165170 AND 165179
	Aggregate  (cost=43.78..43.79 rows=1 width=8)
	  ->  Index Scan using sbtest7_pkey on sbtest7  (cost=0.43..43.75 rows=10 width=4)
	        Index Cond: ((id >= 165170) AND (id <= 165179))

table 8 : explain SELECT SUM(k) FROM sbtest8 WHERE id BETWEEN 1347847 AND 1347856
	Aggregate  (cost=47.60..47.61 rows=1 width=8)
	  ->  Index Scan using sbtest8_pkey on sbtest8  (cost=0.43..47.57 rows=11 width=4)
	        Index Cond: ((id >= 1347847) AND (id <= 1347856))

for: sum_ranges
table 1 : explain SELECT SUM(k) FROM sbtest1 WHERE id BETWEEN 285355 AND 285364
	Aggregate  (cost=43.89..43.90 rows=1 width=8)
	  ->  Index Scan using sbtest1_pkey on sbtest1  (cost=0.43..43.87 rows=10 width=4)
	        Index Cond: ((id >= 285355) AND (id <= 285364))

table 2 : explain SELECT SUM(k) FROM sbtest2 WHERE id BETWEEN 9438703 AND 9438712
	Aggregate  (cost=43.80..43.81 rows=1 width=8)
	  ->  Index Scan using sbtest2_pkey on sbtest2  (cost=0.43..43.78 rows=10 width=4)
	        Index Cond: ((id >= 9438703) AND (id <= 9438712))

table 3 : explain SELECT SUM(k) FROM sbtest3 WHERE id BETWEEN 6149348 AND 6149357
	Aggregate  (cost=47.83..47.84 rows=1 width=8)
	  ->  Index Scan using sbtest3_pkey on sbtest3  (cost=0.43..47.80 rows=11 width=4)
	        Index Cond: ((id >= 6149348) AND (id <= 6149357))

table 4 : explain SELECT SUM(k) FROM sbtest4 WHERE id BETWEEN 1777512 AND 1777521
	Aggregate  (cost=43.78..43.79 rows=1 width=8)
	  ->  Index Scan using sbtest4_pkey on sbtest4  (cost=0.43..43.75 rows=10 width=4)
	        Index Cond: ((id >= 1777512) AND (id <= 1777521))

table 5 : explain SELECT SUM(k) FROM sbtest5 WHERE id BETWEEN 3606058 AND 3606067
	Aggregate  (cost=39.89..39.90 rows=1 width=8)
	  ->  Index Scan using sbtest5_pkey on sbtest5  (cost=0.43..39.86 rows=9 width=4)
	        Index Cond: ((id >= 3606058) AND (id <= 3606067))

table 6 : explain SELECT SUM(k) FROM sbtest6 WHERE id BETWEEN 3487581 AND 3487590
	Aggregate  (cost=43.94..43.95 rows=1 width=8)
	  ->  Index Scan using sbtest6_pkey on sbtest6  (cost=0.43..43.92 rows=10 width=4)
	        Index Cond: ((id >= 3487581) AND (id <= 3487590))

table 7 : explain SELECT SUM(k) FROM sbtest7 WHERE id BETWEEN 2909874 AND 2909883
	Aggregate  (cost=39.85..39.86 rows=1 width=8)
	  ->  Index Scan using sbtest7_pkey on sbtest7  (cost=0.43..39.83 rows=9 width=4)
	        Index Cond: ((id >= 2909874) AND (id <= 2909883))

table 8 : explain SELECT SUM(k) FROM sbtest8 WHERE id BETWEEN 1897344 AND 1897353
	Aggregate  (cost=43.69..43.70 rows=1 width=8)
	  ->  Index Scan using sbtest8_pkey on sbtest8  (cost=0.43..43.66 rows=10 width=4)
	        Index Cond: ((id >= 1897344) AND (id <= 1897353))

for: sum_ranges
table 1 : explain SELECT SUM(k) FROM sbtest1 WHERE id BETWEEN 1369740 AND 1369749
	Aggregate  (cost=43.89..43.90 rows=1 width=8)
	  ->  Index Scan using sbtest1_pkey on sbtest1  (cost=0.43..43.87 rows=10 width=4)
	        Index Cond: ((id >= 1369740) AND (id <= 1369749))

table 2 : explain SELECT SUM(k) FROM sbtest2 WHERE id BETWEEN 2049668 AND 2049677
	Aggregate  (cost=39.87..39.88 rows=1 width=8)
	  ->  Index Scan using sbtest2_pkey on sbtest2  (cost=0.43..39.85 rows=9 width=4)
	        Index Cond: ((id >= 2049668) AND (id <= 2049677))

table 3 : explain SELECT SUM(k) FROM sbtest3 WHERE id BETWEEN 8070725 AND 8070734
	Aggregate  (cost=43.89..43.90 rows=1 width=8)
	  ->  Index Scan using sbtest3_pkey on sbtest3  (cost=0.43..43.87 rows=10 width=4)
	        Index Cond: ((id >= 8070725) AND (id <= 8070734))

table 4 : explain SELECT SUM(k) FROM sbtest4 WHERE id BETWEEN 7409153 AND 7409162
	Aggregate  (cost=43.78..43.79 rows=1 width=8)
	  ->  Index Scan using sbtest4_pkey on sbtest4  (cost=0.43..43.75 rows=10 width=4)
	        Index Cond: ((id >= 7409153) AND (id <= 7409162))

table 5 : explain SELECT SUM(k) FROM sbtest5 WHERE id BETWEEN 5371154 AND 5371163
	Aggregate  (cost=43.81..43.82 rows=1 width=8)
	  ->  Index Scan using sbtest5_pkey on sbtest5  (cost=0.43..43.79 rows=10 width=4)
	        Index Cond: ((id >= 5371154) AND (id <= 5371163))

table 6 : explain SELECT SUM(k) FROM sbtest6 WHERE id BETWEEN 4541727 AND 4541736
	Aggregate  (cost=43.94..43.95 rows=1 width=8)
	  ->  Index Scan using sbtest6_pkey on sbtest6  (cost=0.43..43.92 rows=10 width=4)
	        Index Cond: ((id >= 4541727) AND (id <= 4541736))

table 7 : explain SELECT SUM(k) FROM sbtest7 WHERE id BETWEEN 1842298 AND 1842307
	Aggregate  (cost=43.78..43.79 rows=1 width=8)
	  ->  Index Scan using sbtest7_pkey on sbtest7  (cost=0.43..43.75 rows=10 width=4)
	        Index Cond: ((id >= 1842298) AND (id <= 1842307))

table 8 : explain SELECT SUM(k) FROM sbtest8 WHERE id BETWEEN 2024364 AND 2024373
	Aggregate  (cost=43.69..43.70 rows=1 width=8)
	  ->  Index Scan using sbtest8_pkey on sbtest8  (cost=0.43..43.66 rows=10 width=4)
	        Index Cond: ((id >= 2024364) AND (id <= 2024373))

for: order_ranges
table 1 : explain SELECT c FROM sbtest1 WHERE id BETWEEN 7046116 AND 7046125 ORDER BY c
	Sort  (cost=44.04..44.06 rows=10 width=121)
	  Sort Key: c
	  ->  Index Scan using sbtest1_pkey on sbtest1  (cost=0.43..43.87 rows=10 width=121)
	        Index Cond: ((id >= 7046116) AND (id <= 7046125))

table 2 : explain SELECT c FROM sbtest2 WHERE id BETWEEN 34775 AND 34784 ORDER BY c
	Sort  (cost=39.99..40.02 rows=9 width=121)
	  Sort Key: c
	  ->  Index Scan using sbtest2_pkey on sbtest2  (cost=0.43..39.85 rows=9 width=121)
	        Index Cond: ((id >= 34775) AND (id <= 34784))

table 3 : explain SELECT c FROM sbtest3 WHERE id BETWEEN 7012648 AND 7012657 ORDER BY c
	Sort  (cost=40.07..40.10 rows=9 width=121)
	  Sort Key: c
	  ->  Index Scan using sbtest3_pkey on sbtest3  (cost=0.43..39.93 rows=9 width=121)
	        Index Cond: ((id >= 7012648) AND (id <= 7012657))

table 4 : explain SELECT c FROM sbtest4 WHERE id BETWEEN 3422982 AND 3422991 ORDER BY c
	Sort  (cost=39.97..40.00 rows=9 width=121)
	  Sort Key: c
	  ->  Index Scan using sbtest4_pkey on sbtest4  (cost=0.43..39.83 rows=9 width=121)
	        Index Cond: ((id >= 3422982) AND (id <= 3422991))

table 5 : explain SELECT c FROM sbtest5 WHERE id BETWEEN 1969102 AND 1969111 ORDER BY c
	Sort  (cost=43.95..43.98 rows=10 width=121)
	  Sort Key: c
	  ->  Index Scan using sbtest5_pkey on sbtest5  (cost=0.43..43.79 rows=10 width=121)
	        Index Cond: ((id >= 1969102) AND (id <= 1969111))

table 6 : explain SELECT c FROM sbtest6 WHERE id BETWEEN 9029946 AND 9029955 ORDER BY c
	Sort  (cost=48.05..48.07 rows=11 width=121)
	  Sort Key: c
	  ->  Index Scan using sbtest6_pkey on sbtest6  (cost=0.43..47.86 rows=11 width=121)
	        Index Cond: ((id >= 9029946) AND (id <= 9029955))

table 7 : explain SELECT c FROM sbtest7 WHERE id BETWEEN 6055876 AND 6055885 ORDER BY c
	Sort  (cost=43.92..43.94 rows=10 width=121)
	  Sort Key: c
	  ->  Index Scan using sbtest7_pkey on sbtest7  (cost=0.43..43.75 rows=10 width=121)
	        Index Cond: ((id >= 6055876) AND (id <= 6055885))

table 8 : explain SELECT c FROM sbtest8 WHERE id BETWEEN 4691754 AND 4691763 ORDER BY c
	Sort  (cost=43.83..43.85 rows=10 width=121)
	  Sort Key: c
	  ->  Index Scan using sbtest8_pkey on sbtest8  (cost=0.43..43.66 rows=10 width=121)
	        Index Cond: ((id >= 4691754) AND (id <= 4691763))

for: order_ranges
table 1 : explain SELECT c FROM sbtest1 WHERE id BETWEEN 3326723 AND 3326732 ORDER BY c
	Sort  (cost=44.04..44.06 rows=10 width=121)
	  Sort Key: c
	  ->  Index Scan using sbtest1_pkey on sbtest1  (cost=0.43..43.87 rows=10 width=121)
	        Index Cond: ((id >= 3326723) AND (id <= 3326732))

table 2 : explain SELECT c FROM sbtest2 WHERE id BETWEEN 9144476 AND 9144485 ORDER BY c
	Sort  (cost=43.94..43.97 rows=10 width=121)
	  Sort Key: c
	  ->  Index Scan using sbtest2_pkey on sbtest2  (cost=0.43..43.78 rows=10 width=121)
	        Index Cond: ((id >= 9144476) AND (id <= 9144485))

table 3 : explain SELECT c FROM sbtest3 WHERE id BETWEEN 5009628 AND 5009637 ORDER BY c
	Sort  (cost=47.99..48.02 rows=11 width=121)
	  Sort Key: c
	  ->  Index Scan using sbtest3_pkey on sbtest3  (cost=0.43..47.80 rows=11 width=121)
	        Index Cond: ((id >= 5009628) AND (id <= 5009637))

table 4 : explain SELECT c FROM sbtest4 WHERE id BETWEEN 5045344 AND 5045353 ORDER BY c
	Sort  (cost=43.92..43.94 rows=10 width=121)
	  Sort Key: c
	  ->  Index Scan using sbtest4_pkey on sbtest4  (cost=0.43..43.75 rows=10 width=121)
	        Index Cond: ((id >= 5045344) AND (id <= 5045353))

table 5 : explain SELECT c FROM sbtest5 WHERE id BETWEEN 2076988 AND 2076997 ORDER BY c
	Sort  (cost=43.95..43.98 rows=10 width=121)
	  Sort Key: c
	  ->  Index Scan using sbtest5_pkey on sbtest5  (cost=0.43..43.79 rows=10 width=121)
	        Index Cond: ((id >= 2076988) AND (id <= 2076997))

table 6 : explain SELECT c FROM sbtest6 WHERE id BETWEEN 4644505 AND 4644514 ORDER BY c
	Sort  (cost=44.08..44.11 rows=10 width=121)
	  Sort Key: c
	  ->  Index Scan using sbtest6_pkey on sbtest6  (cost=0.43..43.92 rows=10 width=121)
	        Index Cond: ((id >= 4644505) AND (id <= 4644514))

table 7 : explain SELECT c FROM sbtest7 WHERE id BETWEEN 2346659 AND 2346668 ORDER BY c
	Sort  (cost=39.97..40.00 rows=9 width=121)
	  Sort Key: c
	  ->  Index Scan using sbtest7_pkey on sbtest7  (cost=0.43..39.83 rows=9 width=121)
	        Index Cond: ((id >= 2346659) AND (id <= 2346668))

table 8 : explain SELECT c FROM sbtest8 WHERE id BETWEEN 9847507 AND 9847516 ORDER BY c
	Sort  (cost=39.89..39.92 rows=9 width=121)
	  Sort Key: c
	  ->  Index Scan using sbtest8_pkey on sbtest8  (cost=0.43..39.75 rows=9 width=121)
	        Index Cond: ((id >= 9847507) AND (id <= 9847516))
for: distinct_ranges
table 1 : explain SELECT DISTINCT c FROM sbtest1 WHERE id BETWEEN 2620670 AND 2620679 ORDER BY c
	Unique  (cost=44.04..44.09 rows=10 width=121)
	  ->  Sort  (cost=44.04..44.06 rows=10 width=121)
	        Sort Key: c
	        ->  Index Scan using sbtest1_pkey on sbtest1  (cost=0.43..43.87 rows=10 width=121)
	              Index Cond: ((id >= 2620670) AND (id <= 2620679))

table 2 : explain SELECT DISTINCT c FROM sbtest2 WHERE id BETWEEN 7373570 AND 7373579 ORDER BY c
	Unique  (cost=43.94..43.99 rows=10 width=121)
	  ->  Sort  (cost=43.94..43.97 rows=10 width=121)
	        Sort Key: c
	        ->  Index Scan using sbtest2_pkey on sbtest2  (cost=0.43..43.78 rows=10 width=121)
	              Index Cond: ((id >= 7373570) AND (id <= 7373579))

table 3 : explain SELECT DISTINCT c FROM sbtest3 WHERE id BETWEEN 2708128 AND 2708137 ORDER BY c
	Unique  (cost=44.03..44.08 rows=10 width=121)
	  ->  Sort  (cost=44.03..44.06 rows=10 width=121)
	        Sort Key: c
	        ->  Index Scan using sbtest3_pkey on sbtest3  (cost=0.43..43.87 rows=10 width=121)
	              Index Cond: ((id >= 2708128) AND (id <= 2708137))

table 4 : explain SELECT DISTINCT c FROM sbtest4 WHERE id BETWEEN 4132701 AND 4132710 ORDER BY c
	Unique  (cost=43.92..43.97 rows=10 width=121)
	  ->  Sort  (cost=43.92..43.94 rows=10 width=121)
	        Sort Key: c
	        ->  Index Scan using sbtest4_pkey on sbtest4  (cost=0.43..43.75 rows=10 width=121)
	              Index Cond: ((id >= 4132701) AND (id <= 4132710))

table 5 : explain SELECT DISTINCT c FROM sbtest5 WHERE id BETWEEN 7271289 AND 7271298 ORDER BY c
	Unique  (cost=47.91..47.96 rows=11 width=121)
	  ->  Sort  (cost=47.91..47.93 rows=11 width=121)
	        Sort Key: c
	        ->  Index Scan using sbtest5_pkey on sbtest5  (cost=0.43..47.71 rows=11 width=121)
	              Index Cond: ((id >= 7271289) AND (id <= 7271298))

table 6 : explain SELECT DISTINCT c FROM sbtest6 WHERE id BETWEEN 2864213 AND 2864222 ORDER BY c
	Unique  (cost=44.08..44.13 rows=10 width=121)
	  ->  Sort  (cost=44.08..44.11 rows=10 width=121)
	        Sort Key: c
	        ->  Index Scan using sbtest6_pkey on sbtest6  (cost=0.43..43.92 rows=10 width=121)
	              Index Cond: ((id >= 2864213) AND (id <= 2864222))

table 7 : explain SELECT DISTINCT c FROM sbtest7 WHERE id BETWEEN 804738 AND 804747 ORDER BY c
	Unique  (cost=43.92..43.97 rows=10 width=121)
	  ->  Sort  (cost=43.92..43.94 rows=10 width=121)
	        Sort Key: c
	        ->  Index Scan using sbtest7_pkey on sbtest7  (cost=0.43..43.75 rows=10 width=121)
	              Index Cond: ((id >= 804738) AND (id <= 804747))

table 8 : explain SELECT DISTINCT c FROM sbtest8 WHERE id BETWEEN 6457416 AND 6457425 ORDER BY c
	Unique  (cost=47.76..47.82 rows=11 width=121)
	  ->  Sort  (cost=47.76..47.79 rows=11 width=121)
	        Sort Key: c
	        ->  Index Scan using sbtest8_pkey on sbtest8  (cost=0.43..47.57 rows=11 width=121)
	              Index Cond: ((id >= 6457416) AND (id <= 6457425))

for: sum_ranges
table 1 : explain SELECT SUM(k) FROM sbtest1 WHERE id BETWEEN 3792849 AND 3792858
	Aggregate  (cost=43.89..43.90 rows=1 width=8)
	  ->  Index Scan using sbtest1_pkey on sbtest1  (cost=0.43..43.87 rows=10 width=4)
	        Index Cond: ((id >= 3792849) AND (id <= 3792858))

table 2 : explain SELECT SUM(k) FROM sbtest2 WHERE id BETWEEN 4065085 AND 4065094
	Aggregate  (cost=47.73..47.74 rows=1 width=8)
	  ->  Index Scan using sbtest2_pkey on sbtest2  (cost=0.43..47.70 rows=11 width=4)
	        Index Cond: ((id >= 4065085) AND (id <= 4065094))

table 3 : explain SELECT SUM(k) FROM sbtest3 WHERE id BETWEEN 1460691 AND 1460700
	Aggregate  (cost=43.89..43.90 rows=1 width=8)
	  ->  Index Scan using sbtest3_pkey on sbtest3  (cost=0.43..43.87 rows=10 width=4)
	        Index Cond: ((id >= 1460691) AND (id <= 1460700))

table 4 : explain SELECT SUM(k) FROM sbtest4 WHERE id BETWEEN 5336926 AND 5336935
	Aggregate  (cost=43.78..43.79 rows=1 width=8)
	  ->  Index Scan using sbtest4_pkey on sbtest4  (cost=0.43..43.75 rows=10 width=4)
	        Index Cond: ((id >= 5336926) AND (id <= 5336935))

table 5 : explain SELECT SUM(k) FROM sbtest5 WHERE id BETWEEN 5036731 AND 5036740
	Aggregate  (cost=43.81..43.82 rows=1 width=8)
	  ->  Index Scan using sbtest5_pkey on sbtest5  (cost=0.43..43.79 rows=10 width=4)
	        Index Cond: ((id >= 5036731) AND (id <= 5036740))

table 6 : explain SELECT SUM(k) FROM sbtest6 WHERE id BETWEEN 8599188 AND 8599197
	Aggregate  (cost=40.00..40.01 rows=1 width=8)
	  ->  Index Scan using sbtest6_pkey on sbtest6  (cost=0.43..39.98 rows=9 width=4)
	        Index Cond: ((id >= 8599188) AND (id <= 8599197))

table 7 : explain SELECT SUM(k) FROM sbtest7 WHERE id BETWEEN 6305082 AND 6305091
	Aggregate  (cost=39.85..39.86 rows=1 width=8)
	  ->  Index Scan using sbtest7_pkey on sbtest7  (cost=0.43..39.83 rows=9 width=4)
	        Index Cond: ((id >= 6305082) AND (id <= 6305091))

table 8 : explain SELECT SUM(k) FROM sbtest8 WHERE id BETWEEN 243625 AND 243634
	Aggregate  (cost=47.60..47.61 rows=1 width=8)
	  ->  Index Scan using sbtest8_pkey on sbtest8  (cost=0.43..47.57 rows=11 width=4)
	        Index Cond: ((id >= 243625) AND (id <= 243634))


for: sum_ranges
table 1 : explain SELECT SUM(k) FROM sbtest1 WHERE id BETWEEN 1861164 AND 1861173
	Aggregate  (cost=43.89..43.90 rows=1 width=8)
	  ->  Index Scan using sbtest1_pkey on sbtest1  (cost=0.43..43.87 rows=10 width=4)
	        Index Cond: ((id >= 1861164) AND (id <= 1861173))

table 2 : explain SELECT SUM(k) FROM sbtest2 WHERE id BETWEEN 5719318 AND 5719327
	Aggregate  (cost=47.73..47.74 rows=1 width=8)
	  ->  Index Scan using sbtest2_pkey on sbtest2  (cost=0.43..47.70 rows=11 width=4)
	        Index Cond: ((id >= 5719318) AND (id <= 5719327))

table 3 : explain SELECT SUM(k) FROM sbtest3 WHERE id BETWEEN 5005462 AND 5005471
	Aggregate  (cost=47.83..47.84 rows=1 width=8)
	  ->  Index Scan using sbtest3_pkey on sbtest3  (cost=0.43..47.80 rows=11 width=4)
	        Index Cond: ((id >= 5005462) AND (id <= 5005471))

table 4 : explain SELECT SUM(k) FROM sbtest4 WHERE id BETWEEN 177494 AND 177503
	Aggregate  (cost=43.78..43.79 rows=1 width=8)
	  ->  Index Scan using sbtest4_pkey on sbtest4  (cost=0.43..43.75 rows=10 width=4)
	        Index Cond: ((id >= 177494) AND (id <= 177503))

table 5 : explain SELECT SUM(k) FROM sbtest5 WHERE id BETWEEN 8885535 AND 8885544
	Aggregate  (cost=43.81..43.82 rows=1 width=8)
	  ->  Index Scan using sbtest5_pkey on sbtest5  (cost=0.43..43.79 rows=10 width=4)
	        Index Cond: ((id >= 8885535) AND (id <= 8885544))

table 6 : explain SELECT SUM(k) FROM sbtest6 WHERE id BETWEEN 8097773 AND 8097782
	Aggregate  (cost=43.94..43.95 rows=1 width=8)
	  ->  Index Scan using sbtest6_pkey on sbtest6  (cost=0.43..43.92 rows=10 width=4)
	        Index Cond: ((id >= 8097773) AND (id <= 8097782))

table 7 : explain SELECT SUM(k) FROM sbtest7 WHERE id BETWEEN 5031296 AND 5031305
	Aggregate  (cost=47.70..47.71 rows=1 width=8)
	  ->  Index Scan using sbtest7_pkey on sbtest7  (cost=0.43..47.67 rows=11 width=4)
	        Index Cond: ((id >= 5031296) AND (id <= 5031305))

table 8 : explain SELECT SUM(k) FROM sbtest8 WHERE id BETWEEN 7573487 AND 7573496
	Aggregate  (cost=43.69..43.70 rows=1 width=8)
	  ->  Index Scan using sbtest8_pkey on sbtest8  (cost=0.43..43.66 rows=10 width=4)
	        Index Cond: ((id >= 7573487) AND (id <= 7573496))

for: order_ranges
table 1 : explain SELECT c FROM sbtest1 WHERE id BETWEEN 2987267 AND 2987276 ORDER BY c
	Sort  (cost=44.04..44.06 rows=10 width=121)
	  Sort Key: c
	  ->  Index Scan using sbtest1_pkey on sbtest1  (cost=0.43..43.87 rows=10 width=121)
	        Index Cond: ((id >= 2987267) AND (id <= 2987276))

table 2 : explain SELECT c FROM sbtest2 WHERE id BETWEEN 5134709 AND 5134718 ORDER BY c
	Sort  (cost=43.94..43.97 rows=10 width=121)
	  Sort Key: c
	  ->  Index Scan using sbtest2_pkey on sbtest2  (cost=0.43..43.78 rows=10 width=121)
	        Index Cond: ((id >= 5134709) AND (id <= 5134718))

table 3 : explain SELECT c FROM sbtest3 WHERE id BETWEEN 2945176 AND 2945185 ORDER BY c
	Sort  (cost=44.03..44.06 rows=10 width=121)
	  Sort Key: c
	  ->  Index Scan using sbtest3_pkey on sbtest3  (cost=0.43..43.87 rows=10 width=121)
	        Index Cond: ((id >= 2945176) AND (id <= 2945185))

table 4 : explain SELECT c FROM sbtest4 WHERE id BETWEEN 738306 AND 738315 ORDER BY c
	Sort  (cost=43.92..43.94 rows=10 width=121)
	  Sort Key: c
	  ->  Index Scan using sbtest4_pkey on sbtest4  (cost=0.43..43.75 rows=10 width=121)
	        Index Cond: ((id >= 738306) AND (id <= 738315))

table 5 : explain SELECT c FROM sbtest5 WHERE id BETWEEN 7400713 AND 7400722 ORDER BY c
	Sort  (cost=47.91..47.93 rows=11 width=121)
	  Sort Key: c
	  ->  Index Scan using sbtest5_pkey on sbtest5  (cost=0.43..47.71 rows=11 width=121)
	        Index Cond: ((id >= 7400713) AND (id <= 7400722))

table 6 : explain SELECT c FROM sbtest6 WHERE id BETWEEN 8394784 AND 8394793 ORDER BY c
	Sort  (cost=44.08..44.11 rows=10 width=121)
	  Sort Key: c
	  ->  Index Scan using sbtest6_pkey on sbtest6  (cost=0.43..43.92 rows=10 width=121)
	        Index Cond: ((id >= 8394784) AND (id <= 8394793))

table 7 : explain SELECT c FROM sbtest7 WHERE id BETWEEN 4099675 AND 4099684 ORDER BY c
	Sort  (cost=43.92..43.94 rows=10 width=121)
	  Sort Key: c
	  ->  Index Scan using sbtest7_pkey on sbtest7  (cost=0.43..43.75 rows=10 width=121)
	        Index Cond: ((id >= 4099675) AND (id <= 4099684))

table 8 : explain SELECT c FROM sbtest8 WHERE id BETWEEN 4533828 AND 4533837 ORDER BY c
	Sort  (cost=43.83..43.85 rows=10 width=121)
	  Sort Key: c
	  ->  Index Scan using sbtest8_pkey on sbtest8  (cost=0.43..43.66 rows=10 width=121)
	        Index Cond: ((id >= 4533828) AND (id <= 4533837))

for: order_ranges
table 1 : explain SELECT c FROM sbtest1 WHERE id BETWEEN 8497574 AND 8497583 ORDER BY c
	Sort  (cost=44.04..44.06 rows=10 width=121)
	  Sort Key: c
	  ->  Index Scan using sbtest1_pkey on sbtest1  (cost=0.43..43.87 rows=10 width=121)
	        Index Cond: ((id >= 8497574) AND (id <= 8497583))

table 2 : explain SELECT c FROM sbtest2 WHERE id BETWEEN 775164 AND 775173 ORDER BY c
	Sort  (cost=43.94..43.97 rows=10 width=121)
	  Sort Key: c
	  ->  Index Scan using sbtest2_pkey on sbtest2  (cost=0.43..43.78 rows=10 width=121)
	        Index Cond: ((id >= 775164) AND (id <= 775173))

table 3 : explain SELECT c FROM sbtest3 WHERE id BETWEEN 1899301 AND 1899310 ORDER BY c
	Sort  (cost=44.03..44.06 rows=10 width=121)
	  Sort Key: c
	  ->  Index Scan using sbtest3_pkey on sbtest3  (cost=0.43..43.87 rows=10 width=121)
	        Index Cond: ((id >= 1899301) AND (id <= 1899310))

table 4 : explain SELECT c FROM sbtest4 WHERE id BETWEEN 1968288 AND 1968297 ORDER BY c
	Sort  (cost=43.92..43.94 rows=10 width=121)
	  Sort Key: c
	  ->  Index Scan using sbtest4_pkey on sbtest4  (cost=0.43..43.75 rows=10 width=121)
	        Index Cond: ((id >= 1968288) AND (id <= 1968297))

table 5 : explain SELECT c FROM sbtest5 WHERE id BETWEEN 6397495 AND 6397504 ORDER BY c
	Sort  (cost=43.95..43.98 rows=10 width=121)
	  Sort Key: c
	  ->  Index Scan using sbtest5_pkey on sbtest5  (cost=0.43..43.79 rows=10 width=121)
	        Index Cond: ((id >= 6397495) AND (id <= 6397504))

table 6 : explain SELECT c FROM sbtest6 WHERE id BETWEEN 1168220 AND 1168229 ORDER BY c
	Sort  (cost=44.08..44.11 rows=10 width=121)
	  Sort Key: c
	  ->  Index Scan using sbtest6_pkey on sbtest6  (cost=0.43..43.92 rows=10 width=121)
	        Index Cond: ((id >= 1168220) AND (id <= 1168229))

table 7 : explain SELECT c FROM sbtest7 WHERE id BETWEEN 8154965 AND 8154974 ORDER BY c
	Sort  (cost=47.86..47.89 rows=11 width=121)
	  Sort Key: c
	  ->  Index Scan using sbtest7_pkey on sbtest7  (cost=0.43..47.67 rows=11 width=121)
	        Index Cond: ((id >= 8154965) AND (id <= 8154974))

table 8 : explain SELECT c FROM sbtest8 WHERE id BETWEEN 3716737 AND 3716746 ORDER BY c
	Sort  (cost=43.83..43.85 rows=10 width=121)
	  Sort Key: c
	  ->  Index Scan using sbtest8_pkey on sbtest8  (cost=0.43..43.66 rows=10 width=121)
	        Index Cond: ((id >= 3716737) AND (id <= 3716746))

for: order_ranges
table 1 : explain SELECT c FROM sbtest1 WHERE id BETWEEN 5333840 AND 5333849 ORDER BY c
	Sort  (cost=44.04..44.06 rows=10 width=121)
	  Sort Key: c
	  ->  Index Scan using sbtest1_pkey on sbtest1  (cost=0.43..43.87 rows=10 width=121)
	        Index Cond: ((id >= 5333840) AND (id <= 5333849))

table 2 : explain SELECT c FROM sbtest2 WHERE id BETWEEN 4585513 AND 4585522 ORDER BY c
	Sort  (cost=43.94..43.97 rows=10 width=121)
	  Sort Key: c
	  ->  Index Scan using sbtest2_pkey on sbtest2  (cost=0.43..43.78 rows=10 width=121)
	        Index Cond: ((id >= 4585513) AND (id <= 4585522))

table 3 : explain SELECT c FROM sbtest3 WHERE id BETWEEN 7091680 AND 7091689 ORDER BY c
	Sort  (cost=44.03..44.06 rows=10 width=121)
	  Sort Key: c
	  ->  Index Scan using sbtest3_pkey on sbtest3  (cost=0.43..43.87 rows=10 width=121)
	        Index Cond: ((id >= 7091680) AND (id <= 7091689))

table 4 : explain SELECT c FROM sbtest4 WHERE id BETWEEN 1299146 AND 1299155 ORDER BY c
	Sort  (cost=39.97..40.00 rows=9 width=121)
	  Sort Key: c
	  ->  Index Scan using sbtest4_pkey on sbtest4  (cost=0.43..39.83 rows=9 width=121)
	        Index Cond: ((id >= 1299146) AND (id <= 1299155))

table 5 : explain SELECT c FROM sbtest5 WHERE id BETWEEN 9168069 AND 9168078 ORDER BY c
	Sort  (cost=40.01..40.03 rows=9 width=121)
	  Sort Key: c
	  ->  Index Scan using sbtest5_pkey on sbtest5  (cost=0.43..39.86 rows=9 width=121)
	        Index Cond: ((id >= 9168069) AND (id <= 9168078))

table 6 : explain SELECT c FROM sbtest6 WHERE id BETWEEN 3224936 AND 3224945 ORDER BY c
	Sort  (cost=44.08..44.11 rows=10 width=121)
	  Sort Key: c
	  ->  Index Scan using sbtest6_pkey on sbtest6  (cost=0.43..43.92 rows=10 width=121)
	        Index Cond: ((id >= 3224936) AND (id <= 3224945))

table 7 : explain SELECT c FROM sbtest7 WHERE id BETWEEN 9572532 AND 9572541 ORDER BY c
	Sort  (cost=47.86..47.89 rows=11 width=121)
	  Sort Key: c
	  ->  Index Scan using sbtest7_pkey on sbtest7  (cost=0.43..47.67 rows=11 width=121)
	        Index Cond: ((id >= 9572532) AND (id <= 9572541))

table 8 : explain SELECT c FROM sbtest8 WHERE id BETWEEN 5462192 AND 5462201 ORDER BY c
	Sort  (cost=43.83..43.85 rows=10 width=121)
	  Sort Key: c
	  ->  Index Scan using sbtest8_pkey on sbtest8  (cost=0.43..43.66 rows=10 width=121)
	        Index Cond: ((id >= 5462192) AND (id <= 5462201))

for: order_ranges
table 1 : explain SELECT c FROM sbtest1 WHERE id BETWEEN 7581776 AND 7581785 ORDER BY c
	Sort  (cost=44.04..44.06 rows=10 width=121)
	  Sort Key: c
	  ->  Index Scan using sbtest1_pkey on sbtest1  (cost=0.43..43.87 rows=10 width=121)
	        Index Cond: ((id >= 7581776) AND (id <= 7581785))

table 2 : explain SELECT c FROM sbtest2 WHERE id BETWEEN 2683620 AND 2683629 ORDER BY c
	Sort  (cost=47.89..47.92 rows=11 width=121)
	  Sort Key: c
	  ->  Index Scan using sbtest2_pkey on sbtest2  (cost=0.43..47.70 rows=11 width=121)
	        Index Cond: ((id >= 2683620) AND (id <= 2683629))

table 3 : explain SELECT c FROM sbtest3 WHERE id BETWEEN 3185344 AND 3185353 ORDER BY c
	Sort  (cost=40.07..40.10 rows=9 width=121)
	  Sort Key: c
	  ->  Index Scan using sbtest3_pkey on sbtest3  (cost=0.43..39.93 rows=9 width=121)
	        Index Cond: ((id >= 3185344) AND (id <= 3185353))

table 4 : explain SELECT c FROM sbtest4 WHERE id BETWEEN 2620117 AND 2620126 ORDER BY c
	Sort  (cost=43.92..43.94 rows=10 width=121)
	  Sort Key: c
	  ->  Index Scan using sbtest4_pkey on sbtest4  (cost=0.43..43.75 rows=10 width=121)
	        Index Cond: ((id >= 2620117) AND (id <= 2620126))

table 5 : explain SELECT c FROM sbtest5 WHERE id BETWEEN 4007918 AND 4007927 ORDER BY c
	Sort  (cost=43.95..43.98 rows=10 width=121)
	  Sort Key: c
	  ->  Index Scan using sbtest5_pkey on sbtest5  (cost=0.43..43.79 rows=10 width=121)
	        Index Cond: ((id >= 4007918) AND (id <= 4007927))

table 6 : explain SELECT c FROM sbtest6 WHERE id BETWEEN 9429382 AND 9429391 ORDER BY c
	Sort  (cost=48.05..48.07 rows=11 width=121)
	  Sort Key: c
	  ->  Index Scan using sbtest6_pkey on sbtest6  (cost=0.43..47.86 rows=11 width=121)
	        Index Cond: ((id >= 9429382) AND (id <= 9429391))

table 7 : explain SELECT c FROM sbtest7 WHERE id BETWEEN 4925513 AND 4925522 ORDER BY c
	Sort  (cost=43.92..43.94 rows=10 width=121)
	  Sort Key: c
	  ->  Index Scan using sbtest7_pkey on sbtest7  (cost=0.43..43.75 rows=10 width=121)
	        Index Cond: ((id >= 4925513) AND (id <= 4925522))

table 8 : explain SELECT c FROM sbtest8 WHERE id BETWEEN 8495592 AND 8495601 ORDER BY c
	Sort  (cost=43.83..43.85 rows=10 width=121)
	  Sort Key: c
	  ->  Index Scan using sbtest8_pkey on sbtest8  (cost=0.43..43.66 rows=10 width=121)
	        Index Cond: ((id >= 8495592) AND (id <= 8495601))

for: distinct_ranges
table 1 : explain SELECT DISTINCT c FROM sbtest1 WHERE id BETWEEN 5010523 AND 5010532 ORDER BY c
	Unique  (cost=47.99..48.05 rows=11 width=121)
	  ->  Sort  (cost=47.99..48.02 rows=11 width=121)
	        Sort Key: c
	        ->  Index Scan using sbtest1_pkey on sbtest1  (cost=0.43..47.80 rows=11 width=121)
	              Index Cond: ((id >= 5010523) AND (id <= 5010532))

table 2 : explain SELECT DISTINCT c FROM sbtest2 WHERE id BETWEEN 751381 AND 751390 ORDER BY c
	Unique  (cost=43.94..43.99 rows=10 width=121)
	  ->  Sort  (cost=43.94..43.97 rows=10 width=121)
	        Sort Key: c
	        ->  Index Scan using sbtest2_pkey on sbtest2  (cost=0.43..43.78 rows=10 width=121)
	              Index Cond: ((id >= 751381) AND (id <= 751390))

table 3 : explain SELECT DISTINCT c FROM sbtest3 WHERE id BETWEEN 8243288 AND 8243297 ORDER BY c
	Unique  (cost=44.03..44.08 rows=10 width=121)
	  ->  Sort  (cost=44.03..44.06 rows=10 width=121)
	        Sort Key: c
	        ->  Index Scan using sbtest3_pkey on sbtest3  (cost=0.43..43.87 rows=10 width=121)
	              Index Cond: ((id >= 8243288) AND (id <= 8243297))

table 4 : explain SELECT DISTINCT c FROM sbtest4 WHERE id BETWEEN 6854380 AND 6854389 ORDER BY c
	Unique  (cost=43.92..43.97 rows=10 width=121)
	  ->  Sort  (cost=43.92..43.94 rows=10 width=121)
	        Sort Key: c
	        ->  Index Scan using sbtest4_pkey on sbtest4  (cost=0.43..43.75 rows=10 width=121)
	              Index Cond: ((id >= 6854380) AND (id <= 6854389))

table 5 : explain SELECT DISTINCT c FROM sbtest5 WHERE id BETWEEN 351280 AND 351289 ORDER BY c
	Unique  (cost=43.95..44.00 rows=10 width=121)
	  ->  Sort  (cost=43.95..43.98 rows=10 width=121)
	        Sort Key: c
	        ->  Index Scan using sbtest5_pkey on sbtest5  (cost=0.43..43.79 rows=10 width=121)
	              Index Cond: ((id >= 351280) AND (id <= 351289))

table 6 : explain SELECT DISTINCT c FROM sbtest6 WHERE id BETWEEN 343144 AND 343153 ORDER BY c
	Unique  (cost=44.08..44.13 rows=10 width=121)
	  ->  Sort  (cost=44.08..44.11 rows=10 width=121)
	        Sort Key: c
	        ->  Index Scan using sbtest6_pkey on sbtest6  (cost=0.43..43.92 rows=10 width=121)
	              Index Cond: ((id >= 343144) AND (id <= 343153))

table 7 : explain SELECT DISTINCT c FROM sbtest7 WHERE id BETWEEN 6673505 AND 6673514 ORDER BY c
	Unique  (cost=43.92..43.97 rows=10 width=121)
	  ->  Sort  (cost=43.92..43.94 rows=10 width=121)
	        Sort Key: c
	        ->  Index Scan using sbtest7_pkey on sbtest7  (cost=0.43..43.75 rows=10 width=121)
	              Index Cond: ((id >= 6673505) AND (id <= 6673514))

table 8 : explain SELECT DISTINCT c FROM sbtest8 WHERE id BETWEEN 1999644 AND 1999653 ORDER BY c
	Unique  (cost=43.83..43.88 rows=10 width=121)
	  ->  Sort  (cost=43.83..43.85 rows=10 width=121)
	        Sort Key: c
	        ->  Index Scan using sbtest8_pkey on sbtest8  (cost=0.43..43.66 rows=10 width=121)
	              Index Cond: ((id >= 1999644) AND (id <= 1999653))

for: order_ranges
table 1 : explain SELECT c FROM sbtest1 WHERE id BETWEEN 9473560 AND 9473569 ORDER BY c
	Sort  (cost=44.04..44.06 rows=10 width=121)
	  Sort Key: c
	  ->  Index Scan using sbtest1_pkey on sbtest1  (cost=0.43..43.87 rows=10 width=121)
	        Index Cond: ((id >= 9473560) AND (id <= 9473569))

table 2 : explain SELECT c FROM sbtest2 WHERE id BETWEEN 841670 AND 841679 ORDER BY c
	Sort  (cost=43.94..43.97 rows=10 width=121)
	  Sort Key: c
	  ->  Index Scan using sbtest2_pkey on sbtest2  (cost=0.43..43.78 rows=10 width=121)
	        Index Cond: ((id >= 841670) AND (id <= 841679))

table 3 : explain SELECT c FROM sbtest3 WHERE id BETWEEN 1131987 AND 1131996 ORDER BY c
	Sort  (cost=44.03..44.06 rows=10 width=121)
	  Sort Key: c
	  ->  Index Scan using sbtest3_pkey on sbtest3  (cost=0.43..43.87 rows=10 width=121)
	        Index Cond: ((id >= 1131987) AND (id <= 1131996))

table 4 : explain SELECT c FROM sbtest4 WHERE id BETWEEN 1791665 AND 1791674 ORDER BY c
	Sort  (cost=43.92..43.94 rows=10 width=121)
	  Sort Key: c
	  ->  Index Scan using sbtest4_pkey on sbtest4  (cost=0.43..43.75 rows=10 width=121)
	        Index Cond: ((id >= 1791665) AND (id <= 1791674))

table 5 : explain SELECT c FROM sbtest5 WHERE id BETWEEN 7794368 AND 7794377 ORDER BY c
	Sort  (cost=43.95..43.98 rows=10 width=121)
	  Sort Key: c
	  ->  Index Scan using sbtest5_pkey on sbtest5  (cost=0.43..43.79 rows=10 width=121)
	        Index Cond: ((id >= 7794368) AND (id <= 7794377))

table 6 : explain SELECT c FROM sbtest6 WHERE id BETWEEN 7947497 AND 7947506 ORDER BY c
	Sort  (cost=44.08..44.11 rows=10 width=121)
	  Sort Key: c
	  ->  Index Scan using sbtest6_pkey on sbtest6  (cost=0.43..43.92 rows=10 width=121)
	        Index Cond: ((id >= 7947497) AND (id <= 7947506))

table 7 : explain SELECT c FROM sbtest7 WHERE id BETWEEN 4521084 AND 4521093 ORDER BY c
	Sort  (cost=43.92..43.94 rows=10 width=121)
	  Sort Key: c
	  ->  Index Scan using sbtest7_pkey on sbtest7  (cost=0.43..43.75 rows=10 width=121)
	        Index Cond: ((id >= 4521084) AND (id <= 4521093))

table 8 : explain SELECT c FROM sbtest8 WHERE id BETWEEN 2871222 AND 2871231 ORDER BY c
	Sort  (cost=43.83..43.85 rows=10 width=121)
	  Sort Key: c
	  ->  Index Scan using sbtest8_pkey on sbtest8  (cost=0.43..43.66 rows=10 width=121)
	        Index Cond: ((id >= 2871222) AND (id <= 2871231))

for: order_ranges
table 1 : explain SELECT c FROM sbtest1 WHERE id BETWEEN 7479422 AND 7479431 ORDER BY c
	Sort  (cost=47.99..48.02 rows=11 width=121)
	  Sort Key: c
	  ->  Index Scan using sbtest1_pkey on sbtest1  (cost=0.43..47.80 rows=11 width=121)
	        Index Cond: ((id >= 7479422) AND (id <= 7479431))

table 2 : explain SELECT c FROM sbtest2 WHERE id BETWEEN 5197908 AND 5197917 ORDER BY c
	Sort  (cost=47.89..47.92 rows=11 width=121)
	  Sort Key: c
	  ->  Index Scan using sbtest2_pkey on sbtest2  (cost=0.43..47.70 rows=11 width=121)
	        Index Cond: ((id >= 5197908) AND (id <= 5197917))

table 3 : explain SELECT c FROM sbtest3 WHERE id BETWEEN 2575214 AND 2575223 ORDER BY c
	Sort  (cost=40.07..40.10 rows=9 width=121)
	  Sort Key: c
	  ->  Index Scan using sbtest3_pkey on sbtest3  (cost=0.43..39.93 rows=9 width=121)
	        Index Cond: ((id >= 2575214) AND (id <= 2575223))

table 4 : explain SELECT c FROM sbtest4 WHERE id BETWEEN 8830866 AND 8830875 ORDER BY c
	Sort  (cost=43.92..43.94 rows=10 width=121)
	  Sort Key: c
	  ->  Index Scan using sbtest4_pkey on sbtest4  (cost=0.43..43.75 rows=10 width=121)
	        Index Cond: ((id >= 8830866) AND (id <= 8830875))

table 5 : explain SELECT c FROM sbtest5 WHERE id BETWEEN 6010614 AND 6010623 ORDER BY c
	Sort  (cost=43.95..43.98 rows=10 width=121)
	  Sort Key: c
	  ->  Index Scan using sbtest5_pkey on sbtest5  (cost=0.43..43.79 rows=10 width=121)
	        Index Cond: ((id >= 6010614) AND (id <= 6010623))

table 6 : explain SELECT c FROM sbtest6 WHERE id BETWEEN 648273 AND 648282 ORDER BY c
	Sort  (cost=48.05..48.07 rows=11 width=121)
	  Sort Key: c
	  ->  Index Scan using sbtest6_pkey on sbtest6  (cost=0.43..47.86 rows=11 width=121)
	        Index Cond: ((id >= 648273) AND (id <= 648282))

table 7 : explain SELECT c FROM sbtest7 WHERE id BETWEEN 6535534 AND 6535543 ORDER BY c
	Sort  (cost=43.92..43.94 rows=10 width=121)
	  Sort Key: c
	  ->  Index Scan using sbtest7_pkey on sbtest7  (cost=0.43..43.75 rows=10 width=121)
	        Index Cond: ((id >= 6535534) AND (id <= 6535543))

table 8 : explain SELECT c FROM sbtest8 WHERE id BETWEEN 7008496 AND 7008505 ORDER BY c
	Sort  (cost=43.83..43.85 rows=10 width=121)
	  Sort Key: c
	  ->  Index Scan using sbtest8_pkey on sbtest8  (cost=0.43..43.66 rows=10 width=121)
	        Index Cond: ((id >= 7008496) AND (id <= 7008505))

for: sum_ranges
table 1 : explain SELECT SUM(k) FROM sbtest1 WHERE id BETWEEN 736142 AND 736151
	Aggregate  (cost=43.89..43.90 rows=1 width=8)
	  ->  Index Scan using sbtest1_pkey on sbtest1  (cost=0.43..43.87 rows=10 width=4)
	        Index Cond: ((id >= 736142) AND (id <= 736151))

table 2 : explain SELECT SUM(k) FROM sbtest2 WHERE id BETWEEN 9727632 AND 9727641
	Aggregate  (cost=47.73..47.74 rows=1 width=8)
	  ->  Index Scan using sbtest2_pkey on sbtest2  (cost=0.43..47.70 rows=11 width=4)
	        Index Cond: ((id >= 9727632) AND (id <= 9727641))

table 3 : explain SELECT SUM(k) FROM sbtest3 WHERE id BETWEEN 8769597 AND 8769606
	Aggregate  (cost=43.89..43.90 rows=1 width=8)
	  ->  Index Scan using sbtest3_pkey on sbtest3  (cost=0.43..43.87 rows=10 width=4)
	        Index Cond: ((id >= 8769597) AND (id <= 8769606))

table 4 : explain SELECT SUM(k) FROM sbtest4 WHERE id BETWEEN 4926190 AND 4926199
	Aggregate  (cost=43.78..43.79 rows=1 width=8)
	  ->  Index Scan using sbtest4_pkey on sbtest4  (cost=0.43..43.75 rows=10 width=4)
	        Index Cond: ((id >= 4926190) AND (id <= 4926199))

table 5 : explain SELECT SUM(k) FROM sbtest5 WHERE id BETWEEN 2315642 AND 2315651
	Aggregate  (cost=43.81..43.82 rows=1 width=8)
	  ->  Index Scan using sbtest5_pkey on sbtest5  (cost=0.43..43.79 rows=10 width=4)
	        Index Cond: ((id >= 2315642) AND (id <= 2315651))

table 6 : explain SELECT SUM(k) FROM sbtest6 WHERE id BETWEEN 884148 AND 884157
	Aggregate  (cost=47.88..47.89 rows=1 width=8)
	  ->  Index Scan using sbtest6_pkey on sbtest6  (cost=0.43..47.86 rows=11 width=4)
	        Index Cond: ((id >= 884148) AND (id <= 884157))

table 7 : explain SELECT SUM(k) FROM sbtest7 WHERE id BETWEEN 3683705 AND 3683714
	Aggregate  (cost=47.70..47.71 rows=1 width=8)
	  ->  Index Scan using sbtest7_pkey on sbtest7  (cost=0.43..47.67 rows=11 width=4)
	        Index Cond: ((id >= 3683705) AND (id <= 3683714))

table 8 : explain SELECT SUM(k) FROM sbtest8 WHERE id BETWEEN 7976790 AND 7976799
	Aggregate  (cost=43.69..43.70 rows=1 width=8)
	  ->  Index Scan using sbtest8_pkey on sbtest8  (cost=0.43..43.66 rows=10 width=4)
	        Index Cond: ((id >= 7976790) AND (id <= 7976799))

for: order_ranges
table 1 : explain SELECT c FROM sbtest1 WHERE id BETWEEN 8259432 AND 8259441 ORDER BY c
	Sort  (cost=44.04..44.06 rows=10 width=121)
	  Sort Key: c
	  ->  Index Scan using sbtest1_pkey on sbtest1  (cost=0.43..43.87 rows=10 width=121)
	        Index Cond: ((id >= 8259432) AND (id <= 8259441))

table 2 : explain SELECT c FROM sbtest2 WHERE id BETWEEN 4658127 AND 4658136 ORDER BY c
	Sort  (cost=39.99..40.02 rows=9 width=121)
	  Sort Key: c
	  ->  Index Scan using sbtest2_pkey on sbtest2  (cost=0.43..39.85 rows=9 width=121)
	        Index Cond: ((id >= 4658127) AND (id <= 4658136))

table 3 : explain SELECT c FROM sbtest3 WHERE id BETWEEN 4636166 AND 4636175 ORDER BY c
	Sort  (cost=47.99..48.02 rows=11 width=121)
	  Sort Key: c
	  ->  Index Scan using sbtest3_pkey on sbtest3  (cost=0.43..47.80 rows=11 width=121)
	        Index Cond: ((id >= 4636166) AND (id <= 4636175))

table 4 : explain SELECT c FROM sbtest4 WHERE id BETWEEN 2145241 AND 2145250 ORDER BY c
	Sort  (cost=43.92..43.94 rows=10 width=121)
	  Sort Key: c
	  ->  Index Scan using sbtest4_pkey on sbtest4  (cost=0.43..43.75 rows=10 width=121)
	        Index Cond: ((id >= 2145241) AND (id <= 2145250))

table 5 : explain SELECT c FROM sbtest5 WHERE id BETWEEN 8746551 AND 8746560 ORDER BY c
	Sort  (cost=47.91..47.93 rows=11 width=121)
	  Sort Key: c
	  ->  Index Scan using sbtest5_pkey on sbtest5  (cost=0.43..47.71 rows=11 width=121)
	        Index Cond: ((id >= 8746551) AND (id <= 8746560))

table 6 : explain SELECT c FROM sbtest6 WHERE id BETWEEN 3634846 AND 3634855 ORDER BY c
	Sort  (cost=40.12..40.14 rows=9 width=121)
	  Sort Key: c
	  ->  Index Scan using sbtest6_pkey on sbtest6  (cost=0.43..39.98 rows=9 width=121)
	        Index Cond: ((id >= 3634846) AND (id <= 3634855))

table 7 : explain SELECT c FROM sbtest7 WHERE id BETWEEN 789630 AND 789639 ORDER BY c
	Sort  (cost=43.92..43.94 rows=10 width=121)
	  Sort Key: c
	  ->  Index Scan using sbtest7_pkey on sbtest7  (cost=0.43..43.75 rows=10 width=121)
	        Index Cond: ((id >= 789630) AND (id <= 789639))

table 8 : explain SELECT c FROM sbtest8 WHERE id BETWEEN 9562423 AND 9562432 ORDER BY c
	Sort  (cost=39.89..39.92 rows=9 width=121)
	  Sort Key: c
	  ->  Index Scan using sbtest8_pkey on sbtest8  (cost=0.43..39.75 rows=9 width=121)
	        Index Cond: ((id >= 9562423) AND (id <= 9562432))

for: order_ranges
table 1 : explain SELECT c FROM sbtest1 WHERE id BETWEEN 7356616 AND 7356625 ORDER BY c
	Sort  (cost=44.04..44.06 rows=10 width=121)
	  Sort Key: c
	  ->  Index Scan using sbtest1_pkey on sbtest1  (cost=0.43..43.87 rows=10 width=121)
	        Index Cond: ((id >= 7356616) AND (id <= 7356625))

table 2 : explain SELECT c FROM sbtest2 WHERE id BETWEEN 4313724 AND 4313733 ORDER BY c
	Sort  (cost=39.99..40.02 rows=9 width=121)
	  Sort Key: c
	  ->  Index Scan using sbtest2_pkey on sbtest2  (cost=0.43..39.85 rows=9 width=121)
	        Index Cond: ((id >= 4313724) AND (id <= 4313733))

table 3 : explain SELECT c FROM sbtest3 WHERE id BETWEEN 2819393 AND 2819402 ORDER BY c
	Sort  (cost=44.03..44.06 rows=10 width=121)
	  Sort Key: c
	  ->  Index Scan using sbtest3_pkey on sbtest3  (cost=0.43..43.87 rows=10 width=121)
	        Index Cond: ((id >= 2819393) AND (id <= 2819402))

table 4 : explain SELECT c FROM sbtest4 WHERE id BETWEEN 2810293 AND 2810302 ORDER BY c
	Sort  (cost=43.92..43.94 rows=10 width=121)
	  Sort Key: c
	  ->  Index Scan using sbtest4_pkey on sbtest4  (cost=0.43..43.75 rows=10 width=121)
	        Index Cond: ((id >= 2810293) AND (id <= 2810302))

table 5 : explain SELECT c FROM sbtest5 WHERE id BETWEEN 4026961 AND 4026970 ORDER BY c
	Sort  (cost=43.95..43.98 rows=10 width=121)
	  Sort Key: c
	  ->  Index Scan using sbtest5_pkey on sbtest5  (cost=0.43..43.79 rows=10 width=121)
	        Index Cond: ((id >= 4026961) AND (id <= 4026970))

table 6 : explain SELECT c FROM sbtest6 WHERE id BETWEEN 9643174 AND 9643183 ORDER BY c
	Sort  (cost=44.08..44.11 rows=10 width=121)
	  Sort Key: c
	  ->  Index Scan using sbtest6_pkey on sbtest6  (cost=0.43..43.92 rows=10 width=121)
	        Index Cond: ((id >= 9643174) AND (id <= 9643183))

table 7 : explain SELECT c FROM sbtest7 WHERE id BETWEEN 9790116 AND 9790125 ORDER BY c
	Sort  (cost=43.92..43.94 rows=10 width=121)
	  Sort Key: c
	  ->  Index Scan using sbtest7_pkey on sbtest7  (cost=0.43..43.75 rows=10 width=121)
	        Index Cond: ((id >= 9790116) AND (id <= 9790125))

table 8 : explain SELECT c FROM sbtest8 WHERE id BETWEEN 2749393 AND 2749402 ORDER BY c
	Sort  (cost=39.89..39.92 rows=9 width=121)
	  Sort Key: c
	  ->  Index Scan using sbtest8_pkey on sbtest8  (cost=0.43..39.75 rows=9 width=121)
	        Index Cond: ((id >= 2749393) AND (id <= 2749402))

for: sum_ranges
table 1 : explain SELECT SUM(k) FROM sbtest1 WHERE id BETWEEN 4458319 AND 4458328
	Aggregate  (cost=43.89..43.90 rows=1 width=8)
	  ->  Index Scan using sbtest1_pkey on sbtest1  (cost=0.43..43.87 rows=10 width=4)
	        Index Cond: ((id >= 4458319) AND (id <= 4458328))

table 2 : explain SELECT SUM(k) FROM sbtest2 WHERE id BETWEEN 7384141 AND 7384150
	Aggregate  (cost=43.80..43.81 rows=1 width=8)
	  ->  Index Scan using sbtest2_pkey on sbtest2  (cost=0.43..43.78 rows=10 width=4)
	        Index Cond: ((id >= 7384141) AND (id <= 7384150))

table 3 : explain SELECT SUM(k) FROM sbtest3 WHERE id BETWEEN 9469470 AND 9469479
	Aggregate  (cost=39.95..39.96 rows=1 width=8)
	  ->  Index Scan using sbtest3_pkey on sbtest3  (cost=0.43..39.93 rows=9 width=4)
	        Index Cond: ((id >= 9469470) AND (id <= 9469479))

table 4 : explain SELECT SUM(k) FROM sbtest4 WHERE id BETWEEN 1370340 AND 1370349
	Aggregate  (cost=43.78..43.79 rows=1 width=8)
	  ->  Index Scan using sbtest4_pkey on sbtest4  (cost=0.43..43.75 rows=10 width=4)
	        Index Cond: ((id >= 1370340) AND (id <= 1370349))

table 5 : explain SELECT SUM(k) FROM sbtest5 WHERE id BETWEEN 8612244 AND 8612253
	Aggregate  (cost=43.81..43.82 rows=1 width=8)
	  ->  Index Scan using sbtest5_pkey on sbtest5  (cost=0.43..43.79 rows=10 width=4)
	        Index Cond: ((id >= 8612244) AND (id <= 8612253))

table 6 : explain SELECT SUM(k) FROM sbtest6 WHERE id BETWEEN 3086762 AND 3086771
	Aggregate  (cost=40.00..40.01 rows=1 width=8)
	  ->  Index Scan using sbtest6_pkey on sbtest6  (cost=0.43..39.98 rows=9 width=4)
	        Index Cond: ((id >= 3086762) AND (id <= 3086771))

table 7 : explain SELECT SUM(k) FROM sbtest7 WHERE id BETWEEN 9456589 AND 9456598
	Aggregate  (cost=47.70..47.71 rows=1 width=8)
	  ->  Index Scan using sbtest7_pkey on sbtest7  (cost=0.43..47.67 rows=11 width=4)
	        Index Cond: ((id >= 9456589) AND (id <= 9456598))

table 8 : explain SELECT SUM(k) FROM sbtest8 WHERE id BETWEEN 881580 AND 881589
	Aggregate  (cost=43.69..43.70 rows=1 width=8)
	  ->  Index Scan using sbtest8_pkey on sbtest8  (cost=0.43..43.66 rows=10 width=4)
	        Index Cond: ((id >= 881580) AND (id <= 881589))

for: sum_ranges
table 1 : explain SELECT SUM(k) FROM sbtest1 WHERE id BETWEEN 545072 AND 545081
	Aggregate  (cost=39.96..39.97 rows=1 width=8)
	  ->  Index Scan using sbtest1_pkey on sbtest1  (cost=0.43..39.93 rows=9 width=4)
	        Index Cond: ((id >= 545072) AND (id <= 545081))

table 2 : explain SELECT SUM(k) FROM sbtest2 WHERE id BETWEEN 9234147 AND 9234156
	Aggregate  (cost=43.80..43.81 rows=1 width=8)
	  ->  Index Scan using sbtest2_pkey on sbtest2  (cost=0.43..43.78 rows=10 width=4)
	        Index Cond: ((id >= 9234147) AND (id <= 9234156))

table 3 : explain SELECT SUM(k) FROM sbtest3 WHERE id BETWEEN 1695206 AND 1695215
	Aggregate  (cost=43.89..43.90 rows=1 width=8)
	  ->  Index Scan using sbtest3_pkey on sbtest3  (cost=0.43..43.87 rows=10 width=4)
	        Index Cond: ((id >= 1695206) AND (id <= 1695215))

table 4 : explain SELECT SUM(k) FROM sbtest4 WHERE id BETWEEN 5274595 AND 5274604
	Aggregate  (cost=39.85..39.86 rows=1 width=8)
	  ->  Index Scan using sbtest4_pkey on sbtest4  (cost=0.43..39.83 rows=9 width=4)
	        Index Cond: ((id >= 5274595) AND (id <= 5274604))

table 5 : explain SELECT SUM(k) FROM sbtest5 WHERE id BETWEEN 9981240 AND 9981249
	Aggregate  (cost=39.89..39.90 rows=1 width=8)
	  ->  Index Scan using sbtest5_pkey on sbtest5  (cost=0.43..39.86 rows=9 width=4)
	        Index Cond: ((id >= 9981240) AND (id <= 9981249))

table 6 : explain SELECT SUM(k) FROM sbtest6 WHERE id BETWEEN 5814682 AND 5814691
	Aggregate  (cost=47.88..47.89 rows=1 width=8)
	  ->  Index Scan using sbtest6_pkey on sbtest6  (cost=0.43..47.86 rows=11 width=4)
	        Index Cond: ((id >= 5814682) AND (id <= 5814691))

table 7 : explain SELECT SUM(k) FROM sbtest7 WHERE id BETWEEN 3913727 AND 3913736
	Aggregate  (cost=43.78..43.79 rows=1 width=8)
	  ->  Index Scan using sbtest7_pkey on sbtest7  (cost=0.43..43.75 rows=10 width=4)
	        Index Cond: ((id >= 3913727) AND (id <= 3913736))

table 8 : explain SELECT SUM(k) FROM sbtest8 WHERE id BETWEEN 5030992 AND 5031001
	Aggregate  (cost=43.69..43.70 rows=1 width=8)
	  ->  Index Scan using sbtest8_pkey on sbtest8  (cost=0.43..43.66 rows=10 width=4)
	        Index Cond: ((id >= 5030992) AND (id <= 5031001))

for: order_ranges
table 1 : explain SELECT c FROM sbtest1 WHERE id BETWEEN 451664 AND 451673 ORDER BY c
	Sort  (cost=44.04..44.06 rows=10 width=121)
	  Sort Key: c
	  ->  Index Scan using sbtest1_pkey on sbtest1  (cost=0.43..43.87 rows=10 width=121)
	        Index Cond: ((id >= 451664) AND (id <= 451673))

table 2 : explain SELECT c FROM sbtest2 WHERE id BETWEEN 4829242 AND 4829251 ORDER BY c
	Sort  (cost=43.94..43.97 rows=10 width=121)
	  Sort Key: c
	  ->  Index Scan using sbtest2_pkey on sbtest2  (cost=0.43..43.78 rows=10 width=121)
	        Index Cond: ((id >= 4829242) AND (id <= 4829251))

table 3 : explain SELECT c FROM sbtest3 WHERE id BETWEEN 1775984 AND 1775993 ORDER BY c
	Sort  (cost=47.99..48.02 rows=11 width=121)
	  Sort Key: c
	  ->  Index Scan using sbtest3_pkey on sbtest3  (cost=0.43..47.80 rows=11 width=121)
	        Index Cond: ((id >= 1775984) AND (id <= 1775993))

table 4 : explain SELECT c FROM sbtest4 WHERE id BETWEEN 4573179 AND 4573188 ORDER BY c
	Sort  (cost=39.97..40.00 rows=9 width=121)
	  Sort Key: c
	  ->  Index Scan using sbtest4_pkey on sbtest4  (cost=0.43..39.83 rows=9 width=121)
	        Index Cond: ((id >= 4573179) AND (id <= 4573188))

table 5 : explain SELECT c FROM sbtest5 WHERE id BETWEEN 6199342 AND 6199351 ORDER BY c
	Sort  (cost=43.95..43.98 rows=10 width=121)
	  Sort Key: c
	  ->  Index Scan using sbtest5_pkey on sbtest5  (cost=0.43..43.79 rows=10 width=121)
	        Index Cond: ((id >= 6199342) AND (id <= 6199351))

table 6 : explain SELECT c FROM sbtest6 WHERE id BETWEEN 626072 AND 626081 ORDER BY c
	Sort  (cost=48.05..48.07 rows=11 width=121)
	  Sort Key: c
	  ->  Index Scan using sbtest6_pkey on sbtest6  (cost=0.43..47.86 rows=11 width=121)
	        Index Cond: ((id >= 626072) AND (id <= 626081))

table 7 : explain SELECT c FROM sbtest7 WHERE id BETWEEN 5284458 AND 5284467 ORDER BY c
	Sort  (cost=39.97..40.00 rows=9 width=121)
	  Sort Key: c
	  ->  Index Scan using sbtest7_pkey on sbtest7  (cost=0.43..39.83 rows=9 width=121)
	        Index Cond: ((id >= 5284458) AND (id <= 5284467))

table 8 : explain SELECT c FROM sbtest8 WHERE id BETWEEN 6578783 AND 6578792 ORDER BY c
	Sort  (cost=43.83..43.85 rows=10 width=121)
	  Sort Key: c
	  ->  Index Scan using sbtest8_pkey on sbtest8  (cost=0.43..43.66 rows=10 width=121)
	        Index Cond: ((id >= 6578783) AND (id <= 6578792))

for: distinct_ranges
table 1 : explain SELECT DISTINCT c FROM sbtest1 WHERE id BETWEEN 2923816 AND 2923825 ORDER BY c
	Unique  (cost=44.04..44.09 rows=10 width=121)
	  ->  Sort  (cost=44.04..44.06 rows=10 width=121)
	        Sort Key: c
	        ->  Index Scan using sbtest1_pkey on sbtest1  (cost=0.43..43.87 rows=10 width=121)
	              Index Cond: ((id >= 2923816) AND (id <= 2923825))

table 2 : explain SELECT DISTINCT c FROM sbtest2 WHERE id BETWEEN 6610457 AND 6610466 ORDER BY c
	Unique  (cost=43.94..43.99 rows=10 width=121)
	  ->  Sort  (cost=43.94..43.97 rows=10 width=121)
	        Sort Key: c
	        ->  Index Scan using sbtest2_pkey on sbtest2  (cost=0.43..43.78 rows=10 width=121)
	              Index Cond: ((id >= 6610457) AND (id <= 6610466))

table 3 : explain SELECT DISTINCT c FROM sbtest3 WHERE id BETWEEN 7953199 AND 7953208 ORDER BY c
	Unique  (cost=44.03..44.08 rows=10 width=121)
	  ->  Sort  (cost=44.03..44.06 rows=10 width=121)
	        Sort Key: c
	        ->  Index Scan using sbtest3_pkey on sbtest3  (cost=0.43..43.87 rows=10 width=121)
	              Index Cond: ((id >= 7953199) AND (id <= 7953208))

table 4 : explain SELECT DISTINCT c FROM sbtest4 WHERE id BETWEEN 5753703 AND 5753712 ORDER BY c
	Unique  (cost=43.92..43.97 rows=10 width=121)
	  ->  Sort  (cost=43.92..43.94 rows=10 width=121)
	        Sort Key: c
	        ->  Index Scan using sbtest4_pkey on sbtest4  (cost=0.43..43.75 rows=10 width=121)
	              Index Cond: ((id >= 5753703) AND (id <= 5753712))

table 5 : explain SELECT DISTINCT c FROM sbtest5 WHERE id BETWEEN 9451480 AND 9451489 ORDER BY c
	Unique  (cost=43.95..44.00 rows=10 width=121)
	  ->  Sort  (cost=43.95..43.98 rows=10 width=121)
	        Sort Key: c
	        ->  Index Scan using sbtest5_pkey on sbtest5  (cost=0.43..43.79 rows=10 width=121)
	              Index Cond: ((id >= 9451480) AND (id <= 9451489))

table 6 : explain SELECT DISTINCT c FROM sbtest6 WHERE id BETWEEN 9240551 AND 9240560 ORDER BY c
	Unique  (cost=44.08..44.13 rows=10 width=121)
	  ->  Sort  (cost=44.08..44.11 rows=10 width=121)
	        Sort Key: c
	        ->  Index Scan using sbtest6_pkey on sbtest6  (cost=0.43..43.92 rows=10 width=121)
	              Index Cond: ((id >= 9240551) AND (id <= 9240560))

table 7 : explain SELECT DISTINCT c FROM sbtest7 WHERE id BETWEEN 5412978 AND 5412987 ORDER BY c
	Unique  (cost=39.97..40.02 rows=9 width=121)
	  ->  Sort  (cost=39.97..40.00 rows=9 width=121)
	        Sort Key: c
	        ->  Index Scan using sbtest7_pkey on sbtest7  (cost=0.43..39.83 rows=9 width=121)
	              Index Cond: ((id >= 5412978) AND (id <= 5412987))

table 8 : explain SELECT DISTINCT c FROM sbtest8 WHERE id BETWEEN 5951341 AND 5951350 ORDER BY c
	Unique  (cost=43.83..43.88 rows=10 width=121)
	  ->  Sort  (cost=43.83..43.85 rows=10 width=121)
	        Sort Key: c
	        ->  Index Scan using sbtest8_pkey on sbtest8  (cost=0.43..43.66 rows=10 width=121)
	              Index Cond: ((id >= 5951341) AND (id <= 5951350))

for: distinct_ranges
table 1 : explain SELECT DISTINCT c FROM sbtest1 WHERE id BETWEEN 5369723 AND 5369732 ORDER BY c
	Unique  (cost=44.04..44.09 rows=10 width=121)
	  ->  Sort  (cost=44.04..44.06 rows=10 width=121)
	        Sort Key: c
	        ->  Index Scan using sbtest1_pkey on sbtest1  (cost=0.43..43.87 rows=10 width=121)
	              Index Cond: ((id >= 5369723) AND (id <= 5369732))

table 2 : explain SELECT DISTINCT c FROM sbtest2 WHERE id BETWEEN 8225634 AND 8225643 ORDER BY c
	Unique  (cost=43.94..43.99 rows=10 width=121)
	  ->  Sort  (cost=43.94..43.97 rows=10 width=121)
	        Sort Key: c
	        ->  Index Scan using sbtest2_pkey on sbtest2  (cost=0.43..43.78 rows=10 width=121)
	              Index Cond: ((id >= 8225634) AND (id <= 8225643))

table 3 : explain SELECT DISTINCT c FROM sbtest3 WHERE id BETWEEN 5509038 AND 5509047 ORDER BY c
	Unique  (cost=44.03..44.08 rows=10 width=121)
	  ->  Sort  (cost=44.03..44.06 rows=10 width=121)
	        Sort Key: c
	        ->  Index Scan using sbtest3_pkey on sbtest3  (cost=0.43..43.87 rows=10 width=121)
	              Index Cond: ((id >= 5509038) AND (id <= 5509047))

table 4 : explain SELECT DISTINCT c FROM sbtest4 WHERE id BETWEEN 9490235 AND 9490244 ORDER BY c
	Unique  (cost=43.92..43.97 rows=10 width=121)
	  ->  Sort  (cost=43.92..43.94 rows=10 width=121)
	        Sort Key: c
	        ->  Index Scan using sbtest4_pkey on sbtest4  (cost=0.43..43.75 rows=10 width=121)
	              Index Cond: ((id >= 9490235) AND (id <= 9490244))

table 5 : explain SELECT DISTINCT c FROM sbtest5 WHERE id BETWEEN 4602482 AND 4602491 ORDER BY c
	Unique  (cost=40.01..40.05 rows=9 width=121)
	  ->  Sort  (cost=40.01..40.03 rows=9 width=121)
	        Sort Key: c
	        ->  Index Scan using sbtest5_pkey on sbtest5  (cost=0.43..39.86 rows=9 width=121)
	              Index Cond: ((id >= 4602482) AND (id <= 4602491))

table 6 : explain SELECT DISTINCT c FROM sbtest6 WHERE id BETWEEN 5543770 AND 5543779 ORDER BY c
	Unique  (cost=44.08..44.13 rows=10 width=121)
	  ->  Sort  (cost=44.08..44.11 rows=10 width=121)
	        Sort Key: c
	        ->  Index Scan using sbtest6_pkey on sbtest6  (cost=0.43..43.92 rows=10 width=121)
	              Index Cond: ((id >= 5543770) AND (id <= 5543779))

table 7 : explain SELECT DISTINCT c FROM sbtest7 WHERE id BETWEEN 2137624 AND 2137633 ORDER BY c
	Unique  (cost=43.92..43.97 rows=10 width=121)
	  ->  Sort  (cost=43.92..43.94 rows=10 width=121)
	        Sort Key: c
	        ->  Index Scan using sbtest7_pkey on sbtest7  (cost=0.43..43.75 rows=10 width=121)
	              Index Cond: ((id >= 2137624) AND (id <= 2137633))

table 8 : explain SELECT DISTINCT c FROM sbtest8 WHERE id BETWEEN 196960 AND 196969 ORDER BY c
	Unique  (cost=43.83..43.88 rows=10 width=121)
	  ->  Sort  (cost=43.83..43.85 rows=10 width=121)
	        Sort Key: c
	        ->  Index Scan using sbtest8_pkey on sbtest8  (cost=0.43..43.66 rows=10 width=121)
	              Index Cond: ((id >= 196960) AND (id <= 196969))

for: distinct_ranges
table 1 : explain SELECT DISTINCT c FROM sbtest1 WHERE id BETWEEN 1498546 AND 1498555 ORDER BY c
	Unique  (cost=44.04..44.09 rows=10 width=121)
	  ->  Sort  (cost=44.04..44.06 rows=10 width=121)
	        Sort Key: c
	        ->  Index Scan using sbtest1_pkey on sbtest1  (cost=0.43..43.87 rows=10 width=121)
	              Index Cond: ((id >= 1498546) AND (id <= 1498555))

table 2 : explain SELECT DISTINCT c FROM sbtest2 WHERE id BETWEEN 9852776 AND 9852785 ORDER BY c
	Unique  (cost=43.94..43.99 rows=10 width=121)
	  ->  Sort  (cost=43.94..43.97 rows=10 width=121)
	        Sort Key: c
	        ->  Index Scan using sbtest2_pkey on sbtest2  (cost=0.43..43.78 rows=10 width=121)
	              Index Cond: ((id >= 9852776) AND (id <= 9852785))

table 3 : explain SELECT DISTINCT c FROM sbtest3 WHERE id BETWEEN 9352208 AND 9352217 ORDER BY c
	Unique  (cost=40.07..40.12 rows=9 width=121)
	  ->  Sort  (cost=40.07..40.10 rows=9 width=121)
	        Sort Key: c
	        ->  Index Scan using sbtest3_pkey on sbtest3  (cost=0.43..39.93 rows=9 width=121)
	              Index Cond: ((id >= 9352208) AND (id <= 9352217))

table 4 : explain SELECT DISTINCT c FROM sbtest4 WHERE id BETWEEN 1729945 AND 1729954 ORDER BY c
	Unique  (cost=43.92..43.97 rows=10 width=121)
	  ->  Sort  (cost=43.92..43.94 rows=10 width=121)
	        Sort Key: c
	        ->  Index Scan using sbtest4_pkey on sbtest4  (cost=0.43..43.75 rows=10 width=121)
	              Index Cond: ((id >= 1729945) AND (id <= 1729954))

table 5 : explain SELECT DISTINCT c FROM sbtest5 WHERE id BETWEEN 2457103 AND 2457112 ORDER BY c
	Unique  (cost=43.95..44.00 rows=10 width=121)
	  ->  Sort  (cost=43.95..43.98 rows=10 width=121)
	        Sort Key: c
	        ->  Index Scan using sbtest5_pkey on sbtest5  (cost=0.43..43.79 rows=10 width=121)
	              Index Cond: ((id >= 2457103) AND (id <= 2457112))

table 6 : explain SELECT DISTINCT c FROM sbtest6 WHERE id BETWEEN 772632 AND 772641 ORDER BY c
	Unique  (cost=48.05..48.10 rows=11 width=121)
	  ->  Sort  (cost=48.05..48.07 rows=11 width=121)
	        Sort Key: c
	        ->  Index Scan using sbtest6_pkey on sbtest6  (cost=0.43..47.86 rows=11 width=121)
	              Index Cond: ((id >= 772632) AND (id <= 772641))

table 7 : explain SELECT DISTINCT c FROM sbtest7 WHERE id BETWEEN 6441494 AND 6441503 ORDER BY c
	Unique  (cost=43.92..43.97 rows=10 width=121)
	  ->  Sort  (cost=43.92..43.94 rows=10 width=121)
	        Sort Key: c
	        ->  Index Scan using sbtest7_pkey on sbtest7  (cost=0.43..43.75 rows=10 width=121)
	              Index Cond: ((id >= 6441494) AND (id <= 6441503))

table 8 : explain SELECT DISTINCT c FROM sbtest8 WHERE id BETWEEN 5522255 AND 5522264 ORDER BY c
	Unique  (cost=43.83..43.88 rows=10 width=121)
	  ->  Sort  (cost=43.83..43.85 rows=10 width=121)
	        Sort Key: c
	        ->  Index Scan using sbtest8_pkey on sbtest8  (cost=0.43..43.66 rows=10 width=121)
	              Index Cond: ((id >= 5522255) AND (id <= 5522264))

for: distinct_ranges
table 1 : explain SELECT DISTINCT c FROM sbtest1 WHERE id BETWEEN 3099504 AND 3099513 ORDER BY c
	Unique  (cost=44.04..44.09 rows=10 width=121)
	  ->  Sort  (cost=44.04..44.06 rows=10 width=121)
	        Sort Key: c
	        ->  Index Scan using sbtest1_pkey on sbtest1  (cost=0.43..43.87 rows=10 width=121)
	              Index Cond: ((id >= 3099504) AND (id <= 3099513))

table 2 : explain SELECT DISTINCT c FROM sbtest2 WHERE id BETWEEN 3359909 AND 3359918 ORDER BY c
	Unique  (cost=43.94..43.99 rows=10 width=121)
	  ->  Sort  (cost=43.94..43.97 rows=10 width=121)
	        Sort Key: c
	        ->  Index Scan using sbtest2_pkey on sbtest2  (cost=0.43..43.78 rows=10 width=121)
	              Index Cond: ((id >= 3359909) AND (id <= 3359918))

table 3 : explain SELECT DISTINCT c FROM sbtest3 WHERE id BETWEEN 4877023 AND 4877032 ORDER BY c
	Unique  (cost=44.03..44.08 rows=10 width=121)
	  ->  Sort  (cost=44.03..44.06 rows=10 width=121)
	        Sort Key: c
	        ->  Index Scan using sbtest3_pkey on sbtest3  (cost=0.43..43.87 rows=10 width=121)
	              Index Cond: ((id >= 4877023) AND (id <= 4877032))

table 4 : explain SELECT DISTINCT c FROM sbtest4 WHERE id BETWEEN 249444 AND 249453 ORDER BY c
	Unique  (cost=43.92..43.97 rows=10 width=121)
	  ->  Sort  (cost=43.92..43.94 rows=10 width=121)
	        Sort Key: c
	        ->  Index Scan using sbtest4_pkey on sbtest4  (cost=0.43..43.75 rows=10 width=121)
	              Index Cond: ((id >= 249444) AND (id <= 249453))

table 5 : explain SELECT DISTINCT c FROM sbtest5 WHERE id BETWEEN 9682251 AND 9682260 ORDER BY c
	Unique  (cost=43.95..44.00 rows=10 width=121)
	  ->  Sort  (cost=43.95..43.98 rows=10 width=121)
	        Sort Key: c
	        ->  Index Scan using sbtest5_pkey on sbtest5  (cost=0.43..43.79 rows=10 width=121)
	              Index Cond: ((id >= 9682251) AND (id <= 9682260))

table 6 : explain SELECT DISTINCT c FROM sbtest6 WHERE id BETWEEN 4174094 AND 4174103 ORDER BY c
	Unique  (cost=40.12..40.16 rows=9 width=121)
	  ->  Sort  (cost=40.12..40.14 rows=9 width=121)
	        Sort Key: c
	        ->  Index Scan using sbtest6_pkey on sbtest6  (cost=0.43..39.98 rows=9 width=121)
	              Index Cond: ((id >= 4174094) AND (id <= 4174103))

table 7 : explain SELECT DISTINCT c FROM sbtest7 WHERE id BETWEEN 2554081 AND 2554090 ORDER BY c
	Unique  (cost=47.86..47.92 rows=11 width=121)
	  ->  Sort  (cost=47.86..47.89 rows=11 width=121)
	        Sort Key: c
	        ->  Index Scan using sbtest7_pkey on sbtest7  (cost=0.43..47.67 rows=11 width=121)
	              Index Cond: ((id >= 2554081) AND (id <= 2554090))

table 8 : explain SELECT DISTINCT c FROM sbtest8 WHERE id BETWEEN 2009186 AND 2009195 ORDER BY c
	Unique  (cost=43.83..43.88 rows=10 width=121)
	  ->  Sort  (cost=43.83..43.85 rows=10 width=121)
	        Sort Key: c
	        ->  Index Scan using sbtest8_pkey on sbtest8  (cost=0.43..43.66 rows=10 width=121)
	              Index Cond: ((id >= 2009186) AND (id <= 2009195))

for: distinct_ranges
table 1 : explain SELECT DISTINCT c FROM sbtest1 WHERE id BETWEEN 3558706 AND 3558715 ORDER BY c
	Unique  (cost=47.99..48.05 rows=11 width=121)
	  ->  Sort  (cost=47.99..48.02 rows=11 width=121)
	        Sort Key: c
	        ->  Index Scan using sbtest1_pkey on sbtest1  (cost=0.43..47.80 rows=11 width=121)
	              Index Cond: ((id >= 3558706) AND (id <= 3558715))

table 2 : explain SELECT DISTINCT c FROM sbtest2 WHERE id BETWEEN 3581269 AND 3581278 ORDER BY c
	Unique  (cost=43.94..43.99 rows=10 width=121)
	  ->  Sort  (cost=43.94..43.97 rows=10 width=121)
	        Sort Key: c
	        ->  Index Scan using sbtest2_pkey on sbtest2  (cost=0.43..43.78 rows=10 width=121)
	              Index Cond: ((id >= 3581269) AND (id <= 3581278))

table 3 : explain SELECT DISTINCT c FROM sbtest3 WHERE id BETWEEN 367194 AND 367203 ORDER BY c
	Unique  (cost=40.07..40.12 rows=9 width=121)
	  ->  Sort  (cost=40.07..40.10 rows=9 width=121)
	        Sort Key: c
	        ->  Index Scan using sbtest3_pkey on sbtest3  (cost=0.43..39.93 rows=9 width=121)
	              Index Cond: ((id >= 367194) AND (id <= 367203))

table 4 : explain SELECT DISTINCT c FROM sbtest4 WHERE id BETWEEN 3540989 AND 3540998 ORDER BY c
	Unique  (cost=43.92..43.97 rows=10 width=121)
	  ->  Sort  (cost=43.92..43.94 rows=10 width=121)
	        Sort Key: c
	        ->  Index Scan using sbtest4_pkey on sbtest4  (cost=0.43..43.75 rows=10 width=121)
	              Index Cond: ((id >= 3540989) AND (id <= 3540998))

table 5 : explain SELECT DISTINCT c FROM sbtest5 WHERE id BETWEEN 1751164 AND 1751173 ORDER BY c
	Unique  (cost=40.01..40.05 rows=9 width=121)
	  ->  Sort  (cost=40.01..40.03 rows=9 width=121)
	        Sort Key: c
	        ->  Index Scan using sbtest5_pkey on sbtest5  (cost=0.43..39.86 rows=9 width=121)
	              Index Cond: ((id >= 1751164) AND (id <= 1751173))

table 6 : explain SELECT DISTINCT c FROM sbtest6 WHERE id BETWEEN 6678395 AND 6678404 ORDER BY c
	Unique  (cost=44.08..44.13 rows=10 width=121)
	  ->  Sort  (cost=44.08..44.11 rows=10 width=121)
	        Sort Key: c
	        ->  Index Scan using sbtest6_pkey on sbtest6  (cost=0.43..43.92 rows=10 width=121)
	              Index Cond: ((id >= 6678395) AND (id <= 6678404))

table 7 : explain SELECT DISTINCT c FROM sbtest7 WHERE id BETWEEN 584226 AND 584235 ORDER BY c
	Unique  (cost=43.92..43.97 rows=10 width=121)
	  ->  Sort  (cost=43.92..43.94 rows=10 width=121)
	        Sort Key: c
	        ->  Index Scan using sbtest7_pkey on sbtest7  (cost=0.43..43.75 rows=10 width=121)
	              Index Cond: ((id >= 584226) AND (id <= 584235))

table 8 : explain SELECT DISTINCT c FROM sbtest8 WHERE id BETWEEN 6856609 AND 6856618 ORDER BY c
	Unique  (cost=47.76..47.82 rows=11 width=121)
	  ->  Sort  (cost=47.76..47.79 rows=11 width=121)
	        Sort Key: c
	        ->  Index Scan using sbtest8_pkey on sbtest8  (cost=0.43..47.57 rows=11 width=121)
	              Index Cond: ((id >= 6856609) AND (id <= 6856618))

for: distinct_ranges
table 1 : explain SELECT DISTINCT c FROM sbtest1 WHERE id BETWEEN 656303 AND 656312 ORDER BY c
	Unique  (cost=44.04..44.09 rows=10 width=121)
	  ->  Sort  (cost=44.04..44.06 rows=10 width=121)
	        Sort Key: c
	        ->  Index Scan using sbtest1_pkey on sbtest1  (cost=0.43..43.87 rows=10 width=121)
	              Index Cond: ((id >= 656303) AND (id <= 656312))

table 2 : explain SELECT DISTINCT c FROM sbtest2 WHERE id BETWEEN 2399021 AND 2399030 ORDER BY c
	Unique  (cost=47.89..47.94 rows=11 width=121)
	  ->  Sort  (cost=47.89..47.92 rows=11 width=121)
	        Sort Key: c
	        ->  Index Scan using sbtest2_pkey on sbtest2  (cost=0.43..47.70 rows=11 width=121)
	              Index Cond: ((id >= 2399021) AND (id <= 2399030))

table 3 : explain SELECT DISTINCT c FROM sbtest3 WHERE id BETWEEN 814963 AND 814972 ORDER BY c
	Unique  (cost=40.07..40.12 rows=9 width=121)
	  ->  Sort  (cost=40.07..40.10 rows=9 width=121)
	        Sort Key: c
	        ->  Index Scan using sbtest3_pkey on sbtest3  (cost=0.43..39.93 rows=9 width=121)
	              Index Cond: ((id >= 814963) AND (id <= 814972))

table 4 : explain SELECT DISTINCT c FROM sbtest4 WHERE id BETWEEN 3404630 AND 3404639 ORDER BY c
	Unique  (cost=39.97..40.02 rows=9 width=121)
	  ->  Sort  (cost=39.97..40.00 rows=9 width=121)
	        Sort Key: c
	        ->  Index Scan using sbtest4_pkey on sbtest4  (cost=0.43..39.83 rows=9 width=121)
	              Index Cond: ((id >= 3404630) AND (id <= 3404639))

table 5 : explain SELECT DISTINCT c FROM sbtest5 WHERE id BETWEEN 5056688 AND 5056697 ORDER BY c
	Unique  (cost=43.95..44.00 rows=10 width=121)
	  ->  Sort  (cost=43.95..43.98 rows=10 width=121)
	        Sort Key: c
	        ->  Index Scan using sbtest5_pkey on sbtest5  (cost=0.43..43.79 rows=10 width=121)
	              Index Cond: ((id >= 5056688) AND (id <= 5056697))

table 6 : explain SELECT DISTINCT c FROM sbtest6 WHERE id BETWEEN 8762643 AND 8762652 ORDER BY c
	Unique  (cost=44.08..44.13 rows=10 width=121)
	  ->  Sort  (cost=44.08..44.11 rows=10 width=121)
	        Sort Key: c
	        ->  Index Scan using sbtest6_pkey on sbtest6  (cost=0.43..43.92 rows=10 width=121)
	              Index Cond: ((id >= 8762643) AND (id <= 8762652))

table 7 : explain SELECT DISTINCT c FROM sbtest7 WHERE id BETWEEN 7052014 AND 7052023 ORDER BY c
	Unique  (cost=43.92..43.97 rows=10 width=121)
	  ->  Sort  (cost=43.92..43.94 rows=10 width=121)
	        Sort Key: c
	        ->  Index Scan using sbtest7_pkey on sbtest7  (cost=0.43..43.75 rows=10 width=121)
	              Index Cond: ((id >= 7052014) AND (id <= 7052023))

table 8 : explain SELECT DISTINCT c FROM sbtest8 WHERE id BETWEEN 3623805 AND 3623814 ORDER BY c
	Unique  (cost=43.83..43.88 rows=10 width=121)
	  ->  Sort  (cost=43.83..43.85 rows=10 width=121)
	        Sort Key: c
	        ->  Index Scan using sbtest8_pkey on sbtest8  (cost=0.43..43.66 rows=10 width=121)
	              Index Cond: ((id >= 3623805) AND (id <= 3623814))

for: order_ranges
table 1 : explain SELECT c FROM sbtest1 WHERE id BETWEEN 626592 AND 626601 ORDER BY c
	Sort  (cost=44.04..44.06 rows=10 width=121)
	  Sort Key: c
	  ->  Index Scan using sbtest1_pkey on sbtest1  (cost=0.43..43.87 rows=10 width=121)
	        Index Cond: ((id >= 626592) AND (id <= 626601))

table 2 : explain SELECT c FROM sbtest2 WHERE id BETWEEN 7115944 AND 7115953 ORDER BY c
	Sort  (cost=43.94..43.97 rows=10 width=121)
	  Sort Key: c
	  ->  Index Scan using sbtest2_pkey on sbtest2  (cost=0.43..43.78 rows=10 width=121)
	        Index Cond: ((id >= 7115944) AND (id <= 7115953))

table 3 : explain SELECT c FROM sbtest3 WHERE id BETWEEN 4385996 AND 4386005 ORDER BY c
	Sort  (cost=44.03..44.06 rows=10 width=121)
	  Sort Key: c
	  ->  Index Scan using sbtest3_pkey on sbtest3  (cost=0.43..43.87 rows=10 width=121)
	        Index Cond: ((id >= 4385996) AND (id <= 4386005))

table 4 : explain SELECT c FROM sbtest4 WHERE id BETWEEN 8447912 AND 8447921 ORDER BY c
	Sort  (cost=43.92..43.94 rows=10 width=121)
	  Sort Key: c
	  ->  Index Scan using sbtest4_pkey on sbtest4  (cost=0.43..43.75 rows=10 width=121)
	        Index Cond: ((id >= 8447912) AND (id <= 8447921))

table 5 : explain SELECT c FROM sbtest5 WHERE id BETWEEN 7048715 AND 7048724 ORDER BY c
	Sort  (cost=43.95..43.98 rows=10 width=121)
	  Sort Key: c
	  ->  Index Scan using sbtest5_pkey on sbtest5  (cost=0.43..43.79 rows=10 width=121)
	        Index Cond: ((id >= 7048715) AND (id <= 7048724))

table 6 : explain SELECT c FROM sbtest6 WHERE id BETWEEN 1031378 AND 1031387 ORDER BY c
	Sort  (cost=44.08..44.11 rows=10 width=121)
	  Sort Key: c
	  ->  Index Scan using sbtest6_pkey on sbtest6  (cost=0.43..43.92 rows=10 width=121)
	        Index Cond: ((id >= 1031378) AND (id <= 1031387))

table 7 : explain SELECT c FROM sbtest7 WHERE id BETWEEN 4134258 AND 4134267 ORDER BY c
	Sort  (cost=43.92..43.94 rows=10 width=121)
	  Sort Key: c
	  ->  Index Scan using sbtest7_pkey on sbtest7  (cost=0.43..43.75 rows=10 width=121)
	        Index Cond: ((id >= 4134258) AND (id <= 4134267))

table 8 : explain SELECT c FROM sbtest8 WHERE id BETWEEN 2688836 AND 2688845 ORDER BY c
	Sort  (cost=39.89..39.92 rows=9 width=121)
	  Sort Key: c
	  ->  Index Scan using sbtest8_pkey on sbtest8  (cost=0.43..39.75 rows=9 width=121)
	        Index Cond: ((id >= 2688836) AND (id <= 2688845))

for: distinct_ranges
table 1 : explain SELECT DISTINCT c FROM sbtest1 WHERE id BETWEEN 1370337 AND 1370346 ORDER BY c
	Unique  (cost=44.04..44.09 rows=10 width=121)
	  ->  Sort  (cost=44.04..44.06 rows=10 width=121)
	        Sort Key: c
	        ->  Index Scan using sbtest1_pkey on sbtest1  (cost=0.43..43.87 rows=10 width=121)
	              Index Cond: ((id >= 1370337) AND (id <= 1370346))

table 2 : explain SELECT DISTINCT c FROM sbtest2 WHERE id BETWEEN 4736709 AND 4736718 ORDER BY c
	Unique  (cost=39.99..40.04 rows=9 width=121)
	  ->  Sort  (cost=39.99..40.02 rows=9 width=121)
	        Sort Key: c
	        ->  Index Scan using sbtest2_pkey on sbtest2  (cost=0.43..39.85 rows=9 width=121)
	              Index Cond: ((id >= 4736709) AND (id <= 4736718))

table 3 : explain SELECT DISTINCT c FROM sbtest3 WHERE id BETWEEN 8626110 AND 8626119 ORDER BY c
	Unique  (cost=44.03..44.08 rows=10 width=121)
	  ->  Sort  (cost=44.03..44.06 rows=10 width=121)
	        Sort Key: c
	        ->  Index Scan using sbtest3_pkey on sbtest3  (cost=0.43..43.87 rows=10 width=121)
	              Index Cond: ((id >= 8626110) AND (id <= 8626119))

table 4 : explain SELECT DISTINCT c FROM sbtest4 WHERE id BETWEEN 3209139 AND 3209148 ORDER BY c
	Unique  (cost=43.92..43.97 rows=10 width=121)
	  ->  Sort  (cost=43.92..43.94 rows=10 width=121)
	        Sort Key: c
	        ->  Index Scan using sbtest4_pkey on sbtest4  (cost=0.43..43.75 rows=10 width=121)
	              Index Cond: ((id >= 3209139) AND (id <= 3209148))

table 5 : explain SELECT DISTINCT c FROM sbtest5 WHERE id BETWEEN 1869736 AND 1869745 ORDER BY c
	Unique  (cost=43.95..44.00 rows=10 width=121)
	  ->  Sort  (cost=43.95..43.98 rows=10 width=121)
	        Sort Key: c
	        ->  Index Scan using sbtest5_pkey on sbtest5  (cost=0.43..43.79 rows=10 width=121)
	              Index Cond: ((id >= 1869736) AND (id <= 1869745))

table 6 : explain SELECT DISTINCT c FROM sbtest6 WHERE id BETWEEN 742883 AND 742892 ORDER BY c
	Unique  (cost=48.05..48.10 rows=11 width=121)
	  ->  Sort  (cost=48.05..48.07 rows=11 width=121)
	        Sort Key: c
	        ->  Index Scan using sbtest6_pkey on sbtest6  (cost=0.43..47.86 rows=11 width=121)
	              Index Cond: ((id >= 742883) AND (id <= 742892))

table 7 : explain SELECT DISTINCT c FROM sbtest7 WHERE id BETWEEN 6049944 AND 6049953 ORDER BY c
	Unique  (cost=43.92..43.97 rows=10 width=121)
	  ->  Sort  (cost=43.92..43.94 rows=10 width=121)
	        Sort Key: c
	        ->  Index Scan using sbtest7_pkey on sbtest7  (cost=0.43..43.75 rows=10 width=121)
	              Index Cond: ((id >= 6049944) AND (id <= 6049953))

table 8 : explain SELECT DISTINCT c FROM sbtest8 WHERE id BETWEEN 3668485 AND 3668494 ORDER BY c
	Unique  (cost=43.83..43.88 rows=10 width=121)
	  ->  Sort  (cost=43.83..43.85 rows=10 width=121)
	        Sort Key: c
	        ->  Index Scan using sbtest8_pkey on sbtest8  (cost=0.43..43.66 rows=10 width=121)
	              Index Cond: ((id >= 3668485) AND (id <= 3668494))

for: distinct_ranges
table 1 : explain SELECT DISTINCT c FROM sbtest1 WHERE id BETWEEN 5946815 AND 5946824 ORDER BY c
	Unique  (cost=44.04..44.09 rows=10 width=121)
	  ->  Sort  (cost=44.04..44.06 rows=10 width=121)
	        Sort Key: c
	        ->  Index Scan using sbtest1_pkey on sbtest1  (cost=0.43..43.87 rows=10 width=121)
	              Index Cond: ((id >= 5946815) AND (id <= 5946824))

table 2 : explain SELECT DISTINCT c FROM sbtest2 WHERE id BETWEEN 444758 AND 444767 ORDER BY c
	Unique  (cost=43.94..43.99 rows=10 width=121)
	  ->  Sort  (cost=43.94..43.97 rows=10 width=121)
	        Sort Key: c
	        ->  Index Scan using sbtest2_pkey on sbtest2  (cost=0.43..43.78 rows=10 width=121)
	              Index Cond: ((id >= 444758) AND (id <= 444767))

table 3 : explain SELECT DISTINCT c FROM sbtest3 WHERE id BETWEEN 1714184 AND 1714193 ORDER BY c
	Unique  (cost=44.03..44.08 rows=10 width=121)
	  ->  Sort  (cost=44.03..44.06 rows=10 width=121)
	        Sort Key: c
	        ->  Index Scan using sbtest3_pkey on sbtest3  (cost=0.43..43.87 rows=10 width=121)
	              Index Cond: ((id >= 1714184) AND (id <= 1714193))

table 4 : explain SELECT DISTINCT c FROM sbtest4 WHERE id BETWEEN 8797824 AND 8797833 ORDER BY c
	Unique  (cost=43.92..43.97 rows=10 width=121)
	  ->  Sort  (cost=43.92..43.94 rows=10 width=121)
	        Sort Key: c
	        ->  Index Scan using sbtest4_pkey on sbtest4  (cost=0.43..43.75 rows=10 width=121)
	              Index Cond: ((id >= 8797824) AND (id <= 8797833))

table 5 : explain SELECT DISTINCT c FROM sbtest5 WHERE id BETWEEN 8199371 AND 8199380 ORDER BY c
	Unique  (cost=43.95..44.00 rows=10 width=121)
	  ->  Sort  (cost=43.95..43.98 rows=10 width=121)
	        Sort Key: c
	        ->  Index Scan using sbtest5_pkey on sbtest5  (cost=0.43..43.79 rows=10 width=121)
	              Index Cond: ((id >= 8199371) AND (id <= 8199380))

table 6 : explain SELECT DISTINCT c FROM sbtest6 WHERE id BETWEEN 2243064 AND 2243073 ORDER BY c
	Unique  (cost=44.08..44.13 rows=10 width=121)
	  ->  Sort  (cost=44.08..44.11 rows=10 width=121)
	        Sort Key: c
	        ->  Index Scan using sbtest6_pkey on sbtest6  (cost=0.43..43.92 rows=10 width=121)
	              Index Cond: ((id >= 2243064) AND (id <= 2243073))

table 7 : explain SELECT DISTINCT c FROM sbtest7 WHERE id BETWEEN 2367378 AND 2367387 ORDER BY c
	Unique  (cost=39.97..40.02 rows=9 width=121)
	  ->  Sort  (cost=39.97..40.00 rows=9 width=121)
	        Sort Key: c
	        ->  Index Scan using sbtest7_pkey on sbtest7  (cost=0.43..39.83 rows=9 width=121)
	              Index Cond: ((id >= 2367378) AND (id <= 2367387))

table 8 : explain SELECT DISTINCT c FROM sbtest8 WHERE id BETWEEN 2851580 AND 2851589 ORDER BY c
	Unique  (cost=43.83..43.88 rows=10 width=121)
	  ->  Sort  (cost=43.83..43.85 rows=10 width=121)
	        Sort Key: c
	        ->  Index Scan using sbtest8_pkey on sbtest8  (cost=0.43..43.66 rows=10 width=121)
	              Index Cond: ((id >= 2851580) AND (id <= 2851589))
for: distinct_ranges
table 1 : explain SELECT DISTINCT c FROM sbtest1 WHERE id BETWEEN 2542490 AND 2542499 ORDER BY c
	Unique  (cost=47.99..48.05 rows=11 width=121)
	  ->  Sort  (cost=47.99..48.02 rows=11 width=121)
	        Sort Key: c
	        ->  Index Scan using sbtest1_pkey on sbtest1  (cost=0.43..47.80 rows=11 width=121)
	              Index Cond: ((id >= 2542490) AND (id <= 2542499))

table 2 : explain SELECT DISTINCT c FROM sbtest2 WHERE id BETWEEN 1404317 AND 1404326 ORDER BY c
	Unique  (cost=39.99..40.04 rows=9 width=121)
	  ->  Sort  (cost=39.99..40.02 rows=9 width=121)
	        Sort Key: c
	        ->  Index Scan using sbtest2_pkey on sbtest2  (cost=0.43..39.85 rows=9 width=121)
	              Index Cond: ((id >= 1404317) AND (id <= 1404326))

table 3 : explain SELECT DISTINCT c FROM sbtest3 WHERE id BETWEEN 7413288 AND 7413297 ORDER BY c
	Unique  (cost=47.99..48.04 rows=11 width=121)
	  ->  Sort  (cost=47.99..48.02 rows=11 width=121)
	        Sort Key: c
	        ->  Index Scan using sbtest3_pkey on sbtest3  (cost=0.43..47.80 rows=11 width=121)
	              Index Cond: ((id >= 7413288) AND (id <= 7413297))

table 4 : explain SELECT DISTINCT c FROM sbtest4 WHERE id BETWEEN 4505658 AND 4505667 ORDER BY c
	Unique  (cost=39.97..40.02 rows=9 width=121)
	  ->  Sort  (cost=39.97..40.00 rows=9 width=121)
	        Sort Key: c
	        ->  Index Scan using sbtest4_pkey on sbtest4  (cost=0.43..39.83 rows=9 width=121)
	              Index Cond: ((id >= 4505658) AND (id <= 4505667))

table 5 : explain SELECT DISTINCT c FROM sbtest5 WHERE id BETWEEN 9882781 AND 9882790 ORDER BY c
	Unique  (cost=43.95..44.00 rows=10 width=121)
	  ->  Sort  (cost=43.95..43.98 rows=10 width=121)
	        Sort Key: c
	        ->  Index Scan using sbtest5_pkey on sbtest5  (cost=0.43..43.79 rows=10 width=121)
	              Index Cond: ((id >= 9882781) AND (id <= 9882790))

table 6 : explain SELECT DISTINCT c FROM sbtest6 WHERE id BETWEEN 4830923 AND 4830932 ORDER BY c
	Unique  (cost=40.12..40.16 rows=9 width=121)
	  ->  Sort  (cost=40.12..40.14 rows=9 width=121)
	        Sort Key: c
	        ->  Index Scan using sbtest6_pkey on sbtest6  (cost=0.43..39.98 rows=9 width=121)
	              Index Cond: ((id >= 4830923) AND (id <= 4830932))

table 7 : explain SELECT DISTINCT c FROM sbtest7 WHERE id BETWEEN 4126898 AND 4126907 ORDER BY c
	Unique  (cost=43.92..43.97 rows=10 width=121)
	  ->  Sort  (cost=43.92..43.94 rows=10 width=121)
	        Sort Key: c
	        ->  Index Scan using sbtest7_pkey on sbtest7  (cost=0.43..43.75 rows=10 width=121)
	              Index Cond: ((id >= 4126898) AND (id <= 4126907))

table 8 : explain SELECT DISTINCT c FROM sbtest8 WHERE id BETWEEN 777711 AND 777720 ORDER BY c
	Unique  (cost=39.89..39.94 rows=9 width=121)
	  ->  Sort  (cost=39.89..39.92 rows=9 width=121)
	        Sort Key: c
	        ->  Index Scan using sbtest8_pkey on sbtest8  (cost=0.43..39.75 rows=9 width=121)
	              Index Cond: ((id >= 777711) AND (id <= 777720))


for: distinct_ranges
table 1 : explain SELECT DISTINCT c FROM sbtest1 WHERE id BETWEEN 5355126 AND 5355135 ORDER BY c
	Unique  (cost=44.04..44.09 rows=10 width=121)
	  ->  Sort  (cost=44.04..44.06 rows=10 width=121)
	        Sort Key: c
	        ->  Index Scan using sbtest1_pkey on sbtest1  (cost=0.43..43.87 rows=10 width=121)
	              Index Cond: ((id >= 5355126) AND (id <= 5355135))

table 2 : explain SELECT DISTINCT c FROM sbtest2 WHERE id BETWEEN 199516 AND 199525 ORDER BY c
	Unique  (cost=43.94..43.99 rows=10 width=121)
	  ->  Sort  (cost=43.94..43.97 rows=10 width=121)
	        Sort Key: c
	        ->  Index Scan using sbtest2_pkey on sbtest2  (cost=0.43..43.78 rows=10 width=121)
	              Index Cond: ((id >= 199516) AND (id <= 199525))

table 3 : explain SELECT DISTINCT c FROM sbtest3 WHERE id BETWEEN 616169 AND 616178 ORDER BY c
	Unique  (cost=44.03..44.08 rows=10 width=121)
	  ->  Sort  (cost=44.03..44.06 rows=10 width=121)
	        Sort Key: c
	        ->  Index Scan using sbtest3_pkey on sbtest3  (cost=0.43..43.87 rows=10 width=121)
	              Index Cond: ((id >= 616169) AND (id <= 616178))

table 4 : explain SELECT DISTINCT c FROM sbtest4 WHERE id BETWEEN 1460120 AND 1460129 ORDER BY c
	Unique  (cost=43.92..43.97 rows=10 width=121)
	  ->  Sort  (cost=43.92..43.94 rows=10 width=121)
	        Sort Key: c
	        ->  Index Scan using sbtest4_pkey on sbtest4  (cost=0.43..43.75 rows=10 width=121)
	              Index Cond: ((id >= 1460120) AND (id <= 1460129))

table 5 : explain SELECT DISTINCT c FROM sbtest5 WHERE id BETWEEN 3162262 AND 3162271 ORDER BY c
	Unique  (cost=43.95..44.00 rows=10 width=121)
	  ->  Sort  (cost=43.95..43.98 rows=10 width=121)
	        Sort Key: c
	        ->  Index Scan using sbtest5_pkey on sbtest5  (cost=0.43..43.79 rows=10 width=121)
	              Index Cond: ((id >= 3162262) AND (id <= 3162271))

table 6 : explain SELECT DISTINCT c FROM sbtest6 WHERE id BETWEEN 6214667 AND 6214676 ORDER BY c
	Unique  (cost=44.08..44.13 rows=10 width=121)
	  ->  Sort  (cost=44.08..44.11 rows=10 width=121)
	        Sort Key: c
	        ->  Index Scan using sbtest6_pkey on sbtest6  (cost=0.43..43.92 rows=10 width=121)
	              Index Cond: ((id >= 6214667) AND (id <= 6214676))

table 7 : explain SELECT DISTINCT c FROM sbtest7 WHERE id BETWEEN 6649559 AND 6649568 ORDER BY c
	Unique  (cost=43.92..43.97 rows=10 width=121)
	  ->  Sort  (cost=43.92..43.94 rows=10 width=121)
	        Sort Key: c
	        ->  Index Scan using sbtest7_pkey on sbtest7  (cost=0.43..43.75 rows=10 width=121)
	              Index Cond: ((id >= 6649559) AND (id <= 6649568))

table 8 : explain SELECT DISTINCT c FROM sbtest8 WHERE id BETWEEN 996770 AND 996779 ORDER BY c
	Unique  (cost=43.83..43.88 rows=10 width=121)
	  ->  Sort  (cost=43.83..43.85 rows=10 width=121)
	        Sort Key: c
	        ->  Index Scan using sbtest8_pkey on sbtest8  (cost=0.43..43.66 rows=10 width=121)
	              Index Cond: ((id >= 996770) AND (id <= 996779))

for: order_ranges
table 1 : explain SELECT c FROM sbtest1 WHERE id BETWEEN 6321281 AND 6321290 ORDER BY c
	Sort  (cost=40.08..40.10 rows=9 width=121)
	  Sort Key: c
	  ->  Index Scan using sbtest1_pkey on sbtest1  (cost=0.43..39.93 rows=9 width=121)
	        Index Cond: ((id >= 6321281) AND (id <= 6321290))

table 2 : explain SELECT c FROM sbtest2 WHERE id BETWEEN 6489499 AND 6489508 ORDER BY c
	Sort  (cost=43.94..43.97 rows=10 width=121)
	  Sort Key: c
	  ->  Index Scan using sbtest2_pkey on sbtest2  (cost=0.43..43.78 rows=10 width=121)
	        Index Cond: ((id >= 6489499) AND (id <= 6489508))

table 3 : explain SELECT c FROM sbtest3 WHERE id BETWEEN 5947244 AND 5947253 ORDER BY c
	Sort  (cost=44.03..44.06 rows=10 width=121)
	  Sort Key: c
	  ->  Index Scan using sbtest3_pkey on sbtest3  (cost=0.43..43.87 rows=10 width=121)
	        Index Cond: ((id >= 5947244) AND (id <= 5947253))

table 4 : explain SELECT c FROM sbtest4 WHERE id BETWEEN 2121804 AND 2121813 ORDER BY c
	Sort  (cost=43.92..43.94 rows=10 width=121)
	  Sort Key: c
	  ->  Index Scan using sbtest4_pkey on sbtest4  (cost=0.43..43.75 rows=10 width=121)
	        Index Cond: ((id >= 2121804) AND (id <= 2121813))

table 5 : explain SELECT c FROM sbtest5 WHERE id BETWEEN 3197539 AND 3197548 ORDER BY c
	Sort  (cost=43.95..43.98 rows=10 width=121)
	  Sort Key: c
	  ->  Index Scan using sbtest5_pkey on sbtest5  (cost=0.43..43.79 rows=10 width=121)
	        Index Cond: ((id >= 3197539) AND (id <= 3197548))

table 6 : explain SELECT c FROM sbtest6 WHERE id BETWEEN 2212615 AND 2212624 ORDER BY c
	Sort  (cost=44.08..44.11 rows=10 width=121)
	  Sort Key: c
	  ->  Index Scan using sbtest6_pkey on sbtest6  (cost=0.43..43.92 rows=10 width=121)
	        Index Cond: ((id >= 2212615) AND (id <= 2212624))

table 7 : explain SELECT c FROM sbtest7 WHERE id BETWEEN 98357 AND 98366 ORDER BY c
	Sort  (cost=43.92..43.94 rows=10 width=121)
	  Sort Key: c
	  ->  Index Scan using sbtest7_pkey on sbtest7  (cost=0.43..43.75 rows=10 width=121)
	        Index Cond: ((id >= 98357) AND (id <= 98366))

table 8 : explain SELECT c FROM sbtest8 WHERE id BETWEEN 562227 AND 562236 ORDER BY c
	Sort  (cost=43.83..43.85 rows=10 width=121)
	  Sort Key: c
	  ->  Index Scan using sbtest8_pkey on sbtest8  (cost=0.43..43.66 rows=10 width=121)
	        Index Cond: ((id >= 562227) AND (id <= 562236))

for: order_ranges
table 1 : explain SELECT c FROM sbtest1 WHERE id BETWEEN 5094088 AND 5094097 ORDER BY c
	Sort  (cost=44.04..44.06 rows=10 width=121)
	  Sort Key: c
	  ->  Index Scan using sbtest1_pkey on sbtest1  (cost=0.43..43.87 rows=10 width=121)
	        Index Cond: ((id >= 5094088) AND (id <= 5094097))

table 2 : explain SELECT c FROM sbtest2 WHERE id BETWEEN 8850278 AND 8850287 ORDER BY c
	Sort  (cost=39.99..40.02 rows=9 width=121)
	  Sort Key: c
	  ->  Index Scan using sbtest2_pkey on sbtest2  (cost=0.43..39.85 rows=9 width=121)
	        Index Cond: ((id >= 8850278) AND (id <= 8850287))

table 3 : explain SELECT c FROM sbtest3 WHERE id BETWEEN 8987557 AND 8987566 ORDER BY c
	Sort  (cost=44.03..44.06 rows=10 width=121)
	  Sort Key: c
	  ->  Index Scan using sbtest3_pkey on sbtest3  (cost=0.43..43.87 rows=10 width=121)
	        Index Cond: ((id >= 8987557) AND (id <= 8987566))

table 4 : explain SELECT c FROM sbtest4 WHERE id BETWEEN 4050372 AND 4050381 ORDER BY c
	Sort  (cost=47.86..47.89 rows=11 width=121)
	  Sort Key: c
	  ->  Index Scan using sbtest4_pkey on sbtest4  (cost=0.43..47.67 rows=11 width=121)
	        Index Cond: ((id >= 4050372) AND (id <= 4050381))

table 5 : explain SELECT c FROM sbtest5 WHERE id BETWEEN 6476938 AND 6476947 ORDER BY c
	Sort  (cost=43.95..43.98 rows=10 width=121)
	  Sort Key: c
	  ->  Index Scan using sbtest5_pkey on sbtest5  (cost=0.43..43.79 rows=10 width=121)
	        Index Cond: ((id >= 6476938) AND (id <= 6476947))

table 6 : explain SELECT c FROM sbtest6 WHERE id BETWEEN 9299622 AND 9299631 ORDER BY c
	Sort  (cost=44.08..44.11 rows=10 width=121)
	  Sort Key: c
	  ->  Index Scan using sbtest6_pkey on sbtest6  (cost=0.43..43.92 rows=10 width=121)
	        Index Cond: ((id >= 9299622) AND (id <= 9299631))

table 7 : explain SELECT c FROM sbtest7 WHERE id BETWEEN 9261580 AND 9261589 ORDER BY c
	Sort  (cost=43.92..43.94 rows=10 width=121)
	  Sort Key: c
	  ->  Index Scan using sbtest7_pkey on sbtest7  (cost=0.43..43.75 rows=10 width=121)
	        Index Cond: ((id >= 9261580) AND (id <= 9261589))

table 8 : explain SELECT c FROM sbtest8 WHERE id BETWEEN 3470336 AND 3470345 ORDER BY c
	Sort  (cost=43.83..43.85 rows=10 width=121)
	  Sort Key: c
	  ->  Index Scan using sbtest8_pkey on sbtest8  (cost=0.43..43.66 rows=10 width=121)
	        Index Cond: ((id >= 3470336) AND (id <= 3470345))

for: order_ranges
table 1 : explain SELECT c FROM sbtest1 WHERE id BETWEEN 9950514 AND 9950523 ORDER BY c
	Sort  (cost=44.04..44.06 rows=10 width=121)
	  Sort Key: c
	  ->  Index Scan using sbtest1_pkey on sbtest1  (cost=0.43..43.87 rows=10 width=121)
	        Index Cond: ((id >= 9950514) AND (id <= 9950523))

table 2 : explain SELECT c FROM sbtest2 WHERE id BETWEEN 3568323 AND 3568332 ORDER BY c
	Sort  (cost=43.94..43.97 rows=10 width=121)
	  Sort Key: c
	  ->  Index Scan using sbtest2_pkey on sbtest2  (cost=0.43..43.78 rows=10 width=121)
	        Index Cond: ((id >= 3568323) AND (id <= 3568332))

table 3 : explain SELECT c FROM sbtest3 WHERE id BETWEEN 8182074 AND 8182083 ORDER BY c
	Sort  (cost=44.03..44.06 rows=10 width=121)
	  Sort Key: c
	  ->  Index Scan using sbtest3_pkey on sbtest3  (cost=0.43..43.87 rows=10 width=121)
	        Index Cond: ((id >= 8182074) AND (id <= 8182083))

table 4 : explain SELECT c FROM sbtest4 WHERE id BETWEEN 9686969 AND 9686978 ORDER BY c
	Sort  (cost=43.92..43.94 rows=10 width=121)
	  Sort Key: c
	  ->  Index Scan using sbtest4_pkey on sbtest4  (cost=0.43..43.75 rows=10 width=121)
	        Index Cond: ((id >= 9686969) AND (id <= 9686978))

table 5 : explain SELECT c FROM sbtest5 WHERE id BETWEEN 5982316 AND 5982325 ORDER BY c
	Sort  (cost=47.91..47.93 rows=11 width=121)
	  Sort Key: c
	  ->  Index Scan using sbtest5_pkey on sbtest5  (cost=0.43..47.71 rows=11 width=121)
	        Index Cond: ((id >= 5982316) AND (id <= 5982325))

table 6 : explain SELECT c FROM sbtest6 WHERE id BETWEEN 7818334 AND 7818343 ORDER BY c
	Sort  (cost=40.12..40.14 rows=9 width=121)
	  Sort Key: c
	  ->  Index Scan using sbtest6_pkey on sbtest6  (cost=0.43..39.98 rows=9 width=121)
	        Index Cond: ((id >= 7818334) AND (id <= 7818343))

table 7 : explain SELECT c FROM sbtest7 WHERE id BETWEEN 1286094 AND 1286103 ORDER BY c
	Sort  (cost=43.92..43.94 rows=10 width=121)
	  Sort Key: c
	  ->  Index Scan using sbtest7_pkey on sbtest7  (cost=0.43..43.75 rows=10 width=121)
	        Index Cond: ((id >= 1286094) AND (id <= 1286103))

table 8 : explain SELECT c FROM sbtest8 WHERE id BETWEEN 594917 AND 594926 ORDER BY c
	Sort  (cost=39.89..39.92 rows=9 width=121)
	  Sort Key: c
	  ->  Index Scan using sbtest8_pkey on sbtest8  (cost=0.43..39.75 rows=9 width=121)
	        Index Cond: ((id >= 594917) AND (id <= 594926))

for: order_ranges
table 1 : explain SELECT c FROM sbtest1 WHERE id BETWEEN 2779984 AND 2779993 ORDER BY c
	Sort  (cost=44.04..44.06 rows=10 width=121)
	  Sort Key: c
	  ->  Index Scan using sbtest1_pkey on sbtest1  (cost=0.43..43.87 rows=10 width=121)
	        Index Cond: ((id >= 2779984) AND (id <= 2779993))

table 2 : explain SELECT c FROM sbtest2 WHERE id BETWEEN 9569189 AND 9569198 ORDER BY c
	Sort  (cost=43.94..43.97 rows=10 width=121)
	  Sort Key: c
	  ->  Index Scan using sbtest2_pkey on sbtest2  (cost=0.43..43.78 rows=10 width=121)
	        Index Cond: ((id >= 9569189) AND (id <= 9569198))

table 3 : explain SELECT c FROM sbtest3 WHERE id BETWEEN 1646842 AND 1646851 ORDER BY c
	Sort  (cost=44.03..44.06 rows=10 width=121)
	  Sort Key: c
	  ->  Index Scan using sbtest3_pkey on sbtest3  (cost=0.43..43.87 rows=10 width=121)
	        Index Cond: ((id >= 1646842) AND (id <= 1646851))

table 4 : explain SELECT c FROM sbtest4 WHERE id BETWEEN 7956881 AND 7956890 ORDER BY c
	Sort  (cost=43.92..43.94 rows=10 width=121)
	  Sort Key: c
	  ->  Index Scan using sbtest4_pkey on sbtest4  (cost=0.43..43.75 rows=10 width=121)
	        Index Cond: ((id >= 7956881) AND (id <= 7956890))

table 5 : explain SELECT c FROM sbtest5 WHERE id BETWEEN 7009131 AND 7009140 ORDER BY c
	Sort  (cost=43.95..43.98 rows=10 width=121)
	  Sort Key: c
	  ->  Index Scan using sbtest5_pkey on sbtest5  (cost=0.43..43.79 rows=10 width=121)
	        Index Cond: ((id >= 7009131) AND (id <= 7009140))

table 6 : explain SELECT c FROM sbtest6 WHERE id BETWEEN 8787251 AND 8787260 ORDER BY c
	Sort  (cost=44.08..44.11 rows=10 width=121)
	  Sort Key: c
	  ->  Index Scan using sbtest6_pkey on sbtest6  (cost=0.43..43.92 rows=10 width=121)
	        Index Cond: ((id >= 8787251) AND (id <= 8787260))

table 7 : explain SELECT c FROM sbtest7 WHERE id BETWEEN 1856471 AND 1856480 ORDER BY c
	Sort  (cost=43.92..43.94 rows=10 width=121)
	  Sort Key: c
	  ->  Index Scan using sbtest7_pkey on sbtest7  (cost=0.43..43.75 rows=10 width=121)
	        Index Cond: ((id >= 1856471) AND (id <= 1856480))

table 8 : explain SELECT c FROM sbtest8 WHERE id BETWEEN 6824882 AND 6824891 ORDER BY c
	Sort  (cost=47.76..47.79 rows=11 width=121)
	  Sort Key: c
	  ->  Index Scan using sbtest8_pkey on sbtest8  (cost=0.43..47.57 rows=11 width=121)
	        Index Cond: ((id >= 6824882) AND (id <= 6824891))

for: distinct_ranges
table 1 : explain SELECT DISTINCT c FROM sbtest1 WHERE id BETWEEN 3825138 AND 3825147 ORDER BY c
	Unique  (cost=44.04..44.09 rows=10 width=121)
	  ->  Sort  (cost=44.04..44.06 rows=10 width=121)
	        Sort Key: c
	        ->  Index Scan using sbtest1_pkey on sbtest1  (cost=0.43..43.87 rows=10 width=121)
	              Index Cond: ((id >= 3825138) AND (id <= 3825147))

table 2 : explain SELECT DISTINCT c FROM sbtest2 WHERE id BETWEEN 4414492 AND 4414501 ORDER BY c
	Unique  (cost=39.99..40.04 rows=9 width=121)
	  ->  Sort  (cost=39.99..40.02 rows=9 width=121)
	        Sort Key: c
	        ->  Index Scan using sbtest2_pkey on sbtest2  (cost=0.43..39.85 rows=9 width=121)
	              Index Cond: ((id >= 4414492) AND (id <= 4414501))

table 3 : explain SELECT DISTINCT c FROM sbtest3 WHERE id BETWEEN 1796398 AND 1796407 ORDER BY c
	Unique  (cost=47.99..48.04 rows=11 width=121)
	  ->  Sort  (cost=47.99..48.02 rows=11 width=121)
	        Sort Key: c
	        ->  Index Scan using sbtest3_pkey on sbtest3  (cost=0.43..47.80 rows=11 width=121)
	              Index Cond: ((id >= 1796398) AND (id <= 1796407))

table 4 : explain SELECT DISTINCT c FROM sbtest4 WHERE id BETWEEN 9307435 AND 9307444 ORDER BY c
	Unique  (cost=43.92..43.97 rows=10 width=121)
	  ->  Sort  (cost=43.92..43.94 rows=10 width=121)
	        Sort Key: c
	        ->  Index Scan using sbtest4_pkey on sbtest4  (cost=0.43..43.75 rows=10 width=121)
	              Index Cond: ((id >= 9307435) AND (id <= 9307444))

table 5 : explain SELECT DISTINCT c FROM sbtest5 WHERE id BETWEEN 5469979 AND 5469988 ORDER BY c
	Unique  (cost=43.95..44.00 rows=10 width=121)
	  ->  Sort  (cost=43.95..43.98 rows=10 width=121)
	        Sort Key: c
	        ->  Index Scan using sbtest5_pkey on sbtest5  (cost=0.43..43.79 rows=10 width=121)
	              Index Cond: ((id >= 5469979) AND (id <= 5469988))

table 6 : explain SELECT DISTINCT c FROM sbtest6 WHERE id BETWEEN 5130319 AND 5130328 ORDER BY c
	Unique  (cost=44.08..44.13 rows=10 width=121)
	  ->  Sort  (cost=44.08..44.11 rows=10 width=121)
	        Sort Key: c
	        ->  Index Scan using sbtest6_pkey on sbtest6  (cost=0.43..43.92 rows=10 width=121)
	              Index Cond: ((id >= 5130319) AND (id <= 5130328))

table 7 : explain SELECT DISTINCT c FROM sbtest7 WHERE id BETWEEN 2781513 AND 2781522 ORDER BY c
	Unique  (cost=39.97..40.02 rows=9 width=121)
	  ->  Sort  (cost=39.97..40.00 rows=9 width=121)
	        Sort Key: c
	        ->  Index Scan using sbtest7_pkey on sbtest7  (cost=0.43..39.83 rows=9 width=121)
	              Index Cond: ((id >= 2781513) AND (id <= 2781522))

table 8 : explain SELECT DISTINCT c FROM sbtest8 WHERE id BETWEEN 8900387 AND 8900396 ORDER BY c
	Unique  (cost=43.83..43.88 rows=10 width=121)
	  ->  Sort  (cost=43.83..43.85 rows=10 width=121)
	        Sort Key: c
	        ->  Index Scan using sbtest8_pkey on sbtest8  (cost=0.43..43.66 rows=10 width=121)
	              Index Cond: ((id >= 8900387) AND (id <= 8900396))

for: distinct_ranges
table 1 : explain SELECT DISTINCT c FROM sbtest1 WHERE id BETWEEN 9187492 AND 9187501 ORDER BY c
	Unique  (cost=47.99..48.05 rows=11 width=121)
	  ->  Sort  (cost=47.99..48.02 rows=11 width=121)
	        Sort Key: c
	        ->  Index Scan using sbtest1_pkey on sbtest1  (cost=0.43..47.80 rows=11 width=121)
	              Index Cond: ((id >= 9187492) AND (id <= 9187501))

table 2 : explain SELECT DISTINCT c FROM sbtest2 WHERE id BETWEEN 8633436 AND 8633445 ORDER BY c
	Unique  (cost=43.94..43.99 rows=10 width=121)
	  ->  Sort  (cost=43.94..43.97 rows=10 width=121)
	        Sort Key: c
	        ->  Index Scan using sbtest2_pkey on sbtest2  (cost=0.43..43.78 rows=10 width=121)
	              Index Cond: ((id >= 8633436) AND (id <= 8633445))

table 3 : explain SELECT DISTINCT c FROM sbtest3 WHERE id BETWEEN 3752598 AND 3752607 ORDER BY c
	Unique  (cost=44.03..44.08 rows=10 width=121)
	  ->  Sort  (cost=44.03..44.06 rows=10 width=121)
	        Sort Key: c
	        ->  Index Scan using sbtest3_pkey on sbtest3  (cost=0.43..43.87 rows=10 width=121)
	              Index Cond: ((id >= 3752598) AND (id <= 3752607))

table 4 : explain SELECT DISTINCT c FROM sbtest4 WHERE id BETWEEN 7813641 AND 7813650 ORDER BY c
	Unique  (cost=43.92..43.97 rows=10 width=121)
	  ->  Sort  (cost=43.92..43.94 rows=10 width=121)
	        Sort Key: c
	        ->  Index Scan using sbtest4_pkey on sbtest4  (cost=0.43..43.75 rows=10 width=121)
	              Index Cond: ((id >= 7813641) AND (id <= 7813650))

table 5 : explain SELECT DISTINCT c FROM sbtest5 WHERE id BETWEEN 3949251 AND 3949260 ORDER BY c
	Unique  (cost=47.91..47.96 rows=11 width=121)
	  ->  Sort  (cost=47.91..47.93 rows=11 width=121)
	        Sort Key: c
	        ->  Index Scan using sbtest5_pkey on sbtest5  (cost=0.43..47.71 rows=11 width=121)
	              Index Cond: ((id >= 3949251) AND (id <= 3949260))

table 6 : explain SELECT DISTINCT c FROM sbtest6 WHERE id BETWEEN 7064808 AND 7064817 ORDER BY c
	Unique  (cost=44.08..44.13 rows=10 width=121)
	  ->  Sort  (cost=44.08..44.11 rows=10 width=121)
	        Sort Key: c
	        ->  Index Scan using sbtest6_pkey on sbtest6  (cost=0.43..43.92 rows=10 width=121)
	              Index Cond: ((id >= 7064808) AND (id <= 7064817))

table 7 : explain SELECT DISTINCT c FROM sbtest7 WHERE id BETWEEN 3690124 AND 3690133 ORDER BY c
	Unique  (cost=47.86..47.92 rows=11 width=121)
	  ->  Sort  (cost=47.86..47.89 rows=11 width=121)
	        Sort Key: c
	        ->  Index Scan using sbtest7_pkey on sbtest7  (cost=0.43..47.67 rows=11 width=121)
	              Index Cond: ((id >= 3690124) AND (id <= 3690133))

table 8 : explain SELECT DISTINCT c FROM sbtest8 WHERE id BETWEEN 2134974 AND 2134983 ORDER BY c
	Unique  (cost=43.83..43.88 rows=10 width=121)
	  ->  Sort  (cost=43.83..43.85 rows=10 width=121)
	        Sort Key: c
	        ->  Index Scan using sbtest8_pkey on sbtest8  (cost=0.43..43.66 rows=10 width=121)
	              Index Cond: ((id >= 2134974) AND (id <= 2134983))
for: order_ranges
table 1 : explain SELECT c FROM sbtest1 WHERE id BETWEEN 6771570 AND 6771579 ORDER BY c
	Sort  (cost=40.08..40.10 rows=9 width=121)
	  Sort Key: c
	  ->  Index Scan using sbtest1_pkey on sbtest1  (cost=0.43..39.93 rows=9 width=121)
	        Index Cond: ((id >= 6771570) AND (id <= 6771579))

table 2 : explain SELECT c FROM sbtest2 WHERE id BETWEEN 3601241 AND 3601250 ORDER BY c
	Sort  (cost=43.94..43.97 rows=10 width=121)
	  Sort Key: c
	  ->  Index Scan using sbtest2_pkey on sbtest2  (cost=0.43..43.78 rows=10 width=121)
	        Index Cond: ((id >= 3601241) AND (id <= 3601250))

table 3 : explain SELECT c FROM sbtest3 WHERE id BETWEEN 7794972 AND 7794981 ORDER BY c
	Sort  (cost=44.03..44.06 rows=10 width=121)
	  Sort Key: c
	  ->  Index Scan using sbtest3_pkey on sbtest3  (cost=0.43..43.87 rows=10 width=121)
	        Index Cond: ((id >= 7794972) AND (id <= 7794981))

table 4 : explain SELECT c FROM sbtest4 WHERE id BETWEEN 9588887 AND 9588896 ORDER BY c
	Sort  (cost=43.92..43.94 rows=10 width=121)
	  Sort Key: c
	  ->  Index Scan using sbtest4_pkey on sbtest4  (cost=0.43..43.75 rows=10 width=121)
	        Index Cond: ((id >= 9588887) AND (id <= 9588896))

table 5 : explain SELECT c FROM sbtest5 WHERE id BETWEEN 5855792 AND 5855801 ORDER BY c
	Sort  (cost=43.95..43.98 rows=10 width=121)
	  Sort Key: c
	  ->  Index Scan using sbtest5_pkey on sbtest5  (cost=0.43..43.79 rows=10 width=121)
	        Index Cond: ((id >= 5855792) AND (id <= 5855801))

table 6 : explain SELECT c FROM sbtest6 WHERE id BETWEEN 8676956 AND 8676965 ORDER BY c
	Sort  (cost=44.08..44.11 rows=10 width=121)
	  Sort Key: c
	  ->  Index Scan using sbtest6_pkey on sbtest6  (cost=0.43..43.92 rows=10 width=121)
	        Index Cond: ((id >= 8676956) AND (id <= 8676965))

table 7 : explain SELECT c FROM sbtest7 WHERE id BETWEEN 6699109 AND 6699118 ORDER BY c
	Sort  (cost=43.92..43.94 rows=10 width=121)
	  Sort Key: c
	  ->  Index Scan using sbtest7_pkey on sbtest7  (cost=0.43..43.75 rows=10 width=121)
	        Index Cond: ((id >= 6699109) AND (id <= 6699118))

table 8 : explain SELECT c FROM sbtest8 WHERE id BETWEEN 4030181 AND 4030190 ORDER BY c
	Sort  (cost=43.83..43.85 rows=10 width=121)
	  Sort Key: c
	  ->  Index Scan using sbtest8_pkey on sbtest8  (cost=0.43..43.66 rows=10 width=121)
	        Index Cond: ((id >= 4030181) AND (id <= 4030190))

for: order_ranges
table 1 : explain SELECT c FROM sbtest1 WHERE id BETWEEN 3118110 AND 3118119 ORDER BY c
	Sort  (cost=44.04..44.06 rows=10 width=121)
	  Sort Key: c
	  ->  Index Scan using sbtest1_pkey on sbtest1  (cost=0.43..43.87 rows=10 width=121)
	        Index Cond: ((id >= 3118110) AND (id <= 3118119))

table 2 : explain SELECT c FROM sbtest2 WHERE id BETWEEN 2602891 AND 2602900 ORDER BY c
	Sort  (cost=43.94..43.97 rows=10 width=121)
	  Sort Key: c
	  ->  Index Scan using sbtest2_pkey on sbtest2  (cost=0.43..43.78 rows=10 width=121)
	        Index Cond: ((id >= 2602891) AND (id <= 2602900))

table 3 : explain SELECT c FROM sbtest3 WHERE id BETWEEN 2803226 AND 2803235 ORDER BY c
	Sort  (cost=44.03..44.06 rows=10 width=121)
	  Sort Key: c
	  ->  Index Scan using sbtest3_pkey on sbtest3  (cost=0.43..43.87 rows=10 width=121)
	        Index Cond: ((id >= 2803226) AND (id <= 2803235))

table 4 : explain SELECT c FROM sbtest4 WHERE id BETWEEN 8760451 AND 8760460 ORDER BY c
	Sort  (cost=47.86..47.89 rows=11 width=121)
	  Sort Key: c
	  ->  Index Scan using sbtest4_pkey on sbtest4  (cost=0.43..47.67 rows=11 width=121)
	        Index Cond: ((id >= 8760451) AND (id <= 8760460))

table 5 : explain SELECT c FROM sbtest5 WHERE id BETWEEN 3461792 AND 3461801 ORDER BY c
	Sort  (cost=47.91..47.93 rows=11 width=121)
	  Sort Key: c
	  ->  Index Scan using sbtest5_pkey on sbtest5  (cost=0.43..47.71 rows=11 width=121)
	        Index Cond: ((id >= 3461792) AND (id <= 3461801))

table 6 : explain SELECT c FROM sbtest6 WHERE id BETWEEN 9785546 AND 9785555 ORDER BY c
	Sort  (cost=44.08..44.11 rows=10 width=121)
	  Sort Key: c
	  ->  Index Scan using sbtest6_pkey on sbtest6  (cost=0.43..43.92 rows=10 width=121)
	        Index Cond: ((id >= 9785546) AND (id <= 9785555))

table 7 : explain SELECT c FROM sbtest7 WHERE id BETWEEN 1166981 AND 1166990 ORDER BY c
	Sort  (cost=43.92..43.94 rows=10 width=121)
	  Sort Key: c
	  ->  Index Scan using sbtest7_pkey on sbtest7  (cost=0.43..43.75 rows=10 width=121)
	        Index Cond: ((id >= 1166981) AND (id <= 1166990))

table 8 : explain SELECT c FROM sbtest8 WHERE id BETWEEN 3664488 AND 3664497 ORDER BY c
	Sort  (cost=43.83..43.85 rows=10 width=121)
	  Sort Key: c
	  ->  Index Scan using sbtest8_pkey on sbtest8  (cost=0.43..43.66 rows=10 width=121)
	        Index Cond: ((id >= 3664488) AND (id <= 3664497))

for: order_ranges
table 1 : explain SELECT c FROM sbtest1 WHERE id BETWEEN 3883943 AND 3883952 ORDER BY c
	Sort  (cost=44.04..44.06 rows=10 width=121)
	  Sort Key: c
	  ->  Index Scan using sbtest1_pkey on sbtest1  (cost=0.43..43.87 rows=10 width=121)
	        Index Cond: ((id >= 3883943) AND (id <= 3883952))

table 2 : explain SELECT c FROM sbtest2 WHERE id BETWEEN 5586975 AND 5586984 ORDER BY c
	Sort  (cost=43.94..43.97 rows=10 width=121)
	  Sort Key: c
	  ->  Index Scan using sbtest2_pkey on sbtest2  (cost=0.43..43.78 rows=10 width=121)
	        Index Cond: ((id >= 5586975) AND (id <= 5586984))

table 3 : explain SELECT c FROM sbtest3 WHERE id BETWEEN 5096140 AND 5096149 ORDER BY c
	Sort  (cost=44.03..44.06 rows=10 width=121)
	  Sort Key: c
	  ->  Index Scan using sbtest3_pkey on sbtest3  (cost=0.43..43.87 rows=10 width=121)
	        Index Cond: ((id >= 5096140) AND (id <= 5096149))

table 4 : explain SELECT c FROM sbtest4 WHERE id BETWEEN 6042101 AND 6042110 ORDER BY c
	Sort  (cost=39.97..40.00 rows=9 width=121)
	  Sort Key: c
	  ->  Index Scan using sbtest4_pkey on sbtest4  (cost=0.43..39.83 rows=9 width=121)
	        Index Cond: ((id >= 6042101) AND (id <= 6042110))

table 5 : explain SELECT c FROM sbtest5 WHERE id BETWEEN 6150360 AND 6150369 ORDER BY c
	Sort  (cost=43.95..43.98 rows=10 width=121)
	  Sort Key: c
	  ->  Index Scan using sbtest5_pkey on sbtest5  (cost=0.43..43.79 rows=10 width=121)
	        Index Cond: ((id >= 6150360) AND (id <= 6150369))

table 6 : explain SELECT c FROM sbtest6 WHERE id BETWEEN 3350737 AND 3350746 ORDER BY c
	Sort  (cost=48.05..48.07 rows=11 width=121)
	  Sort Key: c
	  ->  Index Scan using sbtest6_pkey on sbtest6  (cost=0.43..47.86 rows=11 width=121)
	        Index Cond: ((id >= 3350737) AND (id <= 3350746))

table 7 : explain SELECT c FROM sbtest7 WHERE id BETWEEN 1005127 AND 1005136 ORDER BY c
	Sort  (cost=43.92..43.94 rows=10 width=121)
	  Sort Key: c
	  ->  Index Scan using sbtest7_pkey on sbtest7  (cost=0.43..43.75 rows=10 width=121)
	        Index Cond: ((id >= 1005127) AND (id <= 1005136))

table 8 : explain SELECT c FROM sbtest8 WHERE id BETWEEN 2739290 AND 2739299 ORDER BY c
	Sort  (cost=39.89..39.92 rows=9 width=121)
	  Sort Key: c
	  ->  Index Scan using sbtest8_pkey on sbtest8  (cost=0.43..39.75 rows=9 width=121)
	        Index Cond: ((id >= 2739290) AND (id <= 2739299))

for: order_ranges
table 1 : explain SELECT c FROM sbtest1 WHERE id BETWEEN 264507 AND 264516 ORDER BY c
	Sort  (cost=44.04..44.06 rows=10 width=121)
	  Sort Key: c
	  ->  Index Scan using sbtest1_pkey on sbtest1  (cost=0.43..43.87 rows=10 width=121)
	        Index Cond: ((id >= 264507) AND (id <= 264516))

table 2 : explain SELECT c FROM sbtest2 WHERE id BETWEEN 9257504 AND 9257513 ORDER BY c
	Sort  (cost=43.94..43.97 rows=10 width=121)
	  Sort Key: c
	  ->  Index Scan using sbtest2_pkey on sbtest2  (cost=0.43..43.78 rows=10 width=121)
	        Index Cond: ((id >= 9257504) AND (id <= 9257513))

table 3 : explain SELECT c FROM sbtest3 WHERE id BETWEEN 1236768 AND 1236777 ORDER BY c
	Sort  (cost=40.07..40.10 rows=9 width=121)
	  Sort Key: c
	  ->  Index Scan using sbtest3_pkey on sbtest3  (cost=0.43..39.93 rows=9 width=121)
	        Index Cond: ((id >= 1236768) AND (id <= 1236777))

table 4 : explain SELECT c FROM sbtest4 WHERE id BETWEEN 5786831 AND 5786840 ORDER BY c
	Sort  (cost=43.92..43.94 rows=10 width=121)
	  Sort Key: c
	  ->  Index Scan using sbtest4_pkey on sbtest4  (cost=0.43..43.75 rows=10 width=121)
	        Index Cond: ((id >= 5786831) AND (id <= 5786840))

table 5 : explain SELECT c FROM sbtest5 WHERE id BETWEEN 5857219 AND 5857228 ORDER BY c
	Sort  (cost=43.95..43.98 rows=10 width=121)
	  Sort Key: c
	  ->  Index Scan using sbtest5_pkey on sbtest5  (cost=0.43..43.79 rows=10 width=121)
	        Index Cond: ((id >= 5857219) AND (id <= 5857228))

table 6 : explain SELECT c FROM sbtest6 WHERE id BETWEEN 2894789 AND 2894798 ORDER BY c
	Sort  (cost=48.05..48.07 rows=11 width=121)
	  Sort Key: c
	  ->  Index Scan using sbtest6_pkey on sbtest6  (cost=0.43..47.86 rows=11 width=121)
	        Index Cond: ((id >= 2894789) AND (id <= 2894798))

table 7 : explain SELECT c FROM sbtest7 WHERE id BETWEEN 8009820 AND 8009829 ORDER BY c
	Sort  (cost=43.92..43.94 rows=10 width=121)
	  Sort Key: c
	  ->  Index Scan using sbtest7_pkey on sbtest7  (cost=0.43..43.75 rows=10 width=121)
	        Index Cond: ((id >= 8009820) AND (id <= 8009829))

table 8 : explain SELECT c FROM sbtest8 WHERE id BETWEEN 1643575 AND 1643584 ORDER BY c
	Sort  (cost=43.83..43.85 rows=10 width=121)
	  Sort Key: c
	  ->  Index Scan using sbtest8_pkey on sbtest8  (cost=0.43..43.66 rows=10 width=121)
	        Index Cond: ((id >= 1643575) AND (id <= 1643584))


for: distinct_ranges
table 1 : explain SELECT DISTINCT c FROM sbtest1 WHERE id BETWEEN 8405717 AND 8405726 ORDER BY c
	Unique  (cost=44.04..44.09 rows=10 width=121)
	  ->  Sort  (cost=44.04..44.06 rows=10 width=121)
	        Sort Key: c
	        ->  Index Scan using sbtest1_pkey on sbtest1  (cost=0.43..43.87 rows=10 width=121)
	              Index Cond: ((id >= 8405717) AND (id <= 8405726))

table 2 : explain SELECT DISTINCT c FROM sbtest2 WHERE id BETWEEN 5918484 AND 5918493 ORDER BY c
	Unique  (cost=43.94..43.99 rows=10 width=121)
	  ->  Sort  (cost=43.94..43.97 rows=10 width=121)
	        Sort Key: c
	        ->  Index Scan using sbtest2_pkey on sbtest2  (cost=0.43..43.78 rows=10 width=121)
	              Index Cond: ((id >= 5918484) AND (id <= 5918493))

table 3 : explain SELECT DISTINCT c FROM sbtest3 WHERE id BETWEEN 3351005 AND 3351014 ORDER BY c
	Unique  (cost=40.07..40.12 rows=9 width=121)
	  ->  Sort  (cost=40.07..40.10 rows=9 width=121)
	        Sort Key: c
	        ->  Index Scan using sbtest3_pkey on sbtest3  (cost=0.43..39.93 rows=9 width=121)
	              Index Cond: ((id >= 3351005) AND (id <= 3351014))

table 4 : explain SELECT DISTINCT c FROM sbtest4 WHERE id BETWEEN 53154 AND 53163 ORDER BY c
	Unique  (cost=43.92..43.97 rows=10 width=121)
	  ->  Sort  (cost=43.92..43.94 rows=10 width=121)
	        Sort Key: c
	        ->  Index Scan using sbtest4_pkey on sbtest4  (cost=0.43..43.75 rows=10 width=121)
	              Index Cond: ((id >= 53154) AND (id <= 53163))

table 5 : explain SELECT DISTINCT c FROM sbtest5 WHERE id BETWEEN 1068384 AND 1068393 ORDER BY c
	Unique  (cost=43.95..44.00 rows=10 width=121)
	  ->  Sort  (cost=43.95..43.98 rows=10 width=121)
	        Sort Key: c
	        ->  Index Scan using sbtest5_pkey on sbtest5  (cost=0.43..43.79 rows=10 width=121)
	              Index Cond: ((id >= 1068384) AND (id <= 1068393))

table 6 : explain SELECT DISTINCT c FROM sbtest6 WHERE id BETWEEN 1626570 AND 1626579 ORDER BY c
	Unique  (cost=44.08..44.13 rows=10 width=121)
	  ->  Sort  (cost=44.08..44.11 rows=10 width=121)
	        Sort Key: c
	        ->  Index Scan using sbtest6_pkey on sbtest6  (cost=0.43..43.92 rows=10 width=121)
	              Index Cond: ((id >= 1626570) AND (id <= 1626579))

table 7 : explain SELECT DISTINCT c FROM sbtest7 WHERE id BETWEEN 2817612 AND 2817621 ORDER BY c
	Unique  (cost=39.97..40.02 rows=9 width=121)
	  ->  Sort  (cost=39.97..40.00 rows=9 width=121)
	        Sort Key: c
	        ->  Index Scan using sbtest7_pkey on sbtest7  (cost=0.43..39.83 rows=9 width=121)
	              Index Cond: ((id >= 2817612) AND (id <= 2817621))

table 8 : explain SELECT DISTINCT c FROM sbtest8 WHERE id BETWEEN 7803630 AND 7803639 ORDER BY c
	Unique  (cost=43.83..43.88 rows=10 width=121)
	  ->  Sort  (cost=43.83..43.85 rows=10 width=121)
	        Sort Key: c
	        ->  Index Scan using sbtest8_pkey on sbtest8  (cost=0.43..43.66 rows=10 width=121)
	              Index Cond: ((id >= 7803630) AND (id <= 7803639))

for: order_ranges
table 1 : explain SELECT c FROM sbtest1 WHERE id BETWEEN 8661413 AND 8661422 ORDER BY c
	Sort  (cost=44.04..44.06 rows=10 width=121)
	  Sort Key: c
	  ->  Index Scan using sbtest1_pkey on sbtest1  (cost=0.43..43.87 rows=10 width=121)
	        Index Cond: ((id >= 8661413) AND (id <= 8661422))

table 2 : explain SELECT c FROM sbtest2 WHERE id BETWEEN 2821533 AND 2821542 ORDER BY c
	Sort  (cost=43.94..43.97 rows=10 width=121)
	  Sort Key: c
	  ->  Index Scan using sbtest2_pkey on sbtest2  (cost=0.43..43.78 rows=10 width=121)
	        Index Cond: ((id >= 2821533) AND (id <= 2821542))

table 3 : explain SELECT c FROM sbtest3 WHERE id BETWEEN 3240440 AND 3240449 ORDER BY c
	Sort  (cost=40.07..40.10 rows=9 width=121)
	  Sort Key: c
	  ->  Index Scan using sbtest3_pkey on sbtest3  (cost=0.43..39.93 rows=9 width=121)
	        Index Cond: ((id >= 3240440) AND (id <= 3240449))

table 4 : explain SELECT c FROM sbtest4 WHERE id BETWEEN 3261638 AND 3261647 ORDER BY c
	Sort  (cost=43.92..43.94 rows=10 width=121)
	  Sort Key: c
	  ->  Index Scan using sbtest4_pkey on sbtest4  (cost=0.43..43.75 rows=10 width=121)
	        Index Cond: ((id >= 3261638) AND (id <= 3261647))

table 5 : explain SELECT c FROM sbtest5 WHERE id BETWEEN 425628 AND 425637 ORDER BY c
	Sort  (cost=47.91..47.93 rows=11 width=121)
	  Sort Key: c
	  ->  Index Scan using sbtest5_pkey on sbtest5  (cost=0.43..47.71 rows=11 width=121)
	        Index Cond: ((id >= 425628) AND (id <= 425637))

table 6 : explain SELECT c FROM sbtest6 WHERE id BETWEEN 4509551 AND 4509560 ORDER BY c
	Sort  (cost=44.08..44.11 rows=10 width=121)
	  Sort Key: c
	  ->  Index Scan using sbtest6_pkey on sbtest6  (cost=0.43..43.92 rows=10 width=121)
	        Index Cond: ((id >= 4509551) AND (id <= 4509560))

table 7 : explain SELECT c FROM sbtest7 WHERE id BETWEEN 8325475 AND 8325484 ORDER BY c
	Sort  (cost=43.92..43.94 rows=10 width=121)
	  Sort Key: c
	  ->  Index Scan using sbtest7_pkey on sbtest7  (cost=0.43..43.75 rows=10 width=121)
	        Index Cond: ((id >= 8325475) AND (id <= 8325484))

table 8 : explain SELECT c FROM sbtest8 WHERE id BETWEEN 5836523 AND 5836532 ORDER BY c
	Sort  (cost=43.83..43.85 rows=10 width=121)
	  Sort Key: c
	  ->  Index Scan using sbtest8_pkey on sbtest8  (cost=0.43..43.66 rows=10 width=121)
	        Index Cond: ((id >= 5836523) AND (id <= 5836532))

for: distinct_ranges
table 1 : explain SELECT DISTINCT c FROM sbtest1 WHERE id BETWEEN 8565520 AND 8565529 ORDER BY c
	Unique  (cost=44.04..44.09 rows=10 width=121)
	  ->  Sort  (cost=44.04..44.06 rows=10 width=121)
	        Sort Key: c
	        ->  Index Scan using sbtest1_pkey on sbtest1  (cost=0.43..43.87 rows=10 width=121)
	              Index Cond: ((id >= 8565520) AND (id <= 8565529))

table 2 : explain SELECT DISTINCT c FROM sbtest2 WHERE id BETWEEN 3444322 AND 3444331 ORDER BY c
	Unique  (cost=43.94..43.99 rows=10 width=121)
	  ->  Sort  (cost=43.94..43.97 rows=10 width=121)
	        Sort Key: c
	        ->  Index Scan using sbtest2_pkey on sbtest2  (cost=0.43..43.78 rows=10 width=121)
	              Index Cond: ((id >= 3444322) AND (id <= 3444331))

table 3 : explain SELECT DISTINCT c FROM sbtest3 WHERE id BETWEEN 6794016 AND 6794025 ORDER BY c
	Unique  (cost=44.03..44.08 rows=10 width=121)
	  ->  Sort  (cost=44.03..44.06 rows=10 width=121)
	        Sort Key: c
	        ->  Index Scan using sbtest3_pkey on sbtest3  (cost=0.43..43.87 rows=10 width=121)
	              Index Cond: ((id >= 6794016) AND (id <= 6794025))

table 4 : explain SELECT DISTINCT c FROM sbtest4 WHERE id BETWEEN 4320950 AND 4320959 ORDER BY c
	Unique  (cost=47.86..47.92 rows=11 width=121)
	  ->  Sort  (cost=47.86..47.89 rows=11 width=121)
	        Sort Key: c
	        ->  Index Scan using sbtest4_pkey on sbtest4  (cost=0.43..47.67 rows=11 width=121)
	              Index Cond: ((id >= 4320950) AND (id <= 4320959))

table 5 : explain SELECT DISTINCT c FROM sbtest5 WHERE id BETWEEN 3422295 AND 3422304 ORDER BY c
	Unique  (cost=47.91..47.96 rows=11 width=121)
	  ->  Sort  (cost=47.91..47.93 rows=11 width=121)
	        Sort Key: c
	        ->  Index Scan using sbtest5_pkey on sbtest5  (cost=0.43..47.71 rows=11 width=121)
	              Index Cond: ((id >= 3422295) AND (id <= 3422304))

table 6 : explain SELECT DISTINCT c FROM sbtest6 WHERE id BETWEEN 9511660 AND 9511669 ORDER BY c
	Unique  (cost=48.05..48.10 rows=11 width=121)
	  ->  Sort  (cost=48.05..48.07 rows=11 width=121)
	        Sort Key: c
	        ->  Index Scan using sbtest6_pkey on sbtest6  (cost=0.43..47.86 rows=11 width=121)
	              Index Cond: ((id >= 9511660) AND (id <= 9511669))

table 7 : explain SELECT DISTINCT c FROM sbtest7 WHERE id BETWEEN 3078597 AND 3078606 ORDER BY c
	Unique  (cost=43.92..43.97 rows=10 width=121)
	  ->  Sort  (cost=43.92..43.94 rows=10 width=121)
	        Sort Key: c
	        ->  Index Scan using sbtest7_pkey on sbtest7  (cost=0.43..43.75 rows=10 width=121)
	              Index Cond: ((id >= 3078597) AND (id <= 3078606))

table 8 : explain SELECT DISTINCT c FROM sbtest8 WHERE id BETWEEN 5111768 AND 5111777 ORDER BY c
	Unique  (cost=43.83..43.88 rows=10 width=121)
	  ->  Sort  (cost=43.83..43.85 rows=10 width=121)
	        Sort Key: c
	        ->  Index Scan using sbtest8_pkey on sbtest8  (cost=0.43..43.66 rows=10 width=121)
	              Index Cond: ((id >= 5111768) AND (id <= 5111777))

for: distinct_ranges
table 1 : explain SELECT DISTINCT c FROM sbtest1 WHERE id BETWEEN 5420300 AND 5420309 ORDER BY c
	Unique  (cost=44.04..44.09 rows=10 width=121)
	  ->  Sort  (cost=44.04..44.06 rows=10 width=121)
	        Sort Key: c
	        ->  Index Scan using sbtest1_pkey on sbtest1  (cost=0.43..43.87 rows=10 width=121)
	              Index Cond: ((id >= 5420300) AND (id <= 5420309))

table 2 : explain SELECT DISTINCT c FROM sbtest2 WHERE id BETWEEN 4509931 AND 4509940 ORDER BY c
	Unique  (cost=39.99..40.04 rows=9 width=121)
	  ->  Sort  (cost=39.99..40.02 rows=9 width=121)
	        Sort Key: c
	        ->  Index Scan using sbtest2_pkey on sbtest2  (cost=0.43..39.85 rows=9 width=121)
	              Index Cond: ((id >= 4509931) AND (id <= 4509940))

table 3 : explain SELECT DISTINCT c FROM sbtest3 WHERE id BETWEEN 9752793 AND 9752802 ORDER BY c
	Unique  (cost=44.03..44.08 rows=10 width=121)
	  ->  Sort  (cost=44.03..44.06 rows=10 width=121)
	        Sort Key: c
	        ->  Index Scan using sbtest3_pkey on sbtest3  (cost=0.43..43.87 rows=10 width=121)
	              Index Cond: ((id >= 9752793) AND (id <= 9752802))

table 4 : explain SELECT DISTINCT c FROM sbtest4 WHERE id BETWEEN 790893 AND 790902 ORDER BY c
	Unique  (cost=43.92..43.97 rows=10 width=121)
	  ->  Sort  (cost=43.92..43.94 rows=10 width=121)
	        Sort Key: c
	        ->  Index Scan using sbtest4_pkey on sbtest4  (cost=0.43..43.75 rows=10 width=121)
	              Index Cond: ((id >= 790893) AND (id <= 790902))

table 5 : explain SELECT DISTINCT c FROM sbtest5 WHERE id BETWEEN 6188920 AND 6188929 ORDER BY c
	Unique  (cost=43.95..44.00 rows=10 width=121)
	  ->  Sort  (cost=43.95..43.98 rows=10 width=121)
	        Sort Key: c
	        ->  Index Scan using sbtest5_pkey on sbtest5  (cost=0.43..43.79 rows=10 width=121)
	              Index Cond: ((id >= 6188920) AND (id <= 6188929))

table 6 : explain SELECT DISTINCT c FROM sbtest6 WHERE id BETWEEN 2370850 AND 2370859 ORDER BY c
	Unique  (cost=40.12..40.16 rows=9 width=121)
	  ->  Sort  (cost=40.12..40.14 rows=9 width=121)
	        Sort Key: c
	        ->  Index Scan using sbtest6_pkey on sbtest6  (cost=0.43..39.98 rows=9 width=121)
	              Index Cond: ((id >= 2370850) AND (id <= 2370859))

table 7 : explain SELECT DISTINCT c FROM sbtest7 WHERE id BETWEEN 292742 AND 292751 ORDER BY c
	Unique  (cost=43.92..43.97 rows=10 width=121)
	  ->  Sort  (cost=43.92..43.94 rows=10 width=121)
	        Sort Key: c
	        ->  Index Scan using sbtest7_pkey on sbtest7  (cost=0.43..43.75 rows=10 width=121)
	              Index Cond: ((id >= 292742) AND (id <= 292751))

table 8 : explain SELECT DISTINCT c FROM sbtest8 WHERE id BETWEEN 125192 AND 125201 ORDER BY c
	Unique  (cost=43.83..43.88 rows=10 width=121)
	  ->  Sort  (cost=43.83..43.85 rows=10 width=121)
	        Sort Key: c
	        ->  Index Scan using sbtest8_pkey on sbtest8  (cost=0.43..43.66 rows=10 width=121)
	              Index Cond: ((id >= 125192) AND (id <= 125201))

for: distinct_ranges
table 1 : explain SELECT DISTINCT c FROM sbtest1 WHERE id BETWEEN 7232897 AND 7232906 ORDER BY c
	Unique  (cost=44.04..44.09 rows=10 width=121)
	  ->  Sort  (cost=44.04..44.06 rows=10 width=121)
	        Sort Key: c
	        ->  Index Scan using sbtest1_pkey on sbtest1  (cost=0.43..43.87 rows=10 width=121)
	              Index Cond: ((id >= 7232897) AND (id <= 7232906))

table 2 : explain SELECT DISTINCT c FROM sbtest2 WHERE id BETWEEN 8854962 AND 8854971 ORDER BY c
	Unique  (cost=39.99..40.04 rows=9 width=121)
	  ->  Sort  (cost=39.99..40.02 rows=9 width=121)
	        Sort Key: c
	        ->  Index Scan using sbtest2_pkey on sbtest2  (cost=0.43..39.85 rows=9 width=121)
	              Index Cond: ((id >= 8854962) AND (id <= 8854971))

table 3 : explain SELECT DISTINCT c FROM sbtest3 WHERE id BETWEEN 919703 AND 919712 ORDER BY c
	Unique  (cost=44.03..44.08 rows=10 width=121)
	  ->  Sort  (cost=44.03..44.06 rows=10 width=121)
	        Sort Key: c
	        ->  Index Scan using sbtest3_pkey on sbtest3  (cost=0.43..43.87 rows=10 width=121)
	              Index Cond: ((id >= 919703) AND (id <= 919712))

table 4 : explain SELECT DISTINCT c FROM sbtest4 WHERE id BETWEEN 907161 AND 907170 ORDER BY c
	Unique  (cost=43.92..43.97 rows=10 width=121)
	  ->  Sort  (cost=43.92..43.94 rows=10 width=121)
	        Sort Key: c
	        ->  Index Scan using sbtest4_pkey on sbtest4  (cost=0.43..43.75 rows=10 width=121)
	              Index Cond: ((id >= 907161) AND (id <= 907170))

table 5 : explain SELECT DISTINCT c FROM sbtest5 WHERE id BETWEEN 1523475 AND 1523484 ORDER BY c
	Unique  (cost=43.95..44.00 rows=10 width=121)
	  ->  Sort  (cost=43.95..43.98 rows=10 width=121)
	        Sort Key: c
	        ->  Index Scan using sbtest5_pkey on sbtest5  (cost=0.43..43.79 rows=10 width=121)
	              Index Cond: ((id >= 1523475) AND (id <= 1523484))

table 6 : explain SELECT DISTINCT c FROM sbtest6 WHERE id BETWEEN 9541991 AND 9542000 ORDER BY c
	Unique  (cost=48.05..48.10 rows=11 width=121)
	  ->  Sort  (cost=48.05..48.07 rows=11 width=121)
	        Sort Key: c
	        ->  Index Scan using sbtest6_pkey on sbtest6  (cost=0.43..47.86 rows=11 width=121)
	              Index Cond: ((id >= 9541991) AND (id <= 9542000))

table 7 : explain SELECT DISTINCT c FROM sbtest7 WHERE id BETWEEN 3883868 AND 3883877 ORDER BY c
	Unique  (cost=43.92..43.97 rows=10 width=121)
	  ->  Sort  (cost=43.92..43.94 rows=10 width=121)
	        Sort Key: c
	        ->  Index Scan using sbtest7_pkey on sbtest7  (cost=0.43..43.75 rows=10 width=121)
	              Index Cond: ((id >= 3883868) AND (id <= 3883877))

table 8 : explain SELECT DISTINCT c FROM sbtest8 WHERE id BETWEEN 235624 AND 235633 ORDER BY c
	Unique  (cost=47.76..47.82 rows=11 width=121)
	  ->  Sort  (cost=47.76..47.79 rows=11 width=121)
	        Sort Key: c
	        ->  Index Scan using sbtest8_pkey on sbtest8  (cost=0.43..47.57 rows=11 width=121)
	              Index Cond: ((id >= 235624) AND (id <= 235633))

for: order_ranges
table 1 : explain SELECT c FROM sbtest1 WHERE id BETWEEN 5565179 AND 5565188 ORDER BY c
	Sort  (cost=44.04..44.06 rows=10 width=121)
	  Sort Key: c
	  ->  Index Scan using sbtest1_pkey on sbtest1  (cost=0.43..43.87 rows=10 width=121)
	        Index Cond: ((id >= 5565179) AND (id <= 5565188))

table 2 : explain SELECT c FROM sbtest2 WHERE id BETWEEN 9539719 AND 9539728 ORDER BY c
	Sort  (cost=43.94..43.97 rows=10 width=121)
	  Sort Key: c
	  ->  Index Scan using sbtest2_pkey on sbtest2  (cost=0.43..43.78 rows=10 width=121)
	        Index Cond: ((id >= 9539719) AND (id <= 9539728))

table 3 : explain SELECT c FROM sbtest3 WHERE id BETWEEN 7847691 AND 7847700 ORDER BY c
	Sort  (cost=44.03..44.06 rows=10 width=121)
	  Sort Key: c
	  ->  Index Scan using sbtest3_pkey on sbtest3  (cost=0.43..43.87 rows=10 width=121)
	        Index Cond: ((id >= 7847691) AND (id <= 7847700))

table 4 : explain SELECT c FROM sbtest4 WHERE id BETWEEN 9056124 AND 9056133 ORDER BY c
	Sort  (cost=43.92..43.94 rows=10 width=121)
	  Sort Key: c
	  ->  Index Scan using sbtest4_pkey on sbtest4  (cost=0.43..43.75 rows=10 width=121)
	        Index Cond: ((id >= 9056124) AND (id <= 9056133))

table 5 : explain SELECT c FROM sbtest5 WHERE id BETWEEN 1119328 AND 1119337 ORDER BY c
	Sort  (cost=47.91..47.93 rows=11 width=121)
	  Sort Key: c
	  ->  Index Scan using sbtest5_pkey on sbtest5  (cost=0.43..47.71 rows=11 width=121)
	        Index Cond: ((id >= 1119328) AND (id <= 1119337))

table 6 : explain SELECT c FROM sbtest6 WHERE id BETWEEN 7534322 AND 7534331 ORDER BY c
	Sort  (cost=48.05..48.07 rows=11 width=121)
	  Sort Key: c
	  ->  Index Scan using sbtest6_pkey on sbtest6  (cost=0.43..47.86 rows=11 width=121)
	        Index Cond: ((id >= 7534322) AND (id <= 7534331))

table 7 : explain SELECT c FROM sbtest7 WHERE id BETWEEN 5003804 AND 5003813 ORDER BY c
	Sort  (cost=43.92..43.94 rows=10 width=121)
	  Sort Key: c
	  ->  Index Scan using sbtest7_pkey on sbtest7  (cost=0.43..43.75 rows=10 width=121)
	        Index Cond: ((id >= 5003804) AND (id <= 5003813))

table 8 : explain SELECT c FROM sbtest8 WHERE id BETWEEN 6616266 AND 6616275 ORDER BY c
	Sort  (cost=47.76..47.79 rows=11 width=121)
	  Sort Key: c
	  ->  Index Scan using sbtest8_pkey on sbtest8  (cost=0.43..47.57 rows=11 width=121)
	        Index Cond: ((id >= 6616266) AND (id <= 6616275))

for: distinct_ranges
table 1 : explain SELECT DISTINCT c FROM sbtest1 WHERE id BETWEEN 7723854 AND 7723863 ORDER BY c
	Unique  (cost=44.04..44.09 rows=10 width=121)
	  ->  Sort  (cost=44.04..44.06 rows=10 width=121)
	        Sort Key: c
	        ->  Index Scan using sbtest1_pkey on sbtest1  (cost=0.43..43.87 rows=10 width=121)
	              Index Cond: ((id >= 7723854) AND (id <= 7723863))

table 2 : explain SELECT DISTINCT c FROM sbtest2 WHERE id BETWEEN 5366718 AND 5366727 ORDER BY c
	Unique  (cost=43.94..43.99 rows=10 width=121)
	  ->  Sort  (cost=43.94..43.97 rows=10 width=121)
	        Sort Key: c
	        ->  Index Scan using sbtest2_pkey on sbtest2  (cost=0.43..43.78 rows=10 width=121)
	              Index Cond: ((id >= 5366718) AND (id <= 5366727))

table 3 : explain SELECT DISTINCT c FROM sbtest3 WHERE id BETWEEN 1554398 AND 1554407 ORDER BY c
	Unique  (cost=44.03..44.08 rows=10 width=121)
	  ->  Sort  (cost=44.03..44.06 rows=10 width=121)
	        Sort Key: c
	        ->  Index Scan using sbtest3_pkey on sbtest3  (cost=0.43..43.87 rows=10 width=121)
	              Index Cond: ((id >= 1554398) AND (id <= 1554407))

table 4 : explain SELECT DISTINCT c FROM sbtest4 WHERE id BETWEEN 197511 AND 197520 ORDER BY c
	Unique  (cost=43.92..43.97 rows=10 width=121)
	  ->  Sort  (cost=43.92..43.94 rows=10 width=121)
	        Sort Key: c
	        ->  Index Scan using sbtest4_pkey on sbtest4  (cost=0.43..43.75 rows=10 width=121)
	              Index Cond: ((id >= 197511) AND (id <= 197520))

table 5 : explain SELECT DISTINCT c FROM sbtest5 WHERE id BETWEEN 7784575 AND 7784584 ORDER BY c
	Unique  (cost=43.95..44.00 rows=10 width=121)
	  ->  Sort  (cost=43.95..43.98 rows=10 width=121)
	        Sort Key: c
	        ->  Index Scan using sbtest5_pkey on sbtest5  (cost=0.43..43.79 rows=10 width=121)
	              Index Cond: ((id >= 7784575) AND (id <= 7784584))

table 6 : explain SELECT DISTINCT c FROM sbtest6 WHERE id BETWEEN 5453933 AND 5453942 ORDER BY c
	Unique  (cost=40.12..40.16 rows=9 width=121)
	  ->  Sort  (cost=40.12..40.14 rows=9 width=121)
	        Sort Key: c
	        ->  Index Scan using sbtest6_pkey on sbtest6  (cost=0.43..39.98 rows=9 width=121)
	              Index Cond: ((id >= 5453933) AND (id <= 5453942))

table 7 : explain SELECT DISTINCT c FROM sbtest7 WHERE id BETWEEN 9915707 AND 9915716 ORDER BY c
	Unique  (cost=43.92..43.97 rows=10 width=121)
	  ->  Sort  (cost=43.92..43.94 rows=10 width=121)
	        Sort Key: c
	        ->  Index Scan using sbtest7_pkey on sbtest7  (cost=0.43..43.75 rows=10 width=121)
	              Index Cond: ((id >= 9915707) AND (id <= 9915716))

table 8 : explain SELECT DISTINCT c FROM sbtest8 WHERE id BETWEEN 2961608 AND 2961617 ORDER BY c
	Unique  (cost=39.89..39.94 rows=9 width=121)
	  ->  Sort  (cost=39.89..39.92 rows=9 width=121)
	        Sort Key: c
	        ->  Index Scan using sbtest8_pkey on sbtest8  (cost=0.43..39.75 rows=9 width=121)
	              Index Cond: ((id >= 2961608) AND (id <= 2961617))

for: distinct_ranges
table 1 : explain SELECT DISTINCT c FROM sbtest1 WHERE id BETWEEN 9328687 AND 9328696 ORDER BY c
	Unique  (cost=44.04..44.09 rows=10 width=121)
	  ->  Sort  (cost=44.04..44.06 rows=10 width=121)
	        Sort Key: c
	        ->  Index Scan using sbtest1_pkey on sbtest1  (cost=0.43..43.87 rows=10 width=121)
	              Index Cond: ((id >= 9328687) AND (id <= 9328696))

table 2 : explain SELECT DISTINCT c FROM sbtest2 WHERE id BETWEEN 5182193 AND 5182202 ORDER BY c
	Unique  (cost=47.89..47.94 rows=11 width=121)
	  ->  Sort  (cost=47.89..47.92 rows=11 width=121)
	        Sort Key: c
	        ->  Index Scan using sbtest2_pkey on sbtest2  (cost=0.43..47.70 rows=11 width=121)
	              Index Cond: ((id >= 5182193) AND (id <= 5182202))

table 3 : explain SELECT DISTINCT c FROM sbtest3 WHERE id BETWEEN 7419170 AND 7419179 ORDER BY c
	Unique  (cost=47.99..48.04 rows=11 width=121)
	  ->  Sort  (cost=47.99..48.02 rows=11 width=121)
	        Sort Key: c
	        ->  Index Scan using sbtest3_pkey on sbtest3  (cost=0.43..47.80 rows=11 width=121)
	              Index Cond: ((id >= 7419170) AND (id <= 7419179))

table 4 : explain SELECT DISTINCT c FROM sbtest4 WHERE id BETWEEN 9957351 AND 9957360 ORDER BY c
	Unique  (cost=43.92..43.97 rows=10 width=121)
	  ->  Sort  (cost=43.92..43.94 rows=10 width=121)
	        Sort Key: c
	        ->  Index Scan using sbtest4_pkey on sbtest4  (cost=0.43..43.75 rows=10 width=121)
	              Index Cond: ((id >= 9957351) AND (id <= 9957360))

table 5 : explain SELECT DISTINCT c FROM sbtest5 WHERE id BETWEEN 3090183 AND 3090192 ORDER BY c
	Unique  (cost=40.01..40.05 rows=9 width=121)
	  ->  Sort  (cost=40.01..40.03 rows=9 width=121)
	        Sort Key: c
	        ->  Index Scan using sbtest5_pkey on sbtest5  (cost=0.43..39.86 rows=9 width=121)
	              Index Cond: ((id >= 3090183) AND (id <= 3090192))

table 6 : explain SELECT DISTINCT c FROM sbtest6 WHERE id BETWEEN 880606 AND 880615 ORDER BY c
	Unique  (cost=48.05..48.10 rows=11 width=121)
	  ->  Sort  (cost=48.05..48.07 rows=11 width=121)
	        Sort Key: c
	        ->  Index Scan using sbtest6_pkey on sbtest6  (cost=0.43..47.86 rows=11 width=121)
	              Index Cond: ((id >= 880606) AND (id <= 880615))

table 7 : explain SELECT DISTINCT c FROM sbtest7 WHERE id BETWEEN 7631654 AND 7631663 ORDER BY c
	Unique  (cost=47.86..47.92 rows=11 width=121)
	  ->  Sort  (cost=47.86..47.89 rows=11 width=121)
	        Sort Key: c
	        ->  Index Scan using sbtest7_pkey on sbtest7  (cost=0.43..47.67 rows=11 width=121)
	              Index Cond: ((id >= 7631654) AND (id <= 7631663))

table 8 : explain SELECT DISTINCT c FROM sbtest8 WHERE id BETWEEN 7964880 AND 7964889 ORDER BY c
	Unique  (cost=43.83..43.88 rows=10 width=121)
	  ->  Sort  (cost=43.83..43.85 rows=10 width=121)
	        Sort Key: c
	        ->  Index Scan using sbtest8_pkey on sbtest8  (cost=0.43..43.66 rows=10 width=121)
	              Index Cond: ((id >= 7964880) AND (id <= 7964889))

for: distinct_ranges
table 1 : explain SELECT DISTINCT c FROM sbtest1 WHERE id BETWEEN 8179581 AND 8179590 ORDER BY c
	Unique  (cost=47.99..48.05 rows=11 width=121)
	  ->  Sort  (cost=47.99..48.02 rows=11 width=121)
	        Sort Key: c
	        ->  Index Scan using sbtest1_pkey on sbtest1  (cost=0.43..47.80 rows=11 width=121)
	              Index Cond: ((id >= 8179581) AND (id <= 8179590))

table 2 : explain SELECT DISTINCT c FROM sbtest2 WHERE id BETWEEN 5251935 AND 5251944 ORDER BY c
	Unique  (cost=43.94..43.99 rows=10 width=121)
	  ->  Sort  (cost=43.94..43.97 rows=10 width=121)
	        Sort Key: c
	        ->  Index Scan using sbtest2_pkey on sbtest2  (cost=0.43..43.78 rows=10 width=121)
	              Index Cond: ((id >= 5251935) AND (id <= 5251944))

table 3 : explain SELECT DISTINCT c FROM sbtest3 WHERE id BETWEEN 2411367 AND 2411376 ORDER BY c
	Unique  (cost=47.99..48.04 rows=11 width=121)
	  ->  Sort  (cost=47.99..48.02 rows=11 width=121)
	        Sort Key: c
	        ->  Index Scan using sbtest3_pkey on sbtest3  (cost=0.43..47.80 rows=11 width=121)
	              Index Cond: ((id >= 2411367) AND (id <= 2411376))

table 4 : explain SELECT DISTINCT c FROM sbtest4 WHERE id BETWEEN 2233659 AND 2233668 ORDER BY c
	Unique  (cost=43.92..43.97 rows=10 width=121)
	  ->  Sort  (cost=43.92..43.94 rows=10 width=121)
	        Sort Key: c
	        ->  Index Scan using sbtest4_pkey on sbtest4  (cost=0.43..43.75 rows=10 width=121)
	              Index Cond: ((id >= 2233659) AND (id <= 2233668))

table 5 : explain SELECT DISTINCT c FROM sbtest5 WHERE id BETWEEN 5254909 AND 5254918 ORDER BY c
	Unique  (cost=43.95..44.00 rows=10 width=121)
	  ->  Sort  (cost=43.95..43.98 rows=10 width=121)
	        Sort Key: c
	        ->  Index Scan using sbtest5_pkey on sbtest5  (cost=0.43..43.79 rows=10 width=121)
	              Index Cond: ((id >= 5254909) AND (id <= 5254918))

table 6 : explain SELECT DISTINCT c FROM sbtest6 WHERE id BETWEEN 5265617 AND 5265626 ORDER BY c
	Unique  (cost=44.08..44.13 rows=10 width=121)
	  ->  Sort  (cost=44.08..44.11 rows=10 width=121)
	        Sort Key: c
	        ->  Index Scan using sbtest6_pkey on sbtest6  (cost=0.43..43.92 rows=10 width=121)
	              Index Cond: ((id >= 5265617) AND (id <= 5265626))

table 7 : explain SELECT DISTINCT c FROM sbtest7 WHERE id BETWEEN 1108163 AND 1108172 ORDER BY c
	Unique  (cost=43.92..43.97 rows=10 width=121)
	  ->  Sort  (cost=43.92..43.94 rows=10 width=121)
	        Sort Key: c
	        ->  Index Scan using sbtest7_pkey on sbtest7  (cost=0.43..43.75 rows=10 width=121)
	              Index Cond: ((id >= 1108163) AND (id <= 1108172))

table 8 : explain SELECT DISTINCT c FROM sbtest8 WHERE id BETWEEN 1402047 AND 1402056 ORDER BY c
	Unique  (cost=43.83..43.88 rows=10 width=121)
	  ->  Sort  (cost=43.83..43.85 rows=10 width=121)
	        Sort Key: c
	        ->  Index Scan using sbtest8_pkey on sbtest8  (cost=0.43..43.66 rows=10 width=121)
	              Index Cond: ((id >= 1402047) AND (id <= 1402056))

for: order_ranges
table 1 : explain SELECT c FROM sbtest1 WHERE id BETWEEN 140693 AND 140702 ORDER BY c
	Sort  (cost=44.04..44.06 rows=10 width=121)
	  Sort Key: c
	  ->  Index Scan using sbtest1_pkey on sbtest1  (cost=0.43..43.87 rows=10 width=121)
	        Index Cond: ((id >= 140693) AND (id <= 140702))

table 2 : explain SELECT c FROM sbtest2 WHERE id BETWEEN 296242 AND 296251 ORDER BY c
	Sort  (cost=43.94..43.97 rows=10 width=121)
	  Sort Key: c
	  ->  Index Scan using sbtest2_pkey on sbtest2  (cost=0.43..43.78 rows=10 width=121)
	        Index Cond: ((id >= 296242) AND (id <= 296251))

table 3 : explain SELECT c FROM sbtest3 WHERE id BETWEEN 384451 AND 384460 ORDER BY c
	Sort  (cost=40.07..40.10 rows=9 width=121)
	  Sort Key: c
	  ->  Index Scan using sbtest3_pkey on sbtest3  (cost=0.43..39.93 rows=9 width=121)
	        Index Cond: ((id >= 384451) AND (id <= 384460))

table 4 : explain SELECT c FROM sbtest4 WHERE id BETWEEN 2685238 AND 2685247 ORDER BY c
	Sort  (cost=43.92..43.94 rows=10 width=121)
	  Sort Key: c
	  ->  Index Scan using sbtest4_pkey on sbtest4  (cost=0.43..43.75 rows=10 width=121)
	        Index Cond: ((id >= 2685238) AND (id <= 2685247))

table 5 : explain SELECT c FROM sbtest5 WHERE id BETWEEN 9315326 AND 9315335 ORDER BY c
	Sort  (cost=40.01..40.03 rows=9 width=121)
	  Sort Key: c
	  ->  Index Scan using sbtest5_pkey on sbtest5  (cost=0.43..39.86 rows=9 width=121)
	        Index Cond: ((id >= 9315326) AND (id <= 9315335))

table 6 : explain SELECT c FROM sbtest6 WHERE id BETWEEN 5191266 AND 5191275 ORDER BY c
	Sort  (cost=44.08..44.11 rows=10 width=121)
	  Sort Key: c
	  ->  Index Scan using sbtest6_pkey on sbtest6  (cost=0.43..43.92 rows=10 width=121)
	        Index Cond: ((id >= 5191266) AND (id <= 5191275))

table 7 : explain SELECT c FROM sbtest7 WHERE id BETWEEN 722792 AND 722801 ORDER BY c
	Sort  (cost=43.92..43.94 rows=10 width=121)
	  Sort Key: c
	  ->  Index Scan using sbtest7_pkey on sbtest7  (cost=0.43..43.75 rows=10 width=121)
	        Index Cond: ((id >= 722792) AND (id <= 722801))

table 8 : explain SELECT c FROM sbtest8 WHERE id BETWEEN 8643387 AND 8643396 ORDER BY c
	Sort  (cost=43.83..43.85 rows=10 width=121)
	  Sort Key: c
	  ->  Index Scan using sbtest8_pkey on sbtest8  (cost=0.43..43.66 rows=10 width=121)
	        Index Cond: ((id >= 8643387) AND (id <= 8643396))

for: distinct_ranges
table 1 : explain SELECT DISTINCT c FROM sbtest1 WHERE id BETWEEN 9095904 AND 9095913 ORDER BY c
	Unique  (cost=44.04..44.09 rows=10 width=121)
	  ->  Sort  (cost=44.04..44.06 rows=10 width=121)
	        Sort Key: c
	        ->  Index Scan using sbtest1_pkey on sbtest1  (cost=0.43..43.87 rows=10 width=121)
	              Index Cond: ((id >= 9095904) AND (id <= 9095913))

table 2 : explain SELECT DISTINCT c FROM sbtest2 WHERE id BETWEEN 2128942 AND 2128951 ORDER BY c
	Unique  (cost=43.94..43.99 rows=10 width=121)
	  ->  Sort  (cost=43.94..43.97 rows=10 width=121)
	        Sort Key: c
	        ->  Index Scan using sbtest2_pkey on sbtest2  (cost=0.43..43.78 rows=10 width=121)
	              Index Cond: ((id >= 2128942) AND (id <= 2128951))

table 3 : explain SELECT DISTINCT c FROM sbtest3 WHERE id BETWEEN 234276 AND 234285 ORDER BY c
	Unique  (cost=44.03..44.08 rows=10 width=121)
	  ->  Sort  (cost=44.03..44.06 rows=10 width=121)
	        Sort Key: c
	        ->  Index Scan using sbtest3_pkey on sbtest3  (cost=0.43..43.87 rows=10 width=121)
	              Index Cond: ((id >= 234276) AND (id <= 234285))

table 4 : explain SELECT DISTINCT c FROM sbtest4 WHERE id BETWEEN 1303012 AND 1303021 ORDER BY c
	Unique  (cost=43.92..43.97 rows=10 width=121)
	  ->  Sort  (cost=43.92..43.94 rows=10 width=121)
	        Sort Key: c
	        ->  Index Scan using sbtest4_pkey on sbtest4  (cost=0.43..43.75 rows=10 width=121)
	              Index Cond: ((id >= 1303012) AND (id <= 1303021))

table 5 : explain SELECT DISTINCT c FROM sbtest5 WHERE id BETWEEN 3990565 AND 3990574 ORDER BY c
	Unique  (cost=47.91..47.96 rows=11 width=121)
	  ->  Sort  (cost=47.91..47.93 rows=11 width=121)
	        Sort Key: c
	        ->  Index Scan using sbtest5_pkey on sbtest5  (cost=0.43..47.71 rows=11 width=121)
	              Index Cond: ((id >= 3990565) AND (id <= 3990574))

table 6 : explain SELECT DISTINCT c FROM sbtest6 WHERE id BETWEEN 8245135 AND 8245144 ORDER BY c
	Unique  (cost=44.08..44.13 rows=10 width=121)
	  ->  Sort  (cost=44.08..44.11 rows=10 width=121)
	        Sort Key: c
	        ->  Index Scan using sbtest6_pkey on sbtest6  (cost=0.43..43.92 rows=10 width=121)
	              Index Cond: ((id >= 8245135) AND (id <= 8245144))

table 7 : explain SELECT DISTINCT c FROM sbtest7 WHERE id BETWEEN 6419896 AND 6419905 ORDER BY c
	Unique  (cost=43.92..43.97 rows=10 width=121)
	  ->  Sort  (cost=43.92..43.94 rows=10 width=121)
	        Sort Key: c
	        ->  Index Scan using sbtest7_pkey on sbtest7  (cost=0.43..43.75 rows=10 width=121)
	              Index Cond: ((id >= 6419896) AND (id <= 6419905))

table 8 : explain SELECT DISTINCT c FROM sbtest8 WHERE id BETWEEN 5481951 AND 5481960 ORDER BY c
	Unique  (cost=43.83..43.88 rows=10 width=121)
	  ->  Sort  (cost=43.83..43.85 rows=10 width=121)
	        Sort Key: c
	        ->  Index Scan using sbtest8_pkey on sbtest8  (cost=0.43..43.66 rows=10 width=121)
	              Index Cond: ((id >= 5481951) AND (id <= 5481960))

for: order_ranges
table 1 : explain SELECT c FROM sbtest1 WHERE id BETWEEN 8925619 AND 8925628 ORDER BY c
	Sort  (cost=40.08..40.10 rows=9 width=121)
	  Sort Key: c
	  ->  Index Scan using sbtest1_pkey on sbtest1  (cost=0.43..39.93 rows=9 width=121)
	        Index Cond: ((id >= 8925619) AND (id <= 8925628))

table 2 : explain SELECT c FROM sbtest2 WHERE id BETWEEN 9969685 AND 9969694 ORDER BY c
	Sort  (cost=43.94..43.97 rows=10 width=121)
	  Sort Key: c
	  ->  Index Scan using sbtest2_pkey on sbtest2  (cost=0.43..43.78 rows=10 width=121)
	        Index Cond: ((id >= 9969685) AND (id <= 9969694))

table 3 : explain SELECT c FROM sbtest3 WHERE id BETWEEN 1081576 AND 1081585 ORDER BY c
	Sort  (cost=40.07..40.10 rows=9 width=121)
	  Sort Key: c
	  ->  Index Scan using sbtest3_pkey on sbtest3  (cost=0.43..39.93 rows=9 width=121)
	        Index Cond: ((id >= 1081576) AND (id <= 1081585))

table 4 : explain SELECT c FROM sbtest4 WHERE id BETWEEN 6569378 AND 6569387 ORDER BY c
	Sort  (cost=47.86..47.89 rows=11 width=121)
	  Sort Key: c
	  ->  Index Scan using sbtest4_pkey on sbtest4  (cost=0.43..47.67 rows=11 width=121)
	        Index Cond: ((id >= 6569378) AND (id <= 6569387))

table 5 : explain SELECT c FROM sbtest5 WHERE id BETWEEN 2052461 AND 2052470 ORDER BY c
	Sort  (cost=43.95..43.98 rows=10 width=121)
	  Sort Key: c
	  ->  Index Scan using sbtest5_pkey on sbtest5  (cost=0.43..43.79 rows=10 width=121)
	        Index Cond: ((id >= 2052461) AND (id <= 2052470))

table 6 : explain SELECT c FROM sbtest6 WHERE id BETWEEN 9842973 AND 9842982 ORDER BY c
	Sort  (cost=44.08..44.11 rows=10 width=121)
	  Sort Key: c
	  ->  Index Scan using sbtest6_pkey on sbtest6  (cost=0.43..43.92 rows=10 width=121)
	        Index Cond: ((id >= 9842973) AND (id <= 9842982))

table 7 : explain SELECT c FROM sbtest7 WHERE id BETWEEN 6371126 AND 6371135 ORDER BY c
	Sort  (cost=39.97..40.00 rows=9 width=121)
	  Sort Key: c
	  ->  Index Scan using sbtest7_pkey on sbtest7  (cost=0.43..39.83 rows=9 width=121)
	        Index Cond: ((id >= 6371126) AND (id <= 6371135))

table 8 : explain SELECT c FROM sbtest8 WHERE id BETWEEN 2709538 AND 2709547 ORDER BY c
	Sort  (cost=39.89..39.92 rows=9 width=121)
	  Sort Key: c
	  ->  Index Scan using sbtest8_pkey on sbtest8  (cost=0.43..39.75 rows=9 width=121)
	        Index Cond: ((id >= 2709538) AND (id <= 2709547))

for: distinct_ranges
table 1 : explain SELECT DISTINCT c FROM sbtest1 WHERE id BETWEEN 8886452 AND 8886461 ORDER BY c
	Unique  (cost=40.08..40.12 rows=9 width=121)
	  ->  Sort  (cost=40.08..40.10 rows=9 width=121)
	        Sort Key: c
	        ->  Index Scan using sbtest1_pkey on sbtest1  (cost=0.43..39.93 rows=9 width=121)
	              Index Cond: ((id >= 8886452) AND (id <= 8886461))

table 2 : explain SELECT DISTINCT c FROM sbtest2 WHERE id BETWEEN 4468723 AND 4468732 ORDER BY c
	Unique  (cost=39.99..40.04 rows=9 width=121)
	  ->  Sort  (cost=39.99..40.02 rows=9 width=121)
	        Sort Key: c
	        ->  Index Scan using sbtest2_pkey on sbtest2  (cost=0.43..39.85 rows=9 width=121)
	              Index Cond: ((id >= 4468723) AND (id <= 4468732))

table 3 : explain SELECT DISTINCT c FROM sbtest3 WHERE id BETWEEN 4887066 AND 4887075 ORDER BY c
	Unique  (cost=44.03..44.08 rows=10 width=121)
	  ->  Sort  (cost=44.03..44.06 rows=10 width=121)
	        Sort Key: c
	        ->  Index Scan using sbtest3_pkey on sbtest3  (cost=0.43..43.87 rows=10 width=121)
	              Index Cond: ((id >= 4887066) AND (id <= 4887075))

table 4 : explain SELECT DISTINCT c FROM sbtest4 WHERE id BETWEEN 6615937 AND 6615946 ORDER BY c
	Unique  (cost=43.92..43.97 rows=10 width=121)
	  ->  Sort  (cost=43.92..43.94 rows=10 width=121)
	        Sort Key: c
	        ->  Index Scan using sbtest4_pkey on sbtest4  (cost=0.43..43.75 rows=10 width=121)
	              Index Cond: ((id >= 6615937) AND (id <= 6615946))

table 5 : explain SELECT DISTINCT c FROM sbtest5 WHERE id BETWEEN 3486596 AND 3486605 ORDER BY c
	Unique  (cost=47.91..47.96 rows=11 width=121)
	  ->  Sort  (cost=47.91..47.93 rows=11 width=121)
	        Sort Key: c
	        ->  Index Scan using sbtest5_pkey on sbtest5  (cost=0.43..47.71 rows=11 width=121)
	              Index Cond: ((id >= 3486596) AND (id <= 3486605))

table 6 : explain SELECT DISTINCT c FROM sbtest6 WHERE id BETWEEN 3562269 AND 3562278 ORDER BY c
	Unique  (cost=44.08..44.13 rows=10 width=121)
	  ->  Sort  (cost=44.08..44.11 rows=10 width=121)
	        Sort Key: c
	        ->  Index Scan using sbtest6_pkey on sbtest6  (cost=0.43..43.92 rows=10 width=121)
	              Index Cond: ((id >= 3562269) AND (id <= 3562278))

table 7 : explain SELECT DISTINCT c FROM sbtest7 WHERE id BETWEEN 9640926 AND 9640935 ORDER BY c
	Unique  (cost=39.97..40.02 rows=9 width=121)
	  ->  Sort  (cost=39.97..40.00 rows=9 width=121)
	        Sort Key: c
	        ->  Index Scan using sbtest7_pkey on sbtest7  (cost=0.43..39.83 rows=9 width=121)
	              Index Cond: ((id >= 9640926) AND (id <= 9640935))

table 8 : explain SELECT DISTINCT c FROM sbtest8 WHERE id BETWEEN 1274789 AND 1274798 ORDER BY c
	Unique  (cost=43.83..43.88 rows=10 width=121)
	  ->  Sort  (cost=43.83..43.85 rows=10 width=121)
	        Sort Key: c
	        ->  Index Scan using sbtest8_pkey on sbtest8  (cost=0.43..43.66 rows=10 width=121)
	              Index Cond: ((id >= 1274789) AND (id <= 1274798))

for: distinct_ranges
table 1 : explain SELECT DISTINCT c FROM sbtest1 WHERE id BETWEEN 1273757 AND 1273766 ORDER BY c
	Unique  (cost=44.04..44.09 rows=10 width=121)
	  ->  Sort  (cost=44.04..44.06 rows=10 width=121)
	        Sort Key: c
	        ->  Index Scan using sbtest1_pkey on sbtest1  (cost=0.43..43.87 rows=10 width=121)
	              Index Cond: ((id >= 1273757) AND (id <= 1273766))

table 2 : explain SELECT DISTINCT c FROM sbtest2 WHERE id BETWEEN 8693323 AND 8693332 ORDER BY c
	Unique  (cost=43.94..43.99 rows=10 width=121)
	  ->  Sort  (cost=43.94..43.97 rows=10 width=121)
	        Sort Key: c
	        ->  Index Scan using sbtest2_pkey on sbtest2  (cost=0.43..43.78 rows=10 width=121)
	              Index Cond: ((id >= 8693323) AND (id <= 8693332))

table 3 : explain SELECT DISTINCT c FROM sbtest3 WHERE id BETWEEN 7317234 AND 7317243 ORDER BY c
	Unique  (cost=47.99..48.04 rows=11 width=121)
	  ->  Sort  (cost=47.99..48.02 rows=11 width=121)
	        Sort Key: c
	        ->  Index Scan using sbtest3_pkey on sbtest3  (cost=0.43..47.80 rows=11 width=121)
	              Index Cond: ((id >= 7317234) AND (id <= 7317243))

table 4 : explain SELECT DISTINCT c FROM sbtest4 WHERE id BETWEEN 467245 AND 467254 ORDER BY c
	Unique  (cost=43.92..43.97 rows=10 width=121)
	  ->  Sort  (cost=43.92..43.94 rows=10 width=121)
	        Sort Key: c
	        ->  Index Scan using sbtest4_pkey on sbtest4  (cost=0.43..43.75 rows=10 width=121)
	              Index Cond: ((id >= 467245) AND (id <= 467254))

table 5 : explain SELECT DISTINCT c FROM sbtest5 WHERE id BETWEEN 4946746 AND 4946755 ORDER BY c
	Unique  (cost=40.01..40.05 rows=9 width=121)
	  ->  Sort  (cost=40.01..40.03 rows=9 width=121)
	        Sort Key: c
	        ->  Index Scan using sbtest5_pkey on sbtest5  (cost=0.43..39.86 rows=9 width=121)
	              Index Cond: ((id >= 4946746) AND (id <= 4946755))

table 6 : explain SELECT DISTINCT c FROM sbtest6 WHERE id BETWEEN 8054151 AND 8054160 ORDER BY c
	Unique  (cost=44.08..44.13 rows=10 width=121)
	  ->  Sort  (cost=44.08..44.11 rows=10 width=121)
	        Sort Key: c
	        ->  Index Scan using sbtest6_pkey on sbtest6  (cost=0.43..43.92 rows=10 width=121)
	              Index Cond: ((id >= 8054151) AND (id <= 8054160))

table 7 : explain SELECT DISTINCT c FROM sbtest7 WHERE id BETWEEN 3457484 AND 3457493 ORDER BY c
	Unique  (cost=43.92..43.97 rows=10 width=121)
	  ->  Sort  (cost=43.92..43.94 rows=10 width=121)
	        Sort Key: c
	        ->  Index Scan using sbtest7_pkey on sbtest7  (cost=0.43..43.75 rows=10 width=121)
	              Index Cond: ((id >= 3457484) AND (id <= 3457493))

table 8 : explain SELECT DISTINCT c FROM sbtest8 WHERE id BETWEEN 4483943 AND 4483952 ORDER BY c
	Unique  (cost=43.83..43.88 rows=10 width=121)
	  ->  Sort  (cost=43.83..43.85 rows=10 width=121)
	        Sort Key: c
	        ->  Index Scan using sbtest8_pkey on sbtest8  (cost=0.43..43.66 rows=10 width=121)
	              Index Cond: ((id >= 4483943) AND (id <= 4483952))

for: distinct_ranges
table 1 : explain SELECT DISTINCT c FROM sbtest1 WHERE id BETWEEN 6094802 AND 6094811 ORDER BY c
	Unique  (cost=44.04..44.09 rows=10 width=121)
	  ->  Sort  (cost=44.04..44.06 rows=10 width=121)
	        Sort Key: c
	        ->  Index Scan using sbtest1_pkey on sbtest1  (cost=0.43..43.87 rows=10 width=121)
	              Index Cond: ((id >= 6094802) AND (id <= 6094811))

table 2 : explain SELECT DISTINCT c FROM sbtest2 WHERE id BETWEEN 7500597 AND 7500606 ORDER BY c
	Unique  (cost=43.94..43.99 rows=10 width=121)
	  ->  Sort  (cost=43.94..43.97 rows=10 width=121)
	        Sort Key: c
	        ->  Index Scan using sbtest2_pkey on sbtest2  (cost=0.43..43.78 rows=10 width=121)
	              Index Cond: ((id >= 7500597) AND (id <= 7500606))

table 3 : explain SELECT DISTINCT c FROM sbtest3 WHERE id BETWEEN 110127 AND 110136 ORDER BY c
	Unique  (cost=44.03..44.08 rows=10 width=121)
	  ->  Sort  (cost=44.03..44.06 rows=10 width=121)
	        Sort Key: c
	        ->  Index Scan using sbtest3_pkey on sbtest3  (cost=0.43..43.87 rows=10 width=121)
	              Index Cond: ((id >= 110127) AND (id <= 110136))

table 4 : explain SELECT DISTINCT c FROM sbtest4 WHERE id BETWEEN 3673335 AND 3673344 ORDER BY c
	Unique  (cost=43.92..43.97 rows=10 width=121)
	  ->  Sort  (cost=43.92..43.94 rows=10 width=121)
	        Sort Key: c
	        ->  Index Scan using sbtest4_pkey on sbtest4  (cost=0.43..43.75 rows=10 width=121)
	              Index Cond: ((id >= 3673335) AND (id <= 3673344))

table 5 : explain SELECT DISTINCT c FROM sbtest5 WHERE id BETWEEN 2893045 AND 2893054 ORDER BY c
	Unique  (cost=40.01..40.05 rows=9 width=121)
	  ->  Sort  (cost=40.01..40.03 rows=9 width=121)
	        Sort Key: c
	        ->  Index Scan using sbtest5_pkey on sbtest5  (cost=0.43..39.86 rows=9 width=121)
	              Index Cond: ((id >= 2893045) AND (id <= 2893054))

table 6 : explain SELECT DISTINCT c FROM sbtest6 WHERE id BETWEEN 2787 AND 2796 ORDER BY c
	Unique  (cost=44.08..44.13 rows=10 width=121)
	  ->  Sort  (cost=44.08..44.11 rows=10 width=121)
	        Sort Key: c
	        ->  Index Scan using sbtest6_pkey on sbtest6  (cost=0.43..43.92 rows=10 width=121)
	              Index Cond: ((id >= 2787) AND (id <= 2796))

table 7 : explain SELECT DISTINCT c FROM sbtest7 WHERE id BETWEEN 7036072 AND 7036081 ORDER BY c
	Unique  (cost=43.92..43.97 rows=10 width=121)
	  ->  Sort  (cost=43.92..43.94 rows=10 width=121)
	        Sort Key: c
	        ->  Index Scan using sbtest7_pkey on sbtest7  (cost=0.43..43.75 rows=10 width=121)
	              Index Cond: ((id >= 7036072) AND (id <= 7036081))

table 8 : explain SELECT DISTINCT c FROM sbtest8 WHERE id BETWEEN 1358542 AND 1358551 ORDER BY c
	Unique  (cost=47.76..47.82 rows=11 width=121)
	  ->  Sort  (cost=47.76..47.79 rows=11 width=121)
	        Sort Key: c
	        ->  Index Scan using sbtest8_pkey on sbtest8  (cost=0.43..47.57 rows=11 width=121)
	              Index Cond: ((id >= 1358542) AND (id <= 1358551))

for: distinct_ranges
table 1 : explain SELECT DISTINCT c FROM sbtest1 WHERE id BETWEEN 3747810 AND 3747819 ORDER BY c
	Unique  (cost=44.04..44.09 rows=10 width=121)
	  ->  Sort  (cost=44.04..44.06 rows=10 width=121)
	        Sort Key: c
	        ->  Index Scan using sbtest1_pkey on sbtest1  (cost=0.43..43.87 rows=10 width=121)
	              Index Cond: ((id >= 3747810) AND (id <= 3747819))

table 2 : explain SELECT DISTINCT c FROM sbtest2 WHERE id BETWEEN 7113796 AND 7113805 ORDER BY c
	Unique  (cost=43.94..43.99 rows=10 width=121)
	  ->  Sort  (cost=43.94..43.97 rows=10 width=121)
	        Sort Key: c
	        ->  Index Scan using sbtest2_pkey on sbtest2  (cost=0.43..43.78 rows=10 width=121)
	              Index Cond: ((id >= 7113796) AND (id <= 7113805))

table 3 : explain SELECT DISTINCT c FROM sbtest3 WHERE id BETWEEN 2854624 AND 2854633 ORDER BY c
	Unique  (cost=44.03..44.08 rows=10 width=121)
	  ->  Sort  (cost=44.03..44.06 rows=10 width=121)
	        Sort Key: c
	        ->  Index Scan using sbtest3_pkey on sbtest3  (cost=0.43..43.87 rows=10 width=121)
	              Index Cond: ((id >= 2854624) AND (id <= 2854633))

table 4 : explain SELECT DISTINCT c FROM sbtest4 WHERE id BETWEEN 2122243 AND 2122252 ORDER BY c
	Unique  (cost=43.92..43.97 rows=10 width=121)
	  ->  Sort  (cost=43.92..43.94 rows=10 width=121)
	        Sort Key: c
	        ->  Index Scan using sbtest4_pkey on sbtest4  (cost=0.43..43.75 rows=10 width=121)
	              Index Cond: ((id >= 2122243) AND (id <= 2122252))

table 5 : explain SELECT DISTINCT c FROM sbtest5 WHERE id BETWEEN 5105533 AND 5105542 ORDER BY c
	Unique  (cost=40.01..40.05 rows=9 width=121)
	  ->  Sort  (cost=40.01..40.03 rows=9 width=121)
	        Sort Key: c
	        ->  Index Scan using sbtest5_pkey on sbtest5  (cost=0.43..39.86 rows=9 width=121)
	              Index Cond: ((id >= 5105533) AND (id <= 5105542))

table 6 : explain SELECT DISTINCT c FROM sbtest6 WHERE id BETWEEN 1195522 AND 1195531 ORDER BY c
	Unique  (cost=44.08..44.13 rows=10 width=121)
	  ->  Sort  (cost=44.08..44.11 rows=10 width=121)
	        Sort Key: c
	        ->  Index Scan using sbtest6_pkey on sbtest6  (cost=0.43..43.92 rows=10 width=121)
	              Index Cond: ((id >= 1195522) AND (id <= 1195531))

table 7 : explain SELECT DISTINCT c FROM sbtest7 WHERE id BETWEEN 8712494 AND 8712503 ORDER BY c
	Unique  (cost=43.92..43.97 rows=10 width=121)
	  ->  Sort  (cost=43.92..43.94 rows=10 width=121)
	        Sort Key: c
	        ->  Index Scan using sbtest7_pkey on sbtest7  (cost=0.43..43.75 rows=10 width=121)
	              Index Cond: ((id >= 8712494) AND (id <= 8712503))

table 8 : explain SELECT DISTINCT c FROM sbtest8 WHERE id BETWEEN 9420251 AND 9420260 ORDER BY c
	Unique  (cost=39.89..39.94 rows=9 width=121)
	  ->  Sort  (cost=39.89..39.92 rows=9 width=121)
	        Sort Key: c
	        ->  Index Scan using sbtest8_pkey on sbtest8  (cost=0.43..39.75 rows=9 width=121)
	              Index Cond: ((id >= 9420251) AND (id <= 9420260))

for: distinct_ranges
table 1 : explain SELECT DISTINCT c FROM sbtest1 WHERE id BETWEEN 8532738 AND 8532747 ORDER BY c
	Unique  (cost=44.04..44.09 rows=10 width=121)
	  ->  Sort  (cost=44.04..44.06 rows=10 width=121)
	        Sort Key: c
	        ->  Index Scan using sbtest1_pkey on sbtest1  (cost=0.43..43.87 rows=10 width=121)
	              Index Cond: ((id >= 8532738) AND (id <= 8532747))

table 2 : explain SELECT DISTINCT c FROM sbtest2 WHERE id BETWEEN 2692402 AND 2692411 ORDER BY c
	Unique  (cost=47.89..47.94 rows=11 width=121)
	  ->  Sort  (cost=47.89..47.92 rows=11 width=121)
	        Sort Key: c
	        ->  Index Scan using sbtest2_pkey on sbtest2  (cost=0.43..47.70 rows=11 width=121)
	              Index Cond: ((id >= 2692402) AND (id <= 2692411))

table 3 : explain SELECT DISTINCT c FROM sbtest3 WHERE id BETWEEN 9095707 AND 9095716 ORDER BY c
	Unique  (cost=44.03..44.08 rows=10 width=121)
	  ->  Sort  (cost=44.03..44.06 rows=10 width=121)
	        Sort Key: c
	        ->  Index Scan using sbtest3_pkey on sbtest3  (cost=0.43..43.87 rows=10 width=121)
	              Index Cond: ((id >= 9095707) AND (id <= 9095716))

table 4 : explain SELECT DISTINCT c FROM sbtest4 WHERE id BETWEEN 6945784 AND 6945793 ORDER BY c
	Unique  (cost=43.92..43.97 rows=10 width=121)
	  ->  Sort  (cost=43.92..43.94 rows=10 width=121)
	        Sort Key: c
	        ->  Index Scan using sbtest4_pkey on sbtest4  (cost=0.43..43.75 rows=10 width=121)
	              Index Cond: ((id >= 6945784) AND (id <= 6945793))

table 5 : explain SELECT DISTINCT c FROM sbtest5 WHERE id BETWEEN 5160023 AND 5160032 ORDER BY c
	Unique  (cost=40.01..40.05 rows=9 width=121)
	  ->  Sort  (cost=40.01..40.03 rows=9 width=121)
	        Sort Key: c
	        ->  Index Scan using sbtest5_pkey on sbtest5  (cost=0.43..39.86 rows=9 width=121)
	              Index Cond: ((id >= 5160023) AND (id <= 5160032))

table 6 : explain SELECT DISTINCT c FROM sbtest6 WHERE id BETWEEN 3279623 AND 3279632 ORDER BY c
	Unique  (cost=44.08..44.13 rows=10 width=121)
	  ->  Sort  (cost=44.08..44.11 rows=10 width=121)
	        Sort Key: c
	        ->  Index Scan using sbtest6_pkey on sbtest6  (cost=0.43..43.92 rows=10 width=121)
	              Index Cond: ((id >= 3279623) AND (id <= 3279632))

table 7 : explain SELECT DISTINCT c FROM sbtest7 WHERE id BETWEEN 9956070 AND 9956079 ORDER BY c
	Unique  (cost=43.92..43.97 rows=10 width=121)
	  ->  Sort  (cost=43.92..43.94 rows=10 width=121)
	        Sort Key: c
	        ->  Index Scan using sbtest7_pkey on sbtest7  (cost=0.43..43.75 rows=10 width=121)
	              Index Cond: ((id >= 9956070) AND (id <= 9956079))

table 8 : explain SELECT DISTINCT c FROM sbtest8 WHERE id BETWEEN 4322271 AND 4322280 ORDER BY c
	Unique  (cost=43.83..43.88 rows=10 width=121)
	  ->  Sort  (cost=43.83..43.85 rows=10 width=121)
	        Sort Key: c
	        ->  Index Scan using sbtest8_pkey on sbtest8  (cost=0.43..43.66 rows=10 width=121)
	              Index Cond: ((id >= 4322271) AND (id <= 4322280))

for: distinct_ranges
table 1 : explain SELECT DISTINCT c FROM sbtest1 WHERE id BETWEEN 9100355 AND 9100364 ORDER BY c
	Unique  (cost=44.04..44.09 rows=10 width=121)
	  ->  Sort  (cost=44.04..44.06 rows=10 width=121)
	        Sort Key: c
	        ->  Index Scan using sbtest1_pkey on sbtest1  (cost=0.43..43.87 rows=10 width=121)
	              Index Cond: ((id >= 9100355) AND (id <= 9100364))

table 2 : explain SELECT DISTINCT c FROM sbtest2 WHERE id BETWEEN 5672594 AND 5672603 ORDER BY c
	Unique  (cost=47.89..47.94 rows=11 width=121)
	  ->  Sort  (cost=47.89..47.92 rows=11 width=121)
	        Sort Key: c
	        ->  Index Scan using sbtest2_pkey on sbtest2  (cost=0.43..47.70 rows=11 width=121)
	              Index Cond: ((id >= 5672594) AND (id <= 5672603))

table 3 : explain SELECT DISTINCT c FROM sbtest3 WHERE id BETWEEN 1499042 AND 1499051 ORDER BY c
	Unique  (cost=44.03..44.08 rows=10 width=121)
	  ->  Sort  (cost=44.03..44.06 rows=10 width=121)
	        Sort Key: c
	        ->  Index Scan using sbtest3_pkey on sbtest3  (cost=0.43..43.87 rows=10 width=121)
	              Index Cond: ((id >= 1499042) AND (id <= 1499051))

table 4 : explain SELECT DISTINCT c FROM sbtest4 WHERE id BETWEEN 7298987 AND 7298996 ORDER BY c
	Unique  (cost=43.92..43.97 rows=10 width=121)
	  ->  Sort  (cost=43.92..43.94 rows=10 width=121)
	        Sort Key: c
	        ->  Index Scan using sbtest4_pkey on sbtest4  (cost=0.43..43.75 rows=10 width=121)
	              Index Cond: ((id >= 7298987) AND (id <= 7298996))

table 5 : explain SELECT DISTINCT c FROM sbtest5 WHERE id BETWEEN 3352788 AND 3352797 ORDER BY c
	Unique  (cost=43.95..44.00 rows=10 width=121)
	  ->  Sort  (cost=43.95..43.98 rows=10 width=121)
	        Sort Key: c
	        ->  Index Scan using sbtest5_pkey on sbtest5  (cost=0.43..43.79 rows=10 width=121)
	              Index Cond: ((id >= 3352788) AND (id <= 3352797))

table 6 : explain SELECT DISTINCT c FROM sbtest6 WHERE id BETWEEN 9627554 AND 9627563 ORDER BY c
	Unique  (cost=44.08..44.13 rows=10 width=121)
	  ->  Sort  (cost=44.08..44.11 rows=10 width=121)
	        Sort Key: c
	        ->  Index Scan using sbtest6_pkey on sbtest6  (cost=0.43..43.92 rows=10 width=121)
	              Index Cond: ((id >= 9627554) AND (id <= 9627563))

table 7 : explain SELECT DISTINCT c FROM sbtest7 WHERE id BETWEEN 1424731 AND 1424740 ORDER BY c
	Unique  (cost=43.92..43.97 rows=10 width=121)
	  ->  Sort  (cost=43.92..43.94 rows=10 width=121)
	        Sort Key: c
	        ->  Index Scan using sbtest7_pkey on sbtest7  (cost=0.43..43.75 rows=10 width=121)
	              Index Cond: ((id >= 1424731) AND (id <= 1424740))

table 8 : explain SELECT DISTINCT c FROM sbtest8 WHERE id BETWEEN 7150892 AND 7150901 ORDER BY c
	Unique  (cost=43.83..43.88 rows=10 width=121)
	  ->  Sort  (cost=43.83..43.85 rows=10 width=121)
	        Sort Key: c
	        ->  Index Scan using sbtest8_pkey on sbtest8  (cost=0.43..43.66 rows=10 width=121)
	              Index Cond: ((id >= 7150892) AND (id <= 7150901))

for: distinct_ranges
table 1 : explain SELECT DISTINCT c FROM sbtest1 WHERE id BETWEEN 3350915 AND 3350924 ORDER BY c
	Unique  (cost=44.04..44.09 rows=10 width=121)
	  ->  Sort  (cost=44.04..44.06 rows=10 width=121)
	        Sort Key: c
	        ->  Index Scan using sbtest1_pkey on sbtest1  (cost=0.43..43.87 rows=10 width=121)
	              Index Cond: ((id >= 3350915) AND (id <= 3350924))

table 2 : explain SELECT DISTINCT c FROM sbtest2 WHERE id BETWEEN 3913211 AND 3913220 ORDER BY c
	Unique  (cost=47.89..47.94 rows=11 width=121)
	  ->  Sort  (cost=47.89..47.92 rows=11 width=121)
	        Sort Key: c
	        ->  Index Scan using sbtest2_pkey on sbtest2  (cost=0.43..47.70 rows=11 width=121)
	              Index Cond: ((id >= 3913211) AND (id <= 3913220))

table 3 : explain SELECT DISTINCT c FROM sbtest3 WHERE id BETWEEN 7817130 AND 7817139 ORDER BY c
	Unique  (cost=44.03..44.08 rows=10 width=121)
	  ->  Sort  (cost=44.03..44.06 rows=10 width=121)
	        Sort Key: c
	        ->  Index Scan using sbtest3_pkey on sbtest3  (cost=0.43..43.87 rows=10 width=121)
	              Index Cond: ((id >= 7817130) AND (id <= 7817139))

table 4 : explain SELECT DISTINCT c FROM sbtest4 WHERE id BETWEEN 9973279 AND 9973288 ORDER BY c
	Unique  (cost=43.92..43.97 rows=10 width=121)
	  ->  Sort  (cost=43.92..43.94 rows=10 width=121)
	        Sort Key: c
	        ->  Index Scan using sbtest4_pkey on sbtest4  (cost=0.43..43.75 rows=10 width=121)
	              Index Cond: ((id >= 9973279) AND (id <= 9973288))

table 5 : explain SELECT DISTINCT c FROM sbtest5 WHERE id BETWEEN 5816758 AND 5816767 ORDER BY c
	Unique  (cost=43.95..44.00 rows=10 width=121)
	  ->  Sort  (cost=43.95..43.98 rows=10 width=121)
	        Sort Key: c
	        ->  Index Scan using sbtest5_pkey on sbtest5  (cost=0.43..43.79 rows=10 width=121)
	              Index Cond: ((id >= 5816758) AND (id <= 5816767))

table 6 : explain SELECT DISTINCT c FROM sbtest6 WHERE id BETWEEN 7159144 AND 7159153 ORDER BY c
	Unique  (cost=44.08..44.13 rows=10 width=121)
	  ->  Sort  (cost=44.08..44.11 rows=10 width=121)
	        Sort Key: c
	        ->  Index Scan using sbtest6_pkey on sbtest6  (cost=0.43..43.92 rows=10 width=121)
	              Index Cond: ((id >= 7159144) AND (id <= 7159153))

table 7 : explain SELECT DISTINCT c FROM sbtest7 WHERE id BETWEEN 3307893 AND 3307902 ORDER BY c
	Unique  (cost=43.92..43.97 rows=10 width=121)
	  ->  Sort  (cost=43.92..43.94 rows=10 width=121)
	        Sort Key: c
	        ->  Index Scan using sbtest7_pkey on sbtest7  (cost=0.43..43.75 rows=10 width=121)
	              Index Cond: ((id >= 3307893) AND (id <= 3307902))

table 8 : explain SELECT DISTINCT c FROM sbtest8 WHERE id BETWEEN 2513408 AND 2513417 ORDER BY c
	Unique  (cost=43.83..43.88 rows=10 width=121)
	  ->  Sort  (cost=43.83..43.85 rows=10 width=121)
	        Sort Key: c
	        ->  Index Scan using sbtest8_pkey on sbtest8  (cost=0.43..43.66 rows=10 width=121)
	              Index Cond: ((id >= 2513408) AND (id <= 2513417))

for: distinct_ranges
table 1 : explain SELECT DISTINCT c FROM sbtest1 WHERE id BETWEEN 9656240 AND 9656249 ORDER BY c
	Unique  (cost=44.04..44.09 rows=10 width=121)
	  ->  Sort  (cost=44.04..44.06 rows=10 width=121)
	        Sort Key: c
	        ->  Index Scan using sbtest1_pkey on sbtest1  (cost=0.43..43.87 rows=10 width=121)
	              Index Cond: ((id >= 9656240) AND (id <= 9656249))

table 2 : explain SELECT DISTINCT c FROM sbtest2 WHERE id BETWEEN 3196912 AND 3196921 ORDER BY c
	Unique  (cost=43.94..43.99 rows=10 width=121)
	  ->  Sort  (cost=43.94..43.97 rows=10 width=121)
	        Sort Key: c
	        ->  Index Scan using sbtest2_pkey on sbtest2  (cost=0.43..43.78 rows=10 width=121)
	              Index Cond: ((id >= 3196912) AND (id <= 3196921))

table 3 : explain SELECT DISTINCT c FROM sbtest3 WHERE id BETWEEN 4248520 AND 4248529 ORDER BY c
	Unique  (cost=44.03..44.08 rows=10 width=121)
	  ->  Sort  (cost=44.03..44.06 rows=10 width=121)
	        Sort Key: c
	        ->  Index Scan using sbtest3_pkey on sbtest3  (cost=0.43..43.87 rows=10 width=121)
	              Index Cond: ((id >= 4248520) AND (id <= 4248529))

table 4 : explain SELECT DISTINCT c FROM sbtest4 WHERE id BETWEEN 2102575 AND 2102584 ORDER BY c
	Unique  (cost=43.92..43.97 rows=10 width=121)
	  ->  Sort  (cost=43.92..43.94 rows=10 width=121)
	        Sort Key: c
	        ->  Index Scan using sbtest4_pkey on sbtest4  (cost=0.43..43.75 rows=10 width=121)
	              Index Cond: ((id >= 2102575) AND (id <= 2102584))

table 5 : explain SELECT DISTINCT c FROM sbtest5 WHERE id BETWEEN 5571035 AND 5571044 ORDER BY c
	Unique  (cost=43.95..44.00 rows=10 width=121)
	  ->  Sort  (cost=43.95..43.98 rows=10 width=121)
	        Sort Key: c
	        ->  Index Scan using sbtest5_pkey on sbtest5  (cost=0.43..43.79 rows=10 width=121)
	              Index Cond: ((id >= 5571035) AND (id <= 5571044))

table 6 : explain SELECT DISTINCT c FROM sbtest6 WHERE id BETWEEN 7488093 AND 7488102 ORDER BY c
	Unique  (cost=44.08..44.13 rows=10 width=121)
	  ->  Sort  (cost=44.08..44.11 rows=10 width=121)
	        Sort Key: c
	        ->  Index Scan using sbtest6_pkey on sbtest6  (cost=0.43..43.92 rows=10 width=121)
	              Index Cond: ((id >= 7488093) AND (id <= 7488102))

table 7 : explain SELECT DISTINCT c FROM sbtest7 WHERE id BETWEEN 5700250 AND 5700259 ORDER BY c
	Unique  (cost=43.92..43.97 rows=10 width=121)
	  ->  Sort  (cost=43.92..43.94 rows=10 width=121)
	        Sort Key: c
	        ->  Index Scan using sbtest7_pkey on sbtest7  (cost=0.43..43.75 rows=10 width=121)
	              Index Cond: ((id >= 5700250) AND (id <= 5700259))

table 8 : explain SELECT DISTINCT c FROM sbtest8 WHERE id BETWEEN 8845055 AND 8845064 ORDER BY c
	Unique  (cost=43.83..43.88 rows=10 width=121)
	  ->  Sort  (cost=43.83..43.85 rows=10 width=121)
	        Sort Key: c
	        ->  Index Scan using sbtest8_pkey on sbtest8  (cost=0.43..43.66 rows=10 width=121)
	              Index Cond: ((id >= 8845055) AND (id <= 8845064))

for: distinct_ranges
table 1 : explain SELECT DISTINCT c FROM sbtest1 WHERE id BETWEEN 2466971 AND 2466980 ORDER BY c
	Unique  (cost=44.04..44.09 rows=10 width=121)
	  ->  Sort  (cost=44.04..44.06 rows=10 width=121)
	        Sort Key: c
	        ->  Index Scan using sbtest1_pkey on sbtest1  (cost=0.43..43.87 rows=10 width=121)
	              Index Cond: ((id >= 2466971) AND (id <= 2466980))

table 2 : explain SELECT DISTINCT c FROM sbtest2 WHERE id BETWEEN 5991387 AND 5991396 ORDER BY c
	Unique  (cost=43.94..43.99 rows=10 width=121)
	  ->  Sort  (cost=43.94..43.97 rows=10 width=121)
	        Sort Key: c
	        ->  Index Scan using sbtest2_pkey on sbtest2  (cost=0.43..43.78 rows=10 width=121)
	              Index Cond: ((id >= 5991387) AND (id <= 5991396))

table 3 : explain SELECT DISTINCT c FROM sbtest3 WHERE id BETWEEN 9872471 AND 9872480 ORDER BY c
	Unique  (cost=44.03..44.08 rows=10 width=121)
	  ->  Sort  (cost=44.03..44.06 rows=10 width=121)
	        Sort Key: c
	        ->  Index Scan using sbtest3_pkey on sbtest3  (cost=0.43..43.87 rows=10 width=121)
	              Index Cond: ((id >= 9872471) AND (id <= 9872480))

table 4 : explain SELECT DISTINCT c FROM sbtest4 WHERE id BETWEEN 7299092 AND 7299101 ORDER BY c
	Unique  (cost=43.92..43.97 rows=10 width=121)
	  ->  Sort  (cost=43.92..43.94 rows=10 width=121)
	        Sort Key: c
	        ->  Index Scan using sbtest4_pkey on sbtest4  (cost=0.43..43.75 rows=10 width=121)
	              Index Cond: ((id >= 7299092) AND (id <= 7299101))

table 5 : explain SELECT DISTINCT c FROM sbtest5 WHERE id BETWEEN 6841619 AND 6841628 ORDER BY c
	Unique  (cost=43.95..44.00 rows=10 width=121)
	  ->  Sort  (cost=43.95..43.98 rows=10 width=121)
	        Sort Key: c
	        ->  Index Scan using sbtest5_pkey on sbtest5  (cost=0.43..43.79 rows=10 width=121)
	              Index Cond: ((id >= 6841619) AND (id <= 6841628))

table 6 : explain SELECT DISTINCT c FROM sbtest6 WHERE id BETWEEN 1175784 AND 1175793 ORDER BY c
	Unique  (cost=44.08..44.13 rows=10 width=121)
	  ->  Sort  (cost=44.08..44.11 rows=10 width=121)
	        Sort Key: c
	        ->  Index Scan using sbtest6_pkey on sbtest6  (cost=0.43..43.92 rows=10 width=121)
	              Index Cond: ((id >= 1175784) AND (id <= 1175793))

table 7 : explain SELECT DISTINCT c FROM sbtest7 WHERE id BETWEEN 5235032 AND 5235041 ORDER BY c
	Unique  (cost=39.97..40.02 rows=9 width=121)
	  ->  Sort  (cost=39.97..40.00 rows=9 width=121)
	        Sort Key: c
	        ->  Index Scan using sbtest7_pkey on sbtest7  (cost=0.43..39.83 rows=9 width=121)
	              Index Cond: ((id >= 5235032) AND (id <= 5235041))

table 8 : explain SELECT DISTINCT c FROM sbtest8 WHERE id BETWEEN 7604074 AND 7604083 ORDER BY c
	Unique  (cost=43.83..43.88 rows=10 width=121)
	  ->  Sort  (cost=43.83..43.85 rows=10 width=121)
	        Sort Key: c
	        ->  Index Scan using sbtest8_pkey on sbtest8  (cost=0.43..43.66 rows=10 width=121)
	              Index Cond: ((id >= 7604074) AND (id <= 7604083))

for: distinct_ranges
table 1 : explain SELECT DISTINCT c FROM sbtest1 WHERE id BETWEEN 2283698 AND 2283707 ORDER BY c
	Unique  (cost=47.99..48.05 rows=11 width=121)
	  ->  Sort  (cost=47.99..48.02 rows=11 width=121)
	        Sort Key: c
	        ->  Index Scan using sbtest1_pkey on sbtest1  (cost=0.43..47.80 rows=11 width=121)
	              Index Cond: ((id >= 2283698) AND (id <= 2283707))

table 2 : explain SELECT DISTINCT c FROM sbtest2 WHERE id BETWEEN 520489 AND 520498 ORDER BY c
	Unique  (cost=43.94..43.99 rows=10 width=121)
	  ->  Sort  (cost=43.94..43.97 rows=10 width=121)
	        Sort Key: c
	        ->  Index Scan using sbtest2_pkey on sbtest2  (cost=0.43..43.78 rows=10 width=121)
	              Index Cond: ((id >= 520489) AND (id <= 520498))

table 3 : explain SELECT DISTINCT c FROM sbtest3 WHERE id BETWEEN 370656 AND 370665 ORDER BY c
	Unique  (cost=40.07..40.12 rows=9 width=121)
	  ->  Sort  (cost=40.07..40.10 rows=9 width=121)
	        Sort Key: c
	        ->  Index Scan using sbtest3_pkey on sbtest3  (cost=0.43..39.93 rows=9 width=121)
	              Index Cond: ((id >= 370656) AND (id <= 370665))

table 4 : explain SELECT DISTINCT c FROM sbtest4 WHERE id BETWEEN 3908535 AND 3908544 ORDER BY c
	Unique  (cost=39.97..40.02 rows=9 width=121)
	  ->  Sort  (cost=39.97..40.00 rows=9 width=121)
	        Sort Key: c
	        ->  Index Scan using sbtest4_pkey on sbtest4  (cost=0.43..39.83 rows=9 width=121)
	              Index Cond: ((id >= 3908535) AND (id <= 3908544))

table 5 : explain SELECT DISTINCT c FROM sbtest5 WHERE id BETWEEN 9846045 AND 9846054 ORDER BY c
	Unique  (cost=43.95..44.00 rows=10 width=121)
	  ->  Sort  (cost=43.95..43.98 rows=10 width=121)
	        Sort Key: c
	        ->  Index Scan using sbtest5_pkey on sbtest5  (cost=0.43..43.79 rows=10 width=121)
	              Index Cond: ((id >= 9846045) AND (id <= 9846054))

table 6 : explain SELECT DISTINCT c FROM sbtest6 WHERE id BETWEEN 5590840 AND 5590849 ORDER BY c
	Unique  (cost=44.08..44.13 rows=10 width=121)
	  ->  Sort  (cost=44.08..44.11 rows=10 width=121)
	        Sort Key: c
	        ->  Index Scan using sbtest6_pkey on sbtest6  (cost=0.43..43.92 rows=10 width=121)
	              Index Cond: ((id >= 5590840) AND (id <= 5590849))

table 7 : explain SELECT DISTINCT c FROM sbtest7 WHERE id BETWEEN 5928562 AND 5928571 ORDER BY c
	Unique  (cost=43.92..43.97 rows=10 width=121)
	  ->  Sort  (cost=43.92..43.94 rows=10 width=121)
	        Sort Key: c
	        ->  Index Scan using sbtest7_pkey on sbtest7  (cost=0.43..43.75 rows=10 width=121)
	              Index Cond: ((id >= 5928562) AND (id <= 5928571))

table 8 : explain SELECT DISTINCT c FROM sbtest8 WHERE id BETWEEN 4334028 AND 4334037 ORDER BY c
	Unique  (cost=43.83..43.88 rows=10 width=121)
	  ->  Sort  (cost=43.83..43.85 rows=10 width=121)
	        Sort Key: c
	        ->  Index Scan using sbtest8_pkey on sbtest8  (cost=0.43..43.66 rows=10 width=121)
	              Index Cond: ((id >= 4334028) AND (id <= 4334037))

for: distinct_ranges
table 1 : explain SELECT DISTINCT c FROM sbtest1 WHERE id BETWEEN 8982831 AND 8982840 ORDER BY c
	Unique  (cost=47.99..48.05 rows=11 width=121)
	  ->  Sort  (cost=47.99..48.02 rows=11 width=121)
	        Sort Key: c
	        ->  Index Scan using sbtest1_pkey on sbtest1  (cost=0.43..47.80 rows=11 width=121)
	              Index Cond: ((id >= 8982831) AND (id <= 8982840))

table 2 : explain SELECT DISTINCT c FROM sbtest2 WHERE id BETWEEN 5327514 AND 5327523 ORDER BY c
	Unique  (cost=43.94..43.99 rows=10 width=121)
	  ->  Sort  (cost=43.94..43.97 rows=10 width=121)
	        Sort Key: c
	        ->  Index Scan using sbtest2_pkey on sbtest2  (cost=0.43..43.78 rows=10 width=121)
	              Index Cond: ((id >= 5327514) AND (id <= 5327523))

table 3 : explain SELECT DISTINCT c FROM sbtest3 WHERE id BETWEEN 9989612 AND 9989621 ORDER BY c
	Unique  (cost=44.03..44.08 rows=10 width=121)
	  ->  Sort  (cost=44.03..44.06 rows=10 width=121)
	        Sort Key: c
	        ->  Index Scan using sbtest3_pkey on sbtest3  (cost=0.43..43.87 rows=10 width=121)
	              Index Cond: ((id >= 9989612) AND (id <= 9989621))

table 4 : explain SELECT DISTINCT c FROM sbtest4 WHERE id BETWEEN 4522111 AND 4522120 ORDER BY c
	Unique  (cost=39.97..40.02 rows=9 width=121)
	  ->  Sort  (cost=39.97..40.00 rows=9 width=121)
	        Sort Key: c
	        ->  Index Scan using sbtest4_pkey on sbtest4  (cost=0.43..39.83 rows=9 width=121)
	              Index Cond: ((id >= 4522111) AND (id <= 4522120))

table 5 : explain SELECT DISTINCT c FROM sbtest5 WHERE id BETWEEN 6154466 AND 6154475 ORDER BY c
	Unique  (cost=43.95..44.00 rows=10 width=121)
	  ->  Sort  (cost=43.95..43.98 rows=10 width=121)
	        Sort Key: c
	        ->  Index Scan using sbtest5_pkey on sbtest5  (cost=0.43..43.79 rows=10 width=121)
	              Index Cond: ((id >= 6154466) AND (id <= 6154475))

table 6 : explain SELECT DISTINCT c FROM sbtest6 WHERE id BETWEEN 7637448 AND 7637457 ORDER BY c
	Unique  (cost=44.08..44.13 rows=10 width=121)
	  ->  Sort  (cost=44.08..44.11 rows=10 width=121)
	        Sort Key: c
	        ->  Index Scan using sbtest6_pkey on sbtest6  (cost=0.43..43.92 rows=10 width=121)
	              Index Cond: ((id >= 7637448) AND (id <= 7637457))

table 7 : explain SELECT DISTINCT c FROM sbtest7 WHERE id BETWEEN 2066339 AND 2066348 ORDER BY c
	Unique  (cost=39.97..40.02 rows=9 width=121)
	  ->  Sort  (cost=39.97..40.00 rows=9 width=121)
	        Sort Key: c
	        ->  Index Scan using sbtest7_pkey on sbtest7  (cost=0.43..39.83 rows=9 width=121)
	              Index Cond: ((id >= 2066339) AND (id <= 2066348))

table 8 : explain SELECT DISTINCT c FROM sbtest8 WHERE id BETWEEN 6807373 AND 6807382 ORDER BY c
	Unique  (cost=47.76..47.82 rows=11 width=121)
	  ->  Sort  (cost=47.76..47.79 rows=11 width=121)
	        Sort Key: c
	        ->  Index Scan using sbtest8_pkey on sbtest8  (cost=0.43..47.57 rows=11 width=121)
	              Index Cond: ((id >= 6807373) AND (id <= 6807382))

for: distinct_ranges
table 1 : explain SELECT DISTINCT c FROM sbtest1 WHERE id BETWEEN 2097026 AND 2097035 ORDER BY c
	Unique  (cost=44.04..44.09 rows=10 width=121)
	  ->  Sort  (cost=44.04..44.06 rows=10 width=121)
	        Sort Key: c
	        ->  Index Scan using sbtest1_pkey on sbtest1  (cost=0.43..43.87 rows=10 width=121)
	              Index Cond: ((id >= 2097026) AND (id <= 2097035))

table 2 : explain SELECT DISTINCT c FROM sbtest2 WHERE id BETWEEN 5299775 AND 5299784 ORDER BY c
	Unique  (cost=43.94..43.99 rows=10 width=121)
	  ->  Sort  (cost=43.94..43.97 rows=10 width=121)
	        Sort Key: c
	        ->  Index Scan using sbtest2_pkey on sbtest2  (cost=0.43..43.78 rows=10 width=121)
	              Index Cond: ((id >= 5299775) AND (id <= 5299784))

table 3 : explain SELECT DISTINCT c FROM sbtest3 WHERE id BETWEEN 1760469 AND 1760478 ORDER BY c
	Unique  (cost=47.99..48.04 rows=11 width=121)
	  ->  Sort  (cost=47.99..48.02 rows=11 width=121)
	        Sort Key: c
	        ->  Index Scan using sbtest3_pkey on sbtest3  (cost=0.43..47.80 rows=11 width=121)
	              Index Cond: ((id >= 1760469) AND (id <= 1760478))

table 4 : explain SELECT DISTINCT c FROM sbtest4 WHERE id BETWEEN 480477 AND 480486 ORDER BY c
	Unique  (cost=43.92..43.97 rows=10 width=121)
	  ->  Sort  (cost=43.92..43.94 rows=10 width=121)
	        Sort Key: c
	        ->  Index Scan using sbtest4_pkey on sbtest4  (cost=0.43..43.75 rows=10 width=121)
	              Index Cond: ((id >= 480477) AND (id <= 480486))

table 5 : explain SELECT DISTINCT c FROM sbtest5 WHERE id BETWEEN 772092 AND 772101 ORDER BY c
	Unique  (cost=47.91..47.96 rows=11 width=121)
	  ->  Sort  (cost=47.91..47.93 rows=11 width=121)
	        Sort Key: c
	        ->  Index Scan using sbtest5_pkey on sbtest5  (cost=0.43..47.71 rows=11 width=121)
	              Index Cond: ((id >= 772092) AND (id <= 772101))

table 6 : explain SELECT DISTINCT c FROM sbtest6 WHERE id BETWEEN 5437006 AND 5437015 ORDER BY c
	Unique  (cost=40.12..40.16 rows=9 width=121)
	  ->  Sort  (cost=40.12..40.14 rows=9 width=121)
	        Sort Key: c
	        ->  Index Scan using sbtest6_pkey on sbtest6  (cost=0.43..39.98 rows=9 width=121)
	              Index Cond: ((id >= 5437006) AND (id <= 5437015))

table 7 : explain SELECT DISTINCT c FROM sbtest7 WHERE id BETWEEN 1238802 AND 1238811 ORDER BY c
	Unique  (cost=43.92..43.97 rows=10 width=121)
	  ->  Sort  (cost=43.92..43.94 rows=10 width=121)
	        Sort Key: c
	        ->  Index Scan using sbtest7_pkey on sbtest7  (cost=0.43..43.75 rows=10 width=121)
	              Index Cond: ((id >= 1238802) AND (id <= 1238811))

table 8 : explain SELECT DISTINCT c FROM sbtest8 WHERE id BETWEEN 7045845 AND 7045854 ORDER BY c
	Unique  (cost=43.83..43.88 rows=10 width=121)
	  ->  Sort  (cost=43.83..43.85 rows=10 width=121)
	        Sort Key: c
	        ->  Index Scan using sbtest8_pkey on sbtest8  (cost=0.43..43.66 rows=10 width=121)
	              Index Cond: ((id >= 7045845) AND (id <= 7045854))

for: distinct_ranges
table 1 : explain SELECT DISTINCT c FROM sbtest1 WHERE id BETWEEN 9697176 AND 9697185 ORDER BY c
	Unique  (cost=44.04..44.09 rows=10 width=121)
	  ->  Sort  (cost=44.04..44.06 rows=10 width=121)
	        Sort Key: c
	        ->  Index Scan using sbtest1_pkey on sbtest1  (cost=0.43..43.87 rows=10 width=121)
	              Index Cond: ((id >= 9697176) AND (id <= 9697185))

table 2 : explain SELECT DISTINCT c FROM sbtest2 WHERE id BETWEEN 6555896 AND 6555905 ORDER BY c
	Unique  (cost=43.94..43.99 rows=10 width=121)
	  ->  Sort  (cost=43.94..43.97 rows=10 width=121)
	        Sort Key: c
	        ->  Index Scan using sbtest2_pkey on sbtest2  (cost=0.43..43.78 rows=10 width=121)
	              Index Cond: ((id >= 6555896) AND (id <= 6555905))

table 3 : explain SELECT DISTINCT c FROM sbtest3 WHERE id BETWEEN 4820807 AND 4820816 ORDER BY c
	Unique  (cost=40.07..40.12 rows=9 width=121)
	  ->  Sort  (cost=40.07..40.10 rows=9 width=121)
	        Sort Key: c
	        ->  Index Scan using sbtest3_pkey on sbtest3  (cost=0.43..39.93 rows=9 width=121)
	              Index Cond: ((id >= 4820807) AND (id <= 4820816))

table 4 : explain SELECT DISTINCT c FROM sbtest4 WHERE id BETWEEN 6008559 AND 6008568 ORDER BY c
	Unique  (cost=47.86..47.92 rows=11 width=121)
	  ->  Sort  (cost=47.86..47.89 rows=11 width=121)
	        Sort Key: c
	        ->  Index Scan using sbtest4_pkey on sbtest4  (cost=0.43..47.67 rows=11 width=121)
	              Index Cond: ((id >= 6008559) AND (id <= 6008568))

table 5 : explain SELECT DISTINCT c FROM sbtest5 WHERE id BETWEEN 8422148 AND 8422157 ORDER BY c
	Unique  (cost=43.95..44.00 rows=10 width=121)
	  ->  Sort  (cost=43.95..43.98 rows=10 width=121)
	        Sort Key: c
	        ->  Index Scan using sbtest5_pkey on sbtest5  (cost=0.43..43.79 rows=10 width=121)
	              Index Cond: ((id >= 8422148) AND (id <= 8422157))

table 6 : explain SELECT DISTINCT c FROM sbtest6 WHERE id BETWEEN 8164861 AND 8164870 ORDER BY c
	Unique  (cost=44.08..44.13 rows=10 width=121)
	  ->  Sort  (cost=44.08..44.11 rows=10 width=121)
	        Sort Key: c
	        ->  Index Scan using sbtest6_pkey on sbtest6  (cost=0.43..43.92 rows=10 width=121)
	              Index Cond: ((id >= 8164861) AND (id <= 8164870))

table 7 : explain SELECT DISTINCT c FROM sbtest7 WHERE id BETWEEN 9234542 AND 9234551 ORDER BY c
	Unique  (cost=43.92..43.97 rows=10 width=121)
	  ->  Sort  (cost=43.92..43.94 rows=10 width=121)
	        Sort Key: c
	        ->  Index Scan using sbtest7_pkey on sbtest7  (cost=0.43..43.75 rows=10 width=121)
	              Index Cond: ((id >= 9234542) AND (id <= 9234551))

table 8 : explain SELECT DISTINCT c FROM sbtest8 WHERE id BETWEEN 748362 AND 748371 ORDER BY c
	Unique  (cost=39.89..39.94 rows=9 width=121)
	  ->  Sort  (cost=39.89..39.92 rows=9 width=121)
	        Sort Key: c
	        ->  Index Scan using sbtest8_pkey on sbtest8  (cost=0.43..39.75 rows=9 width=121)
	              Index Cond: ((id >= 748362) AND (id <= 748371))

for: distinct_ranges
table 1 : explain SELECT DISTINCT c FROM sbtest1 WHERE id BETWEEN 1311447 AND 1311456 ORDER BY c
	Unique  (cost=44.04..44.09 rows=10 width=121)
	  ->  Sort  (cost=44.04..44.06 rows=10 width=121)
	        Sort Key: c
	        ->  Index Scan using sbtest1_pkey on sbtest1  (cost=0.43..43.87 rows=10 width=121)
	              Index Cond: ((id >= 1311447) AND (id <= 1311456))

table 2 : explain SELECT DISTINCT c FROM sbtest2 WHERE id BETWEEN 3395098 AND 3395107 ORDER BY c
	Unique  (cost=43.94..43.99 rows=10 width=121)
	  ->  Sort  (cost=43.94..43.97 rows=10 width=121)
	        Sort Key: c
	        ->  Index Scan using sbtest2_pkey on sbtest2  (cost=0.43..43.78 rows=10 width=121)
	              Index Cond: ((id >= 3395098) AND (id <= 3395107))

table 3 : explain SELECT DISTINCT c FROM sbtest3 WHERE id BETWEEN 5142869 AND 5142878 ORDER BY c
	Unique  (cost=44.03..44.08 rows=10 width=121)
	  ->  Sort  (cost=44.03..44.06 rows=10 width=121)
	        Sort Key: c
	        ->  Index Scan using sbtest3_pkey on sbtest3  (cost=0.43..43.87 rows=10 width=121)
	              Index Cond: ((id >= 5142869) AND (id <= 5142878))

table 4 : explain SELECT DISTINCT c FROM sbtest4 WHERE id BETWEEN 9161655 AND 9161664 ORDER BY c
	Unique  (cost=43.92..43.97 rows=10 width=121)
	  ->  Sort  (cost=43.92..43.94 rows=10 width=121)
	        Sort Key: c
	        ->  Index Scan using sbtest4_pkey on sbtest4  (cost=0.43..43.75 rows=10 width=121)
	              Index Cond: ((id >= 9161655) AND (id <= 9161664))

table 5 : explain SELECT DISTINCT c FROM sbtest5 WHERE id BETWEEN 4447467 AND 4447476 ORDER BY c
	Unique  (cost=43.95..44.00 rows=10 width=121)
	  ->  Sort  (cost=43.95..43.98 rows=10 width=121)
	        Sort Key: c
	        ->  Index Scan using sbtest5_pkey on sbtest5  (cost=0.43..43.79 rows=10 width=121)
	              Index Cond: ((id >= 4447467) AND (id <= 4447476))

table 6 : explain SELECT DISTINCT c FROM sbtest6 WHERE id BETWEEN 492533 AND 492542 ORDER BY c
	Unique  (cost=40.12..40.16 rows=9 width=121)
	  ->  Sort  (cost=40.12..40.14 rows=9 width=121)
	        Sort Key: c
	        ->  Index Scan using sbtest6_pkey on sbtest6  (cost=0.43..39.98 rows=9 width=121)
	              Index Cond: ((id >= 492533) AND (id <= 492542))

table 7 : explain SELECT DISTINCT c FROM sbtest7 WHERE id BETWEEN 2034382 AND 2034391 ORDER BY c
	Unique  (cost=39.97..40.02 rows=9 width=121)
	  ->  Sort  (cost=39.97..40.00 rows=9 width=121)
	        Sort Key: c
	        ->  Index Scan using sbtest7_pkey on sbtest7  (cost=0.43..39.83 rows=9 width=121)
	              Index Cond: ((id >= 2034382) AND (id <= 2034391))

table 8 : explain SELECT DISTINCT c FROM sbtest8 WHERE id BETWEEN 7913296 AND 7913305 ORDER BY c
	Unique  (cost=43.83..43.88 rows=10 width=121)
	  ->  Sort  (cost=43.83..43.85 rows=10 width=121)
	        Sort Key: c
	        ->  Index Scan using sbtest8_pkey on sbtest8  (cost=0.43..43.66 rows=10 width=121)
	              Index Cond: ((id >= 7913296) AND (id <= 7913305))

for: distinct_ranges
table 1 : explain SELECT DISTINCT c FROM sbtest1 WHERE id BETWEEN 7608665 AND 7608674 ORDER BY c
	Unique  (cost=44.04..44.09 rows=10 width=121)
	  ->  Sort  (cost=44.04..44.06 rows=10 width=121)
	        Sort Key: c
	        ->  Index Scan using sbtest1_pkey on sbtest1  (cost=0.43..43.87 rows=10 width=121)
	              Index Cond: ((id >= 7608665) AND (id <= 7608674))

table 2 : explain SELECT DISTINCT c FROM sbtest2 WHERE id BETWEEN 2877108 AND 2877117 ORDER BY c
	Unique  (cost=43.94..43.99 rows=10 width=121)
	  ->  Sort  (cost=43.94..43.97 rows=10 width=121)
	        Sort Key: c
	        ->  Index Scan using sbtest2_pkey on sbtest2  (cost=0.43..43.78 rows=10 width=121)
	              Index Cond: ((id >= 2877108) AND (id <= 2877117))

table 3 : explain SELECT DISTINCT c FROM sbtest3 WHERE id BETWEEN 7326052 AND 7326061 ORDER BY c
	Unique  (cost=47.99..48.04 rows=11 width=121)
	  ->  Sort  (cost=47.99..48.02 rows=11 width=121)
	        Sort Key: c
	        ->  Index Scan using sbtest3_pkey on sbtest3  (cost=0.43..47.80 rows=11 width=121)
	              Index Cond: ((id >= 7326052) AND (id <= 7326061))

table 4 : explain SELECT DISTINCT c FROM sbtest4 WHERE id BETWEEN 2710381 AND 2710390 ORDER BY c
	Unique  (cost=43.92..43.97 rows=10 width=121)
	  ->  Sort  (cost=43.92..43.94 rows=10 width=121)
	        Sort Key: c
	        ->  Index Scan using sbtest4_pkey on sbtest4  (cost=0.43..43.75 rows=10 width=121)
	              Index Cond: ((id >= 2710381) AND (id <= 2710390))

table 5 : explain SELECT DISTINCT c FROM sbtest5 WHERE id BETWEEN 4113346 AND 4113355 ORDER BY c
	Unique  (cost=43.95..44.00 rows=10 width=121)
	  ->  Sort  (cost=43.95..43.98 rows=10 width=121)
	        Sort Key: c
	        ->  Index Scan using sbtest5_pkey on sbtest5  (cost=0.43..43.79 rows=10 width=121)
	              Index Cond: ((id >= 4113346) AND (id <= 4113355))

table 6 : explain SELECT DISTINCT c FROM sbtest6 WHERE id BETWEEN 9084980 AND 9084989 ORDER BY c
	Unique  (cost=48.05..48.10 rows=11 width=121)
	  ->  Sort  (cost=48.05..48.07 rows=11 width=121)
	        Sort Key: c
	        ->  Index Scan using sbtest6_pkey on sbtest6  (cost=0.43..47.86 rows=11 width=121)
	              Index Cond: ((id >= 9084980) AND (id <= 9084989))

table 7 : explain SELECT DISTINCT c FROM sbtest7 WHERE id BETWEEN 1612984 AND 1612993 ORDER BY c
	Unique  (cost=47.86..47.92 rows=11 width=121)
	  ->  Sort  (cost=47.86..47.89 rows=11 width=121)
	        Sort Key: c
	        ->  Index Scan using sbtest7_pkey on sbtest7  (cost=0.43..47.67 rows=11 width=121)
	              Index Cond: ((id >= 1612984) AND (id <= 1612993))

table 8 : explain SELECT DISTINCT c FROM sbtest8 WHERE id BETWEEN 8628552 AND 8628561 ORDER BY c
	Unique  (cost=43.83..43.88 rows=10 width=121)
	  ->  Sort  (cost=43.83..43.85 rows=10 width=121)
	        Sort Key: c
	        ->  Index Scan using sbtest8_pkey on sbtest8  (cost=0.43..43.66 rows=10 width=121)
	              Index Cond: ((id >= 8628552) AND (id <= 8628561))

for: distinct_ranges
table 1 : explain SELECT DISTINCT c FROM sbtest1 WHERE id BETWEEN 8468089 AND 8468098 ORDER BY c
	Unique  (cost=44.04..44.09 rows=10 width=121)
	  ->  Sort  (cost=44.04..44.06 rows=10 width=121)
	        Sort Key: c
	        ->  Index Scan using sbtest1_pkey on sbtest1  (cost=0.43..43.87 rows=10 width=121)
	              Index Cond: ((id >= 8468089) AND (id <= 8468098))

table 2 : explain SELECT DISTINCT c FROM sbtest2 WHERE id BETWEEN 5274766 AND 5274775 ORDER BY c
	Unique  (cost=43.94..43.99 rows=10 width=121)
	  ->  Sort  (cost=43.94..43.97 rows=10 width=121)
	        Sort Key: c
	        ->  Index Scan using sbtest2_pkey on sbtest2  (cost=0.43..43.78 rows=10 width=121)
	              Index Cond: ((id >= 5274766) AND (id <= 5274775))

table 3 : explain SELECT DISTINCT c FROM sbtest3 WHERE id BETWEEN 3854170 AND 3854179 ORDER BY c
	Unique  (cost=44.03..44.08 rows=10 width=121)
	  ->  Sort  (cost=44.03..44.06 rows=10 width=121)
	        Sort Key: c
	        ->  Index Scan using sbtest3_pkey on sbtest3  (cost=0.43..43.87 rows=10 width=121)
	              Index Cond: ((id >= 3854170) AND (id <= 3854179))

table 4 : explain SELECT DISTINCT c FROM sbtest4 WHERE id BETWEEN 8707316 AND 8707325 ORDER BY c
	Unique  (cost=47.86..47.92 rows=11 width=121)
	  ->  Sort  (cost=47.86..47.89 rows=11 width=121)
	        Sort Key: c
	        ->  Index Scan using sbtest4_pkey on sbtest4  (cost=0.43..47.67 rows=11 width=121)
	              Index Cond: ((id >= 8707316) AND (id <= 8707325))

table 5 : explain SELECT DISTINCT c FROM sbtest5 WHERE id BETWEEN 9376548 AND 9376557 ORDER BY c
	Unique  (cost=40.01..40.05 rows=9 width=121)
	  ->  Sort  (cost=40.01..40.03 rows=9 width=121)
	        Sort Key: c
	        ->  Index Scan using sbtest5_pkey on sbtest5  (cost=0.43..39.86 rows=9 width=121)
	              Index Cond: ((id >= 9376548) AND (id <= 9376557))

table 6 : explain SELECT DISTINCT c FROM sbtest6 WHERE id BETWEEN 6823176 AND 6823185 ORDER BY c
	Unique  (cost=44.08..44.13 rows=10 width=121)
	  ->  Sort  (cost=44.08..44.11 rows=10 width=121)
	        Sort Key: c
	        ->  Index Scan using sbtest6_pkey on sbtest6  (cost=0.43..43.92 rows=10 width=121)
	              Index Cond: ((id >= 6823176) AND (id <= 6823185))

table 7 : explain SELECT DISTINCT c FROM sbtest7 WHERE id BETWEEN 3213917 AND 3213926 ORDER BY c
	Unique  (cost=43.92..43.97 rows=10 width=121)
	  ->  Sort  (cost=43.92..43.94 rows=10 width=121)
	        Sort Key: c
	        ->  Index Scan using sbtest7_pkey on sbtest7  (cost=0.43..43.75 rows=10 width=121)
	              Index Cond: ((id >= 3213917) AND (id <= 3213926))

table 8 : explain SELECT DISTINCT c FROM sbtest8 WHERE id BETWEEN 914959 AND 914968 ORDER BY c
	Unique  (cost=43.83..43.88 rows=10 width=121)
	  ->  Sort  (cost=43.83..43.85 rows=10 width=121)
	        Sort Key: c
	        ->  Index Scan using sbtest8_pkey on sbtest8  (cost=0.43..43.66 rows=10 width=121)
	              Index Cond: ((id >= 914959) AND (id <= 914968))

for: distinct_ranges
table 1 : explain SELECT DISTINCT c FROM sbtest1 WHERE id BETWEEN 4904516 AND 4904525 ORDER BY c
	Unique  (cost=44.04..44.09 rows=10 width=121)
	  ->  Sort  (cost=44.04..44.06 rows=10 width=121)
	        Sort Key: c
	        ->  Index Scan using sbtest1_pkey on sbtest1  (cost=0.43..43.87 rows=10 width=121)
	              Index Cond: ((id >= 4904516) AND (id <= 4904525))

table 2 : explain SELECT DISTINCT c FROM sbtest2 WHERE id BETWEEN 188340 AND 188349 ORDER BY c
	Unique  (cost=43.94..43.99 rows=10 width=121)
	  ->  Sort  (cost=43.94..43.97 rows=10 width=121)
	        Sort Key: c
	        ->  Index Scan using sbtest2_pkey on sbtest2  (cost=0.43..43.78 rows=10 width=121)
	              Index Cond: ((id >= 188340) AND (id <= 188349))

table 3 : explain SELECT DISTINCT c FROM sbtest3 WHERE id BETWEEN 3216927 AND 3216936 ORDER BY c
	Unique  (cost=40.07..40.12 rows=9 width=121)
	  ->  Sort  (cost=40.07..40.10 rows=9 width=121)
	        Sort Key: c
	        ->  Index Scan using sbtest3_pkey on sbtest3  (cost=0.43..39.93 rows=9 width=121)
	              Index Cond: ((id >= 3216927) AND (id <= 3216936))

table 4 : explain SELECT DISTINCT c FROM sbtest4 WHERE id BETWEEN 9196203 AND 9196212 ORDER BY c
	Unique  (cost=43.92..43.97 rows=10 width=121)
	  ->  Sort  (cost=43.92..43.94 rows=10 width=121)
	        Sort Key: c
	        ->  Index Scan using sbtest4_pkey on sbtest4  (cost=0.43..43.75 rows=10 width=121)
	              Index Cond: ((id >= 9196203) AND (id <= 9196212))

table 5 : explain SELECT DISTINCT c FROM sbtest5 WHERE id BETWEEN 15983 AND 15992 ORDER BY c
	Unique  (cost=43.95..44.00 rows=10 width=121)
	  ->  Sort  (cost=43.95..43.98 rows=10 width=121)
	        Sort Key: c
	        ->  Index Scan using sbtest5_pkey on sbtest5  (cost=0.43..43.79 rows=10 width=121)
	              Index Cond: ((id >= 15983) AND (id <= 15992))

table 6 : explain SELECT DISTINCT c FROM sbtest6 WHERE id BETWEEN 6495414 AND 6495423 ORDER BY c
	Unique  (cost=44.08..44.13 rows=10 width=121)
	  ->  Sort  (cost=44.08..44.11 rows=10 width=121)
	        Sort Key: c
	        ->  Index Scan using sbtest6_pkey on sbtest6  (cost=0.43..43.92 rows=10 width=121)
	              Index Cond: ((id >= 6495414) AND (id <= 6495423))

table 7 : explain SELECT DISTINCT c FROM sbtest7 WHERE id BETWEEN 5367043 AND 5367052 ORDER BY c
	Unique  (cost=39.97..40.02 rows=9 width=121)
	  ->  Sort  (cost=39.97..40.00 rows=9 width=121)
	        Sort Key: c
	        ->  Index Scan using sbtest7_pkey on sbtest7  (cost=0.43..39.83 rows=9 width=121)
	              Index Cond: ((id >= 5367043) AND (id <= 5367052))

table 8 : explain SELECT DISTINCT c FROM sbtest8 WHERE id BETWEEN 4772274 AND 4772283 ORDER BY c
	Unique  (cost=43.83..43.88 rows=10 width=121)
	  ->  Sort  (cost=43.83..43.85 rows=10 width=121)
	        Sort Key: c
	        ->  Index Scan using sbtest8_pkey on sbtest8  (cost=0.43..43.66 rows=10 width=121)
	              Index Cond: ((id >= 4772274) AND (id <= 4772283))

for: distinct_ranges
table 1 : explain SELECT DISTINCT c FROM sbtest1 WHERE id BETWEEN 8758389 AND 8758398 ORDER BY c
	Unique  (cost=44.04..44.09 rows=10 width=121)
	  ->  Sort  (cost=44.04..44.06 rows=10 width=121)
	        Sort Key: c
	        ->  Index Scan using sbtest1_pkey on sbtest1  (cost=0.43..43.87 rows=10 width=121)
	              Index Cond: ((id >= 8758389) AND (id <= 8758398))

table 2 : explain SELECT DISTINCT c FROM sbtest2 WHERE id BETWEEN 5391813 AND 5391822 ORDER BY c
	Unique  (cost=43.94..43.99 rows=10 width=121)
	  ->  Sort  (cost=43.94..43.97 rows=10 width=121)
	        Sort Key: c
	        ->  Index Scan using sbtest2_pkey on sbtest2  (cost=0.43..43.78 rows=10 width=121)
	              Index Cond: ((id >= 5391813) AND (id <= 5391822))

table 3 : explain SELECT DISTINCT c FROM sbtest3 WHERE id BETWEEN 5832328 AND 5832337 ORDER BY c
	Unique  (cost=44.03..44.08 rows=10 width=121)
	  ->  Sort  (cost=44.03..44.06 rows=10 width=121)
	        Sort Key: c
	        ->  Index Scan using sbtest3_pkey on sbtest3  (cost=0.43..43.87 rows=10 width=121)
	              Index Cond: ((id >= 5832328) AND (id <= 5832337))

table 4 : explain SELECT DISTINCT c FROM sbtest4 WHERE id BETWEEN 5112868 AND 5112877 ORDER BY c
	Unique  (cost=47.86..47.92 rows=11 width=121)
	  ->  Sort  (cost=47.86..47.89 rows=11 width=121)
	        Sort Key: c
	        ->  Index Scan using sbtest4_pkey on sbtest4  (cost=0.43..47.67 rows=11 width=121)
	              Index Cond: ((id >= 5112868) AND (id <= 5112877))

table 5 : explain SELECT DISTINCT c FROM sbtest5 WHERE id BETWEEN 4375298 AND 4375307 ORDER BY c
	Unique  (cost=43.95..44.00 rows=10 width=121)
	  ->  Sort  (cost=43.95..43.98 rows=10 width=121)
	        Sort Key: c
	        ->  Index Scan using sbtest5_pkey on sbtest5  (cost=0.43..43.79 rows=10 width=121)
	              Index Cond: ((id >= 4375298) AND (id <= 4375307))

table 6 : explain SELECT DISTINCT c FROM sbtest6 WHERE id BETWEEN 7612796 AND 7612805 ORDER BY c
	Unique  (cost=48.05..48.10 rows=11 width=121)
	  ->  Sort  (cost=48.05..48.07 rows=11 width=121)
	        Sort Key: c
	        ->  Index Scan using sbtest6_pkey on sbtest6  (cost=0.43..47.86 rows=11 width=121)
	              Index Cond: ((id >= 7612796) AND (id <= 7612805))

table 7 : explain SELECT DISTINCT c FROM sbtest7 WHERE id BETWEEN 406806 AND 406815 ORDER BY c
	Unique  (cost=39.97..40.02 rows=9 width=121)
	  ->  Sort  (cost=39.97..40.00 rows=9 width=121)
	        Sort Key: c
	        ->  Index Scan using sbtest7_pkey on sbtest7  (cost=0.43..39.83 rows=9 width=121)
	              Index Cond: ((id >= 406806) AND (id <= 406815))

table 8 : explain SELECT DISTINCT c FROM sbtest8 WHERE id BETWEEN 2494645 AND 2494654 ORDER BY c
	Unique  (cost=43.83..43.88 rows=10 width=121)
	  ->  Sort  (cost=43.83..43.85 rows=10 width=121)
	        Sort Key: c
	        ->  Index Scan using sbtest8_pkey on sbtest8  (cost=0.43..43.66 rows=10 width=121)
	              Index Cond: ((id >= 2494645) AND (id <= 2494654))

Threads started!

Warming up for 5 seconds...

SQL statistics:
    queries performed:
        read:                            452606189
        write:                           0
        other:                           64658032
        total:                           517264221
    transactions:                        32329034 (51315.28 per sec.)
    queries:                             517264221 (821044.00 per sec.)
    ignored errors:                      0      (0.00 per sec.)
    reconnects:                          0      (0.00 per sec.)

Throughput:
    events/s (eps):                      51315.2823
    time elapsed:                        630.0080s
    total number of events:              32329034

Latency (ms):
         min:                                    0.68
         avg:                                    0.78
         max:                                   16.90
         95th percentile:                        0.84
         sum:                             25170852.97

Threads fairness:
    events (avg/stddev):           808225.0500/4821.51
    execution time (avg/stddev):   629.2713/0.01

