LUA_PATH=/home/mdcallag/git/mytools/bench/sysbench.lua/lua/?.lua /home/mdcallag/git/mytools/bench/sysbench.lua/lua/sysbench --db-driver=pgsql --range-size=100 --table-size=10000000 --tables=8 --threads=40 --events=0 --warmup-time=5 --time=930 --pgsql_conn_id=true /home/mdcallag/git/mytools/bench/sysbench.lua/lua/oltp_read_write.lua run --pgsql-user=root --pgsql-password=pw --pgsql-host=127.0.0.1 --pgsql-db=ib --rand-type=uniform
48 CPUs
sysbench 1.1.0-9072687 (using bundled LuaJIT 2.1.0-beta3)

Running the test with following options:
Number of threads: 40
Warmup time: 5s
Initializing random number generator from current time


Initializing worker threads...

explain: for point_selects :: explain SELECT c FROM sbtest%u WHERE id=%u
explain: for point_selects :: explain SELECT c FROM sbtest%u WHERE id=%u
explain: for point_selects :: explain SELECT c FROM sbtest%u WHERE id=%u
explain: for point_selects :: explain SELECT c FROM sbtest%u WHERE id=%u
explain: for point_selects :: explain SELECT c FROM sbtest%u WHERE id=%u
explain: for point_selects :: explain SELECT c FROM sbtest%u WHERE id=%u
for point_selects
table 1 : explain SELECT c FROM sbtest1 WHERE id=2035487
	Index Scan using sbtest1_pkey on sbtest1  (cost=0.43..8.45 rows=1 width=121)
	  Index Cond: (id = 2035487)

table 2 : explain SELECT c FROM sbtest2 WHERE id=1127781
	Index Scan using sbtest2_pkey on sbtest2  (cost=0.43..8.45 rows=1 width=121)
	  Index Cond: (id = 1127781)

table 3 : explain SELECT c FROM sbtest3 WHERE id=2847313
	Index Scan using sbtest3_pkey on sbtest3  (cost=0.43..8.45 rows=1 width=121)
	  Index Cond: (id = 2847313)

table 4 : explain SELECT c FROM sbtest4 WHERE id=912446
	Index Scan using sbtest4_pkey on sbtest4  (cost=0.43..8.45 rows=1 width=121)
	  Index Cond: (id = 912446)

table 5 : explain SELECT c FROM sbtest5 WHERE id=2163310
	Index Scan using sbtest5_pkey on sbtest5  (cost=0.43..8.45 rows=1 width=121)
	  Index Cond: (id = 2163310)

table 6 : explain SELECT c FROM sbtest6 WHERE id=8142356
	Index Scan using sbtest6_pkey on sbtest6  (cost=0.43..8.45 rows=1 width=121)
	  Index Cond: (id = 8142356)

table 7 : explain SELECT c FROM sbtest7 WHERE id=7124742
	Index Scan using sbtest7_pkey on sbtest7  (cost=0.43..8.45 rows=1 width=121)
	  Index Cond: (id = 7124742)

table 8 : explain SELECT c FROM sbtest8 WHERE id=3135827
	Index Scan using sbtest8_pkey on sbtest8  (cost=0.43..8.45 rows=1 width=121)
	  Index Cond: (id = 3135827)

for point_selects
table 1 : explain SELECT c FROM sbtest1 WHERE id=6941602
	Index Scan using sbtest1_pkey on sbtest1  (cost=0.43..8.45 rows=1 width=121)
	  Index Cond: (id = 6941602)

table 2 : explain SELECT c FROM sbtest2 WHERE id=6693730
	Index Scan using sbtest2_pkey on sbtest2  (cost=0.43..8.45 rows=1 width=121)
	  Index Cond: (id = 6693730)

table 3 : explain SELECT c FROM sbtest3 WHERE id=4965410
	Index Scan using sbtest3_pkey on sbtest3  (cost=0.43..8.45 rows=1 width=121)
	  Index Cond: (id = 4965410)

table 4 : explain SELECT c FROM sbtest4 WHERE id=5047161
	Index Scan using sbtest4_pkey on sbtest4  (cost=0.43..8.45 rows=1 width=121)
	  Index Cond: (id = 5047161)

table 5 : explain SELECT c FROM sbtest5 WHERE id=4813989
	Index Scan using sbtest5_pkey on sbtest5  (cost=0.43..8.45 rows=1 width=121)
	  Index Cond: (id = 4813989)

table 6 : explain SELECT c FROM sbtest6 WHERE id=3769593
	Index Scan using sbtest6_pkey on sbtest6  (cost=0.43..8.45 rows=1 width=121)
	  Index Cond: (id = 3769593)

table 7 : explain SELECT c FROM sbtest7 WHERE id=8727542
	Index Scan using sbtest7_pkey on sbtest7  (cost=0.43..8.45 rows=1 width=121)
	  Index Cond: (id = 8727542)

table 8 : explain SELECT c FROM sbtest8 WHERE id=6021926
	Index Scan using sbtest8_pkey on sbtest8  (cost=0.43..8.45 rows=1 width=121)
	  Index Cond: (id = 6021926)

for: simple_ranges
table 1 : explain SELECT c FROM sbtest1 WHERE id BETWEEN 9009133 AND 9009232
	Index Scan using sbtest1_pkey on sbtest1  (cost=0.43..400.33 rows=104 width=121)
	  Index Cond: ((id >= 9009133) AND (id <= 9009232))

table 2 : explain SELECT c FROM sbtest2 WHERE id BETWEEN 9896914 AND 9897013
	Index Scan using sbtest2_pkey on sbtest2  (cost=0.43..399.72 rows=104 width=121)
	  Index Cond: ((id >= 9896914) AND (id <= 9897013))

table 3 : explain SELECT c FROM sbtest3 WHERE id BETWEEN 4685749 AND 4685848
	Index Scan using sbtest3_pkey on sbtest3  (cost=0.43..371.69 rows=97 width=121)
	  Index Cond: ((id >= 4685749) AND (id <= 4685848))

table 4 : explain SELECT c FROM sbtest4 WHERE id BETWEEN 4011223 AND 4011322
	Index Scan using sbtest4_pkey on sbtest4  (cost=0.43..373.01 rows=97 width=121)
	  Index Cond: ((id >= 4011223) AND (id <= 4011322))

table 5 : explain SELECT c FROM sbtest5 WHERE id BETWEEN 4402825 AND 4402924
	Index Scan using sbtest5_pkey on sbtest5  (cost=0.43..416.26 rows=108 width=121)
	  Index Cond: ((id >= 4402825) AND (id <= 4402924))

table 6 : explain SELECT c FROM sbtest6 WHERE id BETWEEN 8175713 AND 8175812
	Index Scan using sbtest6_pkey on sbtest6  (cost=0.43..342.18 rows=89 width=121)
	  Index Cond: ((id >= 8175713) AND (id <= 8175812))

table 7 : explain SELECT c FROM sbtest7 WHERE id BETWEEN 2425062 AND 2425161
	Index Scan using sbtest7_pkey on sbtest7  (cost=0.43..415.15 rows=108 width=121)
	  Index Cond: ((id >= 2425062) AND (id <= 2425161))

table 8 : explain SELECT c FROM sbtest8 WHERE id BETWEEN 5285978 AND 5286077
	Index Scan using sbtest8_pkey on sbtest8  (cost=0.43..374.93 rows=97 width=121)
	  Index Cond: ((id >= 5285978) AND (id <= 5286077))

for: simple_ranges
table 1 : explain SELECT c FROM sbtest1 WHERE id BETWEEN 1320129 AND 1320228
	Index Scan using sbtest1_pkey on sbtest1  (cost=0.43..373.66 rows=97 width=121)
	  Index Cond: ((id >= 1320129) AND (id <= 1320228))

table 2 : explain SELECT c FROM sbtest2 WHERE id BETWEEN 1746368 AND 1746467
	Index Scan using sbtest2_pkey on sbtest2  (cost=0.43..392.13 rows=102 width=121)
	  Index Cond: ((id >= 1746368) AND (id <= 1746467))

table 3 : explain SELECT c FROM sbtest3 WHERE id BETWEEN 6085415 AND 6085514
	Index Scan using sbtest3_pkey on sbtest3  (cost=0.43..394.45 rows=103 width=121)
	  Index Cond: ((id >= 6085415) AND (id <= 6085514))

table 4 : explain SELECT c FROM sbtest4 WHERE id BETWEEN 6823174 AND 6823273
	Index Scan using sbtest4_pkey on sbtest4  (cost=0.43..376.80 rows=98 width=121)
	  Index Cond: ((id >= 6823174) AND (id <= 6823273))

table 5 : explain SELECT c FROM sbtest5 WHERE id BETWEEN 821907 AND 822006
	Index Scan using sbtest5_pkey on sbtest5  (cost=0.43..389.59 rows=101 width=121)
	  Index Cond: ((id >= 821907) AND (id <= 822006))

table 6 : explain SELECT c FROM sbtest6 WHERE id BETWEEN 4798044 AND 4798143
	Index Scan using sbtest6_pkey on sbtest6  (cost=0.43..383.94 rows=100 width=121)
	  Index Cond: ((id >= 4798044) AND (id <= 4798143))

table 7 : explain SELECT c FROM sbtest7 WHERE id BETWEEN 8337304 AND 8337403
	Index Scan using sbtest7_pkey on sbtest7  (cost=0.43..396.16 rows=103 width=121)
	  Index Cond: ((id >= 8337304) AND (id <= 8337403))

table 8 : explain SELECT c FROM sbtest8 WHERE id BETWEEN 4248693 AND 4248792
	Index Scan using sbtest8_pkey on sbtest8  (cost=0.43..344.40 rows=89 width=121)
	  Index Cond: ((id >= 4248693) AND (id <= 4248792))

for point_selects
table 1 : explain SELECT c FROM sbtest1 WHERE id=5454692
	Index Scan using sbtest1_pkey on sbtest1  (cost=0.43..8.45 rows=1 width=121)
	  Index Cond: (id = 5454692)

table 2 : explain SELECT c FROM sbtest2 WHERE id=472441
	Index Scan using sbtest2_pkey on sbtest2  (cost=0.43..8.45 rows=1 width=121)
	  Index Cond: (id = 472441)

table 3 : explain SELECT c FROM sbtest3 WHERE id=324739
	Index Scan using sbtest3_pkey on sbtest3  (cost=0.43..8.45 rows=1 width=121)
	  Index Cond: (id = 324739)

table 4 : explain SELECT c FROM sbtest4 WHERE id=1658767
	Index Scan using sbtest4_pkey on sbtest4  (cost=0.43..8.45 rows=1 width=121)
	  Index Cond: (id = 1658767)

table 5 : explain SELECT c FROM sbtest5 WHERE id=7540975
	Index Scan using sbtest5_pkey on sbtest5  (cost=0.43..8.45 rows=1 width=121)
	  Index Cond: (id = 7540975)

table 6 : explain SELECT c FROM sbtest6 WHERE id=4737949
	Index Scan using sbtest6_pkey on sbtest6  (cost=0.43..8.45 rows=1 width=121)
	  Index Cond: (id = 4737949)

table 7 : explain SELECT c FROM sbtest7 WHERE id=8013305
	Index Scan using sbtest7_pkey on sbtest7  (cost=0.43..8.45 rows=1 width=121)
	  Index Cond: (id = 8013305)

table 8 : explain SELECT c FROM sbtest8 WHERE id=8941528
	Index Scan using sbtest8_pkey on sbtest8  (cost=0.43..8.45 rows=1 width=121)
	  Index Cond: (id = 8941528)

for point_selects
table 1 : explain SELECT c FROM sbtest1 WHERE id=9558633
	Index Scan using sbtest1_pkey on sbtest1  (cost=0.43..8.45 rows=1 width=121)
	  Index Cond: (id = 9558633)

table 2 : explain SELECT c FROM sbtest2 WHERE id=5074332
	Index Scan using sbtest2_pkey on sbtest2  (cost=0.43..8.45 rows=1 width=121)
	  Index Cond: (id = 5074332)

table 3 : explain SELECT c FROM sbtest3 WHERE id=3035428
	Index Scan using sbtest3_pkey on sbtest3  (cost=0.43..8.45 rows=1 width=121)
	  Index Cond: (id = 3035428)

table 4 : explain SELECT c FROM sbtest4 WHERE id=6686325
	Index Scan using sbtest4_pkey on sbtest4  (cost=0.43..8.45 rows=1 width=121)
	  Index Cond: (id = 6686325)

table 5 : explain SELECT c FROM sbtest5 WHERE id=451546
	Index Scan using sbtest5_pkey on sbtest5  (cost=0.43..8.45 rows=1 width=121)
	  Index Cond: (id = 451546)

table 6 : explain SELECT c FROM sbtest6 WHERE id=1325021
	Index Scan using sbtest6_pkey on sbtest6  (cost=0.43..8.45 rows=1 width=121)
	  Index Cond: (id = 1325021)

table 7 : explain SELECT c FROM sbtest7 WHERE id=6660616
	Index Scan using sbtest7_pkey on sbtest7  (cost=0.43..8.45 rows=1 width=121)
	  Index Cond: (id = 6660616)

table 8 : explain SELECT c FROM sbtest8 WHERE id=8429788
	Index Scan using sbtest8_pkey on sbtest8  (cost=0.43..8.45 rows=1 width=121)
	  Index Cond: (id = 8429788)

explain: for point_selects :: explain SELECT c FROM sbtest%u WHERE id=%u
for: simple_ranges
table 1 : explain SELECT c FROM sbtest1 WHERE id BETWEEN 6787318 AND 6787417
	Index Scan using sbtest1_pkey on sbtest1  (cost=0.43..369.85 rows=96 width=121)
	  Index Cond: ((id >= 6787318) AND (id <= 6787417))

table 2 : explain SELECT c FROM sbtest2 WHERE id BETWEEN 9070799 AND 9070898
	Index Scan using sbtest2_pkey on sbtest2  (cost=0.43..369.29 rows=96 width=121)
	  Index Cond: ((id >= 9070799) AND (id <= 9070898))

table 3 : explain SELECT c FROM sbtest3 WHERE id BETWEEN 8665649 AND 8665748
	Index Scan using sbtest3_pkey on sbtest3  (cost=0.43..420.93 rows=110 width=121)
	  Index Cond: ((id >= 8665649) AND (id <= 8665748))

table 4 : explain SELECT c FROM sbtest4 WHERE id BETWEEN 4914673 AND 4914772
	Index Scan using sbtest4_pkey on sbtest4  (cost=0.43..399.58 rows=104 width=121)
	  Index Cond: ((id >= 4914673) AND (id <= 4914772))

table 5 : explain SELECT c FROM sbtest5 WHERE id BETWEEN 9651323 AND 9651422
	Index Scan using sbtest5_pkey on sbtest5  (cost=0.43..397.21 rows=103 width=121)
	  Index Cond: ((id >= 9651323) AND (id <= 9651422))

table 6 : explain SELECT c FROM sbtest6 WHERE id BETWEEN 6253388 AND 6253487
	Index Scan using sbtest6_pkey on sbtest6  (cost=0.43..364.93 rows=95 width=121)
	  Index Cond: ((id >= 6253388) AND (id <= 6253487))

table 7 : explain SELECT c FROM sbtest7 WHERE id BETWEEN 218233 AND 218332
	Index Scan using sbtest7_pkey on sbtest7  (cost=0.43..377.10 rows=98 width=121)
	  Index Cond: ((id >= 218233) AND (id <= 218332))

table 8 : explain SELECT c FROM sbtest8 WHERE id BETWEEN 4658168 AND 4658267
	Index Scan using sbtest8_pkey on sbtest8  (cost=0.43..378.74 rows=98 width=121)
	  Index Cond: ((id >= 4658168) AND (id <= 4658267))

for point_selects
table 1 : explain SELECT c FROM sbtest1 WHERE id=302739
	Index Scan using sbtest1_pkey on sbtest1  (cost=0.43..8.45 rows=1 width=121)
	  Index Cond: (id = 302739)

table 2 : explain SELECT c FROM sbtest2 WHERE id=782570
	Index Scan using sbtest2_pkey on sbtest2  (cost=0.43..8.45 rows=1 width=121)
	  Index Cond: (id = 782570)

table 3 : explain SELECT c FROM sbtest3 WHERE id=7859359
	Index Scan using sbtest3_pkey on sbtest3  (cost=0.43..8.45 rows=1 width=121)
	  Index Cond: (id = 7859359)

table 4 : explain SELECT c FROM sbtest4 WHERE id=6055601
	Index Scan using sbtest4_pkey on sbtest4  (cost=0.43..8.45 rows=1 width=121)
	  Index Cond: (id = 6055601)

table 5 : explain SELECT c FROM sbtest5 WHERE id=3297850
	Index Scan using sbtest5_pkey on sbtest5  (cost=0.43..8.45 rows=1 width=121)
	  Index Cond: (id = 3297850)

table 6 : explain SELECT c FROM sbtest6 WHERE id=992367
	Index Scan using sbtest6_pkey on sbtest6  (cost=0.43..8.45 rows=1 width=121)
	  Index Cond: (id = 992367)

table 7 : explain SELECT c FROM sbtest7 WHERE id=717437
	Index Scan using sbtest7_pkey on sbtest7  (cost=0.43..8.45 rows=1 width=121)
	  Index Cond: (id = 717437)

table 8 : explain SELECT c FROM sbtest8 WHERE id=2279057
	Index Scan using sbtest8_pkey on sbtest8  (cost=0.43..8.45 rows=1 width=121)
	  Index Cond: (id = 2279057)

for: simple_ranges
table 1 : explain SELECT c FROM sbtest1 WHERE id BETWEEN 6012521 AND 6012620
	Index Scan using sbtest1_pkey on sbtest1  (cost=0.43..404.13 rows=105 width=121)
	  Index Cond: ((id >= 6012521) AND (id <= 6012620))

table 2 : explain SELECT c FROM sbtest2 WHERE id BETWEEN 2159812 AND 2159911
	Index Scan using sbtest2_pkey on sbtest2  (cost=0.43..357.90 rows=93 width=121)
	  Index Cond: ((id >= 2159812) AND (id <= 2159911))

table 3 : explain SELECT c FROM sbtest3 WHERE id BETWEEN 8304356 AND 8304455
	Index Scan using sbtest3_pkey on sbtest3  (cost=0.43..386.88 rows=101 width=121)
	  Index Cond: ((id >= 8304356) AND (id <= 8304455))

table 4 : explain SELECT c FROM sbtest4 WHERE id BETWEEN 8407078 AND 8407177
	Index Scan using sbtest4_pkey on sbtest4  (cost=0.43..365.41 rows=95 width=121)
	  Index Cond: ((id >= 8407078) AND (id <= 8407177))

table 5 : explain SELECT c FROM sbtest5 WHERE id BETWEEN 3705111 AND 3705210
	Index Scan using sbtest5_pkey on sbtest5  (cost=0.43..347.68 rows=90 width=121)
	  Index Cond: ((id >= 3705111) AND (id <= 3705210))

table 6 : explain SELECT c FROM sbtest6 WHERE id BETWEEN 2488639 AND 2488738
	Index Scan using sbtest6_pkey on sbtest6  (cost=0.43..410.48 rows=107 width=121)
	  Index Cond: ((id >= 2488639) AND (id <= 2488738))

table 7 : explain SELECT c FROM sbtest7 WHERE id BETWEEN 1181175 AND 1181274
	Index Scan using sbtest7_pkey on sbtest7  (cost=0.43..377.10 rows=98 width=121)
	  Index Cond: ((id >= 1181175) AND (id <= 1181274))

table 8 : explain SELECT c FROM sbtest8 WHERE id BETWEEN 2405115 AND 2405214
	Index Scan using sbtest8_pkey on sbtest8  (cost=0.43..367.29 rows=95 width=121)
	  Index Cond: ((id >= 2405115) AND (id <= 2405214))

for: simple_ranges
table 1 : explain SELECT c FROM sbtest1 WHERE id BETWEEN 3252954 AND 3253053
	Index Scan using sbtest1_pkey on sbtest1  (cost=0.43..362.25 rows=94 width=121)
	  Index Cond: ((id >= 3252954) AND (id <= 3253053))

table 2 : explain SELECT c FROM sbtest2 WHERE id BETWEEN 5655932 AND 5656031
	Index Scan using sbtest2_pkey on sbtest2  (cost=0.43..365.49 rows=95 width=121)
	  Index Cond: ((id >= 5655932) AND (id <= 5656031))

table 3 : explain SELECT c FROM sbtest3 WHERE id BETWEEN 6562375 AND 6562474
	Index Scan using sbtest3_pkey on sbtest3  (cost=0.43..383.10 rows=100 width=121)
	  Index Cond: ((id >= 6562375) AND (id <= 6562474))

table 4 : explain SELECT c FROM sbtest4 WHERE id BETWEEN 4353240 AND 4353339
	Index Scan using sbtest4_pkey on sbtest4  (cost=0.43..384.39 rows=100 width=121)
	  Index Cond: ((id >= 4353240) AND (id <= 4353339))

table 5 : explain SELECT c FROM sbtest5 WHERE id BETWEEN 2373619 AND 2373718
	Index Scan using sbtest5_pkey on sbtest5  (cost=0.43..427.68 rows=111 width=121)
	  Index Cond: ((id >= 2373619) AND (id <= 2373718))

table 6 : explain SELECT c FROM sbtest6 WHERE id BETWEEN 1035112 AND 1035211
	Index Scan using sbtest6_pkey on sbtest6  (cost=0.43..395.31 rows=103 width=121)
	  Index Cond: ((id >= 1035112) AND (id <= 1035211))

table 7 : explain SELECT c FROM sbtest7 WHERE id BETWEEN 9154956 AND 9155055
	Index Scan using sbtest7_pkey on sbtest7  (cost=0.43..411.35 rows=107 width=121)
	  Index Cond: ((id >= 9154956) AND (id <= 9155055))

table 8 : explain SELECT c FROM sbtest8 WHERE id BETWEEN 3558540 AND 3558639
	Index Scan using sbtest8_pkey on sbtest8  (cost=0.43..363.48 rows=94 width=121)
	  Index Cond: ((id >= 3558540) AND (id <= 3558639))

for: sum_ranges
table 1 : explain SELECT SUM(k) FROM sbtest1 WHERE id BETWEEN 9904494 AND 9904593
	Aggregate  (cost=377.70..377.71 rows=1 width=8)
	  ->  Index Scan using sbtest1_pkey on sbtest1  (cost=0.43..377.46 rows=98 width=4)
	        Index Cond: ((id >= 9904494) AND (id <= 9904593))

table 2 : explain SELECT SUM(k) FROM sbtest2 WHERE id BETWEEN 9259888 AND 9259987
	Aggregate  (cost=342.93..342.94 rows=1 width=8)
	  ->  Index Scan using sbtest2_pkey on sbtest2  (cost=0.43..342.71 rows=89 width=4)
	        Index Cond: ((id >= 9259888) AND (id <= 9259987))

table 3 : explain SELECT SUM(k) FROM sbtest3 WHERE id BETWEEN 740062 AND 740161
	Aggregate  (cost=379.57..379.58 rows=1 width=8)
	  ->  Index Scan using sbtest3_pkey on sbtest3  (cost=0.43..379.32 rows=99 width=4)
	        Index Cond: ((id >= 740062) AND (id <= 740161))

table 4 : explain SELECT SUM(k) FROM sbtest4 WHERE id BETWEEN 7533631 AND 7533730
	Aggregate  (cost=388.44..388.45 rows=1 width=8)
	  ->  Index Scan using sbtest4_pkey on sbtest4  (cost=0.43..388.19 rows=101 width=4)
	        Index Cond: ((id >= 7533631) AND (id <= 7533730))

table 5 : explain SELECT SUM(k) FROM sbtest5 WHERE id BETWEEN 5822598 AND 5822697
	Aggregate  (cost=397.46..397.47 rows=1 width=8)
	  ->  Index Scan using sbtest5_pkey on sbtest5  (cost=0.43..397.21 rows=103 width=4)
	        Index Cond: ((id >= 5822598) AND (id <= 5822697))

table 6 : explain SELECT SUM(k) FROM sbtest6 WHERE id BETWEEN 1496109 AND 1496208
	Aggregate  (cost=372.81..372.82 rows=1 width=8)
	  ->  Index Scan using sbtest6_pkey on sbtest6  (cost=0.43..372.57 rows=97 width=4)
	        Index Cond: ((id >= 1496109) AND (id <= 1496208))

table 7 : explain SELECT SUM(k) FROM sbtest7 WHERE id BETWEEN 9977429 AND 9977528
	Aggregate  (cost=369.75..369.76 rows=1 width=8)
	  ->  Index Scan using sbtest7_pkey on sbtest7  (cost=0.43..369.51 rows=96 width=4)
	        Index Cond: ((id >= 9977429) AND (id <= 9977528))

table 8 : explain SELECT SUM(k) FROM sbtest8 WHERE id BETWEEN 613478 AND 613577
	Aggregate  (cost=405.77..405.78 rows=1 width=8)
	  ->  Index Scan using sbtest8_pkey on sbtest8  (cost=0.43..405.51 rows=105 width=4)
	        Index Cond: ((id >= 613478) AND (id <= 613577))

for: sum_ranges
table 1 : explain SELECT SUM(k) FROM sbtest1 WHERE id BETWEEN 7932361 AND 7932460
	Aggregate  (cost=381.51..381.52 rows=1 width=8)
	  ->  Index Scan using sbtest1_pkey on sbtest1  (cost=0.43..381.26 rows=99 width=4)
	        Index Cond: ((id >= 7932361) AND (id <= 7932460))

table 2 : explain SELECT SUM(k) FROM sbtest2 WHERE id BETWEEN 1277866 AND 1277965
	Aggregate  (cost=369.53..369.54 rows=1 width=8)
	  ->  Index Scan using sbtest2_pkey on sbtest2  (cost=0.43..369.29 rows=96 width=4)
	        Index Cond: ((id >= 1277866) AND (id <= 1277965))

table 3 : explain SELECT SUM(k) FROM sbtest3 WHERE id BETWEEN 3803100 AND 3803199
	Aggregate  (cost=353.01..353.02 rows=1 width=8)
	  ->  Index Scan using sbtest3_pkey on sbtest3  (cost=0.43..352.78 rows=92 width=4)
	        Index Cond: ((id >= 3803100) AND (id <= 3803199))

table 4 : explain SELECT SUM(k) FROM sbtest4 WHERE id BETWEEN 1644376 AND 1644475
	Aggregate  (cost=373.25..373.26 rows=1 width=8)
	  ->  Index Scan using sbtest4_pkey on sbtest4  (cost=0.43..373.01 rows=97 width=4)
	        Index Cond: ((id >= 1644376) AND (id <= 1644475))

table 5 : explain SELECT SUM(k) FROM sbtest5 WHERE id BETWEEN 6298854 AND 6298953
	Aggregate  (cost=416.53..416.54 rows=1 width=8)
	  ->  Index Scan using sbtest5_pkey on sbtest5  (cost=0.43..416.26 rows=108 width=4)
	        Index Cond: ((id >= 6298854) AND (id <= 6298953))

table 6 : explain SELECT SUM(k) FROM sbtest6 WHERE id BETWEEN 4472858 AND 4472957
	Aggregate  (cost=456.27..456.28 rows=1 width=8)
	  ->  Index Scan using sbtest6_pkey on sbtest6  (cost=0.43..455.97 rows=119 width=4)
	        Index Cond: ((id >= 4472858) AND (id <= 4472957))

table 7 : explain SELECT SUM(k) FROM sbtest7 WHERE id BETWEEN 7293518 AND 7293617
	Aggregate  (cost=388.81..388.82 rows=1 width=8)
	  ->  Index Scan using sbtest7_pkey on sbtest7  (cost=0.43..388.56 rows=101 width=4)
	        Index Cond: ((id >= 7293518) AND (id <= 7293617))

table 8 : explain SELECT SUM(k) FROM sbtest8 WHERE id BETWEEN 4473250 AND 4473349
	Aggregate  (cost=386.68..386.69 rows=1 width=8)
	  ->  Index Scan using sbtest8_pkey on sbtest8  (cost=0.43..386.43 rows=100 width=4)
	        Index Cond: ((id >= 4473250) AND (id <= 4473349))

for: sum_ranges
table 1 : explain SELECT SUM(k) FROM sbtest1 WHERE id BETWEEN 2031575 AND 2031674
	Aggregate  (cost=404.40..404.41 rows=1 width=8)
	  ->  Index Scan using sbtest1_pkey on sbtest1  (cost=0.43..404.13 rows=105 width=4)
	        Index Cond: ((id >= 2031575) AND (id <= 2031674))

table 2 : explain SELECT SUM(k) FROM sbtest2 WHERE id BETWEEN 5994060 AND 5994159
	Aggregate  (cost=399.98..399.99 rows=1 width=8)
	  ->  Index Scan using sbtest2_pkey on sbtest2  (cost=0.43..399.72 rows=104 width=4)
	        Index Cond: ((id >= 5994060) AND (id <= 5994159))

table 3 : explain SELECT SUM(k) FROM sbtest3 WHERE id BETWEEN 8359686 AND 8359785
	Aggregate  (cost=387.14..387.15 rows=1 width=8)
	  ->  Index Scan using sbtest3_pkey on sbtest3  (cost=0.43..386.88 rows=101 width=4)
	        Index Cond: ((id >= 8359686) AND (id <= 8359785))

table 4 : explain SELECT SUM(k) FROM sbtest4 WHERE id BETWEEN 2080650 AND 2080749
	Aggregate  (cost=384.64..384.65 rows=1 width=8)
	  ->  Index Scan using sbtest4_pkey on sbtest4  (cost=0.43..384.39 rows=100 width=4)
	        Index Cond: ((id >= 2080650) AND (id <= 2080749))

table 5 : explain SELECT SUM(k) FROM sbtest5 WHERE id BETWEEN 5970522 AND 5970621
	Aggregate  (cost=370.78..370.79 rows=1 width=8)
	  ->  Index Scan using sbtest5_pkey on sbtest5  (cost=0.43..370.54 rows=96 width=4)
	        Index Cond: ((id >= 5970522) AND (id <= 5970621))

table 6 : explain SELECT SUM(k) FROM sbtest6 WHERE id BETWEEN 6616031 AND 6616130
	Aggregate  (cost=376.60..376.61 rows=1 width=8)
	  ->  Index Scan using sbtest6_pkey on sbtest6  (cost=0.43..376.36 rows=98 width=4)
	        Index Cond: ((id >= 6616031) AND (id <= 6616130))

table 7 : explain SELECT SUM(k) FROM sbtest7 WHERE id BETWEEN 8670462 AND 8670561
	Aggregate  (cost=377.35..377.36 rows=1 width=8)
	  ->  Index Scan using sbtest7_pkey on sbtest7  (cost=0.43..377.10 rows=98 width=4)
	        Index Cond: ((id >= 8670462) AND (id <= 8670561))

table 8 : explain SELECT SUM(k) FROM sbtest8 WHERE id BETWEEN 4343408 AND 4343507
	Aggregate  (cost=344.62..344.63 rows=1 width=8)
	  ->  Index Scan using sbtest8_pkey on sbtest8  (cost=0.43..344.40 rows=89 width=4)
	        Index Cond: ((id >= 4343408) AND (id <= 4343507))

explain: for point_selects :: explain SELECT c FROM sbtest%u WHERE id=%u
for point_selects
table 1 : explain SELECT c FROM sbtest1 WHERE id=455212
	Index Scan using sbtest1_pkey on sbtest1  (cost=0.43..8.45 rows=1 width=121)
	  Index Cond: (id = 455212)

table 2 : explain SELECT c FROM sbtest2 WHERE id=6607574
	Index Scan using sbtest2_pkey on sbtest2  (cost=0.43..8.45 rows=1 width=121)
	  Index Cond: (id = 6607574)

table 3 : explain SELECT c FROM sbtest3 WHERE id=7143804
	Index Scan using sbtest3_pkey on sbtest3  (cost=0.43..8.45 rows=1 width=121)
	  Index Cond: (id = 7143804)

table 4 : explain SELECT c FROM sbtest4 WHERE id=9756848
	Index Scan using sbtest4_pkey on sbtest4  (cost=0.43..8.45 rows=1 width=121)
	  Index Cond: (id = 9756848)

table 5 : explain SELECT c FROM sbtest5 WHERE id=567140
	Index Scan using sbtest5_pkey on sbtest5  (cost=0.43..8.45 rows=1 width=121)
	  Index Cond: (id = 567140)

table 6 : explain SELECT c FROM sbtest6 WHERE id=1246694
	Index Scan using sbtest6_pkey on sbtest6  (cost=0.43..8.45 rows=1 width=121)
	  Index Cond: (id = 1246694)

table 7 : explain SELECT c FROM sbtest7 WHERE id=3467514
	Index Scan using sbtest7_pkey on sbtest7  (cost=0.43..8.45 rows=1 width=121)
	  Index Cond: (id = 3467514)

table 8 : explain SELECT c FROM sbtest8 WHERE id=912945
	Index Scan using sbtest8_pkey on sbtest8  (cost=0.43..8.45 rows=1 width=121)
	  Index Cond: (id = 912945)

for: sum_ranges
table 1 : explain SELECT SUM(k) FROM sbtest1 WHERE id BETWEEN 8812071 AND 8812170
	Aggregate  (cost=389.17..389.18 rows=1 width=8)
	  ->  Index Scan using sbtest1_pkey on sbtest1  (cost=0.43..388.92 rows=101 width=4)
	        Index Cond: ((id >= 8812071) AND (id <= 8812170))

table 2 : explain SELECT SUM(k) FROM sbtest2 WHERE id BETWEEN 6799082 AND 6799181
	Aggregate  (cost=403.78..403.79 rows=1 width=8)
	  ->  Index Scan using sbtest2_pkey on sbtest2  (cost=0.43..403.52 rows=105 width=4)
	        Index Cond: ((id >= 6799082) AND (id <= 6799181))

table 3 : explain SELECT SUM(k) FROM sbtest3 WHERE id BETWEEN 2572297 AND 2572396
	Aggregate  (cost=390.92..390.93 rows=1 width=8)
	  ->  Index Scan using sbtest3_pkey on sbtest3  (cost=0.43..390.67 rows=102 width=4)
	        Index Cond: ((id >= 2572297) AND (id <= 2572396))

table 4 : explain SELECT SUM(k) FROM sbtest4 WHERE id BETWEEN 6783206 AND 6783305
	Aggregate  (cost=373.25..373.26 rows=1 width=8)
	  ->  Index Scan using sbtest4_pkey on sbtest4  (cost=0.43..373.01 rows=97 width=4)
	        Index Cond: ((id >= 6783206) AND (id <= 6783305))

table 5 : explain SELECT SUM(k) FROM sbtest5 WHERE id BETWEEN 5827009 AND 5827108
	Aggregate  (cost=397.46..397.47 rows=1 width=8)
	  ->  Index Scan using sbtest5_pkey on sbtest5  (cost=0.43..397.21 rows=103 width=4)
	        Index Cond: ((id >= 5827009) AND (id <= 5827108))

table 6 : explain SELECT SUM(k) FROM sbtest6 WHERE id BETWEEN 9979022 AND 9979121
	Aggregate  (cost=368.96..368.97 rows=1 width=8)
	  ->  Index Scan using sbtest6_pkey on sbtest6  (cost=0.43..368.72 rows=96 width=4)
	        Index Cond: ((id >= 9979022) AND (id <= 9979121))

table 7 : explain SELECT SUM(k) FROM sbtest7 WHERE id BETWEEN 166739 AND 166838
	Aggregate  (cost=392.61..392.62 rows=1 width=8)
	  ->  Index Scan using sbtest7_pkey on sbtest7  (cost=0.43..392.36 rows=102 width=4)
	        Index Cond: ((id >= 166739) AND (id <= 166838))

table 8 : explain SELECT SUM(k) FROM sbtest8 WHERE id BETWEEN 3674601 AND 3674700
	Aggregate  (cost=401.95..401.96 rows=1 width=8)
	  ->  Index Scan using sbtest8_pkey on sbtest8  (cost=0.43..401.69 rows=104 width=4)
	        Index Cond: ((id >= 3674601) AND (id <= 3674700))

for: simple_ranges
table 1 : explain SELECT c FROM sbtest1 WHERE id BETWEEN 3180513 AND 3180612
	Index Scan using sbtest1_pkey on sbtest1  (cost=0.43..362.25 rows=94 width=121)
	  Index Cond: ((id >= 3180513) AND (id <= 3180612))

table 2 : explain SELECT c FROM sbtest2 WHERE id BETWEEN 205920 AND 206019
	Index Scan using sbtest2_pkey on sbtest2  (cost=0.43..403.52 rows=105 width=121)
	  Index Cond: ((id >= 205920) AND (id <= 206019))

table 3 : explain SELECT c FROM sbtest3 WHERE id BETWEEN 4334803 AND 4334902
	Index Scan using sbtest3_pkey on sbtest3  (cost=0.43..371.69 rows=97 width=121)
	  Index Cond: ((id >= 4334803) AND (id <= 4334902))

table 4 : explain SELECT c FROM sbtest4 WHERE id BETWEEN 8746013 AND 8746112
	Index Scan using sbtest4_pkey on sbtest4  (cost=0.43..338.79 rows=88 width=121)
	  Index Cond: ((id >= 8746013) AND (id <= 8746112))

table 5 : explain SELECT c FROM sbtest5 WHERE id BETWEEN 6268909 AND 6269008
	Index Scan using sbtest5_pkey on sbtest5  (cost=0.43..416.26 rows=108 width=121)
	  Index Cond: ((id >= 6268909) AND (id <= 6269008))

table 6 : explain SELECT c FROM sbtest6 WHERE id BETWEEN 3243626 AND 3243725
	Index Scan using sbtest6_pkey on sbtest6  (cost=0.43..361.14 rows=94 width=121)
	  Index Cond: ((id >= 3243626) AND (id <= 3243725))

table 7 : explain SELECT c FROM sbtest7 WHERE id BETWEEN 4844767 AND 4844866
	Index Scan using sbtest7_pkey on sbtest7  (cost=0.43..403.76 rows=105 width=121)
	  Index Cond: ((id >= 4844767) AND (id <= 4844866))

table 8 : explain SELECT c FROM sbtest8 WHERE id BETWEEN 4969243 AND 4969342
	Index Scan using sbtest8_pkey on sbtest8  (cost=0.43..405.51 rows=105 width=121)
	  Index Cond: ((id >= 4969243) AND (id <= 4969342))

explain: for point_selects :: explain SELECT c FROM sbtest%u WHERE id=%u
for point_selects
table 1 : explain SELECT c FROM sbtest1 WHERE id=6965121
	Index Scan using sbtest1_pkey on sbtest1  (cost=0.43..8.45 rows=1 width=121)
	  Index Cond: (id = 6965121)

table 2 : explain SELECT c FROM sbtest2 WHERE id=5492226
	Index Scan using sbtest2_pkey on sbtest2  (cost=0.43..8.45 rows=1 width=121)
	  Index Cond: (id = 5492226)

table 3 : explain SELECT c FROM sbtest3 WHERE id=4780430
	Index Scan using sbtest3_pkey on sbtest3  (cost=0.43..8.45 rows=1 width=121)
	  Index Cond: (id = 4780430)

table 4 : explain SELECT c FROM sbtest4 WHERE id=5926558
	Index Scan using sbtest4_pkey on sbtest4  (cost=0.43..8.45 rows=1 width=121)
	  Index Cond: (id = 5926558)

table 5 : explain SELECT c FROM sbtest5 WHERE id=9090712
	Index Scan using sbtest5_pkey on sbtest5  (cost=0.43..8.45 rows=1 width=121)
	  Index Cond: (id = 9090712)

table 6 : explain SELECT c FROM sbtest6 WHERE id=5220247
	Index Scan using sbtest6_pkey on sbtest6  (cost=0.43..8.45 rows=1 width=121)
	  Index Cond: (id = 5220247)

table 7 : explain SELECT c FROM sbtest7 WHERE id=8708793
	Index Scan using sbtest7_pkey on sbtest7  (cost=0.43..8.45 rows=1 width=121)
	  Index Cond: (id = 8708793)

table 8 : explain SELECT c FROM sbtest8 WHERE id=7322025
	Index Scan using sbtest8_pkey on sbtest8  (cost=0.43..8.45 rows=1 width=121)
	  Index Cond: (id = 7322025)

for point_selects
table 1 : explain SELECT c FROM sbtest1 WHERE id=7528115
	Index Scan using sbtest1_pkey on sbtest1  (cost=0.43..8.45 rows=1 width=121)
	  Index Cond: (id = 7528115)

table 2 : explain SELECT c FROM sbtest2 WHERE id=5923042
	Index Scan using sbtest2_pkey on sbtest2  (cost=0.43..8.45 rows=1 width=121)
	  Index Cond: (id = 5923042)

table 3 : explain SELECT c FROM sbtest3 WHERE id=5210463
	Index Scan using sbtest3_pkey on sbtest3  (cost=0.43..8.45 rows=1 width=121)
	  Index Cond: (id = 5210463)

table 4 : explain SELECT c FROM sbtest4 WHERE id=834651
	Index Scan using sbtest4_pkey on sbtest4  (cost=0.43..8.45 rows=1 width=121)
	  Index Cond: (id = 834651)

table 5 : explain SELECT c FROM sbtest5 WHERE id=8806346
	Index Scan using sbtest5_pkey on sbtest5  (cost=0.43..8.45 rows=1 width=121)
	  Index Cond: (id = 8806346)

table 6 : explain SELECT c FROM sbtest6 WHERE id=7368710
	Index Scan using sbtest6_pkey on sbtest6  (cost=0.43..8.45 rows=1 width=121)
	  Index Cond: (id = 7368710)

table 7 : explain SELECT c FROM sbtest7 WHERE id=5606872
	Index Scan using sbtest7_pkey on sbtest7  (cost=0.43..8.45 rows=1 width=121)
	  Index Cond: (id = 5606872)

table 8 : explain SELECT c FROM sbtest8 WHERE id=4424268
	Index Scan using sbtest8_pkey on sbtest8  (cost=0.43..8.45 rows=1 width=121)
	  Index Cond: (id = 4424268)

for: order_ranges
table 1 : explain SELECT c FROM sbtest1 WHERE id BETWEEN 4197464 AND 4197563 ORDER BY c
	Sort  (cost=411.50..411.77 rows=106 width=121)
	  Sort Key: c
	  ->  Index Scan using sbtest1_pkey on sbtest1  (cost=0.43..407.94 rows=106 width=121)
	        Index Cond: ((id >= 4197464) AND (id <= 4197563))

table 2 : explain SELECT c FROM sbtest2 WHERE id BETWEEN 863834 AND 863933 ORDER BY c
	Sort  (cost=410.88..411.14 rows=106 width=121)
	  Sort Key: c
	  ->  Index Scan using sbtest2_pkey on sbtest2  (cost=0.43..407.31 rows=106 width=121)
	        Index Cond: ((id >= 863834) AND (id <= 863933))

table 3 : explain SELECT c FROM sbtest3 WHERE id BETWEEN 4819697 AND 4819796 ORDER BY c
	Sort  (cost=367.25..367.49 rows=95 width=121)
	  Sort Key: c
	  ->  Index Scan using sbtest3_pkey on sbtest3  (cost=0.43..364.13 rows=95 width=121)
	        Index Cond: ((id >= 4819697) AND (id <= 4819796))

table 4 : explain SELECT c FROM sbtest4 WHERE id BETWEEN 7576517 AND 7576616 ORDER BY c
	Sort  (cost=391.55..391.80 rows=101 width=121)
	  Sort Key: c
	  ->  Index Scan using sbtest4_pkey on sbtest4  (cost=0.43..388.19 rows=101 width=121)
	        Index Cond: ((id >= 7576517) AND (id <= 7576616))

table 5 : explain SELECT c FROM sbtest5 WHERE id BETWEEN 549840 AND 549939 ORDER BY c
	Sort  (cost=404.50..404.76 rows=104 width=121)
	  Sort Key: c
	  ->  Index Scan using sbtest5_pkey on sbtest5  (cost=0.43..401.02 rows=104 width=121)
	        Index Cond: ((id >= 549840) AND (id <= 549939))

table 6 : explain SELECT c FROM sbtest6 WHERE id BETWEEN 6193269 AND 6193368 ORDER BY c
	Sort  (cost=383.43..383.68 rows=99 width=121)
	  Sort Key: c
	  ->  Index Scan using sbtest6_pkey on sbtest6  (cost=0.43..380.15 rows=99 width=121)
	        Index Cond: ((id >= 6193269) AND (id <= 6193368))

table 7 : explain SELECT c FROM sbtest7 WHERE id BETWEEN 817802 AND 817901 ORDER BY c
	Sort  (cost=349.63..349.86 rows=90 width=121)
	  Sort Key: c
	  ->  Index Scan using sbtest7_pkey on sbtest7  (cost=0.43..346.71 rows=90 width=121)
	        Index Cond: ((id >= 817802) AND (id <= 817901))

table 8 : explain SELECT c FROM sbtest8 WHERE id BETWEEN 6234579 AND 6234678 ORDER BY c
	Sort  (cost=381.98..382.23 rows=98 width=121)
	  Sort Key: c
	  ->  Index Scan using sbtest8_pkey on sbtest8  (cost=0.43..378.74 rows=98 width=121)
	        Index Cond: ((id >= 6234579) AND (id <= 6234678))

for: simple_ranges
table 1 : explain SELECT c FROM sbtest1 WHERE id BETWEEN 4768814 AND 4768913
	Index Scan using sbtest1_pkey on sbtest1  (cost=0.43..434.56 rows=113 width=121)
	  Index Cond: ((id >= 4768814) AND (id <= 4768913))

table 2 : explain SELECT c FROM sbtest2 WHERE id BETWEEN 2612311 AND 2612410
	Index Scan using sbtest2_pkey on sbtest2  (cost=0.43..399.72 rows=104 width=121)
	  Index Cond: ((id >= 2612311) AND (id <= 2612410))

table 3 : explain SELECT c FROM sbtest3 WHERE id BETWEEN 8654968 AND 8655067
	Index Scan using sbtest3_pkey on sbtest3  (cost=0.43..420.93 rows=110 width=121)
	  Index Cond: ((id >= 8654968) AND (id <= 8655067))

table 4 : explain SELECT c FROM sbtest4 WHERE id BETWEEN 1037401 AND 1037500
	Index Scan using sbtest4_pkey on sbtest4  (cost=0.43..354.03 rows=92 width=121)
	  Index Cond: ((id >= 1037401) AND (id <= 1037500))

table 5 : explain SELECT c FROM sbtest5 WHERE id BETWEEN 2978787 AND 2978886
	Index Scan using sbtest5_pkey on sbtest5  (cost=0.43..378.16 rows=98 width=121)
	  Index Cond: ((id >= 2978787) AND (id <= 2978886))

table 6 : explain SELECT c FROM sbtest6 WHERE id BETWEEN 1320231 AND 1320330
	Index Scan using sbtest6_pkey on sbtest6  (cost=0.43..372.51 rows=97 width=121)
	  Index Cond: ((id >= 1320231) AND (id <= 1320330))

table 7 : explain SELECT c FROM sbtest7 WHERE id BETWEEN 4328260 AND 4328359
	Index Scan using sbtest7_pkey on sbtest7  (cost=0.43..418.95 rows=109 width=121)
	  Index Cond: ((id >= 4328260) AND (id <= 4328359))

table 8 : explain SELECT c FROM sbtest8 WHERE id BETWEEN 5466016 AND 5466115
	Index Scan using sbtest8_pkey on sbtest8  (cost=0.43..367.29 rows=95 width=121)
	  Index Cond: ((id >= 5466016) AND (id <= 5466115))

for: simple_ranges
table 1 : explain SELECT c FROM sbtest1 WHERE id BETWEEN 4653950 AND 4654049
	Index Scan using sbtest1_pkey on sbtest1  (cost=0.43..415.54 rows=108 width=121)
	  Index Cond: ((id >= 4653950) AND (id <= 4654049))

table 2 : explain SELECT c FROM sbtest2 WHERE id BETWEEN 9273145 AND 9273244
	Index Scan using sbtest2_pkey on sbtest2  (cost=0.43..342.71 rows=89 width=121)
	  Index Cond: ((id >= 9273145) AND (id <= 9273244))

table 3 : explain SELECT c FROM sbtest3 WHERE id BETWEEN 3350380 AND 3350479
	Index Scan using sbtest3_pkey on sbtest3  (cost=0.43..371.69 rows=97 width=121)
	  Index Cond: ((id >= 3350380) AND (id <= 3350479))

table 4 : explain SELECT c FROM sbtest4 WHERE id BETWEEN 9415925 AND 9416024
	Index Scan using sbtest4_pkey on sbtest4  (cost=0.43..365.41 rows=95 width=121)
	  Index Cond: ((id >= 9415925) AND (id <= 9416024))

table 5 : explain SELECT c FROM sbtest5 WHERE id BETWEEN 2377331 AND 2377430
	Index Scan using sbtest5_pkey on sbtest5  (cost=0.43..427.68 rows=111 width=121)
	  Index Cond: ((id >= 2377331) AND (id <= 2377430))

table 6 : explain SELECT c FROM sbtest6 WHERE id BETWEEN 4470570 AND 4470669
	Index Scan using sbtest6_pkey on sbtest6  (cost=0.43..455.97 rows=119 width=121)
	  Index Cond: ((id >= 4470570) AND (id <= 4470669))

table 7 : explain SELECT c FROM sbtest7 WHERE id BETWEEN 1354031 AND 1354130
	Index Scan using sbtest7_pkey on sbtest7  (cost=0.43..369.51 rows=96 width=121)
	  Index Cond: ((id >= 1354031) AND (id <= 1354130))

table 8 : explain SELECT c FROM sbtest8 WHERE id BETWEEN 6918107 AND 6918206
	Index Scan using sbtest8_pkey on sbtest8  (cost=0.43..405.51 rows=105 width=121)
	  Index Cond: ((id >= 6918107) AND (id <= 6918206))

for: sum_ranges
table 1 : explain SELECT SUM(k) FROM sbtest1 WHERE id BETWEEN 2525320 AND 2525419
	Aggregate  (cost=373.90..373.91 rows=1 width=8)
	  ->  Index Scan using sbtest1_pkey on sbtest1  (cost=0.43..373.66 rows=97 width=4)
	        Index Cond: ((id >= 2525320) AND (id <= 2525419))

table 2 : explain SELECT SUM(k) FROM sbtest2 WHERE id BETWEEN 2690533 AND 2690632
	Aggregate  (cost=388.58..388.59 rows=1 width=8)
	  ->  Index Scan using sbtest2_pkey on sbtest2  (cost=0.43..388.33 rows=101 width=4)
	        Index Cond: ((id >= 2690533) AND (id <= 2690632))

table 3 : explain SELECT SUM(k) FROM sbtest3 WHERE id BETWEEN 6764930 AND 6765029
	Aggregate  (cost=459.05..459.06 rows=1 width=8)
	  ->  Index Scan using sbtest3_pkey on sbtest3  (cost=0.43..458.75 rows=120 width=4)
	        Index Cond: ((id >= 6764930) AND (id <= 6765029))

table 4 : explain SELECT SUM(k) FROM sbtest4 WHERE id BETWEEN 9811944 AND 9812043
	Aggregate  (cost=392.24..392.25 rows=1 width=8)
	  ->  Index Scan using sbtest4_pkey on sbtest4  (cost=0.43..391.98 rows=102 width=4)
	        Index Cond: ((id >= 9811944) AND (id <= 9812043))

table 5 : explain SELECT SUM(k) FROM sbtest5 WHERE id BETWEEN 2740166 AND 2740265
	Aggregate  (cost=389.84..389.85 rows=1 width=8)
	  ->  Index Scan using sbtest5_pkey on sbtest5  (cost=0.43..389.59 rows=101 width=4)
	        Index Cond: ((id >= 2740166) AND (id <= 2740265))

table 6 : explain SELECT SUM(k) FROM sbtest6 WHERE id BETWEEN 6157455 AND 6157554
	Aggregate  (cost=380.40..380.41 rows=1 width=8)
	  ->  Index Scan using sbtest6_pkey on sbtest6  (cost=0.43..380.15 rows=99 width=4)
	        Index Cond: ((id >= 6157455) AND (id <= 6157554))

table 7 : explain SELECT SUM(k) FROM sbtest7 WHERE id BETWEEN 6721088 AND 6721187
	Aggregate  (cost=362.14..362.15 rows=1 width=8)
	  ->  Index Scan using sbtest7_pkey on sbtest7  (cost=0.43..361.91 rows=94 width=4)
	        Index Cond: ((id >= 6721088) AND (id <= 6721187))

table 8 : explain SELECT SUM(k) FROM sbtest8 WHERE id BETWEEN 6372004 AND 6372103
	Aggregate  (cost=382.86..382.87 rows=1 width=8)
	  ->  Index Scan using sbtest8_pkey on sbtest8  (cost=0.43..382.61 rows=99 width=4)
	        Index Cond: ((id >= 6372004) AND (id <= 6372103))

for: sum_ranges
table 1 : explain SELECT SUM(k) FROM sbtest1 WHERE id BETWEEN 5724803 AND 5724902
	Aggregate  (cost=396.79..396.80 rows=1 width=8)
	  ->  Index Scan using sbtest1_pkey on sbtest1  (cost=0.43..396.53 rows=103 width=4)
	        Index Cond: ((id >= 5724803) AND (id <= 5724902))

table 2 : explain SELECT SUM(k) FROM sbtest2 WHERE id BETWEEN 5912072 AND 5912171
	Aggregate  (cost=399.98..399.99 rows=1 width=8)
	  ->  Index Scan using sbtest2_pkey on sbtest2  (cost=0.43..399.72 rows=104 width=4)
	        Index Cond: ((id >= 5912072) AND (id <= 5912171))

table 3 : explain SELECT SUM(k) FROM sbtest3 WHERE id BETWEEN 8083782 AND 8083881
	Aggregate  (cost=371.94..371.95 rows=1 width=8)
	  ->  Index Scan using sbtest3_pkey on sbtest3  (cost=0.43..371.69 rows=97 width=4)
	        Index Cond: ((id >= 8083782) AND (id <= 8083881))

table 4 : explain SELECT SUM(k) FROM sbtest4 WHERE id BETWEEN 1708542 AND 1708641
	Aggregate  (cost=434.02..434.03 rows=1 width=8)
	  ->  Index Scan using sbtest4_pkey on sbtest4  (cost=0.43..433.74 rows=113 width=4)
	        Index Cond: ((id >= 1708542) AND (id <= 1708641))

table 5 : explain SELECT SUM(k) FROM sbtest5 WHERE id BETWEEN 1246274 AND 1246373
	Aggregate  (cost=412.71..412.72 rows=1 width=8)
	  ->  Index Scan using sbtest5_pkey on sbtest5  (cost=0.43..412.45 rows=107 width=4)
	        Index Cond: ((id >= 1246274) AND (id <= 1246373))

table 6 : explain SELECT SUM(k) FROM sbtest6 WHERE id BETWEEN 2122662 AND 2122761
	Aggregate  (cost=357.58..357.59 rows=1 width=8)
	  ->  Index Scan using sbtest6_pkey on sbtest6  (cost=0.43..357.35 rows=93 width=4)
	        Index Cond: ((id >= 2122662) AND (id <= 2122761))

table 7 : explain SELECT SUM(k) FROM sbtest7 WHERE id BETWEEN 7330704 AND 7330803
	Aggregate  (cost=388.81..388.82 rows=1 width=8)
	  ->  Index Scan using sbtest7_pkey on sbtest7  (cost=0.43..388.56 rows=101 width=4)
	        Index Cond: ((id >= 7330704) AND (id <= 7330803))

table 8 : explain SELECT SUM(k) FROM sbtest8 WHERE id BETWEEN 925294 AND 925393
	Aggregate  (cost=371.35..371.36 rows=1 width=8)
	  ->  Index Scan using sbtest8_pkey on sbtest8  (cost=0.43..371.11 rows=96 width=4)
	        Index Cond: ((id >= 925294) AND (id <= 925393))

for: order_ranges
table 1 : explain SELECT c FROM sbtest1 WHERE id BETWEEN 7987447 AND 7987546 ORDER BY c
	Sort  (cost=369.17..369.41 rows=95 width=121)
	  Sort Key: c
	  ->  Index Scan using sbtest1_pkey on sbtest1  (cost=0.43..366.05 rows=95 width=121)
	        Index Cond: ((id >= 7987447) AND (id <= 7987546))

table 2 : explain SELECT c FROM sbtest2 WHERE id BETWEEN 9221758 AND 9221857 ORDER BY c
	Sort  (cost=345.59..345.81 rows=89 width=121)
	  Sort Key: c
	  ->  Index Scan using sbtest2_pkey on sbtest2  (cost=0.43..342.71 rows=89 width=121)
	        Index Cond: ((id >= 9221758) AND (id <= 9221857))

table 3 : explain SELECT c FROM sbtest3 WHERE id BETWEEN 8247046 AND 8247145 ORDER BY c
	Sort  (cost=374.90..375.14 rows=97 width=121)
	  Sort Key: c
	  ->  Index Scan using sbtest3_pkey on sbtest3  (cost=0.43..371.69 rows=97 width=121)
	        Index Cond: ((id >= 8247046) AND (id <= 8247145))

table 4 : explain SELECT c FROM sbtest4 WHERE id BETWEEN 7971808 AND 7971907 ORDER BY c
	Sort  (cost=376.21..376.45 rows=97 width=121)
	  Sort Key: c
	  ->  Index Scan using sbtest4_pkey on sbtest4  (cost=0.43..373.01 rows=97 width=121)
	        Index Cond: ((id >= 7971808) AND (id <= 7971907))

table 5 : explain SELECT c FROM sbtest5 WHERE id BETWEEN 7226126 AND 7226225 ORDER BY c
	Sort  (cost=389.10..389.35 rows=100 width=121)
	  Sort Key: c
	  ->  Index Scan using sbtest5_pkey on sbtest5  (cost=0.43..385.78 rows=100 width=121)
	        Index Cond: ((id >= 7226126) AND (id <= 7226225))

table 6 : explain SELECT c FROM sbtest6 WHERE id BETWEEN 3519653 AND 3519752 ORDER BY c
	Sort  (cost=391.09..391.35 rows=101 width=121)
	  Sort Key: c
	  ->  Index Scan using sbtest6_pkey on sbtest6  (cost=0.43..387.73 rows=101 width=121)
	        Index Cond: ((id >= 3519653) AND (id <= 3519752))

table 7 : explain SELECT c FROM sbtest7 WHERE id BETWEEN 9194887 AND 9194986 ORDER BY c
	Sort  (cost=414.96..415.23 rows=107 width=121)
	  Sort Key: c
	  ->  Index Scan using sbtest7_pkey on sbtest7  (cost=0.43..411.35 rows=107 width=121)
	        Index Cond: ((id >= 9194887) AND (id <= 9194986))

table 8 : explain SELECT c FROM sbtest8 WHERE id BETWEEN 6159558 AND 6159657 ORDER BY c
	Sort  (cost=381.98..382.23 rows=98 width=121)
	  Sort Key: c
	  ->  Index Scan using sbtest8_pkey on sbtest8  (cost=0.43..378.74 rows=98 width=121)
	        Index Cond: ((id >= 6159558) AND (id <= 6159657))

for: order_ranges
table 1 : explain SELECT c FROM sbtest1 WHERE id BETWEEN 6584830 AND 6584929 ORDER BY c
	Sort  (cost=396.13..396.38 rows=102 width=121)
	  Sort Key: c
	  ->  Index Scan using sbtest1_pkey on sbtest1  (cost=0.43..392.72 rows=102 width=121)
	        Index Cond: ((id >= 6584830) AND (id <= 6584929))

table 2 : explain SELECT c FROM sbtest2 WHERE id BETWEEN 7586226 AND 7586325 ORDER BY c
	Sort  (cost=399.37..399.62 rows=103 width=121)
	  Sort Key: c
	  ->  Index Scan using sbtest2_pkey on sbtest2  (cost=0.43..395.92 rows=103 width=121)
	        Index Cond: ((id >= 7586226) AND (id <= 7586325))

table 3 : explain SELECT c FROM sbtest3 WHERE id BETWEEN 1612772 AND 1612871 ORDER BY c
	Sort  (cost=371.07..371.31 rows=96 width=121)
	  Sort Key: c
	  ->  Index Scan using sbtest3_pkey on sbtest3  (cost=0.43..367.91 rows=96 width=121)
	        Index Cond: ((id >= 1612772) AND (id <= 1612871))

table 4 : explain SELECT c FROM sbtest4 WHERE id BETWEEN 5653046 AND 5653145 ORDER BY c
	Sort  (cost=391.55..391.80 rows=101 width=121)
	  Sort Key: c
	  ->  Index Scan using sbtest4_pkey on sbtest4  (cost=0.43..388.19 rows=101 width=121)
	        Index Cond: ((id >= 5653046) AND (id <= 5653145))

table 5 : explain SELECT c FROM sbtest5 WHERE id BETWEEN 5115129 AND 5115228 ORDER BY c
	Sort  (cost=373.70..373.94 rows=96 width=121)
	  Sort Key: c
	  ->  Index Scan using sbtest5_pkey on sbtest5  (cost=0.43..370.54 rows=96 width=121)
	        Index Cond: ((id >= 5115129) AND (id <= 5115228))

table 6 : explain SELECT c FROM sbtest6 WHERE id BETWEEN 4939564 AND 4939663 ORDER BY c
	Sort  (cost=368.05..368.29 rows=95 width=121)
	  Sort Key: c
	  ->  Index Scan using sbtest6_pkey on sbtest6  (cost=0.43..364.93 rows=95 width=121)
	        Index Cond: ((id >= 4939564) AND (id <= 4939663))

table 7 : explain SELECT c FROM sbtest7 WHERE id BETWEEN 7565117 AND 7565216 ORDER BY c
	Sort  (cost=345.79..346.01 rows=89 width=121)
	  Sort Key: c
	  ->  Index Scan using sbtest7_pkey on sbtest7  (cost=0.43..342.91 rows=89 width=121)
	        Index Cond: ((id >= 7565117) AND (id <= 7565216))

table 8 : explain SELECT c FROM sbtest8 WHERE id BETWEEN 924964 AND 925063 ORDER BY c
	Sort  (cost=374.27..374.51 rows=96 width=121)
	  Sort Key: c
	  ->  Index Scan using sbtest8_pkey on sbtest8  (cost=0.43..371.11 rows=96 width=121)
	        Index Cond: ((id >= 924964) AND (id <= 925063))

explain: for point_selects :: explain SELECT c FROM sbtest%u WHERE id=%u
explain: for point_selects :: explain SELECT c FROM sbtest%u WHERE id=%u
for: sum_ranges
table 1 : explain SELECT SUM(k) FROM sbtest1 WHERE id BETWEEN 6557826 AND 6557925
	Aggregate  (cost=385.37..385.38 rows=1 width=8)
	  ->  Index Scan using sbtest1_pkey on sbtest1  (cost=0.43..385.12 rows=100 width=4)
	        Index Cond: ((id >= 6557826) AND (id <= 6557925))

table 2 : explain SELECT SUM(k) FROM sbtest2 WHERE id BETWEEN 7207243 AND 7207342
	Aggregate  (cost=388.58..388.59 rows=1 width=8)
	  ->  Index Scan using sbtest2_pkey on sbtest2  (cost=0.43..388.33 rows=101 width=4)
	        Index Cond: ((id >= 7207243) AND (id <= 7207342))

table 3 : explain SELECT SUM(k) FROM sbtest3 WHERE id BETWEEN 101782 AND 101881
	Aggregate  (cost=394.71..394.72 rows=1 width=8)
	  ->  Index Scan using sbtest3_pkey on sbtest3  (cost=0.43..394.45 rows=103 width=4)
	        Index Cond: ((id >= 101782) AND (id <= 101881))

table 4 : explain SELECT SUM(k) FROM sbtest4 WHERE id BETWEEN 9237992 AND 9238091
	Aggregate  (cost=380.84..380.85 rows=1 width=8)
	  ->  Index Scan using sbtest4_pkey on sbtest4  (cost=0.43..380.60 rows=99 width=4)
	        Index Cond: ((id >= 9237992) AND (id <= 9238091))

table 5 : explain SELECT SUM(k) FROM sbtest5 WHERE id BETWEEN 8988543 AND 8988642
	Aggregate  (cost=389.84..389.85 rows=1 width=8)
	  ->  Index Scan using sbtest5_pkey on sbtest5  (cost=0.43..389.59 rows=101 width=4)
	        Index Cond: ((id >= 8988543) AND (id <= 8988642))

table 6 : explain SELECT SUM(k) FROM sbtest6 WHERE id BETWEEN 6926398 AND 6926497
	Aggregate  (cost=410.75..410.76 rows=1 width=8)
	  ->  Index Scan using sbtest6_pkey on sbtest6  (cost=0.43..410.48 rows=107 width=4)
	        Index Cond: ((id >= 6926398) AND (id <= 6926497))

table 7 : explain SELECT SUM(k) FROM sbtest7 WHERE id BETWEEN 744147 AND 744246
	Aggregate  (cost=381.15..381.16 rows=1 width=8)
	  ->  Index Scan using sbtest7_pkey on sbtest7  (cost=0.43..380.90 rows=99 width=4)
	        Index Cond: ((id >= 744147) AND (id <= 744246))

table 8 : explain SELECT SUM(k) FROM sbtest8 WHERE id BETWEEN 1817193 AND 1817292
	Aggregate  (cost=417.23..417.24 rows=1 width=8)
	  ->  Index Scan using sbtest8_pkey on sbtest8  (cost=0.43..416.96 rows=108 width=4)
	        Index Cond: ((id >= 1817193) AND (id <= 1817292))

for: order_ranges
table 1 : explain SELECT c FROM sbtest1 WHERE id BETWEEN 7882419 AND 7882518 ORDER BY c
	Sort  (cost=384.54..384.79 rows=99 width=121)
	  Sort Key: c
	  ->  Index Scan using sbtest1_pkey on sbtest1  (cost=0.43..381.26 rows=99 width=121)
	        Index Cond: ((id >= 7882419) AND (id <= 7882518))

table 2 : explain SELECT c FROM sbtest2 WHERE id BETWEEN 8048394 AND 8048493 ORDER BY c
	Sort  (cost=384.02..384.26 rows=99 width=121)
	  Sort Key: c
	  ->  Index Scan using sbtest2_pkey on sbtest2  (cost=0.43..380.73 rows=99 width=121)
	        Index Cond: ((id >= 8048394) AND (id <= 8048493))

table 3 : explain SELECT c FROM sbtest3 WHERE id BETWEEN 27379 AND 27478 ORDER BY c
	Sort  (cost=439.95..440.24 rows=114 width=121)
	  Sort Key: c
	  ->  Index Scan using sbtest3_pkey on sbtest3  (cost=0.43..436.06 rows=114 width=121)
	        Index Cond: ((id >= 27379) AND (id <= 27478))

table 4 : explain SELECT c FROM sbtest4 WHERE id BETWEEN 8328758 AND 8328857 ORDER BY c
	Sort  (cost=380.04..380.29 rows=98 width=121)
	  Sort Key: c
	  ->  Index Scan using sbtest4_pkey on sbtest4  (cost=0.43..376.80 rows=98 width=121)
	        Index Cond: ((id >= 8328758) AND (id <= 8328857))

table 5 : explain SELECT c FROM sbtest5 WHERE id BETWEEN 4975215 AND 4975314 ORDER BY c
	Sort  (cost=377.55..377.79 rows=97 width=121)
	  Sort Key: c
	  ->  Index Scan using sbtest5_pkey on sbtest5  (cost=0.43..374.35 rows=97 width=121)
	        Index Cond: ((id >= 4975215) AND (id <= 4975314))

table 6 : explain SELECT c FROM sbtest6 WHERE id BETWEEN 1851532 AND 1851631 ORDER BY c
	Sort  (cost=417.92..418.19 rows=108 width=121)
	  Sort Key: c
	  ->  Index Scan using sbtest6_pkey on sbtest6  (cost=0.43..414.27 rows=108 width=121)
	        Index Cond: ((id >= 1851532) AND (id <= 1851631))

table 7 : explain SELECT c FROM sbtest7 WHERE id BETWEEN 2619646 AND 2619745 ORDER BY c
	Sort  (cost=395.76..396.02 rows=102 width=121)
	  Sort Key: c
	  ->  Index Scan using sbtest7_pkey on sbtest7  (cost=0.43..392.36 rows=102 width=121)
	        Index Cond: ((id >= 2619646) AND (id <= 2619745))

table 8 : explain SELECT c FROM sbtest8 WHERE id BETWEEN 1021025 AND 1021124 ORDER BY c
	Sort  (cost=401.32..401.58 rows=103 width=121)
	  Sort Key: c
	  ->  Index Scan using sbtest8_pkey on sbtest8  (cost=0.43..397.87 rows=103 width=121)
	        Index Cond: ((id >= 1021025) AND (id <= 1021124))

for point_selects
table 1 : explain SELECT c FROM sbtest1 WHERE id=8426930
	Index Scan using sbtest1_pkey on sbtest1  (cost=0.43..8.45 rows=1 width=121)
	  Index Cond: (id = 8426930)

table 2 : explain SELECT c FROM sbtest2 WHERE id=1255509
	Index Scan using sbtest2_pkey on sbtest2  (cost=0.43..8.45 rows=1 width=121)
	  Index Cond: (id = 1255509)

table 3 : explain SELECT c FROM sbtest3 WHERE id=1507337
	Index Scan using sbtest3_pkey on sbtest3  (cost=0.43..8.45 rows=1 width=121)
	  Index Cond: (id = 1507337)

table 4 : explain SELECT c FROM sbtest4 WHERE id=832775
	Index Scan using sbtest4_pkey on sbtest4  (cost=0.43..8.45 rows=1 width=121)
	  Index Cond: (id = 832775)

table 5 : explain SELECT c FROM sbtest5 WHERE id=9576535
	Index Scan using sbtest5_pkey on sbtest5  (cost=0.43..8.45 rows=1 width=121)
	  Index Cond: (id = 9576535)

table 6 : explain SELECT c FROM sbtest6 WHERE id=302753
	Index Scan using sbtest6_pkey on sbtest6  (cost=0.43..8.45 rows=1 width=121)
	  Index Cond: (id = 302753)

table 7 : explain SELECT c FROM sbtest7 WHERE id=2902695
	Index Scan using sbtest7_pkey on sbtest7  (cost=0.43..8.45 rows=1 width=121)
	  Index Cond: (id = 2902695)

table 8 : explain SELECT c FROM sbtest8 WHERE id=1158610
	Index Scan using sbtest8_pkey on sbtest8  (cost=0.43..8.45 rows=1 width=121)
	  Index Cond: (id = 1158610)

explain: for point_selects :: explain SELECT c FROM sbtest%u WHERE id=%u
for point_selects
table 1 : explain SELECT c FROM sbtest1 WHERE id=6503108
	Index Scan using sbtest1_pkey on sbtest1  (cost=0.43..8.45 rows=1 width=121)
	  Index Cond: (id = 6503108)

table 2 : explain SELECT c FROM sbtest2 WHERE id=7014729
	Index Scan using sbtest2_pkey on sbtest2  (cost=0.43..8.45 rows=1 width=121)
	  Index Cond: (id = 7014729)

table 3 : explain SELECT c FROM sbtest3 WHERE id=1763505
	Index Scan using sbtest3_pkey on sbtest3  (cost=0.43..8.45 rows=1 width=121)
	  Index Cond: (id = 1763505)

table 4 : explain SELECT c FROM sbtest4 WHERE id=5354110
	Index Scan using sbtest4_pkey on sbtest4  (cost=0.43..8.45 rows=1 width=121)
	  Index Cond: (id = 5354110)

table 5 : explain SELECT c FROM sbtest5 WHERE id=1723023
	Index Scan using sbtest5_pkey on sbtest5  (cost=0.43..8.45 rows=1 width=121)
	  Index Cond: (id = 1723023)

table 6 : explain SELECT c FROM sbtest6 WHERE id=7801396
	Index Scan using sbtest6_pkey on sbtest6  (cost=0.43..8.45 rows=1 width=121)
	  Index Cond: (id = 7801396)

table 7 : explain SELECT c FROM sbtest7 WHERE id=9954231
	Index Scan using sbtest7_pkey on sbtest7  (cost=0.43..8.45 rows=1 width=121)
	  Index Cond: (id = 9954231)

table 8 : explain SELECT c FROM sbtest8 WHERE id=8113282
	Index Scan using sbtest8_pkey on sbtest8  (cost=0.43..8.45 rows=1 width=121)
	  Index Cond: (id = 8113282)

for: distinct_ranges
table 1 : explain SELECT DISTINCT c FROM sbtest1 WHERE id BETWEEN 2547094 AND 2547193 ORDER BY c
	Unique  (cost=376.86..377.34 rows=97 width=121)
	  ->  Sort  (cost=376.86..377.10 rows=97 width=121)
	        Sort Key: c
	        ->  Index Scan using sbtest1_pkey on sbtest1  (cost=0.43..373.66 rows=97 width=121)
	              Index Cond: ((id >= 2547094) AND (id <= 2547193))

table 2 : explain SELECT DISTINCT c FROM sbtest2 WHERE id BETWEEN 8945775 AND 8945874 ORDER BY c
	Unique  (cost=372.45..372.93 rows=96 width=121)
	  ->  Sort  (cost=372.45..372.69 rows=96 width=121)
	        Sort Key: c
	        ->  Index Scan using sbtest2_pkey on sbtest2  (cost=0.43..369.29 rows=96 width=121)
	              Index Cond: ((id >= 8945775) AND (id <= 8945874))

table 3 : explain SELECT DISTINCT c FROM sbtest3 WHERE id BETWEEN 301285 AND 301384 ORDER BY c
	Unique  (cost=390.25..390.75 rows=101 width=121)
	  ->  Sort  (cost=390.25..390.50 rows=101 width=121)
	        Sort Key: c
	        ->  Index Scan using sbtest3_pkey on sbtest3  (cost=0.43..386.88 rows=101 width=121)
	              Index Cond: ((id >= 301285) AND (id <= 301384))

table 4 : explain SELECT DISTINCT c FROM sbtest4 WHERE id BETWEEN 4137095 AND 4137194 ORDER BY c
	Unique  (cost=395.39..395.90 rows=102 width=121)
	  ->  Sort  (cost=395.39..395.64 rows=102 width=121)
	        Sort Key: c
	        ->  Index Scan using sbtest4_pkey on sbtest4  (cost=0.43..391.98 rows=102 width=121)
	              Index Cond: ((id >= 4137095) AND (id <= 4137194))

table 5 : explain SELECT DISTINCT c FROM sbtest5 WHERE id BETWEEN 2393526 AND 2393625 ORDER BY c
	Unique  (cost=431.46..432.01 rows=111 width=121)
	  ->  Sort  (cost=431.46..431.73 rows=111 width=121)
	        Sort Key: c
	        ->  Index Scan using sbtest5_pkey on sbtest5  (cost=0.43..427.68 rows=111 width=121)
	              Index Cond: ((id >= 2393526) AND (id <= 2393625))

table 6 : explain SELECT DISTINCT c FROM sbtest6 WHERE id BETWEEN 1771158 AND 1771257 ORDER BY c
	Unique  (cost=391.09..391.60 rows=101 width=121)
	  ->  Sort  (cost=391.09..391.35 rows=101 width=121)
	        Sort Key: c
	        ->  Index Scan using sbtest6_pkey on sbtest6  (cost=0.43..387.73 rows=101 width=121)
	              Index Cond: ((id >= 1771158) AND (id <= 1771257))

table 7 : explain SELECT DISTINCT c FROM sbtest7 WHERE id BETWEEN 2563876 AND 2563975 ORDER BY c
	Unique  (cost=357.31..357.77 rows=92 width=121)
	  ->  Sort  (cost=357.31..357.54 rows=92 width=121)
	        Sort Key: c
	        ->  Index Scan using sbtest7_pkey on sbtest7  (cost=0.43..354.31 rows=92 width=121)
	              Index Cond: ((id >= 2563876) AND (id <= 2563975))

table 8 : explain SELECT DISTINCT c FROM sbtest8 WHERE id BETWEEN 8944657 AND 8944756 ORDER BY c
	Unique  (cost=416.75..417.28 rows=107 width=121)
	  ->  Sort  (cost=416.75..417.01 rows=107 width=121)
	        Sort Key: c
	        ->  Index Scan using sbtest8_pkey on sbtest8  (cost=0.43..413.14 rows=107 width=121)
	              Index Cond: ((id >= 8944657) AND (id <= 8944756))

for: distinct_ranges
table 1 : explain SELECT DISTINCT c FROM sbtest1 WHERE id BETWEEN 8517266 AND 8517365 ORDER BY c
	Unique  (cost=373.01..373.49 rows=96 width=121)
	  ->  Sort  (cost=373.01..373.25 rows=96 width=121)
	        Sort Key: c
	        ->  Index Scan using sbtest1_pkey on sbtest1  (cost=0.43..369.85 rows=96 width=121)
	              Index Cond: ((id >= 8517266) AND (id <= 8517365))

table 2 : explain SELECT DISTINCT c FROM sbtest2 WHERE id BETWEEN 2186334 AND 2186433 ORDER BY c
	Unique  (cost=368.61..369.09 rows=95 width=121)
	  ->  Sort  (cost=368.61..368.85 rows=95 width=121)
	        Sort Key: c
	        ->  Index Scan using sbtest2_pkey on sbtest2  (cost=0.43..365.49 rows=95 width=121)
	              Index Cond: ((id >= 2186334) AND (id <= 2186433))

table 3 : explain SELECT DISTINCT c FROM sbtest3 WHERE id BETWEEN 1649179 AND 1649278 ORDER BY c
	Unique  (cost=371.07..371.55 rows=96 width=121)
	  ->  Sort  (cost=371.07..371.31 rows=96 width=121)
	        Sort Key: c
	        ->  Index Scan using sbtest3_pkey on sbtest3  (cost=0.43..367.91 rows=96 width=121)
	              Index Cond: ((id >= 1649179) AND (id <= 1649278))

table 4 : explain SELECT DISTINCT c FROM sbtest4 WHERE id BETWEEN 9313132 AND 9313231 ORDER BY c
	Unique  (cost=380.04..380.53 rows=98 width=121)
	  ->  Sort  (cost=380.04..380.29 rows=98 width=121)
	        Sort Key: c
	        ->  Index Scan using sbtest4_pkey on sbtest4  (cost=0.43..376.80 rows=98 width=121)
	              Index Cond: ((id >= 9313132) AND (id <= 9313231))

table 5 : explain SELECT DISTINCT c FROM sbtest5 WHERE id BETWEEN 8064437 AND 8064536 ORDER BY c
	Unique  (cost=392.95..393.45 rows=101 width=121)
	  ->  Sort  (cost=392.95..393.20 rows=101 width=121)
	        Sort Key: c
	        ->  Index Scan using sbtest5_pkey on sbtest5  (cost=0.43..389.59 rows=101 width=121)
	              Index Cond: ((id >= 8064437) AND (id <= 8064536))

table 6 : explain SELECT DISTINCT c FROM sbtest6 WHERE id BETWEEN 4293260 AND 4293359 ORDER BY c
	Unique  (cost=364.22..364.69 rows=94 width=121)
	  ->  Sort  (cost=364.22..364.45 rows=94 width=121)
	        Sort Key: c
	        ->  Index Scan using sbtest6_pkey on sbtest6  (cost=0.43..361.14 rows=94 width=121)
	              Index Cond: ((id >= 4293260) AND (id <= 4293359))

table 7 : explain SELECT DISTINCT c FROM sbtest7 WHERE id BETWEEN 9737482 AND 9737581 ORDER BY c
	Unique  (cost=380.35..380.84 rows=98 width=121)
	  ->  Sort  (cost=380.35..380.59 rows=98 width=121)
	        Sort Key: c
	        ->  Index Scan using sbtest7_pkey on sbtest7  (cost=0.43..377.10 rows=98 width=121)
	              Index Cond: ((id >= 9737482) AND (id <= 9737581))

table 8 : explain SELECT DISTINCT c FROM sbtest8 WHERE id BETWEEN 2615399 AND 2615498 ORDER BY c
	Unique  (cost=385.89..386.39 rows=99 width=121)
	  ->  Sort  (cost=385.89..386.14 rows=99 width=121)
	        Sort Key: c
	        ->  Index Scan using sbtest8_pkey on sbtest8  (cost=0.43..382.61 rows=99 width=121)
	              Index Cond: ((id >= 2615399) AND (id <= 2615498))

for: order_ranges
table 1 : explain SELECT c FROM sbtest1 WHERE id BETWEEN 2215038 AND 2215137 ORDER BY c
	Sort  (cost=407.66..407.92 rows=105 width=121)
	  Sort Key: c
	  ->  Index Scan using sbtest1_pkey on sbtest1  (cost=0.43..404.13 rows=105 width=121)
	        Index Cond: ((id >= 2215038) AND (id <= 2215137))

table 2 : explain SELECT c FROM sbtest2 WHERE id BETWEEN 9817986 AND 9818085 ORDER BY c
	Sort  (cost=403.20..403.46 rows=104 width=121)
	  Sort Key: c
	  ->  Index Scan using sbtest2_pkey on sbtest2  (cost=0.43..399.72 rows=104 width=121)
	        Index Cond: ((id >= 9817986) AND (id <= 9818085))

table 3 : explain SELECT c FROM sbtest3 WHERE id BETWEEN 112762 AND 112861 ORDER BY c
	Sort  (cost=397.89..398.15 rows=103 width=121)
	  Sort Key: c
	  ->  Index Scan using sbtest3_pkey on sbtest3  (cost=0.43..394.45 rows=103 width=121)
	        Index Cond: ((id >= 112762) AND (id <= 112861))

table 4 : explain SELECT c FROM sbtest4 WHERE id BETWEEN 5745568 AND 5745667 ORDER BY c
	Sort  (cost=399.22..399.48 rows=103 width=121)
	  Sort Key: c
	  ->  Index Scan using sbtest4_pkey on sbtest4  (cost=0.43..395.78 rows=103 width=121)
	        Index Cond: ((id >= 5745568) AND (id <= 5745667))

table 5 : explain SELECT c FROM sbtest5 WHERE id BETWEEN 5733336 AND 5733435 ORDER BY c
	Sort  (cost=423.75..424.03 rows=109 width=121)
	  Sort Key: c
	  ->  Index Scan using sbtest5_pkey on sbtest5  (cost=0.43..420.07 rows=109 width=121)
	        Index Cond: ((id >= 5733336) AND (id <= 5733435))

table 6 : explain SELECT c FROM sbtest6 WHERE id BETWEEN 8766606 AND 8766705 ORDER BY c
	Sort  (cost=368.05..368.29 rows=95 width=121)
	  Sort Key: c
	  ->  Index Scan using sbtest6_pkey on sbtest6  (cost=0.43..364.93 rows=95 width=121)
	        Index Cond: ((id >= 8766606) AND (id <= 8766705))

table 7 : explain SELECT c FROM sbtest7 WHERE id BETWEEN 8981527 AND 8981626 ORDER BY c
	Sort  (cost=399.60..399.86 rows=103 width=121)
	  Sort Key: c
	  ->  Index Scan using sbtest7_pkey on sbtest7  (cost=0.43..396.16 rows=103 width=121)
	        Index Cond: ((id >= 8981527) AND (id <= 8981626))

table 8 : explain SELECT c FROM sbtest8 WHERE id BETWEEN 3613632 AND 3613731 ORDER BY c
	Sort  (cost=405.18..405.44 rows=104 width=121)
	  Sort Key: c
	  ->  Index Scan using sbtest8_pkey on sbtest8  (cost=0.43..401.69 rows=104 width=121)
	        Index Cond: ((id >= 3613632) AND (id <= 3613731))

for: distinct_ranges
table 1 : explain SELECT DISTINCT c FROM sbtest1 WHERE id BETWEEN 2171768 AND 2171867 ORDER BY c
	Unique  (cost=361.48..361.95 rows=93 width=121)
	  ->  Sort  (cost=361.48..361.72 rows=93 width=121)
	        Sort Key: c
	        ->  Index Scan using sbtest1_pkey on sbtest1  (cost=0.43..358.44 rows=93 width=121)
	              Index Cond: ((id >= 2171768) AND (id <= 2171867))

table 2 : explain SELECT DISTINCT c FROM sbtest2 WHERE id BETWEEN 2445082 AND 2445181 ORDER BY c
	Unique  (cost=391.69..392.20 rows=101 width=121)
	  ->  Sort  (cost=391.69..391.94 rows=101 width=121)
	        Sort Key: c
	        ->  Index Scan using sbtest2_pkey on sbtest2  (cost=0.43..388.33 rows=101 width=121)
	              Index Cond: ((id >= 2445082) AND (id <= 2445181))

table 3 : explain SELECT DISTINCT c FROM sbtest3 WHERE id BETWEEN 1321796 AND 1321895 ORDER BY c
	Unique  (cost=417.01..417.55 rows=108 width=121)
	  ->  Sort  (cost=417.01..417.28 rows=108 width=121)
	        Sort Key: c
	        ->  Index Scan using sbtest3_pkey on sbtest3  (cost=0.43..413.36 rows=108 width=121)
	              Index Cond: ((id >= 1321796) AND (id <= 1321895))

table 4 : explain SELECT DISTINCT c FROM sbtest4 WHERE id BETWEEN 6575871 AND 6575970 ORDER BY c
	Unique  (cost=391.55..392.06 rows=101 width=121)
	  ->  Sort  (cost=391.55..391.80 rows=101 width=121)
	        Sort Key: c
	        ->  Index Scan using sbtest4_pkey on sbtest4  (cost=0.43..388.19 rows=101 width=121)
	              Index Cond: ((id >= 6575871) AND (id <= 6575970))

table 5 : explain SELECT DISTINCT c FROM sbtest5 WHERE id BETWEEN 7879655 AND 7879754 ORDER BY c
	Unique  (cost=381.40..381.89 rows=98 width=121)
	  ->  Sort  (cost=381.40..381.64 rows=98 width=121)
	        Sort Key: c
	        ->  Index Scan using sbtest5_pkey on sbtest5  (cost=0.43..378.16 rows=98 width=121)
	              Index Cond: ((id >= 7879655) AND (id <= 7879754))

table 6 : explain SELECT DISTINCT c FROM sbtest6 WHERE id BETWEEN 7004717 AND 7004816 ORDER BY c
	Unique  (cost=360.39..360.85 rows=93 width=121)
	  ->  Sort  (cost=360.39..360.62 rows=93 width=121)
	        Sort Key: c
	        ->  Index Scan using sbtest6_pkey on sbtest6  (cost=0.43..357.35 rows=93 width=121)
	              Index Cond: ((id >= 7004717) AND (id <= 7004816))

table 7 : explain SELECT DISTINCT c FROM sbtest7 WHERE id BETWEEN 280142 AND 280241 ORDER BY c
	Unique  (cost=380.35..380.84 rows=98 width=121)
	  ->  Sort  (cost=380.35..380.59 rows=98 width=121)
	        Sort Key: c
	        ->  Index Scan using sbtest7_pkey on sbtest7  (cost=0.43..377.10 rows=98 width=121)
	              Index Cond: ((id >= 280142) AND (id <= 280241))

table 8 : explain SELECT DISTINCT c FROM sbtest8 WHERE id BETWEEN 8410748 AND 8410847 ORDER BY c
	Unique  (cost=378.13..378.61 rows=97 width=121)
	  ->  Sort  (cost=378.13..378.37 rows=97 width=121)
	        Sort Key: c
	        ->  Index Scan using sbtest8_pkey on sbtest8  (cost=0.43..374.93 rows=97 width=121)
	              Index Cond: ((id >= 8410748) AND (id <= 8410847))

for: simple_ranges
table 1 : explain SELECT c FROM sbtest1 WHERE id BETWEEN 6437899 AND 6437998
	Index Scan using sbtest1_pkey on sbtest1  (cost=0.43..392.72 rows=102 width=121)
	  Index Cond: ((id >= 6437899) AND (id <= 6437998))

table 2 : explain SELECT c FROM sbtest2 WHERE id BETWEEN 3401511 AND 3401610
	Index Scan using sbtest2_pkey on sbtest2  (cost=0.43..350.30 rows=91 width=121)
	  Index Cond: ((id >= 3401511) AND (id <= 3401610))

table 3 : explain SELECT c FROM sbtest3 WHERE id BETWEEN 9638855 AND 9638954
	Index Scan using sbtest3_pkey on sbtest3  (cost=0.43..390.67 rows=102 width=121)
	  Index Cond: ((id >= 9638855) AND (id <= 9638954))

table 4 : explain SELECT c FROM sbtest4 WHERE id BETWEEN 7074557 AND 7074656
	Index Scan using sbtest4_pkey on sbtest4  (cost=0.43..384.39 rows=100 width=121)
	  Index Cond: ((id >= 7074557) AND (id <= 7074656))

table 5 : explain SELECT c FROM sbtest5 WHERE id BETWEEN 6156582 AND 6156681
	Index Scan using sbtest5_pkey on sbtest5  (cost=0.43..397.21 rows=103 width=121)
	  Index Cond: ((id >= 6156582) AND (id <= 6156681))

table 6 : explain SELECT c FROM sbtest6 WHERE id BETWEEN 2780758 AND 2780857
	Index Scan using sbtest6_pkey on sbtest6  (cost=0.43..437.02 rows=114 width=121)
	  Index Cond: ((id >= 2780758) AND (id <= 2780857))

table 7 : explain SELECT c FROM sbtest7 WHERE id BETWEEN 8299547 AND 8299646
	Index Scan using sbtest7_pkey on sbtest7  (cost=0.43..399.96 rows=104 width=121)
	  Index Cond: ((id >= 8299547) AND (id <= 8299646))

table 8 : explain SELECT c FROM sbtest8 WHERE id BETWEEN 5853345 AND 5853444
	Index Scan using sbtest8_pkey on sbtest8  (cost=0.43..386.43 rows=100 width=121)
	  Index Cond: ((id >= 5853345) AND (id <= 5853444))

explain: for index_updates :: explain UPDATE sbtest%u SET k=k+1 WHERE id=%u
explain: for index_updates :: explain UPDATE sbtest%u SET k=k+1 WHERE id=%u
for: order_ranges
table 1 : explain SELECT c FROM sbtest1 WHERE id BETWEEN 2389254 AND 2389353 ORDER BY c
	Sort  (cost=376.86..377.10 rows=97 width=121)
	  Sort Key: c
	  ->  Index Scan using sbtest1_pkey on sbtest1  (cost=0.43..373.66 rows=97 width=121)
	        Index Cond: ((id >= 2389254) AND (id <= 2389353))

table 2 : explain SELECT c FROM sbtest2 WHERE id BETWEEN 8123669 AND 8123768 ORDER BY c
	Sort  (cost=387.85..388.10 rows=100 width=121)
	  Sort Key: c
	  ->  Index Scan using sbtest2_pkey on sbtest2  (cost=0.43..384.53 rows=100 width=121)
	        Index Cond: ((id >= 8123669) AND (id <= 8123768))

table 3 : explain SELECT c FROM sbtest3 WHERE id BETWEEN 2631002 AND 2631101 ORDER BY c
	Sort  (cost=394.07..394.32 rows=102 width=121)
	  Sort Key: c
	  ->  Index Scan using sbtest3_pkey on sbtest3  (cost=0.43..390.67 rows=102 width=121)
	        Index Cond: ((id >= 2631002) AND (id <= 2631101))

table 4 : explain SELECT c FROM sbtest4 WHERE id BETWEEN 7817030 AND 7817129 ORDER BY c
	Sort  (cost=406.90..407.16 rows=105 width=121)
	  Sort Key: c
	  ->  Index Scan using sbtest4_pkey on sbtest4  (cost=0.43..403.37 rows=105 width=121)
	        Index Cond: ((id >= 7817030) AND (id <= 7817129))

table 5 : explain SELECT c FROM sbtest5 WHERE id BETWEEN 8676114 AND 8676213 ORDER BY c
	Sort  (cost=342.85..343.07 rows=88 width=121)
	  Sort Key: c
	  ->  Index Scan using sbtest5_pkey on sbtest5  (cost=0.43..340.01 rows=88 width=121)
	        Index Cond: ((id >= 8676114) AND (id <= 8676213))

table 6 : explain SELECT c FROM sbtest6 WHERE id BETWEEN 7489834 AND 7489933 ORDER BY c
	Sort  (cost=379.60..379.85 rows=98 width=121)
	  Sort Key: c
	  ->  Index Scan using sbtest6_pkey on sbtest6  (cost=0.43..376.36 rows=98 width=121)
	        Index Cond: ((id >= 7489834) AND (id <= 7489933))

table 7 : explain SELECT c FROM sbtest7 WHERE id BETWEEN 7423319 AND 7423418 ORDER BY c
	Sort  (cost=407.28..407.54 rows=105 width=121)
	  Sort Key: c
	  ->  Index Scan using sbtest7_pkey on sbtest7  (cost=0.43..403.76 rows=105 width=121)
	        Index Cond: ((id >= 7423319) AND (id <= 7423418))

table 8 : explain SELECT c FROM sbtest8 WHERE id BETWEEN 394900 AND 394999 ORDER BY c
	Sort  (cost=389.75..390.00 rows=100 width=121)
	  Sort Key: c
	  ->  Index Scan using sbtest8_pkey on sbtest8  (cost=0.43..386.43 rows=100 width=121)
	        Index Cond: ((id >= 394900) AND (id <= 394999))

explain: for index_updates :: explain UPDATE sbtest%u SET k=k+1 WHERE id=%u
for: order_ranges
table 1 : explain SELECT c FROM sbtest1 WHERE id BETWEEN 3602312 AND 3602411 ORDER BY c
	Sort  (cost=357.64..357.87 rows=92 width=121)
	  Sort Key: c
	  ->  Index Scan using sbtest1_pkey on sbtest1  (cost=0.43..354.64 rows=92 width=121)
	        Index Cond: ((id >= 3602312) AND (id <= 3602411))

table 2 : explain SELECT c FROM sbtest2 WHERE id BETWEEN 5648477 AND 5648576 ORDER BY c
	Sort  (cost=368.61..368.85 rows=95 width=121)
	  Sort Key: c
	  ->  Index Scan using sbtest2_pkey on sbtest2  (cost=0.43..365.49 rows=95 width=121)
	        Index Cond: ((id >= 5648477) AND (id <= 5648576))

table 3 : explain SELECT c FROM sbtest3 WHERE id BETWEEN 649251 AND 649350 ORDER BY c
	Sort  (cost=417.01..417.28 rows=108 width=121)
	  Sort Key: c
	  ->  Index Scan using sbtest3_pkey on sbtest3  (cost=0.43..413.36 rows=108 width=121)
	        Index Cond: ((id >= 649251) AND (id <= 649350))

table 4 : explain SELECT c FROM sbtest4 WHERE id BETWEEN 6322860 AND 6322959 ORDER BY c
	Sort  (cost=376.21..376.45 rows=97 width=121)
	  Sort Key: c
	  ->  Index Scan using sbtest4_pkey on sbtest4  (cost=0.43..373.01 rows=97 width=121)
	        Index Cond: ((id >= 6322860) AND (id <= 6322959))

table 5 : explain SELECT c FROM sbtest5 WHERE id BETWEEN 2947119 AND 2947218 ORDER BY c
	Sort  (cost=381.40..381.64 rows=98 width=121)
	  Sort Key: c
	  ->  Index Scan using sbtest5_pkey on sbtest5  (cost=0.43..378.16 rows=98 width=121)
	        Index Cond: ((id >= 2947119) AND (id <= 2947218))

table 6 : explain SELECT c FROM sbtest6 WHERE id BETWEEN 5951842 AND 5951941 ORDER BY c
	Sort  (cost=368.05..368.29 rows=95 width=121)
	  Sort Key: c
	  ->  Index Scan using sbtest6_pkey on sbtest6  (cost=0.43..364.93 rows=95 width=121)
	        Index Cond: ((id >= 5951842) AND (id <= 5951941))

table 7 : explain SELECT c FROM sbtest7 WHERE id BETWEEN 2013387 AND 2013486 ORDER BY c
	Sort  (cost=403.44..403.70 rows=104 width=121)
	  Sort Key: c
	  ->  Index Scan using sbtest7_pkey on sbtest7  (cost=0.43..399.96 rows=104 width=121)
	        Index Cond: ((id >= 2013387) AND (id <= 2013486))

table 8 : explain SELECT c FROM sbtest8 WHERE id BETWEEN 9197449 AND 9197548 ORDER BY c
	Sort  (cost=397.46..397.72 rows=102 width=121)
	  Sort Key: c
	  ->  Index Scan using sbtest8_pkey on sbtest8  (cost=0.43..394.06 rows=102 width=121)
	        Index Cond: ((id >= 9197449) AND (id <= 9197548))

for: distinct_ranges
table 1 : explain SELECT DISTINCT c FROM sbtest1 WHERE id BETWEEN 3184870 AND 3184969 ORDER BY c
	Unique  (cost=365.33..365.80 rows=94 width=121)
	  ->  Sort  (cost=365.33..365.56 rows=94 width=121)
	        Sort Key: c
	        ->  Index Scan using sbtest1_pkey on sbtest1  (cost=0.43..362.25 rows=94 width=121)
	              Index Cond: ((id >= 3184870) AND (id <= 3184969))

table 2 : explain SELECT DISTINCT c FROM sbtest2 WHERE id BETWEEN 2191861 AND 2191960 ORDER BY c
	Unique  (cost=368.61..369.09 rows=95 width=121)
	  ->  Sort  (cost=368.61..368.85 rows=95 width=121)
	        Sort Key: c
	        ->  Index Scan using sbtest2_pkey on sbtest2  (cost=0.43..365.49 rows=95 width=121)
	              Index Cond: ((id >= 2191861) AND (id <= 2191960))

table 3 : explain SELECT DISTINCT c FROM sbtest3 WHERE id BETWEEN 1423994 AND 1424093 ORDER BY c
	Unique  (cost=401.72..402.24 rows=104 width=121)
	  ->  Sort  (cost=401.72..401.98 rows=104 width=121)
	        Sort Key: c
	        ->  Index Scan using sbtest3_pkey on sbtest3  (cost=0.43..398.23 rows=104 width=121)
	              Index Cond: ((id >= 1423994) AND (id <= 1424093))

table 4 : explain SELECT DISTINCT c FROM sbtest4 WHERE id BETWEEN 721544 AND 721643 ORDER BY c
	Unique  (cost=387.71..388.21 rows=100 width=121)
	  ->  Sort  (cost=387.71..387.96 rows=100 width=121)
	        Sort Key: c
	        ->  Index Scan using sbtest4_pkey on sbtest4  (cost=0.43..384.39 rows=100 width=121)
	              Index Cond: ((id >= 721544) AND (id <= 721643))

table 5 : explain SELECT DISTINCT c FROM sbtest5 WHERE id BETWEEN 5208749 AND 5208848 ORDER BY c
	Unique  (cost=381.40..381.89 rows=98 width=121)
	  ->  Sort  (cost=381.40..381.64 rows=98 width=121)
	        Sort Key: c
	        ->  Index Scan using sbtest5_pkey on sbtest5  (cost=0.43..378.16 rows=98 width=121)
	              Index Cond: ((id >= 5208749) AND (id <= 5208848))

table 6 : explain SELECT DISTINCT c FROM sbtest6 WHERE id BETWEEN 4591079 AND 4591178 ORDER BY c
	Unique  (cost=406.42..406.95 rows=105 width=121)
	  ->  Sort  (cost=406.42..406.68 rows=105 width=121)
	        Sort Key: c
	        ->  Index Scan using sbtest6_pkey on sbtest6  (cost=0.43..402.90 rows=105 width=121)
	              Index Cond: ((id >= 4591079) AND (id <= 4591178))

table 7 : explain SELECT DISTINCT c FROM sbtest7 WHERE id BETWEEN 5745414 AND 5745513 ORDER BY c
	Unique  (cost=391.92..392.43 rows=101 width=121)
	  ->  Sort  (cost=391.92..392.17 rows=101 width=121)
	        Sort Key: c
	        ->  Index Scan using sbtest7_pkey on sbtest7  (cost=0.43..388.56 rows=101 width=121)
	              Index Cond: ((id >= 5745414) AND (id <= 5745513))

table 8 : explain SELECT DISTINCT c FROM sbtest8 WHERE id BETWEEN 5869585 AND 5869684 ORDER BY c
	Unique  (cost=389.75..390.25 rows=100 width=121)
	  ->  Sort  (cost=389.75..390.00 rows=100 width=121)
	        Sort Key: c
	        ->  Index Scan using sbtest8_pkey on sbtest8  (cost=0.43..386.43 rows=100 width=121)
	              Index Cond: ((id >= 5869585) AND (id <= 5869684))

for index_updates
table 1 : explain UPDATE sbtest1 SET k=k+1 WHERE id=9241572
	Update on sbtest1  (cost=0.43..8.46 rows=0 width=0)
	  ->  Index Scan using sbtest1_pkey on sbtest1  (cost=0.43..8.46 rows=1 width=10)
	        Index Cond: (id = 9241572)

table 2 : explain UPDATE sbtest2 SET k=k+1 WHERE id=6358081
	Update on sbtest2  (cost=0.43..8.46 rows=0 width=0)
	  ->  Index Scan using sbtest2_pkey on sbtest2  (cost=0.43..8.46 rows=1 width=10)
	        Index Cond: (id = 6358081)

table 3 : explain UPDATE sbtest3 SET k=k+1 WHERE id=8013213
	Update on sbtest3  (cost=0.43..8.46 rows=0 width=0)
	  ->  Index Scan using sbtest3_pkey on sbtest3  (cost=0.43..8.46 rows=1 width=10)
	        Index Cond: (id = 8013213)

table 4 : explain UPDATE sbtest4 SET k=k+1 WHERE id=4464743
	Update on sbtest4  (cost=0.43..8.46 rows=0 width=0)
	  ->  Index Scan using sbtest4_pkey on sbtest4  (cost=0.43..8.46 rows=1 width=10)
	        Index Cond: (id = 4464743)

table 5 : explain UPDATE sbtest5 SET k=k+1 WHERE id=1037921
	Update on sbtest5  (cost=0.43..8.46 rows=0 width=0)
	  ->  Index Scan using sbtest5_pkey on sbtest5  (cost=0.43..8.46 rows=1 width=10)
	        Index Cond: (id = 1037921)

table 6 : explain UPDATE sbtest6 SET k=k+1 WHERE id=5004578
	Update on sbtest6  (cost=0.43..8.46 rows=0 width=0)
	  ->  Index Scan using sbtest6_pkey on sbtest6  (cost=0.43..8.46 rows=1 width=10)
	        Index Cond: (id = 5004578)

table 7 : explain UPDATE sbtest7 SET k=k+1 WHERE id=8094780
	Update on sbtest7  (cost=0.43..8.46 rows=0 width=0)
	  ->  Index Scan using sbtest7_pkey on sbtest7  (cost=0.43..8.46 rows=1 width=10)
	        Index Cond: (id = 8094780)

table 8 : explain UPDATE sbtest8 SET k=k+1 WHERE id=8556755
	Update on sbtest8  (cost=0.43..8.46 rows=0 width=0)
	  ->  Index Scan using sbtest8_pkey on sbtest8  (cost=0.43..8.46 rows=1 width=10)
	        Index Cond: (id = 8556755)

for index_updates
table 1 : explain UPDATE sbtest1 SET k=k+1 WHERE id=3929855
	Update on sbtest1  (cost=0.43..8.46 rows=0 width=0)
	  ->  Index Scan using sbtest1_pkey on sbtest1  (cost=0.43..8.46 rows=1 width=10)
	        Index Cond: (id = 3929855)

table 2 : explain UPDATE sbtest2 SET k=k+1 WHERE id=629197
	Update on sbtest2  (cost=0.43..8.46 rows=0 width=0)
	  ->  Index Scan using sbtest2_pkey on sbtest2  (cost=0.43..8.46 rows=1 width=10)
	        Index Cond: (id = 629197)

table 3 : explain UPDATE sbtest3 SET k=k+1 WHERE id=7851491
	Update on sbtest3  (cost=0.43..8.46 rows=0 width=0)
	  ->  Index Scan using sbtest3_pkey on sbtest3  (cost=0.43..8.46 rows=1 width=10)
	        Index Cond: (id = 7851491)

table 4 : explain UPDATE sbtest4 SET k=k+1 WHERE id=1511827
	Update on sbtest4  (cost=0.43..8.46 rows=0 width=0)
	  ->  Index Scan using sbtest4_pkey on sbtest4  (cost=0.43..8.46 rows=1 width=10)
	        Index Cond: (id = 1511827)

table 5 : explain UPDATE sbtest5 SET k=k+1 WHERE id=2934918
	Update on sbtest5  (cost=0.43..8.46 rows=0 width=0)
	  ->  Index Scan using sbtest5_pkey on sbtest5  (cost=0.43..8.46 rows=1 width=10)
	        Index Cond: (id = 2934918)

table 6 : explain UPDATE sbtest6 SET k=k+1 WHERE id=4881901
	Update on sbtest6  (cost=0.43..8.46 rows=0 width=0)
	  ->  Index Scan using sbtest6_pkey on sbtest6  (cost=0.43..8.46 rows=1 width=10)
	        Index Cond: (id = 4881901)

table 7 : explain UPDATE sbtest7 SET k=k+1 WHERE id=1221417
	Update on sbtest7  (cost=0.43..8.46 rows=0 width=0)
	  ->  Index Scan using sbtest7_pkey on sbtest7  (cost=0.43..8.46 rows=1 width=10)
	        Index Cond: (id = 1221417)

table 8 : explain UPDATE sbtest8 SET k=k+1 WHERE id=3353327
	Update on sbtest8  (cost=0.43..8.46 rows=0 width=0)
	  ->  Index Scan using sbtest8_pkey on sbtest8  (cost=0.43..8.46 rows=1 width=10)
	        Index Cond: (id = 3353327)

explain: for index_updates :: explain UPDATE sbtest%u SET k=k+1 WHERE id=%u
for index_updates
table 1 : explain UPDATE sbtest1 SET k=k+1 WHERE id=9155516
	Update on sbtest1  (cost=0.43..8.46 rows=0 width=0)
	  ->  Index Scan using sbtest1_pkey on sbtest1  (cost=0.43..8.46 rows=1 width=10)
	        Index Cond: (id = 9155516)

table 2 : explain UPDATE sbtest2 SET k=k+1 WHERE id=9915265
	Update on sbtest2  (cost=0.43..8.46 rows=0 width=0)
	  ->  Index Scan using sbtest2_pkey on sbtest2  (cost=0.43..8.46 rows=1 width=10)
	        Index Cond: (id = 9915265)

table 3 : explain UPDATE sbtest3 SET k=k+1 WHERE id=1939172
	Update on sbtest3  (cost=0.43..8.46 rows=0 width=0)
	  ->  Index Scan using sbtest3_pkey on sbtest3  (cost=0.43..8.46 rows=1 width=10)
	        Index Cond: (id = 1939172)

table 4 : explain UPDATE sbtest4 SET k=k+1 WHERE id=1344217
	Update on sbtest4  (cost=0.43..8.46 rows=0 width=0)
	  ->  Index Scan using sbtest4_pkey on sbtest4  (cost=0.43..8.46 rows=1 width=10)
	        Index Cond: (id = 1344217)

table 5 : explain UPDATE sbtest5 SET k=k+1 WHERE id=3487120
	Update on sbtest5  (cost=0.43..8.46 rows=0 width=0)
	  ->  Index Scan using sbtest5_pkey on sbtest5  (cost=0.43..8.46 rows=1 width=10)
	        Index Cond: (id = 3487120)

table 6 : explain UPDATE sbtest6 SET k=k+1 WHERE id=4928618
	Update on sbtest6  (cost=0.43..8.46 rows=0 width=0)
	  ->  Index Scan using sbtest6_pkey on sbtest6  (cost=0.43..8.46 rows=1 width=10)
	        Index Cond: (id = 4928618)

table 7 : explain UPDATE sbtest7 SET k=k+1 WHERE id=7855936
	Update on sbtest7  (cost=0.43..8.46 rows=0 width=0)
	  ->  Index Scan using sbtest7_pkey on sbtest7  (cost=0.43..8.46 rows=1 width=10)
	        Index Cond: (id = 7855936)

table 8 : explain UPDATE sbtest8 SET k=k+1 WHERE id=1404141
	Update on sbtest8  (cost=0.43..8.46 rows=0 width=0)
	  ->  Index Scan using sbtest8_pkey on sbtest8  (cost=0.43..8.46 rows=1 width=10)
	        Index Cond: (id = 1404141)

explain: for non_index_updates :: explain UPDATE sbtest%u SET c='foobar' WHERE id=%u
explain: for non_index_updates :: explain UPDATE sbtest%u SET c='foobar' WHERE id=%u
for: distinct_ranges
table 1 : explain SELECT DISTINCT c FROM sbtest1 WHERE id BETWEEN 4060493 AND 4060592 ORDER BY c
	Unique  (cost=380.70..381.19 rows=98 width=121)
	  ->  Sort  (cost=380.70..380.94 rows=98 width=121)
	        Sort Key: c
	        ->  Index Scan using sbtest1_pkey on sbtest1  (cost=0.43..377.46 rows=98 width=121)
	              Index Cond: ((id >= 4060493) AND (id <= 4060592))

table 2 : explain SELECT DISTINCT c FROM sbtest2 WHERE id BETWEEN 6636156 AND 6636255 ORDER BY c
	Unique  (cost=376.29..376.77 rows=97 width=121)
	  ->  Sort  (cost=376.29..376.53 rows=97 width=121)
	        Sort Key: c
	        ->  Index Scan using sbtest2_pkey on sbtest2  (cost=0.43..373.08 rows=97 width=121)
	              Index Cond: ((id >= 6636156) AND (id <= 6636255))

table 3 : explain SELECT DISTINCT c FROM sbtest3 WHERE id BETWEEN 1748465 AND 1748564 ORDER BY c
	Unique  (cost=394.07..394.58 rows=102 width=121)
	  ->  Sort  (cost=394.07..394.32 rows=102 width=121)
	        Sort Key: c
	        ->  Index Scan using sbtest3_pkey on sbtest3  (cost=0.43..390.67 rows=102 width=121)
	              Index Cond: ((id >= 1748465) AND (id <= 1748564))

table 4 : explain SELECT DISTINCT c FROM sbtest4 WHERE id BETWEEN 8169488 AND 8169587 ORDER BY c
	Unique  (cost=429.92..430.47 rows=111 width=121)
	  ->  Sort  (cost=429.92..430.19 rows=111 width=121)
	        Sort Key: c
	        ->  Index Scan using sbtest4_pkey on sbtest4  (cost=0.43..426.14 rows=111 width=121)
	              Index Cond: ((id >= 8169488) AND (id <= 8169587))

table 5 : explain SELECT DISTINCT c FROM sbtest5 WHERE id BETWEEN 531166 AND 531265 ORDER BY c
	Unique  (cost=377.55..378.03 rows=97 width=121)
	  ->  Sort  (cost=377.55..377.79 rows=97 width=121)
	        Sort Key: c
	        ->  Index Scan using sbtest5_pkey on sbtest5  (cost=0.43..374.35 rows=97 width=121)
	              Index Cond: ((id >= 531166) AND (id <= 531265))

table 6 : explain SELECT DISTINCT c FROM sbtest6 WHERE id BETWEEN 820186 AND 820285 ORDER BY c
	Unique  (cost=379.60..380.09 rows=98 width=121)
	  ->  Sort  (cost=379.60..379.85 rows=98 width=121)
	        Sort Key: c
	        ->  Index Scan using sbtest6_pkey on sbtest6  (cost=0.43..376.36 rows=98 width=121)
	              Index Cond: ((id >= 820186) AND (id <= 820285))

table 7 : explain SELECT DISTINCT c FROM sbtest7 WHERE id BETWEEN 9273254 AND 9273353 ORDER BY c
	Unique  (cost=361.15..361.61 rows=93 width=121)
	  ->  Sort  (cost=361.15..361.38 rows=93 width=121)
	        Sort Key: c
	        ->  Index Scan using sbtest7_pkey on sbtest7  (cost=0.43..358.11 rows=93 width=121)
	              Index Cond: ((id >= 9273254) AND (id <= 9273353))

table 8 : explain SELECT DISTINCT c FROM sbtest8 WHERE id BETWEEN 3300572 AND 3300671 ORDER BY c
	Unique  (cost=401.32..401.83 rows=103 width=121)
	  ->  Sort  (cost=401.32..401.58 rows=103 width=121)
	        Sort Key: c
	        ->  Index Scan using sbtest8_pkey on sbtest8  (cost=0.43..397.87 rows=103 width=121)
	              Index Cond: ((id >= 3300572) AND (id <= 3300671))

for: sum_ranges
table 1 : explain SELECT SUM(k) FROM sbtest1 WHERE id BETWEEN 601536 AND 601635
	Aggregate  (cost=396.79..396.80 rows=1 width=8)
	  ->  Index Scan using sbtest1_pkey on sbtest1  (cost=0.43..396.53 rows=103 width=4)
	        Index Cond: ((id >= 601536) AND (id <= 601635))

table 2 : explain SELECT SUM(k) FROM sbtest2 WHERE id BETWEEN 7619331 AND 7619430
	Aggregate  (cost=396.18..396.19 rows=1 width=8)
	  ->  Index Scan using sbtest2_pkey on sbtest2  (cost=0.43..395.92 rows=103 width=4)
	        Index Cond: ((id >= 7619331) AND (id <= 7619430))

table 3 : explain SELECT SUM(k) FROM sbtest3 WHERE id BETWEEN 7114816 AND 7114915
	Aggregate  (cost=440.13..440.14 rows=1 width=8)
	  ->  Index Scan using sbtest3_pkey on sbtest3  (cost=0.43..439.84 rows=115 width=4)
	        Index Cond: ((id >= 7114816) AND (id <= 7114915))

table 4 : explain SELECT SUM(k) FROM sbtest4 WHERE id BETWEEN 7612381 AND 7612480
	Aggregate  (cost=407.43..407.44 rows=1 width=8)
	  ->  Index Scan using sbtest4_pkey on sbtest4  (cost=0.43..407.17 rows=106 width=4)
	        Index Cond: ((id >= 7612381) AND (id <= 7612480))

table 5 : explain SELECT SUM(k) FROM sbtest5 WHERE id BETWEEN 2911675 AND 2911774
	Aggregate  (cost=389.84..389.85 rows=1 width=8)
	  ->  Index Scan using sbtest5_pkey on sbtest5  (cost=0.43..389.59 rows=101 width=4)
	        Index Cond: ((id >= 2911675) AND (id <= 2911774))

table 6 : explain SELECT SUM(k) FROM sbtest6 WHERE id BETWEEN 3337516 AND 3337615
	Aggregate  (cost=368.96..368.97 rows=1 width=8)
	  ->  Index Scan using sbtest6_pkey on sbtest6  (cost=0.43..368.72 rows=96 width=4)
	        Index Cond: ((id >= 3337516) AND (id <= 3337615))

table 7 : explain SELECT SUM(k) FROM sbtest7 WHERE id BETWEEN 1331699 AND 1331798
	Aggregate  (cost=369.75..369.76 rows=1 width=8)
	  ->  Index Scan using sbtest7_pkey on sbtest7  (cost=0.43..369.51 rows=96 width=4)
	        Index Cond: ((id >= 1331699) AND (id <= 1331798))

table 8 : explain SELECT SUM(k) FROM sbtest8 WHERE id BETWEEN 5356074 AND 5356173
	Aggregate  (cost=375.17..375.18 rows=1 width=8)
	  ->  Index Scan using sbtest8_pkey on sbtest8  (cost=0.43..374.93 rows=97 width=4)
	        Index Cond: ((id >= 5356074) AND (id <= 5356173))

explain: for non_index_updates :: explain UPDATE sbtest%u SET c='foobar' WHERE id=%u
explain: for index_updates :: explain UPDATE sbtest%u SET k=k+1 WHERE id=%u
for index_updates
table 1 : explain UPDATE sbtest1 SET k=k+1 WHERE id=7503706
	Update on sbtest1  (cost=0.43..8.46 rows=0 width=0)
	  ->  Index Scan using sbtest1_pkey on sbtest1  (cost=0.43..8.46 rows=1 width=10)
	        Index Cond: (id = 7503706)

table 2 : explain UPDATE sbtest2 SET k=k+1 WHERE id=4226365
	Update on sbtest2  (cost=0.43..8.46 rows=0 width=0)
	  ->  Index Scan using sbtest2_pkey on sbtest2  (cost=0.43..8.46 rows=1 width=10)
	        Index Cond: (id = 4226365)

table 3 : explain UPDATE sbtest3 SET k=k+1 WHERE id=9905093
	Update on sbtest3  (cost=0.43..8.46 rows=0 width=0)
	  ->  Index Scan using sbtest3_pkey on sbtest3  (cost=0.43..8.46 rows=1 width=10)
	        Index Cond: (id = 9905093)

table 4 : explain UPDATE sbtest4 SET k=k+1 WHERE id=5723647
	Update on sbtest4  (cost=0.43..8.46 rows=0 width=0)
	  ->  Index Scan using sbtest4_pkey on sbtest4  (cost=0.43..8.46 rows=1 width=10)
	        Index Cond: (id = 5723647)

table 5 : explain UPDATE sbtest5 SET k=k+1 WHERE id=949620
	Update on sbtest5  (cost=0.43..8.46 rows=0 width=0)
	  ->  Index Scan using sbtest5_pkey on sbtest5  (cost=0.43..8.46 rows=1 width=10)
	        Index Cond: (id = 949620)

table 6 : explain UPDATE sbtest6 SET k=k+1 WHERE id=490552
	Update on sbtest6  (cost=0.43..8.46 rows=0 width=0)
	  ->  Index Scan using sbtest6_pkey on sbtest6  (cost=0.43..8.46 rows=1 width=10)
	        Index Cond: (id = 490552)

table 7 : explain UPDATE sbtest7 SET k=k+1 WHERE id=6712171
	Update on sbtest7  (cost=0.43..8.46 rows=0 width=0)
	  ->  Index Scan using sbtest7_pkey on sbtest7  (cost=0.43..8.46 rows=1 width=10)
	        Index Cond: (id = 6712171)

table 8 : explain UPDATE sbtest8 SET k=k+1 WHERE id=7275305
	Update on sbtest8  (cost=0.43..8.46 rows=0 width=0)
	  ->  Index Scan using sbtest8_pkey on sbtest8  (cost=0.43..8.46 rows=1 width=10)
	        Index Cond: (id = 7275305)

for non_index_updates
table 1 : explain UPDATE sbtest1 SET c='foobar' WHERE id=2460918
	Update on sbtest1  (cost=0.43..8.45 rows=0 width=0)
	  ->  Index Scan using sbtest1_pkey on sbtest1  (cost=0.43..8.45 rows=1 width=490)
	        Index Cond: (id = 2460918)

table 2 : explain UPDATE sbtest2 SET c='foobar' WHERE id=8771906
	Update on sbtest2  (cost=0.43..8.45 rows=0 width=0)
	  ->  Index Scan using sbtest2_pkey on sbtest2  (cost=0.43..8.45 rows=1 width=490)
	        Index Cond: (id = 8771906)

table 3 : explain UPDATE sbtest3 SET c='foobar' WHERE id=7826046
	Update on sbtest3  (cost=0.43..8.45 rows=0 width=0)
	  ->  Index Scan using sbtest3_pkey on sbtest3  (cost=0.43..8.45 rows=1 width=490)
	        Index Cond: (id = 7826046)

table 4 : explain UPDATE sbtest4 SET c='foobar' WHERE id=2392669
	Update on sbtest4  (cost=0.43..8.45 rows=0 width=0)
	  ->  Index Scan using sbtest4_pkey on sbtest4  (cost=0.43..8.45 rows=1 width=490)
	        Index Cond: (id = 2392669)

table 5 : explain UPDATE sbtest5 SET c='foobar' WHERE id=5617351
	Update on sbtest5  (cost=0.43..8.45 rows=0 width=0)
	  ->  Index Scan using sbtest5_pkey on sbtest5  (cost=0.43..8.45 rows=1 width=490)
	        Index Cond: (id = 5617351)

table 6 : explain UPDATE sbtest6 SET c='foobar' WHERE id=2687557
	Update on sbtest6  (cost=0.43..8.45 rows=0 width=0)
	  ->  Index Scan using sbtest6_pkey on sbtest6  (cost=0.43..8.45 rows=1 width=490)
	        Index Cond: (id = 2687557)

table 7 : explain UPDATE sbtest7 SET c='foobar' WHERE id=6070251
	Update on sbtest7  (cost=0.43..8.45 rows=0 width=0)
	  ->  Index Scan using sbtest7_pkey on sbtest7  (cost=0.43..8.45 rows=1 width=490)
	        Index Cond: (id = 6070251)

table 8 : explain UPDATE sbtest8 SET c='foobar' WHERE id=1513350
	Update on sbtest8  (cost=0.43..8.45 rows=0 width=0)
	  ->  Index Scan using sbtest8_pkey on sbtest8  (cost=0.43..8.45 rows=1 width=490)
	        Index Cond: (id = 1513350)

for non_index_updates
table 1 : explain UPDATE sbtest1 SET c='foobar' WHERE id=4412123
	Update on sbtest1  (cost=0.43..8.45 rows=0 width=0)
	  ->  Index Scan using sbtest1_pkey on sbtest1  (cost=0.43..8.45 rows=1 width=490)
	        Index Cond: (id = 4412123)

table 2 : explain UPDATE sbtest2 SET c='foobar' WHERE id=3597512
	Update on sbtest2  (cost=0.43..8.45 rows=0 width=0)
	  ->  Index Scan using sbtest2_pkey on sbtest2  (cost=0.43..8.45 rows=1 width=490)
	        Index Cond: (id = 3597512)

table 3 : explain UPDATE sbtest3 SET c='foobar' WHERE id=8414850
	Update on sbtest3  (cost=0.43..8.45 rows=0 width=0)
	  ->  Index Scan using sbtest3_pkey on sbtest3  (cost=0.43..8.45 rows=1 width=490)
	        Index Cond: (id = 8414850)

table 4 : explain UPDATE sbtest4 SET c='foobar' WHERE id=8169973
	Update on sbtest4  (cost=0.43..8.45 rows=0 width=0)
	  ->  Index Scan using sbtest4_pkey on sbtest4  (cost=0.43..8.45 rows=1 width=490)
	        Index Cond: (id = 8169973)

table 5 : explain UPDATE sbtest5 SET c='foobar' WHERE id=9645455
	Update on sbtest5  (cost=0.43..8.45 rows=0 width=0)
	  ->  Index Scan using sbtest5_pkey on sbtest5  (cost=0.43..8.45 rows=1 width=490)
	        Index Cond: (id = 9645455)

table 6 : explain UPDATE sbtest6 SET c='foobar' WHERE id=999618
	Update on sbtest6  (cost=0.43..8.45 rows=0 width=0)
	  ->  Index Scan using sbtest6_pkey on sbtest6  (cost=0.43..8.45 rows=1 width=490)
	        Index Cond: (id = 999618)

table 7 : explain UPDATE sbtest7 SET c='foobar' WHERE id=7500287
	Update on sbtest7  (cost=0.43..8.45 rows=0 width=0)
	  ->  Index Scan using sbtest7_pkey on sbtest7  (cost=0.43..8.45 rows=1 width=490)
	        Index Cond: (id = 7500287)

table 8 : explain UPDATE sbtest8 SET c='foobar' WHERE id=7795635
	Update on sbtest8  (cost=0.43..8.45 rows=0 width=0)
	  ->  Index Scan using sbtest8_pkey on sbtest8  (cost=0.43..8.45 rows=1 width=490)
	        Index Cond: (id = 7795635)

explain: for non_index_updates :: explain UPDATE sbtest%u SET c='foobar' WHERE id=%u
explain: for deletes :: explain DELETE FROM sbtest%u WHERE id=%u
explain: for deletes :: explain DELETE FROM sbtest%u WHERE id=%u
for non_index_updates
table 1 : explain UPDATE sbtest1 SET c='foobar' WHERE id=8859910
	Update on sbtest1  (cost=0.43..8.45 rows=0 width=0)
	  ->  Index Scan using sbtest1_pkey on sbtest1  (cost=0.43..8.45 rows=1 width=490)
	        Index Cond: (id = 8859910)

table 2 : explain UPDATE sbtest2 SET c='foobar' WHERE id=6198859
	Update on sbtest2  (cost=0.43..8.45 rows=0 width=0)
	  ->  Index Scan using sbtest2_pkey on sbtest2  (cost=0.43..8.45 rows=1 width=490)
	        Index Cond: (id = 6198859)

table 3 : explain UPDATE sbtest3 SET c='foobar' WHERE id=7365828
	Update on sbtest3  (cost=0.43..8.45 rows=0 width=0)
	  ->  Index Scan using sbtest3_pkey on sbtest3  (cost=0.43..8.45 rows=1 width=490)
	        Index Cond: (id = 7365828)

table 4 : explain UPDATE sbtest4 SET c='foobar' WHERE id=1539473
	Update on sbtest4  (cost=0.43..8.45 rows=0 width=0)
	  ->  Index Scan using sbtest4_pkey on sbtest4  (cost=0.43..8.45 rows=1 width=490)
	        Index Cond: (id = 1539473)

table 5 : explain UPDATE sbtest5 SET c='foobar' WHERE id=3765635
	Update on sbtest5  (cost=0.43..8.45 rows=0 width=0)
	  ->  Index Scan using sbtest5_pkey on sbtest5  (cost=0.43..8.45 rows=1 width=490)
	        Index Cond: (id = 3765635)

table 6 : explain UPDATE sbtest6 SET c='foobar' WHERE id=1922618
	Update on sbtest6  (cost=0.43..8.45 rows=0 width=0)
	  ->  Index Scan using sbtest6_pkey on sbtest6  (cost=0.43..8.45 rows=1 width=490)
	        Index Cond: (id = 1922618)

table 7 : explain UPDATE sbtest7 SET c='foobar' WHERE id=9440576
	Update on sbtest7  (cost=0.43..8.45 rows=0 width=0)
	  ->  Index Scan using sbtest7_pkey on sbtest7  (cost=0.43..8.45 rows=1 width=490)
	        Index Cond: (id = 9440576)

table 8 : explain UPDATE sbtest8 SET c='foobar' WHERE id=6669589
	Update on sbtest8  (cost=0.43..8.45 rows=0 width=0)
	  ->  Index Scan using sbtest8_pkey on sbtest8  (cost=0.43..8.45 rows=1 width=490)
	        Index Cond: (id = 6669589)

for index_updates
table 1 : explain UPDATE sbtest1 SET k=k+1 WHERE id=9074576
	Update on sbtest1  (cost=0.43..8.46 rows=0 width=0)
	  ->  Index Scan using sbtest1_pkey on sbtest1  (cost=0.43..8.46 rows=1 width=10)
	        Index Cond: (id = 9074576)

table 2 : explain UPDATE sbtest2 SET k=k+1 WHERE id=9371678
	Update on sbtest2  (cost=0.43..8.46 rows=0 width=0)
	  ->  Index Scan using sbtest2_pkey on sbtest2  (cost=0.43..8.46 rows=1 width=10)
	        Index Cond: (id = 9371678)

table 3 : explain UPDATE sbtest3 SET k=k+1 WHERE id=2357886
	Update on sbtest3  (cost=0.43..8.46 rows=0 width=0)
	  ->  Index Scan using sbtest3_pkey on sbtest3  (cost=0.43..8.46 rows=1 width=10)
	        Index Cond: (id = 2357886)

table 4 : explain UPDATE sbtest4 SET k=k+1 WHERE id=1842317
	Update on sbtest4  (cost=0.43..8.46 rows=0 width=0)
	  ->  Index Scan using sbtest4_pkey on sbtest4  (cost=0.43..8.46 rows=1 width=10)
	        Index Cond: (id = 1842317)

table 5 : explain UPDATE sbtest5 SET k=k+1 WHERE id=6398160
	Update on sbtest5  (cost=0.43..8.46 rows=0 width=0)
	  ->  Index Scan using sbtest5_pkey on sbtest5  (cost=0.43..8.46 rows=1 width=10)
	        Index Cond: (id = 6398160)

table 6 : explain UPDATE sbtest6 SET k=k+1 WHERE id=4980690
	Update on sbtest6  (cost=0.43..8.46 rows=0 width=0)
	  ->  Index Scan using sbtest6_pkey on sbtest6  (cost=0.43..8.46 rows=1 width=10)
	        Index Cond: (id = 4980690)

table 7 : explain UPDATE sbtest7 SET k=k+1 WHERE id=1602905
	Update on sbtest7  (cost=0.43..8.46 rows=0 width=0)
	  ->  Index Scan using sbtest7_pkey on sbtest7  (cost=0.43..8.46 rows=1 width=10)
	        Index Cond: (id = 1602905)

table 8 : explain UPDATE sbtest8 SET k=k+1 WHERE id=4433680
	Update on sbtest8  (cost=0.43..8.46 rows=0 width=0)
	  ->  Index Scan using sbtest8_pkey on sbtest8  (cost=0.43..8.46 rows=1 width=10)
	        Index Cond: (id = 4433680)

explain: for deletes :: explain DELETE FROM sbtest%u WHERE id=%u
for: order_ranges
table 1 : explain SELECT c FROM sbtest1 WHERE id BETWEEN 822443 AND 822542 ORDER BY c
	Sort  (cost=396.13..396.38 rows=102 width=121)
	  Sort Key: c
	  ->  Index Scan using sbtest1_pkey on sbtest1  (cost=0.43..392.72 rows=102 width=121)
	        Index Cond: ((id >= 822443) AND (id <= 822542))

table 2 : explain SELECT c FROM sbtest2 WHERE id BETWEEN 8464608 AND 8464707 ORDER BY c
	Sort  (cost=380.12..380.37 rows=98 width=121)
	  Sort Key: c
	  ->  Index Scan using sbtest2_pkey on sbtest2  (cost=0.43..376.88 rows=98 width=121)
	        Index Cond: ((id >= 8464608) AND (id <= 8464707))

table 3 : explain SELECT c FROM sbtest3 WHERE id BETWEEN 9328007 AND 9328106 ORDER BY c
	Sort  (cost=390.25..390.50 rows=101 width=121)
	  Sort Key: c
	  ->  Index Scan using sbtest3_pkey on sbtest3  (cost=0.43..386.88 rows=101 width=121)
	        Index Cond: ((id >= 9328007) AND (id <= 9328106))

table 4 : explain SELECT c FROM sbtest4 WHERE id BETWEEN 7716896 AND 7716995 ORDER BY c
	Sort  (cost=380.04..380.29 rows=98 width=121)
	  Sort Key: c
	  ->  Index Scan using sbtest4_pkey on sbtest4  (cost=0.43..376.80 rows=98 width=121)
	        Index Cond: ((id >= 7716896) AND (id <= 7716995))

table 5 : explain SELECT c FROM sbtest5 WHERE id BETWEEN 7680738 AND 7680837 ORDER BY c
	Sort  (cost=396.80..397.05 rows=102 width=121)
	  Sort Key: c
	  ->  Index Scan using sbtest5_pkey on sbtest5  (cost=0.43..393.40 rows=102 width=121)
	        Index Cond: ((id >= 7680738) AND (id <= 7680837))

table 6 : explain SELECT c FROM sbtest6 WHERE id BETWEEN 7971561 AND 7971660 ORDER BY c
	Sort  (cost=391.09..391.35 rows=101 width=121)
	  Sort Key: c
	  ->  Index Scan using sbtest6_pkey on sbtest6  (cost=0.43..387.73 rows=101 width=121)
	        Index Cond: ((id >= 7971561) AND (id <= 7971660))

table 7 : explain SELECT c FROM sbtest7 WHERE id BETWEEN 72710 AND 72809 ORDER BY c
	Sort  (cost=418.80..419.07 rows=108 width=121)
	  Sort Key: c
	  ->  Index Scan using sbtest7_pkey on sbtest7  (cost=0.43..415.15 rows=108 width=121)
	        Index Cond: ((id >= 72710) AND (id <= 72809))

table 8 : explain SELECT c FROM sbtest8 WHERE id BETWEEN 6009092 AND 6009191 ORDER BY c
	Sort  (cost=424.46..424.73 rows=109 width=121)
	  Sort Key: c
	  ->  Index Scan using sbtest8_pkey on sbtest8  (cost=0.43..420.77 rows=109 width=121)
	        Index Cond: ((id >= 6009092) AND (id <= 6009191))

for deletes
table 1 : explain DELETE FROM sbtest1 WHERE id=6010691
	Delete on sbtest1  (cost=0.43..8.45 rows=0 width=0)
	  ->  Index Scan using sbtest1_pkey on sbtest1  (cost=0.43..8.45 rows=1 width=6)
	        Index Cond: (id = 6010691)

table 2 : explain DELETE FROM sbtest2 WHERE id=3374156
	Delete on sbtest2  (cost=0.43..8.45 rows=0 width=0)
	  ->  Index Scan using sbtest2_pkey on sbtest2  (cost=0.43..8.45 rows=1 width=6)
	        Index Cond: (id = 3374156)

table 3 : explain DELETE FROM sbtest3 WHERE id=8239364
	Delete on sbtest3  (cost=0.43..8.45 rows=0 width=0)
	  ->  Index Scan using sbtest3_pkey on sbtest3  (cost=0.43..8.45 rows=1 width=6)
	        Index Cond: (id = 8239364)

table 4 : explain DELETE FROM sbtest4 WHERE id=8040897
	Delete on sbtest4  (cost=0.43..8.45 rows=0 width=0)
	  ->  Index Scan using sbtest4_pkey on sbtest4  (cost=0.43..8.45 rows=1 width=6)
	        Index Cond: (id = 8040897)

table 5 : explain DELETE FROM sbtest5 WHERE id=1375299
	Delete on sbtest5  (cost=0.43..8.45 rows=0 width=0)
	  ->  Index Scan using sbtest5_pkey on sbtest5  (cost=0.43..8.45 rows=1 width=6)
	        Index Cond: (id = 1375299)

table 6 : explain DELETE FROM sbtest6 WHERE id=2610848
	Delete on sbtest6  (cost=0.43..8.45 rows=0 width=0)
	  ->  Index Scan using sbtest6_pkey on sbtest6  (cost=0.43..8.45 rows=1 width=6)
	        Index Cond: (id = 2610848)

table 7 : explain DELETE FROM sbtest7 WHERE id=6794635
	Delete on sbtest7  (cost=0.43..8.45 rows=0 width=0)
	  ->  Index Scan using sbtest7_pkey on sbtest7  (cost=0.43..8.45 rows=1 width=6)
	        Index Cond: (id = 6794635)

table 8 : explain DELETE FROM sbtest8 WHERE id=6215246
	Delete on sbtest8  (cost=0.43..8.45 rows=0 width=0)
	  ->  Index Scan using sbtest8_pkey on sbtest8  (cost=0.43..8.45 rows=1 width=6)
	        Index Cond: (id = 6215246)

explain: for non_index_updates :: explain UPDATE sbtest%u SET c='foobar' WHERE id=%u
for: distinct_ranges
table 1 : explain SELECT DISTINCT c FROM sbtest1 WHERE id BETWEEN 6529507 AND 6529606 ORDER BY c
	Unique  (cost=388.44..388.94 rows=100 width=121)
	  ->  Sort  (cost=388.44..388.69 rows=100 width=121)
	        Sort Key: c
	        ->  Index Scan using sbtest1_pkey on sbtest1  (cost=0.43..385.12 rows=100 width=121)
	              Index Cond: ((id >= 6529507) AND (id <= 6529606))

table 2 : explain SELECT DISTINCT c FROM sbtest2 WHERE id BETWEEN 6117468 AND 6117567 ORDER BY c
	Unique  (cost=387.85..388.35 rows=100 width=121)
	  ->  Sort  (cost=387.85..388.10 rows=100 width=121)
	        Sort Key: c
	        ->  Index Scan using sbtest2_pkey on sbtest2  (cost=0.43..384.53 rows=100 width=121)
	              Index Cond: ((id >= 6117468) AND (id <= 6117567))

table 3 : explain SELECT DISTINCT c FROM sbtest3 WHERE id BETWEEN 4326448 AND 4326547 ORDER BY c
	Unique  (cost=374.90..375.38 rows=97 width=121)
	  ->  Sort  (cost=374.90..375.14 rows=97 width=121)
	        Sort Key: c
	        ->  Index Scan using sbtest3_pkey on sbtest3  (cost=0.43..371.69 rows=97 width=121)
	              Index Cond: ((id >= 4326448) AND (id <= 4326547))

table 4 : explain SELECT DISTINCT c FROM sbtest4 WHERE id BETWEEN 4814920 AND 4815019 ORDER BY c
	Unique  (cost=360.86..361.33 rows=93 width=121)
	  ->  Sort  (cost=360.86..361.10 rows=93 width=121)
	        Sort Key: c
	        ->  Index Scan using sbtest4_pkey on sbtest4  (cost=0.43..357.82 rows=93 width=121)
	              Index Cond: ((id >= 4814920) AND (id <= 4815019))

table 5 : explain SELECT DISTINCT c FROM sbtest5 WHERE id BETWEEN 9407047 AND 9407146 ORDER BY c
	Unique  (cost=443.01..443.58 rows=114 width=121)
	  ->  Sort  (cost=443.01..443.29 rows=114 width=121)
	        Sort Key: c
	        ->  Index Scan using sbtest5_pkey on sbtest5  (cost=0.43..439.11 rows=114 width=121)
	              Index Cond: ((id >= 9407047) AND (id <= 9407146))

table 6 : explain SELECT DISTINCT c FROM sbtest6 WHERE id BETWEEN 1293759 AND 1293858 ORDER BY c
	Unique  (cost=375.71..376.20 rows=97 width=121)
	  ->  Sort  (cost=375.71..375.95 rows=97 width=121)
	        Sort Key: c
	        ->  Index Scan using sbtest6_pkey on sbtest6  (cost=0.43..372.51 rows=97 width=121)
	              Index Cond: ((id >= 1293759) AND (id <= 1293858))

table 7 : explain SELECT DISTINCT c FROM sbtest7 WHERE id BETWEEN 642560 AND 642659 ORDER BY c
	Unique  (cost=384.19..384.68 rows=99 width=121)
	  ->  Sort  (cost=384.19..384.43 rows=99 width=121)
	        Sort Key: c
	        ->  Index Scan using sbtest7_pkey on sbtest7  (cost=0.43..380.90 rows=99 width=121)
	              Index Cond: ((id >= 642560) AND (id <= 642659))

table 8 : explain SELECT DISTINCT c FROM sbtest8 WHERE id BETWEEN 6473904 AND 6474003 ORDER BY c
	Unique  (cost=443.75..444.32 rows=114 width=121)
	  ->  Sort  (cost=443.75..444.03 rows=114 width=121)
	        Sort Key: c
	        ->  Index Scan using sbtest8_pkey on sbtest8  (cost=0.43..439.85 rows=114 width=121)
	              Index Cond: ((id >= 6473904) AND (id <= 6474003))

for deletes
table 1 : explain DELETE FROM sbtest1 WHERE id=5098441
	Delete on sbtest1  (cost=0.43..8.45 rows=0 width=0)
	  ->  Index Scan using sbtest1_pkey on sbtest1  (cost=0.43..8.45 rows=1 width=6)
	        Index Cond: (id = 5098441)

table 2 : explain DELETE FROM sbtest2 WHERE id=180163
	Delete on sbtest2  (cost=0.43..8.45 rows=0 width=0)
	  ->  Index Scan using sbtest2_pkey on sbtest2  (cost=0.43..8.45 rows=1 width=6)
	        Index Cond: (id = 180163)

table 3 : explain DELETE FROM sbtest3 WHERE id=5458832
	Delete on sbtest3  (cost=0.43..8.45 rows=0 width=0)
	  ->  Index Scan using sbtest3_pkey on sbtest3  (cost=0.43..8.45 rows=1 width=6)
	        Index Cond: (id = 5458832)

table 4 : explain DELETE FROM sbtest4 WHERE id=8676274
	Delete on sbtest4  (cost=0.43..8.45 rows=0 width=0)
	  ->  Index Scan using sbtest4_pkey on sbtest4  (cost=0.43..8.45 rows=1 width=6)
	        Index Cond: (id = 8676274)

table 5 : explain DELETE FROM sbtest5 WHERE id=8860577
	Delete on sbtest5  (cost=0.43..8.45 rows=0 width=0)
	  ->  Index Scan using sbtest5_pkey on sbtest5  (cost=0.43..8.45 rows=1 width=6)
	        Index Cond: (id = 8860577)

table 6 : explain DELETE FROM sbtest6 WHERE id=8105804
	Delete on sbtest6  (cost=0.43..8.45 rows=0 width=0)
	  ->  Index Scan using sbtest6_pkey on sbtest6  (cost=0.43..8.45 rows=1 width=6)
	        Index Cond: (id = 8105804)

table 7 : explain DELETE FROM sbtest7 WHERE id=4968783
	Delete on sbtest7  (cost=0.43..8.45 rows=0 width=0)
	  ->  Index Scan using sbtest7_pkey on sbtest7  (cost=0.43..8.45 rows=1 width=6)
	        Index Cond: (id = 4968783)

table 8 : explain DELETE FROM sbtest8 WHERE id=1336474
	Delete on sbtest8  (cost=0.43..8.45 rows=0 width=0)
	  ->  Index Scan using sbtest8_pkey on sbtest8  (cost=0.43..8.45 rows=1 width=6)
	        Index Cond: (id = 1336474)

for non_index_updates
table 1 : explain UPDATE sbtest1 SET c='foobar' WHERE id=9540517
	Update on sbtest1  (cost=0.43..8.45 rows=0 width=0)
	  ->  Index Scan using sbtest1_pkey on sbtest1  (cost=0.43..8.45 rows=1 width=490)
	        Index Cond: (id = 9540517)

table 2 : explain UPDATE sbtest2 SET c='foobar' WHERE id=5598931
	Update on sbtest2  (cost=0.43..8.45 rows=0 width=0)
	  ->  Index Scan using sbtest2_pkey on sbtest2  (cost=0.43..8.45 rows=1 width=490)
	        Index Cond: (id = 5598931)

table 3 : explain UPDATE sbtest3 SET c='foobar' WHERE id=543493
	Update on sbtest3  (cost=0.43..8.45 rows=0 width=0)
	  ->  Index Scan using sbtest3_pkey on sbtest3  (cost=0.43..8.45 rows=1 width=490)
	        Index Cond: (id = 543493)

table 4 : explain UPDATE sbtest4 SET c='foobar' WHERE id=9974605
	Update on sbtest4  (cost=0.43..8.45 rows=0 width=0)
	  ->  Index Scan using sbtest4_pkey on sbtest4  (cost=0.43..8.45 rows=1 width=490)
	        Index Cond: (id = 9974605)

table 5 : explain UPDATE sbtest5 SET c='foobar' WHERE id=4943578
	Update on sbtest5  (cost=0.43..8.45 rows=0 width=0)
	  ->  Index Scan using sbtest5_pkey on sbtest5  (cost=0.43..8.45 rows=1 width=490)
	        Index Cond: (id = 4943578)

table 6 : explain UPDATE sbtest6 SET c='foobar' WHERE id=8955723
	Update on sbtest6  (cost=0.43..8.45 rows=0 width=0)
	  ->  Index Scan using sbtest6_pkey on sbtest6  (cost=0.43..8.45 rows=1 width=490)
	        Index Cond: (id = 8955723)

table 7 : explain UPDATE sbtest7 SET c='foobar' WHERE id=2994026
	Update on sbtest7  (cost=0.43..8.45 rows=0 width=0)
	  ->  Index Scan using sbtest7_pkey on sbtest7  (cost=0.43..8.45 rows=1 width=490)
	        Index Cond: (id = 2994026)

table 8 : explain UPDATE sbtest8 SET c='foobar' WHERE id=9566721
	Update on sbtest8  (cost=0.43..8.45 rows=0 width=0)
	  ->  Index Scan using sbtest8_pkey on sbtest8  (cost=0.43..8.45 rows=1 width=490)
	        Index Cond: (id = 9566721)

explain: for deletes :: explain DELETE FROM sbtest%u WHERE id=%u
for deletes
table 1 : explain DELETE FROM sbtest1 WHERE id=9652960
	Delete on sbtest1  (cost=0.43..8.45 rows=0 width=0)
	  ->  Index Scan using sbtest1_pkey on sbtest1  (cost=0.43..8.45 rows=1 width=6)
	        Index Cond: (id = 9652960)

table 2 : explain DELETE FROM sbtest2 WHERE id=4686810
	Delete on sbtest2  (cost=0.43..8.45 rows=0 width=0)
	  ->  Index Scan using sbtest2_pkey on sbtest2  (cost=0.43..8.45 rows=1 width=6)
	        Index Cond: (id = 4686810)

table 3 : explain DELETE FROM sbtest3 WHERE id=4813323
	Delete on sbtest3  (cost=0.43..8.45 rows=0 width=0)
	  ->  Index Scan using sbtest3_pkey on sbtest3  (cost=0.43..8.45 rows=1 width=6)
	        Index Cond: (id = 4813323)

table 4 : explain DELETE FROM sbtest4 WHERE id=8790170
	Delete on sbtest4  (cost=0.43..8.45 rows=0 width=0)
	  ->  Index Scan using sbtest4_pkey on sbtest4  (cost=0.43..8.45 rows=1 width=6)
	        Index Cond: (id = 8790170)

table 5 : explain DELETE FROM sbtest5 WHERE id=5529415
	Delete on sbtest5  (cost=0.43..8.45 rows=0 width=0)
	  ->  Index Scan using sbtest5_pkey on sbtest5  (cost=0.43..8.45 rows=1 width=6)
	        Index Cond: (id = 5529415)

table 6 : explain DELETE FROM sbtest6 WHERE id=1814089
	Delete on sbtest6  (cost=0.43..8.45 rows=0 width=0)
	  ->  Index Scan using sbtest6_pkey on sbtest6  (cost=0.43..8.45 rows=1 width=6)
	        Index Cond: (id = 1814089)

table 7 : explain DELETE FROM sbtest7 WHERE id=4474119
	Delete on sbtest7  (cost=0.43..8.45 rows=0 width=0)
	  ->  Index Scan using sbtest7_pkey on sbtest7  (cost=0.43..8.45 rows=1 width=6)
	        Index Cond: (id = 4474119)

table 8 : explain DELETE FROM sbtest8 WHERE id=148331
	Delete on sbtest8  (cost=0.43..8.45 rows=0 width=0)
	  ->  Index Scan using sbtest8_pkey on sbtest8  (cost=0.43..8.45 rows=1 width=6)
	        Index Cond: (id = 148331)

explain: for inserts :: explain INSERT INTO sbtest%u (id, k, c, pad) VALUES (%u, 13, 'foobar', 'foobar')
for point_selects
table 1 : explain SELECT c FROM sbtest1 WHERE id=3015925
	Index Scan using sbtest1_pkey on sbtest1  (cost=0.43..8.45 rows=1 width=121)
	  Index Cond: (id = 3015925)

table 2 : explain SELECT c FROM sbtest2 WHERE id=9024675
	Index Scan using sbtest2_pkey on sbtest2  (cost=0.43..8.45 rows=1 width=121)
	  Index Cond: (id = 9024675)

table 3 : explain SELECT c FROM sbtest3 WHERE id=3898847
	Index Scan using sbtest3_pkey on sbtest3  (cost=0.43..8.45 rows=1 width=121)
	  Index Cond: (id = 3898847)

table 4 : explain SELECT c FROM sbtest4 WHERE id=8936918
	Index Scan using sbtest4_pkey on sbtest4  (cost=0.43..8.45 rows=1 width=121)
	  Index Cond: (id = 8936918)

table 5 : explain SELECT c FROM sbtest5 WHERE id=9469315
	Index Scan using sbtest5_pkey on sbtest5  (cost=0.43..8.45 rows=1 width=121)
	  Index Cond: (id = 9469315)

table 6 : explain SELECT c FROM sbtest6 WHERE id=3694867
	Index Scan using sbtest6_pkey on sbtest6  (cost=0.43..8.45 rows=1 width=121)
	  Index Cond: (id = 3694867)

table 7 : explain SELECT c FROM sbtest7 WHERE id=5745814
	Index Scan using sbtest7_pkey on sbtest7  (cost=0.43..8.45 rows=1 width=121)
	  Index Cond: (id = 5745814)

table 8 : explain SELECT c FROM sbtest8 WHERE id=948536
	Index Scan using sbtest8_pkey on sbtest8  (cost=0.43..8.45 rows=1 width=121)
	  Index Cond: (id = 948536)

for: distinct_ranges
table 1 : explain SELECT DISTINCT c FROM sbtest1 WHERE id BETWEEN 4594208 AND 4594307 ORDER BY c
	Unique  (cost=419.19..419.73 rows=108 width=121)
	  ->  Sort  (cost=419.19..419.46 rows=108 width=121)
	        Sort Key: c
	        ->  Index Scan using sbtest1_pkey on sbtest1  (cost=0.43..415.54 rows=108 width=121)
	              Index Cond: ((id >= 4594208) AND (id <= 4594307))

table 2 : explain SELECT DISTINCT c FROM sbtest2 WHERE id BETWEEN 38515 AND 38614 ORDER BY c
	Unique  (cost=368.61..369.09 rows=95 width=121)
	  ->  Sort  (cost=368.61..368.85 rows=95 width=121)
	        Sort Key: c
	        ->  Index Scan using sbtest2_pkey on sbtest2  (cost=0.43..365.49 rows=95 width=121)
	              Index Cond: ((id >= 38515) AND (id <= 38614))

table 3 : explain SELECT DISTINCT c FROM sbtest3 WHERE id BETWEEN 901926 AND 902025 ORDER BY c
	Unique  (cost=390.25..390.75 rows=101 width=121)
	  ->  Sort  (cost=390.25..390.50 rows=101 width=121)
	        Sort Key: c
	        ->  Index Scan using sbtest3_pkey on sbtest3  (cost=0.43..386.88 rows=101 width=121)
	              Index Cond: ((id >= 901926) AND (id <= 902025))

table 4 : explain SELECT DISTINCT c FROM sbtest4 WHERE id BETWEEN 8619017 AND 8619116 ORDER BY c
	Unique  (cost=410.73..411.26 rows=106 width=121)
	  ->  Sort  (cost=410.73..411.00 rows=106 width=121)
	        Sort Key: c
	        ->  Index Scan using sbtest4_pkey on sbtest4  (cost=0.43..407.17 rows=106 width=121)
	              Index Cond: ((id >= 8619017) AND (id <= 8619116))

table 5 : explain SELECT DISTINCT c FROM sbtest5 WHERE id BETWEEN 1031813 AND 1031912 ORDER BY c
	Unique  (cost=385.25..385.74 rows=99 width=121)
	  ->  Sort  (cost=385.25..385.50 rows=99 width=121)
	        Sort Key: c
	        ->  Index Scan using sbtest5_pkey on sbtest5  (cost=0.43..381.97 rows=99 width=121)
	              Index Cond: ((id >= 1031813) AND (id <= 1031912))

table 6 : explain SELECT DISTINCT c FROM sbtest6 WHERE id BETWEEN 7771523 AND 7771622 ORDER BY c
	Unique  (cost=356.56..357.02 rows=92 width=121)
	  ->  Sort  (cost=356.56..356.79 rows=92 width=121)
	        Sort Key: c
	        ->  Index Scan using sbtest6_pkey on sbtest6  (cost=0.43..353.56 rows=92 width=121)
	              Index Cond: ((id >= 7771523) AND (id <= 7771622))

table 7 : explain SELECT DISTINCT c FROM sbtest7 WHERE id BETWEEN 9542569 AND 9542668 ORDER BY c
	Unique  (cost=411.12..411.65 rows=106 width=121)
	  ->  Sort  (cost=411.12..411.39 rows=106 width=121)
	        Sort Key: c
	        ->  Index Scan using sbtest7_pkey on sbtest7  (cost=0.43..407.55 rows=106 width=121)
	              Index Cond: ((id >= 9542569) AND (id <= 9542668))

table 8 : explain SELECT DISTINCT c FROM sbtest8 WHERE id BETWEEN 8948216 AND 8948315 ORDER BY c
	Unique  (cost=416.75..417.28 rows=107 width=121)
	  ->  Sort  (cost=416.75..417.01 rows=107 width=121)
	        Sort Key: c
	        ->  Index Scan using sbtest8_pkey on sbtest8  (cost=0.43..413.14 rows=107 width=121)
	              Index Cond: ((id >= 8948216) AND (id <= 8948315))

explain: for inserts :: explain INSERT INTO sbtest%u (id, k, c, pad) VALUES (%u, 13, 'foobar', 'foobar')
for non_index_updates
table 1 : explain UPDATE sbtest1 SET c='foobar' WHERE id=8196723
	Update on sbtest1  (cost=0.43..8.45 rows=0 width=0)
	  ->  Index Scan using sbtest1_pkey on sbtest1  (cost=0.43..8.45 rows=1 width=490)
	        Index Cond: (id = 8196723)

table 2 : explain UPDATE sbtest2 SET c='foobar' WHERE id=8030577
	Update on sbtest2  (cost=0.43..8.45 rows=0 width=0)
	  ->  Index Scan using sbtest2_pkey on sbtest2  (cost=0.43..8.45 rows=1 width=490)
	        Index Cond: (id = 8030577)

table 3 : explain UPDATE sbtest3 SET c='foobar' WHERE id=8312047
	Update on sbtest3  (cost=0.43..8.45 rows=0 width=0)
	  ->  Index Scan using sbtest3_pkey on sbtest3  (cost=0.43..8.45 rows=1 width=490)
	        Index Cond: (id = 8312047)

table 4 : explain UPDATE sbtest4 SET c='foobar' WHERE id=8632536
	Update on sbtest4  (cost=0.43..8.45 rows=0 width=0)
	  ->  Index Scan using sbtest4_pkey on sbtest4  (cost=0.43..8.45 rows=1 width=490)
	        Index Cond: (id = 8632536)

table 5 : explain UPDATE sbtest5 SET c='foobar' WHERE id=5752931
	Update on sbtest5  (cost=0.43..8.45 rows=0 width=0)
	  ->  Index Scan using sbtest5_pkey on sbtest5  (cost=0.43..8.45 rows=1 width=490)
	        Index Cond: (id = 5752931)

table 6 : explain UPDATE sbtest6 SET c='foobar' WHERE id=4647502
	Update on sbtest6  (cost=0.43..8.45 rows=0 width=0)
	  ->  Index Scan using sbtest6_pkey on sbtest6  (cost=0.43..8.45 rows=1 width=490)
	        Index Cond: (id = 4647502)

table 7 : explain UPDATE sbtest7 SET c='foobar' WHERE id=194599
	Update on sbtest7  (cost=0.43..8.45 rows=0 width=0)
	  ->  Index Scan using sbtest7_pkey on sbtest7  (cost=0.43..8.45 rows=1 width=490)
	        Index Cond: (id = 194599)

table 8 : explain UPDATE sbtest8 SET c='foobar' WHERE id=8436820
	Update on sbtest8  (cost=0.43..8.45 rows=0 width=0)
	  ->  Index Scan using sbtest8_pkey on sbtest8  (cost=0.43..8.45 rows=1 width=490)
	        Index Cond: (id = 8436820)

for deletes
table 1 : explain DELETE FROM sbtest1 WHERE id=2412354
	Delete on sbtest1  (cost=0.43..8.45 rows=0 width=0)
	  ->  Index Scan using sbtest1_pkey on sbtest1  (cost=0.43..8.45 rows=1 width=6)
	        Index Cond: (id = 2412354)

table 2 : explain DELETE FROM sbtest2 WHERE id=3999289
	Delete on sbtest2  (cost=0.43..8.45 rows=0 width=0)
	  ->  Index Scan using sbtest2_pkey on sbtest2  (cost=0.43..8.45 rows=1 width=6)
	        Index Cond: (id = 3999289)

table 3 : explain DELETE FROM sbtest3 WHERE id=2118276
	Delete on sbtest3  (cost=0.43..8.45 rows=0 width=0)
	  ->  Index Scan using sbtest3_pkey on sbtest3  (cost=0.43..8.45 rows=1 width=6)
	        Index Cond: (id = 2118276)

table 4 : explain DELETE FROM sbtest4 WHERE id=1986729
	Delete on sbtest4  (cost=0.43..8.45 rows=0 width=0)
	  ->  Index Scan using sbtest4_pkey on sbtest4  (cost=0.43..8.45 rows=1 width=6)
	        Index Cond: (id = 1986729)

table 5 : explain DELETE FROM sbtest5 WHERE id=6966916
	Delete on sbtest5  (cost=0.43..8.45 rows=0 width=0)
	  ->  Index Scan using sbtest5_pkey on sbtest5  (cost=0.43..8.45 rows=1 width=6)
	        Index Cond: (id = 6966916)

table 6 : explain DELETE FROM sbtest6 WHERE id=3757087
	Delete on sbtest6  (cost=0.43..8.45 rows=0 width=0)
	  ->  Index Scan using sbtest6_pkey on sbtest6  (cost=0.43..8.45 rows=1 width=6)
	        Index Cond: (id = 3757087)

table 7 : explain DELETE FROM sbtest7 WHERE id=9981143
	Delete on sbtest7  (cost=0.43..8.45 rows=0 width=0)
	  ->  Index Scan using sbtest7_pkey on sbtest7  (cost=0.43..8.45 rows=1 width=6)
	        Index Cond: (id = 9981143)

table 8 : explain DELETE FROM sbtest8 WHERE id=3276602
	Delete on sbtest8  (cost=0.43..8.45 rows=0 width=0)
	  ->  Index Scan using sbtest8_pkey on sbtest8  (cost=0.43..8.45 rows=1 width=6)
	        Index Cond: (id = 3276602)

for inserts
table 1 : explain INSERT INTO sbtest1 (id, k, c, pad) VALUES (1141530, 13, 'foobar', 'foobar')
	Insert on sbtest1  (cost=0.00..0.01 rows=0 width=0)
	  ->  Result  (cost=0.00..0.01 rows=1 width=736)

table 2 : explain INSERT INTO sbtest2 (id, k, c, pad) VALUES (7101098, 13, 'foobar', 'foobar')
	Insert on sbtest2  (cost=0.00..0.01 rows=0 width=0)
	  ->  Result  (cost=0.00..0.01 rows=1 width=736)

table 3 : explain INSERT INTO sbtest3 (id, k, c, pad) VALUES (1436646, 13, 'foobar', 'foobar')
	Insert on sbtest3  (cost=0.00..0.01 rows=0 width=0)
	  ->  Result  (cost=0.00..0.01 rows=1 width=736)

table 4 : explain INSERT INTO sbtest4 (id, k, c, pad) VALUES (2029931, 13, 'foobar', 'foobar')
	Insert on sbtest4  (cost=0.00..0.01 rows=0 width=0)
	  ->  Result  (cost=0.00..0.01 rows=1 width=736)

table 5 : explain INSERT INTO sbtest5 (id, k, c, pad) VALUES (9680373, 13, 'foobar', 'foobar')
	Insert on sbtest5  (cost=0.00..0.01 rows=0 width=0)
	  ->  Result  (cost=0.00..0.01 rows=1 width=736)

table 6 : explain INSERT INTO sbtest6 (id, k, c, pad) VALUES (4933568, 13, 'foobar', 'foobar')
	Insert on sbtest6  (cost=0.00..0.01 rows=0 width=0)
	  ->  Result  (cost=0.00..0.01 rows=1 width=736)

table 7 : explain INSERT INTO sbtest7 (id, k, c, pad) VALUES (8478184, 13, 'foobar', 'foobar')
	Insert on sbtest7  (cost=0.00..0.01 rows=0 width=0)
	  ->  Result  (cost=0.00..0.01 rows=1 width=736)

table 8 : explain INSERT INTO sbtest8 (id, k, c, pad) VALUES (4216417, 13, 'foobar', 'foobar')
	Insert on sbtest8  (cost=0.00..0.01 rows=0 width=0)
	  ->  Result  (cost=0.00..0.01 rows=1 width=736)

explain: for index_updates :: explain UPDATE sbtest%u SET k=k+1 WHERE id=%u
explain: for deletes :: explain DELETE FROM sbtest%u WHERE id=%u
for inserts
table 1 : explain INSERT INTO sbtest1 (id, k, c, pad) VALUES (8568841, 13, 'foobar', 'foobar')
	Insert on sbtest1  (cost=0.00..0.01 rows=0 width=0)
	  ->  Result  (cost=0.00..0.01 rows=1 width=736)

table 2 : explain INSERT INTO sbtest2 (id, k, c, pad) VALUES (7991112, 13, 'foobar', 'foobar')
	Insert on sbtest2  (cost=0.00..0.01 rows=0 width=0)
	  ->  Result  (cost=0.00..0.01 rows=1 width=736)

table 3 : explain INSERT INTO sbtest3 (id, k, c, pad) VALUES (9036160, 13, 'foobar', 'foobar')
	Insert on sbtest3  (cost=0.00..0.01 rows=0 width=0)
	  ->  Result  (cost=0.00..0.01 rows=1 width=736)

table 4 : explain INSERT INTO sbtest4 (id, k, c, pad) VALUES (7891626, 13, 'foobar', 'foobar')
	Insert on sbtest4  (cost=0.00..0.01 rows=0 width=0)
	  ->  Result  (cost=0.00..0.01 rows=1 width=736)

table 5 : explain INSERT INTO sbtest5 (id, k, c, pad) VALUES (160306, 13, 'foobar', 'foobar')
	Insert on sbtest5  (cost=0.00..0.01 rows=0 width=0)
	  ->  Result  (cost=0.00..0.01 rows=1 width=736)

table 6 : explain INSERT INTO sbtest6 (id, k, c, pad) VALUES (8411120, 13, 'foobar', 'foobar')
	Insert on sbtest6  (cost=0.00..0.01 rows=0 width=0)
	  ->  Result  (cost=0.00..0.01 rows=1 width=736)

table 7 : explain INSERT INTO sbtest7 (id, k, c, pad) VALUES (7602349, 13, 'foobar', 'foobar')
	Insert on sbtest7  (cost=0.00..0.01 rows=0 width=0)
	  ->  Result  (cost=0.00..0.01 rows=1 width=736)

table 8 : explain INSERT INTO sbtest8 (id, k, c, pad) VALUES (8184187, 13, 'foobar', 'foobar')
	Insert on sbtest8  (cost=0.00..0.01 rows=0 width=0)
	  ->  Result  (cost=0.00..0.01 rows=1 width=736)

for: distinct_ranges
table 1 : explain SELECT DISTINCT c FROM sbtest1 WHERE id BETWEEN 6166063 AND 6166162 ORDER BY c
	Unique  (cost=411.50..412.03 rows=106 width=121)
	  ->  Sort  (cost=411.50..411.77 rows=106 width=121)
	        Sort Key: c
	        ->  Index Scan using sbtest1_pkey on sbtest1  (cost=0.43..407.94 rows=106 width=121)
	              Index Cond: ((id >= 6166063) AND (id <= 6166162))

table 2 : explain SELECT DISTINCT c FROM sbtest2 WHERE id BETWEEN 3839662 AND 3839761 ORDER BY c
	Unique  (cost=391.69..392.20 rows=101 width=121)
	  ->  Sort  (cost=391.69..391.94 rows=101 width=121)
	        Sort Key: c
	        ->  Index Scan using sbtest2_pkey on sbtest2  (cost=0.43..388.33 rows=101 width=121)
	              Index Cond: ((id >= 3839662) AND (id <= 3839761))

table 3 : explain SELECT DISTINCT c FROM sbtest3 WHERE id BETWEEN 4600742 AND 4600841 ORDER BY c
	Unique  (cost=382.60..383.10 rows=99 width=121)
	  ->  Sort  (cost=382.60..382.85 rows=99 width=121)
	        Sort Key: c
	        ->  Index Scan using sbtest3_pkey on sbtest3  (cost=0.43..379.32 rows=99 width=121)
	              Index Cond: ((id >= 4600742) AND (id <= 4600841))

table 4 : explain SELECT DISTINCT c FROM sbtest4 WHERE id BETWEEN 1140255 AND 1140354 ORDER BY c
	Unique  (cost=406.90..407.42 rows=105 width=121)
	  ->  Sort  (cost=406.90..407.16 rows=105 width=121)
	        Sort Key: c
	        ->  Index Scan using sbtest4_pkey on sbtest4  (cost=0.43..403.37 rows=105 width=121)
	              Index Cond: ((id >= 1140255) AND (id <= 1140354))

table 5 : explain SELECT DISTINCT c FROM sbtest5 WHERE id BETWEEN 555678 AND 555777 ORDER BY c
	Unique  (cost=404.50..405.02 rows=104 width=121)
	  ->  Sort  (cost=404.50..404.76 rows=104 width=121)
	        Sort Key: c
	        ->  Index Scan using sbtest5_pkey on sbtest5  (cost=0.43..401.02 rows=104 width=121)
	              Index Cond: ((id >= 555678) AND (id <= 555777))

table 6 : explain SELECT DISTINCT c FROM sbtest6 WHERE id BETWEEN 5574054 AND 5574153 ORDER BY c
	Unique  (cost=410.25..410.78 rows=106 width=121)
	  ->  Sort  (cost=410.25..410.52 rows=106 width=121)
	        Sort Key: c
	        ->  Index Scan using sbtest6_pkey on sbtest6  (cost=0.43..406.69 rows=106 width=121)
	              Index Cond: ((id >= 5574054) AND (id <= 5574153))

table 7 : explain SELECT DISTINCT c FROM sbtest7 WHERE id BETWEEN 3916145 AND 3916244 ORDER BY c
	Unique  (cost=418.80..419.34 rows=108 width=121)
	  ->  Sort  (cost=418.80..419.07 rows=108 width=121)
	        Sort Key: c
	        ->  Index Scan using sbtest7_pkey on sbtest7  (cost=0.43..415.15 rows=108 width=121)
	              Index Cond: ((id >= 3916145) AND (id <= 3916244))

table 8 : explain SELECT DISTINCT c FROM sbtest8 WHERE id BETWEEN 6883425 AND 6883524 ORDER BY c
	Unique  (cost=409.03..409.56 rows=105 width=121)
	  ->  Sort  (cost=409.03..409.30 rows=105 width=121)
	        Sort Key: c
	        ->  Index Scan using sbtest8_pkey on sbtest8  (cost=0.43..405.51 rows=105 width=121)
	              Index Cond: ((id >= 6883425) AND (id <= 6883524))

explain: for inserts :: explain INSERT INTO sbtest%u (id, k, c, pad) VALUES (%u, 13, 'foobar', 'foobar')
explain: for index_updates :: explain UPDATE sbtest%u SET k=k+1 WHERE id=%u
explain: for inserts :: explain INSERT INTO sbtest%u (id, k, c, pad) VALUES (%u, 13, 'foobar', 'foobar')
for deletes
table 1 : explain DELETE FROM sbtest1 WHERE id=2855702
	Delete on sbtest1  (cost=0.43..8.45 rows=0 width=0)
	  ->  Index Scan using sbtest1_pkey on sbtest1  (cost=0.43..8.45 rows=1 width=6)
	        Index Cond: (id = 2855702)

table 2 : explain DELETE FROM sbtest2 WHERE id=1537201
	Delete on sbtest2  (cost=0.43..8.45 rows=0 width=0)
	  ->  Index Scan using sbtest2_pkey on sbtest2  (cost=0.43..8.45 rows=1 width=6)
	        Index Cond: (id = 1537201)

table 3 : explain DELETE FROM sbtest3 WHERE id=9675592
	Delete on sbtest3  (cost=0.43..8.45 rows=0 width=0)
	  ->  Index Scan using sbtest3_pkey on sbtest3  (cost=0.43..8.45 rows=1 width=6)
	        Index Cond: (id = 9675592)

table 4 : explain DELETE FROM sbtest4 WHERE id=5083946
	Delete on sbtest4  (cost=0.43..8.45 rows=0 width=0)
	  ->  Index Scan using sbtest4_pkey on sbtest4  (cost=0.43..8.45 rows=1 width=6)
	        Index Cond: (id = 5083946)

table 5 : explain DELETE FROM sbtest5 WHERE id=6736434
	Delete on sbtest5  (cost=0.43..8.45 rows=0 width=0)
	  ->  Index Scan using sbtest5_pkey on sbtest5  (cost=0.43..8.45 rows=1 width=6)
	        Index Cond: (id = 6736434)

table 6 : explain DELETE FROM sbtest6 WHERE id=7549625
	Delete on sbtest6  (cost=0.43..8.45 rows=0 width=0)
	  ->  Index Scan using sbtest6_pkey on sbtest6  (cost=0.43..8.45 rows=1 width=6)
	        Index Cond: (id = 7549625)

table 7 : explain DELETE FROM sbtest7 WHERE id=5403303
	Delete on sbtest7  (cost=0.43..8.45 rows=0 width=0)
	  ->  Index Scan using sbtest7_pkey on sbtest7  (cost=0.43..8.45 rows=1 width=6)
	        Index Cond: (id = 5403303)

table 8 : explain DELETE FROM sbtest8 WHERE id=2318548
	Delete on sbtest8  (cost=0.43..8.45 rows=0 width=0)
	  ->  Index Scan using sbtest8_pkey on sbtest8  (cost=0.43..8.45 rows=1 width=6)
	        Index Cond: (id = 2318548)

for point_selects
table 1 : explain SELECT c FROM sbtest1 WHERE id=3889006
	Index Scan using sbtest1_pkey on sbtest1  (cost=0.43..8.45 rows=1 width=121)
	  Index Cond: (id = 3889006)

table 2 : explain SELECT c FROM sbtest2 WHERE id=6179151
	Index Scan using sbtest2_pkey on sbtest2  (cost=0.43..8.45 rows=1 width=121)
	  Index Cond: (id = 6179151)

table 3 : explain SELECT c FROM sbtest3 WHERE id=7237547
	Index Scan using sbtest3_pkey on sbtest3  (cost=0.43..8.45 rows=1 width=121)
	  Index Cond: (id = 7237547)

table 4 : explain SELECT c FROM sbtest4 WHERE id=3724060
	Index Scan using sbtest4_pkey on sbtest4  (cost=0.43..8.45 rows=1 width=121)
	  Index Cond: (id = 3724060)

table 5 : explain SELECT c FROM sbtest5 WHERE id=1200830
	Index Scan using sbtest5_pkey on sbtest5  (cost=0.43..8.45 rows=1 width=121)
	  Index Cond: (id = 1200830)

table 6 : explain SELECT c FROM sbtest6 WHERE id=308781
	Index Scan using sbtest6_pkey on sbtest6  (cost=0.43..8.45 rows=1 width=121)
	  Index Cond: (id = 308781)

table 7 : explain SELECT c FROM sbtest7 WHERE id=256305
	Index Scan using sbtest7_pkey on sbtest7  (cost=0.43..8.45 rows=1 width=121)
	  Index Cond: (id = 256305)

table 8 : explain SELECT c FROM sbtest8 WHERE id=9930726
	Index Scan using sbtest8_pkey on sbtest8  (cost=0.43..8.45 rows=1 width=121)
	  Index Cond: (id = 9930726)

for inserts
table 1 : explain INSERT INTO sbtest1 (id, k, c, pad) VALUES (9582668, 13, 'foobar', 'foobar')
	Insert on sbtest1  (cost=0.00..0.01 rows=0 width=0)
	  ->  Result  (cost=0.00..0.01 rows=1 width=736)

table 2 : explain INSERT INTO sbtest2 (id, k, c, pad) VALUES (387402, 13, 'foobar', 'foobar')
	Insert on sbtest2  (cost=0.00..0.01 rows=0 width=0)
	  ->  Result  (cost=0.00..0.01 rows=1 width=736)

table 3 : explain INSERT INTO sbtest3 (id, k, c, pad) VALUES (2769366, 13, 'foobar', 'foobar')
	Insert on sbtest3  (cost=0.00..0.01 rows=0 width=0)
	  ->  Result  (cost=0.00..0.01 rows=1 width=736)

table 4 : explain INSERT INTO sbtest4 (id, k, c, pad) VALUES (1537307, 13, 'foobar', 'foobar')
	Insert on sbtest4  (cost=0.00..0.01 rows=0 width=0)
	  ->  Result  (cost=0.00..0.01 rows=1 width=736)

table 5 : explain INSERT INTO sbtest5 (id, k, c, pad) VALUES (8358507, 13, 'foobar', 'foobar')
	Insert on sbtest5  (cost=0.00..0.01 rows=0 width=0)
	  ->  Result  (cost=0.00..0.01 rows=1 width=736)

table 6 : explain INSERT INTO sbtest6 (id, k, c, pad) VALUES (7535055, 13, 'foobar', 'foobar')
	Insert on sbtest6  (cost=0.00..0.01 rows=0 width=0)
	  ->  Result  (cost=0.00..0.01 rows=1 width=736)

table 7 : explain INSERT INTO sbtest7 (id, k, c, pad) VALUES (8591396, 13, 'foobar', 'foobar')
	Insert on sbtest7  (cost=0.00..0.01 rows=0 width=0)
	  ->  Result  (cost=0.00..0.01 rows=1 width=736)

table 8 : explain INSERT INTO sbtest8 (id, k, c, pad) VALUES (5369182, 13, 'foobar', 'foobar')
	Insert on sbtest8  (cost=0.00..0.01 rows=0 width=0)
	  ->  Result  (cost=0.00..0.01 rows=1 width=736)

for: simple_ranges
table 1 : explain SELECT c FROM sbtest1 WHERE id BETWEEN 4312225 AND 4312324
	Index Scan using sbtest1_pkey on sbtest1  (cost=0.43..430.76 rows=112 width=121)
	  Index Cond: ((id >= 4312225) AND (id <= 4312324))

table 2 : explain SELECT c FROM sbtest2 WHERE id BETWEEN 6562717 AND 6562816
	Index Scan using sbtest2_pkey on sbtest2  (cost=0.43..369.29 rows=96 width=121)
	  Index Cond: ((id >= 6562717) AND (id <= 6562816))

table 3 : explain SELECT c FROM sbtest3 WHERE id BETWEEN 1839893 AND 1839992
	Index Scan using sbtest3_pkey on sbtest3  (cost=0.43..349.00 rows=91 width=121)
	  Index Cond: ((id >= 1839893) AND (id <= 1839992))

table 4 : explain SELECT c FROM sbtest4 WHERE id BETWEEN 9510034 AND 9510133
	Index Scan using sbtest4_pkey on sbtest4  (cost=0.43..384.39 rows=100 width=121)
	  Index Cond: ((id >= 9510034) AND (id <= 9510133))

table 5 : explain SELECT c FROM sbtest5 WHERE id BETWEEN 5957469 AND 5957568
	Index Scan using sbtest5_pkey on sbtest5  (cost=0.43..370.54 rows=96 width=121)
	  Index Cond: ((id >= 5957469) AND (id <= 5957568))

table 6 : explain SELECT c FROM sbtest6 WHERE id BETWEEN 3442351 AND 3442450
	Index Scan using sbtest6_pkey on sbtest6  (cost=0.43..391.52 rows=102 width=121)
	  Index Cond: ((id >= 3442351) AND (id <= 3442450))

table 7 : explain SELECT c FROM sbtest7 WHERE id BETWEEN 3159226 AND 3159325
	Index Scan using sbtest7_pkey on sbtest7  (cost=0.43..361.91 rows=94 width=121)
	  Index Cond: ((id >= 3159226) AND (id <= 3159325))

table 8 : explain SELECT c FROM sbtest8 WHERE id BETWEEN 4947262 AND 4947361
	Index Scan using sbtest8_pkey on sbtest8  (cost=0.43..378.79 rows=98 width=121)
	  Index Cond: ((id >= 4947262) AND (id <= 4947361))

explain: for inserts :: explain INSERT INTO sbtest%u (id, k, c, pad) VALUES (%u, 13, 'foobar', 'foobar')
for: sum_ranges
table 1 : explain SELECT SUM(k) FROM sbtest1 WHERE id BETWEEN 1437048 AND 1437147
	Aggregate  (cost=370.09..370.10 rows=1 width=8)
	  ->  Index Scan using sbtest1_pkey on sbtest1  (cost=0.43..369.85 rows=96 width=4)
	        Index Cond: ((id >= 1437048) AND (id <= 1437147))

table 2 : explain SELECT SUM(k) FROM sbtest2 WHERE id BETWEEN 7099768 AND 7099867
	Aggregate  (cost=369.53..369.54 rows=1 width=8)
	  ->  Index Scan using sbtest2_pkey on sbtest2  (cost=0.43..369.29 rows=96 width=4)
	        Index Cond: ((id >= 7099768) AND (id <= 7099867))

table 3 : explain SELECT SUM(k) FROM sbtest3 WHERE id BETWEEN 2678169 AND 2678268
	Aggregate  (cost=383.35..383.36 rows=1 width=8)
	  ->  Index Scan using sbtest3_pkey on sbtest3  (cost=0.43..383.10 rows=100 width=4)
	        Index Cond: ((id >= 2678169) AND (id <= 2678268))

table 4 : explain SELECT SUM(k) FROM sbtest4 WHERE id BETWEEN 3547035 AND 3547134
	Aggregate  (cost=350.46..350.47 rows=1 width=8)
	  ->  Index Scan using sbtest4_pkey on sbtest4  (cost=0.43..350.23 rows=91 width=4)
	        Index Cond: ((id >= 3547035) AND (id <= 3547134))

table 5 : explain SELECT SUM(k) FROM sbtest5 WHERE id BETWEEN 111808 AND 111907
	Aggregate  (cost=340.23..340.24 rows=1 width=8)
	  ->  Index Scan using sbtest5_pkey on sbtest5  (cost=0.43..340.01 rows=88 width=4)
	        Index Cond: ((id >= 111808) AND (id <= 111907))

table 6 : explain SELECT SUM(k) FROM sbtest6 WHERE id BETWEEN 772898 AND 772997
	Aggregate  (cost=376.60..376.61 rows=1 width=8)
	  ->  Index Scan using sbtest6_pkey on sbtest6  (cost=0.43..376.36 rows=98 width=4)
	        Index Cond: ((id >= 772898) AND (id <= 772997))

table 7 : explain SELECT SUM(k) FROM sbtest7 WHERE id BETWEEN 7937914 AND 7938013
	Aggregate  (cost=365.94..365.95 rows=1 width=8)
	  ->  Index Scan using sbtest7_pkey on sbtest7  (cost=0.43..365.71 rows=95 width=4)
	        Index Cond: ((id >= 7937914) AND (id <= 7938013))

table 8 : explain SELECT SUM(k) FROM sbtest8 WHERE id BETWEEN 5621493 AND 5621592
	Aggregate  (cost=352.26..352.27 rows=1 width=8)
	  ->  Index Scan using sbtest8_pkey on sbtest8  (cost=0.43..352.03 rows=91 width=4)
	        Index Cond: ((id >= 5621493) AND (id <= 5621592))

for inserts
table 1 : explain INSERT INTO sbtest1 (id, k, c, pad) VALUES (1484595, 13, 'foobar', 'foobar')
	Insert on sbtest1  (cost=0.00..0.01 rows=0 width=0)
	  ->  Result  (cost=0.00..0.01 rows=1 width=736)

table 2 : explain INSERT INTO sbtest2 (id, k, c, pad) VALUES (2796433, 13, 'foobar', 'foobar')
	Insert on sbtest2  (cost=0.00..0.01 rows=0 width=0)
	  ->  Result  (cost=0.00..0.01 rows=1 width=736)

table 3 : explain INSERT INTO sbtest3 (id, k, c, pad) VALUES (6668483, 13, 'foobar', 'foobar')
	Insert on sbtest3  (cost=0.00..0.01 rows=0 width=0)
	  ->  Result  (cost=0.00..0.01 rows=1 width=736)

table 4 : explain INSERT INTO sbtest4 (id, k, c, pad) VALUES (8780319, 13, 'foobar', 'foobar')
	Insert on sbtest4  (cost=0.00..0.01 rows=0 width=0)
	  ->  Result  (cost=0.00..0.01 rows=1 width=736)

table 5 : explain INSERT INTO sbtest5 (id, k, c, pad) VALUES (7095143, 13, 'foobar', 'foobar')
	Insert on sbtest5  (cost=0.00..0.01 rows=0 width=0)
	  ->  Result  (cost=0.00..0.01 rows=1 width=736)

table 6 : explain INSERT INTO sbtest6 (id, k, c, pad) VALUES (736823, 13, 'foobar', 'foobar')
	Insert on sbtest6  (cost=0.00..0.01 rows=0 width=0)
	  ->  Result  (cost=0.00..0.01 rows=1 width=736)

table 7 : explain INSERT INTO sbtest7 (id, k, c, pad) VALUES (586676, 13, 'foobar', 'foobar')
	Insert on sbtest7  (cost=0.00..0.01 rows=0 width=0)
	  ->  Result  (cost=0.00..0.01 rows=1 width=736)

table 8 : explain INSERT INTO sbtest8 (id, k, c, pad) VALUES (183081, 13, 'foobar', 'foobar')
	Insert on sbtest8  (cost=0.00..0.01 rows=0 width=0)
	  ->  Result  (cost=0.00..0.01 rows=1 width=736)

explain: for point_selects :: explain SELECT c FROM sbtest%u WHERE id=%u
for index_updates
table 1 : explain UPDATE sbtest1 SET k=k+1 WHERE id=7190449
	Update on sbtest1  (cost=0.43..8.46 rows=0 width=0)
	  ->  Index Scan using sbtest1_pkey on sbtest1  (cost=0.43..8.46 rows=1 width=10)
	        Index Cond: (id = 7190449)

table 2 : explain UPDATE sbtest2 SET k=k+1 WHERE id=3236434
	Update on sbtest2  (cost=0.43..8.46 rows=0 width=0)
	  ->  Index Scan using sbtest2_pkey on sbtest2  (cost=0.43..8.46 rows=1 width=10)
	        Index Cond: (id = 3236434)

table 3 : explain UPDATE sbtest3 SET k=k+1 WHERE id=6365416
	Update on sbtest3  (cost=0.43..8.46 rows=0 width=0)
	  ->  Index Scan using sbtest3_pkey on sbtest3  (cost=0.43..8.46 rows=1 width=10)
	        Index Cond: (id = 6365416)

table 4 : explain UPDATE sbtest4 SET k=k+1 WHERE id=577766
	Update on sbtest4  (cost=0.43..8.46 rows=0 width=0)
	  ->  Index Scan using sbtest4_pkey on sbtest4  (cost=0.43..8.46 rows=1 width=10)
	        Index Cond: (id = 577766)

table 5 : explain UPDATE sbtest5 SET k=k+1 WHERE id=5492295
	Update on sbtest5  (cost=0.43..8.46 rows=0 width=0)
	  ->  Index Scan using sbtest5_pkey on sbtest5  (cost=0.43..8.46 rows=1 width=10)
	        Index Cond: (id = 5492295)

table 6 : explain UPDATE sbtest6 SET k=k+1 WHERE id=6992983
	Update on sbtest6  (cost=0.43..8.46 rows=0 width=0)
	  ->  Index Scan using sbtest6_pkey on sbtest6  (cost=0.43..8.46 rows=1 width=10)
	        Index Cond: (id = 6992983)

table 7 : explain UPDATE sbtest7 SET k=k+1 WHERE id=8552472
	Update on sbtest7  (cost=0.43..8.46 rows=0 width=0)
	  ->  Index Scan using sbtest7_pkey on sbtest7  (cost=0.43..8.46 rows=1 width=10)
	        Index Cond: (id = 8552472)

table 8 : explain UPDATE sbtest8 SET k=k+1 WHERE id=1270555
	Update on sbtest8  (cost=0.43..8.46 rows=0 width=0)
	  ->  Index Scan using sbtest8_pkey on sbtest8  (cost=0.43..8.46 rows=1 width=10)
	        Index Cond: (id = 1270555)

for inserts
table 1 : explain INSERT INTO sbtest1 (id, k, c, pad) VALUES (3288151, 13, 'foobar', 'foobar')
	Insert on sbtest1  (cost=0.00..0.01 rows=0 width=0)
	  ->  Result  (cost=0.00..0.01 rows=1 width=736)

table 2 : explain INSERT INTO sbtest2 (id, k, c, pad) VALUES (4904737, 13, 'foobar', 'foobar')
	Insert on sbtest2  (cost=0.00..0.01 rows=0 width=0)
	  ->  Result  (cost=0.00..0.01 rows=1 width=736)

table 3 : explain INSERT INTO sbtest3 (id, k, c, pad) VALUES (7363561, 13, 'foobar', 'foobar')
	Insert on sbtest3  (cost=0.00..0.01 rows=0 width=0)
	  ->  Result  (cost=0.00..0.01 rows=1 width=736)

table 4 : explain INSERT INTO sbtest4 (id, k, c, pad) VALUES (4052819, 13, 'foobar', 'foobar')
	Insert on sbtest4  (cost=0.00..0.01 rows=0 width=0)
	  ->  Result  (cost=0.00..0.01 rows=1 width=736)

table 5 : explain INSERT INTO sbtest5 (id, k, c, pad) VALUES (9021970, 13, 'foobar', 'foobar')
	Insert on sbtest5  (cost=0.00..0.01 rows=0 width=0)
	  ->  Result  (cost=0.00..0.01 rows=1 width=736)

table 6 : explain INSERT INTO sbtest6 (id, k, c, pad) VALUES (3479160, 13, 'foobar', 'foobar')
	Insert on sbtest6  (cost=0.00..0.01 rows=0 width=0)
	  ->  Result  (cost=0.00..0.01 rows=1 width=736)

table 7 : explain INSERT INTO sbtest7 (id, k, c, pad) VALUES (3837689, 13, 'foobar', 'foobar')
	Insert on sbtest7  (cost=0.00..0.01 rows=0 width=0)
	  ->  Result  (cost=0.00..0.01 rows=1 width=736)

table 8 : explain INSERT INTO sbtest8 (id, k, c, pad) VALUES (9245447, 13, 'foobar', 'foobar')
	Insert on sbtest8  (cost=0.00..0.01 rows=0 width=0)
	  ->  Result  (cost=0.00..0.01 rows=1 width=736)

for: simple_ranges
table 1 : explain SELECT c FROM sbtest1 WHERE id BETWEEN 1010039 AND 1010138
	Index Scan using sbtest1_pkey on sbtest1  (cost=0.43..385.12 rows=100 width=121)
	  Index Cond: ((id >= 1010039) AND (id <= 1010138))

table 2 : explain SELECT c FROM sbtest2 WHERE id BETWEEN 2579516 AND 2579615
	Index Scan using sbtest2_pkey on sbtest2  (cost=0.43..399.72 rows=104 width=121)
	  Index Cond: ((id >= 2579516) AND (id <= 2579615))

table 3 : explain SELECT c FROM sbtest3 WHERE id BETWEEN 7915196 AND 7915295
	Index Scan using sbtest3_pkey on sbtest3  (cost=0.43..379.32 rows=99 width=121)
	  Index Cond: ((id >= 7915196) AND (id <= 7915295))

table 4 : explain SELECT c FROM sbtest4 WHERE id BETWEEN 8292400 AND 8292499
	Index Scan using sbtest4_pkey on sbtest4  (cost=0.43..376.80 rows=98 width=121)
	  Index Cond: ((id >= 8292400) AND (id <= 8292499))

table 5 : explain SELECT c FROM sbtest5 WHERE id BETWEEN 5307688 AND 5307787
	Index Scan using sbtest5_pkey on sbtest5  (cost=0.43..412.45 rows=107 width=121)
	  Index Cond: ((id >= 5307688) AND (id <= 5307787))

table 6 : explain SELECT c FROM sbtest6 WHERE id BETWEEN 4419295 AND 4419394
	Index Scan using sbtest6_pkey on sbtest6  (cost=0.43..455.97 rows=119 width=121)
	  Index Cond: ((id >= 4419295) AND (id <= 4419394))

table 7 : explain SELECT c FROM sbtest7 WHERE id BETWEEN 4001101 AND 4001200
	Index Scan using sbtest7_pkey on sbtest7  (cost=0.43..361.91 rows=94 width=121)
	  Index Cond: ((id >= 4001101) AND (id <= 4001200))

table 8 : explain SELECT c FROM sbtest8 WHERE id BETWEEN 570200 AND 570299
	Index Scan using sbtest8_pkey on sbtest8  (cost=0.43..413.14 rows=107 width=121)
	  Index Cond: ((id >= 570200) AND (id <= 570299))

for index_updates
table 1 : explain UPDATE sbtest1 SET k=k+1 WHERE id=7829256
	Update on sbtest1  (cost=0.43..8.46 rows=0 width=0)
	  ->  Index Scan using sbtest1_pkey on sbtest1  (cost=0.43..8.46 rows=1 width=10)
	        Index Cond: (id = 7829256)

table 2 : explain UPDATE sbtest2 SET k=k+1 WHERE id=9713578
	Update on sbtest2  (cost=0.43..8.46 rows=0 width=0)
	  ->  Index Scan using sbtest2_pkey on sbtest2  (cost=0.43..8.46 rows=1 width=10)
	        Index Cond: (id = 9713578)

table 3 : explain UPDATE sbtest3 SET k=k+1 WHERE id=5409446
	Update on sbtest3  (cost=0.43..8.46 rows=0 width=0)
	  ->  Index Scan using sbtest3_pkey on sbtest3  (cost=0.43..8.46 rows=1 width=10)
	        Index Cond: (id = 5409446)

table 4 : explain UPDATE sbtest4 SET k=k+1 WHERE id=3107518
	Update on sbtest4  (cost=0.43..8.46 rows=0 width=0)
	  ->  Index Scan using sbtest4_pkey on sbtest4  (cost=0.43..8.46 rows=1 width=10)
	        Index Cond: (id = 3107518)

table 5 : explain UPDATE sbtest5 SET k=k+1 WHERE id=1483582
	Update on sbtest5  (cost=0.43..8.46 rows=0 width=0)
	  ->  Index Scan using sbtest5_pkey on sbtest5  (cost=0.43..8.46 rows=1 width=10)
	        Index Cond: (id = 1483582)

table 6 : explain UPDATE sbtest6 SET k=k+1 WHERE id=4570033
	Update on sbtest6  (cost=0.43..8.46 rows=0 width=0)
	  ->  Index Scan using sbtest6_pkey on sbtest6  (cost=0.43..8.46 rows=1 width=10)
	        Index Cond: (id = 4570033)

table 7 : explain UPDATE sbtest7 SET k=k+1 WHERE id=903911
	Update on sbtest7  (cost=0.43..8.46 rows=0 width=0)
	  ->  Index Scan using sbtest7_pkey on sbtest7  (cost=0.43..8.46 rows=1 width=10)
	        Index Cond: (id = 903911)

table 8 : explain UPDATE sbtest8 SET k=k+1 WHERE id=5309139
	Update on sbtest8  (cost=0.43..8.46 rows=0 width=0)
	  ->  Index Scan using sbtest8_pkey on sbtest8  (cost=0.43..8.46 rows=1 width=10)
	        Index Cond: (id = 5309139)

explain: for point_selects :: explain SELECT c FROM sbtest%u WHERE id=%u
explain: for index_updates :: explain UPDATE sbtest%u SET k=k+1 WHERE id=%u
explain: for non_index_updates :: explain UPDATE sbtest%u SET c='foobar' WHERE id=%u
explain: for point_selects :: explain SELECT c FROM sbtest%u WHERE id=%u
for: order_ranges
table 1 : explain SELECT c FROM sbtest1 WHERE id BETWEEN 8330726 AND 8330825 ORDER BY c
	Sort  (cost=392.28..392.54 rows=101 width=121)
	  Sort Key: c
	  ->  Index Scan using sbtest1_pkey on sbtest1  (cost=0.43..388.92 rows=101 width=121)
	        Index Cond: ((id >= 8330726) AND (id <= 8330825))

table 2 : explain SELECT c FROM sbtest2 WHERE id BETWEEN 2876111 AND 2876210 ORDER BY c
	Sort  (cost=387.85..388.10 rows=100 width=121)
	  Sort Key: c
	  ->  Index Scan using sbtest2_pkey on sbtest2  (cost=0.43..384.53 rows=100 width=121)
	        Index Cond: ((id >= 2876111) AND (id <= 2876210))

table 3 : explain SELECT c FROM sbtest3 WHERE id BETWEEN 6963698 AND 6963797 ORDER BY c
	Sort  (cost=355.78..356.01 rows=92 width=121)
	  Sort Key: c
	  ->  Index Scan using sbtest3_pkey on sbtest3  (cost=0.43..352.78 rows=92 width=121)
	        Index Cond: ((id >= 6963698) AND (id <= 6963797))

table 4 : explain SELECT c FROM sbtest4 WHERE id BETWEEN 7639853 AND 7639952 ORDER BY c
	Sort  (cost=410.73..411.00 rows=106 width=121)
	  Sort Key: c
	  ->  Index Scan using sbtest4_pkey on sbtest4  (cost=0.43..407.17 rows=106 width=121)
	        Index Cond: ((id >= 7639853) AND (id <= 7639952))

table 5 : explain SELECT c FROM sbtest5 WHERE id BETWEEN 5512660 AND 5512759 ORDER BY c
	Sort  (cost=419.90..420.17 rows=108 width=121)
	  Sort Key: c
	  ->  Index Scan using sbtest5_pkey on sbtest5  (cost=0.43..416.26 rows=108 width=121)
	        Index Cond: ((id >= 5512660) AND (id <= 5512759))

table 6 : explain SELECT c FROM sbtest6 WHERE id BETWEEN 7295228 AND 7295327 ORDER BY c
	Sort  (cost=368.05..368.29 rows=95 width=121)
	  Sort Key: c
	  ->  Index Scan using sbtest6_pkey on sbtest6  (cost=0.43..364.93 rows=95 width=121)
	        Index Cond: ((id >= 7295228) AND (id <= 7295327))

table 7 : explain SELECT c FROM sbtest7 WHERE id BETWEEN 4230879 AND 4230978 ORDER BY c
	Sort  (cost=368.83..369.06 rows=95 width=121)
	  Sort Key: c
	  ->  Index Scan using sbtest7_pkey on sbtest7  (cost=0.43..365.71 rows=95 width=121)
	        Index Cond: ((id >= 4230879) AND (id <= 4230978))

table 8 : explain SELECT c FROM sbtest8 WHERE id BETWEEN 4419525 AND 4419624 ORDER BY c
	Sort  (cost=382.03..382.28 rows=98 width=121)
	  Sort Key: c
	  ->  Index Scan using sbtest8_pkey on sbtest8  (cost=0.43..378.79 rows=98 width=121)
	        Index Cond: ((id >= 4419525) AND (id <= 4419624))

for index_updates
table 1 : explain UPDATE sbtest1 SET k=k+1 WHERE id=1001906
	Update on sbtest1  (cost=0.43..8.46 rows=0 width=0)
	  ->  Index Scan using sbtest1_pkey on sbtest1  (cost=0.43..8.46 rows=1 width=10)
	        Index Cond: (id = 1001906)

table 2 : explain UPDATE sbtest2 SET k=k+1 WHERE id=651707
	Update on sbtest2  (cost=0.43..8.46 rows=0 width=0)
	  ->  Index Scan using sbtest2_pkey on sbtest2  (cost=0.43..8.46 rows=1 width=10)
	        Index Cond: (id = 651707)

table 3 : explain UPDATE sbtest3 SET k=k+1 WHERE id=1840811
	Update on sbtest3  (cost=0.43..8.46 rows=0 width=0)
	  ->  Index Scan using sbtest3_pkey on sbtest3  (cost=0.43..8.46 rows=1 width=10)
	        Index Cond: (id = 1840811)

table 4 : explain UPDATE sbtest4 SET k=k+1 WHERE id=9152430
	Update on sbtest4  (cost=0.43..8.46 rows=0 width=0)
	  ->  Index Scan using sbtest4_pkey on sbtest4  (cost=0.43..8.46 rows=1 width=10)
	        Index Cond: (id = 9152430)

table 5 : explain UPDATE sbtest5 SET k=k+1 WHERE id=5207159
	Update on sbtest5  (cost=0.43..8.46 rows=0 width=0)
	  ->  Index Scan using sbtest5_pkey on sbtest5  (cost=0.43..8.46 rows=1 width=10)
	        Index Cond: (id = 5207159)

table 6 : explain UPDATE sbtest6 SET k=k+1 WHERE id=4745990
	Update on sbtest6  (cost=0.43..8.46 rows=0 width=0)
	  ->  Index Scan using sbtest6_pkey on sbtest6  (cost=0.43..8.46 rows=1 width=10)
	        Index Cond: (id = 4745990)

table 7 : explain UPDATE sbtest7 SET k=k+1 WHERE id=5224438
	Update on sbtest7  (cost=0.43..8.46 rows=0 width=0)
	  ->  Index Scan using sbtest7_pkey on sbtest7  (cost=0.43..8.46 rows=1 width=10)
	        Index Cond: (id = 5224438)

table 8 : explain UPDATE sbtest8 SET k=k+1 WHERE id=8530436
	Update on sbtest8  (cost=0.43..8.46 rows=0 width=0)
	  ->  Index Scan using sbtest8_pkey on sbtest8  (cost=0.43..8.46 rows=1 width=10)
	        Index Cond: (id = 8530436)

explain: for non_index_updates :: explain UPDATE sbtest%u SET c='foobar' WHERE id=%u
for: sum_ranges
table 1 : explain SELECT SUM(k) FROM sbtest1 WHERE id BETWEEN 2342530 AND 2342629
	Aggregate  (cost=347.26..347.27 rows=1 width=8)
	  ->  Index Scan using sbtest1_pkey on sbtest1  (cost=0.43..347.03 rows=90 width=4)
	        Index Cond: ((id >= 2342530) AND (id <= 2342629))

table 2 : explain SELECT SUM(k) FROM sbtest2 WHERE id BETWEEN 6406429 AND 6406528
	Aggregate  (cost=365.73..365.74 rows=1 width=8)
	  ->  Index Scan using sbtest2_pkey on sbtest2  (cost=0.43..365.49 rows=95 width=4)
	        Index Cond: ((id >= 6406429) AND (id <= 6406528))

table 3 : explain SELECT SUM(k) FROM sbtest3 WHERE id BETWEEN 8042752 AND 8042851
	Aggregate  (cost=371.94..371.95 rows=1 width=8)
	  ->  Index Scan using sbtest3_pkey on sbtest3  (cost=0.43..371.69 rows=97 width=4)
	        Index Cond: ((id >= 8042752) AND (id <= 8042851))

table 4 : explain SELECT SUM(k) FROM sbtest4 WHERE id BETWEEN 9144195 AND 9144294
	Aggregate  (cost=403.63..403.64 rows=1 width=8)
	  ->  Index Scan using sbtest4_pkey on sbtest4  (cost=0.43..403.37 rows=105 width=4)
	        Index Cond: ((id >= 9144195) AND (id <= 9144294))

table 5 : explain SELECT SUM(k) FROM sbtest5 WHERE id BETWEEN 6744007 AND 6744106
	Aggregate  (cost=393.65..393.66 rows=1 width=8)
	  ->  Index Scan using sbtest5_pkey on sbtest5  (cost=0.43..393.40 rows=102 width=4)
	        Index Cond: ((id >= 6744007) AND (id <= 6744106))

table 6 : explain SELECT SUM(k) FROM sbtest6 WHERE id BETWEEN 4956677 AND 4956776
	Aggregate  (cost=365.17..365.18 rows=1 width=8)
	  ->  Index Scan using sbtest6_pkey on sbtest6  (cost=0.43..364.93 rows=95 width=4)
	        Index Cond: ((id >= 4956677) AND (id <= 4956776))

table 7 : explain SELECT SUM(k) FROM sbtest7 WHERE id BETWEEN 1291827 AND 1291926
	Aggregate  (cost=362.14..362.15 rows=1 width=8)
	  ->  Index Scan using sbtest7_pkey on sbtest7  (cost=0.43..361.91 rows=94 width=4)
	        Index Cond: ((id >= 1291827) AND (id <= 1291926))

table 8 : explain SELECT SUM(k) FROM sbtest8 WHERE id BETWEEN 5253409 AND 5253508
	Aggregate  (cost=367.53..367.54 rows=1 width=8)
	  ->  Index Scan using sbtest8_pkey on sbtest8  (cost=0.43..367.29 rows=95 width=4)
	        Index Cond: ((id >= 5253409) AND (id <= 5253508))

explain: for non_index_updates :: explain UPDATE sbtest%u SET c='foobar' WHERE id=%u
explain: for point_selects :: explain SELECT c FROM sbtest%u WHERE id=%u
for point_selects
table 1 : explain SELECT c FROM sbtest1 WHERE id=983834
	Index Scan using sbtest1_pkey on sbtest1  (cost=0.43..8.45 rows=1 width=121)
	  Index Cond: (id = 983834)

table 2 : explain SELECT c FROM sbtest2 WHERE id=6810264
	Index Scan using sbtest2_pkey on sbtest2  (cost=0.43..8.45 rows=1 width=121)
	  Index Cond: (id = 6810264)

table 3 : explain SELECT c FROM sbtest3 WHERE id=6967399
	Index Scan using sbtest3_pkey on sbtest3  (cost=0.43..8.45 rows=1 width=121)
	  Index Cond: (id = 6967399)

table 4 : explain SELECT c FROM sbtest4 WHERE id=3403494
	Index Scan using sbtest4_pkey on sbtest4  (cost=0.43..8.45 rows=1 width=121)
	  Index Cond: (id = 3403494)

table 5 : explain SELECT c FROM sbtest5 WHERE id=3131503
	Index Scan using sbtest5_pkey on sbtest5  (cost=0.43..8.45 rows=1 width=121)
	  Index Cond: (id = 3131503)

table 6 : explain SELECT c FROM sbtest6 WHERE id=8169205
	Index Scan using sbtest6_pkey on sbtest6  (cost=0.43..8.45 rows=1 width=121)
	  Index Cond: (id = 8169205)

table 7 : explain SELECT c FROM sbtest7 WHERE id=2658392
	Index Scan using sbtest7_pkey on sbtest7  (cost=0.43..8.45 rows=1 width=121)
	  Index Cond: (id = 2658392)

table 8 : explain SELECT c FROM sbtest8 WHERE id=6009113
	Index Scan using sbtest8_pkey on sbtest8  (cost=0.43..8.45 rows=1 width=121)
	  Index Cond: (id = 6009113)

for non_index_updates
table 1 : explain UPDATE sbtest1 SET c='foobar' WHERE id=9488051
	Update on sbtest1  (cost=0.43..8.45 rows=0 width=0)
	  ->  Index Scan using sbtest1_pkey on sbtest1  (cost=0.43..8.45 rows=1 width=490)
	        Index Cond: (id = 9488051)

table 2 : explain UPDATE sbtest2 SET c='foobar' WHERE id=3675751
	Update on sbtest2  (cost=0.43..8.45 rows=0 width=0)
	  ->  Index Scan using sbtest2_pkey on sbtest2  (cost=0.43..8.45 rows=1 width=490)
	        Index Cond: (id = 3675751)

table 3 : explain UPDATE sbtest3 SET c='foobar' WHERE id=6529856
	Update on sbtest3  (cost=0.43..8.45 rows=0 width=0)
	  ->  Index Scan using sbtest3_pkey on sbtest3  (cost=0.43..8.45 rows=1 width=490)
	        Index Cond: (id = 6529856)

table 4 : explain UPDATE sbtest4 SET c='foobar' WHERE id=7238839
	Update on sbtest4  (cost=0.43..8.45 rows=0 width=0)
	  ->  Index Scan using sbtest4_pkey on sbtest4  (cost=0.43..8.45 rows=1 width=490)
	        Index Cond: (id = 7238839)

table 5 : explain UPDATE sbtest5 SET c='foobar' WHERE id=6888054
	Update on sbtest5  (cost=0.43..8.45 rows=0 width=0)
	  ->  Index Scan using sbtest5_pkey on sbtest5  (cost=0.43..8.45 rows=1 width=490)
	        Index Cond: (id = 6888054)

table 6 : explain UPDATE sbtest6 SET c='foobar' WHERE id=5157353
	Update on sbtest6  (cost=0.43..8.45 rows=0 width=0)
	  ->  Index Scan using sbtest6_pkey on sbtest6  (cost=0.43..8.45 rows=1 width=490)
	        Index Cond: (id = 5157353)

table 7 : explain UPDATE sbtest7 SET c='foobar' WHERE id=8061054
	Update on sbtest7  (cost=0.43..8.45 rows=0 width=0)
	  ->  Index Scan using sbtest7_pkey on sbtest7  (cost=0.43..8.45 rows=1 width=490)
	        Index Cond: (id = 8061054)

table 8 : explain UPDATE sbtest8 SET c='foobar' WHERE id=5133445
	Update on sbtest8  (cost=0.43..8.45 rows=0 width=0)
	  ->  Index Scan using sbtest8_pkey on sbtest8  (cost=0.43..8.45 rows=1 width=490)
	        Index Cond: (id = 5133445)

for non_index_updates
table 1 : explain UPDATE sbtest1 SET c='foobar' WHERE id=7056945
	Update on sbtest1  (cost=0.43..8.45 rows=0 width=0)
	  ->  Index Scan using sbtest1_pkey on sbtest1  (cost=0.43..8.45 rows=1 width=490)
	        Index Cond: (id = 7056945)

table 2 : explain UPDATE sbtest2 SET c='foobar' WHERE id=6596158
	Update on sbtest2  (cost=0.43..8.45 rows=0 width=0)
	  ->  Index Scan using sbtest2_pkey on sbtest2  (cost=0.43..8.45 rows=1 width=490)
	        Index Cond: (id = 6596158)

table 3 : explain UPDATE sbtest3 SET c='foobar' WHERE id=1062714
	Update on sbtest3  (cost=0.43..8.45 rows=0 width=0)
	  ->  Index Scan using sbtest3_pkey on sbtest3  (cost=0.43..8.45 rows=1 width=490)
	        Index Cond: (id = 1062714)

table 4 : explain UPDATE sbtest4 SET c='foobar' WHERE id=1790518
	Update on sbtest4  (cost=0.43..8.45 rows=0 width=0)
	  ->  Index Scan using sbtest4_pkey on sbtest4  (cost=0.43..8.45 rows=1 width=490)
	        Index Cond: (id = 1790518)

table 5 : explain UPDATE sbtest5 SET c='foobar' WHERE id=4429436
	Update on sbtest5  (cost=0.43..8.45 rows=0 width=0)
	  ->  Index Scan using sbtest5_pkey on sbtest5  (cost=0.43..8.45 rows=1 width=490)
	        Index Cond: (id = 4429436)

table 6 : explain UPDATE sbtest6 SET c='foobar' WHERE id=9513253
	Update on sbtest6  (cost=0.43..8.45 rows=0 width=0)
	  ->  Index Scan using sbtest6_pkey on sbtest6  (cost=0.43..8.45 rows=1 width=490)
	        Index Cond: (id = 9513253)

table 7 : explain UPDATE sbtest7 SET c='foobar' WHERE id=5309830
	Update on sbtest7  (cost=0.43..8.45 rows=0 width=0)
	  ->  Index Scan using sbtest7_pkey on sbtest7  (cost=0.43..8.45 rows=1 width=490)
	        Index Cond: (id = 5309830)

table 8 : explain UPDATE sbtest8 SET c='foobar' WHERE id=5918420
	Update on sbtest8  (cost=0.43..8.45 rows=0 width=0)
	  ->  Index Scan using sbtest8_pkey on sbtest8  (cost=0.43..8.45 rows=1 width=490)
	        Index Cond: (id = 5918420)

explain: for point_selects :: explain SELECT c FROM sbtest%u WHERE id=%u
for: distinct_ranges
table 1 : explain SELECT DISTINCT c FROM sbtest1 WHERE id BETWEEN 7641663 AND 7641762 ORDER BY c
	Unique  (cost=411.50..412.03 rows=106 width=121)
	  ->  Sort  (cost=411.50..411.77 rows=106 width=121)
	        Sort Key: c
	        ->  Index Scan using sbtest1_pkey on sbtest1  (cost=0.43..407.94 rows=106 width=121)
	              Index Cond: ((id >= 7641663) AND (id <= 7641762))

table 2 : explain SELECT DISTINCT c FROM sbtest2 WHERE id BETWEEN 2929879 AND 2929978 ORDER BY c
	Unique  (cost=387.85..388.35 rows=100 width=121)
	  ->  Sort  (cost=387.85..388.10 rows=100 width=121)
	        Sort Key: c
	        ->  Index Scan using sbtest2_pkey on sbtest2  (cost=0.43..384.53 rows=100 width=121)
	              Index Cond: ((id >= 2929879) AND (id <= 2929978))

table 3 : explain SELECT DISTINCT c FROM sbtest3 WHERE id BETWEEN 3837273 AND 3837372 ORDER BY c
	Unique  (cost=355.78..356.24 rows=92 width=121)
	  ->  Sort  (cost=355.78..356.01 rows=92 width=121)
	        Sort Key: c
	        ->  Index Scan using sbtest3_pkey on sbtest3  (cost=0.43..352.78 rows=92 width=121)
	              Index Cond: ((id >= 3837273) AND (id <= 3837372))

table 4 : explain SELECT DISTINCT c FROM sbtest4 WHERE id BETWEEN 700844 AND 700943 ORDER BY c
	Unique  (cost=387.71..388.21 rows=100 width=121)
	  ->  Sort  (cost=387.71..387.96 rows=100 width=121)
	        Sort Key: c
	        ->  Index Scan using sbtest4_pkey on sbtest4  (cost=0.43..384.39 rows=100 width=121)
	              Index Cond: ((id >= 700844) AND (id <= 700943))

table 5 : explain SELECT DISTINCT c FROM sbtest5 WHERE id BETWEEN 1552330 AND 1552429 ORDER BY c
	Unique  (cost=416.05..416.59 rows=107 width=121)
	  ->  Sort  (cost=416.05..416.32 rows=107 width=121)
	        Sort Key: c
	        ->  Index Scan using sbtest5_pkey on sbtest5  (cost=0.43..412.45 rows=107 width=121)
	              Index Cond: ((id >= 1552330) AND (id <= 1552429))

table 6 : explain SELECT DISTINCT c FROM sbtest6 WHERE id BETWEEN 2055362 AND 2055461 ORDER BY c
	Unique  (cost=360.39..360.85 rows=93 width=121)
	  ->  Sort  (cost=360.39..360.62 rows=93 width=121)
	        Sort Key: c
	        ->  Index Scan using sbtest6_pkey on sbtest6  (cost=0.43..357.35 rows=93 width=121)
	              Index Cond: ((id >= 2055362) AND (id <= 2055461))

table 7 : explain SELECT DISTINCT c FROM sbtest7 WHERE id BETWEEN 6218833 AND 6218932 ORDER BY c
	Unique  (cost=395.76..396.27 rows=102 width=121)
	  ->  Sort  (cost=395.76..396.02 rows=102 width=121)
	        Sort Key: c
	        ->  Index Scan using sbtest7_pkey on sbtest7  (cost=0.43..392.36 rows=102 width=121)
	              Index Cond: ((id >= 6218833) AND (id <= 6218932))

table 8 : explain SELECT DISTINCT c FROM sbtest8 WHERE id BETWEEN 478769 AND 478868 ORDER BY c
	Unique  (cost=397.46..397.97 rows=102 width=121)
	  ->  Sort  (cost=397.46..397.72 rows=102 width=121)
	        Sort Key: c
	        ->  Index Scan using sbtest8_pkey on sbtest8  (cost=0.43..394.06 rows=102 width=121)
	              Index Cond: ((id >= 478769) AND (id <= 478868))

explain: for deletes :: explain DELETE FROM sbtest%u WHERE id=%u
for non_index_updates
table 1 : explain UPDATE sbtest1 SET c='foobar' WHERE id=50671
	Update on sbtest1  (cost=0.43..8.45 rows=0 width=0)
	  ->  Index Scan using sbtest1_pkey on sbtest1  (cost=0.43..8.45 rows=1 width=490)
	        Index Cond: (id = 50671)

table 2 : explain UPDATE sbtest2 SET c='foobar' WHERE id=9789347
	Update on sbtest2  (cost=0.43..8.45 rows=0 width=0)
	  ->  Index Scan using sbtest2_pkey on sbtest2  (cost=0.43..8.45 rows=1 width=490)
	        Index Cond: (id = 9789347)

table 3 : explain UPDATE sbtest3 SET c='foobar' WHERE id=3840541
	Update on sbtest3  (cost=0.43..8.45 rows=0 width=0)
	  ->  Index Scan using sbtest3_pkey on sbtest3  (cost=0.43..8.45 rows=1 width=490)
	        Index Cond: (id = 3840541)

table 4 : explain UPDATE sbtest4 SET c='foobar' WHERE id=3655298
	Update on sbtest4  (cost=0.43..8.45 rows=0 width=0)
	  ->  Index Scan using sbtest4_pkey on sbtest4  (cost=0.43..8.45 rows=1 width=490)
	        Index Cond: (id = 3655298)

table 5 : explain UPDATE sbtest5 SET c='foobar' WHERE id=3667899
	Update on sbtest5  (cost=0.43..8.45 rows=0 width=0)
	  ->  Index Scan using sbtest5_pkey on sbtest5  (cost=0.43..8.45 rows=1 width=490)
	        Index Cond: (id = 3667899)

table 6 : explain UPDATE sbtest6 SET c='foobar' WHERE id=8694462
	Update on sbtest6  (cost=0.43..8.45 rows=0 width=0)
	  ->  Index Scan using sbtest6_pkey on sbtest6  (cost=0.43..8.45 rows=1 width=490)
	        Index Cond: (id = 8694462)

table 7 : explain UPDATE sbtest7 SET c='foobar' WHERE id=2972673
	Update on sbtest7  (cost=0.43..8.45 rows=0 width=0)
	  ->  Index Scan using sbtest7_pkey on sbtest7  (cost=0.43..8.45 rows=1 width=490)
	        Index Cond: (id = 2972673)

table 8 : explain UPDATE sbtest8 SET c='foobar' WHERE id=6855747
	Update on sbtest8  (cost=0.43..8.45 rows=0 width=0)
	  ->  Index Scan using sbtest8_pkey on sbtest8  (cost=0.43..8.45 rows=1 width=490)
	        Index Cond: (id = 6855747)

for point_selects
table 1 : explain SELECT c FROM sbtest1 WHERE id=9748150
	Index Scan using sbtest1_pkey on sbtest1  (cost=0.43..8.45 rows=1 width=121)
	  Index Cond: (id = 9748150)

table 2 : explain SELECT c FROM sbtest2 WHERE id=4251327
	Index Scan using sbtest2_pkey on sbtest2  (cost=0.43..8.45 rows=1 width=121)
	  Index Cond: (id = 4251327)

table 3 : explain SELECT c FROM sbtest3 WHERE id=379098
	Index Scan using sbtest3_pkey on sbtest3  (cost=0.43..8.45 rows=1 width=121)
	  Index Cond: (id = 379098)

table 4 : explain SELECT c FROM sbtest4 WHERE id=7596766
	Index Scan using sbtest4_pkey on sbtest4  (cost=0.43..8.45 rows=1 width=121)
	  Index Cond: (id = 7596766)

table 5 : explain SELECT c FROM sbtest5 WHERE id=8320283
	Index Scan using sbtest5_pkey on sbtest5  (cost=0.43..8.45 rows=1 width=121)
	  Index Cond: (id = 8320283)

table 6 : explain SELECT c FROM sbtest6 WHERE id=378857
	Index Scan using sbtest6_pkey on sbtest6  (cost=0.43..8.45 rows=1 width=121)
	  Index Cond: (id = 378857)

table 7 : explain SELECT c FROM sbtest7 WHERE id=7271905
	Index Scan using sbtest7_pkey on sbtest7  (cost=0.43..8.45 rows=1 width=121)
	  Index Cond: (id = 7271905)

table 8 : explain SELECT c FROM sbtest8 WHERE id=1272453
	Index Scan using sbtest8_pkey on sbtest8  (cost=0.43..8.45 rows=1 width=121)
	  Index Cond: (id = 1272453)

for: simple_ranges
table 1 : explain SELECT c FROM sbtest1 WHERE id BETWEEN 5350569 AND 5350668
	Index Scan using sbtest1_pkey on sbtest1  (cost=0.43..396.53 rows=103 width=121)
	  Index Cond: ((id >= 5350569) AND (id <= 5350668))

table 2 : explain SELECT c FROM sbtest2 WHERE id BETWEEN 3500758 AND 3500857
	Index Scan using sbtest2_pkey on sbtest2  (cost=0.43..388.33 rows=101 width=121)
	  Index Cond: ((id >= 3500758) AND (id <= 3500857))

table 3 : explain SELECT c FROM sbtest3 WHERE id BETWEEN 1649999 AND 1650098
	Index Scan using sbtest3_pkey on sbtest3  (cost=0.43..367.91 rows=96 width=121)
	  Index Cond: ((id >= 1649999) AND (id <= 1650098))

table 4 : explain SELECT c FROM sbtest4 WHERE id BETWEEN 4070255 AND 4070354
	Index Scan using sbtest4_pkey on sbtest4  (cost=0.43..373.01 rows=97 width=121)
	  Index Cond: ((id >= 4070255) AND (id <= 4070354))

table 5 : explain SELECT c FROM sbtest5 WHERE id BETWEEN 5617598 AND 5617697
	Index Scan using sbtest5_pkey on sbtest5  (cost=0.43..362.92 rows=94 width=121)
	  Index Cond: ((id >= 5617598) AND (id <= 5617697))

table 6 : explain SELECT c FROM sbtest6 WHERE id BETWEEN 4501691 AND 4501790
	Index Scan using sbtest6_pkey on sbtest6  (cost=0.43..406.69 rows=106 width=121)
	  Index Cond: ((id >= 4501691) AND (id <= 4501790))

table 7 : explain SELECT c FROM sbtest7 WHERE id BETWEEN 7997297 AND 7997396
	Index Scan using sbtest7_pkey on sbtest7  (cost=0.43..365.71 rows=95 width=121)
	  Index Cond: ((id >= 7997297) AND (id <= 7997396))

table 8 : explain SELECT c FROM sbtest8 WHERE id BETWEEN 7430171 AND 7430270
	Index Scan using sbtest8_pkey on sbtest8  (cost=0.43..371.11 rows=96 width=121)
	  Index Cond: ((id >= 7430171) AND (id <= 7430270))

for: order_ranges
table 1 : explain SELECT c FROM sbtest1 WHERE id BETWEEN 1695591 AND 1695690 ORDER BY c
	Sort  (cost=411.50..411.77 rows=106 width=121)
	  Sort Key: c
	  ->  Index Scan using sbtest1_pkey on sbtest1  (cost=0.43..407.94 rows=106 width=121)
	        Index Cond: ((id >= 1695591) AND (id <= 1695690))

table 2 : explain SELECT c FROM sbtest2 WHERE id BETWEEN 3265371 AND 3265470 ORDER BY c
	Sort  (cost=368.61..368.85 rows=95 width=121)
	  Sort Key: c
	  ->  Index Scan using sbtest2_pkey on sbtest2  (cost=0.43..365.49 rows=95 width=121)
	        Index Cond: ((id >= 3265371) AND (id <= 3265470))

table 3 : explain SELECT c FROM sbtest3 WHERE id BETWEEN 2151035 AND 2151134 ORDER BY c
	Sort  (cost=378.78..379.02 rows=98 width=121)
	  Sort Key: c
	  ->  Index Scan using sbtest3_pkey on sbtest3  (cost=0.43..375.54 rows=98 width=121)
	        Index Cond: ((id >= 2151035) AND (id <= 2151134))

table 4 : explain SELECT c FROM sbtest4 WHERE id BETWEEN 752900 AND 752999 ORDER BY c
	Sort  (cost=387.71..387.96 rows=100 width=121)
	  Sort Key: c
	  ->  Index Scan using sbtest4_pkey on sbtest4  (cost=0.43..384.39 rows=100 width=121)
	        Index Cond: ((id >= 752900) AND (id <= 752999))

table 5 : explain SELECT c FROM sbtest5 WHERE id BETWEEN 1773054 AND 1773153 ORDER BY c
	Sort  (cost=369.85..370.09 rows=95 width=121)
	  Sort Key: c
	  ->  Index Scan using sbtest5_pkey on sbtest5  (cost=0.43..366.73 rows=95 width=121)
	        Index Cond: ((id >= 1773054) AND (id <= 1773153))

table 6 : explain SELECT c FROM sbtest6 WHERE id BETWEEN 3203024 AND 3203123 ORDER BY c
	Sort  (cost=364.22..364.45 rows=94 width=121)
	  Sort Key: c
	  ->  Index Scan using sbtest6_pkey on sbtest6  (cost=0.43..361.14 rows=94 width=121)
	        Index Cond: ((id >= 3203024) AND (id <= 3203123))

table 7 : explain SELECT c FROM sbtest7 WHERE id BETWEEN 6161910 AND 6162009 ORDER BY c
	Sort  (cost=395.76..396.02 rows=102 width=121)
	  Sort Key: c
	  ->  Index Scan using sbtest7_pkey on sbtest7  (cost=0.43..392.36 rows=102 width=121)
	        Index Cond: ((id >= 6161910) AND (id <= 6162009))

table 8 : explain SELECT c FROM sbtest8 WHERE id BETWEEN 4523845 AND 4523944 ORDER BY c
	Sort  (cost=389.75..390.00 rows=100 width=121)
	  Sort Key: c
	  ->  Index Scan using sbtest8_pkey on sbtest8  (cost=0.43..386.43 rows=100 width=121)
	        Index Cond: ((id >= 4523845) AND (id <= 4523944))

explain: for deletes :: explain DELETE FROM sbtest%u WHERE id=%u
for: simple_ranges
table 1 : explain SELECT c FROM sbtest1 WHERE id BETWEEN 2879359 AND 2879458
	Index Scan using sbtest1_pkey on sbtest1  (cost=0.43..362.25 rows=94 width=121)
	  Index Cond: ((id >= 2879359) AND (id <= 2879458))

table 2 : explain SELECT c FROM sbtest2 WHERE id BETWEEN 5542275 AND 5542374
	Index Scan using sbtest2_pkey on sbtest2  (cost=0.43..346.51 rows=90 width=121)
	  Index Cond: ((id >= 5542275) AND (id <= 5542374))

table 3 : explain SELECT c FROM sbtest3 WHERE id BETWEEN 3034047 AND 3034146
	Index Scan using sbtest3_pkey on sbtest3  (cost=0.43..367.91 rows=96 width=121)
	  Index Cond: ((id >= 3034047) AND (id <= 3034146))

table 4 : explain SELECT c FROM sbtest4 WHERE id BETWEEN 4948194 AND 4948293
	Index Scan using sbtest4_pkey on sbtest4  (cost=0.43..399.58 rows=104 width=121)
	  Index Cond: ((id >= 4948194) AND (id <= 4948293))

table 5 : explain SELECT c FROM sbtest5 WHERE id BETWEEN 5090649 AND 5090748
	Index Scan using sbtest5_pkey on sbtest5  (cost=0.43..370.54 rows=96 width=121)
	  Index Cond: ((id >= 5090649) AND (id <= 5090748))

table 6 : explain SELECT c FROM sbtest6 WHERE id BETWEEN 3648907 AND 3649006
	Index Scan using sbtest6_pkey on sbtest6  (cost=0.43..418.06 rows=109 width=121)
	  Index Cond: ((id >= 3648907) AND (id <= 3649006))

table 7 : explain SELECT c FROM sbtest7 WHERE id BETWEEN 9750361 AND 9750460
	Index Scan using sbtest7_pkey on sbtest7  (cost=0.43..377.10 rows=98 width=121)
	  Index Cond: ((id >= 9750361) AND (id <= 9750460))

table 8 : explain SELECT c FROM sbtest8 WHERE id BETWEEN 2786701 AND 2786800
	Index Scan using sbtest8_pkey on sbtest8  (cost=0.43..405.51 rows=105 width=121)
	  Index Cond: ((id >= 2786701) AND (id <= 2786800))

explain: for index_updates :: explain UPDATE sbtest%u SET k=k+1 WHERE id=%u
for point_selects
table 1 : explain SELECT c FROM sbtest1 WHERE id=2946219
	Index Scan using sbtest1_pkey on sbtest1  (cost=0.43..8.45 rows=1 width=121)
	  Index Cond: (id = 2946219)

table 2 : explain SELECT c FROM sbtest2 WHERE id=4246848
	Index Scan using sbtest2_pkey on sbtest2  (cost=0.43..8.45 rows=1 width=121)
	  Index Cond: (id = 4246848)

table 3 : explain SELECT c FROM sbtest3 WHERE id=2656712
	Index Scan using sbtest3_pkey on sbtest3  (cost=0.43..8.45 rows=1 width=121)
	  Index Cond: (id = 2656712)

table 4 : explain SELECT c FROM sbtest4 WHERE id=4825792
	Index Scan using sbtest4_pkey on sbtest4  (cost=0.43..8.45 rows=1 width=121)
	  Index Cond: (id = 4825792)

table 5 : explain SELECT c FROM sbtest5 WHERE id=5187264
	Index Scan using sbtest5_pkey on sbtest5  (cost=0.43..8.45 rows=1 width=121)
	  Index Cond: (id = 5187264)

table 6 : explain SELECT c FROM sbtest6 WHERE id=5175239
	Index Scan using sbtest6_pkey on sbtest6  (cost=0.43..8.45 rows=1 width=121)
	  Index Cond: (id = 5175239)

table 7 : explain SELECT c FROM sbtest7 WHERE id=5661270
	Index Scan using sbtest7_pkey on sbtest7  (cost=0.43..8.45 rows=1 width=121)
	  Index Cond: (id = 5661270)

table 8 : explain SELECT c FROM sbtest8 WHERE id=6449021
	Index Scan using sbtest8_pkey on sbtest8  (cost=0.43..8.45 rows=1 width=121)
	  Index Cond: (id = 6449021)

explain: for deletes :: explain DELETE FROM sbtest%u WHERE id=%u
for deletes
table 1 : explain DELETE FROM sbtest1 WHERE id=3536534
	Delete on sbtest1  (cost=0.43..8.45 rows=0 width=0)
	  ->  Index Scan using sbtest1_pkey on sbtest1  (cost=0.43..8.45 rows=1 width=6)
	        Index Cond: (id = 3536534)

table 2 : explain DELETE FROM sbtest2 WHERE id=9280402
	Delete on sbtest2  (cost=0.43..8.45 rows=0 width=0)
	  ->  Index Scan using sbtest2_pkey on sbtest2  (cost=0.43..8.45 rows=1 width=6)
	        Index Cond: (id = 9280402)

table 3 : explain DELETE FROM sbtest3 WHERE id=4993138
	Delete on sbtest3  (cost=0.43..8.45 rows=0 width=0)
	  ->  Index Scan using sbtest3_pkey on sbtest3  (cost=0.43..8.45 rows=1 width=6)
	        Index Cond: (id = 4993138)

table 4 : explain DELETE FROM sbtest4 WHERE id=4870054
	Delete on sbtest4  (cost=0.43..8.45 rows=0 width=0)
	  ->  Index Scan using sbtest4_pkey on sbtest4  (cost=0.43..8.45 rows=1 width=6)
	        Index Cond: (id = 4870054)

table 5 : explain DELETE FROM sbtest5 WHERE id=6580882
	Delete on sbtest5  (cost=0.43..8.45 rows=0 width=0)
	  ->  Index Scan using sbtest5_pkey on sbtest5  (cost=0.43..8.45 rows=1 width=6)
	        Index Cond: (id = 6580882)

table 6 : explain DELETE FROM sbtest6 WHERE id=9387178
	Delete on sbtest6  (cost=0.43..8.45 rows=0 width=0)
	  ->  Index Scan using sbtest6_pkey on sbtest6  (cost=0.43..8.45 rows=1 width=6)
	        Index Cond: (id = 9387178)

table 7 : explain DELETE FROM sbtest7 WHERE id=632342
	Delete on sbtest7  (cost=0.43..8.45 rows=0 width=0)
	  ->  Index Scan using sbtest7_pkey on sbtest7  (cost=0.43..8.45 rows=1 width=6)
	        Index Cond: (id = 632342)

table 8 : explain DELETE FROM sbtest8 WHERE id=2377839
	Delete on sbtest8  (cost=0.43..8.45 rows=0 width=0)
	  ->  Index Scan using sbtest8_pkey on sbtest8  (cost=0.43..8.45 rows=1 width=6)
	        Index Cond: (id = 2377839)

for point_selects
table 1 : explain SELECT c FROM sbtest1 WHERE id=5063167
	Index Scan using sbtest1_pkey on sbtest1  (cost=0.43..8.45 rows=1 width=121)
	  Index Cond: (id = 5063167)

table 2 : explain SELECT c FROM sbtest2 WHERE id=640154
	Index Scan using sbtest2_pkey on sbtest2  (cost=0.43..8.45 rows=1 width=121)
	  Index Cond: (id = 640154)

table 3 : explain SELECT c FROM sbtest3 WHERE id=8638555
	Index Scan using sbtest3_pkey on sbtest3  (cost=0.43..8.45 rows=1 width=121)
	  Index Cond: (id = 8638555)

table 4 : explain SELECT c FROM sbtest4 WHERE id=2184057
	Index Scan using sbtest4_pkey on sbtest4  (cost=0.43..8.45 rows=1 width=121)
	  Index Cond: (id = 2184057)

table 5 : explain SELECT c FROM sbtest5 WHERE id=8512625
	Index Scan using sbtest5_pkey on sbtest5  (cost=0.43..8.45 rows=1 width=121)
	  Index Cond: (id = 8512625)

table 6 : explain SELECT c FROM sbtest6 WHERE id=3005580
	Index Scan using sbtest6_pkey on sbtest6  (cost=0.43..8.45 rows=1 width=121)
	  Index Cond: (id = 3005580)

table 7 : explain SELECT c FROM sbtest7 WHERE id=5581567
	Index Scan using sbtest7_pkey on sbtest7  (cost=0.43..8.45 rows=1 width=121)
	  Index Cond: (id = 5581567)

table 8 : explain SELECT c FROM sbtest8 WHERE id=7730877
	Index Scan using sbtest8_pkey on sbtest8  (cost=0.43..8.45 rows=1 width=121)
	  Index Cond: (id = 7730877)

for deletes
table 1 : explain DELETE FROM sbtest1 WHERE id=8022371
	Delete on sbtest1  (cost=0.43..8.45 rows=0 width=0)
	  ->  Index Scan using sbtest1_pkey on sbtest1  (cost=0.43..8.45 rows=1 width=6)
	        Index Cond: (id = 8022371)

table 2 : explain DELETE FROM sbtest2 WHERE id=8617989
	Delete on sbtest2  (cost=0.43..8.45 rows=0 width=0)
	  ->  Index Scan using sbtest2_pkey on sbtest2  (cost=0.43..8.45 rows=1 width=6)
	        Index Cond: (id = 8617989)

table 3 : explain DELETE FROM sbtest3 WHERE id=3088261
	Delete on sbtest3  (cost=0.43..8.45 rows=0 width=0)
	  ->  Index Scan using sbtest3_pkey on sbtest3  (cost=0.43..8.45 rows=1 width=6)
	        Index Cond: (id = 3088261)

table 4 : explain DELETE FROM sbtest4 WHERE id=7647459
	Delete on sbtest4  (cost=0.43..8.45 rows=0 width=0)
	  ->  Index Scan using sbtest4_pkey on sbtest4  (cost=0.43..8.45 rows=1 width=6)
	        Index Cond: (id = 7647459)

table 5 : explain DELETE FROM sbtest5 WHERE id=8419752
	Delete on sbtest5  (cost=0.43..8.45 rows=0 width=0)
	  ->  Index Scan using sbtest5_pkey on sbtest5  (cost=0.43..8.45 rows=1 width=6)
	        Index Cond: (id = 8419752)

table 6 : explain DELETE FROM sbtest6 WHERE id=5020140
	Delete on sbtest6  (cost=0.43..8.45 rows=0 width=0)
	  ->  Index Scan using sbtest6_pkey on sbtest6  (cost=0.43..8.45 rows=1 width=6)
	        Index Cond: (id = 5020140)

table 7 : explain DELETE FROM sbtest7 WHERE id=7208090
	Delete on sbtest7  (cost=0.43..8.45 rows=0 width=0)
	  ->  Index Scan using sbtest7_pkey on sbtest7  (cost=0.43..8.45 rows=1 width=6)
	        Index Cond: (id = 7208090)

table 8 : explain DELETE FROM sbtest8 WHERE id=9949954
	Delete on sbtest8  (cost=0.43..8.45 rows=0 width=0)
	  ->  Index Scan using sbtest8_pkey on sbtest8  (cost=0.43..8.45 rows=1 width=6)
	        Index Cond: (id = 9949954)

for: simple_ranges
table 1 : explain SELECT c FROM sbtest1 WHERE id BETWEEN 5036798 AND 5036897
	Index Scan using sbtest1_pkey on sbtest1  (cost=0.43..388.92 rows=101 width=121)
	  Index Cond: ((id >= 5036798) AND (id <= 5036897))

table 2 : explain SELECT c FROM sbtest2 WHERE id BETWEEN 5876927 AND 5877026
	Index Scan using sbtest2_pkey on sbtest2  (cost=0.43..403.52 rows=105 width=121)
	  Index Cond: ((id >= 5876927) AND (id <= 5877026))

table 3 : explain SELECT c FROM sbtest3 WHERE id BETWEEN 3596795 AND 3596894
	Index Scan using sbtest3_pkey on sbtest3  (cost=0.43..390.67 rows=102 width=121)
	  Index Cond: ((id >= 3596795) AND (id <= 3596894))

table 4 : explain SELECT c FROM sbtest4 WHERE id BETWEEN 2008817 AND 2008916
	Index Scan using sbtest4_pkey on sbtest4  (cost=0.43..376.80 rows=98 width=121)
	  Index Cond: ((id >= 2008817) AND (id <= 2008916))

table 5 : explain SELECT c FROM sbtest5 WHERE id BETWEEN 428495 AND 428594
	Index Scan using sbtest5_pkey on sbtest5  (cost=0.43..381.97 rows=99 width=121)
	  Index Cond: ((id >= 428495) AND (id <= 428594))

table 6 : explain SELECT c FROM sbtest6 WHERE id BETWEEN 6699945 AND 6700044
	Index Scan using sbtest6_pkey on sbtest6  (cost=0.43..353.56 rows=92 width=121)
	  Index Cond: ((id >= 6699945) AND (id <= 6700044))

table 7 : explain SELECT c FROM sbtest7 WHERE id BETWEEN 5691009 AND 5691108
	Index Scan using sbtest7_pkey on sbtest7  (cost=0.43..373.31 rows=97 width=121)
	  Index Cond: ((id >= 5691009) AND (id <= 5691108))

table 8 : explain SELECT c FROM sbtest8 WHERE id BETWEEN 3111263 AND 3111362
	Index Scan using sbtest8_pkey on sbtest8  (cost=0.43..374.93 rows=97 width=121)
	  Index Cond: ((id >= 3111263) AND (id <= 3111362))

explain: for inserts :: explain INSERT INTO sbtest%u (id, k, c, pad) VALUES (%u, 13, 'foobar', 'foobar')
for: simple_ranges
table 1 : explain SELECT c FROM sbtest1 WHERE id BETWEEN 7373249 AND 7373348
	Index Scan using sbtest1_pkey on sbtest1  (cost=0.43..388.92 rows=101 width=121)
	  Index Cond: ((id >= 7373249) AND (id <= 7373348))

table 2 : explain SELECT c FROM sbtest2 WHERE id BETWEEN 3494285 AND 3494384
	Index Scan using sbtest2_pkey on sbtest2  (cost=0.43..388.33 rows=101 width=121)
	  Index Cond: ((id >= 3494285) AND (id <= 3494384))

table 3 : explain SELECT c FROM sbtest3 WHERE id BETWEEN 1472108 AND 1472207
	Index Scan using sbtest3_pkey on sbtest3  (cost=0.43..367.91 rows=96 width=121)
	  Index Cond: ((id >= 1472108) AND (id <= 1472207))

table 4 : explain SELECT c FROM sbtest4 WHERE id BETWEEN 7735652 AND 7735751
	Index Scan using sbtest4_pkey on sbtest4  (cost=0.43..376.80 rows=98 width=121)
	  Index Cond: ((id >= 7735652) AND (id <= 7735751))

table 5 : explain SELECT c FROM sbtest5 WHERE id BETWEEN 1206028 AND 1206127
	Index Scan using sbtest5_pkey on sbtest5  (cost=0.43..385.78 rows=100 width=121)
	  Index Cond: ((id >= 1206028) AND (id <= 1206127))

table 6 : explain SELECT c FROM sbtest6 WHERE id BETWEEN 1613662 AND 1613761
	Index Scan using sbtest6_pkey on sbtest6  (cost=0.43..353.56 rows=92 width=121)
	  Index Cond: ((id >= 1613662) AND (id <= 1613761))

table 7 : explain SELECT c FROM sbtest7 WHERE id BETWEEN 2702312 AND 2702411
	Index Scan using sbtest7_pkey on sbtest7  (cost=0.43..392.36 rows=102 width=121)
	  Index Cond: ((id >= 2702312) AND (id <= 2702411))

table 8 : explain SELECT c FROM sbtest8 WHERE id BETWEEN 3655399 AND 3655498
	Index Scan using sbtest8_pkey on sbtest8  (cost=0.43..401.69 rows=104 width=121)
	  Index Cond: ((id >= 3655399) AND (id <= 3655498))

for deletes
table 1 : explain DELETE FROM sbtest1 WHERE id=3934364
	Delete on sbtest1  (cost=0.43..8.45 rows=0 width=0)
	  ->  Index Scan using sbtest1_pkey on sbtest1  (cost=0.43..8.45 rows=1 width=6)
	        Index Cond: (id = 3934364)

table 2 : explain DELETE FROM sbtest2 WHERE id=810422
	Delete on sbtest2  (cost=0.43..8.45 rows=0 width=0)
	  ->  Index Scan using sbtest2_pkey on sbtest2  (cost=0.43..8.45 rows=1 width=6)
	        Index Cond: (id = 810422)

table 3 : explain DELETE FROM sbtest3 WHERE id=7141587
	Delete on sbtest3  (cost=0.43..8.45 rows=0 width=0)
	  ->  Index Scan using sbtest3_pkey on sbtest3  (cost=0.43..8.45 rows=1 width=6)
	        Index Cond: (id = 7141587)

table 4 : explain DELETE FROM sbtest4 WHERE id=8886286
	Delete on sbtest4  (cost=0.43..8.45 rows=0 width=0)
	  ->  Index Scan using sbtest4_pkey on sbtest4  (cost=0.43..8.45 rows=1 width=6)
	        Index Cond: (id = 8886286)

table 5 : explain DELETE FROM sbtest5 WHERE id=2678289
	Delete on sbtest5  (cost=0.43..8.45 rows=0 width=0)
	  ->  Index Scan using sbtest5_pkey on sbtest5  (cost=0.43..8.45 rows=1 width=6)
	        Index Cond: (id = 2678289)

table 6 : explain DELETE FROM sbtest6 WHERE id=1767428
	Delete on sbtest6  (cost=0.43..8.45 rows=0 width=0)
	  ->  Index Scan using sbtest6_pkey on sbtest6  (cost=0.43..8.45 rows=1 width=6)
	        Index Cond: (id = 1767428)

table 7 : explain DELETE FROM sbtest7 WHERE id=3393544
	Delete on sbtest7  (cost=0.43..8.45 rows=0 width=0)
	  ->  Index Scan using sbtest7_pkey on sbtest7  (cost=0.43..8.45 rows=1 width=6)
	        Index Cond: (id = 3393544)

table 8 : explain DELETE FROM sbtest8 WHERE id=6534592
	Delete on sbtest8  (cost=0.43..8.45 rows=0 width=0)
	  ->  Index Scan using sbtest8_pkey on sbtest8  (cost=0.43..8.45 rows=1 width=6)
	        Index Cond: (id = 6534592)

for: sum_ranges
table 1 : explain SELECT SUM(k) FROM sbtest1 WHERE id BETWEEN 5734688 AND 5734787
	Aggregate  (cost=396.79..396.80 rows=1 width=8)
	  ->  Index Scan using sbtest1_pkey on sbtest1  (cost=0.43..396.53 rows=103 width=4)
	        Index Cond: ((id >= 5734688) AND (id <= 5734787))

table 2 : explain SELECT SUM(k) FROM sbtest2 WHERE id BETWEEN 6366870 AND 6366969
	Aggregate  (cost=365.73..365.74 rows=1 width=8)
	  ->  Index Scan using sbtest2_pkey on sbtest2  (cost=0.43..365.49 rows=95 width=4)
	        Index Cond: ((id >= 6366870) AND (id <= 6366969))

table 3 : explain SELECT SUM(k) FROM sbtest3 WHERE id BETWEEN 1781399 AND 1781498
	Aggregate  (cost=349.23..349.24 rows=1 width=8)
	  ->  Index Scan using sbtest3_pkey on sbtest3  (cost=0.43..349.00 rows=91 width=4)
	        Index Cond: ((id >= 1781399) AND (id <= 1781498))

table 4 : explain SELECT SUM(k) FROM sbtest4 WHERE id BETWEEN 9325873 AND 9325972
	Aggregate  (cost=377.05..377.06 rows=1 width=8)
	  ->  Index Scan using sbtest4_pkey on sbtest4  (cost=0.43..376.80 rows=98 width=4)
	        Index Cond: ((id >= 9325873) AND (id <= 9325972))

table 5 : explain SELECT SUM(k) FROM sbtest5 WHERE id BETWEEN 434558 AND 434657
	Aggregate  (cost=374.59..374.60 rows=1 width=8)
	  ->  Index Scan using sbtest5_pkey on sbtest5  (cost=0.43..374.35 rows=97 width=4)
	        Index Cond: ((id >= 434558) AND (id <= 434657))

table 6 : explain SELECT SUM(k) FROM sbtest6 WHERE id BETWEEN 9073658 AND 9073757
	Aggregate  (cost=387.98..387.99 rows=1 width=8)
	  ->  Index Scan using sbtest6_pkey on sbtest6  (cost=0.43..387.73 rows=101 width=4)
	        Index Cond: ((id >= 9073658) AND (id <= 9073757))

table 7 : explain SELECT SUM(k) FROM sbtest7 WHERE id BETWEEN 3476774 AND 3476873
	Aggregate  (cost=377.35..377.36 rows=1 width=8)
	  ->  Index Scan using sbtest7_pkey on sbtest7  (cost=0.43..377.10 rows=98 width=4)
	        Index Cond: ((id >= 3476774) AND (id <= 3476873))

table 8 : explain SELECT SUM(k) FROM sbtest8 WHERE id BETWEEN 9142493 AND 9142592
	Aggregate  (cost=394.31..394.32 rows=1 width=8)
	  ->  Index Scan using sbtest8_pkey on sbtest8  (cost=0.43..394.06 rows=102 width=4)
	        Index Cond: ((id >= 9142493) AND (id <= 9142592))

for: distinct_ranges
table 1 : explain SELECT DISTINCT c FROM sbtest1 WHERE id BETWEEN 8696934 AND 8697033 ORDER BY c
	Unique  (cost=392.28..392.79 rows=101 width=121)
	  ->  Sort  (cost=392.28..392.54 rows=101 width=121)
	        Sort Key: c
	        ->  Index Scan using sbtest1_pkey on sbtest1  (cost=0.43..388.92 rows=101 width=121)
	              Index Cond: ((id >= 8696934) AND (id <= 8697033))

table 2 : explain SELECT DISTINCT c FROM sbtest2 WHERE id BETWEEN 1763378 AND 1763477 ORDER BY c
	Unique  (cost=395.53..396.04 rows=102 width=121)
	  ->  Sort  (cost=395.53..395.78 rows=102 width=121)
	        Sort Key: c
	        ->  Index Scan using sbtest2_pkey on sbtest2  (cost=0.43..392.13 rows=102 width=121)
	              Index Cond: ((id >= 1763378) AND (id <= 1763477))

table 3 : explain SELECT DISTINCT c FROM sbtest3 WHERE id BETWEEN 8222950 AND 8223049 ORDER BY c
	Unique  (cost=374.90..375.38 rows=97 width=121)
	  ->  Sort  (cost=374.90..375.14 rows=97 width=121)
	        Sort Key: c
	        ->  Index Scan using sbtest3_pkey on sbtest3  (cost=0.43..371.69 rows=97 width=121)
	              Index Cond: ((id >= 8222950) AND (id <= 8223049))

table 4 : explain SELECT DISTINCT c FROM sbtest4 WHERE id BETWEEN 3803575 AND 3803674 ORDER BY c
	Unique  (cost=403.06..403.58 rows=104 width=121)
	  ->  Sort  (cost=403.06..403.32 rows=104 width=121)
	        Sort Key: c
	        ->  Index Scan using sbtest4_pkey on sbtest4  (cost=0.43..399.58 rows=104 width=121)
	              Index Cond: ((id >= 3803575) AND (id <= 3803674))

table 5 : explain SELECT DISTINCT c FROM sbtest5 WHERE id BETWEEN 1614805 AND 1614904 ORDER BY c
	Unique  (cost=385.25..385.74 rows=99 width=121)
	  ->  Sort  (cost=385.25..385.50 rows=99 width=121)
	        Sort Key: c
	        ->  Index Scan using sbtest5_pkey on sbtest5  (cost=0.43..381.97 rows=99 width=121)
	              Index Cond: ((id >= 1614805) AND (id <= 1614904))

table 6 : explain SELECT DISTINCT c FROM sbtest6 WHERE id BETWEEN 6005217 AND 6005316 ORDER BY c
	Unique  (cost=368.05..368.52 rows=95 width=121)
	  ->  Sort  (cost=368.05..368.29 rows=95 width=121)
	        Sort Key: c
	        ->  Index Scan using sbtest6_pkey on sbtest6  (cost=0.43..364.93 rows=95 width=121)
	              Index Cond: ((id >= 6005217) AND (id <= 6005316))

table 7 : explain SELECT DISTINCT c FROM sbtest7 WHERE id BETWEEN 7245382 AND 7245481 ORDER BY c
	Unique  (cost=391.92..392.43 rows=101 width=121)
	  ->  Sort  (cost=391.92..392.17 rows=101 width=121)
	        Sort Key: c
	        ->  Index Scan using sbtest7_pkey on sbtest7  (cost=0.43..388.56 rows=101 width=121)
	              Index Cond: ((id >= 7245382) AND (id <= 7245481))

table 8 : explain SELECT DISTINCT c FROM sbtest8 WHERE id BETWEEN 2350029 AND 2350128 ORDER BY c
	Unique  (cost=370.41..370.89 rows=95 width=121)
	  ->  Sort  (cost=370.41..370.65 rows=95 width=121)
	        Sort Key: c
	        ->  Index Scan using sbtest8_pkey on sbtest8  (cost=0.43..367.29 rows=95 width=121)
	              Index Cond: ((id >= 2350029) AND (id <= 2350128))

for index_updates
table 1 : explain UPDATE sbtest1 SET k=k+1 WHERE id=7446064
	Update on sbtest1  (cost=0.43..8.46 rows=0 width=0)
	  ->  Index Scan using sbtest1_pkey on sbtest1  (cost=0.43..8.46 rows=1 width=10)
	        Index Cond: (id = 7446064)

table 2 : explain UPDATE sbtest2 SET k=k+1 WHERE id=9917743
	Update on sbtest2  (cost=0.43..8.46 rows=0 width=0)
	  ->  Index Scan using sbtest2_pkey on sbtest2  (cost=0.43..8.46 rows=1 width=10)
	        Index Cond: (id = 9917743)

table 3 : explain UPDATE sbtest3 SET k=k+1 WHERE id=6818929
	Update on sbtest3  (cost=0.43..8.46 rows=0 width=0)
	  ->  Index Scan using sbtest3_pkey on sbtest3  (cost=0.43..8.46 rows=1 width=10)
	        Index Cond: (id = 6818929)

table 4 : explain UPDATE sbtest4 SET k=k+1 WHERE id=1463236
	Update on sbtest4  (cost=0.43..8.46 rows=0 width=0)
	  ->  Index Scan using sbtest4_pkey on sbtest4  (cost=0.43..8.46 rows=1 width=10)
	        Index Cond: (id = 1463236)

table 5 : explain UPDATE sbtest5 SET k=k+1 WHERE id=3234476
	Update on sbtest5  (cost=0.43..8.46 rows=0 width=0)
	  ->  Index Scan using sbtest5_pkey on sbtest5  (cost=0.43..8.46 rows=1 width=10)
	        Index Cond: (id = 3234476)

table 6 : explain UPDATE sbtest6 SET k=k+1 WHERE id=842382
	Update on sbtest6  (cost=0.43..8.46 rows=0 width=0)
	  ->  Index Scan using sbtest6_pkey on sbtest6  (cost=0.43..8.46 rows=1 width=10)
	        Index Cond: (id = 842382)

table 7 : explain UPDATE sbtest7 SET k=k+1 WHERE id=2937296
	Update on sbtest7  (cost=0.43..8.46 rows=0 width=0)
	  ->  Index Scan using sbtest7_pkey on sbtest7  (cost=0.43..8.46 rows=1 width=10)
	        Index Cond: (id = 2937296)

table 8 : explain UPDATE sbtest8 SET k=k+1 WHERE id=4943803
	Update on sbtest8  (cost=0.43..8.46 rows=0 width=0)
	  ->  Index Scan using sbtest8_pkey on sbtest8  (cost=0.43..8.46 rows=1 width=10)
	        Index Cond: (id = 4943803)

for: simple_ranges
table 1 : explain SELECT c FROM sbtest1 WHERE id BETWEEN 7179340 AND 7179439
	Index Scan using sbtest1_pkey on sbtest1  (cost=0.43..354.64 rows=92 width=121)
	  Index Cond: ((id >= 7179340) AND (id <= 7179439))

table 2 : explain SELECT c FROM sbtest2 WHERE id BETWEEN 2548170 AND 2548269
	Index Scan using sbtest2_pkey on sbtest2  (cost=0.43..399.72 rows=104 width=121)
	  Index Cond: ((id >= 2548170) AND (id <= 2548269))

table 3 : explain SELECT c FROM sbtest3 WHERE id BETWEEN 4935765 AND 4935864
	Index Scan using sbtest3_pkey on sbtest3  (cost=0.43..364.13 rows=95 width=121)
	  Index Cond: ((id >= 4935765) AND (id <= 4935864))

table 4 : explain SELECT c FROM sbtest4 WHERE id BETWEEN 4134664 AND 4134763
	Index Scan using sbtest4_pkey on sbtest4  (cost=0.43..391.98 rows=102 width=121)
	  Index Cond: ((id >= 4134664) AND (id <= 4134763))

table 5 : explain SELECT c FROM sbtest5 WHERE id BETWEEN 3193232 AND 3193331
	Index Scan using sbtest5_pkey on sbtest5  (cost=0.43..408.64 rows=106 width=121)
	  Index Cond: ((id >= 3193232) AND (id <= 3193331))

table 6 : explain SELECT c FROM sbtest6 WHERE id BETWEEN 6860572 AND 6860671
	Index Scan using sbtest6_pkey on sbtest6  (cost=0.43..410.48 rows=107 width=121)
	  Index Cond: ((id >= 6860572) AND (id <= 6860671))

table 7 : explain SELECT c FROM sbtest7 WHERE id BETWEEN 3976103 AND 3976202
	Index Scan using sbtest7_pkey on sbtest7  (cost=0.43..415.15 rows=108 width=121)
	  Index Cond: ((id >= 3976103) AND (id <= 3976202))

table 8 : explain SELECT c FROM sbtest8 WHERE id BETWEEN 1216455 AND 1216554
	Index Scan using sbtest8_pkey on sbtest8  (cost=0.43..405.51 rows=105 width=121)
	  Index Cond: ((id >= 1216455) AND (id <= 1216554))

explain: for inserts :: explain INSERT INTO sbtest%u (id, k, c, pad) VALUES (%u, 13, 'foobar', 'foobar')
for inserts
table 1 : explain INSERT INTO sbtest1 (id, k, c, pad) VALUES (134314, 13, 'foobar', 'foobar')
	Insert on sbtest1  (cost=0.00..0.01 rows=0 width=0)
	  ->  Result  (cost=0.00..0.01 rows=1 width=736)

table 2 : explain INSERT INTO sbtest2 (id, k, c, pad) VALUES (9311044, 13, 'foobar', 'foobar')
	Insert on sbtest2  (cost=0.00..0.01 rows=0 width=0)
	  ->  Result  (cost=0.00..0.01 rows=1 width=736)

table 3 : explain INSERT INTO sbtest3 (id, k, c, pad) VALUES (1644194, 13, 'foobar', 'foobar')
	Insert on sbtest3  (cost=0.00..0.01 rows=0 width=0)
	  ->  Result  (cost=0.00..0.01 rows=1 width=736)

table 4 : explain INSERT INTO sbtest4 (id, k, c, pad) VALUES (7085852, 13, 'foobar', 'foobar')
	Insert on sbtest4  (cost=0.00..0.01 rows=0 width=0)
	  ->  Result  (cost=0.00..0.01 rows=1 width=736)

table 5 : explain INSERT INTO sbtest5 (id, k, c, pad) VALUES (1231445, 13, 'foobar', 'foobar')
	Insert on sbtest5  (cost=0.00..0.01 rows=0 width=0)
	  ->  Result  (cost=0.00..0.01 rows=1 width=736)

table 6 : explain INSERT INTO sbtest6 (id, k, c, pad) VALUES (2964260, 13, 'foobar', 'foobar')
	Insert on sbtest6  (cost=0.00..0.01 rows=0 width=0)
	  ->  Result  (cost=0.00..0.01 rows=1 width=736)

table 7 : explain INSERT INTO sbtest7 (id, k, c, pad) VALUES (191924, 13, 'foobar', 'foobar')
	Insert on sbtest7  (cost=0.00..0.01 rows=0 width=0)
	  ->  Result  (cost=0.00..0.01 rows=1 width=736)

table 8 : explain INSERT INTO sbtest8 (id, k, c, pad) VALUES (7249836, 13, 'foobar', 'foobar')
	Insert on sbtest8  (cost=0.00..0.01 rows=0 width=0)
	  ->  Result  (cost=0.00..0.01 rows=1 width=736)

explain: for index_updates :: explain UPDATE sbtest%u SET k=k+1 WHERE id=%u
explain: for point_selects :: explain SELECT c FROM sbtest%u WHERE id=%u
explain: for non_index_updates :: explain UPDATE sbtest%u SET c='foobar' WHERE id=%u
for: sum_ranges
table 1 : explain SELECT SUM(k) FROM sbtest1 WHERE id BETWEEN 9778087 AND 9778186
	Aggregate  (cost=328.23..328.24 rows=1 width=8)
	  ->  Index Scan using sbtest1_pkey on sbtest1  (cost=0.43..328.02 rows=85 width=4)
	        Index Cond: ((id >= 9778087) AND (id <= 9778186))

table 2 : explain SELECT SUM(k) FROM sbtest2 WHERE id BETWEEN 9098781 AND 9098880
	Aggregate  (cost=369.53..369.54 rows=1 width=8)
	  ->  Index Scan using sbtest2_pkey on sbtest2  (cost=0.43..369.29 rows=96 width=4)
	        Index Cond: ((id >= 9098781) AND (id <= 9098880))

table 3 : explain SELECT SUM(k) FROM sbtest3 WHERE id BETWEEN 6092848 AND 6092947
	Aggregate  (cost=394.71..394.72 rows=1 width=8)
	  ->  Index Scan using sbtest3_pkey on sbtest3  (cost=0.43..394.45 rows=103 width=4)
	        Index Cond: ((id >= 6092848) AND (id <= 6092947))

table 4 : explain SELECT SUM(k) FROM sbtest4 WHERE id BETWEEN 2613894 AND 2613993
	Aggregate  (cost=396.04..396.05 rows=1 width=8)
	  ->  Index Scan using sbtest4_pkey on sbtest4  (cost=0.43..395.78 rows=103 width=4)
	        Index Cond: ((id >= 2613894) AND (id <= 2613993))

table 5 : explain SELECT SUM(k) FROM sbtest5 WHERE id BETWEEN 5225773 AND 5225872
	Aggregate  (cost=378.40..378.41 rows=1 width=8)
	  ->  Index Scan using sbtest5_pkey on sbtest5  (cost=0.43..378.16 rows=98 width=4)
	        Index Cond: ((id >= 5225773) AND (id <= 5225872))

table 6 : explain SELECT SUM(k) FROM sbtest6 WHERE id BETWEEN 9735765 AND 9735864
	Aggregate  (cost=422.13..422.14 rows=1 width=8)
	  ->  Index Scan using sbtest6_pkey on sbtest6  (cost=0.43..421.85 rows=110 width=4)
	        Index Cond: ((id >= 9735765) AND (id <= 9735864))

table 7 : explain SELECT SUM(k) FROM sbtest7 WHERE id BETWEEN 8152502 AND 8152601
	Aggregate  (cost=423.03..423.04 rows=1 width=8)
	  ->  Index Scan using sbtest7_pkey on sbtest7  (cost=0.43..422.75 rows=110 width=4)
	        Index Cond: ((id >= 8152502) AND (id <= 8152601))

table 8 : explain SELECT SUM(k) FROM sbtest8 WHERE id BETWEEN 1690632 AND 1690731
	Aggregate  (cost=386.68..386.69 rows=1 width=8)
	  ->  Index Scan using sbtest8_pkey on sbtest8  (cost=0.43..386.43 rows=100 width=4)
	        Index Cond: ((id >= 1690632) AND (id <= 1690731))

explain: for inserts :: explain INSERT INTO sbtest%u (id, k, c, pad) VALUES (%u, 13, 'foobar', 'foobar')
for: order_ranges
table 1 : explain SELECT c FROM sbtest1 WHERE id BETWEEN 5749475 AND 5749574 ORDER BY c
	Sort  (cost=399.97..400.23 rows=103 width=121)
	  Sort Key: c
	  ->  Index Scan using sbtest1_pkey on sbtest1  (cost=0.43..396.53 rows=103 width=121)
	        Index Cond: ((id >= 5749475) AND (id <= 5749574))

table 2 : explain SELECT c FROM sbtest2 WHERE id BETWEEN 8901850 AND 8901949 ORDER BY c
	Sort  (cost=418.56..418.83 rows=108 width=121)
	  Sort Key: c
	  ->  Index Scan using sbtest2_pkey on sbtest2  (cost=0.43..414.91 rows=108 width=121)
	        Index Cond: ((id >= 8901850) AND (id <= 8901949))

table 3 : explain SELECT c FROM sbtest3 WHERE id BETWEEN 1975384 AND 1975483 ORDER BY c
	Sort  (cost=363.43..363.66 rows=94 width=121)
	  Sort Key: c
	  ->  Index Scan using sbtest3_pkey on sbtest3  (cost=0.43..360.35 rows=94 width=121)
	        Index Cond: ((id >= 1975384) AND (id <= 1975483))

table 4 : explain SELECT c FROM sbtest4 WHERE id BETWEEN 9024193 AND 9024292 ORDER BY c
	Sort  (cost=399.22..399.48 rows=103 width=121)
	  Sort Key: c
	  ->  Index Scan using sbtest4_pkey on sbtest4  (cost=0.43..395.78 rows=103 width=121)
	        Index Cond: ((id >= 9024193) AND (id <= 9024292))

table 5 : explain SELECT c FROM sbtest5 WHERE id BETWEEN 8568151 AND 8568250 ORDER BY c
	Sort  (cost=369.85..370.09 rows=95 width=121)
	  Sort Key: c
	  ->  Index Scan using sbtest5_pkey on sbtest5  (cost=0.43..366.73 rows=95 width=121)
	        Index Cond: ((id >= 8568151) AND (id <= 8568250))

table 6 : explain SELECT c FROM sbtest6 WHERE id BETWEEN 849606 AND 849705 ORDER BY c
	Sort  (cost=379.60..379.85 rows=98 width=121)
	  Sort Key: c
	  ->  Index Scan using sbtest6_pkey on sbtest6  (cost=0.43..376.36 rows=98 width=121)
	        Index Cond: ((id >= 849606) AND (id <= 849705))

table 7 : explain SELECT c FROM sbtest7 WHERE id BETWEEN 4815931 AND 4816030 ORDER BY c
	Sort  (cost=388.08..388.33 rows=100 width=121)
	  Sort Key: c
	  ->  Index Scan using sbtest7_pkey on sbtest7  (cost=0.43..384.76 rows=100 width=121)
	        Index Cond: ((id >= 4815931) AND (id <= 4816030))

table 8 : explain SELECT c FROM sbtest8 WHERE id BETWEEN 501985 AND 502084 ORDER BY c
	Sort  (cost=416.75..417.01 rows=107 width=121)
	  Sort Key: c
	  ->  Index Scan using sbtest8_pkey on sbtest8  (cost=0.43..413.14 rows=107 width=121)
	        Index Cond: ((id >= 501985) AND (id <= 502084))

for: sum_ranges
table 1 : explain SELECT SUM(k) FROM sbtest1 WHERE id BETWEEN 5351114 AND 5351213
	Aggregate  (cost=396.79..396.80 rows=1 width=8)
	  ->  Index Scan using sbtest1_pkey on sbtest1  (cost=0.43..396.53 rows=103 width=4)
	        Index Cond: ((id >= 5351114) AND (id <= 5351213))

table 2 : explain SELECT SUM(k) FROM sbtest2 WHERE id BETWEEN 1382364 AND 1382463
	Aggregate  (cost=346.73..346.74 rows=1 width=8)
	  ->  Index Scan using sbtest2_pkey on sbtest2  (cost=0.43..346.51 rows=90 width=4)
	        Index Cond: ((id >= 1382364) AND (id <= 1382463))

table 3 : explain SELECT SUM(k) FROM sbtest3 WHERE id BETWEEN 9439925 AND 9440024
	Aggregate  (cost=390.92..390.93 rows=1 width=8)
	  ->  Index Scan using sbtest3_pkey on sbtest3  (cost=0.43..390.67 rows=102 width=4)
	        Index Cond: ((id >= 9439925) AND (id <= 9440024))

table 4 : explain SELECT SUM(k) FROM sbtest4 WHERE id BETWEEN 411338 AND 411437
	Aggregate  (cost=380.84..380.85 rows=1 width=8)
	  ->  Index Scan using sbtest4_pkey on sbtest4  (cost=0.43..380.60 rows=99 width=4)
	        Index Cond: ((id >= 411338) AND (id <= 411437))

table 5 : explain SELECT SUM(k) FROM sbtest5 WHERE id BETWEEN 2839771 AND 2839870
	Aggregate  (cost=389.84..389.85 rows=1 width=8)
	  ->  Index Scan using sbtest5_pkey on sbtest5  (cost=0.43..389.59 rows=101 width=4)
	        Index Cond: ((id >= 2839771) AND (id <= 2839870))

table 6 : explain SELECT SUM(k) FROM sbtest6 WHERE id BETWEEN 7473553 AND 7473652
	Aggregate  (cost=376.60..376.61 rows=1 width=8)
	  ->  Index Scan using sbtest6_pkey on sbtest6  (cost=0.43..376.36 rows=98 width=4)
	        Index Cond: ((id >= 7473553) AND (id <= 7473652))

table 7 : explain SELECT SUM(k) FROM sbtest7 WHERE id BETWEEN 3826878 AND 3826977
	Aggregate  (cost=396.41..396.42 rows=1 width=8)
	  ->  Index Scan using sbtest7_pkey on sbtest7  (cost=0.43..396.16 rows=103 width=4)
	        Index Cond: ((id >= 3826878) AND (id <= 3826977))

table 8 : explain SELECT SUM(k) FROM sbtest8 WHERE id BETWEEN 1608765 AND 1608864
	Aggregate  (cost=390.49..390.50 rows=1 width=8)
	  ->  Index Scan using sbtest8_pkey on sbtest8  (cost=0.43..390.24 rows=101 width=4)
	        Index Cond: ((id >= 1608765) AND (id <= 1608864))

for: sum_ranges
table 1 : explain SELECT SUM(k) FROM sbtest1 WHERE id BETWEEN 7661401 AND 7661500
	Aggregate  (cost=366.29..366.30 rows=1 width=8)
	  ->  Index Scan using sbtest1_pkey on sbtest1  (cost=0.43..366.05 rows=95 width=4)
	        Index Cond: ((id >= 7661401) AND (id <= 7661500))

table 2 : explain SELECT SUM(k) FROM sbtest2 WHERE id BETWEEN 5401550 AND 5401649
	Aggregate  (cost=346.73..346.74 rows=1 width=8)
	  ->  Index Scan using sbtest2_pkey on sbtest2  (cost=0.43..346.51 rows=90 width=4)
	        Index Cond: ((id >= 5401550) AND (id <= 5401649))

table 3 : explain SELECT SUM(k) FROM sbtest3 WHERE id BETWEEN 1269113 AND 1269212
	Aggregate  (cost=413.63..413.64 rows=1 width=8)
	  ->  Index Scan using sbtest3_pkey on sbtest3  (cost=0.43..413.36 rows=108 width=4)
	        Index Cond: ((id >= 1269113) AND (id <= 1269212))

table 4 : explain SELECT SUM(k) FROM sbtest4 WHERE id BETWEEN 7958036 AND 7958135
	Aggregate  (cost=373.25..373.26 rows=1 width=8)
	  ->  Index Scan using sbtest4_pkey on sbtest4  (cost=0.43..373.01 rows=97 width=4)
	        Index Cond: ((id >= 7958036) AND (id <= 7958135))

table 5 : explain SELECT SUM(k) FROM sbtest5 WHERE id BETWEEN 4898438 AND 4898537
	Aggregate  (cost=386.03..386.04 rows=1 width=8)
	  ->  Index Scan using sbtest5_pkey on sbtest5  (cost=0.43..385.78 rows=100 width=4)
	        Index Cond: ((id >= 4898438) AND (id <= 4898537))

table 6 : explain SELECT SUM(k) FROM sbtest6 WHERE id BETWEEN 5276349 AND 5276448
	Aggregate  (cost=372.81..372.82 rows=1 width=8)
	  ->  Index Scan using sbtest6_pkey on sbtest6  (cost=0.43..372.57 rows=97 width=4)
	        Index Cond: ((id >= 5276349) AND (id <= 5276448))

table 7 : explain SELECT SUM(k) FROM sbtest7 WHERE id BETWEEN 2924444 AND 2924543
	Aggregate  (cost=346.93..346.94 rows=1 width=8)
	  ->  Index Scan using sbtest7_pkey on sbtest7  (cost=0.43..346.71 rows=90 width=4)
	        Index Cond: ((id >= 2924444) AND (id <= 2924543))

table 8 : explain SELECT SUM(k) FROM sbtest8 WHERE id BETWEEN 6612411 AND 6612510
	Aggregate  (cost=394.31..394.32 rows=1 width=8)
	  ->  Index Scan using sbtest8_pkey on sbtest8  (cost=0.43..394.06 rows=102 width=4)
	        Index Cond: ((id >= 6612411) AND (id <= 6612510))

for: sum_ranges
table 1 : explain SELECT SUM(k) FROM sbtest1 WHERE id BETWEEN 7133360 AND 7133459
	Aggregate  (cost=354.87..354.88 rows=1 width=8)
	  ->  Index Scan using sbtest1_pkey on sbtest1  (cost=0.43..354.64 rows=92 width=4)
	        Index Cond: ((id >= 7133360) AND (id <= 7133459))

table 2 : explain SELECT SUM(k) FROM sbtest2 WHERE id BETWEEN 1241774 AND 1241873
	Aggregate  (cost=392.38..392.39 rows=1 width=8)
	  ->  Index Scan using sbtest2_pkey on sbtest2  (cost=0.43..392.13 rows=102 width=4)
	        Index Cond: ((id >= 1241774) AND (id <= 1241873))

table 3 : explain SELECT SUM(k) FROM sbtest3 WHERE id BETWEEN 4201734 AND 4201833
	Aggregate  (cost=360.58..360.59 rows=1 width=8)
	  ->  Index Scan using sbtest3_pkey on sbtest3  (cost=0.43..360.35 rows=94 width=4)
	        Index Cond: ((id >= 4201734) AND (id <= 4201833))

table 4 : explain SELECT SUM(k) FROM sbtest4 WHERE id BETWEEN 714126 AND 714225
	Aggregate  (cost=384.64..384.65 rows=1 width=8)
	  ->  Index Scan using sbtest4_pkey on sbtest4  (cost=0.43..384.39 rows=100 width=4)
	        Index Cond: ((id >= 714126) AND (id <= 714225))

table 5 : explain SELECT SUM(k) FROM sbtest5 WHERE id BETWEEN 8019371 AND 8019470
	Aggregate  (cost=389.84..389.85 rows=1 width=8)
	  ->  Index Scan using sbtest5_pkey on sbtest5  (cost=0.43..389.59 rows=101 width=4)
	        Index Cond: ((id >= 8019371) AND (id <= 8019470))

table 6 : explain SELECT SUM(k) FROM sbtest6 WHERE id BETWEEN 227091 AND 227190
	Aggregate  (cost=406.95..406.96 rows=1 width=8)
	  ->  Index Scan using sbtest6_pkey on sbtest6  (cost=0.43..406.69 rows=106 width=4)
	        Index Cond: ((id >= 227091) AND (id <= 227190))

table 7 : explain SELECT SUM(k) FROM sbtest7 WHERE id BETWEEN 1713560 AND 1713659
	Aggregate  (cost=392.61..392.62 rows=1 width=8)
	  ->  Index Scan using sbtest7_pkey on sbtest7  (cost=0.43..392.36 rows=102 width=4)
	        Index Cond: ((id >= 1713560) AND (id <= 1713659))

table 8 : explain SELECT SUM(k) FROM sbtest8 WHERE id BETWEEN 1032931 AND 1033030
	Aggregate  (cost=398.13..398.14 rows=1 width=8)
	  ->  Index Scan using sbtest8_pkey on sbtest8  (cost=0.43..397.87 rows=103 width=4)
	        Index Cond: ((id >= 1032931) AND (id <= 1033030))

for index_updates
table 1 : explain UPDATE sbtest1 SET k=k+1 WHERE id=4096088
	Update on sbtest1  (cost=0.43..8.46 rows=0 width=0)
	  ->  Index Scan using sbtest1_pkey on sbtest1  (cost=0.43..8.46 rows=1 width=10)
	        Index Cond: (id = 4096088)

table 2 : explain UPDATE sbtest2 SET k=k+1 WHERE id=6059121
	Update on sbtest2  (cost=0.43..8.46 rows=0 width=0)
	  ->  Index Scan using sbtest2_pkey on sbtest2  (cost=0.43..8.46 rows=1 width=10)
	        Index Cond: (id = 6059121)

table 3 : explain UPDATE sbtest3 SET k=k+1 WHERE id=8161216
	Update on sbtest3  (cost=0.43..8.46 rows=0 width=0)
	  ->  Index Scan using sbtest3_pkey on sbtest3  (cost=0.43..8.46 rows=1 width=10)
	        Index Cond: (id = 8161216)

table 4 : explain UPDATE sbtest4 SET k=k+1 WHERE id=1590853
	Update on sbtest4  (cost=0.43..8.46 rows=0 width=0)
	  ->  Index Scan using sbtest4_pkey on sbtest4  (cost=0.43..8.46 rows=1 width=10)
	        Index Cond: (id = 1590853)

table 5 : explain UPDATE sbtest5 SET k=k+1 WHERE id=2873511
	Update on sbtest5  (cost=0.43..8.46 rows=0 width=0)
	  ->  Index Scan using sbtest5_pkey on sbtest5  (cost=0.43..8.46 rows=1 width=10)
	        Index Cond: (id = 2873511)

table 6 : explain UPDATE sbtest6 SET k=k+1 WHERE id=1904793
	Update on sbtest6  (cost=0.43..8.46 rows=0 width=0)
	  ->  Index Scan using sbtest6_pkey on sbtest6  (cost=0.43..8.46 rows=1 width=10)
	        Index Cond: (id = 1904793)

table 7 : explain UPDATE sbtest7 SET k=k+1 WHERE id=625262
	Update on sbtest7  (cost=0.43..8.46 rows=0 width=0)
	  ->  Index Scan using sbtest7_pkey on sbtest7  (cost=0.43..8.46 rows=1 width=10)
	        Index Cond: (id = 625262)

table 8 : explain UPDATE sbtest8 SET k=k+1 WHERE id=1453936
	Update on sbtest8  (cost=0.43..8.46 rows=0 width=0)
	  ->  Index Scan using sbtest8_pkey on sbtest8  (cost=0.43..8.46 rows=1 width=10)
	        Index Cond: (id = 1453936)

for inserts
table 1 : explain INSERT INTO sbtest1 (id, k, c, pad) VALUES (5819257, 13, 'foobar', 'foobar')
	Insert on sbtest1  (cost=0.00..0.01 rows=0 width=0)
	  ->  Result  (cost=0.00..0.01 rows=1 width=736)

table 2 : explain INSERT INTO sbtest2 (id, k, c, pad) VALUES (4223999, 13, 'foobar', 'foobar')
	Insert on sbtest2  (cost=0.00..0.01 rows=0 width=0)
	  ->  Result  (cost=0.00..0.01 rows=1 width=736)

table 3 : explain INSERT INTO sbtest3 (id, k, c, pad) VALUES (6012977, 13, 'foobar', 'foobar')
	Insert on sbtest3  (cost=0.00..0.01 rows=0 width=0)
	  ->  Result  (cost=0.00..0.01 rows=1 width=736)

table 4 : explain INSERT INTO sbtest4 (id, k, c, pad) VALUES (9290842, 13, 'foobar', 'foobar')
	Insert on sbtest4  (cost=0.00..0.01 rows=0 width=0)
	  ->  Result  (cost=0.00..0.01 rows=1 width=736)

table 5 : explain INSERT INTO sbtest5 (id, k, c, pad) VALUES (7355295, 13, 'foobar', 'foobar')
	Insert on sbtest5  (cost=0.00..0.01 rows=0 width=0)
	  ->  Result  (cost=0.00..0.01 rows=1 width=736)

table 6 : explain INSERT INTO sbtest6 (id, k, c, pad) VALUES (248052, 13, 'foobar', 'foobar')
	Insert on sbtest6  (cost=0.00..0.01 rows=0 width=0)
	  ->  Result  (cost=0.00..0.01 rows=1 width=736)

table 7 : explain INSERT INTO sbtest7 (id, k, c, pad) VALUES (6180515, 13, 'foobar', 'foobar')
	Insert on sbtest7  (cost=0.00..0.01 rows=0 width=0)
	  ->  Result  (cost=0.00..0.01 rows=1 width=736)

table 8 : explain INSERT INTO sbtest8 (id, k, c, pad) VALUES (6192650, 13, 'foobar', 'foobar')
	Insert on sbtest8  (cost=0.00..0.01 rows=0 width=0)
	  ->  Result  (cost=0.00..0.01 rows=1 width=736)

explain: for point_selects :: explain SELECT c FROM sbtest%u WHERE id=%u
for: order_ranges
table 1 : explain SELECT c FROM sbtest1 WHERE id BETWEEN 6152801 AND 6152900 ORDER BY c
	Sort  (cost=411.50..411.77 rows=106 width=121)
	  Sort Key: c
	  ->  Index Scan using sbtest1_pkey on sbtest1  (cost=0.43..407.94 rows=106 width=121)
	        Index Cond: ((id >= 6152801) AND (id <= 6152900))

table 2 : explain SELECT c FROM sbtest2 WHERE id BETWEEN 189533 AND 189632 ORDER BY c
	Sort  (cost=403.20..403.46 rows=104 width=121)
	  Sort Key: c
	  ->  Index Scan using sbtest2_pkey on sbtest2  (cost=0.43..399.72 rows=104 width=121)
	        Index Cond: ((id >= 189533) AND (id <= 189632))

table 3 : explain SELECT c FROM sbtest3 WHERE id BETWEEN 9189585 AND 9189684 ORDER BY c
	Sort  (cost=390.25..390.50 rows=101 width=121)
	  Sort Key: c
	  ->  Index Scan using sbtest3_pkey on sbtest3  (cost=0.43..386.88 rows=101 width=121)
	        Index Cond: ((id >= 9189585) AND (id <= 9189684))

table 4 : explain SELECT c FROM sbtest4 WHERE id BETWEEN 7046774 AND 7046873 ORDER BY c
	Sort  (cost=387.71..387.96 rows=100 width=121)
	  Sort Key: c
	  ->  Index Scan using sbtest4_pkey on sbtest4  (cost=0.43..384.39 rows=100 width=121)
	        Index Cond: ((id >= 7046774) AND (id <= 7046873))

table 5 : explain SELECT c FROM sbtest5 WHERE id BETWEEN 7874536 AND 7874635 ORDER BY c
	Sort  (cost=381.40..381.64 rows=98 width=121)
	  Sort Key: c
	  ->  Index Scan using sbtest5_pkey on sbtest5  (cost=0.43..378.16 rows=98 width=121)
	        Index Cond: ((id >= 7874536) AND (id <= 7874635))

table 6 : explain SELECT c FROM sbtest6 WHERE id BETWEEN 9038542 AND 9038641 ORDER BY c
	Sort  (cost=391.09..391.35 rows=101 width=121)
	  Sort Key: c
	  ->  Index Scan using sbtest6_pkey on sbtest6  (cost=0.43..387.73 rows=101 width=121)
	        Index Cond: ((id >= 9038542) AND (id <= 9038641))

table 7 : explain SELECT c FROM sbtest7 WHERE id BETWEEN 2189731 AND 2189830 ORDER BY c
	Sort  (cost=395.76..396.02 rows=102 width=121)
	  Sort Key: c
	  ->  Index Scan using sbtest7_pkey on sbtest7  (cost=0.43..392.36 rows=102 width=121)
	        Index Cond: ((id >= 2189731) AND (id <= 2189830))

table 8 : explain SELECT c FROM sbtest8 WHERE id BETWEEN 9854109 AND 9854208 ORDER BY c
	Sort  (cost=397.46..397.72 rows=102 width=121)
	  Sort Key: c
	  ->  Index Scan using sbtest8_pkey on sbtest8  (cost=0.43..394.06 rows=102 width=121)
	        Index Cond: ((id >= 9854109) AND (id <= 9854208))

explain: for non_index_updates :: explain UPDATE sbtest%u SET c='foobar' WHERE id=%u
for: distinct_ranges
table 1 : explain SELECT DISTINCT c FROM sbtest1 WHERE id BETWEEN 1693154 AND 1693253 ORDER BY c
	Unique  (cost=330.74..331.17 rows=85 width=121)
	  ->  Sort  (cost=330.74..330.96 rows=85 width=121)
	        Sort Key: c
	        ->  Index Scan using sbtest1_pkey on sbtest1  (cost=0.43..328.02 rows=85 width=121)
	              Index Cond: ((id >= 1693154) AND (id <= 1693253))

table 2 : explain SELECT DISTINCT c FROM sbtest2 WHERE id BETWEEN 193072 AND 193171 ORDER BY c
	Unique  (cost=403.20..403.72 rows=104 width=121)
	  ->  Sort  (cost=403.20..403.46 rows=104 width=121)
	        Sort Key: c
	        ->  Index Scan using sbtest2_pkey on sbtest2  (cost=0.43..399.72 rows=104 width=121)
	              Index Cond: ((id >= 193072) AND (id <= 193171))

table 3 : explain SELECT DISTINCT c FROM sbtest3 WHERE id BETWEEN 6023540 AND 6023639 ORDER BY c
	Unique  (cost=397.89..398.41 rows=103 width=121)
	  ->  Sort  (cost=397.89..398.15 rows=103 width=121)
	        Sort Key: c
	        ->  Index Scan using sbtest3_pkey on sbtest3  (cost=0.43..394.45 rows=103 width=121)
	              Index Cond: ((id >= 6023540) AND (id <= 6023639))

table 4 : explain SELECT DISTINCT c FROM sbtest4 WHERE id BETWEEN 3316206 AND 3316305 ORDER BY c
	Unique  (cost=391.55..392.06 rows=101 width=121)
	  ->  Sort  (cost=391.55..391.80 rows=101 width=121)
	        Sort Key: c
	        ->  Index Scan using sbtest4_pkey on sbtest4  (cost=0.43..388.19 rows=101 width=121)
	              Index Cond: ((id >= 3316206) AND (id <= 3316305))

table 5 : explain SELECT DISTINCT c FROM sbtest5 WHERE id BETWEEN 3069117 AND 3069216 ORDER BY c
	Unique  (cost=412.20..412.73 rows=106 width=121)
	  ->  Sort  (cost=412.20..412.47 rows=106 width=121)
	        Sort Key: c
	        ->  Index Scan using sbtest5_pkey on sbtest5  (cost=0.43..408.64 rows=106 width=121)
	              Index Cond: ((id >= 3069117) AND (id <= 3069216))

table 6 : explain SELECT DISTINCT c FROM sbtest6 WHERE id BETWEEN 9675841 AND 9675940 ORDER BY c
	Unique  (cost=333.57..334.00 rows=86 width=121)
	  ->  Sort  (cost=333.57..333.79 rows=86 width=121)
	        Sort Key: c
	        ->  Index Scan using sbtest6_pkey on sbtest6  (cost=0.43..330.81 rows=86 width=121)
	              Index Cond: ((id >= 9675841) AND (id <= 9675940))

table 7 : explain SELECT DISTINCT c FROM sbtest7 WHERE id BETWEEN 7356068 AND 7356167 ORDER BY c
	Unique  (cost=407.28..407.81 rows=105 width=121)
	  ->  Sort  (cost=407.28..407.54 rows=105 width=121)
	        Sort Key: c
	        ->  Index Scan using sbtest7_pkey on sbtest7  (cost=0.43..403.76 rows=105 width=121)
	              Index Cond: ((id >= 7356068) AND (id <= 7356167))

table 8 : explain SELECT DISTINCT c FROM sbtest8 WHERE id BETWEEN 8628594 AND 8628693 ORDER BY c
	Unique  (cost=381.98..382.47 rows=98 width=121)
	  ->  Sort  (cost=381.98..382.23 rows=98 width=121)
	        Sort Key: c
	        ->  Index Scan using sbtest8_pkey on sbtest8  (cost=0.43..378.74 rows=98 width=121)
	              Index Cond: ((id >= 8628594) AND (id <= 8628693))

for non_index_updates
table 1 : explain UPDATE sbtest1 SET c='foobar' WHERE id=2980212
	Update on sbtest1  (cost=0.43..8.45 rows=0 width=0)
	  ->  Index Scan using sbtest1_pkey on sbtest1  (cost=0.43..8.45 rows=1 width=490)
	        Index Cond: (id = 2980212)

table 2 : explain UPDATE sbtest2 SET c='foobar' WHERE id=642179
	Update on sbtest2  (cost=0.43..8.45 rows=0 width=0)
	  ->  Index Scan using sbtest2_pkey on sbtest2  (cost=0.43..8.45 rows=1 width=490)
	        Index Cond: (id = 642179)

table 3 : explain UPDATE sbtest3 SET c='foobar' WHERE id=6228727
	Update on sbtest3  (cost=0.43..8.45 rows=0 width=0)
	  ->  Index Scan using sbtest3_pkey on sbtest3  (cost=0.43..8.45 rows=1 width=490)
	        Index Cond: (id = 6228727)

table 4 : explain UPDATE sbtest4 SET c='foobar' WHERE id=9553270
	Update on sbtest4  (cost=0.43..8.45 rows=0 width=0)
	  ->  Index Scan using sbtest4_pkey on sbtest4  (cost=0.43..8.45 rows=1 width=490)
	        Index Cond: (id = 9553270)

table 5 : explain UPDATE sbtest5 SET c='foobar' WHERE id=9749706
	Update on sbtest5  (cost=0.43..8.45 rows=0 width=0)
	  ->  Index Scan using sbtest5_pkey on sbtest5  (cost=0.43..8.45 rows=1 width=490)
	        Index Cond: (id = 9749706)

table 6 : explain UPDATE sbtest6 SET c='foobar' WHERE id=7235693
	Update on sbtest6  (cost=0.43..8.45 rows=0 width=0)
	  ->  Index Scan using sbtest6_pkey on sbtest6  (cost=0.43..8.45 rows=1 width=490)
	        Index Cond: (id = 7235693)

table 7 : explain UPDATE sbtest7 SET c='foobar' WHERE id=3562871
	Update on sbtest7  (cost=0.43..8.45 rows=0 width=0)
	  ->  Index Scan using sbtest7_pkey on sbtest7  (cost=0.43..8.45 rows=1 width=490)
	        Index Cond: (id = 3562871)

table 8 : explain UPDATE sbtest8 SET c='foobar' WHERE id=8228773
	Update on sbtest8  (cost=0.43..8.45 rows=0 width=0)
	  ->  Index Scan using sbtest8_pkey on sbtest8  (cost=0.43..8.45 rows=1 width=490)
	        Index Cond: (id = 8228773)

explain: for point_selects :: explain SELECT c FROM sbtest%u WHERE id=%u
for inserts
table 1 : explain INSERT INTO sbtest1 (id, k, c, pad) VALUES (9736836, 13, 'foobar', 'foobar')
	Insert on sbtest1  (cost=0.00..0.01 rows=0 width=0)
	  ->  Result  (cost=0.00..0.01 rows=1 width=736)

table 2 : explain INSERT INTO sbtest2 (id, k, c, pad) VALUES (5372912, 13, 'foobar', 'foobar')
	Insert on sbtest2  (cost=0.00..0.01 rows=0 width=0)
	  ->  Result  (cost=0.00..0.01 rows=1 width=736)

table 3 : explain INSERT INTO sbtest3 (id, k, c, pad) VALUES (7035165, 13, 'foobar', 'foobar')
	Insert on sbtest3  (cost=0.00..0.01 rows=0 width=0)
	  ->  Result  (cost=0.00..0.01 rows=1 width=736)

table 4 : explain INSERT INTO sbtest4 (id, k, c, pad) VALUES (2374044, 13, 'foobar', 'foobar')
	Insert on sbtest4  (cost=0.00..0.01 rows=0 width=0)
	  ->  Result  (cost=0.00..0.01 rows=1 width=736)

table 5 : explain INSERT INTO sbtest5 (id, k, c, pad) VALUES (4770870, 13, 'foobar', 'foobar')
	Insert on sbtest5  (cost=0.00..0.01 rows=0 width=0)
	  ->  Result  (cost=0.00..0.01 rows=1 width=736)

table 6 : explain INSERT INTO sbtest6 (id, k, c, pad) VALUES (4854546, 13, 'foobar', 'foobar')
	Insert on sbtest6  (cost=0.00..0.01 rows=0 width=0)
	  ->  Result  (cost=0.00..0.01 rows=1 width=736)

table 7 : explain INSERT INTO sbtest7 (id, k, c, pad) VALUES (7895634, 13, 'foobar', 'foobar')
	Insert on sbtest7  (cost=0.00..0.01 rows=0 width=0)
	  ->  Result  (cost=0.00..0.01 rows=1 width=736)

table 8 : explain INSERT INTO sbtest8 (id, k, c, pad) VALUES (8637667, 13, 'foobar', 'foobar')
	Insert on sbtest8  (cost=0.00..0.01 rows=0 width=0)
	  ->  Result  (cost=0.00..0.01 rows=1 width=736)

explain: for point_selects :: explain SELECT c FROM sbtest%u WHERE id=%u
for point_selects
table 1 : explain SELECT c FROM sbtest1 WHERE id=2731308
	Index Scan using sbtest1_pkey on sbtest1  (cost=0.43..8.45 rows=1 width=121)
	  Index Cond: (id = 2731308)

table 2 : explain SELECT c FROM sbtest2 WHERE id=9706095
	Index Scan using sbtest2_pkey on sbtest2  (cost=0.43..8.45 rows=1 width=121)
	  Index Cond: (id = 9706095)

table 3 : explain SELECT c FROM sbtest3 WHERE id=7676096
	Index Scan using sbtest3_pkey on sbtest3  (cost=0.43..8.45 rows=1 width=121)
	  Index Cond: (id = 7676096)

table 4 : explain SELECT c FROM sbtest4 WHERE id=8217313
	Index Scan using sbtest4_pkey on sbtest4  (cost=0.43..8.45 rows=1 width=121)
	  Index Cond: (id = 8217313)

table 5 : explain SELECT c FROM sbtest5 WHERE id=4762227
	Index Scan using sbtest5_pkey on sbtest5  (cost=0.43..8.45 rows=1 width=121)
	  Index Cond: (id = 4762227)

table 6 : explain SELECT c FROM sbtest6 WHERE id=8315056
	Index Scan using sbtest6_pkey on sbtest6  (cost=0.43..8.45 rows=1 width=121)
	  Index Cond: (id = 8315056)

table 7 : explain SELECT c FROM sbtest7 WHERE id=6254109
	Index Scan using sbtest7_pkey on sbtest7  (cost=0.43..8.45 rows=1 width=121)
	  Index Cond: (id = 6254109)

table 8 : explain SELECT c FROM sbtest8 WHERE id=405637
	Index Scan using sbtest8_pkey on sbtest8  (cost=0.43..8.45 rows=1 width=121)
	  Index Cond: (id = 405637)

explain: for deletes :: explain DELETE FROM sbtest%u WHERE id=%u
for point_selects
table 1 : explain SELECT c FROM sbtest1 WHERE id=454779
	Index Scan using sbtest1_pkey on sbtest1  (cost=0.43..8.45 rows=1 width=121)
	  Index Cond: (id = 454779)

table 2 : explain SELECT c FROM sbtest2 WHERE id=9536494
	Index Scan using sbtest2_pkey on sbtest2  (cost=0.43..8.45 rows=1 width=121)
	  Index Cond: (id = 9536494)

table 3 : explain SELECT c FROM sbtest3 WHERE id=6387011
	Index Scan using sbtest3_pkey on sbtest3  (cost=0.43..8.45 rows=1 width=121)
	  Index Cond: (id = 6387011)

table 4 : explain SELECT c FROM sbtest4 WHERE id=3871791
	Index Scan using sbtest4_pkey on sbtest4  (cost=0.43..8.45 rows=1 width=121)
	  Index Cond: (id = 3871791)

table 5 : explain SELECT c FROM sbtest5 WHERE id=2417667
	Index Scan using sbtest5_pkey on sbtest5  (cost=0.43..8.45 rows=1 width=121)
	  Index Cond: (id = 2417667)

table 6 : explain SELECT c FROM sbtest6 WHERE id=7452089
	Index Scan using sbtest6_pkey on sbtest6  (cost=0.43..8.45 rows=1 width=121)
	  Index Cond: (id = 7452089)

table 7 : explain SELECT c FROM sbtest7 WHERE id=1688325
	Index Scan using sbtest7_pkey on sbtest7  (cost=0.43..8.45 rows=1 width=121)
	  Index Cond: (id = 1688325)

table 8 : explain SELECT c FROM sbtest8 WHERE id=8211060
	Index Scan using sbtest8_pkey on sbtest8  (cost=0.43..8.45 rows=1 width=121)
	  Index Cond: (id = 8211060)

for: order_ranges
table 1 : explain SELECT c FROM sbtest1 WHERE id BETWEEN 6183952 AND 6184051 ORDER BY c
	Sort  (cost=373.01..373.25 rows=96 width=121)
	  Sort Key: c
	  ->  Index Scan using sbtest1_pkey on sbtest1  (cost=0.43..369.85 rows=96 width=121)
	        Index Cond: ((id >= 6183952) AND (id <= 6184051))

table 2 : explain SELECT c FROM sbtest2 WHERE id BETWEEN 2708033 AND 2708132 ORDER BY c
	Sort  (cost=391.69..391.94 rows=101 width=121)
	  Sort Key: c
	  ->  Index Scan using sbtest2_pkey on sbtest2  (cost=0.43..388.33 rows=101 width=121)
	        Index Cond: ((id >= 2708033) AND (id <= 2708132))

table 3 : explain SELECT c FROM sbtest3 WHERE id BETWEEN 8982451 AND 8982550 ORDER BY c
	Sort  (cost=359.61..359.84 rows=93 width=121)
	  Sort Key: c
	  ->  Index Scan using sbtest3_pkey on sbtest3  (cost=0.43..356.56 rows=93 width=121)
	        Index Cond: ((id >= 8982451) AND (id <= 8982550))

table 4 : explain SELECT c FROM sbtest4 WHERE id BETWEEN 8019651 AND 8019750 ORDER BY c
	Sort  (cost=387.71..387.96 rows=100 width=121)
	  Sort Key: c
	  ->  Index Scan using sbtest4_pkey on sbtest4  (cost=0.43..384.39 rows=100 width=121)
	        Index Cond: ((id >= 8019651) AND (id <= 8019750))

table 5 : explain SELECT c FROM sbtest5 WHERE id BETWEEN 2392787 AND 2392886 ORDER BY c
	Sort  (cost=431.46..431.73 rows=111 width=121)
	  Sort Key: c
	  ->  Index Scan using sbtest5_pkey on sbtest5  (cost=0.43..427.68 rows=111 width=121)
	        Index Cond: ((id >= 2392787) AND (id <= 2392886))

table 6 : explain SELECT c FROM sbtest6 WHERE id BETWEEN 334884 AND 334983 ORDER BY c
	Sort  (cost=421.75..422.02 rows=109 width=121)
	  Sort Key: c
	  ->  Index Scan using sbtest6_pkey on sbtest6  (cost=0.43..418.06 rows=109 width=121)
	        Index Cond: ((id >= 334884) AND (id <= 334983))

table 7 : explain SELECT c FROM sbtest7 WHERE id BETWEEN 1074140 AND 1074239 ORDER BY c
	Sort  (cost=368.83..369.06 rows=95 width=121)
	  Sort Key: c
	  ->  Index Scan using sbtest7_pkey on sbtest7  (cost=0.43..365.71 rows=95 width=121)
	        Index Cond: ((id >= 1074140) AND (id <= 1074239))

table 8 : explain SELECT c FROM sbtest8 WHERE id BETWEEN 4992688 AND 4992787 ORDER BY c
	Sort  (cost=409.03..409.30 rows=105 width=121)
	  Sort Key: c
	  ->  Index Scan using sbtest8_pkey on sbtest8  (cost=0.43..405.51 rows=105 width=121)
	        Index Cond: ((id >= 4992688) AND (id <= 4992787))

for: distinct_ranges
table 1 : explain SELECT DISTINCT c FROM sbtest1 WHERE id BETWEEN 112039 AND 112138 ORDER BY c
	Unique  (cost=388.44..388.94 rows=100 width=121)
	  ->  Sort  (cost=388.44..388.69 rows=100 width=121)
	        Sort Key: c
	        ->  Index Scan using sbtest1_pkey on sbtest1  (cost=0.43..385.12 rows=100 width=121)
	              Index Cond: ((id >= 112039) AND (id <= 112138))

table 2 : explain SELECT DISTINCT c FROM sbtest2 WHERE id BETWEEN 5787303 AND 5787402 ORDER BY c
	Unique  (cost=391.69..392.20 rows=101 width=121)
	  ->  Sort  (cost=391.69..391.94 rows=101 width=121)
	        Sort Key: c
	        ->  Index Scan using sbtest2_pkey on sbtest2  (cost=0.43..388.33 rows=101 width=121)
	              Index Cond: ((id >= 5787303) AND (id <= 5787402))

table 3 : explain SELECT DISTINCT c FROM sbtest3 WHERE id BETWEEN 495860 AND 495959 ORDER BY c
	Unique  (cost=443.78..444.35 rows=115 width=121)
	  ->  Sort  (cost=443.78..444.06 rows=115 width=121)
	        Sort Key: c
	        ->  Index Scan using sbtest3_pkey on sbtest3  (cost=0.43..439.84 rows=115 width=121)
	              Index Cond: ((id >= 495860) AND (id <= 495959))

table 4 : explain SELECT DISTINCT c FROM sbtest4 WHERE id BETWEEN 4939861 AND 4939960 ORDER BY c
	Unique  (cost=403.06..403.58 rows=104 width=121)
	  ->  Sort  (cost=403.06..403.32 rows=104 width=121)
	        Sort Key: c
	        ->  Index Scan using sbtest4_pkey on sbtest4  (cost=0.43..399.58 rows=104 width=121)
	              Index Cond: ((id >= 4939861) AND (id <= 4939960))

table 5 : explain SELECT DISTINCT c FROM sbtest5 WHERE id BETWEEN 802040 AND 802139 ORDER BY c
	Unique  (cost=392.95..393.45 rows=101 width=121)
	  ->  Sort  (cost=392.95..393.20 rows=101 width=121)
	        Sort Key: c
	        ->  Index Scan using sbtest5_pkey on sbtest5  (cost=0.43..389.59 rows=101 width=121)
	              Index Cond: ((id >= 802040) AND (id <= 802139))

table 6 : explain SELECT DISTINCT c FROM sbtest6 WHERE id BETWEEN 7424627 AND 7424726 ORDER BY c
	Unique  (cost=425.58..426.13 rows=110 width=121)
	  ->  Sort  (cost=425.58..425.86 rows=110 width=121)
	        Sort Key: c
	        ->  Index Scan using sbtest6_pkey on sbtest6  (cost=0.43..421.85 rows=110 width=121)
	              Index Cond: ((id >= 7424627) AND (id <= 7424726))

table 7 : explain SELECT DISTINCT c FROM sbtest7 WHERE id BETWEEN 4431535 AND 4431634 ORDER BY c
	Unique  (cost=361.15..361.61 rows=93 width=121)
	  ->  Sort  (cost=361.15..361.38 rows=93 width=121)
	        Sort Key: c
	        ->  Index Scan using sbtest7_pkey on sbtest7  (cost=0.43..358.11 rows=93 width=121)
	              Index Cond: ((id >= 4431535) AND (id <= 4431634))

table 8 : explain SELECT DISTINCT c FROM sbtest8 WHERE id BETWEEN 5709688 AND 5709787 ORDER BY c
	Unique  (cost=389.75..390.25 rows=100 width=121)
	  ->  Sort  (cost=389.75..390.00 rows=100 width=121)
	        Sort Key: c
	        ->  Index Scan using sbtest8_pkey on sbtest8  (cost=0.43..386.43 rows=100 width=121)
	              Index Cond: ((id >= 5709688) AND (id <= 5709787))

explain: for point_selects :: explain SELECT c FROM sbtest%u WHERE id=%u
explain: for index_updates :: explain UPDATE sbtest%u SET k=k+1 WHERE id=%u
for non_index_updates
table 1 : explain UPDATE sbtest1 SET c='foobar' WHERE id=9433891
	Update on sbtest1  (cost=0.43..8.45 rows=0 width=0)
	  ->  Index Scan using sbtest1_pkey on sbtest1  (cost=0.43..8.45 rows=1 width=490)
	        Index Cond: (id = 9433891)

table 2 : explain UPDATE sbtest2 SET c='foobar' WHERE id=8956200
	Update on sbtest2  (cost=0.43..8.45 rows=0 width=0)
	  ->  Index Scan using sbtest2_pkey on sbtest2  (cost=0.43..8.45 rows=1 width=490)
	        Index Cond: (id = 8956200)

table 3 : explain UPDATE sbtest3 SET c='foobar' WHERE id=9252930
	Update on sbtest3  (cost=0.43..8.45 rows=0 width=0)
	  ->  Index Scan using sbtest3_pkey on sbtest3  (cost=0.43..8.45 rows=1 width=490)
	        Index Cond: (id = 9252930)

table 4 : explain UPDATE sbtest4 SET c='foobar' WHERE id=4390496
	Update on sbtest4  (cost=0.43..8.45 rows=0 width=0)
	  ->  Index Scan using sbtest4_pkey on sbtest4  (cost=0.43..8.45 rows=1 width=490)
	        Index Cond: (id = 4390496)

table 5 : explain UPDATE sbtest5 SET c='foobar' WHERE id=2773642
	Update on sbtest5  (cost=0.43..8.45 rows=0 width=0)
	  ->  Index Scan using sbtest5_pkey on sbtest5  (cost=0.43..8.45 rows=1 width=490)
	        Index Cond: (id = 2773642)

table 6 : explain UPDATE sbtest6 SET c='foobar' WHERE id=5207097
	Update on sbtest6  (cost=0.43..8.45 rows=0 width=0)
	  ->  Index Scan using sbtest6_pkey on sbtest6  (cost=0.43..8.45 rows=1 width=490)
	        Index Cond: (id = 5207097)

table 7 : explain UPDATE sbtest7 SET c='foobar' WHERE id=9944353
	Update on sbtest7  (cost=0.43..8.45 rows=0 width=0)
	  ->  Index Scan using sbtest7_pkey on sbtest7  (cost=0.43..8.45 rows=1 width=490)
	        Index Cond: (id = 9944353)

table 8 : explain UPDATE sbtest8 SET c='foobar' WHERE id=3023729
	Update on sbtest8  (cost=0.43..8.45 rows=0 width=0)
	  ->  Index Scan using sbtest8_pkey on sbtest8  (cost=0.43..8.45 rows=1 width=490)
	        Index Cond: (id = 3023729)

explain: for index_updates :: explain UPDATE sbtest%u SET k=k+1 WHERE id=%u
for: simple_ranges
table 1 : explain SELECT c FROM sbtest1 WHERE id BETWEEN 1743252 AND 1743351
	Index Scan using sbtest1_pkey on sbtest1  (cost=0.43..407.94 rows=106 width=121)
	  Index Cond: ((id >= 1743252) AND (id <= 1743351))

table 2 : explain SELECT c FROM sbtest2 WHERE id BETWEEN 3783449 AND 3783548
	Index Scan using sbtest2_pkey on sbtest2  (cost=0.43..384.53 rows=100 width=121)
	  Index Cond: ((id >= 3783449) AND (id <= 3783548))

table 3 : explain SELECT c FROM sbtest3 WHERE id BETWEEN 2092761 AND 2092860
	Index Scan using sbtest3_pkey on sbtest3  (cost=0.43..375.54 rows=98 width=121)
	  Index Cond: ((id >= 2092761) AND (id <= 2092860))

table 4 : explain SELECT c FROM sbtest4 WHERE id BETWEEN 6077857 AND 6077956
	Index Scan using sbtest4_pkey on sbtest4  (cost=0.43..388.19 rows=101 width=121)
	  Index Cond: ((id >= 6077857) AND (id <= 6077956))

table 5 : explain SELECT c FROM sbtest5 WHERE id BETWEEN 2554148 AND 2554247
	Index Scan using sbtest5_pkey on sbtest5  (cost=0.43..408.64 rows=106 width=121)
	  Index Cond: ((id >= 2554148) AND (id <= 2554247))

table 6 : explain SELECT c FROM sbtest6 WHERE id BETWEEN 7935562 AND 7935661
	Index Scan using sbtest6_pkey on sbtest6  (cost=0.43..387.73 rows=101 width=121)
	  Index Cond: ((id >= 7935562) AND (id <= 7935661))

table 7 : explain SELECT c FROM sbtest7 WHERE id BETWEEN 3034737 AND 3034836
	Index Scan using sbtest7_pkey on sbtest7  (cost=0.43..358.11 rows=93 width=121)
	  Index Cond: ((id >= 3034737) AND (id <= 3034836))

table 8 : explain SELECT c FROM sbtest8 WHERE id BETWEEN 5157435 AND 5157534
	Index Scan using sbtest8_pkey on sbtest8  (cost=0.43..367.29 rows=95 width=121)
	  Index Cond: ((id >= 5157435) AND (id <= 5157534))

for: order_ranges
table 1 : explain SELECT c FROM sbtest1 WHERE id BETWEEN 8543691 AND 8543790 ORDER BY c
	Sort  (cost=373.01..373.25 rows=96 width=121)
	  Sort Key: c
	  ->  Index Scan using sbtest1_pkey on sbtest1  (cost=0.43..369.85 rows=96 width=121)
	        Index Cond: ((id >= 8543691) AND (id <= 8543790))

table 2 : explain SELECT c FROM sbtest2 WHERE id BETWEEN 1664854 AND 1664953 ORDER BY c
	Sort  (cost=387.85..388.10 rows=100 width=121)
	  Sort Key: c
	  ->  Index Scan using sbtest2_pkey on sbtest2  (cost=0.43..384.53 rows=100 width=121)
	        Index Cond: ((id >= 1664854) AND (id <= 1664953))

table 3 : explain SELECT c FROM sbtest3 WHERE id BETWEEN 7441383 AND 7441482 ORDER BY c
	Sort  (cost=374.90..375.14 rows=97 width=121)
	  Sort Key: c
	  ->  Index Scan using sbtest3_pkey on sbtest3  (cost=0.43..371.69 rows=97 width=121)
	        Index Cond: ((id >= 7441383) AND (id <= 7441482))

table 4 : explain SELECT c FROM sbtest4 WHERE id BETWEEN 2323731 AND 2323830 ORDER BY c
	Sort  (cost=368.54..368.77 rows=95 width=121)
	  Sort Key: c
	  ->  Index Scan using sbtest4_pkey on sbtest4  (cost=0.43..365.41 rows=95 width=121)
	        Index Cond: ((id >= 2323731) AND (id <= 2323830))

table 5 : explain SELECT c FROM sbtest5 WHERE id BETWEEN 7377174 AND 7377273 ORDER BY c
	Sort  (cost=373.70..373.94 rows=96 width=121)
	  Sort Key: c
	  ->  Index Scan using sbtest5_pkey on sbtest5  (cost=0.43..370.54 rows=96 width=121)
	        Index Cond: ((id >= 7377174) AND (id <= 7377273))

table 6 : explain SELECT c FROM sbtest6 WHERE id BETWEEN 9981332 AND 9981431 ORDER BY c
	Sort  (cost=371.88..372.12 rows=96 width=121)
	  Sort Key: c
	  ->  Index Scan using sbtest6_pkey on sbtest6  (cost=0.43..368.72 rows=96 width=121)
	        Index Cond: ((id >= 9981332) AND (id <= 9981431))

table 7 : explain SELECT c FROM sbtest7 WHERE id BETWEEN 3460600 AND 3460699 ORDER BY c
	Sort  (cost=380.35..380.59 rows=98 width=121)
	  Sort Key: c
	  ->  Index Scan using sbtest7_pkey on sbtest7  (cost=0.43..377.10 rows=98 width=121)
	        Index Cond: ((id >= 3460600) AND (id <= 3460699))

table 8 : explain SELECT c FROM sbtest8 WHERE id BETWEEN 9488989 AND 9489088 ORDER BY c
	Sort  (cost=405.18..405.44 rows=104 width=121)
	  Sort Key: c
	  ->  Index Scan using sbtest8_pkey on sbtest8  (cost=0.43..401.69 rows=104 width=121)
	        Index Cond: ((id >= 9488989) AND (id <= 9489088))

for: order_ranges
table 1 : explain SELECT c FROM sbtest1 WHERE id BETWEEN 5225749 AND 5225848 ORDER BY c
	Sort  (cost=392.28..392.54 rows=101 width=121)
	  Sort Key: c
	  ->  Index Scan using sbtest1_pkey on sbtest1  (cost=0.43..388.92 rows=101 width=121)
	        Index Cond: ((id >= 5225749) AND (id <= 5225848))

table 2 : explain SELECT c FROM sbtest2 WHERE id BETWEEN 9445866 AND 9445965 ORDER BY c
	Sort  (cost=426.23..426.51 rows=110 width=121)
	  Sort Key: c
	  ->  Index Scan using sbtest2_pkey on sbtest2  (cost=0.43..422.50 rows=110 width=121)
	        Index Cond: ((id >= 9445866) AND (id <= 9445965))

table 3 : explain SELECT c FROM sbtest3 WHERE id BETWEEN 8632766 AND 8632865 ORDER BY c
	Sort  (cost=424.66..424.93 rows=110 width=121)
	  Sort Key: c
	  ->  Index Scan using sbtest3_pkey on sbtest3  (cost=0.43..420.93 rows=110 width=121)
	        Index Cond: ((id >= 8632766) AND (id <= 8632865))

table 4 : explain SELECT c FROM sbtest4 WHERE id BETWEEN 535574 AND 535673 ORDER BY c
	Sort  (cost=387.71..387.96 rows=100 width=121)
	  Sort Key: c
	  ->  Index Scan using sbtest4_pkey on sbtest4  (cost=0.43..384.39 rows=100 width=121)
	        Index Cond: ((id >= 535574) AND (id <= 535673))

table 5 : explain SELECT c FROM sbtest5 WHERE id BETWEEN 1904829 AND 1904928 ORDER BY c
	Sort  (cost=381.40..381.64 rows=98 width=121)
	  Sort Key: c
	  ->  Index Scan using sbtest5_pkey on sbtest5  (cost=0.43..378.16 rows=98 width=121)
	        Index Cond: ((id >= 1904829) AND (id <= 1904928))

table 6 : explain SELECT c FROM sbtest6 WHERE id BETWEEN 7446681 AND 7446780 ORDER BY c
	Sort  (cost=425.58..425.86 rows=110 width=121)
	  Sort Key: c
	  ->  Index Scan using sbtest6_pkey on sbtest6  (cost=0.43..421.85 rows=110 width=121)
	        Index Cond: ((id >= 7446681) AND (id <= 7446780))

table 7 : explain SELECT c FROM sbtest7 WHERE id BETWEEN 899287 AND 899386 ORDER BY c
	Sort  (cost=349.63..349.86 rows=90 width=121)
	  Sort Key: c
	  ->  Index Scan using sbtest7_pkey on sbtest7  (cost=0.43..346.71 rows=90 width=121)
	        Index Cond: ((id >= 899287) AND (id <= 899386))

table 8 : explain SELECT c FROM sbtest8 WHERE id BETWEEN 7460145 AND 7460244 ORDER BY c
	Sort  (cost=358.85..359.08 rows=92 width=121)
	  Sort Key: c
	  ->  Index Scan using sbtest8_pkey on sbtest8  (cost=0.43..355.84 rows=92 width=121)
	        Index Cond: ((id >= 7460145) AND (id <= 7460244))

for deletes
table 1 : explain DELETE FROM sbtest1 WHERE id=992364
	Delete on sbtest1  (cost=0.43..8.45 rows=0 width=0)
	  ->  Index Scan using sbtest1_pkey on sbtest1  (cost=0.43..8.45 rows=1 width=6)
	        Index Cond: (id = 992364)

table 2 : explain DELETE FROM sbtest2 WHERE id=8362537
	Delete on sbtest2  (cost=0.43..8.45 rows=0 width=0)
	  ->  Index Scan using sbtest2_pkey on sbtest2  (cost=0.43..8.45 rows=1 width=6)
	        Index Cond: (id = 8362537)

table 3 : explain DELETE FROM sbtest3 WHERE id=1013890
	Delete on sbtest3  (cost=0.43..8.45 rows=0 width=0)
	  ->  Index Scan using sbtest3_pkey on sbtest3  (cost=0.43..8.45 rows=1 width=6)
	        Index Cond: (id = 1013890)

table 4 : explain DELETE FROM sbtest4 WHERE id=7491038
	Delete on sbtest4  (cost=0.43..8.45 rows=0 width=0)
	  ->  Index Scan using sbtest4_pkey on sbtest4  (cost=0.43..8.45 rows=1 width=6)
	        Index Cond: (id = 7491038)

table 5 : explain DELETE FROM sbtest5 WHERE id=309403
	Delete on sbtest5  (cost=0.43..8.45 rows=0 width=0)
	  ->  Index Scan using sbtest5_pkey on sbtest5  (cost=0.43..8.45 rows=1 width=6)
	        Index Cond: (id = 309403)

table 6 : explain DELETE FROM sbtest6 WHERE id=5232959
	Delete on sbtest6  (cost=0.43..8.45 rows=0 width=0)
	  ->  Index Scan using sbtest6_pkey on sbtest6  (cost=0.43..8.45 rows=1 width=6)
	        Index Cond: (id = 5232959)

table 7 : explain DELETE FROM sbtest7 WHERE id=6232816
	Delete on sbtest7  (cost=0.43..8.45 rows=0 width=0)
	  ->  Index Scan using sbtest7_pkey on sbtest7  (cost=0.43..8.45 rows=1 width=6)
	        Index Cond: (id = 6232816)

table 8 : explain DELETE FROM sbtest8 WHERE id=8331800
	Delete on sbtest8  (cost=0.43..8.45 rows=0 width=0)
	  ->  Index Scan using sbtest8_pkey on sbtest8  (cost=0.43..8.45 rows=1 width=6)
	        Index Cond: (id = 8331800)

for: simple_ranges
table 1 : explain SELECT c FROM sbtest1 WHERE id BETWEEN 3977481 AND 3977580
	Index Scan using sbtest1_pkey on sbtest1  (cost=0.43..377.46 rows=98 width=121)
	  Index Cond: ((id >= 3977481) AND (id <= 3977580))

table 2 : explain SELECT c FROM sbtest2 WHERE id BETWEEN 7080383 AND 7080482
	Index Scan using sbtest2_pkey on sbtest2  (cost=0.43..369.29 rows=96 width=121)
	  Index Cond: ((id >= 7080383) AND (id <= 7080482))

table 3 : explain SELECT c FROM sbtest3 WHERE id BETWEEN 5104485 AND 5104584
	Index Scan using sbtest3_pkey on sbtest3  (cost=0.43..402.01 rows=105 width=121)
	  Index Cond: ((id >= 5104485) AND (id <= 5104584))

table 4 : explain SELECT c FROM sbtest4 WHERE id BETWEEN 1065457 AND 1065556
	Index Scan using sbtest4_pkey on sbtest4  (cost=0.43..354.03 rows=92 width=121)
	  Index Cond: ((id >= 1065457) AND (id <= 1065556))

table 5 : explain SELECT c FROM sbtest5 WHERE id BETWEEN 508045 AND 508144
	Index Scan using sbtest5_pkey on sbtest5  (cost=0.43..374.35 rows=97 width=121)
	  Index Cond: ((id >= 508045) AND (id <= 508144))

table 6 : explain SELECT c FROM sbtest6 WHERE id BETWEEN 4263605 AND 4263704
	Index Scan using sbtest6_pkey on sbtest6  (cost=0.43..387.73 rows=101 width=121)
	  Index Cond: ((id >= 4263605) AND (id <= 4263704))

table 7 : explain SELECT c FROM sbtest7 WHERE id BETWEEN 4754697 AND 4754796
	Index Scan using sbtest7_pkey on sbtest7  (cost=0.43..384.76 rows=100 width=121)
	  Index Cond: ((id >= 4754697) AND (id <= 4754796))

table 8 : explain SELECT c FROM sbtest8 WHERE id BETWEEN 8683717 AND 8683816
	Index Scan using sbtest8_pkey on sbtest8  (cost=0.43..394.06 rows=102 width=121)
	  Index Cond: ((id >= 8683717) AND (id <= 8683816))

for point_selects
table 1 : explain SELECT c FROM sbtest1 WHERE id=1682720
	Index Scan using sbtest1_pkey on sbtest1  (cost=0.43..8.45 rows=1 width=121)
	  Index Cond: (id = 1682720)

table 2 : explain SELECT c FROM sbtest2 WHERE id=5107776
	Index Scan using sbtest2_pkey on sbtest2  (cost=0.43..8.45 rows=1 width=121)
	  Index Cond: (id = 5107776)

table 3 : explain SELECT c FROM sbtest3 WHERE id=1315271
	Index Scan using sbtest3_pkey on sbtest3  (cost=0.43..8.45 rows=1 width=121)
	  Index Cond: (id = 1315271)

table 4 : explain SELECT c FROM sbtest4 WHERE id=9137312
	Index Scan using sbtest4_pkey on sbtest4  (cost=0.43..8.45 rows=1 width=121)
	  Index Cond: (id = 9137312)

table 5 : explain SELECT c FROM sbtest5 WHERE id=2764697
	Index Scan using sbtest5_pkey on sbtest5  (cost=0.43..8.45 rows=1 width=121)
	  Index Cond: (id = 2764697)

table 6 : explain SELECT c FROM sbtest6 WHERE id=4839303
	Index Scan using sbtest6_pkey on sbtest6  (cost=0.43..8.45 rows=1 width=121)
	  Index Cond: (id = 4839303)

table 7 : explain SELECT c FROM sbtest7 WHERE id=2672378
	Index Scan using sbtest7_pkey on sbtest7  (cost=0.43..8.45 rows=1 width=121)
	  Index Cond: (id = 2672378)

table 8 : explain SELECT c FROM sbtest8 WHERE id=3988325
	Index Scan using sbtest8_pkey on sbtest8  (cost=0.43..8.45 rows=1 width=121)
	  Index Cond: (id = 3988325)

for index_updates
table 1 : explain UPDATE sbtest1 SET k=k+1 WHERE id=8188436
	Update on sbtest1  (cost=0.43..8.46 rows=0 width=0)
	  ->  Index Scan using sbtest1_pkey on sbtest1  (cost=0.43..8.46 rows=1 width=10)
	        Index Cond: (id = 8188436)

table 2 : explain UPDATE sbtest2 SET k=k+1 WHERE id=2211655
	Update on sbtest2  (cost=0.43..8.46 rows=0 width=0)
	  ->  Index Scan using sbtest2_pkey on sbtest2  (cost=0.43..8.46 rows=1 width=10)
	        Index Cond: (id = 2211655)

table 3 : explain UPDATE sbtest3 SET k=k+1 WHERE id=8191312
	Update on sbtest3  (cost=0.43..8.46 rows=0 width=0)
	  ->  Index Scan using sbtest3_pkey on sbtest3  (cost=0.43..8.46 rows=1 width=10)
	        Index Cond: (id = 8191312)

table 4 : explain UPDATE sbtest4 SET k=k+1 WHERE id=3465779
	Update on sbtest4  (cost=0.43..8.46 rows=0 width=0)
	  ->  Index Scan using sbtest4_pkey on sbtest4  (cost=0.43..8.46 rows=1 width=10)
	        Index Cond: (id = 3465779)

table 5 : explain UPDATE sbtest5 SET k=k+1 WHERE id=6276764
	Update on sbtest5  (cost=0.43..8.46 rows=0 width=0)
	  ->  Index Scan using sbtest5_pkey on sbtest5  (cost=0.43..8.46 rows=1 width=10)
	        Index Cond: (id = 6276764)

table 6 : explain UPDATE sbtest6 SET k=k+1 WHERE id=747975
	Update on sbtest6  (cost=0.43..8.46 rows=0 width=0)
	  ->  Index Scan using sbtest6_pkey on sbtest6  (cost=0.43..8.46 rows=1 width=10)
	        Index Cond: (id = 747975)

table 7 : explain UPDATE sbtest7 SET k=k+1 WHERE id=348078
	Update on sbtest7  (cost=0.43..8.46 rows=0 width=0)
	  ->  Index Scan using sbtest7_pkey on sbtest7  (cost=0.43..8.46 rows=1 width=10)
	        Index Cond: (id = 348078)

table 8 : explain UPDATE sbtest8 SET k=k+1 WHERE id=9193310
	Update on sbtest8  (cost=0.43..8.46 rows=0 width=0)
	  ->  Index Scan using sbtest8_pkey on sbtest8  (cost=0.43..8.46 rows=1 width=10)
	        Index Cond: (id = 9193310)

for: distinct_ranges
table 1 : explain SELECT DISTINCT c FROM sbtest1 WHERE id BETWEEN 1711663 AND 1711762 ORDER BY c
	Unique  (cost=411.50..412.03 rows=106 width=121)
	  ->  Sort  (cost=411.50..411.77 rows=106 width=121)
	        Sort Key: c
	        ->  Index Scan using sbtest1_pkey on sbtest1  (cost=0.43..407.94 rows=106 width=121)
	              Index Cond: ((id >= 1711663) AND (id <= 1711762))

table 2 : explain SELECT DISTINCT c FROM sbtest2 WHERE id BETWEEN 6797100 AND 6797199 ORDER BY c
	Unique  (cost=407.04..407.57 rows=105 width=121)
	  ->  Sort  (cost=407.04..407.30 rows=105 width=121)
	        Sort Key: c
	        ->  Index Scan using sbtest2_pkey on sbtest2  (cost=0.43..403.52 rows=105 width=121)
	              Index Cond: ((id >= 6797100) AND (id <= 6797199))

table 3 : explain SELECT DISTINCT c FROM sbtest3 WHERE id BETWEEN 4767776 AND 4767875 ORDER BY c
	Unique  (cost=374.90..375.38 rows=97 width=121)
	  ->  Sort  (cost=374.90..375.14 rows=97 width=121)
	        Sort Key: c
	        ->  Index Scan using sbtest3_pkey on sbtest3  (cost=0.43..371.69 rows=97 width=121)
	              Index Cond: ((id >= 4767776) AND (id <= 4767875))

table 4 : explain SELECT DISTINCT c FROM sbtest4 WHERE id BETWEEN 431131 AND 431230 ORDER BY c
	Unique  (cost=383.88..384.37 rows=99 width=121)
	  ->  Sort  (cost=383.88..384.13 rows=99 width=121)
	        Sort Key: c
	        ->  Index Scan using sbtest4_pkey on sbtest4  (cost=0.43..380.60 rows=99 width=121)
	              Index Cond: ((id >= 431131) AND (id <= 431230))

table 5 : explain SELECT DISTINCT c FROM sbtest5 WHERE id BETWEEN 9867235 AND 9867334 ORDER BY c
	Unique  (cost=404.50..405.02 rows=104 width=121)
	  ->  Sort  (cost=404.50..404.76 rows=104 width=121)
	        Sort Key: c
	        ->  Index Scan using sbtest5_pkey on sbtest5  (cost=0.43..401.02 rows=104 width=121)
	              Index Cond: ((id >= 9867235) AND (id <= 9867334))

table 6 : explain SELECT DISTINCT c FROM sbtest6 WHERE id BETWEEN 4318801 AND 4318900 ORDER BY c
	Unique  (cost=364.22..364.69 rows=94 width=121)
	  ->  Sort  (cost=364.22..364.45 rows=94 width=121)
	        Sort Key: c
	        ->  Index Scan using sbtest6_pkey on sbtest6  (cost=0.43..361.14 rows=94 width=121)
	              Index Cond: ((id >= 4318801) AND (id <= 4318900))

table 7 : explain SELECT DISTINCT c FROM sbtest7 WHERE id BETWEEN 647604 AND 647703 ORDER BY c
	Unique  (cost=384.19..384.68 rows=99 width=121)
	  ->  Sort  (cost=384.19..384.43 rows=99 width=121)
	        Sort Key: c
	        ->  Index Scan using sbtest7_pkey on sbtest7  (cost=0.43..380.90 rows=99 width=121)
	              Index Cond: ((id >= 647604) AND (id <= 647703))

table 8 : explain SELECT DISTINCT c FROM sbtest8 WHERE id BETWEEN 7434492 AND 7434591 ORDER BY c
	Unique  (cost=374.27..374.75 rows=96 width=121)
	  ->  Sort  (cost=374.27..374.51 rows=96 width=121)
	        Sort Key: c
	        ->  Index Scan using sbtest8_pkey on sbtest8  (cost=0.43..371.11 rows=96 width=121)
	              Index Cond: ((id >= 7434492) AND (id <= 7434591))

for index_updates
table 1 : explain UPDATE sbtest1 SET k=k+1 WHERE id=4277697
	Update on sbtest1  (cost=0.43..8.46 rows=0 width=0)
	  ->  Index Scan using sbtest1_pkey on sbtest1  (cost=0.43..8.46 rows=1 width=10)
	        Index Cond: (id = 4277697)

table 2 : explain UPDATE sbtest2 SET k=k+1 WHERE id=1936175
	Update on sbtest2  (cost=0.43..8.46 rows=0 width=0)
	  ->  Index Scan using sbtest2_pkey on sbtest2  (cost=0.43..8.46 rows=1 width=10)
	        Index Cond: (id = 1936175)

table 3 : explain UPDATE sbtest3 SET k=k+1 WHERE id=7544527
	Update on sbtest3  (cost=0.43..8.46 rows=0 width=0)
	  ->  Index Scan using sbtest3_pkey on sbtest3  (cost=0.43..8.46 rows=1 width=10)
	        Index Cond: (id = 7544527)

table 4 : explain UPDATE sbtest4 SET k=k+1 WHERE id=7857094
	Update on sbtest4  (cost=0.43..8.46 rows=0 width=0)
	  ->  Index Scan using sbtest4_pkey on sbtest4  (cost=0.43..8.46 rows=1 width=10)
	        Index Cond: (id = 7857094)

table 5 : explain UPDATE sbtest5 SET k=k+1 WHERE id=6017947
	Update on sbtest5  (cost=0.43..8.46 rows=0 width=0)
	  ->  Index Scan using sbtest5_pkey on sbtest5  (cost=0.43..8.46 rows=1 width=10)
	        Index Cond: (id = 6017947)

table 6 : explain UPDATE sbtest6 SET k=k+1 WHERE id=4755791
	Update on sbtest6  (cost=0.43..8.46 rows=0 width=0)
	  ->  Index Scan using sbtest6_pkey on sbtest6  (cost=0.43..8.46 rows=1 width=10)
	        Index Cond: (id = 4755791)

table 7 : explain UPDATE sbtest7 SET k=k+1 WHERE id=2824761
	Update on sbtest7  (cost=0.43..8.46 rows=0 width=0)
	  ->  Index Scan using sbtest7_pkey on sbtest7  (cost=0.43..8.46 rows=1 width=10)
	        Index Cond: (id = 2824761)

table 8 : explain UPDATE sbtest8 SET k=k+1 WHERE id=3763226
	Update on sbtest8  (cost=0.43..8.46 rows=0 width=0)
	  ->  Index Scan using sbtest8_pkey on sbtest8  (cost=0.43..8.46 rows=1 width=10)
	        Index Cond: (id = 3763226)

explain: for deletes :: explain DELETE FROM sbtest%u WHERE id=%u
explain: for index_updates :: explain UPDATE sbtest%u SET k=k+1 WHERE id=%u
for point_selects
table 1 : explain SELECT c FROM sbtest1 WHERE id=8246753
	Index Scan using sbtest1_pkey on sbtest1  (cost=0.43..8.45 rows=1 width=121)
	  Index Cond: (id = 8246753)

table 2 : explain SELECT c FROM sbtest2 WHERE id=7291299
	Index Scan using sbtest2_pkey on sbtest2  (cost=0.43..8.45 rows=1 width=121)
	  Index Cond: (id = 7291299)

table 3 : explain SELECT c FROM sbtest3 WHERE id=5455063
	Index Scan using sbtest3_pkey on sbtest3  (cost=0.43..8.45 rows=1 width=121)
	  Index Cond: (id = 5455063)

table 4 : explain SELECT c FROM sbtest4 WHERE id=4885178
	Index Scan using sbtest4_pkey on sbtest4  (cost=0.43..8.45 rows=1 width=121)
	  Index Cond: (id = 4885178)

table 5 : explain SELECT c FROM sbtest5 WHERE id=3052694
	Index Scan using sbtest5_pkey on sbtest5  (cost=0.43..8.45 rows=1 width=121)
	  Index Cond: (id = 3052694)

table 6 : explain SELECT c FROM sbtest6 WHERE id=6894392
	Index Scan using sbtest6_pkey on sbtest6  (cost=0.43..8.45 rows=1 width=121)
	  Index Cond: (id = 6894392)

table 7 : explain SELECT c FROM sbtest7 WHERE id=1116288
	Index Scan using sbtest7_pkey on sbtest7  (cost=0.43..8.45 rows=1 width=121)
	  Index Cond: (id = 1116288)

table 8 : explain SELECT c FROM sbtest8 WHERE id=4427647
	Index Scan using sbtest8_pkey on sbtest8  (cost=0.43..8.45 rows=1 width=121)
	  Index Cond: (id = 4427647)

explain: for non_index_updates :: explain UPDATE sbtest%u SET c='foobar' WHERE id=%u
explain: for point_selects :: explain SELECT c FROM sbtest%u WHERE id=%u
for point_selects
table 1 : explain SELECT c FROM sbtest1 WHERE id=4327711
	Index Scan using sbtest1_pkey on sbtest1  (cost=0.43..8.45 rows=1 width=121)
	  Index Cond: (id = 4327711)

table 2 : explain SELECT c FROM sbtest2 WHERE id=7721311
	Index Scan using sbtest2_pkey on sbtest2  (cost=0.43..8.45 rows=1 width=121)
	  Index Cond: (id = 7721311)

table 3 : explain SELECT c FROM sbtest3 WHERE id=6511407
	Index Scan using sbtest3_pkey on sbtest3  (cost=0.43..8.45 rows=1 width=121)
	  Index Cond: (id = 6511407)

table 4 : explain SELECT c FROM sbtest4 WHERE id=9012948
	Index Scan using sbtest4_pkey on sbtest4  (cost=0.43..8.45 rows=1 width=121)
	  Index Cond: (id = 9012948)

table 5 : explain SELECT c FROM sbtest5 WHERE id=5130876
	Index Scan using sbtest5_pkey on sbtest5  (cost=0.43..8.45 rows=1 width=121)
	  Index Cond: (id = 5130876)

table 6 : explain SELECT c FROM sbtest6 WHERE id=6756513
	Index Scan using sbtest6_pkey on sbtest6  (cost=0.43..8.45 rows=1 width=121)
	  Index Cond: (id = 6756513)

table 7 : explain SELECT c FROM sbtest7 WHERE id=5576648
	Index Scan using sbtest7_pkey on sbtest7  (cost=0.43..8.45 rows=1 width=121)
	  Index Cond: (id = 5576648)

table 8 : explain SELECT c FROM sbtest8 WHERE id=62958
	Index Scan using sbtest8_pkey on sbtest8  (cost=0.43..8.45 rows=1 width=121)
	  Index Cond: (id = 62958)

explain: for non_index_updates :: explain UPDATE sbtest%u SET c='foobar' WHERE id=%u
explain: for inserts :: explain INSERT INTO sbtest%u (id, k, c, pad) VALUES (%u, 13, 'foobar', 'foobar')
explain: for point_selects :: explain SELECT c FROM sbtest%u WHERE id=%u
for deletes
table 1 : explain DELETE FROM sbtest1 WHERE id=8801548
	Delete on sbtest1  (cost=0.43..8.45 rows=0 width=0)
	  ->  Index Scan using sbtest1_pkey on sbtest1  (cost=0.43..8.45 rows=1 width=6)
	        Index Cond: (id = 8801548)

table 2 : explain DELETE FROM sbtest2 WHERE id=4602087
	Delete on sbtest2  (cost=0.43..8.45 rows=0 width=0)
	  ->  Index Scan using sbtest2_pkey on sbtest2  (cost=0.43..8.45 rows=1 width=6)
	        Index Cond: (id = 4602087)

table 3 : explain DELETE FROM sbtest3 WHERE id=3430312
	Delete on sbtest3  (cost=0.43..8.45 rows=0 width=0)
	  ->  Index Scan using sbtest3_pkey on sbtest3  (cost=0.43..8.45 rows=1 width=6)
	        Index Cond: (id = 3430312)

table 4 : explain DELETE FROM sbtest4 WHERE id=1242807
	Delete on sbtest4  (cost=0.43..8.45 rows=0 width=0)
	  ->  Index Scan using sbtest4_pkey on sbtest4  (cost=0.43..8.45 rows=1 width=6)
	        Index Cond: (id = 1242807)

table 5 : explain DELETE FROM sbtest5 WHERE id=4923475
	Delete on sbtest5  (cost=0.43..8.45 rows=0 width=0)
	  ->  Index Scan using sbtest5_pkey on sbtest5  (cost=0.43..8.45 rows=1 width=6)
	        Index Cond: (id = 4923475)

table 6 : explain DELETE FROM sbtest6 WHERE id=4056915
	Delete on sbtest6  (cost=0.43..8.45 rows=0 width=0)
	  ->  Index Scan using sbtest6_pkey on sbtest6  (cost=0.43..8.45 rows=1 width=6)
	        Index Cond: (id = 4056915)

table 7 : explain DELETE FROM sbtest7 WHERE id=6430073
	Delete on sbtest7  (cost=0.43..8.45 rows=0 width=0)
	  ->  Index Scan using sbtest7_pkey on sbtest7  (cost=0.43..8.45 rows=1 width=6)
	        Index Cond: (id = 6430073)

table 8 : explain DELETE FROM sbtest8 WHERE id=4435760
	Delete on sbtest8  (cost=0.43..8.45 rows=0 width=0)
	  ->  Index Scan using sbtest8_pkey on sbtest8  (cost=0.43..8.45 rows=1 width=6)
	        Index Cond: (id = 4435760)

for: distinct_ranges
table 1 : explain SELECT DISTINCT c FROM sbtest1 WHERE id BETWEEN 344552 AND 344651 ORDER BY c
	Unique  (cost=399.97..400.49 rows=103 width=121)
	  ->  Sort  (cost=399.97..400.23 rows=103 width=121)
	        Sort Key: c
	        ->  Index Scan using sbtest1_pkey on sbtest1  (cost=0.43..396.53 rows=103 width=121)
	              Index Cond: ((id >= 344552) AND (id <= 344651))

table 2 : explain SELECT DISTINCT c FROM sbtest2 WHERE id BETWEEN 3014640 AND 3014739 ORDER BY c
	Unique  (cost=380.18..380.67 rows=98 width=121)
	  ->  Sort  (cost=380.18..380.42 rows=98 width=121)
	        Sort Key: c
	        ->  Index Scan using sbtest2_pkey on sbtest2  (cost=0.43..376.94 rows=98 width=121)
	              Index Cond: ((id >= 3014640) AND (id <= 3014739))

table 3 : explain SELECT DISTINCT c FROM sbtest3 WHERE id BETWEEN 398713 AND 398812 ORDER BY c
	Unique  (cost=382.60..383.10 rows=99 width=121)
	  ->  Sort  (cost=382.60..382.85 rows=99 width=121)
	        Sort Key: c
	        ->  Index Scan using sbtest3_pkey on sbtest3  (cost=0.43..379.32 rows=99 width=121)
	              Index Cond: ((id >= 398713) AND (id <= 398812))

table 4 : explain SELECT DISTINCT c FROM sbtest4 WHERE id BETWEEN 1465102 AND 1465201 ORDER BY c
	Unique  (cost=391.55..392.06 rows=101 width=121)
	  ->  Sort  (cost=391.55..391.80 rows=101 width=121)
	        Sort Key: c
	        ->  Index Scan using sbtest4_pkey on sbtest4  (cost=0.43..388.19 rows=101 width=121)
	              Index Cond: ((id >= 1465102) AND (id <= 1465201))

table 5 : explain SELECT DISTINCT c FROM sbtest5 WHERE id BETWEEN 3700271 AND 3700370 ORDER BY c
	Unique  (cost=350.60..351.05 rows=90 width=121)
	  ->  Sort  (cost=350.60..350.83 rows=90 width=121)
	        Sort Key: c
	        ->  Index Scan using sbtest5_pkey on sbtest5  (cost=0.43..347.68 rows=90 width=121)
	              Index Cond: ((id >= 3700271) AND (id <= 3700370))

table 6 : explain SELECT DISTINCT c FROM sbtest6 WHERE id BETWEEN 3541115 AND 3541214 ORDER BY c
	Unique  (cost=391.09..391.60 rows=101 width=121)
	  ->  Sort  (cost=391.09..391.35 rows=101 width=121)
	        Sort Key: c
	        ->  Index Scan using sbtest6_pkey on sbtest6  (cost=0.43..387.73 rows=101 width=121)
	              Index Cond: ((id >= 3541115) AND (id <= 3541214))

table 7 : explain SELECT DISTINCT c FROM sbtest7 WHERE id BETWEEN 4660050 AND 4660149 ORDER BY c
	Unique  (cost=345.79..346.24 rows=89 width=121)
	  ->  Sort  (cost=345.79..346.01 rows=89 width=121)
	        Sort Key: c
	        ->  Index Scan using sbtest7_pkey on sbtest7  (cost=0.43..342.91 rows=89 width=121)
	              Index Cond: ((id >= 4660050) AND (id <= 4660149))

table 8 : explain SELECT DISTINCT c FROM sbtest8 WHERE id BETWEEN 3450989 AND 3451088 ORDER BY c
	Unique  (cost=401.32..401.83 rows=103 width=121)
	  ->  Sort  (cost=401.32..401.58 rows=103 width=121)
	        Sort Key: c
	        ->  Index Scan using sbtest8_pkey on sbtest8  (cost=0.43..397.87 rows=103 width=121)
	              Index Cond: ((id >= 3450989) AND (id <= 3451088))

explain: for point_selects :: explain SELECT c FROM sbtest%u WHERE id=%u
for: sum_ranges
table 1 : explain SELECT SUM(k) FROM sbtest1 WHERE id BETWEEN 6754173 AND 6754272
	Aggregate  (cost=404.40..404.41 rows=1 width=8)
	  ->  Index Scan using sbtest1_pkey on sbtest1  (cost=0.43..404.13 rows=105 width=4)
	        Index Cond: ((id >= 6754173) AND (id <= 6754272))

table 2 : explain SELECT SUM(k) FROM sbtest2 WHERE id BETWEEN 4944633 AND 4944732
	Aggregate  (cost=377.13..377.14 rows=1 width=8)
	  ->  Index Scan using sbtest2_pkey on sbtest2  (cost=0.43..376.88 rows=98 width=4)
	        Index Cond: ((id >= 4944633) AND (id <= 4944732))

table 3 : explain SELECT SUM(k) FROM sbtest3 WHERE id BETWEEN 4101159 AND 4101258
	Aggregate  (cost=413.63..413.64 rows=1 width=8)
	  ->  Index Scan using sbtest3_pkey on sbtest3  (cost=0.43..413.36 rows=108 width=4)
	        Index Cond: ((id >= 4101159) AND (id <= 4101258))

table 4 : explain SELECT SUM(k) FROM sbtest4 WHERE id BETWEEN 7287215 AND 7287314
	Aggregate  (cost=369.45..369.46 rows=1 width=8)
	  ->  Index Scan using sbtest4_pkey on sbtest4  (cost=0.43..369.21 rows=96 width=4)
	        Index Cond: ((id >= 7287215) AND (id <= 7287314))

table 5 : explain SELECT SUM(k) FROM sbtest5 WHERE id BETWEEN 3126023 AND 3126122
	Aggregate  (cost=408.90..408.91 rows=1 width=8)
	  ->  Index Scan using sbtest5_pkey on sbtest5  (cost=0.43..408.64 rows=106 width=4)
	        Index Cond: ((id >= 3126023) AND (id <= 3126122))

table 6 : explain SELECT SUM(k) FROM sbtest6 WHERE id BETWEEN 8681563 AND 8681662
	Aggregate  (cost=365.17..365.18 rows=1 width=8)
	  ->  Index Scan using sbtest6_pkey on sbtest6  (cost=0.43..364.93 rows=95 width=4)
	        Index Cond: ((id >= 8681563) AND (id <= 8681662))

table 7 : explain SELECT SUM(k) FROM sbtest7 WHERE id BETWEEN 1593275 AND 1593374
	Aggregate  (cost=396.41..396.42 rows=1 width=8)
	  ->  Index Scan using sbtest7_pkey on sbtest7  (cost=0.43..396.16 rows=103 width=4)
	        Index Cond: ((id >= 1593275) AND (id <= 1593374))

table 8 : explain SELECT SUM(k) FROM sbtest8 WHERE id BETWEEN 7916065 AND 7916164
	Aggregate  (cost=378.99..379.00 rows=1 width=8)
	  ->  Index Scan using sbtest8_pkey on sbtest8  (cost=0.43..378.74 rows=98 width=4)
	        Index Cond: ((id >= 7916065) AND (id <= 7916164))

for non_index_updates
table 1 : explain UPDATE sbtest1 SET c='foobar' WHERE id=1433014
	Update on sbtest1  (cost=0.43..8.45 rows=0 width=0)
	  ->  Index Scan using sbtest1_pkey on sbtest1  (cost=0.43..8.45 rows=1 width=490)
	        Index Cond: (id = 1433014)

table 2 : explain UPDATE sbtest2 SET c='foobar' WHERE id=2191840
	Update on sbtest2  (cost=0.43..8.45 rows=0 width=0)
	  ->  Index Scan using sbtest2_pkey on sbtest2  (cost=0.43..8.45 rows=1 width=490)
	        Index Cond: (id = 2191840)

table 3 : explain UPDATE sbtest3 SET c='foobar' WHERE id=3626672
	Update on sbtest3  (cost=0.43..8.45 rows=0 width=0)
	  ->  Index Scan using sbtest3_pkey on sbtest3  (cost=0.43..8.45 rows=1 width=490)
	        Index Cond: (id = 3626672)

table 4 : explain UPDATE sbtest4 SET c='foobar' WHERE id=4402162
	Update on sbtest4  (cost=0.43..8.45 rows=0 width=0)
	  ->  Index Scan using sbtest4_pkey on sbtest4  (cost=0.43..8.45 rows=1 width=490)
	        Index Cond: (id = 4402162)

table 5 : explain UPDATE sbtest5 SET c='foobar' WHERE id=9063178
	Update on sbtest5  (cost=0.43..8.45 rows=0 width=0)
	  ->  Index Scan using sbtest5_pkey on sbtest5  (cost=0.43..8.45 rows=1 width=490)
	        Index Cond: (id = 9063178)

table 6 : explain UPDATE sbtest6 SET c='foobar' WHERE id=2732398
	Update on sbtest6  (cost=0.43..8.45 rows=0 width=0)
	  ->  Index Scan using sbtest6_pkey on sbtest6  (cost=0.43..8.45 rows=1 width=490)
	        Index Cond: (id = 2732398)

table 7 : explain UPDATE sbtest7 SET c='foobar' WHERE id=4177120
	Update on sbtest7  (cost=0.43..8.45 rows=0 width=0)
	  ->  Index Scan using sbtest7_pkey on sbtest7  (cost=0.43..8.45 rows=1 width=490)
	        Index Cond: (id = 4177120)

table 8 : explain UPDATE sbtest8 SET c='foobar' WHERE id=7880433
	Update on sbtest8  (cost=0.43..8.45 rows=0 width=0)
	  ->  Index Scan using sbtest8_pkey on sbtest8  (cost=0.43..8.45 rows=1 width=490)
	        Index Cond: (id = 7880433)

for index_updates
table 1 : explain UPDATE sbtest1 SET k=k+1 WHERE id=5667966
	Update on sbtest1  (cost=0.43..8.46 rows=0 width=0)
	  ->  Index Scan using sbtest1_pkey on sbtest1  (cost=0.43..8.46 rows=1 width=10)
	        Index Cond: (id = 5667966)

table 2 : explain UPDATE sbtest2 SET k=k+1 WHERE id=2285240
	Update on sbtest2  (cost=0.43..8.46 rows=0 width=0)
	  ->  Index Scan using sbtest2_pkey on sbtest2  (cost=0.43..8.46 rows=1 width=10)
	        Index Cond: (id = 2285240)

table 3 : explain UPDATE sbtest3 SET k=k+1 WHERE id=153529
	Update on sbtest3  (cost=0.43..8.46 rows=0 width=0)
	  ->  Index Scan using sbtest3_pkey on sbtest3  (cost=0.43..8.46 rows=1 width=10)
	        Index Cond: (id = 153529)

table 4 : explain UPDATE sbtest4 SET k=k+1 WHERE id=4332803
	Update on sbtest4  (cost=0.43..8.46 rows=0 width=0)
	  ->  Index Scan using sbtest4_pkey on sbtest4  (cost=0.43..8.46 rows=1 width=10)
	        Index Cond: (id = 4332803)

table 5 : explain UPDATE sbtest5 SET k=k+1 WHERE id=6185143
	Update on sbtest5  (cost=0.43..8.46 rows=0 width=0)
	  ->  Index Scan using sbtest5_pkey on sbtest5  (cost=0.43..8.46 rows=1 width=10)
	        Index Cond: (id = 6185143)

table 6 : explain UPDATE sbtest6 SET k=k+1 WHERE id=8884675
	Update on sbtest6  (cost=0.43..8.46 rows=0 width=0)
	  ->  Index Scan using sbtest6_pkey on sbtest6  (cost=0.43..8.46 rows=1 width=10)
	        Index Cond: (id = 8884675)

table 7 : explain UPDATE sbtest7 SET k=k+1 WHERE id=2262289
	Update on sbtest7  (cost=0.43..8.46 rows=0 width=0)
	  ->  Index Scan using sbtest7_pkey on sbtest7  (cost=0.43..8.46 rows=1 width=10)
	        Index Cond: (id = 2262289)

table 8 : explain UPDATE sbtest8 SET k=k+1 WHERE id=9273815
	Update on sbtest8  (cost=0.43..8.46 rows=0 width=0)
	  ->  Index Scan using sbtest8_pkey on sbtest8  (cost=0.43..8.46 rows=1 width=10)
	        Index Cond: (id = 9273815)

explain: for point_selects :: explain SELECT c FROM sbtest%u WHERE id=%u
for: simple_ranges
table 1 : explain SELECT c FROM sbtest1 WHERE id BETWEEN 5092299 AND 5092398
	Index Scan using sbtest1_pkey on sbtest1  (cost=0.43..362.25 rows=94 width=121)
	  Index Cond: ((id >= 5092299) AND (id <= 5092398))

table 2 : explain SELECT c FROM sbtest2 WHERE id BETWEEN 4449394 AND 4449493
	Index Scan using sbtest2_pkey on sbtest2  (cost=0.43..388.33 rows=101 width=121)
	  Index Cond: ((id >= 4449394) AND (id <= 4449493))

table 3 : explain SELECT c FROM sbtest3 WHERE id BETWEEN 1971592 AND 1971691
	Index Scan using sbtest3_pkey on sbtest3  (cost=0.43..360.35 rows=94 width=121)
	  Index Cond: ((id >= 1971592) AND (id <= 1971691))

table 4 : explain SELECT c FROM sbtest4 WHERE id BETWEEN 1069545 AND 1069644
	Index Scan using sbtest4_pkey on sbtest4  (cost=0.43..354.03 rows=92 width=121)
	  Index Cond: ((id >= 1069545) AND (id <= 1069644))

table 5 : explain SELECT c FROM sbtest5 WHERE id BETWEEN 59632 AND 59731
	Index Scan using sbtest5_pkey on sbtest5  (cost=0.43..340.01 rows=88 width=121)
	  Index Cond: ((id >= 59632) AND (id <= 59731))

table 6 : explain SELECT c FROM sbtest6 WHERE id BETWEEN 3474415 AND 3474514
	Index Scan using sbtest6_pkey on sbtest6  (cost=0.43..391.52 rows=102 width=121)
	  Index Cond: ((id >= 3474415) AND (id <= 3474514))

table 7 : explain SELECT c FROM sbtest7 WHERE id BETWEEN 3244291 AND 3244390
	Index Scan using sbtest7_pkey on sbtest7  (cost=0.43..377.10 rows=98 width=121)
	  Index Cond: ((id >= 3244291) AND (id <= 3244390))

table 8 : explain SELECT c FROM sbtest8 WHERE id BETWEEN 8981871 AND 8981970
	Index Scan using sbtest8_pkey on sbtest8  (cost=0.43..413.14 rows=107 width=121)
	  Index Cond: ((id >= 8981871) AND (id <= 8981970))

for non_index_updates
table 1 : explain UPDATE sbtest1 SET c='foobar' WHERE id=6675101
	Update on sbtest1  (cost=0.43..8.45 rows=0 width=0)
	  ->  Index Scan using sbtest1_pkey on sbtest1  (cost=0.43..8.45 rows=1 width=490)
	        Index Cond: (id = 6675101)

table 2 : explain UPDATE sbtest2 SET c='foobar' WHERE id=8805129
	Update on sbtest2  (cost=0.43..8.45 rows=0 width=0)
	  ->  Index Scan using sbtest2_pkey on sbtest2  (cost=0.43..8.45 rows=1 width=490)
	        Index Cond: (id = 8805129)

table 3 : explain UPDATE sbtest3 SET c='foobar' WHERE id=6284749
	Update on sbtest3  (cost=0.43..8.45 rows=0 width=0)
	  ->  Index Scan using sbtest3_pkey on sbtest3  (cost=0.43..8.45 rows=1 width=490)
	        Index Cond: (id = 6284749)

table 4 : explain UPDATE sbtest4 SET c='foobar' WHERE id=9820873
	Update on sbtest4  (cost=0.43..8.45 rows=0 width=0)
	  ->  Index Scan using sbtest4_pkey on sbtest4  (cost=0.43..8.45 rows=1 width=490)
	        Index Cond: (id = 9820873)

table 5 : explain UPDATE sbtest5 SET c='foobar' WHERE id=8254149
	Update on sbtest5  (cost=0.43..8.45 rows=0 width=0)
	  ->  Index Scan using sbtest5_pkey on sbtest5  (cost=0.43..8.45 rows=1 width=490)
	        Index Cond: (id = 8254149)

table 6 : explain UPDATE sbtest6 SET c='foobar' WHERE id=409193
	Update on sbtest6  (cost=0.43..8.45 rows=0 width=0)
	  ->  Index Scan using sbtest6_pkey on sbtest6  (cost=0.43..8.45 rows=1 width=490)
	        Index Cond: (id = 409193)

table 7 : explain UPDATE sbtest7 SET c='foobar' WHERE id=2056357
	Update on sbtest7  (cost=0.43..8.45 rows=0 width=0)
	  ->  Index Scan using sbtest7_pkey on sbtest7  (cost=0.43..8.45 rows=1 width=490)
	        Index Cond: (id = 2056357)

table 8 : explain UPDATE sbtest8 SET c='foobar' WHERE id=7150200
	Update on sbtest8  (cost=0.43..8.45 rows=0 width=0)
	  ->  Index Scan using sbtest8_pkey on sbtest8  (cost=0.43..8.45 rows=1 width=490)
	        Index Cond: (id = 7150200)

explain: for index_updates :: explain UPDATE sbtest%u SET k=k+1 WHERE id=%u
explain: for deletes :: explain DELETE FROM sbtest%u WHERE id=%u
explain: for deletes :: explain DELETE FROM sbtest%u WHERE id=%u
for: simple_ranges
table 1 : explain SELECT c FROM sbtest1 WHERE id BETWEEN 8051384 AND 8051483
	Index Scan using sbtest1_pkey on sbtest1  (cost=0.43..366.05 rows=95 width=121)
	  Index Cond: ((id >= 8051384) AND (id <= 8051483))

table 2 : explain SELECT c FROM sbtest2 WHERE id BETWEEN 3473281 AND 3473380
	Index Scan using sbtest2_pkey on sbtest2  (cost=0.43..350.30 rows=91 width=121)
	  Index Cond: ((id >= 3473281) AND (id <= 3473380))

table 3 : explain SELECT c FROM sbtest3 WHERE id BETWEEN 4300887 AND 4300986
	Index Scan using sbtest3_pkey on sbtest3  (cost=0.43..371.69 rows=97 width=121)
	  Index Cond: ((id >= 4300887) AND (id <= 4300986))

table 4 : explain SELECT c FROM sbtest4 WHERE id BETWEEN 1064514 AND 1064613
	Index Scan using sbtest4_pkey on sbtest4  (cost=0.43..354.03 rows=92 width=121)
	  Index Cond: ((id >= 1064514) AND (id <= 1064613))

table 5 : explain SELECT c FROM sbtest5 WHERE id BETWEEN 6285183 AND 6285282
	Index Scan using sbtest5_pkey on sbtest5  (cost=0.43..416.26 rows=108 width=121)
	  Index Cond: ((id >= 6285183) AND (id <= 6285282))

table 6 : explain SELECT c FROM sbtest6 WHERE id BETWEEN 4067942 AND 4068041
	Index Scan using sbtest6_pkey on sbtest6  (cost=0.43..406.69 rows=106 width=121)
	  Index Cond: ((id >= 4067942) AND (id <= 4068041))

table 7 : explain SELECT c FROM sbtest7 WHERE id BETWEEN 3461735 AND 3461834
	Index Scan using sbtest7_pkey on sbtest7  (cost=0.43..377.10 rows=98 width=121)
	  Index Cond: ((id >= 3461735) AND (id <= 3461834))

table 8 : explain SELECT c FROM sbtest8 WHERE id BETWEEN 4091988 AND 4092087
	Index Scan using sbtest8_pkey on sbtest8  (cost=0.43..344.40 rows=89 width=121)
	  Index Cond: ((id >= 4091988) AND (id <= 4092087))

explain: for non_index_updates :: explain UPDATE sbtest%u SET c='foobar' WHERE id=%u
for: sum_ranges
table 1 : explain SELECT SUM(k) FROM sbtest1 WHERE id BETWEEN 4022616 AND 4022715
	Aggregate  (cost=377.70..377.71 rows=1 width=8)
	  ->  Index Scan using sbtest1_pkey on sbtest1  (cost=0.43..377.46 rows=98 width=4)
	        Index Cond: ((id >= 4022616) AND (id <= 4022715))

table 2 : explain SELECT SUM(k) FROM sbtest2 WHERE id BETWEEN 1398383 AND 1398482
	Aggregate  (cost=346.73..346.74 rows=1 width=8)
	  ->  Index Scan using sbtest2_pkey on sbtest2  (cost=0.43..346.51 rows=90 width=4)
	        Index Cond: ((id >= 1398383) AND (id <= 1398482))

table 3 : explain SELECT SUM(k) FROM sbtest3 WHERE id BETWEEN 3791609 AND 3791708
	Aggregate  (cost=353.01..353.02 rows=1 width=8)
	  ->  Index Scan using sbtest3_pkey on sbtest3  (cost=0.43..352.78 rows=92 width=4)
	        Index Cond: ((id >= 3791609) AND (id <= 3791708))

table 4 : explain SELECT SUM(k) FROM sbtest4 WHERE id BETWEEN 6359164 AND 6359263
	Aggregate  (cost=373.25..373.26 rows=1 width=8)
	  ->  Index Scan using sbtest4_pkey on sbtest4  (cost=0.43..373.01 rows=97 width=4)
	        Index Cond: ((id >= 6359164) AND (id <= 6359263))

table 5 : explain SELECT SUM(k) FROM sbtest5 WHERE id BETWEEN 9769396 AND 9769495
	Aggregate  (cost=363.15..363.16 rows=1 width=8)
	  ->  Index Scan using sbtest5_pkey on sbtest5  (cost=0.43..362.92 rows=94 width=4)
	        Index Cond: ((id >= 9769396) AND (id <= 9769495))

table 6 : explain SELECT SUM(k) FROM sbtest6 WHERE id BETWEEN 1328972 AND 1329071
	Aggregate  (cost=372.75..372.76 rows=1 width=8)
	  ->  Index Scan using sbtest6_pkey on sbtest6  (cost=0.43..372.51 rows=97 width=4)
	        Index Cond: ((id >= 1328972) AND (id <= 1329071))

table 7 : explain SELECT SUM(k) FROM sbtest7 WHERE id BETWEEN 8407914 AND 8408013
	Aggregate  (cost=343.13..343.14 rows=1 width=8)
	  ->  Index Scan using sbtest7_pkey on sbtest7  (cost=0.43..342.91 rows=89 width=4)
	        Index Cond: ((id >= 8407914) AND (id <= 8408013))

table 8 : explain SELECT SUM(k) FROM sbtest8 WHERE id BETWEEN 7969484 AND 7969583
	Aggregate  (cost=417.23..417.24 rows=1 width=8)
	  ->  Index Scan using sbtest8_pkey on sbtest8  (cost=0.43..416.96 rows=108 width=4)
	        Index Cond: ((id >= 7969484) AND (id <= 7969583))

for: simple_ranges
table 1 : explain SELECT c FROM sbtest1 WHERE id BETWEEN 5209673 AND 5209772
	Index Scan using sbtest1_pkey on sbtest1  (cost=0.43..388.92 rows=101 width=121)
	  Index Cond: ((id >= 5209673) AND (id <= 5209772))

table 2 : explain SELECT c FROM sbtest2 WHERE id BETWEEN 1689233 AND 1689332
	Index Scan using sbtest2_pkey on sbtest2  (cost=0.43..384.53 rows=100 width=121)
	  Index Cond: ((id >= 1689233) AND (id <= 1689332))

table 3 : explain SELECT c FROM sbtest3 WHERE id BETWEEN 2005752 AND 2005851
	Index Scan using sbtest3_pkey on sbtest3  (cost=0.43..360.35 rows=94 width=121)
	  Index Cond: ((id >= 2005752) AND (id <= 2005851))

table 4 : explain SELECT c FROM sbtest4 WHERE id BETWEEN 7101793 AND 7101892
	Index Scan using sbtest4_pkey on sbtest4  (cost=0.43..384.39 rows=100 width=121)
	  Index Cond: ((id >= 7101793) AND (id <= 7101892))

table 5 : explain SELECT c FROM sbtest5 WHERE id BETWEEN 6046325 AND 6046424
	Index Scan using sbtest5_pkey on sbtest5  (cost=0.43..389.59 rows=101 width=121)
	  Index Cond: ((id >= 6046325) AND (id <= 6046424))

table 6 : explain SELECT c FROM sbtest6 WHERE id BETWEEN 3693582 AND 3693681
	Index Scan using sbtest6_pkey on sbtest6  (cost=0.43..418.06 rows=109 width=121)
	  Index Cond: ((id >= 3693582) AND (id <= 3693681))

table 7 : explain SELECT c FROM sbtest7 WHERE id BETWEEN 6390724 AND 6390823
	Index Scan using sbtest7_pkey on sbtest7  (cost=0.43..396.16 rows=103 width=121)
	  Index Cond: ((id >= 6390724) AND (id <= 6390823))

table 8 : explain SELECT c FROM sbtest8 WHERE id BETWEEN 7254323 AND 7254422
	Index Scan using sbtest8_pkey on sbtest8  (cost=0.43..409.32 rows=106 width=121)
	  Index Cond: ((id >= 7254323) AND (id <= 7254422))

for: distinct_ranges
table 1 : explain SELECT DISTINCT c FROM sbtest1 WHERE id BETWEEN 4030248 AND 4030347 ORDER BY c
	Unique  (cost=380.70..381.19 rows=98 width=121)
	  ->  Sort  (cost=380.70..380.94 rows=98 width=121)
	        Sort Key: c
	        ->  Index Scan using sbtest1_pkey on sbtest1  (cost=0.43..377.46 rows=98 width=121)
	              Index Cond: ((id >= 4030248) AND (id <= 4030347))

table 2 : explain SELECT DISTINCT c FROM sbtest2 WHERE id BETWEEN 7358533 AND 7358632 ORDER BY c
	Unique  (cost=360.94..361.40 rows=93 width=121)
	  ->  Sort  (cost=360.94..361.17 rows=93 width=121)
	        Sort Key: c
	        ->  Index Scan using sbtest2_pkey on sbtest2  (cost=0.43..357.90 rows=93 width=121)
	              Index Cond: ((id >= 7358533) AND (id <= 7358632))

table 3 : explain SELECT DISTINCT c FROM sbtest3 WHERE id BETWEEN 7848471 AND 7848570 ORDER BY c
	Unique  (cost=409.36..409.89 rows=106 width=121)
	  ->  Sort  (cost=409.36..409.63 rows=106 width=121)
	        Sort Key: c
	        ->  Index Scan using sbtest3_pkey on sbtest3  (cost=0.43..405.80 rows=106 width=121)
	              Index Cond: ((id >= 7848471) AND (id <= 7848570))

table 4 : explain SELECT DISTINCT c FROM sbtest4 WHERE id BETWEEN 3547007 AND 3547106 ORDER BY c
	Unique  (cost=353.19..353.65 rows=91 width=121)
	  ->  Sort  (cost=353.19..353.42 rows=91 width=121)
	        Sort Key: c
	        ->  Index Scan using sbtest4_pkey on sbtest4  (cost=0.43..350.23 rows=91 width=121)
	              Index Cond: ((id >= 3547007) AND (id <= 3547106))

table 5 : explain SELECT DISTINCT c FROM sbtest5 WHERE id BETWEEN 206036 AND 206135 ORDER BY c
	Unique  (cost=366.00..366.47 rows=94 width=121)
	  ->  Sort  (cost=366.00..366.23 rows=94 width=121)
	        Sort Key: c
	        ->  Index Scan using sbtest5_pkey on sbtest5  (cost=0.43..362.92 rows=94 width=121)
	              Index Cond: ((id >= 206036) AND (id <= 206135))

table 6 : explain SELECT DISTINCT c FROM sbtest6 WHERE id BETWEEN 3346009 AND 3346108 ORDER BY c
	Unique  (cost=371.88..372.36 rows=96 width=121)
	  ->  Sort  (cost=371.88..372.12 rows=96 width=121)
	        Sort Key: c
	        ->  Index Scan using sbtest6_pkey on sbtest6  (cost=0.43..368.72 rows=96 width=121)
	              Index Cond: ((id >= 3346009) AND (id <= 3346108))

table 7 : explain SELECT DISTINCT c FROM sbtest7 WHERE id BETWEEN 804793 AND 804892 ORDER BY c
	Unique  (cost=349.63..350.08 rows=90 width=121)
	  ->  Sort  (cost=349.63..349.86 rows=90 width=121)
	        Sort Key: c
	        ->  Index Scan using sbtest7_pkey on sbtest7  (cost=0.43..346.71 rows=90 width=121)
	              Index Cond: ((id >= 804793) AND (id <= 804892))

table 8 : explain SELECT DISTINCT c FROM sbtest8 WHERE id BETWEEN 8814700 AND 8814799 ORDER BY c
	Unique  (cost=412.89..413.42 rows=106 width=121)
	  ->  Sort  (cost=412.89..413.15 rows=106 width=121)
	        Sort Key: c
	        ->  Index Scan using sbtest8_pkey on sbtest8  (cost=0.43..409.32 rows=106 width=121)
	              Index Cond: ((id >= 8814700) AND (id <= 8814799))

for deletes
table 1 : explain DELETE FROM sbtest1 WHERE id=4142487
	Delete on sbtest1  (cost=0.43..8.45 rows=0 width=0)
	  ->  Index Scan using sbtest1_pkey on sbtest1  (cost=0.43..8.45 rows=1 width=6)
	        Index Cond: (id = 4142487)

table 2 : explain DELETE FROM sbtest2 WHERE id=4547863
	Delete on sbtest2  (cost=0.43..8.45 rows=0 width=0)
	  ->  Index Scan using sbtest2_pkey on sbtest2  (cost=0.43..8.45 rows=1 width=6)
	        Index Cond: (id = 4547863)

table 3 : explain DELETE FROM sbtest3 WHERE id=2668182
	Delete on sbtest3  (cost=0.43..8.45 rows=0 width=0)
	  ->  Index Scan using sbtest3_pkey on sbtest3  (cost=0.43..8.45 rows=1 width=6)
	        Index Cond: (id = 2668182)

table 4 : explain DELETE FROM sbtest4 WHERE id=6126876
	Delete on sbtest4  (cost=0.43..8.45 rows=0 width=0)
	  ->  Index Scan using sbtest4_pkey on sbtest4  (cost=0.43..8.45 rows=1 width=6)
	        Index Cond: (id = 6126876)

table 5 : explain DELETE FROM sbtest5 WHERE id=2900519
	Delete on sbtest5  (cost=0.43..8.45 rows=0 width=0)
	  ->  Index Scan using sbtest5_pkey on sbtest5  (cost=0.43..8.45 rows=1 width=6)
	        Index Cond: (id = 2900519)

table 6 : explain DELETE FROM sbtest6 WHERE id=3079206
	Delete on sbtest6  (cost=0.43..8.45 rows=0 width=0)
	  ->  Index Scan using sbtest6_pkey on sbtest6  (cost=0.43..8.45 rows=1 width=6)
	        Index Cond: (id = 3079206)

table 7 : explain DELETE FROM sbtest7 WHERE id=7904434
	Delete on sbtest7  (cost=0.43..8.45 rows=0 width=0)
	  ->  Index Scan using sbtest7_pkey on sbtest7  (cost=0.43..8.45 rows=1 width=6)
	        Index Cond: (id = 7904434)

table 8 : explain DELETE FROM sbtest8 WHERE id=1824947
	Delete on sbtest8  (cost=0.43..8.45 rows=0 width=0)
	  ->  Index Scan using sbtest8_pkey on sbtest8  (cost=0.43..8.45 rows=1 width=6)
	        Index Cond: (id = 1824947)

for deletes
table 1 : explain DELETE FROM sbtest1 WHERE id=6682457
	Delete on sbtest1  (cost=0.43..8.45 rows=0 width=0)
	  ->  Index Scan using sbtest1_pkey on sbtest1  (cost=0.43..8.45 rows=1 width=6)
	        Index Cond: (id = 6682457)

table 2 : explain DELETE FROM sbtest2 WHERE id=4388032
	Delete on sbtest2  (cost=0.43..8.45 rows=0 width=0)
	  ->  Index Scan using sbtest2_pkey on sbtest2  (cost=0.43..8.45 rows=1 width=6)
	        Index Cond: (id = 4388032)

table 3 : explain DELETE FROM sbtest3 WHERE id=2121386
	Delete on sbtest3  (cost=0.43..8.45 rows=0 width=0)
	  ->  Index Scan using sbtest3_pkey on sbtest3  (cost=0.43..8.45 rows=1 width=6)
	        Index Cond: (id = 2121386)

table 4 : explain DELETE FROM sbtest4 WHERE id=7779988
	Delete on sbtest4  (cost=0.43..8.45 rows=0 width=0)
	  ->  Index Scan using sbtest4_pkey on sbtest4  (cost=0.43..8.45 rows=1 width=6)
	        Index Cond: (id = 7779988)

table 5 : explain DELETE FROM sbtest5 WHERE id=2904326
	Delete on sbtest5  (cost=0.43..8.45 rows=0 width=0)
	  ->  Index Scan using sbtest5_pkey on sbtest5  (cost=0.43..8.45 rows=1 width=6)
	        Index Cond: (id = 2904326)

table 6 : explain DELETE FROM sbtest6 WHERE id=7989021
	Delete on sbtest6  (cost=0.43..8.45 rows=0 width=0)
	  ->  Index Scan using sbtest6_pkey on sbtest6  (cost=0.43..8.45 rows=1 width=6)
	        Index Cond: (id = 7989021)

table 7 : explain DELETE FROM sbtest7 WHERE id=279223
	Delete on sbtest7  (cost=0.43..8.45 rows=0 width=0)
	  ->  Index Scan using sbtest7_pkey on sbtest7  (cost=0.43..8.45 rows=1 width=6)
	        Index Cond: (id = 279223)

table 8 : explain DELETE FROM sbtest8 WHERE id=6222047
	Delete on sbtest8  (cost=0.43..8.45 rows=0 width=0)
	  ->  Index Scan using sbtest8_pkey on sbtest8  (cost=0.43..8.45 rows=1 width=6)
	        Index Cond: (id = 6222047)

for index_updates
table 1 : explain UPDATE sbtest1 SET k=k+1 WHERE id=547858
	Update on sbtest1  (cost=0.43..8.46 rows=0 width=0)
	  ->  Index Scan using sbtest1_pkey on sbtest1  (cost=0.43..8.46 rows=1 width=10)
	        Index Cond: (id = 547858)

table 2 : explain UPDATE sbtest2 SET k=k+1 WHERE id=2894781
	Update on sbtest2  (cost=0.43..8.46 rows=0 width=0)
	  ->  Index Scan using sbtest2_pkey on sbtest2  (cost=0.43..8.46 rows=1 width=10)
	        Index Cond: (id = 2894781)

table 3 : explain UPDATE sbtest3 SET k=k+1 WHERE id=6600046
	Update on sbtest3  (cost=0.43..8.46 rows=0 width=0)
	  ->  Index Scan using sbtest3_pkey on sbtest3  (cost=0.43..8.46 rows=1 width=10)
	        Index Cond: (id = 6600046)

table 4 : explain UPDATE sbtest4 SET k=k+1 WHERE id=2771832
	Update on sbtest4  (cost=0.43..8.46 rows=0 width=0)
	  ->  Index Scan using sbtest4_pkey on sbtest4  (cost=0.43..8.46 rows=1 width=10)
	        Index Cond: (id = 2771832)

table 5 : explain UPDATE sbtest5 SET k=k+1 WHERE id=3861168
	Update on sbtest5  (cost=0.43..8.46 rows=0 width=0)
	  ->  Index Scan using sbtest5_pkey on sbtest5  (cost=0.43..8.46 rows=1 width=10)
	        Index Cond: (id = 3861168)

table 6 : explain UPDATE sbtest6 SET k=k+1 WHERE id=1419238
	Update on sbtest6  (cost=0.43..8.46 rows=0 width=0)
	  ->  Index Scan using sbtest6_pkey on sbtest6  (cost=0.43..8.46 rows=1 width=10)
	        Index Cond: (id = 1419238)

table 7 : explain UPDATE sbtest7 SET k=k+1 WHERE id=3778093
	Update on sbtest7  (cost=0.43..8.46 rows=0 width=0)
	  ->  Index Scan using sbtest7_pkey on sbtest7  (cost=0.43..8.46 rows=1 width=10)
	        Index Cond: (id = 3778093)

table 8 : explain UPDATE sbtest8 SET k=k+1 WHERE id=8987089
	Update on sbtest8  (cost=0.43..8.46 rows=0 width=0)
	  ->  Index Scan using sbtest8_pkey on sbtest8  (cost=0.43..8.46 rows=1 width=10)
	        Index Cond: (id = 8987089)

explain: for inserts :: explain INSERT INTO sbtest%u (id, k, c, pad) VALUES (%u, 13, 'foobar', 'foobar')
for inserts
table 1 : explain INSERT INTO sbtest1 (id, k, c, pad) VALUES (9429394, 13, 'foobar', 'foobar')
	Insert on sbtest1  (cost=0.00..0.01 rows=0 width=0)
	  ->  Result  (cost=0.00..0.01 rows=1 width=736)

table 2 : explain INSERT INTO sbtest2 (id, k, c, pad) VALUES (8773636, 13, 'foobar', 'foobar')
	Insert on sbtest2  (cost=0.00..0.01 rows=0 width=0)
	  ->  Result  (cost=0.00..0.01 rows=1 width=736)

table 3 : explain INSERT INTO sbtest3 (id, k, c, pad) VALUES (8546032, 13, 'foobar', 'foobar')
	Insert on sbtest3  (cost=0.00..0.01 rows=0 width=0)
	  ->  Result  (cost=0.00..0.01 rows=1 width=736)

table 4 : explain INSERT INTO sbtest4 (id, k, c, pad) VALUES (7471283, 13, 'foobar', 'foobar')
	Insert on sbtest4  (cost=0.00..0.01 rows=0 width=0)
	  ->  Result  (cost=0.00..0.01 rows=1 width=736)

table 5 : explain INSERT INTO sbtest5 (id, k, c, pad) VALUES (9702335, 13, 'foobar', 'foobar')
	Insert on sbtest5  (cost=0.00..0.01 rows=0 width=0)
	  ->  Result  (cost=0.00..0.01 rows=1 width=736)

table 6 : explain INSERT INTO sbtest6 (id, k, c, pad) VALUES (891904, 13, 'foobar', 'foobar')
	Insert on sbtest6  (cost=0.00..0.01 rows=0 width=0)
	  ->  Result  (cost=0.00..0.01 rows=1 width=736)

table 7 : explain INSERT INTO sbtest7 (id, k, c, pad) VALUES (2659517, 13, 'foobar', 'foobar')
	Insert on sbtest7  (cost=0.00..0.01 rows=0 width=0)
	  ->  Result  (cost=0.00..0.01 rows=1 width=736)

table 8 : explain INSERT INTO sbtest8 (id, k, c, pad) VALUES (3873350, 13, 'foobar', 'foobar')
	Insert on sbtest8  (cost=0.00..0.01 rows=0 width=0)
	  ->  Result  (cost=0.00..0.01 rows=1 width=736)

for non_index_updates
table 1 : explain UPDATE sbtest1 SET c='foobar' WHERE id=7400170
	Update on sbtest1  (cost=0.43..8.45 rows=0 width=0)
	  ->  Index Scan using sbtest1_pkey on sbtest1  (cost=0.43..8.45 rows=1 width=490)
	        Index Cond: (id = 7400170)

table 2 : explain UPDATE sbtest2 SET c='foobar' WHERE id=1585957
	Update on sbtest2  (cost=0.43..8.45 rows=0 width=0)
	  ->  Index Scan using sbtest2_pkey on sbtest2  (cost=0.43..8.45 rows=1 width=490)
	        Index Cond: (id = 1585957)

table 3 : explain UPDATE sbtest3 SET c='foobar' WHERE id=5229051
	Update on sbtest3  (cost=0.43..8.45 rows=0 width=0)
	  ->  Index Scan using sbtest3_pkey on sbtest3  (cost=0.43..8.45 rows=1 width=490)
	        Index Cond: (id = 5229051)

table 4 : explain UPDATE sbtest4 SET c='foobar' WHERE id=1384010
	Update on sbtest4  (cost=0.43..8.45 rows=0 width=0)
	  ->  Index Scan using sbtest4_pkey on sbtest4  (cost=0.43..8.45 rows=1 width=490)
	        Index Cond: (id = 1384010)

table 5 : explain UPDATE sbtest5 SET c='foobar' WHERE id=7259448
	Update on sbtest5  (cost=0.43..8.45 rows=0 width=0)
	  ->  Index Scan using sbtest5_pkey on sbtest5  (cost=0.43..8.45 rows=1 width=490)
	        Index Cond: (id = 7259448)

table 6 : explain UPDATE sbtest6 SET c='foobar' WHERE id=6666920
	Update on sbtest6  (cost=0.43..8.45 rows=0 width=0)
	  ->  Index Scan using sbtest6_pkey on sbtest6  (cost=0.43..8.45 rows=1 width=490)
	        Index Cond: (id = 6666920)

table 7 : explain UPDATE sbtest7 SET c='foobar' WHERE id=6075953
	Update on sbtest7  (cost=0.43..8.45 rows=0 width=0)
	  ->  Index Scan using sbtest7_pkey on sbtest7  (cost=0.43..8.45 rows=1 width=490)
	        Index Cond: (id = 6075953)

table 8 : explain UPDATE sbtest8 SET c='foobar' WHERE id=5849036
	Update on sbtest8  (cost=0.43..8.45 rows=0 width=0)
	  ->  Index Scan using sbtest8_pkey on sbtest8  (cost=0.43..8.45 rows=1 width=490)
	        Index Cond: (id = 5849036)

explain: for index_updates :: explain UPDATE sbtest%u SET k=k+1 WHERE id=%u
for: order_ranges
table 1 : explain SELECT c FROM sbtest1 WHERE id BETWEEN 2801994 AND 2802093 ORDER BY c
	Sort  (cost=396.13..396.38 rows=102 width=121)
	  Sort Key: c
	  ->  Index Scan using sbtest1_pkey on sbtest1  (cost=0.43..392.72 rows=102 width=121)
	        Index Cond: ((id >= 2801994) AND (id <= 2802093))

table 2 : explain SELECT c FROM sbtest2 WHERE id BETWEEN 6235306 AND 6235405 ORDER BY c
	Sort  (cost=341.75..341.97 rows=88 width=121)
	  Sort Key: c
	  ->  Index Scan using sbtest2_pkey on sbtest2  (cost=0.43..338.91 rows=88 width=121)
	        Index Cond: ((id >= 6235306) AND (id <= 6235405))

table 3 : explain SELECT c FROM sbtest3 WHERE id BETWEEN 6599303 AND 6599402 ORDER BY c
	Sort  (cost=386.42..386.67 rows=100 width=121)
	  Sort Key: c
	  ->  Index Scan using sbtest3_pkey on sbtest3  (cost=0.43..383.10 rows=100 width=121)
	        Index Cond: ((id >= 6599303) AND (id <= 6599402))

table 4 : explain SELECT c FROM sbtest4 WHERE id BETWEEN 997619 AND 997718 ORDER BY c
	Sort  (cost=357.03..357.26 rows=92 width=121)
	  Sort Key: c
	  ->  Index Scan using sbtest4_pkey on sbtest4  (cost=0.43..354.03 rows=92 width=121)
	        Index Cond: ((id >= 997619) AND (id <= 997718))

table 5 : explain SELECT c FROM sbtest5 WHERE id BETWEEN 6206950 AND 6207049 ORDER BY c
	Sort  (cost=400.65..400.91 rows=103 width=121)
	  Sort Key: c
	  ->  Index Scan using sbtest5_pkey on sbtest5  (cost=0.43..397.21 rows=103 width=121)
	        Index Cond: ((id >= 6206950) AND (id <= 6207049))

table 6 : explain SELECT c FROM sbtest6 WHERE id BETWEEN 6461086 AND 6461185 ORDER BY c
	Sort  (cost=398.76..399.02 rows=103 width=121)
	  Sort Key: c
	  ->  Index Scan using sbtest6_pkey on sbtest6  (cost=0.43..395.31 rows=103 width=121)
	        Index Cond: ((id >= 6461086) AND (id <= 6461185))

table 7 : explain SELECT c FROM sbtest7 WHERE id BETWEEN 5479046 AND 5479145 ORDER BY c
	Sort  (cost=384.19..384.43 rows=99 width=121)
	  Sort Key: c
	  ->  Index Scan using sbtest7_pkey on sbtest7  (cost=0.43..380.90 rows=99 width=121)
	        Index Cond: ((id >= 5479046) AND (id <= 5479145))

table 8 : explain SELECT c FROM sbtest8 WHERE id BETWEEN 2943722 AND 2943821 ORDER BY c
	Sort  (cost=385.89..386.14 rows=99 width=121)
	  Sort Key: c
	  ->  Index Scan using sbtest8_pkey on sbtest8  (cost=0.43..382.61 rows=99 width=121)
	        Index Cond: ((id >= 2943722) AND (id <= 2943821))

explain: for non_index_updates :: explain UPDATE sbtest%u SET c='foobar' WHERE id=%u
explain: for deletes :: explain DELETE FROM sbtest%u WHERE id=%u
explain: for inserts :: explain INSERT INTO sbtest%u (id, k, c, pad) VALUES (%u, 13, 'foobar', 'foobar')
explain: for inserts :: explain INSERT INTO sbtest%u (id, k, c, pad) VALUES (%u, 13, 'foobar', 'foobar')
for point_selects
table 1 : explain SELECT c FROM sbtest1 WHERE id=6163991
	Index Scan using sbtest1_pkey on sbtest1  (cost=0.43..8.45 rows=1 width=121)
	  Index Cond: (id = 6163991)

table 2 : explain SELECT c FROM sbtest2 WHERE id=6659261
	Index Scan using sbtest2_pkey on sbtest2  (cost=0.43..8.45 rows=1 width=121)
	  Index Cond: (id = 6659261)

table 3 : explain SELECT c FROM sbtest3 WHERE id=9103398
	Index Scan using sbtest3_pkey on sbtest3  (cost=0.43..8.45 rows=1 width=121)
	  Index Cond: (id = 9103398)

table 4 : explain SELECT c FROM sbtest4 WHERE id=7227615
	Index Scan using sbtest4_pkey on sbtest4  (cost=0.43..8.45 rows=1 width=121)
	  Index Cond: (id = 7227615)

table 5 : explain SELECT c FROM sbtest5 WHERE id=1866789
	Index Scan using sbtest5_pkey on sbtest5  (cost=0.43..8.45 rows=1 width=121)
	  Index Cond: (id = 1866789)

table 6 : explain SELECT c FROM sbtest6 WHERE id=9147703
	Index Scan using sbtest6_pkey on sbtest6  (cost=0.43..8.45 rows=1 width=121)
	  Index Cond: (id = 9147703)

table 7 : explain SELECT c FROM sbtest7 WHERE id=2647001
	Index Scan using sbtest7_pkey on sbtest7  (cost=0.43..8.45 rows=1 width=121)
	  Index Cond: (id = 2647001)

table 8 : explain SELECT c FROM sbtest8 WHERE id=7980130
	Index Scan using sbtest8_pkey on sbtest8  (cost=0.43..8.45 rows=1 width=121)
	  Index Cond: (id = 7980130)

for: sum_ranges
table 1 : explain SELECT SUM(k) FROM sbtest1 WHERE id BETWEEN 3056026 AND 3056125
	Aggregate  (cost=404.40..404.41 rows=1 width=8)
	  ->  Index Scan using sbtest1_pkey on sbtest1  (cost=0.43..404.13 rows=105 width=4)
	        Index Cond: ((id >= 3056026) AND (id <= 3056125))

table 2 : explain SELECT SUM(k) FROM sbtest2 WHERE id BETWEEN 8088376 AND 8088475
	Aggregate  (cost=380.98..380.99 rows=1 width=8)
	  ->  Index Scan using sbtest2_pkey on sbtest2  (cost=0.43..380.73 rows=99 width=4)
	        Index Cond: ((id >= 8088376) AND (id <= 8088475))

table 3 : explain SELECT SUM(k) FROM sbtest3 WHERE id BETWEEN 7972008 AND 7972107
	Aggregate  (cost=379.57..379.58 rows=1 width=8)
	  ->  Index Scan using sbtest3_pkey on sbtest3  (cost=0.43..379.32 rows=99 width=4)
	        Index Cond: ((id >= 7972008) AND (id <= 7972107))

table 4 : explain SELECT SUM(k) FROM sbtest4 WHERE id BETWEEN 5489997 AND 5490096
	Aggregate  (cost=358.06..358.07 rows=1 width=8)
	  ->  Index Scan using sbtest4_pkey on sbtest4  (cost=0.43..357.82 rows=93 width=4)
	        Index Cond: ((id >= 5489997) AND (id <= 5490096))

table 5 : explain SELECT SUM(k) FROM sbtest5 WHERE id BETWEEN 6027035 AND 6027134
	Aggregate  (cost=389.84..389.85 rows=1 width=8)
	  ->  Index Scan using sbtest5_pkey on sbtest5  (cost=0.43..389.59 rows=101 width=4)
	        Index Cond: ((id >= 6027035) AND (id <= 6027134))

table 6 : explain SELECT SUM(k) FROM sbtest6 WHERE id BETWEEN 2552522 AND 2552621
	Aggregate  (cost=357.58..357.59 rows=1 width=8)
	  ->  Index Scan using sbtest6_pkey on sbtest6  (cost=0.43..357.35 rows=93 width=4)
	        Index Cond: ((id >= 2552522) AND (id <= 2552621))

table 7 : explain SELECT SUM(k) FROM sbtest7 WHERE id BETWEEN 8818506 AND 8818605
	Aggregate  (cost=381.15..381.16 rows=1 width=8)
	  ->  Index Scan using sbtest7_pkey on sbtest7  (cost=0.43..380.90 rows=99 width=4)
	        Index Cond: ((id >= 8818506) AND (id <= 8818605))

table 8 : explain SELECT SUM(k) FROM sbtest8 WHERE id BETWEEN 7301636 AND 7301735
	Aggregate  (cost=409.59..409.60 rows=1 width=8)
	  ->  Index Scan using sbtest8_pkey on sbtest8  (cost=0.43..409.32 rows=106 width=4)
	        Index Cond: ((id >= 7301636) AND (id <= 7301735))

for inserts
table 1 : explain INSERT INTO sbtest1 (id, k, c, pad) VALUES (1159124, 13, 'foobar', 'foobar')
	Insert on sbtest1  (cost=0.00..0.01 rows=0 width=0)
	  ->  Result  (cost=0.00..0.01 rows=1 width=736)

table 2 : explain INSERT INTO sbtest2 (id, k, c, pad) VALUES (6410403, 13, 'foobar', 'foobar')
	Insert on sbtest2  (cost=0.00..0.01 rows=0 width=0)
	  ->  Result  (cost=0.00..0.01 rows=1 width=736)

table 3 : explain INSERT INTO sbtest3 (id, k, c, pad) VALUES (3129756, 13, 'foobar', 'foobar')
	Insert on sbtest3  (cost=0.00..0.01 rows=0 width=0)
	  ->  Result  (cost=0.00..0.01 rows=1 width=736)

table 4 : explain INSERT INTO sbtest4 (id, k, c, pad) VALUES (655440, 13, 'foobar', 'foobar')
	Insert on sbtest4  (cost=0.00..0.01 rows=0 width=0)
	  ->  Result  (cost=0.00..0.01 rows=1 width=736)

table 5 : explain INSERT INTO sbtest5 (id, k, c, pad) VALUES (4423877, 13, 'foobar', 'foobar')
	Insert on sbtest5  (cost=0.00..0.01 rows=0 width=0)
	  ->  Result  (cost=0.00..0.01 rows=1 width=736)

table 6 : explain INSERT INTO sbtest6 (id, k, c, pad) VALUES (7836082, 13, 'foobar', 'foobar')
	Insert on sbtest6  (cost=0.00..0.01 rows=0 width=0)
	  ->  Result  (cost=0.00..0.01 rows=1 width=736)

table 7 : explain INSERT INTO sbtest7 (id, k, c, pad) VALUES (5544208, 13, 'foobar', 'foobar')
	Insert on sbtest7  (cost=0.00..0.01 rows=0 width=0)
	  ->  Result  (cost=0.00..0.01 rows=1 width=736)

table 8 : explain INSERT INTO sbtest8 (id, k, c, pad) VALUES (23577, 13, 'foobar', 'foobar')
	Insert on sbtest8  (cost=0.00..0.01 rows=0 width=0)
	  ->  Result  (cost=0.00..0.01 rows=1 width=736)

for point_selects
table 1 : explain SELECT c FROM sbtest1 WHERE id=1543205
	Index Scan using sbtest1_pkey on sbtest1  (cost=0.43..8.45 rows=1 width=121)
	  Index Cond: (id = 1543205)

table 2 : explain SELECT c FROM sbtest2 WHERE id=952342
	Index Scan using sbtest2_pkey on sbtest2  (cost=0.43..8.45 rows=1 width=121)
	  Index Cond: (id = 952342)

table 3 : explain SELECT c FROM sbtest3 WHERE id=5321195
	Index Scan using sbtest3_pkey on sbtest3  (cost=0.43..8.45 rows=1 width=121)
	  Index Cond: (id = 5321195)

table 4 : explain SELECT c FROM sbtest4 WHERE id=7398468
	Index Scan using sbtest4_pkey on sbtest4  (cost=0.43..8.45 rows=1 width=121)
	  Index Cond: (id = 7398468)

table 5 : explain SELECT c FROM sbtest5 WHERE id=2800090
	Index Scan using sbtest5_pkey on sbtest5  (cost=0.43..8.45 rows=1 width=121)
	  Index Cond: (id = 2800090)

table 6 : explain SELECT c FROM sbtest6 WHERE id=8077672
	Index Scan using sbtest6_pkey on sbtest6  (cost=0.43..8.45 rows=1 width=121)
	  Index Cond: (id = 8077672)

table 7 : explain SELECT c FROM sbtest7 WHERE id=9273405
	Index Scan using sbtest7_pkey on sbtest7  (cost=0.43..8.45 rows=1 width=121)
	  Index Cond: (id = 9273405)

table 8 : explain SELECT c FROM sbtest8 WHERE id=8146809
	Index Scan using sbtest8_pkey on sbtest8  (cost=0.43..8.45 rows=1 width=121)
	  Index Cond: (id = 8146809)

for inserts
table 1 : explain INSERT INTO sbtest1 (id, k, c, pad) VALUES (55483, 13, 'foobar', 'foobar')
	Insert on sbtest1  (cost=0.00..0.01 rows=0 width=0)
	  ->  Result  (cost=0.00..0.01 rows=1 width=736)

table 2 : explain INSERT INTO sbtest2 (id, k, c, pad) VALUES (2948506, 13, 'foobar', 'foobar')
	Insert on sbtest2  (cost=0.00..0.01 rows=0 width=0)
	  ->  Result  (cost=0.00..0.01 rows=1 width=736)

table 3 : explain INSERT INTO sbtest3 (id, k, c, pad) VALUES (2333321, 13, 'foobar', 'foobar')
	Insert on sbtest3  (cost=0.00..0.01 rows=0 width=0)
	  ->  Result  (cost=0.00..0.01 rows=1 width=736)

table 4 : explain INSERT INTO sbtest4 (id, k, c, pad) VALUES (5494504, 13, 'foobar', 'foobar')
	Insert on sbtest4  (cost=0.00..0.01 rows=0 width=0)
	  ->  Result  (cost=0.00..0.01 rows=1 width=736)

table 5 : explain INSERT INTO sbtest5 (id, k, c, pad) VALUES (5857032, 13, 'foobar', 'foobar')
	Insert on sbtest5  (cost=0.00..0.01 rows=0 width=0)
	  ->  Result  (cost=0.00..0.01 rows=1 width=736)

table 6 : explain INSERT INTO sbtest6 (id, k, c, pad) VALUES (5961539, 13, 'foobar', 'foobar')
	Insert on sbtest6  (cost=0.00..0.01 rows=0 width=0)
	  ->  Result  (cost=0.00..0.01 rows=1 width=736)

table 7 : explain INSERT INTO sbtest7 (id, k, c, pad) VALUES (6315137, 13, 'foobar', 'foobar')
	Insert on sbtest7  (cost=0.00..0.01 rows=0 width=0)
	  ->  Result  (cost=0.00..0.01 rows=1 width=736)

table 8 : explain INSERT INTO sbtest8 (id, k, c, pad) VALUES (8282458, 13, 'foobar', 'foobar')
	Insert on sbtest8  (cost=0.00..0.01 rows=0 width=0)
	  ->  Result  (cost=0.00..0.01 rows=1 width=736)

for inserts
table 1 : explain INSERT INTO sbtest1 (id, k, c, pad) VALUES (8965535, 13, 'foobar', 'foobar')
	Insert on sbtest1  (cost=0.00..0.01 rows=0 width=0)
	  ->  Result  (cost=0.00..0.01 rows=1 width=736)

table 2 : explain INSERT INTO sbtest2 (id, k, c, pad) VALUES (1590408, 13, 'foobar', 'foobar')
	Insert on sbtest2  (cost=0.00..0.01 rows=0 width=0)
	  ->  Result  (cost=0.00..0.01 rows=1 width=736)

table 3 : explain INSERT INTO sbtest3 (id, k, c, pad) VALUES (1918014, 13, 'foobar', 'foobar')
	Insert on sbtest3  (cost=0.00..0.01 rows=0 width=0)
	  ->  Result  (cost=0.00..0.01 rows=1 width=736)

table 4 : explain INSERT INTO sbtest4 (id, k, c, pad) VALUES (7974642, 13, 'foobar', 'foobar')
	Insert on sbtest4  (cost=0.00..0.01 rows=0 width=0)
	  ->  Result  (cost=0.00..0.01 rows=1 width=736)

table 5 : explain INSERT INTO sbtest5 (id, k, c, pad) VALUES (8451608, 13, 'foobar', 'foobar')
	Insert on sbtest5  (cost=0.00..0.01 rows=0 width=0)
	  ->  Result  (cost=0.00..0.01 rows=1 width=736)

table 6 : explain INSERT INTO sbtest6 (id, k, c, pad) VALUES (4871268, 13, 'foobar', 'foobar')
	Insert on sbtest6  (cost=0.00..0.01 rows=0 width=0)
	  ->  Result  (cost=0.00..0.01 rows=1 width=736)

table 7 : explain INSERT INTO sbtest7 (id, k, c, pad) VALUES (9557374, 13, 'foobar', 'foobar')
	Insert on sbtest7  (cost=0.00..0.01 rows=0 width=0)
	  ->  Result  (cost=0.00..0.01 rows=1 width=736)

table 8 : explain INSERT INTO sbtest8 (id, k, c, pad) VALUES (6020347, 13, 'foobar', 'foobar')
	Insert on sbtest8  (cost=0.00..0.01 rows=0 width=0)
	  ->  Result  (cost=0.00..0.01 rows=1 width=736)

for index_updates
table 1 : explain UPDATE sbtest1 SET k=k+1 WHERE id=3949033
	Update on sbtest1  (cost=0.43..8.46 rows=0 width=0)
	  ->  Index Scan using sbtest1_pkey on sbtest1  (cost=0.43..8.46 rows=1 width=10)
	        Index Cond: (id = 3949033)

table 2 : explain UPDATE sbtest2 SET k=k+1 WHERE id=5605172
	Update on sbtest2  (cost=0.43..8.46 rows=0 width=0)
	  ->  Index Scan using sbtest2_pkey on sbtest2  (cost=0.43..8.46 rows=1 width=10)
	        Index Cond: (id = 5605172)

table 3 : explain UPDATE sbtest3 SET k=k+1 WHERE id=2726917
	Update on sbtest3  (cost=0.43..8.46 rows=0 width=0)
	  ->  Index Scan using sbtest3_pkey on sbtest3  (cost=0.43..8.46 rows=1 width=10)
	        Index Cond: (id = 2726917)

table 4 : explain UPDATE sbtest4 SET k=k+1 WHERE id=6360396
	Update on sbtest4  (cost=0.43..8.46 rows=0 width=0)
	  ->  Index Scan using sbtest4_pkey on sbtest4  (cost=0.43..8.46 rows=1 width=10)
	        Index Cond: (id = 6360396)

table 5 : explain UPDATE sbtest5 SET k=k+1 WHERE id=2182168
	Update on sbtest5  (cost=0.43..8.46 rows=0 width=0)
	  ->  Index Scan using sbtest5_pkey on sbtest5  (cost=0.43..8.46 rows=1 width=10)
	        Index Cond: (id = 2182168)

table 6 : explain UPDATE sbtest6 SET k=k+1 WHERE id=4373288
	Update on sbtest6  (cost=0.43..8.46 rows=0 width=0)
	  ->  Index Scan using sbtest6_pkey on sbtest6  (cost=0.43..8.46 rows=1 width=10)
	        Index Cond: (id = 4373288)

table 7 : explain UPDATE sbtest7 SET k=k+1 WHERE id=1041506
	Update on sbtest7  (cost=0.43..8.46 rows=0 width=0)
	  ->  Index Scan using sbtest7_pkey on sbtest7  (cost=0.43..8.46 rows=1 width=10)
	        Index Cond: (id = 1041506)

table 8 : explain UPDATE sbtest8 SET k=k+1 WHERE id=329440
	Update on sbtest8  (cost=0.43..8.46 rows=0 width=0)
	  ->  Index Scan using sbtest8_pkey on sbtest8  (cost=0.43..8.46 rows=1 width=10)
	        Index Cond: (id = 329440)

for: sum_ranges
table 1 : explain SELECT SUM(k) FROM sbtest1 WHERE id BETWEEN 2568114 AND 2568213
	Aggregate  (cost=373.90..373.91 rows=1 width=8)
	  ->  Index Scan using sbtest1_pkey on sbtest1  (cost=0.43..373.66 rows=97 width=4)
	        Index Cond: ((id >= 2568114) AND (id <= 2568213))

table 2 : explain SELECT SUM(k) FROM sbtest2 WHERE id BETWEEN 650546 AND 650645
	Aggregate  (cost=399.98..399.99 rows=1 width=8)
	  ->  Index Scan using sbtest2_pkey on sbtest2  (cost=0.43..399.72 rows=104 width=4)
	        Index Cond: ((id >= 650546) AND (id <= 650645))

table 3 : explain SELECT SUM(k) FROM sbtest3 WHERE id BETWEEN 7410554 AND 7410653
	Aggregate  (cost=371.94..371.95 rows=1 width=8)
	  ->  Index Scan using sbtest3_pkey on sbtest3  (cost=0.43..371.69 rows=97 width=4)
	        Index Cond: ((id >= 7410554) AND (id <= 7410653))

table 4 : explain SELECT SUM(k) FROM sbtest4 WHERE id BETWEEN 7721749 AND 7721848
	Aggregate  (cost=377.05..377.06 rows=1 width=8)
	  ->  Index Scan using sbtest4_pkey on sbtest4  (cost=0.43..376.80 rows=98 width=4)
	        Index Cond: ((id >= 7721749) AND (id <= 7721848))

table 5 : explain SELECT SUM(k) FROM sbtest5 WHERE id BETWEEN 7499310 AND 7499409
	Aggregate  (cost=393.65..393.66 rows=1 width=8)
	  ->  Index Scan using sbtest5_pkey on sbtest5  (cost=0.43..393.40 rows=102 width=4)
	        Index Cond: ((id >= 7499310) AND (id <= 7499409))

table 6 : explain SELECT SUM(k) FROM sbtest6 WHERE id BETWEEN 7116888 AND 7116987
	Aggregate  (cost=349.99..350.00 rows=1 width=8)
	  ->  Index Scan using sbtest6_pkey on sbtest6  (cost=0.43..349.76 rows=91 width=4)
	        Index Cond: ((id >= 7116888) AND (id <= 7116987))

table 7 : explain SELECT SUM(k) FROM sbtest7 WHERE id BETWEEN 7393912 AND 7394011
	Aggregate  (cost=404.02..404.03 rows=1 width=8)
	  ->  Index Scan using sbtest7_pkey on sbtest7  (cost=0.43..403.76 rows=105 width=4)
	        Index Cond: ((id >= 7393912) AND (id <= 7394011))

table 8 : explain SELECT SUM(k) FROM sbtest8 WHERE id BETWEEN 734566 AND 734665
	Aggregate  (cost=375.17..375.18 rows=1 width=8)
	  ->  Index Scan using sbtest8_pkey on sbtest8  (cost=0.43..374.93 rows=97 width=4)
	        Index Cond: ((id >= 734566) AND (id <= 734665))

for: sum_ranges
table 1 : explain SELECT SUM(k) FROM sbtest1 WHERE id BETWEEN 6679733 AND 6679832
	Aggregate  (cost=404.40..404.41 rows=1 width=8)
	  ->  Index Scan using sbtest1_pkey on sbtest1  (cost=0.43..404.13 rows=105 width=4)
	        Index Cond: ((id >= 6679733) AND (id <= 6679832))

table 2 : explain SELECT SUM(k) FROM sbtest2 WHERE id BETWEEN 1899382 AND 1899481
	Aggregate  (cost=418.98..418.99 rows=1 width=8)
	  ->  Index Scan using sbtest2_pkey on sbtest2  (cost=0.43..418.71 rows=109 width=4)
	        Index Cond: ((id >= 1899382) AND (id <= 1899481))

table 3 : explain SELECT SUM(k) FROM sbtest3 WHERE id BETWEEN 9516285 AND 9516384
	Aggregate  (cost=390.92..390.93 rows=1 width=8)
	  ->  Index Scan using sbtest3_pkey on sbtest3  (cost=0.43..390.67 rows=102 width=4)
	        Index Cond: ((id >= 9516285) AND (id <= 9516384))

table 4 : explain SELECT SUM(k) FROM sbtest4 WHERE id BETWEEN 3815770 AND 3815869
	Aggregate  (cost=377.05..377.06 rows=1 width=8)
	  ->  Index Scan using sbtest4_pkey on sbtest4  (cost=0.43..376.80 rows=98 width=4)
	        Index Cond: ((id >= 3815770) AND (id <= 3815869))

table 5 : explain SELECT SUM(k) FROM sbtest5 WHERE id BETWEEN 9849231 AND 9849330
	Aggregate  (cost=401.28..401.29 rows=1 width=8)
	  ->  Index Scan using sbtest5_pkey on sbtest5  (cost=0.43..401.02 rows=104 width=4)
	        Index Cond: ((id >= 9849231) AND (id <= 9849330))

table 6 : explain SELECT SUM(k) FROM sbtest6 WHERE id BETWEEN 4663094 AND 4663193
	Aggregate  (cost=403.16..403.17 rows=1 width=8)
	  ->  Index Scan using sbtest6_pkey on sbtest6  (cost=0.43..402.90 rows=105 width=4)
	        Index Cond: ((id >= 4663094) AND (id <= 4663193))

table 7 : explain SELECT SUM(k) FROM sbtest7 WHERE id BETWEEN 6599922 AND 6600021
	Aggregate  (cost=369.75..369.76 rows=1 width=8)
	  ->  Index Scan using sbtest7_pkey on sbtest7  (cost=0.43..369.51 rows=96 width=4)
	        Index Cond: ((id >= 6599922) AND (id <= 6600021))

table 8 : explain SELECT SUM(k) FROM sbtest8 WHERE id BETWEEN 8788493 AND 8788592
	Aggregate  (cost=409.59..409.60 rows=1 width=8)
	  ->  Index Scan using sbtest8_pkey on sbtest8  (cost=0.43..409.32 rows=106 width=4)
	        Index Cond: ((id >= 8788493) AND (id <= 8788592))

explain: for point_selects :: explain SELECT c FROM sbtest%u WHERE id=%u
for non_index_updates
table 1 : explain UPDATE sbtest1 SET c='foobar' WHERE id=5908908
	Update on sbtest1  (cost=0.43..8.45 rows=0 width=0)
	  ->  Index Scan using sbtest1_pkey on sbtest1  (cost=0.43..8.45 rows=1 width=490)
	        Index Cond: (id = 5908908)

table 2 : explain UPDATE sbtest2 SET c='foobar' WHERE id=1945269
	Update on sbtest2  (cost=0.43..8.45 rows=0 width=0)
	  ->  Index Scan using sbtest2_pkey on sbtest2  (cost=0.43..8.45 rows=1 width=490)
	        Index Cond: (id = 1945269)

table 3 : explain UPDATE sbtest3 SET c='foobar' WHERE id=7781163
	Update on sbtest3  (cost=0.43..8.45 rows=0 width=0)
	  ->  Index Scan using sbtest3_pkey on sbtest3  (cost=0.43..8.45 rows=1 width=490)
	        Index Cond: (id = 7781163)

table 4 : explain UPDATE sbtest4 SET c='foobar' WHERE id=2036986
	Update on sbtest4  (cost=0.43..8.45 rows=0 width=0)
	  ->  Index Scan using sbtest4_pkey on sbtest4  (cost=0.43..8.45 rows=1 width=490)
	        Index Cond: (id = 2036986)

table 5 : explain UPDATE sbtest5 SET c='foobar' WHERE id=1334197
	Update on sbtest5  (cost=0.43..8.45 rows=0 width=0)
	  ->  Index Scan using sbtest5_pkey on sbtest5  (cost=0.43..8.45 rows=1 width=490)
	        Index Cond: (id = 1334197)

table 6 : explain UPDATE sbtest6 SET c='foobar' WHERE id=5356918
	Update on sbtest6  (cost=0.43..8.45 rows=0 width=0)
	  ->  Index Scan using sbtest6_pkey on sbtest6  (cost=0.43..8.45 rows=1 width=490)
	        Index Cond: (id = 5356918)

table 7 : explain UPDATE sbtest7 SET c='foobar' WHERE id=8014129
	Update on sbtest7  (cost=0.43..8.45 rows=0 width=0)
	  ->  Index Scan using sbtest7_pkey on sbtest7  (cost=0.43..8.45 rows=1 width=490)
	        Index Cond: (id = 8014129)

table 8 : explain UPDATE sbtest8 SET c='foobar' WHERE id=1850975
	Update on sbtest8  (cost=0.43..8.45 rows=0 width=0)
	  ->  Index Scan using sbtest8_pkey on sbtest8  (cost=0.43..8.45 rows=1 width=490)
	        Index Cond: (id = 1850975)

for point_selects
table 1 : explain SELECT c FROM sbtest1 WHERE id=4439198
	Index Scan using sbtest1_pkey on sbtest1  (cost=0.43..8.45 rows=1 width=121)
	  Index Cond: (id = 4439198)

table 2 : explain SELECT c FROM sbtest2 WHERE id=39738
	Index Scan using sbtest2_pkey on sbtest2  (cost=0.43..8.45 rows=1 width=121)
	  Index Cond: (id = 39738)

table 3 : explain SELECT c FROM sbtest3 WHERE id=8492732
	Index Scan using sbtest3_pkey on sbtest3  (cost=0.43..8.45 rows=1 width=121)
	  Index Cond: (id = 8492732)

table 4 : explain SELECT c FROM sbtest4 WHERE id=8107699
	Index Scan using sbtest4_pkey on sbtest4  (cost=0.43..8.45 rows=1 width=121)
	  Index Cond: (id = 8107699)

table 5 : explain SELECT c FROM sbtest5 WHERE id=306558
	Index Scan using sbtest5_pkey on sbtest5  (cost=0.43..8.45 rows=1 width=121)
	  Index Cond: (id = 306558)

table 6 : explain SELECT c FROM sbtest6 WHERE id=3977122
	Index Scan using sbtest6_pkey on sbtest6  (cost=0.43..8.45 rows=1 width=121)
	  Index Cond: (id = 3977122)

table 7 : explain SELECT c FROM sbtest7 WHERE id=9254052
	Index Scan using sbtest7_pkey on sbtest7  (cost=0.43..8.45 rows=1 width=121)
	  Index Cond: (id = 9254052)

table 8 : explain SELECT c FROM sbtest8 WHERE id=3652549
	Index Scan using sbtest8_pkey on sbtest8  (cost=0.43..8.45 rows=1 width=121)
	  Index Cond: (id = 3652549)

for point_selects
table 1 : explain SELECT c FROM sbtest1 WHERE id=9250918
	Index Scan using sbtest1_pkey on sbtest1  (cost=0.43..8.45 rows=1 width=121)
	  Index Cond: (id = 9250918)

table 2 : explain SELECT c FROM sbtest2 WHERE id=8382330
	Index Scan using sbtest2_pkey on sbtest2  (cost=0.43..8.45 rows=1 width=121)
	  Index Cond: (id = 8382330)

table 3 : explain SELECT c FROM sbtest3 WHERE id=230469
	Index Scan using sbtest3_pkey on sbtest3  (cost=0.43..8.45 rows=1 width=121)
	  Index Cond: (id = 230469)

table 4 : explain SELECT c FROM sbtest4 WHERE id=7223718
	Index Scan using sbtest4_pkey on sbtest4  (cost=0.43..8.45 rows=1 width=121)
	  Index Cond: (id = 7223718)

table 5 : explain SELECT c FROM sbtest5 WHERE id=3909476
	Index Scan using sbtest5_pkey on sbtest5  (cost=0.43..8.45 rows=1 width=121)
	  Index Cond: (id = 3909476)

table 6 : explain SELECT c FROM sbtest6 WHERE id=4562279
	Index Scan using sbtest6_pkey on sbtest6  (cost=0.43..8.45 rows=1 width=121)
	  Index Cond: (id = 4562279)

table 7 : explain SELECT c FROM sbtest7 WHERE id=2239712
	Index Scan using sbtest7_pkey on sbtest7  (cost=0.43..8.45 rows=1 width=121)
	  Index Cond: (id = 2239712)

table 8 : explain SELECT c FROM sbtest8 WHERE id=7252894
	Index Scan using sbtest8_pkey on sbtest8  (cost=0.43..8.45 rows=1 width=121)
	  Index Cond: (id = 7252894)

explain: for deletes :: explain DELETE FROM sbtest%u WHERE id=%u
explain: for non_index_updates :: explain UPDATE sbtest%u SET c='foobar' WHERE id=%u
for deletes
table 1 : explain DELETE FROM sbtest1 WHERE id=9160949
	Delete on sbtest1  (cost=0.43..8.45 rows=0 width=0)
	  ->  Index Scan using sbtest1_pkey on sbtest1  (cost=0.43..8.45 rows=1 width=6)
	        Index Cond: (id = 9160949)

table 2 : explain DELETE FROM sbtest2 WHERE id=7792270
	Delete on sbtest2  (cost=0.43..8.45 rows=0 width=0)
	  ->  Index Scan using sbtest2_pkey on sbtest2  (cost=0.43..8.45 rows=1 width=6)
	        Index Cond: (id = 7792270)

table 3 : explain DELETE FROM sbtest3 WHERE id=7606003
	Delete on sbtest3  (cost=0.43..8.45 rows=0 width=0)
	  ->  Index Scan using sbtest3_pkey on sbtest3  (cost=0.43..8.45 rows=1 width=6)
	        Index Cond: (id = 7606003)

table 4 : explain DELETE FROM sbtest4 WHERE id=9986008
	Delete on sbtest4  (cost=0.43..8.45 rows=0 width=0)
	  ->  Index Scan using sbtest4_pkey on sbtest4  (cost=0.43..8.45 rows=1 width=6)
	        Index Cond: (id = 9986008)

table 5 : explain DELETE FROM sbtest5 WHERE id=2654632
	Delete on sbtest5  (cost=0.43..8.45 rows=0 width=0)
	  ->  Index Scan using sbtest5_pkey on sbtest5  (cost=0.43..8.45 rows=1 width=6)
	        Index Cond: (id = 2654632)

table 6 : explain DELETE FROM sbtest6 WHERE id=2954273
	Delete on sbtest6  (cost=0.43..8.45 rows=0 width=0)
	  ->  Index Scan using sbtest6_pkey on sbtest6  (cost=0.43..8.45 rows=1 width=6)
	        Index Cond: (id = 2954273)

table 7 : explain DELETE FROM sbtest7 WHERE id=3471334
	Delete on sbtest7  (cost=0.43..8.45 rows=0 width=0)
	  ->  Index Scan using sbtest7_pkey on sbtest7  (cost=0.43..8.45 rows=1 width=6)
	        Index Cond: (id = 3471334)

table 8 : explain DELETE FROM sbtest8 WHERE id=3988321
	Delete on sbtest8  (cost=0.43..8.45 rows=0 width=0)
	  ->  Index Scan using sbtest8_pkey on sbtest8  (cost=0.43..8.45 rows=1 width=6)
	        Index Cond: (id = 3988321)

for: distinct_ranges
table 1 : explain SELECT DISTINCT c FROM sbtest1 WHERE id BETWEEN 9944634 AND 9944733 ORDER BY c
	Unique  (cost=380.70..381.19 rows=98 width=121)
	  ->  Sort  (cost=380.70..380.94 rows=98 width=121)
	        Sort Key: c
	        ->  Index Scan using sbtest1_pkey on sbtest1  (cost=0.43..377.46 rows=98 width=121)
	              Index Cond: ((id >= 9944634) AND (id <= 9944733))

table 2 : explain SELECT DISTINCT c FROM sbtest2 WHERE id BETWEEN 2534730 AND 2534829 ORDER BY c
	Unique  (cost=403.20..403.72 rows=104 width=121)
	  ->  Sort  (cost=403.20..403.46 rows=104 width=121)
	        Sort Key: c
	        ->  Index Scan using sbtest2_pkey on sbtest2  (cost=0.43..399.72 rows=104 width=121)
	              Index Cond: ((id >= 2534730) AND (id <= 2534829))

table 3 : explain SELECT DISTINCT c FROM sbtest3 WHERE id BETWEEN 1608376 AND 1608475 ORDER BY c
	Unique  (cost=371.07..371.55 rows=96 width=121)
	  ->  Sort  (cost=371.07..371.31 rows=96 width=121)
	        Sort Key: c
	        ->  Index Scan using sbtest3_pkey on sbtest3  (cost=0.43..367.91 rows=96 width=121)
	              Index Cond: ((id >= 1608376) AND (id <= 1608475))

table 4 : explain SELECT DISTINCT c FROM sbtest4 WHERE id BETWEEN 2334436 AND 2334535 ORDER BY c
	Unique  (cost=368.54..369.01 rows=95 width=121)
	  ->  Sort  (cost=368.54..368.77 rows=95 width=121)
	        Sort Key: c
	        ->  Index Scan using sbtest4_pkey on sbtest4  (cost=0.43..365.41 rows=95 width=121)
	              Index Cond: ((id >= 2334436) AND (id <= 2334535))

table 5 : explain SELECT DISTINCT c FROM sbtest5 WHERE id BETWEEN 8524457 AND 8524556 ORDER BY c
	Unique  (cost=369.85..370.32 rows=95 width=121)
	  ->  Sort  (cost=369.85..370.09 rows=95 width=121)
	        Sort Key: c
	        ->  Index Scan using sbtest5_pkey on sbtest5  (cost=0.43..366.73 rows=95 width=121)
	              Index Cond: ((id >= 8524457) AND (id <= 8524556))

table 6 : explain SELECT DISTINCT c FROM sbtest6 WHERE id BETWEEN 7985708 AND 7985807 ORDER BY c
	Unique  (cost=394.93..395.44 rows=102 width=121)
	  ->  Sort  (cost=394.93..395.18 rows=102 width=121)
	        Sort Key: c
	        ->  Index Scan using sbtest6_pkey on sbtest6  (cost=0.43..391.52 rows=102 width=121)
	              Index Cond: ((id >= 7985708) AND (id <= 7985807))

table 7 : explain SELECT DISTINCT c FROM sbtest7 WHERE id BETWEEN 6240363 AND 6240462 ORDER BY c
	Unique  (cost=384.19..384.68 rows=99 width=121)
	  ->  Sort  (cost=384.19..384.43 rows=99 width=121)
	        Sort Key: c
	        ->  Index Scan using sbtest7_pkey on sbtest7  (cost=0.43..380.90 rows=99 width=121)
	              Index Cond: ((id >= 6240363) AND (id <= 6240462))

table 8 : explain SELECT DISTINCT c FROM sbtest8 WHERE id BETWEEN 9019052 AND 9019151 ORDER BY c
	Unique  (cost=416.75..417.28 rows=107 width=121)
	  ->  Sort  (cost=416.75..417.01 rows=107 width=121)
	        Sort Key: c
	        ->  Index Scan using sbtest8_pkey on sbtest8  (cost=0.43..413.14 rows=107 width=121)
	              Index Cond: ((id >= 9019052) AND (id <= 9019151))

for: simple_ranges
table 1 : explain SELECT c FROM sbtest1 WHERE id BETWEEN 7199897 AND 7199996
	Index Scan using sbtest1_pkey on sbtest1  (cost=0.43..354.64 rows=92 width=121)
	  Index Cond: ((id >= 7199897) AND (id <= 7199996))

table 2 : explain SELECT c FROM sbtest2 WHERE id BETWEEN 5815764 AND 5815863
	Index Scan using sbtest2_pkey on sbtest2  (cost=0.43..403.52 rows=105 width=121)
	  Index Cond: ((id >= 5815764) AND (id <= 5815863))

table 3 : explain SELECT c FROM sbtest3 WHERE id BETWEEN 6959331 AND 6959430
	Index Scan using sbtest3_pkey on sbtest3  (cost=0.43..352.78 rows=92 width=121)
	  Index Cond: ((id >= 6959331) AND (id <= 6959430))

table 4 : explain SELECT c FROM sbtest4 WHERE id BETWEEN 2353346 AND 2353445
	Index Scan using sbtest4_pkey on sbtest4  (cost=0.43..365.41 rows=95 width=121)
	  Index Cond: ((id >= 2353346) AND (id <= 2353445))

table 5 : explain SELECT c FROM sbtest5 WHERE id BETWEEN 2587708 AND 2587807
	Index Scan using sbtest5_pkey on sbtest5  (cost=0.43..408.64 rows=106 width=121)
	  Index Cond: ((id >= 2587708) AND (id <= 2587807))

table 6 : explain SELECT c FROM sbtest6 WHERE id BETWEEN 4260950 AND 4261049
	Index Scan using sbtest6_pkey on sbtest6  (cost=0.43..387.73 rows=101 width=121)
	  Index Cond: ((id >= 4260950) AND (id <= 4261049))

table 7 : explain SELECT c FROM sbtest7 WHERE id BETWEEN 5452672 AND 5452771
	Index Scan using sbtest7_pkey on sbtest7  (cost=0.43..380.90 rows=99 width=121)
	  Index Cond: ((id >= 5452672) AND (id <= 5452771))

table 8 : explain SELECT c FROM sbtest8 WHERE id BETWEEN 1285409 AND 1285508
	Index Scan using sbtest8_pkey on sbtest8  (cost=0.43..405.51 rows=105 width=121)
	  Index Cond: ((id >= 1285409) AND (id <= 1285508))

explain: for point_selects :: explain SELECT c FROM sbtest%u WHERE id=%u
for point_selects
table 1 : explain SELECT c FROM sbtest1 WHERE id=7536707
	Index Scan using sbtest1_pkey on sbtest1  (cost=0.43..8.45 rows=1 width=121)
	  Index Cond: (id = 7536707)

table 2 : explain SELECT c FROM sbtest2 WHERE id=9815538
	Index Scan using sbtest2_pkey on sbtest2  (cost=0.43..8.45 rows=1 width=121)
	  Index Cond: (id = 9815538)

table 3 : explain SELECT c FROM sbtest3 WHERE id=6172391
	Index Scan using sbtest3_pkey on sbtest3  (cost=0.43..8.45 rows=1 width=121)
	  Index Cond: (id = 6172391)

table 4 : explain SELECT c FROM sbtest4 WHERE id=3426989
	Index Scan using sbtest4_pkey on sbtest4  (cost=0.43..8.45 rows=1 width=121)
	  Index Cond: (id = 3426989)

table 5 : explain SELECT c FROM sbtest5 WHERE id=2500826
	Index Scan using sbtest5_pkey on sbtest5  (cost=0.43..8.45 rows=1 width=121)
	  Index Cond: (id = 2500826)

table 6 : explain SELECT c FROM sbtest6 WHERE id=867527
	Index Scan using sbtest6_pkey on sbtest6  (cost=0.43..8.45 rows=1 width=121)
	  Index Cond: (id = 867527)

table 7 : explain SELECT c FROM sbtest7 WHERE id=5811126
	Index Scan using sbtest7_pkey on sbtest7  (cost=0.43..8.45 rows=1 width=121)
	  Index Cond: (id = 5811126)

table 8 : explain SELECT c FROM sbtest8 WHERE id=2267529
	Index Scan using sbtest8_pkey on sbtest8  (cost=0.43..8.45 rows=1 width=121)
	  Index Cond: (id = 2267529)

explain: for point_selects :: explain SELECT c FROM sbtest%u WHERE id=%u
explain: for point_selects :: explain SELECT c FROM sbtest%u WHERE id=%ufor: sum_ranges
table 1 : explain SELECT SUM(k) FROM sbtest1 WHERE id BETWEEN 7944902 AND 7945001
	Aggregate  (cost=381.51..381.52 rows=1 width=8)
	  ->  Index Scan using sbtest1_pkey on sbtest1  (cost=0.43..381.26 rows=99 width=4)
	        Index Cond: ((id >= 7944902) AND (id <= 7945001))

table 2 : explain SELECT SUM(k) FROM sbtest2 WHERE id BETWEEN 8236100 AND 8236199
	Aggregate  (cost=388.58..388.59 rows=1 width=8)
	  ->  Index Scan using sbtest2_pkey on sbtest2  (cost=0.43..388.33 rows=101 width=4)
	        Index Cond: ((id >= 8236100) AND (id <= 8236199))

table 3 : explain SELECT SUM(k) FROM sbtest3 WHERE id BETWEEN 6293220 AND 6293319
	Aggregate  (cost=364.37..364.38 rows=1 width=8)
	  ->  Index Scan using sbtest3_pkey on sbtest3  (cost=0.43..364.13 rows=95 width=4)
	        Index Cond: ((id >= 6293220) AND (id <= 6293319))

table 4 : explain SELECT SUM(k) FROM sbtest4 WHERE id BETWEEN 2835963 AND 2836062
	Aggregate  (cost=342.81..342.82 rows=1 width=8)
	  ->  Index Scan using sbtest4_pkey on sbtest4  (cost=0.43..342.58 rows=89 width=4)
	        Index Cond: ((id >= 2835963) AND (id <= 2836062))

table 5 : explain SELECT SUM(k) FROM sbtest5 WHERE id BETWEEN 9338654 AND 9338753
	Aggregate  (cost=439.40..439.41 rows=1 width=8)
	  ->  Index Scan using sbtest5_pkey on sbtest5  (cost=0.43..439.11 rows=114 width=4)
	        Index Cond: ((id >= 9338654) AND (id <= 9338753))

table 6 : explain SELECT SUM(k) FROM sbtest6 WHERE id BETWEEN 8364472 AND 8364571
	Aggregate  (cost=376.60..376.61 rows=1 width=8)
	  ->  Index Scan using sbtest6_pkey on sbtest6  (cost=0.43..376.36 rows=98 width=4)
	        Index Cond: ((id >= 8364472) AND (id <= 8364571))

table 7 : explain SELECT SUM(k) FROM sbtest7 WHERE id BETWEEN 9272675 AND 9272774
	Aggregate  (cost=358.34..358.35 rows=1 width=8)
	  ->  Index Scan using sbtest7_pkey on sbtest7  (cost=0.43..358.11 rows=93 width=4)
	        Index Cond: ((id >= 9272675) AND (id <= 9272774))

table 8 : explain SELECT SUM(k) FROM sbtest8 WHERE id BETWEEN 451612 AND 451711
	Aggregate  (cost=394.31..394.32 rows=1 width=8)
	  ->  Index Scan using sbtest8_pkey on sbtest8  (cost=0.43..394.06 rows=102 width=4)
	        Index Cond: ((id >= 451612) AND (id <= 451711))
for: simple_ranges
table 1 : explain SELECT c FROM sbtest1 WHERE id BETWEEN 7756001 AND 7756100
	Index Scan using sbtest1_pkey on sbtest1  (cost=0.43..366.05 rows=95 width=121)
	  Index Cond: ((id >= 7756001) AND (id <= 7756100))

table 2 : explain SELECT c FROM sbtest2 WHERE id BETWEEN 4184913 AND 4185012
	Index Scan using sbtest2_pkey on sbtest2  (cost=0.43..373.08 rows=97 width=121)
	  Index Cond: ((id >= 4184913) AND (id <= 4185012))

table 3 : explain SELECT c FROM sbtest3 WHERE id BETWEEN 738511 AND 738610
	Index Scan using sbtest3_pkey on sbtest3  (cost=0.43..379.32 rows=99 width=121)
	  Index Cond: ((id >= 738511) AND (id <= 738610))

table 4 : explain SELECT c FROM sbtest4 WHERE id BETWEEN 1740194 AND 1740293
	Index Scan using sbtest4_pkey on sbtest4  (cost=0.43..433.74 rows=113 width=121)
	  Index Cond: ((id >= 1740194) AND (id <= 1740293))

table 5 : explain SELECT c FROM sbtest5 WHERE id BETWEEN 518976 AND 519075
	Index Scan using sbtest5_pkey on sbtest5  (cost=0.43..374.35 rows=97 width=121)
	  Index Cond: ((id >= 518976) AND (id <= 519075))

table 6 : explain SELECT c FROM sbtest6 WHERE id BETWEEN 55104 AND 55203
	Index Scan using sbtest6_pkey on sbtest6  (cost=0.43..361.14 rows=94 width=121)
	  Index Cond: ((id >= 55104) AND (id <= 55203))

table 7 : explain SELECT c FROM sbtest7 WHERE id BETWEEN 8679924 AND 8680023
	Index Scan using sbtest7_pkey on sbtest7  (cost=0.43..377.10 rows=98 width=121)
	  Index Cond: ((id >= 8679924) AND (id <= 8680023))

table 8 : explain SELECT c FROM sbtest8 WHERE id BETWEEN 6221489 AND 6221588
	Index Scan using sbtest8_pkey on sbtest8  (cost=0.43..378.74 rows=98 width=121)
	  Index Cond: ((id >= 6221489) AND (id <= 6221588))


for deletes
table 1 : explain DELETE FROM sbtest1 WHERE id=5346104
	Delete on sbtest1  (cost=0.43..8.45 rows=0 width=0)
	  ->  Index Scan using sbtest1_pkey on sbtest1  (cost=0.43..8.45 rows=1 width=6)
	        Index Cond: (id = 5346104)

table 2 : explain DELETE FROM sbtest2 WHERE id=7172595
	Delete on sbtest2  (cost=0.43..8.45 rows=0 width=0)
	  ->  Index Scan using sbtest2_pkey on sbtest2  (cost=0.43..8.45 rows=1 width=6)
	        Index Cond: (id = 7172595)

table 3 : explain DELETE FROM sbtest3 WHERE id=5521732
	Delete on sbtest3  (cost=0.43..8.45 rows=0 width=0)
	  ->  Index Scan using sbtest3_pkey on sbtest3  (cost=0.43..8.45 rows=1 width=6)
	        Index Cond: (id = 5521732)

table 4 : explain DELETE FROM sbtest4 WHERE id=5433927
	Delete on sbtest4  (cost=0.43..8.45 rows=0 width=0)
	  ->  Index Scan using sbtest4_pkey on sbtest4  (cost=0.43..8.45 rows=1 width=6)
	        Index Cond: (id = 5433927)

table 5 : explain DELETE FROM sbtest5 WHERE id=1139144
	Delete on sbtest5  (cost=0.43..8.45 rows=0 width=0)
	  ->  Index Scan using sbtest5_pkey on sbtest5  (cost=0.43..8.45 rows=1 width=6)
	        Index Cond: (id = 1139144)

table 6 : explain DELETE FROM sbtest6 WHERE id=8078324
	Delete on sbtest6  (cost=0.43..8.45 rows=0 width=0)
	  ->  Index Scan using sbtest6_pkey on sbtest6  (cost=0.43..8.45 rows=1 width=6)
	        Index Cond: (id = 8078324)

table 7 : explain DELETE FROM sbtest7 WHERE id=2132519
	Delete on sbtest7  (cost=0.43..8.45 rows=0 width=0)
	  ->  Index Scan using sbtest7_pkey on sbtest7  (cost=0.43..8.45 rows=1 width=6)
	        Index Cond: (id = 2132519)

table 8 : explain DELETE FROM sbtest8 WHERE id=2440688
	Delete on sbtest8  (cost=0.43..8.45 rows=0 width=0)
	  ->  Index Scan using sbtest8_pkey on sbtest8  (cost=0.43..8.45 rows=1 width=6)
	        Index Cond: (id = 2440688)


for: order_ranges
table 1 : explain SELECT c FROM sbtest1 WHERE id BETWEEN 4033312 AND 4033411 ORDER BY c
	Sort  (cost=380.70..380.94 rows=98 width=121)
	  Sort Key: c
	  ->  Index Scan using sbtest1_pkey on sbtest1  (cost=0.43..377.46 rows=98 width=121)
	        Index Cond: ((id >= 4033312) AND (id <= 4033411))

table 2 : explain SELECT c FROM sbtest2 WHERE id BETWEEN 8915923 AND 8916022 ORDER BY c
	Sort  (cost=372.45..372.69 rows=96 width=121)
	  Sort Key: c
	  ->  Index Scan using sbtest2_pkey on sbtest2  (cost=0.43..369.29 rows=96 width=121)
	        Index Cond: ((id >= 8915923) AND (id <= 8916022))

table 3 : explain SELECT c FROM sbtest3 WHERE id BETWEEN 4252388 AND 4252487 ORDER BY c
	Sort  (cost=363.43..363.66 rows=94 width=121)
	  Sort Key: c
	  ->  Index Scan using sbtest3_pkey on sbtest3  (cost=0.43..360.35 rows=94 width=121)
	        Index Cond: ((id >= 4252388) AND (id <= 4252487))

table 4 : explain SELECT c FROM sbtest4 WHERE id BETWEEN 2115465 AND 2115564 ORDER BY c
	Sort  (cost=387.71..387.96 rows=100 width=121)
	  Sort Key: c
	  ->  Index Scan using sbtest4_pkey on sbtest4  (cost=0.43..384.39 rows=100 width=121)
	        Index Cond: ((id >= 2115465) AND (id <= 2115564))

table 5 : explain SELECT c FROM sbtest5 WHERE id BETWEEN 6916689 AND 6916788 ORDER BY c
	Sort  (cost=400.65..400.91 rows=103 width=121)
	  Sort Key: c
	  ->  Index Scan using sbtest5_pkey on sbtest5  (cost=0.43..397.21 rows=103 width=121)
	        Index Cond: ((id >= 6916689) AND (id <= 6916788))

table 6 : explain SELECT c FROM sbtest6 WHERE id BETWEEN 242689 AND 242788 ORDER BY c
	Sort  (cost=410.25..410.52 rows=106 width=121)
	  Sort Key: c
	  ->  Index Scan using sbtest6_pkey on sbtest6  (cost=0.43..406.69 rows=106 width=121)
	        Index Cond: ((id >= 242689) AND (id <= 242788))

table 7 : explain SELECT c FROM sbtest7 WHERE id BETWEEN 2437004 AND 2437103 ORDER BY c
	Sort  (cost=418.80..419.07 rows=108 width=121)
	  Sort Key: c
	  ->  Index Scan using sbtest7_pkey on sbtest7  (cost=0.43..415.15 rows=108 width=121)
	        Index Cond: ((id >= 2437004) AND (id <= 2437103))

table 8 : explain SELECT c FROM sbtest8 WHERE id BETWEEN 9972511 AND 9972610 ORDER BY c
	Sort  (cost=389.75..390.00 rows=100 width=121)
	  Sort Key: c
	  ->  Index Scan using sbtest8_pkey on sbtest8  (cost=0.43..386.43 rows=100 width=121)
	        Index Cond: ((id >= 9972511) AND (id <= 9972610))

explain: for index_updates :: explain UPDATE sbtest%u SET k=k+1 WHERE id=%ufor: order_ranges
table 1 : explain SELECT c FROM sbtest1 WHERE id BETWEEN 7274319 AND 7274418 ORDER BY c
	Sort  (cost=380.70..380.94 rows=98 width=121)
	  Sort Key: c
	  ->  Index Scan using sbtest1_pkey on sbtest1  (cost=0.43..377.46 rows=98 width=121)
	        Index Cond: ((id >= 7274319) AND (id <= 7274418))

table 2 : explain SELECT c FROM sbtest2 WHERE id BETWEEN 7814558 AND 7814657 ORDER BY c
	Sort  (cost=380.18..380.42 rows=98 width=121)
	  Sort Key: c
	  ->  Index Scan using sbtest2_pkey on sbtest2  (cost=0.43..376.94 rows=98 width=121)
	        Index Cond: ((id >= 7814558) AND (id <= 7814657))

table 3 : explain SELECT c FROM sbtest3 WHERE id BETWEEN 6879471 AND 6879570 ORDER BY c
	Sort  (cost=413.19..413.45 rows=107 width=121)
	  Sort Key: c
	  ->  Index Scan using sbtest3_pkey on sbtest3  (cost=0.43..409.58 rows=107 width=121)
	        Index Cond: ((id >= 6879471) AND (id <= 6879570))

table 4 : explain SELECT c FROM sbtest4 WHERE id BETWEEN 3766403 AND 3766502 ORDER BY c
	Sort  (cost=403.06..403.32 rows=104 width=121)
	  Sort Key: c
	  ->  Index Scan using sbtest4_pkey on sbtest4  (cost=0.43..399.58 rows=104 width=121)
	        Index Cond: ((id >= 3766403) AND (id <= 3766502))

table 5 : explain SELECT c FROM sbtest5 WHERE id BETWEEN 9113290 AND 9113389 ORDER BY c
	Sort  (cost=404.50..404.76 rows=104 width=121)
	  Sort Key: c
	  ->  Index Scan using sbtest5_pkey on sbtest5  (cost=0.43..401.02 rows=104 width=121)
	        Index Cond: ((id >= 9113290) AND (id <= 9113389))

table 6 : explain SELECT c FROM sbtest6 WHERE id BETWEEN 725156 AND 725255 ORDER BY c
	Sort  (cost=433.25..433.53 rows=112 width=121)
	  Sort Key: c
	  ->  Index Scan using sbtest6_pkey on sbtest6  (cost=0.43..429.43 rows=112 width=121)
	        Index Cond: ((id >= 725156) AND (id <= 725255))

table 7 : explain SELECT c FROM sbtest7 WHERE id BETWEEN 4288737 AND 4288836 ORDER BY c
	Sort  (cost=368.83..369.06 rows=95 width=121)
	  Sort Key: c
	  ->  Index Scan using sbtest7_pkey on sbtest7  (cost=0.43..365.71 rows=95 width=121)
	        Index Cond: ((id >= 4288737) AND (id <= 4288836))

table 8 : explain SELECT c FROM sbtest8 WHERE id BETWEEN 1622471 AND 1622570 ORDER BY c
	Sort  (cost=393.60..393.86 rows=101 width=121)
	  Sort Key: c
	  ->  Index Scan using sbtest8_pkey on sbtest8  (cost=0.43..390.24 rows=101 width=121)
	        Index Cond: ((id >= 1622471) AND (id <= 1622570))


for non_index_updates
table 1 : explain UPDATE sbtest1 SET c='foobar' WHERE id=763626
	Update on sbtest1  (cost=0.43..8.45 rows=0 width=0)
	  ->  Index Scan using sbtest1_pkey on sbtest1  (cost=0.43..8.45 rows=1 width=490)
	        Index Cond: (id = 763626)

table 2 : explain UPDATE sbtest2 SET c='foobar' WHERE id=6303344
	Update on sbtest2  (cost=0.43..8.45 rows=0 width=0)
	  ->  Index Scan using sbtest2_pkey on sbtest2  (cost=0.43..8.45 rows=1 width=490)
	        Index Cond: (id = 6303344)

table 3 : explain UPDATE sbtest3 SET c='foobar' WHERE id=9521181
	Update on sbtest3  (cost=0.43..8.45 rows=0 width=0)
	  ->  Index Scan using sbtest3_pkey on sbtest3  (cost=0.43..8.45 rows=1 width=490)
	        Index Cond: (id = 9521181)

table 4 : explain UPDATE sbtest4 SET c='foobar' WHERE id=5601286
	Update on sbtest4  (cost=0.43..8.45 rows=0 width=0)
	  ->  Index Scan using sbtest4_pkey on sbtest4  (cost=0.43..8.45 rows=1 width=490)
	        Index Cond: (id = 5601286)

table 5 : explain UPDATE sbtest5 SET c='foobar' WHERE id=8891474
	Update on sbtest5  (cost=0.43..8.45 rows=0 width=0)
	  ->  Index Scan using sbtest5_pkey on sbtest5  (cost=0.43..8.45 rows=1 width=490)
	        Index Cond: (id = 8891474)

table 6 : explain UPDATE sbtest6 SET c='foobar' WHERE id=4458274
	Update on sbtest6  (cost=0.43..8.45 rows=0 width=0)
	  ->  Index Scan using sbtest6_pkey on sbtest6  (cost=0.43..8.45 rows=1 width=490)
	        Index Cond: (id = 4458274)

table 7 : explain UPDATE sbtest7 SET c='foobar' WHERE id=5935072
	Update on sbtest7  (cost=0.43..8.45 rows=0 width=0)
	  ->  Index Scan using sbtest7_pkey on sbtest7  (cost=0.43..8.45 rows=1 width=490)
	        Index Cond: (id = 5935072)

table 8 : explain UPDATE sbtest8 SET c='foobar' WHERE id=6477850
	Update on sbtest8  (cost=0.43..8.45 rows=0 width=0)
	  ->  Index Scan using sbtest8_pkey on sbtest8  (cost=0.43..8.45 rows=1 width=490)
	        Index Cond: (id = 6477850)

for: simple_ranges
table 1 : explain SELECT c FROM sbtest1 WHERE id BETWEEN 9995387 AND 9995486
	Index Scan using sbtest1_pkey on sbtest1  (cost=0.43..377.46 rows=98 width=121)
	  Index Cond: ((id >= 9995387) AND (id <= 9995486))

table 2 : explain SELECT c FROM sbtest2 WHERE id BETWEEN 5188025 AND 5188124
	Index Scan using sbtest2_pkey on sbtest2  (cost=0.43..361.69 rows=94 width=121)
	  Index Cond: ((id >= 5188025) AND (id <= 5188124))

table 3 : explain SELECT c FROM sbtest3 WHERE id BETWEEN 4138569 AND 4138668
	Index Scan using sbtest3_pkey on sbtest3  (cost=0.43..413.36 rows=108 width=121)
	  Index Cond: ((id >= 4138569) AND (id <= 4138668))

table 4 : explain SELECT c FROM sbtest4 WHERE id BETWEEN 9743382 AND 9743481
	Index Scan using sbtest4_pkey on sbtest4  (cost=0.43..414.76 rows=108 width=121)
	  Index Cond: ((id >= 9743382) AND (id <= 9743481))

table 5 : explain SELECT c FROM sbtest5 WHERE id BETWEEN 7889690 AND 7889789
	Index Scan using sbtest5_pkey on sbtest5  (cost=0.43..378.16 rows=98 width=121)
	  Index Cond: ((id >= 7889690) AND (id <= 7889789))

table 6 : explain SELECT c FROM sbtest6 WHERE id BETWEEN 1152777 AND 1152876
	Index Scan using sbtest6_pkey on sbtest6  (cost=0.43..364.93 rows=95 width=121)
	  Index Cond: ((id >= 1152777) AND (id <= 1152876))

table 7 : explain SELECT c FROM sbtest7 WHERE id BETWEEN 6680294 AND 6680393
	Index Scan using sbtest7_pkey on sbtest7  (cost=0.43..361.91 rows=94 width=121)
	  Index Cond: ((id >= 6680294) AND (id <= 6680393))

table 8 : explain SELECT c FROM sbtest8 WHERE id BETWEEN 4335847 AND 4335946
	Index Scan using sbtest8_pkey on sbtest8  (cost=0.43..344.40 rows=89 width=121)
	  Index Cond: ((id >= 4335847) AND (id <= 4335946))

for: simple_ranges
table 1 : explain SELECT c FROM sbtest1 WHERE id BETWEEN 9821321 AND 9821420
	Index Scan using sbtest1_pkey on sbtest1  (cost=0.43..354.64 rows=92 width=121)
	  Index Cond: ((id >= 9821321) AND (id <= 9821420))

table 2 : explain SELECT c FROM sbtest2 WHERE id BETWEEN 4613283 AND 4613382
	Index Scan using sbtest2_pkey on sbtest2  (cost=0.43..350.30 rows=91 width=121)
	  Index Cond: ((id >= 4613283) AND (id <= 4613382))

table 3 : explain SELECT c FROM sbtest3 WHERE id BETWEEN 870411 AND 870510
	Index Scan using sbtest3_pkey on sbtest3  (cost=0.43..386.88 rows=101 width=121)
	  Index Cond: ((id >= 870411) AND (id <= 870510))

table 4 : explain SELECT c FROM sbtest4 WHERE id BETWEEN 9735984 AND 9736083
	Index Scan using sbtest4_pkey on sbtest4  (cost=0.43..414.76 rows=108 width=121)
	  Index Cond: ((id >= 9735984) AND (id <= 9736083))

table 5 : explain SELECT c FROM sbtest5 WHERE id BETWEEN 2261590 AND 2261689
	Index Scan using sbtest5_pkey on sbtest5  (cost=0.43..374.35 rows=97 width=121)
	  Index Cond: ((id >= 2261590) AND (id <= 2261689))

table 6 : explain SELECT c FROM sbtest6 WHERE id BETWEEN 7851393 AND 7851492
	Index Scan using sbtest6_pkey on sbtest6  (cost=0.43..357.35 rows=93 width=121)
	  Index Cond: ((id >= 7851393) AND (id <= 7851492))

table 7 : explain SELECT c FROM sbtest7 WHERE id BETWEEN 4193376 AND 4193475
	Index Scan using sbtest7_pkey on sbtest7  (cost=0.43..418.95 rows=109 width=121)
	  Index Cond: ((id >= 4193376) AND (id <= 4193475))

table 8 : explain SELECT c FROM sbtest8 WHERE id BETWEEN 8042827 AND 8042926
	Index Scan using sbtest8_pkey on sbtest8  (cost=0.43..416.96 rows=108 width=121)
	  Index Cond: ((id >= 8042827) AND (id <= 8042926))

explain: for inserts :: explain INSERT INTO sbtest%u (id, k, c, pad) VALUES (%u, 13, 'foobar', 'foobar')explain: for deletes :: explain DELETE FROM sbtest%u WHERE id=%ufor: order_ranges
table 1 : explain SELECT c FROM sbtest1 WHERE id BETWEEN 3369104 AND 3369203 ORDER BY c
	Sort  (cost=376.86..377.10 rows=97 width=121)
	  Sort Key: c
	  ->  Index Scan using sbtest1_pkey on sbtest1  (cost=0.43..373.66 rows=97 width=121)
	        Index Cond: ((id >= 3369104) AND (id <= 3369203))

table 2 : explain SELECT c FROM sbtest2 WHERE id BETWEEN 4472661 AND 4472760 ORDER BY c
	Sort  (cost=391.69..391.94 rows=101 width=121)
	  Sort Key: c
	  ->  Index Scan using sbtest2_pkey on sbtest2  (cost=0.43..388.33 rows=101 width=121)
	        Index Cond: ((id >= 4472661) AND (id <= 4472760))

table 3 : explain SELECT c FROM sbtest3 WHERE id BETWEEN 5357476 AND 5357575 ORDER BY c
	Sort  (cost=401.72..401.98 rows=104 width=121)
	  Sort Key: c
	  ->  Index Scan using sbtest3_pkey on sbtest3  (cost=0.43..398.23 rows=104 width=121)
	        Index Cond: ((id >= 5357476) AND (id <= 5357575))

table 4 : explain SELECT c FROM sbtest4 WHERE id BETWEEN 3225821 AND 3225920 ORDER BY c
	Sort  (cost=376.21..376.45 rows=97 width=121)
	  Sort Key: c
	  ->  Index Scan using sbtest4_pkey on sbtest4  (cost=0.43..373.01 rows=97 width=121)
	        Index Cond: ((id >= 3225821) AND (id <= 3225920))

table 5 : explain SELECT c FROM sbtest5 WHERE id BETWEEN 7476928 AND 7477027 ORDER BY c
	Sort  (cost=396.80..397.05 rows=102 width=121)
	  Sort Key: c
	  ->  Index Scan using sbtest5_pkey on sbtest5  (cost=0.43..393.40 rows=102 width=121)
	        Index Cond: ((id >= 7476928) AND (id <= 7477027))

table 6 : explain SELECT c FROM sbtest6 WHERE id BETWEEN 3747154 AND 3747253 ORDER BY c
	Sort  (cost=356.56..356.79 rows=92 width=121)
	  Sort Key: c
	  ->  Index Scan using sbtest6_pkey on sbtest6  (cost=0.43..353.56 rows=92 width=121)
	        Index Cond: ((id >= 3747154) AND (id <= 3747253))

table 7 : explain SELECT c FROM sbtest7 WHERE id BETWEEN 2008219 AND 2008318 ORDER BY c
	Sort  (cost=403.44..403.70 rows=104 width=121)
	  Sort Key: c
	  ->  Index Scan using sbtest7_pkey on sbtest7  (cost=0.43..399.96 rows=104 width=121)
	        Index Cond: ((id >= 2008219) AND (id <= 2008318))

table 8 : explain SELECT c FROM sbtest8 WHERE id BETWEEN 1202996 AND 1203095 ORDER BY c
	Sort  (cost=409.03..409.30 rows=105 width=121)
	  Sort Key: c
	  ->  Index Scan using sbtest8_pkey on sbtest8  (cost=0.43..405.51 rows=105 width=121)
	        Index Cond: ((id >= 1202996) AND (id <= 1203095))



explain: for point_selects :: explain SELECT c FROM sbtest%u WHERE id=%u
for: order_ranges
table 1 : explain SELECT c FROM sbtest1 WHERE id BETWEEN 3821699 AND 3821798 ORDER BY c
	Sort  (cost=430.72..431.00 rows=111 width=121)
	  Sort Key: c
	  ->  Index Scan using sbtest1_pkey on sbtest1  (cost=0.43..426.95 rows=111 width=121)
	        Index Cond: ((id >= 3821699) AND (id <= 3821798))

table 2 : explain SELECT c FROM sbtest2 WHERE id BETWEEN 3968358 AND 3968457 ORDER BY c
	Sort  (cost=403.20..403.46 rows=104 width=121)
	  Sort Key: c
	  ->  Index Scan using sbtest2_pkey on sbtest2  (cost=0.43..399.72 rows=104 width=121)
	        Index Cond: ((id >= 3968358) AND (id <= 3968457))

table 3 : explain SELECT c FROM sbtest3 WHERE id BETWEEN 440199 AND 440298 ORDER BY c
	Sort  (cost=382.60..382.85 rows=99 width=121)
	  Sort Key: c
	  ->  Index Scan using sbtest3_pkey on sbtest3  (cost=0.43..379.32 rows=99 width=121)
	        Index Cond: ((id >= 440199) AND (id <= 440298))

table 4 : explain SELECT c FROM sbtest4 WHERE id BETWEEN 4452954 AND 4453053 ORDER BY c
	Sort  (cost=360.86..361.10 rows=93 width=121)
	  Sort Key: c
	  ->  Index Scan using sbtest4_pkey on sbtest4  (cost=0.43..357.82 rows=93 width=121)
	        Index Cond: ((id >= 4452954) AND (id <= 4453053))

table 5 : explain SELECT c FROM sbtest5 WHERE id BETWEEN 5150946 AND 5151045 ORDER BY c
	Sort  (cost=381.40..381.64 rows=98 width=121)
	  Sort Key: c
	  ->  Index Scan using sbtest5_pkey on sbtest5  (cost=0.43..378.16 rows=98 width=121)
	        Index Cond: ((id >= 5150946) AND (id <= 5151045))

table 6 : explain SELECT c FROM sbtest6 WHERE id BETWEEN 336173 AND 336272 ORDER BY c
	Sort  (cost=421.75..422.02 rows=109 width=121)
	  Sort Key: c
	  ->  Index Scan using sbtest6_pkey on sbtest6  (cost=0.43..418.06 rows=109 width=121)
	        Index Cond: ((id >= 336173) AND (id <= 336272))

table 7 : explain SELECT c FROM sbtest7 WHERE id BETWEEN 4510495 AND 4510594 ORDER BY c
	Sort  (cost=349.63..349.86 rows=90 width=121)
	  Sort Key: c
	  ->  Index Scan using sbtest7_pkey on sbtest7  (cost=0.43..346.71 rows=90 width=121)
	        Index Cond: ((id >= 4510495) AND (id <= 4510594))

table 8 : explain SELECT c FROM sbtest8 WHERE id BETWEEN 9287546 AND 9287645 ORDER BY c
	Sort  (cost=409.03..409.30 rows=105 width=121)
	  Sort Key: c
	  ->  Index Scan using sbtest8_pkey on sbtest8  (cost=0.43..405.51 rows=105 width=121)
	        Index Cond: ((id >= 9287546) AND (id <= 9287645))

for index_updates
table 1 : explain UPDATE sbtest1 SET k=k+1 WHERE id=2621404
	Update on sbtest1  (cost=0.43..8.46 rows=0 width=0)
	  ->  Index Scan using sbtest1_pkey on sbtest1  (cost=0.43..8.46 rows=1 width=10)
	        Index Cond: (id = 2621404)

table 2 : explain UPDATE sbtest2 SET k=k+1 WHERE id=5776609
	Update on sbtest2  (cost=0.43..8.46 rows=0 width=0)
	  ->  Index Scan using sbtest2_pkey on sbtest2  (cost=0.43..8.46 rows=1 width=10)
	        Index Cond: (id = 5776609)

table 3 : explain UPDATE sbtest3 SET k=k+1 WHERE id=1609927
	Update on sbtest3  (cost=0.43..8.46 rows=0 width=0)
	  ->  Index Scan using sbtest3_pkey on sbtest3  (cost=0.43..8.46 rows=1 width=10)
	        Index Cond: (id = 1609927)

table 4 : explain UPDATE sbtest4 SET k=k+1 WHERE id=4289697
	Update on sbtest4  (cost=0.43..8.46 rows=0 width=0)
	  ->  Index Scan using sbtest4_pkey on sbtest4  (cost=0.43..8.46 rows=1 width=10)
	        Index Cond: (id = 4289697)

table 5 : explain UPDATE sbtest5 SET k=k+1 WHERE id=3891642
	Update on sbtest5  (cost=0.43..8.46 rows=0 width=0)
	  ->  Index Scan using sbtest5_pkey on sbtest5  (cost=0.43..8.46 rows=1 width=10)
	        Index Cond: (id = 3891642)

table 6 : explain UPDATE sbtest6 SET k=k+1 WHERE id=9311258
	Update on sbtest6  (cost=0.43..8.46 rows=0 width=0)
	  ->  Index Scan using sbtest6_pkey on sbtest6  (cost=0.43..8.46 rows=1 width=10)
	        Index Cond: (id = 9311258)

table 7 : explain UPDATE sbtest7 SET k=k+1 WHERE id=6606419
	Update on sbtest7  (cost=0.43..8.46 rows=0 width=0)
	  ->  Index Scan using sbtest7_pkey on sbtest7  (cost=0.43..8.46 rows=1 width=10)
	        Index Cond: (id = 6606419)

table 8 : explain UPDATE sbtest8 SET k=k+1 WHERE id=8650855
	Update on sbtest8  (cost=0.43..8.46 rows=0 width=0)
	  ->  Index Scan using sbtest8_pkey on sbtest8  (cost=0.43..8.46 rows=1 width=10)
	        Index Cond: (id = 8650855)

for inserts
table 1 : explain INSERT INTO sbtest1 (id, k, c, pad) VALUES (4789427, 13, 'foobar', 'foobar')
	Insert on sbtest1  (cost=0.00..0.01 rows=0 width=0)
	  ->  Result  (cost=0.00..0.01 rows=1 width=736)

table 2 : explain INSERT INTO sbtest2 (id, k, c, pad) VALUES (3060713, 13, 'foobar', 'foobar')
	Insert on sbtest2  (cost=0.00..0.01 rows=0 width=0)
	  ->  Result  (cost=0.00..0.01 rows=1 width=736)

table 3 : explain INSERT INTO sbtest3 (id, k, c, pad) VALUES (5818231, 13, 'foobar', 'foobar')
	Insert on sbtest3  (cost=0.00..0.01 rows=0 width=0)
	  ->  Result  (cost=0.00..0.01 rows=1 width=736)

table 4 : explain INSERT INTO sbtest4 (id, k, c, pad) VALUES (7205608, 13, 'foobar', 'foobar')
	Insert on sbtest4  (cost=0.00..0.01 rows=0 width=0)
	  ->  Result  (cost=0.00..0.01 rows=1 width=736)

table 5 : explain INSERT INTO sbtest5 (id, k, c, pad) VALUES (7181383, 13, 'foobar', 'foobar')
	Insert on sbtest5  (cost=0.00..0.01 rows=0 width=0)
	  ->  Result  (cost=0.00..0.01 rows=1 width=736)

table 6 : explain INSERT INTO sbtest6 (id, k, c, pad) VALUES (4490243, 13, 'foobar', 'foobar')
	Insert on sbtest6  (cost=0.00..0.01 rows=0 width=0)
	  ->  Result  (cost=0.00..0.01 rows=1 width=736)

table 7 : explain INSERT INTO sbtest7 (id, k, c, pad) VALUES (4396167, 13, 'foobar', 'foobar')
	Insert on sbtest7  (cost=0.00..0.01 rows=0 width=0)
	  ->  Result  (cost=0.00..0.01 rows=1 width=736)

table 8 : explain INSERT INTO sbtest8 (id, k, c, pad) VALUES (6645247, 13, 'foobar', 'foobar')
	Insert on sbtest8  (cost=0.00..0.01 rows=0 width=0)
	  ->  Result  (cost=0.00..0.01 rows=1 width=736)

for deletes
table 1 : explain DELETE FROM sbtest1 WHERE id=1089670
	Delete on sbtest1  (cost=0.43..8.45 rows=0 width=0)
	  ->  Index Scan using sbtest1_pkey on sbtest1  (cost=0.43..8.45 rows=1 width=6)
	        Index Cond: (id = 1089670)

table 2 : explain DELETE FROM sbtest2 WHERE id=9852161
	Delete on sbtest2  (cost=0.43..8.45 rows=0 width=0)
	  ->  Index Scan using sbtest2_pkey on sbtest2  (cost=0.43..8.45 rows=1 width=6)
	        Index Cond: (id = 9852161)

table 3 : explain DELETE FROM sbtest3 WHERE id=4190261
	Delete on sbtest3  (cost=0.43..8.45 rows=0 width=0)
	  ->  Index Scan using sbtest3_pkey on sbtest3  (cost=0.43..8.45 rows=1 width=6)
	        Index Cond: (id = 4190261)

table 4 : explain DELETE FROM sbtest4 WHERE id=1152779
	Delete on sbtest4  (cost=0.43..8.45 rows=0 width=0)
	  ->  Index Scan using sbtest4_pkey on sbtest4  (cost=0.43..8.45 rows=1 width=6)
	        Index Cond: (id = 1152779)

table 5 : explain DELETE FROM sbtest5 WHERE id=5854083
	Delete on sbtest5  (cost=0.43..8.45 rows=0 width=0)
	  ->  Index Scan using sbtest5_pkey on sbtest5  (cost=0.43..8.45 rows=1 width=6)
	        Index Cond: (id = 5854083)

table 6 : explain DELETE FROM sbtest6 WHERE id=9632990
	Delete on sbtest6  (cost=0.43..8.45 rows=0 width=0)
	  ->  Index Scan using sbtest6_pkey on sbtest6  (cost=0.43..8.45 rows=1 width=6)
	        Index Cond: (id = 9632990)

table 7 : explain DELETE FROM sbtest7 WHERE id=1220904
	Delete on sbtest7  (cost=0.43..8.45 rows=0 width=0)
	  ->  Index Scan using sbtest7_pkey on sbtest7  (cost=0.43..8.45 rows=1 width=6)
	        Index Cond: (id = 1220904)

table 8 : explain DELETE FROM sbtest8 WHERE id=137955
	Delete on sbtest8  (cost=0.43..8.45 rows=0 width=0)
	  ->  Index Scan using sbtest8_pkey on sbtest8  (cost=0.43..8.45 rows=1 width=6)
	        Index Cond: (id = 137955)

for: simple_ranges
table 1 : explain SELECT c FROM sbtest1 WHERE id BETWEEN 9816252 AND 9816351
	Index Scan using sbtest1_pkey on sbtest1  (cost=0.43..354.64 rows=92 width=121)
	  Index Cond: ((id >= 9816252) AND (id <= 9816351))

table 2 : explain SELECT c FROM sbtest2 WHERE id BETWEEN 3184581 AND 3184680
	Index Scan using sbtest2_pkey on sbtest2  (cost=0.43..365.49 rows=95 width=121)
	  Index Cond: ((id >= 3184581) AND (id <= 3184680))

table 3 : explain SELECT c FROM sbtest3 WHERE id BETWEEN 985277 AND 985376
	Index Scan using sbtest3_pkey on sbtest3  (cost=0.43..386.88 rows=101 width=121)
	  Index Cond: ((id >= 985277) AND (id <= 985376))

table 4 : explain SELECT c FROM sbtest4 WHERE id BETWEEN 8320550 AND 8320649
	Index Scan using sbtest4_pkey on sbtest4  (cost=0.43..376.80 rows=98 width=121)
	  Index Cond: ((id >= 8320550) AND (id <= 8320649))

table 5 : explain SELECT c FROM sbtest5 WHERE id BETWEEN 4734445 AND 4734544
	Index Scan using sbtest5_pkey on sbtest5  (cost=0.43..362.92 rows=94 width=121)
	  Index Cond: ((id >= 4734445) AND (id <= 4734544))

table 6 : explain SELECT c FROM sbtest6 WHERE id BETWEEN 4932056 AND 4932155
	Index Scan using sbtest6_pkey on sbtest6  (cost=0.43..364.93 rows=95 width=121)
	  Index Cond: ((id >= 4932056) AND (id <= 4932155))

table 7 : explain SELECT c FROM sbtest7 WHERE id BETWEEN 6637876 AND 6637975
	Index Scan using sbtest7_pkey on sbtest7  (cost=0.43..369.51 rows=96 width=121)
	  Index Cond: ((id >= 6637876) AND (id <= 6637975))

table 8 : explain SELECT c FROM sbtest8 WHERE id BETWEEN 2221954 AND 2222053
	Index Scan using sbtest8_pkey on sbtest8  (cost=0.43..359.66 rows=93 width=121)
	  Index Cond: ((id >= 2221954) AND (id <= 2222053))

explain: for non_index_updates :: explain UPDATE sbtest%u SET c='foobar' WHERE id=%u
for: sum_ranges
table 1 : explain SELECT SUM(k) FROM sbtest1 WHERE id BETWEEN 3088060 AND 3088159
	Aggregate  (cost=392.98..392.99 rows=1 width=8)
	  ->  Index Scan using sbtest1_pkey on sbtest1  (cost=0.43..392.72 rows=102 width=4)
	        Index Cond: ((id >= 3088060) AND (id <= 3088159))

table 2 : explain SELECT SUM(k) FROM sbtest2 WHERE id BETWEEN 4159584 AND 4159683
	Aggregate  (cost=373.33..373.34 rows=1 width=8)
	  ->  Index Scan using sbtest2_pkey on sbtest2  (cost=0.43..373.08 rows=97 width=4)
	        Index Cond: ((id >= 4159584) AND (id <= 4159683))

table 3 : explain SELECT SUM(k) FROM sbtest3 WHERE id BETWEEN 3370342 AND 3370441
	Aggregate  (cost=371.94..371.95 rows=1 width=8)
	  ->  Index Scan using sbtest3_pkey on sbtest3  (cost=0.43..371.69 rows=97 width=4)
	        Index Cond: ((id >= 3370342) AND (id <= 3370441))

table 4 : explain SELECT SUM(k) FROM sbtest4 WHERE id BETWEEN 5622349 AND 5622448
	Aggregate  (cost=354.26..354.27 rows=1 width=8)
	  ->  Index Scan using sbtest4_pkey on sbtest4  (cost=0.43..354.03 rows=92 width=4)
	        Index Cond: ((id >= 5622349) AND (id <= 5622448))

table 5 : explain SELECT SUM(k) FROM sbtest5 WHERE id BETWEEN 1815960 AND 1816059
	Aggregate  (cost=378.40..378.41 rows=1 width=8)
	  ->  Index Scan using sbtest5_pkey on sbtest5  (cost=0.43..378.16 rows=98 width=4)
	        Index Cond: ((id >= 1815960) AND (id <= 1816059))

table 6 : explain SELECT SUM(k) FROM sbtest6 WHERE id BETWEEN 2478045 AND 2478144
	Aggregate  (cost=410.75..410.76 rows=1 width=8)
	  ->  Index Scan using sbtest6_pkey on sbtest6  (cost=0.43..410.48 rows=107 width=4)
	        Index Cond: ((id >= 2478045) AND (id <= 2478144))

table 7 : explain SELECT SUM(k) FROM sbtest7 WHERE id BETWEEN 7586425 AND 7586524
	Aggregate  (cost=343.13..343.14 rows=1 width=8)
	  ->  Index Scan using sbtest7_pkey on sbtest7  (cost=0.43..342.91 rows=89 width=4)
	        Index Cond: ((id >= 7586425) AND (id <= 7586524))

table 8 : explain SELECT SUM(k) FROM sbtest8 WHERE id BETWEEN 1465944 AND 1466043
	Aggregate  (cost=409.59..409.60 rows=1 width=8)
	  ->  Index Scan using sbtest8_pkey on sbtest8  (cost=0.43..409.32 rows=106 width=4)
	        Index Cond: ((id >= 1465944) AND (id <= 1466043))

for: distinct_ranges
table 1 : explain SELECT DISTINCT c FROM sbtest1 WHERE id BETWEEN 6499721 AND 6499820 ORDER BY c
	Unique  (cost=388.44..388.94 rows=100 width=121)
	  ->  Sort  (cost=388.44..388.69 rows=100 width=121)
	        Sort Key: c
	        ->  Index Scan using sbtest1_pkey on sbtest1  (cost=0.43..385.12 rows=100 width=121)
	              Index Cond: ((id >= 6499721) AND (id <= 6499820))

table 2 : explain SELECT DISTINCT c FROM sbtest2 WHERE id BETWEEN 3627969 AND 3628068 ORDER BY c
	Unique  (cost=372.45..372.93 rows=96 width=121)
	  ->  Sort  (cost=372.45..372.69 rows=96 width=121)
	        Sort Key: c
	        ->  Index Scan using sbtest2_pkey on sbtest2  (cost=0.43..369.29 rows=96 width=121)
	              Index Cond: ((id >= 3627969) AND (id <= 3628068))

table 3 : explain SELECT DISTINCT c FROM sbtest3 WHERE id BETWEEN 5347080 AND 5347179 ORDER BY c
	Unique  (cost=401.72..402.24 rows=104 width=121)
	  ->  Sort  (cost=401.72..401.98 rows=104 width=121)
	        Sort Key: c
	        ->  Index Scan using sbtest3_pkey on sbtest3  (cost=0.43..398.23 rows=104 width=121)
	              Index Cond: ((id >= 5347080) AND (id <= 5347179))

table 4 : explain SELECT DISTINCT c FROM sbtest4 WHERE id BETWEEN 2619634 AND 2619733 ORDER BY c
	Unique  (cost=399.22..399.74 rows=103 width=121)
	  ->  Sort  (cost=399.22..399.48 rows=103 width=121)
	        Sort Key: c
	        ->  Index Scan using sbtest4_pkey on sbtest4  (cost=0.43..395.78 rows=103 width=121)
	              Index Cond: ((id >= 2619634) AND (id <= 2619733))

table 5 : explain SELECT DISTINCT c FROM sbtest5 WHERE id BETWEEN 2355268 AND 2355367 ORDER BY c
	Unique  (cost=431.46..432.01 rows=111 width=121)
	  ->  Sort  (cost=431.46..431.73 rows=111 width=121)
	        Sort Key: c
	        ->  Index Scan using sbtest5_pkey on sbtest5  (cost=0.43..427.68 rows=111 width=121)
	              Index Cond: ((id >= 2355268) AND (id <= 2355367))

table 6 : explain SELECT DISTINCT c FROM sbtest6 WHERE id BETWEEN 7858365 AND 7858464 ORDER BY c
	Unique  (cost=360.39..360.85 rows=93 width=121)
	  ->  Sort  (cost=360.39..360.62 rows=93 width=121)
	        Sort Key: c
	        ->  Index Scan using sbtest6_pkey on sbtest6  (cost=0.43..357.35 rows=93 width=121)
	              Index Cond: ((id >= 7858365) AND (id <= 7858464))

table 7 : explain SELECT DISTINCT c FROM sbtest7 WHERE id BETWEEN 3758687 AND 3758786 ORDER BY c
	Unique  (cost=357.31..357.77 rows=92 width=121)
	  ->  Sort  (cost=357.31..357.54 rows=92 width=121)
	        Sort Key: c
	        ->  Index Scan using sbtest7_pkey on sbtest7  (cost=0.43..354.31 rows=92 width=121)
	              Index Cond: ((id >= 3758687) AND (id <= 3758786))

table 8 : explain SELECT DISTINCT c FROM sbtest8 WHERE id BETWEEN 7468660 AND 7468759 ORDER BY c
	Unique  (cost=358.85..359.31 rows=92 width=121)
	  ->  Sort  (cost=358.85..359.08 rows=92 width=121)
	        Sort Key: c
	        ->  Index Scan using sbtest8_pkey on sbtest8  (cost=0.43..355.84 rows=92 width=121)
	              Index Cond: ((id >= 7468660) AND (id <= 7468759))
explain: for inserts :: explain INSERT INTO sbtest%u (id, k, c, pad) VALUES (%u, 13, 'foobar', 'foobar')for: order_ranges
table 1 : explain SELECT c FROM sbtest1 WHERE id BETWEEN 5789088 AND 5789187 ORDER BY c
	Sort  (cost=349.96..350.18 rows=90 width=121)
	  Sort Key: c
	  ->  Index Scan using sbtest1_pkey on sbtest1  (cost=0.43..347.03 rows=90 width=121)
	        Index Cond: ((id >= 5789088) AND (id <= 5789187))

table 2 : explain SELECT c FROM sbtest2 WHERE id BETWEEN 7878825 AND 7878924 ORDER BY c
	Sort  (cost=426.23..426.51 rows=110 width=121)
	  Sort Key: c
	  ->  Index Scan using sbtest2_pkey on sbtest2  (cost=0.43..422.50 rows=110 width=121)
	        Index Cond: ((id >= 7878825) AND (id <= 7878924))

table 3 : explain SELECT c FROM sbtest3 WHERE id BETWEEN 9197220 AND 9197319 ORDER BY c
	Sort  (cost=367.25..367.49 rows=95 width=121)
	  Sort Key: c
	  ->  Index Scan using sbtest3_pkey on sbtest3  (cost=0.43..364.13 rows=95 width=121)
	        Index Cond: ((id >= 9197220) AND (id <= 9197319))

table 4 : explain SELECT c FROM sbtest4 WHERE id BETWEEN 1975446 AND 1975545 ORDER BY c
	Sort  (cost=380.04..380.29 rows=98 width=121)
	  Sort Key: c
	  ->  Index Scan using sbtest4_pkey on sbtest4  (cost=0.43..376.80 rows=98 width=121)
	        Index Cond: ((id >= 1975446) AND (id <= 1975545))

table 5 : explain SELECT c FROM sbtest5 WHERE id BETWEEN 3689504 AND 3689603 ORDER BY c
	Sort  (cost=385.25..385.50 rows=99 width=121)
	  Sort Key: c
	  ->  Index Scan using sbtest5_pkey on sbtest5  (cost=0.43..381.97 rows=99 width=121)
	        Index Cond: ((id >= 3689504) AND (id <= 3689603))

table 6 : explain SELECT c FROM sbtest6 WHERE id BETWEEN 1525440 AND 1525539 ORDER BY c
	Sort  (cost=375.77..376.01 rows=97 width=121)
	  Sort Key: c
	  ->  Index Scan using sbtest6_pkey on sbtest6  (cost=0.43..372.57 rows=97 width=121)
	        Index Cond: ((id >= 1525440) AND (id <= 1525539))

table 7 : explain SELECT c FROM sbtest7 WHERE id BETWEEN 274663 AND 274762 ORDER BY c
	Sort  (cost=380.35..380.59 rows=98 width=121)
	  Sort Key: c
	  ->  Index Scan using sbtest7_pkey on sbtest7  (cost=0.43..377.10 rows=98 width=121)
	        Index Cond: ((id >= 274663) AND (id <= 274762))

table 8 : explain SELECT c FROM sbtest8 WHERE id BETWEEN 8162310 AND 8162409 ORDER BY c
	Sort  (cost=385.89..386.14 rows=99 width=121)
	  Sort Key: c
	  ->  Index Scan using sbtest8_pkey on sbtest8  (cost=0.43..382.61 rows=99 width=121)
	        Index Cond: ((id >= 8162310) AND (id <= 8162409))



for: sum_ranges
table 1 : explain SELECT SUM(k) FROM sbtest1 WHERE id BETWEEN 5010749 AND 5010848
	Aggregate  (cost=389.17..389.18 rows=1 width=8)
	  ->  Index Scan using sbtest1_pkey on sbtest1  (cost=0.43..388.92 rows=101 width=4)
	        Index Cond: ((id >= 5010749) AND (id <= 5010848))

table 2 : explain SELECT SUM(k) FROM sbtest2 WHERE id BETWEEN 3317047 AND 3317146
	Aggregate  (cost=384.78..384.79 rows=1 width=8)
	  ->  Index Scan using sbtest2_pkey on sbtest2  (cost=0.43..384.53 rows=100 width=4)
	        Index Cond: ((id >= 3317047) AND (id <= 3317146))

table 3 : explain SELECT SUM(k) FROM sbtest3 WHERE id BETWEEN 1373290 AND 1373389
	Aggregate  (cost=398.49..398.50 rows=1 width=8)
	  ->  Index Scan using sbtest3_pkey on sbtest3  (cost=0.43..398.23 rows=104 width=4)
	        Index Cond: ((id >= 1373290) AND (id <= 1373389))

table 4 : explain SELECT SUM(k) FROM sbtest4 WHERE id BETWEEN 7169067 AND 7169166
	Aggregate  (cost=384.64..384.65 rows=1 width=8)
	  ->  Index Scan using sbtest4_pkey on sbtest4  (cost=0.43..384.39 rows=100 width=4)
	        Index Cond: ((id >= 7169067) AND (id <= 7169166))

table 5 : explain SELECT SUM(k) FROM sbtest5 WHERE id BETWEEN 182311 AND 182410
	Aggregate  (cost=363.15..363.16 rows=1 width=8)
	  ->  Index Scan using sbtest5_pkey on sbtest5  (cost=0.43..362.92 rows=94 width=4)
	        Index Cond: ((id >= 182311) AND (id <= 182410))

table 6 : explain SELECT SUM(k) FROM sbtest6 WHERE id BETWEEN 1203891 AND 1203990
	Aggregate  (cost=391.78..391.79 rows=1 width=8)
	  ->  Index Scan using sbtest6_pkey on sbtest6  (cost=0.43..391.52 rows=102 width=4)
	        Index Cond: ((id >= 1203891) AND (id <= 1203990))

table 7 : explain SELECT SUM(k) FROM sbtest7 WHERE id BETWEEN 8973971 AND 8974070
	Aggregate  (cost=396.41..396.42 rows=1 width=8)
	  ->  Index Scan using sbtest7_pkey on sbtest7  (cost=0.43..396.16 rows=103 width=4)
	        Index Cond: ((id >= 8973971) AND (id <= 8974070))

table 8 : explain SELECT SUM(k) FROM sbtest8 WHERE id BETWEEN 5951725 AND 5951824
	Aggregate  (cost=405.77..405.78 rows=1 width=8)
	  ->  Index Scan using sbtest8_pkey on sbtest8  (cost=0.43..405.51 rows=105 width=4)
	        Index Cond: ((id >= 5951725) AND (id <= 5951824))

for: distinct_ranges
table 1 : explain SELECT DISTINCT c FROM sbtest1 WHERE id BETWEEN 3974674 AND 3974773 ORDER BY c
	Unique  (cost=380.70..381.19 rows=98 width=121)
	  ->  Sort  (cost=380.70..380.94 rows=98 width=121)
	        Sort Key: c
	        ->  Index Scan using sbtest1_pkey on sbtest1  (cost=0.43..377.46 rows=98 width=121)
	              Index Cond: ((id >= 3974674) AND (id <= 3974773))

table 2 : explain SELECT DISTINCT c FROM sbtest2 WHERE id BETWEEN 7342370 AND 7342469 ORDER BY c
	Unique  (cost=360.94..361.40 rows=93 width=121)
	  ->  Sort  (cost=360.94..361.17 rows=93 width=121)
	        Sort Key: c
	        ->  Index Scan using sbtest2_pkey on sbtest2  (cost=0.43..357.90 rows=93 width=121)
	              Index Cond: ((id >= 7342370) AND (id <= 7342469))

table 3 : explain SELECT DISTINCT c FROM sbtest3 WHERE id BETWEEN 380902 AND 381001 ORDER BY c
	Unique  (cost=382.60..383.10 rows=99 width=121)
	  ->  Sort  (cost=382.60..382.85 rows=99 width=121)
	        Sort Key: c
	        ->  Index Scan using sbtest3_pkey on sbtest3  (cost=0.43..379.32 rows=99 width=121)
	              Index Cond: ((id >= 380902) AND (id <= 381001))

table 4 : explain SELECT DISTINCT c FROM sbtest4 WHERE id BETWEEN 5259278 AND 5259377 ORDER BY c
	Unique  (cost=395.39..395.90 rows=102 width=121)
	  ->  Sort  (cost=395.39..395.64 rows=102 width=121)
	        Sort Key: c
	        ->  Index Scan using sbtest4_pkey on sbtest4  (cost=0.43..391.98 rows=102 width=121)
	              Index Cond: ((id >= 5259278) AND (id <= 5259377))

table 5 : explain SELECT DISTINCT c FROM sbtest5 WHERE id BETWEEN 2684233 AND 2684332 ORDER BY c
	Unique  (cost=392.95..393.45 rows=101 width=121)
	  ->  Sort  (cost=392.95..393.20 rows=101 width=121)
	        Sort Key: c
	        ->  Index Scan using sbtest5_pkey on sbtest5  (cost=0.43..389.59 rows=101 width=121)
	              Index Cond: ((id >= 2684233) AND (id <= 2684332))

table 6 : explain SELECT DISTINCT c FROM sbtest6 WHERE id BETWEEN 6526197 AND 6526296 ORDER BY c
	Unique  (cost=398.76..399.27 rows=103 width=121)
	  ->  Sort  (cost=398.76..399.02 rows=103 width=121)
	        Sort Key: c
	        ->  Index Scan using sbtest6_pkey on sbtest6  (cost=0.43..395.31 rows=103 width=121)
	              Index Cond: ((id >= 6526197) AND (id <= 6526296))

table 7 : explain SELECT DISTINCT c FROM sbtest7 WHERE id BETWEEN 2961532 AND 2961631 ORDER BY c
	Unique  (cost=349.63..350.08 rows=90 width=121)
	  ->  Sort  (cost=349.63..349.86 rows=90 width=121)
	        Sort Key: c
	        ->  Index Scan using sbtest7_pkey on sbtest7  (cost=0.43..346.71 rows=90 width=121)
	              Index Cond: ((id >= 2961532) AND (id <= 2961631))

table 8 : explain SELECT DISTINCT c FROM sbtest8 WHERE id BETWEEN 4517529 AND 4517628 ORDER BY c
	Unique  (cost=389.75..390.25 rows=100 width=121)
	  ->  Sort  (cost=389.75..390.00 rows=100 width=121)
	        Sort Key: c
	        ->  Index Scan using sbtest8_pkey on sbtest8  (cost=0.43..386.43 rows=100 width=121)
	              Index Cond: ((id >= 4517529) AND (id <= 4517628))

explain: for index_updates :: explain UPDATE sbtest%u SET k=k+1 WHERE id=%u
for: sum_ranges
table 1 : explain SELECT SUM(k) FROM sbtest1 WHERE id BETWEEN 6099817 AND 6099916
	Aggregate  (cost=408.20..408.21 rows=1 width=8)
	  ->  Index Scan using sbtest1_pkey on sbtest1  (cost=0.43..407.94 rows=106 width=4)
	        Index Cond: ((id >= 6099817) AND (id <= 6099916))

table 2 : explain SELECT SUM(k) FROM sbtest2 WHERE id BETWEEN 5120200 AND 5120299
	Aggregate  (cost=361.93..361.94 rows=1 width=8)
	  ->  Index Scan using sbtest2_pkey on sbtest2  (cost=0.43..361.69 rows=94 width=4)
	        Index Cond: ((id >= 5120200) AND (id <= 5120299))

table 3 : explain SELECT SUM(k) FROM sbtest3 WHERE id BETWEEN 8489921 AND 8490020
	Aggregate  (cost=390.92..390.93 rows=1 width=8)
	  ->  Index Scan using sbtest3_pkey on sbtest3  (cost=0.43..390.67 rows=102 width=4)
	        Index Cond: ((id >= 8489921) AND (id <= 8490020))

table 4 : explain SELECT SUM(k) FROM sbtest4 WHERE id BETWEEN 6135896 AND 6135995
	Aggregate  (cost=377.05..377.06 rows=1 width=8)
	  ->  Index Scan using sbtest4_pkey on sbtest4  (cost=0.43..376.80 rows=98 width=4)
	        Index Cond: ((id >= 6135896) AND (id <= 6135995))

table 5 : explain SELECT SUM(k) FROM sbtest5 WHERE id BETWEEN 5999270 AND 5999369
	Aggregate  (cost=370.78..370.79 rows=1 width=8)
	  ->  Index Scan using sbtest5_pkey on sbtest5  (cost=0.43..370.54 rows=96 width=4)
	        Index Cond: ((id >= 5999270) AND (id <= 5999369))

table 6 : explain SELECT SUM(k) FROM sbtest6 WHERE id BETWEEN 6009610 AND 6009709
	Aggregate  (cost=365.17..365.18 rows=1 width=8)
	  ->  Index Scan using sbtest6_pkey on sbtest6  (cost=0.43..364.93 rows=95 width=4)
	        Index Cond: ((id >= 6009610) AND (id <= 6009709))

table 7 : explain SELECT SUM(k) FROM sbtest7 WHERE id BETWEEN 678218 AND 678317
	Aggregate  (cost=381.15..381.16 rows=1 width=8)
	  ->  Index Scan using sbtest7_pkey on sbtest7  (cost=0.43..380.90 rows=99 width=4)
	        Index Cond: ((id >= 678218) AND (id <= 678317))

table 8 : explain SELECT SUM(k) FROM sbtest8 WHERE id BETWEEN 4489283 AND 4489382
	Aggregate  (cost=386.68..386.69 rows=1 width=8)
	  ->  Index Scan using sbtest8_pkey on sbtest8  (cost=0.43..386.43 rows=100 width=4)
	        Index Cond: ((id >= 4489283) AND (id <= 4489382))

for: distinct_ranges
table 1 : explain SELECT DISTINCT c FROM sbtest1 WHERE id BETWEEN 7681241 AND 7681340 ORDER BY c
	Unique  (cost=369.17..369.65 rows=95 width=121)
	  ->  Sort  (cost=369.17..369.41 rows=95 width=121)
	        Sort Key: c
	        ->  Index Scan using sbtest1_pkey on sbtest1  (cost=0.43..366.05 rows=95 width=121)
	              Index Cond: ((id >= 7681241) AND (id <= 7681340))

table 2 : explain SELECT DISTINCT c FROM sbtest2 WHERE id BETWEEN 1635489 AND 1635588 ORDER BY c
	Unique  (cost=387.85..388.35 rows=100 width=121)
	  ->  Sort  (cost=387.85..388.10 rows=100 width=121)
	        Sort Key: c
	        ->  Index Scan using sbtest2_pkey on sbtest2  (cost=0.43..384.53 rows=100 width=121)
	              Index Cond: ((id >= 1635489) AND (id <= 1635588))

table 3 : explain SELECT DISTINCT c FROM sbtest3 WHERE id BETWEEN 2759427 AND 2759526 ORDER BY c
	Unique  (cost=405.54..406.06 rows=105 width=121)
	  ->  Sort  (cost=405.54..405.80 rows=105 width=121)
	        Sort Key: c
	        ->  Index Scan using sbtest3_pkey on sbtest3  (cost=0.43..402.01 rows=105 width=121)
	              Index Cond: ((id >= 2759427) AND (id <= 2759526))

table 4 : explain SELECT DISTINCT c FROM sbtest4 WHERE id BETWEEN 6743608 AND 6743707 ORDER BY c
	Unique  (cost=376.21..376.69 rows=97 width=121)
	  ->  Sort  (cost=376.21..376.45 rows=97 width=121)
	        Sort Key: c
	        ->  Index Scan using sbtest4_pkey on sbtest4  (cost=0.43..373.01 rows=97 width=121)
	              Index Cond: ((id >= 6743608) AND (id <= 6743707))

table 5 : explain SELECT DISTINCT c FROM sbtest5 WHERE id BETWEEN 1511799 AND 1511898 ORDER BY c
	Unique  (cost=412.20..412.73 rows=106 width=121)
	  ->  Sort  (cost=412.20..412.47 rows=106 width=121)
	        Sort Key: c
	        ->  Index Scan using sbtest5_pkey on sbtest5  (cost=0.43..408.64 rows=106 width=121)
	              Index Cond: ((id >= 1511799) AND (id <= 1511898))

table 6 : explain SELECT DISTINCT c FROM sbtest6 WHERE id BETWEEN 3553859 AND 3553958 ORDER BY c
	Unique  (cost=391.09..391.60 rows=101 width=121)
	  ->  Sort  (cost=391.09..391.35 rows=101 width=121)
	        Sort Key: c
	        ->  Index Scan using sbtest6_pkey on sbtest6  (cost=0.43..387.73 rows=101 width=121)
	              Index Cond: ((id >= 3553859) AND (id <= 3553958))

table 7 : explain SELECT DISTINCT c FROM sbtest7 WHERE id BETWEEN 7983901 AND 7984000 ORDER BY c
	Unique  (cost=368.83..369.30 rows=95 width=121)
	  ->  Sort  (cost=368.83..369.06 rows=95 width=121)
	        Sort Key: c
	        ->  Index Scan using sbtest7_pkey on sbtest7  (cost=0.43..365.71 rows=95 width=121)
	              Index Cond: ((id >= 7983901) AND (id <= 7984000))

table 8 : explain SELECT DISTINCT c FROM sbtest8 WHERE id BETWEEN 3846527 AND 3846626 ORDER BY c
	Unique  (cost=366.56..367.03 rows=94 width=121)
	  ->  Sort  (cost=366.56..366.79 rows=94 width=121)
	        Sort Key: c
	        ->  Index Scan using sbtest8_pkey on sbtest8  (cost=0.43..363.48 rows=94 width=121)
	              Index Cond: ((id >= 3846527) AND (id <= 3846626))

for inserts
table 1 : explain INSERT INTO sbtest1 (id, k, c, pad) VALUES (8525473, 13, 'foobar', 'foobar')
	Insert on sbtest1  (cost=0.00..0.01 rows=0 width=0)
	  ->  Result  (cost=0.00..0.01 rows=1 width=736)

table 2 : explain INSERT INTO sbtest2 (id, k, c, pad) VALUES (511234, 13, 'foobar', 'foobar')
	Insert on sbtest2  (cost=0.00..0.01 rows=0 width=0)
	  ->  Result  (cost=0.00..0.01 rows=1 width=736)

table 3 : explain INSERT INTO sbtest3 (id, k, c, pad) VALUES (9301500, 13, 'foobar', 'foobar')
	Insert on sbtest3  (cost=0.00..0.01 rows=0 width=0)
	  ->  Result  (cost=0.00..0.01 rows=1 width=736)

table 4 : explain INSERT INTO sbtest4 (id, k, c, pad) VALUES (3571653, 13, 'foobar', 'foobar')
	Insert on sbtest4  (cost=0.00..0.01 rows=0 width=0)
	  ->  Result  (cost=0.00..0.01 rows=1 width=736)

table 5 : explain INSERT INTO sbtest5 (id, k, c, pad) VALUES (6516299, 13, 'foobar', 'foobar')
	Insert on sbtest5  (cost=0.00..0.01 rows=0 width=0)
	  ->  Result  (cost=0.00..0.01 rows=1 width=736)

table 6 : explain INSERT INTO sbtest6 (id, k, c, pad) VALUES (7553822, 13, 'foobar', 'foobar')
	Insert on sbtest6  (cost=0.00..0.01 rows=0 width=0)
	  ->  Result  (cost=0.00..0.01 rows=1 width=736)

table 7 : explain INSERT INTO sbtest7 (id, k, c, pad) VALUES (8742143, 13, 'foobar', 'foobar')
	Insert on sbtest7  (cost=0.00..0.01 rows=0 width=0)
	  ->  Result  (cost=0.00..0.01 rows=1 width=736)

table 8 : explain INSERT INTO sbtest8 (id, k, c, pad) VALUES (4287190, 13, 'foobar', 'foobar')
	Insert on sbtest8  (cost=0.00..0.01 rows=0 width=0)
	  ->  Result  (cost=0.00..0.01 rows=1 width=736)

explain: for point_selects :: explain SELECT c FROM sbtest%u WHERE id=%u
for non_index_updates
table 1 : explain UPDATE sbtest1 SET c='foobar' WHERE id=1316543
	Update on sbtest1  (cost=0.43..8.45 rows=0 width=0)
	  ->  Index Scan using sbtest1_pkey on sbtest1  (cost=0.43..8.45 rows=1 width=490)
	        Index Cond: (id = 1316543)

table 2 : explain UPDATE sbtest2 SET c='foobar' WHERE id=7551404
	Update on sbtest2  (cost=0.43..8.45 rows=0 width=0)
	  ->  Index Scan using sbtest2_pkey on sbtest2  (cost=0.43..8.45 rows=1 width=490)
	        Index Cond: (id = 7551404)

table 3 : explain UPDATE sbtest3 SET c='foobar' WHERE id=5838177
	Update on sbtest3  (cost=0.43..8.45 rows=0 width=0)
	  ->  Index Scan using sbtest3_pkey on sbtest3  (cost=0.43..8.45 rows=1 width=490)
	        Index Cond: (id = 5838177)

table 4 : explain UPDATE sbtest4 SET c='foobar' WHERE id=1633111
	Update on sbtest4  (cost=0.43..8.45 rows=0 width=0)
	  ->  Index Scan using sbtest4_pkey on sbtest4  (cost=0.43..8.45 rows=1 width=490)
	        Index Cond: (id = 1633111)

table 5 : explain UPDATE sbtest5 SET c='foobar' WHERE id=812801
	Update on sbtest5  (cost=0.43..8.45 rows=0 width=0)
	  ->  Index Scan using sbtest5_pkey on sbtest5  (cost=0.43..8.45 rows=1 width=490)
	        Index Cond: (id = 812801)

table 6 : explain UPDATE sbtest6 SET c='foobar' WHERE id=4079628
	Update on sbtest6  (cost=0.43..8.45 rows=0 width=0)
	  ->  Index Scan using sbtest6_pkey on sbtest6  (cost=0.43..8.45 rows=1 width=490)
	        Index Cond: (id = 4079628)

table 7 : explain UPDATE sbtest7 SET c='foobar' WHERE id=924246
	Update on sbtest7  (cost=0.43..8.45 rows=0 width=0)
	  ->  Index Scan using sbtest7_pkey on sbtest7  (cost=0.43..8.45 rows=1 width=490)
	        Index Cond: (id = 924246)

table 8 : explain UPDATE sbtest8 SET c='foobar' WHERE id=1225541
	Update on sbtest8  (cost=0.43..8.45 rows=0 width=0)
	  ->  Index Scan using sbtest8_pkey on sbtest8  (cost=0.43..8.45 rows=1 width=490)
	        Index Cond: (id = 1225541)

for: distinct_ranges
table 1 : explain SELECT DISTINCT c FROM sbtest1 WHERE id BETWEEN 4678380 AND 4678479 ORDER BY c
	Unique  (cost=419.19..419.73 rows=108 width=121)
	  ->  Sort  (cost=419.19..419.46 rows=108 width=121)
	        Sort Key: c
	        ->  Index Scan using sbtest1_pkey on sbtest1  (cost=0.43..415.54 rows=108 width=121)
	              Index Cond: ((id >= 4678380) AND (id <= 4678479))

table 2 : explain SELECT DISTINCT c FROM sbtest2 WHERE id BETWEEN 4815818 AND 4815917 ORDER BY c
	Unique  (cost=399.37..399.88 rows=103 width=121)
	  ->  Sort  (cost=399.37..399.62 rows=103 width=121)
	        Sort Key: c
	        ->  Index Scan using sbtest2_pkey on sbtest2  (cost=0.43..395.92 rows=103 width=121)
	              Index Cond: ((id >= 4815818) AND (id <= 4815917))

table 3 : explain SELECT DISTINCT c FROM sbtest3 WHERE id BETWEEN 5499772 AND 5499871 ORDER BY c
	Unique  (cost=394.07..394.58 rows=102 width=121)
	  ->  Sort  (cost=394.07..394.32 rows=102 width=121)
	        Sort Key: c
	        ->  Index Scan using sbtest3_pkey on sbtest3  (cost=0.43..390.67 rows=102 width=121)
	              Index Cond: ((id >= 5499772) AND (id <= 5499871))

table 4 : explain SELECT DISTINCT c FROM sbtest4 WHERE id BETWEEN 5231069 AND 5231168 ORDER BY c
	Unique  (cost=395.39..395.90 rows=102 width=121)
	  ->  Sort  (cost=395.39..395.64 rows=102 width=121)
	        Sort Key: c
	        ->  Index Scan using sbtest4_pkey on sbtest4  (cost=0.43..391.98 rows=102 width=121)
	              Index Cond: ((id >= 5231069) AND (id <= 5231168))

table 5 : explain SELECT DISTINCT c FROM sbtest5 WHERE id BETWEEN 7376704 AND 7376803 ORDER BY c
	Unique  (cost=373.70..374.18 rows=96 width=121)
	  ->  Sort  (cost=373.70..373.94 rows=96 width=121)
	        Sort Key: c
	        ->  Index Scan using sbtest5_pkey on sbtest5  (cost=0.43..370.54 rows=96 width=121)
	              Index Cond: ((id >= 7376704) AND (id <= 7376803))

table 6 : explain SELECT DISTINCT c FROM sbtest6 WHERE id BETWEEN 9555073 AND 9555172 ORDER BY c
	Unique  (cost=391.09..391.60 rows=101 width=121)
	  ->  Sort  (cost=391.09..391.35 rows=101 width=121)
	        Sort Key: c
	        ->  Index Scan using sbtest6_pkey on sbtest6  (cost=0.43..387.73 rows=101 width=121)
	              Index Cond: ((id >= 9555073) AND (id <= 9555172))

table 7 : explain SELECT DISTINCT c FROM sbtest7 WHERE id BETWEEN 7493130 AND 7493229 ORDER BY c
	Unique  (cost=403.44..403.96 rows=104 width=121)
	  ->  Sort  (cost=403.44..403.70 rows=104 width=121)
	        Sort Key: c
	        ->  Index Scan using sbtest7_pkey on sbtest7  (cost=0.43..399.96 rows=104 width=121)
	              Index Cond: ((id >= 7493130) AND (id <= 7493229))

table 8 : explain SELECT DISTINCT c FROM sbtest8 WHERE id BETWEEN 760355 AND 760454 ORDER BY c
	Unique  (cost=378.13..378.61 rows=97 width=121)
	  ->  Sort  (cost=378.13..378.37 rows=97 width=121)
	        Sort Key: c
	        ->  Index Scan using sbtest8_pkey on sbtest8  (cost=0.43..374.93 rows=97 width=121)
	              Index Cond: ((id >= 760355) AND (id <= 760454))

for: sum_ranges
table 1 : explain SELECT SUM(k) FROM sbtest1 WHERE id BETWEEN 7341746 AND 7341845
	Aggregate  (cost=377.70..377.71 rows=1 width=8)
	  ->  Index Scan using sbtest1_pkey on sbtest1  (cost=0.43..377.46 rows=98 width=4)
	        Index Cond: ((id >= 7341746) AND (id <= 7341845))

table 2 : explain SELECT SUM(k) FROM sbtest2 WHERE id BETWEEN 2861519 AND 2861618
	Aggregate  (cost=411.38..411.39 rows=1 width=8)
	  ->  Index Scan using sbtest2_pkey on sbtest2  (cost=0.43..411.11 rows=107 width=4)
	        Index Cond: ((id >= 2861519) AND (id <= 2861618))

table 3 : explain SELECT SUM(k) FROM sbtest3 WHERE id BETWEEN 1216595 AND 1216694
	Aggregate  (cost=383.35..383.36 rows=1 width=8)
	  ->  Index Scan using sbtest3_pkey on sbtest3  (cost=0.43..383.10 rows=100 width=4)
	        Index Cond: ((id >= 1216595) AND (id <= 1216694))

table 4 : explain SELECT SUM(k) FROM sbtest4 WHERE id BETWEEN 9855095 AND 9855194
	Aggregate  (cost=392.24..392.25 rows=1 width=8)
	  ->  Index Scan using sbtest4_pkey on sbtest4  (cost=0.43..391.98 rows=102 width=4)
	        Index Cond: ((id >= 9855095) AND (id <= 9855194))

table 5 : explain SELECT SUM(k) FROM sbtest5 WHERE id BETWEEN 5821549 AND 5821648
	Aggregate  (cost=420.34..420.35 rows=1 width=8)
	  ->  Index Scan using sbtest5_pkey on sbtest5  (cost=0.43..420.07 rows=109 width=4)
	        Index Cond: ((id >= 5821549) AND (id <= 5821648))

table 6 : explain SELECT SUM(k) FROM sbtest6 WHERE id BETWEEN 7963836 AND 7963935
	Aggregate  (cost=387.98..387.99 rows=1 width=8)
	  ->  Index Scan using sbtest6_pkey on sbtest6  (cost=0.43..387.73 rows=101 width=4)
	        Index Cond: ((id >= 7963836) AND (id <= 7963935))

table 7 : explain SELECT SUM(k) FROM sbtest7 WHERE id BETWEEN 7783312 AND 7783411
	Aggregate  (cost=404.02..404.03 rows=1 width=8)
	  ->  Index Scan using sbtest7_pkey on sbtest7  (cost=0.43..403.76 rows=105 width=4)
	        Index Cond: ((id >= 7783312) AND (id <= 7783411))

table 8 : explain SELECT SUM(k) FROM sbtest8 WHERE id BETWEEN 9418363 AND 9418462
	Aggregate  (cost=413.41..413.42 rows=1 width=8)
	  ->  Index Scan using sbtest8_pkey on sbtest8  (cost=0.43..413.14 rows=107 width=4)
	        Index Cond: ((id >= 9418363) AND (id <= 9418462))

for point_selects
table 1 : explain SELECT c FROM sbtest1 WHERE id=4234019
	Index Scan using sbtest1_pkey on sbtest1  (cost=0.43..8.45 rows=1 width=121)
	  Index Cond: (id = 4234019)

table 2 : explain SELECT c FROM sbtest2 WHERE id=9558101
	Index Scan using sbtest2_pkey on sbtest2  (cost=0.43..8.45 rows=1 width=121)
	  Index Cond: (id = 9558101)

table 3 : explain SELECT c FROM sbtest3 WHERE id=8178171
	Index Scan using sbtest3_pkey on sbtest3  (cost=0.43..8.45 rows=1 width=121)
	  Index Cond: (id = 8178171)

table 4 : explain SELECT c FROM sbtest4 WHERE id=5654167
	Index Scan using sbtest4_pkey on sbtest4  (cost=0.43..8.45 rows=1 width=121)
	  Index Cond: (id = 5654167)

table 5 : explain SELECT c FROM sbtest5 WHERE id=1196992
	Index Scan using sbtest5_pkey on sbtest5  (cost=0.43..8.45 rows=1 width=121)
	  Index Cond: (id = 1196992)

table 6 : explain SELECT c FROM sbtest6 WHERE id=8792304
	Index Scan using sbtest6_pkey on sbtest6  (cost=0.43..8.45 rows=1 width=121)
	  Index Cond: (id = 8792304)

table 7 : explain SELECT c FROM sbtest7 WHERE id=1500866
	Index Scan using sbtest7_pkey on sbtest7  (cost=0.43..8.45 rows=1 width=121)
	  Index Cond: (id = 1500866)

table 8 : explain SELECT c FROM sbtest8 WHERE id=4007879
	Index Scan using sbtest8_pkey on sbtest8  (cost=0.43..8.45 rows=1 width=121)
	  Index Cond: (id = 4007879)

explain: for inserts :: explain INSERT INTO sbtest%u (id, k, c, pad) VALUES (%u, 13, 'foobar', 'foobar')
explain: for index_updates :: explain UPDATE sbtest%u SET k=k+1 WHERE id=%u
explain: for deletes :: explain DELETE FROM sbtest%u WHERE id=%u
for point_selects
table 1 : explain SELECT c FROM sbtest1 WHERE id=8421294
	Index Scan using sbtest1_pkey on sbtest1  (cost=0.43..8.45 rows=1 width=121)
	  Index Cond: (id = 8421294)

table 2 : explain SELECT c FROM sbtest2 WHERE id=3236147
	Index Scan using sbtest2_pkey on sbtest2  (cost=0.43..8.45 rows=1 width=121)
	  Index Cond: (id = 3236147)

table 3 : explain SELECT c FROM sbtest3 WHERE id=5894234
	Index Scan using sbtest3_pkey on sbtest3  (cost=0.43..8.45 rows=1 width=121)
	  Index Cond: (id = 5894234)

table 4 : explain SELECT c FROM sbtest4 WHERE id=2119360
	Index Scan using sbtest4_pkey on sbtest4  (cost=0.43..8.45 rows=1 width=121)
	  Index Cond: (id = 2119360)

table 5 : explain SELECT c FROM sbtest5 WHERE id=8755298
	Index Scan using sbtest5_pkey on sbtest5  (cost=0.43..8.45 rows=1 width=121)
	  Index Cond: (id = 8755298)

table 6 : explain SELECT c FROM sbtest6 WHERE id=1890084
	Index Scan using sbtest6_pkey on sbtest6  (cost=0.43..8.45 rows=1 width=121)
	  Index Cond: (id = 1890084)

table 7 : explain SELECT c FROM sbtest7 WHERE id=5615042
	Index Scan using sbtest7_pkey on sbtest7  (cost=0.43..8.45 rows=1 width=121)
	  Index Cond: (id = 5615042)

table 8 : explain SELECT c FROM sbtest8 WHERE id=6103828
	Index Scan using sbtest8_pkey on sbtest8  (cost=0.43..8.45 rows=1 width=121)
	  Index Cond: (id = 6103828)

explain: for index_updates :: explain UPDATE sbtest%u SET k=k+1 WHERE id=%u
for point_selects
table 1 : explain SELECT c FROM sbtest1 WHERE id=2335275
	Index Scan using sbtest1_pkey on sbtest1  (cost=0.43..8.45 rows=1 width=121)
	  Index Cond: (id = 2335275)

table 2 : explain SELECT c FROM sbtest2 WHERE id=2307772
	Index Scan using sbtest2_pkey on sbtest2  (cost=0.43..8.45 rows=1 width=121)
	  Index Cond: (id = 2307772)

table 3 : explain SELECT c FROM sbtest3 WHERE id=2658224
	Index Scan using sbtest3_pkey on sbtest3  (cost=0.43..8.45 rows=1 width=121)
	  Index Cond: (id = 2658224)

table 4 : explain SELECT c FROM sbtest4 WHERE id=319746
	Index Scan using sbtest4_pkey on sbtest4  (cost=0.43..8.45 rows=1 width=121)
	  Index Cond: (id = 319746)

table 5 : explain SELECT c FROM sbtest5 WHERE id=3908733
	Index Scan using sbtest5_pkey on sbtest5  (cost=0.43..8.45 rows=1 width=121)
	  Index Cond: (id = 3908733)

table 6 : explain SELECT c FROM sbtest6 WHERE id=50911
	Index Scan using sbtest6_pkey on sbtest6  (cost=0.43..8.45 rows=1 width=121)
	  Index Cond: (id = 50911)

table 7 : explain SELECT c FROM sbtest7 WHERE id=4347987
	Index Scan using sbtest7_pkey on sbtest7  (cost=0.43..8.45 rows=1 width=121)
	  Index Cond: (id = 4347987)

table 8 : explain SELECT c FROM sbtest8 WHERE id=5508169
	Index Scan using sbtest8_pkey on sbtest8  (cost=0.43..8.45 rows=1 width=121)
	  Index Cond: (id = 5508169)

explain: for index_updates :: explain UPDATE sbtest%u SET k=k+1 WHERE id=%u
for index_updates
table 1 : explain UPDATE sbtest1 SET k=k+1 WHERE id=7426565
	Update on sbtest1  (cost=0.43..8.46 rows=0 width=0)
	  ->  Index Scan using sbtest1_pkey on sbtest1  (cost=0.43..8.46 rows=1 width=10)
	        Index Cond: (id = 7426565)

table 2 : explain UPDATE sbtest2 SET k=k+1 WHERE id=8844919
	Update on sbtest2  (cost=0.43..8.46 rows=0 width=0)
	  ->  Index Scan using sbtest2_pkey on sbtest2  (cost=0.43..8.46 rows=1 width=10)
	        Index Cond: (id = 8844919)

table 3 : explain UPDATE sbtest3 SET k=k+1 WHERE id=5677722
	Update on sbtest3  (cost=0.43..8.46 rows=0 width=0)
	  ->  Index Scan using sbtest3_pkey on sbtest3  (cost=0.43..8.46 rows=1 width=10)
	        Index Cond: (id = 5677722)

table 4 : explain UPDATE sbtest4 SET k=k+1 WHERE id=1751751
	Update on sbtest4  (cost=0.43..8.46 rows=0 width=0)
	  ->  Index Scan using sbtest4_pkey on sbtest4  (cost=0.43..8.46 rows=1 width=10)
	        Index Cond: (id = 1751751)

table 5 : explain UPDATE sbtest5 SET k=k+1 WHERE id=3289938
	Update on sbtest5  (cost=0.43..8.46 rows=0 width=0)
	  ->  Index Scan using sbtest5_pkey on sbtest5  (cost=0.43..8.46 rows=1 width=10)
	        Index Cond: (id = 3289938)

table 6 : explain UPDATE sbtest6 SET k=k+1 WHERE id=5584884
	Update on sbtest6  (cost=0.43..8.46 rows=0 width=0)
	  ->  Index Scan using sbtest6_pkey on sbtest6  (cost=0.43..8.46 rows=1 width=10)
	        Index Cond: (id = 5584884)

table 7 : explain UPDATE sbtest7 SET k=k+1 WHERE id=2762630
	Update on sbtest7  (cost=0.43..8.46 rows=0 width=0)
	  ->  Index Scan using sbtest7_pkey on sbtest7  (cost=0.43..8.46 rows=1 width=10)
	        Index Cond: (id = 2762630)

table 8 : explain UPDATE sbtest8 SET k=k+1 WHERE id=2070562
	Update on sbtest8  (cost=0.43..8.46 rows=0 width=0)
	  ->  Index Scan using sbtest8_pkey on sbtest8  (cost=0.43..8.46 rows=1 width=10)
	        Index Cond: (id = 2070562)

explain: for point_selects :: explain SELECT c FROM sbtest%u WHERE id=%u
for: order_ranges
table 1 : explain SELECT c FROM sbtest1 WHERE id BETWEEN 2838220 AND 2838319 ORDER BY c
	Sort  (cost=396.13..396.38 rows=102 width=121)
	  Sort Key: c
	  ->  Index Scan using sbtest1_pkey on sbtest1  (cost=0.43..392.72 rows=102 width=121)
	        Index Cond: ((id >= 2838220) AND (id <= 2838319))

table 2 : explain SELECT c FROM sbtest2 WHERE id BETWEEN 5405941 AND 5406040 ORDER BY c
	Sort  (cost=349.43..349.65 rows=90 width=121)
	  Sort Key: c
	  ->  Index Scan using sbtest2_pkey on sbtest2  (cost=0.43..346.51 rows=90 width=121)
	        Index Cond: ((id >= 5405941) AND (id <= 5406040))

table 3 : explain SELECT c FROM sbtest3 WHERE id BETWEEN 7881569 AND 7881668 ORDER BY c
	Sort  (cost=409.36..409.63 rows=106 width=121)
	  Sort Key: c
	  ->  Index Scan using sbtest3_pkey on sbtest3  (cost=0.43..405.80 rows=106 width=121)
	        Index Cond: ((id >= 7881569) AND (id <= 7881668))

table 4 : explain SELECT c FROM sbtest4 WHERE id BETWEEN 3553033 AND 3553132 ORDER BY c
	Sort  (cost=353.19..353.42 rows=91 width=121)
	  Sort Key: c
	  ->  Index Scan using sbtest4_pkey on sbtest4  (cost=0.43..350.23 rows=91 width=121)
	        Index Cond: ((id >= 3553033) AND (id <= 3553132))

table 5 : explain SELECT c FROM sbtest5 WHERE id BETWEEN 7684068 AND 7684167 ORDER BY c
	Sort  (cost=396.80..397.05 rows=102 width=121)
	  Sort Key: c
	  ->  Index Scan using sbtest5_pkey on sbtest5  (cost=0.43..393.40 rows=102 width=121)
	        Index Cond: ((id >= 7684068) AND (id <= 7684167))

table 6 : explain SELECT c FROM sbtest6 WHERE id BETWEEN 7143976 AND 7144075 ORDER BY c
	Sort  (cost=352.73..352.95 rows=91 width=121)
	  Sort Key: c
	  ->  Index Scan using sbtest6_pkey on sbtest6  (cost=0.43..349.76 rows=91 width=121)
	        Index Cond: ((id >= 7143976) AND (id <= 7144075))

table 7 : explain SELECT c FROM sbtest7 WHERE id BETWEEN 6430577 AND 6430676 ORDER BY c
	Sort  (cost=357.31..357.54 rows=92 width=121)
	  Sort Key: c
	  ->  Index Scan using sbtest7_pkey on sbtest7  (cost=0.43..354.31 rows=92 width=121)
	        Index Cond: ((id >= 6430577) AND (id <= 6430676))

table 8 : explain SELECT c FROM sbtest8 WHERE id BETWEEN 4792764 AND 4792863 ORDER BY c
	Sort  (cost=405.18..405.44 rows=104 width=121)
	  Sort Key: c
	  ->  Index Scan using sbtest8_pkey on sbtest8  (cost=0.43..401.69 rows=104 width=121)
	        Index Cond: ((id >= 4792764) AND (id <= 4792863))

explain: for point_selects :: explain SELECT c FROM sbtest%u WHERE id=%u
for: sum_ranges
table 1 : explain SELECT SUM(k) FROM sbtest1 WHERE id BETWEEN 1328019 AND 1328118
	Aggregate  (cost=373.90..373.91 rows=1 width=8)
	  ->  Index Scan using sbtest1_pkey on sbtest1  (cost=0.43..373.66 rows=97 width=4)
	        Index Cond: ((id >= 1328019) AND (id <= 1328118))

table 2 : explain SELECT SUM(k) FROM sbtest2 WHERE id BETWEEN 3382089 AND 3382188
	Aggregate  (cost=350.53..350.54 rows=1 width=8)
	  ->  Index Scan using sbtest2_pkey on sbtest2  (cost=0.43..350.30 rows=91 width=4)
	        Index Cond: ((id >= 3382089) AND (id <= 3382188))

table 3 : explain SELECT SUM(k) FROM sbtest3 WHERE id BETWEEN 367256 AND 367355
	Aggregate  (cost=387.14..387.15 rows=1 width=8)
	  ->  Index Scan using sbtest3_pkey on sbtest3  (cost=0.43..386.88 rows=101 width=4)
	        Index Cond: ((id >= 367256) AND (id <= 367355))

table 4 : explain SELECT SUM(k) FROM sbtest4 WHERE id BETWEEN 1964475 AND 1964574
	Aggregate  (cost=407.43..407.44 rows=1 width=8)
	  ->  Index Scan using sbtest4_pkey on sbtest4  (cost=0.43..407.17 rows=106 width=4)
	        Index Cond: ((id >= 1964475) AND (id <= 1964574))

table 5 : explain SELECT SUM(k) FROM sbtest5 WHERE id BETWEEN 7367267 AND 7367366
	Aggregate  (cost=370.78..370.79 rows=1 width=8)
	  ->  Index Scan using sbtest5_pkey on sbtest5  (cost=0.43..370.54 rows=96 width=4)
	        Index Cond: ((id >= 7367267) AND (id <= 7367366))

table 6 : explain SELECT SUM(k) FROM sbtest6 WHERE id BETWEEN 5828439 AND 5828538
	Aggregate  (cost=406.95..406.96 rows=1 width=8)
	  ->  Index Scan using sbtest6_pkey on sbtest6  (cost=0.43..406.69 rows=106 width=4)
	        Index Cond: ((id >= 5828439) AND (id <= 5828538))

table 7 : explain SELECT SUM(k) FROM sbtest7 WHERE id BETWEEN 9696354 AND 9696453
	Aggregate  (cost=404.02..404.03 rows=1 width=8)
	  ->  Index Scan using sbtest7_pkey on sbtest7  (cost=0.43..403.76 rows=105 width=4)
	        Index Cond: ((id >= 9696354) AND (id <= 9696453))

table 8 : explain SELECT SUM(k) FROM sbtest8 WHERE id BETWEEN 8807852 AND 8807951
	Aggregate  (cost=409.59..409.60 rows=1 width=8)
	  ->  Index Scan using sbtest8_pkey on sbtest8  (cost=0.43..409.32 rows=106 width=4)
	        Index Cond: ((id >= 8807852) AND (id <= 8807951))
for: distinct_ranges
table 1 : explain SELECT DISTINCT c FROM sbtest1 WHERE id BETWEEN 5813955 AND 5814054 ORDER BY c
	Unique  (cost=349.96..350.41 rows=90 width=121)
	  ->  Sort  (cost=349.96..350.18 rows=90 width=121)
	        Sort Key: c
	        ->  Index Scan using sbtest1_pkey on sbtest1  (cost=0.43..347.03 rows=90 width=121)
	              Index Cond: ((id >= 5813955) AND (id <= 5814054))

table 2 : explain SELECT DISTINCT c FROM sbtest2 WHERE id BETWEEN 9764476 AND 9764575 ORDER BY c
	Unique  (cost=391.69..392.20 rows=101 width=121)
	  ->  Sort  (cost=391.69..391.94 rows=101 width=121)
	        Sort Key: c
	        ->  Index Scan using sbtest2_pkey on sbtest2  (cost=0.43..388.33 rows=101 width=121)
	              Index Cond: ((id >= 9764476) AND (id <= 9764575))

table 3 : explain SELECT DISTINCT c FROM sbtest3 WHERE id BETWEEN 7374962 AND 7375061 ORDER BY c
	Unique  (cost=390.25..390.75 rows=101 width=121)
	  ->  Sort  (cost=390.25..390.50 rows=101 width=121)
	        Sort Key: c
	        ->  Index Scan using sbtest3_pkey on sbtest3  (cost=0.43..386.88 rows=101 width=121)
	              Index Cond: ((id >= 7374962) AND (id <= 7375061))

table 4 : explain SELECT DISTINCT c FROM sbtest4 WHERE id BETWEEN 9657225 AND 9657324 ORDER BY c
	Unique  (cost=372.37..372.85 rows=96 width=121)
	  ->  Sort  (cost=372.37..372.61 rows=96 width=121)
	        Sort Key: c
	        ->  Index Scan using sbtest4_pkey on sbtest4  (cost=0.43..369.21 rows=96 width=121)
	              Index Cond: ((id >= 9657225) AND (id <= 9657324))

table 5 : explain SELECT DISTINCT c FROM sbtest5 WHERE id BETWEEN 414996 AND 415095 ORDER BY c
	Unique  (cost=385.25..385.74 rows=99 width=121)
	  ->  Sort  (cost=385.25..385.50 rows=99 width=121)
	        Sort Key: c
	        ->  Index Scan using sbtest5_pkey on sbtest5  (cost=0.43..381.97 rows=99 width=121)
	              Index Cond: ((id >= 414996) AND (id <= 415095))

table 6 : explain SELECT DISTINCT c FROM sbtest6 WHERE id BETWEEN 5446325 AND 5446424 ORDER BY c
	Unique  (cost=429.41..429.97 rows=111 width=121)
	  ->  Sort  (cost=429.41..429.69 rows=111 width=121)
	        Sort Key: c
	        ->  Index Scan using sbtest6_pkey on sbtest6  (cost=0.43..425.64 rows=111 width=121)
	              Index Cond: ((id >= 5446325) AND (id <= 5446424))

table 7 : explain SELECT DISTINCT c FROM sbtest7 WHERE id BETWEEN 1608997 AND 1609096 ORDER BY c
	Unique  (cost=376.51..376.99 rows=97 width=121)
	  ->  Sort  (cost=376.51..376.75 rows=97 width=121)
	        Sort Key: c
	        ->  Index Scan using sbtest7_pkey on sbtest7  (cost=0.43..373.31 rows=97 width=121)
	              Index Cond: ((id >= 1608997) AND (id <= 1609096))

table 8 : explain SELECT DISTINCT c FROM sbtest8 WHERE id BETWEEN 5133755 AND 5133854 ORDER BY c
	Unique  (cost=381.98..382.47 rows=98 width=121)
	  ->  Sort  (cost=381.98..382.23 rows=98 width=121)
	        Sort Key: c
	        ->  Index Scan using sbtest8_pkey on sbtest8  (cost=0.43..378.74 rows=98 width=121)
	              Index Cond: ((id >= 5133755) AND (id <= 5133854))


for deletes
table 1 : explain DELETE FROM sbtest1 WHERE id=9057892
	Delete on sbtest1  (cost=0.43..8.45 rows=0 width=0)
	  ->  Index Scan using sbtest1_pkey on sbtest1  (cost=0.43..8.45 rows=1 width=6)
	        Index Cond: (id = 9057892)

table 2 : explain DELETE FROM sbtest2 WHERE id=2488536
	Delete on sbtest2  (cost=0.43..8.45 rows=0 width=0)
	  ->  Index Scan using sbtest2_pkey on sbtest2  (cost=0.43..8.45 rows=1 width=6)
	        Index Cond: (id = 2488536)

table 3 : explain DELETE FROM sbtest3 WHERE id=3322683
	Delete on sbtest3  (cost=0.43..8.45 rows=0 width=0)
	  ->  Index Scan using sbtest3_pkey on sbtest3  (cost=0.43..8.45 rows=1 width=6)
	        Index Cond: (id = 3322683)

table 4 : explain DELETE FROM sbtest4 WHERE id=2640606
	Delete on sbtest4  (cost=0.43..8.45 rows=0 width=0)
	  ->  Index Scan using sbtest4_pkey on sbtest4  (cost=0.43..8.45 rows=1 width=6)
	        Index Cond: (id = 2640606)

table 5 : explain DELETE FROM sbtest5 WHERE id=7179993
	Delete on sbtest5  (cost=0.43..8.45 rows=0 width=0)
	  ->  Index Scan using sbtest5_pkey on sbtest5  (cost=0.43..8.45 rows=1 width=6)
	        Index Cond: (id = 7179993)

table 6 : explain DELETE FROM sbtest6 WHERE id=1494349
	Delete on sbtest6  (cost=0.43..8.45 rows=0 width=0)
	  ->  Index Scan using sbtest6_pkey on sbtest6  (cost=0.43..8.45 rows=1 width=6)
	        Index Cond: (id = 1494349)

table 7 : explain DELETE FROM sbtest7 WHERE id=1493440
	Delete on sbtest7  (cost=0.43..8.45 rows=0 width=0)
	  ->  Index Scan using sbtest7_pkey on sbtest7  (cost=0.43..8.45 rows=1 width=6)
	        Index Cond: (id = 1493440)

table 8 : explain DELETE FROM sbtest8 WHERE id=3904854
	Delete on sbtest8  (cost=0.43..8.45 rows=0 width=0)
	  ->  Index Scan using sbtest8_pkey on sbtest8  (cost=0.43..8.45 rows=1 width=6)
	        Index Cond: (id = 3904854)

explain: for point_selects :: explain SELECT c FROM sbtest%u WHERE id=%u
for inserts
table 1 : explain INSERT INTO sbtest1 (id, k, c, pad) VALUES (7639509, 13, 'foobar', 'foobar')
	Insert on sbtest1  (cost=0.00..0.01 rows=0 width=0)
	  ->  Result  (cost=0.00..0.01 rows=1 width=736)

table 2 : explain INSERT INTO sbtest2 (id, k, c, pad) VALUES (8972370, 13, 'foobar', 'foobar')
	Insert on sbtest2  (cost=0.00..0.01 rows=0 width=0)
	  ->  Result  (cost=0.00..0.01 rows=1 width=736)

table 3 : explain INSERT INTO sbtest3 (id, k, c, pad) VALUES (8199482, 13, 'foobar', 'foobar')
	Insert on sbtest3  (cost=0.00..0.01 rows=0 width=0)
	  ->  Result  (cost=0.00..0.01 rows=1 width=736)

table 4 : explain INSERT INTO sbtest4 (id, k, c, pad) VALUES (4779091, 13, 'foobar', 'foobar')
	Insert on sbtest4  (cost=0.00..0.01 rows=0 width=0)
	  ->  Result  (cost=0.00..0.01 rows=1 width=736)

table 5 : explain INSERT INTO sbtest5 (id, k, c, pad) VALUES (9623818, 13, 'foobar', 'foobar')
	Insert on sbtest5  (cost=0.00..0.01 rows=0 width=0)
	  ->  Result  (cost=0.00..0.01 rows=1 width=736)

table 6 : explain INSERT INTO sbtest6 (id, k, c, pad) VALUES (2775833, 13, 'foobar', 'foobar')
	Insert on sbtest6  (cost=0.00..0.01 rows=0 width=0)
	  ->  Result  (cost=0.00..0.01 rows=1 width=736)

table 7 : explain INSERT INTO sbtest7 (id, k, c, pad) VALUES (4295132, 13, 'foobar', 'foobar')
	Insert on sbtest7  (cost=0.00..0.01 rows=0 width=0)
	  ->  Result  (cost=0.00..0.01 rows=1 width=736)

table 8 : explain INSERT INTO sbtest8 (id, k, c, pad) VALUES (6037130, 13, 'foobar', 'foobar')
	Insert on sbtest8  (cost=0.00..0.01 rows=0 width=0)
	  ->  Result  (cost=0.00..0.01 rows=1 width=736)

for: order_ranges
table 1 : explain SELECT c FROM sbtest1 WHERE id BETWEEN 442837 AND 442936 ORDER BY c
	Sort  (cost=388.44..388.69 rows=100 width=121)
	  Sort Key: c
	  ->  Index Scan using sbtest1_pkey on sbtest1  (cost=0.43..385.12 rows=100 width=121)
	        Index Cond: ((id >= 442837) AND (id <= 442936))

table 2 : explain SELECT c FROM sbtest2 WHERE id BETWEEN 1719002 AND 1719101 ORDER BY c
	Sort  (cost=395.53..395.78 rows=102 width=121)
	  Sort Key: c
	  ->  Index Scan using sbtest2_pkey on sbtest2  (cost=0.43..392.13 rows=102 width=121)
	        Index Cond: ((id >= 1719002) AND (id <= 1719101))

table 3 : explain SELECT c FROM sbtest3 WHERE id BETWEEN 4044826 AND 4044925 ORDER BY c
	Sort  (cost=363.43..363.66 rows=94 width=121)
	  Sort Key: c
	  ->  Index Scan using sbtest3_pkey on sbtest3  (cost=0.43..360.35 rows=94 width=121)
	        Index Cond: ((id >= 4044826) AND (id <= 4044925))

table 4 : explain SELECT c FROM sbtest4 WHERE id BETWEEN 3197201 AND 3197300 ORDER BY c
	Sort  (cost=376.21..376.45 rows=97 width=121)
	  Sort Key: c
	  ->  Index Scan using sbtest4_pkey on sbtest4  (cost=0.43..373.01 rows=97 width=121)
	        Index Cond: ((id >= 3197201) AND (id <= 3197300))

table 5 : explain SELECT c FROM sbtest5 WHERE id BETWEEN 6947643 AND 6947742 ORDER BY c
	Sort  (cost=400.65..400.91 rows=103 width=121)
	  Sort Key: c
	  ->  Index Scan using sbtest5_pkey on sbtest5  (cost=0.43..397.21 rows=103 width=121)
	        Index Cond: ((id >= 6947643) AND (id <= 6947742))

table 6 : explain SELECT c FROM sbtest6 WHERE id BETWEEN 9978711 AND 9978810 ORDER BY c
	Sort  (cost=371.88..372.12 rows=96 width=121)
	  Sort Key: c
	  ->  Index Scan using sbtest6_pkey on sbtest6  (cost=0.43..368.72 rows=96 width=121)
	        Index Cond: ((id >= 9978711) AND (id <= 9978810))

table 7 : explain SELECT c FROM sbtest7 WHERE id BETWEEN 2224483 AND 2224582 ORDER BY c
	Sort  (cost=395.76..396.02 rows=102 width=121)
	  Sort Key: c
	  ->  Index Scan using sbtest7_pkey on sbtest7  (cost=0.43..392.36 rows=102 width=121)
	        Index Cond: ((id >= 2224483) AND (id <= 2224582))

table 8 : explain SELECT c FROM sbtest8 WHERE id BETWEEN 3394360 AND 3394459 ORDER BY c
	Sort  (cost=397.46..397.72 rows=102 width=121)
	  Sort Key: c
	  ->  Index Scan using sbtest8_pkey on sbtest8  (cost=0.43..394.06 rows=102 width=121)
	        Index Cond: ((id >= 3394360) AND (id <= 3394459))

for index_updates
table 1 : explain UPDATE sbtest1 SET k=k+1 WHERE id=390111
	Update on sbtest1  (cost=0.43..8.46 rows=0 width=0)
	  ->  Index Scan using sbtest1_pkey on sbtest1  (cost=0.43..8.46 rows=1 width=10)
	        Index Cond: (id = 390111)

table 2 : explain UPDATE sbtest2 SET k=k+1 WHERE id=5483311
	Update on sbtest2  (cost=0.43..8.46 rows=0 width=0)
	  ->  Index Scan using sbtest2_pkey on sbtest2  (cost=0.43..8.46 rows=1 width=10)
	        Index Cond: (id = 5483311)

table 3 : explain UPDATE sbtest3 SET k=k+1 WHERE id=1776459
	Update on sbtest3  (cost=0.43..8.46 rows=0 width=0)
	  ->  Index Scan using sbtest3_pkey on sbtest3  (cost=0.43..8.46 rows=1 width=10)
	        Index Cond: (id = 1776459)

table 4 : explain UPDATE sbtest4 SET k=k+1 WHERE id=953311
	Update on sbtest4  (cost=0.43..8.46 rows=0 width=0)
	  ->  Index Scan using sbtest4_pkey on sbtest4  (cost=0.43..8.46 rows=1 width=10)
	        Index Cond: (id = 953311)

table 5 : explain UPDATE sbtest5 SET k=k+1 WHERE id=8257212
	Update on sbtest5  (cost=0.43..8.46 rows=0 width=0)
	  ->  Index Scan using sbtest5_pkey on sbtest5  (cost=0.43..8.46 rows=1 width=10)
	        Index Cond: (id = 8257212)

table 6 : explain UPDATE sbtest6 SET k=k+1 WHERE id=6545370
	Update on sbtest6  (cost=0.43..8.46 rows=0 width=0)
	  ->  Index Scan using sbtest6_pkey on sbtest6  (cost=0.43..8.46 rows=1 width=10)
	        Index Cond: (id = 6545370)

table 7 : explain UPDATE sbtest7 SET k=k+1 WHERE id=5982690
	Update on sbtest7  (cost=0.43..8.46 rows=0 width=0)
	  ->  Index Scan using sbtest7_pkey on sbtest7  (cost=0.43..8.46 rows=1 width=10)
	        Index Cond: (id = 5982690)

table 8 : explain UPDATE sbtest8 SET k=k+1 WHERE id=906218
	Update on sbtest8  (cost=0.43..8.46 rows=0 width=0)
	  ->  Index Scan using sbtest8_pkey on sbtest8  (cost=0.43..8.46 rows=1 width=10)
	        Index Cond: (id = 906218)

explain: for non_index_updates :: explain UPDATE sbtest%u SET c='foobar' WHERE id=%u
explain: for index_updates :: explain UPDATE sbtest%u SET k=k+1 WHERE id=%u
for index_updates
table 1 : explain UPDATE sbtest1 SET k=k+1 WHERE id=1634780
	Update on sbtest1  (cost=0.43..8.46 rows=0 width=0)
	  ->  Index Scan using sbtest1_pkey on sbtest1  (cost=0.43..8.46 rows=1 width=10)
	        Index Cond: (id = 1634780)

table 2 : explain UPDATE sbtest2 SET k=k+1 WHERE id=1889620
	Update on sbtest2  (cost=0.43..8.46 rows=0 width=0)
	  ->  Index Scan using sbtest2_pkey on sbtest2  (cost=0.43..8.46 rows=1 width=10)
	        Index Cond: (id = 1889620)

table 3 : explain UPDATE sbtest3 SET k=k+1 WHERE id=6738282
	Update on sbtest3  (cost=0.43..8.46 rows=0 width=0)
	  ->  Index Scan using sbtest3_pkey on sbtest3  (cost=0.43..8.46 rows=1 width=10)
	        Index Cond: (id = 6738282)

table 4 : explain UPDATE sbtest4 SET k=k+1 WHERE id=5359790
	Update on sbtest4  (cost=0.43..8.46 rows=0 width=0)
	  ->  Index Scan using sbtest4_pkey on sbtest4  (cost=0.43..8.46 rows=1 width=10)
	        Index Cond: (id = 5359790)

table 5 : explain UPDATE sbtest5 SET k=k+1 WHERE id=5066616
	Update on sbtest5  (cost=0.43..8.46 rows=0 width=0)
	  ->  Index Scan using sbtest5_pkey on sbtest5  (cost=0.43..8.46 rows=1 width=10)
	        Index Cond: (id = 5066616)

table 6 : explain UPDATE sbtest6 SET k=k+1 WHERE id=6478964
	Update on sbtest6  (cost=0.43..8.46 rows=0 width=0)
	  ->  Index Scan using sbtest6_pkey on sbtest6  (cost=0.43..8.46 rows=1 width=10)
	        Index Cond: (id = 6478964)

table 7 : explain UPDATE sbtest7 SET k=k+1 WHERE id=8805243
	Update on sbtest7  (cost=0.43..8.46 rows=0 width=0)
	  ->  Index Scan using sbtest7_pkey on sbtest7  (cost=0.43..8.46 rows=1 width=10)
	        Index Cond: (id = 8805243)

table 8 : explain UPDATE sbtest8 SET k=k+1 WHERE id=5413418
	Update on sbtest8  (cost=0.43..8.46 rows=0 width=0)
	  ->  Index Scan using sbtest8_pkey on sbtest8  (cost=0.43..8.46 rows=1 width=10)
	        Index Cond: (id = 5413418)

for: order_ranges
table 1 : explain SELECT c FROM sbtest1 WHERE id BETWEEN 8067119 AND 8067218 ORDER BY c
	Sort  (cost=369.17..369.41 rows=95 width=121)
	  Sort Key: c
	  ->  Index Scan using sbtest1_pkey on sbtest1  (cost=0.43..366.05 rows=95 width=121)
	        Index Cond: ((id >= 8067119) AND (id <= 8067218))

table 2 : explain SELECT c FROM sbtest2 WHERE id BETWEEN 5597090 AND 5597189 ORDER BY c
	Sort  (cost=349.43..349.65 rows=90 width=121)
	  Sort Key: c
	  ->  Index Scan using sbtest2_pkey on sbtest2  (cost=0.43..346.51 rows=90 width=121)
	        Index Cond: ((id >= 5597090) AND (id <= 5597189))

table 3 : explain SELECT c FROM sbtest3 WHERE id BETWEEN 5508375 AND 5508474 ORDER BY c
	Sort  (cost=394.07..394.32 rows=102 width=121)
	  Sort Key: c
	  ->  Index Scan using sbtest3_pkey on sbtest3  (cost=0.43..390.67 rows=102 width=121)
	        Index Cond: ((id >= 5508375) AND (id <= 5508474))

table 4 : explain SELECT c FROM sbtest4 WHERE id BETWEEN 925319 AND 925418 ORDER BY c
	Sort  (cost=429.92..430.19 rows=111 width=121)
	  Sort Key: c
	  ->  Index Scan using sbtest4_pkey on sbtest4  (cost=0.43..426.14 rows=111 width=121)
	        Index Cond: ((id >= 925319) AND (id <= 925418))

table 5 : explain SELECT c FROM sbtest5 WHERE id BETWEEN 5054528 AND 5054627 ORDER BY c
	Sort  (cost=373.70..373.94 rows=96 width=121)
	  Sort Key: c
	  ->  Index Scan using sbtest5_pkey on sbtest5  (cost=0.43..370.54 rows=96 width=121)
	        Index Cond: ((id >= 5054528) AND (id <= 5054627))

table 6 : explain SELECT c FROM sbtest6 WHERE id BETWEEN 8590237 AND 8590336 ORDER BY c
	Sort  (cost=394.93..395.18 rows=102 width=121)
	  Sort Key: c
	  ->  Index Scan using sbtest6_pkey on sbtest6  (cost=0.43..391.52 rows=102 width=121)
	        Index Cond: ((id >= 8590237) AND (id <= 8590336))

table 7 : explain SELECT c FROM sbtest7 WHERE id BETWEEN 2615515 AND 2615614 ORDER BY c
	Sort  (cost=395.76..396.02 rows=102 width=121)
	  Sort Key: c
	  ->  Index Scan using sbtest7_pkey on sbtest7  (cost=0.43..392.36 rows=102 width=121)
	        Index Cond: ((id >= 2615515) AND (id <= 2615614))

table 8 : explain SELECT c FROM sbtest8 WHERE id BETWEEN 9171660 AND 9171759 ORDER BY c
	Sort  (cost=397.46..397.72 rows=102 width=121)
	  Sort Key: c
	  ->  Index Scan using sbtest8_pkey on sbtest8  (cost=0.43..394.06 rows=102 width=121)
	        Index Cond: ((id >= 9171660) AND (id <= 9171759))

for: order_ranges
table 1 : explain SELECT c FROM sbtest1 WHERE id BETWEEN 5317232 AND 5317331 ORDER BY c
	Sort  (cost=399.97..400.23 rows=103 width=121)
	  Sort Key: c
	  ->  Index Scan using sbtest1_pkey on sbtest1  (cost=0.43..396.53 rows=103 width=121)
	        Index Cond: ((id >= 5317232) AND (id <= 5317331))

table 2 : explain SELECT c FROM sbtest2 WHERE id BETWEEN 646058 AND 646157 ORDER BY c
	Sort  (cost=403.20..403.46 rows=104 width=121)
	  Sort Key: c
	  ->  Index Scan using sbtest2_pkey on sbtest2  (cost=0.43..399.72 rows=104 width=121)
	        Index Cond: ((id >= 646058) AND (id <= 646157))

table 3 : explain SELECT c FROM sbtest3 WHERE id BETWEEN 9236139 AND 9236238 ORDER BY c
	Sort  (cost=367.25..367.49 rows=95 width=121)
	  Sort Key: c
	  ->  Index Scan using sbtest3_pkey on sbtest3  (cost=0.43..364.13 rows=95 width=121)
	        Index Cond: ((id >= 9236139) AND (id <= 9236238))

table 4 : explain SELECT c FROM sbtest4 WHERE id BETWEEN 4835555 AND 4835654 ORDER BY c
	Sort  (cost=360.86..361.10 rows=93 width=121)
	  Sort Key: c
	  ->  Index Scan using sbtest4_pkey on sbtest4  (cost=0.43..357.82 rows=93 width=121)
	        Index Cond: ((id >= 4835555) AND (id <= 4835654))

table 5 : explain SELECT c FROM sbtest5 WHERE id BETWEEN 8594976 AND 8595075 ORDER BY c
	Sort  (cost=369.85..370.09 rows=95 width=121)
	  Sort Key: c
	  ->  Index Scan using sbtest5_pkey on sbtest5  (cost=0.43..366.73 rows=95 width=121)
	        Index Cond: ((id >= 8594976) AND (id <= 8595075))

table 6 : explain SELECT c FROM sbtest6 WHERE id BETWEEN 7375340 AND 7375439 ORDER BY c
	Sort  (cost=368.05..368.29 rows=95 width=121)
	  Sort Key: c
	  ->  Index Scan using sbtest6_pkey on sbtest6  (cost=0.43..364.93 rows=95 width=121)
	        Index Cond: ((id >= 7375340) AND (id <= 7375439))

table 7 : explain SELECT c FROM sbtest7 WHERE id BETWEEN 8761435 AND 8761534 ORDER BY c
	Sort  (cost=384.24..384.49 rows=99 width=121)
	  Sort Key: c
	  ->  Index Scan using sbtest7_pkey on sbtest7  (cost=0.43..380.96 rows=99 width=121)
	        Index Cond: ((id >= 8761435) AND (id <= 8761534))

table 8 : explain SELECT c FROM sbtest8 WHERE id BETWEEN 4172472 AND 4172571 ORDER BY c
	Sort  (cost=397.46..397.72 rows=102 width=121)
	  Sort Key: c
	  ->  Index Scan using sbtest8_pkey on sbtest8  (cost=0.43..394.06 rows=102 width=121)
	        Index Cond: ((id >= 4172472) AND (id <= 4172571))

for: simple_ranges
table 1 : explain SELECT c FROM sbtest1 WHERE id BETWEEN 6213876 AND 6213975
	Index Scan using sbtest1_pkey on sbtest1  (cost=0.43..369.85 rows=96 width=121)
	  Index Cond: ((id >= 6213876) AND (id <= 6213975))

table 2 : explain SELECT c FROM sbtest2 WHERE id BETWEEN 7473832 AND 7473931
	Index Scan using sbtest2_pkey on sbtest2  (cost=0.43..373.08 rows=97 width=121)
	  Index Cond: ((id >= 7473832) AND (id <= 7473931))

table 3 : explain SELECT c FROM sbtest3 WHERE id BETWEEN 8269348 AND 8269447
	Index Scan using sbtest3_pkey on sbtest3  (cost=0.43..371.69 rows=97 width=121)
	  Index Cond: ((id >= 8269348) AND (id <= 8269447))

table 4 : explain SELECT c FROM sbtest4 WHERE id BETWEEN 9641388 AND 9641487
	Index Scan using sbtest4_pkey on sbtest4  (cost=0.43..369.21 rows=96 width=121)
	  Index Cond: ((id >= 9641388) AND (id <= 9641487))

table 5 : explain SELECT c FROM sbtest5 WHERE id BETWEEN 9981459 AND 9981558
	Index Scan using sbtest5_pkey on sbtest5  (cost=0.43..401.02 rows=104 width=121)
	  Index Cond: ((id >= 9981459) AND (id <= 9981558))

table 6 : explain SELECT c FROM sbtest6 WHERE id BETWEEN 5386926 AND 5387025
	Index Scan using sbtest6_pkey on sbtest6  (cost=0.43..425.64 rows=111 width=121)
	  Index Cond: ((id >= 5386926) AND (id <= 5387025))

table 7 : explain SELECT c FROM sbtest7 WHERE id BETWEEN 1313864 AND 1313963
	Index Scan using sbtest7_pkey on sbtest7  (cost=0.43..369.51 rows=96 width=121)
	  Index Cond: ((id >= 1313864) AND (id <= 1313963))

table 8 : explain SELECT c FROM sbtest8 WHERE id BETWEEN 7807665 AND 7807764
	Index Scan using sbtest8_pkey on sbtest8  (cost=0.43..363.48 rows=94 width=121)
	  Index Cond: ((id >= 7807665) AND (id <= 7807764))

explain: for non_index_updates :: explain UPDATE sbtest%u SET c='foobar' WHERE id=%u
for: simple_ranges
table 1 : explain SELECT c FROM sbtest1 WHERE id BETWEEN 161541 AND 161640
	Index Scan using sbtest1_pkey on sbtest1  (cost=0.43..385.12 rows=100 width=121)
	  Index Cond: ((id >= 161541) AND (id <= 161640))

table 2 : explain SELECT c FROM sbtest2 WHERE id BETWEEN 3734576 AND 3734675
	Index Scan using sbtest2_pkey on sbtest2  (cost=0.43..384.53 rows=100 width=121)
	  Index Cond: ((id >= 3734576) AND (id <= 3734675))

table 3 : explain SELECT c FROM sbtest3 WHERE id BETWEEN 2974215 AND 2974314
	Index Scan using sbtest3_pkey on sbtest3  (cost=0.43..367.91 rows=96 width=121)
	  Index Cond: ((id >= 2974215) AND (id <= 2974314))

table 4 : explain SELECT c FROM sbtest4 WHERE id BETWEEN 2294481 AND 2294580
	Index Scan using sbtest4_pkey on sbtest4  (cost=0.43..365.41 rows=95 width=121)
	  Index Cond: ((id >= 2294481) AND (id <= 2294580))

table 5 : explain SELECT c FROM sbtest5 WHERE id BETWEEN 3384246 AND 3384345
	Index Scan using sbtest5_pkey on sbtest5  (cost=0.43..435.30 rows=113 width=121)
	  Index Cond: ((id >= 3384246) AND (id <= 3384345))

table 6 : explain SELECT c FROM sbtest6 WHERE id BETWEEN 7717231 AND 7717330
	Index Scan using sbtest6_pkey on sbtest6  (cost=0.43..353.56 rows=92 width=121)
	  Index Cond: ((id >= 7717231) AND (id <= 7717330))

table 7 : explain SELECT c FROM sbtest7 WHERE id BETWEEN 9058947 AND 9059046
	Index Scan using sbtest7_pkey on sbtest7  (cost=0.43..411.35 rows=107 width=121)
	  Index Cond: ((id >= 9058947) AND (id <= 9059046))

table 8 : explain SELECT c FROM sbtest8 WHERE id BETWEEN 4423439 AND 4423538
	Index Scan using sbtest8_pkey on sbtest8  (cost=0.43..378.79 rows=98 width=121)
	  Index Cond: ((id >= 4423439) AND (id <= 4423538))

explain: for inserts :: explain INSERT INTO sbtest%u (id, k, c, pad) VALUES (%u, 13, 'foobar', 'foobar')
explain: for non_index_updates :: explain UPDATE sbtest%u SET c='foobar' WHERE id=%u
for: simple_ranges
table 1 : explain SELECT c FROM sbtest1 WHERE id BETWEEN 1267850 AND 1267949
	Index Scan using sbtest1_pkey on sbtest1  (cost=0.43..373.66 rows=97 width=121)
	  Index Cond: ((id >= 1267850) AND (id <= 1267949))

table 2 : explain SELECT c FROM sbtest2 WHERE id BETWEEN 693630 AND 693729
	Index Scan using sbtest2_pkey on sbtest2  (cost=0.43..411.11 rows=107 width=121)
	  Index Cond: ((id >= 693630) AND (id <= 693729))

table 3 : explain SELECT c FROM sbtest3 WHERE id BETWEEN 4442421 AND 4442520
	Index Scan using sbtest3_pkey on sbtest3  (cost=0.43..367.91 rows=96 width=121)
	  Index Cond: ((id >= 4442421) AND (id <= 4442520))

table 4 : explain SELECT c FROM sbtest4 WHERE id BETWEEN 6113674 AND 6113773
	Index Scan using sbtest4_pkey on sbtest4  (cost=0.43..376.80 rows=98 width=121)
	  Index Cond: ((id >= 6113674) AND (id <= 6113773))

table 5 : explain SELECT c FROM sbtest5 WHERE id BETWEEN 8811902 AND 8812001
	Index Scan using sbtest5_pkey on sbtest5  (cost=0.43..381.97 rows=99 width=121)
	  Index Cond: ((id >= 8811902) AND (id <= 8812001))

table 6 : explain SELECT c FROM sbtest6 WHERE id BETWEEN 3693447 AND 3693546
	Index Scan using sbtest6_pkey on sbtest6  (cost=0.43..418.06 rows=109 width=121)
	  Index Cond: ((id >= 3693447) AND (id <= 3693546))

table 7 : explain SELECT c FROM sbtest7 WHERE id BETWEEN 4389096 AND 4389195
	Index Scan using sbtest7_pkey on sbtest7  (cost=0.43..418.95 rows=109 width=121)
	  Index Cond: ((id >= 4389096) AND (id <= 4389195))

table 8 : explain SELECT c FROM sbtest8 WHERE id BETWEEN 6003649 AND 6003748
	Index Scan using sbtest8_pkey on sbtest8  (cost=0.43..420.77 rows=109 width=121)
	  Index Cond: ((id >= 6003649) AND (id <= 6003748))

for non_index_updates
table 1 : explain UPDATE sbtest1 SET c='foobar' WHERE id=3492313
	Update on sbtest1  (cost=0.43..8.45 rows=0 width=0)
	  ->  Index Scan using sbtest1_pkey on sbtest1  (cost=0.43..8.45 rows=1 width=490)
	        Index Cond: (id = 3492313)

table 2 : explain UPDATE sbtest2 SET c='foobar' WHERE id=9081790
	Update on sbtest2  (cost=0.43..8.45 rows=0 width=0)
	  ->  Index Scan using sbtest2_pkey on sbtest2  (cost=0.43..8.45 rows=1 width=490)
	        Index Cond: (id = 9081790)

table 3 : explain UPDATE sbtest3 SET c='foobar' WHERE id=2559025
	Update on sbtest3  (cost=0.43..8.45 rows=0 width=0)
	  ->  Index Scan using sbtest3_pkey on sbtest3  (cost=0.43..8.45 rows=1 width=490)
	        Index Cond: (id = 2559025)

table 4 : explain UPDATE sbtest4 SET c='foobar' WHERE id=5426148
	Update on sbtest4  (cost=0.43..8.45 rows=0 width=0)
	  ->  Index Scan using sbtest4_pkey on sbtest4  (cost=0.43..8.45 rows=1 width=490)
	        Index Cond: (id = 5426148)

table 5 : explain UPDATE sbtest5 SET c='foobar' WHERE id=2027717
	Update on sbtest5  (cost=0.43..8.45 rows=0 width=0)
	  ->  Index Scan using sbtest5_pkey on sbtest5  (cost=0.43..8.45 rows=1 width=490)
	        Index Cond: (id = 2027717)

table 6 : explain UPDATE sbtest6 SET c='foobar' WHERE id=2590914
	Update on sbtest6  (cost=0.43..8.45 rows=0 width=0)
	  ->  Index Scan using sbtest6_pkey on sbtest6  (cost=0.43..8.45 rows=1 width=490)
	        Index Cond: (id = 2590914)

table 7 : explain UPDATE sbtest7 SET c='foobar' WHERE id=929501
	Update on sbtest7  (cost=0.43..8.45 rows=0 width=0)
	  ->  Index Scan using sbtest7_pkey on sbtest7  (cost=0.43..8.45 rows=1 width=490)
	        Index Cond: (id = 929501)

table 8 : explain UPDATE sbtest8 SET c='foobar' WHERE id=2448017
	Update on sbtest8  (cost=0.43..8.45 rows=0 width=0)
	  ->  Index Scan using sbtest8_pkey on sbtest8  (cost=0.43..8.45 rows=1 width=490)
	        Index Cond: (id = 2448017)

for point_selects
table 1 : explain SELECT c FROM sbtest1 WHERE id=4081452
	Index Scan using sbtest1_pkey on sbtest1  (cost=0.43..8.45 rows=1 width=121)
	  Index Cond: (id = 4081452)

table 2 : explain SELECT c FROM sbtest2 WHERE id=788997
	Index Scan using sbtest2_pkey on sbtest2  (cost=0.43..8.45 rows=1 width=121)
	  Index Cond: (id = 788997)

table 3 : explain SELECT c FROM sbtest3 WHERE id=1685121
	Index Scan using sbtest3_pkey on sbtest3  (cost=0.43..8.45 rows=1 width=121)
	  Index Cond: (id = 1685121)

table 4 : explain SELECT c FROM sbtest4 WHERE id=8406508
	Index Scan using sbtest4_pkey on sbtest4  (cost=0.43..8.45 rows=1 width=121)
	  Index Cond: (id = 8406508)

table 5 : explain SELECT c FROM sbtest5 WHERE id=4734637
	Index Scan using sbtest5_pkey on sbtest5  (cost=0.43..8.45 rows=1 width=121)
	  Index Cond: (id = 4734637)

table 6 : explain SELECT c FROM sbtest6 WHERE id=9982442
	Index Scan using sbtest6_pkey on sbtest6  (cost=0.43..8.45 rows=1 width=121)
	  Index Cond: (id = 9982442)

table 7 : explain SELECT c FROM sbtest7 WHERE id=2535303
	Index Scan using sbtest7_pkey on sbtest7  (cost=0.43..8.45 rows=1 width=121)
	  Index Cond: (id = 2535303)

table 8 : explain SELECT c FROM sbtest8 WHERE id=5023965
	Index Scan using sbtest8_pkey on sbtest8  (cost=0.43..8.45 rows=1 width=121)
	  Index Cond: (id = 5023965)

for index_updates
table 1 : explain UPDATE sbtest1 SET k=k+1 WHERE id=7570886
	Update on sbtest1  (cost=0.43..8.46 rows=0 width=0)
	  ->  Index Scan using sbtest1_pkey on sbtest1  (cost=0.43..8.46 rows=1 width=10)
	        Index Cond: (id = 7570886)

table 2 : explain UPDATE sbtest2 SET k=k+1 WHERE id=9572116
	Update on sbtest2  (cost=0.43..8.46 rows=0 width=0)
	  ->  Index Scan using sbtest2_pkey on sbtest2  (cost=0.43..8.46 rows=1 width=10)
	        Index Cond: (id = 9572116)

table 3 : explain UPDATE sbtest3 SET k=k+1 WHERE id=1129119
	Update on sbtest3  (cost=0.43..8.46 rows=0 width=0)
	  ->  Index Scan using sbtest3_pkey on sbtest3  (cost=0.43..8.46 rows=1 width=10)
	        Index Cond: (id = 1129119)

table 4 : explain UPDATE sbtest4 SET k=k+1 WHERE id=9349637
	Update on sbtest4  (cost=0.43..8.46 rows=0 width=0)
	  ->  Index Scan using sbtest4_pkey on sbtest4  (cost=0.43..8.46 rows=1 width=10)
	        Index Cond: (id = 9349637)

table 5 : explain UPDATE sbtest5 SET k=k+1 WHERE id=1216988
	Update on sbtest5  (cost=0.43..8.46 rows=0 width=0)
	  ->  Index Scan using sbtest5_pkey on sbtest5  (cost=0.43..8.46 rows=1 width=10)
	        Index Cond: (id = 1216988)

table 6 : explain UPDATE sbtest6 SET k=k+1 WHERE id=6318786
	Update on sbtest6  (cost=0.43..8.46 rows=0 width=0)
	  ->  Index Scan using sbtest6_pkey on sbtest6  (cost=0.43..8.46 rows=1 width=10)
	        Index Cond: (id = 6318786)

table 7 : explain UPDATE sbtest7 SET k=k+1 WHERE id=1729570
	Update on sbtest7  (cost=0.43..8.46 rows=0 width=0)
	  ->  Index Scan using sbtest7_pkey on sbtest7  (cost=0.43..8.46 rows=1 width=10)
	        Index Cond: (id = 1729570)

table 8 : explain UPDATE sbtest8 SET k=k+1 WHERE id=2525516
	Update on sbtest8  (cost=0.43..8.46 rows=0 width=0)
	  ->  Index Scan using sbtest8_pkey on sbtest8  (cost=0.43..8.46 rows=1 width=10)
	        Index Cond: (id = 2525516)

for inserts
table 1 : explain INSERT INTO sbtest1 (id, k, c, pad) VALUES (6751202, 13, 'foobar', 'foobar')
	Insert on sbtest1  (cost=0.00..0.01 rows=0 width=0)
	  ->  Result  (cost=0.00..0.01 rows=1 width=736)

table 2 : explain INSERT INTO sbtest2 (id, k, c, pad) VALUES (1410609, 13, 'foobar', 'foobar')
	Insert on sbtest2  (cost=0.00..0.01 rows=0 width=0)
	  ->  Result  (cost=0.00..0.01 rows=1 width=736)

table 3 : explain INSERT INTO sbtest3 (id, k, c, pad) VALUES (2641815, 13, 'foobar', 'foobar')
	Insert on sbtest3  (cost=0.00..0.01 rows=0 width=0)
	  ->  Result  (cost=0.00..0.01 rows=1 width=736)

table 4 : explain INSERT INTO sbtest4 (id, k, c, pad) VALUES (3333802, 13, 'foobar', 'foobar')
	Insert on sbtest4  (cost=0.00..0.01 rows=0 width=0)
	  ->  Result  (cost=0.00..0.01 rows=1 width=736)

table 5 : explain INSERT INTO sbtest5 (id, k, c, pad) VALUES (4855063, 13, 'foobar', 'foobar')
	Insert on sbtest5  (cost=0.00..0.01 rows=0 width=0)
	  ->  Result  (cost=0.00..0.01 rows=1 width=736)

table 6 : explain INSERT INTO sbtest6 (id, k, c, pad) VALUES (6258029, 13, 'foobar', 'foobar')
	Insert on sbtest6  (cost=0.00..0.01 rows=0 width=0)
	  ->  Result  (cost=0.00..0.01 rows=1 width=736)

table 7 : explain INSERT INTO sbtest7 (id, k, c, pad) VALUES (1909157, 13, 'foobar', 'foobar')
	Insert on sbtest7  (cost=0.00..0.01 rows=0 width=0)
	  ->  Result  (cost=0.00..0.01 rows=1 width=736)

table 8 : explain INSERT INTO sbtest8 (id, k, c, pad) VALUES (8533212, 13, 'foobar', 'foobar')
	Insert on sbtest8  (cost=0.00..0.01 rows=0 width=0)
	  ->  Result  (cost=0.00..0.01 rows=1 width=736)

explain: for deletes :: explain DELETE FROM sbtest%u WHERE id=%u
for: distinct_ranges
table 1 : explain SELECT DISTINCT c FROM sbtest1 WHERE id BETWEEN 8495526 AND 8495625 ORDER BY c
	Unique  (cost=373.01..373.49 rows=96 width=121)
	  ->  Sort  (cost=373.01..373.25 rows=96 width=121)
	        Sort Key: c
	        ->  Index Scan using sbtest1_pkey on sbtest1  (cost=0.43..369.85 rows=96 width=121)
	              Index Cond: ((id >= 8495526) AND (id <= 8495625))

table 2 : explain SELECT DISTINCT c FROM sbtest2 WHERE id BETWEEN 6104624 AND 6104723 ORDER BY c
	Unique  (cost=387.85..388.35 rows=100 width=121)
	  ->  Sort  (cost=387.85..388.10 rows=100 width=121)
	        Sort Key: c
	        ->  Index Scan using sbtest2_pkey on sbtest2  (cost=0.43..384.53 rows=100 width=121)
	              Index Cond: ((id >= 6104624) AND (id <= 6104723))

table 3 : explain SELECT DISTINCT c FROM sbtest3 WHERE id BETWEEN 9579259 AND 9579358 ORDER BY c
	Unique  (cost=394.07..394.58 rows=102 width=121)
	  ->  Sort  (cost=394.07..394.32 rows=102 width=121)
	        Sort Key: c
	        ->  Index Scan using sbtest3_pkey on sbtest3  (cost=0.43..390.67 rows=102 width=121)
	              Index Cond: ((id >= 9579259) AND (id <= 9579358))

table 4 : explain SELECT DISTINCT c FROM sbtest4 WHERE id BETWEEN 3347798 AND 3347897 ORDER BY c
	Unique  (cost=391.55..392.06 rows=101 width=121)
	  ->  Sort  (cost=391.55..391.80 rows=101 width=121)
	        Sort Key: c
	        ->  Index Scan using sbtest4_pkey on sbtest4  (cost=0.43..388.19 rows=101 width=121)
	              Index Cond: ((id >= 3347798) AND (id <= 3347897))

table 5 : explain SELECT DISTINCT c FROM sbtest5 WHERE id BETWEEN 5291516 AND 5291615 ORDER BY c
	Unique  (cost=416.05..416.59 rows=107 width=121)
	  ->  Sort  (cost=416.05..416.32 rows=107 width=121)
	        Sort Key: c
	        ->  Index Scan using sbtest5_pkey on sbtest5  (cost=0.43..412.45 rows=107 width=121)
	              Index Cond: ((id >= 5291516) AND (id <= 5291615))

table 6 : explain SELECT DISTINCT c FROM sbtest6 WHERE id BETWEEN 3147175 AND 3147274 ORDER BY c
	Unique  (cost=379.60..380.09 rows=98 width=121)
	  ->  Sort  (cost=379.60..379.85 rows=98 width=121)
	        Sort Key: c
	        ->  Index Scan using sbtest6_pkey on sbtest6  (cost=0.43..376.36 rows=98 width=121)
	              Index Cond: ((id >= 3147175) AND (id <= 3147274))

table 7 : explain SELECT DISTINCT c FROM sbtest7 WHERE id BETWEEN 3579262 AND 3579361 ORDER BY c
	Unique  (cost=403.44..403.96 rows=104 width=121)
	  ->  Sort  (cost=403.44..403.70 rows=104 width=121)
	        Sort Key: c
	        ->  Index Scan using sbtest7_pkey on sbtest7  (cost=0.43..399.96 rows=104 width=121)
	              Index Cond: ((id >= 3579262) AND (id <= 3579361))

table 8 : explain SELECT DISTINCT c FROM sbtest8 WHERE id BETWEEN 7099484 AND 7099583 ORDER BY c
	Unique  (cost=362.70..363.17 rows=93 width=121)
	  ->  Sort  (cost=362.70..362.93 rows=93 width=121)
	        Sort Key: c
	        ->  Index Scan using sbtest8_pkey on sbtest8  (cost=0.43..359.66 rows=93 width=121)
	              Index Cond: ((id >= 7099484) AND (id <= 7099583))

for non_index_updates
table 1 : explain UPDATE sbtest1 SET c='foobar' WHERE id=2488536
	Update on sbtest1  (cost=0.43..8.45 rows=0 width=0)
	  ->  Index Scan using sbtest1_pkey on sbtest1  (cost=0.43..8.45 rows=1 width=490)
	        Index Cond: (id = 2488536)

table 2 : explain UPDATE sbtest2 SET c='foobar' WHERE id=3783895
	Update on sbtest2  (cost=0.43..8.45 rows=0 width=0)
	  ->  Index Scan using sbtest2_pkey on sbtest2  (cost=0.43..8.45 rows=1 width=490)
	        Index Cond: (id = 3783895)

table 3 : explain UPDATE sbtest3 SET c='foobar' WHERE id=2130892
	Update on sbtest3  (cost=0.43..8.45 rows=0 width=0)
	  ->  Index Scan using sbtest3_pkey on sbtest3  (cost=0.43..8.45 rows=1 width=490)
	        Index Cond: (id = 2130892)

table 4 : explain UPDATE sbtest4 SET c='foobar' WHERE id=9233925
	Update on sbtest4  (cost=0.43..8.45 rows=0 width=0)
	  ->  Index Scan using sbtest4_pkey on sbtest4  (cost=0.43..8.45 rows=1 width=490)
	        Index Cond: (id = 9233925)

table 5 : explain UPDATE sbtest5 SET c='foobar' WHERE id=7090472
	Update on sbtest5  (cost=0.43..8.45 rows=0 width=0)
	  ->  Index Scan using sbtest5_pkey on sbtest5  (cost=0.43..8.45 rows=1 width=490)
	        Index Cond: (id = 7090472)

table 6 : explain UPDATE sbtest6 SET c='foobar' WHERE id=8177035
	Update on sbtest6  (cost=0.43..8.45 rows=0 width=0)
	  ->  Index Scan using sbtest6_pkey on sbtest6  (cost=0.43..8.45 rows=1 width=490)
	        Index Cond: (id = 8177035)

table 7 : explain UPDATE sbtest7 SET c='foobar' WHERE id=3997883
	Update on sbtest7  (cost=0.43..8.45 rows=0 width=0)
	  ->  Index Scan using sbtest7_pkey on sbtest7  (cost=0.43..8.45 rows=1 width=490)
	        Index Cond: (id = 3997883)

table 8 : explain UPDATE sbtest8 SET c='foobar' WHERE id=1705299
	Update on sbtest8  (cost=0.43..8.45 rows=0 width=0)
	  ->  Index Scan using sbtest8_pkey on sbtest8  (cost=0.43..8.45 rows=1 width=490)
	        Index Cond: (id = 1705299)

for: order_ranges
table 1 : explain SELECT c FROM sbtest1 WHERE id BETWEEN 5148967 AND 5149066 ORDER BY c
	Sort  (cost=365.33..365.56 rows=94 width=121)
	  Sort Key: c
	  ->  Index Scan using sbtest1_pkey on sbtest1  (cost=0.43..362.25 rows=94 width=121)
	        Index Cond: ((id >= 5148967) AND (id <= 5149066))

table 2 : explain SELECT c FROM sbtest2 WHERE id BETWEEN 8503842 AND 8503941 ORDER BY c
	Sort  (cost=380.12..380.37 rows=98 width=121)
	  Sort Key: c
	  ->  Index Scan using sbtest2_pkey on sbtest2  (cost=0.43..376.88 rows=98 width=121)
	        Index Cond: ((id >= 8503842) AND (id <= 8503941))

table 3 : explain SELECT c FROM sbtest3 WHERE id BETWEEN 549276 AND 549375 ORDER BY c
	Sort  (cost=443.78..444.06 rows=115 width=121)
	  Sort Key: c
	  ->  Index Scan using sbtest3_pkey on sbtest3  (cost=0.43..439.84 rows=115 width=121)
	        Index Cond: ((id >= 549276) AND (id <= 549375))

table 4 : explain SELECT c FROM sbtest4 WHERE id BETWEEN 5154575 AND 5154674 ORDER BY c
	Sort  (cost=399.22..399.48 rows=103 width=121)
	  Sort Key: c
	  ->  Index Scan using sbtest4_pkey on sbtest4  (cost=0.43..395.78 rows=103 width=121)
	        Index Cond: ((id >= 5154575) AND (id <= 5154674))

table 5 : explain SELECT c FROM sbtest5 WHERE id BETWEEN 7353367 AND 7353466 ORDER BY c
	Sort  (cost=373.70..373.94 rows=96 width=121)
	  Sort Key: c
	  ->  Index Scan using sbtest5_pkey on sbtest5  (cost=0.43..370.54 rows=96 width=121)
	        Index Cond: ((id >= 7353367) AND (id <= 7353466))

table 6 : explain SELECT c FROM sbtest6 WHERE id BETWEEN 4654251 AND 4654350 ORDER BY c
	Sort  (cost=406.42..406.68 rows=105 width=121)
	  Sort Key: c
	  ->  Index Scan using sbtest6_pkey on sbtest6  (cost=0.43..402.90 rows=105 width=121)
	        Index Cond: ((id >= 4654251) AND (id <= 4654350))

table 7 : explain SELECT c FROM sbtest7 WHERE id BETWEEN 2522294 AND 2522393 ORDER BY c
	Sort  (cost=357.31..357.54 rows=92 width=121)
	  Sort Key: c
	  ->  Index Scan using sbtest7_pkey on sbtest7  (cost=0.43..354.31 rows=92 width=121)
	        Index Cond: ((id >= 2522294) AND (id <= 2522393))

table 8 : explain SELECT c FROM sbtest8 WHERE id BETWEEN 506112 AND 506211 ORDER BY c
	Sort  (cost=416.75..417.01 rows=107 width=121)
	  Sort Key: c
	  ->  Index Scan using sbtest8_pkey on sbtest8  (cost=0.43..413.14 rows=107 width=121)
	        Index Cond: ((id >= 506112) AND (id <= 506211))

for index_updates
table 1 : explain UPDATE sbtest1 SET k=k+1 WHERE id=7605493
	Update on sbtest1  (cost=0.43..8.46 rows=0 width=0)
	  ->  Index Scan using sbtest1_pkey on sbtest1  (cost=0.43..8.46 rows=1 width=10)
	        Index Cond: (id = 7605493)

table 2 : explain UPDATE sbtest2 SET k=k+1 WHERE id=3458218
	Update on sbtest2  (cost=0.43..8.46 rows=0 width=0)
	  ->  Index Scan using sbtest2_pkey on sbtest2  (cost=0.43..8.46 rows=1 width=10)
	        Index Cond: (id = 3458218)

table 3 : explain UPDATE sbtest3 SET k=k+1 WHERE id=3023448
	Update on sbtest3  (cost=0.43..8.46 rows=0 width=0)
	  ->  Index Scan using sbtest3_pkey on sbtest3  (cost=0.43..8.46 rows=1 width=10)
	        Index Cond: (id = 3023448)

table 4 : explain UPDATE sbtest4 SET k=k+1 WHERE id=7923777
	Update on sbtest4  (cost=0.43..8.46 rows=0 width=0)
	  ->  Index Scan using sbtest4_pkey on sbtest4  (cost=0.43..8.46 rows=1 width=10)
	        Index Cond: (id = 7923777)

table 5 : explain UPDATE sbtest5 SET k=k+1 WHERE id=4705366
	Update on sbtest5  (cost=0.43..8.46 rows=0 width=0)
	  ->  Index Scan using sbtest5_pkey on sbtest5  (cost=0.43..8.46 rows=1 width=10)
	        Index Cond: (id = 4705366)

table 6 : explain UPDATE sbtest6 SET k=k+1 WHERE id=7502565
	Update on sbtest6  (cost=0.43..8.46 rows=0 width=0)
	  ->  Index Scan using sbtest6_pkey on sbtest6  (cost=0.43..8.46 rows=1 width=10)
	        Index Cond: (id = 7502565)

table 7 : explain UPDATE sbtest7 SET k=k+1 WHERE id=2610684
	Update on sbtest7  (cost=0.43..8.46 rows=0 width=0)
	  ->  Index Scan using sbtest7_pkey on sbtest7  (cost=0.43..8.46 rows=1 width=10)
	        Index Cond: (id = 2610684)

table 8 : explain UPDATE sbtest8 SET k=k+1 WHERE id=8954131
	Update on sbtest8  (cost=0.43..8.46 rows=0 width=0)
	  ->  Index Scan using sbtest8_pkey on sbtest8  (cost=0.43..8.46 rows=1 width=10)
	        Index Cond: (id = 8954131)

for: distinct_ranges
table 1 : explain SELECT DISTINCT c FROM sbtest1 WHERE id BETWEEN 3225131 AND 3225230 ORDER BY c
	Unique  (cost=365.33..365.80 rows=94 width=121)
	  ->  Sort  (cost=365.33..365.56 rows=94 width=121)
	        Sort Key: c
	        ->  Index Scan using sbtest1_pkey on sbtest1  (cost=0.43..362.25 rows=94 width=121)
	              Index Cond: ((id >= 3225131) AND (id <= 3225230))

table 2 : explain SELECT DISTINCT c FROM sbtest2 WHERE id BETWEEN 5546034 AND 5546133 ORDER BY c
	Unique  (cost=349.43..349.88 rows=90 width=121)
	  ->  Sort  (cost=349.43..349.65 rows=90 width=121)
	        Sort Key: c
	        ->  Index Scan using sbtest2_pkey on sbtest2  (cost=0.43..346.51 rows=90 width=121)
	              Index Cond: ((id >= 5546034) AND (id <= 5546133))

table 3 : explain SELECT DISTINCT c FROM sbtest3 WHERE id BETWEEN 8628475 AND 8628574 ORDER BY c
	Unique  (cost=424.66..425.21 rows=110 width=121)
	  ->  Sort  (cost=424.66..424.93 rows=110 width=121)
	        Sort Key: c
	        ->  Index Scan using sbtest3_pkey on sbtest3  (cost=0.43..420.93 rows=110 width=121)
	              Index Cond: ((id >= 8628475) AND (id <= 8628574))

table 4 : explain SELECT DISTINCT c FROM sbtest4 WHERE id BETWEEN 6920477 AND 6920576 ORDER BY c
	Unique  (cost=383.88..384.37 rows=99 width=121)
	  ->  Sort  (cost=383.88..384.13 rows=99 width=121)
	        Sort Key: c
	        ->  Index Scan using sbtest4_pkey on sbtest4  (cost=0.43..380.60 rows=99 width=121)
	              Index Cond: ((id >= 6920477) AND (id <= 6920576))

table 5 : explain SELECT DISTINCT c FROM sbtest5 WHERE id BETWEEN 7562688 AND 7562787 ORDER BY c
	Unique  (cost=366.00..366.47 rows=94 width=121)
	  ->  Sort  (cost=366.00..366.23 rows=94 width=121)
	        Sort Key: c
	        ->  Index Scan using sbtest5_pkey on sbtest5  (cost=0.43..362.92 rows=94 width=121)
	              Index Cond: ((id >= 7562688) AND (id <= 7562787))

table 6 : explain SELECT DISTINCT c FROM sbtest6 WHERE id BETWEEN 8511299 AND 8511398 ORDER BY c
	Unique  (cost=425.58..426.13 rows=110 width=121)
	  ->  Sort  (cost=425.58..425.86 rows=110 width=121)
	        Sort Key: c
	        ->  Index Scan using sbtest6_pkey on sbtest6  (cost=0.43..421.85 rows=110 width=121)
	              Index Cond: ((id >= 8511299) AND (id <= 8511398))

table 7 : explain SELECT DISTINCT c FROM sbtest7 WHERE id BETWEEN 8973478 AND 8973577 ORDER BY c
	Unique  (cost=399.60..400.12 rows=103 width=121)
	  ->  Sort  (cost=399.60..399.86 rows=103 width=121)
	        Sort Key: c
	        ->  Index Scan using sbtest7_pkey on sbtest7  (cost=0.43..396.16 rows=103 width=121)
	              Index Cond: ((id >= 8973478) AND (id <= 8973577))

table 8 : explain SELECT DISTINCT c FROM sbtest8 WHERE id BETWEEN 6682058 AND 6682157 ORDER BY c
	Unique  (cost=401.32..401.83 rows=103 width=121)
	  ->  Sort  (cost=401.32..401.58 rows=103 width=121)
	        Sort Key: c
	        ->  Index Scan using sbtest8_pkey on sbtest8  (cost=0.43..397.87 rows=103 width=121)
	              Index Cond: ((id >= 6682058) AND (id <= 6682157))

for point_selects
table 1 : explain SELECT c FROM sbtest1 WHERE id=9463597
	Index Scan using sbtest1_pkey on sbtest1  (cost=0.43..8.45 rows=1 width=121)
	  Index Cond: (id = 9463597)

table 2 : explain SELECT c FROM sbtest2 WHERE id=3047350
	Index Scan using sbtest2_pkey on sbtest2  (cost=0.43..8.45 rows=1 width=121)
	  Index Cond: (id = 3047350)

table 3 : explain SELECT c FROM sbtest3 WHERE id=3075110
	Index Scan using sbtest3_pkey on sbtest3  (cost=0.43..8.45 rows=1 width=121)
	  Index Cond: (id = 3075110)

table 4 : explain SELECT c FROM sbtest4 WHERE id=2909368
	Index Scan using sbtest4_pkey on sbtest4  (cost=0.43..8.45 rows=1 width=121)
	  Index Cond: (id = 2909368)

table 5 : explain SELECT c FROM sbtest5 WHERE id=146230
	Index Scan using sbtest5_pkey on sbtest5  (cost=0.43..8.45 rows=1 width=121)
	  Index Cond: (id = 146230)

table 6 : explain SELECT c FROM sbtest6 WHERE id=1261914
	Index Scan using sbtest6_pkey on sbtest6  (cost=0.43..8.45 rows=1 width=121)
	  Index Cond: (id = 1261914)

table 7 : explain SELECT c FROM sbtest7 WHERE id=9190117
	Index Scan using sbtest7_pkey on sbtest7  (cost=0.43..8.45 rows=1 width=121)
	  Index Cond: (id = 9190117)

table 8 : explain SELECT c FROM sbtest8 WHERE id=9496320
	Index Scan using sbtest8_pkey on sbtest8  (cost=0.43..8.45 rows=1 width=121)
	  Index Cond: (id = 9496320)

for non_index_updates
table 1 : explain UPDATE sbtest1 SET c='foobar' WHERE id=4563619
	Update on sbtest1  (cost=0.43..8.45 rows=0 width=0)
	  ->  Index Scan using sbtest1_pkey on sbtest1  (cost=0.43..8.45 rows=1 width=490)
	        Index Cond: (id = 4563619)

table 2 : explain UPDATE sbtest2 SET c='foobar' WHERE id=5525523
	Update on sbtest2  (cost=0.43..8.45 rows=0 width=0)
	  ->  Index Scan using sbtest2_pkey on sbtest2  (cost=0.43..8.45 rows=1 width=490)
	        Index Cond: (id = 5525523)

table 3 : explain UPDATE sbtest3 SET c='foobar' WHERE id=1291882
	Update on sbtest3  (cost=0.43..8.45 rows=0 width=0)
	  ->  Index Scan using sbtest3_pkey on sbtest3  (cost=0.43..8.45 rows=1 width=490)
	        Index Cond: (id = 1291882)

table 4 : explain UPDATE sbtest4 SET c='foobar' WHERE id=2213994
	Update on sbtest4  (cost=0.43..8.45 rows=0 width=0)
	  ->  Index Scan using sbtest4_pkey on sbtest4  (cost=0.43..8.45 rows=1 width=490)
	        Index Cond: (id = 2213994)

table 5 : explain UPDATE sbtest5 SET c='foobar' WHERE id=2153002
	Update on sbtest5  (cost=0.43..8.45 rows=0 width=0)
	  ->  Index Scan using sbtest5_pkey on sbtest5  (cost=0.43..8.45 rows=1 width=490)
	        Index Cond: (id = 2153002)

table 6 : explain UPDATE sbtest6 SET c='foobar' WHERE id=9467038
	Update on sbtest6  (cost=0.43..8.45 rows=0 width=0)
	  ->  Index Scan using sbtest6_pkey on sbtest6  (cost=0.43..8.45 rows=1 width=490)
	        Index Cond: (id = 9467038)

table 7 : explain UPDATE sbtest7 SET c='foobar' WHERE id=6456497
	Update on sbtest7  (cost=0.43..8.45 rows=0 width=0)
	  ->  Index Scan using sbtest7_pkey on sbtest7  (cost=0.43..8.45 rows=1 width=490)
	        Index Cond: (id = 6456497)

table 8 : explain UPDATE sbtest8 SET c='foobar' WHERE id=3309404
	Update on sbtest8  (cost=0.43..8.45 rows=0 width=0)
	  ->  Index Scan using sbtest8_pkey on sbtest8  (cost=0.43..8.45 rows=1 width=490)
	        Index Cond: (id = 3309404)

for point_selects
table 1 : explain SELECT c FROM sbtest1 WHERE id=5400834
	Index Scan using sbtest1_pkey on sbtest1  (cost=0.43..8.45 rows=1 width=121)
	  Index Cond: (id = 5400834)

table 2 : explain SELECT c FROM sbtest2 WHERE id=8366453
	Index Scan using sbtest2_pkey on sbtest2  (cost=0.43..8.45 rows=1 width=121)
	  Index Cond: (id = 8366453)

table 3 : explain SELECT c FROM sbtest3 WHERE id=2029892
	Index Scan using sbtest3_pkey on sbtest3  (cost=0.43..8.45 rows=1 width=121)
	  Index Cond: (id = 2029892)

table 4 : explain SELECT c FROM sbtest4 WHERE id=251075
	Index Scan using sbtest4_pkey on sbtest4  (cost=0.43..8.45 rows=1 width=121)
	  Index Cond: (id = 251075)

table 5 : explain SELECT c FROM sbtest5 WHERE id=3052066
	Index Scan using sbtest5_pkey on sbtest5  (cost=0.43..8.45 rows=1 width=121)
	  Index Cond: (id = 3052066)

table 6 : explain SELECT c FROM sbtest6 WHERE id=272704
	Index Scan using sbtest6_pkey on sbtest6  (cost=0.43..8.45 rows=1 width=121)
	  Index Cond: (id = 272704)

table 7 : explain SELECT c FROM sbtest7 WHERE id=4039609
	Index Scan using sbtest7_pkey on sbtest7  (cost=0.43..8.45 rows=1 width=121)
	  Index Cond: (id = 4039609)

table 8 : explain SELECT c FROM sbtest8 WHERE id=5714694
	Index Scan using sbtest8_pkey on sbtest8  (cost=0.43..8.45 rows=1 width=121)
	  Index Cond: (id = 5714694)

explain: for deletes :: explain DELETE FROM sbtest%u WHERE id=%u
explain: for non_index_updates :: explain UPDATE sbtest%u SET c='foobar' WHERE id=%u
explain: for index_updates :: explain UPDATE sbtest%u SET k=k+1 WHERE id=%u
for: distinct_ranges
table 1 : explain SELECT DISTINCT c FROM sbtest1 WHERE id BETWEEN 2186825 AND 2186924 ORDER BY c
	Unique  (cost=407.66..408.18 rows=105 width=121)
	  ->  Sort  (cost=407.66..407.92 rows=105 width=121)
	        Sort Key: c
	        ->  Index Scan using sbtest1_pkey on sbtest1  (cost=0.43..404.13 rows=105 width=121)
	              Index Cond: ((id >= 2186825) AND (id <= 2186924))

table 2 : explain SELECT DISTINCT c FROM sbtest2 WHERE id BETWEEN 2258689 AND 2258788 ORDER BY c
	Unique  (cost=368.61..369.09 rows=95 width=121)
	  ->  Sort  (cost=368.61..368.85 rows=95 width=121)
	        Sort Key: c
	        ->  Index Scan using sbtest2_pkey on sbtest2  (cost=0.43..365.49 rows=95 width=121)
	              Index Cond: ((id >= 2258689) AND (id <= 2258788))

table 3 : explain SELECT DISTINCT c FROM sbtest3 WHERE id BETWEEN 5179127 AND 5179226 ORDER BY c
	Unique  (cost=405.54..406.06 rows=105 width=121)
	  ->  Sort  (cost=405.54..405.80 rows=105 width=121)
	        Sort Key: c
	        ->  Index Scan using sbtest3_pkey on sbtest3  (cost=0.43..402.01 rows=105 width=121)
	              Index Cond: ((id >= 5179127) AND (id <= 5179226))

table 4 : explain SELECT DISTINCT c FROM sbtest4 WHERE id BETWEEN 5020051 AND 5020150 ORDER BY c
	Unique  (cost=376.21..376.69 rows=97 width=121)
	  ->  Sort  (cost=376.21..376.45 rows=97 width=121)
	        Sort Key: c
	        ->  Index Scan using sbtest4_pkey on sbtest4  (cost=0.43..373.01 rows=97 width=121)
	              Index Cond: ((id >= 5020051) AND (id <= 5020150))

table 5 : explain SELECT DISTINCT c FROM sbtest5 WHERE id BETWEEN 8891215 AND 8891314 ORDER BY c
	Unique  (cost=419.90..420.44 rows=108 width=121)
	  ->  Sort  (cost=419.90..420.17 rows=108 width=121)
	        Sort Key: c
	        ->  Index Scan using sbtest5_pkey on sbtest5  (cost=0.43..416.26 rows=108 width=121)
	              Index Cond: ((id >= 8891215) AND (id <= 8891314))

table 6 : explain SELECT DISTINCT c FROM sbtest6 WHERE id BETWEEN 2421820 AND 2421919 ORDER BY c
	Unique  (cost=414.09..414.62 rows=107 width=121)
	  ->  Sort  (cost=414.09..414.35 rows=107 width=121)
	        Sort Key: c
	        ->  Index Scan using sbtest6_pkey on sbtest6  (cost=0.43..410.48 rows=107 width=121)
	              Index Cond: ((id >= 2421820) AND (id <= 2421919))

table 7 : explain SELECT DISTINCT c FROM sbtest7 WHERE id BETWEEN 6650450 AND 6650549 ORDER BY c
	Unique  (cost=364.99..365.46 rows=94 width=121)
	  ->  Sort  (cost=364.99..365.22 rows=94 width=121)
	        Sort Key: c
	        ->  Index Scan using sbtest7_pkey on sbtest7  (cost=0.43..361.91 rows=94 width=121)
	              Index Cond: ((id >= 6650450) AND (id <= 6650549))

table 8 : explain SELECT DISTINCT c FROM sbtest8 WHERE id BETWEEN 1905438 AND 1905537 ORDER BY c
	Unique  (cost=378.13..378.61 rows=97 width=121)
	  ->  Sort  (cost=378.13..378.37 rows=97 width=121)
	        Sort Key: c
	        ->  Index Scan using sbtest8_pkey on sbtest8  (cost=0.43..374.93 rows=97 width=121)
	              Index Cond: ((id >= 1905438) AND (id <= 1905537))

explain: for deletes :: explain DELETE FROM sbtest%u WHERE id=%u
for deletes
table 1 : explain DELETE FROM sbtest1 WHERE id=7818234
	Delete on sbtest1  (cost=0.43..8.45 rows=0 width=0)
	  ->  Index Scan using sbtest1_pkey on sbtest1  (cost=0.43..8.45 rows=1 width=6)
	        Index Cond: (id = 7818234)

table 2 : explain DELETE FROM sbtest2 WHERE id=1612420
	Delete on sbtest2  (cost=0.43..8.45 rows=0 width=0)
	  ->  Index Scan using sbtest2_pkey on sbtest2  (cost=0.43..8.45 rows=1 width=6)
	        Index Cond: (id = 1612420)

table 3 : explain DELETE FROM sbtest3 WHERE id=1500082
	Delete on sbtest3  (cost=0.43..8.45 rows=0 width=0)
	  ->  Index Scan using sbtest3_pkey on sbtest3  (cost=0.43..8.45 rows=1 width=6)
	        Index Cond: (id = 1500082)

table 4 : explain DELETE FROM sbtest4 WHERE id=5151573
	Delete on sbtest4  (cost=0.43..8.45 rows=0 width=0)
	  ->  Index Scan using sbtest4_pkey on sbtest4  (cost=0.43..8.45 rows=1 width=6)
	        Index Cond: (id = 5151573)

table 5 : explain DELETE FROM sbtest5 WHERE id=4527518
	Delete on sbtest5  (cost=0.43..8.45 rows=0 width=0)
	  ->  Index Scan using sbtest5_pkey on sbtest5  (cost=0.43..8.45 rows=1 width=6)
	        Index Cond: (id = 4527518)

table 6 : explain DELETE FROM sbtest6 WHERE id=4247519
	Delete on sbtest6  (cost=0.43..8.45 rows=0 width=0)
	  ->  Index Scan using sbtest6_pkey on sbtest6  (cost=0.43..8.45 rows=1 width=6)
	        Index Cond: (id = 4247519)

table 7 : explain DELETE FROM sbtest7 WHERE id=860624
	Delete on sbtest7  (cost=0.43..8.45 rows=0 width=0)
	  ->  Index Scan using sbtest7_pkey on sbtest7  (cost=0.43..8.45 rows=1 width=6)
	        Index Cond: (id = 860624)

table 8 : explain DELETE FROM sbtest8 WHERE id=3502008
	Delete on sbtest8  (cost=0.43..8.45 rows=0 width=0)
	  ->  Index Scan using sbtest8_pkey on sbtest8  (cost=0.43..8.45 rows=1 width=6)
	        Index Cond: (id = 3502008)

explain: for index_updates :: explain UPDATE sbtest%u SET k=k+1 WHERE id=%u
for: distinct_ranges
table 1 : explain SELECT DISTINCT c FROM sbtest1 WHERE id BETWEEN 5132154 AND 5132253 ORDER BY c
	Unique  (cost=365.33..365.80 rows=94 width=121)
	  ->  Sort  (cost=365.33..365.56 rows=94 width=121)
	        Sort Key: c
	        ->  Index Scan using sbtest1_pkey on sbtest1  (cost=0.43..362.25 rows=94 width=121)
	              Index Cond: ((id >= 5132154) AND (id <= 5132253))

table 2 : explain SELECT DISTINCT c FROM sbtest2 WHERE id BETWEEN 3997959 AND 3998058 ORDER BY c
	Unique  (cost=407.04..407.57 rows=105 width=121)
	  ->  Sort  (cost=407.04..407.30 rows=105 width=121)
	        Sort Key: c
	        ->  Index Scan using sbtest2_pkey on sbtest2  (cost=0.43..403.52 rows=105 width=121)
	              Index Cond: ((id >= 3997959) AND (id <= 3998058))

table 3 : explain SELECT DISTINCT c FROM sbtest3 WHERE id BETWEEN 5551335 AND 5551434 ORDER BY c
	Unique  (cost=394.07..394.58 rows=102 width=121)
	  ->  Sort  (cost=394.07..394.32 rows=102 width=121)
	        Sort Key: c
	        ->  Index Scan using sbtest3_pkey on sbtest3  (cost=0.43..390.67 rows=102 width=121)
	              Index Cond: ((id >= 5551335) AND (id <= 5551434))

table 4 : explain SELECT DISTINCT c FROM sbtest4 WHERE id BETWEEN 566846 AND 566945 ORDER BY c
	Unique  (cost=387.71..388.21 rows=100 width=121)
	  ->  Sort  (cost=387.71..387.96 rows=100 width=121)
	        Sort Key: c
	        ->  Index Scan using sbtest4_pkey on sbtest4  (cost=0.43..384.39 rows=100 width=121)
	              Index Cond: ((id >= 566846) AND (id <= 566945))

table 5 : explain SELECT DISTINCT c FROM sbtest5 WHERE id BETWEEN 5104152 AND 5104251 ORDER BY c
	Unique  (cost=373.70..374.18 rows=96 width=121)
	  ->  Sort  (cost=373.70..373.94 rows=96 width=121)
	        Sort Key: c
	        ->  Index Scan using sbtest5_pkey on sbtest5  (cost=0.43..370.54 rows=96 width=121)
	              Index Cond: ((id >= 5104152) AND (id <= 5104251))

table 6 : explain SELECT DISTINCT c FROM sbtest6 WHERE id BETWEEN 9955478 AND 9955577 ORDER BY c
	Unique  (cost=371.88..372.36 rows=96 width=121)
	  ->  Sort  (cost=371.88..372.12 rows=96 width=121)
	        Sort Key: c
	        ->  Index Scan using sbtest6_pkey on sbtest6  (cost=0.43..368.72 rows=96 width=121)
	              Index Cond: ((id >= 9955478) AND (id <= 9955577))

table 7 : explain SELECT DISTINCT c FROM sbtest7 WHERE id BETWEEN 7734746 AND 7734845 ORDER BY c
	Unique  (cost=407.28..407.81 rows=105 width=121)
	  ->  Sort  (cost=407.28..407.54 rows=105 width=121)
	        Sort Key: c
	        ->  Index Scan using sbtest7_pkey on sbtest7  (cost=0.43..403.76 rows=105 width=121)
	              Index Cond: ((id >= 7734746) AND (id <= 7734845))

table 8 : explain SELECT DISTINCT c FROM sbtest8 WHERE id BETWEEN 7928946 AND 7929045 ORDER BY c
	Unique  (cost=381.98..382.47 rows=98 width=121)
	  ->  Sort  (cost=381.98..382.23 rows=98 width=121)
	        Sort Key: c
	        ->  Index Scan using sbtest8_pkey on sbtest8  (cost=0.43..378.74 rows=98 width=121)
	              Index Cond: ((id >= 7928946) AND (id <= 7929045))

explain: for non_index_updates :: explain UPDATE sbtest%u SET c='foobar' WHERE id=%u
explain: for index_updates :: explain UPDATE sbtest%u SET k=k+1 WHERE id=%u
for deletes
table 1 : explain DELETE FROM sbtest1 WHERE id=5708220
	Delete on sbtest1  (cost=0.43..8.45 rows=0 width=0)
	  ->  Index Scan using sbtest1_pkey on sbtest1  (cost=0.43..8.45 rows=1 width=6)
	        Index Cond: (id = 5708220)

table 2 : explain DELETE FROM sbtest2 WHERE id=2125080
	Delete on sbtest2  (cost=0.43..8.45 rows=0 width=0)
	  ->  Index Scan using sbtest2_pkey on sbtest2  (cost=0.43..8.45 rows=1 width=6)
	        Index Cond: (id = 2125080)

table 3 : explain DELETE FROM sbtest3 WHERE id=3348385
	Delete on sbtest3  (cost=0.43..8.45 rows=0 width=0)
	  ->  Index Scan using sbtest3_pkey on sbtest3  (cost=0.43..8.45 rows=1 width=6)
	        Index Cond: (id = 3348385)

table 4 : explain DELETE FROM sbtest4 WHERE id=683710
	Delete on sbtest4  (cost=0.43..8.45 rows=0 width=0)
	  ->  Index Scan using sbtest4_pkey on sbtest4  (cost=0.43..8.45 rows=1 width=6)
	        Index Cond: (id = 683710)

table 5 : explain DELETE FROM sbtest5 WHERE id=8009067
	Delete on sbtest5  (cost=0.43..8.45 rows=0 width=0)
	  ->  Index Scan using sbtest5_pkey on sbtest5  (cost=0.43..8.45 rows=1 width=6)
	        Index Cond: (id = 8009067)

table 6 : explain DELETE FROM sbtest6 WHERE id=4601916
	Delete on sbtest6  (cost=0.43..8.45 rows=0 width=0)
	  ->  Index Scan using sbtest6_pkey on sbtest6  (cost=0.43..8.45 rows=1 width=6)
	        Index Cond: (id = 4601916)

table 7 : explain DELETE FROM sbtest7 WHERE id=4482760
	Delete on sbtest7  (cost=0.43..8.45 rows=0 width=0)
	  ->  Index Scan using sbtest7_pkey on sbtest7  (cost=0.43..8.45 rows=1 width=6)
	        Index Cond: (id = 4482760)

table 8 : explain DELETE FROM sbtest8 WHERE id=9224069
	Delete on sbtest8  (cost=0.43..8.45 rows=0 width=0)
	  ->  Index Scan using sbtest8_pkey on sbtest8  (cost=0.43..8.45 rows=1 width=6)
	        Index Cond: (id = 9224069)

for: sum_ranges
table 1 : explain SELECT SUM(k) FROM sbtest1 WHERE id BETWEEN 3407295 AND 3407394
	Aggregate  (cost=358.68..358.69 rows=1 width=8)
	  ->  Index Scan using sbtest1_pkey on sbtest1  (cost=0.43..358.44 rows=93 width=4)
	        Index Cond: ((id >= 3407295) AND (id <= 3407394))

table 2 : explain SELECT SUM(k) FROM sbtest2 WHERE id BETWEEN 6641217 AND 6641316
	Aggregate  (cost=373.33..373.34 rows=1 width=8)
	  ->  Index Scan using sbtest2_pkey on sbtest2  (cost=0.43..373.08 rows=97 width=4)
	        Index Cond: ((id >= 6641217) AND (id <= 6641316))

table 3 : explain SELECT SUM(k) FROM sbtest3 WHERE id BETWEEN 7428415 AND 7428514
	Aggregate  (cost=371.94..371.95 rows=1 width=8)
	  ->  Index Scan using sbtest3_pkey on sbtest3  (cost=0.43..371.69 rows=97 width=4)
	        Index Cond: ((id >= 7428415) AND (id <= 7428514))

table 4 : explain SELECT SUM(k) FROM sbtest4 WHERE id BETWEEN 7256780 AND 7256879
	Aggregate  (cost=369.45..369.46 rows=1 width=8)
	  ->  Index Scan using sbtest4_pkey on sbtest4  (cost=0.43..369.21 rows=96 width=4)
	        Index Cond: ((id >= 7256780) AND (id <= 7256879))

table 5 : explain SELECT SUM(k) FROM sbtest5 WHERE id BETWEEN 543799 AND 543898
	Aggregate  (cost=401.28..401.29 rows=1 width=8)
	  ->  Index Scan using sbtest5_pkey on sbtest5  (cost=0.43..401.02 rows=104 width=4)
	        Index Cond: ((id >= 543799) AND (id <= 543898))

table 6 : explain SELECT SUM(k) FROM sbtest6 WHERE id BETWEEN 7354904 AND 7355003
	Aggregate  (cost=365.17..365.18 rows=1 width=8)
	  ->  Index Scan using sbtest6_pkey on sbtest6  (cost=0.43..364.93 rows=95 width=4)
	        Index Cond: ((id >= 7354904) AND (id <= 7355003))

table 7 : explain SELECT SUM(k) FROM sbtest7 WHERE id BETWEEN 4751677 AND 4751776
	Aggregate  (cost=385.01..385.02 rows=1 width=8)
	  ->  Index Scan using sbtest7_pkey on sbtest7  (cost=0.43..384.76 rows=100 width=4)
	        Index Cond: ((id >= 4751677) AND (id <= 4751776))

table 8 : explain SELECT SUM(k) FROM sbtest8 WHERE id BETWEEN 5838640 AND 5838739
	Aggregate  (cost=386.68..386.69 rows=1 width=8)
	  ->  Index Scan using sbtest8_pkey on sbtest8  (cost=0.43..386.43 rows=100 width=4)
	        Index Cond: ((id >= 5838640) AND (id <= 5838739))

for non_index_updates
table 1 : explain UPDATE sbtest1 SET c='foobar' WHERE id=3290547
	Update on sbtest1  (cost=0.43..8.45 rows=0 width=0)
	  ->  Index Scan using sbtest1_pkey on sbtest1  (cost=0.43..8.45 rows=1 width=490)
	        Index Cond: (id = 3290547)

table 2 : explain UPDATE sbtest2 SET c='foobar' WHERE id=9523507
	Update on sbtest2  (cost=0.43..8.45 rows=0 width=0)
	  ->  Index Scan using sbtest2_pkey on sbtest2  (cost=0.43..8.45 rows=1 width=490)
	        Index Cond: (id = 9523507)

table 3 : explain UPDATE sbtest3 SET c='foobar' WHERE id=1612645
	Update on sbtest3  (cost=0.43..8.45 rows=0 width=0)
	  ->  Index Scan using sbtest3_pkey on sbtest3  (cost=0.43..8.45 rows=1 width=490)
	        Index Cond: (id = 1612645)

table 4 : explain UPDATE sbtest4 SET c='foobar' WHERE id=3004994
	Update on sbtest4  (cost=0.43..8.45 rows=0 width=0)
	  ->  Index Scan using sbtest4_pkey on sbtest4  (cost=0.43..8.45 rows=1 width=490)
	        Index Cond: (id = 3004994)

table 5 : explain UPDATE sbtest5 SET c='foobar' WHERE id=6570564
	Update on sbtest5  (cost=0.43..8.45 rows=0 width=0)
	  ->  Index Scan using sbtest5_pkey on sbtest5  (cost=0.43..8.45 rows=1 width=490)
	        Index Cond: (id = 6570564)

table 6 : explain UPDATE sbtest6 SET c='foobar' WHERE id=9625034
	Update on sbtest6  (cost=0.43..8.45 rows=0 width=0)
	  ->  Index Scan using sbtest6_pkey on sbtest6  (cost=0.43..8.45 rows=1 width=490)
	        Index Cond: (id = 9625034)

table 7 : explain UPDATE sbtest7 SET c='foobar' WHERE id=6412237
	Update on sbtest7  (cost=0.43..8.45 rows=0 width=0)
	  ->  Index Scan using sbtest7_pkey on sbtest7  (cost=0.43..8.45 rows=1 width=490)
	        Index Cond: (id = 6412237)

table 8 : explain UPDATE sbtest8 SET c='foobar' WHERE id=6190652
	Update on sbtest8  (cost=0.43..8.45 rows=0 width=0)
	  ->  Index Scan using sbtest8_pkey on sbtest8  (cost=0.43..8.45 rows=1 width=490)
	        Index Cond: (id = 6190652)

for: sum_ranges
table 1 : explain SELECT SUM(k) FROM sbtest1 WHERE id BETWEEN 6526351 AND 6526450
	Aggregate  (cost=385.37..385.38 rows=1 width=8)
	  ->  Index Scan using sbtest1_pkey on sbtest1  (cost=0.43..385.12 rows=100 width=4)
	        Index Cond: ((id >= 6526351) AND (id <= 6526450))

table 2 : explain SELECT SUM(k) FROM sbtest2 WHERE id BETWEEN 1386791 AND 1386890
	Aggregate  (cost=346.73..346.74 rows=1 width=8)
	  ->  Index Scan using sbtest2_pkey on sbtest2  (cost=0.43..346.51 rows=90 width=4)
	        Index Cond: ((id >= 1386791) AND (id <= 1386890))

table 3 : explain SELECT SUM(k) FROM sbtest3 WHERE id BETWEEN 1751805 AND 1751904
	Aggregate  (cost=390.92..390.93 rows=1 width=8)
	  ->  Index Scan using sbtest3_pkey on sbtest3  (cost=0.43..390.67 rows=102 width=4)
	        Index Cond: ((id >= 1751805) AND (id <= 1751904))

table 4 : explain SELECT SUM(k) FROM sbtest4 WHERE id BETWEEN 8995400 AND 8995499
	Aggregate  (cost=384.64..384.65 rows=1 width=8)
	  ->  Index Scan using sbtest4_pkey on sbtest4  (cost=0.43..384.39 rows=100 width=4)
	        Index Cond: ((id >= 8995400) AND (id <= 8995499))

table 5 : explain SELECT SUM(k) FROM sbtest5 WHERE id BETWEEN 3900179 AND 3900278
	Aggregate  (cost=386.03..386.04 rows=1 width=8)
	  ->  Index Scan using sbtest5_pkey on sbtest5  (cost=0.43..385.78 rows=100 width=4)
	        Index Cond: ((id >= 3900179) AND (id <= 3900278))

table 6 : explain SELECT SUM(k) FROM sbtest6 WHERE id BETWEEN 1792655 AND 1792754
	Aggregate  (cost=414.54..414.55 rows=1 width=8)
	  ->  Index Scan using sbtest6_pkey on sbtest6  (cost=0.43..414.27 rows=108 width=4)
	        Index Cond: ((id >= 1792655) AND (id <= 1792754))

table 7 : explain SELECT SUM(k) FROM sbtest7 WHERE id BETWEEN 63564 AND 63663
	Aggregate  (cost=415.42..415.43 rows=1 width=8)
	  ->  Index Scan using sbtest7_pkey on sbtest7  (cost=0.43..415.15 rows=108 width=4)
	        Index Cond: ((id >= 63564) AND (id <= 63663))

table 8 : explain SELECT SUM(k) FROM sbtest8 WHERE id BETWEEN 7861059 AND 7861158
	Aggregate  (cost=378.99..379.00 rows=1 width=8)
	  ->  Index Scan using sbtest8_pkey on sbtest8  (cost=0.43..378.74 rows=98 width=4)
	        Index Cond: ((id >= 7861059) AND (id <= 7861158))

for point_selects
table 1 : explain SELECT c FROM sbtest1 WHERE id=7157944
	Index Scan using sbtest1_pkey on sbtest1  (cost=0.43..8.45 rows=1 width=121)
	  Index Cond: (id = 7157944)

table 2 : explain SELECT c FROM sbtest2 WHERE id=3372155
	Index Scan using sbtest2_pkey on sbtest2  (cost=0.43..8.45 rows=1 width=121)
	  Index Cond: (id = 3372155)

table 3 : explain SELECT c FROM sbtest3 WHERE id=9878810
	Index Scan using sbtest3_pkey on sbtest3  (cost=0.43..8.45 rows=1 width=121)
	  Index Cond: (id = 9878810)

table 4 : explain SELECT c FROM sbtest4 WHERE id=2289061
	Index Scan using sbtest4_pkey on sbtest4  (cost=0.43..8.45 rows=1 width=121)
	  Index Cond: (id = 2289061)

table 5 : explain SELECT c FROM sbtest5 WHERE id=8610534
	Index Scan using sbtest5_pkey on sbtest5  (cost=0.43..8.45 rows=1 width=121)
	  Index Cond: (id = 8610534)

table 6 : explain SELECT c FROM sbtest6 WHERE id=6031718
	Index Scan using sbtest6_pkey on sbtest6  (cost=0.43..8.45 rows=1 width=121)
	  Index Cond: (id = 6031718)

table 7 : explain SELECT c FROM sbtest7 WHERE id=6035400
	Index Scan using sbtest7_pkey on sbtest7  (cost=0.43..8.45 rows=1 width=121)
	  Index Cond: (id = 6035400)

table 8 : explain SELECT c FROM sbtest8 WHERE id=505458
	Index Scan using sbtest8_pkey on sbtest8  (cost=0.43..8.45 rows=1 width=121)
	  Index Cond: (id = 505458)

explain: for index_updates :: explain UPDATE sbtest%u SET k=k+1 WHERE id=%u
for deletes
table 1 : explain DELETE FROM sbtest1 WHERE id=8322881
	Delete on sbtest1  (cost=0.43..8.45 rows=0 width=0)
	  ->  Index Scan using sbtest1_pkey on sbtest1  (cost=0.43..8.45 rows=1 width=6)
	        Index Cond: (id = 8322881)

table 2 : explain DELETE FROM sbtest2 WHERE id=5988142
	Delete on sbtest2  (cost=0.43..8.45 rows=0 width=0)
	  ->  Index Scan using sbtest2_pkey on sbtest2  (cost=0.43..8.45 rows=1 width=6)
	        Index Cond: (id = 5988142)

table 3 : explain DELETE FROM sbtest3 WHERE id=6912028
	Delete on sbtest3  (cost=0.43..8.45 rows=0 width=0)
	  ->  Index Scan using sbtest3_pkey on sbtest3  (cost=0.43..8.45 rows=1 width=6)
	        Index Cond: (id = 6912028)

table 4 : explain DELETE FROM sbtest4 WHERE id=6906184
	Delete on sbtest4  (cost=0.43..8.45 rows=0 width=0)
	  ->  Index Scan using sbtest4_pkey on sbtest4  (cost=0.43..8.45 rows=1 width=6)
	        Index Cond: (id = 6906184)

table 5 : explain DELETE FROM sbtest5 WHERE id=7275340
	Delete on sbtest5  (cost=0.43..8.45 rows=0 width=0)
	  ->  Index Scan using sbtest5_pkey on sbtest5  (cost=0.43..8.45 rows=1 width=6)
	        Index Cond: (id = 7275340)

table 6 : explain DELETE FROM sbtest6 WHERE id=4552324
	Delete on sbtest6  (cost=0.43..8.45 rows=0 width=0)
	  ->  Index Scan using sbtest6_pkey on sbtest6  (cost=0.43..8.45 rows=1 width=6)
	        Index Cond: (id = 4552324)

table 7 : explain DELETE FROM sbtest7 WHERE id=2179510
	Delete on sbtest7  (cost=0.43..8.45 rows=0 width=0)
	  ->  Index Scan using sbtest7_pkey on sbtest7  (cost=0.43..8.45 rows=1 width=6)
	        Index Cond: (id = 2179510)

table 8 : explain DELETE FROM sbtest8 WHERE id=7585589
	Delete on sbtest8  (cost=0.43..8.45 rows=0 width=0)
	  ->  Index Scan using sbtest8_pkey on sbtest8  (cost=0.43..8.45 rows=1 width=6)
	        Index Cond: (id = 7585589)

for: simple_ranges
table 1 : explain SELECT c FROM sbtest1 WHERE id BETWEEN 8831273 AND 8831372
	Index Scan using sbtest1_pkey on sbtest1  (cost=0.43..388.92 rows=101 width=121)
	  Index Cond: ((id >= 8831273) AND (id <= 8831372))

table 2 : explain SELECT c FROM sbtest2 WHERE id BETWEEN 3254497 AND 3254596
	Index Scan using sbtest2_pkey on sbtest2  (cost=0.43..365.49 rows=95 width=121)
	  Index Cond: ((id >= 3254497) AND (id <= 3254596))

table 3 : explain SELECT c FROM sbtest3 WHERE id BETWEEN 2925776 AND 2925875
	Index Scan using sbtest3_pkey on sbtest3  (cost=0.43..398.23 rows=104 width=121)
	  Index Cond: ((id >= 2925776) AND (id <= 2925875))

table 4 : explain SELECT c FROM sbtest4 WHERE id BETWEEN 2292000 AND 2292099
	Index Scan using sbtest4_pkey on sbtest4  (cost=0.43..365.41 rows=95 width=121)
	  Index Cond: ((id >= 2292000) AND (id <= 2292099))

table 5 : explain SELECT c FROM sbtest5 WHERE id BETWEEN 7497 AND 7596
	Index Scan using sbtest5_pkey on sbtest5  (cost=0.43..340.01 rows=88 width=121)
	  Index Cond: ((id >= 7497) AND (id <= 7596))

table 6 : explain SELECT c FROM sbtest6 WHERE id BETWEEN 2793098 AND 2793197
	Index Scan using sbtest6_pkey on sbtest6  (cost=0.43..437.02 rows=114 width=121)
	  Index Cond: ((id >= 2793098) AND (id <= 2793197))

table 7 : explain SELECT c FROM sbtest7 WHERE id BETWEEN 2290577 AND 2290676
	Index Scan using sbtest7_pkey on sbtest7  (cost=0.43..365.71 rows=95 width=121)
	  Index Cond: ((id >= 2290577) AND (id <= 2290676))

table 8 : explain SELECT c FROM sbtest8 WHERE id BETWEEN 7214900 AND 7214999
	Index Scan using sbtest8_pkey on sbtest8  (cost=0.43..378.74 rows=98 width=121)
	  Index Cond: ((id >= 7214900) AND (id <= 7214999))

for point_selects
table 1 : explain SELECT c FROM sbtest1 WHERE id=2767053
	Index Scan using sbtest1_pkey on sbtest1  (cost=0.43..8.45 rows=1 width=121)
	  Index Cond: (id = 2767053)

table 2 : explain SELECT c FROM sbtest2 WHERE id=6433308
	Index Scan using sbtest2_pkey on sbtest2  (cost=0.43..8.45 rows=1 width=121)
	  Index Cond: (id = 6433308)

table 3 : explain SELECT c FROM sbtest3 WHERE id=6878903
	Index Scan using sbtest3_pkey on sbtest3  (cost=0.43..8.45 rows=1 width=121)
	  Index Cond: (id = 6878903)

table 4 : explain SELECT c FROM sbtest4 WHERE id=8407601
	Index Scan using sbtest4_pkey on sbtest4  (cost=0.43..8.45 rows=1 width=121)
	  Index Cond: (id = 8407601)

table 5 : explain SELECT c FROM sbtest5 WHERE id=6639732
	Index Scan using sbtest5_pkey on sbtest5  (cost=0.43..8.45 rows=1 width=121)
	  Index Cond: (id = 6639732)

table 6 : explain SELECT c FROM sbtest6 WHERE id=8980172
	Index Scan using sbtest6_pkey on sbtest6  (cost=0.43..8.45 rows=1 width=121)
	  Index Cond: (id = 8980172)

table 7 : explain SELECT c FROM sbtest7 WHERE id=4077308
	Index Scan using sbtest7_pkey on sbtest7  (cost=0.43..8.45 rows=1 width=121)
	  Index Cond: (id = 4077308)

table 8 : explain SELECT c FROM sbtest8 WHERE id=3276151
	Index Scan using sbtest8_pkey on sbtest8  (cost=0.43..8.45 rows=1 width=121)
	  Index Cond: (id = 3276151)
for: sum_ranges
table 1 : explain SELECT SUM(k) FROM sbtest1 WHERE id BETWEEN 738187 AND 738286
	Aggregate  (cost=431.04..431.05 rows=1 width=8)
	  ->  Index Scan using sbtest1_pkey on sbtest1  (cost=0.43..430.76 rows=112 width=4)
	        Index Cond: ((id >= 738187) AND (id <= 738286))

table 2 : explain SELECT SUM(k) FROM sbtest2 WHERE id BETWEEN 8166480 AND 8166579
	Aggregate  (cost=384.78..384.79 rows=1 width=8)
	  ->  Index Scan using sbtest2_pkey on sbtest2  (cost=0.43..384.53 rows=100 width=4)
	        Index Cond: ((id >= 8166480) AND (id <= 8166579))

table 3 : explain SELECT SUM(k) FROM sbtest3 WHERE id BETWEEN 7388420 AND 7388519
	Aggregate  (cost=387.14..387.15 rows=1 width=8)
	  ->  Index Scan using sbtest3_pkey on sbtest3  (cost=0.43..386.88 rows=101 width=4)
	        Index Cond: ((id >= 7388420) AND (id <= 7388519))

table 4 : explain SELECT SUM(k) FROM sbtest4 WHERE id BETWEEN 9341175 AND 9341274
	Aggregate  (cost=377.05..377.06 rows=1 width=8)
	  ->  Index Scan using sbtest4_pkey on sbtest4  (cost=0.43..376.80 rows=98 width=4)
	        Index Cond: ((id >= 9341175) AND (id <= 9341274))

table 5 : explain SELECT SUM(k) FROM sbtest5 WHERE id BETWEEN 8726043 AND 8726142
	Aggregate  (cost=340.23..340.24 rows=1 width=8)
	  ->  Index Scan using sbtest5_pkey on sbtest5  (cost=0.43..340.01 rows=88 width=4)
	        Index Cond: ((id >= 8726043) AND (id <= 8726142))

table 6 : explain SELECT SUM(k) FROM sbtest6 WHERE id BETWEEN 4143251 AND 4143350
	Aggregate  (cost=425.92..425.93 rows=1 width=8)
	  ->  Index Scan using sbtest6_pkey on sbtest6  (cost=0.43..425.64 rows=111 width=4)
	        Index Cond: ((id >= 4143251) AND (id <= 4143350))

table 7 : explain SELECT SUM(k) FROM sbtest7 WHERE id BETWEEN 8926396 AND 8926495
	Aggregate  (cost=396.41..396.42 rows=1 width=8)
	  ->  Index Scan using sbtest7_pkey on sbtest7  (cost=0.43..396.16 rows=103 width=4)
	        Index Cond: ((id >= 8926396) AND (id <= 8926495))

table 8 : explain SELECT SUM(k) FROM sbtest8 WHERE id BETWEEN 1294891 AND 1294990
	Aggregate  (cost=378.99..379.00 rows=1 width=8)
	  ->  Index Scan using sbtest8_pkey on sbtest8  (cost=0.43..378.74 rows=98 width=4)
	        Index Cond: ((id >= 1294891) AND (id <= 1294990))

for point_selects
table 1 : explain SELECT c FROM sbtest1 WHERE id=5444101
	Index Scan using sbtest1_pkey on sbtest1  (cost=0.43..8.45 rows=1 width=121)
	  Index Cond: (id = 5444101)

table 2 : explain SELECT c FROM sbtest2 WHERE id=5154510
	Index Scan using sbtest2_pkey on sbtest2  (cost=0.43..8.45 rows=1 width=121)
	  Index Cond: (id = 5154510)

table 3 : explain SELECT c FROM sbtest3 WHERE id=8519863
	Index Scan using sbtest3_pkey on sbtest3  (cost=0.43..8.45 rows=1 width=121)
	  Index Cond: (id = 8519863)

table 4 : explain SELECT c FROM sbtest4 WHERE id=803801
	Index Scan using sbtest4_pkey on sbtest4  (cost=0.43..8.45 rows=1 width=121)
	  Index Cond: (id = 803801)

table 5 : explain SELECT c FROM sbtest5 WHERE id=1439599
	Index Scan using sbtest5_pkey on sbtest5  (cost=0.43..8.45 rows=1 width=121)
	  Index Cond: (id = 1439599)

table 6 : explain SELECT c FROM sbtest6 WHERE id=9779474
	Index Scan using sbtest6_pkey on sbtest6  (cost=0.43..8.45 rows=1 width=121)
	  Index Cond: (id = 9779474)

table 7 : explain SELECT c FROM sbtest7 WHERE id=6780804
	Index Scan using sbtest7_pkey on sbtest7  (cost=0.43..8.45 rows=1 width=121)
	  Index Cond: (id = 6780804)

table 8 : explain SELECT c FROM sbtest8 WHERE id=5013735
	Index Scan using sbtest8_pkey on sbtest8  (cost=0.43..8.45 rows=1 width=121)
	  Index Cond: (id = 5013735)

for index_updates
table 1 : explain UPDATE sbtest1 SET k=k+1 WHERE id=8279658
	Update on sbtest1  (cost=0.43..8.46 rows=0 width=0)
	  ->  Index Scan using sbtest1_pkey on sbtest1  (cost=0.43..8.46 rows=1 width=10)
	        Index Cond: (id = 8279658)

table 2 : explain UPDATE sbtest2 SET k=k+1 WHERE id=4234350
	Update on sbtest2  (cost=0.43..8.46 rows=0 width=0)
	  ->  Index Scan using sbtest2_pkey on sbtest2  (cost=0.43..8.46 rows=1 width=10)
	        Index Cond: (id = 4234350)

table 3 : explain UPDATE sbtest3 SET k=k+1 WHERE id=9601893
	Update on sbtest3  (cost=0.43..8.46 rows=0 width=0)
	  ->  Index Scan using sbtest3_pkey on sbtest3  (cost=0.43..8.46 rows=1 width=10)
	        Index Cond: (id = 9601893)

table 4 : explain UPDATE sbtest4 SET k=k+1 WHERE id=2010572
	Update on sbtest4  (cost=0.43..8.46 rows=0 width=0)
	  ->  Index Scan using sbtest4_pkey on sbtest4  (cost=0.43..8.46 rows=1 width=10)
	        Index Cond: (id = 2010572)

table 5 : explain UPDATE sbtest5 SET k=k+1 WHERE id=4098229
	Update on sbtest5  (cost=0.43..8.46 rows=0 width=0)
	  ->  Index Scan using sbtest5_pkey on sbtest5  (cost=0.43..8.46 rows=1 width=10)
	        Index Cond: (id = 4098229)

table 6 : explain UPDATE sbtest6 SET k=k+1 WHERE id=9308032
	Update on sbtest6  (cost=0.43..8.46 rows=0 width=0)
	  ->  Index Scan using sbtest6_pkey on sbtest6  (cost=0.43..8.46 rows=1 width=10)
	        Index Cond: (id = 9308032)

table 7 : explain UPDATE sbtest7 SET k=k+1 WHERE id=7363635
	Update on sbtest7  (cost=0.43..8.46 rows=0 width=0)
	  ->  Index Scan using sbtest7_pkey on sbtest7  (cost=0.43..8.46 rows=1 width=10)
	        Index Cond: (id = 7363635)

table 8 : explain UPDATE sbtest8 SET k=k+1 WHERE id=7498753
	Update on sbtest8  (cost=0.43..8.46 rows=0 width=0)
	  ->  Index Scan using sbtest8_pkey on sbtest8  (cost=0.43..8.46 rows=1 width=10)
	        Index Cond: (id = 7498753)

explain: for deletes :: explain DELETE FROM sbtest%u WHERE id=%u

explain: for inserts :: explain INSERT INTO sbtest%u (id, k, c, pad) VALUES (%u, 13, 'foobar', 'foobar')
for index_updates
table 1 : explain UPDATE sbtest1 SET k=k+1 WHERE id=5678876
	Update on sbtest1  (cost=0.43..8.46 rows=0 width=0)
	  ->  Index Scan using sbtest1_pkey on sbtest1  (cost=0.43..8.46 rows=1 width=10)
	        Index Cond: (id = 5678876)

table 2 : explain UPDATE sbtest2 SET k=k+1 WHERE id=9213048
	Update on sbtest2  (cost=0.43..8.46 rows=0 width=0)
	  ->  Index Scan using sbtest2_pkey on sbtest2  (cost=0.43..8.46 rows=1 width=10)
	        Index Cond: (id = 9213048)

table 3 : explain UPDATE sbtest3 SET k=k+1 WHERE id=5243136
	Update on sbtest3  (cost=0.43..8.46 rows=0 width=0)
	  ->  Index Scan using sbtest3_pkey on sbtest3  (cost=0.43..8.46 rows=1 width=10)
	        Index Cond: (id = 5243136)

table 4 : explain UPDATE sbtest4 SET k=k+1 WHERE id=321154
	Update on sbtest4  (cost=0.43..8.46 rows=0 width=0)
	  ->  Index Scan using sbtest4_pkey on sbtest4  (cost=0.43..8.46 rows=1 width=10)
	        Index Cond: (id = 321154)

table 5 : explain UPDATE sbtest5 SET k=k+1 WHERE id=393819
	Update on sbtest5  (cost=0.43..8.46 rows=0 width=0)
	  ->  Index Scan using sbtest5_pkey on sbtest5  (cost=0.43..8.46 rows=1 width=10)
	        Index Cond: (id = 393819)

table 6 : explain UPDATE sbtest6 SET k=k+1 WHERE id=51363
	Update on sbtest6  (cost=0.43..8.46 rows=0 width=0)
	  ->  Index Scan using sbtest6_pkey on sbtest6  (cost=0.43..8.46 rows=1 width=10)
	        Index Cond: (id = 51363)

table 7 : explain UPDATE sbtest7 SET k=k+1 WHERE id=6760129
	Update on sbtest7  (cost=0.43..8.46 rows=0 width=0)
	  ->  Index Scan using sbtest7_pkey on sbtest7  (cost=0.43..8.46 rows=1 width=10)
	        Index Cond: (id = 6760129)

table 8 : explain UPDATE sbtest8 SET k=k+1 WHERE id=9667637
	Update on sbtest8  (cost=0.43..8.46 rows=0 width=0)
	  ->  Index Scan using sbtest8_pkey on sbtest8  (cost=0.43..8.46 rows=1 width=10)
	        Index Cond: (id = 9667637)

for: simple_ranges
table 1 : explain SELECT c FROM sbtest1 WHERE id BETWEEN 849707 AND 849806
	Index Scan using sbtest1_pkey on sbtest1  (cost=0.43..392.72 rows=102 width=121)
	  Index Cond: ((id >= 849707) AND (id <= 849806))

table 2 : explain SELECT c FROM sbtest2 WHERE id BETWEEN 4188479 AND 4188578
	Index Scan using sbtest2_pkey on sbtest2  (cost=0.43..403.52 rows=105 width=121)
	  Index Cond: ((id >= 4188479) AND (id <= 4188578))

table 3 : explain SELECT c FROM sbtest3 WHERE id BETWEEN 6702712 AND 6702811
	Index Scan using sbtest3_pkey on sbtest3  (cost=0.43..371.69 rows=97 width=121)
	  Index Cond: ((id >= 6702712) AND (id <= 6702811))

table 4 : explain SELECT c FROM sbtest4 WHERE id BETWEEN 1084723 AND 1084822
	Index Scan using sbtest4_pkey on sbtest4  (cost=0.43..403.37 rows=105 width=121)
	  Index Cond: ((id >= 1084723) AND (id <= 1084822))

table 5 : explain SELECT c FROM sbtest5 WHERE id BETWEEN 7572891 AND 7572990
	Index Scan using sbtest5_pkey on sbtest5  (cost=0.43..362.92 rows=94 width=121)
	  Index Cond: ((id >= 7572891) AND (id <= 7572990))

table 6 : explain SELECT c FROM sbtest6 WHERE id BETWEEN 4527398 AND 4527497
	Index Scan using sbtest6_pkey on sbtest6  (cost=0.43..406.69 rows=106 width=121)
	  Index Cond: ((id >= 4527398) AND (id <= 4527497))

table 7 : explain SELECT c FROM sbtest7 WHERE id BETWEEN 1809623 AND 1809722
	Index Scan using sbtest7_pkey on sbtest7  (cost=0.43..392.36 rows=102 width=121)
	  Index Cond: ((id >= 1809623) AND (id <= 1809722))

table 8 : explain SELECT c FROM sbtest8 WHERE id BETWEEN 3621928 AND 3622027
	Index Scan using sbtest8_pkey on sbtest8  (cost=0.43..401.69 rows=104 width=121)
	  Index Cond: ((id >= 3621928) AND (id <= 3622027))

for: distinct_ranges
table 1 : explain SELECT DISTINCT c FROM sbtest1 WHERE id BETWEEN 7708095 AND 7708194 ORDER BY c
	Unique  (cost=369.17..369.65 rows=95 width=121)
	  ->  Sort  (cost=369.17..369.41 rows=95 width=121)
	        Sort Key: c
	        ->  Index Scan using sbtest1_pkey on sbtest1  (cost=0.43..366.05 rows=95 width=121)
	              Index Cond: ((id >= 7708095) AND (id <= 7708194))

table 2 : explain SELECT DISTINCT c FROM sbtest2 WHERE id BETWEEN 21598 AND 21697 ORDER BY c
	Unique  (cost=368.61..369.09 rows=95 width=121)
	  ->  Sort  (cost=368.61..368.85 rows=95 width=121)
	        Sort Key: c
	        ->  Index Scan using sbtest2_pkey on sbtest2  (cost=0.43..365.49 rows=95 width=121)
	              Index Cond: ((id >= 21598) AND (id <= 21697))

table 3 : explain SELECT DISTINCT c FROM sbtest3 WHERE id BETWEEN 698349 AND 698448 ORDER BY c
	Unique  (cost=382.60..383.10 rows=99 width=121)
	  ->  Sort  (cost=382.60..382.85 rows=99 width=121)
	        Sort Key: c
	        ->  Index Scan using sbtest3_pkey on sbtest3  (cost=0.43..379.32 rows=99 width=121)
	              Index Cond: ((id >= 698349) AND (id <= 698448))

table 4 : explain SELECT DISTINCT c FROM sbtest4 WHERE id BETWEEN 2940446 AND 2940545 ORDER BY c
	Unique  (cost=364.70..365.17 rows=94 width=121)
	  ->  Sort  (cost=364.70..364.93 rows=94 width=121)
	        Sort Key: c
	        ->  Index Scan using sbtest4_pkey on sbtest4  (cost=0.43..361.62 rows=94 width=121)
	              Index Cond: ((id >= 2940446) AND (id <= 2940545))

table 5 : explain SELECT DISTINCT c FROM sbtest5 WHERE id BETWEEN 4028563 AND 4028662 ORDER BY c
	Unique  (cost=408.35..408.88 rows=105 width=121)
	  ->  Sort  (cost=408.35..408.61 rows=105 width=121)
	        Sort Key: c
	        ->  Index Scan using sbtest5_pkey on sbtest5  (cost=0.43..404.83 rows=105 width=121)
	              Index Cond: ((id >= 4028563) AND (id <= 4028662))

table 6 : explain SELECT DISTINCT c FROM sbtest6 WHERE id BETWEEN 8599998 AND 8600097 ORDER BY c
	Unique  (cost=394.93..395.44 rows=102 width=121)
	  ->  Sort  (cost=394.93..395.18 rows=102 width=121)
	        Sort Key: c
	        ->  Index Scan using sbtest6_pkey on sbtest6  (cost=0.43..391.52 rows=102 width=121)
	              Index Cond: ((id >= 8599998) AND (id <= 8600097))

table 7 : explain SELECT DISTINCT c FROM sbtest7 WHERE id BETWEEN 8859599 AND 8859698 ORDER BY c
	Unique  (cost=384.19..384.68 rows=99 width=121)
	  ->  Sort  (cost=384.19..384.43 rows=99 width=121)
	        Sort Key: c
	        ->  Index Scan using sbtest7_pkey on sbtest7  (cost=0.43..380.90 rows=99 width=121)
	              Index Cond: ((id >= 8859599) AND (id <= 8859698))

table 8 : explain SELECT DISTINCT c FROM sbtest8 WHERE id BETWEEN 5962283 AND 5962382 ORDER BY c
	Unique  (cost=409.03..409.56 rows=105 width=121)
	  ->  Sort  (cost=409.03..409.30 rows=105 width=121)
	        Sort Key: c
	        ->  Index Scan using sbtest8_pkey on sbtest8  (cost=0.43..405.51 rows=105 width=121)
	              Index Cond: ((id >= 5962283) AND (id <= 5962382))

explain: for inserts :: explain INSERT INTO sbtest%u (id, k, c, pad) VALUES (%u, 13, 'foobar', 'foobar')
for index_updates
table 1 : explain UPDATE sbtest1 SET k=k+1 WHERE id=723592
	Update on sbtest1  (cost=0.43..8.46 rows=0 width=0)
	  ->  Index Scan using sbtest1_pkey on sbtest1  (cost=0.43..8.46 rows=1 width=10)
	        Index Cond: (id = 723592)

table 2 : explain UPDATE sbtest2 SET k=k+1 WHERE id=8835665
	Update on sbtest2  (cost=0.43..8.46 rows=0 width=0)
	  ->  Index Scan using sbtest2_pkey on sbtest2  (cost=0.43..8.46 rows=1 width=10)
	        Index Cond: (id = 8835665)

table 3 : explain UPDATE sbtest3 SET k=k+1 WHERE id=9549830
	Update on sbtest3  (cost=0.43..8.46 rows=0 width=0)
	  ->  Index Scan using sbtest3_pkey on sbtest3  (cost=0.43..8.46 rows=1 width=10)
	        Index Cond: (id = 9549830)

table 4 : explain UPDATE sbtest4 SET k=k+1 WHERE id=4149488
	Update on sbtest4  (cost=0.43..8.46 rows=0 width=0)
	  ->  Index Scan using sbtest4_pkey on sbtest4  (cost=0.43..8.46 rows=1 width=10)
	        Index Cond: (id = 4149488)

table 5 : explain UPDATE sbtest5 SET k=k+1 WHERE id=7171909
	Update on sbtest5  (cost=0.43..8.46 rows=0 width=0)
	  ->  Index Scan using sbtest5_pkey on sbtest5  (cost=0.43..8.46 rows=1 width=10)
	        Index Cond: (id = 7171909)

table 6 : explain UPDATE sbtest6 SET k=k+1 WHERE id=1728164
	Update on sbtest6  (cost=0.43..8.46 rows=0 width=0)
	  ->  Index Scan using sbtest6_pkey on sbtest6  (cost=0.43..8.46 rows=1 width=10)
	        Index Cond: (id = 1728164)

table 7 : explain UPDATE sbtest7 SET k=k+1 WHERE id=7084096
	Update on sbtest7  (cost=0.43..8.46 rows=0 width=0)
	  ->  Index Scan using sbtest7_pkey on sbtest7  (cost=0.43..8.46 rows=1 width=10)
	        Index Cond: (id = 7084096)

table 8 : explain UPDATE sbtest8 SET k=k+1 WHERE id=4672549
	Update on sbtest8  (cost=0.43..8.46 rows=0 width=0)
	  ->  Index Scan using sbtest8_pkey on sbtest8  (cost=0.43..8.46 rows=1 width=10)
	        Index Cond: (id = 4672549)

for inserts
table 1 : explain INSERT INTO sbtest1 (id, k, c, pad) VALUES (7687228, 13, 'foobar', 'foobar')
	Insert on sbtest1  (cost=0.00..0.01 rows=0 width=0)
	  ->  Result  (cost=0.00..0.01 rows=1 width=736)

table 2 : explain INSERT INTO sbtest2 (id, k, c, pad) VALUES (674455, 13, 'foobar', 'foobar')
	Insert on sbtest2  (cost=0.00..0.01 rows=0 width=0)
	  ->  Result  (cost=0.00..0.01 rows=1 width=736)

table 3 : explain INSERT INTO sbtest3 (id, k, c, pad) VALUES (8116587, 13, 'foobar', 'foobar')
	Insert on sbtest3  (cost=0.00..0.01 rows=0 width=0)
	  ->  Result  (cost=0.00..0.01 rows=1 width=736)

table 4 : explain INSERT INTO sbtest4 (id, k, c, pad) VALUES (3850054, 13, 'foobar', 'foobar')
	Insert on sbtest4  (cost=0.00..0.01 rows=0 width=0)
	  ->  Result  (cost=0.00..0.01 rows=1 width=736)

table 5 : explain INSERT INTO sbtest5 (id, k, c, pad) VALUES (2747671, 13, 'foobar', 'foobar')
	Insert on sbtest5  (cost=0.00..0.01 rows=0 width=0)
	  ->  Result  (cost=0.00..0.01 rows=1 width=736)

table 6 : explain INSERT INTO sbtest6 (id, k, c, pad) VALUES (7979613, 13, 'foobar', 'foobar')
	Insert on sbtest6  (cost=0.00..0.01 rows=0 width=0)
	  ->  Result  (cost=0.00..0.01 rows=1 width=736)

table 7 : explain INSERT INTO sbtest7 (id, k, c, pad) VALUES (3563399, 13, 'foobar', 'foobar')
	Insert on sbtest7  (cost=0.00..0.01 rows=0 width=0)
	  ->  Result  (cost=0.00..0.01 rows=1 width=736)

table 8 : explain INSERT INTO sbtest8 (id, k, c, pad) VALUES (4163426, 13, 'foobar', 'foobar')
	Insert on sbtest8  (cost=0.00..0.01 rows=0 width=0)
	  ->  Result  (cost=0.00..0.01 rows=1 width=736)

explain: for non_index_updates :: explain UPDATE sbtest%u SET c='foobar' WHERE id=%u
for deletes
table 1 : explain DELETE FROM sbtest1 WHERE id=852410
	Delete on sbtest1  (cost=0.43..8.45 rows=0 width=0)
	  ->  Index Scan using sbtest1_pkey on sbtest1  (cost=0.43..8.45 rows=1 width=6)
	        Index Cond: (id = 852410)

table 2 : explain DELETE FROM sbtest2 WHERE id=5045611
	Delete on sbtest2  (cost=0.43..8.45 rows=0 width=0)
	  ->  Index Scan using sbtest2_pkey on sbtest2  (cost=0.43..8.45 rows=1 width=6)
	        Index Cond: (id = 5045611)

table 3 : explain DELETE FROM sbtest3 WHERE id=7417092
	Delete on sbtest3  (cost=0.43..8.45 rows=0 width=0)
	  ->  Index Scan using sbtest3_pkey on sbtest3  (cost=0.43..8.45 rows=1 width=6)
	        Index Cond: (id = 7417092)

table 4 : explain DELETE FROM sbtest4 WHERE id=5485777
	Delete on sbtest4  (cost=0.43..8.45 rows=0 width=0)
	  ->  Index Scan using sbtest4_pkey on sbtest4  (cost=0.43..8.45 rows=1 width=6)
	        Index Cond: (id = 5485777)

table 5 : explain DELETE FROM sbtest5 WHERE id=9288263
	Delete on sbtest5  (cost=0.43..8.45 rows=0 width=0)
	  ->  Index Scan using sbtest5_pkey on sbtest5  (cost=0.43..8.45 rows=1 width=6)
	        Index Cond: (id = 9288263)

table 6 : explain DELETE FROM sbtest6 WHERE id=5511941
	Delete on sbtest6  (cost=0.43..8.45 rows=0 width=0)
	  ->  Index Scan using sbtest6_pkey on sbtest6  (cost=0.43..8.45 rows=1 width=6)
	        Index Cond: (id = 5511941)

table 7 : explain DELETE FROM sbtest7 WHERE id=3200649
	Delete on sbtest7  (cost=0.43..8.45 rows=0 width=0)
	  ->  Index Scan using sbtest7_pkey on sbtest7  (cost=0.43..8.45 rows=1 width=6)
	        Index Cond: (id = 3200649)

table 8 : explain DELETE FROM sbtest8 WHERE id=8409717
	Delete on sbtest8  (cost=0.43..8.45 rows=0 width=0)
	  ->  Index Scan using sbtest8_pkey on sbtest8  (cost=0.43..8.45 rows=1 width=6)
	        Index Cond: (id = 8409717)

explain: for non_index_updates :: explain UPDATE sbtest%u SET c='foobar' WHERE id=%u
explain: for inserts :: explain INSERT INTO sbtest%u (id, k, c, pad) VALUES (%u, 13, 'foobar', 'foobar')
for index_updates
table 1 : explain UPDATE sbtest1 SET k=k+1 WHERE id=4481681
	Update on sbtest1  (cost=0.43..8.46 rows=0 width=0)
	  ->  Index Scan using sbtest1_pkey on sbtest1  (cost=0.43..8.46 rows=1 width=10)
	        Index Cond: (id = 4481681)

table 2 : explain UPDATE sbtest2 SET k=k+1 WHERE id=9005116
	Update on sbtest2  (cost=0.43..8.46 rows=0 width=0)
	  ->  Index Scan using sbtest2_pkey on sbtest2  (cost=0.43..8.46 rows=1 width=10)
	        Index Cond: (id = 9005116)

table 3 : explain UPDATE sbtest3 SET k=k+1 WHERE id=9512731
	Update on sbtest3  (cost=0.43..8.46 rows=0 width=0)
	  ->  Index Scan using sbtest3_pkey on sbtest3  (cost=0.43..8.46 rows=1 width=10)
	        Index Cond: (id = 9512731)

table 4 : explain UPDATE sbtest4 SET k=k+1 WHERE id=4077401
	Update on sbtest4  (cost=0.43..8.46 rows=0 width=0)
	  ->  Index Scan using sbtest4_pkey on sbtest4  (cost=0.43..8.46 rows=1 width=10)
	        Index Cond: (id = 4077401)

table 5 : explain UPDATE sbtest5 SET k=k+1 WHERE id=8131832
	Update on sbtest5  (cost=0.43..8.46 rows=0 width=0)
	  ->  Index Scan using sbtest5_pkey on sbtest5  (cost=0.43..8.46 rows=1 width=10)
	        Index Cond: (id = 8131832)

table 6 : explain UPDATE sbtest6 SET k=k+1 WHERE id=7068166
	Update on sbtest6  (cost=0.43..8.46 rows=0 width=0)
	  ->  Index Scan using sbtest6_pkey on sbtest6  (cost=0.43..8.46 rows=1 width=10)
	        Index Cond: (id = 7068166)

table 7 : explain UPDATE sbtest7 SET k=k+1 WHERE id=4054469
	Update on sbtest7  (cost=0.43..8.46 rows=0 width=0)
	  ->  Index Scan using sbtest7_pkey on sbtest7  (cost=0.43..8.46 rows=1 width=10)
	        Index Cond: (id = 4054469)

table 8 : explain UPDATE sbtest8 SET k=k+1 WHERE id=7631876
	Update on sbtest8  (cost=0.43..8.46 rows=0 width=0)
	  ->  Index Scan using sbtest8_pkey on sbtest8  (cost=0.43..8.46 rows=1 width=10)
	        Index Cond: (id = 7631876)

explain: for index_updates :: explain UPDATE sbtest%u SET k=k+1 WHERE id=%u
explain: for point_selects :: explain SELECT c FROM sbtest%u WHERE id=%u
explain: for non_index_updates :: explain UPDATE sbtest%u SET c='foobar' WHERE id=%u
for: order_ranges
table 1 : explain SELECT c FROM sbtest1 WHERE id BETWEEN 1826690 AND 1826789 ORDER BY c
	Sort  (cost=449.95..450.24 rows=116 width=121)
	  Sort Key: c
	  ->  Index Scan using sbtest1_pkey on sbtest1  (cost=0.43..445.97 rows=116 width=121)
	        Index Cond: ((id >= 1826690) AND (id <= 1826789))

table 2 : explain SELECT c FROM sbtest2 WHERE id BETWEEN 9383398 AND 9383497 ORDER BY c
	Sort  (cost=395.53..395.78 rows=102 width=121)
	  Sort Key: c
	  ->  Index Scan using sbtest2_pkey on sbtest2  (cost=0.43..392.13 rows=102 width=121)
	        Index Cond: ((id >= 9383398) AND (id <= 9383497))

table 3 : explain SELECT c FROM sbtest3 WHERE id BETWEEN 3673058 AND 3673157 ORDER BY c
	Sort  (cost=359.61..359.84 rows=93 width=121)
	  Sort Key: c
	  ->  Index Scan using sbtest3_pkey on sbtest3  (cost=0.43..356.56 rows=93 width=121)
	        Index Cond: ((id >= 3673058) AND (id <= 3673157))

table 4 : explain SELECT c FROM sbtest4 WHERE id BETWEEN 7003547 AND 7003646 ORDER BY c
	Sort  (cost=383.88..384.13 rows=99 width=121)
	  Sort Key: c
	  ->  Index Scan using sbtest4_pkey on sbtest4  (cost=0.43..380.60 rows=99 width=121)
	        Index Cond: ((id >= 7003547) AND (id <= 7003646))

table 5 : explain SELECT c FROM sbtest5 WHERE id BETWEEN 1755459 AND 1755558 ORDER BY c
	Sort  (cost=369.85..370.09 rows=95 width=121)
	  Sort Key: c
	  ->  Index Scan using sbtest5_pkey on sbtest5  (cost=0.43..366.73 rows=95 width=121)
	        Index Cond: ((id >= 1755459) AND (id <= 1755558))

table 6 : explain SELECT c FROM sbtest6 WHERE id BETWEEN 2106685 AND 2106784 ORDER BY c
	Sort  (cost=360.39..360.62 rows=93 width=121)
	  Sort Key: c
	  ->  Index Scan using sbtest6_pkey on sbtest6  (cost=0.43..357.35 rows=93 width=121)
	        Index Cond: ((id >= 2106685) AND (id <= 2106784))

table 7 : explain SELECT c FROM sbtest7 WHERE id BETWEEN 3563714 AND 3563813 ORDER BY c
	Sort  (cost=403.44..403.70 rows=104 width=121)
	  Sort Key: c
	  ->  Index Scan using sbtest7_pkey on sbtest7  (cost=0.43..399.96 rows=104 width=121)
	        Index Cond: ((id >= 3563714) AND (id <= 3563813))

table 8 : explain SELECT c FROM sbtest8 WHERE id BETWEEN 7108618 AND 7108717 ORDER BY c
	Sort  (cost=362.70..362.93 rows=93 width=121)
	  Sort Key: c
	  ->  Index Scan using sbtest8_pkey on sbtest8  (cost=0.43..359.66 rows=93 width=121)
	        Index Cond: ((id >= 7108618) AND (id <= 7108717))

for: simple_ranges
table 1 : explain SELECT c FROM sbtest1 WHERE id BETWEEN 5812657 AND 5812756
	Index Scan using sbtest1_pkey on sbtest1  (cost=0.43..347.03 rows=90 width=121)
	  Index Cond: ((id >= 5812657) AND (id <= 5812756))

table 2 : explain SELECT c FROM sbtest2 WHERE id BETWEEN 9790334 AND 9790433
	Index Scan using sbtest2_pkey on sbtest2  (cost=0.43..388.33 rows=101 width=121)
	  Index Cond: ((id >= 9790334) AND (id <= 9790433))

table 3 : explain SELECT c FROM sbtest3 WHERE id BETWEEN 8512592 AND 8512691
	Index Scan using sbtest3_pkey on sbtest3  (cost=0.43..413.36 rows=108 width=121)
	  Index Cond: ((id >= 8512592) AND (id <= 8512691))

table 4 : explain SELECT c FROM sbtest4 WHERE id BETWEEN 2966155 AND 2966254
	Index Scan using sbtest4_pkey on sbtest4  (cost=0.43..361.62 rows=94 width=121)
	  Index Cond: ((id >= 2966155) AND (id <= 2966254))

table 5 : explain SELECT c FROM sbtest5 WHERE id BETWEEN 3412173 AND 3412272
	Index Scan using sbtest5_pkey on sbtest5  (cost=0.43..446.73 rows=116 width=121)
	  Index Cond: ((id >= 3412173) AND (id <= 3412272))

table 6 : explain SELECT c FROM sbtest6 WHERE id BETWEEN 1843734 AND 1843833
	Index Scan using sbtest6_pkey on sbtest6  (cost=0.43..414.27 rows=108 width=121)
	  Index Cond: ((id >= 1843734) AND (id <= 1843833))

table 7 : explain SELECT c FROM sbtest7 WHERE id BETWEEN 9948743 AND 9948842
	Index Scan using sbtest7_pkey on sbtest7  (cost=0.43..369.51 rows=96 width=121)
	  Index Cond: ((id >= 9948743) AND (id <= 9948842))

table 8 : explain SELECT c FROM sbtest8 WHERE id BETWEEN 965982 AND 966081
	Index Scan using sbtest8_pkey on sbtest8  (cost=0.43..371.11 rows=96 width=121)
	  Index Cond: ((id >= 965982) AND (id <= 966081))

for: order_ranges
table 1 : explain SELECT c FROM sbtest1 WHERE id BETWEEN 6671643 AND 6671742 ORDER BY c
	Sort  (cost=407.66..407.92 rows=105 width=121)
	  Sort Key: c
	  ->  Index Scan using sbtest1_pkey on sbtest1  (cost=0.43..404.13 rows=105 width=121)
	        Index Cond: ((id >= 6671643) AND (id <= 6671742))

table 2 : explain SELECT c FROM sbtest2 WHERE id BETWEEN 3384557 AND 3384656 ORDER BY c
	Sort  (cost=353.26..353.49 rows=91 width=121)
	  Sort Key: c
	  ->  Index Scan using sbtest2_pkey on sbtest2  (cost=0.43..350.30 rows=91 width=121)
	        Index Cond: ((id >= 3384557) AND (id <= 3384656))

table 3 : explain SELECT c FROM sbtest3 WHERE id BETWEEN 7736345 AND 7736444 ORDER BY c
	Sort  (cost=401.72..401.98 rows=104 width=121)
	  Sort Key: c
	  ->  Index Scan using sbtest3_pkey on sbtest3  (cost=0.43..398.23 rows=104 width=121)
	        Index Cond: ((id >= 7736345) AND (id <= 7736444))

table 4 : explain SELECT c FROM sbtest4 WHERE id BETWEEN 2074782 AND 2074881 ORDER BY c
	Sort  (cost=387.71..387.96 rows=100 width=121)
	  Sort Key: c
	  ->  Index Scan using sbtest4_pkey on sbtest4  (cost=0.43..384.39 rows=100 width=121)
	        Index Cond: ((id >= 2074782) AND (id <= 2074881))

table 5 : explain SELECT c FROM sbtest5 WHERE id BETWEEN 1300997 AND 1301096 ORDER BY c
	Sort  (cost=416.05..416.32 rows=107 width=121)
	  Sort Key: c
	  ->  Index Scan using sbtest5_pkey on sbtest5  (cost=0.43..412.45 rows=107 width=121)
	        Index Cond: ((id >= 1300997) AND (id <= 1301096))

table 6 : explain SELECT c FROM sbtest6 WHERE id BETWEEN 2388170 AND 2388269 ORDER BY c
	Sort  (cost=391.09..391.35 rows=101 width=121)
	  Sort Key: c
	  ->  Index Scan using sbtest6_pkey on sbtest6  (cost=0.43..387.73 rows=101 width=121)
	        Index Cond: ((id >= 2388170) AND (id <= 2388269))

table 7 : explain SELECT c FROM sbtest7 WHERE id BETWEEN 8413037 AND 8413136 ORDER BY c
	Sort  (cost=345.79..346.01 rows=89 width=121)
	  Sort Key: c
	  ->  Index Scan using sbtest7_pkey on sbtest7  (cost=0.43..342.91 rows=89 width=121)
	        Index Cond: ((id >= 8413037) AND (id <= 8413136))

table 8 : explain SELECT c FROM sbtest8 WHERE id BETWEEN 2504357 AND 2504456 ORDER BY c
	Sort  (cost=412.89..413.15 rows=106 width=121)
	  Sort Key: c
	  ->  Index Scan using sbtest8_pkey on sbtest8  (cost=0.43..409.32 rows=106 width=121)
	        Index Cond: ((id >= 2504357) AND (id <= 2504456))

for inserts
table 1 : explain INSERT INTO sbtest1 (id, k, c, pad) VALUES (2651843, 13, 'foobar', 'foobar')
	Insert on sbtest1  (cost=0.00..0.01 rows=0 width=0)
	  ->  Result  (cost=0.00..0.01 rows=1 width=736)

table 2 : explain INSERT INTO sbtest2 (id, k, c, pad) VALUES (5983750, 13, 'foobar', 'foobar')
	Insert on sbtest2  (cost=0.00..0.01 rows=0 width=0)
	  ->  Result  (cost=0.00..0.01 rows=1 width=736)

table 3 : explain INSERT INTO sbtest3 (id, k, c, pad) VALUES (4476934, 13, 'foobar', 'foobar')
	Insert on sbtest3  (cost=0.00..0.01 rows=0 width=0)
	  ->  Result  (cost=0.00..0.01 rows=1 width=736)

table 4 : explain INSERT INTO sbtest4 (id, k, c, pad) VALUES (9103838, 13, 'foobar', 'foobar')
	Insert on sbtest4  (cost=0.00..0.01 rows=0 width=0)
	  ->  Result  (cost=0.00..0.01 rows=1 width=736)

table 5 : explain INSERT INTO sbtest5 (id, k, c, pad) VALUES (1334004, 13, 'foobar', 'foobar')
	Insert on sbtest5  (cost=0.00..0.01 rows=0 width=0)
	  ->  Result  (cost=0.00..0.01 rows=1 width=736)

table 6 : explain INSERT INTO sbtest6 (id, k, c, pad) VALUES (3049405, 13, 'foobar', 'foobar')
	Insert on sbtest6  (cost=0.00..0.01 rows=0 width=0)
	  ->  Result  (cost=0.00..0.01 rows=1 width=736)

table 7 : explain INSERT INTO sbtest7 (id, k, c, pad) VALUES (839728, 13, 'foobar', 'foobar')
	Insert on sbtest7  (cost=0.00..0.01 rows=0 width=0)
	  ->  Result  (cost=0.00..0.01 rows=1 width=736)

table 8 : explain INSERT INTO sbtest8 (id, k, c, pad) VALUES (661803, 13, 'foobar', 'foobar')
	Insert on sbtest8  (cost=0.00..0.01 rows=0 width=0)
	  ->  Result  (cost=0.00..0.01 rows=1 width=736)

for: simple_ranges
table 1 : explain SELECT c FROM sbtest1 WHERE id BETWEEN 3171295 AND 3171394
	Index Scan using sbtest1_pkey on sbtest1  (cost=0.43..392.72 rows=102 width=121)
	  Index Cond: ((id >= 3171295) AND (id <= 3171394))

table 2 : explain SELECT c FROM sbtest2 WHERE id BETWEEN 8989776 AND 8989875
	Index Scan using sbtest2_pkey on sbtest2  (cost=0.43..369.29 rows=96 width=121)
	  Index Cond: ((id >= 8989776) AND (id <= 8989875))

table 3 : explain SELECT c FROM sbtest3 WHERE id BETWEEN 446477 AND 446576
	Index Scan using sbtest3_pkey on sbtest3  (cost=0.43..379.32 rows=99 width=121)
	  Index Cond: ((id >= 446477) AND (id <= 446576))

table 4 : explain SELECT c FROM sbtest4 WHERE id BETWEEN 5957388 AND 5957487
	Index Scan using sbtest4_pkey on sbtest4  (cost=0.43..395.78 rows=103 width=121)
	  Index Cond: ((id >= 5957388) AND (id <= 5957487))

table 5 : explain SELECT c FROM sbtest5 WHERE id BETWEEN 5447096 AND 5447195
	Index Scan using sbtest5_pkey on sbtest5  (cost=0.43..416.26 rows=108 width=121)
	  Index Cond: ((id >= 5447096) AND (id <= 5447195))

table 6 : explain SELECT c FROM sbtest6 WHERE id BETWEEN 6747911 AND 6748010
	Index Scan using sbtest6_pkey on sbtest6  (cost=0.43..353.56 rows=92 width=121)
	  Index Cond: ((id >= 6747911) AND (id <= 6748010))

table 7 : explain SELECT c FROM sbtest7 WHERE id BETWEEN 8312210 AND 8312309
	Index Scan using sbtest7_pkey on sbtest7  (cost=0.43..396.16 rows=103 width=121)
	  Index Cond: ((id >= 8312210) AND (id <= 8312309))

table 8 : explain SELECT c FROM sbtest8 WHERE id BETWEEN 4413629 AND 4413728
	Index Scan using sbtest8_pkey on sbtest8  (cost=0.43..378.79 rows=98 width=121)
	  Index Cond: ((id >= 4413629) AND (id <= 4413728))

explain: for non_index_updates :: explain UPDATE sbtest%u SET c='foobar' WHERE id=%u
explain: for inserts :: explain INSERT INTO sbtest%u (id, k, c, pad) VALUES (%u, 13, 'foobar', 'foobar')
for: simple_ranges
table 1 : explain SELECT c FROM sbtest1 WHERE id BETWEEN 2877553 AND 2877652
	Index Scan using sbtest1_pkey on sbtest1  (cost=0.43..392.72 rows=102 width=121)
	  Index Cond: ((id >= 2877553) AND (id <= 2877652))

table 2 : explain SELECT c FROM sbtest2 WHERE id BETWEEN 5667769 AND 5667868
	Index Scan using sbtest2_pkey on sbtest2  (cost=0.43..365.49 rows=95 width=121)
	  Index Cond: ((id >= 5667769) AND (id <= 5667868))

table 3 : explain SELECT c FROM sbtest3 WHERE id BETWEEN 6741818 AND 6741917
	Index Scan using sbtest3_pkey on sbtest3  (cost=0.43..458.75 rows=120 width=121)
	  Index Cond: ((id >= 6741818) AND (id <= 6741917))

table 4 : explain SELECT c FROM sbtest4 WHERE id BETWEEN 2779797 AND 2779896
	Index Scan using sbtest4_pkey on sbtest4  (cost=0.43..342.58 rows=89 width=121)
	  Index Cond: ((id >= 2779797) AND (id <= 2779896))

table 5 : explain SELECT c FROM sbtest5 WHERE id BETWEEN 9322603 AND 9322702
	Index Scan using sbtest5_pkey on sbtest5  (cost=0.43..439.11 rows=114 width=121)
	  Index Cond: ((id >= 9322603) AND (id <= 9322702))

table 6 : explain SELECT c FROM sbtest6 WHERE id BETWEEN 2294374 AND 2294473
	Index Scan using sbtest6_pkey on sbtest6  (cost=0.43..368.72 rows=96 width=121)
	  Index Cond: ((id >= 2294374) AND (id <= 2294473))

table 7 : explain SELECT c FROM sbtest7 WHERE id BETWEEN 7293931 AND 7294030
	Index Scan using sbtest7_pkey on sbtest7  (cost=0.43..388.56 rows=101 width=121)
	  Index Cond: ((id >= 7293931) AND (id <= 7294030))

table 8 : explain SELECT c FROM sbtest8 WHERE id BETWEEN 6859844 AND 6859943
	Index Scan using sbtest8_pkey on sbtest8  (cost=0.43..405.51 rows=105 width=121)
	  Index Cond: ((id >= 6859844) AND (id <= 6859943))

for non_index_updates
table 1 : explain UPDATE sbtest1 SET c='foobar' WHERE id=4171485
	Update on sbtest1  (cost=0.43..8.45 rows=0 width=0)
	  ->  Index Scan using sbtest1_pkey on sbtest1  (cost=0.43..8.45 rows=1 width=490)
	        Index Cond: (id = 4171485)

table 2 : explain UPDATE sbtest2 SET c='foobar' WHERE id=9491298
	Update on sbtest2  (cost=0.43..8.45 rows=0 width=0)
	  ->  Index Scan using sbtest2_pkey on sbtest2  (cost=0.43..8.45 rows=1 width=490)
	        Index Cond: (id = 9491298)

table 3 : explain UPDATE sbtest3 SET c='foobar' WHERE id=5391332
	Update on sbtest3  (cost=0.43..8.45 rows=0 width=0)
	  ->  Index Scan using sbtest3_pkey on sbtest3  (cost=0.43..8.45 rows=1 width=490)
	        Index Cond: (id = 5391332)

table 4 : explain UPDATE sbtest4 SET c='foobar' WHERE id=5917999
	Update on sbtest4  (cost=0.43..8.45 rows=0 width=0)
	  ->  Index Scan using sbtest4_pkey on sbtest4  (cost=0.43..8.45 rows=1 width=490)
	        Index Cond: (id = 5917999)

table 5 : explain UPDATE sbtest5 SET c='foobar' WHERE id=2731038
	Update on sbtest5  (cost=0.43..8.45 rows=0 width=0)
	  ->  Index Scan using sbtest5_pkey on sbtest5  (cost=0.43..8.45 rows=1 width=490)
	        Index Cond: (id = 2731038)

table 6 : explain UPDATE sbtest6 SET c='foobar' WHERE id=2933866
	Update on sbtest6  (cost=0.43..8.45 rows=0 width=0)
	  ->  Index Scan using sbtest6_pkey on sbtest6  (cost=0.43..8.45 rows=1 width=490)
	        Index Cond: (id = 2933866)

table 7 : explain UPDATE sbtest7 SET c='foobar' WHERE id=3342350
	Update on sbtest7  (cost=0.43..8.45 rows=0 width=0)
	  ->  Index Scan using sbtest7_pkey on sbtest7  (cost=0.43..8.45 rows=1 width=490)
	        Index Cond: (id = 3342350)

table 8 : explain UPDATE sbtest8 SET c='foobar' WHERE id=7528723
	Update on sbtest8  (cost=0.43..8.45 rows=0 width=0)
	  ->  Index Scan using sbtest8_pkey on sbtest8  (cost=0.43..8.45 rows=1 width=490)
	        Index Cond: (id = 7528723)

for non_index_updates
table 1 : explain UPDATE sbtest1 SET c='foobar' WHERE id=2017268
	Update on sbtest1  (cost=0.43..8.45 rows=0 width=0)
	  ->  Index Scan using sbtest1_pkey on sbtest1  (cost=0.43..8.45 rows=1 width=490)
	        Index Cond: (id = 2017268)

table 2 : explain UPDATE sbtest2 SET c='foobar' WHERE id=614399
	Update on sbtest2  (cost=0.43..8.45 rows=0 width=0)
	  ->  Index Scan using sbtest2_pkey on sbtest2  (cost=0.43..8.45 rows=1 width=490)
	        Index Cond: (id = 614399)

table 3 : explain UPDATE sbtest3 SET c='foobar' WHERE id=4476479
	Update on sbtest3  (cost=0.43..8.45 rows=0 width=0)
	  ->  Index Scan using sbtest3_pkey on sbtest3  (cost=0.43..8.45 rows=1 width=490)
	        Index Cond: (id = 4476479)

table 4 : explain UPDATE sbtest4 SET c='foobar' WHERE id=9895538
	Update on sbtest4  (cost=0.43..8.45 rows=0 width=0)
	  ->  Index Scan using sbtest4_pkey on sbtest4  (cost=0.43..8.45 rows=1 width=490)
	        Index Cond: (id = 9895538)

table 5 : explain UPDATE sbtest5 SET c='foobar' WHERE id=3848725
	Update on sbtest5  (cost=0.43..8.45 rows=0 width=0)
	  ->  Index Scan using sbtest5_pkey on sbtest5  (cost=0.43..8.45 rows=1 width=490)
	        Index Cond: (id = 3848725)

table 6 : explain UPDATE sbtest6 SET c='foobar' WHERE id=2886379
	Update on sbtest6  (cost=0.43..8.45 rows=0 width=0)
	  ->  Index Scan using sbtest6_pkey on sbtest6  (cost=0.43..8.45 rows=1 width=490)
	        Index Cond: (id = 2886379)

table 7 : explain UPDATE sbtest7 SET c='foobar' WHERE id=8244867
	Update on sbtest7  (cost=0.43..8.45 rows=0 width=0)
	  ->  Index Scan using sbtest7_pkey on sbtest7  (cost=0.43..8.45 rows=1 width=490)
	        Index Cond: (id = 8244867)

table 8 : explain UPDATE sbtest8 SET c='foobar' WHERE id=721786
	Update on sbtest8  (cost=0.43..8.45 rows=0 width=0)
	  ->  Index Scan using sbtest8_pkey on sbtest8  (cost=0.43..8.45 rows=1 width=490)
	        Index Cond: (id = 721786)

for: order_ranges
table 1 : explain SELECT c FROM sbtest1 WHERE id BETWEEN 1698770 AND 1698869 ORDER BY c
	Sort  (cost=411.50..411.77 rows=106 width=121)
	  Sort Key: c
	  ->  Index Scan using sbtest1_pkey on sbtest1  (cost=0.43..407.94 rows=106 width=121)
	        Index Cond: ((id >= 1698770) AND (id <= 1698869))

table 2 : explain SELECT c FROM sbtest2 WHERE id BETWEEN 941781 AND 941880 ORDER BY c
	Sort  (cost=422.39..422.67 rows=109 width=121)
	  Sort Key: c
	  ->  Index Scan using sbtest2_pkey on sbtest2  (cost=0.43..418.71 rows=109 width=121)
	        Index Cond: ((id >= 941781) AND (id <= 941880))

table 3 : explain SELECT c FROM sbtest3 WHERE id BETWEEN 1053868 AND 1053967 ORDER BY c
	Sort  (cost=390.25..390.50 rows=101 width=121)
	  Sort Key: c
	  ->  Index Scan using sbtest3_pkey on sbtest3  (cost=0.43..386.88 rows=101 width=121)
	        Index Cond: ((id >= 1053868) AND (id <= 1053967))

table 4 : explain SELECT c FROM sbtest4 WHERE id BETWEEN 3007085 AND 3007184 ORDER BY c
	Sort  (cost=376.21..376.45 rows=97 width=121)
	  Sort Key: c
	  ->  Index Scan using sbtest4_pkey on sbtest4  (cost=0.43..373.01 rows=97 width=121)
	        Index Cond: ((id >= 3007085) AND (id <= 3007184))

table 5 : explain SELECT c FROM sbtest5 WHERE id BETWEEN 308171 AND 308270 ORDER BY c
	Sort  (cost=362.15..362.38 rows=93 width=121)
	  Sort Key: c
	  ->  Index Scan using sbtest5_pkey on sbtest5  (cost=0.43..359.11 rows=93 width=121)
	        Index Cond: ((id >= 308171) AND (id <= 308270))

table 6 : explain SELECT c FROM sbtest6 WHERE id BETWEEN 9861069 AND 9861168 ORDER BY c
	Sort  (cost=394.93..395.18 rows=102 width=121)
	  Sort Key: c
	  ->  Index Scan using sbtest6_pkey on sbtest6  (cost=0.43..391.52 rows=102 width=121)
	        Index Cond: ((id >= 9861069) AND (id <= 9861168))

table 7 : explain SELECT c FROM sbtest7 WHERE id BETWEEN 7373116 AND 7373215 ORDER BY c
	Sort  (cost=407.28..407.54 rows=105 width=121)
	  Sort Key: c
	  ->  Index Scan using sbtest7_pkey on sbtest7  (cost=0.43..403.76 rows=105 width=121)
	        Index Cond: ((id >= 7373116) AND (id <= 7373215))

table 8 : explain SELECT c FROM sbtest8 WHERE id BETWEEN 7783034 AND 7783133 ORDER BY c
	Sort  (cost=366.56..366.79 rows=94 width=121)
	  Sort Key: c
	  ->  Index Scan using sbtest8_pkey on sbtest8  (cost=0.43..363.48 rows=94 width=121)
	        Index Cond: ((id >= 7783034) AND (id <= 7783133))

explain: for deletes :: explain DELETE FROM sbtest%u WHERE id=%u
explain: for deletes :: explain DELETE FROM sbtest%u WHERE id=%ufor index_updates
table 1 : explain UPDATE sbtest1 SET k=k+1 WHERE id=7828250
	Update on sbtest1  (cost=0.43..8.46 rows=0 width=0)
	  ->  Index Scan using sbtest1_pkey on sbtest1  (cost=0.43..8.46 rows=1 width=10)
	        Index Cond: (id = 7828250)

table 2 : explain UPDATE sbtest2 SET k=k+1 WHERE id=3929723
	Update on sbtest2  (cost=0.43..8.46 rows=0 width=0)
	  ->  Index Scan using sbtest2_pkey on sbtest2  (cost=0.43..8.46 rows=1 width=10)
	        Index Cond: (id = 3929723)

table 3 : explain UPDATE sbtest3 SET k=k+1 WHERE id=3892037
	Update on sbtest3  (cost=0.43..8.46 rows=0 width=0)
	  ->  Index Scan using sbtest3_pkey on sbtest3  (cost=0.43..8.46 rows=1 width=10)
	        Index Cond: (id = 3892037)

table 4 : explain UPDATE sbtest4 SET k=k+1 WHERE id=7249099
	Update on sbtest4  (cost=0.43..8.46 rows=0 width=0)
	  ->  Index Scan using sbtest4_pkey on sbtest4  (cost=0.43..8.46 rows=1 width=10)
	        Index Cond: (id = 7249099)

table 5 : explain UPDATE sbtest5 SET k=k+1 WHERE id=5835956
	Update on sbtest5  (cost=0.43..8.46 rows=0 width=0)
	  ->  Index Scan using sbtest5_pkey on sbtest5  (cost=0.43..8.46 rows=1 width=10)
	        Index Cond: (id = 5835956)

table 6 : explain UPDATE sbtest6 SET k=k+1 WHERE id=7701364
	Update on sbtest6  (cost=0.43..8.46 rows=0 width=0)
	  ->  Index Scan using sbtest6_pkey on sbtest6  (cost=0.43..8.46 rows=1 width=10)
	        Index Cond: (id = 7701364)

table 7 : explain UPDATE sbtest7 SET k=k+1 WHERE id=5591710
	Update on sbtest7  (cost=0.43..8.46 rows=0 width=0)
	  ->  Index Scan using sbtest7_pkey on sbtest7  (cost=0.43..8.46 rows=1 width=10)
	        Index Cond: (id = 5591710)

table 8 : explain UPDATE sbtest8 SET k=k+1 WHERE id=7343966
	Update on sbtest8  (cost=0.43..8.46 rows=0 width=0)
	  ->  Index Scan using sbtest8_pkey on sbtest8  (cost=0.43..8.46 rows=1 width=10)
	        Index Cond: (id = 7343966)


for: sum_ranges
table 1 : explain SELECT SUM(k) FROM sbtest1 WHERE id BETWEEN 6239573 AND 6239672
	Aggregate  (cost=370.09..370.10 rows=1 width=8)
	  ->  Index Scan using sbtest1_pkey on sbtest1  (cost=0.43..369.85 rows=96 width=4)
	        Index Cond: ((id >= 6239573) AND (id <= 6239672))

table 2 : explain SELECT SUM(k) FROM sbtest2 WHERE id BETWEEN 1008313 AND 1008412
	Aggregate  (cost=369.53..369.54 rows=1 width=8)
	  ->  Index Scan using sbtest2_pkey on sbtest2  (cost=0.43..369.29 rows=96 width=4)
	        Index Cond: ((id >= 1008313) AND (id <= 1008412))

table 3 : explain SELECT SUM(k) FROM sbtest3 WHERE id BETWEEN 6197234 AND 6197333
	Aggregate  (cost=364.37..364.38 rows=1 width=8)
	  ->  Index Scan using sbtest3_pkey on sbtest3  (cost=0.43..364.13 rows=95 width=4)
	        Index Cond: ((id >= 6197234) AND (id <= 6197333))

table 4 : explain SELECT SUM(k) FROM sbtest4 WHERE id BETWEEN 9661041 AND 9661140
	Aggregate  (cost=369.45..369.46 rows=1 width=8)
	  ->  Index Scan using sbtest4_pkey on sbtest4  (cost=0.43..369.21 rows=96 width=4)
	        Index Cond: ((id >= 9661041) AND (id <= 9661140))

table 5 : explain SELECT SUM(k) FROM sbtest5 WHERE id BETWEEN 3741046 AND 3741145
	Aggregate  (cost=347.90..347.91 rows=1 width=8)
	  ->  Index Scan using sbtest5_pkey on sbtest5  (cost=0.43..347.68 rows=90 width=4)
	        Index Cond: ((id >= 3741046) AND (id <= 3741145))

table 6 : explain SELECT SUM(k) FROM sbtest6 WHERE id BETWEEN 5922000 AND 5922099
	Aggregate  (cost=357.58..357.59 rows=1 width=8)
	  ->  Index Scan using sbtest6_pkey on sbtest6  (cost=0.43..357.35 rows=93 width=4)
	        Index Cond: ((id >= 5922000) AND (id <= 5922099))

table 7 : explain SELECT SUM(k) FROM sbtest7 WHERE id BETWEEN 7276629 AND 7276728
	Aggregate  (cost=388.81..388.82 rows=1 width=8)
	  ->  Index Scan using sbtest7_pkey on sbtest7  (cost=0.43..388.56 rows=101 width=4)
	        Index Cond: ((id >= 7276629) AND (id <= 7276728))

table 8 : explain SELECT SUM(k) FROM sbtest8 WHERE id BETWEEN 5010055 AND 5010154
	Aggregate  (cost=405.77..405.78 rows=1 width=8)
	  ->  Index Scan using sbtest8_pkey on sbtest8  (cost=0.43..405.51 rows=105 width=4)
	        Index Cond: ((id >= 5010055) AND (id <= 5010154))

for inserts
table 1 : explain INSERT INTO sbtest1 (id, k, c, pad) VALUES (84075, 13, 'foobar', 'foobar')
	Insert on sbtest1  (cost=0.00..0.01 rows=0 width=0)
	  ->  Result  (cost=0.00..0.01 rows=1 width=736)

table 2 : explain INSERT INTO sbtest2 (id, k, c, pad) VALUES (7210105, 13, 'foobar', 'foobar')
	Insert on sbtest2  (cost=0.00..0.01 rows=0 width=0)
	  ->  Result  (cost=0.00..0.01 rows=1 width=736)

table 3 : explain INSERT INTO sbtest3 (id, k, c, pad) VALUES (6143810, 13, 'foobar', 'foobar')
	Insert on sbtest3  (cost=0.00..0.01 rows=0 width=0)
	  ->  Result  (cost=0.00..0.01 rows=1 width=736)

table 4 : explain INSERT INTO sbtest4 (id, k, c, pad) VALUES (9450748, 13, 'foobar', 'foobar')
	Insert on sbtest4  (cost=0.00..0.01 rows=0 width=0)
	  ->  Result  (cost=0.00..0.01 rows=1 width=736)

table 5 : explain INSERT INTO sbtest5 (id, k, c, pad) VALUES (281188, 13, 'foobar', 'foobar')
	Insert on sbtest5  (cost=0.00..0.01 rows=0 width=0)
	  ->  Result  (cost=0.00..0.01 rows=1 width=736)

table 6 : explain INSERT INTO sbtest6 (id, k, c, pad) VALUES (7041318, 13, 'foobar', 'foobar')
	Insert on sbtest6  (cost=0.00..0.01 rows=0 width=0)
	  ->  Result  (cost=0.00..0.01 rows=1 width=736)

table 7 : explain INSERT INTO sbtest7 (id, k, c, pad) VALUES (5861330, 13, 'foobar', 'foobar')
	Insert on sbtest7  (cost=0.00..0.01 rows=0 width=0)
	  ->  Result  (cost=0.00..0.01 rows=1 width=736)

table 8 : explain INSERT INTO sbtest8 (id, k, c, pad) VALUES (7634330, 13, 'foobar', 'foobar')
	Insert on sbtest8  (cost=0.00..0.01 rows=0 width=0)
	  ->  Result  (cost=0.00..0.01 rows=1 width=736)

for non_index_updates
table 1 : explain UPDATE sbtest1 SET c='foobar' WHERE id=85056
	Update on sbtest1  (cost=0.43..8.45 rows=0 width=0)
	  ->  Index Scan using sbtest1_pkey on sbtest1  (cost=0.43..8.45 rows=1 width=490)
	        Index Cond: (id = 85056)

table 2 : explain UPDATE sbtest2 SET c='foobar' WHERE id=8110018
	Update on sbtest2  (cost=0.43..8.45 rows=0 width=0)
	  ->  Index Scan using sbtest2_pkey on sbtest2  (cost=0.43..8.45 rows=1 width=490)
	        Index Cond: (id = 8110018)

table 3 : explain UPDATE sbtest3 SET c='foobar' WHERE id=8436985
	Update on sbtest3  (cost=0.43..8.45 rows=0 width=0)
	  ->  Index Scan using sbtest3_pkey on sbtest3  (cost=0.43..8.45 rows=1 width=490)
	        Index Cond: (id = 8436985)

table 4 : explain UPDATE sbtest4 SET c='foobar' WHERE id=8317359
	Update on sbtest4  (cost=0.43..8.45 rows=0 width=0)
	  ->  Index Scan using sbtest4_pkey on sbtest4  (cost=0.43..8.45 rows=1 width=490)
	        Index Cond: (id = 8317359)

table 5 : explain UPDATE sbtest5 SET c='foobar' WHERE id=2426113
	Update on sbtest5  (cost=0.43..8.45 rows=0 width=0)
	  ->  Index Scan using sbtest5_pkey on sbtest5  (cost=0.43..8.45 rows=1 width=490)
	        Index Cond: (id = 2426113)

table 6 : explain UPDATE sbtest6 SET c='foobar' WHERE id=7433320
	Update on sbtest6  (cost=0.43..8.45 rows=0 width=0)
	  ->  Index Scan using sbtest6_pkey on sbtest6  (cost=0.43..8.45 rows=1 width=490)
	        Index Cond: (id = 7433320)

table 7 : explain UPDATE sbtest7 SET c='foobar' WHERE id=4491807
	Update on sbtest7  (cost=0.43..8.45 rows=0 width=0)
	  ->  Index Scan using sbtest7_pkey on sbtest7  (cost=0.43..8.45 rows=1 width=490)
	        Index Cond: (id = 4491807)

table 8 : explain UPDATE sbtest8 SET c='foobar' WHERE id=9880233
	Update on sbtest8  (cost=0.43..8.45 rows=0 width=0)
	  ->  Index Scan using sbtest8_pkey on sbtest8  (cost=0.43..8.45 rows=1 width=490)
	        Index Cond: (id = 9880233)

for non_index_updates
table 1 : explain UPDATE sbtest1 SET c='foobar' WHERE id=8006491
	Update on sbtest1  (cost=0.43..8.45 rows=0 width=0)
	  ->  Index Scan using sbtest1_pkey on sbtest1  (cost=0.43..8.45 rows=1 width=490)
	        Index Cond: (id = 8006491)

table 2 : explain UPDATE sbtest2 SET c='foobar' WHERE id=8823594
	Update on sbtest2  (cost=0.43..8.45 rows=0 width=0)
	  ->  Index Scan using sbtest2_pkey on sbtest2  (cost=0.43..8.45 rows=1 width=490)
	        Index Cond: (id = 8823594)

table 3 : explain UPDATE sbtest3 SET c='foobar' WHERE id=372908
	Update on sbtest3  (cost=0.43..8.45 rows=0 width=0)
	  ->  Index Scan using sbtest3_pkey on sbtest3  (cost=0.43..8.45 rows=1 width=490)
	        Index Cond: (id = 372908)

table 4 : explain UPDATE sbtest4 SET c='foobar' WHERE id=9983146
	Update on sbtest4  (cost=0.43..8.45 rows=0 width=0)
	  ->  Index Scan using sbtest4_pkey on sbtest4  (cost=0.43..8.45 rows=1 width=490)
	        Index Cond: (id = 9983146)

table 5 : explain UPDATE sbtest5 SET c='foobar' WHERE id=4848892
	Update on sbtest5  (cost=0.43..8.45 rows=0 width=0)
	  ->  Index Scan using sbtest5_pkey on sbtest5  (cost=0.43..8.45 rows=1 width=490)
	        Index Cond: (id = 4848892)

table 6 : explain UPDATE sbtest6 SET c='foobar' WHERE id=9644072
	Update on sbtest6  (cost=0.43..8.45 rows=0 width=0)
	  ->  Index Scan using sbtest6_pkey on sbtest6  (cost=0.43..8.45 rows=1 width=490)
	        Index Cond: (id = 9644072)

table 7 : explain UPDATE sbtest7 SET c='foobar' WHERE id=203547
	Update on sbtest7  (cost=0.43..8.45 rows=0 width=0)
	  ->  Index Scan using sbtest7_pkey on sbtest7  (cost=0.43..8.45 rows=1 width=490)
	        Index Cond: (id = 203547)

table 8 : explain UPDATE sbtest8 SET c='foobar' WHERE id=1703500
	Update on sbtest8  (cost=0.43..8.45 rows=0 width=0)
	  ->  Index Scan using sbtest8_pkey on sbtest8  (cost=0.43..8.45 rows=1 width=490)
	        Index Cond: (id = 1703500)

for: sum_ranges
table 1 : explain SELECT SUM(k) FROM sbtest1 WHERE id BETWEEN 9960539 AND 9960638
	Aggregate  (cost=377.70..377.71 rows=1 width=8)
	  ->  Index Scan using sbtest1_pkey on sbtest1  (cost=0.43..377.46 rows=98 width=4)
	        Index Cond: ((id >= 9960539) AND (id <= 9960638))

table 2 : explain SELECT SUM(k) FROM sbtest2 WHERE id BETWEEN 4441225 AND 4441324
	Aggregate  (cost=388.58..388.59 rows=1 width=8)
	  ->  Index Scan using sbtest2_pkey on sbtest2  (cost=0.43..388.33 rows=101 width=4)
	        Index Cond: ((id >= 4441225) AND (id <= 4441324))

table 3 : explain SELECT SUM(k) FROM sbtest3 WHERE id BETWEEN 8116344 AND 8116443
	Aggregate  (cost=356.80..356.81 rows=1 width=8)
	  ->  Index Scan using sbtest3_pkey on sbtest3  (cost=0.43..356.56 rows=93 width=4)
	        Index Cond: ((id >= 8116344) AND (id <= 8116443))

table 4 : explain SELECT SUM(k) FROM sbtest4 WHERE id BETWEEN 6827265 AND 6827364
	Aggregate  (cost=377.05..377.06 rows=1 width=8)
	  ->  Index Scan using sbtest4_pkey on sbtest4  (cost=0.43..376.80 rows=98 width=4)
	        Index Cond: ((id >= 6827265) AND (id <= 6827364))

table 5 : explain SELECT SUM(k) FROM sbtest5 WHERE id BETWEEN 5176367 AND 5176466
	Aggregate  (cost=378.40..378.41 rows=1 width=8)
	  ->  Index Scan using sbtest5_pkey on sbtest5  (cost=0.43..378.16 rows=98 width=4)
	        Index Cond: ((id >= 5176367) AND (id <= 5176466))

table 6 : explain SELECT SUM(k) FROM sbtest6 WHERE id BETWEEN 7683898 AND 7683997
	Aggregate  (cost=353.79..353.80 rows=1 width=8)
	  ->  Index Scan using sbtest6_pkey on sbtest6  (cost=0.43..353.56 rows=92 width=4)
	        Index Cond: ((id >= 7683898) AND (id <= 7683997))

table 7 : explain SELECT SUM(k) FROM sbtest7 WHERE id BETWEEN 2100716 AND 2100815
	Aggregate  (cost=438.23..438.24 rows=1 width=8)
	  ->  Index Scan using sbtest7_pkey on sbtest7  (cost=0.43..437.95 rows=114 width=4)
	        Index Cond: ((id >= 2100716) AND (id <= 2100815))

table 8 : explain SELECT SUM(k) FROM sbtest8 WHERE id BETWEEN 9560242 AND 9560341
	Aggregate  (cost=401.95..401.96 rows=1 width=8)
	  ->  Index Scan using sbtest8_pkey on sbtest8  (cost=0.43..401.69 rows=104 width=4)
	        Index Cond: ((id >= 9560242) AND (id <= 9560341))

explain: for non_index_updates :: explain UPDATE sbtest%u SET c='foobar' WHERE id=%u
for deletes
table 1 : explain DELETE FROM sbtest1 WHERE id=6729783
	Delete on sbtest1  (cost=0.43..8.45 rows=0 width=0)
	  ->  Index Scan using sbtest1_pkey on sbtest1  (cost=0.43..8.45 rows=1 width=6)
	        Index Cond: (id = 6729783)

table 2 : explain DELETE FROM sbtest2 WHERE id=4576529
	Delete on sbtest2  (cost=0.43..8.45 rows=0 width=0)
	  ->  Index Scan using sbtest2_pkey on sbtest2  (cost=0.43..8.45 rows=1 width=6)
	        Index Cond: (id = 4576529)

table 3 : explain DELETE FROM sbtest3 WHERE id=8747651
	Delete on sbtest3  (cost=0.43..8.45 rows=0 width=0)
	  ->  Index Scan using sbtest3_pkey on sbtest3  (cost=0.43..8.45 rows=1 width=6)
	        Index Cond: (id = 8747651)

table 4 : explain DELETE FROM sbtest4 WHERE id=6733146
	Delete on sbtest4  (cost=0.43..8.45 rows=0 width=0)
	  ->  Index Scan using sbtest4_pkey on sbtest4  (cost=0.43..8.45 rows=1 width=6)
	        Index Cond: (id = 6733146)

table 5 : explain DELETE FROM sbtest5 WHERE id=833183
	Delete on sbtest5  (cost=0.43..8.45 rows=0 width=0)
	  ->  Index Scan using sbtest5_pkey on sbtest5  (cost=0.43..8.45 rows=1 width=6)
	        Index Cond: (id = 833183)

table 6 : explain DELETE FROM sbtest6 WHERE id=1156716
	Delete on sbtest6  (cost=0.43..8.45 rows=0 width=0)
	  ->  Index Scan using sbtest6_pkey on sbtest6  (cost=0.43..8.45 rows=1 width=6)
	        Index Cond: (id = 1156716)

table 7 : explain DELETE FROM sbtest7 WHERE id=3925571
	Delete on sbtest7  (cost=0.43..8.45 rows=0 width=0)
	  ->  Index Scan using sbtest7_pkey on sbtest7  (cost=0.43..8.45 rows=1 width=6)
	        Index Cond: (id = 3925571)

table 8 : explain DELETE FROM sbtest8 WHERE id=3181175
	Delete on sbtest8  (cost=0.43..8.45 rows=0 width=0)
	  ->  Index Scan using sbtest8_pkey on sbtest8  (cost=0.43..8.45 rows=1 width=6)
	        Index Cond: (id = 3181175)

explain: for deletes :: explain DELETE FROM sbtest%u WHERE id=%u
for deletes
table 1 : explain DELETE FROM sbtest1 WHERE id=722986
	Delete on sbtest1  (cost=0.43..8.45 rows=0 width=0)
	  ->  Index Scan using sbtest1_pkey on sbtest1  (cost=0.43..8.45 rows=1 width=6)
	        Index Cond: (id = 722986)

table 2 : explain DELETE FROM sbtest2 WHERE id=9532902
	Delete on sbtest2  (cost=0.43..8.45 rows=0 width=0)
	  ->  Index Scan using sbtest2_pkey on sbtest2  (cost=0.43..8.45 rows=1 width=6)
	        Index Cond: (id = 9532902)

table 3 : explain DELETE FROM sbtest3 WHERE id=5669173
	Delete on sbtest3  (cost=0.43..8.45 rows=0 width=0)
	  ->  Index Scan using sbtest3_pkey on sbtest3  (cost=0.43..8.45 rows=1 width=6)
	        Index Cond: (id = 5669173)

table 4 : explain DELETE FROM sbtest4 WHERE id=2492344
	Delete on sbtest4  (cost=0.43..8.45 rows=0 width=0)
	  ->  Index Scan using sbtest4_pkey on sbtest4  (cost=0.43..8.45 rows=1 width=6)
	        Index Cond: (id = 2492344)

table 5 : explain DELETE FROM sbtest5 WHERE id=1204001
	Delete on sbtest5  (cost=0.43..8.45 rows=0 width=0)
	  ->  Index Scan using sbtest5_pkey on sbtest5  (cost=0.43..8.45 rows=1 width=6)
	        Index Cond: (id = 1204001)

table 6 : explain DELETE FROM sbtest6 WHERE id=2418658
	Delete on sbtest6  (cost=0.43..8.45 rows=0 width=0)
	  ->  Index Scan using sbtest6_pkey on sbtest6  (cost=0.43..8.45 rows=1 width=6)
	        Index Cond: (id = 2418658)

table 7 : explain DELETE FROM sbtest7 WHERE id=9318680
	Delete on sbtest7  (cost=0.43..8.45 rows=0 width=0)
	  ->  Index Scan using sbtest7_pkey on sbtest7  (cost=0.43..8.45 rows=1 width=6)
	        Index Cond: (id = 9318680)

table 8 : explain DELETE FROM sbtest8 WHERE id=1381984
	Delete on sbtest8  (cost=0.43..8.45 rows=0 width=0)
	  ->  Index Scan using sbtest8_pkey on sbtest8  (cost=0.43..8.45 rows=1 width=6)
	        Index Cond: (id = 1381984)

explain: for deletes :: explain DELETE FROM sbtest%u WHERE id=%u
for: distinct_ranges
table 1 : explain SELECT DISTINCT c FROM sbtest1 WHERE id BETWEEN 4890303 AND 4890402 ORDER BY c
	Unique  (cost=461.48..462.07 rows=119 width=121)
	  ->  Sort  (cost=461.48..461.78 rows=119 width=121)
	        Sort Key: c
	        ->  Index Scan using sbtest1_pkey on sbtest1  (cost=0.43..457.38 rows=119 width=121)
	              Index Cond: ((id >= 4890303) AND (id <= 4890402))

table 2 : explain SELECT DISTINCT c FROM sbtest2 WHERE id BETWEEN 4361813 AND 4361912 ORDER BY c
	Unique  (cost=387.85..388.35 rows=100 width=121)
	  ->  Sort  (cost=387.85..388.10 rows=100 width=121)
	        Sort Key: c
	        ->  Index Scan using sbtest2_pkey on sbtest2  (cost=0.43..384.53 rows=100 width=121)
	              Index Cond: ((id >= 4361813) AND (id <= 4361912))

table 3 : explain SELECT DISTINCT c FROM sbtest3 WHERE id BETWEEN 7112205 AND 7112304 ORDER BY c
	Unique  (cost=443.78..444.35 rows=115 width=121)
	  ->  Sort  (cost=443.78..444.06 rows=115 width=121)
	        Sort Key: c
	        ->  Index Scan using sbtest3_pkey on sbtest3  (cost=0.43..439.84 rows=115 width=121)
	              Index Cond: ((id >= 7112205) AND (id <= 7112304))

table 4 : explain SELECT DISTINCT c FROM sbtest4 WHERE id BETWEEN 1106841 AND 1106940 ORDER BY c
	Unique  (cost=406.90..407.42 rows=105 width=121)
	  ->  Sort  (cost=406.90..407.16 rows=105 width=121)
	        Sort Key: c
	        ->  Index Scan using sbtest4_pkey on sbtest4  (cost=0.43..403.37 rows=105 width=121)
	              Index Cond: ((id >= 1106841) AND (id <= 1106940))

table 5 : explain SELECT DISTINCT c FROM sbtest5 WHERE id BETWEEN 8170040 AND 8170139 ORDER BY c
	Unique  (cost=381.40..381.89 rows=98 width=121)
	  ->  Sort  (cost=381.40..381.64 rows=98 width=121)
	        Sort Key: c
	        ->  Index Scan using sbtest5_pkey on sbtest5  (cost=0.43..378.16 rows=98 width=121)
	              Index Cond: ((id >= 8170040) AND (id <= 8170139))

table 6 : explain SELECT DISTINCT c FROM sbtest6 WHERE id BETWEEN 5772824 AND 5772923 ORDER BY c
	Unique  (cost=410.25..410.78 rows=106 width=121)
	  ->  Sort  (cost=410.25..410.52 rows=106 width=121)
	        Sort Key: c
	        ->  Index Scan using sbtest6_pkey on sbtest6  (cost=0.43..406.69 rows=106 width=121)
	              Index Cond: ((id >= 5772824) AND (id <= 5772923))

table 7 : explain SELECT DISTINCT c FROM sbtest7 WHERE id BETWEEN 8446996 AND 8447095 ORDER BY c
	Unique  (cost=345.79..346.24 rows=89 width=121)
	  ->  Sort  (cost=345.79..346.01 rows=89 width=121)
	        Sort Key: c
	        ->  Index Scan using sbtest7_pkey on sbtest7  (cost=0.43..342.91 rows=89 width=121)
	              Index Cond: ((id >= 8446996) AND (id <= 8447095))

table 8 : explain SELECT DISTINCT c FROM sbtest8 WHERE id BETWEEN 4512694 AND 4512793 ORDER BY c
	Unique  (cost=389.75..390.25 rows=100 width=121)
	  ->  Sort  (cost=389.75..390.00 rows=100 width=121)
	        Sort Key: c
	        ->  Index Scan using sbtest8_pkey on sbtest8  (cost=0.43..386.43 rows=100 width=121)
	              Index Cond: ((id >= 4512694) AND (id <= 4512793))

for: distinct_ranges
table 1 : explain SELECT DISTINCT c FROM sbtest1 WHERE id BETWEEN 2681884 AND 2681983 ORDER BY c
	Unique  (cost=392.28..392.79 rows=101 width=121)
	  ->  Sort  (cost=392.28..392.54 rows=101 width=121)
	        Sort Key: c
	        ->  Index Scan using sbtest1_pkey on sbtest1  (cost=0.43..388.92 rows=101 width=121)
	              Index Cond: ((id >= 2681884) AND (id <= 2681983))

table 2 : explain SELECT DISTINCT c FROM sbtest2 WHERE id BETWEEN 4086923 AND 4087022 ORDER BY c
	Unique  (cost=376.29..376.77 rows=97 width=121)
	  ->  Sort  (cost=376.29..376.53 rows=97 width=121)
	        Sort Key: c
	        ->  Index Scan using sbtest2_pkey on sbtest2  (cost=0.43..373.08 rows=97 width=121)
	              Index Cond: ((id >= 4086923) AND (id <= 4087022))

table 3 : explain SELECT DISTINCT c FROM sbtest3 WHERE id BETWEEN 5982351 AND 5982450 ORDER BY c
	Unique  (cost=428.48..429.04 rows=111 width=121)
	  ->  Sort  (cost=428.48..428.76 rows=111 width=121)
	        Sort Key: c
	        ->  Index Scan using sbtest3_pkey on sbtest3  (cost=0.43..424.71 rows=111 width=121)
	              Index Cond: ((id >= 5982351) AND (id <= 5982450))

table 4 : explain SELECT DISTINCT c FROM sbtest4 WHERE id BETWEEN 4371842 AND 4371941 ORDER BY c
	Unique  (cost=387.71..388.21 rows=100 width=121)
	  ->  Sort  (cost=387.71..387.96 rows=100 width=121)
	        Sort Key: c
	        ->  Index Scan using sbtest4_pkey on sbtest4  (cost=0.43..384.39 rows=100 width=121)
	              Index Cond: ((id >= 4371842) AND (id <= 4371941))

table 5 : explain SELECT DISTINCT c FROM sbtest5 WHERE id BETWEEN 5585447 AND 5585546 ORDER BY c
	Unique  (cost=366.00..366.47 rows=94 width=121)
	  ->  Sort  (cost=366.00..366.23 rows=94 width=121)
	        Sort Key: c
	        ->  Index Scan using sbtest5_pkey on sbtest5  (cost=0.43..362.92 rows=94 width=121)
	              Index Cond: ((id >= 5585447) AND (id <= 5585546))

table 6 : explain SELECT DISTINCT c FROM sbtest6 WHERE id BETWEEN 6627265 AND 6627364 ORDER BY c
	Unique  (cost=379.60..380.09 rows=98 width=121)
	  ->  Sort  (cost=379.60..379.85 rows=98 width=121)
	        Sort Key: c
	        ->  Index Scan using sbtest6_pkey on sbtest6  (cost=0.43..376.36 rows=98 width=121)
	              Index Cond: ((id >= 6627265) AND (id <= 6627364))

table 7 : explain SELECT DISTINCT c FROM sbtest7 WHERE id BETWEEN 8622759 AND 8622858 ORDER BY c
	Unique  (cost=380.35..380.84 rows=98 width=121)
	  ->  Sort  (cost=380.35..380.59 rows=98 width=121)
	        Sort Key: c
	        ->  Index Scan using sbtest7_pkey on sbtest7  (cost=0.43..377.10 rows=98 width=121)
	              Index Cond: ((id >= 8622759) AND (id <= 8622858))

table 8 : explain SELECT DISTINCT c FROM sbtest8 WHERE id BETWEEN 5235225 AND 5235324 ORDER BY c
	Unique  (cost=370.41..370.89 rows=95 width=121)
	  ->  Sort  (cost=370.41..370.65 rows=95 width=121)
	        Sort Key: c
	        ->  Index Scan using sbtest8_pkey on sbtest8  (cost=0.43..367.29 rows=95 width=121)
	              Index Cond: ((id >= 5235225) AND (id <= 5235324))

for: simple_ranges
table 1 : explain SELECT c FROM sbtest1 WHERE id BETWEEN 2567081 AND 2567180
	Index Scan using sbtest1_pkey on sbtest1  (cost=0.43..373.66 rows=97 width=121)
	  Index Cond: ((id >= 2567081) AND (id <= 2567180))

table 2 : explain SELECT c FROM sbtest2 WHERE id BETWEEN 2051934 AND 2052033
	Index Scan using sbtest2_pkey on sbtest2  (cost=0.43..384.53 rows=100 width=121)
	  Index Cond: ((id >= 2051934) AND (id <= 2052033))

table 3 : explain SELECT c FROM sbtest3 WHERE id BETWEEN 7403637 AND 7403736
	Index Scan using sbtest3_pkey on sbtest3  (cost=0.43..371.69 rows=97 width=121)
	  Index Cond: ((id >= 7403637) AND (id <= 7403736))

table 4 : explain SELECT c FROM sbtest4 WHERE id BETWEEN 3307996 AND 3308095
	Index Scan using sbtest4_pkey on sbtest4  (cost=0.43..388.19 rows=101 width=121)
	  Index Cond: ((id >= 3307996) AND (id <= 3308095))

table 5 : explain SELECT c FROM sbtest5 WHERE id BETWEEN 6877620 AND 6877719
	Index Scan using sbtest5_pkey on sbtest5  (cost=0.43..401.02 rows=104 width=121)
	  Index Cond: ((id >= 6877620) AND (id <= 6877719))

table 6 : explain SELECT c FROM sbtest6 WHERE id BETWEEN 9139994 AND 9140093
	Index Scan using sbtest6_pkey on sbtest6  (cost=0.43..410.48 rows=107 width=121)
	  Index Cond: ((id >= 9139994) AND (id <= 9140093))

table 7 : explain SELECT c FROM sbtest7 WHERE id BETWEEN 658688 AND 658787
	Index Scan using sbtest7_pkey on sbtest7  (cost=0.43..380.90 rows=99 width=121)
	  Index Cond: ((id >= 658688) AND (id <= 658787))

table 8 : explain SELECT c FROM sbtest8 WHERE id BETWEEN 7713765 AND 7713864
	Index Scan using sbtest8_pkey on sbtest8  (cost=0.43..416.96 rows=108 width=121)
	  Index Cond: ((id >= 7713765) AND (id <= 7713864))

for: sum_ranges
table 1 : explain SELECT SUM(k) FROM sbtest1 WHERE id BETWEEN 8913454 AND 8913553
	Aggregate  (cost=377.70..377.71 rows=1 width=8)
	  ->  Index Scan using sbtest1_pkey on sbtest1  (cost=0.43..377.46 rows=98 width=4)
	        Index Cond: ((id >= 8913454) AND (id <= 8913553))

table 2 : explain SELECT SUM(k) FROM sbtest2 WHERE id BETWEEN 8019737 AND 8019836
	Aggregate  (cost=361.93..361.94 rows=1 width=8)
	  ->  Index Scan using sbtest2_pkey on sbtest2  (cost=0.43..361.69 rows=94 width=4)
	        Index Cond: ((id >= 8019737) AND (id <= 8019836))

table 3 : explain SELECT SUM(k) FROM sbtest3 WHERE id BETWEEN 883543 AND 883642
	Aggregate  (cost=387.14..387.15 rows=1 width=8)
	  ->  Index Scan using sbtest3_pkey on sbtest3  (cost=0.43..386.88 rows=101 width=4)
	        Index Cond: ((id >= 883543) AND (id <= 883642))

table 4 : explain SELECT SUM(k) FROM sbtest4 WHERE id BETWEEN 7381190 AND 7381289
	Aggregate  (cost=411.23..411.24 rows=1 width=8)
	  ->  Index Scan using sbtest4_pkey on sbtest4  (cost=0.43..410.96 rows=107 width=4)
	        Index Cond: ((id >= 7381190) AND (id <= 7381289))

table 5 : explain SELECT SUM(k) FROM sbtest5 WHERE id BETWEEN 6723050 AND 6723149
	Aggregate  (cost=393.65..393.66 rows=1 width=8)
	  ->  Index Scan using sbtest5_pkey on sbtest5  (cost=0.43..393.40 rows=102 width=4)
	        Index Cond: ((id >= 6723050) AND (id <= 6723149))

table 6 : explain SELECT SUM(k) FROM sbtest6 WHERE id BETWEEN 6457241 AND 6457340
	Aggregate  (cost=395.57..395.58 rows=1 width=8)
	  ->  Index Scan using sbtest6_pkey on sbtest6  (cost=0.43..395.31 rows=103 width=4)
	        Index Cond: ((id >= 6457241) AND (id <= 6457340))

table 7 : explain SELECT SUM(k) FROM sbtest7 WHERE id BETWEEN 334177 AND 334276
	Aggregate  (cost=404.02..404.03 rows=1 width=8)
	  ->  Index Scan using sbtest7_pkey on sbtest7  (cost=0.43..403.76 rows=105 width=4)
	        Index Cond: ((id >= 334177) AND (id <= 334276))

table 8 : explain SELECT SUM(k) FROM sbtest8 WHERE id BETWEEN 2585095 AND 2585194
	Aggregate  (cost=405.77..405.78 rows=1 width=8)
	  ->  Index Scan using sbtest8_pkey on sbtest8  (cost=0.43..405.51 rows=105 width=4)
	        Index Cond: ((id >= 2585095) AND (id <= 2585194))

for: sum_ranges
table 1 : explain SELECT SUM(k) FROM sbtest1 WHERE id BETWEEN 9005243 AND 9005342
	Aggregate  (cost=400.59..400.60 rows=1 width=8)
	  ->  Index Scan using sbtest1_pkey on sbtest1  (cost=0.43..400.33 rows=104 width=4)
	        Index Cond: ((id >= 9005243) AND (id <= 9005342))

table 2 : explain SELECT SUM(k) FROM sbtest2 WHERE id BETWEEN 387955 AND 388054
	Aggregate  (cost=396.18..396.19 rows=1 width=8)
	  ->  Index Scan using sbtest2_pkey on sbtest2  (cost=0.43..395.92 rows=103 width=4)
	        Index Cond: ((id >= 387955) AND (id <= 388054))

table 3 : explain SELECT SUM(k) FROM sbtest3 WHERE id BETWEEN 3797973 AND 3798072
	Aggregate  (cost=353.01..353.02 rows=1 width=8)
	  ->  Index Scan using sbtest3_pkey on sbtest3  (cost=0.43..352.78 rows=92 width=4)
	        Index Cond: ((id >= 3797973) AND (id <= 3798072))

table 4 : explain SELECT SUM(k) FROM sbtest4 WHERE id BETWEEN 7747897 AND 7747996
	Aggregate  (cost=377.05..377.06 rows=1 width=8)
	  ->  Index Scan using sbtest4_pkey on sbtest4  (cost=0.43..376.80 rows=98 width=4)
	        Index Cond: ((id >= 7747897) AND (id <= 7747996))

table 5 : explain SELECT SUM(k) FROM sbtest5 WHERE id BETWEEN 3327403 AND 3327502
	Aggregate  (cost=435.59..435.60 rows=1 width=8)
	  ->  Index Scan using sbtest5_pkey on sbtest5  (cost=0.43..435.30 rows=113 width=4)
	        Index Cond: ((id >= 3327403) AND (id <= 3327502))

table 6 : explain SELECT SUM(k) FROM sbtest6 WHERE id BETWEEN 8844844 AND 8844943
	Aggregate  (cost=380.40..380.41 rows=1 width=8)
	  ->  Index Scan using sbtest6_pkey on sbtest6  (cost=0.43..380.15 rows=99 width=4)
	        Index Cond: ((id >= 8844844) AND (id <= 8844943))

table 7 : explain SELECT SUM(k) FROM sbtest7 WHERE id BETWEEN 3278893 AND 3278992
	Aggregate  (cost=377.35..377.36 rows=1 width=8)
	  ->  Index Scan using sbtest7_pkey on sbtest7  (cost=0.43..377.10 rows=98 width=4)
	        Index Cond: ((id >= 3278893) AND (id <= 3278992))

table 8 : explain SELECT SUM(k) FROM sbtest8 WHERE id BETWEEN 5884449 AND 5884548
	Aggregate  (cost=405.77..405.78 rows=1 width=8)
	  ->  Index Scan using sbtest8_pkey on sbtest8  (cost=0.43..405.51 rows=105 width=4)
	        Index Cond: ((id >= 5884449) AND (id <= 5884548))

for deletes
table 1 : explain DELETE FROM sbtest1 WHERE id=4391879
	Delete on sbtest1  (cost=0.43..8.45 rows=0 width=0)
	  ->  Index Scan using sbtest1_pkey on sbtest1  (cost=0.43..8.45 rows=1 width=6)
	        Index Cond: (id = 4391879)

table 2 : explain DELETE FROM sbtest2 WHERE id=4486062
	Delete on sbtest2  (cost=0.43..8.45 rows=0 width=0)
	  ->  Index Scan using sbtest2_pkey on sbtest2  (cost=0.43..8.45 rows=1 width=6)
	        Index Cond: (id = 4486062)

table 3 : explain DELETE FROM sbtest3 WHERE id=5267817
	Delete on sbtest3  (cost=0.43..8.45 rows=0 width=0)
	  ->  Index Scan using sbtest3_pkey on sbtest3  (cost=0.43..8.45 rows=1 width=6)
	        Index Cond: (id = 5267817)

table 4 : explain DELETE FROM sbtest4 WHERE id=6046356
	Delete on sbtest4  (cost=0.43..8.45 rows=0 width=0)
	  ->  Index Scan using sbtest4_pkey on sbtest4  (cost=0.43..8.45 rows=1 width=6)
	        Index Cond: (id = 6046356)

table 5 : explain DELETE FROM sbtest5 WHERE id=2636995
	Delete on sbtest5  (cost=0.43..8.45 rows=0 width=0)
	  ->  Index Scan using sbtest5_pkey on sbtest5  (cost=0.43..8.45 rows=1 width=6)
	        Index Cond: (id = 2636995)

table 6 : explain DELETE FROM sbtest6 WHERE id=8368537
	Delete on sbtest6  (cost=0.43..8.45 rows=0 width=0)
	  ->  Index Scan using sbtest6_pkey on sbtest6  (cost=0.43..8.45 rows=1 width=6)
	        Index Cond: (id = 8368537)

table 7 : explain DELETE FROM sbtest7 WHERE id=4274141
	Delete on sbtest7  (cost=0.43..8.45 rows=0 width=0)
	  ->  Index Scan using sbtest7_pkey on sbtest7  (cost=0.43..8.45 rows=1 width=6)
	        Index Cond: (id = 4274141)

table 8 : explain DELETE FROM sbtest8 WHERE id=1730044
	Delete on sbtest8  (cost=0.43..8.45 rows=0 width=0)
	  ->  Index Scan using sbtest8_pkey on sbtest8  (cost=0.43..8.45 rows=1 width=6)
	        Index Cond: (id = 1730044)

for deletes
table 1 : explain DELETE FROM sbtest1 WHERE id=5928852
	Delete on sbtest1  (cost=0.43..8.45 rows=0 width=0)
	  ->  Index Scan using sbtest1_pkey on sbtest1  (cost=0.43..8.45 rows=1 width=6)
	        Index Cond: (id = 5928852)

table 2 : explain DELETE FROM sbtest2 WHERE id=3470179
	Delete on sbtest2  (cost=0.43..8.45 rows=0 width=0)
	  ->  Index Scan using sbtest2_pkey on sbtest2  (cost=0.43..8.45 rows=1 width=6)
	        Index Cond: (id = 3470179)

table 3 : explain DELETE FROM sbtest3 WHERE id=804205
	Delete on sbtest3  (cost=0.43..8.45 rows=0 width=0)
	  ->  Index Scan using sbtest3_pkey on sbtest3  (cost=0.43..8.45 rows=1 width=6)
	        Index Cond: (id = 804205)

table 4 : explain DELETE FROM sbtest4 WHERE id=9828580
	Delete on sbtest4  (cost=0.43..8.45 rows=0 width=0)
	  ->  Index Scan using sbtest4_pkey on sbtest4  (cost=0.43..8.45 rows=1 width=6)
	        Index Cond: (id = 9828580)

table 5 : explain DELETE FROM sbtest5 WHERE id=4014796
	Delete on sbtest5  (cost=0.43..8.45 rows=0 width=0)
	  ->  Index Scan using sbtest5_pkey on sbtest5  (cost=0.43..8.45 rows=1 width=6)
	        Index Cond: (id = 4014796)

table 6 : explain DELETE FROM sbtest6 WHERE id=8759577
	Delete on sbtest6  (cost=0.43..8.45 rows=0 width=0)
	  ->  Index Scan using sbtest6_pkey on sbtest6  (cost=0.43..8.45 rows=1 width=6)
	        Index Cond: (id = 8759577)

table 7 : explain DELETE FROM sbtest7 WHERE id=6761472
	Delete on sbtest7  (cost=0.43..8.45 rows=0 width=0)
	  ->  Index Scan using sbtest7_pkey on sbtest7  (cost=0.43..8.45 rows=1 width=6)
	        Index Cond: (id = 6761472)

table 8 : explain DELETE FROM sbtest8 WHERE id=8950877
	Delete on sbtest8  (cost=0.43..8.45 rows=0 width=0)
	  ->  Index Scan using sbtest8_pkey on sbtest8  (cost=0.43..8.45 rows=1 width=6)
	        Index Cond: (id = 8950877)

explain: for inserts :: explain INSERT INTO sbtest%u (id, k, c, pad) VALUES (%u, 13, 'foobar', 'foobar')
explain: for index_updates :: explain UPDATE sbtest%u SET k=k+1 WHERE id=%u
for: distinct_ranges
table 1 : explain SELECT DISTINCT c FROM sbtest1 WHERE id BETWEEN 9621422 AND 9621521 ORDER BY c
	Unique  (cost=384.60..385.09 rows=99 width=121)
	  ->  Sort  (cost=384.60..384.84 rows=99 width=121)
	        Sort Key: c
	        ->  Index Scan using sbtest1_pkey on sbtest1  (cost=0.43..381.32 rows=99 width=121)
	              Index Cond: ((id >= 9621422) AND (id <= 9621521))

table 2 : explain SELECT DISTINCT c FROM sbtest2 WHERE id BETWEEN 7366934 AND 7367033 ORDER BY c
	Unique  (cost=360.94..361.40 rows=93 width=121)
	  ->  Sort  (cost=360.94..361.17 rows=93 width=121)
	        Sort Key: c
	        ->  Index Scan using sbtest2_pkey on sbtest2  (cost=0.43..357.90 rows=93 width=121)
	              Index Cond: ((id >= 7366934) AND (id <= 7367033))

table 3 : explain SELECT DISTINCT c FROM sbtest3 WHERE id BETWEEN 6043586 AND 6043685 ORDER BY c
	Unique  (cost=397.89..398.41 rows=103 width=121)
	  ->  Sort  (cost=397.89..398.15 rows=103 width=121)
	        Sort Key: c
	        ->  Index Scan using sbtest3_pkey on sbtest3  (cost=0.43..394.45 rows=103 width=121)
	              Index Cond: ((id >= 6043586) AND (id <= 6043685))

table 4 : explain SELECT DISTINCT c FROM sbtest4 WHERE id BETWEEN 5859746 AND 5859845 ORDER BY c
	Unique  (cost=403.06..403.58 rows=104 width=121)
	  ->  Sort  (cost=403.06..403.32 rows=104 width=121)
	        Sort Key: c
	        ->  Index Scan using sbtest4_pkey on sbtest4  (cost=0.43..399.58 rows=104 width=121)
	              Index Cond: ((id >= 5859746) AND (id <= 5859845))

table 5 : explain SELECT DISTINCT c FROM sbtest5 WHERE id BETWEEN 2692390 AND 2692489 ORDER BY c
	Unique  (cost=392.95..393.45 rows=101 width=121)
	  ->  Sort  (cost=392.95..393.20 rows=101 width=121)
	        Sort Key: c
	        ->  Index Scan using sbtest5_pkey on sbtest5  (cost=0.43..389.59 rows=101 width=121)
	              Index Cond: ((id >= 2692390) AND (id <= 2692489))

table 6 : explain SELECT DISTINCT c FROM sbtest6 WHERE id BETWEEN 9711470 AND 9711569 ORDER BY c
	Unique  (cost=425.58..426.13 rows=110 width=121)
	  ->  Sort  (cost=425.58..425.86 rows=110 width=121)
	        Sort Key: c
	        ->  Index Scan using sbtest6_pkey on sbtest6  (cost=0.43..421.85 rows=110 width=121)
	              Index Cond: ((id >= 9711470) AND (id <= 9711569))

table 7 : explain SELECT DISTINCT c FROM sbtest7 WHERE id BETWEEN 4670032 AND 4670131 ORDER BY c
	Unique  (cost=345.79..346.24 rows=89 width=121)
	  ->  Sort  (cost=345.79..346.01 rows=89 width=121)
	        Sort Key: c
	        ->  Index Scan using sbtest7_pkey on sbtest7  (cost=0.43..342.91 rows=89 width=121)
	              Index Cond: ((id >= 4670032) AND (id <= 4670131))

table 8 : explain SELECT DISTINCT c FROM sbtest8 WHERE id BETWEEN 5922425 AND 5922524 ORDER BY c
	Unique  (cost=409.03..409.56 rows=105 width=121)
	  ->  Sort  (cost=409.03..409.30 rows=105 width=121)
	        Sort Key: c
	        ->  Index Scan using sbtest8_pkey on sbtest8  (cost=0.43..405.51 rows=105 width=121)
	              Index Cond: ((id >= 5922425) AND (id <= 5922524))

for non_index_updates
table 1 : explain UPDATE sbtest1 SET c='foobar' WHERE id=1283962
	Update on sbtest1  (cost=0.43..8.45 rows=0 width=0)
	  ->  Index Scan using sbtest1_pkey on sbtest1  (cost=0.43..8.45 rows=1 width=490)
	        Index Cond: (id = 1283962)

table 2 : explain UPDATE sbtest2 SET c='foobar' WHERE id=2024020
	Update on sbtest2  (cost=0.43..8.45 rows=0 width=0)
	  ->  Index Scan using sbtest2_pkey on sbtest2  (cost=0.43..8.45 rows=1 width=490)
	        Index Cond: (id = 2024020)

table 3 : explain UPDATE sbtest3 SET c='foobar' WHERE id=8804018
	Update on sbtest3  (cost=0.43..8.45 rows=0 width=0)
	  ->  Index Scan using sbtest3_pkey on sbtest3  (cost=0.43..8.45 rows=1 width=490)
	        Index Cond: (id = 8804018)

table 4 : explain UPDATE sbtest4 SET c='foobar' WHERE id=8940255
	Update on sbtest4  (cost=0.43..8.45 rows=0 width=0)
	  ->  Index Scan using sbtest4_pkey on sbtest4  (cost=0.43..8.45 rows=1 width=490)
	        Index Cond: (id = 8940255)

table 5 : explain UPDATE sbtest5 SET c='foobar' WHERE id=8874290
	Update on sbtest5  (cost=0.43..8.45 rows=0 width=0)
	  ->  Index Scan using sbtest5_pkey on sbtest5  (cost=0.43..8.45 rows=1 width=490)
	        Index Cond: (id = 8874290)

table 6 : explain UPDATE sbtest6 SET c='foobar' WHERE id=4985697
	Update on sbtest6  (cost=0.43..8.45 rows=0 width=0)
	  ->  Index Scan using sbtest6_pkey on sbtest6  (cost=0.43..8.45 rows=1 width=490)
	        Index Cond: (id = 4985697)

table 7 : explain UPDATE sbtest7 SET c='foobar' WHERE id=4985001
	Update on sbtest7  (cost=0.43..8.45 rows=0 width=0)
	  ->  Index Scan using sbtest7_pkey on sbtest7  (cost=0.43..8.45 rows=1 width=490)
	        Index Cond: (id = 4985001)

table 8 : explain UPDATE sbtest8 SET c='foobar' WHERE id=2315609
	Update on sbtest8  (cost=0.43..8.45 rows=0 width=0)
	  ->  Index Scan using sbtest8_pkey on sbtest8  (cost=0.43..8.45 rows=1 width=490)
	        Index Cond: (id = 2315609)

explain: for inserts :: explain INSERT INTO sbtest%u (id, k, c, pad) VALUES (%u, 13, 'foobar', 'foobar')
explain: for index_updates :: explain UPDATE sbtest%u SET k=k+1 WHERE id=%u
for: sum_ranges
table 1 : explain SELECT SUM(k) FROM sbtest1 WHERE id BETWEEN 9809368 AND 9809467
	Aggregate  (cost=354.87..354.88 rows=1 width=8)
	  ->  Index Scan using sbtest1_pkey on sbtest1  (cost=0.43..354.64 rows=92 width=4)
	        Index Cond: ((id >= 9809368) AND (id <= 9809467))

table 2 : explain SELECT SUM(k) FROM sbtest2 WHERE id BETWEEN 4891308 AND 4891407
	Aggregate  (cost=377.13..377.14 rows=1 width=8)
	  ->  Index Scan using sbtest2_pkey on sbtest2  (cost=0.43..376.88 rows=98 width=4)
	        Index Cond: ((id >= 4891308) AND (id <= 4891407))

table 3 : explain SELECT SUM(k) FROM sbtest3 WHERE id BETWEEN 1122633 AND 1122732
	Aggregate  (cost=371.94..371.95 rows=1 width=8)
	  ->  Index Scan using sbtest3_pkey on sbtest3  (cost=0.43..371.69 rows=97 width=4)
	        Index Cond: ((id >= 1122633) AND (id <= 1122732))

table 4 : explain SELECT SUM(k) FROM sbtest4 WHERE id BETWEEN 3301133 AND 3301232
	Aggregate  (cost=388.44..388.45 rows=1 width=8)
	  ->  Index Scan using sbtest4_pkey on sbtest4  (cost=0.43..388.19 rows=101 width=4)
	        Index Cond: ((id >= 3301133) AND (id <= 3301232))

table 5 : explain SELECT SUM(k) FROM sbtest5 WHERE id BETWEEN 5094137 AND 5094236
	Aggregate  (cost=370.78..370.79 rows=1 width=8)
	  ->  Index Scan using sbtest5_pkey on sbtest5  (cost=0.43..370.54 rows=96 width=4)
	        Index Cond: ((id >= 5094137) AND (id <= 5094236))

table 6 : explain SELECT SUM(k) FROM sbtest6 WHERE id BETWEEN 5240486 AND 5240585
	Aggregate  (cost=406.95..406.96 rows=1 width=8)
	  ->  Index Scan using sbtest6_pkey on sbtest6  (cost=0.43..406.69 rows=106 width=4)
	        Index Cond: ((id >= 5240486) AND (id <= 5240585))

table 7 : explain SELECT SUM(k) FROM sbtest7 WHERE id BETWEEN 9914031 AND 9914130
	Aggregate  (cost=369.75..369.76 rows=1 width=8)
	  ->  Index Scan using sbtest7_pkey on sbtest7  (cost=0.43..369.51 rows=96 width=4)
	        Index Cond: ((id >= 9914031) AND (id <= 9914130))

table 8 : explain SELECT SUM(k) FROM sbtest8 WHERE id BETWEEN 8261865 AND 8261964
	Aggregate  (cost=382.86..382.87 rows=1 width=8)
	  ->  Index Scan using sbtest8_pkey on sbtest8  (cost=0.43..382.61 rows=99 width=4)
	        Index Cond: ((id >= 8261865) AND (id <= 8261964))

for point_selects
table 1 : explain SELECT c FROM sbtest1 WHERE id=5923983
	Index Scan using sbtest1_pkey on sbtest1  (cost=0.43..8.45 rows=1 width=121)
	  Index Cond: (id = 5923983)

table 2 : explain SELECT c FROM sbtest2 WHERE id=2246326
	Index Scan using sbtest2_pkey on sbtest2  (cost=0.43..8.45 rows=1 width=121)
	  Index Cond: (id = 2246326)

table 3 : explain SELECT c FROM sbtest3 WHERE id=4661857
	Index Scan using sbtest3_pkey on sbtest3  (cost=0.43..8.45 rows=1 width=121)
	  Index Cond: (id = 4661857)

table 4 : explain SELECT c FROM sbtest4 WHERE id=6406559
	Index Scan using sbtest4_pkey on sbtest4  (cost=0.43..8.45 rows=1 width=121)
	  Index Cond: (id = 6406559)

table 5 : explain SELECT c FROM sbtest5 WHERE id=4301634
	Index Scan using sbtest5_pkey on sbtest5  (cost=0.43..8.45 rows=1 width=121)
	  Index Cond: (id = 4301634)

table 6 : explain SELECT c FROM sbtest6 WHERE id=4589437
	Index Scan using sbtest6_pkey on sbtest6  (cost=0.43..8.45 rows=1 width=121)
	  Index Cond: (id = 4589437)

table 7 : explain SELECT c FROM sbtest7 WHERE id=1539266
	Index Scan using sbtest7_pkey on sbtest7  (cost=0.43..8.45 rows=1 width=121)
	  Index Cond: (id = 1539266)

table 8 : explain SELECT c FROM sbtest8 WHERE id=7285453
	Index Scan using sbtest8_pkey on sbtest8  (cost=0.43..8.45 rows=1 width=121)
	  Index Cond: (id = 7285453)

explain: for deletes :: explain DELETE FROM sbtest%u WHERE id=%u
for: order_ranges
table 1 : explain SELECT c FROM sbtest1 WHERE id BETWEEN 1690 AND 1789 ORDER BY c
	Sort  (cost=415.35..415.61 rows=107 width=121)
	  Sort Key: c
	  ->  Index Scan using sbtest1_pkey on sbtest1  (cost=0.43..411.74 rows=107 width=121)
	        Index Cond: ((id >= 1690) AND (id <= 1789))

table 2 : explain SELECT c FROM sbtest2 WHERE id BETWEEN 6120383 AND 6120482 ORDER BY c
	Sort  (cost=387.85..388.10 rows=100 width=121)
	  Sort Key: c
	  ->  Index Scan using sbtest2_pkey on sbtest2  (cost=0.43..384.53 rows=100 width=121)
	        Index Cond: ((id >= 6120383) AND (id <= 6120482))

table 3 : explain SELECT c FROM sbtest3 WHERE id BETWEEN 2140338 AND 2140437 ORDER BY c
	Sort  (cost=378.78..379.02 rows=98 width=121)
	  Sort Key: c
	  ->  Index Scan using sbtest3_pkey on sbtest3  (cost=0.43..375.54 rows=98 width=121)
	        Index Cond: ((id >= 2140338) AND (id <= 2140437))

table 4 : explain SELECT c FROM sbtest4 WHERE id BETWEEN 6342663 AND 6342762 ORDER BY c
	Sort  (cost=376.21..376.45 rows=97 width=121)
	  Sort Key: c
	  ->  Index Scan using sbtest4_pkey on sbtest4  (cost=0.43..373.01 rows=97 width=121)
	        Index Cond: ((id >= 6342663) AND (id <= 6342762))

table 5 : explain SELECT c FROM sbtest5 WHERE id BETWEEN 6985167 AND 6985266 ORDER BY c
	Sort  (cost=400.65..400.91 rows=103 width=121)
	  Sort Key: c
	  ->  Index Scan using sbtest5_pkey on sbtest5  (cost=0.43..397.21 rows=103 width=121)
	        Index Cond: ((id >= 6985167) AND (id <= 6985266))

table 6 : explain SELECT c FROM sbtest6 WHERE id BETWEEN 2694489 AND 2694588 ORDER BY c
	Sort  (cost=364.22..364.45 rows=94 width=121)
	  Sort Key: c
	  ->  Index Scan using sbtest6_pkey on sbtest6  (cost=0.43..361.14 rows=94 width=121)
	        Index Cond: ((id >= 2694489) AND (id <= 2694588))

table 7 : explain SELECT c FROM sbtest7 WHERE id BETWEEN 2577246 AND 2577345 ORDER BY c
	Sort  (cost=361.15..361.38 rows=93 width=121)
	  Sort Key: c
	  ->  Index Scan using sbtest7_pkey on sbtest7  (cost=0.43..358.11 rows=93 width=121)
	        Index Cond: ((id >= 2577246) AND (id <= 2577345))

table 8 : explain SELECT c FROM sbtest8 WHERE id BETWEEN 3741605 AND 3741704 ORDER BY c
	Sort  (cost=358.85..359.08 rows=92 width=121)
	  Sort Key: c
	  ->  Index Scan using sbtest8_pkey on sbtest8  (cost=0.43..355.84 rows=92 width=121)
	        Index Cond: ((id >= 3741605) AND (id <= 3741704))

explain: for index_updates :: explain UPDATE sbtest%u SET k=k+1 WHERE id=%u
for inserts
table 1 : explain INSERT INTO sbtest1 (id, k, c, pad) VALUES (8056707, 13, 'foobar', 'foobar')
	Insert on sbtest1  (cost=0.00..0.01 rows=0 width=0)
	  ->  Result  (cost=0.00..0.01 rows=1 width=736)

table 2 : explain INSERT INTO sbtest2 (id, k, c, pad) VALUES (9965408, 13, 'foobar', 'foobar')
	Insert on sbtest2  (cost=0.00..0.01 rows=0 width=0)
	  ->  Result  (cost=0.00..0.01 rows=1 width=736)

table 3 : explain INSERT INTO sbtest3 (id, k, c, pad) VALUES (4243652, 13, 'foobar', 'foobar')
	Insert on sbtest3  (cost=0.00..0.01 rows=0 width=0)
	  ->  Result  (cost=0.00..0.01 rows=1 width=736)

table 4 : explain INSERT INTO sbtest4 (id, k, c, pad) VALUES (8922300, 13, 'foobar', 'foobar')
	Insert on sbtest4  (cost=0.00..0.01 rows=0 width=0)
	  ->  Result  (cost=0.00..0.01 rows=1 width=736)

table 5 : explain INSERT INTO sbtest5 (id, k, c, pad) VALUES (9464588, 13, 'foobar', 'foobar')
	Insert on sbtest5  (cost=0.00..0.01 rows=0 width=0)
	  ->  Result  (cost=0.00..0.01 rows=1 width=736)

table 6 : explain INSERT INTO sbtest6 (id, k, c, pad) VALUES (4624941, 13, 'foobar', 'foobar')
	Insert on sbtest6  (cost=0.00..0.01 rows=0 width=0)
	  ->  Result  (cost=0.00..0.01 rows=1 width=736)

table 7 : explain INSERT INTO sbtest7 (id, k, c, pad) VALUES (8593908, 13, 'foobar', 'foobar')
	Insert on sbtest7  (cost=0.00..0.01 rows=0 width=0)
	  ->  Result  (cost=0.00..0.01 rows=1 width=736)

table 8 : explain INSERT INTO sbtest8 (id, k, c, pad) VALUES (9236593, 13, 'foobar', 'foobar')
	Insert on sbtest8  (cost=0.00..0.01 rows=0 width=0)
	  ->  Result  (cost=0.00..0.01 rows=1 width=736)

for inserts
table 1 : explain INSERT INTO sbtest1 (id, k, c, pad) VALUES (3988726, 13, 'foobar', 'foobar')
	Insert on sbtest1  (cost=0.00..0.01 rows=0 width=0)
	  ->  Result  (cost=0.00..0.01 rows=1 width=736)

table 2 : explain INSERT INTO sbtest2 (id, k, c, pad) VALUES (3699851, 13, 'foobar', 'foobar')
	Insert on sbtest2  (cost=0.00..0.01 rows=0 width=0)
	  ->  Result  (cost=0.00..0.01 rows=1 width=736)

table 3 : explain INSERT INTO sbtest3 (id, k, c, pad) VALUES (101565, 13, 'foobar', 'foobar')
	Insert on sbtest3  (cost=0.00..0.01 rows=0 width=0)
	  ->  Result  (cost=0.00..0.01 rows=1 width=736)

table 4 : explain INSERT INTO sbtest4 (id, k, c, pad) VALUES (2174051, 13, 'foobar', 'foobar')
	Insert on sbtest4  (cost=0.00..0.01 rows=0 width=0)
	  ->  Result  (cost=0.00..0.01 rows=1 width=736)

table 5 : explain INSERT INTO sbtest5 (id, k, c, pad) VALUES (1403533, 13, 'foobar', 'foobar')
	Insert on sbtest5  (cost=0.00..0.01 rows=0 width=0)
	  ->  Result  (cost=0.00..0.01 rows=1 width=736)

table 6 : explain INSERT INTO sbtest6 (id, k, c, pad) VALUES (9380860, 13, 'foobar', 'foobar')
	Insert on sbtest6  (cost=0.00..0.01 rows=0 width=0)
	  ->  Result  (cost=0.00..0.01 rows=1 width=736)

table 7 : explain INSERT INTO sbtest7 (id, k, c, pad) VALUES (6368738, 13, 'foobar', 'foobar')
	Insert on sbtest7  (cost=0.00..0.01 rows=0 width=0)
	  ->  Result  (cost=0.00..0.01 rows=1 width=736)

table 8 : explain INSERT INTO sbtest8 (id, k, c, pad) VALUES (6773412, 13, 'foobar', 'foobar')
	Insert on sbtest8  (cost=0.00..0.01 rows=0 width=0)
	  ->  Result  (cost=0.00..0.01 rows=1 width=736)

for: order_ranges
table 1 : explain SELECT c FROM sbtest1 WHERE id BETWEEN 8800554 AND 8800653 ORDER BY c
	Sort  (cost=392.28..392.54 rows=101 width=121)
	  Sort Key: c
	  ->  Index Scan using sbtest1_pkey on sbtest1  (cost=0.43..388.92 rows=101 width=121)
	        Index Cond: ((id >= 8800554) AND (id <= 8800653))

table 2 : explain SELECT c FROM sbtest2 WHERE id BETWEEN 2838304 AND 2838403 ORDER BY c
	Sort  (cost=414.72..414.99 rows=107 width=121)
	  Sort Key: c
	  ->  Index Scan using sbtest2_pkey on sbtest2  (cost=0.43..411.11 rows=107 width=121)
	        Index Cond: ((id >= 2838304) AND (id <= 2838403))

table 3 : explain SELECT c FROM sbtest3 WHERE id BETWEEN 5512374 AND 5512473 ORDER BY c
	Sort  (cost=394.07..394.32 rows=102 width=121)
	  Sort Key: c
	  ->  Index Scan using sbtest3_pkey on sbtest3  (cost=0.43..390.67 rows=102 width=121)
	        Index Cond: ((id >= 5512374) AND (id <= 5512473))

table 4 : explain SELECT c FROM sbtest4 WHERE id BETWEEN 5932524 AND 5932623 ORDER BY c
	Sort  (cost=399.22..399.48 rows=103 width=121)
	  Sort Key: c
	  ->  Index Scan using sbtest4_pkey on sbtest4  (cost=0.43..395.78 rows=103 width=121)
	        Index Cond: ((id >= 5932524) AND (id <= 5932623))

table 5 : explain SELECT c FROM sbtest5 WHERE id BETWEEN 5206446 AND 5206545 ORDER BY c
	Sort  (cost=381.40..381.64 rows=98 width=121)
	  Sort Key: c
	  ->  Index Scan using sbtest5_pkey on sbtest5  (cost=0.43..378.16 rows=98 width=121)
	        Index Cond: ((id >= 5206446) AND (id <= 5206545))

table 6 : explain SELECT c FROM sbtest6 WHERE id BETWEEN 2110459 AND 2110558 ORDER BY c
	Sort  (cost=360.39..360.62 rows=93 width=121)
	  Sort Key: c
	  ->  Index Scan using sbtest6_pkey on sbtest6  (cost=0.43..357.35 rows=93 width=121)
	        Index Cond: ((id >= 2110459) AND (id <= 2110558))

table 7 : explain SELECT c FROM sbtest7 WHERE id BETWEEN 3682383 AND 3682482 ORDER BY c
	Sort  (cost=376.51..376.75 rows=97 width=121)
	  Sort Key: c
	  ->  Index Scan using sbtest7_pkey on sbtest7  (cost=0.43..373.31 rows=97 width=121)
	        Index Cond: ((id >= 3682383) AND (id <= 3682482))

table 8 : explain SELECT c FROM sbtest8 WHERE id BETWEEN 4836907 AND 4837006 ORDER BY c
	Sort  (cost=405.18..405.44 rows=104 width=121)
	  Sort Key: c
	  ->  Index Scan using sbtest8_pkey on sbtest8  (cost=0.43..401.69 rows=104 width=121)
	        Index Cond: ((id >= 4836907) AND (id <= 4837006))

explain: for inserts :: explain INSERT INTO sbtest%u (id, k, c, pad) VALUES (%u, 13, 'foobar', 'foobar')
for index_updates
table 1 : explain UPDATE sbtest1 SET k=k+1 WHERE id=5544765
	Update on sbtest1  (cost=0.43..8.46 rows=0 width=0)
	  ->  Index Scan using sbtest1_pkey on sbtest1  (cost=0.43..8.46 rows=1 width=10)
	        Index Cond: (id = 5544765)

table 2 : explain UPDATE sbtest2 SET k=k+1 WHERE id=1551677
	Update on sbtest2  (cost=0.43..8.46 rows=0 width=0)
	  ->  Index Scan using sbtest2_pkey on sbtest2  (cost=0.43..8.46 rows=1 width=10)
	        Index Cond: (id = 1551677)

table 3 : explain UPDATE sbtest3 SET k=k+1 WHERE id=4881675
	Update on sbtest3  (cost=0.43..8.46 rows=0 width=0)
	  ->  Index Scan using sbtest3_pkey on sbtest3  (cost=0.43..8.46 rows=1 width=10)
	        Index Cond: (id = 4881675)

table 4 : explain UPDATE sbtest4 SET k=k+1 WHERE id=8070228
	Update on sbtest4  (cost=0.43..8.46 rows=0 width=0)
	  ->  Index Scan using sbtest4_pkey on sbtest4  (cost=0.43..8.46 rows=1 width=10)
	        Index Cond: (id = 8070228)

table 5 : explain UPDATE sbtest5 SET k=k+1 WHERE id=1178772
	Update on sbtest5  (cost=0.43..8.46 rows=0 width=0)
	  ->  Index Scan using sbtest5_pkey on sbtest5  (cost=0.43..8.46 rows=1 width=10)
	        Index Cond: (id = 1178772)

table 6 : explain UPDATE sbtest6 SET k=k+1 WHERE id=8418688
	Update on sbtest6  (cost=0.43..8.46 rows=0 width=0)
	  ->  Index Scan using sbtest6_pkey on sbtest6  (cost=0.43..8.46 rows=1 width=10)
	        Index Cond: (id = 8418688)

table 7 : explain UPDATE sbtest7 SET k=k+1 WHERE id=9621965
	Update on sbtest7  (cost=0.43..8.46 rows=0 width=0)
	  ->  Index Scan using sbtest7_pkey on sbtest7  (cost=0.43..8.46 rows=1 width=10)
	        Index Cond: (id = 9621965)

table 8 : explain UPDATE sbtest8 SET k=k+1 WHERE id=6172036
	Update on sbtest8  (cost=0.43..8.46 rows=0 width=0)
	  ->  Index Scan using sbtest8_pkey on sbtest8  (cost=0.43..8.46 rows=1 width=10)
	        Index Cond: (id = 6172036)

for index_updates
table 1 : explain UPDATE sbtest1 SET k=k+1 WHERE id=3774152
	Update on sbtest1  (cost=0.43..8.46 rows=0 width=0)
	  ->  Index Scan using sbtest1_pkey on sbtest1  (cost=0.43..8.46 rows=1 width=10)
	        Index Cond: (id = 3774152)

table 2 : explain UPDATE sbtest2 SET k=k+1 WHERE id=630127
	Update on sbtest2  (cost=0.43..8.46 rows=0 width=0)
	  ->  Index Scan using sbtest2_pkey on sbtest2  (cost=0.43..8.46 rows=1 width=10)
	        Index Cond: (id = 630127)

table 3 : explain UPDATE sbtest3 SET k=k+1 WHERE id=2923566
	Update on sbtest3  (cost=0.43..8.46 rows=0 width=0)
	  ->  Index Scan using sbtest3_pkey on sbtest3  (cost=0.43..8.46 rows=1 width=10)
	        Index Cond: (id = 2923566)

table 4 : explain UPDATE sbtest4 SET k=k+1 WHERE id=8824239
	Update on sbtest4  (cost=0.43..8.46 rows=0 width=0)
	  ->  Index Scan using sbtest4_pkey on sbtest4  (cost=0.43..8.46 rows=1 width=10)
	        Index Cond: (id = 8824239)

table 5 : explain UPDATE sbtest5 SET k=k+1 WHERE id=377838
	Update on sbtest5  (cost=0.43..8.46 rows=0 width=0)
	  ->  Index Scan using sbtest5_pkey on sbtest5  (cost=0.43..8.46 rows=1 width=10)
	        Index Cond: (id = 377838)

table 6 : explain UPDATE sbtest6 SET k=k+1 WHERE id=9441806
	Update on sbtest6  (cost=0.43..8.46 rows=0 width=0)
	  ->  Index Scan using sbtest6_pkey on sbtest6  (cost=0.43..8.46 rows=1 width=10)
	        Index Cond: (id = 9441806)

table 7 : explain UPDATE sbtest7 SET k=k+1 WHERE id=3417355
	Update on sbtest7  (cost=0.43..8.46 rows=0 width=0)
	  ->  Index Scan using sbtest7_pkey on sbtest7  (cost=0.43..8.46 rows=1 width=10)
	        Index Cond: (id = 3417355)

table 8 : explain UPDATE sbtest8 SET k=k+1 WHERE id=1227607
	Update on sbtest8  (cost=0.43..8.46 rows=0 width=0)
	  ->  Index Scan using sbtest8_pkey on sbtest8  (cost=0.43..8.46 rows=1 width=10)
	        Index Cond: (id = 1227607)

for deletes
table 1 : explain DELETE FROM sbtest1 WHERE id=6846121
	Delete on sbtest1  (cost=0.43..8.45 rows=0 width=0)
	  ->  Index Scan using sbtest1_pkey on sbtest1  (cost=0.43..8.45 rows=1 width=6)
	        Index Cond: (id = 6846121)

table 2 : explain DELETE FROM sbtest2 WHERE id=1292144
	Delete on sbtest2  (cost=0.43..8.45 rows=0 width=0)
	  ->  Index Scan using sbtest2_pkey on sbtest2  (cost=0.43..8.45 rows=1 width=6)
	        Index Cond: (id = 1292144)

table 3 : explain DELETE FROM sbtest3 WHERE id=7852669
	Delete on sbtest3  (cost=0.43..8.45 rows=0 width=0)
	  ->  Index Scan using sbtest3_pkey on sbtest3  (cost=0.43..8.45 rows=1 width=6)
	        Index Cond: (id = 7852669)

table 4 : explain DELETE FROM sbtest4 WHERE id=2696234
	Delete on sbtest4  (cost=0.43..8.45 rows=0 width=0)
	  ->  Index Scan using sbtest4_pkey on sbtest4  (cost=0.43..8.45 rows=1 width=6)
	        Index Cond: (id = 2696234)

table 5 : explain DELETE FROM sbtest5 WHERE id=2005880
	Delete on sbtest5  (cost=0.43..8.45 rows=0 width=0)
	  ->  Index Scan using sbtest5_pkey on sbtest5  (cost=0.43..8.45 rows=1 width=6)
	        Index Cond: (id = 2005880)

table 6 : explain DELETE FROM sbtest6 WHERE id=46682
	Delete on sbtest6  (cost=0.43..8.45 rows=0 width=0)
	  ->  Index Scan using sbtest6_pkey on sbtest6  (cost=0.43..8.45 rows=1 width=6)
	        Index Cond: (id = 46682)

table 7 : explain DELETE FROM sbtest7 WHERE id=3187017
	Delete on sbtest7  (cost=0.43..8.45 rows=0 width=0)
	  ->  Index Scan using sbtest7_pkey on sbtest7  (cost=0.43..8.45 rows=1 width=6)
	        Index Cond: (id = 3187017)

table 8 : explain DELETE FROM sbtest8 WHERE id=5146511
	Delete on sbtest8  (cost=0.43..8.45 rows=0 width=0)
	  ->  Index Scan using sbtest8_pkey on sbtest8  (cost=0.43..8.45 rows=1 width=6)
	        Index Cond: (id = 5146511)

for inserts
table 1 : explain INSERT INTO sbtest1 (id, k, c, pad) VALUES (3380096, 13, 'foobar', 'foobar')
	Insert on sbtest1  (cost=0.00..0.01 rows=0 width=0)
	  ->  Result  (cost=0.00..0.01 rows=1 width=736)

table 2 : explain INSERT INTO sbtest2 (id, k, c, pad) VALUES (4232301, 13, 'foobar', 'foobar')
	Insert on sbtest2  (cost=0.00..0.01 rows=0 width=0)
	  ->  Result  (cost=0.00..0.01 rows=1 width=736)

table 3 : explain INSERT INTO sbtest3 (id, k, c, pad) VALUES (2598425, 13, 'foobar', 'foobar')
	Insert on sbtest3  (cost=0.00..0.01 rows=0 width=0)
	  ->  Result  (cost=0.00..0.01 rows=1 width=736)

table 4 : explain INSERT INTO sbtest4 (id, k, c, pad) VALUES (7141112, 13, 'foobar', 'foobar')
	Insert on sbtest4  (cost=0.00..0.01 rows=0 width=0)
	  ->  Result  (cost=0.00..0.01 rows=1 width=736)

table 5 : explain INSERT INTO sbtest5 (id, k, c, pad) VALUES (2217182, 13, 'foobar', 'foobar')
	Insert on sbtest5  (cost=0.00..0.01 rows=0 width=0)
	  ->  Result  (cost=0.00..0.01 rows=1 width=736)

table 6 : explain INSERT INTO sbtest6 (id, k, c, pad) VALUES (7489262, 13, 'foobar', 'foobar')
	Insert on sbtest6  (cost=0.00..0.01 rows=0 width=0)
	  ->  Result  (cost=0.00..0.01 rows=1 width=736)

table 7 : explain INSERT INTO sbtest7 (id, k, c, pad) VALUES (2214670, 13, 'foobar', 'foobar')
	Insert on sbtest7  (cost=0.00..0.01 rows=0 width=0)
	  ->  Result  (cost=0.00..0.01 rows=1 width=736)

table 8 : explain INSERT INTO sbtest8 (id, k, c, pad) VALUES (8493772, 13, 'foobar', 'foobar')
	Insert on sbtest8  (cost=0.00..0.01 rows=0 width=0)
	  ->  Result  (cost=0.00..0.01 rows=1 width=736)

for index_updates
table 1 : explain UPDATE sbtest1 SET k=k+1 WHERE id=87359
	Update on sbtest1  (cost=0.43..8.46 rows=0 width=0)
	  ->  Index Scan using sbtest1_pkey on sbtest1  (cost=0.43..8.46 rows=1 width=10)
	        Index Cond: (id = 87359)

table 2 : explain UPDATE sbtest2 SET k=k+1 WHERE id=6777389
	Update on sbtest2  (cost=0.43..8.46 rows=0 width=0)
	  ->  Index Scan using sbtest2_pkey on sbtest2  (cost=0.43..8.46 rows=1 width=10)
	        Index Cond: (id = 6777389)

table 3 : explain UPDATE sbtest3 SET k=k+1 WHERE id=176833
	Update on sbtest3  (cost=0.43..8.46 rows=0 width=0)
	  ->  Index Scan using sbtest3_pkey on sbtest3  (cost=0.43..8.46 rows=1 width=10)
	        Index Cond: (id = 176833)

table 4 : explain UPDATE sbtest4 SET k=k+1 WHERE id=72751
	Update on sbtest4  (cost=0.43..8.46 rows=0 width=0)
	  ->  Index Scan using sbtest4_pkey on sbtest4  (cost=0.43..8.46 rows=1 width=10)
	        Index Cond: (id = 72751)

table 5 : explain UPDATE sbtest5 SET k=k+1 WHERE id=7074075
	Update on sbtest5  (cost=0.43..8.46 rows=0 width=0)
	  ->  Index Scan using sbtest5_pkey on sbtest5  (cost=0.43..8.46 rows=1 width=10)
	        Index Cond: (id = 7074075)

table 6 : explain UPDATE sbtest6 SET k=k+1 WHERE id=2250613
	Update on sbtest6  (cost=0.43..8.46 rows=0 width=0)
	  ->  Index Scan using sbtest6_pkey on sbtest6  (cost=0.43..8.46 rows=1 width=10)
	        Index Cond: (id = 2250613)

table 7 : explain UPDATE sbtest7 SET k=k+1 WHERE id=7999159
	Update on sbtest7  (cost=0.43..8.46 rows=0 width=0)
	  ->  Index Scan using sbtest7_pkey on sbtest7  (cost=0.43..8.46 rows=1 width=10)
	        Index Cond: (id = 7999159)

table 8 : explain UPDATE sbtest8 SET k=k+1 WHERE id=9521989
	Update on sbtest8  (cost=0.43..8.46 rows=0 width=0)
	  ->  Index Scan using sbtest8_pkey on sbtest8  (cost=0.43..8.46 rows=1 width=10)
	        Index Cond: (id = 9521989)

for: order_ranges
table 1 : explain SELECT c FROM sbtest1 WHERE id BETWEEN 9985691 AND 9985790 ORDER BY c
	Sort  (cost=380.70..380.94 rows=98 width=121)
	  Sort Key: c
	  ->  Index Scan using sbtest1_pkey on sbtest1  (cost=0.43..377.46 rows=98 width=121)
	        Index Cond: ((id >= 9985691) AND (id <= 9985790))

table 2 : explain SELECT c FROM sbtest2 WHERE id BETWEEN 1163682 AND 1163781 ORDER BY c
	Sort  (cost=387.85..388.10 rows=100 width=121)
	  Sort Key: c
	  ->  Index Scan using sbtest2_pkey on sbtest2  (cost=0.43..384.53 rows=100 width=121)
	        Index Cond: ((id >= 1163682) AND (id <= 1163781))

table 3 : explain SELECT c FROM sbtest3 WHERE id BETWEEN 2369524 AND 2369623 ORDER BY c
	Sort  (cost=397.89..398.15 rows=103 width=121)
	  Sort Key: c
	  ->  Index Scan using sbtest3_pkey on sbtest3  (cost=0.43..394.45 rows=103 width=121)
	        Index Cond: ((id >= 2369524) AND (id <= 2369623))

table 4 : explain SELECT c FROM sbtest4 WHERE id BETWEEN 8227902 AND 8228001 ORDER BY c
	Sort  (cost=376.21..376.45 rows=97 width=121)
	  Sort Key: c
	  ->  Index Scan using sbtest4_pkey on sbtest4  (cost=0.43..373.01 rows=97 width=121)
	        Index Cond: ((id >= 8227902) AND (id <= 8228001))

table 5 : explain SELECT c FROM sbtest5 WHERE id BETWEEN 2485485 AND 2485584 ORDER BY c
	Sort  (cost=377.55..377.79 rows=97 width=121)
	  Sort Key: c
	  ->  Index Scan using sbtest5_pkey on sbtest5  (cost=0.43..374.35 rows=97 width=121)
	        Index Cond: ((id >= 2485485) AND (id <= 2485584))

table 6 : explain SELECT c FROM sbtest6 WHERE id BETWEEN 8602031 AND 8602130 ORDER BY c
	Sort  (cost=394.93..395.18 rows=102 width=121)
	  Sort Key: c
	  ->  Index Scan using sbtest6_pkey on sbtest6  (cost=0.43..391.52 rows=102 width=121)
	        Index Cond: ((id >= 8602031) AND (id <= 8602130))

table 7 : explain SELECT c FROM sbtest7 WHERE id BETWEEN 5103093 AND 5103192 ORDER BY c
	Sort  (cost=422.64..422.91 rows=109 width=121)
	  Sort Key: c
	  ->  Index Scan using sbtest7_pkey on sbtest7  (cost=0.43..418.95 rows=109 width=121)
	        Index Cond: ((id >= 5103093) AND (id <= 5103192))

table 8 : explain SELECT c FROM sbtest8 WHERE id BETWEEN 8919023 AND 8919122 ORDER BY c
	Sort  (cost=381.98..382.23 rows=98 width=121)
	  Sort Key: c
	  ->  Index Scan using sbtest8_pkey on sbtest8  (cost=0.43..378.74 rows=98 width=121)
	        Index Cond: ((id >= 8919023) AND (id <= 8919122))

explain: for non_index_updates :: explain UPDATE sbtest%u SET c='foobar' WHERE id=%uexplain: for non_index_updates :: explain UPDATE sbtest%u SET c='foobar' WHERE id=%u

explain: for point_selects :: explain SELECT c FROM sbtest%u WHERE id=%u
explain: for point_selects :: explain SELECT c FROM sbtest%u WHERE id=%u
for: simple_ranges
table 1 : explain SELECT c FROM sbtest1 WHERE id BETWEEN 916472 AND 916571
	Index Scan using sbtest1_pkey on sbtest1  (cost=0.43..400.33 rows=104 width=121)
	  Index Cond: ((id >= 916472) AND (id <= 916571))

table 2 : explain SELECT c FROM sbtest2 WHERE id BETWEEN 6297716 AND 6297815
	Index Scan using sbtest2_pkey on sbtest2  (cost=0.43..338.91 rows=88 width=121)
	  Index Cond: ((id >= 6297716) AND (id <= 6297815))

table 3 : explain SELECT c FROM sbtest3 WHERE id BETWEEN 9316324 AND 9316423
	Index Scan using sbtest3_pkey on sbtest3  (cost=0.43..386.88 rows=101 width=121)
	  Index Cond: ((id >= 9316324) AND (id <= 9316423))

table 4 : explain SELECT c FROM sbtest4 WHERE id BETWEEN 2069223 AND 2069322
	Index Scan using sbtest4_pkey on sbtest4  (cost=0.43..376.80 rows=98 width=121)
	  Index Cond: ((id >= 2069223) AND (id <= 2069322))

table 5 : explain SELECT c FROM sbtest5 WHERE id BETWEEN 385967 AND 386066
	Index Scan using sbtest5_pkey on sbtest5  (cost=0.43..381.97 rows=99 width=121)
	  Index Cond: ((id >= 385967) AND (id <= 386066))

table 6 : explain SELECT c FROM sbtest6 WHERE id BETWEEN 5899979 AND 5900078
	Index Scan using sbtest6_pkey on sbtest6  (cost=0.43..357.35 rows=93 width=121)
	  Index Cond: ((id >= 5899979) AND (id <= 5900078))

table 7 : explain SELECT c FROM sbtest7 WHERE id BETWEEN 8142437 AND 8142536
	Index Scan using sbtest7_pkey on sbtest7  (cost=0.43..422.75 rows=110 width=121)
	  Index Cond: ((id >= 8142437) AND (id <= 8142536))

table 8 : explain SELECT c FROM sbtest8 WHERE id BETWEEN 156087 AND 156186
	Index Scan using sbtest8_pkey on sbtest8  (cost=0.43..413.14 rows=107 width=121)
	  Index Cond: ((id >= 156087) AND (id <= 156186))

for: order_ranges
table 1 : explain SELECT c FROM sbtest1 WHERE id BETWEEN 873233 AND 873332 ORDER BY c
	Sort  (cost=396.13..396.38 rows=102 width=121)
	  Sort Key: c
	  ->  Index Scan using sbtest1_pkey on sbtest1  (cost=0.43..392.72 rows=102 width=121)
	        Index Cond: ((id >= 873233) AND (id <= 873332))

table 2 : explain SELECT c FROM sbtest2 WHERE id BETWEEN 5687882 AND 5687981 ORDER BY c
	Sort  (cost=368.61..368.85 rows=95 width=121)
	  Sort Key: c
	  ->  Index Scan using sbtest2_pkey on sbtest2  (cost=0.43..365.49 rows=95 width=121)
	        Index Cond: ((id >= 5687882) AND (id <= 5687981))

table 3 : explain SELECT c FROM sbtest3 WHERE id BETWEEN 9943077 AND 9943176 ORDER BY c
	Sort  (cost=367.25..367.49 rows=95 width=121)
	  Sort Key: c
	  ->  Index Scan using sbtest3_pkey on sbtest3  (cost=0.43..364.13 rows=95 width=121)
	        Index Cond: ((id >= 9943077) AND (id <= 9943176))

table 4 : explain SELECT c FROM sbtest4 WHERE id BETWEEN 461650 AND 461749 ORDER BY c
	Sort  (cost=383.88..384.13 rows=99 width=121)
	  Sort Key: c
	  ->  Index Scan using sbtest4_pkey on sbtest4  (cost=0.43..380.60 rows=99 width=121)
	        Index Cond: ((id >= 461650) AND (id <= 461749))

table 5 : explain SELECT c FROM sbtest5 WHERE id BETWEEN 9530814 AND 9530913 ORDER BY c
	Sort  (cost=396.80..397.05 rows=102 width=121)
	  Sort Key: c
	  ->  Index Scan using sbtest5_pkey on sbtest5  (cost=0.43..393.40 rows=102 width=121)
	        Index Cond: ((id >= 9530814) AND (id <= 9530913))

table 6 : explain SELECT c FROM sbtest6 WHERE id BETWEEN 6735402 AND 6735501 ORDER BY c
	Sort  (cost=356.56..356.79 rows=92 width=121)
	  Sort Key: c
	  ->  Index Scan using sbtest6_pkey on sbtest6  (cost=0.43..353.56 rows=92 width=121)
	        Index Cond: ((id >= 6735402) AND (id <= 6735501))

table 7 : explain SELECT c FROM sbtest7 WHERE id BETWEEN 6574857 AND 6574956 ORDER BY c
	Sort  (cost=372.67..372.91 rows=96 width=121)
	  Sort Key: c
	  ->  Index Scan using sbtest7_pkey on sbtest7  (cost=0.43..369.51 rows=96 width=121)
	        Index Cond: ((id >= 6574857) AND (id <= 6574956))

table 8 : explain SELECT c FROM sbtest8 WHERE id BETWEEN 3374472 AND 3374571 ORDER BY c
	Sort  (cost=397.46..397.72 rows=102 width=121)
	  Sort Key: c
	  ->  Index Scan using sbtest8_pkey on sbtest8  (cost=0.43..394.06 rows=102 width=121)
	        Index Cond: ((id >= 3374472) AND (id <= 3374571))

explain: for inserts :: explain INSERT INTO sbtest%u (id, k, c, pad) VALUES (%u, 13, 'foobar', 'foobar')
explain: for non_index_updates :: explain UPDATE sbtest%u SET c='foobar' WHERE id=%u
for: sum_ranges
table 1 : explain SELECT SUM(k) FROM sbtest1 WHERE id BETWEEN 6674052 AND 6674151
	Aggregate  (cost=404.40..404.41 rows=1 width=8)
	  ->  Index Scan using sbtest1_pkey on sbtest1  (cost=0.43..404.13 rows=105 width=4)
	        Index Cond: ((id >= 6674052) AND (id <= 6674151))

table 2 : explain SELECT SUM(k) FROM sbtest2 WHERE id BETWEEN 2572938 AND 2573037
	Aggregate  (cost=399.98..399.99 rows=1 width=8)
	  ->  Index Scan using sbtest2_pkey on sbtest2  (cost=0.43..399.72 rows=104 width=4)
	        Index Cond: ((id >= 2572938) AND (id <= 2573037))

table 3 : explain SELECT SUM(k) FROM sbtest3 WHERE id BETWEEN 3324016 AND 3324115
	Aggregate  (cost=402.28..402.29 rows=1 width=8)
	  ->  Index Scan using sbtest3_pkey on sbtest3  (cost=0.43..402.01 rows=105 width=4)
	        Index Cond: ((id >= 3324016) AND (id <= 3324115))

table 4 : explain SELECT SUM(k) FROM sbtest4 WHERE id BETWEEN 7327092 AND 7327191
	Aggregate  (cost=411.23..411.24 rows=1 width=8)
	  ->  Index Scan using sbtest4_pkey on sbtest4  (cost=0.43..410.96 rows=107 width=4)
	        Index Cond: ((id >= 7327092) AND (id <= 7327191))

table 5 : explain SELECT SUM(k) FROM sbtest5 WHERE id BETWEEN 2843900 AND 2843999
	Aggregate  (cost=389.84..389.85 rows=1 width=8)
	  ->  Index Scan using sbtest5_pkey on sbtest5  (cost=0.43..389.59 rows=101 width=4)
	        Index Cond: ((id >= 2843900) AND (id <= 2843999))

table 6 : explain SELECT SUM(k) FROM sbtest6 WHERE id BETWEEN 7944154 AND 7944253
	Aggregate  (cost=387.98..387.99 rows=1 width=8)
	  ->  Index Scan using sbtest6_pkey on sbtest6  (cost=0.43..387.73 rows=101 width=4)
	        Index Cond: ((id >= 7944154) AND (id <= 7944253))

table 7 : explain SELECT SUM(k) FROM sbtest7 WHERE id BETWEEN 4457042 AND 4457141
	Aggregate  (cost=358.34..358.35 rows=1 width=8)
	  ->  Index Scan using sbtest7_pkey on sbtest7  (cost=0.43..358.11 rows=93 width=4)
	        Index Cond: ((id >= 4457042) AND (id <= 4457141))

table 8 : explain SELECT SUM(k) FROM sbtest8 WHERE id BETWEEN 4760117 AND 4760216
	Aggregate  (cost=401.95..401.96 rows=1 width=8)
	  ->  Index Scan using sbtest8_pkey on sbtest8  (cost=0.43..401.69 rows=104 width=4)
	        Index Cond: ((id >= 4760117) AND (id <= 4760216))

for non_index_updates
table 1 : explain UPDATE sbtest1 SET c='foobar' WHERE id=3141029
	Update on sbtest1  (cost=0.43..8.45 rows=0 width=0)
	  ->  Index Scan using sbtest1_pkey on sbtest1  (cost=0.43..8.45 rows=1 width=490)
	        Index Cond: (id = 3141029)

table 2 : explain UPDATE sbtest2 SET c='foobar' WHERE id=5690934
	Update on sbtest2  (cost=0.43..8.45 rows=0 width=0)
	  ->  Index Scan using sbtest2_pkey on sbtest2  (cost=0.43..8.45 rows=1 width=490)
	        Index Cond: (id = 5690934)

table 3 : explain UPDATE sbtest3 SET c='foobar' WHERE id=9309188
	Update on sbtest3  (cost=0.43..8.45 rows=0 width=0)
	  ->  Index Scan using sbtest3_pkey on sbtest3  (cost=0.43..8.45 rows=1 width=490)
	        Index Cond: (id = 9309188)

table 4 : explain UPDATE sbtest4 SET c='foobar' WHERE id=2934318
	Update on sbtest4  (cost=0.43..8.45 rows=0 width=0)
	  ->  Index Scan using sbtest4_pkey on sbtest4  (cost=0.43..8.45 rows=1 width=490)
	        Index Cond: (id = 2934318)

table 5 : explain UPDATE sbtest5 SET c='foobar' WHERE id=9865731
	Update on sbtest5  (cost=0.43..8.45 rows=0 width=0)
	  ->  Index Scan using sbtest5_pkey on sbtest5  (cost=0.43..8.45 rows=1 width=490)
	        Index Cond: (id = 9865731)

table 6 : explain UPDATE sbtest6 SET c='foobar' WHERE id=7899629
	Update on sbtest6  (cost=0.43..8.45 rows=0 width=0)
	  ->  Index Scan using sbtest6_pkey on sbtest6  (cost=0.43..8.45 rows=1 width=490)
	        Index Cond: (id = 7899629)

table 7 : explain UPDATE sbtest7 SET c='foobar' WHERE id=8929415
	Update on sbtest7  (cost=0.43..8.45 rows=0 width=0)
	  ->  Index Scan using sbtest7_pkey on sbtest7  (cost=0.43..8.45 rows=1 width=490)
	        Index Cond: (id = 8929415)

table 8 : explain UPDATE sbtest8 SET c='foobar' WHERE id=9853862
	Update on sbtest8  (cost=0.43..8.45 rows=0 width=0)
	  ->  Index Scan using sbtest8_pkey on sbtest8  (cost=0.43..8.45 rows=1 width=490)
	        Index Cond: (id = 9853862)

for non_index_updates
table 1 : explain UPDATE sbtest1 SET c='foobar' WHERE id=6269280
	Update on sbtest1  (cost=0.43..8.45 rows=0 width=0)
	  ->  Index Scan using sbtest1_pkey on sbtest1  (cost=0.43..8.45 rows=1 width=490)
	        Index Cond: (id = 6269280)

table 2 : explain UPDATE sbtest2 SET c='foobar' WHERE id=2500600
	Update on sbtest2  (cost=0.43..8.45 rows=0 width=0)
	  ->  Index Scan using sbtest2_pkey on sbtest2  (cost=0.43..8.45 rows=1 width=490)
	        Index Cond: (id = 2500600)

table 3 : explain UPDATE sbtest3 SET c='foobar' WHERE id=9599038
	Update on sbtest3  (cost=0.43..8.45 rows=0 width=0)
	  ->  Index Scan using sbtest3_pkey on sbtest3  (cost=0.43..8.45 rows=1 width=490)
	        Index Cond: (id = 9599038)

table 4 : explain UPDATE sbtest4 SET c='foobar' WHERE id=7375425
	Update on sbtest4  (cost=0.43..8.45 rows=0 width=0)
	  ->  Index Scan using sbtest4_pkey on sbtest4  (cost=0.43..8.45 rows=1 width=490)
	        Index Cond: (id = 7375425)

table 5 : explain UPDATE sbtest5 SET c='foobar' WHERE id=5069410
	Update on sbtest5  (cost=0.43..8.45 rows=0 width=0)
	  ->  Index Scan using sbtest5_pkey on sbtest5  (cost=0.43..8.45 rows=1 width=490)
	        Index Cond: (id = 5069410)

table 6 : explain UPDATE sbtest6 SET c='foobar' WHERE id=5938754
	Update on sbtest6  (cost=0.43..8.45 rows=0 width=0)
	  ->  Index Scan using sbtest6_pkey on sbtest6  (cost=0.43..8.45 rows=1 width=490)
	        Index Cond: (id = 5938754)

table 7 : explain UPDATE sbtest7 SET c='foobar' WHERE id=1165625
	Update on sbtest7  (cost=0.43..8.45 rows=0 width=0)
	  ->  Index Scan using sbtest7_pkey on sbtest7  (cost=0.43..8.45 rows=1 width=490)
	        Index Cond: (id = 1165625)

table 8 : explain UPDATE sbtest8 SET c='foobar' WHERE id=1054805
	Update on sbtest8  (cost=0.43..8.45 rows=0 width=0)
	  ->  Index Scan using sbtest8_pkey on sbtest8  (cost=0.43..8.45 rows=1 width=490)
	        Index Cond: (id = 1054805)

for: distinct_ranges
table 1 : explain SELECT DISTINCT c FROM sbtest1 WHERE id BETWEEN 2177088 AND 2177187 ORDER BY c
	Unique  (cost=407.66..408.18 rows=105 width=121)
	  ->  Sort  (cost=407.66..407.92 rows=105 width=121)
	        Sort Key: c
	        ->  Index Scan using sbtest1_pkey on sbtest1  (cost=0.43..404.13 rows=105 width=121)
	              Index Cond: ((id >= 2177088) AND (id <= 2177187))

table 2 : explain SELECT DISTINCT c FROM sbtest2 WHERE id BETWEEN 3306087 AND 3306186 ORDER BY c
	Unique  (cost=387.85..388.35 rows=100 width=121)
	  ->  Sort  (cost=387.85..388.10 rows=100 width=121)
	        Sort Key: c
	        ->  Index Scan using sbtest2_pkey on sbtest2  (cost=0.43..384.53 rows=100 width=121)
	              Index Cond: ((id >= 3306087) AND (id <= 3306186))

table 3 : explain SELECT DISTINCT c FROM sbtest3 WHERE id BETWEEN 4020973 AND 4021072 ORDER BY c
	Unique  (cost=363.43..363.90 rows=94 width=121)
	  ->  Sort  (cost=363.43..363.66 rows=94 width=121)
	        Sort Key: c
	        ->  Index Scan using sbtest3_pkey on sbtest3  (cost=0.43..360.35 rows=94 width=121)
	              Index Cond: ((id >= 4020973) AND (id <= 4021072))

table 4 : explain SELECT DISTINCT c FROM sbtest4 WHERE id BETWEEN 2007517 AND 2007616 ORDER BY c
	Unique  (cost=380.04..380.53 rows=98 width=121)
	  ->  Sort  (cost=380.04..380.29 rows=98 width=121)
	        Sort Key: c
	        ->  Index Scan using sbtest4_pkey on sbtest4  (cost=0.43..376.80 rows=98 width=121)
	              Index Cond: ((id >= 2007517) AND (id <= 2007616))

table 5 : explain SELECT DISTINCT c FROM sbtest5 WHERE id BETWEEN 789943 AND 790042 ORDER BY c
	Unique  (cost=392.95..393.45 rows=101 width=121)
	  ->  Sort  (cost=392.95..393.20 rows=101 width=121)
	        Sort Key: c
	        ->  Index Scan using sbtest5_pkey on sbtest5  (cost=0.43..389.59 rows=101 width=121)
	              Index Cond: ((id >= 789943) AND (id <= 790042))

table 6 : explain SELECT DISTINCT c FROM sbtest6 WHERE id BETWEEN 1016068 AND 1016167 ORDER BY c
	Unique  (cost=398.76..399.27 rows=103 width=121)
	  ->  Sort  (cost=398.76..399.02 rows=103 width=121)
	        Sort Key: c
	        ->  Index Scan using sbtest6_pkey on sbtest6  (cost=0.43..395.31 rows=103 width=121)
	              Index Cond: ((id >= 1016068) AND (id <= 1016167))

table 7 : explain SELECT DISTINCT c FROM sbtest7 WHERE id BETWEEN 6168993 AND 6169092 ORDER BY c
	Unique  (cost=395.76..396.27 rows=102 width=121)
	  ->  Sort  (cost=395.76..396.02 rows=102 width=121)
	        Sort Key: c
	        ->  Index Scan using sbtest7_pkey on sbtest7  (cost=0.43..392.36 rows=102 width=121)
	              Index Cond: ((id >= 6168993) AND (id <= 6169092))

table 8 : explain SELECT DISTINCT c FROM sbtest8 WHERE id BETWEEN 3977348 AND 3977447 ORDER BY c
	Unique  (cost=381.98..382.47 rows=98 width=121)
	  ->  Sort  (cost=381.98..382.23 rows=98 width=121)
	        Sort Key: c
	        ->  Index Scan using sbtest8_pkey on sbtest8  (cost=0.43..378.74 rows=98 width=121)
	              Index Cond: ((id >= 3977348) AND (id <= 3977447))

explain: for deletes :: explain DELETE FROM sbtest%u WHERE id=%u
explain: for deletes :: explain DELETE FROM sbtest%u WHERE id=%u
for non_index_updates
table 1 : explain UPDATE sbtest1 SET c='foobar' WHERE id=8217200
	Update on sbtest1  (cost=0.43..8.45 rows=0 width=0)
	  ->  Index Scan using sbtest1_pkey on sbtest1  (cost=0.43..8.45 rows=1 width=490)
	        Index Cond: (id = 8217200)

table 2 : explain UPDATE sbtest2 SET c='foobar' WHERE id=7047847
	Update on sbtest2  (cost=0.43..8.45 rows=0 width=0)
	  ->  Index Scan using sbtest2_pkey on sbtest2  (cost=0.43..8.45 rows=1 width=490)
	        Index Cond: (id = 7047847)

table 3 : explain UPDATE sbtest3 SET c='foobar' WHERE id=7450963
	Update on sbtest3  (cost=0.43..8.45 rows=0 width=0)
	  ->  Index Scan using sbtest3_pkey on sbtest3  (cost=0.43..8.45 rows=1 width=490)
	        Index Cond: (id = 7450963)

table 4 : explain UPDATE sbtest4 SET c='foobar' WHERE id=4701796
	Update on sbtest4  (cost=0.43..8.45 rows=0 width=0)
	  ->  Index Scan using sbtest4_pkey on sbtest4  (cost=0.43..8.45 rows=1 width=490)
	        Index Cond: (id = 4701796)

table 5 : explain UPDATE sbtest5 SET c='foobar' WHERE id=8067901
	Update on sbtest5  (cost=0.43..8.45 rows=0 width=0)
	  ->  Index Scan using sbtest5_pkey on sbtest5  (cost=0.43..8.45 rows=1 width=490)
	        Index Cond: (id = 8067901)

table 6 : explain UPDATE sbtest6 SET c='foobar' WHERE id=6998694
	Update on sbtest6  (cost=0.43..8.45 rows=0 width=0)
	  ->  Index Scan using sbtest6_pkey on sbtest6  (cost=0.43..8.45 rows=1 width=490)
	        Index Cond: (id = 6998694)

table 7 : explain UPDATE sbtest7 SET c='foobar' WHERE id=5469502
	Update on sbtest7  (cost=0.43..8.45 rows=0 width=0)
	  ->  Index Scan using sbtest7_pkey on sbtest7  (cost=0.43..8.45 rows=1 width=490)
	        Index Cond: (id = 5469502)

table 8 : explain UPDATE sbtest8 SET c='foobar' WHERE id=8394973
	Update on sbtest8  (cost=0.43..8.45 rows=0 width=0)
	  ->  Index Scan using sbtest8_pkey on sbtest8  (cost=0.43..8.45 rows=1 width=490)
	        Index Cond: (id = 8394973)

explain: for point_selects :: explain SELECT c FROM sbtest%u WHERE id=%u
for: distinct_ranges
table 1 : explain SELECT DISTINCT c FROM sbtest1 WHERE id BETWEEN 7834807 AND 7834906 ORDER BY c
	Unique  (cost=415.35..415.88 rows=107 width=121)
	  ->  Sort  (cost=415.35..415.61 rows=107 width=121)
	        Sort Key: c
	        ->  Index Scan using sbtest1_pkey on sbtest1  (cost=0.43..411.74 rows=107 width=121)
	              Index Cond: ((id >= 7834807) AND (id <= 7834906))

table 2 : explain SELECT DISTINCT c FROM sbtest2 WHERE id BETWEEN 3830793 AND 3830892 ORDER BY c
	Unique  (cost=391.69..392.20 rows=101 width=121)
	  ->  Sort  (cost=391.69..391.94 rows=101 width=121)
	        Sort Key: c
	        ->  Index Scan using sbtest2_pkey on sbtest2  (cost=0.43..388.33 rows=101 width=121)
	              Index Cond: ((id >= 3830793) AND (id <= 3830892))

table 3 : explain SELECT DISTINCT c FROM sbtest3 WHERE id BETWEEN 5594824 AND 5594923 ORDER BY c
	Unique  (cost=351.96..352.42 rows=91 width=121)
	  ->  Sort  (cost=351.96..352.19 rows=91 width=121)
	        Sort Key: c
	        ->  Index Scan using sbtest3_pkey on sbtest3  (cost=0.43..349.00 rows=91 width=121)
	              Index Cond: ((id >= 5594824) AND (id <= 5594923))

table 4 : explain SELECT DISTINCT c FROM sbtest4 WHERE id BETWEEN 201091 AND 201190 ORDER BY c
	Unique  (cost=395.39..395.90 rows=102 width=121)
	  ->  Sort  (cost=395.39..395.64 rows=102 width=121)
	        Sort Key: c
	        ->  Index Scan using sbtest4_pkey on sbtest4  (cost=0.43..391.98 rows=102 width=121)
	              Index Cond: ((id >= 201091) AND (id <= 201190))

table 5 : explain SELECT DISTINCT c FROM sbtest5 WHERE id BETWEEN 4137396 AND 4137495 ORDER BY c
	Unique  (cost=396.80..397.31 rows=102 width=121)
	  ->  Sort  (cost=396.80..397.05 rows=102 width=121)
	        Sort Key: c
	        ->  Index Scan using sbtest5_pkey on sbtest5  (cost=0.43..393.40 rows=102 width=121)
	              Index Cond: ((id >= 4137396) AND (id <= 4137495))

table 6 : explain SELECT DISTINCT c FROM sbtest6 WHERE id BETWEEN 3988012 AND 3988111 ORDER BY c
	Unique  (cost=391.09..391.60 rows=101 width=121)
	  ->  Sort  (cost=391.09..391.35 rows=101 width=121)
	        Sort Key: c
	        ->  Index Scan using sbtest6_pkey on sbtest6  (cost=0.43..387.73 rows=101 width=121)
	              Index Cond: ((id >= 3988012) AND (id <= 3988111))

table 7 : explain SELECT DISTINCT c FROM sbtest7 WHERE id BETWEEN 5080929 AND 5081028 ORDER BY c
	Unique  (cost=422.64..423.19 rows=109 width=121)
	  ->  Sort  (cost=422.64..422.91 rows=109 width=121)
	        Sort Key: c
	        ->  Index Scan using sbtest7_pkey on sbtest7  (cost=0.43..418.95 rows=109 width=121)
	              Index Cond: ((id >= 5080929) AND (id <= 5081028))

table 8 : explain SELECT DISTINCT c FROM sbtest8 WHERE id BETWEEN 3268340 AND 3268439 ORDER BY c
	Unique  (cost=401.32..401.83 rows=103 width=121)
	  ->  Sort  (cost=401.32..401.58 rows=103 width=121)
	        Sort Key: c
	        ->  Index Scan using sbtest8_pkey on sbtest8  (cost=0.43..397.87 rows=103 width=121)
	              Index Cond: ((id >= 3268340) AND (id <= 3268439))

explain: for index_updates :: explain UPDATE sbtest%u SET k=k+1 WHERE id=%u
explain: for deletes :: explain DELETE FROM sbtest%u WHERE id=%u
for inserts
table 1 : explain INSERT INTO sbtest1 (id, k, c, pad) VALUES (3450730, 13, 'foobar', 'foobar')
	Insert on sbtest1  (cost=0.00..0.01 rows=0 width=0)
	  ->  Result  (cost=0.00..0.01 rows=1 width=736)

table 2 : explain INSERT INTO sbtest2 (id, k, c, pad) VALUES (4262078, 13, 'foobar', 'foobar')
	Insert on sbtest2  (cost=0.00..0.01 rows=0 width=0)
	  ->  Result  (cost=0.00..0.01 rows=1 width=736)

table 3 : explain INSERT INTO sbtest3 (id, k, c, pad) VALUES (1684933, 13, 'foobar', 'foobar')
	Insert on sbtest3  (cost=0.00..0.01 rows=0 width=0)
	  ->  Result  (cost=0.00..0.01 rows=1 width=736)

table 4 : explain INSERT INTO sbtest4 (id, k, c, pad) VALUES (2404363, 13, 'foobar', 'foobar')
	Insert on sbtest4  (cost=0.00..0.01 rows=0 width=0)
	  ->  Result  (cost=0.00..0.01 rows=1 width=736)

table 5 : explain INSERT INTO sbtest5 (id, k, c, pad) VALUES (941422, 13, 'foobar', 'foobar')
	Insert on sbtest5  (cost=0.00..0.01 rows=0 width=0)
	  ->  Result  (cost=0.00..0.01 rows=1 width=736)

table 6 : explain INSERT INTO sbtest6 (id, k, c, pad) VALUES (9160929, 13, 'foobar', 'foobar')
	Insert on sbtest6  (cost=0.00..0.01 rows=0 width=0)
	  ->  Result  (cost=0.00..0.01 rows=1 width=736)

table 7 : explain INSERT INTO sbtest7 (id, k, c, pad) VALUES (4430469, 13, 'foobar', 'foobar')
	Insert on sbtest7  (cost=0.00..0.01 rows=0 width=0)
	  ->  Result  (cost=0.00..0.01 rows=1 width=736)

table 8 : explain INSERT INTO sbtest8 (id, k, c, pad) VALUES (7427804, 13, 'foobar', 'foobar')
	Insert on sbtest8  (cost=0.00..0.01 rows=0 width=0)
	  ->  Result  (cost=0.00..0.01 rows=1 width=736)

for deletes
table 1 : explain DELETE FROM sbtest1 WHERE id=8433834
	Delete on sbtest1  (cost=0.43..8.45 rows=0 width=0)
	  ->  Index Scan using sbtest1_pkey on sbtest1  (cost=0.43..8.45 rows=1 width=6)
	        Index Cond: (id = 8433834)

table 2 : explain DELETE FROM sbtest2 WHERE id=2723778
	Delete on sbtest2  (cost=0.43..8.45 rows=0 width=0)
	  ->  Index Scan using sbtest2_pkey on sbtest2  (cost=0.43..8.45 rows=1 width=6)
	        Index Cond: (id = 2723778)

table 3 : explain DELETE FROM sbtest3 WHERE id=6654048
	Delete on sbtest3  (cost=0.43..8.45 rows=0 width=0)
	  ->  Index Scan using sbtest3_pkey on sbtest3  (cost=0.43..8.45 rows=1 width=6)
	        Index Cond: (id = 6654048)

table 4 : explain DELETE FROM sbtest4 WHERE id=9860040
	Delete on sbtest4  (cost=0.43..8.45 rows=0 width=0)
	  ->  Index Scan using sbtest4_pkey on sbtest4  (cost=0.43..8.45 rows=1 width=6)
	        Index Cond: (id = 9860040)

table 5 : explain DELETE FROM sbtest5 WHERE id=8875645
	Delete on sbtest5  (cost=0.43..8.45 rows=0 width=0)
	  ->  Index Scan using sbtest5_pkey on sbtest5  (cost=0.43..8.45 rows=1 width=6)
	        Index Cond: (id = 8875645)

table 6 : explain DELETE FROM sbtest6 WHERE id=5215087
	Delete on sbtest6  (cost=0.43..8.45 rows=0 width=0)
	  ->  Index Scan using sbtest6_pkey on sbtest6  (cost=0.43..8.45 rows=1 width=6)
	        Index Cond: (id = 5215087)

table 7 : explain DELETE FROM sbtest7 WHERE id=2290386
	Delete on sbtest7  (cost=0.43..8.45 rows=0 width=0)
	  ->  Index Scan using sbtest7_pkey on sbtest7  (cost=0.43..8.45 rows=1 width=6)
	        Index Cond: (id = 2290386)

table 8 : explain DELETE FROM sbtest8 WHERE id=2503831
	Delete on sbtest8  (cost=0.43..8.45 rows=0 width=0)
	  ->  Index Scan using sbtest8_pkey on sbtest8  (cost=0.43..8.45 rows=1 width=6)
	        Index Cond: (id = 2503831)

for: sum_ranges
table 1 : explain SELECT SUM(k) FROM sbtest1 WHERE id BETWEEN 975186 AND 975285
	Aggregate  (cost=385.37..385.38 rows=1 width=8)
	  ->  Index Scan using sbtest1_pkey on sbtest1  (cost=0.43..385.12 rows=100 width=4)
	        Index Cond: ((id >= 975186) AND (id <= 975285))

table 2 : explain SELECT SUM(k) FROM sbtest2 WHERE id BETWEEN 1071987 AND 1072086
	Aggregate  (cost=384.78..384.79 rows=1 width=8)
	  ->  Index Scan using sbtest2_pkey on sbtest2  (cost=0.43..384.53 rows=100 width=4)
	        Index Cond: ((id >= 1071987) AND (id <= 1072086))

table 3 : explain SELECT SUM(k) FROM sbtest3 WHERE id BETWEEN 8249003 AND 8249102
	Aggregate  (cost=371.94..371.95 rows=1 width=8)
	  ->  Index Scan using sbtest3_pkey on sbtest3  (cost=0.43..371.69 rows=97 width=4)
	        Index Cond: ((id >= 8249003) AND (id <= 8249102))

table 4 : explain SELECT SUM(k) FROM sbtest4 WHERE id BETWEEN 9071810 AND 9071909
	Aggregate  (cost=396.04..396.05 rows=1 width=8)
	  ->  Index Scan using sbtest4_pkey on sbtest4  (cost=0.43..395.78 rows=103 width=4)
	        Index Cond: ((id >= 9071810) AND (id <= 9071909))

table 5 : explain SELECT SUM(k) FROM sbtest5 WHERE id BETWEEN 5091164 AND 5091263
	Aggregate  (cost=370.78..370.79 rows=1 width=8)
	  ->  Index Scan using sbtest5_pkey on sbtest5  (cost=0.43..370.54 rows=96 width=4)
	        Index Cond: ((id >= 5091164) AND (id <= 5091263))

table 6 : explain SELECT SUM(k) FROM sbtest6 WHERE id BETWEEN 7161718 AND 7161817
	Aggregate  (cost=349.99..350.00 rows=1 width=8)
	  ->  Index Scan using sbtest6_pkey on sbtest6  (cost=0.43..349.76 rows=91 width=4)
	        Index Cond: ((id >= 7161718) AND (id <= 7161817))

table 7 : explain SELECT SUM(k) FROM sbtest7 WHERE id BETWEEN 7249006 AND 7249105
	Aggregate  (cost=388.81..388.82 rows=1 width=8)
	  ->  Index Scan using sbtest7_pkey on sbtest7  (cost=0.43..388.56 rows=101 width=4)
	        Index Cond: ((id >= 7249006) AND (id <= 7249105))

table 8 : explain SELECT SUM(k) FROM sbtest8 WHERE id BETWEEN 5261915 AND 5262014
	Aggregate  (cost=375.17..375.18 rows=1 width=8)
	  ->  Index Scan using sbtest8_pkey on sbtest8  (cost=0.43..374.93 rows=97 width=4)
	        Index Cond: ((id >= 5261915) AND (id <= 5262014))

for: distinct_ranges
table 1 : explain SELECT DISTINCT c FROM sbtest1 WHERE id BETWEEN 3545892 AND 3545991 ORDER BY c
	Unique  (cost=388.44..388.94 rows=100 width=121)
	  ->  Sort  (cost=388.44..388.69 rows=100 width=121)
	        Sort Key: c
	        ->  Index Scan using sbtest1_pkey on sbtest1  (cost=0.43..385.12 rows=100 width=121)
	              Index Cond: ((id >= 3545892) AND (id <= 3545991))

table 2 : explain SELECT DISTINCT c FROM sbtest2 WHERE id BETWEEN 5950732 AND 5950831 ORDER BY c
	Unique  (cost=403.20..403.72 rows=104 width=121)
	  ->  Sort  (cost=403.20..403.46 rows=104 width=121)
	        Sort Key: c
	        ->  Index Scan using sbtest2_pkey on sbtest2  (cost=0.43..399.72 rows=104 width=121)
	              Index Cond: ((id >= 5950732) AND (id <= 5950831))

table 3 : explain SELECT DISTINCT c FROM sbtest3 WHERE id BETWEEN 1763648 AND 1763747 ORDER BY c
	Unique  (cost=351.96..352.42 rows=91 width=121)
	  ->  Sort  (cost=351.96..352.19 rows=91 width=121)
	        Sort Key: c
	        ->  Index Scan using sbtest3_pkey on sbtest3  (cost=0.43..349.00 rows=91 width=121)
	              Index Cond: ((id >= 1763648) AND (id <= 1763747))

table 4 : explain SELECT DISTINCT c FROM sbtest4 WHERE id BETWEEN 9587625 AND 9587724 ORDER BY c
	Unique  (cost=387.71..388.21 rows=100 width=121)
	  ->  Sort  (cost=387.71..387.96 rows=100 width=121)
	        Sort Key: c
	        ->  Index Scan using sbtest4_pkey on sbtest4  (cost=0.43..384.39 rows=100 width=121)
	              Index Cond: ((id >= 9587625) AND (id <= 9587724))

table 5 : explain SELECT DISTINCT c FROM sbtest5 WHERE id BETWEEN 5587581 AND 5587680 ORDER BY c
	Unique  (cost=366.00..366.47 rows=94 width=121)
	  ->  Sort  (cost=366.00..366.23 rows=94 width=121)
	        Sort Key: c
	        ->  Index Scan using sbtest5_pkey on sbtest5  (cost=0.43..362.92 rows=94 width=121)
	              Index Cond: ((id >= 5587581) AND (id <= 5587680))

table 6 : explain SELECT DISTINCT c FROM sbtest6 WHERE id BETWEEN 2098445 AND 2098544 ORDER BY c
	Unique  (cost=360.39..360.85 rows=93 width=121)
	  ->  Sort  (cost=360.39..360.62 rows=93 width=121)
	        Sort Key: c
	        ->  Index Scan using sbtest6_pkey on sbtest6  (cost=0.43..357.35 rows=93 width=121)
	              Index Cond: ((id >= 2098445) AND (id <= 2098544))

table 7 : explain SELECT DISTINCT c FROM sbtest7 WHERE id BETWEEN 9622313 AND 9622412 ORDER BY c
	Unique  (cost=407.28..407.81 rows=105 width=121)
	  ->  Sort  (cost=407.28..407.54 rows=105 width=121)
	        Sort Key: c
	        ->  Index Scan using sbtest7_pkey on sbtest7  (cost=0.43..403.76 rows=105 width=121)
	              Index Cond: ((id >= 9622313) AND (id <= 9622412))

table 8 : explain SELECT DISTINCT c FROM sbtest8 WHERE id BETWEEN 6651863 AND 6651962 ORDER BY c
	Unique  (cost=401.32..401.83 rows=103 width=121)
	  ->  Sort  (cost=401.32..401.58 rows=103 width=121)
	        Sort Key: c
	        ->  Index Scan using sbtest8_pkey on sbtest8  (cost=0.43..397.87 rows=103 width=121)
	              Index Cond: ((id >= 6651863) AND (id <= 6651962))

explain: for index_updates :: explain UPDATE sbtest%u SET k=k+1 WHERE id=%u
for: order_ranges
table 1 : explain SELECT c FROM sbtest1 WHERE id BETWEEN 6779035 AND 6779134 ORDER BY c
	Sort  (cost=373.01..373.25 rows=96 width=121)
	  Sort Key: c
	  ->  Index Scan using sbtest1_pkey on sbtest1  (cost=0.43..369.85 rows=96 width=121)
	        Index Cond: ((id >= 6779035) AND (id <= 6779134))

table 2 : explain SELECT c FROM sbtest2 WHERE id BETWEEN 1182381 AND 1182480 ORDER BY c
	Sort  (cost=395.53..395.78 rows=102 width=121)
	  Sort Key: c
	  ->  Index Scan using sbtest2_pkey on sbtest2  (cost=0.43..392.13 rows=102 width=121)
	        Index Cond: ((id >= 1182381) AND (id <= 1182480))

table 3 : explain SELECT c FROM sbtest3 WHERE id BETWEEN 2161016 AND 2161115 ORDER BY c
	Sort  (cost=382.60..382.85 rows=99 width=121)
	  Sort Key: c
	  ->  Index Scan using sbtest3_pkey on sbtest3  (cost=0.43..379.32 rows=99 width=121)
	        Index Cond: ((id >= 2161016) AND (id <= 2161115))

table 4 : explain SELECT c FROM sbtest4 WHERE id BETWEEN 6673177 AND 6673276 ORDER BY c
	Sort  (cost=364.70..364.93 rows=94 width=121)
	  Sort Key: c
	  ->  Index Scan using sbtest4_pkey on sbtest4  (cost=0.43..361.62 rows=94 width=121)
	        Index Cond: ((id >= 6673177) AND (id <= 6673276))

table 5 : explain SELECT c FROM sbtest5 WHERE id BETWEEN 7668740 AND 7668839 ORDER BY c
	Sort  (cost=396.80..397.05 rows=102 width=121)
	  Sort Key: c
	  ->  Index Scan using sbtest5_pkey on sbtest5  (cost=0.43..393.40 rows=102 width=121)
	        Index Cond: ((id >= 7668740) AND (id <= 7668839))

table 6 : explain SELECT c FROM sbtest6 WHERE id BETWEEN 6180261 AND 6180360 ORDER BY c
	Sort  (cost=383.43..383.68 rows=99 width=121)
	  Sort Key: c
	  ->  Index Scan using sbtest6_pkey on sbtest6  (cost=0.43..380.15 rows=99 width=121)
	        Index Cond: ((id >= 6180261) AND (id <= 6180360))

table 7 : explain SELECT c FROM sbtest7 WHERE id BETWEEN 4114118 AND 4114217 ORDER BY c
	Sort  (cost=422.64..422.91 rows=109 width=121)
	  Sort Key: c
	  ->  Index Scan using sbtest7_pkey on sbtest7  (cost=0.43..418.95 rows=109 width=121)
	        Index Cond: ((id >= 4114118) AND (id <= 4114217))

table 8 : explain SELECT c FROM sbtest8 WHERE id BETWEEN 1546782 AND 1546881 ORDER BY c
	Sort  (cost=393.60..393.86 rows=101 width=121)
	  Sort Key: c
	  ->  Index Scan using sbtest8_pkey on sbtest8  (cost=0.43..390.24 rows=101 width=121)
	        Index Cond: ((id >= 1546782) AND (id <= 1546881))

for deletes
table 1 : explain DELETE FROM sbtest1 WHERE id=5878653
	Delete on sbtest1  (cost=0.43..8.45 rows=0 width=0)
	  ->  Index Scan using sbtest1_pkey on sbtest1  (cost=0.43..8.45 rows=1 width=6)
	        Index Cond: (id = 5878653)

table 2 : explain DELETE FROM sbtest2 WHERE id=3596234
	Delete on sbtest2  (cost=0.43..8.45 rows=0 width=0)
	  ->  Index Scan using sbtest2_pkey on sbtest2  (cost=0.43..8.45 rows=1 width=6)
	        Index Cond: (id = 3596234)

table 3 : explain DELETE FROM sbtest3 WHERE id=6835410
	Delete on sbtest3  (cost=0.43..8.45 rows=0 width=0)
	  ->  Index Scan using sbtest3_pkey on sbtest3  (cost=0.43..8.45 rows=1 width=6)
	        Index Cond: (id = 6835410)

table 4 : explain DELETE FROM sbtest4 WHERE id=7046448
	Delete on sbtest4  (cost=0.43..8.45 rows=0 width=0)
	  ->  Index Scan using sbtest4_pkey on sbtest4  (cost=0.43..8.45 rows=1 width=6)
	        Index Cond: (id = 7046448)

table 5 : explain DELETE FROM sbtest5 WHERE id=7629883
	Delete on sbtest5  (cost=0.43..8.45 rows=0 width=0)
	  ->  Index Scan using sbtest5_pkey on sbtest5  (cost=0.43..8.45 rows=1 width=6)
	        Index Cond: (id = 7629883)

table 6 : explain DELETE FROM sbtest6 WHERE id=7180807
	Delete on sbtest6  (cost=0.43..8.45 rows=0 width=0)
	  ->  Index Scan using sbtest6_pkey on sbtest6  (cost=0.43..8.45 rows=1 width=6)
	        Index Cond: (id = 7180807)

table 7 : explain DELETE FROM sbtest7 WHERE id=6364610
	Delete on sbtest7  (cost=0.43..8.45 rows=0 width=0)
	  ->  Index Scan using sbtest7_pkey on sbtest7  (cost=0.43..8.45 rows=1 width=6)
	        Index Cond: (id = 6364610)

table 8 : explain DELETE FROM sbtest8 WHERE id=6029781
	Delete on sbtest8  (cost=0.43..8.45 rows=0 width=0)
	  ->  Index Scan using sbtest8_pkey on sbtest8  (cost=0.43..8.45 rows=1 width=6)
	        Index Cond: (id = 6029781)

explain: for index_updates :: explain UPDATE sbtest%u SET k=k+1 WHERE id=%u
for index_updates
table 1 : explain UPDATE sbtest1 SET k=k+1 WHERE id=9808681
	Update on sbtest1  (cost=0.43..8.46 rows=0 width=0)
	  ->  Index Scan using sbtest1_pkey on sbtest1  (cost=0.43..8.46 rows=1 width=10)
	        Index Cond: (id = 9808681)

table 2 : explain UPDATE sbtest2 SET k=k+1 WHERE id=5521289
	Update on sbtest2  (cost=0.43..8.46 rows=0 width=0)
	  ->  Index Scan using sbtest2_pkey on sbtest2  (cost=0.43..8.46 rows=1 width=10)
	        Index Cond: (id = 5521289)

table 3 : explain UPDATE sbtest3 SET k=k+1 WHERE id=1630707
	Update on sbtest3  (cost=0.43..8.46 rows=0 width=0)
	  ->  Index Scan using sbtest3_pkey on sbtest3  (cost=0.43..8.46 rows=1 width=10)
	        Index Cond: (id = 1630707)

table 4 : explain UPDATE sbtest4 SET k=k+1 WHERE id=980147
	Update on sbtest4  (cost=0.43..8.46 rows=0 width=0)
	  ->  Index Scan using sbtest4_pkey on sbtest4  (cost=0.43..8.46 rows=1 width=10)
	        Index Cond: (id = 980147)

table 5 : explain UPDATE sbtest5 SET k=k+1 WHERE id=4588429
	Update on sbtest5  (cost=0.43..8.46 rows=0 width=0)
	  ->  Index Scan using sbtest5_pkey on sbtest5  (cost=0.43..8.46 rows=1 width=10)
	        Index Cond: (id = 4588429)

table 6 : explain UPDATE sbtest6 SET k=k+1 WHERE id=5225140
	Update on sbtest6  (cost=0.43..8.46 rows=0 width=0)
	  ->  Index Scan using sbtest6_pkey on sbtest6  (cost=0.43..8.46 rows=1 width=10)
	        Index Cond: (id = 5225140)

table 7 : explain UPDATE sbtest7 SET k=k+1 WHERE id=3346143
	Update on sbtest7  (cost=0.43..8.46 rows=0 width=0)
	  ->  Index Scan using sbtest7_pkey on sbtest7  (cost=0.43..8.46 rows=1 width=10)
	        Index Cond: (id = 3346143)

table 8 : explain UPDATE sbtest8 SET k=k+1 WHERE id=6258669
	Update on sbtest8  (cost=0.43..8.46 rows=0 width=0)
	  ->  Index Scan using sbtest8_pkey on sbtest8  (cost=0.43..8.46 rows=1 width=10)
	        Index Cond: (id = 6258669)

for point_selects
table 1 : explain SELECT c FROM sbtest1 WHERE id=3803831
	Index Scan using sbtest1_pkey on sbtest1  (cost=0.43..8.45 rows=1 width=121)
	  Index Cond: (id = 3803831)

table 2 : explain SELECT c FROM sbtest2 WHERE id=7804882
	Index Scan using sbtest2_pkey on sbtest2  (cost=0.43..8.45 rows=1 width=121)
	  Index Cond: (id = 7804882)

table 3 : explain SELECT c FROM sbtest3 WHERE id=964182
	Index Scan using sbtest3_pkey on sbtest3  (cost=0.43..8.45 rows=1 width=121)
	  Index Cond: (id = 964182)

table 4 : explain SELECT c FROM sbtest4 WHERE id=9741873
	Index Scan using sbtest4_pkey on sbtest4  (cost=0.43..8.45 rows=1 width=121)
	  Index Cond: (id = 9741873)

table 5 : explain SELECT c FROM sbtest5 WHERE id=4187333
	Index Scan using sbtest5_pkey on sbtest5  (cost=0.43..8.45 rows=1 width=121)
	  Index Cond: (id = 4187333)

table 6 : explain SELECT c FROM sbtest6 WHERE id=4508838
	Index Scan using sbtest6_pkey on sbtest6  (cost=0.43..8.45 rows=1 width=121)
	  Index Cond: (id = 4508838)

table 7 : explain SELECT c FROM sbtest7 WHERE id=2278128
	Index Scan using sbtest7_pkey on sbtest7  (cost=0.43..8.45 rows=1 width=121)
	  Index Cond: (id = 2278128)

table 8 : explain SELECT c FROM sbtest8 WHERE id=951943
	Index Scan using sbtest8_pkey on sbtest8  (cost=0.43..8.45 rows=1 width=121)
	  Index Cond: (id = 951943)

for index_updates
table 1 : explain UPDATE sbtest1 SET k=k+1 WHERE id=8689720
	Update on sbtest1  (cost=0.43..8.46 rows=0 width=0)
	  ->  Index Scan using sbtest1_pkey on sbtest1  (cost=0.43..8.46 rows=1 width=10)
	        Index Cond: (id = 8689720)

table 2 : explain UPDATE sbtest2 SET k=k+1 WHERE id=7579240
	Update on sbtest2  (cost=0.43..8.46 rows=0 width=0)
	  ->  Index Scan using sbtest2_pkey on sbtest2  (cost=0.43..8.46 rows=1 width=10)
	        Index Cond: (id = 7579240)

table 3 : explain UPDATE sbtest3 SET k=k+1 WHERE id=4859212
	Update on sbtest3  (cost=0.43..8.46 rows=0 width=0)
	  ->  Index Scan using sbtest3_pkey on sbtest3  (cost=0.43..8.46 rows=1 width=10)
	        Index Cond: (id = 4859212)

table 4 : explain UPDATE sbtest4 SET k=k+1 WHERE id=308884
	Update on sbtest4  (cost=0.43..8.46 rows=0 width=0)
	  ->  Index Scan using sbtest4_pkey on sbtest4  (cost=0.43..8.46 rows=1 width=10)
	        Index Cond: (id = 308884)

table 5 : explain UPDATE sbtest5 SET k=k+1 WHERE id=7632433
	Update on sbtest5  (cost=0.43..8.46 rows=0 width=0)
	  ->  Index Scan using sbtest5_pkey on sbtest5  (cost=0.43..8.46 rows=1 width=10)
	        Index Cond: (id = 7632433)

table 6 : explain UPDATE sbtest6 SET k=k+1 WHERE id=4558237
	Update on sbtest6  (cost=0.43..8.46 rows=0 width=0)
	  ->  Index Scan using sbtest6_pkey on sbtest6  (cost=0.43..8.46 rows=1 width=10)
	        Index Cond: (id = 4558237)

table 7 : explain UPDATE sbtest7 SET k=k+1 WHERE id=5080332
	Update on sbtest7  (cost=0.43..8.46 rows=0 width=0)
	  ->  Index Scan using sbtest7_pkey on sbtest7  (cost=0.43..8.46 rows=1 width=10)
	        Index Cond: (id = 5080332)

table 8 : explain UPDATE sbtest8 SET k=k+1 WHERE id=1716423
	Update on sbtest8  (cost=0.43..8.46 rows=0 width=0)
	  ->  Index Scan using sbtest8_pkey on sbtest8  (cost=0.43..8.46 rows=1 width=10)
	        Index Cond: (id = 1716423)

for point_selects
table 1 : explain SELECT c FROM sbtest1 WHERE id=5262429
	Index Scan using sbtest1_pkey on sbtest1  (cost=0.43..8.45 rows=1 width=121)
	  Index Cond: (id = 5262429)

table 2 : explain SELECT c FROM sbtest2 WHERE id=6901108
	Index Scan using sbtest2_pkey on sbtest2  (cost=0.43..8.45 rows=1 width=121)
	  Index Cond: (id = 6901108)

table 3 : explain SELECT c FROM sbtest3 WHERE id=6557143
	Index Scan using sbtest3_pkey on sbtest3  (cost=0.43..8.45 rows=1 width=121)
	  Index Cond: (id = 6557143)

table 4 : explain SELECT c FROM sbtest4 WHERE id=8776831
	Index Scan using sbtest4_pkey on sbtest4  (cost=0.43..8.45 rows=1 width=121)
	  Index Cond: (id = 8776831)

table 5 : explain SELECT c FROM sbtest5 WHERE id=2204479
	Index Scan using sbtest5_pkey on sbtest5  (cost=0.43..8.45 rows=1 width=121)
	  Index Cond: (id = 2204479)

table 6 : explain SELECT c FROM sbtest6 WHERE id=7037361
	Index Scan using sbtest6_pkey on sbtest6  (cost=0.43..8.45 rows=1 width=121)
	  Index Cond: (id = 7037361)

table 7 : explain SELECT c FROM sbtest7 WHERE id=110493
	Index Scan using sbtest7_pkey on sbtest7  (cost=0.43..8.45 rows=1 width=121)
	  Index Cond: (id = 110493)

table 8 : explain SELECT c FROM sbtest8 WHERE id=3467584
	Index Scan using sbtest8_pkey on sbtest8  (cost=0.43..8.45 rows=1 width=121)
	  Index Cond: (id = 3467584)

explain: for non_index_updates :: explain UPDATE sbtest%u SET c='foobar' WHERE id=%u
explain: for inserts :: explain INSERT INTO sbtest%u (id, k, c, pad) VALUES (%u, 13, 'foobar', 'foobar')
for index_updates
table 1 : explain UPDATE sbtest1 SET k=k+1 WHERE id=1027220
	Update on sbtest1  (cost=0.43..8.46 rows=0 width=0)
	  ->  Index Scan using sbtest1_pkey on sbtest1  (cost=0.43..8.46 rows=1 width=10)
	        Index Cond: (id = 1027220)

table 2 : explain UPDATE sbtest2 SET k=k+1 WHERE id=1190230
	Update on sbtest2  (cost=0.43..8.46 rows=0 width=0)
	  ->  Index Scan using sbtest2_pkey on sbtest2  (cost=0.43..8.46 rows=1 width=10)
	        Index Cond: (id = 1190230)

table 3 : explain UPDATE sbtest3 SET k=k+1 WHERE id=143831
	Update on sbtest3  (cost=0.43..8.46 rows=0 width=0)
	  ->  Index Scan using sbtest3_pkey on sbtest3  (cost=0.43..8.46 rows=1 width=10)
	        Index Cond: (id = 143831)

table 4 : explain UPDATE sbtest4 SET k=k+1 WHERE id=9937894
	Update on sbtest4  (cost=0.43..8.46 rows=0 width=0)
	  ->  Index Scan using sbtest4_pkey on sbtest4  (cost=0.43..8.46 rows=1 width=10)
	        Index Cond: (id = 9937894)

table 5 : explain UPDATE sbtest5 SET k=k+1 WHERE id=4677165
	Update on sbtest5  (cost=0.43..8.46 rows=0 width=0)
	  ->  Index Scan using sbtest5_pkey on sbtest5  (cost=0.43..8.46 rows=1 width=10)
	        Index Cond: (id = 4677165)

table 6 : explain UPDATE sbtest6 SET k=k+1 WHERE id=1029633
	Update on sbtest6  (cost=0.43..8.46 rows=0 width=0)
	  ->  Index Scan using sbtest6_pkey on sbtest6  (cost=0.43..8.46 rows=1 width=10)
	        Index Cond: (id = 1029633)

table 7 : explain UPDATE sbtest7 SET k=k+1 WHERE id=6652239
	Update on sbtest7  (cost=0.43..8.46 rows=0 width=0)
	  ->  Index Scan using sbtest7_pkey on sbtest7  (cost=0.43..8.46 rows=1 width=10)
	        Index Cond: (id = 6652239)

table 8 : explain UPDATE sbtest8 SET k=k+1 WHERE id=5549176
	Update on sbtest8  (cost=0.43..8.46 rows=0 width=0)
	  ->  Index Scan using sbtest8_pkey on sbtest8  (cost=0.43..8.46 rows=1 width=10)
	        Index Cond: (id = 5549176)

explain: for non_index_updates :: explain UPDATE sbtest%u SET c='foobar' WHERE id=%u
for: order_ranges
table 1 : explain SELECT c FROM sbtest1 WHERE id BETWEEN 8186479 AND 8186578 ORDER BY c
	Sort  (cost=396.13..396.38 rows=102 width=121)
	  Sort Key: c
	  ->  Index Scan using sbtest1_pkey on sbtest1  (cost=0.43..392.72 rows=102 width=121)
	        Index Cond: ((id >= 8186479) AND (id <= 8186578))

table 2 : explain SELECT c FROM sbtest2 WHERE id BETWEEN 946773 AND 946872 ORDER BY c
	Sort  (cost=422.39..422.67 rows=109 width=121)
	  Sort Key: c
	  ->  Index Scan using sbtest2_pkey on sbtest2  (cost=0.43..418.71 rows=109 width=121)
	        Index Cond: ((id >= 946773) AND (id <= 946872))

table 3 : explain SELECT c FROM sbtest3 WHERE id BETWEEN 4509809 AND 4509908 ORDER BY c
	Sort  (cost=374.90..375.14 rows=97 width=121)
	  Sort Key: c
	  ->  Index Scan using sbtest3_pkey on sbtest3  (cost=0.43..371.69 rows=97 width=121)
	        Index Cond: ((id >= 4509809) AND (id <= 4509908))

table 4 : explain SELECT c FROM sbtest4 WHERE id BETWEEN 2684004 AND 2684103 ORDER BY c
	Sort  (cost=399.22..399.48 rows=103 width=121)
	  Sort Key: c
	  ->  Index Scan using sbtest4_pkey on sbtest4  (cost=0.43..395.78 rows=103 width=121)
	        Index Cond: ((id >= 2684004) AND (id <= 2684103))

table 5 : explain SELECT c FROM sbtest5 WHERE id BETWEEN 7333671 AND 7333770 ORDER BY c
	Sort  (cost=373.70..373.94 rows=96 width=121)
	  Sort Key: c
	  ->  Index Scan using sbtest5_pkey on sbtest5  (cost=0.43..370.54 rows=96 width=121)
	        Index Cond: ((id >= 7333671) AND (id <= 7333770))

table 6 : explain SELECT c FROM sbtest6 WHERE id BETWEEN 8646446 AND 8646545 ORDER BY c
	Sort  (cost=394.93..395.18 rows=102 width=121)
	  Sort Key: c
	  ->  Index Scan using sbtest6_pkey on sbtest6  (cost=0.43..391.52 rows=102 width=121)
	        Index Cond: ((id >= 8646446) AND (id <= 8646545))

table 7 : explain SELECT c FROM sbtest7 WHERE id BETWEEN 2891379 AND 2891478 ORDER BY c
	Sort  (cost=349.63..349.86 rows=90 width=121)
	  Sort Key: c
	  ->  Index Scan using sbtest7_pkey on sbtest7  (cost=0.43..346.71 rows=90 width=121)
	        Index Cond: ((id >= 2891379) AND (id <= 2891478))

table 8 : explain SELECT c FROM sbtest8 WHERE id BETWEEN 1420464 AND 1420563 ORDER BY c
	Sort  (cost=412.89..413.15 rows=106 width=121)
	  Sort Key: c
	  ->  Index Scan using sbtest8_pkey on sbtest8  (cost=0.43..409.32 rows=106 width=121)
	        Index Cond: ((id >= 1420464) AND (id <= 1420563))

for non_index_updates
table 1 : explain UPDATE sbtest1 SET c='foobar' WHERE id=9315067
	Update on sbtest1  (cost=0.43..8.45 rows=0 width=0)
	  ->  Index Scan using sbtest1_pkey on sbtest1  (cost=0.43..8.45 rows=1 width=490)
	        Index Cond: (id = 9315067)

table 2 : explain UPDATE sbtest2 SET c='foobar' WHERE id=6632779
	Update on sbtest2  (cost=0.43..8.45 rows=0 width=0)
	  ->  Index Scan using sbtest2_pkey on sbtest2  (cost=0.43..8.45 rows=1 width=490)
	        Index Cond: (id = 6632779)

table 3 : explain UPDATE sbtest3 SET c='foobar' WHERE id=9191250
	Update on sbtest3  (cost=0.43..8.45 rows=0 width=0)
	  ->  Index Scan using sbtest3_pkey on sbtest3  (cost=0.43..8.45 rows=1 width=490)
	        Index Cond: (id = 9191250)

table 4 : explain UPDATE sbtest4 SET c='foobar' WHERE id=2165791
	Update on sbtest4  (cost=0.43..8.45 rows=0 width=0)
	  ->  Index Scan using sbtest4_pkey on sbtest4  (cost=0.43..8.45 rows=1 width=490)
	        Index Cond: (id = 2165791)

table 5 : explain UPDATE sbtest5 SET c='foobar' WHERE id=5379560
	Update on sbtest5  (cost=0.43..8.45 rows=0 width=0)
	  ->  Index Scan using sbtest5_pkey on sbtest5  (cost=0.43..8.45 rows=1 width=490)
	        Index Cond: (id = 5379560)

table 6 : explain UPDATE sbtest6 SET c='foobar' WHERE id=6497351
	Update on sbtest6  (cost=0.43..8.45 rows=0 width=0)
	  ->  Index Scan using sbtest6_pkey on sbtest6  (cost=0.43..8.45 rows=1 width=490)
	        Index Cond: (id = 6497351)

table 7 : explain UPDATE sbtest7 SET c='foobar' WHERE id=2877013
	Update on sbtest7  (cost=0.43..8.45 rows=0 width=0)
	  ->  Index Scan using sbtest7_pkey on sbtest7  (cost=0.43..8.45 rows=1 width=490)
	        Index Cond: (id = 2877013)

table 8 : explain UPDATE sbtest8 SET c='foobar' WHERE id=8994004
	Update on sbtest8  (cost=0.43..8.45 rows=0 width=0)
	  ->  Index Scan using sbtest8_pkey on sbtest8  (cost=0.43..8.45 rows=1 width=490)
	        Index Cond: (id = 8994004)

explain: for non_index_updates :: explain UPDATE sbtest%u SET c='foobar' WHERE id=%u
for: distinct_ranges
table 1 : explain SELECT DISTINCT c FROM sbtest1 WHERE id BETWEEN 7660034 AND 7660133 ORDER BY c
	Unique  (cost=411.50..412.03 rows=106 width=121)
	  ->  Sort  (cost=411.50..411.77 rows=106 width=121)
	        Sort Key: c
	        ->  Index Scan using sbtest1_pkey on sbtest1  (cost=0.43..407.94 rows=106 width=121)
	              Index Cond: ((id >= 7660034) AND (id <= 7660133))

table 2 : explain SELECT DISTINCT c FROM sbtest2 WHERE id BETWEEN 8116247 AND 8116346 ORDER BY c
	Unique  (cost=384.02..384.51 rows=99 width=121)
	  ->  Sort  (cost=384.02..384.26 rows=99 width=121)
	        Sort Key: c
	        ->  Index Scan using sbtest2_pkey on sbtest2  (cost=0.43..380.73 rows=99 width=121)
	              Index Cond: ((id >= 8116247) AND (id <= 8116346))

table 3 : explain SELECT DISTINCT c FROM sbtest3 WHERE id BETWEEN 8551450 AND 8551549 ORDER BY c
	Unique  (cost=417.01..417.55 rows=108 width=121)
	  ->  Sort  (cost=417.01..417.28 rows=108 width=121)
	        Sort Key: c
	        ->  Index Scan using sbtest3_pkey on sbtest3  (cost=0.43..413.36 rows=108 width=121)
	              Index Cond: ((id >= 8551450) AND (id <= 8551549))

table 4 : explain SELECT DISTINCT c FROM sbtest4 WHERE id BETWEEN 4378436 AND 4378535 ORDER BY c
	Unique  (cost=387.71..388.21 rows=100 width=121)
	  ->  Sort  (cost=387.71..387.96 rows=100 width=121)
	        Sort Key: c
	        ->  Index Scan using sbtest4_pkey on sbtest4  (cost=0.43..384.39 rows=100 width=121)
	              Index Cond: ((id >= 4378436) AND (id <= 4378535))

table 5 : explain SELECT DISTINCT c FROM sbtest5 WHERE id BETWEEN 1634331 AND 1634430 ORDER BY c
	Unique  (cost=385.25..385.74 rows=99 width=121)
	  ->  Sort  (cost=385.25..385.50 rows=99 width=121)
	        Sort Key: c
	        ->  Index Scan using sbtest5_pkey on sbtest5  (cost=0.43..381.97 rows=99 width=121)
	              Index Cond: ((id >= 1634331) AND (id <= 1634430))

table 6 : explain SELECT DISTINCT c FROM sbtest6 WHERE id BETWEEN 6397068 AND 6397167 ORDER BY c
	Unique  (cost=425.58..426.13 rows=110 width=121)
	  ->  Sort  (cost=425.58..425.86 rows=110 width=121)
	        Sort Key: c
	        ->  Index Scan using sbtest6_pkey on sbtest6  (cost=0.43..421.85 rows=110 width=121)
	              Index Cond: ((id >= 6397068) AND (id <= 6397167))

table 7 : explain SELECT DISTINCT c FROM sbtest7 WHERE id BETWEEN 53666 AND 53765 ORDER BY c
	Unique  (cost=418.80..419.34 rows=108 width=121)
	  ->  Sort  (cost=418.80..419.07 rows=108 width=121)
	        Sort Key: c
	        ->  Index Scan using sbtest7_pkey on sbtest7  (cost=0.43..415.15 rows=108 width=121)
	              Index Cond: ((id >= 53666) AND (id <= 53765))

table 8 : explain SELECT DISTINCT c FROM sbtest8 WHERE id BETWEEN 1474398 AND 1474497 ORDER BY c
	Unique  (cost=412.89..413.42 rows=106 width=121)
	  ->  Sort  (cost=412.89..413.15 rows=106 width=121)
	        Sort Key: c
	        ->  Index Scan using sbtest8_pkey on sbtest8  (cost=0.43..409.32 rows=106 width=121)
	              Index Cond: ((id >= 1474398) AND (id <= 1474497))

explain: for deletes :: explain DELETE FROM sbtest%u WHERE id=%u
for: simple_ranges
table 1 : explain SELECT c FROM sbtest1 WHERE id BETWEEN 7886258 AND 7886357
	Index Scan using sbtest1_pkey on sbtest1  (cost=0.43..381.26 rows=99 width=121)
	  Index Cond: ((id >= 7886258) AND (id <= 7886357))

table 2 : explain SELECT c FROM sbtest2 WHERE id BETWEEN 640079 AND 640178
	Index Scan using sbtest2_pkey on sbtest2  (cost=0.43..399.72 rows=104 width=121)
	  Index Cond: ((id >= 640079) AND (id <= 640178))

table 3 : explain SELECT c FROM sbtest3 WHERE id BETWEEN 4706515 AND 4706614
	Index Scan using sbtest3_pkey on sbtest3  (cost=0.43..371.69 rows=97 width=121)
	  Index Cond: ((id >= 4706515) AND (id <= 4706614))

table 4 : explain SELECT c FROM sbtest4 WHERE id BETWEEN 8043524 AND 8043623
	Index Scan using sbtest4_pkey on sbtest4  (cost=0.43..384.39 rows=100 width=121)
	  Index Cond: ((id >= 8043524) AND (id <= 8043623))

table 5 : explain SELECT c FROM sbtest5 WHERE id BETWEEN 6784594 AND 6784693
	Index Scan using sbtest5_pkey on sbtest5  (cost=0.43..393.40 rows=102 width=121)
	  Index Cond: ((id >= 6784594) AND (id <= 6784693))

table 6 : explain SELECT c FROM sbtest6 WHERE id BETWEEN 3197165 AND 3197264
	Index Scan using sbtest6_pkey on sbtest6  (cost=0.43..376.36 rows=98 width=121)
	  Index Cond: ((id >= 3197165) AND (id <= 3197264))

table 7 : explain SELECT c FROM sbtest7 WHERE id BETWEEN 4976429 AND 4976528
	Index Scan using sbtest7_pkey on sbtest7  (cost=0.43..384.76 rows=100 width=121)
	  Index Cond: ((id >= 4976429) AND (id <= 4976528))

table 8 : explain SELECT c FROM sbtest8 WHERE id BETWEEN 7534999 AND 7535098
	Index Scan using sbtest8_pkey on sbtest8  (cost=0.43..355.84 rows=92 width=121)
	  Index Cond: ((id >= 7534999) AND (id <= 7535098))

for point_selects
table 1 : explain SELECT c FROM sbtest1 WHERE id=4928419
	Index Scan using sbtest1_pkey on sbtest1  (cost=0.43..8.45 rows=1 width=121)
	  Index Cond: (id = 4928419)

table 2 : explain SELECT c FROM sbtest2 WHERE id=2583436
	Index Scan using sbtest2_pkey on sbtest2  (cost=0.43..8.45 rows=1 width=121)
	  Index Cond: (id = 2583436)

table 3 : explain SELECT c FROM sbtest3 WHERE id=2331942
	Index Scan using sbtest3_pkey on sbtest3  (cost=0.43..8.45 rows=1 width=121)
	  Index Cond: (id = 2331942)

table 4 : explain SELECT c FROM sbtest4 WHERE id=3841350
	Index Scan using sbtest4_pkey on sbtest4  (cost=0.43..8.45 rows=1 width=121)
	  Index Cond: (id = 3841350)

table 5 : explain SELECT c FROM sbtest5 WHERE id=3211028
	Index Scan using sbtest5_pkey on sbtest5  (cost=0.43..8.45 rows=1 width=121)
	  Index Cond: (id = 3211028)

table 6 : explain SELECT c FROM sbtest6 WHERE id=1181666
	Index Scan using sbtest6_pkey on sbtest6  (cost=0.43..8.45 rows=1 width=121)
	  Index Cond: (id = 1181666)

table 7 : explain SELECT c FROM sbtest7 WHERE id=3225643
	Index Scan using sbtest7_pkey on sbtest7  (cost=0.43..8.45 rows=1 width=121)
	  Index Cond: (id = 3225643)

table 8 : explain SELECT c FROM sbtest8 WHERE id=95686
	Index Scan using sbtest8_pkey on sbtest8  (cost=0.43..8.45 rows=1 width=121)
	  Index Cond: (id = 95686)

for non_index_updates
table 1 : explain UPDATE sbtest1 SET c='foobar' WHERE id=3925809
	Update on sbtest1  (cost=0.43..8.45 rows=0 width=0)
	  ->  Index Scan using sbtest1_pkey on sbtest1  (cost=0.43..8.45 rows=1 width=490)
	        Index Cond: (id = 3925809)

table 2 : explain UPDATE sbtest2 SET c='foobar' WHERE id=8509304
	Update on sbtest2  (cost=0.43..8.45 rows=0 width=0)
	  ->  Index Scan using sbtest2_pkey on sbtest2  (cost=0.43..8.45 rows=1 width=490)
	        Index Cond: (id = 8509304)

table 3 : explain UPDATE sbtest3 SET c='foobar' WHERE id=529325
	Update on sbtest3  (cost=0.43..8.45 rows=0 width=0)
	  ->  Index Scan using sbtest3_pkey on sbtest3  (cost=0.43..8.45 rows=1 width=490)
	        Index Cond: (id = 529325)

table 4 : explain UPDATE sbtest4 SET c='foobar' WHERE id=2711321
	Update on sbtest4  (cost=0.43..8.45 rows=0 width=0)
	  ->  Index Scan using sbtest4_pkey on sbtest4  (cost=0.43..8.45 rows=1 width=490)
	        Index Cond: (id = 2711321)

table 5 : explain UPDATE sbtest5 SET c='foobar' WHERE id=5100396
	Update on sbtest5  (cost=0.43..8.45 rows=0 width=0)
	  ->  Index Scan using sbtest5_pkey on sbtest5  (cost=0.43..8.45 rows=1 width=490)
	        Index Cond: (id = 5100396)

table 6 : explain UPDATE sbtest6 SET c='foobar' WHERE id=3737411
	Update on sbtest6  (cost=0.43..8.45 rows=0 width=0)
	  ->  Index Scan using sbtest6_pkey on sbtest6  (cost=0.43..8.45 rows=1 width=490)
	        Index Cond: (id = 3737411)

table 7 : explain UPDATE sbtest7 SET c='foobar' WHERE id=3831661
	Update on sbtest7  (cost=0.43..8.45 rows=0 width=0)
	  ->  Index Scan using sbtest7_pkey on sbtest7  (cost=0.43..8.45 rows=1 width=490)
	        Index Cond: (id = 3831661)

table 8 : explain UPDATE sbtest8 SET c='foobar' WHERE id=493419
	Update on sbtest8  (cost=0.43..8.45 rows=0 width=0)
	  ->  Index Scan using sbtest8_pkey on sbtest8  (cost=0.43..8.45 rows=1 width=490)
	        Index Cond: (id = 493419)

for inserts
table 1 : explain INSERT INTO sbtest1 (id, k, c, pad) VALUES (2580192, 13, 'foobar', 'foobar')
	Insert on sbtest1  (cost=0.00..0.01 rows=0 width=0)
	  ->  Result  (cost=0.00..0.01 rows=1 width=736)

table 2 : explain INSERT INTO sbtest2 (id, k, c, pad) VALUES (6625806, 13, 'foobar', 'foobar')
	Insert on sbtest2  (cost=0.00..0.01 rows=0 width=0)
	  ->  Result  (cost=0.00..0.01 rows=1 width=736)

table 3 : explain INSERT INTO sbtest3 (id, k, c, pad) VALUES (3743288, 13, 'foobar', 'foobar')
	Insert on sbtest3  (cost=0.00..0.01 rows=0 width=0)
	  ->  Result  (cost=0.00..0.01 rows=1 width=736)

table 4 : explain INSERT INTO sbtest4 (id, k, c, pad) VALUES (3649067, 13, 'foobar', 'foobar')
	Insert on sbtest4  (cost=0.00..0.01 rows=0 width=0)
	  ->  Result  (cost=0.00..0.01 rows=1 width=736)

table 5 : explain INSERT INTO sbtest5 (id, k, c, pad) VALUES (2816810, 13, 'foobar', 'foobar')
	Insert on sbtest5  (cost=0.00..0.01 rows=0 width=0)
	  ->  Result  (cost=0.00..0.01 rows=1 width=736)

table 6 : explain INSERT INTO sbtest6 (id, k, c, pad) VALUES (6461705, 13, 'foobar', 'foobar')
	Insert on sbtest6  (cost=0.00..0.01 rows=0 width=0)
	  ->  Result  (cost=0.00..0.01 rows=1 width=736)

table 7 : explain INSERT INTO sbtest7 (id, k, c, pad) VALUES (9082215, 13, 'foobar', 'foobar')
	Insert on sbtest7  (cost=0.00..0.01 rows=0 width=0)
	  ->  Result  (cost=0.00..0.01 rows=1 width=736)

table 8 : explain INSERT INTO sbtest8 (id, k, c, pad) VALUES (3112081, 13, 'foobar', 'foobar')
	Insert on sbtest8  (cost=0.00..0.01 rows=0 width=0)
	  ->  Result  (cost=0.00..0.01 rows=1 width=736)

for: simple_ranges
table 1 : explain SELECT c FROM sbtest1 WHERE id BETWEEN 438728 AND 438827
	Index Scan using sbtest1_pkey on sbtest1  (cost=0.43..385.12 rows=100 width=121)
	  Index Cond: ((id >= 438728) AND (id <= 438827))

table 2 : explain SELECT c FROM sbtest2 WHERE id BETWEEN 8696849 AND 8696948
	Index Scan using sbtest2_pkey on sbtest2  (cost=0.43..373.08 rows=97 width=121)
	  Index Cond: ((id >= 8696849) AND (id <= 8696948))

table 3 : explain SELECT c FROM sbtest3 WHERE id BETWEEN 8235733 AND 8235832
	Index Scan using sbtest3_pkey on sbtest3  (cost=0.43..371.69 rows=97 width=121)
	  Index Cond: ((id >= 8235733) AND (id <= 8235832))

table 4 : explain SELECT c FROM sbtest4 WHERE id BETWEEN 9455793 AND 9455892
	Index Scan using sbtest4_pkey on sbtest4  (cost=0.43..365.41 rows=95 width=121)
	  Index Cond: ((id >= 9455793) AND (id <= 9455892))

table 5 : explain SELECT c FROM sbtest5 WHERE id BETWEEN 2597113 AND 2597212
	Index Scan using sbtest5_pkey on sbtest5  (cost=0.43..408.64 rows=106 width=121)
	  Index Cond: ((id >= 2597113) AND (id <= 2597212))

table 6 : explain SELECT c FROM sbtest6 WHERE id BETWEEN 9785062 AND 9785161
	Index Scan using sbtest6_pkey on sbtest6  (cost=0.43..421.85 rows=110 width=121)
	  Index Cond: ((id >= 9785062) AND (id <= 9785161))

table 7 : explain SELECT c FROM sbtest7 WHERE id BETWEEN 573457 AND 573556
	Index Scan using sbtest7_pkey on sbtest7  (cost=0.43..380.90 rows=99 width=121)
	  Index Cond: ((id >= 573457) AND (id <= 573556))

table 8 : explain SELECT c FROM sbtest8 WHERE id BETWEEN 40300 AND 40399
	Index Scan using sbtest8_pkey on sbtest8  (cost=0.43..352.03 rows=91 width=121)
	  Index Cond: ((id >= 40300) AND (id <= 40399))

explain: for index_updates :: explain UPDATE sbtest%u SET k=k+1 WHERE id=%u
explain: for deletes :: explain DELETE FROM sbtest%u WHERE id=%u
for inserts
table 1 : explain INSERT INTO sbtest1 (id, k, c, pad) VALUES (7863927, 13, 'foobar', 'foobar')
	Insert on sbtest1  (cost=0.00..0.01 rows=0 width=0)
	  ->  Result  (cost=0.00..0.01 rows=1 width=736)

table 2 : explain INSERT INTO sbtest2 (id, k, c, pad) VALUES (6404082, 13, 'foobar', 'foobar')
	Insert on sbtest2  (cost=0.00..0.01 rows=0 width=0)
	  ->  Result  (cost=0.00..0.01 rows=1 width=736)

table 3 : explain INSERT INTO sbtest3 (id, k, c, pad) VALUES (8598258, 13, 'foobar', 'foobar')
	Insert on sbtest3  (cost=0.00..0.01 rows=0 width=0)
	  ->  Result  (cost=0.00..0.01 rows=1 width=736)

table 4 : explain INSERT INTO sbtest4 (id, k, c, pad) VALUES (5430949, 13, 'foobar', 'foobar')
	Insert on sbtest4  (cost=0.00..0.01 rows=0 width=0)
	  ->  Result  (cost=0.00..0.01 rows=1 width=736)

table 5 : explain INSERT INTO sbtest5 (id, k, c, pad) VALUES (8008811, 13, 'foobar', 'foobar')
	Insert on sbtest5  (cost=0.00..0.01 rows=0 width=0)
	  ->  Result  (cost=0.00..0.01 rows=1 width=736)

table 6 : explain INSERT INTO sbtest6 (id, k, c, pad) VALUES (5433560, 13, 'foobar', 'foobar')
	Insert on sbtest6  (cost=0.00..0.01 rows=0 width=0)
	  ->  Result  (cost=0.00..0.01 rows=1 width=736)

table 7 : explain INSERT INTO sbtest7 (id, k, c, pad) VALUES (6281505, 13, 'foobar', 'foobar')
	Insert on sbtest7  (cost=0.00..0.01 rows=0 width=0)
	  ->  Result  (cost=0.00..0.01 rows=1 width=736)

table 8 : explain INSERT INTO sbtest8 (id, k, c, pad) VALUES (4342507, 13, 'foobar', 'foobar')
	Insert on sbtest8  (cost=0.00..0.01 rows=0 width=0)
	  ->  Result  (cost=0.00..0.01 rows=1 width=736)

for deletes
table 1 : explain DELETE FROM sbtest1 WHERE id=4112810
	Delete on sbtest1  (cost=0.43..8.45 rows=0 width=0)
	  ->  Index Scan using sbtest1_pkey on sbtest1  (cost=0.43..8.45 rows=1 width=6)
	        Index Cond: (id = 4112810)

table 2 : explain DELETE FROM sbtest2 WHERE id=8543667
	Delete on sbtest2  (cost=0.43..8.45 rows=0 width=0)
	  ->  Index Scan using sbtest2_pkey on sbtest2  (cost=0.43..8.45 rows=1 width=6)
	        Index Cond: (id = 8543667)

table 3 : explain DELETE FROM sbtest3 WHERE id=9728397
	Delete on sbtest3  (cost=0.43..8.45 rows=0 width=0)
	  ->  Index Scan using sbtest3_pkey on sbtest3  (cost=0.43..8.45 rows=1 width=6)
	        Index Cond: (id = 9728397)

table 4 : explain DELETE FROM sbtest4 WHERE id=663632
	Delete on sbtest4  (cost=0.43..8.45 rows=0 width=0)
	  ->  Index Scan using sbtest4_pkey on sbtest4  (cost=0.43..8.45 rows=1 width=6)
	        Index Cond: (id = 663632)

table 5 : explain DELETE FROM sbtest5 WHERE id=2493563
	Delete on sbtest5  (cost=0.43..8.45 rows=0 width=0)
	  ->  Index Scan using sbtest5_pkey on sbtest5  (cost=0.43..8.45 rows=1 width=6)
	        Index Cond: (id = 2493563)

table 6 : explain DELETE FROM sbtest6 WHERE id=6917969
	Delete on sbtest6  (cost=0.43..8.45 rows=0 width=0)
	  ->  Index Scan using sbtest6_pkey on sbtest6  (cost=0.43..8.45 rows=1 width=6)
	        Index Cond: (id = 6917969)

table 7 : explain DELETE FROM sbtest7 WHERE id=6338481
	Delete on sbtest7  (cost=0.43..8.45 rows=0 width=0)
	  ->  Index Scan using sbtest7_pkey on sbtest7  (cost=0.43..8.45 rows=1 width=6)
	        Index Cond: (id = 6338481)

table 8 : explain DELETE FROM sbtest8 WHERE id=3759674
	Delete on sbtest8  (cost=0.43..8.45 rows=0 width=0)
	  ->  Index Scan using sbtest8_pkey on sbtest8  (cost=0.43..8.45 rows=1 width=6)
	        Index Cond: (id = 3759674)

for: distinct_ranges
table 1 : explain SELECT DISTINCT c FROM sbtest1 WHERE id BETWEEN 1867785 AND 1867884 ORDER BY c
	Unique  (cost=449.95..450.53 rows=116 width=121)
	  ->  Sort  (cost=449.95..450.24 rows=116 width=121)
	        Sort Key: c
	        ->  Index Scan using sbtest1_pkey on sbtest1  (cost=0.43..445.97 rows=116 width=121)
	              Index Cond: ((id >= 1867785) AND (id <= 1867884))

table 2 : explain SELECT DISTINCT c FROM sbtest2 WHERE id BETWEEN 7225160 AND 7225259 ORDER BY c
	Unique  (cost=387.85..388.35 rows=100 width=121)
	  ->  Sort  (cost=387.85..388.10 rows=100 width=121)
	        Sort Key: c
	        ->  Index Scan using sbtest2_pkey on sbtest2  (cost=0.43..384.53 rows=100 width=121)
	              Index Cond: ((id >= 7225160) AND (id <= 7225259))

table 3 : explain SELECT DISTINCT c FROM sbtest3 WHERE id BETWEEN 4540964 AND 4541063 ORDER BY c
	Unique  (cost=374.90..375.38 rows=97 width=121)
	  ->  Sort  (cost=374.90..375.14 rows=97 width=121)
	        Sort Key: c
	        ->  Index Scan using sbtest3_pkey on sbtest3  (cost=0.43..371.69 rows=97 width=121)
	              Index Cond: ((id >= 4540964) AND (id <= 4541063))

table 4 : explain SELECT DISTINCT c FROM sbtest4 WHERE id BETWEEN 963302 AND 963401 ORDER BY c
	Unique  (cost=429.92..430.47 rows=111 width=121)
	  ->  Sort  (cost=429.92..430.19 rows=111 width=121)
	        Sort Key: c
	        ->  Index Scan using sbtest4_pkey on sbtest4  (cost=0.43..426.14 rows=111 width=121)
	              Index Cond: ((id >= 963302) AND (id <= 963401))

table 5 : explain SELECT DISTINCT c FROM sbtest5 WHERE id BETWEEN 4890322 AND 4890421 ORDER BY c
	Unique  (cost=389.10..389.60 rows=100 width=121)
	  ->  Sort  (cost=389.10..389.35 rows=100 width=121)
	        Sort Key: c
	        ->  Index Scan using sbtest5_pkey on sbtest5  (cost=0.43..385.78 rows=100 width=121)
	              Index Cond: ((id >= 4890322) AND (id <= 4890421))

table 6 : explain SELECT DISTINCT c FROM sbtest6 WHERE id BETWEEN 6573041 AND 6573140 ORDER BY c
	Unique  (cost=379.60..380.09 rows=98 width=121)
	  ->  Sort  (cost=379.60..379.85 rows=98 width=121)
	        Sort Key: c
	        ->  Index Scan using sbtest6_pkey on sbtest6  (cost=0.43..376.36 rows=98 width=121)
	              Index Cond: ((id >= 6573041) AND (id <= 6573140))

table 7 : explain SELECT DISTINCT c FROM sbtest7 WHERE id BETWEEN 9178224 AND 9178323 ORDER BY c
	Unique  (cost=414.96..415.50 rows=107 width=121)
	  ->  Sort  (cost=414.96..415.23 rows=107 width=121)
	        Sort Key: c
	        ->  Index Scan using sbtest7_pkey on sbtest7  (cost=0.43..411.35 rows=107 width=121)
	              Index Cond: ((id >= 9178224) AND (id <= 9178323))

table 8 : explain SELECT DISTINCT c FROM sbtest8 WHERE id BETWEEN 1072608 AND 1072707 ORDER BY c
	Unique  (cost=401.32..401.83 rows=103 width=121)
	  ->  Sort  (cost=401.32..401.58 rows=103 width=121)
	        Sort Key: c
	        ->  Index Scan using sbtest8_pkey on sbtest8  (cost=0.43..397.87 rows=103 width=121)
	              Index Cond: ((id >= 1072608) AND (id <= 1072707))

for deletes
table 1 : explain DELETE FROM sbtest1 WHERE id=544471
	Delete on sbtest1  (cost=0.43..8.45 rows=0 width=0)
	  ->  Index Scan using sbtest1_pkey on sbtest1  (cost=0.43..8.45 rows=1 width=6)
	        Index Cond: (id = 544471)

table 2 : explain DELETE FROM sbtest2 WHERE id=4393855
	Delete on sbtest2  (cost=0.43..8.45 rows=0 width=0)
	  ->  Index Scan using sbtest2_pkey on sbtest2  (cost=0.43..8.45 rows=1 width=6)
	        Index Cond: (id = 4393855)

table 3 : explain DELETE FROM sbtest3 WHERE id=4170181
	Delete on sbtest3  (cost=0.43..8.45 rows=0 width=0)
	  ->  Index Scan using sbtest3_pkey on sbtest3  (cost=0.43..8.45 rows=1 width=6)
	        Index Cond: (id = 4170181)

table 4 : explain DELETE FROM sbtest4 WHERE id=6203722
	Delete on sbtest4  (cost=0.43..8.45 rows=0 width=0)
	  ->  Index Scan using sbtest4_pkey on sbtest4  (cost=0.43..8.45 rows=1 width=6)
	        Index Cond: (id = 6203722)

table 5 : explain DELETE FROM sbtest5 WHERE id=6178372
	Delete on sbtest5  (cost=0.43..8.45 rows=0 width=0)
	  ->  Index Scan using sbtest5_pkey on sbtest5  (cost=0.43..8.45 rows=1 width=6)
	        Index Cond: (id = 6178372)

table 6 : explain DELETE FROM sbtest6 WHERE id=8549503
	Delete on sbtest6  (cost=0.43..8.45 rows=0 width=0)
	  ->  Index Scan using sbtest6_pkey on sbtest6  (cost=0.43..8.45 rows=1 width=6)
	        Index Cond: (id = 8549503)

table 7 : explain DELETE FROM sbtest7 WHERE id=2816788
	Delete on sbtest7  (cost=0.43..8.45 rows=0 width=0)
	  ->  Index Scan using sbtest7_pkey on sbtest7  (cost=0.43..8.45 rows=1 width=6)
	        Index Cond: (id = 2816788)

table 8 : explain DELETE FROM sbtest8 WHERE id=1445724
	Delete on sbtest8  (cost=0.43..8.45 rows=0 width=0)
	  ->  Index Scan using sbtest8_pkey on sbtest8  (cost=0.43..8.45 rows=1 width=6)
	        Index Cond: (id = 1445724)

explain: for index_updates :: explain UPDATE sbtest%u SET k=k+1 WHERE id=%u
explain: for inserts :: explain INSERT INTO sbtest%u (id, k, c, pad) VALUES (%u, 13, 'foobar', 'foobar')
for: simple_ranges
table 1 : explain SELECT c FROM sbtest1 WHERE id BETWEEN 6362784 AND 6362883
	Index Scan using sbtest1_pkey on sbtest1  (cost=0.43..411.74 rows=107 width=121)
	  Index Cond: ((id >= 6362784) AND (id <= 6362883))

table 2 : explain SELECT c FROM sbtest2 WHERE id BETWEEN 1531246 AND 1531345
	Index Scan using sbtest2_pkey on sbtest2  (cost=0.43..354.10 rows=92 width=121)
	  Index Cond: ((id >= 1531246) AND (id <= 1531345))

table 3 : explain SELECT c FROM sbtest3 WHERE id BETWEEN 23358 AND 23457
	Index Scan using sbtest3_pkey on sbtest3  (cost=0.43..436.06 rows=114 width=121)
	  Index Cond: ((id >= 23358) AND (id <= 23457))

table 4 : explain SELECT c FROM sbtest4 WHERE id BETWEEN 2829263 AND 2829362
	Index Scan using sbtest4_pkey on sbtest4  (cost=0.43..342.58 rows=89 width=121)
	  Index Cond: ((id >= 2829263) AND (id <= 2829362))

table 5 : explain SELECT c FROM sbtest5 WHERE id BETWEEN 2629523 AND 2629622
	Index Scan using sbtest5_pkey on sbtest5  (cost=0.43..389.59 rows=101 width=121)
	  Index Cond: ((id >= 2629523) AND (id <= 2629622))

table 6 : explain SELECT c FROM sbtest6 WHERE id BETWEEN 8561300 AND 8561399
	Index Scan using sbtest6_pkey on sbtest6  (cost=0.43..421.85 rows=110 width=121)
	  Index Cond: ((id >= 8561300) AND (id <= 8561399))

table 7 : explain SELECT c FROM sbtest7 WHERE id BETWEEN 1452347 AND 1452446
	Index Scan using sbtest7_pkey on sbtest7  (cost=0.43..380.90 rows=99 width=121)
	  Index Cond: ((id >= 1452347) AND (id <= 1452446))

table 8 : explain SELECT c FROM sbtest8 WHERE id BETWEEN 5768416 AND 5768515
	Index Scan using sbtest8_pkey on sbtest8  (cost=0.43..386.43 rows=100 width=121)
	  Index Cond: ((id >= 5768416) AND (id <= 5768515))

for non_index_updates
table 1 : explain UPDATE sbtest1 SET c='foobar' WHERE id=2460607
	Update on sbtest1  (cost=0.43..8.45 rows=0 width=0)
	  ->  Index Scan using sbtest1_pkey on sbtest1  (cost=0.43..8.45 rows=1 width=490)
	        Index Cond: (id = 2460607)

table 2 : explain UPDATE sbtest2 SET c='foobar' WHERE id=4352420
	Update on sbtest2  (cost=0.43..8.45 rows=0 width=0)
	  ->  Index Scan using sbtest2_pkey on sbtest2  (cost=0.43..8.45 rows=1 width=490)
	        Index Cond: (id = 4352420)

table 3 : explain UPDATE sbtest3 SET c='foobar' WHERE id=1335454
	Update on sbtest3  (cost=0.43..8.45 rows=0 width=0)
	  ->  Index Scan using sbtest3_pkey on sbtest3  (cost=0.43..8.45 rows=1 width=490)
	        Index Cond: (id = 1335454)

table 4 : explain UPDATE sbtest4 SET c='foobar' WHERE id=7900079
	Update on sbtest4  (cost=0.43..8.45 rows=0 width=0)
	  ->  Index Scan using sbtest4_pkey on sbtest4  (cost=0.43..8.45 rows=1 width=490)
	        Index Cond: (id = 7900079)

table 5 : explain UPDATE sbtest5 SET c='foobar' WHERE id=5761723
	Update on sbtest5  (cost=0.43..8.45 rows=0 width=0)
	  ->  Index Scan using sbtest5_pkey on sbtest5  (cost=0.43..8.45 rows=1 width=490)
	        Index Cond: (id = 5761723)

table 6 : explain UPDATE sbtest6 SET c='foobar' WHERE id=7890231
	Update on sbtest6  (cost=0.43..8.45 rows=0 width=0)
	  ->  Index Scan using sbtest6_pkey on sbtest6  (cost=0.43..8.45 rows=1 width=490)
	        Index Cond: (id = 7890231)

table 7 : explain UPDATE sbtest7 SET c='foobar' WHERE id=1544165
	Update on sbtest7  (cost=0.43..8.45 rows=0 width=0)
	  ->  Index Scan using sbtest7_pkey on sbtest7  (cost=0.43..8.45 rows=1 width=490)
	        Index Cond: (id = 1544165)

table 8 : explain UPDATE sbtest8 SET c='foobar' WHERE id=3443527
	Update on sbtest8  (cost=0.43..8.45 rows=0 width=0)
	  ->  Index Scan using sbtest8_pkey on sbtest8  (cost=0.43..8.45 rows=1 width=490)
	        Index Cond: (id = 3443527)

explain: for inserts :: explain INSERT INTO sbtest%u (id, k, c, pad) VALUES (%u, 13, 'foobar', 'foobar')
for: sum_ranges
table 1 : explain SELECT SUM(k) FROM sbtest1 WHERE id BETWEEN 73068 AND 73167
	Aggregate  (cost=412.01..412.02 rows=1 width=8)
	  ->  Index Scan using sbtest1_pkey on sbtest1  (cost=0.43..411.74 rows=107 width=4)
	        Index Cond: ((id >= 73068) AND (id <= 73167))

table 2 : explain SELECT SUM(k) FROM sbtest2 WHERE id BETWEEN 5284261 AND 5284360
	Aggregate  (cost=411.38..411.39 rows=1 width=8)
	  ->  Index Scan using sbtest2_pkey on sbtest2  (cost=0.43..411.11 rows=107 width=4)
	        Index Cond: ((id >= 5284261) AND (id <= 5284360))

table 3 : explain SELECT SUM(k) FROM sbtest3 WHERE id BETWEEN 1579920 AND 1580019
	Aggregate  (cost=368.15..368.16 rows=1 width=8)
	  ->  Index Scan using sbtest3_pkey on sbtest3  (cost=0.43..367.91 rows=96 width=4)
	        Index Cond: ((id >= 1579920) AND (id <= 1580019))

table 4 : explain SELECT SUM(k) FROM sbtest4 WHERE id BETWEEN 4793424 AND 4793523
	Aggregate  (cost=365.65..365.66 rows=1 width=8)
	  ->  Index Scan using sbtest4_pkey on sbtest4  (cost=0.43..365.41 rows=95 width=4)
	        Index Cond: ((id >= 4793424) AND (id <= 4793523))

table 5 : explain SELECT SUM(k) FROM sbtest5 WHERE id BETWEEN 1332417 AND 1332516
	Aggregate  (cost=382.22..382.23 rows=1 width=8)
	  ->  Index Scan using sbtest5_pkey on sbtest5  (cost=0.43..381.97 rows=99 width=4)
	        Index Cond: ((id >= 1332417) AND (id <= 1332516))

table 6 : explain SELECT SUM(k) FROM sbtest6 WHERE id BETWEEN 8151678 AND 8151777
	Aggregate  (cost=342.40..342.41 rows=1 width=8)
	  ->  Index Scan using sbtest6_pkey on sbtest6  (cost=0.43..342.18 rows=89 width=4)
	        Index Cond: ((id >= 8151678) AND (id <= 8151777))

table 7 : explain SELECT SUM(k) FROM sbtest7 WHERE id BETWEEN 7353118 AND 7353217
	Aggregate  (cost=404.02..404.03 rows=1 width=8)
	  ->  Index Scan using sbtest7_pkey on sbtest7  (cost=0.43..403.76 rows=105 width=4)
	        Index Cond: ((id >= 7353118) AND (id <= 7353217))

table 8 : explain SELECT SUM(k) FROM sbtest8 WHERE id BETWEEN 2673220 AND 2673319
	Aggregate  (cost=382.86..382.87 rows=1 width=8)
	  ->  Index Scan using sbtest8_pkey on sbtest8  (cost=0.43..382.61 rows=99 width=4)
	        Index Cond: ((id >= 2673220) AND (id <= 2673319))

for: sum_ranges
table 1 : explain SELECT SUM(k) FROM sbtest1 WHERE id BETWEEN 4094433 AND 4094532
	Aggregate  (cost=377.70..377.71 rows=1 width=8)
	  ->  Index Scan using sbtest1_pkey on sbtest1  (cost=0.43..377.46 rows=98 width=4)
	        Index Cond: ((id >= 4094433) AND (id <= 4094532))

table 2 : explain SELECT SUM(k) FROM sbtest2 WHERE id BETWEEN 7103677 AND 7103776
	Aggregate  (cost=369.53..369.54 rows=1 width=8)
	  ->  Index Scan using sbtest2_pkey on sbtest2  (cost=0.43..369.29 rows=96 width=4)
	        Index Cond: ((id >= 7103677) AND (id <= 7103776))

table 3 : explain SELECT SUM(k) FROM sbtest3 WHERE id BETWEEN 1887490 AND 1887589
	Aggregate  (cost=447.70..447.71 rows=1 width=8)
	  ->  Index Scan using sbtest3_pkey on sbtest3  (cost=0.43..447.40 rows=117 width=4)
	        Index Cond: ((id >= 1887490) AND (id <= 1887589))

table 4 : explain SELECT SUM(k) FROM sbtest4 WHERE id BETWEEN 6366971 AND 6367070
	Aggregate  (cost=373.25..373.26 rows=1 width=8)
	  ->  Index Scan using sbtest4_pkey on sbtest4  (cost=0.43..373.01 rows=97 width=4)
	        Index Cond: ((id >= 6366971) AND (id <= 6367070))

table 5 : explain SELECT SUM(k) FROM sbtest5 WHERE id BETWEEN 2772142 AND 2772241
	Aggregate  (cost=389.84..389.85 rows=1 width=8)
	  ->  Index Scan using sbtest5_pkey on sbtest5  (cost=0.43..389.59 rows=101 width=4)
	        Index Cond: ((id >= 2772142) AND (id <= 2772241))

table 6 : explain SELECT SUM(k) FROM sbtest6 WHERE id BETWEEN 1156189 AND 1156288
	Aggregate  (cost=365.17..365.18 rows=1 width=8)
	  ->  Index Scan using sbtest6_pkey on sbtest6  (cost=0.43..364.93 rows=95 width=4)
	        Index Cond: ((id >= 1156189) AND (id <= 1156288))

table 7 : explain SELECT SUM(k) FROM sbtest7 WHERE id BETWEEN 5810829 AND 5810928
	Aggregate  (cost=388.81..388.82 rows=1 width=8)
	  ->  Index Scan using sbtest7_pkey on sbtest7  (cost=0.43..388.56 rows=101 width=4)
	        Index Cond: ((id >= 5810829) AND (id <= 5810928))

table 8 : explain SELECT SUM(k) FROM sbtest8 WHERE id BETWEEN 8294877 AND 8294976
	Aggregate  (cost=382.86..382.87 rows=1 width=8)
	  ->  Index Scan using sbtest8_pkey on sbtest8  (cost=0.43..382.61 rows=99 width=4)
	        Index Cond: ((id >= 8294877) AND (id <= 8294976))

for inserts
table 1 : explain INSERT INTO sbtest1 (id, k, c, pad) VALUES (6431060, 13, 'foobar', 'foobar')
	Insert on sbtest1  (cost=0.00..0.01 rows=0 width=0)
	  ->  Result  (cost=0.00..0.01 rows=1 width=736)

table 2 : explain INSERT INTO sbtest2 (id, k, c, pad) VALUES (9345288, 13, 'foobar', 'foobar')
	Insert on sbtest2  (cost=0.00..0.01 rows=0 width=0)
	  ->  Result  (cost=0.00..0.01 rows=1 width=736)

table 3 : explain INSERT INTO sbtest3 (id, k, c, pad) VALUES (3841458, 13, 'foobar', 'foobar')
	Insert on sbtest3  (cost=0.00..0.01 rows=0 width=0)
	  ->  Result  (cost=0.00..0.01 rows=1 width=736)

table 4 : explain INSERT INTO sbtest4 (id, k, c, pad) VALUES (2729372, 13, 'foobar', 'foobar')
	Insert on sbtest4  (cost=0.00..0.01 rows=0 width=0)
	  ->  Result  (cost=0.00..0.01 rows=1 width=736)

table 5 : explain INSERT INTO sbtest5 (id, k, c, pad) VALUES (1538549, 13, 'foobar', 'foobar')
	Insert on sbtest5  (cost=0.00..0.01 rows=0 width=0)
	  ->  Result  (cost=0.00..0.01 rows=1 width=736)

table 6 : explain INSERT INTO sbtest6 (id, k, c, pad) VALUES (5361178, 13, 'foobar', 'foobar')
	Insert on sbtest6  (cost=0.00..0.01 rows=0 width=0)
	  ->  Result  (cost=0.00..0.01 rows=1 width=736)

table 7 : explain INSERT INTO sbtest7 (id, k, c, pad) VALUES (7905492, 13, 'foobar', 'foobar')
	Insert on sbtest7  (cost=0.00..0.01 rows=0 width=0)
	  ->  Result  (cost=0.00..0.01 rows=1 width=736)

table 8 : explain INSERT INTO sbtest8 (id, k, c, pad) VALUES (2087864, 13, 'foobar', 'foobar')
	Insert on sbtest8  (cost=0.00..0.01 rows=0 width=0)
	  ->  Result  (cost=0.00..0.01 rows=1 width=736)

for index_updates
table 1 : explain UPDATE sbtest1 SET k=k+1 WHERE id=7973595
	Update on sbtest1  (cost=0.43..8.46 rows=0 width=0)
	  ->  Index Scan using sbtest1_pkey on sbtest1  (cost=0.43..8.46 rows=1 width=10)
	        Index Cond: (id = 7973595)

table 2 : explain UPDATE sbtest2 SET k=k+1 WHERE id=3368491
	Update on sbtest2  (cost=0.43..8.46 rows=0 width=0)
	  ->  Index Scan using sbtest2_pkey on sbtest2  (cost=0.43..8.46 rows=1 width=10)
	        Index Cond: (id = 3368491)

table 3 : explain UPDATE sbtest3 SET k=k+1 WHERE id=6809023
	Update on sbtest3  (cost=0.43..8.46 rows=0 width=0)
	  ->  Index Scan using sbtest3_pkey on sbtest3  (cost=0.43..8.46 rows=1 width=10)
	        Index Cond: (id = 6809023)

table 4 : explain UPDATE sbtest4 SET k=k+1 WHERE id=6922938
	Update on sbtest4  (cost=0.43..8.46 rows=0 width=0)
	  ->  Index Scan using sbtest4_pkey on sbtest4  (cost=0.43..8.46 rows=1 width=10)
	        Index Cond: (id = 6922938)

table 5 : explain UPDATE sbtest5 SET k=k+1 WHERE id=3077669
	Update on sbtest5  (cost=0.43..8.46 rows=0 width=0)
	  ->  Index Scan using sbtest5_pkey on sbtest5  (cost=0.43..8.46 rows=1 width=10)
	        Index Cond: (id = 3077669)

table 6 : explain UPDATE sbtest6 SET k=k+1 WHERE id=2416476
	Update on sbtest6  (cost=0.43..8.46 rows=0 width=0)
	  ->  Index Scan using sbtest6_pkey on sbtest6  (cost=0.43..8.46 rows=1 width=10)
	        Index Cond: (id = 2416476)

table 7 : explain UPDATE sbtest7 SET k=k+1 WHERE id=2988630
	Update on sbtest7  (cost=0.43..8.46 rows=0 width=0)
	  ->  Index Scan using sbtest7_pkey on sbtest7  (cost=0.43..8.46 rows=1 width=10)
	        Index Cond: (id = 2988630)

table 8 : explain UPDATE sbtest8 SET k=k+1 WHERE id=2701141
	Update on sbtest8  (cost=0.43..8.46 rows=0 width=0)
	  ->  Index Scan using sbtest8_pkey on sbtest8  (cost=0.43..8.46 rows=1 width=10)
	        Index Cond: (id = 2701141)

explain: for deletes :: explain DELETE FROM sbtest%u WHERE id=%u
explain: for non_index_updates :: explain UPDATE sbtest%u SET c='foobar' WHERE id=%u
for deletes
table 1 : explain DELETE FROM sbtest1 WHERE id=4417854
	Delete on sbtest1  (cost=0.43..8.45 rows=0 width=0)
	  ->  Index Scan using sbtest1_pkey on sbtest1  (cost=0.43..8.45 rows=1 width=6)
	        Index Cond: (id = 4417854)

table 2 : explain DELETE FROM sbtest2 WHERE id=9755022
	Delete on sbtest2  (cost=0.43..8.45 rows=0 width=0)
	  ->  Index Scan using sbtest2_pkey on sbtest2  (cost=0.43..8.45 rows=1 width=6)
	        Index Cond: (id = 9755022)

table 3 : explain DELETE FROM sbtest3 WHERE id=8175760
	Delete on sbtest3  (cost=0.43..8.45 rows=0 width=0)
	  ->  Index Scan using sbtest3_pkey on sbtest3  (cost=0.43..8.45 rows=1 width=6)
	        Index Cond: (id = 8175760)

table 4 : explain DELETE FROM sbtest4 WHERE id=174623
	Delete on sbtest4  (cost=0.43..8.45 rows=0 width=0)
	  ->  Index Scan using sbtest4_pkey on sbtest4  (cost=0.43..8.45 rows=1 width=6)
	        Index Cond: (id = 174623)

table 5 : explain DELETE FROM sbtest5 WHERE id=4846585
	Delete on sbtest5  (cost=0.43..8.45 rows=0 width=0)
	  ->  Index Scan using sbtest5_pkey on sbtest5  (cost=0.43..8.45 rows=1 width=6)
	        Index Cond: (id = 4846585)

table 6 : explain DELETE FROM sbtest6 WHERE id=5692520
	Delete on sbtest6  (cost=0.43..8.45 rows=0 width=0)
	  ->  Index Scan using sbtest6_pkey on sbtest6  (cost=0.43..8.45 rows=1 width=6)
	        Index Cond: (id = 5692520)

table 7 : explain DELETE FROM sbtest7 WHERE id=9208304
	Delete on sbtest7  (cost=0.43..8.45 rows=0 width=0)
	  ->  Index Scan using sbtest7_pkey on sbtest7  (cost=0.43..8.45 rows=1 width=6)
	        Index Cond: (id = 9208304)

table 8 : explain DELETE FROM sbtest8 WHERE id=1666503
	Delete on sbtest8  (cost=0.43..8.45 rows=0 width=0)
	  ->  Index Scan using sbtest8_pkey on sbtest8  (cost=0.43..8.45 rows=1 width=6)
	        Index Cond: (id = 1666503)

for deletes
table 1 : explain DELETE FROM sbtest1 WHERE id=8845136
	Delete on sbtest1  (cost=0.43..8.45 rows=0 width=0)
	  ->  Index Scan using sbtest1_pkey on sbtest1  (cost=0.43..8.45 rows=1 width=6)
	        Index Cond: (id = 8845136)

table 2 : explain DELETE FROM sbtest2 WHERE id=3423290
	Delete on sbtest2  (cost=0.43..8.45 rows=0 width=0)
	  ->  Index Scan using sbtest2_pkey on sbtest2  (cost=0.43..8.45 rows=1 width=6)
	        Index Cond: (id = 3423290)

table 3 : explain DELETE FROM sbtest3 WHERE id=8832979
	Delete on sbtest3  (cost=0.43..8.45 rows=0 width=0)
	  ->  Index Scan using sbtest3_pkey on sbtest3  (cost=0.43..8.45 rows=1 width=6)
	        Index Cond: (id = 8832979)

table 4 : explain DELETE FROM sbtest4 WHERE id=8165216
	Delete on sbtest4  (cost=0.43..8.45 rows=0 width=0)
	  ->  Index Scan using sbtest4_pkey on sbtest4  (cost=0.43..8.45 rows=1 width=6)
	        Index Cond: (id = 8165216)

table 5 : explain DELETE FROM sbtest5 WHERE id=1259760
	Delete on sbtest5  (cost=0.43..8.45 rows=0 width=0)
	  ->  Index Scan using sbtest5_pkey on sbtest5  (cost=0.43..8.45 rows=1 width=6)
	        Index Cond: (id = 1259760)

table 6 : explain DELETE FROM sbtest6 WHERE id=7006599
	Delete on sbtest6  (cost=0.43..8.45 rows=0 width=0)
	  ->  Index Scan using sbtest6_pkey on sbtest6  (cost=0.43..8.45 rows=1 width=6)
	        Index Cond: (id = 7006599)

table 7 : explain DELETE FROM sbtest7 WHERE id=1927106
	Delete on sbtest7  (cost=0.43..8.45 rows=0 width=0)
	  ->  Index Scan using sbtest7_pkey on sbtest7  (cost=0.43..8.45 rows=1 width=6)
	        Index Cond: (id = 1927106)

table 8 : explain DELETE FROM sbtest8 WHERE id=1886595
	Delete on sbtest8  (cost=0.43..8.45 rows=0 width=0)
	  ->  Index Scan using sbtest8_pkey on sbtest8  (cost=0.43..8.45 rows=1 width=6)
	        Index Cond: (id = 1886595)

for: sum_ranges
table 1 : explain SELECT SUM(k) FROM sbtest1 WHERE id BETWEEN 5044425 AND 5044524
	Aggregate  (cost=389.17..389.18 rows=1 width=8)
	  ->  Index Scan using sbtest1_pkey on sbtest1  (cost=0.43..388.92 rows=101 width=4)
	        Index Cond: ((id >= 5044425) AND (id <= 5044524))

table 2 : explain SELECT SUM(k) FROM sbtest2 WHERE id BETWEEN 4900661 AND 4900760
	Aggregate  (cost=377.13..377.14 rows=1 width=8)
	  ->  Index Scan using sbtest2_pkey on sbtest2  (cost=0.43..376.88 rows=98 width=4)
	        Index Cond: ((id >= 4900661) AND (id <= 4900760))

table 3 : explain SELECT SUM(k) FROM sbtest3 WHERE id BETWEEN 5250511 AND 5250610
	Aggregate  (cost=341.66..341.67 rows=1 width=8)
	  ->  Index Scan using sbtest3_pkey on sbtest3  (cost=0.43..341.43 rows=89 width=4)
	        Index Cond: ((id >= 5250511) AND (id <= 5250610))

table 4 : explain SELECT SUM(k) FROM sbtest4 WHERE id BETWEEN 6956646 AND 6956745
	Aggregate  (cost=380.84..380.85 rows=1 width=8)
	  ->  Index Scan using sbtest4_pkey on sbtest4  (cost=0.43..380.60 rows=99 width=4)
	        Index Cond: ((id >= 6956646) AND (id <= 6956745))

table 5 : explain SELECT SUM(k) FROM sbtest5 WHERE id BETWEEN 1475428 AND 1475527
	Aggregate  (cost=382.22..382.23 rows=1 width=8)
	  ->  Index Scan using sbtest5_pkey on sbtest5  (cost=0.43..381.97 rows=99 width=4)
	        Index Cond: ((id >= 1475428) AND (id <= 1475527))

table 6 : explain SELECT SUM(k) FROM sbtest6 WHERE id BETWEEN 5546899 AND 5546998
	Aggregate  (cost=395.57..395.58 rows=1 width=8)
	  ->  Index Scan using sbtest6_pkey on sbtest6  (cost=0.43..395.31 rows=103 width=4)
	        Index Cond: ((id >= 5546899) AND (id <= 5546998))

table 7 : explain SELECT SUM(k) FROM sbtest7 WHERE id BETWEEN 7123088 AND 7123187
	Aggregate  (cost=400.22..400.23 rows=1 width=8)
	  ->  Index Scan using sbtest7_pkey on sbtest7  (cost=0.43..399.96 rows=104 width=4)
	        Index Cond: ((id >= 7123088) AND (id <= 7123187))

table 8 : explain SELECT SUM(k) FROM sbtest8 WHERE id BETWEEN 7088000 AND 7088099
	Aggregate  (cost=359.89..359.90 rows=1 width=8)
	  ->  Index Scan using sbtest8_pkey on sbtest8  (cost=0.43..359.66 rows=93 width=4)
	        Index Cond: ((id >= 7088000) AND (id <= 7088099))

for: order_ranges
table 1 : explain SELECT c FROM sbtest1 WHERE id BETWEEN 9814664 AND 9814763 ORDER BY c
	Sort  (cost=357.64..357.87 rows=92 width=121)
	  Sort Key: c
	  ->  Index Scan using sbtest1_pkey on sbtest1  (cost=0.43..354.64 rows=92 width=121)
	        Index Cond: ((id >= 9814664) AND (id <= 9814763))

table 2 : explain SELECT c FROM sbtest2 WHERE id BETWEEN 4688301 AND 4688400 ORDER BY c
	Sort  (cost=353.26..353.49 rows=91 width=121)
	  Sort Key: c
	  ->  Index Scan using sbtest2_pkey on sbtest2  (cost=0.43..350.30 rows=91 width=121)
	        Index Cond: ((id >= 4688301) AND (id <= 4688400))

table 3 : explain SELECT c FROM sbtest3 WHERE id BETWEEN 7754273 AND 7754372 ORDER BY c
	Sort  (cost=401.72..401.98 rows=104 width=121)
	  Sort Key: c
	  ->  Index Scan using sbtest3_pkey on sbtest3  (cost=0.43..398.23 rows=104 width=121)
	        Index Cond: ((id >= 7754273) AND (id <= 7754372))

table 4 : explain SELECT c FROM sbtest4 WHERE id BETWEEN 6128654 AND 6128753 ORDER BY c
	Sort  (cost=380.04..380.29 rows=98 width=121)
	  Sort Key: c
	  ->  Index Scan using sbtest4_pkey on sbtest4  (cost=0.43..376.80 rows=98 width=121)
	        Index Cond: ((id >= 6128654) AND (id <= 6128753))

table 5 : explain SELECT c FROM sbtest5 WHERE id BETWEEN 4570373 AND 4570472 ORDER BY c
	Sort  (cost=396.80..397.05 rows=102 width=121)
	  Sort Key: c
	  ->  Index Scan using sbtest5_pkey on sbtest5  (cost=0.43..393.40 rows=102 width=121)
	        Index Cond: ((id >= 4570373) AND (id <= 4570472))

table 6 : explain SELECT c FROM sbtest6 WHERE id BETWEEN 5841416 AND 5841515 ORDER BY c
	Sort  (cost=383.43..383.68 rows=99 width=121)
	  Sort Key: c
	  ->  Index Scan using sbtest6_pkey on sbtest6  (cost=0.43..380.15 rows=99 width=121)
	        Index Cond: ((id >= 5841416) AND (id <= 5841515))

table 7 : explain SELECT c FROM sbtest7 WHERE id BETWEEN 2439207 AND 2439306 ORDER BY c
	Sort  (cost=418.80..419.07 rows=108 width=121)
	  Sort Key: c
	  ->  Index Scan using sbtest7_pkey on sbtest7  (cost=0.43..415.15 rows=108 width=121)
	        Index Cond: ((id >= 2439207) AND (id <= 2439306))

table 8 : explain SELECT c FROM sbtest8 WHERE id BETWEEN 3025391 AND 3025490 ORDER BY c
	Sort  (cost=370.41..370.65 rows=95 width=121)
	  Sort Key: c
	  ->  Index Scan using sbtest8_pkey on sbtest8  (cost=0.43..367.29 rows=95 width=121)
	        Index Cond: ((id >= 3025391) AND (id <= 3025490))

for non_index_updates
table 1 : explain UPDATE sbtest1 SET c='foobar' WHERE id=3441911
	Update on sbtest1  (cost=0.43..8.45 rows=0 width=0)
	  ->  Index Scan using sbtest1_pkey on sbtest1  (cost=0.43..8.45 rows=1 width=490)
	        Index Cond: (id = 3441911)

table 2 : explain UPDATE sbtest2 SET c='foobar' WHERE id=9963059
	Update on sbtest2  (cost=0.43..8.45 rows=0 width=0)
	  ->  Index Scan using sbtest2_pkey on sbtest2  (cost=0.43..8.45 rows=1 width=490)
	        Index Cond: (id = 9963059)

table 3 : explain UPDATE sbtest3 SET c='foobar' WHERE id=6566537
	Update on sbtest3  (cost=0.43..8.45 rows=0 width=0)
	  ->  Index Scan using sbtest3_pkey on sbtest3  (cost=0.43..8.45 rows=1 width=490)
	        Index Cond: (id = 6566537)

table 4 : explain UPDATE sbtest4 SET c='foobar' WHERE id=537894
	Update on sbtest4  (cost=0.43..8.45 rows=0 width=0)
	  ->  Index Scan using sbtest4_pkey on sbtest4  (cost=0.43..8.45 rows=1 width=490)
	        Index Cond: (id = 537894)

table 5 : explain UPDATE sbtest5 SET c='foobar' WHERE id=8032211
	Update on sbtest5  (cost=0.43..8.45 rows=0 width=0)
	  ->  Index Scan using sbtest5_pkey on sbtest5  (cost=0.43..8.45 rows=1 width=490)
	        Index Cond: (id = 8032211)

table 6 : explain UPDATE sbtest6 SET c='foobar' WHERE id=86268
	Update on sbtest6  (cost=0.43..8.45 rows=0 width=0)
	  ->  Index Scan using sbtest6_pkey on sbtest6  (cost=0.43..8.45 rows=1 width=490)
	        Index Cond: (id = 86268)

table 7 : explain UPDATE sbtest7 SET c='foobar' WHERE id=1343343
	Update on sbtest7  (cost=0.43..8.45 rows=0 width=0)
	  ->  Index Scan using sbtest7_pkey on sbtest7  (cost=0.43..8.45 rows=1 width=490)
	        Index Cond: (id = 1343343)

table 8 : explain UPDATE sbtest8 SET c='foobar' WHERE id=2078647
	Update on sbtest8  (cost=0.43..8.45 rows=0 width=0)
	  ->  Index Scan using sbtest8_pkey on sbtest8  (cost=0.43..8.45 rows=1 width=490)
	        Index Cond: (id = 2078647)

explain: for inserts :: explain INSERT INTO sbtest%u (id, k, c, pad) VALUES (%u, 13, 'foobar', 'foobar')
for: order_ranges
table 1 : explain SELECT c FROM sbtest1 WHERE id BETWEEN 7554893 AND 7554992 ORDER BY c
	Sort  (cost=392.28..392.54 rows=101 width=121)
	  Sort Key: c
	  ->  Index Scan using sbtest1_pkey on sbtest1  (cost=0.43..388.92 rows=101 width=121)
	        Index Cond: ((id >= 7554893) AND (id <= 7554992))

table 2 : explain SELECT c FROM sbtest2 WHERE id BETWEEN 9829222 AND 9829321 ORDER BY c
	Sort  (cost=403.20..403.46 rows=104 width=121)
	  Sort Key: c
	  ->  Index Scan using sbtest2_pkey on sbtest2  (cost=0.43..399.72 rows=104 width=121)
	        Index Cond: ((id >= 9829222) AND (id <= 9829321))

table 3 : explain SELECT c FROM sbtest3 WHERE id BETWEEN 297805 AND 297904 ORDER BY c
	Sort  (cost=390.25..390.50 rows=101 width=121)
	  Sort Key: c
	  ->  Index Scan using sbtest3_pkey on sbtest3  (cost=0.43..386.88 rows=101 width=121)
	        Index Cond: ((id >= 297805) AND (id <= 297904))

table 4 : explain SELECT c FROM sbtest4 WHERE id BETWEEN 3668676 AND 3668775 ORDER BY c
	Sort  (cost=364.70..364.93 rows=94 width=121)
	  Sort Key: c
	  ->  Index Scan using sbtest4_pkey on sbtest4  (cost=0.43..361.62 rows=94 width=121)
	        Index Cond: ((id >= 3668676) AND (id <= 3668775))

table 5 : explain SELECT c FROM sbtest5 WHERE id BETWEEN 6138715 AND 6138814 ORDER BY c
	Sort  (cost=400.65..400.91 rows=103 width=121)
	  Sort Key: c
	  ->  Index Scan using sbtest5_pkey on sbtest5  (cost=0.43..397.21 rows=103 width=121)
	        Index Cond: ((id >= 6138715) AND (id <= 6138814))

table 6 : explain SELECT c FROM sbtest6 WHERE id BETWEEN 4827746 AND 4827845 ORDER BY c
	Sort  (cost=387.26..387.51 rows=100 width=121)
	  Sort Key: c
	  ->  Index Scan using sbtest6_pkey on sbtest6  (cost=0.43..383.94 rows=100 width=121)
	        Index Cond: ((id >= 4827746) AND (id <= 4827845))

table 7 : explain SELECT c FROM sbtest7 WHERE id BETWEEN 9619078 AND 9619177 ORDER BY c
	Sort  (cost=407.28..407.54 rows=105 width=121)
	  Sort Key: c
	  ->  Index Scan using sbtest7_pkey on sbtest7  (cost=0.43..403.76 rows=105 width=121)
	        Index Cond: ((id >= 9619078) AND (id <= 9619177))

table 8 : explain SELECT c FROM sbtest8 WHERE id BETWEEN 8912533 AND 8912632 ORDER BY c
	Sort  (cost=381.98..382.23 rows=98 width=121)
	  Sort Key: c
	  ->  Index Scan using sbtest8_pkey on sbtest8  (cost=0.43..378.74 rows=98 width=121)
	        Index Cond: ((id >= 8912533) AND (id <= 8912632))

explain: for point_selects :: explain SELECT c FROM sbtest%u WHERE id=%u
explain: for deletes :: explain DELETE FROM sbtest%u WHERE id=%u
for non_index_updates
table 1 : explain UPDATE sbtest1 SET c='foobar' WHERE id=8697074
	Update on sbtest1  (cost=0.43..8.45 rows=0 width=0)
	  ->  Index Scan using sbtest1_pkey on sbtest1  (cost=0.43..8.45 rows=1 width=490)
	        Index Cond: (id = 8697074)

table 2 : explain UPDATE sbtest2 SET c='foobar' WHERE id=4357977
	Update on sbtest2  (cost=0.43..8.45 rows=0 width=0)
	  ->  Index Scan using sbtest2_pkey on sbtest2  (cost=0.43..8.45 rows=1 width=490)
	        Index Cond: (id = 4357977)

table 3 : explain UPDATE sbtest3 SET c='foobar' WHERE id=8862817
	Update on sbtest3  (cost=0.43..8.45 rows=0 width=0)
	  ->  Index Scan using sbtest3_pkey on sbtest3  (cost=0.43..8.45 rows=1 width=490)
	        Index Cond: (id = 8862817)

table 4 : explain UPDATE sbtest4 SET c='foobar' WHERE id=1183663
	Update on sbtest4  (cost=0.43..8.45 rows=0 width=0)
	  ->  Index Scan using sbtest4_pkey on sbtest4  (cost=0.43..8.45 rows=1 width=490)
	        Index Cond: (id = 1183663)

table 5 : explain UPDATE sbtest5 SET c='foobar' WHERE id=2879499
	Update on sbtest5  (cost=0.43..8.45 rows=0 width=0)
	  ->  Index Scan using sbtest5_pkey on sbtest5  (cost=0.43..8.45 rows=1 width=490)
	        Index Cond: (id = 2879499)

table 6 : explain UPDATE sbtest6 SET c='foobar' WHERE id=2372643
	Update on sbtest6  (cost=0.43..8.45 rows=0 width=0)
	  ->  Index Scan using sbtest6_pkey on sbtest6  (cost=0.43..8.45 rows=1 width=490)
	        Index Cond: (id = 2372643)

table 7 : explain UPDATE sbtest7 SET c='foobar' WHERE id=3834321
	Update on sbtest7  (cost=0.43..8.45 rows=0 width=0)
	  ->  Index Scan using sbtest7_pkey on sbtest7  (cost=0.43..8.45 rows=1 width=490)
	        Index Cond: (id = 3834321)

table 8 : explain UPDATE sbtest8 SET c='foobar' WHERE id=4889169
	Update on sbtest8  (cost=0.43..8.45 rows=0 width=0)
	  ->  Index Scan using sbtest8_pkey on sbtest8  (cost=0.43..8.45 rows=1 width=490)
	        Index Cond: (id = 4889169)

for inserts
table 1 : explain INSERT INTO sbtest1 (id, k, c, pad) VALUES (7641383, 13, 'foobar', 'foobar')
	Insert on sbtest1  (cost=0.00..0.01 rows=0 width=0)
	  ->  Result  (cost=0.00..0.01 rows=1 width=736)

table 2 : explain INSERT INTO sbtest2 (id, k, c, pad) VALUES (2226282, 13, 'foobar', 'foobar')
	Insert on sbtest2  (cost=0.00..0.01 rows=0 width=0)
	  ->  Result  (cost=0.00..0.01 rows=1 width=736)

table 3 : explain INSERT INTO sbtest3 (id, k, c, pad) VALUES (3866158, 13, 'foobar', 'foobar')
	Insert on sbtest3  (cost=0.00..0.01 rows=0 width=0)
	  ->  Result  (cost=0.00..0.01 rows=1 width=736)

table 4 : explain INSERT INTO sbtest4 (id, k, c, pad) VALUES (7536776, 13, 'foobar', 'foobar')
	Insert on sbtest4  (cost=0.00..0.01 rows=0 width=0)
	  ->  Result  (cost=0.00..0.01 rows=1 width=736)

table 5 : explain INSERT INTO sbtest5 (id, k, c, pad) VALUES (6230640, 13, 'foobar', 'foobar')
	Insert on sbtest5  (cost=0.00..0.01 rows=0 width=0)
	  ->  Result  (cost=0.00..0.01 rows=1 width=736)

table 6 : explain INSERT INTO sbtest6 (id, k, c, pad) VALUES (6573016, 13, 'foobar', 'foobar')
	Insert on sbtest6  (cost=0.00..0.01 rows=0 width=0)
	  ->  Result  (cost=0.00..0.01 rows=1 width=736)

table 7 : explain INSERT INTO sbtest7 (id, k, c, pad) VALUES (5395440, 13, 'foobar', 'foobar')
	Insert on sbtest7  (cost=0.00..0.01 rows=0 width=0)
	  ->  Result  (cost=0.00..0.01 rows=1 width=736)

table 8 : explain INSERT INTO sbtest8 (id, k, c, pad) VALUES (5102568, 13, 'foobar', 'foobar')
	Insert on sbtest8  (cost=0.00..0.01 rows=0 width=0)
	  ->  Result  (cost=0.00..0.01 rows=1 width=736)

explain: for inserts :: explain INSERT INTO sbtest%u (id, k, c, pad) VALUES (%u, 13, 'foobar', 'foobar')
explain: for deletes :: explain DELETE FROM sbtest%u WHERE id=%u
for deletes
table 1 : explain DELETE FROM sbtest1 WHERE id=9672880
	Delete on sbtest1  (cost=0.43..8.45 rows=0 width=0)
	  ->  Index Scan using sbtest1_pkey on sbtest1  (cost=0.43..8.45 rows=1 width=6)
	        Index Cond: (id = 9672880)

table 2 : explain DELETE FROM sbtest2 WHERE id=7690478
	Delete on sbtest2  (cost=0.43..8.45 rows=0 width=0)
	  ->  Index Scan using sbtest2_pkey on sbtest2  (cost=0.43..8.45 rows=1 width=6)
	        Index Cond: (id = 7690478)

table 3 : explain DELETE FROM sbtest3 WHERE id=7512740
	Delete on sbtest3  (cost=0.43..8.45 rows=0 width=0)
	  ->  Index Scan using sbtest3_pkey on sbtest3  (cost=0.43..8.45 rows=1 width=6)
	        Index Cond: (id = 7512740)

table 4 : explain DELETE FROM sbtest4 WHERE id=6140440
	Delete on sbtest4  (cost=0.43..8.45 rows=0 width=0)
	  ->  Index Scan using sbtest4_pkey on sbtest4  (cost=0.43..8.45 rows=1 width=6)
	        Index Cond: (id = 6140440)

table 5 : explain DELETE FROM sbtest5 WHERE id=7046225
	Delete on sbtest5  (cost=0.43..8.45 rows=0 width=0)
	  ->  Index Scan using sbtest5_pkey on sbtest5  (cost=0.43..8.45 rows=1 width=6)
	        Index Cond: (id = 7046225)

table 6 : explain DELETE FROM sbtest6 WHERE id=5223360
	Delete on sbtest6  (cost=0.43..8.45 rows=0 width=0)
	  ->  Index Scan using sbtest6_pkey on sbtest6  (cost=0.43..8.45 rows=1 width=6)
	        Index Cond: (id = 5223360)

table 7 : explain DELETE FROM sbtest7 WHERE id=3849720
	Delete on sbtest7  (cost=0.43..8.45 rows=0 width=0)
	  ->  Index Scan using sbtest7_pkey on sbtest7  (cost=0.43..8.45 rows=1 width=6)
	        Index Cond: (id = 3849720)

table 8 : explain DELETE FROM sbtest8 WHERE id=5436641
	Delete on sbtest8  (cost=0.43..8.45 rows=0 width=0)
	  ->  Index Scan using sbtest8_pkey on sbtest8  (cost=0.43..8.45 rows=1 width=6)
	        Index Cond: (id = 5436641)

for inserts
table 1 : explain INSERT INTO sbtest1 (id, k, c, pad) VALUES (9864091, 13, 'foobar', 'foobar')
	Insert on sbtest1  (cost=0.00..0.01 rows=0 width=0)
	  ->  Result  (cost=0.00..0.01 rows=1 width=736)

table 2 : explain INSERT INTO sbtest2 (id, k, c, pad) VALUES (6869242, 13, 'foobar', 'foobar')
	Insert on sbtest2  (cost=0.00..0.01 rows=0 width=0)
	  ->  Result  (cost=0.00..0.01 rows=1 width=736)

table 3 : explain INSERT INTO sbtest3 (id, k, c, pad) VALUES (6490062, 13, 'foobar', 'foobar')
	Insert on sbtest3  (cost=0.00..0.01 rows=0 width=0)
	  ->  Result  (cost=0.00..0.01 rows=1 width=736)

table 4 : explain INSERT INTO sbtest4 (id, k, c, pad) VALUES (6557595, 13, 'foobar', 'foobar')
	Insert on sbtest4  (cost=0.00..0.01 rows=0 width=0)
	  ->  Result  (cost=0.00..0.01 rows=1 width=736)

table 5 : explain INSERT INTO sbtest5 (id, k, c, pad) VALUES (3991326, 13, 'foobar', 'foobar')
	Insert on sbtest5  (cost=0.00..0.01 rows=0 width=0)
	  ->  Result  (cost=0.00..0.01 rows=1 width=736)

table 6 : explain INSERT INTO sbtest6 (id, k, c, pad) VALUES (61577, 13, 'foobar', 'foobar')
	Insert on sbtest6  (cost=0.00..0.01 rows=0 width=0)
	  ->  Result  (cost=0.00..0.01 rows=1 width=736)

table 7 : explain INSERT INTO sbtest7 (id, k, c, pad) VALUES (1758450, 13, 'foobar', 'foobar')
	Insert on sbtest7  (cost=0.00..0.01 rows=0 width=0)
	  ->  Result  (cost=0.00..0.01 rows=1 width=736)

table 8 : explain INSERT INTO sbtest8 (id, k, c, pad) VALUES (3704010, 13, 'foobar', 'foobar')
	Insert on sbtest8  (cost=0.00..0.01 rows=0 width=0)
	  ->  Result  (cost=0.00..0.01 rows=1 width=736)

for: distinct_ranges
table 1 : explain SELECT DISTINCT c FROM sbtest1 WHERE id BETWEEN 1131664 AND 1131763 ORDER BY c
	Unique  (cost=411.50..412.03 rows=106 width=121)
	  ->  Sort  (cost=411.50..411.77 rows=106 width=121)
	        Sort Key: c
	        ->  Index Scan using sbtest1_pkey on sbtest1  (cost=0.43..407.94 rows=106 width=121)
	              Index Cond: ((id >= 1131664) AND (id <= 1131763))

table 2 : explain SELECT DISTINCT c FROM sbtest2 WHERE id BETWEEN 1337105 AND 1337204 ORDER BY c
	Unique  (cost=372.45..372.93 rows=96 width=121)
	  ->  Sort  (cost=372.45..372.69 rows=96 width=121)
	        Sort Key: c
	        ->  Index Scan using sbtest2_pkey on sbtest2  (cost=0.43..369.29 rows=96 width=121)
	              Index Cond: ((id >= 1337105) AND (id <= 1337204))

table 3 : explain SELECT DISTINCT c FROM sbtest3 WHERE id BETWEEN 753373 AND 753472 ORDER BY c
	Unique  (cost=382.60..383.10 rows=99 width=121)
	  ->  Sort  (cost=382.60..382.85 rows=99 width=121)
	        Sort Key: c
	        ->  Index Scan using sbtest3_pkey on sbtest3  (cost=0.43..379.32 rows=99 width=121)
	              Index Cond: ((id >= 753373) AND (id <= 753472))

table 4 : explain SELECT DISTINCT c FROM sbtest4 WHERE id BETWEEN 6267698 AND 6267797 ORDER BY c
	Unique  (cost=437.59..438.15 rows=113 width=121)
	  ->  Sort  (cost=437.59..437.87 rows=113 width=121)
	        Sort Key: c
	        ->  Index Scan using sbtest4_pkey on sbtest4  (cost=0.43..433.74 rows=113 width=121)
	              Index Cond: ((id >= 6267698) AND (id <= 6267797))

table 5 : explain SELECT DISTINCT c FROM sbtest5 WHERE id BETWEEN 331031 AND 331130 ORDER BY c
	Unique  (cost=385.25..385.74 rows=99 width=121)
	  ->  Sort  (cost=385.25..385.50 rows=99 width=121)
	        Sort Key: c
	        ->  Index Scan using sbtest5_pkey on sbtest5  (cost=0.43..381.97 rows=99 width=121)
	              Index Cond: ((id >= 331031) AND (id <= 331130))

table 6 : explain SELECT DISTINCT c FROM sbtest6 WHERE id BETWEEN 2019743 AND 2019842 ORDER BY c
	Unique  (cost=360.39..360.85 rows=93 width=121)
	  ->  Sort  (cost=360.39..360.62 rows=93 width=121)
	        Sort Key: c
	        ->  Index Scan using sbtest6_pkey on sbtest6  (cost=0.43..357.35 rows=93 width=121)
	              Index Cond: ((id >= 2019743) AND (id <= 2019842))

table 7 : explain SELECT DISTINCT c FROM sbtest7 WHERE id BETWEEN 6265751 AND 6265850 ORDER BY c
	Unique  (cost=384.19..384.68 rows=99 width=121)
	  ->  Sort  (cost=384.19..384.43 rows=99 width=121)
	        Sort Key: c
	        ->  Index Scan using sbtest7_pkey on sbtest7  (cost=0.43..380.90 rows=99 width=121)
	              Index Cond: ((id >= 6265751) AND (id <= 6265850))

table 8 : explain SELECT DISTINCT c FROM sbtest8 WHERE id BETWEEN 5167976 AND 5168075 ORDER BY c
	Unique  (cost=370.41..370.89 rows=95 width=121)
	  ->  Sort  (cost=370.41..370.65 rows=95 width=121)
	        Sort Key: c
	        ->  Index Scan using sbtest8_pkey on sbtest8  (cost=0.43..367.29 rows=95 width=121)
	              Index Cond: ((id >= 5167976) AND (id <= 5168075))

explain: for inserts :: explain INSERT INTO sbtest%u (id, k, c, pad) VALUES (%u, 13, 'foobar', 'foobar')
for deletes
table 1 : explain DELETE FROM sbtest1 WHERE id=2923104
	Delete on sbtest1  (cost=0.43..8.45 rows=0 width=0)
	  ->  Index Scan using sbtest1_pkey on sbtest1  (cost=0.43..8.45 rows=1 width=6)
	        Index Cond: (id = 2923104)

table 2 : explain DELETE FROM sbtest2 WHERE id=4400666
	Delete on sbtest2  (cost=0.43..8.45 rows=0 width=0)
	  ->  Index Scan using sbtest2_pkey on sbtest2  (cost=0.43..8.45 rows=1 width=6)
	        Index Cond: (id = 4400666)

table 3 : explain DELETE FROM sbtest3 WHERE id=932691
	Delete on sbtest3  (cost=0.43..8.45 rows=0 width=0)
	  ->  Index Scan using sbtest3_pkey on sbtest3  (cost=0.43..8.45 rows=1 width=6)
	        Index Cond: (id = 932691)

table 4 : explain DELETE FROM sbtest4 WHERE id=4872661
	Delete on sbtest4  (cost=0.43..8.45 rows=0 width=0)
	  ->  Index Scan using sbtest4_pkey on sbtest4  (cost=0.43..8.45 rows=1 width=6)
	        Index Cond: (id = 4872661)

table 5 : explain DELETE FROM sbtest5 WHERE id=2302169
	Delete on sbtest5  (cost=0.43..8.45 rows=0 width=0)
	  ->  Index Scan using sbtest5_pkey on sbtest5  (cost=0.43..8.45 rows=1 width=6)
	        Index Cond: (id = 2302169)

table 6 : explain DELETE FROM sbtest6 WHERE id=1215381
	Delete on sbtest6  (cost=0.43..8.45 rows=0 width=0)
	  ->  Index Scan using sbtest6_pkey on sbtest6  (cost=0.43..8.45 rows=1 width=6)
	        Index Cond: (id = 1215381)

table 7 : explain DELETE FROM sbtest7 WHERE id=5073634
	Delete on sbtest7  (cost=0.43..8.45 rows=0 width=0)
	  ->  Index Scan using sbtest7_pkey on sbtest7  (cost=0.43..8.45 rows=1 width=6)
	        Index Cond: (id = 5073634)

table 8 : explain DELETE FROM sbtest8 WHERE id=4321737
	Delete on sbtest8  (cost=0.43..8.45 rows=0 width=0)
	  ->  Index Scan using sbtest8_pkey on sbtest8  (cost=0.43..8.45 rows=1 width=6)
	        Index Cond: (id = 4321737)

explain: for inserts :: explain INSERT INTO sbtest%u (id, k, c, pad) VALUES (%u, 13, 'foobar', 'foobar')
explain: for index_updates :: explain UPDATE sbtest%u SET k=k+1 WHERE id=%u
for: order_ranges
table 1 : explain SELECT c FROM sbtest1 WHERE id BETWEEN 3779565 AND 3779664 ORDER BY c
	Sort  (cost=349.96..350.18 rows=90 width=121)
	  Sort Key: c
	  ->  Index Scan using sbtest1_pkey on sbtest1  (cost=0.43..347.03 rows=90 width=121)
	        Index Cond: ((id >= 3779565) AND (id <= 3779664))

table 2 : explain SELECT c FROM sbtest2 WHERE id BETWEEN 6256029 AND 6256128 ORDER BY c
	Sort  (cost=341.75..341.97 rows=88 width=121)
	  Sort Key: c
	  ->  Index Scan using sbtest2_pkey on sbtest2  (cost=0.43..338.91 rows=88 width=121)
	        Index Cond: ((id >= 6256029) AND (id <= 6256128))

table 3 : explain SELECT c FROM sbtest3 WHERE id BETWEEN 3127490 AND 3127589 ORDER BY c
	Sort  (cost=394.07..394.32 rows=102 width=121)
	  Sort Key: c
	  ->  Index Scan using sbtest3_pkey on sbtest3  (cost=0.43..390.67 rows=102 width=121)
	        Index Cond: ((id >= 3127490) AND (id <= 3127589))

table 4 : explain SELECT c FROM sbtest4 WHERE id BETWEEN 3316017 AND 3316116 ORDER BY c
	Sort  (cost=391.55..391.80 rows=101 width=121)
	  Sort Key: c
	  ->  Index Scan using sbtest4_pkey on sbtest4  (cost=0.43..388.19 rows=101 width=121)
	        Index Cond: ((id >= 3316017) AND (id <= 3316116))

table 5 : explain SELECT c FROM sbtest5 WHERE id BETWEEN 3261027 AND 3261126 ORDER BY c
	Sort  (cost=366.00..366.23 rows=94 width=121)
	  Sort Key: c
	  ->  Index Scan using sbtest5_pkey on sbtest5  (cost=0.43..362.92 rows=94 width=121)
	        Index Cond: ((id >= 3261027) AND (id <= 3261126))

table 6 : explain SELECT c FROM sbtest6 WHERE id BETWEEN 3509984 AND 3510083 ORDER BY c
	Sort  (cost=394.93..395.18 rows=102 width=121)
	  Sort Key: c
	  ->  Index Scan using sbtest6_pkey on sbtest6  (cost=0.43..391.52 rows=102 width=121)
	        Index Cond: ((id >= 3509984) AND (id <= 3510083))

table 7 : explain SELECT c FROM sbtest7 WHERE id BETWEEN 2135635 AND 2135734 ORDER BY c
	Sort  (cost=441.84..442.13 rows=114 width=121)
	  Sort Key: c
	  ->  Index Scan using sbtest7_pkey on sbtest7  (cost=0.43..437.95 rows=114 width=121)
	        Index Cond: ((id >= 2135635) AND (id <= 2135734))

table 8 : explain SELECT c FROM sbtest8 WHERE id BETWEEN 8054935 AND 8055034 ORDER BY c
	Sort  (cost=405.18..405.44 rows=104 width=121)
	  Sort Key: c
	  ->  Index Scan using sbtest8_pkey on sbtest8  (cost=0.43..401.69 rows=104 width=121)
	        Index Cond: ((id >= 8054935) AND (id <= 8055034))

for: distinct_ranges
table 1 : explain SELECT DISTINCT c FROM sbtest1 WHERE id BETWEEN 9962883 AND 9962982 ORDER BY c
	Unique  (cost=380.70..381.19 rows=98 width=121)
	  ->  Sort  (cost=380.70..380.94 rows=98 width=121)
	        Sort Key: c
	        ->  Index Scan using sbtest1_pkey on sbtest1  (cost=0.43..377.46 rows=98 width=121)
	              Index Cond: ((id >= 9962883) AND (id <= 9962982))

table 2 : explain SELECT DISTINCT c FROM sbtest2 WHERE id BETWEEN 9424182 AND 9424281 ORDER BY c
	Unique  (cost=426.23..426.78 rows=110 width=121)
	  ->  Sort  (cost=426.23..426.51 rows=110 width=121)
	        Sort Key: c
	        ->  Index Scan using sbtest2_pkey on sbtest2  (cost=0.43..422.50 rows=110 width=121)
	              Index Cond: ((id >= 9424182) AND (id <= 9424281))

table 3 : explain SELECT DISTINCT c FROM sbtest3 WHERE id BETWEEN 5462030 AND 5462129 ORDER BY c
	Unique  (cost=397.89..398.41 rows=103 width=121)
	  ->  Sort  (cost=397.89..398.15 rows=103 width=121)
	        Sort Key: c
	        ->  Index Scan using sbtest3_pkey on sbtest3  (cost=0.43..394.45 rows=103 width=121)
	              Index Cond: ((id >= 5462030) AND (id <= 5462129))

table 4 : explain SELECT DISTINCT c FROM sbtest4 WHERE id BETWEEN 9486974 AND 9487073 ORDER BY c
	Unique  (cost=368.54..369.01 rows=95 width=121)
	  ->  Sort  (cost=368.54..368.77 rows=95 width=121)
	        Sort Key: c
	        ->  Index Scan using sbtest4_pkey on sbtest4  (cost=0.43..365.41 rows=95 width=121)
	              Index Cond: ((id >= 9486974) AND (id <= 9487073))

table 5 : explain SELECT DISTINCT c FROM sbtest5 WHERE id BETWEEN 5530872 AND 5530971 ORDER BY c
	Unique  (cost=366.00..366.47 rows=94 width=121)
	  ->  Sort  (cost=366.00..366.23 rows=94 width=121)
	        Sort Key: c
	        ->  Index Scan using sbtest5_pkey on sbtest5  (cost=0.43..362.92 rows=94 width=121)
	              Index Cond: ((id >= 5530872) AND (id <= 5530971))

table 6 : explain SELECT DISTINCT c FROM sbtest6 WHERE id BETWEEN 5202460 AND 5202559 ORDER BY c
	Unique  (cost=410.25..410.78 rows=106 width=121)
	  ->  Sort  (cost=410.25..410.52 rows=106 width=121)
	        Sort Key: c
	        ->  Index Scan using sbtest6_pkey on sbtest6  (cost=0.43..406.69 rows=106 width=121)
	              Index Cond: ((id >= 5202460) AND (id <= 5202559))

table 7 : explain SELECT DISTINCT c FROM sbtest7 WHERE id BETWEEN 3613369 AND 3613468 ORDER BY c
	Unique  (cost=376.51..376.99 rows=97 width=121)
	  ->  Sort  (cost=376.51..376.75 rows=97 width=121)
	        Sort Key: c
	        ->  Index Scan using sbtest7_pkey on sbtest7  (cost=0.43..373.31 rows=97 width=121)
	              Index Cond: ((id >= 3613369) AND (id <= 3613468))

table 8 : explain SELECT DISTINCT c FROM sbtest8 WHERE id BETWEEN 8127519 AND 8127618 ORDER BY c
	Unique  (cost=405.18..405.70 rows=104 width=121)
	  ->  Sort  (cost=405.18..405.44 rows=104 width=121)
	        Sort Key: c
	        ->  Index Scan using sbtest8_pkey on sbtest8  (cost=0.43..401.69 rows=104 width=121)
	              Index Cond: ((id >= 8127519) AND (id <= 8127618))

for inserts
table 1 : explain INSERT INTO sbtest1 (id, k, c, pad) VALUES (7010148, 13, 'foobar', 'foobar')
	Insert on sbtest1  (cost=0.00..0.01 rows=0 width=0)
	  ->  Result  (cost=0.00..0.01 rows=1 width=736)

table 2 : explain INSERT INTO sbtest2 (id, k, c, pad) VALUES (922134, 13, 'foobar', 'foobar')
	Insert on sbtest2  (cost=0.00..0.01 rows=0 width=0)
	  ->  Result  (cost=0.00..0.01 rows=1 width=736)

table 3 : explain INSERT INTO sbtest3 (id, k, c, pad) VALUES (709664, 13, 'foobar', 'foobar')
	Insert on sbtest3  (cost=0.00..0.01 rows=0 width=0)
	  ->  Result  (cost=0.00..0.01 rows=1 width=736)

table 4 : explain INSERT INTO sbtest4 (id, k, c, pad) VALUES (5983909, 13, 'foobar', 'foobar')
	Insert on sbtest4  (cost=0.00..0.01 rows=0 width=0)
	  ->  Result  (cost=0.00..0.01 rows=1 width=736)

table 5 : explain INSERT INTO sbtest5 (id, k, c, pad) VALUES (1976090, 13, 'foobar', 'foobar')
	Insert on sbtest5  (cost=0.00..0.01 rows=0 width=0)
	  ->  Result  (cost=0.00..0.01 rows=1 width=736)

table 6 : explain INSERT INTO sbtest6 (id, k, c, pad) VALUES (7812652, 13, 'foobar', 'foobar')
	Insert on sbtest6  (cost=0.00..0.01 rows=0 width=0)
	  ->  Result  (cost=0.00..0.01 rows=1 width=736)

table 7 : explain INSERT INTO sbtest7 (id, k, c, pad) VALUES (3959419, 13, 'foobar', 'foobar')
	Insert on sbtest7  (cost=0.00..0.01 rows=0 width=0)
	  ->  Result  (cost=0.00..0.01 rows=1 width=736)

table 8 : explain INSERT INTO sbtest8 (id, k, c, pad) VALUES (1444690, 13, 'foobar', 'foobar')
	Insert on sbtest8  (cost=0.00..0.01 rows=0 width=0)
	  ->  Result  (cost=0.00..0.01 rows=1 width=736)

explain: for inserts :: explain INSERT INTO sbtest%u (id, k, c, pad) VALUES (%u, 13, 'foobar', 'foobar')
for index_updates
table 1 : explain UPDATE sbtest1 SET k=k+1 WHERE id=465630
	Update on sbtest1  (cost=0.43..8.46 rows=0 width=0)
	  ->  Index Scan using sbtest1_pkey on sbtest1  (cost=0.43..8.46 rows=1 width=10)
	        Index Cond: (id = 465630)

table 2 : explain UPDATE sbtest2 SET k=k+1 WHERE id=5163720
	Update on sbtest2  (cost=0.43..8.46 rows=0 width=0)
	  ->  Index Scan using sbtest2_pkey on sbtest2  (cost=0.43..8.46 rows=1 width=10)
	        Index Cond: (id = 5163720)

table 3 : explain UPDATE sbtest3 SET k=k+1 WHERE id=8145567
	Update on sbtest3  (cost=0.43..8.46 rows=0 width=0)
	  ->  Index Scan using sbtest3_pkey on sbtest3  (cost=0.43..8.46 rows=1 width=10)
	        Index Cond: (id = 8145567)

table 4 : explain UPDATE sbtest4 SET k=k+1 WHERE id=8622247
	Update on sbtest4  (cost=0.43..8.46 rows=0 width=0)
	  ->  Index Scan using sbtest4_pkey on sbtest4  (cost=0.43..8.46 rows=1 width=10)
	        Index Cond: (id = 8622247)

table 5 : explain UPDATE sbtest5 SET k=k+1 WHERE id=7183390
	Update on sbtest5  (cost=0.43..8.46 rows=0 width=0)
	  ->  Index Scan using sbtest5_pkey on sbtest5  (cost=0.43..8.46 rows=1 width=10)
	        Index Cond: (id = 7183390)

table 6 : explain UPDATE sbtest6 SET k=k+1 WHERE id=5813576
	Update on sbtest6  (cost=0.43..8.46 rows=0 width=0)
	  ->  Index Scan using sbtest6_pkey on sbtest6  (cost=0.43..8.46 rows=1 width=10)
	        Index Cond: (id = 5813576)

table 7 : explain UPDATE sbtest7 SET k=k+1 WHERE id=1589966
	Update on sbtest7  (cost=0.43..8.46 rows=0 width=0)
	  ->  Index Scan using sbtest7_pkey on sbtest7  (cost=0.43..8.46 rows=1 width=10)
	        Index Cond: (id = 1589966)

table 8 : explain UPDATE sbtest8 SET k=k+1 WHERE id=6351845
	Update on sbtest8  (cost=0.43..8.46 rows=0 width=0)
	  ->  Index Scan using sbtest8_pkey on sbtest8  (cost=0.43..8.46 rows=1 width=10)
	        Index Cond: (id = 6351845)

explain: for index_updates :: explain UPDATE sbtest%u SET k=k+1 WHERE id=%u
for index_updates
table 1 : explain UPDATE sbtest1 SET k=k+1 WHERE id=8369428
	Update on sbtest1  (cost=0.43..8.46 rows=0 width=0)
	  ->  Index Scan using sbtest1_pkey on sbtest1  (cost=0.43..8.46 rows=1 width=10)
	        Index Cond: (id = 8369428)

table 2 : explain UPDATE sbtest2 SET k=k+1 WHERE id=2297379
	Update on sbtest2  (cost=0.43..8.46 rows=0 width=0)
	  ->  Index Scan using sbtest2_pkey on sbtest2  (cost=0.43..8.46 rows=1 width=10)
	        Index Cond: (id = 2297379)

table 3 : explain UPDATE sbtest3 SET k=k+1 WHERE id=6116724
	Update on sbtest3  (cost=0.43..8.46 rows=0 width=0)
	  ->  Index Scan using sbtest3_pkey on sbtest3  (cost=0.43..8.46 rows=1 width=10)
	        Index Cond: (id = 6116724)

table 4 : explain UPDATE sbtest4 SET k=k+1 WHERE id=3751231
	Update on sbtest4  (cost=0.43..8.46 rows=0 width=0)
	  ->  Index Scan using sbtest4_pkey on sbtest4  (cost=0.43..8.46 rows=1 width=10)
	        Index Cond: (id = 3751231)

table 5 : explain UPDATE sbtest5 SET k=k+1 WHERE id=6687857
	Update on sbtest5  (cost=0.43..8.46 rows=0 width=0)
	  ->  Index Scan using sbtest5_pkey on sbtest5  (cost=0.43..8.46 rows=1 width=10)
	        Index Cond: (id = 6687857)

table 6 : explain UPDATE sbtest6 SET k=k+1 WHERE id=2337882
	Update on sbtest6  (cost=0.43..8.46 rows=0 width=0)
	  ->  Index Scan using sbtest6_pkey on sbtest6  (cost=0.43..8.46 rows=1 width=10)
	        Index Cond: (id = 2337882)

table 7 : explain UPDATE sbtest7 SET k=k+1 WHERE id=6094854
	Update on sbtest7  (cost=0.43..8.46 rows=0 width=0)
	  ->  Index Scan using sbtest7_pkey on sbtest7  (cost=0.43..8.46 rows=1 width=10)
	        Index Cond: (id = 6094854)

table 8 : explain UPDATE sbtest8 SET k=k+1 WHERE id=8478810
	Update on sbtest8  (cost=0.43..8.46 rows=0 width=0)
	  ->  Index Scan using sbtest8_pkey on sbtest8  (cost=0.43..8.46 rows=1 width=10)
	        Index Cond: (id = 8478810)

for inserts
table 1 : explain INSERT INTO sbtest1 (id, k, c, pad) VALUES (971812, 13, 'foobar', 'foobar')
	Insert on sbtest1  (cost=0.00..0.01 rows=0 width=0)
	  ->  Result  (cost=0.00..0.01 rows=1 width=736)

table 2 : explain INSERT INTO sbtest2 (id, k, c, pad) VALUES (6221760, 13, 'foobar', 'foobar')
	Insert on sbtest2  (cost=0.00..0.01 rows=0 width=0)
	  ->  Result  (cost=0.00..0.01 rows=1 width=736)

table 3 : explain INSERT INTO sbtest3 (id, k, c, pad) VALUES (8956144, 13, 'foobar', 'foobar')
	Insert on sbtest3  (cost=0.00..0.01 rows=0 width=0)
	  ->  Result  (cost=0.00..0.01 rows=1 width=736)

table 4 : explain INSERT INTO sbtest4 (id, k, c, pad) VALUES (4732688, 13, 'foobar', 'foobar')
	Insert on sbtest4  (cost=0.00..0.01 rows=0 width=0)
	  ->  Result  (cost=0.00..0.01 rows=1 width=736)

table 5 : explain INSERT INTO sbtest5 (id, k, c, pad) VALUES (3663712, 13, 'foobar', 'foobar')
	Insert on sbtest5  (cost=0.00..0.01 rows=0 width=0)
	  ->  Result  (cost=0.00..0.01 rows=1 width=736)

table 6 : explain INSERT INTO sbtest6 (id, k, c, pad) VALUES (7578727, 13, 'foobar', 'foobar')
	Insert on sbtest6  (cost=0.00..0.01 rows=0 width=0)
	  ->  Result  (cost=0.00..0.01 rows=1 width=736)

table 7 : explain INSERT INTO sbtest7 (id, k, c, pad) VALUES (9963029, 13, 'foobar', 'foobar')
	Insert on sbtest7  (cost=0.00..0.01 rows=0 width=0)
	  ->  Result  (cost=0.00..0.01 rows=1 width=736)

table 8 : explain INSERT INTO sbtest8 (id, k, c, pad) VALUES (7007093, 13, 'foobar', 'foobar')
	Insert on sbtest8  (cost=0.00..0.01 rows=0 width=0)
	  ->  Result  (cost=0.00..0.01 rows=1 width=736)

for point_selects
table 1 : explain SELECT c FROM sbtest1 WHERE id=7555282
	Index Scan using sbtest1_pkey on sbtest1  (cost=0.43..8.45 rows=1 width=121)
	  Index Cond: (id = 7555282)

table 2 : explain SELECT c FROM sbtest2 WHERE id=8942507
	Index Scan using sbtest2_pkey on sbtest2  (cost=0.43..8.45 rows=1 width=121)
	  Index Cond: (id = 8942507)

table 3 : explain SELECT c FROM sbtest3 WHERE id=3543979
	Index Scan using sbtest3_pkey on sbtest3  (cost=0.43..8.45 rows=1 width=121)
	  Index Cond: (id = 3543979)

table 4 : explain SELECT c FROM sbtest4 WHERE id=9175211
	Index Scan using sbtest4_pkey on sbtest4  (cost=0.43..8.45 rows=1 width=121)
	  Index Cond: (id = 9175211)

table 5 : explain SELECT c FROM sbtest5 WHERE id=4752633
	Index Scan using sbtest5_pkey on sbtest5  (cost=0.43..8.45 rows=1 width=121)
	  Index Cond: (id = 4752633)

table 6 : explain SELECT c FROM sbtest6 WHERE id=7790217
	Index Scan using sbtest6_pkey on sbtest6  (cost=0.43..8.45 rows=1 width=121)
	  Index Cond: (id = 7790217)

table 7 : explain SELECT c FROM sbtest7 WHERE id=1490923
	Index Scan using sbtest7_pkey on sbtest7  (cost=0.43..8.45 rows=1 width=121)
	  Index Cond: (id = 1490923)

table 8 : explain SELECT c FROM sbtest8 WHERE id=1773744
	Index Scan using sbtest8_pkey on sbtest8  (cost=0.43..8.45 rows=1 width=121)
	  Index Cond: (id = 1773744)

explain: for non_index_updates :: explain UPDATE sbtest%u SET c='foobar' WHERE id=%u
for inserts
table 1 : explain INSERT INTO sbtest1 (id, k, c, pad) VALUES (11973, 13, 'foobar', 'foobar')
	Insert on sbtest1  (cost=0.00..0.01 rows=0 width=0)
	  ->  Result  (cost=0.00..0.01 rows=1 width=736)

table 2 : explain INSERT INTO sbtest2 (id, k, c, pad) VALUES (3399499, 13, 'foobar', 'foobar')
	Insert on sbtest2  (cost=0.00..0.01 rows=0 width=0)
	  ->  Result  (cost=0.00..0.01 rows=1 width=736)

table 3 : explain INSERT INTO sbtest3 (id, k, c, pad) VALUES (9884261, 13, 'foobar', 'foobar')
	Insert on sbtest3  (cost=0.00..0.01 rows=0 width=0)
	  ->  Result  (cost=0.00..0.01 rows=1 width=736)

table 4 : explain INSERT INTO sbtest4 (id, k, c, pad) VALUES (2654932, 13, 'foobar', 'foobar')
	Insert on sbtest4  (cost=0.00..0.01 rows=0 width=0)
	  ->  Result  (cost=0.00..0.01 rows=1 width=736)

table 5 : explain INSERT INTO sbtest5 (id, k, c, pad) VALUES (4858044, 13, 'foobar', 'foobar')
	Insert on sbtest5  (cost=0.00..0.01 rows=0 width=0)
	  ->  Result  (cost=0.00..0.01 rows=1 width=736)

table 6 : explain INSERT INTO sbtest6 (id, k, c, pad) VALUES (4164421, 13, 'foobar', 'foobar')
	Insert on sbtest6  (cost=0.00..0.01 rows=0 width=0)
	  ->  Result  (cost=0.00..0.01 rows=1 width=736)

table 7 : explain INSERT INTO sbtest7 (id, k, c, pad) VALUES (133287, 13, 'foobar', 'foobar')
	Insert on sbtest7  (cost=0.00..0.01 rows=0 width=0)
	  ->  Result  (cost=0.00..0.01 rows=1 width=736)

table 8 : explain INSERT INTO sbtest8 (id, k, c, pad) VALUES (4890458, 13, 'foobar', 'foobar')
	Insert on sbtest8  (cost=0.00..0.01 rows=0 width=0)
	  ->  Result  (cost=0.00..0.01 rows=1 width=736)

explain: for non_index_updates :: explain UPDATE sbtest%u SET c='foobar' WHERE id=%u
for index_updates
table 1 : explain UPDATE sbtest1 SET k=k+1 WHERE id=7919423
	Update on sbtest1  (cost=0.43..8.46 rows=0 width=0)
	  ->  Index Scan using sbtest1_pkey on sbtest1  (cost=0.43..8.46 rows=1 width=10)
	        Index Cond: (id = 7919423)

table 2 : explain UPDATE sbtest2 SET k=k+1 WHERE id=6180545
	Update on sbtest2  (cost=0.43..8.46 rows=0 width=0)
	  ->  Index Scan using sbtest2_pkey on sbtest2  (cost=0.43..8.46 rows=1 width=10)
	        Index Cond: (id = 6180545)

table 3 : explain UPDATE sbtest3 SET k=k+1 WHERE id=3052382
	Update on sbtest3  (cost=0.43..8.46 rows=0 width=0)
	  ->  Index Scan using sbtest3_pkey on sbtest3  (cost=0.43..8.46 rows=1 width=10)
	        Index Cond: (id = 3052382)

table 4 : explain UPDATE sbtest4 SET k=k+1 WHERE id=2247258
	Update on sbtest4  (cost=0.43..8.46 rows=0 width=0)
	  ->  Index Scan using sbtest4_pkey on sbtest4  (cost=0.43..8.46 rows=1 width=10)
	        Index Cond: (id = 2247258)

table 5 : explain UPDATE sbtest5 SET k=k+1 WHERE id=7449249
	Update on sbtest5  (cost=0.43..8.46 rows=0 width=0)
	  ->  Index Scan using sbtest5_pkey on sbtest5  (cost=0.43..8.46 rows=1 width=10)
	        Index Cond: (id = 7449249)

table 6 : explain UPDATE sbtest6 SET k=k+1 WHERE id=7325996
	Update on sbtest6  (cost=0.43..8.46 rows=0 width=0)
	  ->  Index Scan using sbtest6_pkey on sbtest6  (cost=0.43..8.46 rows=1 width=10)
	        Index Cond: (id = 7325996)

table 7 : explain UPDATE sbtest7 SET k=k+1 WHERE id=6596923
	Update on sbtest7  (cost=0.43..8.46 rows=0 width=0)
	  ->  Index Scan using sbtest7_pkey on sbtest7  (cost=0.43..8.46 rows=1 width=10)
	        Index Cond: (id = 6596923)

table 8 : explain UPDATE sbtest8 SET k=k+1 WHERE id=633190
	Update on sbtest8  (cost=0.43..8.46 rows=0 width=0)
	  ->  Index Scan using sbtest8_pkey on sbtest8  (cost=0.43..8.46 rows=1 width=10)
	        Index Cond: (id = 633190)

explain: for non_index_updates :: explain UPDATE sbtest%u SET c='foobar' WHERE id=%u
for non_index_updates
table 1 : explain UPDATE sbtest1 SET c='foobar' WHERE id=2858650
	Update on sbtest1  (cost=0.43..8.45 rows=0 width=0)
	  ->  Index Scan using sbtest1_pkey on sbtest1  (cost=0.43..8.45 rows=1 width=490)
	        Index Cond: (id = 2858650)

table 2 : explain UPDATE sbtest2 SET c='foobar' WHERE id=8251756
	Update on sbtest2  (cost=0.43..8.45 rows=0 width=0)
	  ->  Index Scan using sbtest2_pkey on sbtest2  (cost=0.43..8.45 rows=1 width=490)
	        Index Cond: (id = 8251756)

table 3 : explain UPDATE sbtest3 SET c='foobar' WHERE id=6960792
	Update on sbtest3  (cost=0.43..8.45 rows=0 width=0)
	  ->  Index Scan using sbtest3_pkey on sbtest3  (cost=0.43..8.45 rows=1 width=490)
	        Index Cond: (id = 6960792)

table 4 : explain UPDATE sbtest4 SET c='foobar' WHERE id=4735143
	Update on sbtest4  (cost=0.43..8.45 rows=0 width=0)
	  ->  Index Scan using sbtest4_pkey on sbtest4  (cost=0.43..8.45 rows=1 width=490)
	        Index Cond: (id = 4735143)

table 5 : explain UPDATE sbtest5 SET c='foobar' WHERE id=5957326
	Update on sbtest5  (cost=0.43..8.45 rows=0 width=0)
	  ->  Index Scan using sbtest5_pkey on sbtest5  (cost=0.43..8.45 rows=1 width=490)
	        Index Cond: (id = 5957326)

table 6 : explain UPDATE sbtest6 SET c='foobar' WHERE id=7764621
	Update on sbtest6  (cost=0.43..8.45 rows=0 width=0)
	  ->  Index Scan using sbtest6_pkey on sbtest6  (cost=0.43..8.45 rows=1 width=490)
	        Index Cond: (id = 7764621)

table 7 : explain UPDATE sbtest7 SET c='foobar' WHERE id=9296529
	Update on sbtest7  (cost=0.43..8.45 rows=0 width=0)
	  ->  Index Scan using sbtest7_pkey on sbtest7  (cost=0.43..8.45 rows=1 width=490)
	        Index Cond: (id = 9296529)

table 8 : explain UPDATE sbtest8 SET c='foobar' WHERE id=9546172
	Update on sbtest8  (cost=0.43..8.45 rows=0 width=0)
	  ->  Index Scan using sbtest8_pkey on sbtest8  (cost=0.43..8.45 rows=1 width=490)
	        Index Cond: (id = 9546172)

explain: for deletes :: explain DELETE FROM sbtest%u WHERE id=%u
for: distinct_ranges
table 1 : explain SELECT DISTINCT c FROM sbtest1 WHERE id BETWEEN 8790837 AND 8790936 ORDER BY c
	Unique  (cost=392.28..392.79 rows=101 width=121)
	  ->  Sort  (cost=392.28..392.54 rows=101 width=121)
	        Sort Key: c
	        ->  Index Scan using sbtest1_pkey on sbtest1  (cost=0.43..388.92 rows=101 width=121)
	              Index Cond: ((id >= 8790837) AND (id <= 8790936))

table 2 : explain SELECT DISTINCT c FROM sbtest2 WHERE id BETWEEN 9863780 AND 9863879 ORDER BY c
	Unique  (cost=403.20..403.72 rows=104 width=121)
	  ->  Sort  (cost=403.20..403.46 rows=104 width=121)
	        Sort Key: c
	        ->  Index Scan using sbtest2_pkey on sbtest2  (cost=0.43..399.72 rows=104 width=121)
	              Index Cond: ((id >= 9863780) AND (id <= 9863879))

table 3 : explain SELECT DISTINCT c FROM sbtest3 WHERE id BETWEEN 2058095 AND 2058194 ORDER BY c
	Unique  (cost=378.78..379.27 rows=98 width=121)
	  ->  Sort  (cost=378.78..379.02 rows=98 width=121)
	        Sort Key: c
	        ->  Index Scan using sbtest3_pkey on sbtest3  (cost=0.43..375.54 rows=98 width=121)
	              Index Cond: ((id >= 2058095) AND (id <= 2058194))

table 4 : explain SELECT DISTINCT c FROM sbtest4 WHERE id BETWEEN 8751593 AND 8751692 ORDER BY c
	Unique  (cost=341.63..342.07 rows=88 width=121)
	  ->  Sort  (cost=341.63..341.85 rows=88 width=121)
	        Sort Key: c
	        ->  Index Scan using sbtest4_pkey on sbtest4  (cost=0.43..338.79 rows=88 width=121)
	              Index Cond: ((id >= 8751593) AND (id <= 8751692))

table 5 : explain SELECT DISTINCT c FROM sbtest5 WHERE id BETWEEN 7477955 AND 7478054 ORDER BY c
	Unique  (cost=396.80..397.31 rows=102 width=121)
	  ->  Sort  (cost=396.80..397.05 rows=102 width=121)
	        Sort Key: c
	        ->  Index Scan using sbtest5_pkey on sbtest5  (cost=0.43..393.40 rows=102 width=121)
	              Index Cond: ((id >= 7477955) AND (id <= 7478054))

table 6 : explain SELECT DISTINCT c FROM sbtest6 WHERE id BETWEEN 2016852 AND 2016951 ORDER BY c
	Unique  (cost=360.39..360.85 rows=93 width=121)
	  ->  Sort  (cost=360.39..360.62 rows=93 width=121)
	        Sort Key: c
	        ->  Index Scan using sbtest6_pkey on sbtest6  (cost=0.43..357.35 rows=93 width=121)
	              Index Cond: ((id >= 2016852) AND (id <= 2016951))

table 7 : explain SELECT DISTINCT c FROM sbtest7 WHERE id BETWEEN 8666499 AND 8666598 ORDER BY c
	Unique  (cost=380.35..380.84 rows=98 width=121)
	  ->  Sort  (cost=380.35..380.59 rows=98 width=121)
	        Sort Key: c
	        ->  Index Scan using sbtest7_pkey on sbtest7  (cost=0.43..377.10 rows=98 width=121)
	              Index Cond: ((id >= 8666499) AND (id <= 8666598))

table 8 : explain SELECT DISTINCT c FROM sbtest8 WHERE id BETWEEN 3415821 AND 3415920 ORDER BY c
	Unique  (cost=401.32..401.83 rows=103 width=121)
	  ->  Sort  (cost=401.32..401.58 rows=103 width=121)
	        Sort Key: c
	        ->  Index Scan using sbtest8_pkey on sbtest8  (cost=0.43..397.87 rows=103 width=121)
	              Index Cond: ((id >= 3415821) AND (id <= 3415920))

for: simple_ranges
table 1 : explain SELECT c FROM sbtest1 WHERE id BETWEEN 4324421 AND 4324520
	Index Scan using sbtest1_pkey on sbtest1  (cost=0.43..430.76 rows=112 width=121)
	  Index Cond: ((id >= 4324421) AND (id <= 4324520))

table 2 : explain SELECT c FROM sbtest2 WHERE id BETWEEN 734361 AND 734460
	Index Scan using sbtest2_pkey on sbtest2  (cost=0.43..411.11 rows=107 width=121)
	  Index Cond: ((id >= 734361) AND (id <= 734460))

table 3 : explain SELECT c FROM sbtest3 WHERE id BETWEEN 3855782 AND 3855881
	Index Scan using sbtest3_pkey on sbtest3  (cost=0.43..352.78 rows=92 width=121)
	  Index Cond: ((id >= 3855782) AND (id <= 3855881))

table 4 : explain SELECT c FROM sbtest4 WHERE id BETWEEN 444610 AND 444709
	Index Scan using sbtest4_pkey on sbtest4  (cost=0.43..380.60 rows=99 width=121)
	  Index Cond: ((id >= 444610) AND (id <= 444709))

table 5 : explain SELECT c FROM sbtest5 WHERE id BETWEEN 4786144 AND 4786243
	Index Scan using sbtest5_pkey on sbtest5  (cost=0.43..362.92 rows=94 width=121)
	  Index Cond: ((id >= 4786144) AND (id <= 4786243))

table 6 : explain SELECT c FROM sbtest6 WHERE id BETWEEN 4095420 AND 4095519
	Index Scan using sbtest6_pkey on sbtest6  (cost=0.43..406.69 rows=106 width=121)
	  Index Cond: ((id >= 4095420) AND (id <= 4095519))

table 7 : explain SELECT c FROM sbtest7 WHERE id BETWEEN 1657883 AND 1657982
	Index Scan using sbtest7_pkey on sbtest7  (cost=0.43..373.31 rows=97 width=121)
	  Index Cond: ((id >= 1657883) AND (id <= 1657982))

table 8 : explain SELECT c FROM sbtest8 WHERE id BETWEEN 9552426 AND 9552525
	Index Scan using sbtest8_pkey on sbtest8  (cost=0.43..401.69 rows=104 width=121)
	  Index Cond: ((id >= 9552426) AND (id <= 9552525))

for inserts
table 1 : explain INSERT INTO sbtest1 (id, k, c, pad) VALUES (8594349, 13, 'foobar', 'foobar')
	Insert on sbtest1  (cost=0.00..0.01 rows=0 width=0)
	  ->  Result  (cost=0.00..0.01 rows=1 width=736)

table 2 : explain INSERT INTO sbtest2 (id, k, c, pad) VALUES (7743188, 13, 'foobar', 'foobar')
	Insert on sbtest2  (cost=0.00..0.01 rows=0 width=0)
	  ->  Result  (cost=0.00..0.01 rows=1 width=736)

table 3 : explain INSERT INTO sbtest3 (id, k, c, pad) VALUES (1841716, 13, 'foobar', 'foobar')
	Insert on sbtest3  (cost=0.00..0.01 rows=0 width=0)
	  ->  Result  (cost=0.00..0.01 rows=1 width=736)

table 4 : explain INSERT INTO sbtest4 (id, k, c, pad) VALUES (8147810, 13, 'foobar', 'foobar')
	Insert on sbtest4  (cost=0.00..0.01 rows=0 width=0)
	  ->  Result  (cost=0.00..0.01 rows=1 width=736)

table 5 : explain INSERT INTO sbtest5 (id, k, c, pad) VALUES (5242403, 13, 'foobar', 'foobar')
	Insert on sbtest5  (cost=0.00..0.01 rows=0 width=0)
	  ->  Result  (cost=0.00..0.01 rows=1 width=736)

table 6 : explain INSERT INTO sbtest6 (id, k, c, pad) VALUES (1180587, 13, 'foobar', 'foobar')
	Insert on sbtest6  (cost=0.00..0.01 rows=0 width=0)
	  ->  Result  (cost=0.00..0.01 rows=1 width=736)

table 7 : explain INSERT INTO sbtest7 (id, k, c, pad) VALUES (7607789, 13, 'foobar', 'foobar')
	Insert on sbtest7  (cost=0.00..0.01 rows=0 width=0)
	  ->  Result  (cost=0.00..0.01 rows=1 width=736)

table 8 : explain INSERT INTO sbtest8 (id, k, c, pad) VALUES (2505428, 13, 'foobar', 'foobar')
	Insert on sbtest8  (cost=0.00..0.01 rows=0 width=0)
	  ->  Result  (cost=0.00..0.01 rows=1 width=736)

for non_index_updates
table 1 : explain UPDATE sbtest1 SET c='foobar' WHERE id=2662612
	Update on sbtest1  (cost=0.43..8.45 rows=0 width=0)
	  ->  Index Scan using sbtest1_pkey on sbtest1  (cost=0.43..8.45 rows=1 width=490)
	        Index Cond: (id = 2662612)

table 2 : explain UPDATE sbtest2 SET c='foobar' WHERE id=691039
	Update on sbtest2  (cost=0.43..8.45 rows=0 width=0)
	  ->  Index Scan using sbtest2_pkey on sbtest2  (cost=0.43..8.45 rows=1 width=490)
	        Index Cond: (id = 691039)

table 3 : explain UPDATE sbtest3 SET c='foobar' WHERE id=8796169
	Update on sbtest3  (cost=0.43..8.45 rows=0 width=0)
	  ->  Index Scan using sbtest3_pkey on sbtest3  (cost=0.43..8.45 rows=1 width=490)
	        Index Cond: (id = 8796169)

table 4 : explain UPDATE sbtest4 SET c='foobar' WHERE id=3406200
	Update on sbtest4  (cost=0.43..8.45 rows=0 width=0)
	  ->  Index Scan using sbtest4_pkey on sbtest4  (cost=0.43..8.45 rows=1 width=490)
	        Index Cond: (id = 3406200)

table 5 : explain UPDATE sbtest5 SET c='foobar' WHERE id=4154648
	Update on sbtest5  (cost=0.43..8.45 rows=0 width=0)
	  ->  Index Scan using sbtest5_pkey on sbtest5  (cost=0.43..8.45 rows=1 width=490)
	        Index Cond: (id = 4154648)

table 6 : explain UPDATE sbtest6 SET c='foobar' WHERE id=1746119
	Update on sbtest6  (cost=0.43..8.45 rows=0 width=0)
	  ->  Index Scan using sbtest6_pkey on sbtest6  (cost=0.43..8.45 rows=1 width=490)
	        Index Cond: (id = 1746119)

table 7 : explain UPDATE sbtest7 SET c='foobar' WHERE id=9455888
	Update on sbtest7  (cost=0.43..8.45 rows=0 width=0)
	  ->  Index Scan using sbtest7_pkey on sbtest7  (cost=0.43..8.45 rows=1 width=490)
	        Index Cond: (id = 9455888)

table 8 : explain UPDATE sbtest8 SET c='foobar' WHERE id=8528827
	Update on sbtest8  (cost=0.43..8.45 rows=0 width=0)
	  ->  Index Scan using sbtest8_pkey on sbtest8  (cost=0.43..8.45 rows=1 width=490)
	        Index Cond: (id = 8528827)

for deletes
table 1 : explain DELETE FROM sbtest1 WHERE id=6176381
	Delete on sbtest1  (cost=0.43..8.45 rows=0 width=0)
	  ->  Index Scan using sbtest1_pkey on sbtest1  (cost=0.43..8.45 rows=1 width=6)
	        Index Cond: (id = 6176381)

table 2 : explain DELETE FROM sbtest2 WHERE id=4568760
	Delete on sbtest2  (cost=0.43..8.45 rows=0 width=0)
	  ->  Index Scan using sbtest2_pkey on sbtest2  (cost=0.43..8.45 rows=1 width=6)
	        Index Cond: (id = 4568760)

table 3 : explain DELETE FROM sbtest3 WHERE id=5020370
	Delete on sbtest3  (cost=0.43..8.45 rows=0 width=0)
	  ->  Index Scan using sbtest3_pkey on sbtest3  (cost=0.43..8.45 rows=1 width=6)
	        Index Cond: (id = 5020370)

table 4 : explain DELETE FROM sbtest4 WHERE id=9654256
	Delete on sbtest4  (cost=0.43..8.45 rows=0 width=0)
	  ->  Index Scan using sbtest4_pkey on sbtest4  (cost=0.43..8.45 rows=1 width=6)
	        Index Cond: (id = 9654256)

table 5 : explain DELETE FROM sbtest5 WHERE id=1260850
	Delete on sbtest5  (cost=0.43..8.45 rows=0 width=0)
	  ->  Index Scan using sbtest5_pkey on sbtest5  (cost=0.43..8.45 rows=1 width=6)
	        Index Cond: (id = 1260850)

table 6 : explain DELETE FROM sbtest6 WHERE id=2084607
	Delete on sbtest6  (cost=0.43..8.45 rows=0 width=0)
	  ->  Index Scan using sbtest6_pkey on sbtest6  (cost=0.43..8.45 rows=1 width=6)
	        Index Cond: (id = 2084607)

table 7 : explain DELETE FROM sbtest7 WHERE id=715887
	Delete on sbtest7  (cost=0.43..8.45 rows=0 width=0)
	  ->  Index Scan using sbtest7_pkey on sbtest7  (cost=0.43..8.45 rows=1 width=6)
	        Index Cond: (id = 715887)

table 8 : explain DELETE FROM sbtest8 WHERE id=4522738
	Delete on sbtest8  (cost=0.43..8.45 rows=0 width=0)
	  ->  Index Scan using sbtest8_pkey on sbtest8  (cost=0.43..8.45 rows=1 width=6)
	        Index Cond: (id = 4522738)

explain: for deletes :: explain DELETE FROM sbtest%u WHERE id=%u
for: distinct_ranges
table 1 : explain SELECT DISTINCT c FROM sbtest1 WHERE id BETWEEN 7045172 AND 7045271 ORDER BY c
	Unique  (cost=457.63..458.22 rows=118 width=121)
	  ->  Sort  (cost=457.63..457.93 rows=118 width=121)
	        Sort Key: c
	        ->  Index Scan using sbtest1_pkey on sbtest1  (cost=0.43..453.57 rows=118 width=121)
	              Index Cond: ((id >= 7045172) AND (id <= 7045271))

table 2 : explain SELECT DISTINCT c FROM sbtest2 WHERE id BETWEEN 7090151 AND 7090250 ORDER BY c
	Unique  (cost=372.45..372.93 rows=96 width=121)
	  ->  Sort  (cost=372.45..372.69 rows=96 width=121)
	        Sort Key: c
	        ->  Index Scan using sbtest2_pkey on sbtest2  (cost=0.43..369.29 rows=96 width=121)
	              Index Cond: ((id >= 7090151) AND (id <= 7090250))

table 3 : explain SELECT DISTINCT c FROM sbtest3 WHERE id BETWEEN 3548760 AND 3548859 ORDER BY c
	Unique  (cost=367.25..367.73 rows=95 width=121)
	  ->  Sort  (cost=367.25..367.49 rows=95 width=121)
	        Sort Key: c
	        ->  Index Scan using sbtest3_pkey on sbtest3  (cost=0.43..364.13 rows=95 width=121)
	              Index Cond: ((id >= 3548760) AND (id <= 3548859))

table 4 : explain SELECT DISTINCT c FROM sbtest4 WHERE id BETWEEN 8544357 AND 8544456 ORDER BY c
	Unique  (cost=410.73..411.26 rows=106 width=121)
	  ->  Sort  (cost=410.73..411.00 rows=106 width=121)
	        Sort Key: c
	        ->  Index Scan using sbtest4_pkey on sbtest4  (cost=0.43..407.17 rows=106 width=121)
	              Index Cond: ((id >= 8544357) AND (id <= 8544456))

table 5 : explain SELECT DISTINCT c FROM sbtest5 WHERE id BETWEEN 4185378 AND 4185477 ORDER BY c
	Unique  (cost=396.80..397.31 rows=102 width=121)
	  ->  Sort  (cost=396.80..397.05 rows=102 width=121)
	        Sort Key: c
	        ->  Index Scan using sbtest5_pkey on sbtest5  (cost=0.43..393.40 rows=102 width=121)
	              Index Cond: ((id >= 4185378) AND (id <= 4185477))

table 6 : explain SELECT DISTINCT c FROM sbtest6 WHERE id BETWEEN 592715 AND 592814 ORDER BY c
	Unique  (cost=425.58..426.13 rows=110 width=121)
	  ->  Sort  (cost=425.58..425.86 rows=110 width=121)
	        Sort Key: c
	        ->  Index Scan using sbtest6_pkey on sbtest6  (cost=0.43..421.85 rows=110 width=121)
	              Index Cond: ((id >= 592715) AND (id <= 592814))

table 7 : explain SELECT DISTINCT c FROM sbtest7 WHERE id BETWEEN 904417 AND 904516 ORDER BY c
	Unique  (cost=422.64..423.19 rows=109 width=121)
	  ->  Sort  (cost=422.64..422.91 rows=109 width=121)
	        Sort Key: c
	        ->  Index Scan using sbtest7_pkey on sbtest7  (cost=0.43..418.95 rows=109 width=121)
	              Index Cond: ((id >= 904417) AND (id <= 904516))

table 8 : explain SELECT DISTINCT c FROM sbtest8 WHERE id BETWEEN 7090631 AND 7090730 ORDER BY c
	Unique  (cost=362.70..363.17 rows=93 width=121)
	  ->  Sort  (cost=362.70..362.93 rows=93 width=121)
	        Sort Key: c
	        ->  Index Scan using sbtest8_pkey on sbtest8  (cost=0.43..359.66 rows=93 width=121)
	              Index Cond: ((id >= 7090631) AND (id <= 7090730))

explain: for index_updates :: explain UPDATE sbtest%u SET k=k+1 WHERE id=%u
for non_index_updates
table 1 : explain UPDATE sbtest1 SET c='foobar' WHERE id=9677280
	Update on sbtest1  (cost=0.43..8.45 rows=0 width=0)
	  ->  Index Scan using sbtest1_pkey on sbtest1  (cost=0.43..8.45 rows=1 width=490)
	        Index Cond: (id = 9677280)

table 2 : explain UPDATE sbtest2 SET c='foobar' WHERE id=6043477
	Update on sbtest2  (cost=0.43..8.45 rows=0 width=0)
	  ->  Index Scan using sbtest2_pkey on sbtest2  (cost=0.43..8.45 rows=1 width=490)
	        Index Cond: (id = 6043477)

table 3 : explain UPDATE sbtest3 SET c='foobar' WHERE id=9039846
	Update on sbtest3  (cost=0.43..8.45 rows=0 width=0)
	  ->  Index Scan using sbtest3_pkey on sbtest3  (cost=0.43..8.45 rows=1 width=490)
	        Index Cond: (id = 9039846)

table 4 : explain UPDATE sbtest4 SET c='foobar' WHERE id=6553481
	Update on sbtest4  (cost=0.43..8.45 rows=0 width=0)
	  ->  Index Scan using sbtest4_pkey on sbtest4  (cost=0.43..8.45 rows=1 width=490)
	        Index Cond: (id = 6553481)

table 5 : explain UPDATE sbtest5 SET c='foobar' WHERE id=6206629
	Update on sbtest5  (cost=0.43..8.45 rows=0 width=0)
	  ->  Index Scan using sbtest5_pkey on sbtest5  (cost=0.43..8.45 rows=1 width=490)
	        Index Cond: (id = 6206629)

table 6 : explain UPDATE sbtest6 SET c='foobar' WHERE id=1770374
	Update on sbtest6  (cost=0.43..8.45 rows=0 width=0)
	  ->  Index Scan using sbtest6_pkey on sbtest6  (cost=0.43..8.45 rows=1 width=490)
	        Index Cond: (id = 1770374)

table 7 : explain UPDATE sbtest7 SET c='foobar' WHERE id=7502352
	Update on sbtest7  (cost=0.43..8.45 rows=0 width=0)
	  ->  Index Scan using sbtest7_pkey on sbtest7  (cost=0.43..8.45 rows=1 width=490)
	        Index Cond: (id = 7502352)

table 8 : explain UPDATE sbtest8 SET c='foobar' WHERE id=823189
	Update on sbtest8  (cost=0.43..8.45 rows=0 width=0)
	  ->  Index Scan using sbtest8_pkey on sbtest8  (cost=0.43..8.45 rows=1 width=490)
	        Index Cond: (id = 823189)

for deletes
table 1 : explain DELETE FROM sbtest1 WHERE id=6314260
	Delete on sbtest1  (cost=0.43..8.45 rows=0 width=0)
	  ->  Index Scan using sbtest1_pkey on sbtest1  (cost=0.43..8.45 rows=1 width=6)
	        Index Cond: (id = 6314260)

table 2 : explain DELETE FROM sbtest2 WHERE id=7482986
	Delete on sbtest2  (cost=0.43..8.45 rows=0 width=0)
	  ->  Index Scan using sbtest2_pkey on sbtest2  (cost=0.43..8.45 rows=1 width=6)
	        Index Cond: (id = 7482986)

table 3 : explain DELETE FROM sbtest3 WHERE id=5485222
	Delete on sbtest3  (cost=0.43..8.45 rows=0 width=0)
	  ->  Index Scan using sbtest3_pkey on sbtest3  (cost=0.43..8.45 rows=1 width=6)
	        Index Cond: (id = 5485222)

table 4 : explain DELETE FROM sbtest4 WHERE id=768504
	Delete on sbtest4  (cost=0.43..8.45 rows=0 width=0)
	  ->  Index Scan using sbtest4_pkey on sbtest4  (cost=0.43..8.45 rows=1 width=6)
	        Index Cond: (id = 768504)

table 5 : explain DELETE FROM sbtest5 WHERE id=2611248
	Delete on sbtest5  (cost=0.43..8.45 rows=0 width=0)
	  ->  Index Scan using sbtest5_pkey on sbtest5  (cost=0.43..8.45 rows=1 width=6)
	        Index Cond: (id = 2611248)

table 6 : explain DELETE FROM sbtest6 WHERE id=9018049
	Delete on sbtest6  (cost=0.43..8.45 rows=0 width=0)
	  ->  Index Scan using sbtest6_pkey on sbtest6  (cost=0.43..8.45 rows=1 width=6)
	        Index Cond: (id = 9018049)

table 7 : explain DELETE FROM sbtest7 WHERE id=2014618
	Delete on sbtest7  (cost=0.43..8.45 rows=0 width=0)
	  ->  Index Scan using sbtest7_pkey on sbtest7  (cost=0.43..8.45 rows=1 width=6)
	        Index Cond: (id = 2014618)

table 8 : explain DELETE FROM sbtest8 WHERE id=7678866
	Delete on sbtest8  (cost=0.43..8.45 rows=0 width=0)
	  ->  Index Scan using sbtest8_pkey on sbtest8  (cost=0.43..8.45 rows=1 width=6)
	        Index Cond: (id = 7678866)

explain: for inserts :: explain INSERT INTO sbtest%u (id, k, c, pad) VALUES (%u, 13, 'foobar', 'foobar')
explain: for deletes :: explain DELETE FROM sbtest%u WHERE id=%u
explain: for index_updates :: explain UPDATE sbtest%u SET k=k+1 WHERE id=%u
for index_updates
table 1 : explain UPDATE sbtest1 SET k=k+1 WHERE id=8825423
	Update on sbtest1  (cost=0.43..8.46 rows=0 width=0)
	  ->  Index Scan using sbtest1_pkey on sbtest1  (cost=0.43..8.46 rows=1 width=10)
	        Index Cond: (id = 8825423)

table 2 : explain UPDATE sbtest2 SET k=k+1 WHERE id=7891545
	Update on sbtest2  (cost=0.43..8.46 rows=0 width=0)
	  ->  Index Scan using sbtest2_pkey on sbtest2  (cost=0.43..8.46 rows=1 width=10)
	        Index Cond: (id = 7891545)

table 3 : explain UPDATE sbtest3 SET k=k+1 WHERE id=8117348
	Update on sbtest3  (cost=0.43..8.46 rows=0 width=0)
	  ->  Index Scan using sbtest3_pkey on sbtest3  (cost=0.43..8.46 rows=1 width=10)
	        Index Cond: (id = 8117348)

table 4 : explain UPDATE sbtest4 SET k=k+1 WHERE id=2816835
	Update on sbtest4  (cost=0.43..8.46 rows=0 width=0)
	  ->  Index Scan using sbtest4_pkey on sbtest4  (cost=0.43..8.46 rows=1 width=10)
	        Index Cond: (id = 2816835)

table 5 : explain UPDATE sbtest5 SET k=k+1 WHERE id=1026456
	Update on sbtest5  (cost=0.43..8.46 rows=0 width=0)
	  ->  Index Scan using sbtest5_pkey on sbtest5  (cost=0.43..8.46 rows=1 width=10)
	        Index Cond: (id = 1026456)

table 6 : explain UPDATE sbtest6 SET k=k+1 WHERE id=6281998
	Update on sbtest6  (cost=0.43..8.46 rows=0 width=0)
	  ->  Index Scan using sbtest6_pkey on sbtest6  (cost=0.43..8.46 rows=1 width=10)
	        Index Cond: (id = 6281998)

table 7 : explain UPDATE sbtest7 SET k=k+1 WHERE id=1044837
	Update on sbtest7  (cost=0.43..8.46 rows=0 width=0)
	  ->  Index Scan using sbtest7_pkey on sbtest7  (cost=0.43..8.46 rows=1 width=10)
	        Index Cond: (id = 1044837)

table 8 : explain UPDATE sbtest8 SET k=k+1 WHERE id=2898013
	Update on sbtest8  (cost=0.43..8.46 rows=0 width=0)
	  ->  Index Scan using sbtest8_pkey on sbtest8  (cost=0.43..8.46 rows=1 width=10)
	        Index Cond: (id = 2898013)

for: sum_ranges
table 1 : explain SELECT SUM(k) FROM sbtest1 WHERE id BETWEEN 3401392 AND 3401491
	Aggregate  (cost=358.68..358.69 rows=1 width=8)
	  ->  Index Scan using sbtest1_pkey on sbtest1  (cost=0.43..358.44 rows=93 width=4)
	        Index Cond: ((id >= 3401392) AND (id <= 3401491))

table 2 : explain SELECT SUM(k) FROM sbtest2 WHERE id BETWEEN 1263112 AND 1263211
	Aggregate  (cost=392.38..392.39 rows=1 width=8)
	  ->  Index Scan using sbtest2_pkey on sbtest2  (cost=0.43..392.13 rows=102 width=4)
	        Index Cond: ((id >= 1263112) AND (id <= 1263211))

table 3 : explain SELECT SUM(k) FROM sbtest3 WHERE id BETWEEN 3614760 AND 3614859
	Aggregate  (cost=390.92..390.93 rows=1 width=8)
	  ->  Index Scan using sbtest3_pkey on sbtest3  (cost=0.43..390.67 rows=102 width=4)
	        Index Cond: ((id >= 3614760) AND (id <= 3614859))

table 4 : explain SELECT SUM(k) FROM sbtest4 WHERE id BETWEEN 8344528 AND 8344627
	Aggregate  (cost=377.05..377.06 rows=1 width=8)
	  ->  Index Scan using sbtest4_pkey on sbtest4  (cost=0.43..376.80 rows=98 width=4)
	        Index Cond: ((id >= 8344528) AND (id <= 8344627))

table 5 : explain SELECT SUM(k) FROM sbtest5 WHERE id BETWEEN 634804 AND 634903
	Aggregate  (cost=405.09..405.10 rows=1 width=8)
	  ->  Index Scan using sbtest5_pkey on sbtest5  (cost=0.43..404.83 rows=105 width=4)
	        Index Cond: ((id >= 634804) AND (id <= 634903))

table 6 : explain SELECT SUM(k) FROM sbtest6 WHERE id BETWEEN 6413873 AND 6413972
	Aggregate  (cost=422.13..422.14 rows=1 width=8)
	  ->  Index Scan using sbtest6_pkey on sbtest6  (cost=0.43..421.85 rows=110 width=4)
	        Index Cond: ((id >= 6413873) AND (id <= 6413972))

table 7 : explain SELECT SUM(k) FROM sbtest7 WHERE id BETWEEN 9252992 AND 9253091
	Aggregate  (cost=358.34..358.35 rows=1 width=8)
	  ->  Index Scan using sbtest7_pkey on sbtest7  (cost=0.43..358.11 rows=93 width=4)
	        Index Cond: ((id >= 9252992) AND (id <= 9253091))

table 8 : explain SELECT SUM(k) FROM sbtest8 WHERE id BETWEEN 9782437 AND 9782536
	Aggregate  (cost=405.77..405.78 rows=1 width=8)
	  ->  Index Scan using sbtest8_pkey on sbtest8  (cost=0.43..405.51 rows=105 width=4)
	        Index Cond: ((id >= 9782437) AND (id <= 9782536))

for inserts
table 1 : explain INSERT INTO sbtest1 (id, k, c, pad) VALUES (3396644, 13, 'foobar', 'foobar')
	Insert on sbtest1  (cost=0.00..0.01 rows=0 width=0)
	  ->  Result  (cost=0.00..0.01 rows=1 width=736)

table 2 : explain INSERT INTO sbtest2 (id, k, c, pad) VALUES (3475808, 13, 'foobar', 'foobar')
	Insert on sbtest2  (cost=0.00..0.01 rows=0 width=0)
	  ->  Result  (cost=0.00..0.01 rows=1 width=736)

table 3 : explain INSERT INTO sbtest3 (id, k, c, pad) VALUES (9481168, 13, 'foobar', 'foobar')
	Insert on sbtest3  (cost=0.00..0.01 rows=0 width=0)
	  ->  Result  (cost=0.00..0.01 rows=1 width=736)

table 4 : explain INSERT INTO sbtest4 (id, k, c, pad) VALUES (9100981, 13, 'foobar', 'foobar')
	Insert on sbtest4  (cost=0.00..0.01 rows=0 width=0)
	  ->  Result  (cost=0.00..0.01 rows=1 width=736)

table 5 : explain INSERT INTO sbtest5 (id, k, c, pad) VALUES (9409027, 13, 'foobar', 'foobar')
	Insert on sbtest5  (cost=0.00..0.01 rows=0 width=0)
	  ->  Result  (cost=0.00..0.01 rows=1 width=736)

table 6 : explain INSERT INTO sbtest6 (id, k, c, pad) VALUES (1842055, 13, 'foobar', 'foobar')
	Insert on sbtest6  (cost=0.00..0.01 rows=0 width=0)
	  ->  Result  (cost=0.00..0.01 rows=1 width=736)

table 7 : explain INSERT INTO sbtest7 (id, k, c, pad) VALUES (120305, 13, 'foobar', 'foobar')
	Insert on sbtest7  (cost=0.00..0.01 rows=0 width=0)
	  ->  Result  (cost=0.00..0.01 rows=1 width=736)

table 8 : explain INSERT INTO sbtest8 (id, k, c, pad) VALUES (8698911, 13, 'foobar', 'foobar')
	Insert on sbtest8  (cost=0.00..0.01 rows=0 width=0)
	  ->  Result  (cost=0.00..0.01 rows=1 width=736)

explain: for inserts :: explain INSERT INTO sbtest%u (id, k, c, pad) VALUES (%u, 13, 'foobar', 'foobar')
explain: for inserts :: explain INSERT INTO sbtest%u (id, k, c, pad) VALUES (%u, 13, 'foobar', 'foobar')
explain: for non_index_updates :: explain UPDATE sbtest%u SET c='foobar' WHERE id=%u
for inserts
table 1 : explain INSERT INTO sbtest1 (id, k, c, pad) VALUES (3148755, 13, 'foobar', 'foobar')
	Insert on sbtest1  (cost=0.00..0.01 rows=0 width=0)
	  ->  Result  (cost=0.00..0.01 rows=1 width=736)

table 2 : explain INSERT INTO sbtest2 (id, k, c, pad) VALUES (4003926, 13, 'foobar', 'foobar')
	Insert on sbtest2  (cost=0.00..0.01 rows=0 width=0)
	  ->  Result  (cost=0.00..0.01 rows=1 width=736)

table 3 : explain INSERT INTO sbtest3 (id, k, c, pad) VALUES (1265771, 13, 'foobar', 'foobar')
	Insert on sbtest3  (cost=0.00..0.01 rows=0 width=0)
	  ->  Result  (cost=0.00..0.01 rows=1 width=736)

table 4 : explain INSERT INTO sbtest4 (id, k, c, pad) VALUES (1684674, 13, 'foobar', 'foobar')
	Insert on sbtest4  (cost=0.00..0.01 rows=0 width=0)
	  ->  Result  (cost=0.00..0.01 rows=1 width=736)

table 5 : explain INSERT INTO sbtest5 (id, k, c, pad) VALUES (3360236, 13, 'foobar', 'foobar')
	Insert on sbtest5  (cost=0.00..0.01 rows=0 width=0)
	  ->  Result  (cost=0.00..0.01 rows=1 width=736)

table 6 : explain INSERT INTO sbtest6 (id, k, c, pad) VALUES (8841931, 13, 'foobar', 'foobar')
	Insert on sbtest6  (cost=0.00..0.01 rows=0 width=0)
	  ->  Result  (cost=0.00..0.01 rows=1 width=736)

table 7 : explain INSERT INTO sbtest7 (id, k, c, pad) VALUES (8709266, 13, 'foobar', 'foobar')
	Insert on sbtest7  (cost=0.00..0.01 rows=0 width=0)
	  ->  Result  (cost=0.00..0.01 rows=1 width=736)

table 8 : explain INSERT INTO sbtest8 (id, k, c, pad) VALUES (8906364, 13, 'foobar', 'foobar')
	Insert on sbtest8  (cost=0.00..0.01 rows=0 width=0)
	  ->  Result  (cost=0.00..0.01 rows=1 width=736)

for inserts
table 1 : explain INSERT INTO sbtest1 (id, k, c, pad) VALUES (5508722, 13, 'foobar', 'foobar')
	Insert on sbtest1  (cost=0.00..0.01 rows=0 width=0)
	  ->  Result  (cost=0.00..0.01 rows=1 width=736)

table 2 : explain INSERT INTO sbtest2 (id, k, c, pad) VALUES (8212348, 13, 'foobar', 'foobar')
	Insert on sbtest2  (cost=0.00..0.01 rows=0 width=0)
	  ->  Result  (cost=0.00..0.01 rows=1 width=736)

table 3 : explain INSERT INTO sbtest3 (id, k, c, pad) VALUES (5741981, 13, 'foobar', 'foobar')
	Insert on sbtest3  (cost=0.00..0.01 rows=0 width=0)
	  ->  Result  (cost=0.00..0.01 rows=1 width=736)

table 4 : explain INSERT INTO sbtest4 (id, k, c, pad) VALUES (8280433, 13, 'foobar', 'foobar')
	Insert on sbtest4  (cost=0.00..0.01 rows=0 width=0)
	  ->  Result  (cost=0.00..0.01 rows=1 width=736)

table 5 : explain INSERT INTO sbtest5 (id, k, c, pad) VALUES (9372750, 13, 'foobar', 'foobar')
	Insert on sbtest5  (cost=0.00..0.01 rows=0 width=0)
	  ->  Result  (cost=0.00..0.01 rows=1 width=736)

table 6 : explain INSERT INTO sbtest6 (id, k, c, pad) VALUES (6480901, 13, 'foobar', 'foobar')
	Insert on sbtest6  (cost=0.00..0.01 rows=0 width=0)
	  ->  Result  (cost=0.00..0.01 rows=1 width=736)

table 7 : explain INSERT INTO sbtest7 (id, k, c, pad) VALUES (8087716, 13, 'foobar', 'foobar')
	Insert on sbtest7  (cost=0.00..0.01 rows=0 width=0)
	  ->  Result  (cost=0.00..0.01 rows=1 width=736)

table 8 : explain INSERT INTO sbtest8 (id, k, c, pad) VALUES (4906963, 13, 'foobar', 'foobar')
	Insert on sbtest8  (cost=0.00..0.01 rows=0 width=0)
	  ->  Result  (cost=0.00..0.01 rows=1 width=736)

for deletes
table 1 : explain DELETE FROM sbtest1 WHERE id=7865172
	Delete on sbtest1  (cost=0.43..8.45 rows=0 width=0)
	  ->  Index Scan using sbtest1_pkey on sbtest1  (cost=0.43..8.45 rows=1 width=6)
	        Index Cond: (id = 7865172)

table 2 : explain DELETE FROM sbtest2 WHERE id=5369879
	Delete on sbtest2  (cost=0.43..8.45 rows=0 width=0)
	  ->  Index Scan using sbtest2_pkey on sbtest2  (cost=0.43..8.45 rows=1 width=6)
	        Index Cond: (id = 5369879)

table 3 : explain DELETE FROM sbtest3 WHERE id=5305572
	Delete on sbtest3  (cost=0.43..8.45 rows=0 width=0)
	  ->  Index Scan using sbtest3_pkey on sbtest3  (cost=0.43..8.45 rows=1 width=6)
	        Index Cond: (id = 5305572)

table 4 : explain DELETE FROM sbtest4 WHERE id=2084621
	Delete on sbtest4  (cost=0.43..8.45 rows=0 width=0)
	  ->  Index Scan using sbtest4_pkey on sbtest4  (cost=0.43..8.45 rows=1 width=6)
	        Index Cond: (id = 2084621)

table 5 : explain DELETE FROM sbtest5 WHERE id=5960939
	Delete on sbtest5  (cost=0.43..8.45 rows=0 width=0)
	  ->  Index Scan using sbtest5_pkey on sbtest5  (cost=0.43..8.45 rows=1 width=6)
	        Index Cond: (id = 5960939)

table 6 : explain DELETE FROM sbtest6 WHERE id=3572238
	Delete on sbtest6  (cost=0.43..8.45 rows=0 width=0)
	  ->  Index Scan using sbtest6_pkey on sbtest6  (cost=0.43..8.45 rows=1 width=6)
	        Index Cond: (id = 3572238)

table 7 : explain DELETE FROM sbtest7 WHERE id=7817677
	Delete on sbtest7  (cost=0.43..8.45 rows=0 width=0)
	  ->  Index Scan using sbtest7_pkey on sbtest7  (cost=0.43..8.45 rows=1 width=6)
	        Index Cond: (id = 7817677)

table 8 : explain DELETE FROM sbtest8 WHERE id=2528442
	Delete on sbtest8  (cost=0.43..8.45 rows=0 width=0)
	  ->  Index Scan using sbtest8_pkey on sbtest8  (cost=0.43..8.45 rows=1 width=6)
	        Index Cond: (id = 2528442)

for non_index_updates
table 1 : explain UPDATE sbtest1 SET c='foobar' WHERE id=8792432
	Update on sbtest1  (cost=0.43..8.45 rows=0 width=0)
	  ->  Index Scan using sbtest1_pkey on sbtest1  (cost=0.43..8.45 rows=1 width=490)
	        Index Cond: (id = 8792432)

table 2 : explain UPDATE sbtest2 SET c='foobar' WHERE id=7328298
	Update on sbtest2  (cost=0.43..8.45 rows=0 width=0)
	  ->  Index Scan using sbtest2_pkey on sbtest2  (cost=0.43..8.45 rows=1 width=490)
	        Index Cond: (id = 7328298)

table 3 : explain UPDATE sbtest3 SET c='foobar' WHERE id=5192347
	Update on sbtest3  (cost=0.43..8.45 rows=0 width=0)
	  ->  Index Scan using sbtest3_pkey on sbtest3  (cost=0.43..8.45 rows=1 width=490)
	        Index Cond: (id = 5192347)

table 4 : explain UPDATE sbtest4 SET c='foobar' WHERE id=9545405
	Update on sbtest4  (cost=0.43..8.45 rows=0 width=0)
	  ->  Index Scan using sbtest4_pkey on sbtest4  (cost=0.43..8.45 rows=1 width=490)
	        Index Cond: (id = 9545405)

table 5 : explain UPDATE sbtest5 SET c='foobar' WHERE id=2993083
	Update on sbtest5  (cost=0.43..8.45 rows=0 width=0)
	  ->  Index Scan using sbtest5_pkey on sbtest5  (cost=0.43..8.45 rows=1 width=490)
	        Index Cond: (id = 2993083)

table 6 : explain UPDATE sbtest6 SET c='foobar' WHERE id=5873996
	Update on sbtest6  (cost=0.43..8.45 rows=0 width=0)
	  ->  Index Scan using sbtest6_pkey on sbtest6  (cost=0.43..8.45 rows=1 width=490)
	        Index Cond: (id = 5873996)

table 7 : explain UPDATE sbtest7 SET c='foobar' WHERE id=4427868
	Update on sbtest7  (cost=0.43..8.45 rows=0 width=0)
	  ->  Index Scan using sbtest7_pkey on sbtest7  (cost=0.43..8.45 rows=1 width=490)
	        Index Cond: (id = 4427868)

table 8 : explain UPDATE sbtest8 SET c='foobar' WHERE id=9433558
	Update on sbtest8  (cost=0.43..8.45 rows=0 width=0)
	  ->  Index Scan using sbtest8_pkey on sbtest8  (cost=0.43..8.45 rows=1 width=490)
	        Index Cond: (id = 9433558)

for: order_ranges
table 1 : explain SELECT c FROM sbtest1 WHERE id BETWEEN 855359 AND 855458 ORDER BY c
	Sort  (cost=396.13..396.38 rows=102 width=121)
	  Sort Key: c
	  ->  Index Scan using sbtest1_pkey on sbtest1  (cost=0.43..392.72 rows=102 width=121)
	        Index Cond: ((id >= 855359) AND (id <= 855458))

table 2 : explain SELECT c FROM sbtest2 WHERE id BETWEEN 7837902 AND 7838001 ORDER BY c
	Sort  (cost=426.23..426.51 rows=110 width=121)
	  Sort Key: c
	  ->  Index Scan using sbtest2_pkey on sbtest2  (cost=0.43..422.50 rows=110 width=121)
	        Index Cond: ((id >= 7837902) AND (id <= 7838001))

table 3 : explain SELECT c FROM sbtest3 WHERE id BETWEEN 4133131 AND 4133230 ORDER BY c
	Sort  (cost=417.01..417.28 rows=108 width=121)
	  Sort Key: c
	  ->  Index Scan using sbtest3_pkey on sbtest3  (cost=0.43..413.36 rows=108 width=121)
	        Index Cond: ((id >= 4133131) AND (id <= 4133230))

table 4 : explain SELECT c FROM sbtest4 WHERE id BETWEEN 3232586 AND 3232685 ORDER BY c
	Sort  (cost=376.21..376.45 rows=97 width=121)
	  Sort Key: c
	  ->  Index Scan using sbtest4_pkey on sbtest4  (cost=0.43..373.01 rows=97 width=121)
	        Index Cond: ((id >= 3232586) AND (id <= 3232685))

table 5 : explain SELECT c FROM sbtest5 WHERE id BETWEEN 5345154 AND 5345253 ORDER BY c
	Sort  (cost=366.00..366.23 rows=94 width=121)
	  Sort Key: c
	  ->  Index Scan using sbtest5_pkey on sbtest5  (cost=0.43..362.92 rows=94 width=121)
	        Index Cond: ((id >= 5345154) AND (id <= 5345253))

table 6 : explain SELECT c FROM sbtest6 WHERE id BETWEEN 2969008 AND 2969107 ORDER BY c
	Sort  (cost=394.93..395.18 rows=102 width=121)
	  Sort Key: c
	  ->  Index Scan using sbtest6_pkey on sbtest6  (cost=0.43..391.52 rows=102 width=121)
	        Index Cond: ((id >= 2969008) AND (id <= 2969107))

table 7 : explain SELECT c FROM sbtest7 WHERE id BETWEEN 6351854 AND 6351953 ORDER BY c
	Sort  (cost=399.60..399.86 rows=103 width=121)
	  Sort Key: c
	  ->  Index Scan using sbtest7_pkey on sbtest7  (cost=0.43..396.16 rows=103 width=121)
	        Index Cond: ((id >= 6351854) AND (id <= 6351953))

table 8 : explain SELECT c FROM sbtest8 WHERE id BETWEEN 1387667 AND 1387766 ORDER BY c
	Sort  (cost=381.98..382.23 rows=98 width=121)
	  Sort Key: c
	  ->  Index Scan using sbtest8_pkey on sbtest8  (cost=0.43..378.74 rows=98 width=121)
	        Index Cond: ((id >= 1387667) AND (id <= 1387766))

explain: for deletes :: explain DELETE FROM sbtest%u WHERE id=%u
for: order_ranges
table 1 : explain SELECT c FROM sbtest1 WHERE id BETWEEN 4189974 AND 4190073 ORDER BY c
	Sort  (cost=411.50..411.77 rows=106 width=121)
	  Sort Key: c
	  ->  Index Scan using sbtest1_pkey on sbtest1  (cost=0.43..407.94 rows=106 width=121)
	        Index Cond: ((id >= 4189974) AND (id <= 4190073))

table 2 : explain SELECT c FROM sbtest2 WHERE id BETWEEN 7223211 AND 7223310 ORDER BY c
	Sort  (cost=387.85..388.10 rows=100 width=121)
	  Sort Key: c
	  ->  Index Scan using sbtest2_pkey on sbtest2  (cost=0.43..384.53 rows=100 width=121)
	        Index Cond: ((id >= 7223211) AND (id <= 7223310))

table 3 : explain SELECT c FROM sbtest3 WHERE id BETWEEN 4423260 AND 4423359 ORDER BY c
	Sort  (cost=371.07..371.31 rows=96 width=121)
	  Sort Key: c
	  ->  Index Scan using sbtest3_pkey on sbtest3  (cost=0.43..367.91 rows=96 width=121)
	        Index Cond: ((id >= 4423260) AND (id <= 4423359))

table 4 : explain SELECT c FROM sbtest4 WHERE id BETWEEN 2992445 AND 2992544 ORDER BY c
	Sort  (cost=376.21..376.45 rows=97 width=121)
	  Sort Key: c
	  ->  Index Scan using sbtest4_pkey on sbtest4  (cost=0.43..373.01 rows=97 width=121)
	        Index Cond: ((id >= 2992445) AND (id <= 2992544))

table 5 : explain SELECT c FROM sbtest5 WHERE id BETWEEN 2938432 AND 2938531 ORDER BY c
	Sort  (cost=381.40..381.64 rows=98 width=121)
	  Sort Key: c
	  ->  Index Scan using sbtest5_pkey on sbtest5  (cost=0.43..378.16 rows=98 width=121)
	        Index Cond: ((id >= 2938432) AND (id <= 2938531))

table 6 : explain SELECT c FROM sbtest6 WHERE id BETWEEN 627368 AND 627467 ORDER BY c
	Sort  (cost=425.58..425.86 rows=110 width=121)
	  Sort Key: c
	  ->  Index Scan using sbtest6_pkey on sbtest6  (cost=0.43..421.85 rows=110 width=121)
	        Index Cond: ((id >= 627368) AND (id <= 627467))

table 7 : explain SELECT c FROM sbtest7 WHERE id BETWEEN 8826356 AND 8826455 ORDER BY c
	Sort  (cost=384.19..384.43 rows=99 width=121)
	  Sort Key: c
	  ->  Index Scan using sbtest7_pkey on sbtest7  (cost=0.43..380.90 rows=99 width=121)
	        Index Cond: ((id >= 8826356) AND (id <= 8826455))

table 8 : explain SELECT c FROM sbtest8 WHERE id BETWEEN 1474635 AND 1474734 ORDER BY c
	Sort  (cost=412.89..413.15 rows=106 width=121)
	  Sort Key: c
	  ->  Index Scan using sbtest8_pkey on sbtest8  (cost=0.43..409.32 rows=106 width=121)
	        Index Cond: ((id >= 1474635) AND (id <= 1474734))

for index_updates
table 1 : explain UPDATE sbtest1 SET k=k+1 WHERE id=7494988
	Update on sbtest1  (cost=0.43..8.46 rows=0 width=0)
	  ->  Index Scan using sbtest1_pkey on sbtest1  (cost=0.43..8.46 rows=1 width=10)
	        Index Cond: (id = 7494988)

table 2 : explain UPDATE sbtest2 SET k=k+1 WHERE id=853564
	Update on sbtest2  (cost=0.43..8.46 rows=0 width=0)
	  ->  Index Scan using sbtest2_pkey on sbtest2  (cost=0.43..8.46 rows=1 width=10)
	        Index Cond: (id = 853564)

table 3 : explain UPDATE sbtest3 SET k=k+1 WHERE id=5496016
	Update on sbtest3  (cost=0.43..8.46 rows=0 width=0)
	  ->  Index Scan using sbtest3_pkey on sbtest3  (cost=0.43..8.46 rows=1 width=10)
	        Index Cond: (id = 5496016)

table 4 : explain UPDATE sbtest4 SET k=k+1 WHERE id=2485255
	Update on sbtest4  (cost=0.43..8.46 rows=0 width=0)
	  ->  Index Scan using sbtest4_pkey on sbtest4  (cost=0.43..8.46 rows=1 width=10)
	        Index Cond: (id = 2485255)

table 5 : explain UPDATE sbtest5 SET k=k+1 WHERE id=8205904
	Update on sbtest5  (cost=0.43..8.46 rows=0 width=0)
	  ->  Index Scan using sbtest5_pkey on sbtest5  (cost=0.43..8.46 rows=1 width=10)
	        Index Cond: (id = 8205904)

table 6 : explain UPDATE sbtest6 SET k=k+1 WHERE id=9713423
	Update on sbtest6  (cost=0.43..8.46 rows=0 width=0)
	  ->  Index Scan using sbtest6_pkey on sbtest6  (cost=0.43..8.46 rows=1 width=10)
	        Index Cond: (id = 9713423)

table 7 : explain UPDATE sbtest7 SET k=k+1 WHERE id=3194242
	Update on sbtest7  (cost=0.43..8.46 rows=0 width=0)
	  ->  Index Scan using sbtest7_pkey on sbtest7  (cost=0.43..8.46 rows=1 width=10)
	        Index Cond: (id = 3194242)

table 8 : explain UPDATE sbtest8 SET k=k+1 WHERE id=6100447
	Update on sbtest8  (cost=0.43..8.46 rows=0 width=0)
	  ->  Index Scan using sbtest8_pkey on sbtest8  (cost=0.43..8.46 rows=1 width=10)
	        Index Cond: (id = 6100447)

for deletes
table 1 : explain DELETE FROM sbtest1 WHERE id=8793792
	Delete on sbtest1  (cost=0.43..8.45 rows=0 width=0)
	  ->  Index Scan using sbtest1_pkey on sbtest1  (cost=0.43..8.45 rows=1 width=6)
	        Index Cond: (id = 8793792)

table 2 : explain DELETE FROM sbtest2 WHERE id=4655791
	Delete on sbtest2  (cost=0.43..8.45 rows=0 width=0)
	  ->  Index Scan using sbtest2_pkey on sbtest2  (cost=0.43..8.45 rows=1 width=6)
	        Index Cond: (id = 4655791)

table 3 : explain DELETE FROM sbtest3 WHERE id=5288931
	Delete on sbtest3  (cost=0.43..8.45 rows=0 width=0)
	  ->  Index Scan using sbtest3_pkey on sbtest3  (cost=0.43..8.45 rows=1 width=6)
	        Index Cond: (id = 5288931)

table 4 : explain DELETE FROM sbtest4 WHERE id=8557906
	Delete on sbtest4  (cost=0.43..8.45 rows=0 width=0)
	  ->  Index Scan using sbtest4_pkey on sbtest4  (cost=0.43..8.45 rows=1 width=6)
	        Index Cond: (id = 8557906)

table 5 : explain DELETE FROM sbtest5 WHERE id=7806268
	Delete on sbtest5  (cost=0.43..8.45 rows=0 width=0)
	  ->  Index Scan using sbtest5_pkey on sbtest5  (cost=0.43..8.45 rows=1 width=6)
	        Index Cond: (id = 7806268)

table 6 : explain DELETE FROM sbtest6 WHERE id=7751456
	Delete on sbtest6  (cost=0.43..8.45 rows=0 width=0)
	  ->  Index Scan using sbtest6_pkey on sbtest6  (cost=0.43..8.45 rows=1 width=6)
	        Index Cond: (id = 7751456)

table 7 : explain DELETE FROM sbtest7 WHERE id=6362597
	Delete on sbtest7  (cost=0.43..8.45 rows=0 width=0)
	  ->  Index Scan using sbtest7_pkey on sbtest7  (cost=0.43..8.45 rows=1 width=6)
	        Index Cond: (id = 6362597)

table 8 : explain DELETE FROM sbtest8 WHERE id=5109525
	Delete on sbtest8  (cost=0.43..8.45 rows=0 width=0)
	  ->  Index Scan using sbtest8_pkey on sbtest8  (cost=0.43..8.45 rows=1 width=6)
	        Index Cond: (id = 5109525)

explain: for inserts :: explain INSERT INTO sbtest%u (id, k, c, pad) VALUES (%u, 13, 'foobar', 'foobar')
for: distinct_ranges
table 1 : explain SELECT DISTINCT c FROM sbtest1 WHERE id BETWEEN 2679373 AND 2679472 ORDER BY c
	Unique  (cost=423.03..423.58 rows=109 width=121)
	  ->  Sort  (cost=423.03..423.31 rows=109 width=121)
	        Sort Key: c
	        ->  Index Scan using sbtest1_pkey on sbtest1  (cost=0.43..419.35 rows=109 width=121)
	              Index Cond: ((id >= 2679373) AND (id <= 2679472))

table 2 : explain SELECT DISTINCT c FROM sbtest2 WHERE id BETWEEN 5078056 AND 5078155 ORDER BY c
	Unique  (cost=403.20..403.72 rows=104 width=121)
	  ->  Sort  (cost=403.20..403.46 rows=104 width=121)
	        Sort Key: c
	        ->  Index Scan using sbtest2_pkey on sbtest2  (cost=0.43..399.72 rows=104 width=121)
	              Index Cond: ((id >= 5078056) AND (id <= 5078155))

table 3 : explain SELECT DISTINCT c FROM sbtest3 WHERE id BETWEEN 462118 AND 462217 ORDER BY c
	Unique  (cost=382.60..383.10 rows=99 width=121)
	  ->  Sort  (cost=382.60..382.85 rows=99 width=121)
	        Sort Key: c
	        ->  Index Scan using sbtest3_pkey on sbtest3  (cost=0.43..379.32 rows=99 width=121)
	              Index Cond: ((id >= 462118) AND (id <= 462217))

table 4 : explain SELECT DISTINCT c FROM sbtest4 WHERE id BETWEEN 2529677 AND 2529776 ORDER BY c
	Unique  (cost=414.57..415.10 rows=107 width=121)
	  ->  Sort  (cost=414.57..414.84 rows=107 width=121)
	        Sort Key: c
	        ->  Index Scan using sbtest4_pkey on sbtest4  (cost=0.43..410.96 rows=107 width=121)
	              Index Cond: ((id >= 2529677) AND (id <= 2529776))

table 5 : explain SELECT DISTINCT c FROM sbtest5 WHERE id BETWEEN 5921337 AND 5921436 ORDER BY c
	Unique  (cost=373.70..374.18 rows=96 width=121)
	  ->  Sort  (cost=373.70..373.94 rows=96 width=121)
	        Sort Key: c
	        ->  Index Scan using sbtest5_pkey on sbtest5  (cost=0.43..370.54 rows=96 width=121)
	              Index Cond: ((id >= 5921337) AND (id <= 5921436))

table 6 : explain SELECT DISTINCT c FROM sbtest6 WHERE id BETWEEN 4696291 AND 4696390 ORDER BY c
	Unique  (cost=364.22..364.69 rows=94 width=121)
	  ->  Sort  (cost=364.22..364.45 rows=94 width=121)
	        Sort Key: c
	        ->  Index Scan using sbtest6_pkey on sbtest6  (cost=0.43..361.14 rows=94 width=121)
	              Index Cond: ((id >= 4696291) AND (id <= 4696390))

table 7 : explain SELECT DISTINCT c FROM sbtest7 WHERE id BETWEEN 1929578 AND 1929677 ORDER BY c
	Unique  (cost=418.80..419.34 rows=108 width=121)
	  ->  Sort  (cost=418.80..419.07 rows=108 width=121)
	        Sort Key: c
	        ->  Index Scan using sbtest7_pkey on sbtest7  (cost=0.43..415.15 rows=108 width=121)
	              Index Cond: ((id >= 1929578) AND (id <= 1929677))

table 8 : explain SELECT DISTINCT c FROM sbtest8 WHERE id BETWEEN 1562200 AND 1562299 ORDER BY c
	Unique  (cost=393.60..394.11 rows=101 width=121)
	  ->  Sort  (cost=393.60..393.86 rows=101 width=121)
	        Sort Key: c
	        ->  Index Scan using sbtest8_pkey on sbtest8  (cost=0.43..390.24 rows=101 width=121)
	              Index Cond: ((id >= 1562200) AND (id <= 1562299))

explain: for inserts :: explain INSERT INTO sbtest%u (id, k, c, pad) VALUES (%u, 13, 'foobar', 'foobar')
explain: for non_index_updates :: explain UPDATE sbtest%u SET c='foobar' WHERE id=%u
explain: for index_updates :: explain UPDATE sbtest%u SET k=k+1 WHERE id=%u
for: distinct_ranges
table 1 : explain SELECT DISTINCT c FROM sbtest1 WHERE id BETWEEN 5977453 AND 5977552 ORDER BY c
	Unique  (cost=399.97..400.49 rows=103 width=121)
	  ->  Sort  (cost=399.97..400.23 rows=103 width=121)
	        Sort Key: c
	        ->  Index Scan using sbtest1_pkey on sbtest1  (cost=0.43..396.53 rows=103 width=121)
	              Index Cond: ((id >= 5977453) AND (id <= 5977552))

table 2 : explain SELECT DISTINCT c FROM sbtest2 WHERE id BETWEEN 3041245 AND 3041344 ORDER BY c
	Unique  (cost=380.18..380.67 rows=98 width=121)
	  ->  Sort  (cost=380.18..380.42 rows=98 width=121)
	        Sort Key: c
	        ->  Index Scan using sbtest2_pkey on sbtest2  (cost=0.43..376.94 rows=98 width=121)
	              Index Cond: ((id >= 3041245) AND (id <= 3041344))

table 3 : explain SELECT DISTINCT c FROM sbtest3 WHERE id BETWEEN 5138221 AND 5138320 ORDER BY c
	Unique  (cost=405.54..406.06 rows=105 width=121)
	  ->  Sort  (cost=405.54..405.80 rows=105 width=121)
	        Sort Key: c
	        ->  Index Scan using sbtest3_pkey on sbtest3  (cost=0.43..402.01 rows=105 width=121)
	              Index Cond: ((id >= 5138221) AND (id <= 5138320))

table 4 : explain SELECT DISTINCT c FROM sbtest4 WHERE id BETWEEN 7215850 AND 7215949 ORDER BY c
	Unique  (cost=372.37..372.85 rows=96 width=121)
	  ->  Sort  (cost=372.37..372.61 rows=96 width=121)
	        Sort Key: c
	        ->  Index Scan using sbtest4_pkey on sbtest4  (cost=0.43..369.21 rows=96 width=121)
	              Index Cond: ((id >= 7215850) AND (id <= 7215949))

table 5 : explain SELECT DISTINCT c FROM sbtest5 WHERE id BETWEEN 208967 AND 209066 ORDER BY c
	Unique  (cost=366.00..366.47 rows=94 width=121)
	  ->  Sort  (cost=366.00..366.23 rows=94 width=121)
	        Sort Key: c
	        ->  Index Scan using sbtest5_pkey on sbtest5  (cost=0.43..362.92 rows=94 width=121)
	              Index Cond: ((id >= 208967) AND (id <= 209066))

table 6 : explain SELECT DISTINCT c FROM sbtest6 WHERE id BETWEEN 199295 AND 199394 ORDER BY c
	Unique  (cost=410.25..410.78 rows=106 width=121)
	  ->  Sort  (cost=410.25..410.52 rows=106 width=121)
	        Sort Key: c
	        ->  Index Scan using sbtest6_pkey on sbtest6  (cost=0.43..406.69 rows=106 width=121)
	              Index Cond: ((id >= 199295) AND (id <= 199394))

table 7 : explain SELECT DISTINCT c FROM sbtest7 WHERE id BETWEEN 4254182 AND 4254281 ORDER BY c
	Unique  (cost=368.83..369.30 rows=95 width=121)
	  ->  Sort  (cost=368.83..369.06 rows=95 width=121)
	        Sort Key: c
	        ->  Index Scan using sbtest7_pkey on sbtest7  (cost=0.43..365.71 rows=95 width=121)
	              Index Cond: ((id >= 4254182) AND (id <= 4254281))

table 8 : explain SELECT DISTINCT c FROM sbtest8 WHERE id BETWEEN 2931254 AND 2931353 ORDER BY c
	Unique  (cost=385.89..386.39 rows=99 width=121)
	  ->  Sort  (cost=385.89..386.14 rows=99 width=121)
	        Sort Key: c
	        ->  Index Scan using sbtest8_pkey on sbtest8  (cost=0.43..382.61 rows=99 width=121)
	              Index Cond: ((id >= 2931254) AND (id <= 2931353))

for inserts
table 1 : explain INSERT INTO sbtest1 (id, k, c, pad) VALUES (8415514, 13, 'foobar', 'foobar')
	Insert on sbtest1  (cost=0.00..0.01 rows=0 width=0)
	  ->  Result  (cost=0.00..0.01 rows=1 width=736)

table 2 : explain INSERT INTO sbtest2 (id, k, c, pad) VALUES (882427, 13, 'foobar', 'foobar')
	Insert on sbtest2  (cost=0.00..0.01 rows=0 width=0)
	  ->  Result  (cost=0.00..0.01 rows=1 width=736)

table 3 : explain INSERT INTO sbtest3 (id, k, c, pad) VALUES (7856918, 13, 'foobar', 'foobar')
	Insert on sbtest3  (cost=0.00..0.01 rows=0 width=0)
	  ->  Result  (cost=0.00..0.01 rows=1 width=736)

table 4 : explain INSERT INTO sbtest4 (id, k, c, pad) VALUES (246070, 13, 'foobar', 'foobar')
	Insert on sbtest4  (cost=0.00..0.01 rows=0 width=0)
	  ->  Result  (cost=0.00..0.01 rows=1 width=736)

table 5 : explain INSERT INTO sbtest5 (id, k, c, pad) VALUES (3526344, 13, 'foobar', 'foobar')
	Insert on sbtest5  (cost=0.00..0.01 rows=0 width=0)
	  ->  Result  (cost=0.00..0.01 rows=1 width=736)

table 6 : explain INSERT INTO sbtest6 (id, k, c, pad) VALUES (9759715, 13, 'foobar', 'foobar')
	Insert on sbtest6  (cost=0.00..0.01 rows=0 width=0)
	  ->  Result  (cost=0.00..0.01 rows=1 width=736)

table 7 : explain INSERT INTO sbtest7 (id, k, c, pad) VALUES (2954445, 13, 'foobar', 'foobar')
	Insert on sbtest7  (cost=0.00..0.01 rows=0 width=0)
	  ->  Result  (cost=0.00..0.01 rows=1 width=736)

table 8 : explain INSERT INTO sbtest8 (id, k, c, pad) VALUES (4593594, 13, 'foobar', 'foobar')
	Insert on sbtest8  (cost=0.00..0.01 rows=0 width=0)
	  ->  Result  (cost=0.00..0.01 rows=1 width=736)

for inserts
table 1 : explain INSERT INTO sbtest1 (id, k, c, pad) VALUES (5182501, 13, 'foobar', 'foobar')
	Insert on sbtest1  (cost=0.00..0.01 rows=0 width=0)
	  ->  Result  (cost=0.00..0.01 rows=1 width=736)

table 2 : explain INSERT INTO sbtest2 (id, k, c, pad) VALUES (3833350, 13, 'foobar', 'foobar')
	Insert on sbtest2  (cost=0.00..0.01 rows=0 width=0)
	  ->  Result  (cost=0.00..0.01 rows=1 width=736)

table 3 : explain INSERT INTO sbtest3 (id, k, c, pad) VALUES (828070, 13, 'foobar', 'foobar')
	Insert on sbtest3  (cost=0.00..0.01 rows=0 width=0)
	  ->  Result  (cost=0.00..0.01 rows=1 width=736)

table 4 : explain INSERT INTO sbtest4 (id, k, c, pad) VALUES (2915966, 13, 'foobar', 'foobar')
	Insert on sbtest4  (cost=0.00..0.01 rows=0 width=0)
	  ->  Result  (cost=0.00..0.01 rows=1 width=736)

table 5 : explain INSERT INTO sbtest5 (id, k, c, pad) VALUES (7249284, 13, 'foobar', 'foobar')
	Insert on sbtest5  (cost=0.00..0.01 rows=0 width=0)
	  ->  Result  (cost=0.00..0.01 rows=1 width=736)

table 6 : explain INSERT INTO sbtest6 (id, k, c, pad) VALUES (405476, 13, 'foobar', 'foobar')
	Insert on sbtest6  (cost=0.00..0.01 rows=0 width=0)
	  ->  Result  (cost=0.00..0.01 rows=1 width=736)

table 7 : explain INSERT INTO sbtest7 (id, k, c, pad) VALUES (586760, 13, 'foobar', 'foobar')
	Insert on sbtest7  (cost=0.00..0.01 rows=0 width=0)
	  ->  Result  (cost=0.00..0.01 rows=1 width=736)

table 8 : explain INSERT INTO sbtest8 (id, k, c, pad) VALUES (309694, 13, 'foobar', 'foobar')
	Insert on sbtest8  (cost=0.00..0.01 rows=0 width=0)
	  ->  Result  (cost=0.00..0.01 rows=1 width=736)

explain: for index_updates :: explain UPDATE sbtest%u SET k=k+1 WHERE id=%u
for index_updates
table 1 : explain UPDATE sbtest1 SET k=k+1 WHERE id=9528620
	Update on sbtest1  (cost=0.43..8.46 rows=0 width=0)
	  ->  Index Scan using sbtest1_pkey on sbtest1  (cost=0.43..8.46 rows=1 width=10)
	        Index Cond: (id = 9528620)

table 2 : explain UPDATE sbtest2 SET k=k+1 WHERE id=2590830
	Update on sbtest2  (cost=0.43..8.46 rows=0 width=0)
	  ->  Index Scan using sbtest2_pkey on sbtest2  (cost=0.43..8.46 rows=1 width=10)
	        Index Cond: (id = 2590830)

table 3 : explain UPDATE sbtest3 SET k=k+1 WHERE id=2137615
	Update on sbtest3  (cost=0.43..8.46 rows=0 width=0)
	  ->  Index Scan using sbtest3_pkey on sbtest3  (cost=0.43..8.46 rows=1 width=10)
	        Index Cond: (id = 2137615)

table 4 : explain UPDATE sbtest4 SET k=k+1 WHERE id=8621070
	Update on sbtest4  (cost=0.43..8.46 rows=0 width=0)
	  ->  Index Scan using sbtest4_pkey on sbtest4  (cost=0.43..8.46 rows=1 width=10)
	        Index Cond: (id = 8621070)

table 5 : explain UPDATE sbtest5 SET k=k+1 WHERE id=5800071
	Update on sbtest5  (cost=0.43..8.46 rows=0 width=0)
	  ->  Index Scan using sbtest5_pkey on sbtest5  (cost=0.43..8.46 rows=1 width=10)
	        Index Cond: (id = 5800071)

table 6 : explain UPDATE sbtest6 SET k=k+1 WHERE id=2984136
	Update on sbtest6  (cost=0.43..8.46 rows=0 width=0)
	  ->  Index Scan using sbtest6_pkey on sbtest6  (cost=0.43..8.46 rows=1 width=10)
	        Index Cond: (id = 2984136)

table 7 : explain UPDATE sbtest7 SET k=k+1 WHERE id=1363231
	Update on sbtest7  (cost=0.43..8.46 rows=0 width=0)
	  ->  Index Scan using sbtest7_pkey on sbtest7  (cost=0.43..8.46 rows=1 width=10)
	        Index Cond: (id = 1363231)

table 8 : explain UPDATE sbtest8 SET k=k+1 WHERE id=3010491
	Update on sbtest8  (cost=0.43..8.46 rows=0 width=0)
	  ->  Index Scan using sbtest8_pkey on sbtest8  (cost=0.43..8.46 rows=1 width=10)
	        Index Cond: (id = 3010491)

explain: for non_index_updates :: explain UPDATE sbtest%u SET c='foobar' WHERE id=%u
for non_index_updates
table 1 : explain UPDATE sbtest1 SET c='foobar' WHERE id=8969249
	Update on sbtest1  (cost=0.43..8.45 rows=0 width=0)
	  ->  Index Scan using sbtest1_pkey on sbtest1  (cost=0.43..8.45 rows=1 width=490)
	        Index Cond: (id = 8969249)

table 2 : explain UPDATE sbtest2 SET c='foobar' WHERE id=3792116
	Update on sbtest2  (cost=0.43..8.45 rows=0 width=0)
	  ->  Index Scan using sbtest2_pkey on sbtest2  (cost=0.43..8.45 rows=1 width=490)
	        Index Cond: (id = 3792116)

table 3 : explain UPDATE sbtest3 SET c='foobar' WHERE id=4860720
	Update on sbtest3  (cost=0.43..8.45 rows=0 width=0)
	  ->  Index Scan using sbtest3_pkey on sbtest3  (cost=0.43..8.45 rows=1 width=490)
	        Index Cond: (id = 4860720)

table 4 : explain UPDATE sbtest4 SET c='foobar' WHERE id=8942483
	Update on sbtest4  (cost=0.43..8.45 rows=0 width=0)
	  ->  Index Scan using sbtest4_pkey on sbtest4  (cost=0.43..8.45 rows=1 width=490)
	        Index Cond: (id = 8942483)

table 5 : explain UPDATE sbtest5 SET c='foobar' WHERE id=4129504
	Update on sbtest5  (cost=0.43..8.45 rows=0 width=0)
	  ->  Index Scan using sbtest5_pkey on sbtest5  (cost=0.43..8.45 rows=1 width=490)
	        Index Cond: (id = 4129504)

table 6 : explain UPDATE sbtest6 SET c='foobar' WHERE id=658742
	Update on sbtest6  (cost=0.43..8.45 rows=0 width=0)
	  ->  Index Scan using sbtest6_pkey on sbtest6  (cost=0.43..8.45 rows=1 width=490)
	        Index Cond: (id = 658742)

table 7 : explain UPDATE sbtest7 SET c='foobar' WHERE id=594764
	Update on sbtest7  (cost=0.43..8.45 rows=0 width=0)
	  ->  Index Scan using sbtest7_pkey on sbtest7  (cost=0.43..8.45 rows=1 width=490)
	        Index Cond: (id = 594764)

table 8 : explain UPDATE sbtest8 SET c='foobar' WHERE id=3238183
	Update on sbtest8  (cost=0.43..8.45 rows=0 width=0)
	  ->  Index Scan using sbtest8_pkey on sbtest8  (cost=0.43..8.45 rows=1 width=490)
	        Index Cond: (id = 3238183)

for index_updates
table 1 : explain UPDATE sbtest1 SET k=k+1 WHERE id=2255362
	Update on sbtest1  (cost=0.43..8.46 rows=0 width=0)
	  ->  Index Scan using sbtest1_pkey on sbtest1  (cost=0.43..8.46 rows=1 width=10)
	        Index Cond: (id = 2255362)

table 2 : explain UPDATE sbtest2 SET k=k+1 WHERE id=4753987
	Update on sbtest2  (cost=0.43..8.46 rows=0 width=0)
	  ->  Index Scan using sbtest2_pkey on sbtest2  (cost=0.43..8.46 rows=1 width=10)
	        Index Cond: (id = 4753987)

table 3 : explain UPDATE sbtest3 SET k=k+1 WHERE id=828342
	Update on sbtest3  (cost=0.43..8.46 rows=0 width=0)
	  ->  Index Scan using sbtest3_pkey on sbtest3  (cost=0.43..8.46 rows=1 width=10)
	        Index Cond: (id = 828342)

table 4 : explain UPDATE sbtest4 SET k=k+1 WHERE id=23760
	Update on sbtest4  (cost=0.43..8.46 rows=0 width=0)
	  ->  Index Scan using sbtest4_pkey on sbtest4  (cost=0.43..8.46 rows=1 width=10)
	        Index Cond: (id = 23760)

table 5 : explain UPDATE sbtest5 SET k=k+1 WHERE id=1625453
	Update on sbtest5  (cost=0.43..8.46 rows=0 width=0)
	  ->  Index Scan using sbtest5_pkey on sbtest5  (cost=0.43..8.46 rows=1 width=10)
	        Index Cond: (id = 1625453)

table 6 : explain UPDATE sbtest6 SET k=k+1 WHERE id=9677842
	Update on sbtest6  (cost=0.43..8.46 rows=0 width=0)
	  ->  Index Scan using sbtest6_pkey on sbtest6  (cost=0.43..8.46 rows=1 width=10)
	        Index Cond: (id = 9677842)

table 7 : explain UPDATE sbtest7 SET k=k+1 WHERE id=2986792
	Update on sbtest7  (cost=0.43..8.46 rows=0 width=0)
	  ->  Index Scan using sbtest7_pkey on sbtest7  (cost=0.43..8.46 rows=1 width=10)
	        Index Cond: (id = 2986792)

table 8 : explain UPDATE sbtest8 SET k=k+1 WHERE id=2883146
	Update on sbtest8  (cost=0.43..8.46 rows=0 width=0)
	  ->  Index Scan using sbtest8_pkey on sbtest8  (cost=0.43..8.46 rows=1 width=10)
	        Index Cond: (id = 2883146)

explain: for deletes :: explain DELETE FROM sbtest%u WHERE id=%u
for non_index_updates
table 1 : explain UPDATE sbtest1 SET c='foobar' WHERE id=157401
	Update on sbtest1  (cost=0.43..8.45 rows=0 width=0)
	  ->  Index Scan using sbtest1_pkey on sbtest1  (cost=0.43..8.45 rows=1 width=490)
	        Index Cond: (id = 157401)

table 2 : explain UPDATE sbtest2 SET c='foobar' WHERE id=5447870
	Update on sbtest2  (cost=0.43..8.45 rows=0 width=0)
	  ->  Index Scan using sbtest2_pkey on sbtest2  (cost=0.43..8.45 rows=1 width=490)
	        Index Cond: (id = 5447870)

table 3 : explain UPDATE sbtest3 SET c='foobar' WHERE id=863221
	Update on sbtest3  (cost=0.43..8.45 rows=0 width=0)
	  ->  Index Scan using sbtest3_pkey on sbtest3  (cost=0.43..8.45 rows=1 width=490)
	        Index Cond: (id = 863221)

table 4 : explain UPDATE sbtest4 SET c='foobar' WHERE id=4809105
	Update on sbtest4  (cost=0.43..8.45 rows=0 width=0)
	  ->  Index Scan using sbtest4_pkey on sbtest4  (cost=0.43..8.45 rows=1 width=490)
	        Index Cond: (id = 4809105)

table 5 : explain UPDATE sbtest5 SET c='foobar' WHERE id=7484440
	Update on sbtest5  (cost=0.43..8.45 rows=0 width=0)
	  ->  Index Scan using sbtest5_pkey on sbtest5  (cost=0.43..8.45 rows=1 width=490)
	        Index Cond: (id = 7484440)

table 6 : explain UPDATE sbtest6 SET c='foobar' WHERE id=1706054
	Update on sbtest6  (cost=0.43..8.45 rows=0 width=0)
	  ->  Index Scan using sbtest6_pkey on sbtest6  (cost=0.43..8.45 rows=1 width=490)
	        Index Cond: (id = 1706054)

table 7 : explain UPDATE sbtest7 SET c='foobar' WHERE id=7493736
	Update on sbtest7  (cost=0.43..8.45 rows=0 width=0)
	  ->  Index Scan using sbtest7_pkey on sbtest7  (cost=0.43..8.45 rows=1 width=490)
	        Index Cond: (id = 7493736)

table 8 : explain UPDATE sbtest8 SET c='foobar' WHERE id=8806321
	Update on sbtest8  (cost=0.43..8.45 rows=0 width=0)
	  ->  Index Scan using sbtest8_pkey on sbtest8  (cost=0.43..8.45 rows=1 width=490)
	        Index Cond: (id = 8806321)

explain: for non_index_updates :: explain UPDATE sbtest%u SET c='foobar' WHERE id=%u
for deletes
table 1 : explain DELETE FROM sbtest1 WHERE id=8945655
	Delete on sbtest1  (cost=0.43..8.45 rows=0 width=0)
	  ->  Index Scan using sbtest1_pkey on sbtest1  (cost=0.43..8.45 rows=1 width=6)
	        Index Cond: (id = 8945655)

table 2 : explain DELETE FROM sbtest2 WHERE id=7593711
	Delete on sbtest2  (cost=0.43..8.45 rows=0 width=0)
	  ->  Index Scan using sbtest2_pkey on sbtest2  (cost=0.43..8.45 rows=1 width=6)
	        Index Cond: (id = 7593711)

table 3 : explain DELETE FROM sbtest3 WHERE id=4193322
	Delete on sbtest3  (cost=0.43..8.45 rows=0 width=0)
	  ->  Index Scan using sbtest3_pkey on sbtest3  (cost=0.43..8.45 rows=1 width=6)
	        Index Cond: (id = 4193322)

table 4 : explain DELETE FROM sbtest4 WHERE id=9028065
	Delete on sbtest4  (cost=0.43..8.45 rows=0 width=0)
	  ->  Index Scan using sbtest4_pkey on sbtest4  (cost=0.43..8.45 rows=1 width=6)
	        Index Cond: (id = 9028065)

table 5 : explain DELETE FROM sbtest5 WHERE id=1947102
	Delete on sbtest5  (cost=0.43..8.45 rows=0 width=0)
	  ->  Index Scan using sbtest5_pkey on sbtest5  (cost=0.43..8.45 rows=1 width=6)
	        Index Cond: (id = 1947102)

table 6 : explain DELETE FROM sbtest6 WHERE id=3742800
	Delete on sbtest6  (cost=0.43..8.45 rows=0 width=0)
	  ->  Index Scan using sbtest6_pkey on sbtest6  (cost=0.43..8.45 rows=1 width=6)
	        Index Cond: (id = 3742800)

table 7 : explain DELETE FROM sbtest7 WHERE id=6056680
	Delete on sbtest7  (cost=0.43..8.45 rows=0 width=0)
	  ->  Index Scan using sbtest7_pkey on sbtest7  (cost=0.43..8.45 rows=1 width=6)
	        Index Cond: (id = 6056680)

table 8 : explain DELETE FROM sbtest8 WHERE id=895701
	Delete on sbtest8  (cost=0.43..8.45 rows=0 width=0)
	  ->  Index Scan using sbtest8_pkey on sbtest8  (cost=0.43..8.45 rows=1 width=6)
	        Index Cond: (id = 895701)

explain: for deletes :: explain DELETE FROM sbtest%u WHERE id=%u
for non_index_updates
table 1 : explain UPDATE sbtest1 SET c='foobar' WHERE id=8640530
	Update on sbtest1  (cost=0.43..8.45 rows=0 width=0)
	  ->  Index Scan using sbtest1_pkey on sbtest1  (cost=0.43..8.45 rows=1 width=490)
	        Index Cond: (id = 8640530)

table 2 : explain UPDATE sbtest2 SET c='foobar' WHERE id=1123026
	Update on sbtest2  (cost=0.43..8.45 rows=0 width=0)
	  ->  Index Scan using sbtest2_pkey on sbtest2  (cost=0.43..8.45 rows=1 width=490)
	        Index Cond: (id = 1123026)

table 3 : explain UPDATE sbtest3 SET c='foobar' WHERE id=3919883
	Update on sbtest3  (cost=0.43..8.45 rows=0 width=0)
	  ->  Index Scan using sbtest3_pkey on sbtest3  (cost=0.43..8.45 rows=1 width=490)
	        Index Cond: (id = 3919883)

table 4 : explain UPDATE sbtest4 SET c='foobar' WHERE id=5619159
	Update on sbtest4  (cost=0.43..8.45 rows=0 width=0)
	  ->  Index Scan using sbtest4_pkey on sbtest4  (cost=0.43..8.45 rows=1 width=490)
	        Index Cond: (id = 5619159)

table 5 : explain UPDATE sbtest5 SET c='foobar' WHERE id=8529599
	Update on sbtest5  (cost=0.43..8.45 rows=0 width=0)
	  ->  Index Scan using sbtest5_pkey on sbtest5  (cost=0.43..8.45 rows=1 width=490)
	        Index Cond: (id = 8529599)

table 6 : explain UPDATE sbtest6 SET c='foobar' WHERE id=6098648
	Update on sbtest6  (cost=0.43..8.45 rows=0 width=0)
	  ->  Index Scan using sbtest6_pkey on sbtest6  (cost=0.43..8.45 rows=1 width=490)
	        Index Cond: (id = 6098648)

table 7 : explain UPDATE sbtest7 SET c='foobar' WHERE id=8133389
	Update on sbtest7  (cost=0.43..8.45 rows=0 width=0)
	  ->  Index Scan using sbtest7_pkey on sbtest7  (cost=0.43..8.45 rows=1 width=490)
	        Index Cond: (id = 8133389)

table 8 : explain UPDATE sbtest8 SET c='foobar' WHERE id=2581139
	Update on sbtest8  (cost=0.43..8.45 rows=0 width=0)
	  ->  Index Scan using sbtest8_pkey on sbtest8  (cost=0.43..8.45 rows=1 width=490)
	        Index Cond: (id = 2581139)

explain: for deletes :: explain DELETE FROM sbtest%u WHERE id=%u
explain: for inserts :: explain INSERT INTO sbtest%u (id, k, c, pad) VALUES (%u, 13, 'foobar', 'foobar')
for deletes
table 1 : explain DELETE FROM sbtest1 WHERE id=3573080
	Delete on sbtest1  (cost=0.43..8.45 rows=0 width=0)
	  ->  Index Scan using sbtest1_pkey on sbtest1  (cost=0.43..8.45 rows=1 width=6)
	        Index Cond: (id = 3573080)

table 2 : explain DELETE FROM sbtest2 WHERE id=4611269
	Delete on sbtest2  (cost=0.43..8.45 rows=0 width=0)
	  ->  Index Scan using sbtest2_pkey on sbtest2  (cost=0.43..8.45 rows=1 width=6)
	        Index Cond: (id = 4611269)

table 3 : explain DELETE FROM sbtest3 WHERE id=4815085
	Delete on sbtest3  (cost=0.43..8.45 rows=0 width=0)
	  ->  Index Scan using sbtest3_pkey on sbtest3  (cost=0.43..8.45 rows=1 width=6)
	        Index Cond: (id = 4815085)

table 4 : explain DELETE FROM sbtest4 WHERE id=2732011
	Delete on sbtest4  (cost=0.43..8.45 rows=0 width=0)
	  ->  Index Scan using sbtest4_pkey on sbtest4  (cost=0.43..8.45 rows=1 width=6)
	        Index Cond: (id = 2732011)

table 5 : explain DELETE FROM sbtest5 WHERE id=2559707
	Delete on sbtest5  (cost=0.43..8.45 rows=0 width=0)
	  ->  Index Scan using sbtest5_pkey on sbtest5  (cost=0.43..8.45 rows=1 width=6)
	        Index Cond: (id = 2559707)

table 6 : explain DELETE FROM sbtest6 WHERE id=5905800
	Delete on sbtest6  (cost=0.43..8.45 rows=0 width=0)
	  ->  Index Scan using sbtest6_pkey on sbtest6  (cost=0.43..8.45 rows=1 width=6)
	        Index Cond: (id = 5905800)

table 7 : explain DELETE FROM sbtest7 WHERE id=7088535
	Delete on sbtest7  (cost=0.43..8.45 rows=0 width=0)
	  ->  Index Scan using sbtest7_pkey on sbtest7  (cost=0.43..8.45 rows=1 width=6)
	        Index Cond: (id = 7088535)

table 8 : explain DELETE FROM sbtest8 WHERE id=5241164
	Delete on sbtest8  (cost=0.43..8.45 rows=0 width=0)
	  ->  Index Scan using sbtest8_pkey on sbtest8  (cost=0.43..8.45 rows=1 width=6)
	        Index Cond: (id = 5241164)

for deletes
table 1 : explain DELETE FROM sbtest1 WHERE id=4477774
	Delete on sbtest1  (cost=0.43..8.45 rows=0 width=0)
	  ->  Index Scan using sbtest1_pkey on sbtest1  (cost=0.43..8.45 rows=1 width=6)
	        Index Cond: (id = 4477774)

table 2 : explain DELETE FROM sbtest2 WHERE id=2073697
	Delete on sbtest2  (cost=0.43..8.45 rows=0 width=0)
	  ->  Index Scan using sbtest2_pkey on sbtest2  (cost=0.43..8.45 rows=1 width=6)
	        Index Cond: (id = 2073697)

table 3 : explain DELETE FROM sbtest3 WHERE id=9137729
	Delete on sbtest3  (cost=0.43..8.45 rows=0 width=0)
	  ->  Index Scan using sbtest3_pkey on sbtest3  (cost=0.43..8.45 rows=1 width=6)
	        Index Cond: (id = 9137729)

table 4 : explain DELETE FROM sbtest4 WHERE id=593598
	Delete on sbtest4  (cost=0.43..8.45 rows=0 width=0)
	  ->  Index Scan using sbtest4_pkey on sbtest4  (cost=0.43..8.45 rows=1 width=6)
	        Index Cond: (id = 593598)

table 5 : explain DELETE FROM sbtest5 WHERE id=3509144
	Delete on sbtest5  (cost=0.43..8.45 rows=0 width=0)
	  ->  Index Scan using sbtest5_pkey on sbtest5  (cost=0.43..8.45 rows=1 width=6)
	        Index Cond: (id = 3509144)

table 6 : explain DELETE FROM sbtest6 WHERE id=9206876
	Delete on sbtest6  (cost=0.43..8.45 rows=0 width=0)
	  ->  Index Scan using sbtest6_pkey on sbtest6  (cost=0.43..8.45 rows=1 width=6)
	        Index Cond: (id = 9206876)

table 7 : explain DELETE FROM sbtest7 WHERE id=9650630
	Delete on sbtest7  (cost=0.43..8.45 rows=0 width=0)
	  ->  Index Scan using sbtest7_pkey on sbtest7  (cost=0.43..8.45 rows=1 width=6)
	        Index Cond: (id = 9650630)

table 8 : explain DELETE FROM sbtest8 WHERE id=8736512
	Delete on sbtest8  (cost=0.43..8.45 rows=0 width=0)
	  ->  Index Scan using sbtest8_pkey on sbtest8  (cost=0.43..8.45 rows=1 width=6)
	        Index Cond: (id = 8736512)

explain: for inserts :: explain INSERT INTO sbtest%u (id, k, c, pad) VALUES (%u, 13, 'foobar', 'foobar')
for inserts
table 1 : explain INSERT INTO sbtest1 (id, k, c, pad) VALUES (3098938, 13, 'foobar', 'foobar')
	Insert on sbtest1  (cost=0.00..0.01 rows=0 width=0)
	  ->  Result  (cost=0.00..0.01 rows=1 width=736)

table 2 : explain INSERT INTO sbtest2 (id, k, c, pad) VALUES (7045220, 13, 'foobar', 'foobar')
	Insert on sbtest2  (cost=0.00..0.01 rows=0 width=0)
	  ->  Result  (cost=0.00..0.01 rows=1 width=736)

table 3 : explain INSERT INTO sbtest3 (id, k, c, pad) VALUES (3529443, 13, 'foobar', 'foobar')
	Insert on sbtest3  (cost=0.00..0.01 rows=0 width=0)
	  ->  Result  (cost=0.00..0.01 rows=1 width=736)

table 4 : explain INSERT INTO sbtest4 (id, k, c, pad) VALUES (8469217, 13, 'foobar', 'foobar')
	Insert on sbtest4  (cost=0.00..0.01 rows=0 width=0)
	  ->  Result  (cost=0.00..0.01 rows=1 width=736)

table 5 : explain INSERT INTO sbtest5 (id, k, c, pad) VALUES (3183610, 13, 'foobar', 'foobar')
	Insert on sbtest5  (cost=0.00..0.01 rows=0 width=0)
	  ->  Result  (cost=0.00..0.01 rows=1 width=736)

table 6 : explain INSERT INTO sbtest6 (id, k, c, pad) VALUES (2328589, 13, 'foobar', 'foobar')
	Insert on sbtest6  (cost=0.00..0.01 rows=0 width=0)
	  ->  Result  (cost=0.00..0.01 rows=1 width=736)

table 7 : explain INSERT INTO sbtest7 (id, k, c, pad) VALUES (774629, 13, 'foobar', 'foobar')
	Insert on sbtest7  (cost=0.00..0.01 rows=0 width=0)
	  ->  Result  (cost=0.00..0.01 rows=1 width=736)

table 8 : explain INSERT INTO sbtest8 (id, k, c, pad) VALUES (1293991, 13, 'foobar', 'foobar')
	Insert on sbtest8  (cost=0.00..0.01 rows=0 width=0)
	  ->  Result  (cost=0.00..0.01 rows=1 width=736)

explain: for inserts :: explain INSERT INTO sbtest%u (id, k, c, pad) VALUES (%u, 13, 'foobar', 'foobar')
for inserts
table 1 : explain INSERT INTO sbtest1 (id, k, c, pad) VALUES (3501558, 13, 'foobar', 'foobar')
	Insert on sbtest1  (cost=0.00..0.01 rows=0 width=0)
	  ->  Result  (cost=0.00..0.01 rows=1 width=736)

table 2 : explain INSERT INTO sbtest2 (id, k, c, pad) VALUES (3725659, 13, 'foobar', 'foobar')
	Insert on sbtest2  (cost=0.00..0.01 rows=0 width=0)
	  ->  Result  (cost=0.00..0.01 rows=1 width=736)

table 3 : explain INSERT INTO sbtest3 (id, k, c, pad) VALUES (6163789, 13, 'foobar', 'foobar')
	Insert on sbtest3  (cost=0.00..0.01 rows=0 width=0)
	  ->  Result  (cost=0.00..0.01 rows=1 width=736)

table 4 : explain INSERT INTO sbtest4 (id, k, c, pad) VALUES (7922419, 13, 'foobar', 'foobar')
	Insert on sbtest4  (cost=0.00..0.01 rows=0 width=0)
	  ->  Result  (cost=0.00..0.01 rows=1 width=736)

table 5 : explain INSERT INTO sbtest5 (id, k, c, pad) VALUES (7767600, 13, 'foobar', 'foobar')
	Insert on sbtest5  (cost=0.00..0.01 rows=0 width=0)
	  ->  Result  (cost=0.00..0.01 rows=1 width=736)

table 6 : explain INSERT INTO sbtest6 (id, k, c, pad) VALUES (6936457, 13, 'foobar', 'foobar')
	Insert on sbtest6  (cost=0.00..0.01 rows=0 width=0)
	  ->  Result  (cost=0.00..0.01 rows=1 width=736)

table 7 : explain INSERT INTO sbtest7 (id, k, c, pad) VALUES (5390056, 13, 'foobar', 'foobar')
	Insert on sbtest7  (cost=0.00..0.01 rows=0 width=0)
	  ->  Result  (cost=0.00..0.01 rows=1 width=736)

table 8 : explain INSERT INTO sbtest8 (id, k, c, pad) VALUES (2566098, 13, 'foobar', 'foobar')
	Insert on sbtest8  (cost=0.00..0.01 rows=0 width=0)
	  ->  Result  (cost=0.00..0.01 rows=1 width=736)

for inserts
table 1 : explain INSERT INTO sbtest1 (id, k, c, pad) VALUES (166105, 13, 'foobar', 'foobar')
	Insert on sbtest1  (cost=0.00..0.01 rows=0 width=0)
	  ->  Result  (cost=0.00..0.01 rows=1 width=736)

table 2 : explain INSERT INTO sbtest2 (id, k, c, pad) VALUES (6014917, 13, 'foobar', 'foobar')
	Insert on sbtest2  (cost=0.00..0.01 rows=0 width=0)
	  ->  Result  (cost=0.00..0.01 rows=1 width=736)

table 3 : explain INSERT INTO sbtest3 (id, k, c, pad) VALUES (1830943, 13, 'foobar', 'foobar')
	Insert on sbtest3  (cost=0.00..0.01 rows=0 width=0)
	  ->  Result  (cost=0.00..0.01 rows=1 width=736)

table 4 : explain INSERT INTO sbtest4 (id, k, c, pad) VALUES (2992785, 13, 'foobar', 'foobar')
	Insert on sbtest4  (cost=0.00..0.01 rows=0 width=0)
	  ->  Result  (cost=0.00..0.01 rows=1 width=736)

table 5 : explain INSERT INTO sbtest5 (id, k, c, pad) VALUES (6644121, 13, 'foobar', 'foobar')
	Insert on sbtest5  (cost=0.00..0.01 rows=0 width=0)
	  ->  Result  (cost=0.00..0.01 rows=1 width=736)

table 6 : explain INSERT INTO sbtest6 (id, k, c, pad) VALUES (1461568, 13, 'foobar', 'foobar')
	Insert on sbtest6  (cost=0.00..0.01 rows=0 width=0)
	  ->  Result  (cost=0.00..0.01 rows=1 width=736)

table 7 : explain INSERT INTO sbtest7 (id, k, c, pad) VALUES (2766401, 13, 'foobar', 'foobar')
	Insert on sbtest7  (cost=0.00..0.01 rows=0 width=0)
	  ->  Result  (cost=0.00..0.01 rows=1 width=736)

table 8 : explain INSERT INTO sbtest8 (id, k, c, pad) VALUES (1070215, 13, 'foobar', 'foobar')
	Insert on sbtest8  (cost=0.00..0.01 rows=0 width=0)
	  ->  Result  (cost=0.00..0.01 rows=1 width=736)

Threads started!

Warming up for 5 seconds...

SQL statistics:
    queries performed:
        read:                            317316728
        write:                           90662032
        other:                           45330980
        total:                           453309740
    transactions:                        22665509 (24371.28 per sec.)
    queries:                             453309740 (487425.18 per sec.)
    ignored errors:                      1      (0.00 per sec.)
    reconnects:                          0      (0.00 per sec.)

Throughput:
    events/s (eps):                      24371.2825
    time elapsed:                        930.0090s
    total number of events:              22665509

Latency (ms):
         min:                                    1.31
         avg:                                    1.64
         max:                                   90.46
         95th percentile:                        1.82
         sum:                             37175782.33

Threads fairness:
    events (avg/stddev):           566637.4500/2441.40
    execution time (avg/stddev):   929.3946/0.01

